TRXV5
3
4
4
9
string Extension=J
integer IsArchMeasurement=1
integer IsSpherical=1
string Generator=SPM
string GeneratorVersion=1.3.1 Dev
double ArchRadius=0.449999988079071
integer FrequencyAxisIndex=0
integer AzimuthAxisIndex=1
integer ElevationAxisIndex=2
Frequency
5 136 690000000 960000000 LIN
Azimuth
7 8 0 2.74889357189107 LIN
Elevation
7 15 -2.74889357189107 2.74889357189107 LIN
Polar H Real Part
13
Polar H Imaginary Part
14
Polar V Real Part
13
Polar V Imaginary Part
14
Polar H Magnitude (dB)
12 0xC0000002 0 1
Polar H Phase
7 0xC0000003 0 1
Polar V Magnitude (dB)
12 0xC0000002 2 3
Polar V Phase
7 0xC0000003 2 3
-0.000305175781250004 0.0848541259765625 0.116195678710938 -0.0240936279296875
0.0696258544921875 0.0475425720214844 0.0698661804199219 0.0219383239746094
0.0592918395996094 -0.0264358520507813 0.079864501953125 0.0305862426757812
0.0206489562988281 -0.0490951538085938 0.116096496582031 0.000320434570312497
-0.00750350952148437 -0.0456008911132812 0.114082336425781 -0.04901123046875
-0.0344429016113281 -0.0431747436523438 0.0839309692382813 -0.0930404663085938
-0.0357170104980469 -0.0334739685058594 0.0581512451171875 -0.0914154052734375
-0.0270156860351563 -0.0352363586425781 0.04058837890625 -0.0606422424316406
-0.0188484191894531 -0.05413818359375 0.0228939056396484 -0.0233173370361328
0.0194625854492187 -0.0501861572265625 -0.00660562515258789 -0.00607013702392579
0.0511283874511719 -0.0205039978027344 -0.0500679016113281 -0.02911376953125
0.0522193908691406 0.0144081115722656 -0.0478591918945313 -0.0860977172851563
0.02069091796875 0.0585594177246094 0.0258331298828125 -0.156402587890625
-0.0196456909179688 0.0783920288085938 0.0765228271484375 -0.150238037109375
-0.0539283752441406 0.0699539184570313 0.0442581176757813 -0.0957183837890625
-0.031951904296875 0.106842041015625 0.110862731933594 0.01153564453125
0.0493240356445313 0.0858383178710938 0.0670127868652344 0.05523681640625
0.0649070739746094 0.0101318359375 0.0850601196289063 0.05755615234375
0.0447158813476563 -0.0247650146484375 0.126792907714844 0.0247650146484375
0.0232315063476563 -0.03826904296875 0.127899169921875 -0.0289459228515625
0.000408172607421875 -0.0548591613769531 0.102531433105469 -0.0803985595703125
-0.00787734985351562 -0.0518989562988281 0.0720672607421875 -0.07867431640625
-0.00170135498046875 -0.0490036010742188 0.0491752624511719 -0.0459785461425781
0.0102653503417969 -0.0646705627441406 0.0257892608642578 -0.00443458557128907
0.0467605590820312 -0.0509147644042969 -0.00989437103271484 0.0154876708984375
0.0720138549804688 -0.00791168212890625 -0.0620193481445312 -0.00650787353515626
0.0669212341308594 0.0361862182617188 -0.0698204040527344 -0.0651435852050781
0.0178680419921875 0.0851821899414062 -0.010101318359375 -0.144821166992187
-0.0376815795898437 0.102554321289063 0.0390777587890625 -0.132484436035156
-0.0776901245117187 0.0909347534179688 0.0114898681640625 -0.0723114013671875
-0.0642013549804687 0.111564636230469 0.0882415771484375 0.0530166625976563
0.0137176513671875 0.114089965820312 0.0496597290039063 0.09722900390625
0.0564155578613281 0.0522041320800781 0.083831787109375 0.093017578125
0.0631637573242188 0.0124130249023438 0.131912231445313 0.0552978515625
0.054229736328125 -0.0191307067871094 0.134757995605469 -0.00301361083984375
0.0399322509765625 -0.0550994873046875 0.113792419433594 -0.0589752197265625
0.023651123046875 -0.0623817443847656 0.0763626098632813 -0.057952880859375
0.0241355895996094 -0.0539283752441406 0.0485458374023438 -0.0247535705566406
0.0347328186035156 -0.0665359497070313 0.0228157043457031 0.0183429718017578
0.0642929077148438 -0.0487213134765625 -0.0162887573242187 0.0391349792480469
0.0818252563476563 -0.00359344482421875 -0.0718994140625 0.0203475952148437
0.0751571655273438 0.0421142578125 -0.0902099609375 -0.0371856689453125
0.02557373046875 0.0938873291015625 -0.0476226806640625 -0.120498657226563
-0.037200927734375 0.11376953125 -0.00182342529296875 -0.101753234863281
-0.0849685668945313 0.101547241210937 -0.0262565612792969 -0.041473388671875
-0.0874176025390625 0.09771728515625 0.0494613647460937 0.0926132202148438
-0.027557373046875 0.121337890625 0.0153579711914062 0.139762878417969
0.03240966796875 0.0872116088867187 0.0698928833007813 0.130271911621094
0.0667572021484375 0.05291748046875 0.123176574707031 0.0868301391601563
0.0752487182617188 0.00830078125 0.127342224121094 0.0233917236328125
0.073944091796875 -0.0422439575195313 0.110336303710938 -0.032318115234375
0.0517082214355469 -0.0620231628417969 0.0687522888183594 -0.0308723449707031
0.0446281433105469 -0.0511856079101563 0.0389671325683594 9.53674316406219E-05
0.0527267456054687 -0.0607452392578125 0.0143966674804688 0.0416069030761719
0.0731277465820313 -0.0431060791015625 -0.0224571228027344 0.0620155334472656
0.0814590454101563 -0.000732421875 -0.075225830078125 0.0474624633789063
0.0742263793945312 0.0406417846679687 -0.0993499755859375 -0.00649261474609374
0.0308380126953125 0.0885391235351563 -0.07147216796875 -0.0863494873046875
-0.0307159423828125 0.109107971191406 -0.0309028625488281 -0.0612335205078125
-0.0823516845703125 0.09674072265625 -0.05908203125 -0.00490951538085937
-0.0922393798828125 0.0660324096679688 0.00295257568359374 0.120506286621094
-0.0590438842773437 0.102149963378906 -0.02960205078125 0.169586181640625
0.000297546386718751 0.09832763671875 0.0423736572265625 0.159088134765625
0.049591064453125 0.0798263549804688 0.100845336914062 0.110298156738281
0.0763778686523438 0.035980224609375 0.105758666992188 0.0431365966796875
0.0905990600585937 -0.0194549560546875 0.0916213989257813 -0.0066986083984375
0.0705642700195313 -0.0489425659179687 0.049896240234375 -0.00358963012695313
0.0576324462890625 -0.0417137145996094 0.0232753753662109 0.0246906280517578
0.0634880065917969 -0.0480995178222656 0.00323867797851563 0.0625648498535156
0.0763397216796875 -0.0313873291015625 -0.0300674438476562 0.0801773071289063
0.074859619140625 0.0062103271484375 -0.075439453125 0.0664520263671875
0.0638275146484375 0.040283203125 -0.0972747802734375 0.0167388916015625
0.0240631103515625 0.0772323608398438 -0.0795211791992188 -0.0524444580078125
-0.0305023193359375 0.088958740234375 -0.0458564758300781 -0.020843505859375
-0.0773468017578125 0.0746307373046875 -0.0853805541992188 0.028350830078125
-0.0730438232421875 0.0258560180664063 -0.0378494262695312 0.133811950683594
-0.0667076110839844 0.0610733032226563 -0.0712890625 0.181503295898438
-0.025360107421875 0.077880859375 0.011962890625 0.171157836914063
0.0196456909179688 0.0803985595703125 0.071929931640625 0.118743896484375
0.05499267578125 0.0511398315429688 0.0784225463867187 0.050750732421875
0.0843124389648438 0.00608062744140625 0.0636863708496094 0.0112495422363281
0.074462890625 -0.02630615234375 0.0247173309326172 0.0190391540527344
0.0605049133300781 -0.0252571105957031 0.00285720825195313 0.0461540222167969
0.0667343139648438 -0.030609130859375 -0.0109329223632812 0.0793304443359375
0.0738601684570313 -0.0134048461914063 -0.0396194458007813 0.0916290283203125
0.0659446716308594 0.0178184509277344 -0.0756912231445312 0.0756149291992188
0.0469474792480469 0.0463829040527344 -0.0926055908203125 0.0281524658203125
0.00410461425781251 0.0670013427734375 -0.076904296875 -0.02825927734375
-0.0402336120605469 0.06048583984375 -0.0515785217285156 0.00782012939453126
-0.0731964111328125 0.03729248046875 -0.105270385742188 0.0507278442382812
-0.0370140075683594 -0.0155105590820313 -0.0619583129882813 0.132904052734375
-0.048858642578125 0.0109939575195313 -0.096160888671875 0.176559448242187
-0.0328483581542969 0.0353164672851563 -0.0102081298828125 0.168991088867187
-0.0108375549316406 0.0531692504882812 0.0490646362304687 0.113716125488281
0.0204925537109375 0.0488662719726563 0.0545120239257813 0.0461845397949219
0.0573959350585937 0.0280075073242187 0.03460693359375 0.017791748046875
0.064605712890625 -0.000152587890625 -0.000617980957031245 0.0318984985351563
0.0542068481445312 -0.00548553466796875 -0.0173301696777344 0.0608711242675781
0.0621109008789062 -0.0103263854980469 -0.0287628173828125 0.0900344848632813
0.0666770935058594 0.00581741333007813 -0.054443359375 0.0963821411132813
0.0532379150390625 0.0316696166992188 -0.0812606811523437 0.0753936767578125
0.0288200378417969 0.0545730590820313 -0.0907211303710938 0.0286178588867187
-0.0210838317871094 0.0578842163085938 -0.07440185546875 -0.017822265625
-0.0553627014160156 0.0276031494140625 -0.0579032897949219 0.0190658569335937
-0.0669593811035156 -0.00772094726562499 -0.120765686035156 0.05718994140625
0.00567626953125 -0.0523490905761719 -0.06353759765625 0.120903015136719
-0.0158233642578125 -0.035491943359375 -0.0964202880859375 0.16387939453125
-0.0248928070068359 -0.0135135650634766 -0.0129852294921875 0.160247802734375
-0.0328426361083984 0.0114002227783203 0.0428619384765625 0.101951599121094
-0.0159091949462891 0.0322380065917969 0.0442123413085938 0.0334587097167969
0.0194511413574219 0.0416603088378906 0.0134906768798828 0.0127315521240234
0.0426177978515625 0.0269050598144531 -0.0217800140380859 0.0335979461669922
0.039764404296875 0.0151596069335938 -0.0359992980957031 0.0670623779296875
0.0485916137695313 0.01104736328125 -0.0474166870117188 0.0950927734375
0.0507392883300781 0.0244674682617188 -0.0730743408203125 0.0950546264648438
0.0357475280761719 0.0417861938476563 -0.0947952270507812 0.0686874389648438
0.00798034667968749 0.0573997497558594 -0.0960845947265625 0.0211410522460938
-0.0439682006835937 0.0442695617675781 -0.0767364501953125 -0.0201492309570312
-0.0645942687988281 -0.00742340087890624 -0.0674591064453125 0.0146560668945313
-0.0551261901855469 -0.0532951354980469 -0.132865905761719 0.0472412109375
0.016357421875 0.0956954956054688 0.133369445800781 -0.0352706909179687
0.0883102416992188 0.0410614013671875 0.08349609375 0.0131454467773438
0.0629158020019531 -0.0413856506347656 0.0867691040039062 0.0221633911132812
0.0139350891113281 -0.0607795715332031 0.120796203613281 -0.00992584228515625
-0.019012451171875 -0.0509986877441406 0.117225646972656 -0.06121826171875
-0.0495185852050781 -0.0419883728027344 0.0818328857421875 -0.104827880859375
-0.048095703125 -0.0301437377929688 0.0574951171875 -0.103431701660156
-0.0389060974121094 -0.0338363647460938 0.0437583923339844 -0.0696868896484375
-0.0344581604003906 -0.0569343566894531 0.0297088623046875 -0.0273151397705078
0.00943374633789063 -0.0620002746582031 -0.000417947769165039 -0.00267624855041504
0.0536155700683594 -0.0350379943847656 -0.05242919921875 -0.019561767578125
0.0632896423339844 0.00577545166015625 -0.05950927734375 -0.0813064575195313
0.0361289978027344 0.0650215148925781 0.00906372070312501 -0.168380737304688
-0.00732421875 0.096466064453125 0.07049560546875 -0.170318603515625
-0.0485076904296875 0.0924606323242188 0.0467605590820313 -0.105552673339844
-0.0205612182617187 0.120338439941406 0.131965637207031 0.00466156005859376
0.0663299560546875 0.0846328735351563 0.0853805541992188 0.0494384765625
0.0705642700195313 -0.00087738037109375 0.0968093872070313 0.0502243041992188
0.0421295166015625 -0.0341606140136719 0.136795043945313 0.0151443481445312
0.0163459777832031 -0.0447616577148438 0.136146545410156 -0.0415802001953125
-0.0111579895019531 -0.0577011108398437 0.105766296386719 -0.0948028564453125
-0.017486572265625 -0.0528564453125 0.0755462646484375 -0.0926513671875
-0.00986862182617188 -0.0500984191894531 0.0558090209960937 -0.0556793212890625
-0.0010223388671875 -0.0702972412109375 0.0369796752929688 -0.00839614868164063
0.041748046875 -0.0617904663085938 0.000690460205078126 0.020263671875
0.0774154663085938 -0.0203933715820313 -0.060516357421875 0.00622558593750001
0.0790023803710938 0.03033447265625 -0.080230712890625 -0.054931640625
0.0318603515625 0.0936126708984375 -0.0279998779296875 -0.149871826171875
-0.029144287109375 0.123283386230469 0.0320587158203125 -0.144683837890625
-0.0758209228515625 0.11505126953125 0.013397216796875 -0.0740203857421875
-0.0597305297851562 0.12725830078125 0.1126708984375 0.0540924072265625
0.0260009765625 0.119674682617188 0.0718536376953125 0.0987167358398438
0.0628433227539063 0.0486488342285156 0.100387573242188 0.0884857177734375
0.0653266906738281 0.006805419921875 0.146240234375 0.0464324951171875
0.0532951354980469 -0.0254058837890625 0.146713256835938 -0.0151824951171875
0.0338592529296875 -0.0616874694824219 0.120620727539063 -0.07452392578125
0.0177497863769531 -0.0671653747558594 0.0830307006835938 -0.0719070434570313
0.0191497802734375 -0.0587806701660156 0.0578804016113281 -0.0345039367675781
0.0289840698242187 -0.074188232421875 0.0365562438964844 0.0154380798339844
0.0636749267578125 -0.0593032836914063 -0.00214385986328124 0.045379638671875
0.0882415771484375 -0.0124664306640625 -0.0673027038574219 0.0350837707519531
0.0875701904296875 0.03863525390625 -0.0966415405273438 -0.0224990844726562
0.0372695922851563 0.102775573730469 -0.0639190673828125 -0.118316650390625
-0.0325775146484375 0.133110046386719 -0.007965087890625 -0.105804443359375
-0.0870285034179687 0.123588562011719 -0.0244560241699219 -0.0352096557617187
-0.0916900634765625 0.111190795898438 0.073028564453125 0.102241516113281
-0.0235977172851563 0.131927490234375 0.039520263671875 0.149276733398438
0.0380401611328125 0.0907974243164063 0.0898666381835938 0.130317687988281
0.0732955932617187 0.05303955078125 0.14117431640625 0.081451416015625
0.0806045532226562 0.00537109375 0.141342163085938 0.012969970703125
0.0750198364257813 -0.0504150390625 0.119827270507813 -0.0463638305664063
0.0521240234375 -0.069580078125 0.077423095703125 -0.0425186157226563
0.0449295043945313 -0.0576362609863281 0.0496673583984375 -0.00699234008789063
0.0531082153320312 -0.0687255859375 0.0297279357910156 0.0406227111816406
0.0770111083984375 -0.05145263671875 -0.00643539428710937 0.068450927734375
0.0891036987304688 -0.00568389892578125 -0.0671272277832031 0.0624771118164063
0.085205078125 0.0402145385742188 -0.101638793945313 0.0101699829101562
0.0392379760742188 0.0968704223632813 -0.0845184326171875 -0.0786972045898438
-0.0295181274414062 0.124748229980469 -0.0345344543457031 -0.0580902099609375
-0.0881805419921875 0.115585327148437 -0.0578384399414063 0.00724792480468751
-0.103401184082031 0.0748214721679688 0.02239990234375 0.137489318847656
-0.0637054443359375 0.113945007324219 -0.00820922851562499 0.188568115234375
0.00150299072265625 0.107521057128906 0.0645599365234375 0.165023803710938
0.056488037109375 0.087249755859375 0.120193481445313 0.10833740234375
0.085479736328125 0.0368576049804688 0.120223999023438 0.0353240966796875
0.0987625122070313 -0.0262603759765625 0.102073669433594 -0.0177078247070313
0.0765533447265625 -0.0582275390625 0.0579185485839844 -0.011474609375
0.0632743835449219 -0.0491180419921875 0.0330715179443359 0.0206413269042969
0.0697784423828125 -0.0566673278808594 0.0176620483398438 0.0628700256347656
0.084442138671875 -0.0377883911132813 -0.0141830444335937 0.0862503051757813
0.0847396850585938 0.00457763671875 -0.0649337768554688 0.0799942016601563
0.0737838745117188 0.0446319580078125 -0.0960693359375 0.0323257446289062
0.0279388427734375 0.0865554809570313 -0.0867767333984375 -0.0411605834960937
-0.0340805053710938 0.101242065429688 -0.0466537475585938 -0.0123863220214844
-0.0873947143554688 0.087860107421875 -0.0858001708984375 0.0442886352539063
-0.0881195068359375 0.0269699096679688 -0.025634765625 0.155426025390625
-0.0794219970703125 0.067901611328125 -0.0551605224609375 0.205825805664063
-0.0296630859375 0.0884246826171875 0.03277587890625 0.181900024414063
0.0223846435546875 0.0926132202148438 0.0899429321289063 0.119194030761719
0.06494140625 0.057952880859375 0.0896759033203125 0.0453948974609375
0.0977401733398437 0.00347900390625 0.0707626342773438 0.004180908203125
0.0858917236328125 -0.0352783203125 0.0310821533203125 0.0148715972900391
0.0703353881835938 -0.032440185546875 0.0109291076660156 0.0465927124023438
0.0771484375 -0.03851318359375 0.000610351562500011 0.0819625854492188
0.08624267578125 -0.01947021484375 -0.0262603759765625 0.0987014770507813
0.0769729614257812 0.0186996459960937 -0.0665130615234375 0.0878829956054688
0.0573081970214844 0.0538444519042969 -0.0897369384765625 0.0420989990234375
0.00482177734375 0.0781631469726563 -0.0807418823242188 -0.017364501953125
-0.0494918823242187 0.0714340209960938 -0.0525321960449219 0.0188789367675781
-0.0885086059570312 0.0456466674804688 -0.108184814453125 0.0688552856445313
-0.0521659851074219 -0.0238990783691406 -0.05633544921875 0.154861450195313
-0.0652008056640625 0.00986862182617188 -0.0859832763671875 0.20281982421875
-0.0435523986816406 0.0421218872070313 0.00996398925781249 0.181640625
-0.0138664245605469 0.0667686462402344 0.064727783203125 0.114540100097656
0.0277862548828125 0.0596275329589844 0.0621109008789063 0.0413970947265625
0.07281494140625 0.030181884765625 0.0379219055175781 0.0135269165039063
0.0786895751953125 -0.00545501708984375 0.00186347961425782 0.0329990386962891
0.0671424865722656 -0.0113716125488281 -0.011871337890625 0.0655975341796875
0.075225830078125 -0.0168838500976563 -0.020294189453125 0.095977783203125
0.0819625854492187 0.00202178955078125 -0.0441970825195312 0.104850769042969
0.066741943359375 0.0342597961425781 -0.0756378173828125 0.0864486694335937
0.0390701293945313 0.0644950866699219 -0.0890731811523437 0.040771484375
-0.0228347778320312 0.0717391967773438 -0.0772781372070313 -0.0070037841796875
-0.0692481994628906 0.037750244140625 -0.0604896545410156 0.0317001342773438
-0.0860977172851563 -0.00548553466796874 -0.128273010253906 0.07470703125
-0.0053863525390625 -0.0685653686523438 -0.0630111694335937 0.138519287109375
-0.0313911437988281 -0.0450096130371094 -0.08953857421875 0.187362670898437
-0.0388031005859375 -0.0144271850585938 0.00413513183593749 0.17132568359375
-0.0420608520507813 0.0223655700683594 0.0564346313476563 0.100013732910156
-0.013641357421875 0.0458488464355469 0.0479850769042969 0.0269737243652344
0.0333786010742187 0.0485992431640625 0.0114984512329102 0.0103349685668945
0.0581512451171875 0.0248031616210938 -0.0242767333984375 0.0382003784179688
0.0530166625976563 0.0121040344238281 -0.0346527099609375 0.07550048828125
0.0624504089355469 0.00670242309570313 -0.0423507690429687 0.105125427246094
0.066741943359375 0.022979736328125 -0.0670318603515625 0.105003356933594
0.0494422912597656 0.0465278625488281 -0.09197998046875 0.080657958984375
0.0174674987792969 0.0689201354980469 -0.0972137451171875 0.032012939453125
-0.0477409362792969 0.0591888427734375 -0.081512451171875 -0.0104522705078125
-0.0811691284179688 -9.15527343750011E-05 -0.0741195678710937 0.0274734497070313
-0.0757522583007813 -0.0568771362304688 -0.145904541015625 0.0619964599609375
0.0349884033203125 0.0982437133789063 0.145233154296875 -0.0524139404296875
0.103050231933594 0.0272598266601563 0.0926666259765625 -0.001007080078125
0.0607414245605469 -0.0566139221191406 0.0888290405273438 0.01220703125
0.00351333618164063 -0.0688743591308594 0.120880126953125 -0.0196075439453125
-0.0309562683105469 -0.0510787963867188 0.115257263183594 -0.0715560913085938
-0.0631790161132813 -0.03515625 0.0772552490234375 -0.113258361816406
-0.0576553344726563 -0.0211830139160156 0.05389404296875 -0.113876342773438
-0.0492210388183594 -0.0275840759277344 0.043609619140625 -0.0787429809570313
-0.0499801635742188 -0.05224609375 0.0356330871582031 -0.0332679748535156
-0.00416183471679687 -0.0679244995117187 0.00835132598876953 -0.00335979461669922
0.0493354797363281 -0.0498619079589844 -0.049530029296875 -0.0101585388183594
0.0696258544921875 -0.007476806640625 -0.0665283203125 -0.0714111328125
0.0532760620117187 0.0644607543945313 -0.010009765625 -0.170272827148438
0.0108489990234375 0.108161926269531 0.05792236328125 -0.184616088867188
-0.033782958984375 0.10986328125 0.0467529296875 -0.1136474609375
-0.00543975830078125 0.127822875976563 0.1507568359375 -0.00845336914062499
0.08111572265625 0.0776214599609375 0.100341796875 0.036834716796875
0.0714035034179687 -0.0126113891601562 0.103424072265625 0.0391616821289063
0.0360603332519531 -0.0413932800292969 0.141006469726563 0.0039215087890625
0.00704574584960938 -0.0470695495605469 0.137588500976563 -0.0545120239257813
-0.0234451293945312 -0.0545425415039063 0.103538513183594 -0.107192993164063
-0.0261001586914063 -0.0495376586914062 0.0746383666992188 -0.106101989746094
-0.01824951171875 -0.0472412109375 0.0588035583496094 -0.0683403015136719
-0.0136871337890625 -0.0697822570800781 0.0470504760742188 -0.0165290832519531
0.032135009765625 -0.0697784423828125 0.0144710540771484 0.0200366973876953
0.0769882202148438 -0.0330657958984375 -0.0527267456054687 0.0169944763183594
0.0881271362304688 0.0196609497070313 -0.0827789306640625 -0.040740966796875
0.0482254028320313 0.0962448120117188 -0.0446624755859375 -0.145828247070313
-0.0136260986328125 0.138778686523438 0.022369384765625 -0.151824951171875
-0.0648651123046875 0.136192321777344 0.0167083740234375 -0.0759353637695312
-0.0517501831054687 0.138442993164063 0.136466979980469 0.046142578125
0.0378570556640625 0.119758605957031 0.0928268432617187 0.0900650024414063
0.0667457580566406 0.0421218872070313 0.1123046875 0.0782089233398438
0.0655364990234375 0.00131607055664062 0.154937744140625 0.03485107421875
0.0496902465820313 -0.0294723510742188 0.152679443359375 -0.0300445556640625
0.0260162353515625 -0.0638580322265625 0.1209716796875 -0.0896530151367188
0.0117721557617188 -0.0692100524902344 0.0848388671875 -0.0864028930664063
0.0146255493164063 -0.0602798461914063 0.0638008117675781 -0.0471649169921875
0.021392822265625 -0.0776519775390625 0.0488014221191406 0.0059661865234375
0.0593147277832031 -0.0671730041503906 0.0146141052246094 0.0443954467773437
0.0907974243164063 -0.0223770141601563 -0.0547904968261719 0.0459098815917969
0.0965957641601563 0.0313720703125 -0.0945816040039063 -0.00619506835937498
0.0501556396484375 0.106269836425781 -0.0766983032226562 -0.108802795410156
-0.0214080810546875 0.14874267578125 -0.01373291015625 -0.10595703125
-0.080902099609375 0.144683837890625 -0.0184612274169922 -0.0302448272705078
-0.0919036865234375 0.1234130859375 0.0986709594726563 0.102531433105469
-0.017608642578125 0.139961242675781 0.0639190673828125 0.147918701171875
0.043182373046875 0.0924072265625 0.106895446777344 0.122077941894531
0.0778656005859375 0.0517120361328125 0.1541748046875 0.0701904296875
0.0836181640625 0.00110626220703125 0.15008544921875 -0.0012969970703125
0.0734634399414063 -0.057159423828125 0.123489379882813 -0.062164306640625
0.0494155883789062 -0.0767059326171875 0.0812530517578125 -0.0559158325195313
0.0444679260253906 -0.0633583068847656 0.0571441650390625 -0.0184783935546875
0.0510025024414063 -0.075439453125 0.0428237915039063 0.031982421875
0.0773468017578125 -0.05963134765625 0.0107955932617187 0.0668296813964844
0.0953826904296875 -0.0124588012695313 -0.0521926879882812 0.0709304809570313
0.094635009765625 0.0373687744140625 -0.0954742431640625 0.0258255004882812
0.0485153198242188 0.101844787597656 -0.0905838012695313 -0.06610107421875
-0.0242080688476563 0.138229370117187 -0.0356025695800781 -0.0519371032714844
-0.088165283203125 0.134323120117188 -0.0511207580566406 0.017730712890625
-0.111640930175781 0.0855560302734375 0.0460205078125 0.145858764648438
-0.066375732421875 0.125129699707031 0.0184326171875 0.195068359375
0.00424957275390626 0.114799499511719 0.0850677490234375 0.160934448242188
0.0653457641601563 0.0925827026367188 0.135818481445313 0.0988998413085938
0.09466552734375 0.0359268188476562 0.129226684570313 0.0236282348632813
0.1046142578125 -0.0343170166015625 0.106590270996094 -0.0313873291015625
0.0783309936523438 -0.068695068359375 0.0635833740234375 -0.0211296081542969
0.0670585632324219 -0.057525634765625 0.0407257080078125 0.0128707885742187
0.0727767944335938 -0.0656509399414063 0.0301322937011719 0.0565261840820312
0.089935302734375 -0.04638671875 0.0029449462890625 0.0850753784179687
0.0941162109375 0.00110626220703125 -0.0499114990234375 0.0867462158203125
0.08331298828125 0.0453948974609375 -0.0871124267578125 0.046051025390625
0.0337295532226563 0.0942916870117188 -0.0874099731445313 -0.0292205810546875
-0.0351409912109375 0.114990234375 -0.0432624816894531 -0.00414276123046875
-0.0935211181640625 0.103927612304688 -0.0787353515625 0.058746337890625
-0.103385925292969 0.0315170288085938 -0.00645446777343751 0.169525146484375
-0.0905075073242188 0.0784988403320312 -0.0308380126953125 0.220046997070313
-0.0329055786132813 0.0995941162109375 0.0547332763671875 0.182266235351563
0.0302276611328125 0.103729248046875 0.104576110839844 0.111991882324219
0.0767593383789063 0.0609054565429688 0.0972213745117188 0.0360794067382813
0.109664916992188 -0.003387451171875 0.0755538940429688 -0.0049896240234375
0.0930557250976563 -0.0471343994140625 0.035125732421875 0.0100364685058594
0.0774307250976563 -0.0422592163085938 0.018646240234375 0.0425758361816406
0.0846328735351563 -0.049163818359375 0.0120697021484375 0.0788803100585937
0.0964584350585938 -0.028411865234375 -0.0117950439453125 0.09814453125
0.0891265869140625 0.0169830322265625 -0.0534210205078125 0.0927810668945313
0.0689468383789063 0.0588340759277344 -0.0806961059570313 0.0523834228515625
0.00838470458984376 0.0901947021484375 -0.0787353515625 -0.00623321533203123
-0.0559234619140625 0.0854263305664063 -0.046966552734375 0.0288429260253906
-0.100593566894531 0.0583648681640625 -0.103126525878906 0.0858001708984375
-0.069915771484375 -0.0271072387695313 -0.0443115234375 0.171859741210938
-0.082000732421875 0.0151519775390625 -0.066619873046875 0.22113037109375
-0.0525665283203125 0.0516281127929688 0.030029296875 0.184494018554688
-0.0115127563476562 0.0814285278320313 0.0775375366210938 0.108558654785156
0.0380935668945313 0.068389892578125 0.0660820007324219 0.0341644287109375
0.0887985229492188 0.0275344848632813 0.0393218994140625 0.00857925415039063
0.0902023315429688 -0.016510009765625 0.00355148315429688 0.0331668853759766
0.0766754150390625 -0.02081298828125 -0.00563430786132811 0.0669517517089844
0.085540771484375 -0.02783203125 -0.0105667114257812 0.0973892211914063
0.0944442749023437 -0.0071868896484375 -0.0329360961914063 0.106796264648438
0.080322265625 0.0331802368164063 -0.0653152465820313 0.092132568359375
0.0520858764648438 0.0706024169921875 -0.0823211669921875 0.0495376586914062
-0.0203933715820313 0.0865859985351563 -0.0741195678710938 0.00309753417968751
-0.08050537109375 0.0513992309570313 -0.0564155578613281 0.0435676574707031
-0.104385375976562 0.00444793701171875 -0.127967834472656 0.0928268432617188
-0.0239028930664063 -0.0790786743164062 -0.057159423828125 0.154098510742188
-0.0503807067871094 -0.0484199523925781 -0.0755767822265625 0.205337524414063
-0.0524406433105469 -0.00908660888671874 0.02386474609375 0.173904418945312
-0.0449333190917969 0.0368728637695313 0.0660018920898438 0.0932159423828125
-0.00658416748046875 0.05816650390625 0.0469818115234375 0.0200920104980469
0.04931640625 0.0503692626953125 0.00757789611816407 0.00865650177001953
0.0715713500976563 0.0157089233398438 -0.0258293151855469 0.0428848266601563
0.06402587890625 0.00411605834960938 -0.0308074951171875 0.081787109375
0.0736312866210938 -0.0028839111328125 -0.0353469848632813 0.110565185546875
0.0807723999023438 0.014923095703125 -0.0594635009765625 0.111091613769531
0.063018798828125 0.0452041625976563 -0.0850753784179687 0.0879364013671875
0.0301437377929688 0.0760421752929687 -0.0931777954101563 0.040802001953125
-0.045135498046875 0.0742568969726563 -0.0797195434570313 2.28881835937618E-05
-0.0947494506835937 0.0134963989257812 -0.074462890625 0.0412979125976563
-0.0971145629882812 -0.0505599975585937 -0.151840209960938 0.080078125
0.0513458251953125 0.0949554443359375 0.152908325195313 -0.0690460205078125
0.111160278320313 0.0118484497070313 0.0958328247070313 -0.015777587890625
0.0539207458496094 -0.0684585571289063 0.0866012573242188 0.0045928955078125
-0.00762939453125 -0.0724334716796875 0.118606567382812 -0.02545166015625
-0.0419769287109375 -0.0485343933105469 0.112129211425781 -0.0774307250976563
-0.0732192993164062 -0.0243682861328125 0.0735855102539063 -0.11834716796875
-0.0636863708496094 -0.0108108520507813 0.049835205078125 -0.120338439941406
-0.0547752380371094 -0.0185661315917969 0.042724609375 -0.0869674682617188
-0.0620155334472656 -0.0436058044433594 0.040008544921875 -0.0419502258300781
-0.0175056457519531 -0.0689353942871094 0.0169754028320313 -0.00634193420410157
0.0422477722167969 -0.0604438781738281 -0.0418052673339844 -0.00345611572265625
0.0717086791992188 -0.0199813842773438 -0.0669326782226563 -0.0610733032226562
0.0677032470703125 0.05902099609375 -0.0228271484375 -0.16595458984375
0.0307083129882813 0.113235473632813 0.0472412109375 -0.191680908203125
-0.0162353515625 0.120841979980469 0.0491180419921875 -0.121658325195312
0.00775909423828125 0.129592895507813 0.164688110351563 -0.0256500244140625
0.0901947021484375 0.0669403076171875 0.108848571777344 0.0214691162109375
0.0674705505371094 -0.022064208984375 0.10491943359375 0.02972412109375
0.0281982421875 -0.0455207824707031 0.141448974609375 -0.003936767578125
-0.001068115234375 -0.0459327697753906 0.137725830078125 -0.0633010864257813
-0.0316162109375 -0.0477943420410156 0.101142883300781 -0.116294860839844
-0.0319480895996094 -0.0426712036132812 0.0729217529296875 -0.117218017578125
-0.02313232421875 -0.0428543090820313 0.0598526000976563 -0.0800857543945313
-0.0228729248046875 -0.0655021667480469 0.0541648864746094 -0.0277328491210938
0.0222396850585938 -0.0735549926757812 0.0268421173095703 0.0147037506103516
0.0733413696289063 -0.0439453125 -0.0411109924316406 0.0230331420898438
0.0925216674804687 0.00942230224609375 -0.0787811279296875 -0.0290985107421875
0.0618820190429687 0.0942459106445312 -0.0546417236328125 -0.137718200683594
0.0033111572265625 0.147796630859375 0.0154266357421875 -0.155258178710938
-0.0513458251953125 0.151214599609375 0.0221176147460937 -0.0784988403320312
-0.0437774658203125 0.145538330078125 0.15484619140625 0.0337371826171875
0.046051025390625 0.117118835449219 0.107223510742187 0.076446533203125
0.0666389465332031 0.0375442504882813 0.117752075195312 0.06707763671875
0.0630226135253906 -0.0016937255859375 0.1590576171875 0.0250091552734375
0.0462226867675781 -0.0304298400878906 0.154434204101562 -0.041412353515625
0.0204353332519531 -0.0623016357421875 0.121063232421875 -0.101600646972656
0.00751113891601563 -0.068389892578125 0.0849380493164062 -0.0994491577148437
0.0113983154296875 -0.0599441528320312 0.0660057067871094 -0.0603904724121094
0.0153045654296875 -0.07830810546875 0.0580558776855469 -0.00590133666992188
0.0536880493164063 -0.0725860595703125 0.0291404724121094 0.037261962890625
0.0915069580078125 -0.0301055908203125 -0.0401153564453125 0.0506515502929687
0.102584838867188 0.0246353149414063 -0.0862350463867187 0.00590515136718751
0.0617446899414063 0.107185363769531 -0.0813217163085938 -0.0980300903320313
-0.00967407226562498 0.159225463867187 -0.0155868530273437 -0.105430603027344
-0.0718231201171875 0.160934448242188 -0.00991058349609375 -0.0281848907470703
-0.0912094116210938 0.134941101074219 0.120674133300781 0.0952682495117188
-0.0130767822265625 0.14471435546875 0.0832290649414063 0.139152526855469
0.0451736450195312 0.0938186645507813 0.116859436035156 0.111915588378906
0.081695556640625 0.0518951416015625 0.161102294921875 0.0595855712890625
0.0854034423828125 -0.00180816650390625 0.154586791992188 -0.0129241943359375
0.0727920532226563 -0.0614547729492188 0.123489379882813 -0.0748443603515625
0.04754638671875 -0.081756591796875 0.083221435546875 -0.068328857421875
0.0443229675292969 -0.0679740905761719 0.0607376098632813 -0.0311813354492188
0.0494766235351563 -0.0807571411132813 0.0522994995117188 0.0194969177246094
0.077911376953125 -0.0666732788085938 0.0257186889648438 0.058990478515625
0.0995254516601563 -0.0177841186523438 -0.03668212890625 0.0724334716796875
0.102119445800781 0.0341415405273438 -0.0838394165039062 0.03521728515625
0.0561294555664063 0.105690002441406 -0.0906600952148438 -0.0551605224609375
-0.0176544189453125 0.150833129882813 -0.0322341918945312 -0.0494880676269531
-0.0845184326171875 0.150299072265625 -0.0401115417480469 0.0235748291015625
-0.119232177734375 0.0970687866210938 0.0679931640625 0.1468505859375
-0.0679931640625 0.136207580566406 0.040069580078125 0.19329833984375
0.00680541992187499 0.123046875 0.0985870361328125 0.151504516601563
0.0726776123046875 0.0971603393554687 0.144210815429688 0.0894317626953125
0.101882934570313 0.0344161987304688 0.134117126464844 0.0126495361328125
0.108589172363281 -0.0424423217773437 0.108291625976562 -0.0428695678710937
0.0800552368164063 -0.0781631469726562 0.0651016235351563 -0.0308036804199219
0.0693435668945313 -0.0654563903808594 0.0450782775878906 0.00345230102539062
0.0754852294921875 -0.074432373046875 0.0393524169921875 0.0469741821289062
0.0949172973632812 -0.0550613403320312 0.0161666870117188 0.0774993896484375
0.102005004882812 -0.00360870361328125 -0.035614013671875 0.0863037109375
0.093231201171875 0.0459747314453125 -0.0753250122070313 0.05242919921875
0.039398193359375 0.101097106933594 -0.0825424194335938 -0.0203475952148437
-0.0344314575195312 0.128768920898438 -0.0362434387207031 0.00062179565429688
-0.096405029296875 0.119651794433594 -0.0677642822265625 0.0686607360839844
-0.118431091308594 0.0402450561523437 0.0116729736328125 0.17694091796875
-0.0994033813476563 0.0911178588867188 -0.00988769531249999 0.22509765625
-0.034637451171875 0.111190795898437 0.0703125 0.176055908203125
0.0384063720703125 0.112953186035156 0.1131591796875 0.104423522949219
0.0881423950195312 0.0628433227539063 0.0996627807617188 0.0280227661132813
0.119071960449219 -0.0117340087890625 0.0759353637695313 -0.0140304565429688
0.098052978515625 -0.0595016479492187 0.0377922058105469 0.005035400390625
0.0820465087890625 -0.0524368286132813 0.0237045288085937 0.0373191833496094
0.08966064453125 -0.0605926513671875 0.019195556640625 0.0727386474609375
0.104660034179688 -0.0382766723632813 -0.000709533691406246 0.0912322998046875
0.100456237792969 0.0129852294921875 -0.041229248046875 0.0913619995117188
0.0810775756835938 0.0611343383789063 -0.0699005126953125 0.0563201904296875
0.0135879516601563 0.100753784179688 -0.0718841552734375 0.000450134277343747
-0.0603256225585938 0.100181579589844 -0.0390701293945313 0.035064697265625
-0.110420227050781 0.0729751586914062 -0.0948944091796875 0.0974884033203125
-0.0885238647460938 -0.0235824584960938 -0.0308990478515625 0.183013916015625
-0.0974960327148438 0.0237579345703125 -0.0484466552734375 0.231048583984375
-0.0597686767578125 0.0636138916015625 0.045379638671875 0.180374145507813
-0.00689697265624999 0.0940704345703125 0.0843353271484375 0.101470947265625
0.0501251220703125 0.0743026733398438 0.0664253234863281 0.0284500122070313
0.102317810058594 0.0204086303710938 0.0379371643066406 0.00451278686523438
0.0981979370117188 -0.0290603637695313 0.0050945281982422 0.0331325531005859
0.0831451416015625 -0.0324020385742188 -0.00120162963867188 0.0667648315429687
0.0927200317382813 -0.0406036376953125 -0.00428009033203125 0.0954818725585938
0.104660034179688 -0.0181961059570313 -0.0253143310546875 0.104225158691406
0.092620849609375 0.0295028686523438 -0.05621337890625 0.0923309326171875
0.0649566650390625 0.0740280151367188 -0.0739669799804688 0.0528564453125
-0.0145950317382812 0.098785400390625 -0.0677909851074219 0.00838851928710939
-0.0876083374023438 0.0675811767578125 -0.0498085021972656 0.0528945922851563
-0.118988037109375 0.0177841186523438 -0.123672485351563 0.107215881347656
-0.0430526733398438 -0.0829086303710938 -0.0505523681640625 0.165451049804688
-0.0683174133300781 -0.0449676513671875 -0.0609588623046875 0.215499877929687
-0.0634841918945313 -0.000415802001953113 0.037933349609375 0.169403076171875
-0.0458831787109375 0.0508232116699219 0.070098876953125 0.0849227905273438
0.00351715087890625 0.0673255920410156 0.0432472229003906 0.0151596069335938
0.0647354125976563 0.0472831726074219 0.00360679626464844 0.00872230529785157
0.0820236206054688 0.00537872314453125 -0.0263748168945313 0.048583984375
0.0712738037109375 -0.00689697265625 -0.0275497436523437 0.0870285034179688
0.0817489624023438 -0.0146484375 -0.0302658081054687 0.113441467285156
0.09088134765625 0.0037384033203125 -0.053680419921875 0.113212585449219
0.0755081176757813 0.0418319702148438 -0.0792617797851563 0.0906143188476563
0.0441665649414063 0.0793075561523438 -0.0873947143554688 0.04510498046875
-0.0401458740234375 0.087158203125 -0.0747222900390625 0.00679016113281249
-0.103591918945313 0.028717041015625 -0.07080078125 0.0529632568359375
-0.114532470703125 -0.0406951904296875 -0.153915405273437 0.096282958984375
0.0645294189453125 0.0898590087890625 0.158157348632813 -0.0851593017578125
0.115867614746094 -0.00275421142578125 0.0957870483398438 -0.0287017822265625
0.0470123291015625 -0.0774307250976562 0.0835418701171875 0.00106048583984375
-0.0167617797851563 -0.0742568969726563 0.117904663085937 -0.0266036987304687
-0.0505218505859375 -0.0445594787597656 0.112144470214844 -0.08062744140625
-0.0793685913085938 -0.0137176513671875 0.07373046875 -0.122100830078125
-0.067657470703125 -0.00158309936523438 0.04840087890625 -0.1285400390625
-0.0592308044433594 -0.00991821289062501 0.0425262451171875 -0.0962982177734375
-0.0699348449707031 -0.0335655212402344 0.0429573059082031 -0.0506057739257813
-0.0285148620605469 -0.0675048828125 0.0245552062988281 -0.0124702453613281
0.0339393615722656 -0.0686569213867188 -0.0334091186523438 -0.00170135498046876
0.07171630859375 -0.0312957763671875 -0.063568115234375 -0.0543975830078125
0.0793609619140625 0.0528335571289063 -0.0295257568359375 -0.161392211914062
0.048980712890625 0.115402221679688 0.0406341552734375 -0.198043823242188
0.000450134277343739 0.127861022949219 0.0519256591796875 -0.130645751953125
0.017578125 0.130447387695313 0.175521850585938 -0.0403900146484375
0.0961456298828125 0.0585708618164063 0.113006591796875 0.00775146484375
0.062652587890625 -0.0278129577636719 0.103950500488281 0.023834228515625
0.0223617553710938 -0.0469169616699219 0.143112182617188 -0.0079498291015625
-0.00691986083984375 -0.0425453186035156 0.13946533203125 -0.0695343017578125
-0.03704833984375 -0.0413932800292969 0.101959228515625 -0.12359619140625
-0.0346527099609375 -0.0370941162109375 0.07196044921875 -0.128547668457031
-0.0258560180664062 -0.0381851196289063 0.0600128173828125 -0.0919036865234375
-0.0296478271484375 -0.0606269836425781 0.0596580505371094 -0.0399971008300781
0.0148773193359375 -0.0750732421875 0.0364799499511719 0.00580215454101562
0.0698013305664063 -0.0505104064941406 -0.0296630859375 0.0239524841308594
0.094482421875 0.0002288818359375 -0.0713653564453125 -0.0218276977539063
0.072723388671875 0.092315673828125 -0.0578231811523437 -0.131309509277344
0.0178375244140625 0.154373168945313 0.0122833251953125 -0.1585693359375
-0.0379180908203125 0.161697387695312 0.0298538208007813 -0.0840072631835938
-0.038787841796875 0.152069091796875 0.170761108398437 0.0212860107421875
0.0506820678710938 0.116447448730469 0.116546630859375 0.0635528564453125
0.0655555725097656 0.0358123779296875 0.119354248046875 0.059600830078125
0.0619621276855469 -0.00205612182617188 0.162338256835938 0.0194244384765625
0.0443458557128906 -0.0301246643066406 0.157455444335938 -0.0492095947265625
0.0169868469238281 -0.0602340698242188 0.121200561523438 -0.111961364746094
0.005462646484375 -0.06768798828125 0.0848770141601563 -0.111900329589844
0.0111923217773437 -0.0599365234375 0.0669403076171875 -0.0730514526367188
0.0124740600585938 -0.0779190063476563 0.0636024475097656 -0.0191268920898438
0.05133056640625 -0.0765533447265625 0.0402984619140625 0.0280876159667969
0.0926437377929688 -0.0361480712890625 -0.027862548828125 0.0498085021972656
0.107818603515625 0.0197067260742188 -0.0762252807617188 0.011505126953125
0.0702438354492188 0.108749389648438 -0.0813064575195312 -0.0901641845703125
0.00111389160156248 0.16900634765625 -0.0148849487304687 -0.106170654296875
-0.064544677734375 0.174606323242188 0.000659942626953118 -0.0298290252685547
-0.0932769775390625 0.145217895507813 0.139015197753906 0.0878524780273438
-0.010589599609375 0.15167236328125 0.0971755981445312 0.129989624023438
0.0465621948242187 0.0969772338867188 0.122077941894531 0.104393005371094
0.0862655639648438 0.0539321899414062 0.16644287109375 0.053375244140625
0.0889129638671875 -0.002197265625 0.157882690429688 -0.0222015380859375
0.0721588134765625 -0.0645217895507813 0.124839782714844 -0.0860137939453125
0.0466461181640625 -0.0856857299804688 0.083709716796875 -0.0799179077148438
0.045928955078125 -0.071990966796875 0.0625801086425781 -0.0427436828613281
0.0494537353515625 -0.0852737426757813 0.0581626892089844 0.00699234008789062
0.0791778564453125 -0.0727920532226562 0.0362739562988281 0.0487403869628906
0.105155944824219 -0.0222702026367187 -0.0242652893066406 0.0700531005859375
0.110206604003906 0.0320510864257813 -0.0721435546875 0.03924560546875
0.0633392333984375 0.110321044921875 -0.086761474609375 -0.0487289428710938
-0.013092041015625 0.162918090820313 -0.0271644592285156 -0.0490913391113281
-0.082611083984375 0.165176391601562 -0.0295581817626953 0.0258598327636719
-0.128036499023438 0.109512329101563 0.0865020751953125 0.145065307617188
-0.06982421875 0.148834228515625 0.0560760498046875 0.188674926757813
0.00739288330078126 0.132316589355469 0.105880737304688 0.145294189453125
0.0804443359375 0.102897644042969 0.149871826171875 0.08465576171875
0.110130310058594 0.0337142944335938 0.1370849609375 0.00647735595703125
0.113746643066406 -0.0487823486328125 0.109382629394531 -0.0529937744140625
0.082000732421875 -0.08740234375 0.0670433044433594 -0.0397987365722656
0.0721282958984375 -0.073394775390625 0.0469398498535156 -0.00572967529296875
0.07904052734375 -0.0840682983398438 0.0432586669921875 0.0368156433105469
0.100326538085938 -0.0634231567382813 0.0242118835449219 0.0684013366699219
0.111236572265625 -0.00725555419921875 -0.0256805419921875 0.0822219848632813
0.104743957519531 0.047332763671875 -0.0649375915527344 0.0538482666015625
0.045745849609375 0.110321044921875 -0.0782470703125 -0.0161895751953125
-0.033294677734375 0.143264770507813 -0.0293331146240234 0.00193977355957032
-0.100120544433594 0.134895324707031 -0.0569381713867188 0.073272705078125
-0.132247924804687 0.0507125854492188 0.02685546875 0.182449340820313
-0.108039855957031 0.104988098144531 0.00517272949218749 0.226577758789063
-0.0365829467773438 0.123832702636719 0.0786285400390625 0.1715087890625
0.0467071533203125 0.123001098632812 0.118743896484375 0.100318908691406
0.100021362304688 0.06475830078125 0.102729797363281 0.0226974487304688
0.129623413085938 -0.0200424194335938 0.0761947631835938 -0.02020263671875
0.102157592773438 -0.0709762573242188 0.0391502380371094 0.0010986328125
0.0866165161132813 -0.06304931640625 0.0258274078369141 0.0324478149414062
0.0954360961914063 -0.0720748901367188 0.0228195190429688 0.0666084289550781
0.113166809082031 -0.0488128662109375 0.00458526611328125 0.0859909057617188
0.111091613769531 0.00862884521484375 -0.03460693359375 0.0874099731445313
0.0930633544921875 0.0633544921875 -0.0626296997070313 0.0565299987792969
0.019256591796875 0.110877990722656 -0.0655059814453125 0.00236511230468751
-0.063720703125 0.116806030273438 -0.0298576354980469 0.039093017578125
-0.118301391601563 0.0886154174804687 -0.0874176025390625 0.105903625488281
-0.10662841796875 -0.018646240234375 -0.020843505859375 0.192230224609375
-0.111305236816406 0.0353927612304687 -0.0358123779296875 0.237228393554688
-0.065826416015625 0.0766448974609375 0.055023193359375 0.17645263671875
-0.000656127929687502 0.107505798339844 0.0871734619140625 0.0972976684570313
0.0623092651367188 0.0787734985351563 0.0645866394042969 0.0249290466308594
0.114990234375 0.0130157470703125 0.0364608764648438 0.00165557861328125
0.105293273925781 -0.0419921875 0.00624847412109376 0.0337123870849609
0.087615966796875 -0.044036865234375 0.000862121582031255 0.0657730102539063
0.0984268188476563 -0.0527267456054688 -0.00181579589843749 0.0937728881835938
0.113922119140625 -0.0294952392578125 -0.021209716796875 0.100967407226563
0.104835510253906 0.0248870849609375 -0.0519561767578125 0.0904617309570313
0.078521728515625 0.0764617919921875 -0.0687446594238281 0.0525054931640625
-0.00863647460937499 0.110298156738281 -0.0623321533203125 0.0100860595703125
-0.0922622680664063 0.0849609375 -0.0426292419433594 0.0582962036132813
-0.130455017089844 0.0320510864257813 -0.120742797851563 0.118461608886719
-0.0613784790039063 -0.082427978515625 -0.0472564697265625 0.177215576171875
-0.0857925415039063 -0.0396728515625 -0.052276611328125 0.223556518554688
-0.07354736328125 0.00991821289062499 0.0454864501953125 0.165771484375
-0.0445709228515625 0.0641860961914063 0.0696945190429688 0.079620361328125
0.0143966674804688 0.0730438232421875 0.0384597778320313 0.0142173767089844
0.07891845703125 0.0421905517578125 -0.000900268554687495 0.0104780197143555
0.088653564453125 -0.00572967529296875 -0.027252197265625 0.054412841796875
0.0767059326171875 -0.0173721313476563 -0.025360107421875 0.091766357421875
0.0872802734375 -0.0264358520507813 -0.0275802612304687 0.116188049316406
0.0995101928710938 -0.0069122314453125 -0.0513839721679687 0.114776611328125
0.0875930786132813 0.03717041015625 -0.076904296875 0.0905380249023438
0.056610107421875 0.0811767578125 -0.0843505859375 0.04595947265625
-0.0346221923828125 0.0993423461914063 -0.0704193115234375 0.00928497314453124
-0.110267639160156 0.044281005859375 -0.0665779113769531 0.061981201171875
-0.129302978515625 -0.028472900390625 -0.156661987304688 0.110549926757812
0.0758132934570313 0.0855484008789063 0.166122436523438 -0.10223388671875
0.120811462402344 -0.0159378051757813 0.0958023071289063 -0.0404739379882813
0.0404281616210938 -0.0858383178710937 0.0827102661132812 -0.0019683837890625
-0.0268478393554687 -0.075714111328125 0.120735168457031 -0.0290679931640625
-0.0587234497070313 -0.0399017333984375 0.116462707519531 -0.0852432250976563
-0.0848617553710938 -0.00248718261718749 0.0765533447265625 -0.129585266113281
-0.0694389343261719 0.00801467895507814 0.0490875244140625 -0.139358520507813
-0.0615806579589844 -0.00149917602539062 0.0414352416992187 -0.106864929199219
-0.0771636962890625 -0.0243682861328125 0.0457839965820312 -0.0621910095214844
-0.03997802734375 -0.06512451171875 0.0308685302734375 -0.0203418731689453
0.0249557495117188 -0.076263427734375 -0.0255069732666016 -0.00330352783203126
0.0695343017578125 -0.0422248840332031 -0.0591011047363281 -0.0512924194335938
0.0910568237304688 0.0453033447265625 -0.033203125 -0.160675048828125
0.0675125122070313 0.115318298339844 0.03564453125 -0.208648681640625
0.0163040161132812 0.133918762207031 0.055755615234375 -0.143157958984375
0.0261611938476563 0.13299560546875 0.187393188476562 -0.057464599609375
0.101188659667969 0.0513153076171875 0.117050170898438 -0.0047149658203125
0.0587615966796875 -0.0330429077148437 0.104385375976563 0.0196456909179687
0.017486572265625 -0.0478515625 0.147476196289063 -0.0105133056640625
-0.0112266540527344 -0.0407371520996094 0.14459228515625 -0.076812744140625
-0.0408515930175781 -0.0342788696289063 0.104087829589844 -0.134864807128906
-0.0365982055664063 -0.031829833984375 0.07183837890625 -0.142242431640625
-0.0275115966796875 -0.0340137481689453 0.0592803955078125 -0.107040405273438
-0.0340957641601563 -0.0560646057128906 0.06280517578125 -0.0538978576660156
0.00765228271484375 -0.0760040283203125 0.0450630187988281 -0.0040435791015625
0.0665206909179688 -0.0578155517578125 -0.0193252563476563 0.0219917297363281
0.097869873046875 -0.007354736328125 -0.0649452209472656 -0.0187759399414063
0.084259033203125 0.090362548828125 -0.060150146484375 -0.128173828125
0.032745361328125 0.1610107421875 0.0102691650390625 -0.166763305664063
-0.0258941650390625 0.173492431640625 0.0373306274414063 -0.0935592651367187
-0.03509521484375 0.161407470703125 0.186614990234375 0.00674438476562501
0.055908203125 0.117645263671875 0.124237060546875 0.0518798828125
0.064788818359375 0.0359039306640625 0.1226806640625 0.0554428100585938
0.0629692077636719 -0.000732421875 0.16888427734375 0.0159759521484375
0.0442352294921875 -0.0298576354980469 0.163238525390625 -0.0581207275390625
0.0156288146972656 -0.0594367980957031 0.1241455078125 -0.124397277832031
0.00430679321289063 -0.0684967041015625 0.0853500366210938 -0.127029418945313
0.011260986328125 -0.0612106323242188 0.0675811767578125 -0.0882034301757813
0.0112762451171875 -0.0796661376953125 0.0677566528320312 -0.0336380004882813
0.0496826171875 -0.0799713134765625 0.0491905212402344 0.0161552429199219
0.0951156616210938 -0.0419158935546875 -0.01611328125 0.0461959838867188
0.11431884765625 0.0150680541992187 -0.0671157836914062 0.0143547058105469
0.0796356201171875 0.11163330078125 -0.08056640625 -0.0872116088867188
0.0115966796875 0.180633544921875 -0.0128250122070313 -0.11114501953125
-0.05706787109375 0.19091796875 0.00948333740234375 -0.0350513458251953
-0.0966949462890625 0.160003662109375 0.157119750976562 0.0790863037109375
-0.00791931152343749 0.162628173828125 0.108139038085937 0.121040344238281
0.0482330322265625 0.10400390625 0.127227783203125 0.100181579589844
0.0923385620117188 0.0575485229492188 0.173858642578125 0.0498199462890625
0.094635009765625 -0.00290679931640625 0.164413452148438 -0.0294342041015625
0.074798583984375 -0.0683364868164063 0.127616882324219 -0.09881591796875
0.0483169555664063 -0.0919036865234375 0.0847930908203125 -0.0942611694335938
0.0475311279296875 -0.0780792236328125 0.0634536743164063 -0.0554656982421875
0.0521392822265625 -0.0924148559570313 0.0621604919433594 -0.00475692749023438
0.0830841064453125 -0.0800628662109375 0.0441818237304688 0.0377388000488281
0.112648010253906 -0.02716064453125 -0.01483154296875 0.065460205078125
0.119766235351563 0.0311508178710938 -0.0631599426269531 0.0399131774902344
0.0719680786132813 0.117630004882813 -0.0840835571289063 -0.0465240478515625
-0.0065155029296875 0.178924560546875 -0.0223121643066406 -0.0514259338378906
-0.0806427001953125 0.183441162109375 -0.0192775726318359 0.0255775451660156
-0.137741088867188 0.126823425292969 0.1051025390625 0.1455078125
-0.073974609375 0.165802001953125 0.0684051513671875 0.187026977539063
0.00895690917968751 0.145767211914063 0.113983154296875 0.1435546875
0.0906753540039063 0.110954284667969 0.1575927734375 0.0814056396484375
0.121208190917969 0.0339431762695313 0.14312744140625 7.62939453125021E-05
0.120941162109375 -0.0582351684570313 0.111373901367188 -0.0631561279296875
0.0853195190429687 -0.0978240966796875 0.0682945251464844 -0.0497894287109375
0.0764617919921875 -0.0831527709960938 0.0478782653808594 -0.015411376953125
0.0829086303710938 -0.0948562622070313 0.0462226867675781 0.0282363891601562
0.10736083984375 -0.0746536254882812 0.0298995971679687 0.0590095520019531
0.122077941894531 -0.0133056640625 -0.0179443359375 0.0770721435546875
0.116401672363281 0.0472869873046875 -0.056793212890625 0.0537338256835938
0.0527496337890625 0.120864868164063 -0.0730514526367188 -0.0152969360351562
-0.03155517578125 0.161239624023438 -0.0220127105712891 0.00146102905273438
-0.103805541992188 0.153839111328125 -0.048736572265625 0.0772781372070313
-0.147506713867188 0.0656280517578125 0.041107177734375 0.189010620117188
-0.116958618164063 0.124046325683594 0.0179901123046875 0.231399536132813
-0.0368194580078125 0.140388488769531 0.086761474609375 0.170425415039063
0.0574111938476562 0.135711669921875 0.125053405761719 0.0986862182617188
0.114143371582031 0.0655288696289063 0.105827331542969 0.019012451171875
0.139755249023438 -0.0301971435546875 0.0774002075195313 -0.027618408203125
0.107490539550781 -0.08489990234375 0.0398101806640625 -0.00383758544921875
0.0914077758789063 -0.0761337280273438 0.0267429351806641 0.0278205871582031
0.100616455078125 -0.08612060546875 0.0250129699707031 0.0623741149902344
0.12103271484375 -0.0614852905273438 0.00727081298828126 0.0808944702148438
0.124900817871094 0.00342559814453125 -0.0302734375 0.0833511352539063
0.10784912109375 0.0640106201171875 -0.0571479797363281 0.0547561645507812
0.0265121459960938 0.124198913574219 -0.0609512329101563 0.00247192382812501
-0.0648193359375 0.136207580566406 -0.0222511291503906 0.0408439636230469
-0.127357482910156 0.107566833496094 -0.0821151733398438 0.1142578125
-0.124687194824219 -0.00758361816406248 -0.0122222900390625 0.2042236328125
-0.124740600585937 0.0507965087890625 -0.02587890625 0.245620727539063
-0.0713958740234375 0.092681884765625 0.06158447265625 0.176864624023438
0.00727081298828126 0.122154235839844 0.0898056030273438 0.0972137451171875
0.0767745971679688 0.0828018188476562 0.0650253295898438 0.0246734619140625
0.12823486328125 0.00382232666015625 0.0351066589355469 0.0007781982421875
0.111328125 -0.05615234375 0.00619316101074219 0.0343532562255859
0.0928268432617188 -0.0565719604492188 0.00234985351562501 0.0672111511230469
0.104515075683594 -0.0678024291992188 3.81469726562611E-05 0.0947418212890625
0.12200927734375 -0.0434722900390625 -0.02001953125 0.100006103515625
0.118698120117188 0.0183181762695313 -0.0512847900390625 0.0895843505859375
0.0933074951171875 0.0782623291015625 -0.0658721923828125 0.0518913269042969
-0.00241851806640624 0.123527526855469 -0.0576095581054687 0.00923156738281251
-0.0962982177734375 0.104286193847656 -0.0358009338378906 0.0630149841308594
-0.143539428710938 0.04925537109375 -0.119964599609375 0.130607604980469
-0.0788116455078125 -0.0803298950195313 -0.0443267822265625 0.1910400390625
-0.101493835449219 -0.0304794311523437 -0.04425048828125 0.233688354492188
-0.08270263671875 0.0213088989257812 0.0514678955078125 0.165664672851562
-0.0410995483398438 0.0785903930664063 0.0691070556640625 0.0791168212890625
0.0250244140625 0.0790863037109375 0.0345268249511719 0.0137653350830078
0.0909500122070313 0.0355072021484375 -0.00395488739013671 0.0136585235595703
0.0957870483398438 -0.0195465087890625 -0.0273208618164063 0.0610198974609375
0.0809478759765625 -0.0283889770507812 -0.0236282348632813 0.0979080200195313
0.0922927856445313 -0.038818359375 -0.0260848999023438 0.122886657714844
0.106986999511719 -0.0201644897460938 -0.0519256591796875 0.118278503417969
0.0986785888671875 0.0309906005859375 -0.0772323608398437 0.0923690795898438
0.0700912475585937 0.0830535888671875 -0.0845870971679688 0.0462875366210938
-0.0279159545898438 0.111343383789063 -0.0673751831054688 0.0095062255859375
-0.116409301757813 0.0612411499023437 -0.0615768432617187 0.0706100463867188
-0.143020629882813 -0.0153350830078125 -0.161407470703125 0.126068115234375
0.08880615234375 0.0797042846679688 0.171981811523438 -0.123428344726563
0.124214172363281 -0.031524658203125 0.0940933227539063 -0.0538406372070313
0.032257080078125 -0.0943527221679688 0.0826263427734375 -0.00401306152343751
-0.0377349853515625 -0.0774993896484375 0.126434326171875 -0.0327301025390625
-0.0670852661132813 -0.0344352722167969 0.12237548828125 -0.093719482421875
-0.0897064208984375 0.00982666015625002 0.079498291015625 -0.141845703125
-0.0700225830078125 0.019012451171875 0.046142578125 -0.153656005859375
-0.0639686584472656 0.00714492797851561 0.0387496948242188 -0.120262145996094
-0.0840072631835938 -0.0131683349609375 0.046600341796875 -0.0758132934570313
-0.0511589050292969 -0.0617790222167969 0.0355339050292969 -0.0309982299804688
0.0151138305664063 -0.083160400390625 -0.0190200805664063 -0.00620841979980469
0.0670585632324219 -0.0536422729492188 -0.0564994812011719 -0.0512275695800781
0.102890014648438 0.0361557006835938 -0.038055419921875 -0.164077758789063
0.0878677368164062 0.112869262695313 0.029083251953125 -0.22210693359375
0.0344390869140625 0.13916015625 0.0570220947265625 -0.1611328125
0.0362701416015625 0.137351989746094 0.199493408203125 -0.0802459716796875
0.107475280761719 0.0441436767578125 0.119430541992188 -0.0191726684570312
0.0562705993652344 -0.0379638671875 0.106544494628906 0.0160064697265625
0.0122566223144531 -0.0485000610351562 0.155792236328125 -0.0159149169921875
-0.0156059265136719 -0.0382156372070313 0.1513671875 -0.08734130859375
-0.0444450378417969 -0.027801513671875 0.10687255859375 -0.150070190429688
-0.0375137329101563 -0.0276107788085937 0.0692291259765625 -0.160995483398438
-0.0288887023925781 -0.0313186645507813 0.0564727783203125 -0.123184204101563
-0.0388832092285156 -0.0518150329589844 0.0634765625 -0.0703582763671875
0.00167846679687501 -0.0767593383789063 0.0521049499511719 -0.0174026489257813
0.06298828125 -0.0664100646972656 -0.0099649429321289 0.017125129699707
0.100608825683594 -0.0157928466796875 -0.0588531494140625 -0.0180549621582031
0.0974502563476563 0.0868301391601563 -0.0634231567382813 -0.128517150878906
0.051727294921875 0.167236328125 0.0062408447265625 -0.178024291992188
-0.0111083984375 0.187164306640625 0.0426712036132813 -0.108024597167969
-0.03009033203125 0.174514770507813 0.204071044921875 -0.012664794921875
0.063629150390625 0.121162414550781 0.131988525390625 0.0392303466796875
0.0669059753417969 0.0371513366699219 0.127403259277344 0.051727294921875
0.0650405883789063 -0.00067901611328125 0.179550170898438 0.009552001953125
0.0459976196289063 -0.0300178527832031 0.171310424804688 -0.0701904296875
0.0154380798339844 -0.0595664978027344 0.126556396484375 -0.14202880859375
0.00362396240234375 -0.0715484619140625 0.083465576171875 -0.145889282226563
0.0115089416503906 -0.065216064453125 0.064178466796875 -0.1058349609375
0.0087127685546875 -0.08294677734375 0.0691452026367188 -0.0506439208984375
0.0484542846679688 -0.0869598388671875 0.056396484375 0.00201034545898437
0.09857177734375 -0.0506973266601563 -0.00638198852539062 0.0403480529785156
0.122840881347656 0.00832366943359375 -0.0593643188476562 0.0145111083984375
0.0938949584960938 0.114433288574219 -0.0815887451171875 -0.0862808227539062
0.0269012451171875 0.194290161132813 -0.0136032104492187 -0.11956787109375
-0.046783447265625 0.209609985351563 0.0175209045410156 -0.0436935424804687
-0.098419189453125 0.180206298828125 0.178329467773438 0.067352294921875
-0.00288391113281251 0.176681518554688 0.121047973632813 0.114341735839844
0.0534820556640625 0.113838195800781 0.135383605957031 0.0971832275390625
0.102958679199219 0.0616226196289063 0.186019897460938 0.0445098876953125
0.103385925292969 -0.0052642822265625 0.1724853515625 -0.0413970947265625
0.0787124633789063 -0.0758514404296875 0.129585266113281 -0.115737915039063
0.0482711791992188 -0.102348327636719 0.0842361450195313 -0.110618591308594
0.0493087768554688 -0.0886154174804688 0.0616226196289063 -0.0709381103515625
0.0522689819335938 -0.103294372558594 0.0634231567382813 -0.0194931030273438
0.0864334106445313 -0.0916366577148438 0.0502052307128906 0.0256309509277344
0.121879577636719 -0.0362167358398438 -0.00615692138671874 0.0597114562988281
0.133094787597656 0.0265655517578125 -0.0550956726074219 0.0393524169921875
0.0854263305664062 0.125648498535156 -0.0823593139648438 -0.04547119140625
0.00534057617187502 0.196426391601562 -0.01983642578125 -0.0570335388183594
-0.076202392578125 0.206649780273437 -0.00952720642089844 0.0224990844726563
-0.14642333984375 0.149154663085937 0.125717163085938 0.141799926757813
-0.0727081298828125 0.187850952148438 0.0838165283203125 0.187347412109375
0.0150299072265625 0.162246704101563 0.122695922851562 0.141738891601563
0.106300354003906 0.119041442871094 0.169036865234375 0.0783538818359375
0.135475158691406 0.0314483642578125 0.149856567382813 -0.009063720703125
0.128822326660156 -0.0703048706054687 0.112586975097656 -0.0760879516601563
0.0861358642578125 -0.113349914550781 0.0690994262695312 -0.0613212585449219
0.0795211791992188 -0.0975799560546875 0.0476417541503906 -0.0243301391601563
0.0855331420898438 -0.110382080078125 0.0480079650878906 0.0186347961425781
0.113571166992188 -0.0892715454101563 0.0340194702148438 0.0504493713378906
0.135078430175781 -0.0218658447265625 -0.0126266479492187 0.0732040405273438
0.13336181640625 0.0449447631835938 -0.0515251159667969 0.0517997741699219
0.0657806396484375 0.131729125976563 -0.0712890625 -0.0163116455078125
-0.0246734619140625 0.182693481445313 -0.0151472091674805 -0.00136280059814452
-0.104721069335938 0.178817749023438 -0.0397262573242188 0.0812454223632813
-0.1622314453125 0.0864105224609375 0.0589447021484375 0.19610595703125
-0.124099731445312 0.147628784179688 0.03240966796875 0.239532470703125
-0.0357208251953125 0.161819458007813 0.096466064453125 0.171722412109375
0.073638916015625 0.148818969726563 0.133888244628906 0.09783935546875
0.131340026855469 0.0657882690429688 0.109664916992188 0.0142822265625
0.151290893554688 -0.044769287109375 0.0776214599609375 -0.0346908569335937
0.110015869140625 -0.1024169921875 0.0411186218261719 -0.00911712646484376
0.0949172973632813 -0.09161376953125 0.0272331237792969 0.0245914459228516
0.104621887207031 -0.10504150390625 0.0259475708007813 0.0594406127929687
0.129707336425781 -0.0799713134765625 0.009979248046875 0.0764923095703125
0.140251159667969 -0.00617218017578125 -0.0279998779296875 0.082305908203125
0.12652587890625 0.0634231567382812 -0.0540313720703125 0.0539932250976563
0.0381927490234375 0.137710571289063 -0.0591278076171875 -0.000274658203124985
-0.0620574951171875 0.15997314453125 -0.0156517028808594 0.0406913757324219
-0.132949829101563 0.131996154785156 -0.0745773315429688 0.1236572265625
-0.143600463867188 0.00634765625000001 4.60890437576735E-18 0.2188720703125
-0.138198852539063 0.0708465576171875 -0.01251220703125 0.259475708007813
-0.0748672485351563 0.113029479980469 0.07110595703125 0.180099487304688
0.0195159912109375 0.137397766113281 0.096435546875 0.097808837890625
0.0946121215820313 0.0849075317382812 0.0656661987304688 0.02301025390625
0.141647338867187 -0.009765625 0.0338859558105469 -0.000635147094726563
0.115776062011719 -0.0746536254882813 0.00801086425781251 0.0373458862304687
0.0971298217773438 -0.0719375610351563 0.00345611572265626 0.070404052734375
0.107833862304688 -0.0863265991210938 0.00154876708984375 0.0983963012695313
0.130760192871094 -0.061279296875 -0.020477294921875 0.101631164550781
0.133720397949219 0.00972747802734375 -0.052581787109375 0.0911941528320313
0.111701965332031 0.0777969360351563 -0.0661430358886719 0.0515899658203125
0.00888061523437499 0.138450622558594 -0.0564117431640625 0.00773620605468752
-0.0976715087890625 0.127792358398437 -0.0277862548828125 0.0677528381347656
-0.153793334960938 0.0714874267578125 -0.117645263671875 0.146865844726563
-0.0983428955078125 -0.075653076171875 -0.0372772216796875 0.209197998046875
-0.118614196777344 -0.0172805786132812 -0.0352325439453125 0.248764038085938
-0.0913848876953125 0.0372848510742187 0.0583953857421875 0.168197631835938
-0.0340347290039063 0.0945663452148438 0.07086181640625 0.0803756713867188
0.0401687622070313 0.084869384765625 0.0310630798339844 0.0165176391601563
0.104591369628906 0.0246124267578125 -0.00777626037597656 0.0191745758056641
0.101409912109375 -0.0342330932617188 -0.0265731811523437 0.0703048706054688
0.0847091674804688 -0.0414657592773438 -0.02105712890625 0.106521606445313
0.0960540771484375 -0.0544204711914063 -0.0233383178710938 0.131706237792969
0.114433288574219 -0.0354385375976563 -0.0528717041015625 0.125823974609375
0.112113952636719 0.0233230590820313 -0.0819320678710938 0.0981216430664063
0.0864028930664063 0.0821762084960938 -0.0864715576171875 0.0488815307617187
-0.0191497802734375 0.124191284179688 -0.066375732421875 0.00917816162109377
-0.120559692382812 0.0821685791015625 -0.0555801391601563 0.0808334350585938
-0.156570434570313 0.00251770019531248 -0.164535522460938 0.146575927734375
0.101882934570313 0.0720138549804688 0.17193603515625 -0.152023315429688
0.124656677246094 -0.0511093139648437 0.0884780883789063 -0.0686492919921875
0.0210189819335938 -0.104133605957031 0.0835800170898438 -0.00717163085937501
-0.0503463745117187 -0.07537841796875 0.131973266601563 -0.0409393310546875
-0.075927734375 -0.0268402099609375 0.125297546386719 -0.107124328613281
-0.0913772583007812 0.0243377685546875 0.077117919921875 -0.158370971679688
-0.0692825317382813 0.0307655334472656 0.037078857421875 -0.172348022460938
-0.0644569396972656 0.0168914794921875 0.031036376953125 -0.136558532714844
-0.088165283203125 0.00112915039062501 0.042633056640625 -0.0919342041015625
-0.0632171630859375 -0.0551071166992188 0.03717041015625 -0.0447196960449219
0.001800537109375 -0.0889434814453125 -0.0133152008056641 -0.011631965637207
0.0615310668945313 -0.0662078857421875 -0.0549278259277344 -0.0527076721191406
0.113853454589844 0.0224227905273438 -0.04736328125 -0.16754150390625
0.109809875488281 0.104423522949219 0.0156707763671875 -0.237274169921875
0.0561447143554688 0.139358520507813 0.052032470703125 -0.181732177734375
0.0498199462890625 0.139419555664063 0.205474853515625 -0.109527587890625
0.113960266113281 0.0330886840820313 0.118705749511719 -0.0364456176757813
0.0517425537109375 -0.0422515869140625 0.110389709472656 0.01104736328125
0.00687789916992187 -0.0475692749023437 0.16351318359375 -0.0265350341796875
-0.0197086334228516 -0.0350971221923828 0.156661987304688 -0.103652954101563
-0.0457725524902344 -0.019805908203125 0.1043701171875 -0.1708984375
-0.0388565063476562 -0.0240669250488281 0.0586700439453125 -0.181594848632813
-0.0294475555419922 -0.029388427734375 0.0467071533203125 -0.140945434570313
-0.04345703125 -0.0474472045898438 0.0597610473632813 -0.0891342163085938
-0.00619506835937501 -0.0778121948242188 0.0549468994140625 -0.0334892272949219
0.057708740234375 -0.0744171142578125 -0.00271320343017578 0.0106840133666992
0.103103637695313 -0.0282135009765625 -0.0534210205078125 -0.0190238952636719
0.111434936523437 0.0806808471679687 -0.06982421875 -0.128288269042969
0.07464599609375 0.169876098632813 -0.00338745117187498 -0.190200805664062
0.0102386474609375 0.198623657226563 0.0430145263671875 -0.124908447265625
-0.018585205078125 0.18914794921875 0.217620849609375 -0.0387420654296875
0.0736846923828125 0.122665405273437 0.138435363769531 0.0227203369140625
0.0704879760742188 0.0377349853515625 0.133514404296875 0.04425048828125
0.069793701171875 -0.00233840942382812 0.190216064453125 -0.0029296875
0.0482940673828125 -0.0323333740234375 0.17755126953125 -0.088531494140625
0.0137290954589844 -0.0607795715332031 0.122665405273437 -0.163040161132813
0.00173187255859375 -0.074188232421875 0.0749053955078125 -0.167953491210937
0.00950241088867188 -0.0702285766601563 0.05584716796875 -0.124626159667969
0.00402832031250001 -0.0881881713867188 0.0653228759765625 -0.0692176818847656
0.0441131591796875 -0.0950698852539063 0.0590629577636719 -0.0147628784179688
0.0997467041015625 -0.0624237060546875 0.00247573852539063 0.0320053100585937
0.131156921386719 -0.001861572265625 -0.0513839721679687 0.0137290954589844
0.110275268554687 0.113372802734375 -0.0850906372070313 -0.0847549438476563
0.049530029296875 0.205352783203125 -0.018646240234375 -0.128211975097656
-0.028045654296875 0.229324340820313 0.0229682922363281 -0.0554351806640625
-0.0926971435546875 0.205551147460938 0.198593139648438 0.0478668212890625
0.010009765625 0.191741943359375 0.13409423828125 0.10247802734375
0.0651092529296875 0.12274169921875 0.144821166992188 0.0898590087890625
0.116920471191406 0.0619430541992187 0.19927978515625 0.0345611572265625
0.112457275390625 -0.0121002197265625 0.178604125976563 -0.0571746826171875
0.079345703125 -0.0859375 0.126541137695313 -0.135398864746094
0.0448074340820312 -0.114723205566406 0.0779876708984375 -0.130996704101563
0.047119140625 -0.101707458496094 0.0553436279296875 -0.0869064331054688
0.048828125 -0.116844177246094 0.0619316101074219 -0.0354423522949219
0.0855789184570313 -0.107337951660156 0.0532951354980469 0.0106964111328125
0.130035400390625 -0.0512542724609375 0.00112152099609376 0.0526618957519531
0.147491455078125 0.0169525146484375 -0.0467300415039062 0.0373115539550781
0.1033935546875 0.130638122558594 -0.0822830200195312 -0.0439071655273438
0.0244140625 0.21331787109375 -0.0198783874511719 -0.0630149841308594
-0.061065673828125 0.2320556640625 -0.000570297241210941 0.0184383392333985
-0.149124145507813 0.177902221679687 0.149200439453125 0.133514404296875
-0.0660552978515625 0.213653564453125 0.103973388671875 0.184371948242188
0.027130126953125 0.180068969726563 0.136428833007813 0.1383056640625
0.128105163574219 0.122062683105469 0.1832275390625 0.070648193359375
0.151321411132813 0.023162841796875 0.157699584960938 -0.0231781005859375
0.134056091308594 -0.0862579345703125 0.110069274902344 -0.0924453735351562
0.0838088989257812 -0.130561828613281 0.0654754638671875 -0.0751724243164063
0.0783004760742188 -0.116378784179687 0.0443191528320313 -0.0351028442382813
0.0833587646484375 -0.130523681640625 0.0464706420898438 0.00973510742187499
0.115455627441406 -0.109634399414063 0.0361404418945313 0.0408363342285156
0.14794921875 -0.03741455078125 -0.00833511352539062 0.0695037841796875
0.151565551757812 0.0362396240234375 -0.0461349487304687 0.0504112243652344
0.0835113525390625 0.140609741210938 -0.0707473754882813 -0.01617431640625
-0.00961303710937501 0.204788208007813 -0.0109615325927734 -0.00519275665283202
-0.09539794921875 0.2069091796875 -0.0287399291992188 0.0835647583007813
-0.173324584960938 0.113937377929688 0.081756591796875 0.199752807617188
-0.123077392578125 0.177597045898438 0.0520782470703125 0.244583129882813
-0.0245513916015625 0.185531616210938 0.111587524414063 0.171463012695313
0.0966796875 0.157730102539063 0.14630126953125 0.09381103515625
0.152191162109375 0.0591888427734375 0.113883972167969 0.00732421875
0.160232543945313 -0.0648651123046875 0.07489013671875 -0.04315185546875
0.108268737792969 -0.124671936035156 0.0417404174804688 -0.0142135620117188
0.0934066772460938 -0.111274719238281 0.0276966094970703 0.0214633941650391
0.10211181640625 -0.127983093261719 0.0274085998535156 0.0568466186523437
0.13311767578125 -0.102943420410156 0.0115432739257813 0.0734024047851563
0.1541748046875 -0.0230712890625 -0.0258255004882812 0.081756591796875
0.146591186523438 0.05633544921875 -0.050445556640625 0.0538253784179687
0.05645751953125 0.149948120117188 -0.0580673217773438 -0.000907897949218751
-0.050994873046875 0.18670654296875 -0.0073699951171875 0.040069580078125
-0.131927490234375 0.161270141601563 -0.0648193359375001 0.134773254394531
-0.16064453125 0.0276641845703125 0.0207366943359375 0.231887817382813
-0.146331787109375 0.0980072021484375 0.00582885742187497 0.27197265625
-0.0713424682617188 0.137641906738281 0.0837249755859375 0.181549072265625
0.0401458740234375 0.150711059570313 0.106483459472656 0.0968856811523438
0.116218566894531 0.082275390625 0.0672149658203125 0.0206832885742188
0.15362548828125 -0.030120849609375 0.0325145721435547 -0.00237464904785156
0.115982055664063 -0.09722900390625 0.0105857849121094 0.0386466979980469
0.0966110229492187 -0.092376708984375 0.00691223144531251 0.0738601684570313
0.106964111328125 -0.108345031738281 0.00646209716796875 0.101943969726562
0.134773254394531 -0.0846328735351563 -0.0176544189453125 0.106559753417969
0.148513793945313 -0.0067596435546875 -0.052032470703125 0.0957489013671875
0.132034301757812 0.0705718994140625 -0.06591796875 0.0539321899414063
0.026275634765625 0.151870727539063 -0.0568046569824219 0.00604248046875002
-0.09112548828125 0.154495239257813 -0.0186614990234375 0.0714492797851563
-0.159896850585938 0.09991455078125 -0.110305786132813 0.16607666015625
-0.119491577148438 -0.0655975341796875 -0.021484375 0.228988647460937
-0.133430480957031 0.000465393066406269 -0.019500732421875 0.26666259765625
-0.0963668823242187 0.0573043823242188 0.0706939697265625 0.168930053710937
-0.0216827392578125 0.11053466796875 0.07568359375 0.0809326171875
0.0573577880859375 0.0850982666015625 0.0289592742919922 0.0201473236083984
0.118499755859375 0.009429931640625 -0.00978660583496093 0.0259647369384766
0.103309631347656 -0.053192138671875 -0.0219039916992187 0.0812911987304688
0.0855941772460938 -0.0563583374023438 -0.012939453125 0.115562438964844
0.096435546875 -0.0726547241210938 -0.0174407958984375 0.142257690429687
0.118560791015625 -0.0560150146484375 -0.0510406494140625 0.13592529296875
0.124725341796875 0.01019287109375 -0.0825424194335938 0.107025146484375
0.104751586914063 0.0773696899414063 -0.0875167846679688 0.0532760620117188
-0.00318145751953126 0.138511657714844 -0.0661659240722656 0.0100555419921875
-0.119285583496094 0.106590270996094 -0.0443878173828125 0.0890426635742188
-0.168197631835937 0.0257720947265625 -0.161270141601563 0.172042846679687
0.114028930664063 0.05792236328125 0.160049438476563 -0.17926025390625
0.116981506347656 -0.0696868896484375 0.0774765014648438 -0.08111572265625
0.00579071044921874 -0.107902526855469 0.080902099609375 -0.01055908203125
-0.06463623046875 -0.0706634521484375 0.131507873535156 -0.0509567260742188
-0.0830841064453125 -0.0146408081054687 0.12371826171875 -0.12237548828125
-0.0889663696289063 0.0398635864257813 0.06585693359375 -0.1739501953125
-0.0641708374023438 0.041259765625 0.0230865478515625 -0.183258056640625
-0.0617179870605469 0.0273056030273437 0.0164337158203125 -0.147842407226562
-0.0863723754882813 0.0150909423828125 0.0313568115234375 -0.105682373046875
-0.0720367431640625 -0.0436325073242188 0.0349922180175781 -0.0578041076660156
-0.0134735107421875 -0.0898284912109375 -0.00980186462402344 -0.0175971984863281
0.0519561767578125 -0.0750579833984375 -0.054595947265625 -0.052947998046875
0.119071960449219 0.0044097900390625 -0.05950927734375 -0.1651611328125
0.128944396972656 0.088958740234375 -0.00480651855468747 -0.2467041015625
0.0781402587890625 0.131874084472656 0.0402679443359375 -0.19940185546875
0.0638046264648437 0.137840270996094 0.200225830078125 -0.141265869140625
0.114555358886719 0.01947021484375 0.111595153808594 -0.0533599853515625
0.04425048828125 -0.0472526550292969 0.109001159667969 0.00383758544921875
-8.7738037109377E-05 -0.0460433959960937 0.165298461914063 -0.039276123046875
-0.02301025390625 -0.0295925140380859 0.152359008789063 -0.123336791992188
-0.04583740234375 -0.0112075805664063 0.094482421875 -0.187652587890625
-0.0380592346191406 -0.018646240234375 0.041717529296875 -0.199554443359375
-0.0303192138671875 -0.0242576599121094 0.031005859375 -0.1558837890625
-0.0496253967285156 -0.0401458740234375 0.049072265625 -0.107101440429688
-0.0142059326171875 -0.0757827758789063 0.0540275573730469 -0.0507545471191406
0.0472869873046875 -0.0813827514648438 0.0034022331237793 -0.000233173370361333
0.101005554199219 -0.04022216796875 -0.0465812683105469 -0.0219230651855469
0.123733520507813 0.0673751831054688 -0.0769882202148438 -0.126136779785156
0.0993194580078125 0.163101196289063 -0.018890380859375 -0.196060180664063
0.035614013671875 0.201522827148438 0.0382843017578125 -0.142684936523438
-0.00218200683593752 0.199066162109375 0.219589233398437 -0.0712738037109375
0.0874557495117187 0.120216369628906 0.138572692871094 0.00367736816406251
0.0735931396484375 0.0357666015625 0.136299133300781 0.0339202880859375
0.0723800659179688 -0.0052337646484375 0.195968627929688 -0.0182647705078125
0.048370361328125 -0.03399658203125 0.174285888671875 -0.108917236328125
0.00971603393554687 -0.0599594116210938 0.109344482421875 -0.185501098632813
-0.00174713134765625 -0.0785598754882812 0.058319091796875 -0.18731689453125
0.006591796875 -0.0749969482421875 0.0408248901367188 -0.139938354492188
-0.0022735595703125 -0.090240478515625 0.0534591674804687 -0.0854873657226563
0.0371170043945313 -0.103416442871094 0.0582008361816406 -0.0315399169921875
0.096923828125 -0.0750274658203125 0.00835800170898438 0.0217037200927734
0.13470458984375 -0.0158157348632813 -0.0456504821777344 0.0112152099609375
0.126579284667969 0.106010437011719 -0.0882949829101562 -0.0819931030273438
0.0770416259765625 0.207199096679688 -0.027130126953125 -0.134475708007812
-0.00125122070312498 0.242019653320313 0.026153564453125 -0.0686683654785156
-0.079254150390625 0.22705078125 0.2100830078125 0.0222930908203125
0.0291748046875 0.201324462890625 0.142486572265625 0.0861968994140625
0.0794143676757813 0.126136779785156 0.150299072265625 0.0800323486328125
0.132408142089844 0.0526657104492187 0.206283569335938 0.01458740234375
0.119544982910156 -0.0223007202148437 0.17718505859375 -0.078857421875
0.0752182006835938 -0.0974578857421875 0.11334228515625 -0.15704345703125
0.0361328125 -0.12493896484375 0.06365966796875 -0.146804809570313
0.0419387817382813 -0.112022399902344 0.0418930053710937 -0.101295471191406
0.0404129028320312 -0.128921508789063 0.0526657104492188 -0.05023193359375
0.0792312622070313 -0.121437072753906 0.0524978637695313 -0.00452423095703126
0.131683349609375 -0.0673141479492188 0.00514221191406251 0.0421066284179687
0.158035278320312 0.00335693359375 -0.041107177734375 0.0330047607421875
0.122657775878906 0.127342224121094 -0.0847396850585937 -0.0427322387695312
0.0494232177734375 0.22430419921875 -0.0214004516601562 -0.0685768127441406
-0.03778076171875 0.247085571289063 0.00623607635498047 0.00867366790771486
-0.141067504882812 0.207489013671875 0.168533325195313 0.118133544921875
-0.0434417724609375 0.233917236328125 0.120635986328125 0.171234130859375
0.0485687255859375 0.192977905273438 0.147415161132813 0.126480102539063
0.150283813476563 0.114730834960938 0.19305419921875 0.0571136474609375
0.165267944335938 0.0086212158203125 0.1556396484375 -0.0400390625
0.130516052246094 -0.105735778808594 0.100898742675781 -0.107566833496094
0.0731964111328125 -0.148284912109375 0.0577468872070313 -0.08758544921875
0.0694351196289063 -0.134407043457031 0.0362472534179688 -0.0434989929199219
0.073089599609375 -0.150192260742188 0.0436058044433594 -0.000209808349609384
0.109245300292969 -0.129714965820313 0.0355758666992188 0.029693603515625
0.153579711914063 -0.0583038330078125 -0.00307464599609374 0.0626144409179688
0.165802001953125 0.02105712890625 -0.0404434204101562 0.0453567504882813
0.104705810546875 0.143295288085938 -0.0712661743164063 -0.0186843872070312
0.0164337158203125 0.221954345703125 -0.00707244873046875 -0.00876283645629881
-0.076873779296875 0.231689453125 -0.01751708984375 0.083770751953125
-0.172470092773438 0.146697998046875 0.10504150390625 0.191986083984375
-0.110580444335937 0.203384399414063 0.077667236328125 0.2435302734375
-0.005889892578125 0.203140258789063 0.125640869140625 0.160964965820313
0.124755859375 0.1558837890625 0.156936645507812 0.082794189453125
0.171661376953125 0.0445404052734375 0.11712646484375 -0.002166748046875
0.160293579101563 -0.08941650390625 0.0729141235351563 -0.0525894165039063
0.0986328125 -0.144638061523437 0.0383644104003906 -0.0197525024414063
0.0872879028320313 -0.132331848144531 0.0282840728759766 0.020782470703125
0.093170166015625 -0.14910888671875 0.0266838073730469 0.0530853271484375
0.125442504882813 -0.124870300292969 0.0125770568847656 0.0689506530761719
0.161956787109375 -0.0460205078125 -0.0252761840820312 0.08294677734375
0.16400146484375 0.041259765625 -0.0488433837890625 0.0545654296875
0.0803375244140625 0.155487060546875 -0.0575408935546875 -0.000709533691406228
-0.029754638671875 0.209152221679687 -0.000892639160156255 0.0366363525390625
-0.118789672851562 0.189971923828125 -0.0476837158203125 0.143890380859375
-0.167098999023438 0.0552978515625 0.046478271484375 0.23907470703125
-0.1424560546875 0.126434326171875 0.0318756103515625 0.279205322265625
-0.059661865234375 0.159774780273438 0.100387573242188 0.175079345703125
0.062103271484375 0.1580810546875 0.113319396972656 0.0923614501953125
0.136421203613281 0.070556640625 0.0688438415527344 0.0200576782226563
0.15673828125 -0.0536651611328125 0.0321159362792969 -0.00247764587402344
0.10882568359375 -0.118194580078125 0.0140457153320313 0.0431671142578125
0.08819580078125 -0.110771179199219 0.012359619140625 0.0775375366210938
0.0962600708007813 -0.128990173339844 0.0114822387695312 0.107269287109375
0.127296447753906 -0.109748840332031 -0.0164337158203125 0.107452392578125
0.156143188476562 -0.0267791748046875 -0.0481796264648438 0.100936889648438
0.150115966796875 0.055328369140625 -0.06488037109375 0.0545997619628906
0.04742431640625 0.157913208007813 -0.0561676025390625 0.00600814819335939
-0.074066162109375 0.179962158203125 -0.00707244873046876 0.0705795288085938
-0.154388427734375 0.126876831054688 -0.0930938720703125 0.183578491210938
-0.137565612792969 -0.0453109741210938 -0.00334167480468749 0.24029541015625
-0.1429443359375 0.0275421142578125 0.00367736816406247 0.276641845703125
-0.09271240234375 0.0779876708984375 0.0840606689453125 0.167648315429688
-0.00525665283203125 0.120269775390625 0.0815582275390625 0.079498291015625
0.0738677978515625 0.077911376953125 0.0283699035644531 0.0213413238525391
0.120895385742188 -0.009033203125 -0.00809288024902343 0.03466796875
0.0973739624023437 -0.0719375610351563 -0.0109329223632812 0.09375
0.0802841186523438 -0.0746917724609375 -0.000389099121093735 0.124908447265625
0.089019775390625 -0.0894775390625 -0.00595092773437501 0.14990234375
0.114112854003906 -0.074432373046875 -0.0417327880859375 0.143341064453125
0.133575439453125 -0.0080413818359375 -0.078094482421875 0.117813110351562
0.119659423828125 0.0632858276367188 -0.0886154174804687 0.058197021484375
0.013763427734375 0.144424438476563 -0.0651321411132813 0.0098724365234375
-0.107582092285156 0.129997253417969 -0.03204345703125 0.0969085693359375
-0.169921875 0.05194091796875 -0.145843505859375 0.197219848632813
0.117301940917969 0.043701171875 0.142959594726563 -0.197738647460938
0.104843139648438 -0.0843124389648438 0.0636749267578125 -0.0882339477539063
-0.00720977783203124 -0.107177734375 0.0792083740234375 -0.0138931274414063
-0.0723495483398438 -0.0613250732421875 0.129867553710938 -0.0593032836914063
-0.0833892822265625 -0.00418090820312499 0.115196228027344 -0.134117126464844
-0.0815200805664063 0.0531234741210938 0.0563507080078125 -0.1834716796875
-0.0569496154785156 0.0497932434082031 0.00431823730468748 -0.1900634765625
-0.0551071166992188 0.0344352722167969 -0.000595092773437515 -0.15350341796875
-0.0828933715820313 0.029052734375 0.0171432495117187 -0.114059448242188
-0.0764236450195312 -0.0310821533203125 0.0273933410644531 -0.068511962890625
-0.0266189575195313 -0.0849990844726563 -0.00934410095214844 -0.024993896484375
0.0408782958984375 -0.0812149047851562 -0.0519294738769531 -0.0539779663085938
0.118873596191406 -0.012725830078125 -0.0658416748046875 -0.161224365234375
0.137893676757813 0.0678634643554688 -0.0230865478515625 -0.24560546875
0.09454345703125 0.1192626953125 0.0230712890625 -0.210205078125
0.076019287109375 0.129989624023437 0.185958862304688 -0.164520263671875
0.113410949707031 0.00882720947265625 0.0998458862304688 -0.0656890869140625
0.0368309020996094 -0.0477333068847656 0.106414794921875 -0.000610351562500003
-0.00353240966796875 -0.044189453125 0.16363525390625 -0.0528106689453125
-0.0241069793701172 -0.0252437591552734 0.144882202148438 -0.137725830078125
-0.0418357849121094 -0.00379562377929687 0.076904296875 -0.201248168945313
-0.036102294921875 -0.014984130859375 0.0206756591796875 -0.207077026367188
-0.029937744140625 -0.0230579376220703 0.0110321044921875 -0.163970947265625
-0.0465965270996094 -0.0343360900878906 0.0328903198242187 -0.11669921875
-0.0215377807617187 -0.0703125 0.0443572998046875 -0.0651588439941406
0.0381546020507812 -0.0834503173828125 0.0040121078491211 -0.00930595397949219
0.09552001953125 -0.0493011474609375 -0.0437355041503906 -0.0239524841308594
0.129959106445313 0.0535507202148438 -0.0801162719726563 -0.120254516601562
0.115966796875 0.149093627929688 -0.032806396484375 -0.198013305664062
0.0572509765625 0.194625854492188 0.028106689453125 -0.152633666992188
0.01483154296875 0.202987670898438 0.213623046875 -0.0985107421875
0.0955276489257813 0.111976623535156 0.130714416503906 -0.0124435424804687
0.0753173828125 0.035919189453125 0.134635925292969 0.0254974365234375
0.0729293823242188 -0.0099639892578125 0.1937255859375 -0.0337066650390625
0.0482673645019531 -0.0383377075195313 0.165985107421875 -0.125
0.00940322875976563 -0.0594635009765625 0.092071533203125 -0.19696044921875
-0.00804901123046875 -0.0783233642578125 0.0356597900390625 -0.195693969726563
0.000274658203124998 -0.078155517578125 0.021453857421875 -0.147079467773438
-0.00708007812499999 -0.0902328491210937 0.0389175415039063 -0.0983963012695312
0.0284194946289063 -0.104835510253906 0.0502281188964844 -0.0472373962402344
0.090423583984375 -0.0844345092773437 0.00985050201416016 0.0104217529296875
0.135543823242187 -0.027862548828125 -0.0393943786621094 0.00463485717773437
0.137733459472656 0.0949859619140625 -0.0884933471679688 -0.077545166015625
0.096954345703125 0.199508666992187 -0.0351333618164062 -0.13629150390625
0.0224609375 0.241302490234375 0.0229721069335938 -0.0788955688476562
-0.0579833984375 0.239852905273438 0.2119140625 -0.00486755371093749
0.046539306640625 0.203277587890625 0.14471435546875 0.0673065185546875
0.0902328491210937 0.126640319824219 0.152908325195313 0.0679779052734375
0.139411926269531 0.044403076171875 0.207107543945313 -0.001129150390625
0.1209716796875 -0.0342330932617188 0.171096801757813 -0.0945587158203125
0.069305419921875 -0.104568481445313 0.09808349609375 -0.166641235351562
0.0259323120117187 -0.13018798828125 0.0462646484375 -0.1561279296875
0.0309524536132812 -0.121162414550781 0.0277557373046875 -0.107513427734375
0.0283126831054688 -0.136329650878906 0.0407295227050781 -0.0601348876953125
0.0689239501953125 -0.131675720214844 0.0445442199707031 -0.0172615051269531
0.128387451171875 -0.0829086303710938 0.00712394714355469 0.0323371887207031
0.162017822265625 -0.0130615234375 -0.0354080200195312 0.0272865295410156
0.136390686035156 0.119613647460937 -0.0829696655273437 -0.0406417846679688
0.0735626220703125 0.223159790039062 -0.0250778198242188 -0.0727462768554687
-0.0133056640625 0.258514404296875 0.0123615264892578 0.00140953063964845
-0.12322998046875 0.228485107421875 0.179702758789063 0.0966949462890625
-0.022918701171875 0.245193481445313 0.131500244140625 0.15704345703125
0.0665740966796875 0.197006225585938 0.150848388671875 0.116241455078125
0.166305541992188 0.105239868164063 0.195831298828125 0.039642333984375
0.170989990234375 -0.0082855224609375 0.153274536132813 -0.0506439208984375
0.122283935546875 -0.121795654296875 0.0882492065429688 -0.115943908691406
0.0597991943359375 -0.159561157226563 0.045135498046875 -0.0952911376953125
0.0565948486328125 -0.143814086914063 0.0288505554199219 -0.0500030517578125
0.057861328125 -0.161697387695313 0.037689208984375 -0.00831985473632814
0.0977783203125 -0.147598266601563 0.0322360992431641 0.0206928253173828
0.151992797851563 -0.077423095703125 -0.00220870971679686 0.0545578002929687
0.174118041992188 0.0023193359375 -0.03607177734375 0.0407562255859375
0.12335205078125 0.13714599609375 -0.0686607360839844 -0.0168800354003906
0.0385284423828125 0.226226806640625 -0.00560665130615234 -0.0171489715576172
-0.0538787841796875 0.245376586914063 -0.00377655029296876 0.07867431640625
-0.162078857421875 0.171249389648438 0.125518798828125 0.182174682617188
-0.088653564453125 0.224258422851563 0.0971527099609375 0.23089599609375
0.013671875 0.213241577148437 0.133270263671875 0.15167236328125
0.145843505859375 0.147430419921875 0.161880493164063 0.0712890625
0.179733276367188 0.0258636474609375 0.113525390625 -0.0104904174804687
0.15167236328125 -0.109222412109375 0.0643424987792969 -0.0570869445800781
0.0826263427734375 -0.159439086914063 0.0359764099121094 -0.0245437622070313
0.07232666015625 -0.144882202148438 0.0252666473388672 0.0149307250976562
0.0754852294921875 -0.164581298828125 0.0292015075683594 0.0485076904296875
0.113662719726563 -0.145065307617188 0.01373291015625 0.0651435852050781
0.162750244140625 -0.065887451171875 -0.0192031860351562 0.0786285400390625
0.174041748046875 0.0231475830078125 -0.0447616577148437 0.0494537353515625
0.097625732421875 0.150527954101563 -0.0575141906738281 -0.00323104858398436
-0.00663757324218751 0.217987060546875 0.00676155090332032 0.0300617218017578
-0.099090576171875 0.210128784179688 -0.031524658203125 0.142074584960937
-0.166351318359375 0.0790252685546875 0.066436767578125 0.233047485351562
-0.128860473632813 0.149063110351563 0.055877685546875 0.272384643554688
-0.042388916015625 0.173675537109375 0.106826782226562 0.167190551757813
0.0867767333984375 0.15472412109375 0.118507385253906 0.0834884643554688
0.1475830078125 0.0554962158203125 0.0688400268554688 0.0170936584472656
0.152297973632813 -0.07373046875 0.0277252197265625 -0.00249099731445313
0.0937042236328125 -0.13275146484375 0.0176811218261719 0.0411224365234375
0.0770339965820313 -0.124778747558594 0.019744873046875 0.0758895874023437
0.0813751220703125 -0.14599609375 0.0181732177734375 0.103271484375
0.117050170898438 -0.127235412597656 -0.00901794433593748 0.10943603515625
0.157196044921875 -0.048431396484375 -0.0451202392578125 0.1005859375
0.1607666015625 0.03863525390625 -0.0624732971191406 0.0558357238769531
0.0679779052734375 0.156875610351563 -0.0559158325195312 0.00502777099609375
-0.0537872314453125 0.194107055664062 0.00249862670898437 0.0684852600097657
-0.139053344726562 0.151473999023438 -0.0746917724609375 0.189483642578125
-0.142807006835938 -0.02935791015625 0.0202178955078125 0.24346923828125
-0.139144897460938 0.04486083984375 0.0286865234375 0.274749755859375
-0.0846939086914062 0.094512939453125 0.089874267578125 0.157440185546875
0.0155029296875 0.123512268066406 0.0807876586914063 0.075225830078125
0.0887908935546875 0.069793701171875 0.027069091796875 0.0261306762695313
0.12091064453125 -0.02752685546875 -0.00606536865234374 0.0373382568359375
0.0873870849609375 -0.0860061645507813 -0.00249481201171875 0.0940399169921875
0.0697479248046875 -0.0854415893554688 0.00962066650390625 0.12689208984375
0.0744781494140625 -0.107025146484375 0.00527954101562501 0.151290893554688
0.105125427246094 -0.0936965942382813 -0.0345916748046875 0.14776611328125
0.133552551269531 -0.0264663696289062 -0.0737380981445313 0.122993469238281
0.129646301269531 0.0490875244140625 -0.086517333984375 0.062408447265625
0.0317840576171875 0.1441650390625 -0.0651779174804688 0.0119171142578125
-0.09246826171875 0.146774291992188 -0.0203781127929687 0.09466552734375
-0.163681030273437 0.0750885009765625 -0.127288818359375 0.212692260742188
0.117713928222656 0.0330047607421875 0.127716064453125 -0.206268310546875
0.0930862426757813 -0.091278076171875 0.0519561767578125 -0.0894088745117188
-0.0171890258789063 -0.103233337402344 0.076873779296875 -0.0138168334960938
-0.0773544311523438 -0.052001953125 0.127723693847656 -0.0626296997070313
-0.0828094482421875 0.00409698486328123 0.109878540039063 -0.141220092773438
-0.0728530883789063 0.0606613159179688 0.04779052734375 -0.188644409179688
-0.0490036010742188 0.0534934997558594 -0.00866699218749999 -0.191360473632813
-0.0499649047851562 0.0386886596679688 -0.0120697021484375 -0.154891967773438
-0.0753097534179687 0.0373687744140625 0.00661468505859375 -0.117393493652344
-0.0771102905273438 -0.0207061767578125 0.019805908203125 -0.0765838623046875
-0.0351715087890625 -0.079254150390625 -0.00923156738281251 -0.0317821502685547
0.0313339233398437 -0.08319091796875 -0.0495147705078125 -0.0557098388671875
0.114341735839844 -0.0252609252929688 -0.068084716796875 -0.15509033203125
0.140182495117188 0.0517501831054688 -0.0332794189453125 -0.243392944335937
0.102890014648437 0.106422424316406 0.011932373046875 -0.214813232421875
0.0826492309570313 0.123970031738281 0.171035766601563 -0.1783447265625
0.1082763671875 0.002166748046875 0.08837890625 -0.0709075927734375
0.0326499938964844 -0.0447654724121094 0.103927612304688 -0.00382232666015625
-0.0065155029296875 -0.0403709411621094 0.160690307617188 -0.0584716796875
-0.0240898132324219 -0.0218048095703125 0.136703491210937 -0.145462036132813
-0.0380744934082031 0.00141525268554687 0.065185546875 -0.205886840820312
-0.0332088470458984 -0.012359619140625 0.00488281250000001 -0.208328247070313
-0.0287857055664063 -0.021484375 -0.00296020507812499 -0.165451049804688
-0.0446319580078125 -0.0278129577636719 0.0186767578125 -0.122077941894531
-0.0243873596191406 -0.0657882690429688 0.0359039306640625 -0.0745468139648438
0.0311660766601563 -0.0841217041015625 0.00391197204589844 -0.0190639495849609
0.088775634765625 -0.05419921875 -0.040557861328125 -0.0289039611816406
0.130195617675781 0.0423965454101563 -0.07958984375 -0.1168212890625
0.124534606933594 0.136825561523438 -0.039794921875 -0.19708251953125
0.0706329345703125 0.185638427734375 0.0214080810546875 -0.160629272460938
0.0262298583984375 0.202011108398438 0.20172119140625 -0.114959716796875
0.0989761352539063 0.10699462890625 0.121818542480469 -0.0222549438476562
0.0764541625976563 0.0358505249023438 0.131332397460937 0.0217437744140625
0.0738143920898438 -0.01116943359375 0.189849853515625 -0.042022705078125
0.0479087829589844 -0.039825439453125 0.15673828125 -0.133636474609375
0.00937271118164063 -0.0595321655273438 0.079193115234375 -0.201812744140625
-0.0102005004882812 -0.078369140625 0.0192413330078125 -0.198745727539063
-0.002960205078125 -0.0796432495117188 0.00677490234374999 -0.149871826171875
-0.0116119384765625 -0.0896682739257813 0.02679443359375 -0.10333251953125
0.0228118896484375 -0.1053466796875 0.0410385131835938 -0.0568504333496094
0.08465576171875 -0.0886306762695312 0.00783252716064454 0.00028467178344726
0.132514953613281 -0.0365066528320313 -0.0360527038574219 -0.00198745727539062
0.142471313476563 0.08599853515625 -0.0863723754882813 -0.07550048828125
0.109832763671875 0.191665649414062 -0.0400924682617187 -0.1373291015625
0.0390167236328125 0.237106323242188 0.0205612182617188 -0.08740234375
-0.0434112548828125 0.246566772460938 0.2073974609375 -0.0235595703125
0.0575103759765625 0.199996948242188 0.141021728515625 0.0539093017578125
0.0972671508789063 0.125846862792969 0.150253295898438 0.0614166259765625
0.14361572265625 0.0370635986328125 0.203826904296875 -0.0099639892578125
0.121063232421875 -0.041168212890625 0.1627197265625 -0.101760864257813
0.0640716552734375 -0.108528137207031 0.085205078125 -0.171432495117188
0.0186843872070313 -0.133064270019531 0.0321197509765625 -0.1605224609375
0.0233230590820312 -0.125099182128906 0.0155792236328125 -0.109840393066406
0.0193252563476562 -0.138961791992187 0.0292816162109375 -0.0650711059570313
0.0603866577148437 -0.137908935546875 0.0375289916992188 -0.0258255004882813
0.123825073242188 -0.0917816162109375 0.00567245483398438 0.0233535766601562
0.162399291992188 -0.024200439453125 -0.0331802368164063 0.0199623107910156
0.145248413085938 0.111541748046875 -0.0806045532226562 -0.0407485961914063
0.08984375 0.2198486328125 -0.0256423950195312 -0.0770416259765625
0.00456237792968749 0.258377075195313 0.0150356292724609 -0.00711631774902342
-0.108078002929688 0.242431640625 0.182327270507813 0.0780181884765625
-0.00721740722656248 0.248870849609375 0.13385009765625 0.142227172851563
0.0807952880859375 0.196945190429688 0.151123046875 0.10748291015625
0.176528930664062 0.095062255859375 0.194229125976563 0.0297393798828125
0.173309326171875 -0.0206451416015625 0.147201538085937 -0.057708740234375
0.114105224609375 -0.130294799804688 0.0775222778320313 -0.119338989257813
0.0474395751953125 -0.16461181640625 0.0366439819335938 -0.0989761352539063
0.0452423095703125 -0.15081787109375 0.0220489501953125 -0.0521125793457031
0.04498291015625 -0.16827392578125 0.0290145874023438 -0.0133953094482422
0.087127685546875 -0.15692138671875 0.0269374847412109 0.0151767730712891
0.14892578125 -0.09014892578125 -0.00444030761718749 0.0488014221191406
0.177459716796875 -0.010223388671875 -0.0348472595214844 0.0350532531738281
0.133926391601563 0.130912780761719 -0.0682907104492187 -0.0180625915527344
0.057525634765625 0.22845458984375 -0.00409698486328125 -0.0229015350341797
-0.0359039306640625 0.25177001953125 0.00242614746093749 0.0706329345703125
-0.151168823242188 0.188690185546875 0.134902954101563 0.168792724609375
-0.072998046875 0.234283447265625 0.105239868164063 0.218551635742188
0.030364990234375 0.218582153320313 0.134323120117188 0.144668579101563
0.16021728515625 0.138519287109375 0.161270141601563 0.063568115234375
0.185150146484375 0.011932373046875 0.111045837402344 -0.013885498046875
0.14385986328125 -0.122802734375 0.0560493469238281 -0.0584754943847656
0.0704803466796875 -0.167327880859375 0.0314922332763672 -0.0276298522949219
0.0604705810546875 -0.153030395507812 0.0233345031738281 0.0124702453613281
0.061431884765625 -0.174179077148438 0.0261344909667969 0.0450363159179687
0.102508544921875 -0.157501220703125 0.0114097595214844 0.0614471435546875
0.158920288085938 -0.0811614990234375 -0.0214767456054687 0.0751266479492187
0.179458618164063 0.007598876953125 -0.0444221496582031 0.0449409484863281
0.1116943359375 0.146713256835938 -0.0573806762695312 -0.00554656982421873
0.012359619140625 0.223281860351563 0.0106945037841797 0.0229015350341797
-0.083160400390625 0.219863891601563 -0.0210800170898438 0.138572692871094
-0.16290283203125 0.0962371826171875 0.080047607421875 0.225860595703125
-0.117645263671875 0.162643432617188 0.0677490234375 0.26251220703125
-0.0283203125 0.182830810546875 0.110107421875 0.158981323242188
0.102874755859375 0.148406982421875 0.11846923828125 0.07861328125
0.154983520507813 0.0424041748046875 0.0662155151367188 0.0162544250488281
0.144149780273438 -0.0891265869140625 0.0262966156005859 -0.00135803222656251
0.0801849365234375 -0.142135620117187 0.0204849243164063 0.0403327941894531
0.0650100708007813 -0.133003234863281 0.0228805541992188 0.0753707885742188
0.0675811767578125 -0.154342651367187 0.0214767456054688 0.10211181640625
0.105239868164063 -0.140106201171875 -0.007598876953125 0.107864379882812
0.153915405273438 -0.0643463134765625 -0.0441360473632812 0.101181030273438
0.164657592773437 0.0240478515625 -0.0617485046386719 0.0543060302734375
0.0814208984375 0.152603149414063 -0.0560073852539062 0.00346374511718751
-0.0354156494140625 0.201644897460938 0.00925445556640624 0.062774658203125
-0.124969482421875 0.165252685546875 -0.060638427734375 0.188705444335938
-0.14605712890625 -0.0116424560546875 0.0334930419921875 0.24127197265625
-0.134407043457031 0.05987548828125 0.0405120849609375 0.26812744140625
-0.0756072998046875 0.105552673339844 0.091949462890625 0.151870727539062
0.0288925170898438 0.122657775878906 0.0811080932617188 0.0741043090820313
0.0968093872070313 0.0594940185546875 0.0266456604003906 0.0288944244384766
0.117317199707031 -0.0424346923828125 -0.00334548950195311 0.0419921875
0.0769729614257813 -0.0947418212890625 0.00554656982421876 0.0942153930664063
0.0610733032226563 -0.092010498046875 0.018463134765625 0.126785278320313
0.0643081665039063 -0.113426208496094 0.013336181640625 0.15179443359375
0.0936737060546875 -0.10333251953125 -0.028411865234375 0.15069580078125
0.130714416503906 -0.0399703979492188 -0.0691986083984375 0.1260986328125
0.134956359863281 0.03631591796875 -0.0839767456054688 0.0632858276367187
0.0443572998046875 0.14129638671875 -0.0647621154785156 0.0103683471679688
-0.07733154296875 0.1568603515625 -0.0105209350585938 0.091705322265625
-0.152877807617188 0.0902862548828125 -0.111892700195313 0.217498779296875
0.11834716796875 0.0255508422851563 0.119491577148438 -0.212554931640625
0.0857009887695313 -0.0949783325195312 0.044769287109375 -0.0890426635742188
-0.0230712890625 -0.10040283203125 0.0763626098632813 -0.0117263793945313
-0.079986572265625 -0.0461196899414063 0.129440307617188 -0.0642929077148438
-0.0827484130859375 0.00989532470703124 0.107955932617187 -0.146743774414063
-0.0667572021484375 0.0658683776855469 0.04339599609375 -0.194580078125
-0.0446968078613281 0.0562667846679688 -0.016204833984375 -0.194320678710938
-0.0465621948242188 0.0411338806152344 -0.0195465087890625 -0.157257080078125
-0.0699005126953125 0.0429191589355469 -0.00128936767578124 -0.12054443359375
-0.0764007568359375 -0.0134658813476562 0.0145797729492187 -0.0825881958007812
-0.0408172607421875 -0.07464599609375 -0.00975418090820313 -0.0390739440917969
0.0250320434570312 -0.0840225219726563 -0.0466537475585937 -0.0598335266113281
0.111114501953125 -0.0328140258789063 -0.0663604736328125 -0.15576171875
0.141326904296875 0.0410614013671875 -0.0363006591796875 -0.244155883789063
0.107864379882813 0.0987396240234375 0.00723266601562503 -0.220474243164063
0.0861968994140625 0.120841979980469 0.16387939453125 -0.186843872070312
0.105331420898437 -0.00118255615234375 0.0801010131835937 -0.0726242065429687
0.0305824279785156 -0.0426979064941406 0.102104187011719 -0.0020751953125
-0.00775909423828125 -0.0370025634765625 0.161148071289063 -0.0609130859375
-0.0238361358642578 -0.0185298919677734 0.133712768554688 -0.151336669921875
-0.0337886810302734 0.00418281555175782 0.059326171875 -0.211776733398438
-0.0310897827148438 -0.0119361877441406 -0.00505065917968751 -0.21185302734375
-0.0279312133789063 -0.0212726593017578 -0.0130462646484375 -0.167953491210938
-0.0421104431152344 -0.02630615234375 0.00885772705078124 -0.126121520996094
-0.0250587463378906 -0.0620536804199219 0.0291595458984375 -0.0827865600585938
0.0266494750976562 -0.0832290649414063 0.00238990783691407 -0.0270347595214844
0.0854949951171875 -0.05609130859375 -0.038360595703125 -0.0355491638183594
0.130439758300781 0.0371627807617188 -0.0767059326171875 -0.118087768554688
0.128776550292969 0.129257202148437 -0.0421142578125 -0.1988525390625
0.0777130126953125 0.18121337890625 0.0185546875 -0.167739868164063
0.0331268310546875 0.204055786132813 0.196319580078125 -0.125274658203125
0.100090026855469 0.106010437011719 0.114723205566406 -0.026641845703125
0.0790481567382813 0.0384445190429688 0.129142761230469 0.0218048095703125
0.0752639770507812 -0.011016845703125 0.18963623046875 -0.0452880859375
0.0492630004882812 -0.0403594970703125 0.154281616210938 -0.138717651367187
0.0106544494628906 -0.0595817565917969 0.0726776123046875 -0.205841064453125
-0.0112457275390625 -0.0797500610351563 0.00909423828124999 -0.201828002929688
-0.00514984130859375 -0.0815505981445312 -0.00344848632812499 -0.152191162109375
-0.012481689453125 -0.0905303955078125 0.0167312622070312 -0.107147216796875
0.020782470703125 -0.107032775878906 0.0334663391113281 -0.0652427673339844
0.0822677612304688 -0.0922470092773438 0.00563478469848633 -0.00761556625366212
0.132171630859375 -0.0408554077148438 -0.034942626953125 -0.00952339172363281
0.146591186523438 0.0825653076171875 -0.0834274291992187 -0.0775146484375
0.117935180664063 0.188446044921875 -0.041168212890625 -0.140525817871094
0.0473785400390625 0.236495971679688 0.019744873046875 -0.095855712890625
-0.0348052978515625 0.254150390625 0.204086303710938 -0.0344390869140625
0.0642547607421875 0.202133178710938 0.135826110839844 0.0478134155273438
0.104621887207031 0.129165649414063 0.148269653320313 0.0602264404296875
0.148635864257813 0.033966064453125 0.203689575195313 -0.013946533203125
0.12310791015625 -0.045867919921875 0.1597900390625 -0.106109619140625
0.0633163452148438 -0.111862182617188 0.078857421875 -0.174163818359375
0.0141448974609375 -0.136550903320313 0.0230255126953125 -0.162887573242188
0.0183029174804688 -0.129646301269531 0.00667572021484374 -0.112266540527344
0.014801025390625 -0.143295288085938 0.0208396911621094 -0.068115234375
0.05572509765625 -0.142333984375 0.0300045013427734 -0.0322208404541016
0.122001647949219 -0.0996627807617188 0.00169754028320313 0.0161800384521484
0.164413452148438 -0.031005859375 -0.0334625244140625 0.0130043029785156
0.152389526367188 0.110549926757812 -0.0796279907226563 -0.0435867309570312
0.10064697265625 0.219650268554688 -0.02618408203125 -0.0822677612304687
0.014556884765625 0.261489868164063 0.0165805816650391 -0.0149860382080078
-0.100799560546875 0.2542724609375 0.183685302734375 0.0689239501953125
0.00289916992187499 0.254180908203125 0.133430480957031 0.134902954101563
0.0911865234375 0.201446533203125 0.149703979492188 0.105865478515625
0.18499755859375 0.0908355712890625 0.194305419921875 0.0269927978515625
0.176513671875 -0.029144287109375 0.145248413085938 -0.0601348876953125
0.110710144042969 -0.136459350585938 0.072265625 -0.120704650878906
0.04095458984375 -0.170440673828125 0.0301132202148437 -0.101577758789063
0.0387115478515625 -0.158035278320313 0.0154495239257813 -0.0537338256835938
0.0376739501953125 -0.174606323242188 0.0226097106933594 -0.0146713256835938
0.0804901123046875 -0.163726806640625 0.0205898284912109 0.0109405517578125
0.14825439453125 -0.100631713867188 -0.00790405273437499 0.0441017150878906
0.181777954101563 -0.0186920166015625 -0.0363388061523437 0.0288887023925781
0.14361572265625 0.130630493164063 -0.0679512023925781 -0.021759033203125
0.0697479248046875 0.232330322265625 -0.00414657592773437 -0.0280895233154297
-0.0256500244140625 0.257476806640625 0.006500244140625 0.0647315979003906
-0.145767211914063 0.201797485351563 0.138809204101563 0.161529541015625
-0.0635833740234375 0.243209838867188 0.107421875 0.212310791015625
0.040771484375 0.226089477539063 0.1334228515625 0.142715454101563
0.170608520507813 0.133682250976563 0.161300659179688 0.0607452392578125
0.190261840820313 0.0024261474609375 0.109428405761719 -0.0144729614257813
0.1390380859375 -0.131011962890625 0.0521278381347656 -0.0576896667480469
0.062591552734375 -0.174148559570313 0.0293693542480469 -0.0289459228515625
0.0524444580078125 -0.161056518554688 0.0215549468994141 0.0114517211914062
0.0524749755859375 -0.18096923828125 0.0225715637207031 0.044403076171875
0.0948944091796875 -0.166915893554688 0.00811767578125001 0.0597496032714844
0.158432006835938 -0.0924224853515625 -0.0245513916015625 0.0729217529296875
0.18365478515625 -0.0021209716796875 -0.0467185974121094 0.0416030883789063
0.121749877929688 0.146453857421875 -0.0589981079101563 -0.00841140747070313
0.0255584716796875 0.229293823242188 0.0126533508300781 0.017599105834961
-0.07244873046875 0.228240966796875 -0.0156097412109375 0.134735107421875
-0.160568237304688 0.110198974609375 0.0860595703125 0.223312377929688
-0.111602783203125 0.173202514648438 0.072418212890625 0.2586669921875
-0.0196685791015625 0.191421508789063 0.10919189453125 0.157806396484375
0.11480712890625 0.14544677734375 0.118064880371094 0.0779190063476563
0.1607666015625 0.032989501953125 0.0654029846191406 0.0185546875
0.139938354492188 -0.098541259765625 0.0255413055419922 0.00193786621093749
0.072235107421875 -0.149093627929688 0.0223655700683594 0.0404396057128906
0.0578460693359375 -0.140121459960938 0.0244140625 0.074676513671875
0.058502197265625 -0.162399291992187 0.0215530395507813 0.103157043457031
0.0970916748046875 -0.149383544921875 -0.00799560546874998 0.108840942382812
0.152572631835938 -0.0752410888671875 -0.045562744140625 0.102386474609375
0.169845581054688 0.0142974853515625 -0.0635108947753906 0.0532875061035156
0.0910491943359375 0.152267456054688 -0.0577011108398438 0.000389099121093753
-0.0235748291015625 0.208755493164062 0.013092041015625 0.0575218200683594
-0.116546630859375 0.174880981445313 -0.053741455078125 0.18951416015625
-0.149566650390625 -0.000885009765625015 0.0396728515625 0.24334716796875
-0.131011962890625 0.0709991455078125 0.0457763671875 0.266387939453125
-0.0693435668945313 0.114692687988281 0.0917510986328125 0.1502685546875
0.0394515991210938 0.122116088867188 0.080657958984375 0.0757369995117188
0.102928161621094 0.0527801513671875 0.0266304016113281 0.03338623046875
0.113868713378906 -0.0511856079101563 -0.00138092041015624 0.0477180480957031
0.0702285766601563 -0.101089477539063 0.0114288330078125 0.0963897705078125
0.0548171997070313 -0.0980911254882812 0.0244064331054687 0.126800537109375
0.0565643310546875 -0.119544982910156 0.0169525146484375 0.153610229492188
0.0866775512695313 -0.110755920410156 -0.0265655517578125 0.153427124023438
0.129119873046875 -0.0497283935546875 -0.069793701171875 0.128532409667969
0.138053894042969 0.028411865234375 -0.086273193359375 0.0634002685546875
0.0521011352539063 0.140556335449219 -0.0653800964355469 0.00775527954101565
-0.0667266845703125 0.163299560546875 -0.00400543212890625 0.0892181396484375
-0.146408081054688 0.1005859375 -0.104202270507812 0.221817016601563
0.121917724609375 0.0206756591796875 0.117706298828125 -0.22357177734375
0.0823135375976563 -0.0998077392578125 0.0398635864257812 -0.0903167724609375
-0.0279083251953125 -0.1009521484375 0.0782089233398437 -0.00933837890625001
-0.0835494995117188 -0.0418701171875 0.134391784667969 -0.0662765502929688
-0.084381103515625 0.0158843994140625 0.110382080078125 -0.156051635742188
-0.0625534057617188 0.0716476440429687 0.0412750244140625 -0.206939697265625
-0.0409317016601562 0.0595817565917969 -0.0226593017578125 -0.202468872070312
-0.04486083984375 0.0445938110351563 -0.0276336669921875 -0.163803100585938
-0.066162109375 0.0478515625 -0.00784301757812502 -0.126708984375
-0.0774154663085938 -0.00753784179687499 0.00828552246093749 -0.091400146484375
-0.0469207763671875 -0.0721435546875 -0.0112533569335938 -0.0465545654296875
0.0209426879882812 -0.0864639282226562 -0.045745849609375 -0.0669937133789063
0.111137390136719 -0.0405654907226563 -0.065948486328125 -0.161392211914063
0.145339965820313 0.0339508056640625 -0.0394744873046875 -0.2523193359375
0.114356994628906 0.094573974609375 0.00373840332031253 -0.232986450195313
0.0916519165039063 0.122306823730469 0.163131713867188 -0.198287963867187
0.106071472167969 -0.00281524658203125 0.0756912231445313 -0.0750274658203125
0.0305557250976563 -0.0413703918457031 0.104011535644531 -0.000106811523437503
-0.00718307495117188 -0.0342750549316406 0.167190551757813 -0.06439208984375
-0.0233020782470703 -0.0165138244628906 0.136184692382813 -0.160858154296875
-0.0307350158691406 0.00551605224609375 0.056365966796875 -0.223602294921875
-0.0299358367919922 -0.0123538970947266 -0.01287841796875 -0.2203369140625
-0.0277824401855469 -0.0223541259765625 -0.0217742919921875 -0.174301147460938
-0.0409736633300781 -0.0251998901367188 0.000473022460937487 -0.132369995117187
-0.0250434875488281 -0.0616950988769531 0.0227432250976563 -0.091705322265625
0.0241165161132812 -0.0843353271484375 0.000160217285156255 -0.0355033874511719
0.0850982666015625 -0.0600051879882813 -0.0375938415527344 -0.0427322387695313
0.134666442871094 0.0340576171875 -0.0761489868164063 -0.123985290527344
0.135505676269531 0.128150939941406 -0.04437255859375 -0.207122802734375
0.0851287841796875 0.18267822265625 0.0170440673828125 -0.180221557617188
0.0398101806640625 0.21234130859375 0.197586059570313 -0.1370849609375
0.104484558105469 0.108879089355469 0.111434936523438 -0.0295791625976563
0.083831787109375 0.042449951171875 0.131088256835938 0.0237274169921875
0.0792770385742188 -0.011138916015625 0.194808959960938 -0.0490875244140625
0.0520515441894531 -0.042938232421875 0.156402587890625 -0.147262573242188
0.012725830078125 -0.0618209838867187 0.0691680908203125 -0.215499877929688
-0.0120468139648438 -0.0839462280273437 0.000289916992187517 -0.209548950195313
-0.00734710693359374 -0.0861434936523438 -0.0130615234375 -0.15777587890625
-0.0140228271484375 -0.0948257446289062 0.00751495361328126 -0.113082885742188
0.019012451171875 -0.110847473144531 0.026885986328125 -0.0736007690429688
0.0828628540039063 -0.097015380859375 0.00163841247558594 -0.0153875350952148
0.136154174804688 -0.0453262329101563 -0.0354080200195312 -0.0169181823730469
0.15386962890625 0.082305908203125 -0.083587646484375 -0.0828170776367188
0.127578735351563 0.191848754882812 -0.04327392578125 -0.149169921875
0.055084228515625 0.242813110351562 0.02001953125 -0.10675048828125
-0.028961181640625 0.2677001953125 0.207199096679688 -0.044158935546875
0.0716705322265625 0.209991455078125 0.134819030761719 0.0446395874023438
0.113670349121094 0.135780334472656 0.150146484375 0.06329345703125
0.157882690429688 0.0328216552734375 0.208999633789063 -0.0162200927734375
0.128890991210937 -0.0520172119140625 0.162216186523437 -0.112716674804687
0.0642013549804688 -0.117164611816406 0.0753021240234375 -0.181015014648438
0.011383056640625 -0.143936157226563 0.01556396484375 -0.16986083984375
0.013824462890625 -0.137641906738281 -0.00135040283203125 -0.116889953613281
0.0112152099609375 -0.1513671875 0.0128555297851562 -0.0714340209960938
0.053619384765625 -0.15081787109375 0.023712158203125 -0.0382080078125
0.125114440917969 -0.108009338378906 -0.0029764175415039 0.0105018615722656
0.171401977539063 -0.0375823974609375 -0.0357894897460937 0.00677108764648437
0.162689208984375 0.112884521484375 -0.0799407958984375 -0.0484619140625
0.112014770507813 0.227508544921875 -0.0279006958007812 -0.0891342163085937
0.0225677490234375 0.271240234375 0.0185832977294922 -0.0230178833007812
-0.095794677734375 0.271743774414063 0.188034057617188 0.063140869140625
0.0103759765625 0.26678466796875 0.134628295898438 0.134162902832031
0.10321044921875 0.212020874023438 0.151840209960938 0.109146118164063
0.19793701171875 0.0886383056640625 0.199981689453125 0.02557373046875
0.18426513671875 -0.0371551513671875 0.1478271484375 -0.0630950927734375
0.111862182617188 -0.1468505859375 0.0698089599609375 -0.123725891113281
0.0353546142578125 -0.17974853515625 0.0253143310546875 -0.106010437011719
0.0333251953125 -0.167236328125 0.0109786987304688 -0.0564651489257813
0.031982421875 -0.184906005859375 0.0170125961303711 -0.0157461166381836
0.07666015625 -0.175750732421875 0.0157623291015625 0.00820732116699218
0.151382446289063 -0.112457275390625 -0.0126953125 0.0413894653320312
0.190460205078125 -0.0272979736328125 -0.0399436950683594 0.0244941711425781
0.156021118164063 0.13336181640625 -0.0704727172851562 -0.0256195068359375
0.0821685791015625 0.242431640625 -0.00326728820800781 -0.0346813201904297
-0.0176849365234375 0.270736694335938 0.00917434692382813 0.0602951049804688
-0.145156860351562 0.220245361328125 0.14483642578125 0.16119384765625
-0.057159423828125 0.257476806640625 0.110931396484375 0.214279174804688
0.0531158447265625 0.239776611328125 0.135238647460938 0.145553588867188
0.185409545898437 0.1337890625 0.165496826171875 0.06146240234375
0.200027465820313 -0.0065155029296875 0.111747741699219 -0.0143585205078125
0.139999389648438 -0.1422119140625 0.0515708923339844 -0.0570259094238281
0.0565643310546875 -0.184524536132812 0.0285491943359375 -0.0306491851806641
0.0469207763671875 -0.171600341796875 0.0209541320800781 0.011016845703125
0.0455169677734375 -0.19256591796875 0.0197563171386719 0.0465469360351562
0.089996337890625 -0.179244995117188 0.00430679321289064 0.0608024597167969
0.162002563476562 -0.104660034179687 -0.0288925170898437 0.074310302734375
0.193344116210938 -0.0116119384765625 -0.0513877868652344 0.0392608642578125
0.134429931640625 0.150466918945313 -0.0621109008789062 -0.012481689453125
0.0375518798828125 0.239761352539063 0.0138683319091797 0.0126008987426758
-0.0661468505859375 0.241668701171875 -0.0120697021484375 0.135078430175781
-0.16412353515625 0.125579833984375 0.091796875 0.227874755859375
-0.108444213867188 0.187744140625 0.0777435302734375 0.263031005859375
-0.0105133056640625 0.204681396484375 0.111663818359375 0.162506103515625
0.127960205078125 0.146682739257813 0.121673583984375 0.0804290771484375
0.171371459960937 0.0261383056640625 0.0678596496582031 0.0219535827636719
0.14044189453125 -0.109878540039062 0.0261878967285156 0.00585174560546874
0.066802978515625 -0.159774780273438 0.0240097045898438 0.041534423828125
0.0516510009765625 -0.150009155273438 0.0270919799804687 0.0763320922851563
0.0518646240234375 -0.172714233398438 0.0219802856445313 0.107208251953125
0.0924072265625 -0.161636352539063 -0.00991821289062499 0.113426208496094
0.15594482421875 -0.0869140625 -0.0494766235351562 0.106521606445313
0.178359985351563 0.0060272216796875 -0.0689811706542968 0.053192138671875
0.102203369140625 0.15673828125 -0.0608139038085938 -0.00264358520507811
-0.013519287109375 0.219390869140625 0.0166435241699219 0.0543060302734375
-0.112472534179688 0.188308715820313 -0.0489959716796875 0.19464111328125
-0.155410766601563 0.00854492187499997 0.0449371337890625 0.251419067382813
-0.132247924804688 0.081451416015625 0.0498809814453125 0.273147583007813
-0.0647659301757813 0.125709533691406 0.0924072265625 0.15386962890625
0.0496292114257812 0.124313354492188 0.0817642211914063 0.0794677734375
0.11053466796875 0.0467910766601563 0.0283393859863281 0.0397720336914062
0.113525390625 -0.0603179931640625 0.00152206420898438 0.0533599853515625
0.0648727416992188 -0.109130859375 0.016876220703125 0.0992202758789062
0.0505905151367187 -0.1058349609375 0.02972412109375 0.130027770996094
0.0512771606445313 -0.127182006835938 0.021514892578125 0.159683227539063
0.0818939208984375 -0.120254516601563 -0.0259246826171875 0.160552978515625
0.131736755371094 -0.0597610473632812 -0.0728759765625 0.135093688964844
0.144073486328125 0.0210418701171875 -0.0909423828125 0.0646438598632812
0.0610198974609375 0.144058227539063 -0.0690116882324219 0.00567245483398439
-0.0597991943359375 0.172836303710938 0.000907897949218753 0.0879440307617188
-0.145095825195313 0.11004638671875 -0.100128173828125 0.231414794921875
0.1279296875 0.0139312744140625 0.114303588867188 -0.242279052734375
0.0780105590820313 -0.108871459960938 0.0352325439453125 -0.0936431884765625
-0.034881591796875 -0.103416442871094 0.0826416015625 -0.00873565673828126
-0.0898361206054687 -0.03753662109375 0.142486572265625 -0.073883056640625
-0.0871200561523437 0.0243148803710938 0.111053466796875 -0.170318603515625
-0.0589141845703125 0.0800552368164063 0.0337677001953125 -0.225067138671875
-0.0376129150390625 0.0655784606933594 -0.0347137451171875 -0.215164184570312
-0.0426902770996094 0.0496253967285156 -0.0391387939453125 -0.172622680664063
-0.062652587890625 0.0550804138183594 -0.0178070068359375 -0.13543701171875
-0.0802764892578125 -0.00123596191406252 0.000198364257812495 -0.101005554199219
-0.0545310974121094 -0.0698890686035156 -0.0142555236816406 -0.0549354553222656
0.0151138305664063 -0.0909576416015625 -0.0482864379882812 -0.0752792358398438
0.112747192382813 -0.0494613647460938 -0.0709686279296875 -0.170059204101563
0.152450561523438 0.02520751953125 -0.048309326171875 -0.26715087890625
0.125106811523438 0.090911865234375 -0.0031585693359375 -0.251602172851563
0.101417541503906 0.124870300292969 0.1632080078125 -0.218673706054688
0.108863830566406 -0.0062103271484375 0.0722808837890625 -0.0800323486328125
0.0303955078125 -0.0417060852050781 0.109825134277344 0.000198364257812497
-0.00760269165039063 -0.0343341827392578 0.175323486328125 -0.0726318359375
-0.0232963562011719 -0.0146827697753906 0.138198852539063 -0.176162719726563
-0.0283184051513672 0.00802612304687499 0.0487213134765625 -0.241455078125
-0.0302276611328125 -0.0122795104980469 -0.02642822265625 -0.233993530273438
-0.0291976928710937 -0.0230236053466797 -0.0353546142578125 -0.183517456054687
-0.0411109924316406 -0.0250167846679688 -0.0104522705078125 -0.141845703125
-0.0279579162597656 -0.0622749328613281 0.0139999389648438 -0.103347778320312
0.0210723876953125 -0.0875015258789062 -0.00366592407226562 -0.0448684692382813
0.0864028930664062 -0.0659332275390625 -0.0400314331054687 -0.0511627197265625
0.142410278320313 0.0294342041015625 -0.0814361572265625 -0.130996704101563
0.147659301757813 0.12725830078125 -0.052337646484375 -0.219512939453125
0.097747802734375 0.188400268554688 0.0125274658203125 -0.1971435546875
0.0511932373046875 0.224563598632813 0.200851440429688 -0.155426025390625
0.114570617675781 0.112525939941406 0.110305786132813 -0.0344314575195312
0.092742919921875 0.0447845458984375 0.137641906738281 0.0247344970703125
0.0862197875976563 -0.0139312744140625 0.205169677734375 -0.0572509765625
0.0552940368652344 -0.0472869873046875 0.158920288085937 -0.162246704101562
0.0142860412597656 -0.0662689208984375 0.0633544921875 -0.231719970703125
-0.01605224609375 -0.0894622802734375 -0.0126495361328125 -0.222183227539063
-0.011474609375 -0.0922088623046875 -0.0260772705078125 -0.166595458984375
-0.0174331665039062 -0.101081848144531 -0.00357818603515625 -0.120384216308594
0.0161972045898437 -0.118507385253906 0.0173568725585938 -0.0837478637695313
0.0830917358398438 -0.106651306152344 -0.00293922424316406 -0.0233936309814453
0.142623901367188 -0.053955078125 -0.0380592346191406 -0.0242233276367188
0.167343139648438 0.0816802978515625 -0.0880355834960937 -0.0889053344726563
0.143783569335938 0.19732666015625 -0.0496826171875 -0.1590576171875
0.069854736328125 0.254531860351563 0.0187530517578125 -0.120399475097656
-0.017974853515625 0.28863525390625 0.214447021484375 -0.05792236328125
0.0848846435546875 0.221527099609375 0.136886596679688 0.0414886474609375
0.1295166015625 0.143966674804688 0.15869140625 0.0649261474609375
0.171401977539063 0.0279693603515625 0.2198486328125 -0.0235443115234375
0.136024475097656 -0.061248779296875 0.1666259765625 -0.124176025390625
0.0649032592773437 -0.128318786621094 0.0709228515625 -0.192916870117188
0.00415039062500001 -0.155059814453125 0.00527954101562498 -0.180465698242188
0.00703430175781252 -0.149063110351563 -0.0114517211914062 -0.123847961425781
0.0041046142578125 -0.162460327148438 0.00347137451171876 -0.0766143798828125
0.048980712890625 -0.164764404296875 0.0153350830078125 -0.0456085205078125
0.12762451171875 -0.122604370117188 -0.00793266296386718 0.00615596771240234
0.18212890625 -0.0489044189453125 -0.0397720336914062 0.00130844116210937
0.180587768554687 0.114059448242187 -0.0849075317382812 -0.0537796020507813
0.131912231445313 0.237808227539063 -0.0315399169921875 -0.09796142578125
0.03668212890625 0.288421630859375 0.0197277069091797 -0.032052993774414
-0.088531494140625 0.297454833984375 0.198867797851563 0.0561981201171875
0.024688720703125 0.28509521484375 0.140449523925781 0.134841918945313
0.123489379882813 0.22509765625 0.160675048828125 0.1124267578125
0.217391967773437 0.0850067138671875 0.210220336914063 0.02117919921875
0.196151733398438 -0.051025390625 0.152801513671875 -0.0711822509765625
0.112274169921875 -0.1617431640625 0.06793212890625 -0.130752563476562
0.027313232421875 -0.194076538085937 0.0190048217773438 -0.112724304199219
0.02435302734375 -0.181915283203125 0.00492477416992188 -0.0608711242675781
0.02227783203125 -0.20111083984375 0.011927604675293 -0.0162973403930664
0.0712890625 -0.19317626953125 0.00975704193115235 0.00592708587646483
0.155685424804688 -0.1302490234375 -0.0179786682128906 0.0413742065429687
0.203109741210938 -0.03973388671875 -0.0449295043945312 0.0219650268554688
0.175735473632812 0.136978149414063 -0.0750961303710938 -0.02899169921875
0.10198974609375 0.25537109375 -0.00542449951171874 -0.0420341491699219
-0.0054931640625 0.290863037109375 0.01361083984375 0.0572509765625
-0.142990112304687 0.246063232421875 0.157180786132813 0.1632080078125
-0.046783447265625 0.280075073242188 0.120010375976563 0.22021484375
0.07208251953125 0.25653076171875 0.14453125 0.151153564453125
0.207260131835938 0.133041381835938 0.175369262695313 0.0608062744140625
0.21405029296875 -0.0197906494140625 0.1182861328125 -0.0160446166992187
0.140670776367188 -0.159332275390625 0.0523452758789063 -0.0584030151367188
0.048004150390625 -0.200607299804688 0.0270576477050781 -0.0336017608642578
0.0376129150390625 -0.187088012695313 0.0194435119628906 0.0110301971435547
0.0349578857421875 -0.209747314453125 0.0196075439453125 0.0503883361816406
0.0838623046875 -0.198501586914063 0.00144577026367188 0.0634841918945312
0.167037963867188 -0.123764038085938 -0.0325851440429687 0.0785446166992187
0.206161499023438 -0.02490234375 -0.0568313598632812 0.0401229858398438
0.15484619140625 0.154937744140625 -0.0666580200195313 -0.0143318176269531
0.0560455322265625 0.256256103515625 0.0158777236938477 0.0077800750732422
-0.0564117431640625 0.262405395507813 -0.00675964355468751 0.139350891113281
-0.167251586914063 0.14691162109375 0.104202270507812 0.237258911132813
-0.104248046875 0.207870483398438 0.0872650146484375 0.273666381835938
0.0024566650390625 0.223785400390625 0.119247436523438 0.1683349609375
0.147064208984375 0.148330688476563 0.128715515136719 0.082733154296875
0.1846923828125 0.01470947265625 0.0726547241210938 0.0248565673828125
0.141937255859375 -0.12603759765625 0.0289115905761719 0.00958442687988281
0.058837890625 -0.174148559570313 0.0275039672851563 0.042938232421875
0.0440826416015625 -0.164230346679688 0.0308837890625 0.0796279907226563
0.0423583984375 -0.188400268554688 0.0260086059570313 0.11474609375
0.0860595703125 -0.178695678710938 -0.00953674316406248 0.121223449707031
0.160751342773438 -0.10443115234375 -0.052093505859375 0.115119934082031
0.191329956054688 -0.0059814453125 -0.0742874145507812 0.056243896484375
0.120025634765625 0.162246704101563 -0.0660324096679688 -0.00347518920898436
0.00186157226562501 0.236114501953125 0.0211563110351562 0.0518569946289063
-0.1075439453125 0.207168579101562 -0.0433502197265625 0.205368041992188
-0.163604736328125 0.0227508544921875 0.05511474609375 0.265899658203125
-0.13433837890625 0.0975189208984375 0.059661865234375 0.2862548828125
-0.0594635009765625 0.14141845703125 0.0989837646484375 0.161422729492188
0.062896728515625 0.128120422363281 0.0867233276367188 0.08489990234375
0.12176513671875 0.0404281616210938 0.0324363708496094 0.0469131469726563
0.115608215332031 -0.072662353515625 0.00614547729492189 0.0612983703613281
0.0592498779296875 -0.120384216308594 0.0243148803710937 0.104682922363281
0.0443801879882812 -0.116844177246094 0.0388107299804688 0.136001586914063
0.0441055297851563 -0.139129638671875 0.0286102294921875 0.170013427734375
0.0774078369140625 -0.134666442871094 -0.0232391357421875 0.17205810546875
0.135711669921875 -0.0731353759765625 -0.074859619140625 0.14666748046875
0.155044555664063 0.0119476318359375 -0.0970687866210937 0.0709152221679687
0.0737152099609375 0.150314331054688 -0.0745391845703125 0.00583648681640625
-0.05084228515625 0.18792724609375 0.00690460205078124 0.0883407592773438
-0.144744873046875 0.12542724609375 -0.0954742431640625 0.248504638671875
0.134048461914063 0.00279998779296875 0.103317260742188 -0.266204833984375
0.0707168579101563 -0.119468688964844 0.0280075073242187 -0.0976486206054688
-0.0455856323242188 -0.105361938476563 0.0876617431640625 -0.0112075805664063
-0.0973892211914062 -0.0298995971679688 0.148849487304688 -0.0859527587890625
-0.0885772705078125 0.0359573364257812 0.105270385742188 -0.189620971679688
-0.0513839721679687 0.09063720703125 0.017547607421875 -0.244171142578125
-0.031768798828125 0.0730056762695313 -0.054931640625 -0.22674560546875
-0.0388259887695312 0.0562667846679688 -0.0574798583984375 -0.17974853515625
-0.0582847595214844 0.0635795593261719 -0.03338623046875 -0.143447875976563
-0.0816574096679688 0.00790405273437499 -0.0126800537109375 -0.109710693359375
-0.06414794921875 -0.0649337768554688 -0.0205268859863281 -0.063385009765625
0.00650787353515626 -0.0959243774414063 -0.0545425415039063 -0.0822296142578125
0.1124267578125 -0.0629348754882812 -0.0825347900390625 -0.17822265625
0.160293579101563 0.0118865966796875 -0.066497802734375 -0.281494140625
0.139228820800781 0.0837173461914063 -0.020294189453125 -0.27154541015625
0.115562438964844 0.124565124511719 0.15576171875 -0.244873046875
0.113235473632813 -0.0127792358398437 0.0667877197265625 -0.0866317749023438
0.03045654296875 -0.0437088012695312 0.115348815917969 -0.00325775146484375
-0.0090179443359375 -0.0337409973144531 0.182464599609375 -0.0873260498046875
-0.0242671966552734 -0.0117340087890625 0.133193969726563 -0.197036743164063
-0.0252590179443359 0.0105037689208984 0.031951904296875 -0.26171875
-0.0309333801269531 -0.0114154815673828 -0.0491790771484375 -0.246047973632813
-0.031585693359375 -0.0221347808837891 -0.05609130859375 -0.190963745117188
-0.0424652099609375 -0.0238876342773438 -0.0276031494140625 -0.149734497070313
-0.0324516296386719 -0.0621757507324219 -0.000106811523437515 -0.114151000976563
0.0153121948242188 -0.0912857055664062 -0.0105400085449219 -0.0538406372070313
0.085662841796875 -0.074951171875 -0.0449028015136719 -0.058746337890625
0.151870727539063 0.0204010009765625 -0.09088134765625 -0.136894226074219
0.164581298828125 0.121917724609375 -0.0679779052734375 -0.231643676757813
0.116744995117187 0.190261840820313 0.00033569335937502 -0.216506958007813
0.0713958740234375 0.235565185546875 0.199249267578125 -0.180435180664062
0.127952575683594 0.112777709960937 0.108901977539063 -0.0423355102539063
0.104194641113281 0.0442657470703125 0.146316528320313 0.021270751953125
0.0926361083984375 -0.0198745727539063 0.213272094726563 -0.0726318359375
0.0563926696777344 -0.0538787841796875 0.156539916992188 -0.18243408203125
0.0136871337890625 -0.0724334716796875 0.048187255859375 -0.2503662109375
-0.0235595703125 -0.095367431640625 -0.0337066650390625 -0.234237670898438
-0.0201034545898438 -0.097930908203125 -0.04559326171875 -0.173599243164062
-0.0256195068359375 -0.106597900390625 -0.0191726684570312 -0.127670288085938
0.00841522216796875 -0.126922607421875 0.00451660156250001 -0.093353271484375
0.0802154541015625 -0.119056701660156 -0.00988388061523437 -0.0306262969970703
0.147705078125 -0.068267822265625 -0.0436973571777344 -0.0303192138671875
0.184417724609375 0.0753021240234375 -0.096405029296875 -0.0927810668945313
0.167587280273438 0.1988525390625 -0.062469482421875 -0.169448852539063
0.092315673828125 0.265121459960938 0.011810302734375 -0.136268615722656
0.00350952148437502 0.310821533203125 0.220245361328125 -0.0788421630859375
0.107772827148437 0.231185913085937 0.14178466796875 0.0349578857421875
0.152816772460938 0.147216796875 0.169601440429687 0.061767578125
0.186569213867188 0.0177001953125 0.230087280273438 -0.0377044677734375
0.140899658203125 -0.0773773193359375 0.167404174804688 -0.142410278320313
0.060760498046875 -0.142181396484375 0.060516357421875 -0.208267211914063
-0.00827026367187499 -0.165771484375 -0.0119781494140625 -0.190536499023438
-0.00666809082031249 -0.159912109375 -0.02655029296875 -0.128402709960938
-0.00975036621093751 -0.174957275390625 -0.0078277587890625 -0.0802536010742188
0.038055419921875 -0.180068969726563 0.00472640991210938 -0.0523033142089844
0.126693725585938 -0.141921997070312 -0.0139799118041992 0.00292778015136718
0.1903076171875 -0.067626953125 -0.0456962585449219 -0.00267791748046876
0.20306396484375 0.1090087890625 -0.0927352905273437 -0.0555419921875
0.160659790039062 0.24371337890625 -0.0396575927734375 -0.106399536132813
0.0616455078125 0.3050537109375 0.0187797546386719 -0.0429344177246094
-0.069610595703125 0.3270263671875 0.212478637695313 0.043792724609375
0.049652099609375 0.30328369140625 0.151809692382813 0.132186889648438
0.15301513671875 0.23486328125 0.174209594726562 0.110977172851563
0.240631103515625 0.073394775390625 0.222305297851563 0.0103607177734375
0.205810546875 -0.0717926025390625 0.156600952148438 -0.0839385986328125
0.107284545898438 -0.182205200195313 0.0626983642578125 -0.141036987304688
0.0120391845703125 -0.209686279296875 0.00875091552734374 -0.120841979980469
0.00799560546875002 -0.19677734375 -0.00410079956054688 -0.0638771057128906
0.00398254394531249 -0.217208862304687 0.00614070892333984 -0.0161895751953125
0.0572662353515625 -0.212890625 0.00362133979797364 0.00397014617919921
0.154449462890625 -0.154205322265625 -0.0221443176269531 0.042449951171875
0.214263916015625 -0.0611114501953125 -0.0506858825683594 0.0220451354980469
0.202011108398438 0.134231567382813 -0.0822982788085937 -0.0300979614257813
0.13250732421875 0.265945434570312 -0.00866317749023437 -0.048797607421875
0.017974853515625 0.31109619140625 0.0186424255371094 0.0537033081054688
-0.1304931640625 0.27801513671875 0.17572021484375 0.161209106445313
-0.02587890625 0.303863525390625 0.1373291015625 0.223388671875
0.1015625 0.2724609375 0.159317016601563 0.1524658203125
0.234100341796875 0.123580932617188 0.1871337890625 0.0550537109375
0.226516723632813 -0.041778564453125 0.124107360839844 -0.022796630859375
0.136367797851563 -0.182205200195313 0.0519447326660156 -0.0613861083984375
0.0318145751953125 -0.218215942382813 0.0244789123535156 -0.0372734069824219
0.0204010009765625 -0.203353881835938 0.0182151794433594 0.0104446411132812
0.0159454345703125 -0.227554321289062 0.0210342407226562 0.0541343688964844
0.069122314453125 -0.219390869140625 0.00128173828125 0.0679779052734375
0.166641235351563 -0.148727416992187 -0.0344390869140625 0.0852813720703125
0.219039916992188 -0.0462799072265625 -0.0622749328613281 0.0440177917480469
0.181106567382812 0.154510498046875 -0.0732803344726562 -0.01495361328125
0.0838623046875 0.270034790039063 0.0172252655029297 0.00147056579589845
-0.037628173828125 0.28515625 0.00375366210937499 0.143524169921875
-0.164871215820312 0.1746826171875 0.12481689453125 0.245025634765625
-0.0920257568359375 0.233169555664062 0.106689453125 0.2830810546875
0.0255584716796875 0.242233276367187 0.1334228515625 0.1719970703125
0.171737670898438 0.144927978515625 0.138908386230469 0.081634521484375
0.19854736328125 -0.0038909912109375 0.0801849365234375 0.0252532958984375
0.138687133789063 -0.147796630859375 0.0335197448730469 0.0123996734619141
0.0445098876953125 -0.190628051757813 0.0326728820800781 0.043365478515625
0.0286102294921875 -0.17926025390625 0.0380706787109375 0.0815048217773437
0.0257110595703125 -0.204879760742187 0.0342788696289062 0.121772766113281
0.072723388671875 -0.1982421875 -0.00455474853515623 0.130790710449219
0.161346435546875 -0.127899169921875 -0.0507888793945313 0.12640380859375
0.203536987304688 -0.025360107421875 -0.0790786743164062 0.0634765625
0.143447875976562 0.163955688476563 -0.071380615234375 -0.00255584716796873
0.02569580078125 0.251846313476563 0.0267715454101562 0.04888916015625
-0.09429931640625 0.23095703125 -0.0298004150390625 0.2188720703125
-0.170684814453125 0.0422821044921875 0.0750579833984375 0.281036376953125
-0.133041381835938 0.11767578125 0.079071044921875 0.298797607421875
-0.0469970703125 0.159713745117187 0.110885620117187 0.16558837890625
0.0817184448242188 0.130073547363281 0.0951995849609375 0.0880126953125
0.133003234863281 0.028167724609375 0.0397567749023438 0.052001953125
0.114494323730469 -0.0890045166015625 0.014984130859375 0.0689163208007812
0.0491943359375 -0.132621765136719 0.0359725952148437 0.108642578125
0.033477783203125 -0.128494262695313 0.0519256591796875 0.14068603515625
0.0308837890625 -0.152511596679688 0.044036865234375 0.179962158203125
0.0669097900390625 -0.149765014648437 -0.0133209228515625 0.186477661132813
0.136627197265625 -0.09228515625 -0.0714263916015625 0.162567138671875
0.165359497070313 -0.002655029296875 -0.1015625 0.0804672241210938
0.092742919921875 0.152999877929687 -0.0801467895507812 0.00722503662109377
-0.03399658203125 0.204025268554688 0.0156326293945313 0.0881271362304688
-0.139404296875 0.14569091796875 -0.0809173583984376 0.269683837890625
0.136970520019531 -0.0112838745117188 0.081085205078125 -0.28662109375
0.0590362548828125 -0.128997802734375 0.01800537109375 -0.0998382568359375
-0.0584869384765625 -0.102195739746094 0.090911865234375 -0.0152130126953125
-0.102706909179688 -0.019287109375 0.148712158203125 -0.100906372070313
-0.0863418579101563 0.0489273071289062 0.0910797119140625 -0.2061767578125
-0.0399169921875 0.0986175537109375 -0.00801086425781251 -0.25579833984375
-0.022430419921875 0.0783920288085938 -0.081207275390625 -0.22918701171875
-0.0325889587402344 0.0622291564941406 -0.0800628662109375 -0.179122924804688
-0.0498046875 0.0711593627929688 -0.05291748046875 -0.145294189453125
-0.0805740356445313 0.0188446044921875 -0.0297927856445313 -0.113990783691406
-0.072540283203125 -0.0564041137695313 -0.0302276611328125 -0.0694847106933594
-0.00441741943359375 -0.096923828125 -0.063323974609375 -0.0868453979492188
0.107025146484375 -0.0765380859375 -0.0966949462890625 -0.178665161132813
0.1640625 -0.0056610107421875 -0.09112548828125 -0.28759765625
0.1505126953125 0.069671630859375 -0.045989990234375 -0.28472900390625
0.130668640136719 0.117713928222656 0.137222290039063 -0.269668579101563
0.11419677734375 -0.0225906372070313 0.0576324462890625 -0.0919113159179688
0.0282135009765625 -0.0457725524902344 0.119186401367188 -0.0090484619140625
-0.0110416412353516 -0.0322856903076172 0.182357788085938 -0.104461669921875
-0.0240726470947266 -0.00785064697265625 0.119003295898437 -0.215667724609375
-0.0208473205566406 0.0126075744628906 0.0055389404296875 -0.274185180664063
-0.0316848754882813 -0.00916862487792969 -0.077178955078125 -0.24896240234375
-0.0340099334716797 -0.0199928283691406 -0.0804901123046875 -0.1900634765625
-0.0436744689941406 -0.0214576721191406 -0.04864501953125 -0.151611328125
-0.0370979309082031 -0.059783935546875 -0.0191802978515625 -0.119743347167969
0.00734710693359375 -0.0936813354492188 -0.0204238891601562 -0.0605201721191406
0.0800018310546875 -0.0833053588867188 -0.0526123046875 -0.063262939453125
0.157379150390625 0.006622314453125 -0.102378845214844 -0.136528015136719
0.180389404296875 0.109695434570312 -0.08941650390625 -0.237197875976563
0.138397216796875 0.184112548828125 -0.0196533203125 -0.231216430664063
0.0969390869140625 0.238204956054688 0.18707275390625 -0.207275390625
0.143295288085938 0.106552124023438 0.103752136230469 -0.051025390625
0.115058898925781 0.038604736328125 0.15179443359375 0.0126953125
0.0963058471679687 -0.0287246704101562 0.21514892578125 -0.091949462890625
0.0549430847167969 -0.0610466003417969 0.144546508789062 -0.202224731445312
0.00968170166015625 -0.0769577026367188 0.0242156982421875 -0.26318359375
-0.0332489013671875 -0.0973052978515625 -0.0606231689453125 -0.238067626953125
-0.031707763671875 -0.100349426269531 -0.0688934326171875 -0.17230224609375
-0.036376953125 -0.10980224609375 -0.0383758544921875 -0.128471374511719
-0.00257110595703126 -0.132652282714844 -0.0133743286132813 -0.0995407104492188
0.0714950561523438 -0.130699157714844 -0.0191535949707031 -0.0358810424804688
0.146713256835938 -0.0842132568359375 -0.0506362915039063 -0.0343093872070313
0.198959350585938 0.0612030029296875 -0.106277465820312 -0.091796875
0.1937255859375 0.190292358398438 -0.0784759521484375 -0.173263549804688
0.120697021484375 0.26611328125 -0.000732421875000009 -0.149765014648437
0.035400390625 0.3236083984375 0.217681884765625 -0.103302001953125
0.134063720703125 0.230560302734375 0.143600463867188 0.0260467529296875
0.176620483398438 0.140274047851563 0.178482055664063 0.0525665283203125
0.197982788085938 -7.62939453125E-05 0.233932495117188 -0.0567626953125
0.1392822265625 -0.0950241088867187 0.158935546875 -0.16094970703125
0.0504302978515625 -0.154449462890625 0.0420379638671875 -0.21978759765625
-0.02630615234375 -0.171646118164063 -0.0341644287109375 -0.195297241210937
-0.02496337890625 -0.165786743164063 -0.045562744140625 -0.128425598144531
-0.0290069580078125 -0.182327270507813 -0.021820068359375 -0.0798873901367188
0.02069091796875 -0.191452026367188 -0.00832366943359375 -0.0553665161132813
0.116729736328125 -0.161239624023438 -0.0210437774658203 0.000543594360351549
0.192092895507813 -0.0897064208984375 -0.0510406494140625 -0.00411605834960938
0.22412109375 0.0943450927734375 -0.100639343261719 -0.0538177490234375
0.192108154296875 0.238174438476563 -0.0503921508789062 -0.111274719238281
0.09295654296875 0.311248779296875 0.015472412109375 -0.0534515380859375
-0.038055419921875 0.35015869140625 0.220718383789063 0.0241546630859375
0.08331298828125 0.311126708984375 0.162948608398438 0.123809814453125
0.186981201171875 0.230987548828125 0.1871337890625 0.102462768554688
0.25958251953125 0.051544189453125 0.229019165039063 -0.0070343017578125
0.205780029296875 -0.097320556640625 0.154159545898438 -0.098907470703125
0.09320068359375 -0.200881958007813 0.0525970458984375 -0.149612426757813
-0.0112762451171875 -0.218887329101563 -0.00539398193359376 -0.124465942382813
-0.0156707763671875 -0.205337524414063 -0.014801025390625 -0.06396484375
-0.0205230712890625 -0.22760009765625 0.00093555450439453 -0.0148258209228516
0.0356292724609375 -0.227279663085938 -0.00326299667358398 0.00404238700866698
0.1444091796875 -0.178054809570313 -0.0254478454589844 0.0446090698242187
0.217117309570313 -0.0879669189453125 -0.0549583435058594 0.0239791870117187
0.226608276367187 0.120040893554687 -0.08917236328125 -0.0281448364257812
0.167770385742188 0.264633178710938 -0.0137786865234375 -0.0554122924804687
0.050445556640625 0.322418212890625 0.0239906311035156 0.04681396484375
-0.10528564453125 0.305755615234375 0.193756103515625 0.149810791015625
0.00527954101562497 0.320526123046875 0.156814575195313 0.218399047851563
0.138153076171875 0.275253295898437 0.174179077148438 0.146148681640625
0.258041381835938 0.1036376953125 0.196426391601563 0.0427703857421875
0.230636596679688 -0.069091796875 0.12689208984375 -0.0320053100585938
0.121566772460938 -0.203872680664063 0.0504913330078125 -0.0653228759765625
0.0068359375 -0.229385375976563 0.019561767578125 -0.0400619506835938
-0.0030364990234375 -0.213119506835938 0.0166864395141602 0.0092191696166992
-0.01068115234375 -0.238311767578125 0.0248870849609375 0.0567436218261719
0.0455780029296875 -0.235687255859375 0.0021820068359375 0.0708999633789062
0.15625 -0.175308227539063 -0.0325775146484375 0.0917587280273437
0.223495483398438 -0.0736236572265625 -0.0646820068359375 0.0489692687988281
0.20770263671875 0.142349243164063 -0.0795745849609375 -0.0121994018554687
0.119308471679687 0.273300170898438 0.017822265625 -0.00476455688476561
-0.00765991210937502 0.3013916015625 0.0175933837890625 0.1429443359375
-0.151473999023438 0.203506469726562 0.149688720703125 0.243301391601563
-0.0693206787109375 0.25341796875 0.131439208984375 0.283172607421875
0.057098388671875 0.251541137695313 0.148529052734375 0.167572021484375
0.196731567382813 0.131271362304688 0.148727416992188 0.0758819580078125
0.20458984375 -0.02777099609375 0.0859756469726563 0.0220108032226563
0.126449584960938 -0.169631958007813 0.0396919250488281 0.0131950378417969
0.0224761962890625 -0.202011108398438 0.0383720397949219 0.0421295166015625
0.00776672363281251 -0.189239501953125 0.0458755493164063 0.0809402465820312
0.000518798828124989 -0.216079711914062 0.0466842651367187 0.125137329101563
0.05108642578125 -0.213729858398438 0.00432586669921876 0.137367248535156
0.152069091796875 -0.151763916015625 -0.0439453125 0.137542724609375
0.207473754882813 -0.04949951171875 -0.0804290771484375 0.0722198486328125
0.169586181640625 0.155014038085938 -0.076812744140625 0.00106811523437501
0.056671142578125 0.2591552734375 0.0321121215820313 0.0428733825683594
-0.07177734375 0.249526977539063 -0.00970458984375002 0.225692749023438
-0.17010498046875 0.0661773681640625 0.101959228515625 0.287353515625
-0.122001647949219 0.138633728027344 0.105377197265625 0.303741455078125
-0.0271453857421875 0.172637939453125 0.124832153320313 0.163040161132813
0.101043701171875 0.124076843261719 0.104011535644531 0.0864486694335938
0.139938354492188 0.0116043090820313 0.0487899780273438 0.0547065734863281
0.106063842773438 -0.1058349609375 0.0264053344726563 0.0722274780273438
0.033050537109375 -0.142181396484375 0.0492630004882812 0.107673645019531
0.0172958374023438 -0.136573791503906 0.0680618286132813 0.139007568359375
0.0116729736328125 -0.16119384765625 0.063720703125 0.183624267578125
0.0496673583984375 -0.16259765625 0.002655029296875 0.196044921875
0.129440307617188 -0.111473083496094 -0.060546875 0.17724609375
0.1700439453125 -0.022552490234375 -0.100738525390625 0.093048095703125
0.113876342773437 0.148712158203125 -0.0837631225585937 0.0122756958007813
-0.010894775390625 0.213790893554688 0.0252532958984375 0.084625244140625
-0.126266479492188 0.164321899414063 -0.056793212890625 0.2857666015625
0.134124755859375 -0.0240707397460938 0.056121826171875 -0.295654296875
0.0451126098632813 -0.132545471191406 0.0085906982421875 -0.0984268188476563
-0.0687484741210938 -0.0957870483398438 0.09210205078125 -0.0189971923828125
-0.103797912597656 -0.00812530517578126 0.143875122070313 -0.113204956054688
-0.0788803100585938 0.05902099609375 0.074249267578125 -0.214187622070313
-0.0261764526367187 0.101707458496094 -0.03314208984375 -0.256561279296875
-0.0123519897460938 0.080169677734375 -0.103485107421875 -0.223526000976562
-0.025238037109375 0.0653724670410156 -0.0987701416015625 -0.172149658203125
-0.040252685546875 0.0748062133789063 -0.0700302124023438 -0.140060424804688
-0.07635498046875 0.0278244018554688 -0.045135498046875 -0.111885070800781
-0.0772247314453125 -0.0458602905273438 -0.0394668579101563 -0.072418212890625
-0.0150909423828125 -0.0940093994140625 -0.0703048706054688 -0.087921142578125
0.0977020263671875 -0.087249755859375 -0.10821533203125 -0.174240112304688
0.161239624023438 -0.0225067138671875 -0.11376953125 -0.2830810546875
0.1556396484375 0.05462646484375 -0.07025146484375 -0.2864990234375
0.140251159667969 0.107070922851563 0.113311767578125 -0.284393310546875
0.111137390136719 -0.0304794311523438 0.0476226806640625 -0.093902587890625
0.0251731872558594 -0.0467071533203125 0.119873046875 -0.0145797729492188
-0.0131855010986328 -0.0301761627197266 0.176773071289063 -0.119338989257813
-0.0225067138671875 -0.00462532043457031 0.100143432617188 -0.226287841796875
-0.0161008834838867 0.0135927200317383 -0.020965576171875 -0.275802612304688
-0.0309104919433594 -0.00704765319824218 -0.102325439453125 -0.241973876953125
-0.0355491638183594 -0.0176124572753906 -0.101531982421875 -0.181442260742188
-0.0435447692871094 -0.0189399719238281 -0.06793212890625 -0.146347045898438
-0.0408058166503906 -0.0562057495117188 -0.037109375 -0.119148254394531
-0.000587463378906246 -0.0918350219726563 -0.0303306579589844 -0.0641250610351563
0.0728607177734375 -0.0895538330078125 -0.059234619140625 -0.0654373168945313
0.157028198242188 -0.0067901611328125 -0.110519409179687 -0.132522583007813
0.189804077148438 0.0938568115234375 -0.107574462890625 -0.233306884765625
0.153182983398438 0.171981811523438 -0.0399932861328125 -0.23687744140625
0.118362426757813 0.23223876953125 0.168212890625 -0.225082397460938
0.153244018554688 0.095794677734375 0.0956954956054688 -0.0560836791992187
0.121673583984375 0.0303878784179687 0.15283203125 0.0050506591796875
0.095794677734375 -0.036346435546875 0.208969116210937 -0.108734130859375
0.0517234802246094 -0.0659408569335938 0.127151489257812 -0.214492797851563
0.0055084228515625 -0.0799484252929688 -0.000167846679687493 -0.266632080078125
-0.042083740234375 -0.0953140258789063 -0.085418701171875 -0.23138427734375
-0.0416641235351563 -0.0978775024414062 -0.0886077880859375 -0.16339111328125
-0.0468826293945312 -0.108627319335938 -0.0551910400390625 -0.123046875
-0.0144119262695312 -0.133529663085938 -0.0307846069335938 -0.0978775024414063
0.0602569580078125 -0.137893676757813 -0.0285224914550781 -0.0380821228027344
0.140380859375 -0.0975723266601563 -0.0564346313476562 -0.0361099243164063
0.206527709960938 0.0446319580078125 -0.112586975097656 -0.0878448486328125
0.211669921875 0.174468994140625 -0.092437744140625 -0.171615600585938
0.143966674804688 0.256912231445313 -0.014373779296875 -0.157577514648438
0.066802978515625 0.324371337890625 0.206710815429688 -0.123138427734375
0.156204223632813 0.22137451171875 0.141189575195312 0.015716552734375
0.194381713867188 0.127365112304688 0.181549072265625 0.0420989990234375
0.20086669921875 -0.01776123046875 0.229721069335938 -0.0735626220703125
0.131561279296875 -0.109077453613281 0.145278930664062 -0.173583984375
0.0384979248046875 -0.161697387695313 0.023223876953125 -0.223190307617188
-0.043487548828125 -0.170242309570313 -0.054962158203125 -0.19061279296875
-0.0422210693359375 -0.163970947265625 -0.06134033203125 -0.121437072753906
-0.0483856201171875 -0.181991577148438 -0.0338363647460938 -0.07550048828125
0.00186157226562498 -0.195465087890625 -0.0219383239746094 -0.0544204711914063
0.10235595703125 -0.174896240234375 -0.0281429290771484 0.000326156616210933
0.186050415039063 -0.109024047851563 -0.0563583374023437 -0.00417709350585939
0.237274169921875 0.075592041015625 -0.1053466796875 -0.0502090454101563
0.217376708984375 0.224578857421875 -0.0602188110351562 -0.11175537109375
0.12164306640625 0.305328369140625 0.00932312011718751 -0.0618972778320312
-0.00500488281250001 0.358062744140625 0.220962524414063 0.00509643554687502
0.1126708984375 0.306976318359375 0.168167114257813 0.111801147460938
0.213592529296875 0.217422485351563 0.19232177734375 0.0913543701171875
0.268310546875 0.027740478515625 0.228179931640625 -0.0220794677734375
0.198593139648438 -0.11798095703125 0.146682739257813 -0.110794067382813
0.0753173828125 -0.211685180664063 0.0413360595703125 -0.15252685546875
-0.033721923828125 -0.219680786132813 -0.0187225341796875 -0.122718811035156
-0.0374755859375 -0.204391479492188 -0.0243759155273437 -0.0605659484863281
-0.0451507568359375 -0.22772216796875 -0.00426673889160157 -0.012150764465332
0.012237548828125 -0.2340087890625 -0.00999832153320313 0.00559997558593748
0.127548217773438 -0.196029663085938 -0.0274620056152344 0.0468177795410156
0.21124267578125 -0.11090087890625 -0.0576095581054687 0.0261383056640625
0.243423461914063 0.100540161132813 -0.0926132202148437 -0.0250167846679687
0.196929931640625 0.252471923828125 -0.0194358825683594 -0.0594367980957031
0.080963134765625 0.32122802734375 0.0268325805664063 0.0386314392089844
-0.075469970703125 0.321929931640625 0.205352783203125 0.133743286132813
0.035980224609375 0.322967529296875 0.170761108398438 0.207382202148438
0.169784545898438 0.266464233398438 0.183059692382813 0.135086059570313
0.271743774414063 0.08013916015625 0.198440551757813 0.02960205078125
0.224136352539063 -0.093719482421875 0.125579833984375 -0.0406036376953125
0.10186767578125 -0.218521118164063 0.0474128723144531 -0.0681533813476563
-0.017120361328125 -0.231155395507813 0.0147018432617187 -0.0409736633300781
-0.026397705078125 -0.214218139648437 0.0153579711914062 0.00962543487548827
-0.0372314453125 -0.23968505859375 0.0281715393066406 0.057342529296875
0.020416259765625 -0.242843627929687 0.0031280517578125 0.0721969604492187
0.139312744140625 -0.194595336914063 -0.0295562744140625 0.0959930419921875
0.217559814453125 -0.0973052978515625 -0.0649261474609375 0.0541343688964844
0.226303100585938 0.124298095703125 -0.0829696655273437 -0.00815582275390626
0.149566650390625 0.264785766601563 0.0165414810180664 -0.0111713409423828
0.0206298828125 0.305084228515625 0.0287857055664063 0.136428833007813
-0.130645751953125 0.222625732421875 0.169021606445313 0.23321533203125
-0.043426513671875 0.2640380859375 0.151962280273437 0.274169921875
0.085845947265625 0.24993896484375 0.158035278320313 0.158935546875
0.212631225585938 0.11163330078125 0.153915405273438 0.06793212890625
0.202056884765625 -0.0504150390625 0.0905303955078125 0.0178756713867187
0.108795166015625 -0.183792114257813 0.0447883605957031 0.0116691589355469
0.000106811523437485 -0.20458984375 0.0415840148925781 0.0388298034667969
-0.013702392578125 -0.189956665039063 0.0519485473632813 0.0769729614257812
-0.023681640625 -0.216888427734375 0.0578994750976562 0.1236572265625
0.0272064208984375 -0.219879150390625 0.0143966674804688 0.138938903808594
0.136642456054688 -0.169830322265625 -0.035888671875 0.143630981445313
0.204055786132813 -0.0723114013671875 -0.07794189453125 0.0793991088867187
0.187637329101563 0.140670776367188 -0.079376220703125 0.00467681884765626
0.0845794677734375 0.25640869140625 0.0355949401855469 0.0356216430664063
-0.04705810546875 0.257888793945312 0.01007080078125 0.22430419921875
-0.1619873046875 0.08624267578125 0.12579345703125 0.283355712890625
-0.107376098632812 0.152923583984375 0.12713623046875 0.296905517578125
-0.00595092773437502 0.177536010742188 0.133575439453125 0.15643310546875
0.116668701171875 0.113189697265625 0.110305786132813 0.0831146240234375
0.140899658203125 -0.005126953125 0.055816650390625 0.0539093017578125
0.0937118530273438 -0.118186950683594 0.0378189086914063 0.0719070434570312
0.016693115234375 -0.144851684570312 0.0604095458984375 0.10333251953125
0.00129699707031249 -0.138092041015625 0.0811920166015625 0.132843017578125
-0.00663757324218751 -0.162673950195313 0.08111572265625 0.1802978515625
0.03057861328125 -0.1680908203125 0.01898193359375 0.198104858398438
0.117454528808594 -0.125778198242188 -0.0464630126953125 0.185165405273437
0.16741943359375 -0.040679931640625 -0.0965576171875 0.102607727050781
0.130119323730469 0.138252258300781 -0.0858917236328125 0.01678466796875
0.0123291015625 0.215713500976562 0.032958984375 0.0779495239257813
-0.109359741210938 0.176361083984375 -0.0306396484375 0.290069580078125
0.130104064941406 -0.032135009765625 0.036834716796875 -0.29925537109375
0.035308837890625 -0.133323669433594 0.00212860107421875 -0.09478759765625
-0.0749969482421875 -0.0890350341796875 0.092071533203125 -0.020172119140625
-0.102973937988281 5.34057617187637E-05 0.140068054199219 -0.119430541992188
-0.07147216796875 0.0652618408203125 0.0619354248046875 -0.215866088867188
-0.0157470703125 0.101394653320313 -0.0503692626953125 -0.251678466796875
-0.00387573242187501 0.0794448852539063 -0.118026733398438 -0.21514892578125
-0.019073486328125 0.0663566589355469 -0.110626220703125 -0.16265869140625
-0.0319290161132813 0.07598876953125 -0.0822677612304688 -0.1336669921875
-0.07061767578125 0.034271240234375 -0.0564422607421875 -0.106658935546875
-0.0788955688476563 -0.0366592407226563 -0.047393798828125 -0.07403564453125
-0.021453857421875 -0.0906524658203125 -0.0754241943359375 -0.0891952514648438
0.0886001586914063 -0.0927505493164063 -0.11334228515625 -0.170150756835938
0.155914306640625 -0.03302001953125 -0.12664794921875 -0.2784423828125
0.155929565429688 0.0434417724609375 -0.086822509765625 -0.28546142578125
0.145233154296875 0.0982818603515625 0.095001220703125 -0.29022216796875
0.107078552246094 -0.0354156494140625 0.0404815673828125 -0.0927886962890625
0.0228042602539063 -0.046173095703125 0.119766235351563 -0.0174102783203125
-0.0134105682373047 -0.0276947021484375 0.170913696289063 -0.127212524414063
-0.0197734832763672 -0.00176239013671875 0.086883544921875 -0.229019165039063
-0.0114145278930664 0.0124311447143555 -0.0388946533203125 -0.272323608398438
-0.0294189453125 -0.00667190551757812 -0.119338989257812 -0.232391357421875
-0.0353202819824219 -0.0153083801269531 -0.114669799804687 -0.170669555664063
-0.0432815551757813 -0.0176887512207031 -0.0810623168945312 -0.138458251953125
-0.0428504943847656 -0.0532264709472656 -0.0509567260742188 -0.114799499511719
-0.00518798828125001 -0.0895919799804688 -0.0396766662597656 -0.0657577514648438
0.0665435791015625 -0.0920562744140625 -0.0645217895507813 -0.0680923461914062
0.154953002929688 -0.0157928466796875 -0.114448547363281 -0.129829406738281
0.192520141601563 0.0814056396484375 -0.11859130859375 -0.229385375976563
0.161453247070313 0.1619873046875 -0.05413818359375 -0.238937377929688
0.132171630859375 0.225021362304688 0.152084350585938 -0.23529052734375
0.157546997070312 0.0869293212890625 0.0891189575195313 -0.0581512451171875
0.125167846679688 0.0243682861328125 0.152297973632812 0.000686645507812501
0.0950775146484375 -0.0416641235351563 0.20257568359375 -0.1171875
0.0489845275878906 -0.0683479309082031 0.11370849609375 -0.217819213867187
0.00296783447265625 -0.08184814453125 -0.01702880859375 -0.263275146484375
-0.0473175048828125 -0.0927505493164063 -0.101669311523437 -0.223388671875
-0.04791259765625 -0.094879150390625 -0.1011962890625 -0.154403686523438
-0.0545806884765625 -0.106842041015625 -0.06707763671875 -0.115814208984375
-0.0224227905273438 -0.132492065429688 -0.0444564819335938 -0.094207763671875
0.0517425537109375 -0.140266418457031 -0.0373001098632813 -0.0389823913574219
0.134475708007813 -0.105194091796875 -0.0606498718261719 -0.0383720397949219
0.209396362304688 0.0329742431640625 -0.11492919921875 -0.0854263305664063
0.22235107421875 0.161209106445312 -0.100494384765625 -0.169326782226562
0.157470703125 0.24798583984375 -0.025238037109375 -0.162384033203125
0.086639404296875 0.320281982421875 0.1966552734375 -0.135467529296875
0.168930053710937 0.211105346679687 0.136642456054688 0.010833740234375
0.204986572265625 0.116119384765625 0.180877685546875 0.0369415283203125
0.201568603515625 -0.03009033203125 0.225128173828125 -0.083526611328125
0.1256103515625 -0.116737365722656 0.134994506835938 -0.1783447265625
0.0288543701171875 -0.164764404296875 0.00946044921874999 -0.221725463867188
-0.0544281005859375 -0.167190551757813 -0.06842041015625 -0.1842041015625
-0.0543670654296875 -0.16021728515625 -0.07171630859375 -0.113540649414063
-0.061737060546875 -0.178726196289063 -0.0421371459960938 -0.0697364807128906
-0.011688232421875 -0.196044921875 -0.0334205627441406 -0.0507316589355469
0.090606689453125 -0.181503295898438 -0.0346603393554687 0.000934600830078114
0.179031372070313 -0.12115478515625 -0.05999755859375 -0.00457382202148439
0.243515014648438 0.0616607666015625 -0.107086181640625 -0.0479965209960938
0.233016967773438 0.210830688476563 -0.0673751831054688 -0.11212158203125
0.139495849609375 0.298065185546875 0.00348663330078126 -0.0687904357910156
0.0194091796875 0.35870361328125 0.217529296875 -0.00752258300781248
0.132232666015625 0.299224853515625 0.169082641601562 0.103622436523438
0.231170654296875 0.2049560546875 0.193389892578125 0.084564208984375
0.271636962890625 0.0098876953125 0.224822998046875 -0.0316619873046875
0.189117431640625 -0.130203247070313 0.139839172363281 -0.115333557128906
0.06146240234375 -0.216690063476563 0.0331878662109375 -0.152679443359375
-0.049591064453125 -0.21514892578125 -0.02825927734375 -0.118980407714844
-0.0531005859375 -0.200424194335937 -0.0310821533203125 -0.0553627014160156
-0.0631103515625 -0.223785400390625 -0.00763225555419922 -0.00880622863769533
-0.00552368164062501 -0.234909057617188 -0.0158147811889648 0.00820541381835936
0.113204956054688 -0.20587158203125 -0.0305633544921875 0.0484962463378906
0.203826904296875 -0.126571655273438 -0.0604171752929687 0.027374267578125
0.25262451171875 0.0848541259765625 -0.0950775146484375 -0.022857666015625
0.215896606445313 0.240158081054688 -0.0240478515625 -0.0625801086425781
0.10064697265625 0.316009521484375 0.0269203186035156 0.0304393768310547
-0.0537109375 0.327850341796875 0.20916748046875 0.122970581054688
0.058349609375 0.319915771484375 0.176559448242188 0.197433471679688
0.1915283203125 0.255661010742188 0.184967041015625 0.127975463867188
0.279159545898438 0.061309814453125 0.198272705078125 0.023101806640625
0.216583251953125 -0.108688354492188 0.123199462890625 -0.044647216796875
0.08636474609375 -0.225936889648438 0.0458526611328125 -0.0696525573730469
-0.03424072265625 -0.227569580078125 0.0114021301269531 -0.0400543212890625
-0.0436859130859375 -0.210357666015625 0.0131978988647461 0.0104436874389648
-0.05657958984375 -0.236160278320313 0.0298004150390625 0.0572280883789062
0.000717163085937522 -0.243637084960938 0.0023193359375 0.0744552612304687
0.124526977539062 -0.204559326171875 -0.027618408203125 0.0985946655273437
0.21063232421875 -0.11383056640625 -0.0656242370605469 0.0566520690917969
0.237823486328125 0.108795166015625 -0.0846023559570312 -0.00661468505859374
0.17022705078125 0.254531860351563 0.01458740234375 -0.0165948867797851
0.041778564453125 0.3033447265625 0.0356903076171875 0.129508972167969
-0.113967895507812 0.23309326171875 0.179794311523438 0.224517822265625
-0.0249481201171875 0.266342163085938 0.162094116210938 0.265350341796875
0.1064453125 0.244873046875 0.161605834960938 0.152236938476563
0.222702026367188 0.0956878662109375 0.155502319335938 0.06341552734375
0.196151733398438 -0.0653533935546875 0.092437744140625 0.0155105590820312
0.0945587158203125 -0.191299438476563 0.04833984375 0.00922012329101561
-0.0155487060546875 -0.20208740234375 0.0436019897460938 0.0365791320800781
-0.028289794921875 -0.187225341796875 0.0544281005859375 0.0742721557617187
-0.0414276123046875 -0.2137451171875 0.0652694702148438 0.120460510253906
0.00889587402343749 -0.220962524414062 0.0192184448242187 0.13909912109375
0.122726440429688 -0.180419921875 -0.0293121337890625 0.146759033203125
0.198150634765625 -0.0869598388671875 -0.076080322265625 0.0836257934570313
0.199249267578125 0.12750244140625 -0.0807571411132812 0.00739288330078126
0.105087280273437 0.249221801757812 0.0366859436035156 0.0282096862792969
-0.0281829833984375 0.258743286132813 0.023193359375 0.218597412109375
-0.154037475585938 0.0993499755859375 0.139999389648437 0.277938842773438
-0.0945587158203125 0.160171508789063 0.138946533203125 0.2901611328125
0.0102996826171875 0.178207397460938 0.136871337890625 0.151565551757813
0.126243591308594 0.102500915527344 0.112998962402344 0.0815505981445313
0.138427734375 -0.0167770385742188 0.0618934631347656 0.0544090270996094
0.0826339721679687 -0.12493896484375 0.0462150573730469 0.0697441101074219
0.0036468505859375 -0.143585205078125 0.06683349609375 0.0986099243164062
-0.0103607177734375 -0.136886596679688 0.08795166015625 0.126205444335938
-0.0209503173828125 -0.160476684570313 0.0926055908203125 0.174057006835938
0.0162506103515625 -0.168853759765625 0.029144287109375 0.196929931640625
0.106346130371094 -0.134490966796875 -0.0368499755859375 0.18896484375
0.16278076171875 -0.0529022216796875 -0.0922164916992187 0.107894897460937
0.14068603515625 0.128585815429688 -0.0861282348632812 0.01904296875
0.028961181640625 0.213409423828125 0.0369949340820313 0.0711288452148438
-0.095306396484375 0.181015014648437 -0.013397216796875 0.28857421875
0.127937316894531 -0.0384140014648438 0.02459716796875 -0.304412841796875
0.02850341796875 -0.133995056152344 -0.00176239013671874 -0.0935821533203125
-0.0799560546875 -0.084381103515625 0.0944671630859375 -0.0206985473632813
-0.103500366210937 0.00648498535156252 0.139419555664063 -0.125236511230469
-0.0665740966796875 0.0696372985839844 0.0548858642578125 -0.219940185546875
-0.00807952880859376 0.100616455078125 -0.061614990234375 -0.251052856445313
0.00223541259765624 0.0782852172851563 -0.129562377929687 -0.211410522460938
-0.0149192810058594 0.0670394897460938 -0.119247436523438 -0.15869140625
-0.027069091796875 0.076324462890625 -0.0910110473632813 -0.12945556640625
-0.0668220520019531 0.0386428833007812 -0.0646514892578125 -0.104476928710938
-0.0792083740234375 -0.0300827026367188 -0.0544052124023438 -0.0764694213867188
-0.0265045166015625 -0.0884552001953125 -0.0802078247070313 -0.0931396484375
0.082916259765625 -0.0968551635742188 -0.116500854492187 -0.171310424804688
0.152816772460938 -0.0412139892578125 -0.135177612304687 -0.278533935546875
0.157012939453125 0.0363616943359375 -0.097747802734375 -0.2884521484375
0.149200439453125 0.094024658203125 0.082855224609375 -0.297637939453125
0.105690002441406 -0.0391006469726562 0.0361709594726563 -0.092071533203125
0.0222396850585937 -0.0456085205078125 0.121292114257813 -0.0183334350585938
-0.0132904052734375 -0.026336669921875 0.169998168945313 -0.1329345703125
-0.0171680450439453 -0.000702857971191406 0.0794830322265625 -0.232818603515625
-0.00859832763671875 0.0106391906738281 -0.0511474609375 -0.270950317382812
-0.0283050537109375 -0.00628852844238282 -0.13128662109375 -0.227920532226563
-0.0360984802246094 -0.014434814453125 -0.124679565429688 -0.16448974609375
-0.0434074401855469 -0.0179519653320312 -0.0909194946289063 -0.133956909179688
-0.0436973571777344 -0.051666259765625 -0.0612258911132813 -0.111915588378906
-0.00791168212890625 -0.0877838134765625 -0.0475120544433594 -0.0678558349609375
0.0638046264648438 -0.0939865112304688 -0.0690689086914062 -0.072235107421875
0.154251098632813 -0.021392822265625 -0.116943359375 -0.13128662109375
0.196990966796875 0.0739593505859375 -0.126235961914063 -0.230514526367188
0.167312622070313 0.157562255859375 -0.0644989013671875 -0.244735717773437
0.141921997070313 0.222442626953125 0.1434326171875 -0.244003295898438
0.162216186523438 0.082427978515625 0.0854263305664063 -0.0587692260742187
0.129287719726562 0.02081298828125 0.1533203125 -0.000228881835937499
0.0956497192382813 -0.0459442138671875 0.201416015625 -0.123519897460938
0.0483474731445313 -0.070556640625 0.10687255859375 -0.221710205078125
0.00155639648437499 -0.0850677490234375 -0.028076171875 -0.26324462890625
-0.051300048828125 -0.0922927856445312 -0.1131591796875 -0.218063354492188
-0.052825927734375 -0.09375 -0.109832763671875 -0.147415161132813
-0.0598373413085938 -0.106201171875 -0.0760879516601563 -0.111015319824219
-0.0284881591796875 -0.13360595703125 -0.0557861328125 -0.0905532836914063
0.0467681884765625 -0.14324951171875 -0.045623779296875 -0.0401954650878906
0.131454467773438 -0.111976623535156 -0.065521240234375 -0.0413894653320313
0.213180541992188 0.0256500244140625 -0.117347717285156 -0.086669921875
0.2315673828125 0.154312133789063 -0.106704711914062 -0.171783447265625
0.167938232421875 0.245437622070313 -0.0332489013671875 -0.168975830078125
0.101104736328125 0.32122802734375 0.1917724609375 -0.144180297851562
0.179824829101563 0.207061767578125 0.134231567382813 0.00934600830078126
0.21441650390625 0.109481811523438 0.182052612304688 0.0352935791015625
0.203948974609375 -0.0394287109375 0.223953247070312 -0.0898895263671875
0.122627258300781 -0.12335205078125 0.130386352539063 -0.1827392578125
0.0231170654296875 -0.169967651367188 0.000915527343749985 -0.222457885742188
-0.0627593994140625 -0.16595458984375 -0.07806396484375 -0.179962158203125
-0.062835693359375 -0.15869140625 -0.078704833984375 -0.108245849609375
-0.072174072265625 -0.17828369140625 -0.0488166809082031 -0.0662956237792969
-0.022247314453125 -0.198410034179688 -0.0424880981445313 -0.0472488403320313
0.08294677734375 -0.18902587890625 -0.0403556823730469 0.00093841552734374
0.17645263671875 -0.130935668945313 -0.0643386840820312 -0.00609207153320313
0.25152587890625 0.0523681640625 -0.10986328125 -0.0493621826171875
0.246185302734375 0.203323364257813 -0.0717391967773437 -0.115470886230469
0.15216064453125 0.297149658203125 -0.00164794921874998 -0.0759124755859375
0.0360107421875 0.36309814453125 0.216751098632813 -0.0161285400390625
0.146484375 0.296722412109375 0.169448852539063 0.100799560546875
0.245742797851563 0.197494506835938 0.194915771484375 0.0830078125
0.27703857421875 -0.002593994140625 0.225372314453125 -0.035919189453125
0.185882568359375 -0.140914916992188 0.137504577636719 -0.1195068359375
0.051788330078125 -0.223312377929688 0.0283660888671875 -0.1541748046875
-0.060699462890625 -0.214920043945313 -0.0344161987304688 -0.117469787597656
-0.063629150390625 -0.19915771484375 -0.0356483459472656 -0.0514869689941406
-0.0772857666015625 -0.22296142578125 -0.0109128952026367 -0.00589942932128908
-0.01922607421875 -0.237060546875 -0.0217571258544922 0.0120105743408203
0.104263305664063 -0.215011596679688 -0.0342025756835938 0.0502052307128906
0.201324462890625 -0.138137817382813 -0.0636672973632812 0.0277633666992187
0.262863159179688 0.0752105712890625 -0.0973739624023437 -0.0232925415039062
0.2315673828125 0.233154296875 -0.0276412963867187 -0.0671463012695312
0.11480712890625 0.316741943359375 0.02587890625 0.0241451263427735
-0.037200927734375 0.335113525390625 0.213729858398438 0.116714477539063
0.073333740234375 0.321929931640625 0.180191040039063 0.194503784179688
0.208602905273438 0.249588012695313 0.1861572265625 0.126678466796875
0.28619384765625 0.047698974609375 0.199737548828125 0.02008056640625
0.213180541992188 -0.119827270507813 0.124244689941406 -0.0471115112304688
0.0763092041015625 -0.232681274414063 0.045257568359375 -0.0709762573242188
-0.047271728515625 -0.227752685546875 0.00839233398437499 -0.0405349731445313
-0.0553436279296875 -0.20941162109375 0.0122547149658203 0.0122747421264648
-0.071075439453125 -0.234878540039063 0.031280517578125 0.0582733154296875
-0.0136566162109375 -0.24627685546875 0.00125122070312499 0.0771713256835937
0.114639282226563 -0.215118408203125 -0.0286331176757812 0.101760864257812
0.208114624023438 -0.126510620117188 -0.06707763671875 0.0586395263671875
0.248916625976563 0.100189208984375 -0.087188720703125 -0.00641632080078124
0.186386108398438 0.24993896484375 0.0124263763427734 -0.0221099853515625
0.055572509765625 0.305206298828125 0.0385360717773438 0.124832153320313
-0.102294921875 0.242889404296875 0.1878662109375 0.222686767578125
-0.01190185546875 0.270462036132813 0.167739868164063 0.2637939453125
0.12213134765625 0.24298095703125 0.16339111328125 0.15240478515625
0.231597900390625 0.085113525390625 0.157546997070313 0.0626220703125
0.195022583007813 -0.0761260986328125 0.0958099365234375 0.014892578125
0.084075927734375 -0.198333740234375 0.0526351928710938 0.00803375244140624
-0.0274200439453125 -0.201934814453125 0.0455474853515625 0.0350685119628906
-0.040252685546875 -0.186447143554688 0.0570755004882813 0.0732269287109375
-0.0547637939453125 -0.212646484375 0.0704498291015625 0.11962890625
-0.00456237792968749 -0.2235107421875 0.022369384765625 0.141754150390625
0.113800048828125 -0.189407348632813 -0.026275634765625 0.150741577148438
0.195449829101562 -0.0992431640625 -0.0763015747070313 0.0872116088867188
0.210159301757813 0.119232177734375 -0.0831069946289062 0.00776672363281252
0.121017456054688 0.247268676757813 0.0367012023925781 0.0226097106933594
-0.016357421875 0.262863159179687 0.0302276611328125 0.216522216796875
-0.1483154296875 0.109100341796875 0.149887084960938 0.279342651367188
-0.0858154296875 0.167037963867188 0.14569091796875 0.28985595703125
0.021575927734375 0.1790771484375 0.138931274414063 0.152297973632812
0.1343994140625 0.0964584350585938 0.1158447265625 0.08355712890625
0.137596130371094 -0.0249862670898438 0.0672378540039063 0.0546875
0.0748672485351562 -0.130668640136719 0.0535659790039063 0.0673294067382812
-0.0047760009765625 -0.144317626953125 0.0719985961914063 0.0952224731445312
-0.0195541381835937 -0.135261535644531 0.0933685302734375 0.123237609863281
-0.03143310546875 -0.159255981445312 0.100204467773438 0.171661376953125
0.0052490234375 -0.170394897460938 0.036529541015625 0.19927978515625
0.0985565185546875 -0.14202880859375 -0.0311431884765625 0.193206787109375
0.160629272460938 -0.0625152587890625 -0.0909881591796875 0.112503051757813
0.149429321289063 0.123153686523437 -0.0883941650390625 0.0199432373046875
0.0419158935546875 0.212570190429687 0.0395545959472656 0.0657310485839844
-0.087066650390625 0.185333251953125 -0.00213623046874998 0.28948974609375
0.129196166992187 -0.0447769165039062 0.0137939453125 -0.317047119140625
0.0238494873046875 -0.139022827148438 -0.00586700439453125 -0.0949554443359375
-0.0859375 -0.0819320678710937 0.0990676879882813 -0.0216751098632813
-0.105323791503906 0.0125503540039063 0.142440795898438 -0.13330078125
-0.0633163452148438 0.0748138427734375 0.050506591796875 -0.228302001953125
-0.00139617919921875 0.101348876953125 -0.0731201171875 -0.25567626953125
0.00733947753906249 0.07794189453125 -0.142349243164063 -0.21282958984375
-0.010986328125 0.0699653625488281 -0.130142211914062 -0.158233642578125
-0.02294921875 0.07781982421875 -0.101226806640625 -0.128334045410156
-0.0646133422851562 0.0429458618164063 -0.0729598999023438 -0.103866577148438
-0.0819625854492188 -0.0255126953125 -0.0632476806640625 -0.0801773071289063
-0.0309371948242187 -0.0888290405273438 -0.0867843627929687 -0.0997314453125
0.0786209106445313 -0.102798461914062 -0.122817993164062 -0.17767333984375
0.153961181640625 -0.0493316650390625 -0.146331787109375 -0.286651611328125
0.162078857421875 0.0315399169921875 -0.11077880859375 -0.30035400390625
0.15704345703125 0.0921630859375 0.07489013671875 -0.312957763671875
0.106307983398438 -0.0426254272460938 0.033355712890625 -0.0943145751953125
0.0220069885253906 -0.0456085205078125 0.126663208007813 -0.0191650390625
-0.0129375457763672 -0.0259017944335938 0.17315673828125 -0.142044067382813
-0.0158252716064453 0.000204086303710934 0.075927734375 -0.242263793945312
-0.00614309310913086 0.00739383697509766 -0.0618896484375 -0.276260375976563
-0.0277099609375 -0.00799179077148438 -0.145309448242187 -0.229232788085938
-0.0369148254394531 -0.0138664245605469 -0.135452270507813 -0.163314819335937
-0.0443344116210938 -0.0172920227050781 -0.101303100585938 -0.132133483886719
-0.0456047058105469 -0.051483154296875 -0.0724334716796875 -0.11102294921875
-0.0103607177734375 -0.0884933471679687 -0.0577850341796875 -0.07147216796875
0.0622787475585938 -0.097900390625 -0.0758895874023438 -0.0782546997070312
0.1575927734375 -0.0270538330078125 -0.122566223144531 -0.136817932128906
0.204071044921875 0.069091796875 -0.135147094726563 -0.238128662109375
0.17803955078125 0.157318115234375 -0.0754547119140625 -0.256500244140625
0.15472412109375 0.225204467773437 0.1383056640625 -0.258270263671875
0.170211791992188 0.08026123046875 0.08441162109375 -0.0607147216796875
0.136894226074219 0.0182571411132813 0.1595458984375 -0.000518798828124999
0.09918212890625 -0.0507354736328125 0.205917358398438 -0.1314697265625
0.0493850708007813 -0.0751266479492188 0.104751586914063 -0.231552124023438
-6.10351562499983E-05 -0.0907745361328125 -0.0386505126953125 -0.268798828125
-0.05572509765625 -0.0943450927734375 -0.126190185546875 -0.219650268554688
-0.058502197265625 -0.0951919555664063 -0.119842529296875 -0.145034790039063
-0.0665283203125 -0.108352661132812 -0.0859298706054687 -0.108352661132813
-0.0346145629882812 -0.137405395507813 -0.0664749145507812 -0.0890579223632813
0.0431060791015625 -0.150009155273438 -0.0549812316894531 -0.0416793823242188
0.132720947265625 -0.120597839355469 -0.0728759765625 -0.0461196899414063
0.222686767578125 0.0185546875 -0.121879577636719 -0.0908737182617188
0.245635986328125 0.151351928710937 -0.11517333984375 -0.177597045898437
0.181076049804688 0.24951171875 -0.0416259765625 -0.179595947265625
0.117034912109375 0.329345703125 0.190383911132813 -0.156997680664063
0.192489624023438 0.20806884765625 0.135757446289063 0.00769805908203126
0.229461669921875 0.105789184570313 0.188186645507813 0.0355224609375
0.211151123046875 -0.0492401123046875 0.229202270507813 -0.0965423583984375
0.123664855957031 -0.131942749023438 0.12908935546875 -0.19012451171875
0.017974853515625 -0.17877197265625 -0.00595092773437502 -0.22900390625
-0.071075439453125 -0.169891357421875 -0.0890350341796875 -0.181854248046875
-0.0719146728515625 -0.161697387695313 -0.0868301391601563 -0.10479736328125
-0.0838775634765625 -0.181793212890625 -0.0552558898925781 -0.06317138671875
-0.0324554443359375 -0.204238891601563 -0.0511550903320313 -0.0441169738769531
0.077545166015625 -0.199874877929688 -0.0491294860839844 0.00296401977539062
0.178604125976562 -0.143203735351563 -0.0696525573730469 -0.00801467895507813
0.264816284179688 0.044586181640625 -0.115455627441406 -0.0520477294921875
0.265274047851563 0.200973510742188 -0.0782699584960937 -0.121208190917969
0.167510986328125 0.30389404296875 -0.00733184814453123 -0.08367919921875
0.052337646484375 0.3760986328125 0.222030639648437 -0.0232696533203125
0.16278076171875 0.302276611328125 0.174713134765625 0.100830078125
0.2652587890625 0.195053100585938 0.201461791992188 0.085235595703125
0.289459228515625 -0.014739990234375 0.23101806640625 -0.0405731201171875
0.186874389648438 -0.15374755859375 0.139404296875 -0.125053405761719
0.045135498046875 -0.235015869140625 0.02593994140625 -0.15972900390625
-0.0715179443359375 -0.218994140625 -0.0408935546875 -0.117256164550781
-0.0752410888671875 -0.201980590820313 -0.0405158996582031 -0.049285888671875
-0.091522216796875 -0.228073120117188 -0.0129718780517578 -0.00341320037841798
-0.032562255859375 -0.245452880859375 -0.0271835327148438 0.0159587860107422
0.0978240966796875 -0.229461669921875 -0.0388412475585938 0.0545082092285156
0.203933715820313 -0.153091430664063 -0.0684890747070312 0.0287971496582031
0.279037475585937 0.0660400390625 -0.103279113769531 -0.0250473022460938
0.252395629882813 0.232650756835937 -0.032379150390625 -0.0722808837890625
0.130401611328125 0.324798583984375 0.0236091613769531 0.0187644958496094
-0.024169921875 0.35089111328125 0.222763061523437 0.114837646484375
0.089874267578125 0.33062744140625 0.187957763671875 0.19732666015625
0.229202270507813 0.250259399414063 0.193527221679688 0.130477905273438
0.30029296875 0.03570556640625 0.20709228515625 0.01904296875
0.215774536132813 -0.134063720703125 0.127708435058594 -0.0503158569335938
0.067413330078125 -0.245346069335937 0.0464401245117188 -0.0741958618164063
-0.0583648681640625 -0.2314453125 0.00660705566406249 -0.041015625
-0.06707763671875 -0.212417602539063 0.0115795135498047 0.0137825012207031
-0.0865325927734375 -0.239669799804687 0.0330696105957031 0.0604133605957031
-0.02728271484375 -0.253936767578125 -0.00018310546875001 0.0832672119140625
0.108505249023437 -0.22943115234375 -0.029327392578125 0.108596801757812
0.210357666015625 -0.140914916992188 -0.0700607299804687 0.062347412109375
0.264816284179688 0.091888427734375 -0.0921401977539062 -0.007049560546875
0.206832885742187 0.250961303710938 0.00982666015625001 -0.027618408203125
0.067779541015625 0.31451416015625 0.0416946411132813 0.124481201171875
-0.094024658203125 0.257980346679688 0.20086669921875 0.225845336914063
0.000213623046874975 0.28173828125 0.177810668945313 0.269760131835938
0.139999389648438 0.24493408203125 0.169921875 0.157669067382813
0.244964599609375 0.0766754150390625 0.163528442382813 0.0650177001953125
0.198272705078125 -0.08837890625 0.101486206054688 0.0145416259765625
0.0768585205078125 -0.208938598632813 0.0571136474609375 0.00697326660156249
-0.038116455078125 -0.207061767578125 0.0484161376953125 0.0356597900390625
-0.0503997802734375 -0.18939208984375 0.0605926513671875 0.0745010375976563
-0.0682220458984375 -0.217117309570313 0.0764541625976563 0.122474670410156
-0.016693115234375 -0.230209350585938 0.0257720947265625 0.1478271484375
0.107269287109375 -0.20294189453125 -0.0236663818359375 0.158721923828125
0.1981201171875 -0.112823486328125 -0.0787353515625 0.0933303833007813
0.225555419921875 0.114105224609375 -0.087493896484375 0.00826263427734377
0.139144897460938 0.248550415039063 0.0368766784667969 0.01800537109375
-0.00643920898437499 0.272232055664063 0.0371856689453125 0.220046997070313
-0.146331787109375 0.1212158203125 0.164703369140625 0.288238525390625
-0.079345703125 0.176910400390625 0.15643310546875 0.297271728515625
0.032379150390625 0.183761596679688 0.144195556640625 0.157684326171875
0.14459228515625 0.0902252197265625 0.12213134765625 0.0885009765625
0.140167236328125 -0.0336151123046875 0.0738906860351563 0.0566329956054688
0.0691452026367188 -0.138542175292969 0.0608787536621094 0.0672264099121094
-0.0134429931640625 -0.14801025390625 0.078338623046875 0.0955276489257812
-0.02740478515625 -0.13726806640625 0.0995635986328125 0.123687744140625
-0.040924072265625 -0.16229248046875 0.109909057617188 0.173309326171875
-0.0041046142578125 -0.175689697265625 0.043304443359375 0.206375122070313
0.0946807861328125 -0.1524658203125 -0.02667236328125 0.201675415039063
0.161758422851563 -0.0733642578125 -0.0929641723632812 0.119735717773438
0.160842895507813 0.120132446289063 -0.09283447265625 0.021575927734375
0.0552215576171875 0.216583251953125 0.0415153503417969 0.0619354248046875
-0.0822906494140625 0.194091796875 0.00735473632812496 0.2972412109375
0.132118225097656 -0.0542068481445313 -0.00424194335937502 -0.33636474609375
0.015289306640625 -0.14605712890625 -0.0114364624023437 -0.0983123779296875
-0.0954437255859375 -0.0783615112304687 0.105972290039062 -0.0254898071289063
-0.109031677246094 0.0215301513671875 0.146286010742188 -0.147003173828125
-0.0594940185546875 0.08245849609375 0.0433502197265625 -0.24249267578125
0.00543975830078125 0.103721618652344 -0.08935546875 -0.26434326171875
0.0145416259765625 0.0791091918945312 -0.161865234375 -0.21502685546875
-0.00600433349609375 0.0735931396484375 -0.146636962890625 -0.156753540039063
-0.0181961059570312 0.0824432373046875 -0.115226745605469 -0.127174377441406
-0.0627288818359375 0.0498390197753906 -0.085052490234375 -0.103324890136719
-0.0849075317382813 -0.0193557739257812 -0.0755767822265625 -0.0847320556640625
-0.0379638671875 -0.0890884399414063 -0.098388671875 -0.1063232421875
0.0746078491210938 -0.111831665039062 -0.134735107421875 -0.1849365234375
0.1552734375 -0.060333251953125 -0.165863037109375 -0.296661376953125
0.17132568359375 0.0231475830078125 -0.13134765625 -0.31451416015625
0.168258666992188 0.0888671875 0.060272216796875 -0.334930419921875
0.109130859375 -0.050048828125 0.0295867919921875 -0.099273681640625
0.0210990905761719 -0.047607421875 0.133377075195313 -0.0232162475585938
-0.0132389068603516 -0.0250663757324219 0.177200317382813 -0.156753540039063
-0.0139608383178711 0.000336647033691409 0.06854248046875 -0.257217407226563
-0.00416803359985352 0.00583124160766601 -0.080108642578125 -0.28692626953125
-0.0281505584716797 -0.00878143310546874 -0.166015625 -0.231536865234375
-0.0388755798339844 -0.0124702453613281 -0.152023315429688 -0.162261962890625
-0.0477409362792969 -0.0170440673828125 -0.116081237792969 -0.130584716796875
-0.0493965148925781 -0.0519027709960938 -0.0860595703125 -0.110458374023438
-0.0142745971679688 -0.09124755859375 -0.0703887939453125 -0.0744857788085938
0.0606460571289062 -0.106056213378906 -0.0863876342773437 -0.0851898193359375
0.162872314453125 -0.036346435546875 -0.132369995117188 -0.143096923828125
0.217514038085938 0.06072998046875 -0.153411865234375 -0.246780395507813
0.1943359375 0.156478881835937 -0.0933990478515625 -0.271621704101562
0.174118041992188 0.229278564453125 0.1307373046875 -0.281021118164062
0.183029174804688 0.07574462890625 0.0833663940429688 -0.0661773681640625
0.1468505859375 0.0122222900390625 0.167739868164062 -0.004180908203125
0.103370666503906 -0.0587539672851563 0.211074829101563 -0.147247314453125
0.05023193359375 -0.08251953125 0.0998077392578125 -0.246109008789063
-0.00452423095703126 -0.099151611328125 -0.0533905029296875 -0.280227661132813
-0.063232421875 -0.0981216430664063 -0.146316528320312 -0.22125244140625
-0.0658416748046875 -0.0969467163085938 -0.135482788085937 -0.1424560546875
-0.076446533203125 -0.111404418945312 -0.0986099243164063 -0.106422424316406
-0.0442657470703125 -0.142959594726563 -0.0795059204101563 -0.0862960815429688
0.037384033203125 -0.16070556640625 -0.065826416015625 -0.0414772033691406
0.134040832519531 -0.134475708007813 -0.0817718505859375 -0.0503692626953125
0.236175537109375 0.00714111328125 -0.132438659667969 -0.0950775146484375
0.267532348632813 0.14501953125 -0.12884521484375 -0.185317993164063
0.202972412109375 0.253982543945313 -0.055938720703125 -0.192535400390625
0.141754150390625 0.34161376953125 0.191558837890625 -0.175827026367187
0.214828491210937 0.20758056640625 0.140625 0.00346374511718751
0.249679565429688 0.0987701416015625 0.19940185546875 0.03369140625
0.22222900390625 -0.064239501953125 0.236892700195312 -0.109756469726562
0.124114990234375 -0.146286010742188 0.1279296875 -0.205352783203125
0.0089263916015625 -0.191513061523438 -0.0163726806640625 -0.239334106445312
-0.08477783203125 -0.175384521484375 -0.104141235351563 -0.184249877929688
-0.08563232421875 -0.1658935546875 -0.0976181030273438 -0.102821350097656
-0.100128173828125 -0.186126708984375 -0.06427001953125 -0.0604934692382813
-0.047515869140625 -0.213958740234375 -0.0614852905273438 -0.0396652221679688
0.0704345703125 -0.216339111328125 -0.0567245483398437 0.00664138793945312
0.1800537109375 -0.162933349609375 -0.0781173706054687 -0.00851440429687501
0.283905029296875 0.031341552734375 -0.123733520507812 -0.0543136596679688
0.2939453125 0.19573974609375 -0.0892257690429687 -0.128509521484375
0.192352294921875 0.312713623046875 -0.0148162841796875 -0.0931777954101562
0.07733154296875 0.394378662109375 0.230682373046875 -0.0372467041015625
0.18914794921875 0.309661865234375 0.18487548828125 0.100311279296875
0.29376220703125 0.18951416015625 0.214431762695313 0.0841064453125
0.305023193359375 -0.0328369140625 0.241653442382813 -0.0510101318359375
0.188735961914063 -0.172454833984375 0.141494750976563 -0.136077880859375
0.0327911376953125 -0.25152587890625 0.0205230712890625 -0.16796875
-0.088470458984375 -0.22705078125 -0.0502700805664062 -0.119766235351563
-0.091400146484375 -0.2091064453125 -0.0461769104003906 -0.047088623046875
-0.111587524414063 -0.233551025390625 -0.0157203674316406 -0.000456809997558605
-0.0508575439453125 -0.256744384765625 -0.0324077606201172 0.022796630859375
0.0884857177734375 -0.248504638671875 -0.0425529479980469 0.0609664916992187
0.205032348632813 -0.17529296875 -0.073760986328125 0.0314788818359375
0.30133056640625 0.0523681640625 -0.111457824707031 -0.0250244140625
0.282501220703125 0.228363037109375 -0.0387802124023437 -0.07904052734375
0.154876708984375 0.336578369140625 0.0223197937011719 0.0153484344482422
-0.00390625000000001 0.373046875 0.2403564453125 0.110458374023438
0.113861083984375 0.343902587890625 0.203414916992188 0.200454711914063
0.259124755859375 0.25103759765625 0.207595825195313 0.1331787109375
0.321075439453125 0.018096923828125 0.218902587890625 0.0142669677734375
0.21917724609375 -0.154022216796875 0.132858276367188 -0.057098388671875
0.055908203125 -0.264053344726563 0.0469741821289062 -0.0803680419921875
-0.0767669677734375 -0.239959716796875 0.00527572631835937 -0.0428695678710938
-0.084808349609375 -0.219146728515625 0.0124931335449219 0.015507698059082
-0.108139038085938 -0.245285034179688 0.0378684997558594 0.0632896423339844
-0.04827880859375 -0.2655029296875 0.00101470947265625 0.0903778076171875
0.0985870361328125 -0.249679565429688 -0.0277633666992187 0.117584228515625
0.213119506835938 -0.163726806640625 -0.0739364624023437 0.0681228637695312
0.288421630859375 0.08013916015625 -0.0993118286132813 -0.00576019287109375
0.236557006835938 0.250076293945313 0.00693321228027346 -0.0340690612792969
0.0897216796875 0.32861328125 0.0473480224609375 0.12518310546875
-0.082427978515625 0.27947998046875 0.222686767578125 0.230194091796875
0.01861572265625 0.29803466796875 0.197463989257813 0.27740478515625
0.164962768554687 0.249664306640625 0.182647705078125 0.162429809570313
0.26348876953125 0.062347412109375 0.176162719726563 0.06439208984375
0.20269775390625 -0.10528564453125 0.109077453613281 0.0115203857421875
0.066497802734375 -0.2257080078125 0.0622825622558594 0.00427627563476561
-0.0543212890625 -0.2139892578125 0.0522117614746094 0.034942626953125
-0.065826416015625 -0.194961547851563 0.0670013427734375 0.0754165649414062
-0.08734130859375 -0.222564697265625 0.0863800048828125 0.124481201171875
-0.035400390625 -0.240127563476563 0.0323486328125 0.156707763671875
0.09967041015625 -0.221298217773438 -0.0189361572265625 0.169937133789063
0.201202392578125 -0.131256103515625 -0.0794219970703125 0.101905822753906
0.2470703125 0.104705810546875 -0.0943145751953125 0.0108795166015625
0.163681030273438 0.251800537109375 0.0382728576660156 0.0127449035644531
0.00869750976562501 0.28643798828125 0.0485076904296875 0.22833251953125
-0.144210815429688 0.139068603515625 0.18609619140625 0.29974365234375
-0.071380615234375 0.191757202148437 0.17578125 0.309417724609375
0.0477752685546875 0.1895751953125 0.155487060546875 0.164627075195313
0.160247802734375 0.0829620361328125 0.133148193359375 0.0916976928710938
0.144790649414062 -0.0451202392578125 0.0839004516601563 0.0578460693359375
0.0616912841796875 -0.151107788085938 0.070587158203125 0.0673980712890625
-0.0240478515625 -0.152450561523438 0.0880889892578125 0.0951004028320312
-0.0390625 -0.141983032226563 0.110343933105469 0.123771667480469
-0.0548553466796875 -0.167190551757813 0.124435424804688 0.175689697265625
-0.0172271728515625 -0.18310546875 0.0554351806640625 0.215652465820312
0.088104248046875 -0.166793823242188 -0.018829345703125 0.214981079101563
0.1656494140625 -0.0850677490234375 -0.0926742553710937 0.130859375
0.179595947265625 0.115859985351562 -0.098175048828125 0.0246353149414063
0.0723114013671875 0.221649169921875 0.0451850891113281 0.0579910278320313
-0.0753326416015625 0.208084106445313 0.024017333984375 0.311920166015625
0.131942749023438 -0.0683517456054688 -0.0330810546875 -0.35406494140625
0.00289916992187501 -0.1534423828125 -0.02197265625 -0.101081848144531
-0.105628967285156 -0.0716476440429687 0.110435485839844 -0.0325775146484375
-0.111381530761719 0.0338363647460938 0.144378662109375 -0.165603637695313
-0.0531082153320313 0.0914306640625 0.028717041015625 -0.257232666015625
0.015869140625 0.105094909667969 -0.114532470703125 -0.2696533203125
0.023193359375 0.0788040161132813 -0.18743896484375 -0.212661743164062
0.00124359130859374 0.0772552490234375 -0.16705322265625 -0.150970458984375
-0.0105438232421875 0.0865478515625 -0.131668090820313 -0.122108459472656
-0.0582122802734375 0.0571441650390625 -0.0993728637695312 -0.100570678710938
-0.0881195068359375 -0.0111312866210938 -0.090728759765625 -0.0843658447265625
-0.0477981567382812 -0.0887680053710938 -0.114593505859375 -0.109825134277344
0.0658950805664062 -0.122627258300781 -0.152679443359375 -0.188323974609375
0.1551513671875 -0.07562255859375 -0.194793701171875 -0.3013916015625
0.180389404296875 0.0102386474609375 -0.16265869140625 -0.32470703125
0.182861328125 0.0797119140625 0.034149169921875 -0.35845947265625
0.109130859375 -0.0606307983398438 0.02081298828125 -0.105278015136719
0.0202407836914062 -0.0508499145507813 0.139900207519531 -0.0312881469726563
-0.0147209167480469 -0.0245647430419922 0.175430297851563 -0.177230834960937
-0.0119304656982422 0.00100898742675781 0.05450439453125 -0.274185180664063
-0.00343656539916992 0.00236868858337402 -0.10662841796875 -0.292694091796875
-0.0291919708251953 -0.00952720642089843 -0.193069458007812 -0.227462768554688
-0.0406227111816406 -0.0108451843261719 -0.173324584960938 -0.154464721679688
-0.0511436462402344 -0.0151481628417969 -0.133720397949219 -0.124290466308594
-0.0548171997070313 -0.0502510070800781 -0.102424621582031 -0.106269836425781
-0.0207138061523438 -0.0930862426757813 -0.0850677490234375 -0.073272705078125
0.05511474609375 -0.115219116210938 -0.100593566894531 -0.0884933471679688
0.166946411132813 -0.05096435546875 -0.148651123046875 -0.145294189453125
0.23126220703125 0.0458221435546875 -0.1776123046875 -0.2509765625
0.215560913085938 0.1492919921875 -0.121551513671875 -0.2830810546875
0.201171875 0.227935791015625 0.112335205078125 -0.30780029296875
0.197006225585938 0.064300537109375 0.08038330078125 -0.0741119384765625
0.15704345703125 0.0011138916015625 0.176910400390625 -0.01348876953125
0.105720520019531 -0.0698471069335938 0.212356567382812 -0.168243408203125
0.0475997924804687 -0.0915985107421875 0.0875091552734375 -0.2647705078125
-0.0126266479492187 -0.1064453125 -0.07745361328125 -0.287811279296875
-0.0737533569335938 -0.0994338989257813 -0.171005249023438 -0.21783447265625
-0.0772933959960938 -0.0964508056640625 -0.15472412109375 -0.13592529296875
-0.090606689453125 -0.110877990722656 -0.113838195800781 -0.100021362304687
-0.05908203125 -0.1468505859375 -0.0952224731445313 -0.0807876586914063
0.0269317626953125 -0.171585083007813 -0.0782623291015625 -0.0380325317382813
0.130294799804687 -0.15191650390625 -0.0946273803710937 -0.0512161254882813
0.249603271484375 -0.0115203857421875 -0.144866943359375 -0.0960540771484375
0.29217529296875 0.12933349609375 -0.14959716796875 -0.18902587890625
0.234130859375 0.252517700195313 -0.0760955810546875 -0.203384399414062
0.177001953125 0.3485107421875 0.1844482421875 -0.201736450195313
0.242538452148438 0.200088500976563 0.1456298828125 -0.00521850585937499
0.272933959960938 0.0823974609375 0.211212158203125 0.024810791015625
0.229339599609375 -0.0865936279296875 0.241912841796875 -0.130722045898438
0.11907958984375 -0.1649169921875 0.120346069335937 -0.2232666015625
-0.00643920898437502 -0.2047119140625 -0.0348663330078125 -0.24871826171875
-0.103363037109375 -0.1778564453125 -0.124313354492188 -0.181320190429687
-0.103866577148438 -0.166259765625 -0.112602233886719 -0.0967483520507813
-0.1229248046875 -0.1868896484375 -0.07354736328125 -0.0550003051757813
-0.070526123046875 -0.220687866210937 -0.07275390625 -0.0325393676757813
0.05511474609375 -0.23468017578125 -0.0649452209472656 0.0126457214355469
0.177520751953125 -0.187850952148438 -0.0875778198242187 -0.00743103027343751
0.303497314453125 0.0072021484375 -0.134979248046875 -0.0534439086914062
0.325347900390625 0.179931640625 -0.104660034179687 -0.132026672363281
0.227752685546875 0.315216064453125 -0.0268020629882813 -0.101768493652344
0.115386962890625 0.408599853515625 0.238067626953125 -0.0571441650390625
0.225311279296875 0.30792236328125 0.199539184570313 0.0928192138671875
0.326324462890625 0.174102783203125 0.229873657226563 0.077362060546875
0.31842041015625 -0.062652587890625 0.250335693359375 -0.0679779052734375
0.184967041015625 -0.197647094726563 0.139984130859375 -0.15252685546875
0.011993408203125 -0.268875122070312 0.00946044921875001 -0.177200317382813
-0.112457275390625 -0.229644775390625 -0.0634307861328125 -0.119575500488281
-0.115203857421875 -0.210403442382813 -0.0533103942871094 -0.0431404113769531
-0.140457153320312 -0.234619140625 -0.0182571411132813 0.00320243835449217
-0.0780487060546875 -0.26434326171875 -0.0363235473632813 0.0309181213378906
0.0697021484375 -0.269622802734375 -0.0438613891601562 0.0701217651367187
0.202041625976563 -0.204177856445313 -0.0782852172851562 0.0360107421875
0.324005126953125 0.027252197265625 -0.12005615234375 -0.0226364135742188
0.318115234375 0.214111328125 -0.048858642578125 -0.0844497680664062
0.1912841796875 0.342193603515625 0.0213108062744141 0.00968360900878908
0.029998779296875 0.39312744140625 0.259292602539063 0.09765625
0.1510009765625 0.35113525390625 0.22625732421875 0.1968994140625
0.2950439453125 0.24017333984375 0.225341796875 0.129928588867188
0.33892822265625 -0.011260986328125 0.23004150390625 0.0012664794921875
0.218276977539062 -0.181167602539062 0.137184143066406 -0.06805419921875
0.0340576171875 -0.28253173828125 0.0454864501953125 -0.0878829956054688
-0.101943969726562 -0.24481201171875 0.00112152099609375 -0.0429306030273438
-0.108673095703125 -0.221572875976563 0.0124549865722656 0.0175533294677734
-0.137054443359375 -0.247528076171875 0.0428428649902344 0.0656280517578125
-0.0757904052734375 -0.27313232421875 0.0057525634765625 0.0987930297851563
0.0792236328125 -0.27301025390625 -0.022735595703125 0.127540588378906
0.209808349609375 -0.19219970703125 -0.074188232421875 0.0759429931640625
0.312164306640625 0.056396484375 -0.107261657714844 -0.00209808349609375
0.271926879882813 0.240234375 0.00244522094726564 -0.0400581359863281
0.12213134765625 0.33880615234375 0.0572891235351563 0.124290466308594
-0.0587158203125 0.30230712890625 0.251220703125 0.226638793945313
0.04608154296875 0.310211181640625 0.225082397460938 0.278488159179688
0.197113037109375 0.247100830078125 0.20172119140625 0.161453247070313
0.283782958984375 0.0400390625 0.190414428710938 0.0587615966796875
0.202926635742187 -0.129562377929687 0.117698669433594 0.00624847412109374
0.047760009765625 -0.242996215820313 0.0689506530761719 -0.00209045410156251
-0.0765838623046875 -0.21929931640625 0.0578842163085937 0.0325889587402344
-0.0872650146484375 -0.197845458984375 0.0752410888671875 0.0749435424804687
-0.11358642578125 -0.22418212890625 0.100189208984375 0.123924255371094
-0.060791015625 -0.247894287109375 0.04486083984375 0.163864135742187
0.082977294921875 -0.24200439453125 -0.00782775878906249 0.182083129882812
0.19879150390625 -0.156814575195313 -0.0771102905273437 0.112503051757812
0.270736694335938 0.0867919921875 -0.100921630859375 0.015380859375
0.195602416992188 0.247161865234375 0.0380134582519531 0.00612640380859376
0.03326416015625 0.30072021484375 0.0683135986328125 0.232498168945313
-0.13543701171875 0.159347534179688 0.22119140625 0.302398681640625
-0.0562896728515625 0.206787109375 0.206329345703125 0.31402587890625
0.0698089599609375 0.195083618164063 0.173065185546875 0.167388916015625
0.175247192382813 0.0694427490234375 0.148330688476563 0.09014892578125
0.146987915039063 -0.061737060546875 0.094818115234375 0.056121826171875
0.0486297607421875 -0.163345336914063 0.0821075439453125 0.0634231567382812
-0.0411376953125 -0.156295776367188 0.100234985351563 0.0915679931640625
-0.053436279296875 -0.143936157226563 0.125213623046875 0.120292663574219
-0.073516845703125 -0.168716430664063 0.144515991210938 0.173355102539063
-0.0367584228515625 -0.188766479492188 0.0741729736328125 0.222671508789062
0.076629638671875 -0.182525634765625 -0.00178527832031248 0.22869873046875
0.165481567382813 -0.106246948242188 -0.0881805419921875 0.144027709960938
0.199981689453125 0.103866577148438 -0.104629516601562 0.0315017700195313
0.096954345703125 0.223739624023438 0.0501060485839844 0.0534858703613281
-0.0600738525390625 0.22296142578125 0.0499267578125 0.322998046875
0.125724792480469 -0.0825653076171875 -0.071380615234375 -0.36065673828125
-0.013214111328125 -0.156570434570313 -0.0341262817382813 -0.099334716796875
-0.114234924316406 -0.0617523193359375 0.112220764160156 -0.0404739379882813
-0.108695983886719 0.046661376953125 0.135513305664063 -0.183242797851563
-0.0426254272460938 0.0985641479492188 0.006500244140625 -0.267364501953125
0.027099609375 0.104537963867187 -0.14105224609375 -0.264755249023438
0.032196044921875 0.0759201049804687 -0.212356567382812 -0.199844360351563
0.012115478515625 0.0784225463867188 -0.18438720703125 -0.136764526367187
-0.000526428222656254 0.0880355834960938 -0.148147583007812 -0.110763549804688
-0.0518608093261719 0.0639266967773438 -0.112648010253906 -0.0933074951171875
-0.08856201171875 -0.00115203857421874 -0.105323791503906 -0.07904052734375
-0.05780029296875 -0.0834884643554688 -0.131645202636719 -0.106147766113281
0.0532913208007813 -0.131126403808594 -0.171737670898438 -0.184494018554687
0.148773193359375 -0.0922393798828125 -0.224212646484375 -0.294464111328125
0.184219360351563 -0.0072174072265625 -0.199005126953125 -0.321868896484375
0.19403076171875 0.065093994140625 -0.00253295898437496 -0.37249755859375
0.105049133300781 -0.0724334716796875 0.00933074951171875 -0.107902526855469
0.0171852111816406 -0.0530548095703125 0.142333984375 -0.0419158935546875
-0.0152664184570313 -0.0224571228027344 0.166824340820313 -0.197906494140625
-0.00969982147216797 0.000863075256347656 0.03155517578125 -0.2864990234375
-0.00285792350769043 -0.000200748443603516 -0.135009765625 -0.29034423828125
-0.0293312072753906 -0.00947761535644532 -0.220504760742188 -0.21331787109375
-0.0414276123046875 -0.00782012939453126 -0.191513061523437 -0.13897705078125
-0.0531044006347656 -0.0123214721679688 -0.149383544921875 -0.111770629882813
-0.0605087280273438 -0.046783447265625 -0.118507385253906 -0.0961380004882813
-0.028839111328125 -0.09283447265625 -0.09967041015625 -0.0676727294921875
0.0448226928710938 -0.121536254882813 -0.116432189941406 -0.0859756469726563
0.16387939453125 -0.0669708251953125 -0.164443969726563 -0.141815185546875
0.240463256835938 0.0252227783203125 -0.203262329101563 -0.246597290039063
0.23553466796875 0.133453369140625 -0.152374267578125 -0.2843017578125
0.227432250976563 0.214569091796875 0.08367919921875 -0.327301025390625
0.207077026367188 0.047149658203125 0.0737380981445313 -0.0816421508789063
0.162765502929688 -0.0128173828125 0.180862426757813 -0.024993896484375
0.104537963867188 -0.0822982788085938 0.204299926757812 -0.190460205078125
0.0424270629882813 -0.0996780395507813 0.0672760009765625 -0.278945922851563
-0.0243911743164063 -0.111297607421875 -0.10546875 -0.287109375
-0.0856170654296875 -0.0970230102539063 -0.195907592773438 -0.205490112304687
-0.0881500244140625 -0.0905914306640625 -0.1708984375 -0.121292114257813
-0.103363037109375 -0.104263305664063 -0.127792358398438 -0.088623046875
-0.0760040283203125 -0.145217895507812 -0.109291076660156 -0.0695114135742187
0.01171875 -0.179336547851563 -0.089080810546875 -0.030364990234375
0.120407104492188 -0.169479370117188 -0.106636047363281 -0.0491409301757813
0.254013061523438 -0.0362091064453125 -0.157485961914062 -0.092376708984375
0.3126220703125 0.10455322265625 -0.170166015625 -0.185455322265625
0.263992309570313 0.23883056640625 -0.100189208984375 -0.20635986328125
0.215576171875 0.34185791015625 0.16851806640625 -0.226638793945312
0.267684936523438 0.181488037109375 0.145904541015625 -0.0162200927734375
0.289276123046875 0.057861328125 0.220077514648438 0.0113983154296875
0.228240966796875 -0.112045288085938 0.237319946289063 -0.152664184570312
0.10736083984375 -0.182769775390625 0.105712890625 -0.237335205078125
-0.0284576416015625 -0.211395263671875 -0.0582733154296875 -0.251541137695313
-0.122802734375 -0.172927856445313 -0.14544677734375 -0.171096801757813
-0.122039794921875 -0.16009521484375 -0.125244140625 -0.0848846435546875
-0.146240234375 -0.178604125976562 -0.0821456909179688 -0.0459747314453125
-0.0944061279296875 -0.218246459960938 -0.0820236206054688 -0.021026611328125
0.0321502685546875 -0.247695922851562 -0.0698165893554688 0.0209388732910156
0.162933349609375 -0.211959838867188 -0.0940628051757813 -0.00283813476562502
0.312744140625 -0.023101806640625 -0.145645141601562 -0.0478668212890625
0.351959228515625 0.1510009765625 -0.120315551757813 -0.130157470703125
0.26361083984375 0.30377197265625 -0.0390090942382812 -0.105979919433594
0.158843994140625 0.409027099609375 0.236358642578125 -0.0838775634765625
0.259429931640625 0.292816162109375 0.209335327148438 0.0781402587890625
0.353363037109375 0.14544677734375 0.243179321289063 0.063873291015625
0.32171630859375 -0.097198486328125 0.252273559570313 -0.08868408203125
0.17059326171875 -0.222076416015625 0.132247924804688 -0.167251586914063
-0.0165557861328125 -0.278732299804688 -0.0047760009765625 -0.182861328125
-0.139068603515625 -0.225906372070313 -0.0766525268554688 -0.1148681640625
-0.138153076171875 -0.203109741210938 -0.0601539611816406 -0.0358200073242188
-0.16851806640625 -0.225494384765625 -0.0191593170166016 0.00746536254882811
-0.108901977539063 -0.262420654296875 -0.0370254516601563 0.039459228515625
0.04278564453125 -0.286102294921875 -0.0424652099609375 0.0776214599609375
0.186676025390625 -0.231979370117187 -0.0817718505859375 0.040802001953125
0.3377685546875 -0.006134033203125 -0.127548217773437 -0.0159683227539063
0.34918212890625 0.185791015625 -0.060150146484375 -0.0863800048828125
0.22918701171875 0.334686279296875 0.0205307006835938 0.00437164306640627
0.0697021484375 0.40130615234375 0.274246215820312 0.0749969482421875
0.18914794921875 0.3441162109375 0.248214721679687 0.183624267578125
0.328216552734375 0.216827392578125 0.240982055664063 0.116851806640625
0.346466064453125 -0.04669189453125 0.237197875976563 -0.0157623291015625
0.206695556640625 -0.210494995117188 0.135795593261719 -0.0801239013671875
0.00439453124999998 -0.2938232421875 0.0415115356445313 -0.0965118408203125
-0.128448486328125 -0.239715576171875 -0.00290298461914063 -0.0425224304199219
-0.13372802734375 -0.216476440429687 0.0117597579956055 0.0171279907226562
-0.166946411132813 -0.239105224609375 0.0502204895019531 0.0641326904296875
-0.106918334960938 -0.271377563476563 0.0132980346679687 0.104263305664063
0.053314208984375 -0.28741455078125 -0.0132675170898438 0.13494873046875
0.195999145507813 -0.221832275390625 -0.0717391967773437 0.0820846557617187
0.328857421875 0.0240478515625 -0.113426208496094 0.00412750244140627
0.304229736328125 0.216400146484375 -0.00343704223632811 -0.0450706481933594
0.159027099609375 0.33740234375 0.0675430297851563 0.118759155273438
-0.027923583984375 0.31719970703125 0.279388427734375 0.209213256835938
0.078887939453125 0.313629150390625 0.254531860351563 0.268402099609375
0.227508544921875 0.232803344726563 0.220321655273438 0.153060913085938
0.294464111328125 0.0093994140625 0.2005615234375 0.047027587890625
0.19512939453125 -0.15521240234375 0.124183654785156 -0.00366210937500001
0.0214080810546875 -0.25445556640625 0.0721282958984375 -0.00924682617187501
-0.101287841796875 -0.215972900390625 0.0626373291015625 0.0286979675292969
-0.108795166015625 -0.193145751953125 0.0828018188476563 0.0703201293945312
-0.14111328125 -0.217926025390625 0.11407470703125 0.119590759277344
-0.0898895263671875 -0.245574951171875 0.06048583984375 0.167251586914062
0.0582427978515625 -0.257110595703125 0.0101165771484375 0.188720703125
0.187255859375 -0.182769775390625 -0.0710372924804687 0.121002197265625
0.287567138671875 0.058258056640625 -0.105247497558594 0.02325439453125
0.225753784179688 0.230926513671875 0.0367088317871094 -0.000881195068359361
0.06414794921875 0.30523681640625 0.0908203125 0.23040771484375
-0.120529174804687 0.176071166992188 0.2569580078125 0.293426513671875
-0.0347137451171875 0.21875 0.239593505859375 0.30694580078125
0.0937347412109375 0.191162109375 0.19281005859375 0.161178588867188
0.18658447265625 0.050445556640625 0.162765502929687 0.0846099853515625
0.143569946289063 -0.07965087890625 0.105453491210938 0.0492324829101562
0.0311431884765625 -0.17364501953125 0.09356689453125 0.0547866821289062
-0.0580596923828125 -0.154403686523437 0.112007141113281 0.0849533081054687
-0.070587158203125 -0.141067504882813 0.137275695800781 0.111351013183594
-0.095062255859375 -0.164810180664063 0.16448974609375 0.1651611328125
-0.0587158203125 -0.1871337890625 0.09661865234375 0.222412109375
0.0572357177734375 -0.195098876953125 0.018280029296875 0.234283447265625
0.158416748046875 -0.1265869140625 -0.0773773193359375 0.1558837890625
0.216522216796875 0.0841217041015625 -0.107131958007812 0.0397720336914062
0.12188720703125 0.216873168945313 0.0541458129882813 0.0451698303222656
-0.0399932861328125 0.233963012695313 0.079681396484375 0.3258056640625
0.116340637207031 -0.092376708984375 -0.106353759765625 -0.3531494140625
-0.0279693603515625 -0.152664184570313 -0.0455398559570312 -0.0928115844726563
-0.117294311523437 -0.0504150390625 0.111648559570313 -0.0484161376953125
-0.10076904296875 0.0573959350585937 0.122451782226563 -0.195098876953125
-0.0318984985351563 0.1007080078125 -0.011138916015625 -0.267135620117188
0.0366363525390625 0.0986099243164062 -0.164031982421875 -0.2532958984375
0.03887939453125 0.0712051391601563 -0.227294921875 -0.18170166015625
0.0208358764648438 0.0767974853515625 -0.194869995117187 -0.119338989257813
0.0111770629882813 0.0868377685546875 -0.156646728515625 -0.096435546875
-0.0438423156738281 0.0661277770996094 -0.121315002441406 -0.082611083984375
-0.0861434936523438 0.00810241699218749 -0.115859985351563 -0.0729141235351562
-0.064453125 -0.0776748657226562 -0.145660400390625 -0.0997161865234375
0.0382919311523438 -0.132026672363281 -0.186599731445313 -0.174163818359375
0.13848876953125 -0.10235595703125 -0.24755859375 -0.28009033203125
0.182159423828125 -0.0229644775390625 -0.226226806640625 -0.311126708984375
0.199691772460938 0.048980712890625 -0.036102294921875 -0.375274658203125
0.09796142578125 -0.0802764892578125 -0.00138092041015624 -0.104782104492187
0.0163803100585937 -0.0546875 0.141830444335938 -0.0505218505859375
-0.0139446258544922 -0.0221748352050781 0.154205322265625 -0.210418701171875
-0.00698423385620117 0.00134468078613281 0.01043701171875 -0.289520263671875
-0.00370860099792481 -0.00243306159973145 -0.16015625 -0.277801513671875
-0.0305557250976563 -0.00886917114257812 -0.2374267578125 -0.190750122070313
-0.0408058166503906 -0.00611114501953124 -0.204376220703125 -0.120269775390625
-0.0552406311035156 -0.00774765014648436 -0.15985107421875 -0.09820556640625
-0.0610084533691406 -0.0427474975585937 -0.128486633300781 -0.0819473266601562
-0.036041259765625 -0.0880203247070313 -0.109382629394531 -0.0599212646484375
0.0376129150390625 -0.124771118164062 -0.127883911132813 -0.0803756713867188
0.158554077148438 -0.07904052734375 -0.173660278320313 -0.13427734375
0.243057250976563 0.00555419921875 -0.221923828125 -0.234054565429688
0.247329711914063 0.114471435546875 -0.17828369140625 -0.277908325195313
0.246261596679687 0.197280883789062 0.051177978515625 -0.335601806640625
0.21038818359375 0.028167724609375 0.0657577514648438 -0.0860977172851562
0.162368774414063 -0.026458740234375 0.182540893554688 -0.0348968505859375
0.0990524291992188 -0.093414306640625 0.193206787109375 -0.20526123046875
0.033233642578125 -0.105209350585938 0.0462646484375 -0.28265380859375
-0.0351791381835938 -0.110359191894531 -0.12969970703125 -0.278701782226562
-0.0945587158203125 -0.0915374755859375 -0.2135009765625 -0.186660766601563
-0.0947799682617187 -0.084930419921875 -0.180770874023438 -0.103988647460938
-0.115104675292969 -0.09686279296875 -0.13751220703125 -0.0761260986328125
-0.0879974365234375 -0.137672424316406 -0.11767578125 -0.0564117431640625
-0.00436401367187501 -0.180343627929688 -0.0969619750976563 -0.0223541259765625
0.104721069335938 -0.17987060546875 -0.116706848144531 -0.0450363159179688
0.251190185546875 -0.0568389892578125 -0.16693115234375 -0.08453369140625
0.320709228515625 0.078521728515625 -0.184249877929687 -0.176971435546875
0.285308837890625 0.21636962890625 -0.121185302734375 -0.203704833984375
0.244415283203125 0.323089599609375 0.146209716796875 -0.24249267578125
0.281494140625 0.16009521484375 0.143020629882813 -0.0256805419921875
0.297119140625 0.032928466796875 0.221221923828125 -0.0014495849609375
0.218780517578125 -0.131256103515625 0.225830078125 -0.170806884765625
0.092010498046875 -0.193450927734375 0.0881500244140625 -0.244796752929688
-0.0511016845703125 -0.210617065429687 -0.080108642578125 -0.248123168945313
-0.138031005859375 -0.163558959960937 -0.15875244140625 -0.159744262695313
-0.136856079101563 -0.151077270507812 -0.132232666015625 -0.0675277709960938
-0.163818359375 -0.166366577148437 -0.0862655639648438 -0.0338897705078125
-0.115615844726562 -0.210418701171875 -0.0852203369140625 -0.00897979736328126
0.00979614257812498 -0.253616333007813 -0.0707855224609375 0.0289688110351562
0.146682739257813 -0.228729248046875 -0.101432800292969 0.000160217285156237
0.311492919921875 -0.052093505859375 -0.150375366210937 -0.040985107421875
0.36785888671875 0.119781494140625 -0.131484985351563 -0.126838684082031
0.292388916015625 0.2835693359375 -0.0523681640625 -0.106407165527344
0.19573974609375 0.39837646484375 0.22698974609375 -0.104507446289062
0.282806396484375 0.269805908203125 0.21087646484375 0.06378173828125
0.365692138671875 0.114166259765625 0.248550415039063 0.0516357421875
0.3150634765625 -0.1275634765625 0.245468139648438 -0.109619140625
0.149734497070313 -0.238983154296875 0.118133544921875 -0.174270629882813
-0.042938232421875 -0.279769897460938 -0.0204315185546875 -0.18243408203125
-0.158447265625 -0.211441040039063 -0.0866851806640625 -0.106941223144531
-0.156936645507813 -0.190673828125 -0.0637321472167969 -0.0299110412597656
-0.19189453125 -0.209152221679688 -0.0201358795166016 0.0118732452392578
-0.136337280273437 -0.250045776367188 -0.0360221862792969 0.047882080078125
0.01513671875 -0.290191650390625 -0.0380935668945313 0.0844268798828125
0.165267944335937 -0.250701904296875 -0.0836105346679688 0.0473556518554687
0.337158203125 -0.038238525390625 -0.132400512695312 -0.00884246826171877
0.36688232421875 0.154815673828125 -0.0700454711914062 -0.0865325927734375
0.257965087890625 0.318450927734375 0.0173778533935547 -0.000452995300292949
0.109771728515625 0.394622802734375 0.27630615234375 0.05133056640625
0.2176513671875 0.32763671875 0.261566162109375 0.162155151367188
0.348480224609375 0.185882568359375 0.250457763671875 0.106719970703125
0.341461181640625 -0.079010009765625 0.2369384765625 -0.030548095703125
0.188430786132813 -0.229095458984375 0.1337890625 -0.08978271484375
-0.023468017578125 -0.296295166015625 0.0345687866210938 -0.0998382568359375
-0.149795532226562 -0.229263305664063 -0.00786590576171876 -0.0429534912109375
-0.15313720703125 -0.2020263671875 0.0119285583496094 0.0212669372558594
-0.1917724609375 -0.224334716796875 0.0519599914550781 0.0622711181640625
-0.134033203125 -0.258026123046875 0.0198745727539062 0.109321594238281
0.0264892578125 -0.297119140625 -0.00463867187500001 0.137908935546875
0.17559814453125 -0.24163818359375 -0.07025146484375 0.0859832763671875
0.33203125 -0.006072998046875 -0.114334106445312 0.012359619140625
0.32623291015625 0.186676025390625 -0.0115089416503906 -0.0516700744628906
0.1904296875 0.325653076171875 0.0734100341796875 0.109893798828125
0.00381469726562498 0.318115234375 0.296539306640625 0.18524169921875
0.106597900390625 0.308013916015625 0.275115966796875 0.2451171875
0.248428344726562 0.212081909179687 0.230880737304688 0.141708374023437
0.295013427734375 -0.019744873046875 0.20489501953125 0.0346527099609375
0.180694580078125 -0.171127319335938 0.126419067382813 -0.0120162963867188
-0.00308227539062502 -0.254959106445313 0.071258544921875 -0.0165786743164063
-0.119796752929688 -0.204315185546875 0.0643768310546875 0.0230216979980469
-0.127471923828125 -0.1826171875 0.0869674682617187 0.066436767578125
-0.163772583007813 -0.202789306640625 0.121330261230469 0.109138488769531
-0.11285400390625 -0.234451293945312 0.071319580078125 0.166595458984375
0.0335540771484375 -0.265289306640625 0.0251617431640625 0.191329956054687
0.170486450195312 -0.200119018554687 -0.0625152587890625 0.124366760253906
0.293975830078125 0.031829833984375 -0.106857299804688 0.0286178588867188
0.245956420898437 0.208358764648437 0.0342674255371094 -0.00572204589843749
0.0914306640625 0.302581787109375 0.109161376953125 0.220611572265625
-0.10223388671875 0.190109252929688 0.282073974609375 0.27471923828125
-0.0149993896484375 0.216110229492188 0.26361083984375 0.292388916015625
0.110733032226563 0.18402099609375 0.204147338867188 0.148910522460938
0.19158935546875 0.02923583984375 0.172012329101563 0.0737762451171875
0.133941650390625 -0.0919876098632813 0.109817504882813 0.0396347045898437
0.0120086669921875 -0.176986694335938 0.09747314453125 0.0445938110351562
-0.0748748779296875 -0.150894165039062 0.120742797851562 0.074188232421875
-0.0824966430664063 -0.134353637695313 0.149200439453125 0.0997772216796875
-0.10833740234375 -0.155929565429687 0.179550170898438 0.15008544921875
-0.0754852294921875 -0.179931640625 0.117706298828125 0.215423583984375
0.0368804931640625 -0.202255249023437 0.0382232666015625 0.232452392578125
0.145431518554688 -0.139404296875 -0.0684356689453125 0.160858154296875
0.223983764648438 0.0639190673828125 -0.109107971191406 0.0440902709960938
0.145004272460938 0.204269409179688 0.05645751953125 0.037750244140625
-0.021026611328125 0.238922119140625 0.111480712890625 0.3182373046875
0.109657287597656 -0.09857177734375 -0.128936767578125 -0.345947265625
-0.038848876953125 -0.14862060546875 -0.0522918701171875 -0.0866470336914063
-0.118782043457031 -0.0410537719726563 0.112594604492187 -0.050628662109375
-0.0950164794921875 0.06439208984375 0.113876342773438 -0.203475952148438
-0.021759033203125 0.101997375488281 -0.0266876220703125 -0.2681884765625
0.043670654296875 0.0947418212890625 -0.177078247070313 -0.241470336914063
0.0434074401855469 0.0667343139648438 -0.23980712890625 -0.165542602539062
0.0267181396484375 0.0739212036132812 -0.201202392578125 -0.106887817382813
0.0157318115234375 0.0854568481445313 -0.16400146484375 -0.0842132568359375
-0.0364418029785156 0.0691986083984375 -0.128059387207031 -0.0729751586914062
-0.0826873779296875 0.0152053833007812 -0.123977661132813 -0.064239501953125
-0.0683174133300781 -0.0691680908203125 -0.15399169921875 -0.093536376953125
0.0300674438476562 -0.132247924804688 -0.191696166992188 -0.169265747070312
0.129058837890625 -0.110008239746094 -0.259979248046875 -0.2689208984375
0.18060302734375 -0.034027099609375 -0.2451171875 -0.30126953125
0.19854736328125 0.039306640625 -0.06329345703125 -0.370208740234375
0.0896224975585938 -0.0839767456054688 -0.010528564453125 -0.10345458984375
0.0138435363769531 -0.0516815185546875 0.14068603515625 -0.0545806884765625
-0.0137920379638672 -0.0208225250244141 0.14337158203125 -0.220016479492187
-0.00455617904663086 -0.000544071197509765 -0.00512695312500003 -0.289459228515625
-0.00401449203491211 -0.00382876396179199 -0.174331665039062 -0.265853881835938
-0.0323677062988281 -0.00881576538085937 -0.247634887695313 -0.175994873046875
-0.039520263671875 -0.00342178344726563 -0.208740234375 -0.105392456054688
-0.05303955078125 -0.00563812255859376 -0.166351318359375 -0.0834197998046875
-0.0638275146484375 -0.0375480651855469 -0.134796142578125 -0.0717391967773438
-0.0382537841796875 -0.086517333984375 -0.117820739746094 -0.0507888793945313
0.0287628173828125 -0.125457763671875 -0.138946533203125 -0.0762786865234375
0.151504516601563 -0.0870208740234375 -0.181198120117188 -0.129653930664063
0.238693237304687 -0.00823974609375 -0.23419189453125 -0.225234985351562
0.252914428710938 0.0995025634765625 -0.197219848632812 -0.270584106445313
0.256134033203125 0.18310546875 0.0274658203125 -0.3394775390625
0.209564208984375 0.0182647705078125 0.0552215576171875 -0.0867233276367188
0.163253784179688 -0.03485107421875 0.18060302734375 -0.0421142578125
0.0951766967773438 -0.10015869140625 0.18182373046875 -0.216079711914063
0.0301971435546875 -0.109031677246094 0.031341552734375 -0.285125732421875
-0.0435791015625 -0.110755920410156 -0.144332885742187 -0.26837158203125
-0.100746154785156 -0.0874099731445313 -0.22332763671875 -0.170364379882813
-0.100692749023438 -0.078887939453125 -0.186355590820313 -0.0887298583984375
-0.119766235351563 -0.08837890625 -0.141098022460938 -0.0635833740234375
-0.0970306396484375 -0.130538940429688 -0.123283386230469 -0.0442886352539063
-0.0148773193359375 -0.181045532226563 -0.102531433105469 -0.0135269165039063
0.0939483642578125 -0.186874389648438 -0.125099182128906 -0.0402145385742188
0.247589111328125 -0.071502685546875 -0.170913696289062 -0.0806732177734375
0.324127197265625 0.0570068359375 -0.194778442382813 -0.169815063476563
0.2979736328125 0.201019287109375 -0.136444091796875 -0.199203491210938
0.2633056640625 0.30767822265625 0.126480102539063 -0.250381469726562
0.2884521484375 0.140167236328125 0.136367797851563 -0.03387451171875
0.298919677734375 0.015289306640625 0.222137451171875 -0.009490966796875
0.212051391601563 -0.148513793945313 0.219284057617188 -0.181320190429688
0.0820770263671875 -0.200042724609375 0.0750579833984375 -0.2476806640625
-0.0647735595703125 -0.209014892578125 -0.0912017822265625 -0.24078369140625
-0.150253295898438 -0.1558837890625 -0.16851806640625 -0.14605712890625
-0.1463623046875 -0.14190673828125 -0.135910034179688 -0.059112548828125
-0.174423217773438 -0.154251098632813 -0.090362548828125 -0.0271530151367188
-0.130615234375 -0.200180053710937 -0.0870437622070313 0.00125122070312499
-0.00851440429687503 -0.2530517578125 -0.0739212036132813 0.0358734130859375
0.130126953125 -0.23876953125 -0.106597900390625 0.00451660156249998
0.308837890625 -0.071044921875 -0.155502319335937 -0.03717041015625
0.372344970703125 0.096649169921875 -0.140312194824219 -0.122268676757812
0.3082275390625 0.266693115234375 -0.0633163452148438 -0.106224060058594
0.221038818359375 0.38336181640625 0.217483520507813 -0.118133544921875
0.298187255859375 0.2510986328125 0.213455200195313 0.05035400390625
0.3756103515625 0.093414306640625 0.25164794921875 0.0399322509765625
0.305084228515625 -0.147369384765625 0.241439819335938 -0.11572265625
0.136001586914062 -0.248886108398437 0.111068725585938 -0.179885864257813
-0.063720703125 -0.27520751953125 -0.0290679931640625 -0.180908203125
-0.173797607421875 -0.203216552734375 -0.09295654296875 -0.099578857421875
-0.169464111328125 -0.180572509765625 -0.0658111572265625 -0.020721435546875
-0.20611572265625 -0.19622802734375 -0.0199699401855469 0.0163784027099609
-0.15264892578125 -0.239532470703125 -0.0353507995605469 0.055419921875
-0.00628662109375003 -0.294342041015625 -0.035614013671875 0.0892257690429687
0.14825439453125 -0.263336181640625 -0.086822509765625 0.0489273071289062
0.334259033203125 -0.05926513671875 -0.137092590332031 -0.00562286376953122
0.3751220703125 0.128448486328125 -0.0765838623046875 -0.0849380493164062
0.2781982421875 0.302520751953125 0.013392448425293 -0.00321865081787108
0.136260986328125 0.388214111328125 0.27886962890625 0.0366058349609375
0.238311767578125 0.309844970703125 0.265838623046875 0.1494140625
0.3619384765625 0.165557861328125 0.255386352539063 0.0928955078125
0.336883544921875 -0.103515625 0.235336303710938 -0.0405426025390625
0.17059326171875 -0.242218017578125 0.127571105957031 -0.096466064453125
-0.045867919921875 -0.291717529296875 0.0286026000976562 -0.102119445800781
-0.168991088867188 -0.2181396484375 -0.00986862182617188 -0.0399055480957031
-0.166839599609375 -0.192428588867188 0.0135841369628906 0.0210342407226562
-0.207870483398437 -0.209014892578125 0.05755615234375 0.0608444213867187
-0.153945922851562 -0.248565673828125 0.02410888671875 0.1102294921875
0.003265380859375 -0.299591064453125 0.00389099121093751 0.140480041503906
0.156936645507813 -0.254226684570312 -0.06951904296875 0.0904159545898437
0.329986572265625 -0.030426025390625 -0.118476867675781 0.0145416259765625
0.336578369140625 0.16259765625 -0.0171012878417969 -0.0512008666992187
0.20916748046875 0.314117431640625 0.0785675048828125 0.105270385742188
0.025909423828125 0.317626953125 0.306243896484375 0.169189453125
0.128204345703125 0.296600341796875 0.285430908203125 0.233184814453125
0.265609741210938 0.196212768554688 0.238250732421875 0.131576538085938
0.29400634765625 -0.04071044921875 0.208908081054688 0.026092529296875
0.167724609375 -0.185455322265625 0.126510620117188 -0.0169601440429688
-0.0241241455078125 -0.254791259765625 0.0723037719726562 -0.0224533081054688
-0.136260986328125 -0.193771362304688 0.0654983520507812 0.0194358825683594
-0.140411376953125 -0.172134399414063 0.0907669067382812 0.0621490478515625
-0.177810668945313 -0.1915283203125 0.1292724609375 0.103691101074219
-0.130828857421875 -0.225936889648438 0.083465576171875 0.164260864257813
0.0128173828125 -0.266586303710938 0.0347900390625 0.18963623046875
0.154998779296875 -0.213821411132813 -0.0595016479492187 0.128555297851563
0.29595947265625 0.009674072265625 -0.10906982421875 0.032745361328125
0.260162353515625 0.189468383789063 0.0304660797119141 -0.0127658843994141
0.110626220703125 0.295318603515625 0.1195068359375 0.2127685546875
-0.084381103515625 0.192718505859375 0.298583984375 0.257354736328125
0.00283813476562499 0.217605590820313 0.277099609375 0.275802612304688
0.124725341796875 0.17340087890625 0.212295532226563 0.14434814453125
0.19140625 0.0164031982421875 0.1773681640625 0.0675811767578125
0.126411437988281 -0.103721618652344 0.116340637207031 0.0364761352539062
-0.00305175781250001 -0.17388916015625 0.101814270019531 0.0376739501953125
-0.084808349609375 -0.140823364257812 0.124473571777344 0.066558837890625
-0.0926895141601563 -0.126907348632813 0.152923583984375 0.093109130859375
-0.12091064453125 -0.146011352539063 0.185287475585938 0.140792846679688
-0.0897674560546875 -0.17327880859375 0.128341674804688 0.211837768554687
0.0226593017578125 -0.204788208007813 0.05157470703125 0.232421875
0.1357421875 -0.15081787109375 -0.06219482421875 0.1640625
0.2275390625 0.0467681884765625 -0.107414245605469 0.0511016845703125
0.154296875 0.190383911132813 0.0550117492675781 0.032684326171875
-0.00312805175781248 0.237899780273438 0.127655029296875 0.307098388671875
0.103370666503906 -0.10321044921875 -0.149169921875 -0.342193603515625
-0.0479736328125 -0.147232055664063 -0.0584945678710938 -0.080596923828125
-0.119529724121094 -0.035247802734375 0.114364624023437 -0.0531692504882813
-0.0900802612304688 0.0695877075195312 0.108612060546875 -0.2108154296875
-0.0156707763671875 0.102790832519531 -0.037017822265625 -0.2705078125
0.0496063232421875 0.0924835205078125 -0.1881103515625 -0.235397338867187
0.0472488403320313 0.0634841918945313 -0.249954223632813 -0.155197143554687
0.0328750610351562 0.0722427368164063 -0.208038330078125 -0.09796142578125
0.022308349609375 0.083831787109375 -0.1693115234375 -0.0762481689453125
-0.030426025390625 0.0701141357421875 -0.133209228515625 -0.0672149658203125
-0.0796661376953125 0.0205230712890625 -0.132682800292969 -0.0585708618164062
-0.070953369140625 -0.0642013549804688 -0.16290283203125 -0.09002685546875
0.023101806640625 -0.132606506347656 -0.199752807617188 -0.169113159179688
0.124229431152344 -0.1156005859375 -0.273086547851563 -0.265762329101563
0.181640625 -0.0435028076171875 -0.2615966796875 -0.29815673828125
0.201980590820313 0.032012939453125 -0.084381103515625 -0.37017822265625
0.0855255126953125 -0.087738037109375 -0.0176849365234375 -0.100639343261719
0.0134963989257812 -0.0526657104492188 0.142959594726563 -0.057373046875
-0.0120010375976563 -0.0207252502441406 0.137664794921875 -0.227371215820313
-0.00383567810058594 -0.00206303596496582 -0.01568603515625 -0.29150390625
-0.00591802597045898 -0.00469589233398438 -0.18701171875 -0.261215209960937
-0.0338249206542969 -0.00877952575683594 -0.25811767578125 -0.166351318359375
-0.0392074584960938 -0.0023193359375 -0.215850830078125 -0.095916748046875
-0.0533523559570312 -0.00304031372070313 -0.172760009765625 -0.0741119384765625
-0.0648078918457031 -0.0351104736328125 -0.141021728515625 -0.063873291015625
-0.04132080078125 -0.0851898193359375 -0.125732421875 -0.0447006225585938
0.02392578125 -0.127105712890625 -0.148727416992188 -0.0740509033203126
0.149276733398438 -0.0931243896484375 -0.188446044921875 -0.128936767578125
0.240386962890625 -0.0182037353515625 -0.2457275390625 -0.22454833984375
0.26080322265625 0.08984375 -0.213973999023438 -0.26934814453125
0.266510009765625 0.174484252929688 0.00869750976562499 -0.34375
0.210556030273438 0.0098419189453125 0.0494308471679688 -0.0872116088867188
0.16619873046875 -0.042633056640625 0.18402099609375 -0.046722412109375
0.0928802490234375 -0.105667114257812 0.175979614257813 -0.225112915039063
0.0260238647460937 -0.113212585449219 0.021514892578125 -0.288665771484375
-0.0514907836914062 -0.111488342285156 -0.15692138671875 -0.264541625976562
-0.106941223144531 -0.0846176147460937 -0.234024047851563 -0.160842895507813
-0.105392456054688 -0.0756301879882812 -0.191986083984375 -0.079132080078125
-0.126296997070313 -0.0836410522460938 -0.145904541015625 -0.053802490234375
-0.104698181152344 -0.127197265625 -0.127853393554688 -0.0345077514648438
-0.0237274169921875 -0.181930541992188 -0.107704162597656 -0.00730133056640625
0.086700439453125 -0.193679809570312 -0.134925842285156 -0.0373382568359375
0.247665405273438 -0.08258056640625 -0.178298950195312 -0.079833984375
0.330963134765625 0.042724609375 -0.20416259765625 -0.169525146484375
0.31182861328125 0.191314697265625 -0.149551391601562 -0.19873046875
0.28033447265625 0.300384521484375 0.113418579101563 -0.258331298828125
0.295928955078125 0.1292724609375 0.133277893066406 -0.0369720458984375
0.30535888671875 0.00311279296875 0.226699829101563 -0.0139617919921875
0.2086181640625 -0.161911010742187 0.216049194335938 -0.190292358398438
0.073577880859375 -0.207748413085938 0.066802978515625 -0.252960205078125
-0.077728271484375 -0.208267211914062 -0.102249145507813 -0.23870849609375
-0.1617431640625 -0.150863647460938 -0.1776123046875 -0.136886596679687
-0.1556396484375 -0.135467529296875 -0.140365600585938 -0.050811767578125
-0.185531616210938 -0.14727783203125 -0.0925064086914063 -0.0204391479492188
-0.143447875976562 -0.194534301757813 -0.0903167724609375 0.0100021362304687
-0.021026611328125 -0.255661010742188 -0.0757980346679688 0.0421218872070312
0.119384765625 -0.24920654296875 -0.115203857421875 0.00813293457031247
0.310028076171875 -0.086273193359375 -0.1619873046875 -0.0357818603515625
0.38116455078125 0.079345703125 -0.148651123046875 -0.123046875
0.324554443359375 0.25933837890625 -0.0723953247070313 -0.107452392578125
0.240386962890625 0.377593994140625 0.211013793945313 -0.128646850585938
0.31268310546875 0.23980712890625 0.213363647460938 0.0449676513671875
0.386016845703125 0.076995849609375 0.256317138671875 0.0360260009765625
0.301666259765625 -0.16632080078125 0.240524291992188 -0.125595092773438
0.125091552734375 -0.2601318359375 0.106124877929688 -0.184951782226563
-0.081085205078125 -0.2747802734375 -0.0371246337890625 -0.182357788085938
-0.188156127929688 -0.197128295898438 -0.0990447998046875 -0.0942764282226563
-0.182266235351562 -0.173995971679688 -0.0679168701171875 -0.0142555236816406
-0.22003173828125 -0.187210083007813 -0.0203876495361328 0.0187721252441406
-0.168624877929687 -0.232131958007813 -0.0346527099609375 0.0627899169921875
-0.02264404296875 -0.298583984375 -0.0331344604492188 0.0940093994140625
0.135589599609375 -0.275924682617188 -0.0922698974609375 0.0520553588867187
0.336883544921875 -0.0775146484375 -0.142807006835937 -0.00399780273437503
0.38677978515625 0.111236572265625 -0.0839004516601562 -0.0869598388671875
0.296356201171875 0.296600341796875 0.0098237991333008 -0.00625419616699217
0.1556396484375 0.386444091796875 0.281112670898438 0.0232086181640625
0.255401611328125 0.302825927734375 0.27191162109375 0.142135620117188
0.374603271484375 0.150665283203125 0.262100219726563 0.088714599609375
0.335479736328125 -0.122344970703125 0.238754272460938 -0.0477294921875
0.159622192382813 -0.253463745117188 0.12677001953125 -0.100090026855469
-0.065399169921875 -0.291839599609375 0.0243072509765625 -0.104873657226563
-0.182785034179687 -0.210769653320313 -0.0123443603515625 -0.0380668640136719
-0.180343627929688 -0.184844970703125 0.0141181945800781 0.0242805480957031
-0.223297119140625 -0.199981689453125 0.0595626831054687 0.0608596801757812
-0.169448852539063 -0.24102783203125 0.02996826171875 0.114601135253906
-0.016021728515625 -0.30328369140625 0.0090179443359375 0.144271850585938
0.145233154296875 -0.266830444335938 -0.0718307495117187 0.093902587890625
0.334686279296875 -0.048553466796875 -0.124687194824219 0.0179214477539062
0.348358154296875 0.147979736328125 -0.0221290588378906 -0.0541877746582031
0.22637939453125 0.310516357421875 0.08184814453125 0.100944519042969
0.0433349609375 0.31982421875 0.315765380859375 0.157989501953125
0.14410400390625 0.292266845703125 0.2958984375 0.2257080078125
0.279098510742188 0.184646606445313 0.246078491210938 0.128631591796875
0.293548583984375 -0.057373046875 0.214263916015625 0.0219879150390625
0.15838623046875 -0.197189331054688 0.128746032714844 -0.0206451416015625
-0.040679931640625 -0.254867553710938 0.0730514526367188 -0.0272293090820313
-0.149917602539063 -0.189804077148438 0.0678520202636719 0.0175971984863281
-0.153060913085938 -0.166915893554688 0.0936431884765625 0.0603256225585937
-0.191864013671875 -0.1837158203125 0.134658813476563 0.100936889648437
-0.14569091796875 -0.219390869140625 0.0907440185546875 0.164947509765625
-0.00247192382812497 -0.272003173828125 0.0428924560546875 0.19146728515625
0.145294189453125 -0.226531982421875 -0.0594100952148437 0.132354736328125
0.301025390625 -0.006256103515625 -0.112693786621094 0.0369033813476563
0.27215576171875 0.177719116210938 0.0274372100830078 -0.0156936645507812
0.126251220703125 0.29595947265625 0.130126953125 0.207916259765625
-0.0738983154296875 0.197280883789063 0.313323974609375 0.248046875
0.0149078369140625 0.217849731445313 0.291107177734375 0.27099609375
0.1368408203125 0.168746948242188 0.219940185546875 0.142547607421875
0.193817138671875 0.0032958984375 0.184158325195312 0.06634521484375
0.120216369628906 -0.112518310546875 0.120994567871094 0.0324630737304687
-0.013824462890625 -0.173736572265625 0.104713439941406 0.0325851440429687
-0.09454345703125 -0.135421752929688 0.1287841796875 0.0620651245117188
-0.100929260253906 -0.122528076171875 0.157745361328125 0.0880279541015625
-0.132308959960938 -0.140380859375 0.194488525390625 0.13482666015625
-0.101272583007813 -0.1683349609375 0.138275146484375 0.209701538085937
0.010986328125 -0.207351684570312 0.0627593994140625 0.233566284179688
0.127639770507813 -0.1605224609375 -0.0576019287109375 0.168426513671875
0.232559204101563 0.0340576171875 -0.110038757324219 0.0546875
0.16497802734375 0.182647705078125 0.0539817810058594 0.0291557312011719
0.0088653564453125 0.240707397460938 0.142822265625 0.30426025390625
0.100090026855469 -0.108512878417969 -0.17169189453125 -0.34417724609375
-0.0573883056640625 -0.1475830078125 -0.0645065307617188 -0.076019287109375
-0.122871398925781 -0.030059814453125 0.120697021484375 -0.0566864013671875
-0.0872039794921875 0.0768661499023438 0.105026245117188 -0.223251342773438
-0.00922393798828126 0.104911804199219 -0.048828125 -0.27880859375
0.0561676025390625 0.091156005859375 -0.204910278320313 -0.235000610351563
0.0528221130371094 0.0609931945800781 -0.264862060546875 -0.148193359375
0.0401763916015625 0.0714569091796875 -0.218765258789063 -0.0906219482421875
0.0294189453125 0.0839691162109375 -0.178573608398438 -0.069366455078125
-0.026153564453125 0.072601318359375 -0.141128540039063 -0.0626220703125
-0.077911376953125 0.0255966186523437 -0.143646240234375 -0.0536041259765625
-0.074798583984375 -0.0610275268554688 -0.176010131835938 -0.0874176025390625
0.0164566040039062 -0.13531494140625 -0.211257934570312 -0.172164916992188
0.120864868164063 -0.12384033203125 -0.29266357421875 -0.266937255859375
0.184249877929688 -0.0540008544921875 -0.287200927734375 -0.30126953125
0.209030151367188 0.025390625 -0.10858154296875 -0.3773193359375
0.0824508666992188 -0.092864990234375 -0.02410888671875 -0.0982818603515625
0.0136947631835938 -0.054229736328125 0.149185180664063 -0.062896728515625
-0.0119552612304688 -0.0213813781738281 0.133636474609375 -0.2406005859375
-0.00360822677612305 -0.00386166572570801 -0.02728271484375 -0.30084228515625
-0.00650215148925781 -0.00635862350463867 -0.204086303710938 -0.2598876953125
-0.0359115600585938 -0.00923538208007812 -0.2745361328125 -0.157928466796875
-0.0393218994140625 -0.00128555297851563 -0.226470947265625 -0.0860748291015625
-0.0546455383300781 -0.00114440917968749 -0.182266235351563 -0.066314697265625
-0.0678062438964844 -0.0334892272949219 -0.149337768554688 -0.0567779541015625
-0.0453567504882813 -0.0857391357421875 -0.135704040527344 -0.0388946533203125
0.0204086303710938 -0.131027221679688 -0.162246704101562 -0.071075439453125
0.149810791015625 -0.101150512695312 -0.200576782226563 -0.1312255859375
0.246551513671875 -0.028961181640625 -0.263534545898437 -0.2254638671875
0.27337646484375 0.0807342529296875 -0.237060546875 -0.272415161132813
0.282928466796875 0.169586181640625 -0.010833740234375 -0.354034423828125
0.215713500976563 0.0011444091796875 0.0451431274414063 -0.088592529296875
0.171722412109375 -0.051788330078125 0.191177368164062 -0.05120849609375
0.0913772583007812 -0.115379333496094 0.173828125 -0.23785400390625
0.0211410522460937 -0.119956970214844 0.01214599609375 -0.298858642578125
-0.0602951049804688 -0.112762451171875 -0.173538208007813 -0.2652587890625
-0.117279052734375 -0.0835189819335937 -0.249053955078125 -0.152679443359375
-0.112091064453125 -0.0730972290039062 -0.201217651367188 -0.0691986083984375
-0.135955810546875 -0.07977294921875 -0.1539306640625 -0.0460205078125
-0.114349365234375 -0.124977111816406 -0.134727478027344 -0.0254364013671875
-0.03387451171875 -0.187179565429688 -0.115447998046875 -0.000686645507812529
0.080291748046875 -0.204238891601563 -0.147781372070313 -0.03326416015625
0.252655029296875 -0.0960845947265625 -0.190032958984375 -0.0804443359375
0.343292236328125 0.0284423828125 -0.220199584960937 -0.172012329101562
0.331207275390625 0.184722900390625 -0.168289184570312 -0.20233154296875
0.303558349609375 0.2984619140625 0.101150512695313 -0.271499633789063
0.30877685546875 0.12054443359375 0.132499694824219 -0.0422134399414062
0.317535400390625 -0.011566162109375 0.23553466796875 -0.0189208984375
0.206741333007812 -0.178970336914063 0.216873168945313 -0.202911376953125
0.0653228759765625 -0.219451904296875 0.06036376953125 -0.262298583984375
-0.09344482421875 -0.210647583007813 -0.116470336914062 -0.241683959960938
-0.176483154296875 -0.14910888671875 -0.189407348632812 -0.130615234375
-0.168411254882812 -0.132034301757813 -0.146514892578125 -0.0413665771484375
-0.201202392578125 -0.141220092773438 -0.0971527099609375 -0.01336669921875
-0.158782958984375 -0.192276000976563 -0.0935440063476563 0.0203170776367187
-0.0371856689453125 -0.26446533203125 -0.07952880859375 0.0496749877929687
0.109466552734375 -0.263641357421875 -0.125701904296875 0.013336181640625
0.317535400390625 -0.10296630859375 -0.172866821289062 -0.0338134765625
0.398193359375 0.06219482421875 -0.161758422851563 -0.125411987304687
0.348541259765625 0.25347900390625 -0.0835952758789062 -0.110488891601563
0.2666015625 0.378814697265625 0.207473754882813 -0.141403198242187
0.332794189453125 0.232147216796875 0.218399047851563 0.03887939453125
0.4041748046875 0.06060791015625 0.266616821289062 0.0309295654296875
0.30255126953125 -0.18853759765625 0.2451171875 -0.136917114257813
0.11566162109375 -0.27520751953125 0.104156494140625 -0.193466186523438
-0.100433349609375 -0.278030395507813 -0.046783447265625 -0.186080932617188
-0.206207275390625 -0.19329833984375 -0.107070922851563 -0.0901870727539062
-0.1983642578125 -0.169448852539062 -0.0707626342773438 -0.00751495361328127
-0.23931884765625 -0.179641723632813 -0.0207347869873047 0.023569107055664
-0.187347412109375 -0.228836059570313 -0.0329666137695313 0.0710296630859375
-0.042449951171875 -0.30780029296875 -0.0331878662109375 0.101020812988281
0.123321533203125 -0.29296875 -0.100082397460937 0.0594024658203125
0.34521484375 -0.098052978515625 -0.15289306640625 -0.00045776367187499
0.404754638671875 0.09503173828125 -0.0943374633789062 -0.0900726318359375
0.32080078125 0.2940673828125 0.00614309310913088 -0.00808572769165037
0.179901123046875 0.390472412109375 0.287933349609375 0.01068115234375
0.2760009765625 0.2996826171875 0.28179931640625 0.13653564453125
0.396697998046875 0.13763427734375 0.274169921875 0.085357666015625
0.3385009765625 -0.14654541015625 0.24566650390625 -0.0565185546875
0.150527954101563 -0.270095825195313 0.129371643066406 -0.106430053710938
-0.08514404296875 -0.295135498046875 0.0200042724609375 -0.109184265136719
-0.201950073242188 -0.207183837890625 -0.01458740234375 -0.0371246337890625
-0.198226928710938 -0.180877685546875 0.0159587860107422 0.0280666351318359
-0.244140625 -0.191787719726563 0.0639266967773437 0.0620574951171875
-0.190139770507812 -0.237457275390625 0.0370330810546875 0.121223449707031
-0.035888671875 -0.313720703125 0.0155181884765625 0.150924682617187
0.133758544921875 -0.2847900390625 -0.0750656127929688 0.101173400878906
0.34417724609375 -0.068878173828125 -0.132217407226562 0.0236968994140625
0.36724853515625 0.133087158203125 -0.0285797119140625 -0.0575408935546875
0.249786376953125 0.31158447265625 0.0869140625 0.0982513427734375
0.0625 0.326690673828125 0.331451416015625 0.15008544921875
0.162628173828125 0.2935791015625 0.31231689453125 0.222137451171875
0.299163818359375 0.177001953125 0.259063720703125 0.127182006835937
0.298919677734375 -0.077301025390625 0.224105834960938 0.017059326171875
0.151123046875 -0.212081909179688 0.134559631347656 -0.0249786376953125
-0.05816650390625 -0.2587890625 0.0742645263671875 -0.0311965942382813
-0.166778564453125 -0.1859130859375 0.0706634521484375 0.0159530639648437
-0.16796875 -0.1634521484375 0.0992965698242187 0.0612411499023437
-0.21044921875 -0.177734375 0.143844604492188 0.0988616943359375
-0.164291381835938 -0.216476440429688 0.101821899414062 0.168930053710937
-0.0205078125 -0.281051635742188 0.0533294677734375 0.197128295898437
0.136123657226563 -0.242355346679688 -0.060150146484375 0.1409912109375
0.309539794921875 -0.023040771484375 -0.1195068359375 0.0428085327148438
0.2894287109375 0.16754150390625 0.025228500366211 -0.0200271606445312
0.145965576171875 0.299591064453125 0.143051147460937 0.207183837890625
-0.0650787353515625 0.205917358398438 0.335693359375 0.24359130859375
0.0259552001953125 0.2230224609375 0.31134033203125 0.2696533203125
0.14990234375 0.166427612304688 0.234481811523438 0.142379760742188
0.198074340820313 -0.009735107421875 0.196151733398438 0.06402587890625
0.115135192871094 -0.122772216796875 0.130348205566406 0.0298080444335937
-0.026580810546875 -0.175384521484375 0.11053466796875 0.0273895263671875
-0.105537414550781 -0.133285522460937 0.137031555175781 0.0575408935546875
-0.112213134765625 -0.119293212890625 0.16693115234375 0.0845184326171875
-0.14593505859375 -0.136306762695313 0.207992553710938 0.130889892578125
-0.114959716796875 -0.166244506835938 0.153167724609375 0.2125244140625
-0.00244140625 -0.215423583984375 0.075347900390625 0.23919677734375
0.121490478515625 -0.173110961914063 -0.0555419921875 0.177719116210937
0.240478515625 0.022125244140625 -0.115669250488281 0.0607376098632812
0.178787231445312 0.179244995117187 0.054962158203125 0.0248908996582031
0.0217437744140625 0.248153686523438 0.162506103515625 0.3043212890625
0.0964431762695312 -0.117340087890625 -0.2047119140625 -0.344696044921875
-0.0719451904296875 -0.147552490234375 -0.0722198486328125 -0.0699920654296875
-0.128692626953125 -0.022064208984375 0.127639770507813 -0.0650177001953125
-0.0820388793945312 0.0863113403320313 0.09759521484375 -0.240875244140625
-0.000473022460937506 0.108688354492188 -0.06903076171875 -0.2899169921875
0.0664520263671875 0.0893096923828125 -0.227752685546875 -0.231170654296875
0.0588645935058594 0.0582618713378906 -0.28717041015625 -0.13604736328125
0.0483551025390625 0.0687522888183594 -0.233551025390625 -0.07916259765625
0.0389862060546875 0.0840072631835938 -0.191680908203125 -0.0588226318359375
-0.0199737548828125 0.0761566162109375 -0.152252197265625 -0.0552520751953125
-0.0770187377929688 0.0330657958984375 -0.15692138671875 -0.0447540283203125
-0.079681396484375 -0.057098388671875 -0.193084716796875 -0.0819091796875
0.00744628906249999 -0.139610290527344 -0.233154296875 -0.172500610351563
0.116867065429687 -0.135673522949219 -0.32391357421875 -0.2642822265625
0.188735961914063 -0.0698089599609375 -0.3223876953125 -0.299530029296875
0.220138549804688 0.0155181884765625 -0.141937255859375 -0.384765625
0.0779342651367188 -0.100456237792969 -0.0335159301757812 -0.0973281860351563
0.0126190185546875 -0.0584297180175781 0.15618896484375 -0.0721282958984375
-0.0126190185546875 -0.0215225219726563 0.125900268554688 -0.260269165039063
-0.00246047973632813 -0.0050511360168457 -0.046722412109375 -0.313201904296875
-0.00809717178344726 -0.00746583938598633 -0.229766845703125 -0.25738525390625
-0.0398902893066406 -0.00806045532226562 -0.297332763671875 -0.14501953125
-0.0403785705566406 -0.000411987304687507 -0.241409301757812 -0.073028564453125
-0.0564804077148438 0.00180053710937501 -0.194961547851563 -0.055023193359375
-0.0717849731445312 -0.029937744140625 -0.160980224609375 -0.047088623046875
-0.0523681640625 -0.0855941772460938 -0.147750854492187 -0.0297698974609375
0.0131683349609375 -0.137458801269531 -0.179489135742188 -0.0646514892578125
0.1500244140625 -0.11297607421875 -0.21978759765625 -0.130279541015625
0.2547607421875 -0.046295166015625 -0.292877197265625 -0.224456787109375
0.291168212890625 0.066741943359375 -0.270828247070312 -0.272781372070313
0.307098388671875 0.160919189453125 -0.0401000976562499 -0.368438720703125
0.223709106445313 -0.0121612548828125 0.03887939453125 -0.092559814453125
0.178375244140625 -0.06622314453125 0.200546264648438 -0.062347412109375
0.0875167846679688 -0.127830505371094 0.168899536132812 -0.259490966796875
0.0137939453125 -0.127960205078125 -0.00515747070312499 -0.312896728515625
-0.0726165771484375 -0.113449096679688 -0.1981201171875 -0.2645263671875
-0.130607604980469 -0.0786666870117188 -0.2698974609375 -0.140548706054688
-0.1224365234375 -0.068634033203125 -0.213668823242188 -0.0540924072265625
-0.14837646484375 -0.0727996826171875 -0.164093017578125 -0.03387451171875
-0.128425598144531 -0.121726989746094 -0.1427001953125 -0.0129852294921875
-0.0492706298828125 -0.19329833984375 -0.124435424804687 0.00993347167968748
0.069580078125 -0.21844482421875 -0.16302490234375 -0.02557373046875
0.258285522460938 -0.115341186523438 -0.2069091796875 -0.0762481689453125
0.360198974609375 0.007171630859375 -0.244552612304688 -0.17132568359375
0.359893798828125 0.171478271484375 -0.194427490234375 -0.203048706054687
0.337371826171875 0.293243408203125 0.0829772949218751 -0.289703369140625
0.32904052734375 0.10546875 0.132095336914063 -0.0485763549804687
0.333953857421875 -0.03411865234375 0.247940063476563 -0.0303192138671875
0.203720092773438 -0.20257568359375 0.215728759765625 -0.224044799804687
0.051788330078125 -0.234039306640625 0.048980712890625 -0.277938842773438
-0.114883422851563 -0.212615966796875 -0.13677978515625 -0.2435302734375
-0.197235107421875 -0.142242431640625 -0.206802368164063 -0.121078491210938
-0.185379028320313 -0.125564575195312 -0.1546630859375 -0.029083251953125
-0.222488403320313 -0.131790161132812 -0.103370666503906 -0.00424957275390627
-0.180557250976562 -0.186981201171875 -0.0968475341796875 0.0321197509765625
-0.060028076171875 -0.273681640625 -0.0825271606445313 0.0596771240234375
0.09454345703125 -0.283050537109375 -0.13800048828125 0.0236434936523437
0.32586669921875 -0.129852294921875 -0.18701171875 -0.0279693603515625
0.420318603515625 0.037322998046875 -0.181442260742187 -0.125686645507813
0.38299560546875 0.244476318359375 -0.09967041015625 -0.111915588378906
0.30462646484375 0.3792724609375 0.202835083007813 -0.16156005859375
0.360687255859375 0.220245361328125 0.226394653320313 0.030242919921875
0.428680419921875 0.036163330078125 0.282958984375 0.02166748046875
0.301849365234375 -0.220245361328125 0.249252319335938 -0.156021118164062
0.099365234375 -0.295745849609375 0.10009765625 -0.20794677734375
-0.127670288085938 -0.280975341796875 -0.06048583984375 -0.190963745117188
-0.232254028320313 -0.186126708984375 -0.117362976074219 -0.0847930908203125
-0.21966552734375 -0.161727905273438 -0.07257080078125 0.00180053710937499
-0.26629638671875 -0.168167114257812 -0.0207901000976563 0.0292778015136719
-0.214324951171875 -0.223281860351563 -0.0290603637695313 0.081024169921875
-0.0701904296875 -0.31842041015625 -0.028961181640625 0.110099792480469
0.106719970703125 -0.316253662109375 -0.106719970703125 0.071380615234375
0.35491943359375 -0.1268310546875 -0.163726806640625 0.00834655761718752
0.429534912109375 0.069854736328125 -0.108650207519531 -0.0919036865234375
0.357574462890625 0.287994384765625 0.0016899108886719 -0.0114822387695312
0.215087890625 0.3956298828125 0.297882080078125 -0.00653076171874998
0.307647705078125 0.293212890625 0.300079345703125 0.126556396484375
0.426727294921875 0.116241455078125 0.293609619140625 0.07757568359375
0.342498779296875 -0.178863525390625 0.255706787109375 -0.07159423828125
0.13604736328125 -0.294036865234375 0.131858825683594 -0.117324829101563
-0.113861083984375 -0.299560546875 0.0139999389648437 -0.116783142089844
-0.228424072265625 -0.200363159179688 -0.0183792114257813 -0.0368270874023438
-0.220703125 -0.172714233398438 0.0189476013183594 0.0325813293457031
-0.271575927734375 -0.180343627929687 0.0712203979492187 0.0626983642578125
-0.217315673828125 -0.231155395507812 0.0472869873046875 0.128273010253906
-0.064849853515625 -0.32489013671875 0.0244140625 0.158111572265625
0.116302490234375 -0.309112548828125 -0.0774993896484375 0.113418579101562
0.354644775390625 -0.097381591796875 -0.141830444335937 0.032867431640625
0.39227294921875 0.1123046875 -0.0371742248535156 -0.0616798400878906
0.282958984375 0.31072998046875 0.0945587158203125 0.095184326171875
0.088104248046875 0.336517333984375 0.35443115234375 0.13665771484375
0.18896484375 0.294830322265625 0.337554931640625 0.21514892578125
0.327178955078125 0.16375732421875 0.279937744140625 0.12152099609375
0.304840087890625 -0.104736328125 0.237762451171875 0.00636291503906249
0.13958740234375 -0.232864379882813 0.142974853515625 -0.032806396484375
-0.0827178955078125 -0.263137817382813 0.076324462890625 -0.0383071899414063
-0.188308715820312 -0.1795654296875 0.07513427734375 0.01300048828125
-0.188201904296875 -0.156158447265625 0.108200073242187 0.0596237182617187
-0.236831665039063 -0.167144775390625 0.15765380859375 0.0943603515625
-0.188751220703125 -0.2110595703125 0.118911743164063 0.17352294921875
-0.04644775390625 -0.292266845703125 0.0690155029296875 0.203720092773437
0.122268676757813 -0.264541625976563 -0.0574188232421875 0.153228759765625
0.322418212890625 -0.048065185546875 -0.12628173828125 0.0526504516601562
0.31414794921875 0.152130126953125 0.0219001770019531 -0.0253753662109375
0.174163818359375 0.303741455078125 0.161819458007812 0.2044677734375
-0.051513671875 0.2178955078125 0.365875244140625 0.233795166015625
0.0423736572265625 0.229690551757813 0.339599609375 0.26568603515625
0.17059326171875 0.162353515625 0.254150390625 0.138076782226563
0.204345703125 -0.0263824462890625 0.211883544921875 0.0571136474609375
0.108932495117188 -0.137199401855469 0.141586303710938 0.0244293212890625
-0.0431365966796875 -0.178756713867188 0.118194580078125 0.0214385986328125
-0.120048522949219 -0.129066467285156 0.147323608398438 0.0500946044921875
-0.1270751953125 -0.114540100097656 0.180587768554688 0.0782012939453125
-0.166305541992188 -0.128814697265625 0.226852416992188 0.122390747070312
-0.133514404296875 -0.163497924804688 0.175537109375 0.213150024414063
-0.021270751953125 -0.224533081054687 0.0954437255859375 0.245574951171875
0.113204956054688 -0.191238403320313 -0.050872802734375 0.190658569335938
0.252639770507812 0.0039825439453125 -0.121139526367188 0.0711898803710937
0.197952270507813 0.171524047851563 0.0570907592773438 0.0203361511230469
0.03924560546875 0.257492065429688 0.19091796875 0.304534912109375
0.089447021484375 -0.126655578613281 -0.24639892578125 -0.334930419921875
-0.0896759033203125 -0.142745971679688 -0.0803680419921875 -0.0617446899414063
-0.134712219238281 -0.0113143920898438 0.131301879882813 -0.0786056518554688
-0.0736770629882813 0.0962600708007813 0.081695556640625 -0.258575439453125
0.0111541748046875 0.110610961914062 -0.098846435546875 -0.29473876953125
0.0775299072265625 0.08355712890625 -0.256332397460938 -0.218093872070312
0.0659637451171875 0.0526695251464844 -0.309722900390625 -0.113128662109375
0.0583534240722656 0.0637741088867188 -0.247894287109375 -0.0591278076171875
0.0503158569335938 0.0807037353515625 -0.2041015625 -0.0419158935546875
-0.0112533569335938 0.07928466796875 -0.164260864257813 -0.042755126953125
-0.0729827880859375 0.041259765625 -0.169830322265625 -0.0303955078125
-0.0855178833007813 -0.0501785278320313 -0.209930419921875 -0.0686187744140625
-0.00465393066406249 -0.1422119140625 -0.257675170898438 -0.16400146484375
0.1064453125 -0.149581909179687 -0.35986328125 -0.247894287109375
0.186798095703125 -0.0898895263671875 -0.36474609375 -0.28192138671875
0.229568481445313 -0.0010223388671875 -0.186187744140625 -0.382080078125
0.0688934326171875 -0.108489990234375 -0.0447463989257812 -0.0930557250976563
0.00918197631835938 -0.0619239807128906 0.160354614257813 -0.0873565673828125
-0.0127315521240234 -0.0230045318603516 0.108795166015625 -0.280487060546875
-0.00228548049926758 -0.00632619857788086 -0.076934814453125 -0.320770263671875
-0.00937461853027344 -0.00753498077392578 -0.260208129882813 -0.244552612304687
-0.0432929992675781 -0.00545120239257812 -0.320159912109375 -0.119964599609375
-0.0406227111816406 0.00172042846679688 -0.2542724609375 -0.050537109375
-0.0570869445800781 0.00620269775390625 -0.206512451171875 -0.0354156494140625
-0.075439453125 -0.0245208740234375 -0.17181396484375 -0.031036376953125
-0.0603179931640625 -0.0836410522460937 -0.15936279296875 -0.01422119140625
0.00242614746093749 -0.142379760742187 -0.196304321289062 -0.0506439208984375
0.145660400390625 -0.128509521484375 -0.241058349609375 -0.121139526367188
0.257232666015625 -0.0707855224609375 -0.326019287109375 -0.210479736328125
0.306793212890625 0.042083740234375 -0.309173583984375 -0.259674072265625
0.3333740234375 0.1409912109375 -0.0794677734375 -0.374481201171875
0.227188110351562 -0.031005859375 0.0289688110351563 -0.0948333740234375
0.180130004882813 -0.0861053466796875 0.20660400390625 -0.0798797607421875
0.0790863037109375 -0.141464233398437 0.153076171875 -0.2816162109375
0.00208282470703126 -0.1341552734375 -0.031768798828125 -0.3243408203125
-0.0875625610351562 -0.110023498535156 -0.227828979492187 -0.255416870117188
-0.14459228515625 -0.0687255859375 -0.291015625 -0.118194580078125
-0.133270263671875 -0.05975341796875 -0.223388671875 -0.032470703125
-0.160247802734375 -0.0608062744140625 -0.172683715820312 -0.0167236328125
-0.1439208984375 -0.112289428710938 -0.149002075195313 0.00387573242187502
-0.0695953369140625 -0.193511962890625 -0.130813598632813 0.0246200561523437
0.0514678955078125 -0.232131958007813 -0.17742919921875 -0.00990295410156249
0.257644653320313 -0.142929077148438 -0.224319458007812 -0.065032958984375
0.37213134765625 -0.026824951171875 -0.2728271484375 -0.159576416015625
0.38861083984375 0.145843505859375 -0.2249755859375 -0.193527221679687
0.376983642578125 0.27349853515625 0.05316162109375 -0.305328369140625
0.346832275390625 0.0797119140625 0.128555297851563 -0.0587921142578125
0.343994140625 -0.065765380859375 0.258163452148438 -0.049652099609375
0.190338134765625 -0.22900390625 0.20550537109375 -0.24932861328125
0.0308990478515625 -0.247787475585938 0.028900146484375 -0.291656494140625
-0.140762329101562 -0.20654296875 -0.163543701171875 -0.238845825195313
-0.220138549804688 -0.126693725585937 -0.22406005859375 -0.103500366210938
-0.203948974609375 -0.110595703125 -0.160354614257813 -0.01055908203125
-0.243896484375 -0.11212158203125 -0.106857299804688 0.00942230224609374
-0.2056884765625 -0.172805786132813 -0.0964584350585938 0.0471420288085937
-0.0912017822265625 -0.275970458984375 -0.0823974609375 0.0728912353515625
0.069671630859375 -0.302520751953125 -0.147003173828125 0.039520263671875
0.325042724609375 -0.16461181640625 -0.20062255859375 -0.015045166015625
0.437103271484375 -0.001251220703125 -0.203353881835937 -0.117446899414063
0.41998291015625 0.217498779296875 -0.118171691894531 -0.108024597167969
0.351531982421875 0.365386962890625 0.189971923828125 -0.184677124023437
0.38995361328125 0.194244384765625 0.232742309570313 0.0143280029296875
0.44927978515625 -0.003021240234375 0.297821044921875 0.001556396484375
0.288726806640625 -0.256683349609375 0.2464599609375 -0.181396484375
0.07330322265625 -0.31536865234375 0.0882415771484375 -0.223724365234375
-0.160873413085938 -0.275146484375 -0.07965087890625 -0.191375732421875
-0.259384155273438 -0.167816162109375 -0.128799438476563 -0.073394775390625
-0.243698120117188 -0.144241333007813 -0.0734024047851563 0.0138168334960937
-0.29400634765625 -0.144134521484375 -0.0184288024902344 0.035369873046875
-0.244522094726563 -0.207168579101563 -0.0213241577148438 0.0912246704101562
-0.107940673828125 -0.32147216796875 -0.0217056274414063 0.119308471679687
0.0770263671875 -0.33734130859375 -0.110054016113281 0.08697509765625
0.355377197265625 -0.166015625 -0.172882080078125 0.02239990234375
0.451141357421875 0.0296630859375 -0.125816345214844 -0.08831787109375
0.3984375 0.266845703125 -0.00296878814697263 -0.0128097534179687
0.260589599609375 0.390655517578125 0.303497314453125 -0.0328369140625
0.3428955078125 0.2744140625 0.31805419921875 0.1072998046875
0.4537353515625 0.079681396484375 0.3125 0.058990478515625
0.33453369140625 -0.21875 0.260940551757813 -0.094268798828125
0.111053466796875 -0.315826416015625 0.129753112792969 -0.133392333984375
-0.147796630859375 -0.2955322265625 0.00428009033203123 -0.121284484863281
-0.25628662109375 -0.182754516601563 -0.0214481353759766 -0.0337924957275391
-0.245880126953125 -0.1556396484375 0.0244522094726562 0.0360260009765625
-0.301177978515625 -0.15594482421875 0.07916259765625 0.0605392456054687
-0.248886108398437 -0.214584350585938 0.0621337890625 0.132148742675781
-0.103668212890625 -0.32830810546875 0.0391387939453125 0.162521362304687
0.0877685546875 -0.330657958984375 -0.074798583984375 0.128410339355469
0.35821533203125 -0.13555908203125 -0.148208618164062 0.0472412109375
0.41644287109375 0.07623291015625 -0.0486602783203125 -0.0634307861328125
0.325103759765625 0.2967529296875 0.103218078613281 0.0884780883789063
0.124969482421875 0.339111328125 0.376739501953125 0.109619140625
0.2218017578125 0.285491943359375 0.36578369140625 0.194610595703125
0.356231689453125 0.137664794921875 0.30126953125 0.105072021484375
0.301483154296875 -0.1385498046875 0.249267578125 -0.0126800537109375
0.119491577148438 -0.253936767578125 0.148605346679688 -0.0464324951171875
-0.112380981445312 -0.259689331054688 0.0758209228515625 -0.04693603515625
-0.213653564453125 -0.164657592773438 0.079681396484375 0.00709533691406249
-0.210968017578125 -0.141067504882813 0.118766784667969 0.054351806640625
-0.263687133789062 -0.144973754882813 0.171920776367187 0.084442138671875
-0.218017578125 -0.196548461914063 0.140396118164062 0.170639038085938
-0.081329345703125 -0.296234130859375 0.0896759033203125 0.20428466796875
0.097442626953125 -0.285614013671875 -0.0495452880859375 0.167312622070312
0.32769775390625 -0.082122802734375 -0.129524230957031 0.0671310424804688
0.338897705078125 0.125396728515625 0.0170669555664063 -0.0303020477294922
0.20947265625 0.2987060546875 0.184524536132813 0.194488525390625
-0.031524658203125 0.22833251953125 0.399658203125 0.20953369140625
0.0648651123046875 0.231887817382813 0.376617431640625 0.247894287109375
0.193618774414063 0.15069580078125 0.276718139648438 0.124435424804688
0.205642700195313 -0.04827880859375 0.227508544921875 0.04217529296875
0.0961456298828125 -0.151809692382813 0.152008056640625 0.0124053955078125
-0.0634002685546875 -0.176895141601563 0.125022888183594 0.0101242065429687
-0.137100219726563 -0.119338989257812 0.1575927734375 0.038909912109375
-0.14288330078125 -0.104263305664063 0.194580078125 0.065887451171875
-0.1859130859375 -0.113693237304688 0.246368408203125 0.106185913085937
-0.155517578125 -0.152923583984375 0.20220947265625 0.205780029296875
-0.0474395751953125 -0.22833251953125 0.121017456054687 0.2452392578125
0.09527587890625 -0.20843505859375 -0.0373382568359375 0.204574584960938
0.260452270507813 -0.0214996337890625 -0.122589111328125 0.0856094360351562
0.2197265625 0.157180786132813 0.0584602355957031 0.0127296447753906
0.066619873046875 0.261962890625 0.224090576171875 0.2947998046875
0.0799636840820312 -0.134780883789063 -0.28277587890625 -0.309967041015625
-0.105201721191406 -0.130607604980469 -0.0867691040039063 -0.0501861572265625
-0.136192321777344 0.00220489501953127 0.129844665527344 -0.0931167602539063
-0.0618362426757813 0.102462768554688 0.059051513671875 -0.270263671875
0.02386474609375 0.107872009277344 -0.128662109375 -0.28741455078125
0.086395263671875 0.07379150390625 -0.278076171875 -0.19512939453125
0.0714950561523438 0.0447006225585938 -0.32330322265625 -0.0829162597656251
0.0655288696289063 0.0546684265136719 -0.254913330078125 -0.035064697265625
0.0607223510742188 0.0726547241210938 -0.209075927734375 -0.01983642578125
-0.00125885009765624 0.079132080078125 -0.1715087890625 -0.025665283203125
-0.0658912658691406 0.0482940673828125 -0.175567626953125 -0.01190185546875
-0.0890274047851563 -0.0420608520507813 -0.222076416015625 -0.0498809814453125
-0.018768310546875 -0.140495300292969 -0.278060913085938 -0.145263671875
0.09088134765625 -0.159988403320312 -0.387542724609375 -0.218719482421875
0.17803955078125 -0.109024047851563 -0.39776611328125 -0.249603271484375
0.2327880859375 -0.0223541259765625 -0.228363037109375 -0.363677978515625
0.0574417114257812 -0.112236022949219 -0.055084228515625 -0.0853424072265625
0.00417327880859376 -0.0632553100585938 0.158615112304688 -0.103057861328125
-0.0139999389648438 -0.02325439453125 0.084686279296875 -0.293701171875
-0.00255680084228516 -0.00807952880859375 -0.108428955078125 -0.31640625
-0.0113754272460938 -0.00765132904052734 -0.284942626953125 -0.220703125
-0.0456771850585938 -0.00156021118164063 -0.334503173828125 -0.0881042480468749
-0.0404586791992188 0.00384902954101562 -0.259140014648438 -0.023712158203125
-0.0561981201171875 0.0110321044921875 -0.210968017578125 -0.012603759765625
-0.0771865844726563 -0.0175399780273437 -0.176773071289063 -0.0115966796875
-0.0677413940429687 -0.077880859375 -0.164321899414063 0.00355529785156252
-0.010223388671875 -0.143569946289063 -0.208251953125 -0.032318115234375
0.13494873046875 -0.142288208007813 -0.258346557617188 -0.103424072265625
0.251113891601563 -0.0959625244140625 -0.351287841796875 -0.1844482421875
0.312896728515625 0.0125732421875 -0.3402099609375 -0.231414794921875
0.351898193359375 0.11065673828125 -0.122283935546875 -0.36663818359375
0.2232666015625 -0.0504608154296875 0.0176315307617188 -0.0942535400390625
0.1746826171875 -0.105133056640625 0.205230712890625 -0.098876953125
0.065826416015625 -0.15093994140625 0.130279541015625 -0.298614501953125
-0.0107345581054687 -0.136184692382813 -0.06195068359375 -0.324005126953125
-0.100509643554688 -0.101181030273438 -0.25384521484375 -0.234664916992188
-0.154327392578125 -0.0533294677734375 -0.304656982421875 -0.08758544921875
-0.139472961425781 -0.0473403930664062 -0.22515869140625 -0.00762939453124996
-0.167816162109375 -0.044189453125 -0.174911499023438 0.00422668457031251
-0.15606689453125 -0.096405029296875 -0.149688720703125 0.0221099853515625
-0.0905303955078125 -0.187515258789063 -0.132080078125 0.04180908203125
0.028961181640625 -0.23876953125 -0.185394287109375 0.00962829589843745
0.246780395507813 -0.168594360351563 -0.236526489257812 -0.048736572265625
0.3714599609375 -0.063720703125 -0.294677734375 -0.138519287109375
0.406280517578125 0.10955810546875 -0.249160766601563 -0.173919677734375
0.407379150390625 0.24114990234375 0.019378662109375 -0.3104248046875
0.354217529296875 0.048797607421875 0.120567321777344 -0.0671844482421875
0.342071533203125 -0.10302734375 0.259979248046875 -0.0721893310546875
0.1680908203125 -0.25103759765625 0.185699462890625 -0.270050048828125
0.0058746337890625 -0.252044677734375 0.00326538085937499 -0.297119140625
-0.1636962890625 -0.191558837890625 -0.186935424804688 -0.224517822265625
-0.236099243164063 -0.10308837890625 -0.235092163085938 -0.0794830322265625
-0.216445922851562 -0.0904998779296875 -0.158523559570313 0.0081634521484375
-0.258346557617188 -0.0845489501953125 -0.105949401855469 0.023345947265625
-0.224075317382813 -0.151275634765625 -0.0912017822265625 0.0612869262695313
-0.122772216796875 -0.267303466796875 -0.0787200927734375 0.084625244140625
0.0384521484375 -0.3116455078125 -0.149505615234375 0.0581512451171875
0.313385009765625 -0.198883056640625 -0.20843505859375 0.00190734863281248
0.44036865234375 -0.045745849609375 -0.2218017578125 -0.102066040039063
0.44696044921875 0.18011474609375 -0.133895874023437 -0.0975723266601562
0.39044189453125 0.33465576171875 0.169357299804688 -0.2021484375
0.41094970703125 0.158538818359375 0.231964111328125 -0.00482177734374999
0.45538330078125 -0.048980712890625 0.303558349609375 -0.0234375
0.263824462890625 -0.288177490234375 0.234237670898438 -0.204544067382813
0.042633056640625 -0.32366943359375 0.0709228515625 -0.234390258789063
-0.190353393554688 -0.257781982421875 -0.0988311767578125 -0.1856689453125
-0.280075073242188 -0.1397705078125 -0.13592529296875 -0.0595169067382812
-0.260543823242188 -0.11920166015625 -0.0689430236816406 0.0240097045898437
-0.31243896484375 -0.110565185546875 -0.0142669677734375 0.040283203125
-0.268478393554688 -0.180007934570313 -0.01080322265625 0.0978317260742188
-0.145355224609375 -0.3104248046875 -0.011749267578125 0.12548828125
0.041259765625 -0.346710205078125 -0.106681823730469 0.101997375488281
0.3431396484375 -0.20458984375 -0.176773071289062 0.0383758544921875
0.4573974609375 -0.0167236328125 -0.140525817871094 -0.0797805786132813
0.4298095703125 0.23065185546875 -0.00872802734374998 -0.013361930847168
0.3023681640625 0.36798095703125 0.29913330078125 -0.06134033203125
0.37060546875 0.24298095703125 0.327606201171875 0.081451416015625
0.468231201171875 0.034149169921875 0.32281494140625 0.032867431640625
0.311859130859375 -0.25494384765625 0.256256103515625 -0.117828369140625
0.078582763671875 -0.328094482421875 0.121826171875 -0.147003173828125
-0.18072509765625 -0.2783203125 -0.00665283203125001 -0.123435974121094
-0.278289794921875 -0.154312133789063 -0.0235462188720703 -0.0302963256835938
-0.263229370117188 -0.129867553710937 0.0311775207519531 0.0368499755859375
-0.321563720703125 -0.1199951171875 0.0863494873046875 0.0550460815429687
-0.2735595703125 -0.186553955078125 0.0776214599609375 0.129539489746094
-0.141876220703125 -0.316558837890625 0.0548248291015625 0.162353515625
0.05072021484375 -0.342041015625 -0.065704345703125 0.140640258789062
0.346466064453125 -0.17437744140625 -0.148818969726562 0.062103271484375
0.4267578125 0.03302001953125 -0.0595664978027343 -0.0613822937011719
0.358489990234375 0.267608642578125 0.109611511230469 0.077423095703125
0.16021728515625 0.3284912109375 0.387786865234375 0.074554443359375
0.250656127929688 0.265411376953125 0.38616943359375 0.163970947265625
0.375762939453125 0.10137939453125 0.314849853515625 0.080718994140625
0.286834716796875 -0.171295166015625 0.252670288085938 -0.0338287353515625
0.0926361083984375 -0.2664794921875 0.149093627929688 -0.0620880126953125
-0.140777587890625 -0.246368408203125 0.0719451904296875 -0.0553817749023438
-0.23272705078125 -0.141647338867188 0.0822601318359375 3.81469726562413E-05
-0.226455688476562 -0.118728637695312 0.127021789550781 0.0453567504882812
-0.2818603515625 -0.11395263671875 0.182235717773437 0.067779541015625
-0.240798950195312 -0.171630859375 0.160476684570312 0.159423828125
-0.116241455078125 -0.287872314453125 0.110336303710938 0.198394775390625
0.066131591796875 -0.29718017578125 -0.0352783203125 0.177093505859375
0.321533203125 -0.118194580078125 -0.127304077148438 0.0815811157226562
0.352996826171875 0.09039306640625 0.0102825164794922 -0.0344924926757812
0.243194580078125 0.280990600585938 0.203033447265625 0.175552368164063
-0.00706481933593752 0.23150634765625 0.42303466796875 0.173553466796875
0.0879669189453125 0.226531982421875 0.4036865234375 0.21612548828125
0.211563110351562 0.130935668945313 0.292327880859375 0.10272216796875
0.1995849609375 -0.07171630859375 0.23577880859375 0.0216217041015625
0.0789337158203125 -0.16143798828125 0.15740966796875 -0.00247192382812501
-0.0832061767578125 -0.168304443359375 0.1282958984375 -0.00267028808593751
-0.15020751953125 -0.103973388671875 0.16339111328125 0.0225982666015625
-0.1539306640625 -0.088897705078125 0.2032470703125 0.046966552734375
-0.199905395507813 -0.09063720703125 0.258560180664063 0.081024169921875
-0.172821044921875 -0.134857177734375 0.225509643554688 0.187530517578125
-0.0746002197265625 -0.222991943359375 0.14599609375 0.2344970703125
0.0727081298828125 -0.219223022460938 -0.0187530517578125 0.212417602539062
0.259002685546875 -0.049072265625 -0.118125915527344 0.0997390747070313
0.23541259765625 0.134719848632813 0.057830810546875 0.00404357910156251
0.0938873291015625 0.256973266601563 0.254592895507813 0.271591186523438
0.0691375732421875 -0.138679504394531 -0.30645751953125 -0.279327392578125
-0.114418029785156 -0.116477966308594 -0.0893478393554688 -0.0380401611328125
-0.134086608886719 0.0139999389648438 0.12530517578125 -0.103843688964844
-0.0511627197265625 0.104286193847656 0.0374755859375 -0.273162841796875
0.0327377319335937 0.102256774902344 -0.150604248046875 -0.273880004882813
0.090362548828125 0.0631332397460938 -0.290313720703125 -0.169952392578125
0.0733718872070313 0.0366058349609375 -0.326629638671875 -0.05352783203125
0.0693511962890625 0.0458259582519531 -0.254913330078125 -0.0133514404296874
0.0671195983886719 0.0625991821289063 -0.208114624023438 -0.0013275146484375
0.00701141357421875 0.0765838623046875 -0.172500610351563 -0.0100250244140625
-0.0584793090820313 0.0518608093261719 -0.175384521484375 0.00500488281249997
-0.0897674560546875 -0.0343017578125 -0.226913452148438 -0.0321044921875
-0.029632568359375 -0.135093688964844 -0.289825439453125 -0.125946044921875
0.07525634765625 -0.163726806640625 -0.40167236328125 -0.1878662109375
0.165451049804688 -0.121963500976563 -0.41510009765625 -0.2156982421875
0.230712890625 -0.0402679443359375 -0.257843017578125 -0.335418701171875
0.0465087890625 -0.111854553222656 -0.0624542236328125 -0.0752487182617188
-0.00031280517578125 -0.063873291015625 0.152236938476563 -0.114837646484375
-0.0151824951171875 -0.0228424072265625 0.061859130859375 -0.29766845703125
-0.00292491912841797 -0.00932598114013672 -0.131622314453125 -0.303619384765625
-0.0129079818725586 -0.00672626495361328 -0.29815673828125 -0.194793701171875
-0.0468635559082031 0.00305557250976562 -0.33685302734375 -0.057403564453125
-0.0395088195800781 0.00501251220703125 -0.2557373046875 -0.00126647949218751
-0.05377197265625 0.01416015625 -0.2086181640625 0.00758361816406251
-0.0760345458984375 -0.0105972290039063 -0.17547607421875 0.00621032714843753
-0.0722579956054688 -0.0718307495117188 -0.16375732421875 0.0204315185546875
-0.0211944580078125 -0.141372680664063 -0.212860107421875 -0.01409912109375
0.122802734375 -0.150344848632813 -0.267715454101563 -0.0862274169921876
0.238784790039063 -0.115142822265625 -0.365631103515625 -0.15643310546875
0.30975341796875 -0.0130615234375 -0.35821533203125 -0.201568603515625
0.35888671875 0.08203125 -0.154754638671875 -0.34820556640625
0.214324951171875 -0.0646820068359375 0.00721740722656251 -0.0901412963867188
0.165115356445313 -0.119552612304688 0.19940185546875 -0.113189697265625
0.0514984130859375 -0.15521240234375 0.10638427734375 -0.305877685546875
-0.0223388671875 -0.134689331054688 -0.08642578125 -0.31549072265625
-0.108688354492188 -0.0898895263671875 -0.269210815429688 -0.210281372070312
-0.15826416015625 -0.038726806640625 -0.30682373046875 -0.059600830078125
-0.141464233398437 -0.036224365234375 -0.219741821289063 0.012420654296875
-0.169204711914063 -0.0281219482421875 -0.171005249023438 0.0218505859375
-0.1617431640625 -0.08123779296875 -0.14520263671875 0.0382232666015625
-0.10540771484375 -0.176345825195312 -0.12890625 0.0550918579101563
0.00932312011718752 -0.238357543945313 -0.186798095703125 0.0261993408203125
0.231414794921875 -0.186569213867188 -0.24273681640625 -0.032440185546875
0.36102294921875 -0.0941162109375 -0.30731201171875 -0.116119384765625
0.411590576171875 0.075653076171875 -0.264205932617188 -0.1512451171875
0.4249267578125 0.205657958984375 -0.0111083984375 -0.3046875
0.351959228515625 0.021514892578125 0.110153198242188 -0.0718765258789062
0.331329345703125 -0.130462646484375 0.254562377929688 -0.089935302734375
0.143783569335938 -0.261917114257813 0.163925170898437 -0.281005859375
-0.015960693359375 -0.24945068359375 -0.019134521484375 -0.295196533203125
-0.178924560546875 -0.173110961914063 -0.203704833984375 -0.20587158203125
-0.243255615234375 -0.07952880859375 -0.237701416015625 -0.056854248046875
-0.221328735351563 -0.0709381103515625 -0.151596069335937 0.024261474609375
-0.262466430664063 -0.0592498779296875 -0.101486206054688 0.0348434448242187
-0.235702514648438 -0.12689208984375 -0.0839767456054688 0.0721664428710937
-0.145767211914063 -0.2513427734375 -0.0723342895507813 0.0942001342773438
0.010650634765625 -0.31060791015625 -0.14666748046875 0.072845458984375
0.29486083984375 -0.223541259765625 -0.2100830078125 0.0164642333984375
0.430267333984375 -0.0826416015625 -0.233428955078125 -0.0855712890625
0.458526611328125 0.142791748046875 -0.143508911132812 -0.085296630859375
0.4154052734375 0.298828125 0.145263671875 -0.210617065429687
0.415283203125 0.1256103515625 0.225967407226563 -0.019439697265625
0.44805908203125 -0.08843994140625 0.3004150390625 -0.045135498046875
0.234527587890625 -0.306640625 0.216415405273438 -0.219772338867188
0.01434326171875 -0.322113037109375 0.053619384765625 -0.238235473632813
-0.210296630859375 -0.235885620117188 -0.112594604492187 -0.1749267578125
-0.290252685546875 -0.111663818359375 -0.137710571289063 -0.0451431274414062
-0.266998291015625 -0.0944061279296876 -0.0617752075195313 0.0329399108886719
-0.3182373046875 -0.077301025390625 -0.0102653503417969 0.0437545776367187
-0.281097412109375 -0.150924682617188 -0.00142669677734376 0.100845336914062
-0.173736572265625 -0.29083251953125 -0.00257873535156251 0.127998352050781
0.00946044921874999 -0.345855712890625 -0.0999755859375 0.113365173339844
0.322540283203125 -0.232208251953125 -0.176300048828125 0.05206298828125
0.448944091796875 -0.056396484375 -0.149948120117188 -0.0692291259765625
0.447265625 0.19256591796875 -0.0130262374877929 -0.0123043060302734
0.330963134765625 0.33856201171875 0.2867431640625 -0.0821533203125
0.383758544921875 0.2109375 0.327117919921875 0.056671142578125
0.468231201171875 -0.00714111328125 0.32354736328125 0.010284423828125
0.284332275390625 -0.278411865234375 0.24578857421875 -0.134735107421875
0.04937744140625 -0.32891845703125 0.111846923828125 -0.155670166015625
-0.20263671875 -0.255874633789063 -0.0161056518554688 -0.121231079101563
-0.289154052734375 -0.125946044921875 -0.0244922637939453 -0.0266819000244141
-0.27099609375 -0.10467529296875 0.0375022888183594 0.0365447998046875
-0.327606201171875 -0.08526611328125 0.0901260375976562 0.04931640625
-0.28765869140625 -0.15576171875 0.08966064453125 0.12408447265625
-0.1722412109375 -0.29864501953125 0.067138671875 0.157363891601562
0.018829345703125 -0.341552734375 -0.05517578125 0.148101806640625
0.328460693359375 -0.203948974609375 -0.145187377929687 0.0740203857421875
0.42340087890625 -0.004547119140625 -0.0687294006347656 -0.0575294494628906
0.37994384765625 0.235137939453125 0.111396789550781 0.0674057006835938
0.1875 0.310516357421875 0.386871337890625 0.044677734375
0.26824951171875 0.2413330078125 0.393646240234375 0.133270263671875
0.381988525390625 0.06634521484375 0.31890869140625 0.0579833984375
0.266616821289063 -0.194061279296875 0.249053955078125 -0.0517730712890625
0.0677642822265625 -0.26971435546875 0.1456298828125 -0.073699951171875
-0.16058349609375 -0.226974487304688 0.0671920776367187 -0.0612869262695313
-0.242431640625 -0.117080688476562 0.08203125 -0.00650024414062501
-0.233169555664063 -0.0963287353515625 0.132225036621094 0.03533935546875
-0.28814697265625 -0.082275390625 0.1854248046875 0.052764892578125
-0.253036499023438 -0.144180297851562 0.173477172851562 0.145431518554688
-0.143325805664063 -0.271514892578125 0.1246337890625 0.187164306640625
0.03680419921875 -0.298919677734375 -0.0214996337890625 0.181137084960937
0.307159423828125 -0.145263671875 -0.1219482421875 0.0917510986328125
0.354522705078125 0.0579833984375 0.00362396240234377 -0.0372581481933594
0.265960693359375 0.257156372070313 0.213211059570313 0.154510498046875
0.0128173828125 0.227767944335937 0.431671142578125 0.13885498046875
0.106002807617187 0.215133666992188 0.41619873046875 0.183074951171875
0.22247314453125 0.109527587890625 0.298004150390625 0.081451416015625
0.18817138671875 -0.088165283203125 0.237625122070312 0.00450134277343749
0.0628814697265625 -0.164764404296875 0.158447265625 -0.0163726806640625
-0.09686279296875 -0.156341552734375 0.127593994140625 -0.0145034790039063
-0.157363891601563 -0.088043212890625 0.164138793945312 0.00814819335937499
-0.15948486328125 -0.0732269287109375 0.206069946289063 0.030548095703125
-0.205398559570313 -0.067901611328125 0.261642456054688 0.058563232421875
-0.183181762695313 -0.114471435546875 0.239883422851563 0.165847778320313
-0.0953826904296875 -0.211959838867188 0.16326904296875 0.219696044921875
0.0505523681640625 -0.222061157226563 -0.0016021728515625 0.213699340820313
0.250686645507813 -0.0717315673828125 -0.110954284667969 0.109451293945313
0.24249267578125 0.111572265625 0.0549812316894531 -0.00348281860351562
0.11590576171875 0.245437622070313 0.272247314453125 0.243621826171875
0.0621337890625 -0.141372680664063 -0.319915771484375 -0.253387451171875
-0.118820190429687 -0.104469299316406 -0.0893936157226563 -0.0275344848632813
-0.131126403808594 0.0222549438476562 0.121109008789062 -0.111526489257813
-0.0430526733398437 0.104545593261719 0.022003173828125 -0.274383544921875
0.0390167236328125 0.0974273681640625 -0.16522216796875 -0.261322021484375
0.0926971435546875 0.05615234375 -0.29620361328125 -0.151031494140625
0.0740203857421875 0.030242919921875 -0.32574462890625 -0.032318115234375
0.0705795288085938 0.0376663208007813 -0.252487182617188 0.0022430419921875
0.070404052734375 0.0541534423828125 -0.204666137695312 0.012786865234375
0.0134963989257813 0.0734634399414063 -0.171920776367188 0.0022125244140625
-0.0519752502441406 0.0539283752441406 -0.174224853515625 0.016632080078125
-0.0903778076171875 -0.0284805297851562 -0.229690551757813 -0.0186614990234375
-0.0370254516601562 -0.130088806152344 -0.296875 -0.111663818359375
0.0633087158203125 -0.163955688476562 -0.410125732421875 -0.164825439453125
0.15545654296875 -0.130615234375 -0.424560546875 -0.189361572265625
0.227569580078125 -0.0534210205078125 -0.277923583984375 -0.311309814453125
0.039398193359375 -0.109428405761719 -0.0674629211425781 -0.0657920837402344
-0.00403594970703125 -0.0628776550292969 0.1473388671875 -0.123382568359375
-0.0160541534423828 -0.0226554870605469 0.044647216796875 -0.29913330078125
-0.00316905975341797 -0.0100822448730469 -0.14837646484375 -0.29248046875
-0.0137453079223633 -0.00599098205566406 -0.30633544921875 -0.173919677734375
-0.0467376708984375 0.00591659545898437 -0.33544921875 -0.034881591796875
-0.038970947265625 0.00550460815429687 -0.250762939453125 0.014923095703125
-0.0521087646484375 0.015655517578125 -0.204452514648438 0.022064208984375
-0.074432373046875 -0.00585174560546874 -0.172393798828125 0.01898193359375
-0.0740585327148438 -0.0667495727539063 -0.161972045898438 0.03253173828125
-0.0288619995117188 -0.138420104980469 -0.214828491210938 -0.000244140625000048
0.113632202148437 -0.154769897460937 -0.273696899414063 -0.0736846923828125
0.228317260742187 -0.12664794921875 -0.3739013671875 -0.13671875
0.30517578125 -0.03076171875 -0.36785888671875 -0.178802490234375
0.361297607421875 0.060302734375 -0.17669677734375 -0.329803466796875
0.206619262695312 -0.072998046875 -0.000465393066406235 -0.084716796875
0.156509399414062 -0.129043579101562 0.193695068359375 -0.123336791992188
0.041351318359375 -0.157135009765625 0.089111328125 -0.308380126953125
-0.0298233032226562 -0.132225036621094 -0.102386474609375 -0.3076171875
-0.114006042480469 -0.0806045532226562 -0.278472900390625 -0.191375732421875
-0.160064697265625 -0.0263214111328125 -0.30584716796875 -0.037841796875
-0.142868041992188 -0.028076171875 -0.212677001953125 0.026458740234375
-0.168701171875 -0.01654052734375 -0.166229248046875 0.0347442626953125
-0.163619995117188 -0.068572998046875 -0.139701843261719 0.049163818359375
-0.115493774414062 -0.166793823242188 -0.124984741210938 0.0660552978515625
-0.00611877441406249 -0.2362060546875 -0.187423706054688 0.039398193359375
0.219863891601563 -0.198623657226563 -0.24652099609375 -0.0213317871093751
0.350189208984375 -0.11529541015625 -0.31536865234375 -0.099273681640625
0.412078857421875 0.050689697265625 -0.272705078125 -0.134231567382812
0.43389892578125 0.177490234375 -0.033203125 -0.296417236328125
0.346954345703125 0.004302978515625 0.102104187011719 -0.072784423828125
0.3214111328125 -0.151275634765625 0.25 -0.10247802734375
0.12493896484375 -0.267623901367188 0.147705078125 -0.28680419921875
-0.03033447265625 -0.24554443359375 -0.03363037109375 -0.292022705078125
-0.188125610351563 -0.157867431640625 -0.213287353515625 -0.19110107421875
-0.247039794921875 -0.0609893798828124 -0.236770629882813 -0.0394439697265625
-0.223587036132813 -0.056915283203125 -0.1444091796875 0.0343017578125
-0.262664794921875 -0.038848876953125 -0.0966415405273438 0.0432968139648438
-0.239837646484375 -0.108123779296875 -0.0770339965820313 0.0794601440429687
-0.161468505859375 -0.236129760742187 -0.0667266845703125 0.100860595703125
-0.00924682617187499 -0.30767822265625 -0.14404296875 0.0834503173828125
0.27923583984375 -0.240127563476563 -0.211380004882812 0.0270233154296875
0.419891357421875 -0.109283447265625 -0.240814208984375 -0.07293701171875
0.46380615234375 0.114105224609375 -0.149856567382812 -0.0755462646484375
0.43023681640625 0.271697998046875 0.127166748046875 -0.212860107421875
0.415771484375 0.101287841796875 0.219314575195313 -0.027740478515625
0.439422607421875 -0.116424560546875 0.2978515625 -0.05889892578125
0.211639404296875 -0.317047119140625 0.203933715820313 -0.227798461914063
-0.00527954101562503 -0.31927490234375 0.042205810546875 -0.239639282226563
-0.222412109375 -0.216094970703125 -0.12164306640625 -0.166366577148438
-0.294830322265625 -0.088714599609375 -0.137565612792969 -0.03466796875
-0.270126342773438 -0.077056884765625 -0.0546188354492188 0.037261962890625
-0.319488525390625 -0.0517578125 -0.00599288940429689 0.0464210510253906
-0.286407470703125 -0.12738037109375 0.00672149658203123 0.101936340332031
-0.192367553710937 -0.273468017578125 0.0045166015625 0.129501342773438
-0.014434814453125 -0.341888427734375 -0.0935516357421875 0.120750427246094
0.30584716796875 -0.25103759765625 -0.175033569335937 0.061126708984375
0.4404296875 -0.085174560546875 -0.157943725585937 -0.0606231689453125
0.455291748046875 0.165283203125 -0.0160131454467773 -0.0113210678100586
0.348236083984375 0.315338134765625 0.274978637695313 -0.0952301025390625
0.390167236328125 0.1861572265625 0.323760986328125 0.04034423828125
0.46405029296875 -0.039093017578125 0.322296142578125 -0.0050048828125
0.261962890625 -0.2923583984375 0.237960815429688 -0.14532470703125
0.027923583984375 -0.32745361328125 0.104812622070313 -0.161941528320313
-0.216064453125 -0.236709594726563 -0.0234603881835938 -0.119392395019531
-0.2935791015625 -0.10333251953125 -0.0248661041259766 -0.0235176086425781
-0.274017333984375 -0.0849456787109374 0.0436820983886719 0.0347671508789062
-0.3284912109375 -0.058074951171875 0.0926361083984375 0.0452194213867188
-0.294189453125 -0.13153076171875 0.097747802734375 0.118644714355469
-0.19189453125 -0.280044555664062 0.0756378173828125 0.153091430664062
-0.00546264648437497 -0.338287353515625 -0.04693603515625 0.152099609375
0.311981201171875 -0.223907470703125 -0.141891479492187 0.0819244384765625
0.41796875 -0.03302001953125 -0.0762710571289062 -0.05389404296875
0.39129638671875 0.209564208984375 0.112251281738281 0.0592269897460938
0.205078125 0.29486083984375 0.38232421875 0.023193359375
0.279327392578125 0.2227783203125 0.39520263671875 0.1112060546875
0.38360595703125 0.039947509765625 0.319610595703125 0.04290771484375
0.249664306640625 -0.20928955078125 0.246475219726563 -0.063323974609375
0.0499114990234375 -0.26947021484375 0.142608642578125 -0.0823822021484375
-0.172409057617187 -0.211593627929688 0.0633773803710937 -0.0653762817382813
-0.247268676757813 -0.0977630615234375 0.0819244384765625 -0.0113372802734375
-0.236434936523438 -0.079010009765625 0.135734558105469 0.0275955200195312
-0.288970947265625 -0.0582885742187501 0.186782836914062 0.0420379638671875
-0.259521484375 -0.122634887695312 0.181777954101562 0.133377075195313
-0.160858154296875 -0.255767822265625 0.134552001953125 0.177871704101562
0.01556396484375 -0.296539306640625 -0.010589599609375 0.181442260742187
0.294097900390625 -0.164093017578125 -0.117767333984375 0.0988311767578125
0.35308837890625 0.032989501953125 -0.00215911865234373 -0.0389289855957031
0.279998779296875 0.23760986328125 0.217910766601563 0.138412475585938
0.0275726318359375 0.222412109375 0.433746337890625 0.111907958984375
0.1181640625 0.20562744140625 0.423492431640625 0.15838623046875
0.228057861328125 0.091644287109375 0.300933837890625 0.06634521484375
0.178955078125 -0.0992584228515625 0.238555908203125 -0.00668334960937501
0.050689697265625 -0.164443969726563 0.158950805664063 -0.0269775390625
-0.105575561523437 -0.1455078125 0.126205444335938 -0.0235748291015625
-0.16131591796875 -0.075164794921875 0.163711547851563 -0.0037384033203125
-0.162185668945313 -0.0613250732421875 0.207443237304687 0.0180206298828125
-0.205657958984375 -0.0504913330078125 0.262130737304688 0.0417327880859375
-0.187957763671875 -0.098236083984375 0.247756958007813 0.1500244140625
-0.10955810546875 -0.201095581054687 0.173965454101563 0.206375122070313
0.03436279296875 -0.22222900390625 0.010467529296875 0.212020874023438
0.242233276367188 -0.0868988037109375 -0.105056762695312 0.115058898925781
0.24554443359375 0.094207763671875 0.0512199401855469 -0.00867843627929687
0.131011962890625 0.234237670898438 0.282196044921875 0.221710205078125
0.05670166015625 -0.14569091796875 -0.332916259765625 -0.235015869140625
-0.123458862304687 -0.0968246459960938 -0.0899887084960938 -0.0190811157226563
-0.130592346191406 0.0302658081054688 0.119873046875 -0.119529724121094
-0.0371475219726563 0.105117797851563 0.00959777832031248 -0.278396606445313
0.0439453125 0.0942306518554688 -0.178619384765625 -0.25457763671875
0.096038818359375 0.050140380859375 -0.30426025390625 -0.13812255859375
0.07525634765625 0.0261993408203125 -0.32904052734375 -0.015228271484375
0.0718231201171875 0.0319976806640625 -0.253021240234375 0.014434814453125
0.07318115234375 0.0476608276367188 -0.204910278320312 0.02337646484375
0.0187835693359375 0.0713043212890625 -0.172882080078125 0.0111236572265625
-0.0476417541503906 0.0548019409179688 -0.175155639648438 0.026153564453125
-0.0911331176757813 -0.0243682861328125 -0.235763549804688 -0.00859069824218753
-0.0426025390625 -0.127220153808594 -0.307373046875 -0.102264404296875
0.0548248291015625 -0.166046142578125 -0.421722412109375 -0.149932861328125
0.149093627929688 -0.138168334960938 -0.43798828125 -0.1734619140625
0.228042602539063 -0.0650482177734375 -0.294952392578125 -0.2943115234375
0.0349349975585938 -0.108024597167969 -0.0709304809570313 -0.05718994140625
-0.00643157958984375 -0.0631637573242188 0.14556884765625 -0.131393432617188
-0.0166454315185547 -0.0233955383300781 0.032196044921875 -0.30377197265625
-0.00360393524169922 -0.0116539001464844 -0.16229248046875 -0.287200927734375
-0.014643669128418 -0.0049448013305664 -0.3155517578125 -0.16058349609375
-0.0478858947753906 0.00868606567382813 -0.339019775390625 -0.0167236328125
-0.0402565002441406 0.00568771362304688 -0.249984741210938 0.027008056640625
-0.0518989562988281 0.0164222717285156 -0.203201293945313 0.0335693359375
-0.0736007690429688 -0.00323486328124999 -0.172271728515625 0.0297393798828125
-0.0765151977539062 -0.0636672973632813 -0.161865234375 0.0428466796875
-0.0350494384765625 -0.137893676757813 -0.220367431640625 0.0104217529296875
0.108245849609375 -0.160400390625 -0.28326416015625 -0.065673828125
0.221923828125 -0.137298583984375 -0.385833740234375 -0.122894287109375
0.30560302734375 -0.044189453125 -0.380767822265625 -0.164276123046875
0.367431640625 0.042755126953125 -0.196197509765625 -0.317901611328125
0.204238891601563 -0.0786590576171875 -0.00598907470703125 -0.0791168212890625
0.152175903320313 -0.13800048828125 0.192626953125 -0.1326904296875
0.0338897705078125 -0.16070556640625 0.0772705078125 -0.314056396484375
-0.035919189453125 -0.132484436035156 -0.115814208984375 -0.305694580078125
-0.118553161621094 -0.0739898681640625 -0.28851318359375 -0.178375244140625
-0.163223266601563 -0.0169677734375 -0.308380126953125 -0.0212097167968751
-0.146163940429688 -0.022369384765625 -0.209930419921875 0.037109375
-0.169769287109375 -0.00822448730468751 -0.163421630859375 0.04437255859375
-0.16632080078125 -0.0599212646484375 -0.137016296386719 0.0590744018554688
-0.123245239257812 -0.161392211914063 -0.124069213867188 0.0750885009765625
-0.017242431640625 -0.237396240234375 -0.190261840820313 0.0500946044921875
0.213119506835938 -0.21124267578125 -0.254348754882813 -0.0129699707031251
0.34588623046875 -0.1328125 -0.326995849609375 -0.0871582031250001
0.417388916015625 0.033172607421875 -0.2828369140625 -0.12359619140625
0.446441650390625 0.158843994140625 -0.05047607421875 -0.2913818359375
0.348236083984375 -0.007843017578125 0.0967330932617188 -0.0727005004882813
0.31671142578125 -0.16888427734375 0.2501220703125 -0.112930297851563
0.11187744140625 -0.2742919921875 0.13861083984375 -0.2947998046875
-0.0414276123046875 -0.246414184570313 -0.04541015625 -0.293365478515625
-0.197006225585937 -0.146987915039063 -0.22314453125 -0.1817626953125
-0.252227783203125 -0.0466766357421874 -0.238357543945313 -0.0260009765625
-0.228973388671875 -0.046630859375 -0.139846801757813 0.0418014526367188
-0.265716552734375 -0.023956298828125 -0.093292236328125 0.0509872436523438
-0.245452880859375 -0.094573974609375 -0.0716476440429688 0.086456298828125
-0.174911499023437 -0.227584838867188 -0.0632781982421875 0.107490539550781
-0.025054931640625 -0.309326171875 -0.144424438476563 0.093292236328125
0.27099609375 -0.257644653320313 -0.217391967773437 0.034881591796875
0.415557861328125 -0.131317138671875 -0.250961303710938 -0.0635223388671875
0.473419189453125 0.093719482421875 -0.156906127929687 -0.0696868896484375
0.44671630859375 0.2528076171875 0.114517211914063 -0.215576171875
0.4210205078125 0.085418701171875 0.215469360351563 -0.033660888671875
0.4378662109375 -0.14044189453125 0.299835205078125 -0.070465087890625
0.19598388671875 -0.329010009765625 0.19781494140625 -0.237289428710938
-0.02020263671875 -0.321319580078125 0.0340576171875 -0.24505615234375
-0.234970092773437 -0.203460693359375 -0.130645751953125 -0.161056518554688
-0.301483154296875 -0.07159423828125 -0.138336181640625 -0.0263595581054687
-0.276077270507813 -0.0634613037109375 -0.0490951538085938 0.0408172607421875
-0.322265625 -0.032684326171875 -0.0021324157714844 0.0497474670410156
-0.29351806640625 -0.110260009765625 0.0139999389648437 0.104896545410156
-0.208251953125 -0.262344360351563 0.0102005004882812 0.132293701171875
-0.033233642578125 -0.343231201171875 -0.0906906127929688 0.128501892089844
0.296478271484375 -0.26971435546875 -0.177734375 0.0691070556640625
0.43798828125 -0.10931396484375 -0.166763305664062 -0.054779052734375
0.468719482421875 0.14544677734375 -0.0191459655761719 -0.0111141204833984
0.364654541015625 0.29791259765625 0.268951416015625 -0.105499267578125
0.4005126953125 0.17034912109375 0.32470703125 0.02923583984375
0.46685791015625 -0.064697265625 0.326873779296875 -0.015777587890625
0.248199462890625 -0.306182861328125 0.236373901367188 -0.155075073242188
0.013458251953125 -0.3310546875 0.10064697265625 -0.169692993164063
-0.228683471679688 -0.224395751953125 -0.0287017822265625 -0.118904113769531
-0.301239013671875 -0.0859985351562501 -0.0241622924804688 -0.0218849182128906
-0.280670166015625 -0.0710296630859374 0.0490875244140625 0.0329666137695312
-0.3323974609375 -0.03765869140625 0.0966415405273437 0.04266357421875
-0.301483154296875 -0.113037109375 0.10546875 0.116485595703125
-0.208938598632813 -0.267425537109375 0.0822906494140625 0.151840209960937
-0.024139404296875 -0.338897705078125 -0.0409698486328125 0.157638549804688
0.30352783203125 -0.243255615234375 -0.142333984375 0.089202880859375
0.41693115234375 -0.055877685546875 -0.0828399658203125 -0.0517501831054687
0.40704345703125 0.192626953125 0.114036560058594 0.053497314453125
0.220947265625 0.286834716796875 0.383636474609375 0.00704956054687502
0.290679931640625 0.21173095703125 0.400482177734375 0.095489501953125
0.388916015625 0.01849365234375 0.32635498046875 0.032684326171875
0.238525390625 -0.221389770507813 0.248077392578125 -0.072845458984375
0.0374298095703125 -0.272933959960938 0.14312744140625 -0.0910491943359375
-0.183807373046875 -0.2008056640625 0.0609054565429687 -0.0702285766601563
-0.253341674804688 -0.0828552246093749 0.0831298828125 -0.0154037475585938
-0.241836547851563 -0.0673828125 0.141281127929687 0.0213775634765625
-0.29168701171875 -0.03973388671875 0.190017700195312 0.034637451171875
-0.26678466796875 -0.106002807617188 0.190475463867187 0.126358032226563
-0.176788330078125 -0.24505615234375 0.143325805664063 0.172698974609375
-0.00149536132812498 -0.298187255859375 -0.00259399414062499 0.184600830078125
0.28759765625 -0.18157958984375 -0.116050720214844 0.105712890625
0.355926513671875 0.0146484375 -0.00704574584960935 -0.0408248901367188
0.295684814453125 0.225189208984375 0.2235107421875 0.128082275390625
0.0388641357421875 0.221420288085938 0.439849853515625 0.093963623046875
0.128875732421875 0.200531005859375 0.433074951171875 0.140899658203125
0.236236572265625 0.0782470703125 0.307891845703125 0.05743408203125
0.172821044921875 -0.108871459960938 0.243804931640625 -0.0164642333984375
0.043060302734375 -0.167007446289063 0.161468505859375 -0.0357818603515625
-0.11248779296875 -0.138526916503906 0.126075744628906 -0.0319061279296875
-0.166229248046875 -0.065155029296875 0.165054321289062 -0.012725830078125
-0.165420532226563 -0.052337646484375 0.210556030273437 0.00820922851562499
-0.207351684570313 -0.0375518798828125 0.265548706054688 0.0296173095703125
-0.193450927734375 -0.0865325927734375 0.256866455078125 0.139068603515625
-0.121337890625 -0.19378662109375 0.184616088867188 0.198410034179688
0.0218658447265625 -0.22430419921875 0.020416259765625 0.21466064453125
0.238861083984375 -0.100189208984375 -0.102058410644531 0.121223449707031
0.249969482421875 0.0819549560546875 0.0483932495117188 -0.013671875
0.144027709960937 0.228164672851563 0.292755126953125 0.207183837890625
0.0506744384765625 -0.154327392578125 -0.35284423828125 -0.2181396484375
-0.130203247070313 -0.0892333984375 -0.0911102294921875 -0.008758544921875
-0.132072448730469 0.0395050048828125 0.118438720703125 -0.131172180175781
-0.0315399169921875 0.108535766601562 -0.00521850585937503 -0.287353515625
0.0503692626953125 0.0926055908203125 -0.19775390625 -0.250518798828125
0.101882934570313 0.0447158813476563 -0.31884765625 -0.124969482421875
0.0785140991210937 0.0215301513671875 -0.338165283203125 0.00363159179687497
0.0746383666992188 0.026641845703125 -0.258758544921875 0.029510498046875
0.0769805908203125 0.0401458740234375 -0.208251953125 0.0364227294921875
0.0249404907226563 0.06939697265625 -0.177169799804688 0.0219879150390625
-0.0440216064453125 0.0578994750976562 -0.179061889648438 0.037139892578125
-0.0938339233398438 -0.0195236206054688 -0.245391845703125 0.004486083984375
-0.0505752563476563 -0.126518249511719 -0.324981689453125 -0.0907592773437501
0.045379638671875 -0.171218872070313 -0.44354248046875 -0.131744384765625
0.14520263671875 -0.1497802734375 -0.4610595703125 -0.1553955078125
0.231292724609375 -0.0804901123046875 -0.3193359375 -0.280853271484375
0.0303268432617187 -0.109519958496094 -0.0753326416015625 -0.0489425659179687
-0.010101318359375 -0.0644340515136719 0.144683837890625 -0.144271850585938
-0.0187549591064453 -0.0238571166992188 0.016845703125 -0.313507080078125
-0.00444889068603516 -0.0132265090942383 -0.1827392578125 -0.285430908203125
-0.014552116394043 -0.00377368927001953 -0.33123779296875 -0.146881103515625
-0.0489425659179688 0.0131187438964844 -0.3468017578125 0.00369262695312505
-0.0423927307128906 0.00658416748046875 -0.253433227539063 0.042144775390625
-0.0522041320800781 0.0178565979003906 -0.20477294921875 0.047515869140625
-0.07354736328125 0.000183105468749997 -0.174118041992188 0.041900634765625
-0.0809707641601563 -0.0610580444335937 -0.16461181640625 0.0547943115234375
-0.0432510375976563 -0.138801574707031 -0.229248046875 0.023773193359375
0.103103637695312 -0.170578002929687 -0.300018310546875 -0.0547180175781251
0.218475341796875 -0.152297973632812 -0.406463623046875 -0.105682373046875
0.31134033203125 -0.0616455078125 -0.402099609375 -0.14959716796875
0.381927490234375 0.02294921875 -0.2198486328125 -0.310302734375
0.205520629882813 -0.0881805419921875 -0.0110092163085937 -0.0749893188476563
0.148651123046875 -0.15142822265625 0.193527221679688 -0.146438598632813
0.0250701904296875 -0.166534423828125 0.063232421875 -0.326629638671875
-0.0443878173828125 -0.135536193847656 -0.1358642578125 -0.3074951171875
-0.125 -0.06768798828125 -0.305084228515625 -0.16656494140625
-0.16845703125 -0.00550842285156251 -0.316131591796875 -0.00210571289062497
-0.15216064453125 -0.014556884765625 -0.210037231445313 0.0496063232421875
-0.175125122070312 0.00210571289062499 -0.163299560546875 0.05633544921875
-0.172683715820313 -0.0509033203125 -0.135780334472656 0.07073974609375
-0.136093139648437 -0.15679931640625 -0.123077392578125 0.0872116088867187
-0.0316162109375 -0.242080688476563 -0.196807861328125 0.06365966796875
0.207443237304688 -0.229904174804688 -0.26763916015625 -0.00177001953125003
0.3455810546875 -0.1552734375 -0.345367431640625 -0.0723876953125
0.431182861328125 0.010711669921875 -0.29974365234375 -0.11187744140625
0.46832275390625 0.138763427734375 -0.070709228515625 -0.290924072265625
0.35577392578125 -0.024200439453125 0.0932846069335938 -0.0738677978515625
0.3167724609375 -0.19293212890625 0.252975463867188 -0.128067016601563
0.0987548828125 -0.28851318359375 0.12762451171875 -0.3094482421875
-0.0560760498046875 -0.252120971679688 -0.06134033203125 -0.29998779296875
-0.209304809570312 -0.136611938476563 -0.238800048828125 -0.173080444335937
-0.2615966796875 -0.0299682617187499 -0.2435302734375 -0.0111541748046875
-0.238479614257813 -0.0343017578125001 -0.136749267578125 0.0507278442382813
-0.2728271484375 -0.00682067871093746 -0.0901947021484375 0.0598678588867188
-0.255783081054688 -0.080078125 -0.0667190551757813 0.095550537109375
-0.192718505859375 -0.220932006835938 -0.0589523315429688 0.116653442382812
-0.0439453125 -0.314544677734375 -0.146286010742188 0.106292724609375
0.2646484375 -0.28192138671875 -0.226547241210937 0.04693603515625
0.417633056640625 -0.159515380859375 -0.26666259765625 -0.0518646240234375
0.493560791015625 0.07061767578125 -0.167617797851562 -0.063385009765625
0.4744873046875 0.234710693359375 0.102630615234375 -0.222900390625
0.436492919921875 0.067779541015625 0.21697998046875 -0.0417938232421875
0.44183349609375 -0.1722412109375 0.307464599609375 -0.085052490234375
0.18115234375 -0.347869873046875 0.193252563476563 -0.253753662109375
-0.038055419921875 -0.329559326171875 0.0239105224609375 -0.255569458007813
-0.250961303710938 -0.1922607421875 -0.142776489257813 -0.157806396484375
-0.313507080078125 -0.052764892578125 -0.14117431640625 -0.0172576904296875
-0.287872314453125 -0.048553466796875 -0.0433807373046875 0.0447235107421875
-0.33099365234375 -0.01123046875 0.00238037109374998 0.0532875061035156
-0.3056640625 -0.092010498046875 0.0216751098632812 0.109443664550781
-0.23065185546875 -0.25299072265625 0.017425537109375 0.1373291015625
-0.055572509765625 -0.349517822265625 -0.088043212890625 0.139305114746094
0.288665771484375 -0.29766845703125 -0.182540893554687 0.08050537109375
0.44110107421875 -0.1390380859375 -0.179229736328125 -0.0477447509765625
0.49176025390625 0.12310791015625 -0.0220470428466797 -0.0110435485839844
0.394012451171875 0.2869873046875 0.267044067382813 -0.1190185546875
0.419464111328125 0.154541015625 0.331878662109375 0.015350341796875
0.476776123046875 -0.095062255859375 0.337310791015625 -0.030120849609375
0.23486328125 -0.3284912109375 0.237197875976563 -0.170791625976563
-0.00476074218750003 -0.34027099609375 0.0962982177734375 -0.181915283203125
-0.245773315429688 -0.214218139648438 -0.0370941162109375 -0.120704650878906
-0.313720703125 -0.06768798828125 -0.0249195098876953 -0.0200061798095703
-0.29290771484375 -0.0552062988281249 0.0561790466308593 0.0315093994140625
-0.34063720703125 -0.01470947265625 0.103080749511719 0.0393524169921875
-0.31378173828125 -0.093597412109375 0.116004943847656 0.115493774414063
-0.231887817382813 -0.258712768554688 0.093353271484375 0.152297973632813
-0.046173095703125 -0.345977783203125 -0.0349578857421875 0.165725708007813
0.29718017578125 -0.269500732421875 -0.14373779296875 0.100616455078125
0.423583984375 -0.08380126953125 -0.0923080444335937 -0.0496597290039063
0.4305419921875 0.173828125 0.1182861328125 0.0476455688476563
0.24383544921875 0.280136108398438 0.3914794921875 -0.00970458984374998
0.31036376953125 0.201080322265625 0.413543701171875 0.07867431640625
0.40240478515625 -0.007110595703125 0.339630126953125 0.01934814453125
0.230377197265625 -0.241378784179688 0.255386352539063 -0.0872802734375
0.0233154296875 -0.28192138671875 0.144577026367188 -0.104354858398438
-0.198989868164063 -0.192001342773438 0.0581130981445312 -0.0758285522460938
-0.264480590820312 -0.067047119140625 0.0854263305664062 -0.0206146240234375
-0.25299072265625 -0.0534515380859375 0.14910888671875 0.0136566162109375
-0.300079345703125 -0.020172119140625 0.197799682617187 0.0249786376953125
-0.278289794921875 -0.0892333984375 0.203369140625 0.119659423828125
-0.1976318359375 -0.23736572265625 0.1566162109375 0.16925048828125
-0.02117919921875 -0.305267333984375 0.00704956054687501 0.191146850585938
0.28436279296875 -0.20440673828125 -0.115165710449219 0.115715026855469
0.363983154296875 -0.007232666015625 -0.0129776000976562 -0.0437545776367188
0.317657470703125 0.213043212890625 0.235015869140625 0.116622924804688
0.0528717041015625 0.224166870117188 0.454925537109375 0.074951171875
0.144500732421875 0.197982788085938 0.450714111328125 0.12188720703125
0.247024536132813 0.06365966796875 0.321746826171875 0.044830322265625
0.169342041015625 -0.122604370117187 0.25360107421875 -0.029876708984375
0.0341644287109375 -0.173721313476562 0.16656494140625 -0.0477752685546875
-0.123191833496094 -0.133071899414063 0.126968383789063 -0.0416259765625
-0.174285888671875 -0.0546417236328125 0.169036865234375 -0.02349853515625
-0.17303466796875 -0.042938232421875 0.219406127929688 -0.003997802734375
-0.213577270507813 -0.0235137939453125 0.27447509765625 0.0161285400390625
-0.202590942382813 -0.0731201171875 0.271820068359375 0.12786865234375
-0.1373291015625 -0.18841552734375 0.19952392578125 0.192855834960937
0.00744628906250001 -0.230300903320313 0.0323028564453125 0.219573974609375
0.238815307617188 -0.1173095703125 -0.0994873046875 0.130645751953125
0.26141357421875 0.0688323974609375 0.0463600158691406 -0.0202140808105469
0.161956787109375 0.224685668945312 0.310302734375 0.194061279296875
0.039337158203125 -0.164566040039063 -0.379364013671875 -0.194549560546875
-0.139778137207031 -0.0789718627929688 -0.091522216796875 0.00263214111328125
-0.131858825683594 0.0525436401367187 0.11407470703125 -0.146713256835938
-0.0244979858398437 0.112709045410156 -0.028411865234375 -0.295257568359375
0.05908203125 0.08978271484375 -0.222381591796875 -0.240768432617187
0.108650207519531 0.0362548828125 -0.336822509765625 -0.104400634765625
0.0823135375976563 0.01422119140625 -0.346954345703125 0.0317687988281249
0.0778350830078125 0.0184326171875 -0.264572143554688 0.051544189453125
0.0814590454101563 0.0317153930664063 -0.2115478515625 0.0550079345703125
0.0327796936035156 0.0667457580566406 -0.18109130859375 0.0376434326171875
-0.0390701293945312 0.0620651245117188 -0.182174682617187 0.0537109375
-0.0975418090820313 -0.0122451782226563 -0.255859375 0.024932861328125
-0.0619354248046875 -0.124595642089844 -0.34625244140625 -0.0693359375000001
0.033355712890625 -0.176376342773438 -0.468902587890625 -0.101715087890625
0.137496948242188 -0.166290283203125 -0.48870849609375 -0.123626708984375
0.232467651367187 -0.1033935546875 -0.349761962890625 -0.26031494140625
0.02392578125 -0.111618041992188 -0.0801925659179688 -0.0386962890625
-0.0152549743652344 -0.0652580261230469 0.140243530273438 -0.160934448242188
-0.0217437744140625 -0.0239830017089844 -0.00631713867187499 -0.324432373046875
-0.00629901885986328 -0.0149126052856445 -0.2093505859375 -0.279571533203125
-0.0150747299194336 -0.00323772430419922 -0.351409912109375 -0.125335693359375
-0.0487556457519531 0.0175361633300781 -0.355499267578125 0.033050537109375
-0.0449028015136719 0.00883483886718749 -0.25616455078125 0.063507080078125
-0.0535774230957031 0.0208549499511719 -0.206161499023437 0.0659027099609375
-0.0745162963867188 0.00470733642578125 -0.175445556640625 0.058013916015625
-0.0872650146484375 -0.05633544921875 -0.165679931640625 0.071563720703125
-0.0550537109375 -0.139389038085938 -0.238128662109375 0.0438232421875
0.092926025390625 -0.183746337890625 -0.31976318359375 -0.03326416015625
0.211273193359375 -0.172470092773438 -0.430450439453125 -0.07763671875
0.31561279296875 -0.08795166015625 -0.42840576171875 -0.123077392578125
0.39593505859375 -0.00823974609375 -0.251190185546875 -0.298065185546875
0.20526123046875 -0.103256225585938 -0.0174560546875 -0.0702323913574219
0.141510009765625 -0.16845703125 0.190811157226563 -0.166305541992188
0.01153564453125 -0.173812866210938 0.042022705078125 -0.341339111328125
-0.0567474365234375 -0.138298034667969 -0.162689208984375 -0.306427001953125
-0.133956909179688 -0.0587921142578125 -0.32733154296875 -0.146484375
-0.174087524414062 0.00967407226562499 -0.32293701171875 0.024658203125
-0.15924072265625 -0.00328063964843748 -0.210159301757813 0.067474365234375
-0.180221557617188 0.0162200927734375 -0.162200927734375 0.072784423828125
-0.180160522460938 -0.0379486083984375 -0.132400512695312 0.0856170654296875
-0.152618408203125 -0.149307250976563 -0.120635986328125 0.102043151855469
-0.0517425537109375 -0.246994018554687 -0.201492309570312 0.082763671875
0.196273803710938 -0.255233764648438 -0.28253173828125 0.0186462402343749
0.341064453125 -0.187774658203125 -0.366607666015625 -0.047607421875
0.4468994140625 -0.02264404296875 -0.32122802734375 -0.0920715332031251
0.495758056640625 0.103851318359375 -0.096588134765625 -0.2891845703125
0.365234375 -0.049102783203125 0.088623046875 -0.0774459838867188
0.31085205078125 -0.225982666015625 0.255355834960938 -0.150360107421875
0.07708740234375 -0.30438232421875 0.11090087890625 -0.32763671875
-0.078125 -0.257034301757813 -0.085906982421875 -0.306549072265625
-0.226104736328125 -0.123214721679687 -0.25958251953125 -0.158111572265625
-0.271072387695312 -0.006866455078125 -0.24957275390625 0.01031494140625
-0.24957275390625 -0.0157623291015625 -0.133453369140625 0.0624847412109375
-0.280258178710938 0.0170288085937501 -0.0861053466796875 0.0704116821289062
-0.268798828125 -0.059661865234375 -0.0586318969726563 0.105720520019531
-0.216934204101563 -0.209335327148438 -0.050872802734375 0.127944946289063
-0.0718994140625 -0.320281982421875 -0.145736694335938 0.123031616210937
0.249908447265625 -0.31365966796875 -0.235015869140625 0.0657958984375
0.415496826171875 -0.199127197265625 -0.284637451171875 -0.03228759765625
0.5152587890625 0.03289794921875 -0.180404663085937 -0.0527191162109375
0.509796142578125 0.203521728515625 0.085968017578125 -0.23333740234375
0.45562744140625 0.03826904296875 0.217788696289063 -0.0547332763671875
0.443389892578125 -0.214935302734375 0.3140869140625 -0.110107421875
0.157196044921875 -0.372833251953125 0.182632446289063 -0.27569580078125
-0.064849853515625 -0.338043212890625 0.00518798828125002 -0.268142700195313
-0.273086547851563 -0.17578125 -0.160018920898438 -0.149734497070313
-0.325714111328125 -0.025299072265625 -0.144180297851563 -0.00488281250000003
-0.300628662109375 -0.024993896484375 -0.0368309020996094 0.0488624572753906
-0.340179443359375 0.0187377929687501 0.00914382934570311 0.0560379028320313
-0.32159423828125 -0.065948486328125 0.0341949462890625 0.113204956054688
-0.258071899414063 -0.23785400390625 0.029571533203125 0.142044067382812
-0.086944580078125 -0.354248046875 -0.0821533203125 0.152923583984375
0.2738037109375 -0.33221435546875 -0.186386108398437 0.097381591796875
0.441925048828125 -0.179718017578125 -0.1934814453125 -0.034576416015625
0.51971435546875 0.086517333984375 -0.0260372161865234 -0.0101413726806641
0.431549072265625 0.263702392578125 0.263427734375 -0.139999389648438
0.445281982421875 0.1285400390625 0.3406982421875 -0.00549316406249999
0.485137939453125 -0.140350341796875 0.349761962890625 -0.05419921875
0.21405029296875 -0.35626220703125 0.235260009765625 -0.19403076171875
-0.03179931640625 -0.35272216796875 0.0869293212890625 -0.197845458984375
-0.26971435546875 -0.197967529296875 -0.0483932495117188 -0.12054443359375
-0.32818603515625 -0.039947509765625 -0.0256671905517578 -0.0173511505126953
-0.306854248046875 -0.0312499999999999 0.0650253295898438 0.02655029296875
-0.3499755859375 0.016326904296875 0.111312866210937 0.034423828125
-0.329315185546875 -0.066162109375 0.130989074707031 0.110801696777344
-0.261550903320313 -0.243682861328125 0.108505249023437 0.151168823242187
-0.07757568359375 -0.351226806640625 -0.0238800048828125 0.17523193359375
0.283447265625 -0.304412841796875 -0.143646240234375 0.115310668945313
0.427764892578125 -0.121795654296875 -0.103546142578125 -0.0449295043945313
0.461151123046875 0.14447021484375 0.12396240234375 0.038543701171875
0.275070190429688 0.269500732421875 0.4007568359375 -0.03851318359375
0.336273193359375 0.1839599609375 0.430084228515625 0.0513916015625
0.415313720703125 -0.04266357421875 0.354400634765625 -0.003875732421875
0.216049194335938 -0.267837524414063 0.260574340820313 -0.110031127929688
0.000976562499999986 -0.29351806640625 0.142791748046875 -0.121246337890625
-0.219329833984375 -0.179336547851563 0.0528564453125 -0.0828399658203125
-0.277877807617188 -0.044158935546875 0.0876007080078125 -0.028045654296875
-0.264755249023438 -0.0323486328125001 0.157791137695312 0.000518798828124998
-0.30804443359375 0.007080078125 0.207443237304687 0.0114288330078125
-0.2919921875 -0.064361572265625 0.220993041992187 0.108047485351563
-0.223846435546875 -0.22412109375 0.174362182617188 0.162734985351563
-0.04852294921875 -0.3116455078125 0.0214385986328125 0.197799682617187
0.275604248046875 -0.23651123046875 -0.111160278320313 0.128440856933594
0.37298583984375 -0.038055419921875 -0.0207061767578125 -0.0457382202148438
0.347442626953125 0.193115234375 0.249710083007813 0.099517822265625
0.0743255615234375 0.22528076171875 0.473480224609375 0.044189453125
0.165878295898438 0.191650390625 0.472869873046875 0.091766357421875
0.260330200195312 0.0424957275390625 0.33807373046875 0.023590087890625
0.162582397460938 -0.14019775390625 0.263839721679688 -0.0514373779296875
0.021514892578125 -0.181655883789062 0.170196533203125 -0.064605712890625
-0.137168884277344 -0.124931335449219 0.126846313476563 -0.0535736083984375
-0.184112548828125 -0.0395355224609375 0.172760009765625 -0.0386199951171875
-0.182174682617188 -0.0290679931640625 0.227676391601562 -0.0233917236328125
-0.219635009765625 -0.00433349609375002 0.28515625 -0.005401611328125
-0.213180541992188 -0.05548095703125 0.291351318359375 0.110870361328125
-0.156906127929688 -0.180343627929687 0.219772338867188 0.182571411132813
-0.0118865966796875 -0.23712158203125 0.0496826171875 0.22430419921875
0.236251831054688 -0.141845703125 -0.0927886962890625 0.142074584960937
0.273818969726563 0.0489654541015625 0.0418281555175781 -0.0279350280761719
0.186355590820313 0.217437744140625 0.33331298828125 0.17218017578125
0.0218048095703125 -0.172210693359375 -0.40325927734375 -0.155731201171875
-0.147171020507813 -0.063720703125 -0.0884857177734375 0.01629638671875
-0.127029418945313 0.068695068359375 0.101455688476562 -0.1611328125
-0.013916015625 0.11578369140625 -0.0574951171875 -0.295867919921875
0.0681228637695313 0.0843048095703125 -0.248031616210937 -0.220367431640625
0.113235473632813 0.0223770141601563 -0.35150146484375 -0.072723388671875
0.0850753784179688 0.00485992431640625 -0.347442626953125 0.069244384765625
0.0786819458007813 0.008148193359375 -0.262741088867188 0.0790863037109375
0.0835800170898438 0.0204544067382813 -0.20849609375 0.0776214599609375
0.0410614013671875 0.0610618591308594 -0.180206298828125 0.0568695068359375
-0.0317268371582031 0.0656852722167969 -0.180191040039062 0.0723419189453125
-0.099334716796875 -0.00194549560546876 -0.260025024414063 0.05218505859375
-0.0747604370117187 -0.117874145507813 -0.36138916015625 -0.03460693359375
0.01568603515625 -0.17926025390625 -0.4854736328125 -0.0556640625000001
0.121368408203125 -0.182891845703125 -0.511138916015625 -0.0781250000000001
0.224258422851563 -0.129913330078125 -0.38079833984375 -0.2247314453125
0.014678955078125 -0.11309814453125 -0.0829696655273438 -0.025238037109375
-0.0218429565429688 -0.0638236999511719 0.12774658203125 -0.177658081054688
-0.0255527496337891 -0.0221366882324219 -0.038177490234375 -0.326629638671875
-0.00928783416748047 -0.0155801773071289 -0.239395141601563 -0.26092529296875
-0.0153627395629883 -0.00254440307617188 -0.3673095703125 -0.0914611816406251
-0.0469207763671875 0.0228767395019531 -0.35577392578125 0.07122802734375
-0.0457420349121094 0.0122604370117187 -0.251663208007813 0.0892181396484375
-0.0523872375488281 0.0249977111816406 -0.201431274414063 0.088226318359375
-0.0734100341796875 0.0105514526367187 -0.171310424804688 0.0777587890625
-0.0930557250976563 -0.0486602783203125 -0.160888671875 0.090423583984375
-0.0693893432617187 -0.135452270507813 -0.241134643554688 0.0706024169921874
0.075653076171875 -0.195770263671875 -0.332611083984375 -0.00149536132812495
0.195465087890625 -0.1934814453125 -0.44635009765625 -0.0348205566406249
0.311370849609375 -0.121429443359375 -0.450439453125 -0.0814208984375
0.401092529296875 -0.050201416015625 -0.284912109375 -0.272186279296875
0.1990966796875 -0.122207641601563 -0.0245018005371094 -0.0632896423339844
0.125885009765625 -0.18548583984375 0.179168701171875 -0.188003540039063
-0.006683349609375 -0.176986694335938 0.00958251953125001 -0.349395751953125
-0.072784423828125 -0.135978698730469 -0.195465087890625 -0.29443359375
-0.141220092773438 -0.045562744140625 -0.34442138671875 -0.114349365234375
-0.174087524414063 0.02947998046875 -0.32208251953125 0.058868408203125
-0.162994384765625 0.0123443603515625 -0.2032470703125 0.08856201171875
-0.180023193359375 0.0354156494140625 -0.154983520507813 0.0912933349609375
-0.184677124023438 -0.01959228515625 -0.123786926269531 0.102096557617187
-0.168716430664063 -0.134613037109375 -0.11138916015625 0.117752075195312
-0.077728271484375 -0.244918823242187 -0.199386596679688 0.107101440429687
0.173110961914063 -0.279739379882813 -0.290863037109375 0.0482177734374999
0.3238525390625 -0.223052978515625 -0.3798828125 -0.00955200195312507
0.451904296875 -0.06829833984375 -0.33709716796875 -0.062103271484375
0.51495361328125 0.053253173828125 -0.128341674804687 -0.279022216796875
0.3665771484375 -0.08355712890625 0.0809860229492188 -0.0814971923828125
0.292266845703125 -0.2623291015625 0.247314453125 -0.178237915039063
0.04681396484375 -0.31622314453125 0.0821533203125 -0.343597412109375
-0.105804443359375 -0.254776000976562 -0.117919921875 -0.303070068359375
-0.240753173828125 -0.099334716796875 -0.278213500976563 -0.132247924804687
-0.274261474609375 0.0237274169921875 -0.248245239257813 0.03692626953125
-0.255096435546875 0.010711669921875 -0.124458312988281 0.0754776000976563
-0.280868530273438 0.048187255859375 -0.0778045654296875 0.0814971923828125
-0.275009155273438 -0.0305328369140625 -0.0459136962890625 0.115081787109375
-0.241012573242188 -0.187179565429687 -0.0380630493164063 0.137237548828125
-0.106292724609375 -0.316925048828125 -0.1383056640625 0.142349243164062
0.219970703125 -0.34613037109375 -0.238189697265625 0.09173583984375
0.39764404296875 -0.243499755859375 -0.29608154296875 -0.00326538085937497
0.527496337890625 -0.019317626953125 -0.190994262695312 -0.036285400390625
0.538238525390625 0.1531982421875 0.06182861328125 -0.2408447265625
0.465911865234375 -0.00457763671875 0.212539672851563 -0.07177734375
0.428314208984375 -0.26513671875 0.311737060546875 -0.141387939453125
0.12091064453125 -0.39288330078125 0.160888671875 -0.29827880859375
-0.1014404296875 -0.337921142578125 -0.0217132568359375 -0.274429321289063
-0.293609619140625 -0.146881103515625 -0.177169799804688 -0.133392333984375
-0.331451416015625 0.0121765136718751 -0.144454956054688 0.0114288330078125
-0.307830810546875 0.00735473632812506 -0.0285682678222656 0.05108642578125
-0.33966064453125 0.057220458984375 0.0176353454589844 0.0574874877929688
-0.32891845703125 -0.029693603515625 0.0487213134765625 0.112342834472656
-0.286712646484375 -0.210784912109375 0.0455474853515625 0.143264770507813
-0.12579345703125 -0.349822998046875 -0.070404052734375 0.165969848632812
0.242401123046875 -0.368377685546875 -0.183380126953125 0.119064331054687
0.42547607421875 -0.227935791015625 -0.2052001953125 -0.0153045654296876
0.538421630859375 0.034393310546875 -0.0300273895263672 -0.00893592834472656
0.465576171875 0.2236328125 0.250289916992188 -0.16412353515625
0.463958740234375 0.0867919921875 0.341461181640625 -0.035675048828125
0.477752685546875 -0.194000244140625 0.35321044921875 -0.08819580078125
0.178802490234375 -0.38287353515625 0.223007202148437 -0.2208251953125
-0.068878173828125 -0.35589599609375 0.068634033203125 -0.212066650390625
-0.292694091796875 -0.169891357421875 -0.0620498657226563 -0.115692138671875
-0.334991455078125 -0.00189208984374998 -0.0249214172363281 -0.014617919921875
-0.314300537109375 0.0020751953125 0.072021484375 0.01898193359375
-0.34979248046875 0.056640625 0.118698120117187 0.0248947143554688
-0.338043212890625 -0.0290527343749999 0.147308349609375 0.100753784179688
-0.28936767578125 -0.215057373046875 0.12548828125 0.143447875976563
-0.116607666015625 -0.34613037109375 -0.00827026367187499 0.182144165039063
0.253875732421875 -0.34100341796875 -0.137451171875 0.132492065429688
0.417999267578125 -0.16900634765625 -0.114105224609375 -0.0355911254882812
0.48382568359375 0.0968017578125 0.126815795898438 0.0247039794921875
0.308380126953125 0.2435302734375 0.400054931640625 -0.074371337890625
0.3602294921875 0.15216064453125 0.438812255859375 0.01177978515625
0.41656494140625 -0.08868408203125 0.362579345703125 -0.03765869140625
0.189117431640625 -0.292938232421875 0.257003784179688 -0.138641357421875
-0.030181884765625 -0.299041748046875 0.133529663085938 -0.13946533203125
-0.240509033203125 -0.156143188476562 0.0445022583007812 -0.0879440307617188
-0.285125732421875 -0.011749267578125 0.0871810913085937 -0.0372695922851563
-0.271804809570312 -0.00318908691406251 0.16326904296875 -0.0171356201171875
-0.30877685546875 0.0432128906250001 0.213043212890625 -0.0086822509765625
-0.299713134765625 -0.030792236328125 0.236770629882813 0.088287353515625
-0.250289916992187 -0.200271606445313 0.19287109375 0.147811889648438
-0.0823974609375 -0.308349609375 0.041656494140625 0.199600219726562
0.253097534179688 -0.27020263671875 -0.102325439453125 0.14117431640625
0.37158203125 -0.07928466796875 -0.0311546325683594 -0.0452156066894531
0.373046875 0.158599853515625 0.260986328125 0.073638916015625
0.0995025634765625 0.21832275390625 0.4830322265625 -0.000488281249999987
0.188186645507812 0.176254272460937 0.486846923828125 0.046722412109375
0.26922607421875 0.0128936767578125 0.34814453125 -0.008331298828125
0.14788818359375 -0.159133911132813 0.265533447265625 -0.0802459716796875
0.0024871826171875 -0.186630249023438 0.167755126953125 -0.08514404296875
-0.151107788085937 -0.109390258789063 0.12249755859375 -0.0674896240234375
-0.189956665039063 -0.0176849365234375 0.171157836914063 -0.05731201171875
-0.187881469726563 -0.00849914550781251 0.22991943359375 -0.0478515625
-0.221145629882813 0.0207366943359375 0.288421630859375 -0.03399658203125
-0.219482421875 -0.030670166015625 0.3070068359375 0.08258056640625
-0.17816162109375 -0.162994384765625 0.240524291992188 0.163330078125
-0.0386505126953125 -0.237091064453125 0.072967529296875 0.223648071289063
0.224578857421875 -0.168426513671875 -0.082550048828125 0.15374755859375
0.2806396484375 0.0204620361328125 0.035369873046875 -0.0349082946777344
0.212142944335938 0.199203491210938 0.35284423828125 0.13818359375
0.00122070312500001 -0.172042846679688 -0.410736083984375 -0.10870361328125
-0.148666381835938 -0.045867919921875 -0.0808181762695313 0.028411865234375
-0.115921020507812 0.082000732421875 0.084625244140625 -0.170120239257813
-0.0026702880859375 0.114982604980469 -0.0843505859375 -0.284515380859375
0.0749893188476563 0.0746994018554688 -0.262939453125 -0.190170288085938
0.112709045410156 0.00788116455078125 -0.35107421875 -0.037139892578125
0.0838088989257813 -0.00583648681640625 -0.333160400390625 0.1033935546875
0.0753402709960937 -0.00182342529296875 -0.249755859375 0.103958129882812
0.0809402465820313 0.00806427001953125 -0.19708251953125 0.0973358154296875
0.047271728515625 0.0516700744628906 -0.172271728515625 0.074615478515625
-0.0225830078125 0.06640625 -0.171051025390625 0.0900115966796875
-0.0964813232421875 0.00884246826171876 -0.252517700195312 0.078826904296875
-0.0845947265625 -0.105781555175781 -0.360443115234375 0.00338745117187497
-0.00233459472656251 -0.175094604492188 -0.4820556640625 -0.00729370117187492
0.09857177734375 -0.19232177734375 -0.511627197265625 -0.026214599609375
0.2054443359375 -0.1513671875 -0.395904541015625 -0.178009033203125
0.0052337646484375 -0.11016845703125 -0.0808181762695313 -0.01129150390625
-0.0269584655761719 -0.0595207214355469 0.109268188476563 -0.187911987304688
-0.0281505584716797 -0.0189285278320312 -0.067840576171875 -0.3177490234375
-0.011876106262207 -0.0153427124023438 -0.259368896484375 -0.231338500976562
-0.0156278610229492 -0.00157356262207031 -0.369110107421875 -0.05242919921875
-0.0435676574707031 0.0270233154296875 -0.339080810546875 0.1068115234375
-0.0452423095703125 0.0153999328613281 -0.2371826171875 0.112564086914063
-0.0501785278320313 0.0286674499511719 -0.187347412109375 0.107650756835938
-0.0704193115234375 0.0160140991210938 -0.159866333007812 0.094573974609375
-0.0940933227539063 -0.038116455078125 -0.149490356445313 0.105712890625
-0.08172607421875 -0.126152038574219 -0.231887817382813 0.0954437255859375
0.0549774169921875 -0.198989868164063 -0.329864501953125 0.0338134765625
0.170806884765625 -0.20758056640625 -0.44329833984375 0.011810302734375
0.292266845703125 -0.15093994140625 -0.452301025390625 -0.0358581542968751
0.38720703125 -0.091461181640625 -0.308258056640625 -0.23382568359375
0.1846923828125 -0.138046264648438 -0.029022216796875 -0.0532417297363281
0.105133056640625 -0.195541381835938 0.159988403320312 -0.202774047851562
-0.0255279541015625 -0.172622680664063 -0.0235595703125 -0.34417724609375
-0.0869979858398437 -0.126815795898438 -0.221221923828125 -0.269241333007813
-0.14263916015625 -0.029876708984375 -0.34906005859375 -0.076690673828125
-0.16693115234375 0.048309326171875 -0.30731201171875 0.0912475585937501
-0.16021728515625 0.0288848876953125 -0.188751220703125 0.105911254882813
-0.173248291015625 0.0531768798828125 -0.140312194824219 0.105262756347656
-0.180694580078125 -0.000350952148437483 -0.109390258789063 0.113525390625
-0.1781005859375 -0.113967895507812 -0.097137451171875 0.127998352050781
-0.101150512695312 -0.23291015625 -0.188156127929688 0.128509521484375
0.140594482421875 -0.29296875 -0.285247802734375 0.078155517578125
0.293304443359375 -0.250030517578125 -0.376953125 0.0289916992187499
0.4365234375 -0.113800048828125 -0.340362548828125 -0.0275878906250001
0.511260986328125 -0.001190185546875 -0.15576171875 -0.256362915039063
0.3529052734375 -0.11614990234375 0.0709381103515625 -0.0816192626953125
0.260711669921875 -0.288482666015625 0.228439331054688 -0.199081420898438
0.0133056640625 -0.31378173828125 0.048431396484375 -0.3466796875
-0.131118774414063 -0.24066162109375 -0.145782470703125 -0.286468505859375
-0.2451171875 -0.07135009765625 -0.28546142578125 -0.10015869140625
-0.265655517578125 0.0544128417968749 -0.23773193359375 0.061981201171875
-0.249969482421875 0.03765869140625 -0.111869812011719 0.0838623046875
-0.268783569335938 0.0773162841796876 -0.06524658203125 0.0883636474609375
-0.270187377929688 4.5776367187509E-05 -0.0304336547851563 0.118637084960938
-0.25408935546875 -0.157073974609375 -0.02276611328125 0.140533447265625
-0.1373291015625 -0.300537109375 -0.12469482421875 0.156707763671875
0.179656982421875 -0.363677978515625 -0.229644775390625 0.11566162109375
0.362030029296875 -0.27899169921875 -0.294464111328125 0.028411865234375
0.518798828125 -0.07440185546875 -0.193679809570312 -0.0172271728515625
0.545013427734375 0.0938720703125 0.034881591796875 -0.238052368164062
0.457305908203125 -0.0496826171875 0.199752807617188 -0.0857696533203125
0.392913818359375 -0.306488037109375 0.29620361328125 -0.1695556640625
0.07806396484375 -0.397613525390625 0.131378173828125 -0.310028076171875
-0.1361083984375 -0.323638916015625 -0.048553466796875 -0.268402099609375
-0.3018798828125 -0.111846923828125 -0.186813354492188 -0.110794067382813
-0.32208251953125 0.049652099609375 -0.13720703125 0.0257339477539062
-0.30157470703125 0.0401611328125 -0.0194854736328125 0.0500679016113281
-0.32489013671875 0.093994140625 0.0259742736816406 0.0555152893066406
-0.32244873046875 0.00726318359375004 0.0627899169921875 0.107025146484375
-0.301971435546875 -0.1741943359375 0.0601806640625 0.137588500976563
-0.1605224609375 -0.328460693359375 -0.0541534423828125 0.172821044921875
0.1968994140625 -0.388336181640625 -0.17254638671875 0.137451171875
0.390655517578125 -0.26751708984375 -0.207077026367187 0.00747680664062494
0.5347900390625 -0.023040771484375 -0.0335159301757812 -0.00654411315917968
0.48046875 0.170074462890625 0.22784423828125 -0.182266235351562
0.465606689453125 0.039581298828125 0.329071044921875 -0.064361572265625
0.4483642578125 -0.242584228515625 0.341552734375 -0.121002197265625
0.135894775390625 -0.392425537109375 0.199615478515625 -0.240142822265625
-0.105987548828125 -0.343658447265625 0.046295166015625 -0.216751098632813
-0.302276611328125 -0.13311767578125 -0.0719528198242188 -0.104751586914063
-0.326690673828125 0.0372314453125 -0.0240421295166016 -0.0114192962646484
-0.307769775390625 0.0368041992187501 0.0758743286132812 0.00848388671875
-0.334564208984375 0.09466552734375 0.12188720703125 0.0132369995117188
-0.3310546875 0.0106201171875001 0.158157348632812 0.08441162109375
-0.30560302734375 -0.177154541015625 0.1385498046875 0.129440307617188
-0.151611328125 -0.3255615234375 0.009185791015625 0.182220458984375
0.21209716796875 -0.36260986328125 -0.125167846679687 0.145034790039063
0.3887939453125 -0.208343505859375 -0.121139526367187 -0.0215301513671875
0.4874267578125 0.044677734375 0.124107360839844 0.0104217529296875
0.328948974609375 0.205596923828125 0.384368896484375 -0.109649658203125
0.369873046875 0.1119384765625 0.428924560546875 -0.029052734375
0.400177001953125 -0.13360595703125 0.355682373046875 -0.07232666015625
0.154083251953125 -0.306427001953125 0.24053955078125 -0.16357421875
-0.0618896484375 -0.2908935546875 0.117523193359375 -0.152389526367188
-0.251220703125 -0.125320434570313 0.0345916748046875 -0.0896224975585938
-0.278732299804688 0.022735595703125 0.08349609375 -0.04559326171875
-0.266769409179688 0.0267181396484375 0.161331176757813 -0.03570556640625
-0.29608154296875 0.07720947265625 0.21038818359375 -0.0302581787109375
-0.293487548828125 0.00503540039062505 0.243927001953125 0.0624847412109375
-0.265945434570313 -0.166412353515625 0.204833984375 0.125885009765625
-0.11492919921875 -0.292083740234375 0.0595245361328125 0.192764282226562
0.2197265625 -0.291961669921875 -0.0889129638671875 0.149978637695312
0.354644775390625 -0.1163330078125 -0.0401229858398437 -0.0412979125976563
0.383880615234375 0.114837646484375 0.26068115234375 0.0438232421875
0.120574951171875 0.20343017578125 0.47528076171875 -0.044525146484375
0.203598022460938 0.152435302734375 0.48040771484375 -0.000885009765624991
0.265335083007813 -0.0174102783203125 0.34381103515625 -0.042572021484375
0.126785278320313 -0.170913696289063 0.255096435546875 -0.1068115234375
-0.0181427001953125 -0.183929443359375 0.156387329101563 -0.101974487304688
-0.1583251953125 -0.0888519287109375 0.112968444824219 -0.0780258178710938
-0.1868896484375 0.00643920898437501 0.1632080078125 -0.0743408203125
-0.184722900390625 0.0133056640625 0.222122192382813 -0.0725555419921875
-0.213165283203125 0.0457611083984375 0.281036376953125 -0.0628814697265625
-0.215255737304688 -0.00370788574218745 0.3118896484375 0.050018310546875
-0.192581176757813 -0.138687133789062 0.2508544921875 0.135848999023438
-0.0640716552734375 -0.227294921875 0.0932159423828125 0.212158203125
0.201370239257813 -0.190353393554688 -0.0679168701171875 0.158782958984375
0.276046752929688 -0.009735107421875 0.0252876281738281 -0.0392990112304688
0.229400634765625 0.17144775390625 0.3570556640625 0.09832763671875
-0.01446533203125 -0.164993286132813 -0.4022216796875 -0.0703125
-0.144699096679688 -0.03204345703125 -0.0709686279296875 0.0366287231445313
-0.103309631347656 0.0891494750976562 0.0696258544921875 -0.171066284179687
0.00656890869140625 0.11151123046875 -0.101669311523438 -0.268539428710938
0.0770263671875 0.0659561157226563 -0.265594482421875 -0.164169311523438
0.107734680175781 -0.00362396240234375 -0.341644287109375 -0.00988769531250002
0.079376220703125 -0.0147323608398438 -0.312774658203125 0.12603759765625
0.0700035095214844 -0.00885391235351563 -0.234024047851563 0.11993408203125
0.07537841796875 -0.00069427490234375 -0.182968139648438 0.1092529296875
0.0490188598632813 0.0427742004394531 -0.161209106445313 0.08514404296875
-0.0152320861816406 0.0635108947753906 -0.160690307617188 0.0992431640625
-0.09210205078125 0.01611328125 -0.23956298828125 0.0971527099609375
-0.08880615234375 -0.09393310546875 -0.347320556640625 0.031951904296875
-0.0143585205078125 -0.166519165039063 -0.465423583984375 0.028594970703125
0.0775604248046875 -0.19342041015625 -0.496368408203125 0.0124511718749999
0.184310913085938 -0.162322998046875 -0.394439697265625 -0.137451171875
-0.00115203857421875 -0.105300903320313 -0.0749969482421875 -0.000122070312500016
-0.0290451049804688 -0.0547637939453125 0.0931854248046875 -0.19012451171875
-0.0283946990966797 -0.0155506134033203 -0.08709716796875 -0.30108642578125
-0.0138530731201172 -0.0144033432006836 -0.264617919921875 -0.203598022460937
-0.0151987075805664 -0.00125026702880859 -0.35809326171875 -0.0228271484375
-0.0393600463867188 0.0294570922851562 -0.3173828125 0.128997802734375
-0.0448875427246094 0.0177574157714844 -0.219879150390625 0.125747680664063
-0.0481452941894531 0.0306053161621094 -0.172409057617188 0.11773681640625
-0.0649833679199219 0.0184364318847656 -0.146469116210938 0.103912353515625
-0.092193603515625 -0.0303573608398437 -0.137451171875 0.113700866699219
-0.0875701904296875 -0.114776611328125 -0.21917724609375 0.112319946289062
0.037628173828125 -0.195327758789063 -0.3179931640625 0.059814453125
0.148193359375 -0.2100830078125 -0.427032470703125 0.044464111328125
0.26934814453125 -0.16845703125 -0.44171142578125 0.00021362304687505
0.365814208984375 -0.11907958984375 -0.31488037109375 -0.19805908203125
0.169815063476563 -0.144973754882813 -0.0302276611328125 -0.04327392578125
0.087249755859375 -0.196441650390625 0.142379760742188 -0.207794189453125
-0.03802490234375 -0.163864135742188 -0.04583740234375 -0.330810546875
-0.0953598022460938 -0.116806030273437 -0.231918334960937 -0.243194580078125
-0.139183044433594 -0.0174331665039063 -0.340240478515625 -0.047027587890625
-0.155380249023438 0.0600128173828125 -0.28704833984375 0.112152099609375
-0.153533935546875 0.0404815673828125 -0.172286987304688 0.114105224609375
-0.162872314453125 0.0648956298828125 -0.126136779785156 0.112632751464844
-0.17254638671875 0.0125579833984375 -0.0950851440429688 0.118263244628906
-0.17901611328125 -0.0958251953125 -0.083526611328125 0.131690979003906
-0.115447998046875 -0.216522216796875 -0.174423217773437 0.1407470703125
0.11212158203125 -0.29364013671875 -0.272613525390625 0.0992736816406251
0.261947631835938 -0.261459350585938 -0.363128662109375 0.058319091796875
0.411956787109375 -0.14373779296875 -0.333740234375 -0.00109863281249994
0.491058349609375 -0.040740966796875 -0.171417236328125 -0.230819702148437
0.33233642578125 -0.1373291015625 0.0625076293945313 -0.0779571533203125
0.22955322265625 -0.29974365234375 0.209686279296875 -0.209793090820313
-0.01129150390625 -0.302703857421875 0.022796630859375 -0.33807373046875
-0.14697265625 -0.223587036132812 -0.162445068359375 -0.265777587890625
-0.240234375 -0.048858642578125 -0.280517578125 -0.0734558105468751
-0.248870849609375 0.075592041015625 -0.22125244140625 0.078216552734375
-0.238754272460938 0.0567169189453125 -0.0994873046875 0.0866317749023438
-0.251937866210938 0.0972442626953125 -0.0533447265625 0.0901031494140625
-0.257781982421875 0.0222930908203125 -0.0177383422851563 0.117225646972656
-0.256317138671875 -0.129806518554687 -0.0102691650390625 0.137748718261719
-0.155960083007813 -0.278289794921875 -0.1103515625 0.164031982421875
0.14337158203125 -0.365509033203125 -0.216293334960938 0.132583618164062
0.3253173828125 -0.294891357421875 -0.285369873046875 0.0514526367187499
0.495574951171875 -0.11187744140625 -0.191940307617188 -0.00163269042968752
0.53289794921875 0.04705810546875 0.0137481689453125 -0.226730346679688
0.438568115234375 -0.080780029296875 0.185211181640625 -0.09100341796875
0.35528564453125 -0.32733154296875 0.27703857421875 -0.186737060546875
0.044189453125 -0.38800048828125 0.10455322265625 -0.3096923828125
-0.1585693359375 -0.30255126953125 -0.067108154296875 -0.25567626953125
-0.298004150390625 -0.0819091796875001 -0.186752319335938 -0.0908355712890625
-0.303802490234375 0.075927734375 -0.127212524414063 0.0350112915039063
-0.287689208984375 0.063751220703125 -0.0122947692871094 0.0468673706054688
-0.3028564453125 0.11846923828125 0.0326995849609375 0.0514373779296875
-0.306732177734375 0.0345764160156249 0.0716781616210937 0.0985336303710937
-0.30316162109375 -0.141815185546875 0.0695571899414062 0.129005432128906
-0.18115234375 -0.303009033203125 -0.0406646728515625 0.174163818359375
0.1583251953125 -0.389862060546875 -0.160018920898438 0.148040771484375
0.352935791015625 -0.287322998046875 -0.202713012695313 0.0248565673828125
0.515594482421875 -0.06512451171875 -0.0360221862792968 -0.0034637451171875
0.476226806640625 0.12493896484375 0.203964233398438 -0.1883544921875
0.45245361328125 0.00347900390625 0.310546875 -0.08087158203125
0.415618896484375 -0.271148681640625 0.3240966796875 -0.143402099609375
0.098602294921875 -0.3887939453125 0.175460815429688 -0.24786376953125
-0.13134765625 -0.323486328125 0.027862548828125 -0.213882446289063
-0.300079345703125 -0.10235595703125 -0.0762557983398438 -0.0933074951171875
-0.30889892578125 0.065399169921875 -0.0207710266113281 -0.00980758666992187
-0.293365478515625 0.06103515625 0.0765609741210937 -0.0013427734375
-0.3116455078125 0.11962890625 0.121269226074219 0.00318145751953126
-0.312896728515625 0.03924560546875 0.161239624023437 0.069091796875
-0.308135986328125 -0.143585205078125 0.143829345703125 0.114532470703125
-0.1729736328125 -0.300384521484375 0.021484375 0.177001953125
0.174468994140625 -0.366729736328125 -0.113113403320312 0.151702880859375
0.35546875 -0.230987548828125 -0.122100830078125 -0.0104904174804688
0.474578857421875 0.00384521484375 0.117774963378906 0.00031280517578125
0.333160400390625 0.171478271484375 0.360809326171875 -0.131439208984375
0.365570068359375 0.079620361328125 0.40899658203125 -0.0562744140625
0.37542724609375 -0.16259765625 0.3404541015625 -0.095947265625
0.12286376953125 -0.306549072265625 0.220748901367188 -0.177169799804688
-0.083740234375 -0.27642822265625 0.101303100585938 -0.157821655273438
-0.24951171875 -0.0980682373046875 0.0277175903320312 -0.0872879028320313
-0.263885498046875 0.047943115234375 0.078399658203125 -0.05120849609375
-0.25433349609375 0.0496826171875 0.154922485351562 -0.0496063232421875
-0.27569580078125 0.100692749023438 0.202651977539063 -0.0453338623046875
-0.278427124023438 0.0309143066406251 0.242294311523437 0.0411529541015625
-0.26910400390625 -0.136260986328125 0.206924438476563 0.105987548828125
-0.134536743164063 -0.270553588867188 0.0707550048828125 0.183517456054687
0.186676025390625 -0.299835205078125 -0.077423095703125 0.152633666992187
0.32958984375 -0.13916015625 -0.0466194152832031 -0.0365486145019531
0.3798828125 0.078826904296875 0.251617431640625 0.0214996337890625
0.132781982421875 0.185516357421875 0.45391845703125 -0.07470703125
0.2086181640625 0.130035400390625 0.460968017578125 -0.035491943359375
0.25469970703125 -0.039886474609375 0.329498291015625 -0.067138671875
0.106414794921875 -0.174667358398438 0.2388916015625 -0.124923706054688
-0.0335540771484375 -0.176040649414063 0.1439208984375 -0.111724853515625
-0.158157348632813 -0.071380615234375 0.103462219238281 -0.0830917358398438
-0.176986694335938 0.0246734619140625 0.151992797851563 -0.08538818359375
-0.176422119140625 0.029998779296875 0.21014404296875 -0.0895233154296875
-0.199295043945312 0.063446044921875 0.267745971679688 -0.0826416015625
-0.204483032226562 0.0153350830078125 0.30615234375 0.02423095703125
-0.196029663085938 -0.115676879882813 0.252120971679688 0.11187744140625
-0.0800933837890625 -0.21160888671875 0.105575561523438 0.199172973632813
0.178237915039063 -0.199447631835938 -0.056365966796875 0.160049438476563
0.264205932617188 -0.0312347412109375 0.0161895751953125 -0.0398139953613281
0.23516845703125 0.144744873046875 0.348419189453125 0.064239501953125
-0.0247344970703125 -0.158233642578125 -0.392120361328125 -0.0448608398437501
-0.140159606933594 -0.0224990844726563 -0.0622024536132813 0.0406379699707031
-0.0931243896484375 0.0922622680664063 0.059967041015625 -0.170074462890625
0.0127944946289063 0.107612609863281 -0.110397338867188 -0.25634765625
0.0779190063476563 0.0594711303710938 -0.26324462890625 -0.146881103515625
0.101905822753906 -0.0112838745117187 -0.331298828125 0.00524902343749998
0.0748367309570313 -0.0212860107421875 -0.29705810546875 0.138580322265625
0.0650253295898438 -0.0126609802246094 -0.2218017578125 0.12835693359375
0.0693778991699219 -0.00579071044921875 -0.172088623046875 0.114944458007813
0.0485191345214844 0.0351181030273438 -0.15313720703125 0.09210205078125
-0.00968551635742187 0.059814453125 -0.15277099609375 0.10565185546875
-0.0873031616210937 0.020538330078125 -0.228790283203125 0.10748291015625
-0.08966064453125 -0.084869384765625 -0.334381103515625 0.0481872558593749
-0.0215911865234375 -0.158981323242188 -0.447967529296875 0.049468994140625
0.063018798828125 -0.190643310546875 -0.48101806640625 0.0371398925781251
0.1680908203125 -0.166305541992188 -0.387847900390625 -0.109649658203125
-0.00440216064453125 -0.0999374389648437 -0.0689544677734375 0.00756072998046875
-0.0292129516601563 -0.0508651733398437 0.0833740234375 -0.190139770507812
-0.0280017852783203 -0.0128421783447266 -0.0982666015625 -0.288299560546875
-0.014958381652832 -0.0134496688842773 -0.26519775390625 -0.1849365234375
-0.015324592590332 -0.00184059143066406 -0.347747802734375 -0.00497436523437497
-0.0363578796386719 0.0291404724121094 -0.2998046875 0.141448974609375
-0.0441017150878906 0.0193405151367187 -0.206680297851563 0.131942749023438
-0.0467720031738281 0.0311088562011719 -0.160995483398437 0.12255859375
-0.0617599487304688 0.0185279846191406 -0.136405944824219 0.108261108398438
-0.0892868041992188 -0.026123046875 -0.128204345703125 0.118637084960938
-0.090423583984375 -0.106773376464844 -0.209121704101563 0.122390747070312
0.0268402099609375 -0.189651489257813 -0.3060302734375 0.07421875
0.133071899414063 -0.2091064453125 -0.41253662109375 0.06536865234375
0.251495361328125 -0.17645263671875 -0.4306640625 0.0217895507812499
0.346771240234375 -0.13409423828125 -0.315460205078125 -0.17120361328125
0.15887451171875 -0.146759033203125 -0.0283946990966797 -0.0344600677490234
0.0755157470703125 -0.195556640625 0.130645751953125 -0.209625244140625
-0.0447998046875 -0.15582275390625 -0.059234619140625 -0.319091796875
-0.100166320800781 -0.108566284179688 -0.236160278320313 -0.224761962890625
-0.134849548339844 -0.0092315673828125 -0.3297119140625 -0.028961181640625
-0.145462036132812 0.0670623779296875 -0.269485473632813 0.122360229492187
-0.147720336914063 0.0475311279296875 -0.160324096679687 0.116897583007813
-0.154708862304688 0.0711822509765625 -0.115104675292969 0.114791870117187
-0.16510009765625 0.0197601318359375 -0.0847930908203125 0.119476318359375
-0.176971435546875 -0.0836944580078125 -0.0748138427734375 0.133232116699219
-0.122283935546875 -0.203399658203125 -0.16436767578125 0.148712158203125
0.09368896484375 -0.289276123046875 -0.261184692382813 0.11151123046875
0.239227294921875 -0.263717651367188 -0.351043701171875 0.0751953125
0.391876220703125 -0.159637451171875 -0.326141357421875 0.0159912109374999
0.473388671875 -0.0660400390625 -0.178070068359375 -0.209136962890625
0.316986083984375 -0.14691162109375 0.0577850341796875 -0.0715560913085938
0.20751953125 -0.30401611328125 0.196487426757812 -0.2158203125
-0.02655029296875 -0.292236328125 0.00790405273437503 -0.329803466796875
-0.155792236328125 -0.209426879882812 -0.169281005859375 -0.249679565429688
-0.232925415039062 -0.033111572265625 -0.273345947265625 -0.0561981201171875
-0.23394775390625 0.08758544921875 -0.206893920898437 0.0863189697265625
-0.228652954101563 0.0682830810546875 -0.0907516479492188 0.0858840942382813
-0.237060546875 0.108810424804687 -0.0449142456054688 0.0897445678710938
-0.245132446289062 0.03399658203125 -0.00928497314453126 0.114303588867187
-0.253173828125 -0.11090087890625 -0.00243377685546877 0.135116577148438
-0.165496826171875 -0.261154174804688 -0.0999908447265625 0.167587280273437
0.119720458984375 -0.361541748046875 -0.205490112304687 0.141525268554687
0.2989501953125 -0.29974365234375 -0.276123046875 0.06610107421875
0.475189208984375 -0.134796142578125 -0.189041137695312 0.00856018066406249
0.5194091796875 0.017608642578125 0.00119018554687501 -0.214981079101563
0.421600341796875 -0.098297119140625 0.174728393554688 -0.0904541015625
0.32733154296875 -0.338348388671875 0.263229370117188 -0.196060180664063
0.021881103515625 -0.376861572265625 0.08758544921875 -0.30633544921875
-0.17181396484375 -0.28564453125 -0.0778961181640625 -0.244964599609375
-0.289459228515625 -0.0624694824218749 -0.183013916015625 -0.077056884765625
-0.286468505859375 0.0925292968749999 -0.119155883789063 0.0401077270507813
-0.275177001953125 0.0782928466796876 -0.00743103027343752 0.0427169799804688
-0.2847900390625 0.13214111328125 0.0369644165039062 0.0477676391601563
-0.2908935546875 0.050994873046875 0.0775375366210937 0.0912933349609375
-0.300628662109375 -0.1185302734375 0.0745391845703125 0.121826171875
-0.191314697265625 -0.28265380859375 -0.0316925048828125 0.174087524414062
0.1318359375 -0.38714599609375 -0.1505126953125 0.154891967773437
0.326904296875 -0.292999267578125 -0.197463989257812 0.0360107421875
0.49603271484375 -0.089874267578125 -0.0382499694824218 -0.00133132934570313
0.469482421875 0.095306396484375 0.18743896484375 -0.186935424804688
0.438812255859375 -0.019683837890625 0.2947998046875 -0.088470458984375
0.387054443359375 -0.28863525390625 0.310211181640625 -0.155853271484375
0.075408935546875 -0.380767822265625 0.15899658203125 -0.249618530273438
-0.146087646484375 -0.30767822265625 0.016510009765625 -0.2091064453125
-0.293212890625 -0.081207275390625 -0.0757293701171875 -0.0844802856445313
-0.291259765625 0.0830078125 -0.0184288024902344 -0.00868034362792968
-0.280731201171875 0.07684326171875 0.0759201049804687 -0.00878906249999999
-0.29180908203125 0.135284423828125 0.120521545410156 -0.00363159179687499
-0.29669189453125 0.05615234375 0.162994384765625 0.0584716796875
-0.30438232421875 -0.119140625 0.14544677734375 0.1038818359375
-0.183792114257813 -0.280624389648438 0.0292205810546875 0.172637939453125
0.14788818359375 -0.365081787109375 -0.10418701171875 0.155715942382812
0.3311767578125 -0.240478515625 -0.122268676757813 -0.00215148925781251
0.460479736328125 -0.023223876953125 0.110504150390625 -0.00525665283203125
0.33251953125 0.148284912109375 0.342193603515625 -0.140655517578125
0.358154296875 0.058807373046875 0.39093017578125 -0.0703125
0.35528564453125 -0.180206298828125 0.32708740234375 -0.111083984375
0.10211181640625 -0.30255126953125 0.20611572265625 -0.183868408203125
-0.098114013671875 -0.262893676757813 0.0904693603515625 -0.158004760742188
-0.243850708007813 -0.079742431640625 0.02386474609375 -0.0841293334960938
-0.249130249023437 0.0635223388671875 0.0749130249023437 -0.0543136596679687
-0.24273681640625 0.0640869140625 0.148773193359375 -0.059112548828125
-0.25799560546875 0.114044189453125 0.195938110351562 -0.054443359375
-0.263458251953125 0.0466766357421874 0.239028930664062 0.0269927978515625
-0.267242431640625 -0.114166259765625 0.205169677734375 0.0925140380859375
-0.14422607421875 -0.252334594726563 0.0775909423828125 0.175491333007813
0.16357421875 -0.300628662109375 -0.0701904296875 0.155014038085937
0.309906005859375 -0.150970458984375 -0.0510902404785156 -0.0314826965332031
0.372802734375 0.05499267578125 0.241363525390625 0.007659912109375
0.138458251953125 0.171295166015625 0.436431884765625 -0.093292236328125
0.208709716796875 0.113861083984375 0.443939208984375 -0.0537109375
0.243804931640625 -0.0556640625 0.316619873046875 -0.080230712890625
0.091888427734375 -0.174026489257812 0.225845336914062 -0.133956909179688
-0.043212890625 -0.1683349609375 0.134040832519531 -0.116630554199219
-0.154708862304688 -0.058502197265625 0.0967941284179687 -0.0847625732421875
-0.167770385742187 0.036041259765625 0.143569946289062 -0.09173583984375
-0.168655395507812 0.0408782958984375 0.20001220703125 -0.100418090820313
-0.187301635742187 0.0742034912109375 0.257492065429688 -0.0948333740234375
-0.1937255859375 0.027496337890625 0.2987060546875 0.00714111328125
-0.195999145507812 -0.09857177734375 0.248870849609375 0.0955963134765625
-0.08941650390625 -0.198883056640625 0.111495971679687 0.188491821289063
0.160858154296875 -0.203201293945313 -0.0494842529296875 0.159881591796875
0.252578735351563 -0.043701171875 0.00868606567382815 -0.0391769409179688
0.23486328125 0.126510620117188 0.33734130859375 0.043426513671875
-0.032257080078125 -0.154006958007813 -0.38739013671875 -0.028076171875
-0.13751220703125 -0.0163345336914063 -0.0559921264648438 0.0438232421875
-0.0860519409179688 0.0950469970703125 0.0542449951171875 -0.171585083007813
0.017578125 0.10614013671875 -0.118240356445313 -0.251556396484375
0.0793533325195312 0.055389404296875 -0.263595581054687 -0.13763427734375
0.0987319946289063 -0.01690673828125 -0.328521728515625 0.0158691406250001
0.0716476440429688 -0.02618408203125 -0.287933349609375 0.1490478515625
0.0621681213378906 -0.0158309936523438 -0.216201782226563 0.1361083984375
0.0648918151855469 -0.00908660888671875 -0.16754150390625 0.120864868164062
0.0471076965332031 0.029296875 -0.149505615234375 0.097198486328125
-0.0062408447265625 0.05731201171875 -0.14959716796875 0.111557006835938
-0.0848007202148438 0.0235366821289063 -0.223770141601563 0.116241455078125
-0.0902481079101563 -0.0796432495117188 -0.328125 0.057708740234375
-0.0261383056640625 -0.1553955078125 -0.4403076171875 0.063385009765625
0.0535430908203125 -0.189651489257813 -0.476318359375 0.0535888671875
0.158798217773437 -0.16973876953125 -0.387420654296875 -0.0900268554687501
-0.00635528564453124 -0.0977020263671875 -0.0641059875488281 0.0130767822265625
-0.0289192199707031 -0.0500831604003906 0.07763671875 -0.192459106445313
-0.0266838073730469 -0.0113239288330078 -0.1064453125 -0.2838134765625
-0.0161581039428711 -0.0128231048583984 -0.267684936523437 -0.1754150390625
-0.0152988433837891 -0.00209236145019532 -0.3428955078125 0.00634765624999999
-0.0343647003173828 0.0287456512451172 -0.289398193359375 0.1510009765625
-0.0445404052734375 0.0206451416015625 -0.20135498046875 0.137664794921875
-0.0473060607910156 0.031829833984375 -0.155441284179688 0.127197265625
-0.0604667663574219 0.0173721313476563 -0.131271362304688 0.113128662109375
-0.0882110595703125 -0.0244140625 -0.124053955078125 0.122383117675781
-0.0926513671875 -0.103096008300781 -0.204208374023438 0.130661010742187
0.02069091796875 -0.187728881835937 -0.30035400390625 0.0853271484375
0.12396240234375 -0.209869384765625 -0.40570068359375 0.0777587890625
0.240554809570312 -0.182342529296875 -0.427642822265625 0.0370483398437501
0.337249755859375 -0.145904541015625 -0.317962646484375 -0.152374267578125
0.153640747070313 -0.1494140625 -0.0261154174804687 -0.0283451080322266
0.0687255859375 -0.197509765625 0.124801635742188 -0.214569091796875
-0.049346923828125 -0.152099609375 -0.0689697265625 -0.315673828125
-0.104911804199219 -0.103919982910156 -0.24017333984375 -0.214706420898437
-0.132415771484375 -0.00424957275390625 -0.32525634765625 -0.01641845703125
-0.139701843261719 0.0717391967773438 -0.259994506835938 0.131027221679687
-0.14532470703125 0.05303955078125 -0.154815673828125 0.119949340820313
-0.150650024414063 0.0766754150390625 -0.109275817871094 0.117637634277344
-0.161041259765625 0.0241851806640625 -0.0779876708984375 0.121597290039063
-0.176483154296875 -0.076416015625 -0.0695037841796875 0.135322570800781
-0.128082275390625 -0.197586059570313 -0.158462524414063 0.156280517578125
0.08203125 -0.289520263671875 -0.256362915039063 0.12237548828125
0.226593017578125 -0.2664794921875 -0.3460693359375 0.086669921875
0.38214111328125 -0.171112060546875 -0.32513427734375 0.0281066894531251
0.466156005859375 -0.083343505859375 -0.184356689453125 -0.195144653320312
0.3104248046875 -0.154937744140625 0.05670166015625 -0.0674324035644531
0.195465087890625 -0.310455322265625 0.189712524414063 -0.223464965820313
-0.036529541015625 -0.286865234375 -0.00308227539062503 -0.32794189453125
-0.164794921875 -0.201553344726563 -0.176589965820312 -0.242050170898438
-0.230056762695312 -0.0233154296875 -0.271026611328125 -0.045013427734375
-0.225143432617188 0.09619140625 -0.19927978515625 0.0924224853515625
-0.224136352539063 0.0773620605468751 -0.0863418579101563 0.0858993530273437
-0.229217529296875 0.116973876953125 -0.0391464233398438 0.0897216796875
-0.238784790039063 0.043121337890625 -0.00225067138671878 0.113014221191406
-0.253921508789063 -0.099365234375 0.00263977050781247 0.134635925292969
-0.173355102539063 -0.25244140625 -0.094818115234375 0.173233032226562
0.104278564453125 -0.361968994140625 -0.200149536132813 0.150527954101563
0.28448486328125 -0.305389404296875 -0.273162841796875 0.0765380859375
0.466278076171875 -0.14898681640625 -0.18975830078125 0.016448974609375
0.5142822265625 -0.003082275390625 -0.00724792480468746 -0.206878662109375
0.415557861328125 -0.1102294921875 0.16986083984375 -0.08966064453125
0.31219482421875 -0.349945068359375 0.2557373046875 -0.205795288085938
0.00750732421874999 -0.373260498046875 0.07684326171875 -0.307037353515625
-0.18243408203125 -0.276199340820313 -0.085693359375 -0.240676879882813
-0.285736083984375 -0.049774169921875 -0.1807861328125 -0.068511962890625
-0.275054931640625 0.104202270507813 -0.113349914550781 0.0434112548828125
-0.2691650390625 0.08990478515625 -0.00508117675781251 0.0390243530273438
-0.273727416992188 0.143081665039063 0.0410842895507812 0.0453109741210938
-0.28131103515625 0.061279296875 0.0823898315429687 0.0865249633789063
-0.300811767578125 -0.103759765625 0.078643798828125 0.118644714355469
-0.20050048828125 -0.27264404296875 -0.0262908935546875 0.176483154296875
0.1148681640625 -0.387725830078125 -0.14495849609375 0.161956787109375
0.310028076171875 -0.30120849609375 -0.196990966796875 0.0449981689453125
0.48956298828125 -0.108001708984375 -0.0404396057128906 0.00112533569335937
0.469085693359375 0.0765380859375 0.177932739257813 -0.186233520507813
0.4351806640625 -0.03369140625 0.28851318359375 -0.092041015625
0.372894287109375 -0.302947998046875 0.30401611328125 -0.1678466796875
0.0594482421875 -0.378753662109375 0.148483276367187 -0.253494262695313
-0.158935546875 -0.297882080078125 0.00885009765624997 -0.208160400390625
-0.2896728515625 -0.067535400390625 -0.0758895874023438 -0.0799026489257813
-0.280242919921875 0.09552001953125 -0.0165176391601563 -0.00898170471191405
-0.2730712890625 0.0888977050781251 0.0759201049804687 -0.0145492553710937
-0.279830932617188 0.14666748046875 0.121963500976562 -0.00817871093749999
-0.286376953125 0.06829833984375 0.165206909179688 0.05072021484375
-0.30450439453125 -0.102081298828125 0.148086547851562 0.097930908203125
-0.192535400390625 -0.268539428710938 0.0338897705078125 0.172454833984375
0.131011962890625 -0.36651611328125 -0.099090576171875 0.161102294921875
0.316986083984375 -0.248565673828125 -0.12347412109375 0.00420379638671872
0.45587158203125 -0.0413818359375 0.106330871582031 -0.0086822509765625
0.335540771484375 0.132171630859375 0.333465576171875 -0.147308349609375
0.357818603515625 0.04522705078125 0.382843017578125 -0.07879638671875
0.3433837890625 -0.19525146484375 0.321044921875 -0.122222900390625
0.08734130859375 -0.302001953125 0.1971435546875 -0.189361572265625
-0.109283447265625 -0.255783081054688 0.08428955078125 -0.1605224609375
-0.241470336914063 -0.067840576171875 0.0224838256835937 -0.082855224609375
-0.23907470703125 0.075714111328125 0.07379150390625 -0.0574493408203125
-0.236419677734375 0.07574462890625 0.145889282226562 -0.0677032470703125
-0.24786376953125 0.124420166015625 0.195083618164062 -0.062042236328125
-0.254013061523438 0.05792236328125 0.23968505859375 0.0170440673828125
-0.268600463867188 -0.0989837646484375 0.20611572265625 0.083526611328125
-0.153350830078125 -0.242828369140625 0.082794189453125 0.173126220703125
0.149139404296875 -0.303375244140625 -0.06536865234375 0.159744262695312
0.300537109375 -0.160369873046875 -0.0553932189941406 -0.0279121398925781
0.371246337890625 0.039794921875 0.236297607421875 -0.0016937255859375
0.144683837890625 0.163421630859375 0.428375244140625 -0.10467529296875
0.210830688476563 0.103927612304688 0.434234619140625 -0.06695556640625
0.238006591796875 -0.0673675537109375 0.311065673828125 -0.090850830078125
0.082275390625 -0.174224853515625 0.219192504882813 -0.141265869140625
-0.0518798828125 -0.16375732421875 0.129264831542969 -0.121162414550781
-0.153533935546875 -0.050689697265625 0.0935440063476562 -0.086517333984375
-0.160720825195313 0.0446929931640625 0.139572143554688 -0.0969619750976563
-0.163299560546875 0.0486907958984375 0.19439697265625 -0.109481811523437
-0.179534912109375 0.0821533203125 0.253662109375 -0.1043701171875
-0.18768310546875 0.03643798828125 0.2974853515625 -0.00439453125
-0.197555541992188 -0.086456298828125 0.2493896484375 0.0861358642578125
-0.096099853515625 -0.191390991210938 0.117172241210937 0.183609008789063
0.149978637695313 -0.207763671875 -0.0455780029296875 0.1634521484375
0.247512817382813 -0.052154541015625 0.00342941284179689 -0.038421630859375
0.236587524414063 0.11474609375 0.332183837890625 0.02996826171875
-0.0408477783203125 -0.152725219726563 -0.39202880859375 -0.00656127929687502
-0.138809204101563 -0.0103607177734375 -0.0497550964355469 0.0480728149414062
-0.0793380737304687 0.0992965698242188 0.0486602783203125 -0.176986694335938
0.0241317749023437 0.106201171875 -0.130386352539063 -0.251495361328125
0.0832901000976562 0.0525894165039063 -0.272613525390625 -0.129409790039063
0.0977630615234375 -0.02294921875 -0.3323974609375 0.03009033203125
0.0685539245605469 -0.0319633483886719 -0.28472900390625 0.164459228515625
0.0601158142089844 -0.01959228515625 -0.21343994140625 0.149215698242188
0.0622673034667969 -0.0129661560058594 -0.166015625 0.131088256835937
0.0474319458007813 0.0247459411621094 -0.148422241210937 0.106033325195313
-0.00257110595703124 0.0555076599121094 -0.147140502929688 0.121383666992188
-0.08367919921875 0.02789306640625 -0.22271728515625 0.1292724609375
-0.093719482421875 -0.07525634765625 -0.32928466796875 0.0716247558593751
-0.0323638916015625 -0.154830932617188 -0.44244384765625 0.0806274414062499
0.0438385009765625 -0.192672729492188 -0.480987548828125 0.074554443359375
0.152099609375 -0.178009033203125 -0.394683837890625 -0.068206787109375
-0.00876617431640626 -0.0973434448242188 -0.0592689514160156 0.0196800231933594
-0.02923583984375 -0.0499191284179688 0.0714263916015625 -0.20037841796875
-0.0261058807373047 -0.0105304718017578 -0.119964599609375 -0.28436279296875
-0.0174331665039063 -0.0119714736938477 -0.278030395507812 -0.166595458984375
-0.0156698226928711 -0.00226879119873047 -0.346832275390625 0.0210266113281249
-0.0337333679199219 0.0287799835205078 -0.285858154296875 0.166473388671875
-0.045928955078125 0.0223617553710937 -0.1981201171875 0.149017333984375
-0.0481834411621094 0.0350112915039062 -0.152359008789063 0.137481689453125
-0.0615730285644531 0.0179367065429687 -0.128555297851563 0.120574951171875
-0.0890655517578125 -0.0226593017578125 -0.120956420898438 0.13165283203125
-0.0975875854492187 -0.100578308105469 -0.202423095703125 0.1441650390625
0.0137481689453125 -0.190170288085937 -0.30145263671875 0.09832763671875
0.116790771484375 -0.215835571289063 -0.40899658203125 0.096405029296875
0.235275268554688 -0.193801879882813 -0.43310546875 0.0566711425781249
0.33343505859375 -0.163055419921875 -0.32763671875 -0.134124755859375
0.152175903320313 -0.1572265625 -0.0238170623779297 -0.0229396820068359
0.0615234375 -0.204360961914063 0.118896484375 -0.225448608398438
-0.0553131103515625 -0.15142822265625 -0.08270263671875 -0.317047119140625
-0.111854553222656 -0.0998077392578125 -0.252426147460938 -0.207656860351563
-0.132850646972656 0.00116729736328122 -0.328094482421875 -0.00283813476562504
-0.135894775390625 0.0784835815429687 -0.256011962890625 0.144393920898437
-0.145706176757813 0.060882568359375 -0.152053833007812 0.127471923828125
-0.148818969726563 0.084991455078125 -0.105384826660156 0.124282836914063
-0.161163330078125 0.0297698974609375 -0.0727996826171875 0.126617431640625
-0.181198120117188 -0.0704193115234375 -0.06475830078125 0.141616821289063
-0.13836669921875 -0.195281982421875 -0.155380249023438 0.168624877929687
0.0712890625 -0.297027587890625 -0.254745483398438 0.135757446289062
0.218399047851563 -0.277969360351563 -0.347930908203125 0.10467529296875
0.38037109375 -0.1900634765625 -0.330902099609375 0.0439758300781249
0.467559814453125 -0.105255126953125 -0.194580078125 -0.182601928710938
0.310028076171875 -0.169830322265625 0.0575370788574219 -0.0642547607421875
0.18389892578125 -0.325836181640625 0.184371948242188 -0.237457275390625
-0.0491943359375 -0.288726806640625 -0.0169677734375 -0.332977294921875
-0.178085327148437 -0.196624755859375 -0.189132690429688 -0.237503051757812
-0.231338500976563 -0.01336669921875 -0.272567749023438 -0.03375244140625
-0.219390869140625 0.108245849609375 -0.195266723632813 0.102157592773437
-0.22418212890625 0.0894317626953125 -0.0829391479492188 0.0882949829101563
-0.225173950195313 0.130462646484375 -0.0345458984375 0.0923080444335938
-0.2374267578125 0.053497314453125 0.00490570068359374 0.114013671875
-0.259490966796875 -0.0881500244140625 0.00886535644531248 0.137435913085938
-0.186691284179688 -0.248626708984375 -0.08953857421875 0.183517456054687
0.08990478515625 -0.371978759765625 -0.197097778320313 0.163177490234375
0.27471923828125 -0.318817138671875 -0.274444580078125 0.0904998779296875
0.467193603515625 -0.172943115234375 -0.193679809570312 0.0260009765625
0.521026611328125 -0.02752685546875 -0.016998291015625 -0.203109741210938
0.417999267578125 -0.128936767578125 0.169921875 -0.09161376953125
0.300628662109375 -0.3704833984375 0.252044677734375 -0.223388671875
-0.00927734374999999 -0.3782958984375 0.06500244140625 -0.31451416015625
-0.20086669921875 -0.270950317382813 -0.096588134765625 -0.239608764648438
-0.289276123046875 -0.0364990234375 -0.182846069335938 -0.060333251953125
-0.269287109375 0.118560791015625 -0.110588073730469 0.0481338500976562
-0.267730712890625 0.105133056640625 -0.00309753417968751 0.035858154296875
-0.267929077148438 0.158935546875 0.0458297729492187 0.042877197265625
-0.277999877929687 0.07550048828125 0.0901870727539062 0.0830535888671875
-0.307373046875 -0.0883789062500001 0.08526611328125 0.1165771484375
-0.215560913085938 -0.266204833984375 -0.0193328857421875 0.183242797851562
0.098724365234375 -0.399139404296875 -0.139816284179688 0.173721313476562
0.301849365234375 -0.316314697265625 -0.199249267578125 0.055877685546875
0.4918212890625 -0.13134765625 -0.0429153442382812 0.00424575805664062
0.477752685546875 0.0540771484375 0.171157836914063 -0.191665649414063
0.440643310546875 -0.053131103515625 0.2877197265625 -0.09930419921875
0.36138916015625 -0.327362060546875 0.3009033203125 -0.18621826171875
0.041412353515625 -0.384765625 0.139495849609375 -0.263748168945313
-0.177703857421875 -0.294097900390625 0.000122070312499991 -0.2113037109375
-0.29376220703125 -0.05450439453125 -0.0776214599609375 -0.075897216796875
-0.273696899414063 0.110855102539063 -0.0155410766601563 -0.00919914245605468
-0.270721435546875 0.104751586914062 0.0765304565429687 -0.0218582153320312
-0.272994995117188 0.162704467773438 0.125831604003906 -0.0159072875976562
-0.282989501953125 0.0830993652343749 0.17236328125 0.0428924560546875
-0.312652587890625 -0.08612060546875 0.154266357421875 0.0925445556640625
-0.207565307617187 -0.262039184570312 0.041900634765625 0.175567626953125
0.1148681640625 -0.377777099609375 -0.0929718017578125 0.171112060546875
0.309722900390625 -0.26397705078125 -0.1273193359375 0.012420654296875
0.46063232421875 -0.064056396484375 0.1053466796875 -0.0122451782226563
0.3465576171875 0.1165771484375 0.330810546875 -0.15972900390625
0.36517333984375 0.02850341796875 0.383148193359375 -0.091949462890625
0.33709716796875 -0.217681884765625 0.31915283203125 -0.138763427734375
0.072906494140625 -0.30859375 0.191986083984375 -0.199691772460938
-0.125 -0.25299072265625 0.07916259765625 -0.166412353515625
-0.244827270507812 -0.0565185546875 0.0214462280273437 -0.083587646484375
-0.233474731445313 0.08917236328125 0.0731582641601562 -0.0633087158203125
-0.234054565429688 0.0895690917968751 0.145050048828125 -0.0789947509765625
-0.241836547851562 0.139495849609375 0.197586059570312 -0.0739593505859375
-0.2503662109375 0.071197509765625 0.245391845703125 0.00555419921875
-0.275009155273438 -0.0841369628906249 0.211715698242187 0.07611083984375
-0.167343139648437 -0.2374267578125 0.0907135009765625 0.1734619140625
0.1357421875 -0.315521240234375 -0.0594482421875 0.16766357421875
0.296295166015625 -0.17462158203125 -0.06048583984375 -0.0237579345703125
0.37896728515625 0.022064208984375 0.237625122070313 -0.0113677978515625
0.154388427734375 0.157012939453125 0.429107666015625 -0.1224365234375
0.218414306640625 0.0933074951171875 0.435882568359375 -0.082550048828125
0.23565673828125 -0.082427978515625 0.3104248046875 -0.10528564453125
0.0733795166015625 -0.178878784179688 0.21533203125 -0.152175903320313
-0.0615234375 -0.1619873046875 0.125885009765625 -0.129035949707031
-0.156051635742188 -0.0428009033203125 0.0920791625976562 -0.0911941528320313
-0.155929565429688 0.0544586181640625 0.13714599609375 -0.105484008789063
-0.1610107421875 0.059539794921875 0.192672729492188 -0.12286376953125
-0.175308227539063 0.0933685302734375 0.25335693359375 -0.119461059570313
-0.184921264648438 0.0458831787109375 0.302459716796875 -0.019622802734375
-0.20361328125 -0.0750885009765625 0.255340576171875 0.07659912109375
-0.1068115234375 -0.188796997070313 0.126510620117188 0.181838989257813
0.1417236328125 -0.217681884765625 -0.0390472412109375 0.170013427734375
0.247589111328125 -0.064178466796875 -0.00245666503906248 -0.0375938415527344
0.244827270507813 0.104202270507813 0.335601806640625 0.0146484375
-0.05322265625 -0.150390625 -0.396209716796875 0.024322509765625
-0.14007568359375 -0.000320434570312481 -0.0429954528808594 0.0527572631835937
-0.0715103149414062 0.104972839355469 0.037872314453125 -0.184951782226562
0.034271240234375 0.105438232421875 -0.15069580078125 -0.247100830078125
0.0895233154296875 0.0465164184570313 -0.286041259765625 -0.114959716796875
0.0962066650390625 -0.0319747924804687 -0.337005615234375 0.0531005859375001
0.0644912719726563 -0.0395736694335938 -0.277114868164063 0.18914794921875
0.0576171875 -0.0252151489257813 -0.208282470703125 0.16986083984375
0.0603485107421875 -0.0172271728515625 -0.161422729492188 0.147994995117188
0.04754638671875 0.0191993713378906 -0.144515991210938 0.11956787109375
0.0013580322265625 0.0535697937011719 -0.142959594726563 0.135604858398437
-0.0819778442382813 0.03436279296875 -0.218185424804688 0.14874267578125
-0.0992279052734375 -0.0685272216796875 -0.3309326171875 0.09326171875
-0.042938232421875 -0.154190063476563 -0.445220947265625 0.113311767578125
0.0308990478515625 -0.197189331054688 -0.485137939453125 0.10992431640625
0.14141845703125 -0.191329956054688 -0.403228759765625 -0.037017822265625
-0.0134429931640625 -0.0980453491210938 -0.0535926818847656 0.0263710021972656
-0.0314140319824219 -0.0511322021484375 0.0605621337890625 -0.211166381835938
-0.0253734588623047 -0.00899505615234376 -0.14093017578125 -0.281585693359375
-0.018585205078125 -0.0106143951416016 -0.293914794921875 -0.15106201171875
-0.0165014266967773 -0.0024261474609375 -0.35028076171875 0.0436706542968749
-0.0331439971923828 0.0298194885253906 -0.27777099609375 0.18963623046875
-0.045989990234375 0.0261077880859375 -0.192428588867187 0.167404174804688
-0.0473594665527344 0.039093017578125 -0.146133422851563 0.152099609375
-0.0624618530273438 0.020263671875 -0.121940612792969 0.132225036621094
-0.0914840698242188 -0.0189666748046875 -0.114227294921875 0.1444091796875
-0.105682373046875 -0.0959930419921875 -0.197402954101563 0.164230346679688
0.00212097167968748 -0.193862915039063 -0.3001708984375 0.12091064453125
0.104644775390625 -0.225494384765625 -0.409454345703125 0.12603759765625
0.225860595703125 -0.213409423828125 -0.439361572265625 0.0892333984375001
0.327850341796875 -0.18951416015625 -0.340301513671875 -0.108001708984375
0.146133422851562 -0.16925048828125 -0.021026611328125 -0.0175952911376953
0.0490570068359375 -0.214675903320313 0.105545043945312 -0.241363525390625
-0.065338134765625 -0.150680541992188 -0.105865478515625 -0.317901611328125
-0.122261047363281 -0.0924224853515625 -0.27044677734375 -0.194412231445313
-0.133949279785156 0.00981903076171875 -0.332916259765625 0.0186462402343749
-0.131324768066406 0.0880966186523438 -0.24835205078125 0.16436767578125
-0.144744873046875 0.0732879638671875 -0.14630126953125 0.139984130859375
-0.14532470703125 0.0984649658203125 -0.0977706909179688 0.135009765625
-0.161224365234375 0.039886474609375 -0.0642852783203125 0.134109497070313
-0.187774658203125 -0.0594940185546875 -0.055755615234375 0.150436401367188
-0.154159545898438 -0.19000244140625 -0.1478271484375 0.186569213867187
0.052825927734375 -0.307891845703125 -0.250473022460938 0.157699584960938
0.20343017578125 -0.29595947265625 -0.3477783203125 0.13104248046875
0.37493896484375 -0.2200927734375 -0.335662841796875 0.06976318359375
0.468505859375 -0.141754150390625 -0.20880126953125 -0.166061401367187
0.306488037109375 -0.192962646484375 0.0580368041992188 -0.0645790100097657
0.163726806640625 -0.347564697265625 0.170547485351563 -0.258941650390625
-0.0699462890625 -0.29083251953125 -0.039947509765625 -0.338165283203125
-0.19720458984375 -0.186004638671875 -0.208236694335938 -0.228652954101562
-0.234130859375 0.00332641601562499 -0.277389526367188 -0.01593017578125
-0.213226318359375 0.124984741210938 -0.189376831054688 0.116622924804688
-0.221649169921875 0.108474731445313 -0.0788726806640625 0.0939407348632813
-0.218063354492188 0.150421142578125 -0.0269546508789063 0.0961151123046875
-0.235733032226563 0.070648193359375 0.0147857666015625 0.115013122558594
-0.269149780273438 -0.0700531005859374 0.0187149047851562 0.140243530273438
-0.209182739257813 -0.239547729492188 -0.0788421630859375 0.197265625
0.0654296875 -0.386016845703125 -0.189254760742187 0.18255615234375
0.257110595703125 -0.341705322265625 -0.274703979492188 0.113540649414062
0.4652099609375 -0.210052490234375 -0.197433471679687 0.04266357421875
0.52716064453125 -0.06640625 -0.0302886962890625 -0.199554443359375
0.41900634765625 -0.159576416015625 0.169601440429688 -0.0994720458984375
0.2779541015625 -0.403228759765625 0.240020751953125 -0.2484130859375
-0.0357666015625 -0.38397216796875 0.04461669921875 -0.324981689453125
-0.225845336914063 -0.260116577148437 -0.114425659179687 -0.237289428710938
-0.2943115234375 -0.016510009765625 -0.187759399414063 -0.0485076904296875
-0.260879516601562 0.139633178710938 -0.10662841796875 0.0557022094726562
-0.2640380859375 0.127670288085938 -0.000831604003906263 0.0341720581054688
-0.258453369140625 0.18280029296875 0.0523490905761719 0.0391845703125
-0.274612426757813 0.0966339111328125 0.0996627807617188 0.0770950317382813
-0.317352294921875 -0.064605712890625 0.095458984375 0.114402770996094
-0.239227294921875 -0.255111694335938 -0.00714111328125003 0.191619873046875
0.0716552734375 -0.414398193359375 -0.130035400390625 0.189666748046875
0.283721923828125 -0.34228515625 -0.2010498046875 0.0729522705078124
0.49310302734375 -0.1702880859375 -0.0446891784667968 0.00940704345703125
0.49017333984375 0.01934814453125 0.161148071289063 -0.20172119140625
0.446990966796875 -0.084014892578125 0.286376953125 -0.115509033203125
0.343536376953125 -0.362152099609375 0.2913818359375 -0.2125244140625
0.014678955078125 -0.393951416015625 0.124435424804687 -0.277191162109375
-0.204071044921875 -0.28466796875 -0.01416015625 -0.21502685546875
-0.299530029296875 -0.033538818359375 -0.080963134765625 -0.0714492797851563
-0.265716552734375 0.133087158203125 -0.0146160125732422 -0.00910282135009765
-0.267059326171875 0.127593994140625 0.0755615234375 -0.0313796997070312
-0.26300048828125 0.187484741210938 0.1295166015625 -0.0278701782226562
-0.277496337890625 0.10455322265625 0.1812744140625 0.030181884765625
-0.321868896484375 -0.061798095703125 0.163330078125 0.0842132568359375
-0.230911254882813 -0.251068115234375 0.0549163818359375 0.179229736328125
0.090545654296875 -0.394256591796875 -0.0818939208984375 0.184295654296875
0.296112060546875 -0.289398193359375 -0.131690979003906 0.0228729248046875
0.46697998046875 -0.098541259765625 0.10516357421875 -0.0192642211914063
0.361083984375 0.09246826171875 0.32513427734375 -0.181121826171875
0.374298095703125 0.002044677734375 0.383087158203125 -0.115325927734375
0.32550048828125 -0.248565673828125 0.31439208984375 -0.163787841796875
0.05047607421875 -0.31707763671875 0.181411743164062 -0.216705322265625
-0.148391723632813 -0.246673583984375 0.069366455078125 -0.175613403320313
-0.251220703125 -0.0388641357421876 0.0182342529296875 -0.085845947265625
-0.226654052734375 0.107528686523437 0.0708465576171875 -0.0702438354492188
-0.229751586914063 0.1094970703125 0.141326904296875 -0.09368896484375
-0.23248291015625 0.161331176757813 0.197540283203125 -0.0918731689453125
-0.246292114257813 0.09075927734375 0.251861572265625 -0.0133514404296875
-0.2845458984375 -0.0610351562500001 0.220687866210937 0.063446044921875
-0.187667846679687 -0.228012084960938 0.104705810546875 0.172286987304687
0.1146240234375 -0.331939697265625 -0.0483245849609375 0.178009033203125
0.288604736328125 -0.198486328125 -0.0663299560546875 -0.0182571411132813
0.387481689453125 -0.007080078125 0.238677978515625 -0.029022216796875
0.169036865234375 0.147064208984375 0.42852783203125 -0.151275634765625
0.22821044921875 0.0780181884765625 0.43695068359375 -0.110107421875
0.231765747070312 -0.103805541992187 0.307708740234375 -0.127685546875
0.05999755859375 -0.185165405273438 0.208480834960938 -0.168975830078125
-0.075775146484375 -0.158676147460938 0.119384765625 -0.142257690429688
-0.1597900390625 -0.0322113037109375 0.0891036987304687 -0.0986404418945313
-0.150390625 0.067474365234375 0.132133483886719 -0.118705749511719
-0.157608032226562 0.073760986328125 0.186477661132812 -0.14208984375
-0.16961669921875 0.109359741210938 0.251388549804688 -0.142730712890625
-0.182083129882813 0.061767578125 0.30767822265625 -0.04278564453125
-0.211196899414063 -0.057952880859375 0.26483154296875 0.060516357421875
-0.123123168945312 -0.18267822265625 0.1414794921875 0.1781005859375
0.127822875976562 -0.232406616210938 -0.0275421142578125 0.179000854492187
0.2470703125 -0.0828094482421875 -0.00888824462890623 -0.0371360778808594
0.256271362304687 0.0874786376953125 0.33990478515625 -0.00942993164062499
-0.067962646484375 -0.143814086914062 -0.390838623046875 0.0634765625
-0.1370849609375 0.0131683349609375 -0.0331611633300781 0.0563926696777344
-0.0596466064453125 0.109725952148438 0.0218505859375 -0.189987182617188
0.045867919921875 0.10113525390625 -0.173110961914063 -0.234619140625
0.0961837768554688 0.036865234375 -0.296661376953125 -0.089630126953125
0.0916519165039063 -0.0427398681640625 -0.333221435546875 0.0828857421875
0.0572853088378906 -0.0467910766601563 -0.2591552734375 0.215850830078125
0.0532455444335938 -0.0310134887695312 -0.19293212890625 0.192398071289063
0.0564994812011719 -0.0230369567871094 -0.148788452148438 0.166641235351563
0.0466728210449219 0.01287841796875 -0.134567260742188 0.134696960449219
0.00637435913085938 0.0506668090820313 -0.130661010742188 0.151687622070313
-0.0774917602539063 0.0419158935546875 -0.205001831054687 0.1702880859375
-0.103767395019531 -0.0584259033203125 -0.32452392578125 0.12237548828125
-0.0558013916015625 -0.149642944335938 -0.436737060546875 0.152191162109375
0.012054443359375 -0.199325561523438 -0.477630615234375 0.155242919921875
0.122329711914063 -0.2037353515625 -0.403350830078125 0.00448608398437503
-0.0195465087890625 -0.0964279174804688 -0.0463142395019531 0.0320510864257813
-0.0347442626953125 -0.0496978759765625 0.04168701171875 -0.219635009765625
-0.024871826171875 -0.00791931152343751 -0.166915893554688 -0.269760131835937
-0.0183219909667969 -0.00885200500488281 -0.307159423828125 -0.1248779296875
-0.0166282653808594 -0.00274944305419922 -0.346343994140625 0.0756225585937499
-0.0317153930664062 0.0320358276367188 -0.258880615234375 0.216659545898438
-0.04522705078125 0.0304832458496094 -0.177413940429688 0.186569213867187
-0.0445518493652344 0.0442428588867188 -0.132720947265625 0.169189453125
-0.0617446899414063 0.024322509765625 -0.109878540039063 0.14520263671875
-0.0926971435546875 -0.0127182006835938 -0.101348876953125 0.157669067382813
-0.114189147949219 -0.0872116088867188 -0.182601928710937 0.185562133789063
-0.01422119140625 -0.194137573242187 -0.2901611328125 0.1478271484375
0.085784912109375 -0.233612060546875 -0.399383544921875 0.16461181640625
0.207290649414063 -0.233535766601563 -0.432373046875 0.132110595703125
0.31024169921875 -0.219146728515625 -0.347564697265625 -0.0706176757812501
0.133331298828125 -0.1827392578125 -0.0177421569824219 -0.0128040313720703
0.0298309326171875 -0.22210693359375 0.082977294921875 -0.253494262695313
-0.0784149169921875 -0.145584106445313 -0.1337890625 -0.30902099609375
-0.130462646484375 -0.0806808471679687 -0.287506103515625 -0.17022705078125
-0.131591796875 0.0213775634765625 -0.33001708984375 0.048675537109375
-0.123153686523437 0.0991744995117188 -0.232131958007812 0.188064575195313
-0.138404846191406 0.0868759155273437 -0.134063720703125 0.154037475585938
-0.135505676269531 0.112785339355469 -0.0847625732421875 0.1458740234375
-0.157867431640625 0.0538482666015625 -0.05145263671875 0.140670776367188
-0.192733764648438 -0.0433349609375 -0.0415496826171875 0.157485961914063
-0.173416137695313 -0.176177978515625 -0.131179809570313 0.204757690429688
0.02618408203125 -0.313568115234375 -0.237136840820313 0.18182373046875
0.1785888671875 -0.312896728515625 -0.337738037109375 0.164947509765625
0.357025146484375 -0.255889892578125 -0.330963134765625 0.1031494140625
0.45556640625 -0.1866455078125 -0.222335815429687 -0.140579223632813
0.292327880859375 -0.220458984375 0.0561790466308594 -0.0653152465820313
0.13055419921875 -0.36590576171875 0.1456298828125 -0.277450561523438
-0.09600830078125 -0.284759521484375 -0.070220947265625 -0.334808349609375
-0.215774536132813 -0.166259765625 -0.2283935546875 -0.209823608398437
-0.2320556640625 0.023834228515625 -0.276382446289063 0.00920104980468753
-0.199569702148438 0.144515991210938 -0.17742919921875 0.134140014648438
-0.211715698242188 0.1300048828125 -0.0711135864257813 0.0999679565429688
-0.20269775390625 0.171768188476563 -0.0168609619140625 0.0982589721679688
-0.227325439453125 0.0915985107421875 0.026336669921875 0.113334655761719
-0.274795532226563 -0.0445404052734376 0.0327682495117188 0.140007019042969
-0.232406616210938 -0.220840454101562 -0.060760498046875 0.20928955078125
0.030670166015625 -0.39404296875 -0.172637939453125 0.2020263671875
0.226959228515625 -0.364501953125 -0.265777587890625 0.140411376953125
0.4483642578125 -0.253936767578125 -0.194686889648437 0.06268310546875
0.521331787109375 -0.1158447265625 -0.0471343994140625 -0.190139770507813
0.40869140625 -0.19915771484375 0.16278076171875 -0.110076904296875
0.23779296875 -0.433837890625 0.214462280273438 -0.272811889648438
-0.071441650390625 -0.380523681640625 0.016265869140625 -0.329010009765625
-0.252059936523438 -0.23736572265625 -0.135787963867188 -0.226837158203125
-0.29437255859375 0.010894775390625 -0.189666748046875 -0.031158447265625
-0.244430541992187 0.163482666015625 -0.100227355957031 0.0647506713867188
-0.252395629882813 0.1541748046875 0.00141525268554686 0.0319080352783203
-0.239105224609375 0.208755493164062 0.0574951171875 0.0322837829589844
-0.263351440429688 0.122238159179688 0.109085083007812 0.0661544799804688
-0.3218994140625 -0.0330810546875 0.105964660644531 0.106437683105469
-0.264694213867188 -0.23248291015625 0.010345458984375 0.196640014648437
0.03271484375 -0.4227294921875 -0.11151123046875 0.20367431640625
0.25262451171875 -0.36724853515625 -0.19561767578125 0.0936431884765625
0.480712890625 -0.2193603515625 -0.0449714660644531 0.0151100158691406
0.4937744140625 -0.029296875 0.14385986328125 -0.210723876953125
0.440887451171875 -0.126617431640625 0.278244018554688 -0.135147094726563
0.306732177734375 -0.3988037109375 0.269851684570313 -0.239822387695313
-0.02294921875 -0.3939208984375 0.09991455078125 -0.288421630859375
-0.2332763671875 -0.263534545898437 -0.0337066650390625 -0.214157104492188
-0.301605224609375 -0.00537109375000004 -0.0846405029296875 -0.0634994506835938
-0.249298095703125 0.156585693359375 -0.0141029357910156 -0.00896453857421874
-0.254348754882813 0.154403686523437 0.0722427368164062 -0.0414657592773438
-0.24249267578125 0.214218139648437 0.128898620605469 -0.0422134399414062
-0.264328002929687 0.13055419921875 0.186309814453125 0.0115203857421875
-0.32525634765625 -0.0286865234375 0.171127319335937 0.0699462890625
-0.2567138671875 -0.228179931640625 0.072021484375 0.177444458007812
0.052276611328125 -0.40423583984375 -0.0633392333984375 0.193832397460938
0.269561767578125 -0.31707763671875 -0.131752014160156 0.03692626953125
0.45989990234375 -0.142974853515625 0.102584838867188 -0.0285491943359375
0.370880126953125 0.056396484375 0.309051513671875 -0.20745849609375
0.375732421875 -0.03338623046875 0.372802734375 -0.144683837890625
0.299835205078125 -0.2825927734375 0.296875 -0.192596435546875
0.0203857421875 -0.32049560546875 0.16217041015625 -0.232376098632813
-0.173095703125 -0.229995727539063 0.0531158447265625 -0.182815551757813
-0.253707885742187 -0.01458740234375 0.01336669921875 -0.0875396728515625
-0.212081909179688 0.128677368164062 0.066162109375 -0.0780105590820312
-0.217987060546875 0.132827758789063 0.131118774414063 -0.110504150390625
-0.214309692382812 0.185043334960938 0.190536499023438 -0.114303588867187
-0.234298706054688 0.114608764648438 0.252975463867188 -0.0396881103515625
-0.287445068359375 -0.030609130859375 0.226333618164062 0.0437164306640625
-0.210906982421875 -0.20947265625 0.121063232421875 0.165130615234375
0.08251953125 -0.343475341796875 -0.029571533203125 0.18426513671875
0.27001953125 -0.22515869140625 -0.07073974609375 -0.0106277465820313
0.388458251953125 -0.044403076171875 0.234573364257813 -0.0511932373046875
0.183349609375 0.128799438476563 0.416168212890625 -0.189178466796875
0.235076904296875 0.0550994873046875 0.426605224609375 -0.1470947265625
0.21966552734375 -0.128158569335938 0.2947998046875 -0.1534423828125
0.0414276123046875 -0.18890380859375 0.19354248046875 -0.1876220703125
-0.092559814453125 -0.149566650390625 0.106597900390625 -0.15386962890625
-0.161849975585937 -0.015960693359375 0.08197021484375 -0.106330871582031
-0.14068603515625 0.082305908203125 0.121810913085937 -0.132431030273438
-0.1485595703125 0.0900115966796875 0.171981811523438 -0.162567138671875
-0.156723022460938 0.127029418945312 0.237960815429688 -0.1710205078125
-0.173797607421875 0.0789947509765625 0.30596923828125 -0.073883056640625
-0.215087890625 -0.0345458984375 0.269943237304688 0.0365447998046875
-0.141464233398438 -0.169769287109375 0.157974243164063 0.166046142578125
0.104949951171875 -0.2462158203125 -0.00984191894531251 0.183013916015625
0.239822387695313 -0.106277465820312 -0.0163612365722656 -0.0351600646972656
0.264724731445313 0.06219482421875 0.336212158203125 -0.042327880859375
-0.0802078247070312 -0.130844116210938 -0.367645263671875 0.100006103515625
-0.129638671875 0.0249786376953125 -0.0228309631347656 0.0566253662109375
-0.04608154296875 0.110343933105469 0.00450134277343749 -0.1873779296875
0.0553207397460937 0.0917739868164062 -0.189208984375 -0.212295532226562
0.0977249145507813 0.0245819091796875 -0.29559326171875 -0.0603027343749999
0.0828933715820313 -0.0521469116210938 -0.3179931640625 0.111083984375
0.0474700927734375 -0.0512275695800781 -0.230255126953125 0.2349853515625
0.0465927124023438 -0.0352630615234375 -0.167739868164062 0.207916259765625
0.050994873046875 -0.02764892578125 -0.127792358398438 0.179306030273438
0.044189453125 0.00675582885742188 -0.118682861328125 0.145370483398437
0.0106468200683594 0.0456733703613281 -0.112380981445313 0.160247802734375
-0.0695571899414062 0.0480995178222656 -0.18310546875 0.186019897460937
-0.104316711425781 -0.0466232299804687 -0.30389404296875 0.14617919921875
-0.066802978515625 -0.138633728027344 -0.40802001953125 0.18914794921875
-0.00733947753906252 -0.193222045898438 -0.4473876953125 0.1944580078125
0.0991973876953125 -0.207260131835938 -0.38494873046875 0.04583740234375
-0.0250930786132812 -0.0916213989257813 -0.036773681640625 0.0361709594726562
-0.037872314453125 -0.0466346740722656 0.0192413330078125 -0.218002319335938
-0.0235004425048828 -0.00682258605957031 -0.184906005859375 -0.246688842773438
-0.0177669525146484 -0.00787353515625 -0.308624267578125 -0.093231201171875
-0.0166683197021484 -0.00286960601806641 -0.32940673828125 0.104156494140625
-0.0296134948730469 0.0327682495117188 -0.230117797851563 0.234771728515625
-0.0429840087890625 0.0339279174804687 -0.153900146484375 0.200149536132812
-0.0396308898925781 0.0470123291015625 -0.11126708984375 0.179183959960938
-0.058990478515625 0.0281143188476562 -0.0933990478515625 0.152114868164063
-0.0915069580078125 -0.00618743896484374 -0.083160400390625 0.163375854492188
-0.1185302734375 -0.0742645263671875 -0.159515380859375 0.199493408203125
-0.02984619140625 -0.1871337890625 -0.268280029296875 0.169891357421875
0.063140869140625 -0.233383178710937 -0.37249755859375 0.197235107421875
0.179824829101563 -0.245758056640625 -0.406402587890625 0.16986083984375
0.279373168945313 -0.241928100585938 -0.339263916015625 -0.03125
0.11541748046875 -0.1893310546875 -0.0134773254394531 -0.00865459442138673
0.00761413574218752 -0.220306396484375 0.05511474609375 -0.2547607421875
-0.0885696411132813 -0.134185791015625 -0.156890869140625 -0.28759765625
-0.133941650390625 -0.065277099609375 -0.293121337890625 -0.13909912109375
-0.12493896484375 0.0318222045898438 -0.3143310546875 0.0761108398437499
-0.11004638671875 0.107025146484375 -0.205947875976563 0.203750610351563
-0.127372741699219 0.0985794067382812 -0.116134643554688 0.1629638671875
-0.119865417480469 0.123016357421875 -0.066802978515625 0.150527954101563
-0.148101806640625 0.065338134765625 -0.036407470703125 0.141632080078125
-0.190170288085938 -0.0249481201171875 -0.0252685546875 0.158065795898438
-0.184768676757813 -0.154754638671875 -0.107223510742188 0.214004516601563
-0.00329589843749999 -0.307403564453125 -0.21392822265625 0.197662353515625
0.145477294921875 -0.318695068359375 -0.31292724609375 0.192230224609375
0.3236083984375 -0.282257080078125 -0.31109619140625 0.133026123046875
0.423492431640625 -0.223968505859375 -0.225051879882813 -0.109298706054688
0.266128540039063 -0.24212646484375 0.0525856018066406 -0.0647621154785156
0.09063720703125 -0.369903564453125 0.112640380859375 -0.283203125
-0.119918823242187 -0.267669677734375 -0.097198486328125 -0.31829833984375
-0.225479125976563 -0.139785766601562 -0.239288330078125 -0.1832275390625
-0.221771240234375 0.0444488525390625 -0.26483154296875 0.0334930419921874
-0.178466796875 0.157546997070312 -0.15777587890625 0.1461181640625
-0.193603515625 0.147567749023438 -0.0607833862304687 0.103530883789063
-0.177734375 0.187057495117188 -0.00537872314453125 0.0963592529296875
-0.21044921875 0.1092529296875 0.0379562377929687 0.106826782226563
-0.268798828125 -0.0169677734375 0.045318603515625 0.134414672851563
-0.24713134765625 -0.191650390625 -0.0389862060546875 0.21258544921875
-0.00665283203124996 -0.386749267578125 -0.147933959960937 0.212249755859375
0.187469482421875 -0.37347412109375 -0.245819091796875 0.16278076171875
0.412872314453125 -0.29083251953125 -0.182388305664062 0.080902099609375
0.494110107421875 -0.162506103515625 -0.060699462890625 -0.174072265625
0.37933349609375 -0.23126220703125 0.150787353515625 -0.116180419921875
0.18853759765625 -0.44573974609375 0.1790771484375 -0.283935546875
-0.10540771484375 -0.361602783203125 -0.0142822265625 -0.31988525390625
-0.267547607421875 -0.204238891601562 -0.152069091796875 -0.207916259765625
-0.282073974609375 0.0379638671874999 -0.182952880859375 -0.013336181640625
-0.218887329101563 0.180206298828125 -0.0889663696289063 0.0718917846679688
-0.229217529296875 0.17486572265625 0.00325012207031249 0.0294342041015625
-0.208419799804688 0.225784301757812 0.0598945617675781 0.0239219665527344
-0.240936279296875 0.142532348632812 0.113456726074219 0.0527725219726563
-0.31298828125 -6.10351562499706E-05 0.113388061523437 0.0939559936523438
-0.2803955078125 -0.198593139648438 0.028961181640625 0.193267822265625
-0.00817871093750003 -0.4156494140625 -0.0884552001953125 0.208572387695312
0.2120361328125 -0.378570556640625 -0.182266235351562 0.110580444335938
0.446014404296875 -0.260009765625 -0.0425643920898437 0.019989013671875
0.4749755859375 -0.074859619140625 0.121673583984375 -0.21173095703125
0.417083740234375 -0.164154052734375 0.258941650390625 -0.15191650390625
0.257110595703125 -0.417572021484375 0.235855102539063 -0.25634765625
-0.059722900390625 -0.378082275390625 0.070587158203125 -0.2882080078125
-0.251937866210938 -0.230743408203125 -0.05145263671875 -0.204681396484375
-0.290863037109375 0.0235595703125001 -0.0842056274414063 -0.0537185668945313
-0.223602294921875 0.174819946289062 -0.0125408172607422 -0.00827026367187499
-0.230941772460938 0.17529296875 0.0644035339355469 -0.0488014221191406
-0.210693359375 0.231704711914063 0.121185302734375 -0.0565643310546875
-0.241195678710938 0.151992797851563 0.182693481445312 -0.00837707519531249
-0.315460205078125 0.00610351562500005 0.17236328125 0.05242919921875
-0.271087646484375 -0.194091796875 0.0863494873046875 0.168411254882813
0.01129150390625 -0.398223876953125 -0.04266357421875 0.194839477539062
0.23114013671875 -0.331817626953125 -0.125953674316406 0.050262451171875
0.433929443359375 -0.186737060546875 0.09490966796875 -0.03692626953125
0.3636474609375 0.018096923828125 0.281402587890625 -0.224517822265625
0.36065673828125 -0.068206787109375 0.349639892578125 -0.1690673828125
0.260101318359375 -0.30413818359375 0.267471313476563 -0.211471557617188
-0.011505126953125 -0.310577392578125 0.135787963867188 -0.238937377929688
-0.190277099609375 -0.203567504882813 0.034454345703125 -0.1827392578125
-0.245407104492188 0.0105438232421875 0.00829315185546874 -0.0858917236328125
-0.190444946289063 0.143722534179687 0.0574188232421875 -0.0828018188476562
-0.197280883789063 0.15057373046875 0.11505126953125 -0.121711730957031
-0.18695068359375 0.201187133789063 0.173721313476563 -0.1328125
-0.213134765625 0.1334228515625 0.242767333984375 -0.0635223388671875
-0.278656005859375 0.000503540039062473 0.22314453125 0.0219268798828125
-0.225906372070313 -0.180313110351563 0.133102416992188 0.150466918945313
0.045928955078125 -0.342193603515625 -0.01055908203125 0.181976318359375
0.239990234375 -0.244125366210937 -0.07293701171875 -0.00171661376953127
0.372894287109375 -0.082061767578125 0.219635009765625 -0.072265625
0.187789916992188 0.105255126953125 0.38507080078125 -0.2181396484375
0.23150634765625 0.029876708984375 0.401092529296875 -0.177703857421875
0.197479248046875 -0.146148681640625 0.271835327148438 -0.171981811523438
0.02093505859375 -0.184494018554687 0.171005249023437 -0.199142456054688
-0.103927612304688 -0.133148193359375 0.0887298583984375 -0.159988403320312
-0.157196044921875 0.000671386718750007 0.0724639892578125 -0.111030578613281
-0.125938415527344 0.091949462890625 0.105850219726563 -0.141708374023438
-0.133735656738281 0.102210998535156 0.14874267578125 -0.176513671875
-0.136985778808594 0.13922119140625 0.21343994140625 -0.192153930664062
-0.158111572265625 0.09381103515625 0.290252685546875 -0.102264404296875
-0.20916748046875 -0.00949096679687498 0.264572143554687 0.011566162109375
-0.154312133789063 -0.147918701171875 0.168701171875 0.147308349609375
0.076263427734375 -0.249542236328125 0.00836181640625002 0.179458618164062
0.221588134765625 -0.125717163085938 -0.0225200653076172 -0.0306663513183594
0.262649536132813 0.0334625244140625 0.318267822265625 -0.073150634765625
-0.0858840942382812 -0.115867614746094 -0.338836669921875 0.12078857421875
-0.120155334472656 0.0321426391601562 -0.0148468017578125 0.0538444519042969
-0.0351715087890625 0.10614013671875 -0.00827026367187502 -0.17919921875
0.06036376953125 0.0820083618164063 -0.194732666015625 -0.189743041992188
0.0948562622070313 0.0138473510742188 -0.285400390625 -0.03826904296875
0.0722808837890625 -0.0568923950195313 -0.296356201171875 0.128509521484375
0.0381851196289063 -0.0514755249023438 -0.20184326171875 0.240707397460938
0.03961181640625 -0.0363044738769531 -0.1434326171875 0.2122802734375
0.0446205139160156 -0.0290794372558594 -0.107086181640625 0.182418823242187
0.0400543212890625 0.00223922729492187 -0.10284423828125 0.147933959960937
0.0123329162597656 0.0403785705566406 -0.0956878662109375 0.161834716796875
-0.061248779296875 0.049896240234375 -0.161331176757812 0.191482543945313
-0.100326538085938 -0.0360336303710937 -0.280258178710938 0.158859252929688
-0.0716094970703125 -0.127555847167969 -0.374481201171875 0.20751953125
-0.021240234375 -0.182281494140625 -0.4112548828125 0.215667724609375
0.0793609619140625 -0.202224731445313 -0.35821533203125 0.071624755859375
-0.0282211303710937 -0.08624267578125 -0.028564453125 0.0363006591796875
-0.03875732421875 -0.0434188842773438 0.002349853515625 -0.208908081054688
-0.0218296051025391 -0.00566864013671875 -0.1923828125 -0.222793579101563
-0.0168838500976563 -0.00773143768310547 -0.29931640625 -0.0693359375
-0.0175256729125977 -0.00351715087890625 -0.307403564453125 0.12115478515625
-0.0281314849853516 0.0332393646240234 -0.201126098632812 0.240005493164063
-0.0405235290527344 0.0365562438964844 -0.131561279296875 0.20294189453125
-0.0350341796875 0.0477066040039062 -0.0915679931640625 0.180862426757813
-0.0554618835449219 0.02978515625 -0.0782012939453125 0.152435302734375
-0.0876846313476562 -0.00166320800781249 -0.0675201416015625 0.162628173828125
-0.117042541503906 -0.0624237060546875 -0.137954711914063 0.203659057617188
-0.0395050048828125 -0.176437377929688 -0.244842529296875 0.179367065429688
0.0457305908203125 -0.224960327148438 -0.339599609375 0.21337890625
0.15411376953125 -0.246109008789063 -0.37384033203125 0.19061279296875
0.24737548828125 -0.248199462890625 -0.31927490234375 -0.002532958984375
0.098968505859375 -0.189010620117188 -0.00884532928466797 -0.00585460662841798
-0.0089263916015625 -0.211669921875 0.033294677734375 -0.24603271484375
-0.0934829711914062 -0.122268676757813 -0.167953491210938 -0.263031005859375
-0.131675720214844 -0.0531005859375 -0.286651611328125 -0.112884521484375
-0.116806030273438 0.0373992919921875 -0.29345703125 0.093841552734375
-0.0977096557617188 0.109123229980469 -0.18023681640625 0.208251953125
-0.115379333496094 0.104042053222656 -0.098785400390625 0.16424560546875
-0.104087829589844 0.125709533691406 -0.051971435546875 0.148880004882812
-0.136611938476562 0.0717544555664063 -0.0240936279296875 0.138008117675781
-0.182662963867188 -0.01177978515625 -0.012420654296875 0.153472900390625
-0.186630249023438 -0.134140014648437 -0.087005615234375 0.214599609375
-0.023193359375 -0.294158935546875 -0.189544677734375 0.203201293945312
0.118499755859375 -0.31219482421875 -0.283905029296875 0.205718994140625
0.28936767578125 -0.291229248046875 -0.285919189453125 0.14874267578125
0.385498046875 -0.24273681640625 -0.2169189453125 -0.083740234375
0.238616943359375 -0.248916625976563 0.0496902465820313 -0.0621070861816406
0.058380126953125 -0.36004638671875 0.08514404296875 -0.27569580078125
-0.132278442382813 -0.246322631835938 -0.113677978515625 -0.29608154296875
-0.224334716796875 -0.115692138671875 -0.238861083984375 -0.158203125
-0.207000732421875 0.0565185546875 -0.247955322265625 0.04925537109375
-0.157241821289063 0.16143798828125 -0.137939453125 0.1500244140625
-0.174057006835938 0.155731201171875 -0.0509567260742188 0.10235595703125
-0.153213500976562 0.190933227539063 0.00242614746093748 0.091949462890625
-0.19158935546875 0.118499755859375 0.0445404052734375 0.0988235473632813
-0.25567626953125 0.00315856933593747 0.0534286499023437 0.125999450683594
-0.249588012695313 -0.163864135742188 -0.02117919921875 0.20904541015625
-0.034210205078125 -0.3695068359375 -0.126663208007812 0.2122802734375
0.154388427734375 -0.36834716796875 -0.222793579101563 0.1737060546875
0.37384033203125 -0.306732177734375 -0.168212890625 0.090728759765625
0.457427978515625 -0.189422607421875 -0.0659332275390625 -0.155105590820313
0.347198486328125 -0.246246337890625 0.13897705078125 -0.116127014160156
0.143768310546875 -0.437957763671875 0.148101806640625 -0.279876708984375
-0.125823974609375 -0.335784912109375 -0.03436279296875 -0.302947998046875
-0.268829345703125 -0.173263549804688 -0.15740966796875 -0.1873779296875
-0.264617919921875 0.0548095703125001 -0.17230224609375 -0.00080871582031247
-0.193695068359375 0.185104370117188 -0.0784225463867188 0.0738067626953125
-0.206161499023438 0.184814453125 0.00426483154296873 0.0271186828613281
-0.179000854492188 0.230239868164062 0.0591659545898437 0.0165596008300781
-0.216705322265625 0.152023315429688 0.112762451171875 0.0415878295898438
-0.295257568359375 0.02313232421875 0.11431884765625 0.0827789306640625
-0.281463623046875 -0.16754150390625 0.0424041748046875 0.1859130859375
-0.0382080078125 -0.395904541015625 -0.0698089599609375 0.204696655273437
0.17578125 -0.375244140625 -0.1668701171875 0.119903564453125
0.4075927734375 -0.2811279296875 -0.0396766662597656 0.0229148864746094
0.445068359375 -0.106201171875 0.103240966796875 -0.204238891601563
0.386871337890625 -0.18597412109375 0.239059448242188 -0.15716552734375
0.211456298828125 -0.415863037109375 0.204208374023438 -0.256729125976563
-0.084136962890625 -0.35491943359375 0.0487213134765625 -0.277297973632813
-0.255966186523438 -0.19915771484375 -0.0626678466796875 -0.190948486328125
-0.273223876953125 0.0435791015625 -0.0803985595703125 -0.0458450317382812
-0.19805908203125 0.180770874023437 -0.0110416412353516 -0.00776576995849609
-0.206939697265625 0.184860229492188 0.0563240051269531 -0.0524406433105469
-0.180389404296875 0.235794067382813 0.111030578613281 -0.06512451171875
-0.2154541015625 0.161041259765625 0.174346923828125 -0.0223846435546875
-0.29669189453125 0.0299987792968749 0.167465209960937 0.0391387939453125
-0.271728515625 -0.1632080078125 0.09503173828125 0.156692504882813
-0.018768310546875 -0.38165283203125 -0.0268402099609375 0.18731689453125
0.19708251953125 -0.33203125 -0.118743896484375 0.0591812133789062
0.400604248046875 -0.21044921875 0.0863418579101563 -0.0414886474609375
0.345672607421875 -0.009307861328125 0.254379272460938 -0.228836059570313
0.337860107421875 -0.0909423828125 0.32293701171875 -0.179901123046875
0.22216796875 -0.307952880859375 0.238800048828125 -0.214691162109375
-0.03363037109375 -0.29229736328125 0.114212036132812 -0.235443115234375
-0.196243286132812 -0.178207397460938 0.020538330078125 -0.175811767578125
-0.231292724609375 0.027862548828125 0.00511932373046874 -0.08270263671875
-0.168319702148438 0.149246215820313 0.0501174926757812 -0.0846939086914062
-0.176223754882813 0.158233642578125 0.0987930297851562 -0.125335693359375
-0.158859252929688 0.205093383789063 0.154251098632813 -0.142379760742188
-0.189849853515625 0.142074584960938 0.227188110351563 -0.0809173583984375
-0.2623291015625 0.0233154296875 0.21307373046875 0.0065460205078125
-0.227951049804687 -0.15252685546875 0.136947631835937 0.135993957519531
0.017669677734375 -0.329254150390625 0.00285339355468749 0.17401123046875
0.211257934570313 -0.248397827148438 -0.071624755859375 0.0062408447265625
0.34869384765625 -0.106689453125 0.201416015625 -0.083465576171875
0.184646606445313 0.0860137939453125 0.351470947265625 -0.2314453125
0.220687866210938 0.0115203857421875 0.36956787109375 -0.193115234375
0.173599243164063 -0.153762817382813 0.24688720703125 -0.178482055664063
0.00695800781249999 -0.1741943359375 0.1495361328125 -0.200119018554688
-0.108283996582031 -0.116966247558594 0.0728607177734375 -0.158111572265625
-0.148696899414063 0.0129547119140625 0.0632247924804687 -0.11102294921875
-0.110755920410156 0.0955657958984375 0.09130859375 -0.143905639648438
-0.118324279785156 0.107284545898438 0.127151489257813 -0.180343627929688
-0.11767578125 0.14324951171875 0.187271118164062 -0.200790405273438
-0.141586303710937 0.100509643554688 0.26898193359375 -0.120468139648438
-0.197113037109375 0.00848388671874997 0.252151489257813 -0.0068511962890625
-0.158157348632813 -0.127395629882812 0.170074462890625 0.129150390625
0.0526885986328125 -0.243255615234375 0.020751953125 0.169952392578125
0.201568603515625 -0.136489868164063 -0.0268115997314453 -0.0254974365234375
0.25146484375 0.0121002197265625 0.294403076171875 -0.0926513671875
-0.0861358642578125 -0.103729248046875 -0.31414794921875 0.130035400390625
-0.112075805664063 0.0356369018554688 -0.00949859619140626 0.0507164001464844
-0.0279388427734375 0.101150512695312 -0.0153961181640625 -0.170852661132813
0.0618362426757812 0.0737762451171875 -0.193954467773438 -0.17364501953125
0.0913162231445313 0.00652313232421875 -0.272552490234375 -0.02545166015625
0.0627593994140625 -0.0584487915039063 -0.278564453125 0.136444091796875
0.0311012268066406 -0.0491180419921875 -0.18109130859375 0.240432739257812
0.03436279296875 -0.0349464416503906 -0.126235961914063 0.210678100585937
0.0399284362792969 -0.0297088623046875 -0.092041015625 0.181381225585938
0.0364532470703125 -0.000247955322265625 -0.092193603515625 0.14788818359375
0.0120582580566406 0.0356864929199219 -0.0844879150390625 0.159698486328125
-0.0542411804199219 0.0503196716308594 -0.144607543945313 0.190261840820312
-0.0946731567382813 -0.0294189453125 -0.261627197265625 0.1629638671875
-0.07275390625 -0.117958068847656 -0.346099853515625 0.21270751953125
-0.0294036865234375 -0.172103881835938 -0.38079833984375 0.221954345703125
0.066741943359375 -0.19384765625 -0.33343505859375 0.085845947265625
-0.0292892456054688 -0.0815353393554688 -0.0225563049316406 0.0365028381347656
-0.0386962890625 -0.0417671203613281 -0.00607299804687499 -0.198974609375
-0.019989013671875 -0.00541877746582032 -0.192306518554688 -0.205123901367188
-0.0162067413330078 -0.00825023651123047 -0.287994384765625 -0.05487060546875
-0.0189075469970703 -0.00390625 -0.289031982421875 0.12945556640625
-0.0269813537597656 0.0336418151855469 -0.18060302734375 0.238967895507812
-0.038726806640625 0.0380210876464844 -0.11541748046875 0.201507568359375
-0.0316848754882813 0.0477333068847656 -0.0775604248046875 0.178268432617188
-0.0530548095703125 0.0304641723632812 -0.0673370361328125 0.150558471679688
-0.0848846435546875 0.000778198242187485 -0.0571136474609375 0.1591796875
-0.113380432128906 -0.0548782348632813 -0.121841430664063 0.202194213867187
-0.0432891845703125 -0.166763305664063 -0.226348876953125 0.18133544921875
0.0359039306640625 -0.216293334960938 -0.3135986328125 0.218048095703125
0.136627197265625 -0.241134643554688 -0.348175048828125 0.1973876953125
0.22515869140625 -0.246292114257813 -0.29986572265625 0.0146484375
0.0883026123046875 -0.1856689453125 -0.00479316711425781 -0.00343704223632814
-0.01885986328125 -0.202972412109375 0.0203094482421875 -0.23486328125
-0.093780517578125 -0.113739013671875 -0.170013427734375 -0.244796752929688
-0.128013610839844 -0.0449676513671875 -0.27740478515625 -0.0967864990234375
-0.110397338867188 0.0391845703125 -0.2752685546875 0.101181030273437
-0.0886688232421875 0.108345031738281 -0.161697387695313 0.206954956054687
-0.107215881347656 0.106559753417969 -0.0867156982421875 0.162094116210937
-0.092987060546875 0.125068664550781 -0.0412750244140625 0.145553588867188
-0.127037048339844 0.0742874145507813 -0.015625 0.133277893066406
-0.175064086914063 -0.00422668457031253 -0.00456237792968752 0.147842407226562
-0.183700561523438 -0.119308471679688 -0.072265625 0.212493896484375
-0.03460693359375 -0.280166625976563 -0.173538208007812 0.202285766601563
0.101348876953125 -0.3028564453125 -0.261016845703125 0.210159301757813
0.264404296875 -0.291534423828125 -0.26611328125 0.154830932617187
0.355987548828125 -0.24737548828125 -0.206314086914063 -0.0660400390625
0.219100952148438 -0.249099731445312 0.0492057800292969 -0.0579948425292969
0.03741455078125 -0.347198486328125 0.0673828125 -0.264022827148438
-0.136886596679688 -0.229354858398438 -0.119415283203125 -0.277862548828125
-0.219207763671875 -0.099151611328125 -0.233993530273438 -0.141815185546875
-0.194015502929688 0.0621490478515625 -0.232864379882812 0.05596923828125
-0.142501831054688 0.160903930664062 -0.123626708984375 0.1488037109375
-0.159881591796875 0.1583251953125 -0.0448150634765625 0.100914001464844
-0.13580322265625 0.189285278320312 0.00682830810546874 0.0869674682617188
-0.176422119140625 0.120498657226563 0.0473403930664062 0.0925674438476563
-0.243270874023438 0.013946533203125 0.0560836791992188 0.118675231933594
-0.245590209960937 -0.144363403320313 -0.010009765625 0.204299926757813
-0.049285888671875 -0.352630615234375 -0.112991333007812 0.207931518554688
0.1326904296875 -0.356658935546875 -0.205215454101563 0.177215576171875
0.343719482421875 -0.311279296875 -0.155792236328125 0.0943603515625
0.427276611328125 -0.20025634765625 -0.0658187866210937 -0.140296936035156
0.32183837890625 -0.250762939453125 0.131309509277344 -0.113143920898438
0.11517333984375 -0.426727294921875 0.12799072265625 -0.270263671875
-0.1348876953125 -0.314239501953125 -0.044342041015625 -0.28704833984375
-0.264678955078125 -0.152328491210937 -0.157058715820313 -0.172134399414063
-0.248138427734375 0.0640106201171875 -0.161956787109375 0.00502014160156251
-0.175460815429688 0.18536376953125 -0.0695953369140625 0.073272705078125
-0.188888549804688 0.187576293945312 0.00386810302734374 0.0252151489257813
-0.157196044921875 0.227767944335938 0.0565948486328125 0.0114479064941406
-0.1983642578125 0.154556274414063 0.1104736328125 0.0328903198242188
-0.278350830078125 0.036102294921875 0.112968444824219 0.0751876831054688
-0.275619506835938 -0.145309448242188 0.0492401123046875 0.17816162109375
-0.05615234375 -0.3780517578125 -0.0579376220703125 0.197860717773437
0.151336669921875 -0.365875244140625 -0.155059814453125 0.124008178710938
0.378509521484375 -0.28857421875 -0.0376739501953125 0.0237922668457031
0.41778564453125 -0.12078857421875 0.0927886962890625 -0.194168090820313
0.36053466796875 -0.195465087890625 0.223922729492188 -0.155136108398438
0.179473876953125 -0.406646728515625 0.182022094726563 -0.24932861328125
-0.09576416015625 -0.33245849609375 0.0355682373046875 -0.265731811523438
-0.252883911132812 -0.17669677734375 -0.0673675537109375 -0.179046630859375
-0.2564697265625 0.0529632568359375 -0.0758514404296875 -0.0424041748046875
-0.1795654296875 0.17999267578125 -0.0101833343505859 -0.00869178771972655
-0.187850952148437 0.187026977539062 0.0496788024902344 -0.0535812377929687
-0.157821655273438 0.233428955078125 0.101570129394531 -0.0694427490234375
-0.19598388671875 0.16265869140625 0.165451049804687 -0.03173828125
-0.278213500976563 0.0437622070312499 0.161148071289062 0.03143310546875
-0.267562866210938 -0.14105224609375 0.0976409912109375 0.148422241210938
-0.037261962890625 -0.363433837890625 -0.0179443359375 0.180191040039062
0.173675537109375 -0.32525634765625 -0.111679077148438 0.0635147094726563
0.3724365234375 -0.22161865234375 0.078521728515625 -0.04266357421875
0.32763671875 -0.025390625 0.234161376953125 -0.22406005859375
0.317474365234375 -0.101287841796875 0.30224609375 -0.18133544921875
0.19390869140625 -0.30413818359375 0.218673706054688 -0.211532592773438
-0.044281005859375 -0.274978637695313 0.100204467773438 -0.228240966796875
-0.1951904296875 -0.158782958984375 0.011993408203125 -0.168075561523438
-0.217025756835937 0.03729248046875 0.00424194335937499 -0.0809478759765625
-0.15203857421875 0.149215698242187 0.0442123413085937 -0.0847244262695312
-0.159576416015625 0.160079956054688 0.0862197875976562 -0.125907897949219
-0.139846801757813 0.202972412109375 0.138885498046875 -0.144821166992187
-0.171951293945313 0.142684936523438 0.21270751953125 -0.0893707275390625
-0.24554443359375 0.034912109375 0.203338623046875 -0.0021209716796875
-0.224014282226563 -0.132034301757813 0.136573791503906 0.125617980957031
-0.000122070312500034 -0.316162109375 0.00973510742187502 0.165451049804687
0.190109252929688 -0.247467041015625 -0.0702552795410156 0.0109291076660156
0.3275146484375 -0.1199951171875 0.18487548828125 -0.0879669189453125
0.178939819335938 0.0728759765625 0.32659912109375 -0.23211669921875
0.209487915039063 0.0013580322265625 0.3448486328125 -0.19580078125
0.155593872070313 -0.154052734375 0.228744506835937 -0.1773681640625
-0.000946044921875011 -0.164306640625 0.135330200195313 -0.19610595703125
-0.107826232910156 -0.105056762695312 0.062408447265625 -0.153640747070313
-0.14019775390625 0.01983642578125 0.05853271484375 -0.109771728515625
-0.0998764038085938 0.0966796875 0.0803985595703125 -0.144027709960938
-0.107048034667969 0.108070373535156 0.110366821289062 -0.179519653320313
-0.102584838867188 0.142593383789063 0.167526245117188 -0.202255249023438
-0.127601623535156 0.101821899414062 0.2510986328125 -0.128814697265625
-0.184722900390625 0.0182952880859375 0.238784790039063 -0.0162506103515625
-0.15625 -0.111724853515625 0.1671142578125 0.117263793945312
0.037200927734375 -0.234573364257813 0.0267486572265625 0.16094970703125
0.185836791992188 -0.139801025390625 -0.0302772521972656 -0.0208244323730469
0.238998413085938 -0.00238037109375 0.272415161132813 -0.0991668701171875
-0.0847930908203125 -0.0947647094726562 -0.29791259765625 0.13555908203125
-0.107170104980469 0.0377426147460937 -0.00612258911132814 0.0495033264160156
-0.0240097045898438 0.097503662109375 -0.01885986328125 -0.165695190429687
0.063629150390625 0.0678901672363281 -0.1929931640625 -0.163833618164063
0.0878524780273438 0.00128936767578125 -0.266189575195312 -0.0192413330078126
0.0557327270507813 -0.0590934753417969 -0.267578125 0.141983032226563
0.02642822265625 -0.0467910766601563 -0.16717529296875 0.240646362304687
0.0309371948242188 -0.0338764190673828 -0.114181518554688 0.211273193359375
0.0360374450683594 -0.0293006896972656 -0.0823211669921875 0.181076049804688
0.0331268310546875 -0.00171089172363281 -0.08526611328125 0.147918701171875
0.01141357421875 0.0328159332275391 -0.077606201171875 0.1580810546875
-0.0502853393554688 0.0495796203613281 -0.134689331054687 0.190109252929688
-0.0901336669921875 -0.0264129638671875 -0.249603271484375 0.16552734375
-0.0736007690429688 -0.112861633300781 -0.32904052734375 0.21539306640625
-0.0341033935546875 -0.1639404296875 -0.364013671875 0.224853515625
0.059906005859375 -0.18743896484375 -0.317413330078125 0.094329833984375
-0.0295486450195313 -0.078826904296875 -0.0180015563964844 0.0361518859863281
-0.0394783020019531 -0.0405807495117188 -0.0114898681640625 -0.192047119140625
-0.0188274383544922 -0.00649642944335937 -0.192626953125 -0.194656372070313
-0.0164279937744141 -0.00904560089111328 -0.280426025390625 -0.046905517578125
-0.0206356048583984 -0.00353050231933594 -0.276809692382813 0.1337890625
-0.0261402130126953 0.0348758697509766 -0.166717529296875 0.238937377929687
-0.0375289916992188 0.0397567749023437 -0.105300903320313 0.201568603515625
-0.0305366516113281 0.047576904296875 -0.0686187744140625 0.177658081054688
-0.0520210266113281 0.0301780700683594 -0.060699462890625 0.14990234375
-0.083343505859375 0.00137329101562501 -0.050445556640625 0.15753173828125
-0.111076354980469 -0.050537109375 -0.111312866210938 0.202713012695313
-0.0452117919921875 -0.16156005859375 -0.215438842773437 0.182754516601563
0.030029296875 -0.210891723632813 -0.297332763671875 0.220611572265625
0.124923706054687 -0.237533569335937 -0.332000732421875 0.200836181640625
0.211395263671875 -0.243072509765625 -0.2857666015625 0.025238037109375
0.082000732421875 -0.18389892578125 -0.00106418132781982 -0.00169897079467775
-0.0257720947265625 -0.198013305664062 0.012969970703125 -0.226791381835938
-0.094329833984375 -0.107376098632812 -0.172195434570313 -0.233230590820312
-0.125892639160156 -0.0400390625 -0.27191162109375 -0.0878143310546875
-0.106765747070313 0.0407638549804688 -0.263992309570312 0.105697631835937
-0.08282470703125 0.108634948730469 -0.148895263671875 0.206924438476562
-0.101394653320312 0.1087646484375 -0.078887939453125 0.161697387695313
-0.0861892700195313 0.124282836914063 -0.034576416015625 0.143646240234375
-0.121665954589844 0.0748367309570313 -0.0108566284179688 0.130348205566406
-0.17041015625 0.000579833984375009 -0.000137329101562502 0.1451416015625
-0.1822509765625 -0.110702514648437 -0.0628662109375 0.21173095703125
-0.0410308837890625 -0.273147583007813 -0.163925170898438 0.201705932617188
0.09130859375 -0.29742431640625 -0.24658203125 0.21173095703125
0.2486572265625 -0.291839599609375 -0.25323486328125 0.158035278320312
0.3382568359375 -0.249267578125 -0.196975708007812 -0.0546875
0.20703125 -0.249237060546875 0.0495529174804688 -0.0551071166992188
0.023834228515625 -0.33905029296875 0.057647705078125 -0.255752563476563
-0.139389038085938 -0.218429565429688 -0.123138427734375 -0.266311645507813
-0.216171264648438 -0.089935302734375 -0.229705810546875 -0.132369995117187
-0.18621826171875 0.0656890869140625 -0.223526000976563 0.0603485107421875
-0.132949829101562 0.16156005859375 -0.113922119140625 0.1485595703125
-0.15106201171875 0.162017822265625 -0.0406494140625 0.0996246337890625
-0.124801635742188 0.188720703125 0.00920867919921874 0.0840835571289063
-0.166793823242188 0.121261596679688 0.0492324829101563 0.08795166015625
-0.234909057617187 0.0205535888671875 0.0583038330078125 0.115150451660156
-0.24285888671875 -0.13238525390625 -0.0023651123046875 0.201675415039062
-0.059478759765625 -0.34307861328125 -0.105148315429688 0.20672607421875
0.119598388671875 -0.35125732421875 -0.194137573242188 0.179183959960937
0.325592041015625 -0.3150634765625 -0.149459838867187 0.096588134765625
0.408111572265625 -0.2056884765625 -0.0640487670898437 -0.130165100097656
0.30682373046875 -0.2548828125 0.128395080566406 -0.110031127929688
0.096527099609375 -0.416839599609375 0.115158081054688 -0.262588500976563
-0.14019775390625 -0.300506591796875 -0.05072021484375 -0.27679443359375
-0.26214599609375 -0.138580322265625 -0.156936645507813 -0.163864135742187
-0.238265991210938 0.0697021484375001 -0.155120849609375 0.00779724121093754
-0.164047241210938 0.18499755859375 -0.0641555786132813 0.0724334716796875
-0.1776123046875 0.1904296875 0.00310134887695312 0.0243740081787109
-0.143905639648438 0.226104736328125 0.0550460815429687 0.00851058959960939
-0.185791015625 0.154434204101563 0.108360290527344 0.0282211303710938
-0.267929077148438 0.0441131591796875 0.11199951171875 0.071533203125
-0.272537231445313 -0.13165283203125 0.0541839599609375 0.175384521484375
-0.06756591796875 -0.366912841796875 -0.0524444580078125 0.194686889648437
0.137603759765625 -0.35943603515625 -0.147430419921875 0.12677001953125
0.3577880859375 -0.2939453125 -0.037017822265625 0.0247573852539062
0.4005126953125 -0.128997802734375 0.0886077880859375 -0.186981201171875
0.34564208984375 -0.200408935546875 0.216018676757813 -0.153152465820313
0.158721923828125 -0.4002685546875 0.170822143554688 -0.24310302734375
-0.102783203125 -0.318939208984375 0.0284576416015625 -0.258621215820312
-0.251708984375 -0.162429809570312 -0.0696563720703125 -0.17242431640625
-0.246597290039063 0.05914306640625 -0.072784423828125 -0.0405426025390625
-0.16778564453125 0.180587768554688 -0.00864791870117188 -0.0090341567993164
-0.1773681640625 0.1895751953125 0.0452499389648437 -0.0544662475585937
-0.143325805664063 0.231216430664062 0.0953521728515625 -0.0719070434570312
-0.183151245117188 0.162857055664062 0.15972900390625 -0.03729248046875
-0.266143798828125 0.0522003173828125 0.157318115234375 0.027435302734375
-0.263870239257812 -0.126480102539063 0.0997467041015625 0.14447021484375
-0.050506591796875 -0.353973388671875 -0.0138092041015625 0.175827026367187
0.158294677734375 -0.3212890625 -0.108139038085937 0.0670242309570313
0.353485107421875 -0.228607177734375 0.0731277465820313 -0.042938232421875
0.3162841796875 -0.03350830078125 0.224319458007813 -0.220291137695313
0.304962158203125 -0.10858154296875 0.289825439453125 -0.180908203125
0.176300048828125 -0.3011474609375 0.2064208984375 -0.20751953125
-0.051544189453125 -0.264190673828125 0.09173583984375 -0.223098754882813
-0.194015502929688 -0.147567749023438 0.0077056884765625 -0.16314697265625
-0.208938598632812 0.0435028076171875 0.00447845458984373 -0.0805282592773438
-0.14178466796875 0.149078369140625 0.0406341552734375 -0.0858535766601562
-0.149932861328125 0.162109375 0.0777053833007812 -0.126617431640625
-0.126556396484375 0.201400756835938 0.128204345703125 -0.14715576171875
-0.1605224609375 0.143402099609375 0.203445434570313 -0.0955352783203125
-0.234970092773438 0.043182373046875 0.1961669921875 -0.0066680908203125
-0.220901489257813 -0.11895751953125 0.136749267578125 0.1204833984375
-0.012908935546875 -0.307403564453125 0.01348876953125 0.160812377929687
0.175857543945313 -0.246078491210938 -0.0703811645507812 0.014404296875
0.31268310546875 -0.12890625 0.174057006835938 -0.0896759033203125
0.174575805664063 0.0656280517578125 0.311737060546875 -0.231353759765625
0.201980590820313 -0.005706787109375 0.329132080078125 -0.19781494140625
0.144058227539063 -0.154541015625 0.2196044921875 -0.175262451171875
-0.00543212890624998 -0.1580810546875 0.127304077148438 -0.194061279296875
-0.10888671875 -0.0973739624023437 0.0571441650390625 -0.150131225585938
-0.134979248046875 0.0241241455078125 0.055145263671875 -0.110389709472656
-0.0925827026367187 0.0962753295898438 0.072784423828125 -0.143966674804688
-0.099884033203125 0.109092712402344 0.099212646484375 -0.178955078125
-0.0926055908203125 0.140975952148437 0.153671264648438 -0.203140258789063
-0.118911743164063 0.10223388671875 0.238906860351563 -0.135269165039063
-0.176116943359375 0.0244903564453125 0.231201171875 -0.0214385986328125
-0.154739379882812 -0.100814819335938 0.164627075195312 0.110748291015625
0.025787353515625 -0.228759765625 0.02935791015625 0.155776977539062
0.174606323242188 -0.142013549804688 -0.0326747894287109 -0.0173988342285156
0.230010986328125 -0.0111083984375 0.258132934570313 -0.103424072265625
-0.0850906372070313 -0.089141845703125 -0.287689208984375 0.1448974609375
-0.103729248046875 0.0415573120117187 -0.00213241577148438 0.049530029296875
-0.0206146240234375 0.0969390869140625 -0.022979736328125 -0.163955688476563
0.0655632019042969 0.0627975463867188 -0.197769165039062 -0.156417846679687
0.0863876342773438 -0.0037689208984375 -0.265121459960938 -0.011199951171875
0.050689697265625 -0.0593528747558594 -0.26068115234375 0.151321411132812
0.0233383178710937 -0.0456657409667969 -0.15643310546875 0.246734619140625
0.0283374786376953 -0.033538818359375 -0.10394287109375 0.21624755859375
0.0331974029541016 -0.0295200347900391 -0.073028564453125 0.183792114257813
0.0308971405029297 -0.00343894958496094 -0.080322265625 0.15155029296875
0.0109157562255859 0.0309238433837891 -0.07196044921875 0.1611328125
-0.0471382141113281 0.0494766235351563 -0.1256103515625 0.193603515625
-0.0880126953125 -0.0235977172851562 -0.242446899414062 0.171951293945313
-0.0763015747070313 -0.109420776367188 -0.31756591796875 0.2218017578125
-0.0401458740234375 -0.1590576171875 -0.3546142578125 0.234100341796875
0.054901123046875 -0.185272216796875 -0.30792236328125 0.1046142578125
-0.0304489135742187 -0.0782928466796875 -0.0131340026855469 0.0372734069824219
-0.0415687561035156 -0.0400733947753906 -0.017059326171875 -0.1895751953125
-0.0185623168945312 -0.00772666931152344 -0.197296142578125 -0.187149047851563
-0.0175504684448242 -0.00937557220458984 -0.280517578125 -0.0390167236328125
-0.0224380493164063 -0.00259780883789062 -0.27099609375 0.143051147460938
-0.0258216857910156 0.03717041015625 -0.154876708984375 0.24371337890625
-0.0370216369628906 0.0426902770996094 -0.0964202880859375 0.206375122070313
-0.0297508239746094 0.0493392944335937 -0.0593414306640625 0.180267333984375
-0.0519256591796875 0.0307846069335937 -0.05499267578125 0.152679443359375
-0.083892822265625 0.0030364990234375 -0.045318603515625 0.158782958984375
-0.111251831054688 -0.0469512939453125 -0.10235595703125 0.2069091796875
-0.0487518310546875 -0.160415649414063 -0.208587646484375 0.18817138671875
0.0238189697265625 -0.210067749023438 -0.2860107421875 0.227447509765625
0.11566162109375 -0.23931884765625 -0.3216552734375 0.2099609375
0.201980590820313 -0.2470703125 -0.277297973632813 0.0367584228515625
0.076812744140625 -0.186172485351563 0.00273418426513672 0.000457763671874989
-0.0336151123046875 -0.196014404296875 0.0052490234375 -0.223236083984375
-0.0962066650390625 -0.104179382324219 -0.178543090820313 -0.226409912109375
-0.127281188964844 -0.0359420776367188 -0.272659301757813 -0.080291748046875
-0.105377197265625 0.0439605712890625 -0.258773803710938 0.113327026367188
-0.0785980224609375 0.111808776855469 -0.13885498046875 0.211380004882813
-0.0975341796875 0.114654541015625 -0.072479248046875 0.165451049804688
-0.08154296875 0.127082824707031 -0.028106689453125 0.145034790039063
-0.118782043457031 0.0780258178710937 -0.00573730468750002 0.130645751953125
-0.169723510742188 0.00549316406249997 0.00451660156249998 0.145126342773438
-0.185043334960938 -0.104080200195313 -0.0534515380859375 0.2149658203125
-0.0508270263671875 -0.271881103515625 -0.15655517578125 0.206390380859375
0.082000732421875 -0.298187255859375 -0.236602783203125 0.218231201171875
0.235809326171875 -0.298828125 -0.245864868164062 0.165298461914063
0.328216552734375 -0.25640869140625 -0.1925048828125 -0.0445556640625
0.198074340820313 -0.255828857421875 0.0512733459472656 -0.054107666015625
0.0091552734375 -0.338104248046875 0.0487823486328125 -0.2515869140625
-0.1456298828125 -0.21173095703125 -0.130935668945313 -0.260467529296875
-0.218978881835938 -0.0807495117187501 -0.23193359375 -0.125091552734375
-0.18353271484375 0.0712890625 -0.218948364257813 0.0661773681640625
-0.125534057617188 0.164901733398437 -0.106369018554688 0.151443481445313
-0.144546508789063 0.168777465820312 -0.0371170043945313 0.101142883300781
-0.116653442382812 0.191986083984375 0.01251220703125 0.0834808349609375
-0.1607666015625 0.125656127929688 0.0527420043945312 0.0860137939453125
-0.232513427734375 0.0287628173828125 0.06195068359375 0.113723754882812
-0.246170043945312 -0.122634887695313 0.00648498535156248 0.204498291015625
-0.07244873046875 -0.34014892578125 -0.0986328125 0.209213256835937
0.108001708984375 -0.35308837890625 -0.18603515625 0.185333251953125
0.31219482421875 -0.3250732421875 -0.145645141601562 0.100936889648437
0.397186279296875 -0.21636962890625 -0.0634994506835937 -0.123367309570313
0.2965087890625 -0.264495849609375 0.127151489257813 -0.109909057617188
0.07763671875 -0.417999267578125 0.105758666992188 -0.2598876953125
-0.149200439453125 -0.293121337890625 -0.0585784912109375 -0.273101806640625
-0.265777587890625 -0.127670288085938 -0.160614013671875 -0.158279418945313
-0.234542846679688 0.0762939453124999 -0.152755737304688 0.0105133056640625
-0.155059814453125 0.189483642578125 -0.059539794921875 0.0731964111328125
-0.169357299804688 0.1983642578125 0.00319290161132812 0.0235786437988281
-0.132888793945313 0.2296142578125 0.0536346435546875 0.00649261474609376
-0.178451538085938 0.158721923828125 0.10870361328125 0.0228729248046875
-0.262588500976563 0.05413818359375 0.113525390625 0.0680694580078125
-0.27508544921875 -0.11962890625 0.0615692138671875 0.176727294921875
-0.0819091796875 -0.362884521484375 -0.047088623046875 0.195877075195312
0.12432861328125 -0.36224365234375 -0.142745971679688 0.131637573242187
0.3448486328125 -0.305999755859375 -0.0371208190917969 0.0264892578125
0.392120361328125 -0.141357421875 0.08447265625 -0.18499755859375
0.336700439453125 -0.211578369140625 0.212112426757813 -0.155838012695313
0.141815185546875 -0.402740478515625 0.16082763671875 -0.242630004882813
-0.11279296875 -0.31231689453125 0.0202484130859375 -0.257278442382813
-0.2567138671875 -0.15130615234375 -0.07403564453125 -0.16925048828125
-0.242156982421875 0.067138671875 -0.0712661743164063 -0.0402679443359375
-0.157882690429687 0.184524536132813 -0.00846385955810548 -0.0106334686279297
-0.168777465820312 0.19775390625 0.0410728454589844 -0.0562095642089844
-0.1319580078125 0.234649658203125 0.0904388427734375 -0.0760650634765625
-0.1737060546875 0.166763305664063 0.156875610351563 -0.0441131591796875
-0.260147094726563 0.0612640380859375 0.1572265625 0.023223876953125
-0.265609741210938 -0.113998413085937 0.105239868164062 0.143508911132813
-0.065185546875 -0.349639892578125 -0.0088348388671875 0.176223754882812
0.14581298828125 -0.32550048828125 -0.10601806640625 0.0723037719726562
0.34356689453125 -0.24078369140625 0.0689659118652344 -0.0441131591796875
0.312042236328125 -0.043212890625 0.217117309570313 -0.2222900390625
0.2989501953125 -0.11962890625 0.28314208984375 -0.1861572265625
0.161712646484375 -0.304412841796875 0.1995849609375 -0.209182739257813
-0.059661865234375 -0.258895874023438 0.0847320556640625 -0.224761962890625
-0.198516845703125 -0.137039184570313 0.00376892089843749 -0.162353515625
-0.205154418945312 0.0511322021484375 0.00400543212890623 -0.0828399658203125
-0.133575439453125 0.1527099609375 0.0373306274414062 -0.0887680053710937
-0.14227294921875 0.16827392578125 0.0704193115234375 -0.128898620605469
-0.11639404296875 0.204269409179688 0.11962890625 -0.151611328125
-0.152206420898437 0.146453857421875 0.19744873046875 -0.104598999023437
-0.228729248046875 0.052154541015625 0.194259643554687 -0.01171875
-0.222564697265625 -0.108108520507813 0.139854431152344 0.118110656738281
-0.02655029296875 -0.304840087890625 0.01739501953125 0.15936279296875
0.164199829101563 -0.2513427734375 -0.0712356567382812 0.0191650390625
0.30401611328125 -0.14019775390625 0.167098999023438 -0.0927886962890625
0.174041748046875 0.0588226318359375 0.30291748046875 -0.235992431640625
0.199447631835938 -0.0127105712890625 0.32220458984375 -0.204498291015625
0.135009765625 -0.15753173828125 0.214462280273438 -0.178878784179688
-0.01025390625 -0.155624389648437 0.121505737304688 -0.1961669921875
-0.11212158203125 -0.09161376953125 0.0530242919921875 -0.151626586914062
-0.1326904296875 0.02874755859375 0.0533981323242187 -0.113624572753906
-0.0866851806640625 0.0984954833984375 0.06597900390625 -0.147201538085938
-0.0945281982421875 0.113082885742188 0.089263916015625 -0.182357788085938
-0.0845947265625 0.1434326171875 0.142349243164063 -0.20947265625
-0.112442016601563 0.104011535644531 0.230026245117187 -0.144973754882812
-0.17169189453125 0.0310821533203125 0.22772216796875 -0.02740478515625
-0.156143188476562 -0.092529296875 0.1676025390625 0.106414794921875
0.0146331787109375 -0.228225708007813 0.0332183837890625 0.153732299804688
0.166534423828125 -0.14788818359375 -0.0358963012695313 -0.0139923095703125
0.225540161132812 -0.020263671875 0.248764038085937 -0.110198974609375
-0.0863265991210938 -0.0830307006835937 -0.275466918945313 0.158294677734375
-0.100326538085938 0.0470962524414063 0.00308609008789062 0.0488700866699219
-0.0156784057617188 0.0969619750976562 -0.0300750732421875 -0.162445068359375
0.0691299438476563 0.0567550659179688 -0.204071044921875 -0.14593505859375
0.083953857421875 -0.0099334716796875 -0.2662353515625 0.000976562499999983
0.044891357421875 -0.0598373413085938 -0.252853393554688 0.166412353515625
0.01959228515625 -0.0449142456054688 -0.140625 0.256027221679688
0.0254077911376953 -0.0337753295898438 -0.0890350341796875 0.223831176757813
0.0300788879394531 -0.0301418304443359 -0.0610809326171875 0.188873291015625
0.0284519195556641 -0.00501251220703125 -0.0721282958984375 0.156906127929688
0.0106582641601563 0.0292415618896484 -0.0633087158203125 0.165740966796875
-0.042938232421875 0.0509071350097656 -0.114242553710938 0.199356079101563
-0.0871429443359375 -0.0197219848632813 -0.233016967773438 0.183151245117187
-0.0813522338867188 -0.104583740234375 -0.304412841796875 0.233795166015625
-0.0482177734375 -0.15484619140625 -0.3402099609375 0.24908447265625
0.0475921630859375 -0.186920166015625 -0.296417236328125 0.120452880859375
-0.0334091186523438 -0.0767898559570313 -0.00768280029296875 0.0379486083984375
-0.044158935546875 -0.0382080078125 -0.025787353515625 -0.18707275390625
-0.0184116363525391 -0.00807762145996094 -0.206100463867188 -0.17669677734375
-0.019134521484375 -0.00929832458496094 -0.281982421875 -0.0257263183593749
-0.0242481231689453 -0.000959396362304688 -0.262969970703125 0.157684326171875
-0.0241966247558594 0.0397529602050781 -0.13946533203125 0.253219604492188
-0.0350799560546875 0.0467681884765625 -0.082611083984375 0.213150024414063
-0.0274314880371094 0.0517692565917969 -0.047332763671875 0.184555053710938
-0.0521736145019531 0.0338706970214844 -0.0470123291015625 0.156509399414063
-0.085357666015625 0.00664520263671874 -0.0370025634765625 0.162338256835938
-0.113922119140625 -0.0414276123046875 -0.0889434814453125 0.2127685546875
-0.056549072265625 -0.15911865234375 -0.197601318359375 0.198074340820313
0.01373291015625 -0.21063232421875 -0.272476196289062 0.240066528320313
0.103134155273438 -0.243331909179688 -0.3099365234375 0.224945068359375
0.19085693359375 -0.255462646484375 -0.269454956054688 0.0527191162109375
0.0674591064453125 -0.19110107421875 0.00703954696655274 0.00130605697631835
-0.04559326171875 -0.19384765625 -0.00415039062500001 -0.220458984375
-0.10137939453125 -0.100509643554688 -0.189010620117188 -0.21728515625
-0.12969970703125 -0.0288009643554687 -0.276397705078125 -0.067596435546875
-0.104148864746094 0.0496063232421875 -0.252212524414063 0.126205444335937
-0.0717315673828125 0.115707397460937 -0.125244140625 0.21820068359375
-0.0910720825195313 0.122222900390625 -0.0617523193359375 0.171371459960938
-0.073760986328125 0.131942749023438 -0.0193023681640625 0.147308349609375
-0.114898681640625 0.0835494995117188 0.00154876708984376 0.131851196289063
-0.17034912109375 0.0138702392578125 0.0126190185546875 0.14593505859375
-0.19049072265625 -0.0942230224609375 -0.0398101806640625 0.22027587890625
-0.0650482177734375 -0.270462036132813 -0.14630126953125 0.213653564453125
0.066558837890625 -0.30218505859375 -0.224197387695313 0.229461669921875
0.2196044921875 -0.31005859375 -0.237335205078125 0.177947998046875
0.31439208984375 -0.27203369140625 -0.189254760742187 -0.032257080078125
0.184814453125 -0.266265869140625 0.0526199340820313 -0.0533599853515625
-0.01068115234375 -0.33734130859375 0.03680419921875 -0.250274658203125
-0.15618896484375 -0.203643798828125 -0.143142700195312 -0.252899169921875
-0.223709106445313 -0.06817626953125 -0.238250732421875 -0.1143798828125
-0.179473876953125 0.08062744140625 -0.21490478515625 0.0761566162109375
-0.115875244140625 0.17144775390625 -0.095977783203125 0.15545654296875
-0.134292602539063 0.180023193359375 -0.031097412109375 0.10394287109375
-0.104568481445312 0.197555541992188 0.01702880859375 0.08367919921875
-0.153884887695313 0.1328125 0.0576629638671875 0.082427978515625
-0.230178833007813 0.0402984619140625 0.06744384765625 0.111381530761719
-0.252655029296875 -0.109237670898437 0.01947021484375 0.20703125
-0.09173583984375 -0.337249755859375 -0.0878753662109375 0.215057373046875
0.08929443359375 -0.3583984375 -0.175933837890625 0.194503784179687
0.294219970703125 -0.343109130859375 -0.140823364257813 0.109085083007812
0.38543701171875 -0.235992431640625 -0.0649185180664062 -0.116722106933594
0.281829833984375 -0.280975341796875 0.125144958496094 -0.113052368164063
0.0518798828125 -0.421478271484375 0.0929412841796875 -0.26007080078125
-0.16339111328125 -0.283721923828125 -0.0717010498046875 -0.268478393554688
-0.27337646484375 -0.111709594726563 -0.167816162109375 -0.150802612304688
-0.229385375976562 0.088287353515625 -0.150588989257813 0.01666259765625
-0.143035888671875 0.19708251953125 -0.0537948608398438 0.0750808715820313
-0.15753173828125 0.21026611328125 0.00344276428222655 0.023590087890625
-0.118576049804688 0.236770629882812 0.0532646179199219 0.00319671630859376
-0.167816162109375 0.166885375976562 0.109725952148437 0.0166168212890625
-0.257522583007813 0.0672760009765626 0.117286682128906 0.0637359619140625
-0.28094482421875 -0.102767944335937 0.0724639892578125 0.175827026367188
-0.1033935546875 -0.35888671875 -0.038330078125 0.198654174804687
0.10369873046875 -0.366851806640625 -0.135940551757813 0.140235900878906
0.326690673828125 -0.32550048828125 -0.0362739562988281 0.0293235778808594
0.38433837890625 -0.160308837890625 0.0786895751953126 -0.18475341796875
0.324127197265625 -0.230224609375 0.206771850585938 -0.163253784179688
0.116119384765625 -0.409393310546875 0.148727416992188 -0.246353149414063
-0.12786865234375 -0.304412841796875 0.00779724121093751 -0.25653076171875
-0.264541625976563 -0.135894775390625 -0.0814666748046875 -0.166061401367188
-0.23785400390625 0.0797271728515625 -0.0713882446289063 -0.039459228515625
-0.146469116210938 0.19219970703125 -0.00776863098144532 -0.0115432739257812
-0.156570434570313 0.2095947265625 0.0360031127929687 -0.0586929321289062
-0.117630004882812 0.240859985351563 0.0836334228515625 -0.0819091796875
-0.163040161132813 0.174163818359375 0.1536865234375 -0.0545654296875
-0.25384521484375 0.0753631591796875 0.158050537109375 0.016632080078125
-0.270278930664063 -0.0980072021484375 0.1142578125 0.140289306640625
-0.08673095703125 -0.3448486328125 -0.0013427734375 0.176162719726562
0.12689208984375 -0.332061767578125 -0.103736877441406 0.078887939453125
0.327484130859375 -0.260406494140625 0.0646896362304688 -0.0461044311523438
0.307952880859375 -0.059112548828125 0.208175659179688 -0.229248046875
0.29058837890625 -0.135650634765625 0.275039672851563 -0.197052001953125
0.1419677734375 -0.3128662109375 0.189605712890625 -0.21533203125
-0.07293701171875 -0.254486083984375 0.074127197265625 -0.227508544921875
-0.206466674804687 -0.125213623046875 -0.00372314453125001 -0.162796020507813
-0.2015380859375 0.0618743896484375 0.00122833251953123 -0.0857391357421875
-0.122787475585937 0.159042358398438 0.03216552734375 -0.0918960571289062
-0.131362915039063 0.177810668945312 0.0600433349609375 -0.133476257324219
-0.1024169921875 0.209808349609375 0.108551025390625 -0.158859252929688
-0.142059326171875 0.153045654296875 0.189743041992188 -0.115676879882813
-0.223464965820313 0.0639190673828125 0.193038940429687 -0.02008056640625
-0.226608276367188 -0.093475341796875 0.145919799804688 0.112503051757813
-0.046051025390625 -0.301300048828125 0.0239715576171875 0.15765380859375
0.148941040039062 -0.259323120117188 -0.0720291137695312 0.0244293212890625
0.29315185546875 -0.157196044921875 0.159500122070313 -0.100189208984375
0.176254272460938 0.049896240234375 0.2921142578125 -0.248626708984375
0.196548461914062 -0.0236358642578125 0.311065673828125 -0.21734619140625
0.123825073242188 -0.164825439453125 0.205795288085938 -0.187423706054688
-0.0185546875 -0.153701782226563 0.111663818359375 -0.201492309570313
-0.116607666015625 -0.0841217041015625 0.0461273193359375 -0.154067993164063
-0.129676818847656 0.0373153686523437 0.0485305786132813 -0.11883544921875
-0.0791702270507813 0.1021728515625 0.0569000244140625 -0.151779174804688
-0.0864105224609375 0.119537353515625 0.075897216796875 -0.188247680664062
-0.07513427734375 0.147720336914063 0.1275634765625 -0.217544555664062
-0.105552673339844 0.109222412109375 0.220062255859375 -0.158599853515625
-0.167098999023438 0.0408172607421875 0.225753784179688 -0.0381927490234375
-0.159149169921875 -0.082183837890625 0.172744750976563 0.0988311767578125
-0.000335693359375006 -0.226333618164063 0.0396728515625 0.151626586914062
0.155776977539062 -0.157562255859375 -0.0391349792480469 -0.0103111267089844
0.222244262695313 -0.0328826904296875 0.239349365234375 -0.120101928710938
-0.0877304077148438 -0.0758209228515625 -0.257522583007813 0.173507690429688
-0.0942153930664063 0.0527725219726562 0.00902175903320311 0.0476303100585938
-0.00844573974609375 0.0958251953125 -0.039093017578125 -0.158096313476563
0.0711822509765625 0.048828125 -0.209640502929688 -0.1297607421875
0.0802383422851562 -0.016510009765625 -0.262237548828125 0.0175323486328125
0.0383872985839844 -0.0604515075683594 -0.2373046875 0.181060791015625
0.0158805847167969 -0.0434036254882813 -0.118667602539062 0.262893676757813
0.0226345062255859 -0.0335979461669922 -0.0687255859375 0.2281494140625
0.0267372131347656 -0.0312213897705078 -0.0443267822265625 0.191329956054688
0.0253543853759766 -0.00652885437011719 -0.0605010986328125 0.162094116210938
0.0111579895019531 0.0274658203125 -0.0516815185546875 0.1685791015625
-0.0378074645996094 0.0517425537109375 -0.098052978515625 0.202713012695313
-0.0851516723632813 -0.01507568359375 -0.216552734375 0.193344116210938
-0.0867080688476562 -0.0971527099609375 -0.28350830078125 0.24871826171875
-0.05743408203125 -0.146408081054688 -0.31817626953125 0.266326904296875
0.0359039306640625 -0.1865234375 -0.279052734375 0.137680053710938
-0.0372314453125 -0.0737457275390625 -0.000980377197265631 0.0384674072265625
-0.0463066101074219 -0.0346527099609375 -0.03564453125 -0.181488037109375
-0.0189056396484375 -0.00868034362792969 -0.213119506835938 -0.1600341796875
-0.0209827423095703 -0.00829505920410157 -0.280075073242188 -0.00788879394531249
-0.0255527496337891 0.00189399719238281 -0.24810791015625 0.172561645507813
-0.0216445922851562 0.0420608520507812 -0.117782592773437 0.258468627929688
-0.0310020446777344 0.0504837036132812 -0.063262939453125 0.21685791015625
-0.023681640625 0.0533790588378906 -0.032073974609375 0.18560791015625
-0.0505447387695313 0.0365142822265625 -0.034942626953125 0.158889770507813
-0.084869384765625 0.0121536254882813 -0.0255279541015625 0.163711547851563
-0.114280700683594 -0.0337905883789063 -0.072052001953125 0.21539306640625
-0.0655059814453125 -0.154464721679688 -0.181930541992188 0.206710815429687
4.57763671875197E-05 -0.20806884765625 -0.250701904296875 0.251907348632813
0.084991455078125 -0.24456787109375 -0.288909912109375 0.240814208984375
0.171737670898438 -0.263076782226563 -0.2567138671875 0.070159912109375
0.054168701171875 -0.193023681640625 0.0116109848022461 0.00246906280517577
-0.058837890625 -0.187210083007812 -0.016876220703125 -0.214218139648437
-0.106109619140625 -0.0931930541992188 -0.198974609375 -0.20037841796875
-0.130599975585938 -0.0186538696289063 -0.276885986328125 -0.0493316650390625
-0.0994720458984375 0.0564422607421875 -0.23956298828125 0.140869140625
-0.062744140625 0.119674682617187 -0.105712890625 0.222625732421875
-0.0807342529296875 0.129257202148438 -0.0471038818359375 0.173599243164063
-0.0636978149414063 0.135650634765625 -0.00692749023437501 0.1474609375
-0.108390808105469 0.0894317626953125 0.0109100341796875 0.130653381347656
-0.16754150390625 0.0247802734375 0.0216827392578125 0.144393920898438
-0.194091796875 -0.0796966552734375 -0.0223541259765625 0.220657348632813
-0.08258056640625 -0.262832641601563 -0.129974365234375 0.219589233398437
0.046051025390625 -0.300933837890625 -0.204376220703125 0.239669799804688
0.194366455078125 -0.3201904296875 -0.220932006835938 0.190505981445312
0.2926025390625 -0.2882080078125 -0.183212280273437 -0.0176849365234375
0.164016723632812 -0.276107788085938 0.0529556274414063 -0.0537796020507813
-0.035186767578125 -0.3304443359375 0.021728515625 -0.2451171875
-0.166885375976563 -0.19012451171875 -0.156402587890625 -0.238296508789063
-0.225250244140625 -0.05096435546875 -0.242034912109375 -0.098541259765625
-0.170654296875 0.0916595458984375 -0.205520629882813 0.087249755859375
-0.101242065429687 0.1761474609375 -0.0813446044921875 0.158798217773437
-0.118316650390625 0.189346313476563 -0.0231475830078125 0.105575561523438
-0.0885772705078125 0.202316284179687 0.0227890014648438 0.0817489624023438
-0.142196655273437 0.141006469726563 0.0624847412109375 0.077392578125
-0.223663330078125 0.0557098388671875 0.0745925903320312 0.10662841796875
-0.255905151367187 -0.0899658203125 0.03594970703125 0.204513549804688
-0.115478515625 -0.326812744140625 -0.074249267578125 0.217178344726563
0.064117431640625 -0.358306884765625 -0.159957885742188 0.203659057617187
0.263824462890625 -0.3568115234375 -0.130859375 0.117843627929688
0.36474609375 -0.258209228515625 -0.0665054321289062 -0.108169555664063
0.258575439453125 -0.295867919921875 0.119087219238281 -0.116752624511719
0.019927978515625 -0.41595458984375 0.07598876953125 -0.258071899414063
-0.179779052734375 -0.268096923828125 -0.08697509765625 -0.258880615234375
-0.277267456054688 -0.0897216796875 -0.174423217773438 -0.138870239257812
-0.21929931640625 0.10302734375 -0.14617919921875 0.0240478515625
-0.126632690429687 0.20281982421875 -0.0464553833007812 0.0755081176757813
-0.138031005859375 0.2208251953125 0.00459861755371093 0.0238475799560547
-0.098876953125 0.240631103515625 0.0511589050292969 -0.000198364257812485
-0.153579711914063 0.174636840820313 0.10888671875 0.00769042968750001
-0.247772216796875 0.0837249755859376 0.120254516601562 0.0568084716796875
-0.283355712890625 -0.081451416015625 0.0864410400390625 0.170745849609375
-0.129791259765625 -0.345703125 -0.02581787109375 0.199325561523437
0.07696533203125 -0.369110107421875 -0.1246337890625 0.147628784179687
0.297271728515625 -0.3441162109375 -0.0351791381835937 0.0324897766113281
0.368804931640625 -0.1829833984375 0.06927490234375 -0.18408203125
0.30230712890625 -0.2489013671875 0.195846557617188 -0.170562744140625
0.083343505859375 -0.409637451171875 0.132400512695313 -0.247787475585938
-0.146575927734375 -0.290313720703125 -0.008453369140625 -0.252182006835937
-0.270401000976563 -0.114044189453125 -0.0904388427734375 -0.15911865234375
-0.2276611328125 0.0948944091796875 -0.0725936889648438 -0.0373611450195313
-0.129486083984375 0.197174072265625 -0.00735664367675782 -0.0128507614135742
-0.137115478515625 0.219284057617188 0.0291328430175781 -0.0601577758789062
-0.0966033935546875 0.245681762695313 0.0746841430664063 -0.0862503051757812
-0.147064208984375 0.180801391601563 0.1463623046875 -0.065338134765625
-0.242630004882813 0.092041015625 0.156982421875 0.00773620605468751
-0.271530151367188 -0.0764923095703125 0.123855590820312 0.133148193359375
-0.11163330078125 -0.33294677734375 0.00892639160156248 0.173446655273437
0.100738525390625 -0.335235595703125 -0.0980911254882813 0.0853424072265625
0.301971435546875 -0.279632568359375 0.0591239929199219 -0.048065185546875
0.299224853515625 -0.079071044921875 0.192031860351563 -0.236297607421875
0.274795532226562 -0.153106689453125 0.259613037109375 -0.208892822265625
0.1156005859375 -0.316741943359375 0.173202514648438 -0.221420288085938
-0.088653564453125 -0.245101928710937 0.057525634765625 -0.228439331054688
-0.211990356445312 -0.106796264648438 -0.014129638671875 -0.16119384765625
-0.192672729492187 0.0754547119140625 -0.00347900390625002 -0.087890625
-0.108566284179687 0.162979125976563 0.0251388549804687 -0.094757080078125
-0.11492919921875 0.185531616210938 0.0471954345703125 -0.135231018066406
-0.0840606689453125 0.213363647460938 0.0926666259765625 -0.164230346679688
-0.128005981445313 0.15875244140625 0.177154541015625 -0.12896728515625
-0.212631225585938 0.078125 0.188858032226563 -0.0309600830078125
-0.22760009765625 -0.0749359130859375 0.152694702148437 0.102859497070312
-0.069000244140625 -0.291748046875 0.032470703125 0.153961181640625
0.126983642578125 -0.26507568359375 -0.0719070434570312 0.0302581787109375
0.275039672851563 -0.174774169921875 0.147369384765625 -0.107376098632813
0.176589965820313 0.0369873046875 0.272613525390625 -0.2603759765625
0.189865112304688 -0.037109375 0.292022705078125 -0.23095703125
0.108047485351562 -0.170394897460938 0.1915283203125 -0.19647216796875
-0.0283203125 -0.149459838867188 0.09649658203125 -0.206344604492188
-0.120948791503906 -0.0728683471679687 0.035675048828125 -0.15625
-0.123886108398438 0.0469589233398438 0.0406341552734375 -0.123573303222656
-0.0685882568359375 0.104804992675781 0.044219970703125 -0.15509033203125
-0.0747909545898437 0.124107360839844 0.0583343505859375 -0.189926147460938
-0.061614990234375 0.149871826171875 0.106613159179688 -0.223175048828125
-0.0945816040039063 0.112770080566406 0.203811645507813 -0.17303466796875
-0.1585693359375 0.0513916015625 0.219772338867188 -0.0511016845703125
-0.160446166992188 -0.0682220458984375 0.1766357421875 0.087249755859375
-0.0182952880859375 -0.221145629882813 0.047821044921875 0.146575927734375
0.140182495117188 -0.1650390625 -0.0421218872070312 -0.00501251220703127
0.213836669921875 -0.0471343994140625 0.225006103515625 -0.132476806640625
-0.087310791015625 -0.0678863525390625 -0.234100341796875 0.1812744140625
-0.0855560302734375 0.0565109252929687 0.01422119140625 0.0446891784667969
-0.001495361328125 0.0928573608398437 -0.0451202392578125 -0.150100708007813
0.0701866149902344 0.04034423828125 -0.20904541015625 -0.11212158203125
0.0745620727539063 -0.0216827392578125 -0.251388549804688 0.0331268310546875
0.031829833984375 -0.0597953796386719 -0.216812133789063 0.189361572265625
0.011566162109375 -0.0411262512207031 -0.0952301025390625 0.260589599609375
0.0193672180175781 -0.0329875946044922 -0.0484619140625 0.224044799804687
0.0224628448486328 -0.0306358337402344 -0.027557373046875 0.187149047851563
0.0217647552490234 -0.00718498229980469 -0.04852294921875 0.161270141601562
0.0108318328857422 0.0254611968994141 -0.039459228515625 0.166259765625
-0.0324974060058594 0.0513992309570313 -0.082000732421875 0.199951171875
-0.0817337036132812 -0.0104217529296875 -0.196441650390625 0.196548461914063
-0.0891647338867188 -0.0872116088867187 -0.256607055664063 0.252395629882813
-0.0628814697265625 -0.135017395019531 -0.289581298828125 0.271881103515625
0.024658203125 -0.181716918945313 -0.255889892578125 0.148056030273437
-0.0390129089355469 -0.0689544677734375 0.00518035888671874 0.0367965698242187
-0.0467491149902344 -0.0309562683105469 -0.04290771484375 -0.171875
-0.0189476013183594 -0.0093841552734375 -0.214248657226562 -0.140899658203125
-0.0213165283203125 -0.00638389587402344 -0.270675659179688 0.00851440429687498
-0.025146484375 0.004547119140625 -0.228118896484375 0.182373046875
-0.0178985595703125 0.0423583984375 -0.0947113037109375 0.256484985351563
-0.0267524719238281 0.052581787109375 -0.0446319580078125 0.213760375976562
-0.0199775695800781 0.0533790588378906 -0.016510009765625 0.181365966796875
-0.0481986999511719 0.0384597778320312 -0.0238494873046875 0.156570434570313
-0.0824127197265625 0.0165786743164062 -0.014190673828125 0.160110473632813
-0.111778259277344 -0.0259628295898438 -0.05426025390625 0.212188720703125
-0.072723388671875 -0.145965576171875 -0.16265869140625 0.208328247070313
-0.012237548828125 -0.19989013671875 -0.225387573242188 0.255203247070313
0.067291259765625 -0.2392578125 -0.262710571289063 0.247756958007813
0.149520874023438 -0.26416015625 -0.237579345703125 0.081878662109375
0.04058837890625 -0.189849853515625 0.0159692764282227 0.00174331665039061
-0.069549560546875 -0.176651000976563 -0.0265655517578125 -0.203506469726563
-0.107673645019531 -0.0836868286132813 -0.202911376953125 -0.180328369140625
-0.127273559570313 -0.00975799560546878 -0.270233154296875 -0.0314178466796875
-0.09210205078125 0.06072998046875 -0.222213745117188 0.149810791015625
-0.0524368286132813 0.1192626953125 -0.0858154296875 0.220443725585938
-0.0681838989257813 0.131988525390625 -0.031982421875 0.171035766601563
-0.0525054931640625 0.135330200195313 0.00451660156249998 0.142898559570313
-0.099395751953125 0.0931167602539063 0.0185699462890625 0.126014709472656
-0.160690307617187 0.034454345703125 0.0306549072265625 0.13873291015625
-0.19195556640625 -0.064971923828125 -0.00506591796875002 0.214996337890625
-0.0974884033203125 -0.248870849609375 -0.11273193359375 0.21923828125
0.026031494140625 -0.291534423828125 -0.181884765625 0.241943359375
0.16668701171875 -0.318756103515625 -0.1998291015625 0.196380615234375
0.263641357421875 -0.29638671875 -0.171401977539063 -0.00511169433593749
0.140869140625 -0.276397705078125 0.0526847839355469 -0.0541152954101563
-0.05633544921875 -0.315826416015625 0.00845336914062501 -0.23431396484375
-0.172332763671875 -0.172866821289063 -0.163955688476563 -0.219375610351562
-0.220062255859375 -0.0339202880859375 -0.239578247070312 -0.081146240234375
-0.158706665039063 0.0985565185546875 -0.193084716796875 0.0960693359375
-0.085540771484375 0.175567626953125 -0.0670166015625 0.156631469726563
-0.100067138671875 0.191970825195313 -0.0148391723632812 0.10400390625
-0.0709228515625 0.200820922851563 0.0281906127929688 0.0780792236328125
-0.1278076171875 0.143798828125 0.0648841857910156 0.0702133178710938
-0.212112426757813 0.0670318603515625 0.0788040161132812 0.0995407104492187
-0.252365112304687 -0.069366455078125 0.050079345703125 0.196258544921875
-0.1339111328125 -0.306884765625 -0.058563232421875 0.213470458984375
0.039337158203125 -0.348175048828125 -0.141372680664063 0.205184936523437
0.231292724609375 -0.35992431640625 -0.119361877441406 0.121017456054687
0.33538818359375 -0.26983642578125 -0.065277099609375 -0.0986328125
0.22943115234375 -0.30096435546875 0.111824035644531 -0.117538452148438
-0.00796508789062497 -0.401397705078125 0.0604705810546875 -0.249481201171875
-0.18890380859375 -0.246185302734375 -0.0985870361328125 -0.242828369140625
-0.272811889648438 -0.0670928955078125 -0.177093505859375 -0.124099731445313
-0.203536987304688 0.11297607421875 -0.138710021972656 0.0298233032226562
-0.107757568359375 0.201675415039063 -0.038970947265625 0.073699951171875
-0.116714477539063 0.223556518554687 0.00573158264160156 0.0233650207519531
-0.0775146484375 0.238693237304687 0.0491142272949219 -0.00278091430664061
-0.135467529296875 0.17645263671875 0.104713439941406 -0.000503540039062489
-0.231704711914063 0.096038818359375 0.119163513183594 0.0483551025390625
-0.2772216796875 -0.0602569580078125 0.0964508056640625 0.160659790039063
-0.1485595703125 -0.323944091796875 -0.013702392578125 0.193527221679687
0.05072021484375 -0.36004638671875 -0.111587524414063 0.150421142578125
0.26141357421875 -0.34881591796875 -0.0322189331054687 0.0341548919677734
0.343475341796875 -0.19866943359375 0.0599212646484375 -0.178115844726563
0.273849487304688 -0.258270263671875 0.181106567382813 -0.17413330078125
0.05126953125 -0.398193359375 0.114395141601563 -0.24322509765625
-0.158126831054688 -0.269744873046875 -0.0230712890625 -0.240737915039063
-0.267623901367188 -0.0907745361328126 -0.096771240234375 -0.148681640625
-0.211624145507813 0.105545043945313 -0.0716400146484375 -0.0341415405273437
-0.11053466796875 0.19677734375 -0.00761604309082032 -0.0145492553710937
-0.115310668945312 0.221603393554688 0.0229530334472656 -0.0585556030273437
-0.0746002197265625 0.242156982421875 0.064727783203125 -0.0865707397460937
-0.12896728515625 0.182373046875 0.134895324707031 -0.0728988647460937
-0.225570678710937 0.102371215820313 0.152374267578125 -0.00123596191406249
-0.264480590820313 -0.0557403564453125 0.129905700683594 0.121910095214844
-0.13128662109375 -0.311431884765625 0.0174560546875 0.167312622070313
0.075347900390625 -0.3280029296875 -0.0902633666992188 0.0892562866210937
0.2703857421875 -0.2889404296875 0.0524253845214844 -0.048492431640625
0.283447265625 -0.094635009765625 0.174331665039063 -0.236419677734375
0.252731323242188 -0.16497802734375 0.239501953125 -0.21392822265625
0.087921142578125 -0.3101806640625 0.155609130859375 -0.220703125
-0.099822998046875 -0.229660034179688 0.04205322265625 -0.221725463867188
-0.210113525390625 -0.08740234375 -0.02252197265625 -0.154739379882813
-0.179336547851563 0.0845794677734375 -0.00846862792968751 -0.0872955322265625
-0.092559814453125 0.162185668945313 0.0183334350585937 -0.0949249267578125
-0.09600830078125 0.186599731445313 0.0347747802734375 -0.132713317871094
-0.0644989013671875 0.209884643554688 0.07611083984375 -0.1634521484375
-0.111587524414063 0.159133911132813 0.160476684570313 -0.136810302734375
-0.19708251953125 0.0881805419921875 0.180755615234375 -0.03997802734375
-0.222381591796875 -0.056976318359375 0.154083251953125 0.0908203125
-0.0872650146484375 -0.274444580078125 0.0392608642578125 0.146286010742187
0.10418701171875 -0.262115478515625 -0.0687904357910156 0.0364265441894531
0.252273559570313 -0.18536376953125 0.133094787597656 -0.109794616699219
0.17279052734375 0.02362060546875 0.248367309570313 -0.264907836914063
0.178604125976563 -0.0464935302734375 0.267044067382813 -0.23822021484375
0.089813232421875 -0.169815063476563 0.173660278320313 -0.1982421875
-0.0363922119140625 -0.14117431640625 0.08087158203125 -0.2030029296875
-0.12042236328125 -0.0606689453125 0.0254058837890625 -0.153060913085938
-0.115058898925781 0.0529937744140625 0.0321273803710938 -0.125038146972656
-0.057769775390625 0.103523254394531 0.03143310546875 -0.153961181640625
-0.0625839233398437 0.124275207519531 0.041046142578125 -0.185333251953125
-0.0469818115234375 0.147232055664063 0.0847320556640625 -0.221267700195312
-0.0828170776367188 0.113433837890625 0.181869506835938 -0.180023193359375
-0.147171020507813 0.0595703125 0.208831787109375 -0.0611114501953125
-0.156570434570313 -0.0545196533203125 0.175338745117188 0.0742950439453125
-0.0336456298828125 -0.209609985351562 0.0533981323242187 0.138168334960938
0.122543334960938 -0.166915893554688 -0.0430717468261719 -0.00017929077148439
0.200973510742188 -0.059173583984375 0.206283569335938 -0.139114379882813
-0.0847244262695313 -0.0621490478515625 -0.21337890625 0.179733276367187
-0.077911376953125 0.0569381713867188 0.0172920227050781 0.0412216186523438
0.00257873535156251 0.0872726440429688 -0.0474395751953125 -0.1416015625
0.0672416687011719 0.0337791442871094 -0.202499389648438 -0.0991058349609376
0.0686111450195313 -0.0239944458007813 -0.239425659179688 0.040557861328125
0.02685546875 -0.0565338134765625 -0.198745727539062 0.190460205078125
0.00894546508789062 -0.0384597778320313 -0.0776519775390625 0.252838134765625
0.0161495208740234 -0.0309181213378906 -0.0330810546875 0.215484619140625
0.0191154479980469 -0.0292587280273438 -0.01702880859375 0.178848266601563
0.0186386108398438 -0.00724411010742187 -0.03912353515625 0.158233642578125
0.0103797912597656 0.0235576629638672 -0.0307769775390625 0.161636352539063
-0.0277633666992188 0.049224853515625 -0.070281982421875 0.192291259765625
-0.0773773193359375 -0.00844573974609375 -0.179718017578125 0.192230224609375
-0.0879898071289063 -0.0783615112304687 -0.233062744140625 0.2476806640625
-0.0639495849609375 -0.124496459960938 -0.265335083007813 0.266983032226562
0.0172882080078125 -0.173812866210938 -0.23455810546875 0.150161743164062
-0.0396232604980469 -0.0640487670898438 0.00958442687988281 0.0339012145996094
-0.0457344055175781 -0.0278816223144531 -0.0450439453125 -0.16241455078125
-0.0194644927978516 -0.00966262817382813 -0.208450317382813 -0.1265869140625
-0.0212287902832031 -0.00548934936523438 -0.258316040039063 0.0179290771484375
-0.0244197845458984 0.00580596923828125 -0.209945678710937 0.18316650390625
-0.0156707763671875 0.04254150390625 -0.0776824951171875 0.248641967773438
-0.0230255126953125 0.0531845092773438 -0.02972412109375 0.205596923828125
-0.0176658630371094 0.0526046752929688 -0.006378173828125 0.174041748046875
-0.0462646484375 0.0388603210449219 -0.0159149169921875 0.15179443359375
-0.0791473388671875 0.018829345703125 -0.00720214843750002 0.15509033203125
-0.106971740722656 -0.0209197998046875 -0.0426788330078125 0.203277587890625
-0.0753631591796875 -0.13714599609375 -0.147628784179687 0.202590942382813
-0.0189361572265625 -0.188400268554687 -0.203964233398438 0.250045776367187
0.055511474609375 -0.228256225585938 -0.240615844726563 0.244171142578125
0.132354736328125 -0.256912231445313 -0.218917846679688 0.0866546630859375
0.0308990478515625 -0.182083129882812 0.0191135406494141 0.000341415405273426
-0.0738372802734375 -0.165557861328125 -0.0300750732421875 -0.19183349609375
-0.106147766113281 -0.0766525268554688 -0.198089599609375 -0.163986206054688
-0.121726989746094 -0.00321197509765626 -0.259811401367188 -0.02056884765625
-0.0858612060546875 0.0619659423828125 -0.206100463867188 0.15167236328125
-0.0449981689453125 0.116195678710938 -0.0702667236328125 0.212600708007813
-0.0582046508789063 0.130393981933594 -0.0211944580078125 0.164718627929687
-0.0437393188476562 0.132308959960938 0.0118255615234375 0.136466979980469
-0.0919723510742188 0.092559814453125 0.0233840942382813 0.119163513183594
-0.15240478515625 0.0393524169921875 0.0347442626953125 0.132835388183594
-0.18536376953125 -0.0538330078125 0.00524902343749997 0.205169677734375
-0.104263305664063 -0.233718872070312 -0.100479125976562 0.212112426757812
0.0144195556640625 -0.279205322265625 -0.1636962890625 0.236404418945312
0.145782470703125 -0.309783935546875 -0.182662963867188 0.192306518554688
0.24102783203125 -0.2913818359375 -0.159133911132812 0.00167846679687495
0.122695922851563 -0.269149780273438 0.0525131225585938 -0.0533409118652344
-0.068084716796875 -0.297943115234375 0.00280761718749998 -0.221359252929688
-0.17041015625 -0.158203125 -0.163055419921875 -0.201446533203125
-0.211654663085937 -0.0220947265625 -0.232330322265625 -0.06903076171875
-0.1468505859375 0.100051879882813 -0.179534912109375 0.0977325439453125
-0.07464599609375 0.170562744140625 -0.0566558837890625 0.149932861328125
-0.085052490234375 0.18963623046875 -0.00849151611328126 0.100143432617188
-0.057647705078125 0.194595336914063 0.031036376953125 0.0738372802734375
-0.116470336914063 0.14166259765625 0.0646400451660156 0.0641021728515625
-0.199813842773437 0.0728302001953125 0.0793838500976562 0.0933914184570313
-0.243179321289062 -0.0555572509765625 0.058197021484375 0.185775756835938
-0.14117431640625 -0.2869873046875 -0.0490264892578125 0.20623779296875
0.023223876953125 -0.332916259765625 -0.12701416015625 0.200973510742188
0.20477294921875 -0.35015869140625 -0.108818054199219 0.119651794433594
0.308746337890625 -0.270965576171875 -0.061614990234375 -0.0906448364257813
0.205718994140625 -0.29669189453125 0.106582641601563 -0.115219116210938
-0.026214599609375 -0.382171630859375 0.0505828857421875 -0.237213134765625
-0.189590454101563 -0.227508544921875 -0.102203369140625 -0.225830078125
-0.262252807617188 -0.0521697998046875 -0.173934936523438 -0.112579345703125
-0.1890869140625 0.114913940429688 -0.131057739257813 0.0321273803710938
-0.093475341796875 0.195755004882813 -0.0328445434570313 0.0695838928222656
-0.0991668701171875 0.2203369140625 0.00630187988281249 0.0222816467285156
-0.0618438720703125 0.231124877929688 0.0468025207519531 -0.00370788574218749
-0.121551513671875 0.1727294921875 0.0991744995117188 -0.00530242919921874
-0.217269897460938 0.100173950195312 0.116630554199219 0.0432205200195313
-0.265655517578125 -0.0453033447265625 0.100936889648437 0.150924682617188
-0.157745361328125 -0.30157470703125 -0.0068817138671875 0.18524169921875
0.03472900390625 -0.343719482421875 -0.101333618164063 0.148056030273437
0.235443115234375 -0.342559814453125 -0.0298728942871094 0.0341835021972656
0.319671630859375 -0.203155517578125 0.054779052734375 -0.1710205078125
0.249893188476563 -0.257186889648437 0.169265747070313 -0.17059326171875
0.030364990234375 -0.38018798828125 0.101943969726563 -0.233444213867188
-0.161346435546875 -0.250244140625 -0.02984619140625 -0.227096557617188
-0.258270263671875 -0.074310302734375 -0.0980224609375 -0.139190673828125
-0.197235107421875 0.108932495117187 -0.0694770812988281 -0.0324745178222656
-0.096160888671875 0.189926147460937 -0.00801658630371094 -0.0161218643188476
-0.0981903076171875 0.217178344726563 0.018310546875 -0.0566864013671875
-0.0587158203125 0.232894897460938 0.05718994140625 -0.0846633911132813
-0.114730834960938 0.177413940429687 0.124420166015625 -0.0757064819335937
-0.209716796875 0.107574462890625 0.145263671875 -0.00541687011718749
-0.253448486328125 -0.041748046875 0.131027221679688 0.111907958984375
-0.1395263671875 -0.289825439453125 0.0221710205078125 0.159194946289063
0.0574951171875 -0.3143310546875 -0.083709716796875 0.0906219482421875
0.2442626953125 -0.2845458984375 0.0477676391601563 -0.0471000671386719
0.2662353515625 -0.102798461914063 0.160079956054688 -0.2298583984375
0.233383178710938 -0.166595458984375 0.2215576171875 -0.210906982421875
0.068023681640625 -0.298187255859375 0.141281127929688 -0.213455200195313
-0.104293823242187 -0.21368408203125 0.03289794921875 -0.211013793945313
-0.2030029296875 -0.0733642578125 -0.0274200439453125 -0.14752197265625
-0.165969848632813 0.08819580078125 -0.0115737915039063 -0.0857772827148438
-0.08050537109375 0.156204223632813 0.0124130249023437 -0.0933761596679687
-0.081451416015625 0.182510375976563 0.0261459350585938 -0.126548767089844
-0.0496978759765625 0.201797485351562 0.0633392333984375 -0.158233642578125
-0.098388671875 0.15435791015625 0.145309448242187 -0.136749267578125
-0.182052612304688 0.0917510986328125 0.170913696289063 -0.0439453125
-0.212661743164063 -0.0443878173828125 0.152511596679688 0.0817413330078125
-0.095489501953125 -0.25555419921875 0.0411453247070312 0.138160705566406
0.0874786376953125 -0.252716064453125 -0.06585693359375 0.0397148132324219
0.230941772460938 -0.186203002929688 0.12188720703125 -0.107833862304688
0.165084838867188 0.0142974853515625 0.229324340820313 -0.259170532226563
0.166839599609375 -0.0526275634765625 0.24615478515625 -0.235366821289063
0.0760498046875 -0.163726806640625 0.159271240234375 -0.19390869140625
-0.0409393310546875 -0.131866455078125 0.0699462890625 -0.195785522460938
-0.11651611328125 -0.0517959594726562 0.0187530517578125 -0.147857666015625
-0.105545043945313 0.0558853149414063 0.0249099731445312 -0.123374938964844
-0.0498046875 0.0989532470703125 0.02239990234375 -0.1495361328125
-0.052093505859375 0.120613098144531 0.029296875 -0.177536010742188
-0.03631591796875 0.141098022460938 0.068939208984375 -0.213165283203125
-0.0730133056640625 0.109786987304688 0.163726806640625 -0.179290771484375
-0.136154174804688 0.0616607666015625 0.196990966796875 -0.0657958984375
-0.149795532226563 -0.04486083984375 0.170333862304688 0.0643768310546875
-0.0419158935546875 -0.196548461914063 0.054351806640625 0.130241394042969
0.107757568359375 -0.163345336914062 -0.0425376892089844 0.00487518310546875
0.187896728515625 -0.06353759765625 0.189483642578125 -0.1376953125
-0.0818023681640625 -0.0581283569335937 -0.200942993164063 0.1759033203125
-0.0725250244140625 0.0568695068359375 0.0197181701660156 0.0383338928222656
0.00495147705078125 0.0829696655273437 -0.0462188720703125 -0.136802673339844
0.0634574890136719 0.0298690795898438 -0.196060180664062 -0.0930328369140625
0.0647659301757813 -0.0246009826660156 -0.231002807617188 0.0422821044921875
0.0235977172851563 -0.053619384765625 -0.18841552734375 0.187408447265625
0.00768280029296875 -0.0353507995605469 -0.0671234130859375 0.245361328125
0.0152072906494141 -0.0292015075683594 -0.024322509765625 0.20794677734375
0.0164966583251953 -0.02740478515625 -0.0111846923828125 0.172531127929688
0.015742301940918 -0.00637149810791016 -0.0342254638671875 0.155731201171875
0.00908279418945313 0.0224380493164063 -0.0267333984375 0.157241821289063
-0.025390625 0.04681396484375 -0.0648040771484375 0.185882568359375
-0.0743179321289063 -0.00738525390624999 -0.17083740234375 0.185958862304688
-0.0855789184570313 -0.072784423828125 -0.219970703125 0.240005493164062
-0.0623550415039063 -0.11639404296875 -0.250381469726562 0.257461547851563
0.013885498046875 -0.168182373046875 -0.220260620117187 0.146621704101563
-0.0383033752441406 -0.0611343383789063 0.0133018493652344 0.0312328338623047
-0.0444984436035156 -0.0265998840332031 -0.04473876953125 -0.156036376953125
-0.01983642578125 -0.0100975036621094 -0.2021484375 -0.11865234375
-0.0214385986328125 -0.004058837890625 -0.249847412109375 0.021240234375
-0.0241012573242188 0.00700187683105469 -0.198928833007813 0.180221557617188
-0.0145187377929687 0.0421867370605469 -0.067230224609375 0.240127563476563
-0.0205574035644531 0.0527229309082031 -0.0216827392578125 0.198837280273438
-0.0162734985351563 0.0522613525390625 -0.000473022460937492 0.167678833007813
-0.0451393127441406 0.0395545959472656 -0.011932373046875 0.147781372070313
-0.0771942138671875 0.0196456909179687 -0.00390625 0.150848388671875
-0.103050231933594 -0.0188751220703125 -0.03680419921875 0.196533203125
-0.0751724243164063 -0.131607055664062 -0.140640258789063 0.196075439453125
-0.0209197998046875 -0.180099487304688 -0.192047119140625 0.242111206054688
0.050048828125 -0.219924926757813 -0.228378295898438 0.235626220703125
0.123077392578125 -0.250030517578125 -0.20489501953125 0.0858917236328125
0.0267333984375 -0.175750732421875 0.022705078125 -0.00110626220703126
-0.075347900390625 -0.15771484375 -0.0296630859375 -0.184127807617188
-0.104103088378906 -0.07330322265625 -0.1932373046875 -0.154647827148438
-0.117568969726562 -0.000556945800781271 -0.251968383789063 -0.0152435302734375
-0.081939697265625 0.0615158081054687 -0.195709228515625 0.149337768554688
-0.0411834716796875 0.113273620605469 -0.0625457763671875 0.205490112304687
-0.0518035888671875 0.129005432128906 -0.0144805908203125 0.159393310546875
-0.0392227172851563 0.128578186035156 0.015838623046875 0.130752563476563
-0.0877304077148438 0.0909957885742188 0.0250091552734375 0.115310668945313
-0.147415161132813 0.0409088134765625 0.0363235473632813 0.129150390625
-0.179885864257813 -0.04852294921875 0.0104522705078125 0.197067260742188
-0.1060791015625 -0.223587036132812 -0.0944671630859375 0.2052001953125
0.00856018066406249 -0.267837524414063 -0.153167724609375 0.228927612304687
0.135833740234375 -0.299560546875 -0.1734619140625 0.18719482421875
0.225830078125 -0.284912109375 -0.148284912109375 0.00367736816406251
0.11297607421875 -0.260955810546875 0.053924560546875 -0.0524520874023438
-0.073028564453125 -0.284698486328125 0.001617431640625 -0.212432861328125
-0.167129516601562 -0.149795532226563 -0.159378051757813 -0.191024780273437
-0.204177856445313 -0.016021728515625 -0.22607421875 -0.0629119873046875
-0.139114379882813 0.0988998413085937 -0.171890258789063 0.0969696044921875
-0.067596435546875 0.165435791015625 -0.05072021484375 0.14398193359375
-0.0761566162109375 0.185943603515625 -0.00450897216796876 0.0970535278320313
-0.05047607421875 0.189132690429688 0.03302001953125 0.0709609985351563
-0.109550476074219 0.138259887695313 0.0629615783691406 0.0606269836425781
-0.191452026367188 0.073822021484375 0.0790634155273437 0.08966064453125
-0.234939575195313 -0.049072265625 0.0617218017578125 0.178466796875
-0.144027709960937 -0.273666381835938 -0.044952392578125 0.199386596679687
0.01702880859375 -0.320220947265625 -0.119354248046875 0.195083618164063
0.1903076171875 -0.33984375 -0.102767944335937 0.116409301757813
0.2926025390625 -0.267242431640625 -0.0561370849609375 -0.0858154296875
0.192047119140625 -0.28839111328125 0.104911804199219 -0.112449645996094
-0.0360107421875 -0.366180419921875 0.048065185546875 -0.22747802734375
-0.186614990234375 -0.21551513671875 -0.10040283203125 -0.214950561523438
-0.253585815429688 -0.043212890625 -0.169891357421875 -0.106582641601563
-0.180160522460938 0.113815307617187 -0.126274108886719 0.0317840576171875
-0.0861663818359375 0.189682006835938 -0.0306625366210937 0.0651741027832031
-0.0888519287109375 0.215179443359375 0.00678634643554687 0.0218620300292969
-0.05352783203125 0.223464965820313 0.0457038879394531 -0.00350189208984374
-0.113143920898438 0.167800903320312 0.0940933227539063 -0.00717926025390624
-0.206436157226563 0.101104736328125 0.114105224609375 0.040771484375
-0.256271362304688 -0.038330078125 0.103561401367188 0.143966674804688
-0.15924072265625 -0.286102294921875 -0.00474548339843752 0.179595947265625
0.02630615234375 -0.3304443359375 -0.0959320068359375 0.145126342773437
0.219482421875 -0.333160400390625 -0.0288181304931641 0.0338134765625
0.30474853515625 -0.20281982421875 0.0535888671875 -0.165298461914063
0.234207153320313 -0.251556396484375 0.162887573242188 -0.16650390625
0.01885986328125 -0.365325927734375 0.0972747802734375 -0.22332763671875
-0.159805297851563 -0.238037109375 -0.030792236328125 -0.21612548828125
-0.24932861328125 -0.06475830078125 -0.0970687866210938 -0.133186340332031
-0.186065673828125 0.10845947265625 -0.0672073364257813 -0.0316658020019531
-0.089202880859375 0.183609008789063 -0.00867176055908203 -0.0175437927246094
-0.0868377685546875 0.211959838867187 0.0162544250488281 -0.0541114807128906
-0.048919677734375 0.224578857421875 0.053131103515625 -0.0818405151367187
-0.105850219726563 0.17083740234375 0.116729736328125 -0.07598876953125
-0.19830322265625 0.106948852539062 0.141189575195313 -0.00718688964843749
-0.24395751953125 -0.03424072265625 0.130096435546875 0.106124877929688
-0.141586303710938 -0.274749755859375 0.0217132568359375 0.153732299804687
0.04876708984375 -0.303009033203125 -0.0800018310546875 0.0903472900390625
0.2279052734375 -0.2783203125 0.04425048828125 -0.0447845458984375
0.254013061523438 -0.104965209960937 0.153091430664063 -0.222702026367188
0.219406127929688 -0.16436767578125 0.2113037109375 -0.204574584960938
0.057586669921875 -0.28668212890625 0.134872436523438 -0.20556640625
-0.103927612304688 -0.202911376953125 0.029937744140625 -0.202438354492188
-0.197219848632813 -0.065399169921875 -0.0281982421875 -0.142730712890625
-0.157012939453125 0.0877532958984375 -0.01324462890625 -0.08526611328125
-0.0735626220703125 0.150665283203125 0.00877380371093749 -0.092803955078125
-0.072174072265625 0.177841186523438 0.0213470458984375 -0.121726989746094
-0.0416412353515625 0.194259643554688 0.0567474365234375 -0.152664184570313
-0.091064453125 0.148666381835938 0.134941101074219 -0.135398864746094
-0.1719970703125 0.0911865234375 0.16510009765625 -0.044525146484375
-0.203567504882813 -0.0383148193359375 0.150192260742187 0.076385498046875
-0.0984344482421875 -0.243087768554687 0.040008544921875 0.133743286132812
0.07818603515625 -0.244415283203125 -0.0640525817871094 0.0412712097167969
0.217514038085938 -0.182876586914062 0.114715576171875 -0.104087829589844
0.158935546875 0.0093841552734375 0.2186279296875 -0.251571655273438
0.157669067382813 -0.05389404296875 0.234207153320313 -0.227203369140625
0.0679473876953125 -0.157699584960938 0.152252197265625 -0.18756103515625
-0.0411224365234375 -0.125556945800781 0.065704345703125 -0.188583374023438
-0.112518310546875 -0.046478271484375 0.0159454345703125 -0.143798828125
-0.099395751953125 0.05535888671875 0.0211181640625 -0.122261047363281
-0.0455093383789062 0.0946502685546875 0.0164642333984375 -0.146194458007813
-0.046051025390625 0.117080688476562 0.0222320556640625 -0.170135498046875
-0.0299530029296875 0.1351318359375 0.0596771240234375 -0.205947875976563
-0.0677032470703125 0.106559753417969 0.151931762695313 -0.175430297851563
-0.12811279296875 0.0619430541992188 0.189178466796875 -0.065673828125
-0.143508911132813 -0.0402679443359375 0.165939331054688 0.060211181640625
-0.0449371337890625 -0.186614990234375 0.0527114868164062 0.125503540039063
0.0990753173828125 -0.158203125 -0.0427436828613281 0.00771713256835937
0.17913818359375 -0.0646209716796875 0.17962646484375 -0.133285522460938
-0.0805282592773438 -0.0562286376953125 -0.194549560546875 0.173583984375
-0.0695915222167969 0.0563316345214844 0.0218429565429687 0.0367698669433594
0.005889892578125 0.080841064453125 -0.0452880859375 -0.135574340820312
0.0613288879394531 0.0276069641113281 -0.192886352539063 -0.0904083251953125
0.0623741149902344 -0.0251693725585938 -0.228256225585938 0.0439300537109375
0.0219497680664063 -0.05145263671875 -0.183578491210937 0.18780517578125
0.00680160522460938 -0.0337200164794922 -0.0603485107421875 0.242385864257812
0.0144786834716797 -0.0280914306640625 -0.0184783935546875 0.204345703125
0.0147190093994141 -0.0255889892578125 -0.0089569091796875 0.169876098632813
0.0138950347900391 -0.00471019744873047 -0.0316162109375 0.156005859375
0.00754547119140625 0.0220756530761719 -0.02435302734375 0.1566162109375
-0.02362060546875 0.0446090698242188 -0.0631561279296875 0.183502197265625
-0.0729827880859375 -0.00746917724609374 -0.168289184570312 0.182220458984375
-0.0838699340820312 -0.0686569213867188 -0.213958740234375 0.234344482421875
-0.0605239868164063 -0.112869262695313 -0.247039794921875 0.253860473632813
0.0127105712890625 -0.1650390625 -0.212448120117188 0.144912719726562
-0.0369491577148437 -0.0600204467773438 0.0159320831298828 0.0292034149169922
-0.0446357727050781 -0.025848388671875 -0.0431365966796875 -0.154373168945312
-0.0208511352539062 -0.0106391906738281 -0.198776245117187 -0.115631103515625
-0.0212383270263672 -0.00410079956054687 -0.247344970703125 0.0232086181640625
-0.0240631103515625 0.00789642333984375 -0.194137573242188 0.180465698242188
-0.013427734375 0.0423660278320312 -0.0615692138671875 0.237747192382813
-0.0187339782714844 0.0536842346191406 -0.01629638671875 0.195419311523438
-0.0155677795410156 0.0533294677734375 0.00294494628906251 0.164886474609375
-0.0455856323242188 0.0400619506835938 -0.00968933105468749 0.147933959960938
-0.0777664184570313 0.0211029052734375 -0.00224304199218749 0.150192260742188
-0.1015625 -0.0187454223632813 -0.034210205078125 0.19378662109375
-0.0758209228515625 -0.129318237304687 -0.137741088867187 0.193084716796875
-0.02154541015625 -0.175933837890625 -0.186264038085938 0.237686157226562
0.048553466796875 -0.215713500976563 -0.22393798828125 0.231689453125
0.119308471679687 -0.246627807617188 -0.197982788085937 0.0851287841796875
0.025177001953125 -0.17364501953125 0.0257015228271484 -0.00247955322265626
-0.0770263671875 -0.154373168945312 -0.0285186767578125 -0.18133544921875
-0.10400390625 -0.0714340209960937 -0.190231323242188 -0.150360107421875
-0.115997314453125 0.00167846679687502 -0.249755859375 -0.013519287109375
-0.0800552368164063 0.0612564086914062 -0.191452026367188 0.149261474609375
-0.0384368896484375 0.11212158203125 -0.0578765869140625 0.202133178710938
-0.0481719970703125 0.128578186035156 -0.010345458984375 0.156723022460938
-0.0369796752929687 0.128158569335938 0.0190582275390625 0.129440307617188
-0.08624267578125 0.0907058715820312 0.0258712768554687 0.114730834960938
-0.1463623046875 0.042694091796875 0.0378189086914062 0.128410339355469
-0.177322387695312 -0.0468292236328125 0.0133819580078125 0.194854736328125
-0.10760498046875 -0.2196044921875 -0.0924072265625 0.202651977539062
0.00697326660156251 -0.263442993164062 -0.1490478515625 0.225387573242187
0.13134765625 -0.295654296875 -0.170150756835938 0.18438720703125
0.21875 -0.283172607421875 -0.142837524414063 0.00376892089843746
0.108718872070312 -0.258163452148438 0.0561714172363281 -0.0532913208007813
-0.07647705078125 -0.279296875 0.00306701660156249 -0.2083740234375
-0.166702270507813 -0.1466064453125 -0.156784057617188 -0.186080932617188
-0.201248168945313 -0.0128021240234375 -0.225326538085938 -0.0602569580078125
-0.136146545410156 0.0982208251953125 -0.169052124023438 0.0961456298828125
-0.06439208984375 0.16339111328125 -0.0475616455078125 0.140609741210938
-0.0704498291015625 0.185104370117187 -0.00177764892578126 0.0959091186523438
-0.0461883544921875 0.187728881835938 0.0346908569335938 0.0698432922363281
-0.106735229492187 0.13702392578125 0.0624580383300781 0.0595359802246094
-0.188003540039063 0.0757598876953125 0.0792922973632812 0.08953857421875
-0.2325439453125 -0.0455474853515625 0.06488037109375 0.17523193359375
-0.14605712890625 -0.267227172851563 -0.044525146484375 0.197418212890625
0.0135498046875 -0.314910888671875 -0.116104125976563 0.19317626953125
0.18524169921875 -0.337188720703125 -0.101318359375 0.114776611328125
0.28656005859375 -0.266693115234375 -0.05242919921875 -0.0844345092773438
0.1861572265625 -0.285614013671875 0.105598449707031 -0.111953735351563
-0.04022216796875 -0.358856201171875 0.0484466552734375 -0.222854614257813
-0.185317993164062 -0.210525512695312 -0.0986175537109375 -0.209426879882813
-0.25067138671875 -0.0392150878906251 -0.16949462890625 -0.103775024414063
-0.175399780273438 0.112899780273438 -0.124755859375 0.030792236328125
-0.0825653076171875 0.186798095703125 -0.0300445556640625 0.0623435974121094
-0.082733154296875 0.214218139648438 0.00732994079589843 0.0211524963378906
-0.0477142333984375 0.2200927734375 0.0461502075195313 -0.00419998168945311
-0.109466552734375 0.165115356445312 0.0914306640625 -0.00821685791015624
-0.20172119140625 0.102142333984375 0.113700866699219 0.040191650390625
-0.252639770507813 -0.035369873046875 0.105445861816406 0.140472412109375
-0.161209106445313 -0.278976440429688 -0.00495910644531251 0.1773681640625
0.022552490234375 -0.325653076171875 -0.094329833984375 0.144607543945312
0.21240234375 -0.330780029296875 -0.0287227630615234 0.0341129302978515
0.296905517578125 -0.203369140625 0.054901123046875 -0.16259765625
0.227325439453125 -0.249343872070313 0.162582397460938 -0.164321899414063
0.013580322265625 -0.358367919921875 0.0965118408203125 -0.219085693359375
-0.158203125 -0.231887817382813 -0.0301513671875 -0.211257934570313
-0.246185302734375 -0.0597076416015625 -0.0971755981445313 -0.131263732910156
-0.181930541992188 0.108123779296875 -0.0673713684082031 -0.0332565307617188
-0.0853118896484375 0.181015014648438 -0.00962066650390626 -0.0196876525878906
-0.0804290771484375 0.210311889648438 0.0149650573730469 -0.0542411804199219
-0.0435943603515625 0.221420288085938 0.0517578125 -0.0812149047851562
-0.102264404296875 0.16864013671875 0.112991333007813 -0.0759735107421875
-0.193267822265625 0.1072998046875 0.140480041503906 -0.00760650634765624
-0.239151000976563 -0.031646728515625 0.131546020507812 0.103302001953125
-0.14306640625 -0.26806640625 0.021209716796875 0.152938842773437
0.04437255859375 -0.298675537109375 -0.079376220703125 0.0919113159179687
0.22186279296875 -0.275787353515625 0.0427703857421875 -0.0431785583496094
0.248992919921875 -0.107040405273438 0.152389526367188 -0.219680786132813
0.213165283203125 -0.163619995117188 0.20819091796875 -0.201400756835938
0.05157470703125 -0.280517578125 0.133956909179688 -0.201751708984375
-0.103729248046875 -0.198089599609375 0.0299072265625 -0.198455810546875
-0.193893432617188 -0.0609283447265625 -0.029510498046875 -0.141677856445313
-0.1527099609375 0.08807373046875 -0.0142364501953125 -0.0864105224609375
-0.0709381103515625 0.14776611328125 0.00580596923828124 -0.093170166015625
-0.0662689208984375 0.176071166992187 0.0182876586914062 -0.119850158691406
-0.036590576171875 0.19012451171875 0.052764892578125 -0.150741577148438
-0.0879364013671875 0.146194458007813 0.129852294921875 -0.134223937988281
-0.166885375976563 0.0908966064453125 0.163558959960938 -0.044769287109375
-0.199386596679688 -0.0355377197265625 0.149887084960938 0.073883056640625
-0.100509643554688 -0.235763549804688 0.0388946533203125 0.132339477539063
0.073974609375 -0.240432739257812 -0.0637741088867188 0.0439643859863281
0.211502075195312 -0.181930541992187 0.111625671386719 -0.1014404296875
0.155807495117187 0.0059356689453125 0.215301513671875 -0.247100830078125
0.152816772460938 -0.0531158447265625 0.22998046875 -0.223358154296875
0.06268310546875 -0.1536865234375 0.150787353515625 -0.184356689453125
-0.0416793823242187 -0.122016906738281 0.0645294189453125 -0.185256958007812
-0.11065673828125 -0.043853759765625 0.01507568359375 -0.142745971679687
-0.09625244140625 0.0558929443359375 0.0186920166015625 -0.123069763183594
-0.043853759765625 0.0923614501953125 0.01226806640625 -0.145828247070313
-0.0418701171875 0.115020751953125 0.0185394287109375 -0.16680908203125
-0.0256576538085937 0.132270812988281 0.0545654296875 -0.202926635742188
-0.065155029296875 0.104286193847656 0.145492553710938 -0.174514770507813
-0.124336242675781 0.0613250732421875 0.18743896484375 -0.0654449462890625
-0.139389038085938 -0.0378570556640625 0.164749145507813 0.058135986328125
-0.0471649169921875 -0.181076049804688 0.0507431030273437 0.124038696289062
0.094451904296875 -0.156265258789062 -0.0429229736328125 0.0112190246582031
0.174789428710938 -0.0651702880859375 0.175323486328125 -0.1314697265625
-0.081390380859375 -0.0544204711914062 -0.18994140625 0.1773681640625
-0.066741943359375 0.0568351745605469 0.0242080688476562 0.0356216430664063
0.00811004638671874 0.0805511474609375 -0.0472946166992188 -0.136306762695313
0.0604362487792969 0.0265007019042969 -0.194671630859375 -0.08770751953125
0.0614738464355469 -0.0269279479980469 -0.22955322265625 0.049163818359375
0.0203399658203125 -0.0507240295410156 -0.180374145507813 0.194580078125
0.00640869140625 -0.0324020385742188 -0.052093505859375 0.244308471679688
0.0138912200927734 -0.0273094177246094 -0.0110626220703125 0.204696655273438
0.0133934020996094 -0.0238914489746094 -0.00384521484375001 0.17138671875
0.012481689453125 -0.00348472595214844 -0.0275115966796875 0.15985107421875
0.00716400146484375 0.0221691131591797 -0.0207977294921875 0.158966064453125
-0.0228691101074219 0.0433845520019531 -0.0603179931640625 0.185714721679688
-0.0731658935546875 -0.00666809082031251 -0.16717529296875 0.18450927734375
-0.084197998046875 -0.0657424926757813 -0.2091064453125 0.23626708984375
-0.0621490478515625 -0.110923767089844 -0.245315551757813 0.255401611328125
0.00982666015625001 -0.165420532226563 -0.209182739257812 0.147811889648438
-0.0374984741210938 -0.0595626831054687 0.0185737609863281 0.0276298522949219
-0.046417236328125 -0.0250968933105469 -0.0443267822265625 -0.154937744140625
-0.0227260589599609 -0.0108566284179688 -0.2010498046875 -0.112457275390625
-0.0218410491943359 -0.00374221801757813 -0.249069213867187 0.0287780761718749
-0.0250949859619141 0.00894737243652343 -0.19110107421875 0.186050415039063
-0.0128021240234375 0.0439376831054687 -0.0540771484375 0.239471435546875
-0.0165481567382812 0.0555076599121094 -0.00849914550781248 0.195785522460938
-0.01519775390625 0.0553817749023438 0.00825500488281251 0.165481567382812
-0.0461769104003906 0.0426902770996094 -0.00561523437499999 0.150802612304688
-0.078460693359375 0.0234375 0.00148010253906249 0.152481079101563
-0.102546691894531 -0.0179443359375 -0.0300445556640625 0.195587158203125
-0.0794219970703125 -0.128997802734375 -0.136337280273438 0.1953125
-0.023773193359375 -0.1744384765625 -0.182022094726562 0.239761352539063
0.0454559326171875 -0.21636962890625 -0.222122192382813 0.234695434570313
0.114822387695313 -0.250198364257813 -0.194671630859375 0.0877532958984375
0.0222015380859375 -0.17462158203125 0.0290241241455078 -0.0043315887451172
-0.081817626953125 -0.152725219726562 -0.0298004150390625 -0.181655883789063
-0.106544494628906 -0.0705032348632813 -0.1923828125 -0.147796630859375
-0.116195678710938 0.00445556640624999 -0.2528076171875 -0.00788879394531255
-0.0796356201171875 0.0629653930664063 -0.18951416015625 0.154022216796875
-0.0364303588867188 0.114028930664063 -0.052154541015625 0.203521728515625
-0.0437774658203125 0.131752014160156 -0.0041351318359375 0.157608032226563
-0.033172607421875 0.130226135253906 0.0236968994140625 0.129310607910156
-0.0860214233398437 0.093780517578125 0.0292739868164063 0.11663818359375
-0.146820068359375 0.046478271484375 0.0409011840820313 0.129852294921875
-0.179580688476563 -0.043792724609375 0.018951416015625 0.19500732421875
-0.114181518554687 -0.217926025390625 -0.090972900390625 0.204605102539063
0.00225830078124998 -0.263259887695312 -0.144882202148437 0.2283935546875
0.126495361328125 -0.299163818359375 -0.168350219726562 0.187240600585937
0.214752197265625 -0.288818359375 -0.139839172363281 0.00520324707031249
0.10308837890625 -0.26171875 0.0590934753417969 -0.0559005737304688
-0.084808349609375 -0.277542114257813 0.0014801025390625 -0.2083740234375
-0.170272827148438 -0.144500732421875 -0.159011840820312 -0.183944702148438
-0.202392578125 -0.00779724121093753 -0.228790283203125 -0.056243896484375
-0.135055541992187 0.101028442382813 -0.167556762695313 0.0994720458984375
-0.06109619140625 0.165542602539063 -0.044036865234375 0.14105224609375
-0.0644073486328125 0.188690185546875 0.00199890136718749 0.095947265625
-0.0408172607421875 0.18939208984375 0.0379447937011719 0.069000244140625
-0.104820251464844 0.139968872070312 0.0640640258789063 0.0595169067382813
-0.187545776367188 0.0804901123046875 0.0825119018554687 0.0900421142578125
-0.23504638671875 -0.04071044921875 0.0710601806640625 0.174880981445313
-0.153564453125 -0.265213012695313 -0.042938232421875 0.200027465820312
0.00772094726562501 -0.316162109375 -0.113494873046875 0.195556640625
0.1788330078125 -0.342376708984375 -0.10052490234375 0.116622924804687
0.279754638671875 -0.273269653320313 -0.0509262084960938 -0.0847702026367188
0.18023681640625 -0.29022216796875 0.107009887695313 -0.114891052246094
-0.05126953125 -0.357879638671875 0.0475311279296875 -0.223602294921875
-0.190170288085937 -0.20855712890625 -0.0999298095703125 -0.208023071289063
-0.252182006835938 -0.0326690673828125 -0.17431640625 -0.101165771484375
-0.173370361328125 0.117340087890625 -0.124702453613281 0.03271484375
-0.078277587890625 0.189407348632813 -0.0287094116210938 0.0619964599609375
-0.0753936767578125 0.217910766601562 0.00788497924804687 0.0210399627685547
-0.0410614013671875 0.22161865234375 0.0462837219238281 -0.00583267211914061
-0.106246948242188 0.167755126953125 0.0909805297851563 -0.00978088378906249
-0.199920654296875 0.107070922851563 0.116317749023437 0.0392913818359375
-0.25506591796875 -0.0298614501953125 0.110801696777344 0.138763427734375
-0.168807983398437 -0.275711059570313 -0.00346374511718753 0.179763793945312
0.015594482421875 -0.32672119140625 -0.0924072265625 0.14837646484375
0.20709228515625 -0.3370361328125 -0.0281562805175781 0.0353126525878906
0.29351806640625 -0.210723876953125 0.0548248291015625 -0.164306640625
0.22137451171875 -0.25347900390625 0.162017822265625 -0.16802978515625
0.00238037109374997 -0.358062744140625 0.095703125 -0.219924926757813
-0.163787841796875 -0.230316162109375 -0.0315399169921875 -0.21063232421875
-0.248703002929688 -0.0534210205078125 -0.101280212402344 -0.130996704101562
-0.179977416992188 0.112380981445313 -0.069580078125 -0.0339736938476562
-0.08209228515625 0.1834716796875 -0.0116748809814453 -0.0212688446044922
-0.07440185546875 0.213531494140625 0.0133476257324219 -0.0544357299804687
-0.036376953125 0.221542358398438 0.0497512817382813 -0.0828170776367187
-0.0987548828125 0.170059204101562 0.110160827636719 -0.0787200927734375
-0.190475463867188 0.111480712890625 0.141799926757813 -0.00932312011718749
-0.240859985351563 -0.0267486572265625 0.136192321777344 0.100601196289063
-0.15130615234375 -0.264236450195313 0.0225067138671875 0.153961181640625
0.037750244140625 -0.299407958984375 -0.078704833984375 0.0953216552734375
0.217529296875 -0.28155517578125 0.0422325134277344 -0.0434722900390625
0.246551513671875 -0.114105224609375 0.150283813476563 -0.221969604492188
0.209197998046875 -0.167221069335938 0.207595825195312 -0.2049560546875
0.0432281494140625 -0.280258178710938 0.133270263671875 -0.203399658203125
-0.10797119140625 -0.196945190429688 0.0283355712890625 -0.199111938476563
-0.19598388671875 -0.055572509765625 -0.032470703125 -0.142593383789063
-0.151092529296875 0.0917205810546875 -0.0174789428710938 -0.089263916015625
-0.06793212890625 0.149337768554688 0.00178527832031249 -0.0953750610351562
-0.060577392578125 0.17791748046875 0.0147018432617188 -0.120147705078125
-0.03045654296875 0.190536499023438 0.0487213134765625 -0.151611328125
-0.0848388671875 0.147354125976563 0.12567138671875 -0.1375732421875
-0.163833618164062 0.0949554443359375 0.16412353515625 -0.0475006103515625
-0.200225830078125 -0.031890869140625 0.15374755859375 0.070770263671875
-0.106552124023437 -0.233062744140625 0.0392913818359375 0.133834838867187
0.066925048828125 -0.241806030273438 -0.0638809204101563 0.0476150512695312
0.208511352539062 -0.187423706054687 0.1102294921875 -0.102836608886719
0.155227661132813 0.001251220703125 0.213485717773438 -0.250732421875
0.150665283203125 -0.0557403564453125 0.227859497070312 -0.227005004882812
0.0576171875 -0.154129028320312 0.149017333984375 -0.186874389648438
-0.0439453125 -0.121231079101563 0.0624847412109375 -0.186660766601563
-0.111274719238281 -0.03973388671875 0.01220703125 -0.145431518554688
-0.0944976806640625 0.05853271484375 0.0147323608398438 -0.126373291015625
-0.0417404174804687 0.093017578125 0.00736999511718748 -0.147415161132812
-0.0382614135742188 0.115615844726563 0.0126800537109375 -0.1668701171875
-0.0216598510742187 0.131805419921875 0.048187255859375 -0.20367431640625
-0.0630111694335938 0.105331420898437 0.14080810546875 -0.177780151367188
-0.122581481933594 0.064117431640625 0.1873779296875 -0.0703277587890625
-0.139396667480469 -0.0355377197265625 0.167205810546875 0.0552215576171875
-0.051300048828125 -0.179061889648438 0.05230712890625 0.12518310546875
0.090362548828125 -0.157333374023438 -0.0442428588867187 0.0152091979980469
0.17340087890625 -0.06890869140625 0.173370361328125 -0.132827758789063
0.0173276969800636 0.0701794343997252 -0.242538538314842 -0.0670757926646247
0.0837738423557898 0.0144017402296582 -0.0201269958348805 0.0240357307197134
0.069038536029738 -0.0421021316528796 0.0850185916393746 -0.123729068623991
-0.0020613657969116 -0.0639561350970119 -0.0318419931637592 -0.206716570119697
-0.0426566971482291 -0.0318909991207782 -0.172314930850371 -0.173577888060649
-0.0291308464838661 -0.000901147296840644 -0.249401425758501 -0.0671992510871115
-0.0276907824280247 -0.0034705931034705 -0.243906790468784 0.0440058790850645
-0.0290914954863718 -0.00690481002661121 -0.197419641069272 0.0924747478779909
-0.023266881153311 -0.00960839390197485 -0.159900577675584 0.0722127846206232
-0.010470378352198 -0.0170013663441524 -0.15048305029584 0.0561134606546742
0.0144355328321028 -0.0271355233107331 -0.160500716769059 0.0587175693710917
0.0543301966215785 -0.0165985009003163 -0.201626639684423 0.0273298070903951
0.0623881568790003 0.0444589762617297 -0.236942933562747 -0.041760576846595
0.0126459836908723 0.0885367259217823 -0.291947272799861 -0.0627512198695156
-0.0455820264394025 0.0873705533722099 -0.332512177810211 -0.0268548530579294
-0.116877540373857 0.0586517776697617 -0.22114148120561 -0.0785075316265596
-0.0283206615817452 0.0659180371272088 2.79080134074437E-05 0.0349053795408557
0.0148899349057179 0.0667567933836124 0.133026410813875 -0.132268721774816
0.0253131481052161 0.0352388410606396 0.0066881180114189 -0.242052477421463
0.0373558375316674 0.0126011055512113 -0.165922680739962 -0.216221135474031
0.045387525676508 -0.00258452234683917 -0.252169702084797 -0.0909099877028702
0.0495694275797252 -0.0266643091119858 -0.245763589883514 0.0285417866371471
0.0499297190637834 -0.0384107465884532 -0.19418695126162 0.0842821297301029
0.0601556139107666 -0.0315935320010558 -0.153172318061653 0.0719617362896672
0.0621462636049442 -0.000176232695885915 -0.130234120319115 0.0592162308235239
0.072476189610641 0.0350896690422928 -0.135459907566511 0.0673751660207997
0.049552411135793 0.0886029279836288 -0.179133117559124 0.0604816182554802
-0.0148993984461829 0.135296147342527 -0.220370255928659 -0.00360572744302037
-0.106367017382317 0.107422186264717 -0.282824315655904 -0.0226929548850114
-0.180791808640716 0.0580316672597433 -0.313808327060399 -0.00989076819296226
-0.240702860940353 0.0261077254207305 -0.160014643741062 -0.0784570806915208
-0.158921425087266 0.0950407133391508 0.0462176387104365 0.0528580755924632
-0.069751002291975 0.174520865515254 0.199232604964194 -0.12582633946557
0.033603189935194 0.1521235819194 0.0688952876162271 -0.265946357123208
0.113947491155811 0.0775301630507944 -0.133165867740057 -0.255043530941173
0.119927689570094 0.00826233303460098 -0.226303158865009 -0.11483851776145
0.123395261938626 -0.0406350257429238 -0.2153718499758 0.00550571186624173
0.12161810393845 -0.0649549547438177 -0.161172407350157 0.0642113410948275
0.13254296525832 -0.0576589629675292 -0.117641546800396 0.0634626379902006
0.125687939036425 -0.000162965476428218 -0.0845970437716455 0.0624902430425743
0.133668804532867 0.069224769064987 -0.0901996821743522 0.0843927992461142
0.0732691822010004 0.170368541064763 -0.141598603893521 0.101692979246806
-0.0519776713186993 0.220485422952873 -0.195286884219901 0.0434512838205395
-0.190014106738753 0.141350094138292 -0.254289041472616 0.0141633744317405
-0.285606156593364 0.0393733489095525 -0.25463905386705 0.0118681557890052
-0.329646479540271 -0.0232174005363602 -0.0633576283182821 -0.0616775902134408
-0.281671396161647 0.0903217992489796 0.111425176545914 0.0794967461481185
-0.172339466646971 0.254128594500606 0.269973112790166 -0.0972286454484956
0.0119665824162026 0.262256315531037 0.145258779045678 -0.260076287730288
0.166723339590378 0.153510669252429 -0.0709107413271761 -0.273209595190148
0.18063306415219 0.0317871054975808 -0.169580567941647 -0.130822629008386
0.181568700087315 -0.0425567608299491 -0.156400975797114 -0.0189275075782177
0.176017012165305 -0.0828558054909069 -0.103926815798856 0.0350857098729359
0.185124453899412 -0.0816595923751063 -0.0592270133239677 0.04510707852234
0.171933824968089 -0.0106128851738182 -0.0213528211320941 0.0575347276566653
0.183613530663511 0.0767090590282876 -0.0313517826227459 0.095439982920704
0.106920644784639 0.216177875040927 -0.0902656668188376 0.133535782064173
-0.0572679528308424 0.279338134424932 -0.15794708505127 0.0812851696832507
-0.234316030528512 0.170533865265534 -0.210322637633864 0.0317984820085042
-0.347650793719731 0.0246912267272841 -0.166055163166454 0.0275702858646466
-0.361718098157271 -0.0717034478927342 0.0560452641372449 -0.0296122710137698
-0.356569601358107 0.0537065989036553 0.184753796549433 0.111014075310426
-0.262104694546927 0.275380547448239 0.322355232269391 -0.0449622162943643
-0.0322649050553793 0.32707132414829 0.214964972561733 -0.217334990865774
0.180809740146771 0.213550172588476 0.0070894654517518 -0.255710369015689
0.211728665298915 0.0571707240645823 -0.0897380877794214 -0.129908630366567
0.210930629421834 -0.035367572632332 -0.0764856275473177 -0.0389295846517213
0.202941812989033 -0.0887571047134992 -0.0316470050796592 0.003099963009665
0.20925875618061 -0.0960436936706168 0.0104234311663823 0.0185180865177048
0.193659694587324 -0.0230495102232404 0.0472376027320658 0.0437175729468057
0.208814780580428 0.069995891549231 0.0310997522000934 0.0978634913771056
0.126264332721329 0.227256950760564 -0.0363987900247427 0.148692524424149
-0.0565064300150759 0.297841698666535 -0.118932539843882 0.102327326246394
-0.246944487603136 0.174306188527166 -0.160470539990124 0.027836832511956
-0.358986421627728 0.00540189548568813 -0.0637825671540616 0.0340239135829886
-0.327164376010088 -0.102689412886733 0.173496636370751 0.0115795066414521
-0.357318822174343 0.00228841197067749 0.248395961044482 0.13829511680636
-0.297345386894246 0.2323010199671 0.338614252503609 0.013925045465878
-0.0754541504953196 0.319648867232544 0.254260464073934 -0.146815165810559
0.156462899201417 0.22964539222008 0.0781081494089088 -0.203702127426643
0.205656862695293 0.0704787574192066 -0.00410135526973756 -0.111003071256127
0.205562395995136 -0.0242507250790849 0.0090153593313025 -0.052025443365194
0.199096730478561 -0.0812509854659257 0.0429829126168325 -0.0293552627641136
0.205096469676656 -0.0938222102220948 0.0823432791753689 -0.0116239274516591
0.190513985604898 -0.0263106888673066 0.114333035251701 0.0276421250102159
0.20358588042536 0.0617442009210885 0.0868727329608533 0.0981880189955655
0.117434035235933 0.215026469388837 0.0085146533931565 0.154181672121219
-0.0634505685102 0.278030398966641 -0.0863326820847547 0.110074592654165
-0.240850542744574 0.144803523645758 -0.112615836175738 0.0122474259687599
-0.324691407901951 -0.0255940199378684 0.0356339247335383 0.035805673514296
-0.234777527326578 -0.108825512600558 0.268360986680219 0.04685713268148
-0.282447713009963 -0.0381718640618576 0.292667638137482 0.148721617145037
-0.261607730948889 0.151812505135305 0.320108454094831 0.0584609419876333
-0.0922562354965797 0.248378311239694 0.258121307938464 -0.0768225421969031
0.109404352666673 0.195213271208582 0.127512850384392 -0.138345822787556
0.164553230735121 0.0657128464214989 0.0694172854812221 -0.0838537108388718
0.167836181735586 -0.0133214723020745 0.0843763584259546 -0.060038706022598
0.165747633340499 -0.0627177717854811 0.108684585410225 -0.0581008520267152
0.172256496728196 -0.0759806892775764 0.147544932338393 -0.0380219761036918
0.16422221437992 -0.0191969464483071 0.171375724547323 0.0155183032470712
0.171336705197543 0.056584385132708 0.133248470233861 0.104427119874229
0.0864361325636707 0.184702880986041 0.0393774093910943 0.1602907111006
-0.0763450784955997 0.227064218314387 -0.0648524536354147 0.113998997045503
-0.215873567251759 0.0906277425650863 -0.0706446696054405 -0.00273875295713667
-0.250787667071959 -0.0616906967520386 0.121589535648776 0.043308190274271
-0.101334229521247 -0.0910877869272589 0.320733271150155 0.0637982554654294
-0.155872927039529 -0.0593975519298249 0.312164299371972 0.132696525374365
-0.167522891055528 0.0639524146607482 0.282756796930325 0.071356374704418
-0.0757629264633429 0.139765918582016 0.237059267640329 -0.0324758487191134
0.0537088703332791 0.123851138847429 0.150297221861976 -0.0866343128829054
0.100570086157545 0.0462900853692026 0.118246215056485 -0.0628218693931138
0.103572687453084 -0.00379322812315935 0.137533217203544 -0.0644432803857408
0.106780433948746 -0.0354112838855755 0.1567150922413 -0.0779498087549355
0.116597236470111 -0.0461091826592779 0.198480536688522 -0.0548887460042358
0.116532026224065 -0.00710766230032109 0.213536106997343 0.0152899976950924
0.119373989382143 0.0477625275790127 0.163406233518714 0.122064300346674
0.0451531142581019 0.137005508600748 0.0528351366589922 0.171033531826296
-0.0808487802080069 0.151536543808501 -0.0587555135092652 0.119891719856483
-0.16731612665684 0.0258319904895058 -0.0389971975250052 -0.00965290108087635
-0.145739499056623 -0.0907593954757271 0.185777766998536 0.0605883839471777
0.0210319015806575 0.0682292468660456 -0.243229220822681 -0.0521638679948393
0.0822564994797876 0.00973805422642243 -0.0168123819976238 0.0265050805651157
0.0658399358456133 -0.0459582146136024 0.0794196321021318 -0.127294977306082
-0.00445695217593628 -0.0628652379629012 -0.0426249249737982 -0.204855962651122
-0.0442763988375372 -0.0274134014613489 -0.182307785721778 -0.163306981238878
-0.0276406252302301 0.000864561888136627 -0.252817127553699 -0.0514094568800975
-0.0272293687085483 -0.00301320183259014 -0.238881049163592 0.0600968717447138
-0.0288938554448958 -0.00560519243735819 -0.188151244107453 0.104660189651661
-0.0223723591216205 -0.0088108542988483 -0.155251802246515 0.0826294014342528
-0.0097863240089266 -0.0170086195426676 -0.147914083482673 0.0661214368266975
0.013302353150116 -0.0276058724131113 -0.15695654094942 0.067818494013411
0.0514551127580937 -0.0186035897393813 -0.198620481390263 0.0383521399651409
0.0644946560363785 0.0409719041262519 -0.237660180546876 -0.0314092314447359
0.0172151779165888 0.084669710972085 -0.291404370767786 -0.0486736841042691
-0.0402554243088658 0.0881940818890091 -0.333079592949099 -0.0123522708809698
-0.113538010147051 0.0643579082866128 -0.222416862385076 -0.0642259529634056
-0.0254741495306119 0.067562985470957 0.00472882926463516 0.035522422359446
0.0185865649024567 0.0656893306462002 0.126577782178666 -0.138167955303418
0.0269519031154804 0.0352552550801515 -0.00467647468467975 -0.240482526071549
0.0378037330996945 0.0110883429547933 -0.177823383761057 -0.20612903610075
0.0461978628204477 -0.00497542032587191 -0.256651195171817 -0.076173675633873
0.0482570387985557 -0.0300952503464233 -0.241304891842567 0.0439590412264723
0.0474608184198966 -0.0421682884425573 -0.18550226957501 0.0974901732367637
0.0588366324038404 -0.0360041855962669 -0.148479112318791 0.0820231232357887
0.0633309569433734 -0.00375380800601731 -0.127246155851423 0.0684991653932781
0.075369919716162 0.030644305169884 -0.131549078397681 0.0758679043128404
0.0539017303010173 0.0867838565236643 -0.173819973436549 0.0707443555154823
-0.00723558523040314 0.13558466855472 -0.219823837119937 0.00699685087020898
-0.100020937389055 0.110737572407386 -0.280216359626748 -0.00920029797872371
-0.176365968220093 0.0662979763455867 -0.31310495294696 0.0050839727068511
-0.238202145789677 0.0391707824178079 -0.161228132516991 -0.0676593049042744
-0.152739828222961 0.103048556678973 0.0511587705754361 0.05072006629817
-0.0581506405586626 0.178043809180041 0.192881364071576 -0.13529913010279
0.0414685103004951 0.150692619079328 0.0556765555164065 -0.267640073519066
0.117783421964958 0.0713712472743474 -0.147796451409758 -0.246571542278964
0.120291259459142 0.00222180851623535 -0.231897200394158 -0.101520392592075
0.120677558953885 -0.0482506818823052 -0.212269506231752 0.0189781260284089
0.116790190463646 -0.0733288889084905 -0.153958809361581 0.0746510136439471
0.129168078356802 -0.0667375115245062 -0.112384754360318 0.0713309274129763
0.12608294879472 -0.00701737508214208 -0.0811446913782179 0.0684538932421883
0.138125188379748 0.06052670021885 -0.0857490978975864 0.0912298430684021
0.0825667204004145 0.166414889555736 -0.133894138459275 0.10976334707908
-0.0381803976749767 0.222762652811728 -0.192995139163111 0.0522662573379365
-0.181931642269917 0.149155649310989 -0.251761897565028 0.0270297141800638
-0.282399919899621 0.0544283434308837 -0.253208843976363 0.0245243863023156
-0.329536101517237 -0.0036710487844079 -0.0631153203854209 -0.0567239641854256
-0.274585539114634 0.105100880773681 0.117812630150648 0.0742971528664637
-0.155231644559468 0.262970372827527 0.26448008805924 -0.110375878080129
0.0261195525866699 0.261185526373592 0.131674118847661 -0.26546601305641
0.174994970503453 0.142383804461482 -0.0879578669428026 -0.26779054854598
0.181958278315442 0.0217541831694962 -0.176030902959332 -0.120864134599484
0.177542082911579 -0.0526743276133147 -0.155244908745731 -0.00983238201856232
0.168925665454746 -0.0952711205409477 -0.099765164702404 0.0423780214102119
0.17884567371362 -0.094313762805133 -0.0560544291007862 0.0490426246427761
0.170899659540229 -0.0203987261070371 -0.0186683158422524 0.0595827787370128
0.187588585135282 0.0653251829266756 -0.02658684407069 0.0992325057212895
0.119229438609383 0.210069070791248 -0.0806056319460411 0.138506540183524
-0.0397251578361727 0.281750916226133 -0.154734120374702 0.0885054396480068
-0.223890986590503 0.181892169708678 -0.208125271972741 0.0432651835816257
-0.345318078822488 0.0437783276941374 -0.16407857335411 0.0360990981787696
-0.363666006177806 -0.0503620997772398 0.056064828510836 -0.0305877972688084
-0.350822390068164 0.0720261759118177 0.190861292760507 0.101383241044061
-0.242581243571589 0.289916751183197 0.319176249640095 -0.0601416380572907
-0.0148763109878619 0.328237833047046 0.203257173220243 -0.225455587947414
0.192970059133036 0.200129395741386 -0.00892396229450492 -0.254587968871614
0.214108328133439 0.0451984350351565 -0.0961732415749 -0.124811116714915
0.207344394479378 -0.0473580995500524 -0.0778941824475919 -0.0352399948200599
0.195436034533035 -0.10179958586904 -0.0312829032146292 0.00480701465611196
0.201654498641832 -0.108827637711422 0.0119782245984543 0.018214800861506
0.191134819359005 -0.0331730353162701 0.0494895780727304 0.0408836171515589
0.212017470008158 0.0574346373549128 0.0360425374150981 0.0980372153471133
0.138675630788203 0.219372495336124 -0.0263757414221759 0.150920546807079
-0.0374137806170948 0.299488492227168 -0.114860445220078 0.108006946927641
-0.236006819356758 0.186671310421986 -0.159093128533278 0.0373498143374409
-0.358037961356526 0.0260147623782687 -0.0621356252728243 0.0372041284732197
-0.332406684913431 -0.0837509644888828 0.174750659559788 0.0042686383399147
-0.35400177834895 0.0211615306426203 0.255201308030795 0.125150903961716
-0.281194809367498 0.246928647969525 0.336849433753469 -0.00184416968701757
-0.0585391666699139 0.322512906011195 0.245866253754237 -0.156993410034339
0.16934649176665 0.218071459514173 0.0658986645155508 -0.206861980031076
0.20796575367133 0.058012292272834 -0.00961199580045898 -0.11137696719673
0.202920534300617 -0.0350842708938884 0.006122086573905 -0.0540924526447782
0.192485877760134 -0.0936170116147662 0.0406336916811356 -0.0325941230842386
0.196546066686835 -0.107370035173236 0.0810753778368253 -0.0163509614307969
0.187953612427484 -0.0367706425238857 0.114392972059371 0.0200102432880243
0.204789535517678 0.0494079598466697 0.0926354332243729 0.0946782168102777
0.128867552113194 0.207919302792025 0.0187822256215218 0.153802810476859
-0.0455335801198475 0.279733745819588 -0.0819457998726159 0.114298534193014
-0.230403210555857 0.157662080299055 -0.11315395107005 0.0189278854176399
-0.324415429964689 -0.00661364916189406 0.0371407159326623 0.0335053152845824
-0.240563184436395 -0.0937329383670679 0.269564810480792 0.0340944609149975
-0.281295289302044 -0.0231490652673038 0.299018531643122 0.133497685526961
-0.249218843867456 0.16587351935614 0.321498453467452 0.0425584263418014
-0.0773093989102579 0.251270539464264 0.253578736536621 -0.0884644462236919
0.120516955927486 0.186361995277175 0.118246298347052 -0.145930720948311
0.167564995562578 0.0549516088646819 0.0648959086619133 -0.0895246137234891
0.16557357722602 -0.0226403746738761 0.0803952118574854 -0.0674522253025503
0.159968996594889 -0.0732274295111429 0.103530099012722 -0.0649090852843395
0.165030262492518 -0.086604515511281 0.143303587720506 -0.0478417924398894
0.161561987107928 -0.0284041793872748 0.170650293169927 0.00539322136685296
0.172922856965348 0.0452666678123615 0.138783867331266 0.0974928612190506
0.0960295183390418 0.178959748106127 0.0486953196762384 0.157849816650759
-0.0617455850814253 0.229150788226529 -0.0608426433386396 0.117395109358937
-0.208203027701775 0.102106608550734 -0.0728984892190563 0.00225975956545275
-0.25324105485962 -0.04604943144773 0.123348254967194 0.0367336772503583
-0.105584675783982 -0.0834936332501098 0.322529347131974 0.0476294035210098
-0.156717610854024 -0.051045180628125 0.316137052898767 0.116430061540145
-0.160727354939962 0.0726952120864321 0.284470087669933 0.0567128044734209
-0.0671284329936415 0.1427261775237 0.234771659634739 -0.0433866256552738
0.0610369055168522 0.118145676419019 0.144503015649903 -0.0948968110637406
0.102193971922913 0.0392482336079972 0.114638830780423 -0.0707697130555908
0.102337099565658 -0.00983252270142687 0.132670445869822 -0.0749014684660397
0.103338531538197 -0.0420600800115621 0.148973251776224 -0.0873238549130142
0.111482429750713 -0.0523889926599108 0.193189440582606 -0.0671702140204369
0.115268784200102 -0.0130430226816963 0.213093650314754 0.00220020215398269
0.119522587679248 0.0403130409144068 0.170176671449629 0.113537265250834
0.0516314325462888 0.133035536750538 0.0613274684793251 0.167990436939114
-0.0707193791564312 0.154354246243292 -0.0544842565770161 0.122615249151162
-0.162449371605131 0.0352520228190846 -0.0417541737018994 -0.00611941176864289
-0.149747408139446 -0.081134149501534 0.188424459077589 0.0504136723452662
0.0231963650906457 0.0648191972702621 -0.238277877494604 -0.0386976655176206
0.0792630811763323 0.00559017918544683 -0.0126410484590793 0.0279975089009524
0.0609600983799535 -0.0476528255918071 0.0727351446175424 -0.128309293953986
-0.00725760052680723 -0.0596563816885043 -0.0503716117440813 -0.198788637088455
-0.0436753443061287 -0.02246299388818 -0.186322075606407 -0.150325899210708
-0.02595584655621 0.00147280165197603 -0.250432886068939 -0.0365565844780156
-0.0261611167273599 -0.00231337005840675 -0.227734967603544 0.072168425885975
-0.0287164893190695 -0.00389780892311585 -0.174686649974493 0.113519131050636
-0.0219387862400589 -0.00834992547654408 -0.147225574079082 0.0903376700008035
-0.00924191860795215 -0.0165979631958322 -0.141008515334341 0.0749946116634496
0.0128383588768283 -0.0270904883105829 -0.149852492013228 0.0748892622847617
0.0490237896172221 -0.0193842131793843 -0.191523768983722 0.0471994924525299
0.0644858956224194 0.0366491494891234 -0.233589446183265 -0.0205607495943543
0.019525810546371 0.0806838563020037 -0.282981062123772 -0.0360246828635179
-0.0346751223684206 0.0873430641833831 -0.326664150945506 0.00251315448668762
-0.107918164579763 0.0679625657827834 -0.217915848596341 -0.050514586295403
-0.0228080483883177 0.0671121138763654 0.00865935972972044 0.0353287326822188
0.0218182040176018 0.0636064808136959 0.118622921031578 -0.140515256460156
0.0286181137468883 0.0342991807080297 -0.0154865681399101 -0.234728124920158
0.0381339882873416 0.0104801557523522 -0.185602347918091 -0.192324425007071
0.0451213100584113 -0.00744405987333923 -0.255118878643281 -0.0596533029999063
0.0455999180408602 -0.0325732649706427 -0.230140659995525 0.0573646143538822
0.0434363079612533 -0.0450054758434351 -0.172493147012783 0.106199110747227
0.0556714516474983 -0.0398633865167166 -0.139476680457352 0.0898354363438071
0.0623602744426274 -0.00725673153219211 -0.121114195624447 0.0758012374855723
0.0763895294881492 0.0255869599406072 -0.125336221021595 0.0826646678882838
0.0573539265920201 0.0829460673348531 -0.165354290010044 0.0775174983475097
9.02106229843033E-05 0.133118807032539 -0.214405397612921 0.0160495491461058
-0.0935619059506742 0.111840662898111 -0.271974498510651 0.00327530420388027
-0.168865718033175 0.0736712980476126 -0.306468453801328 0.0183730046750084
-0.230879834319158 0.0503529631822134 -0.158196048643802 -0.0573940104712727
-0.144743333424068 0.108116077965194 0.0546889526017206 0.0470950972645904
-0.0465861221467368 0.176337064481436 0.183190835003649 -0.140907916922988
0.0480122708733505 0.146266233771724 0.041996894927286 -0.263437110235369
0.11878568135126 0.0635991482762469 -0.158099585746752 -0.232863894380104
0.118909557941448 -0.0039146591449202 -0.231704153888072 -0.0873020826458511
0.115347042580503 -0.0538754333084232 -0.204782441508351 0.0312094253242822
0.108948392916781 -0.0797576877715162 -0.143560103217105 0.0827739285336995
0.121885013613041 -0.0739578271658743 -0.105155461622221 0.0770516466002339
0.123074684913091 -0.0131054163923263 -0.0755981545418146 0.0733999892285388
0.138963844145491 0.051709222762407 -0.0793409444265096 0.0950443721410653
0.090118465412825 0.159708887031593 -0.123347202748511 0.113886912386968
-0.0243528114559045 0.219660047656687 -0.186537493772631 0.0595910794989299
-0.170847017834613 0.15456351984952 -0.242898457430039 0.0376891249783565
-0.27351202382504 0.0670731370765216 -0.246734568869008 0.0356997727587425
-0.322426370273513 0.0139603478733732 -0.0628186781876685 -0.0504542839705607
-0.262548964657405 0.115327089826441 0.120333454736472 0.0663864884466815
-0.135579619434287 0.264283450568808 0.253535395458152 -0.119406590297201
0.0390964448905218 0.25548998976112 0.117354418048853 -0.264396791312461
0.178417295698678 0.129677117062075 -0.100835309436247 -0.256481990513352
0.179542438072769 0.0120063353067786 -0.177887494562655 -0.109249028760842
0.169875660962527 -0.0615420500047945 -0.15118874481448 -0.000710393761778811
0.158893307740277 -0.103700063686549 -0.0932446198654817 0.0474400108614473
0.16776744792969 -0.103588589365661 -0.0510012045331794 0.0522971801302187
0.16582925363475 -0.0290471122931044 -0.0150754218926672 0.0604353494282528
0.18699830361012 0.0535823365919083 -0.0203029125058615 0.10114637783129
0.127877237557981 0.199810483999137 -0.0702719230190947 0.13979983083027
-0.0224536483092825 0.277380932984964 -0.148667182451376 0.0940879928824291
-0.20931498934816 0.189543231801121 -0.200546806995225 0.0522245817929142
-0.334756648136123 0.0612173519710245 -0.158816282091276 0.0433554612041695
-0.356755334830485 -0.0303424023875564 0.0537622951236789 -0.0313602559049558
-0.338139518473045 0.0886918023286181 0.193163686876193 0.0893048916755319
-0.219218629416528 0.294465496522182 0.309345968148826 -0.0729454179421665
0.00142125157396124 0.321848352964342 0.189402271749653 -0.227544827422929
0.199654707677856 0.18490669339439 -0.0234335785852542 -0.247660514764331
0.212072252792695 0.0327374941710318 -0.0994610931181415 -0.117579124719211
0.20012792180604 -0.0570236544176693 -0.0768695722517496 -0.0306786078264482
0.183782485187703 -0.112367747103647 -0.0291676892527524 0.00652290900083571
0.189577784955254 -0.119588282137032 0.0131897728980284 0.017507113252238
0.1850762376466 -0.0424498654795156 0.0505907814755012 0.038159714064813
0.209173868895018 0.0438215938383093 0.0408367692471739 0.0960336202520373
0.147606586177188 0.20745486185763 -0.0162444972292992 0.149038898548309
-0.019392902770414 0.29419418346284 -0.108463219498393 0.111314666595326
-0.220912175433212 0.194061974534693 -0.153993664281695 0.0452083650808622
-0.348630961976714 0.0444653178426367 -0.0590093934150956 0.0392259518771014
-0.328600319829129 -0.0631066113500718 0.171786313068386 -0.00255628667708096
-0.343550762198813 0.038139109224284 0.255359643881492 0.110199039289874
-0.259213249127436 0.255145519518622 0.329608519520596 -0.0166586245978858
-0.0406484421694332 0.318558950109042 0.233753622061351 -0.163078243294378
0.177614569044982 0.202314986952086 0.0521651136300061 -0.205660442365434
0.206816462759257 0.0456371519254033 -0.0142904287223802 -0.109319659219604
0.196283954648416 -0.0452791742265903 0.00285234571753156 -0.0542484432319073
0.181371777922693 -0.103921935926663 0.0376197862212216 -0.034456425259524
0.184680439355499 -0.116155895359229 0.0781084380879772 -0.0209099188392482
0.181014825786368 -0.0455085762734516 0.112728450775391 0.0136799298010602
0.202080371691342 0.0362885514339239 0.096079899370106 0.0894161992953269
0.136748252061887 0.195910313731369 0.0272354374165671 0.149455248738044
-0.02849250066489 0.274503116492751 -0.0766915845413498 0.116097946261229
-0.21576231348505 0.164919041899923 -0.11066087554331 0.0259475453872012
-0.317490577224067 0.0111673250025336 0.0384481135404426 0.0312532957457582
-0.239221281321644 -0.0771672912887715 0.265924949765438 0.0225309718181634
-0.275222782434688 -0.00936685771067183 0.296920595635952 0.116289084279883
-0.232551078709654 0.173260434577757 0.31499694433713 0.0278907027418836
-0.0631520446320412 0.250084652268313 0.244135000542775 -0.0964849680531686
0.127548746892753 0.174216127644684 0.107876074768114 -0.148608774289269
0.166528203594761 0.0445146790520524 0.0591453790103571 -0.0921739120951984
0.159990361132037 -0.0311314263470854 0.0745014704622779 -0.0717500800620813
0.151163116476324 -0.0813104016537373 0.096357538570706 -0.0695685498603831
0.155167513337209 -0.0944999751202063 0.136316187050679 -0.0549599549713282
0.156084842859758 -0.0356371962200734 0.166466592234678 -0.00478027934494911
0.169778891407853 0.0346335863613451 0.141519879956732 0.0894506898302344
0.102390508982047 0.170021878244244 0.0556565470254234 0.152080517222445
-0.0468100199056613 0.226028558064829 -0.0561572060490955 0.117926891928487
-0.196177878086718 0.110780338439809 -0.0726160261224645 0.00777159599895261
-0.250245117622402 -0.031407278808061 0.12298697838107 0.0293892590404029
-0.107978781377995 -0.0744293135702411 0.317255288127859 0.032934360736851
-0.154416158079847 -0.042060739358244 0.312051758086189 0.099077261845227
-0.151207585371701 0.0781601764740052 0.279500493653429 0.0438500969845372
-0.0587086570201119 0.141969895420551 0.227723541882361 -0.0527419722006177
0.0662559370185861 0.111433917815928 0.136849219367089 -0.100781436318952
0.101085413538703 0.0316600231349381 0.10840228800553 -0.0765954448521161
0.0992375871094324 -0.0149471357015828 0.124486304705142 -0.0823063638012281
0.0979615854333661 -0.0468509840033846 0.139158771440591 -0.0948714243181452
0.104439459658974 -0.0573430791999647 0.182641902719143 -0.0778511041447866
0.111843232454043 -0.0189982542257757 0.206833232538482 -0.00953846274694066
0.117865709077495 0.0325732072984039 0.172830325595552 0.102201937225458
0.056972320066119 0.12787772571509 0.0674218955184741 0.161278069058391
-0.0591840686853351 0.153664775939138 -0.0493221741660049 0.122827568331558
-0.15496414593901 0.0429393491799576 -0.0429135139282056 -0.00197563852582255
-0.150801701969797 -0.070734242897696 0.186499693571136 0.039809230418883
0.0423573642699515 0.0537243247082091 -0.232343415583004 0.0422883036617551
0.0738957285447223 -0.0217260501921367 -0.0025389542621158 0.0332102960739436
0.0381149992439106 -0.0649177533569352 0.0285681643540556 -0.137831334628446
-0.0278270272808547 -0.0516025215162603 -0.10739342573633 -0.167569530565202
-0.047731064415489 -0.00517133838122427 -0.219387890551012 -0.0791667489898688
-0.0257357780379772 0.00898843419907657 -0.240444609937187 0.0516492258482245
-0.0269475463365169 0.00723191529319555 -0.17894274914441 0.143983769394901
-0.0278872105723723 0.005957874147525 -0.115925167667963 0.160869454319191
-0.0221434317867771 -0.0014369094095273 -0.103487918024422 0.132131372362139
-0.012670127961529 -0.012422297995128 -0.104468867294207 0.116128606515239
0.00319482533587837 -0.0293620990884194 -0.11033645089633 0.11830507524591
0.0384939503907948 -0.0326891624430618 -0.160084985181281 0.103540063457885
0.0705488981028138 0.0135899684150335 -0.220731744392812 0.0524730761516065
0.0453899213148768 0.0670827507212352 -0.268416234277642 0.05221086956371
-0.00297997221726677 0.0901514394959935 -0.294154075538513 0.0979642102039045
-0.078937109248055 0.102796758554628 -0.2144182616621 0.0194705682499103
0.00208456752272177 0.0703242466081019 0.0194196325051676 0.02633310962546
0.0413041500617282 0.0490150918784261 0.0608164789888148 -0.167917609817121
0.0386509363327177 0.0203059013570727 -0.0923482602887157 -0.211558374480832
0.0369080684553229 -0.0034740066334078 -0.234383000415221 -0.114932005882432
0.0361005915921133 -0.0228391941806382 -0.253678218606481 0.0338300231107179
0.0293535435542155 -0.0459272580522143 -0.188672958357074 0.133065267165583
0.0233148172372698 -0.0545871097244124 -0.115630541902579 0.156198706047133
0.0370559348261456 -0.0556475700369751 -0.0958689632723297 0.129732407218363
0.0555578122818592 -0.0275666211831726 -0.0867793031462896 0.110986285210636
0.0784095321898429 -0.00255240437540678 -0.0872428443671041 0.117679892107123
0.0799909502518246 0.0582614533127787 -0.126831016461491 0.120855799666708
0.0434987106580567 0.121768611279541 -0.190415247681362 0.0793115074340719
-0.0479452942799117 0.133072210116883 -0.244580665543225 0.0865866190533851
-0.131770794280135 0.119880052947849 -0.268248006120587 0.111179943982362
-0.19935775270455 0.129300269911549 -0.158044364047414 -0.00918350419730973
-0.0948491273346639 0.150786314712793 0.0670615312488416 0.0159104032237331
0.0193179020896574 0.17510546347566 0.114918080937404 -0.19472535381391
0.0969024262612172 0.115532682667514 -0.0546242238618628 -0.256744759928904
0.127731443876917 0.0164716105603776 -0.225505668165687 -0.158202522790442
0.10368546713236 -0.0440765928537976 -0.242103218703752 0.00331177191337829
0.0864872158750664 -0.0885808593640298 -0.176785456227799 0.102159144447829
0.0706694689541019 -0.108040504082478 -0.0982974759378687 0.126266924423952
0.0846428733517751 -0.108479101359066 -0.0681253541092508 0.107482271214716
0.108985502993467 -0.052324836665296 -0.0470862348448793 0.094681867275206
0.143108021787324 -8.79082007613999E-05 -0.0432519694230494 0.114971592728582
0.135371041623307 0.116239124442775 -0.0782847159264972 0.140073507979458
0.0493870794736956 0.208135120847378 -0.151253969377603 0.110298355612067
-0.104064808585824 0.197492848191996 -0.20533791569703 0.110237740658454
-0.230946525951325 0.148221609369837 -0.20619980185688 0.111821890027845
-0.295720470864099 0.126142708001572 -0.0651816296633013 -0.0358991539785683
-0.200066857328742 0.199435726687457 0.136056706736968 0.00737082583466823
-0.0308647303774207 0.285994974561257 0.183482324250317 -0.204103368342422
0.127780312146631 0.216805643307929 0.00879261540859407 -0.284683359389475
0.2045613786169 0.0552016469652992 -0.18465229663394 -0.196557756702245
0.165132211363425 -0.0501525464916142 -0.201616814447044 -0.0337716112660178
0.135662614298923 -0.114615866334631 -0.141091315273704 0.0550580328759044
0.107002426843121 -0.14581907325457 -0.065212355546146 0.0791094157805338
0.115910511326885 -0.150449756927966 -0.0270976035072939 0.0673969108885571
0.14189745030688 -0.0805234276865228 0.0035061698559034 0.0637440221213176
0.186928376699918 -0.01434314852686 0.0112220504753548 0.101783568387745
0.183653813697808 0.14029844667127 -0.021903357833597 0.146231568726217
0.0709009548513117 0.260099437726759 -0.104590874706662 0.128915855346091
-0.127698705408491 0.242065613234866 -0.161612130321658 0.111952798483975
-0.290771878917279 0.161965592946812 -0.123603699353224 0.0939517631711632
-0.343543600642137 0.0990895558790248 0.0507456741517139 -0.0562212729326293
-0.27984447649341 0.199624025365584 0.212816013038479 0.00364062266092575
-0.0960754012260739 0.341849229368171 0.248703679475674 -0.184512823025268
0.118415152951549 0.291091215053359 0.0848963254851435 -0.277100327786683
0.242321118874717 0.0971990822863937 -0.11276600526161 -0.213118631443117
0.201755575015605 -0.0421546776866626 -0.134037816716274 -0.0672793749038609
0.165396122182266 -0.121506544246566 -0.0861506626100982 0.00236114978903112
0.127563003669317 -0.162108772362794 -0.0225396657555116 0.0205877714805088
0.128834597355119 -0.171978531001904 0.0189720718690999 0.0147106080782583
0.15424072365035 -0.0990469683866739 0.0558031511219029 0.0221576746463596
0.203084806054017 -0.0302385759365139 0.0649051502845974 0.0778034473338649
0.203079060009344 0.141067399545502 0.0291923841439915 0.138062410935741
0.0792606208198895 0.273366860615638 -0.0627616001859721 0.132234741637868
-0.135577094686222 0.250271791870593 -0.121378314682897 0.091945522225601
-0.308877150455095 0.151609226884769 -0.0342646589976269 0.0611988778229552
-0.327161115645027 0.0568776576874254 0.167720175932734 -0.0657613112823589
-0.301198127047004 0.154586572826804 0.278880483807703 0.00357383879058984
-0.145686407911658 0.320846015810844 0.289557080999027 -0.140543404608623
0.0785477258483041 0.303642088223479 0.148139196508588 -0.233653394431636
0.229371405365938 0.120615987509165 -0.0300640173648382 -0.200452891372331
0.201738274495244 -0.028826288096517 -0.0537824499942443 -0.0893488863876661
0.166269597895086 -0.109199202270987 -0.021941674853447 -0.0483904912682326
0.128854703542144 -0.153539695455145 0.0225540906689714 -0.0392332217466123
0.12604666585923 -0.166971017355111 0.0640156823325802 -0.0420555342627202
0.14957705228236 -0.100762445787127 0.103907877063013 -0.0211135720881866
0.193723342682555 -0.0335434117307565 0.113719146550626 0.0533838465703298
0.189394066014737 0.133902967343775 0.0690105851125997 0.125094074544832
0.0641523797788105 0.258657598320157 -0.0319833098230101 0.126994370774332
-0.140187236018226 0.221732565793834 -0.0885342584301256 0.062020492165286
-0.291193536813614 0.111803045173179 0.0503650061959815 0.0241698842708427
-0.248292884379398 0.0112933148796978 0.260624938783108 -0.0703087801170557
-0.253777043160528 0.0862905063996809 0.317887666403084 0.000484275784386331
-0.149417766604458 0.236808653102811 0.29376950405997 -0.0917451214148166
0.033913422633984 0.248520852625911 0.18283216513714 -0.175784513484149
0.175207300668463 0.11227296563219 0.0417097834018767 -0.168023430494538
0.165730461858638 -0.0166451678536665 0.0199217976376774 -0.100238409835889
0.138067679363431 -0.0838966364501149 0.0368708390929589 -0.0898255766538321
0.109010348650656 -0.123195936796025 0.0624307076030668 -0.0924041277279566
0.107523880013396 -0.136613156316265 0.104484448738162 -0.0930631369889488
0.129428855561981 -0.0843384466493911 0.147351932019327 -0.0553596355328265
0.163898101827903 -0.0245024926731715 0.154903745494196 0.0369850751859635
0.148917760220772 0.121516839790283 0.0960132130976483 0.117926218365245
0.0319976965066587 0.219485383589036 -0.0124285605888456 0.123365577329378
-0.140909381042078 0.16490856695951 -0.0609548394060024 0.0333985724722014
-0.241593187741263 0.051369652534127 0.123432550354714 -0.0039545462283885
-0.12358193602684 -0.0322987613162945 0.308614038790537 -0.0730580840511663
-0.154202922727731 0.0130595731281563 0.324973002540567 -0.013268704803921
-0.108313365625743 0.121758998924867 0.269798935229884 -0.0603933117099499
-5.73437626142058E-05 0.149703543674156 0.188674746137955 -0.128131227649362
0.0979305978557187 0.0760762387254007 0.0873051673694045 -0.135722479686673
0.10236355309088 -0.0065941409265241 0.071166522437934 -0.104631143706001
0.0868963806393809 -0.0480489744597901 0.0802622229226183 -0.11788135950937
0.072565880540604 -0.0743157032773604 0.0917850635677237 -0.130499597319731
0.074610042626872 -0.0864509614515375 0.137664207705496 -0.128966290111456
0.095019140745455 -0.0544196895215916 0.182787881118189 -0.0744201274808569
0.116723739600196 -0.00891040500585034 0.188132537343406 0.0371300429998837
0.0932918872390552 0.0984793629704319 0.111085550907899 0.123602651801727
-0.00364746458339662 0.157412536445457 -0.00483551451689886 0.126959307255734
-0.125827321780624 0.0900087706478379 -0.0382635311787186 0.0147890327951789
-0.162343617219432 -0.0165882390400707 0.182270601475835 -0.0163468824039816
0.0421887942570002 0.0510422132616719 -0.224244707763836 0.0463291803811765
0.070825266140987 -0.0219526257936315 0.000373842643065466 0.0321119149336909
0.0342149104274523 -0.0638931206136299 0.0274352542031641 -0.136343647863579
-0.0281613944065521 -0.0490128327680865 -0.108212634672394 -0.162418334282359
-0.045006410553689 -0.00288023527540077 -0.217152095543545 -0.0725486162031595
-0.0244541888222649 0.00847977350014769 -0.234807238668873 0.0577640137647779
-0.0262104257917016 0.00686054706444048 -0.169139256942762 0.145182489523604
-0.0266889688831598 0.00715366036743862 -0.10671369393156 0.15966208925838
-0.0223292471705103 -0.00175787936372531 -0.0968066003299172 0.133871293982405
-0.0121083851082145 -0.0128667187503774 -0.0986767328711391 0.118795709130551
0.00293303057554372 -0.0285774921712511 -0.105057062675631 0.119206555872592
0.0371454498345339 -0.031410385386918 -0.153748883615383 0.104315762027051
0.0686571619955821 0.0116518861410247 -0.215907683549104 0.0542876690459188
0.0441016458975518 0.0649201604453642 -0.260728358896446 0.0530828784988935
-0.000932304922694199 0.0875427991030285 -0.28716378781113 0.100654636360672
-0.0750727859918391 0.102764322682885 -0.207223088170155 0.023042710248214
0.0023464821010464 0.0696155503285927 0.0214050747693375 0.0256417979621678
0.0410658339616623 0.048089902724374 0.0575306101532707 -0.16638989346725
0.0386126817872459 0.0197351629194302 -0.0948588884608351 -0.20551924243905
0.0373168659056848 -0.00381729034224521 -0.232681447501726 -0.106609748170192
0.0350820427861872 -0.0234991719834394 -0.247811204835225 0.0403139943810158
0.0273999343979708 -0.0462254445859699 -0.179287248173777 0.135333132793088
0.0207553403695822 -0.0547505532852748 -0.106386744617292 0.154733845854217
0.0337699366821177 -0.0564273864949674 -0.0891972797659687 0.13111428528608
0.0541616638426619 -0.028956048151771 -0.0810531907434042 0.113182616828567
0.0771520798194849 -0.00499741494711187 -0.0819046048608097 0.118823549181387
0.0802102231742026 0.0560599233334251 -0.120559164536354 0.120962336651741
0.0460502408627775 0.118361578935782 -0.186562397062867 0.0813671589159876
-0.0452937999615315 0.131677718466802 -0.236792193380943 0.0872524486092792
-0.126726760440301 0.120389128428323 -0.26155693160435 0.113790363049538
-0.192764884491978 0.13199318764811 -0.152018603253022 -0.00549788736849242
-0.0903180408673107 0.149868973869963 0.0676105844915256 0.0140642983355499
0.0232681545247153 0.170800154743935 0.109637891053157 -0.193702389801712
0.0983584674833404 0.111845736144543 -0.0573098627762007 -0.251066374099116
0.126400942623551 0.0131843343431732 -0.225569102321775 -0.148148015074815
0.1011176728449 -0.0460898014354885 -0.237149629080656 0.0099424048236614
0.0827441127934892 -0.0897774734892255 -0.16856944616811 0.103778050278402
0.0649434736342816 -0.108777189488911 -0.0897700756409253 0.126081563124484
0.0779078860581049 -0.10967550835736 -0.0626046708201332 0.108612145577789
0.106014912235099 -0.0545227590958044 -0.0426080690461332 0.0956355610114865
0.140723645197584 -0.00460298852985087 -0.0387274787092553 0.115379826445105
0.136447190514771 0.111134345746475 -0.072652703803613 0.138671558327849
0.0545003054697926 0.202792229685021 -0.146953039673678 0.110574911537761
-0.098485424316933 0.196445786740135 -0.19799114533157 0.111517491822076
-0.223924062903668 0.150825500035107 -0.200753642707512 0.113675641689118
-0.287163151582553 0.131608817988054 -0.0621180247038549 -0.0330961870174772
-0.192426000137395 0.199294646588272 0.134423572381342 0.00422085856387349
-0.0227143664130667 0.280045975665829 0.176842118400069 -0.203101890927752
0.131035586182345 0.210732445035817 0.00441702817998636 -0.278493975205174
0.201904065107356 0.0484181457229498 -0.185977973415894 -0.186470778743262
0.16056436017583 -0.0534574447995253 -0.19780766745451 -0.0281939822916006
0.130224702149488 -0.11666743976 -0.13538478348942 0.0577473594552804
0.0986353260460614 -0.147076796136789 -0.0599329853743459 0.0791509918110652
0.107137830750981 -0.152072877274208 -0.023953452223632 0.0672975428994461
0.13769686096576 -0.082668411860085 0.00540238081074725 0.0636301143458698
0.18245598340439 -0.0201013003068853 0.0150790172431531 0.100990922534057
0.184300669588863 0.132812832544083 -0.0174643009765681 0.143242348048053
0.0771280955425974 0.252433080035998 -0.101485310918585 0.128894844509142
-0.120094386953229 0.240723845570649 -0.154471062101092 0.112347497771784
-0.280920206174228 0.167142228092134 -0.119431463021935 0.0948414946314778
-0.333320108662651 0.106399925172322 0.0516844289413008 -0.0544846583015114
-0.269983327554008 0.200965003739382 0.208907321562121 -0.000383205199579876
-0.0842052432342241 0.335149489333312 0.24071012717976 -0.184722837714082
0.123698736613746 0.283718339509868 0.0796698739935493 -0.272960547952136
0.240531686770769 0.0880723814681083 -0.116388729990883 -0.204906785852567
0.196743600895529 -0.0474440781252316 -0.132333577205174 -0.0629283164915151
0.158332968439306 -0.12345044813416 -0.0835637831519928 0.00392144338422522
0.118327068881849 -0.163438947204578 -0.0203511420444583 0.0207684567306789
0.119456790311542 -0.17272104511436 0.0195868177372014 0.0134413284782744
0.148770470726436 -0.101194591897514 0.0553119618118552 0.0208366942375042
0.196980917076906 -0.0357897288968074 0.0672570536240354 0.0761255143535144
0.203385106786061 0.133449481157005 0.032577312080922 0.13441854093266
0.0861937431979889 0.265810893773729 -0.0600804713015656 0.132055072755104
-0.126517266695805 0.24856489118191 -0.116239823152202 0.0932362356275088
-0.29962548347991 0.157456512500141 -0.032101326673151 0.060523169671714
-0.318643849311687 0.0645866041757642 0.165252244569328 -0.065852022212307
-0.291866718951254 0.157352082866999 0.273513632486512 -0.0011809586255664
-0.13273629257314 0.315613822448902 0.279935178441994 -0.14283073129007
0.0847615009209716 0.296904932152256 0.1424716000884 -0.232497191329701
0.228064451208312 0.110495739581187 -0.034254921992361 -0.194776109501179
0.196610057649174 -0.0343013338058324 -0.0543712798532382 -0.0866385465336465
0.159974298849707 -0.111353366971516 -0.0233292900000286 -0.0470337125698197
0.119310955298347 -0.15488634530934 0.0204544679488317 -0.0385647643549975
0.116446303639166 -0.167505415727464 0.0611206769159794 -0.0425759882811935
0.143741114840151 -0.102775117483592 0.101072375863264 -0.023686296112271
0.187936841232203 -0.0384527013500245 0.113962594279581 0.0497496529758946
0.189486342030268 0.126939183403217 0.0709556137051653 0.121439826805057
0.0710395497205524 0.250953199315694 -0.0300130750153444 0.126540291004137
-0.132106011964123 0.220548128762781 -0.0850474708883266 0.0635017189139912
-0.282697322510419 0.117686341659287 0.0494144002823384 0.0221157604124145
-0.241790983906829 0.0186596899916221 0.255731118298236 -0.0714498022718643
-0.247072844480847 0.0887249994367158 0.311076310958587 -0.00394981656095767
-0.13891555612368 0.233566102015774 0.286094573176972 -0.0945208409888884
0.0393781603250455 0.243371304742861 0.178311212348731 -0.175960744159622
0.173579453298298 0.104316943500209 0.0371147450184806 -0.165577219876526
0.160708620668207 -0.0214343323044295 0.0173634745419371 -0.0996133144742403
0.132715354054675 -0.0860943021558081 0.0330247180079123 -0.0897453446435656
0.102037867621332 -0.124249895664466 0.0570460069329279 -0.0917557769983762
0.0992324797600597 -0.136883381560735 0.0988456392120533 -0.0939814486428199
0.124219688685063 -0.085994402152758 0.142170438282901 -0.0589564362267734
0.159177848172662 -0.0280394929353828 0.153353201097641 0.0324630634648029
0.14927664897305 0.115334912019952 0.0971025473151294 0.114650671798977
0.0374765176300753 0.213713579560983 -0.0107246624871971 0.122746360741974
-0.132940229316723 0.164511641923129 -0.0591334737437836 0.0358881726364485
-0.235669502822382 0.0574510543406476 0.121053164898908 -0.00714285044801831
-0.12065823002426 -0.027684513114395 0.302134805223813 -0.0757465168484565
-0.150499521936697 0.0151491789833033 0.317211555702618 -0.0179303166131868
-0.102104701161271 0.120786338934848 0.263877543013509 -0.0629987672683851
0.00348997391184645 0.145386154420339 0.183060332543721 -0.129511296921034
0.0974565093055383 0.0710357641531223 0.0831758038877576 -0.135717974444913
0.0983823439973575 -0.0100335234051735 0.0672032166964871 -0.105086036475681
0.0832767663386833 -0.0488088379972677 0.0734396447113899 -0.11790913746201
0.0687049395123708 -0.0748764486750061 0.0839308950509059 -0.130310079448389
0.0691913595252988 -0.085710578948645 0.129649900911166 -0.129971114719316
0.0903895590328868 -0.0560586333091138 0.176228533705022 -0.0782579365622912
0.11348750097442 -0.0117776237296487 0.185584442173611 0.0311800750677985
0.0934019601202933 0.0937609896607854 0.11127122079929 0.119409114177203
0.000817241363965875 0.152784864199021 -0.00319254251694925 0.125828691625427
-0.119918742548726 0.090446394358996 -0.0371803147211921 0.016706217847942
-0.158579301938853 -0.0118224293571664 0.17792694149727 -0.0204462144567876
0.0421869354243325 0.0495050383707345 -0.221458642455077 0.0500886006765309
0.0688343780624115 -0.0229575938127613 0.00324932269823698 0.0324771840669421
0.0320420570556402 -0.062828627769672 0.0253684245346402 -0.137053587077813
-0.0285321138244267 -0.0477359542987424 -0.111726379554659 -0.159629946897329
-0.0431501540919373 -0.00167817572819292 -0.219156138530148 -0.066569724120216
-0.0244836930285136 0.0085628576850641 -0.232008129226898 0.0650864966268788
-0.0265364807337749 0.00766925626681984 -0.162714618742855 0.149030772262103
-0.0265265326943189 0.00765036827261087 -0.0988843132923683 0.160609727072271
-0.0223865958364302 -0.00167619177157936 -0.0914080218486152 0.138322049206399
-0.0120900274488499 -0.013100938099089 -0.0938510307052117 0.122453126085023
0.00293689067554399 -0.0288684760072696 -0.101947185147567 0.122088562605635
0.0361587064619551 -0.0317050982723616 -0.151021114572054 0.107159381903864
0.0683853855714106 0.0102947751250537 -0.215218477034018 0.0572918161924511
0.0446595235809795 0.0636657807999564 -0.258024466538432 0.0558044647058253
0.00138836725938713 0.0862566048765195 -0.285747007468611 0.105691072743897
-0.0735975217308206 0.104148270185621 -0.203177145020225 0.0275178983930164
0.00286463185642808 0.0695553327919986 0.0237354059085566 0.0249191276817349
0.041619227573559 0.0471230577329434 0.0555885227845039 -0.167509976321939
0.0404313352629616 0.0196913369979792 -0.0978760145885976 -0.203441694727648
0.0382371076810186 -0.00423546733747618 -0.234960155366689 -0.0997785244541212
0.0348294166249967 -0.0249409731112718 -0.245445812005974 0.0473204802593471
0.0261880205175164 -0.0474408677099533 -0.172412841974245 0.139098928676023
0.0184942378743515 -0.0551508284338503 -0.0984698999606936 0.15520619806281
0.0306694221129592 -0.05836300280906 -0.0832388657595076 0.134771082315323
0.0543746129932752 -0.0309864550633087 -0.0767411917209446 0.116554543339453
0.0772954939475655 -0.00733495378589029 -0.0778577063910718 0.12133559567273
0.0823589651297313 0.0552308213353733 -0.116947378655642 0.12267796068386
0.0490895648873356 0.11675334525447 -0.185142477004749 0.0835480179512002
-0.0429783176656962 0.132487611824203 -0.232301533732995 0.0898312200560796
-0.123773679245804 0.122653875823443 -0.258976854625409 0.118409632365956
-0.188833153224358 0.136447829023183 -0.149080017940125 -0.00196621116590552
-0.0881060854669394 0.152010040398358 0.0691166412153556 0.012751207513872
0.0275665071537603 0.169577838573385 0.10648254239906 -0.195381661413828
0.101400156911736 0.109958149120247 -0.0617295489259754 -0.248692348119799
0.126936815312078 0.00948040541793165 -0.22874696636456 -0.141257517500178
0.0996418373465044 -0.0488812992328108 -0.235707564758131 0.0165962029776259
0.079952036440197 -0.091807626044517 -0.163115923721768 0.107405368099524
0.05978441691873 -0.111296145229004 -0.0832098174647135 0.127314925452981
0.0726803813610015 -0.112651221969417 -0.0572614748605265 0.110854340781395
0.104965871609758 -0.0577122745180862 -0.0390071389534332 0.0975766724011597
0.139807643936859 -0.00885976955120621 -0.0344121390939237 0.117357034628634
0.139168115216799 0.107752180782953 -0.068453859952981 0.139648662559621
0.0599377145830426 0.200419383467639 -0.145284790682004 0.113470547748355
-0.0943660026339468 0.198138100522435 -0.193989650249329 0.113866587750334
-0.219344528474118 0.156240071329209 -0.197797563888343 0.117799245329208
-0.281879970532166 0.138926218732579 -0.0594875061450172 -0.0309134526148034
-0.188147049010204 0.20310110886796 0.135431257604119 0.00179053362758969
-0.0145445107207968 0.277909092933604 0.172181442593016 -0.20630076983333
0.136878173078992 0.208057909285157 0.000276056604877837 -0.278234784861437
0.20295982987575 0.0422782574170081 -0.190061500782831 -0.180109797954355
0.158940098503802 -0.0578136145519417 -0.197400836217829 -0.0230244395785989
0.126245424303008 -0.119680993857634 -0.131948239067037 0.0603836690316121
0.0920466451857828 -0.150179399266018 -0.0548801467311591 0.0792387212399413
0.0989465558955936 -0.154533443422156 -0.0203064877670228 0.06891137036215
0.135322989213935 -0.0862773665122705 0.00830387525233608 0.0640837884691032
0.180462255090161 -0.025414591236272 0.019071515108721 0.101979180338548
0.187706340665888 0.127949354331492 -0.0128097248064933 0.143696678450614
0.0847031240376795 0.249686719778701 -0.0990598267215239 0.132063922900529
-0.114117040901073 0.242981490037892 -0.151137804337499 0.115497810165074
-0.275771277057624 0.176038925885203 -0.116267937344357 0.0971811149180197
-0.330973036380823 0.116131108458288 0.0532965144414923 -0.0537902946661504
-0.264662453607914 0.205538423966175 0.208396441749964 -0.00392802957427442
-0.0740004892932209 0.334352626741275 0.236255922436494 -0.189009783473395
0.130917045640296 0.28041648639564 0.0748381744571546 -0.274144597908319
0.241748730191735 0.0797286676120561 -0.121233022670452 -0.199923637843133
0.194647355214329 -0.0528976558927587 -0.13366723678903 -0.0600921317379216
0.15473062859656 -0.127410793737158 -0.0822769038009367 0.00542329601305799
0.111445050191284 -0.167699686859478 -0.0190409533057765 0.0208905466098597
0.110875883830294 -0.175573305972653 0.0202673219322929 0.0136259305451604
0.145538129626781 -0.104869181994715 0.0557399644478764 0.0195096845722867
0.193879855204798 -0.0418086115784988 0.0707070319911669 0.0743946227227911
0.206974859910282 0.12699081331598 0.036178202348827 0.133409554702997
0.0938012822378496 0.261604431822527 -0.0580796554067512 0.134739355045906
-0.120016494964611 0.251499407293379 -0.113165563839524 0.0966062011683837
-0.294676109629739 0.165734048756357 -0.0309647519389958 0.060758159407609
-0.314446518452837 0.0737509995835305 0.166352328744687 -0.0670116115493392
-0.28840714489769 0.162664898799984 0.272104102179869 -0.00562057588874959
-0.123847455899112 0.315399905265372 0.276317648715977 -0.147215311079209
0.0924936291978508 0.293492248889251 0.139582334532489 -0.234782125035433
0.22925492768263 0.103169082237836 -0.0395028582033826 -0.191987765836084
0.194947867155588 -0.0405023145375159 -0.0554686588581985 -0.0858536038371231
0.156320190435837 -0.116456506813698 -0.0250925176669059 -0.0467598992553382
0.112220548882157 -0.159129628194693 0.0190372608049281 -0.0389451397377058
0.107798856088499 -0.170507855332003 0.0591410560850272 -0.0440764809009878
0.140128020849407 -0.10586025426592 0.0996600156402852 -0.0259222832744637
0.184341837522119 -0.0429611185141666 0.115686955113136 0.0465793181808557
0.192298203263897 0.121583604760135 0.0742051695719036 0.12001807865669
0.0783685098994198 0.247084622806616 -0.0277213030582031 0.129170220058401
-0.125214310848976 0.222855992868966 -0.0828339619770266 0.0670961279628676
-0.278639693054995 0.126450744347527 0.0497220184982336 0.0206034231869563
-0.238920160691227 0.0248503558848997 0.255831262253563 -0.0751425475517194
-0.244668187085305 0.0931946040873338 0.311238759074401 -0.0083545100229376
-0.131838648238241 0.234762170133188 0.283069333188183 -0.0994891866091316
0.0457163659181448 0.241381485441239 0.175313758048513 -0.179567318504871
0.175643811979782 0.0977086232511944 0.0328534013701645 -0.165444463090374
0.158641528074078 -0.0263297108350924 0.0161333135783103 -0.100843184433453
0.129487247839149 -0.0897622573980836 0.0295122017956963 -0.0904321097882789
0.0967604751519956 -0.127827735938484 0.0527557288200908 -0.0925329584615689
0.092472329254746 -0.13906230192541 0.0941930809513093 -0.0956720558443084
0.120964151826848 -0.0885432700973005 0.138613041959187 -0.0627844643851588
0.156340082566 -0.0323376852597558 0.154995806036803 0.02863982214801
0.151878137751925 0.111529807024724 0.0997122856664791 0.111958381877153
0.0439008925667514 0.210683819316943 -0.00867212379239415 0.12447397813543
-0.127512822644639 0.166473487286324 -0.0575122500426583 0.0382474051587578
-0.233232351560798 0.0653790607235068 0.120261639192725 -0.0100001785145995
-0.119861125180423 -0.0235310051656222 0.301077539952615 -0.0794643245240506
-0.1498331565155 0.0180469886138043 0.316174738437112 -0.0221125122697219
-0.0977278807925932 0.120557235311236 0.260813779244566 -0.0670118746080231
0.00649673975491492 0.144418553143739 0.181050262370089 -0.133681813247352
0.0982689225708846 0.0673574113874063 0.0801594832462775 -0.137546987446773
0.096245057869166 -0.0131614343231947 0.0649623642596019 -0.107994815115416
0.0810237743662383 -0.0510850214819132 0.0684487670554667 -0.120128332040631
0.0654095027970896 -0.0772048894371643 0.0777545097820567 -0.130689472028781
0.0649749053803803 -0.0868080423003655 0.123495929263476 -0.133059443694397
0.0881833725150607 -0.058055055818598 0.171878153061224 -0.0837768828417685
0.111310656396418 -0.0150958477223889 0.18566692383755 0.0258278403305559
0.0953309486793993 0.091643011213163 0.11356267480137 0.116608714924261
0.00564571029271943 0.150884080094632 -0.000763953825692227 0.127297066494157
-0.115495500083097 0.0918795777081308 -0.036881625478749 0.0185433942439515
-0.158683703056303 -0.00576414738560462 0.176535774295187 -0.0252659810208351
0.0430591212513601 0.0466818007249073 -0.219059076253973 0.059771084168538
0.0670447330706769 -0.0252446098583086 0.00624266723244895 0.0318055404457219
0.0280461180353579 -0.062870572086624 0.0220356657445433 -0.139835175563597
-0.0296560689287996 -0.0453608334504848 -0.118638616420211 -0.156258845931633
-0.0416501915081653 0.000241917393140903 -0.223167123252064 -0.056260939718826
-0.0238877255127701 0.00950867742899693 -0.230394789691672 0.076275963015866
-0.0264208182519371 0.00800557741266837 -0.154920973471386 0.155842182313156
-0.0264376991413862 0.00906606778376313 -0.0899968720171034 0.163272414830728
-0.0227846887619716 -0.000957906463744336 -0.0831439268651376 0.14375156450961
-0.0127630979289729 -0.0132330347906921 -0.0878982581972213 0.129013542974623
0.00225102411664227 -0.0292856756304379 -0.0965504559037635 0.127103937931054
0.035348892014681 -0.0326148990866039 -0.145979313864357 0.113029560348433
0.0684438745838572 0.00799686860542039 -0.214227379751044 0.0640833948067718
0.0470203871919391 0.0617263014243733 -0.256170143999376 0.0634136315191906
0.0047907166757498 0.0852522628790457 -0.283945665066991 0.116410013771979
-0.0697756276415036 0.107455715578154 -0.201325416390079 0.0353625694038461
0.00510833273769955 0.0704425612565121 0.0268791871719607 0.0234124790266603
0.0429835576481802 0.0465479468518651 0.0510638915102518 -0.170835547211764
0.0415402408113755 0.018758043346273 -0.105708920203772 -0.200108549407711
0.039235841361615 -0.00648170127183023 -0.240511227920963 -0.0888682545606279
0.0340558221488927 -0.0265605412550584 -0.24423120712879 0.0598138976411757
0.0236454164073739 -0.0495111124754132 -0.165041911002392 0.146328194486267
0.0148986451718628 -0.0562697960744789 -0.0887474868571188 0.158724782514056
0.0272443938443267 -0.0601352177625763 -0.0751118411940253 0.140230787564427
0.0536129993743875 -0.0341479690422747 -0.0701676641043801 0.122148862578698
0.0775497421283795 -0.0115974032402006 -0.0718938420639769 0.125573818199521
0.0852798700164415 0.0519493937885654 -0.111843251540427 0.127896256587917
0.0540335822720777 0.11488119206298 -0.18314589020898 0.0909476717522676
-0.0383107894055953 0.134266695395977 -0.229138404357238 0.0973126985479326
-0.119012041467738 0.127885404474937 -0.255852712198759 0.128502756479075
-0.183359624561177 0.144641172697121 -0.146897673880153 0.00361609627000848
-0.0826739422664067 0.156492262696699 0.0713735961075764 0.00973844988607465
0.0343539147163469 0.168325980094471 0.100456416969172 -0.199769366195244
0.106943762743975 0.107596123632091 -0.070041395154457 -0.247692720098736
0.128149407652923 0.00348294174171043 -0.235775364097533 -0.130362003550065
0.0978192139598734 -0.0538109788714475 -0.235446060481016 0.0271026984139267
0.0757923732336292 -0.0965056195716555 -0.156903144042244 0.114060264947152
0.0532371746698228 -0.114314778160223 -0.074683808180291 0.129680044292493
0.065324948759178 -0.11594409851627 -0.0497831029241991 0.114909034617608
0.103248762094839 -0.0633593272995803 -0.0331970223729539 0.10109307597971
0.139944310299732 -0.0157946270888348 -0.0277525024605508 0.119881658865239
0.14544177647181 0.102753265167847 -0.0620523532286031 0.142661361345337
0.0698809410939234 0.198577111554895 -0.141675590727318 0.120318088135254
-0.0862585820527024 0.203394779730239 -0.188615892907758 0.119885167582104
-0.21269925357058 0.16688904385093 -0.193420216596799 0.125513421435131
-0.276551769676158 0.151745427734855 -0.0577896220668823 -0.0283862031685208
-0.180933947449163 0.211797539381998 0.136576019004466 -0.00327596302536825
-0.00296660160788123 0.27812248308714 0.165499514984691 -0.212852516210569
0.146490435635091 0.203931369081765 -0.00827408993256923 -0.27888157046368
0.205285439374437 0.0324061536869146 -0.199162172970345 -0.17007494309682
0.156455598571434 -0.0649028292385835 -0.198552823668092 -0.0143039997294312
0.120937438317182 -0.126906603621908 -0.12808507563352 0.0656230200362111
0.0829655768175889 -0.15530520455051 -0.049395126165794 0.0812216092244546
0.0896048063972331 -0.159704400390386 -0.0154023713874077 0.0704796592975069
0.132004101431584 -0.0930217286198203 0.0119337192304349 0.0649214751760787
0.179650431936021 -0.0338673087615133 0.0248675417678098 0.10134819317382
0.194708578469813 0.119647950486917 -0.00689850459354114 0.144717458703501
0.0969027798563447 0.245217412243762 -0.0953355618235514 0.137137473186927
-0.103669098910879 0.248821352065813 -0.145509836423503 0.120651292941819
-0.269672158613903 0.188318166532817 -0.113538933367964 0.101871971900879
-0.322785278289327 0.13026725874656 0.0541663196711909 -0.0563357723376327
-0.257680026353842 0.2173430466297 0.209969769631353 -0.0115087397088999
-0.0591319244437536 0.33660121011636 0.229856734648531 -0.197142089789049
0.144015334084595 0.276387567451309 0.0669461436774941 -0.27808417506668
0.245808378967591 0.0681027407541733 -0.130607535707672 -0.194416308497937
0.192374419065258 -0.0618310421141664 -0.134967976595161 -0.0550801228749324
0.149111816237937 -0.136284603897534 -0.0814318103327611 0.00890979863062473
0.101245751406199 -0.173374449409038 -0.0170062602390774 0.021699956487825
0.0997510468537138 -0.181105025133731 0.0215484302200355 0.0136591437693473
0.141646117507352 -0.111859431041281 0.0577731739831967 0.0172825256486797
0.191948923645833 -0.0499380466116086 0.0754674101695496 0.0724388873993572
0.213855863243445 0.118581027526009 0.0427230584728144 0.132615831988393
0.107475878448512 0.257216022684109 -0.053425082588861 0.139099629543836
-0.109559889017256 0.257193327066524 -0.108336324579689 0.10067781176432
-0.286597910651095 0.180202494800106 -0.0283169253683399 0.0621505211330654
-0.310655650760674 0.0874496721872455 0.166678134887697 -0.0734475645867281
-0.283301621761736 0.174101631996769 0.273347125171479 -0.0152791258542143
-0.109491447204434 0.319219023391799 0.271047016355602 -0.156857363621915
0.105844888942988 0.29144150388036 0.132444844547631 -0.241188055263982
0.234064136262373 0.0920111749913088 -0.0476478008306004 -0.190292852234575
0.192419989843837 -0.0497643892017828 -0.0588496540467497 -0.0849071126861723
0.150890520752497 -0.124461462785134 -0.0267152879095483 -0.0465031065127911
0.103220359713022 -0.165074935379626 0.0172340471791413 -0.0392768551817562
0.0981403977120728 -0.17501509714914 0.0569734379157147 -0.046439810672658
0.135014613396402 -0.112937608829554 0.09876554893325 -0.0305357226952941
0.181907163457726 -0.0522763641813259 0.119093517594111 0.0420828528085242
0.198398377651111 0.112876884378441 0.0799488248568136 0.117283496140111
0.0907566782513485 0.242998076524999 -0.0234699968535694 0.132056002280359
-0.115355118752317 0.228339137746782 -0.0792632715706493 0.0703800038264003
-0.272820714447495 0.140290197858087 0.0506064759822963 0.0189843715906204
-0.236997018240007 0.036087761612618 0.255759651403852 -0.0838852141928143
-0.242008228450096 0.10399821046933 0.311327374540619 -0.0192178463293103
-0.120968074765723 0.237946004123712 0.278836047459707 -0.108565567677254
0.0555520922021955 0.239977395687601 0.17039585541806 -0.18689943250315
0.179526744554452 0.0885997027492931 0.0262452367575031 -0.1671916324627
0.155735039510352 -0.034044555408106 0.0121280674246699 -0.102634574057437
0.125116780072374 -0.0965205912147933 0.0248871449382355 -0.0924256987755438
0.0893605079030105 -0.132851334060056 0.0474964895451023 -0.0942935713173403
0.0846028965967595 -0.143041853258068 0.0883249351819124 -0.0997559352601584
0.116993703676866 -0.0946515962800174 0.135501351231021 -0.0698804382671182
0.153676010021345 -0.03933421120533 0.157021552832211 0.021437701512378
0.15774525751971 0.105260070811691 0.104879246218507 0.109343766600664
0.0543956064279192 0.207263480303952 -0.00460985265141781 0.12727834175603
-0.120413411637095 0.172047535084219 -0.0555762079985435 0.0410444466075099
-0.230273017857747 0.0765627724475239 0.119792190078184 -0.0149760208046298
-0.119031066976668 -0.0186513701255334 0.300078322398312 -0.0906809609050413
-0.149859393734784 0.0238969598057528 0.315483458173503 -0.0323966109632364
-0.092255247439 0.123832275900258 0.258960998885266 -0.0763770881202943
0.0126410062992379 0.143993693201187 0.176570133314336 -0.141956095096714
0.101031413441472 0.0614590319807425 0.0740055205208855 -0.141788411151714
0.094114836046463 -0.0178525042843537 0.0614517220601381 -0.112315353475355
0.0781967977124336 -0.0553349226051779 0.0621390986676531 -0.123588220858071
0.0604508461884098 -0.0800976135766992 0.0700737193944107 -0.132840938269278
0.0598549464408022 -0.090115863091294 0.115579925746835 -0.138296074123488
0.0853269177730186 -0.0623950136885214 0.166687492057344 -0.0910969377365019
0.109928012901642 -0.0199986427048184 0.187602323365734 0.0172849146897106
0.0994313710106423 0.0881155065376814 0.119836750909417 0.113290007184736
0.0126117935516422 0.150063439573492 0.00366998548785152 0.129797489151238
-0.111570080946465 0.0963705946185387 -0.0356407482303471 0.021108604125191
-0.158272179686202 0.00150601841965485 0.175129731982404 -0.0327530535459399
0.044498588749033 0.0438179506244242 -0.212443096102399 0.0711787755990447
0.0636646721158484 -0.0278748005577616 0.0103125935305311 0.0304110952362598
0.0240026687609277 -0.0623325334713576 0.0154832376335547 -0.141404239315681
-0.0317926401264065 -0.0427939965532595 -0.125999919746385 -0.148692332868589
-0.039414967422579 0.00273583752810442 -0.224341696829264 -0.0417614953778127
-0.0231389757746361 0.010727662366231 -0.223379665424468 0.0917496322463391
-0.0257729197792279 0.00931460533716277 -0.142070306388352 0.163282663404823
-0.0258078935746656 0.0104515093041609 -0.0775731016277506 0.165218999145517
-0.023036842041091 0.000594983766733524 -0.070661246135427 0.148158262993825
-0.012995772999685 -0.0133346613189459 -0.0785252884689727 0.134419589644299
0.00048760125894326 -0.0303444647713704 -0.087877356687992 0.131983224856162
0.0334818239878553 -0.0334980060983281 -0.137730788347404 0.119528172122356
0.0677217299543052 0.00420019056216795 -0.209731869983647 0.0743335664259991
0.0489508423997065 0.0580650260309893 -0.250575750340012 0.0738868476262337
0.00883699337169047 0.0825640201166719 -0.276300102564031 0.130020889410806
-0.0636087295532877 0.110331238001842 -0.195632295017893 0.0458388478226307
0.00809736120853688 0.0704751632629352 0.0295891696841124 0.0210560503148246
0.0447416314026674 0.0445414852283579 0.0415600706816589 -0.172729889531653
0.0435550982729583 0.0167853459769262 -0.115344421646992 -0.19225385009755
0.039652214378381 -0.00903049739981482 -0.243596894378746 -0.0725807951347939
0.0320879374072402 -0.0285812557681165 -0.23761418133662 0.0749203803022809
0.019521399249966 -0.0513533652957469 -0.15289495260071 0.154818884594924
0.0108129769887273 -0.0568523463879666 -0.0758844692590133 0.160484090475226
0.0219118800430977 -0.0617721108292996 -0.0629512894028748 0.144831385377525
0.0516315599042496 -0.0377961353030289 -0.0605342562233678 0.12646954426048
0.0758861180418783 -0.0166701473115152 -0.0635517451321102 0.129697768315179
0.0883960716047519 0.0466592062745242 -0.102873806196647 0.132082558970279
0.0602678627894305 0.110732004450024 -0.177520467687302 0.0992726633518749
-0.0303410793140694 0.135278844924157 -0.221458819544505 0.106491934608898
-0.110753827104684 0.132820113837529 -0.246767427047477 0.140841473625143
-0.173193320087051 0.154378148945692 -0.14289772837227 0.0110788626583059
-0.0741605572541905 0.159773103561985 0.0725890158106567 0.00549341286618897
0.0437781303242689 0.164871650293887 0.0889090629910884 -0.203426540857593
0.112948442549151 0.100852524019211 -0.0813392326224714 -0.241348487216563
0.127486488173645 -0.00423188201334455 -0.240576098659304 -0.113692813548123
0.0943402069579356 -0.0588409936860762 -0.231435531542057 0.041283730440692
0.0687347410991611 -0.101502193497174 -0.147382257027423 0.122538891690504
0.0440437025795945 -0.116533375629582 -0.0640974204023558 0.130830469767036
0.055791472872145 -0.118960102682792 -0.0395027432540215 0.117344239736876
0.0983805330640195 -0.069499568561548 -0.0253253431490909 0.103363972603706
0.137600908234545 -0.0254659090275332 -0.0197485640771538 0.121241565010006
0.151345272216853 0.0929985346653391 -0.0524404735078813 0.145047584285904
0.0815738501149025 0.192186069803068 -0.134708372920655 0.127107843984306
-0.0737852706938265 0.206842610258052 -0.179641904034054 0.127290525043501
-0.20048267386435 0.177529404941453 -0.185101875534853 0.134712242695799
-0.263661044809191 0.16658667950004 -0.0558382923653606 -0.0259383973747993
-0.167532012775674 0.219825178395001 0.135985910782385 -0.0108956099745968
0.0136847742633794 0.274418135779198 0.152660464924889 -0.218615854334235
0.157786843338838 0.194412389255928 -0.0220853544224728 -0.276498827333658
0.205069625825778 0.0182258764137662 -0.206220712947351 -0.155182475790196
0.151390497673193 -0.0741701194147768 -0.196745028258939 -0.00227807802470168
0.111702731331027 -0.134368688447978 -0.121891273363314 0.0726372900542423
0.0706440964558954 -0.159419379886103 -0.0417225395738507 0.0822866288721321
0.0760882044284535 -0.163983444580612 -0.00921379976615496 0.0710649811678064
0.125750552203164 -0.100781151988656 0.0173441178751557 0.0637223385758023
0.17477097359611 -0.0448808839307037 0.0321424053279738 0.0996883483000492
0.201090768037322 0.106682819878851 0.00216080446962405 0.144458846481722
0.111369287232375 0.236550369737265 -0.0869881150050104 0.142399664659546
-0.0877818076590507 0.252449630989268 -0.1365116266925 0.126629864950528
-0.255642042286683 0.203445579943744 -0.106071561213077 0.107178054479392
-0.311453190474464 0.147515807792796 0.0535204799355189 -0.0584063749568515
-0.243348254838451 0.229004526770867 0.207832691813643 -0.0222462435091943
-0.039151614173927 0.334444924308948 0.216722479319859 -0.206531891239586
0.159235036863793 0.26650375620832 0.0525750678779922 -0.279777646433141
0.247045474548821 0.05144754147163 -0.140322691404268 -0.182891159135586
0.186143751320543 -0.0729807475078487 -0.136537978187728 -0.0470129790578105
0.139019689031315 -0.14496443960167 -0.0798991576288774 0.0133005310798916
0.0873180839420424 -0.178466981255473 -0.0144540993258248 0.0213483207653172
0.0848638081223342 -0.185399379030218 0.0231332600380381 0.0118197440760467
0.132993397098639 -0.120483411331053 0.0584307392862784 0.0136974668280342
0.186196553261584 -0.0617037431394144 0.0803355510708834 0.0671585790795232
0.219910525565002 0.104191079093922 0.0510634393272677 0.129966130968161
0.122840650850065 0.246546339573508 -0.0456483020518941 0.142653490612295
-0.0926561211222246 0.261851562276908 -0.10084714738848 0.10538162118068
-0.272321070624577 0.198480769113595 -0.0242576321800482 0.0629226803485136
-0.301205625106784 0.105417675863375 0.163911031117207 -0.082239706723874
-0.270930625932039 0.188804585024448 0.27131367872805 -0.028550035695911
-0.0892143787018691 0.319609233835585 0.259505403304656 -0.167964167394627
0.122632516102547 0.283230970025514 0.119525312418358 -0.246883886106208
0.237122706780472 0.0755663163624497 -0.0581087733544565 -0.184405798606384
0.185808114026338 -0.0610068872924288 -0.0623530906046416 -0.0817986004391728
0.140971485491279 -0.133677665933974 -0.0291847568516802 -0.0448185966403822
0.0901590707621761 -0.170486008344665 0.0147039025101414 -0.0406021788779905
0.0838668162349478 -0.179200861370859 0.053425230742117 -0.0493830266745722
0.127133748455867 -0.119954511358409 0.0958480027338125 -0.036289908004547
0.175754645849549 -0.0622292481240328 0.121885488079566 0.0347664848289071
0.204029111441765 0.100085987042244 0.0866198706800794 0.112288210401432
0.105468888872019 0.233331212645619 -0.0165226493454514 0.134380016333612
-0.100150237294168 0.232727785735766 -0.0746577587209249 0.0744059874328069
-0.261009011381217 0.156941772668095 0.051293566363683 0.0154471394724181
-0.230800714993959 0.049995198855325 0.250636184004388 -0.096985395546287
-0.234264416227989 0.116339126477687 0.307745072023223 -0.0347793018136451
-0.105941219951485 0.240669279839202 0.270756712221473 -0.120791229830937
0.0697085126710775 0.234718884911312 0.158859112810413 -0.195425933277244
0.182127453218821 0.0751788010387528 0.0156408795068256 -0.166164474995314
0.150743099105152 -0.043550162675638 0.00643583224823557 -0.104375325700158
0.117489119242788 -0.103987919509096 0.0187925448248579 -0.0930247747600188
0.0778746754956762 -0.138001008011638 0.0408776440486444 -0.0948111434689188
0.0726296239466197 -0.146401975573326 0.0799852274841043 -0.103225228905298
0.109446999055462 -0.101102739336804 0.128436489749975 -0.0776436811823805
0.148940556168243 -0.0478210189294278 0.15672497911926 0.0119686896920377
0.162970070907638 0.0947227230488357 0.110879339633483 0.102434581324322
0.0672003618255812 0.199995898480353 0.0025231074816543 0.128251528489389
-0.107546656120115 0.17693937428215 -0.0521480291061198 0.0438329226401856
-0.221901638970267 0.0910964162901168 0.117183602612106 -0.0222796899034147
-0.11837103385765 -0.0112563811654496 0.295030626824215 -0.105306472419948
-0.147603239408356 0.0323631499109266 0.31200526348882 -0.0486553015579495
-0.0842747598920753 0.125841241416939 0.252050961194612 -0.0870381749459391
0.0208897457521657 0.14219918605844 0.167710690905422 -0.15050341166026
0.102529334187487 0.0537483915468627 0.0648525068765467 -0.145252959129336
0.0899811699521876 -0.0237856526676668 0.0540966048253531 -0.116288283976957
0.0732587473596758 -0.0595866436042061 0.0531326098478382 -0.126354276429164
0.0536426403559925 -0.0831592409850936 0.0600130338375427 -0.133750351291052
0.0521814207946312 -0.0920830374231968 0.103347972618088 -0.142664336343284
0.0798183660797721 -0.0679254036123858 0.157669092932623 -0.101006051154833
0.106856928816354 -0.0259518622291228 0.186629299254125 0.00624426174843394
0.104771911057575 0.0815137069709536 0.125153163768101 0.10596337363828
0.0214262742703365 0.145467505552685 0.0110711494762103 0.129443241872889
-0.103521509432099 0.101218076399106 -0.0347846406091719 0.0232494382345346
-0.15518606409605 0.0121260973738707 0.170227861171945 -0.043305652108742
0.0460548396633534 0.0376079292314565 -0.191138840364291 0.101592286199226
0.0552962923227395 -0.0365637662975629 0.0154685329797358 0.0297331541371786
0.0107207319611445 -0.063787962998698 -0.00480523115549078 -0.136146754161606
-0.0403254312963465 -0.0363460594530544 -0.140779844306438 -0.121981690322529
-0.0406352071130908 0.0100019206134267 -0.220365643122113 -0.00471700010901585
-0.023612963269313 0.0189600448946433 -0.195686464750593 0.123220797777519
-0.0239814987992484 0.0167074140753411 -0.107138845961257 0.177153561445134
-0.020889951730469 0.0160038839417856 -0.0465827980916341 0.166528681533416
-0.020984051198246 0.00580818807103104 -0.0446947019969727 0.152369820588459
-0.0133566328171941 -0.0102620291290281 -0.055937373989621 0.142504458701432
-0.00275360919844785 -0.0284971924096726 -0.0650533010627402 0.139194374442876
0.0291721145777091 -0.0358419614953445 -0.117880434732865 0.131874105256484
0.0678897807204739 -0.00368426000605698 -0.194804520675189 0.098066421093568
0.0570391138416977 0.0484177692032292 -0.230951956438613 0.10107580969267
0.0216831292030466 0.0791580103098716 -0.247578770987285 0.156858334444496
-0.044179083976205 0.119568813713943 -0.178593222201742 0.0682651771991474
0.0209755431958818 0.0661869474408132 0.0286913669785796 0.0136177912189422
0.0498482246199893 0.0321038633979594 0.00945293588071328 -0.17064603248739
0.0413711218263968 0.00607418525200696 -0.141852511896778 -0.164368492239831
0.0310038041099649 -0.0145826132203097 -0.243480173613359 -0.0268125447647228
0.0217602970761231 -0.0276725468574246 -0.212346234840703 0.111613963442195
0.00981852171896997 -0.0503523001854416 -0.119534493383298 0.173226581080189
0.00165890350860852 -0.0533461898100905 -0.0449663577457406 0.162015872480106
0.0110366164666806 -0.0610510139628937 -0.0370978188783787 0.147886225262286
0.0446425425293315 -0.0449715285551584 -0.0402935378462216 0.13271800321798
0.0707607709624117 -0.0284432212561245 -0.0433834699489497 0.133735382434653
0.0962087552359928 0.0319404103945844 -0.0837726534875651 0.138358730737159
0.0776769315531396 0.0979773222735118 -0.159355854556481 0.115725444478815
-0.00663177666463303 0.134616060272484 -0.19600491461656 0.130356637324495
-0.0858582663258162 0.144979717366465 -0.214659885201147 0.165214571439919
-0.139420740326474 0.179777025151835 -0.133646214379733 0.0219207026032498
-0.0395309376994669 0.164197381773159 0.0648005144385518 -0.0126228050288815
0.0704339863603224 0.145152556919593 0.0443501126752034 -0.209090728044952
0.123148901228462 0.0717420660750989 -0.122912350971286 -0.214904708755646
0.11412847629328 -0.0260346310805502 -0.248590048349706 -0.063309447818597
0.0752699023643407 -0.0667083563324588 -0.210903620916475 0.0808031984612679
0.0480165464285465 -0.108883470096481 -0.120466098366097 0.14420982778017
0.0234719581271055 -0.115146945013368 -0.0366941343612774 0.132609890439968
0.033200878907934 -0.122721864402529 -0.0187279410059224 0.119090794706405
0.0850880660569812 -0.0838747120040346 -0.00967564851195281 0.105669683024481
0.127630589490782 -0.0467448567185118 -0.00306144366498719 0.120143659185775
0.164581173764093 0.0650263071675205 -0.0355142337907412 0.14400393507947
0.110909961927646 0.171155522835552 -0.114229449361507 0.135111648556941
-0.0367288661198007 0.20884876726579 -0.151038706751276 0.146067304734032
-0.16603347505622 0.202019543862802 -0.153582518537608 0.153951808466172
-0.22146154578168 0.205905039791346 -0.0548462306252214 -0.0303246796925681
-0.117048829559278 0.237314588131349 0.122300691686827 -0.0432502841491207
0.0617633857526744 0.253105233245679 0.0974486292228328 -0.237111126262671
0.184284827185032 0.151296807960038 -0.0769825567484652 -0.25898038939326
0.191172305229604 -0.01891328440615 -0.22403065474863 -0.105265709543648
0.127316000703142 -0.0921786083950805 -0.185416575616759 0.0350901823375826
0.0830388680573763 -0.14974960844558 -0.106015554388537 0.0945763976596437
0.0414664040323164 -0.160297301641864 -0.0240671254679164 0.0841607639035653
0.0446490731970009 -0.168583440036443 0.00409791009431327 0.0700397167431259
0.105070095068688 -0.118973431751412 0.0248898136024866 0.0622106490158628
0.159167474132732 -0.072454495556347 0.0433672472330855 0.0938260747801106
0.215236502557183 0.0691940961700206 0.0165683394777511 0.136098789596436
0.14697058653684 0.207759128157388 -0.0659526483304543 0.142630304493294
-0.0434060094421569 0.255003283232628 -0.107828352588887 0.138851358681291
-0.21349564424409 0.23465369332032 -0.0797904589334427 0.118265674748209
-0.268512742624618 0.194079479364327 0.0448538448040544 -0.0797459802006073
-0.185866342743181 0.259329555459909 0.189561791733125 -0.0687304707980536
0.0218561929911636 0.318650904597216 0.158375454083374 -0.238189499986652
0.199924476147706 0.218662923132005 -0.00993100215178212 -0.275586925755792
0.237265328719914 0.00356154849050301 -0.167656107955365 -0.140560310113303
0.160393737850625 -0.0990708473978721 -0.135865622500146 -0.0163462369482186
0.107140376012056 -0.165805406676901 -0.0767614235099464 0.0320102152545132
0.0534388666143104 -0.181442952592306 -0.00684326291779181 0.0234201994474792
0.0478834642394068 -0.190549660328036 0.0260922158564716 0.00960277617545712
0.107936612228965 -0.139065752461061 0.05728581228111 0.00803784979250768
0.166629874799553 -0.0892463926534531 0.0853190556186116 0.0564274850185345
0.231618228847905 0.0617518045873613 0.0608961202870205 0.116378624953125
0.159267856130386 0.214586560022666 -0.0259163020163274 0.136975579919012
-0.0463356442991325 0.263406882472678 -0.0761750599054382 0.114488681429966
-0.231215871579451 0.23150574687144 -0.00706492632990739 0.0666519981563923
-0.264528044157208 0.15046566308655 0.147498152717161 -0.117058595271895
-0.218413579190167 0.22361530331793 0.250804281474773 -0.0849858953845299
-0.0265590306982889 0.314233247336464 0.20774958501585 -0.210558326965101
0.16873472918193 0.241562038484554 0.0589221852028544 -0.257369984180647
0.233113085339966 0.0270725405424733 -0.0903615513240897 -0.156149451940439
0.162810604408013 -0.0890041065860599 -0.0719419476390542 -0.0614572086958761
0.111632694545096 -0.156324244117116 -0.0389888792861649 -0.0314456858854081
0.0569618480293589 -0.175302468472691 0.0110240562873168 -0.0384375458145149
0.0475121690041432 -0.185804520342245 0.044936026188149 -0.0529735479514
0.101243475484971 -0.137891114493841 0.0855329884361548 -0.0453163535994123
0.156381370044504 -0.0888637800023563 0.12011603510975 0.0193687259633302
0.215817820667282 0.0598358077445769 0.0930919021027338 0.0953378249725122
0.139643124567742 0.204075670260603 0.00201373416680665 0.126667251002835
-0.057965932536253 0.237018071413942 -0.0543478889087837 0.0816224190852543
-0.226304949558923 0.190389722377024 0.0581337533983554 0.012449161091714
-0.206761611787723 0.0842873275563275 0.227753114794636 -0.14082811537662
-0.196184351629336 0.148104480829669 0.287119283906461 -0.0935072233055634
-0.0558332381444204 0.24255911023058 0.228932972430629 -0.166826978081964
0.111193148185651 0.205995509811736 0.108208301518915 -0.216025789708805
0.182727076887403 0.0362201576236102 -0.0166903317037326 -0.153678807176896
0.132994374274147 -0.0683599781698577 -0.0101957278455143 -0.0960136464271288
0.09312313571125 -0.123213804005848 -0.00167593990424057 -0.0866581909152181
0.0505186218238778 -0.142544946340947 0.0259119827189522 -0.093745435803038
0.0428755632553968 -0.153158536327521 0.0619388522574966 -0.108667559402335
0.0872101735999236 -0.117085359345898 0.111404701087511 -0.0899279404541929
0.132726077145503 -0.0710493320125843 0.150617064380729 -0.00834027466042825
0.17422044701782 0.0621721607376816 0.115305250136135 0.0829022087838278
0.0966094839254778 0.1780680540551 0.0197953512492084 0.119105048555338
-0.0738955626151599 0.184534409981936 -0.0396463173272247 0.0504626698883314
-0.19923050521311 0.119835092781672 0.114139417581758 -0.032304660667784
-0.110482726035785 0.00519637677027355 0.267518600569775 -0.149122889649468
-0.129099050640768 0.0519411388822515 0.289740012265119 -0.100946048409486
-0.0553730633865657 0.129751351220406 0.221702083477484 -0.128177491152526
0.0475136367663436 0.127643096007183 0.128461229461703 -0.173742781932324
0.105165556051435 0.0291169546305664 0.035625653211499 -0.145058767600103
0.0796094336531622 -0.0399765191121119 0.0317421462350149 -0.117380954828094
0.0593655361031351 -0.0728425444412097 0.0266522782061369 -0.125604308727981
0.0364499728872593 -0.0889222842910599 0.0369534404276992 -0.133434940403276
0.0328930122925828 -0.098248123831056 0.0781247884765311 -0.148874801961182
0.0638200738998372 -0.0795444426876706 0.134771039952172 -0.116468555252572
0.0963495488079521 -0.0436122652973472 0.177680701862053 -0.018604452373766
0.115316506398133 0.0584420804209425 0.13176503498594 0.084673083577424
0.0446122770495536 0.133316932783186 0.028394206289071 0.120359987097623
-0.0823158974269786 0.111267781423076 -0.0275315084249395 0.028805002433907
-0.147733942469879 0.0335082484559424 0.159541028645089 -0.0589344535556021
0.0441332399616267 0.0342830117339327 -0.176530493497422 0.103286483317794
0.0504415678864503 -0.0354883912567125 0.0158977102716102 0.0270170299544895
0.00854955313528629 -0.0600699893125162 -0.00934119563767909 -0.130187769550365
-0.0387933693217674 -0.0326706699929608 -0.137568984574224 -0.110898076366173
-0.0370996133660201 0.0111025693662034 -0.208522478679077 0.00439385914410522
-0.0213536160013451 0.0192412180562013 -0.179946133984029 0.126799789882717
-0.0223908851281489 0.0162499429622559 -0.093706363885849 0.171445949797188
-0.0191897206428764 0.0158762828307184 -0.037290338810949 0.158347446357004
-0.0193717362761711 0.00603990480239767 -0.0341950947764848 0.146919901784874
-0.0132434556948364 -0.00964924847204247 -0.0452636438020183 0.138546816145376
-0.00376048992103076 -0.0268729275837036 -0.0561239482267552 0.134551025521364
0.0263136525901799 -0.0348189924067388 -0.107600458118347 0.128554925304591
0.063841088933707 -0.00583549562693313 -0.182861883035453 0.0996293594232337
0.0549387652465326 0.0436090923135861 -0.217013344959019 0.10278462308682
0.0221756747352406 0.0733730784436169 -0.230420570377233 0.156839359508966
-0.0375008439840634 0.115598607024854 -0.166284055525193 0.0705975164319672
0.0221082272387782 0.0629636250009832 0.0285331549371624 0.0116800127649246
0.048825643623788 0.0299829395023479 0.00382308108960218 -0.163089815668124
0.0409774418767537 0.00461453762234685 -0.139367273977241 -0.151818316744123
0.0295825779385326 -0.0151905758220371 -0.231497539976425 -0.0151175377168647
0.020398145017502 -0.0273500234175139 -0.1963485063377 0.115760880561508
0.00623192869452003 -0.0486729360003917 -0.104987463013647 0.169031947141924
-0.00114832577603933 -0.0509089337177311 -0.035641133581287 0.153315322078583
0.00745799394887918 -0.057803126811113 -0.0266511528049741 0.141715552607352
0.0407101166629334 -0.0455358889646705 -0.0315914157424563 0.127933838993167
0.0664108558619074 -0.0305704575724496 -0.0348857897523981 0.128853150939274
0.093207350174679 0.026410713691337 -0.0746330925909322 0.1334129213814
0.0772534298879228 0.090019650877677 -0.148780888011435 0.115766816959903
-0.00213348375071265 0.127300666975257 -0.182591944785557 0.128919662607968
-0.0762022497707656 0.140029484896214 -0.198857887469196 0.16447038120625
-0.124637397774483 0.176374010517711 -0.124577795936383 0.0241223126958781
-0.0315310741831943 0.158965357302272 0.0614810497490371 -0.0148564797285736
0.0716756405920829 0.135764782010534 0.0356175552925159 -0.200086714153761
0.121696548340313 0.064297731919287 -0.123728592228602 -0.201296574823979
0.107467205266938 -0.030033308286713 -0.237507437794007 -0.0489242539409766
0.0694239838111255 -0.0670799033489559 -0.196280668403661 0.0859459634779511
0.03943896629384 -0.10657780908938 -0.107076751967182 0.141998180938286
0.0166666151411885 -0.110263054130641 -0.0288722818249323 0.125444904741474
0.0250718063857229 -0.116640817622158 -0.0102609261627868 0.113201580330341
0.0772574381105959 -0.0839745732372119 -0.0037155411614389 0.101384472529792
0.118754967436823 -0.0498878079609256 0.00292273300581384 0.11505600738169
0.160168245504077 0.0546743090931733 -0.0279830077353537 0.137079481897454
0.111861152259919 0.157737456203986 -0.10440981575956 0.132701617729918
-0.0275787664328655 0.199202164713247 -0.138407111594452 0.141807717849528
-0.149812324071132 0.197530036716284 -0.1403286376793 0.151141807522366
-0.200635906460444 0.203632814771393 -0.0527411665559572 -0.0287467104458069
-0.10241241288108 0.230219117194829 0.114487294448268 -0.0450086111354453
0.0674354265917806 0.238073838384653 0.0856779068102984 -0.227946250346588
0.182057366382118 0.137901228569945 -0.0813410994081606 -0.245188532528978
0.181050291914217 -0.0252992205014081 -0.215279329842761 -0.0903679904330737
0.116888761585462 -0.0930944078317809 -0.174614649198838 0.0405381215677676
0.0714263201264535 -0.146602344771849 -0.0956049190817645 0.0940070860565961
0.0315657480354785 -0.153701028859087 -0.0181329812269599 0.0788593819625689
0.0335643655959599 -0.160432513427749 0.00871989351447723 0.0661945124952375
0.0941711001637525 -0.118354233351057 0.0266895617898085 0.0581480544774032
0.147888644812512 -0.0755005222567079 0.0458090912280176 0.0878311593167338
0.208623033001233 0.0561016362675993 0.0213647939784797 0.128464726848721
0.147886674432798 0.1905765735148 -0.057867089824224 0.139014334499499
-0.0306146786494757 0.243474734870307 -0.0974320636680611 0.13520889236839
-0.193013703202509 0.230629912559454 -0.071205226345386 0.114993348555353
-0.245464856520632 0.193717122797893 0.0410472379052132 -0.0787806124728511
-0.167315206610686 0.253404650048243 0.177614736358829 -0.0719854471324696
0.0322990927087272 0.301167986691203 0.143801515844782 -0.231004658065194
0.200178195273004 0.201394558486064 -0.0184391303186514 -0.263535663170536
0.224135189023943 -0.00629899439913026 -0.162940713259441 -0.12544163924336
0.147694452383246 -0.100844654679698 -0.129818861324128 -0.0111243706175767
0.0932098866052828 -0.163445219371581 -0.0710011816685938 0.0340287981821565
0.0414445233213969 -0.174606088158985 -0.00494736393172563 0.0218380754390889
0.0359928798611596 -0.181574384478676 0.0260193282296182 0.00783562731050715
0.096482120928328 -0.137136418903522 0.0547217169730328 0.00550429860514496
0.153714543772596 -0.0921871084876549 0.0841374109646935 0.0504348104288943
0.224171653316994 0.049144842423845 0.0625435861516924 0.108441843736578
0.159703824248641 0.195896087581083 -0.0193749906403468 0.132601875323865
-0.0328493729722795 0.251107497536656 -0.0679711676167959 0.110445511819918
-0.209260850616003 0.229247927824026 -0.00416833999155976 0.0632588017021447
-0.243665156950242 0.152169735889968 0.136922438415636 -0.117519482672987
-0.199496903169281 0.221253581584552 0.234754899209194 -0.0889839297157026
-0.0145730571153477 0.298445007622792 0.191403434201828 -0.205516696899022
0.170699976194314 0.224023529380629 0.0479605941403669 -0.246970992034166
0.221374397531999 0.0154559840448828 -0.0904020925768686 -0.142970031885382
0.149840692039407 -0.091363660335155 -0.0708308376857284 -0.0572666960646927
0.0980476072120599 -0.153960575303636 -0.0380749188885873 -0.028133048313086
0.0451933771545438 -0.168362501215515 0.00845540794025161 -0.037511998836073
0.0351533607173271 -0.176553185975712 0.0404633881682184 -0.0512851963439748
0.0894926637957301 -0.135771000183549 0.0785001759467465 -0.0467788707437157
0.14352711056496 -0.0905770639977135 0.114933587625839 0.0138201752642317
0.20762603353057 0.0476214284820639 0.0924272080028277 0.0878281714783199
0.141039488457778 0.186234047982396 0.00625554146173876 0.12105073871273
-0.0448461596569187 0.226419435113803 -0.0499779304089324 0.0790724866904926
-0.205892659507284 0.1890266325042 0.0554920063349019 0.00898913701491908
-0.191941225794191 0.0868352445188997 0.212313902264176 -0.141737218570599
-0.181105613683727 0.147788242340284 0.269683886218449 -0.0985852583338136
-0.0443938772000149 0.231259358240367 0.212495749978644 -0.164518185911768
0.114739798910078 0.192019691114193 0.0960726445564 -0.209596653004757
0.174112618384088 0.0264210706742094 -0.0210147536750373 -0.144324545685647
0.121659783771797 -0.069942937822916 -0.0141421742601643 -0.0923163065916325
0.0824403503760027 -0.121621779954903 -0.00587501020521923 -0.0820664703057324
0.0409000976209891 -0.137704213624214 0.020414722946511 -0.0895547629978986
0.0326909368889106 -0.146004361008936 0.053643148729345 -0.104416703233277
0.0769765379336154 -0.115230592437564 0.100031528199714 -0.0894423908874431
0.122312192632734 -0.0729106997140063 0.142480747800252 -0.0130798756111394
0.168160130163672 0.051061854010137 0.113610915394443 0.0750408444899853
0.0991302134248975 0.163613348485154 0.0235374882312022 0.113376554808217
-0.0615927705884744 0.176853092823986 -0.0359332612643739 0.0492404770051496
-0.183495789489801 0.121310196093658 0.106649741811255 -0.0351192708822663
-0.103218750544469 0.00851368549668629 0.249470959162916 -0.150789869231124
-0.120559082126918 0.0546204837988661 0.272018107863584 -0.105534743115453
-0.0478833600941206 0.124247814003038 0.207154423426848 -0.128094902773552
0.0506165332931155 0.11893527739868 0.116522512726932 -0.16983847438587
0.100420689264111 0.0237769459125436 0.028475260954089 -0.139966808969388
0.0720988421469663 -0.0404656630376336 0.0251721887048897 -0.114492261410139
0.0521737888026009 -0.071562063454202 0.0189989685482509 -0.119966160846352
0.0302943535210358 -0.0860128483398011 0.0291880559561741 -0.126358737885264
0.0262959828542425 -0.0938814269884075 0.0661577398132094 -0.142529577089607
0.0564375317040811 -0.0783419660159969 0.122058957259203 -0.11559881978074
0.089268995279504 -0.0449849720764328 0.168017163383935 -0.0243655223172681
0.112677527194907 0.0504884984510007 0.127907610731227 0.0757512994510542
0.0473874863192581 0.123646671176716 0.0314868740733006 0.114063703218392
-0.0727002604094756 0.107497014753259 -0.0262000691903444 0.0284689853033641
-0.137983407673374 0.0375204567760406 0.148148569125731 -0.0628046293071425
0.0417365072692313 0.0328546348247402 -0.166149956709377 0.0997656030571353
0.0477689922205548 -0.0340744098540326 0.0156182834741225 0.0261192682907447
0.00863693800957173 -0.0559699110365747 -0.0104348704210561 -0.125523143892847
-0.0372184358213488 -0.0308546365754009 -0.131741488214113 -0.105437192988375
-0.0341569898243335 0.0101654369694667 -0.198794263838481 0.00736191029184713
-0.0191183703692823 0.0185516692544807 -0.168336042649897 0.125105539107096
-0.0210193985264444 0.0164891681489156 -0.0858695381869971 0.165458074369647
-0.0176901709508112 0.0151281548086858 -0.0328001166623802 0.150262618942529
-0.0179891512568982 0.00601100441555396 -0.0290594865372194 0.139832775725631
-0.0127028186289148 -0.00933232234468967 -0.040192491435085 0.134177018090032
-0.00440179642607806 -0.026366203080867 -0.0518539567548332 0.129574547141684
0.0251797130590059 -0.032879211617283 -0.101883289422892 0.122437523788295
0.0608058453512961 -0.00615293922026788 -0.175179007625168 0.0968606674931532
0.0512837074494659 0.0400758654946414 -0.205999210405986 0.098516334758166
0.0208318016977451 0.0694844956890807 -0.219493179272087 0.15159050170291
-0.0346711384064786 0.111091376624625 -0.15707460765128 0.0688189224278743
0.0215949251737189 0.0602620365533532 0.0271226584173777 0.0108677385275938
0.0480163951813991 0.0285495380368509 0.00234043815620689 -0.156869766058967
0.0400686567628737 0.00437264305336945 -0.134227987492142 -0.144360465217745
0.0286132648902939 -0.0152101494863745 -0.219905184983432 -0.0110484405574769
0.0191765921404654 -0.0260893933060023 -0.184625665286173 0.115167667205636
0.00420776639587507 -0.047332258933472 -0.0963658369479096 0.162998707787319
-0.00228884818951953 -0.0488768545099488 -0.0315077465457902 0.144958232520753
0.00577308034495501 -0.054748274084681 -0.0209802196812649 0.134894103840568
0.0384048996891982 -0.0446187777689066 -0.0267017426713427 0.123122360915702
0.0623769683785777 -0.0307108557928168 -0.0318300001943188 0.124357399067525
0.0905945165719172 0.0244654865761463 -0.0697264489651111 0.127135626974597
0.0752429275782556 0.0847814043165497 -0.141921793244755 0.111820180182478
-0.00197395718565753 0.120994930048695 -0.173634997582207 0.123275500263047
-0.0723391220719691 0.133922526931212 -0.188794174305683 0.158047541443723
-0.116968497801333 0.168956272697187 -0.117851676363076 0.0229199764328332
-0.0282263480726591 0.152236468066089 0.0585611237823056 -0.0145719606315594
0.0707888532463151 0.129263601246589 0.0333999127336268 -0.192553852718257
0.117970025787219 0.0608441314918697 -0.11898201321803 -0.192547526559073
0.102667845381066 -0.0300479186828331 -0.226019622816161 -0.0433147633073262
0.0657585066315168 -0.0651576112011604 -0.185754606648231 0.0855651079524773
0.0344941429672539 -0.102432333773995 -0.0984848945019939 0.136971766194363
0.013009078326797 -0.106039164416423 -0.025549246744547 0.11814032000236
0.0212585470843805 -0.111044910666715 -0.00636966709949998 0.107187886711135
0.0724704356624785 -0.0824852580812655 -0.00125825515225949 0.0969343825653275
0.112698331495405 -0.0499433769740361 0.00571708141584703 0.110044426466201
0.155121714608498 0.0498408755985415 -0.0248413089888484 0.130588336047729
0.109501691140464 0.148531290449899 -0.099307971439367 0.128217230011678
-0.0251016719154996 0.189734258866507 -0.131805400383235 0.135932567009524
-0.140583027517668 0.18969197725702 -0.132820133005081 0.145080343775372
-0.188981619385616 0.19588987726684 -0.049111888177683 -0.0281164338867861
-0.095531443281592 0.220989789731959 0.108838696089668 -0.0437526231223594
0.0665619791792383 0.226595573938197 0.0815037503991357 -0.218257025128048
0.177444404874148 0.129949241020784 -0.0794191206612464 -0.234553797618968
0.172197383957242 -0.0273085943950326 -0.204738601231931 -0.0825137521314558
0.110661682326167 -0.0909169826531415 -0.16529015425884 0.0411199582836523
0.0645563272199512 -0.141810187943354 -0.0888112298463125 0.0910802844405162
0.026304064140164 -0.147632854028016 -0.0159306888367729 0.0737160252334141
0.0277500051395657 -0.153020721299996 0.0108790151438939 0.0620521257452193
0.0883630982592271 -0.114967487779713 0.0269983578569988 0.0552285570448811
0.139992266003382 -0.0747439317188358 0.0460625736464813 0.0834728756405037
0.200804876811686 0.0494495386835302 0.0227446070326273 0.122487686778102
0.143519320586365 0.178393948476412 -0.0543458278373931 0.134048558882189
-0.0261504204429839 0.231884360045953 -0.0928428231165011 0.12933277447472
-0.18022094836764 0.221977957691994 -0.0670005513693358 0.109508359949433
-0.231416545862228 0.187787308104651 0.0394814096457324 -0.0771101055229334
-0.156672697533667 0.244001462656367 0.169011921917354 -0.0701775637299734
0.0340541285754784 0.287095600622204 0.137215323581018 -0.22091158290238
0.195733703810179 0.190671838326951 -0.0192297751588093 -0.25287670452593
0.213035513196893 -0.00990402020331669 -0.154413979862286 -0.11602867844486
0.139340697981283 -0.0980668478053038 -0.124296430060492 -0.00918747505654276
0.0850039808786662 -0.158640362598913 -0.0661988726862845 0.0332422300674291
0.0350277766110435 -0.167253602499175 -0.0042866132370619 0.0194840737430611
0.0295434587262011 -0.172809552675651 0.0256794991577834 0.00681954205230588
0.0890168159806624 -0.132586884401266 0.0522686302942886 0.0045112666934029
0.144964559946978 -0.0903541772309402 0.0814734925513953 0.0470130154599664
0.21608638691142 0.0425459558446856 0.0622724025212892 0.103192852498712
0.154949791642393 0.183308166035073 -0.0174443747970252 0.127512508015087
-0.0277181140861491 0.239226065682906 -0.0650765455530594 0.105335221181488
-0.196462645630369 0.220773957787801 -0.00272820763666653 0.0601736338720957
-0.230067514180198 0.146827537905245 0.130751192255946 -0.11455969929903
-0.188415005565256 0.213150708645127 0.223583832868585 -0.086948923512231
-0.0108744624703287 0.284498737787607 0.18263451292338 -0.196451704056546
0.167988043381929 0.212010756483935 0.0432429586940667 -0.237958883720874
0.210074866464661 0.0114268239524322 -0.0867768618611604 -0.134386897906222
0.140424982513774 -0.0886403609712947 -0.0681063247959664 -0.054909730010268
0.0894685161003042 -0.149347924229514 -0.0365892046658263 -0.0263569432700022
0.0388668907474622 -0.161719516024142 0.0075821258883695 -0.0365278962191744
0.0296149164046684 -0.167758536297093 0.0382202407062069 -0.0497170214981603
0.0825763130583758 -0.131101446196717 0.0731429647221329 -0.0457098011406437
0.135250208024281 -0.0877583576486644 0.111041070407254 0.0117616522046605
0.200216754924771 0.0420871750351175 0.0906393700397518 0.0828244745854839
0.136826005541555 0.174954460886084 0.00764790965171879 0.116788518946328
-0.038939020788464 0.215349325407928 -0.0472904782405684 0.0756925380612449
-0.193460743912838 0.183052840621301 0.0526316731518068 0.00763862858413081
-0.181320828267226 0.08417820302813 0.202515944721006 -0.137827264763949
-0.171223641650411 0.143436559236026 0.256643360726938 -0.0957462838733148
-0.0394858736668776 0.220250513974042 0.202839777355995 -0.157734112739047
0.112650250709016 0.182394512661185 0.0900958350471033 -0.20153559374276
0.165621722492404 0.0226260637985243 -0.0204941135303572 -0.136955476363997
0.114037221511155 -0.0672404700512481 -0.014950774631501 -0.089591102056091
0.0756288131526665 -0.117107441212277 -0.00662293202449205 -0.0786845755865497
0.0355811652231625 -0.13218551148899 0.0182086575942645 -0.0846786371849494
0.0276403839079156 -0.138595487325761 0.0494595376904086 -0.0993426433853498
0.0711778575267641 -0.111019180569608 0.0927767881328803 -0.0865173319520503
0.114849895264281 -0.0707432648841123 0.136064824989516 -0.0145205033607645
0.162079849631571 0.0455617371492845 0.11005483697046 0.0704465714899263
0.0964696060928129 0.153212375253502 0.0232469518898894 0.108649068290895
-0.05611498248381 0.168025029200081 -0.034913712688776 0.0477558781966448
-0.171708468798314 0.118900870454506 0.101420553265197 -0.0356310419942878
-0.0983270437895272 0.00889992199944532 0.238521480940921 -0.146725838898301
-0.114644312284768 0.0535745291940196 0.259021314042745 -0.102105117511268
-0.0441560765555486 0.118914304564952 0.197208690377459 -0.122819552613038
0.0508543039655899 0.113133069091162 0.109865311427096 -0.163859458002136
0.0947862515403575 0.0209699011215515 0.0251733902960621 -0.133296607996298
0.0669655112186213 -0.0382705228842213 0.021889428671474 -0.11178899800103
0.0487610040073725 -0.0683673997215352 0.0154202216857371 -0.115008943203127
0.0268334896825959 -0.0821955601464133 0.0257280432911469 -0.120268821718133
0.0227235233121144 -0.0891277993573194 0.0605453474453308 -0.135460012337514
0.0522697693267283 -0.0756180547238092 0.112906251253399 -0.11160342381619
0.0844002960587838 -0.0444560285409818 0.159106389724235 -0.0249102145291695
0.108211398447111 0.0463558118740217 0.123604019183821 0.0714473820797498
0.0464786200675075 0.115968583203423 0.0312600894572314 0.109134644467897
-0.066887719449367 0.102537670519544 -0.0256605956150762 0.0275246890304754
-0.129801900298047 0.0382961408431784 0.140358977250913 -0.0615966941190402
0.0391347107163546 0.0330352284560742 -0.161415856465308 0.0966994374603534
0.0459533255864523 -0.0322639899404479 0.0153907358597946 0.0263736489080973
0.00989025973532761 -0.0537412991921489 -0.00957031608324288 -0.122926345238651
-0.0356256876150661 -0.0298483915320253 -0.12771912043064 -0.10353655835843
-0.0323110085826033 0.00935737875913504 -0.192500970372764 0.00698744297862308
-0.0176892755899231 0.0177780869286891 -0.162679563167737 0.123380302686046
-0.0204511655173094 0.0160226961701127 -0.0825724867643128 0.160566709103876
-0.0176085118722576 0.0139071918471833 -0.0325130515465019 0.145360742360152
-0.0171565835628781 0.00525159723346793 -0.0268712106667788 0.135898352231867
-0.01229824433632 -0.00955394301426471 -0.0380360518619311 0.131730145177897
-0.0042543754494126 -0.0256566013191294 -0.0506969876460953 0.125513862425384
0.0244728298480667 -0.0313207201870018 -0.101114147902493 0.117721213161749
0.0592664179954175 -0.00622922088571213 -0.171813984394912 0.093467261662517
0.0474971711598651 0.0395522599275594 -0.201104183944864 0.0932878178680348
0.0189232696878385 0.0672764286580817 -0.217294052579412 0.145798086324716
-0.0349041309168795 0.108180720351942 -0.152692798920203 0.0646528670953322
0.021165754891243 0.0592918724193869 0.0266981337067123 0.0115596709925014
0.0473363622735716 0.0287115706210626 0.00397393017852331 -0.153241546011474
0.0403039701992426 0.00453226339821226 -0.129658164160992 -0.142418040094832
0.0292145854075943 -0.0159463686548942 -0.21344515027393 -0.011446301217262
0.0200203155580704 -0.0257895414830472 -0.178846818410884 0.112868649157355
0.00332018280689033 -0.0460150192046148 -0.0919632102049327 0.158626505716023
-0.00256836411983961 -0.048503029474504 -0.0305835554415811 0.140073519606085
0.00571877301742699 -0.0538908510030748 -0.0188855014501278 0.130688815217943
0.0374656276943433 -0.0441230238351493 -0.0248203313616156 0.12091657110842
0.0606182679119576 -0.0301197158288332 -0.0303436565277615 0.120715433728257
0.0886153341735063 0.0241024948884183 -0.0691893101187489 0.122994308130496
0.0729080938339206 0.0829923532510918 -0.140042309909186 0.108452206311787
-0.00420753520577059 0.117618968731597 -0.170088594625169 0.118220454720553
-0.0715795321230902 0.130158632374465 -0.185919586328974 0.152654614195582
-0.114490204920907 0.163765432656418 -0.114360289811168 0.0206658236150402
-0.0286237347664629 0.148969184963867 0.0568798559035289 -0.0126290678549753
0.0692781450468225 0.126730899065604 0.0344013597497998 -0.187446421526944
0.116985876971602 0.0599970866962367 -0.114857997475648 -0.189998686182957
0.100371969191124 -0.0294747508200739 -0.217879625520871 -0.0425691097689648
0.0651256711079551 -0.0636278395261081 -0.179930102265344 0.0839826592010734
0.0327369367785737 -0.100392612613359 -0.0944708771919658 0.133070515299164
0.01190654740167 -0.10370410353511 -0.0253278305046387 0.113157715960827
0.0200835385431177 -0.107681319122503 -0.00444718050134486 0.103657075806722
0.0702936011965561 -0.0809904073056127 5.28733199103839E-05 0.0950451873051494
0.10973396101224 -0.048902872852162 0.00537224862969444 0.107402961949642
0.152192321672532 0.048152431438796 -0.0251327189012531 0.126706537050139
0.10610841489684 0.144688335334271 -0.0983512026711259 0.124530315794317
-0.0254546697470714 0.184217597117221 -0.129811074334346 0.130835297103074
-0.138258853852341 0.183836346158306 -0.130752972117422 0.140145740230887
-0.184644387448009 0.189678077235906 -0.0477271003400659 -0.0289163528949488
-0.0941346040756496 0.215206360088954 0.106218080926646 -0.0416388841693521
0.0642186078589899 0.221470479888662 0.082588221740438 -0.212131271520789
0.174804717124741 0.128157748224333 -0.0758342601451312 -0.2307892896547
0.167369633377125 -0.026946491028359 -0.197780180232747 -0.0805124034999722
0.108244568658589 -0.0881542987550988 -0.160769380169629 0.0402448213338143
0.0616071330016007 -0.139109994223249 -0.0845816799747216 0.0881837082206795
0.0239606445252935 -0.144519002915165 -0.0161212215584387 0.0697897223993054
0.0261407868185966 -0.147463538081602 0.0119633346237281 0.0596327557192814
0.0853774856681481 -0.112087676764824 0.0270970871576738 0.0544259002726337
0.135419396902404 -0.0726909217053794 0.0457570295429076 0.0815034156940792
0.19689622170067 0.0479088221719729 0.0221894422704152 0.118959720798548
0.140292513718521 0.17416329638895 -0.0546164622802326 0.130295089384837
-0.0270811311560559 0.224036213476637 -0.0918853169053207 0.124674465283424
-0.176934594032832 0.215660738251149 -0.0661573897276526 0.105882823632926
-0.22533700620208 0.180815704574324 0.0392426603146209 -0.0763050937773076
-0.154928998812552 0.237035649651093 0.164558900785797 -0.0669464265236714
0.0318898139004787 0.27921834196474 0.136399540674812 -0.213308750595597
0.192135580174707 0.187129585764592 -0.0168028226716487 -0.248053504837131
0.207846111061926 -0.00943527404371643 -0.148740665006279 -0.113111780316892
0.136205268369606 -0.0951992975993187 -0.120586035403777 -0.00981701463889229
0.0815981097221814 -0.154839415916179 -0.0630968802950523 0.0319637590938009
0.0327206720537436 -0.163205838548485 -0.00464153551708789 0.0174834404151354
0.0274762436170365 -0.16660927339267 0.0259433468094473 0.0057642441444294
0.08691675283335 -0.129960466244136 0.0504519429180751 0.00440110943071754
0.140744171060605 -0.0874307504458512 0.0808515428245267 0.0460493182976087
0.211435668347008 0.0410786732212381 0.0608325113008736 0.100443264605028
0.151084730104613 0.178759375410701 -0.0180028546345014 0.124835483141556
-0.0276265208378379 0.230698971951645 -0.0646079803510829 0.102128372509574
-0.190544515655111 0.214552630164582 -0.00297545238292089 0.0570850268000048
-0.223804128460107 0.141604013836491 0.128558059472787 -0.111507689036362
-0.184764929718222 0.207267427808661 0.217751612065983 -0.0834757481951516
-0.011416830957153 0.277575849332822 0.180327209225877 -0.189516012056604
0.164677791744903 0.207423241050443 0.0440829380651995 -0.233139210674213
0.204339380670294 0.0110620158737924 -0.0825569084672534 -0.131033302657455
0.137083936494208 -0.085448000648487 -0.0674278589571055 -0.0547180328992964
0.0862393287823484 -0.145911596570247 -0.0353942248799839 -0.025568918414049
0.0362948380613114 -0.157795295751913 0.00744681847283588 -0.0360854694887832
0.0273698541407214 -0.161683811271193 0.0374874222141115 -0.0481268568589345
0.0798992651750304 -0.127589188344901 0.0705142438367483 -0.0435100674065155
0.130915474763709 -0.0852571360636595 0.108534069627384 0.0117471066605515
0.19560321682635 0.0401612337854 0.0888049031761128 0.0810346836249242
0.13281744018623 0.169361391317745 0.00675213490094192 0.113719562687379
-0.0384689196457809 0.208640040875759 -0.0470231803511635 0.0737877448223658
-0.187525112764627 0.17764616809829 0.0515785137366341 0.00725052566713547
-0.176222871118312 0.0812327809011691 0.198776599508981 -0.133172222848927
-0.167886067658716 0.138918385867252 0.250319133082926 -0.0914241363640584
-0.0403353755476427 0.214032193469021 0.199888056487727 -0.150806503920707
0.111159853840196 0.178007674754772 0.0885556756740358 -0.197187778812798
0.160811981165917 0.0217259036528062 -0.0191360799106733 -0.133540640784107
0.110132868469136 -0.0639475640263046 -0.0149769871157936 -0.088803989545004
0.0723658754873014 -0.11473489487952 -0.00693736371316066 -0.0763562245312594
0.0338851138038476 -0.128938915020205 0.0171346302493478 -0.082835674180662
0.0259527694742351 -0.13368548255716 0.0481165082438052 -0.0962635724654497
0.0684158075810582 -0.108097149242349 0.0889927913528995 -0.083613945656726
0.11151924298653 -0.0683157255929911 0.13290900882898 -0.0136937661726515
0.157864931847974 0.0440342058442741 0.107195516320034 0.0696267050102858
0.0930104948575883 0.148166448687851 0.0221020033043752 0.106682784346812
-0.0542638276145048 0.162078584937403 -0.0348349907497234 0.0464759081658427
-0.166976608857254 0.115080087256537 0.0984953225768965 -0.0347379991947891
-0.0950280614646717 0.00778709129114461 0.233600264032322 -0.140642861707998
-0.111508539625219 0.0523961427483145 0.253278806084543 -0.0974850431329618
-0.043661355367843 0.115078114150515 0.194442255829129 -0.117490162923623
0.0494443059868788 0.109991326031302 0.106917942668555 -0.159714569419488
0.0914481082863299 0.0194570516499453 0.0251900580251297 -0.129772849862086
0.0641423348471064 -0.0360813938456853 0.0206316026730928 -0.109871350562095
0.0464188150067867 -0.0667922596153785 0.0136560704760782 -0.111585248080757
0.025678809529293 -0.0802060826745511 0.0244514656872363 -0.116627489071472
0.0219484989522974 -0.0858846155965174 0.058460169616814 -0.130650739672398
0.0505504509517845 -0.0731539081631773 0.108316803787101 -0.107741071633601
0.081677832432847 -0.0425545194299172 0.155384232656906 -0.0237947495809003
0.105692608748163 0.0448397143593936 0.12017875215135 0.0702625590516184
0.0443496897150506 0.111906646332591 0.0293659507326532 0.106802465527298
-0.0654806536754925 0.0976060828391908 -0.0260706968001991 0.027203476295745
-0.125643488083305 0.0369491356533556 0.136108743452326 -0.0599882188140962
0.0386154588794096 0.0335189340116303 -0.160800302480716 0.0956783119460016
0.045400345858374 -0.0310759799780263 0.016453733614609 0.0273714635364754
0.0105177373448298 -0.0537199811680587 -0.00892741837256208 -0.12433053217707
-0.0349169306340712 -0.0297439183053068 -0.127058652721927 -0.105070359281029
-0.0313181356253567 0.00850877191048805 -0.192380305266925 0.00700653602840567
-0.0165470773570804 0.0167207186806354 -0.160335366668888 0.12504649835231
-0.0203029986606527 0.0163470304852471 -0.0809560820437155 0.160111080963009
-0.0174703004944594 0.0134475775210058 -0.0316575915371994 0.144455205732509
-0.0170190257157701 0.00531419101632901 -0.0253097879912297 0.136127385417215
-0.0118715187403941 -0.0100449919843142 -0.0361478998819549 0.132058889692893
-0.00419668466323262 -0.0256863358888572 -0.0506208999379559 0.12578995350686
0.0253666302780367 -0.0308352311734341 -0.102664190500257 0.116326499093683
0.0592959302373823 -0.00571492863883531 -0.173646653021565 0.0932755615739951
0.045362560252173 0.0398103207458401 -0.201332169027611 0.0918360540028206
0.0179348960606726 0.0673480727074111 -0.218383638816772 0.144561689394414
-0.0351637365553633 0.108500769652588 -0.152329393073852 0.0641302342761279
0.020556075434671 0.0599282028509722 0.0270259085534704 0.0126412961305344
0.0487370144618449 0.0292634462385641 0.0045988541053382 -0.154247620231629
0.0418726884357376 0.00463727524713465 -0.129408264112591 -0.144421472875311
0.0296243841128084 -0.0159886829272165 -0.212161907671878 -0.0111032736917331
0.0204287787512627 -0.0265942897491813 -0.176421087699627 0.114744858409466
0.00247478601300732 -0.0460980197562762 -0.0900273877244133 0.158272007230009
-0.00406941374808066 -0.0488632787098305 -0.0304777400907844 0.138848338274656
0.00526768482289716 -0.0541366342097054 -0.0171499315498902 0.130011485841448
0.0371312174205493 -0.0452580077767496 -0.0229878955722108 0.121878974294352
0.0603613302120683 -0.0307360786021098 -0.0300169862201933 0.121134816637651
0.0898160566475486 0.0241478044259823 -0.0703756198846065 0.121730667562643
0.0734859161430483 0.0827222180779297 -0.141697591458177 0.108383527416511
-0.00625138903571439 0.117780689801836 -0.169783371808947 0.11650636598154
-0.0733091032665717 0.130215971480857 -0.187362544958625 0.151910178813956
-0.114910012005099 0.163514524665621 -0.114035324911206 0.0192849012584807
-0.0287737696109347 0.149044525474257 0.0575166555388715 -0.0118707386044313
0.0700115680937763 0.12699025409846 0.0358749660763819 -0.18747454780044
0.118899460832108 0.0603271282863994 -0.114741808915556 -0.191963931632907
0.100767109468171 -0.0302030845108711 -0.216670404262515 -0.0419003252192475
0.0658219684363918 -0.0643391121751076 -0.178721011140515 0.0851415758077136
0.0310082063623978 -0.100749061613059 -0.0917333785413775 0.132519439851941
0.00974319960895366 -0.104540431047258 -0.0250838577803219 0.112234804049305
0.0193713041993928 -0.107335706343025 -0.00266935877046514 0.102181803268805
0.0702229278549501 -0.0821570064763681 0.00151565620410138 0.095318801466604
0.108978432538216 -0.0493371773791938 0.00672123774069277 0.107857298677532
0.153512844238699 0.0474476869783356 -0.0253082864949464 0.126012813192214
0.10648709902465 0.143843080565391 -0.0999852498042419 0.124538948048722
-0.0272664433551625 0.184393998336446 -0.130029763211473 0.130076762399694
-0.139025445617458 0.183996688779002 -0.131457792162456 0.138950024701459
-0.184664934417167 0.188822709970683 -0.0473624490573369 -0.0300704117774371
-0.0944959273846905 0.21556084647863 0.106001088454924 -0.0403502864475964
0.0647996300020629 0.222073830394679 0.0840598700916395 -0.212252039737635
0.177373641459272 0.128182191288252 -0.0756282955884405 -0.232694089372766
0.167329782713135 -0.0277499750537183 -0.195756641610559 -0.0805312904050968
0.109241471985391 -0.0894444376534429 -0.160536047624685 0.0401044832297212
0.0595918613737627 -0.139588675623891 -0.0820940831026675 0.0878095310335352
0.0214787670303191 -0.145006111860481 -0.0163742985693114 0.0685749663592577
0.0247040392316843 -0.146655911824429 0.0132795576099008 0.0585552428751131
0.0847844959255426 -0.113368381739475 0.0279796757648528 0.0542519913055376
0.134987566243344 -0.07331859452763 0.0468640074046469 0.0812069149413021
0.198864071084435 0.0470552400526548 0.0220448722223314 0.118168630817676
0.14075715091067 0.173263042874786 -0.0554848613322848 0.131097547360934
-0.0274831507553822 0.224090193968027 -0.0925569039130752 0.124205117115754
-0.176956702979631 0.216221520012083 -0.0659330811952528 0.104919923675734
-0.22562796794509 0.179529129873158 0.0393378014871841 -0.0764415790530036
-0.154658039441116 0.237000171814707 0.164358927908163 -0.0656595854185088
0.0317538539447203 0.279988279964327 0.139106612880224 -0.21381023593925
0.195003940979753 0.187108579188623 -0.0167778029759435 -0.250308181239945
0.207417965787487 -0.0101704107832888 -0.146584420217948 -0.112955608260313
0.136616425214891 -0.0959699726808226 -0.120779368724182 -0.0100572828941533
0.0792918460187532 -0.155179671769419 -0.06154236179572 0.0319921468695471
0.0304138072366804 -0.164017339431174 -0.00491461706281739 0.0162296328166295
0.0262704871145324 -0.164780136117966 0.0269776009190302 0.00506610718969469
0.0857915246118307 -0.130562002510713 0.0506668333720169 0.00548999702032815
0.140145094033955 -0.087920858232399 0.0815327375179962 0.0461196473335713
0.212106315088589 0.0392253001949589 0.0618528737979494 0.100406884931561
0.151510025352393 0.177586825234425 -0.0191899345115829 0.125741366434219
-0.0272358928586215 0.230169060622932 -0.0654666249292705 0.10196192551087
-0.190782705506489 0.214762241887026 -0.00345631946397622 0.0566508306717154
-0.223492461687908 0.140372626724406 0.128571974558102 -0.11170340293686
-0.184885346321694 0.207504531919716 0.217173845065284 -0.0819723404757514
-0.0110310028024666 0.277156946053538 0.182558906930104 -0.188874900149011
0.167459432238124 0.207650016924037 0.0436494800378889 -0.235097196762588
0.20368485482867 0.00998035217076365 -0.0809387791671325 -0.130599626132829
0.136944974372264 -0.0855268948559127 -0.0672413699399826 -0.0563103997911064
0.0840214622258478 -0.146299298705059 -0.0345871987934971 -0.0259580088612653
0.0341604573922856 -0.158608594093748 0.00669578580438403 -0.036846208352306
0.025926136628087 -0.160471407736714 0.0376504611596181 -0.0484796637516453
0.0789658023158119 -0.128416017686561 0.0693216188362506 -0.042703779848976
0.13012325878297 -0.0854587493060436 0.109292336722295 0.0119343482154471
0.196851462412267 0.0384396183117919 0.089610463163154 0.0809988756758412
0.132733939870577 0.168533205125684 0.00611655413417364 0.114958993593761
-0.0379317978392537 0.20641580219319 -0.0482229203165667 0.0737194303543206
-0.186368727004074 0.178637829028102 0.0512199903466426 0.00657218051486293
-0.176057772442199 0.0800312738779351 0.199966910251437 -0.133209627904439
-0.167686783403788 0.13945508652899 0.250555417684698 -0.0905863796152689
-0.0397463233219642 0.214481948303017 0.202042605392781 -0.14970655799931
0.112184120595357 0.177364362898275 0.0884725577287009 -0.19809444070592
0.159599131574063 0.0205923012902101 -0.0176665643332497 -0.133198078433928
0.11019218619383 -0.0633110788534145 -0.0161078480369231 -0.0905278527414581
0.0711963821084248 -0.115171263731035 -0.00721479979055996 -0.076602492885435
0.0320744502236075 -0.129279843322253 0.0166792820441551 -0.0827097207546137
0.0251805085686518 -0.132060883865291 0.0476285082895524 -0.0961627486291022
0.0671658554235548 -0.108121002762042 0.0874503070120652 -0.0825020311671093
0.111068471582208 -0.068098410177502 0.13325570277306 -0.0135620742565892
0.158943482865211 0.0431575334465016 0.108152848243525 0.069329960549478
0.0930389601375575 0.147287910419576 0.0215517653668099 0.107005425095092
-0.0541325627090004 0.160070732119156 -0.0363437955855544 0.0467941913473769
-0.165591205323885 0.116106356239295 0.0984243452187764 -0.0350246692674602
-0.0953350698869658 0.0077827408711417 0.235228680923968 -0.13963857166707
-0.11150103102307 0.0519553164465724 0.252699160561811 -0.0958472765745156
-0.0434730784305662 0.114829114138887 0.19532554424509 -0.115661531904384
0.0504929663750422 0.109551893054854 0.10709127873843 -0.160429862532674
0.0907752130864853 0.0193341925949143 0.0247028382296457 -0.129965417865344
0.0638706798668086 -0.0347737110156174 0.0191952765493264 -0.11170930101549
0.045859827002394 -0.066590103552853 0.0127709487937722 -0.112132845827509
0.0250468169577723 -0.0802693972694065 0.0242968243743373 -0.115436611364658
0.0210922436792986 -0.0843807243562654 0.0573184266243691 -0.130260492368902
0.0498619722670903 -0.0736599622069439 0.106208930971302 -0.106725716563261
0.0811341227059809 -0.0424691083419253 0.15552006484224 -0.0240215986276083
0.106281766141184 0.0438957714812315 0.120232433574229 0.0707058203844586
0.0445091513578746 0.111352042343963 0.0290798265254133 0.10731466056031
-0.0645512505438205 0.0964810865506739 -0.0271932859960209 0.0269985797075488
-0.124986878132953 0.0377008964200519 0.135529513552986 -0.0606483048931496
0.0420353640996804 0.0322930276567097 -0.158737886373377 0.107236230976218
0.0418224317453049 -0.0346536899912806 0.0216175350866712 0.030498706694931
0.00392915771090563 -0.0553331913469275 -0.0127141326488167 -0.123176217666232
-0.0401449935944572 -0.025173797584521 -0.131556331972156 -0.099895184118279
-0.0321956092152793 0.0136908161501282 -0.193275961616508 0.0199028979103272
-0.0144320521508832 0.0212264444792781 -0.150438479298887 0.13731173185096
-0.0185613296784952 0.0203676614942855 -0.0663950901140793 0.165999151210648
-0.0159802352602616 0.0157353464650529 -0.0204434485195868 0.147760606416428
-0.0169308524097714 0.0063528077641823 -0.0134676402098851 0.141666603403981
-0.0139985398405034 -0.0101396656083342 -0.0250610829277763 0.140411041712517
-0.00863562412656622 -0.0262775610129938 -0.0425014306233714 0.134021589826425
0.0213342892778559 -0.0355385159719081 -0.0992733284535255 0.129771381362311
0.0577228706238545 -0.0145560405753628 -0.176017252175095 0.110630565920523
0.0478807671600812 0.0342914685597591 -0.203058422107104 0.104254078352363
0.0209809166911576 0.0651994246514278 -0.216911813654758 0.156511726783961
-0.0232456951022305 0.114167133831059 -0.15705118545722 0.0683694931236451
0.0262940810671195 0.0572543811217364 0.0257365347913018 0.0128792898595685
0.050805360003836 0.0224671467799097 -0.00801344576887141 -0.152041479016173
0.0404246169786677 -0.000826263183389565 -0.140963477390233 -0.134051965344041
0.0248365851632594 -0.0167783244712233 -0.212187370215305 0.00664740430924183
0.0186540024215263 -0.0255540498284883 -0.16578677373268 0.129876256255724
-0.00325605318748443 -0.0449351903063542 -0.0733852743177937 0.167520658302505
-0.00797298151097578 -0.0479168046824722 -0.01825719869672 0.141050729569499
-0.000581596660963966 -0.0545739097106161 -0.00557280305232286 0.133655037276042
0.0320414201795691 -0.0501200221154341 -0.0132878014342404 0.129521573750299
0.0554860453130685 -0.0371165049131818 -0.0218619830800939 0.129238613832855
0.0920803252572293 0.0122946401979447 -0.0685557340168281 0.132287545008911
0.0804356693616893 0.0731499463201321 -0.143825775685385 0.120558950500043
0.000655550561295176 0.118060886938679 -0.163859621796326 0.125729125575675
-0.0680273212771882 0.138377484562609 -0.176554109698082 0.162003051737782
-0.0947089157953871 0.175391310469792 -0.125346810023722 0.0155942334073687
-0.0127736114911666 0.149669171412674 0.048847077107738 -0.0170611594520321
0.0821019383256736 0.116789664838055 0.0131402585890788 -0.186622555535068
0.124124588564853 0.0440084655278637 -0.135792503903212 -0.177878707739979
0.0937651289185223 -0.0384660590811597 -0.217329862119034 -0.0197989993057889
0.0599606150654487 -0.0675454774832422 -0.168869428654403 0.102121878873461
0.0180576817823229 -0.103338661922631 -0.0748805449185316 0.146220969638823
0.000423721446393592 -0.10435614464661 -0.014873439812375 0.113043675401121
0.00752455579934611 -0.108327288563421 0.00671766073726758 0.104089807116104
0.0611702767048783 -0.0903533980290996 0.0100144386136499 0.101409348837637
0.102056832352195 -0.0608892996533943 0.0148631738227696 0.113392818006202
0.158351894100349 0.029934136290363 -0.023353834805792 0.133577869976562
0.120131341427592 0.132697056602691 -0.101787497089983 0.131924375262862
-0.0147669599421261 0.188735248036202 -0.118015591117636 0.134549448048594
-0.132324487249567 0.20006530072499 -0.113700515360969 0.144642090213556
-0.161686852418044 0.206114194396673 -0.0618406599162918 -0.04309627586597
-0.0709302282995261 0.221500391015034 0.0920941639552848 -0.0526034040991221
0.0875696985478948 0.210643335863549 0.0518399989945743 -0.215755625820195
0.191080371689642 0.103390244379458 -0.106604470108348 -0.218012730552381
0.160413069756207 -0.0426656626712214 -0.199058380031645 -0.0552774511994372
0.100577903258801 -0.0961858149179079 -0.153064286284281 0.057819603609389
0.0417766107268105 -0.146571889122435 -0.0692418444922375 0.104249086649448
0.00843934335917994 -0.145368623235383 -0.00853616799080117 0.0686543728924783
0.00838642435789687 -0.147662931285197 0.0194057565887868 0.0580379978573019
0.0726566964051116 -0.122871162953 0.0332011836084879 0.0576815525238776
0.125771986687092 -0.0857252512548492 0.0546823363736193 0.0836932012607966
0.203150497587319 0.0243599577193904 0.0249512272742711 0.123439862854046
0.156599108422743 0.159478271795518 -0.0572189953800261 0.13425035340574
-0.0116320226035975 0.229950783512026 -0.0788037023601197 0.1244298094213
-0.168428970111519 0.23636385941974 -0.0450204528077946 0.106159816477535
-0.202568968224678 0.199636582968115 0.0233451995959319 -0.0968451748309994
-0.128018042727904 0.247776307405841 0.147485495077166 -0.0855503301992279
0.0617933723007807 0.271536256992144 0.102040590981876 -0.223722981749401
0.215856095903103 0.158937808458291 -0.0541401331492349 -0.239269326115508
0.200882836824194 -0.0309443329587299 -0.153919583955027 -0.0892522026082447
0.12673283763434 -0.105812056842369 -0.117924608076093 0.00501882125618263
0.0594219958634779 -0.165582933239111 -0.0535914796568241 0.0483556496804116
0.0152273258933835 -0.165401247722377 -0.00130193104625403 0.0155187720874886
0.00793384405014235 -0.166435256226021 0.0278295862153105 0.00251358192723501
0.0716843802312947 -0.13902217985766 0.0525346546209877 0.00561948199107834
0.128969041678336 -0.10043707974046 0.0875461175960236 0.0452271648323896
0.216694710241168 0.0160738154318202 0.0646531334516834 0.101591122379534
0.167708438387093 0.163254081751852 -0.0196708763543964 0.125837287467995
-0.0103388795844159 0.235800220545931 -0.0521097514641162 0.100265637796316
-0.180771566542342 0.236939416491006 0.0170780575294136 0.0528269201240361
-0.205521535773467 0.159562968374809 0.115308353845428 -0.136632506022307
-0.161167336232861 0.220580097773845 0.202308377848549 -0.107148701641889
0.0188849482345671 0.273477028878915 0.148079459683606 -0.205610870486486
0.190713607119363 0.181674105878395 0.00693418966369232 -0.229540998577964
0.199944598402545 -0.011676501184662 -0.0906751371843343 -0.11227056017049
0.127827408497062 -0.096167296791627 -0.0690760839010806 -0.0452811274419232
0.0655747084936359 -0.157323998577648 -0.0323016703967736 -0.0118252553347876
0.0191454750112769 -0.160489156568474 0.00540941633357432 -0.0387530671436089
0.00834072995029205 -0.160522596922362 0.034430518435654 -0.0534589834490295
0.0658099500047616 -0.13561047275079 0.0683501611268588 -0.045784330219907
0.120616063937871 -0.0959493210980852 0.11398799277069 0.00749860763328685
0.199584553396111 0.0180606221337051 0.0929472325690129 0.079778101779554
0.148384057007902 0.1560909793949 0.00668611697703871 0.113176067195259
-0.0225107249169103 0.212242054184781 -0.0372623582820464 0.0705343283027832
-0.178627069277291 0.199937996136017 0.0689418074680826 8.67938626852982E-05
-0.165778361896075 0.0941750570339556 0.190148357135865 -0.157152884855632
-0.151066428716562 0.14989792913076 0.237666030633286 -0.115670959050208
-0.0153149563858169 0.213670715152905 0.175775335992679 -0.168907003927118
0.133483688975467 0.158550273860727 0.057236676465412 -0.200057141535436
0.157363757895473 0.00242846176572158 -0.0288445296816624 -0.121718531624656
0.102923917927979 -0.0725764940711326 -0.0213888089335395 -0.0855362411843878
0.0567945457655898 -0.124856291309485 -0.0114528482682124 -0.0667996890649573
0.0200823554336698 -0.131629519282853 0.012125383025514 -0.0855717089344163
0.0103175849911971 -0.133286571720068 0.0405928790545124 -0.10152589611019
0.0564592217032654 -0.113543656618337 0.0830780258851127 -0.0881051011069372
0.102893617459577 -0.0763170705811438 0.136144385604555 -0.0214096323968689
0.162540828851981 0.0269578133391123 0.111951522238353 0.0655048929636432
0.106446434653631 0.138604002226404 0.0240687079876914 0.104567343478679
-0.0430928705191336 0.166052096460081 -0.0268883313206237 0.0448312306097999
-0.161119525954654 0.134046744071209 0.11092927251959 -0.0422034350596064
-0.0935117747792563 0.0141913180856102 0.23161141887337 -0.158873745425639
-0.1039438735292 0.0579359399950979 0.245695063995392 -0.118701457840629
-0.0301997938228591 0.115159547650613 0.179489655652655 -0.133091543716757
0.063148928970848 0.0992657750474616 0.0863710641750673 -0.166260429504821
0.0897458784341124 0.0077994218316899 0.0148453408290238 -0.126710515000801
0.0591414680305032 -0.0402221920821689 0.0116204409205905 -0.111961185219469
0.0369365149792183 -0.0731387895824495 0.00426293302984106 -0.106686233982446
0.0174758861329358 -0.0825352673183934 0.0157169040001236 -0.117925007381054
0.012679012208532 -0.0861265876052181 0.0478988715950448 -0.137131852793572
0.0427597966881945 -0.0772230615731893 0.0997925544048587 -0.114991779750613
0.0756985071281947 -0.0471921099991641 0.157841191527225 -0.0346289741516315
0.1098367786515 0.034235609489142 0.126388531309161 0.0656542099566194
0.0533232972731554 0.107171894414765 0.0337585775249409 0.105083989350304
-0.058648615351735 0.102314447671499 -0.0210144861615139 0.0273518653736273
-0.124579479412997 0.0508459437793805 0.143283819909246 -0.0681157723388604
0.0433533042174155 0.0313870111168986 -0.153964592753677 0.114351485743406
0.0400642218628496 -0.0357387455869555 0.0248953357058016 0.0303046339783708
0.00178114587922517 -0.055250093325611 -0.0176381749341979 -0.124605521888878
-0.0406278223629618 -0.023393129086658 -0.136811847392481 -0.0954447765347869
-0.030420091718352 0.0148245397493224 -0.192129795262933 0.0284827959300642
-0.0130288523306438 0.0213265035578882 -0.141503333239456 0.144564901203466
-0.0175534497866633 0.0217295201362575 -0.0569817547316154 0.168760232270543
-0.0151126250233272 0.0168399368335952 -0.0126858280503551 0.148506679203091
-0.0161767685206161 0.00732943929728493 -0.00554628183558212 0.141769369732791
-0.0145591495788769 -0.00984928859643604 -0.0164238389281778 0.142213508845525
-0.0101803776254434 -0.0257571558053616 -0.036489661127431 0.136459542089879
0.0205307857790768 -0.0365506611189608 -0.0950920677615457 0.134635770656299
0.0567836054594767 -0.0174395076558632 -0.171676544879568 0.119063498610014
0.0480110977081311 0.033856603972967 -0.198886335636579 0.111004128433981
0.0235786330524503 0.0651985867682781 -0.212024884259754 0.166609142969346
-0.0182101729390195 0.116213902814612 -0.154618176958901 0.0753839245190279
0.0289309000625891 0.0569184785114839 0.028045540427807 0.0126653470515216
0.0526893938499413 0.0198817464777166 -0.0141878077238739 -0.153503782299037
0.0420078657168527 -0.00326318152298164 -0.147573256039567 -0.128960065413869
0.0248117385446079 -0.0185877627702936 -0.21134534217143 0.016024696357827
0.0179785851917461 -0.0274923644495495 -0.157328037105368 0.137816654527582
-0.00610942603626042 -0.0442931597375594 -0.0634058591927703 0.17028050236607
-0.0117633113427488 -0.0473365998157038 -0.0115742151977995 0.141352838356904
-0.00368865762124785 -0.0543669152721324 0.00228436211404365 0.133304477097595
0.0292782537619404 -0.0528386964120409 -0.00486447433410283 0.130127711361178
0.0534286458487865 -0.0400302651438994 -0.0155315291597266 0.129970533685271
0.0940668693871322 0.00762890163345558 -0.0633798356205369 0.135533345752769
0.0837343280205705 0.0695236771950178 -0.139460979894168 0.12811446669107
0.00443747618538609 0.120379688102734 -0.158043604121395 0.132102468035688
-0.0625189211525862 0.14243902928325 -0.170622703073258 0.16948153942969
-0.0879996975309636 0.181041307125178 -0.125242070286842 0.0207828568854907
-0.00670051620746504 0.151765014772735 0.0493549605134366 -0.0179424947214193
0.08908333550898 0.113852704061965 0.00557583633428759 -0.189318930253854
0.128523991613886 0.0372813871905072 -0.144675013201381 -0.17317343728841
0.0925389678280127 -0.0428130222929219 -0.217348042386852 -0.0106161396570639
0.0572691991798125 -0.0718061596158041 -0.162754388694665 0.110805479058339
0.0119079273696765 -0.104517802657804 -0.0660835059100856 0.148507409943343
-0.00657554442897751 -0.104947009342916 -0.00927720127213484 0.113397866966307
0.00100363128002008 -0.1089793418045 0.0133301674036093 0.102901652182304
0.0566013298396723 -0.0943671565856344 0.0164805696206174 0.101178348311566
0.0993065975920152 -0.0657482990731426 0.0210776091240406 0.112646572255724
0.161593474012102 0.0214656969488099 -0.0173844285297958 0.134581686058409
0.126367422652472 0.127195594598131 -0.0966740215187328 0.138441628172573
-0.0074857845483482 0.190759888748442 -0.112465679420447 0.139276727895253
-0.12315667709947 0.207562527155529 -0.108137383063503 0.150400248226465
-0.153648902935432 0.213518170101741 -0.0644348847789967 -0.0399836021401299
-0.0614451388262334 0.225692040409036 0.0902187345615134 -0.0558177148856159
0.09836182587263 0.207091358645785 0.0427973191568827 -0.219254036996777
0.198994874487351 0.0935723789817113 -0.117009937076446 -0.215265521737403
0.157769671864744 -0.0507959115030003 -0.20025866928333 -0.047217462793162
0.0960654213642326 -0.103537614771787 -0.150337282247366 0.0654465291926659
0.0322623978782573 -0.148709767202053 -0.0616898394651572 0.106030504847505
-0.00107309127323855 -0.146318301290566 -0.00612228243403161 0.0683138900252286
0.000578675017516717 -0.148119976902893 0.0225046187829623 0.0554942454173219
0.0660503189445055 -0.127192182141031 0.0380412324952521 0.0562603597333141
0.121507899001391 -0.0923709206131926 0.0599105324592768 0.0810296332656244
0.206536990675962 0.0128311148232716 0.0308134552868228 0.122008152360143
0.16507525663531 0.151894108598861 -0.0520996080652236 0.139133249947493
-0.00217772243547422 0.231476719126062 -0.0735266649748433 0.127425704609765
-0.156003133091758 0.245943390709591 -0.0407560807964871 0.106820092936378
-0.19461642833551 0.209159983278976 0.019179188863385 -0.0980461420128316
-0.117582677794094 0.254825194140135 0.144609794071716 -0.0910600844664891
0.0750331843533893 0.270339558885969 0.0932992523137497 -0.229879350932579
0.226075319406414 0.1480011295155 -0.0654341173790529 -0.238760270275737
0.199313050640142 -0.0410227190426775 -0.15652678489097 -0.0833895034557677
0.12244539131022 -0.112967211868674 -0.117989558993206 0.00971851851729099
0.0490772315023491 -0.168246771270055 -0.0502248662009513 0.0489194737498479
0.00448366774187366 -0.166385443703127 -0.00178477608058274 0.0149831545072763
-0.000946951457335196 -0.165975344656448 0.0288043814484113 -0.00033167244380577
0.0641842676041988 -0.143316471997999 0.053950148930901 0.00342665585452029
0.124823035667628 -0.106494648331947 0.0914343072468651 0.040051188882111
0.218626336859194 0.00320020599694471 0.0698564639109653 0.0982998216581464
0.176469013115753 0.154494794511308 -0.0149181405419046 0.128932672324456
-4.44918303658223E-05 0.236890198317045 -0.0484872625481828 0.102307671514351
-0.168675315349437 0.247614673319076 0.0192610823306492 0.0508784336671326
-0.199269411283022 0.168516290754092 0.10983378402559 -0.141242537164374
-0.15147876893495 0.229074299436022 0.197498436954364 -0.1151626191422
0.0319606171368326 0.273079213754436 0.140844159473675 -0.212549129698693
0.20211602355898 0.172075759049557 -0.0038055104847011 -0.231111948753415
0.199058571188155 -0.0215360594820526 -0.093947456960471 -0.108925210446118
0.123716212501581 -0.103258788126477 -0.0723210257637856 -0.0429355741887537
0.0555484902604194 -0.161022779891983 -0.0321607307484966 -0.0117588389682562
0.00880296790981913 -0.16136568683071 0.00309859999236666 -0.0392374214694313
0.000258258937605356 -0.161002070160627 0.0321103386758921 -0.0555865064791898
0.0578416370635019 -0.139172259167022 0.0658266944711118 -0.048245081306098
0.115598640162687 -0.101992731882896 0.114951438801176 0.000805482674931087
0.202638691528911 0.00630732479999826 0.0965477138074954 0.0743985547194692
0.156499111781704 0.14822854544154 0.0105839637832389 0.114896456345419
-0.0135227392472887 0.213586143255498 -0.0341648305525905 0.0733412098469497
-0.168578966705468 0.210044333229691 0.0686907609664957 -0.00434608132057208
-0.161911220969079 0.101931369065453 0.184159332951962 -0.165807495942984
-0.145221434900191 0.157585420653825 0.232838375563808 -0.125769415983429
-0.00580363594089635 0.215211473730658 0.169581307832059 -0.176719480290488
0.142171759062822 0.151838591809036 0.0483912331812452 -0.202189554253645
0.157118356409375 -0.00523311502389699 -0.0332419863549625 -0.121113886176713
0.0994635971121405 -0.0776424459028886 -0.0267548435601805 -0.0849262979489269
0.0485871397750169 -0.127569902385222 -0.0142671228566717 -0.0670177864508753
0.0113101861566383 -0.133016099916972 0.00699285700381674 -0.0860535526667974
0.00431789039078523 -0.132765258755175 0.0351030834479622 -0.103643112975062
0.0501537876459493 -0.116553059165421 0.0782179741764215 -0.0914965016652356
0.0990197050100435 -0.0806560285823941 0.135987178578278 -0.0287815606748831
0.165234544293001 0.0184774562584066 0.115890474934641 0.0601423461111285
0.113275683761993 0.133368578963553 0.0283211123932854 0.10463818002467
-0.035398277237602 0.167819517380971 -0.0257170210252443 0.0469565931244345
-0.153382938740977 0.143475981119768 0.109234446535649 -0.0484804880716871
-0.0935755231999104 0.0182075415125572 0.225743619923414 -0.169801983799621
-0.101794824093414 0.0628953891969656 0.241055263942693 -0.128070929127076
-0.0248163978899721 0.116900349967782 0.175424235377082 -0.14086315478334
0.0686567747408821 0.0955156637461212 0.0776236233167972 -0.169681542095028
0.0894987009892352 0.00314363605170786 0.00907647919891014 -0.126780985818977
0.0573450207427913 -0.0418627771653709 0.00437439412486468 -0.113542020652159
0.0329692185796463 -0.0749061149963694 -0.00164409958764743 -0.107124384944983
0.0120756664419967 -0.0838892050129113 0.0100142814113881 -0.118911690008368
0.00825660447710907 -0.0865576211679063 0.0405655671484628 -0.139007686884454
0.0381571081079224 -0.0791766959740288 0.0937980969728142 -0.118973589384323
0.0737413312291925 -0.0511284533805906 0.156995424221623 -0.0422360959962566
0.112477553332538 0.0277049837191591 0.129429301768309 0.0597000736432856
0.0584175535933467 0.104479923618374 0.0383639303776123 0.104486820915448
-0.0543424277767859 0.104564223680616 -0.0203901566208976 0.029432001706991
-0.12039353037637 0.057178683954905 0.139412788041593 -0.0754164940940865
0.0436922444383169 0.0297641069087454 -0.144890276832355 0.118949956876644
0.0369970319267453 -0.0357828548166297 0.027646262549924 0.0284536230975753
-0.000516557085576144 -0.0543933112550707 -0.0231574213841693 -0.122690786347776
-0.0402159120237513 -0.021000064238269 -0.138884619436558 -0.0874358845620938
-0.0280071085930152 0.0149751959051159 -0.186308894936317 0.0371084732380443
-0.0108231449243703 0.0205394698103516 -0.12787122555514 0.147917608794084
-0.0160807038245326 0.0221453789432181 -0.0454469730971893 0.166551486313203
-0.0142490578273984 0.0172640883762664 -0.00419442371593276 0.144945901136702
-0.0156927529000954 0.00774585464769059 0.00395930919774907 0.137861410027999
-0.015382246186678 -0.0086987767703205 -0.00691278184843592 0.139343212520311
-0.0114754196028038 -0.0246616814867116 -0.0281541640392094 0.135346511158612
0.0189606975687165 -0.0372022335853506 -0.0875601026147142 0.136830194635092
0.053950243432109 -0.0201077619658682 -0.16181278958466 0.125632067106112
0.0474803787995656 0.0324271940568202 -0.189149622150449 0.116369556214413
0.0260389093815535 0.0627589259692441 -0.200371933641211 0.173550904232252
-0.0115475243300588 0.11521526577912 -0.147768384863067 0.0808579889694596
0.0310875888513373 0.0556463726960949 0.0292342755075887 0.0113318911060778
0.0535051311444866 0.0169176196596675 -0.0212048631142607 -0.150964615243604
0.0417458889178805 -0.00598474436746331 -0.15176987379714 -0.120095610617685
0.0240963276801584 -0.0197580249526874 -0.20495209884457 0.025418688449844
0.0163571544486 -0.0290408705963582 -0.144723558837868 0.142852089623902
-0.00850306839949646 -0.0427305762839671 -0.0509151401484295 0.167698117003909
-0.0151613138569674 -0.045166799803732 -0.00371873372700633 0.137847583895819
-0.00690405736011997 -0.0535986186649712 0.0113601869032896 0.128785903310112
0.0259061210987348 -0.0529353573242131 0.00386644727285064 0.126949485695028
0.0500092841779485 -0.0422392531361172 -0.00847758756586444 0.127850971939475
0.0931285284488566 0.00167514881994391 -0.0566108328214775 0.136407430281444
0.0845819178188573 0.0638933630931782 -0.129531603134147 0.133177603978549
0.00950888222322311 0.119259566491775 -0.148657964635635 0.134089929895001
-0.053736264636254 0.143010381483301 -0.159472684672568 0.174139724805839
-0.0769708913413219 0.181649963752987 -0.121792763603678 0.026446280648972
0.000775584410198196 0.148666159807463 0.04853888935387 -0.0185266688923519
0.0942009355330349 0.106565708284609 -0.00338012383952427 -0.186695118215667
0.128991520623857 0.0282956489177678 -0.151002794001231 -0.163530060203062
0.0883932863319099 -0.0475291520589516 -0.211902679681052 5.07931184969666E-05
0.0521977321418164 -0.0748587384373386 -0.151865244951479 0.116537378633134
0.00496606531677415 -0.102165549318698 -0.0549979388309768 0.145905633063999
-0.0140548673297144 -0.10155538065136 -0.00329074533174341 0.110374655298526
-0.00529194960854894 -0.106444477549363 0.0197212207498123 0.0982157770117865
0.0491073472196681 -0.0957491190344741 0.0231236164181576 0.0974250397936086
0.0929502295936901 -0.0698993578611483 0.0272367806145197 0.108668575467636
0.160110867126543 0.0106563018293378 -0.0113497582671929 0.133138911051555
0.130057571514059 0.117217980969761 -0.087862916632451 0.142030158548801
0.00112925665209183 0.187838424368951 -0.103355272611395 0.139755024287697
-0.109558109170103 0.209597415435751 -0.0993644043095895 0.150984756777976
-0.139060083131114 0.216964096255729 -0.0649571484273861 -0.0367691486899969
-0.0489643123110888 0.224195046432601 0.0862390860653809 -0.0576567897062832
0.108673037458754 0.19778243013157 0.0317374270007935 -0.218113704105114
0.201717906787625 0.080012311119896 -0.126172400228478 -0.205757862897337
0.15178973724776 -0.0586223345806155 -0.197216662663887 -0.0374077604901397
0.0888301243217983 -0.106774942896469 -0.1433730124098 0.0715479673224087
0.0225803413513215 -0.146590798676016 -0.0533818215759806 0.104684849532754
-0.0113358970740575 -0.142816690447092 -0.00277198294119486 0.0670188050300772
-0.00818994573886709 -0.144333642399155 0.0258567309000857 0.0515606967892852
0.0562970050186079 -0.128301828017674 0.0410071755851124 0.0529507809835417
0.113437207583949 -0.0970677955165132 0.0637467921716317 0.0749294465251409
0.202871409014471 -3.14292566077606E-05 0.0358119570018805 0.11742888585614
0.169712605609714 0.138625207951131 -0.0439450869487269 0.140485529375281
0.00927286484230094 0.226544942679594 -0.065874214102961 0.127516741160688
-0.139685073422105 0.249613247499746 -0.0348453579553692 0.105588130252818
-0.180089156617028 0.214747489569153 0.0143869883075414 -0.0968396664091304
-0.102805448802196 0.25550619288682 0.136806910320037 -0.0949134385706304
0.0885267865226161 0.260177509438112 0.0812845657938124 -0.229456799007434
0.230672730515933 0.130287363992818 -0.0767474050618067 -0.230046543194839
0.192178953659021 -0.0509522405965088 -0.155683361289421 -0.0744726864188477
0.113390629264459 -0.118236664176704 -0.115346123755992 0.0157571361100251
0.0375662187732862 -0.166645579567767 -0.0451720057637788 0.0485273307860623
-0.00757177616708386 -0.162826665552163 -0.00138841190187512 0.0140811762541084
-0.0112136635766124 -0.1612690254496 0.0275118136412716 -0.00227753915917627
0.0536249497370903 -0.143290276119734 0.0536730848608279 0.00056291147306373
0.115476237345091 -0.110822090224801 0.0923043811593267 0.033479959581605
0.214485235626768 -0.00981560522113678 0.073304666436204 0.0924417375703072
0.18111509264602 0.140254838549689 -0.00815484672518255 0.128939239344048
0.0108130790022882 0.230960415256384 -0.0421665670195601 0.102367522979061
-0.151099254398291 0.250909342669595 0.0204745422038408 0.0476741715109471
-0.186269178337751 0.175359143864589 0.101031601337809 -0.143321798463051
-0.137113029013494 0.231613542703499 0.187558451985043 -0.120185900339003
0.0452928057974298 0.265667760498877 0.128998589804616 -0.21446430117128
0.208770567315212 0.156251213317686 -0.015876980781087 -0.225333662723281
0.19287778295591 -0.0313219743411918 -0.0965224217584651 -0.101477579799033
0.11565799646504 -0.107483146389973 -0.073451515517599 -0.0385630098968171
0.043687800004638 -0.160184699132686 -0.0318702545793018 -0.0112211013126148
-0.00311654464159249 -0.158370630880221 -0.000388794251677982 -0.0383460158917197
-0.00992080877792166 -0.156353222056829 0.0279061681897791 -0.0563514852598
0.0479544781054015 -0.13885164231431 0.0620812643166915 -0.0501728323521915
0.107386566079144 -0.105698449697049 0.113458326312303 -0.00572167999597363
0.198574352150078 -0.00639714124816657 0.0986311904403806 0.0678242069487697
0.161115950158627 0.13525146916707 0.0162123806106462 0.113453597485985
-0.0027533820597779 0.208351995411776 -0.0297399654510914 0.0731974519449968
-0.151618705905765 0.214252834862123 0.0668329779589754 -0.0085698100680735
-0.153244755278787 0.108341400456615 0.174115813658822 -0.170802145359084
-0.134696577804543 0.162180369872495 0.221738881561681 -0.132804966055091
0.00576972688278063 0.210215529269524 0.158862589377511 -0.180617426519264
0.147785093103964 0.140153997752676 0.0365002908757424 -0.199830616093653
0.152121462345631 -0.0131796311072734 -0.0372986811667094 -0.116991681860493
0.0931072540504656 -0.0809328848902498 -0.0320675789827202 -0.0828354890181407
0.0398287260567719 -0.127212309526521 -0.0173627146432144 -0.0654856538312358
0.00177762379460609 -0.130122507047832 0.00157642844829844 -0.0839522793191963
-0.00434198008936084 -0.129395458579943 0.0281056066723673 -0.102239548509203
0.0417741333212527 -0.1168821445481 0.0712530795943799 -0.0916605068435888
0.0918967006725266 -0.0838902294772643 0.13172670657453 -0.0351356886525329
0.162233394792084 0.00727009150412504 0.11629006397847 0.0530359386875098
0.117541163732103 0.122841705200595 0.0326446498310921 0.102576142777119
-0.0264394871864841 0.164843176460594 -0.0235868034320207 0.0479735379860801
-0.14068568038657 0.148193462745985 0.103149925638435 -0.0535645838755879
-0.0896433374604587 0.0234179007324295 0.214349720669659 -0.17711442323214
-0.0964171516205124 0.0673902976044742 0.229213914722579 -0.136551264311003
-0.0182127947402096 0.11433307504254 0.165972354332912 -0.145418926790136
0.0726805024049354 0.0892587485089233 0.0673036334248142 -0.16926125429846
0.0862967476456551 -0.000974543334926205 0.0028212593993897 -0.124362526290522
0.0540674940615986 -0.0438849991639276 -0.00345249209330834 -0.11193780605049
0.0271579262140444 -0.0739503765910976 -0.00821986929006161 -0.10457088052744
0.00576381275562339 -0.0823626085599682 0.0035486699017813 -0.115952436690129
0.00291945206422073 -0.0845787857798149 0.0315581665255675 -0.136600314298971
0.0321382891172259 -0.0788455590869935 0.0845903104962717 -0.119406663409215
0.0690054129202925 -0.0533218036313913 0.150817969792497 -0.0500156671840252
0.111218640863814 0.0203110903566781 0.129793995334525 0.0521725789243939
0.0629439572897176 0.0974367759024865 0.0422342861088958 0.101896989203226
-0.0480898600098716 0.103868222047295 -0.0195434225068991 0.0306914280033781
-0.112977898758555 0.0624759682459727 0.131452761176005 -0.0814759358697605
0.0433672424187656 0.0284265126882632 -0.135405872509926 0.118322614477899
0.0349132551013814 -0.0341419409374224 0.0294060352068605 0.0263073916104911
-0.00174738367286905 -0.0520854241453619 -0.0268884876512261 -0.118503140140666
-0.0388347327287492 -0.0193388632093602 -0.136361736908595 -0.0803695524850752
-0.0261223746086098 0.0140664187258646 -0.177089169582911 0.0411048002009505
-0.00987492932119635 0.0191555633647073 -0.116058556589475 0.145396792235952
-0.0140084865180213 0.0224386591179974 -0.0367109514656715 0.16029458869825
-0.012918287407289 0.0168811181411499 0.000932754151023757 0.138578076234227
-0.0146409298088603 0.00757235954828864 0.00927598687802968 0.131335966111103
-0.0150787829732852 -0.00809008583563062 -0.000475493660252773 0.133550205763239
-0.012351260905417 -0.0230342218134391 -0.0236236089292361 0.13159032101832
0.0172791928693004 -0.0365153615622932 -0.0810126144841435 0.134750345133988
0.0504546065870805 -0.0206380528931595 -0.151491261794417 0.125375655883468
0.0458658702886144 0.0315663974598783 -0.178371056263982 0.114914310487792
0.0265020828524541 0.0592516856997746 -0.189126299610577 0.172468434770409
-0.00749094285954569 0.111639735327749 -0.139579601576754 0.0820472195477002
0.0312434112859727 0.0534161728870476 0.0299086004500579 0.0102419348701005
0.0528421547663728 0.0140938207490223 -0.0252137622167755 -0.145998065965215
0.0414431762054348 -0.00849562149563645 -0.150351326009907 -0.111006693175608
0.0227743369438695 -0.0206204180765986 -0.19484420660727 0.0306583665900588
0.0148810662377919 -0.0295747524074168 -0.132235032228856 0.140896305324121
-0.0105088108212529 -0.0401095958994151 -0.0425614425913153 0.160622270453822
-0.0170638742710756 -0.0426409716028124 0.000959210675468703 0.131142794684726
-0.00893253173311808 -0.050968148878755 0.0161577526804248 0.121772260907638
0.0222311857306612 -0.0523597815762404 0.00985017731234038 0.121370284012699
0.0462707824699818 -0.0421626971870332 -0.00354421181752556 0.123258412370426
0.0904232661188038 -0.00169485647208233 -0.0509597458009938 0.132415037152587
0.0831756169256572 0.0583025993119609 -0.120370238133776 0.132340372367942
0.0122662463129129 0.11565886701875 -0.138973341927671 0.131023169254882
-0.0476518926215434 0.139511499326686 -0.149201992898971 0.171071770335965
-0.0683755881821759 0.177462755930273 -0.116306619384673 0.0289062580467423
0.00550954130150563 0.143799171233947 0.0477853811769411 -0.0192470815935578
0.094783471126644 0.0992853729817726 -0.00882148936417228 -0.180783167987645
0.126398300638579 0.0218846850897974 -0.150599250379663 -0.153345374700815
0.0841167222638596 -0.0486123436611381 -0.20247794314645 0.0051581229436384
0.0475517059225975 -0.0742965323645248 -0.140529135813527 0.115916497071738
0.000289418264380813 -0.0974628012671365 -0.0472441154501706 0.139646029098284
-0.0185512799098467 -0.0964510017918563 0.000198535948750556 0.105293263197916
-0.00935463512497648 -0.101759269758622 0.0229215751594605 0.0919714842515908
0.0434601876192263 -0.0938794643233807 0.0266813511417548 0.092184784918609
0.0866150996280233 -0.0709444437073441 0.0298218197530574 0.10345192310012
0.154837812354997 0.00349051871994053 -0.00750441706325008 0.128053434751341
0.128623327972561 0.108166201691215 -0.0797025700844116 0.139796562266534
0.00659293471869992 0.181687658673008 -0.095325580585104 0.136210040972288
-0.097889192116706 0.205421796614637 -0.091340912930558 0.147453501707429
-0.127492396244452 0.212942300922776 -0.0638396135003613 -0.0332530005014327
-0.0403595449587414 0.21780195608114 0.0815569956530449 -0.056725057072226
0.111251644180294 0.186414227617286 0.0251625512964857 -0.211628288018941
0.19740088563484 0.0678958314499262 -0.128301098285075 -0.194397744449033
0.14421147601726 -0.0616944922053061 -0.189384556118651 -0.0312074665450016
0.0813393818148491 -0.106534623424922 -0.134756113458449 0.0727039048938591
0.0152667454101645 -0.140440865587212 -0.0476305816581791 0.0992367977255467
-0.0180093951293302 -0.135833924095282 -0.000794601818201041 0.0640064243167098
-0.0137676843886373 -0.137513615746707 0.0266648462497139 0.047729759257146
0.0492616313313056 -0.124437157476638 0.0422455418980379 0.0485936280022466
0.105433500996101 -0.0970457453087748 0.064074948027657 0.0695748195004361
0.195287421765548 -0.00880827285783764 0.0375688627604875 0.111640510597295
0.167240687304061 0.127211874846267 -0.0377989996463005 0.138045869958917
0.0157560472977147 0.217702012595775 -0.0597845303554515 0.123791918976702
-0.125015442419971 0.243832518080659 -0.031638807307011 0.101330769014707
-0.166686260577646 0.211274529392451 0.0112027247343356 -0.0929876480569281
-0.0915391929472539 0.249438730600646 0.12891471927011 -0.0930389052979575
0.0937974797529296 0.246734154350087 0.0722594829309174 -0.224225320346055
0.227088644242227 0.116552955461429 -0.0807790492875161 -0.218551075523618
0.183121286560366 -0.0552159647115363 -0.150541176643036 -0.068643740503922
0.10420414257957 -0.118378474959189 -0.110478949208115 0.0185584358028416
0.0284515336504144 -0.160319795193813 -0.0411227856203783 0.0463763157354677
-0.015354869551085 -0.15518529198426 -0.00165604236570426 0.0135560335935035
-0.017301977205928 -0.153948076976843 0.0266407333994832 -0.00368224252740844
0.0460983619381751 -0.138980222123684 0.0519640082073124 -0.00124252211221354
0.106712671728939 -0.110147903587885 0.0896441253883242 0.0287913926823552
0.205576307612565 -0.0180844650448634 0.0734250444954517 0.0860532791362069
0.177852057690149 0.128375025423352 -0.00370731585577944 0.126027541595053
0.0178866150714964 0.222028464528814 -0.0378065960771697 0.0991517651909864
-0.135671794643312 0.246108425361208 0.0204682588609556 0.0444223790499225
-0.174504128443899 0.174131193371683 0.0940527693189943 -0.140000334144723
-0.126046712689089 0.227404308797397 0.176202849259202 -0.119272472892931
0.0527177971558341 0.253118402749904 0.118548220858369 -0.210306500465845
0.205873162696735 0.141288698436624 -0.0223741676747514 -0.216153663453454
0.183244730183161 -0.0365546264591151 -0.0943678772345833 -0.0963754928418361
0.106973814221355 -0.107868088951897 -0.0738907928396549 -0.035009699200318
0.0349177317208675 -0.154133668065341 -0.0303783069015718 -0.0112565727933589
-0.0104083115115528 -0.150899393040839 -0.00146355714028401 -0.0364193226344353
-0.0156831556081528 -0.149277339686171 0.0245737838640945 -0.0545838626288776
0.0404514927906705 -0.134436072050637 0.0584145576436113 -0.0492849403094612
0.0987796286173584 -0.105102890051393 0.108316881848019 -0.0092539010331436
0.190132991296686 -0.0144929023371574 0.0969844608126489 0.0621418962630887
0.158321553065552 0.123435593242565 0.0194885719033489 0.110418379248445
0.00326726190423583 0.200011127243757 -0.0274368591688311 0.0719463282127919
-0.137014067212391 0.211185066827526 0.0624923998725711 -0.0107507833763648
-0.14394773084375 0.109508564875792 0.163323218207092 -0.169160783080376
-0.124240435264277 0.160295289562914 0.209255648306827 -0.132411401894077
0.0126789568875964 0.201063682406139 0.148565776648735 -0.177609169083871
0.14687973674746 0.127952691682329 0.0288017937203638 -0.192114457509071
0.145242868548463 -0.0177427614596325 -0.0387162027599535 -0.111585859078153
0.0866303085586185 -0.0808308387894763 -0.0350577608507247 -0.0786736242698359
0.0322315694698562 -0.122822494460289 -0.0196290927564651 -0.0626400865188284
-0.00478117777002179 -0.124210496868217 -0.00108551490914648 -0.0800459533464327
-0.00900372677420629 -0.123833694687797 0.0233224334325301 -0.098406885578468
0.0352061211213665 -0.113211299593359 0.0654028451965473 -0.0894927542237065
0.0853561813174312 -0.0836671263166782 0.124983237871045 -0.0389322172577167
0.15633450586019 0.000177890625623432 0.112998602561772 0.0475184216738882
0.116824580031305 0.112985745715031 0.0339178870723356 0.0993928371209111
-0.0204810132414814 0.158581322969605 -0.0218047692637209 0.0476125166738617
-0.128352513753283 0.146360067346555 0.096429235978743 -0.0553076382963224
-0.0861472530697814 0.0258319547909113 0.20215263174555 -0.1760970313367
-0.0905073481185417 0.067653283679452 0.216319352527552 -0.136355175803522
-0.0140338641290297 0.110483865691858 0.155957023583279 -0.143724027768959
0.0717665355431415 0.0821327031022659 0.0599904680242397 -0.163145059296437
0.0816663861067027 -0.00362744491102677 -0.000707144796893227 -0.119312907438669
0.050324927660207 -0.043322990560562 -0.00800703273550607 -0.107243340693999
0.0226445172792818 -0.0717903198833764 -0.0109351036790341 -0.100141959682601
0.0013403165547232 -0.0785291622384072 -0.000884666857958563 -0.110157046140198
-0.000838913535570118 -0.0808266789653664 0.0252146344098413 -0.130794608111256
0.0274774782865187 -0.0765760778983309 0.0773014741304761 -0.115586044977559
0.0642832455558671 -0.0540836906465055 0.143454225579026 -0.0527580512537064
0.107766498700575 0.015266699474802 0.126241341289213 0.0456259615406312
0.0626234587157606 0.0911417832492182 0.0437134802077868 0.0980674265688779
-0.0430924544468914 0.101309865965106 -0.0185730481866531 0.03098290951313
-0.104891846626913 0.0634917042140425 0.122589481740947 -0.0824931629863157
0.041970412741062 0.0279933486617597 -0.130429240586764 0.115063441934096
0.0341343566209246 -0.0322952979147644 0.0305869659097231 0.0242492809895908
-0.00147009280052873 -0.0502539723049777 -0.0274569325062831 -0.115358565994318
-0.0372130085598221 -0.0188592962764439 -0.133250940866567 -0.0771112412750422
-0.0254486436508489 0.0128751375637477 -0.170226369124028 0.0408227395083297
-0.00914748854387175 0.0179241599656874 -0.109454854993234 0.140033542506291
-0.0126987112168672 0.0218164423457046 -0.0332382676675008 0.15421592712103
-0.012573943285299 0.0171056738939012 0.00214977592474207 0.133559163512572
-0.0142012196258086 0.00716802890203927 0.0110012134993306 0.12582307044017
-0.0146092890746633 -0.00759305314625914 0.00163977947985683 0.128706027375747
-0.011814308749066 -0.02164126582345 -0.0222902359092819 0.127731927486977
0.0168108769813378 -0.035716752439075 -0.0787093353811644 0.131664602578861
0.0476608245804399 -0.0199423511331817 -0.144955644759867 0.121333758601228
0.0446298762891765 0.031845586623795 -0.172764026160404 0.109191233701949
0.0253414230277166 0.0571001759653728 -0.184009492757803 0.167877461290424
-0.00642021142891203 0.109090408417778 -0.13472535256969 0.0799490661690317
0.0310858826992508 0.0524979691008553 0.0310115142174335 0.00923124393099123
0.0518151517832647 0.0129729793191458 -0.0254482607315766 -0.142233491405776
0.0404514356875433 -0.00930412398435849 -0.14661507901608 -0.107585616155529
0.0220768750526906 -0.021234293979641 -0.187830695714672 0.0293290507844714
0.0142895288322398 -0.029556261370437 -0.125667783459922 0.136822586569551
-0.0108131559194372 -0.0380974302702003 -0.03875819422048 0.154256287039787
-0.0177014948359433 -0.0405214715311483 0.00203165672528402 0.126403657902377
-0.0097812325670432 -0.0491876209090251 0.0176939613225709 0.116292776102401
0.0205323588398066 -0.0512277890742433 0.0110240194551236 0.116483419259785
0.0444303852191352 -0.040550574086108 -0.00282746669882618 0.119281128093961
0.0875965232421919 -0.00374741676183913 -0.04976831415398 0.129177917706413
0.0801217485555289 0.0563132694754211 -0.115137693341576 0.128986239463673
0.0122705762613198 0.113534031049472 -0.134421638167581 0.125807893911043
-0.0446880269751062 0.135625026056926 -0.14521422381734 0.166096424605192
-0.0647473908448981 0.172834000018828 -0.112420687063829 0.0280386544195365
0.00579918123157955 0.139995966733963 0.0472420342364964 -0.0184522136750659
0.0930048920762345 0.095029933020125 -0.00993132354529035 -0.175765604399541
0.123497518270955 0.0184911205766966 -0.14728006329246 -0.147950004760924
0.0811891575327362 -0.0487119957187425 -0.195617203608116 0.00434738360779814
0.044991365263208 -0.073906263622455 -0.134035620679511 0.113132013408903
-0.0010116986101313 -0.0934560881319376 -0.0437855815569524 0.133196376233997
-0.020920399763173 -0.0922539954838219 0.00151175075692065 0.101144621811422
-0.010823619514619 -0.0983699892083887 0.0234322296604792 0.0875615465423979
0.0410353870013511 -0.0912729539682087 0.0277571768640919 0.0877686919325371
0.0828173635220473 -0.0688584219484228 0.0298343595337944 0.0994102998724854
0.150499611589721 6.99167668240311E-05 -0.00778378689209022 0.124571018074527
0.125101039750004 0.103466337597983 -0.075837234393153 0.136474074541583
0.00691848601579389 0.176895748472956 -0.0916936263275818 0.130491617859439
-0.0926001481492197 0.199835092318575 -0.0885177708976875 0.141851979390603
-0.122088233874455 0.206715070957497 -0.0619424105837395 -0.0316756826285326
-0.0383426206062116 0.211529125550294 0.0802969931250402 -0.0538037378117995
0.109572465447429 0.179721240075932 0.0232769487233879 -0.206368753968948
0.192243698581525 0.0626285891709382 -0.125696155617857 -0.187287181492007
0.138797454715398 -0.0610234313402694 -0.182892191976641 -0.0304507261779723
0.0774081920460453 -0.104776707526586 -0.12960285356318 0.0711984472216754
0.0123963801017932 -0.135016876834368 -0.0448694876473789 0.0939352244589865
-0.0210036339658194 -0.129537397153678 -0.000183192849991114 0.0613060216897987
-0.0155962882666221 -0.132614998667562 0.026146930262207 0.0449621594654615
0.0456410086029821 -0.12119389679846 0.0423960433936295 0.0465107451329614
0.100768225740565 -0.0945820086694808 0.0621901535623554 0.0666264159779753
0.189768716032182 -0.0119467344138543 0.0359501967909095 0.107692084964279
0.162458864456888 0.121193087302225 -0.0348179182959274 0.134772121023213
0.0162525704383516 0.211606680874169 -0.0574717449829111 0.11899405566156
-0.118454130282037 0.237083770244066 -0.0308517819997479 0.0972882088498014
-0.161106609770962 0.205916704217905 0.0114473019348529 -0.089932634086686
-0.0877454790148474 0.242429002318292 0.125176737424128 -0.0892562599012132
0.0931575201897575 0.238130261386144 0.0694016573089469 -0.217648469808717
0.221501904326715 0.109176994567816 -0.0804337565889486 -0.211623811908462
0.176423456719432 -0.0546492817433482 -0.145743670374261 -0.0670244656850077
0.100049052681652 -0.116214655855707 -0.10714098212951 0.0187450951095284
0.0246888399934368 -0.154182352992806 -0.0390741275368838 0.042452901994273
-0.0185587649638264 -0.148481227562882 -0.00129852287702705 0.0128839519638267
-0.0188247381011154 -0.14768536780544 0.0249609394006257 -0.00447291237492599
0.042130264431853 -0.134444074464083 0.0509067738676577 -0.00167226349153138
0.101882043613532 -0.107657273753202 0.0867955636205391 0.0266164890866507
0.199144755331936 -0.0221664226424255 0.0705872656244816 0.0830801437755304
0.173327282686541 0.121484375534842 -0.00212932410043081 0.122941961585516
0.0179263130269591 0.213863483443641 -0.0368902340170128 0.0960660708173394
-0.128272711778188 0.238783488903682 0.0190779753130173 0.0423230982850343
-0.167994566299915 0.169942549402595 0.091002932337698 -0.136299697263622
-0.120970386325684 0.221737006875482 0.170784933635718 -0.115244835110271
0.0533515177707348 0.244747801778086 0.113680359402512 -0.203773038748191
0.200420453727952 0.133143782083361 -0.0235025991019729 -0.207913775389339
0.176755953264449 -0.0364495277939889 -0.0915088530521516 -0.0937513315611061
0.102553891903281 -0.105739489209205 -0.072336267329332 -0.0329397730920295
0.0309633601738855 -0.147965044630703 -0.0295140652592652 -0.0124011605460478
-0.0134404450403688 -0.144394081298606 -0.00185108577051499 -0.0352333061402978
-0.0178694455330809 -0.142919449523812 0.0230179526470448 -0.0523862998245477
0.0375070248487516 -0.129792516576516 0.0558941695335732 -0.0477333104675529
0.094676188181227 -0.101748847664914 0.10439392132828 -0.0110877582777211
0.183921275973096 -0.0175120747665498 0.0936077540448154 0.0594953381206952
0.154057071225721 0.1171474455224 0.0197069870005484 0.108335898036902
0.00399557342202254 0.19306332511838 -0.0262097437306124 0.0693357873137369
-0.129500416454203 0.203751081390054 0.0592129047425538 -0.0115595129005832
-0.13885481496049 0.107476501485174 0.158886387230516 -0.164261587162634
-0.119552606112635 0.156854794341149 0.201757787366079 -0.128050565985292
0.0139942005437635 0.194205970358513 0.143091569297155 -0.172603241758143
0.143372045631483 0.121785652120555 0.0273467523552337 -0.185141192948663
0.139549348050116 -0.0177733140233986 -0.0377041764252798 -0.108277303549779
0.0828844506166655 -0.078382136596083 -0.0353870144022334 -0.0752880890108778
0.0291822963629493 -0.117559125485977 -0.0193545066666761 -0.061780903198578
-0.00735374825579298 -0.119006973773333 -0.0014875007352847 -0.077210830552196
-0.0110547410202011 -0.119049279686698 0.0210286188232231 -0.0946895915802566
0.0320946729085182 -0.108761037707682 0.062937251229812 -0.0858382457114484
0.081326904675896 -0.0814647453921945 0.119972235031155 -0.0387101616448922
0.150773096145867 -0.00246646688361862 0.109562376442883 0.0453982047696722
0.113529263735476 0.107459805878889 0.03383906984713 0.0973576413354544
-0.0192288404662566 0.152743262323414 -0.0217822240163364 0.0463655328332803
-0.121202795640527 0.14204997638417 0.0921178949011153 -0.0541382464960082
-0.0827046231941561 0.0260727786964299 0.196402763314068 -0.171740879030143
-0.0871691147482468 0.0667184691724283 0.208760170976512 -0.131146174430991
-0.0130151574714478 0.106461967878119 0.151777862448523 -0.139156687304702
0.0697271956764051 0.0789715493396033 0.0570771106755784 -0.157195674362993
0.0782139933850256 -0.00392731747055134 -0.000852169217473994 -0.115687855820911
0.0479646232887069 -0.0412570721299867 -0.0101295004416257 -0.103491758618054
0.0211238929043214 -0.0686787499393531 -0.0120104350866178 -0.097040869119526
-0.000283364163764095 -0.0755503486800453 -0.00130793181037251 -0.106091775027579
-0.00167509688309417 -0.0777659398808323 0.022806837360555 -0.125302677554116
0.0251010863463474 -0.0745192125829241 0.0738110881136112 -0.111026288491439
0.0612860166512373 -0.0521500481890615 0.137798609797089 -0.0523563239924494
0.103708036921085 0.012163092464823 0.12227606606354 0.0443256655727007
0.0613397301420797 0.0865196367957445 0.0422624857147465 0.0959343252078201
-0.0410857930473919 0.0971541970522972 -0.0189091562983381 0.0306726993555381
-0.0998276629922054 0.0615416141727867 0.117238583304587 -0.0801520143404917
0.0447043682821043 0.0201957683649519 -0.109886942040899 0.143527382979256
0.0273880048449529 -0.035989772513836 0.0375244840088621 0.018579639859403
-0.0114057483875931 -0.048350803118831 -0.0461940543577068 -0.112968777317824
-0.0410362266102114 -0.0100292904724624 -0.14640512223534 -0.0568383804965677
-0.0226667641699453 0.0183323585091345 -0.163172538729757 0.0707016327317052
-0.00437896384477886 0.0195715251307705 -0.0830355009983583 0.157010771640963
-0.00684433424280973 0.0240108644132253 -0.00700011130774185 0.154909888551009
-0.00870252559061376 0.0189147408783622 0.0262288183680257 0.129831284933193
-0.011951441863407 0.0102812803153695 0.0347423449041893 0.12207513307676
-0.0158290660146932 -0.00390520617223919 0.0273550068971311 0.127870729517978
-0.0158161606444126 -0.0168017365027942 0.00251840777423161 0.131668110027674
0.00694610367234771 -0.0363806393634118 -0.0528086788890532 0.148013832409058
0.038414340206176 -0.0267824027167611 -0.121195956931285 0.151600191031531
0.0464707094000957 0.0231693380647897 -0.154622443329746 0.141501496359656
0.0317690244617563 0.0522604203773461 -0.157947654440693 0.199529186633695
0.0127414284466447 0.104196696912241 -0.126472383734637 0.109875510964327
0.040001986421632 0.0444904612418525 0.0328646804326409 0.00648537040372117
0.0511495414286555 0.00169704444712779 -0.0505562305829882 -0.133448414714922
0.0340392574419948 -0.0175253073607158 -0.163627984531232 -0.0782431317740286
0.0160329966953769 -0.0223575852886555 -0.179417671547796 0.0627434055885481
0.00921576991172895 -0.0299084569672977 -0.0966824445955774 0.15578739120594
-0.0171479169326117 -0.0327799964304997 -0.00872314269699102 0.154368725157461
-0.0239765247073898 -0.0347605317018626 0.0252187082669526 0.12249690851846
-0.0176549585367819 -0.0443706918981167 0.0388259118237272 0.111686685395433
0.0102611928428338 -0.0520815102039069 0.0351278410971883 0.115421738070247
0.0340720401437313 -0.0447917626402184 0.0210046385973159 0.120323160296664
0.081026061868395 -0.0190656892504442 -0.0257152695789766 0.141562669632965
0.0832914255490751 0.0395533249930661 -0.0935878263764949 0.154087691192937
0.030688370391651 0.108177215406803 -0.114405614961023 0.145973674314795
-0.0221747511342455 0.141403389617175 -0.118160954233602 0.18482349861474
-0.0311730426575107 0.173819895936715 -0.11914170570986 0.0534229315905053
0.0320699462402588 0.132076346012696 0.0398656260589573 -0.0226134007621044
0.105467073259655 0.0702132153856215 -0.0443134828077335 -0.16315855736407
0.117666212193979 -0.00898982182659096 -0.171557597460105 -0.111682857555311
0.0668457801101564 -0.0596204651943348 -0.187822037590149 0.0411176646077545
0.0304176666596197 -0.0774569294591921 -0.10704338859702 0.134731733212929
-0.0195267756685202 -0.0868984423059729 -0.0133184827994201 0.134097159126498
-0.0362195508943179 -0.0834137170866992 0.0196727777385457 0.0977177676667043
-0.0278454574981854 -0.0905008438037272 0.0392260780127358 0.0826944808978714
0.0223897239191779 -0.0939776796011906 0.0463898736896419 0.0850209960192366
0.066105187043117 -0.0774695267618536 0.049850862991208 0.0947155302627417
0.14160725377696 -0.0262482145032794 0.014689727238341 0.129570136640124
0.134135662607242 0.0759351146209037 -0.05486075590254 0.156137575525914
0.0378206156090313 0.171152769614295 -0.0728615579336604 0.139683345049012
-0.0557811530094265 0.213146571189569 -0.0660562375477273 0.145196543188172
-0.0792968106857197 0.215261449451304 -0.0824293742977885 -0.0167894262138809
0.00193780677999045 0.207719446524152 0.0623321507360661 -0.0635976662406263
0.136915274227874 0.146603054035852 -0.0210676375992436 -0.194127188686455
0.190676618119154 0.0187039268682873 -0.157550748093272 -0.147708437291561
0.118844600105336 -0.0824578803391266 -0.177990855080065 0.00651827354278543
0.0552778909667514 -0.112872817182423 -0.107843370155198 0.0928675074042694
-0.0154260453624547 -0.128347566921643 -0.0174377661069811 0.0962220344185126
-0.0431622468956144 -0.118980494957303 0.0110661666208507 0.0590477941307011
-0.0384685976285885 -0.122055203922467 0.0341060329923833 0.0407607078534683
0.0228899193891664 -0.123626792460175 0.0529551672872099 0.0409475340890782
0.0794231178415645 -0.105375339562914 0.0764424712963157 0.0557426883049121
0.177311262627671 -0.0449572628059702 0.0554955420644766 0.105482289924301
0.173725636814394 0.0863171124782829 -0.0156176519930778 0.148151307538721
0.0532247092790274 0.202182254021647 -0.0420620256682723 0.120743052928695
-0.0723893170307923 0.2533162666468 -0.0164031917104122 0.0874139708912042
-0.11561300751016 0.220378654901574 -0.0209781456132609 -0.0915126773085674
-0.0390357161230714 0.246115940735137 0.0983589110915673 -0.107725759019022
0.132444357169453 0.204993715697283 0.0184899546446373 -0.211568721082523
0.22814484937233 0.0560234277108543 -0.119032178887819 -0.175036231092138
0.155538172246958 -0.0836743064412603 -0.145928652912649 -0.0343484511960036
0.0742202484287608 -0.127554491963002 -0.0941512035624461 0.0380746041011728
-0.00818298900719491 -0.149690643119443 -0.0196704540528317 0.0454379509697159
-0.044144241246514 -0.137585541846104 0.00177348158519364 0.0134343149846909
-0.0441781144979976 -0.136773536205774 0.0237218561561401 -0.00697486298372325
0.0169611903728666 -0.136269719265357 0.0520478154238336 -0.00798891003168216
0.0785953064099902 -0.117622676611135 0.0929887949266152 0.0111298521212729
0.185221715849227 -0.0554807713137731 0.0854992331155157 0.0738205286963137
0.183930627388297 0.0842054853570191 0.0152269052307962 0.131095654393675
0.0562236221669282 0.204880571688703 -0.0248860989386688 0.0939721903007284
-0.0793278924585833 0.256375870724846 0.0238360266221742 0.0225731223291333
-0.127819087569283 0.18839510937628 0.0534253893310744 -0.154529908563849
-0.0742163736647643 0.231293628418288 0.139248179630198 -0.143947898187773
0.0961599195966471 0.218475603996818 0.0635776555881337 -0.208508165434282
0.213541834470729 0.0831928151484829 -0.0635377048380223 -0.183252142355813
0.159047310301731 -0.0669543563621581 -0.0977688753176083 -0.0697843797686785
0.0780206210084625 -0.118192448532462 -0.0693068670491075 -0.0182197956495845
-0.000850975399220409 -0.145163710817872 -0.0198263225801932 -0.00850943951968418
-0.0392898808327212 -0.134988308399404 -0.00774724531186522 -0.0337741820797212
-0.0415208838768506 -0.132586514306241 0.0127628022927575 -0.0538846117605683
0.0131639831695811 -0.130617739279153 0.0486621071827892 -0.0551007511460241
0.0730203397094238 -0.111362423701589 0.103857843173225 -0.0295799510644064
0.171712358392954 -0.0484865560681933 0.103957054650036 0.046001090640765
0.165284811681725 0.0830366276460841 0.0350312841255794 0.111252491108587
0.0390367477571468 0.185827689943914 -0.018676734511717 0.0666818171669582
-0.0864036811520619 0.222489046238428 0.0559310758698784 -0.0363421214916444
-0.111055599713738 0.12434689843999 0.1196962389949 -0.196899330626637
-0.0847793976348113 0.168854558493552 0.171290819456394 -0.164259639099236
0.0488327129965308 0.178526984266871 0.10050478783578 -0.186706993628654
0.157661696744932 0.0828616624168774 -0.00977548588167736 -0.17357083077633
0.127735659930768 -0.0422023384900431 -0.0493101272826324 -0.0949903787762341
0.064084521768181 -0.0890061374734713 -0.0425345154100361 -0.0665976585227734
0.00325105610162332 -0.116372705171381 -0.0199650977303137 -0.057700661257202
-0.028825790459882 -0.112126241335684 -0.0147862761684546 -0.0749706584281621
-0.0311424680937671 -0.111329551675184 0.00330551340519012 -0.0949776611746964
0.0123069519911864 -0.110099022105931 0.0478009256275589 -0.0942952484979776
0.0647449411536705 -0.0899994081442008 0.113321087213911 -0.0600879632065914
0.14330221373515 -0.02850642020874 0.116658499472023 0.0276741544868734
0.12607884773425 0.0811635851149736 0.0472090186513312 0.0957170190221345
0.00891257990749524 0.150659520572084 -0.0166089520947629 0.0441247128484138
-0.0896250422844385 0.159776696603313 0.0826490561172757 -0.0818028511074282
-0.0709473047487373 0.0384696485512932 0.163386216404222 -0.212853656367251
-0.0707508711074022 0.0779019608078553 0.181272644580259 -0.170465168488049
0.007711074597378 0.100944542417552 0.119022285363116 -0.161413016780189
0.080329879665083 0.0580305160795905 0.026188844098932 -0.158125249576633
0.0718990617826995 -0.0178988147401307 -0.0173232698677875 -0.111316844766131
0.0374373011133836 -0.0475216359387648 -0.0252729238893949 -0.0992877694011896
0.00481541894191604 -0.069308889688871 -0.0228250440262035 -0.0921963283342893
-0.0141874192332409 -0.0723800687893937 -0.0194836010614899 -0.103273759963805
-0.0159258332463058 -0.0746533043323892 -0.000775969544050488 -0.126049224133798
0.011713025650822 -0.0758638494929961 0.0540128927648925 -0.122495880834875
0.0507577074199665 -0.0591000432443432 0.127904257411286 -0.0771245305646808
0.101274456887908 -0.00530729377343937 0.128988039981576 0.0225095724141989
0.0719856289539443 0.0712469595968861 0.0567091379116199 0.0903806544656165
-0.022372340778985 0.100913910916183 -0.0143557403621743 0.0305041743235588
-0.083082770036145 0.0771984765064735 0.104835806207653 -0.107534825046847
0.0468507710279639 0.0204321337408519 -0.1110482995975 0.147101457871005
0.0278126963419636 -0.0357867993991212 0.0392210933704323 0.0185824068805429
-0.011673206209914 -0.0494959021518106 -0.0480801989203803 -0.113495094077285
-0.0413485717606187 -0.0107096957662404 -0.149423006836499 -0.0566904754894593
-0.0227645329451141 0.0178778732563401 -0.165124891032026 0.0720625850247348
-0.00425960158618127 0.0191613286564724 -0.0820287552850116 0.15873516542544
-0.0061867085619645 0.0237500167668841 -0.0057559738016898 0.156899513876019
-0.00836316629659856 0.019177791054024 0.028086206122439 0.130956382546675
-0.0120254125398807 0.00978487339792176 0.0366796661779466 0.122339355958123
-0.0157914795184448 -0.00393939870118496 0.0301045974397917 0.129677161219708
-0.0155724426703806 -0.0164306528157014 0.00375139665090364 0.134242627773049
0.00625322843982408 -0.0374235651665193 -0.0531705916258624 0.151744906272801
0.0381980496959775 -0.0265362381521874 -0.12150908780442 0.153990758653615
0.0476569884865891 0.024641208556188 -0.157889671954165 0.1428294897265
0.0323540902043267 0.0529031312039546 -0.160009409179009 0.204683479544575
0.0151107689788591 0.105473944812771 -0.128848564072989 0.112849417820123
0.0415289007220593 0.0452842364220795 0.0339474162092335 0.00627634817051842
0.0523988507922527 -0.000309052985626761 -0.0532528004850933 -0.134333873831138
0.0344923806962571 -0.0190310287652294 -0.167399187859191 -0.0784413281302792
0.0158024009975477 -0.0239022834523218 -0.181850584727872 0.0644229780004978
0.00873565089767684 -0.0314731252103083 -0.0960146736916543 0.157979776959974
-0.0173335220014605 -0.0329333290028872 -0.00730738935718945 0.155095920240161
-0.0254344911841017 -0.0342739229189227 0.0265133520617521 0.123507981554017
-0.0192063387189305 -0.0446127111356177 0.0406513864381695 0.1119670230479
0.00963980639611351 -0.053394113270212 0.0372144333805389 0.116039524447887
0.0344280102982219 -0.045816337832722 0.0223179428162035 0.12226169014361
0.0817678362638368 -0.0210864000729118 -0.0255490124332051 0.145419583395393
0.0846702180071406 0.0400905898376242 -0.0939996385784853 0.156850248820717
0.0320896758657738 0.110862136013095 -0.116692759153246 0.147383333037079
-0.0205728273602423 0.144248293200468 -0.120171173055965 0.188241754206674
-0.0294423438314423 0.176237659431385 -0.121158193119167 0.0553879464725084
0.0337193625244358 0.134177595036904 0.0407151786114895 -0.022816592272024
0.108366199744415 0.0694182615049882 -0.0471789629358696 -0.164256034710776
0.119504779476197 -0.0113894595991026 -0.17514412406966 -0.111553912644091
0.0671081969303942 -0.0621730538817946 -0.190950235389281 0.0427646039868613
0.0294860586021273 -0.0798455392522461 -0.106716741350771 0.136982593297727
-0.0208246315955271 -0.0871358218296991 -0.0128131840795109 0.134640258392492
-0.0387498535964829 -0.0829705693503698 0.0205239699160496 0.0988138795067611
-0.0298242922140363 -0.0911412934812862 0.0404334911321528 0.0823151986563983
0.0219678812938465 -0.0961102694487121 0.0487277435338729 0.0849384478723093
0.066602204936785 -0.0790538789416872 0.0514237720818188 0.0952082752431706
0.143491283278146 -0.0294089893073126 0.014967632684742 0.132619154381855
0.137196508800875 0.0761268919199858 -0.0540957053399916 0.158915527462261
0.04029247725599 0.173857736286959 -0.0743297954325645 0.140893554001597
-0.0539698160306855 0.216723700586156 -0.0679444170645551 0.147390363905163
-0.0781132485843638 0.219057619229165 -0.0840251339396134 -0.0166984703422756
0.00405636436760356 0.211242569108565 0.0637368064804377 -0.0643614835058527
0.141090211939922 0.146865390568029 -0.0237349267623385 -0.19595116767288
0.194261772803643 0.0151833300452824 -0.162065724989368 -0.148367669792971
0.120178262321044 -0.0855452286688814 -0.181725617013189 0.0071788348165601
0.0542679288030892 -0.115665139941504 -0.108380557300997 0.0956999969288004
-0.0179604709413354 -0.129225541493566 -0.0176064961556711 0.0960524978021176
-0.0462148964168867 -0.118510168009722 0.0117905627150348 0.0595185605579649
-0.0411834609442904 -0.123018342557471 0.0344888903622818 0.0403050128735364
0.021764197061618 -0.125761223824592 0.0543342739691133 0.0406937056344233
0.0791692730836553 -0.107280685612695 0.0779715362178481 0.0557626724970532
0.17853970815327 -0.0490462745661989 0.0564417661728547 0.107672181013546
0.177455824426237 0.0854806545062986 -0.0140845314126868 0.151067868610318
0.0558010328214162 0.205161131173236 -0.0428363499791081 0.122494360722043
-0.0696621465704119 0.258105975066438 -0.01730278046356 0.0881762656964472
-0.114738968686901 0.225134873832789 -0.0220930827120319 -0.0924828227872825
-0.0375513222039957 0.250838674830253 0.0998740510969292 -0.109359599434327
0.136606352954277 0.206172468999015 0.016708727497418 -0.214600586170506
0.231613872904764 0.0527584042606389 -0.121914144412113 -0.176144150075248
0.156800457746964 -0.0871011042881084 -0.149301909473525 -0.0343062677989238
0.0731884836469963 -0.130625227458521 -0.0951180624856809 0.040697729628106
-0.0106956264460313 -0.150465742089737 -0.020666647397279 0.0449643767540094
-0.0480511446851435 -0.136803193424546 0.00185531377099016 0.0132487271466466
-0.0470340279476164 -0.137255103607481 0.0241228568681531 -0.00703719539647637
0.0157501414769564 -0.137341877473821 0.053283103921831 -0.00938313851117225
0.0783171985364315 -0.120302220134268 0.0948025915147891 0.0105932356302253
0.186142179300919 -0.0603378128519757 0.0866008801575292 0.0757766506355497
0.187782430826753 0.0829536032199472 0.0168811861128693 0.133947114179112
0.0587838197192243 0.206858657078803 -0.0262850825299036 0.0955031817790272
-0.0773840546213702 0.26041784922086 0.0235217817668627 0.0224141606966643
-0.127500087647068 0.192047301840411 0.0532973289954046 -0.157660708316912
-0.0727319032199445 0.236707642534152 0.140734674589668 -0.146021497851353
0.10061313518045 0.220854582202189 0.0629216544661332 -0.210878135509336
0.21758177473541 0.0812951658890252 -0.065465050848755 -0.184182560945159
0.161103508523209 -0.0697783592343907 -0.0997950342498252 -0.0706764733911889
0.0776501337166555 -0.120743987465638 -0.0706354447304738 -0.0172322206566074
-0.00290717127707061 -0.146481663960737 -0.0212250208729568 -0.0100259335300189
-0.0427426312427127 -0.134306355797327 -0.00794979850926599 -0.0344726604256988
-0.045016911378377 -0.132798474634559 0.0119972523309831 -0.0543207645085468
0.011968324991324 -0.131994020505906 0.0490418026850589 -0.055679613324357
0.0729294185428027 -0.113519139016832 0.104504772613369 -0.0310733916033394
0.173060623910474 -0.0519718047776458 0.105635488569222 0.0466529922909177
0.168571999469371 0.0815347953770506 0.0366215903137098 0.113892085386267
0.040811916108153 0.187906020107656 -0.0192864455372763 0.0684537950203352
-0.0843738523143405 0.226002819258867 0.0560604945925907 -0.037710926567048
-0.111056511797896 0.12691357750197 0.121940718789666 -0.20130555399233
-0.0839017251798934 0.173166574886706 0.172602341464146 -0.166853088977851
0.0523254170289878 0.180603578382308 0.100718280616156 -0.189448797439613
0.160713153388156 0.0820328256963526 -0.0106935633455046 -0.17493736202785
0.129277215923119 -0.0440066900274885 -0.0507308249829524 -0.0964242017790702
0.0644300032893116 -0.0905835414786062 -0.0443645258773002 -0.0661511656205315
0.00145439310995927 -0.117261735937739 -0.0222712462533202 -0.0590265801414996
-0.0314628636146683 -0.112080547373151 -0.0160472167479372 -0.0758368134379926
-0.0337065848064222 -0.111705309664713 0.00248926863396381 -0.0960227487034833
0.0113421530951223 -0.110888684273992 0.0479117977720442 -0.0956098516396201
0.0645826164454213 -0.091839962826456 0.114498276695386 -0.0619342626575938
0.14411699706468 -0.0310505505901372 0.11884882555029 0.0277669419162205
0.127111407594028 0.0804293935394155 0.0494820685457027 0.0980410718254119
0.0101662483766484 0.152817592103019 -0.0165679286032945 0.0459345344457469
-0.08829172062108 0.162249702742912 0.0828360111974739 -0.0841808364375284
-0.0709897623157678 0.0403560348087029 0.166242175173959 -0.21755813621757
-0.0705149367199346 0.0803644643497315 0.183816811664972 -0.173104541555385
0.00857483214649199 0.102672599446873 0.120603659031681 -0.163218069142074
0.0816087712592494 0.0579123550513775 0.0264238815323976 -0.159252239988069
0.0729145078906396 -0.018070248542332 -0.0178729885953063 -0.112868945649951
0.0375422726636465 -0.0477707758452776 -0.0271881139922555 -0.0997489175679417
0.00414953813144223 -0.0691147131894512 -0.0244211581139081 -0.093763264348148
-0.0159325678259292 -0.0719714036446221 -0.020487269475853 -0.104396721679559
-0.0170616472884007 -0.0749023866604122 -0.00167830423079399 -0.12700224520974
0.0111207230604646 -0.0766862890952979 0.0529042341558041 -0.123273802189399
0.0504525477087596 -0.0602759633284614 0.128947649009019 -0.0788712728307503
0.102240477172293 -0.00713300621797442 0.131112039885683 0.0225058473432738
0.0729581094997929 0.0708416097547388 0.0587010301569932 0.0922771401486487
-0.022188190967823 0.102085202960038 -0.0149172347788792 0.0318113756342936
-0.0824620554624369 0.07861930514695 0.105003505101591 -0.110730740357344
0.0497058030752531 0.0188825638668757 -0.107130961322885 0.154778064716352
0.028026583095281 -0.0375368212289829 0.0415719099177943 0.0172654388627424
-0.0140445523335424 -0.0505778996448004 -0.0538801136935924 -0.113546500165236
-0.0423667789807191 -0.00916365053641627 -0.154768606414107 -0.0519704648161215
-0.0234932534711191 0.0192182147181596 -0.164744140328118 0.0798339762823189
-0.00357044935311636 0.0186529079599663 -0.0766991196990839 0.163978418531084
-0.00462653551660745 0.0240561262772059 0.00149642662815792 0.15941233202015
-0.00757671557496702 0.0201651524789057 0.03426799174114 0.131956268720047
-0.011835978919339 0.010378094255076 0.0425185394744508 0.123234758448701
-0.0164285721530992 -0.0037468346632047 0.0365247703705471 0.12988585021231
-0.01653138288199 -0.0156194978707338 0.00884593483305721 0.137674643755826
0.00505867247999517 -0.0381147928348119 -0.0469439078650319 0.158084778163822
0.0374585086658117 -0.0276739658083154 -0.117797330110486 0.160893123351214
0.0507325950312796 0.0241377363115608 -0.157036043308401 0.148963536805438
0.0354192462793996 0.0526850557483356 -0.157252551279124 0.215674560000086
0.0202522611893535 0.107182318929867 -0.126873394867462 0.119890869366474
0.0446797563213072 0.0444710390101087 0.0354656913030395 0.00536511491198703
0.0535849796718155 -0.00340918443063984 -0.0601100646419832 -0.133884564637195
0.0344654189799034 -0.0216886208204212 -0.173660493851503 -0.0733126300576175
0.0148139952814171 -0.0258684124616831 -0.183501235885963 0.0729008654806309
0.00659727471871134 -0.0328453402122906 -0.0906225761271607 0.164334447189195
-0.0195377913535482 -0.0325802483584331 -0.00119919754788518 0.157747786163118
-0.0274943699734741 -0.0331008101763425 0.0318979134180535 0.124465827206348
-0.0221992552315586 -0.0449461825620157 0.045819115624185 0.111891081377087
0.00758132874784247 -0.0551755124754596 0.0437350996367216 0.115903865416716
0.0334962996202282 -0.0482799240166322 0.027180071586266 0.124306307464686
0.0826700488749308 -0.0255046622097234 -0.0202992842241951 0.150448416061724
0.0878863448181474 0.0376674453583385 -0.0888769135748124 0.163324464783805
0.037716188773191 0.113020610850218 -0.115163895179814 0.152676882954124
-0.0146518900737062 0.147837055834191 -0.117446712111461 0.196989136850134
-0.0225046211097168 0.181149028008701 -0.121919189525231 0.0613900739149888
0.0404377375528889 0.1356092391829 0.041197878320304 -0.0243217056235517
0.114387800397576 0.065204328042015 -0.0547705805647172 -0.165131573036494
0.121925585638579 -0.0176380667523586 -0.183946866952036 -0.106459508619119
0.0656152411829414 -0.0667594247699331 -0.193862734152639 0.0508947832629119
0.0259077378804815 -0.0833645124311937 -0.102806542707115 0.143672477627902
-0.0254778021618734 -0.08750515979277 -0.00828802554975083 0.136362296346372
-0.043500834416643 -0.0811869395960532 0.0248062819612787 0.099252184626137
-0.035369206836502 -0.0914184241208491 0.0438144699630645 0.0814153556892201
0.0177449659885691 -0.0994728711940629 0.0530526158785067 0.0838949864639515
0.0643064773285871 -0.0844359232529681 0.0561561363605287 0.0957757615496239
0.144161380454008 -0.0374794701886006 0.0207107674523395 0.13634060138546
0.143283735681003 0.0719646882204492 -0.0492461783138998 0.164254845796712
0.0478768095825655 0.177028139679857 -0.0715090324001797 0.146558386306752
-0.0450302219932519 0.223448789134869 -0.0649059538540056 0.153674867389212
-0.0707317840275137 0.226636065474444 -0.0864959232721585 -0.0136319822148959
0.013045111393385 0.215802449174957 0.0625861987115894 -0.0666134496864706
0.150932347673344 0.143019850333993 -0.0319650040324425 -0.197976905377079
0.199370419191862 0.00619571976180979 -0.170883230090108 -0.144162324616301
0.118796974883704 -0.0927921845290168 -0.185475251144307 0.0145832216870571
0.0494768236822984 -0.120957961370092 -0.105819874516377 0.101906388457983
-0.0236956940437915 -0.130446372313444 -0.0151860606842098 0.0973500679364198
-0.0535824982283407 -0.116812559580985 0.0138252584186507 0.0596421562751776
-0.0480639683186348 -0.122941034388511 0.0359902433582173 0.0392457914094214
0.0161315321684253 -0.129386550303946 0.0573241334322977 0.0386315425699595
0.0758210126030474 -0.113453274844722 0.0816512126648033 0.0539601043618316
0.179680703775695 -0.0598265723576566 0.0619501587604829 0.109385636018317
0.184015042629571 0.0794479292555693 -0.00773993786115649 0.155121168848884
0.0653319358119134 0.207898607993272 -0.0399324857640004 0.125840654622548
-0.0595640716917301 0.265642129318534 -0.0155357783866179 0.0903170444220367
-0.108576392930484 0.234309545854237 -0.0260787592693728 -0.0934151780092093
-0.027926973353124 0.257876570924207 0.0972305645716512 -0.113960787173617
0.149041721334691 0.203975058353686 0.00825410980813989 -0.218133932795647
0.239327269724191 0.0431645634127265 -0.131295387512673 -0.173841550486531
0.156572656391808 -0.0958923538853025 -0.154061885246452 -0.0291740916246384
0.0693909364322501 -0.136387530929387 -0.0947400742569993 0.0457955120469304
-0.0174106045662113 -0.152059577456002 -0.0200396867946568 0.0451563385662669
-0.0555829664930773 -0.135232068389589 0.00185561349375831 0.0133341194310961
-0.0550668032029696 -0.136364807100187 0.0234037396142936 -0.00888750265949564
0.00971665343625761 -0.141268479648229 0.0543520715222759 -0.011198103838037
0.0747957621905467 -0.126064673406549 0.0967340699504582 0.00669346922973586
0.186427298481536 -0.0708458611475398 0.0917833866593408 0.0752665103754047
0.19468774447353 0.0763842855811235 0.0236509961022319 0.136582682618228
0.0685023939945259 0.208739005025759 -0.0237028993012245 0.09844943062372
-0.066860203916015 0.268382441572328 0.0235655230652024 0.0213111643150242
-0.122166214136113 0.201278554595107 0.0485134665915469 -0.163171735411817
-0.0641184651802483 0.2445367825348 0.137543668870898 -0.153191371397966
0.11213903518933 0.219714109757026 0.0556402754330028 -0.217003700714111
0.225561460725626 0.0725558747370835 -0.0736939410833714 -0.184061460646546
0.161768989696645 -0.0783559038808832 -0.104961442468011 -0.0682640757955773
0.0744802316210015 -0.126882745293328 -0.0724580841430576 -0.0139658716768563
-0.00959183370541818 -0.147709962930643 -0.0229711699107637 -0.0100047531383026
-0.0499835449356402 -0.133525471016365 -0.00960095840661119 -0.0351199153397245
-0.0522052703928207 -0.132540181654156 0.00947031300177705 -0.0557490412903114
0.00639031815513065 -0.135371901979651 0.0476342669710754 -0.0589416607918338
0.0694259313150744 -0.118639955071323 0.105765009151208 -0.0358188466794129
0.172964032087151 -0.061980050760396 0.109318976513599 0.0445859827321203
0.175021859065481 0.0757176430771818 0.0430817430276062 0.116140100991993
0.0489882353414141 0.189580597259258 -0.0175966916000625 0.0717332809950701
-0.0752466508288761 0.233369846546255 0.0543483132352418 -0.041466496494942
-0.107208368540589 0.134231045683332 0.116957960244384 -0.210293861341239
-0.0780922170016238 0.179911662285076 0.169047279620851 -0.175587560072152
0.0616817597567391 0.181327049069606 0.0957800552560011 -0.196272911564491
0.167391086170729 0.0766805871955536 -0.0166537387871209 -0.176851455236611
0.129895649168734 -0.0502826803576551 -0.0554396442697611 -0.0972577756421916
0.0622317690019373 -0.0954430091648844 -0.0474839044045067 -0.0655095912693017
-0.0041351629247171 -0.118569656651341 -0.0256350337292974 -0.0593741421379326
-0.0380041187117889 -0.110945341035043 -0.0188614114472904 -0.0766519752660034
-0.0400923640328544 -0.111556934197672 -0.0016158260201143 -0.0970316932116287
0.00670697083054983 -0.11297228288606 0.0446433945471272 -0.098528222035357
0.0612993947952637 -0.0960865408776876 0.113478495421934 -0.0676675313960747
0.144444914795195 -0.0385015264894182 0.121859494515437 0.0246160434937951
0.132735158038299 0.0758414856540465 0.0549789822591235 0.0994026982069346
0.0162601098188502 0.155074767290791 -0.0156914283509193 0.0487702944213866
-0.0821752365963035 0.168001307236673 0.0805610505581177 -0.0893683635782124
-0.0704058550141993 0.0439501557088214 0.162553282245022 -0.228946599818993
-0.0668675290808195 0.0844354455701475 0.180198321168442 -0.183246805578773
0.0136641220550966 0.103671800700751 0.117809798247797 -0.170606745776799
0.0860054021001462 0.0558589063294887 0.0219208474671932 -0.162394464294163
0.0738166637879877 -0.0209772008947458 -0.0219768783505315 -0.115406770972773
0.0366824196347492 -0.0503103160441183 -0.0315896780312559 -0.100319549915419
0.00133962184858516 -0.0698011388988418 -0.0292353812075231 -0.0949741966793603
-0.0207255298549874 -0.0717974029755402 -0.0246238325157189 -0.105785353122309
-0.0214965494153964 -0.0751936116137467 -0.00692094101591913 -0.128257282465004
0.00774444131649036 -0.0782125198365088 0.0494977892787799 -0.127175584775125
0.049066406625927 -0.0631575811099322 0.127981705994138 -0.0863714548841053
0.1028167799855 -0.0125056946256019 0.13467849307366 0.0189063653355236
0.0768163189344408 0.0685468352304434 0.0638292258438022 0.0922380005121189
-0.0187886866439898 0.104647359409409 -0.0139757923481564 0.0344077575110659
-0.0799867371742354 0.0827227675885524 0.102187103592167 -0.117918101953315
0.0518090282044237 0.0154526468160094 -0.0970339446532557 0.161427670025682
0.0263381514793671 -0.0389059844485347 0.0430202500928694 0.0145156603934349
-0.0177991118063558 -0.0499329958971079 -0.0606948667938648 -0.108627125313706
-0.0424890342236503 -0.00668482996544183 -0.157771067653683 -0.0424424003421855
-0.0223198053331823 0.0199359460431118 -0.159034696468182 0.0894654642910078
-0.00322540626105212 0.0181698512582261 -0.0649550982838372 0.166477002462402
-0.00274583178226678 0.0235910612917824 0.0120853985659851 0.157681395202281
-0.00556352813048138 0.0202215654877048 0.0430057115959258 0.128599596702101
-0.0112938454005086 0.0108282275452905 0.0506824565540786 0.118993566987766
-0.0163638992654782 -0.00292345147780921 0.0453159217938975 0.126086863657463
-0.0173091709569737 -0.0150834082384077 0.0178867137945793 0.136320480462121
0.00180316349908848 -0.0378141693505635 -0.0364087926227906 0.160384424327629
0.035400184547063 -0.0291750917157077 -0.107564971953119 0.166204572387566
0.0523222208630229 0.0214291828380825 -0.14873552587036 0.15657062898807
0.0387911571014365 0.0496123195680063 -0.143875378726698 0.225985081327923
0.0286670913892754 0.105222130947077 -0.119105135241974 0.128105198658883
0.0476369541311008 0.0415325636462138 0.0361302258080025 0.00342479077175385
0.0530328888748622 -0.00778334534048015 -0.0681160126492126 -0.128403168667731
0.0331790705980945 -0.0245126752684916 -0.1776349885036 -0.0612901915610833
0.0127614254073613 -0.0270782255678493 -0.178060922454502 0.0842986544237633
0.00369684723546309 -0.0339916864916226 -0.0788800870030726 0.168355025913855
-0.0210955596635195 -0.0309196062685711 0.00830236416468553 0.156167579070055
-0.0294752959398082 -0.0302148404877289 0.0398370806198452 0.120937400109631
-0.0250194857240772 -0.0432479527808023 0.0527515837542365 0.106929499399049
0.00357921710994776 -0.0559479612822264 0.0510966581329873 0.112016568090213
0.0301481668218527 -0.0502782673080883 0.0353511993925378 0.122196627958605
0.0797019801969199 -0.031739369025649 -0.0098500764863087 0.152019563736392
0.0900055612097879 0.0328034065786108 -0.078663119217825 0.1673515212716
0.0455787495186748 0.110821766403784 -0.106830063581937 0.157745275146206
-0.00428258775421922 0.147676239468604 -0.105609564944571 0.204782838503005
-0.0101592090516774 0.181129575960342 -0.118901883010048 0.0694406298340035
0.048614623471111 0.132708754054532 0.0401334324567863 -0.0256884946218099
0.118256154728542 0.0556168524686349 -0.0649265748799477 -0.159646966630898
0.119434417905927 -0.0269987291672297 -0.189092002812234 -0.0934403395503593
0.0606757812434824 -0.071574376504406 -0.190054941299145 0.0632483616879236
0.0196837650869246 -0.0851176052796582 -0.0918554281608971 0.149236754105761
-0.0309906799507222 -0.0853230096224371 -0.000216778665132619 0.135034555103512
-0.0492449209787888 -0.076287153398267 0.0304146787062386 0.0968526964709647
-0.0420632760453656 -0.0878097303472384 0.0483088280311233 0.077578382043662
0.0107476771030571 -0.100457595766628 0.0585457404534416 0.0788620621599489
0.0581744903287493 -0.088317240984406 0.0622501153635075 0.0914397202762658
0.140526517027147 -0.0485701402953731 0.0303598305754917 0.13555635388979
0.14731549295064 0.0624382231018997 -0.0379703431280135 0.166430059018994
0.0595839932231032 0.173315240472167 -0.0639239909810517 0.149168286683723
-0.0292070266581755 0.225092800101764 -0.0562894923336313 0.156535483801713
-0.0550923390838235 0.229576407444342 -0.0879416354272231 -0.00746795128145834
0.0268857432577741 0.214517075993628 0.0587863164200573 -0.069691114010741
0.160032135809162 0.130798952834163 -0.0446742338162825 -0.193100251355911
0.198489974987274 -0.00857423488768079 -0.17875884589903 -0.132040919545222
0.112128745886499 -0.101073230874865 -0.184045352454642 0.0266186988330849
0.0411508675098195 -0.124436098509808 -0.0977660680689579 0.108528670800928
-0.0324101050274661 -0.12774244723257 -0.0103899857088472 0.0967182634244341
-0.0615922662842089 -0.110930272940339 0.0173947713206103 0.0584704126136627
-0.0570986140097187 -0.117443066035399 0.0377777176784412 0.0359457355612395
0.00700571865734127 -0.130286615319352 0.0595450087178111 0.0342477560319832
0.0680512482953753 -0.118192861911541 0.0843237456775259 0.0482062412202241
0.173460329266945 -0.0730615602608948 0.0694046123644203 0.10587761454818
0.188814102273392 0.0656598988414758 0.00200246762266716 0.155712854897318
0.0785392342422894 0.202119513694702 -0.0334703245589641 0.128322238690855
-0.0401658839078332 0.267796585055463 -0.0113534547583549 0.0904166537188541
-0.0923071615808289 0.239596682039682 -0.0320184134996556 -0.0908461848285669
-0.0112081672856143 0.258173844186829 0.0896471493597439 -0.118314974482543
0.162594168208688 0.191956785936717 -0.005372723399615 -0.215987321133837
0.241138231340543 0.0257375722666772 -0.14082564278756 -0.163707735178141
0.149683845042685 -0.106579716740711 -0.154710550343433 -0.018908126056429
0.059725260862162 -0.141228678514854 -0.0906838911804395 0.0519632679288501
-0.0277980162594332 -0.149131666974519 -0.0187034077619618 0.0456305442457771
-0.0653726829592045 -0.128793490532526 0.00191002291416538 0.0126253416268446
-0.064378955165363 -0.13097304168077 0.0221242828503487 -0.0101595321713242
0.000417237608441904 -0.140912977614648 0.0528498864121941 -0.0152370751773897
0.0656877750275115 -0.130672763731545 0.0964127084783269 0.000424925641105393
0.179949228594866 -0.0843491450372734 0.0965835917354611 0.0697310106706225
0.198539916526997 0.0620192932197448 0.0321019363386483 0.135197696095006
0.0809382172776881 0.203352521167578 -0.0179438563455074 0.0998029404902589
-0.0473254721473725 0.270188186908622 0.0232579730402993 0.0192918318087885
-0.107941246727079 0.207803187617664 0.0382911749276648 -0.164942034348708
-0.0478230990702269 0.247680080686143 0.126696712737399 -0.159142611865141
0.12673433110083 0.209994102565404 0.0420882710327575 -0.217167945075913
0.229293890015729 0.0560798885809519 -0.0836890701029653 -0.177072950767307
0.15531439052148 -0.0887218475601385 -0.108813897741847 -0.0613596880775323
0.065710686091684 -0.130738033862459 -0.0728001997744868 -0.00890215599555675
-0.0194229502150934 -0.145475213523916 -0.0248245794592794 -0.00942046664281973
-0.0596775101741219 -0.127310560950787 -0.0120670727194 -0.0344477734695056
-0.0616356618795769 -0.126692682928356 0.00537343847955685 -0.0550023560570296
-0.00293031997056344 -0.133870292184962 0.043694082616268 -0.0614606869815556
0.0612421642968193 -0.122745396576398 0.101479303832378 -0.0421158534901331
0.166516823968069 -0.0736851587683328 0.112434838555294 0.0383450342906166
0.178265349237859 0.0629535971310459 0.0508463306754964 0.113527378008128
0.0609200300164428 0.185088563669759 -0.0132923347822636 0.0723966270952709
-0.0579295855657599 0.2358162342133 0.04976072397023 -0.0455361685534972
-0.0970216385637873 0.14042647006394 0.104126071889873 -0.216607960468638
-0.065393612779853 0.18357173120916 0.156997109867734 -0.183641153536286
0.0737032043546093 0.174328863660431 0.0835125313559218 -0.199989831602903
0.1713036691808 0.0641815452016158 -0.0262753329741833 -0.173339862594557
0.125898279101383 -0.0583113995683829 -0.0610385210073322 -0.0926646787716205
0.0558223859605795 -0.0986300360428971 -0.051658733727888 -0.0618935956858913
-0.0114579867924348 -0.116731417499541 -0.0303505686274968 -0.0579153924908322
-0.0456450027318542 -0.106087483801634 -0.0242524283194046 -0.074721627006686
-0.0480124751487501 -0.10664454719766 -0.00773179783987364 -0.095711219038312
-0.00123599123788014 -0.112442849394683 0.0381398910523026 -0.100416196234446
0.0549615015820873 -0.0990880652177702 0.108470331379928 -0.0749621689197445
0.139985497844738 -0.048753072707519 0.123145981525567 0.0178688281790535
0.135630034959614 0.0660678137390332 0.0617921307276128 0.0963491639205377
0.0256366135896602 0.152263819132433 -0.0127704467783181 0.0500505407558046
-0.0687367160702894 0.172131141892192 0.072746653614048 -0.0956192045303642
-0.0656896059105881 0.0478696344241736 0.148297292342153 -0.238615319125985
-0.0603938382794677 0.0879251880666561 0.167240666226457 -0.191522809311713
0.0216871156731806 0.1017599185729 0.10697285268733 -0.175999911975099
0.0893520655021099 0.049383623484721 0.0125931143965209 -0.162596075092697
0.0722916710641456 -0.0256673702266186 -0.029025348734639 -0.113126411977407
0.0341783695169849 -0.052231898874969 -0.0382101564447521 -0.0980909074841379
-0.00271526251375522 -0.0691124570798956 -0.0359561747153518 -0.0924231268904498
-0.0257482054254973 -0.068973248875231 -0.0319217153457674 -0.103593741700751
-0.0265574338307764 -0.0721632400164842 -0.0151770650320876 -0.126128211621152
0.00183870997835079 -0.0777410882223822 0.0412695203435468 -0.128256321826442
0.0440618815626161 -0.0658903427287639 0.121163377838333 -0.09404723501488
0.10062568627967 -0.0193258976141116 0.135518109415324 0.0108838187458228
0.0802242369510453 0.0626827326106213 0.0701916745045602 0.089396668437746
-0.0122871635852886 0.10453090340972 -0.0121415432651334 0.0358686258967606
-0.0727952427449104 0.0869630470125007 0.092487411336667 -0.124567361194375
0.0513791554049845 0.0110513357082802 -0.0839716857818319 0.160860783528188
0.0239583260345385 -0.0386403652955377 0.0436558848099727 0.0116966997303296
-0.0199483884401573 -0.0468539065930203 -0.0639460696943946 -0.100683724362246
-0.0414819535513918 -0.00423433674568347 -0.153252571776162 -0.0320681809063229
-0.0203336404520648 0.020268022283151 -0.147787111957298 0.0940309942379161
-0.00260091782917657 0.0166528319171348 -0.0526417123371162 0.16216079573244
-0.00132538972828509 0.0225292499819281 0.0216727073511716 0.149160157959204
-0.00372584735285304 0.0198688323539035 0.0481695420471348 0.120188105418827
-0.0103620767715175 0.011018201190216 0.0558015765765159 0.110442141043142
-0.0158043294048719 -0.00188753524551225 0.0507236757654599 0.117599560106636
-0.0170336062531019 -0.0130927292312561 0.0251698651248896 0.130244924983205
-2.69668048882461E-05 -0.0360230921904092 -0.0253755078297664 0.155162662974144
0.0322144644109242 -0.0287913280413338 -0.0938365065434283 0.164125569216605
0.0519884740942484 0.018077623679912 -0.135731757104853 0.15673390954662
0.0400199746676459 0.0450729267054868 -0.126125169049398 0.224587688396611
0.0339949324700442 0.0978267989839847 -0.108140619848057 0.130309012698475
0.0485886345802117 0.036838163558975 0.0359888636857647 0.00203614642378051
0.0500022281867592 -0.0112667159224097 -0.0716009434276379 -0.118268285591767
0.0298352567430057 -0.0264216089515709 -0.174002925086581 -0.0490169524994077
0.0102808663132777 -0.0267338802217124 -0.165814741436508 0.0906263406130541
0.0012176479169761 -0.0330988481793277 -0.0652018268398344 0.164549283496554
-0.0222828735188471 -0.0286520203798477 0.0169163105103361 0.148393037652988
-0.0300726201488888 -0.0262029658100216 0.0444402330957555 0.113036704675668
-0.0271463257286218 -0.0392380867621746 0.056381824694834 0.0988984937437326
-0.000275482437504137 -0.054090652345142 0.0555884228852525 0.103400268530894
0.0256639419101504 -0.0504051699368928 0.0406551359925372 0.115040020621701
0.074390626151089 -0.0354666213125279 -0.000293700160144592 0.146193980596054
0.0881135004889769 0.0265542206417083 -0.0665670751929819 0.163850450580372
0.0501507390362505 0.104072669847282 -0.0952565119238565 0.155709612342145
0.004837109426788 0.140767339867667 -0.0910357520965554 0.201642473580142
0.00107797862263474 0.1737697374918 -0.110058365144464 0.0738016325866347
0.0547038537704441 0.124232256420658 0.0379908060441228 -0.0261789999404362
0.116603275921063 0.045424970385938 -0.0706602304251348 -0.147809689911756
0.113050999411831 -0.0344196453863596 -0.185967888693502 -0.0787293918501595
0.0539760247377905 -0.0721288222150365 -0.178398866770572 0.0709945769787297
0.0132172132269638 -0.0828972652054252 -0.0785707852684755 0.147314508231845
-0.0350584017330796 -0.0793589575434518 0.00696643818303579 0.128757686046085
-0.0522315366049578 -0.0687120729843156 0.0344709310746541 0.0903862854614603
-0.046005648693079 -0.0806042348191251 0.0504543799138936 0.0707544202560767
0.00375195704916986 -0.097471571515896 0.0605522954711866 0.0715384229158914
0.0503605548191101 -0.0885348764425164 0.0647505624217137 0.0846028082605849
0.130757688564754 -0.0557169901776806 0.0372016074593373 0.128076362713333
0.14510896544601 0.0514792562067424 -0.0272125927375966 0.161445832107491
0.0669094400135058 0.162924715622442 -0.05452333186988 0.145468805895342
-0.0146645113345648 0.215520244706806 -0.0470785342993251 0.153714144370786
-0.0392465378850776 0.222719637856817 -0.0852501930086904 -0.0013750084175412
0.0378645376680228 0.204069139975172 0.0528110673264062 -0.0683073803178131
0.161266004078936 0.114404641701539 -0.0526097708635071 -0.180463848308756
0.189788702446127 -0.0215025884508632 -0.177778367272424 -0.115914877748026
0.101780099019831 -0.103855959477477 -0.174398132363948 0.0355637356314049
0.0317197673459852 -0.121567180230769 -0.0872527825060892 0.108874868378998
-0.0385916882168747 -0.119724258623393 -0.00510028631879529 0.0922388202587683
-0.0661890755841329 -0.100950904389518 0.0190033620740967 0.0546076981403145
-0.0621585438810894 -0.107704426023899 0.038035248918507 0.0318508308319789
-0.00136573780423873 -0.125094288065871 0.0592018212422399 0.0294401056069457
0.0574992826747228 -0.117469595521817 0.0839036861572478 0.0417270524803255
0.160877867846193 -0.0807349224071926 0.0732800374155657 0.0981445281974373
0.184718645930539 0.0519419440945476 0.0108085982752435 0.148880079386798
0.0870225785434547 0.18960071919999 -0.0256688854966325 0.123651252268858
-0.0223165998853472 0.256952983962464 -0.00747528639814543 0.0877755387844628
-0.0746283393374097 0.234235878947666 -0.0362690060615482 -0.0844400071462478
0.00434281373755792 0.247694391936855 0.0795837133036819 -0.116178380124873
0.167373953289512 0.172917785676587 -0.0166756809284609 -0.20444195341834
0.232197827450236 0.00950686119861307 -0.142706437180876 -0.148544224365874
0.136854475858385 -0.111287998681481 -0.149226783755037 -0.00954159563428087
0.0484495960046163 -0.138353576496747 -0.0829240806558945 0.0541203953928459
-0.0348469388460871 -0.140615829281278 -0.0168481344570325 0.0436691012677325
-0.0699373914786263 -0.117166038156157 0.00192173825714264 0.0118856845010117
-0.0698546566579 -0.120059217267616 0.0203568174303959 -0.0108153995783312
-0.00774685672135509 -0.134959256319712 0.0495760099307603 -0.0178177801465308
0.05519773951534 -0.129083968077201 0.0921061403002214 -0.00447522638136001
0.165479405085469 -0.0915841935654869 0.0976753728402359 0.0619574730552663
0.193535479177204 0.0471192080886387 0.0393206535877667 0.128198421414932
0.0894804256980296 0.189683110624137 -0.0128614796832386 0.0966967303818167
-0.0282298618646499 0.259611723979125 0.0215685136422226 0.0165038989816045
-0.0915330048300363 0.204833044043258 0.0279697788839747 -0.159516275106936
-0.0319448358896153 0.239122194636431 0.11297249371768 -0.157677092005379
0.134130002089681 0.191873101415424 0.0292136293331437 -0.209081629139376
0.223062698065789 0.0396284036691324 -0.0886892790801664 -0.164451620538888
0.143840763263744 -0.0942695950310562 -0.106733720964653 -0.052811422041078
0.0555350424478663 -0.12929576548678 -0.0695207707951192 -0.00491599834919143
-0.0270614902372398 -0.136980459595937 -0.0259367955351484 -0.00809325290840966
-0.0647394351656365 -0.116741554131172 -0.0147001538396509 -0.0320891897054549
-0.0667588359080964 -0.116668675253099 0.00199850121029831 -0.0533110176523555
-0.010807932448543 -0.128052396560159 0.0380388014134014 -0.0607328547230249
0.0514377652317649 -0.120789019923084 0.0948383789046258 -0.0462372133803692
0.154231464681489 -0.0812421658356136 0.110796182511665 0.030816756102226
0.173846869208376 0.0490053701753165 0.0554409089164648 0.105956460385973
0.0683634504740542 0.173521833388832 -0.00898244824116265 0.0704456009428404
-0.040854063172261 0.227422340802582 0.0434408154338897 -0.0469229057649857
-0.0842595262405177 0.139382272946378 0.0879671004706907 -0.212777678000727
-0.0512534501873221 0.178942378882109 0.139664093869074 -0.18214025616898
0.0811106006709496 0.161667017590509 0.0693524940092245 -0.194702291355916
0.168229892360947 0.0513111775526121 -0.033386930979044 -0.164227550238465
0.11736900667897 -0.063151858354879 -0.0625582057884793 -0.086241378860731
0.0480659789354204 -0.097852328622116 -0.0522554476262158 -0.056598621253983
-0.0174134365005503 -0.110259552320407 -0.0333563193052646 -0.0542472415607555
-0.050476496129523 -0.0971415621234951 -0.0278642917586444 -0.070778272079284
-0.0522232097999513 -0.0980119838580916 -0.0123180799390235 -0.0904810658906326
-0.00776124497660859 -0.10726436092078 0.030928873121334 -0.0974311206283291
0.0469256035552034 -0.0981049191476357 0.0990800090956419 -0.077353886521642
0.129971666850971 -0.0551473005707977 0.119771826649572 0.0107009575389737
0.133520824495477 0.054729741794758 0.0654174814536172 0.0896424984995498
0.0329035597229292 0.144015656355724 -0.00933043915224769 0.0486928057760681
-0.05468500732685 0.166956199368629 0.0632789511384586 -0.0959566594056344
-0.0593500142486255 0.0491180509770362 0.130253323052317 -0.237102782101216
-0.0519320604527738 0.0872354595480316 0.149915222511339 -0.190689701359369
0.0267528507195076 0.0949916044532182 0.0939193956910819 -0.173196046385649
0.0884856511696853 0.0416839451687118 0.00469275969661533 -0.155550331782251
0.0680674727414929 -0.0282290765306019 -0.0338905115325309 -0.106496680577685
0.0303909599848454 -0.0515599576546911 -0.0420145476562 -0.0920017881343019
-0.00657144932167385 -0.065682971569381 -0.0397691417693721 -0.0866658217526211
-0.0289879068409999 -0.0638955014658724 -0.0367957466008895 -0.0983151193267852
-0.0299089533592199 -0.0667184521848708 -0.0212092040644054 -0.119015284092974
-0.00328552092845412 -0.0734963255487942 0.0322456810380934 -0.124447751617132
0.0390589064520866 -0.0655082322549272 0.109823316865118 -0.0964342093015475
0.0944417663012566 -0.0243663096574205 0.130660233422874 0.00400121152801035
0.079388615212143 0.0546850884547966 0.0721505932920679 0.0821438858565712
-0.00641692140702602 0.100603053797022 -0.00953691511130209 0.0355803703066163
-0.063229793930758 0.0867413472095269 0.0810761908478143 -0.125009747469652
0.0498512804716976 0.00678927749026031 -0.0486305269130503 0.164318994908952
0.0178225123243994 -0.0391859832797917 0.0452046066112316 0.00244600504094833
-0.0267889387482077 -0.0394292232328593 -0.07503251015558 -0.086897588569511
-0.0395685776410633 0.0049134049572855 -0.152052960118808 -0.00886332148686159
-0.0150311550186944 0.0247025897221009 -0.125863555796781 0.112773470649119
0.00144431455565113 0.0160203227216599 -0.0248878010158332 0.160558865500815
0.00329166637086024 0.0202516593232893 0.041535352746131 0.139396735069176
2.29903159107391E-05 0.0186316160162821 0.0628894231634495 0.105503425189906
-0.00720062200223275 0.0115385859179817 0.0697531626016164 0.0952724763760565
-0.014394456030299 0.000604429287955924 0.0674978655466267 0.101750915578565
-0.0163829257216175 -0.00959438552345223 0.0450367149357783 0.118191870914388
-0.004966909934905 -0.0313779508957754 0.00100326702995936 0.148731482157518
0.0259508641087403 -0.0281163300906989 -0.061356444241596 0.167320962893944
0.0486313127021676 0.0123067037198605 -0.103453383131013 0.166609906140991
0.0420797463630588 0.0406492138706286 -0.0869140458174814 0.228124041612796
0.043597777318735 0.0890998911710254 -0.0774064383132354 0.144333587803557
0.0498405767904577 0.0269205875216503 0.0370694494049332 -0.00227230689392405
0.0414850205466664 -0.0170658774468199 -0.0812456485437691 -0.0987569272984063
0.0213117857243165 -0.0259519619796263 -0.168262732424477 -0.0198850154444943
0.00682747766558976 -0.022353384091518 -0.141068454512711 0.109611850264984
-0.00164453099042612 -0.0305550683195733 -0.0363329244761813 0.16313750496419
-0.0232881805268178 -0.0236756833201386 0.0367471145071165 0.13642957480921
-0.0299899416418489 -0.0200137363903164 0.0581414618742971 0.0992128570243817
-0.0299014478496038 -0.033033151852909 0.0691848156043716 0.0846781684019387
-0.00674416491219031 -0.0502684002616937 0.0709147268884992 0.0882898145930874
0.0191518569454613 -0.0488839781601136 0.0572914969921269 0.101686992335263
0.0646585853830769 -0.0412555126809436 0.0220029614232177 0.137358354085736
0.0836820537746308 0.0161116805510149 -0.0353765562298472 0.164907960393425
0.0587549794115208 0.0916222693232562 -0.0671562818400401 0.159333796802347
0.0214085034650191 0.133905569237038 -0.0593292143703257 0.200923533410115
0.0216732599188657 0.161315636894648 -0.0906137378429153 0.0959915437694133
0.0664319056505029 0.105693796456246 0.0337853059698642 -0.0246928771809714
0.108966275068075 0.0257766698009211 -0.0812954790943068 -0.122009783449281
0.0950813897335279 -0.0454377450122775 -0.179265085982387 -0.0432098439283137
0.0403690014720529 -0.0696259806761452 -0.152469475880486 0.090644210117833
0.00294329397699929 -0.0780430131297276 -0.0512018460818493 0.146597533880068
-0.0418202833268136 -0.0680182851014984 0.0250636486599072 0.116636205761089
-0.0554019887480923 -0.0562116160199761 0.0451427262385668 0.0784911881165094
-0.05259206351944 -0.0685296658187867 0.0601741686341396 0.0592202298974356
-0.00926014875754452 -0.0912139606565848 0.0710557012947831 0.0580635950026447
0.0375504382125852 -0.0873746222296282 0.0744537811200876 0.0691902037459762
0.114664696606602 -0.0679640886200633 0.0535984763454579 0.115824471710096
0.139450372989047 0.0316685174901262 0.00067388376659777 0.157873644805823
0.0826531810190073 0.144176162596027 -0.0320921441416022 0.142318300700427
0.0132705501562041 0.205790429380949 -0.0256361667998495 0.148753577669985
-0.0106567698239208 0.210168843231077 -0.0819914648055655 0.0234873170275386
0.0615293834930437 0.180243570702766 0.0393520891209205 -0.0636585874953371
0.157997788525679 0.0811190469454453 -0.0679905672420006 -0.149443949749972
0.165404653798888 -0.0454153476691023 -0.172650747239763 -0.0754525565220386
0.0787279863269437 -0.105140930796806 -0.150854692199732 0.0548791835486934
0.0147836570102129 -0.116396815523809 -0.063383538979994 0.110205558402865
-0.0516244648859946 -0.104181550719988 0.00872212700405414 0.082142594797672
-0.0727000218828409 -0.0841530312644124 0.025727769021861 0.0472642045861826
-0.0719662972983744 -0.0908738118099542 0.0426588715512094 0.0249989754276835
-0.0176615012972836 -0.116877074941308 0.0633067278187755 0.017865947093859
0.0408387316448424 -0.115794671050519 0.0851258770172802 0.0256223620148295
0.139953127996239 -0.0960613820761222 0.0822390896814043 0.0828861167553206
0.176290208350767 0.0269229145578349 0.0350824186401506 0.140911829351926
0.105008493346202 0.165721613337022 -0.00964411319814051 0.118026127791104
0.0111986674193909 0.243876587071015 0.00123424639301516 0.0816088729657475
-0.0417525735178047 0.22285962946274 -0.0515870181900288 -0.0615281808949406
0.0357163845427089 0.224557839518773 0.0550839617293288 -0.111142561527408
0.171138593659337 0.132268941901948 -0.0378267648653307 -0.17342123054134
0.207694946015801 -0.0243279416575465 -0.142594789279336 -0.108689769918336
0.109430426365647 -0.117557201133758 -0.131582371623612 0.00811489814587645
0.0280163889386106 -0.133997707186938 -0.0676393463133252 0.0574210550482359
-0.0514277625524492 -0.123460970178328 -0.00919129442321671 0.037047094896394
-0.0793615092297256 -0.0986774323294333 0.00363249213327877 0.0095019651807896
-0.0812402364396835 -0.10112273132308 0.0200357429555746 -0.013025633716876
-0.0254149887310691 -0.125207296918036 0.0471033492525507 -0.0240541887508448
0.0374184244138385 -0.126167876069688 0.0859794195698207 -0.0182833608799349
0.143568644879963 -0.107158716721995 0.0995025358659892 0.045393700717762
0.184280361064886 0.0217161163222486 0.0586902154777893 0.117424660340848
0.107635654127535 0.164582391962237 -0.00097003288804853 0.0910207912642201
0.00598825503821138 0.246246602799906 0.0183830103113051 0.0112612581256112
-0.0605561482061549 0.195766746691873 -0.00551723928665264 -0.143573299554209
0.000910670605607097 0.220762884261844 0.0779969800475602 -0.155132658585484
0.143897632975382 0.153452228558394 0.00118677817564364 -0.183529012045198
0.204290119556301 0.00360345008400819 -0.0956201844135823 -0.130427980392756
0.117194675013707 -0.103890558899769 -0.0990264953749012 -0.0385351234436754
0.0348741621105218 -0.126604510295738 -0.0635156737935772 -0.000456630687851375
-0.0436100121618785 -0.121379637240236 -0.0253082814837961 -0.0110426236271982
-0.0738062365630727 -0.0985330249473459 -0.0178461588604479 -0.0299436856439459
-0.0780628777011566 -0.0981406107286044 -0.00364842784779054 -0.0493287472735593
-0.0272396444783355 -0.118127499261157 0.0293847083673548 -0.0624915978073813
0.0350550899189489 -0.118280142041962 0.0810910897333794 -0.0576362840909793
0.134020486524745 -0.0958275867632123 0.106962524813274 0.0138368076805634
0.165261105804289 0.0251872743043216 0.0706886751365806 0.0936594154376775
0.085779998525402 0.151985602038153 -0.00143110347526437 0.066576101024034
-0.00971440489834683 0.215272329645756 0.0304013534877321 -0.051035152195043
-0.0619864086320736 0.133233445419652 0.0428865340582978 -0.206237124193195
-0.0249280469813159 0.167203696421399 0.0991695221850932 -0.185054262482021
0.0918254966594937 0.132709774537116 0.039091920342872 -0.179883378025495
0.156997406558912 0.0210330121862475 -0.0478148698444956 -0.14020483859793
0.0971527988729875 -0.0728096652208789 -0.0640386905448616 -0.0747194733775416
0.0318924779804455 -0.096322675036799 -0.0559936980329015 -0.0501650328238545
-0.0316707290246502 -0.0980923292382771 -0.0387743074667732 -0.0526449001908046
-0.0589583950075074 -0.0829501136631425 -0.0362694714834606 -0.0639840470153064
-0.0627582168921187 -0.0837059049934225 -0.0235897931901051 -0.0823275556098897
-0.0221365371497914 -0.0990692182236061 0.0162557248072878 -0.0958469816218565
0.0333657408736 -0.097051814253158 0.0803913297778071 -0.0878476508407118
0.115593681809584 -0.0688044442982063 0.112206065166719 -0.00658737287566372
0.128670357072161 0.0355508253318633 0.0768868000141932 0.0762670965520012
0.0487024208347092 0.129879293299809 -0.00303784273803751 0.0458202046008047
-0.0302165163128803 0.16024421184383 0.0422568782413756 -0.0992391155854457
-0.0493841004658456 0.0468167253368058 0.0784941917412647 -0.23974281608353
-0.0374850337457334 0.0821725831313475 0.10800247523629 -0.198476350208675
0.0346537798176259 0.0788737732873449 0.0626183580128898 -0.169396713249929
0.0840084018831543 0.0231926057977466 -0.0147334987497291 -0.141663963976102
0.056239979311967 -0.0350675286577293 -0.0435832715678847 -0.0979090139803963
0.0207491717366457 -0.0514088837291169 -0.0524807096409317 -0.0832089611141465
-0.0157110226844762 -0.0588965674361522 -0.0500865493990539 -0.0806436784638983
-0.0354407587579272 -0.054607032980059 -0.0489273634305865 -0.0882814643489298
-0.0376838445263128 -0.0576961190515235 -0.0361717861443241 -0.10819417579281
-0.0128735818712916 -0.0686160276385088 0.0131237258056217 -0.121349885156901
0.0291252252549558 -0.0664379617668798 0.0872335110524331 -0.107093343388131
0.0860965179708988 -0.0348924174593176 0.120987631410588 -0.0157157476646119
0.0792310858241089 0.0417389673751605 0.0814131560928618 0.067318058550661
0.00695295424575515 0.0939268123053896 -0.00454059320666635 0.033665243263765
-0.0477264958897047 0.0856841577016922 0.0556980790171092 -0.128996680505322
0.0481424134058891 0.00603222688503964 -0.0489207900189332 0.156950728142856
0.0180848816410075 -0.0374530081677327 0.0440642853181466 0.00242554281195872
-0.0254004913325185 -0.0379865175318278 -0.069916939490783 -0.0845507652543491
-0.0379856394129243 0.0040962653909709 -0.145239730289977 -0.010439193154847
-0.0146101262973527 0.0229281369713613 -0.122048421190102 0.105637177179937
0.000836917556938301 0.0148223098773879 -0.0262769404015385 0.151791841489369
0.00263173182224094 0.0189280711583691 0.0385564919467768 0.132446744488108
8.84357261515985E-06 0.0179668429442533 0.0586819312493611 0.101252739377178
-0.00685580540737412 0.0107644378969345 0.0655952036650232 0.0914692499611935
-0.013625925265246 0.00049160866276013 0.0632680083234858 0.0978107328428408
-0.015565166742423 -0.00898995318728179 0.0415156336294634 0.113078804029704
-0.00414367319643884 -0.029851996260997 -0.00134111293201955 0.141172829502617
0.0251066069380552 -0.0255340292667083 -0.0611270445404327 0.157701096903974
0.046802420565616 0.0127291964543895 -0.103175710340711 0.15683747668735
0.0389970736694522 0.0394362300725782 -0.0874917588145481 0.217365476726689
0.041085147624836 0.084335756358964 -0.0759126503544524 0.137729012990213
0.0477890590688754 0.026569921061997 0.0363406279219757 -0.00113862964637874
0.0393604430220522 -0.0159242347065108 -0.0756471862620177 -0.095692028655655
0.0202745284253384 -0.0249853926050173 -0.160817689272681 -0.0215582972207171
0.00725402009698044 -0.0218902941615019 -0.136108461891516 0.102417530568557
-0.00144864445599395 -0.029790654558288 -0.0364279117986134 0.153597988763197
-0.0219870340553914 -0.0227385319554008 0.0333089376627588 0.129443062706433
-0.0280745012327533 -0.0188445067256236 0.0539306544671683 0.0954160449598049
-0.0279167424645104 -0.0312582502158308 0.064798879499927 0.0814263825223392
-0.00606095022303784 -0.0479655784092791 0.0659909193227004 0.0845907095237748
0.0187491257450616 -0.0462455725118693 0.0533830051689598 0.0980263147303507
0.06197312469684 -0.0387946662362377 0.0190761296558226 0.130726288581472
0.0802382362498215 0.0166105033276129 -0.0368464467016535 0.15622939592704
0.0548418856871095 0.0887405905266631 -0.0682428106742985 0.150197964324165
0.0181352351339798 0.127589340204873 -0.0601628452291812 0.19168895237357
0.0186420915473668 0.153401640471195 -0.0880664766787923 0.0917269958134142
0.062132815665102 0.102469721448358 0.0339985591074653 -0.0225613525122843
0.10362494558022 0.0249038223412088 -0.074399487103768 -0.116686641958432
0.0907436564025016 -0.0430986060402645 -0.17063708718215 -0.0439227176591166
0.0391210835772291 -0.0667881652732819 -0.146877288223352 0.0838412194604068
0.00332272844205013 -0.0748701747949283 -0.0502109999600918 0.138232636540577
-0.0395103011827692 -0.0649892257176413 0.0219938419345215 0.111327678567323
-0.052035429435508 -0.0533992658755901 0.0419429527342093 0.0757117187248879
-0.049654568707186 -0.0649265997516627 0.0564451654763861 0.0569185439658644
-0.00826958443425395 -0.0873213446880961 0.0669983956880948 0.055835608787529
0.0364816815842107 -0.0833618769623927 0.0703145687158311 0.067234135741711
0.110087207175578 -0.064003363519068 0.0501785835866112 0.111319930375744
0.133033298093022 0.0318763210362654 -0.0022275302814965 0.150889207248378
0.0773161724842912 0.138633753305216 -0.0341641134678632 0.135579809341921
0.0101678001576543 0.195384100747318 -0.0279700384576278 0.142343016074954
-0.0126167228456192 0.199833838548189 -0.0791050534735251 0.0228109936621423
0.0561476198329562 0.173839321805184 0.0392487142672273 -0.0591023006504009
0.149735994463778 0.0786193879651454 -0.0610877138098007 -0.142974875778882
0.158320999960305 -0.0424124621947261 -0.162528670671866 -0.0749483808604458
0.0761829412814735 -0.100074323864339 -0.144923258848993 0.0498282676590203
0.0148953102171032 -0.111241172014359 -0.0613102939539891 0.102742192894632
-0.0478800034812388 -0.0994577866622132 0.00552163362569346 0.0779631543525919
-0.0679379295320151 -0.0793016424189798 0.0236514883174792 0.0454160150159493
-0.0673647449560952 -0.0866156603034027 0.0402325543478815 0.0242832538734503
-0.0162352844818604 -0.111551832816505 0.0601610179147171 0.0178984067654814
0.0405206495303332 -0.110020109971722 0.0806893209134068 0.0258411144058239
0.133634244132914 -0.0904867296374468 0.0785906329159834 0.0796199878267908
0.167519723865142 0.0276787425152704 0.0320214916426252 0.134877020464951
0.0983186224601386 0.1599185905691 -0.011964085808013 0.112841169957848
0.00771710431700605 0.231460025300372 -0.00181621351934602 0.0783390048280373
-0.0422026604157553 0.211504776984107 -0.0481324156091109 -0.0584510692428647
0.031086567533235 0.21536736067111 0.055645607174749 -0.10393681818568
0.16163968569663 0.127299631496131 -0.0322886434384219 -0.165492800758444
0.199147408428553 -0.0222799321118853 -0.13401788060563 -0.10594948006108
0.105635649403544 -0.111289648863767 -0.125749295792394 0.00507250695476965
0.0277668541043476 -0.128256636045735 -0.0651869602154297 0.0527967446466006
-0.0474852695444771 -0.118103459201281 -0.0101469307640308 0.0347715260032987
-0.0742497666428766 -0.0937047143806367 0.00301657518412444 0.00888465872744405
-0.0763495608435896 -0.095593315935328 0.0190713204536687 -0.011984331853446
-0.0234040711267185 -0.119580499970398 0.0452893819770669 -0.0222501928630148
0.0370498117237597 -0.120452279175493 0.0821893248050328 -0.0163592571047498
0.136765500303019 -0.100877866230675 0.0957998521529555 0.0449053498152231
0.17495624444518 0.0217611845805158 0.0551241024662999 0.113076371364274
0.100204936284234 0.158968739273772 -0.0030537359961498 0.086610366377972
0.00283924263781855 0.233013070286649 0.0156376467758457 0.011296875210255
-0.0603327821358215 0.185711907040998 -0.00258694603941274 -0.136313004069493
-0.00162933714449429 0.21073888565182 0.0785147905046499 -0.14514358226027
0.135019246602519 0.147380235287224 0.00584860402743763 -0.17489248800452
0.195345303321232 0.00477292566073775 -0.0889522211673105 -0.126624115443823
0.112993043485001 -0.0976009681798863 -0.0932029945102998 -0.03836495076822
0.0346814829460331 -0.120856357942073 -0.0603502999440702 -0.00169891030307923
-0.0403528188296713 -0.115788831776878 -0.024926006818281 -0.0110585533292802
-0.0696773380377943 -0.0932395064687482 -0.0174205196945355 -0.0288759220649361
-0.0735316877182031 -0.0930352792538529 -0.00240601224979107 -0.0475595225149685
-0.0249773729950609 -0.113185543170016 0.0289646888933154 -0.0592210988437416
0.0342398655447333 -0.112720265700108 0.0783434982058386 -0.0537830638153145
0.128168733889442 -0.0898750521687783 0.102682221696442 0.0144585380304162
0.157524600961637 0.0255790616182597 0.0670703176247717 0.0914768411378139
0.0797744112077877 0.14649902298049 -0.00252889601040876 0.063571408850107
-0.0117552475519087 0.204453009752477 0.0286781484070982 -0.0484281021939494
-0.060251113017392 0.12584114378678 0.0444061538138868 -0.196486608642609
-0.0261412741852909 0.158397909774804 0.0980592147005451 -0.173075676963648
0.0857998762739832 0.126066630667121 0.0413919843693061 -0.170733086972094
0.149734073654213 0.0209827967428782 -0.042662315335247 -0.13485704947561
0.0934870869981702 -0.06890793226929 -0.0598411453144198 -0.0727327379667791
0.0315760970927078 -0.0920834926756344 -0.0531759278862501 -0.0495356709867785
-0.0292609277961122 -0.0937156127148766 -0.0372866317528404 -0.0509941557907705
-0.0555960219489519 -0.0785940434779792 -0.0341528174189088 -0.0618998058799184
-0.0586655069972651 -0.0788882747051299 -0.0211692347218972 -0.0786286993658157
-0.0200139916670381 -0.0947262272578463 0.0174237604633269 -0.0907092773474297
0.0323456598496425 -0.0922968447252304 0.0778964185787906 -0.0819285644808648
0.110649213880611 -0.0638965039979918 0.107666365771414 -0.00480537209336463
0.121646609781124 0.0351702903187989 0.0727545599678859 0.0740020173361391
0.0442408655536235 0.124137265263632 -0.00418734427034617 0.0443166868754752
-0.0299837129243362 0.150898260784779 0.0404177608474489 -0.0945895233765453
-0.0470207226194129 0.0434209582322877 0.07979671991915 -0.227743525139014
-0.036600507104037 0.0775498002380526 0.107264155586087 -0.185616327604092
0.0319075326582379 0.0746160589176557 0.0633631995999431 -0.160505702029782
0.0801167190954461 0.0221763852072302 -0.0110994294541618 -0.136019776551177
0.0544650274336945 -0.0324422133533592 -0.0404251212368195 -0.0938797389294735
0.0207536649730455 -0.0489070173369103 -0.0497627059433151 -0.0808913715744918
-0.0142885718596478 -0.0556827983699853 -0.0478225427245174 -0.077626323732872
-0.0327301612420599 -0.0515911662506495 -0.0458589604419869 -0.0855781789514384
-0.0351595394308601 -0.0549053303664235 -0.0336504550194617 -0.102949557153711
-0.0117500606262465 -0.0653144750811094 0.0146261146838969 -0.114972571091525
0.0288151620973041 -0.0628166789736247 0.0846738080156176 -0.10029365547115
0.0824502349552616 -0.0324223749385934 0.116433754642228 -0.0131845441447034
0.0741767063029259 0.0406289277040635 0.0775282912278767 0.065809747277635
0.00537037192673424 0.090129708864277 -0.00482694434176129 0.0322272113476889
-0.0457673215525763 0.0801072512801008 0.0532797158067289 -0.122549235260979
0.0474580246028974 0.0062073793728525 -0.0524958519842279 0.154910160305913
0.0198232296124274 -0.0367640853888835 0.0450182572152948 0.00384782323912563
-0.0243036234532684 -0.0382163079740916 -0.0654517508807822 -0.0856829855132674
-0.0379718867562309 0.00278119724617771 -0.143178527049318 -0.0146349225743207
-0.0149129385850033 0.0222324545108139 -0.123949886672795 0.100446775908905
-0.000465716998868554 0.0146209691552214 -0.0299816949635378 0.148448968233532
0.00220732224163234 0.0184094278456533 0.0346809864919024 0.130501398577288
-0.000147426271776316 0.0175231335506111 0.0553502373409657 0.101688783255107
-0.00694155145256779 0.0105169330754471 0.0623121406908783 0.0920812780107917
-0.0133950856799153 0.000315363932316887 0.0596972603085086 0.0980273860794448
-0.0148960138202287 -0.00892897923458855 0.0374840011533991 0.113630307240705
-0.00266879702629083 -0.0297683074171526 -0.00638418950476462 0.138725319717907
0.0259744708916477 -0.0238571356573915 -0.0657526826483232 0.1529838661465
0.0460175517033384 0.0147738153062383 -0.10833524371667 0.150905047961075
0.0371870534636875 0.039695476001513 -0.0931411009659809 0.21272724495603
0.0384227596232606 0.0837404290741594 -0.0790532213184783 0.13529224616263
0.0467808711363573 0.0280731636546277 0.0374821361774451 -4.80065336788205E-05
0.0389761321562959 -0.0153016764872344 -0.0700773364438197 -0.0964726485765624
0.0211236216135898 -0.0245383241073576 -0.157642783103501 -0.0262874104251974
0.00732788329419773 -0.0220159515190208 -0.138157436174416 0.0968412196746211
-0.00144890996624814 -0.0292683005208033 -0.0402937718626556 0.149709780354687
-0.020954852784067 -0.0228470575563668 0.0293334640211245 0.128031029291948
-0.0270073955385954 -0.0191141404056421 0.050235868679768 0.0956349962851096
-0.0267922854568421 -0.0313501359889178 0.0615802629169887 0.082114124292955
-0.00503629298881348 -0.0477892580164532 0.062853031164058 0.0855152837872406
0.01949971675562 -0.045226442639636 0.0494383898420279 0.0985901532939112
0.0621617319131619 -0.0367942175674064 0.0144162269716915 0.129180341109685
0.0789901948473487 0.0189329348846783 -0.0419296750413711 0.152826427630139
0.0518082674800409 0.0899289872602017 -0.0735421974767962 0.145713812828278
0.0139155615607668 0.126074815724297 -0.0663411864453365 0.188864815966349
0.0141715101687541 0.151636938002253 -0.0898771696401117 0.0894895210490551
0.0585890253836666 0.1035363941719 0.0350859288402941 -0.0208184450598073
0.101238908179814 0.026903114305482 -0.0687355303526306 -0.117484466309896
0.0911415199704652 -0.0410665737062567 -0.166788944853431 -0.0489001979653758
0.0403080406793734 -0.0657632060158353 -0.147612818537575 0.0781031278652304
0.00485472070398496 -0.0744168413079033 -0.0535555766921156 0.133872967689102
-0.037192925508991 -0.0646154527126601 0.0177466353023363 0.109693393811063
-0.0497603987173176 -0.0531522598075142 0.0384982049568054 0.0758302275231995
-0.0471612716292502 -0.0647196264003179 0.0537279210323591 0.057527069441792
-0.00612288770126998 -0.0871054435246965 0.0645655593802788 0.0569088243025772
0.0384079516985115 -0.0814510456576005 0.0668545387583566 0.068431496620513
0.109381927706943 -0.0607240087828144 0.0466943462214406 0.110868949984006
0.130950599156058 0.0349276800677751 -0.00658217202046275 0.149282753917532
0.0722925415139805 0.140124567662552 -0.0390007234446965 0.132521188444587
0.00379233029338578 0.192644797498174 -0.0336077427330667 0.14087993221909
-0.0181471782498801 0.196820713254761 -0.0784161926323386 0.0214600813855989
0.0506447501535522 0.173797504755484 0.0426371039429634 -0.055181968727349
0.145718811439678 0.0812631761671498 -0.053947355306561 -0.14299110999854
0.157828366035377 -0.038861241899161 -0.15862923815379 -0.079233672529393
0.0783498519305601 -0.0972001576381676 -0.145010909022833 0.0442611240235467
0.0174731909211593 -0.110212367962666 -0.0637693039815585 0.0989611665324602
-0.044784727532374 -0.0994063938251601 0.00249299008037548 0.0764028290144088
-0.0650757244671161 -0.0791327968699744 0.0214314638591033 0.0453766900902082
-0.0640805971302519 -0.0860946692439995 0.038606074367449 0.0245667479682183
-0.01315638317345 -0.110968148621779 0.058148264122483 0.0194528951836767
0.042545864540438 -0.10790414336328 0.0792329444193567 0.0278480104820264
0.134158705240874 -0.0861499433288681 0.0754917196074271 0.0805903969525388
0.165949918228464 0.0313428355686948 0.0274954412099639 0.134962723175925
0.0920071628136549 0.160962283751382 -0.0159970098752061 0.111104371184687
0.000611266564874069 0.227479384898911 -0.00550539624232761 0.0778458428072186
-0.0478997680639758 0.207965155062649 -0.0451291068578706 -0.0582780479625451
0.0247362871945878 0.214601901518212 0.059559756743064 -0.098908299431164
0.155566128701486 0.129468984715479 -0.0255282885242321 -0.163652649750034
0.197341634235404 -0.0176572097091921 -0.128491244982642 -0.109378717992076
0.107685522951155 -0.107439844693169 -0.124558928145903 0.000709116982564928
0.0311755121211034 -0.12629434577067 -0.0658435504128467 0.0494712930693197
-0.0440009782322069 -0.117554382617876 -0.012534134725223 0.0335384097366754
-0.0706281146555947 -0.0930152132240652 0.00206859747424071 0.00853126097846452
-0.071968131904313 -0.0953828253711272 0.018970908943057 -0.0116170890973161
-0.0200721972224521 -0.118404311556109 0.045230860295478 -0.0206840671126267
0.0399090267085179 -0.117539051734092 0.0817408912657099 -0.0146265914529104
0.138087899974538 -0.0962709831082513 0.0935447651578807 0.0460052702425146
0.172309059380135 0.0259818097251076 0.0514189722896065 0.113922877028404
0.0938364010189797 0.16022428508347 -0.00614915385078848 0.0863723974976186
-0.00388492224816705 0.229013849880994 0.0137075287370192 0.0119030806032439
-0.0644322959618222 0.181512429774317 0.00204255843985398 -0.13427752719223
-0.00790386517803327 0.208348837967091 0.0839708692801983 -0.13870806786591
0.128435659997107 0.148170350141786 0.0124795282886202 -0.171988128304872
0.192899738673085 0.00864394945787379 -0.0828347448201793 -0.128078788134955
0.115120539059724 -0.0936801490700225 -0.0909445033802929 -0.0418651368807387
0.0374499086407931 -0.11886816787484 -0.0594092998737937 -0.00460308050498433
-0.0368935318062191 -0.115248549401353 -0.0254632186017679 -0.0121619151964209
-0.066087389185603 -0.0926837426685091 -0.0171853953030581 -0.0294445994701762
-0.0691116064386113 -0.0923166799714733 -0.0012043758094543 -0.0474222141285659
-0.0215500812314475 -0.112270244701631 0.0301530191027966 -0.0576662464968433
0.0367051966145395 -0.110245670238445 0.0787325465982411 -0.0505148830762827
0.129129020584024 -0.0851105338926382 0.10156286257632 0.0168946275861013
0.153739391373479 0.0290301384056047 0.0643365892237757 0.0923652250180536
0.0743922084633474 0.147136812035666 -0.00492493726728464 0.0630102181912103
-0.0172101801625293 0.199697271078593 0.0279015674428906 -0.0466058829815657
-0.0623702512054133 0.12201113958934 0.0508085369905479 -0.192598207342321
-0.0300766219746865 0.155959947890849 0.105069225186095 -0.166156500245065
0.0803498287754872 0.125962894158403 0.0472675874637244 -0.167023952779163
0.147941254448028 0.0236302982407963 -0.0373023091516495 -0.134840660530765
0.0944279489025517 -0.0654153036787824 -0.0569763970175954 -0.0740877466524252
0.0339082877736807 -0.090490314921353 -0.051166281751663 -0.0509657537423735
-0.0263079742361291 -0.0925001810169846 -0.0369130654258749 -0.051774528539789
-0.0530279955715481 -0.0781398261817084 -0.0336209578640476 -0.0623580967246111
-0.0559801264321612 -0.0787711078645977 -0.0184706921386528 -0.0784347175453826
-0.0172376854851466 -0.093647247695535 0.0203266942529469 -0.0892203435627072
0.034505581809714 -0.0903121199493758 0.0788486186438445 -0.0784808291156123
0.110750453960224 -0.0598874027429288 0.107778939567554 -0.00190541993933664
0.118557324140804 0.0374409768787292 0.0700828448234549 0.0761306096739864
0.0402537944085926 0.123887120954461 -0.00584292457512661 0.0435571232980753
-0.0336894425563579 0.147108748112224 0.0415515976448754 -0.092481795235432
-0.0475881723308083 0.0414820161691597 0.0864985820441849 -0.223373433493359
-0.0385133884839963 0.0746161810911049 0.113257121828355 -0.178838809520131
0.0286363816865405 0.0740442690043877 0.0687992418688821 -0.156325043064479
0.0787449942148885 0.0236334665780346 -0.0060400689125299 -0.134791701694661
0.0545894307681809 -0.0300786148292159 -0.036681837605048 -0.0947326982013702
0.0220996258606774 -0.0475920443567838 -0.0472537002452195 -0.0818751049685205
-0.0129273954813533 -0.0554678450997703 -0.0460728926706332 -0.0786710704831946
-0.0314243282164954 -0.0514105458950668 -0.0437770171646532 -0.0863767843711516
-0.0332565427464194 -0.0541341177271801 -0.0293331066485007 -0.103058448734715
-0.00987191352256589 -0.0647042687535962 0.0183748217583415 -0.112958222905971
0.0299576580801944 -0.0613680142026917 0.0865678776430794 -0.0962550044848441
0.0817978636699041 -0.0293395057172164 0.116221525217558 -0.00962475797037172
0.071221456980655 0.0423723080358331 0.0748699702394578 0.0679995941274821
0.00287998997681443 0.0888575470521946 -0.00638181366472009 0.0320768838513162
-0.0470787946053102 0.0765424555925233 0.0549293554648173 -0.119996724140556
0.0486387590465556 0.00596747823738195 -0.0560530946520353 0.15868528471166
0.0212670323837065 -0.0377351188412485 0.0472008396138019 0.00392493203750503
-0.0243150309904775 -0.0390931913121571 -0.064974689026578 -0.089412852044679
-0.0388493665839895 0.00174349408271048 -0.146202415298427 -0.0174615652916783
-0.0161356436702341 0.0216836536145445 -0.128810621128479 0.100048216449164
-0.000946518182331451 0.0146198873129798 -0.0338158304084881 0.149951875050983
0.00151486886328201 0.0185339274754955 0.0335977760343218 0.133387629982741
1.54415617577598E-05 0.0177574509172428 0.0548082997064876 0.105340235374612
-0.00716917424602648 0.0101543506699856 0.0622872603477567 0.095429203212033
-0.0137354955018047 -0.000137743217924249 0.0598728340365779 0.101398886366838
-0.0148693642857969 -0.00969122224403555 0.0359434062929754 0.117459570694154
-0.00193383521952618 -0.0304524376984062 -0.010370136164767 0.142116912834371
0.0277775899331847 -0.0233693067538866 -0.0716937283406886 0.154260245638648
0.0476751033121809 0.0168052256555204 -0.116052144053111 0.151343650289392
0.0369691769495274 0.0412190936756819 -0.100680491097366 0.217508079322166
0.0377063745322313 0.085542669397683 -0.0829041301277104 0.139017384142049
0.0481321339516739 0.0293996893623483 0.039760866377049 0.000622931497700038
0.0404044170581883 -0.014843425883069 -0.0693002122857389 -0.100434228170629
0.0216426210951389 -0.0252101442278082 -0.161415638181859 -0.0299845635567243
0.00797399402223746 -0.0226192802244121 -0.143708078127926 0.0961485045748047
-0.0016845480088823 -0.0309128800395358 -0.0444407342491537 0.151370785805088
-0.0214300343152638 -0.0240132845427317 0.0276320833102446 0.130837053537832
-0.0268203687913058 -0.0194233282265794 0.0497859574122687 0.0989248245269654
-0.0266345762021381 -0.032204797483027 0.0615187833837403 0.0846956297665516
-0.00460201848530817 -0.0489222666565967 0.0632224032154693 0.0884666695615409
0.0209556364974437 -0.046173549601038 0.0483462046663434 0.101760541404985
0.0641830376575436 -0.0369385867577753 0.0116799285915139 0.132449977465505
0.0816948186594608 0.0212601072201995 -0.0462620483981094 0.15495929649081
0.0512600473783143 0.0940700327966698 -0.0794308263889456 0.14764154867329
0.0112694846481544 0.128800082938996 -0.0729717302647982 0.193063658965513
0.0121845337127557 0.155057506944271 -0.093302232089435 0.0916034542629165
0.0583924368608859 0.108114044333293 0.0379813655196612 -0.0196611213070263
0.102809176556046 0.028686168342256 -0.0667914294066476 -0.122182792229778
0.0941121132942458 -0.0415057846065021 -0.169790738104035 -0.0535692862669458
0.0426488939415985 -0.0673079786505016 -0.153503668856538 0.0769769131557782
0.00569652951903049 -0.076554277324763 -0.0576776255591236 0.135455015477954
-0.0374197073023035 -0.0668998659172753 0.015414212465007 0.112005125992739
-0.0501754300449237 -0.054121103218457 0.0377879764206469 0.0785601848993404
-0.046698843566437 -0.0665763679855308 0.0533609741852007 0.0597658209988216
-0.00475396459811151 -0.0891540281877029 0.0646940642153428 0.0592761652305335
0.040124348965162 -0.0825208976927532 0.0673183911864923 0.0714662721303854
0.11348613896137 -0.0605229725354542 0.0459455563692511 0.114073402632428
0.134305973657894 0.0378146950243593 -0.0100549795339732 0.152473491285644
0.0713259291167112 0.145967997448774 -0.043641479605944 0.134518498391786
8.60565147990308E-05 0.196660754297815 -0.0383656274624876 0.144426487714011
-0.0217462170521036 0.200617535410353 -0.0801987137935763 0.0220629560394819
0.0489519914455289 0.179997312196599 0.0465414175999657 -0.054829854514514
0.147711619543536 0.0848991879565261 -0.0515722913706635 -0.147103202857194
0.162578902625545 -0.038331592675651 -0.16098446517059 -0.0851502392258564
0.0823073253223351 -0.099287544508163 -0.150101994493116 0.0422081444041428
0.0194863993462983 -0.112963627117251 -0.0669421156275499 0.0991515983763618
-0.0442569596573098 -0.101908220300632 6.80521594479164E-05 0.077781879797236
-0.0656846218136372 -0.0807613820100828 0.0202698846215456 0.0466782962157684
-0.0635327019183115 -0.088611976294348 0.0383270270257059 0.0253307734129215
-0.0119616794764837 -0.113832866685366 0.0592071821392821 0.0206063663899844
0.0449824816910283 -0.109556761679175 0.0801285501843964 0.0301867358088444
0.138446066917204 -0.08616898756436 0.0761118898406265 0.0836534492328646
0.169204574188609 0.0345264111067524 0.0261968019693498 0.13945497815715
0.0909893188581417 0.167185348202399 -0.0190935934152247 0.112919839154054
-0.00350158092062817 0.232082518958127 -0.0089956511700632 0.0799005091822706
-0.0529565801894575 0.21083164856981 -0.0444369373623926 -0.0595533676982831
0.021278388465391 0.221128034254547 0.0653198785379354 -0.0987541999266063
0.156761437818951 0.134696635784637 -0.020911453390072 -0.168077078865854
0.202647084841335 -0.015939750410739 -0.128889665898366 -0.114921459324312
0.112813548287572 -0.10931015210732 -0.128482614204907 -0.00218861419496556
0.033928215294463 -0.129660885755442 -0.0679710093529284 0.0484511040024817
-0.0427899770174933 -0.120943784477859 -0.0147640362887229 0.0335590809288293
-0.0710166583020978 -0.095651396640684 0.000863886679371336 0.00899124990119927
-0.0721737053351756 -0.0975574987746176 0.0191613321425672 -0.0117058325061792
-0.0186375151481987 -0.121903121001877 0.0467934906591184 -0.0203450007968379
0.0421787211740203 -0.119741928683074 0.0840213356585858 -0.013241348753981
0.142815450759516 -0.0965571481225967 0.0952184781234545 0.048317851141826
0.176038708609791 0.0292978745656264 0.0516359037658261 0.118156053818276
0.0929719675386919 0.167003020060475 -0.00802303031954029 0.0883164144996318
-0.00821506391631962 0.233709855197886 0.0124959043701304 0.0126670298479649
-0.0690154881353085 0.183747928141335 0.00632538279636307 -0.137166551423586
-0.0122948880749643 0.213154906248728 0.090812217420223 -0.139590417236842
0.1283094764734 0.153333804821722 0.0178751499711516 -0.175549046174052
0.197734082850672 0.0108569927325275 -0.0817092446139236 -0.133226544154829
0.119452530284055 -0.0947740899606103 -0.0924975589977235 -0.0450140676062171
0.0410298144368226 -0.121765888285468 -0.0612370484383713 -0.00657557983362059
-0.0359723961199686 -0.118129151257582 -0.0273611981673417 -0.0136864415919532
-0.0665319140617146 -0.0952683157025084 -0.0177951686646701 -0.0306445533374846
-0.0690310870441413 -0.0947889627492365 -0.000853398712525472 -0.0488531340482361
-0.0203040808624168 -0.115317440058037 0.0323255366922736 -0.0579318597761961
0.039066703490322 -0.112535498328208 0.0821938469683768 -0.0501305101593627
0.133844564043956 -0.0850628515167912 0.104685793936378 0.0186738954749531
0.157212908875104 0.032023496430027 0.064520938926573 0.0971295036453304
0.0727984009849624 0.152515504525651 -0.00668796735332634 0.064552271676527
-0.0206190320706735 0.203159499123779 0.0285129202826175 -0.0472488412403708
-0.0661006443555571 0.123194826187192 0.0574334410229726 -0.197299388152971
-0.0344229197122015 0.158752829209349 0.113136090551169 -0.167627009405612
0.0795917859364723 0.129857269819387 0.0535558845984715 -0.16959586321639
0.151056941141246 0.0254950746514426 -0.0347474437329445 -0.138493371418695
0.0987829743263377 -0.0653919077959377 -0.0562296701167551 -0.0781410265169047
0.0365980253948702 -0.0923216943671446 -0.0515357594276516 -0.0540028966951091
-0.0252749570435634 -0.094646832916908 -0.0379479762757485 -0.0545613388883986
-0.0528686042646251 -0.0799261499832273 -0.0344838258858879 -0.0652818033457146
-0.0553848453885253 -0.0806816791899854 -0.0182043196968082 -0.0811322504705627
-0.0164938629719777 -0.0956377352702863 0.0226444973501962 -0.0903646780221504
0.0365512118961188 -0.0921955716986201 0.0822486933955289 -0.0788298414483549
0.114699760907912 -0.0600075617320028 0.111014065316608 -0.000372627703094876
0.120010921713719 0.0406528197983094 0.0713990530380016 0.0804715133545061
0.0383009775057592 0.127718582287529 -0.00683811666347781 0.0455249384642206
-0.0373067712581828 0.148444301371603 0.0433636775543537 -0.0940114356283191
-0.0484603617696812 0.0405913625003997 0.0948662801452916 -0.229001622857095
-0.0410767374557348 0.0752855722378057 0.121734716923788 -0.180117745960222
0.027574310199562 0.0757644911574309 0.07526593798808 -0.158671661126722
0.0805146462657955 0.0246971574609069 -0.00285931080032827 -0.137791668749459
0.0571797122593354 -0.0301756438959559 -0.0352183741480044 -0.0983682212738034
0.0238809964931853 -0.0485378409313634 -0.0471877483137354 -0.0848671598258968
-0.0118110402190853 -0.0562214953253386 -0.0468053788819872 -0.0815658409822776
-0.0314771882011839 -0.0517865773063932 -0.0444544379309872 -0.0891909319589434
-0.0335971127308939 -0.0557145518003126 -0.0283638207194409 -0.106375710097618
-0.00967339817725041 -0.0658625718428792 0.0220810931201377 -0.115200668068946
0.0313117960679831 -0.0626774058388746 0.090385387412427 -0.0967227030865776
0.0843254683654812 -0.0288516147535468 0.119925613853628 -0.00702001730594085
0.0713591198772452 0.0446733367689486 0.0760075284519096 0.0720109057511277
0.000941187267650996 0.0906426472227967 -0.00719038508522562 0.0329111515362452
-0.0485763777511628 0.0767406122512537 0.0574035441389713 -0.122185341053631
0.0501698097806632 0.00425981740322722 -0.055069674934498 0.168373891289967
0.0215616351766387 -0.040132544196635 0.0513651228349535 0.00330465346025271
-0.0263203648062514 -0.0402498893806222 -0.0685289049424587 -0.0930424566920043
-0.0403917565364401 0.00252246981067466 -0.152898640469391 -0.0159646827222183
-0.0163752665620504 0.0223276797079544 -0.133742138147197 0.10670750550169
-0.00161458432027604 0.0151670856898441 -0.0332662441340623 0.156650183438348
0.00215776505221591 0.0193776387509473 0.037727191596844 0.137205515860282
0.000707626733102919 0.0187767921939933 0.0593912910611322 0.109207045530914
-0.00759038617519698 0.0100733937954772 0.0673746289880575 0.0991101713654178
-0.0139802625122095 -0.000269158967583553 0.0645692582422848 0.10497463311343
-0.0150492695500604 -0.00928435114512575 0.0391559775824281 0.121698155415439
-0.00242261146724713 -0.0318696276107087 -0.00979030186968795 0.148022067854711
0.0297433291238174 -0.0241732790973249 -0.0736623507100238 0.160641218097671
0.0507057559179074 0.0175623876216597 -0.120512187514944 0.158467350171083
0.0389496734856983 0.0424133609449987 -0.102700398415858 0.229744025878066
0.0408912980214521 0.0874679786702493 -0.0835959214074701 0.148415727236704
0.0510689598203875 0.0302875698924531 0.04307309815043 -4.62929289542874E-05
0.0417528824032298 -0.016377095052913 -0.0728545448032747 -0.104551177913802
0.0221558169696741 -0.0279037831710841 -0.169161853473326 -0.0286793057571917
0.00771496352181363 -0.0242799290748922 -0.149073649985541 0.103198732426549
-0.00270157961561224 -0.0323141652275136 -0.0443678377487906 0.158424732434292
-0.0230724696467778 -0.0242913981257168 0.0308849537040449 0.135216846264148
-0.0283426539451258 -0.0195159030215108 0.0538528309822129 0.102903684422317
-0.0281187160600867 -0.0335550981806034 0.0655917544935905 0.0876020406868887
-0.00561928252271887 -0.0515317237828949 0.0675317189914788 0.0909368166862335
0.021285592677857 -0.0483002916444465 0.0519278836260488 0.106242918073895
0.0668501821734617 -0.0404757605440756 0.0139690076098701 0.138089346956644
0.0862397946118701 0.0206454144402119 -0.0460758810886625 0.162734108761459
0.0559651893812361 0.0985783786751809 -0.0822416093993638 0.15440316332931
0.0141558179763961 0.134199070574631 -0.074059251432354 0.204040476754366
0.0154095294171921 0.16038303918685 -0.0947985391723321 0.0994522334549911
0.0642941821921982 0.111837010045822 0.0411486439946255 -0.0207387962886238
0.10832711186593 0.0276742814293259 -0.070090688767289 -0.126289972246289
0.0975751932042934 -0.046658409425307 -0.178359355757497 -0.0532354993512371
0.0432093919481151 -0.0718266388866247 -0.16006297452801 0.0824961939145404
0.00349704494637781 -0.0806401317140291 -0.0577541155289721 0.141664495402362
-0.0403769119091979 -0.0687392476174828 0.0174285879335795 0.116286996467653
-0.0528355309399437 -0.0547763824337364 0.0403617148440483 0.0814760727381661
-0.04970999618602 -0.0682891454859316 0.0563930847009154 0.0613241357225073
-0.00730400447593856 -0.0927505379748167 0.0685938762156142 0.0607601177282091
0.0404776697902581 -0.0870570053309246 0.0710199577184113 0.073838399520874
0.117016052643251 -0.0658818478221563 0.0497829301973373 0.118010976690316
0.141311713749903 0.0365130315275466 -0.00781858626680925 0.160129675506955
0.0770884745161574 0.152171554671367 -0.0449413344857014 0.141005463321189
0.00371942157497707 0.204612659579467 -0.0388349044819443 0.152320783250605
-0.0193100090273394 0.209085348025878 -0.0822059062083318 0.0256177291240697
0.055376800852016 0.188028503642707 0.0496830245587473 -0.0576294611304254
0.155500000836566 0.0851517859076993 -0.0548980963732769 -0.152643193815553
0.169431347654718 -0.0451519996211955 -0.169580991879302 -0.0862737262392218
0.0842277024961388 -0.106684283667941 -0.15669846546839 0.046036067385529
0.017265340040688 -0.119047114363146 -0.0683070911114321 0.104093014521834
-0.0487852118809088 -0.105423750170101 0.000578416783292294 0.0813039284158243
-0.069881948382451 -0.0821702402895544 0.0213203497255974 0.0484934090112786
-0.0677606909680424 -0.0903520389880614 0.0393850928773796 0.02592759218874
-0.0148944234524972 -0.118914709763134 0.0622924763905209 0.0204797533584271
0.0446056169067151 -0.115687081807186 0.0840237719389684 0.0303360688165081
0.142588175305552 -0.0936790515441761 0.0815042351250872 0.0855826473506113
0.177434962845573 0.0316289922752956 0.0296980911705191 0.146051136689236
0.0980616539537635 0.174088536376232 -0.0193113556300596 0.11868478080587
0.0005341961972691 0.242530084813067 -0.00879969189566915 0.0846334667496694
-0.0514341727636602 0.220907585088835 -0.0464146214793813 -0.0612130357364632
0.0265933601183818 0.231234199872541 0.0685257720092193 -0.103990277596134
0.166243888815171 0.136452942811883 -0.0231333523122833 -0.174179269723138
0.211885067633475 -0.0227508697594395 -0.136806037923837 -0.117647265744019
0.116039728997548 -0.117291858640232 -0.134382390103725 -0.000834916753504866
0.0323465486157529 -0.137307088502124 -0.070764194102422 0.0509841964589598
-0.0476566412768968 -0.124971277533602 -0.0164740739763659 0.0349324974723774
-0.0765549749991331 -0.0970210064405222 0.000210747505810745 0.00912835129327103
-0.0762271736844801 -0.0997998017174849 0.0184673294475999 -0.0131439643435098
-0.022709144864533 -0.126924622864029 0.0485365105323374 -0.0220863239299329
0.0414630326192795 -0.126279854540907 0.0870143501248901 -0.0147690537901688
0.147182680820227 -0.104458707233725 0.100960040746938 0.0480250819449353
0.183789605047288 0.025849893652466 0.0563756395928778 0.123631261598826
0.0997587967978712 0.172748575868483 -0.0075693584087293 0.0928371380359444
-0.00470265480916533 0.24345648406257 0.0118243748156481 0.0130689670148492
-0.0682863179677084 0.192563483301957 0.00524387069892502 -0.143606650864865
-0.00932333918864568 0.223556399563365 0.0944834387191992 -0.14663452923915
0.136622933645475 0.157089427010508 0.017237381701476 -0.182819419297674
0.206888518968482 0.00626570567219088 -0.0874480876663518 -0.137135501498125
0.123125080827581 -0.102835971498491 -0.097881994101622 -0.0462710572419731
0.0397926319911241 -0.128911580067774 -0.0639498368856476 -0.00679998770796868
-0.0392440256390021 -0.122435529681107 -0.0305676422013289 -0.014035941494885
-0.0717493541707102 -0.0968928174217379 -0.0206027149331988 -0.0312324114235142
-0.0735624122588291 -0.0963544437962637 -0.00218354393555035 -0.0509022695326674
-0.0241781240013002 -0.119133065464655 0.0336555785153193 -0.0611901204340632
0.0387311167789465 -0.118269439809424 0.0847499532564393 -0.054204136396751
0.138178811768195 -0.0924977055768805 0.109731394407686 0.0169282477863293
0.164396913535548 0.0300385590524832 0.0705238007297208 0.100897617361055
0.0779649802978815 0.158049160383511 -0.00553341816632067 0.0676203685970372
-0.01809505793605 0.211113765478212 0.0272175984076657 -0.0504861565766898
-0.0663726821924823 0.129269092907737 0.0580077591322761 -0.206900670164153
-0.0331057482308021 0.166445191615015 0.117202055615483 -0.175635716893165
0.0847082548249345 0.133971366919075 0.0545555908033095 -0.177045905632284
0.158231530912997 0.0223486871247945 -0.0376851595125033 -0.144321630665415
0.102126691022779 -0.0714094902090299 -0.0605108020292339 -0.0807284884803875
0.0364091576070868 -0.097946106540808 -0.055199069323353 -0.0564804833848548
-0.0281912659323443 -0.0984823756381052 -0.0416462298971231 -0.0559925578442867
-0.0572117004510173 -0.0810042283946751 -0.0384668524994405 -0.0673833971104959
-0.0588775788628023 -0.081913405064083 -0.0204931101857315 -0.0852199605431304
-0.0187314542677827 -0.0989423693717333 0.0227266329014745 -0.0952852203714298
0.0362099591604247 -0.0968439106010974 0.0848545239679416 -0.0838035485380927
0.118679350675324 -0.0649489197422979 0.116250997605892 -0.00246605241369331
0.125752784674099 0.0395768808136589 0.0772742599264925 0.0828222879075141
0.0416275658320738 0.13273078627043 -0.00680879728503413 0.0479194390923644
-0.0359583491847132 0.155016285416462 0.0418653661449751 -0.099875558645525
-0.0493870344158402 0.0424421033926302 0.0957383064148939 -0.241678880959329
-0.0413581708672688 0.0785568897647403 0.125721056280192 -0.189729936407791
0.0291695346692869 0.0780205541905254 0.0769369590117546 -0.166306215957819
0.0842822686188282 0.0232372393539924 -0.00426237831093451 -0.143457127030328
0.058864344040327 -0.0331030454575572 -0.0382167512868901 -0.102576589306674
0.0243278261772191 -0.0517178463370751 -0.0512935896138256 -0.0884573604985999
-0.0135640919754391 -0.0587198019561782 -0.0513801629644827 -0.0843225184958354
-0.0342463385489989 -0.0531102274415424 -0.0495071123061853 -0.0927249531724328
-0.0362167562835966 -0.0567577998782297 -0.031437315791628 -0.110771871801579
-0.010751466194856 -0.0674596256424045 0.0214278221751695 -0.120731708226652
0.0310751341573859 -0.065981684615518 0.0932117274895875 -0.102688110007945
0.0875786682937346 -0.0315799393347192 0.12546900939383 -0.00935051291129541
0.0746301621163232 0.0454256354265505 0.0814014059144414 0.0743375054850175
0.00254370034430233 0.0944260442953293 -0.00714818225000352 0.0353106257747385
-0.0492883349913168 0.0796592775413835 0.0569087447698749 -0.129451963229677
0.0508231188666697 0.015287860140452 -0.0797992998277259 0.161981928727798
0.0288087144703826 -0.0374070006803636 0.0539853267125832 0.00963604667807087
-0.0206388245253942 -0.0441273442253268 -0.0548402295638323 -0.108571679031141
-0.0414806666042944 -0.00218854334704306 -0.156509501299629 -0.0422710539310461
-0.0189244441103272 0.0229035249096893 -0.154598378605948 0.0898061808918091
-0.00332560159506506 0.0167304856533169 -0.0593891967867413 0.155158980433346
-0.00066449248552457 0.0198658858482597 0.0168286733044738 0.147361306027886
-0.00151814826566087 0.0190158723301231 0.0438880545656005 0.121804254172022
-0.00947435245010038 0.00824083345291177 0.0543471206398023 0.113048046908395
-0.013702811790767 -0.00268794978224089 0.0502520298338877 0.11721149622704
-0.0133951242388128 -0.0116932063497693 0.0218159338727102 0.131603263134876
0.00191785431641348 -0.0316978522712758 -0.0343544139008128 0.151149145165276
0.033888802892617 -0.016945019745014 -0.101641795263402 0.151527317075
0.047188109433072 0.0297748153207287 -0.152319736264307 0.139001915321607
0.0316761694299734 0.0545134201610698 -0.148291785277068 0.214263194823991
0.0260641002761237 0.0971674710538053 -0.106822641742753 0.14043251058479
0.0465775364776196 0.0379669604786429 0.0471683123438612 0.00779151004320608
0.0424576590360361 -0.00873814852089625 -0.0532694621418114 -0.119286387940098
0.0256674690482604 -0.0219479762968586 -0.166855929834615 -0.0583972252158728
0.0135506015375113 -0.0204524101377628 -0.169031588514057 0.0800518502349594
0.00317794757561387 -0.0321188176342319 -0.070097043786407 0.153753068446678
-0.0185250254069606 -0.0281129460880304 0.0104300722272292 0.142674013444377
-0.0236410410272959 -0.0245867710403078 0.0386497425533983 0.114461694655697
-0.0229616839835136 -0.039278037231534 0.0546336807372242 0.101253915444624
0.00404793419169177 -0.0537343286014853 0.0566209175066744 0.105052172434121
0.0322038073111726 -0.0441889288254692 0.0356112719046649 0.118769681491443
0.0748940997515761 -0.0281895091179384 -0.0114164736638873 0.146384710931262
0.0826501831914576 0.0402976848667156 -0.075809804427296 0.156609816457514
0.0372323748214395 0.113997015395838 -0.11277596060871 0.136966319749536
-0.0121308586229547 0.146390888067084 -0.111147774314944 0.189124693103586
-0.0131694872190863 0.165711541636952 -0.111622596756793 0.0925315018981276
0.0448697998738173 0.122185576935441 0.0492522353389757 -0.010040063500843
0.100427789335465 0.0464174079428069 -0.0439473250481054 -0.137772807939861
0.102581225246992 -0.0291014678928429 -0.167156491716221 -0.0841375167779165
0.056541167454183 -0.0620744966064486 -0.175605415915193 0.0548902317578883
0.0179021331881376 -0.0801405739763882 -0.0811676283482889 0.132895414468271
-0.0289034929200296 -0.0758585367377785 -0.000687751275441843 0.119713450006599
-0.0420563896094091 -0.0652671369296945 0.0278238439909087 0.090751829030971
-0.0384534560657403 -0.0779362135135594 0.049237712082143 0.072725649521677
0.00938145778363247 -0.096409405487135 0.0627355516387887 0.0750463636521982
0.0599863890149805 -0.0805667328809825 0.0594496639400025 0.089269437488107
0.131323419871553 -0.0464316471909789 0.0256032880370432 0.134553956845972
0.135932257202487 0.0672912764265675 -0.036778101594471 0.159645612431962
0.0488595537208437 0.173501047522266 -0.0727250567470071 0.127939619547653
-0.0368580357257761 0.218031417542608 -0.0638874552241321 0.139136258616901
-0.0577237591565509 0.206758793537068 -0.088775851776246 0.0213823706428295
0.0229425156949876 0.196662780359797 0.0630970619464524 -0.0439522807198113
0.137583900638767 0.111480044631362 -0.0204736460676405 -0.158638819118052
0.172803152326901 -0.0162671779866573 -0.147818424540759 -0.114362291241026
0.102889702646319 -0.0902618833342018 -0.16467794029754 0.015451485043968
0.0382474903976641 -0.11735155602186 -0.0861991386037687 0.092452547440658
-0.0315850417042349 -0.113405477355896 -0.0122641542344313 0.0799114663003673
-0.0544082672580279 -0.0958274757408209 0.0134232038770783 0.0538446918917273
-0.0521946586830211 -0.103668836970446 0.0385132617758266 0.0334709998153159
0.00591315484483723 -0.12382235195286 0.0633246462968531 0.0324620877052601
0.0696069448092287 -0.10922338966983 0.0789844860699268 0.0480180552084848
0.16293867735497 -0.0703546495897315 0.0633981371936256 0.107971695484976
0.174088187772656 0.070217764691818 0.00416752426888388 0.152115524561465
0.0661737337161703 0.199748436020331 -0.0432821972143248 0.108595519038209
-0.0470745996157192 0.255469490440116 -0.0201729616966372 0.0731314316863013
-0.0932590387309526 0.210920396298019 -0.0393075321093245 -0.0607111286843108
-0.014404413199191 0.234100396476156 0.0884840511115927 -0.0865820173643614
0.138488536491761 0.164154367169377 0.015202062884867 -0.172070875305746
0.211575809471855 0.0119417595957512 -0.106650657544275 -0.139322456246411
0.136226683301587 -0.0961803323584594 -0.131974053202493 -0.030250011917898
0.056344932438877 -0.133400372742538 -0.0795439856433258 0.0367623801702365
-0.0271763528257203 -0.133356981692826 -0.0226499657387696 0.0289964163005481
-0.0584401128686607 -0.112281496915504 -0.00279587159977974 0.00964896004477147
-0.0595871197207523 -0.114540866295843 0.0231911461343202 -0.0100414892062559
0.000173191316977232 -0.13364754680036 0.0562065602811702 -0.0131711833822791
0.0685365729024281 -0.121061508223147 0.089523264664638 0.00233119837351886
0.169758719697253 -0.0811377046349819 0.0888545360609526 0.0740121529155404
0.182082393953765 0.0650264258038594 0.0347774367565863 0.134258914843544
0.0683501691391668 0.198079692560151 -0.0275894152374085 0.0842026104085961
-0.0530768705473336 0.254682914160107 0.0141958938368338 0.00374161843842488
-0.105617544737172 0.177275013655329 0.0266929170949938 -0.13704285180532
-0.048354240164681 0.219805599193918 0.120342181965138 -0.126855091881759
0.105425396412792 0.179221064079457 0.0562271570846891 -0.172733129643682
0.20220611368788 0.0386511188083889 -0.053076990551373 -0.149132471574366
0.141003268913635 -0.079959323492625 -0.0864275489553249 -0.0697552612169435
0.0630855392024768 -0.124474747196213 -0.0637206730899316 -0.0213174918526662
-0.0196534316182271 -0.130071458104533 -0.0286082565649115 -0.02294833699925
-0.0541666756720351 -0.111470689444973 -0.0172189772476794 -0.035628926980739
-0.0566645182553152 -0.110410072869931 0.00730645243685424 -0.0526577409311979
-0.00255337160707735 -0.126395632565369 0.0460415419125392 -0.0556788664185556
0.0639250539164731 -0.113599033455526 0.0932874664912836 -0.0375425532860978
0.159615980893288 -0.0707424672450483 0.103640271903192 0.0430329091613395
0.160950207846027 0.0652179625087559 0.0535730004667885 0.1130936113395
0.0488801468769077 0.178392862051353 -0.0202665020916909 0.0600874644416317
-0.0606882196595506 0.217895492545959 0.04167042444773 -0.0567833111680319
-0.0927617062647586 0.112182069528889 0.0898418752056202 -0.194760313765288
-0.0632828871068903 0.157513462964309 0.146970751413701 -0.155179186818403
0.0582592182554287 0.145452508628303 0.0899358412937572 -0.162266082666122
0.15061743131656 0.0461148663393247 -0.00478583042377807 -0.148233174410569
0.112704917331393 -0.053725370396204 -0.0433844558343098 -0.098049021257958
0.0535491999641732 -0.0934467613072881 -0.0465854053814523 -0.0700664691737872
-0.0122637388464863 -0.103821560008675 -0.0339009016670559 -0.0679941512906535
-0.0430614007455661 -0.0934985765325782 -0.0298639656668566 -0.0756105908738056
-0.0452835109178167 -0.0935733070765098 -0.00655498309733026 -0.0904598895041893
-0.00151046248671613 -0.104879361759307 0.04064456073478 -0.0928178529886362
0.0576892357454904 -0.0920901676720122 0.0974656282002629 -0.0684195926778026
0.134411915652285 -0.0461004660770315 0.113546075261223 0.0225956691667624
0.119205330227917 0.0673866475288966 0.0640063876964572 0.0960738797274007
0.0167431081917675 0.144844253246156 -0.0154568569984465 0.0415305855007364
-0.0676793958047036 0.153930767974628 0.0647457154936495 -0.101733083269326
-0.0599026428270139 0.0283101795025391 0.135430511735191 -0.226435985572633
-0.0561716541575098 0.0680627681604103 0.158111520058704 -0.170558243596255
0.0130028116089607 0.0800862747176589 0.107795939561683 -0.15102374993465
0.0773929621060877 0.0342766971509908 0.025214780274681 -0.144098053724433
0.0631306588133222 -0.0227326949987361 -0.0188531192182098 -0.114024039648405
0.0331623704269965 -0.0488963002238952 -0.0380022736730961 -0.100440490225006
-0.00358834193890461 -0.0613241070148617 -0.0396324027335091 -0.0973588610633557
-0.0257376676554489 -0.0599868276636932 -0.0371460256174703 -0.103087007634936
-0.0262964422991865 -0.0639031980169691 -0.0141939541733008 -0.118731029413344
0.000592671605343525 -0.071432311800283 0.0425894545431718 -0.119671315726037
0.0463040256183112 -0.0623034097554596 0.109479062129518 -0.087041391097735
0.0966949202216577 -0.0174248254844121 0.12557799770252 0.0154515280507782
0.0663792375222092 0.0629257607498808 0.0706225565543421 0.0881290681170741
-0.0159855390718426 0.0971216144451767 -0.0130606602447748 0.0307536615755576
-0.0664455141493591 0.071530876607026 0.0833770897314068 -0.126231687128097
0.0511026705556205 0.0103248303611269 -0.0655146414223705 0.16735760422782
0.0258580975793816 -0.0389625082345718 0.055271060836069 0.00512435237297431
-0.0238635154126532 -0.0417240715724632 -0.0621323273978075 -0.104046187225062
-0.0412181670676344 0.00130426904500788 -0.157349322264184 -0.0305322926458339
-0.0172730052208122 0.0235851842089776 -0.146298292655442 0.099700535014775
-0.00286956586172183 0.0163607732890223 -0.0473474709046296 0.157050531537132
0.000728330068147501 0.0194734212883748 0.0279478322066663 0.143489018197704
0.00050493273804508 0.0185804893994179 0.053307103506957 0.117401606331878
-0.00884088632313419 0.00883120009941728 0.0622858280807587 0.107694101911028
-0.0133897287769886 -0.00200222593281754 0.0584252142554531 0.112492533922141
-0.0135942702834245 -0.0105390071179838 0.0314488923669961 0.129081800962653
-0.000185374589760758 -0.0312850096566429 -0.0229664768986879 0.152307705832751
0.0326702808638508 -0.0190115142411686 -0.0908720915056591 0.155780986489748
0.0496218805981893 0.026172143484691 -0.142095121278975 0.147782075905856
0.0349597661812847 0.0511446278705411 -0.131523300922467 0.224164595420709
0.0327548204543001 0.0930519129335895 -0.0931220418715843 0.148861498031734
0.049137703524643 0.0340074919381998 0.0486542646702521 0.00438974684227248
0.0414234790250558 -0.012291232674494 -0.0616991373760383 -0.114258084048443
0.0230123500425317 -0.024634793185169 -0.168762877826645 -0.0452132694457343
0.0114590256575489 -0.0222541050385196 -0.161374085072252 0.0916095608250343
-2.75918520777074E-06 -0.0320942305236786 -0.0585514244499322 0.156014391236365
-0.0208258018135271 -0.026306842962118 0.0209941444657694 0.13939942682462
-0.0247080613182579 -0.0221102952481611 0.0467606799421402 0.110757212963061
-0.0259421394382596 -0.0367454326197381 0.0620655748389325 0.0958270275672954
-0.000137892535715359 -0.0535167529979466 0.0638118500925702 0.099296230502803
0.0283694101954018 -0.0459787975583722 0.0435086637506003 0.115323383882564
0.0717067072794122 -0.0338913857930274 -0.00135781578821066 0.145747512857379
0.0852168520335297 0.0331673543675856 -0.0632917731337851 0.159374693089123
0.0462054408587414 0.11055278278313 -0.102055526933915 0.143033000137476
-0.00101994127648399 0.14459373438447 -0.0965834752506547 0.196651512436121
-0.000924266401281387 0.163760564821196 -0.102376701779603 0.100788590475715
0.0542299486892768 0.117989941643444 0.0492359597430273 -0.0134512049548465
0.103078301097275 0.0375351860121429 -0.0518354531363868 -0.133369526161304
0.0989395718010684 -0.0383342593474109 -0.171084639624516 -0.0712223023219181
0.0510559291530644 -0.0664254704557891 -0.169497299897926 0.0671905583209393
0.0106295746980956 -0.0812120431064268 -0.0702855543290848 0.136840783313196
-0.0351292364693889 -0.0721240180344814 0.00770586813201544 0.117894745293583
-0.0465381577084338 -0.0598680815999668 0.0345199305008149 0.0876005690675135
-0.0441918827272779 -0.0741881433869711 0.0543703102341829 0.0684846200215584
0.00181299780736971 -0.0960180614970438 0.0677213723956067 0.0688969089182725
0.0531107062886504 -0.084415516555104 0.0648137290671449 0.084923684213352
0.126370051766761 -0.0567509985970469 0.0346201851044209 0.130501928802134
0.13961354321077 0.0560813049946269 -0.0242131476912939 0.160504464744553
0.0620393623418148 0.168387290848711 -0.0633908564232902 0.130649210344309
-0.0198462444629868 0.217163326897664 -0.0537541893180957 0.142975393213441
-0.041498912998608 0.207846337104301 -0.0844350219827836 0.0287702796141111
0.0376220239131886 0.193080838223002 0.0602488040264883 -0.0471593506411303
0.144669975979566 0.0988044761909355 -0.030532368331885 -0.154692339082172
0.169435646973767 -0.0315442312315611 -0.154114378107068 -0.102728206565591
0.0948054636261568 -0.0984223743624824 -0.162137446258315 0.0273406521511042
0.027587855279343 -0.119661003709856 -0.0784806799289443 0.0972221200589826
-0.0399904155932498 -0.110051398402087 -0.0069890931171046 0.0802347003077524
-0.0612089767275425 -0.0888854543525382 0.0170861599182206 0.0521170842249043
-0.0602260841394877 -0.0972870964603167 0.0396037516519418 0.0304344774807676
-0.00399192119426577 -0.123316090153343 0.0650462673772082 0.0274364872845304
0.0603989523682785 -0.113128285525815 0.0815786720319589 0.0421914888709473
0.15586710011636 -0.0835372259696845 0.0702585961598349 0.101792524712149
0.177227656176764 0.0545142347800531 0.015661259926245 0.149584793517348
0.0809161367319536 0.193039893032101 -0.0355202381019869 0.10995363639034
-0.0267025101428207 0.255572604364901 -0.0160848220744819 0.0741586207541357
-0.0762375357229665 0.214311558963783 -0.0420240007010513 -0.0566710525821489
0.00408569277217945 0.233216429301107 0.0819905786670164 -0.0908118849707264
0.149213792031703 0.151136531939229 0.00440205519362203 -0.170664965823853
0.210269608593096 -0.00679220656139241 -0.114218663954629 -0.129033277284997
0.126867239214428 -0.10684019497894 -0.133419144782347 -0.019839553082594
0.0441527864594372 -0.137018568672463 -0.0761774563248123 0.0413783311966173
-0.0375486094021895 -0.129764620349691 -0.0208791949319675 0.0307994226497718
-0.0668316234715544 -0.104927884868895 -0.0024731283093949 0.0101194299233879
-0.0677672492624803 -0.107607752362902 0.0210738576961379 -0.0113968333637148
-0.0104816360049228 -0.132406994942616 0.0543141429059166 -0.0174099257596869
0.0583887473309897 -0.124969825908635 0.0880090184449203 -0.00419241983190348
0.161305794653391 -0.094711738630317 0.0937320296415648 0.0656366458386313
0.184374242639343 0.0496745142001015 0.0458133208418471 0.13014702716245
0.0823708512911927 0.19117332553874 -0.0216155923367019 0.0850326681707083
-0.0316321498951767 0.254722988453981 0.013091590851304 0.00239937539434561
-0.0915826794788843 0.182066490217142 0.0167502406471821 -0.137606410392251
-0.0313979876958729 0.221926448531167 0.110656452395419 -0.132758187823155
0.117379394342469 0.167428897773954 0.0439060037376672 -0.173675625982989
0.20240011849168 0.0204258261478139 -0.0624474207087824 -0.143344350592478
0.132794244200787 -0.0916449179799758 -0.0901960526073352 -0.0632332241086271
0.0513628455353981 -0.128632210083176 -0.065352194697298 -0.0172049637176427
-0.0294982807558979 -0.126963887538546 -0.0311997724978463 -0.0204921526111917
-0.0630014888964334 -0.104555323233808 -0.0211557834432583 -0.0334409238415961
-0.06503755558885 -0.104161570968456 0.00185426987659662 -0.0522051078800134
-0.0125744969861006 -0.124182649346865 0.0422197635852885 -0.0592981790964868
0.0545330646873056 -0.117055285480426 0.088668772436077 -0.0449343526550166
0.151508630180087 -0.0834273366309425 0.105785815683545 0.0339490960901332
0.162963124970872 0.0515270151663674 0.0627579190615311 0.107581345997932
0.0619749971939803 0.17295109982539 -0.0156813160164124 0.0613179134870493
-0.0426208489114729 0.218699230338533 0.035250204489582 -0.059611321927127
-0.0828078100455464 0.117393689497794 0.0749803110978688 -0.199967975075519
-0.0505467464104389 0.160809878453883 0.134767044332211 -0.163411041543053
0.068016323764074 0.139224631532328 0.0788544294392424 -0.165428533430001
0.152315651970883 0.0321980336433229 -0.0136504491245715 -0.145621689275536
0.107401872016014 -0.062397258469727 -0.0494408323122738 -0.0937529901636134
0.0455660246500539 -0.0970071752085441 -0.0516120404010159 -0.0665749008139736
-0.0203595903995846 -0.101376681695656 -0.0398813659342768 -0.0648257167172709
-0.0503165311322453 -0.0872421534251514 -0.0361709247923728 -0.0718649415404963
-0.0522601277525946 -0.0881830335244068 -0.0144214972255964 -0.0887115990729409
-0.0101202065777387 -0.1030686580151 0.0333324953301569 -0.0945595604143949
0.0494312450936529 -0.0957866046428931 0.0916516014901321 -0.0747102176968008
0.128670676204707 -0.0566943847668028 0.114365482033942 0.0138075900041381
0.121491186517438 0.0572044451148321 0.0723626745054585 0.0902372896668829
0.0271049376548876 0.141630083522482 -0.0130501101930597 0.0424395906975082
-0.0539105018468047 0.155606876124436 0.0543965039705582 -0.10593900844546
-0.0565766790386711 0.0314450860573295 0.117420113003537 -0.235402872062827
-0.0505007350040285 0.0709582455944115 0.143626638038942 -0.17885736518327
0.0185611333667048 0.077266427791171 0.0970864960082063 -0.157068534101888
0.0790440471375339 0.0271009702193386 0.0155097896235646 -0.144006319201547
0.060788395436291 -0.0278206597370395 -0.0266650539322068 -0.111873724705914
0.0290132327098729 -0.0511531276782449 -0.0458433628512468 -0.0973442552627217
-0.00894071551517212 -0.0598606805646717 -0.0471440083717244 -0.093789340156722
-0.0300127845185589 -0.0562535836396892 -0.0462013598886242 -0.0990875887254672
-0.0313294108609677 -0.0606870389142164 -0.0236603512018083 -0.115609746027887
-0.00492449808968898 -0.0696282404055008 0.033096774850208 -0.121365865720944
0.0404964979518035 -0.0649881463230148 0.101815541657375 -0.0941115429442936
0.0939790538087572 -0.024595310884705 0.126360366491778 0.00517571067835201
0.0690471240648534 0.0574294971351054 0.0778137129974298 0.0816521124098209
-0.00880018135780154 0.0968260269548076 -0.0107210749492035 0.0320245747035064
-0.0597779761038743 0.0743162822968629 0.0709127144749777 -0.130543239914049
0.0483886018712445 0.00646474695320067 -0.0513147940428713 0.163247235001015
0.0225887191474805 -0.0386168052271034 0.0542576542881726 0.00163899506409478
-0.0243452481584154 -0.0382909314548881 -0.0640054773875373 -0.09708519063887
-0.0391823619513108 0.00304444212940276 -0.150917294680442 -0.0214101444633679
-0.0150466595362893 0.0230686829988044 -0.134404341845753 0.102406519961603
-0.00205666822765079 0.0156966788828662 -0.0371294765650325 0.151997801561184
0.00133955930280945 0.018154662783281 0.0335632571728054 0.134028060736555
0.00189740524205799 0.0172940908013786 0.0569338446761764 0.108908786328236
-0.00810406686372201 0.00881833620749318 0.0665993706359567 0.0990929893808972
-0.0130946220440119 -0.00160301103533479 0.0618176648856025 0.104253098547931
-0.0133869121742107 -0.00915622581060819 0.0367959087890565 0.121915728419444
-0.00222992827309403 -0.0296863787518296 -0.0148539986991363 0.146184088964165
0.0308426375666203 -0.0193472529576937 -0.0795591826514247 0.151401302786241
0.0500747974444559 0.0225929154143704 -0.129739366591577 0.146976398259918
0.0356586031533361 0.0461830905523749 -0.113153127708923 0.221746328470758
0.0356903947075892 0.0865005814663856 -0.0792339964967102 0.147304003510205
0.0491170445023354 0.0298567581708623 0.0478442669074469 0.00147168545579667
0.0389673749356994 -0.0137276962966844 -0.0637615404285892 -0.106220149923158
0.0207089777170128 -0.0259565460163269 -0.162139085992858 -0.0348435635643887
0.00945923650677593 -0.0224306133100645 -0.149442633330834 0.0954543848942971
-0.0024945271175315 -0.0300651609852077 -0.0476427021672058 0.151164382642221
-0.021450738337517 -0.0238153137188145 0.0272946991246399 0.13181224550352
-0.0243818095185122 -0.0195514189065582 0.0514035958158672 0.103182519950513
-0.0270144770480511 -0.033960663780612 0.064457567310736 0.0886465337089087
-0.00318842197700777 -0.0512830539394121 0.065963026128934 0.0915436313015338
0.0249750397453256 -0.0458651846171153 0.0475801255127675 0.108035176127609
0.065883640953574 -0.0366923163565211 0.00618143942799428 0.139073433120332
0.0831417164584141 0.0270163515152411 -0.0526048308545136 0.15413369456414
0.0504884964671296 0.103784694244448 -0.0925103597546747 0.140361172783307
0.00645401954409425 0.137281528214354 -0.0824413056066814 0.193189653247758
0.00731002571142591 0.155302495970874 -0.0905135446975992 0.101895742129765
0.0586939632608578 0.10957441437707 0.0479618619023036 -0.0149912480034253
0.100254154976536 0.0297585660260483 -0.0551105333132646 -0.124508024523571
0.0917985229858407 -0.0435901832894155 -0.165910363367251 -0.0586951346085453
0.0442048280501392 -0.0672859595954688 -0.159102194233819 0.0725001086363944
0.00492521116810592 -0.077675409336715 -0.0607726764457739 0.133334554529683
-0.0379648470412046 -0.067100227149618 0.0131873530235922 0.111982029925952
-0.0472234127128313 -0.0539271385448125 0.0378899916111905 0.0821816906654911
-0.0463506638686441 -0.0676684669946701 0.0558133305724769 0.0630369834033799
-0.00411661967481208 -0.0919367683693828 0.0681396030117949 0.0626523510154702
0.0459496481772732 -0.0833801048949235 0.065935003390824 0.0780306790513253
0.116253312161807 -0.0617611156841054 0.0402215938946282 0.122649077192095
0.136093345675177 0.0449749064135395 -0.0146479093374376 0.154013049397976
0.068299654936843 0.157766893272321 -0.0550946166680209 0.127079129621266
-0.00721968178725983 0.207030847006501 -0.0447235379602246 0.14027560787225
-0.0290207509751004 0.199694229789631 -0.077748141187937 0.0323600572333926
0.0470675454058607 0.182291365978409 0.0566750613928546 -0.0474792778358987
0.142898720622697 0.0857717385154777 -0.035154106783379 -0.145620801485216
0.159325261747842 -0.0413511633168893 -0.150653898749269 -0.0895501887212327
0.0843007884300575 -0.0998586417368799 -0.15375649754225 0.0343638824713018
0.0191514922620127 -0.115356388123321 -0.0702865088871636 0.0955828650975492
-0.0450983348166962 -0.10211846354624 -0.00304827488899196 0.076919661535923
-0.0630846899815933 -0.0802272731941642 0.0186762814405153 0.0497636886365038
-0.0625218685819831 -0.0890623384269515 0.0394604045333697 0.0276983635220987
-0.0107558803855124 -0.117051571347803 0.0636039446314969 0.0225352750100903
0.0513992129924149 -0.111084638101516 0.0797356872534155 0.0361015412171461
0.143150203479263 -0.0893340874296732 0.0715807741528769 0.0928365808538217
0.171254367841051 0.0417974326401318 0.0237989612844674 0.141982919486469
0.087696112780128 0.181086683322027 -0.0295043876139183 0.105452258280274
-0.0117946955922868 0.242910678531893 -0.0127081060657904 0.0717646073480174
-0.0621152434161401 0.20800098794213 -0.0421968835629558 -0.0511364071562559
0.0171748557272788 0.222119947785183 0.0749647513848429 -0.0901451912693446
0.150178189882075 0.134916626289351 -0.00208220114732302 -0.162476927987432
0.198914367950207 -0.019665110611038 -0.114469136895378 -0.117543419312147
0.114655312530491 -0.110109769325649 -0.128404501276089 -0.0130223995215981
0.0340675209722416 -0.133212372406139 -0.0710570853095387 0.0429997363675202
-0.0432612462058337 -0.121972552060017 -0.0189137898834215 0.0310209111352931
-0.0692639837568601 -0.0942452319768228 -0.00236214873143946 0.0105599493739455
-0.0705231646578223 -0.0982061541635526 0.0188425167222594 -0.0110116734907912
-0.0172054910188395 -0.12538183098839 0.0511936832908067 -0.0197466899632646
0.0489591885454569 -0.122238831207817 0.0835016129007377 -0.0072148723590496
0.147728783846178 -0.100248844133023 0.0923416001598407 0.0573405176794871
0.177331541838295 0.036355239192715 0.0515105100677997 0.121352416514082
0.088873991186657 0.178683257053059 -0.0164407284432413 0.0812469737680001
-0.0165715392100484 0.242680538300336 0.0107911172089634 0.00194270855938227
-0.0786316940374546 0.178109938290643 0.00923871901827855 -0.132199255924916
-0.0180662689218005 0.212787858995363 0.0997790992653592 -0.131149206818395
0.1205270062381 0.15301022673015 0.035138193966508 -0.16751189546608
0.193350506937978 0.00660397456172477 -0.0654207420505755 -0.133991880913416
0.120792921491182 -0.0955844811639039 -0.089274080855578 -0.0562636731078122
0.0408790815863156 -0.125331976225239 -0.0634303716332801 -0.013713444212112
-0.0352659848003418 -0.118720896849995 -0.0322023921498448 -0.0180824732424439
-0.0653763393077728 -0.0945502155323705 -0.0228731373899872 -0.0300915945251483
-0.0679601383662069 -0.0948537297548565 -0.00153431433551381 -0.0492977798110372
-0.0192020807841622 -0.11782419570778 0.0370707772292218 -0.0586875721613808
0.0460597576213847 -0.114822940755818 0.0823038899912433 -0.0466480873014489
0.139636140169271 -0.0888091357606294 0.102500763049593 0.0268216534633898
0.157053776823118 0.0402508312053963 0.0668064680066763 0.0996251148288408
0.0677495378113488 0.161791283923843 -0.0117581944696776 0.0587494624404459
-0.0284209028462213 0.207987480817713 0.0282561890237308 -0.0591003822605084
-0.073068919053649 0.115300090881248 0.0611663455342459 -0.195459379428051
-0.0395845833318133 0.155821568031215 0.12148062822214 -0.161530588355448
0.0721436784614222 0.128177692174564 0.0675662365573979 -0.161678312236651
0.145695626558871 0.0205911589163237 -0.0192124248972934 -0.137881365130837
0.0983281599058595 -0.0659379939868882 -0.0518647343686247 -0.0879677467899284
0.0371984418697181 -0.0954314582233669 -0.0541164023684455 -0.0614856435001087
-0.0251416963932592 -0.0952707185047505 -0.0427796612210507 -0.059469223707715
-0.0526307712959972 -0.0790845419897889 -0.0392276904557875 -0.0659275370493754
-0.0551925667863082 -0.0803865008604319 -0.0188240324980137 -0.0832198258613056
-0.0149272198453072 -0.0971398854608764 0.0267803224625655 -0.0922718201431997
0.0418911221705438 -0.0937444327492825 0.0829735634030753 -0.0756653603955918
0.119166693343779 -0.0621336557238906 0.110109802410215 0.00677393845304151
0.118151086837045 0.048223020283697 0.0743338676996565 0.0819158546400058
0.0338179472189768 0.133826627010689 -0.010400892419604 0.0404521989072491
-0.0427751740793986 0.149038078729334 0.0442022549200914 -0.104360015027382
-0.0520893706046967 0.0322824627635444 0.0992454781271726 -0.231528958077356
-0.0439397610950395 0.06983568715626 0.128816944583534 -0.177776354397477
0.0215130403633542 0.0720704161346944 0.0860898038706253 -0.15386195147681
0.0755732276167192 0.0199773025230835 0.00844347505530412 -0.13868848506657
0.0563160471643174 -0.0302299706391425 -0.0303460589208687 -0.106379643987708
0.0243482124000811 -0.0504346179834854 -0.04939709866731 -0.0915068396751897
-0.0115759738681476 -0.0564787015380441 -0.0514704654478723 -0.0870795330538477
-0.0323472776643395 -0.0506490490637741 -0.0503630443669192 -0.0908027558667099
-0.0336031438327398 -0.0552157458306659 -0.0292653305241539 -0.108079319456204
-0.00864222241029067 -0.066186873915483 0.0253096603790948 -0.118387838347073
0.03470957626186 -0.0641873209146349 0.0927571918708538 -0.0937131065380282
0.087792221566553 -0.0292898643809633 0.120382209812742 -0.00103902699695105
0.0680501755189782 0.0513040791717847 0.0788393795023536 0.0736614639965492
-0.00353875328470749 0.0921171301196343 -0.00884000764522498 0.0312685009385882
-0.0527521860712665 0.0719815957486751 0.0584401156427388 -0.127864238122973
0.0452301108927002 0.00560456394636816 -0.0449348267041543 0.155880317927254
0.0208956355827432 -0.0367991340053113 0.0526961136600187 -0.000154735782891507
-0.0234070584279952 -0.0353297354002686 -0.0618732266038501 -0.0918874625813114
-0.0367986086737376 0.00332514834912217 -0.143068483266308 -0.0195001835600813
-0.0140742706732152 0.0216984859623354 -0.126774572573031 0.0990745999334822
-0.00154416382661273 0.0153059783909186 -0.0337232172057099 0.144175103472587
0.00157614569678399 0.0170550815899022 0.0347094923276049 0.12566372692072
0.00191761865291798 0.0157469736751443 0.0568446250925294 0.102190123290989
-0.00801155233451907 0.00813356643888172 0.0653003106706872 0.0931450566961288
-0.0125777071230749 -0.0018086992907706 0.0601938452147696 0.0985643144458099
-0.0125327974508983 -0.00846149157827053 0.0363970332021999 0.115577102229753
-0.0020706994468807 -0.027938104490146 -0.0125111648685038 0.139253776886119
0.0298394568117673 -0.0189524727631504 -0.0748153841412455 0.143807334147806
0.048815696987699 0.0207081217810942 -0.123671253942594 0.14039497046385
0.0335910364867715 0.0425173272774121 -0.104811987949819 0.213245937789851
0.0341600657098291 0.0811888461758884 -0.0709702743043467 0.141387570039896
0.0469070483640457 0.0279160332253753 0.0474251835153042 0.000539730535213878
0.0365341991671527 -0.0139562995152454 -0.0608770372276206 -0.100919026637048
0.0187684486453764 -0.0256703817442107 -0.153583418973021 -0.0317638225085531
0.0081456476560374 -0.0215189632621533 -0.140680575984304 0.0923101716723378
-0.00291695975048972 -0.0285330419626845 -0.0436531158831177 0.143978821423247
-0.0209106129483375 -0.0222984707147656 0.027552676094782 0.123324162334885
-0.0231736720322254 -0.017935217463969 0.0509895155054472 0.0968229361274183
-0.0265841773727661 -0.0313709122659306 0.0632303478888827 0.0827852470666089
-0.00386249782047448 -0.048856949774602 0.063772030264581 0.0859922233396823
0.0231918897351322 -0.0439325324030031 0.0464098862210668 0.102333487185719
0.0617759688848377 -0.0358715553894555 0.00755496965126699 0.131875726145216
0.0794587354747879 0.0241760505613861 -0.0483567308398411 0.146447715058198
0.0499466922954992 0.0982192165347495 -0.0868949414918275 0.133770597700348
0.00738648061002122 0.129341815116972 -0.0759166576094689 0.185213726571917
0.00905076616842125 0.146962686636495 -0.0824997059541403 0.0980352028056956
0.0580115706682752 0.103171501326346 0.0470766977362603 -0.0148675563452212
0.0951212963186387 0.02592974563661 -0.0528055101081134 -0.118075058479384
0.0853455276843721 -0.0440066742305156 -0.157163256487328 -0.0543847701116443
0.0405261472830466 -0.0650670738725813 -0.150752669747518 0.0710842431225181
0.00274538362334713 -0.0733916177007126 -0.0559603260129526 0.127109329913683
-0.0373182405659796 -0.062333545068441 0.0145291104382793 0.105663548365138
-0.0453335097626205 -0.0496437378939854 0.0374047490212738 0.0776710169245901
-0.0453540711778862 -0.0630750045144997 0.0539717076783908 0.0591978972099418
-0.00540510324713867 -0.0873079293887148 0.0660750476235367 0.058054525166617
0.0420500542009718 -0.0797842075752795 0.0638496054390641 0.0740471125226395
0.109042608360983 -0.0609148616639671 0.0394038234831208 0.115460188754168
0.129180952889722 0.0400347396052055 -0.0116122997190566 0.145976193819135
0.0681967478800592 0.149556196994689 -0.0517442156222595 0.120226834474511
-0.00395317919931851 0.195267156811728 -0.0416997125857363 0.134056819711713
-0.0251817284699746 0.18969902180532 -0.0719877964174974 0.0321122337641844
0.0479430307910958 0.172254887843049 0.0551960133936996 -0.0449002583159246
0.135955123985695 0.077837902383594 -0.0334154457992683 -0.138065054944572
0.149153214091396 -0.0438183706249882 -0.143093669526396 -0.083397464868302
0.0776446473412529 -0.0974162563868331 -0.145663578365607 0.0340918317743874
0.0153020160841805 -0.110029569679014 -0.0657187517597799 0.091265240100794
-0.0448416149052416 -0.0957594599649119 -0.00239689822804328 0.0736651550959097
-0.0612004210466848 -0.0741193466332916 0.018664165493353 0.0472273275239513
-0.0613074846648239 -0.0828018278240103 0.038037605881289 0.0264581925589364
-0.0123400460888882 -0.111180981439921 0.0605652368552695 0.0205498218175948
0.0468517637276287 -0.106438132672309 0.0761927159293066 0.0339878869644333
0.133775669627588 -0.0877025930142665 0.0689130902061548 0.0868455382786015
0.162465644358236 0.0372693713178101 0.0254117880509251 0.133734061127964
0.0863894432096027 0.170810458160145 -0.0271700978567076 0.0997199094445303
-0.00733666791016177 0.229632987347033 -0.0122034885692933 0.0687638088211974
-0.0559635481343804 0.198239255890164 -0.0395215149082156 -0.0481021355874545
0.0193864516448798 0.210890548851485 0.0714569391057961 -0.0858667816848766
0.14384298338307 0.124973421001545 -0.00269825164768552 -0.153929121656016
0.187551382839732 -0.0239858793360382 -0.108759000394725 -0.110633099181896
0.106158257793403 -0.107283857088928 -0.122741528714716 -0.0117678584771054
0.0292392051317738 -0.127008582427298 -0.0673540051868239 0.0411649691148008
-0.0432965380293942 -0.11469194750297 -0.0181676020968292 0.0299507193874129
-0.0674183917948701 -0.0872227481052465 -0.0024321022426257 0.0105831289162182
-0.0687572091654872 -0.0911072903221618 0.0178758496565386 -0.0100693134739795
-0.019130135535959 -0.11824201138314 0.0483574423140249 -0.019437917061811
0.0440823374515478 -0.116815102486345 0.078969072470976 -0.00757609218734856
0.138221963272473 -0.0987385175528099 0.0885016402207122 0.0527944851389305
0.168105386536049 0.0320133483690675 0.0513094162568037 0.113872903896523
0.0873477826325573 0.168770072255356 -0.0152186283579892 0.0766410090990927
-0.0119259179290262 0.228346941526734 0.00887954143367987 0.00213760619352328
-0.0722683828990227 0.169689404617856 0.00781382718809592 -0.125532506592764
-0.0134479139258796 0.202054538461173 0.094007370871829 -0.125768758222836
0.116053830127196 0.1424529432508 0.032966517783276 -0.159329024438583
0.181895043711907 0.00149145678001747 -0.0621514428060802 -0.126709496765726
0.112462416661393 -0.0934232048552259 -0.0859745904586476 -0.0535185829723042
0.0364863669328463 -0.120085809393503 -0.0618635984934688 -0.0126628167078955
-0.0361044745352766 -0.112607183786868 -0.0312430642171609 -0.0164566384325234
-0.0642532037108977 -0.0872235205352515 -0.0220268226110734 -0.0276616246739342
-0.0661430153846494 -0.0879590652787182 -0.0021696457789423 -0.0462572369285225
-0.0200939801522381 -0.11106219300455 0.0342208740816361 -0.0567224261548028
0.0415688822080718 -0.109496884860592 0.0773612225547037 -0.0443025976438176
0.130372446357302 -0.0879853153744867 0.096838486180756 0.0233781951731342
0.148910191288848 0.0355480905981865 0.0654907961932042 0.0929187565002184
0.0663413596672941 0.15341380703081 -0.0112381195443285 0.0556176931101553
-0.0241468543806621 0.196514608213403 0.024352079377481 -0.0561543599532177
-0.0679638875598991 0.110350875465927 0.0552776237902137 -0.185917763194369
-0.0354534549626809 0.147620423395496 0.113014667434992 -0.1545033763183
0.0693896936281141 0.119427808356461 0.0637040291708491 -0.154001423005098
0.137359072566487 0.0162059357186711 -0.0186177989508026 -0.131259124501534
0.0920369849994145 -0.0648941442075731 -0.0504431435781363 -0.0837493520899039
0.0333766161553608 -0.0915342102575861 -0.0527929819418695 -0.0579883552280147
-0.0258990270675501 -0.0902495982899445 -0.0424512161917452 -0.0564363433879405
-0.0512246353874522 -0.0731091260905469 -0.039129674191709 -0.0610684911627555
-0.0536692050886884 -0.0744576060362167 -0.0193573459330451 -0.0778070825098436
-0.0161085926259961 -0.0917623710672292 0.0240040210208495 -0.0880965341385061
0.0379762724562419 -0.089889361777258 0.0783117604580994 -0.0723058810822093
0.112108190353429 -0.061602867422074 0.104565384254996 0.00473822774038042
0.111919979076933 0.0442360776204194 0.072737704332692 0.0762305729384949
0.0336451694987485 0.126042006947772 -0.00990466659304759 0.0387719186467515
-0.0385284685082493 0.140643518682877 0.0386040058956527 -0.0996209444915585
-0.0487383865869727 0.0308521337389403 0.0904972264923167 -0.221357097581711
-0.040890005905024 0.0662990461909434 0.119940567138732 -0.169899788703583
0.0208440558886871 0.0677308865037147 0.0809430194599147 -0.146569738180988
0.0711460672573123 0.0169209929973116 0.00730125402690939 -0.131397325258265
0.0525142305855913 -0.0298673065737773 -0.0305300778020451 -0.101400133202173
0.0225012161273092 -0.0484837945767102 -0.0490999344859054 -0.0863708609745643
-0.012415446459237 -0.0530721323776853 -0.0513844350374749 -0.0818502795865828
-0.0314075385833259 -0.0469748522763657 -0.0501655976197149 -0.0851304240282974
-0.0334106697418293 -0.0506405194134384 -0.0295067555654689 -0.101832968421167
-0.00887077882839549 -0.0622279413098343 0.0220344719530509 -0.113024739430359
0.0312507846056539 -0.06129064970968 0.0866154953567248 -0.0901528704467725
0.0825761440982974 -0.0296271327655499 0.114749788160333 -0.00288988305263666
0.0649884890680027 0.048204753103347 0.0763614357879965 0.0682321852381164
-0.00219376905869554 0.0873358597244215 -0.00843661562769616 0.0293061628699928
-0.0486421274422495 0.0675790919484634 0.051595983550917 -0.122764661788254
0.0430375966221105 0.00589442365546784 -0.0431546507454051 0.150445422948448
0.0209031508624454 -0.0352815962573775 0.0525999319799291 -0.000310521055327336
-0.0223838762601366 -0.0343312539818083 -0.0583938581018916 -0.0906869965649272
-0.0357468467382223 0.00273864482396039 -0.138129273134959 -0.0213534531175266
-0.0140455991201355 0.0207087319085457 -0.124555461062965 0.0941846592466288
-0.00199540701473512 0.0146290454353849 -0.0345336668082869 0.139039222944442
0.0008311798633965 0.0165730238985645 0.032121218847884 0.121187852218355
0.00214784205233998 0.0149868594194767 0.054635995340079 0.0991307601365646
-0.00768216866757933 0.0075903752498692 0.0636514042968787 0.0909073298484356
-0.0119433528452228 -0.00217822131334071 0.0577631923012628 0.0969917889096328
-0.011838761583051 -0.00814242288833347 0.0341179508214733 0.112434119969062
-0.00172883934848337 -0.0271848101717178 -0.0146070500738343 0.134619411076518
0.0297362940855614 -0.0179794300609435 -0.0752767667477393 0.137293911475859
0.0479450811611772 0.0205375620839104 -0.122457417530868 0.133873410029263
0.0313430497296723 0.0418370698286106 -0.104316426073795 0.206106099281095
0.0317701858313932 0.0788199649390783 -0.0687345128493903 0.136157669842844
0.0460723893337294 0.0272956075319487 0.0471327742198992 0.000459243016639933
0.035992365409866 -0.0133296859922329 -0.0572270476342247 -0.0990080111535188
0.017547125785304 -0.0255470427435885 -0.14844076464325 -0.0335082239814208
0.00780622029367073 -0.0213248849660471 -0.138713157737986 0.087570760384009
-0.00341271740093462 -0.0274350576859119 -0.0438149625329875 0.138543530137179
-0.020219424324827 -0.0215003887419572 0.0259826970419958 0.119554570917685
-0.0220150344437908 -0.0177109416396437 0.0494539219964638 0.0943655800149679
-0.0255878141662602 -0.0311221465703977 0.0620411134857738 0.0814463881532118
-0.00383869837008847 -0.0479216114318552 0.0617080305354408 0.0847101943485987
0.0230929605392384 -0.0424350300492127 0.0443287717217535 0.100684501848426
0.059673398570936 -0.0342965119944601 0.00519070373017117 0.127716702911354
0.0772030253152217 0.0239877080340653 -0.0494035300678915 0.140792011439088
0.0483465840322571 0.0957147916223793 -0.0881516110605561 0.128296344720133
0.00525101108975522 0.125063020553041 -0.075843758548302 0.180023224570827
0.00670634915972815 0.143151676730323 -0.0795910473024524 0.094631713130296
0.0557301049823143 0.100873935694952 0.0477950178336072 -0.013381453669245
0.0921350096776504 0.0254089552522134 -0.0485769985374783 -0.115891528405287
0.0825017480450315 -0.0433660357503759 -0.15131444827294 -0.0556850629378042
0.0394972338420817 -0.0637453101714858 -0.147384778712619 0.0674686746827286
0.00285057149559018 -0.0710781694073808 -0.055638344874143 0.122301720711995
-0.0358515973218957 -0.0609172301930293 0.0134275958156767 0.102766383048832
-0.0438475768996562 -0.047848252963573 0.0361849375225706 0.075630742462234
-0.043803368841109 -0.0609945297596472 0.0524194536498348 0.0581389557192096
-0.00469341478339845 -0.0851804489123299 0.0636514594750013 0.0572464638711392
0.0418066302632821 -0.0774732044424156 0.0616561442335807 0.0731699486653962
0.105836894236123 -0.0585891003379627 0.0366219042799196 0.11252457911716
0.12494160198321 0.0399883069278702 -0.0132516583079688 0.140666878319365
0.0648515024720877 0.146433248779983 -0.0534006838616865 0.11538798452631
-0.00604754072511552 0.188568104142765 -0.0423104686628175 0.130190078952386
-0.0266358001248785 0.183965086893873 -0.0690710971991635 0.0304933613736391
0.0450927363869337 0.168079033542571 0.0556236426775899 -0.0429110086520607
0.131563663285626 0.0760554708571914 -0.0295348958237506 -0.135439637574087
0.144669512185709 -0.0424492201803904 -0.137164442265117 -0.0836734510602956
0.0756104559498896 -0.0950136252906112 -0.143163368780995 0.0310449975154503
0.0151145401473958 -0.106314979202322 -0.065277908859564 0.0877659487197209
-0.0432924971524581 -0.0930010280377933 -0.00296344568661754 0.0711988678895345
-0.0585699709812968 -0.0711740933961718 0.0179283810734187 0.0458565690914775
-0.0588752833701622 -0.0800068321975107 0.037241162269825 0.0263931966543837
-0.0111526338635521 -0.108668679377552 0.0587011628887028 0.0208071834309695
0.0460076700210516 -0.103306416802137 0.0739187839064173 0.0350421442522352
0.129500165915199 -0.0851322569322435 0.0660968728401613 0.0849029650412959
0.15691763613269 0.0371008536451681 0.0232084065569631 0.129635236282233
0.081746355826901 0.167209794133961 -0.0292110653273865 0.0962539140317606
-0.0096864628251784 0.220863212658403 -0.0137090910942555 0.0673561466301329
-0.0570795918753596 0.191771458540318 -0.0370656280452537 -0.0473179493877893
0.0171764662401541 0.205423688945267 0.0723834215983594 -0.0816618686286148
0.138041403010983 0.121655986061706 0.000734236969640063 -0.150095849093949
0.180742402550701 -0.0234409106009678 -0.103370568958725 -0.109667763343615
0.103418490689669 -0.104235517752374 -0.119646685670479 -0.012691233602352
0.0291066220931252 -0.123200302180154 -0.0668051029695065 0.0390861119181885
-0.0424123721203223 -0.111209808642803 -0.0184246122798231 0.0295283473836951
-0.0650398129565317 -0.0843258331326875 -0.00198400181875374 0.0106082240712752
-0.0666601854810688 -0.0879640029028812 0.0176998290531009 -0.00859103938342093
-0.0176072268107544 -0.11509450535446 0.0467805158468116 -0.0183709175422402
0.0437464169157892 -0.113394179228301 0.0771017511081741 -0.00604885218817689
0.134228451639499 -0.0957327135053095 0.084237865012715 0.0520072229074983
0.16246203574033 0.0323345529454223 0.0493075037560318 0.110942250424026
0.0835404253835868 0.165274144201299 -0.016263191610691 0.0736600938255876
-0.0140165466499772 0.220280793367209 0.00680558970306959 0.00198844465536398
-0.072067672926063 0.164014446917671 0.00919926493429062 -0.121778223359005
-0.0151591209957798 0.195838325870443 0.0940433197142549 -0.120153425281343
0.110717918335417 0.138142468998142 0.0353685614948978 -0.154300242134632
0.175288720792879 0.00191747100509578 -0.0576114271302046 -0.123737389016652
0.109625693892141 -0.0905798813264599 -0.0832868889325425 -0.0534968504424474
0.0361000400268195 -0.116552480572059 -0.0599104458843549 -0.0135168276551805
-0.0347495830923141 -0.10921721974277 -0.0311645174392029 -0.0156914172427096
-0.0615897971891913 -0.0836032803047798 -0.0217781857733844 -0.0261465284352089
-0.0644440164446314 -0.0849748777873671 -0.00178336057287389 -0.0442766943681199
-0.0187773508660756 -0.108225933718107 0.0338552274335737 -0.0545936754696324
0.0407785833175447 -0.106241190356738 0.0757340681158656 -0.0412188632901767
0.12622662863093 -0.0848187758699975 0.0938576932769227 0.0232325712269008
0.143599912025467 0.0363039677867188 0.0638755681416293 0.0897837463325248
0.0635451648383427 0.149699708582039 -0.0125922069528588 0.0535692244194291
-0.0255401779881124 0.188867333449982 0.0228303670367944 -0.0542151777980784
-0.067059972692508 0.105810504512472 0.0561270175709626 -0.180734563662334
-0.0358652369156895 0.142806560367733 0.1122196473275 -0.148048008187919
0.065807479465644 0.116004905282208 0.0648460575364067 -0.148688025524599
0.131701161795186 0.0156248570153027 -0.0158820736123061 -0.127562180701427
0.0891622913901883 -0.0627419691145557 -0.0483995180838264 -0.0831758626396228
0.0334499051503073 -0.0890550489110521 -0.0514183995562597 -0.0575965707103523
-0.0241851416677772 -0.0871125126597717 -0.0416857798153984 -0.0553809688542333
-0.0492463621135438 -0.069822533089471 -0.0378149018852984 -0.0588046277865319
-0.051997423388159 -0.0717943757986352 -0.0176521141885081 -0.074936542707342
-0.0150351879922694 -0.0891771858699028 0.0241526349282715 -0.0856637299074165
0.0377534933506432 -0.0868820783724598 0.0767197199603453 -0.0685269091644929
0.108463002848411 -0.0592963905134991 0.10114893565389 0.00529889414478228
0.107955084745507 0.0446952395980675 0.0699648045626513 0.0743589050922806
0.0313205869788371 0.122568135230598 -0.0105996672451023 0.0373891213097694
-0.0393501805644603 0.134316144996083 0.0367988295354696 -0.095902981009446
-0.0477051858659559 0.0291319984547489 0.0897910897156402 -0.213938989053271
-0.0405406331730731 0.0633825025674231 0.118244493078389 -0.163913563471808
0.0191786647218733 0.065453838083245 0.0811930927866384 -0.141734641654879
0.0677075384146008 0.0166371192081166 0.00932030649868141 -0.127853907892698
0.0514020363016895 -0.0287369363936718 -0.0284455211099868 -0.0999227160682566
0.0221799862495213 -0.0472773206897015 -0.0473785853735001 -0.0853575588838105
-0.0112318823705557 -0.0516732323914266 -0.0500131796832976 -0.0802713210958112
-0.0293553392378797 -0.0442348611746454 -0.0490048055373196 -0.0826729403352883
-0.0321479428803096 -0.0486396577123614 -0.027857486393088 -0.0991393865354635
-0.00790353120395135 -0.0600161470874538 0.0220379384610262 -0.109792892982413
0.0309906855723819 -0.0593814822449035 0.0853335416289258 -0.0858720978632801
0.0800447592104373 -0.0286381409642725 0.110883505483864 -0.00205864560344843
0.0621409777472693 0.048432892803444 0.0737353002280844 0.067315677387367
-0.00275174344768588 0.0841460481146662 -0.00987546924670174 0.0287761104677618
-0.0481096347607585 0.0635431866821974 0.0500252657474591 -0.118461913908474
0.0433677594745126 -0.0120742050902562 0.0233519140172951 0.153607123459162
0.00471924556337178 -0.0406563630439423 0.0470525406930395 -0.023779622954429
-0.0333261502198545 -0.0212282656432413 -0.0924736610326475 -0.0583981893527572
-0.0301902067677252 0.0183443538490722 -0.136935545488785 0.0383058381186852
-0.00210533349345941 0.0245643308259047 -0.0735239404754462 0.138931798658441
0.00502424607478362 0.0138715352331972 0.0268348389449698 0.141214740946565
0.00748812390946254 0.0151135286605308 0.0802703036672031 0.0970626223808708
0.00742435546786713 0.0121117664784855 0.0927980308383471 0.0670144032695117
-0.00420917562536929 0.0109114229059041 0.0969819176212463 0.0555086963331971
-0.0115907493644237 0.00271903581280053 0.0939961145598984 0.0636223291961139
-0.0135178987369624 -0.00270247986416877 0.0781371736435387 0.0871481134473234
-0.0126004407209222 -0.0214954938070126 0.0436314842559365 0.12732158983769
0.019356817463676 -0.0278708064185358 -0.0120583453855512 0.156026874301927
0.0510517169164125 1.54678059434005E-05 -0.0594417229077668 0.174682993657798
0.0465267775257347 0.0273814871088234 -0.014910100924093 0.233506118388912
0.0610170245466002 0.0593412808330357 -0.00333162589263563 0.152235068935209
0.051936611910247 0.00676250291828946 0.0456083172622894 -0.0213127461247575
0.026950149373308 -0.0241755206213951 -0.092919534175187 -0.0697809073941531
0.0058017861148274 -0.0276025357538115 -0.149777118100939 0.02907686990363
0.000808508972127877 -0.0220946863514631 -0.0896171850910289 0.137575597018812
-0.0128090384313276 -0.0236646336413443 0.0174517899371899 0.143860247890391
-0.0272344556245047 -0.0106249899511752 0.0724134512946752 0.0971426501493522
-0.0274701813988993 -0.00818981834316134 0.0852440007573847 0.0648633151759861
-0.036420190800446 -0.0177943454042565 0.0917451277536298 0.0472420676357964
-0.0229085974045902 -0.0434778643682037 0.0930251566418774 0.0504990574946232
0.00471529301979406 -0.0489297013716624 0.0848139413878181 0.0735026044608281
0.0403197906480756 -0.0545954716212286 0.0611525886568793 0.116681288991613
0.081030126715046 -0.00767196920643833 0.0125314477477837 0.149730939289605
0.0836436412240153 0.0697780565041757 -0.034426552258701 0.154956668708102
0.0594558589881302 0.116096166580017 -0.00399976707312984 0.194719444729883
0.0621351340115274 0.12872976579648 -0.0284241411525953 0.121154907534137
0.089306480452499 0.0694683929488979 0.0423570665542025 -0.0342011210051082
0.0922206011661562 -0.011067629116211 -0.0889805326703278 -0.0902329039331823
0.0559927732088122 -0.0689605508121697 -0.16010876045917 0.00721159991833854
0.0116562192765323 -0.0725517867649919 -0.108338476719901 0.120861294882999
-0.025080842152454 -0.065957172114778 -0.000871000953552266 0.133002927463912
-0.0572542965808228 -0.0397653475429631 0.0525658902615508 0.0865876420927364
-0.0591567962155016 -0.0272492845948957 0.0652395251750629 0.0527977599757429
-0.0654003985952879 -0.0382348598586696 0.0740574195635638 0.0297583543105237
-0.0394342863348127 -0.0771045316452852 0.084217689076125 0.0237737774423702
0.00753362034670587 -0.0892770596163143 0.0901448520214263 0.0426649242299993
0.0716395829288532 -0.0954702333877341 0.0866292000684602 0.0920315926186103
0.131620951866903 -0.0120815825683439 0.0455693751991982 0.137170814661653
0.120861276681214 0.109265773861491 -0.0107536273155498 0.130610347753621
0.0766442702034328 0.179677886223053 0.00284580230186311 0.134230698831719
0.0466233803995379 0.179154296153796 -0.0443947489386564 0.0602558087368784
0.105184819919255 0.134121823530677 0.0394529851695826 -0.062823847491941
0.147256354747894 0.0199994371403144 -0.0759066520264889 -0.116854232203778
0.110438568093373 -0.0930791201212224 -0.157067140405185 -0.0273279357573741
0.0311130154006439 -0.114739372656866 -0.120199792525241 0.0846953399085205
-0.028515274977361 -0.103140539189948 -0.0246676370359596 0.104554838689828
-0.0769933677089996 -0.0662600828570747 0.024106375078404 0.0643234083786616
-0.082553771755988 -0.0427951194908939 0.0365984893607573 0.0332043122107547
-0.0869360660576379 -0.0494496078227901 0.0465394826597308 0.00717205564770295
-0.0550771761850135 -0.0954537625085927 0.0645588747440702 -0.00837483689680607
0.000751013116299494 -0.115295305137795 0.0873064445530452 0.00225167973176134
0.0823390022175855 -0.129976689282027 0.104492601727672 0.0554834067286898
0.160971789249674 -0.0278423112906267 0.0742489376102041 0.113378695243766
0.145946259834915 0.121216067991689 0.00305019511207371 0.103812095793823
0.0876207718219399 0.210965000575799 0.0018969042624154 0.0640949688849785
0.0205326377763854 0.198595186294133 -0.0471280277394392 -0.0224551717375103
0.0932421086568007 0.179058163448361 0.0389986394754306 -0.103772508476047
0.170064437810446 0.0587559903135742 -0.0520274115639104 -0.142047075481602
0.149964977477809 -0.09012841848708 -0.13492266517026 -0.0647828612058137
0.0523585496833635 -0.133833358840202 -0.117581709005799 0.0332735732005554
-0.0233332900252763 -0.123649612345731 -0.0466296253724764 0.0608999919115535
-0.0831047921507374 -0.0831748963340052 -0.00822524513414901 0.0316370338607225
-0.0931802185987475 -0.0514079100204718 0.00259143638121152 0.00944632018300576
-0.0969919438965864 -0.0538655736906 0.0137177095164316 -0.0169305898885814
-0.0636797878930296 -0.0993691135905308 0.0373030344282641 -0.0389029898387758
-0.00572750257560704 -0.123731918758105 0.0727954572224555 -0.0362572761566622
0.0816838907563926 -0.142334139729877 0.108306131320276 0.0177510519016125
0.164137307851983 -0.0344183580154349 0.0903812025567247 0.0851700936198779
0.145811176300827 0.119048289260485 0.00498350198220409 0.0786833256042659
0.0836680015631447 0.211588574872005 -0.00596290201736683 -0.00373835825539853
-0.00554702523233365 0.178671897537506 -0.0360613499072089 -0.109909304531676
0.0598508593053122 0.184106699971386 0.041824175327131 -0.146411180249624
0.151066583740569 0.0839919883122893 -0.0225070010433019 -0.158270529218095
0.154535590288936 -0.0661427071521664 -0.0984367615157064 -0.0965319462945173
0.0625779705287565 -0.124232146224737 -0.100767838935179 -0.019122782667295
-0.0147657815677809 -0.120680271027192 -0.0628632295980714 0.0103264311583072
-0.0756586727625693 -0.0847508795321371 -0.039344224328307 -0.00417670133634733
-0.0896329007439773 -0.0527086457323433 -0.0308766848180149 -0.0156800275357006
-0.093379049129479 -0.052031383238067 -0.0188469922120511 -0.0405535398240665
-0.0616873594159777 -0.0923051353286591 0.00960408333876367 -0.0658323162267839
-0.00583015419183771 -0.116014665410875 0.0567409216235944 -0.0676340989452322
0.0794795739023054 -0.129806384117766 0.10460533977719 -0.0117861463525589
0.148716080663757 -0.023338579078594 0.09451290523266 0.0603516136542788
0.121068237404323 0.11230603557088 0.00177091085292145 0.0574268575974473
0.0593263891749373 0.186596334632992 -0.0128817479796636 -0.0624937920148609
-0.0245161617388782 0.123672112391991 -0.019286515689426 -0.183804743947465
0.019516592456201 0.143838378023247 0.0449560831660375 -0.17974276665047
0.101043874499465 0.0808621965688344 0.00561551690816033 -0.162788522428091
0.120933530522408 -0.0366240210929243 -0.0620813148447932 -0.114901973243276
0.0549459314027608 -0.090780853010092 -0.0802876663925271 -0.0598619952739633
-0.00627039008657489 -0.0941285568535047 -0.0733423185986563 -0.0332520318611965
-0.0572548595306932 -0.0691745168273451 -0.06477780877117 -0.0347177655710549
-0.0727845215740884 -0.0440690947650246 -0.0604215291090056 -0.0382957244840439
-0.0767233670677899 -0.0447488591960609 -0.047600048472945 -0.0614150371593797
-0.0503230767922686 -0.0763125806682659 -0.01322008515132 -0.0896593197699033
-0.000977325793264648 -0.0969455002665568 0.045629294830769 -0.0929637466457321
0.0737593617518095 -0.0995379925658327 0.101833114117472 -0.0314427946198982
0.11890172074958 -0.000703077773587886 0.0936391674677861 0.0420767936962564
0.0797401814128314 0.10052436999875 -0.00132537759282041 0.0408042928238969
0.0217622732068982 0.141298575880538 -0.0134094453297964 -0.106017055441624
-0.0363482503270951 0.0460750416798397 -0.00388274753071137 -0.23042969908916
-0.0157699182068217 0.0740432129715887 0.0419025410984702 -0.196039116644409
0.0397523747297946 0.0528634066373694 0.0195813498282652 -0.16114979177385
0.0641037555697533 -0.0104301559939529 -0.0414854020074319 -0.123133776298527
0.0341347982965814 -0.0445960570786971 -0.0683830060303149 -0.081824677946221
0.000808651328673135 -0.0514175389841352 -0.0808284957637182 -0.0588508225095891
-0.0309379218495826 -0.0422693535850257 -0.0828122208531124 -0.0538939957614841
-0.0448042100051107 -0.0282761519691396 -0.0805100370849554 -0.0540188662360033
-0.0494921724732729 -0.0318286002247983 -0.0672848058559692 -0.0787729384949917
-0.0318788579389802 -0.0522226996237371 -0.0252796510771394 -0.109775071203923
0.00430369735422691 -0.0685672276301516 0.0445355024245469 -0.112877885756479
0.0617340023093518 -0.0597907023000928 0.105123782954093 -0.0431318284711733
0.0787551634963677 0.021221938367641 0.0927220900779973 0.0328341732622589
0.0315405076449758 0.0787183133338783 -0.00152195367978692 0.0309288170292608
-0.0177654677222717 0.0789655071914206 -0.00677852716486393 -0.131493622475254
0.0428829931941503 -0.0128650017605959 0.0273008201816283 0.15480852299223
0.00463822921437915 -0.0413324137207974 0.048634785339222 -0.0262577497855798
-0.0337859411694531 -0.0209015225637946 -0.0948338933948654 -0.0593474468087424
-0.0311843884197152 0.0193707602051723 -0.139947150103268 0.0398259780654179
-0.00247179038532078 0.0249934836054429 -0.0739915475465222 0.142969033961832
0.00523358023589509 0.0142103315006631 0.0284141914297467 0.144057030219728
0.00787157468607803 0.0155490784479442 0.0822931270540148 0.0969295028813565
0.00812077883527095 0.0118010642964876 0.0957878766442772 0.0662932410940893
-0.0044539248473656 0.0110753974003961 0.100650576847725 0.054545692629661
-0.0124003451617172 0.00248308205645563 0.0973050957786327 0.063592343181485
-0.0135184143955801 -0.00254349519585308 0.0808689396026888 0.0885412832932086
-0.012737231049835 -0.0217619779127879 0.0455910920993033 0.129745096128527
0.0197504882567288 -0.0288253771665502 -0.0118141800907819 0.158355523324286
0.0528133740388465 -0.00105104888656696 -0.0609072217862168 0.178548658502953
0.0472743232683571 0.0277358054604419 -0.0117157713199762 0.238758263528229
0.0623044719030626 0.0598185116234357 -0.000107403617652 0.154269992529568
0.0533352993113604 0.00605361809554355 0.0474974147006266 -0.0235642685696936
0.0273445377697267 -0.0255061379579841 -0.0953341529342019 -0.0709776240061615
0.00484937674385918 -0.0283049473432531 -0.153223019148234 0.0296852886761684
-0.000546991543801329 -0.0228475141638818 -0.0907281907292247 0.141601096042682
-0.013531191599332 -0.0243584257471386 0.0184748703483768 0.146094339346098
-0.0281115657924872 -0.0101445408956412 0.0751276636382299 0.0976471331596411
-0.0281432803199935 -0.00785707833473413 0.0885355102521304 0.0639452705735942
-0.0372849872055275 -0.017033446683204 0.0949028105585737 0.0464751788054441
-0.0248378008324068 -0.0441355470713562 0.0962605382002331 0.0497717924593456
0.00385396402034242 -0.0499074451067054 0.0876206949888038 0.074420678601648
0.039933587144599 -0.0557008617706683 0.0636369735963641 0.118308968207933
0.0821789865649437 -0.00896583356483891 0.0132535565573655 0.152027199652886
0.0867433609302112 0.06988526493938 -0.0352491966007235 0.158542359922177
0.0606474745364539 0.117308644664989 -0.00110411420144015 0.199976088480703
0.0649986162011542 0.129902053913047 -0.0260384620589896 0.123355172377979
0.0921982464335631 0.0689502210151822 0.0442251351140072 -0.0358725769599601
0.0931324706644187 -0.0125265997296716 -0.0909822309230037 -0.0925825037013602
0.0545936563205189 -0.0708247721250115 -0.163993017101681 0.00815754600165166
0.0101956220279267 -0.0740439766432595 -0.109668442044149 0.125426421257713
-0.0272654843489868 -0.0669577024090072 -1.83034326943531E-05 0.135426681852328
-0.0589931489138472 -0.0388874978988161 0.0546823485711365 0.0871397818169468
-0.0605026119910374 -0.026519671828232 0.0678750521754975 0.0528481265157161
-0.0673078367000854 -0.0371066823668163 0.0765052324465104 0.0286876642361477
-0.0420532599569657 -0.0785226513432053 0.0863724492331736 0.0231557326207669
0.00629182508579475 -0.0909202518357243 0.093606673856105 0.0424273920228561
0.0708006479311798 -0.0988735484957667 0.089069038810052 0.092379689723016
0.134261695971068 -0.0141786383721571 0.0473420773423112 0.13809287551297
0.12566047151074 0.110048123348582 -0.0108637731283047 0.133376434964841
0.0792296811944825 0.181607994965531 0.00416819887846812 0.137979970602779
0.0493808317816934 0.181551937929659 -0.0433021393012726 0.0615187716028429
0.109304847716571 0.135040744583556 0.0413593583870742 -0.0654649158867594
0.148869618550924 0.0180142822990427 -0.0778532416283048 -0.11933044969974
0.109266840111496 -0.0965297302930522 -0.160470887823582 -0.0267201067918148
0.0295906050036979 -0.117240286795095 -0.122454977622862 0.0886792370609388
-0.0312581258611201 -0.104860174458737 -0.0242573338579617 0.106882644467413
-0.079443976536313 -0.0655799900997727 0.0253070977491916 0.064443805889912
-0.0839960181700827 -0.0412925643267853 0.0375798144677096 0.0331349245571102
-0.0896733955131476 -0.0483046092835762 0.0483292353071032 0.00632040370882914
-0.0581386520432583 -0.0969776872615365 0.0660035269520725 -0.008936970043321
-0.00105127511792823 -0.11741847025727 0.0892743727818544 0.00186902007462052
0.0806900818973213 -0.134279332823084 0.106586345456241 0.0553360246567153
0.163135472496351 -0.0302184456224696 0.0773993724371383 0.113527734038324
0.150671102688829 0.121301448261555 0.00276518800015512 0.106310386291719
0.09098357224963 0.213094534155354 0.00159601428932631 0.0660618049410024
0.0236097257809194 0.201516233697309 -0.0475372246430426 -0.022177670337072
0.0976341795217856 0.181608195232516 0.0397426589552306 -0.106637064025413
0.173064393513707 0.0570040372428273 -0.0537637005852877 -0.1448036570533
0.149690567358887 -0.0944203318950235 -0.138385328968226 -0.0657933052964525
0.0503117941971517 -0.137662463447382 -0.12065258335396 0.0361293121313008
-0.0261547911659612 -0.125904705013043 -0.047577949556805 0.0623272028797572
-0.0865940810961579 -0.082616454445746 -0.00854276661883518 0.0320888775843667
-0.0949613621523008 -0.050157606394112 0.00244642833310894 0.010278423993789
-0.0993011792617763 -0.0516989276041604 0.014312645373726 -0.0178783404708645
-0.0668632320332162 -0.10076897805353 0.0378334709789317 -0.0398812842268839
-0.00795735186671711 -0.125958908051851 0.075507734840599 -0.0370712688978342
0.0803122150662846 -0.146917207113627 0.110561093309731 0.0169030863524869
0.167009962306055 -0.0368999267475222 0.0936297821287907 0.0845334525967378
0.150585806279072 0.119376569936746 0.00566818135731893 0.0806744264883957
0.0866477671409828 0.213095408649199 -0.00717928791284202 -0.00281142001315234
-0.00274637400522437 0.182223945385422 -0.0379325442653877 -0.111060763825014
0.0627973765327182 0.187164215346317 0.0417052351417318 -0.149739003555643
0.153902202041623 0.0834819786881846 -0.023004886640636 -0.161299024202611
0.155054040908904 -0.0694147766221824 -0.100876119977022 -0.0975079350464289
0.0615304250417303 -0.127583885687131 -0.104401338277269 -0.0180441329193866
-0.0171510998964417 -0.12311482982715 -0.0647921071968504 0.0115468656703763
-0.0786562313685868 -0.0850671080923992 -0.0403240714601725 -0.00369589629127813
-0.0912521041725069 -0.0510601400376781 -0.0323860722328187 -0.0151911706886187
-0.0954614682681846 -0.0502561107006063 -0.0199193923481587 -0.0406361344258717
-0.0644911233638274 -0.0935598028935791 0.00843955784910553 -0.0674634445108071
-0.00809310589793391 -0.118158325389332 0.0584784982096211 -0.0698723368702708
0.0774785086438056 -0.134009801532405 0.10628335621577 -0.0128368722014281
0.151312016469084 -0.0253450218698592 0.0973016454263448 0.0592538851895131
0.125329602395706 0.112688237029435 0.00199303515738048 0.058961073909822
0.0616768748322631 0.1883715256662 -0.0153967363703145 -0.0628830647123603
-0.0228851074148774 0.126532277078101 -0.0218501932640584 -0.186984366108809
0.0219306639832539 0.146540244794756 0.044522256598206 -0.183128195822221
0.103283993719302 0.0813713286169469 0.00456616867010704 -0.165927886007264
0.121703934685826 -0.0390518519901843 -0.0644561728568794 -0.117220118661655
0.0542211170949305 -0.0938451755048336 -0.0843480745682208 -0.0604344182827698
-0.00823323502634007 -0.0958237495083382 -0.0761509796717924 -0.0331172260057203
-0.0598544606183563 -0.0696440054201665 -0.0675830989601842 -0.0347118359355106
-0.0740812644565993 -0.0425798003806916 -0.062387199388903 -0.0375597863772055
-0.0785791448462421 -0.0429204214525624 -0.0497424458139441 -0.0618618767475691
-0.0524923414623648 -0.0771956029936128 -0.0144864556618067 -0.0909671391816083
-0.00278730642098744 -0.0984708173704109 0.046236839948582 -0.0947616028579465
0.0732256983502314 -0.103236555016169 0.102796571382656 -0.0331225399083175
0.121751726499351 -0.00238288930408757 0.0958132365513365 0.0412572571315142
0.0823684894050058 0.101633484506194 -0.00146935656573249 0.0422268327023596
0.0231157495205956 0.142709812215896 -0.0171223477519307 -0.10773697867508
-0.0365588241484425 0.0469396675671114 -0.00693456695133204 -0.234014699660754
-0.0152344315314602 0.0746327180748658 0.0402851842477269 -0.199261457731616
0.040333025031517 0.0528411790077055 0.0189381079715482 -0.164077466251542
0.0640557456522777 -0.011347896837797 -0.0428596206992214 -0.125518075054536
0.0339502763729847 -0.0468036670828204 -0.0717815203564507 -0.0831769606683554
-0.000303453851492336 -0.0523576469747193 -0.0840955379353582 -0.0591574574552922
-0.0318734615740457 -0.0422609817311503 -0.0866125276889283 -0.0532529883850164
-0.045170160658773 -0.0275484609044205 -0.0833127605636163 -0.0531839480763771
-0.0501411553331477 -0.0302391820666009 -0.0697784816964801 -0.0791620303090713
-0.0336966123868186 -0.0529487495291598 -0.0276051310181772 -0.111378869646163
0.00302691212647519 -0.0695855451786109 0.0449929593049217 -0.115222957250057
0.0611551066217424 -0.0615017644200882 0.106291410043824 -0.0446937942825847
0.0802760315332698 0.020570823318705 0.0949296290972542 0.0324619405576071
0.0327281981568349 0.0800665617442303 -0.00188514350392249 0.0317879689702678
-0.0179794014955974 0.0799267077604674 -0.0100722422131375 -0.133372351196464
0.0418823230157721 -0.0146337732088415 0.0342926958576807 0.154017105302573
0.00319671225586929 -0.0421199409038578 0.0486150842106395 -0.0295681038833295
-0.0345702186839962 -0.0199514099666259 -0.0984642365662747 -0.0572441797782303
-0.0305883308394869 0.0215151398546732 -0.140437690435694 0.0445917872467265
-0.00169947360389337 0.0253970874570769 -0.0697031678856913 0.148222456221546
0.00530392518799338 0.0146622259276826 0.0336355342729334 0.145019564336403
0.00851828022132278 0.0151466479234192 0.0862667431057867 0.0938695988677065
0.00823347911167442 0.0114080538891436 0.0999876442835714 0.0624898011907607
-0.00394140824203635 0.0112776020068703 0.10441110134286 0.0504972194766126
-0.013191458253864 0.00309495845408448 0.101567987861116 0.0605545186827503
-0.013150281379733 -0.00152572952306996 0.0853131723725911 0.0860011910634238
-0.0134741151389406 -0.0214733204638905 0.0509400640689132 0.129059920835874
0.0184289847774087 -0.0298420757151953 -0.00741678607805668 0.159803086182372
0.053475678151975 -0.00332364877395527 -0.0552746515580706 0.182862015751464
0.0481437538189562 0.0261767378246876 -0.00236800929113156 0.242126384068039
0.0650248326569041 0.057834640563009 0.00716621763271602 0.154732182574611
0.0543958031144338 0.00399495572202733 0.0473104748111458 -0.0264140810598355
0.0262729307221025 -0.0269572148386132 -0.0987154696964334 -0.069242606814103
0.00286641607685697 -0.0282890418307516 -0.154312518149586 0.0352606741095358
-0.00184629670306294 -0.0229715340974174 -0.0868848823599643 0.147880656160185
-0.0159142148896088 -0.0238530866363977 0.0246605478060088 0.147884374574614
-0.0287631299980051 -0.00820148791873093 0.0789992448400291 0.0950143962171595
-0.028349006565226 -0.00690819575915935 0.0925527460012036 0.0605218642156478
-0.0386810364887355 -0.015073791615236 0.0987688056165226 0.0419933044763735
-0.0272743697678022 -0.0439667096992101 0.100186352496073 0.0465724044957145
0.00226864104412935 -0.0503694396157756 0.0915348902383065 0.0716933164537407
0.0379892585872222 -0.0583292344746002 0.0680233998946169 0.11707632593088
0.0826053563920791 -0.0125773643504001 0.0179655145092218 0.152231272423112
0.091347029770859 0.0672229749329043 -0.0309537640924224 0.161206840616586
0.0654635347861706 0.116344866020844 0.00635171000347338 0.202244209174003
0.0708072603643054 0.128066633396021 -0.0203120826037889 0.124515438094108
0.0963370919130259 0.0665186339360608 0.04440579902423 -0.0393864868933529
0.0933266664170401 -0.0171967105770463 -0.0953769099039841 -0.0907298142450747
0.0502864910459277 -0.0737308566236567 -0.16526792672736 0.0139423513747327
0.00608536617462258 -0.0754251426819024 -0.106577375555759 0.132351751079283
-0.0306076948223805 -0.0662688863376744 0.00512701442251183 0.136738218387133
-0.0612933829268114 -0.0366200230140259 0.0589195404805669 0.0852806750048123
-0.0620552827897832 -0.0235662163948764 0.0708636502780294 0.0495334682358895
-0.0699807441509329 -0.0340115008371586 0.0793686918004883 0.0254405302820316
-0.0464153782113996 -0.0779033155821856 0.0891406760937173 0.0199158911314625
0.00274031501300941 -0.0919040160514837 0.097259067744177 0.0392028226993922
0.0666691355534694 -0.102680976805706 0.0927102207803643 0.0901718630168658
0.134566059539125 -0.0197106007080707 0.0524451083627603 0.13641777164033
0.1308000659599 0.105908606346153 -0.00722378001251629 0.135397009496947
0.0864125983578312 0.179474066083704 0.00972241548434038 0.139863290447066
0.0577793503142165 0.181063869337383 -0.0404109381248959 0.0634217875965313
0.116133242813247 0.132481946231712 0.040389560069501 -0.0680234698466265
0.150779961793167 0.0117950165757264 -0.0827120438600298 -0.118333093233546
0.104710700964479 -0.10144322524391 -0.163519870998578 -0.0208746490115098
0.023414100406443 -0.120068239081812 -0.120578408642829 0.0961047173600937
-0.0363329470189903 -0.104698820906751 -0.0210700418573477 0.109267987220882
-0.0836377792010196 -0.0621732389265297 0.0278182513913048 0.0644388154687422
-0.0858325133370735 -0.0374805767314248 0.0398159091541009 0.0320052181695756
-0.0926990992526602 -0.0436863275607954 0.0499052339229818 0.00403716385326614
-0.0637345236707599 -0.0958344002943075 0.0668952228283481 -0.0115411025832513
-0.00626291320028139 -0.118612695309154 0.0923023471868724 -0.00124712864253883
0.0749327943166001 -0.139231592589783 0.109590829873921 0.0519052606783695
0.163501726092896 -0.0374003441875274 0.0818644756637398 0.110352239714081
0.156778904199695 0.116953708390894 0.00603003567729295 0.107651403473837
0.0994505302114766 0.211385333961545 0.00406124509747573 0.0681254419838523
0.0323134615426605 0.202342207658944 -0.0483111805140645 -0.0203673424664083
0.106186131864375 0.17964204461523 0.0370042088637961 -0.108923933206827
0.175941448640333 0.0505356369190848 -0.0585964494658448 -0.144865720971911
0.14507549844774 -0.101348344170268 -0.142030118295594 -0.0618415327874296
0.0440725921083828 -0.14148076405282 -0.121536306336055 0.042905606895501
-0.0325145001720957 -0.126654874314969 -0.045545414485827 0.0649438193494525
-0.0908789385544421 -0.0794856047838781 -0.00767394865393623 0.032839283166494
-0.0971724834568209 -0.0454674017410389 0.00282262147566102 0.00985897714132485
-0.102685824809644 -0.046808177132326 0.014514892239536 -0.0186730104926996
-0.0727430968182942 -0.099299484832756 0.0367491432784314 -0.0412933069986675
-0.0138342200968757 -0.126483064169613 0.0755481908059902 -0.040770407241456
0.0731520175235991 -0.152022202411934 0.111901562744996 0.0134244653868834
0.166786672744388 -0.0440501382812839 0.0976774263469737 0.0804997657374604
0.156616357934741 0.114256029990385 0.00803479638953904 0.0820633782419493
0.0952405533721275 0.210780715664524 -0.00889241673339573 -0.00165648017380812
0.00468192660916754 0.183833950833823 -0.0422438877251472 -0.110783091188926
0.071091825621855 0.186352765383689 0.0370049517622424 -0.151916398736794
0.158081143126763 0.0779727173185417 -0.0289151601283025 -0.16221966389319
0.152197751083178 -0.0765448114113902 -0.105331928054744 -0.0952980109954555
0.0556975922249414 -0.131632465400896 -0.107413798374617 -0.0137669003087641
-0.0236556847416888 -0.12425136355781 -0.0656377765573286 0.0140344297757647
-0.0839416445823729 -0.081623765357498 -0.042580135887616 -0.00161092379474351
-0.0938869209207128 -0.0464706847333952 -0.0339729349671245 -0.01353814632794
-0.0985986877098917 -0.0455739757075128 -0.0214459275560912 -0.0402714252441811
-0.0697719384458382 -0.0917549869603262 0.00598010617386722 -0.06771537837895
-0.0129220442858952 -0.119380376025547 0.0570662179868548 -0.0725878490302437
0.0715877783768427 -0.13885257133944 0.106430680382834 -0.0167003560331525
0.151977067689109 -0.0323726649697396 0.100554190414052 0.0553985943359369
0.130251519456586 0.108745199602475 0.00408904069052024 0.0602834304859819
0.0684822268578159 0.187101740615578 -0.0196581650431777 -0.0611595938759753
-0.0179821140875139 0.127761439573505 -0.0289791271976332 -0.187156787825447
0.0278150992193088 0.147007982799374 0.0379404347081507 -0.185397675285029
0.106724474625987 0.0776654204005203 -0.00107051369353557 -0.167417955696296
0.119652867972255 -0.0441884200628614 -0.0690374810408727 -0.116395002656116
0.0505256201879 -0.0972847076848173 -0.0878821635065032 -0.0572491183022834
-0.0130940064172394 -0.0967518557227762 -0.0789050568121159 -0.030389426237113
-0.0637555447468751 -0.0669953054056385 -0.0712614545211797 -0.031887102305459
-0.0757410824351576 -0.0388482209104936 -0.0654303168663409 -0.0340275146208685
-0.0811097085115123 -0.0388353993153264 -0.0530736903100408 -0.0603579443767898
-0.05649900550129 -0.0754635756454528 -0.0186203991949038 -0.0907648844619383
-0.00706663468791071 -0.0992192894829204 0.0442138270926027 -0.0979192037602249
0.0684817359753774 -0.107092485054958 0.102503515857298 -0.0364521801788038
0.123312831570749 -0.00756798815594324 0.0984575512682752 0.0366747883258485
0.0872350773018397 0.0987964690872836 -0.000237752804218934 0.0431258158901829
0.0282170761897853 0.142855805259233 -0.0236316596576666 -0.107045595824312
-0.0351160827168493 0.048311313718149 -0.016515101492823 -0.235753725563765
-0.0127705448700888 0.0759816645501081 0.0333129750940164 -0.201073004084906
0.0423514395611235 0.0523021782740856 0.0146931931813993 -0.166360652855221
0.0630959497010429 -0.0142037009888144 -0.0480826472938857 -0.125700587405665
0.0324345676284662 -0.0488184179248323 -0.0761167786293605 -0.0816637929514575
-0.00293907057163481 -0.053231288088806 -0.0883368779081571 -0.0567743445836401
-0.0343025604080792 -0.0408923507715402 -0.0910273114274788 -0.0500699739779148
-0.0459166129856185 -0.0253579495425993 -0.08724249855606 -0.0494763294351602
-0.0511149595901419 -0.0270034946746308 -0.0738837717172804 -0.0767232763064233
-0.0359811067644018 -0.0512495794293386 -0.0324387569130405 -0.11122212984133
-0.000222897982583347 -0.0704477820864622 0.041511871229865 -0.118232440942386
0.0583971843765458 -0.0646432189927536 0.10585966275796 -0.0485535728021038
0.082478039329717 0.0177789007287153 0.0967333373758467 0.0285645725273586
0.0355094722231096 0.0790720471984267 -0.000432169156826795 0.033311390639421
-0.0152997783361134 0.0813391620928241 -0.0175183280379134 -0.132920598013917
0.039771919002161 -0.0156107158755135 0.0418728047972352 0.148220177177098
0.00179630163447453 -0.041638065049666 0.0470170668188584 -0.032091014322767
-0.0346872470825493 -0.0183440252442537 -0.0994449976884887 -0.0525497031259568
-0.0293789137436341 0.0229708959922607 -0.136840147919079 0.0492863309033553
-0.00099842166761719 0.0251005136828442 -0.0617083232632502 0.149132474361673
0.00542880821939794 0.014150292524677 0.0399725654172684 0.141878712624555
0.00920153786766581 0.0149424620251245 0.0889100065293163 0.0882311065283929
0.00823180202539195 0.0106436270099351 0.101498513847801 0.0559254331749918
-0.00355559868152775 0.0112814625861036 0.10596142383658 0.0438876829440692
-0.0131036119806592 0.00358843207657861 0.103487954753285 0.0546452171705154
-0.0127902892610868 -0.00133833682133426 0.0871831649944898 0.0807816945210922
-0.0143767996867172 -0.0205961864362264 0.0548796637432145 0.124954755851475
0.0169098043545349 -0.0303281996077897 -0.00190984292570799 0.156454850569335
0.0530725071072575 -0.00580417588779653 -0.0482837633983286 0.182115465571204
0.0475274912321858 0.0239459884771666 0.00962831760874424 0.237132248386145
0.0659892346916827 0.0541182098681326 0.0148482518959695 0.150808491436269
0.0535632283303256 0.00130074053858339 0.0462956850502933 -0.0288951675683631
0.0242967374357782 -0.0283052939430767 -0.100702811248051 -0.0646447340926235
0.0008199272754698 -0.0276850465608881 -0.150709401709362 0.0410226449395753
-0.00384758242180386 -0.0221447554528741 -0.0780570573912492 0.15020017787889
-0.0166726003355721 -0.0226947102158603 0.0300990407795369 0.144198537627567
-0.028605987627862 -0.00661796285573527 0.0815644836646382 0.08946919240989
-0.0282633562159746 -0.0053521787769578 0.0939141038004368 0.0544427984877214
-0.039010469061353 -0.0128451033196267 0.0997391579368981 0.0359640054686632
-0.0299032779818365 -0.042303379739948 0.101308713545443 0.0413600824669225
0.000155555706070344 -0.050094117441514 0.0936260811563829 0.0670419920309511
0.0344751927751686 -0.0590524895168234 0.0717291830005109 0.112336369693588
0.0800567022736403 -0.016364075225927 0.0232968180699025 0.148001236264194
0.0928202592451221 0.0614145408706512 -0.0247130883718118 0.161081183374648
0.0682872143757522 0.110795387748108 0.016270552777242 0.198572825047365
0.0753328500501895 0.122218392632338 -0.013579415097143 0.122877124180296
0.0976048216780205 0.0604254932520326 0.0430581086503521 -0.0411149178033753
0.0901181900880367 -0.0215492393455581 -0.0978407422557639 -0.085887544687054
0.0452640484962361 -0.0745930080792236 -0.162296610432377 0.0201597497961422
0.00127409884792883 -0.0743709454050945 -0.0985507625602663 0.136748653177753
-0.0340829188498879 -0.0643305979895003 0.0111022972559668 0.134979921452336
-0.0620189226853792 -0.0317059733434962 0.0609495868209268 0.080999019266409
-0.0617727597575878 -0.0202144882123316 0.0721466918858679 0.0454200276254935
-0.0702227446661708 -0.0291671417174283 0.0796777461933046 0.020437653169264
-0.0503079734763716 -0.074632481135802 0.0890991379585223 0.0155907161891623
-0.00167328479272357 -0.0906256735332517 0.0979196148662044 0.0344206373161979
0.0597990914259358 -0.103799592388921 0.0954968550633529 0.0845509064947602
0.130960958655942 -0.0257065648970542 0.0564725399605537 0.131120981260799
0.134150978898982 0.0978559088573054 -0.00246812134956204 0.133691499401991
0.0916164910385844 0.172168787957268 0.0157641060878919 0.137822701912153
0.064802158605943 0.174728580546767 -0.0362211954232982 0.0639179350690548
0.119847718567726 0.124494282230788 0.0375802052488929 -0.0686325721908426
0.147832169119665 0.00395396124402034 -0.0861289033698308 -0.113402271522318
0.096098096992025 -0.104371977745341 -0.161816615604488 -0.0137679758830867
0.016243098645265 -0.119117106687052 -0.114082258263525 0.10165876111425
-0.0416071290454399 -0.101559860666529 -0.0155044093871601 0.108529282960186
-0.0850665218537852 -0.0564953969118456 0.02987106723422 0.0616282759235357
-0.0859501156364261 -0.0323964476403873 0.0403680650740287 0.0299416172588865
-0.0925211771950913 -0.0373754561633448 0.0497780091553164 0.00100221283846582
-0.0683401154069022 -0.0911758473024431 0.0657192723617133 -0.0144135226548533
-0.0118061988587638 -0.116140438149577 0.0915165116210027 -0.00603225595566799
0.0653043663599224 -0.140090083168495 0.109958495630052 0.0467081927539919
0.158481627729937 -0.0443898183036035 0.0848606282387267 0.103954318871287
0.159943703097311 0.10803213045908 0.00981014317917487 0.10641574189506
0.106674230670848 0.201863339243603 0.0058369765980031 0.0674923685447503
0.0411893071861911 0.196338371077116 -0.0478736660174234 -0.0182569019739769
0.112432155817473 0.17129632125013 0.0325625605546591 -0.108799224117132
0.174145698079258 0.0401529205738757 -0.0635572310824442 -0.139687218030361
0.136458543027058 -0.106307063823968 -0.142236647955869 -0.0543196917491315
0.0355426612965392 -0.141086194486309 -0.116845078497971 0.0496765686131097
-0.0390447907147947 -0.123530340574623 -0.0426018260926816 0.0663325513280445
-0.0937732093596903 -0.0731295744382772 -0.00685072771131748 0.0331167718559281
-0.0969515946217062 -0.0393517775558826 0.00279717763630289 0.0102995932554184
-0.102267907870587 -0.0401585985493057 0.0137069995403482 -0.018977203159313
-0.0767219064225765 -0.0930653967169267 0.0347624956237373 -0.0417328980227064
-0.0194100709775605 -0.123649269814627 0.0734048450357092 -0.0436775017153724
0.0631938108951297 -0.152975345269348 0.110687942990086 0.00844801868834584
0.161489041307656 -0.0515421878660567 0.0997159041363561 0.0738609680069224
0.159377405706885 0.104887630265485 0.0109656098919039 0.0806874714141456
0.101654504791898 0.201966149877396 -0.00969339899978902 0.00030844046323522
0.0133087874963072 0.179011776062603 -0.0459181806273597 -0.106511402210374
0.0788472562663814 0.180032804606742 0.0300626250544692 -0.15037500221318
0.157464799215027 0.0689446227665124 -0.0343118141599527 -0.157680566145576
0.1438856734795 -0.0818942984634669 -0.107790571369219 -0.0892380267277517
0.0474908470080492 -0.132667080654374 -0.105993726952228 -0.00677281883564953
-0.0298773938509484 -0.121068272638275 -0.0642234274498961 0.0168338448496574
-0.0866622447783477 -0.0757935162822054 -0.0430456567234279 0.000753783632733361
-0.0933609030503087 -0.0404284627609965 -0.0341990129423421 -0.0113108097518269
-0.0984613677373991 -0.0388224087275201 -0.0226461514531489 -0.0383903176848734
-0.0737764763419588 -0.0861497700158262 0.00330183678454798 -0.0661568158265482
-0.01888005410583 -0.116641917985004 0.0541395387458137 -0.074188708392225
0.0620163649977728 -0.140235499140544 0.104158730112042 -0.0200897550360224
0.147851836589895 -0.0386173005514704 0.100954118571951 0.0488121691307664
0.132975354667288 0.100795846415467 0.00600946558683333 0.0599105275245774
0.0751456308433314 0.17986322731789 -0.0239263677260776 -0.0578958221149982
-0.0118660749768826 0.125255838091858 -0.0367042446637553 -0.183090428673285
0.0342228113276907 0.143052003617044 0.0297823858190517 -0.18250283887528
0.107824277046186 0.0714915945786546 -0.00654182786036022 -0.164697323511567
0.113876782230851 -0.0485643611913177 -0.0723921963676323 -0.111583273538674
0.0445254033993854 -0.0986597894172721 -0.0891025375530336 -0.0520577401628398
-0.0180183660795421 -0.0948651950487452 -0.0800998759238159 -0.0263105421544838
-0.0663808952587311 -0.0627092687625338 -0.0735137653008468 -0.0266581461566619
-0.0754817382315221 -0.0341350983233904 -0.0664297538275537 -0.0295500263782013
-0.0803791467544863 -0.0332440869523334 -0.0548809525190607 -0.0560511971194387
-0.0596983906531192 -0.0709721039460451 -0.0222919169879426 -0.0879314017934563
-0.0116565441640446 -0.0971058687833019 0.0394132783771468 -0.0985929616341516
0.060565760049948 -0.108734117996725 0.0996713472457292 -0.0399337982701714
0.121020165730877 -0.0131199426891312 0.098482026905677 0.0316395026034532
0.0893217386591825 0.0934876057442326 0.00170007044030781 0.0428905012775996
0.0336468548173916 0.138239961734318 -0.0293500126838148 -0.102387286490591
-0.0320899852392154 0.048501934393654 -0.0258579465751924 -0.230663735443308
-0.00914689403746393 0.0746972750907564 0.0244187704845985 -0.197679952526373
0.0434340003103986 0.0491148456607812 0.00815638300485007 -0.163645147208486
0.0604574440633284 -0.0170626271639567 -0.051617937628358 -0.121381354662719
0.0293071722933036 -0.0499742754680957 -0.0789447829813206 -0.0769740367737538
-0.00519521186189535 -0.0524598591718276 -0.0902153296139957 -0.0518094326912481
-0.0356015209662587 -0.0386033935547523 -0.0931802816645009 -0.0441243999093557
-0.0452293486050186 -0.0223632068444289 -0.0885015915252903 -0.042856348968198
-0.0508371785256059 -0.0231668484547708 -0.0769539339183141 -0.0708320953606922
-0.038177832329123 -0.0488072324372006 -0.0368401603556401 -0.107216278659741
-0.00360450477719601 -0.0687858537925565 0.0360433501236228 -0.118507958214058
0.0535903321325459 -0.066289971993182 0.102551400043188 -0.0518757469043318
0.0818978588023837 0.0134363234459386 0.0962135154418078 0.0236423911655978
0.0379869904689769 0.0761939161411663 0.000853680546684047 0.0329431317525751
-0.0118871455285272 0.080180628861754 -0.0249691851517513 -0.128615642085694
0.0371717366739576 -0.0154387833611428 0.0440128971142834 0.140315137127466
0.00039084890669258 -0.0407015644740052 0.0448117807619406 -0.0331218294642577
-0.0336998829917288 -0.0169508302177193 -0.096954452083826 -0.0489725999500085
-0.0273511932979872 0.0234411175955769 -0.131821913957465 0.0504446538883943
-0.000670051115146222 0.0246483898409375 -0.0555218738583649 0.145789922023924
0.00510686045910304 0.013981193553923 0.0429556119728049 0.136051941780625
0.00913490453419915 0.0142349305988252 0.0873674768867249 0.0827485690076123
0.00819091721037227 0.00965306341105104 0.100126641998072 0.050224717638776
-0.00368554766592027 0.0111959677247839 0.104639111766331 0.0386698648894527
-0.0130344388220356 0.00397346775190733 0.10218932318335 0.0493889886206541
-0.0119265500295939 -0.00116786464682635 0.08604378960113 0.0765338963457464
-0.0139410520303289 -0.0194830287459 0.0556543998705464 0.118912523386989
0.0153531375971044 -0.029894381280361 -0.000213466224904746 0.150683991366171
0.0506427166787331 -0.00751507444796454 -0.0431736685706919 0.177686894502546
0.0456735612128511 0.0223755839538211 0.0160029089176359 0.22831347975794
0.0646971250544965 0.0502193023451719 0.0191644941059182 0.144193305866717
0.0521290152639145 -0.000315957249133191 0.0448141025943149 -0.0300937871051134
0.0221440150018952 -0.0285891158827098 -0.0986669775438389 -0.0598689051862486
-0.000582035947889727 -0.0260715358618806 -0.144340668344824 0.0428878575636173
-0.0054619165697104 -0.0204981144991222 -0.0711957076108416 0.148229262169894
-0.0175664188232965 -0.0212602430446154 0.0333831546162027 0.139165180581621
-0.0280800904870645 -0.00509852927889443 0.0809371926748273 0.0836975989711778
-0.0274424705285514 -0.00404808301044365 0.0926474801195001 0.0495006261924593
-0.0382480929954666 -0.0105039797604725 0.0977191961305933 0.031226958726528
-0.0308931524159945 -0.0395681074538664 0.099623726046575 0.0371185722532162
-0.00129834215600449 -0.0484223009961755 0.0931053048316296 0.0623972962892868
0.0316396661007247 -0.0577626665718526 0.0717591166131573 0.106165930520791
0.0768117032852617 -0.0170724547061289 0.025083179974991 0.141009935114071
0.0912038214924924 0.0562502895799533 -0.0206748590916797 0.156334661471269
0.0672206005935222 0.105198608272789 0.0206160563135624 0.190998099627987
0.075298474382992 0.115195000613119 -0.00903911330658585 0.118035006643604
0.095812625525156 0.055427670263374 0.0411659765282592 -0.0412204323701354
0.0855417792906384 -0.0238800982077631 -0.0957985939651587 -0.0807137696245961
0.0401729779483255 -0.0725800711220574 -0.155809471458132 0.0232674635837416
-0.00193681645053517 -0.0716228147317812 -0.0904519926250149 0.135405288625865
-0.0358745965424717 -0.0607595612942645 0.0139591328171824 0.130043405279623
-0.0605154415685509 -0.0284175716067009 0.0610077443929788 0.0757316085842203
-0.059645653774788 -0.0174082030607809 0.0709706952170273 0.0418250494241749
-0.0687205131722378 -0.0255030248477777 0.0780352069129644 0.0168600533086142
-0.0521216167650743 -0.0702528894912489 0.0872389277488374 0.0127771248420248
-0.0043889698564311 -0.0881490351040957 0.0964284573125402 0.0304722018322314
0.0539934523213273 -0.101794450219876 0.0934587030612836 0.0795590777067114
0.125571861139718 -0.0283753599801395 0.0569362337572038 0.124058395257677
0.132212008284358 0.090813269869803 0.000526777388191148 0.130243640449971
0.0918419308661211 0.163211656509109 0.0187766852203325 0.13248705654787
0.0671128597965036 0.165090578422333 -0.03237633577256 0.0625393877358197
0.119447032781448 0.116844895212071 0.0355662837150795 -0.0667566838452662
0.141106461105035 -0.000690662026698714 -0.0854895873901744 -0.107534283083173
0.0885883731781081 -0.103074298801878 -0.15610928073003 -0.00973056930960538
0.010863951937861 -0.115237080555581 -0.106932217149604 0.10296295288043
-0.0442470149399814 -0.0966417919637576 -0.0123716615050796 0.105667740312788
-0.0839828169379929 -0.0511507208405855 0.029813206216165 0.0589771674547928
-0.0829184723082261 -0.0283054545856152 0.0394960557421366 0.0277568200866171
-0.0900745053547138 -0.0326421247805036 0.048301249210784 -0.000493404781951422
-0.0695965055098248 -0.0857510565268753 0.0635396459211602 -0.015547971984557
-0.014645462646346 -0.111613465824425 0.0887547051416082 -0.00788965230300524
0.0580610703929217 -0.136669172021388 0.106798202640385 0.0431082257486295
0.151265089512449 -0.0472000655210347 0.0833644168758391 0.0972455968326586
0.157501195058768 0.0988009044041599 0.0111087699567542 0.103279844467788
0.105924103947966 0.190624542868688 0.00674919946441149 0.0661311903118236
0.0447081890878353 0.186919512725873 -0.0459447816648357 -0.0162202996677874
0.113774525939897 0.162386205584359 0.0295995131488543 -0.104707233010599
0.168204899811878 0.0344392593088843 -0.0635533055686554 -0.133236813002747
0.12732413972061 -0.105283138403022 -0.138164105679663 -0.0490379446112009
0.0283057907272614 -0.137549444015979 -0.11130920107195 0.0523400170240344
-0.0421465023165949 -0.118410285567089 -0.0394305222865782 0.0656471892153555
-0.0927527127551649 -0.0667679353945429 -0.00647083807490752 0.0321706600912273
-0.0938270243308281 -0.0353062093425998 0.00250092845669979 0.0103186417685853
-0.0988763481714017 -0.0342703931061138 0.0131680865876707 -0.0190919900618668
-0.0776402132663071 -0.0880930082936274 0.032575207149527 -0.0411187024203789
-0.0222969572720188 -0.11886276924812 0.0709370387296881 -0.0442588230785793
0.0554179243279167 -0.148905239200857 0.106692292294369 0.00633150386152664
0.154175957710129 -0.0541479667349771 0.0967893719318709 0.0677327976254181
0.156769273028362 0.0971629022341889 0.0117801403863231 0.0787353375160684
0.101934825493376 0.191377424209355 -0.0106594738850378 0.00192377582332966
0.0175452065771906 0.171360174900455 -0.0463836027227289 -0.10054525923607
0.0802723353976112 0.171582342747598 0.0267439627843342 -0.144475438653064
0.153076360218194 0.0623191132767882 -0.0352461202245102 -0.150809095256955
0.135121711738463 -0.0826852473886338 -0.105533449149807 -0.0831989394247643
0.0406223563641519 -0.129642624084838 -0.101891944635593 -0.00299700243873699
-0.033089518612994 -0.116556036323995 -0.062361165782268 0.01795567543706
-0.0856858582603645 -0.070028711419946 -0.0422002973515189 0.00245102705191923
-0.0909527955354852 -0.0364512347173047 -0.0337568379210907 -0.00918193361264621
-0.095198486252327 -0.0333441286996336 -0.0233327908979192 -0.0364825847610553
-0.0745478838070798 -0.0807552926340063 0.00228924828452955 -0.0634578389007906
-0.0209779924420763 -0.111353625268974 0.050376329211038 -0.0732241308097085
0.0542574390698877 -0.136557836096869 0.0999840895862053 -0.0215635543977156
0.141424846224912 -0.0413830290695505 0.0985263198842552 0.043310325832961
0.130903131938352 0.0939951507155643 0.0070752628201042 0.058041584989394
0.0760341414142989 0.170386398436624 -0.0255416240977231 -0.0537925087966276
-0.00800562724110373 0.120539013186072 -0.039631793813852 -0.174098065709146
0.0367759184525253 0.136952667345075 0.0250479033100929 -0.174800900900357
0.105193532648333 0.0656028513730127 -0.00883486530268925 -0.157896359898853
0.107382103418804 -0.04938294338068 -0.0721649389707315 -0.105358931895165
0.039028302502166 -0.0966716534892896 -0.0874546373278127 -0.0469210927935394
-0.0209110777079877 -0.0912686847464182 -0.0783228281685151 -0.0230586446653301
-0.0656832797252099 -0.058191330127683 -0.0722936956965543 -0.0230901176113592
-0.0725202623854216 -0.0305964921716411 -0.0657722102069466 -0.0254281211167129
-0.0774236908781596 -0.0291453857730542 -0.054880337907598 -0.0521051041366606
-0.0598427689204769 -0.0663189180151602 -0.0235833534525136 -0.0834487011510457
-0.0141089000123417 -0.0929401935555061 0.0363741174214303 -0.0965199385301405
0.0545800735650877 -0.106725985478715 0.0953668238161357 -0.0401902915846538
0.11602654280895 -0.0170244658667275 0.095176798325173 0.02753278925513
0.0884844653731342 0.0877577729189572 0.0020385111431783 0.0422452960783994
0.0353340078334362 0.131547059954396 -0.0327198006191177 -0.0966724179396351
-0.0293041405905027 0.0468777724367716 -0.030985313552847 -0.220845477301142
-0.0066915455672545 0.0721610204108258 0.0194244115496033 -0.189064040702515
0.0427774340698192 0.0459311301201535 0.0056735337927047 -0.158225050419553
0.0567848388410384 -0.0171119739447939 -0.0517986446266067 -0.116164360528462
0.0261044899423337 -0.0496119758151064 -0.0781979914817647 -0.0728386013662157
-0.00757034250083164 -0.0507377903858544 -0.0899413042007252 -0.0476216853829104
-0.0355350241494455 -0.0359333547289033 -0.0927258665761268 -0.0383661098492285
-0.0437054008864696 -0.0199089444356707 -0.0873137135725073 -0.0375764477625044
-0.0486119273670269 -0.0205290103799959 -0.0760477898676888 -0.0653138423107955
-0.0378554998351574 -0.0454612461450557 -0.0382491661099718 -0.101517333660553
-0.00558159514843874 -0.0658168014570437 0.0320216207922268 -0.115391619729617
0.0498927211133642 -0.0650092908204796 0.0980792708706918 -0.0530098732665795
0.0796408691492943 0.0105393868030969 0.0938912831195096 0.0210269538315124
0.0379506400501287 0.0728363559628229 0.00118562332744229 0.032128282585713
-0.0098423420086475 0.0770091448962956 -0.0293176808703117 -0.121718426428746
0.0383811224505305 -0.0128587310734369 0.0346080928057502 0.135873401391271
0.00236196229266963 -0.0393899332288728 0.0446585406068786 -0.0300539670593135
-0.032369305271889 -0.0175272686172892 -0.0908166471970309 -0.0516234691408427
-0.026447913757521 0.0220166827235646 -0.130005762521181 0.0431257998594353
-0.000424387001055952 0.0238107196742425 -0.0584457580435766 0.138488226941505
0.00436741076155305 0.0136779422154455 0.0355502341629616 0.13260882407052
0.00876765668296521 0.0151795815949488 0.0813831102396671 0.0835481109096931
0.00735175270542029 0.010138670178846 0.0954704125066277 0.0512592869070183
-0.00313096590522959 0.0111936969011289 0.0999323672253809 0.0403322025244134
-0.012275239825226 0.00354202491594748 0.0970633577124715 0.0508216695338382
-0.0104432509325609 -0.0018801202728801 0.0792526093005843 0.0769668229922047
-0.0116383872482284 -0.0172866992814702 0.0475441488034018 0.11548162856952
0.0163368281557292 -0.0256227255654106 -0.00872970403133357 0.143308283933221
0.0485107658017972 -0.00308676731130095 -0.0514605669742196 0.169628542689855
0.0440808779441738 0.0256341424747311 0.000549296634256627 0.220142594999577
0.0607803360214622 0.0533485276857266 0.0132370131274858 0.137794975956486
0.05027011569353 0.00258300063868899 0.0456261309881465 -0.0287339029368542
0.0228839284687482 -0.0252331724393899 -0.0917223791921863 -0.0646399353204026
0.00134939916994224 -0.0233000907620207 -0.142676669866104 0.0331011383965257
-0.0020176362206148 -0.0202396873999753 -0.0753055934110254 0.139204648349772
-0.0158296987389774 -0.0212856426039812 0.0251169939247489 0.134645704358863
-0.0258121592981428 -0.00545596302569422 0.0740883385317316 0.0843859646527457
-0.0266801987161091 -0.00542649455298498 0.0877595126243161 0.0503604341656691
-0.036479612220553 -0.0114759476837209 0.0941857921154411 0.0326759506367033
-0.0289490523551383 -0.0399725910649699 0.0960096205435299 0.0380890483283067
0.00210869802054727 -0.0479963524728903 0.0886877096378557 0.0632085286848543
0.0336793289038875 -0.0525894548879004 0.0661784422953099 0.105219268849767
0.0755897514668468 -0.0112172123497 0.0164439773177095 0.137733728898215
0.0855198353369987 0.0605713943892881 -0.0303792562279226 0.15199533128179
0.062807845635816 0.105369928136659 0.00544990240226142 0.186380973492712
0.0666225384197923 0.117316311679227 -0.00915446604960731 0.111809598849277
0.0893065106675914 0.0601821706762239 0.0445892957300972 -0.0408135027329592
0.0835326760519222 -0.0168340331947859 -0.0873190511590402 -0.0869803872328973
0.0424261553889012 -0.0651996341320709 -0.152828172555091 0.0108944924255089
0.0031696324030115 -0.0684033109037494 -0.0948767356355021 0.124676746098157
-0.0314289141061102 -0.0607783453627392 0.00598345552767015 0.125016755638719
-0.0568705797677034 -0.0297873486806184 0.0535420754585985 0.0766037763825125
-0.0573905223871252 -0.0199906320613802 0.0668071153963678 0.0422631250827725
-0.0654911390370759 -0.0267549905371972 0.0753908569552331 0.0171624452610179
-0.0486306887249637 -0.0708598468802237 0.0850345588878716 0.0137618127103272
4.59384569997954E-05 -0.0869040446717905 0.0947819871960782 0.0322094687832319
0.0581609902451005 -0.0951828540052626 0.0913121912726292 0.0798791123970163
0.123882326236807 -0.0195974442420932 0.0494923058290367 0.124144093842149
0.124220698657777 0.095314441169654 -0.00958928025108126 0.129764155210881
0.0843148395079936 0.161578095915173 0.00555830379897079 0.13191880328672
0.0545457266851465 0.166269666582738 -0.0269822286355183 0.0578024375962398
0.107692079573495 0.121477939836173 0.0425041398870946 -0.0666317164199042
0.135685532691355 0.00941175745309916 -0.0741322995691942 -0.113349462961598
0.0895509285676236 -0.0916499347804083 -0.150487682232354 -0.0228413040550641
0.0177468168533367 -0.109559152375555 -0.109629761515226 0.0913184131041825
-0.0382541116316991 -0.0963064328986818 -0.0192399818742927 0.100170627649556
-0.0784713469333203 -0.0533500633849109 0.0234134216247473 0.0585403477403323
-0.079637012159562 -0.0323006446684994 0.0360819737412722 0.0286841463451785
-0.0857221820142345 -0.0348797829744467 0.0469959862259389 -0.000620209321720645
-0.0659198261841108 -0.0868777060903595 0.0632645562438404 -0.0148436869031494
-0.00932903591891241 -0.111545900370041 0.0899574174437835 -0.00622887304802278
0.0627065454527944 -0.128966742041601 0.107120952142971 0.0440960223032876
0.150041800559837 -0.0374090397866817 0.0779349015632028 0.100022743351525
0.148632616171655 0.104537429128552 0.00234254629230729 0.105404252824186
0.0970225506846555 0.188314089603011 -0.00265667008463283 0.0685382509898101
0.0303746695424151 0.186249383285467 -0.0348421665203174 -0.0171775146278005
0.0983108135022708 0.165296391816822 0.0405260985923016 -0.10208258465194
0.159045312763055 0.0454354390701942 -0.0500136047019196 -0.138329725476938
0.125681823400928 -0.0917412285096408 -0.129238933783128 -0.0613732842661363
0.0357689692584532 -0.129536877746805 -0.112378234065551 0.0414436320096996
-0.0357928502526624 -0.11644471117103 -0.0440134438669434 0.0602540806592877
-0.0865143445245237 -0.0693611414943154 -0.0110490159766409 0.0313821251090854
-0.0901896328054955 -0.0392256809686556 0.00113860066057683 0.0105283874751987
-0.0950776612122999 -0.0373695446555248 0.0129657326396944 -0.0193030291172655
-0.0738838484791287 -0.0890835954551331 0.0344855605085382 -0.0406295774104554
-0.0168932358659551 -0.118793978063292 0.0743173858219763 -0.0419369837957516
0.0605268928880881 -0.14183855084925 0.109828959055401 0.00858079029389672
0.153939643864995 -0.044533130760343 0.0928089774619668 0.0723633563245058
0.148046612571997 0.101874570184471 0.00442275733350916 0.0815328915535649
0.0920253658147943 0.188044268196436 -0.0157439887477555 0.00573688443138295
0.00331610730178692 0.169542702174797 -0.0314063348678669 -0.0978586942505392
0.0653611163980826 0.172734581572806 0.0398194467741132 -0.139346015561716
0.142236449018567 0.0714664858326386 -0.0211140341986835 -0.152363166930821
0.132557283433617 -0.0694303239393526 -0.0954470783806693 -0.0925482849623249
0.0459388471970546 -0.121353534595578 -0.100736344527005 -0.0114872027226555
-0.0269371688191374 -0.114323636019911 -0.0637445702786428 0.0139561224343032
-0.0800927131965754 -0.0719061125499865 -0.0448432350137231 0.00180989945699833
-0.0865168416124098 -0.0404145563125502 -0.0334937217559795 -0.00888466930243442
-0.0911659681883486 -0.0362998040602232 -0.0213017777002538 -0.0372424444239234
-0.0706725337807476 -0.0822212748968015 0.00497245370998443 -0.0630505198328025
-0.0165611647533617 -0.111460838356594 0.0554177825347866 -0.0712582424675184
0.0587728317972584 -0.130671588076146 0.10421956110079 -0.0183773504220324
0.140603606563625 -0.0334702143131582 0.0948090351735206 0.0498850061868023
0.123215556956529 0.0973227492082262 0.00105827121863366 0.0607507052568773
0.0675205609522723 0.166110480816478 -0.0263973973488367 -0.0481932044587849
-0.0181981459294692 0.117925900538048 -0.0226661544278229 -0.167945373350662
0.0243361750002498 0.136264320049209 0.0381962808085567 -0.167356424943884
0.0951397406857851 0.0716662861491009 0.00537280320350892 -0.155506707855438
0.103617604987231 -0.0395426590004684 -0.0615872164784032 -0.109893059661617
0.0421613626204758 -0.0895999139816281 -0.0839732207586961 -0.0523988206533
-0.0166596269127177 -0.0890663689737503 -0.0773370559434321 -0.02683411170897
-0.0613466129109258 -0.0600646941220588 -0.0722985546200594 -0.0242288727380201
-0.0694343257347595 -0.0342709970913621 -0.06381996059746 -0.0257681569834143
-0.0741419941803839 -0.0312286912231035 -0.0510336673752778 -0.0524391296266502
-0.056959432080942 -0.0678162081091368 -0.0186540857319437 -0.0826567207251676
-0.0103698945304204 -0.0930983089273244 0.0418946389103143 -0.0932242289140264
0.0571613039622002 -0.10151361860088 0.099915927332658 -0.0355214168451078
0.115093009424103 -0.0102858976010246 0.0915647023228057 0.0341002325700533
0.0820891367819556 0.0895828708053648 -0.00230575707215538 0.0437714025422131
0.0292421146556953 0.127220733231318 -0.0301116469892516 -0.0908161378376147
-0.034611929783091 0.0448722382977381 -0.0154607786374496 -0.212876824296208
-0.0138797596296587 0.070493732066021 0.0325891370410375 -0.179864631721515
0.0364208109654803 0.0486928780187998 0.017521164831077 -0.152487260886939
0.0542338957884772 -0.0114389409837418 -0.0421591595445669 -0.116655332023244
0.0268521521713996 -0.0450290383574107 -0.073687390315062 -0.0752774655325411
-0.00530108107371357 -0.0488038802286674 -0.0859591089321808 -0.0500551853807934
-0.0332784370022714 -0.0369296691050292 -0.090780186525397 -0.0394699782519754
-0.0415833618046451 -0.0223240872433335 -0.083505579279034 -0.0376503693887882
-0.0464810220574068 -0.022597916431428 -0.0715015787362285 -0.0653752592801905
-0.0360158838258414 -0.0462132167726881 -0.0332548697743633 -0.0998664126276357
-0.0031357667086205 -0.0652835892241309 0.0376542791765011 -0.111317533872681
0.05126814126349 -0.0619677235793164 0.101241782500505 -0.0460533898939414
0.0780209951299261 0.0139717622066793 0.089297702759045 0.0270654157206964
0.0337187649049957 0.0722973926715751 -0.00296467151647351 0.0331682998580631
-0.0127650140114028 0.0730255641148823 -0.0240032559005172 -0.116559752941061
0.0378055272196655 -0.0115294219603737 0.0329827486443619 0.133602986517695
0.00320777390096981 -0.0387735883850726 0.0454628301593208 -0.0297854486977704
-0.0319805017526748 -0.0183698225549546 -0.089168291307736 -0.053198443067891
-0.0260369026472209 0.0216424605182824 -0.130830987710654 0.0397732143121236
-0.000718545922729863 0.0242111685877785 -0.0600902623250293 0.136631855471968
0.00410768587539009 0.0148081506415304 0.033630032223597 0.131940268500837
0.00897855202035247 0.0152954867995855 0.0795168894257212 0.0836127283928762
0.00726377525828519 0.0097389619713782 0.0950344023254197 0.051502960239099
-0.00338543587215518 0.0112098905299255 0.0995639541029702 0.0404003638221424
-0.0126048578102836 0.00299862875439315 0.0966425465691463 0.0520558801766178
-0.0100540545159638 -0.00196825264967728 0.0771769111992105 0.0785198078423352
-0.0106607688460847 -0.0176576046795518 0.0448951111279361 0.115811393324422
0.0167927227195738 -0.0246377539323272 -0.0128663803834263 0.141676191763091
0.0482870436187078 -0.00270114272137434 -0.0551049858848014 0.167012175941234
0.0426012889229772 0.0268889455412961 -0.00254707422171475 0.217930352408976
0.0586157297838172 0.0536284081352546 0.0116508606753679 0.13576301233264
0.0495844308819272 0.00334352682186864 0.046274297825661 -0.0285177508657311
0.0223024106623312 -0.0255705201144963 -0.0894428597647087 -0.0656904007968513
0.00148937760351009 -0.0231207438747085 -0.142619618947378 0.0294006501634412
-0.00230491088367235 -0.0197592436871261 -0.0757808608814913 0.136502048490196
-0.0158917377583707 -0.0208101998201138 0.0231971979709017 0.13434967960449
-0.0251697696134987 -0.0054025561101083 0.071962094556299 0.0848477673368454
-0.0261131328760035 -0.00570908389531611 0.086611653869639 0.050305286443738
-0.0356326964689807 -0.0112689067226196 0.0933210513091076 0.0327867455853381
-0.0288711455571638 -0.03982574389808 0.0953628689645685 0.0395077268651445
0.00296454328281368 -0.0480195714468859 0.0870342055821812 0.0648058828567743
0.0340609024194867 -0.0518725459431448 0.0637631531376007 0.105826644074738
0.0751393317793562 -0.00959812426213913 0.0120686688982922 0.136385876870857
0.0837353215419524 0.0615339448749244 -0.0340379852531449 0.150363412735511
0.059949075086776 0.106034079652515 0.00199311567102016 0.184732210669337
0.0635735368569284 0.11604686628614 -0.0106460553242746 0.109972551347527
0.087532925183742 0.0607826016437135 0.0462965214172951 -0.0399196624952748
0.0822214086467792 -0.0160512585711315 -0.0844216786969201 -0.0879166630841722
0.042046654184635 -0.0637589834246717 -0.151390393721608 0.00770584045920174
0.00344512102827326 -0.0672847512369384 -0.0942736388383796 0.122701455931971
-0.0314859071838849 -0.0601870483253226 0.0039443643492585 0.124579296318816
-0.055861465761147 -0.0296629867266723 0.0519539658304738 0.0768194699817639
-0.0560483513376755 -0.020559851955664 0.0659857071799054 0.0428472917735659
-0.0641201159782113 -0.0271137740380345 0.0746911044005761 0.0179414992379887
-0.0481544348380536 -0.0709210096394343 0.0850759641658555 0.0148768191847285
0.00149582495624802 -0.0863384648506185 0.0941055173139476 0.0332373305531677
0.0581412624797945 -0.0936467745236112 0.0885127693851145 0.08123623278325
0.122962138957649 -0.018010478992152 0.045361831986845 0.123408727162852
0.121114237832631 0.0963380211208551 -0.0126171623230862 0.12827476291647
0.079583999160684 0.161385781861136 0.00305708406569973 0.131025045785059
0.0509339974599615 0.164344643253754 -0.0269924321248465 0.0569986329364183
0.10500794227191 0.121562481540009 0.0446206363338225 -0.0650540505733333
0.133182405401863 0.0112917094163271 -0.0705755043584266 -0.113680766896952
0.0891197366385162 -0.0890622063237545 -0.148521641500063 -0.0260255292993168
0.0176942310215422 -0.107863908871038 -0.109092647685 0.08970551949786
-0.0382495773270575 -0.0954523930433129 -0.0204075060920591 0.0992076661966882
-0.0771700140901689 -0.0534621264690442 0.0219788700517155 0.0587368669189639
-0.0782079257889347 -0.0326092987038112 0.0363160732057751 0.0294790534208412
-0.0840861881547266 -0.0351694318164255 0.0466976159737378 2.7064493323578E-05
-0.0652053080297261 -0.0865380069196283 0.063761874506792 -0.0136332003090501
-0.00771769482278158 -0.11083001237998 0.0902425779878127 -0.00511248536664257
0.0625596593607128 -0.127329228887652 0.10536203864122 0.0461305231924371
0.149301720872307 -0.0351202539541268 0.0744156324737605 0.100179555808585
0.145432241375434 0.105900591892161 -0.000370782208488391 0.104520379224625
0.0918624380807627 0.187893420594429 -0.00426699605934349 0.0690084855755718
0.0262229043679741 0.183489040251957 -0.0331128726001944 -0.017007865005897
0.0948536647914443 0.166031623828978 0.0428168632346317 -0.100285602784541
0.155575948966124 0.0473917498852122 -0.0462474699632067 -0.137242098700649
0.125361913913396 -0.0883260228641594 -0.127035482098724 -0.0636447827919306
0.0359750340082469 -0.127968758855947 -0.110884351343985 0.0400548495254431
-0.0353213356572519 -0.116063599531538 -0.0447849997263169 0.0587252444002322
-0.0852726672610817 -0.0695906169700617 -0.0122718638703784 0.0323861608621855
-0.0886671796435163 -0.0399324838381326 0.00146354560104948 0.0114575928608063
-0.0924618031295666 -0.0378594891172741 0.0128596306360807 -0.0187093380019068
-0.0728579291016246 -0.0893960320026893 0.0354285683268469 -0.0398051916385779
-0.0150440266826911 -0.118096085685568 0.0749266186950303 -0.0412146438627474
0.0603438046573235 -0.140355653989424 0.108529519347834 0.011541472706535
0.1528713352985 -0.0426954142145116 0.0894074773457157 0.0730752113654406
0.145208392803146 0.103445722384107 0.00252801674580032 0.0815021706448999
0.0871547333088512 0.186960906179953 -0.0162012662275082 0.00700896001876742
1.35649752952449E-05 0.166483678735888 -0.0284302488521522 -0.0973656346402267
0.0616779950737134 0.172024137200141 0.0429232780630872 -0.136159661042328
0.13902983178781 0.0728839130867953 -0.0165367698528274 -0.151127363502728
0.130958457180933 -0.0666118946124722 -0.0923199088735415 -0.0933957337606308
0.0460760066456941 -0.119775104307932 -0.09921219108598 -0.0120691564761993
-0.026586519385476 -0.113626566091191 -0.0641084188507601 0.013032131992705
-0.0794212727587228 -0.0724755400459237 -0.0450887017521747 0.00211177248188347
-0.0850480895984724 -0.04060814422452 -0.0336105219475834 -0.00787652462941285
-0.0889186787272718 -0.0365143302089396 -0.0205654495851907 -0.0366640732185158
-0.0696467076337067 -0.082035763288318 0.00668139693928831 -0.06181855812893
-0.0148000078931941 -0.110686973903383 0.0571115356962575 -0.0697062561256194
0.0584323609030746 -0.128400220325716 0.104469368720017 -0.0154057906278791
0.13916159017011 -0.03167903293926 0.0924311721682635 0.0501798589914865
0.120590787214922 0.0987380444359375 -0.000291896302022098 0.0603341823093301
0.0631952327501302 0.165212364014482 -0.0263788579664972 -0.0471583996041351
-0.0204908190223845 0.115825579938013 -0.018825573878075 -0.166090938300654
0.0215245096112257 0.135203316755973 0.0427286142390434 -0.163231739281191
0.0926973086978267 0.0726239469734219 0.00923731900619905 -0.153940356007171
0.102502561891624 -0.0370941257329605 -0.0581619851308752 -0.110280655066636
0.0420011744695665 -0.0884470662749655 -0.0825800242146335 -0.0532752273002376
-0.0161509021008793 -0.0885331150446644 -0.077401711783836 -0.0275913274078413
-0.060711967493824 -0.0599623438899707 -0.0727532001971492 -0.0235692035793632
-0.0677537823398874 -0.0345614226277311 -0.0628285279260926 -0.0246579505836222
-0.0721553626322922 -0.0313136907005318 -0.0501674501700802 -0.052016571574514
-0.0562525448531684 -0.0673516572932046 -0.0171955710554078 -0.0820498897727478
-0.00941844454316214 -0.0919197015023822 0.0437886949855402 -0.0923303339283432
0.0572639907170475 -0.0994968502674912 0.100064342206308 -0.0331439043317793
0.11399229954947 -0.00868625126012798 0.0898189780755237 0.0351014547986992
0.0799772409695744 0.0903076903971871 -0.00351103409738146 0.0439037500253369
0.0267125772861632 0.125592787485533 -0.0296795088772037 -0.0892276324689844
-0.035431214204227 0.0433433758698908 -0.0105518847919855 -0.210172106950782
-0.0152823103869112 0.0689894459686497 0.0359702970986784 -0.176008742559313
0.0346371674564486 0.048839332332853 0.0222194971706761 -0.150882360237168
0.0529564547095756 -0.0102441630090604 -0.0392604152470378 -0.116084086552618
0.0265300049007213 -0.0448250538556016 -0.0723343723143082 -0.075852324521281
-0.004473744075495 -0.0481415137770084 -0.085787347470224 -0.0507424829509934
-0.0325389969581956 -0.0369765269883888 -0.0906414518008909 -0.0391697595737344
-0.0404957341800214 -0.0227678384226846 -0.0831360495418565 -0.0372610044990596
-0.0450014139845765 -0.0229291772851968 -0.0701299015773715 -0.0648167800855715
-0.0352050479756518 -0.0455633689802126 -0.0311835062597234 -0.0995738822660306
-0.00236634750998442 -0.0649409033056038 0.0393962189543634 -0.109585511819551
0.0509278786291122 -0.0606446519797248 0.101877667729511 -0.043985839376504
0.0772541865915788 0.0150144798008045 0.0879848580068747 0.0286573731987788
0.0318353555878067 0.0722416225289702 -0.00388658899758733 0.0321241909896654
-0.0139585776646952 0.0713929119257372 -0.0233403809961931 -0.1143589847917
0.0380463578708288 -0.0104583220544389 0.0321320373853639 0.135899960942871
0.00404260932416114 -0.039859219960937 0.0470692676405603 -0.0308768932940493
-0.032251836609877 -0.0190651582943153 -0.0906704143593526 -0.055749909262771
-0.0264757348166812 0.0216079632650502 -0.135185925656967 0.0385340787357997
-0.00101407364997859 0.0248231444090145 -0.0629001371104071 0.138711993139233
0.00444203455951534 0.0156687209388071 0.0339772581578066 0.135330553278532
0.00888564534243264 0.0159991472725721 0.0805698992824283 0.0855626912740464
0.00689736180705517 0.0102201234675775 0.0964565225382858 0.051253948849029
-0.00384746128675789 0.0115118399347846 0.102117780078229 0.04150951260013
-0.0131653532698142 0.00352742581644486 0.0984031072452377 0.0544863723418675
-0.00983653992965348 -0.00314384497936376 0.0780774521793973 0.081900606192749
-0.0107411103556564 -0.0179563780271032 0.0434698458128504 0.118156166707882
0.017369418372711 -0.0248486275682401 -0.0171585517988617 0.144382081593673
0.0490629997824019 -0.00233454547367009 -0.0586140646899386 0.169066554382393
0.0425739358052253 0.0288838920095902 -0.00515958465733147 0.221794596168521
0.0583860259780973 0.0546163278731462 0.0104720501613365 0.137308727660196
0.051092850000463 0.00364491023676592 0.048182953006589 -0.029221376315308
0.0226458649536589 -0.0258478636792514 -0.0901879151724257 -0.0686247233990387
0.00161396231527445 -0.02345771060648 -0.146896098360248 0.027772274137927
-0.00241655802712978 -0.0196166638714273 -0.0786838258070006 0.138927869158625
-0.0162737558489556 -0.0205327637746908 0.0223292939424287 0.137285982983133
-0.0256078147251712 -0.00568182308626461 0.0725761857382837 0.0870070196838377
-0.0269637711075054 -0.00598491353340144 0.0887837914118236 0.0514754352853988
-0.0364852928071981 -0.011441348738509 0.0954999286197002 0.033216201779391
-0.0300342491641024 -0.0408420816419631 0.0976102140071948 0.0410540248067017
0.0035883234546611 -0.0495137926185905 0.0879147520300559 0.0670937948784563
0.0350605967676901 -0.052607231494405 0.0630903251616715 0.108459181835185
0.0763929574851432 -0.00893259877336791 0.00855551013036212 0.138882755478704
0.0846139424652533 0.0635764140422386 -0.0369782249730259 0.152502469963518
0.058795695812937 0.109020433776514 0.000260701927057794 0.188242779580268
0.0623974108948583 0.118132686626119 -0.0108604359122139 0.111342344330742
0.0889845538307817 0.0626088303898467 0.0486120060771403 -0.0409895463057676
0.0825089720311361 -0.0161848802524364 -0.0844270693260161 -0.0907557535490485
0.0428839880336136 -0.0645676747514255 -0.154885767016287 0.00541770848561511
0.00341812856727559 -0.067888156077746 -0.0969933609930378 0.123988566548585
-0.0321835342034926 -0.0612910470315723 0.00316666199296911 0.127343980049984
-0.0568153444951398 -0.0305815977951141 0.0515856392826025 0.0788409204146447
-0.0568299612718255 -0.0213455943482905 0.0672266774451945 0.0440850630637111
-0.0649803299111445 -0.0275595894558085 0.0763961933914983 0.0185965436324065
-0.0496428009838185 -0.0723164174561404 0.0869170771002689 0.0159442490378177
0.00213507100033477 -0.0886864712866116 0.0958929888966246 0.0351702445166582
0.0592764147203873 -0.0943345903130933 0.0889420287945919 0.0842985492692675
0.125264437773336 -0.0167236426230464 0.0426444321224074 0.126001931818401
0.122373251238486 0.100011030067342 -0.0154604251313032 0.130989102760508
0.0779629525702308 0.165328580357112 0.00097650610213135 0.133984860845604
0.0490775018985204 0.166470434829643 -0.0268114491981385 0.0573922856815292
0.105708892383144 0.125066092419038 0.0477123988348368 -0.0656096121589552
0.1343138099234 0.0124450501956262 -0.0692950312382134 -0.117238847881986
0.090527809593023 -0.0894870146690843 -0.150484829077288 -0.0287579880257096
0.0180825930740268 -0.109050203536244 -0.111125568626364 0.0904139214447457
-0.0394522999978804 -0.097521744622967 -0.0218392031458155 0.101220666604078
-0.0785368750561484 -0.0547217100699002 0.0219107005532293 0.0603309312649869
-0.0787645507199278 -0.0335875138618025 0.0369683931567572 0.0305613705912313
-0.0848024536251706 -0.0360532948240984 0.0471550825974741 -7.13493519459261E-05
-0.0664474260283595 -0.0886433443815677 0.0660914435861757 -0.0128723428101009
-0.00698795184493489 -0.113700707454954 0.0925828167519895 -0.00445637583178323
0.0642489427979721 -0.128894758145411 0.106674743260553 0.0490370606031455
0.152082926689782 -0.0346968674869119 0.0732969581009801 0.102803230399675
0.1471447143111 0.109950186200298 -0.00222272198887626 0.106806337940087
0.0902726462233862 0.192070212795378 -0.00592457232046877 0.0705504358287607
0.023882734623222 0.185584853166397 -0.0325304779017394 -0.0178347921801258
0.0946437165456975 0.169435928769314 0.0469116305578054 -0.100136194693191
0.156750105350176 0.0499026674439367 -0.0433236290314891 -0.140516040337905
0.127550419863933 -0.0888766452741174 -0.127845302139305 -0.0667666885172566
0.0362551460690168 -0.129591211783734 -0.112839372418677 0.0408500750164188
-0.0364942782796146 -0.118368287937498 -0.0462711857553858 0.0600513259441703
-0.086763814464873 -0.071046283616638 -0.0132220736260521 0.0330306028848818
-0.0894661648157149 -0.0411076148938279 0.00158840714901587 0.0126729281008396
-0.0933386148813319 -0.0384659756643701 0.0136839798779529 -0.0189446603708472
-0.0745572177846169 -0.0910500373701117 0.0375655480786472 -0.0397795053029835
-0.0145498920749624 -0.120880804742346 0.0777909351379394 -0.0412646563085546
0.0611981648534375 -0.142163991620081 0.111276817875913 0.0138442469388744
0.155748210767698 -0.0421576411528933 0.0891169457515854 0.0752619156193215
0.146611557582833 0.107560806483513 0.0013641290270995 0.083114981694845
0.0851227891644404 0.191053033291137 -0.0178452627904978 0.00825751686388585
-0.00238429008197274 0.168297293734217 -0.0265661422068786 -0.0988957816773711
0.0610274654980935 0.176099758039663 0.0468586697133319 -0.137341382030238
0.13949382831406 0.0761815177624086 -0.0134680271549928 -0.154164411965538
0.133130883983311 -0.0657917792050988 -0.0920290377452026 -0.0967320586873174
0.0469472394102196 -0.121534716598654 -0.100125898804491 -0.0126253351579822
-0.0274121949739752 -0.115525408785683 -0.0662033818415095 0.0120583982972686
-0.0811449413021345 -0.0740139192230734 -0.0468660377503028 0.0026794335487755
-0.0854991949660023 -0.0423212248811405 -0.0335034675482497 -0.00707925347234754
-0.0898202014930809 -0.0370361993071429 -0.0203344531692298 -0.0369290941881939
-0.0706933294664423 -0.0835267536931382 0.00793152770981522 -0.0629009818135305
-0.0144333578677934 -0.112733105128605 0.0594765647271918 -0.0710032172771346
0.0595742880526705 -0.130753057943074 0.106582106776689 -0.0139430299525716
0.142093817326232 -0.0313944826344237 0.0933792140365767 0.0523233118247773
0.121855550321887 0.101886242998697 -0.00109223071854541 0.0620136301193357
0.0617534692782377 0.168231987491839 -0.0277841801310819 -0.0468424894401336
-0.023191926903459 0.116536293817788 -0.0159709421145142 -0.169086364634512
0.0201213917121407 0.137942848083049 0.0455774193071927 -0.164933778695319
0.0925083841135519 0.0747772888504875 0.012949666221771 -0.157111491495079
0.104424690525925 -0.035914587448107 -0.0567182678758078 -0.113074961610658
0.0429979636611922 -0.0895715963208803 -0.0826786159614898 -0.0544120139156611
-0.0168592806454047 -0.0900683114996585 -0.0794376153817348 -0.0285939560828185
-0.0619155253178667 -0.0611451790059033 -0.0751347532076593 -0.0235245724779229
-0.0687180363531114 -0.0356847484482085 -0.0637156553601692 -0.0243637847007458
-0.0721795167731152 -0.0322458688573702 -0.0502861147914587 -0.0527155461928107
-0.0565277277102557 -0.0682319490000431 -0.016290734205292 -0.0832591560576783
-0.00882403847579864 -0.0939376556248155 0.0458024118184972 -0.0934252209555398
0.0576495086626893 -0.100455352843465 0.102907088627169 -0.0323426780351724
0.115298567294088 -0.00770230064843841 0.0908328753157008 0.036844424924142
0.0807465101897211 0.0928250680872785 -0.00461559444175267 0.0448032751202462
0.0252139274659408 0.127235371809897 -0.0309066494046128 -0.0893327841935937
-0.0369377116055788 0.0429639658204185 -0.00743341294483307 -0.213314939593011
-0.0164093932071053 0.0700191876468096 0.0403473397176481 -0.177678361329692
0.0348485477920226 0.0500395484218861 0.025266170962507 -0.153712459954796
0.0539319352303081 -0.00920905924939336 -0.037588476730475 -0.119473291585977
0.0268265782703795 -0.0448831533705166 -0.072569047736238 -0.0777222627599601
-0.004886229116176 -0.0490943523424049 -0.0884437050547557 -0.0526494228587101
-0.0333318670364382 -0.0378115454455778 -0.0935033594483738 -0.0392571940665605
-0.0403043229779912 -0.0237833395603473 -0.0844026110029782 -0.0371956028800845
-0.0445093626123202 -0.0234390285794969 -0.0705906709626412 -0.0661552312465295
-0.0353258217466558 -0.0463356936399824 -0.0301259261457595 -0.101086122247575
-0.0018878077766051 -0.065402165385742 0.0415331788590519 -0.111253505566606
0.0516877640248358 -0.0612412515573411 0.10485433094562 -0.0432540923151695
0.0782686729437756 0.0159440200729796 0.0894593604826903 0.0298971038308823
0.0314195152903225 0.0741064263689011 -0.00492179180521154 0.03374326370743
-0.0157343925056564 0.0711287545772136 -0.0245524302909856 -0.114875483474867
0.0385360322417854 -0.0107879112394301 0.0349327113574832 0.13966199810093
0.00408890759014077 -0.0411417974667672 0.0486503012680682 -0.0333612277787532
-0.0339678614856989 -0.0193394988706544 -0.0953002089367938 -0.0575273979527065
-0.0267204727136076 0.0225315359541031 -0.140223474959391 0.0420921518050512
-0.000407422976728297 0.0258295247847107 -0.0629878736543938 0.144366515848959
0.00515478704594156 0.0168811942830797 0.0375453731680805 0.140063694499803
0.00975447288149368 0.0162223035051964 0.0847563810973593 0.0872196156160875
0.00740312982839354 0.0101736020704761 0.101065310408691 0.0506227361788118
-0.003600239817906 0.0120061657970179 0.106899773222499 0.0406249139031866
-0.0140376576267584 0.00430836343451562 0.104224514544756 0.0549788356418091
-0.0102491877134992 -0.00338578114343316 0.0814648395424347 0.0842826534683505
-0.0110993262582715 -0.0184681035425822 0.045416459389329 0.12171759265923
0.0181224576948518 -0.0256909816366046 -0.0183968192612972 0.149579489789646
0.0507910212517126 -0.00330421761243389 -0.0602734990679967 0.176275484572983
0.0444122590010938 0.0298858809400724 -0.00219715975139232 0.228998678002191
0.0600559924236229 0.0559856814980952 0.0129585033154655 0.141708505412925
0.0528030154888955 0.00263473839166083 0.0506707666729043 -0.0318498989825255
0.0219109741804259 -0.0274356860526803 -0.0944194620033515 -0.0707372564357095
0.000941719500461564 -0.0242779266731747 -0.152063347567442 0.0304442604614849
-0.00273822656383882 -0.0198683120327403 -0.0789463365525448 0.144678991529224
-0.0173047353582493 -0.0205948592071574 0.0254744849936622 0.141734537093349
-0.026381103325763 -0.00548627547164577 0.0765665547536736 0.0885381753403606
-0.0276446444068395 -0.00544971869270094 0.0929121784189566 0.0507133456779581
-0.0381254238951405 -0.0111711119603236 0.100498002994398 0.0328859646053729
-0.0322950233999737 -0.0413835866354482 0.102872952202325 0.0415683761712598
0.00285199527073175 -0.0521237858414106 0.0922255018870022 0.0694129217026824
0.034995799334878 -0.0549018808275292 0.0657993063297053 0.111695987033471
0.0791041244347828 -0.00979553822591824 0.0084870884679894 0.14408738192139
0.088755504972059 0.064462919706585 -0.0379973116378419 0.158715360172749
0.0616549752312472 0.11272817314083 0.0025108297209785 0.194452702003266
0.0646604067619016 0.120908010231213 -0.00918361087711805 0.114972214344106
0.0926221226144916 0.0632279829776893 0.0509255603586795 -0.0431152683103226
0.0841418507688841 -0.0176851477397115 -0.0880186753216971 -0.0935577630154536
0.0432188189829265 -0.0671247981926029 -0.160723867421694 0.00691491726141888
0.00215341618293184 -0.0695998380799818 -0.0976332479596456 0.13030141264221
-0.0350725114504562 -0.0620376292403037 0.00499970378082607 0.131956077883381
-0.0589795957639057 -0.0306006945484053 0.0550137581386962 0.0805280298537338
-0.0590381820566017 -0.0206503222688527 0.0712622911991089 0.0440756702602206
-0.0672520450544945 -0.0271877885467491 0.0798489332971886 0.0172955264081207
-0.0534682758227907 -0.073813944613398 0.0915474151025318 0.0151844142015005
0.000801648114927067 -0.0923165950538561 0.0995954980265129 0.0356054717570936
0.0591947720368317 -0.0988740677724933 0.0933398883716181 0.0870035084309874
0.129156829450231 -0.0185765299276557 0.0444979980339763 0.130011717458268
0.128350016903567 0.101536713802312 -0.0150255279582728 0.136153790140864
0.0818464852474901 0.170570745665954 0.00239214251373366 0.138949971968022
0.0511937060287605 0.170382000403224 -0.0262683589554221 0.0595779717542743
0.111396205226126 0.127760535330093 0.0499641584910861 -0.0684289026706318
0.137778820865874 0.0109668779029856 -0.0719059701268502 -0.121041483068437
0.0919267937397693 -0.0936391589631611 -0.156413206685248 -0.0287660647394157
0.0161936455203249 -0.112885287431261 -0.112532098711511 0.0958637575184502
-0.0435357688419947 -0.0998043992499727 -0.02092050635329 0.105280106374747
-0.0825408748363889 -0.0549418830529105 0.0232698664564213 0.0625304303669876
-0.0820647683671631 -0.0327803943436504 0.0393913627215235 0.0311939136082517
-0.0876785657178363 -0.0353548876294164 0.0492928209538245 -0.00122442721732858
-0.071154789929172 -0.0902399258115266 0.0691516110720294 -0.0143686939215597
-0.00917755616028988 -0.117630830124241 0.0957783748259981 -0.00577006588759105
0.0634002816174674 -0.134575332122207 0.112170501677724 0.0505827641039461
0.156444740135812 -0.0376052321855351 0.0751453355610203 0.105289743918038
0.153829846293583 0.111959330996473 -0.00172857749321138 0.111234584716805
0.0942598083284822 0.197769486493323 -0.00611257061409288 0.0739989677186034
0.0259838298452944 0.190838841759217 -0.0328471581028628 -0.0176041274635048
0.101021215902491 0.174899594185881 0.048541546995853 -0.104109725609108
0.161741487902873 0.0492384549043949 -0.0457488912122243 -0.145712279588174
0.129511207505186 -0.0936220128832011 -0.133051372617659 -0.0686009096068473
0.0345393587741861 -0.134131928716327 -0.114796447807096 0.0442532957073474
-0.0410138475052138 -0.121792406461655 -0.0472354149606102 0.0629000115951367
-0.092006218698626 -0.0716106152969707 -0.0135510594338134 0.0350558298197986
-0.093057586033488 -0.0409165048986812 0.00250281397404794 0.0138017525349685
-0.0970499730332174 -0.0381190715376811 0.0141008712686507 -0.0198340640735443
-0.0790553369592748 -0.092648767408925 0.0391188697422888 -0.0417573244610573
-0.0169643449251744 -0.125113445435247 0.0796837228109173 -0.0439263556003027
0.0597945981313303 -0.14773316960267 0.115705429857455 0.0133328038456605
0.160592995938291 -0.0462719743174093 0.0919837064133432 0.0770020022760089
0.153736644263033 0.10944106417879 0.00178416161211811 0.0865082041600238
0.0901521775779299 0.196716504952336 -0.0193670185929975 0.0097749656826536
-0.00171243272162759 0.17262101700115 -0.0274640478115721 -0.101452865730236
0.0656861522371823 0.18198181556854 0.0480461598550316 -0.141644182787037
0.144129696839608 0.076575541524379 -0.0136451152766954 -0.159247633613261
0.136379494623082 -0.0696467595788123 -0.0954677867780757 -0.0993970991962037
0.0457068879478356 -0.126134713777406 -0.102865964688403 -0.0102642114924929
-0.0324961579621339 -0.11876080918506 -0.0689934439039075 0.0141103331042002
-0.0855249912191087 -0.0746173332007327 -0.0492677148346712 0.0043291897483019
-0.0891472838835581 -0.0414698573171251 -0.0345758581955 -0.00538123721716384
-0.0925695830884357 -0.0365416075440845 -0.0217905023072535 -0.0369021318323088
-0.075009122268614 -0.0846456986697692 0.00744988004735791 -0.0650604055823213
-0.0166000499484863 -0.116809951433005 0.0607065207153743 -0.0748148505540685
0.0580989650566625 -0.135914663994417 0.111300100337236 -0.0152996918729629
0.146406987046234 -0.0344943790917076 0.0959650607575469 0.0526967298106639
0.127550100548151 0.104002566695306 -0.00117679592577756 0.0649736344752261
0.0654304329052516 0.17268210824575 -0.0309494335297341 -0.0468158764589101
-0.0227240598854539 0.120513461796187 -0.0173304516899466 -0.174182074655183
0.0228288126047126 0.142528985971403 0.04739922385316 -0.16969820721258
0.0966405201301309 0.076349112250439 0.0129500667521247 -0.162332530209471
0.107334749820085 -0.0386531018205485 -0.0593266857266663 -0.117102605762662
0.0420701890612485 -0.0932450820677633 -0.0854452070184475 -0.0545053959394902
-0.0200385661473754 -0.0928371558569346 -0.0839540971731205 -0.0282098591951995
-0.0661231507670389 -0.0617137066482012 -0.0793725587703666 -0.0221117006118797
-0.0711197114140011 -0.035283500430973 -0.0662175714159337 -0.0227122015542629
-0.074795538933313 -0.0321666712842957 -0.0531446656001457 -0.0527367986037964
-0.0594643302513475 -0.0688911520758565 -0.0178608575225581 -0.0858263490751403
-0.0103285332230542 -0.0966342163800626 0.0465289699450054 -0.0984692786857914
0.0575779275703869 -0.105255568632238 0.106329756905878 -0.0344491450170271
0.11865562746792 -0.0106866498234905 0.0938727411603263 0.0367050741712196
0.0843019553848251 0.0948026277472889 -0.00476575984735482 0.0471186305115312
0.0269510666156009 0.130734247436382 -0.0348109516220362 -0.0906507799011099
-0.0381800019906528 0.0447528084617799 -0.0088552613689849 -0.220265040170125
-0.0163781083632476 0.0724946033376366 0.0406235738495174 -0.182566418453004
0.0363121288409738 0.0510792202198346 0.0259159781218301 -0.159421836815351
0.0553317522821306 -0.00960071688156525 -0.0391584390887006 -0.122635642243997
0.0267829018444204 -0.0467459171054163 -0.0762261079532299 -0.0789884230209714
-0.00647642311353284 -0.0507279450741787 -0.0933957921282285 -0.0528078999311768
-0.0355618374292184 -0.0382785464695407 -0.0981899103658659 -0.0377785244647169
-0.0417719743160587 -0.0237811513204454 -0.0874880443559113 -0.0352756130867472
-0.046133895897905 -0.0235496225234133 -0.0739459723474293 -0.0656766591203558
-0.0364990793617747 -0.0468900497308783 -0.0330631176891149 -0.104636732348561
-0.00289249161595122 -0.0676867781587755 0.0419277096715997 -0.116027704126528
0.0520979740681899 -0.0641655475643828 0.108774433200427 -0.0458694943991608
0.0812289353044118 0.0155389181111966 0.0922695050145297 0.0296974021143012
0.0333579618198761 0.0757403359222189 -0.00560222345018777 0.0355033768176293
-0.0158159106915467 0.0734112746711847 -0.0277476238640637 -0.11697186195083
0.0385175546829376 -0.0115070113223503 0.0418980437362013 0.141057255683997
0.00223159271106345 -0.0429973821868399 0.0489521236938902 -0.0368581583156245
-0.0357797691007377 -0.0182151023645955 -0.100830231877815 -0.0554693215482762
-0.0265549195942225 0.0244130271717691 -0.144073399101698 0.0497034089885908
0.00128963420569217 0.0272792572104938 -0.0585052919266467 0.151367308107109
0.00686041864981931 0.0173593821856468 0.0461265359449918 0.142460598226539
0.0115994914797087 0.0160244829131155 0.0915029936266852 0.0847655420288859
0.00815310532156133 0.0098822828504933 0.106315622086003 0.0456823924200438
-0.00340657860123639 0.0127848723911126 0.112960135351331 0.0353346290141465
-0.0144938830907869 0.00500057216203648 0.110426100790092 0.0514879967929068
-0.0107291293550416 -0.0040132744785899 0.0880198712095408 0.084220634001861
-0.0124643601671403 -0.0184490884346958 0.0513968035079368 0.122936591057584
0.0179457275889241 -0.0273276171397587 -0.0142541306442721 0.155324620385366
0.052252306121765 -0.00613707652401775 -0.0548459584399254 0.183557763283244
0.046740166313799 0.0295465082440167 0.00767127128270849 0.234510996919007
0.0632705153126901 0.0552084072342781 0.0201228225002279 0.143808819073244
0.0550890258209046 0.000514030936635479 0.0514288862172478 -0.0353715662998583
0.0207289735143499 -0.0287721623426679 -0.10046300001195 -0.0694004965966566
-2.9748403728852E-05 -0.0250562031477804 -0.156305903865635 0.0375379252108042
-0.00382725970667372 -0.0200091609754089 -0.0743757380346836 0.152681140819221
-0.0189381967484672 -0.0195915954679882 0.0338452741267464 0.144816690869359
-0.027379705091716 -0.00404978084918137 0.0829962214667285 0.086842501189261
-0.0286791736452869 -0.0044214702249436 0.0985652727391062 0.0466035630795877
-0.0398851757744224 -0.00923012269376373 0.105094502042468 0.0278544654388188
-0.0361077872887273 -0.0411747433278506 0.109026606833381 0.0374812877151264
0.000179418166761384 -0.0545839508876018 0.098738512771593 0.0676569974917245
0.0333174159575797 -0.0580941493000734 0.0722129962413383 0.112541611924133
0.0812835006873648 -0.0138730853127312 0.0132166164609966 0.147762046636849
0.0942264387651825 0.0622336805457619 -0.0330462075401403 0.165239128072225
0.0682812571612919 0.113403676729584 0.0110353561829657 0.20017274861948
0.0705753004974974 0.12090600643926 -0.00342099672845315 0.117918050558425
0.0987338566390624 0.0607689002039407 0.0519226802873017 -0.0471212187180568
0.0845891346434218 -0.0221381304027577 -0.094160118194385 -0.0926957534768687
0.0400435604677577 -0.0709558593054456 -0.165984867988344 0.0138436485160787
-0.00157516129635267 -0.0713620247422292 -0.0937940626260862 0.138600375355774
-0.0396486679114763 -0.0613369265620389 0.0120877438495927 0.135601837667756
-0.0622021523598321 -0.0278866823379348 0.0603583378693483 0.0797268174388801
-0.0615535665682945 -0.0181998411271777 0.0759936622808305 0.0411544340206625
-0.0703364360329771 -0.0240596157215766 0.0828774541627356 0.0133043162873427
-0.0595483903963679 -0.0729021147111367 0.0961160548765037 0.0114283581452164
-0.00363060291002542 -0.0960031871305496 0.104770453471699 0.0329764879781194
0.0553014802100692 -0.104552945794417 0.100084096930845 0.0862565137587209
0.131953633888656 -0.025557281225836 0.0493657961502136 0.132005310461383
0.137361924063311 0.0993676999457174 -0.010581240224814 0.140875638185835
0.0916130131830531 0.171884224017655 0.00775907570386 0.143321672829658
0.0581757199501737 0.17227277690219 -0.0229043940930195 0.0623371663198001
0.120950736573262 0.126369162008318 0.0498525560145399 -0.0724954212354066
0.140961632503557 0.00478915021793742 -0.0782230808239952 -0.121820380940701
0.0891071926560047 -0.100824501818213 -0.162448993870776 -0.0232242553359816
0.0105958103508075 -0.116191875397937 -0.109921561457832 0.10355180363992
-0.0501605281494873 -0.0998116878437449 -0.016496524049576 0.109222929279941
-0.0880282586240592 -0.0515582967280025 0.0265309580352228 0.0631561616072613
-0.0856054878268812 -0.0294416451940969 0.0431269495502308 0.0299329567604759
-0.0919733986673149 -0.0313290558294627 0.0510075184912071 -0.003602470631765
-0.0783382393767279 -0.0887863656792581 0.0714179483812029 -0.0183215603328934
-0.0152707831055799 -0.121456276004018 0.098587376446556 -0.0106294813568545
0.0572808006907375 -0.141148173175774 0.1181628706562 0.0472127511356801
0.15903455112858 -0.0462165661492189 0.080920196727504 0.105273444754838
0.164122148221544 0.109058810703878 0.0028395477587507 0.114452115619893
0.105282200786221 0.198913385969046 -0.0037157296556111 0.0772713097731045
0.0332162420811319 0.194457537881155 -0.0331170144125107 -0.01694088842339
0.112296271177635 0.175207657737913 0.046967187894682 -0.108583154298573
0.167763272948353 0.0437713445499184 -0.0518856445789931 -0.1479971320695
0.128487650857125 -0.101858993603057 -0.139585335572121 -0.0654962283568269
0.0281662052913781 -0.139334879924046 -0.113890663837734 0.0512454756239866
-0.0495907812648085 -0.122464741385633 -0.0461153733679176 0.0667924448027563
-0.0985285752910285 -0.0682487351012468 -0.0128596559867035 0.0371885238388234
-0.097504119608275 -0.036533822294739 0.00399890791190842 0.0146759753698246
-0.100770158857336 -0.0338300833508511 0.014017924534805 -0.02130711674589
-0.0866337507805558 -0.0904466100999826 0.0389194111915798 -0.0451611557286578
-0.0237815216309892 -0.128373964311389 0.0806241926557839 -0.0494285252555104
0.0532687881208828 -0.154943543898626 0.121056829570625 0.00876087027370903
0.161878523273501 -0.0550804290039935 0.097494341367793 0.0746737037104047
0.163563116323835 0.106109769720287 0.00479764521975704 0.0890096982647179
0.100399777905944 0.19815234184504 -0.0203179035745492 0.0123797841223401
0.00496048753008125 0.177733096286191 -0.0317446436442116 -0.103289091448981
0.0764434974460302 0.183977658525641 0.045159309056536 -0.146307148481808
0.151282514654076 0.0726541841820454 -0.0198512382606379 -0.163042050848242
0.136653843825774 -0.0777062307326217 -0.10124390396076 -0.0984781480297132
0.0401613201859294 -0.131258487102546 -0.104416918290972 -0.0057594388855835
-0.0394788986435795 -0.119796776442014 -0.0703918554721877 0.017766197441675
-0.0929887525132927 -0.0711875670842499 -0.0515137066298637 0.0077564705425905
-0.0937851154577471 -0.0382334212020045 -0.0347563332522474 -0.00309976651799343
-0.096072043807527 -0.0326917278440512 -0.0237750725396029 -0.0367425352936649
-0.0813880789262985 -0.0822015639049051 0.00569848817440558 -0.0677164671581701
-0.0227600759673377 -0.120132589522053 0.0590575602884965 -0.0801635187983324
0.0520401618777638 -0.141728765382268 0.115080455163426 -0.0203983304939642
0.14815511302523 -0.0426129312773266 0.100854967567065 0.0500196129224559
0.135934042743701 0.101114803672601 0.000702116248645516 0.0672129303815512
0.0740983623702054 0.174162169726676 -0.0349028476257023 -0.0447473890294931
-0.0191362291970573 0.124042048465036 -0.024583821276167 -0.178636484749442
0.0300967681490674 0.145802241379424 0.0426536918000719 -0.174912436381652
0.101852301321662 0.0742722407139278 0.00779273925885225 -0.167604587777624
0.108115032510863 -0.0440661133431279 -0.0650614608035947 -0.11777594910361
0.0382061754661064 -0.0976847480811361 -0.0892182310760677 -0.0516958229392318
-0.0262559177038035 -0.093963544467306 -0.0881154800603679 -0.0248682813393294
-0.0713626706666604 -0.0589173878440724 -0.083502354169938 -0.0171741597555198
-0.0748900644435533 -0.0329856875431037 -0.0689007996584654 -0.0183927208625529
-0.0777781563166184 -0.0284197382528024 -0.0565654413861108 -0.0510541601088308
-0.064688572691812 -0.0673562487992883 -0.0219563387683749 -0.0877688308529932
-0.0159435086271094 -0.0988087910922317 0.0432459761699097 -0.102964525501423
0.0527602383057963 -0.110519971199778 0.109517260669353 -0.0398602425814441
0.121625367275006 -0.0161810669869347 0.0984298491447296 0.0340133055389766
0.0909628305707418 0.0934546506102996 -0.00362084896251858 0.0493285634060535
0.032447348911425 0.132585515502474 -0.0407857106145315 -0.0893251580405086
-0.0374595034307297 0.0473534853302196 -0.0183051345489235 -0.225502670611741
-0.0136316857664128 0.0755661492108868 0.0347273689069642 -0.187339577398037
0.0395995223918035 0.0504810988011113 0.0212315440287883 -0.164828088234016
0.0569163874691484 -0.0122793815114821 -0.0440105862718926 -0.124966357336047
0.024248074486099 -0.0494375308889567 -0.081003545272551 -0.0772390312918815
-0.00958250628303639 -0.0514052252073841 -0.100044973227794 -0.0491497867500398
-0.0385991923974966 -0.0363876489307774 -0.103844422070394 -0.0320630112177367
-0.0438600592532429 -0.0224289059133384 -0.0916108270398227 -0.0305879412090687
-0.0482381941041352 -0.0219095143405503 -0.0789378339568254 -0.0631988122540342
-0.0400471644335762 -0.04641081376407 -0.0388459529464189 -0.104950482553279
-0.00634062364343617 -0.069337246697731 0.0374143459886482 -0.121645960961315
0.0504169244093077 -0.0685755574501067 0.110751628895696 -0.0518804291098744
0.084109799823601 0.0121060866359112 0.0963757073906827 0.027104536638643
0.0369407043621091 0.0764633516521297 -0.00481077977676909 0.0372839880096864
-0.0134841596804012 0.0755472239203591 -0.03545377814285 -0.116934368330422
0.0409502005235715 0.00606712257010186 -0.0241172481482915 0.145384230747733
0.0200447181136223 -0.0382415237792594 0.06047702258682 -0.0116379758158808
-0.0238473802425186 -0.030850649695238 -0.0668678711191117 -0.0933067402766585
-0.0324645814520697 0.0112323405311298 -0.152714295091266 -0.0166172403845822
-0.00838316954437093 0.0247833805060115 -0.117595292833722 0.111560597864443
-7.4556050675732E-05 0.0188407747391387 -0.0203615123502661 0.148166706699967
0.00497998751250413 0.0205810781781523 0.0453536733660681 0.11612133194631
0.00362502176130673 0.0131951343768285 0.0764384554903289 0.0851344490192766
-0.00824753867028776 0.0101210850918673 0.0876861053951896 0.0787802765897768
-0.0146078421468466 -0.00158479526086689 0.0781461945886535 0.0928371498384226
-0.00756630160454387 -0.00793528895927673 0.0427090956549295 0.114333500885041
-0.00179500881133488 -0.0200416302703957 -0.00942260349048563 0.131827086210413
0.0280352721879392 -0.0143332144571029 -0.0839117213261711 0.133277789535277
0.0491367598878614 0.019586057865628 -0.135869885072934 0.142747963119535
0.0302509077545572 0.0479012299476794 -0.105136388572324 0.215407311216231
0.0333648788855535 0.0777246035243409 -0.0437881018588979 0.138015650995073
0.0492064562419287 0.024616299633812 0.0611629711674107 -0.0107836359732361
0.0313474068103334 -0.0153939712035142 -0.0611700146715165 -0.107223172036103
0.0121194474864965 -0.0218382085229517 -0.160439723732347 -0.0336822831131315
0.00740164878394057 -0.0196998610137929 -0.134199163118043 0.105985641165169
-0.00715652112128777 -0.0258948021374895 -0.0337456471474493 0.146950517098433
-0.0222612655779343 -0.0145706368566987 0.0362766791738001 0.114755401935785
-0.0237169867083651 -0.0167531963902707 0.0687709307861661 0.0829832919537502
-0.0315495325534265 -0.0251885717374433 0.0836531143418436 0.0685103177535043
-0.0153098448757077 -0.0525688916544297 0.0828555785636236 0.0797064231933351
0.0243305728680974 -0.0496960201042527 0.0608457743880832 0.103360148869362
0.0560381928049438 -0.0365447429332838 0.0166229030689565 0.132309402028036
0.0794192008925922 0.0254802742454473 -0.0551033247902697 0.140760400072743
0.0579015830629245 0.0997419030008769 -0.109132140169123 0.136065085806526
0.012567467554864 0.132137795191914 -0.0871396829769044 0.184830569368398
0.0101454344604495 0.139940346538269 -0.0516387466175004 0.103761391513275
0.0626586529569296 0.0983924309549868 0.0673016552992307 -0.022701699507538
0.0857266101650249 0.0192672959482791 -0.0455978801591744 -0.127234245263241
0.0678067772817339 -0.0450019926096603 -0.159195826098449 -0.0614547057469233
0.0322687312034436 -0.0646699892369477 -0.147980456271045 0.0847134743987633
-0.00891857377826405 -0.0725294923642361 -0.0504435512251082 0.129819274293828
-0.0443686418005097 -0.0512715579826866 0.0185427854632653 0.0985668944956092
-0.0478525373996948 -0.0431261866023365 0.0506253562274823 0.0684971675006861
-0.0534854459898152 -0.0517870112628223 0.0698944543392365 0.0464276762881053
-0.0237717070449576 -0.0914556102366257 0.0836182413841493 0.0503271982895199
0.0381919188229694 -0.0898186393927016 0.0839080443735523 0.0738670297733877
0.0955237471426599 -0.0692752916552885 0.0547895928697547 0.120332705871195
0.130921180280105 0.0371538895202373 -0.0144313768808084 0.144023527338025
0.0808518210370215 0.151722764393268 -0.0791799271019502 0.125110324419445
0.00814829875625255 0.194918839628456 -0.0644170280642889 0.132151990635375
-0.0243634405143305 0.181669659512797 -0.043379222175446 0.0452295088702789
0.0533640784119948 0.1685352056431 0.0780995640664752 -0.0479062974292061
0.125064328768522 0.0688630347583213 -0.0180089155892663 -0.1484058021449
0.123816861883005 -0.0499078179626351 -0.140020036002751 -0.095165063115428
0.0621076322343467 -0.0991631184126377 -0.149305954143364 0.0457181838037975
-0.00279082005631074 -0.111704553905051 -0.0658388596167345 0.0932152051130023
-0.0579555786223477 -0.0838565812073974 -0.00470081652217069 0.0693211645116476
-0.065294701662872 -0.0644020277160971 0.0258515704263774 0.0450828987287832
-0.0693172143525581 -0.0675345762308124 0.0485486349321658 0.0175469297678726
-0.0350611358046609 -0.114013395147216 0.073540256890522 0.0126974934296009
0.0385744768115733 -0.118432539860014 0.0969188807910096 0.0318396304985997
0.112975351367797 -0.102646670181695 0.0892219218712697 0.0941300701891752
0.165134717583867 0.0300587760156197 0.0275609503521796 0.13425004495272
0.101862404907483 0.171921689018535 -0.0551188445059416 0.107843190425003
0.00856621063637278 0.225281888307722 -0.0440309984116082 0.0678269767859629
-0.057607144219916 0.190956739758461 -0.0165509976226479 -0.0305190313521467
0.024471982348339 0.209671147867676 0.0921656847316879 -0.082859324976129
0.131084861445237 0.115592541281095 0.0185924874411435 -0.161126029158348
0.158915806776117 -0.0344481235212293 -0.100139434696062 -0.124550090221171
0.0871518785268373 -0.111829932296017 -0.13054414671428 -0.0049993119286432
0.00682377488473626 -0.131343535354388 -0.0741647353301565 0.0425297113381237
-0.0616107912243785 -0.103392184254172 -0.0295320207742212 0.0292175384929024
-0.0730648705553805 -0.0758167172165442 -0.00251794612094198 0.0152940005384413
-0.0768864316726146 -0.0731368906176807 0.0221851207035018 -0.0133643668158649
-0.0421256499758548 -0.11877620699643 0.0559492754157507 -0.0249716935665635
0.0331709413760647 -0.128663003976731 0.0974222323892975 -0.0122449823695541
0.113761305227189 -0.116809807610675 0.110079495033932 0.059740436455681
0.171511908969756 0.0222925703796939 0.0564926243471938 0.114343299609984
0.102243660176189 0.167763812677968 -0.0412908532674663 0.0864957327559957
0.00452022893623124 0.222187687606267 -0.0285587583114885 0.00165839714006994
-0.0765398435136684 0.163801678909819 0.0235935467940226 -0.108338810811819
-0.0128835452252085 0.202603568169456 0.107795773405334 -0.117674463649257
0.103647058357808 0.134775662005809 0.0546599371786288 -0.161003921409108
0.155890181183688 -0.0087172826152165 -0.0500905529632625 -0.138169539385627
0.0938532945171501 -0.099458468258768 -0.0966208207945128 -0.0528885072357774
0.0146486938231007 -0.125490907862133 -0.0748623509887041 -0.0132073313706572
-0.054926470374748 -0.103848512613576 -0.051723074491624 -0.0141811880159084
-0.069120369903873 -0.0757673145269889 -0.030703598444824 -0.0170335424784362
-0.0730387124705167 -0.0699957348303079 -0.00538427301262241 -0.0433907523789631
-0.0403028547563461 -0.108839803666938 0.0345147359598397 -0.0595384293801596
0.0295552003434613 -0.120333697931671 0.0907506079330788 -0.0484114544297296
0.107229041271899 -0.106140547589945 0.117848607868042 0.0317841001352075
0.153685739432996 0.027564294171114 0.0701996321168723 0.0929853868259302
0.0791154238245167 0.151724130132489 -0.034504369449342 0.0639161884469057
-0.00940812713108033 0.189356257070242 -0.014817065299732 -0.0571504094860139
-0.07523302208202 0.105761714226698 0.0615610919949845 -0.172792374573541
-0.0382511912317622 0.147721990782664 0.118076007423927 -0.142758918966694
0.0579281083468648 0.114083636491672 0.0827541645345629 -0.15132106455598
0.114939240187398 0.00880289003841778 -0.00742122778504053 -0.138597301651231
0.076553169117705 -0.0696567637960806 -0.0613599935507911 -0.0878352218348143
0.0158747722643503 -0.0957084547578609 -0.0718072480817174 -0.0604295009376758
-0.0411460662060253 -0.0838649898051408 -0.0698472048788159 -0.0506899895093793
-0.054501066401599 -0.0626762142530407 -0.054334264928337 -0.0443315252844717
-0.0586635338477649 -0.0588887142356622 -0.029043680600308 -0.0692364271690644
-0.0310276045803242 -0.0882294195325705 0.0182749400996215 -0.0886243177813615
0.0279808356744639 -0.0976777570158812 0.0868155631111542 -0.0761923279837433
0.0946061838964109 -0.0779285766483709 0.120636491292354 0.012041103711527
0.117620303566661 0.0394930979373461 0.0750050141088803 0.0770756990211032
0.0413474821412252 0.124922848977364 -0.0298233459705981 0.0445058954202418
-0.0288847137855294 0.133208497367169 0.00152465479555909 -0.0997395409044522
-0.0574737003388743 0.0278402923583552 0.0860711022437045 -0.212520933152024
-0.0480397701540893 0.0648552449834848 0.117147678009212 -0.155152447461154
0.0109304624724634 0.064897107910909 0.0943416466126328 -0.141017372983174
0.0551868258926489 0.0149377319151235 0.0150686626353724 -0.134352515608123
0.04305571675953 -0.0320481145502467 -0.0404387002104876 -0.107022411517673
0.0123424057535696 -0.0493128194780786 -0.0701076021919769 -0.0885484927828762
-0.0203682813641782 -0.0498837269364255 -0.08142600626999 -0.0736047384835159
-0.0309036700168952 -0.0398453875595737 -0.0693773707512542 -0.0639330857274448
-0.0346307616995594 -0.039975834461984 -0.0440460477427944 -0.08907036540123
-0.0173601522500441 -0.0584755332186232 0.0098968848690469 -0.110938900404232
0.023090909811479 -0.0663305023557391 0.0886035636878968 -0.0944639163916923
0.0751654063596697 -0.0410983134512985 0.125616605521313 0.0022699202991095
0.071555484490489 0.048268476260187 0.0756257554015188 0.0698610842665708
0.000211107109266997 0.0861179921732959 -0.024490498963149 0.0326473585258319
-0.0455452643208555 0.0616642181745157 0.0208243196948205 -0.12154780786894
0.0399067812682316 0.0053733538188026 -0.0163023050749743 0.143383133917548
0.0177001758294674 -0.0381329740744602 0.0597129056373697 -0.014275332570918
-0.0249439915681104 -0.0283423594316473 -0.0703795123430512 -0.0877933299349571
-0.0311025820181997 0.0125400732964502 -0.151113586483805 -0.00870405515616968
-0.00653171166927471 0.0246788270394649 -0.108725684379679 0.115457373883336
0.00204622660135373 0.018801959920709 -0.0111229060444606 0.146214946312419
0.00627112806426666 0.0199140908628754 0.0507304249839281 0.110481847371562
0.00432241966207957 0.0122207993833803 0.0798672257796386 0.0781915785094986
-0.00763313216242791 0.0103166559880833 0.0906584568791149 0.0714136191615687
-0.0147595887615434 -0.000651091536731302 0.0828251645408796 0.0869462850042538
-0.0076367264074134 -0.00776130433805802 0.0480738476170047 0.110394262354568
-0.00257063940941007 -0.0191663447958762 -0.00323999919425711 0.129120786917846
0.0269974593397785 -0.0157362971152135 -0.0771803233840786 0.134861437443884
0.049856568386923 0.0162991969981948 -0.125836571511346 0.145938001627008
0.0315046639133822 0.0454146338597858 -0.0913730192485843 0.215534753559996
0.0358122035431958 0.0744801612148984 -0.0351333481270295 0.136866213882057
0.0499880166711752 0.0213939668677314 0.061288777747241 -0.0140736185012858
0.0292142511809904 -0.0167207215760912 -0.0651264493914926 -0.101279102521914
0.00987103700887623 -0.0226197615685114 -0.159031785471311 -0.0252426716915302
0.00602773950475528 -0.0191337848178089 -0.125454436038006 0.110819634738864
-0.00863021245016061 -0.0242862579303374 -0.0243088130026481 0.14551968288036
-0.0221083213316857 -0.0125255075005721 0.041845740167175 0.109729804711514
-0.0236226324359356 -0.0146153735563468 0.0720856636917225 0.0762262212585578
-0.0322589826708924 -0.0219895215516702 0.0867076402482765 0.0618441290501943
-0.0188035956801269 -0.0501620123188146 0.0870858719139457 0.0731322193977425
0.0213342264907208 -0.0510153588868481 0.0655627438718305 0.0991689739318698
0.0530209756993231 -0.0388498927488537 0.0226112970592555 0.128374353213239
0.0796940750256754 0.0207441539937338 -0.0492613038570866 0.140375566450993
0.0620282714087208 0.0946330430312775 -0.100170676148409 0.138388454928659
0.0190636666309603 0.128838552965543 -0.0757293192163171 0.18547966638632
0.0163537517813882 0.136605546328852 -0.0439492897540921 0.104003285945796
0.0668843089861508 0.0929497421718878 0.0661864162238176 -0.0254204429967341
0.0838441186320525 0.0142577620778634 -0.051333290526124 -0.122455575171224
0.0628174194943911 -0.0483349368451347 -0.159670172551572 -0.0521580983730482
0.0274324122835362 -0.0648666369404707 -0.13932304853365 0.09104802935025
-0.0131659305674973 -0.0696176552532419 -0.0412822645747025 0.129548737125433
-0.0465280734720143 -0.0468585623876746 0.0233653168107 0.0954247210223712
-0.0488243542343199 -0.0392697424761099 0.0538733649130875 0.0640197550475498
-0.0551457993278803 -0.0468272178301027 0.0715651681035766 0.0410670519675965
-0.0293242965079074 -0.0879898178873139 0.0853461333183771 0.0444778279903247
0.0325238605655337 -0.0908356646008064 0.0861035867192604 0.0684402514199336
0.0889381090776935 -0.0730178636628168 0.0601496773234358 0.115865271111516
0.130201936037744 0.0293502329986751 -0.00866109168751267 0.141162048560023
0.0874340252610488 0.144147507995252 -0.071700930085575 0.126587556222937
0.0173563845782001 0.189912830219423 -0.0567106025455608 0.133567045710174
-0.0153206325638374 0.178516016103108 -0.0387819624195819 0.0462845687336528
0.0620984379138301 0.161953092272444 0.0753321304325147 -0.0501275948696899
0.124631531569673 0.0607102692185294 -0.0245322614510241 -0.143871438629939
0.11751144401692 -0.0564702523949488 -0.141632333736341 -0.0863448586142573
0.0546904094042939 -0.0999789287418111 -0.14196562561205 0.0527078957376626
-0.0101182282406635 -0.108041392752065 -0.0583201934099052 0.0951530042812148
-0.0622250816413936 -0.0777975742727402 -0.00162122042780185 0.0677728085513523
-0.0671788610142947 -0.0583449155351828 0.0280560012451194 0.0427987687415767
-0.071709756064276 -0.0610786054267613 0.0486270141108779 0.0141053538263607
-0.0418650410420012 -0.108960252033938 0.0737263310823348 0.00846476263249248
0.0308897211535189 -0.118381530141195 0.0970663438498098 0.0259753520594221
0.103628765158047 -0.106493056492378 0.0929493592578696 0.0878691535123213
0.162713551291751 0.0200753337446558 0.0324544196393955 0.129287987192957
0.109015612115143 0.162577443546304 -0.0493055477645282 0.108737949485402
0.0194726804683781 0.219871625256463 -0.040632212941037 0.0697715679482351
-0.0473605484096042 0.189229793794303 -0.0166963899757416 -0.0293826261017125
0.0357392565984581 0.204601604935833 0.0876184560561209 -0.0843523954621594
0.133859420486386 0.106581489309026 0.0110372373938894 -0.158254244919893
0.153051248727986 -0.0424741276569129 -0.103809147261557 -0.116942452159226
0.0781081670300688 -0.114522757524547 -0.125884894382598 0.00273292246706789
-0.00176943549295725 -0.128665066761795 -0.0699724061950312 0.0455626904356557
-0.0673146914871491 -0.0961204923061546 -0.028138907902992 0.0304970447211214
-0.0757423407919979 -0.0696054560375445 -0.0015376611603008 0.0153874737556004
-0.0789017472954646 -0.0659179033635157 0.0207574838079787 -0.0146570002616434
-0.0480337958435245 -0.113012206242144 0.0538703738391798 -0.02796228354882
0.0250250688820639 -0.128062687325556 0.0952235703961751 -0.016950669746826
0.103369898917502 -0.120404917780836 0.111579652114268 0.0535726780431216
0.168708582317043 0.0127889438614865 0.0605380146115937 0.107996545154159
0.109421915312806 0.15970621234588 -0.0370263680119017 0.086600610615583
0.0159378643079994 0.216913883544546 -0.0297273439732879 0.00397612074403348
-0.0672810410457264 0.163342799101197 0.0179999173155941 -0.106979495649061
-0.00104455668262372 0.199130764718833 0.100493020965269 -0.118612135545645
0.107198575021559 0.126555636666965 0.0476156907955652 -0.160366139470914
0.150603529557563 -0.016989877558017 -0.0554342767101248 -0.1332943841254
0.0856602609820961 -0.102179141974997 -0.0945722799653418 -0.0462212233137664
0.00619966957727981 -0.123081379138757 -0.0737178430153945 -0.00879599807726002
-0.0606687570682897 -0.0969662387100609 -0.0522999381257491 -0.00999281851327528
-0.072243297091811 -0.069450590222691 -0.03037254185439 -0.01379338403542
-0.0750761932674433 -0.0633993775039684 -0.00721659756950299 -0.0421714760829355
-0.0460818036742484 -0.103917305010342 0.0316306106528328 -0.059650788958671
0.0221963975292361 -0.119173951154715 0.0874561972892741 -0.0526513912110415
0.0974796877103555 -0.109950189519597 0.117863430281487 0.0247570174909022
0.151084454017223 0.0185049766016399 0.0732307935257296 0.0863975491682027
0.0856827440691295 0.144349413252022 -0.0308756658630685 0.0640327550550737
0.000261270667150977 0.185116295249442 -0.0188457152215073 -0.0535566463098745
-0.0689142472789366 0.106761698604117 0.0518321399786288 -0.172046341996231
-0.0297113624735889 0.146782011236612 0.109469363317782 -0.143088335651274
0.0615966921855198 0.108758415968758 0.0752095572685698 -0.151009172098178
0.112098375795107 0.00212077485348663 -0.0127071666645692 -0.135685945615629
0.0700687168633263 -0.0724769745438279 -0.0627368167627542 -0.0826985924615762
0.00926221580914642 -0.0939318835893832 -0.0737419118878713 -0.0554297945534516
-0.0454751427494766 -0.0783748433258534 -0.0720635788798956 -0.0443275286464125
-0.0568374810230028 -0.0576027413556087 -0.0552718885077526 -0.039268661840222
-0.0603602263101851 -0.0533936723715163 -0.0316072861865444 -0.0657542915618544
-0.0353851823453125 -0.0842091020124899 0.0136111777276523 -0.087364818476979
0.021542176895267 -0.0974492562689152 0.0808957262463734 -0.0790638903114036
0.0871083538085584 -0.0814444332363915 0.120144918005833 0.00609295765735331
0.117155927427718 0.0318787233328171 0.0774657948833801 0.0709797157698362
0.0472179009666699 0.11983139038018 -0.027889539395393 0.0456845437825164
-0.0217973026675268 0.131187431491766 -0.00537860145750592 -0.0960972818632569
-0.055409156257296 0.0304459351044081 0.0736204336062688 -0.21266991478826
-0.0435388146582428 0.065537459677153 0.107295726391248 -0.155527944670276
0.0138170243685827 0.0633233248108347 0.0861259388986116 -0.142377653385238
0.0542274936652649 0.0120075905960269 0.00956882754602192 -0.132156329617035
0.0394499417772404 -0.0338046516102534 -0.0438283520086612 -0.102520130577757
0.00883086876370945 -0.0488774048234003 -0.0744162575837709 -0.0824441332036772
-0.0231360080841567 -0.0466534621416572 -0.0844201770519925 -0.0657369911767149
-0.0323081812335974 -0.0370536296157541 -0.0713655668913172 -0.0571940278425719
-0.03582115692343 -0.0370881462091036 -0.0475416437310401 -0.0833404928058773
-0.0197738592705904 -0.0559875746728924 0.00436899877654214 -0.108566544574747
0.0188276209502688 -0.0659817506942819 0.0820180118862668 -0.0975600824882389
0.06980384165242 -0.0446218268089779 0.124181466793249 -0.00392382133103634
0.072131017786067 0.0430583064068457 0.0774482344949742 0.0639787743824812
0.00464791352488701 0.0834733456824947 -0.023323518199259 0.033847430116361
-0.0422869781879893 0.0615688954594162 0.0121387008346511 -0.117992743707391
0.0390447237378429 0.00522280052517597 -0.0102626623027663 0.138998274027816
0.0165316341562373 -0.0377828511425112 0.0583560718302644 -0.0162959899021696
-0.0250817391090993 -0.0267453186438131 -0.0706380731428657 -0.0820650806511988
-0.0302916218482186 0.013356664179114 -0.146753416049788 -0.00303574446549556
-0.00516647220513947 0.0243742475374263 -0.101543505475404 0.115492293131908
0.00304891385599821 0.0181568371382627 -0.00448986169265522 0.141955730151943
0.00777890526100655 0.0186438194096875 0.053643019408243 0.104819847139921
0.00495348448526007 0.0114538131701189 0.0801219136874496 0.0717044923896996
-0.00665996193088675 0.0107080350321794 0.091092835786 0.064930723349957
-0.0144255071469063 0.000272431835263889 0.0843867567259121 0.0811449145275995
-0.00760981610635142 -0.00763356627481751 0.0506129024586687 0.106385051125122
-0.00322534928832125 -0.018301095108548 2.44703901886085E-05 0.124883872365948
0.026359685377244 -0.0156274932655788 -0.0719318002622259 0.133005575640029
0.0487200870947474 0.0136482013384424 -0.116874887778891 0.145115873914373
0.0320407399940975 0.0433703182386166 -0.0804021230581955 0.211147179192596
0.0368436045241385 0.0715007552152861 -0.0286188603556224 0.133460242206737
0.0499145777297893 0.0186135881117991 0.060105373359875 -0.015114046409566
0.0276781525456534 -0.016986290565884 -0.0661167055230117 -0.0953253248667348
0.0079983677648414 -0.0219553516429416 -0.155245064771344 -0.0188175673503402
0.00567295062807614 -0.0187414215239253 -0.117277157247481 0.111624185324624
-0.00909772527267127 -0.0225690283341526 -0.0173889119212498 0.141961996770994
-0.0216046312951967 -0.0111296964165869 0.0443831186666532 0.104443100755304
-0.0231320376147971 -0.0132712255485682 0.0727892413073565 0.069822021005797
-0.0324203779630596 -0.0198980216174409 0.0867137102499822 0.0557401673502331
-0.0206329148288999 -0.0477935960157178 0.087960165227151 0.0676396876222367
0.0186063855996266 -0.0505355436343938 0.0674809459805246 0.0943511565665946
0.0497455656343848 -0.0395406494535979 0.0256003994372654 0.123883922468496
0.0781459610161565 0.017693412879643 -0.0445361287744656 0.136888820141274
0.0633964909119877 0.0896693884109817 -0.0928885087232762 0.137777374121383
0.021973858333574 0.123986562801548 -0.0668226930887404 0.181967542138514
0.0197263120778538 0.131383294141287 -0.0384093851184366 0.102036659957406
0.0686201743672984 0.0876361843543716 0.0649948166974514 -0.0266792301080452
0.0810608692320929 0.0111358718836931 -0.0528900113396717 -0.116266776898359
0.0578939496837598 -0.0494663849794812 -0.156358995829396 -0.045800432173351
0.0237533495407178 -0.0634653708709622 -0.130915610115077 0.0925308116527405
-0.0156090422743187 -0.0662760878025444 -0.034628587717093 0.126826498838521
-0.0465226129006782 -0.0431985197516179 0.0256898350511562 0.0912243462316107
-0.04842540950369 -0.0358493593800059 0.0544382918359541 0.0590343386132842
-0.0548876187011887 -0.0425758901373371 0.0707176998200865 0.0369372689039556
-0.0326448852581697 -0.0834732815243157 0.0856857279334324 0.0399053665578134
0.0278442624194781 -0.0897673448189581 0.0862743341287609 0.0641496153758242
0.0830846156206639 -0.073686309414395 0.0624216550086458 0.110562695188044
0.12748511996373 0.0241066643642581 -0.00517847150119802 0.136544091976963
0.0901904585737377 0.136668255169664 -0.0655896697876539 0.125092488935693
0.0227883602187192 0.183014150261046 -0.0506830977829841 0.131496705735384
-0.0104805620699351 0.173130576732297 -0.035042964909034 0.0456900936805371
0.0665701498313064 0.155293680173819 0.0733063153162751 -0.0506104315305066
0.121478515724042 0.0545324968474634 -0.0273701386552513 -0.138253255139844
0.110133166008061 -0.058885687713104 -0.139863868807134 -0.0789495533154475
0.0486079190762266 -0.0989436428990287 -0.134148068319777 0.0560635900233163
-0.014910820600332 -0.103537252155909 -0.0526469284159182 0.0940830357384373
-0.0634246252072553 -0.0716981237666938 0.000542662159178748 0.0659415597182085
-0.0668052675461764 -0.053295011262054 0.0292074085061094 0.039966063798307
-0.0715070677482498 -0.0557784424156913 0.0476659487871172 0.0120123132807454
-0.0449902668231764 -0.103227487468821 0.0731685790243272 0.0052633264353084
0.0250685479018289 -0.116869084461544 0.0954803885392493 0.0221764552376836
0.0954612316007023 -0.106553871872168 0.0938079938751957 0.0819257550177989
0.158399181267746 0.013816040914819 0.0339814422931137 0.123869715708396
0.111411319833231 0.154173448692053 -0.0448851544327921 0.106638760712303
0.025626694782322 0.212334787121155 -0.0379835550504328 0.0695350415088253
-0.0410469546667163 0.184371763358834 -0.0160238609201683 -0.0282400521869148
0.0422155225292396 0.196591552662689 0.0838902444734791 -0.0835186934353415
0.131907559391794 0.0986309523391346 0.00713850314759329 -0.153089314655719
0.145264763249541 -0.0467866602491848 -0.104033108030142 -0.11054576478716
0.0706823267436529 -0.113202961555508 -0.119996660908821 0.00659137452002083
-0.00759323476757609 -0.123738473491863 -0.0659657708993743 0.0463740255464495
-0.0693086722085405 -0.0892217820687311 -0.0265560780840278 0.0307686055011383
-0.0758761245030275 -0.0631587988612236 1.90610179574385E-05 0.0149961204956937
-0.0788647229172456 -0.0600955257018143 0.0198626819762765 -0.0151206785547853
-0.0519560117935008 -0.10702625778756 0.052251639894394 -0.0282731854211203
0.0189033569163046 -0.125395318604643 0.0924731780030135 -0.0196179641634482
0.0941444109028192 -0.120337884746339 0.110921448745326 0.0480467788193172
0.163795087746929 0.00616806069916689 0.0608733441722082 0.10215300881846
0.111998224913644 0.150963529443659 -0.0334794213103788 0.0848493047620068
0.0219256665235466 0.209349666573398 -0.0296494546244071 0.00639078173115212
-0.0606351789374828 0.160109800257882 0.0145765770575119 -0.104312977549802
0.00622250769987893 0.193301888874474 0.0955512302795949 -0.116686424647024
0.107097971348864 0.119011694367058 0.0423871369620587 -0.156522263202875
0.144280949140619 -0.0223452182618046 -0.0572704042336492 -0.127594591411943
0.0781714070661197 -0.102279278125867 -0.0912494436305554 -0.041868192694564
-8.40340589225397E-05 -0.118661662036861 -0.0720193621983455 -0.00672728560089497
-0.0634882038064042 -0.0902593054065539 -0.0520373588227294 -0.00719818275121075
-0.0721110338904907 -0.063164682118401 -0.0296502983944303 -0.0115359208955668
-0.0751397333633554 -0.0577863786882187 -0.00857270914045067 -0.0402885229831151
-0.0488255924997454 -0.0984357187345292 0.0291765838416544 -0.058644572824358
0.016304718752242 -0.116822535573917 0.0833726740746591 -0.0537647020372027
0.0888681788793264 -0.109664097906561 0.116528993365928 0.0203069141116342
0.146944102470264 0.0114969412044851 0.0731752280930532 0.0806949855013737
0.0878426342905069 0.136942318201608 -0.0284506887627584 0.0636179526051997
0.00626300445430853 0.177773040783229 -0.0212291964417655 -0.0492572631537488
-0.0636500019326887 0.104880912118265 0.0449451239931754 -0.168053994639541
-0.0232132110540896 0.143331445981878 0.102495278709107 -0.140738811551425
0.0623938431523982 0.10283948623821 0.0689362675603225 -0.149046730138833
0.108176613174453 -0.00158848658258039 -0.0160386628772911 -0.131191905772303
0.0639724321199803 -0.0723364598564539 -0.0616521594388318 -0.0781593576080281
0.00484662791008566 -0.0902620630078166 -0.0741195347815693 -0.0510024927604058
-0.0475604177343203 -0.073079713928222 -0.072468532935857 -0.0393130705896388
-0.0570059106105833 -0.0531554197977143 -0.0544810092440236 -0.0347013163033763
-0.0600634915802625 -0.0487557952684552 -0.0326469252517841 -0.062223891598251
-0.0377736806736987 -0.0795855346346241 0.0104663271654671 -0.0847114543827725
0.0163113608698965 -0.0951172860802305 0.0759354413939209 -0.0794550081630434
0.0802876300659179 -0.0819294343140791 0.118295462439057 0.00141402591903422
0.11404827491327 0.0263360499337598 0.0769545864459319 0.0656018176245652
0.0495966569099316 0.114199141098193 -0.0254664819269754 0.0455651197194873
-0.0169454377009516 0.127426705675462 -0.00976903049523169 -0.0908279529728988
-0.0526873078954799 0.0308957594788056 0.0645277366842274 -0.207696459739339
-0.0398264575472255 0.0652373250114102 0.0999030146204769 -0.151805510349177
0.014985337812443 0.0602273451237886 0.0802606393756144 -0.140400248300522
0.0524887346410304 0.0100259018676209 0.00595057398032967 -0.128546843470103
0.0361744767365296 -0.0341616819100843 -0.0447121285028984 -0.0978876614086643
0.0067259273951838 -0.0473749769529162 -0.0756508261539303 -0.077698035241894
-0.0241629232280477 -0.0433351794866669 -0.0847794346716723 -0.0591559394864234
-0.0324757650377058 -0.0347078685385135 -0.0709383434073414 -0.0516644409597908
-0.0357398136059176 -0.0339511308185154 -0.0482783802658981 -0.0788793837069646
-0.0213209957480898 -0.0535847114131463 0.000734035740600904 -0.104854451636585
0.0156082261882034 -0.064562493504642 0.0766283682584912 -0.0970156210493127
0.065283367764238 -0.0456065751710448 0.121008506814264 -0.00798779635251316
0.0715518748954694 0.038829517109303 0.0768449760931202 0.0588081357226951
0.00654801064700999 0.0806339777579342 -0.0217411568040677 0.0346234622777389
-0.0389851979728175 0.0609557313421693 0.00689941733350931 -0.11334429653438
0.0385180373771003 0.00554045118298452 -0.0072686286516822 0.135697743143939
0.0155854345374004 -0.0373099727825867 0.0576201012160175 -0.0167597440977167
-0.0241231735814037 -0.0254894314782069 -0.0697183447715756 -0.0784078242147443
-0.0288962766753512 0.0132377222441926 -0.143379588992225 0.000355364364511616
-0.00429377245816263 0.0238433206918525 -0.0966918458829784 0.114161229766669
0.00395064093398912 0.0176612744190207 -0.000375382501241656 0.13774819219262
0.00825698710485933 0.0173679095885546 0.0546771958986092 0.100526842328248
0.00536482602518404 0.0107170649052122 0.0793132259099322 0.0666277001034992
-0.00566102748853738 0.0109097179879887 0.09115007440133 0.0598979531039977
-0.014205295649534 0.000688149594329185 0.085001399493407 0.0768951325402907
-0.00752027359296358 -0.00757926005013582 0.0519644568091424 0.103307016439272
-0.00294219354533089 -0.0182643435812571 0.00140352153504536 0.121388778945449
0.0258083655290007 -0.0159543562649988 -0.0692564385456768 0.130460150172432
0.0478720547365559 0.0120382377740346 -0.111540413729792 0.143064541542395
0.0317065766401691 0.0416462231876134 -0.0736364958724453 0.2061728568745
0.0370085975090179 0.0697524400141509 -0.0247328435378402 0.129811801314763
0.0489069303603427 0.0167656108911474 0.0591946257297529 -0.0160809171833467
0.0262561539471118 -0.0170155206652632 -0.0655271526862111 -0.0912314165203018
0.00678702377589619 -0.0216661119598663 -0.151278179432378 -0.0149654905272413
0.0047938178307806 -0.0183530466322751 -0.111658172637608 0.110444589048804
-0.00916457542816573 -0.0217769022911041 -0.0128644719198201 0.138148079182742
-0.0211988731367443 -0.0102692598256249 0.0453875004097203 0.100132111337401
-0.0225147641861487 -0.0122252701481957 0.0720071966686928 0.0655295778610041
-0.031556217005137 -0.0177492374097169 0.0857795409448253 0.0517703666160634
-0.0219470108376296 -0.0457734745917685 0.0887098658214212 0.063810894227461
0.016349401909585 -0.0502660905929791 0.0682388216519089 0.0911337702429493
0.0475252282314294 -0.039450816273354 0.0269503706726884 0.120153746857523
0.0768000501473955 0.0152648318133672 -0.0425098111581845 0.134033333931756
0.0642543386765322 0.0853068511304173 -0.0882471445374381 0.134745556448071
0.0237722146094776 0.119919734109603 -0.061376934021603 0.178324372891411
0.0207982867071505 0.128235093471128 -0.0347530303103641 0.0992819414379081
0.0693018419195829 0.0833350439570109 0.0647940667176929 -0.0271935343036166
0.0783323511648156 0.00928594324498281 -0.0526498741485179 -0.111956940272986
0.0542340245938708 -0.0490925342436601 -0.152887987747643 -0.041314834775241
0.0213364556869952 -0.0622651932558556 -0.124205267764289 0.0922846483118246
-0.0173285575119631 -0.0637608952591872 -0.0300076564345625 0.123376460208928
-0.046353248548665 -0.0402232414568139 0.0270007396751337 0.0881331235272857
-0.0476188498141277 -0.033309684727887 0.0545984176961036 0.0554067304958618
-0.054154934815805 -0.0392222213046144 0.0701949432364786 0.0335007970367207
-0.0344554276490038 -0.0801386821950392 0.0857614036751113 0.036909546880402
0.0248273655108515 -0.0887110530397363 0.0860548194824159 0.0609327862376594
0.0785884280602081 -0.0738379618356001 0.0628282772876566 0.106408726330157
0.124468100298567 0.0204682595646441 -0.00413765418129607 0.132706812605513
0.090696889100051 0.131328438655264 -0.0618458017112084 0.122818318048251
0.0253099426765594 0.177365411982508 -0.0471670221495904 0.129635648988507
-0.00741251574926941 0.16873002428201 -0.0322645686708525 0.0449322283589247
0.0684543966402139 0.149079952080823 0.0723567404943937 -0.050090652985272
0.11872649867053 0.0506121998863688 -0.027924489233686 -0.13405254392881
0.104547042531851 -0.0596291033472642 -0.137767616520518 -0.0747335804104777
0.0441322733135403 -0.096984721434645 -0.127685966588073 0.0568117344567865
-0.0176358051428909 -0.100280599103631 -0.0479250797910765 0.0919864732981425
-0.0636375085614139 -0.0670820378134279 0.00176812088213292 0.0646249871414466
-0.0659103687077594 -0.0496374270796206 0.0293703542979199 0.0377518891338407
-0.0704891223418955 -0.0513239998033507 0.0470764398310213 0.0102692153247124
-0.0470302280316466 -0.0988571056381001 0.072445488134807 0.00375292269268443
0.0213070474492344 -0.115052745814782 0.0941908373950131 0.0197795258148245
0.0893368867494867 -0.105480724805287 0.0934830967196444 0.0777898514497016
0.154409396072673 0.00977549980777464 0.0340723692696704 0.11963586775367
0.111987920008431 0.147694244292629 -0.0421158687443915 0.104643455051388
0.0292633178725556 0.204636497319759 -0.0360169294772974 0.0697798543988557
-0.0372993575771631 0.179807894460326 -0.0152873591808241 -0.0269531601687611
0.0457545629455104 0.190452883383665 0.0821649912703862 -0.0818639962132784
0.129678397444202 0.093573705826346 0.005700804100661 -0.149238024513999
0.139149842446539 -0.0482518800305174 -0.102393207417787 -0.10597959525776
0.0654114338546744 -0.111543879852195 -0.114249462413976 0.00841633303111828
-0.0113043808569946 -0.119558289007881 -0.062525808352301 0.0460609483639805
-0.0699364764495924 -0.0834906371249082 -0.0260441478946927 0.0311742539202126
-0.0748793321098149 -0.0587891661159437 0.000895573278933297 0.0145762271078493
-0.0775259838508211 -0.0552698241936423 0.0190600296706335 -0.0150091640639769
-0.053289981786452 -0.102010723323479 0.0512776934884088 -0.0295944730104569
0.014869488425428 -0.123146387464563 0.0900600125045508 -0.0213217589544249
0.0878744623723383 -0.118846105390122 0.109982853610662 0.0449811465830673
0.159474484830908 0.002075942955478 0.0600720020084921 0.0978983170602672
0.112671793803015 0.144658872842951 -0.0314224370539457 0.0833334352790791
0.0252944642767804 0.202340655482101 -0.0292919721809943 0.00816300024697264
-0.0570506118959843 0.156731477826019 0.0125186812712706 -0.101525947694945
0.0102643423930764 0.187968396094939 0.0924216054369863 -0.113761228018264
0.105947286209038 0.113785914432259 0.0402022243297339 -0.152341645519504
0.138850715257512 -0.0249042967254194 -0.0566293840277988 -0.123300882737025
0.0724918532473701 -0.101141790056144 -0.0873846229430472 -0.0393375320627474
-0.00329648195830415 -0.114333052426293 -0.0701706876232254 -0.00506095701759157
-0.0638291806051963 -0.0847949570787089 -0.0515915260795357 -0.00474631449941929
-0.0716389429386925 -0.05900345777886 -0.0281524688484714 -0.00959532222499276
-0.0736877374332891 -0.0532597764451639 -0.00942114559430065 -0.0387203444842918
-0.0499562931830859 -0.0937031339392363 0.0281639433127102 -0.0581529862541713
0.0121707549517086 -0.114393050355463 0.0806386412649979 -0.0545819101760609
0.0821377252298891 -0.108611640830756 0.114572118224888 0.0167353391693596
0.142588172893793 0.0077868546948712 0.0716765075732276 0.0764951251708138
0.0889916401306133 0.131566109983445 -0.0270568895743221 0.0625247122496237
0.00948842075519776 0.173031223597114 -0.0230910539381539 -0.0459974548954788
-0.0602377001264302 0.103053943703703 0.040781478780436 -0.164264393194747
-0.0194946314206965 0.139702711799638 0.0984069131113586 -0.137084868529933
0.0619748733504358 0.0989303734415679 0.0665236275557925 -0.145575513196494
0.104424103516712 -0.0041601156407145 -0.0168882623020469 -0.127419570494976
0.0601656983614698 -0.071978316837052 -0.0598459209524916 -0.0752229231843032
0.0019002449035123 -0.0873961505388726 -0.07356859751598 -0.0489587715609978
-0.0482226624854309 -0.0686823443017668 -0.0727831589131833 -0.0356290071720289
-0.0564780647596362 -0.0492781895615315 -0.0528658809143781 -0.0314831682003521
-0.0590112374014259 -0.0454159741439297 -0.0325973207395481 -0.0588499938093143
-0.0386502344842793 -0.076000766012485 0.00917769818398567 -0.0819730427548455
0.0136629803269539 -0.0930065363607176 0.0729694771473974 -0.0792682133218094
0.0749821954267009 -0.0815140098457164 0.115366765235509 -0.000907791007272618
0.111219192724011 0.0227873591382655 0.075342910008983 0.0618402258952018
0.050311179701995 0.110134220014477 -0.0244279418402963 0.0453425117421248
-0.0140440760765697 0.122926418273837 -0.0127241613246321 -0.0861426866859329
-0.0510083254742442 0.0304369604897739 0.0592370764386485 -0.202522479608073
-0.0381106358031132 0.0635750570468504 0.095639276899604 -0.14796771640829
0.0153614187197986 0.0587760296909802 0.0766219644964489 -0.137735220025196
0.0515480058720612 0.00883549691679492 0.00428599950405948 -0.125236080612317
0.0342028774968446 -0.0339682554040579 -0.0444322961088354 -0.0949585924260822
0.00515697929487971 -0.0456801121921411 -0.0760402693291301 -0.0738711164293881
-0.0242836376790404 -0.041058602435393 -0.084392689565906 -0.0540805145981871
-0.0325475517568549 -0.0323854264814497 -0.0689904256943359 -0.0469824677361391
-0.0353780441021361 -0.0320632350053906 -0.0477312311665685 -0.074905228232591
-0.0219806334434309 -0.0516960891348142 -0.00138720692403221 -0.10149822990871
0.0133855967943995 -0.0629565950936932 0.0724150153141376 -0.0963844169688905
0.0617633124087837 -0.0458546408758432 0.118930640742614 -0.0107398972195292
0.069969048069686 0.0363610749999306 0.0755603421729531 0.0555455652590066
0.00782113111052956 0.0782209614400136 -0.0211445823497438 0.0346613489315304
-0.0372650925050406 0.0592592210791718 0.00281694565509187 -0.108350900308334
0.0382435050948304 0.00528129197618888 -0.00494470755106562 0.132691301317708
0.0150555547328912 -0.0374909363956059 0.0577656188027844 -0.0176334541032075
-0.0241496461469897 -0.0251822867124207 -0.0688478842369012 -0.0755394266900837
-0.0280082068718938 0.0141280223474737 -0.140896610299014 0.00257505803041089
-0.00343530271088939 0.0230720725239039 -0.0932251670931597 0.11319094349508
0.00473343831783223 0.0168380279994896 0.00299457214748955 0.134448261895317
0.00873249915690683 0.0165924744613148 0.0557510206519797 0.0972340889888667
0.00579503291368333 0.00984739079828215 0.0789637544909956 0.062809361533839
-0.00520944619181514 0.0110352899986058 0.0910350123943267 0.0562428986962583
-0.0140578304419408 0.00108276801428999 0.0859463275412973 0.0735193962411632
-0.00753289892454958 -0.00753339430018579 0.0527872371852752 0.100493688972412
-0.00302721429954546 -0.0181276453267996 0.0021295077520178 0.118808819616852
0.0254793197975733 -0.0162787165927443 -0.0672876846320106 0.129061791552352
0.0467713402214245 0.0106793774931287 -0.107419661473872 0.140764906291186
0.0315976360126644 0.0400943016836748 -0.0692512078505966 0.202377357694585
0.0371661627475595 0.0682072197515974 -0.0218277957982725 0.127122939070462
0.0491329749050061 0.0149967619307859 0.0597549623411453 -0.0167443104956754
0.0253207224205325 -0.0169660294502041 -0.0644711640493396 -0.0884796440622687
0.00511492712688863 -0.0210503856189854 -0.148650306568008 -0.0127027813754222
0.00434419415641204 -0.0186087914220318 -0.107116374521788 0.109590458804887
-0.00889781368650346 -0.0210224357856735 -0.00892191898395027 0.135073004646932
-0.0201162757371704 -0.00894932586163375 0.0469444313435035 0.0973875001827051
-0.0220253265579235 -0.0125832101426875 0.0716337249597188 0.0623645364957664
-0.0304890384714341 -0.0163829073609075 0.0853623889598574 0.0483088559269578
-0.0228541277335541 -0.0443936044908727 0.089432358084169 0.0606352184736723
0.0152363239426123 -0.05009305974182 0.0688086304169119 0.0886795368219074
0.0454158588401945 -0.0399042329890437 0.027529602772235 0.117754008292689
0.0762935539130128 0.0133457083314864 -0.0418600224796891 0.132189197313721
0.0644599351652725 0.0824346258865824 -0.0846372773340196 0.133085367824978
0.0242658598700099 0.116719133913726 -0.057321018113666 0.17457269158853
0.0215543867430355 0.125100494878329 -0.0315749312612348 0.0972168282390477
0.0700251399943084 0.0797633088686434 0.0649925010198587 -0.0277901664280636
0.0760575931054427 0.00793157832312425 -0.0518090029377798 -0.108901076949333
0.0514606887968099 -0.0492037205733004 -0.150207321935653 -0.0379763909893963
0.0193434503824225 -0.0613119655824563 -0.119241966336404 0.0921920912107667
-0.0181759438574528 -0.0616787973656607 -0.0272155814732034 0.121318054085868
-0.0459981433648749 -0.0376321736163475 0.0280059624933142 0.0860897743617358
-0.0469513859384755 -0.0317488334339354 0.0548370405554664 0.0526268773531743
-0.0532889087572115 -0.0365880311541164 0.0695697438254208 0.0305428050589239
-0.0358608577212424 -0.0775683032989724 0.08579274903749 0.0337686526397461
0.0220783421139846 -0.0882813176937134 0.0862070228492799 0.0586984115073928
0.0752134824833338 -0.0738203308222744 0.0630078118997768 0.103137011426833
0.122639711413825 0.0179983255359422 -0.00381732618204188 0.130410248336242
0.091192399413655 0.127397392750563 -0.0593332727714165 0.12061374830197
0.0268960833721051 0.173047041148399 -0.0446983264146171 0.127900379478943
-0.00576179094515337 0.164985053440904 -0.0297857193440481 0.0440780731385701
0.070371130960635 0.14412003575826 0.0724664441887454 -0.0496793094528704
0.115981190583564 0.0480915020093909 -0.0278677301464981 -0.130690377354867
0.10010604072505 -0.0597220044894735 -0.135565381968475 -0.071127158872555
0.0410215333005028 -0.0955891734031906 -0.122726020183781 0.0567840782715561
-0.0194513550928826 -0.0973233253731707 -0.0453804423093532 0.0903853353485273
-0.0633344942622989 -0.0634307761070428 0.00248599014535389 0.0632479412522629
-0.0649259284303225 -0.0470128472013878 0.0297278879405297 0.0361772507550542
-0.0698561605403197 -0.0481610823051791 0.0460195157055013 0.00890555908733576
-0.0488554717561112 -0.0950406384935895 0.0725231967991297 0.00114962700116351
0.0180988960269723 -0.113613902394395 0.0934080734794171 0.0176402242173586
0.0848625421054088 -0.105048496326587 0.0935509305327268 0.074884640761222
0.151837259712883 0.00691194059193957 0.0333470930045864 0.116274585249348
0.112727093192824 0.142845363985512 -0.0403158552265625 0.103343625162312
0.0320335220719152 0.199367929212466 -0.0350513472739158 0.0697270998605892
-0.0349546359213438 0.176681157164486 -0.0140249663805148 -0.0268927514075077
0.0483600435809824 0.185651753382652 0.0812765397385416 -0.0806755267054301
0.126956101049995 0.0895142104556422 0.00485347817649901 -0.146461720311636
0.133994937984721 -0.0496945054868368 -0.10144111073266 -0.101854782003634
0.0611007336568158 -0.110149144643632 -0.109950757543651 0.0093963587815396
-0.0141276267760266 -0.115947664347534 -0.0599601324471679 0.0453411027847944
-0.0698175242565079 -0.0792074010914817 -0.02536993276881 0.0316533832467656
-0.0740741758121294 -0.0555046656966697 0.00111516208882571 0.0145240236543022
-0.076760583434241 -0.0524414585770221 0.0185623809282405 -0.0154318812126401
-0.054846405522998 -0.0982905541724018 0.0510800223222145 -0.0303035521832749
0.0116844605054369 -0.121291683646068 0.0887834623995509 -0.0225541640240643
0.0826757584002271 -0.117976246603163 0.109102813318178 0.0419237744111186
0.155770719346396 -0.00134215734975036 0.0590156053669656 0.0949280912917893
0.112918373215902 0.139810976427007 -0.0295740546995155 0.0823642571543009
0.0282621025821994 0.196617530706108 -0.0292655526662303 0.00951220276140862
-0.0543001117286209 0.153901036676924 0.0114574919531005 -0.099828820459037
0.0142744124602637 0.183651555262523 0.0905912125786883 -0.112023870289181
0.104705273207711 0.109793956794442 0.038789927373141 -0.149637122090179
0.135026027508679 -0.0262952173620792 -0.0563396644818236 -0.120279291463611
0.0688385394181586 -0.0999854339496593 -0.0846088844991736 -0.0377044375490527
-0.00618395251162387 -0.111947139319434 -0.0695146954097533 -0.00460705013345939
-0.0644975683161837 -0.080431281815746 -0.0513905747502082 -0.00310862661391388
-0.0707694743266205 -0.0557326141050134 -0.0268808605933866 -0.00827133081637034
-0.0729870387865818 -0.0500443273738315 -0.00884599074239741 -0.0372884341940366
-0.0511866789434728 -0.0894108211299998 0.0275646348065178 -0.0574328167545857
0.00991934520082573 -0.112669819197633 0.0777461675470605 -0.0551181784502315
0.0780140011352103 -0.107617299702684 0.11402154116093 0.014692922192096
0.139248065189851 0.00472209741203818 0.0706737678504379 0.0736606024000304
0.0898740445714225 0.126745458510095 -0.0264081315351319 0.0618330818537935
0.0113743121472203 0.168499977103145 -0.0238275813426998 -0.0429906676856159
-0.0580237983165089 0.101624404426799 0.038877084492375 -0.160928181839094
-0.0167129051461014 0.136704002916889 0.0963942437367028 -0.134956452088102
0.0619890911147047 0.0962904745691293 0.0642552869097847 -0.143319607828098
0.10162935494715 -0.00535425653023414 -0.0172923062492852 -0.124194168900874
0.056960403427353 -0.0714530968759575 -0.0583773235225376 -0.0737372165327221
-0.000469112761849122 -0.0849082884062449 -0.0738993368959559 -0.0469651695212041
-0.0482264253947154 -0.0651968138227575 -0.0722038632834092 -0.0319172195775433
-0.0561478137762415 -0.046734087245922 -0.0520837300534148 -0.0292982933890486
-0.0582576266981361 -0.042547648830535 -0.0327179813454081 -0.0563848927036778
-0.0395600907944325 -0.0734566822272028 0.00813077752873065 -0.0807386042833421
0.0111982569643391 -0.0913310849380269 0.0708609120872605 -0.079146734473156
0.0708249270814029 -0.0811767725184788 0.114380020366182 -0.00363871412932296
0.109064574807263 0.0203513226506702 0.0743557949403635 0.0586105043649123
0.0509701593038643 0.106839288500414 -0.0236330773932953 0.0458595631291677
-0.0126828742669122 0.119662283198205 -0.0146494059993912 -0.0828491983872684
-0.0495828332363151 0.030475424133923 0.0551420027041309 -0.198288732469791
-0.0362280130933838 0.0632831712837785 0.0928365129450321 -0.1453728667733
0.0155263801420773 0.0577813219935085 0.0742489552354301 -0.1357613770587
0.0507432903902818 0.00782670615959824 0.00322334992328484 -0.122495849567101
0.0323441138044547 -0.03346967635891 -0.0434951721223305 -0.0933289922770901
0.00432305241385868 -0.0440399230741032 -0.0772651572834959 -0.0716084234517081
-0.0244991105255318 -0.0393222371868716 -0.0845772229290518 -0.050580479857537
-0.0325823644042197 -0.0315027966488177 -0.067444003112731 -0.0436306409949625
-0.0354640780979127 -0.0304116096758792 -0.0477287965670515 -0.0715095285399914
-0.0221832735311662 -0.0496891178385911 -0.0025178840822569 -0.0994857865144023
0.0118258513529982 -0.0612924837116484 0.0698480013021104 -0.096318611318487
0.0586197271506199 -0.0460126621607957 0.117017346187039 -0.0122618297190597
0.0690216147954937 0.0341563254350313 0.0748201149458381 0.0530500899486044
0.00826185202293366 0.0765720866361557 -0.0204475403334124 0.0350105143060398
-0.0361597713372848 0.0580514658551732 -7.75398383457871E-05 -0.105058414746577
0.0344306842386607 0.0120025849384406 -0.0281915673885856 0.127274229535674
0.0207440263724372 -0.0321728735788032 0.0620396272880847 -0.0060320060655463
-0.016448592919922 -0.0286239733424332 -0.0498697135343137 -0.0863837183205738
-0.0272781511645588 0.00647809686183454 -0.135922716320874 -0.0246393740464249
-0.00683968131253735 0.0190590728584918 -0.111139710651754 0.090238211030302
0.00160306642696476 0.015394276526924 -0.0226509759061304 0.12945937877536
0.00598335991448574 0.0163559851744576 0.0349983000773647 0.10550194434554
0.0036456168362747 0.0100192496282725 0.0628213493495059 0.0749577545988574
-0.00682043485315878 0.00948489558054177 0.0773019778649614 0.0709478381317722
-0.013777757205841 -0.00211561648114733 0.0682425232852843 0.0878043844278757
-0.00567707533899764 -0.00951258291225152 0.030082613056748 0.107499605825441
0.00186687687024346 -0.0173724475697718 -0.0239266041128131 0.114048047514397
0.0285631554145059 -0.00883893307480108 -0.0918139179026869 0.111367580853552
0.0436168814575373 0.0209641149680294 -0.13402670204272 0.116136495294799
0.0212117165192655 0.0454713794418208 -0.11211403355209 0.1846201688147
0.0204602178689191 0.0705292632097419 -0.0441427001870523 0.119603707122822
0.0433824596161951 0.023155478878109 0.0613884017768652 -0.00393606349612035
0.0286318916073256 -0.0121870957218857 -0.0433747183345062 -0.0962141367451506
0.0101035107897352 -0.019716813507917 -0.140442598483654 -0.0397235977020412
0.00865860336955968 -0.0186837702566405 -0.123368352400373 0.0851007162664011
-0.00461604950209216 -0.0231311357348218 -0.0340277359710409 0.127908974604726
-0.0171796605120985 -0.0130372638148108 0.0261178864091402 0.103200825027439
-0.0187672745075349 -0.0163972294845131 0.0559821336694537 0.0728809932417023
-0.0256785195224517 -0.021857282898658 0.0728467150784109 0.0627499599363094
-0.0133181203375092 -0.0465901866607409 0.0742100510053875 0.0746900788540597
0.0247399046578071 -0.0455853979178198 0.0496589138309903 0.0975365228425165
0.0524420160818068 -0.0281373909741603 0.00313102334092631 0.117576156795451
0.0711598009793423 0.030391006111452 -0.0662960978507388 0.120156553499549
0.0453403991641227 0.0937967592259481 -0.111112243473002 0.114700253670203
-0.00147615440022951 0.116880679992963 -0.0949500332400072 0.161385897425634
-0.00578472039520977 0.121280681211008 -0.0487680956039662 0.0896024152229544
0.0514648930808535 0.0880631815103606 0.0662568334443859 -0.0131349160585155
0.0724627062096489 0.0217305444327182 -0.0277628349924519 -0.111675403482156
0.0575201199861639 -0.0365218915373381 -0.136199306651673 -0.0641408398096081
0.0310369522252601 -0.0564104120205731 -0.131612374318198 0.0668732614567618
-0.00557453033620535 -0.0627677945259486 -0.0473833441283055 0.112084901927006
-0.0363591177040123 -0.0440027041433867 0.0101553963156802 0.0885429647989944
-0.0386102823248979 -0.0405210547742787 0.0418102795707065 0.0606550883859298
-0.0434717654910286 -0.0451115781067378 0.0612967458090903 0.0430768008811374
-0.0196772044247586 -0.0808644734456608 0.0765629349738165 0.0478584444030518
0.0388752796165961 -0.0809478485169904 0.0723556533996154 0.0706555494312479
0.0873284028382375 -0.0541246048699191 0.0413403264043078 0.110315194653594
0.115335358312471 0.0447066062584129 -0.02740576393018 0.126205938916837
0.0615615146832428 0.142215103346045 -0.0841834788790776 0.109350847195105
-0.0108364923400406 0.171188192299003 -0.0715713524165815 0.118429379287333
-0.0390687746390639 0.153828566217899 -0.0380060287778409 0.0392058354841329
0.0409211022001687 0.149400277775855 0.0752299622055176 -0.0328284227294257
0.102045146299048 0.0679335177154538 -0.00151204628602528 -0.12666003931196
0.105473477472066 -0.0372726569541467 -0.114860979812761 -0.092207811024903
0.0581864994225164 -0.0843000187320102 -0.128032200443452 0.0328342315916997
-2.47486563555647E-05 -0.0962506237348437 -0.0589265169386818 0.0791803011973071
-0.0489229470665336 -0.0714203411484398 -0.0103560113625848 0.0612740700091227
-0.0536577414442362 -0.0578012967919806 0.0216384689060052 0.0404340918580985
-0.0564929440499807 -0.0595868570408044 0.042868577262433 0.017000390857952
-0.0280769746953416 -0.100544440908931 0.0700412427989874 0.0140194515826823
0.0400415419170256 -0.105703995304018 0.0871638717692662 0.0318801509294819
0.10275732061661 -0.0819405987270599 0.0776808638652436 0.0880063470765802
0.145794392567807 0.040328585232002 0.0124452276354135 0.119931807433514
0.0790449111744235 0.162015032199462 -0.0616411508738461 0.0960694282914531
-0.0121838554540807 0.198248837663345 -0.049184808946609 0.0630511218742617
-0.0675347148624006 0.159515582847101 -0.00943872824709312 -0.026113645588115
0.0132822817593411 0.184640002350412 0.0884460341178505 -0.0621151632329182
0.104806329328841 0.110232114062817 0.0312059779509512 -0.135315339222989
0.135094879159786 -0.0206270333901502 -0.0770467383597731 -0.114957660972995
0.0794123989171895 -0.0933535056566872 -0.106780053638454 -0.0107494619821064
0.00888901304737107 -0.112817032290716 -0.064783701416144 0.0328445036430079
-0.0520917246933574 -0.087119699854845 -0.0308529595503778 0.0247057657822395
-0.0604524277853615 -0.0685653779159225 -0.000600832584622712 0.0142330116650528
-0.062487617059075 -0.0642288430863452 0.0211497287125487 -0.0112755932802716
-0.0336006404242422 -0.10374932668027 0.0559174905756826 -0.0203474789168828
0.0350999996068381 -0.113659216204833 0.0905709627533517 -0.00823148362068079
0.102627163442541 -0.0949687429910601 0.0999162981377705 0.0593117653831847
0.151241496977112 0.0335682579338602 0.0423345167501734 0.103434255270979
0.0798538479089269 0.158071508289596 -0.0469389823996548 0.0778405755883723
-0.0152703217234761 0.194168217090446 -0.0310768459972145 0.0050423633432473
-0.0814060344157003 0.135391567876798 0.0287891509264848 -0.0921005183534755
-0.0183822834218956 0.177219137966948 0.102903395576033 -0.0909494763056916
0.0795004878497387 0.126345242005309 0.0631225388170722 -0.132726545603506
0.131316369648605 0.00110010754140088 -0.0304781964851138 -0.123408934149098
0.0844515460495507 -0.0812632049901083 -0.0739077064675037 -0.0513784152901284
0.0150290402443655 -0.106643183888868 -0.0640671394972191 -0.0177457600124176
-0.0468254966982758 -0.0875030404007876 -0.0496954640849905 -0.0138284389053754
-0.0579002495218323 -0.0670974271902493 -0.0238157263239428 -0.0132338734780965
-0.0589885398745158 -0.0613389236550245 -0.0010446304498653 -0.0381840673604271
-0.0317232217534673 -0.0950105778335756 0.0385988846554804 -0.0510235781317827
0.0314775775707817 -0.106084160968365 0.0869038352148945 -0.0413590689515645
0.0950140375571947 -0.0862440830862354 0.109906774289149 0.0343015992340373
0.133911843819537 0.0355318609202566 0.0575852197355398 0.0857156142291467
0.0592977924498595 0.141327904671344 -0.0392329281983031 0.0586773511510205
-0.0248832516617284 0.163479914736086 -0.0145666119901798 -0.0459862968381752
-0.0742027594085186 0.0854095689865944 0.0665613653265002 -0.147108043167353
-0.0390835312871864 0.128000863390819 0.114489812463868 -0.112236693490975
0.0408539049783682 0.10539483516102 0.0868250380348839 -0.122802186585291
0.0966996624618633 0.0153301379740898 0.00777795378926842 -0.120241853544671
0.0683905313256782 -0.0562952131666611 -0.0421040459218234 -0.0817798117397803
0.0161255925286378 -0.0801813675074243 -0.0612763944158841 -0.0590499360423076
-0.0342854405886777 -0.069943112744597 -0.0639111649798473 -0.0459105854030023
-0.04536492257943 -0.0557399265887259 -0.0429038787257318 -0.037020248674972
-0.0463643664837814 -0.0518249193202056 -0.0197057029661217 -0.0609774091088371
-0.0235136675449378 -0.0771094831714484 0.0243934758577327 -0.0766840417046311
0.0282347490663695 -0.0851566729971378 0.0838059477255788 -0.0648695289366764
0.0830006391191845 -0.0619590756125483 0.11362085284321 0.0179871186349746
0.100835823625923 0.0433975037039512 0.0629304043698709 0.0722156697001935
0.0269879714411212 0.113441779205175 -0.0345671309513938 0.0423282000550909
-0.0380226625720946 0.111859103516828 0.00249680733840196 -0.082686296487322
-0.0517870334733442 0.0209620256135515 0.090285544206777 -0.180358822834385
-0.044345386593639 0.055572817801683 0.114799106899774 -0.122426640532795
0.00451910328965247 0.060000982149767 0.0960142434073576 -0.115247144997424
0.0461396879373591 0.0181459036886489 0.0274312045780355 -0.115526101572449
0.037878496111522 -0.0242483522928078 -0.0242089512334179 -0.0981254272868684
0.0131502515775289 -0.0407312554942487 -0.0611387659372006 -0.0832455999916661
-0.0161495435390756 -0.0410828326642989 -0.072325007481043 -0.0651756028553934
-0.0252141138706226 -0.0363921437849767 -0.0553872821890802 -0.0539921804569652
-0.0269729051084194 -0.0355507230257754 -0.0309853492356314 -0.077917477229844
-0.0119400345025321 -0.0518371291418023 0.0177887316514213 -0.095339988146809
0.0229547332699001 -0.0561743882069007 0.0859296569541787 -0.0803666833424324
0.0645111445220432 -0.032111779117153 0.117708259496832 0.0104722277202646
0.0592463597216241 0.0475629368905189 0.0640990724833885 0.0673756799569358
-0.00827492792722245 0.075532646907816 -0.0290759518474191 0.0316684229552601
-0.0477257624820733 0.047878177270721 0.0218968749438038 -0.101866455875477
0.0344995734360592 0.0115618119735593 -0.0256325712333363 0.125101774409382
0.0196004863064065 -0.032282409856622 0.0613127121532272 -0.00650707374624672
-0.0162180257608594 -0.027759266823008 -0.0488568738136744 -0.0838116927297912
-0.0265468277253291 0.00661035558492068 -0.13334567867311 -0.0223822166684358
-0.00629057188184 0.0181671272992946 -0.107800006464094 0.0892442583352462
0.00256098620106881 0.014528259963114 -0.0198730295364847 0.125488885366465
0.0067008280585613 0.015315316081522 0.0365778005734925 0.100810349664091
0.00395325180209334 0.00868961489069095 0.0620595528015231 0.0714091027361795
-0.00558768517597369 0.00922971227637028 0.0772402397049471 0.0674356693350782
-0.0132364036255225 -0.0010871942699638 0.0688375141210379 0.0833398640922754
-0.00536323677062395 -0.00910130303315058 0.0312844973372082 0.105146911785818
0.00132519069258181 -0.0173259543233713 -0.0226798515637677 0.111020689649994
0.0280723369572812 -0.00943641473636028 -0.0897527776642185 0.109415654365127
0.042833771051872 0.0191370517984527 -0.129280922079667 0.113770722527706
0.0211188090700697 0.0437178619657267 -0.106436101104635 0.179475654512124
0.0208784576442226 0.0690017004447959 -0.0413570661848771 0.116767165369948
0.0429749127142927 0.0212852310331181 0.0616937386625567 -0.0045035029502157
0.027536263490231 -0.0119098168677867 -0.0420362626496154 -0.092568018023451
0.00908418389892784 -0.0193506499102025 -0.137924261963057 -0.0374546088114124
0.00817580285650778 -0.0185596655780509 -0.118443023626124 0.0841445335049536
-0.00491897823190266 -0.022431428857047 -0.0303472366601519 0.124602020038417
-0.0164929091395794 -0.0125421427338801 0.0280519940299565 0.100068397244608
-0.0182377514546021 -0.0162603925611778 0.0561829235783793 0.0697002768085099
-0.0246716908000723 -0.0202333961802779 0.0731357059919335 0.0591909446473387
-0.0136855374795167 -0.0450154763569739 0.0748917960996286 0.0710419285204404
0.0233993479118965 -0.0453632428134456 0.0496341586106605 0.0952911679008011
0.0500179148705977 -0.028465219899428 0.0034978572417249 0.114340288428299
0.0700155255777333 0.0283713206648044 -0.0641704850211292 0.117712515805652
0.0453833858935056 0.0900615638877249 -0.10700558133715 0.112094071778576
-0.000635052586973944 0.113564336100276 -0.0903050226409848 0.15797255919113
-0.00429150951178999 0.118214869284661 -0.0460883391160181 0.087279119813663
0.0519761570094191 0.0847659536577203 0.0658762938511312 -0.0131504111188515
0.0698307092745762 0.0205681451348467 -0.0273365798127918 -0.107964226891008
0.0549440997096733 -0.0363299424316813 -0.133098576940058 -0.0610410357363785
0.0290555232612532 -0.055235688295274 -0.126387441625209 0.0661223066687843
-0.00661045453064982 -0.061378813769082 -0.0440404188808533 0.108832426236911
-0.0362742933166036 -0.0419492293742511 0.0116233433272758 0.0861341878556024
-0.0382855043042389 -0.0386763055016596 0.0417153563905747 0.0584029334288462
-0.0425641002087698 -0.0428216076542037 0.0606954633077267 0.0409535242549428
-0.0211961798366642 -0.0779873633421501 0.0759482175238103 0.0448934236044486
0.036484236088565 -0.0798664793552401 0.0721603128824358 0.0686448691264216
0.083482323326455 -0.0540225274320352 0.0415772924620547 0.107044870810636
0.112659800371395 0.042222424028803 -0.0262616536694305 0.123037749329069
0.0622072281446793 0.137868741720901 -0.080753384576544 0.10642325951594
-0.00936749708300206 0.165738948222542 -0.0681412984502166 0.11605123424836
-0.0370811543120856 0.15060159323969 -0.0354113880791024 0.0377674197309341
0.0425238003783082 0.144682197846234 0.0746135432043641 -0.0324367092935942
0.0998161881345552 0.0649976880107628 -0.00181871193725687 -0.122779150224155
0.101302308677428 -0.0378077115721403 -0.112991747106582 -0.0888741285726921
0.0545834886443212 -0.0828263713086581 -0.123048807098357 0.0332641829493622
-0.00214381653253663 -0.0929976353631163 -0.0558871370770551 0.0770665747797812
-0.0489318665859708 -0.0680417510764465 -0.00862352895306809 0.0600357144305994
-0.0527925412322623 -0.0558811077795897 0.0219337803552897 0.0390030363416113
-0.0549636896481746 -0.056631757413955 0.042358390688 0.0157949209199033
-0.0300434545034788 -0.0963579060381367 0.0695687358466402 0.0115166317418521
0.0364719581884668 -0.104037092991619 0.0861980141082455 0.0305307851453349
0.0982100254017831 -0.0818259552178208 0.0771613382169939 0.0844873663852375
0.14219980474836 0.0372815314643565 0.0124467982372569 0.116146621856842
0.0796608948193059 0.156677536250492 -0.0592829297244661 0.0933046411303104
-0.0100150289700384 0.192191721884698 -0.0473800893661707 0.0628258093702942
-0.0649621700685475 0.15618716654524 -0.00917928373954027 -0.0260423915698538
0.0155656369281147 0.179634448077394 0.0868657548948398 -0.0608738283649351
0.103196249312603 0.106311070669182 0.0304314953110837 -0.131283025000912
0.130532281765263 -0.0222087797796374 -0.0758486008293326 -0.11158962433399
0.0753718770491015 -0.0915922767230622 -0.102987246589992 -0.0101666458639351
0.00588738918370606 -0.109670741962363 -0.0630023404740574 0.0314959295853301
-0.0521017308790307 -0.0830256539346599 -0.030452462471018 0.0252859906381797
-0.0601152546522709 -0.0648575642221142 -0.000230466965345877 0.0135256308727249
-0.0609739139132632 -0.0610154994323373 0.0205418896652337 -0.0112790666879857
-0.0353239649327635 -0.0998996850329379 0.0553901528411645 -0.0211883794657297
0.0321252853643245 -0.112675247580396 0.0888951684953431 -0.00895884969893484
0.0965616559238712 -0.0934236396769782 0.0991331071715121 0.0561183672811436
0.147893987980786 0.0302835785005873 0.0410996176410405 0.0995689052935794
0.0804940891665973 0.153187199234999 -0.0456501367567892 0.0757635237130567
-0.0128171425362547 0.188371192257284 -0.0311246907432138 0.0069400541062193
-0.0781968132856412 0.132660336748466 0.0280527501925604 -0.0901485072581735
-0.0148916708214682 0.172517678643085 0.100892922084879 -0.0894321740789428
0.0791022330805682 0.122167884667389 0.0615772225231339 -0.129230113121666
0.127417558860282 -0.000537478403390565 -0.0301314061507377 -0.120231344327545
0.0800329829939709 -0.0803785007181474 -0.0710961355410639 -0.0503627705677962
0.0124293989172349 -0.103525126528801 -0.0638191511749485 -0.0171042229632572
-0.0466506404835138 -0.0826885312547886 -0.0488844278757368 -0.0122347940287768
-0.0572318361755636 -0.064918704967732 -0.0226217582410846 -0.0123162124353715
-0.0575926329282261 -0.0581504799723721 -0.00210960024145192 -0.0370682490959239
-0.0326428057936914 -0.0912688034990325 0.0375397068104257 -0.0509120716163086
0.0285655034214174 -0.10375594232005 0.083902198749006 -0.0414410812550744
0.0895953986375374 -0.084900682221214 0.108503636186813 0.0311522851441274
0.130569677195346 0.032903678766169 0.0563612524231598 0.0816641825795669
0.0604080698175072 0.135903849360474 -0.0385720483619933 0.057360631854437
-0.0229303451614204 0.15802704852531 -0.0159196033621748 -0.0428313963890793
-0.0716443006903961 0.0839501515273762 0.0637500313855929 -0.14324296760875
-0.0361901138985433 0.125298570311711 0.111501964111662 -0.109552830545455
0.0415000480621724 0.102843728016012 0.0836770432018701 -0.120187669142379
0.0940801432274524 0.0134671646904552 0.00737115384650304 -0.116720991991487
0.0651326615587701 -0.0551545168954678 -0.0405041751361329 -0.0798249197808493
0.0144702778313369 -0.0780125034135327 -0.0616227640896114 -0.0570609465316915
-0.034627134840297 -0.0671768672873322 -0.063924735711331 -0.0423460646512378
-0.0455727744803015 -0.0531274128498655 -0.0416346711250705 -0.0351057188085171
-0.0453373657870087 -0.0489446184438751 -0.0203734145548327 -0.0583646012360688
-0.0241376027242512 -0.073925245408725 0.0231694916518483 -0.0746094387881915
0.0263137920111631 -0.0830524401160306 0.0811424500059355 -0.0643808939156948
0.0788128338835752 -0.0613790379252757 0.111918737702556 0.0150811760249209
0.0981275250191125 0.0400915253311776 0.0616628033435768 0.0690961191053283
0.0276147671673808 0.109607016296513 -0.0332362377701513 0.0423148356371415
-0.0360613776927243 0.108862734091466 0.00036394933123738 -0.0791406074005479
-0.0503792078430736 0.0206288005658511 0.0864858273155474 -0.175490738948447
-0.042387558057705 0.0547724768536905 0.111354710821668 -0.119574931308936
0.00540083006601257 0.0586776955552448 0.0930373586140549 -0.112751202486006
0.0450915035032768 0.0167377780955358 0.0265874549469945 -0.112721048839857
0.0358091110903741 -0.0242482288084869 -0.0239397608713182 -0.0957486962696054
0.0117924470960959 -0.0396480700116683 -0.0622825558185085 -0.0806693244146236
-0.0161836150382384 -0.0397644810108656 -0.0735605503661554 -0.061703845739052
-0.0252417539057889 -0.0348084167678684 -0.0541933829540645 -0.0514149191248354
-0.0268983624836291 -0.0344166016672688 -0.031344783173522 -0.0748111789895371
-0.0116955465300444 -0.0497993381666338 0.0164276779901421 -0.0933729215190218
0.021607477315051 -0.0552926552687219 0.0828307214416264 -0.0794180444506412
0.0616272266704101 -0.0320772342317665 0.115231150674696 0.00782893110381462
0.0582726193573837 0.0453359742793406 0.0621212336754554 0.064162946975153
-0.00768373376765772 0.0733526777990602 -0.0282646974026182 0.0317017306835251
-0.0464224194387143 0.0471594454070261 0.018784876838739 -0.0980945706326856
0.0336390628876535 0.011785800860259 -0.0250931529114718 0.121334357662655
0.0189370753979305 -0.0317437877948653 0.0614677760223857 -0.0069287257347504
-0.015782800150529 -0.0275330360731256 -0.0464179446337019 -0.0817033478156091
-0.0259859045411031 0.00687535856095266 -0.130139866394106 -0.0217555459993077
-0.00546547654667645 0.0177398615351447 -0.105551489122328 0.0864765892969224
0.00234387520560006 0.0138601441521382 -0.019062792419811 0.122074911851986
0.00650109356011915 0.0144359483469851 0.0364845031472387 0.0971226632049945
0.00388875741004032 0.00794207698335747 0.0610920014965992 0.0687757845266139
-0.0050521103611315 0.00858384217105084 0.0759687503676724 0.0642919038261907
-0.0130655347493346 -0.000646138237417901 0.0679516399965584 0.0808808746897274
-0.00546571742980377 -0.00923044565338125 0.0305277211978308 0.102948125432737
0.00124280745572478 -0.016552745796602 -0.0238712491679026 0.108047117664964
0.0278257559942083 -0.0089556602774785 -0.0889968975186495 0.105909873578921
0.0414927499913015 0.0183641405538421 -0.125852098811767 0.109340728651479
0.0198231641759017 0.0428138013026372 -0.103554469754248 0.17371954541495
0.0203253640053356 0.0675956425814144 -0.040587764663734 0.11393859541809
0.0417808326494923 0.0205906165889851 0.061930733296883 -0.00526649309158895
0.0262347233423696 -0.0121183320470662 -0.0400374244405914 -0.0905419497577339
0.00846348153306116 -0.0190907418672662 -0.133779296437306 -0.036936950904664
0.00747955172891644 -0.0180906182397502 -0.116113357927362 0.0816902944098457
-0.0043740943434304 -0.0221837221977142 -0.0293287701033373 0.120625033806625
-0.0159845710714545 -0.0120581561805878 0.0278550735821171 0.096621844136369
-0.0178075626522734 -0.0160574687881357 0.0548698321142215 0.0674452861858813
-0.0240750037822111 -0.0197559187782658 0.0718415079883043 0.0568287556005696
-0.0142429389028818 -0.0432410220764762 0.0736693024422124 0.0687839384207582
0.0223179274338909 -0.0446938123642393 0.0494284301486036 0.093450789022301
0.0483419535191359 -0.0278920105465255 0.00303199475837684 0.110931388592237
0.0678589738852522 0.0277443120443237 -0.0648748626542784 0.11431035536688
0.0446532851076621 0.0875002366855245 -0.10415501884016 0.107939432982037
-0.00138083790399703 0.109653091999931 -0.0881725102393838 0.152460413592615
-0.00468237812318806 0.11552416574823 -0.0442967103060321 0.0846721238305525
0.0508667419649474 0.0820380504636699 0.0662751363310733 -0.0134351963444126
0.0675137627248082 0.0199898377699162 -0.0252527446104473 -0.105344119915062
0.0524488157702866 -0.0351955503624833 -0.129677459327264 -0.0593003113389695
0.0277574664958533 -0.0539463613505455 -0.123045742885468 0.06433593497411
-0.00697709653596245 -0.0596710421642202 -0.0426585241240819 0.105069496572555
-0.0350632901909994 -0.040413318370896 0.0115293420584143 0.0834975576962909
-0.0371716772019016 -0.0377378603829797 0.0417181594575177 0.0565570041500022
-0.0412698984124553 -0.0412049287862829 0.0601744162997707 0.038871389188683
-0.0214943518774983 -0.07516599109362 0.0755858391955929 0.0424527170654619
0.0348844051580598 -0.0782821841673538 0.0714486455392038 0.0669558419279417
0.0806691795656487 -0.0535021345698145 0.040809519850963 0.103832133911401
0.110149263011331 0.040431949874196 -0.0274714860932289 0.120288134761893
0.061123034154917 0.134352803363103 -0.0791675579124687 0.102697491506736
-0.00975266880608263 0.160185073301386 -0.0665132904750155 0.112797191874474
-0.0370742502864681 0.146772844189552 -0.0341821999934047 0.0362538236247167
0.041536618568769 0.140617912150398 0.0748130367849661 -0.0322629199365758
0.0963034727040115 0.0638079852695127 -0.00026087557038866 -0.120129653048291
0.0975268214711908 -0.0364884069019692 -0.109881931160419 -0.0872719517663158
0.0526725963878126 -0.0804502804906791 -0.118961803903019 0.0306809293859921
-0.00277398991956211 -0.090887461113495 -0.0548132991206548 0.0739500422632272
-0.0474435207351376 -0.0655409355476452 -0.00861095946595773 0.058729686021082
-0.0514355882250717 -0.0542807641097998 0.0222510741929779 0.0375697429394455
-0.0538817991821834 -0.0544393102888811 0.0421947788464117 0.0155450632481447
-0.0301167360523796 -0.0931561539290695 0.0688549236758572 0.0105349470451783
0.0351190928106987 -0.102257175422314 0.084216422664865 0.0291840042444691
0.0940475422491208 -0.0796998174316491 0.0750057073044428 0.0821104577778106
0.138945121880393 0.0356741203046854 0.0107459529402373 0.113407660965083
0.0781024584011644 0.152666380278033 -0.058225366689895 0.090867435515685
-0.0110637749015565 0.185284360532373 -0.0464300460365404 0.0615568391540489
-0.0644470597542061 0.15206421964667 -0.00766690702018862 -0.0255990577050295
0.0164402263973626 0.17489146363759 0.0867844003400845 -0.0587476990580748
0.100035267712824 0.104430193373439 0.0307073554173401 -0.127752674943617
0.126589059948758 -0.021218560423222 -0.0725401694124288 -0.109122947128214
0.0727449504687338 -0.0893187330540943 -0.0988001243720684 -0.0111626982062727
0.0049001147604655 -0.106195302534151 -0.0618639685865968 0.0301290740411836
-0.0512011046783435 -0.0795626182718476 -0.0296447799163769 0.0251100273583785
-0.0582779263471639 -0.062658594606076 0.000146386530111167 0.0134938998211984
-0.0592829954066117 -0.0585057225115095 0.0202837252496476 -0.010702627396693
-0.0346170524664082 -0.0966216500884139 0.0544559348971962 -0.0217588699954566
0.0302422913425648 -0.1097939468877 0.0867804357079723 -0.00898961050215483
0.0932525262013119 -0.0912871117289754 0.0971580132751748 0.0542116566340972
0.14332989688835 0.0285184534080701 0.0387160343242735 0.0969560259338279
0.0787536747946903 0.148849715940438 -0.0447552281615904 0.0734504178953996
-0.0130364264689197 0.18235241792523 -0.0305712542382967 0.00723072040151337
-0.0773264879201765 0.128484061486881 0.0282039362416567 -0.0875261987679366
-0.0145990109444619 0.167791920417525 0.0997434592907788 -0.0858091123173681
0.0762829619525095 0.119420653506635 0.061230299955509 -0.125181105276874
0.123691948709173 -0.000273962604440722 -0.0278665381308682 -0.117000511067132
0.0777610454396799 -0.078121499098367 -0.0674206926065084 -0.0500003128839255
0.0114085231514393 -0.10037448398042 -0.0629908670716913 -0.0172992915223327
-0.04590097214455 -0.0800122195202036 -0.0483901542853051 -0.0102915931703237
-0.0563463294719798 -0.0617187169423079 -0.021794927544191 -0.01192857386269
-0.0558587571963218 -0.0558965388872128 -0.00167233441058877 -0.0349411656691139
-0.0322457123952488 -0.088136273668741 0.0374785526213433 -0.0499805436262415
0.0270184382516946 -0.101401244511187 0.0824315448946214 -0.040934823493814
0.0859799519519244 -0.0827730436931753 0.106035189000871 0.0301099665433044
0.126603464840219 0.031049361409526 0.0535612642880956 0.0795395374972218
0.0588190521385608 0.132210701678378 -0.0377313897750417 0.0558079660711182
-0.0229052169183348 0.152826057148119 -0.015891948037159 -0.0407857224920703
-0.0705877368157246 0.0817364039586535 0.0631792181831917 -0.138727271105123
-0.0351723441718357 0.121849899005256 0.109562667023692 -0.105281477387518
0.0399720677962805 0.0999955749634737 0.0829737909610332 -0.116396762864522
0.0913390122421215 0.0136245284746803 0.00832453448215768 -0.113396015601465
0.0625881075428804 -0.0541686539631783 -0.0381857394449069 -0.078959413114904
0.013664648378568 -0.0754450090951441 -0.0614241939921528 -0.0558380754164747
-0.0333560285420058 -0.0641208708839552 -0.0633820228146811 -0.0399811704973096
-0.0443256678011051 -0.0515712831824307 -0.0406217393982525 -0.033498675169456
-0.0443784072535467 -0.0470471068901809 -0.0197024141204519 -0.0561864772785021
-0.0233796167545253 -0.0715291415528509 0.0232494781252737 -0.0730483902979648
0.024780694364983 -0.0812249670758528 0.0787964156955946 -0.0631374232285087
0.0751658753605593 -0.05964989364376 0.109183683516881 0.0145246244956924
0.0953679378951709 0.0388406007219368 0.0587891474071662 0.0667689908367111
0.0266529061551004 0.106921806001485 -0.0326841252133146 0.0409964504026167
-0.0363806390314351 0.105315117701036 4.06316248042835E-05 -0.0753964554416433
-0.0494075450424553 0.0197707794818942 0.0852081800165587 -0.170359488473737
-0.0409007975363975 0.0530510869659334 0.109438176170548 -0.115275985434389
0.00568812739011341 0.0569915455351233 0.0922059244250753 -0.108896968874723
0.0439792097278983 0.0163086682538386 0.0274955914694307 -0.108549027732604
0.0349750544923326 -0.0234089350065347 -0.0227049233011738 -0.0944664305438035
0.0118838328799849 -0.0383350876847163 -0.0622586925597435 -0.0785046947280526
-0.0154978336519654 -0.0381238494994023 -0.0717710949651103 -0.058914785827216
-0.0249786320317072 -0.033704008654899 -0.052400821245554 -0.0497433606652955
-0.0256380365733979 -0.0327725389311542 -0.0300650124223294 -0.0728056760256725
-0.0120668225884431 -0.0480859479189521 0.0160239815599363 -0.0903887113876379
0.0210165175404955 -0.0530605050537514 0.0802721392325535 -0.0777293200222987
0.0591741943737993 -0.0306942576296756 0.112545000919564 0.00741337376380579
0.0562438666803405 0.0440758169128869 0.0595733602341879 0.06241349074191
-0.007350008550682 0.0713633712695451 -0.0280736146099247 0.0317201734387046
-0.0457205378699591 0.0454914338877796 0.0174927561440953 -0.0939211428901798
0.0336234768853117 0.0123447165421828 -0.0259468104108236 0.120032901907745
0.0187714452483044 -0.0314679719959118 0.0624174493796277 -0.0073264276446121
-0.0152992503089205 -0.0274508737743552 -0.0440470713920388 -0.0818550301340626
-0.0260130125193849 0.00644513656569482 -0.127278495743255 -0.0233159219642719
-0.00635406162602958 0.0169411348899993 -0.106134057139849 0.0842532945751786
0.00225316661639437 0.0135138685718716 -0.0197933814689847 0.118976615693764
0.00645807959706462 0.014084889645394 0.0357737183603136 0.0949799858016678
0.003429759691716 0.0076709310750575 0.0592697815978973 0.0680765247012703
-0.00499605496470664 0.00847509171173019 0.0746735028056884 0.063268243693865
-0.01290514608549 -0.000407899574794634 0.0667337891912802 0.0807461362498002
-0.00534085439314463 -0.00899169762306553 0.0295413119746011 0.102648850120451
0.00138867516936012 -0.0161598287034404 -0.0258822730092712 0.105511167520003
0.0279396127723168 -0.00851917362012728 -0.0907725936679472 0.102361483376504
0.0408916411683895 0.0183433912614188 -0.12611924196295 0.104683052358898
0.0179075982989726 0.0426413510451189 -0.104324027963954 0.167600856591317
0.0187339958914278 0.0670004381052069 -0.041486370130123 0.111100421470243
0.0411514195869286 0.0199444315523259 0.0626685487712586 -0.00453980883883789
0.025844529034762 -0.0115319221674565 -0.0370894860387019 -0.0896049692466666
0.00788643677063145 -0.0181333839666333 -0.131524733229355 -0.0383989194332751
0.00731521467167662 -0.0178747338870191 -0.115560831634821 0.0784126248267511
-0.00473975534826945 -0.0220771484377321 -0.0302213863321254 0.117646306981635
-0.0153437766754649 -0.0122564442370265 0.0271217957883601 0.09479265267018
-0.0174757375684448 -0.0163938863880146 0.0535659951951195 0.0670939563843129
-0.0232827228378862 -0.0201812010485456 0.0711147837497173 0.0559294566919687
-0.0138335087027145 -0.0425152628575019 0.073061411460935 0.0682332345484848
0.0219387623464379 -0.0438004754363459 0.0479318770313571 0.09314866997559
0.0475594773982916 -0.0267325598694086 0.000619146799208314 0.109246390600843
0.0669875533235931 0.0282114736113313 -0.0664635150653077 0.111604694156258
0.0424653677198386 0.0867517309995542 -0.104995667737665 0.10420825566509
-0.0044374850614687 0.107347166072854 -0.0886366515445024 0.148326239958602
-0.00720444749586942 0.113767344145611 -0.044858783962891 0.0829869952979734
0.0490557512705581 0.0806060547979924 0.0673541793828245 -0.0127514676834142
0.0657638448154651 0.0205918467143771 -0.0220987348223554 -0.104087423699359
0.051390620569484 -0.0337658488024472 -0.12676633259292 -0.0610382565785502
0.0272427395687896 -0.052565572385538 -0.12174745371213 0.0599922932558321
-0.00620181799083125 -0.0587807162273349 -0.043268698537938 0.10230619103797
-0.0342191415055155 -0.0399063679740325 0.0108331697714783 0.082332497154862
-0.0363514003298193 -0.0375986562805841 0.040531818135626 0.0552071208509972
-0.0399949477771442 -0.041469990417663 0.0594216832992133 0.0388500331694644
-0.0206871578423154 -0.0743387177684754 0.0749142690694127 0.0421273237998441
0.0344567635185192 -0.0776127398843518 0.0700669843472359 0.0673417757308517
0.0794027747653092 -0.0517044400653713 0.038818268572541 0.102321380738493
0.108276443104779 0.0413618500861131 -0.0305282948453251 0.117456767924397
0.0587992791246476 0.133245275465716 -0.0805987591971088 0.0992732882766601
-0.0135170575522224 0.156685796830277 -0.0673802166099316 0.110342846221925
-0.03891952960203 0.144023071815426 -0.0340181258882885 0.0347657306964338
0.039562114662729 0.138657371197454 0.0758093901645289 -0.0303562949478269
0.0937591084036964 0.0642934707209655 0.00303885271585173 -0.11780181870151
0.0961045495890223 -0.0341414687583408 -0.106625907287678 -0.0879025111114997
0.052071613085269 -0.078890131026141 -0.117067512357026 0.0276426721029123
-0.00180262099421956 -0.0890509894410042 -0.0550700495157144 0.0715019833933707
-0.0460475387348845 -0.0639051287712726 -0.00951913940363325 0.0578260225749326
-0.0504926036885427 -0.0535751776440677 0.0215937266349417 0.0369062203176375
-0.051619326542914 -0.0537851838085057 0.0417334669219895 0.0157203998904975
-0.0286117899165995 -0.0912196728446914 0.0682572372290899 0.00988635215154519
0.0352962739475348 -0.101025623036891 0.0833420973771113 0.0301908027370415
0.091844595340978 -0.0774515083001386 0.0732169526193752 0.0818857971704799
0.136080937611157 0.036755005613388 0.00778434962659653 0.111532021061216
0.0752854493121442 0.151335170471075 -0.0597379135413646 0.0876037560039874
-0.0144212802947927 0.181567630736759 -0.0468834877144825 0.060746733310004
-0.0666642911838541 0.148766943163706 -0.00706299431912942 -0.0255174488388705
0.0137676703635759 0.171504219515578 0.0877175400059246 -0.0566982445649702
0.0970739901092578 0.104448037167241 0.0341596301049021 -0.124666740605744
0.124587023898355 -0.0190739105754552 -0.069537332308546 -0.108559737961044
0.0723863697413911 -0.0872218923523899 -0.0963554103544779 -0.0136227289580974
0.00575321935303772 -0.104154676956005 -0.0617538071816773 0.0280140907373654
-0.0497267809489926 -0.0785563796518171 -0.030294977286618 0.0245006489647322
-0.0573163317187666 -0.0619297469256375 6.77418891234248E-05 0.0133351789151188
-0.0573630419864588 -0.0576348715367643 0.0205956181998537 -0.009716638539535
-0.033379237564546 -0.0944916390307246 0.0545017074690524 -0.0219706363835132
0.0304313476260133 -0.108606963099622 0.0859376788340575 -0.00762710406644605
0.0913030888399046 -0.0885580230656031 0.0955311886654481 0.0544701335679832
0.140629373764206 0.0298749210523689 0.0353623584731128 0.0961575520070757
0.0755535622087757 0.14783001417601 -0.0459752490257629 0.0714622644635517
-0.0167837767926933 0.17757196983193 -0.0304813783456681 0.00805784740477566
-0.0792936580055988 0.125472716907463 0.0297031932342816 -0.0860487014074062
-0.016618422098028 0.16483073137596 0.100602809706947 -0.0821693712020734
0.0733932727909873 0.118719373698394 0.064181725966337 -0.121881157054442
0.121109775178049 0.00164029849375591 -0.0249794061811859 -0.115551972159581
0.0770213061671557 -0.0762546369283868 -0.0650241129886531 -0.0520482840346955
0.0125944119538724 -0.0983818053072203 -0.0628683056142794 -0.017987565223372
-0.0445179850655675 -0.0778532743173505 -0.0487524008222865 -0.00981918062563044
-0.0551009302374131 -0.0608226875127107 -0.021161815386002 -0.012065552023172
-0.0537159556552318 -0.0554543924430508 -0.00109995307588985 -0.0343282527492343
-0.0307361714957093 -0.086641000002663 0.0377762968985658 -0.0491939369272587
0.0268964665836566 -0.0994012758667269 0.082155689760668 -0.0389193387847612
0.0838269910899477 -0.0800925918634492 0.104453660853295 0.0302450476285829
0.124494350302301 0.0318799679741107 0.0503044271854773 0.0792726253978769
0.0559268496774899 0.130901059215852 -0.0385902589140245 0.054463429093331
-0.0257610898094528 0.149135407912853 -0.0153176049125891 -0.0387169994080415
-0.0714005780706296 0.079071141889179 0.0652488138009159 -0.135539051390214
-0.0357986470750124 0.119379792036347 0.110825001882077 -0.101092796582721
0.0387986628401602 0.0993094824315764 0.0853429995304847 -0.1127548093792
0.089538588663395 0.0141023641370926 0.0115147635947663 -0.112000179096168
0.0620984165958851 -0.0521943433379051 -0.0355776933773082 -0.0797334941744579
0.0141619682251933 -0.0737027694869923 -0.0618213729956912 -0.0561112382352577
-0.0322815358880454 -0.0630946947299573 -0.0632734509547109 -0.0388555338973688
-0.0432926017458743 -0.0507020224034565 -0.0393711477497814 -0.0334399204685332
-0.0423869140821059 -0.0462803627605339 -0.0181045051256738 -0.05516610189004
-0.0225888332772807 -0.0702722280979991 0.0241583176003269 -0.0714882018200262
0.02441543108514 -0.0796511962708307 0.0785697032431228 -0.0604240618357042
0.0735297421540267 -0.0577646071080629 0.107880668076752 0.0152858433931255
0.093556840388421 0.0393103209811347 0.0562834079823968 0.0666975638368012
0.0247425632866477 0.105523389495318 -0.0331924568307672 0.0402132859766511
-0.0374239650358467 0.102120135402448 8.23696916645138E-05 -0.0729372909299015
-0.0493824651436487 0.0187768445019058 0.0872759344793849 -0.166215546739479
-0.0408735427070076 0.0516641114222257 0.110484562550429 -0.110668471862235
0.00520009328738121 0.0561462278108216 0.0931024939292925 -0.105697475722784
0.0434841870158804 0.0164714380271884 0.0300911298358797 -0.106882006400646
0.034286871239669 -0.0230165563992009 -0.0201439896921968 -0.0943299407306162
0.0124636553491568 -0.0374547455645316 -0.0616581568208409 -0.0780265205916514
-0.0149609019621978 -0.037615827607967 -0.07147344461485 -0.0576170700384293
-0.0248418979664133 -0.0332531421731069 -0.0508185870641143 -0.0490941371731955
-0.0253197566804702 -0.0322683369391184 -0.0286121284954928 -0.0711778012722912
-0.0112925520843824 -0.0476015030479531 0.0171851399923093 -0.0883733428956739
0.0204573515692925 -0.0520587389096497 0.0800953101734788 -0.0750754381445844
0.0577535319046029 -0.0291168440364779 0.111289912133324 0.00860802390539875
0.0551716848399664 0.04410311355259 0.0570116269998969 0.062158334921508
-0.00886563522223321 0.0699518887271703 -0.0290128522245161 0.0312461396118042
-0.0462658493345458 0.0442052899268508 0.0176826919095133 -0.0909772020822183
0.0339852045680952 0.0131433072576427 -0.0276871569929326 0.120190314264545
0.019220169636391 -0.0313613655004926 0.0645737597545962 -0.00653419972607494
-0.0155005709885138 -0.0279664326711297 -0.0426158440792951 -0.0840961733939373
-0.0264099650876721 0.00639167362921593 -0.128130844905663 -0.0255234455133274
-0.0065250856673929 0.0170070002857288 -0.108712442334314 0.0830979172248919
0.00153063914873042 0.0129383236330698 -0.0217885093162048 0.118802309874422
0.00630443988949062 0.0136515087134514 0.0349591649793211 0.0948255726796411
0.00346948738521049 0.00764599589025435 0.0583530747386235 0.0688006362218762
-0.0051596836836324 0.00830653442861125 0.0747396698966118 0.0636334311094725
-0.0122181700109363 -0.000812035126566032 0.0669919317488744 0.0815451982859052
-0.00544780301965655 -0.0091496818484765 0.0282932908888409 0.104226217360279
0.00127845014814986 -0.0162484969712814 -0.0289506026116783 0.105306183858278
0.0284273238391539 -0.00856404346937566 -0.094866369467682 0.101540505605821
0.0404844529047161 0.0184945288647379 -0.129169102320893 0.101496881454571
0.0162601898217584 0.0426057906780215 -0.107939812804637 0.165700165188947
0.0177730543005338 0.0680520100367857 -0.0432638741598598 0.111594249449973
0.0407984313993065 0.0203981480690544 0.0644371256786527 -0.00454672531945469
0.0254321365444233 -0.0112821568756543 -0.034947604007106 -0.0919706169960421
0.00733269369935509 -0.0177807680053386 -0.131589875135584 -0.0411685003319098
0.00718039504669367 -0.0184264356029655 -0.118486325760847 0.0766559087246853
-0.00456572923780487 -0.0225955798479772 -0.0323022041016442 0.117689888321994
-0.015221735215999 -0.0125189750707119 0.0257476570174583 0.095312543965261
-0.0178173847257148 -0.0167498476337205 0.0536836696178662 0.0676117520182177
-0.0231896553991138 -0.020803089240387 0.0715857574496963 0.0570788442749619
-0.0131009939521585 -0.0423252932612324 0.0732999714067681 0.0688929123417358
0.0224500955116393 -0.0446295479742841 0.0474994942474073 0.0950497799970919
0.0476720612756678 -0.025805186462597 -0.00191623532071213 0.109744674045257
0.0670654707254284 0.0292871779005349 -0.0707603489963942 0.110858328936883
0.0412885525414572 0.0871147045081001 -0.108078563500143 0.101818305202632
-0.00770388376438154 0.108322666798555 -0.0913495704360842 0.146628244510103
-0.00967376791207714 0.114652960744269 -0.0464721956656094 0.0819821311962059
0.0482745854092878 0.0815902398361118 0.0692118902059424 -0.0120623081664487
0.0650760235506072 0.0219361834775346 -0.0186221134472996 -0.105190399088259
0.0518766479484354 -0.0326395718178196 -0.126514088571211 -0.064054078198626
0.0281072027234039 -0.0526681604169976 -0.123551747333722 0.0572211010001699
-0.00594898393632287 -0.0587750022565152 -0.0453926050063788 0.101407991733391
-0.0337537721520724 -0.04027142422101 0.0102231829986469 0.082176811942391
-0.0359881033907009 -0.0383209269929204 0.0404548893167838 0.056386936756176
-0.0399739662558019 -0.0422605330717194 0.0604735335810371 0.039802805580833
-0.0196385106445652 -0.0740986203084937 0.0757316594509312 0.0423038245379703
0.0350688718634578 -0.0782660240731419 0.0693209542664752 0.0694828048158724
0.0798101028481629 -0.0505345691971432 0.0371808821717275 0.103463868468113
0.108110653859081 0.0431743757009064 -0.0345199777084506 0.117502199770233
0.0569191100827242 0.134760255668578 -0.0828096321170438 0.0974415417324249
-0.0181868822623697 0.15671933115555 -0.0694779515115146 0.110136853131389
-0.0432098964562804 0.144546294469205 -0.0342702663710456 0.0341950682761846
0.0374726411547286 0.139173549279612 0.0790118392279498 -0.0296102707519798
0.0924917494670742 0.0666718731516313 0.00699786185678033 -0.118429045052795
0.0965028959431051 -0.0324945400640618 -0.105140905499699 -0.0907526817194528
0.0533027074178159 -0.0779133360465467 -0.117703327194873 0.0242604253607368
-0.000807041535759407 -0.0897048042101174 -0.0569368668105661 0.0703718646223182
-0.0454574114592147 -0.06392869618034 -0.0105244751371825 0.0583170651178427
-0.0499484293419817 -0.0543222557757279 0.0221953725148702 0.0370316813129944
-0.0518383768162565 -0.0543326964934501 0.0427994868926762 0.01644656898635
-0.0276245403486054 -0.091707641469801 0.0696637073852054 0.0102998390952586
0.0357601074741302 -0.101932457874104 0.0841127831748939 0.031939410294372
0.0926617814398233 -0.0764486708655465 0.0728045789906535 0.083381905037613
0.136405066270371 0.039415498196322 0.00433694140763226 0.112194634359936
0.0730684155910989 0.153269224768134 -0.062471222351131 0.0863551073493037
-0.019672999172169 0.181102543826367 -0.0485310484653612 0.0605088552867548
-0.0712061185807742 0.148667249276659 -0.00608478945581148 -0.0258832223061542
0.01096393896338 0.172920546974436 0.0910725844041543 -0.0554176956673591
0.0953695119822776 0.107162397473736 0.0384046686002862 -0.124849812462329
0.12461999093675 -0.0164663421543732 -0.067017306510726 -0.111277133560896
0.0735907011047077 -0.0864855816831564 -0.0959461976254178 -0.0166462716543082
0.00729731821801423 -0.104840086638828 -0.063789501811304 0.0269696365267302
-0.0489720080344081 -0.0787803941466936 -0.0318138077959498 0.0254392747912879
-0.0570211909851344 -0.063116640906611 0.000828793664786704 0.0130569249662485
-0.056724352745479 -0.0581339664956254 0.0216731470460901 -0.0095736297034773
-0.0323849037614865 -0.0951407229215914 0.0559542783261569 -0.0219862356152607
0.0308480688547337 -0.109338098738879 0.0872387475078656 -0.00616567924841965
0.0910212367430751 -0.0869795209778588 0.0963404501725971 0.0556613717307733
0.141253328040301 0.0323530909003541 0.0325499357813749 0.0971801155288362
0.0737940005596256 0.150160963319049 -0.0482686563226845 0.070628967376928
-0.0214915793437774 0.177575434944858 -0.0306549256078269 0.00853098443026454
-0.082973403538609 0.124972850703302 0.0322173967889689 -0.086141471587903
-0.0189600529761373 0.165272197452631 0.10418143652389 -0.0806704416746499
0.0717755991884684 0.121008188843148 0.0682751639468974 -0.121010138243153
0.121459283898282 0.00392956982150625 -0.0221092655715919 -0.11717189677105
0.0779534575311222 -0.0754244969589714 -0.0632036828228713 -0.0544447923620598
0.0137282450010396 -0.098786651224208 -0.0637149031182572 -0.0195798603556686
-0.0434775446040823 -0.0785150820001297 -0.0493532782582167 -0.00994097095872801
-0.0545308239614819 -0.0615055863013748 -0.0209772941135782 -0.0128062614200073
-0.0532084244317912 -0.05548981626461 0.000395031471826107 -0.0339357438338363
-0.0300367719673995 -0.0869300187783943 0.0399765459406754 -0.0498011536559998
0.0276325316050667 -0.0999139697153152 0.0835602255156624 -0.0377065940953812
0.0845664398260585 -0.0785246820990875 0.105687105392854 0.0319626755278161
0.12424146530455 0.0342255863040936 0.0480005260619508 0.0804571178298275
0.0545039725928754 0.132965052626233 -0.0408510942184203 0.0536944455547807
-0.029470084729495 0.148907266398451 -0.0156731659224167 -0.0384839640220307
-0.0740680559550931 0.077873193590198 0.0689835577334764 -0.13514250231961
-0.0376170342401795 0.119110199763607 0.113835860698299 -0.0989982593008155
0.0370839971238982 0.100115138131566 0.089048357226552 -0.110967920000222
0.0900255402394181 0.0161811254064539 0.0148542460554295 -0.112326770288864
0.0629139462543142 -0.0516465208850543 -0.0332733244903139 -0.0818056800155733
0.0150694919106844 -0.0742691276893166 -0.0620747706641237 -0.0569850797415144
-0.0316627819273569 -0.0631869769392666 -0.063543297644007 -0.0395895639096173
-0.0432942381639504 -0.0507115266002842 -0.0389461632874359 -0.0341853049705873
-0.0421424532406072 -0.0469889484848025 -0.016936780251307 -0.055182698775413
-0.0215321873237006 -0.0708049698282532 0.0261228803879314 -0.0720320368667142
0.0254050089664758 -0.0797055003661116 0.0801455179260727 -0.0599374830052974
0.0739263871267186 -0.0561251049319576 0.108983007327719 0.0165154195056841
0.0931638840757285 0.0410760607685997 0.0542540394225419 0.0678247337618113
0.0224487806444922 0.106352359782031 -0.0345710278230558 0.0400525873305528
-0.0404532325693624 0.101703808248566 0.000843004189971253 -0.0722933168820228
-0.0502346412000557 0.0178551707000155 0.0919438294622887 -0.165538672997915
-0.0423858443457527 0.0509111523708296 0.113602619406249 -0.108169582910739
0.00415852809851461 0.0564685793238317 0.0963152279324002 -0.104186168095378
0.0432765021063231 0.0170521482332776 0.0342195418830178 -0.107124023698733
0.03467973205761 -0.0228249201230747 -0.0182795202340504 -0.0960632504942829
0.0129320619135967 -0.0373504218607068 -0.061766756653113 -0.0787403727114005
-0.0144964830741034 -0.0378248690596371 -0.0723191167493612 -0.057733233139608
-0.0244687630923756 -0.0330169259164315 -0.0501415676692113 -0.0498959145652723
-0.024984454421563 -0.0326385525444382 -0.0275249116459994 -0.0716401176530418
-0.0106901888506588 -0.0481109993948839 0.0190697157682338 -0.0886493774469093
0.0210550489321456 -0.0518718864524422 0.0818064696002379 -0.0739454007252611
0.0583514008659889 -0.0282743045224303 0.111828303947785 0.0102009675908176
0.0546099202237083 0.0454359138175888 0.0551855148530092 0.0635737951778408
-0.0101615218762219 0.0705611578066385 -0.0295918487722134 0.0314606764017751
-0.0473221503541696 0.0436052878070743 0.0183777839948577 -0.0903392589312089
0.0371122504898119 -0.00745992477271206 0.0512552660297003 0.112703809493878
-0.00232434933296969 -0.0367494060510562 0.0492131907623064 -0.0470177379311443
-0.0296747320977227 -0.0143407454626239 -0.0862647372928345 -0.0448867743284938
-0.0184144741447803 0.0212614305577158 -0.122803987962184 0.0576736628682435
0.004798830630248 0.0178105840103282 -0.038935226585074 0.134652184812477
0.00907042717608287 0.00951027917210704 0.0538529067376627 0.110273740164656
0.0138412089191371 0.00688229592803009 0.0877442829150449 0.055800224492904
0.00680057971739453 0.0040624709179762 0.0898067844507422 0.0199078904482148
0.00140136454166604 0.00947204846713498 0.100483329557088 0.00525866138378654
-0.0101157915071178 0.00681635269159751 0.106081475431321 0.0263977526867338
-0.00918110875605407 -0.00380593589747094 0.087501731103148 0.0686403074280915
-0.00787716062801713 -0.0136844125246304 0.0397692411245017 0.105818102272859
0.019385374697255 -0.0238133358209563 -0.0161006383472655 0.142969262155182
0.0448554936424487 -0.00795377660447391 -0.0435803272788362 0.166085908088126
0.0399796016411917 0.0295692475605727 0.0109736694637165 0.205956657506606
0.053810460556193 0.0483095917459395 0.0371446376766847 0.115348716024397
0.0442644471927712 -0.00693953550120085 0.0531317661524764 -0.0447506327994553
0.0134904978166547 -0.023907540507672 -0.0820455103114603 -0.0577433009439979
-0.00454125217791223 -0.0177578067519927 -0.13438262045191 0.0450545821513812
-0.00439126557537524 -0.0187777048666518 -0.0512277887613904 0.133392922832993
-0.0165759094155636 -0.0153007035906873 0.0443028377314162 0.114518296007762
-0.0192124798340437 -0.00158550120976159 0.0795815102851305 0.0622206372709187
-0.0248969220475211 -0.00297606356962708 0.0852414251683188 0.0216377330445809
-0.0312800052856973 -0.00306529961579617 0.0941488191390952 0.00118580013641722
-0.0369509259796109 -0.027253992950645 0.103555180482413 0.0113657000319776
-0.00855826281156419 -0.0510629564219195 0.0973267718883111 0.0498550325314107
0.0250903219715129 -0.0506099735054094 0.06441301258408 0.0923909202549206
0.0765812091867743 -0.0156245106886637 0.00853417178094748 0.136371082354047
0.0897383852106878 0.0498572935667119 -0.0276448427870394 0.153481771163859
0.0600669698564465 0.100209188454066 0.0108753382509903 0.176886092318511
0.0564188488783662 0.103439264095101 0.0197780373057118 0.0945927455625418
0.0854247609208857 0.0384218245419767 0.0543221537874846 -0.0526577662726058
0.0654764779584243 -0.0196739638324811 -0.0746872592484276 -0.0791311611607891
0.0225163544673113 -0.0546689698092884 -0.143821615906311 0.0203995870657234
-0.00748562026193123 -0.0589906870375078 -0.0673982083035925 0.120287081192924
-0.0391889337427778 -0.0441995151123043 0.0235868572255171 0.10882396965293
-0.0502521295091719 -0.0125523402795483 0.05811888570469 0.0624375013422398
-0.0534927967050594 -0.00941486875761118 0.0678241824660406 0.020875411312986
-0.058076391854192 -0.0104022598428996 0.0750694996315418 -0.00558976941100147
-0.0621241111932767 -0.0500058221397481 0.0900832550759547 -0.0120954996412608
-0.0187633025719693 -0.0871685286315493 0.0997547222400066 0.0148947129814624
0.0370398770817086 -0.0908370227514675 0.0927640571212632 0.0634460311963972
0.121531084394927 -0.0298990834905513 0.0423344627262624 0.118856277676901
0.132571893839797 0.0795002836966509 -0.0113329536549025 0.135219793117537
0.081912647362241 0.147168433527692 0.00519892213214531 0.130584710454115
0.0443393126597424 0.146843952293371 0.00292690077699553 0.0502443663908311
0.109218521676278 0.090760409805823 0.0530093973966766 -0.0701437639460731
0.114066169447677 0.0013689282468297 -0.0584790555158939 -0.105418573968117
0.0593946814609242 -0.0799280148480057 -0.140673374955545 -0.0170845479578061
-0.00168856949864232 -0.0944047729403244 -0.0834275973832799 0.0875571103747024
-0.054089819199576 -0.0718553621989297 -0.00566538881369568 0.0898264731443964
-0.0742828532767824 -0.0246192689550533 0.0259167462231452 0.0549969829092874
-0.0746865495842437 -0.0137191349959961 0.0404991575362348 0.0166646603939161
-0.0753783986698908 -0.0135799568916849 0.0468747575255043 -0.0144866173099195
-0.0796467456973692 -0.0585333104360342 0.0648181508926532 -0.0351701323458322
-0.0337850497600068 -0.108047189525733 0.0884318258520966 -0.0246088584774665
0.0327197780833301 -0.120797226685772 0.110340394042997 0.0246855646573442
0.14325211812244 -0.0520776031531544 0.0708726899862118 0.0912948876697241
0.159524343230986 0.0850748128990501 -0.00198772868018012 0.113323681191777
0.0964141966184872 0.168043204067346 -0.00860320263789395 0.07620070492501
0.0225619266637543 0.166286310257963 -0.00928903478609327 -0.0143029258150223
0.106459122337141 0.132985920097395 0.0479392723042525 -0.0963604593366772
0.139589160843229 0.0330847739892276 -0.034270441932281 -0.128384087400361
0.0910818818388674 -0.0835256037461095 -0.120055581592498 -0.0576177001095856
0.00980584094220357 -0.1128598240027 -0.0897343447083128 0.0399561584371171
-0.0558808453119579 -0.0893640246099747 -0.037680902034324 0.0578028243701095
-0.0856003593038464 -0.0340617631986094 -0.0117877267100717 0.0410817873394461
-0.0851234078104087 -0.0162907439529993 0.00832205694496503 0.00973369893601776
-0.0823777877568487 -0.0136210087983749 0.0135626236603339 -0.0218451788073771
-0.0855104049180884 -0.0585271152388374 0.0333982316593306 -0.0538115804064198
-0.0422348200085369 -0.111180414007569 0.0674536450246938 -0.057866336475021
0.0244485483233359 -0.129577397102704 0.112517269414094 -0.0125938456645274
0.143067099453319 -0.0611749034543811 0.0841650423143144 0.0607165307498006
0.157288304060124 0.0812177674687813 -0.000155473687454105 0.091833724573408
0.0927471301926568 0.165120498766188 -0.0274123712745071 0.0216719708403509
-0.000703295282339363 0.151995885919081 -0.0156645630921276 -0.0861375635579031
0.0774468848422277 0.144033340933803 0.0425308711012191 -0.124313105171312
0.128811910410533 0.0578539220232857 -0.00748563536976453 -0.14177044363264
0.100356113162918 -0.0653503809007854 -0.0847451242265014 -0.0894004960134223
0.0198987336320622 -0.106352062568784 -0.0861589100869162 -0.0106818636623001
-0.0469623091877022 -0.0888881251175146 -0.0658957578496818 0.020688437510459
-0.0815510247681704 -0.0364250037823756 -0.049182430686368 0.0238712048137598
-0.0820526372757736 -0.0168623221432865 -0.0245725447203896 0.00239534058451537
-0.0778520618122859 -0.0134720690000079 -0.0195581473986689 -0.0290192398388474
-0.0785881012072858 -0.0541310120307828 0.00297908748464218 -0.0664058889300275
-0.039630874772106 -0.101124260270209 0.0444996825355475 -0.0812493294241047
0.0233309167384882 -0.118067595924624 0.106178772184737 -0.0383633396325785
0.129564388486782 -0.0495911975059501 0.086897165185095 0.0368555433783789
0.12985813744903 0.0790968941367262 -0.00367207721456196 0.0723115407758164
0.0676136001354754 0.145719831760758 -0.0422408969536199 -0.0257610216335491
-0.0194265888133684 0.107020517352339 -0.018425669345649 -0.148436524369653
0.0355720972461171 0.116993222397239 0.0374667640209481 -0.145389800997815
0.0880008440988278 0.0602657882956817 0.0136027191114461 -0.144479061295099
0.081147328394568 -0.0382642548145501 -0.0514266428731177 -0.106409888620066
0.020963259987877 -0.0783301315994636 -0.0770545355516267 -0.0500385429910812
-0.0311485571508365 -0.0694966249694603 -0.0870746698195676 -0.0111034924363725
-0.0625719125024447 -0.0319273872488821 -0.0781930699666732 0.00836367834876589
-0.0663864409264853 -0.0149503225592876 -0.0523985690311419 -0.00439862289665975
-0.0637814422158863 -0.0133645995392303 -0.0471712976890138 -0.0356906157482182
-0.0623738389074008 -0.045623131648047 -0.0215010041256149 -0.0759926644217735
-0.0281816352658229 -0.0825310925982715 0.0286787038267851 -0.0974072805093264
0.0286936965254546 -0.0921566333837616 0.099726826687309 -0.0529872835021036
0.107360571222446 -0.024074565819657 0.0841605769352179 0.0221043558854454
0.0860611774722049 0.0765497666950626 -0.006898525705737 0.0566006029029317
0.0292986678943675 0.111251186232249 -0.0480524073548308 -0.0637364107245538
-0.0329884998329483 0.0426254504478615 -0.021205798778433 -0.187977498296515
-0.00574522427103811 0.0642494096934346 0.0300191378260721 -0.153933401176947
0.0364777321412581 0.0427205985217396 0.0223405875949307 -0.142796622543364
0.0445136092810186 -0.0112828484430625 -0.0328688083600864 -0.111401511884888
0.0147539213217444 -0.0383942142792301 -0.0725600933931879 -0.0704422918708052
-0.0117517224904121 -0.0381512568781642 -0.0993661066655839 -0.02765121426398
-0.0341204782330935 -0.0210329718052558 -0.0957019971974975 -0.00129165123833387
-0.0406643868538995 -0.0120371217961387 -0.071381273402931 -0.00986276365574625
-0.0409250416161162 -0.0125386973455261 -0.0656367215798563 -0.0423590374970785
-0.0388245099594653 -0.0328956758798186 -0.0378167104798517 -0.0848002954883545
-0.0140409822800982 -0.0569096384240544 0.0211395918521893 -0.110620182964885
0.03241061193921 -0.0595188811935593 0.0978870332816631 -0.0602936970224561
0.076360412873138 0.00505207911654446 0.0831766715582282 0.0179408080777266
0.035474932535041 0.0666506605928106 -0.00672851298309474 0.0451093255887384
-0.0130053161908679 0.0658164865230185 -0.0422983039069212 -0.089018946060493
0.0385978475807373 -0.00844804051812226 0.0567628398080416 0.115128193161274
-0.00374525734258141 -0.0381170401377174 0.0504170678314491 -0.0518085034881831
-0.0312816661841532 -0.0136922648295666 -0.0901739817713741 -0.0459831575455655
-0.0186341392885686 0.0226047202506582 -0.125589220681258 0.0621753529373873
0.00511798366164616 0.0187540129588867 -0.037733516102314 0.141328460651921
0.00991820171023039 0.00934956513919358 0.0585406212038422 0.112433755331801
0.0141483571030832 0.00625001774997882 0.0911575225158057 0.0549231281178007
0.00686933465169017 0.00373975887092307 0.0934896735886495 0.0176067949349305
0.00123448961221326 0.00941343474881979 0.104088812754407 0.00131546843846973
-0.0105834755565554 0.00748612627698153 0.110520942926092 0.0241376081868602
-0.00974554530267544 -0.00392957321216383 0.0929378462778189 0.0692347627648744
-0.00791395490064167 -0.0136861504861224 0.0411796544707219 0.109434649813743
0.0194814928853325 -0.0253114317413368 -0.0153116877913457 0.15007498650894
0.0452241353484136 -0.00879722109857631 -0.0420261569758166 0.171870436891722
0.0416097939551238 0.0309711076433884 0.0139468411800998 0.211046421962239
0.0563681102908323 0.0490721197994789 0.041332843119756 0.118395539938825
0.0452174280685479 -0.00851086270463106 0.0544006596590158 -0.0491663846819915
0.0133957085560355 -0.024939416669575 -0.085798251017297 -0.0585693938647083
-0.00477971424322994 -0.017105254736272 -0.138382734743773 0.0492268847980966
-0.00538917686295352 -0.0187983845364266 -0.0501185144046659 0.140022885914269
-0.0176549156428222 -0.0150019768418499 0.0479993861686285 0.117310594229597
-0.0196655990677215 -0.000908070406747943 0.0831754550053105 0.06137771427505
-0.0255450967130539 -0.00227370617965602 0.0884335847061192 0.0197815301066752
-0.0321768736638805 -0.00210677030054752 0.0973331382185683 -0.00275515328054891
-0.0392531849214877 -0.0272415742917446 0.107793784447811 0.0085232423595491
-0.0105907146308707 -0.0524054733944673 0.102744389247891 0.0487011633007945
0.0244753287342793 -0.0524431753783776 0.0677773399199242 0.094702144362876
0.0789100436080678 -0.0183108181582874 0.0110092186824524 0.141572939609474
0.0932709726368752 0.0493103957010016 -0.0260593330066357 0.157770135417872
0.0633734968715932 0.103537888986402 0.0146235696182261 0.182382184079035
0.0601831465204802 0.106443567457286 0.0230025219847388 0.0976685152914108
0.0885497166444992 0.037075732231939 0.0560721454723528 -0.0569336337674334
0.0670451468213148 -0.0211010622375868 -0.0775273747653008 -0.0814721166681496
0.0217622083362821 -0.0560234562761665 -0.148288892446776 0.0239171216443159
-0.00968503236886373 -0.0606050266984099 -0.0676224791802691 0.125899368451319
-0.0424991849728985 -0.0440002133513661 0.0264883090481875 0.112477108626831
-0.0521054976124163 -0.0113915918684354 0.0615898651947951 0.062879507625892
-0.055656682154283 -0.00807805092438647 0.0704835236509846 0.0190257487116121
-0.0602551722405816 -0.00873241519091723 0.0781322872752862 -0.00977824369509542
-0.0662296769489762 -0.0490106091531924 0.0925558311298241 -0.0156841402524303
-0.0229021906962329 -0.0902269281716391 0.104954339716817 0.0122073879753851
0.0360702740458374 -0.0940431956842479 0.0962649733517751 0.0637573306927134
0.124708196220161 -0.0341538251495319 0.0451229348685681 0.123323155811666
0.139544500480357 0.0790554931333311 -0.00977754618352094 0.14002360696804
0.0863771884549314 0.152243002470848 0.00807266851304417 0.134854607417319
0.0485206559023156 0.152383352022327 0.00361739061143973 0.051273452062985
0.114913930835064 0.0917664870306621 0.0538766419459948 -0.0750101288631775
0.118251656370071 -0.000382066112696998 -0.0613312901866792 -0.108787570789927
0.0590673466704953 -0.0833838055269949 -0.146498923124113 -0.0151068870332977
-0.00406292201542579 -0.0975381797104029 -0.0848899355394384 0.0924276417172447
-0.058097773097144 -0.0726152697621939 -0.0043578571888763 0.0930855856189736
-0.0771572186813788 -0.023007295669992 0.0281264166933024 0.0568254033418521
-0.0771456550880535 -0.0120738320466962 0.0420743564077008 0.0155060377969478
-0.0780468094266304 -0.0117375749453977 0.0482709537660065 -0.0164799992793698
-0.0840443297974326 -0.0581264757540882 0.066019743946441 -0.03944063880103
-0.0387352951105805 -0.110270483965354 0.0925117204399468 -0.0278787579813631
0.0300717376724893 -0.124931925396192 0.114554187690849 0.0225835111057032
0.146275360561504 -0.0577529814569447 0.073778964771619 0.0934633034349044
0.166619481164757 0.0841833118722922 -0.000250097718919332 0.11749996167917
0.101332101634683 0.173594792902351 -0.00714207720003312 0.0792229260061809
0.026343180998702 0.172677185804918 -0.00997557387340651 -0.0154513363289531
0.113200359023594 0.135144351200002 0.0483917867818152 -0.101612775864526
0.145003811571471 0.0313010434738507 -0.0361791068451563 -0.133387517461891
0.0923072749943008 -0.087850848037391 -0.12508154735733 -0.0574668279544888
0.00746402548524961 -0.117079825061989 -0.0931796575481776 0.0427035615677897
-0.0608630084982617 -0.0910498915985565 -0.0382702267967151 0.0610268987120834
-0.0887496781030343 -0.0321608585880888 -0.0106766126678343 0.0435521696604408
-0.0880804138755728 -0.0141316814860521 0.00893965466530982 0.00964228986627308
-0.0850136043273911 -0.0118257063478686 0.0139101091378933 -0.0238201183462286
-0.0903805683507926 -0.0583246053638834 0.0326604240749768 -0.0575271535038242
-0.0465750833562914 -0.113041758474647 0.0688164487104413 -0.0617778500838773
0.0216700469769083 -0.133496577754168 0.115954996432897 -0.0161742109982684
0.146432611550788 -0.0669289107110959 0.0876071707913324 0.0618805125155841
0.164385070262196 0.0797290145527104 0.000708334970591393 0.0951359309338292
0.0975122100513357 0.170177645118854 -0.0269423600895233 0.0235908038420816
0.00182174288954913 0.158421053016766 -0.0180151368979078 -0.0892332206235694
0.0837448995148163 0.146615745246922 0.0420753481548194 -0.13004024102148
0.134498846705198 0.0569292776952025 -0.00903278425645212 -0.146627022405207
0.101668959427231 -0.0701405892342299 -0.0892950670187822 -0.0916072235508745
0.0175524780007796 -0.110492450694172 -0.0895496098771289 -0.0105309164169278
-0.0516301569865653 -0.0899809801105358 -0.067901901796044 0.0231954888477182
-0.0847757163040977 -0.0347778087058494 -0.0490491406001899 0.0273571850698272
-0.0849821383624649 -0.0145108027592464 -0.0252261740190828 0.00346985258047191
-0.0803372782840418 -0.0114857704379981 -0.0195478078070296 -0.0303783941891265
-0.082336331561197 -0.0536545471822551 0.000854197461261824 -0.0693883764712821
-0.0434544069877623 -0.102995184906183 0.045356141709911 -0.0856355913280245
0.0214105167787589 -0.121369411610237 0.108605284744423 -0.0425739090653108
0.132562311900867 -0.0540928087730058 0.0894873758696183 0.0374563824078136
0.135741796834033 0.0788302926840075 -0.0028907859104563 0.0748968026436421
0.0716242041670945 0.149618133150383 -0.0434458185624927 -0.025018499738762
-0.0183446799418315 0.11224070103977 -0.0212190685621195 -0.153616903999108
0.0394130285857609 0.120146016528806 0.0364279782254101 -0.150545024443379
0.0924483482502685 0.060452310204146 0.0131793770840237 -0.150080945695556
0.0830679902343153 -0.0407018117070544 -0.053932471860866 -0.110236194797869
0.0197161461220813 -0.0820880429775417 -0.0810618223506786 -0.0521226739760707
-0.0346415567346804 -0.0711985735159198 -0.0904372629103548 -0.00815813088177823
-0.0653308976227141 -0.0307920398108861 -0.0798965709906908 0.0123702563647665
-0.0688313678924869 -0.013136679267783 -0.0537868342878887 -0.00305185988486614
-0.0660658367727345 -0.011840138454715 -0.0485827826234118 -0.035905153355115
-0.0650119933306041 -0.0453241662768508 -0.0249671371211084 -0.078663064506334
-0.0311695115687085 -0.084445437952125 0.0278137908701759 -0.101496178710762
0.0268898909330893 -0.0955815658588381 0.102138258914574 -0.0582515233765685
0.110195335560816 -0.0272188057768037 0.086858025166976 0.0224605437448756
0.0907927723790669 0.0773838838789276 -0.0063703426786171 0.0591547874070594
0.0322700437865691 0.114569525920463 -0.0502952623028202 -0.0633552442573441
-0.0335021901376686 0.045215830192985 -0.0255195889755693 -0.194189710481516
-0.00465927155223778 0.0666481556280454 0.0286278766834234 -0.158976787949132
0.0383648153101594 0.0430562281627742 0.0209604325406986 -0.14806599677914
0.0449753425186294 -0.0129257204631437 -0.0351907696521602 -0.115871991842739
0.0142391239708114 -0.040067788930965 -0.0770293735061529 -0.0725601862225791
-0.0128950537400002 -0.0395357037266409 -0.103693515368268 -0.0249556631888402
-0.0357924538414165 -0.0207671111795223 -0.0981035264065872 0.00227618849640697
-0.0421983471059154 -0.0108857144537194 -0.0734151260794476 -0.00810990381334476
-0.0425192888033708 -0.011296615161166 -0.0684597810365198 -0.0421832543458841
-0.0412990777134024 -0.032977153398926 -0.04095997600204 -0.0872266348750411
-0.0155385199160528 -0.0582135395259698 0.0195736678864449 -0.114486690102852
0.032068332127347 -0.0615323309910169 0.100141210770111 -0.0644840400001642
0.0787652019601924 0.00256187542603546 0.0856114610485237 0.017703938677557
0.0375942640270896 0.0691681123238017 -0.00628502382817559 0.0475761306966105
-0.0124223040112342 0.0680595726140098 -0.0448518748924712 -0.0897404129727836
0.0387447942274862 -0.01118990986637 0.0632711743850605 0.114545010377041
-0.00535319693441663 -0.0382812065567518 0.0492353774357897 -0.0573572962198072
-0.0322995892855869 -0.0127488052221453 -0.0935613652902581 -0.0432087791705271
-0.0172569309005626 0.0242848075511092 -0.12463148221533 0.0692090948960309
0.00653419519583122 0.0191835253487682 -0.0316751905958097 0.146665952219625
0.0105091499682482 0.00935576665056042 0.06447831407218 0.111489889532056
0.0145472729287225 0.00493520961791609 0.0941355442955915 0.0497362889531637
0.00697742339430251 0.00368665046725114 0.095674674014383 0.0125510953174719
0.00181503736464813 0.00978807836614543 0.105634733555236 -0.00484605971908367
-0.0101546745652715 0.00858057902270868 0.114602042332686 0.0181496066988523
-0.0104974962333095 -0.00380651980151767 0.0984049057944656 0.0665174627523392
-0.0089402835889801 -0.0130599903996175 0.0456541576011912 0.110887357754443
0.0183755006290912 -0.0273652920861242 -0.0098963623596084 0.154317116852461
0.0449260125852823 -0.0109776448431399 -0.0366680842877938 0.175758929016364
0.0441156857866711 0.0304491048248748 0.02180211606321 0.213737760837507
0.0600712615818471 0.047516166332927 0.0482916522358728 0.118717088386048
0.0457623917159276 -0.0111785493461465 0.0533661717036369 -0.054477479077539
0.012759965757092 -0.0255949399809429 -0.0892979620573365 -0.0569353019070979
-0.0059214775270178 -0.0170668083728243 -0.13897454050686 0.0565490529016737
-0.00641144494674273 -0.0185250408106774 -0.0445500218600175 0.145859574086767
-0.0193927279464808 -0.0138472415886013 0.0540168486649164 0.116981324110943
-0.0195188893691183 -0.000203931423443367 0.0877304402543916 0.0572956956705315
-0.0265784721401796 -0.000855188492789416 0.0908142439828873 0.0150008592160786
-0.0322811623924509 -6.54061186188249E-05 0.0992159304682208 -0.00906098247443881
-0.041225822761744 -0.0255414768634583 0.110255730390348 0.00253040650895548
-0.0135905381298492 -0.0531242422489052 0.108114171000489 0.0446556445611375
0.022201966453195 -0.0541629324296979 0.0716079475640133 0.0939272743219813
0.0791033175108905 -0.0226892027010676 0.0164400033472615 0.145296808810774
0.096911229277113 0.045761197553236 -0.0201822605570482 0.161879667095729
0.0686700647093352 0.104272388917218 0.0224248546832191 0.184027409090536
0.0661081228859608 0.106494179633766 0.0283822781116223 0.0977984347788754
0.0917020982511907 0.0339272673109218 0.0546108071644117 -0.0620484599946618
0.0677371863458533 -0.0242044122467144 -0.0820241800687722 -0.0809767960434858
0.0197265609315215 -0.0573594431189292 -0.150241802572961 0.0311965274942597
-0.013006014984672 -0.0609216405981669 -0.0636344940268462 0.131853304093413
-0.0456669317316462 -0.0423106935503595 0.0316835358380474 0.112637400540075
-0.0534539710490244 -0.00889767071504628 0.0659988306547486 0.0605667433567713
-0.0572200949996705 -0.00491029354960849 0.0721329713973314 0.0152860457775178
-0.0614962818135638 -0.0060035991419372 0.0786644112863559 -0.0151750292801068
-0.070157271823171 -0.046445644076748 0.093245630770885 -0.0212578300181493
-0.0280984358850694 -0.0905876286330095 0.108184676123884 0.00757296822634663
0.0315531590550488 -0.0973491018701523 0.100699282479733 0.0607732875719119
0.125160359878175 -0.0409494966758457 0.0503564593226963 0.125028543412548
0.145487064258985 0.0737182016282303 -0.0047871354654194 0.143013796427906
0.0938601876424773 0.153165263240139 0.0139849300854168 0.136131910543343
0.0564077957836579 0.153905165301835 0.00649620340574303 0.0515559699152321
0.121081033456328 0.0878225777842367 0.0519535164950755 -0.0803339303795555
0.120731250208213 -0.0053013347554102 -0.0654598735415909 -0.109499180347558
0.0565041258231229 -0.0873741292540004 -0.149697769798775 -0.00915634881593716
-0.00984312717262142 -0.0984494562559988 -0.0821008194141808 0.0978643744383704
-0.063199133122636 -0.0709432079684502 -0.000211271563570594 0.0953054077851165
-0.078714451187931 -0.0193847752777424 0.0315583437534605 0.0566469306509728
-0.0791548721087079 -0.00766954577962397 0.0439914221973987 0.0133577508417064
-0.0796493053709509 -0.00704436374694123 0.0490119796756271 -0.0213892770757118
-0.0888684090034676 -0.0553115098580128 0.0645351190722277 -0.0443247251642234
-0.0452802933147476 -0.110118504647125 0.0933512319815055 -0.033105260077394
0.0248437542102606 -0.127363758493763 0.116918169306495 0.0174641468813136
0.146907563271745 -0.0658449032997256 0.0786911353489221 0.0936115800537536
0.174313492325908 0.0779574243926789 0.00378369997666858 0.119957322676732
0.110124038815889 0.173430683453949 -0.00391047220472151 0.0809682039145325
0.0346917567399959 0.175448067410381 -0.0108560667208368 -0.015743832757296
0.121750787630027 0.13213665887896 0.0450616129292561 -0.106064321773653
0.14935864638554 0.0259194214024703 -0.0410427610899822 -0.135195844913733
0.0897342411339436 -0.0935622792650191 -0.129783177718655 -0.0540439968070688
0.00149563785422537 -0.119190312582282 -0.0932318879035051 0.0471702960805125
-0.0669422529667813 -0.088940037356798 -0.0365937653754861 0.0651122527134166
-0.0912562448599929 -0.0278290140362829 -0.00833830070990154 0.046162191902499
-0.0898191573335565 -0.00946821001855594 0.00929975161966726 0.00991338881540739
-0.0859647312722114 -0.00764970897867089 0.0131503673258742 -0.0260938298639874
-0.0946593029262411 -0.0544710205720694 0.0300480426518659 -0.0608596071870406
-0.0535988516394363 -0.112637458423639 0.0687058333383963 -0.0668298344407179
0.0151362344459644 -0.136293159415116 0.116687530990743 -0.0224542590510737
0.145715068534785 -0.075353841820042 0.0915816804565386 0.0603800101575823
0.171927885823003 0.0740628913435029 0.00385471513951027 0.0973030073938515
0.1059709402794 0.170652872480963 -0.0259981521358404 0.0254824167452662
0.00867544216042897 0.162535165928007 -0.0220448522430158 -0.0905952743036253
0.0912765543379694 0.145597899753233 0.0371931029501837 -0.134285950564215
0.139185120714335 0.051990836967763 -0.0129743316617554 -0.150202114753973
0.100831615331895 -0.0759562614148809 -0.094359202954718 -0.0902408784912134
0.0119095020134926 -0.113614826997216 -0.0919815409463358 -0.00759183332781822
-0.0575227220750896 -0.0895007771998903 -0.0687494350010415 0.0276331601835364
-0.0873732515870853 -0.0313847926585914 -0.0480169499601261 0.0318334850050752
-0.0867033744109341 -0.0102894224869559 -0.0254435575598482 0.00448623553709983
-0.0818838898255802 -0.00734995218625771 -0.0213028938717887 -0.0304391250371886
-0.086438455762792 -0.0498493237136452 -0.00258754294154656 -0.0714957819341728
-0.0493513347734213 -0.102331348471538 0.0430248035788088 -0.0895120268301496
0.0160317632560701 -0.123634000666029 0.108917967070171 -0.049350722950012
0.131861532279369 -0.0618344529963119 0.0919701077438908 0.0345531079950407
0.1421924709749 0.0738256073751884 -0.000645390420027881 0.0774365340913111
0.0783251962937807 0.150278664211737 -0.0445088074785547 -0.0226046137556421
-0.0137096346098592 0.115871068109917 -0.027961517261711 -0.156170417032852
0.0457216305083233 0.12063025413157 0.03100468131882 -0.154377719109903
0.0968972432053817 0.0573471528325996 0.00781753450719522 -0.154112836607864
0.0822939116840698 -0.0459665547380703 -0.0591357077098763 -0.110848597224661
0.0151968396051347 -0.084199294035857 -0.0856761905707764 -0.050564186653157
-0.0392675509274706 -0.070470108475574 -0.0934912167299531 -0.0030272143558197
-0.0676550478140178 -0.0275023620194393 -0.0794300214339133 0.0180203245635349
-0.0701254012434136 -0.00935304874440208 -0.0546071101581742 -2.70795861331879E-05
-0.0668748249680234 -0.00842139771342303 -0.0507834445647221 -0.0347913825243134
-0.0683295120365896 -0.0425384436977471 -0.0294888113758742 -0.079041470635518
-0.0360928103681264 -0.0837807317794739 0.0243921657215472 -0.105363098963196
0.0229323641856443 -0.0978527676559375 0.101462684354208 -0.0640285970711245
0.110143022302349 -0.0329611856952457 0.0888446813477193 0.0197525880560454
0.0957268620259644 0.0747506794200608 -0.00421216804063999 0.0615399768716382
0.0362649032060267 0.11601000601626 -0.0534618415790353 -0.0611653393379154
-0.03229565290553 0.047710113892965 -0.0335831210095525 -0.197032499995104
-0.0014793111205974 0.0678143423903931 0.0227770548766418 -0.162792509349466
0.0406737496804984 0.0414271008231347 0.0163916639086531 -0.152859704737165
0.0447534452493825 -0.0152594631738414 -0.0396098433345298 -0.117453897990935
0.0117248261272198 -0.0413386881125548 -0.0818091086833942 -0.0720872523214412
-0.0155623211850175 -0.0397762424642735 -0.107439378361488 -0.0198319210042989
-0.0368751385440745 -0.0192919100156882 -0.0991221636276949 0.00875341772567712
-0.0437009137681539 -0.00868488057878472 -0.074757832477243 -0.00424343789643272
-0.0436192137126972 -0.00973917992308133 -0.0705951542405585 -0.0399837107891467
-0.0429382076079471 -0.0323761448437479 -0.0455063787285919 -0.0872004128714296
-0.0185201410385289 -0.0585376897309732 0.0157294021231295 -0.11749370835091
0.0295965863716833 -0.0637626631335555 0.0992623731590571 -0.0712015057638024
0.0806143587845763 -0.00115909470731053 0.0868907833337522 0.0148737658901373
0.0414225255680667 0.0684095255777594 -0.0044751690416773 0.0497937229139994
-0.0103799400159178 0.0703587335703291 -0.0495413921875777 -0.0873902789363142
0.0380751098841579 -0.0129083338273247 0.0699197481030887 0.110216654562207
-0.00773296211746757 -0.0377244343530301 0.0464509505595231 -0.0616114607161366
-0.033129501026897 -0.010771652150301 -0.0950561751555543 -0.0394819763713268
-0.0156369174505535 0.0249169990254044 -0.120603097692601 0.0744079167141342
0.00754347733028277 0.0194424112985081 -0.0231107836453768 0.148191114944047
0.0110138221015172 0.00883244299821929 0.0695934628420531 0.107413480688206
0.0142593277477098 0.00405227399879318 0.0949858915591455 0.0440090932505621
0.00707495037935449 0.00315913348827218 0.0950267786591029 0.00697929778378022
0.00224789912926297 0.0088231375506615 0.104499412095097 -0.0114028115202496
-0.00957689183609589 0.00874414458794028 0.115120571651958 0.0115274226278273
-0.0104529920059849 -0.00339852812784095 0.101877823244446 0.0616718674190481
-0.00940126476282862 -0.0123358932463 0.0493398483167897 0.10941498612168
0.0166974611290937 -0.0283109248468541 -0.00314199556207049 0.15518585565445
0.043542400664629 -0.0125496097687773 -0.0288875636136458 0.175732455566843
0.0463665319857971 0.0300215796269204 0.0308644830080207 0.21077688559815
0.0621317518506729 0.0448145316428001 0.054181674428606 0.114431684690697
0.0442357729161132 -0.013211985439709 0.0504709750649918 -0.0589986695972238
0.0114207807301246 -0.0257833525229489 -0.0909840330570111 -0.0536821036660928
-0.0067818270249701 -0.0157089939901813 -0.134977256623094 0.062673718488171
-0.00786933221307947 -0.017871267342859 -0.0373562823317697 0.148241440685712
-0.0195097952675769 -0.0126813924278564 0.0598777406568125 0.113720517792671
-0.0195641290888178 0.000573108086650624 0.0896844825930079 0.0516726066349416
-0.0265578308986942 0.000931453004342266 0.0904898801308288 0.00952202762536991
-0.0323056028257828 0.00152006244628506 0.0977626854748199 -0.0152059871037485
-0.0425556328103797 -0.0226807453449059 0.110629292843436 -0.00406493815322607
-0.0167205169108495 -0.0516143589028263 0.110311173839294 0.0388789267419117
0.0192135112355231 -0.0543126198843086 0.0749138331230365 0.0908741752831851
0.0775829741117898 -0.0265378439792432 0.0223229141034573 0.144900431362558
0.0976553289970262 0.0409323740047093 -0.0139000522681867 0.161285054379664
0.0729341737998224 0.102080530480837 0.0299791583694138 0.182291840247072
0.0715455748286872 0.103945336498642 0.032943593381063 0.0952038918145356
0.0924750786046109 0.0290967237392205 0.051548643148015 -0.0659454084115784
0.0660585520734363 -0.0270398508635921 -0.084221036743467 -0.0780368028948319
0.0165426187565543 -0.0575086057725419 -0.148095430419674 0.0378770072124294
-0.0159269294694702 -0.0594004188011452 -0.0566529694855465 0.134501855257329
-0.048081937124371 -0.0394591353782608 0.0372807107537869 0.111148088530434
-0.0524561593209369 -0.00583182939737652 0.0687953253880568 0.055932027254506
-0.0565729853223505 -0.00152288757212957 0.0722989210882112 0.0106863871792626
-0.0605979814209371 -0.00268727890660798 0.0776401156428913 -0.0208056527899696
-0.0722608025118848 -0.0421869696552392 0.0917477917099663 -0.0272775165753841
-0.0333413884256808 -0.0884049262573479 0.109022058756878 0.00161906949273412
0.0264320661950423 -0.0977644866770381 0.101693794759623 0.0556881295397479
0.121998413351935 -0.0469093383457736 0.0555110481757395 0.123776234246713
0.1483249977894 0.0663558590806506 0.000923714647964832 0.14162043828352
0.100112689036022 0.149566529861034 0.0196949869712146 0.134431004218005
0.0633292620668249 0.151570941189543 0.00915486205849758 0.0509342571646198
0.124489650615298 0.0809127249040059 0.0482482327097998 -0.0835588527272152
0.119900512691622 -0.0112283481536389 -0.0689080167173705 -0.108148938432604
0.0517384363649847 -0.088950567094284 -0.149281863247005 -0.00181878095930137
-0.0154376647468839 -0.0974862100805855 -0.0780821200892109 0.101426919249155
-0.0666972674547958 -0.0666992173693293 0.00442331127289129 0.0957062654650797
-0.078080517481637 -0.0145641176047132 0.0358921782971772 0.0545788998182334
-0.0786373664984837 -0.00295148207487764 0.0438207960579759 0.0104362105914476
-0.0782579130445947 -0.00267007379945277 0.0473510300256922 -0.0251662377091232
-0.0913647358781032 -0.0496155742915601 0.0617840797409805 -0.0479761398814439
-0.0509917908911369 -0.10664905580346 0.0927695922545572 -0.0389574815622706
0.0171219615326447 -0.126996943474869 0.116481393290361 0.011376697762527
0.142258488476171 -0.072870956966043 0.0815311980780896 0.0905175177991388
0.176981065059984 0.0690608265122969 0.00863246164857424 0.118743629376934
0.116733916014129 0.168744228128827 4.86490590550766E-05 0.0807982466152048
0.0431062035758256 0.174162416838722 -0.0122308408216966 -0.015771092645011
0.127066576303046 0.125119337272868 0.0401049123949297 -0.10860549862609
0.150395207886194 0.0182815465728302 -0.0452038485472987 -0.134407166225866
0.0837626455011034 -0.0973116372569783 -0.131372655286969 -0.0480903964590123
-0.00553722938904681 -0.118723159753093 -0.0916541822765898 0.050312692070042
-0.0718534567610331 -0.0848623156521875 -0.0332856306959236 0.0664961438702506
-0.0913579417495659 -0.0226534795197239 -0.00484923227214761 0.0467302149684994
-0.0893875878867172 -0.00381355438603834 0.00962078500568623 0.0084657359155
-0.0848219517040186 -0.0025121034604581 0.012175314736762 -0.0281364007741056
-0.0971871677853094 -0.0485515048118352 0.0264331885329526 -0.062842045540981
-0.0597874997030408 -0.108640593273875 0.0660092739926595 -0.0702973917914269
0.00810458556918688 -0.135373481669011 0.114748998782069 -0.028384966302289
0.14048758553773 -0.0825164312121182 0.0932528777350605 0.0569637159548161
0.17476385274032 0.0650090215781747 0.007133119936299 0.0972316784402845
0.112530136198295 0.165883511379253 -0.0248261469005805 0.0268829650048662
0.016511143334513 0.161574688261877 -0.0268761430625642 -0.0895568679391374
0.0981435043002979 0.139967073632176 0.0315562881802927 -0.134631347075758
0.141133012422318 0.0451371057264704 -0.0186551140744492 -0.149573086006476
0.0960404588982259 -0.080453898598412 -0.0981945570672065 -0.0863330495286107
0.00536014827711393 -0.113376408585341 -0.0924958195782185 -0.00412056279792085
-0.0629442727631636 -0.0856341770160153 -0.0678344291550224 0.0319879828332026
-0.0873803896951535 -0.026245205190594 -0.0449911452135516 0.034965159647128
-0.0863837220182726 -0.00476918544840089 -0.0251474386641176 0.00594213538162333
-0.0805576494950422 -0.00315255788802049 -0.0228658064709991 -0.0301842143444654
-0.0884218258404525 -0.044617492377083 -0.00703608568496049 -0.0714843386249119
-0.0547842770516506 -0.099140285395753 0.0393517878920122 -0.0919549897540898
0.00933309944361106 -0.122797964486007 0.10590992272286 -0.0550190039530629
0.127635205798097 -0.0686279521697362 0.0923649536896683 0.0313048663299276
0.145284734998425 0.0664883083521134 0.0019658037279692 0.077430286957774
0.0841026060727206 0.146229945829199 -0.0450934095016019 -0.0200137620490074
-0.00807443642867198 0.116275305703382 -0.0355687814194189 -0.153810932010285
0.0511346477505239 0.117356421314683 0.0242914240930447 -0.154306049660247
0.099052907793278 0.0526073133383902 0.00270674540672591 -0.154288312664395
0.0789115640381888 -0.049520537882838 -0.0631776426002552 -0.108836750128196
0.0101997775072354 -0.084047491001274 -0.0879712292002508 -0.047902142362927
-0.0437015866609119 -0.0687203875922118 -0.0931164320011235 0.00188878681821815
-0.067810765304895 -0.0236049161381511 -0.0774057209067743 0.0228117664454727
-0.0698768732734789 -0.00547503168546057 -0.0542661227828792 0.00284260452776956
-0.0665885000721262 -0.00521700311631572 -0.0523151860546259 -0.0321753737815264
-0.0699962735574428 -0.0386707134570912 -0.0330479899026931 -0.0773795423327724
-0.0400390708913732 -0.0813966030848406 0.0197863397798719 -0.1064590520443
0.0175888896418126 -0.0974951389256481 0.0976728259118543 -0.0694409474237939
0.107517484116416 -0.038984915022065 0.0883841957762602 0.0166988765592796
0.0990323279265543 0.0696730055126995 -0.00181176910143759 0.0617273580901371
0.0406812370709946 0.114161932090753 -0.0554554148843889 -0.0577801601555266
-0.029988950896839 0.0493861261612412 -0.0427968455970666 -0.194829211550342
0.00186031488491235 0.0670354458656702 0.0161712701000799 -0.161643443070804
0.0417327747219793 0.0392047486433037 0.0100023369523474 -0.153524199256772
0.0430105092168528 -0.0177230271947667 -0.0440166620074861 -0.116897804748738
0.00873747551757879 -0.041704975350379 -0.0860132798693299 -0.0693122573315605
-0.0181872495191667 -0.0391552322970387 -0.108317869890472 -0.0133024212267888
-0.0375490741327887 -0.0174347041693885 -0.0972476104912456 0.0148285468036651
-0.0434958931906264 -0.00572399977662653 -0.0741729571233867 -0.000256460567454741
-0.0432085208801916 -0.00744714204099855 -0.0726102377335387 -0.0362177040010787
-0.045121746926168 -0.0291486739888064 -0.0495809064800758 -0.084102185958852
-0.0212829970894044 -0.0567677193595059 0.0105408417557292 -0.117966472680132
0.0263517843059326 -0.0646493520569354 0.0955497958994285 -0.075836109189702
0.0796728886620612 -0.0051423270884155 0.0869493325818155 0.011676964432465
0.0444276944940138 0.0668690797562379 -0.00255854478642927 0.0504092969445633
-0.00741857820572219 0.0703419145361183 -0.05272328563118 -0.0839644801823661
0.0373111515201761 -0.0143376405088846 0.0720864819718715 0.104220472903542
-0.00884626429403801 -0.0360504195302055 0.042191262125431 -0.0637895940483275
-0.0326061200137469 -0.00963936168023074 -0.0939845045375583 -0.0366560434356036
-0.0140853963203046 0.0253901868260424 -0.115244529319177 0.0767883135531
0.00847500172777176 0.0183312092291523 -0.0175568011891139 0.146465575490413
0.0116596684253507 0.00842811057678351 0.0718667837421554 0.10274888570292
0.0139498299047334 0.00294680291887479 0.0933511262404487 0.03893945196432
0.00641947416110685 0.00264582770116013 0.0923610624033604 0.00264862734527415
0.00290090215887252 0.00860648694776899 0.101001827639785 -0.0161126824826878
-0.00895543805705568 0.00864718422575141 0.114032836721884 0.00575143788667467
-0.0107218864879831 -0.00269292601373244 0.101809228026518 0.0566305778949872
-0.00923521197084243 -0.0117304076354569 0.0508147489613527 0.107489622443697
0.0150086855250494 -0.028460809780563 0.00180088550314457 0.15365321596178
0.0419432989927298 -0.0138196173726919 -0.0242805553168686 0.172601695992438
0.0465815432217151 0.028397542345029 0.0355730185446555 0.205169894315094
0.0621195687214841 0.0418821221497723 0.0572461102330528 0.109737169398221
0.0431107107530188 -0.0144309193510094 0.0470643943346311 -0.060824544356364
0.0101813222080614 -0.0257194731981459 -0.0903243904004598 -0.0515036277839832
-0.00711131200260646 -0.0152356791259776 -0.129986602862563 0.065737054086982
-0.00795631267796977 -0.0168724004445769 -0.0307958205811518 0.146246567549955
-0.0196056741994978 -0.011210895458096 0.0626076417179918 0.108962347261466
-0.0192607904149989 0.00140255506999645 0.0887742475932736 0.0464517381152637
-0.0260658147021571 0.00183129589121736 0.0884234469350563 0.00515325090472358
-0.0309673038117091 0.00261543981990439 0.0941755362368824 -0.020049252103154
-0.0423644371432524 -0.0206126958578116 0.108433549318383 -0.00914749756287266
-0.0184764058093505 -0.0501509600587243 0.109780936116183 0.0340767359250459
0.0172452489103754 -0.0538101068609732 0.0746079206004678 0.0879286300461904
0.0742987273918209 -0.0289120870510279 0.0255972764060677 0.142593681890573
0.0970280453846177 0.0370837859527538 -0.00983752018594505 0.157810235574982
0.074800637251862 0.0988185130575827 0.0338678757240777 0.176561675859905
0.0732792024765329 0.0998169225461496 0.0348255775294589 0.0921431906819345
0.0914536694534266 0.0248849460517945 0.0481203896674775 -0.0678470469556383
0.0642857659506072 -0.0288623380147834 -0.083804209488513 -0.075897553387768
0.013925565995544 -0.0563841025289104 -0.143424510871638 0.0418754239975656
-0.0184631587262021 -0.0574647236991686 -0.0506455599791699 0.133840257951603
-0.0483241872297162 -0.0363460608825355 0.0404531408922205 0.107477699100279
-0.0511859436812041 -0.00443021376514267 0.0693842564695273 0.0522167275335714
-0.0552503752649775 0.00140744129240012 0.0708666671348405 0.00748105199840406
-0.0581970919303763 0.000369716557306968 0.074107121916812 -0.024126538577828
-0.0719731293825262 -0.0380933319940717 0.0887371886492201 -0.0303586274664079
-0.0362238801935687 -0.0851692362528593 0.107835327907702 -0.003566890042974
0.0220778593692126 -0.0957183634976173 0.100454464244638 0.051257887653265
0.117611157585242 -0.0506632262447483 0.0577585233694758 0.120293509908699
0.146894639731339 0.0602233577650848 0.0043271990580655 0.1386268668885
0.102370274137937 0.144888237084001 0.023248201667637 0.131128941721067
0.067911094401421 0.147124610716312 0.0103670882964751 0.0492410063657844
0.124782329352606 0.0747544440117449 0.0442071058869898 -0.0840302335135917
0.117491260465197 -0.014832990181233 -0.0696425522676926 -0.105020890420609
0.0471972272446656 -0.0882327684456964 -0.146079110569889 0.00213742157684432
-0.0189709894430769 -0.0944558155349925 -0.0725344706343879 0.101642178717202
-0.068156487293091 -0.0617054916703474 0.00693858801017711 0.093695956981312
-0.0763320665754583 -0.0117760079095959 0.0372957635644776 0.0521479390069537
-0.0764021843007001 0.000731653755140294 0.0427763716102714 0.00826068003506026
-0.0755779055502734 -7.86705578679435E-05 0.044503566428261 -0.0276398851602326
-0.090670090868566 -0.0445678879000539 0.0583987704713418 -0.0504564134123061
-0.0547645225362149 -0.102539762724249 0.0897947483070271 -0.0419240464364187
0.0120920874825513 -0.124280712417251 0.113450469272041 0.0071303429335202
0.136328421885376 -0.0770270222259473 0.081936606639219 0.0873349682840699
0.175620142471118 0.0610441753321581 0.0107026780420245 0.116492437444695
0.11912657386423 0.163505437856167 0.00240131660353455 0.0782575505807546
0.048331286842456 0.169869759776378 -0.0124689580669204 -0.0151102094690109
0.128611811027545 0.117254475194878 0.0356926248758448 -0.107526985688349
0.147976658055474 0.0130368492509559 -0.0478148779929659 -0.131475827061145
0.0790592383743872 -0.097487375586561 -0.129981700736156 -0.0433465040237241
-0.00980053296691225 -0.115324894966761 -0.0876744839425822 0.0521638011933393
-0.0738392537355489 -0.0795566882627815 -0.0305555771615019 0.0669945412616019
-0.0893061234238691 -0.0186265630815979 -0.00194690487925202 0.0464720380500573
-0.0864750524077596 0.000102133058943874 0.00963177847882343 0.00772433062317799
-0.0817244901448459 0.000678447536931116 0.0100139266636776 -0.0291488887366595
-0.0961724890668085 -0.044002291348463 0.0227801249317995 -0.062778470888671
-0.0629285127400931 -0.104106533880652 0.0628745001379264 -0.0724973545123626
0.00269163053032426 -0.131314893000673 0.110130400534571 -0.0319398349629949
0.13411200053201 -0.086256905329997 0.0917707442695675 0.0543544734989849
0.173094279278207 0.057685679299958 0.00901049513787518 0.0950083037906107
0.114206554306537 0.160065186214476 -0.0230575466727788 0.0279739036594475
0.021735595505779 0.15857214832443 -0.0289240259309076 -0.0866737522792193
0.100657222727257 0.133226872393593 0.0264964266158508 -0.13235312806048
0.139957788551113 0.0394866631710772 -0.0218842499088568 -0.147295708525356
0.0909906857071159 -0.0816253547194166 -0.0976451557839249 -0.0823517529674562
0.00084306026277141 -0.110375045416922 -0.0909954110412242 -0.00244262705684832
-0.0652789422362906 -0.0811700030215366 -0.0653496478171497 0.0342964771543662
-0.0853573559424539 -0.0219613002089825 -0.0414280422010326 0.0363528751452155
-0.0839552430853726 -0.00105626016137068 -0.0239046430769189 0.0067820819448847
-0.0773965146364024 -0.000270289373862818 -0.0235599431243439 -0.0294856234644174
-0.0875604097578984 -0.0407337137979838 -0.00968869883134917 -0.0696982825911865
-0.057425029321223 -0.0945299183174107 0.0363120328502321 -0.0922081050939358
0.00478250170693324 -0.119584878000505 0.100638400341316 -0.0577082156920772
0.122090031777594 -0.0715390151112835 0.0906365515194612 0.029061141205624
0.144430854070895 0.0596221744117784 0.00391109725102438 0.0771290254980011
0.0865755174474993 0.141803893062725 -0.0441944600298778 -0.0172541863606819
-0.0040735615210607 0.114931232807233 -0.0399571611142723 -0.149907035981055
0.0537296876677658 0.112622913893201 0.0202032432675263 -0.150610684636995
0.098278534418443 0.0476652764649283 -0.00109692372611159 -0.152285341748061
0.0752506515009786 -0.0511611019556451 -0.0645277256314686 -0.105555873241061
0.0060136258083157 -0.0820195639442173 -0.0882054145096648 -0.0453432503318233
-0.0459657966370738 -0.0653366552893411 -0.0912556575914227 0.00617948032115845
-0.0667743586004165 -0.0208329683822449 -0.0733279111827075 0.0259181740317825
-0.0684020437192873 -0.0021360196397553 -0.0528866746095358 0.00524697250213648
-0.0641668257722759 -0.0024276531306514 -0.052292720705182 -0.0299603041006193
-0.0699340522805444 -0.0349080317338148 -0.0354845570801734 -0.0746930792120042
-0.0422776895697932 -0.0777566538856297 0.0169072499754105 -0.105580257808859
0.0137280542244258 -0.0952555260951957 0.092824281095652 -0.071845099812953
0.103252847966814 -0.0415011235576527 0.0861982764963134 0.0140578814303313
0.0993301313876206 0.0650212851648056 -0.00067666874595385 0.0612261267572496
0.0431877272861521 0.111132181510435 -0.0557783154335331 -0.053363171181971
-0.0274109267772471 0.0495959106428314 -0.047743906204374 -0.18875694968623
0.00363758072720621 0.065473598771711 0.0118698619077641 -0.157469499228783
0.0422970807374911 0.0366601724651925 0.00541509007080179 -0.150455678107684
0.041051197143652 -0.0186357002380825 -0.0462081652223848 -0.114474084423044
0.00684788279500497 -0.0399160665629861 -0.0868947284760753 -0.0661900494608108
-0.0194592957882545 -0.0374694461370676 -0.106581911250003 -0.00852368129814419
-0.0370415661685117 -0.015871310410413 -0.0932203845958021 0.0191086038413732
-0.0422446771365686 -0.00341038430281662 -0.0717010838658436 0.00287570876518124
-0.0425264269090552 -0.00609703452695736 -0.0716334533798067 -0.0329173102101713
-0.0451351659397127 -0.0272699265571702 -0.0512333351477369 -0.0806053919980587
-0.0226779204960351 -0.0547085924920686 0.00690026529383211 -0.116021805382679
0.0233587096847512 -0.063594945392353 0.0902345088757264 -0.0777214405036026
0.0775430257825861 -0.00829193336893745 0.0850083106647722 0.00955687931957547
0.0459288590373368 0.0645427472730987 -0.000908473352445409 0.0503209461588395
-0.00551417254684276 0.0694451042275774 -0.0535306223441992 -0.0794195627006976
0.0405495024192022 0.00426534654947692 0.0202643459527648 0.118867094694165
0.00763009176824216 -0.0356528077133977 0.0615427726611747 -0.0413759379403626
-0.0252816192692445 -0.0225230484897669 -0.0699783187306908 -0.0712721925916781
-0.0224963099338902 0.0163959654032461 -0.134880341444726 0.0234577613945864
0.000805759660623124 0.0185997628378722 -0.0750438169595126 0.124197617942539
0.00608527494350007 0.011549608364563 0.0225277214039064 0.120657626037336
0.0107694538571039 0.00769899099039499 0.0675154885458422 0.0715822473672871
0.00523940105383098 0.00483945609720823 0.0814694564478692 0.0390573260116833
-0.000414358938337834 0.00788569625401012 0.0963982060712437 0.0255662427567825
-0.0110894835033307 0.00361947839288572 0.100457844164434 0.0507386807173776
-0.00732732177728651 -0.00736275929560325 0.0672051206976254 0.091949112693309
-0.00208017941655043 -0.0139150307848508 -0.000404937610015443 0.117465783363303
0.0262938785768007 -0.0195105533265473 -0.0607161562825033 0.137435090140829
0.043951793378484 0.00576537307324662 -0.0903624582063452 0.145022068314218
0.034007434515274 0.046855326839892 -0.0556289679701864 0.200587542905255
0.0384139167641056 0.0671453745161663 0.00954964010017145 0.113910291972796
0.0437053463333644 0.00619444711635637 0.0665190162002226 -0.0397027919667858
0.0195676307652911 -0.0184512727209725 -0.0612339703874945 -0.0862972318675938
0.000579887254549015 -0.015530252154756 -0.146293061068124 0.00703816744896484
0.000503165520901279 -0.0191106272637181 -0.0891492322978564 0.118690828702189
-0.0130713188232306 -0.0183988675601343 0.0104092820447637 0.12313246368201
-0.0171861121766154 -0.0072302376084095 0.0602206696543709 0.0767722827890362
-0.0239372343297498 -0.00855448066470316 0.0770404774601154 0.0394831323369392
-0.0284035888124238 -0.0104916620182215 0.0914510122688353 0.0182421300047987
-0.0304880994124438 -0.0349727108247612 0.101596388632808 0.034256463500661
0.00322364884011809 -0.053606099392745 0.0847745556593965 0.0745479456150262
0.0380836706545039 -0.0416979278730826 0.0296970026825949 0.109460689462485
0.0811557070387875 0.00263246776479838 -0.0349981194121411 0.138998258687917
0.0752151400934539 0.071725310781815 -0.0734593392173673 0.140549094321398
0.0334075142542269 0.122190137382503 -0.0481869330106059 0.173543453486471
0.0220404245717683 0.124672590047601 0.00325722420640257 0.0865494607465528
0.0696543326662143 0.0616257004140218 0.0735628499378891 -0.0476277282679964
0.069353054571772 0.00133168034055716 -0.0437742693808429 -0.109155893767422
0.0365987585545123 -0.0428148336986575 -0.150214961030599 -0.0230776105548152
0.00845600738353127 -0.0587996268302582 -0.10388941222621 0.0995354647424587
-0.0278508861702934 -0.0521139652558726 -0.0106059950108299 0.113112813667026
-0.0429088029152985 -0.0243628355838665 0.040244936681636 0.0743025670148229
-0.0497086356082112 -0.0204421075371431 0.0598221724423496 0.0343483030793326
-0.0520766004059502 -0.0235978023563788 0.0754504629800958 0.00566557068415548
-0.0500668295836667 -0.0618991337291244 0.0928029053617577 0.00628182498300854
8.77768921717808E-05 -0.0918543886102605 0.098118679947387 0.0398236891784295
0.0584116797920368 -0.0775729973536567 0.0689251499461434 0.0869763544657458
0.128884608515947 -0.00156295491938416 0.00295757376908784 0.133015165387362
0.111809734855441 0.110746487328405 -0.0536643185465257 0.132534831762289
0.0406449112175543 0.173724238847693 -0.0418588629472522 0.129135245077296
-0.00468511712171445 0.165517065394601 0.00343495627134344 0.0377171258918549
0.0776146506935456 0.119011772197059 0.0795484640973856 -0.0640263512694045
0.110627529111394 0.0363100716803113 -0.0180423001366031 -0.133130436581281
0.079185315482223 -0.0567220051387234 -0.137271542530109 -0.0623484919427361
0.0237669578860083 -0.091501624546071 -0.111613321276645 0.060387036384693
-0.0353387189622545 -0.0825695416742618 -0.0358955016210404 0.0870628581200047
-0.0619680586535502 -0.0411621620374088 0.0114015689320837 0.062617065691934
-0.0685240381209959 -0.0295204237397119 0.0349823199785157 0.0243309478927969
-0.067097168858861 -0.0302751988444294 0.0501734096296557 -0.00981776715955326
-0.0649029774061993 -0.0751572583967808 0.0732558192394634 -0.0238542365182408
-0.01017731770109 -0.114105664619688 0.098080213915738 -0.00247177714629319
0.059711380345246 -0.107619493633601 0.0989199230280008 0.0519024919369363
0.156068771689163 -0.019514725251582 0.0384902108114834 0.114180925914751
0.137446560395216 0.121631483977051 -0.0393753487950281 0.117357161482093
0.0482366047454962 0.19608931183275 -0.040152889993712 0.0743359573108954
-0.032482074615848 0.177172805154053 0.01228760149716 -0.0271719901383881
0.062174093970115 0.158824908987179 0.0837439350432482 -0.0878960232081798
0.126552817208008 0.0741172993231096 0.016383407458628 -0.149245983690589
0.111092732173369 -0.0510014257202565 -0.104404089701782 -0.0995445767161811
0.0397767046174237 -0.106256053123763 -0.1059986534104 0.00870861771764938
-0.0330301386385307 -0.100818990089819 -0.0596780761925586 0.0477742497099706
-0.070175783234033 -0.0522430929811594 -0.0219468900273735 0.0414290131532015
-0.0770133978430296 -0.0339266074053019 0.00520962310235464 0.0108710919082254
-0.0730989256618285 -0.0316805924442293 0.0205345974392258 -0.0244565826865436
-0.0695936302738536 -0.0767353606738762 0.0461567192726072 -0.0496194206956672
-0.0174647405124385 -0.119070751659825 0.0863090698791438 -0.0401946037852308
0.0542871526855058 -0.117625038134638 0.112783992097438 0.0152459251321889
0.157195151025216 -0.0291444117346583 0.0605437867703835 0.0881844994522561
0.136746163961272 0.11708443570647 -0.0320674396710753 0.0980796151728977
0.045094779340525 0.191130998279318 -0.0419391496748188 0.0183098212711264
-0.0518603181209548 0.154889254227393 0.0264291680897325 -0.0955194891524702
0.0302775309284468 0.160611859649346 0.0872925175519194 -0.111756946238026
0.107826896617073 0.0942729107200553 0.0478308220447225 -0.15137500435813
0.113828396403261 -0.0318754982097453 -0.0573602002500398 -0.122459699800751
0.0478861976451748 -0.0966136204281384 -0.0862693913115255 -0.0425943799444112
-0.0247551047652228 -0.0982777593822647 -0.0774381436988918 0.00387740961455622
-0.0654946575454012 -0.0540481680373521 -0.0526428425531175 0.0173428100084344
-0.0743193382135887 -0.0332513054885205 -0.0240743617378919 -0.00321476317297644
-0.0692176460892609 -0.0306301830908727 -0.00932318346827085 -0.0375991749568675
-0.0634492338550342 -0.0696618170293314 0.0196609517920003 -0.0683867321351155
-0.0164152250336297 -0.107908405435981 0.0708327856727858 -0.0689684396429178
0.0504438166467466 -0.105816502869335 0.114901121869041 -0.0117440529107101
0.140365797046829 -0.0203635215195436 0.0697081624153531 0.0654903861813872
0.108898737189033 0.108927024743767 -0.0299168484314104 0.0779097339969762
0.0254956416754836 0.161838384002777 -0.0410982366153546 -0.0318220450416518
-0.0555768001666529 0.103143283715596 0.0390541094554944 -0.152190162552767
-0.00215620451753101 0.122488329610198 0.0877756866620252 -0.128192058127149
0.0671089798630721 0.0836569286496911 0.0672970061825405 -0.144271871933516
0.0869806224073504 -0.0122440282428976 -0.0161720506837709 -0.128221338379434
0.0403876896156091 -0.0685251815385464 -0.0645557831883565 -0.079850055943215
-0.0142443056120438 -0.0759418361690178 -0.0882802580639912 -0.0317869245214137
-0.0503141474918245 -0.0456419621885112 -0.0770536515073259 -0.00511778215417555
-0.0601278414606302 -0.0282677825508036 -0.0491880218022637 -0.016374642274795
-0.0561586895827978 -0.0275730779141464 -0.034633466776692 -0.0493892314878574
-0.0497377567234918 -0.0579746005294655 -0.00102620729200934 -0.0825563973451874
-0.00919616717277317 -0.0872724905671978 0.059167768372718 -0.0876019594190816
0.0490781793188511 -0.081125462489463 0.113727221724165 -0.0271276534767343
0.111413770038127 -0.000392109628996005 0.0713471285358907 0.0508331487988425
0.0661974497351249 0.0969436638270621 -0.0274076487039403 0.0606823092664403
-0.00259072712385318 0.117477039890203 -0.0341073057597688 -0.0704597152137681
-0.0472006794064424 0.0327967130991895 0.0420932064931449 -0.187523094896454
-0.0258500949771522 0.0592125424861823 0.0808618887393623 -0.134386797959637
0.0214462106214714 0.0502236928619931 0.0721140146707975 -0.135511430732556
0.0429474816247489 0.00136340882024468 0.00607167499376274 -0.126871621370806
0.0231969199548904 -0.0314685310110862 -0.0525212541093146 -0.0976361646409922
-0.00221089302523641 -0.0410322960263104 -0.0940859837844633 -0.0511582272813147
-0.0263656349978472 -0.028661636551145 -0.0914524750160362 -0.0197017862359782
-0.036437245356947 -0.0198230161583441 -0.0648373874393831 -0.0254684803866953
-0.0360346862440282 -0.0214007650257868 -0.0509054777748096 -0.0593058533247942
-0.0308664425995096 -0.0410498027206631 -0.0127829998643414 -0.0938623324096391
-0.000908385108844127 -0.0589327134678874 0.0542481651284684 -0.100804960653552
0.0456457828345854 -0.0493335105787498 0.11392049739865 -0.0323364399086993
0.0746407733462299 0.0208239757200946 0.0712137463029658 0.0455791085605148
0.0182992331649584 0.0764518514404495 -0.023728181968524 0.0487233445502075
-0.0316330833331644 0.0609593274757485 -0.0190792102182814 -0.093783838398323
0.0406690247056315 0.00405258830590021 0.0225161842755927 0.117772013184956
0.00715226664120074 -0.0352830313417564 0.0606762563450192 -0.043651232098075
-0.0254415080483719 -0.0221791977387658 -0.0708516839179121 -0.0716946888045878
-0.0219862647847159 0.0169118962010755 -0.133677744506328 0.0247934437124293
0.00126684285368275 0.0190807562433573 -0.0726273486267007 0.125224249329431
0.00666428088969607 0.0112967944914964 0.0241148844302055 0.119592282537288
0.0104005669121438 0.00738098628301624 0.0669230904674607 0.0691599795407418
0.00486496146848131 0.00494587131652945 0.081321603923281 0.036895227413099
-0.000235990586896359 0.00776298271137306 0.096432269365284 0.0228005908193958
-0.0104224298967549 0.00382883508826603 0.101379117634373 0.0482716645905378
-0.00709857293254252 -0.00756864066666479 0.0689380955174472 0.0911561130751876
-0.00260295931501979 -0.0138549310468068 -0.000823112613452535 0.119548666688707
0.0259104736927462 -0.0197740310378775 -0.0596003305004563 0.138924144283344
0.0437608996874845 0.0058490391242273 -0.0900134051425294 0.14392110212286
0.0352845115461641 0.0475883578475576 -0.0542223540628132 0.199466430160743
0.0392169278108252 0.0671834806667127 0.0115751253099222 0.113604112697829
0.0437432880035862 0.00523072819356155 0.0654739282131754 -0.0420579474779693
0.0197834463691297 -0.0193007002785578 -0.0615792617180794 -0.0868246594823527
0.000642366357949978 -0.0152533000832981 -0.144763159993657 0.00793905705474399
0.000594505376434621 -0.0189463566836836 -0.0869686392645788 0.120849696894383
-0.0130243882917019 -0.0177628290852103 0.0124789325575979 0.122317244593948
-0.0175379588222912 -0.00695413961023041 0.0603071153771186 0.0748892175716825
-0.0238135509058309 -0.00792733697883453 0.0763366827293269 0.037539443499469
-0.0281103577919151 -0.00966428849032819 0.0915350448842872 0.0153359976217453
-0.0308504146856674 -0.0348511266396758 0.102618439500663 0.0312043447852963
0.00211771560723657 -0.0536860289254524 0.0857478927139539 0.0737533602873065
0.0371333765928281 -0.041609780173094 0.0296686305990429 0.109859568076627
0.0805805182518492 0.00121696036849954 -0.0339999504474587 0.140177572053879
0.0758262678629258 0.0710109294302452 -0.072891166710852 0.140648660715132
0.0349283396693209 0.122327461805087 -0.0475143759532919 0.17408085042421
0.0238890352407939 0.124738089917204 0.00379976611061562 0.0863325636109636
0.0701738731408323 0.059731210682928 0.0724063378675544 -0.0493291779394777
0.0691814024140398 0.000295855908322135 -0.0446553274506313 -0.110315176100253
0.0361659127140957 -0.0427796939216071 -0.149583439785215 -0.0210865096426757
0.00736356850088111 -0.0586722968406632 -0.102130739886691 0.100189246717587
-0.0291525107565868 -0.0508116453322563 -0.00861857046637766 0.11287612631837
-0.0435322664917766 -0.0238944636329262 0.0415744948617822 0.0730386036024761
-0.0498122400333114 -0.0196368460197372 0.05992353190341 0.0329291331124682
-0.0511618800679388 -0.0220621349934662 0.0754994055038105 0.00251574478037332
-0.0518742534194419 -0.0611099989468388 0.092933650829448 0.0035928989934373
-0.00196885514809651 -0.0916391444526026 0.0988256574822176 0.0379840784394965
0.0572471246291083 -0.0779413426188536 0.0680089390953384 0.0867427366296019
0.128997146218024 -0.0039755566809139 0.00371579467807134 0.1333977384179
0.113387489595329 0.10889957165061 -0.0534294748422112 0.131984947875463
0.0429755448407321 0.175035353769385 -0.0411157559553336 0.129021944905834
-0.00204759625341524 0.166251887223931 0.00342376109098339 0.0375000721772213
0.0788838041530811 0.117480569578807 0.0784339176671876 -0.065785474143648
0.111560501305501 0.0349055019155586 -0.017710081892216 -0.134501720073194
0.0781504663590897 -0.0575222398676866 -0.137825311233901 -0.0605860172003173
0.0216528063808258 -0.0916087532400716 -0.110513376218891 0.0615602037531556
-0.0371533928631437 -0.0811154852987122 -0.0342451842209086 0.0879533905819264
-0.0624225408521741 -0.0400306616032922 0.0122441598187872 0.061358681932942
-0.0684915134761925 -0.0274067655248284 0.0349634381866955 0.0237475377256184
-0.0667799236186978 -0.0289402940355383 0.0496737629774691 -0.011725186874092
-0.0662722048765932 -0.0728826773768061 0.0724970286996787 -0.0257012658139618
-0.0130923121626044 -0.114717265848267 0.0989507545814403 -0.00465832880708033
0.0578246637023762 -0.107776201870593 0.0980954418705273 0.0508972634330374
0.155229510873841 -0.0221074107567472 0.0390303878990129 0.114395081995259
0.139030534179951 0.120036622689141 -0.0393850624865871 0.117226597344647
0.0498514637277537 0.197436062059725 -0.0395647828092437 0.0751458217278561
-0.0299404080269286 0.178249000850441 0.0114108683404663 -0.0275562287972686
0.0644928791563607 0.157500817443551 0.0832066055526899 -0.08900810574515
0.127553149302574 0.0727241452338697 0.0158280931240319 -0.151034090140066
0.110115223818437 -0.0520636183453007 -0.104062882861201 -0.0988803977495888
0.0379928937040342 -0.106250036454861 -0.10591823296207 0.009005601575973
-0.0359843116042941 -0.0990418920355937 -0.0591262102613451 0.048818463095291
-0.0708924974365793 -0.0506621713643223 -0.0202361519929098 0.0417295378648466
-0.0772047711242042 -0.0323322686563433 0.00521326018916137 0.0111593668659335
-0.0720049123756404 -0.0309642974575892 0.0195065944500497 -0.0260586350874535
-0.0709856074583315 -0.0746648503852572 0.0456374566418944 -0.0506894303199797
-0.0207532280575466 -0.11798594560655 0.086340187930403 -0.0424581829188318
0.0520264118030262 -0.117498515146174 0.112165335044516 0.0136710731595109
0.156473223419675 -0.0320008470541226 0.0603576194350324 0.0884710600617045
0.13815919157094 0.115538135279552 -0.0321229120057571 0.0987349767296483
0.0463551376925389 0.191258546623605 -0.0420396012618983 0.0186261427936192
-0.049785250022797 0.155988318341777 0.0253785335235554 -0.0957973921947014
0.0322978503334352 0.159467961310107 0.0860757451255444 -0.112147975757478
0.109061018443791 0.0929544360445813 0.0473803099736851 -0.153239145415298
0.112794883317456 -0.0332034383569704 -0.0576645963678795 -0.122128401795487
0.0453650476161856 -0.0970055874888446 -0.086738207787182 -0.0425792126090267
-0.0270096859836782 -0.0968252210694237 -0.077611018770246 0.00548421743289534
-0.0660720526275265 -0.052977797264135 -0.0516273317105043 0.0181975852759631
-0.0744819533248086 -0.0314623779625058 -0.0240677703524502 -0.00259453358421413
-0.0684316462441572 -0.0293332875639141 -0.00984135151440212 -0.0381873840815229
-0.0645664629802344 -0.068458466028816 0.0185281052306619 -0.0689412188704891
-0.0188373282490234 -0.107700872657024 0.070615591991799 -0.0702817319846807
0.048510624793248 -0.106129539796391 0.113670661190921 -0.0134551156714187
0.139075264081997 -0.02251710620227 0.0693003230547537 0.0658430742663914
0.110855645150734 0.107091265424121 -0.0296812510471286 0.0791761278998108
0.0273057600019533 0.162925510658251 -0.0415120920616695 -0.0303729459937846
-0.0541239527721054 0.104369315762569 0.0370264665993434 -0.152702493985693
-0.00083066633174436 0.121777550058021 0.0866744292464152 -0.127866070181706
0.0676084066285187 0.0829110029139353 0.0678507885319477 -0.144775260636619
0.0863641855547677 -0.0135104889459069 -0.016278684357084 -0.129098400160826
0.0389931191597099 -0.0689788161861208 -0.0657967753265573 -0.080299050352402
-0.0159421230127247 -0.0752910982067199 -0.0888360664263431 -0.0301677615884326
-0.0507633608681432 -0.0445199175167672 -0.076613817456463 -0.00312877405232558
-0.0598802837932555 -0.0262503827670349 -0.0485738352440353 -0.0150645360951227
-0.0560723300279799 -0.0262116077174107 -0.0360644066891696 -0.0489992839451143
-0.0507284839837031 -0.0567355085873082 -0.00207105766656691 -0.0827319406393149
-0.0105679070331539 -0.0865032811197573 0.0582747011879222 -0.0894476268564973
0.0478113848429643 -0.0805637927351709 0.112020594985963 -0.0286742799631235
0.111070019974348 -0.00271627447256532 0.0706062888577218 0.0509551515202238
0.0674368148808266 0.0961577609791317 -0.027299905316489 0.0617645265028343
-0.00192569410386963 0.118597992422877 -0.0346313939900744 -0.0689313777572469
-0.0470132076737738 0.0339836394147539 0.0401137355396627 -0.187054873301105
-0.02522264399665 0.0597246502071884 0.0799935713670664 -0.133402179845388
0.0222435384657704 0.0495519671736595 0.0711121172374932 -0.136358284938663
0.0423583973390587 0.000799960417084688 0.00493694366521628 -0.127448216210348
0.0230430916031499 -0.0314237166271365 -0.0541512565321967 -0.0984573611256536
-0.00317759777494911 -0.0407224833542718 -0.095008195715612 -0.0489048344841217
-0.0264970747527005 -0.0282894033094898 -0.0911953533371634 -0.0171167818614037
-0.0367403836308999 -0.0182707162282621 -0.0651163484040139 -0.0253827976502086
-0.0365427492004116 -0.0203638696761774 -0.0515321628982616 -0.0585725519980521
-0.0315887374804991 -0.040137706566602 -0.0137986516175428 -0.0930646850496849
-0.00214442429064697 -0.0584849259278897 0.0530968391261674 -0.102714562189143
0.0444366067228693 -0.0499391627523868 0.113287305749114 -0.0339604359086034
0.0747672219197538 0.0191742795408641 0.0708801754884715 0.0454894375246603
0.0192255008588403 0.0767229019264586 -0.0235215202489213 0.0493241268601076
-0.0310243012759455 0.0617943149086544 -0.0202906865588443 -0.0923834673740365
0.0415192264957926 0.00285380684623053 0.0257137190641408 0.117179872476793
0.00603335705533208 -0.0354582590950787 0.0589072062450536 -0.046846639116967
-0.026473040502986 -0.0221384280381281 -0.0736001346315961 -0.07038439210512
-0.0217799597383822 0.0176270786099383 -0.134366972765738 0.0272206396268556
0.00204553990772631 0.0186663535283028 -0.0690251172827326 0.128931762094122
0.0070592660173774 0.0110140392200604 0.0279743673412946 0.119433159162803
0.0104887628222177 0.00682491121089933 0.0683263838382344 0.0671441354127472
0.00509964636405273 0.00456570999807435 0.0826063374279052 0.0338906247326348
-1.22170007116579E-05 0.00762180807965622 0.0975244400590828 0.0189401186732407
-0.0101492234659097 0.0040027477628936 0.10445187770533 0.0441416623948957
-0.00738092205734044 -0.00710757423857341 0.0725846352214549 0.0911314743675323
-0.00226019957711071 -0.0131291530704094 0.00169450923184916 0.122200572059462
0.0248381912398844 -0.0212237058052213 -0.0565946018358899 0.142009965517664
0.0438496516210379 0.00486278461183237 -0.0882795837358426 0.146721772523103
0.0374510039941319 0.046899976092346 -0.0508894122611329 0.203177234682627
0.0421525552297048 0.0668562816643159 0.0145918586485424 0.113523419285721
0.0438359874927888 0.00404497765637244 0.0640862040769554 -0.0451954609960653
0.0189620005092221 -0.0200424394487108 -0.0639997086559453 -0.0867112658027092
-0.000323438670335148 -0.0149979071961029 -0.145773017903251 0.0111156524797599
0.000139693217452573 -0.018617554815274 -0.0837014543263254 0.124597356224046
-0.0139126389829453 -0.0175377911397647 0.0164106060522676 0.122432353912807
-0.0179090821399457 -0.00684009859073417 0.0625773838448813 0.0729934523404221
-0.024471147368316 -0.00720590145054726 0.0779242222488436 0.0343202322643872
-0.0286285610470188 -0.0096019686392856 0.0924388432781444 0.0114176571833141
-0.0323908697289502 -0.0337322253154682 0.104845261020901 0.0274544084503224
-2.28005997764623E-06 -0.053987756744778 0.0894441718442328 0.0707942463000764
0.0367334053314063 -0.0425444917078647 0.0316264815740142 0.111405140514989
0.0809282849627594 -0.000968644176613111 -0.0305630332052359 0.143080685441976
0.0780405334018799 0.0696701313606277 -0.0712776010285992 0.142380754157267
0.038757070528374 0.123568077634204 -0.0439838788881973 0.176109875295954
0.0283539177153386 0.125858566518508 0.00557679885574362 0.0871605560304548
0.0727140119179699 0.057857345019825 0.0707475907769036 -0.0521919305314046
0.0700962658234975 -0.00138537077078105 -0.0473308348228794 -0.111863990478521
0.0347376412381766 -0.04388363533955 -0.151038335980993 -0.017661899257313
0.00556091250065432 -0.0592731217272479 -0.098970041313592 0.10401632202983
-0.0311106896302788 -0.0499374203836826 -0.00525454660854467 0.113527585299605
-0.0442875028592305 -0.0228186029334831 0.0441091639723582 0.0715992694612278
-0.0506711866647447 -0.0175204191232841 0.0613258866433594 0.0312039799284902
-0.0517740412700047 -0.0209351862169439 0.0745633653420412 -0.000856604272606858
-0.0539051214751913 -0.059601449046017 0.093837764286141 -0.000664650507957989
-0.00543813798085517 -0.0926181707385442 0.102290407120933 0.0346377438456672
0.0555123909377189 -0.0797122544338788 0.069813265796323 0.0862884962389063
0.129233519997041 -0.00765028905953817 0.00614073386897828 0.135971309203668
0.116818324896942 0.107319742259733 -0.0517321215104087 0.133708982244695
0.0480794887862604 0.176327410723147 -0.0388888592486998 0.131141980248824
0.00248735989353408 0.1681453875032 0.00353073168254002 0.0383053892183668
0.082388277408756 0.115718513557006 0.077449686288399 -0.0683272977380907
0.113803816152322 0.0320329532525551 -0.0202144472031265 -0.137152267366937
0.0772140911847339 -0.0597556508533961 -0.139776478148273 -0.0578805036365614
0.0189524761714816 -0.0929717044187602 -0.109406308276911 0.0646682259226068
-0.0403731800207364 -0.0800961313951495 -0.0317253981330585 0.0893577881344691
-0.063741656722381 -0.0384266980020551 0.0149295284484958 0.0612501212718074
-0.0697569607299652 -0.0256541090764102 0.0357791504211326 0.0224506048842914
-0.0674202993187595 -0.0271379416579553 0.0485563695760803 -0.0143379867189758
-0.0693248712270463 -0.0716540887518211 0.0725805472760464 -0.0294737441831854
-0.0174163597643775 -0.114608166988996 0.100931650750808 -0.00830100332578111
0.0550117705642088 -0.109915994904372 0.0988191491718741 0.0485849790888519
0.155346851244009 -0.0273298074337161 0.0406658701317775 0.115704821936065
0.143794420699866 0.116958848566343 -0.0378136383172119 0.119472584216865
0.0557028639578509 0.19957973092909 -0.0383876076215679 0.076377289151135
-0.0250306325542403 0.181412816032043 0.0103724432827244 -0.0277084258022127
0.0691271130095745 0.156431675383182 0.0818088606161698 -0.0909801621077868
0.131107406015099 0.0696003537268119 0.0136697860440194 -0.153875030106707
0.108524191559282 -0.055887111308601 -0.106692101089219 -0.0970246235880101
0.0346658274872084 -0.108186930719069 -0.106410754955901 0.0111042984110903
-0.039402053768364 -0.0985735138587328 -0.0579876661471685 0.0510093499733265
-0.0725904371112182 -0.0488586684375625 -0.0186091585477273 0.0429589289602549
-0.0782150258673321 -0.0288123390916965 0.00570382674723506 0.0109076765714453
-0.0729847796415988 -0.0286443839620156 0.0179782207171086 -0.0269027845939737
-0.0741310315682424 -0.0727247415711379 0.0440621042422431 -0.0532399732439928
-0.0248326520791338 -0.118614383429092 0.0870644967081953 -0.0468058536753096
0.0488092427921836 -0.118835650053056 0.112091608971551 0.0109692801555409
0.156313521052455 -0.0375224756007672 0.0624612125657437 0.0891561501562636
0.142847406559183 0.112589974332901 -0.0314633424573475 0.10128046728929
0.0513894584239585 0.192842675913162 -0.0418016604937931 0.0205786951980697
-0.0449071165114744 0.158783519984592 0.0222683291302848 -0.0970027579249208
0.0367733111485822 0.159559414806524 0.0847705818421326 -0.114197340503021
0.11291128622404 0.090829084555738 0.0450290788928467 -0.156470137414187
0.113016296033941 -0.0364934205638064 -0.0601117745866955 -0.122382313601112
0.0426889336965242 -0.0991396948757924 -0.0890947789162777 -0.0421387905592671
-0.0314322125464398 -0.0964624279907081 -0.07801320081796 0.00832656029961767
-0.0681721403592656 -0.0506527162253933 -0.0509366875367621 0.0200613295466132
-0.0750414734946462 -0.0285485183790409 -0.0243521291792763 -0.00149385680492614
-0.0691098702561202 -0.0274272728080588 -0.0123825496396098 -0.0382457551265468
-0.0673944325758735 -0.0666410509069355 0.0165184295402914 -0.0703151047732385
-0.0226187343954711 -0.10785035397115 0.0699846871280449 -0.0745037226084464
0.0455819596895461 -0.107023194816243 0.113849978934571 -0.017025759535654
0.139096184238347 -0.0278550346540418 0.0706956099374297 0.0655950558312688
0.114944297764108 0.105411487542978 -0.0290327262594882 0.0813562520252413
0.0311027245140741 0.164735019263783 -0.04262444141678 -0.0295604708418953
-0.0514215538974295 0.106777938745224 0.0335627974952942 -0.15446683303634
0.00252661302335832 0.122813959418822 0.0849384427888404 -0.129446036301006
0.0707282115484748 0.0818313563781059 0.0652644694901852 -0.14849782695495
0.0861430409043833 -0.0154879690673402 -0.018757305306265 -0.130587020375134
0.037067396926488 -0.07027191256785 -0.0684978877471676 -0.0810354226933055
-0.0186816673371599 -0.0748501979386887 -0.0908380070719 -0.0274532225088436
-0.0527736367174667 -0.0426958657667034 -0.0761130951993875 -6.21610403352069E-05
-0.0605597609568635 -0.0242545806219326 -0.0488687287162696 -0.0133480056080387
-0.0565017669274861 -0.0244880658046546 -0.0375920787269966 -0.047944386390015
-0.0531365020169915 -0.055553533753222 -0.00412524834682921 -0.0829380134629599
-0.013307265183809 -0.0866874722008819 0.0565724866518873 -0.0929893473404137
0.045642427443014 -0.0825422819778058 0.111814694672507 -0.0319972591726589
0.11138913456009 -0.00601174476471238 0.0717655904698509 0.0504241979617786
0.0708833079525906 0.095331585987417 -0.0271165516095061 0.0640576021560836
0.00103845671170025 0.120487522318568 -0.0366078789774173 -0.0683277886970567
-0.0458335222223762 0.0356421681602608 0.0368036503919123 -0.189474303556798
-0.0235163042256358 0.0607157367971001 0.0784610093563924 -0.135319635689009
0.0233073782630918 0.0495842433938854 0.0694140656237382 -0.139292716109211
0.0423370055730779 -2.74383316713092E-05 0.0029711473296811 -0.129812067273737
0.0215344311426667 -0.0319160978475694 -0.0577372960010132 -0.0993489852355407
-0.00472339270726911 -0.0404121987564399 -0.0978714517875521 -0.0461680774596387
-0.0276594360442587 -0.0275032085566435 -0.0926640373228407 -0.0137234060063962
-0.0372957390854747 -0.0168005761366878 -0.0659001274172915 -0.022221264376445
-0.0374870148988899 -0.0191337253740834 -0.0543421370886289 -0.0565420410734039
-0.0330305815543498 -0.039196235427262 -0.0158673672702205 -0.0939588790210626
-0.00322600683433149 -0.05898982990019 0.0505985737482507 -0.105493944133504
0.0433077388643188 -0.0516049532215815 0.11264543299804 -0.0374490379041482
0.075417809586106 0.0172423820917742 0.0720329383558303 0.0453255173300814
0.0223075313390207 0.0773417839971817 -0.0230212069423189 0.0520354539295839
-0.0299504465849923 0.0629726509594263 -0.0226390175504523 -0.0925185085178827
0.0418205124700617 0.0010212793080666 0.0317850617096124 0.115130156190847
0.00447313619895592 -0.0358185511808259 0.0554232170559468 -0.0502626302505623
-0.0279587518089124 -0.0207313030766316 -0.076362448742615 -0.067499504466806
-0.020188106028956 0.0186619960945936 -0.132258374276461 0.0328309430729374
0.00336571600085556 0.0187865466451737 -0.0622436124782455 0.13227454641164
0.00771404229477616 0.0106865688158604 0.0337604135617806 0.11658352721375
0.0107025002876656 0.00616601206893838 0.0701822651550568 0.0626938501983364
0.00502307305689174 0.0041759615726013 0.0835934851054277 0.0291770324264759
-8.63003176393947E-05 0.00706364290287728 0.097592079558948 0.012405864259969
-0.0098288510785322 0.00416469934471812 0.107101087379256 0.0379339803919501
-0.00816070253623059 -0.00670478557291091 0.0770734190119625 0.087243083089162
-0.00273495844899043 -0.0132353150306849 0.00605299240684164 0.122952233184435
0.0228094820587236 -0.0218619629710533 -0.0498081783025259 0.144768135449789
0.0435383690617265 0.00299945000575532 -0.0826322045548879 0.148948131954027
0.0403855046064832 0.0453840548707728 -0.0424159385348802 0.204092130467224
0.0456114827679896 0.0650398792297738 0.0197912819113826 0.111827091711451
0.0439086988951706 0.00150054017937417 0.0608623077836699 -0.0486300023721215
0.0178864180519567 -0.0209444785920979 -0.0678735736075202 -0.0849804133067743
-0.000753225895320226 -0.0148498429121591 -0.144021062621503 0.0181648808638795
-0.000741146489388828 -0.0188727858400183 -0.0764005572071517 0.127766727188589
-0.0149453469389962 -0.0167111346278428 0.0222774543377692 0.120574798882936
-0.0184520801476199 -0.00585067665191936 0.0654567319447395 0.0679948087055707
-0.0247176701639704 -0.00593842313071364 0.0789516659754431 0.0298531574138468
-0.0286964618875734 -0.00745866135694806 0.0918156969512921 0.0051483465221786
-0.033830041275646 -0.0312900879269262 0.105841535006163 0.0203722213159105
-0.00300455627280702 -0.053690804193842 0.0935563096690977 0.0661825350544061
0.034432623140782 -0.044175313169541 0.035489452390133 0.111473620089836
0.080308331870827 -0.00504613559666799 -0.0245398244214124 0.145240159178256
0.0813838832333386 0.0661544155624789 -0.0656417697587586 0.1444231424835
0.0449839994193876 0.122497632586719 -0.0366737427163659 0.176988658778645
0.0345278778026073 0.124175001799767 0.0094265998599704 0.0871523743836738
0.0749066717064845 0.0538710740510169 0.0678918887817723 -0.0558437179185705
0.0696388077097662 -0.00581696670449962 -0.0518967616673843 -0.110513046659505
0.0324734891978863 -0.0449346164009983 -0.150217479240755 -0.0115498689446377
0.0019500768761505 -0.0592434201613735 -0.093673610728771 0.107912999983652
-0.0339968512025798 -0.0471670347462014 0.000736954512709358 0.112797314035358
-0.0452064434511113 -0.020359893023218 0.0473415907253296 0.0678221956374527
-0.0509107210694755 -0.0146614842748281 0.0620491054677986 0.0269937053254071
-0.0521747563873226 -0.0184080478768018 0.0736728295453465 -0.00573936737854837
-0.0570714654833326 -0.0559202223327127 0.0937290776486124 -0.00641379950919237
-0.011136622925248 -0.0919709834658614 0.104196871183937 0.0286887513312797
0.0510129117403003 -0.0817546087995137 0.0720730420704781 0.084036331876029
0.128176564799959 -0.01488168597606 0.0121779294705053 0.136148220847675
0.122163780332649 0.101309226120292 -0.0469176225070283 0.135225444602922
0.0560836509013567 0.175275392061264 -0.0330214295647294 0.13234874341535
0.0120580912894615 0.167911617722234 0.00531935174918495 0.0381824550005671
0.0878707366491607 0.110357783919361 0.0736655598787208 -0.071229446093121
0.114942680096504 0.0258621360047088 -0.0266585616693914 -0.137485423650926
0.0734791340523579 -0.0629751523281092 -0.141076905335574 -0.0515857909987505
0.0133865818134732 -0.0936394711727537 -0.106305108326909 0.0683152654765507
-0.0449574897830663 -0.0771374757717661 -0.0272677393033135 0.0905952970491872
-0.0656078707144651 -0.0347834341751435 0.017920394824637 0.0594749692852077
-0.0701153674612816 -0.0214144941652608 0.0361695044956485 0.0200073584985612
-0.0675891979813075 -0.0234230485446436 0.0469452400856874 -0.0173664823905911
-0.0733221325949033 -0.0672630486865892 0.070199856751287 -0.0336921629256332
-0.0241653845030816 -0.113328140619228 0.100551699316553 -0.0144494496991827
0.0494076636289092 -0.111711500383539 0.100178718672845 0.0447387559876132
0.153348562874262 -0.0355512631354327 0.0453164670400429 0.11498093514489
0.148836898174642 0.109686641286151 -0.0339197627060137 0.121445805940908
0.0647021299629731 0.197975461708611 -0.0349151337509683 0.0776330761199182
-0.0157284983805101 0.182145946556098 0.0082332829441683 -0.0275888213385772
0.0761114364528982 0.151987475142848 0.0772883300404432 -0.0941425855736952
0.134109887679953 0.0628993535040372 0.00729972932631527 -0.155946518563802
0.105483598995946 -0.0611478734500197 -0.110328479302071 -0.0922373108039137
0.0284162822454135 -0.109469246951643 -0.105262831855575 0.0144744891093285
-0.0448631155319893 -0.0950804888182117 -0.0548187944124947 0.0533376029600395
-0.0748509465386875 -0.0450292480861304 -0.0162996255792061 0.0436159197528081
-0.079131165248924 -0.0242739629731519 0.00646552237691213 0.0110020599715624
-0.0733505908789278 -0.0252676540863633 0.0159164012366411 -0.028640999510819
-0.0779806331134168 -0.0679377930963618 0.0409332158297543 -0.0557427096508257
-0.0313045329249251 -0.116401354455835 0.0849209720864977 -0.0522367322184217
0.0424124478954317 -0.120533134488479 0.111614726174785 0.00518636693900724
0.153507859402408 -0.0455142988391348 0.0655884689841636 0.0875700220337784
0.148709218028909 0.10526941713471 -0.0275100539001244 0.102809843757121
0.060517830746571 0.191650611746792 -0.0408176999205559 0.0226045909475154
-0.0371767629429961 0.161303755621166 0.0174809846782846 -0.0971483467066955
0.0439751326485366 0.156806082504748 0.0790856752160815 -0.116752671172287
0.117060295788744 0.084595353112941 0.0388863260486189 -0.159511838617647
0.110453003191213 -0.0414983682972325 -0.0650145425165101 -0.119126004651782
0.0368306014329024 -0.100810238476759 -0.0909600104653232 -0.0391366199715892
-0.0364361704976579 -0.0936055032844119 -0.0774258988140322 0.0117579409572874
-0.0708099430399114 -0.0469378652608811 -0.0491608273628275 0.0228510672079334
-0.0760278240085124 -0.023787368491236 -0.0237794013081672 -6.92576525183907E-05
-0.0694587281777304 -0.0242725578660074 -0.0152042185259329 -0.0375909845789135
-0.0707410803944353 -0.0619636245550409 0.0132357100099552 -0.0711019758954436
-0.0281685572044515 -0.105617358842503 0.0661841875617191 -0.0789895661139212
0.0398739809269699 -0.108906272172466 0.111008817171881 -0.0225543260066519
0.136597268981859 -0.0351455216540723 0.0723419520285168 0.0637792052750067
0.119992148328845 0.0995139497395414 -0.0260516006595546 0.0835153775963469
0.0388529154943276 0.164731939613775 -0.0440005781545562 -0.0270833595869625
-0.0459573108168499 0.109290957018877 0.0267288083895585 -0.155375937538099
0.00873455397793755 0.121881891436478 0.0792868307171498 -0.13218310824043
0.0747775852309581 0.0781102519992761 0.0592832556184623 -0.151833488381319
0.0849851196866611 -0.0201033841244557 -0.0237586841393098 -0.130069872334578
0.032837998554974 -0.0720285594302696 -0.0727254075134792 -0.0788425802796947
-0.0232686182127012 -0.0728111545598525 -0.0921559884856998 -0.0222354742683815
-0.0542588322529914 -0.039941686567103 -0.0754580129044841 0.00436877019990054
-0.0607916232489887 -0.0202033557608624 -0.0490324536413039 -0.0103279294605907
-0.0571880534736001 -0.0218244034596586 -0.0400812582445711 -0.0456375509161715
-0.0556549713919145 -0.0515334413341382 -0.00831224388440845 -0.0830446525560239
-0.017869999143491 -0.0855270762833109 0.0520817127343278 -0.0963224317319058
0.0409939706640466 -0.0838747974382134 0.109237514424472 -0.0377343377309452
0.109787526395504 -0.0119163830034165 0.07301337315607 0.048757221212368
0.0754085138588843 0.0912904792313085 -0.0241423052985994 0.0664717699263515
0.00663607249148883 0.12030893480397 -0.0396388774107681 -0.0659570237022108
-0.0435059949362111 0.0378970115151298 0.0278540468933977 -0.19052254208827
-0.0209531869995446 0.0620223380385774 0.0741170510797864 -0.137371022351049
0.0253459025499484 0.0480500677325679 0.0640369379286836 -0.142395713188026
0.0419051318822294 -0.00161711037663441 -0.0020167638416519 -0.130607815546131
0.0193873272312378 -0.0329200667511823 -0.062867513114864 -0.0971577525917975
-0.00706565353424667 -0.0401780642848347 -0.0994682558153918 -0.0406987502579506
-0.0295018761283094 -0.0261023004313554 -0.0921143200385608 -0.00823530329030223
-0.0373178711172218 -0.0141328244793455 -0.065972463866007 -0.0186861178473182
-0.0379886250902899 -0.0167600470575795 -0.0565241343038885 -0.0533431180441895
-0.0351822471747307 -0.0366102740840494 -0.0203650033738481 -0.0929479414944762
-0.00613783197000744 -0.0583901299366498 0.0464949440371799 -0.10808975528909
0.0405275219298637 -0.0533077811916485 0.110807011273025 -0.0434157744618943
0.0756259230869706 0.0130736377714768 0.0736753477891335 0.0422545840573619
0.0260018521372677 0.0757817384019945 -0.0206539701198003 0.0537113543984123
-0.0272923008174412 0.064741134663303 -0.0267817679433367 -0.0903278432080588
0.0405313906396035 -0.00111127260195093 0.0361797175721931 0.109879190832189
0.00226982835978342 -0.0347434463558681 0.0506313445795067 -0.0511051092189173
-0.0283958451598952 -0.0186691520931063 -0.0774863597429552 -0.0621471300096165
-0.0187487093166364 0.0188453446169561 -0.126150959882121 0.037095456867487
0.00439717717007057 0.01760005969333 -0.0527626605722983 0.130795223846953
0.00802170994172582 0.00967440809672935 0.0379644643118316 0.110314076258366
0.0100690302700875 0.005703783783453 0.0691623358907019 0.056520869770129
0.00481050030187183 0.003656884276756 0.0816154987019621 0.0233005761079819
0.000680683592593444 0.00650743060634895 0.0942439815449876 0.00591338715596397
-0.00912534154929151 0.00441039915116562 0.10540218118691 0.0303268201325298
-0.00816774810997576 -0.00623521197071753 0.0794367993790428 0.0801773472894855
-0.00272262785283178 -0.012005216034059 0.0113061698875681 0.120657803558877
0.0211636503891735 -0.0221083496062064 -0.0411395187396435 0.142202295916835
0.0422688050414324 0.000715363542357008 -0.0738901802476202 0.147345181317882
0.0415733710747804 0.0419662113226441 -0.0315271069914971 0.199551176132207
0.0476374724619837 0.0606955422104195 0.0244839819108311 0.107557647323104
0.0424832554872461 -0.000822103329471978 0.0554586210350436 -0.050053178848441
0.0156785357069329 -0.0215826502472393 -0.0699605503128087 -0.0800933955969518
-0.00152859013301699 -0.0136048362974157 -0.138297375032175 0.0233302595980614
-0.00213096567855642 -0.0180055329948916 -0.0675655216555502 0.126619663706365
-0.0152135289647493 -0.014637784816483 0.0280796077902318 0.114768332941351
-0.0179039900300509 -0.00430108376118524 0.0654687907472776 0.0615786801946958
-0.0237872067775883 -0.00503565551209752 0.0773976523208181 0.0240580194232417
-0.0279657394013539 -0.00601791477146691 0.0878178417515593 -0.000598815159285247
-0.034203384728375 -0.029067816885539 0.103048544968542 0.013356878873172
-0.00659780974809014 -0.0521252788310158 0.0943676924391349 0.0588520270288254
0.0314624950588618 -0.0435333283607872 0.039428260242917 0.107534194498367
0.0770691470343194 -0.00939078057657246 -0.0169570634945476 0.141618422014901
0.0815091635837348 0.0603192413068272 -0.0581634924086464 0.141817275906806
0.0498723784961579 0.116711162841123 -0.0277307405635879 0.173250096038288
0.0402326088308122 0.119125526398698 0.013297831832703 0.0838291941530301
0.0744097268636143 0.0478802575692622 0.0619572162110823 -0.0573821771341015
0.066960327073492 -0.00924451174390433 -0.0554272576241518 -0.106162792625344
0.0288521320755134 -0.0451359348225804 -0.145734743792144 -0.00392118127372063
-0.00160309483588284 -0.0572133696230434 -0.0847104468883846 0.108531961868868
-0.0352799511911297 -0.0437486304899319 0.00650467774537085 0.10841357342659
-0.0446207735213137 -0.017227105454063 0.0488480826512589 0.062250434396556
-0.0498105052377832 -0.0119697966242776 0.0613615625924005 0.0225746492386785
-0.0508419308612622 -0.0149641915541275 0.0704864237068307 -0.0105614245970019
-0.0581456081648068 -0.0504517991621473 0.0901482824290229 -0.012161543855451
-0.0160890152627779 -0.0884398958750426 0.102869390163499 0.0213639019599843
0.0448695014279267 -0.0813420197365249 0.0735089270966916 0.0795764196119692
0.122493924372793 -0.0209189829660248 0.0173839745504596 0.132488802978585
0.123144123172794 0.0918831255203169 -0.0402843936360507 0.133149489325001
0.063267817846989 0.167546406566159 -0.0260349792051001 0.130176870721893
0.0204963439767517 0.162291241312656 0.00638638443932524 0.037450268989493
0.0896869909325679 0.102325975475396 0.0678336006684636 -0.0723343412068439
0.112593823675142 0.0186039988687208 -0.0311304077337581 -0.133569128097909
0.0672272328640299 -0.0646807911915448 -0.138566539446228 -0.0433742050471558
0.00765319763191602 -0.0910345713270854 -0.0986709711737059 0.0708086090494424
-0.0476081342227211 -0.0712163106363364 -0.0216804222383769 0.0884743851702559
-0.0648657560774931 -0.0298073805785736 0.0207375185794382 0.0562095309068041
-0.0685972354762834 -0.0165482956161434 0.036565677444415 0.0173595811126439
-0.066085686585445 -0.0195462385736352 0.0434770040559396 -0.0201807757611498
-0.0740078594554981 -0.0601890705438974 0.0662440107948821 -0.0369689312064863
-0.0298162787530858 -0.107633334564229 0.0969550415474448 -0.0205392496799587
0.0419366696526579 -0.109679102916863 0.098382640731277 0.0391316091288858
0.145695932528343 -0.0426524938706027 0.0488702778324161 0.110248410451821
0.150536341255257 0.0986039291430555 -0.0275272128050787 0.119283728887348
0.0726006841905037 0.189428152122052 -0.030531823304407 0.077446932798516
-0.0056176401022939 0.177494746031817 0.0060350414613187 -0.0264837667182801
0.0805984366739322 0.142969449545416 0.0703228633974369 -0.0946098006362399
0.133434012755917 0.0535186434007913 -0.000246455660669802 -0.152976062097026
0.0991063146882529 -0.0639379168640663 -0.109910934577208 -0.0843486761560403
0.0210016352468748 -0.107466406277202 -0.101121338580909 0.0179810623681799
-0.0489719682884133 -0.0887408396456465 -0.0511166665317774 0.0551647265913193
-0.0749245553390628 -0.0396697167659046 -0.0128653192762249 0.0424854435088268
-0.0771711846145787 -0.0184549815963523 0.00720157431507712 0.0102913425427445
-0.0713783506363817 -0.021247105551039 0.0132924672158482 -0.0285450661612315
-0.0790150159036091 -0.0609812958858109 0.0362084037724015 -0.0566062743472858
-0.0372586954020962 -0.11110259316397 0.0794486362533393 -0.0563246236990833
0.0345424123398703 -0.118487059221392 0.107686121853054 0.000422746706434888
0.145629581660723 -0.0523392111160296 0.0668590128411727 0.0825019993467282
0.149244095904591 0.0941836213050949 -0.0225811921695173 0.101580210773624
0.0682509786332412 0.183781013499587 -0.0380864401991857 0.024105178078813
-0.0278580285774156 0.157931228959861 0.0123451007381808 -0.0941469762949449
0.050060613333401 0.149200676421497 0.0717924619809353 -0.116151520423343
0.117321651324758 0.0756130208416236 0.0301538094091533 -0.15757013371151
0.104781592642326 -0.046244757051814 -0.0674690854620192 -0.113149699857402
0.029929531860009 -0.0996121799414026 -0.0897646301951744 -0.0348432392828234
-0.0408581911759751 -0.0879594264421364 -0.0747206846219206 0.0156343546292622
-0.0708576742184229 -0.0415096032401771 -0.0461222741782633 0.0248736574969871
-0.0739031422556852 -0.0186387006195224 -0.0229289270163165 0.00106360214318209
-0.0683855169143936 -0.0200523098631788 -0.0168111701616225 -0.035737380408421
-0.0718368145297417 -0.0562970478116524 0.00880680496670068 -0.0699998116824364
-0.0330124874576388 -0.100712543133262 0.0599209763649718 -0.0807065963390931
0.0326018871664655 -0.107106657298064 0.105995564617047 -0.0268932092562721
0.129843656269435 -0.0415321264352742 0.0724684035101895 0.0598365598955624
0.121385771569109 0.0904308708859241 -0.0216443817396479 0.0833602126416964
0.045595442340856 0.158049738777859 -0.0434048740310923 -0.0237036650395666
-0.0384901323936479 0.107784535726766 0.0183093577414134 -0.151200950416102
0.0140856780366469 0.117029743916238 0.0717489934374602 -0.131045950219893
0.0759660473546321 0.0715548418150264 0.0514415609642137 -0.150680060139051
0.0806997279719401 -0.0228729338576865 -0.0274496838989762 -0.124754194625731
0.0277601241244152 -0.071441456730901 -0.0751502984503087 -0.0743628870500303
-0.0263239605138342 -0.0688323792382414 -0.090891703806911 -0.0168255558118071
-0.0550600733355703 -0.0355433390007391 -0.0723198330628254 0.00820732961844451
-0.0592542164663597 -0.0157531237212218 -0.04757446851033 -0.00727391442140601
-0.0558773104644442 -0.0178322887063345 -0.0411720068534538 -0.0424778129894261
-0.0564446922306831 -0.0464561622351446 -0.0119922129305702 -0.0800506000832225
-0.0215781193406802 -0.0814139367289825 0.0455479387140559 -0.0973633048817419
0.0356039286886753 -0.0826503123803828 0.103660824198952 -0.0420323974146167
0.104744657406526 -0.0169757054960286 0.072855687329124 0.0448954013201011
0.078242976371935 0.0852991582766637 -0.019994887440377 0.0669657927529186
0.0121787273948856 0.116621741144502 -0.0414130384241582 -0.0613987225561234
-0.0402758222138251 0.0382462912186385 0.0185627275646918 -0.185487506211741
-0.0169355609898081 0.0609259916325306 0.0665941696199664 -0.136326534244742
0.0270087482554432 0.0450126092801831 0.0561319392808257 -0.140611033738568
0.040025742149476 -0.00363965255878511 -0.00720102619052469 -0.126729788751584
0.0168975318495302 -0.0329315778329907 -0.0667952326249628 -0.0922584788615109
-0.0089882329477404 -0.0384321908385887 -0.0991157806412638 -0.0339318136852203
-0.0297711308746009 -0.0234632301673551 -0.0887149386378034 -0.00305917549117966
-0.0361245136998169 -0.0115023081195947 -0.0643847542926918 -0.0146193001666862
-0.036922781327066 -0.0138674636035025 -0.0566726095073376 -0.0483955537148229
-0.0368277079483941 -0.0333748942210447 -0.0236875764364422 -0.0884322315320933
-0.00929685223144522 -0.0561100617097902 0.0391768854105756 -0.107609521476539
0.0363879889706254 -0.0531936010611397 0.104303991958898 -0.0466485341624144
0.0732926508890295 0.00879489569085678 0.0728222273665434 0.0386740760448733
0.0293514542538848 0.0723162744795015 -0.0166668089711971 0.0536475486247375
-0.0225584785459768 0.0645887599512013 -0.0306494761845411 -0.085428439736172
0.0402456344671036 -0.00587129640424936 0.0440240956344254 0.0995090759580829
-0.00159860109602395 -0.0330767074784969 0.0408981974491967 -0.0531125500981683
-0.0296250205002386 -0.0137845351226651 -0.0796446422233996 -0.0486367472975972
-0.0155724725960482 0.0200324909656826 -0.113941997865977 0.0508610826162898
0.00525071785709256 0.0160987347782474 -0.0327903998370593 0.129486567709968
0.00867597246384617 0.00826266971031062 0.048494695660763 0.0992650008589033
0.0108511740088922 0.0045400068679592 0.0719713788549165 0.0451892660514405
0.00499641131498053 0.00299284432357562 0.078383233483328 0.0108596035535985
0.000800890393093101 0.00556775027891705 0.088048822900506 -0.00558376059486098
-0.00818738984631218 0.00480725569906024 0.102474826383333 0.0141569724577417
-0.00843483189783559 -0.00590631183159915 0.0835888599380229 0.0677212139674211
-0.00261162567496255 -0.011764437177852 0.0248028307947579 0.114288584134062
0.017301847061182 -0.0238202129580246 -0.0228561553112846 0.13812567602328
0.0411440256748925 -0.00359436248308954 -0.0515541086146995 0.145013842345708
0.0459007779195808 0.0334997939917879 -0.006211621918548 0.193739124380804
0.0550172512786616 0.0525751019934585 0.0307083027096956 0.0940174268752307
0.0398461272718387 -0.00555270393908427 0.0448058093314015 -0.0536287613515859
0.011175120318781 -0.0218656831832738 -0.0765983985051203 -0.0668996099626663
-0.00346730304369695 -0.012627778578999 -0.127145524185559 0.0400839684550333
-0.00474716230918878 -0.016670922995797 -0.0473059225407524 0.128519193935033
-0.0154009006753776 -0.0120507768693227 0.039034834014781 0.105483912767233
-0.0166849045346658 -0.00205496596316248 0.0686781836614982 0.0511736901886974
-0.0229884054784294 -0.00121997028522035 0.074496872413864 0.0128259257039063
-0.0268034682898443 -0.00323762333135255 0.0812751854520966 -0.0111266286106848
-0.0361450880192493 -0.0226614349950743 0.0974267956944579 -0.00126953493781739
-0.0130493106986843 -0.048325216305878 0.094263926620294 0.044415612058504
0.0250025930937744 -0.0449789220477428 0.0486737657722807 0.0975189992039024
0.0712647996492581 -0.0187909484040845 0.00101024793769067 0.134188171907384
0.0836804637816773 0.0459768249961293 -0.0340445574191155 0.140276031693746
0.0631344505536677 0.101307177288776 -0.00530723902767133 0.170801996258714
0.0554147366427508 0.110053217131446 0.0170433502534117 0.0684886737812842
0.075285526658886 0.0364769633626532 0.0490302902021975 -0.0626222150766824
0.0604989653880201 -0.0165722765033529 -0.0684163850901923 -0.0942533797843726
0.0216584014090001 -0.0448425611244682 -0.138910065262687 0.0156138728168369
-0.00844290982402489 -0.0532708548504687 -0.0670831824925353 0.114606805294584
-0.0375030313884253 -0.0366366263011838 0.0183513213639677 0.103762839092581
-0.0431976488628874 -0.0109939208238191 0.0522510340943724 0.0548890981854289
-0.0479793868758383 -0.00483998129247628 0.0595424580733547 0.0130123626732842
-0.049625108943656 -0.00821208736306736 0.0628407343730034 -0.0182619311181264
-0.0605306394036739 -0.0399545228299344 0.081265472355196 -0.0230639207232641
-0.0271840623795296 -0.0804320008113783 0.096907605067486 0.00761706665770494
0.0331573510823084 -0.0811497345922905 0.0768376313188791 0.0653374176393744
0.111898739852347 -0.0358282812962326 0.0334506875415234 0.11999337963602
0.12587630268095 0.0696701006678842 -0.0162080134109067 0.130241820410285
0.0809776211870693 0.14697601748491 -0.00814541621165204 0.130823208834997
0.0412385565456219 0.154119114100652 0.00610947604237192 0.0217841878528422
0.0954508661469943 0.0862211490877124 0.0519052516204331 -0.0793713272246301
0.106976999713542 0.00413190594777859 -0.0505491111880547 -0.124813720714815
0.0560536370739414 -0.06721065013452 -0.139009554253897 -0.0230445870364962
-0.0040854698442095 -0.0863688120897166 -0.0866100113283183 0.0811298135272372
-0.052502752090269 -0.0609913993576809 -0.0111874595390859 0.089183074867992
-0.0635452238694955 -0.0200468804252856 0.0247222558857466 0.052418258762347
-0.0654386701332475 -0.0070704156655162 0.0360182393176034 0.0116726406643757
-0.0636712747737091 -0.0110123569568785 0.0363721203074319 -0.0235001872120014
-0.0769012313034812 -0.0475035401309096 0.0543991488668251 -0.0436584516735603
-0.0426041275648741 -0.0967690489642069 0.0862438694094591 -0.0312051839501296
0.026131779400532 -0.107257780090521 0.0950144558619787 0.0246178629829853
0.129953662016971 -0.0594366851890782 0.0603826515230667 0.0950425194554846
0.151032836544598 0.0728028403850001 -0.00432902845384001 0.116018066399804
0.0926741098680162 0.165758006791893 -0.0183570201862063 0.0831851910828966
0.0173758094539202 0.17149595303092 0.000700906868940391 -0.0398249733015861
0.0908553610211828 0.12457634992397 0.0526877813716798 -0.100757671153599
0.130577182186615 0.0342098786977393 -0.0233573911208225 -0.149096233562364
0.0855372441846437 -0.0703313272121602 -0.118433676555536 -0.0654705773202119
0.00714616826142964 -0.103460934901344 -0.0967919399380282 0.0322055659865625
-0.0557694497897943 -0.0771693532887167 -0.0437555079521444 0.0610539345490313
-0.0733543155519404 -0.0278624322516825 -0.00865444577466527 0.0443218964385878
-0.0737813255624139 -0.00797580954856761 0.00751900654387794 0.00800897043339794
-0.0696437633504334 -0.0112476194242441 0.00698219668076942 -0.0273866882413523
-0.0805941785769784 -0.0470152746266147 0.0247054831238412 -0.0577382049595673
-0.0487760386555528 -0.0986739541663485 0.0657537672064343 -0.0630632723845499
0.0178407979198155 -0.114128136203897 0.0983697184075111 -0.0138801957827025
0.127914093930794 -0.0687664955034562 0.0738503604241115 0.0670963335341942
0.149403063904376 0.0689163984048031 -0.00102452634238389 0.0997089474910121
0.0868637021403569 0.162375809270465 -0.032260595329146 0.0330244630978515
-0.00644440943374215 0.154670274398683 -1.9058019974216E-05 -0.103241146676119
0.0631999335457315 0.134606241338238 0.0525633296622976 -0.122357108117779
0.117836566126116 0.0571061421604674 0.00595982540265337 -0.157454212494533
0.0929836843794994 -0.0541689342878383 -0.0818994435648358 -0.0992513889170017
0.0162575671419314 -0.0970061144786346 -0.0931898943924968 -0.0198828940341053
-0.0480532151758876 -0.0772930142057248 -0.0707923227769802 0.0275398515480006
-0.0704660245907168 -0.0305388753414596 -0.0425506220259199 0.0312938938012555
-0.0707416100228887 -0.00899877798609178 -0.020987724636188 0.00385022392118571
-0.0655789979344432 -0.0106405956069716 -0.0214166964873869 -0.0308504090165626
-0.0729920523474151 -0.0427184663725079 -0.002581171144123 -0.0668842198277535
-0.0442968699424546 -0.0891649683278648 0.0453732949292857 -0.0835648774034415
0.0172692282182786 -0.102799321548302 0.0947615524559582 -0.0389321039138831
0.114701903979196 -0.0560216285875705 0.0768470150747854 0.0449471988312161
0.123410226787382 0.0684180370820803 -0.00306426638370216 0.0821099978915815
0.0619554022630877 0.140379483203795 -0.0432742389422902 -0.0121237846601646
-0.0245559255755355 0.107500297141126 0.00167822600746429 -0.154153013019198
0.0250646521477603 0.108062155636037 0.0523217192162804 -0.134621045463278
0.0785145815303496 0.0580121246654268 0.0280651012060371 -0.152522429118824
0.072993989903372 -0.0301569415776988 -0.0448950997069877 -0.116796782447321
0.017795721153209 -0.0699920651414681 -0.0836596858291342 -0.0601517731126611
-0.0325753082539454 -0.0611933974687736 -0.0897175777764041 -0.0025536349083901
-0.0552414427645765 -0.0262030736434937 -0.0689768814548969 0.0182962042715693
-0.0566710898906189 -0.00746341217763324 -0.0456236825311505 -0.000734443084913581
-0.0543481703545142 -0.00951858102226506 -0.0443938140785995 -0.0343091649151388
-0.0581765900491989 -0.0357699002760322 -0.0228894490371999 -0.0735699945884616
-0.030957939150629 -0.0721210079323857 0.0296280117967426 -0.0973779705949053
0.0220956549276982 -0.0809542564084288 0.0914415797429632 -0.0531047206310801
0.0946135191417325 -0.0306452268584296 0.0752333853121066 0.0317591650620728
0.0826966132909314 0.0687312137868678 -0.00501184574991939 0.0673148628124983
0.0260212465137708 0.106612497210868 -0.0464577029512643 -0.0495186179711382
-0.034407592813059 0.040949435282799 -0.000709671667388355 -0.18097996408538
-0.00953628229141003 0.0583048099277522 0.0471917170596045 -0.137437537522299
0.0296129009175214 0.038209775928706 0.0359346360872851 -0.142250740128553
0.0367882956827107 -0.00768186835705567 -0.0239246593048984 -0.121041545283479
0.0126126753623483 -0.0328493810765295 -0.0765498055915414 -0.0791534125339282
-0.0131141327878692 -0.0344698334868625 -0.0984631728061691 -0.0189148134786951
-0.0306241080599013 -0.0179981021139105 -0.0854410373614402 0.00984106937001848
-0.0350691358600804 -0.00597489569590677 -0.0617749294381767 -0.00496992998738252
-0.0365484139936387 -0.00832229139784682 -0.0598906458250609 -0.038524853501393
-0.0374282430302862 -0.0258739902300933 -0.0340898872666522 -0.0805846839257347
-0.0160497917666903 -0.0499627669973883 0.0236428662414297 -0.106097580737881
0.0260846043742429 -0.0536080597129416 0.0925864401985332 -0.0575312490354162
0.0683677010993768 -0.00177717362098084 0.0746084833901634 0.0273452746097143
0.0366455342423587 0.0629194384984113 -0.0059414750458049 0.0551139683946734
-0.0135165955997244 0.0624837606686279 -0.0396893457806675 -0.0748866879599327
0.0383537820902568 -0.00515644410969892 0.0405537163717925 0.0951965235323346
-0.000622204716353907 -0.0310723308892733 0.0390112403083552 -0.0490776049435463
-0.0284523798668124 -0.0130504209713005 -0.0747222314953218 -0.0480821206672189
-0.0153424834737161 0.0189112806935531 -0.108901800141566 0.046002010791734
0.0053276068158726 0.0150147493463267 -0.0322369128001608 0.12200701301295
0.0079789697293615 0.00783805775738539 0.044708440228361 0.094344160838541
0.00974677307173535 0.00423213947378888 0.0665464344325062 0.0438685400480891
0.00444859642585779 0.00230344550463038 0.073323199314909 0.011239775572555
0.000870042305645923 0.00470010862044556 0.0824179776443943 -0.00532387143579166
-0.00797629786533291 0.0042101135451948 0.0965721566223898 0.013959465191142
-0.00799548608636153 -0.00566613540019331 0.079279288829217 0.0644589391913088
-0.00224723549885399 -0.0112748872415364 0.0220547575488379 0.109994978724413
0.0162920800904767 -0.0221353511876814 -0.0234767677341057 0.130159120259006
0.0390472702580904 -0.00326109988423143 -0.052306326184264 0.136602415989396
0.0438337789448552 0.0323241664049555 -0.00880406703022327 0.1836745665588
0.0523438173803145 0.0505986017824257 0.0284332441887243 0.0904229990982516
0.0376744908554415 -0.00520883340766182 0.0430294891235025 -0.0496870263170675
0.0105103557804497 -0.020508464013031 -0.0719026358922212 -0.0650890866419048
-0.00341242544585055 -0.0113120564960705 -0.12120847478409 0.0351499501958615
-0.00398737090083363 -0.0153065597798579 -0.0459006198422123 0.12079348732831
-0.0146839899082831 -0.0118229974175415 0.0355499426478485 0.0999381952893886
-0.0159031073171218 -0.00201681240581647 0.0635568652529913 0.0489671225118763
-0.0215183932182775 -0.00156678437141876 0.06960110969131 0.0121806232530633
-0.0250736255428694 -0.00359803196982881 0.0760475969038209 -0.0106033407891441
-0.0339636286566837 -0.0216463020006751 0.0919258404970284 -0.00170071278868681
-0.0125733342548713 -0.0456247652084123 0.0893922418329235 0.0423618854587214
0.0240043747027297 -0.0428649772920508 0.0451437680092289 0.0945140939807292
0.0673562076916507 -0.0171638409494871 -0.000634666303179849 0.126805833241787
0.0787818629719933 0.0442491817431315 -0.0357029648132195 0.132068495185997
0.0589875476576285 0.0971157061329165 -0.00807677293873292 0.161742460763321
0.0515639161908726 0.104588900551049 0.0154749668111158 0.0659504688049124
0.070785926858894 0.0348172418257642 0.0467759902236617 -0.0582017745989588
0.0571051625628438 -0.0153178728283192 -0.0636352158061756 -0.0909043478328404
0.0206088028911129 -0.0417206902984004 -0.131686863495968 0.0119246637599744
-0.00767117545295672 -0.0506027968396604 -0.0650528092476232 0.107691747288828
-0.0352682557837739 -0.0346911370086047 0.0166816166359263 0.0982941896958381
-0.0407872945351615 -0.0103532828100695 0.0483269569187581 0.0522164047078677
-0.0451768509344684 -0.00466493656070596 0.0556501585807237 0.0117515314168839
-0.0470625201289908 -0.00858994427577218 0.0584969518449274 -0.0167978245638683
-0.0573895397838269 -0.0377330896768871 0.0764429032831801 -0.0221168900652119
-0.0257593439498194 -0.0759802960015406 0.0924175160504934 0.00730212280976757
0.0320269138893765 -0.0764180428075164 0.0723017913196878 0.0643413676001367
0.105752744158069 -0.0331527727566155 0.0297270573458791 0.114923821587447
0.119059581873027 0.0678451581901239 -0.018000643708477 0.123431980632512
0.0756042355584413 0.140707881912091 -0.00986284034165082 0.124454203368083
0.0378122756804659 0.146247927517997 0.0063276029707455 0.0220306712797639
0.0894962364010776 0.0821849227868362 0.0496122413705319 -0.0741039331705309
0.101237992921233 0.00444302347419039 -0.0462241427167167 -0.12024332241581
0.0533640286587254 -0.063123583782662 -0.131169209997769 -0.0245123868173763
-0.00352327761251765 -0.0813420779827475 -0.08358326618153 0.0760160141342267
-0.0491705588833987 -0.05783058271625 -0.0115452872761179 0.0843166209150117
-0.060383711190187 -0.0196240835898552 0.0226981717859163 0.049863237246867
-0.0616435696085985 -0.00713452057244186 0.0337319685975071 0.0107482541757822
-0.0602234013294872 -0.0111818300892173 0.0339164943698909 -0.0223166226941464
-0.0724301431818658 -0.0445873165367916 0.0513225096245561 -0.0413139827528002
-0.0403602432860771 -0.0921205071908279 0.0820366563885059 -0.0300948450506465
0.0254959010443222 -0.100984860355054 0.0891176752537693 0.025307110546464
0.12344536923045 -0.055766513989316 0.0556096760241995 0.0920530573845862
0.142904914629784 0.0704171780287988 -0.00644968276628877 0.110402965436024
0.0862425813985346 0.158690270870926 -0.0186130192164236 0.0787348464806351
0.0147117778028599 0.162557517036143 0.00150582980537748 -0.0365192388373122
0.0846509371286172 0.119358760941069 0.0510559305805601 -0.0946048713339477
0.122485604785112 0.0339430643394583 -0.0205077026148906 -0.141965928351606
0.0815663082141857 -0.0659323368209088 -0.110474081947491 -0.0654776680453084
0.00671153544939689 -0.0971405591513476 -0.0921969243590587 0.0284737762531464
-0.0525371977114067 -0.0725004640208138 -0.0418090801492212 0.0583185395090954
-0.0695047532987623 -0.0270482643618425 -0.00849056260067033 0.0417381610369666
-0.069262203947895 -0.008389251548811 0.00687336623244412 0.00726648334057895
-0.0652704413127995 -0.0116914631054253 0.00631258408771126 -0.0262239164514782
-0.0760007492701642 -0.044650358848124 0.0235039884701568 -0.0551627508677973
-0.0467288944082757 -0.0932949836123296 0.0626938706254501 -0.060370861071195
0.0174119553344313 -0.107662578731018 0.09316017330552 -0.0110239546699414
0.120736810376777 -0.0642519691010635 0.0694119737760624 0.065975235793449
0.141143834275767 0.0667984805500283 -0.00314946181890327 0.0950143118519329
0.0805913479042905 0.155075703292119 -0.0311362995216565 0.0315888790991787
-0.00780997657051896 0.147159981280749 0.00227329779939922 -0.0973388475985331
0.0581204202511644 0.128119557205642 0.0516695799850493 -0.114146212687741
0.111106055853446 0.0551524974428141 0.0076184052375815 -0.150322419043886
0.0880585443257956 -0.0504928230900532 -0.0753928456431138 -0.0970992455976372
0.0159076959049204 -0.0913797371158501 -0.0892807207022533 -0.0207310637711842
-0.0457469409914184 -0.0731122580999886 -0.0681310678306178 0.0254877249874631
-0.0664285348228362 -0.0288066885165945 -0.0401178416530204 0.0300180103038106
-0.0661661563869031 -0.00842556217117338 -0.0194920703594445 0.00322602032064795
-0.0617373047725558 -0.010842847624421 -0.0205326559747086 -0.0297422009047828
-0.0688300412068361 -0.0404661436025261 -0.00165484856010232 -0.0639082473268289
-0.0418886733112639 -0.0850798528508649 0.0431016746294837 -0.0800026800870603
0.0169096792915061 -0.0968029466101004 0.0901640778401853 -0.0357987933508082
0.108788302126184 -0.0523841291210799 0.0722432967400435 0.045260171007742
0.116309241461378 0.0659575502251194 -0.00400487569610497 0.0790525084117211
0.0576645489162765 0.134875479975951 -0.040870027873619 -0.0119112670488273
-0.0242944806902734 0.10121162519934 0.00414606513484481 -0.145778414069036
0.0226408837433885 0.103313757935184 0.0521339868522217 -0.126328021950129
0.0736940672394443 0.0553738749172508 0.0287003686455015 -0.144222419886234
0.0692308431148229 -0.0274031902281728 -0.0398959850491674 -0.112506232097182
0.0170326790658904 -0.0660984871394841 -0.0794291397590071 -0.058405122631305
-0.0307716027549587 -0.058259666204913 -0.0849783775164226 -0.00255083013817417
-0.0520896217474651 -0.025076948608547 -0.0650720355934008 0.0175163946726051
-0.052916385131024 -0.00714626297434766 -0.0424000431104453 -0.00155680828053419
-0.051387460874014 -0.00949918755810551 -0.0417030228075109 -0.0328846234086935
-0.0544108504435146 -0.0339211300342751 -0.0213426082719188 -0.0702949247965421
-0.0287522605787891 -0.0688814897055785 0.029315369441832 -0.0924093572660349
0.0216971594433324 -0.0757237984416932 0.0871268883683033 -0.049162476343093
0.0893861356710225 -0.0277856181202171 0.0707303205817354 0.0325704157093447
0.0780867224266374 0.065632369183215 -0.00604130935006445 0.0641014755767011
0.0233624968279203 0.101837623407268 -0.0434696075638009 -0.0468591879742183
-0.0329986576875514 0.0383430348664529 0.00151807906016768 -0.171660995672334
-0.00926263893005736 0.0553335264783267 0.0483776042314724 -0.128779373584686
0.0273587670968846 0.0364162746245133 0.0365043596896941 -0.135070215804776
0.0348205916208295 -0.00709045420215364 -0.0204959787578008 -0.116186480236645
0.0117730057289162 -0.0310630475854793 -0.072658837566515 -0.0766723750789484
-0.0120118036039229 -0.0328152153021276 -0.0934218141083007 -0.0178126548481425
-0.0289781786564011 -0.0170291845014293 -0.0800579348898397 0.00864442423372168
-0.0321895795761287 -0.00576587876192234 -0.0582868911378723 -0.0057765390859475
-0.0343291877743861 -0.00768699272380807 -0.0553973287181709 -0.0372010566678326
-0.0354537011088434 -0.0237874226360984 -0.0312301576823834 -0.0769482251198747
-0.0145883911053001 -0.0483401647166629 0.0230640850551888 -0.100900938988013
0.0249527214801227 -0.0505188609135474 0.0882062274147891 -0.0535351338249481
0.0644778315722769 -0.000915604023707818 0.0707697503701078 0.0287740843609305
0.033990792514432 0.0594286191911116 -0.00621270182902535 0.0528417939715915
-0.0130207576633299 0.0586233341668717 -0.0372471978988124 -0.0711751703247961
0.0382010848663061 -0.00363816648413327 0.0360701467741594 0.0943189727234401
0.000325649584971892 -0.0306232755702414 0.0399545466047102 -0.0459299660023023
-0.0275306425725313 -0.0139106339696669 -0.0706470190804642 -0.0495968615891781
-0.0152138834761793 0.0181895791103831 -0.108500714075067 0.0398233117102537
0.00491066962830658 0.0143204648544208 -0.0355806124121542 0.117554989927589
0.0075136982552338 0.00781767309968301 0.0401309062341929 0.0934368180723212
0.00939716567544682 0.00443481029981319 0.0620721302063193 0.0452398892962026
0.00416104828128593 0.00273473310090144 0.0705884852519235 0.0131036026459584
0.000720857439496364 0.00472077288378818 0.0798198745409434 -0.00276245872014701
-0.00805909930585406 0.00353993377233151 0.0930810635435137 0.0159776014356324
-0.00747451608358582 -0.00630002438861796 0.0749182232711529 0.0660014856548161
-0.00179480232307492 -0.0112299359925624 0.0175708341213947 0.109243358858591
0.0165841727287816 -0.0208488425922373 -0.0285056969757881 0.125409885189931
0.0377151827750813 -0.00193969727389232 -0.0581694527132506 0.130642736128637
0.0415109792320048 0.0332024282615813 -0.0156487283488352 0.178265949278187
0.0495823752472831 0.0512665575934574 0.0246498396872871 0.0891550020166238
0.0368682252503596 -0.00376757061500217 0.0431977632562937 -0.0458743371636293
0.00983045846429038 -0.0192684612734643 -0.0675210708458875 -0.066253797089451
-0.00318900324213221 -0.0108836586608481 -0.120016713139256 0.0290242128646562
-0.00328063405191711 -0.015238034622493 -0.0492444966040407 0.116123764597697
-0.013503025824643 -0.0116528613856272 0.0309816522305256 0.0985005314767489
-0.0158922132622607 -0.0019789401456252 0.0588076609535551 0.0497289855963415
-0.0209988590358333 -0.00179281424472558 0.0671909492113308 0.0142348216514016
-0.0247163207477988 -0.00477095626292645 0.0730083245665235 -0.00793152208932538
-0.0322326925944761 -0.022319152890764 0.089389413572 0.00069781825772673
-0.0107700017310456 -0.0448661183898499 0.0859054191143663 0.0448099269474844
0.0252076028080642 -0.0402113185841932 0.0405614894102988 0.094815495346181
0.0658976426642743 -0.0136012864307927 -0.00607688101101263 0.124023767785695
0.0752360692317268 0.0457636261299851 -0.0415617828906443 0.126850468432284
0.0544135520400314 0.096968049255384 -0.0139478624440704 0.15736884696816
0.0470068235197039 0.103604249832149 0.0128423279609406 0.0654321447849316
0.0675817602244919 0.0366956206825282 0.0474609218062505 -0.0540200254544446
0.0556504251832086 -0.0132070991040749 -0.0584907315166691 -0.0921462261768773
0.0213724988551177 -0.0393746486522276 -0.128285542252812 0.00621733761770921
-0.00621519223094857 -0.0491599636400613 -0.0670092581205223 0.101721610946416
-0.0333093245657707 -0.0347816217429526 0.0123060676962049 0.0962150734427276
-0.0395710555026601 -0.0115349762496214 0.0446224062204429 0.0515512364054597
-0.0432586048860337 -0.00618199053401573 0.0534791847558861 0.0135372742796406
-0.0451033203844097 -0.0105958646195363 0.0570060647935633 -0.0152566326637024
-0.0546268353355574 -0.0385404697888732 0.0750493725130206 -0.0196511052087253
-0.0233750540720814 -0.0747199526027565 0.0901024995307297 0.00930701405772908
0.0337821068101767 -0.0732226338146086 0.0674768169678116 0.0667548588794543
0.103653715738025 -0.0280541350413669 0.0244301602058667 0.113459553088473
0.113758364767926 0.070200141973322 -0.0236031598437018 0.119956783562835
0.0691425634968683 0.14064650675265 -0.0148124912061078 0.120997292741782
0.0317142827609011 0.143845095974297 0.00531166138764423 0.0222677690761299
0.0838283087575975 0.0831924992397888 0.0518835258419872 -0.0693892435085336
0.0976827431191803 0.00762503608886384 -0.0401855015349809 -0.119946816995389
0.0538775290360506 -0.0592165113720086 -0.126128558923294 -0.0298479239869672
-0.000922562761475171 -0.0788840636911036 -0.0838407899297708 0.0698679790859935
-0.0459992068236506 -0.0573607854805574 -0.0146550497577643 0.0816827305829431
-0.0578306141775294 -0.0211402491614261 0.0204453136788272 0.0489220793894249
-0.0593707627364692 -0.00892337627243658 0.0323477747132047 0.0113406182607967
-0.0580699284026772 -0.013362105746195 0.0331908499942539 -0.02084289374931
-0.0691655696533028 -0.0456418149350487 0.0511572073874578 -0.0392498949543127
-0.0371751576441965 -0.0907826513336635 0.0812009984862908 -0.0274968952029813
0.0282102071668493 -0.0976423718799511 0.0865943139002023 0.0289349941906307
0.121040518863408 -0.0495143288917222 0.0502977343880109 0.0928712893008511
0.137160425261269 0.0736266522017308 -0.0117502653577098 0.107834517876639
0.0788855428133549 0.159199819111043 -0.0209433325524683 0.0763563336563
0.00862286153790426 0.159257972472867 0.00305456733037772 -0.0343690475121065
0.0777346038485467 0.11908507545197 0.0532944847294989 -0.0884821116684888
0.118137337917592 0.0365270035526149 -0.0141184191121769 -0.14040926656694
0.0813845513592876 -0.0609704907747776 -0.104832881070267 -0.0693998355900906
0.00966361626080548 -0.0943289256314721 -0.0915176284847689 0.0235957529644294
-0.0490636032100916 -0.0722125602946739 -0.0429411078857038 0.054951603790427
-0.0668012176483658 -0.0280052499308698 -0.00889505481630951 0.0403957193094692
-0.066428999738779 -0.00998967157676427 0.00619320112881624 0.00712667881361393
-0.0630762379707179 -0.0132268746404791 0.00642450713215766 -0.0252798106939332
-0.0724512434891758 -0.0455083062209874 0.0245299306556077 -0.0531251927029868
-0.0430820002809462 -0.092184111226108 0.0633187285421889 -0.057348791203587
0.0204812090795905 -0.103933264851232 0.0915874624493337 -0.00636184530145165
0.119417847167645 -0.0583452970482111 0.064527941707814 0.068407248127858
0.136187718570432 0.069992979681436 -0.00735895307935135 0.0932989969946824
0.0734709975416212 0.154089118361506 -0.0310999764931193 0.0301104252589231
-0.0136762948451572 0.142608597968639 0.00594814225965453 -0.0936708063729962
0.0519942350267734 0.127046943234978 0.0554491029678427 -0.108371658463353
0.105239215671249 0.0571640684261768 0.0138342295249347 -0.146751135292599
0.0875646497007557 -0.0457009312098335 -0.0687481556454174 -0.0992139656770644
0.0184828010254963 -0.0880669162753817 -0.08672863532623 -0.0247192345085042
-0.0421217213504563 -0.0727531244673693 -0.066565523107233 0.0228001974053175
-0.0632387288618537 -0.0302503522763415 -0.0393256207995602 0.027651411795156
-0.0633656785284229 -0.00978057898492445 -0.0194373361655227 0.00240628800195891
-0.0599043727881703 -0.0123578533545553 -0.0194565201964346 -0.0289807931118203
-0.0653228638303119 -0.0417752441233399 -4.27081729100286E-05 -0.0622865663564887
-0.0382095043117269 -0.0836474645448236 0.0447801015580038 -0.0776515723502683
0.0195412099679228 -0.0937847200212626 0.0887571948969342 -0.0311241771139164
0.105971871906135 -0.0469407922984078 0.0686121839792839 0.0486341520708048
0.112099158949742 0.0683941402243865 -0.00726169724443003 0.077602730291812
0.0518473655796672 0.133603956181829 -0.039589216624446 -0.0127113032472005
-0.0272327920539863 0.0983138007188508 0.00946708730051172 -0.141724910558196
0.0182116584946591 0.100987660830989 0.0561212468207498 -0.11984859756124
0.0692836272649726 0.0565412101763973 0.0341903108271457 -0.140366324227526
0.0683557789948314 -0.0242450051667441 -0.0336660212547822 -0.112369614723537
0.0186946552742761 -0.063738236905528 -0.0761857119905846 -0.0615810129643918
-0.0281498852762348 -0.0574944941390851 -0.0830896359667157 -0.00542863617867679
-0.0496005158167368 -0.025823554952286 -0.0636378003101967 0.0153116227327478
-0.0506940011713217 -0.00871131265012017 -0.0409860109830251 -0.00306218749191486
-0.0491592206868875 -0.010999744002738 -0.0395370320847895 -0.0329039716927702
-0.0513035211533291 -0.0349057946604245 -0.0182202079254869 -0.0696091041317481
-0.0261945511740885 -0.067897422982972 0.031579328072917 -0.0901578288572874
0.0233145259941972 -0.0729162690408332 0.086690191606508 -0.0445633000112457
0.0868159329052453 -0.0239284071995228 0.0676040143018628 0.0359959326602966
0.0740067307452691 0.0665460707859888 -0.00840525405781254 0.0632598794384848
0.0193646956189174 0.0994423640148255 -0.040774670167266 -0.0466468735787842
-0.0340778560271399 0.0364069359520376 0.00905289696827242 -0.166820283551841
-0.0109709045175211 0.0533399462953771 0.0526994887085784 -0.122974037745121
0.0254516208134725 0.0366849256823109 0.0411677102860512 -0.130321412562089
0.033699310678612 -0.00483444975342626 -0.0151193872397799 -0.114931036617435
0.0125360014352168 -0.0293852714671532 -0.0689698164332138 -0.077952689497362
-0.0107692999009981 -0.0322574398147436 -0.0902425340059232 -0.0201643167140861
-0.0274641515179499 -0.0168759734249785 -0.0782709495034361 0.00622064559307527
-0.030379434472898 -0.00643681202850501 -0.0563356468726735 -0.00728618977827179
-0.0329600246323517 -0.00809735616734346 -0.0533085606978392 -0.0379989743833582
-0.033355799403805 -0.0243158569163395 -0.0274918535891826 -0.0762311603068204
-0.0128586284852528 -0.0470746455356901 0.0259687437582286 -0.0974947316653756
0.026186439486463 -0.0478602024823013 0.0878102888031809 -0.0485699940306691
0.0619920826717767 0.00119968981828463 0.0672781988355561 0.0310864451781566
0.0311518889767975 0.0590966705789523 -0.00783491957795215 0.0516879552131129
-0.0147222212122613 0.0568600523588745 -0.0334186277591038 -0.0701937862192193
0.0387959126782321 -0.00245580339643649 0.0330880100051525 0.0967812088577625
0.00240088945779878 -0.030779853409355 0.0428751876520956 -0.0445244193019288
-0.0276356827650161 -0.0144407516785759 -0.0691203182627593 -0.0529507045146315
-0.0160161309605769 0.0180636532678757 -0.112416617246262 0.0355798852741283
0.00447921050728446 0.0145032250410229 -0.0399175949494682 0.117752562448645
0.00694294649657996 0.00797546100130301 0.0362323421250303 0.0952394844599959
0.00909524497290021 0.00493528853450818 0.0597266239250386 0.0489811970847516
0.00387745209800481 0.00251750215846632 0.0701899968499494 0.015905321772717
-1.55867794957301E-05 0.00391469157321595 0.0802996585748597 -0.000183040928147459
-0.00859932015703465 0.00317550482344069 0.0933457530876061 0.0189077731362326
-0.00744389472385462 -0.00631426404043625 0.0738434326091009 0.0701182257972588
-0.000757393718613612 -0.0112754882391344 0.0135437521424594 0.112368579354534
0.016885328614548 -0.0200150683459035 -0.0342713099894216 0.126029974452355
0.0377779045364975 -1.02714604862247E-05 -0.0649623863490865 0.12915607547749
0.0411322413733024 0.0349414486302072 -0.0240785653811727 0.179684365134059
0.048656763394981 0.0531638575065115 0.0218900367397421 0.0920702526850877
0.0369654576582752 -0.00229082214437891 0.0461737330190649 -0.043908107752913
0.010840368027168 -0.0190695984938191 -0.0651164398931974 -0.0700715709418854
-0.00260847681912765 -0.0104390698300388 -0.122719032940813 0.0239382004658816
-0.00271321964364275 -0.0154818698760311 -0.0540620134091945 0.114949109269551
-0.0136297027167012 -0.0118292278045439 0.0278814895708292 0.100699645487881
-0.0153495356994274 -0.00280968556174921 0.0563533891339068 0.0528589396535597
-0.0213944761943126 -0.00313764566705862 0.0667246442831455 0.0162598844402601
-0.0249827319873442 -0.00632978852488618 0.0732219754685622 -0.00550367624022359
-0.0323070252624636 -0.0235562328485514 0.0894225078248001 0.00329995818489683
-0.00971736724562127 -0.045439092423864 0.0856633479526364 0.047930083924259
0.0271038557191002 -0.0395172453203918 0.0370292992532419 0.0987352018022703
0.0665695594206307 -0.0113109784817244 -0.0117622103639439 0.125594157513666
0.0744284383152386 0.0496589512490043 -0.048566183697226 0.126246258649235
0.0511782633357262 0.100474898651058 -0.0211839371945133 0.158668027781543
0.0434957976472985 0.106928956933338 0.0113217575513848 0.0676739020971066
0.0670119703712379 0.0393440817018506 0.0506863663032868 -0.0515996992145053
0.0563113605944817 -0.0113588324557104 -0.0549956688011943 -0.0960254103260468
0.0227874856004293 -0.0382557637438494 -0.130561369318636 -0.000193874643709841
-0.00429734396661534 -0.0495730805332228 -0.0717347325703769 0.099727081093078
-0.032340716924591 -0.0361720291535444 0.0086832958269482 0.0972319237620144
-0.0393982476687349 -0.0125478510450207 0.0428597459697826 0.0540942076896832
-0.0435883107531754 -0.00778317769367966 0.052875093167243 0.0151042534135629
-0.0454862959926684 -0.0130169754160595 0.0568547949345338 -0.0130749720617039
-0.0540160275868445 -0.0409588422470247 0.0758550871481568 -0.0183241932596564
-0.0214256791371716 -0.0764066347198894 0.0906676248382373 0.0126712554100239
0.0370154498756535 -0.0730840164450921 0.0658732148813729 0.0713968219519867
0.105969640892345 -0.0244096068272955 0.0191965862537888 0.116946756837022
0.112090479344468 0.0756858331727077 -0.0300601361413831 0.12057809330918
0.0644696262087601 0.145277008869318 -0.0204012411976189 0.12220574253377
0.0270511744412509 0.14667033427879 0.00494726264633549 0.0238545300654497
0.0811227591409343 0.0872402783266536 0.0553520793775239 -0.0662582255985379
0.0978315419971373 0.0117230053186646 -0.0356972729903735 -0.123495705002238
0.0564842554432118 -0.0576060277949088 -0.125803085330519 -0.0363322794821941
0.00180026654067379 -0.0796753465323066 -0.0880339596449578 0.0665918732456489
-0.0447622610283017 -0.0593970059973991 -0.0175285563311115 0.0820153387982028
-0.0576247901733337 -0.023297989826682 0.0192930014466602 0.0497343562191859
-0.059303439522125 -0.0110132088253108 0.031295576971996 0.0122919451090074
-0.0582848825427385 -0.0159531314783957 0.0332900794791091 -0.0196411873233207
-0.0684751158658584 -0.0489342497921402 0.0527795666654323 -0.0386855040708667
-0.035567892694561 -0.0924257214416374 0.0833166559757723 -0.0255606913487058
0.0315431143743972 -0.096697190498281 0.0865399465673409 0.0334528625916525
0.123740192770267 -0.0454875298763457 0.046874218303488 0.0975039961494766
0.136266513881921 0.0796082160521223 -0.0168040129048226 0.109701479665065
0.0742403377632979 0.163695080862407 -0.0251201109498599 0.0765922440318983
0.00280957681913577 0.1613882591872 0.00506195873539791 -0.0342917803225618
0.0736996863531423 0.123309797248947 0.0582409966236302 -0.0864105001202956
0.117754293784966 0.0409486365264509 -0.00858795856550697 -0.143052796314393
0.0839473191624626 -0.0585787091580208 -0.10292782667657 -0.0754776264023429
0.0123691094350567 -0.0952177981498641 -0.0942831324821611 0.0194192578988849
-0.0475834854205285 -0.0746822799793845 -0.0459429039305657 0.054756198423282
-0.0663598643004078 -0.0304459405886381 -0.0106154397877749 0.0403258258303654
-0.0663690827445872 -0.0125867251101624 0.00571168057417656 0.00702378802114872
-0.0630172897472415 -0.0163527339506067 0.00716007852449152 -0.0257387154812845
-0.0720499365532485 -0.0483912468471897 0.0264417502138107 -0.0536697780920735
-0.0409035605555303 -0.0946208145027298 0.0658472186337816 -0.0571376850570296
0.024015821636835 -0.103856942492674 0.0923731879155124 -0.00199362072329274
0.122206794032316 -0.0545624153197887 0.0626508916220806 0.0737142905751649
0.135441733374986 0.07548353959747 -0.0111768978588182 0.0951728257801699
0.0684508786818717 0.159518963657282 -0.0334947118998609 0.0296722195789933
-0.0184581522919136 0.143929650705033 0.0096096962708698 -0.0945040732183687
0.0470350103212224 0.130543587544314 0.0604744818223808 -0.105705451724301
0.104423200547438 0.0619464360503414 0.0194093461067221 -0.1483441314636
0.0902755880457135 -0.0427527728992119 -0.0651162420945226 -0.104574543195267
0.0206196109198848 -0.088203183209863 -0.0877941633502388 -0.0291792622181387
-0.0402131002604112 -0.0744464366887569 -0.0687206849393808 0.0210902333305049
-0.0634576340971622 -0.0322458580430291 -0.0406435508648445 0.0268022420545507
-0.0628288910494741 -0.0120836468156245 -0.0198806393492795 0.00128522549691048
-0.0601252859753275 -0.0148352296090076 -0.0181110016018504 -0.0304782740989345
-0.0651100405464873 -0.0443890933553675 0.00236215805422628 -0.0637666306101271
-0.0364216448642249 -0.0856349501616962 0.0480296963520865 -0.0776370126903022
0.0230766978350229 -0.0931981116703614 0.0912328733473027 -0.0274823192243998
0.108053927958453 -0.0438131455756233 0.0667807102223038 0.053094020149144
0.111214026121583 0.07277044341622 -0.0111416518659806 0.0789839204498007
0.0475690367301339 0.136939856423988 -0.03982121482247 -0.0135017793330853
-0.0312587927016807 0.0984105239192022 0.0157427061361101 -0.142497124663436
0.0146286464293859 0.103098946987499 0.0621483910950387 -0.118080844382596
0.0674083757040033 0.0594706318104613 0.0408955662692674 -0.141157441491948
0.0695439844064717 -0.0221204843117889 -0.0294158931904348 -0.116280853860992
0.0207556516846215 -0.0634061981772179 -0.0753945359405095 -0.0660347039517167
-0.0270956968331378 -0.0588381715306881 -0.0839234649698894 -0.00780175633469938
-0.049183208422703 -0.0276892203896999 -0.0642948567732383 0.0132608112528859
-0.0503982245852668 -0.0101547288162506 -0.041938839255541 -0.00439547181359023
-0.0492283029993687 -0.0127849470333719 -0.0390736414437176 -0.0345925032625763
-0.0507783141522424 -0.0366836496721263 -0.0155586988531007 -0.0714078874192913
-0.0243544075692177 -0.0696762946095247 0.0352834833376612 -0.090655103528681
0.0264808593767221 -0.0723863450018877 0.0891501315824028 -0.0414869071111841
0.0883888524405602 -0.0205529085716339 0.0669928016234674 0.0404690139391107
0.072118210581801 0.069803425339745 -0.0108637313863657 0.063798463022613
0.0158017535661648 0.101910005100222 -0.0393916620987738 -0.048941849987218
-0.0355321075877078 0.0353836013466217 0.0163612407298657 -0.168714394126039
-0.0128850353415153 0.0531988171078544 0.0597216826768867 -0.120872099010311
0.0238859204315898 0.0376413156360235 0.0471332936029467 -0.130180617629407
0.0342530721707324 -0.00384989332353391 -0.010147514708442 -0.118252555107211
0.0135330122206858 -0.0292905405570652 -0.0675333658905445 -0.0823415254555037
-0.0103943359810965 -0.0333735891760878 -0.0910004061022346 -0.0242093202584485
-0.0269304622446162 -0.0182945539738265 -0.0779716800567895 0.00367565323029614
-0.0304615761901935 -0.00728728997529339 -0.056863773477243 -0.0100013479392052
-0.0331896139757609 -0.0097407602053039 -0.0521616448443551 -0.040054154360147
-0.0325289270920427 -0.0253976752392355 -0.0256368278862948 -0.0777405581511752
-0.0107235040354979 -0.0484060578649799 0.0297372480093611 -0.0982910446206231
0.0283628011127454 -0.0471325843955853 0.0909079730677376 -0.0455995622557759
0.0629084798909314 0.00356405470544577 0.066847203458331 0.0356158438507479
0.0294537999217297 0.0607396257944842 -0.0104482312552407 0.0526726263591707
-0.0171974305968269 0.0560527893919904 -0.0309644820391354 -0.0718459725115085
0.041452905992398 -0.00241893536032339 0.033275275879113 0.102197306614677
0.00266698503990995 -0.0323145241802833 0.046294211327815 -0.0458414746548649
-0.0283484927417421 -0.01509752222988 -0.0710330459189923 -0.0571035817126164
-0.0166349257648243 0.0186582841168018 -0.11852216713395 0.0349613800248912
0.00429295904765013 0.0148750075303492 -0.0437762886339116 0.122256373726608
0.00709290801765389 0.00839270970855353 0.0364279341797353 0.100993656111917
0.00973721648872121 0.00436581097403547 0.0606996590329192 0.052747481105674
0.0037895410364465 0.00210874178488256 0.0724372886074851 0.0172840885429961
-0.000446444726746479 0.00355240547222972 0.0827019236847943 0.00118341781749389
-0.00866658880489468 0.00275742365577823 0.0964792947164373 0.0205788676040861
-0.00839786379615045 -0.006558266207917 0.0767454156099684 0.0743956510532083
-0.000390475473506753 -0.0119748467411332 0.0119787707746086 0.11844763786907
0.0178595859632054 -0.0203348892161224 -0.0382072764099685 0.130938106509104
0.0391404785725623 0.000323587277235317 -0.0723604836198303 0.132808415730729
0.0425525147030302 0.0374929261069285 -0.0288193133940751 0.187443500740936
0.0507602155793996 0.0563367290347848 0.0210773284640477 0.0968190696930066
0.038956436271916 -0.0019831490931909 0.0492803864262931 -0.0442827132152479
0.0109910723573018 -0.0196361930045715 -0.0664311600534503 -0.0748305282884265
-0.00241596977097362 -0.0104376601555607 -0.128685733368396 0.0223192469307852
-0.00263216103235538 -0.016462363978653 -0.0582366051630104 0.119396523231847
-0.0144160161570503 -0.0125351403758943 0.0270911260564496 0.10525101014125
-0.0155220871389832 -0.00336825498166819 0.0572763727130481 0.0562022863971723
-0.021945729372252 -0.00331381699992734 0.0685502047153458 0.0177337643883049
-0.0262888735351186 -0.00741837796486753 0.0757231674822171 -0.00481282255103093
-0.033650834064783 -0.0248702123363999 0.0925164212311581 0.00394150951718856
-0.00987240480279063 -0.0478638153502452 0.0891241784231575 0.0505573474765963
0.0295802211592844 -0.0407354388017308 0.0367608193584087 0.104893894373145
0.0691593591920249 -0.0109768312193629 -0.0150479817443874 0.13175531435744
0.0766837034394694 0.0524616009402159 -0.0545131225579039 0.131657883902285
0.0524692471878278 0.105817519532616 -0.025542291782476 0.165854059425522
0.0449332773158622 0.111553574551707 0.0109129620026842 0.072114879799448
0.0686718152145149 0.0420554238663086 0.054336519082974 -0.0517426923912178
0.0584131756619566 -0.0105828784646631 -0.0560796437863133 -0.102389160736317
0.0245263596702689 -0.0388590936318766 -0.136753730148175 -0.00346723119685287
-0.00412858111599965 -0.0518843286398404 -0.0765515421657075 0.102691710110429
-0.0337127584976642 -0.0378662255895799 0.00718650914537187 0.101942308732645
-0.0402618858388021 -0.0134642390849112 0.0426901379117038 0.0559970197437894
-0.0450233282225362 -0.00876327757754477 0.054211778883646 0.0162054313519669
-0.0472651685102944 -0.0142493288035105 0.05841747089904 -0.0126852579109418
-0.0564745114338245 -0.0435397010246954 0.0788629614186551 -0.0183995407179086
-0.0220318134367996 -0.0798546994807414 0.0944745397110495 0.0134845044579933
0.0396343792385829 -0.0754031735833464 0.0674681470902938 0.0769700142361702
0.110220528214643 -0.0245148606136125 0.0178317731620878 0.123709019064655
0.116190417074316 0.0799998412537301 -0.0354642508715118 0.126363372986458
0.0653085163765966 0.153086803004445 -0.023926313308811 0.127392333862526
0.0261854290320685 0.153644556237401 0.00502167496560108 0.0260116366786072
0.0837154447554204 0.0924047867332681 0.0596270613255475 -0.0666315443153506
0.101499365970394 0.0135809162219247 -0.0350545319118738 -0.130736890294615
0.0594788100973315 -0.0584914808842036 -0.13091979500213 -0.0414820178541137
0.00227041324338494 -0.0831558479506575 -0.0939415535662468 0.067487583178357
-0.0468271992940835 -0.0622367070681039 -0.0193749083902795 0.0852089091953764
-0.0593579063020212 -0.0242825863540418 0.0189634507232312 0.0525911801382848
-0.0617370525287538 -0.0123480467054915 0.0323860688966071 0.0129571215538428
-0.0610446988457678 -0.0177789774894332 0.0345009534049517 -0.0203766776489742
-0.0708971294655929 -0.0511548878492568 0.0544968039845129 -0.0399626761562597
-0.0362263094571373 -0.0973299348117869 0.0875813721836294 -0.0265856013845288
0.0341903482255017 -0.100956921118159 0.0892251230986044 0.0372893588423605
0.129270690900841 -0.0461900324640974 0.0468644449553182 0.103836751282111
0.142241409901408 0.0846869315029481 -0.0208809686942051 0.115056026851323
0.0746878877528763 0.173224741385984 -0.026956727174744 0.0805430600336769
0.000634588988415738 0.168391105302401 0.00613718912313433 -0.03461454131863
0.0755531514833305 0.129746164646337 0.0632038578571269 -0.0873711837955182
0.121811425872496 0.0447898294109548 -0.00624814917235118 -0.150760424245795
0.088213293324028 -0.0597293853946562 -0.105893908122273 -0.0821957133598317
0.0135343439233765 -0.0986485945701513 -0.0995405854444284 0.0182954381467615
-0.0493596601840684 -0.0783875400115183 -0.0484792670725282 0.0568727576078472
-0.0693353719853213 -0.0323598889986884 -0.0113896820750169 0.0416898614033479
-0.0680904506529902 -0.0138976181456472 0.00561423702640199 0.0075872529659138
-0.0655394909257011 -0.0181628344799946 0.00736990663583466 -0.0260402674964665
-0.074613316883763 -0.0518634393529807 0.0277871870922268 -0.0564897030921511
-0.0426790299930864 -0.0989875161724102 0.0699712441605041 -0.0597436868167451
0.0267738071464526 -0.107682812891136 0.0963380240850854 -0.000269521835799153
0.127408736333976 -0.0555948310230504 0.0637472213226753 0.0791094154595727
0.141470991555901 0.0810289173845153 -0.014316751791528 0.100101608889867
0.0696891100049134 0.168279448077961 -0.0350005256362804 0.0305621541172892
-0.022062714525772 0.150182255056257 0.0124881071325707 -0.097369683233829
0.0473658766430467 0.136799240871661 0.0658027632505103 -0.107407117902739
0.107923649556391 0.0661700649298695 0.0241705923489204 -0.155069251715286
0.0941883340699492 -0.0432551820079605 -0.0658549294540416 -0.111594501132318
0.0225110346900248 -0.091635993544285 -0.0923267496753257 -0.0328014784543775
-0.0418308249714185 -0.0783091333696523 -0.0719850819611714 0.0212123687219743
-0.0656696075195268 -0.0340690619389427 -0.0422355876189261 0.0273106056853164
-0.0646176855742872 -0.0135836998146275 -0.0210980606306881 0.00148713842443598
-0.0620509846451219 -0.0167761077520414 -0.0190658831480496 -0.0316717921455186
-0.0672156880676123 -0.0470024787707366 0.00258261162877028 -0.0667169376002459
-0.0371516869703547 -0.0903051327035688 0.0509007183344118 -0.0816706524748183
0.0250648533255213 -0.0962159759200529 0.0955838466837555 -0.0268660239294223
0.113331598853273 -0.0436706591626332 0.0693486925310945 0.0581519726827938
0.11539980522491 0.0774764928693499 -0.0128748165001711 0.0838422815192914
0.0483566728417303 0.144295593740719 -0.0412997279321745 -0.0144292871414619
-0.0344426523684951 0.102375321758049 0.0191119943968228 -0.148062182143294
0.0138539345904338 0.108343684167478 0.0683867787246848 -0.120814336358646
0.069304248882357 0.0633048918168366 0.0458809108856693 -0.146450052045787
0.0732381744233215 -0.0215677604338864 -0.0277803454876556 -0.123713907576979
0.021942517063309 -0.0655894692992285 -0.0788401811157645 -0.0707683005690495
-0.027608711459748 -0.0623499607239102 -0.0878563995215128 -0.00940294715556802
-0.0508997188079389 -0.0294093591093203 -0.0661766414763399 0.0128831405011194
-0.0516718828549368 -0.0111534818068678 -0.0437659378288266 -0.00527189813963362
-0.0506095514684084 -0.0137543936882313 -0.0400150642382118 -0.0367332654669329
-0.0523675586933257 -0.0387787748630346 -0.015837942436475 -0.0751648886285209
-0.0247410589893501 -0.0734202431263895 0.0380594861327224 -0.0951424526938772
0.0282067152100587 -0.0745674967248765 0.0937459086735435 -0.0408263633717094
0.0912530547289055 -0.019940267569623 0.0693844617040415 0.0444557589597857
0.0752696502170207 0.0742593627628222 -0.0129076191438361 0.0678201260524464
0.0157346407952685 0.10649795056515 -0.0406940939419123 -0.0513535933906463
-0.0375937109557453 0.0366814523080337 0.0194488133261809 -0.176329039757337
-0.0143737816561196 0.0555098937349461 0.0658285488114238 -0.12471793067227
0.0240898437815186 0.0393612423108364 0.0525637655018165 -0.135399752465796
0.035821783067054 -0.00324551658389945 -0.00806589711131155 -0.12520957987118
0.0139988918949648 -0.0301046073652531 -0.0706708653513928 -0.0874211402193632
-0.0104060180306794 -0.0353880206036645 -0.0952746362945324 -0.0260899560163382
-0.0277089380075138 -0.019388535047627 -0.0821535123187326 0.00289392036583759
-0.0309429821951881 -0.00838083300391058 -0.0588704290462985 -0.0107583955861908
-0.0333904487726125 -0.00990946097338358 -0.0531862293697228 -0.0422080427160935
-0.0334331242132722 -0.0270209894938862 -0.0252512184034808 -0.0826903089090863
-0.0110757656647966 -0.0506205462551775 0.0331078441397281 -0.102960766417683
0.029524822757535 -0.0479674357675862 0.0955732773647567 -0.0462481151962045
0.0648797798253525 0.00484103455317073 0.0690813704121413 0.0393443094984396
0.0302004931987839 0.0635558613218011 -0.0111234354920309 0.0547326250071083
-0.0186313473861414 0.058903467934762 -0.0316370570064343 -0.0756044951972545
0.0424743235951847 -0.00985017652441975 0.049084712905697 0.105566289257141
-0.00113167256756679 -0.0337199800703747 0.0432090813658475 -0.0527745327202062
-0.030734930911087 -0.0116100143303846 -0.0814381783360321 -0.0499713892506244
-0.0141686036595275 0.0207856565672295 -0.118149470369554 0.0552352955112465
0.00477689949674994 0.013574893028531 -0.0261878369930606 0.134213285629263
0.00762722227326366 0.00751593423048946 0.0534118417566343 0.0999196410834507
0.0108006645097157 0.00349741028149076 0.0717694065088201 0.0467547591554022
0.00373250786625712 0.00208733077277139 0.0762244951527855 0.00749226333713236
-0.000482676607254981 0.00422849496570235 0.0860060823414453 -0.0110775575806498
-0.00916324954614325 0.00459988437326882 0.103016981798128 0.00690494034726126
-0.0098573802790925 -0.00532617791532784 0.0910675588435012 0.0672751715442855
-0.00137206625139313 -0.0134454175361106 0.0300416783740764 0.124478020144196
0.0153593036062753 -0.023748969897192 -0.0226422840100768 0.141830200343102
0.0403308150215723 -0.00638706792591302 -0.0576535317936119 0.148339876691293
0.0500643458965573 0.0312585588874506 -0.00575784529686798 0.200300457475481
0.0619880934187351 0.0501815672081737 0.0313831560342387 0.0993122207452855
0.040990262064239 -0.00714943837054967 0.0447669559945707 -0.0526130519193279
0.0097637475675544 -0.0216003361365229 -0.081476712834721 -0.0682032811278618
-0.00279460972099752 -0.0115838197017984 -0.131493751796137 0.0443872298308761
-0.00658213428239605 -0.0180080514695247 -0.0415502045672223 0.134390160782747
-0.0176073275296123 -0.0116138057225649 0.0451945637631984 0.107200580487883
-0.0167545851955555 -0.00121488800588085 0.0695437002946022 0.051118297341959
-0.0234967110774023 7.80939518271106E-05 0.0727993540820217 0.00856380572500578
-0.0281832402981088 -0.00374410746147373 0.0776214314101987 -0.0160860989130416
-0.038887821615202 -0.0200456768603359 0.0967468358572432 -0.00965642566522765
-0.018914943996466 -0.0469055794756799 0.100146767918419 0.0410440435090561
0.024467462542472 -0.0470945155949153 0.0532505657892336 0.107128776562105
0.0696717070216987 -0.0217507783302184 0.00143045559974301 0.139351437912941
0.0861896819800197 0.0428022121169297 -0.0380800227208508 0.143153529741273
0.0690010632645146 0.100779959652361 -0.00384433655625809 0.177379614903739
0.0659612591201208 0.110600883247091 0.0139169665488419 0.0704355194725981
0.0785738905586216 0.0354221529674548 0.0466633438769575 -0.0616233735839985
0.0606835132033407 -0.0189676285330453 -0.076918969083965 -0.0972601711000096
0.021034950696805 -0.0451935673161304 -0.144140508438149 0.0202734984495525
-0.0125036954827042 -0.0545739490449495 -0.0631625320553047 0.122159221949472
-0.041322981967954 -0.0347586858913775 0.0251069070419861 0.107091598052061
-0.0440203086886814 -0.00839112790979646 0.0549045019772986 0.0537271929236422
-0.0477213433189211 -0.00235719553998724 0.0585075731924997 0.00875809566158033
-0.0508291435988429 -0.00795032225180227 0.0587419022218527 -0.0213720184175129
-0.0647098438188619 -0.0354752701968562 0.0778871142483674 -0.0312220115471985
-0.0355059325341627 -0.0776179949405292 0.100685548387057 0.0011728670717835
0.0305589541164523 -0.0838851009174633 0.0806642029378443 0.0731873056615564
0.109995186522456 -0.041524748927739 0.0346868927417745 0.126263174707799
0.130967830046816 0.0651076562298984 -0.017823294800916 0.133925333838474
0.0899988578118348 0.147954262998121 -0.00741691000719608 0.138190748779806
0.053021128076104 0.158768199831861 -0.00146808094379747 0.018894189097788
0.100959134920292 0.0859788359961973 0.0481130347514015 -0.0794687787209789
0.109343931716736 0.000413871986485034 -0.0630292188285113 -0.130277312257241
0.055474939798951 -0.0699840215600549 -0.146181893191639 -0.0197833700373255
-0.0100180145539359 -0.0871660337765464 -0.0868988730301115 0.0891457089041433
-0.0579507569412692 -0.058450326942234 -0.00506657817537324 0.0956691327513418
-0.0653677591882913 -0.0171066324623441 0.0294824743009223 0.0535608098106633
-0.0654065545571427 -0.0035545267990832 0.0354903521230709 0.00852813686382389
-0.0659010109632004 -0.00917378717279476 0.0323773996108772 -0.0265710941235091
-0.0808904434039282 -0.041509401960239 0.0495616917871297 -0.0494740360234209
-0.0521239834040206 -0.093290219951216 0.0872043276716434 -0.0399524450862127
0.0214923877555422 -0.109069666022336 0.0976191802920095 0.0289542547519681
0.125975802315723 -0.067210658580737 0.0624837339420726 0.102173697249065
0.158365961168811 0.0660334881795421 -0.00386365501121212 0.120739076774798
0.10224213649019 0.167056231065151 -0.0173426505260168 0.0890457012895258
0.0289219006439547 0.178726395680511 -0.00954016233162303 -0.0474786153395267
0.0974564822391666 0.12766584589002 0.048409179406112 -0.103219307405543
0.13481739152602 0.0310152895731044 -0.036970464249849 -0.157583733863413
0.0861437247353547 -0.0742688213186344 -0.128032213498369 -0.0656403103084652
0.000705884558138336 -0.105532154036033 -0.101971044442338 0.0396901685433162
-0.0629223846545565 -0.0744963470537162 -0.0396736809977421 0.070267146325652
-0.0759121082377699 -0.0243132518399879 -0.00388536940239156 0.0477670809341322
-0.0725021110120254 -0.00424420659478338 0.00709020595454333 0.00681085881231045
-0.0701642261063055 -0.00916774880636303 0.00282665441884679 -0.0278984449922073
-0.0842184009767527 -0.0419936874959274 0.0190481412015014 -0.0618802787060521
-0.0586641163470738 -0.0945259157033797 0.0637356399101731 -0.0720977274519875
0.0125121194388654 -0.114102714132915 0.100087900867038 -0.0115820948831992
0.12238249976985 -0.0765205303092606 0.0765866107749147 0.0736340863690455
0.156573795961111 0.0618290880756826 0.000863498898564251 0.103764815633526
0.0965103546762749 0.162937405780958 -0.0317469312508181 0.0384040194729261
0.00213347654471534 0.163356517677191 -0.0100205220732523 -0.115159866242724
0.0691786013457144 0.139096645236103 0.0493569711115344 -0.126927408932308
0.122665938629451 0.0562048526348323 -0.00612395055616688 -0.167385537495038
0.0942392946507521 -0.0571979987055069 -0.0915066251349211 -0.104113084127896
0.0115113432512767 -0.0992565658846666 -0.10347257662746 -0.01502221106504
-0.0548995047397186 -0.0756803734119287 -0.0702361534537319 0.0373256140813091
-0.0730846933486961 -0.027018183618094 -0.0383465253179843 0.0375643165147697
-0.0686876689914335 -0.00452008526120214 -0.0215261064408436 0.00398763163902231
-0.0664742633130502 -0.00791846503021961 -0.0246466317144584 -0.0292751495591861
-0.0754187369234806 -0.038663447987959 -0.00891949001687939 -0.0691556458570509
-0.0512929057718866 -0.0860628423556587 0.0411646324922398 -0.0923754396154729
0.0128718685599297 -0.102654902394857 0.0949634347035974 -0.0401617426521644
0.108863995227297 -0.0619842432149897 0.0798820757073782 0.0509041450872569
0.129707729940333 0.0626214192748528 -0.000511926678753472 0.0870954903550322
0.0696048860224704 0.141217660464364 -0.0449777503978781 -0.00838279717105402
-0.0185218795732389 0.115398006850055 -0.00687869000644504 -0.167942247482422
0.0298482264051829 0.113329776683749 0.0517604581020947 -0.14032068549711
0.0814913845481446 0.058369870333863 0.0195765404938812 -0.163317202350613
0.0744322327156956 -0.0312120057650212 -0.0534553673242732 -0.124489254709182
0.0150159321320664 -0.0717204257277547 -0.0961717678496052 -0.057872507119639
-0.0377767281882063 -0.061117929275103 -0.0921961238007653 0.00690587110362898
-0.0566563359311542 -0.0236271544807219 -0.0667861770865373 0.0266868959023236
-0.0542150361981039 -0.00497119065141261 -0.0457375790963738 0.000389446967192951
-0.0541397560288843 -0.00674245914403913 -0.047566097882204 -0.0322605901693249
-0.058812499657015 -0.0324572301508988 -0.0278355260045021 -0.0755878964146256
-0.0358585872005692 -0.0708043816600294 0.0254646103222085 -0.104503924645945
0.0187185147085267 -0.080242490458385 0.0910920831230362 -0.0550250669685915
0.0907684428038022 -0.0341400285003686 0.0781976753860875 0.0366293495102736
0.0876434116236694 0.0645576888421474 -0.00199890875177237 0.0710643657161702
0.0307778749079973 0.1075925000249 -0.0491035147567013 -0.0470707023287133
-0.0322309290249472 0.0460555671551695 -0.00581662924612201 -0.193645314818141
-0.00632322362364405 0.0614170517739767 0.0503090235966482 -0.14332473943719
0.0307902015058235 0.0393333332744471 0.0328373543434158 -0.151906469359032
0.0382261548568735 -0.00720233595176512 -0.0311693644472133 -0.130008486148843
0.0116875762587243 -0.0334594920977485 -0.0894061440004397 -0.0791934692803784
-0.0161819761582765 -0.0352328209985771 -0.103257907653991 -0.0111265321053161
-0.0312808394766 -0.0164095787888508 -0.0850844835548814 0.0178611313500924
-0.0325963396182275 -0.00466864953765447 -0.0619338688694897 -0.0025184218757696
-0.035621025492736 -0.00517417897324679 -0.0624188324381376 -0.0363223913644507
-0.0368897990166364 -0.0226792705966633 -0.0393282858125365 -0.0824861197555402
-0.0179455156421586 -0.0497596485625839 0.0185574271165389 -0.112505160898989
0.0242764809117153 -0.053613125516055 0.0929984653619448 -0.061466732523822
0.0672324423297068 -0.00449972768530151 0.0779723907844912 0.0317716124116416
0.0400374874993898 0.0608542482385739 -0.00238968429921652 0.0590094226437052
-0.0107822437036127 0.0626204474578833 -0.0437068044968485 -0.0736489411740495
0.0429136635897725 -0.0139142574708297 0.0580347391159445 0.10451220088698
-0.00345983407226156 -0.0350108559498722 0.0413442289903743 -0.056733554807703
-0.0316137739929027 -0.0092770287427547 -0.0859838609206428 -0.0453642893584398
-0.0123027905560588 0.0218436110800557 -0.117045222373661 0.0637303232052613
0.00598310685437227 0.0132526452024262 -0.0171795233732885 0.137296627123893
0.00862927198672696 0.00687078733592163 0.0615919092298772 0.097347705695474
0.0109671257018197 0.00242006076085786 0.076230833426614 0.0434065662247737
0.00407627094304155 0.0016449763704931 0.0777207925683613 0.00292665417880434
-0.000157618349991024 0.00463377287371198 0.0861896517142302 -0.0176107212877526
-0.00906719873578818 0.00559115741834255 0.104930227208736 -0.000749583161089533
-0.0106865143915632 -0.0047055689788698 0.0970615886157813 0.0621453688498847
-0.00255407314741351 -0.0135090034256607 0.0385708941920098 0.12517442724883
0.0138635096716436 -0.0252577407120444 -0.0138090445672993 0.145630315404292
0.040123587201991 -0.00904325737718038 -0.0498771505495996 0.154277922341853
0.0531946059791784 0.0278702023913825 0.00813453916607519 0.20404934157835
0.0670558540015917 0.0459323771654433 0.0402756201222804 0.0991772669625942
0.0406100112748676 -0.0105372868376387 0.042645755152457 -0.0562796347662411
0.00854206792178905 -0.0223618266265088 -0.0869533054466854 -0.0644296068793098
-0.00341921226305296 -0.0110645806522931 -0.13114813203765 0.054106491830955
-0.00800877869215392 -0.0178145141079359 -0.0323125688231915 0.13908975409482
-0.0183925583737377 -0.0104412334092653 0.0532235527845112 0.105291914311652
-0.0169728704971776 -0.00024929025238336 0.0733137162940024 0.0469852001481577
-0.0242974638866413 0.00155046922167054 0.0735374906594381 0.00383403946521466
-0.0291895961191784 -0.0014983241576414 0.0765152379672375 -0.0217543945573651
-0.0411307842268945 -0.0175589526122023 0.0964298685333659 -0.0171573793320015
-0.0226428504128497 -0.0457083802167937 0.104451172131397 0.0339449899194398
0.0222375990487991 -0.0495877490300591 0.061242198363186 0.105904094136208
0.0694981345313137 -0.0271747876372656 0.0108624534451434 0.141541036275028
0.0905185695656729 0.0370806946266529 -0.0305667611576211 0.147705697715518
0.0778379321243846 0.097489349472785 0.00776145728500015 0.181025525718376
0.0755816586609106 0.10714304334224 0.0198293280708634 0.0713136309240569
0.08210698192812 0.029944039805169 0.0452553425812351 -0.0651782140379319
0.0600606317346495 -0.0233032312548722 -0.0847784447168832 -0.094162487349986
0.0187056576638092 -0.0469310234195676 -0.145446160860485 0.0296166149088966
-0.017449300563184 -0.0541385614743404 -0.0559945285723011 0.127874476958205
-0.0443441122905367 -0.0321457916896502 0.0334177783663294 0.10672521927986
-0.044848521986559 -0.0055295357567912 0.0592815862168634 0.0510165970275931
-0.0483913950126285 0.00116915334374358 0.0589238632479373 0.00490187551723673
-0.0526484638965981 -0.00459085198198731 0.0568384126996532 -0.0260982811805719
-0.0683079029640959 -0.0312105973216205 0.0754089413557618 -0.0373950820358855
-0.0421842415661967 -0.0754384338951124 0.101831757949783 -0.00726262322756775
0.0250161517642923 -0.0868571055512031 0.0874147410963137 0.0702058207962172
0.107994252437671 -0.0499956374058369 0.0440320186476296 0.126565701991184
0.137757048563082 0.0563286899362451 -0.00989752009875607 0.13827735260913
0.102005847426087 0.14374759277063 0.00234797119881522 0.141140640379382
0.0658954934231302 0.156713077739774 0.00117102630813551 0.0208989519347868
0.108116088738519 0.0797782978486922 0.0454114450312383 -0.0826107500576349
0.11030845883138 -0.00717147737023159 -0.0722930963671095 -0.129090353853165
0.0515531968448327 -0.0743035515088459 -0.150594134787535 -0.0107289752838585
-0.016700142461405 -0.0878502367931947 -0.0822186993142207 0.0966729259945775
-0.0628766901406161 -0.0547394598989099 0.00206596273973009 0.0968433438737971
-0.0668114405009214 -0.0125416411528819 0.0336864388222309 0.0519352670451732
-0.0657524663170465 0.00131946549862491 0.0358089058340711 0.00585639232627058
-0.0673266692422758 -0.00478530873057291 0.0299216982146434 -0.0281669151784727
-0.0854788412052483 -0.0364598928440359 0.0463417195215888 -0.0538300646591483
-0.0606872377995608 -0.0899210546798579 0.0845131948350607 -0.0478970001212565
0.0137470067506955 -0.111202703919669 0.101212998183841 0.0236218784748284
0.122870574224405 -0.0765198869389737 0.0704056165339475 0.100440761548594
0.165467508365779 0.0551387689366569 0.00350895913459931 0.123171288736522
0.116095707156638 0.162281190718414 -0.0110243732855006 0.0924808797404266
0.0424455184499255 0.179883340258806 -0.0122567686542557 -0.0464800646448491
0.108079115032972 0.122634767801904 0.0432203723206395 -0.106287896939236
0.138523569150452 0.0223178075092515 -0.0481756419642599 -0.15746619338155
0.082041778386414 -0.0809729290925147 -0.135365287250791 -0.059684126414232
-0.00754185249354503 -0.10697195195995 -0.102139866468692 0.0469862649332603
-0.0691880043194168 -0.0706329076930206 -0.0353302472275431 0.0744037540343667
-0.078542204894713 -0.0184774720063261 -0.000455754405061169 0.0481788556705721
-0.0735718919898549 0.0011064547367329 0.0070683646273332 0.00677379787257164
-0.072083835832837 -0.00429131511474904 0.000391238543383106 -0.0280439069059672
-0.0886867449736777 -0.0359924471257773 0.0140946333824589 -0.0644936585199501
-0.0671228267208864 -0.090653871227743 0.0585099085678681 -0.0791587419308293
0.00399090711886047 -0.116313045042384 0.10041049813247 -0.0180679462662503
0.118051358145998 -0.0862164637441773 0.0832930863283872 0.0714325122929078
0.163674522573811 0.0506067176990974 0.00785303014114663 0.106584171753466
0.110122168224749 0.158366288042503 -0.0297610310562616 0.0415435955273862
0.0141979993449164 0.166143021338992 -0.0179647319860724 -0.115568417260101
0.0800771077178575 0.13596714550067 0.0425087959241727 -0.130195848826783
0.12773741280235 0.0483772515756973 -0.0174816707553795 -0.170527836040712
0.0918692678283989 -0.0644922099312153 -0.100673590053441 -0.100862103809684
0.00428611386614513 -0.100949330444219 -0.106982491569115 -0.00852635134038046
-0.0619640411701064 -0.0724084294325532 -0.0690180448179821 0.0428004883639213
-0.0758216475015125 -0.0215969065939951 -0.0357368066785081 0.0411712950694787
-0.0696021398359042 -0.000163299218103476 -0.0219331638049689 0.00554667236425585
-0.0675138528653144 -0.00306752441283943 -0.0278687895708381 -0.0277259809285867
-0.079440893724958 -0.0332560038529061 -0.0137690816234895 -0.070133727260757
-0.059245821496036 -0.0833985686668615 0.0339383117865971 -0.0982424812723157
0.00551869745038138 -0.104258651985458 0.0934295955644056 -0.0467067270691929
0.105151460959881 -0.0707312752126421 0.0850930741535756 0.047600306840998
0.136028591594403 0.0532461686396861 0.00587721577683567 0.0892783804885395
0.0822478526772736 0.137919868519628 -0.0461262306755101 -0.0052356786386317
-0.0101024109209469 0.118592321347123 -0.0186191559231655 -0.169307125987634
0.0384983491804119 0.112219477979734 0.0442158687015514 -0.145310383328282
0.0870218623748928 0.0537457099092572 0.00917337157101672 -0.166868582511438
0.0741325820510739 -0.0369383510381913 -0.0626834995800726 -0.124152984260937
0.00950156576032164 -0.073472191591785 -0.102718920075897 -0.0524925868034287
-0.0432452979408042 -0.0585708748433913 -0.0933889963906351 0.0140213032255896
-0.0591800522192078 -0.0196378715712253 -0.0660096705398219 0.0315576942108797
-0.0549185073735415 -0.00126945882888744 -0.0464237579859527 0.00460776819938779
-0.0544813330990943 -0.00311267796860824 -0.0508126778902807 -0.0284657393666585
-0.062012259888234 -0.028758427665152 -0.0337983332921999 -0.0748878059536885
-0.0417896692536597 -0.0693264053638503 0.0178199070964443 -0.109513255790238
0.0136901479218883 -0.0826007516556233 0.0890776311393146 -0.062266353343712
0.0891267442599858 -0.0405864022800168 0.0829015722975773 0.0330414800718566
0.0937129009131149 0.0591828451204973 0.00289435667586028 0.0731987525149439
0.0393194415545672 0.106006746527749 -0.0531724676638918 -0.0439279475168609
-0.0293564248533054 0.049316005912197 -0.0192279455240296 -0.196161204452345
-0.00206659126927003 0.0627104059164853 0.04246364489481 -0.149012054558513
0.0338335587975256 0.0380816226031366 0.0231117341616533 -0.156702009614094
0.0387351374195006 -0.00973737733928976 -0.0406895034052179 -0.131186921146903
0.00973256619600992 -0.0348222219337996 -0.0975231051603976 -0.0745852170594176
-0.0194550845396899 -0.0339037135353363 -0.105849832738131 -0.00358174539481328
-0.032768975428096 -0.0144588604478434 -0.0849832054127348 0.0246053703697728
-0.0328179022362407 -0.00256788788879438 -0.0634834479913492 0.00156844757549653
-0.035656010797853 -0.00274182744501023 -0.0658428866616279 -0.0324542400761144
-0.0390350690878057 -0.0203037316470237 -0.0456702226667101 -0.0812239788566493
-0.0224767087687884 -0.0492492753474405 0.0111973026266234 -0.115553457290633
0.0209720460961349 -0.0558773013278367 0.0906804741219634 -0.068050790788264
0.067529016367278 -0.00886266993331259 0.0818211536418798 0.0275305906716178
0.0447772939391636 0.0584203643488807 0.00152418096667932 0.0603873433587915
-0.00712536815653463 0.0640558534769146 -0.0498690110053932 -0.0716514323842169
0.0406048430543682 -0.0167905333033014 0.0638215464887413 0.0973929489272612
-0.00589581083069173 -0.0336596167713573 0.0377606246190136 -0.0581633631643044
-0.0310566287181952 -0.00720525502917371 -0.0855282277495013 -0.0397970027163413
-0.00995328220217221 0.0212225327168273 -0.11073663276665 0.0693066805743556
0.00682248948371667 0.0120255555516749 -0.00749754198835917 0.133630666260222
0.00916286946252776 0.00662239400115605 0.0653214858638484 0.0905090161734269
0.0109559472029814 0.00126961801631879 0.076052578656033 0.038603892223145
0.00356125303565496 0.0017090214452244 0.0748523602006323 -0.00156625081110598
-0.000645550788692994 0.00415289521053586 0.0818050557485434 -0.0221226511759953
-0.00857473398774306 0.00590261595027886 0.100520245503218 -0.00736647942445208
-0.0107538187956343 -0.00379529796503975 0.0979168912088141 0.0540412829928607
-0.00268546073470895 -0.013261035743675 0.0455860025440839 0.119245597552919
0.0117501291873154 -0.0245254967790334 -0.00513926507981522 0.14095265313828
0.0378826005542959 -0.0108590773910271 -0.0411450308513978 0.151985976721701
0.0534126715952056 0.023526375449341 0.0197713621224896 0.196358110443655
0.0678989514967043 0.0395145992896424 0.0460943362082688 0.0940533393789146
0.0388671447211749 -0.0133669126343998 0.0400666545684404 -0.0572766445643328
0.00678492740068855 -0.0223337604737686 -0.0876392710916435 -0.0577206115130413
-0.00341383813936384 -0.0107202720775458 -0.124838002618946 0.0595703677404208
-0.00890663536159265 -0.0171615097027125 -0.0232737443678757 0.136006184064331
-0.0184875278704981 -0.00803276106792886 0.0583554882083605 0.0985107494911893
-0.0161741854876415 0.000664843614389277 0.0736730438302854 0.0416529698027616
-0.0229508506206715 0.00306221644535178 0.0711965394490414 -0.00118750418156705
-0.0289234370339965 0.000861629216260987 0.0718186169476077 -0.0253553849344015
-0.0409596090143668 -0.0136205736243638 0.0910197529662072 -0.0229061453014826
-0.0245309644449159 -0.0423683928844286 0.103184373898054 0.0260431111626991
0.0186768233064178 -0.049698016333646 0.0664568312090353 0.0997492672849961
0.0647267767474959 -0.029957534134248 0.0187558069674181 0.136581607332057
0.0893094175273632 0.0298802761462186 -0.0221750329560995 0.145072062721707
0.0812918470601497 0.0894940270843067 0.0185726635295666 0.17448397953672
0.079507435181664 0.0979437085667492 0.0248851707733552 0.0682202296702577
0.0810577910252888 0.0231067004915732 0.0416620656713995 -0.0650850719841038
0.0561255627018393 -0.0259952306205013 -0.0872126721682093 -0.0869686375721145
0.0154259699463323 -0.0458304643371378 -0.140306860659301 0.0368845274211851
-0.0201380304308319 -0.0509642162596241 -0.0463285024076182 0.126721527402611
-0.0448459047142305 -0.0278348014380185 0.0386906808524804 0.101211098436063
-0.0434787655653105 -0.00263434192356887 0.0597251089135861 0.0458923134840214
-0.0466481261134079 0.00404253899329166 0.0564259853084545 0.00106821475228332
-0.0517708384290377 -0.000947426378951163 0.0524439538683411 -0.0281632843584341
-0.0683323958603517 -0.0248682904696451 0.0700846125513085 -0.0412266322128816
-0.0459017855749427 -0.0697955387704065 0.0972683529865101 -0.0138296406644115
0.018438753501616 -0.0852915461675982 0.0891111619961415 0.0634638782773852
0.101040196050871 -0.0551250890314731 0.0505898856646896 0.121115347120564
0.136147954130266 0.0453539968850728 -0.00216162713352878 0.134485547295648
0.108149076694252 0.132665534190187 0.0112593241762448 0.1366441820719
0.073949679853086 0.146797590492179 0.00310864460624974 0.0209238211938881
0.109787573547102 0.0699130392363405 0.0404571472279798 -0.0820494052612608
0.105777101540342 -0.0136251780336241 -0.0773792748504051 -0.121126746980742
0.0454318851413885 -0.0745812478008464 -0.147325499654107 -0.00206974999348907
-0.0225405826396488 -0.0835887517679504 -0.074423451992261 0.0985106871732886
-0.0649443833316956 -0.0480981836445696 0.00753735296533125 0.0939172227999801
-0.0652535576379129 -0.00726421269978915 0.0360324424930734 0.04815990304249
-0.0627539248940852 0.00517528591132482 0.0342842692169158 0.00375681365124735
-0.0651863696497488 -0.000336248071975023 0.026245110799831 -0.0287220224115289
-0.0853154094899157 -0.0285298150781403 0.0402706058906282 -0.0551686112347352
-0.0650649378394797 -0.0820460456938803 0.0775227543476832 -0.0521761437033086
0.00603559468860673 -0.108205646320541 0.099682261872608 0.0175675999344784
0.113125387022405 -0.0824373604447158 0.0749908288650099 0.0940032176758486
0.163199067407432 0.042120713814526 0.0103886193972144 0.120263674809092
0.123125970736468 0.150062336498564 -0.00471999669440484 0.0897689562061928
0.0529214349915853 0.170307642013566 -0.013984373866484 -0.0430541307486166
0.112365258765402 0.111138501991987 0.0370161529872022 -0.104647282106415
0.134871259591701 0.0131212362615784 -0.055701840244538 -0.150551323902948
0.0742449746106575 -0.0832736512214307 -0.134978882577361 -0.0509461542660965
-0.0144195223658401 -0.102363279636671 -0.0965104274987652 0.0515794866909406
-0.0722911161143243 -0.0625519715325872 -0.0291284338489263 0.0741267965220929
-0.0771062336555356 -0.0127907766227045 0.00251548183167824 0.0463924152280655
-0.0701539822211206 0.00595887728087734 0.00660606321270028 0.00648149861280818
-0.0698888680515163 0.00155620577251075 -0.00208407086632314 -0.0268271220103629
-0.0876785790778029 -0.0285360422657536 0.00874827612049995 -0.0629383330810716
-0.0714747904876314 -0.0827634986416101 0.0506542410615232 -0.0808562850055956
-0.00384788234867285 -0.112122011973572 0.0961943865790148 -0.0231276156257884
0.107884070743368 -0.0905952265186645 0.085719180450423 0.0650154147604227
0.161256036813305 0.0378386775995764 0.0140318568800351 0.103537818057636
0.11687933724362 0.146091417474545 -0.0253312611155081 0.0421222404086926
0.0245180658795627 0.159174857864818 -0.0239770286907764 -0.10948708188285
0.0860791870683021 0.126367956777239 0.0347387877205732 -0.127501024480444
0.126269003135586 0.0393299615695738 -0.0271073912527645 -0.163669628129018
0.0847930180587019 -0.0680690430439071 -0.104180326308098 -0.0921068853295139
-0.00284965462775629 -0.0977262733471597 -0.10549485172833 -0.00148312155620049
-0.0653482586857839 -0.0650825113363174 -0.0646321413345253 0.0460790796714839
-0.0744195519744608 -0.015914831955581 -0.0319338094333382 0.0416953999197656
-0.0660087574677734 0.00403761541391429 -0.0209795871729089 0.00701060071687206
-0.0651923346888559 0.00181164248989177 -0.0287545843297401 -0.024709291211847
-0.0788151488571854 -0.0271800273034425 -0.0183089954103938 -0.0662129869956677
-0.0631910247706447 -0.0760121037056473 0.0251467585671703 -0.0977221050952705
-0.00121437236525111 -0.100650147705683 0.0879185864380042 -0.0502758678670126
0.0964037057985453 -0.073925370847289 0.0861516713613446 0.0423665362860179
0.135134877302052 0.0423962862064087 0.0114610277631664 0.0869299243344204
0.0875888934521896 0.128489240409213 -0.0444263881911414 -0.00215136618596844
-0.00231713963149751 0.115105960470199 -0.0283532165370441 -0.161956065873669
0.0446175233934498 0.106219519806451 0.035054260386706 -0.142117891731514
0.0865042075797457 0.0465904131148988 -0.000493833385622712 -0.162075270685331
0.0694793946544455 -0.0403784886684595 -0.0686781517626621 -0.11728520628446
0.00485957942009532 -0.0717839542811479 -0.103909352306246 -0.0444578896552542
-0.0464692600941178 -0.0530379035850575 -0.0896956431690115 0.0198234914115274
-0.0585578561688898 -0.015043946152239 -0.0620117703767608 0.035247316341703
-0.0523963380324394 0.00200739582855559 -0.0446011819906301 0.00689079947563295
-0.0524669169681449 0.000974668234800813 -0.0510207150083514 -0.0243639077847099
-0.0617734971690077 -0.0234909713129936 -0.0379696320796135 -0.0701080621140846
-0.0452658028930854 -0.0636524771979636 0.00938558438534821 -0.107359079009324
0.00834809211270042 -0.08054453195899 0.0823277899271142 -0.06498966369113
0.0832037170402122 -0.0443397064079234 0.0831302278648428 0.0279037237679912
0.0942195313001458 0.0508144338626031 0.00794613837995076 0.0711768403880486
0.0446212538192855 0.100260967514901 -0.0543818146422536 -0.0391839437574198
-0.024477929422937 0.048961198546158 -0.0311819523482701 -0.188027345483631
0.00201394705271808 0.0603829318660897 0.0331495171191266 -0.146444868034949
0.0348637245087022 0.0347115590065425 0.0128597320204942 -0.152922332275335
0.0371157630196663 -0.0119203842132459 -0.0473407946356726 -0.125340789621517
0.0074632899363359 -0.0338757622921214 -0.100088537835852 -0.0657960245282746
-0.0217846095475703 -0.0316687605693529 -0.103528300005571 0.00361088633374463
-0.0328223546523372 -0.0117432600213523 -0.080031929282331 0.028946121440382
-0.0313177859094299 -0.000387266427854372 -0.0610115985140508 0.00625502519904875
-0.0341850333776938 -6.10199953790646E-05 -0.0661291676263772 -0.0269050066136992
-0.0388680835027517 -0.016838486249173 -0.0491952050604607 -0.0756229314797557
-0.0250365738496141 -0.0462276387789282 0.00275428096429069 -0.113389718845782
0.0166254735660745 -0.0552138585657102 0.0833336661011354 -0.071204069077196
0.0642312882474269 -0.0119439269845672 0.0813365573935202 0.0227696796955659
0.0470630083657813 0.0534676973724283 0.0049789800009955 0.0587440963776339
-0.00322038472774906 0.0619073799536214 -0.0529787631239506 -0.0655885735974893
0.0379958471873507 -0.0173590592218748 0.0636794138168158 0.0909621113328924
-0.00623601109282562 -0.0322757941162844 0.0355474137554157 -0.056360928572667
-0.0297302617522152 -0.00589995914699165 -0.0813956485535485 -0.0365857585941259
-0.00834604250251824 0.0201770336996666 -0.103675301093182 0.0674580824306469
0.00630122176915527 0.0114255424909422 -0.00402788396627868 0.126199248204294
0.00906508523794239 0.00633778235777555 0.0640268698957115 0.0843620349022414
0.0100436920442524 0.000665868426215801 0.0733352923311996 0.0352829347242435
0.0034450360161628 0.001240029794922 0.0709279096429156 -0.00295663749522458
-0.00108320270199327 0.00445951987337059 0.0764195015646214 -0.0220873714179607
-0.00832129097463984 0.00565995058471422 0.0944608922377973 -0.0096263953781572
-0.0091688917739109 -0.00342307369677789 0.0938602372736234 0.049158371924662
-0.00296755702162357 -0.0127156826731217 0.0461676381643312 0.113194115353896
0.0106748494246697 -0.0235645756662509 -0.00293118832756453 0.133019428743661
0.0351808350437028 -0.0104112920029114 -0.0371627288277492 0.144692178277803
0.050931579233169 0.0206463847212531 0.0227893132802959 0.184968339663878
0.0652506255093156 0.0353147121057716 0.0472672670971478 0.0882006891479386
0.0357592772047519 -0.0132957715562431 0.0382001690976438 -0.0542761980468398
0.00583759564897315 -0.0207419445337103 -0.0841133948198995 -0.0541164253581393
-0.00263956298410137 -0.0103642068035745 -0.117416424562982 0.0585751780011185
-0.00899489897707882 -0.0158781179950567 -0.019361825584108 0.128583238748856
-0.0175106157439806 -0.00709508479227032 0.0572006428562238 0.09147930932781
-0.0151396636742637 0.00028898190542325 0.0705091933062956 0.0383130866232239
-0.0218679368643585 0.00290737864479516 0.0667289554535865 -0.00161392326329356
-0.0280920771111276 0.00127802894877032 0.067232161810564 -0.0250073540273159
-0.0393155801756544 -0.0119805226196879 0.0849102753406681 -0.0234314853264467
-0.0239589078783389 -0.039462628389172 0.0974435350234397 0.0225237472196854
0.0168064172499347 -0.0472523883444405 0.0653938471301111 0.0935204172125835
0.0605562082504103 -0.0291861080356209 0.0208677225780042 0.128541769954597
0.0840505304777094 0.0266123603157847 -0.0192742634437931 0.138070913163832
0.0787312708353793 0.0827022866704052 0.0208243664789536 0.164639807851487
0.0777247451133794 0.0904397493823267 0.0260790963868324 0.0650328760495239
0.076733015074053 0.0198592250798536 0.0397357973101804 -0.0627156472335692
0.0520654083368326 -0.0253727459770814 -0.0841993383497158 -0.0814502055636896
0.0138684605456352 -0.0436430723231363 -0.13312868947993 0.0370250466991309
-0.020466094112852 -0.0478019026895853 -0.0414094033727017 0.120734388274248
-0.0432758958786362 -0.0242373021579916 0.0387626450447449 0.094327230764223
-0.0408818610115614 -0.00132387765512955 0.0572949347161217 0.0422772860834592
-0.043227294778466 0.00485135207873205 0.053265513009766 0.000480065618709095
-0.0492813717168507 0.000512217908193009 0.0482953352673402 -0.0267565052625313
-0.0657217092083961 -0.0217483993411978 0.0644555183429897 -0.0401917227510595
-0.0451811394872495 -0.0643146870405428 0.0907187035669943 -0.0151237179536462
0.0161700501287965 -0.0812120119885122 0.0859364642925978 0.059225122000424
0.0933526982352252 -0.054159333379479 0.0496752133560985 0.114004004966608
0.129049957066516 0.0400940438806028 -0.00028132111028994 0.128060327488503
0.104701263717106 0.12324515274883 0.0140857944394101 0.128918451727629
0.0734194488973446 0.136213723021896 0.0050110760283624 0.0202424227175717
0.104448379825055 0.0634172546769889 0.0387515880495615 -0.0776914241444417
0.0992855206164744 -0.0148477240906095 -0.0754859999109638 -0.114167586495893
0.0412743243264455 -0.0715807747761256 -0.139636835955051 -0.000327072710682347
-0.0229142024751348 -0.0785274539308147 -0.0693341087529539 0.0943485461281016
-0.0626096698174715 -0.0429694975824602 0.00949741531448079 0.0881042374219961
-0.0615935525934232 -0.00586469352519557 0.0342813926808178 0.0446040992546866
-0.0588599612846214 0.0061011294596077 0.0322721467231269 0.00342766603753652
-0.061821406352293 0.00150740960406003 0.0237676211129782 -0.0270692250385739
-0.0812483418352329 -0.0246893804551885 0.0362291129819919 -0.0532300974995886
-0.0639449386637641 -0.0753488244174309 0.0708732213804488 -0.0519278325485884
0.00364940953418124 -0.102648806806623 0.0951065375173468 0.0159621541282653
0.103579665717808 -0.0794726012248664 0.0730933456275847 0.0883163470560394
0.154883345479371 0.0360482104865404 0.0119170718033385 0.11416565824785
0.119400246580723 0.139135387956453 -0.00207537350651969 0.0847904194311758
0.0535605730759926 0.159010089678929 -0.0132281332304705 -0.0395642161427706
0.108359884766874 0.101659302417417 0.0349171143779106 -0.0984601451524376
0.127672318669685 0.0102108687296447 -0.05542997059432 -0.142123004079368
0.0686578471359471 -0.0801711107888273 -0.129106331368611 -0.0461483830110048
-0.0160886078069904 -0.0959929880037178 -0.0907518247774367 0.0510514426624777
-0.070571228848913 -0.0565153437294803 -0.0263679927250492 0.070619424123524
-0.0724753073515496 -0.00969629543163679 0.00335310642961397 0.0439762667178208
-0.0651026733340246 0.00659865219714294 0.00636067017894251 0.00592480041816943
-0.0658106710563772 0.0027554934927863 -0.0035625039125411 -0.0247475092764906
-0.0841130410592358 -0.0248413755755584 0.00619234505390107 -0.059863939525344
-0.0697721493495859 -0.0761989768586386 0.0447218004852072 -0.0783419449727737
-0.00516549654932677 -0.10554982971243 0.0910155286695124 -0.0231891451006386
0.0990422984477095 -0.0872660708472858 0.0828678013792369 0.0608834607875754
0.153204222556121 0.0320615230359161 0.0156096671172203 0.099179242746413
0.11344215429993 0.135417943336294 -0.0226530896025026 0.0403206271441372
0.0265741468758508 0.149190390220831 -0.0242471811843129 -0.102291791038777
0.0837588688669076 0.117182562206898 0.0321033954092884 -0.120375328508949
0.120271749208225 0.0344784536480563 -0.0284585326477585 -0.155041708037633
0.0789150411172511 -0.0666994085582729 -0.100775209750619 -0.0862842204696177
-0.0050156222696856 -0.0919656149503823 -0.101089240994327 0.000369044588849919
-0.0637563538199881 -0.0590100668452843 -0.0598820771956413 0.0447715285998387
-0.0701558601876172 -0.0130404397865624 -0.0294617610905876 0.039679993736702
-0.0614797213551 0.00499457776273878 -0.0197638909366402 0.00778089754233005
-0.0607738830508741 0.00267195057871449 -0.0286064048906026 -0.0218282017373736
-0.0754803751284458 -0.0229628763990378 -0.019062154078205 -0.0626070869704753
-0.0620301915462572 -0.0694807524397099 0.020500644749731 -0.0933481914214294
-0.00349683375167081 -0.0946347928303495 0.0826105570892925 -0.0494775070663892
0.0889282003563657 -0.0716046751189758 0.0828393533636064 0.038915765007346
0.128009870444802 0.0363397064969962 0.0127175440148878 0.0837335989460808
0.0861318577236062 0.119008357306593 -0.0416706761525838 -0.00085289421591108
0.00101537357768972 0.108099064134121 -0.0294866669012055 -0.151717124931936
0.0440427781615386 0.0988068579413173 0.0312299275427213 -0.13410497593422
0.082669861304446 0.0431849701241266 -0.00339364239990993 -0.153050204012036
0.0648866171693566 -0.0395312955196774 -0.0677628653475416 -0.109960680920766
0.00303669710584109 -0.0675945876114189 -0.0999448988144673 -0.0396085444372848
-0.0460686420273694 -0.0482125469056973 -0.0849527540078694 0.0210873478187004
-0.0551451283421772 -0.0126393881361663 -0.0573629509821856 0.0348191160318749
-0.0485658941305004 0.00345503989651948 -0.0421467534663887 0.00780695456600525
-0.0490281927157826 0.00244134312595621 -0.0486022411810956 -0.0214837016110643
-0.0584379667437143 -0.020601910626959 -0.0376616298404385 -0.0658835114297658
-0.0448488665394857 -0.058837621090695 0.00567161538804981 -0.102162759075178
0.0063179550481966 -0.0759451951719825 0.0767501303838352 -0.0628887378548627
0.0773444200389666 -0.0428363166428273 0.0795852973054442 0.025780344137767
0.0898148430738942 0.0448982206732732 0.00902390374027361 0.0682281790258929
0.0438954674118087 0.0930628431709131 -0.0522907386132425 -0.0353733221266316
-0.0216281313817017 0.0463891295628657 -0.0329693268838467 -0.17724685728555
0.00378020942743508 0.0570093856169724 0.0281145371339407 -0.138437885914168
0.0337515269195688 0.0327964513154405 0.00984136985663088 -0.144501791896253
0.0346082800972425 -0.0121515625987753 -0.0470309152699709 -0.118580360434968
0.00585026891247001 -0.0320015666986641 -0.0967360206501953 -0.0592556045398323
-0.021648084799795 -0.0284420741772439 -0.098232746541536 0.00636141616433666
-0.0313410192364425 -0.00989223577669577 -0.0747622391310567 0.0298896719913024
-0.0290557645972003 0.000220569341775069 -0.0578198864664688 0.00665899881899261
-0.0312315356835357 0.000964768725182773 -0.0627254220745014 -0.023577035867894
-0.0368722941671291 -0.0148639276418207 -0.0482555371415927 -0.0703121885510078
-0.0250816849841702 -0.0426887978617117 -0.000802925466847693 -0.107433425250866
0.0147410657817112 -0.0527437869014925 0.0773602894821197 -0.0688611753634609
0.0599742788306509 -0.0125514713790483 0.0771548355151125 0.0206644179718588
0.0458195338192215 0.0491883278961569 0.00646486130542228 0.0557518039642979
-0.00199879452742546 0.0583895017043231 -0.0512689688093891 -0.0606198849420427
0.0365236393274348 -0.0162203350162395 0.0611161213831433 0.0889225416803656
-0.00637419399098616 -0.0309629545733073 0.0364899943932055 -0.0539717003049991
-0.0278192135982154 -0.00611127973058861 -0.0779652408353258 -0.0380897116713363
-0.0082672423297739 0.0190416409603365 -0.102067567113986 0.0632711345649726
0.00570899917719938 0.0108502768232645 -0.00666730873337084 0.120851670095458
0.00831426145894754 0.00650228306702557 0.0606867906173804 0.0815988578395269
0.00935150807445691 0.000635075516516835 0.0702484465880567 0.0353437021045443
0.00289737343354261 0.00128663288483278 0.0684220985402708 -0.000969929853947563
-0.000756350648821469 0.00391756962260768 0.0737603454520044 -0.0195234368126434
-0.00828659551493529 0.00537256132478924 0.0909115485526146 -0.00763237529126031
-0.00919264696315699 -0.00332448002417997 0.0892908886474404 0.0495325123087007
-0.00221633086858194 -0.0125937854606865 0.0419792227031602 0.109887106183233
0.0103931264533469 -0.0217049939629957 -0.0062759648061861 0.127651404904487
0.0335270622355823 -0.00879810921600078 -0.0397267816081615 0.13881508016436
0.048351068565794 0.0211233986063993 0.0171141461527832 0.178143668195499
0.0617914731480151 0.0343800853913495 0.0456799196123224 0.0856356538855984
0.03428510696498 -0.0124753842706701 0.03903037374238 -0.0526359241317366
0.0056796945199524 -0.0200007283144588 -0.0804942572961312 -0.0545381054754744
-0.00256629215907138 -0.00993528785926816 -0.115014296500355 0.0543320374731943
-0.0087111599154061 -0.0157007076408837 -0.0203598188417224 0.122929188612078
-0.0164665451862053 -0.00698127361464908 0.0532348850886764 0.0890510309157738
-0.0148098021269054 0.000197875622062656 0.0674555083974831 0.0383163319446966
-0.0210574025330408 0.00234485196259094 0.0643783940485329 0.000197856032467238
-0.0269259598979105 0.00124262826363341 0.0647002872089053 -0.0223513023752908
-0.0380005271301127 -0.0115017672602331 0.0816205953479107 -0.0212667220786791
-0.0227052997503621 -0.0380215697435584 0.0929348121608793 0.0234230681712695
0.0169731904120025 -0.0454553406609061 0.0614970742729304 0.0925223853651223
0.0582570555538081 -0.02719225824765 0.0162973421218337 0.124456481543869
0.0800946326916815 0.0277252812842938 -0.0223454050039822 0.132806468231379
0.0741802249209932 0.0810075479037221 0.0169222440823179 0.158559313901448
0.0729276405687338 0.0876713882513325 0.0256451469151723 0.0629177496610732
0.0726886755339442 0.0197977197991078 0.0413340260887475 -0.0589892419298162
0.0500822218276073 -0.0230460268911191 -0.0795825916437555 -0.0814488587036347
0.0146078561134311 -0.0417192866333746 -0.128447337103736 0.0328022757299112
-0.0192518663595128 -0.0461642278811969 -0.0422800294193766 0.114931199402309
-0.0410416206082528 -0.0237441477595073 0.0360453502545525 0.0913099973553489
-0.0393440257074333 -0.00245726389992413 0.0544775899009981 0.0412231913894104
-0.0419671674793028 0.00378756772344141 0.0509425714519296 0.00188363946459563
-0.0474431341707781 2.93545277567275E-05 0.0464694657927359 -0.0250180220280442
-0.0630064945219547 -0.0215155599830697 0.0619400799428813 -0.0373420429986232
-0.042575565538522 -0.0620768627953124 0.0865485382742935 -0.0135483711365504
0.0171823497351058 -0.0781150654178913 0.0824170392022047 0.0590424077940818
0.0907187377514012 -0.0497484934501411 0.0454981620836438 0.111420652454368
0.123261221052264 0.040592345394152 -0.00344911816241942 0.123508731015978
0.0985327146173869 0.121024280432098 0.0110961002566812 0.12364418677319
0.0678195986932589 0.131442023542702 0.00591399810712562 0.0204768272227039
0.0990948182059881 0.062390547837959 0.0406658109914201 -0.0733779548377143
0.0953905389671643 -0.0123740988123345 -0.0700511831907707 -0.112093203835694
0.0411129600879958 -0.0679882807396194 -0.135161359089547 -0.00373156435276806
-0.0214969925302862 -0.0754524931552151 -0.068558527817734 0.0894464306095328
-0.0598689728921142 -0.0414783859567762 0.00705154036406153 0.0848847983649674
-0.0588619353631179 -0.00637546544094634 0.0317845354476424 0.0430883811894595
-0.056754038208335 0.00459147782402889 0.0308324850177681 0.00396842601561574
-0.0595420672089487 0.000489362646183262 0.0224835559920334 -0.0250168144622609
-0.078437881240868 -0.0249513839208108 0.0347754437635492 -0.0497282445068264
-0.0602317165065229 -0.0726027421634926 0.0677481467264969 -0.0492350586618222
0.00494652450807549 -0.0983796883760039 0.0918053033049626 0.0173233142791871
0.100941261445456 -0.074406612796054 0.0688700988070597 0.087364027698928
0.147527537075353 0.0369004557053438 0.00895370462562972 0.110765993223883
0.113116201918954 0.136586396149885 -0.00332731244469198 0.0808900376127889
0.0490125851192846 0.152870265219069 -0.0103937842436533 -0.0372921222726328
0.101796705129081 0.0993408752842397 0.0376445299831706 -0.0931435625865405
0.122115707169412 0.0124129222939615 -0.0507689757982992 -0.137606067532515
0.0674178708815131 -0.0758322512950281 -0.124461348916759 -0.0472863933891528
-0.0147482315640574 -0.0925968420991206 -0.0892442887813008 0.0473842082167191
-0.0670026302433829 -0.0546634272878576 -0.0263919807806365 0.0677276622919351
-0.0694317222324806 -0.0103328193161317 0.00226131567752988 0.0417686369682825
-0.0626935472798159 0.00455906919354881 0.00625823934288558 0.00594722894515171
-0.0628991629498498 0.00182461077480594 -0.0030656136725779 -0.0227778232757775
-0.0808536653137721 -0.0242263747856797 0.00716197620787536 -0.0568085748270687
-0.0667082129801143 -0.0728831595171834 0.0422549567071975 -0.0748211669074145
-0.00365826930640429 -0.101586175840376 0.0886179767244679 -0.0199642649761509
0.0956795402121499 -0.0817078998106345 0.0793467044578405 0.0609135506313658
0.146041276010741 0.0327416411892402 0.0136397303458758 0.0961906562465922
0.10705655253977 0.132603794234143 -0.0223536562819869 0.0379255354612521
0.0229137696232771 0.143305458983888 -0.020164946004524 -0.0977113602107436
0.078447213869537 0.113460860453808 0.0349337863461969 -0.113645598771054
0.114646456678222 0.0362564123802633 -0.0238874747190097 -0.149910199012703
0.0768731331062554 -0.0628091640624528 -0.0951617966452951 -0.0855849096073356
-0.00399020003389138 -0.088308528552949 -0.0980407885138824 -0.000710348380511439
-0.0609561700111061 -0.0565870843980205 -0.0583281343230063 0.0433114531620952
-0.0676944821995096 -0.013687853888325 -0.028906171583955 0.0378740969705635
-0.0587320920178544 0.00428685279420323 -0.0192712214651493 0.00715122767847408
-0.0584149723991012 0.00164788685477938 -0.026381650699302 -0.0209166623392224
-0.0720112594882239 -0.0232122057122742 -0.017596136982153 -0.0602938341292195
-0.0589492410643651 -0.0673611516570426 0.0204235962150455 -0.0894581585467786
-0.0016644395339986 -0.0914367963034892 0.0808909611075495 -0.0448172047317079
0.0866817817533092 -0.0664747750107405 0.0796783714144856 0.0404025174031581
0.121883210588499 0.0368859290292573 0.0114145748602771 0.0807669584152375
0.0805228776488417 0.116724459597066 -0.0399221767399745 -0.00165150971755093
-0.00120826135821042 0.10335736875086 -0.0243657486448363 -0.145450433675709
0.0409004216697736 0.0959857220877551 0.0342954031828105 -0.127366066052207
0.0790871903656912 0.0433894149735733 0.000299537380059265 -0.147039167340149
0.0632542832291541 -0.0370700376175796 -0.0625570223214862 -0.10779465124527
0.00363243172798763 -0.0649349764105295 -0.096629165056572 -0.0395104123662584
-0.0439867281952408 -0.0461683673568078 -0.0822778072855983 0.0196325893620141
-0.0530300180210257 -0.0126979656104262 -0.0557633288143857 0.0322943157475368
-0.0463800084614163 0.00192418220171548 -0.0408850451606823 0.00642734472608375
-0.0464853540840996 0.001210208084008 -0.0466078406641206 -0.0209969884551371
-0.0557854935959366 -0.0207262605534943 -0.0356975801411368 -0.0636476891233978
-0.0424674485571204 -0.0566656937294795 0.00611116455053774 -0.0983787295856356
0.00719667950850005 -0.0729524273461041 0.0752584419586583 -0.0592128456492362
0.0748766439787438 -0.0392097988158404 0.0764712095017809 0.0276862841489912
0.0851992289341888 0.044813196020518 0.00842815853912506 0.0665474131550985
0.0399387132284899 0.0910230276122978 -0.0495301457917989 -0.0353105058441053
-0.0218615741605578 0.0438325055802571 -0.0273191339922749 -0.170191922183422
0.00314358162215428 0.0545186234619788 0.0310058906111294 -0.132261238660686
0.0313800208004985 0.0324890457862166 0.0124910222647455 -0.138732204146862
0.0339163442123019 -0.010882802095011 -0.0430158385582962 -0.115620851454447
0.00639069308269663 -0.0305945086452623 -0.0929784241996161 -0.0598469660743243
-0.0209341506581378 -0.026977862841165 -0.0950509987618995 0.00525059331405111
-0.0299507549017483 -0.00969766320654502 -0.0732678394598638 0.0277404953675054
-0.0275591082485083 -0.000588889187472281 -0.0555951173936872 0.00513583476088001
-0.0294701933758068 0.000153444523187151 -0.0596097512507199 -0.022889410240056
-0.0349260918479616 -0.0152372921615312 -0.0455240040887703 -0.0686648009503281
-0.0237354681154695 -0.0412001406988373 0.000666807539871797 -0.103651904255863
0.0146901049834164 -0.0500049635568586 0.0762319383551674 -0.0646163284989005
0.0584411883058405 -0.0102471207843815 0.0744358481536387 0.0225081431789049
0.0429373856796193 0.0477428060709017 0.00578813900167165 0.0542455129131761
-0.0036515846227358 0.0569483470671797 -0.0486223946749375 -0.0594447563526978
0.0377959793647831 -0.0106664372733318 0.0484321780160667 0.100033314623042
-0.00102796455301526 -0.0312496363909193 0.0482190494834478 -0.0484131610217067
-0.0258741664612232 -0.0107564527949171 -0.0694978400077031 -0.0524600601454688
-0.0118003414043071 0.0158494438881321 -0.110478173515754 0.0454504338948766
0.00288569708465546 0.0112211106798512 -0.0265704338899222 0.117327288089544
0.0075567258763382 0.00737248643472179 0.0457487060150573 0.0905677588397477
0.00950485508424598 0.00173659057837443 0.0641973949072217 0.0463397723812973
0.00276939913391279 0.00136171773190621 0.0676131247207847 0.0112339091223845
-0.001535443950411 0.00335202128396817 0.0766057446512116 -0.00653860192025225
-0.00853386998512946 0.00316102595637219 0.0907547225242559 0.00927151108307384
-0.00717353865579965 -0.00538939075303975 0.0791175403914056 0.0655890844541874
0.00184586257909829 -0.0131966116597834 0.0219653200285579 0.117931865161301
0.0160506886652663 -0.0175021928891178 -0.03100009853956 0.12381627625156
0.0354482807347714 -0.000936286333703887 -0.0659787756827191 0.128179848051129
0.045369106500727 0.0297697044308765 -0.0171468403613745 0.179718994179171
0.055248207432589 0.0423576264018965 0.0287839209308414 0.0946366551878671
0.0356576641166025 -0.00604129712164448 0.0488474761019311 -0.0447217548660935
0.00899510100770969 -0.0181938571068521 -0.0692314434431964 -0.0672892701941368
-0.000108606638042173 -0.0107568512813626 -0.120575638588379 0.0355365155044438
-0.00647882503690917 -0.0165578284313967 -0.0393975586403229 0.117981553786864
-0.0145192448130847 -0.00992975689265782 0.0387782460087778 0.0960394891942756
-0.0145672151732461 -0.00324792727872308 0.0607155047287404 0.0486752400724708
-0.0207503910192263 -0.00164554767366026 0.0629015496508729 0.0115200657640728
-0.026457506691396 -0.00447925612351728 0.0677330729211038 -0.0101393803904012
-0.0345342284939954 -0.0186070521193025 0.0836675796310253 -0.00584784044713517
-0.0138181501251373 -0.0412358135659399 0.0863597351451234 0.0398390489823134
0.0263980726666817 -0.0426284603991299 0.043572342570062 0.104046463261263
0.0633428802512005 -0.0140428415103061 -0.00793860249334767 0.124519935048911
0.0733714436615734 0.0429432779608726 -0.0475113683173341 0.12449282457889
0.0588533787724945 0.0937596402228249 -0.0130822255048347 0.159978774109131
0.0577761192943052 0.0955704710617272 0.00873359979764611 0.0685170889166214
0.0670940255558066 0.0327403317192155 0.0494904693879264 -0.0499200287285429
0.0532436994062219 -0.0140082915571223 -0.0660951778955746 -0.0907061887058269
0.0222260245144427 -0.0385702368418322 -0.131685882458232 0.013839283803468
-0.0113620649788237 -0.0483293771701304 -0.0585426679938682 0.107640863151042
-0.0362170590361328 -0.0301170758807787 0.0222104475477509 0.0955882164490708
-0.0376790608053469 -0.00940557922687823 0.048360895625839 0.0499923968000047
-0.0415318491693417 -0.00417733401895495 0.0492900148396277 0.0109506220712437
-0.0459007701613535 -0.00858919762333713 0.0501014379037316 -0.0149950220275889
-0.0575818534266693 -0.0320283958476478 0.0671471055362304 -0.0249414209201956
-0.0303317399871053 -0.0679777194710688 0.086452782844626 0.00307054071838075
0.0317371352598083 -0.0749250821778891 0.0703611292309008 0.0754390707744601
0.0989290768270476 -0.0325779872793684 0.0228099368735782 0.117176886217726
0.113020763686273 0.0626645552146874 -0.0267784108400413 0.118481760371489
0.0758689689062361 0.137348371560804 -0.0121865937188939 0.12327673838867
0.046385338986429 0.138043110843862 -0.00721999236876945 0.0213750219555619
0.0862426696073319 0.0780803521031983 0.0492650441774012 -0.0638133145169952
0.0955566171342956 0.00496544497080861 -0.0543570690752585 -0.117675800471934
0.0525932926890848 -0.0593288630981754 -0.13208391201038 -0.0210413145494418
-0.00726823127944231 -0.0766883844179567 -0.079943204942062 0.0800090852027151
-0.051322357023798 -0.0504696021231509 -0.00347257594149067 0.0853727961987768
-0.0566841640239232 -0.0162008242073138 0.0261443081189168 0.0483477197163249
-0.0556758982170791 -0.00531695488650083 0.0289417481316868 0.00949905288702511
-0.0578415866336407 -0.0102735852764728 0.0264850924789389 -0.0190362961708727
-0.0724681392964318 -0.0371796085651666 0.0425648221299349 -0.0414798303514817
-0.0461669584520571 -0.0815487289528727 0.0737433206943129 -0.0354062849769928
0.0238474486406947 -0.0966360481057802 0.0874397553756467 0.0356427044900818
0.112911754713544 -0.054723125600391 0.0503538498025498 0.0986072814440331
0.138079349772726 0.0629928074785456 -0.0115804841619485 0.107357256334831
0.0860501213422276 0.155012969250244 -0.0177127419367217 0.0776856908668565
0.0244474351995132 0.157026870564788 -0.0145647526312312 -0.0411491506545555
0.0827040676798206 0.114951145395392 0.0471192182804499 -0.0842343748245209
0.117811775543106 0.0336436833725932 -0.0326500289468877 -0.139166911603059
0.0797836865746313 -0.0622843132984365 -0.115270127097638 -0.06117135746899
0.0022756319888495 -0.092541791629425 -0.09319042386288 0.0362912356189567
-0.0560510468509717 -0.0636933971660502 -0.0333272702269685 0.063137472524764
-0.0669697933604291 -0.0221694132225916 -0.00259971227170995 0.0431866001853123
-0.0620231557240239 -0.00621202446281803 0.00446151705218303 0.0069217875650771
-0.06152835510336 -0.00947091420936201 0.00127835921350329 -0.0218231862411342
-0.0749494176077957 -0.0377398476206653 0.0152216524543639 -0.0528203347648192
-0.0523466392835301 -0.0826463995765154 0.0526715121095601 -0.0651721781699437
0.0149272921933699 -0.101368560789792 0.0905474091627638 -0.0016203316143962
0.10926541052957 -0.0626162999547532 0.0654707845516014 0.0744033126065704
0.136954099789092 0.058418565316962 -0.0042788698094496 0.0937563378141547
0.0807978499213698 0.149995714085901 -0.0291235447730031 0.0309920363731459
0.00052962644034753 0.144063500886036 -0.0142720984189508 -0.103076831828785
0.0573340237273126 0.124886493701079 0.0480545097159605 -0.106176209460807
0.106500729436139 0.0555803770549613 -0.00505576460338291 -0.147377485034695
0.0865020732315676 -0.0474525919980452 -0.0818736667358844 -0.0953282357699011
0.0122654672871785 -0.0869249551447949 -0.0953184182465112 -0.0121505977647794
-0.0501793041674119 -0.0647710862185127 -0.0613839734350066 0.0342398420362614
-0.0642681081117492 -0.02446542404883 -0.0327333541955506 0.0340750824630399
-0.0584462621076899 -0.00672915567492382 -0.0201027064443142 0.0035325454789076
-0.0566832063737675 -0.00812817155401789 -0.0233827412985881 -0.024397764680818
-0.0667044109516778 -0.0351147731739416 -0.0077660521058719 -0.0608941657229371
-0.0459165836200211 -0.0757741364626744 0.0336275758694566 -0.083353882427846
0.0149755370714874 -0.0907547584760296 0.0874155977449043 -0.0281907609392984
0.0965526795145438 -0.0497937922918518 0.0699300346837207 0.0545913928910953
0.112956068614171 0.0577373491697276 -0.00340179742662197 0.0785505029908359
0.0564338859422048 0.129523247347867 -0.0392496915725757 -0.0110985810145552
-0.0170642836948626 0.101120268111971 -0.00790757273652433 -0.151607054015059
0.0240163545447205 0.100890294622672 0.0509329972522515 -0.121804335019825
0.0701627976182426 0.0563099988569687 0.0194800810872228 -0.143315382366333
0.0686972275921952 -0.0248523796582002 -0.0463427231984193 -0.112989437398423
0.0153966492402336 -0.0628160896568918 -0.0883722543684242 -0.0511431059118033
-0.0346365164611768 -0.0515100727325396 -0.0823347032227998 0.00708811212306253
-0.0506960653799806 -0.0214610729525395 -0.0587928964730963 0.0246023397717155
-0.0457610522352652 -0.00669541614426194 -0.0414847426186233 -0.000338927865243121
-0.0453493212674916 -0.00675484559643735 -0.0422293161563358 -0.0281472127659001
-0.0516043614024401 -0.0297915844734708 -0.0241514912085203 -0.0680505434649259
-0.032422380584846 -0.062625008917129 0.0220378806576527 -0.0955536540554228
0.0201847092168235 -0.0708579366548915 0.0851724191374683 -0.0432916049396262
0.0808526527613624 -0.025439269306078 0.0696381435315306 0.0408775583599082
0.0752894113515281 0.0590050577799533 -0.0029685139510475 0.0643336722375612
0.0213028642834703 0.0968764961064703 -0.0424885418398661 -0.0451067186425569
-0.0279822630302993 0.0399519864373131 -0.00270952636087336 -0.17549467478988
-0.00619832149155042 0.0535614943296978 0.0511329986272694 -0.12654085635489
0.0255919433483196 0.0374366039947994 0.0331467234750574 -0.134759944217425
0.0354274471107927 -0.00473403178208085 -0.0250597905877226 -0.119419971094445
0.011759640963217 -0.0290680703986812 -0.0821027536636988 -0.0715813205390664
-0.0157573097395853 -0.0293786222008257 -0.0939922186337167 -0.00964283135406099
-0.0282509956718362 -0.0148002425736212 -0.0759105892014077 0.0169677730490504
-0.0269167448730864 -0.00548562318624712 -0.0556613888141286 -0.00463015506125652
-0.0291124599326798 -0.00415100470158439 -0.0553006171271409 -0.0331899383565337
-0.0321046617164081 -0.0209002049267871 -0.0333625873620534 -0.0749171862991602
-0.016917545099734 -0.044603520930076 0.0186020110707459 -0.101646855569806
0.0229550787902004 -0.0478903521722744 0.0868278073030254 -0.0499053387516342
0.0593340421355208 -0.000558550261984332 0.0693802473357945 0.0356045115384244
0.0335047373502607 0.0540044354792427 -0.00351034710089486 0.0530183742577667
-0.0156153988936282 0.0553969585712946 -0.0376565645232711 -0.0687068365375031
0.0388831690591018 -0.010883768478337 0.0499145738420628 0.102576236555941
-0.000101285926533949 -0.0318607999862687 0.0515286033708316 -0.050253908232519
-0.0264137801658307 -0.0119892226343286 -0.0703423332926888 -0.0556564472330734
-0.0122408677296572 0.0158400582510659 -0.115237373090268 0.0455434347313401
0.00309695529935141 0.0116475995860221 -0.0300054444725657 0.120380472508653
0.0082217584781238 0.00760406730992005 0.0460975905342311 0.0938938042229515
0.00983260572563911 0.00156309110963336 0.0656120636053391 0.049078955831222
0.00277760661014022 0.0014580864648926 0.0697817776279212 0.0128732905274679
-0.00205023917678499 0.00399568973254311 0.0796360604547354 -0.0054640102041479
-0.00893007304931134 0.00310406720490075 0.0931120286809528 0.0105665017776104
-0.00685087211495026 -0.00593926711652158 0.0806888306849187 0.0690002582732905
0.00247597299239499 -0.0136563962106008 0.0207407404004191 0.122444670979697
0.0166369174078374 -0.0171135650227441 -0.0354050241162107 0.126485635218234
0.0363156450783818 0.00073387384090044 -0.0723143765151158 0.130940908742764
0.0464044008205524 0.031365861558361 -0.0208809686178502 0.184477156827134
0.0557877204687377 0.0440158246204033 0.0300402895092988 0.0976046444460292
0.0360896387015468 -0.00587743059652367 0.0530206818399906 -0.0458259013634339
0.010327714648111 -0.0183443496487482 -0.0700890142475294 -0.0710810232484198
6.33482352568663E-05 -0.0115192563740428 -0.126120282772992 0.0347838328205776
-0.00688498117331458 -0.0169490858130278 -0.0425416886971983 0.120635561896475
-0.0151789741855949 -0.0103174709270957 0.0391591603815301 0.0991614207833618
-0.0148478024547187 -0.00323117413569716 0.0624183776092666 0.051705891869471
-0.0216307735421591 -0.00203855656991877 0.0647405395683984 0.0132010474429195
-0.0268516593179938 -0.00492613820473359 0.0705695830345475 -0.00907458275629972
-0.0359046341590818 -0.0193383792394944 0.086046941846859 -0.00451523695855236
-0.0139995549656365 -0.0427550506168605 0.0885043913495218 0.0432011135570256
0.0280218949861701 -0.0437178514511774 0.0435029394509766 0.108854596320746
0.0654471989669049 -0.0130791687488945 -0.0109918172652812 0.128565683661766
0.0750867061296858 0.0459352677623193 -0.0525518213127295 0.127758299722059
0.0602635420778422 0.0977530594647549 -0.0160865577843743 0.163734724004791
0.0580195921447515 0.0988604808485509 0.0101364990560598 0.0704249776176471
0.0685221537725958 0.034012311719162 0.0543742498549682 -0.0502742126339289
0.054743605449054 -0.0132032620916408 -0.0666094433690469 -0.094990863828444
0.0236137173414526 -0.0395451655802865 -0.136259685530548 0.0116862279532734
-0.0112705025998703 -0.0497472737342971 -0.0625839161538803 0.109622724754539
-0.0367030002202966 -0.0311689711020014 0.0218056979749914 0.0987028255616745
-0.0389872082033432 -0.0100258341524907 0.0485114228959587 0.0515898438309923
-0.0425186918596109 -0.00513324553622047 0.0506420783860056 0.0124371289225344
-0.0473982082793521 -0.00919091585491506 0.0516225280274148 -0.0140907452425023
-0.0597897174235874 -0.0331484710950616 0.0686628084506463 -0.0244044245663079
-0.0300933885100686 -0.0700855892998069 0.0877795760951993 0.00433102760187335
0.0337757917008853 -0.076281238241385 0.0719253502739406 0.0795922670835481
0.102074626206273 -0.0308714938455061 0.0217369782759754 0.122046251634727
0.115275905508265 0.0667805273364147 -0.0304901605884353 0.12144972821349
0.0765014600888775 0.142634492718436 -0.0138602697840642 0.12633466930571
0.0449636873964475 0.142285656774263 -0.00573680232983162 0.022137260122958
0.0869285589787954 0.0814019792513562 0.0540321984934727 -0.0640844824627407
0.0979224006422788 0.00683361824224809 -0.0535611142663837 -0.123116492339507
0.0552015460928989 -0.0602980641241425 -0.136254828882989 -0.024800233446855
-0.00729567578034069 -0.079370899120652 -0.0842766782164291 0.0810698048521246
-0.0528085105757889 -0.0517410060519504 -0.00437230051710575 0.0880207896749116
-0.0587042249820904 -0.0174472935193871 0.0260998296967077 0.0500178506690827
-0.0569630035061615 -0.00707395267772718 0.0300384896834834 0.0102013906984321
-0.0597690977172591 -0.0108787939273986 0.0272638540693468 -0.0187520719483052
-0.0745822463343201 -0.0390149579875767 0.0437178404359279 -0.0420366664262702
-0.0467789505079487 -0.0840763819304159 0.0751333516818965 -0.0351462577415861
0.0254355471296777 -0.0991051474376655 0.0903368698182004 0.0390863223082505
0.116963458134033 -0.0537139077781644 0.0505497266567148 0.103252381822821
0.141071414593829 0.0673177058829426 -0.013884250707222 0.110947108476827
0.0868512328662555 0.161243886519941 -0.0195618624151571 0.0795848023785102
0.022114151626277 0.160955815824232 -0.0131125738171402 -0.0412876729649437
0.0829180398921835 0.119333122666104 0.0529316263574631 -0.0853645158819496
0.120199994515015 0.0368425234255191 -0.0307128702532506 -0.144333299783096
0.082939912244123 -0.0629203850447778 -0.118227511178563 -0.0660279210898009
0.00294319070327288 -0.0947776973676378 -0.0972697349668305 0.036096201973666
-0.0574760752275854 -0.0658433971155084 -0.0350996463395225 0.0652533689060247
-0.0684167754056536 -0.0236368227484459 -0.00363316874707929 0.0439908120993392
-0.0634591603090112 -0.00778923487774493 0.00471688591754978 0.00726335021351563
-0.0629536880734677 -0.0105033451639171 0.00171139264920706 -0.021859920084424
-0.077507797581853 -0.0394114610189813 0.0165958586031819 -0.0543813636868284
-0.0533416485745138 -0.0852930130270345 0.053919766352528 -0.0660863316196161
0.0161602578689224 -0.103979205679543 0.094199822160295 0.000433391469524245
0.11288276572974 -0.0624410284692286 0.0671506508677648 0.0792338295278594
0.14011895854446 0.0619109181859541 -0.00570388081462093 0.097232609166323
0.081347639929284 0.156537788371165 -0.0294886836578535 0.0309557817210187
-0.00202837398338685 0.147445733403202 -0.0115412714506413 -0.105732696705213
0.0570318287568471 0.12911223075245 0.0528988987357566 -0.107056310172167
0.108728412463608 0.0598440445949098 -0.00160576153058842 -0.15253802228214
0.0899036394485942 -0.0475110581095305 -0.0824421124897692 -0.0997568863156897
0.0132344899707317 -0.0892767143634365 -0.0982973809008547 -0.0139217192544
-0.0506498322254296 -0.0664287226983156 -0.0636991083906056 0.0351032429954693
-0.0663128401476766 -0.0248441054359774 -0.0339280158592654 0.0342493489413313
-0.0592736427937342 -0.00828013353748349 -0.021310273288249 0.00421228569653664
-0.0578704637579474 -0.00940485801142892 -0.0236137573321475 -0.0245910314622575
-0.0685234811784102 -0.0367030948338558 -0.00731900825485127 -0.062500933117313
-0.0471482254691635 -0.0785157812005246 0.0350422223205268 -0.0858164923471959
0.0158838930998334 -0.0930794967859077 0.0915108133715035 -0.0270528118613695
0.100380490559795 -0.0492953245523364 0.0721781980758198 0.0585370368223791
0.115087872563978 0.0615940406259885 -0.00372387524231019 0.0812136084435296
0.0566197186492044 0.134901682073238 -0.0400132357567955 -0.0126015022217103
-0.019442025274278 0.103378783207025 -0.00485018881229948 -0.155402402197692
0.0237250216263927 0.103786435706031 0.0557692435188828 -0.122871161841519
0.0714693531327478 0.0597390805917843 0.0232207259557814 -0.147076475267578
0.0713987934495476 -0.0246596387469497 -0.0455828003514091 -0.117651184678283
0.0163667762461006 -0.0646864876257101 -0.0903621061851189 -0.0538370816025942
-0.0358949025397083 -0.0524745188406631 -0.0848046347679949 0.00672672969018398
-0.0520281300585619 -0.022391181540817 -0.0611666348001996 0.0247728535609283
-0.0471424587824763 -0.0077121691761778 -0.0427642817333454 -0.00118334992835814
-0.0463219277685662 -0.00759570985883653 -0.0433848286067254 -0.0290346618859447
-0.0529847976321301 -0.030860933434648 -0.0242316720612332 -0.0701515351820349
-0.0333735560241446 -0.0653141606752292 0.022785621615082 -0.0978830187477423
0.0213912880474511 -0.0727819571673997 0.0885401103596749 -0.0436282204045671
0.0836130122944827 -0.0243111006748001 0.071936716540188 0.0444405144508749
0.0766758838644576 0.0622086134951246 -0.0039849864374377 0.0663415727490839
0.0207490063643099 0.101176431860793 -0.0431786206287414 -0.047339012586884
-0.0290566902012413 0.0400074032460285 0.00176388211350519 -0.180543756994259
-0.00645316526011891 0.0545686929655074 0.0553624395806195 -0.128651619700056
0.0259956669137658 0.0392898465489059 0.0373527666815323 -0.137571244870779
0.0362641234261964 -0.00447150215060075 -0.023446143500228 -0.123916535231812
0.012390485632743 -0.0301201373604394 -0.0834847875608843 -0.0751324805069299
-0.0162455201645306 -0.0295990780593716 -0.0973921611905324 -0.0105141666765002
-0.0295474353791655 -0.015004065358143 -0.0785440237512541 0.0170473488859742
-0.0271855748554901 -0.00641348205870628 -0.0581855633926755 -0.00494432584222279
-0.0285657754634148 -0.00488107117667343 -0.0561902592709179 -0.0343035702789495
-0.0327791881385646 -0.0212147169092794 -0.0333456872355677 -0.0781458082175574
-0.0173158660439433 -0.0456848190123905 0.0197245381160069 -0.104288193397875
0.024321769711971 -0.0487168766239962 0.0905969434147417 -0.0497546013140919
0.0617222758980126 0.000807280914421251 0.0712255333657071 0.0390018797820162
0.0338711233389636 0.0565157687019392 -0.00475343218480542 0.0546550156161243
-0.016691821269613 0.0569493892660324 -0.0385140788751869 -0.0708865965896634
0.0397508614233263 -0.0123139898722144 0.0555310018885953 0.105054308899297
-0.00138136235464537 -0.0331728902807394 0.0536295576823523 -0.0546663985924508
-0.0275947885941557 -0.0117969244931752 -0.0739540905057141 -0.0573119385228765
-0.012199363595372 0.0166169901498926 -0.11973058722269 0.049962908357803
0.00251898013209562 0.0119176381832581 -0.0281043570329524 0.125892198842279
0.00955174701487965 0.00738359005227222 0.0504264704650723 0.0952555687461167
0.0098499337477054 0.00117955257467712 0.0702265438340402 0.0496900895569446
0.00267704873566855 0.0011215060462819 0.0733568657202968 0.011808752414407
-0.00199883861202709 0.00367804778865606 0.0826768567981641 -0.00806991491615173
-0.00946278375285646 0.004133862368372 0.0968833189982401 0.0086548098699489
-0.00707744644078148 -0.00637197710613744 0.0862055945940819 0.0702197923697755
0.00177170503989692 -0.0145130599018107 0.0237854005565667 0.127167363219326
0.0169372019555323 -0.0178480473989383 -0.0348326698789212 0.131433738760617
0.0377034182489248 0.000336203020403698 -0.0739704292457869 0.137658130001486
0.0486556449641254 0.0318422534230739 -0.0179893171535354 0.191032430767996
0.0585110965659801 0.0438017744444873 0.0350973908982884 0.100514845305967
0.0367614893808896 -0.00686434987766742 0.0560586432494767 -0.0503424905448843
0.00957340251066493 -0.0192984567388215 -0.0745837755859265 -0.0729170323206548
-0.000486394075464814 -0.0116627760393955 -0.13076747535779 0.0388422512345758
-0.00829940139275519 -0.0178551938802129 -0.0421210150633224 0.126790006359595
-0.0152012978432623 -0.0100176031210606 0.0433341112822519 0.101579241178104
-0.0153207922749303 -0.00306845125756433 0.06652665892439 0.0516770438554465
-0.0227264041362876 -0.00169136686147189 0.0677684590643492 0.0118491611203648
-0.028569271807692 -0.00385580200941128 0.0732075079116518 -0.010885270813357
-0.0377136217130949 -0.0182998349681977 0.0891095197503955 -0.00688270307474277
-0.0158314962753635 -0.0443921751420724 0.092657354628085 0.043377055622612
0.0278495853148118 -0.0461304426113027 0.0479942297554885 0.11268189175418
0.0676837852612242 -0.0147773771488924 -0.00916872708175093 0.133690270695468
0.0785297241453393 0.0469529315112922 -0.0523861829463049 0.133979595914897
0.0648833065001198 0.10034357726424 -0.0129332568818852 0.169341917556636
0.0622777040549391 0.100881533243825 0.0139412592997976 0.0727790976408872
0.0713892986747545 0.033606775357954 0.0580099807894884 -0.0545353486230898
0.0562876852640571 -0.0146894165413393 -0.0705821300745214 -0.0985109203607079
0.0230023527401065 -0.0415860736400374 -0.141584217678445 0.0149224869735702
-0.0138955828815453 -0.0505959350939945 -0.0625243975579837 0.115923583832223
-0.0387400604470616 -0.0307599268489072 0.0255779247203477 0.10167286721281
-0.0405774681145218 -0.00950709821076464 0.0520421794079721 0.0530799216002349
-0.0444780632022449 -0.00452184295798769 0.053854947548987 0.0114291681797314
-0.0497293512725626 -0.00792575563063831 0.0539201848475416 -0.0158569530445469
-0.0629725775761434 -0.0322482542713292 0.0703906981777939 -0.0269173153347167
-0.0339986485044907 -0.071902716747064 0.0910001251750469 0.00315659010049658
0.0330408273070406 -0.0802831904451607 0.0772017498951988 0.0817808228958804
0.104925803097484 -0.0335765404226746 0.0253192696970806 0.126376276871562
0.120978619146232 0.0670995771043284 -0.0293033038744038 0.127335562522626
0.0833748079944681 0.146851493093481 -0.0111873189265396 0.130279942632436
0.0499976552173503 0.145491255204104 -0.00377735400592574 0.0232183060904689
0.0921340891511355 0.0821412698437291 0.0574476313882758 -0.0675235585363553
0.101761336787519 0.00503175161442316 -0.0578257286853354 -0.127414856816943
0.0554457952508051 -0.0641691325762144 -0.142989772941051 -0.023483340615532
-0.0105106615929734 -0.081576861120543 -0.0850439262298974 0.0859233385758716
-0.0561054202107394 -0.0515602682009926 -0.00220742285185185 0.0911563282380806
-0.0609168810379779 -0.0164330337511969 0.0281048833956499 0.0511353874032349
-0.0594136126172575 -0.00574421164672957 0.031618945694164 0.010082649686041
-0.0627887504834681 -0.0101687185700965 0.0286651390488851 -0.0190159003132143
-0.0790767853672574 -0.0378237818838023 0.0437677684047812 -0.0444624042654076
-0.0508223073112466 -0.0857939094090433 0.0757792180850359 -0.0381775818377078
0.0235945603533453 -0.103677209319731 0.0951044036597272 0.0394455365474842
0.11951967156361 -0.0582731880036734 0.0559547749365744 0.106901510581141
0.147479020581009 0.0662894627137219 -0.011764454467201 0.115553337876458
0.0950742222495802 0.165184160002733 -0.0178983190311642 0.0821491974879009
0.0262297110693294 0.165456397851266 -0.0138544669073417 -0.0417166608705264
0.0887636785717332 0.121348474560797 0.0555574509165878 -0.0886197596538341
0.126178541359282 0.0358328423220979 -0.034001571585445 -0.149824257065492
0.0844286419417192 -0.0675502750473999 -0.123948915606866 -0.066487923665176
-0.000183121631233203 -0.0987660595186573 -0.100891017228729 0.0395581547617889
-0.0613492185408639 -0.0652882062484324 -0.0348821440442139 0.0685389716975561
-0.071637600351042 -0.0221814843330475 -0.00301067818856816 0.0453155064979535
-0.0654289854750402 -0.00713291888078524 0.00488191420695602 0.00827430253753484
-0.0652184252137734 -0.00941603174694191 0.00091728482358531 -0.0218858125689376
-0.0818972164916618 -0.0381144642424517 0.0152362449655279 -0.0565379110620477
-0.0581504037091973 -0.0869879344168019 0.0531945845993956 -0.0699769482842242
0.0138275569390134 -0.108350980923124 0.0985461443720935 -0.000927060129484748
0.115425583172404 -0.0665683017031687 0.0730953022738623 0.0817979751975616
0.146708710454187 0.0607521327750495 -0.00322636862415402 0.10047732484506
0.0886475063854834 0.160768432942242 -0.0298619280443541 0.0324658944162133
0.000596294585622608 0.151817203079498 -0.0133964243653075 -0.10864698947992
0.0620445806889905 0.131980262558298 0.0551908416337817 -0.111101710377103
0.114861462155358 0.059908188121634 -0.00459579716295179 -0.158010195379414
0.0923072039576463 -0.0523672367383023 -0.0879383833515482 -0.102260878681324
0.0109548452778043 -0.0930563071005663 -0.102700122196289 -0.0124053884126037
-0.0548818955776665 -0.0665693480856163 -0.065182658701882 0.0382060319389297
-0.0694638628374895 -0.0237885605569116 -0.0349859344334842 0.0370648379078893
-0.0613553734886582 -0.00768754859799011 -0.0217986892206395 0.00436357270867014
-0.0600461818492366 -0.00841666288493209 -0.0248537356277791 -0.0239978404565185
-0.0729896686250914 -0.0355905311834756 -0.00950424680653679 -0.064747696738387
-0.0518638095384987 -0.0792050874816451 0.0326037871987473 -0.0903200620144806
0.014088444374304 -0.0971335195011315 0.0947799117093782 -0.0300273212291311
0.103159332520823 -0.0526024981223547 0.0779555087332963 0.0598676541555407
0.120876499443318 0.0606035417917868 -0.0013601681245258 0.0842219538829978
0.0624892675157342 0.138626107858952 -0.0414089087706578 -0.0125493278066913
-0.0175469122454111 0.106493120614042 -0.00775411771404049 -0.160298940865972
0.0267023100045477 0.106192492129866 0.0571669620871035 -0.127558806908514
0.0759289422548156 0.0607745535462389 0.0216846784621227 -0.15295041284975
0.0733358167380133 -0.0278969048681925 -0.0498297647867023 -0.122468282620256
0.0146302319989971 -0.0676004366709852 -0.0952235776382263 -0.0541393139666164
-0.0390396663100761 -0.0527825901586853 -0.087925614579514 0.00970072804880113
-0.054662117765732 -0.0207552359412692 -0.0626781027953262 0.0278901580206706
-0.0489516848013693 -0.00777909528143709 -0.0448824524126182 0.000565571414294159
-0.0475654804958043 -0.00700433455686324 -0.045335678215909 -0.0283325072114373
-0.055981136411626 -0.0303998869550596 -0.0279294586892456 -0.0720887999407483
-0.0368107269014165 -0.0665346306399858 0.0202069417343588 -0.101956919265243
0.0196535068796661 -0.0762585151246909 0.0912539295970812 -0.046488299805411
0.0857856669201926 -0.0267660858525468 0.0769653380684392 0.0457526914829307
0.0811604433517936 0.0627532400548487 -0.00225128655449999 0.0685691825846716
0.0243250282593025 0.10407016246274 -0.0467035458329855 -0.0479044969970619
-0.0294256558588339 0.04123006527647 -0.0025349939391766 -0.186652797158251
-0.00483037171173735 0.0558335595682588 0.055922278063473 -0.133693189319706
0.0282030416246741 0.0404869478967655 0.0358749385743948 -0.144090158920262
0.0376400431436787 -0.00601213976020018 -0.0268644956956396 -0.129111886451708
0.0115509931303091 -0.0316653395614538 -0.0886717609336477 -0.076112996582316
-0.0176259906641095 -0.0295396860489914 -0.101249025955346 -0.00751910289782268
-0.0307429660662114 -0.0144215810354686 -0.0811293848536909 0.020624741311031
-0.0285007365095832 -0.00637729804333978 -0.0606024146037642 -0.00396116815845119
-0.0294435915499953 -0.0045732886623318 -0.059143071560053 -0.0338902230530939
-0.0342436197003884 -0.0213431334605173 -0.0373878313028082 -0.0803048144395404
-0.0193287061947752 -0.0475673445901956 0.0166136143677153 -0.108880799923321
0.023582611711986 -0.0512585787226892 0.0933855168710758 -0.0537820013452677
0.0642733056093541 -3.20940007037624E-05 0.0761549036955459 0.0396581645235219
0.036420301142511 0.0577872717430688 -0.00352756702569874 0.0567693485551904
-0.0155945422875272 0.059692563794684 -0.0416983519098176 -0.0718664099515189
0.0393823854215819 -0.0151477850142051 0.0631698355619116 0.101706273904458
-0.00351625861320728 -0.0331992722280653 0.0522646369231947 -0.0590940652457353
-0.0289676509499898 -0.010500126141813 -0.0777324219659011 -0.0549582252298629
-0.0115192210422053 0.0176027115323623 -0.119191974052499 0.057400596003589
0.00311410157415363 0.011985419648855 -0.022292524810732 0.129650951072432
0.0101920906388416 0.00665545062793913 0.0557716245744873 0.0933621124707818
0.0101186437260525 0.000794170912130075 0.0738142422510458 0.0459397411158252
0.00255141551707839 0.000748681698267651 0.0749538587459775 0.00751285068950905
-0.00221520164593594 0.00411461800117116 0.0839856081537727 -0.0127864619120029
-0.00905818432448849 0.00486725664169025 0.098342362281813 0.00351675613833011
-0.00799552162374566 -0.00590146499594912 0.091000104613585 0.0679073058884818
0.000745642620206499 -0.0147246647062747 0.0313488617058937 0.127847848695516
0.0165537303611355 -0.0185633570845455 -0.0299818824182696 0.134939622384048
0.0382029813999368 -0.000969445589160073 -0.0683054162692427 0.142897712790694
0.0511108801661977 0.0297127691155652 -0.00928497254005847 0.193445964885704
0.0606790810893727 0.0411019484854933 0.0423668961226355 0.0984669714725475
0.0367250623262626 -0.0089109148319 0.0549685900222375 -0.0546468704380044
0.00868290334167879 -0.0202307460451138 -0.0783301577604486 -0.0711938063045342
-0.000939833661077468 -0.0120114886624034 -0.130883534701764 0.0461171993214125
-0.00958905896478558 -0.0169640823807035 -0.036226600328651 0.130295539787384
-0.0160240620249394 -0.00916893519705906 0.0489763818325131 0.100160435463394
-0.015458748181905 -0.00211688194839876 0.069447607786106 0.0488860318792784
-0.0232698558249949 -0.00043769668473395 0.0698872126267724 0.00870441739360449
-0.0291964449458849 -0.00269407623501886 0.073647863871206 -0.0152586091345919
-0.0394674593990589 -0.0162915039328301 0.0899004504473885 -0.0116290768780454
-0.0187778611006864 -0.0439817319375967 0.0959469644336429 0.039147898771902
0.025050304417884 -0.0479365321805356 0.0553114762693885 0.111867968032763
0.0679479774175419 -0.0172636994884817 -0.00296265009336195 0.135944352789268
0.081883489256771 0.0439148011705802 -0.0473159659494856 0.137813093089299
0.0706545838426865 0.0984545766620398 -0.00439155173060845 0.170828297610751
0.0675052955167385 0.0978329272916534 0.0196073214703215 0.0725760989529773
0.0732521838248238 0.0304088624569751 0.0573905904642631 -0.0583930103384704
0.0556968086927419 -0.017736954557598 -0.0759993732234842 -0.0971163872256075
0.0209494880585541 -0.0433494507554671 -0.142754907996575 0.0218986845041505
-0.0173766390618332 -0.0503429677395174 -0.0571491372854791 0.12054736159724
-0.0407963671443131 -0.0285790535852157 0.0310127895540462 0.101144031780807
-0.0415088765793048 -0.00698626893032354 0.0551751727153838 0.0506841569319612
-0.0458394880677425 -0.00215794066550026 0.0546350276766185 0.00883072760177439
-0.0508533312633297 -0.00567525921056793 0.054055461480483 -0.0184762996859343
-0.066062363601365 -0.0284308687231539 0.0697192064003651 -0.0305407575865989
-0.03860070338384 -0.0709145745498817 0.0913247839295185 -0.00175107864657918
0.0283117951922222 -0.082480413917575 0.0823937010003649 0.0795598749876489
0.104494627054241 -0.0386372842540252 0.0325399055595699 0.126611984749126
0.125603907855859 0.0618421542133327 -0.0231841464370828 0.130062798751822
0.0923411758404421 0.144206440776205 -0.00415360789477511 0.130765901042195
0.0569490589754117 0.144111403724411 -0.00120367226278504 0.0240315609649114
0.0964869935090853 0.0777281000265617 0.05743507090944 -0.0717978010310609
0.103420362490062 0.000372448585674519 -0.0647146597766057 -0.126661470801726
0.0525405806743425 -0.0673923120649425 -0.145478845105 -0.0168280636036016
-0.0161831881791553 -0.08181983835811 -0.0821747567895194 0.0916251505674526
-0.0595107306684645 -0.0484614915441144 0.00269014849406401 0.092358497996352
-0.0623597105248013 -0.012523053431301 0.0308537372111555 0.0497240389380968
-0.0604480209617351 -0.00313024377601414 0.0325483118159982 0.00921377328284393
-0.0636096748777547 -0.00688092122959845 0.0284766005791495 -0.0205601130323119
-0.0823839221025292 -0.0330133772133337 0.041871117799214 -0.0469166993628692
-0.0574073180748434 -0.0834223983187024 0.0737297231053086 -0.0417825895592648
0.0180501124190666 -0.105800398978513 0.0990713259423362 0.0353089583815197
0.117805951329794 -0.0646916835392666 0.0620978036537984 0.105864775726423
0.152481555789156 0.0595553327256816 -0.00626601096254411 0.117122994481685
0.104946536270151 0.162643711169053 -0.0132847557184301 0.0827886408718108
0.0344185304577274 0.1656886132471 -0.0143183605381036 -0.0411962473743959
0.0957748517592742 0.117878695877187 0.0544444590095257 -0.0919453223220312
0.12949831326664 0.0300781406652606 -0.0417792448916997 -0.150047509183311
0.0812036220598161 -0.0727755143863318 -0.128885385001035 -0.0618853963619663
-0.00634850470788609 -0.099311781733992 -0.099762554758217 0.0451691807974948
-0.0659717753296125 -0.0618733167382792 -0.0316205857419308 0.0713657667082199
-0.0735984102190633 -0.0174295124731212 -0.000369008199628296 0.0461583768154037
-0.0666355968969112 -0.00416828818534447 0.00532027615485103 0.00793060855600896
-0.0665935009403588 -0.00622646137313742 0.000619801847489875 -0.0215486978919845
-0.0852059897596536 -0.0329324986397836 0.0125437193102602 -0.0575550929957257
-0.0642660593396062 -0.0839744776607509 0.0489357144197941 -0.0728927386168605
0.00723479762101524 -0.109660832329229 0.100373721091874 -0.00563390803223539
0.113111253654989 -0.072867275248772 0.0790674519316659 0.0797928698439439
0.151206535454675 0.0541159906292149 0.00209540015949706 0.101859891223702
0.0988754428368211 0.157667243312627 -0.0287552961955184 0.0334443739779018
0.00786405965643656 0.152810739943041 -0.0175314023033133 -0.107967148255871
0.0689316287352861 0.129789862895301 0.0525255530555119 -0.1148194705958
0.119257577286285 0.0545194945550539 -0.0116219926103362 -0.159526786454354
0.0900839564496945 -0.0575570033882967 -0.093892593937335 -0.100638090102073
0.00515593703196761 -0.0945029704760758 -0.103958814870572 -0.00752103973144684
-0.0589509085340271 -0.0627616117173566 -0.0635416925940963 0.042119810551123
-0.0713295270843125 -0.0196023087717301 -0.0341734795079382 0.0394106804690695
-0.0624397851593386 -0.00499849368871525 -0.0223537817904215 0.00596171066774281
-0.0606267378201484 -0.00558475455632844 -0.0256308290302536 -0.022942761932123
-0.0758776277237195 -0.0317120979986178 -0.0126686730483002 -0.0641519370475426
-0.0569548652023057 -0.0769950695277174 0.0269242509516306 -0.0918766190264474
0.00862772777904236 -0.0983334364644598 0.0944885221022134 -0.034326069074158
0.100792888799632 -0.058270108662664 0.0832592352382774 0.0570710650730268
0.12565158846596 0.0550123728696632 0.00244337967369936 0.0848946873406053
0.0714918260451445 0.136361362158661 -0.042589529183866 -0.0107856469034545
-0.013435237423751 0.108267405508973 -0.0146850335918213 -0.16047527359934
0.0324332577736687 0.105227599815938 0.053103298490777 -0.130740349544494
0.0805968893927329 0.0572655504977504 0.0152226148077517 -0.155573893506174
0.0719361609939219 -0.0323156134047334 -0.05558962566072 -0.122126345436271
0.0107597481856942 -0.0693537513824758 -0.0988973369702009 -0.0503366732530383
-0.0421358863150473 -0.0502005853785938 -0.0877355339050595 0.0150566340810821
-0.0565067679459748 -0.0172325908221813 -0.0623786758609522 0.0318599990099073
-0.0491388165989435 -0.00542475473501876 -0.0458505649510415 0.00312547527884549
-0.0476228124327997 -0.0049478071398521 -0.0470702899242857 -0.0256779272606001
-0.0587870150695273 -0.0272607036018927 -0.0317190628154804 -0.0704538003639973
-0.0413985848231691 -0.0644558945761932 0.0146220105676107 -0.103555251786657
0.0148784474483672 -0.0781402036896744 0.090415186766191 -0.052264185185939
0.0861549552389519 -0.031438113159268 0.0811518529383917 0.0426235278159062
0.0849824526757912 0.0585736980426031 0.0013740365195249 0.0690124752065296
0.0307535902663142 0.103966614366326 -0.049740807157099 -0.0466998291692975
-0.0279597057945032 0.0426501941084382 -0.0109717832615781 -0.187730419548955
-0.00287086061267927 0.0556689211138825 0.0510574245452593 -0.136238082842158
0.0306329001548565 0.0395431035674231 0.0298606799394635 -0.147122649927584
0.0373616700564701 -0.00817768700629511 -0.0330522559559396 -0.129859327548201
0.00973616644471059 -0.0325975019267573 -0.0937552753093875 -0.0728387216981976
-0.0195081921438536 -0.0276692426231648 -0.102570994150997 -0.00200253231337331
-0.0317990463915669 -0.0114929100420634 -0.0808313835645162 0.0253951635252421
-0.0292134518511221 -0.00590320092660693 -0.061647907597704 0.000142704109448236
-0.0294575038571434 -0.00349036528172474 -0.0611442231475897 -0.0303037345307021
-0.0362428649918811 -0.0192794591287552 -0.0417816857539335 -0.0789761938469031
-0.0223555432946946 -0.0460242606445818 0.0107469325811913 -0.11116361319959
0.0205412784701342 -0.0534381939560787 0.0918573620781891 -0.058926546364164
0.065469303858689 -0.00318447489369467 0.0801376337733568 0.0374182246222321
0.0392961483748359 0.0564319749974365 -0.000707738112243154 0.0575755618763031
-0.0127755259588358 0.0613087153585854 -0.0466601353104504 -0.0696914861296675
0.0374034413242373 -0.0162579590633051 0.0668739701300937 0.0954253215630139
-0.00533551659108287 -0.0319229887353178 0.0488879423205071 -0.0616169832243432
-0.0286824511968592 -0.00908882105180971 -0.0781879895037378 -0.0515019208908831
-0.0104545748048326 0.0179994912857443 -0.113135618534509 0.0614878311483162
0.00320329013987556 0.0114597033101595 -0.0154804590235897 0.12763025157508
0.00980346469645763 0.00527103205453617 0.0583799407996851 0.0879300292841578
0.00980330171480183 -0.000363485760779813 0.0742730238612976 0.0412577517128705
0.00182909917173297 0.000641770301077031 0.0743680269914216 0.00410177312978261
-0.00230522116960909 0.00392793960415617 0.080935731259586 -0.0165106443340021
-0.00872937649095234 0.00532065814409768 0.0960144049059219 -0.0016242617009667
-0.00775327365946952 -0.00639924443893289 0.0918679605433979 0.0622113968704905
0.000154625615203794 -0.0143640926093315 0.0363577980764236 0.123554822001096
0.0152270890155891 -0.0183500004065469 -0.0239634167283502 0.132252741310161
0.0372035691913972 -0.0017918873909041 -0.0615754189965773 0.142096716572299
0.0511301519218521 0.0265438012831538 -0.000766611045880945 0.187508975580333
0.0605930899898674 0.0372751763807876 0.047296410829555 0.0926149578741394
0.0348799351090157 -0.00999739337664877 0.0530047949286932 -0.0568875805941075
0.00725969931134712 -0.0198548568788961 -0.0790342979071943 -0.0665831772891529
-0.00175205880359475 -0.0114532334755369 -0.125644634811252 0.0507927935723246
-0.0100936597924902 -0.0160991907076456 -0.0293656785818798 0.129081689623522
-0.0157075147565653 -0.00831611954000017 0.0523595141885026 0.0949580474427555
-0.0151002330741509 -0.00172651903884919 0.070411716408765 0.044624945899831
-0.0231851550753221 0.000502078579823424 0.0690703352676845 0.00494428721908969
-0.0294201979464083 -0.000655458575783521 0.0717232530106919 -0.0188655342263549
-0.0391496263347815 -0.0134770072221209 0.0868528487255452 -0.0159068573547921
-0.0206182170523775 -0.0421532610144405 0.0951889275376002 0.0343908992045003
0.0224997961239722 -0.0480284752818323 0.058713837629925 0.107278035404657
0.0654389871889619 -0.0193160525227678 0.00233646980597638 0.132057633409162
0.0815264405589721 0.039884284826949 -0.0406270603726057 0.136587356215383
0.0729969607013297 0.0927072360373152 0.00361336855628578 0.164970232981957
0.0692394082326251 0.0919207613185749 0.0238388342772113 0.0691339565959721
0.0721921347972914 0.0261369565120896 0.0555860262639665 -0.060985920171768
0.0532914627217046 -0.0189660656615072 -0.0778335326289799 -0.091851170972051
0.0185038171418023 -0.0429137069979309 -0.138656104905266 0.0273117611962419
-0.0196461117841123 -0.04783679486445 -0.0507412037813389 0.119688250883023
-0.0411146247940853 -0.0254390836216527 0.0349692606671417 0.0967003437506661
-0.040464696432492 -0.00464289219134769 0.0560124488625057 0.0469434899184171
-0.0444874182981989 7.05855873080151E-05 0.0539847287377282 0.00618557453580374
-0.0503166802687812 -0.00326652516330654 0.0525258786650893 -0.0204609806512643
-0.0657933570784188 -0.0244325180258617 0.0666167908688786 -0.0329489917583185
-0.0411222108128632 -0.0667800820859808 0.0883186366554245 -0.00485487751036468
0.0235376040388542 -0.0816152894357954 0.0842462052970527 0.0745739566202551
0.100446243277396 -0.0419039301686996 0.037367763901463 0.12193423621294
0.125401556709573 0.0556520909593573 -0.0179132718826671 0.127312521607512
0.0962958494001385 0.135851327628094 0.0014274670561437 0.126525702376333
0.0613520402270764 0.137194137378589 0.00199267328300047 0.0228863755930684
0.0964844660709239 0.0708714543912577 0.0548905277251547 -0.0730534449426374
0.100423466058646 -0.00418437681530139 -0.0678066743155372 -0.120518982231017
0.0474922294013671 -0.0681977767399497 -0.14272536417138 -0.0102806248275455
-0.0203255264631579 -0.0784163280728195 -0.0756803600617412 0.0923434956789953
-0.0599586085341726 -0.0431264734867522 0.00703492366499825 0.0893060005406705
-0.0608060922710522 -0.00918718767215947 0.0320913116534528 0.0471470656167663
-0.0591452386276635 -0.000550084944757245 0.0322021329109877 0.00728631369541674
-0.0622536165901996 -0.00339928314073234 0.026960435745121 -0.0211431419148273
-0.0823647393233573 -0.0274473254812358 0.0387048088239711 -0.0473639601784919
-0.0603197952733791 -0.0782201075671301 0.0689585739433417 -0.0430208627596031
0.0119060747634979 -0.103248358769688 0.0982065670938801 0.0305573725255014
0.112385726263931 -0.0674617688631978 0.0665282941767582 0.100272863583467
0.151208589283953 0.0510473532954458 -0.00108039441182922 0.113753132039865
0.11037292717857 0.152777542504245 -0.00923999091854445 0.080111170021295
0.0395677008146851 0.159068316843205 -0.0137597140876223 -0.0389876553187406
0.0971443183405408 0.109387896509683 0.0511291235697129 -0.0922997006878819
0.127914682123155 0.0235205149611291 -0.046830314625832 -0.144864400907084
0.0751946793296012 -0.0752566193945675 -0.12852822084152 -0.0551615796913043
-0.0114597257898603 -0.0959837802694936 -0.094923451542562 0.0476559936992207
-0.0672895033677581 -0.0559570331800636 -0.0270374522406801 0.070841526655761
-0.0718338843880611 -0.013230026268562 0.00141157468668505 0.0449160033577758
-0.0650095471045954 -0.00111492823010449 0.00581356792722319 0.0078535309265746
-0.0648634278107487 -0.00285713463816407 -4.36598471844435E-05 -0.0204765653267036
-0.0852148693325236 -0.0275783195347059 0.00986115032547845 -0.0564727542571241
-0.0673368290603674 -0.0781672729512713 0.0433979927062869 -0.0719579991356953
0.00178435097543313 -0.106959534866043 0.0981527888749861 -0.00941607607608883
0.107215948547838 -0.0761533555151854 0.0813087866768103 0.0738879901955254
0.150024688771062 0.045717468792279 0.00584777767983955 0.0986517106559709
0.104500326141366 0.148197831102441 -0.0268191183231723 0.0325892751491698
0.0136566957021228 0.148018390635473 -0.020549415438784 -0.103496523687265
0.0725952473020381 0.121866269916774 0.0482168321880898 -0.113362989228877
0.118844271033527 0.0478833686031788 -0.017962062934979 -0.154937939411342
0.0842012528283676 -0.0606152350909196 -0.0955462040029478 -0.094148420524054
-0.000108632016325019 -0.0921363324973552 -0.101439247147306 -0.00294382544333013
-0.0599531898424555 -0.0570894994925576 -0.0593543193676718 0.0442011232128616
-0.0700839891963088 -0.0152515912995472 -0.0307237057732886 0.0403216594022394
-0.0612692909699645 -0.00244310817100407 -0.0209851352529903 0.007033032680635
-0.0584437531223004 -0.00310527797815173 -0.025640798800929 -0.0205731045307858
-0.0759458502328729 -0.0259867514011056 -0.0153664129634685 -0.0615148036280601
-0.0602459666836728 -0.0715466477313098 0.0211340791631667 -0.0903293605545368
0.00292696566757605 -0.095693411408947 0.0910601073625621 -0.0381639043758028
0.0961701084668208 -0.06126855771181 0.0844154157057147 0.0522285788284597
0.124587093989039 0.0474360217081363 0.00630164259574483 0.0817138762216856
0.0763535863496734 0.129400725744607 -0.0430227330191943 -0.00944501755638775
-0.00914848951450032 0.10553561139286 -0.0200867630180103 -0.155237394539829
0.0355722240563597 0.100148456230597 0.0469890048443964 -0.129255790858938
0.0808700083187175 0.0526909564235509 0.00838264841721685 -0.152199704944479
0.0684412148635407 -0.0351574492177932 -0.0592149803656545 -0.117054019774997
0.00673671327493337 -0.0675464371284775 -0.0988978959652001 -0.0450348386900617
-0.0429921165600773 -0.04556396521454 -0.0848719995237307 0.0189803398913909
-0.0552614710564837 -0.0136414948405917 -0.05915804520282 0.0343575812276543
-0.0484362843249898 -0.00349294537273731 -0.0453709815009382 0.00566492318724977
-0.0462024022543763 -0.00300233753511688 -0.0467484154397381 -0.0228472524113407
-0.0585837299585327 -0.0231836793549486 -0.0342663429319062 -0.0671869022886255
-0.0433892014559815 -0.060775201213444 0.00774221510655907 -0.10087654706837
0.0105987953123565 -0.0764166067745371 0.0860319760736208 -0.0541890445143129
0.0825899623838963 -0.034318410606493 0.0819635119170608 0.0383268518772207
0.0851120518135919 0.0531015707983223 0.00398731425002975 0.0669299619107486
0.0346380459102098 0.0994879030643575 -0.0516426958364162 -0.0430726518131398
-0.0255839527331466 0.042614860444527 -0.0187946884851178 -0.181879064077614
-0.000517709832861387 0.053277033858586 0.0447097300095367 -0.134267998715849
0.0318305253192189 0.0370215458095763 0.022908322531256 -0.14451490874715
0.0356690262748317 -0.00963708278340257 -0.0374088808852727 -0.126232828443864
0.0071992249145281 -0.0320036211470491 -0.0948453423204362 -0.0668283435831502
-0.0199336221104251 -0.0253883021897652 -0.0998508625536854 0.0036490627938527
-0.0314280448624811 -0.00968487445067353 -0.0772833984830044 0.0296294150954715
-0.0283071077568072 -0.00435143812294906 -0.061798635035835 0.0038256084979578
-0.0286938887333287 -0.00235236664589795 -0.0607440554954025 -0.0264214322506344
-0.0359841896096163 -0.0171793736538927 -0.0449580322623396 -0.0739263791444326
-0.0243709532112368 -0.043477860311368 0.00451106263913036 -0.108017027023647
0.0171964165742226 -0.0527224005794574 0.0867636172106556 -0.0610920160723303
0.0637862444059862 -0.00659232616109448 0.080290678994659 0.0334051058768397
0.0407214319280285 0.0530453218291179 0.00161081074804321 0.0561312108273037
-0.00935213858148321 0.0603435351857658 -0.0486813557886145 -0.0652710240273037
0.036128581728418 -0.0106510344889587 0.0548908556544018 0.096924376650707
-0.000919521128133479 -0.0301695061737214 0.054827884285291 -0.0552114995622125
-0.0257931198151011 -0.0122450700906922 -0.0665552711613774 -0.0599109216280065
-0.0126851743726676 0.0145275739880603 -0.112971050958574 0.0432923327270905
0.000932751461932026 0.0112842803987027 -0.0298090594625075 0.117183728730055
0.00773552704739789 0.0054185663734325 0.0442778339145798 0.0899147892058646
0.00918800216267669 0.000365913852159022 0.0657441246588116 0.0478118654358677
0.00110506467150937 0.000467136241959657 0.0708120306210649 0.0125548326649893
-0.00341440431634794 0.00359922448771667 0.0802982620349425 -0.0063270403528076
-0.00940216692825602 0.00368209201523663 0.0931171034289816 0.0103841997886095
-0.00661215626727606 -0.00724731123249427 0.0817260350188884 0.0720262025774435
0.00221589349973512 -0.015326257770103 0.0198741103878124 0.125678300578152
0.0187480220586293 -0.0167501632852688 -0.0423865904754724 0.124900844608542
0.0371640632230495 0.00242076005297223 -0.079808826718963 0.13045056731517
0.046426721367013 0.0303885219716136 -0.0274034568657917 0.182606423041466
0.0512755717941672 0.0413808521497184 0.034281418184836 0.0956637903224675
0.0333640118827498 -0.00469048051150388 0.0583306588538192 -0.0477321054161768
0.00929646882653313 -0.0170705455849575 -0.0649232520789425 -0.0728392588897126
-0.000486058174941314 -0.0110296786967239 -0.121893553547379 0.0314918758413964
-0.00818283613477053 -0.0166203164353286 -0.041285798408848 0.116536024502974
-0.0147452438800509 -0.0105568577835912 0.0388212737782727 0.0944270862015201
-0.0142969821417645 -0.00414103643773699 0.0616755073155909 0.0499085965882525
-0.0221389952838956 -0.00274854614849756 0.0651118420334166 0.0136650508442348
-0.0284688359791027 -0.00473155526282144 0.0713072544595446 -0.00873760199745081
-0.0358796549076815 -0.0175163011303032 0.0858937570558782 -0.00328176214585442
-0.0153604172603006 -0.0438705423054347 0.0874349295730456 0.0476559348415608
0.0274201658687094 -0.0447625923703232 0.0432165167908336 0.113407350472806
0.0668562320142734 -0.011968179578443 -0.0173973659879416 0.127647294948179
0.0743875735591561 0.0482135017290136 -0.0601953123680152 0.125590457036333
0.0607734186098128 0.097185390330966 -0.0222734059738489 0.159272094862746
0.0520861357233393 0.0936093145142285 0.0125027353326426 0.0734009639943606
0.0627941689604139 0.0338497056431308 0.0618618483230214 -0.0479920116861251
0.0527451149396967 -0.0102265112849253 -0.0596073708493345 -0.0937517416300077
0.0227621517443878 -0.0379114540362391 -0.13012455717685 0.00936993033677598
-0.0119712136194614 -0.0477048320955202 -0.0591265960311251 0.105652827643675
-0.0357358310007612 -0.0295730314993232 0.0228054067135623 0.0927083043991746
-0.0372369641259403 -0.0101544043910065 0.0479812621461537 0.0501937463672196
-0.0432245628922939 -0.00594243136740463 0.0510871773794944 0.0128855687899193
-0.0481674334628065 -0.0094743785692688 0.053268124722644 -0.0128519249165392
-0.0605015911386752 -0.0306070063622055 0.0688988415149216 -0.0217298259203456
-0.0319163432151653 -0.0697860022659007 0.0857804902555167 0.0102976196846263
0.0325844299863681 -0.0768693089487709 0.0724889738470334 0.0852350510863266
0.102666355385509 -0.0297162044408154 0.016549647626523 0.122952730164288
0.114100742060182 0.0674651061998964 -0.0388496296471831 0.118785580636143
0.0783069813080543 0.1421597687333 -0.0209400846276704 0.120238756174023
0.0389480486543138 0.13507067604079 -0.00622329126458553 0.0294454336408926
0.0796998940011001 0.0786371026891378 0.0616094448558135 -0.0566902659307579
0.0942822145525346 0.00999733588222699 -0.0468129388720259 -0.116579065217788
0.054378537225056 -0.0572588949702665 -0.128670111636356 -0.02510678737004
-0.00750731372790951 -0.0771082401962927 -0.0779188986950237 0.0780576994666959
-0.0508145535186781 -0.0481483593763836 -0.00267392744975126 0.0823488002888779
-0.056281733972012 -0.0162564801010894 0.0255451864760679 0.0479256660768849
-0.0567672011937265 -0.00830677807452407 0.0297459137823762 0.0116503544419342
-0.059492974350373 -0.0116211299242712 0.0301189928259364 -0.0161520645791435
-0.0752700618564306 -0.0356731288352162 0.0448281134878015 -0.038433977455459
-0.0486668999362632 -0.0818240470157291 0.0722823890046946 -0.0286330098059372
0.0225902391681756 -0.0982263312557939 0.0919174378150347 0.0456262085427415
0.116297314121876 -0.0533077636752904 0.0473127351224124 0.106671272315181
0.139434531510831 0.0666105021309244 -0.0218385272042537 0.108052205232445
0.0895093992636557 0.159971323872377 -0.0268920921051797 0.07249907800161
0.015915355161666 0.15238470026749 -0.0161674848514139 -0.0311142166854817
0.0746734361347123 0.114518222279396 0.058969975121557 -0.0736417989387503
0.116254365432757 0.0399210730026321 -0.0246758654902908 -0.133650682759943
0.0816993088722125 -0.0596445212503828 -0.109699557074417 -0.063756673216122
0.0028930796058718 -0.0922774532332728 -0.0903305944547436 0.0346109005977974
-0.0553835489365085 -0.0613122402018227 -0.0318739626678375 0.0603803712948899
-0.066420793387935 -0.0214069727358908 -0.00281126867376608 0.0428140482289267
-0.0625107925146916 -0.00968256019461488 0.00433226103475365 0.00860295057425969
-0.0610058373115695 -0.0114170089827541 0.00344310684666492 -0.0185466521358078
-0.0780947465871573 -0.0355287062357562 0.0180516806382573 -0.0508022271480865
-0.0559774754194807 -0.0828633938544708 0.0506838147146422 -0.0594540331477184
0.0133456764003995 -0.102904839980862 0.096885505876637 0.00600009666144613
0.1119905563937 -0.0616806802400824 0.0658668011111016 0.083233981844695
0.138710226044817 0.060838011612147 -0.0134124811272772 0.0936294031072694
0.0838772349464072 0.154832278895802 -0.0379299730930655 0.024210849977252
-0.00646442042801356 0.138876758238497 -0.015176279584127 -0.0936273983785018
0.0502328659967047 0.122780863505658 0.0566072150612068 -0.0946023874365077
0.105231636252929 0.060962255073333 0.00162161136743651 -0.139344725304386
0.0882850636372468 -0.044580224958891 -0.074836671218616 -0.0956255309420949
0.0131062346129685 -0.0870475722521186 -0.0908867924890083 -0.0134947133543502
-0.0487130724619896 -0.0615134607950308 -0.0595291312466562 0.0320007132306117
-0.0647197747236128 -0.0227151364447348 -0.0329721147877112 0.0350478093695255
-0.0580616800412538 -0.0100977005534774 -0.0217078547601911 0.00493133822139384
-0.0558864946957486 -0.0105127497233483 -0.0212741772539844 -0.0214492599809781
-0.0690224498256289 -0.0335393796169298 -0.0061862571995598 -0.0590475380581992
-0.0491599479852311 -0.0756933968539169 0.0316444378040211 -0.0796062896606232
0.0129551111153964 -0.0913312848158494 0.093216256132206 -0.0228325459723831
0.0996251694397837 -0.0491600941819911 0.0719680013455939 0.0622078521524587
0.114261672588335 0.0601204913372891 -0.00982414189241772 0.0776246592304449
0.0592022790280916 0.133970945849997 -0.0474117400789896 -0.0182190373092112
-0.0218795507996098 0.0963256845964524 -0.00725014409915183 -0.144297300725644
0.0186335506509791 0.0974719886835725 0.0573666406850852 -0.111574052651499
0.069060393024479 0.0600758457985872 0.0252854014171411 -0.135029527909893
0.0692226473001795 -0.0229153592843505 -0.0393120992120558 -0.113307306855162
0.0159457857528074 -0.0627241302241784 -0.0848044961393876 -0.0525995752981096
-0.0334096595546199 -0.0484895966735547 -0.0807339637590527 0.00675394312584516
-0.0502516793899598 -0.0192233935772127 -0.0591343051124721 0.0262924873197671
-0.0464154589615046 -0.00977996331102441 -0.0440310668167533 0.00150415630515384
-0.0432756788233363 -0.00899233523825927 -0.0415121920729923 -0.0261110984906599
-0.052557569062762 -0.028405269048263 -0.0241575559469646 -0.0672147500661316
-0.0346015358085353 -0.062550799188936 0.0201314973302334 -0.0927217670672079
0.0181352001693424 -0.0712935546494936 0.0906868329333347 -0.0399354575502253
0.0829369788514869 -0.0246963677150158 0.072691211660115 0.0484310160840687
0.0760398485246449 0.0607288388237115 -0.00824042618141781 0.0628270050844913
0.0226136339857437 0.100024359219076 -0.0486106629398194 -0.051278567979841
-0.0295944340704151 0.0356593126704507 0.000547875215696133 -0.17159735003046
-0.00804088599993061 0.0490539902627415 0.0562899740571563 -0.11947724395881
0.0251050014158715 0.0385079021863534 0.0375346351191082 -0.129378325479162
0.0352911425979622 -0.00398792024090669 -0.0189194407614317 -0.120341659177316
0.0118593651522572 -0.0294580912976742 -0.0795533839420961 -0.0731395909870821
-0.0141149671599114 -0.0263313557305382 -0.0938466884643989 -0.00843110546314231
-0.0278253544303816 -0.0122985062297711 -0.0761610176826279 0.0199059379638847
-0.0265656255774894 -0.00782757199842712 -0.0592972894306786 -0.00338692442412175
-0.02629850731533 -0.00652067778324974 -0.0549769969895497 -0.0309766733925631
-0.031672387895818 -0.0199945801322046 -0.0334256465574753 -0.0749018717370756
-0.0186611892789572 -0.0439598657968068 0.0175355199348759 -0.101265741965202
0.0214281590775596 -0.0477943939065575 0.0914484603526525 -0.0468608035851372
0.0616022050560226 2.03305326187627E-06 0.071649925405963 0.0420597078122076
0.0331267465033136 0.0549865743513194 -0.00788943788764847 0.0519795022600714
-0.0157617497772226 0.0572944637492134 -0.0419213853096818 -0.0720479966698488
0.0349655593215828 -0.00939905312724364 0.0519982905889727 0.0941531078541504
-0.000596473734744939 -0.0289641489316061 0.0553056103631312 -0.0538463065268694
-0.0249127951242493 -0.0127022141934808 -0.0635405394290349 -0.0614272552575452
-0.0122003389240159 0.0142265422617555 -0.111598072932407 0.0398186418831455
0.000390811455851138 0.0114237606812212 -0.0315135106841503 0.114294922847592
0.00749018737748127 0.00507176311070109 0.0416447245472921 0.0882585476516201
0.00897906526272405 2.96121466221927E-05 0.0638331242354051 0.0477616218231506
0.000999697010964731 0.000630424579754631 0.0697109946693868 0.0127237463653738
-0.00339038503281308 0.00347144258784335 0.0785605014151796 -0.00545430337133721
-0.00950243820456048 0.00333730414294257 0.0908802740190585 0.011680434093378
-0.0068426111535334 -0.00798598668284419 0.078941425997186 0.0723450764885561
0.00268389160400123 -0.0151913192700178 0.0165735795981569 0.123785248439877
0.0189154447072212 -0.0154084933502785 -0.045692836890544 0.120557424031126
0.0366241247041056 0.00389962713682956 -0.0823706174932733 0.125564245183049
0.0446640140488733 0.0314944576350862 -0.0310588591828446 0.176801853126364
0.0480832049363564 0.0415900681487091 0.0321476277946999 0.0928148763190338
0.0319629450386684 -0.00312797515950624 0.05939820587108 -0.0468676199962481
0.00905876446050958 -0.0163441475631257 -0.0611913035241621 -0.0737686326051905
-2.72270026287761E-05 -0.0104149653130036 -0.119991584733698 0.0278270987821631
-0.00827220516209369 -0.0161531989775132 -0.043083689573987 0.113171135615083
-0.013973184304953 -0.010238969020423 0.0357185896931296 0.0927828964752975
-0.0136903870970556 -0.00476553186755619 0.0595346398609789 0.0498478720601484
-0.02208699627277 -0.00321960274074582 0.0642537943455921 0.0142643661221834
-0.0280472299886803 -0.00482872068873413 0.0707289421307488 -0.00754913380045225
-0.0354864076926568 -0.0175987216936519 0.0839952024788311 -0.00133234445691559
-0.0140210265141104 -0.0426167719875436 0.0842169531084966 0.0490807195321735
0.0277306237484612 -0.0434808587727992 0.0396616181749627 0.112118520973081
0.0664563893043571 -0.0102801315277921 -0.0214652696494084 0.123971815585139
0.0719999659216264 0.0490672183637121 -0.0631567325554896 0.121064616381884
0.0576724284125117 0.096501341653791 -0.0256594045659175 0.153977362154937
0.0481616772412133 0.0920134264409387 0.0118757286527521 0.0709778223139676
0.0601896160491405 0.0346993913682178 0.0631400220353043 -0.0465521853294701
0.0515004236994671 -0.00864573228210511 -0.0559359369962182 -0.0933190413391161
0.0227952458408163 -0.0360389272831441 -0.127368266020121 0.00594736094691954
-0.0112658059614084 -0.0467641960701566 -0.05974112506573 0.101954670726314
-0.0342404273032879 -0.0296256930810775 0.0202607312465785 0.0907284495237924
-0.0360775691194586 -0.0108699713035538 0.0459168952887609 0.0503821708978974
-0.0421616278016451 -0.00661197224773529 0.050226952330618 0.0134112810756993
-0.0469281228661218 -0.00986154556575436 0.0529213952006942 -0.0110208909030058
-0.0587043558688463 -0.0302412461950703 0.0681437830178183 -0.0199772218696145
-0.0307586707767975 -0.0682635864513718 0.0835304394627235 0.0122852123943171
0.0327866759549883 -0.073815650544996 0.0695333991077914 0.0856576219452608
0.101485277306819 -0.0271068428863193 0.01264660630527 0.120939989688285
0.11016969218056 0.0690497348532948 -0.0412512760877229 0.115023789604755
0.073760469650878 0.140043085528793 -0.0234989777159315 0.115754904520703
0.0340975030094447 0.132281350511409 -0.00525069979773678 0.0279964112417431
0.0753614826371628 0.07828855111884 0.0634866656214219 -0.0542366120379378
0.0920260129522093 0.0124710500649915 -0.0418924417309093 -0.115688533357413
0.0539510125549208 -0.0545169715534858 -0.125043768255124 -0.0282257338742883
-0.00689642410625312 -0.0750824251880932 -0.0781223574195379 0.0742609474284303
-0.0490346987950719 -0.0478522845341811 -0.00418395224020641 0.0797914325182793
-0.0543921099316748 -0.0173409773754183 0.0239109868553036 0.0473205865278417
-0.0556949118958199 -0.00986692021182068 0.0290322081241682 0.011902504393981
-0.0578196635027702 -0.0123901197129426 0.0299319982561087 -0.0147680096536804
-0.0734408019652373 -0.0353123502470419 0.0445583723599111 -0.0363957774093449
-0.0473090320070968 -0.0807084935696399 0.0710679149988958 -0.0254418864848905
0.0238586589913158 -0.0952336523102377 0.0893693049217476 0.0466558353812424
0.114970287390414 -0.0497300009789134 0.0434946112081265 0.105126825611831
0.135355980327765 0.0685178473050859 -0.0249859249578548 0.104522194620155
0.0846177786380419 0.157628861975275 -0.028474883850882 0.0690803659306749
0.0114679794438305 0.149293142174684 -0.0136195942758185 -0.0304335750599404
0.0694858405321009 0.113138628039192 0.0612549022087898 -0.070758527645722
0.112969526739846 0.0413222861929439 -0.0200783401961471 -0.131175239908881
0.0807139150683488 -0.0561653907686129 -0.10535256774933 -0.0655589337244391
0.00428847215014612 -0.0897261962759882 -0.0897852589449397 0.0314447706627631
-0.0527294754464173 -0.0600363765588325 -0.0323785664033984 0.0583061865269268
-0.0637231534291842 -0.0218467681977322 -0.00424020177032742 0.0416689974588055
-0.0608622277162136 -0.0105962184653939 0.00417491219034108 0.00845695051843735
-0.0597208468688522 -0.0119306555412781 0.00451077101768674 -0.0179719542238698
-0.0762406436153928 -0.035320327347713 0.0185154696336256 -0.0486425178580477
-0.0538991734203043 -0.0808202185679905 0.0509291137954611 -0.0565515500888152
0.0145988417600095 -0.0998497958118899 0.0949069483961059 0.0080621171706594
0.111109446388505 -0.0578511428951582 0.0628719997472337 0.0826397722904565
0.134761863682368 0.0622081909608733 -0.0161630974530655 0.0911975784696764
0.0792245542912882 0.152702154499744 -0.0384721736598643 0.0217742361309975
-0.0105035985349942 0.135088985320269 -0.0112528993812241 -0.0912640506146174
0.0458115580265 0.12071360079994 0.0596164118747454 -0.0903391166530991
0.101611361019834 0.0617250559268118 0.00572844080462271 -0.135853595507756
0.0868611398787645 -0.0418165102851444 -0.0706007020153931 -0.0960807333313712
0.0136491173087909 -0.084327448050416 -0.0887813242033891 -0.0155063404244592
-0.0461669323942322 -0.0599678982221837 -0.0586647702855928 0.0304522010685736
-0.061938738546133 -0.0229493870849357 -0.0330538374662883 0.0337148094089443
-0.0572147503090175 -0.0116211927118006 -0.0216781587311426 0.0045850398525887
-0.0539014327746239 -0.0109739015503968 -0.0196267873969574 -0.0211219157192709
-0.0669227624163757 -0.03300576164085 -0.00501290375179896 -0.0575075336712063
-0.0475255790128223 -0.0736124420962396 0.0320952301845212 -0.0764144067682989
0.0142076472712766 -0.0886212886285584 0.091821712774166 -0.0199759772741974
0.0987412341737521 -0.0460571084670124 0.0695085817737958 0.0624060785531084
0.110401165767524 0.060749898594628 -0.0120058491676159 0.0753727260802752
0.0547088853830874 0.130831147187688 -0.0464551466257486 -0.0192300081712861
-0.0240564490556466 0.0935271308973334 -0.00257325400725737 -0.140680031483795
0.0158650770535502 0.0948616592492609 0.0603602841675782 -0.10645054608854
0.0661868867505983 0.0600146322914988 0.0279316861733804 -0.131178290196365
0.0679573569598604 -0.0213047476392636 -0.035079733646632 -0.112628016698078
0.0161599165024871 -0.0609918425226876 -0.0815183785912449 -0.0536082607876277
-0.0315553002464383 -0.0474142343314656 -0.0788366832455314 0.00509197691348527
-0.0486415831551967 -0.0191645718310711 -0.0580502752696597 0.0246674389949048
-0.0451692833034207 -0.010925360340152 -0.0435164266818383 0.000335339529971673
-0.0420800719563596 -0.0100394742879021 -0.03912072268561 -0.0259138468804714
-0.0510803409865025 -0.0281868865625189 -0.0215789621870093 -0.0653698278460476
-0.0330603584371544 -0.0611034021621839 0.0210433560425884 -0.0893558910742354
0.0184959825916928 -0.0692830354437971 0.0889070366017168 -0.0368901975127777
0.0815074390199647 -0.0221893765100205 0.0701792603354099 0.0484008599907231
0.0729074337857758 0.0604043040840766 -0.0105914127286231 0.0611457826646324
0.0196133438171083 0.0974144525600041 -0.0478304746284029 -0.0507949942450915
-0.0301273806977961 0.0341754108661979 0.00513406953076617 -0.166122003399323
-0.00928125557866679 0.0471073364504935 0.0582662552314445 -0.113945212748505
0.0237694305315101 0.0379228614906499 0.0408587135112489 -0.124345893242367
0.0340942257650867 -0.00288761820576857 -0.0151238562376161 -0.119793803553033
0.01142193458606 -0.0283962381304135 -0.0767108416481371 -0.0740990169284728
-0.012891820782243 -0.0255104002530056 -0.0913724599054753 -0.00919910078823585
-0.026536522856985 -0.0122866923543213 -0.0748021421700334 0.0185523673191572
-0.0263494836658904 -0.00868220005075248 -0.0581020092636668 -0.00445260998456993
-0.025847839570016 -0.00676749439050869 -0.0525230197134107 -0.0318943663994269
-0.0308532386455073 -0.0194382362296758 -0.0309594292698954 -0.0737937701361089
-0.0176605408156073 -0.0427412619695584 0.0187145265213972 -0.0977129631850667
0.0216238987808963 -0.0460055449526629 0.0899842860832805 -0.0435721359808535
0.059993815266275 0.00100705730102002 0.0695769575201809 0.0430475757772372
0.0311234168776772 0.0547303325964839 -0.00975343091565198 0.0504581175293289
-0.0166781185120151 0.055525385488817 -0.0398410603495494 -0.0701824899318142
0.0354395921079188 -0.00859566042050299 0.0503318075519141 0.0962632898319851
0.000851430704746896 -0.0288285439481659 0.0578674238783738 -0.0545618103763093
-0.0249203963914724 -0.0129697292123651 -0.0620321162341744 -0.0653127718263889
-0.0125000698408647 0.0140296157733653 -0.113385175035638 0.0364610644246553
-0.000108602801122254 0.0113883363923069 -0.0351962702967236 0.114762927368726
0.00732649329492418 0.00509678228780492 0.0395141968961047 0.0900285992597034
0.00886284234330394 -0.000511719889482461 0.0637549921800436 0.0499662029133763
0.000925313019886768 0.000843874234129762 0.0711891910127864 0.0148847512267133
-0.00385023631502528 0.00358688774508036 0.0802296340532236 -0.00369871173515474
-0.00988001922449944 0.00345194804515358 0.0915754005067998 0.0144617247612279
-0.00690103110127717 -0.00764166273109871 0.0776563456551619 0.0761845437381837
0.0033315641767168 -0.0151647934608434 0.0126586518731923 0.125907748895705
0.0201543593512522 -0.0152394451988486 -0.0518455620216879 0.12051084226681
0.0369328618404945 0.00568637335815644 -0.0872496153891418 0.12437371512563
0.044384452021548 0.0329747628058338 -0.0376209990883989 0.176826292138641
0.0472436677836465 0.0434305293329287 0.0305670820221603 0.0937410636929596
0.0321713372068055 -0.00228806369221398 0.0624073240345333 -0.0464952571863803
0.00998250944989133 -0.0156850627570594 -0.0589963811851553 -0.0781440714150753
0.000414417008500299 -0.0100704326452242 -0.122252996853418 0.0242468054763643
-0.00820529465820563 -0.0158225891839147 -0.0467424555872737 0.113711194924613
-0.0141883304368564 -0.0105925768676782 0.0335255104704767 0.094471290862235
-0.0140984674253272 -0.00544095918609472 0.0588457247885297 0.052663604455482
-0.0227362224774449 -0.00432781320327323 0.0652210376189566 0.0155190775622395
-0.0285880553554174 -0.00542211931047775 0.0723887787524743 -0.00524128554348328
-0.0355747111867551 -0.0183314740504561 0.08505177031102 0.000771450046981877
-0.0134046682555639 -0.0433626045281018 0.0846634253090782 0.0531297476706305
0.0292214767551165 -0.0426196444851424 0.0366967510724614 0.115414945384993
0.0674178510364543 -0.00790620844353496 -0.025712974002386 0.124859788920736
0.071049318501551 0.0523995365740326 -0.0687094445858852 0.120450527372801
0.0552386751974698 0.0987239021857342 -0.0315908190863772 0.153783092078251
0.0455515048019998 0.0947408386668548 0.0108521023434172 0.0710090366660539
0.0593019497859908 0.0369466390882309 0.0667905014093118 -0.0458060899340942
0.0522715491236104 -0.00725900352373999 -0.0526245282273139 -0.0975569497254725
0.0241431747764526 -0.035756762991473 -0.129723277861291 0.00161190808487639
-0.0109142262750178 -0.0468690629846507 -0.0639560919862512 0.101343909339398
-0.0343052439146184 -0.0304004860184764 0.0178191453171136 0.0921254829246761
-0.0363041415575093 -0.0120793758654047 0.0445525861583576 0.0526926239481369
-0.0429425532448431 -0.00821706841399984 0.0508713550116759 0.0150220755240391
-0.0474928213135889 -0.0116502676396292 0.0545885148202022 -0.00982765608527839
-0.0589247837176555 -0.0311134329225632 0.0696197281531505 -0.018718866942585
-0.0301568146200017 -0.069116240076452 0.0846362401530263 0.0155558274681729
0.0354772221662479 -0.0737086878056328 0.0676013585477427 0.0895146281584444
0.103764106225207 -0.023898347599829 0.00879144354774193 0.122173040883383
0.110174808703007 0.0738523136502689 -0.0469617990812815 0.114622491538035
0.0704643782620158 0.143915299772091 -0.02821541958843 0.114433891142906
0.0300843365150952 0.134909747472774 -0.00440204276718031 0.0279583492037796
0.0733755194317235 0.0822016301644249 0.0682788438896245 -0.053354269095534
0.0930936677798411 0.0151986768775964 -0.037980535499718 -0.118665225346229
0.0565973408406536 -0.053211519890313 -0.126617296305549 -0.0328801523527822
-0.00523577363841646 -0.0755122006029245 -0.0815963778558392 0.0723655274084168
-0.0479997477158557 -0.0492578066905941 -0.00609631690279092 0.0804416038169368
-0.0540145876330693 -0.0190829041236081 0.0226427829498047 0.0493381836273228
-0.0564183397097595 -0.0114775661760765 0.029313579115985 0.0129115897290162
-0.0583172766414035 -0.0137571263251553 0.0310142283024853 -0.0143024329031927
-0.0734527558231046 -0.0364411631282999 0.0464778387887715 -0.0356076779803665
-0.0461091167084632 -0.0822132267111148 0.0725913268650335 -0.0231295895299026
0.0262905204812179 -0.0951964076255261 0.088864491902963 0.0504643968246355
0.118625905598866 -0.0467680301052104 0.0408448816890979 0.107165636345133
0.135129362643135 0.073189370380755 -0.0299103322129393 0.104999625255077
0.0811732439674229 0.161595490496206 -0.0320741006794521 0.0676918991585233
0.00622261405622677 0.151447194476728 -0.011349479585813 -0.0314844313137469
0.0660112894752866 0.116458817746674 0.0659990915124122 -0.0693625553289508
0.113023251622825 0.0451784636344542 -0.0152975392360996 -0.133691129074539
0.0831025574720324 -0.0548601599363958 -0.10453910250636 -0.0703102441458624
0.00578466623343715 -0.0902620666211253 -0.0914425918624268 0.0283717246970988
-0.0518911726019544 -0.061515008348516 -0.0342511458345506 0.0578611574885192
-0.0637024355436978 -0.0235738337406286 -0.00550035254930888 0.0426825951414773
-0.0615289774050077 -0.0129146838897687 0.00395822447303169 0.0089837825637786
-0.0601048251641102 -0.0141162182079249 0.00577670243581305 -0.0173678894842528
-0.0760017417372289 -0.036633121092148 0.019811400632958 -0.0487942460491444
-0.0534786509155011 -0.0825021576294825 0.0529053465910811 -0.0538845877168301
0.0174032596906857 -0.0998090208334403 0.0961032215875697 0.0120887269887424
0.114037591542782 -0.055655998237391 0.0611820641861574 0.0855382071011847
0.134505987026677 0.0667037178207236 -0.0203474164005363 0.0917287865540113
0.0754117313129561 0.156164141833844 -0.0400300694746485 0.020226700241314
-0.0153601543263326 0.136621261575554 -0.0075167954119659 -0.0930800531516473
0.0418260566426201 0.122972929036531 0.0645237251132008 -0.0889420631021392
0.101357171859566 0.0661237917899611 0.0111237061788221 -0.136808231924161
0.0891352805936343 -0.0394549143815559 -0.0678941425072161 -0.100561713672204
0.0154635939342056 -0.0845656337922326 -0.0898507086859559 -0.01984356855849
-0.0449854135935615 -0.0615717929881967 -0.0602666629173279 0.0287889069661538
-0.062027476266279 -0.0244676043663968 -0.0339168786466384 0.0338849436857569
-0.0579592569905997 -0.0135592954602268 -0.0221460620527179 0.0046732576842591
-0.0541879092887458 -0.0137006108339438 -0.0188786650083214 -0.0213879429435943
-0.0671881238841517 -0.0345956466180521 -0.00310718040822156 -0.0577352788595453
-0.0468502259577324 -0.0751039998152921 0.0345802363735501 -0.0757973519014659
0.0163990449717538 -0.0882936226035526 0.0940370834726257 -0.0174698591747601
0.101231222386645 -0.0437168712996847 0.0691642407585373 0.0658136081608881
0.110216907267301 0.0643405289903247 -0.0166232272171901 0.075938043260339
0.0521009189701591 0.133470995444253 -0.0477017666361827 -0.0213546193854703
-0.0282897212541085 0.0936909005585442 0.00295743278836108 -0.141496956889212
0.011780884501125 0.0963182203869181 0.0652618795252518 -0.104785435755678
0.0654988865711334 0.0626637155147057 0.0336899738630337 -0.130572682648288
0.0692601479355827 -0.0194172800345226 -0.0316163537282664 -0.116208560586903
0.0173540005589454 -0.0611366069439524 -0.0813100021898324 -0.0581462524314075
-0.0306533145681328 -0.0482342695402632 -0.0801576167955831 0.00275147454946
-0.0484276091531718 -0.0207896928893426 -0.0598334543316407 0.0243125979480799
-0.0456124860591332 -0.0122896336731717 -0.0443750352811538 -0.000250946183937953
-0.0419786449343897 -0.0117025356313321 -0.0390728592462138 -0.0263858047296516
-0.0512779378858548 -0.0292299376809839 -0.0198724429333216 -0.0666211058576634
-0.0328205246224302 -0.0618032613150151 0.023812394981059 -0.0889911980293256
0.0207022814875646 -0.0690403014932554 0.0914986952258356 -0.0341649906540778
0.0836812493573685 -0.0205850154202265 0.0698044226482979 0.0513001810702662
0.0723525291004614 0.0636627736205845 -0.0139742299424282 0.0613710939778641
0.0170345409567683 0.0989864878785933 -0.0475076986547679 -0.0530404558568887
-0.0316096593601687 0.0332566734043734 0.0113743671015359 -0.167919138980219
-0.0113274888779451 0.047463136828228 0.0639628877864653 -0.112770161151787
0.0228320946123109 0.039163853515404 0.046322980713387 -0.12435770479263
0.0343526347979992 -0.00203076343433469 -0.0114102375582784 -0.122581716492662
0.01170176124332 -0.0280780014665372 -0.0753433973071774 -0.0786284147891242
-0.0119506220026401 -0.0259780884646455 -0.0924254657166598 -0.0124300318474208
-0.0265770744274482 -0.0132171059123272 -0.0762129177228894 0.017553521974216
-0.0268749896725524 -0.00951872689700526 -0.0591275971409901 -0.00454484748982581
-0.0253279973142527 -0.00810822719975348 -0.0522496826837149 -0.0328055037118871
-0.0305146760060635 -0.0196760482767928 -0.0295590673830258 -0.0754607159771336
-0.0167404429686688 -0.0432898170183778 0.0217432600425297 -0.0982332760373773
0.0225790013775778 -0.0458433440951059 0.0930763691500894 -0.0413536545022485
0.0612440701561177 0.00280001764339251 0.0690248642688663 0.0459223395595283
0.0298743569471394 0.0566178300258832 -0.012669058773675 0.0512550890630801
-0.0185019703788146 0.0555950999632225 -0.0387538764193866 -0.0714086833332811
