TRXV5
3
4
4
9
string Extension=J
integer IsArchMeasurement=1
integer IsSpherical=1
string Generator=SPM
string GeneratorVersion=1.3.1 Dev
double ArchRadius=0.449999988079071
integer FrequencyAxisIndex=0
integer AzimuthAxisIndex=1
integer ElevationAxisIndex=2
Frequency
5 136 690000000 960000000 LIN
Azimuth
7 8 0 2.74889357189107 LIN
Elevation
7 15 -2.74889357189107 2.74889357189107 LIN
Polar H Real Part
13
Polar H Imaginary Part
14
Polar V Real Part
13
Polar V Imaginary Part
14
Polar H Magnitude (dB)
12 0xC0000002 0 1
Polar H Phase
7 0xC0000003 0 1
Polar V Magnitude (dB)
12 0xC0000002 2 3
Polar V Phase
7 0xC0000003 2 3
0.132011413574219 -0.0489654541015625 0.358367919921875 0.00863647460937499
0.0767440795898437 -0.12445068359375 0.187301635742188 -0.085540771484375
-0.06573486328125 -0.0907516479492188 -0.0775146484375 -0.0374374389648438
-0.0944671630859375 -0.00893402099609373 -0.0956573486328125 0.154037475585938
-0.0655288696289063 0.0256156921386719 0.0462188720703125 0.230178833007812
-0.0490913391113281 0.0545158386230469 0.212860107421875 0.2218017578125
-0.0212821960449219 0.05914306640625 0.330291748046875 0.131561279296875
-0.0386505126953125 0.0489883422851563 0.34967041015625 0.072784423828125
-0.0620384216308594 0.042938232421875 0.315399169921875 0.09246826171875
-0.07513427734375 0.0103225708007812 0.23321533203125 0.154861450195313
-0.0567092895507812 -0.039642333984375 0.130096435546875 0.1568603515625
-0.0192108154296875 -0.0736083984375 0.0419464111328125 0.110061645507813
0.070098876953125 -0.0698013305664063 0.0864028930664063 0.0478515625
0.149322509765625 0.00030517578125 0.31964111328125 0.10955810546875
0.156509399414063 0.0766754150390625 0.368743896484375 0.396514892578125
-0.0549774169921875 -0.163314819335938 0.366973876953125 -0.00451660156250001
-0.111541748046875 -0.167587280273438 0.191986083984375 -0.0946807861328125
-0.2064208984375 -0.05023193359375 -0.0457077026367188 -0.0472335815429688
-0.180694580078125 0.0979156494140625 -0.0649337768554688 0.125679016113281
-0.0747222900390625 0.1495361328125 0.057281494140625 0.184585571289063
0.02923583984375 0.173171997070313 0.212387084960938 0.183441162109375
0.0943527221679688 0.130561828613281 0.309539794921875 0.092437744140625
0.0657119750976563 0.113517761230469 0.329559326171875 0.03692626953125
0.0537185668945313 0.122261047363281 0.306640625 0.05914306640625
0.0163803100585938 0.124740600585938 0.238433837890625 0.132278442382813
-0.0340347290039063 0.0934066772460938 0.14190673828125 0.134567260742188
-0.0661811828613281 0.0637931823730469 0.0695571899414063 0.100563049316406
-0.0734786987304687 0.00794219970703125 0.137771606445313 0.0595855712890625
-0.0490455627441406 -0.022674560546875 0.351837158203125 0.139739990234375
-0.0481338500976563 -0.0145759582519531 0.39080810546875 0.428924560546875
-0.239181518554688 -0.244796752929687 0.3245849609375 -0.047271728515625
-0.28839111328125 -0.172088623046875 0.165023803710938 -0.110061645507813
-0.315887451171875 0.01214599609375 -0.0182151794433594 -0.0515594482421875
-0.233200073242187 0.198287963867188 -0.027557373046875 0.0862808227539063
-0.0654754638671875 0.2523193359375 0.0640182495117187 0.117538452148438
0.107955932617188 0.264007568359375 0.1861572265625 0.116592407226563
0.196273803710938 0.1806640625 0.246536254882813 0.0391845703125
0.160659790039063 0.16131591796875 0.258865356445313 -0.00669860839843749
0.164169311523438 0.187164306640625 0.249786376953125 0.0160064697265625
0.10369873046875 0.227828979492188 0.2080078125 0.0863494873046875
-0.01226806640625 0.222671508789063 0.135841369628906 0.0854873657226563
-0.116165161132813 0.197662353515625 0.0959701538085937 0.0737533569335938
-0.22015380859375 0.075164794921875 0.182540893554688 0.0686798095703125
-0.2459716796875 -0.05548095703125 0.341400146484375 0.163482666015625
-0.245559692382812 -0.112960815429688 0.3544921875 0.418304443359375
-0.396759033203125 -0.277740478515625 0.232711791992187 -0.100479125976563
-0.431976318359375 -0.131011962890625 0.108177185058594 -0.116256713867188
-0.379058837890625 0.095703125 0.00437164306640622 -0.0491943359375
-0.240020751953125 0.28509521484375 0.0109825134277344 0.0352210998535156
-0.0333251953125 0.32086181640625 0.0588607788085938 0.0345268249511719
0.177337646484375 0.310546875 0.130882263183594 0.0359420776367188
0.271408081054688 0.200836181640625 0.14581298828125 -0.016754150390625
0.2296142578125 0.18524169921875 0.148574829101563 -0.0479736328125
0.248886108398438 0.2264404296875 0.152389526367188 -0.03369140625
0.1724853515625 0.300750732421875 0.14361572265625 0.0202178955078125
0.00509643554687501 0.322265625 0.11029052734375 0.014434814453125
-0.15728759765625 0.3056640625 0.11395263671875 0.0278167724609375
-0.3446044921875 0.126953125 0.210067749023437 0.0670928955078125
-0.406463623046875 -0.0895996093749999 0.284271240234375 0.16986083984375
-0.404937744140625 -0.197509765625 0.261383056640625 0.363739013671875
-0.5025634765625 -0.2650146484375 0.10003662109375 -0.151397705078125
-0.518829345703125 -0.0607604980468749 0.0271148681640625 -0.106857299804688
-0.387664794921875 0.179901123046875 0.0192108154296875 -0.0396766662597656
-0.2041015625 0.340911865234375 0.0384025573730469 -0.0206832885742187
0.013671875 0.345703125 0.0363922119140625 -0.0484046936035156
0.2286376953125 0.309326171875 0.0526161193847656 -0.0436210632324219
0.306640625 0.1875 0.0215568542480469 -0.0663909912109375
0.264877319335938 0.1807861328125 0.0146865844726563 -0.0828628540039062
0.292938232421875 0.230133056640625 0.0289077758789063 -0.0827713012695312
0.212432861328125 0.324005126953125 0.0543327331542969 -0.0582237243652344
0.019561767578125 0.36810302734375 0.0678939819335938 -0.070404052734375
-0.173828125 0.361572265625 0.119590759277344 -0.0316162109375
-0.408477783203125 0.153717041015625 0.212142944335937 0.0533905029296875
-0.498687744140625 -0.10845947265625 0.18719482421875 0.15679931640625
-0.4989013671875 -0.246673583984375 0.127166748046875 0.268768310546875
-0.52935791015625 -0.221160888671875 -0.0551910400390625 -0.19281005859375
-0.529022216796875 0.00451660156250011 -0.0657119750976563 -0.0838699340820313
-0.3465576171875 0.228729248046875 0.0214004516601562 -0.0263137817382812
-0.144805908203125 0.34619140625 0.0472412109375 -0.0733184814453125
0.056854248046875 0.3204345703125 -0.00443267822265625 -0.118232727050781
0.2469482421875 0.263824462890625 -0.0398712158203125 -0.105926513671875
0.297454833984375 0.148040771484375 -0.105903625488281 -0.0993194580078125
0.25775146484375 0.147964477539063 -0.1212158203125 -0.104331970214844
0.28607177734375 0.19696044921875 -0.0994796752929688 -0.122314453125
0.213653564453125 0.287994384765625 -0.0410232543945312 -0.133956909179687
0.0308837890625 0.341522216796875 0.018707275390625 -0.150253295898437
-0.1563720703125 0.34320068359375 0.111427307128906 -0.0887832641601562
-0.390594482421875 0.151947021484375 0.18878173828125 0.03369140625
-0.495025634765625 -0.10626220703125 0.0666961669921875 0.126617431640625
-0.512115478515625 -0.24853515625 -0.023529052734375 0.15338134765625
-0.472564697265625 -0.162506103515625 -0.208145141601563 -0.229751586914063
-0.456939697265625 0.041229248046875 -0.15753173828125 -0.063018798828125
-0.2689208984375 0.22003173828125 0.00690650939941405 -0.0126733779907226
-0.08154296875 0.293975830078125 0.03582763671875 -0.11151123046875
0.0793914794921875 0.251907348632813 -0.051483154296875 -0.1640625
0.220855712890625 0.185638427734375 -0.130386352539063 -0.143341064453125
0.242034912109375 0.0901336669921875 -0.218154907226562 -0.112808227539063
0.210281372070313 0.0941009521484375 -0.237884521484375 -0.1099853515625
0.231048583984375 0.13201904296875 -0.208221435546875 -0.146499633789062
0.178253173828125 0.1976318359375 -0.122283935546875 -0.19244384765625
0.04095458984375 0.247940063476562 -0.0226287841796875 -0.20635986328125
-0.0994415283203125 0.259994506835937 0.0979537963867188 -0.128631591796875
-0.289794921875 0.128509521484375 0.148178100585937 0.0169677734375
-0.40032958984375 -0.071258544921875 -0.0515823364257813 0.0909805297851563
-0.44610595703125 -0.19677734375 -0.164840698242188 0.039794921875
-0.341033935546875 -0.0885009765625001 -0.33233642578125 -0.267425537109375
-0.31402587890625 0.04766845703125 -0.234939575195313 -0.0589752197265625
-0.164703369140625 0.162857055664063 -0.0235786437988281 -0.00314903259277343
-0.0245513916015625 0.195388793945313 0.0116729736328125 -0.131309509277344
0.0781707763671875 0.15106201171875 -0.0944671630859375 -0.182540893554688
0.155868530273438 0.08984375 -0.203414916992188 -0.155899047851562
0.15032958984375 0.023040771484375 -0.2979736328125 -0.108306884765625
0.129264831542969 0.026519775390625 -0.315582275390625 -0.09912109375
0.140289306640625 0.04473876953125 -0.279815673828125 -0.149978637695313
0.12164306640625 0.0746688842773438 -0.17376708984375 -0.220382690429688
0.0544967651367187 0.115211486816406 -0.0480194091796875 -0.227813720703125
-0.0162200927734375 0.143508911132813 0.08404541015625 -0.143081665039063
-0.140380859375 0.104103088378906 0.10235595703125 0.00968170166015626
-0.249237060546875 -0.00540161132812504 -0.141998291015625 0.0625457763671875
-0.321807861328125 -0.102325439453125 -0.273422241210938 -0.0467071533203125
0.138847351074219 -0.0726089477539063 0.357421875 -0.035614013671875
0.0646820068359375 -0.150558471679688 0.177566528320313 -0.113693237304688
-0.0853271484375 -0.092987060546875 -0.085540771484375 -0.034759521484375
-0.106796264648438 0.00299072265624999 -0.0861053466796875 0.162216186523438
-0.0712509155273438 0.0405044555664062 0.0638427734375 0.228836059570313
-0.0445632934570313 0.0723800659179688 0.233261108398438 0.206436157226563
-0.0125732421875 0.0740966796875 0.342315673828125 0.100616455078125
-0.0327186584472656 0.0651435852050781 0.35784912109375 0.03521728515625
-0.0592269897460938 0.0627708435058594 0.3270263671875 0.059967041015625
-0.0824737548828125 0.0280990600585937 0.249679565429687 0.132965087890625
-0.072174072265625 -0.0339508056640625 0.149322509765625 0.146820068359375
-0.0356597900390625 -0.0785140991210938 0.0566024780273437 0.112464904785156
0.0656890869140625 -0.0889205932617188 0.0897445678710938 0.050445556640625
0.164077758789063 -0.0257720947265625 0.323211669921875 0.086517333984375
0.181289672851563 0.0568084716796875 0.3951416015625 0.36956787109375
-0.059326171875 -0.168991088867188 0.36859130859375 -0.052398681640625
-0.127792358398438 -0.175033569335937 0.183303833007813 -0.1248779296875
-0.220596313476562 -0.040313720703125 -0.0536346435546875 -0.0495147705078125
-0.183349609375 0.117462158203125 -0.056610107421875 0.128822326660156
-0.068084716796875 0.165328979492188 0.0713043212890625 0.1778564453125
0.044891357421875 0.181106567382813 0.228683471679688 0.162063598632813
0.110061645507813 0.1324462890625 0.316925048828125 0.059906005859375
0.0786285400390625 0.118453979492188 0.331451416015625 -0.00115966796874999
0.0654754638671875 0.129226684570313 0.315216064453125 0.023101806640625
0.0216293334960938 0.131324768066406 0.2554931640625 0.105987548828125
-0.035186767578125 0.0963821411132813 0.162063598632813 0.120071411132812
-0.0669059753417969 0.0628471374511719 0.0875473022460938 0.0995635986328125
-0.0684738159179688 0.00200653076171875 0.146087646484375 0.0563201904296875
-0.0370750427246094 -0.0281181335449219 0.362945556640625 0.112213134765625
-0.0323295593261719 -0.014129638671875 0.42510986328125 0.40045166015625
-0.252304077148438 -0.231765747070312 0.32763671875 -0.092498779296875
-0.303802490234375 -0.160369873046875 0.157318115234375 -0.139266967773438
-0.322906494140625 0.0325317382812501 -0.0262069702148438 -0.0587692260742188
-0.22442626953125 0.221710205078125 -0.021820068359375 0.0841140747070313
-0.047454833984375 0.26434326171875 0.0734100341796875 0.105827331542969
0.132369995117187 0.261093139648438 0.194915771484375 0.0923614501953125
0.215927124023438 0.169845581054688 0.246246337890625 0.00909423828125001
0.17767333984375 0.154190063476563 0.25628662109375 -0.0410919189453125
0.182723999023438 0.17987060546875 0.252197265625 -0.018890380859375
0.121963500976562 0.223907470703125 0.2232666015625 0.0582122802734375
0.00137329101562501 0.224990844726563 0.154525756835938 0.0692596435546875
-0.102340698242187 0.20355224609375 0.115081787109375 0.0676498413085938
-0.209716796875 0.0854034423828125 0.195831298828125 0.05938720703125
-0.239913940429688 -0.0413970947265625 0.3592529296875 0.138092041015625
-0.24273681640625 -0.0933990478515625 0.393585205078125 0.393951416015625
-0.415191650390625 -0.24365234375 0.235076904296875 -0.138107299804688
-0.441253662109375 -0.0994873046875 0.102081298828125 -0.141250610351563
-0.37469482421875 0.1226806640625 -0.00188064575195314 -0.0604896545410156
-0.219329833984375 0.3065185546875 0.0120792388916015 0.0281009674072266
-0.00610351562500002 0.326507568359375 0.061248779296875 0.0209465026855469
0.20611572265625 0.2965087890625 0.131477355957031 0.0129547119140625
0.29046630859375 0.1783447265625 0.138519287109375 -0.03997802734375
0.249526977539063 0.167816162109375 0.13970947265625 -0.0741958618164062
0.271697998046875 0.204803466796875 0.14923095703125 -0.0609893798828125
0.201080322265625 0.286468505859375 0.153228759765625 -0.00401306152343748
0.032012939453125 0.323516845703125 0.12335205078125 -0.00288391113281248
-0.13104248046875 0.318756103515625 0.131080627441406 0.0176315307617188
-0.33001708984375 0.15191650390625 0.226470947265625 0.052703857421875
-0.4093017578125 -0.0578002929687501 0.306976318359375 0.14971923828125
-0.4158935546875 -0.159942626953125 0.299224853515625 0.35015869140625
-0.524139404296875 -0.21649169921875 0.103424072265625 -0.177200317382813
-0.520843505859375 -0.0134582519531249 0.0254058837890625 -0.124320983886719
-0.37152099609375 0.21038818359375 0.0135993957519531 -0.053314208984375
-0.17181396484375 0.35980224609375 0.0343303680419922 -0.0308418273925781
0.045654296875 0.344268798828125 0.0313873291015625 -0.0621452331542968
0.2581787109375 0.28326416015625 0.0456886291503906 -0.061279296875
0.323577880859375 0.156646728515625 0.0108566284179688 -0.0782394409179687
0.283538818359375 0.15545654296875 0.00237274169921876 -0.0953292846679688
0.3162841796875 0.199951171875 0.0194778442382813 -0.0987091064453125
0.24505615234375 0.301910400390625 0.0565643310546875 -0.0758819580078125
0.055206298828125 0.36663818359375 0.0723037719726563 -0.0866546630859375
-0.139007568359375 0.3778076171875 0.130683898925781 -0.0450057983398437
-0.39068603515625 0.1876220703125 0.22955322265625 0.035919189453125
-0.507720947265625 -0.0648803710937499 0.210891723632812 0.143585205078125
-0.51995849609375 -0.198516845703125 0.159896850585937 0.2667236328125
-0.553955078125 -0.1673583984375 -0.0537261962890626 -0.202407836914063
-0.52703857421875 0.0596618652343751 -0.0622482299804688 -0.0909881591796875
-0.324066162109375 0.260406494140625 0.0190658569335937 -0.0409164428710937
-0.10693359375 0.36016845703125 0.0394287109375 -0.0844955444335937
0.091400146484375 0.3115234375 -0.0136642456054687 -0.127555847167969
0.273422241210938 0.231552124023438 -0.0521011352539062 -0.114013671875
0.31072998046875 0.11114501953125 -0.119949340820312 -0.0969390869140625
0.272811889648437 0.11846923828125 -0.135826110839844 -0.10211181640625
0.306915283203125 0.162139892578125 -0.113212585449219 -0.124679565429688
0.24517822265625 0.261322021484375 -0.04766845703125 -0.1429443359375
0.066131591796875 0.337615966796875 0.013458251953125 -0.162460327148437
-0.11798095703125 0.358795166015625 0.115798950195313 -0.103347778320312
-0.37200927734375 0.1881103515625 0.20477294921875 0.014678955078125
-0.50701904296875 -0.0575256347656249 0.0882644653320312 0.125068664550781
-0.53961181640625 -0.19482421875 -0.00144958496093752 0.1650390625
-0.49658203125 -0.110992431640625 -0.208740234375 -0.22216796875
-0.455596923828125 0.0944213867187499 -0.150894165039063 -0.0589141845703125
-0.245651245117188 0.250946044921875 0.00645065307617186 -0.0245323181152344
-0.0447998046875 0.304779052734375 0.0240631103515625 -0.121353149414062
0.11151123046875 0.23980712890625 -0.0662384033203125 -0.165969848632812
0.241973876953125 0.153594970703125 -0.14520263671875 -0.140487670898438
0.249359130859375 0.0553131103515625 -0.233078002929688 -0.0973663330078125
0.219223022460938 0.064697265625 -0.252029418945313 -0.0927734375
0.245193481445313 0.09893798828125 -0.224334716796875 -0.134613037109375
0.201614379882813 0.170913696289063 -0.135589599609375 -0.19146728515625
0.0709228515625 0.23980712890625 -0.034912109375 -0.213211059570313
-0.0660247802734375 0.269699096679687 0.096038818359375 -0.1427001953125
-0.27117919921875 0.1597900390625 0.16009521484375 0.00122070312500001
-0.4110107421875 -0.0254516601562501 -0.0345001220703125 0.101997375488281
-0.47314453125 -0.14520263671875 -0.153335571289063 0.0661468505859375
-0.361968994140625 -0.050506591796875 -0.339874267578125 -0.246002197265625
-0.31689453125 0.090484619140625 -0.229644775390625 -0.0457611083984375
-0.148284912109375 0.18939208984375 -0.0229587554931641 -0.0114498138427734
0.00326538085937501 0.203582763671875 -0.00366973876953126 -0.137702941894531
0.102745056152344 0.140472412109375 -0.11334228515625 -0.177215576171875
0.170166015625 0.0633087158203125 -0.2197265625 -0.141891479492187
0.152450561523438 -0.00439453125 -0.3111572265625 -0.0812988281249999
0.131599426269531 0.003662109375 -0.32708740234375 -0.0705871582031251
0.144271850585938 0.018829345703125 -0.295318603515625 -0.127899169921875
0.133110046386719 0.0505447387695313 -0.190887451171875 -0.212005615234375
0.0734710693359375 0.103759765625 -0.063720703125 -0.229278564453125
0.00854492187500001 0.143722534179688 0.0777130126953125 -0.1541748046875
-0.12103271484375 0.123565673828125 0.110855102539062 -0.00122070312499999
-0.252487182617188 0.0302734375 -0.130348205566406 0.0837173461914063
-0.34228515625 -0.0586547851562501 -0.273529052734375 -0.00901794433593752
0.136116027832031 -0.0950241088867188 0.33447265625 -0.074462890625
0.0433349609375 -0.169601440429688 0.154571533203125 -0.134170532226563
-0.103874206542969 -0.0862045288085937 -0.0910263061523438 -0.0290298461914063
-0.114639282226562 0.018768310546875 -0.07464599609375 0.164047241210938
-0.0710372924804687 0.0563430786132813 0.0777587890625 0.216812133789063
-0.0337982177734375 0.0871124267578125 0.241790771484375 0.183853149414063
0.00128173828124999 0.0846939086914062 0.337249755859375 0.069549560546875
-0.0207748413085937 0.0779953002929688 0.346221923828125 0.00280761718750001
-0.048614501953125 0.0809326171875 0.320953369140625 0.026763916015625
-0.081390380859375 0.0473861694335937 0.253524780273438 0.106094360351563
-0.08380126953125 -0.0223388671875 0.160964965820313 0.129364013671875
-0.0523834228515625 -0.0773544311523437 0.0706787109375 0.108482360839844
0.0547332763671875 -0.104629516601563 0.092071533203125 0.0528564453125
0.167739868164063 -0.054351806640625 0.311737060546875 0.065399169921875
0.196731567382813 0.028228759765625 0.3994140625 0.33306884765625
-0.06170654296875 -0.171401977539062 0.347900390625 -0.094146728515625
-0.14215087890625 -0.177154541015625 0.161422729492188 -0.1475830078125
-0.2288818359375 -0.0263214111328125 -0.0609397888183594 -0.0484275817871094
-0.177688598632812 0.134246826171875 -0.048370361328125 0.126815795898438
-0.057342529296875 0.17431640625 0.0805511474609375 0.1634521484375
0.0609588623046875 0.1829833984375 0.2315673828125 0.135986328125
0.122718811035156 0.128814697265625 0.306365966796875 0.028045654296875
0.0898361206054687 0.118675231933594 0.315521240234375 -0.036163330078125
0.0763168334960937 0.131866455078125 0.304534912109375 -0.012420654296875
0.0272903442382812 0.13531494140625 0.2584228515625 0.0739593505859375
-0.0365142822265625 0.09942626953125 0.174591064453125 0.0984344482421875
-0.0686607360839844 0.0596160888671875 0.102752685546875 0.09075927734375
-0.0642623901367188 -0.00690841674804688 0.15020751953125 0.051055908203125
-0.0252418518066406 -0.0384902954101563 0.357269287109375 0.08563232421875
-0.0145130157470703 -0.0195999145507813 0.437469482421875 0.359710693359375
-0.253097534179687 -0.213226318359375 0.30828857421875 -0.133880615234375
-0.307373046875 -0.144287109375 0.136611938476562 -0.161972045898438
-0.31787109375 0.050811767578125 -0.0354194641113281 -0.0620079040527344
-0.206527709960938 0.234527587890625 -0.0184783935546875 0.0786514282226563
-0.0294952392578125 0.266220092773438 0.0752944946289063 0.0912246704101563
0.149703979492188 0.248703002929688 0.191177368164063 0.0675811767578125
0.226043701171875 0.152618408203125 0.231597900390625 -0.01763916015625
0.187789916992188 0.141616821289062 0.236740112304688 -0.0709228515625
0.193252563476562 0.166427612304687 0.23834228515625 -0.0513763427734375
0.133468627929688 0.21240234375 0.224166870117187 0.027252197265625
0.01165771484375 0.218307495117188 0.164276123046875 0.046142578125
-0.0883941650390625 0.199722290039063 0.129875183105469 0.0558624267578125
-0.1922607421875 0.0865936279296875 0.2027587890625 0.0478668212890625
-0.224838256835938 -0.03302001953125 0.360260009765625 0.108673095703125
-0.226882934570313 -0.0762481689453125 0.412872314453125 0.355682373046875
-0.411651611328125 -0.20599365234375 0.22125244140625 -0.173477172851563
-0.43133544921875 -0.0693359374999999 0.08575439453125 -0.161239624023438
-0.35546875 0.141937255859375 -0.0130615234375 -0.0673141479492187
-0.191314697265625 0.3140869140625 0.0100479125976562 0.0203113555908203
0.016815185546875 0.318756103515625 0.0565986633300781 0.00678253173828127
0.221099853515625 0.271484375 0.121269226074219 -0.00787353515624998
0.294677734375 0.149078369140625 0.122451782226563 -0.0576858520507812
0.256546020507813 0.144607543945313 0.120147705078125 -0.0936126708984375
0.280410766601563 0.17791748046875 0.134330749511719 -0.0851516723632813
0.21746826171875 0.261520385742188 0.151611328125 -0.03070068359375
0.053558349609375 0.31024169921875 0.12841796875 -0.0230865478515625
-0.102813720703125 0.3148193359375 0.14215087890625 0.00285339355468752
-0.3028564453125 0.163299560546875 0.233993530273437 0.0346527099609375
-0.39306640625 -0.0310668945312499 0.315155029296875 0.12347412109375
-0.402679443359375 -0.123382568359375 0.323394775390625 0.3193359375
-0.515899658203125 -0.166351318359375 0.096405029296875 -0.2001953125
-0.4986572265625 0.02728271484375 0.017303466796875 -0.139663696289063
-0.34149169921875 0.2274169921875 0.00479125976562498 -0.064666748046875
-0.13677978515625 0.358489990234375 0.0274391174316406 -0.0403327941894531
0.070648193359375 0.32513427734375 0.0222930908203125 -0.0714263916015625
0.268936157226563 0.24664306640625 0.0323638916015625 -0.0742416381835937
0.32232666015625 0.12054443359375 -0.00477600097656248 -0.084014892578125
0.285675048828125 0.1243896484375 -0.0148239135742187 -0.102134704589844
0.322479248046875 0.16375732421875 0.00485992431640627 -0.110061645507812
0.263351440429688 0.267166137695313 0.0513458251953125 -0.0933151245117187
0.08355712890625 0.34820556640625 0.0706024169921875 -0.102241516113281
-0.10089111328125 0.37237548828125 0.13543701171875 -0.0606613159179687
-0.35809326171875 0.20562744140625 0.237533569335937 0.013519287109375
-0.491424560546875 -0.0237731933593749 0.224868774414062 0.124008178710937
-0.51141357421875 -0.146728515625 0.1859130859375 0.250778198242187
-0.546234130859375 -0.109893798828125 -0.0525665283203125 -0.211151123046875
-0.498016357421875 0.1051025390625 -0.0604324340820313 -0.0995712280273438
-0.286651611328125 0.277740478515625 0.0126762390136719 -0.053070068359375
-0.067840576171875 0.35260009765625 0.0285263061523438 -0.0920867919921875
0.1146240234375 0.286468505859375 -0.0264511108398437 -0.130683898925781
0.278411865234375 0.192169189453125 -0.0655746459960938 -0.116912841796875
0.30377197265625 0.074005126953125 -0.130714416503906 -0.0904693603515625
0.270919799804688 0.0858612060546875 -0.146926879882812 -0.0940399169921875
0.30743408203125 0.12396240234375 -0.125587463378906 -0.121475219726562
0.258529663085938 0.223373413085938 -0.0557403564453125 -0.148223876953125
0.096435546875 0.315399169921875 0.00559997558593749 -0.171035766601562
-0.077880859375 0.354217529296875 0.114593505859375 -0.117050170898437
-0.336517333984375 0.210296630859375 0.210052490234375 -0.00738525390624999
-0.4908447265625 -0.0115356445312501 0.106010437011719 0.11541748046875
-0.534942626953125 -0.13641357421875 0.0243072509765625 0.166061401367188
-0.493194580078125 -0.0555725097656251 -0.2015380859375 -0.214370727539062
-0.428466796875 0.1412353515625 -0.139808654785156 -0.0589141845703125
-0.209579467773437 0.267333984375 0.00356292724609373 -0.0362548828125
-0.008544921875 0.2962646484375 0.0111465454101562 -0.125190734863281
0.133193969726562 0.21435546875 -0.0793609619140625 -0.16058349609375
0.244522094726563 0.115768432617188 -0.1552734375 -0.132095336914063
0.238555908203125 0.0212249755859375 -0.23687744140625 -0.0779571533203125
0.213943481445313 0.0358428955078125 -0.255996704101563 -0.0725097656250001
0.240447998046875 0.0641632080078125 -0.232467651367188 -0.118865966796875
0.209457397460938 0.13531494140625 -0.145065307617188 -0.18463134765625
0.09332275390625 0.21759033203125 -0.0477752685546875 -0.213760375976563
-0.03125 0.261520385742188 0.0885162353515625 -0.1527099609375
-0.237350463867188 0.177536010742188 0.164093017578125 -0.017608642578125
-0.397857666015625 0.0187377929687501 -0.0140914916992188 0.10357666015625
-0.46966552734375 -0.087432861328125 -0.130706787109375 0.0848236083984375
-0.364593505859375 -0.00872802734374999 -0.330535888671875 -0.222900390625
-0.30029296875 0.129852294921875 -0.21453857421875 -0.03704833984375
-0.123779296875 0.20538330078125 -0.0240840911865234 -0.0195579528808594
0.031890869140625 0.197662353515625 -0.0182647705078125 -0.136833190917969
0.120414733886719 0.120033264160156 -0.125808715820313 -0.1636962890625
0.171920776367187 0.0339202880859375 -0.225234985351563 -0.122650146484375
0.14019775390625 -0.030609130859375 -0.307769775390625 -0.053070068359375
0.123390197753906 -0.0186538696289063 -0.3236083984375 -0.04180908203125
0.13592529296875 -0.00547027587890625 -0.297637939453125 -0.10174560546875
0.131210327148438 0.0227203369140625 -0.199676513671875 -0.196395874023438
0.084747314453125 0.0839004516601563 -0.077392578125 -0.222946166992187
0.0323104858398438 0.132514953613281 0.0674285888671875 -0.159744262695312
-0.0944900512695312 0.133018493652344 0.113479614257813 -0.0134124755859375
-0.239730834960938 0.0645599365234375 -0.108283996582031 0.0974807739257812
-0.340576171875 -0.010711669921875 -0.254226684570313 0.024444580078125
0.129020690917969 -0.113945007324219 0.300689697265625 -0.097198486328125
0.0216827392578125 -0.179931640625 0.128982543945312 -0.14215087890625
-0.117958068847656 -0.0770492553710937 -0.0948638916015625 -0.0233306884765625
-0.117919921875 0.0336685180664062 -0.0673980712890625 0.161727905273438
-0.0670623779296875 0.0702400207519531 0.081146240234375 0.204635620117188
-0.02093505859375 0.0969772338867187 0.238906860351563 0.16595458984375
0.0166702270507813 0.0906524658203125 0.3218994140625 0.0499267578125
-0.0068359375 0.0856781005859375 0.3255615234375 -0.018218994140625
-0.0342025756835938 0.0936737060546875 0.304107666015625 0.00527954101562501
-0.0763473510742187 0.0639724731445313 0.245803833007813 0.0856781005859375
-0.0910568237304688 -0.00859832763671876 0.16339111328125 0.112747192382813
-0.0661697387695313 -0.0721511840820312 0.0802536010742188 0.101570129394531
0.0416717529296875 -0.11553955078125 0.0938873291015625 0.057159423828125
0.163238525390625 -0.0784912109375 0.29290771484375 0.057861328125
0.200576782226563 0.0016326904296875 0.3839111328125 0.307403564453125
-0.0603485107421875 -0.17462158203125 0.315582275390625 -0.1197509765625
-0.152069091796875 -0.177230834960938 0.13494873046875 -0.157501220703125
-0.232437133789063 -0.0167694091796875 -0.0679969787597656 -0.0459098815917969
-0.171676635742187 0.14337158203125 -0.0448379516601563 0.122207641601563
-0.048553466796875 0.179855346679688 0.079376220703125 0.150054931640625
0.07171630859375 0.181549072265625 0.222763061523438 0.11688232421875
0.131256103515625 0.124931335449219 0.28607177734375 0.00888061523437501
0.0990676879882813 0.1177978515625 0.290069580078125 -0.05499267578125
0.0851364135742187 0.133872985839844 0.2822265625 -0.03515625
0.0307769775390625 0.13946533203125 0.24835205078125 0.0500335693359375
-0.0402679443359375 0.101631164550781 0.175491333007812 0.07867431640625
-0.0733642578125 0.0564041137695313 0.11236572265625 0.0802383422851563
-0.0631332397460938 -0.0186729431152344 0.152069091796875 0.0493316650390625
-0.016143798828125 -0.0543861389160156 0.341705322265625 0.072235107421875
0.00116539001464843 -0.0320682525634766 0.427337646484375 0.327728271484375
-0.240142822265625 -0.202728271484375 0.279647827148438 -0.1595458984375
-0.301849365234375 -0.136627197265625 0.11248779296875 -0.172836303710938
-0.309722900390625 0.057373046875 -0.0450706481933594 -0.0626754760742187
-0.192474365234375 0.23773193359375 -0.019073486328125 0.0724639892578125
-0.0180511474609375 0.261489868164063 0.069061279296875 0.0772628784179688
0.15576171875 0.236343383789063 0.176773071289062 0.0500640869140625
0.227340698242188 0.139511108398438 0.209121704101563 -0.0329437255859375
0.18963623046875 0.131912231445313 0.210067749023438 -0.0861663818359375
0.195938110351562 0.156600952148437 0.215927124023438 -0.07159423828125
0.134857177734375 0.20220947265625 0.21356201171875 0.00228881835937501
0.013885498046875 0.210174560546875 0.165115356445312 0.0258331298828125
-0.0824432373046875 0.18878173828125 0.138595581054688 0.0425872802734375
-0.17822265625 0.076202392578125 0.204055786132813 0.03961181640625
-0.205154418945312 -0.03558349609375 0.3505859375 0.09149169921875
-0.203048706054688 -0.071441650390625 0.409698486328125 0.322357177734375
-0.39031982421875 -0.18267822265625 0.199600219726562 -0.196258544921875
-0.41070556640625 -0.0540161132812499 0.067840576171875 -0.17291259765625
-0.3359375 0.144073486328125 -0.0233535766601563 -0.0717620849609375
-0.171875 0.307281494140625 0.00502490997314452 0.0136232376098633
0.0272216796875 0.304107666015625 0.0473251342773438 -0.00350189208984373
0.220733642578125 0.249603271484375 0.104141235351563 -0.0206069946289062
0.287689208984375 0.12994384765625 0.101837158203125 -0.0662307739257812
0.251007080078125 0.126998901367188 0.0969009399414063 -0.102653503417969
0.275863647460938 0.157546997070312 0.112876892089844 -0.09979248046875
0.217926025390625 0.239898681640625 0.141799926757812 -0.0517730712890625
0.0611572265625 0.29241943359375 0.126792907714844 -0.0415802001953125
-0.087249755859375 0.2984619140625 0.148239135742188 -0.011932373046875
-0.278106689453125 0.157623291015625 0.235824584960937 0.0216217041015625
-0.3680419921875 -0.022064208984375 0.31280517578125 0.1041259765625
-0.374237060546875 -0.10284423828125 0.32891845703125 0.290618896484375
-0.4879150390625 -0.13262939453125 0.085662841796875 -0.217987060546875
-0.464874267578125 0.046142578125 0.00781249999999999 -0.150894165039063
-0.31304931640625 0.22540283203125 -0.00571441650390627 -0.0712738037109375
-0.11419677734375 0.342315673828125 0.0189247131347656 -0.0454368591308594
0.079498291015625 0.30181884765625 0.0111541748046875 -0.0777740478515625
0.26202392578125 0.219619750976562 0.0164718627929688 -0.0808792114257812
0.307403564453125 0.09710693359375 -0.0194015502929687 -0.0851821899414063
0.275009155273438 0.103363037109375 -0.0310134887695312 -0.102745056152344
0.31103515625 0.136566162109375 -0.0108566284179687 -0.115608215332031
0.262008666992188 0.236038208007813 0.0424118041992188 -0.106582641601562
0.095306396484375 0.324615478515625 0.0666275024414063 -0.114845275878906
-0.076934814453125 0.353179931640625 0.137771606445313 -0.0748214721679687
-0.326019287109375 0.204376220703125 0.237274169921875 -0.00331115722656249
-0.46343994140625 -0.00344848632812495 0.229736328125 0.105682373046875
-0.4818115234375 -0.112335205078125 0.199600219726562 0.229705810546875
-0.5159912109375 -0.07037353515625 -0.049072265625 -0.221359252929688
-0.45703125 0.127655029296875 -0.0585098266601563 -0.110313415527344
-0.2520751953125 0.272232055664063 0.00362396240234374 -0.0624771118164062
-0.04217529296875 0.3316650390625 0.0178298950195312 -0.0949249267578125
0.122940063476562 0.258316040039063 -0.0364837646484375 -0.130401611328125
0.26727294921875 0.160125732421875 -0.0760955810546875 -0.116683959960938
0.2821044921875 0.05078125 -0.137153625488281 -0.0840911865234375
0.255661010742188 0.063201904296875 -0.153076171875 -0.087005615234375
0.2935791015625 0.095672607421875 -0.133705139160156 -0.118133544921875
0.2545166015625 0.189376831054688 -0.0620880126953125 -0.152206420898438
0.10736083984375 0.28839111328125 -0.000213623046875003 -0.175811767578125
-0.051849365234375 0.33349609375 0.111564636230469 -0.128219604492187
-0.3021240234375 0.210845947265625 0.209091186523437 -0.024444580078125
-0.4632568359375 0.01641845703125 0.118087768554688 0.101837158203125
-0.506805419921875 -0.0937805175781251 0.0455474853515625 0.15911865234375
-0.469085693359375 -0.0165710449218749 -0.18658447265625 -0.214370727539063
-0.391326904296875 0.166412353515625 -0.127716064453125 -0.067291259765625
-0.178131103515625 0.266586303710938 -0.00252914428710939 -0.0468521118164062
0.01666259765625 0.276535034179688 2.28881835937419E-05 -0.124176025390625
0.140670776367188 0.186599731445313 -0.0863037109374999 -0.153884887695313
0.231674194335938 0.0853271484375 -0.159835815429688 -0.124008178710937
0.217117309570313 -0.0013275146484375 -0.232528686523437 -0.0648345947265625
0.197036743164062 0.0159149169921875 -0.251724243164063 -0.0588836669921875
0.223236083984375 0.038787841796875 -0.232284545898438 -0.10687255859375
0.20086669921875 0.104812622070312 -0.148193359375 -0.179794311523438
0.101669311523437 0.1923828125 -0.0542755126953125 -0.211090087890625
-0.00723266601562498 0.24102783203125 0.082977294921875 -0.158248901367187
-0.20635986328125 0.177658081054688 0.162429809570312 -0.032470703125
-0.370391845703125 0.04632568359375 0.00335693359374997 0.0988311767578125
-0.4459228515625 -0.045196533203125 -0.104393005371094 0.091461181640625
-0.35186767578125 0.0245361328124999 -0.308868408203125 -0.212554931640625
-0.275466918945313 0.153427124023437 -0.195266723632813 -0.0402984619140625
-0.0995025634765625 0.209457397460937 -0.0271968841552734 -0.0293617248535156
0.0525970458984375 0.185134887695313 -0.0289230346679687 -0.132316589355469
0.127265930175781 0.0986328125 -0.129867553710938 -0.149978637695313
0.161972045898438 0.0098114013671875 -0.221572875976563 -0.107666015625
0.121200561523438 -0.0474319458007813 -0.29522705078125 -0.033843994140625
0.107780456542969 -0.0320892333984375 -0.3099365234375 -0.023345947265625
0.119293212890625 -0.0234909057617187 -0.28900146484375 -0.0845642089843751
0.119148254394531 -4.57763671875E-05 -0.198776245117187 -0.183975219726563
0.0873870849609375 0.062255859375 -0.08245849609375 -0.214920043945313
0.0469512939453125 0.113922119140625 0.061065673828125 -0.16107177734375
-0.0690460205078125 0.131019592285156 0.113388061523438 -0.0233688354492187
-0.21759033203125 0.087371826171875 -0.0863876342773438 0.100128173828125
-0.322540283203125 0.0272216796875001 -0.22418212890625 0.0442352294921875
0.121864318847656 -0.128875732421875 0.269454956054688 -0.102188110351563
0.00210571289062502 -0.18743896484375 0.10699462890625 -0.14154052734375
-0.12921142578125 -0.0686492919921875 -0.0980224609375 -0.0190582275390625
-0.120811462402344 0.0470809936523438 -0.066162109375 0.1590576171875
-0.0627365112304688 0.0821151733398438 0.0779876708984375 0.198272705078125
-0.00862884521484375 0.105331420898437 0.231597900390625 0.158279418945313
0.0309982299804688 0.0946731567382813 0.305908203125 0.044403076171875
0.00688934326171875 0.09063720703125 0.305938720703125 -0.023193359375
-0.019195556640625 0.102897644042969 0.28778076171875 -0.00238037109374999
-0.06927490234375 0.0788040161132813 0.235092163085938 0.075775146484375
-0.0963973999023438 0.00482940673828125 0.16168212890625 0.1021728515625
-0.0779647827148438 -0.0665130615234375 0.0862808227539063 0.09588623046875
0.02935791015625 -0.124183654785156 0.0968399047851563 0.0640869140625
0.156997680664063 -0.100204467773438 0.277877807617188 0.0646209716796875
0.201675415039063 -0.0201568603515625 0.361785888671875 0.301666259765625
-0.0556488037109375 -0.183822631835938 0.283843994140625 -0.128875732421875
-0.160430908203125 -0.182785034179687 0.113296508789062 -0.1593017578125
-0.237686157226563 -0.0120697021484375 -0.0733795166015625 -0.043304443359375
-0.170028686523438 0.15106201171875 -0.0461959838867188 0.117935180664063
-0.0452728271484375 0.185699462890625 0.0726776123046875 0.1422119140625
0.0790863037109375 0.18414306640625 0.2103271484375 0.108642578125
0.138343811035156 0.124855041503906 0.266616821289063 0.00523376464843751
0.105751037597656 0.119499206542969 0.26715087890625 -0.06048583984375
0.0935134887695313 0.13861083984375 0.261245727539063 -0.0441741943359375
0.031768798828125 0.146087646484375 0.236663818359375 0.035797119140625
-0.046600341796875 0.106765747070313 0.173736572265625 0.0648345947265625
-0.0819778442382813 0.0537872314453125 0.118843078613281 0.0719528198242188
-0.0666389465332031 -0.0329818725585938 0.15496826171875 0.0528106689453125
-0.0104141235351562 -0.074432373046875 0.328643798828125 0.07403564453125
0.0140151977539063 -0.0479774475097656 0.409149169921875 0.317535400390625
-0.225265502929688 -0.203445434570312 0.251876831054688 -0.173019409179688
-0.29791259765625 -0.141265869140625 0.091949462890625 -0.1778564453125
-0.3076171875 0.056243896484375 -0.0533294677734375 -0.0631065368652344
-0.189178466796875 0.236480712890625 -0.0233497619628906 0.0678672790527344
-0.015716552734375 0.2596435546875 0.0598182678222656 0.069061279296875
0.157424926757813 0.233291625976562 0.160858154296875 0.0431976318359375
0.226333618164062 0.135452270507812 0.187408447265625 -0.03546142578125
0.189605712890625 0.130081176757812 0.1865234375 -0.0901031494140625
0.194732666015625 0.154830932617188 0.193710327148438 -0.0798797607421875
0.131515502929688 0.20098876953125 0.200775146484375 -0.013671875
0.00790405273437498 0.206146240234375 0.162399291992188 0.00971984863281251
-0.0857086181640625 0.1788330078125 0.143844604492188 0.031097412109375
-0.17352294921875 0.0596160888671875 0.207595825195312 0.0376129150390625
-0.190475463867187 -0.0509185791015625 0.34033203125 0.0877685546875
-0.180938720703125 -0.0798492431640625 0.39794921875 0.308074951171875
-0.365936279296875 -0.178131103515625 0.180419921875 -0.211654663085937
-0.393585205078125 -0.0587463378906249 0.05218505859375 -0.18096923828125
-0.32696533203125 0.137115478515625 -0.0331268310546875 -0.0751266479492187
-0.16656494140625 0.297943115234375 -0.00265979766845704 0.00858402252197268
0.02593994140625 0.29461669921875 0.0362205505371094 -0.00942993164062498
0.214889526367188 0.240020751953125 0.0874557495117188 -0.0251007080078125
0.278579711914063 0.123123168945312 0.0831985473632813 -0.0678329467773437
0.243927001953125 0.122161865234375 0.0759353637695313 -0.103935241699219
0.267684936523438 0.15106201171875 0.0936279296875 -0.106246948242187
0.209991455078125 0.2294921875 0.129425048828125 -0.0667648315429687
0.0567779541015625 0.280990600585938 0.124168395996094 -0.056488037109375
-0.0850830078125 0.2823486328125 0.152618408203125 -0.0243682861328125
-0.264938354492188 0.140335083007813 0.238006591796875 0.014923095703125
-0.347442626953125 -0.029144287109375 0.30865478515625 0.096038818359375
-0.34698486328125 -0.103118896484375 0.326385498046875 0.274169921875
-0.457672119140625 -0.12255859375 0.076995849609375 -0.23443603515625
-0.437530517578125 0.0437927246093751 -0.00123596191406253 -0.163070678710937
-0.298065185546875 0.211578369140625 -0.0157241821289063 -0.077392578125
-0.1065673828125 0.324066162109375 0.0100326538085937 -0.0487442016601562
0.0758056640625 0.28607177734375 0.000488281249999998 -0.0809860229492187
0.248565673828125 0.206619262695313 0.00166320800781252 -0.083465576171875
0.290618896484375 0.08843994140625 -0.0328140258789062 -0.0842056274414062
0.261489868164063 0.095367431640625 -0.0455322265625 -0.101814270019531
0.29730224609375 0.12518310546875 -0.0254364013671875 -0.119338989257812
0.24993896484375 0.220367431640625 0.032684326171875 -0.11883544921875
0.09271240234375 0.30755615234375 0.0626449584960937 -0.125953674316406
-0.070037841796875 0.33477783203125 0.139389038085938 -0.0858230590820312
-0.307830810546875 0.191009521484375 0.237762451171875 -0.0133514404296875
-0.438018798828125 -0.00259399414062504 0.231292724609375 0.0957794189453125
-0.451324462890625 -0.1038818359375 0.20635986328125 0.217575073242188
-0.485382080078125 -0.055206298828125 -0.0445098876953125 -0.236572265625
-0.424713134765625 0.130462646484375 -0.058563232421875 -0.125389099121094
-0.233612060546875 0.25665283203125 -0.00590133666992189 -0.0699348449707031
-0.0341796875 0.309478759765625 0.00971984863281251 -0.0968780517578125
0.116973876953125 0.237884521484375 -0.044036865234375 -0.130569458007812
0.24896240234375 0.144393920898438 -0.0860595703125 -0.116172790527344
0.260238647460938 0.0402069091796875 -0.141708374023437 -0.0807037353515625
0.23870849609375 0.054779052734375 -0.15899658203125 -0.0842742919921875
0.273513793945313 0.08258056640625 -0.141082763671875 -0.117874145507813
0.240798950195312 0.169937133789062 -0.0681915283203125 -0.159133911132813
0.106338500976562 0.267623901367188 -0.00352478027343748 -0.182662963867187
-0.04193115234375 0.311065673828125 0.110069274902344 -0.136955261230469
-0.2806396484375 0.19805908203125 0.207305908203125 -0.03680419921875
-0.436126708984375 0.0234680175781249 0.125083923339844 0.0913925170898438
-0.47467041015625 -0.0772094726562501 0.0604705810546875 0.15057373046875
-0.444091796875 0.00219726562500006 -0.171615600585938 -0.227157592773437
-0.361541748046875 0.1724853515625 -0.120368957519531 -0.083740234375
-0.157424926757813 0.2568359375 -0.0105628967285156 -0.0560531616210937
0.027496337890625 0.255508422851563 -0.0068511962890625 -0.124076843261719
0.136856079101563 0.165740966796875 -0.089752197265625 -0.150970458984375
0.213882446289062 0.0678253173828125 -0.161346435546875 -0.1207275390625
0.193771362304688 -0.010986328125 -0.229110717773438 -0.06109619140625
0.1793212890625 0.008209228515625 -0.2486572265625 -0.0538787841796876
0.202896118164063 0.02679443359375 -0.231063842773438 -0.10369873046875
0.185379028320313 0.0855865478515625 -0.149169921875 -0.181716918945313
0.099365234375 0.170806884765625 -0.055999755859375 -0.212997436523438
0.0025482177734375 0.219772338867187 0.081390380859375 -0.16375732421875
-0.183990478515625 0.168548583984375 0.161239624023437 -0.04217529296875
-0.345703125 0.0575561523437501 0.0165634155273437 0.0905380249023438
-0.418365478515625 -0.0225219726562501 -0.0815048217773438 0.0893020629882812
-0.33740234375 0.0444946289062501 -0.284942626953125 -0.21966552734375
-0.254776000976562 0.166213989257812 -0.182083129882813 -0.0540924072265625
-0.0814208984375 0.2086181640625 -0.0333747863769531 -0.0383262634277344
0.0651702880859375 0.171722412109375 -0.0351181030273437 -0.128631591796875
0.128211975097656 0.0802230834960938 -0.128707885742188 -0.142196655273438
0.148513793945313 -0.0064544677734375 -0.216705322265625 -0.101089477539062
0.101974487304688 -0.055419921875 -0.282928466796875 -0.0284423828125001
0.0922775268554688 -0.0390777587890625 -0.29791259765625 -0.017608642578125
0.101295471191406 -0.0319595336914063 -0.280288696289063 -0.0793762207031249
0.103645324707031 -0.0148086547851562 -0.195327758789063 -0.181182861328125
0.0837631225585938 0.0431671142578125 -0.0823974609375 -0.2122802734375
0.0553741455078125 0.0961761474609375 0.0584716796875 -0.161895751953125
-0.0500259399414062 0.122772216796875 0.113739013671875 -0.0297470092773437
-0.195175170898437 0.10009765625 -0.0685272216796875 0.0964813232421875
-0.30084228515625 0.0504760742187499 -0.194976806640625 0.05084228515625
0.115982055664063 -0.145706176757813 0.245361328125 -0.100540161132813
-0.018890380859375 -0.195602416992188 0.0904998779296875 -0.1380615234375
-0.141845703125 -0.0599822998046875 -0.103721618652344 -0.0150299072265625
-0.123825073242188 0.0619277954101562 -0.069091796875 0.161376953125
-0.0583724975585938 0.0953369140625 0.0745086669921875 0.199188232421875
0.00467681884765624 0.114814758300781 0.228652954101563 0.160247802734375
0.0463180541992188 0.0973739624023437 0.2996826171875 0.047149658203125
0.0198974609375 0.095703125 0.29595947265625 -0.022003173828125
-0.00362396240234374 0.110748291015625 0.277877807617188 -0.00402832031249999
-0.0611495971679688 0.0930252075195312 0.2293701171875 0.07281494140625
-0.101524353027344 0.0185775756835938 0.16064453125 0.0966033935546875
-0.090789794921875 -0.0594024658203125 0.092254638671875 0.093353271484375
0.0166244506835938 -0.133445739746094 0.104927062988281 0.0727157592773438
0.150238037109375 -0.121978759765625 0.273056030273438 0.0793914794921875
0.202972412109375 -0.0415191650390625 0.347900390625 0.313934326171875
-0.0547332763671875 -0.200469970703125 0.259963989257813 -0.134506225585938
-0.175048828125 -0.193222045898438 0.095947265625 -0.159255981445313
-0.249542236328125 -0.00906372070312495 -0.080780029296875 -0.041229248046875
-0.173492431640625 0.161651611328125 -0.051177978515625 0.118453979492188
-0.0420684814453125 0.196151733398438 0.066192626953125 0.140762329101563
0.0880279541015625 0.19189453125 0.201507568359375 0.108795166015625
0.14849853515625 0.129043579101563 0.254379272460937 0.00793457031250001
0.115936279296875 0.123634338378906 0.25091552734375 -0.0589752197265625
0.103103637695312 0.146331787109375 0.24609375 -0.04766845703125
0.0345306396484375 0.158218383789063 0.227218627929688 0.0285491943359375
-0.05389404296875 0.1165771484375 0.17230224609375 0.05487060546875
-0.0944747924804687 0.0546722412109375 0.125762939453125 0.0652847290039063
-0.074859619140625 -0.048309326171875 0.163650512695313 0.0563507080078125
-0.0114059448242188 -0.097503662109375 0.32525634765625 0.083465576171875
0.02294921875 -0.0695152282714844 0.397735595703125 0.32086181640625
-0.2164306640625 -0.218338012695312 0.23077392578125 -0.181655883789063
-0.30438232421875 -0.152313232421875 0.0739593505859375 -0.181243896484375
-0.31658935546875 0.052947998046875 -0.0626296997070313 -0.0627822875976562
-0.192901611328125 0.241302490234375 -0.0300483703613281 0.0657577514648438
-0.01715087890625 0.266143798828125 0.0500755310058594 0.0675125122070313
0.160079956054688 0.2386474609375 0.148529052734375 0.04388427734375
0.229888916015625 0.1390380859375 0.172332763671875 -0.0329132080078125
0.194229125976562 0.133285522460937 0.167312622070313 -0.088623046875
0.199798583984375 0.161148071289063 0.1756591796875 -0.08428955078125
0.13092041015625 0.207046508789063 0.188705444335938 -0.024200439453125
0.000259399414062478 0.21136474609375 0.159622192382812 -0.00424194335937499
-0.0965576171875 0.174697875976563 0.152008056640625 0.020477294921875
-0.177658081054688 0.0421142578125 0.216720581054688 0.0369873046875
-0.186492919921875 -0.07232666015625 0.341888427734375 0.092041015625
-0.1656494140625 -0.0983428955078125 0.393890380859375 0.308746337890625
-0.350494384765625 -0.191192626953125 0.162872314453125 -0.226043701171875
-0.392669677734375 -0.0702514648437501 0.0352935791015625 -0.189453125
-0.3311767578125 0.127288818359375 -0.04443359375 -0.077056884765625
-0.169830322265625 0.295501708984375 -0.0106239318847656 0.00653362274169924
0.02142333984375 0.29583740234375 0.0246829986572266 -0.01318359375
0.211318969726563 0.244064331054688 0.0733871459960938 -0.0254135131835937
0.274185180664063 0.125411987304688 0.0666084289550781 -0.0652923583984375
0.242416381835937 0.124786376953125 0.0577468872070313 -0.103736877441406
0.264266967773438 0.154083251953125 0.0751571655273438 -0.110275268554687
0.204360961914063 0.230682373046875 0.11737060546875 -0.0795059204101562
0.0496063232421875 0.280242919921875 0.120338439941406 -0.07220458984375
-0.0919952392578125 0.273971557617188 0.158355712890625 -0.037506103515625
-0.265655517578125 0.122894287109375 0.246566772460937 0.00958251953125001
-0.3388671875 -0.0447998046875001 0.312652587890625 0.093963623046875
-0.327178955078125 -0.11480712890625 0.3277587890625 0.270721435546875
-0.439361572265625 -0.1280517578125 0.0673675537109375 -0.254913330078125
-0.425567626953125 0.0310363769531249 -0.0127410888671875 -0.177108764648438
-0.29644775390625 0.1978759765625 -0.02825927734375 -0.0831069946289063
-0.110595703125 0.3155517578125 0.00159072875976562 -0.0525665283203125
0.067657470703125 0.2813720703125 -0.01080322265625 -0.0847702026367187
0.2381591796875 0.207061767578125 -0.0126953125 -0.08306884765625
0.279403686523438 0.090911865234375 -0.046600341796875 -0.0817489624023438
0.253677368164062 0.097076416015625 -0.0607833862304687 -0.100257873535156
0.286773681640625 0.12469482421875 -0.0419921875 -0.123016357421875
0.242019653320313 0.215301513671875 0.0209732055664063 -0.130561828613281
0.08587646484375 0.299835205078125 0.0585174560546875 -0.141265869140625
-0.073028564453125 0.32281494140625 0.143539428710938 -0.100357055664062
-0.303497314453125 0.17376708984375 0.24365234375 -0.022857666015625
-0.424468994140625 -0.013336181640625 0.23699951171875 0.088958740234375
-0.429107666015625 -0.107940673828125 0.214889526367187 0.209365844726562
-0.464111328125 -0.054046630859375 -0.04571533203125 -0.259841918945313
-0.40655517578125 0.12274169921875 -0.0661163330078125 -0.144851684570313
-0.226348876953125 0.24420166015625 -0.0177536010742188 -0.0790863037109375
-0.0340576171875 0.294647216796875 0.000732421874999994 -0.0996627807617188
0.108551025390625 0.228042602539063 -0.0518875122070312 -0.13360595703125
0.233428955078125 0.14093017578125 -0.0971603393554688 -0.117904663085937
0.24456787109375 0.04248046875 -0.150375366210938 -0.080230712890625
0.225921630859375 0.05517578125 -0.169403076171875 -0.082733154296875
0.258941650390625 0.0797576904296875 -0.1527099609375 -0.119644165039063
0.227493286132812 0.1617431640625 -0.0774078369140625 -0.170150756835938
0.100494384765625 0.255889892578125 -0.00836181640624998 -0.195022583007812
-0.0396728515625 0.29632568359375 0.112228393554687 -0.148193359375
-0.270675659179688 0.18597412109375 0.211349487304688 -0.0469818115234375
-0.421112060546875 0.022735595703125 0.132469177246094 0.08245849609375
-0.453582763671875 -0.0730590820312501 0.074737548828125 0.142868041992188
-0.429107666015625 0.011474609375 -0.1619873046875 -0.251373291015625
-0.342132568359375 0.173675537109375 -0.120803833007813 -0.106048583984375
-0.144866943359375 0.247360229492188 -0.0200653076171875 -0.0658683776855469
0.032196044921875 0.240249633789063 -0.0137405395507813 -0.12554931640625
0.131500244140625 0.151336669921875 -0.0941314697265625 -0.151565551757813
0.199264526367187 0.06048583984375 -0.1669921875 -0.122802734375
0.17572021484375 -0.0117340087890625 -0.230392456054688 -0.060821533203125
0.16455078125 0.0061798095703125 -0.25079345703125 -0.0540618896484375
0.18719482421875 0.0231170654296875 -0.236236572265625 -0.105667114257813
0.169937133789062 0.0750732421875 -0.15484619140625 -0.1888427734375
0.093719482421875 0.1566162109375 -0.0590362548828125 -0.220458984375
0.00559997558593749 0.203781127929688 0.08056640625 -0.171859741210938
-0.171188354492187 0.157821655273438 0.162765502929688 -0.05206298828125
-0.3251953125 0.062408447265625 0.0256195068359375 0.0819091796875
-0.395904541015625 -0.0116577148437501 -0.0612945556640625 0.0843505859375
-0.3297119140625 0.05975341796875 -0.270950317382813 -0.2412109375
-0.2391357421875 0.17584228515625 -0.178665161132813 -0.075439453125
-0.067718505859375 0.208908081054688 -0.0411605834960938 -0.0483283996582031
0.0749359130859375 0.161102294921875 -0.0406265258789062 -0.128616333007813
0.12762451171875 0.065826416015625 -0.129531860351562 -0.140121459960938
0.135795593261719 -0.0177230834960937 -0.215911865234375 -0.10101318359375
0.0839614868164063 -0.0594406127929688 -0.27734375 -0.0297241210937501
0.0766830444335938 -0.0418319702148438 -0.293670654296875 -0.018096923828125
0.0846328735351563 -0.0360260009765625 -0.278717041015625 -0.0805816650390626
0.0872116088867188 -0.0258026123046875 -0.196029663085937 -0.186004638671875
0.0778121948242188 0.0287094116210938 -0.081878662109375 -0.215744018554688
0.0588607788085938 0.07916259765625 0.059722900390625 -0.1669921875
-0.0345916748046875 0.114280700683594 0.11541748046875 -0.0373077392578125
-0.176651000976562 0.108612060546875 -0.0546035766601562 0.0910110473632813
-0.28240966796875 0.06732177734375 -0.17047119140625 0.049652099609375
0.106460571289063 -0.165939331054687 0.225204467773438 -0.0979156494140625
-0.0438690185546875 -0.20318603515625 0.0755386352539063 -0.134132385253906
-0.157608032226563 -0.0488128662109375 -0.110504150390625 -0.00814056396484374
-0.125541687011719 0.0818710327148438 -0.0709686279296875 0.169235229492188
-0.0509033203125 0.111686706542969 0.075347900390625 0.205307006835938
0.0225677490234375 0.12274169921875 0.234024047851562 0.164825439453125
0.0654144287109375 0.0981597900390625 0.30242919921875 0.0504150390625
0.0369415283203125 0.0981597900390625 0.29461669921875 -0.021331787109375
0.0160903930664062 0.117881774902344 0.27490234375 -0.00468444824218749
-0.048675537109375 0.108505249023438 0.227935791015625 0.0717926025390625
-0.104759216308594 0.0367660522460937 0.16314697265625 0.0919952392578125
-0.104942321777344 -0.0495758056640625 0.100433349609375 0.0899810791015625
-0.00157165527343749 -0.143539428710938 0.117332458496094 0.0800399780273437
0.138946533203125 -0.147781372070313 0.280517578125 0.093780517578125
0.20330810546875 -0.0663604736328125 0.347198486328125 0.333770751953125
-0.06207275390625 -0.223251342773437 0.23809814453125 -0.137222290039062
-0.199142456054687 -0.202590942382813 0.0782470703125 -0.158859252929688
-0.266098022460938 0.000427246093750026 -0.0901947021484375 -0.0374832153320312
-0.176910400390625 0.180328369140625 -0.0560989379882813 0.123085021972656
-0.0371551513671875 0.2119140625 0.0614776611328125 0.144668579101563
0.105148315429687 0.20062255859375 0.2000732421875 0.112579345703125
0.165725708007813 0.130706787109375 0.250198364257813 0.012176513671875
0.130088806152344 0.1278076171875 0.2431640625 -0.0562744140625
0.120498657226563 0.154251098632813 0.236526489257812 -0.048431396484375
0.044158935546875 0.172836303710937 0.220306396484375 0.02154541015625
-0.060211181640625 0.132843017578125 0.171554565429688 0.0445709228515625
-0.110298156738281 0.0614089965820313 0.134063720703125 0.0556259155273438
-0.0912628173828125 -0.06243896484375 0.177993774414063 0.0592498779296875
-0.0191497802734375 -0.124809265136719 0.333343505859375 0.092010498046875
0.0275726318359375 -0.0949325561523437 0.400543212890625 0.335052490234375
-0.21978759765625 -0.240219116210938 0.208648681640625 -0.190887451171875
-0.323150634765625 -0.163116455078125 0.0543975830078125 -0.184249877929688
-0.332672119140625 0.0573425292968751 -0.0739288330078125 -0.06146240234375
-0.198745727539062 0.255096435546875 -0.0381851196289063 0.0682296752929688
-0.0149078369140625 0.280487060546875 0.040435791015625 0.0687789916992188
0.1722412109375 0.24835205078125 0.140762329101563 0.0472259521484375
0.24176025390625 0.142044067382813 0.1627197265625 -0.0267791748046875
0.205902099609375 0.139389038085938 0.1531982421875 -0.0851287841796875
0.211990356445313 0.168243408203125 0.160186767578125 -0.086029052734375
0.136383056640625 0.21923828125 0.178192138671875 -0.0353546142578125
-0.0061798095703125 0.224151611328125 0.157424926757813 -0.01861572265625
-0.110336303710938 0.1793212890625 0.159744262695313 0.00627136230468751
-0.191986083984375 0.02777099609375 0.23114013671875 0.0334320068359375
-0.1922607421875 -0.0956878662109375 0.352813720703125 0.0947265625
-0.159347534179688 -0.120941162109375 0.401397705078125 0.313873291015625
-0.348114013671875 -0.208099365234375 0.143524169921875 -0.243865966796875
-0.401824951171875 -0.084259033203125 0.014923095703125 -0.198104858398438
-0.344757080078125 0.124237060546875 -0.0585861206054688 -0.0788726806640625
-0.17864990234375 0.3023681640625 -0.0208263397216797 0.00636291503906252
0.018951416015625 0.3062744140625 0.011836051940918 -0.0124797821044922
0.216812133789062 0.252349853515625 0.0605316162109375 -0.0223464965820312
0.280609130859375 0.13055419921875 0.0528221130371094 -0.0595626831054688
0.249526977539063 0.129409790039063 0.0403213500976563 -0.0988998413085937
0.272201538085938 0.159515380859375 0.0557632446289063 -0.112541198730469
0.208023071289063 0.237594604492188 0.103042602539063 -0.0922927856445313
0.045257568359375 0.288238525390625 0.115165710449219 -0.0891036987304687
-0.101913452148437 0.276382446289063 0.164215087890625 -0.055328369140625
-0.277008056640625 0.110260009765625 0.25994873046875 -0.000228881835937493
-0.34283447265625 -0.0626525878906249 0.32421875 0.09063720703125
-0.31976318359375 -0.13140869140625 0.33856201171875 0.268585205078125
-0.43157958984375 -0.138885498046875 0.051116943359375 -0.278732299804688
-0.426910400390625 0.02069091796875 -0.0319671630859375 -0.192138671875
-0.30450439453125 0.191802978515625 -0.0441818237304688 -0.0869903564453125
-0.11700439453125 0.3150634765625 -0.00955200195312501 -0.05401611328125
0.061859130859375 0.284942626953125 -0.023193359375 -0.0871810913085937
0.235565185546875 0.21307373046875 -0.0272903442382812 -0.0821533203125
0.27783203125 0.0957183837890625 -0.062103271484375 -0.0782470703125
0.2540283203125 0.101043701171875 -0.0789871215820312 -0.0966796875
0.286895751953125 0.128326416015625 -0.06109619140625 -0.124275207519531
0.238311767578125 0.218490600585938 0.00462341308593752 -0.143310546875
0.082366943359375 0.30181884765625 0.050201416015625 -0.15875244140625
-0.0792236328125 0.320709228515625 0.145065307617188 -0.1192626953125
-0.309600830078125 0.1649169921875 0.25445556640625 -0.0370635986328125
-0.427734375 -0.023345947265625 0.247543334960937 0.0809173583984375
-0.420440673828125 -0.11749267578125 0.227249145507812 0.203292846679687
-0.455963134765625 -0.0550537109375001 -0.05657958984375 -0.288970947265625
-0.397705078125 0.118408203125 -0.0810852050781251 -0.165130615234375
-0.226303100585938 0.236297607421875 -0.0328140258789063 -0.0863418579101563
-0.03729248046875 0.288330078125 -0.00942993164062499 -0.103866577148437
0.101547241210937 0.22491455078125 -0.0641250610351563 -0.13775634765625
0.225906372070312 0.141998291015625 -0.111061096191406 -0.118019104003906
0.235809326171875 0.0460968017578125 -0.163833618164062 -0.0777740478515625
0.22076416015625 0.0583953857421875 -0.184402465820313 -0.07958984375
0.252334594726563 0.0814361572265625 -0.170455932617187 -0.1214599609375
0.219070434570313 0.159774780273437 -0.094451904296875 -0.180267333984375
0.0964508056640625 0.2510986328125 -0.0179443359375 -0.209442138671875
-0.04248046875 0.289459228515625 0.110870361328125 -0.167190551757812
-0.269271850585938 0.17742919921875 0.216964721679688 -0.0621185302734375
-0.416412353515625 0.0198974609374999 0.141998291015625 0.0723114013671875
-0.44146728515625 -0.0738220214843749 0.0907135009765625 0.133621215820312
-0.4193115234375 0.0197753906249999 -0.1673583984375 -0.28204345703125
-0.329010009765625 0.177947998046875 -0.131187438964844 -0.128654479980469
-0.135574340820312 0.24371337890625 -0.0347213745117187 -0.0742645263671875
0.036468505859375 0.229736328125 -0.0235519409179688 -0.128738403320312
0.12615966796875 0.141372680664063 -0.102371215820313 -0.154525756835937
0.186508178710938 0.0560760498046875 -0.178054809570313 -0.124191284179688
0.16168212890625 -0.0096435546875 -0.239883422851563 -0.0604400634765625
0.153305053710938 0.0079193115234375 -0.262008666992188 -0.052276611328125
0.173355102539062 0.02386474609375 -0.249740600585938 -0.106414794921875
0.155685424804688 0.070098876953125 -0.169265747070313 -0.198394775390625
0.0872039794921875 0.14599609375 -0.068084716796875 -0.232666015625
0.00572204589843748 0.190170288085938 0.07891845703125 -0.185867309570313
-0.162368774414063 0.148590087890625 0.165847778320313 -0.0648345947265625
-0.313323974609375 0.0658874511718751 0.0360488891601562 0.0722579956054688
-0.381195068359375 -0.00439453124999994 -0.0438385009765625 0.0761566162109375
-0.324554443359375 0.078857421875 -0.272323608398438 -0.269393920898438
-0.224807739257813 0.189483642578125 -0.18511962890625 -0.09844970703125
-0.0532379150390625 0.211257934570312 -0.0552024841308594 -0.0557670593261719
0.0860595703125 0.150115966796875 -0.0492782592773437 -0.129226684570313
0.126754760742188 0.0510101318359375 -0.13421630859375 -0.139419555664063
0.123252868652344 -0.0283279418945313 -0.221023559570313 -0.102142333984375
0.0669822692871094 -0.0604324340820313 -0.28192138671875 -0.029144287109375
0.0632896423339844 -0.0418663024902344 -0.29888916015625 -0.01776123046875
0.067901611328125 -0.0365486145019531 -0.285919189453125 -0.083343505859375
0.0690078735351563 -0.0326118469238281 -0.205429077148438 -0.19488525390625
0.0686836242675781 0.0141677856445313 -0.08746337890625 -0.225875854492188
0.0600166320800781 0.0615348815917969 0.058837890625 -0.178115844726563
-0.0218124389648437 0.105461120605469 0.118072509765625 -0.0469131469726562
-0.15704345703125 0.116485595703125 -0.0425949096679688 0.0835037231445313
-0.264816284179688 0.0831146240234375 -0.149581909179688 0.04425048828125
0.08935546875 -0.188629150390625 0.205062866210938 -0.0941925048828125
-0.07794189453125 -0.204010009765625 0.058624267578125 -0.128044128417969
-0.1734619140625 -0.0287933349609375 -0.115470886230469 0.00231170654296876
-0.120658874511719 0.105865478515625 -0.06805419921875 0.182098388671875
-0.0365753173828125 0.127922058105469 0.0821533203125 0.21246337890625
0.0469207763671875 0.12591552734375 0.2490234375 0.166290283203125
0.08697509765625 0.0927581787109375 0.31170654296875 0.047210693359375
0.056854248046875 0.0963592529296875 0.29656982421875 -0.025299072265625
0.039306640625 0.119819641113281 0.274093627929687 -0.00935363769531249
-0.030975341796875 0.122177124023438 0.230682373046875 0.066802978515625
-0.103858947753906 0.05828857421875 0.167022705078125 0.084747314453125
-0.118309020996094 -0.0345535278320312 0.111778259277344 0.082427978515625
-0.0249481201171875 -0.149856567382813 0.136474609375 0.0819778442382813
0.117401123046875 -0.17364501953125 0.298095703125 0.102264404296875
0.196823120117188 -0.0959930419921875 0.363677978515625 0.350372314453125
-0.0803985595703125 -0.24737548828125 0.21343994140625 -0.139129638671875
-0.232894897460937 -0.202926635742188 0.0572357177734375 -0.156051635742188
-0.28369140625 0.01885986328125 -0.0995330810546875 -0.0297393798828125
-0.172698974609375 0.204849243164062 -0.0565414428710938 0.133224487304688
-0.021820068359375 0.23004150390625 0.061676025390625 0.149551391601563
0.12957763671875 0.205825805664063 0.2047119140625 0.115829467773438
0.188262939453125 0.125320434570313 0.251632690429688 0.0132293701171875
0.151458740234375 0.12628173828125 0.23699951171875 -0.0572967529296875
0.14495849609375 0.157180786132813 0.228317260742187 -0.050994873046875
0.06158447265625 0.186920166015625 0.215377807617188 0.0154571533203125
-0.060089111328125 0.154922485351563 0.171035766601563 0.0308685302734375
-0.123115539550781 0.0749130249023438 0.142547607421875 0.0427703857421875
-0.115287780761719 -0.070068359375 0.195953369140625 0.0546112060546875
-0.03857421875 -0.150482177734375 0.3505859375 0.0904541015625
0.0232696533203125 -0.1236572265625 0.419342041015625 0.3406982421875
-0.236007690429688 -0.259201049804687 0.181549072265625 -0.20068359375
-0.353515625 -0.166046142578125 0.03033447265625 -0.184814453125
-0.351715087890625 0.0735168457031249 -0.0886459350585938 -0.05682373046875
-0.197128295898438 0.278701782226563 -0.0451431274414063 0.074981689453125
-0.00283813476562503 0.297027587890625 0.0340805053710937 0.0740890502929688
0.196990966796875 0.254638671875 0.136711120605469 0.0507888793945313
0.2611083984375 0.1390380859375 0.155593872070313 -0.021331787109375
0.223724365234375 0.137481689453125 0.1397705078125 -0.08160400390625
0.232803344726563 0.170333862304688 0.144195556640625 -0.0869903564453125
0.152618408203125 0.229354858398437 0.166122436523437 -0.0434112548828125
-0.004364013671875 0.242111206054688 0.1505126953125 -0.0370025634765625
-0.1202392578125 0.1929931640625 0.164138793945313 -0.0133209228515625
-0.21337890625 0.02142333984375 0.249420166015625 0.020263671875
-0.2110595703125 -0.116973876953125 0.371337890625 0.086517333984375
-0.164138793945313 -0.144546508789062 0.420013427734375 0.312042236328125
-0.35882568359375 -0.22271728515625 0.112380981445312 -0.258529663085937
-0.421722412109375 -0.0853271484374999 -0.01239013671875 -0.20452880859375
-0.36102294921875 0.13623046875 -0.0749969482421875 -0.075531005859375
-0.1798095703125 0.319488525390625 -0.0314769744873047 0.0103740692138672
0.02569580078125 0.320587158203125 0.000539779663085938 -0.0117263793945312
0.2340087890625 0.257675170898438 0.049468994140625 -0.0175819396972656
0.29473876953125 0.1298828125 0.0392303466796875 -0.0505256652832031
0.262863159179688 0.129974365234375 0.0220794677734375 -0.090606689453125
0.287139892578125 0.159881591796875 0.0357208251953125 -0.110450744628906
0.220016479492187 0.242630004882812 0.083282470703125 -0.103317260742187
0.048614501953125 0.30133056640625 0.103790283203125 -0.109664916992187
-0.107391357421875 0.286651611328125 0.164794921875 -0.0803375244140625
-0.292816162109375 0.10760498046875 0.27374267578125 -0.0209197998046875
-0.357086181640625 -0.0738525390625 0.3397216796875 0.076751708984375
-0.324859619140625 -0.147369384765625 0.3582763671875 0.260589599609375
-0.43450927734375 -0.144622802734375 0.02130126953125 -0.30084228515625
-0.43682861328125 0.0212402343750001 -0.06048583984375 -0.202560424804688
-0.312652587890625 0.1951904296875 -0.063812255859375 -0.0873260498046875
-0.120849609375 0.320831298828125 -0.0225410461425781 -0.0547752380371093
0.064178466796875 0.294281005859375 -0.040191650390625 -0.0860519409179687
0.244003295898438 0.217483520507813 -0.0435867309570312 -0.0776443481445313
0.284271240234375 0.097625732421875 -0.0783920288085938 -0.0687026977539063
0.261383056640625 0.10235595703125 -0.098876953125 -0.0863876342773437
0.29425048828125 0.129638671875 -0.0839157104492187 -0.118904113769531
0.243438720703125 0.220108032226562 -0.01953125 -0.152420043945313
0.085601806640625 0.308929443359375 0.0338134765625 -0.1761474609375
-0.080078125 0.326812744140625 0.13958740234375 -0.1439208984375
-0.320068359375 0.164398193359375 0.26239013671875 -0.0599517822265625
-0.435272216796875 -0.0247802734374999 0.259796142578125 0.064849853515625
-0.42156982421875 -0.123809814453125 0.245269775390625 0.190811157226563
-0.45013427734375 -0.0517272949218751 -0.08294677734375 -0.31695556640625
-0.39373779296875 0.120880126953125 -0.1065673828125 -0.18023681640625
-0.2255859375 0.234695434570313 -0.0541152954101563 -0.08892822265625
-0.0386962890625 0.286407470703125 -0.0247344970703125 -0.104690551757813
0.0996246337890625 0.224960327148438 -0.0806961059570312 -0.136802673339844
0.223983764648438 0.143661499023438 -0.129264831542969 -0.114776611328125
0.231826782226563 0.048828125 -0.180572509765625 -0.0693511962890625
0.21929931640625 0.0591888427734375 -0.203536987304687 -0.0687713623046875
0.25006103515625 0.0835418701171875 -0.19287109375 -0.115371704101563
0.21466064453125 0.158157348632813 -0.119140625 -0.186477661132813
0.09564208984375 0.250152587890625 -0.03778076171875 -0.224609375
-0.0423583984375 0.28741455078125 0.103164672851562 -0.1885986328125
-0.270095825195313 0.175186157226562 0.219009399414063 -0.0839385986328125
-0.41412353515625 0.0244140625 0.150741577148437 0.056182861328125
-0.435455322265625 -0.071075439453125 0.106941223144531 0.118453979492188
-0.410064697265625 0.0356140136718749 -0.189544677734375 -0.3104248046875
-0.3143310546875 0.187591552734375 -0.155380249023438 -0.148025512695313
-0.125457763671875 0.242263793945313 -0.0551223754882813 -0.0790634155273438
0.039764404296875 0.218963623046875 -0.0363693237304687 -0.131271362304688
0.122367858886719 0.132225036621094 -0.115921020507813 -0.154693603515625
0.1761474609375 0.0529327392578125 -0.195632934570313 -0.121566772460937
0.150665283203125 -0.0059051513671875 -0.253662109375 -0.0527496337890625
0.145172119140625 0.0103759765625 -0.27734375 -0.0424957275390625
0.164047241210938 0.02557373046875 -0.270462036132813 -0.098968505859375
0.14349365234375 0.067779541015625 -0.192794799804688 -0.2022705078125
0.0813446044921875 0.137641906738281 -0.0855712890625 -0.243728637695312
0.00669860839843751 0.179779052734375 0.069915771484375 -0.205245971679688
-0.156524658203125 0.14202880859375 0.165817260742188 -0.0849761962890625
-0.300506591796875 0.072296142578125 0.0440406799316406 0.0602645874023438
-0.367706298828125 0.00772094726562501 -0.0258255004882813 0.0633125305175781
-0.315216064453125 0.10345458984375 -0.2884521484375 -0.29400634765625
-0.204864501953125 0.204757690429688 -0.204833984375 -0.1163330078125
-0.033843994140625 0.2117919921875 -0.0735397338867188 -0.0592041015625
0.0974349975585938 0.133720397949219 -0.0621185302734375 -0.12860107421875
0.12298583984375 0.0349960327148438 -0.143478393554688 -0.136260986328125
0.108627319335937 -0.0377120971679688 -0.231903076171875 -0.099151611328125
0.0485992431640625 -0.0576820373535156 -0.289459228515625 -0.02349853515625
0.0491943359375 -0.0396270751953125 -0.307647705078125 -0.00933837890624997
0.0507392883300781 -0.0334434509277344 -0.299957275390625 -0.0785827636718749
0.0480842590332031 -0.0352363586425781 -0.224517822265625 -0.197647094726563
0.0558280944824219 0.00030517578125 -0.10235595703125 -0.234420776367188
0.0583877563476562 0.0435638427734375 0.0533294677734375 -0.19091796875
-0.00854492187500001 0.093719482421875 0.1180419921875 -0.062225341796875
-0.134231567382813 0.123435974121094 -0.031768798828125 0.0736846923828125
-0.243560791015625 0.0989227294921876 -0.131172180175781 0.0357437133789062
0.058837890625 -0.20379638671875 0.184310913085938 -0.08575439453125
-0.112152099609375 -0.191085815429688 0.0429153442382813 -0.116928100585938
-0.180068969726563 -0.000366210937500029 -0.118644714355469 0.0190963745117188
-0.104988098144531 0.127304077148438 -0.0546875 0.193939208984375
-0.0140838623046875 0.13763427734375 0.09613037109375 0.216171264648438
0.072052001953125 0.121353149414063 0.260971069335938 0.155746459960938
0.105476379394531 0.07867431640625 0.31890869140625 0.036712646484375
0.0788955688476562 0.0845565795898438 0.297637939453125 -0.035247802734375
0.0635604858398438 0.110992431640625 0.2733154296875 -0.0182647705078125
-0.00683593750000001 0.128532409667969 0.228713989257813 0.0587310791015625
-0.091583251953125 0.079498291015625 0.168853759765625 0.0713958740234375
-0.124809265136719 -0.0103073120117187 0.118423461914063 0.0709991455078125
-0.0530548095703125 -0.145172119140625 0.155471801757813 0.0762786865234375
0.084503173828125 -0.19085693359375 0.3157958984375 0.099365234375
0.178268432617188 -0.12518310546875 0.385833740234375 0.3514404296875
-0.112213134765625 -0.258682250976563 0.185409545898438 -0.134628295898438
-0.266632080078125 -0.186325073242188 0.0373687744140625 -0.143722534179688
-0.292572021484375 0.045379638671875 -0.108268737792969 -0.015625
-0.15716552734375 0.229019165039063 -0.0553131103515625 0.14141845703125
0.00244140625000002 0.23992919921875 0.0645294189453125 0.153427124023438
0.160247802734375 0.198867797851563 0.2091064453125 0.111038208007813
0.209259033203125 0.113754272460938 0.252334594726562 0.011810302734375
0.172317504882813 0.114181518554687 0.228424072265625 -0.058990478515625
0.170852661132813 0.14788818359375 0.216964721679688 -0.05474853515625
0.0876007080078125 0.19195556640625 0.205825805664063 0.00463867187500001
-0.0477447509765625 0.173919677734375 0.165313720703125 0.0177459716796875
-0.131103515625 0.0943222045898437 0.142608642578125 0.0250244140625
-0.14105224609375 -0.0694122314453125 0.209747314453125 0.0404052734375
-0.0687255859375 -0.166183471679688 0.364471435546875 0.077423095703125
0.0056304931640625 -0.150192260742187 0.43817138671875 0.33251953125
-0.260604858398438 -0.265640258789063 0.144241333007812 -0.199066162109375
-0.3828125 -0.148651123046875 0.00489807128906247 -0.174591064453125
-0.359466552734375 0.0967407226562499 -0.101600646972656 -0.0436553955078125
-0.183502197265625 0.30169677734375 -0.0462875366210938 0.0832901000976563
0.020416259765625 0.306793212890625 0.0302734375 0.0792694091796875
0.223617553710938 0.246307373046875 0.135910034179688 0.0516357421875
0.279693603515625 0.1256103515625 0.150436401367188 -0.01678466796875
0.24176025390625 0.129287719726563 0.126785278320313 -0.0742340087890625
0.257980346679688 0.160675048828125 0.127983093261719 -0.0827713012695312
0.173828125 0.230758666992188 0.14691162109375 -0.0538330078125
0.00831604003906252 0.255828857421875 0.136833190917969 -0.0528106689453125
-0.121505737304687 0.20745849609375 0.160507202148438 -0.0358428955078125
-0.231643676757813 0.0234375 0.259506225585938 -0.003082275390625
-0.232666015625 -0.1259765625 0.383544921875 0.06890869140625
-0.177932739257813 -0.163665771484375 0.4404296875 0.2939453125
-0.373291015625 -0.2235107421875 0.072845458984375 -0.265792846679688
-0.44183349609375 -0.07110595703125 -0.0438690185546875 -0.19866943359375
-0.370513916015625 0.15509033203125 -0.0922012329101563 -0.0647659301757812
-0.1727294921875 0.33660888671875 -0.0410385131835938 0.0197334289550781
0.040924072265625 0.328338623046875 -0.0133800506591797 -0.00402164459228514
0.25390625 0.25274658203125 0.0387802124023438 -0.00815582275390623
0.3092041015625 0.11761474609375 0.0311470031738281 -0.0394935607910156
0.27484130859375 0.123550415039063 0.00497436523437501 -0.0788803100585937
0.302947998046875 0.150970458984375 0.0134124755859375 -0.100898742675781
0.23590087890625 0.242935180664062 0.0592193603515625 -0.107048034667969
0.059326171875 0.311431884765625 0.0836181640625 -0.12164306640625
-0.10357666015625 0.298309326171875 0.15325927734375 -0.104827880859375
-0.305908203125 0.11224365234375 0.2786865234375 -0.051422119140625
-0.373382568359375 -0.075592041015625 0.349395751953125 0.054290771484375
-0.331756591796875 -0.155487060546875 0.37530517578125 0.23883056640625
-0.43896484375 -0.141876220703125 -0.01971435546875 -0.310943603515625
-0.441009521484375 0.0283203124999999 -0.093475341796875 -0.201675415039063
-0.320343017578125 0.20343017578125 -0.0842132568359375 -0.0787429809570312
-0.114349365234375 0.33148193359375 -0.0367889404296875 -0.046539306640625
0.072509765625 0.29949951171875 -0.0572509765625 -0.0780868530273437
0.255523681640625 0.215225219726563 -0.0597610473632812 -0.0655670166015625
0.289703369140625 0.092864990234375 -0.0921630859375 -0.0517501831054687
0.267059326171875 0.0971832275390625 -0.114372253417969 -0.0663299560546875
0.30108642578125 0.124725341796875 -0.108230590820312 -0.105232238769531
0.250198364257813 0.215988159179688 -0.047882080078125 -0.149429321289062
0.09161376953125 0.31036376953125 0.00712585449218749 -0.188735961914062
-0.0748291015625 0.333251953125 0.12469482421875 -0.167221069335937
-0.326019287109375 0.171783447265625 0.261062622070313 -0.0884552001953125
-0.44512939453125 -0.0155944824218751 0.262893676757813 0.04217529296875
-0.4237060546875 -0.122772216796875 0.258285522460938 0.165573120117188
-0.442352294921875 -0.0457763671875 -0.122100830078125 -0.331817626953125
-0.384979248046875 0.126007080078125 -0.141311645507813 -0.185073852539063
-0.221237182617187 0.232666015625 -0.0746536254882813 -0.0831069946289062
-0.034942626953125 0.2840576171875 -0.0370864868164063 -0.101005554199219
0.0994873046875 0.2227783203125 -0.100051879882813 -0.130332946777344
0.22265625 0.141448974609375 -0.149993896484375 -0.10321044921875
0.22857666015625 0.0500946044921875 -0.193634033203125 -0.0502777099609375
0.22113037109375 0.05889892578125 -0.215087890625 -0.0495452880859375
0.25152587890625 0.08087158203125 -0.216232299804687 -0.0982666015625
0.21466064453125 0.1558837890625 -0.148635864257812 -0.181350708007813
0.09661865234375 0.245361328125 -0.0635986328125 -0.229934692382812
-0.0357666015625 0.28253173828125 0.0823516845703125 -0.208038330078125
-0.265533447265625 0.174774169921875 0.210479736328125 -0.108078002929687
-0.4090576171875 0.03179931640625 0.154998779296875 0.0343017578125
-0.42510986328125 -0.063995361328125 0.121452331542969 0.095672607421875
-0.39630126953125 0.05120849609375 -0.222991943359375 -0.3250732421875
-0.2889404296875 0.191131591796875 -0.182052612304688 -0.155899047851563
-0.11248779296875 0.235260009765625 -0.0759124755859375 -0.0764389038085937
0.04376220703125 0.203857421875 -0.0521469116210938 -0.125900268554687
0.115982055664063 0.124664306640625 -0.13201904296875 -0.146881103515625
0.164718627929688 0.0518646240234375 -0.209625244140625 -0.109649658203125
0.139884948730469 0.00020599365234375 -0.266128540039063 -0.0382080078125
0.137306213378906 0.01458740234375 -0.287841796875 -0.0233154296875
0.153884887695313 0.0293121337890625 -0.286865234375 -0.0826416015625001
0.13067626953125 0.0673675537109375 -0.217742919921875 -0.192657470703125
0.0721054077148437 0.130950927734375 -0.110702514648438 -0.244461059570313
0.00407409667968751 0.170120239257813 0.05157470703125 -0.219253540039063
-0.1455078125 0.133071899414063 0.153823852539063 -0.1033935546875
-0.28466796875 0.0767822265625001 0.0474739074707031 0.043609619140625
-0.350189208984375 0.0195922851562499 -0.0105323791503906 0.042510986328125
-0.29278564453125 0.124664306640625 -0.31622314453125 -0.306243896484375
-0.176193237304688 0.213150024414063 -0.230789184570312 -0.124130249023438
-0.012054443359375 0.204833984375 -0.091278076171875 -0.0530776977539062
0.103530883789062 0.114532470703125 -0.0760574340820312 -0.123184204101562
0.113525390625 0.0184707641601563 -0.150405883789063 -0.128250122070313
0.0902252197265625 -0.0425186157226563 -0.2393798828125 -0.0881500244140625
0.0315818786621094 -0.0480804443359375 -0.29498291015625 -0.00958251953125
0.0371131896972656 -0.0322799682617188 -0.31402587890625 0.00460815429687507
0.034698486328125 -0.0242958068847656 -0.311004638671875 -0.0633850097656251
0.0277786254882813 -0.0301876068115234 -0.243179321289063 -0.189620971679688
0.0354461669921875 -0.00774383544921875 -0.119766235351562 -0.23590087890625
0.0478401184082031 0.0270805358886719 0.0385894775390625 -0.20074462890625
0.00406646728515624 0.0767364501953125 0.111167907714844 -0.0759658813476563
-0.104766845703125 0.122825622558594 -0.0249290466308594 0.0604209899902344
-0.213470458984375 0.111480712890625 -0.111061096191406 0.0194625854492188
0.027801513671875 -0.205230712890625 0.164306640625 -0.0692291259765625
-0.1378173828125 -0.166244506835938 0.03253173828125 -0.100189208984375
-0.177536010742188 0.0246429443359375 -0.112602233886719 0.0301437377929687
-0.0836639404296875 0.142715454101563 -0.0430450439453125 0.196304321289063
0.0083160400390625 0.137115478515625 0.10614013671875 0.207717895507813
0.0931777954101563 0.103660583496094 0.268539428710938 0.141464233398438
0.118873596191406 0.0589828491210938 0.318634033203125 0.02276611328125
0.089630126953125 0.0709991455078125 0.289337158203125 -0.0416259765625
0.0834884643554688 0.0949478149414063 0.264541625976563 -0.022857666015625
0.0179824829101562 0.124420166015625 0.224594116210938 0.0514678955078125
-0.074066162109375 0.0939407348632812 0.165328979492188 0.0617218017578125
-0.122543334960938 0.00934600830078123 0.119354248046875 0.0578536987304688
-0.0749588012695312 -0.130523681640625 0.168807983398438 0.0612945556640625
0.05084228515625 -0.194351196289063 0.32763671875 0.08636474609375
0.150177001953125 -0.142059326171875 0.401123046875 0.344970703125
-0.13995361328125 -0.2564697265625 0.157928466796875 -0.118820190429688
-0.28826904296875 -0.16021728515625 0.02081298828125 -0.125144958496094
-0.287384033203125 0.0745544433593751 -0.107940673828125 -0.00336456298828124
-0.13238525390625 0.242919921875 -0.0449981689453125 0.148040771484375
0.027099609375 0.2388916015625 0.0687103271484375 0.152847290039063
0.1810302734375 0.178939819335937 0.2122802734375 0.104537963867188
0.218597412109375 0.0895538330078125 0.248855590820312 0.007965087890625
0.185028076171875 0.0986785888671875 0.220489501953125 -0.0572662353515625
0.190185546875 0.130844116210938 0.205413818359375 -0.0527191162109375
0.108505249023438 0.186447143554688 0.1923828125 0.00340270996093751
-0.03289794921875 0.186279296875 0.153472900390625 0.00567626953125001
-0.127182006835938 0.112007141113281 0.138862609863281 0.00783538818359376
-0.160598754882812 -0.05841064453125 0.216659545898438 0.0203857421875
-0.097930908203125 -0.171173095703125 0.372894287109375 0.064361572265625
-0.0174713134765625 -0.166549682617188 0.44854736328125 0.31640625
-0.2843017578125 -0.2652587890625 0.112960815429688 -0.186141967773438
-0.3984375 -0.125091552734375 -0.0176239013671875 -0.155181884765625
-0.35626220703125 0.12158203125 -0.105499267578125 -0.0291748046875
-0.16070556640625 0.3128662109375 -0.0451583862304688 0.0922317504882813
0.0418701171875 0.307281494140625 0.0268936157226563 0.0844497680664063
0.242279052734375 0.227096557617187 0.132423400878906 0.0534286499023438
0.28900146484375 0.107635498046875 0.144989013671875 -0.00912475585937499
0.25311279296875 0.111892700195313 0.118049621582031 -0.0642242431640625
0.270767211914063 0.143020629882813 0.111854553222656 -0.0747222900390625
0.190933227539062 0.222671508789063 0.12762451171875 -0.0493927001953125
0.0225677490234375 0.265579223632813 0.119491577148438 -0.0623245239257812
-0.119766235351563 0.220626831054687 0.148025512695313 -0.054901123046875
-0.247756958007813 0.032135009765625 0.258056640625 -0.027130126953125
-0.256637573242188 -0.125335693359375 0.385345458984375 0.04339599609375
-0.1917724609375 -0.173751831054687 0.443267822265625 0.270233154296875
-0.384796142578125 -0.222198486328125 0.0357818603515625 -0.252273559570313
-0.45037841796875 -0.0557250976562499 -0.068603515625 -0.177947998046875
-0.367462158203125 0.169708251953125 -0.103279113769531 -0.049713134765625
-0.1553955078125 0.34454345703125 -0.0445938110351563 0.0279045104980469
0.058013916015625 0.3291015625 -0.0206241607666016 0.00617027282714846
0.269363403320313 0.23779296875 0.0320873260498047 -0.00074386596679686
0.313568115234375 0.10626220703125 0.0237293243408203 -0.024688720703125
0.2828369140625 0.110137939453125 -0.00346374511718748 -0.0588340759277344
0.312835693359375 0.137451171875 -0.00182342529296873 -0.0856170654296875
0.246368408203125 0.231674194335938 0.035919189453125 -0.099212646484375
0.0692138671875 0.31170654296875 0.0597152709960938 -0.12884521484375
-0.099090576171875 0.3055419921875 0.135887145996094 -0.12042236328125
-0.3123779296875 0.118194580078125 0.271194458007813 -0.0758819580078125
-0.387115478515625 -0.073699951171875 0.347564697265625 0.027191162109375
-0.33819580078125 -0.1590576171875 0.377105712890625 0.209991455078125
-0.4376220703125 -0.14105224609375 -0.059539794921875 -0.302459716796875
-0.439117431640625 0.035186767578125 -0.1243896484375 -0.184005737304687
-0.315704345703125 0.208343505859375 -0.0986175537109375 -0.0642318725585937
-0.108123779296875 0.3338623046875 -0.0460968017578125 -0.037017822265625
0.0791015625 0.29718017578125 -0.0689659118652344 -0.0661430358886718
0.2618408203125 0.205398559570313 -0.0673713684082031 -0.0507965087890625
0.2908935546875 0.087310791015625 -0.0986099243164062 -0.0313034057617188
0.270584106445313 0.0914459228515625 -0.121040344238281 -0.0456771850585938
0.304046630859375 0.116119384765625 -0.121864318847656 -0.0839691162109375
0.254745483398438 0.208145141601563 -0.0712051391601563 -0.1390380859375
0.09735107421875 0.306671142578125 -0.0180206298828125 -0.188125610351563
-0.068634033203125 0.32904052734375 0.10040283203125 -0.178878784179687
-0.3214111328125 0.171600341796875 0.24456787109375 -0.113052368164062
-0.44110107421875 -0.012420654296875 0.258804321289062 0.0171356201171875
-0.41546630859375 -0.12109375 0.26031494140625 0.136764526367188
-0.43072509765625 -0.03948974609375 -0.158538818359375 -0.326995849609375
-0.370880126953125 0.1236572265625 -0.17193603515625 -0.173812866210937
-0.217514038085938 0.227142333984375 -0.092987060546875 -0.0691299438476562
-0.0368194580078125 0.275436401367188 -0.0526580810546875 -0.0907135009765625
0.09619140625 0.22076416015625 -0.111137390136719 -0.117576599121094
0.2203369140625 0.138259887695313 -0.1572265625 -0.08489990234375
0.226654052734375 0.0532379150390625 -0.198944091796875 -0.0298919677734375
0.217010498046875 0.0597991943359375 -0.221099853515625 -0.025848388671875
0.245346069335938 0.0796356201171875 -0.225250244140625 -0.0744476318359375
0.208511352539063 0.15191650390625 -0.169387817382813 -0.164260864257813
0.0943603515625 0.240005493164062 -0.0893402099609375 -0.224868774414062
-0.0360565185546875 0.274505615234375 0.0588836669921875 -0.215606689453125
-0.260177612304687 0.170913696289062 0.193466186523437 -0.128875732421875
-0.39697265625 0.0340576171875001 0.147354125976562 0.0148773193359375
-0.411102294921875 -0.0580749511718749 0.122116088867187 0.071258544921875
-0.370147705078125 0.0587158203124999 -0.252593994140625 -0.324615478515625
-0.267318725585938 0.185684204101563 -0.211395263671875 -0.14886474609375
-0.101348876953125 0.221023559570313 -0.0923614501953125 -0.0621337890625
0.040771484375 0.188262939453125 -0.06463623046875 -0.116798400878906
0.104598999023437 0.114334106445313 -0.142410278320312 -0.133895874023438
0.151687622070313 0.0497894287109375 -0.217193603515625 -0.092315673828125
0.130752563476563 0.0077362060546875 -0.2666015625 -0.0176239013671875
0.132293701171875 0.0198287963867188 -0.286895751953125 -0.00201416015625001
0.1475830078125 0.0363311767578125 -0.292633056640625 -0.0622863769531249
0.118446350097656 0.0709075927734375 -0.235321044921875 -0.177398681640625
0.059326171875 0.125053405761719 -0.131240844726563 -0.237548828125
-0.00271606445312502 0.154373168945313 0.029693603515625 -0.222091674804687
-0.140899658203125 0.120254516601562 0.139617919921875 -0.118499755859375
-0.26361083984375 0.0726470947265625 0.0446815490722656 0.0271072387695313
-0.323394775390625 0.02166748046875 -0.00636672973632814 0.0224037170410156
-0.263763427734375 0.13763427734375 -0.339141845703125 -0.306884765625
-0.144973754882813 0.207473754882813 -0.252777099609375 -0.12060546875
0.0062103271484375 0.187362670898438 -0.106666564941406 -0.04296875
0.100227355957031 0.090911865234375 -0.0835952758789062 -0.11151123046875
0.0976715087890625 0.00748443603515625 -0.157928466796875 -0.11737060546875
0.0690879821777344 -0.03948974609375 -0.243209838867187 -0.0749969482421875
0.0198822021484375 -0.0344753265380859 -0.29217529296875 0.00164794921874996
0.0275917053222656 -0.0221061706542969 -0.309844970703125 0.02020263671875
0.0252761840820313 -0.0112285614013672 -0.314605712890625 -0.04949951171875
0.0101661682128906 -0.0197715759277344 -0.257705688476563 -0.176651000976563
0.0176544189453125 -0.0109004974365234 -0.135299682617188 -0.228485107421875
0.0354461669921875 0.0121078491210938 0.0204315185546875 -0.206100463867188
0.005401611328125 0.0558586120605469 0.101264953613281 -0.0871124267578125
-0.08416748046875 0.107345581054688 -0.0223731994628906 0.0473365783691406
-0.183303833007813 0.10931396484375 -0.10009765625 0.00101470947265626
0.00296020507812501 -0.196395874023438 0.152908325195313 -0.046173095703125
-0.14990234375 -0.140533447265625 0.0296096801757812 -0.08099365234375
-0.16729736328125 0.042388916015625 -0.10577392578125 0.0385818481445312
-0.0624237060546875 0.146438598632813 -0.0330657958984375 0.193328857421875
0.0259857177734375 0.131195068359375 0.110610961914063 0.201614379882812
0.104171752929688 0.0851364135742188 0.266586303710938 0.131546020507813
0.1229248046875 0.0409011840820313 0.313690185546875 0.018402099609375
0.095855712890625 0.05511474609375 0.282257080078125 -0.043731689453125
0.0944595336914063 0.0767364501953125 0.259201049804688 -0.0222930908203125
0.0348434448242187 0.116195678710938 0.218170166015625 0.0517730712890625
-0.05596923828125 0.09942626953125 0.156784057617188 0.056060791015625
-0.114448547363281 0.0242156982421875 0.114913940429687 0.0471420288085937
-0.0877532958984375 -0.112564086914062 0.173690795898438 0.0497894287109375
0.02447509765625 -0.185867309570313 0.333160400390625 0.079437255859375
0.124298095703125 -0.147903442382813 0.40374755859375 0.339599609375
-0.159454345703125 -0.24920654296875 0.141098022460938 -0.0955657958984375
-0.297454833984375 -0.135223388671875 0.0139846801757812 -0.105125427246094
-0.27783203125 0.0916748046874999 -0.104598999023438 0.00831604003906253
-0.11260986328125 0.245635986328125 -0.0400543212890625 0.149368286132813
0.043304443359375 0.231704711914063 0.069183349609375 0.15191650390625
0.18975830078125 0.158905029296875 0.210433959960938 0.100753784179688
0.22186279296875 0.07171630859375 0.246292114257812 0.00953674316406251
0.189544677734375 0.0836944580078125 0.21490478515625 -0.0498199462890625
0.198028564453125 0.112930297851562 0.197601318359375 -0.0442352294921875
0.1220703125 0.177093505859375 0.18011474609375 0.00802612304687501
-0.0172576904296875 0.1922607421875 0.139892578125 0.00157165527343751
-0.122917175292969 0.124992370605469 0.128791809082031 -0.00244140624999999
-0.175277709960938 -0.0468292236328125 0.216339111328125 0.0067291259765625
-0.122451782226562 -0.168075561523437 0.370941162109375 0.0545654296875
-0.036529541015625 -0.175445556640625 0.4473876953125 0.305694580078125
-0.29730224609375 -0.260986328125 0.09014892578125 -0.162216186523438
-0.403656005859375 -0.1065673828125 -0.0271759033203125 -0.133125305175781
-0.348876953125 0.13433837890625 -0.106147766113281 -0.01593017578125
-0.144927978515625 0.314697265625 -0.0438156127929688 0.09759521484375
0.05487060546875 0.300628662109375 0.0239944458007813 0.0889205932617188
0.249069213867188 0.20953369140625 0.128677368164063 0.0568084716796875
0.289703369140625 0.092315673828125 0.1444091796875 -0.000320434570312494
0.2564697265625 0.0997161865234375 0.113517761230469 -0.0494842529296875
0.276397705078125 0.1298828125 0.103416442871094 -0.0602340698242187
0.200698852539063 0.214706420898437 0.112808227539063 -0.0402755737304687
0.0318756103515625 0.267715454101563 0.101226806640625 -0.06243896484375
-0.115890502929688 0.2281494140625 0.133064270019531 -0.0640182495117188
-0.259246826171875 0.0388641357421876 0.250839233398437 -0.0425872802734375
-0.2734375 -0.126510620117188 0.376678466796875 0.0289306640625
-0.20379638671875 -0.183212280273438 0.4375 0.255859375
-0.39093017578125 -0.224517822265625 0.0101470947265625 -0.22967529296875
-0.453369140625 -0.04693603515625 -0.08331298828125 -0.154983520507813
-0.363800048828125 0.175262451171875 -0.107635498046875 -0.034088134765625
-0.145721435546875 0.343719482421875 -0.046722412109375 0.0371475219726563
0.066864013671875 0.324737548828125 -0.0250320434570312 0.0167312622070313
0.272994995117188 0.2257080078125 0.0297222137451172 0.00795364379882814
0.31396484375 0.098114013671875 0.023712158203125 -0.00911903381347656
0.283447265625 0.101531982421875 -0.00432586669921873 -0.0400352478027344
0.313812255859375 0.12884521484375 -0.0103263854980469 -0.0676689147949219
0.249771118164063 0.22601318359375 0.0199737548828125 -0.0857315063476562
0.074432373046875 0.31146240234375 0.0391616821289063 -0.126350402832031
-0.098114013671875 0.305694580078125 0.115509033203125 -0.128387451171875
-0.31781005859375 0.120391845703125 0.255935668945312 -0.090362548828125
-0.393218994140625 -0.0728759765625 0.336151123046875 0.013153076171875
-0.33941650390625 -0.1688232421875 0.36834716796875 0.190765380859375
-0.430938720703125 -0.145263671875 -0.084320068359375 -0.285064697265625
-0.43450927734375 0.0325622558593751 -0.141799926757813 -0.1636962890625
-0.31646728515625 0.206085205078125 -0.106292724609375 -0.0482940673828125
-0.10736083984375 0.3302001953125 -0.0506515502929688 -0.0262260437011719
0.079254150390625 0.296539306640625 -0.0749664306640625 -0.0529022216796875
0.260833740234375 0.200759887695312 -0.0706329345703125 -0.0385818481445313
0.289520263671875 0.085723876953125 -0.0950469970703125 -0.0155029296875
0.269317626953125 0.088836669921875 -0.120536804199219 -0.0256271362304688
0.302520751953125 0.111572265625 -0.126548767089844 -0.06488037109375
0.25146484375 0.204421997070313 -0.0850830078125 -0.122383117675781
0.0963134765625 0.304168701171875 -0.0368804931640625 -0.179580688476562
-0.070465087890625 0.325469970703125 0.0798492431640625 -0.182632446289062
-0.3231201171875 0.16729736328125 0.226226806640625 -0.127182006835938
-0.43927001953125 -0.0161132812500001 0.246505737304687 0.0016021728515625
-0.407379150390625 -0.128082275390625 0.251129150390625 0.116867065429687
-0.414276123046875 -0.0458984375 -0.18365478515625 -0.314666748046875
-0.36181640625 0.112640380859375 -0.190872192382813 -0.158432006835938
-0.218917846679687 0.217178344726563 -0.102096557617188 -0.0548858642578125
-0.042816162109375 0.268173217773437 -0.0594406127929688 -0.0785903930664062
0.08929443359375 0.22003173828125 -0.118339538574219 -0.103668212890625
0.213638305664063 0.140792846679688 -0.15802001953125 -0.06988525390625
0.223800659179688 0.0580902099609375 -0.195693969726563 -0.0142974853515625
0.214706420898438 0.0626220703125 -0.21759033203125 -0.00715637207031254
0.241531372070313 0.084381103515625 -0.2264404296875 -0.0565338134765625
0.200851440429688 0.153457641601563 -0.17999267578125 -0.147216796875
0.084991455078125 0.238021850585938 -0.104461669921875 -0.214279174804688
-0.041351318359375 0.266815185546875 0.038848876953125 -0.214401245117187
-0.259292602539063 0.159698486328125 0.174835205078125 -0.13836669921875
-0.386749267578125 0.026580810546875 0.135917663574219 0.003143310546875
-0.393707275390625 -0.067108154296875 0.115837097167969 0.049957275390625
-0.34747314453125 0.05291748046875 -0.27410888671875 -0.320220947265625
-0.250137329101563 0.170135498046875 -0.229629516601563 -0.140487670898438
-0.0999908447265625 0.204116821289063 -0.102859497070312 -0.0498886108398437
0.0306549072265625 0.175186157226562 -0.0709228515625 -0.104522705078125
0.0909194946289063 0.113395690917969 -0.145034790039063 -0.122604370117187
0.140975952148438 0.0571441650390625 -0.217178344726563 -0.0795440673828125
0.126693725585938 0.021392822265625 -0.261642456054688 -0.00811767578125005
0.127861022949219 0.0276870727539063 -0.280792236328125 0.0120697021484375
0.141494750976563 0.046356201171875 -0.292510986328125 -0.047027587890625
0.108024597167969 0.0796356201171875 -0.242935180664063 -0.160919189453125
0.0462493896484375 0.1259765625 -0.1429443359375 -0.225738525390625
-0.0127410888671875 0.146575927734375 0.0134124755859375 -0.219192504882813
-0.14105224609375 0.10430908203125 0.122856140136719 -0.123764038085938
-0.248504638671875 0.0596771240234375 0.037017822265625 0.0153999328613281
-0.300384521484375 0.0113830566406251 -0.00687122344970705 0.00088024139404297
-0.237747192382813 0.134246826171875 -0.352569580078125 -0.304656982421875
-0.1234130859375 0.191452026367188 -0.26812744140625 -0.115554809570312
0.0127410888671875 0.168350219726563 -0.11358642578125 -0.0301437377929688
0.090667724609375 0.07489013671875 -0.0870819091796875 -0.100395202636719
0.0818023681640625 0.00374603271484375 -0.155487060546875 -0.107940673828125
0.0533409118652344 -0.0300331115722656 -0.240264892578125 -0.066131591796875
0.0141735076904297 -0.0200958251953125 -0.287109375 0.00778198242187502
0.0233917236328125 -0.0100917816162109 -0.3028564453125 0.028533935546875
0.0207424163818359 0.00263786315917969 -0.312957763671875 -0.0384826660156251
-0.00168371200561523 -0.00639677047729492 -0.261398315429688 -0.1646728515625
0.000525474548339843 -0.00582218170166016 -0.14398193359375 -0.21856689453125
0.0197525024414062 0.00465202331542969 0.00967407226562502 -0.202590942382812
0.00207138061523437 0.0372047424316406 0.0891799926757812 -0.09130859375
-0.0683059692382813 0.0896759033203125 -0.0245513916015625 0.0343475341796875
-0.158187866210938 0.0977020263671875 -0.0929489135742188 -0.0212173461914062
-0.0131683349609375 -0.1864013671875 0.1497802734375 -0.021697998046875
-0.154754638671875 -0.1202392578125 0.0326347351074219 -0.0641441345214844
-0.156997680664063 0.0548858642578125 -0.099853515625 0.04290771484375
-0.046783447265625 0.146408081054688 -0.0292816162109375 0.192306518554688
0.0379638671875 0.124717712402344 0.110244750976563 0.200271606445313
0.109710693359375 0.06951904296875 0.2659912109375 0.129470825195313
0.123550415039062 0.026824951171875 0.314208984375 0.0191650390625
0.0994644165039063 0.0427093505859375 0.281402587890625 -0.03863525390625
0.0993499755859375 0.0616912841796875 0.25762939453125 -0.0157623291015625
0.0457534790039062 0.107147216796875 0.214828491210938 0.057586669921875
-0.0428695678710938 0.101219177246094 0.1497802734375 0.0580596923828125
-0.106475830078125 0.0336380004882813 0.109817504882813 0.0422592163085938
-0.0947341918945313 -0.0977706909179687 0.177703857421875 0.04266357421875
0.00701904296874998 -0.175735473632813 0.33941650390625 0.079376220703125
0.106201171875 -0.146957397460938 0.407073974609375 0.345123291015625
-0.173324584960938 -0.245193481445313 0.133995056152344 -0.069610595703125
-0.301483154296875 -0.119903564453125 0.0151824951171875 -0.08734130859375
-0.271011352539062 0.100555419921875 -0.10064697265625 0.01458740234375
-0.09979248046875 0.245147705078125 -0.0372314453125 0.150634765625
0.0518646240234375 0.226959228515625 0.0675506591796875 0.155197143554688
0.193679809570313 0.145492553710938 0.208023071289062 0.103225708007813
0.223114013671875 0.06158447265625 0.248260498046875 0.016204833984375
0.192855834960938 0.073760986328125 0.214935302734375 -0.0403289794921875
0.20330810546875 0.101303100585938 0.196456909179688 -0.03369140625
0.132064819335938 0.171463012695313 0.17462158203125 0.0177001953125
-0.00720214843750001 0.195770263671875 0.129730224609375 0.00511169433593751
-0.120529174804688 0.134231567382812 0.120246887207031 -0.00675964355468749
-0.187164306640625 -0.03717041015625 0.215621948242187 -0.00146484375
-0.140823364257813 -0.16424560546875 0.37213134765625 0.0517578125
-0.0529327392578125 -0.182815551757813 0.440887451171875 0.310546875
-0.307281494140625 -0.263702392578125 0.0798110961914062 -0.137046813964844
-0.407501220703125 -0.0976562500000001 -0.02972412109375 -0.113410949707031
-0.34716796875 0.139862060546875 -0.105415344238281 -0.00611877441406248
-0.136962890625 0.313323974609375 -0.0424728393554688 0.101860046386719
0.0609130859375 0.2979736328125 0.021636962890625 0.0955963134765625
0.251174926757813 0.199981689453125 0.126914978027344 0.0637588500976563
0.291656494140625 0.08575439453125 0.147842407226563 0.00987243652343751
0.259246826171875 0.0947723388671875 0.116157531738281 -0.0356521606445312
0.280807495117188 0.122894287109375 0.102073669433594 -0.046905517578125
0.206283569335938 0.213180541992188 0.105194091796875 -0.0279006958007812
0.0365753173828125 0.272964477539063 0.0887527465820313 -0.0573272705078125
-0.1181640625 0.235519409179688 0.120773315429688 -0.0671844482421875
-0.27215576171875 0.0419158935546875 0.2442626953125 -0.05047607421875
-0.28948974609375 -0.12957763671875 0.37384033203125 0.026641845703125
-0.2149658203125 -0.195785522460937 0.427886962890625 0.255828857421875
-0.395843505859375 -0.233978271484375 -0.00282287597656254 -0.20831298828125
-0.45648193359375 -0.0478515624999999 -0.0883407592773438 -0.135543823242188
-0.367431640625 0.1763916015625 -0.108108520507813 -0.022186279296875
-0.14483642578125 0.345947265625 -0.0471343994140625 0.0441322326660156
0.068511962890625 0.3265380859375 -0.0281352996826172 0.0261402130126953
0.273422241210938 0.221786499023438 0.0292472839355469 0.017507553100586
0.316131591796875 0.09765625 0.0290794372558594 0.00282287597656251
0.28662109375 0.101531982421875 -0.000549316406249985 -0.0254325866699219
0.316436767578125 0.128265380859375 -0.0116844177246094 -0.052276611328125
0.251510620117187 0.227706909179687 0.0116348266601563 -0.071746826171875
0.074310302734375 0.3167724609375 0.0258026123046875 -0.120155334472656
-0.10406494140625 0.309173583984375 0.101905822753906 -0.129745483398437
-0.3297119140625 0.11810302734375 0.245437622070312 -0.0979461669921875
-0.403167724609375 -0.0805358886718749 0.32757568359375 0.008087158203125
-0.3426513671875 -0.1837158203125 0.356842041015625 0.18548583984375
-0.4312744140625 -0.161285400390625 -0.0990753173828125 -0.268768310546875
-0.439605712890625 0.0227050781249999 -0.149978637695313 -0.147384643554687
-0.3265380859375 0.20196533203125 -0.108238220214844 -0.0349884033203125
-0.113372802734375 0.330352783203125 -0.0520744323730469 -0.016326904296875
0.0751953125 0.301910400390625 -0.077911376953125 -0.0420761108398437
0.258392333984375 0.204055786132813 -0.0711669921875 -0.028350830078125
0.292205810546875 0.091217041015625 -0.0905075073242187 -0.00321197509765623
0.271499633789063 0.09375 -0.115974426269531 -0.0119247436523437
0.303955078125 0.116668701171875 -0.127822875976562 -0.0508575439453125
0.249526977539063 0.209747314453125 -0.0923995971679687 -0.109001159667969
0.090850830078125 0.309173583984375 -0.048858642578125 -0.172592163085937
-0.080230712890625 0.325958251953125 0.0657806396484375 -0.181304931640625
-0.333709716796875 0.159942626953125 0.213836669921875 -0.131484985351563
-0.4439697265625 -0.0281982421874999 0.236831665039062 -0.003875732421875
-0.405731201171875 -0.1448974609375 0.240570068359375 0.107254028320312
-0.4091796875 -0.0632324218749999 -0.198455810546875 -0.307037353515625
-0.363128662109375 0.097015380859375 -0.203201293945313 -0.14605712890625
-0.229705810546875 0.207733154296875 -0.107063293457031 -0.0425872802734375
-0.055694580078125 0.267425537109375 -0.0610237121582031 -0.0680274963378906
0.07952880859375 0.226104736328125 -0.119926452636719 -0.094207763671875
0.209396362304688 0.1502685546875 -0.1580810546875 -0.0606231689453125
0.225860595703125 0.06890869140625 -0.191314697265625 -0.00567626953124997
0.216064453125 0.0715484619140625 -0.213516235351563 0.00347900390625003
0.241683959960938 0.0932464599609375 -0.226516723632812 -0.04498291015625
0.195999145507812 0.162765502929687 -0.186660766601563 -0.135452270507813
0.0742950439453125 0.243606567382813 -0.113800048828125 -0.20635986328125
-0.053863525390625 0.265090942382813 0.0270233154296875 -0.211654663085937
-0.26837158203125 0.14715576171875 0.161880493164062 -0.140151977539063
-0.38629150390625 0.010589599609375 0.124618530273437 -0.0025787353515625
-0.3837890625 -0.08447265625 0.106971740722656 0.0354156494140625
-0.337005615234375 0.036773681640625 -0.286346435546875 -0.31951904296875
-0.246139526367187 0.1507568359375 -0.244155883789063 -0.13531494140625
-0.107513427734375 0.188980102539063 -0.108406066894531 -0.0386276245117187
0.014984130859375 0.170455932617188 -0.0721664428710938 -0.0958709716796875
0.0786285400390625 0.118965148925781 -0.145095825195313 -0.11614990234375
0.133674621582031 0.0694961547851563 -0.21661376953125 -0.074188232421875
0.127159118652344 0.0345001220703125 -0.259536743164063 -0.00302124023437497
0.12841796875 0.03875732421875 -0.278228759765625 0.017547607421875
0.141921997070313 0.05859375 -0.292144775390625 -0.0402221679687501
0.101364135742188 0.0923233032226562 -0.246780395507812 -0.152603149414062
0.0330429077148438 0.132240295410156 -0.147705078125 -0.220596313476562
-0.0275726318359375 0.143753051757813 0.00537109374999998 -0.215896606445313
-0.148651123046875 0.0898590087890625 0.111923217773437 -0.124618530273437
-0.2445068359375 0.0408477783203125 0.0282630920410156 0.00732040405273438
-0.286102294921875 -0.00750732421875001 -0.0116062164306641 -0.0177783966064453
-0.221115112304687 0.124893188476563 -0.3599853515625 -0.31109619140625
-0.113922119140625 0.17449951171875 -0.281082153320313 -0.114349365234375
0.010650634765625 0.152862548828125 -0.118232727050781 -0.020965576171875
0.0776443481445312 0.0655441284179687 -0.0858383178710938 -0.093475341796875
0.0686836242675781 0.00519943237304687 -0.150970458984375 -0.104629516601563
0.0439453125 -0.018218994140625 -0.237686157226562 -0.0643310546875
0.0120477676391602 -0.00529956817626953 -0.284759521484375 0.00677490234375004
0.0225162506103516 0.000375747680664062 -0.300537109375 0.0288085937499999
0.020355224609375 0.0165939331054688 -0.313995361328125 -0.036102294921875
-0.00818586349487305 0.00872182846069336 -0.2645263671875 -0.161575317382813
-0.0137338638305664 0.00178146362304688 -0.146408081054687 -0.215667724609375
0.00393104553222656 0.00252103805541992 0.00396728515624998 -0.200942993164063
-0.00469017028808594 0.0229339599609375 0.0807037353515625 -0.0932083129882813
-0.0623703002929688 0.070556640625 -0.0299854278564453 0.0242385864257813
-0.14306640625 0.080841064453125 -0.09381103515625 -0.0437164306640625
-0.024932861328125 -0.17913818359375 0.154434204101563 0.00245666503906249
-0.160064697265625 -0.105270385742188 0.0393867492675781 -0.0521926879882813
-0.151214599609375 0.0648651123046875 -0.0965499877929687 0.0466995239257813
-0.03460693359375 0.147903442382813 -0.0277862548828125 0.194534301757813
0.0477676391601563 0.120292663574219 0.111923217773438 0.205413818359375
0.113777160644531 0.0568466186523438 0.270858764648438 0.13177490234375
0.125434875488281 0.0157852172851563 0.3226318359375 0.02239990234375
0.102005004882813 0.0319442749023438 0.289154052734375 -0.034515380859375
0.10400390625 0.0500869750976563 0.264724731445313 -0.010284423828125
0.055267333984375 0.0995941162109375 0.220138549804688 0.0659942626953125
-0.0317230224609375 0.102096557617188 0.148590087890625 0.0621490478515625
-0.101570129394531 0.0414505004882813 0.106887817382813 0.0414047241210938
-0.0991744995117187 -0.0861282348632813 0.184860229492188 0.0379638671875
-0.00537109375 -0.169113159179688 0.351959228515625 0.081268310546875
0.0923614501953125 -0.147308349609375 0.41668701171875 0.362823486328125
-0.188003540039063 -0.246063232421875 0.135528564453125 -0.0452880859375
-0.31121826171875 -0.110382080078125 0.0198516845703125 -0.0726242065429688
-0.271377563476563 0.10919189453125 -0.0988922119140625 0.0204238891601563
-0.092559814453125 0.2481689453125 -0.036834716796875 0.155258178710938
0.06024169921875 0.226394653320312 0.0677490234375 0.163070678710938
0.199005126953125 0.137100219726563 0.211746215820313 0.109466552734375
0.228683471679687 0.054107666015625 0.257781982421875 0.02313232421875
0.199874877929687 0.0672607421875 0.22344970703125 -0.03192138671875
0.211395263671875 0.0940093994140625 0.20159912109375 -0.0238189697265625
0.143020629882813 0.169815063476563 0.177047729492187 0.02911376953125
0.00161743164062499 0.2030029296875 0.125137329101563 0.0100173950195313
-0.12158203125 0.145523071289063 0.114639282226562 -0.00833892822265624
-0.199371337890625 -0.0294189453125 0.21942138671875 -0.0068359375
-0.159149169921875 -0.164291381835938 0.381500244140625 0.054046630859375
-0.068756103515625 -0.191299438476563 0.447509765625 0.324951171875
-0.32373046875 -0.27239990234375 0.0770111083984375 -0.11468505859375
-0.421051025390625 -0.0938415527343751 -0.0273208618164063 -0.0980072021484375
-0.35498046875 0.14654541015625 -0.1036376953125 0.00229644775390625
-0.135162353515625 0.320098876953125 -0.042938232421875 0.10858154296875
0.066650390625 0.303009033203125 0.0205154418945313 0.105796813964844
0.257431030273438 0.1976318359375 0.129562377929688 0.0723037719726563
0.30010986328125 0.08380126953125 0.157272338867188 0.0186767578125
0.268310546875 0.092559814453125 0.12408447265625 -0.0254287719726562
0.29168701171875 0.120361328125 0.105331420898438 -0.0349807739257812
0.2169189453125 0.216323852539063 0.104515075683594 -0.0156784057617187
0.04180908203125 0.284698486328125 0.0814895629882813 -0.0524826049804687
-0.123199462890625 0.24761962890625 0.113044738769531 -0.069000244140625
-0.289886474609375 0.046722412109375 0.24578857421875 -0.056640625
-0.311279296875 -0.13458251953125 0.37908935546875 0.02569580078125
-0.231719970703125 -0.211212158203125 0.4310302734375 0.265380859375
-0.41259765625 -0.24945068359375 -0.00929260253906252 -0.191787719726563
-0.47210693359375 -0.0514221191406251 -0.091644287109375 -0.12066650390625
-0.383544921875 0.180816650390625 -0.109062194824219 -0.01275634765625
-0.150146484375 0.353118896484375 -0.0473556518554688 0.052215576171875
0.070709228515625 0.336669921875 -0.029541015625 0.0362281799316406
0.27886962890625 0.226333618164063 0.0304946899414063 0.0263195037841797
0.326263427734375 0.10003662109375 0.0357284545898438 0.0131988525390625
0.296661376953125 0.104461669921875 0.00595378875732424 -0.014094352722168
0.327728271484375 0.1314697265625 -0.0105667114257812 -0.0400581359863281
0.260574340820313 0.235855102539063 0.00830841064453126 -0.0606117248535156
0.07525634765625 0.33026123046875 0.0172271728515625 -0.116134643554688
-0.1126708984375 0.3221435546875 0.0932388305664063 -0.131874084472656
-0.351043701171875 0.11865234375 0.242431640625 -0.104568481445313
-0.42633056640625 -0.089813232421875 0.329132080078125 0.00640869140624999
-0.3577880859375 -0.20428466796875 0.355194091796875 0.189544677734375
-0.444854736328125 -0.180816650390625 -0.110824584960938 -0.2591552734375
-0.45623779296875 0.0148925781249999 -0.158294677734375 -0.135086059570313
-0.34564208984375 0.20355224609375 -0.111869812011719 -0.0239486694335938
-0.124481201171875 0.34039306640625 -0.0524024963378906 -0.00810241699218747
0.07415771484375 0.31561279296875 -0.0792312622070313 -0.0336685180664062
0.263992309570313 0.21435546875 -0.0726547241210937 -0.0198898315429687
0.30340576171875 0.099334716796875 -0.0866317749023437 0.00562286376953125
0.2818603515625 0.100433349609375 -0.113075256347656 -0.00133514404296877
0.31494140625 0.124969482421875 -0.129875183105469 -0.0395584106445313
0.255020141601563 0.222396850585938 -0.0984039306640625 -0.0986862182617188
0.087799072265625 0.323333740234375 -0.058685302734375 -0.170013427734375
-0.091400146484375 0.3365478515625 0.056884765625 -0.184524536132812
-0.353729248046875 0.1558837890625 0.207107543945312 -0.13629150390625
-0.462249755859375 -0.0413818359375 0.231521606445312 -0.006591796875
-0.415924072265625 -0.1683349609375 0.235000610351562 0.104019165039062
-0.416290283203125 -0.084197998046875 -0.214202880859375 -0.305908203125
-0.376068115234375 0.08349609375 -0.21600341796875 -0.137619018554687
-0.248977661132813 0.204635620117188 -0.111854553222656 -0.0315628051757812
-0.0697021484375 0.274185180664063 -0.0618629455566406 -0.0613174438476562
0.074859619140625 0.2406005859375 -0.121940612792969 -0.0875167846679687
0.211517333984375 0.164215087890625 -0.161727905273438 -0.055023193359375
0.235549926757813 0.080596923828125 -0.191452026367187 0.000839233398437476
0.224166870117187 0.0810089111328125 -0.213226318359375 0.0115814208984375
0.250503540039063 0.1053466796875 -0.231552124023437 -0.0373382568359375
0.197982788085938 0.1773681640625 -0.193618774414062 -0.128799438476562
0.067474365234375 0.257965087890625 -0.122970581054687 -0.205062866210938
-0.0677642822265625 0.271575927734375 0.0197601318359375 -0.213623046875
-0.285797119140625 0.13995361328125 0.153762817382812 -0.143630981445313
-0.399505615234375 -0.00424194335937508 0.1171875 -0.00653076171875
-0.3883056640625 -0.1070556640625 0.099822998046875 0.0252838134765625
-0.337188720703125 0.02099609375 -0.3033447265625 -0.32806396484375
-0.252395629882812 0.135574340820313 -0.261642456054688 -0.131118774414063
-0.1207275390625 0.182525634765625 -0.113533020019531 -0.0300750732421875
0.000732421875 0.172012329101563 -0.07244873046875 -0.0914840698242187
0.0697860717773438 0.129722595214844 -0.146835327148438 -0.113418579101562
0.132034301757813 0.0839691162109375 -0.220367431640625 -0.07122802734375
0.133674621582031 0.0475845336914062 -0.262557983398438 -0.000320434570312541
0.134407043457031 0.0493545532226562 -0.280258178710938 0.02215576171875
0.147109985351563 0.072113037109375 -0.2987060546875 -0.035369873046875
0.101409912109375 0.107986450195313 -0.254928588867188 -0.150146484375
0.022735595703125 0.144729614257812 -0.155441284179688 -0.220855712890625
-0.0413970947265625 0.1468505859375 -0.000732421875000008 -0.218048095703125
-0.162155151367188 0.07958984375 0.105690002441406 -0.126220703125
-0.249832153320312 0.0239105224609375 0.020843505859375 0.00223541259765625
-0.28582763671875 -0.027740478515625 -0.0188560485839844 -0.0353279113769531
-0.213912963867188 0.1153564453125 -0.376678466796875 -0.325408935546875
-0.112106323242187 0.162124633789063 -0.299346923828125 -0.115447998046875
0.00636291503906251 0.143051147460938 -0.123214721679687 -0.0140533447265625
0.065704345703125 0.0620193481445313 -0.0858993530273438 -0.08966064453125
0.0579185485839844 0.0101890563964844 -0.151123046875 -0.105087280273438
0.0387077331542969 -0.0051116943359375 -0.241439819335938 -0.066162109375
0.014073371887207 0.00707435607910156 -0.290924072265625 0.00463867187499994
0.0244712829589844 0.0110721588134766 -0.306854248046875 0.02813720703125
0.0236320495605469 0.0295372009277344 -0.322296142578125 -0.0360107421875
-0.0115871429443359 0.0236988067626953 -0.273574829101563 -0.161972045898437
-0.0252017974853516 0.0117473602294922 -0.152435302734375 -0.219314575195312
-0.00898838043212891 0.00295734405517578 -0.000274658203125007 -0.203460693359375
-0.0133495330810547 0.0111532211303711 0.07635498046875 -0.0949630737304687
-0.0625686645507812 0.0541801452636719 -0.0370635986328125 0.0167160034179688
-0.136665344238281 0.0653228759765625 -0.0990066528320313 -0.0664138793945313
-0.0377197265625 -0.174423217773437 0.166259765625 0.022064208984375
-0.1669921875 -0.0910491943359375 0.0473442077636719 -0.0429725646972656
-0.146560668945313 0.077301025390625 -0.0939559936523438 0.0524368286132813
-0.02130126953125 0.150039672851562 -0.0235137939453125 0.202011108398438
0.0587158203125 0.116020202636719 0.12060546875 0.21282958984375
0.118217468261719 0.0450057983398438 0.284942626953125 0.134521484375
0.128448486328125 0.00275421142578125 0.33953857421875 0.01861572265625
0.105918884277344 0.0209884643554688 0.303497314453125 -0.037078857421875
0.108993530273438 0.0375213623046875 0.27862548828125 -0.010101318359375
0.0658187866210937 0.093048095703125 0.232864379882813 0.0710601806640625
-0.0203628540039063 0.104507446289062 0.153182983398438 0.0662689208984375
-0.0965423583984375 0.0496902465820313 0.107643127441406 0.0406570434570313
-0.105056762695313 -0.0757522583007813 0.19537353515625 0.02984619140625
-0.0181732177734375 -0.164474487304688 0.373687744140625 0.078125
0.0804290771484375 -0.14996337890625 0.44390869140625 0.37884521484375
-0.209793090820312 -0.246994018554688 0.142349243164063 -0.02532958984375
-0.32672119140625 -0.097412109375 0.0263442993164062 -0.0619163513183594
-0.274749755859375 0.122726440429688 -0.0972442626953125 0.0282135009765625
-0.08367919921875 0.256439208984375 -0.0342864990234375 0.1639404296875
0.07220458984375 0.229141235351563 0.07305908203125 0.17364501953125
0.208755493164063 0.1292724609375 0.223159790039063 0.114990234375
0.23883056640625 0.0433197021484375 0.274368286132813 0.023101806640625
0.2105712890625 0.0584564208984375 0.238311767578125 -0.0305328369140625
0.225387573242187 0.084442138671875 0.213302612304688 -0.0198516845703125
0.158523559570313 0.168609619140625 0.186782836914063 0.037109375
0.013641357421875 0.21405029296875 0.125175476074219 0.0147247314453125
-0.1207275390625 0.161041259765625 0.112442016601563 -0.00968933105468749
-0.2156982421875 -0.0179290771484375 0.227676391601563 -0.0160369873046875
-0.182876586914062 -0.163497924804688 0.39996337890625 0.048553466796875
-0.08984375 -0.2010498046875 0.471405029296875 0.3421630859375
-0.3516845703125 -0.279449462890625 0.0788726806640625 -0.0977096557617188
-0.443267822265625 -0.0847473144531251 -0.0243988037109375 -0.0868988037109375
-0.367706298828125 0.162109375 -0.103973388671875 0.0107879638671875
-0.132049560546875 0.33416748046875 -0.0406723022460938 0.117912292480469
0.077911376953125 0.312469482421875 0.024078369140625 0.116630554199219
0.271636962890625 0.196212768554688 0.137527465820313 0.0795516967773438
0.316009521484375 0.07720947265625 0.171585083007813 0.0233612060546875
0.284393310546875 0.087158203125 0.136154174804688 -0.019561767578125
0.31048583984375 0.115692138671875 0.112632751464844 -0.0271682739257812
0.235946655273438 0.22003173828125 0.108848571777344 -0.00624847412109374
0.05413818359375 0.301605224609375 0.0770492553710938 -0.04931640625
-0.126327514648437 0.26776123046875 0.107612609863281 -0.0730438232421875
-0.31317138671875 0.05908203125 0.250091552734375 -0.068328857421875
-0.342010498046875 -0.13531494140625 0.392730712890625 0.020538330078125
-0.257339477539063 -0.225799560546875 0.447662353515625 0.275909423828125
-0.442352294921875 -0.258758544921875 -0.0157623291015625 -0.179122924804688
-0.499114990234375 -0.044647216796875 -0.0943374633789063 -0.108551025390625
-0.40362548828125 0.19696044921875 -0.110237121582031 -0.00171661376953123
-0.151153564453125 0.3748779296875 -0.0458297729492188 0.0610313415527344
0.080596923828125 0.352996826171875 -0.0292167663574219 0.0466117858886719
0.29559326171875 0.23016357421875 0.033111572265625 0.0345554351806641
0.34588623046875 0.097991943359375 0.0454673767089844 0.0208702087402344
0.315643310546875 0.10272216796875 0.0142059326171875 -0.00529193878173828
0.34942626953125 0.131072998046875 -0.00856781005859373 -0.0295963287353516
0.279052734375 0.24407958984375 0.00682830810546877 -0.0499229431152344
0.085723876953125 0.350311279296875 0.008514404296875 -0.114067077636719
-0.116424560546875 0.34478759765625 0.0849456787109375 -0.136741638183594
-0.377349853515625 0.129730224609375 0.242950439453125 -0.115936279296875
-0.457794189453125 -0.09130859375 0.335296630859375 0.000305175781249994
-0.385284423828125 -0.219573974609375 0.363861083984375 0.19293212890625
-0.472869873046875 -0.194000244140625 -0.125900268554688 -0.25347900390625
-0.48419189453125 0.0168457031250001 -0.168228149414063 -0.12353515625
-0.369476318359375 0.21746826171875 -0.114662170410156 -0.0124588012695312
-0.1297607421875 0.360809326171875 -0.0526351928710938 -0.000885009765624976
0.0816650390625 0.335479736328125 -0.0825424194335938 -0.0247116088867187
0.279891967773437 0.224288940429687 -0.074188232421875 -0.0114517211914062
0.324554443359375 0.101806640625 -0.0834197998046875 0.0146865844726563
0.300689697265625 0.102325439453125 -0.109413146972656 0.00939941406250003
0.33660888671875 0.12921142578125 -0.1337890625 -0.0277633666992188
0.272048950195313 0.233718872070313 -0.105339050292969 -0.0897445678710937
0.093780517578125 0.345062255859375 -0.0704498291015625 -0.168594360351562
-0.09783935546875 0.356658935546875 0.0457611083984375 -0.189300537109375
-0.378173828125 0.165069580078125 0.203933715820312 -0.146255493164063
-0.492767333984375 -0.0445251464843749 0.232254028320312 -0.0115814208984375
-0.4404296875 -0.18658447265625 0.236480712890625 0.100128173828125
-0.4375 -0.098358154296875 -0.236358642578125 -0.307647705078125
-0.39886474609375 0.079498291015625 -0.234130859375 -0.128997802734375
-0.271209716796875 0.213211059570313 -0.116340637207031 -0.0204696655273437
-0.07965087890625 0.29107666015625 -0.0638923645019531 -0.0562362670898438
0.077117919921875 0.259658813476563 -0.127555847167969 -0.0827484130859375
0.224899291992188 0.178054809570313 -0.168350219726563 -0.048675537109375
0.253372192382813 0.0874176025390625 -0.19464111328125 0.00897216796874998
0.241363525390625 0.0865020751953125 -0.215545654296875 0.022125244140625
0.269485473632813 0.113113403320313 -0.240386962890625 -0.025970458984375
0.210693359375 0.192428588867188 -0.205459594726562 -0.1214599609375
0.0683135986328125 0.27764892578125 -0.136337280273437 -0.206314086914062
-0.076416015625 0.288177490234375 0.00883483886718751 -0.219253540039062
-0.308929443359375 0.142578125 0.148651123046875 -0.1512451171875
-0.422637939453125 -0.0111083984375 0.113571166992187 -0.0108184814453125
-0.40875244140625 -0.124359130859375 0.0935287475585937 0.0152511596679687
-0.346923828125 0.0111083984375 -0.3314208984375 -0.336334228515625
-0.265548706054688 0.12939453125 -0.28363037109375 -0.125091552734375
-0.136276245117188 0.182952880859375 -0.118881225585938 -0.0197830200195312
-0.0110321044921875 0.181289672851562 -0.0752944946289063 -0.088531494140625
0.06781005859375 0.143768310546875 -0.152969360351562 -0.111862182617188
0.13873291015625 0.099090576171875 -0.230133056640625 -0.0677642822265626
0.145675659179688 0.0576324462890625 -0.271560668945313 0.00572204589843755
0.144821166992188 0.057525634765625 -0.289642333984375 0.03131103515625
0.1600341796875 0.0824432373046875 -0.312408447265625 -0.02593994140625
0.107231140136719 0.123954772949219 -0.270736694335937 -0.145904541015625
0.0186004638671875 0.161148071289063 -0.168914794921875 -0.223495483398438
-0.0534515380859375 0.1568603515625 -0.0102996826171875 -0.224136352539063
-0.180145263671875 0.0753173828125 0.0999526977539063 -0.131553649902344
-0.264190673828125 0.0129241943359375 0.0132980346679687 -0.00111579895019531
-0.294189453125 -0.0428466796875 -0.0290718078613281 -0.0506134033203125
-0.211807250976563 0.110809326171875 -0.406982421875 -0.3385009765625
-0.113235473632812 0.155258178710938 -0.32464599609375 -0.1123046875
0.00270843505859375 0.137939453125 -0.128791809082031 -0.00442504882812501
0.0561561584472656 0.0612373352050781 -0.0874481201171875 -0.08831787109375
0.05181884765625 0.0155487060546875 -0.15582275390625 -0.1070556640625
0.0375328063964844 0.00656890869140625 -0.251434326171875 -0.0660400390625
0.0184726715087891 0.0186328887939453 -0.30401611328125 0.00833129882812495
0.0277614593505859 0.0197029113769531 -0.318511962890625 0.0359497070312501
0.0289535522460937 0.0407218933105469 -0.33819580078125 -0.029998779296875
-0.0118293762207031 0.0388069152832031 -0.290985107421875 -0.161834716796875
-0.0346412658691406 0.0238990783691406 -0.164764404296875 -0.224838256835938
-0.0209026336669922 0.00620651245117188 -0.0068817138671875 -0.210983276367187
-0.0242214202880859 0.00206184387207031 0.0714035034179688 -0.0989456176757813
-0.0647621154785156 0.0408172607421875 -0.0449790954589844 0.011138916015625
-0.134536743164063 0.0527420043945312 -0.111038208007813 -0.0871810913085938
-0.05303955078125 -0.167129516601563 0.182998657226563 0.036346435546875
-0.1741943359375 -0.07232666015625 0.0565605163574219 -0.0367660522460938
-0.137641906738281 0.0919418334960937 -0.0896148681640625 0.0593719482421875
-0.004852294921875 0.151229858398438 -0.013275146484375 0.210113525390625
0.0710372924804688 0.109771728515625 0.136550903320312 0.217117309570313
0.121803283691406 0.0303573608398438 0.302978515625 0.12615966796875
0.129707336425781 -0.0133056640625 0.357086181640625 0.004180908203125
0.108573913574219 0.0071868896484375 0.31756591796875 -0.0509033203125
0.114097595214844 0.0223617553710938 0.293304443359375 -0.0201416015625
0.0770416259765625 0.0832138061523438 0.250701904296875 0.06744384765625
-0.00687408447265625 0.105133056640625 0.1611328125 0.0661468505859375
-0.0903549194335937 0.0600051879882813 0.1104736328125 0.0382080078125
-0.111228942871094 -0.0627365112304688 0.205856323242188 0.016143798828125
-0.0335235595703125 -0.158477783203125 0.397247314453125 0.062469482421875
0.065521240234375 -0.15362548828125 0.485809326171875 0.383514404296875
-0.2371826171875 -0.240249633789063 0.153778076171875 -0.010162353515625
-0.34246826171875 -0.074737548828125 0.0329971313476562 -0.0535850524902344
-0.274749755859375 0.144912719726562 -0.0938034057617188 0.0368118286132813
-0.06781005859375 0.265853881835938 -0.0260467529296875 0.173492431640625
0.090911865234375 0.229095458984375 0.085662841796875 0.181411743164063
0.221084594726563 0.116455078125 0.23944091796875 0.112457275390625
0.249038696289063 0.0259552001953125 0.291900634765625 0.013641357421875
0.221572875976563 0.0433349609375 0.252456665039063 -0.0390625
0.239608764648437 0.06805419921875 0.2264404296875 -0.0241546630859375
0.178665161132813 0.161544799804687 0.200225830078125 0.0380706787109375
0.03302001953125 0.221908569335938 0.128013610839844 0.0152969360351563
-0.11419677734375 0.179901123046875 0.110519409179687 -0.0134735107421875
-0.230758666992188 0.000915527343750016 0.234542846679687 -0.0319976806640625
-0.209823608398438 -0.155044555664063 0.41986083984375 0.03277587890625
-0.116455078125 -0.20562744140625 0.50726318359375 0.34173583984375
-0.387359619140625 -0.27325439453125 0.0809478759765625 -0.08319091796875
-0.46685791015625 -0.060821533203125 -0.022216796875 -0.0759963989257812
-0.3746337890625 0.189178466796875 -0.101898193359375 0.0215988159179687
-0.118408203125 0.352142333984375 -0.0340423583984375 0.126953125
0.099853515625 0.31988525390625 0.0322952270507813 0.127029418945313
0.2904052734375 0.186492919921875 0.14898681640625 0.08245849609375
0.334136962890625 0.05963134765625 0.187164306640625 0.0199127197265625
0.302459716796875 0.072021484375 0.149566650390625 -0.02191162109375
0.33172607421875 0.099365234375 0.1212158203125 -0.02398681640625
0.26177978515625 0.21630859375 0.115997314453125 -0.00108337402343749
0.076202392578125 0.315185546875 0.0731964111328125 -0.0481109619140625
-0.119049072265625 0.292572021484375 0.101211547851562 -0.07757568359375
-0.33349609375 0.0820007324218751 0.251602172851563 -0.085693359375
-0.376068115234375 -0.1229248046875 0.40692138671875 0.00329589843749999
-0.29144287109375 -0.22979736328125 0.47467041015625 0.271881103515625
-0.4813232421875 -0.256195068359375 -0.02423095703125 -0.166275024414063
-0.527923583984375 -0.02362060546875 -0.0979766845703125 -0.0950469970703125
-0.416656494140625 0.22802734375 -0.110076904296875 0.0107498168945312
-0.142608642578125 0.397430419921875 -0.0414581298828125 0.0704193115234375
0.10308837890625 0.365966796875 -0.0252952575683594 0.0578041076660156
0.321136474609375 0.22747802734375 0.0391311645507813 0.0422935485839844
0.3687744140625 0.084320068359375 0.0569801330566406 0.0235023498535156
0.33807373046875 0.089202880859375 0.0232620239257813 -0.000181198120117182
0.376220703125 0.11761474609375 -0.00616645812988279 -0.0198478698730469
0.306640625 0.243194580078125 0.00676345825195315 -0.0414199829101562
0.108184814453125 0.36859130859375 -0.00184631347656248 -0.110687255859375
-0.10882568359375 0.370880126953125 0.0731964111328125 -0.143081665039062
-0.398284912109375 0.155975341796875 0.239822387695312 -0.132888793945313
-0.496673583984375 -0.0756530761718749 0.34326171875 -0.015045166015625
-0.42242431640625 -0.222900390625 0.37933349609375 0.18603515625
-0.50872802734375 -0.192108154296875 -0.145660400390625 -0.243133544921875
-0.5123291015625 0.0344238281249999 -0.179397583007813 -0.10797119140625
-0.38677978515625 0.245269775390625 -0.115898132324219 0.000976562499999989
-0.12640380859375 0.387664794921875 -0.0516815185546875 0.00697708129882816
0.10137939453125 0.3525390625 -0.0844345092773438 -0.0144500732421875
0.30474853515625 0.22686767578125 -0.0750579833984375 -0.00117492675781249
0.34912109375 0.092864990234375 -0.07861328125 0.0234909057617187
0.324066162109375 0.094146728515625 -0.105743408203125 0.0208511352539062
0.362884521484375 0.12164306640625 -0.137176513671875 -0.0127410888671875
0.299163818359375 0.236328125 -0.113479614257812 -0.0774002075195313
0.11407470703125 0.36407470703125 -0.0865631103515625 -0.164703369140625
-0.092437744140625 0.3826904296875 0.0313873291015625 -0.194961547851562
-0.400543212890625 0.189422607421875 0.197219848632812 -0.160812377929687
-0.5272216796875 -0.0310363769531249 0.233261108398438 -0.0218505859375
-0.475830078125 -0.1881103515625 0.239837646484375 0.091583251953125
-0.464935302734375 -0.0966186523437501 -0.26690673828125 -0.301300048828125
-0.42156982421875 0.091766357421875 -0.252792358398437 -0.111846923828125
-0.287017822265625 0.23382568359375 -0.119697570800781 -0.00804901123046874
-0.081085205078125 0.31268310546875 -0.06634521484375 -0.0507011413574219
0.090911865234375 0.276336669921875 -0.134506225585938 -0.0745162963867187
0.24591064453125 0.184814453125 -0.175521850585937 -0.037017822265625
0.276229858398438 0.08538818359375 -0.197021484375 0.021697998046875
0.2606201171875 0.082611083984375 -0.21728515625 0.03839111328125
0.293121337890625 0.111053466796875 -0.249557495117187 -0.00698852539062502
0.232040405273438 0.199447631835938 -0.219955444335937 -0.10784912109375
0.081329345703125 0.2960205078125 -0.155670166015625 -0.201904296875
-0.075897216796875 0.308746337890625 -0.00817871093749999 -0.224609375
-0.32891845703125 0.15802001953125 0.13934326171875 -0.161056518554688
-0.449798583984375 -0.00384521484375009 0.108963012695312 -0.0154647827148438
-0.4329833984375 -0.12811279296875 0.0879058837890625 0.00513458251953124
-0.360137939453125 0.010345458984375 -0.3695068359375 -0.334625244140625
-0.277389526367188 0.133819580078125 -0.308349609375 -0.109527587890625
-0.146820068359375 0.1917724609375 -0.124038696289063 -0.00816345214843749
-0.016998291015625 0.193038940429687 -0.0805435180664062 -0.0845870971679687
0.0718841552734375 0.1561279296875 -0.16265869140625 -0.106918334960937
0.151275634765625 0.108718872070313 -0.241897583007813 -0.0569915771484375
0.161956787109375 0.0619964599609375 -0.280670166015625 0.020050048828125
0.158843994140625 0.0594329833984375 -0.296417236328125 0.048370361328125
0.178237915039063 0.086456298828125 -0.326202392578125 -0.00704956054687499
0.120468139648438 0.135734558105469 -0.290374755859375 -0.133026123046875
0.0215606689453125 0.179229736328125 -0.190399169921875 -0.221267700195312
-0.0586700439453125 0.17047119140625 -0.02581787109375 -0.22991943359375
-0.196304321289063 0.0796356201171875 0.0908126831054687 -0.138534545898438
-0.280471801757813 0.011505126953125 0.00569057464599608 -0.00386476516723633
-0.30767822265625 -0.0488586425781251 -0.0438385009765625 -0.0642051696777344
-0.20953369140625 0.11175537109375 -0.448516845703125 -0.338623046875
-0.111770629882813 0.152984619140625 -0.351898193359375 -0.097930908203125
0.00104522705078126 0.134475708007813 -0.134437561035156 0.00672149658203125
0.0484771728515625 0.0616111755371094 -0.0927963256835937 -0.0858154296875
0.0471534729003906 0.021209716796875 -0.1654052734375 -0.105377197265625
0.0398101806640625 0.018341064453125 -0.264144897460938 -0.057647705078125
0.0256671905517578 0.0290031433105469 -0.31768798828125 0.021331787109375
0.0340824127197266 0.0275001525878906 -0.32989501953125 0.051910400390625
0.0378189086914063 0.0497398376464844 -0.35540771484375 -0.0118408203125
-0.00820541381835938 0.0536918640136719 -0.314666748046875 -0.152099609375
-0.040496826171875 0.0382804870605469 -0.185150146484375 -0.224411010742188
-0.0321102142333984 0.0122814178466797 -0.0206146240234375 -0.2177734375
-0.0363044738769531 -0.00432968139648438 0.0643386840820313 -0.104766845703125
-0.0705108642578125 0.0306777954101562 -0.0527992248535156 0.0091400146484375
-0.134956359863281 0.045196533203125 -0.129302978515625 -0.103179931640625
-0.067047119140625 -0.1541748046875 0.199478149414063 0.04339599609375
-0.17572021484375 -0.0495452880859375 0.0655250549316406 -0.0341110229492188
-0.123069763183594 0.104484558105469 -0.0816726684570313 0.0659255981445313
0.01287841796875 0.146942138671875 0.00195312499999999 0.213455200195313
0.0823516845703125 0.0986251831054688 0.153732299804688 0.211929321289063
0.120895385742188 0.01409912109375 0.316925048828125 0.1083984375
0.12493896484375 -0.0298919677734375 0.365936279296875 -0.02044677734375
0.106849670410156 -0.007843017578125 0.3218994140625 -0.071502685546875
0.113365173339844 0.0057830810546875 0.30169677734375 -0.038543701171875
0.0856552124023438 0.0698089599609375 0.263626098632813 0.05401611328125
0.00689697265624999 0.102447509765625 0.167205810546875 0.0600433349609375
-0.0801239013671875 0.0685272216796875 0.111595153808594 0.0331878662109375
-0.11346435546875 -0.0463638305664062 0.209854125976563 -0.0025787353515625
-0.0489959716796875 -0.14813232421875 0.41192626953125 0.035552978515625
0.0467529296875 -0.152938842773438 0.5228271484375 0.363861083984375
-0.261398315429688 -0.220733642578125 0.164581298828125 -0.000381469726562513
-0.349700927734375 -0.043121337890625 0.040069580078125 -0.0479965209960938
-0.262466430664063 0.16766357421875 -0.0869216918945313 0.0451507568359375
-0.0457763671875 0.269393920898438 -0.0131988525390625 0.178146362304688
0.11004638671875 0.219940185546875 0.101486206054687 0.181625366210938
0.22869873046875 0.0969390869140625 0.252517700195313 0.101516723632813
0.251876831054687 0.0025177001953125 0.303131103515625 -0.004669189453125
0.226089477539063 0.022186279296875 0.25909423828125 -0.054473876953125
0.247573852539063 0.0446624755859375 0.234283447265625 -0.034210205078125
0.196548461914063 0.146041870117188 0.21160888671875 0.0307159423828125
0.0551910400390625 0.22247314453125 0.129463195800781 0.0123825073242188
-0.099517822265625 0.194961547851563 0.106460571289063 -0.0186233520507812
-0.237457275390625 0.0256805419921875 0.233428955078125 -0.052032470703125
-0.232879638671875 -0.135665893554688 0.42974853515625 0.00558471679687499
-0.143875122070313 -0.199600219726562 0.5390625 0.32159423828125
-0.417999267578125 -0.25048828125 0.083404541015625 -0.0703125
-0.478271484375 -0.0249023437499999 -0.0181045532226563 -0.0659904479980469
-0.36773681640625 0.21990966796875 -0.09552001953125 0.031829833984375
-0.09576416015625 0.3629150390625 -0.024139404296875 0.13348388671875
0.125396728515625 0.31536865234375 0.0449676513671875 0.132118225097656
0.3067626953125 0.166748046875 0.160400390625 0.07958984375
0.34271240234375 0.03375244140625 0.198379516601563 0.00982666015625
0.312469482421875 0.047119140625 0.157623291015625 -0.029266357421875
0.34661865234375 0.073028564453125 0.127830505371094 -0.0251846313476562
0.28436279296875 0.199249267578125 0.123481750488281 -0.00175476074218749
0.1041259765625 0.318023681640625 0.0686149597167969 -0.0468978881835937
-0.10076904296875 0.311676025390625 0.0912628173828125 -0.0822601318359375
-0.340911865234375 0.112579345703125 0.244613647460937 -0.106292724609375
-0.403533935546875 -0.0965881347656251 0.412261962890625 -0.0213623046875
-0.324462890625 -0.2181396484375 0.497528076171875 0.251617431640625
-0.514312744140625 -0.23223876953125 -0.032073974609375 -0.1497802734375
-0.54168701171875 0.01434326171875 -0.0988082885742188 -0.079864501953125
-0.413330078125 0.26141357421875 -0.104049682617188 0.0228958129882813
-0.119232177734375 0.4151611328125 -0.0343170166015625 0.0773849487304688
0.132476806640625 0.36724853515625 -0.0184326171875 0.0661659240722656
0.341522216796875 0.21014404296875 0.0465087890625 0.0470809936523438
0.384307861328125 0.057708740234375 0.0670394897460938 0.0226402282714844
0.3525390625 0.066741943359375 0.032155990600586 0.00169563293457032
0.39459228515625 0.092315673828125 -0.00144481658935544 -0.011042594909668
0.333465576171875 0.22705078125 0.0085258483886719 -0.0341701507568359
0.13818359375 0.3734130859375 -0.0127105712890625 -0.105331420898437
-0.08868408203125 0.392242431640625 0.0582733154296875 -0.14501953125
-0.406280517578125 0.18951416015625 0.22705078125 -0.151016235351563
-0.52325439453125 -0.0462036132812501 0.342193603515625 -0.03668212890625
-0.455108642578125 -0.20782470703125 0.392730712890625 0.168426513671875
-0.537750244140625 -0.171051025390625 -0.16455078125 -0.224136352539063
-0.526092529296875 0.0653076171874999 -0.186172485351563 -0.0868682861328125
-0.38616943359375 0.27874755859375 -0.11279296875 0.0142745971679688
-0.108795166015625 0.409088134765625 -0.049468994140625 0.0148658752441407
0.128814697265625 0.357208251953125 -0.0834121704101562 -0.00329589843749998
0.329833984375 0.21466064453125 -0.0727615356445312 0.0107879638671875
0.366851806640625 0.071197509765625 -0.0711517333984375 0.0314788818359375
0.340118408203125 0.07373046875 -0.0977401733398437 0.0315475463867188
0.384063720703125 0.099578857421875 -0.135322570800781 0.00437927246093749
0.324493408203125 0.225128173828125 -0.117286682128906 -0.0631561279296875
0.1402587890625 0.371429443359375 -0.102142333984375 -0.15423583984375
-0.07318115234375 0.40155029296875 0.0129241943359375 -0.194900512695312
-0.40814208984375 0.218780517578125 0.18133544921875 -0.173980712890625
-0.5504150390625 -0.00231933593749997 0.2279052734375 -0.0357208251953125
-0.50238037109375 -0.17291259765625 0.240615844726563 0.077880859375
-0.4853515625 -0.081268310546875 -0.2952880859375 -0.280029296875
-0.43145751953125 0.113006591796875 -0.264450073242188 -0.0880126953125
-0.29052734375 0.25799560546875 -0.118583679199219 0.00743865966796874
-0.070587158203125 0.331512451171875 -0.0685958862304688 -0.0432052612304687
0.11114501953125 0.284271240234375 -0.139289855957031 -0.0620193481445312
0.267379760742188 0.180038452148437 -0.177810668945312 -0.020660400390625
0.294036865234375 0.071502685546875 -0.194549560546875 0.0371856689453125
0.276519775390625 0.0697479248046875 -0.212234497070312 0.0552978515625
0.312835693359375 0.096588134765625 -0.250701904296875 0.0164642333984375
0.25421142578125 0.195343017578125 -0.229400634765625 -0.0869750976562499
0.100982666015625 0.306640625 -0.174667358398437 -0.18853759765625
-0.06475830078125 0.32501220703125 -0.0281219482421875 -0.222274780273438
-0.336883544921875 0.17999267578125 0.124053955078125 -0.1695556640625
-0.467254638671875 0.01617431640625 0.101860046386719 -0.0219955444335938
-0.45404052734375 -0.11767578125 0.077911376953125 -0.00475311279296876
-0.36798095703125 0.0196228027343749 -0.4046630859375 -0.31298828125
-0.280853271484375 0.142868041992188 -0.325469970703125 -0.083953857421875
-0.150146484375 0.201751708984375 -0.124641418457031 0.00653839111328128
-0.015533447265625 0.204620361328125 -0.0851364135742188 -0.0776901245117187
0.0811309814453125 0.163467407226563 -0.170440673828125 -0.09539794921875
0.165786743164063 0.111419677734375 -0.248245239257812 -0.0392456054687499
0.176651000976563 0.05877685546875 -0.28277587890625 0.0396423339843751
0.171524047851562 0.055389404296875 -0.294158935546875 0.0704650878906251
0.194442749023438 0.08203125 -0.33056640625 0.02020263671875
0.136734008789063 0.140045166015625 -0.304351806640625 -0.1094970703125
0.0309600830078125 0.19183349609375 -0.210205078125 -0.207794189453125
-0.05743408203125 0.1827392578125 -0.0454254150390625 -0.22821044921875
-0.207855224609375 0.0895233154296875 0.078033447265625 -0.143157958984375
-0.2928466796875 0.019378662109375 -0.00175380706787111 -0.00461673736572266
-0.317779541015625 -0.0455322265625 -0.0603866577148438 -0.0717239379882813
-0.20245361328125 0.1148681640625 -0.487640380859375 -0.31781005859375
-0.107162475585937 0.150466918945313 -0.36981201171875 -0.071136474609375
0.00042724609375001 0.130210876464844 -0.134986877441406 0.0208892822265625
0.042938232421875 0.0623931884765625 -0.0973434448242188 -0.0791778564453125
0.0443840026855469 0.026092529296875 -0.172943115234375 -0.097320556640625
0.0443267822265625 0.0276947021484375 -0.272811889648438 -0.0421142578125
0.0354156494140625 0.0356826782226563 -0.32244873046875 0.0411376953125001
0.0409164428710938 0.0320243835449219 -0.33154296875 0.0751037597656249
0.0485725402832031 0.0548248291015625 -0.36358642578125 0.014190673828125
0.000896453857421877 0.0660934448242188 -0.33282470703125 -0.128662109375
-0.0412826538085938 0.0537796020507813 -0.206069946289062 -0.214065551757813
-0.0406036376953125 0.0202407836914062 -0.0380401611328125 -0.218154907226563
-0.0485916137695312 -0.00621032714843749 0.0543975830078125 -0.106979370117188
-0.0760269165039063 0.0243072509765625 -0.060760498046875 0.00946044921875001
-0.13311767578125 0.0404434204101563 -0.149490356445313 -0.11041259765625
-0.0753936767578125 -0.137611389160156 0.212615966796875 0.045867919921875
-0.169097900390625 -0.0287017822265625 0.07269287109375 -0.0330657958984375
-0.106422424316406 0.110366821289062 -0.0720672607421875 0.06829833984375
0.0265960693359375 0.136283874511719 0.01544189453125 0.209426879882813
0.0872726440429687 0.0846405029296875 0.164825439453125 0.200302124023438
0.114830017089844 0.00022125244140625 0.32073974609375 0.0882568359375
0.115028381347656 -0.04254150390625 0.361907958984375 -0.041351318359375
0.100273132324219 -0.0208053588867188 0.315277099609375 -0.0888671875
0.107795715332031 -0.00873565673828125 0.299163818359375 -0.05419921875
0.0889663696289063 0.055389404296875 0.267623901367187 0.039154052734375
0.018524169921875 0.094512939453125 0.168685913085938 0.05242919921875
-0.0683441162109375 0.0723648071289063 0.109107971191406 0.0283432006835938
-0.109367370605469 -0.0319671630859375 0.205886840820313 -0.0188140869140625
-0.0584564208984375 -0.133415222167969 0.410003662109375 0.00964355468749999
0.0301361083984375 -0.1456298828125 0.540435791015625 0.3350830078125
-0.273193359375 -0.196670532226562 0.17413330078125 0.00689697265624999
-0.342437744140625 -0.0150451660156249 0.046478271484375 -0.0433349609375
-0.244369506835938 0.181625366210938 -0.0774612426757813 0.0493698120117187
-0.026702880859375 0.262832641601563 -0.0011444091796875 0.176910400390625
0.121170043945313 0.20513916015625 0.113555908203125 0.175247192382813
0.228103637695313 0.0781707763671875 0.258865356445313 0.0882720947265625
0.24517822265625 -0.0176239013671875 0.302581787109375 -0.022247314453125
0.221969604492188 0.0027008056640625 0.25714111328125 -0.0672149658203125
0.245086669921875 0.0220794677734375 0.234390258789063 -0.044189453125
0.20458984375 0.126358032226563 0.215988159179687 0.0215911865234375
0.073272705078125 0.214553833007813 0.127761840820313 0.00947570800781251
-0.0828094482421875 0.201751708984375 0.100326538085938 -0.020751953125
-0.233810424804688 0.047119140625 0.224166870117187 -0.0672149658203125
-0.245773315429687 -0.113006591796875 0.42449951171875 -0.0184326171875
-0.163482666015625 -0.186386108398438 0.551788330078125 0.29315185546875
-0.43194580078125 -0.22216796875 0.0874176025390625 -0.0570907592773438
-0.470855712890625 0.00717163085937507 -0.013214111328125 -0.0566291809082031
-0.34942626953125 0.24090576171875 -0.0865325927734375 0.0385894775390625
-0.07330322265625 0.36236572265625 -0.0137863159179688 0.134750366210938
0.14288330078125 0.3009033203125 0.0552978515625 0.130683898925781
0.310882568359375 0.14544677734375 0.16748046875 0.07293701171875
0.3404541015625 0.009033203125 0.20220947265625 -0.001861572265625
0.31134033203125 0.025115966796875 0.160140991210938 -0.0363922119140625
0.3486328125 0.046417236328125 0.130935668945313 -0.0270156860351562
0.297515869140625 0.17724609375 0.127532958984375 -0.00347137451171874
0.127288818359375 0.309967041015625 0.0640144348144531 -0.0441360473632812
-0.07989501953125 0.318603515625 0.0802764892578125 -0.08160400390625
-0.33636474609375 0.137420654296875 0.230682373046875 -0.119354248046875
-0.414459228515625 -0.0677185058593751 0.401397705078125 -0.043121337890625
-0.34368896484375 -0.199493408203125 0.503631591796875 0.226470947265625
-0.52606201171875 -0.2030029296875 -0.03411865234375 -0.129951477050781
-0.536895751953125 0.0465698242187499 -0.0951614379882813 -0.0651702880859375
-0.39794921875 0.285614013671875 -0.0960922241210938 0.0311355590820313
-0.0966796875 0.420806884765625 -0.0267105102539063 0.081146240234375
0.153564453125 0.355316162109375 -0.0101165771484375 0.071502685546875
0.350830078125 0.188232421875 0.0537834167480469 0.0491294860839844
0.385986328125 0.032867431640625 0.0742568969726563 0.0192947387695313
0.353973388671875 0.04315185546875 0.0383872985839844 0.00188064575195313
0.3990478515625 0.064361572265625 0.00444746017456057 -0.00432634353637695
0.347137451171875 0.205352783203125 0.0116062164306641 -0.0280818939208984
0.1619873046875 0.36614990234375 -0.0204925537109375 -0.0971298217773437
-0.067047119140625 0.398040771484375 0.043975830078125 -0.140960693359375
-0.400115966796875 0.21551513671875 0.209884643554687 -0.160812377929688
-0.52984619140625 -0.01513671875 0.330963134765625 -0.052398681640625
-0.470947265625 -0.1865234375 0.390625 0.148956298828125
-0.5479736328125 -0.147003173828125 -0.173110961914063 -0.19940185546875
-0.52197265625 0.091766357421875 -0.1842041015625 -0.067352294921875
-0.37567138671875 0.3016357421875 -0.105140686035156 0.0244064331054688
-0.088531494140625 0.416015625 -0.04449462890625 0.0206375122070313
0.149261474609375 0.350250244140625 -0.0787200927734375 0.00671386718750004
0.3426513671875 0.196685791015625 -0.0668869018554687 0.0197906494140625
0.3719482421875 0.049346923828125 -0.0625648498535156 0.036285400390625
0.343719482421875 0.05426025390625 -0.0887603759765625 0.037872314453125
0.391571044921875 0.074981689453125 -0.127265930175781 0.0195693969726563
0.338287353515625 0.206512451171875 -0.115127563476562 -0.0481414794921875
0.16204833984375 0.366058349609375 -0.111839294433594 -0.140403747558594
-0.0535888671875 0.406890869140625 -0.00343322753906251 -0.1873779296875
-0.401947021484375 0.23980712890625 0.162521362304688 -0.178619384765625
-0.555511474609375 0.02703857421875 0.216903686523437 -0.0456390380859375
-0.513153076171875 -0.1527099609375 0.234039306640625 0.065185546875
-0.489715576171875 -0.0644836425781251 -0.31005859375 -0.25213623046875
-0.4298095703125 0.13018798828125 -0.265701293945312 -0.0640106201171875
-0.284637451171875 0.274078369140625 -0.113197326660156 0.0182876586914063
-0.058624267578125 0.34051513671875 -0.0670280456542969 -0.0347175598144531
0.126571655273438 0.280929565429688 -0.13751220703125 -0.048797607421875
0.281158447265625 0.168670654296875 -0.173324584960938 -0.00540161132812497
0.301361083984375 0.056182861328125 -0.186416625976562 0.049041748046875
0.282318115234375 0.055694580078125 -0.20172119140625 0.067291259765625
0.322265625 0.079071044921875 -0.24224853515625 0.037261962890625
0.268020629882813 0.183853149414063 -0.228256225585937 -0.066192626953125
0.117401123046875 0.306488037109375 -0.184814453125 -0.170394897460938
-0.05078125 0.331146240234375 -0.0436248779296875 -0.213104248046875
-0.33428955078125 0.196563720703125 0.107330322265625 -0.169891357421875
-0.471435546875 0.0357055664062501 0.0919876098632812 -0.0251846313476562
-0.459075927734375 -0.103607177734375 0.065826416015625 -0.012115478515625
-0.365753173828125 0.027313232421875 -0.42333984375 -0.284149169921875
-0.277313232421875 0.147308349609375 -0.329132080078125 -0.0581359863281249
-0.14947509765625 0.208038330078125 -0.120613098144531 0.018096923828125
-0.013580322265625 0.210739135742188 -0.085723876953125 -0.0694503784179687
0.0881805419921875 0.165206909179688 -0.172225952148438 -0.0824432373046875
0.17578125 0.109405517578125 -0.246124267578125 -0.0222320556640625
0.186431884765625 0.0521240234375 -0.276260375976563 0.056060791015625
0.177902221679688 0.0489044189453125 -0.28369140625 0.0870361328124999
0.203933715820313 0.0734100341796875 -0.322479248046875 0.0442504882812499
0.14892578125 0.138427734375 -0.306304931640625 -0.0843811035156249
0.0417327880859375 0.198684692382813 -0.22039794921875 -0.188858032226563
-0.053924560546875 0.190704345703125 -0.0606536865234375 -0.21856689453125
-0.212158203125 0.0981292724609375 0.0640411376953125 -0.140914916992188
-0.297027587890625 0.0264587402343751 -0.00839376449584963 -0.00382041931152344
-0.319122314453125 -0.0409545898437501 -0.0755615234375 -0.0745849609375
-0.192138671875 0.11328125 -0.504608154296875 -0.2891845703125
-0.102096557617188 0.143722534179688 -0.374755859375 -0.045135498046875
-0.00185394287109375 0.124313354492188 -0.130538940429688 0.032073974609375
0.0357475280761719 0.0632057189941406 -0.0986785888671875 -0.0710601806640625
0.0422019958496094 0.0306968688964844 -0.1749267578125 -0.0861663818359375
0.04974365234375 0.0333404541015625 -0.2724609375 -0.0265045166015624
0.0434074401855469 0.0390892028808594 -0.317779541015625 0.058807373046875
0.0472564697265625 0.03436279296875 -0.322265625 0.092742919921875
0.0573692321777344 0.0566291809082031 -0.358062744140625 0.0382080078125
0.0101547241210937 0.0741348266601563 -0.337646484375 -0.10296630859375
-0.0384941101074219 0.0660667419433594 -0.21673583984375 -0.196609497070313
-0.0460128784179688 0.0284957885742188 -0.052154541015625 -0.210830688476562
-0.0593109130859375 -0.00626373291015626 0.0441818237304688 -0.105461120605469
-0.0814208984375 0.01910400390625 -0.0659217834472656 0.0107345581054687
-0.13031005859375 0.0340652465820313 -0.166122436523438 -0.111557006835938
-0.0762252807617188 -0.1229248046875 0.222122192382813 0.05108642578125
-0.158950805664063 -0.015380859375 0.078887939453125 -0.0302047729492188
-0.093017578125 0.108932495117188 -0.06427001953125 0.0667304992675781
0.0335693359375 0.125068664550781 0.022064208984375 0.203369140625
0.0877761840820313 0.0740509033203125 0.167999267578125 0.190399169921875
0.107269287109375 -0.00734710693359375 0.3170166015625 0.07659912109375
0.105194091796875 -0.0492019653320313 0.354095458984375 -0.051849365234375
0.0922317504882813 -0.0279006958007813 0.3072509765625 -0.094482421875
0.100120544433594 -0.018768310546875 0.29278564453125 -0.061614990234375
0.0874557495117188 0.0439910888671875 0.265884399414063 0.0299072265625
0.0245513916015625 0.08612060546875 0.167068481445313 0.0488128662109375
-0.0591888427734375 0.0718307495117188 0.106201171875 0.026458740234375
-0.102531433105469 -0.02264404296875 0.1990966796875 -0.0277099609375
-0.0618820190429688 -0.119895935058594 0.4033203125 -0.00238037109375001
0.019439697265625 -0.135322570800781 0.54193115234375 0.318939208984375
-0.273483276367188 -0.177566528320313 0.181625366210937 0.01654052734375
-0.329315185546875 0.00103759765624998 0.0523452758789062 -0.0393714904785156
-0.228744506835938 0.18438720703125 -0.0702133178710938 0.0498886108398438
-0.01708984375 0.251739501953125 0.0060272216796875 0.173263549804688
0.1246337890625 0.19232177734375 0.118057250976563 0.169235229492188
0.221649169921875 0.066131591796875 0.258193969726563 0.0804443359375
0.234771728515625 -0.02801513671875 0.2996826171875 -0.0306396484375
0.213577270507813 -0.0084686279296875 0.253463745117188 -0.07177734375
0.23748779296875 0.0084686279296875 0.233474731445313 -0.04779052734375
0.206008911132813 0.112319946289063 0.216461181640625 0.0158538818359375
0.08319091796875 0.205642700195313 0.124893188476563 0.00971221923828126
-0.0714874267578125 0.20257568359375 0.094879150390625 -0.0195388793945312
-0.22796630859375 0.0594635009765625 0.213882446289062 -0.074371337890625
-0.249069213867187 -0.0966644287109375 0.41412353515625 -0.029052734375
-0.174575805664062 -0.174346923828125 0.55072021484375 0.27862548828125
-0.430999755859375 -0.201690673828125 0.0937957763671875 -0.0436935424804688
-0.458953857421875 0.024200439453125 -0.00619888305664065 -0.0493698120117188
-0.333587646484375 0.246978759765625 -0.0787429809570313 0.04034423828125
-0.061614990234375 0.354156494140625 -0.0066680908203125 0.133430480957031
0.1483154296875 0.287811279296875 0.0613250732421875 0.128860473632813
0.30718994140625 0.131195068359375 0.169631958007813 0.0698394775390625
0.331573486328125 -0.0048828125 0.202850341796875 -0.0065765380859375
0.30426025390625 0.01202392578125 0.160568237304688 -0.0390777587890625
0.3416748046875 0.030120849609375 0.133064270019531 -0.0260543823242187
0.29925537109375 0.161712646484375 0.129402160644531 -0.00397491455078124
0.13800048828125 0.30145263671875 0.0604782104492188 -0.0399360656738281
-0.068145751953125 0.318756103515625 0.07208251953125 -0.0773544311523438
-0.33062744140625 0.15008544921875 0.217391967773437 -0.123199462890625
-0.41741943359375 -0.0496215820312501 0.389404296875 -0.050384521484375
-0.35052490234375 -0.187042236328125 0.497833251953125 0.213714599609375
-0.526123046875 -0.18634033203125 -0.03009033203125 -0.113059997558594
-0.5242919921875 0.0609130859374999 -0.0875625610351563 -0.0548248291015625
-0.383636474609375 0.294830322265625 -0.088287353515625 0.03436279296875
-0.084136962890625 0.41558837890625 -0.0203323364257813 0.0827484130859375
0.160614013671875 0.343719482421875 -0.00394439697265624 0.0728683471679688
0.35089111328125 0.175048828125 0.0594062805175781 0.0499763488769531
0.379608154296875 0.01837158203125 0.078399658203125 0.0171051025390625
0.34881591796875 0.0299072265625 0.0441017150878906 0.000999450683593752
0.39544677734375 0.048187255859375 0.0105438232421875 0.000392913818359378
0.3502197265625 0.19024658203125 0.0159320831298828 -0.0235443115234375
0.173126220703125 0.35797119140625 -0.0237350463867187 -0.08837890625
-0.054779052734375 0.39727783203125 0.0346450805664062 -0.133956909179687
-0.393707275390625 0.225494384765625 0.194869995117188 -0.160903930664063
-0.532257080078125 0.00317382812499991 0.317413330078125 -0.057861328125
-0.474517822265625 -0.175048828125 0.382080078125 0.137542724609375
-0.5460205078125 -0.134796142578125 -0.171646118164063 -0.1787109375
-0.51416015625 0.101959228515625 -0.177932739257813 -0.0536956787109375
-0.3660888671875 0.310760498046875 -0.0977020263671875 0.0304031372070313
-0.079132080078125 0.41619873046875 -0.0401840209960938 0.0244293212890625
0.157958984375 0.34210205078125 -0.0725326538085938 0.0123062133789063
0.345489501953125 0.18603515625 -0.0594902038574219 0.025787353515625
0.369873046875 0.036834716796875 -0.0557212829589843 0.0373802185058594
0.34161376953125 0.04278564453125 -0.07952880859375 0.0402069091796875
0.38970947265625 0.061187744140625 -0.117660522460937 0.0281448364257812
0.3428955078125 0.19403076171875 -0.109268188476563 -0.0389480590820312
0.172393798828125 0.360931396484375 -0.114234924316406 -0.128387451171875
-0.04443359375 0.4066162109375 -0.0122528076171875 -0.177642822265625
-0.3975830078125 0.25091552734375 0.148284912109375 -0.175537109375
-0.55322265625 0.0397949218750001 0.206085205078125 -0.046875
-0.51556396484375 -0.144775390625 0.22271728515625 0.058624267578125
-0.4864501953125 -0.05877685546875 -0.311004638671875 -0.23089599609375
-0.425018310546875 0.13323974609375 -0.26129150390625 -0.048492431640625
-0.280715942382813 0.281112670898438 -0.107063293457031 0.024322509765625
-0.0545654296875 0.343475341796875 -0.0637016296386719 -0.0297889709472656
0.133468627929688 0.277999877929688 -0.132606506347656 -0.0405654907226563
0.2864990234375 0.162261962890625 -0.166702270507812 0.0029449462890625
0.303741455078125 0.046661376953125 -0.177322387695312 0.0529022216796875
0.28271484375 0.048126220703125 -0.190322875976562 0.07208251953125
0.323822021484375 0.06903076171875 -0.23095703125 0.048492431640625
0.272994995117188 0.176315307617188 -0.222122192382812 -0.0532379150390625
0.12677001953125 0.30535888671875 -0.186447143554688 -0.156875610351563
-0.04534912109375 0.332061767578125 -0.051910400390625 -0.202316284179687
-0.3331298828125 0.202484130859375 0.0952606201171875 -0.164443969726563
-0.4705810546875 0.0444335937499999 0.08404541015625 -0.0246734619140625
-0.4573974609375 -0.0996704101562499 0.0545845031738281 -0.0148239135742188
-0.35968017578125 0.0244140625 -0.427154541015625 -0.26251220703125
-0.275100708007812 0.143844604492188 -0.32562255859375 -0.042205810546875
-0.151290893554687 0.208389282226563 -0.115158081054688 0.0245285034179688
-0.015350341796875 0.21502685546875 -0.0841064453125 -0.06341552734375
0.0903778076171875 0.166473388671875 -0.168182373046875 -0.0737152099609375
0.18218994140625 0.10845947265625 -0.23968505859375 -0.0126953124999999
0.1912841796875 0.048583984375 -0.267929077148438 0.0623779296875
0.180496215820313 0.0455322265625 -0.271682739257813 0.0929718017578125
0.208358764648438 0.0684814453125 -0.311737060546875 0.0565185546875
0.156509399414062 0.137069702148437 -0.30084228515625 -0.0692749023437499
0.047210693359375 0.202407836914062 -0.222305297851563 -0.174224853515625
-0.052764892578125 0.194320678710938 -0.0682525634765625 -0.208740234375
-0.215728759765625 0.101791381835938 0.0555191040039062 -0.1353759765625
-0.298828125 0.0275268554687499 -0.0140724182128906 -0.00253105163574218
-0.316864013671875 -0.0438232421875 -0.08734130859375 -0.075897216796875
-0.185348510742188 0.104202270507812 -0.50787353515625 -0.27117919921875
-0.101387023925781 0.134147644042969 -0.372039794921875 -0.03118896484375
-0.00734710693359376 0.118911743164063 -0.125839233398438 0.037078857421875
0.0286216735839844 0.0659942626953125 -0.096221923828125 -0.0654220581054688
0.0402145385742188 0.0351791381835938 -0.173095703125 -0.0800933837890625
0.0546112060546875 0.0381202697753906 -0.267044067382812 -0.018402099609375
0.0515518188476563 0.0413398742675781 -0.311126708984375 0.06573486328125
0.0520515441894531 0.036865234375 -0.3126220703125 0.0994873046875
0.0642585754394531 0.0568580627441406 -0.34857177734375 0.050811767578125
0.0178375244140625 0.0784530639648438 -0.33306884765625 -0.0865478515625001
-0.0349578857421875 0.0747756958007813 -0.2191162109375 -0.18353271484375
-0.0489311218261719 0.0352897644042969 -0.0589447021484375 -0.202743530273438
-0.0680809020996094 -0.00529861450195313 0.0376434326171875 -0.101272583007813
-0.0860977172851563 0.0134124755859375 -0.0702247619628906 0.0108680725097656
-0.128181457519531 0.025390625 -0.178054809570313 -0.114273071289063
-0.0743331909179687 -0.113655090332031 0.2333984375 0.0586090087890625
-0.151031494140625 -0.00831604003906251 0.08563232421875 -0.0275802612304688
-0.084869384765625 0.106880187988281 -0.0599021911621094 0.0649986267089844
0.0369033813476562 0.116287231445313 0.024688720703125 0.200347900390625
0.0868072509765625 0.067962646484375 0.1685791015625 0.186798095703125
0.1016845703125 -0.0111465454101563 0.31536865234375 0.073822021484375
0.0979766845703125 -0.0531082153320313 0.353118896484375 -0.054046630859375
0.0864105224609375 -0.0324859619140625 0.305694580078125 -0.0950927734375
0.0942840576171875 -0.024871826171875 0.29327392578125 -0.061614990234375
0.0862350463867188 0.0364532470703125 0.266845703125 0.027679443359375
0.0279312133789063 0.07958984375 0.16644287109375 0.0489044189453125
-0.0536270141601562 0.0704421997070313 0.105331420898437 0.0280227661132813
-0.0964736938476563 -0.0169677734375 0.196014404296875 -0.0319061279296875
-0.0622100830078125 -0.111228942871094 0.40155029296875 -0.00500488281250001
0.0131759643554687 -0.126571655273438 0.543701171875 0.31829833984375
-0.271926879882813 -0.170440673828125 0.192718505859375 0.0274810791015625
-0.3212890625 0.00744628906249998 0.0595855712890625 -0.0350494384765625
-0.221633911132812 0.18365478515625 -0.06494140625 0.0482139587402344
-0.0145721435546875 0.245407104492187 0.00935363769531249 0.171188354492188
0.123977661132812 0.185546875 0.120147705078125 0.168472290039062
0.21722412109375 0.0624237060546875 0.2596435546875 0.078643798828125
0.22900390625 -0.0326690673828125 0.2996826171875 -0.03271484375
0.209060668945313 -0.0133514404296875 0.25408935546875 -0.072052001953125
0.23406982421875 0.0010223388671875 0.234603881835938 -0.0465850830078125
0.20599365234375 0.103897094726563 0.218490600585938 0.01513671875
0.0872650146484375 0.201797485351563 0.124885559082031 0.0117263793945313
-0.0664520263671875 0.203781127929687 0.0922775268554688 -0.0164871215820312
-0.225601196289063 0.0660400390625 0.209686279296875 -0.075531005859375
-0.2535400390625 -0.08758544921875 0.409698486328125 -0.02984619140625
-0.182281494140625 -0.168014526367188 0.5498046875 0.280426025390625
-0.431640625 -0.198272705078125 0.102088928222656 -0.0310592651367188
-0.453094482421875 0.0291442871093751 -1.14440917969064E-05 -0.0441932678222656
-0.32861328125 0.2479248046875 -0.0729522705078125 0.0397872924804688
-0.059814453125 0.35064697265625 -0.00287628173828125 0.132980346679688
0.149322509765625 0.283203125 0.0646591186523438 0.1295166015625
0.30560302734375 0.126495361328125 0.173049926757813 0.069549560546875
0.327850341796875 -0.01007080078125 0.2060546875 -0.0091552734375
0.30133056640625 0.00714111328125 0.163925170898438 -0.0385894775390625
0.340606689453125 0.023040771484375 0.137588500976563 -0.0240097045898438
0.30133056640625 0.15460205078125 0.132888793945313 -0.00318908691406249
0.14300537109375 0.299163818359375 0.05975341796875 -0.0354232788085937
-0.064422607421875 0.32183837890625 0.068939208984375 -0.0725784301757812
-0.33160400390625 0.15728759765625 0.210769653320313 -0.123443603515625
-0.423065185546875 -0.0418090820312499 0.3846435546875 -0.04937744140625
-0.35888671875 -0.18475341796875 0.494171142578125 0.2159423828125
-0.528900146484375 -0.184967041015625 -0.0235366821289063 -0.100669860839844
-0.52178955078125 0.06402587890625 -0.0820159912109375 -0.0484161376953125
-0.382720947265625 0.298583984375 -0.0830535888671875 0.03570556640625
-0.08209228515625 0.4173583984375 -0.0162277221679687 0.083221435546875
0.162200927734375 0.3408203125 0.000640869140625002 0.075408935546875
0.352783203125 0.171112060546875 0.0641517639160157 0.0525474548339844
0.37884521484375 0.0128173828125 0.0835342407226563 0.0160903930664063
0.3485107421875 0.025848388671875 0.0488548278808594 0.00129318237304688
0.395965576171875 0.042083740234375 0.0166893005371094 0.00448989868164063
0.35394287109375 0.1856689453125 0.0207881927490235 -0.0204620361328125
0.17913818359375 0.35791015625 -0.024871826171875 -0.0834121704101562
-0.053985595703125 0.400482177734375 0.0306015014648437 -0.127845764160156
-0.39703369140625 0.232269287109375 0.187759399414062 -0.158905029296875
-0.53753662109375 0.00814819335937489 0.3114013671875 -0.055694580078125
-0.481201171875 -0.17626953125 0.376922607421875 0.14007568359375
-0.549468994140625 -0.137237548828125 -0.16815185546875 -0.167327880859375
-0.5157470703125 0.103668212890625 -0.173721313476563 -0.04638671875
-0.36834716796875 0.31622314453125 -0.0934371948242188 0.0315170288085938
-0.080078125 0.421234130859375 -0.0367088317871094 0.02581787109375
0.160369873046875 0.34197998046875 -0.0677413940429687 0.0153045654296875
0.35028076171875 0.183837890625 -0.0541229248046875 0.0287322998046875
0.371917724609375 0.032440185546875 -0.0505867004394531 0.0379219055175781
0.34332275390625 0.040435791015625 -0.0734329223632812 0.0411529541015625
0.392608642578125 0.056243896484375 -0.110740661621094 0.0321273803710938
0.347930908203125 0.19158935546875 -0.104171752929687 -0.0349502563476562
0.17864990234375 0.362884521484375 -0.115097045898437 -0.121917724609375
-0.044525146484375 0.410400390625 -0.01715087890625 -0.1710205078125
-0.402191162109375 0.255218505859375 0.142196655273437 -0.171493530273437
-0.5601806640625 0.0429992675781251 0.199874877929687 -0.043914794921875
-0.520172119140625 -0.148681640625 0.215240478515625 0.058837890625
-0.490203857421875 -0.065673828125 -0.310546875 -0.220794677734375
-0.427093505859375 0.13018798828125 -0.259078979492188 -0.0411834716796875
-0.286590576171875 0.28558349609375 -0.103340148925781 0.0273208618164063
-0.056915283203125 0.35107421875 -0.0605430603027344 -0.0270309448242187
0.13446044921875 0.281219482421875 -0.128547668457031 -0.0372085571289062
0.292449951171875 0.162750244140625 -0.161361694335937 0.00708007812500004
0.308837890625 0.044403076171875 -0.173782348632812 0.054656982421875
0.28570556640625 0.0477294921875 -0.184371948242187 0.07330322265625
0.32806396484375 0.0660400390625 -0.224594116210937 0.0533905029296875
0.279693603515625 0.17608642578125 -0.216567993164062 -0.04779052734375
0.130340576171875 0.310302734375 -0.18621826171875 -0.149566650390625
-0.0477294921875 0.336090087890625 -0.055328369140625 -0.196029663085937
-0.34100341796875 0.204559326171875 0.08978271484375 -0.15948486328125
-0.47625732421875 0.0447998046875 0.0784149169921875 -0.0219192504882812
-0.46051025390625 -0.10760498046875 0.0448341369628906 -0.0163307189941406
-0.361602783203125 0.014495849609375 -0.429473876953125 -0.2552490234375
-0.280563354492188 0.13671875 -0.326690673828125 -0.035614013671875
-0.15972900390625 0.210891723632813 -0.113433837890625 0.0274200439453125
-0.020782470703125 0.221908569335938 -0.0820846557617187 -0.0609283447265625
0.0907135009765625 0.171463012695313 -0.165664672851563 -0.071746826171875
0.188461303710938 0.111648559570313 -0.236434936523438 -0.00915527343749997
0.197860717773438 0.0482025146484375 -0.265426635742188 0.0639190673828125
0.185638427734375 0.0475311279296875 -0.26727294921875 0.0938262939453125
0.213623046875 0.068023681640625 -0.306427001953125 0.06103515625
0.163436889648437 0.138870239257813 -0.2965087890625 -0.0626220703125
0.050537109375 0.20977783203125 -0.222671508789063 -0.169143676757813
-0.0557098388671875 0.199539184570312 -0.0703125 -0.204010009765625
-0.224166870117187 0.10296630859375 0.0518569946289062 -0.130599975585938
-0.30523681640625 0.02459716796875 -0.0190162658691406 -0.00218391418457031
-0.31805419921875 -0.0540771484375 -0.0977783203125 -0.0795745849609375
-0.184097290039063 0.09393310546875 -0.5130615234375 -0.268829345703125
-0.10614013671875 0.125762939453125 -0.3731689453125 -0.0263671875
-0.0149612426757813 0.117263793945312 -0.123428344726563 0.0397720336914063
0.022369384765625 0.0714492797851563 -0.0942153930664063 -0.064849853515625
0.0386390686035156 0.0406303405761719 -0.171188354492188 -0.0791778564453125
0.0597953796386719 0.0430641174316406 -0.2655029296875 -0.016754150390625
0.058685302734375 0.0439643859863281 -0.310394287109375 0.0667724609375
0.0575637817382813 0.0391960144042969 -0.30908203125 0.09991455078125
0.0693702697753906 0.0588493347167969 -0.344482421875 0.0548095703125
0.0248641967773437 0.083251953125 -0.331207275390625 -0.0798950195312501
-0.0322799682617188 0.08282470703125 -0.219558715820313 -0.178573608398437
-0.0521621704101562 0.040863037109375 -0.06158447265625 -0.198883056640625
-0.0759201049804688 -0.00482177734375 0.0353317260742187 -0.0980453491210938
-0.0930557250976563 0.00894165039062502 -0.07525634765625 0.00965118408203125
-0.129013061523438 0.0145416259765625 -0.18902587890625 -0.1197509765625
-0.0728912353515625 -0.108551025390625 0.251174926757813 0.0701904296875
-0.1458740234375 -0.00202941894531251 0.0951461791992187 -0.0245513916015625
-0.0801544189453125 0.106880187988281 -0.0579643249511719 0.0644683837890625
0.0393829345703125 0.111862182617188 0.02691650390625 0.203399658203125
0.0876541137695313 0.0641021728515625 0.172119140625 0.1895751953125
0.100151062011719 -0.0136566162109375 0.32196044921875 0.0731201171875
0.0938796997070313 -0.0558395385742187 0.360992431640625 -0.0565185546875
0.082916259765625 -0.0366058349609375 0.313873291015625 -0.096710205078125
0.0910415649414063 -0.0299072265625 0.29998779296875 -0.062652587890625
0.0862960815429688 0.0314712524414063 0.273422241210937 0.0268096923828125
0.0305709838867187 0.076812744140625 0.170394897460938 0.0515594482421875
-0.0499725341796875 0.070831298828125 0.107765197753906 0.0306015014648438
-0.0935592651367188 -0.0142745971679687 0.199081420898438 -0.0351409912109375
-0.0640411376953125 -0.106307983398437 0.41094970703125 -0.00439453125000001
0.00998687744140625 -0.120399475097656 0.560333251953125 0.329681396484375
-0.277099609375 -0.170318603515625 0.208694458007812 0.0399627685546875
-0.32232666015625 0.0109558105468749 0.0680656433105469 -0.0311927795410156
-0.222488403320312 0.186203002929688 -0.0630455017089844 0.0483322143554688
-0.0148468017578125 0.246902465820313 0.0124664306640625 0.173919677734375
0.1256103515625 0.1866455078125 0.124710083007813 0.171310424804688
0.21923828125 0.061981201171875 0.266311645507813 0.0794830322265625
0.229415893554688 -0.0359954833984375 0.3095703125 -0.03448486328125
0.21026611328125 -0.016265869140625 0.262588500976563 -0.071929931640625
0.23699951171875 -0.0034637451171875 0.2431640625 -0.0464019775390625
0.211288452148438 0.101318359375 0.226348876953125 0.0147552490234375
0.0939178466796875 0.203857421875 0.127105712890625 0.0144805908203125
-0.065032958984375 0.209503173828125 0.0927810668945313 -0.0129852294921875
-0.230117797851563 0.0724029541015625 0.211196899414063 -0.07867431640625
-0.263320922851563 -0.0828094482421875 0.4200439453125 -0.028411865234375
-0.191879272460938 -0.1673583984375 0.5634765625 0.292724609375
-0.441619873046875 -0.2015380859375 0.115211486816406 -0.0187454223632813
-0.458251953125 0.031768798828125 0.0065193176269531 -0.0400047302246094
-0.333831787109375 0.25445556640625 -0.0705413818359375 0.04034423828125
-0.06085205078125 0.35662841796875 -0.000221252441406242 0.1357421875
0.1514892578125 0.287017822265625 0.0692596435546875 0.132736206054688
0.31182861328125 0.128692626953125 0.180755615234375 0.072265625
0.33258056640625 -0.01287841796875 0.214324951171875 -0.0092926025390625
0.306793212890625 0.00445556640625 0.172637939453125 -0.0382232666015625
0.347808837890625 0.01861572265625 0.145950317382813 -0.0215606689453125
0.31121826171875 0.153839111328125 0.139793395996094 -0.00178527832031249
0.150848388671875 0.305816650390625 0.060760498046875 -0.0326004028320312
-0.0640869140625 0.332000732421875 0.0681343078613281 -0.0694351196289062
-0.341827392578125 0.166229248046875 0.2115478515625 -0.124725341796875
-0.4383544921875 -0.0380859375000001 0.390777587890625 -0.047821044921875
-0.3736572265625 -0.18853759765625 0.50396728515625 0.226409912109375
-0.5435791015625 -0.190338134765625 -0.0163116455078125 -0.0899658203125
-0.534271240234375 0.0660400390625 -0.0782699584960938 -0.0436935424804687
-0.392730712890625 0.307373046875 -0.0814971923828125 0.037109375
-0.0863037109375 0.4288330078125 -0.01324462890625 0.0859756469726563
0.166290283203125 0.350311279296875 0.00411224365234376 0.0785369873046875
0.363525390625 0.175048828125 0.0705795288085938 0.0550994873046875
0.387298583984375 0.01068115234375 0.0908279418945313 0.0166015625
0.357452392578125 0.024444580078125 0.0551795959472656 0.00257492065429688
0.40673828125 0.039459228515625 0.0232868194580078 0.00793838500976563
0.365386962890625 0.18603515625 0.0247898101806641 -0.0196170806884766
0.1875 0.36846923828125 -0.02520751953125 -0.0807342529296875
-0.05426025390625 0.414642333984375 0.028533935546875 -0.124801635742187
-0.412811279296875 0.2415771484375 0.187850952148437 -0.15838623046875
-0.557586669921875 0.0128479003906249 0.315032958984375 -0.052886962890625
-0.498779296875 -0.18365478515625 0.3804931640625 0.147491455078125
-0.56689453125 -0.14599609375 -0.167266845703125 -0.161056518554687
-0.5291748046875 0.1036376953125 -0.174209594726563 -0.0421142578125
-0.380767822265625 0.3270263671875 -0.0926437377929688 0.0334320068359375
-0.082733154296875 0.436798095703125 -0.0337429046630859 0.0274028778076172
0.164642333984375 0.352752685546875 -0.0652046203613281 0.0176506042480469
0.362457275390625 0.18841552734375 -0.0504875183105469 0.0321807861328125
0.384063720703125 0.030914306640625 -0.0475006103515625 0.0392990112304688
0.3538818359375 0.0406494140625 -0.0698165893554687 0.0431556701660156
0.405548095703125 0.05517578125 -0.107086181640625 0.036834716796875
0.360870361328125 0.19561767578125 -0.102058410644531 -0.03314208984375
0.186492919921875 0.37640380859375 -0.11749267578125 -0.119361877441406
-0.047210693359375 0.424652099609375 -0.0192718505859375 -0.168777465820313
-0.417816162109375 0.2650146484375 0.140762329101562 -0.170822143554687
-0.5802001953125 0.0457153320312501 0.19866943359375 -0.040985107421875
-0.5364990234375 -0.16033935546875 0.212600708007812 0.0628204345703125
-0.506195068359375 -0.0763244628906251 -0.317169189453125 -0.21856689453125
-0.44378662109375 0.12786865234375 -0.264328002929687 -0.0370941162109375
-0.30010986328125 0.296600341796875 -0.103736877441406 0.0305328369140625
-0.0604248046875 0.367401123046875 -0.0594329833984375 -0.0272789001464843
0.138336181640625 0.293365478515625 -0.128013610839844 -0.0365829467773437
0.30609130859375 0.167724609375 -0.161270141601562 0.0103607177734375
0.319793701171875 0.0435791015625 -0.17431640625 0.0570831298828125
0.296905517578125 0.0494384765625 -0.183456420898437 0.075531005859375
0.34051513671875 0.06707763671875 -0.224685668945312 0.05718994140625
0.29132080078125 0.180816650390625 -0.217727661132812 -0.045562744140625
0.13671875 0.32373046875 -0.190032958984375 -0.1490478515625
-0.051971435546875 0.34967041015625 -0.0588836669921875 -0.194793701171875
-0.357147216796875 0.212066650390625 0.089111328125 -0.157958984375
-0.4947509765625 0.0441589355468751 0.0753402709960937 -0.0199508666992188
-0.47637939453125 -0.12164306640625 0.0371856689453125 -0.0171546936035156
-0.37371826171875 0.00515747070312492 -0.4417724609375 -0.259124755859375
-0.293792724609375 0.132720947265625 -0.336273193359375 -0.032318115234375
-0.172454833984375 0.21807861328125 -0.115348815917969 0.0293655395507813
-0.026153564453125 0.235824584960938 -0.0826416015625 -0.0610885620117187
0.0919036865234375 0.181625366210938 -0.166976928710938 -0.0725860595703124
0.198974609375 0.117645263671875 -0.238601684570312 -0.00878906249999994
0.208953857421875 0.0499420166015625 -0.269546508789063 0.06536865234375
0.194549560546875 0.0508880615234375 -0.269927978515625 0.0945587158203125
0.223907470703125 0.0706024169921875 -0.3079833984375 0.06500244140625
0.172836303710938 0.144485473632813 -0.299774169921875 -0.0601196289062499
0.054443359375 0.22137451171875 -0.226531982421875 -0.169235229492188
-0.0599822998046875 0.20892333984375 -0.073638916015625 -0.203842163085938
-0.237838745117187 0.106109619140625 0.0507888793945312 -0.129608154296875
-0.31976318359375 0.022369384765625 -0.024658203125 -0.000307083129882807
-0.32830810546875 -0.06585693359375 -0.110313415527344 -0.085296630859375
-0.189666748046875 0.0852508544921875 -0.528533935546875 -0.275421142578125
-0.114089965820312 0.120223999023438 -0.385101318359375 -0.0249633789062501
-0.0225982666015625 0.119056701660156 -0.126419067382813 0.0420761108398438
0.0164871215820312 0.0795669555664063 -0.0951690673828125 -0.0660018920898438
0.0375099182128906 0.0465736389160156 -0.17333984375 -0.082183837890625
0.0660247802734375 0.0481681823730469 -0.271392822265625 -0.017730712890625
0.0667037963867188 0.04632568359375 -0.31878662109375 0.068145751953125
0.0638771057128906 0.0434684753417969 -0.314910888671875 0.101348876953125
0.0766448974609375 0.0620574951171875 -0.350372314453125 0.0570983886718749
0.0318756103515625 0.0887832641601563 -0.335845947265625 -0.07720947265625
-0.0306854248046875 0.0925140380859375 -0.22479248046875 -0.18035888671875
-0.0571632385253906 0.0473403930664063 -0.06463623046875 -0.201248168945313
-0.0861053466796875 -0.00407409667968751 0.0347747802734375 -0.0981597900390625
-0.10150146484375 0.00463867187499999 -0.0820846557617187 0.009368896484375
-0.1343994140625 0.00446319580078127 -0.205352783203125 -0.128570556640625
-0.0743942260742188 -0.105110168457031 0.27618408203125 0.075775146484375
-0.145599365234375 0.0049896240234375 0.106101989746094 -0.0256271362304688
-0.0761566162109375 0.110511779785156 -0.0557937622070312 0.0656776428222656
0.043914794921875 0.108406066894531 0.033935546875 0.208969116210938
0.091644287109375 0.061187744140625 0.182891845703125 0.1939697265625
0.100387573242187 -0.0190963745117187 0.336395263671875 0.069000244140625
0.0920639038085938 -0.0614395141601563 0.376251220703125 -0.0665283203125
0.0811996459960938 -0.0423202514648438 0.3270263671875 -0.105224609375
0.0895004272460938 -0.0370712280273438 0.312896728515625 -0.069915771484375
0.0882797241210938 0.0248947143554688 0.2869873046875 0.023223876953125
0.03509521484375 0.0738296508789063 0.1790771484375 0.0516357421875
-0.0470046997070313 0.0736923217773438 0.112709045410156 0.0307464599609375
-0.09271240234375 -0.0103988647460938 0.203964233398438 -0.04266357421875
-0.067779541015625 -0.102058410644531 0.428466796875 -0.012481689453125
0.00497436523437501 -0.11639404296875 0.59442138671875 0.33917236328125
-0.2896728515625 -0.169158935546875 0.230270385742187 0.0482940673828125
-0.33038330078125 0.020721435546875 0.0780563354492188 -0.0298690795898438
-0.223785400390625 0.195663452148437 -0.0615005493164063 0.0496406555175781
-0.0108489990234375 0.2528076171875 0.018402099609375 0.179351806640625
0.132659912109375 0.188674926757813 0.134078979492188 0.17535400390625
0.227066040039062 0.0577392578125 0.2806396484375 0.078460693359375
0.234085083007812 -0.0438995361328125 0.32403564453125 -0.042755126953125
0.216995239257813 -0.0242767333984375 0.27593994140625 -0.0788421630859375
0.243576049804688 -0.01373291015625 0.255950927734375 -0.0503692626953125
0.22381591796875 0.0958404541015625 0.237350463867187 0.01190185546875
0.10418701171875 0.207626342773438 0.13262939453125 0.0158004760742188
-0.0609893798828125 0.222076416015625 0.0966873168945313 -0.0117111206054687
-0.237045288085938 0.0840606689453125 0.215789794921875 -0.0855865478515625
-0.279373168945313 -0.0737762451171875 0.4356689453125 -0.0345458984375
-0.209060668945313 -0.165695190429688 0.5960693359375 0.299560546875
-0.465728759765625 -0.2022705078125 0.130149841308594 -0.0114974975585938
-0.474273681640625 0.0439453125000001 0.0130844116210937 -0.0355987548828125
-0.34234619140625 0.27142333984375 -0.0708236694335938 0.0425338745117188
-0.057037353515625 0.372772216796875 0.00540161132812499 0.14080810546875
0.162933349609375 0.296966552734375 0.0771560668945313 0.136940002441406
0.3284912109375 0.127288818359375 0.193069458007813 0.0727386474609375
0.343414306640625 -0.020721435546875 0.2269287109375 -0.0142669677734375
0.31964111328125 -0.00347900390625 0.183853149414063 -0.0424346923828125
0.363494873046875 0.008636474609375 0.156951904296875 -0.0229034423828125
0.331298828125 0.149658203125 0.1488037109375 -0.00471496582031249
0.167388916015625 0.31646728515625 0.0614242553710938 -0.0319442749023437
-0.060089111328125 0.3516845703125 0.0695381164550781 -0.0691757202148437
-0.355499267578125 0.1849365234375 0.214324951171875 -0.131881713867188
-0.463653564453125 -0.024139404296875 0.404815673828125 -0.05340576171875
-0.39996337890625 -0.189697265625 0.5303955078125 0.231597900390625
-0.57318115234375 -0.19354248046875 -0.00965118408203129 -0.0822525024414063
-0.555816650390625 0.076904296875 -0.076751708984375 -0.038421630859375
-0.404205322265625 0.33148193359375 -0.0809402465820313 0.0406723022460938
-0.082122802734375 0.45184326171875 -0.0102081298828125 0.0891799926757813
0.17938232421875 0.361846923828125 0.00975799560546875 0.081817626953125
0.384765625 0.174346923828125 0.0794525146484375 0.0574569702148438
0.403961181640625 0.002960205078125 0.0989761352539063 0.014862060546875
0.374114990234375 0.01837158203125 0.063690185546875 0.0020294189453125
0.42645263671875 0.029815673828125 0.0302238464355469 0.0113658905029297
0.3902587890625 0.183441162109375 0.0291290283203125 -0.0192985534667969
0.207122802734375 0.38299560546875 -0.02838134765625 -0.07916259765625
-0.0496826171875 0.43902587890625 0.0262680053710938 -0.124824523925781
-0.430694580078125 0.26495361328125 0.188919067382812 -0.165283203125
-0.587890625 0.0273437500000001 0.322906494140625 -0.057769775390625
-0.530670166015625 -0.187591552734375 0.39654541015625 0.151153564453125
-0.59912109375 -0.14801025390625 -0.17205810546875 -0.155014038085938
-0.555206298828125 0.1151123046875 -0.178680419921875 -0.0338134765625
-0.39495849609375 0.354278564453125 -0.093505859375 0.039459228515625
-0.08026123046875 0.464813232421875 -0.0322170257568359 0.0306129455566407
0.179840087890625 0.368804931640625 -0.0644493103027343 0.0210380554199219
0.3868408203125 0.1903076171875 -0.0467147827148437 0.0359420776367188
0.403045654296875 0.022918701171875 -0.0442848205566406 0.04119873046875
0.3736572265625 0.03466796875 -0.0671882629394531 0.0456657409667969
0.427337646484375 0.047821044921875 -0.104293823242187 0.0432357788085938
0.385650634765625 0.194244384765625 -0.103546142578125 -0.0305404663085937
0.206024169921875 0.393463134765625 -0.124183654785156 -0.117927551269531
-0.043212890625 0.450836181640625 -0.0249176025390625 -0.169097900390625
-0.439178466796875 0.28826904296875 0.140045166015625 -0.17510986328125
-0.611572265625 0.0612182617187501 0.202239990234375 -0.042572021484375
-0.56829833984375 -0.166015625 0.21649169921875 0.0644683837890625
-0.535247802734375 -0.0777282714843751 -0.333251953125 -0.215850830078125
-0.468658447265625 0.139678955078125 -0.275421142578125 -0.0274200439453126
-0.314666748046875 0.31976318359375 -0.107185363769531 0.0358657836914063
-0.0584716796875 0.394012451171875 -0.0605926513671875 -0.0251541137695312
0.150970458984375 0.30914306640625 -0.130805969238281 -0.03436279296875
0.328704833984375 0.17083740234375 -0.1632080078125 0.0148773193359375
0.34027099609375 0.039947509765625 -0.1783447265625 0.0623779296875
0.315948486328125 0.046112060546875 -0.186294555664062 0.0816650390625
0.36181640625 0.0625 -0.227005004882812 0.0661773681640625
0.3135986328125 0.18304443359375 -0.224411010742187 -0.0406494140625
0.1527099609375 0.33984375 -0.200637817382813 -0.14727783203125
-0.050506591796875 0.37158203125 -0.0659332275390625 -0.196914672851562
-0.37701416015625 0.23095703125 0.0870208740234375 -0.161575317382812
-0.523101806640625 0.055816650390625 0.0743942260742187 -0.018646240234375
-0.502777099609375 -0.126068115234375 0.0291461944580078 -0.0176486968994141
-0.394989013671875 0.00170898437500005 -0.467864990234375 -0.25823974609375
-0.31256103515625 0.13720703125 -0.352813720703125 -0.023895263671875
-0.182525634765625 0.2337646484375 -0.11865234375 0.035675048828125
-0.02557373046875 0.255859375 -0.0853118896484375 -0.0612335205078125
0.099853515625 0.193634033203125 -0.172760009765625 -0.0716552734375
0.21636962890625 0.120620727539063 -0.246994018554688 -0.00265502929687504
0.226043701171875 0.0473785400390625 -0.279815673828125 0.0734710693359375
0.210601806640625 0.050537109375 -0.277877807617188 0.103851318359375
0.240875244140625 0.0692138671875 -0.317535400390625 0.074432373046875
0.189773559570313 0.148544311523438 -0.31103515625 -0.054840087890625
0.0649871826171875 0.235916137695313 -0.239639282226563 -0.168899536132813
-0.0635223388671875 0.225204467773438 -0.0819854736328125 -0.207244873046875
-0.254348754882813 0.116653442382812 0.04931640625 -0.132308959960938
-0.33941650390625 0.026275634765625 -0.0310916900634766 0.00135993957519531
-0.34869384765625 -0.07427978515625 -0.128349304199219 -0.088592529296875
-0.197906494140625 0.082733154296875 -0.559814453125 -0.278717041015625
-0.12359619140625 0.120292663574219 -0.40673828125 -0.01751708984375
-0.0294113159179687 0.124748229980469 -0.130950927734375 0.047515869140625
0.0146408081054688 0.0893783569335937 -0.100418090820313 -0.0658187866210937
0.0387306213378906 0.0538978576660156 -0.18170166015625 -0.0825958251953125
0.0745925903320313 0.0516891479492188 -0.2822265625 -0.012939453125
0.076568603515625 0.0476150512695313 -0.332183837890625 0.0773925781250001
0.072845458984375 0.0465164184570313 -0.32635498046875 0.110626220703125
0.0861053466796875 0.064910888671875 -0.362030029296875 0.0675659179687501
0.0410537719726563 0.0943374633789063 -0.34979248046875 -0.07110595703125
-0.0259628295898437 0.102684020996094 -0.238571166992187 -0.18035888671875
-0.0619926452636719 0.0551719665527344 -0.07275390625 -0.205459594726563
-0.0962753295898438 -0.00152587890624999 0.0328292846679687 -0.0993804931640625
-0.11212158203125 0.00261688232421874 -0.091217041015625 0.0100326538085937
-0.142578125 -0.00363159179687501 -0.2286376953125 -0.137191772460938
-0.0776138305664063 -0.100173950195313 0.304931640625 0.07305908203125
-0.143447875976563 0.01611328125 0.117668151855469 -0.0292434692382813
-0.068878173828125 0.115837097167969 -0.0522193908691406 0.0682029724121094
0.0500564575195313 0.10430908203125 0.045623779296875 0.2127685546875
0.0965957641601563 0.0547714233398438 0.19921875 0.191299438476562
0.0999755859375 -0.0267868041992188 0.352294921875 0.054473876953125
0.0880203247070313 -0.0688705444335938 0.389801025390625 -0.087799072265625
0.0778274536132813 -0.0495529174804688 0.33721923828125 -0.12432861328125
0.0863113403320313 -0.0468215942382813 0.32470703125 -0.0869140625
0.0907974243164063 0.0165634155273438 0.3001708984375 0.00946044921875
0.041046142578125 0.07135009765625 0.188949584960938 0.046478271484375
-0.0419464111328125 0.0772857666015625 0.119354248046875 0.0276260375976563
-0.0919036865234375 -0.00486755371093751 0.20843505859375 -0.0557098388671875
-0.0750579833984375 -0.097320556640625 0.446868896484375 -0.031768798828125
-0.000946044921875006 -0.112922668457031 0.63897705078125 0.32940673828125
-0.308685302734375 -0.15911865234375 0.255706787109375 0.04888916015625
-0.3369140625 0.039398193359375 0.0878143310546875 -0.0299224853515625
-0.22027587890625 0.213058471679687 -0.059234619140625 0.0532417297363281
0.00105285644531252 0.260208129882813 0.02899169921875 0.183990478515625
0.146377563476563 0.187973022460938 0.149337768554688 0.176254272460938
0.238677978515625 0.0482330322265625 0.29730224609375 0.06756591796875
0.238479614257813 -0.056793212890625 0.33740234375 -0.059814453125
0.221267700195313 -0.0368194580078125 0.2877197265625 -0.09466552734375
0.250625610351563 -0.029449462890625 0.2694091796875 -0.063446044921875
0.237548828125 0.0836944580078125 0.250762939453125 0.000259399414062505
0.123046875 0.209579467773438 0.139564514160156 0.0120391845703125
-0.05029296875 0.235977172851563 0.100502014160156 -0.0140609741210937
-0.242935180664063 0.103042602539062 0.218902587890625 -0.0988006591796875
-0.2967529296875 -0.05657958984375 0.453369140625 -0.052276611328125
-0.229095458984375 -0.158126831054688 0.63873291015625 0.29034423828125
-0.49713134765625 -0.1885986328125 0.147842407226563 -0.00598144531250001
-0.488983154296875 0.0685729980468751 0.0194988250732422 -0.0327491760253906
-0.341278076171875 0.298095703125 -0.0685691833496094 0.0479049682617188
-0.04205322265625 0.390533447265625 0.0147857666015625 0.145065307617188
0.183197021484375 0.2998046875 0.0893707275390625 0.1397705078125
0.34796142578125 0.115264892578125 0.20770263671875 0.06634521484375
0.35601806640625 -0.038665771484375 0.23992919921875 -0.027008056640625
0.331512451171875 -0.01885986328125 0.193939208984375 -0.052276611328125
0.378173828125 -0.01177978515625 0.16851806640625 -0.0288543701171875
0.353057861328125 0.135589599609375 0.157272338867188 -0.0111236572265625
0.194549560546875 0.321258544921875 0.0636177062988281 -0.0329666137695312
-0.04327392578125 0.374176025390625 0.0688591003417969 -0.0694541931152343
-0.365447998046875 0.21435546875 0.213882446289062 -0.144805908203125
-0.489288330078125 0.0025634765625001 0.416473388671875 -0.071136474609375
-0.430999755859375 -0.178253173828125 0.56280517578125 0.2244873046875
-0.609375 -0.1763916015625 -0.00402832031250004 -0.0747604370117188
-0.57623291015625 0.10833740234375 -0.0756072998046875 -0.0294723510742187
-0.406005859375 0.36480712890625 -0.07952880859375 0.0469512939453125
-0.064422607421875 0.47869873046875 -0.00328826904296875 0.093414306640625
0.20635986328125 0.371063232421875 0.01727294921875 0.0858993530273438
0.41253662109375 0.1624755859375 0.089569091796875 0.0567703247070313
0.421539306640625 -0.017425537109375 0.107086181640625 0.00997161865234375
0.392303466796875 -0.00054931640625 0.0721206665039063 -0.00090789794921875
0.448333740234375 0.0072021484375 0.0390739440917969 0.0117225646972656
0.418182373046875 0.169219970703125 0.0327129364013672 -0.0217437744140625
0.239715576171875 0.39178466796875 -0.0331573486328125 -0.0769805908203125
-0.0300903320312501 0.46514892578125 0.0209732055664063 -0.12554931640625
-0.44110107421875 0.303192138671875 0.185501098632812 -0.17706298828125
-0.6160888671875 0.0614013671874999 0.3306884765625 -0.0697021484375
-0.56781005859375 -0.17291259765625 0.417816162109375 0.142608642578125
-0.63824462890625 -0.132568359375 -0.179428100585938 -0.143783569335938
-0.577392578125 0.14471435546875 -0.182952880859375 -0.020599365234375
-0.39764404296875 0.39178466796875 -0.0927658081054688 0.04742431640625
-0.060577392578125 0.495697021484375 -0.0293560028076172 0.0340766906738282
0.206329345703125 0.379913330078125 -0.0621757507324219 0.0253257751464844
0.418182373046875 0.1793212890625 -0.0422096252441406 0.0405769348144531
0.42474365234375 0.003936767578125 -0.0399932861328125 0.0450553894042969
0.393585205078125 0.018524169921875 -0.0615158081054687 0.0501136779785156
0.451263427734375 0.026458740234375 -0.100608825683594 0.0521697998046875
0.41534423828125 0.18292236328125 -0.1064453125 -0.0260391235351562
0.238555908203125 0.4033203125 -0.135833740234375 -0.11322021484375
-0.024505615234375 0.47735595703125 -0.0345458984375 -0.169387817382812
-0.44964599609375 0.3258056640625 0.1361083984375 -0.183975219726563
-0.63970947265625 0.0947875976562499 0.204666137695313 -0.0490570068359375
-0.6048583984375 -0.15216064453125 0.22320556640625 0.0603790283203125
-0.56927490234375 -0.0653076171875 -0.35406494140625 -0.20147705078125
-0.48968505859375 0.163177490234375 -0.28656005859375 -0.00982666015625004
-0.318115234375 0.352294921875 -0.107063293457031 0.0460128784179688
-0.04315185546875 0.422119140625 -0.0626106262207031 -0.0223426818847656
0.174530029296875 0.320648193359375 -0.134986877441406 -0.0290985107421875
0.357086181640625 0.1636962890625 -0.165359497070312 0.0242156982421875
0.362213134765625 0.0233154296875 -0.179916381835937 0.0728607177734375
0.3360595703125 0.033111572265625 -0.185958862304687 0.092620849609375
0.385101318359375 0.04632568359375 -0.228515625 0.08160400390625
0.341766357421875 0.1748046875 -0.23199462890625 -0.0312957763671875
0.180450439453125 0.35211181640625 -0.2164306640625 -0.14031982421875
-0.036407470703125 0.39642333984375 -0.0783843994140625 -0.195892333984375
-0.3896484375 0.2628173828125 0.0821990966796875 -0.166229248046875
-0.548492431640625 0.0817260742187499 0.0718231201171875 -0.0189056396484375
-0.535980224609375 -0.1187744140625 0.0207233428955078 -0.0187625885009766
-0.417572021484375 0.010345458984375 -0.50042724609375 -0.24566650390625
-0.327880859375 0.15289306640625 -0.3704833984375 -0.00335693359374994
-0.185791015625 0.256439208984375 -0.121368408203125 0.0463714599609375
-0.0167236328125 0.277481079101563 -0.0908050537109375 -0.0583572387695312
0.114639282226562 0.204559326171875 -0.181427001953125 -0.066070556640625
0.237625122070313 0.117660522460938 -0.254623413085938 0.010040283203125
0.243057250976563 0.038421630859375 -0.28607177734375 0.09063720703125
0.226791381835937 0.0434112548828125 -0.281463623046875 0.1199951171875
0.26031494140625 0.05999755859375 -0.322601318359375 0.0937805175781249
0.210403442382813 0.146820068359375 -0.322357177734375 -0.0401611328125
0.0836334228515625 0.248458862304688 -0.2579345703125 -0.16119384765625
-0.0569305419921875 0.243255615234375 -0.095672607421875 -0.207122802734375
-0.267501831054688 0.137420654296875 0.043914794921875 -0.134719848632813
-0.35833740234375 0.04241943359375 -0.0363044738769531 0.00452041625976562
-0.370849609375 -0.07220458984375 -0.148666381835938 -0.0873565673828125
-0.206146240234375 0.0863037109375 -0.60333251953125 -0.2652587890625
-0.130386352539063 0.124969482421875 -0.428466796875 0.00396728515624997
-0.0301361083984375 0.132049560546875 -0.133445739746094 0.0589523315429688
0.0158309936523437 0.0988006591796875 -0.106781005859375 -0.0634918212890625
0.0421905517578125 0.0596809387207031 -0.192123413085937 -0.0783233642578125
0.0854110717773438 0.0528030395507813 -0.294219970703125 -0.000244140625000011
0.0881423950195313 0.0454559326171875 -0.343841552734375 0.0961608886718751
0.0831146240234375 0.045562744140625 -0.334381103515625 0.12811279296875
0.09814453125 0.0640945434570313 -0.373077392578125 0.0878906250000001
0.0530242919921875 0.097991943359375 -0.365997314453125 -0.054351806640625
-0.0192947387695312 0.112991333007813 -0.257049560546875 -0.174468994140625
-0.0638008117675781 0.0650253295898438 -0.0867767333984375 -0.207748413085938
-0.10791015625 0.00513458251953124 0.0289688110351563 -0.102973937988281
-0.122398376464844 0.00527191162109375 -0.0993576049804688 0.0148696899414063
-0.152236938476563 -0.0072784423828125 -0.257598876953125 -0.135406494140625
-0.0814743041992187 -0.0927505493164063 0.329315185546875 0.06072998046875
-0.136993408203125 0.02789306640625 0.126312255859375 -0.0360336303710937
-0.0580673217773438 0.118797302246094 -0.0463752746582031 0.0696945190429688
0.0565567016601563 0.0981826782226563 0.0609588623046875 0.21051025390625
0.100196838378906 0.0453643798828125 0.215560913085938 0.181564331054688
0.0971527099609375 -0.0346832275390625 0.36114501953125 0.03314208984375
0.0812149047851563 -0.07513427734375 0.39111328125 -0.1143798828125
0.0708847045898437 -0.0565719604492187 0.338104248046875 -0.14678955078125
0.0784912109375 -0.0568161010742188 0.3289794921875 -0.1080322265625
0.092041015625 0.007171630859375 0.3070068359375 -0.00970458984375
0.0467338562011719 0.0658187866210938 0.19549560546875 0.0360260009765625
-0.0340576171875 0.078704833984375 0.123588562011719 0.0212783813476563
-0.0893325805664063 0.00200653076171874 0.20794677734375 -0.0714874267578125
-0.0810165405273438 -0.0883865356445313 0.454803466796875 -0.058563232421875
-0.00736236572265625 -0.106101989746094 0.6781005859375 0.29815673828125
-0.32427978515625 -0.139892578125 0.27984619140625 0.041412353515625
-0.333984375 0.063751220703125 0.0966873168945313 -0.0319366455078125
-0.209747314453125 0.22900390625 -0.0542182922363281 0.0570564270019531
0.0156402587890625 0.261947631835938 0.0423431396484375 0.182846069335938
0.159835815429688 0.181167602539063 0.163986206054688 0.170501708984375
0.246170043945313 0.0316619873046875 0.30804443359375 0.049896240234375
0.2386474609375 -0.0737762451171875 0.342742919921875 -0.08392333984375
0.22174072265625 -0.0525054931640625 0.2921142578125 -0.11572265625
0.251678466796875 -0.050048828125 0.274765014648438 -0.080169677734375
0.24554443359375 0.0639495849609375 0.257293701171875 -0.0160064697265625
0.140289306640625 0.203369140625 0.14288330078125 0.00529479980468751
-0.033416748046875 0.244522094726563 0.103813171386719 -0.0167236328125
-0.238815307617188 0.124130249023437 0.213668823242187 -0.113662719726562
-0.307159423828125 -0.0323486328125 0.45880126953125 -0.0792236328125
-0.2467041015625 -0.140960693359375 0.67138671875 0.25830078125
-0.518096923828125 -0.15667724609375 0.165298461914062 -0.00778198242187501
-0.4912109375 0.1004638671875 0.0285720825195312 -0.0286788940429687
-0.327728271484375 0.324676513671875 -0.0630111694335938 0.0527420043945313
-0.01812744140625 0.40020751953125 0.02606201171875 0.145736694335938
0.206024169921875 0.294921875 0.102790832519531 0.1363525390625
0.36474609375 0.09381103515625 0.21929931640625 0.05487060546875
0.360687255859375 -0.062896728515625 0.245376586914063 -0.04388427734375
0.33795166015625 -0.04315185546875 0.200973510742188 -0.0667724609375
0.38458251953125 -0.03924560546875 0.175537109375 -0.0391998291015625
0.370849609375 0.1114501953125 0.161483764648438 -0.023529052734375
0.22259521484375 0.3153076171875 0.0624427795410156 -0.034423828125
-0.01953125 0.388336181640625 0.0666732788085938 -0.0704574584960937
-0.359893798828125 0.246673583984375 0.207183837890625 -0.157669067382812
-0.501495361328125 0.0403442382812499 0.41790771484375 -0.0931396484375
-0.45599365234375 -0.15301513671875 0.58929443359375 0.19549560546875
-0.63836669921875 -0.14263916015625 0.00315475463867183 -0.0654296875
-0.57952880859375 0.14532470703125 -0.0709152221679688 -0.01904296875
-0.3922119140625 0.4002685546875 -0.07318115234375 0.0530853271484375
-0.0349426269531251 0.494232177734375 0.00482177734374999 0.0958175659179688
0.236236572265625 0.36700439453125 0.0279541015625 0.0865097045898438
0.43450927734375 0.1383056640625 0.10003662109375 0.0521392822265625
0.430572509765625 -0.045654296875 0.113449096679688 0.00211334228515625
0.402252197265625 -0.02655029296875 0.07708740234375 -0.0074615478515625
0.4573974609375 -0.025299072265625 0.046905517578125 0.0108642578125
0.441131591796875 0.142303466796875 0.0355415344238282 -0.0236015319824219
0.27484130859375 0.38641357421875 -0.03936767578125 -0.07342529296875
9.15527343750134E-05 0.4835205078125 0.0150833129882812 -0.124649047851562
-0.4344482421875 0.341094970703125 0.175552368164062 -0.187835693359375
-0.6279296875 0.10760498046875 0.331207275390625 -0.086212158203125
-0.59625244140625 -0.14495849609375 0.431854248046875 0.12158203125
-0.6644287109375 -0.0978393554687501 -0.1839599609375 -0.125930786132813
-0.58392333984375 0.18414306640625 -0.18267822265625 -0.00276184082031253
-0.381744384765625 0.427276611328125 -0.0880279541015625 0.056182861328125
-0.027191162109375 0.51544189453125 -0.0249443054199219 0.0372962951660157
0.2381591796875 0.377685546875 -0.0574836730957031 0.0301551818847656
0.444091796875 0.155242919921875 -0.03570556640625 0.0445785522460938
0.43817138671875 -0.023345947265625 -0.0341567993164062 0.0470657348632813
0.40728759765625 -0.006378173828125 -0.0537567138671875 0.0529594421386719
0.4656982421875 -0.00567626953125 -0.0927505493164062 0.0593490600585937
0.439544677734375 0.1561279296875 -0.105613708496094 -0.0203475952148438
0.2747802734375 0.399383544921875 -0.145660400390625 -0.104385375976562
0.00473022460937505 0.49615478515625 -0.0451507568359375 -0.163833618164062
-0.44415283203125 0.36517333984375 0.125335693359375 -0.190399169921875
-0.65130615234375 0.14129638671875 0.2032470703125 -0.05743408203125
-0.634033203125 -0.12225341796875 0.225692749023437 0.051727294921875
-0.59332275390625 -0.0370483398437501 -0.37005615234375 -0.17645263671875
-0.49615478515625 0.195159912109375 -0.289459228515625 0.0141906738281251
-0.30670166015625 0.384368896484375 -0.104194641113281 0.0564117431640625
-0.016998291015625 0.443939208984375 -0.0623092651367188 -0.0178871154785156
0.20233154296875 0.3216552734375 -0.136093139648438 -0.02032470703125
0.3807373046875 0.1429443359375 -0.162673950195312 0.036529541015625
0.377685546875 -0.000274658203125 -0.176925659179688 0.0858306884765625
0.34954833984375 0.01214599609375 -0.178298950195313 0.103958129882812
0.4010009765625 0.019775390625 -0.22283935546875 0.0991058349609375
0.363525390625 0.154693603515625 -0.23565673828125 -0.0156097412109374
0.21136474609375 0.35113525390625 -0.230270385742187 -0.126174926757813
-0.0133056640625 0.41375732421875 -0.0909881591796875 -0.188446044921875
-0.3876953125 0.296844482421875 0.0735931396484375 -0.169113159179687
-0.5567626953125 0.11932373046875 0.0686149597167968 -0.0188255310058594
-0.56103515625 -0.0982971191406251 0.0121135711669922 -0.0167303085327149
-0.43316650390625 0.029296875 -0.52825927734375 -0.21466064453125
-0.33367919921875 0.172943115234375 -0.378082275390625 0.0248718261718751
-0.1802978515625 0.2757568359375 -0.119255065917969 0.0584487915039063
6.10351562500263E-05 0.293243408203125 -0.0948104858398437 -0.0529861450195312
0.1326904296875 0.20758056640625 -0.187301635742187 -0.057464599609375
0.2562255859375 0.106292724609375 -0.256256103515625 0.0251007080078125
0.2572021484375 0.022125244140625 -0.28607177734375 0.110748291015625
0.240707397460938 0.0296478271484375 -0.278213500976563 0.13787841796875
0.275405883789063 0.044586181640625 -0.319610595703125 0.11602783203125
0.229080200195312 0.136550903320312 -0.327178955078125 -0.018768310546875
0.106887817382813 0.252960205078125 -0.27203369140625 -0.14434814453125
-0.04400634765625 0.257583618164063 -0.109710693359375 -0.201828002929687
-0.271331787109375 0.160873413085938 0.037628173828125 -0.136062622070313
-0.36810302734375 0.0654907226562499 -0.0412178039550781 0.00836563110351563
-0.388519287109375 -0.059112548828125 -0.167816162109375 -0.079681396484375
-0.210479736328125 0.09283447265625 -0.63623046875 -0.23431396484375
-0.132621765136719 0.131492614746094 -0.439788818359375 0.035125732421875
-0.0281448364257812 0.137916564941406 -0.132255554199219 0.0709686279296875
0.0202484130859375 0.106147766113281 -0.112960815429688 -0.0582199096679687
0.0481109619140625 0.0636062622070313 -0.198867797851563 -0.0687103271484375
0.0944290161132812 0.0509109497070313 -0.298492431640625 0.018890380859375
0.0971755981445313 0.0388031005859375 -0.346099853515625 0.1204833984375
0.0925140380859375 0.043212890625 -0.332611083984375 0.1514892578125
0.108901977539063 0.0603256225585938 -0.37432861328125 0.11297607421875
0.0659103393554688 0.097198486328125 -0.374176025390625 -0.030914306640625
-0.00724792480468749 0.121383666992188 -0.27362060546875 -0.15814208984375
-0.0625762939453125 0.0756149291992187 -0.102203369140625 -0.202301025390625
-0.116172790527344 0.0155410766601563 0.0235214233398437 -0.103981018066406
-0.12884521484375 0.0123672485351563 -0.106826782226563 0.0217056274414063
-0.161544799804688 -0.00650024414062503 -0.284637451171875 -0.123992919921875
-0.0816574096679687 -0.08404541015625 0.343841552734375 0.044891357421875
-0.125038146972656 0.0388946533203125 0.132499694824219 -0.0421829223632813
-0.0481719970703125 0.118400573730469 -0.0421257019042969 0.0678329467773438
0.058624267578125 0.0873565673828125 0.072174072265625 0.203933715820313
0.100914001464844 0.036834716796875 0.2244873046875 0.166748046875
0.0912094116210938 -0.0420913696289063 0.358367919921875 0.012603759765625
0.0735855102539063 -0.0797348022460938 0.384765625 -0.1351318359375
0.064544677734375 -0.0611648559570312 0.331085205078125 -0.164886474609375
0.06951904296875 -0.0618438720703125 0.322479248046875 -0.1248779296875
0.08648681640625 -0.0026092529296875 0.3038330078125 -0.02606201171875
0.0516929626464844 0.0586051940917969 0.194931030273438 0.0268096923828125
-0.0262908935546875 0.0780105590820312 0.123771667480469 0.0153732299804688
-0.0863800048828125 0.00603485107421876 0.197738647460938 -0.0828857421875
-0.0813827514648437 -0.0788497924804688 0.45123291015625 -0.082611083984375
-0.013031005859375 -0.0972976684570313 0.69854736328125 0.26019287109375
-0.3272705078125 -0.12054443359375 0.29632568359375 0.031158447265625
-0.32220458984375 0.0814208984374999 0.105682373046875 -0.0356597900390625
-0.192337036132813 0.236709594726563 -0.0483283996582031 0.0566978454589844
0.0297393798828125 0.25689697265625 0.05169677734375 0.177215576171875
0.170684814453125 0.168182373046875 0.172164916992188 0.15667724609375
0.243545532226563 0.015594482421875 0.311309814453125 0.030487060546875
0.2314453125 -0.0868377685546875 0.339141845703125 -0.104461669921875
0.215194702148438 -0.06634521484375 0.284912109375 -0.1309814453125
0.2457275390625 -0.066314697265625 0.275482177734375 -0.0946502685546875
0.247451782226562 0.0460968017578125 0.25518798828125 -0.0286865234375
0.155288696289063 0.191909790039063 0.144729614257813 0.000991821289062512
-0.0174560546875 0.247299194335938 0.101165771484375 -0.022369384765625
-0.230194091796875 0.138900756835938 0.20355224609375 -0.123397827148437
-0.3067626953125 -0.00921630859374997 0.452392578125 -0.10107421875
-0.254470825195313 -0.121566772460938 0.68609619140625 0.22479248046875
-0.5230712890625 -0.129150390625 0.177658081054687 -0.00970458984375001
-0.47772216796875 0.127410888671875 0.037109375 -0.0268669128417969
-0.308685302734375 0.33935546875 -0.0574417114257813 0.0541877746582031
0.00308227539062497 0.401153564453125 0.0348052978515625 0.142669677734375
0.2220458984375 0.28326416015625 0.110137939453125 0.130393981933594
0.36932373046875 0.0712890625 0.21990966796875 0.04229736328125
0.357086181640625 -0.081756591796875 0.246017456054688 -0.06036376953125
0.334869384765625 -0.063323974609375 0.200164794921875 -0.080169677734375
0.381500244140625 -0.064697265625 0.179641723632813 -0.0490264892578125
0.37347412109375 0.08453369140625 0.1595458984375 -0.030548095703125
0.2431640625 0.3028564453125 0.0598335266113281 -0.0351829528808594
0.00598144531249999 0.3912353515625 0.0660552978515625 -0.0688972473144531
-0.3472900390625 0.270263671875 0.194290161132812 -0.164718627929687
-0.498565673828125 0.073974609375 0.414886474609375 -0.112579345703125
-0.469085693359375 -0.12744140625 0.59881591796875 0.16802978515625
-0.6429443359375 -0.10845947265625 0.0132369995117187 -0.0583000183105469
-0.5662841796875 0.17889404296875 -0.063018798828125 -0.00853729248046874
-0.367828369140625 0.418121337890625 -0.0677146911621094 0.0568962097167969
-0.00433349609374998 0.496124267578125 0.0124130249023437 0.0931625366210938
0.256439208984375 0.352203369140625 0.0341567993164063 0.0848236083984375
0.44134521484375 0.11083984375 0.10479736328125 0.045013427734375
0.42889404296875 -0.069366455078125 0.118553161621094 -0.0046234130859375
0.403289794921875 -0.0504150390625 0.0834274291992188 -0.013153076171875
0.459259033203125 -0.053009033203125 0.0544815063476563 0.00862884521484375
0.447174072265625 0.115386962890625 0.0336151123046875 -0.0244731903076172
0.300445556640625 0.36895751953125 -0.0417518615722656 -0.0659942626953125
0.0308837890625 0.486419677734375 0.0120620727539063 -0.117820739746094
-0.417388916015625 0.36676025390625 0.163818359375 -0.191680908203125
-0.6192626953125 0.14495849609375 0.32318115234375 -0.099822998046875
-0.60675048828125 -0.114501953125 0.433929443359375 0.105377197265625
-0.67242431640625 -0.0639038085937499 -0.177688598632813 -0.112686157226562
-0.57464599609375 0.214111328125 -0.175201416015625 0.0157470703125
-0.35986328125 0.446014404296875 -0.0810394287109375 0.0615310668945313
0.00271606445312503 0.51922607421875 -0.0201568603515625 0.0362586975097657
0.261810302734375 0.365875244140625 -0.0525169372558593 0.0320892333984375
0.4554443359375 0.128204345703125 -0.0306129455566406 0.0464401245117188
0.4400634765625 -0.050750732421875 -0.029541015625 0.0480270385742187
0.409149169921875 -0.033294677734375 -0.0463104248046875 0.0521888732910156
0.466033935546875 -0.03643798828125 -0.0833892822265625 0.064483642578125
0.449676513671875 0.125732421875 -0.104507446289062 -0.0146942138671875
0.302093505859375 0.38507080078125 -0.148956298828125 -0.0910186767578125
0.034423828125 0.4954833984375 -0.0502471923828125 -0.153488159179687
-0.427734375 0.394439697265625 0.115341186523437 -0.192153930664062
-0.64300537109375 0.1776123046875 0.196807861328125 -0.0611419677734375
-0.64251708984375 -0.0956420898437501 0.222869873046875 0.04486083984375
-0.5986328125 -0.0056762695312501 -0.3704833984375 -0.150360107421875
-0.49066162109375 0.2197265625 -0.282440185546875 0.037872314453125
-0.290313720703125 0.401580810546875 -0.0937728881835938 0.0635986328125
0.01220703125 0.45050048828125 -0.0607795715332031 -0.0109405517578125
0.221343994140625 0.3145751953125 -0.134742736816406 -0.0145492553710937
0.392852783203125 0.118988037109375 -0.158203125 0.044281005859375
0.378936767578125 -0.023956298828125 -0.166580200195312 0.0950469970703125
0.354034423828125 -0.0093994140625 -0.16851806640625 0.112060546875
0.4036865234375 -0.004058837890625 -0.20989990234375 0.10943603515625
0.3758544921875 0.13031005859375 -0.233718872070312 -0.00221252441406246
0.237579345703125 0.340728759765625 -0.231307983398438 -0.108871459960937
0.011199951171875 0.4190673828125 -0.0999298095703125 -0.179229736328125
-0.373321533203125 0.321868896484375 0.0665283203125 -0.169265747070312
-0.5509033203125 0.152496337890625 0.0653266906738281 -0.0186729431152344
-0.5706787109375 -0.0737915039062499 0.0028276443481445 -0.0152511596679688
-0.433929443359375 0.045745849609375 -0.536285400390625 -0.181732177734375
-0.330230712890625 0.187408447265625 -0.373626708984375 0.052978515625
-0.168701171875 0.2880859375 -0.114875793457031 0.0685272216796875
0.016693115234375 0.29925537109375 -0.095367431640625 -0.0464248657226562
0.146865844726563 0.202926635742188 -0.187942504882813 -0.048492431640625
0.267562866210938 0.08880615234375 -0.251373291015625 0.0413208007812501
0.263671875 0.004852294921875 -0.276702880859375 0.12579345703125
0.247726440429688 0.0129547119140625 -0.264816284179687 0.15155029296875
0.281341552734375 0.028656005859375 -0.3084716796875 0.13507080078125
0.238922119140625 0.119918823242188 -0.322540283203125 0.00119018554687495
0.124160766601562 0.2470703125 -0.279083251953125 -0.125564575195313
-0.0287628173828125 0.264617919921875 -0.119415283203125 -0.188278198242187
-0.264419555664063 0.1790771484375 0.03167724609375 -0.136604309082031
-0.3697509765625 0.0851135253906249 -0.04364013671875 0.013946533203125
-0.3990478515625 -0.049224853515625 -0.183395385742188 -0.06658935546875
-0.2110595703125 0.0980072021484375 -0.6488037109375 -0.19659423828125
-0.132164001464844 0.131950378417969 -0.443450927734375 0.063262939453125
-0.0254974365234375 0.137802124023438 -0.126350402832031 0.0798110961914063
0.0276641845703125 0.108329772949219 -0.11419677734375 -0.051788330078125
0.0515403747558594 0.0648612976074219 -0.201629638671875 -0.0580596923828125
0.102188110351562 0.0467987060546875 -0.294403076171875 0.03656005859375
0.104957580566406 0.030120849609375 -0.336517333984375 0.14117431640625
0.0994186401367187 0.0343856811523437 -0.323638916015625 0.16937255859375
0.116264343261719 0.0528945922851563 -0.36346435546875 0.132843017578125
0.0752487182617188 0.0928573608398437 -0.37200927734375 -0.00711059570312492
0.00144958496093751 0.12347412109375 -0.280563354492187 -0.139495849609375
-0.0581283569335938 0.0829238891601563 -0.113128662109375 -0.192352294921875
-0.118919372558594 0.0252151489257812 0.016571044921875 -0.103607177734375
-0.132308959960938 0.0171661376953125 -0.110206604003906 0.0293197631835937
-0.165695190429688 -0.00582885742187497 -0.303985595703125 -0.105560302734375
-0.0788497924804688 -0.079559326171875 0.35430908203125 0.0328369140625
-0.116378784179688 0.041961669921875 0.137168884277344 -0.0463790893554688
-0.0411224365234375 0.114814758300781 -0.0386161804199219 0.0666007995605469
0.0594253540039063 0.082183837890625 0.0772857666015625 0.197250366210938
0.09814453125 0.030548095703125 0.225784301757813 0.158248901367188
0.0858993530273438 -0.0445709228515625 0.35430908203125 -6.10351562500027E-05
0.0675506591796875 -0.0807571411132813 0.37738037109375 -0.14923095703125
0.0572280883789062 -0.0623588562011719 0.32208251953125 -0.17315673828125
0.0630416870117188 -0.0637588500976563 0.31787109375 -0.134033203125
0.0837173461914062 -0.00801849365234375 0.30194091796875 -0.035919189453125
0.0514945983886719 0.0537567138671875 0.195205688476563 0.02093505859375
-0.0212936401367187 0.0778427124023438 0.124626159667969 0.0116958618164063
-0.0806961059570312 0.0100631713867187 0.192581176757813 -0.0875396728515625
-0.0817413330078125 -0.0702056884765625 0.444915771484375 -0.094512939453125
-0.0124893188476563 -0.0890960693359375 0.70367431640625 0.23614501953125
-0.326690673828125 -0.106231689453125 0.308441162109375 0.022430419921875
-0.309539794921875 0.092803955078125 0.112396240234375 -0.0371856689453125
-0.180923461914063 0.238494873046875 -0.0430068969726563 0.0558700561523438
0.0364990234375 0.250274658203125 0.059173583984375 0.172653198242188
0.171630859375 0.159713745117188 0.17681884765625 0.1497802734375
0.241867065429687 0.00567626953125 0.308135986328125 0.02093505859375
0.225494384765625 -0.0951690673828125 0.333770751953125 -0.114532470703125
0.209304809570313 -0.07403564453125 0.283477783203125 -0.14117431640625
0.236129760742188 -0.075958251953125 0.270538330078125 -0.102081298828125
0.244430541992187 0.032745361328125 0.252243041992188 -0.0376129150390625
0.16241455078125 0.18487548828125 0.1412353515625 -0.00219726562499999
-0.00425720214843748 0.245819091796875 0.102371215820313 -0.0223236083984375
-0.222244262695313 0.147796630859375 0.196640014648438 -0.126708984375
-0.30438232421875 0.00717163085937501 0.44732666015625 -0.110137939453125
-0.25897216796875 -0.107925415039062 0.68963623046875 0.2017822265625
-0.524169921875 -0.10858154296875 0.192306518554687 -0.01220703125
-0.465423583984375 0.14385986328125 0.0441131591796875 -0.0243072509765625
-0.2930908203125 0.345428466796875 -0.0518379211425781 0.0537109375
0.017242431640625 0.396575927734375 0.0417327880859375 0.138114929199219
0.229339599609375 0.270706176757813 0.116096496582031 0.12152099609375
0.368804931640625 0.054840087890625 0.224456787109375 0.035003662109375
0.350738525390625 -0.096923828125 0.245040893554688 -0.067535400390625
0.32806396484375 -0.0760498046875 0.199005126953125 -0.0876617431640625
0.372589111328125 -0.080291748046875 0.179885864257813 -0.053375244140625
0.37335205078125 0.0662841796875 0.1597900390625 -0.0370025634765625
0.2568359375 0.28961181640625 0.0582695007324219 -0.0333251953125
0.0230712890625 0.39111328125 0.0651969909667969 -0.0687484741210937
-0.33551025390625 0.282073974609375 0.187576293945312 -0.16693115234375
-0.491607666015625 0.0939941406250001 0.406097412109375 -0.116943359375
-0.470794677734375 -0.109161376953125 0.5965576171875 0.15045166015625
-0.64373779296875 -0.0887451171875 0.0255355834960937 -0.0556678771972656
-0.55633544921875 0.192657470703125 -0.0516548156738282 -0.00439453124999999
-0.35321044921875 0.428070068359375 -0.0604743957519532 0.0593528747558594
0.01495361328125 0.497833251953125 0.0172576904296875 0.0914688110351563
0.268402099609375 0.34246826171875 0.0367355346679688 0.08203125
0.4464111328125 0.0899658203125 0.109840393066406 0.0425949096679688
0.425323486328125 -0.08917236328125 0.12054443359375 -0.0114364624023438
0.399200439453125 -0.065582275390625 0.0858078002929688 -0.0203704833984375
0.45208740234375 -0.073150634765625 0.0585212707519532 0.00665664672851562
0.448089599609375 0.09149169921875 0.0356864929199219 -0.0270576477050781
0.31634521484375 0.355316162109375 -0.0441856384277344 -0.0613021850585937
0.049224853515625 0.48388671875 0.0113067626953125 -0.113380432128906
-0.401580810546875 0.385589599609375 0.156906127929687 -0.190139770507812
-0.6123046875 0.16839599609375 0.315887451171875 -0.101165771484375
-0.6104736328125 -0.0951538085937499 0.430328369140625 0.093994140625
-0.6705322265625 -0.0426635742187501 -0.169143676757813 -0.099945068359375
-0.56475830078125 0.2301025390625 -0.16326904296875 0.0239410400390625
-0.34356689453125 0.4578857421875 -0.073089599609375 0.0657424926757813
0.023406982421875 0.52093505859375 -0.0162277221679687 0.0387763977050782
0.27447509765625 0.354217529296875 -0.0500564575195312 0.0327873229980469
0.460235595703125 0.10638427734375 -0.0212974548339844 0.0470848083496094
0.4364013671875 -0.06805419921875 -0.0209083557128906 0.0475425720214844
0.406494140625 -0.047637939453125 -0.0407371520996093 0.0491485595703125
0.46490478515625 -0.05352783203125 -0.074920654296875 0.0675125122070312
0.45074462890625 0.104827880859375 -0.102142333984375 -0.010772705078125
0.3201904296875 0.37127685546875 -0.148971557617187 -0.08203125
0.0543212890625 0.497467041015625 -0.049835205078125 -0.14837646484375
-0.412628173828125 0.408660888671875 0.108810424804687 -0.19085693359375
-0.6318359375 0.19921875 0.191574096679687 -0.0625
-0.64794921875 -0.0799560546874999 0.215927124023437 0.0400390625
-0.597900390625 0.00787353515625004 -0.36663818359375 -0.134857177734375
-0.481781005859375 0.233428955078125 -0.2734375 0.0501251220703125
-0.275848388671875 0.41217041015625 -0.0899200439453125 0.06988525390625
0.03106689453125 0.453155517578125 -0.0583419799804688 -0.0108108520507812
0.2362060546875 0.307037353515625 -0.131996154785156 -0.00897979736328122
0.3992919921875 0.101959228515625 -0.14678955078125 0.0501861572265625
0.3800048828125 -0.039581298828125 -0.159210205078125 0.0988616943359375
0.354888916015625 -0.0233154296875 -0.162521362304688 0.111404418945312
0.4061279296875 -0.02325439453125 -0.200027465820313 0.116485595703125
0.378692626953125 0.114532470703125 -0.226837158203125 0.00531005859375002
0.25396728515625 0.33203125 -0.2335205078125 -0.097137451171875
0.0263671875 0.419525146484375 -0.0991973876953125 -0.169677734375
-0.364013671875 0.3343505859375 0.0619049072265625 -0.16510009765625
-0.543060302734375 0.1663818359375 0.0609245300292968 -0.0161895751953125
-0.57305908203125 -0.06292724609375 -0.00461196899414066 -0.0106306076049805
-0.436431884765625 0.0562133789062499 -0.534332275390625 -0.1597900390625
-0.32928466796875 0.194793701171875 -0.366302490234375 0.0675659179687501
-0.163360595703125 0.293853759765625 -0.104682922363281 0.0733718872070313
0.029754638671875 0.303680419921875 -0.0953826904296875 -0.0424880981445312
0.155532836914063 0.201919555664063 -0.187271118164063 -0.040771484375
0.274612426757813 0.0782928466796875 -0.242477416992187 0.0480194091796875
0.265609741210938 -0.006195068359375 -0.267730712890625 0.134689331054688
0.249313354492187 0.0040283203125 -0.257659912109375 0.15478515625
0.285736083984375 0.014739990234375 -0.298553466796875 0.143463134765625
0.246261596679687 0.110244750976562 -0.31884765625 0.00979614257812502
0.137344360351563 0.24444580078125 -0.277252197265625 -0.112960815429687
-0.020233154296875 0.267654418945312 -0.120712280273437 -0.180770874023437
-0.260726928710938 0.190093994140625 0.0283279418945312 -0.132156372070313
-0.364166259765625 0.0947875976562499 -0.0459403991699219 0.0183067321777344
-0.402435302734375 -0.04278564453125 -0.190963745117188 -0.0576324462890625
-0.208694458007813 0.0986785888671875 -0.6522216796875 -0.17266845703125
-0.134620666503906 0.133209228515625 -0.4339599609375 0.0785522460937501
-0.0267333984375 0.139533996582031 -0.121299743652344 0.0865859985351563
0.0317230224609375 0.115135192871094 -0.113166809082031 -0.0454483032226562
0.0560073852539062 0.0686149597167969 -0.201248168945313 -0.0518646240234375
0.106956481933594 0.0430526733398438 -0.289947509765625 0.0418701171875
0.108871459960938 0.0258255004882813 -0.330291748046875 0.1505126953125
0.104698181152344 0.0321502685546875 -0.314422607421875 0.17559814453125
0.12286376953125 0.0487136840820312 -0.356414794921875 0.145843505859375
0.0833358764648437 0.0883560180664063 -0.365753173828125 0.00366210937500002
0.0113677978515625 0.126174926757813 -0.27984619140625 -0.127685546875
-0.0563201904296875 0.090301513671875 -0.116470336914063 -0.18377685546875
-0.120452880859375 0.0328903198242188 0.0146560668945312 -0.101982116699219
-0.135116577148438 0.0207672119140625 -0.111648559570313 0.0333709716796875
-0.172042846679688 -0.00912475585937498 -0.31329345703125 -0.0938720703124999
-0.07733154296875 -0.0767822265625 0.367950439453125 0.0264892578125
-0.109016418457031 0.0435562133789063 0.14471435546875 -0.050140380859375
-0.0365371704101563 0.113059997558594 -0.0375289916992188 0.0650634765625
0.0585708618164063 0.0787200927734375 0.0802764892578125 0.194076538085937
0.09674072265625 0.0264434814453125 0.228012084960938 0.154251098632813
0.0831069946289063 -0.0474472045898438 0.354644775390625 -0.00531005859375
0.0633163452148438 -0.082794189453125 0.37652587890625 -0.15704345703125
0.0521087646484375 -0.0644645690917969 0.323516845703125 -0.179962158203125
0.0561676025390625 -0.0657005310058594 0.318389892578125 -0.14019775390625
0.079437255859375 -0.0134963989257813 0.3021240234375 -0.041351318359375
0.0525856018066406 0.0502967834472656 0.196792602539063 0.019073486328125
-0.0173187255859375 0.0765151977539063 0.125419616699219 0.00954437255859376
-0.0787353515625 0.0109176635742187 0.189376831054688 -0.09027099609375
-0.08184814453125 -0.063568115234375 0.448760986328125 -0.10113525390625
-0.0110015869140625 -0.0835647583007812 0.71142578125 0.22503662109375
-0.326812744140625 -0.098876953125 0.322021484375 0.01837158203125
-0.3043212890625 0.09710693359375 0.12091064453125 -0.0389404296875
-0.176712036132813 0.2392578125 -0.0420417785644532 0.0545921325683594
0.03973388671875 0.249862670898437 0.0617828369140625 0.170745849609375
0.173919677734375 0.156387329101563 0.179580688476563 0.146209716796875
0.242019653320313 0.0003662109375 0.310028076171875 0.015899658203125
0.223495483398438 -0.100311279296875 0.335723876953125 -0.12200927734375
0.206100463867188 -0.0787353515625 0.284149169921875 -0.148223876953125
0.232528686523438 -0.083343505859375 0.2740478515625 -0.107818603515625
0.244171142578125 0.0247039794921875 0.252914428710938 -0.04229736328125
0.168380737304687 0.179428100585938 0.141937255859375 -0.00271606445312499
0.00436401367187503 0.24798583984375 0.105110168457031 -0.023162841796875
-0.220001220703125 0.154922485351563 0.194992065429687 -0.128463745117188
-0.305328369140625 0.01763916015625 0.451385498046875 -0.1151123046875
-0.261810302734375 -0.10101318359375 0.69903564453125 0.19488525390625
-0.5281982421875 -0.100433349609375 0.205825805664063 -0.01318359375
-0.461334228515625 0.149871826171875 0.0544662475585937 -0.0247802734375
-0.2877197265625 0.350677490234375 -0.0485610961914063 0.0550651550292969
0.02569580078125 0.39703369140625 0.0436553955078125 0.136116027832031
0.236175537109375 0.267364501953125 0.117431640625 0.120323181152344
0.371551513671875 0.045074462890625 0.228607177734375 0.03033447265625
0.3514404296875 -0.105804443359375 0.247467041015625 -0.0738983154296875
0.328582763671875 -0.083343505859375 0.200912475585938 -0.0949554443359375
0.371795654296875 -0.091522216796875 0.18426513671875 -0.0572052001953125
0.376495361328125 0.05535888671875 0.159942626953125 -0.0399932861328125
0.267669677734375 0.28424072265625 0.0592689514160156 -0.0308876037597656
0.0340576171875 0.3941650390625 0.0675849914550781 -0.0682182312011718
-0.332061767578125 0.292694091796875 0.18548583984375 -0.167587280273437
-0.49298095703125 0.10675048828125 0.407196044921875 -0.11956787109375
-0.477294921875 -0.10028076171875 0.60430908203125 0.1451416015625
-0.64923095703125 -0.0781860351562499 0.0370903015136718 -0.0541610717773438
-0.5533447265625 0.20135498046875 -0.0425949096679688 -0.0013923645019531
-0.34674072265625 0.43634033203125 -0.0569496154785157 0.0602760314941406
0.0267333984375 0.499542236328125 0.0199203491210938 0.0905532836914063
0.277801513671875 0.33892822265625 0.0399093627929688 0.0797348022460938
0.451324462890625 0.078521728515625 0.115585327148438 0.04022216796875
0.428070068359375 -0.099365234375 0.123779296875 -0.0156707763671875
0.399322509765625 -0.075897216796875 0.0883102416992188 -0.0260467529296875
0.4542236328125 -0.08526611328125 0.0639419555664063 0.00443267822265624
0.451812744140625 0.07830810546875 0.0366287231445313 -0.0283660888671875
0.329864501953125 0.350341796875 -0.0440216064453125 -0.05694580078125
0.061431884765625 0.4888916015625 0.0133590698242187 -0.111946105957031
-0.399810791015625 0.397369384765625 0.15374755859375 -0.191696166992187
-0.61346435546875 0.1824951171875 0.317535400390625 -0.101043701171875
-0.61834716796875 -0.0869140624999999 0.433258056640625 0.092529296875
-0.67620849609375 -0.03515625 -0.16143798828125 -0.0953521728515625
-0.5645751953125 0.23870849609375 -0.154937744140625 0.0285797119140625
-0.341156005859375 0.468780517578125 -0.0690574645996094 0.0673599243164063
0.037689208984375 0.52667236328125 -0.0149459838867188 0.038848876953125
0.28607177734375 0.3548583984375 -0.0480995178222656 0.0333747863769532
0.46685791015625 0.093536376953125 -0.0156440734863281 0.0468215942382813
0.4407958984375 -0.079986572265625 -0.0181198120117187 0.0450210571289062
0.411834716796875 -0.05804443359375 -0.0376091003417969 0.0456962585449219
0.46820068359375 -0.067413330078125 -0.0682601928710937 0.0679550170898438
0.45648193359375 0.09490966796875 -0.100624084472656 -0.00919342041015622
0.333770751953125 0.366973876953125 -0.150405883789062 -0.07562255859375
0.066009521484375 0.502166748046875 -0.0481109619140625 -0.145599365234375
-0.409423828125 0.4200439453125 0.108642578125 -0.189346313476563
-0.63470458984375 0.21160888671875 0.192291259765625 -0.0608062744140625
-0.65655517578125 -0.0729370117187502 0.214706420898437 0.0425262451171875
-0.60443115234375 0.0145263671874999 -0.362030029296875 -0.12713623046875
-0.487030029296875 0.240386962890625 -0.267868041992188 0.058013916015625
-0.273468017578125 0.42144775390625 -0.0853195190429688 0.0726089477539063
0.0433349609375 0.4598388671875 -0.0569953918457031 -0.00928115844726561
0.24609375 0.307403564453125 -0.130729675292969 -0.00817108154296872
0.408538818359375 0.091278076171875 -0.141876220703125 0.052093505859375
0.38580322265625 -0.051025390625 -0.15484619140625 0.100662231445313
0.3603515625 -0.03302001953125 -0.157623291015625 0.109893798828125
0.41119384765625 -0.0338134765625 -0.193954467773438 0.119064331054687
0.385284423828125 0.10394287109375 -0.22601318359375 0.00828552246093755
0.265167236328125 0.329742431640625 -0.234817504882813 -0.0910491943359375
0.035400390625 0.424102783203125 -0.0978546142578125 -0.165924072265625
-0.3623046875 0.34521484375 0.0604095458984375 -0.16455078125
-0.5460205078125 0.177032470703125 0.0597763061523437 -0.012451171875
-0.583984375 -0.05975341796875 -0.0102787017822266 -0.00459861755371094
-0.44091796875 0.05975341796875 -0.536407470703125 -0.151031494140625
-0.335479736328125 0.19989013671875 -0.364959716796875 0.0773620605468751
-0.164642333984375 0.300262451171875 -0.102798461914063 0.076568603515625
0.0394287109375 0.31146240234375 -0.0942230224609375 -0.039642333984375
0.163436889648438 0.204681396484375 -0.186996459960937 -0.0372772216796875
0.281951904296875 0.070953369140625 -0.23919677734375 0.0514678955078125
0.270477294921875 -0.0144195556640625 -0.26544189453125 0.139938354492188
0.25506591796875 -0.0005340576171875 -0.256011962890625 0.156936645507813
0.292510986328125 0.00689697265625 -0.293426513671875 0.148223876953125
0.253189086914063 0.10369873046875 -0.317352294921875 0.01531982421875
0.147079467773438 0.244277954101562 -0.279708862304688 -0.106201171875
-0.0141143798828125 0.274520874023438 -0.121963500976562 -0.176513671875
-0.262527465820313 0.198272705078125 0.0282440185546875 -0.131401062011719
-0.367401123046875 0.10040283203125 -0.0491561889648438 0.02166748046875
-0.41131591796875 -0.042327880859375 -0.200592041015625 -0.050323486328125
-0.210617065429688 0.096160888671875 -0.6590576171875 -0.161376953125
-0.1405029296875 0.133331298828125 -0.4342041015625 0.0889892578125001
-0.0290985107421875 0.141387939453125 -0.117080688476562 0.08880615234375
0.0346527099609375 0.1204833984375 -0.114112854003906 -0.0428848266601563
0.059814453125 0.072357177734375 -0.202316284179688 -0.0497589111328125
0.11175537109375 0.0389862060546875 -0.288421630859375 0.04669189453125
0.112930297851563 0.0221786499023438 -0.3304443359375 0.15771484375
0.110198974609375 0.0291061401367188 -0.31396484375 0.1790771484375
0.130058288574219 0.043243408203125 -0.35357666015625 0.15167236328125
0.0891342163085938 0.0872268676757813 -0.36376953125 0.011322021484375
0.0176315307617188 0.128684997558594 -0.281707763671875 -0.122283935546875
-0.053955078125 0.0952987670898438 -0.118453979492187 -0.180984497070313
-0.123764038085937 0.037567138671875 0.0150222778320312 -0.101943969726563
-0.139434814453125 0.0215225219726563 -0.116561889648438 0.0361480712890625
-0.178985595703125 -0.01226806640625 -0.3251953125 -0.0856323242187499
-0.0779876708984375 -0.0758056640625 0.38775634765625 0.018798828125
-0.104324340820312 0.0462875366210938 0.154861450195313 -0.0553741455078125
-0.0328369140625 0.113662719726563 -0.0370445251464844 0.0655479431152344
0.0582122802734375 0.0764541625976563 0.083953857421875 0.1954345703125
0.09735107421875 0.0237197875976563 0.234970092773437 0.152236938476562
0.0816192626953125 -0.0507354736328125 0.360260009765625 -0.012054443359375
0.0604629516601563 -0.086944580078125 0.38214111328125 -0.16973876953125
0.0483207702636719 -0.0666542053222656 0.3287353515625 -0.19122314453125
0.0515708923339844 -0.0688705444335938 0.32598876953125 -0.14910888671875
0.0770721435546875 -0.01788330078125 0.309051513671875 -0.04742431640625
0.0544853210449219 0.0477752685546875 0.20111083984375 0.0164794921875
-0.0150985717773437 0.076568603515625 0.129615783691406 0.00768280029296875
-0.0784530639648438 0.0123367309570312 0.190597534179688 -0.0946807861328125
-0.0829391479492188 -0.0590286254882812 0.462127685546875 -0.111541748046875
-0.00927734375 -0.0802459716796875 0.73944091796875 0.21636962890625
-0.33544921875 -0.0945434570312501 0.3427734375 0.012908935546875
-0.302734375 0.1041259765625 0.132133483886719 -0.0422210693359375
-0.175140380859375 0.245590209960938 -0.0414619445800781 0.0553665161132813
0.045135498046875 0.252975463867188 0.0657958984375 0.17132568359375
0.18023681640625 0.15533447265625 0.184616088867188 0.146087646484375
0.245986938476563 -0.0080108642578125 0.3177490234375 0.010833740234375
0.225616455078125 -0.109130859375 0.342529296875 -0.134124755859375
0.206649780273438 -0.0863800048828125 0.290374755859375 -0.1595458984375
0.233352661132813 -0.0922698974609375 0.281707763671875 -0.116180419921875
0.24810791015625 0.0164794921875 0.2584228515625 -0.0479888916015625
0.178634643554688 0.177658081054688 0.145736694335938 -0.00364685058593749
0.0119476318359375 0.25360107421875 0.108627319335938 -0.0254440307617187
-0.221832275390625 0.1649169921875 0.195877075195313 -0.13421630859375
-0.311553955078125 0.0289306640625 0.46337890625 -0.124298095703125
-0.269882202148438 -0.0955047607421875 0.72259521484375 0.18743896484375
-0.542449951171875 -0.0937499999999999 0.223373413085937 -0.0168609619140625
-0.464569091796875 0.15936279296875 0.0648078918457031 -0.026092529296875
-0.288116455078125 0.363677978515625 -0.0474739074707032 0.0551681518554688
0.03594970703125 0.405548095703125 0.0479049682617188 0.137039184570313
0.247116088867187 0.268402099609375 0.121696472167969 0.120628356933594
0.381103515625 0.034454345703125 0.236236572265625 0.0261688232421875
0.358978271484375 -0.119354248046875 0.254104614257813 -0.083251953125
0.3338623046875 -0.094146728515625 0.205551147460938 -0.10406494140625
0.37811279296875 -0.1046142578125 0.191848754882813 -0.0626983642578125
0.3841552734375 0.0450439453125 0.163467407226563 -0.0441131591796875
0.28485107421875 0.28338623046875 0.0606231689453125 -0.0296363830566406
0.04638671875 0.404144287109375 0.0716781616210938 -0.0703353881835937
-0.336029052734375 0.3104248046875 0.186660766601562 -0.1729736328125
-0.50372314453125 0.123260498046875 0.419036865234375 -0.125701904296875
-0.492889404296875 -0.0925903320312501 0.62164306640625 0.140869140625
-0.66595458984375 -0.0690917968749999 0.0486412048339843 -0.0557785034179688
-0.56134033203125 0.215179443359375 -0.0341167449951172 -9.34600830078028E-05
-0.3504638671875 0.4522705078125 -0.0544357299804688 0.0620002746582032
0.039886474609375 0.51171875 0.02386474609375 0.0921401977539063
0.29351806640625 0.34228515625 0.0420989990234375 0.0809783935546875
0.46478271484375 0.066009521484375 0.122711181640625 0.0385055541992188
0.437713623046875 -0.114288330078125 0.129295349121094 -0.0199737548828125
0.4088134765625 -0.088653564453125 0.09185791015625 -0.0331802368164063
0.464385986328125 -0.1019287109375 0.0708770751953125 0.00238037109374999
0.46417236328125 0.06695556640625 0.0367889404296875 -0.0297622680664062
0.3504638671875 0.351043701171875 -0.0447463989257812 -0.053131103515625
0.0765380859375 0.50140380859375 0.0155410766601563 -0.114356994628906
-0.403533935546875 0.417327880859375 0.155532836914062 -0.196517944335937
-0.62445068359375 0.201904296875 0.324737548828125 -0.10406494140625
-0.63818359375 -0.0811767578125 0.4439697265625 0.092315673828125
-0.69659423828125 -0.0254516601562499 -0.158157348632813 -0.093231201171875
-0.57513427734375 0.25323486328125 -0.15020751953125 0.0322723388671875
-0.3427734375 0.48638916015625 -0.0663261413574219 0.0698204040527344
0.055328369140625 0.54034423828125 -0.0124969482421875 0.0402679443359375
0.3028564453125 0.358978271484375 -0.0486297607421875 0.0353164672851563
0.48223876953125 0.080780029296875 -0.0105819702148437 0.0462684631347656
0.4527587890625 -0.096038818359375 -0.0138282775878906 0.0451545715332031
0.422576904296875 -0.0711669921875 -0.0367050170898437 0.0425529479980469
0.4815673828125 -0.0821533203125 -0.0639190673828125 0.0691986083984375
0.470428466796875 0.08294677734375 -0.102546691894531 -0.00811767578125002
0.353607177734375 0.3680419921875 -0.1541748046875 -0.0715179443359375
0.0801696777343749 0.51654052734375 -0.0477752685546875 -0.14727783203125
-0.413848876953125 0.442657470703125 0.108383178710937 -0.1944580078125
-0.64630126953125 0.22955322265625 0.195938110351563 -0.0600433349609375
-0.679443359375 -0.0674438476562501 0.217437744140625 0.0453338623046875
-0.62274169921875 0.02264404296875 -0.3663330078125 -0.122161865234375
-0.4986572265625 0.254547119140625 -0.267730712890625 0.0662078857421876
-0.278045654296875 0.439544677734375 -0.082794189453125 0.0756378173828125
0.058441162109375 0.473968505859375 -0.0569076538085938 -0.00742721557617185
0.263153076171875 0.311767578125 -0.133644104003906 -0.00576019287109373
0.42333984375 0.079864501953125 -0.140037536621094 0.0533981323242188
0.3978271484375 -0.0650634765625 -0.15411376953125 0.10479736328125
0.372314453125 -0.044097900390625 -0.159713745117187 0.111709594726563
0.42498779296875 -0.046844482421875 -0.191864013671875 0.123565673828125
0.39794921875 0.0955810546875 -0.229873657226562 0.0124053955078125
0.2845458984375 0.330810546875 -0.240402221679688 -0.0856475830078125
0.0477294921875 0.436126708984375 -0.098876953125 -0.167312622070312
-0.366180419921875 0.365447998046875 0.060943603515625 -0.168228149414063
-0.557525634765625 0.190765380859375 0.0602455139160156 -0.00978469848632811
-0.60546875 -0.0555419921874999 -0.0144929885864258 0.00105667114257812
-0.45489501953125 0.0644531249999999 -0.550018310546875 -0.1435546875
-0.346954345703125 0.21124267578125 -0.37005615234375 0.0878601074218751
-0.1683349609375 0.312835693359375 -0.100807189941406 0.0815811157226563
0.050201416015625 0.32318115234375 -0.09588623046875 -0.0376739501953125
0.17584228515625 0.210174560546875 -0.191421508789063 -0.036041259765625
0.293243408203125 0.063812255859375 -0.240264892578125 0.055816650390625
0.279861450195312 -0.0243072509765625 -0.267608642578125 0.147705078125
0.265609741210938 -0.0091400146484375 -0.259490966796875 0.16265869140625
0.30377197265625 -0.00311279296875 -0.295013427734375 0.155914306640625
0.26519775390625 0.0983428955078125 -0.322265625 0.0213012695312499
0.161636352539063 0.247848510742188 -0.286590576171875 -0.1011962890625
-0.00711059570312497 0.28472900390625 -0.124221801757813 -0.17706298828125
-0.266921997070313 0.210845947265625 0.0272979736328125 -0.135154724121094
-0.37738037109375 0.10906982421875 -0.0526123046875 0.027313232421875
-0.42926025390625 -0.0422363281249999 -0.212127685546875 -0.042999267578125
-0.217239379882813 0.0971832275390625 -0.67974853515625 -0.1512451171875
-0.148757934570312 0.138198852539063 -0.444244384765625 0.101776123046875
-0.03204345703125 0.146377563476562 -0.116226196289062 0.0945587158203125
0.0398025512695313 0.126388549804688 -0.116134643554688 -0.0409698486328125
0.06512451171875 0.0761642456054688 -0.208282470703125 -0.04754638671875
0.118812561035156 0.0371017456054688 -0.2930908203125 0.051727294921875
0.119117736816406 0.0185928344726562 -0.33526611328125 0.16827392578125
0.117477416992188 0.0249710083007813 -0.320343017578125 0.18878173828125
0.138381958007813 0.0394821166992188 -0.357086181640625 0.162933349609375
0.0967483520507813 0.0866165161132813 -0.370208740234375 0.017913818359375
0.025146484375 0.131790161132812 -0.289825439453125 -0.117706298828125
-0.0517120361328125 0.101913452148438 -0.123550415039063 -0.181488037109375
-0.12701416015625 0.0433502197265625 0.0132904052734375 -0.104286193847656
-0.145370483398437 0.023406982421875 -0.123397827148438 0.0417251586914062
-0.190399169921875 -0.014190673828125 -0.3427734375 -0.07794189453125
-0.0816802978515625 -0.0737457275390625 0.41192626953125 0.003204345703125
-0.09967041015625 0.0500640869140625 0.16552734375 -0.065338134765625
-0.02777099609375 0.115921020507813 -0.0374107360839844 0.067047119140625
0.0598068237304687 0.0741500854492188 0.093780517578125 0.197830200195313
0.0988311767578125 0.0182952880859375 0.247589111328125 0.148269653320313
0.0802993774414063 -0.0571136474609375 0.371551513671875 -0.025421142578125
0.0556640625 -0.0928955078125 0.3895263671875 -0.19207763671875
0.0431594848632813 -0.0704574584960938 0.334320068359375 -0.211273193359375
0.0460205078125 -0.0725555419921875 0.333648681640625 -0.16741943359375
0.0748825073242187 -0.0233535766601562 0.317474365234375 -0.060272216796875
0.058074951171875 0.0443115234375 0.209518432617188 0.0105438232421875
-0.01104736328125 0.077880859375 0.134132385253906 0.00311279296875
-0.0792617797851563 0.0163726806640625 0.192916870117188 -0.103912353515625
-0.0848770141601563 -0.0528182983398437 0.477325439453125 -0.1339111328125
-0.00830841064453124 -0.0791549682617188 0.77484130859375 0.19659423828125
-0.348876953125 -0.08477783203125 0.365753173828125 -0.00225830078125001
-0.303131103515625 0.117340087890625 0.14404296875 -0.0505828857421875
-0.171005249023438 0.258865356445313 -0.0411186218261719 0.0575981140136719
0.055511474609375 0.257720947265625 0.0742950439453125 0.17376708984375
0.191329956054688 0.152679443359375 0.195770263671875 0.143325805664063
0.252975463867188 -0.0205535888671875 0.3291015625 -0.00146484375
0.2266845703125 -0.124618530273438 0.35186767578125 -0.154693603515625
0.207839965820313 -0.0982818603515625 0.29571533203125 -0.178955078125
0.234268188476562 -0.10675048828125 0.2906494140625 -0.132659912109375
0.254196166992188 0.00341796875 0.266311645507812 -0.05950927734375
0.194046020507812 0.173324584960937 0.151382446289062 -0.00666809082031249
0.0253448486328125 0.261245727539063 0.113349914550781 -0.03118896484375
-0.22283935546875 0.181411743164062 0.198211669921875 -0.144088745117188
-0.32037353515625 0.0477294921875 0.47845458984375 -0.1458740234375
-0.282745361328125 -0.085845947265625 0.75714111328125 0.167724609375
-0.5638427734375 -0.07659912109375 0.242034912109375 -0.02655029296875
-0.46942138671875 0.180938720703125 0.075714111328125 -0.0293121337890625
-0.28594970703125 0.386505126953125 -0.0457267761230469 0.0578880310058594
0.054229736328125 0.41766357421875 0.0553665161132813 0.139694213867188
0.266921997070313 0.267257690429688 0.129875183105469 0.120452880859375
0.395111083984375 0.01666259765625 0.24822998046875 0.0167694091796875
0.365936279296875 -0.142364501953125 0.262786865234375 -0.099273681640625
0.340240478515625 -0.113433837890625 0.209762573242188 -0.119277954101563
0.38568115234375 -0.126556396484375 0.201339721679688 -0.07464599609375
0.3966064453125 0.027435302734375 0.167434692382813 -0.05059814453125
0.310272216796875 0.277984619140625 0.0621910095214844 -0.0302658081054687
0.06683349609375 0.4169921875 0.0731887817382813 -0.075897216796875
-0.33660888671875 0.3375244140625 0.186782836914062 -0.184478759765625
-0.516265869140625 0.152099609375 0.431884765625 -0.142852783203125
-0.51727294921875 -0.0779113769531251 0.64947509765625 0.12603759765625
-0.69384765625 -0.0498046875 0.0584831237792968 -0.0588531494140625
-0.5716552734375 0.24365234375 -0.0260696411132813 0.00104141235351564
-0.347320556640625 0.4833984375 -0.0525054931640625 0.0656852722167969
0.06439208984375 0.5286865234375 0.029205322265625 0.0939102172851563
0.318817138671875 0.34222412109375 0.0461349487304688 0.0828628540039063
0.482879638671875 0.04541015625 0.131637573242188 0.0329666137695312
0.44970703125 -0.14111328125 0.13623046875 -0.0287551879882813
0.41961669921875 -0.11102294921875 0.093963623046875 -0.0418014526367188
0.478363037109375 -0.129486083984375 0.07891845703125 -0.00281524658203126
0.48193359375 0.047943115234375 0.0369873046875 -0.0312957763671875
0.3817138671875 0.346221923828125 -0.0478057861328125 -0.0509147644042968
0.100738525390625 0.51666259765625 0.0144729614257813 -0.119903564453125
-0.405853271484375 0.450836181640625 0.153976440429687 -0.207901000976562
-0.641357421875 0.23541259765625 0.334747314453125 -0.11505126953125
-0.67041015625 -0.0626220703125001 0.463348388671875 0.083648681640625
-0.7247314453125 -0.00457763671875001 -0.157333374023438 -0.091033935546875
-0.58795166015625 0.28326416015625 -0.14654541015625 0.0403900146484375
-0.3421630859375 0.521392822265625 -0.0629501342773438 0.0748138427734375
0.082244873046875 0.559600830078125 -0.00922393798828124 0.0420761108398438
0.331146240234375 0.36077880859375 -0.0492668151855469 0.0392112731933594
0.503692626953125 0.059326171875 -0.00518798828124997 0.0461692810058594
0.466217041015625 -0.121551513671875 -0.00997924804687497 0.0444259643554688
0.435699462890625 -0.093963623046875 -0.03717041015625 0.0412216186523437
0.4969482421875 -0.110260009765625 -0.0584793090820312 0.0719985961914063
0.489349365234375 0.064544677734375 -0.105827331542969 -0.00479125976562501
0.38720703125 0.36480712890625 -0.16058349609375 -0.0648956298828125
0.1048583984375 0.53228759765625 -0.0515899658203125 -0.15252685546875
-0.414154052734375 0.4775390625 0.1051025390625 -0.203521728515625
-0.66180419921875 0.26446533203125 0.201095581054687 -0.0640411376953125
-0.713134765625 -0.0494995117187501 0.226272583007812 0.044097900390625
-0.64569091796875 0.04144287109375 -0.3782958984375 -0.111785888671875
-0.512725830078125 0.2822265625 -0.270050048828125 0.0795593261718751
-0.277923583984375 0.46929931640625 -0.07952880859375 0.0819473266601563
0.0850219726562501 0.490936279296875 -0.0568428039550781 -0.00396728515624998
0.28839111328125 0.3145751953125 -0.138626098632812 -0.000999450683593758
0.444915771484375 0.06048583984375 -0.13897705078125 0.0586013793945313
0.410797119140625 -0.088226318359375 -0.1533203125 0.112442016601563
0.386260986328125 -0.063690185546875 -0.161941528320312 0.119277954101563
0.440643310546875 -0.07177734375 -0.190322875976562 0.134185791015625
0.41778564453125 0.079925537109375 -0.236495971679687 0.0208892822265625
0.3126220703125 0.329681396484375 -0.250442504882812 -0.0772857666015625
0.067901611328125 0.452606201171875 -0.106307983398438 -0.17010498046875
-0.36822509765625 0.39422607421875 0.056976318359375 -0.176849365234375
-0.572998046875 0.21929931640625 0.0617828369140625 -0.00709533691406249
-0.6351318359375 -0.0399169921875 -0.0173044204711914 0.00710296630859375
-0.472625732421875 0.0774536132812501 -0.572509765625 -0.12799072265625
-0.357513427734375 0.23150634765625 -0.37762451171875 0.107574462890625
-0.168548583984375 0.33355712890625 -0.09820556640625 0.0891189575195313
0.069488525390625 0.335968017578125 -0.098876953125 -0.0342254638671875
0.194503784179688 0.214035034179688 -0.199539184570313 -0.0293121337890625
0.30908203125 0.051666259765625 -0.244049072265625 0.0645294189453125
0.292083740234375 -0.0401611328125 -0.270462036132813 0.16278076171875
0.278366088867188 -0.0236053466796875 -0.26434326171875 0.176986694335938
0.318939208984375 -0.02001953125 -0.29608154296875 0.1727294921875
0.280899047851563 0.0890350341796875 -0.331451416015625 0.0342102050781251
0.181747436523438 0.249237060546875 -0.299407958984375 -0.091888427734375
0.00524902343749998 0.2979736328125 -0.13323974609375 -0.179367065429687
-0.270599365234375 0.231338500976563 0.02337646484375 -0.14013671875
-0.389739990234375 0.126068115234375 -0.0559844970703125 0.0348854064941406
-0.452972412109375 -0.0338134765625001 -0.226119995117188 -0.0309295654296875
-0.224411010742188 0.103973388671875 -0.711181640625 -0.132080078125
-0.156036376953125 0.148544311523438 -0.458282470703125 0.124114990234375
-0.0333709716796875 0.154693603515625 -0.113639831542969 0.102096557617188
0.0482711791992188 0.132438659667969 -0.120468139648438 -0.0372695922851563
0.0727462768554688 0.080322265625 -0.21697998046875 -0.0421142578125
0.127418518066406 0.0332565307617188 -0.300048828125 0.0628662109375
0.126548767089844 0.0122451782226562 -0.339996337890625 0.188262939453125
0.125946044921875 0.0196609497070313 -0.3251953125 0.20819091796875
0.149505615234375 0.032867431640625 -0.36212158203125 0.182342529296875
0.107757568359375 0.0837554931640625 -0.3795166015625 0.03363037109375
0.0344467163085938 0.136123657226563 -0.3035888671875 -0.108856201171875
-0.0484848022460938 0.111305236816406 -0.132644653320313 -0.182037353515625
-0.131454467773438 0.0520553588867188 0.00948333740234374 -0.108963012695313
-0.153472900390625 0.0283203125 -0.130271911621094 0.0516586303710938
-0.204452514648438 -0.0125579833984375 -0.364959716796875 -0.0628662109374999
-0.085357666015625 -0.0688934326171875 0.430450439453125 -0.0235595703125
-0.0927581787109375 0.0550079345703125 0.173294067382813 -0.0797271728515625
-0.0188140869140625 0.116371154785156 -0.0338096618652344 0.0701942443847657
0.0627670288085938 0.071197509765625 0.106781005859375 0.195831298828125
0.0993499755859375 0.0123748779296875 0.261260986328125 0.136138916015625
0.0759048461914063 -0.0646591186523438 0.376922607421875 -0.0489501953125
0.047515869140625 -0.0989608764648438 0.3870849609375 -0.2222900390625
0.0362319946289062 -0.0737838745117188 0.330596923828125 -0.237335205078125
0.0385360717773438 -0.0762863159179688 0.333587646484375 -0.193389892578125
0.0709304809570313 -0.0298309326171875 0.321441650390625 -0.0810546875
0.0619697570800781 0.0387802124023438 0.216018676757813 -0.0014190673828125
-0.00511169433593749 0.0777511596679688 0.137359619140625 -0.00629425048828125
-0.0785446166992188 0.0220794677734375 0.191329956054687 -0.11810302734375
-0.0874557495117188 -0.0452957153320313 0.48370361328125 -0.168731689453125
-0.0099029541015625 -0.0773773193359375 0.80712890625 0.1513671875
-0.36016845703125 -0.0651855468750001 0.385650634765625 -0.026092529296875
-0.297698974609375 0.135528564453125 0.153350830078125 -0.0626983642578125
-0.158706665039063 0.273513793945312 -0.0374641418457031 0.0612297058105469
0.0702667236328125 0.258697509765625 0.0871734619140625 0.172515869140625
0.203292846679688 0.14300537109375 0.208251953125 0.135284423828125
0.25469970703125 -0.0399322509765625 0.337646484375 -0.02252197265625
0.221481323242188 -0.144317626953125 0.3502197265625 -0.18255615234375
0.203399658203125 -0.114181518554687 0.291717529296875 -0.203521728515625
0.230636596679688 -0.126144409179688 0.293243408203125 -0.155517578125
0.2572021484375 -0.0146331787109375 0.26837158203125 -0.076904296875
0.211837768554688 0.160919189453125 0.155731201171875 -0.0146026611328125
0.0447998046875 0.264144897460938 0.11474609375 -0.0394363403320312
-0.217391967773438 0.202194213867187 0.194015502929687 -0.158538818359375
-0.3231201171875 0.072906494140625 0.484619140625 -0.177398681640625
-0.294219970703125 -0.0687561035156251 0.78692626953125 0.12615966796875
-0.58209228515625 -0.0472412109374999 0.256881713867187 -0.0433197021484375
-0.465972900390625 0.211669921875 0.0857009887695312 -0.0368118286132812
-0.270843505859375 0.412200927734375 -0.0410881042480469 0.0622367858886719
0.08123779296875 0.4219970703125 0.06573486328125 0.13897705078125
0.28936767578125 0.25628662109375 0.139495849609375 0.116401672363281
0.402923583984375 -0.012603759765625 0.257339477539063 0.000183105468749999
0.36407470703125 -0.17193603515625 0.263900756835938 -0.120895385742188
0.33929443359375 -0.13909912109375 0.207290649414063 -0.138534545898438
0.3851318359375 -0.1580810546875 0.205398559570313 -0.09124755859375
0.405975341796875 -0.00054931640625 0.168502807617188 -0.0618743896484375
0.3382568359375 0.260711669921875 0.0634956359863281 -0.0320701599121094
0.097503662109375 0.421661376953125 0.0715255737304688 -0.08404541015625
-0.32598876953125 0.36920166015625 0.179946899414062 -0.198104858398438
-0.519989013671875 0.1907958984375 0.436981201171875 -0.170318603515625
-0.535919189453125 -0.0492858886718749 0.67340087890625 0.09075927734375
-0.713134765625 -0.0114135742187501 0.0666542053222656 -0.0652008056640625
-0.5682373046875 0.2808837890625 -0.0176048278808594 0.00180053710937502
-0.327850341796875 0.51776123046875 -0.0474662780761719 0.0696487426757813
0.10150146484375 0.53466796875 0.0369186401367188 0.0942840576171875
0.3494873046875 0.3311767578125 0.0521316528320313 0.0826797485351563
0.496795654296875 0.01104736328125 0.140098571777344 0.0229415893554687
0.452545166015625 -0.17755126953125 0.140007019042969 -0.0421142578125
0.423065185546875 -0.143157958984375 0.0920333862304688 -0.052337646484375
0.480072021484375 -0.1671142578125 0.0845947265625 -0.0101547241210938
0.494659423828125 0.014892578125 0.0359764099121094 -0.0344505310058594
0.41693115234375 0.326873779296875 -0.0496292114257812 -0.0459709167480469
0.1376953125 0.523284912109375 0.00937652587890626 -0.125152587890625
-0.388580322265625 0.489776611328125 0.1444091796875 -0.219635009765625
-0.64263916015625 0.2823486328125 0.338897705078125 -0.134307861328125
-0.69415283203125 -0.02587890625 0.48004150390625 0.05963134765625
-0.74322509765625 0.0344848632812501 -0.158111572265625 -0.0837554931640625
-0.5858154296875 0.3248291015625 -0.140403747558594 0.0502700805664062
-0.323028564453125 0.557220458984375 -0.0576095581054688 0.0802536010742188
0.12286376953125 0.56591796875 -0.00542068481445312 0.0436058044433594
0.3643798828125 0.34912109375 -0.0474128723144531 0.044342041015625
0.519317626953125 0.023223876953125 0.00185775756835941 0.0449562072753906
0.4708251953125 -0.159759521484375 -0.00490570068359373 0.0424652099609375
0.441314697265625 -0.126434326171875 -0.0369300842285156 0.0417289733886719
0.502288818359375 -0.151397705078125 -0.0510025024414062 0.0741653442382813
0.50555419921875 0.03271484375 -0.108596801757812 0.0020904541015625
0.423248291015625 0.344818115234375 -0.1663818359375 -0.054046630859375
0.142852783203125 0.538177490234375 -0.0604095458984375 -0.154251098632812
-0.398468017578125 0.516510009765625 0.0955963134765625 -0.212753295898437
-0.66461181640625 0.31134033203125 0.205108642578125 -0.0732269287109375
-0.73834228515625 -0.00976562500000005 0.234024047851562 0.0358123779296875
-0.6630859375 0.0756835937499999 -0.3885498046875 -0.0926513671875
-0.511505126953125 0.32037353515625 -0.266265869140625 0.099029541015625
-0.26141357421875 0.502227783203125 -0.0734481811523438 0.0890655517578125
0.122161865234375 0.499267578125 -0.05645751953125 -0.00111770629882809
0.319610595703125 0.305023193359375 -0.14141845703125 0.00956726074218752
0.4599609375 0.030670166015625 -0.134811401367187 0.065277099609375
0.418487548828125 -0.12060546875 -0.147491455078125 0.122360229492188
0.393096923828125 -0.09228515625 -0.160934448242188 0.128738403320313
0.44891357421875 -0.10760498046875 -0.1824951171875 0.146728515625
0.43377685546875 0.052764892578125 -0.239456176757812 0.035888671875
0.3447265625 0.314483642578125 -0.259658813476563 -0.0611724853515625
0.09930419921875 0.460052490234375 -0.11737060546875 -0.169082641601563
-0.35626220703125 0.42718505859375 0.047637939453125 -0.182785034179688
-0.57598876953125 0.2578125 0.0636024475097656 -0.00589752197265623
-0.661376953125 -0.00714111328124995 -0.0186405181884766 0.0129661560058594
-0.48291015625 0.10308837890625 -0.59130859375 -0.0953979492187501
-0.3580322265625 0.25909423828125 -0.378936767578125 0.135162353515625
-0.158111572265625 0.3564453125 -0.0928192138671875 0.0976028442382813
0.096405029296875 0.34112548828125 -0.101165771484375 -0.0287017822265625
0.217086791992187 0.208511352539062 -0.2056884765625 -0.01702880859375
0.32183837890625 0.030029296875 -0.2432861328125 0.0786895751953125
0.299224853515625 -0.063018798828125 -0.264404296875 0.182815551757812
0.28521728515625 -0.04443359375 -0.261199951171875 0.19586181640625
0.327667236328125 -0.046295166015625 -0.290313720703125 0.19342041015625
0.29541015625 0.07037353515625 -0.335693359375 0.055450439453125
0.206344604492188 0.242095947265625 -0.309814453125 -0.07379150390625
0.025299072265625 0.306060791015625 -0.145721435546875 -0.17572021484375
-0.264068603515625 0.255294799804688 0.0154266357421875 -0.144454956054687
-0.393157958984375 0.151611328125 -0.0563812255859375 0.0434417724609375
-0.473876953125 -0.0104064941406249 -0.235671997070313 -0.013153076171875
-0.227310180664062 0.114334106445313 -0.73602294921875 -0.0916748046875
-0.156768798828125 0.1624755859375 -0.46337890625 0.157745361328125
-0.0308380126953125 0.162200927734375 -0.109031677246094 0.112190246582031
0.0602188110351563 0.135047912597656 -0.124366760253906 -0.0299453735351563
0.0835647583007813 0.0791168212890625 -0.22479248046875 -0.03009033203125
0.134635925292969 0.025115966796875 -0.302581787109375 0.08135986328125
0.133682250976563 0.0034332275390625 -0.336151123046875 0.21478271484375
0.133079528808594 0.00997161865234375 -0.321990966796875 0.23248291015625
0.158706665039063 0.0203094482421875 -0.357421875 0.208740234375
0.118194580078125 0.07684326171875 -0.3857421875 0.057769775390625
0.0473709106445312 0.137420654296875 -0.315399169921875 -0.0917968749999999
-0.0414657592773438 0.119140625 -0.14617919921875 -0.177993774414063
-0.132072448730469 0.0625 0.001708984375 -0.112030029296875
-0.158523559570313 0.037628173828125 -0.133453369140625 0.065032958984375
-0.21636962890625 -0.00376892089843749 -0.381805419921875 -0.03704833984375
-0.0882110595703125 -0.0615310668945313 0.43548583984375 -0.055389404296875
-0.0830535888671875 0.0584259033203125 0.174285888671875 -0.0949249267578125
-0.00976562500000001 0.11383056640625 -0.0293426513671875 0.0717849731445313
0.0640640258789063 0.0660820007324219 0.119232177734375 0.1873779296875
0.0978775024414063 0.0057373046875 0.26837158203125 0.118515014648438
0.068359375 -0.0700454711914063 0.372100830078125 -0.07281494140625
0.03692626953125 -0.101852416992187 0.370086669921875 -0.249603271484375
0.0275802612304687 -0.0741119384765625 0.3148193359375 -0.260894775390625
0.0293731689453125 -0.0771713256835937 0.320831298828125 -0.2159423828125
0.0649490356445313 -0.0354118347167969 0.315399169921875 -0.102508544921875
0.0640945434570313 0.0315055847167969 0.215652465820312 -0.01544189453125
0.000770568847656257 0.0756378173828125 0.136665344238281 -0.0155410766601562
-0.0750732421875 0.0285491943359375 0.183441162109375 -0.129837036132813
-0.086029052734375 -0.03533935546875 0.474334716796875 -0.20233154296875
-0.0118331909179688 -0.0747451782226563 0.815185546875 0.09814453125
-0.362274169921875 -0.04083251953125 0.392364501953125 -0.054840087890625
-0.28277587890625 0.150848388671875 0.15765380859375 -0.0767974853515625
-0.140121459960937 0.281112670898438 -0.0321578979492187 0.0625228881835938
0.0860443115234375 0.252212524414063 0.0981292724609375 0.1658935546875
0.210708618164063 0.128982543945313 0.216201782226563 0.121551513671875
0.24871826171875 -0.059539794921875 0.335235595703125 -0.04583740234375
0.20794677734375 -0.160812377929688 0.337493896484375 -0.20843505859375
0.192291259765625 -0.126922607421875 0.277420043945313 -0.22412109375
0.217666625976563 -0.143234252929688 0.28509521484375 -0.1767578125
0.252029418945313 -0.0344085693359375 0.262771606445313 -0.094207763671875
0.222900390625 0.142105102539063 0.155670166015625 -0.023651123046875
0.0636749267578125 0.259368896484375 0.112083435058594 -0.047821044921875
-0.202499389648438 0.219284057617188 0.183242797851563 -0.170150756835937
-0.3157958984375 0.0991821289062501 0.47650146484375 -0.210357666015625
-0.297607421875 -0.047882080078125 0.7947998046875 0.0751953125
-0.58306884765625 -0.01123046875 0.263931274414062 -0.0619659423828125
-0.44696044921875 0.237579345703125 0.092437744140625 -0.0445938110351562
-0.244781494140625 0.428924560546875 -0.0353622436523438 0.0638198852539063
0.109039306640625 0.413543701171875 0.07623291015625 0.133430480957031
0.3048095703125 0.236053466796875 0.146987915039063 0.108016967773438
0.39837646484375 -0.0426025390625 0.258224487304688 -0.018280029296875
0.34942626953125 -0.200714111328125 0.25677490234375 -0.141326904296875
0.327392578125 -0.161041259765625 0.196380615234375 -0.154037475585938
0.371978759765625 -0.188018798828125 0.201828002929688 -0.107574462890625
0.402496337890625 -0.03070068359375 0.163619995117188 -0.0724334716796875
0.356964111328125 0.23382568359375 0.0627517700195313 -0.035064697265625
0.12701416015625 0.41357421875 0.0657196044921875 -0.089508056640625
-0.302459716796875 0.3946533203125 0.166915893554688 -0.207916259765625
-0.50494384765625 0.228515625 0.428863525390625 -0.19805908203125
-0.541229248046875 -0.013580322265625 0.68011474609375 0.04693603515625
-0.71429443359375 0.0301513671875 0.0721740722656249 -0.0711288452148437
-0.54693603515625 0.314605712890625 -0.00725698471069339 0.00108671188354494
-0.2965087890625 0.54058837890625 -0.0395431518554688 0.0722579956054688
0.138458251953125 0.525360107421875 0.0454177856445313 0.09088134765625
0.372467041015625 0.30712890625 0.0575103759765625 0.0810470581054688
0.49517822265625 -0.02783203125 0.144454956054688 0.0106048583984375
0.437286376953125 -0.212005615234375 0.138557434082031 -0.0548553466796875
0.411041259765625 -0.171966552734375 0.0868148803710938 -0.0600967407226563
0.46588134765625 -0.204925537109375 0.0879364013671875 -0.01947021484375
0.493896484375 -0.021575927734375 0.033966064453125 -0.0359840393066406
0.4405517578125 0.29248046875 -0.0508575439453125 -0.0404243469238281
0.173583984375 0.513031005859375 0.000999450683593755 -0.126541137695313
-0.358306884765625 0.518341064453125 0.130508422851562 -0.226531982421875
-0.62445068359375 0.3260498046875 0.332672119140625 -0.153900146484375
-0.70068359375 0.01727294921875 0.482330322265625 0.031097412109375
-0.74365234375 0.0771484375000001 -0.155563354492188 -0.07513427734375
-0.5643310546875 0.35845947265625 -0.128616333007813 0.059295654296875
-0.2891845703125 0.582275390625 -0.0491485595703125 0.0833053588867188
0.16241455078125 0.556915283203125 0.000644683837890638 0.0434455871582032
0.38970947265625 0.32391357421875 -0.0439071655273437 0.0489921569824219
0.51904296875 -0.0157470703125 0.00802993774414066 0.0408515930175781
0.4605712890625 -0.196380615234375 -0.000320434570312468 0.0398406982421875
0.43280029296875 -0.158233642578125 -0.0363082885742187 0.0419692993164062
0.4913330078125 -0.191497802734375 -0.0423355102539062 0.0737762451171875
0.50518798828125 -0.004669189453125 -0.107963562011719 0.00971221923828123
0.447967529296875 0.311737060546875 -0.167327880859375 -0.04058837890625
0.18035888671875 0.528228759765625 -0.0704193115234375 -0.151168823242187
-0.3662109375 0.5440673828125 0.0816650390625 -0.216598510742187
-0.64410400390625 0.35498046875 0.203018188476562 -0.0831756591796875
-0.744873046875 0.0341796874999999 0.235885620117187 0.0229034423828125
-0.661376953125 0.11358642578125 -0.38861083984375 -0.0677795410156249
-0.493255615234375 0.352142333984375 -0.254470825195313 0.117721557617188
-0.23187255859375 0.52288818359375 -0.0644302368164063 0.0929718017578125
0.158416748046875 0.48944091796875 -0.0536079406738281 0.0028190612792969
0.343292236328125 0.283599853515625 -0.139808654785156 0.0197372436523438
0.461883544921875 -0.004364013671875 -0.12744140625 0.0706634521484375
0.410491943359375 -0.1529541015625 -0.138114929199219 0.12957763671875
0.387847900390625 -0.12139892578125 -0.153915405273437 0.137908935546875
0.44189453125 -0.14447021484375 -0.16961669921875 0.155319213867187
0.4368896484375 0.019927978515625 -0.236099243164062 0.0520782470703125
0.36895751953125 0.28851318359375 -0.2606201171875 -0.041961669921875
0.129913330078125 0.45318603515625 -0.128082275390625 -0.1619873046875
-0.329071044921875 0.453216552734375 0.0360107421875 -0.183975219726562
-0.560302734375 0.29656982421875 0.0650291442871093 -0.00595092773437498
-0.66729736328125 0.03155517578125 -0.0189266204833985 0.0182647705078125
-0.4798583984375 0.1287841796875 -0.59478759765625 -0.057373046875
-0.346527099609375 0.28314208984375 -0.367462158203125 0.16259765625
-0.140350341796875 0.37115478515625 -0.0838394165039063 0.102851867675781
0.122344970703125 0.33477783203125 -0.100738525390625 -0.0217666625976562
0.235015869140625 0.1949462890625 -0.206207275390625 -0.00205993652343746
0.325439453125 0.006134033203125 -0.235122680664062 0.0913543701171875
0.297088623046875 -0.08709716796875 -0.251205444335938 0.198684692382813
0.28387451171875 -0.06591796875 -0.250076293945313 0.212539672851563
0.325927734375 -0.073699951171875 -0.27484130859375 0.210281372070312
0.3006591796875 0.046844482421875 -0.32989501953125 0.077178955078125
0.225265502929688 0.226577758789063 -0.312042236328125 -0.051055908203125
0.046295166015625 0.3052978515625 -0.156448364257812 -0.166152954101562
-0.2489013671875 0.273529052734375 0.00595092773437499 -0.144210815429688
-0.3861083984375 0.177520751953125 -0.0535202026367188 0.05157470703125
-0.481201171875 0.0160217285156251 -0.238677978515625 0.00683593749999996
-0.222824096679688 0.1243896484375 -0.74139404296875 -0.0432128906250001
-0.151443481445312 0.173934936523438 -0.452239990234375 0.190765380859375
-0.02496337890625 0.167510986328125 -0.0994338989257812 0.118797302246094
0.0708236694335938 0.131660461425781 -0.125076293945313 -0.0222702026367188
0.0916900634765625 0.075347900390625 -0.225570678710937 -0.0147857666015625
0.138656616210938 0.01470947265625 -0.295135498046875 0.0992431640625
0.1363525390625 -0.0079193115234375 -0.32086181640625 0.23663330078125
0.136123657226563 -0.0013580322265625 -0.306365966796875 0.254669189453125
0.1622314453125 0.0057525634765625 -0.34161376953125 0.232421875
0.126640319824219 0.066131591796875 -0.378814697265625 0.082275390625
0.0597991943359375 0.134063720703125 -0.319244384765625 -0.067901611328125
-0.0318374633789062 0.123832702636719 -0.1573486328125 -0.16705322265625
-0.12890625 0.0721588134765625 -0.00627899169921877 -0.111015319824219
-0.158706665039063 0.0470733642578125 -0.130348205566406 0.0784683227539063
-0.222518920898438 0.00807189941406249 -0.38702392578125 -0.00720214843750002
-0.0865249633789062 -0.0550003051757813 0.432525634765625 -0.078857421875
-0.0734405517578125 0.056854248046875 0.173583984375 -0.106842041015625
-0.00304412841796874 0.108024597167969 -0.0241165161132813 0.071197509765625
0.0641899108886719 0.0616073608398438 0.12640380859375 0.176223754882812
0.0944061279296875 0.00055694580078125 0.26739501953125 0.102874755859375
0.0610122680664063 -0.0730056762695313 0.360443115234375 -0.0887451171875
0.02703857421875 -0.100433349609375 0.3504638671875 -0.263519287109375
0.0207061767578125 -0.0724105834960938 0.29583740234375 -0.271453857421875
0.022308349609375 -0.0763473510742188 0.305816650390625 -0.22735595703125
0.0585136413574219 -0.0378875732421875 0.30419921875 -0.11492919921875
0.0635185241699219 0.0244674682617188 0.21026611328125 -0.02569580078125
0.00528717041015625 0.071533203125 0.133285522460938 -0.02154541015625
-0.0694847106933594 0.0317306518554688 0.173385620117188 -0.1363525390625
-0.0820388793945313 -0.02783203125 0.454833984375 -0.22442626953125
-0.0117568969726563 -0.0705947875976563 0.80267333984375 0.05767822265625
-0.35504150390625 -0.0231933593750001 0.389739990234375 -0.07659912109375
-0.264663696289063 0.155609130859375 0.15863037109375 -0.0873260498046875
-0.123748779296875 0.278640747070313 -0.0264739990234375 0.0615997314453125
0.0953826904296875 0.241668701171875 0.105575561523438 0.155471801757813
0.211380004882813 0.115509033203125 0.2169189453125 0.108917236328125
0.237625122070313 -0.0723876953125 0.326141357421875 -0.0615234375
0.192062377929688 -0.168899536132812 0.320831298828125 -0.2222900390625
0.180526733398438 -0.13287353515625 0.260284423828125 -0.234237670898437
0.203369140625 -0.151992797851563 0.272598266601563 -0.188552856445313
0.241485595703125 -0.0471343994140625 0.2529296875 -0.103790283203125
0.225830078125 0.124526977539062 0.152053833007813 -0.0301055908203125
0.07623291015625 0.249343872070313 0.107147216796875 -0.05267333984375
-0.187271118164063 0.227020263671875 0.1724853515625 -0.173904418945312
-0.30120849609375 0.115325927734375 0.45880126953125 -0.229034423828125
-0.293487548828125 -0.031646728515625 0.78057861328125 0.03564453125
-0.57208251953125 0.0144653320312501 0.264572143554687 -0.07696533203125
-0.4228515625 0.248077392578125 0.098419189453125 -0.0528945922851562
-0.21923828125 0.43115234375 -0.0290794372558594 0.0627517700195313
0.126556396484375 0.398529052734375 0.0826492309570313 0.125823974609375
0.309783935546875 0.215850830078125 0.149551391601563 0.0988006591796875
0.385955810546875 -0.06451416015625 0.25311279296875 -0.032745361328125
0.32904052734375 -0.21612548828125 0.246429443359375 -0.153793334960937
0.311187744140625 -0.17449951171875 0.1842041015625 -0.161468505859375
0.350677490234375 -0.206298828125 0.195205688476563 -0.11810302734375
0.3895263671875 -0.052093505859375 0.157089233398438 -0.0774383544921875
0.362152099609375 0.206329345703125 0.0618705749511719 -0.035736083984375
0.144866943359375 0.3978271484375 0.0599365234375 -0.0910568237304687
-0.278564453125 0.404815673828125 0.154830932617187 -0.209548950195312
-0.481658935546875 0.2510986328125 0.4139404296875 -0.213623046875
-0.532562255859375 0.011077880859375 0.6668701171875 0.01629638671875
-0.70062255859375 0.0588989257812499 0.0761184692382812 -0.0760726928710938
-0.519073486328125 0.32647705078125 0.00209081172943112 -0.00129652023315428
-0.2662353515625 0.54559326171875 -0.032623291015625 0.0707778930664063
0.160888671875 0.506561279296875 0.0508346557617188 0.0855255126953125
0.378936767578125 0.282440185546875 0.061309814453125 0.077880859375
0.481842041015625 -0.054443359375 0.144943237304688 0.000747680664062497
0.4166259765625 -0.23345947265625 0.134696960449219 -0.064056396484375
0.39361572265625 -0.189483642578125 0.0803604125976563 -0.0638809204101563
0.444122314453125 -0.228729248046875 0.0876541137695313 -0.026947021484375
0.479461669921875 -0.04803466796875 0.0317573547363282 -0.0354347229003906
0.44775390625 0.260284423828125 -0.0498771667480468 -0.0354423522949219
0.195526123046875 0.493927001953125 -0.00517272949218748 -0.1246337890625
-0.33013916015625 0.528961181640625 0.118087768554687 -0.225784301757812
-0.59552001953125 0.3529052734375 0.322906494140625 -0.16473388671875
-0.689453125 0.0478515625000001 0.47479248046875 0.00970458984375
-0.72686767578125 0.10394287109375 -0.1480712890625 -0.0679779052734375
-0.536651611328125 0.37548828125 -0.115264892578125 0.0620269775390625
-0.2586669921875 0.58935546875 -0.0410995483398438 0.08251953125
0.18597412109375 0.53692626953125 0.00451278686523438 0.0415000915527344
0.399932861328125 0.2989501953125 -0.0390129089355468 0.0519638061523438
0.507415771484375 -0.04510498046875 0.0129776000976563 0.0359077453613281
0.44061279296875 -0.220489501953125 0.00319671630859378 0.0356864929199219
0.415985107421875 -0.177581787109375 -0.0358390808105468 0.042022705078125
0.470367431640625 -0.216522216796875 -0.0359573364257812 0.070953369140625
0.49334716796875 -0.033782958984375 -0.104537963867187 0.0154190063476563
0.4556884765625 0.279388427734375 -0.163360595703125 -0.0299224853515625
0.201873779296875 0.50933837890625 -0.076171875 -0.145034790039062
-0.337005615234375 0.553955078125 0.0713043212890625 -0.21435546875
-0.6148681640625 0.3792724609375 0.19757080078125 -0.0881195068359375
-0.73291015625 0.064697265625 0.231475830078125 0.0143890380859375
-0.6473388671875 0.137451171875 -0.378662109375 -0.049774169921875
-0.470001220703125 0.36846923828125 -0.237823486328125 0.127227783203125
-0.205810546875 0.530242919921875 -0.056060791015625 0.0927047729492188
0.1810302734375 0.47216796875 -0.0503807067871094 0.00459289550781253
0.3524169921875 0.262176513671875 -0.134201049804687 0.0287246704101563
0.451904296875 -0.030853271484375 -0.118568420410156 0.071746826171875
0.396148681640625 -0.175811767578125 -0.126930236816406 0.130790710449219
0.3758544921875 -0.139984130859375 -0.145904541015625 0.142166137695313
0.424957275390625 -0.168731689453125 -0.156524658203125 0.1568603515625
0.42840576171875 -0.004913330078125 -0.22784423828125 0.0623931884765625
0.3778076171875 0.26092529296875 -0.254913330078125 -0.026947021484375
0.149932861328125 0.439117431640625 -0.132217407226563 -0.153152465820312
-0.30413818359375 0.46185302734375 0.027252197265625 -0.18035888671875
-0.53619384765625 0.31695556640625 0.06512451171875 -0.00543975830078123
-0.65960693359375 0.0584716796875 -0.018890380859375 0.0215225219726563
-0.470550537109375 0.14361572265625 -0.5828857421875 -0.028076171875
-0.33056640625 0.294189453125 -0.348419189453125 0.178741455078125
-0.1240234375 0.376953125 -0.0745773315429688 0.103706359863281
0.138336181640625 0.322601318359375 -0.0978469848632813 -0.0167922973632812
0.242141723632813 0.180831909179688 -0.199783325195312 0.00958251953125002
0.31988525390625 -0.012359619140625 -0.223968505859375 0.0982818603515625
0.287994384765625 -0.103973388671875 -0.235610961914062 0.205917358398438
0.277816772460938 -0.08038330078125 -0.235763549804687 0.220169067382812
0.315765380859375 -0.093353271484375 -0.257034301757813 0.217666625976563
0.298492431640625 0.027862548828125 -0.317718505859375 0.0918884277343749
0.234695434570312 0.208023071289062 -0.30621337890625 -0.0335998535156249
0.0614013671875 0.2984619140625 -0.160446166992188 -0.1551513671875
-0.23382568359375 0.28131103515625 -0.00115203857421876 -0.140121459960937
-0.371795654296875 0.19146728515625 -0.0493583679199219 0.0570106506347656
-0.4769287109375 0.03594970703125 -0.234664916992188 0.020965576171875
-0.216751098632813 0.127044677734375 -0.72747802734375 -0.0057983398437499
-0.145126342773438 0.179168701171875 -0.43377685546875 0.2113037109375
-0.02093505859375 0.169723510742188 -0.0907669067382813 0.119522094726563
0.0769805908203125 0.125984191894531 -0.12237548828125 -0.0159225463867187
0.0960922241210938 0.070556640625 -0.2213134765625 -0.00283813476562496
0.138252258300781 0.0071868896484375 -0.284149169921875 0.109283447265625
0.135810852050781 -0.0164642333984375 -0.30267333984375 0.24725341796875
0.1361083984375 -0.00920867919921875 -0.2891845703125 0.26446533203125
0.160293579101563 -0.005615234375 -0.322418212890625 0.243072509765625
0.1290283203125 0.055816650390625 -0.364837646484375 0.0992431640625
0.0678482055664062 0.127861022949219 -0.314056396484375 -0.049224853515625
-0.0241241455078125 0.124458312988281 -0.16162109375 -0.155227661132812
-0.124961853027344 0.0780181884765625 -0.0118484497070313 -0.107521057128906
-0.156600952148438 0.0537261962890625 -0.125251770019531 0.0872650146484375
-0.224014282226562 0.0164642333984375 -0.38177490234375 0.015106201171875
-0.0839614868164063 -0.0505599975585938 0.4268798828125 -0.092071533203125
-0.0668373107910156 0.052459716796875 0.172607421875 -0.115249633789063
8.39233398437389E-05 0.101425170898438 -0.0209770202636719 0.0695075988769531
0.0633964538574219 0.0583305358886719 0.1282958984375 0.168014526367188
0.09112548828125 -0.00168609619140625 0.262664794921875 0.0939178466796875
0.0554275512695313 -0.0735549926757813 0.349853515625 -0.09442138671875
0.0210723876953125 -0.0978317260742188 0.336517333984375 -0.2686767578125
0.0163345336914063 -0.0696830749511719 0.285003662109375 -0.27337646484375
0.017059326171875 -0.074432373046875 0.29571533203125 -0.230682373046875
0.0533714294433594 -0.0385971069335938 0.295562744140625 -0.118560791015625
0.0617523193359375 0.0198783874511719 0.20458984375 -0.0300140380859375
0.00742721557617187 0.0677680969238281 0.130226135253906 -0.0245513916015625
-0.0651664733886719 0.0331344604492188 0.16680908203125 -0.137298583984375
-0.0771713256835938 -0.023223876953125 0.444000244140625 -0.233428955078125
-0.0106582641601562 -0.0677909851074219 0.7857666015625 0.038330078125
-0.34808349609375 -0.016082763671875 0.387481689453125 -0.087615966796875
-0.252883911132813 0.152450561523437 0.161575317382812 -0.0954742431640625
-0.1148681640625 0.274490356445313 -0.023040771484375 0.0593910217285156
0.098358154296875 0.2333984375 0.107742309570313 0.14825439453125
0.209365844726562 0.108261108398437 0.214462280273438 0.102218627929688
0.227874755859375 -0.0785369873046875 0.31884765625 -0.06878662109375
0.181427001953125 -0.171051025390625 0.309600830078125 -0.228790283203125
0.171829223632813 -0.133804321289063 0.249862670898438 -0.236068725585938
0.192474365234375 -0.155410766601563 0.264434814453125 -0.193130493164063
0.232818603515625 -0.053924560546875 0.244964599609375 -0.106658935546875
0.223831176757813 0.112503051757813 0.148300170898437 -0.032257080078125
0.0818634033203125 0.241439819335938 0.104164123535156 -0.0541763305664062
-0.177154541015625 0.229461669921875 0.1658935546875 -0.173934936523437
-0.28936767578125 0.12298583984375 0.447235107421875 -0.237945556640625
-0.288787841796875 -0.0244750976562501 0.76617431640625 0.01947021484375
-0.561126708984375 0.024658203125 0.265853881835937 -0.085479736328125
-0.406494140625 0.246978759765625 0.104095458984375 -0.059600830078125
-0.204803466796875 0.42767333984375 -0.0248298645019531 0.0605697631835938
0.132843017578125 0.38555908203125 0.0849761962890625 0.119171142578125
0.308685302734375 0.20452880859375 0.148757934570313 0.095458984375
0.373992919921875 -0.075897216796875 0.24908447265625 -0.0400238037109375
0.315826416015625 -0.222442626953125 0.237991333007813 -0.160568237304688
0.30108642578125 -0.17803955078125 0.176620483398438 -0.162399291992188
0.335968017578125 -0.214019775390625 0.190444946289063 -0.122299194335938
0.37835693359375 -0.063262939453125 0.15277099609375 -0.0784759521484375
0.360076904296875 0.18975830078125 0.0605545043945313 -0.0355606079101562
0.1527099609375 0.387542724609375 0.0565643310546875 -0.0902175903320312
-0.262420654296875 0.409088134765625 0.147903442382812 -0.207534790039062
-0.466766357421875 0.26214599609375 0.403472900390625 -0.2197265625
-0.525146484375 0.022216796875 0.6533203125 0.00323486328125
-0.687744140625 0.0690307617187501 0.0808486938476562 -0.079986572265625
-0.5009765625 0.32745361328125 0.0109491348266601 -0.00567245483398435
-0.251190185546875 0.54461669921875 -0.0284423828125 0.0687255859375
0.17034912109375 0.491607666015625 0.052642822265625 0.0813522338867188
0.38043212890625 0.26898193359375 0.0631866455078125 0.0770111083984375
0.469482421875 -0.069183349609375 0.144271850585938 -0.00602722167968751
0.40179443359375 -0.242706298828125 0.131355285644531 -0.0699081420898438
0.381744384765625 -0.1954345703125 0.0762481689453125 -0.0651702880859375
0.427520751953125 -0.24114990234375 0.086822509765625 -0.0312957763671875
0.468292236328125 -0.062347412109375 0.0311946868896485 -0.0343952178955078
0.44525146484375 0.239654541015625 -0.0483016967773437 -0.0326194763183593
0.20367431640625 0.48004150390625 -0.00804138183593748 -0.121864318847656
-0.312896728515625 0.53076171875 0.111831665039063 -0.22210693359375
-0.5758056640625 0.3607177734375 0.315765380859375 -0.16766357421875
-0.680419921875 0.0585327148437501 0.46282958984375 0.002197265625
-0.71539306640625 0.11328125 -0.140213012695313 -0.0662918090820313
-0.5184326171875 0.376495361328125 -0.10369873046875 0.0606613159179688
-0.24420166015625 0.58843994140625 -0.0362396240234375 0.0797805786132813
0.197906494140625 0.52130126953125 0.00674057006835939 0.0393104553222657
0.401214599609375 0.28515625 -0.0351715087890625 0.0540390014648438
0.494781494140625 -0.05914306640625 0.0168838500976563 0.0312252044677734
0.425750732421875 -0.23187255859375 0.00506591796875003 0.031219482421875
0.405517578125 -0.186370849609375 -0.0353851318359375 0.042144775390625
0.45294189453125 -0.22894287109375 -0.03155517578125 0.0663948059082031
0.482940673828125 -0.04791259765625 -0.101325988769531 0.0184402465820312
0.45440673828125 0.259918212890625 -0.159393310546875 -0.0244293212890625
0.209625244140625 0.496673583984375 -0.0782928466796875 -0.139762878417969
-0.321136474609375 0.555023193359375 0.0655059814453125 -0.209274291992188
-0.5943603515625 0.38677978515625 0.194717407226562 -0.08905029296875
-0.72467041015625 0.0748901367187502 0.225723266601562 0.0117645263671875
-0.63885498046875 0.14166259765625 -0.367401123046875 -0.041839599609375
-0.45635986328125 0.368927001953125 -0.224258422851563 0.129180908203125
-0.192474365234375 0.532257080078125 -0.0513076782226563 0.0904312133789063
0.1905517578125 0.4580078125 -0.048126220703125 0.00503540039062504
0.3548583984375 0.250244140625 -0.128860473632812 0.0332183837890625
0.44317626953125 -0.043975830078125 -0.111923217773437 0.06951904296875
0.3848876953125 -0.187103271484375 -0.120697021484375 0.128921508789063
0.367767333984375 -0.14849853515625 -0.141571044921875 0.143264770507812
0.41156005859375 -0.180389404296875 -0.148391723632812 0.154449462890625
0.419281005859375 -0.018829345703125 -0.220550537109375 0.067413330078125
0.377960205078125 0.2442626953125 -0.248367309570313 -0.018463134765625
0.15692138671875 0.428680419921875 -0.133407592773438 -0.146484375
-0.291107177734375 0.463531494140625 0.023406982421875 -0.17572021484375
-0.520416259765625 0.32330322265625 0.0654830932617187 -0.00410461425781248
-0.6519775390625 0.0686645507812501 -0.0189990997314454 0.0234527587890625
-0.462860107421875 0.14605712890625 -0.56842041015625 -0.0146484375
-0.321624755859375 0.296875 -0.335784912109375 0.184417724609375
-0.117156982421875 0.379791259765625 -0.0700225830078125 0.101692199707031
0.144622802734375 0.315093994140625 -0.095306396484375 -0.0141677856445312
0.244827270507812 0.17291259765625 -0.1943359375 0.015533447265625
0.31475830078125 -0.022186279296875 -0.215927124023437 0.098419189453125
0.282379150390625 -0.112823486328125 -0.224960327148438 0.206222534179687
0.27374267578125 -0.0883941650390625 -0.226913452148437 0.22186279296875
0.3072509765625 -0.10345458984375 -0.24609375 0.216156005859375
0.293701171875 0.017547607421875 -0.3082275390625 0.09716796875
0.236526489257813 0.197341918945313 -0.297607421875 -0.0240783691406249
0.067047119140625 0.292083740234375 -0.160552978515625 -0.147186279296875
-0.22491455078125 0.283782958984375 -0.00433349609375 -0.136337280273437
-0.362762451171875 0.1962890625 -0.0464591979980469 0.0606956481933594
-0.47296142578125 0.0452575683593751 -0.231033325195313 0.0279541015625
-0.214431762695313 0.124771118164063 -0.7138671875 0.01055908203125
-0.14154052734375 0.180343627929687 -0.4205322265625 0.219757080078125
-0.0208282470703125 0.171859741210938 -0.0868606567382812 0.118606567382813
0.078765869140625 0.122978210449219 -0.119773864746094 -0.0123443603515625
0.0983734130859375 0.0681838989257813 -0.215606689453125 0.00355529785156249
0.137748718261719 0.0034332275390625 -0.275100708007813 0.112258911132813
0.135154724121094 -0.022186279296875 -0.290435791015625 0.2506103515625
0.135604858398438 -0.01507568359375 -0.27801513671875 0.266952514648438
0.15863037109375 -0.0119476318359375 -0.309234619140625 0.245452880859375
0.12957763671875 0.0495529174804688 -0.35321044921875 0.10498046875
0.0719223022460938 0.123443603515625 -0.306182861328125 -0.0395812988281249
-0.0197830200195313 0.124244689941406 -0.161148071289063 -0.148422241210937
-0.122352600097656 0.080078125 -0.0146026611328125 -0.104278564453125
-0.15484619140625 0.0560150146484375 -0.120964050292969 0.0924453735351563
-0.224319458007813 0.02008056640625 -0.37567138671875 0.027069091796875
-0.0821914672851563 -0.0482177734375 0.431304931640625 -0.099212646484375
-0.0637969970703125 0.0485267639160156 0.175613403320313 -0.12371826171875
0.000297546386718745 0.0976638793945313 -0.0196075439453125 0.0680961608886719
0.0623321533203125 0.0575752258300781 0.129669189453125 0.165069580078125
0.0911407470703125 -0.002960205078125 0.262466430664063 0.091461181640625
0.051666259765625 -0.07476806640625 0.3475341796875 -0.0972900390625
0.0169830322265625 -0.0965118408203125 0.3338623046875 -0.272613525390625
0.0136299133300781 -0.0676422119140625 0.283447265625 -0.277191162109375
0.0138778686523438 -0.073333740234375 0.296356201171875 -0.2335205078125
0.0497779846191406 -0.0384902954101563 0.29473876953125 -0.120025634765625
0.0604705810546875 0.0163612365722656 0.204269409179688 -0.03143310546875
0.00852584838867188 0.0652236938476563 0.129203796386719 -0.0259552001953125
-0.0624542236328125 0.0339317321777344 0.167266845703125 -0.139739990234375
-0.073760986328125 -0.0203933715820312 0.44281005859375 -0.23895263671875
-0.00797653198242187 -0.0666923522949219 0.7864990234375 0.03448486328125
-0.34759521484375 -0.0144958496093749 0.3936767578125 -0.09552001953125
-0.24957275390625 0.1485595703125 0.166854858398437 -0.104583740234375
-0.113723754882813 0.272705078125 -0.0208053588867188 0.0582275390625
0.0994873046875 0.2315673828125 0.10870361328125 0.144805908203125
0.210220336914063 0.107223510742188 0.214340209960938 0.1009521484375
0.224044799804687 -0.082183837890625 0.31829833984375 -0.071868896484375
0.177169799804687 -0.173919677734375 0.307891845703125 -0.23382568359375
0.170135498046875 -0.134750366210938 0.249130249023438 -0.239120483398438
0.18768310546875 -0.157821655273438 0.2655029296875 -0.196319580078125
0.229080200195313 -0.056640625 0.246017456054688 -0.10711669921875
0.224105834960938 0.107101440429688 0.14813232421875 -0.03314208984375
0.08380126953125 0.239898681640625 0.103668212890625 -0.0547561645507812
-0.174346923828125 0.233840942382813 0.165939331054688 -0.175323486328125
-0.285675048828125 0.12811279296875 0.447296142578125 -0.243896484375
-0.289306640625 -0.023223876953125 0.76708984375 0.01641845703125
-0.562225341796875 0.0246582031250001 0.272994995117187 -0.0917205810546875
-0.40362548828125 0.243682861328125 0.110786437988281 -0.0673446655273438
-0.203765869140625 0.429718017578125 -0.0229682922363281 0.05859375
0.135467529296875 0.383392333984375 0.0860748291015625 0.116378784179688
0.311248779296875 0.202545166015625 0.149581909179688 0.0954742431640625
0.369293212890625 -0.081878662109375 0.250259399414063 -0.0446624755859375
0.31011962890625 -0.22772216796875 0.237197875976563 -0.166091918945313
0.2991943359375 -0.181610107421875 0.175186157226563 -0.164459228515625
0.330810546875 -0.220123291015625 0.191909790039063 -0.126739501953125
0.375213623046875 -0.068328857421875 0.15301513671875 -0.078460693359375
0.36151123046875 0.183074951171875 0.0608367919921875 -0.0347709655761719
0.1558837890625 0.38702392578125 0.0559539794921875 -0.09051513671875
-0.25982666015625 0.4141845703125 0.148269653320313 -0.20794677734375
-0.46148681640625 0.267822265625 0.406219482421875 -0.22381591796875
-0.527496337890625 0.0244750976562501 0.65411376953125 0.002197265625
-0.69287109375 0.0694580078125001 0.087799072265625 -0.0840072631835938
-0.5009765625 0.325531005859375 0.018798828125 -0.0115127563476562
-0.24810791015625 0.549407958984375 -0.0265159606933594 0.0669212341308594
0.175079345703125 0.48907470703125 0.0537033081054688 0.0789031982421875
0.3836669921875 0.266387939453125 0.065643310546875 0.0785751342773438
0.4658203125 -0.07452392578125 0.146286010742188 -0.0114593505859375
0.3978271484375 -0.251678466796875 0.131645202636719 -0.0745849609375
0.382476806640625 -0.201202392578125 0.0758819580078125 -0.06500244140625
0.424285888671875 -0.247344970703125 0.0889816284179688 -0.0347061157226563
0.46600341796875 -0.06842041015625 0.0320377349853516 -0.0333538055419922
0.4473876953125 0.23370361328125 -0.0471343994140625 -0.0305252075195312
0.207275390625 0.480621337890625 -0.0090484619140625 -0.120857238769531
-0.310638427734375 0.53875732421875 0.111770629882812 -0.221527099609375
-0.5718994140625 0.367431640625 0.3175048828125 -0.168853759765625
-0.684814453125 0.0606689453125001 0.464019775390625 0.003204345703125
-0.72222900390625 0.11187744140625 -0.134452819824219 -0.0683822631835938
-0.520111083984375 0.377471923828125 -0.096160888671875 0.057708740234375
-0.24200439453125 0.5965576171875 -0.035125732421875 0.0786285400390625
0.203277587890625 0.51959228515625 0.00745773315429688 0.0389518737792969
0.40625 0.283477783203125 -0.0325965881347656 0.0570220947265625
0.493927001953125 -0.06683349609375 0.0191116333007813 0.0270786285400391
0.4237060546875 -0.240478515625 0.00679588317871096 0.0273628234863281
0.406829833984375 -0.19195556640625 -0.0360107421875 0.0432624816894531
0.44964599609375 -0.237762451171875 -0.0300102233886718 0.0639305114746093
0.481109619140625 -0.05499267578125 -0.100234985351562 0.0198516845703125
0.457977294921875 0.252777099609375 -0.157379150390625 -0.0216827392578125
0.213714599609375 0.4974365234375 -0.0790557861328125 -0.13824462890625
-0.31829833984375 0.56256103515625 0.066009521484375 -0.208663940429687
-0.59332275390625 0.393310546875 0.197265625 -0.0880126953125
-0.73101806640625 0.0782470703125001 0.225051879882812 0.0132293701171875
-0.64508056640625 0.1405029296875 -0.3629150390625 -0.041412353515625
-0.457366943359375 0.37115478515625 -0.217941284179688 0.129684448242188
-0.191070556640625 0.541961669921875 -0.0500640869140625 0.0901031494140625
0.196258544921875 0.457366943359375 -0.0475654602050781 0.00498580932617189
0.359405517578125 0.2493896484375 -0.125930786132813 0.0365753173828125
0.4429931640625 -0.050933837890625 -0.108978271484375 0.0661544799804688
0.382965087890625 -0.195831298828125 -0.118431091308594 0.126815795898437
0.369659423828125 -0.154083251953125 -0.14111328125 0.14556884765625
0.4085693359375 -0.1893310546875 -0.146896362304687 0.153335571289063
0.41851806640625 -0.024688720703125 -0.218490600585937 0.0691375732421875
0.380950927734375 0.239349365234375 -0.24591064453125 -0.015533447265625
0.160980224609375 0.428497314453125 -0.133941650390625 -0.144271850585937
-0.2899169921875 0.4705810546875 0.022979736328125 -0.17413330078125
-0.5181884765625 0.328338623046875 0.0677413940429687 -0.00138473510742186
-0.65728759765625 0.0700073242187501 -0.0205345153808594 0.0266189575195313
-0.46917724609375 0.14306640625 -0.56658935546875 -0.011962890625
-0.32391357421875 0.3001708984375 -0.33056640625 0.188201904296875
-0.1163330078125 0.388031005859375 -0.0694808959960938 0.102005004882813
0.148345947265625 0.314849853515625 -0.0950698852539062 -0.0126266479492187
0.24993896484375 0.173049926757812 -0.191864013671875 0.018707275390625
0.3160400390625 -0.027008056640625 -0.212600708007813 0.0968475341796875
0.282501220703125 -0.11962890625 -0.222610473632812 0.206787109375
0.275619506835938 -0.0926361083984375 -0.22637939453125 0.225189208984375
0.305755615234375 -0.10980224609375 -0.244125366210938 0.216445922851562
0.293914794921875 0.01190185546875 -0.305450439453125 0.098602294921875
0.240036010742188 0.194000244140625 -0.295318603515625 -0.0208740234375
0.070220947265625 0.294036865234375 -0.161178588867188 -0.145660400390625
-0.225830078125 0.2877197265625 -0.00527191162109375 -0.134552001953125
-0.363311767578125 0.199676513671875 -0.0449256896972656 0.06500244140625
-0.479736328125 0.0461120605468749 -0.23321533203125 0.032501220703125
-0.218963623046875 0.12188720703125 -0.7130126953125 0.01605224609375
-0.144424438476563 0.183212280273437 -0.418731689453125 0.226043701171875
-0.0223236083984375 0.177780151367188 -0.0866470336914063 0.119255065917969
0.0800552368164063 0.12451171875 -0.119468688964844 -0.0108261108398438
0.100837707519531 0.0691909790039063 -0.213516235351563 0.00555419921874997
0.139617919921875 0.001556396484375 -0.273483276367188 0.1126708984375
0.137054443359375 -0.0260848999023438 -0.287353515625 0.252349853515625
0.138259887695313 -0.0179672241210938 -0.276626586914062 0.27008056640625
0.15966796875 -0.0161895751953125 -0.308258056640625 0.246246337890625
0.131271362304687 0.0461959838867187 -0.351470947265625 0.1070556640625
0.075592041015625 0.123207092285156 -0.3040771484375 -0.035675048828125
-0.017730712890625 0.126182556152344 -0.161605834960938 -0.145645141601563
-0.123970031738281 0.0824508666992187 -0.0162429809570312 -0.102317810058594
-0.157516479492188 0.0580596923828125 -0.120681762695312 0.0979537963867188
-0.229721069335937 0.0210418701171875 -0.378082275390625 0.031890869140625
-0.0824050903320313 -0.046722412109375 0.44317626953125 -0.111328125
-0.0628089904785156 0.0459251403808594 0.180694580078125 -0.136627197265625
0.00111389160156249 0.0968017578125 -0.0173873901367188 0.0679855346679688
0.0640869140625 0.0568809509277344 0.135238647460938 0.164505004882813
0.09271240234375 -0.0044708251953125 0.267730712890625 0.0903778076171875
0.048828125 -0.077301025390625 0.352447509765625 -0.10345458984375
0.0125732421875 -0.0979690551757813 0.33636474609375 -0.285552978515625
0.0114288330078125 -0.0676994323730469 0.286865234375 -0.28863525390625
0.0103759765625 -0.0741195678710938 0.302520751953125 -0.244354248046875
0.048187255859375 -0.0394630432128906 0.3006591796875 -0.12518310546875
0.0605926513671875 0.0132102966308594 0.20806884765625 -0.0341644287109375
0.00968170166015625 0.0647850036621094 0.131828308105469 -0.0282516479492187
-0.0601692199707031 0.0360145568847656 0.16937255859375 -0.147247314453125
-0.07171630859375 -0.0184555053710937 0.450439453125 -0.25677490234375
-0.00696563720703124 -0.0675315856933594 0.8079833984375 0.02545166015625
-0.35675048828125 -0.010223388671875 0.406280517578125 -0.107208251953125
-0.252166748046875 0.149612426757812 0.173233032226562 -0.117080688476562
-0.113311767578125 0.279067993164063 -0.0194816589355469 0.0573310852050781
0.103897094726563 0.23388671875 0.1142578125 0.144927978515625
0.21734619140625 0.106643676757813 0.2208251953125 0.10113525390625
0.224380493164063 -0.0890045166015625 0.32403564453125 -0.079132080078125
0.175384521484375 -0.181259155273438 0.310821533203125 -0.246826171875
0.171066284179688 -0.139816284179688 0.251846313476563 -0.249221801757813
0.186859130859375 -0.165237426757813 0.27166748046875 -0.206008911132813
0.230712890625 -0.0622711181640625 0.251174926757813 -0.11212158203125
0.230422973632813 0.102981567382813 0.151092529296875 -0.0351409912109375
0.08966064453125 0.243743896484375 0.105850219726563 -0.05712890625
-0.172821044921875 0.245010375976563 0.168609619140625 -0.182174682617187
-0.287139892578125 0.137298583984375 0.45721435546875 -0.258636474609375
-0.296630859375 -0.019622802734375 0.7864990234375 0.00811767578125
-0.57904052734375 0.0324707031249999 0.283721923828125 -0.102386474609375
-0.410186767578125 0.24835205078125 0.119117736816406 -0.0782012939453125
-0.202362060546875 0.44439697265625 -0.0213661193847656 0.0586433410644532
0.1446533203125 0.3885498046875 0.090240478515625 0.116500854492188
0.323333740234375 0.203521728515625 0.155715942382813 0.0974273681640625
0.3740234375 -0.0924072265625 0.25604248046875 -0.0518035888671875
0.310791015625 -0.241546630859375 0.240066528320313 -0.177658081054688
0.304168701171875 -0.191650390625 0.176895141601563 -0.171371459960937
0.333221435546875 -0.23236083984375 0.19677734375 -0.134445190429688
0.38031005859375 -0.076873779296875 0.15673828125 -0.0809173583984375
0.372344970703125 0.178131103515625 0.0628814697265625 -0.0356521606445312
0.165985107421875 0.39434814453125 0.056884765625 -0.0925216674804687
-0.2591552734375 0.432342529296875 0.150192260742187 -0.21441650390625
-0.46624755859375 0.282989501953125 0.41461181640625 -0.236114501953125
-0.543426513671875 0.0310668945312499 0.671630859375 -0.003662109375
-0.71331787109375 0.07672119140625 0.09521484375 -0.0912017822265625
-0.510711669921875 0.33502197265625 0.0263614654541015 -0.0181541442871094
-0.24725341796875 0.56927490234375 -0.02532958984375 0.0669784545898438
0.18719482421875 0.49737548828125 0.05743408203125 0.0792160034179688
0.399322509765625 0.268463134765625 0.0703201293945313 0.08172607421875
0.47406005859375 -0.087921142578125 0.1513671875 -0.0181732177734375
0.400115966796875 -0.268035888671875 0.134231567382813 -0.0825347900390625
0.39044189453125 -0.214324951171875 0.0761642456054688 -0.0680160522460938
0.425872802734375 -0.26373291015625 0.0919647216796875 -0.0396041870117188
0.472503662109375 -0.08026123046875 0.0337085723876953 -0.0341110229492188
0.462921142578125 0.22833251953125 -0.0476646423339843 -0.0295982360839844
0.2210693359375 0.490997314453125 -0.010040283203125 -0.121986389160156
-0.31121826171875 0.561859130859375 0.113067626953125 -0.226593017578125
-0.57928466796875 0.38623046875 0.32635498046875 -0.1767578125
-0.7054443359375 0.0684204101562502 0.4759521484375 3.05175781250042E-05
-0.74700927734375 0.120361328125 -0.13336181640625 -0.0716171264648437
-0.5303955078125 0.389739990234375 -0.0908660888671875 0.0560150146484375
-0.23974609375 0.6201171875 -0.034210205078125 0.0800552368164063
0.21649169921875 0.528564453125 0.00956344604492189 0.0397491455078125
0.42413330078125 0.28631591796875 -0.0297813415527343 0.0611305236816406
0.50299072265625 -0.079010009765625 0.0222148895263672 0.0220413208007812
0.42901611328125 -0.25701904296875 0.00798225402832034 0.0240287780761719
0.416290283203125 -0.20574951171875 -0.0360984802246093 0.0457420349121094
0.45391845703125 -0.25457763671875 -0.0289649963378906 0.0637550354003906
0.490203857421875 -0.065887451171875 -0.100509643554687 0.0223617553710937
0.473663330078125 0.2489013671875 -0.159759521484375 -0.0182647705078125
0.2259521484375 0.5079345703125 -0.0817489624023437 -0.139175415039062
-0.32049560546875 0.58575439453125 0.065887451171875 -0.21185302734375
-0.60174560546875 0.41229248046875 0.20367431640625 -0.091033935546875
-0.754150390625 0.0881958007812501 0.230697631835937 0.014007568359375
-0.66815185546875 0.14739990234375 -0.36859130859375 -0.038909912109375
-0.467437744140625 0.384521484375 -0.2158203125 0.13385009765625
-0.18890380859375 0.565185546875 -0.0502395629882813 0.0924072265625
0.208709716796875 0.466094970703125 -0.0472946166992187 0.0066642761230469
0.376190185546875 0.25244140625 -0.124862670898437 0.0410614013671875
0.45361328125 -0.061798095703125 -0.108673095703125 0.0644760131835937
0.389190673828125 -0.2105712890625 -0.118217468261719 0.129173278808594
0.37921142578125 -0.16656494140625 -0.143020629882812 0.151535034179688
0.41387939453125 -0.203826904296875 -0.147781372070312 0.15679931640625
0.427215576171875 -0.034759521484375 -0.221588134765625 0.07379150390625
0.394989013671875 0.237579345703125 -0.249588012695312 -0.0111694335937499
0.17138671875 0.439422607421875 -0.138427734375 -0.144821166992187
-0.292388916015625 0.48895263671875 0.022125244140625 -0.177032470703125
-0.527130126953125 0.34326171875 0.0719757080078125 0.000663757324218771
-0.6802978515625 0.0784912109374999 -0.0220012664794922 0.0300006866455078
-0.4857177734375 0.149322509765625 -0.577392578125 -0.00506591796874986
-0.33197021484375 0.31231689453125 -0.3316650390625 0.1976318359375
-0.114654541015625 0.406829833984375 -0.0705413818359375 0.105560302734375
0.157806396484375 0.32159423828125 -0.0968551635742187 -0.0104141235351562
0.26165771484375 0.174819946289063 -0.192626953125 0.0234375
0.325164794921875 -0.0343017578125 -0.214813232421875 0.097991943359375
0.2879638671875 -0.131561279296875 -0.223129272460938 0.213119506835937
0.283416748046875 -0.103363037109375 -0.228591918945313 0.234878540039063
0.3115234375 -0.121063232421875 -0.247116088867187 0.2237548828125
0.2999267578125 0.005126953125 -0.31024169921875 0.105194091796875
0.250030517578125 0.193984985351563 -0.300079345703125 -0.0159301757812499
0.076507568359375 0.302398681640625 -0.166366577148438 -0.145523071289062
-0.2296142578125 0.300445556640625 -0.0070648193359375 -0.135498046875
-0.371002197265625 0.21038818359375 -0.043548583984375 0.0710372924804688
-0.495361328125 0.052337646484375 -0.240036010742188 0.0391845703125
-0.228683471679687 0.123382568359375 -0.72802734375 0.02691650390625
-0.14849853515625 0.191650390625 -0.423797607421875 0.240264892578125
-0.0216217041015625 0.18756103515625 -0.0885086059570313 0.123847961425781
0.084716796875 0.127914428710938 -0.122428894042969 -0.00788116455078124
0.106956481933594 0.0712203979492188 -0.215682983398438 0.00914001464843753
0.145767211914063 -0.0005950927734375 -0.276992797851563 0.116806030273437
0.141921997070313 -0.0311279296875 -0.289520263671875 0.26312255859375
0.143508911132813 -0.0230255126953125 -0.2802734375 0.281494140625
0.164077758789063 -0.021942138671875 -0.31170654296875 0.25579833984375
0.135696411132813 0.042877197265625 -0.356689453125 0.114288330078125
0.0816650390625 0.124481201171875 -0.30828857421875 -0.030914306640625
-0.0148773193359375 0.131622314453125 -0.166549682617187 -0.145721435546875
-0.127998352050781 0.08807373046875 -0.0186309814453125 -0.10247802734375
-0.163055419921875 0.0622100830078125 -0.121879577636719 0.106483459472656
-0.239349365234375 0.023529052734375 -0.38934326171875 0.039825439453125
-0.0845184326171875 -0.043365478515625 0.45635986328125 -0.134429931640625
-0.0618438720703125 0.0455436706542969 0.181900024414063 -0.154998779296875
0.00391387939453124 0.09686279296875 -0.014617919921875 0.0694198608398437
0.0671920776367187 0.0557365417480469 0.145858764648437 0.161849975585938
0.09539794921875 -0.00936126708984375 0.279052734375 0.0839691162109375
0.04461669921875 -0.081390380859375 0.360015869140625 -0.11822509765625
0.0067138671875 -0.0994873046875 0.33502197265625 -0.308807373046875
0.00838088989257813 -0.0688896179199219 0.285980224609375 -0.310302734375
0.00579833984375 -0.0754852294921875 0.306243896484375 -0.264495849609375
0.0461273193359375 -0.0417938232421875 0.30670166015625 -0.14007568359375
0.0608482360839844 0.00933837890625 0.213043212890625 -0.0421142578125
0.0120658874511719 0.0649909973144531 0.135185241699219 -0.0343093872070312
-0.0575675964355469 0.0390281677246094 0.169158935546875 -0.15948486328125
-0.070343017578125 -0.0150909423828125 0.453857421875 -0.28619384765625
-0.00811386108398437 -0.0687789916992188 0.8359375 -0.0023193359375
-0.369049072265625 0.00338745117187499 0.419677734375 -0.128753662109375
-0.254470825195313 0.158737182617188 0.178054809570312 -0.135269165039063
-0.107666015625 0.291412353515625 -0.0167961120605469 0.0582466125488281
0.115203857421875 0.235977172851563 0.123138427734375 0.143096923828125
0.22918701171875 0.1014404296875 0.23187255859375 0.09783935546875
0.2249755859375 -0.10162353515625 0.331573486328125 -0.09423828125
0.170120239257813 -0.19464111328125 0.309722900390625 -0.268890380859375
0.17083740234375 -0.15106201171875 0.251052856445313 -0.267776489257813
0.183273315429688 -0.178573608398438 0.275192260742188 -0.225677490234375
0.233932495117187 -0.0728912353515625 0.25689697265625 -0.123153686523438
0.240341186523438 0.09442138671875 0.15478515625 -0.0406341552734375
0.102890014648438 0.2479248046875 0.108001708984375 -0.0627059936523437
-0.166946411132812 0.261489868164063 0.16815185546875 -0.195510864257813
-0.286376953125 0.154632568359375 0.46295166015625 -0.286895751953125
-0.30877685546875 -0.00958251953125001 0.81365966796875 -0.0185546875
-0.598876953125 0.05206298828125 0.294647216796875 -0.119354248046875
-0.416168212890625 0.265106201171875 0.125106811523437 -0.093170166015625
-0.193695068359375 0.466827392578125 -0.0193061828613281 0.0596046447753906
0.1629638671875 0.39471435546875 0.098114013671875 0.115509033203125
0.34320068359375 0.198455810546875 0.16644287109375 0.0966033935546875
0.379730224609375 -0.11126708984375 0.262771606445313 -0.0658111572265625
0.308990478515625 -0.263641357421875 0.2403564453125 -0.196258544921875
0.307373046875 -0.2108154296875 0.1768798828125 -0.184738159179687
0.330718994140625 -0.255401611328125 0.2010498046875 -0.14825439453125
0.387908935546875 -0.0958251953125 0.160995483398438 -0.0889892578125
0.390960693359375 0.166961669921875 0.063690185546875 -0.0370521545410156
0.18731689453125 0.402252197265625 0.0563507080078125 -0.0965423583984375
-0.25067138671875 0.461883544921875 0.149002075195312 -0.226913452148437
-0.467010498046875 0.31146240234375 0.421905517578125 -0.2603759765625
-0.56494140625 0.05059814453125 0.694580078125 -0.025146484375
-0.74169921875 0.10333251953125 0.100425720214844 -0.101097106933594
-0.518524169921875 0.359588623046875 0.0324058532714843 -0.0273933410644531
-0.23486328125 0.6004638671875 -0.0233497619628906 0.0695724487304688
0.211578369140625 0.504730224609375 0.0631256103515625 0.0793609619140625
0.4267578125 0.263824462890625 0.0788192749023438 0.084014892578125
0.483306884765625 -0.111602783203125 0.156341552734375 -0.02886962890625
0.40093994140625 -0.29510498046875 0.134422302246094 -0.0947265625
0.3963623046875 -0.2386474609375 0.0768051147460938 -0.072509765625
0.427154541015625 -0.293060302734375 0.0955352783203125 -0.0468521118164063
0.4830322265625 -0.1033935546875 0.0352210998535157 -0.0353469848632813
0.485687255859375 0.21514892578125 -0.0487060546875 -0.0272750854492187
0.246124267578125 0.501251220703125 -0.0128631591796875 -0.1248779296875
-0.29962158203125 0.597412109375 0.111328125 -0.237533569335938
-0.58056640625 0.4229736328125 0.33343505859375 -0.19482421875
-0.7333984375 0.0953369140624999 0.491546630859375 -0.013946533203125
-0.77606201171875 0.14776611328125 -0.134963989257813 -0.0717391967773438
-0.539703369140625 0.419586181640625 -0.0854949951171875 0.05535888671875
-0.22589111328125 0.65582275390625 -0.0325546264648438 0.084228515625
0.243255615234375 0.537322998046875 0.0125923156738281 0.0415153503417969
0.452545166015625 0.281219482421875 -0.0239295959472656 0.066497802734375
0.515838623046875 -0.103759765625 0.0240745544433594 0.0157546997070312
0.42999267578125 -0.287353515625 0.0081443786621094 0.0204849243164062
0.4232177734375 -0.2315673828125 -0.0357208251953125 0.0489349365234375
0.4561767578125 -0.283843994140625 -0.0263595581054687 0.0642776489257813
0.5008544921875 -0.089996337890625 -0.10137939453125 0.0272293090820312
0.498809814453125 0.23724365234375 -0.1636962890625 -0.011810302734375
0.252471923828125 0.5191650390625 -0.0878982543945312 -0.139404296875
-0.31097412109375 0.62225341796875 0.06304931640625 -0.220550537109375
-0.60406494140625 0.448486328125 0.210556030273437 -0.100021362304687
-0.7828369140625 0.11529541015625 0.237564086914062 0.00988769531250001
-0.6943359375 0.173583984375 -0.378387451171875 -0.03021240234375
-0.47467041015625 0.41424560546875 -0.213088989257813 0.143173217773438
-0.17578125 0.59820556640625 -0.0491561889648437 0.098724365234375
0.2344970703125 0.475311279296875 -0.0475502014160156 0.0104141235351563
0.4031982421875 0.24822998046875 -0.123435974121094 0.0483627319335938
0.46484375 -0.0841064453125 -0.109153747558594 0.0637664794921875
0.39215087890625 -0.238250732421875 -0.117851257324219 0.134185791015625
0.386077880859375 -0.191436767578125 -0.14208984375 0.163375854492188
0.4171142578125 -0.230255126953125 -0.147125244140625 0.166091918945313
0.43829345703125 -0.05450439453125 -0.225051879882812 0.0835418701171875
0.417999267578125 0.228271484375 -0.2557373046875 -0.00157165527343747
0.193084716796875 0.449615478515625 -0.146652221679687 -0.143524169921875
-0.286041259765625 0.519439697265625 0.0186004638671875 -0.181198120117187
-0.5316162109375 0.375701904296875 0.077606201171875 0.000518798828125023
-0.7060546875 0.10260009765625 -0.02276611328125 0.0351047515869141
-0.505950927734375 0.169281005859375 -0.5941162109375 0.01422119140625
-0.335113525390625 0.33575439453125 -0.332244873046875 0.216094970703125
-0.104705810546875 0.43133544921875 -0.0699081420898437 0.114006042480469
0.176849365234375 0.32806396484375 -0.099853515625 -0.00501251220703121
0.280960083007813 0.1732177734375 -0.1944580078125 0.0321502685546875
0.335479736328125 -0.050628662109375 -0.217086791992187 0.104232788085938
0.293212890625 -0.151885986328125 -0.222122192382812 0.226638793945313
0.28997802734375 -0.12091064453125 -0.227706909179687 0.252700805664063
0.315887451171875 -0.14068603515625 -0.247650146484375 0.240097045898438
0.3096923828125 -0.008392333984375 -0.31573486328125 0.119659423828125
0.267852783203125 0.189743041992188 -0.307861328125 -0.0047607421875
0.091033935546875 0.31201171875 -0.175521850585938 -0.143096923828125
-0.22784423828125 0.321807861328125 -0.010894775390625 -0.137252807617187
-0.375579833984375 0.2322998046875 -0.0399932861328125 0.07916259765625
-0.51446533203125 0.068634033203125 -0.248199462890625 0.052520751953125
-0.237991333007813 0.13275146484375 -0.7501220703125 0.0516967773437499
-0.14971923828125 0.20538330078125 -0.427215576171875 0.26513671875
-0.0174560546875 0.200515747070313 -0.0885772705078125 0.133682250976562
0.09271240234375 0.130599975585937 -0.126007080078125 -0.00067901611328125
0.115715026855469 0.0711669921875 -0.220230102539063 0.0164642333984375
0.153076171875 -0.00762939453125 -0.2811279296875 0.126373291015625
0.14678955078125 -0.0405426025390625 -0.288726806640625 0.2818603515625
0.149063110351563 -0.032073974609375 -0.278228759765625 0.302825927734375
0.169342041015625 -0.0308837890625 -0.313568115234375 0.276702880859375
0.141616821289063 0.0374755859375 -0.363311767578125 0.131011962890625
0.0914993286132813 0.1256103515625 -0.31695556640625 -0.0204772949218749
-0.009185791015625 0.138801574707031 -0.17657470703125 -0.143096923828125
-0.131416320800781 0.0978927612304688 -0.0228652954101563 -0.1029052734375
-0.168304443359375 0.071746826171875 -0.119888305664063 0.119102478027344
-0.250778198242188 0.032562255859375 -0.402313232421875 0.0594787597656249
-0.0849761962890625 -0.03717041015625 0.46026611328125 -0.166107177734375
-0.0597877502441406 0.0464401245117188 0.174835205078125 -0.175094604492188
0.00889587402343749 0.0960922241210938 -0.0105209350585938 0.0688972473144531
0.0707778930664063 0.0520095825195313 0.157028198242188 0.15362548828125
0.0966949462890625 -0.0169906616210938 0.288818359375 0.069488525390625
0.0382308959960938 -0.0851898193359375 0.359405517578125 -0.140228271484375
-0.00188446044921874 -0.09942626953125 0.322357177734375 -0.336181640625
0.00318145751953125 -0.068939208984375 0.27325439453125 -0.3343505859375
-0.000961303710937492 -0.076507568359375 0.29876708984375 -0.290191650390625
0.043304443359375 -0.0446586608886719 0.30596923828125 -0.160003662109375
0.0603065490722656 0.00330734252929688 0.21441650390625 -0.0550689697265625
0.0160179138183594 0.0639305114746094 0.136398315429688 -0.04315185546875
-0.0533523559570313 0.0428276062011719 0.162246704101562 -0.1748046875
-0.0682029724121094 -0.00985717773437501 0.442901611328125 -0.3228759765625
-0.0105056762695313 -0.0690994262695313 0.8516845703125 -0.05255126953125
-0.375579833984375 0.027496337890625 0.423980712890625 -0.15887451171875
-0.251312255859375 0.172042846679687 0.174591064453125 -0.15692138671875
-0.092926025390625 0.302825927734375 -0.0134849548339844 0.0586585998535157
0.130905151367187 0.232498168945312 0.133659362792969 0.136497497558594
0.240264892578125 0.0885467529296875 0.244003295898438 0.087158203125
0.21990966796875 -0.118194580078125 0.33135986328125 -0.11688232421875
0.15826416015625 -0.208206176757813 0.2984619140625 -0.295135498046875
0.16351318359375 -0.1646728515625 0.240966796875 -0.28863525390625
0.172760009765625 -0.193878173828125 0.270416259765625 -0.249298095703125
0.231765747070313 -0.0895843505859375 0.256210327148438 -0.140731811523438
0.249557495117188 0.079010009765625 0.155410766601563 -0.0492401123046875
0.119979858398437 0.246475219726563 0.107276916503906 -0.069732666015625
-0.150543212890625 0.278671264648437 0.160751342773438 -0.210464477539062
-0.277984619140625 0.17633056640625 0.45379638671875 -0.32415771484375
-0.3162841796875 0.00946044921875 0.829833984375 -0.06671142578125
-0.61236572265625 0.0906982421875 0.29791259765625 -0.141754150390625
-0.41162109375 0.2906494140625 0.12493896484375 -0.110481262207031
-0.17083740234375 0.48907470703125 -0.0162887573242188 0.0604743957519532
0.188720703125 0.390869140625 0.108390808105469 0.110542297363281
0.364227294921875 0.180389404296875 0.178054809570313 0.089691162109375
0.37664794921875 -0.139312744140625 0.26251220703125 -0.0864410400390625
0.294036865234375 -0.28997802734375 0.231597900390625 -0.21771240234375
0.29937744140625 -0.235504150390625 0.17022705078125 -0.19879150390625
0.316986083984375 -0.282989501953125 0.19818115234375 -0.166915893554688
0.38726806640625 -0.122589111328125 0.160385131835938 -0.099334716796875
0.40771484375 0.142669677734375 0.0634269714355469 -0.0403213500976562
0.2161865234375 0.401031494140625 0.0537948608398438 -0.1015625
-0.225677490234375 0.48870849609375 0.140274047851563 -0.240570068359375
-0.453765869140625 0.34637451171875 0.41571044921875 -0.29302978515625
-0.5777587890625 0.0838012695312499 0.70709228515625 -0.06591796875
-0.7569580078125 0.15008544921875 0.101432800292969 -0.111640930175781
-0.511016845703125 0.395599365234375 0.0358238220214843 -0.0377769470214844
-0.2044677734375 0.63079833984375 -0.0196609497070313 0.072235107421875
0.246551513671875 0.50177001953125 0.0709457397460938 0.0772781372070313
0.453765869140625 0.2432861328125 0.09002685546875 0.082000732421875
0.4822998046875 -0.146026611328125 0.155868530273438 -0.0439453125
0.385894775390625 -0.33154296875 0.129608154296875 -0.108528137207031
0.38922119140625 -0.270050048828125 0.07440185546875 -0.0783843994140625
0.41259765625 -0.3275146484375 0.09649658203125 -0.056640625
0.4837646484375 -0.135955810546875 0.0349769592285157 -0.0376510620117188
0.508514404296875 0.18756103515625 -0.0508003234863281 -0.0231704711914062
0.28192138671875 0.4998779296875 -0.0188140869140625 -0.125267028808594
-0.26666259765625 0.632080078125 0.101104736328125 -0.248077392578125
-0.5628662109375 0.466552734375 0.330780029296875 -0.219329833984375
-0.7491455078125 0.14178466796875 0.500946044921875 -0.0399169921875
-0.791748046875 0.19677734375 -0.137779235839844 -0.0676345825195312
-0.530120849609375 0.459228515625 -0.0798873901367188 0.0554428100585938
-0.190673828125 0.6893310546875 -0.0282135009765625 0.0882644653320313
0.2818603515625 0.533416748046875 0.0169868469238281 0.0420913696289063
0.48468017578125 0.259521484375 -0.0162124633789062 0.0705337524414063
0.517364501953125 -0.14202880859375 0.0243206024169922 0.00856018066406249
0.419342041015625 -0.32476806640625 0.00827217102050784 0.0160732269287109
0.4178466796875 -0.266387939453125 -0.0326385498046875 0.0529136657714844
0.4443359375 -0.321441650390625 -0.0220870971679687 0.0648727416992187
0.503265380859375 -0.124359130859375 -0.101737976074219 0.0339126586914063
0.5228271484375 0.209716796875 -0.166732788085937 -0.00086975097656252
0.290985107421875 0.518157958984375 -0.0962600708007812 -0.1357421875
-0.27947998046875 0.65771484375 0.0532379150390625 -0.22711181640625
-0.58673095703125 0.4942626953125 0.211868286132812 -0.114028930664062
-0.79931640625 0.1632080078125 0.243453979492187 -0.00170898437499999
-0.70672607421875 0.218505859375 -0.3843994140625 -0.0102844238281249
-0.464080810546875 0.450958251953125 -0.2044677734375 0.154708862304688
-0.14361572265625 0.629150390625 -0.0441970825195313 0.105812072753906
0.2691650390625 0.470916748046875 -0.0462417602539062 0.0153732299804688
0.4317626953125 0.23040771484375 -0.118820190429687 0.057891845703125
0.46875 -0.118865966796875 -0.108932495117187 0.06549072265625
0.383331298828125 -0.27227783203125 -0.11309814453125 0.14056396484375
0.383209228515625 -0.221771240234375 -0.134902954101563 0.176177978515625
0.40985107421875 -0.265350341796875 -0.139663696289062 0.176528930664062
0.440948486328125 -0.0849609375 -0.223907470703125 0.098968505859375
0.4410400390625 0.20391845703125 -0.259323120117188 0.0147857666015625
0.2254638671875 0.451507568359375 -0.1571044921875 -0.13623046875
-0.261688232421875 0.55242919921875 0.010284423828125 -0.1845703125
-0.51861572265625 0.413421630859375 0.0827484130859375 -0.00162506103515622
-0.7213134765625 0.148193359375 -0.0216445922851563 0.0403633117675781
-0.51513671875 0.200439453125 -0.602783203125 0.04754638671875
-0.327606201171875 0.36505126953125 -0.3228759765625 0.238494873046875
-0.08172607421875 0.4537353515625 -0.065032958984375 0.1231689453125
0.200927734375 0.325469970703125 -0.0997543334960938 0.00342559814453127
0.30133056640625 0.16082763671875 -0.193145751953125 0.044464111328125
0.340087890625 -0.074981689453125 -0.216873168945312 0.113662719726563
0.289215087890625 -0.1768798828125 -0.214126586914062 0.24212646484375
0.2889404296875 -0.144256591796875 -0.2178955078125 0.272796630859375
0.311676025390625 -0.16595458984375 -0.238174438476563 0.25933837890625
0.313812255859375 -0.0303955078125 -0.314727783203125 0.139923095703125
0.285919189453125 0.17578125 -0.31182861328125 0.013946533203125
0.112823486328125 0.3153076171875 -0.186996459960938 -0.133865356445312
-0.21502685546875 0.345611572265625 -0.0171661376953125 -0.137802124023437
-0.36871337890625 0.259613037109375 -0.0319290161132813 0.0862655639648438
-0.52838134765625 0.1021728515625 -0.251556396484375 0.0716094970703125
-0.241958618164063 0.147476196289063 -0.76092529296875 0.0967407226562499
-0.143569946289063 0.220458984375 -0.4178466796875 0.297882080078125
-0.0061187744140625 0.210372924804688 -0.08245849609375 0.145050048828125
0.102790832519531 0.129981994628906 -0.127388000488281 0.0097808837890625
0.124671936035156 0.0674896240234375 -0.22174072265625 0.0290374755859375
0.157745361328125 -0.0189056396484375 -0.280120849609375 0.141342163085938
0.148406982421875 -0.053466796875 -0.277618408203125 0.303680419921875
0.151260375976563 -0.04473876953125 -0.2662353515625 0.326324462890625
0.170486450195312 -0.0451202392578125 -0.303436279296875 0.301910400390625
0.146942138671875 0.02752685546875 -0.361907958984375 0.1541748046875
0.103897094726562 0.121635437011719 -0.32208251953125 -0.00183105468749995
0.00015258789062501 0.144149780273438 -0.18841552734375 -0.133804321289063
-0.130790710449219 0.110588073730469 -0.0290145874023438 -0.100814819335938
-0.1685791015625 0.084716796875 -0.111770629882813 0.133499145507812
-0.2579345703125 0.0486907958984375 -0.408599853515625 0.0873718261718751
-0.0827789306640625 -0.0307540893554687 0.447906494140625 -0.19488525390625
-0.0564308166503906 0.0465087890625 0.161102294921875 -0.189346313476563
0.0134811401367188 0.0931320190429688 -0.00677490234375 0.0672454833984375
0.071807861328125 0.045989990234375 0.164230346679688 0.13983154296875
0.0938720703125 -0.0242462158203125 0.290008544921875 0.051116943359375
0.02960205078125 -0.0858306884765625 0.348388671875 -0.159942626953125
-0.00962066650390624 -0.09552001953125 0.29693603515625 -0.353546142578125
-0.00243377685546876 -0.0663795471191406 0.251800537109375 -0.34967041015625
-0.00738525390625001 -0.0740509033203125 0.279815673828125 -0.3089599609375
0.03936767578125 -0.046356201171875 0.295379638671875 -0.177001953125
0.0577812194824219 -0.00150299072265625 0.209304809570313 -0.0665283203125
0.0196380615234375 0.0618400573730469 0.132987976074219 -0.051605224609375
-0.0465965270996094 0.0443153381347656 0.14788818359375 -0.184539794921875
-0.0643234252929688 -0.00524139404296876 0.41583251953125 -0.350128173828125
-0.0136260986328125 -0.0669975280761719 0.84124755859375 -0.1044921875
-0.369232177734375 0.051513671875 0.414581298828125 -0.186248779296875
-0.240203857421875 0.182662963867188 0.162200927734375 -0.172683715820313
-0.073974609375 0.305877685546875 -0.0107574462890625 0.0573883056640625
0.142440795898438 0.220352172851563 0.140884399414063 0.124267578125
0.244613647460938 0.0707244873046875 0.24835205078125 0.071441650390625
0.206710815429687 -0.130889892578125 0.32049560546875 -0.137115478515625
0.140029907226563 -0.216018676757813 0.275543212890625 -0.31341552734375
0.151260375976563 -0.172775268554688 0.221710205078125 -0.301300048828125
0.15545654296875 -0.202865600585938 0.254241943359375 -0.266815185546875
0.22198486328125 -0.104080200195312 0.24664306640625 -0.154251098632813
0.24932861328125 0.06085205078125 0.15216064453125 -0.056793212890625
0.135162353515625 0.237258911132813 0.103424072265625 -0.0766754150390625
-0.128662109375 0.28607177734375 0.146194458007813 -0.219100952148437
-0.259994506835938 0.191665649414062 0.42822265625 -0.35125732421875
-0.314971923828125 0.0297851562499999 0.818359375 -0.11517333984375
-0.60321044921875 0.12994384765625 0.291229248046875 -0.16192626953125
-0.39166259765625 0.31005859375 0.117813110351562 -0.125892639160156
-0.1387939453125 0.49700927734375 -0.0124473571777344 0.0607070922851563
0.210693359375 0.374114990234375 0.1142578125 0.100898742675781
0.37445068359375 0.154693603515625 0.185302734375 0.078765869140625
0.35992431640625 -0.16339111328125 0.2529296875 -0.104278564453125
0.26812744140625 -0.306732177734375 0.213760375976563 -0.2325439453125
0.280746459960938 -0.25384521484375 0.156906127929688 -0.207748413085938
0.2923583984375 -0.30108642578125 0.187820434570313 -0.180343627929688
0.372222900390625 -0.147979736328125 0.154083251953125 -0.107376098632813
0.412200927734375 0.113922119140625 0.0613479614257813 -0.041900634765625
0.240753173828125 0.385528564453125 0.0483474731445313 -0.103935241699219
-0.188873291015625 0.501129150390625 0.125518798828125 -0.247451782226563
-0.422088623046875 0.372467041015625 0.393402099609375 -0.316680908203125
-0.57135009765625 0.12164306640625 0.69732666015625 -0.10546875
-0.7462158203125 0.199462890625 0.0986557006835937 -0.119476318359375
-0.48699951171875 0.42071533203125 0.0352973937988281 -0.0471038818359375
-0.162841796875 0.64306640625 -0.0153732299804688 0.0732879638671875
0.2752685546875 0.481109619140625 0.0759124755859375 0.0707855224609375
0.47039794921875 0.210723876953125 0.097808837890625 0.0766677856445313
0.4652099609375 -0.1795654296875 0.148651123046875 -0.0569305419921875
0.356536865234375 -0.35418701171875 0.119148254394531 -0.118850708007813
0.36767578125 -0.29437255859375 0.0690994262695313 -0.082366943359375
0.384429931640625 -0.352874755859375 0.0928878784179688 -0.0641403198242188
0.467041015625 -0.167633056640625 0.0330238342285157 -0.0387916564941406
0.51556396484375 0.151763916015625 -0.05096435546875 -0.0177268981933594
0.3135986328125 0.4801025390625 -0.0243682861328125 -0.12310791015625
-0.2222900390625 0.64727783203125 0.0869903564453125 -0.252792358398437
-0.52557373046875 0.495147705078125 0.316375732421875 -0.238494873046875
-0.739501953125 0.18719482421875 0.494110107421875 -0.06768798828125
-0.78009033203125 0.24639892578125 -0.136734008789063 -0.0611114501953125
-0.50341796875 0.486541748046875 -0.0728378295898438 0.0528640747070313
-0.145751953125 0.70086669921875 -0.0222320556640625 0.0915756225585938
0.3135986328125 0.511993408203125 0.0224685668945313 0.0414962768554688
0.4996337890625 0.227386474609375 -0.00640869140624997 0.0707015991210938
0.50128173828125 -0.177947998046875 0.0208187103271485 0.00213241577148436
0.389739990234375 -0.35186767578125 0.00617885589599612 0.0131511688232422
0.3966064453125 -0.291656494140625 -0.0287017822265625 0.0547866821289062
0.4151611328125 -0.349456787109375 -0.0178070068359375 0.0638885498046875
0.4864501953125 -0.15606689453125 -0.0981674194335937 0.0404891967773437
0.530059814453125 0.171356201171875 -0.163955688476562 0.011474609375
0.32196044921875 0.49835205078125 -0.102188110351563 -0.128181457519531
-0.23223876953125 0.67291259765625 0.04241943359375 -0.228652954101562
-0.546875 0.525054931640625 0.205734252929687 -0.125411987304687
-0.78961181640625 0.21099853515625 0.240707397460937 -0.0131988525390625
-0.6966552734375 0.26092529296875 -0.37835693359375 0.0116577148437501
-0.438323974609375 0.47686767578125 -0.190582275390625 0.161178588867188
-0.10235595703125 0.63897705078125 -0.0366744995117188 0.1102294921875
0.2979736328125 0.452178955078125 -0.0414009094238281 0.019561767578125
0.448211669921875 0.200408935546875 -0.109397888183594 0.065032958984375
0.454986572265625 -0.15093994140625 -0.108024597167969 0.0667190551757812
0.35968017578125 -0.299285888671875 -0.105545043945312 0.143829345703125
0.365478515625 -0.24798583984375 -0.123672485351562 0.183746337890625
0.385467529296875 -0.290679931640625 -0.128204345703125 0.181976318359375
0.428741455078125 -0.1143798828125 -0.216323852539062 0.111770629882812
0.4512939453125 0.17413330078125 -0.25531005859375 0.0322418212890625
0.253631591796875 0.43505859375 -0.162948608398437 -0.124038696289062
-0.22540283203125 0.566650390625 0.0015411376953125 -0.182968139648437
-0.486083984375 0.441131591796875 0.0862350463867187 -0.00583648681640622
-0.7117919921875 0.19073486328125 -0.0193443298339844 0.0444488525390625
-0.508270263671875 0.23236083984375 -0.59259033203125 0.0829467773437501
-0.30517578125 0.38323974609375 -0.303436279296875 0.2545166015625
-0.0511779785156251 0.461761474609375 -0.0561294555664063 0.129356384277344
0.22100830078125 0.311798095703125 -0.0955886840820313 0.011627197265625
0.314697265625 0.140899658203125 -0.185714721679688 0.0554351806640625
0.33172607421875 -0.098480224609375 -0.211563110351562 0.121231079101562
0.273040771484375 -0.198379516601563 -0.198684692382812 0.251937866210938
0.278549194335938 -0.164886474609375 -0.198883056640625 0.284881591796875
0.29620361328125 -0.187347412109375 -0.221466064453125 0.27197265625
0.3065185546875 -0.051605224609375 -0.302734375 0.158477783203125
0.296051025390625 0.1544189453125 -0.306610107421875 0.033538818359375
0.13330078125 0.307464599609375 -0.192398071289063 -0.120101928710938
-0.19354248046875 0.359527587890625 -0.0237579345703125 -0.134109497070312
-0.34857177734375 0.279510498046875 -0.0222549438476563 0.08935546875
-0.523406982421875 0.1334228515625 -0.2449951171875 0.0894622802734375
-0.238372802734375 0.161163330078125 -0.747802734375 0.14215087890625
-0.131240844726562 0.229812622070313 -0.3955078125 0.321563720703125
0.00703430175781252 0.214218139648438 -0.0720977783203125 0.15252685546875
0.111320495605469 0.124557495117187 -0.123046875 0.0198516845703125
0.130912780761719 0.0599212646484375 -0.21649169921875 0.0420227050781251
0.155807495117188 -0.030670166015625 -0.271865844726562 0.153915405273438
0.143142700195313 -0.0661468505859375 -0.2574462890625 0.318115234375
0.147735595703125 -0.0562286376953125 -0.24407958984375 0.341156005859375
0.165496826171875 -0.0574493408203125 -0.28277587890625 0.31884765625
0.146392822265625 0.0164794921875 -0.34832763671875 0.175018310546875
0.112930297851563 0.112777709960938 -0.316864013671875 0.01812744140625
0.0106964111328125 0.144546508789063 -0.194473266601563 -0.118911743164063
-0.1251220703125 0.121017456054687 -0.0334930419921875 -0.0960159301757812
-0.162811279296875 0.095794677734375 -0.099578857421875 0.142074584960938
-0.25665283203125 0.065338134765625 -0.4007568359375 0.11602783203125
-0.078155517578125 -0.0263519287109375 0.43212890625 -0.208526611328125
-0.0536575317382813 0.0449447631835938 0.147552490234375 -0.19427490234375
0.0152435302734375 0.0881805419921875 -0.00453948974609375 0.0648765563964844
0.0701255798339844 0.0409469604492188 0.163253784179688 0.128662109375
0.0895004272460938 -0.0290603637695312 0.284515380859375 0.038604736328125
0.0229721069335938 -0.083953857421875 0.3333740234375 -0.168426513671875
-0.0149383544921875 -0.0900421142578125 0.274993896484375 -0.356536865234375
-0.00544357299804688 -0.0628089904785156 0.232635498046875 -0.35101318359375
-0.011871337890625 -0.0695152282714844 0.263153076171875 -0.3145751953125
0.0351142883300781 -0.046142578125 0.2830810546875 -0.182952880859375
0.0538482666015625 -0.00455856323242188 0.201263427734375 -0.0717620849609375
0.0209388732910156 0.0589714050292969 0.128257751464844 -0.0556869506835937
-0.0402908325195313 0.0428390502929688 0.13580322265625 -0.185440063476563
-0.0583724975585938 -0.00262832641601562 0.3878173828125 -0.35894775390625
-0.0146865844726562 -0.0639228820800781 0.81549072265625 -0.13299560546875
-0.35595703125 0.066192626953125 0.40020751953125 -0.199310302734375
-0.22845458984375 0.184326171875 0.150405883789062 -0.179901123046875
-0.059967041015625 0.300445556640625 -0.00928115844726563 0.0560951232910157
0.145843505859375 0.20806884765625 0.140838623046875 0.113418579101563
0.24151611328125 0.0568695068359375 0.24578857421875 0.060394287109375
0.192230224609375 -0.136642456054688 0.30572509765625 -0.145599365234375
0.123550415039063 -0.214630126953125 0.25439453125 -0.317169189453125
0.139511108398438 -0.174087524414063 0.205780029296875 -0.3033447265625
0.14007568359375 -0.203140258789062 0.239532470703125 -0.272735595703125
0.209442138671875 -0.110488891601563 0.236160278320313 -0.159347534179688
0.243759155273438 0.0469970703125 0.146331787109375 -0.059600830078125
0.142135620117188 0.226821899414063 0.098876953125 -0.0787124633789063
-0.11029052734375 0.28424072265625 0.133651733398438 -0.219894409179688
-0.241622924804687 0.196182250976563 0.4010009765625 -0.35980224609375
-0.307281494140625 0.043701171875 0.79412841796875 -0.14398193359375
-0.58282470703125 0.152587890625 0.282989501953125 -0.17181396484375
-0.3724365234375 0.31695556640625 0.110488891601562 -0.133316040039062
-0.11578369140625 0.49261474609375 -0.0108299255371094 0.0600852966308594
0.218719482421875 0.35498046875 0.116096496582031 0.0923080444335938
0.37335205078125 0.13427734375 0.18658447265625 0.0692596435546875
0.3397216796875 -0.175567626953125 0.239715576171875 -0.112762451171875
0.244720458984375 -0.31072998046875 0.197052001953125 -0.236221313476563
0.263427734375 -0.258987426757813 0.145797729492188 -0.208999633789063
0.269622802734375 -0.305572509765625 0.177276611328125 -0.187042236328125
0.3529052734375 -0.159637451171875 0.146987915039063 -0.110214233398438
0.403411865234375 0.092254638671875 0.0583915710449219 -0.0412864685058594
0.2515869140625 0.36767578125 0.045074462890625 -0.104034423828125
-0.162139892578125 0.497833251953125 0.114028930664062 -0.24725341796875
-0.39398193359375 0.377471923828125 0.3709716796875 -0.325286865234375
-0.555419921875 0.142852783203125 0.67620849609375 -0.12896728515625
-0.723388671875 0.22479248046875 0.0969009399414062 -0.123382568359375
-0.461181640625 0.4288330078125 0.0332374572753906 -0.0546340942382812
-0.1328125 0.63848876953125 -0.0120925903320313 0.0734634399414063
0.28668212890625 0.457550048828125 0.0791473388671875 0.0655059814453125
0.469970703125 0.18536376953125 0.102828979492188 0.0702743530273438
0.4422607421875 -0.196197509765625 0.139579772949219 -0.06365966796875
0.32940673828125 -0.36297607421875 0.108512878417969 -0.1221923828125
0.346710205078125 -0.30322265625 0.0643539428710938 -0.0822601318359375
0.35662841796875 -0.361480712890625 0.088623046875 -0.0689544677734375
0.44378662109375 -0.182891845703125 0.0313072204589844 -0.0387306213378906
0.507049560546875 0.12548828125 -0.0495414733886718 -0.0131607055664062
0.32647705078125 0.459014892578125 -0.0264739990234375 -0.119369506835937
-0.1907958984375 0.6427001953125 0.0774993896484375 -0.250930786132812
-0.490753173828125 0.500274658203125 0.299560546875 -0.24603271484375
-0.72064208984375 0.21270751953125 0.4791259765625 -0.083221435546875
-0.759765625 0.27435302734375 -0.130928039550781 -0.0567169189453125
-0.476531982421875 0.495147705078125 -0.0677642822265625 0.0478363037109375
-0.11260986328125 0.69720458984375 -0.017425537109375 0.0927352905273438
0.327728271484375 0.487823486328125 0.0259590148925781 0.0394783020019532
0.50311279296875 0.199188232421875 0.000801086425781274 0.0685043334960938
0.4764404296875 -0.196533203125 0.0159397125244141 -0.00154876708984376
0.3604736328125 -0.36431884765625 0.00301933288574221 0.01080322265625
0.3753662109375 -0.30322265625 -0.0262794494628906 0.0560111999511719
0.388214111328125 -0.35791015625 -0.0152397155761719 0.0611190795898437
0.463287353515625 -0.1737060546875 -0.0935211181640625 0.0439453125
0.5244140625 0.143951416015625 -0.158370971679687 0.019378662109375
0.3359375 0.475616455078125 -0.102424621582031 -0.120948791503906
-0.200927734375 0.6695556640625 0.034027099609375 -0.2254638671875
-0.51129150390625 0.5289306640625 0.197845458984375 -0.13134765625
-0.76898193359375 0.2376708984375 0.23529052734375 -0.0198211669921875
-0.67913818359375 0.2860107421875 -0.36602783203125 0.0227966308593751
-0.412933349609375 0.4837646484375 -0.178146362304688 0.159317016601563
-0.07269287109375 0.63592529296875 -0.030303955078125 0.113021850585938
0.30877685546875 0.4310302734375 -0.0363006591796875 0.0213851928710938
0.45013427734375 0.177093505859375 -0.100173950195312 0.06695556640625
0.435394287109375 -0.168731689453125 -0.107208251953125 0.0663070678710937
0.333526611328125 -0.3094482421875 -0.100723266601562 0.143386840820313
0.346527099609375 -0.258453369140625 -0.113037109375 0.185348510742187
0.360931396484375 -0.300262451171875 -0.118484497070312 0.182357788085938
0.409515380859375 -0.129364013671875 -0.206497192382813 0.11749267578125
0.446136474609375 0.1495361328125 -0.246200561523437 0.0426788330078125
0.265350341796875 0.418548583984375 -0.161834716796875 -0.114654541015625
-0.198974609375 0.56427001953125 -0.00341796875000001 -0.179443359375
-0.45587158203125 0.44757080078125 0.0864715576171875 -0.00869750976562497
-0.69488525390625 0.213623046875 -0.017578125 0.0465507507324219
-0.493316650390625 0.247467041015625 -0.57421875 0.10247802734375
-0.28643798828125 0.388763427734375 -0.2840576171875 0.258880615234375
-0.030609130859375 0.45928955078125 -0.0481719970703125 0.132057189941406
0.2293701171875 0.2978515625 -0.0889968872070312 0.016510009765625
0.316253662109375 0.124847412109375 -0.176315307617188 0.060150146484375
0.317657470703125 -0.113128662109375 -0.205795288085937 0.124038696289063
0.25531005859375 -0.208587646484375 -0.186599731445312 0.253372192382813
0.263778686523438 -0.174270629882813 -0.183685302734375 0.2862548828125
0.27899169921875 -0.196609497070313 -0.206207275390625 0.273849487304688
0.29443359375 -0.062957763671875 -0.28948974609375 0.16552734375
0.29522705078125 0.13714599609375 -0.29583740234375 0.0455322265625001
0.143707275390625 0.2969970703125 -0.19158935546875 -0.10882568359375
-0.17523193359375 0.361572265625 -0.0258636474609375 -0.129386901855469
-0.329681396484375 0.285064697265625 -0.0142364501953125 0.0886764526367188
-0.510040283203125 0.150787353515625 -0.23614501953125 0.099578857421875
-0.232376098632813 0.167160034179688 -0.7236328125 0.16534423828125
-0.120758056640625 0.230972290039063 -0.371185302734375 0.328155517578125
0.016357421875 0.213516235351563 -0.0623779296875 0.155120849609375
0.114730834960938 0.119293212890625 -0.115943908691406 0.0260696411132812
0.132644653320313 0.0538330078125 -0.208480834960938 0.0485687255859375
0.151260375976563 -0.037872314453125 -0.2626953125 0.158782958984375
0.135932922363281 -0.0732955932617188 -0.24090576171875 0.3206787109375
0.141403198242188 -0.0626983642578125 -0.224853515625 0.343780517578125
0.158157348632813 -0.064300537109375 -0.263763427734375 0.323760986328125
0.14251708984375 0.0093994140625 -0.333038330078125 0.18438720703125
0.116401672363281 0.104530334472656 -0.306671142578125 0.03021240234375
0.0180511474609375 0.141921997070313 -0.193801879882813 -0.10687255859375
-0.118789672851562 0.126129150390625 -0.0350875854492187 -0.0913543701171875
-0.156021118164063 0.100250244140625 -0.0874481201171875 0.143707275390625
-0.25189208984375 0.07318115234375 -0.38751220703125 0.131011962890625
-0.0733795166015625 -0.0250091552734375 0.42425537109375 -0.2120361328125
-0.0525779724121094 0.0428237915039062 0.1396484375 -0.1944580078125
0.0153045654296875 0.0851821899414063 -0.00448226928710937 0.0629692077636719
0.0674400329589844 0.039031982421875 0.160110473632813 0.121795654296875
0.0854263305664063 -0.031341552734375 0.279678344726563 0.034149169921875
0.0191574096679688 -0.0809555053710938 0.324310302734375 -0.1685791015625
-0.0168609619140625 -0.0846710205078125 0.26385498046875 -0.355072021484375
-0.00664901733398437 -0.0597190856933594 0.225128173828125 -0.349395751953125
-0.0144615173339844 -0.0666465759277344 0.256011962890625 -0.315216064453125
0.0330467224121094 -0.045684814453125 0.276763916015625 -0.182907104492188
0.050262451171875 -0.00545120239257812 0.19671630859375 -0.0725555419921875
0.021087646484375 0.0574531555175781 0.125473022460938 -0.0571975708007812
-0.0368156433105469 0.0404205322265625 0.128662109375 -0.183639526367187
-0.0533561706542969 -0.00219345092773439 0.371185302734375 -0.358184814453125
-0.0141754150390625 -0.0607452392578125 0.79718017578125 -0.14251708984375
-0.345916748046875 0.0710754394531249 0.393402099609375 -0.203216552734375
-0.222640991210937 0.182113647460938 0.143707275390625 -0.1827392578125
-0.056121826171875 0.295806884765625 -0.008636474609375 0.0554962158203125
0.144439697265625 0.201522827148438 0.139419555664063 0.108360290527344
0.237472534179688 0.050323486328125 0.243515014648438 0.0546722412109375
0.183029174804688 -0.135650634765625 0.29638671875 -0.146697998046875
0.114700317382812 -0.210708618164063 0.243255615234375 -0.315765380859375
0.134323120117188 -0.171661376953125 0.197967529296875 -0.3013916015625
0.131500244140625 -0.200424194335938 0.233200073242188 -0.274444580078125
0.201400756835938 -0.11114501953125 0.231124877929688 -0.158584594726563
0.237503051757813 0.0424346923828125 0.14251708984375 -0.05865478515625
0.143325805664063 0.220809936523437 0.0974502563476563 -0.0798263549804687
-0.10186767578125 0.2789306640625 0.128097534179687 -0.218490600585937
-0.230621337890625 0.194061279296875 0.385955810546875 -0.3599853515625
-0.301177978515625 0.048492431640625 0.77496337890625 -0.15167236328125
-0.57012939453125 0.1593017578125 0.280059814453125 -0.17572021484375
-0.363555908203125 0.312744140625 0.105064392089844 -0.138008117675781
-0.107025146484375 0.486785888671875 -0.00969696044921875 0.0602493286132813
0.218597412109375 0.343994140625 0.115020751953125 0.0872421264648438
0.3701171875 0.122955322265625 0.186233520507813 0.0644073486328125
0.325714111328125 -0.177215576171875 0.230789184570313 -0.114471435546875
0.230133056640625 -0.308929443359375 0.187255859375 -0.236526489257813
0.25439453125 -0.257888793945313 0.14117431640625 -0.207107543945313
0.2550048828125 -0.3038330078125 0.172225952148438 -0.188796997070313
0.340240478515625 -0.161346435546875 0.144287109375 -0.108688354492188
0.395660400390625 0.084075927734375 0.0575637817382813 -0.0393257141113281
0.2535400390625 0.359039306640625 0.0450286865234375 -0.103691101074219
-0.15057373046875 0.49029541015625 0.109359741210938 -0.245223999023438
-0.378631591796875 0.3726806640625 0.359161376953125 -0.325836181640625
-0.546051025390625 0.149078369140625 0.662109375 -0.1328125
-0.7093505859375 0.23358154296875 0.0980453491210937 -0.12530517578125
-0.451385498046875 0.426025390625 0.0323410034179687 -0.0602340698242187
-0.11968994140625 0.6318359375 -0.00998687744140626 0.0748748779296875
0.2867431640625 0.44586181640625 0.0802459716796875 0.0622329711914063
0.467254638671875 0.17193603515625 0.105697631835938 0.0664520263671875
0.425628662109375 -0.199981689453125 0.131668090820313 -0.06549072265625
0.310455322265625 -0.3631591796875 0.102821350097656 -0.122085571289063
0.3359375 -0.303741455078125 0.0630874633789063 -0.080963134765625
0.339630126953125 -0.35894775390625 0.0862808227539063 -0.0716400146484375
0.42877197265625 -0.18603515625 0.0312385559082031 -0.0365829467773438
0.497802734375 0.114593505859375 -0.0474166870117187 -0.00958633422851562
0.32843017578125 0.447265625 -0.0254058837890625 -0.117378234863281
-0.17779541015625 0.6343994140625 0.073883056640625 -0.248794555664062
-0.472686767578125 0.494598388671875 0.291168212890625 -0.24639892578125
-0.7091064453125 0.21954345703125 0.468963623046875 -0.085479736328125
-0.7469482421875 0.2838134765625 -0.124794006347656 -0.0571365356445312
-0.464752197265625 0.492340087890625 -0.0654983520507813 0.0424957275390625
-0.0992431640624999 0.6903076171875 -0.0147781372070313 0.0949020385742188
0.3275146484375 0.4744873046875 0.0285987854003906 0.0378646850585938
0.500732421875 0.18756103515625 0.00578689575195315 0.06671142578125
0.459808349609375 -0.20111083984375 0.010986328125 -0.00283527374267579
0.342376708984375 -0.3636474609375 0.000918388366699239 0.0100717544555664
0.364776611328125 -0.305908203125 -0.0254898071289062 0.0566635131835937
0.371826171875 -0.358306884765625 -0.0146102905273437 0.0588455200195312
0.448516845703125 -0.17681884765625 -0.0913314819335937 0.0453872680664062
0.514801025390625 0.132537841796875 -0.154190063476562 0.0235748291015625
0.33734130859375 0.466033935546875 -0.0999221801757812 -0.117897033691406
-0.18780517578125 0.661376953125 0.0319671630859375 -0.223419189453125
-0.494354248046875 0.52301025390625 0.194046020507813 -0.13238525390625
-0.7576904296875 0.24395751953125 0.229339599609375 -0.0204010009765625
-0.667724609375 0.2933349609375 -0.35540771484375 0.025115966796875
-0.402679443359375 0.481475830078125 -0.172897338867188 0.155105590820313
-0.05963134765625 0.63079833984375 -0.0262603759765625 0.11505126953125
0.312103271484375 0.419403076171875 -0.0319328308105469 0.021322250366211
0.4493408203125 0.16644287109375 -0.0939407348632812 0.0659713745117188
0.4202880859375 -0.17498779296875 -0.109390258789062 0.0651473999023437
0.317901611328125 -0.312469482421875 -0.09918212890625 0.142379760742187
0.335906982421875 -0.261260986328125 -0.109512329101563 0.185028076171875
0.345458984375 -0.30194091796875 -0.115371704101562 0.180007934570312
0.395660400390625 -0.133026123046875 -0.201263427734375 0.119277954101563
0.440765380859375 0.139434814453125 -0.2391357421875 0.04656982421875
0.26959228515625 0.409210205078125 -0.158157348632812 -0.109848022460938
-0.1884765625 0.561248779296875 -0.0039825439453125 -0.177322387695312
-0.442138671875 0.441864013671875 0.0872344970703125 -0.010528564453125
-0.68450927734375 0.22088623046875 -0.017303466796875 0.0480194091796875
-0.48809814453125 0.253814697265625 -0.559967041015625 0.1064453125
-0.27935791015625 0.386138916015625 -0.27496337890625 0.255142211914062
-0.02130126953125 0.45733642578125 -0.0430908203125 0.133995056152344
0.231292724609375 0.289581298828125 -0.0838546752929687 0.0176849365234375
0.316864013671875 0.11676025390625 -0.169387817382813 0.061309814453125
0.308319091796875 -0.1182861328125 -0.205413818359375 0.122894287109375
0.243072509765625 -0.211746215820313 -0.18145751953125 0.250747680664063
0.256744384765625 -0.1773681640625 -0.177276611328125 0.285888671875
0.268478393554688 -0.197830200195313 -0.200286865234375 0.2728271484375
0.28497314453125 -0.066131591796875 -0.282318115234375 0.166839599609375
0.292083740234375 0.128631591796875 -0.288238525390625 0.04986572265625
0.1463623046875 0.29046630859375 -0.18804931640625 -0.10284423828125
-0.168426513671875 0.36083984375 -0.025909423828125 -0.127334594726562
-0.31976318359375 0.28228759765625 -0.0102462768554688 0.087310791015625
-0.503753662109375 0.155120849609375 -0.231430053710938 0.102890014648437
-0.231002807617188 0.168121337890625 -0.70721435546875 0.1719970703125
-0.116714477539062 0.229888916015625 -0.359954833984375 0.327239990234375
0.02044677734375 0.2139892578125 -0.056243896484375 0.155654907226563
0.116294860839844 0.117591857910156 -0.11016845703125 0.0282974243164062
0.13372802734375 0.0517959594726563 -0.202713012695313 0.0492401123046875
0.147811889648438 -0.0408935546875 -0.25946044921875 0.158493041992188
0.130851745605469 -0.0768585205078125 -0.233154296875 0.319305419921875
0.137748718261719 -0.0656356811523437 -0.217681884765625 0.34222412109375
0.153518676757813 -0.0670318603515625 -0.25628662109375 0.322509765625
0.138801574707031 0.00693511962890625 -0.32464599609375 0.18505859375
0.117073059082031 0.099212646484375 -0.29833984375 0.03399658203125
0.0210723876953125 0.139686584472656 -0.1912841796875 -0.100814819335937
-0.116546630859375 0.12933349609375 -0.0346603393554688 -0.0888595581054687
-0.152694702148438 0.100448608398437 -0.0808868408203125 0.142868041992188
-0.250152587890625 0.07562255859375 -0.379119873046875 0.136962890625
-0.0703964233398438 -0.0255966186523437 0.429412841796875 -0.2138671875
-0.05322265625 0.0418777465820313 0.13916015625 -0.195846557617188
0.0137252807617187 0.0848464965820313 -0.00466156005859374 0.0639266967773438
0.0652847290039063 0.0392189025878906 0.159835815429688 0.1214599609375
0.0837020874023438 -0.0328369140625 0.280532836914063 0.03411865234375
0.0173721313476563 -0.080108642578125 0.325042724609375 -0.16766357421875
-0.0173110961914063 -0.0824661254882813 0.263580322265625 -0.35675048828125
-0.00677490234375 -0.0576095581054688 0.22796630859375 -0.352691650390625
-0.0162200927734375 -0.0651397705078125 0.26019287109375 -0.319976806640625
0.0317192077636719 -0.0459632873535156 0.280624389648438 -0.182846069335938
0.0485763549804688 -0.00566864013671875 0.196914672851563 -0.07177734375
0.0217628479003906 0.0576057434082031 0.125999450683594 -0.0583038330078125
-0.0348396301269531 0.037872314453125 0.129165649414062 -0.184051513671875
-0.0495376586914062 -0.00305557250976562 0.369049072265625 -0.35772705078125
-0.0125007629394531 -0.0591812133789062 0.80029296875 -0.14208984375
-0.345611572265625 0.0714721679687499 0.3985595703125 -0.207122802734375
-0.224365234375 0.180770874023438 0.14239501953125 -0.18585205078125
-0.05657958984375 0.297637939453125 -0.00860214233398438 0.0568733215332031
0.141983032226562 0.2015380859375 0.139175415039063 0.106437683105469
0.237655639648438 0.0483245849609375 0.245315551757813 0.0542755126953125
0.178878784179688 -0.13580322265625 0.295928955078125 -0.146728515625
0.111831665039063 -0.209136962890625 0.24322509765625 -0.317535400390625
0.134262084960938 -0.171554565429688 0.200836181640625 -0.303558349609375
0.128936767578125 -0.200241088867188 0.235733032226563 -0.279937744140625
0.19952392578125 -0.111404418945313 0.2342529296875 -0.158111572265625
0.236038208007813 0.0420074462890625 0.1435546875 -0.0570220947265625
0.144744873046875 0.222335815429688 0.0982513427734375 -0.0814056396484375
-0.100204467773438 0.278228759765625 0.128036499023437 -0.221084594726562
-0.228164672851563 0.192520141601563 0.38409423828125 -0.36138916015625
-0.303192138671875 0.051361083984375 0.77716064453125 -0.1497802734375
-0.5732421875 0.16217041015625 0.2860107421875 -0.179473876953125
-0.367340087890625 0.312347412109375 0.104721069335937 -0.142669677734375
-0.10467529296875 0.49072265625 -0.00914382934570313 0.0631866455078125
0.21734619140625 0.34515380859375 0.116233825683594 0.0866241455078125
0.37158203125 0.12060546875 0.189804077148438 0.0632171630859375
0.321319580078125 -0.17755126953125 0.229202270507813 -0.11431884765625
0.225189208984375 -0.30859375 0.1854248046875 -0.23760986328125
0.25482177734375 -0.25970458984375 0.143341064453125 -0.208053588867188
0.25225830078125 -0.305145263671875 0.174453735351563 -0.192276000976563
0.33734130859375 -0.161407470703125 0.146804809570313 -0.108551025390625
0.396636962890625 0.083404541015625 0.0589256286621094 -0.0365486145019531
0.256103515625 0.362274169921875 0.0462875366210938 -0.105690002441406
-0.149871826171875 0.492401123046875 0.10919189453125 -0.24786376953125
-0.37799072265625 0.369842529296875 0.35845947265625 -0.32763671875
-0.55206298828125 0.15185546875 0.66314697265625 -0.13201904296875
-0.7161865234375 0.23626708984375 0.10302734375 -0.130363464355469
-0.4566650390625 0.427276611328125 0.0316810607910156 -0.065155029296875
-0.11749267578125 0.63861083984375 -0.00769805908203126 0.0785369873046876
0.28717041015625 0.446929931640625 0.0820693969726563 0.0615005493164063
0.47216796875 0.16925048828125 0.109237670898438 0.0657806396484375
0.421142578125 -0.201629638671875 0.128929138183594 -0.065643310546875
0.304229736328125 -0.364227294921875 0.100883483886719 -0.123390197753906
0.3365478515625 -0.306976318359375 0.064727783203125 -0.0805740356445313
0.337158203125 -0.3614501953125 0.0866470336914063 -0.073944091796875
0.426177978515625 -0.1854248046875 0.031829833984375 -0.0355300903320313
0.498199462890625 0.11419677734375 -0.0459861755371094 -0.00711441040039062
0.330810546875 0.45074462890625 -0.0243988037109375 -0.119621276855469
-0.17755126953125 0.639892578125 0.073944091796875 -0.251663208007812
-0.475067138671875 0.493682861328125 0.291534423828125 -0.248321533203125
-0.7164306640625 0.22265625 0.47064208984375 -0.083343505859375
-0.75384521484375 0.28802490234375 -0.121047973632813 -0.0609664916992187
-0.47113037109375 0.495819091796875 -0.0659523010253907 0.0383377075195313
-0.0952758789062501 0.69952392578125 -0.0117340087890625 0.0993118286132813
0.33135986328125 0.476287841796875 0.0315437316894531 0.0369720458984375
0.506072998046875 0.18426513671875 0.00968170166015628 0.0653877258300781
0.45684814453125 -0.203887939453125 0.00689792633056643 -0.0029730796813965
0.33599853515625 -0.367462158203125 -0.00139713287353514 0.0101509094238281
0.365325927734375 -0.308807373046875 -0.0249900817871094 0.0585823059082031
0.369384765625 -0.36199951171875 -0.0160102844238281 0.0583763122558594
0.445709228515625 -0.176544189453125 -0.0919189453125 0.0471649169921875
0.517303466796875 0.132354736328125 -0.15301513671875 0.025848388671875
0.341278076171875 0.469818115234375 -0.0990066528320312 -0.119338989257812
-0.18829345703125 0.66754150390625 0.0321502685546875 -0.226043701171875
-0.496063232421875 0.5205078125 0.194671630859375 -0.1337890625
-0.7664794921875 0.2467041015625 0.229705810546875 -0.01806640625
-0.676025390625 0.2978515625 -0.355010986328125 0.0224609375
-0.40960693359375 0.48529052734375 -0.174179077148438 0.153121948242188
-0.056640625 0.64031982421875 -0.0233230590820313 0.119354248046875
0.315521240234375 0.420562744140625 -0.0286941528320312 0.021148681640625
0.456085205078125 0.163116455078125 -0.0912857055664062 0.0644683837890625
0.419036865234375 -0.1776123046875 -0.113998413085938 0.0649490356445312
0.31207275390625 -0.315673828125 -0.1019287109375 0.143142700195312
0.338165283203125 -0.265106201171875 -0.110061645507813 0.188034057617187
0.34423828125 -0.304534912109375 -0.11834716796875 0.181488037109375
0.393646240234375 -0.132171630859375 -0.203536987304687 0.120651245117187
0.44140625 0.138397216796875 -0.238784790039063 0.0485992431640625
0.271087646484375 0.412139892578125 -0.158233642578125 -0.11090087890625
-0.18994140625 0.56634521484375 -0.00323486328125003 -0.179946899414063
-0.44427490234375 0.439605712890625 0.088104248046875 -0.0112838745117187
-0.69384765625 0.2210693359375 -0.0188560485839844 0.0506477355957031
-0.49530029296875 0.256866455078125 -0.560150146484375 0.103668212890625
-0.283538818359375 0.388916015625 -0.276535034179688 0.254745483398438
-0.017425537109375 0.464202880859375 -0.0395965576171875 0.138359069824219
0.235992431640625 0.29248046875 -0.0807571411132812 0.0178756713867188
0.322021484375 0.115997314453125 -0.168014526367187 0.0598297119140625
0.30645751953125 -0.118804931640625 -0.210296630859375 0.123397827148438
0.239166259765625 -0.214920043945312 -0.1844482421875 0.25372314453125
0.257492065429687 -0.180740356445312 -0.1788330078125 0.289886474609375
0.26788330078125 -0.200057983398438 -0.203338623046875 0.275115966796875
0.282928466796875 -0.066558837890625 -0.28466796875 0.167999267578125
0.294464111328125 0.126953125 -0.287353515625 0.050689697265625
0.148590087890625 0.29364013671875 -0.187942504882813 -0.102874755859375
-0.17041015625 0.365814208984375 -0.0255966186523438 -0.128936767578125
-0.32257080078125 0.281829833984375 -0.00856018066406251 0.087371826171875
-0.511566162109375 0.155029296875 -0.233627319335938 0.10626220703125
-0.237457275390625 0.170501708984375 -0.7093505859375 0.16961669921875
-0.118667602539063 0.232101440429688 -0.36077880859375 0.328826904296875
0.022216796875 0.21795654296875 -0.0534820556640625 0.1585693359375
0.118782043457031 0.118736267089844 -0.107292175292969 0.02850341796875
0.137138366699219 0.051605224609375 -0.202789306640625 0.0484619140625
0.147445678710938 -0.04156494140625 -0.263626098632813 0.158523559570313
0.1290283203125 -0.0793914794921875 -0.235137939453125 0.321441650390625
0.13800048828125 -0.0681304931640625 -0.2203369140625 0.345947265625
0.153427124023437 -0.0683746337890625 -0.25982666015625 0.326934814453125
0.138526916503906 0.0062713623046875 -0.327392578125 0.185791015625
0.118881225585937 0.0969390869140625 -0.29827880859375 0.0343017578125001
0.0223388671875 0.141250610351563 -0.191268920898437 -0.09979248046875
-0.117683410644531 0.13360595703125 -0.0345382690429688 -0.0890350341796875
-0.154739379882812 0.101974487304688 -0.078582763671875 0.143951416015625
-0.255645751953125 0.076385498046875 -0.38189697265625 0.140411376953125
-0.07012939453125 -0.0266761779785156 0.442108154296875 -0.22802734375
-0.0545806884765625 0.0426559448242188 0.14129638671875 -0.204010009765625
0.013580322265625 0.0866775512695313 -0.00410461425781249 0.0659980773925781
0.065643310546875 0.0409393310546875 0.164306640625 0.122360229492188
0.084014892578125 -0.0351715087890625 0.2884521484375 0.03253173828125
0.014892578125 -0.08160400390625 0.33392333984375 -0.173980712890625
-0.0186767578125 -0.0819015502929688 0.2667236328125 -0.37066650390625
-0.00722503662109375 -0.0576362609863281 0.231597900390625 -0.369476318359375
-0.0190849304199219 -0.065582275390625 0.2664794921875 -0.336883544921875
0.0306625366210938 -0.0471382141113281 0.289886474609375 -0.191619873046875
0.0474662780761719 -0.0055084228515625 0.202301025390625 -0.0739288330078125
0.0234718322753906 0.0586280822753906 0.129524230957031 -0.06231689453125
-0.0336532592773438 0.0362930297851562 0.130783081054688 -0.1910400390625
-0.0480003356933594 -0.00383758544921876 0.37451171875 -0.371063232421875
-0.0115127563476563 -0.0596160888671875 0.8203125 -0.154296875
-0.353485107421875 0.0770568847656251 0.41265869140625 -0.22015380859375
-0.230575561523438 0.186508178710938 0.14501953125 -0.195205688476563
-0.0555419921875 0.3077392578125 -0.00789642333984375 0.0606040954589844
0.145706176757813 0.207107543945313 0.14410400390625 0.1075439453125
0.24395751953125 0.0460662841796875 0.253707885742188 0.05218505859375
0.179702758789063 -0.140533447265625 0.30279541015625 -0.151947021484375
0.110092163085938 -0.214263916015625 0.245452880859375 -0.330078125
0.136917114257813 -0.177505493164063 0.20562744140625 -0.317291259765625
0.127517700195312 -0.20672607421875 0.240966796875 -0.295013427734375
0.201034545898438 -0.115264892578125 0.242843627929687 -0.164535522460937
0.240966796875 0.0409088134765625 0.147705078125 -0.057952880859375
0.152725219726563 0.228652954101563 0.101097106933594 -0.0867919921875
-0.09918212890625 0.286041259765625 0.1297607421875 -0.229034423828125
-0.231231689453125 0.19775390625 0.390472412109375 -0.375457763671875
-0.31170654296875 0.0562744140625 0.79876708984375 -0.159912109375
-0.588134765625 0.17352294921875 0.296539306640625 -0.1922607421875
-0.37744140625 0.32415771484375 0.106277465820312 -0.15203857421875
-0.104034423828125 0.508514404296875 -0.00661468505859376 0.0681304931640625
0.224517822265625 0.35418701171875 0.120773315429688 0.085906982421875
0.38482666015625 0.117767333984375 0.197921752929688 0.0615234375
0.323455810546875 -0.18505859375 0.23284912109375 -0.118942260742188
0.22314453125 -0.318572998046875 0.187286376953125 -0.247055053710938
0.259429931640625 -0.270706176757813 0.147720336914063 -0.217086791992188
0.25335693359375 -0.3165283203125 0.17767333984375 -0.204010009765625
0.343170166015625 -0.16796875 0.151718139648438 -0.111495971679688
0.406005859375 0.081695556640625 0.0614356994628907 -0.0356216430664062
0.269439697265625 0.371917724609375 0.0472869873046875 -0.111320495605469
-0.14947509765625 0.5093994140625 0.10919189453125 -0.257705688476562
-0.385955810546875 0.381500244140625 0.36456298828125 -0.339599609375
-0.57110595703125 0.16302490234375 0.68145751953125 -0.14031982421875
-0.7374267578125 0.25396728515625 0.109886169433594 -0.140113830566406
-0.469451904296875 0.4432373046875 0.0316925048828125 -0.072357177734375
-0.11260986328125 0.66259765625 -0.00457763671875 0.0848159790039063
0.29962158203125 0.4580078125 0.087158203125 0.0603256225585938
0.48876953125 0.166778564453125 0.116378784179688 0.0640106201171875
0.425933837890625 -0.211181640625 0.128761291503906 -0.0679092407226563
0.304290771484375 -0.376983642578125 0.100204467773438 -0.128410339355469
0.342987060546875 -0.321746826171875 0.0672454833984375 -0.083404541015625
0.339996337890625 -0.37774658203125 0.088287353515625 -0.0794754028320313
0.433685302734375 -0.19281005859375 0.033966064453125 -0.0355491638183594
0.5126953125 0.111968994140625 -0.046295166015625 -0.00439834594726562
0.350250244140625 0.465057373046875 -0.025115966796875 -0.124885559082031
-0.1776123046875 0.66156005859375 0.073028564453125 -0.262542724609375
-0.48529052734375 0.5086669921875 0.296539306640625 -0.257904052734375
-0.74066162109375 0.23638916015625 0.48394775390625 -0.088836669921875
-0.77947998046875 0.30670166015625 -0.122100830078125 -0.066070556640625
-0.485107421875 0.515167236328125 -0.0689964294433594 0.035858154296875
-0.08660888671875 0.72784423828125 -0.00679779052734375 0.106307983398438
0.345733642578125 0.488555908203125 0.0353889465332031 0.0364189147949219
0.528472900390625 0.18023681640625 0.0137443542480469 0.0651206970214844
0.4635009765625 -0.21295166015625 0.00353240966796878 -0.00279450416564943
0.3343505859375 -0.38128662109375 -0.00352573394775389 0.0100049972534179
0.372802734375 -0.325531005859375 -0.0237922668457031 0.0623741149902343
0.371917724609375 -0.377899169921875 -0.0168037414550781 0.0596466064453125
0.453704833984375 -0.183502197265625 -0.0936203002929687 0.050750732421875
0.532989501953125 0.129638671875 -0.15509033203125 0.0299530029296875
0.3590087890625 0.483612060546875 -0.102348327636719 -0.123420715332031
-0.19195556640625 0.69329833984375 0.0302734375 -0.235885620117187
-0.508056640625 0.537750244140625 0.199264526367187 -0.139236450195312
-0.7943115234375 0.26287841796875 0.235733032226562 -0.017791748046875
-0.69989013671875 0.3162841796875 -0.361968994140625 0.0235595703124999
-0.421630859375 0.505523681640625 -0.178924560546875 0.155685424804688
-0.04840087890625 0.665771484375 -0.0175323486328125 0.12738037109375
0.32989501953125 0.431884765625 -0.0265750885009765 0.0211067199707032
0.47552490234375 0.162353515625 -0.09033203125 0.065826416015625
0.4248046875 -0.1875 -0.120765686035156 0.0684432983398438
0.311126708984375 -0.329193115234375 -0.105422973632812 0.148941040039063
0.34466552734375 -0.28009033203125 -0.111114501953125 0.197998046875
0.348541259765625 -0.318115234375 -0.121261596679687 0.1893310546875
0.40069580078125 -0.138641357421875 -0.208709716796875 0.127960205078125
0.4547119140625 0.135284423828125 -0.24322509765625 0.0538177490234375
0.285003662109375 0.42523193359375 -0.163177490234375 -0.113250732421875
-0.19317626953125 0.58978271484375 -0.0065460205078125 -0.187545776367188
-0.45611572265625 0.45404052734375 0.0915908813476562 -0.0129852294921875
-0.71942138671875 0.23651123046875 -0.0204505920410157 0.0549278259277344
-0.5128173828125 0.27142333984375 -0.5762939453125 0.10968017578125
-0.292388916015625 0.405059814453125 -0.2838134765625 0.2626953125
-0.01007080078125 0.482635498046875 -0.034759521484375 0.14544677734375
0.247802734375 0.298675537109375 -0.080047607421875 0.0184860229492188
0.336395263671875 0.114349365234375 -0.170578002929688 0.0617218017578125
0.3126220703125 -0.12567138671875 -0.219879150390625 0.128921508789063
0.239181518554688 -0.224594116210938 -0.18927001953125 0.2640380859375
0.2630615234375 -0.1912841796875 -0.182159423828125 0.303558349609375
0.271255493164062 -0.210342407226563 -0.208099365234375 0.28851318359375
0.288970947265625 -0.069854736328125 -0.292388916015625 0.17669677734375
0.30426025390625 0.125640869140625 -0.293365478515625 0.055511474609375
0.15753173828125 0.302947998046875 -0.193572998046875 -0.104705810546875
-0.17333984375 0.382110595703125 -0.028350830078125 -0.13385009765625
-0.3316650390625 0.291290283203125 -0.00611114501953126 0.0895614624023438
-0.5302734375 0.165802001953125 -0.240890502929688 0.1138916015625
-0.2470703125 0.178817749023437 -0.72906494140625 0.1807861328125
-0.122467041015625 0.240997314453125 -0.3692626953125 0.34197998046875
0.0274200439453125 0.226043701171875 -0.0493316650390625 0.164321899414063
0.125160217285156 0.121665954589844 -0.107894897460937 0.0298614501953125
0.1444091796875 0.0514068603515625 -0.208236694335938 0.0511474609375
0.151138305664063 -0.0445709228515625 -0.273574829101563 0.165313720703125
0.129150390625 -0.0842742919921875 -0.24114990234375 0.33477783203125
0.1412353515625 -0.0731658935546875 -0.224884033203125 0.361907958984375
0.156753540039062 -0.073516845703125 -0.265411376953125 0.342742919921875
0.141448974609375 0.0050048828125 -0.336456298828125 0.194732666015625
0.124290466308594 0.0970535278320313 -0.305023193359375 0.0380859375
0.0259246826171875 0.145675659179688 -0.197174072265625 -0.0999603271484374
-0.119979858398438 0.142990112304688 -0.036346435546875 -0.0918197631835937
-0.159774780273438 0.106704711914062 -0.0777740478515625 0.149032592773437
-0.266555786132813 0.082366943359375 -0.392059326171875 0.150238037109375
-0.071502685546875 -0.0264129638671875 0.4541015625 -0.253997802734375
-0.0553016662597656 0.0453338623046875 0.13934326171875 -0.217239379882813
0.0161361694335937 0.0906906127929687 -0.00156402587890624 0.0697784423828125
0.0682792663574219 0.0419158935546875 0.173995971679688 0.119461059570313
0.083038330078125 -0.0397491455078125 0.2999267578125 0.0220947265625
0.0100555419921875 -0.083709716796875 0.3408203125 -0.19140625
-0.0222854614257813 -0.0823898315429688 0.262664794921875 -0.395233154296875
-0.00898361206054688 -0.0581893920898437 0.22821044921875 -0.396148681640625
-0.0242500305175781 -0.065093994140625 0.265533447265625 -0.36578369140625
0.0292129516601562 -0.0495033264160156 0.297393798828125 -0.210479736328125
0.0480918884277344 -0.00661087036132812 0.207077026367188 -0.082794189453125
0.0265731811523438 0.0601119995117187 0.131690979003906 -0.071136474609375
-0.0332794189453125 0.0360679626464844 0.129180908203125 -0.20379638671875
-0.0470848083496094 -0.00433349609375 0.371429443359375 -0.3975830078125
-0.012481689453125 -0.060150146484375 0.84613037109375 -0.188720703125
-0.3621826171875 0.0920104980468749 0.423492431640625 -0.247833251953125
-0.234298706054688 0.2010498046875 0.143280029296875 -0.21002197265625
-0.046630859375 0.323760986328125 -0.00383377075195313 0.0652885437011719
0.156570434570313 0.211288452148438 0.152633666992187 0.104202270507813
0.253768920898438 0.037078857421875 0.265701293945313 0.043548583984375
0.177215576171875 -0.150543212890625 0.308013916015625 -0.16741943359375
0.103729248046875 -0.223556518554687 0.24188232421875 -0.352203369140625
0.135086059570313 -0.188995361328125 0.202880859375 -0.3394775390625
0.12127685546875 -0.217864990234375 0.240386962890625 -0.3203125
0.202728271484375 -0.125885009765625 0.248672485351563 -0.18048095703125
0.250442504882813 0.0341033935546875 0.152328491210938 -0.06365966796875
0.168731689453125 0.232376098632813 0.102340698242188 -0.0961380004882812
-0.092926025390625 0.2998046875 0.125137329101563 -0.244415283203125
-0.231552124023438 0.210739135742188 0.387939453125 -0.4031982421875
-0.32305908203125 0.071624755859375 0.82232666015625 -0.19482421875
-0.6046142578125 0.20343017578125 0.30438232421875 -0.215850830078125
-0.383544921875 0.350128173828125 0.10394287109375 -0.166107177734375
-0.087066650390625 0.5355224609375 -0.000244140625000005 0.073944091796875
0.244049072265625 0.3604736328125 0.129432678222656 0.0826492309570313
0.40289306640625 0.1051025390625 0.208694458007813 0.05426025390625
0.32427978515625 -0.2030029296875 0.23626708984375 -0.1300048828125
0.214630126953125 -0.335968017578125 0.183822631835937 -0.264541625976563
0.258148193359375 -0.292022705078125 0.14703369140625 -0.232345581054688
0.24737548828125 -0.337615966796875 0.177932739257813 -0.222213745117188
0.347442626953125 -0.18524169921875 0.155975341796875 -0.120864868164063
0.42431640625 0.06927490234375 0.0634841918945313 -0.0370597839355469
0.29681396484375 0.37841796875 0.04510498046875 -0.119613647460937
-0.136444091796875 0.534698486328125 0.102447509765625 -0.273712158203125
-0.38763427734375 0.406402587890625 0.36334228515625 -0.365478515625
-0.590087890625 0.1920166015625 0.70025634765625 -0.16741943359375
-0.758056640625 0.2950439453125 0.112197875976562 -0.155715942382812
-0.475494384765625 0.479034423828125 0.0288467407226562 -0.081390380859375
-0.0888671875 0.697021484375 0.00405120849609375 0.0914840698242188
0.326446533203125 0.46502685546875 0.0934677124023438 0.0573348999023438
0.515380859375 0.1500244140625 0.124931335449219 0.0601272583007813
0.428955078125 -0.23394775390625 0.128929138183594 -0.0739517211914063
0.294158935546875 -0.40093994140625 0.097320556640625 -0.137580871582031
0.34326171875 -0.348663330078125 0.0689239501953125 -0.0891876220703125
0.334869384765625 -0.404083251953125 0.0885696411132813 -0.0878143310546875
0.440216064453125 -0.21490478515625 0.0353126525878907 -0.0366477966308594
0.53570556640625 0.09564208984375 -0.0459861755371093 -0.000434875488281238
0.382965087890625 0.4708251953125 -0.0306243896484375 -0.131004333496094
-0.16119384765625 0.69708251953125 0.06390380859375 -0.277099609375
-0.48651123046875 0.54095458984375 0.2967529296875 -0.278228759765625
-0.7684326171875 0.275634765625 0.49725341796875 -0.106781005859375
-0.8017578125 0.35101318359375 -0.126251220703125 -0.0694808959960937
-0.4896240234375 0.55535888671875 -0.071685791015625 0.0354537963867188
-0.0606689453125 0.76397705078125 0.00318145751953125 0.114082336425781
0.3773193359375 0.49554443359375 0.039764404296875 0.0341339111328125
0.556732177734375 0.163848876953125 0.0195350646972657 0.0646743774414063
0.468231201171875 -0.239227294921875 0.000331521034240752 -0.00174474716186525
0.325836181640625 -0.407318115234375 -0.00482177734374998 0.0108346939086914
0.37548828125 -0.354949951171875 -0.0210609436035156 0.0668563842773437
0.36956787109375 -0.407196044921875 -0.0164718627929687 0.0629730224609375
0.46270751953125 -0.206451416015625 -0.0955352783203125 0.058502197265625
0.557403564453125 0.114349365234375 -0.158157348632813 0.0390167236328125
0.3944091796875 0.491424560546875 -0.111076354980469 -0.126335144042969
-0.17291259765625 0.7303466796875 0.019256591796875 -0.24755859375
-0.51397705078125 0.57269287109375 0.201400756835937 -0.151504516601562
-0.82275390625 0.3050537109375 0.24261474609375 -0.024871826171875
-0.721435546875 0.35675048828125 -0.373809814453125 0.0325927734375001
-0.4244384765625 0.5416259765625 -0.181503295898438 0.164962768554688
-0.02020263671875 0.6971435546875 -0.00791168212890624 0.134819030761719
0.35992431640625 0.43756103515625 -0.024271011352539 0.0209083557128907
0.50335693359375 0.14630126953125 -0.0887527465820312 0.070068359375
0.430633544921875 -0.20849609375 -0.126632690429687 0.076629638671875
0.305999755859375 -0.352325439453125 -0.10614013671875 0.159835815429688
0.34716796875 -0.306640625 -0.106475830078125 0.212631225585938
0.348358154296875 -0.345672607421875 -0.119918823242187 0.204208374023437
0.4093017578125 -0.156707763671875 -0.212539672851562 0.142166137695312
0.47760009765625 0.12255859375 -0.249053955078125 0.0661163330078125
0.3148193359375 0.433502197265625 -0.173065185546875 -0.113540649414062
-0.17901611328125 0.6236572265625 -0.01666259765625 -0.196151733398438
-0.459503173828125 0.48626708984375 0.0943527221679687 -0.0162887573242187
-0.7452392578125 0.2716064453125 -0.0203971862792969 0.0612716674804688
-0.527496337890625 0.30328369140625 -0.5919189453125 0.1322021484375
-0.291534423828125 0.43426513671875 -0.2861328125 0.2816162109375
0.01019287109375 0.50506591796875 -0.024993896484375 0.152801513671875
0.26934814453125 0.301727294921875 -0.0804595947265625 0.0208969116210938
0.357025146484375 0.103912353515625 -0.172576904296875 0.069488525390625
0.31756591796875 -0.1427001953125 -0.226821899414062 0.14227294921875
0.235000610351563 -0.241744995117187 -0.188720703125 0.2823486328125
0.2650146484375 -0.210891723632813 -0.177490234375 0.32525634765625
0.272232055664063 -0.230621337890625 -0.207122802734375 0.3115234375
0.296173095703125 -0.082794189453125 -0.298858642578125 0.196075439453125
0.320404052734375 0.117401123046875 -0.30145263671875 0.069061279296875
0.176483154296875 0.30902099609375 -0.204727172851563 -0.102066040039062
-0.166259765625 0.407928466796875 -0.03607177734375 -0.138694763183594
-0.3358154296875 0.313262939453125 -0.00196075439453128 0.0935745239257813
-0.550384521484375 0.19451904296875 -0.247467041015625 0.131393432617187
-0.254806518554688 0.196319580078125 -0.74945068359375 0.21234130859375
-0.119735717773438 0.255905151367188 -0.370941162109375 0.36932373046875
0.0388336181640625 0.235504150390625 -0.04168701171875 0.172592163085938
0.136329650878906 0.121330261230469 -0.1087646484375 0.03466796875
0.15399169921875 0.047027587890625 -0.21337890625 0.0605316162109375
0.154937744140625 -0.0521240234375 -0.281341552734375 0.18096923828125
0.129287719726563 -0.0926742553710938 -0.238525390625 0.358367919921875
0.143417358398437 -0.0832672119140625 -0.22039794921875 0.38836669921875
0.159042358398438 -0.0835723876953125 -0.263519287109375 0.37066650390625
0.147003173828125 0.0004730224609375 -0.343902587890625 0.214874267578125
0.132553100585938 0.09375 -0.3135986328125 0.049591064453125
0.0339202880859375 0.151199340820313 -0.208267211914063 -0.0961456298828125
-0.119873046875 0.156936645507813 -0.0422515869140625 -0.0936355590820313
-0.163467407226563 0.116485595703125 -0.0728607177734375 0.15753173828125
-0.278152465820313 0.0969390869140625 -0.40216064453125 0.175140380859375
-0.0724945068359375 -0.023468017578125 0.451568603515625 -0.290863037109375
-0.0537643432617188 0.0490379333496094 0.13037109375 -0.232864379882813
0.022308349609375 0.0925140380859375 0.0047607421875 0.0716094970703125
0.0717391967773438 0.040740966796875 0.184402465820312 0.109848022460937
0.0809402465820313 -0.0454635620117187 0.307220458984375 0.0037841796875
0.00300598144531251 -0.084869384765625 0.339263916015625 -0.215545654296875
-0.0282135009765625 -0.0811538696289063 0.244049072265625 -0.421234130859375
-0.0124855041503906 -0.0576705932617188 0.208892822265625 -0.424041748046875
-0.0308341979980469 -0.0623321533203125 0.248443603515625 -0.397125244140625
0.024932861328125 -0.0520820617675781 0.294464111328125 -0.235137939453125
0.0474205017089844 -0.00880813598632812 0.207260131835938 -0.09539794921875
0.0317726135253906 0.0598258972167969 0.130126953125 -0.0823745727539063
-0.0319900512695313 0.0360260009765625 0.118911743164063 -0.218399047851562
-0.0466041564941406 -0.00332260131835937 0.352264404296875 -0.429351806640625
-0.0148658752441406 -0.0598678588867188 0.8516845703125 -0.2445068359375
-0.364532470703125 0.1165771484375 0.41961669921875 -0.28375244140625
-0.228973388671875 0.219512939453125 0.133148193359375 -0.2271728515625
-0.026275634765625 0.335693359375 0.00401687622070312 0.0689277648925781
0.172378540039063 0.208770751953125 0.161956787109375 0.09521484375
0.259719848632813 0.021392822265625 0.274032592773437 0.0274200439453125
0.168563842773438 -0.16229248046875 0.305694580078125 -0.188720703125
0.0903472900390625 -0.232254028320313 0.22515869140625 -0.376953125
0.12664794921875 -0.201950073242188 0.187744140625 -0.3643798828125
0.1077880859375 -0.22833251953125 0.22467041015625 -0.34844970703125
0.197860717773438 -0.140335083007813 0.2467041015625 -0.200942993164063
0.258087158203125 0.0201416015625 0.153289794921875 -0.0720672607421875
0.18963623046875 0.228729248046875 0.0978317260742188 -0.106864929199219
-0.077178955078125 0.312255859375 0.110336303710938 -0.258895874023438
-0.224624633789063 0.227554321289062 0.37103271484375 -0.43450927734375
-0.32708740234375 0.095428466796875 0.82781982421875 -0.25018310546875
-0.6064453125 0.24609375 0.299163818359375 -0.245697021484375
-0.372772216796875 0.38165283203125 0.0946807861328125 -0.180465698242187
-0.052398681640625 0.5555419921875 0.00942230224609374 0.0776824951171875
0.27117919921875 0.35577392578125 0.136558532714844 0.0743026733398438
0.418060302734375 0.080047607421875 0.217514038085938 0.0411529541015625
0.315216064453125 -0.2244873046875 0.233062744140625 -0.145721435546875
0.194976806640625 -0.353515625 0.17095947265625 -0.28326416015625
0.246673583984375 -0.315673828125 0.138275146484375 -0.2498779296875
0.227935791015625 -0.36016845703125 0.167343139648438 -0.242431640625
0.341339111328125 -0.209564208984375 0.155120849609375 -0.133132934570313
0.4375 0.04522705078125 0.0648117065429688 -0.0393562316894531
0.33001708984375 0.371246337890625 0.0381851196289063 -0.127342224121094
-0.109130859375 0.558563232421875 0.08526611328125 -0.28729248046875
-0.372650146484375 0.437164306640625 0.347686767578125 -0.39544677734375
-0.5941162109375 0.23614501953125 0.7061767578125 -0.21392822265625
-0.759033203125 0.3489990234375 0.106613159179687 -0.172012329101563
-0.4608154296875 0.5186767578125 0.0227737426757812 -0.0898284912109375
-0.0430297851562499 0.722412109375 0.01641845703125 0.0950164794921876
0.3643798828125 0.456939697265625 0.0996322631835938 0.0504684448242188
0.5374755859375 0.116546630859375 0.13262939453125 0.051361083984375
0.419342041015625 -0.26470947265625 0.125526428222656 -0.0822601318359375
0.269989013671875 -0.4246826171875 0.090087890625 -0.147506713867188
0.328948974609375 -0.381805419921875 0.0664138793945313 -0.0968475341796875
0.31298828125 -0.435211181640625 0.08404541015625 -0.0969696044921875
0.436004638671875 -0.2449951171875 0.0354537963867188 -0.038543701171875
0.554718017578125 0.064788818359375 -0.0449295043945312 0.00394821166992187
0.42474365234375 0.462860107421875 -0.0403823852539062 -0.134605407714844
-0.12274169921875 0.72735595703125 0.044342041015625 -0.28778076171875
-0.468505859375 0.58148193359375 0.28570556640625 -0.301605224609375
-0.77557373046875 0.33489990234375 0.501708984375 -0.137542724609375
-0.8031005859375 0.4127197265625 -0.132514953613281 -0.0694580078124999
-0.4705810546875 0.59954833984375 -0.0741729736328125 0.0361785888671875
-0.00872802734374992 0.791748046875 0.0179443359375 0.117431640625
0.41839599609375 0.485565185546875 0.0444221496582032 0.0301399230957032
0.58355712890625 0.12890625 0.0259590148925782 0.0634117126464844
0.46160888671875 -0.2738037109375 -0.00271010398864743 -0.000339984893798845
0.303497314453125 -0.43408203125 -0.0065183639526367 0.0114755630493164
0.361663818359375 -0.390594482421875 -0.0147895812988281 0.0702667236328125
0.34844970703125 -0.44061279296875 -0.0135116577148437 0.0666885375976562
0.4598388671875 -0.2386474609375 -0.0927658081054687 0.067962646484375
0.5770263671875 0.08062744140625 -0.15716552734375 0.05157470703125
0.43804931640625 0.480865478515625 -0.1221923828125 -0.124969482421875
-0.1337890625 0.7659912109375 0.000411987304687476 -0.254791259765625
-0.4931640625 0.61688232421875 0.195602416992188 -0.16595458984375
-0.82916259765625 0.3660888671875 0.245574951171875 -0.0359649658203125
-0.71978759765625 0.4149169921875 -0.380218505859375 0.051971435546875
-0.40533447265625 0.584716796875 -0.179214477539063 0.177352905273438
0.0252685546875 0.71923828125 0.00742340087890626 0.138633728027344
0.396881103515625 0.426300048828125 -0.0220146179199218 0.0213146209716797
0.527435302734375 0.113128662109375 -0.0849456787109375 0.0753555297851563
0.425933837890625 -0.2412109375 -0.128608703613281 0.0874557495117188
0.285614013671875 -0.376708984375 -0.09991455078125 0.170989990234375
0.335693359375 -0.338623046875 -0.0946807861328125 0.226821899414062
0.331024169921875 -0.378021240234375 -0.110015869140625 0.21990966796875
0.408203125 -0.184906005859375 -0.208663940429687 0.161514282226563
0.497222900390625 0.09375 -0.248504638671875 0.0840911865234375
0.35302734375 0.425811767578125 -0.1851806640625 -0.105911254882812
-0.14453125 0.6553955078125 -0.03228759765625 -0.199386596679687
-0.44390869140625 0.522186279296875 0.0966339111328125 -0.0211944580078125
-0.7537841796875 0.32867431640625 -0.0171585083007813 0.0680160522460938
-0.526702880859375 0.34637451171875 -0.59808349609375 0.169189453125
-0.277008056640625 0.463531494140625 -0.279144287109375 0.305633544921875
0.044769287109375 0.519805908203125 -0.011260986328125 0.157730102539063
0.29571533203125 0.2926025390625 -0.0784454345703125 0.0251998901367188
0.3753662109375 0.0810546875 -0.170867919921875 0.0799713134765625
0.315277099609375 -0.165557861328125 -0.226943969726562 0.160797119140625
0.22216796875 -0.260971069335938 -0.1776123046875 0.302703857421875
0.258346557617188 -0.235549926757813 -0.16009521484375 0.348175048828125
0.2626953125 -0.25482177734375 -0.1920166015625 0.3370361328125
0.297027587890625 -0.101593017578125 -0.294708251953125 0.2216796875
0.3345947265625 0.09814453125 -0.302886962890625 0.0892333984375
0.20257568359375 0.307525634765625 -0.216171264648438 -0.091339111328125
-0.144439697265625 0.4324951171875 -0.0481643676757813 -0.139663696289062
-0.327789306640625 0.3406982421875 0.00477600097656247 0.0968704223632813
-0.556854248046875 0.23486328125 -0.244277954101563 0.153274536132813
-0.252273559570313 0.218215942382813 -0.75555419921875 0.2606201171875
-0.10986328125 0.27044677734375 -0.36004638671875 0.400634765625
0.054290771484375 0.239089965820312 -0.028900146484375 0.176803588867188
0.148086547851563 0.11492919921875 -0.107276916503906 0.0413894653320313
0.1630859375 0.037322998046875 -0.21331787109375 0.0738677978515625
0.156097412109375 -0.063385009765625 -0.280181884765625 0.203262329101563
0.124702453613281 -0.102676391601563 -0.22491455078125 0.3828125
0.141250610351563 -0.0960845947265625 -0.201202392578125 0.415069580078125
0.157943725585938 -0.0975494384765625 -0.24505615234375 0.402099609375
0.14984130859375 -0.0088653564453125 -0.339874267578125 0.244140625
0.141693115234375 0.084991455078125 -0.3170166015625 0.069488525390625
0.0458984375 0.153076171875 -0.218353271484375 -0.0842437744140625
-0.111770629882813 0.17169189453125 -0.0499114990234375 -0.0920867919921875
-0.16168212890625 0.1300048828125 -0.0632781982421875 0.16656494140625
-0.282928466796875 0.117950439453125 -0.39923095703125 0.207427978515625
-0.0728225708007813 -0.0195999145507812 0.431243896484375 -0.3201904296875
-0.0493736267089844 0.0521087646484375 0.11541748046875 -0.242050170898438
0.0290298461914063 0.0908279418945313 0.0119171142578125 0.0709915161132813
0.0743560791015625 0.0374374389648438 0.18927001953125 0.0959014892578125
0.0747909545898438 -0.0494613647460938 0.30450439453125 -0.016021728515625
-0.00405120849609375 -0.08154296875 0.32513427734375 -0.23553466796875
-0.0328903198242188 -0.0765914916992188 0.215087890625 -0.435760498046875
-0.0162086486816406 -0.0551261901855469 0.1787109375 -0.438934326171875
-0.0357894897460937 -0.0571975708007813 0.218292236328125 -0.4171142578125
0.0195274353027344 -0.0523338317871094 0.280029296875 -0.255142211914063
0.0456886291503906 -0.010650634765625 0.200469970703125 -0.105987548828125
0.0361518859863281 0.0572776794433594 0.122734069824219 -0.0915756225585938
-0.0304527282714844 0.0353507995605469 0.102005004882813 -0.226119995117187
-0.0452919006347656 -0.00201797485351562 0.320404052734375 -0.447662353515625
-0.0167503356933594 -0.0569229125976562 0.82501220703125 -0.29718017578125
-0.353179931640625 0.1397705078125 0.399169921875 -0.312347412109375
-0.214447021484375 0.232772827148438 0.1173095703125 -0.237350463867187
-0.001708984375 0.336578369140625 0.0132598876953125 0.0684356689453125
0.184555053710937 0.198226928710937 0.166122436523438 0.0822296142578125
0.2572021484375 0.003204345703125 0.272689819335938 0.0087738037109375
0.153961181640625 -0.169647216796875 0.292510986328125 -0.205291748046875
0.07269287109375 -0.233367919921875 0.1981201171875 -0.39068603515625
0.112945556640625 -0.208786010742188 0.163330078125 -0.379119873046875
0.0892486572265625 -0.231781005859375 0.1998291015625 -0.365814208984375
0.185516357421875 -0.150955200195313 0.234725952148437 -0.217376708984375
0.257293701171875 0.003692626953125 0.148483276367188 -0.079132080078125
0.204879760742188 0.215469360351563 0.0887985229492188 -0.113685607910156
-0.0584716796875 0.315185546875 0.0907135009765625 -0.265060424804688
-0.208450317382812 0.2388916015625 0.338531494140625 -0.4527587890625
-0.3192138671875 0.118438720703125 0.802001953125 -0.299560546875
-0.58575439453125 0.28680419921875 0.2816162109375 -0.269317626953125
-0.349365234375 0.40435791015625 0.0806732177734375 -0.189224243164062
-0.0117492675781251 0.5567626953125 0.0208358764648437 0.0758438110351563
0.29345703125 0.337493896484375 0.139976501464844 0.0623779296875
0.419769287109375 0.05059814453125 0.218032836914063 0.02496337890625
0.294647216796875 -0.241546630859375 0.221542358398438 -0.158462524414063
0.167816162109375 -0.3597412109375 0.149658203125 -0.29400634765625
0.2236328125 -0.33026123046875 0.121017456054687 -0.26068115234375
0.19952392578125 -0.371002197265625 0.148513793945313 -0.254791259765625
0.324066162109375 -0.228271484375 0.147994995117188 -0.143218994140625
0.437652587890625 0.0167236328125 0.0635452270507813 -0.0412178039550781
0.3555908203125 0.347686767578125 0.0278778076171875 -0.131317138671875
-0.07220458984375 0.56536865234375 0.06201171875 -0.290771484375
-0.344818115234375 0.456787109375 0.31744384765625 -0.413543701171875
-0.5782470703125 0.27557373046875 0.68487548828125 -0.2548828125
-0.73309326171875 0.4024658203125 0.0944061279296875 -0.183746337890625
-0.425445556640625 0.549652099609375 0.0136260986328125 -0.0943679809570312
0.00915527343749998 0.72406005859375 0.0295639038085937 0.0922164916992188
0.391937255859375 0.432220458984375 0.102333068847656 0.0406112670898438
0.542144775390625 0.07818603515625 0.136314392089844 0.0400772094726563
0.39654541015625 -0.288818359375 0.117965698242188 -0.0879287719726563
0.23760986328125 -0.436767578125 0.0776214599609375 -0.153472900390625
0.30224609375 -0.40283203125 0.0611038208007813 -0.102516174316406
0.27679443359375 -0.4525146484375 0.0765609741210938 -0.102592468261719
0.414398193359375 -0.271209716796875 0.0347518920898438 -0.0399284362792969
0.555145263671875 0.027191162109375 -0.0423202514648437 0.00892257690429688
0.456298828125 0.432403564453125 -0.05047607421875 -0.132820129394531
-0.07611083984375 0.736328125 0.021240234375 -0.2880859375
-0.4317626953125 0.6065673828125 0.263275146484375 -0.31597900390625
-0.752197265625 0.38604736328125 0.488189697265625 -0.1663818359375
-0.77301025390625 0.4676513671875 -0.136955261230469 -0.0656204223632812
-0.43365478515625 0.6304931640625 -0.0745086669921875 0.0385055541992188
0.04827880859375 0.78955078125 0.0323028564453125 0.113609313964844
0.44921875 0.4554443359375 0.0466194152832032 0.0250282287597657
0.58892822265625 0.0850830078125 0.0313758850097657 0.0585975646972656
0.437713623046875 -0.3013916015625 -0.00539970397949216 0.00141906738281248
0.269287109375 -0.44793701171875 -0.00680637359619139 0.0113782882690429
0.331756591796875 -0.4136962890625 -0.00865173339843747 0.070556640625
0.31390380859375 -0.462738037109375 -0.00858306884765623 0.0685462951660156
0.43939208984375 -0.264495849609375 -0.0868682861328125 0.0747756958007812
0.57891845703125 0.03948974609375 -0.151016235351562 0.062469482421875
0.47119140625 0.450042724609375 -0.130790710449219 -0.11700439453125
-0.0830078125 0.77532958984375 -0.0200042724609375 -0.25238037109375
-0.453369140625 0.64349365234375 0.184051513671875 -0.175567626953125
-0.80499267578125 0.42059326171875 0.241180419921875 -0.048492431640625
-0.69219970703125 0.4647216796875 -0.375823974609375 0.0726928710937501
-0.3677978515625 0.61065673828125 -0.169830322265625 0.187393188476563
0.077880859375 0.71697998046875 0.0225753784179687 0.135726928710938
0.423248291015625 0.39910888671875 -0.0190391540527344 0.021148681640625
0.533050537109375 0.073211669921875 -0.077423095703125 0.0780868530273438
0.405914306640625 -0.26544189453125 -0.12579345703125 0.0970077514648437
0.25543212890625 -0.3912353515625 -0.0898590087890625 0.177627563476562
0.31097412109375 -0.3612060546875 -0.0766754150390625 0.233154296875
0.29949951171875 -0.398223876953125 -0.0936431884765625 0.229278564453125
0.392974853515625 -0.2095947265625 -0.196640014648437 0.176651000976563
0.498870849609375 0.0587158203125 -0.240036010742187 0.0999755859375
0.3819580078125 0.401092529296875 -0.192092895507812 -0.0941009521484375
-0.1016845703125 0.66644287109375 -0.0486602783203125 -0.193954467773437
-0.412109375 0.548736572265625 0.095489501953125 -0.0257949829101562
-0.73211669921875 0.37884521484375 -0.0118255615234375 0.0721511840820313
-0.505523681640625 0.380950927734375 -0.5853271484375 0.204345703125
-0.2476806640625 0.481353759765625 -0.26031494140625 0.3212890625
0.08087158203125 0.51446533203125 0.003662109375 0.156280517578125
0.3140869140625 0.27117919921875 -0.074371337890625 0.0290908813476563
0.3800048828125 0.05303955078125 -0.16290283203125 0.0890350341796875
0.3016357421875 -0.1856689453125 -0.21905517578125 0.175643920898437
0.200836181640625 -0.272796630859375 -0.158172607421875 0.314971923828125
0.240509033203125 -0.254257202148438 -0.134002685546875 0.35980224609375
0.2418212890625 -0.272171020507813 -0.165557861328125 0.352386474609375
0.2884521484375 -0.119659423828125 -0.278884887695313 0.242568969726563
0.338470458984375 0.07373046875 -0.293426513671875 0.10748291015625
0.223907470703125 0.292755126953125 -0.221176147460938 -0.0767974853515625
-0.115478515625 0.444061279296875 -0.0590438842773438 -0.133827209472656
-0.305267333984375 0.359649658203125 0.0133056640625 0.0958938598632813
-0.54327392578125 0.271728515625 -0.230331420898438 0.171035766601563
-0.239761352539063 0.235214233398437 -0.73468017578125 0.30694580078125
-0.09375 0.27740478515625 -0.33367919921875 0.424041748046875
0.06988525390625 0.234237670898438 -0.015655517578125 0.175811767578125
0.154449462890625 0.103546142578125 -0.101699829101563 0.0477981567382813
0.165557861328125 0.0254058837890625 -0.205917358398438 0.0856781005859375
0.151687622070313 -0.0742950439453125 -0.268630981445313 0.220306396484375
0.115684509277344 -0.110153198242188 -0.199737548828125 0.398773193359375
0.133773803710938 -0.106422424316406 -0.170379638671875 0.429656982421875
0.149658203125 -0.10894775390625 -0.21392822265625 0.42010498046875
0.147872924804688 -0.018524169921875 -0.322509765625 0.266693115234375
0.144989013671875 0.07330322265625 -0.310028076171875 0.0881652832031251
0.0571746826171875 0.148880004882813 -0.222274780273438 -0.0685882568359375
-0.0980224609375 0.181381225585938 -0.0565872192382813 -0.0868682861328125
-0.153274536132813 0.139739990234375 -0.0496063232421875 0.169692993164062
-0.276290893554688 0.136962890625 -0.379913330078125 0.234222412109375
-0.0703353881835938 -0.0165863037109375 0.406219482421875 -0.3338623046875
-0.0455245971679688 0.0521087646484375 0.102035522460937 -0.244644165039063
0.0337371826171875 0.0874786376953125 0.0169219970703125 0.067230224609375
0.0753173828125 0.035003662109375 0.187179565429688 0.08447265625
0.0694122314453125 -0.0511894226074219 0.294677734375 -0.02801513671875
-0.00852966308593751 -0.077239990234375 0.309783935546875 -0.243194580078125
-0.0351028442382813 -0.0716629028320312 0.190093994140625 -0.438232421875
-0.0177841186523438 -0.0522308349609375 0.153350830078125 -0.4405517578125
-0.0382499694824219 -0.0508918762207031 0.191864013671875 -0.42156982421875
0.0155258178710938 -0.0509872436523438 0.264877319335938 -0.26361083984375
0.0439033508300781 -0.0117950439453125 0.1917724609375 -0.110595703125
0.0382957458496094 0.0542678833007813 0.11456298828125 -0.0958175659179687
-0.0297527313232422 0.0343437194824219 0.0875396728515625 -0.2261962890625
-0.043212890625 -0.00115585327148438 0.28875732421875 -0.44866943359375
-0.0165824890136719 -0.05377197265625 0.7880859375 -0.3221435546875
-0.338134765625 0.15289306640625 0.376190185546875 -0.326904296875
-0.200241088867187 0.236679077148438 0.102279663085937 -0.24041748046875
0.01605224609375 0.32928466796875 0.0197715759277344 0.063995361328125
0.189788818359375 0.187515258789063 0.163589477539063 0.071197509765625
0.249847412109375 -0.0085601806640625 0.265533447265625 -0.0028533935546875
0.141250610351562 -0.170074462890625 0.278854370117188 -0.212295532226563
0.0608062744140625 -0.228652954101562 0.1754150390625 -0.391845703125
0.101150512695313 -0.208633422851563 0.14178466796875 -0.38165283203125
0.075164794921875 -0.227783203125 0.1763916015625 -0.37017822265625
0.173171997070313 -0.154632568359375 0.222885131835938 -0.224777221679688
0.250839233398438 -0.0074005126953125 0.1434326171875 -0.0822296142578125
0.21197509765625 0.201171875 0.0800552368164063 -0.117012023925781
-0.043853759765625 0.31201171875 0.07391357421875 -0.262420654296875
-0.194534301757813 0.241180419921875 0.307220458984375 -0.4552001953125
-0.3062744140625 0.1314697265625 0.7669677734375 -0.3233642578125
-0.55877685546875 0.3056640625 0.262298583984375 -0.27911376953125
-0.32476806640625 0.410125732421875 0.067962646484375 -0.192169189453125
0.017425537109375 0.545166015625 0.0294723510742188 0.0706863403320313
0.3023681640625 0.3189697265625 0.138023376464844 0.0526580810546875
0.410430908203125 0.02838134765625 0.213836669921875 0.014434814453125
0.274063110351563 -0.245895385742187 0.210067749023438 -0.162200927734375
0.14678955078125 -0.354949951171875 0.131927490234375 -0.295562744140625
0.20458984375 -0.333709716796875 0.10638427734375 -0.263671875
0.1749267578125 -0.3692626953125 0.132797241210937 -0.258010864257813
0.30584716796875 -0.23675537109375 0.14080810546875 -0.147308349609375
0.42669677734375 -0.00390625 0.0625419616699219 -0.0416717529296875
0.365936279296875 0.32476806640625 0.020355224609375 -0.130622863769531
-0.046783447265625 0.558380126953125 0.0445556640625 -0.28546142578125
-0.319549560546875 0.459136962890625 0.290740966796875 -0.414031982421875
-0.555389404296875 0.298095703125 0.65655517578125 -0.2747802734375
-0.69781494140625 0.427734375 0.082855224609375 -0.188690185546875
-0.395416259765625 0.5572509765625 0.00588989257812497 -0.09625244140625
0.0460815429687499 0.70819091796875 0.0399398803710938 0.0858078002929688
0.402008056640625 0.4061279296875 0.100898742675781 0.0330886840820313
0.53192138671875 0.050048828125 0.135269165039063 0.031890869140625
0.371490478515625 -0.297760009765625 0.110832214355469 -0.0890350341796875
0.210693359375 -0.432830810546875 0.0671234130859375 -0.154083251953125
0.27703857421875 -0.40814208984375 0.0558395385742188 -0.105300903320313
0.248077392578125 -0.453216552734375 0.070556640625 -0.104339599609375
0.391937255859375 -0.280303955078125 0.0345115661621094 -0.0404739379882813
0.542022705078125 0.00128173828125 -0.0390472412109375 0.0120086669921875
0.470367431640625 0.402679443359375 -0.0565338134765625 -0.12872314453125
-0.0407104492187499 0.727294921875 0.00518798828124999 -0.279617309570313
-0.39813232421875 0.61004638671875 0.243438720703125 -0.317657470703125
-0.7208251953125 0.41259765625 0.46807861328125 -0.178955078125
-0.73583984375 0.494873046875 -0.137908935546875 -0.062591552734375
-0.39862060546875 0.63739013671875 -0.074615478515625 0.0391464233398438
0.0883789062499999 0.77166748046875 0.0433502197265625 0.1064453125
0.45989990234375 0.42742919921875 0.0474128723144532 0.0206222534179688
0.578369140625 0.05224609375 0.0344924926757813 0.0535354614257813
0.41143798828125 -0.31182861328125 -0.00688743591308591 0.00370311737060545
0.2398681640625 -0.4462890625 -0.00891208648681639 0.0113229751586914
0.3055419921875 -0.422637939453125 -0.00350189208984373 0.0685043334960937
0.281036376953125 -0.465484619140625 -0.00406646728515624 0.0681076049804687
0.4161376953125 -0.2762451171875 -0.0797958374023437 0.0776824951171875
0.5653076171875 0.0130615234375 -0.142913818359375 0.068450927734375
0.482757568359375 0.419403076171875 -0.134162902832031 -0.109489440917969
-0.04583740234375 0.76763916015625 -0.032958984375 -0.24176025390625
-0.4195556640625 0.64801025390625 0.172653198242188 -0.177536010742187
-0.7747802734375 0.45135498046875 0.233169555664062 -0.054656982421875
-0.6568603515625 0.48779296875 -0.364959716796875 0.08489990234375
-0.3355712890625 0.61480712890625 -0.160675048828125 0.19061279296875
0.11138916015625 0.6988525390625 0.0338211059570313 0.129058837890625
0.4324951171875 0.3709716796875 -0.0163764953613281 0.0195999145507813
0.524444580078125 0.04425048828125 -0.0699539184570313 0.0767364501953125
0.381134033203125 -0.2783203125 -0.120933532714844 0.10260009765625
0.229705810546875 -0.391021728515625 -0.0819854736328124 0.178146362304687
0.286529541015625 -0.369964599609375 -0.06292724609375 0.2313232421875
0.27215576171875 -0.402984619140625 -0.078338623046875 0.230453491210938
0.372802734375 -0.220672607421875 -0.18328857421875 0.182998657226563
0.487640380859375 0.03350830078125 -0.228530883789062 0.108444213867188
0.39453125 0.3739013671875 -0.192230224609375 -0.0837554931640625
-0.0679931640625 0.6607666015625 -0.0578765869140625 -0.184402465820312
-0.381591796875 0.55242919921875 0.09381103515625 -0.0282058715820312
-0.70318603515625 0.404296875 -0.00699615478515629 0.0734786987304688
-0.47784423828125 0.3985595703125 -0.563232421875 0.22369384765625
-0.224334716796875 0.48370361328125 -0.2425537109375 0.32806396484375
0.10467529296875 0.501434326171875 0.0135040283203125 0.14990234375
0.318817138671875 0.250640869140625 -0.0698776245117187 0.0307044982910156
0.373504638671875 0.032257080078125 -0.15283203125 0.0911407470703125
0.286407470703125 -0.195159912109375 -0.210098266601563 0.182830810546875
0.182708740234375 -0.273025512695313 -0.142608642578125 0.31585693359375
0.222549438476563 -0.260879516601563 -0.113372802734375 0.359130859375
0.221542358398438 -0.278488159179688 -0.142730712890625 0.3551025390625
0.27496337890625 -0.129547119140625 -0.261123657226563 0.250747680664063
0.331695556640625 0.055023193359375 -0.28118896484375 0.117340087890625
0.234024047851563 0.275390625 -0.219345092773438 -0.0643157958984375
-0.0909118652343751 0.443023681640625 -0.0647811889648437 -0.125701904296875
-0.2838134765625 0.363739013671875 0.020050048828125 0.0941314697265625
-0.521514892578125 0.292633056640625 -0.214614868164062 0.178390502929688
-0.227386474609375 0.241012573242188 -0.7049560546875 0.3314208984375
-0.0806121826171875 0.275238037109375 -0.309051513671875 0.431304931640625
0.077911376953125 0.2269287109375 -0.00703430175781251 0.170944213867188
0.1552734375 0.0935821533203125 -0.0950241088867188 0.0500259399414062
0.164108276367188 0.0160675048828125 -0.195297241210937 0.0912017822265625
0.145538330078125 -0.07977294921875 -0.256729125976563 0.227951049804687
0.107627868652344 -0.112258911132813 -0.178955078125 0.400726318359375
0.125717163085937 -0.111160278320312 -0.1461181640625 0.43157958984375
0.140083312988281 -0.115150451660156 -0.1866455078125 0.424041748046875
0.143539428710937 -0.0253448486328125 -0.303253173828125 0.27630615234375
0.144180297851563 0.0634918212890625 -0.29803466796875 0.098663330078125
0.06341552734375 0.141921997070313 -0.220230102539063 -0.0556488037109375
-0.084930419921875 0.1844482421875 -0.0592269897460938 -0.0806808471679687
-0.144454956054687 0.144302368164063 -0.037628173828125 0.168075561523438
-0.2667236328125 0.1473388671875 -0.357330322265625 0.24517822265625
-0.0683250427246094 -0.01593017578125 0.3935546875 -0.3369140625
-0.0428123474121094 0.0515403747558594 0.094329833984375 -0.245147705078125
0.03607177734375 0.0834503173828125 0.0196762084960938 0.0631141662597656
0.0747299194335938 0.0329818725585938 0.183761596679688 0.07745361328125
0.0660781860351563 -0.0505027770996094 0.28643798828125 -0.031707763671875
-0.0112457275390625 -0.073638916015625 0.300933837890625 -0.2445068359375
-0.0355644226074219 -0.0684394836425781 0.175689697265625 -0.434600830078125
-0.018035888671875 -0.049713134765625 0.13800048828125 -0.43951416015625
-0.03875732421875 -0.0469436645507813 0.175933837890625 -0.420867919921875
0.0129623413085937 -0.0492172241210937 0.256393432617188 -0.267349243164063
0.0428848266601562 -0.0115509033203125 0.186248779296875 -0.111160278320313
0.0393218994140625 0.052093505859375 0.108016967773437 -0.0971527099609375
-0.0300922393798828 0.0328845977783203 0.0784912109375 -0.224044799804688
-0.0413818359375 -0.000713348388671882 0.27166748046875 -0.44287109375
-0.0152244567871094 -0.0515098571777344 0.76287841796875 -0.326171875
-0.326904296875 0.15655517578125 0.36083984375 -0.33038330078125
-0.19146728515625 0.235107421875 0.093963623046875 -0.242080688476562
0.02459716796875 0.320953369140625 0.024078369140625 0.059234619140625
0.191268920898438 0.179977416992188 0.160400390625 0.0654449462890625
0.243484497070313 -0.0135345458984375 0.259780883789062 -0.008148193359375
0.132598876953125 -0.16656494140625 0.270660400390625 -0.212554931640625
0.0545654296875 -0.223098754882813 0.1611328125 -0.3902587890625
0.09539794921875 -0.207244873046875 0.12847900390625 -0.3807373046875
0.067840576171875 -0.221969604492188 0.162689208984375 -0.3701171875
0.16534423828125 -0.153793334960938 0.215728759765625 -0.226638793945313
0.245254516601563 -0.011810302734375 0.140945434570313 -0.081939697265625
0.213714599609375 0.193038940429688 0.07440185546875 -0.11688232421875
-0.037811279296875 0.307586669921875 0.0648193359375 -0.25799560546875
-0.186813354492187 0.2388916015625 0.291046142578125 -0.44830322265625
-0.297607421875 0.137054443359375 0.74346923828125 -0.3258056640625
-0.53936767578125 0.313018798828125 0.24957275390625 -0.282196044921875
-0.311920166015625 0.4090576171875 0.05950927734375 -0.19305419921875
0.030548095703125 0.532867431640625 0.0351181030273438 0.064910888671875
0.303253173828125 0.30694580078125 0.135421752929688 0.0473098754882813
0.40142822265625 0.019287109375 0.2098388671875 0.0096588134765625
0.261581420898437 -0.244216918945313 0.203948974609375 -0.161911010742188
0.13531494140625 -0.348876953125 0.121063232421875 -0.29388427734375
0.1939697265625 -0.333221435546875 0.097320556640625 -0.264251708984375
0.16143798828125 -0.363616943359375 0.123748779296875 -0.259262084960938
0.293182373046875 -0.237213134765625 0.137786865234375 -0.148544311523438
0.41815185546875 -0.01202392578125 0.0623397827148438 -0.0401496887207031
0.368743896484375 0.310943603515625 0.0156097412109375 -0.129890441894531
-0.0341796875 0.551513671875 0.0356903076171875 -0.278717041015625
-0.306610107421875 0.455963134765625 0.2762451171875 -0.409393310546875
-0.539520263671875 0.3060302734375 0.63525390625 -0.27545166015625
-0.6754150390625 0.43450927734375 0.0752258300781249 -0.190139770507813
-0.3778076171875 0.55450439453125 0.000503540039062481 -0.0965652465820312
0.0639648437500001 0.69287109375 0.0465164184570313 0.0785903930664063
0.40496826171875 0.390380859375 0.0991744995117188 0.0287551879882813
0.521209716796875 0.03546142578125 0.133537292480469 0.0259246826171875
0.35498046875 -0.29620361328125 0.106483459472656 -0.0878219604492188
0.1951904296875 -0.42645263671875 0.05963134765625 -0.1539306640625
0.2635498046875 -0.4085693359375 0.05267333984375 -0.107109069824219
0.23065185546875 -0.448211669921875 0.0673065185546875 -0.105232238769531
0.376678466796875 -0.28326416015625 0.0348052978515625 -0.0409317016601563
0.531524658203125 -0.010986328125 -0.0355644226074218 0.0140800476074219
0.4725341796875 0.384307861328125 -0.0591583251953125 -0.126106262207031
-0.0256347656250001 0.718505859375 -0.00244140625000001 -0.271530151367187
-0.38201904296875 0.60546875 0.233306884765625 -0.3134765625
-0.7010498046875 0.42279052734375 0.4534912109375 -0.180023193359375
-0.7119140625 0.50372314453125 -0.138763427734375 -0.0611419677734375
-0.38116455078125 0.63671875 -0.075927734375 0.0390853881835938
0.10565185546875 0.75457763671875 0.0499725341796875 0.09906005859375
0.46148681640625 0.409393310546875 0.0470504760742188 0.0171279907226563
0.5670166015625 0.0374755859375 0.036407470703125 0.0493392944335938
0.39410400390625 -0.313201904296875 -0.00759172439575193 0.00585412979125975
0.22479248046875 -0.440277099609375 -0.0104484558105469 0.011606216430664
0.29083251953125 -0.422943115234375 -0.00120162963867186 0.0662460327148437
0.262939453125 -0.462066650390625 -0.000221252441406229 0.0669364929199219
0.402557373046875 -0.279083251953125 -0.0749130249023437 0.078887939453125
0.552642822265625 0.0009765625 -0.13641357421875 0.0709457397460938
0.486236572265625 0.40228271484375 -0.134544372558594 -0.105842590332031
-0.0281982421875 0.75830078125 -0.0392608642578125 -0.233917236328125
-0.40252685546875 0.64276123046875 0.167526245117187 -0.175537109375
-0.75323486328125 0.4600830078125 0.228363037109375 -0.055511474609375
-0.63525390625 0.4949951171875 -0.357879638671875 0.088104248046875
-0.32037353515625 0.61431884765625 -0.156234741210937 0.191009521484375
0.127685546875 0.6844482421875 0.0400009155273438 0.122421264648438
0.43304443359375 0.355438232421875 -0.0141468048095703 0.0177116394042969
0.516510009765625 0.03033447265625 -0.0653228759765625 0.0737152099609375
0.3665771484375 -0.280303955078125 -0.118560791015625 0.105392456054688
0.2161865234375 -0.3863525390625 -0.078582763671875 0.178253173828125
0.273590087890625 -0.372344970703125 -0.05450439453125 0.229293823242188
0.25518798828125 -0.4000244140625 -0.0679931640625 0.22918701171875
0.360107421875 -0.2239990234375 -0.175537109375 0.183853149414062
0.47821044921875 0.022247314453125 -0.22064208984375 0.111434936523438
0.397247314453125 0.35845947265625 -0.190689086914063 -0.07843017578125
-0.05072021484375 0.6536865234375 -0.061187744140625 -0.176406860351562
-0.36529541015625 0.549041748046875 0.0940933227539062 -0.0286178588867187
-0.68414306640625 0.4140625 -0.00447082519531254 0.0733413696289063
-0.462249755859375 0.402557373046875 -0.54962158203125 0.227783203125
-0.212432861328125 0.481292724609375 -0.232666015625 0.32781982421875
0.1129150390625 0.491180419921875 0.019317626953125 0.144577026367188
0.3189697265625 0.23944091796875 -0.0658760070800781 0.0301551818847656
0.368408203125 0.021392822265625 -0.146194458007812 0.0890655517578125
0.275314331054688 -0.197845458984375 -0.204452514648438 0.185806274414063
0.172637939453125 -0.270675659179688 -0.134063720703125 0.31573486328125
0.213363647460938 -0.26324462890625 -0.10076904296875 0.356689453125
0.209945678710938 -0.277694702148438 -0.12872314453125 0.35302734375
0.266372680664063 -0.131866455078125 -0.25042724609375 0.252944946289063
0.325042724609375 0.045806884765625 -0.273162841796875 0.120620727539062
0.2364501953125 0.264602661132813 -0.216156005859375 -0.05865478515625
-0.07769775390625 0.43963623046875 -0.0657730102539063 -0.119033813476562
-0.27313232421875 0.3614501953125 0.0243148803710937 0.0918121337890625
-0.5093994140625 0.299102783203125 -0.204940795898438 0.179153442382813
-0.220474243164062 0.242691040039063 -0.68426513671875 0.33612060546875
-0.07659912109375 0.273025512695313 -0.294921875 0.4307861328125
0.079864501953125 0.222091674804688 -0.00273132324218748 0.167404174804688
0.153213500976563 0.089324951171875 -0.0905914306640625 0.050201416015625
0.1619873046875 0.0116119384765625 -0.188873291015625 0.0888519287109375
0.140945434570313 -0.0823516845703125 -0.250106811523437 0.22979736328125
0.10235595703125 -0.111907958984375 -0.166839599609375 0.401031494140625
0.121063232421875 -0.113151550292969 -0.131805419921875 0.429962158203125
0.134269714355469 -0.11712646484375 -0.170135498046875 0.421783447265625
0.139907836914062 -0.0284042358398437 -0.29168701171875 0.279144287109375
0.141647338867188 0.0581817626953125 -0.289825439453125 0.10260009765625
0.0656356811523437 0.137092590332031 -0.215545654296875 -0.0484466552734375
-0.0774383544921875 0.184814453125 -0.0588455200195313 -0.0755538940429687
-0.139175415039063 0.144378662109375 -0.0310516357421875 0.16375732421875
-0.260665893554688 0.151641845703125 -0.34295654296875 0.24591064453125
-0.0677680969238281 -0.0160560607910156 0.39013671875 -0.34112548828125
-0.0420341491699219 0.049774169921875 0.0904388427734375 -0.249252319335938
0.0380859375 0.0808639526367188 0.0209388732910156 0.060638427734375
0.076141357421875 0.0320892333984375 0.18231201171875 0.0749969482421875
0.06500244140625 -0.0511054992675781 0.285888671875 -0.032257080078125
-0.0128250122070312 -0.0716934204101563 0.30078125 -0.247772216796875
-0.0362052917480469 -0.0672798156738281 0.170562744140625 -0.437408447265625
-0.0179824829101563 -0.04913330078125 0.131134033203125 -0.444122314453125
-0.0390052795410156 -0.0435791015625 0.168731689453125 -0.426055908203125
0.0115013122558594 -0.048431396484375 0.255645751953125 -0.271484375
0.0431137084960938 -0.0111846923828125 0.186920166015625 -0.111160278320313
0.0405845642089844 0.0508193969726563 0.105049133300781 -0.098663330078125
-0.0320720672607422 0.0324306488037109 0.0737457275390625 -0.225448608398438
-0.0402488708496094 -0.00120162963867188 0.26580810546875 -0.4429931640625
-0.0135574340820313 -0.0507698059082031 0.758544921875 -0.326171875
-0.325164794921875 0.158233642578125 0.3558349609375 -0.33453369140625
-0.190673828125 0.2366943359375 0.088470458984375 -0.245315551757812
0.030059814453125 0.319610595703125 0.0269393920898438 0.0554275512695313
0.193252563476563 0.178176879882813 0.159286499023438 0.06207275390625
0.242141723632813 -0.0160064697265625 0.2587890625 -0.00921630859375
0.1295166015625 -0.16522216796875 0.270980834960938 -0.214981079101563
0.0519561767578125 -0.221420288085937 0.1568603515625 -0.393341064453125
0.09375 -0.208709716796875 0.12255859375 -0.3853759765625
0.064544677734375 -0.220672607421875 0.15771484375 -0.375030517578125
0.162338256835938 -0.154510498046875 0.216140747070312 -0.231216430664062
0.244918823242188 -0.01373291015625 0.141983032226563 -0.0809173583984375
0.217483520507813 0.190231323242188 0.0714569091796875 -0.119216918945312
-0.0361328125 0.3094482421875 0.0600433349609375 -0.257247924804688
-0.185104370117188 0.239852905273438 0.286590576171875 -0.448577880859375
-0.29595947265625 0.141326904296875 0.73919677734375 -0.32427978515625
-0.536407470703125 0.316741943359375 0.2447509765625 -0.285888671875
-0.30810546875 0.411651611328125 0.0544891357421875 -0.19586181640625
0.0391845703125 0.530242919921875 0.0389328002929688 0.0596389770507813
0.307464599609375 0.303558349609375 0.134086608886719 0.0439682006835938
0.39971923828125 0.01446533203125 0.20965576171875 0.00732421875
0.2567138671875 -0.243499755859375 0.204177856445313 -0.16314697265625
0.13165283203125 -0.347198486328125 0.11602783203125 -0.297027587890625
0.192230224609375 -0.3369140625 0.09393310546875 -0.268600463867188
0.156951904296875 -0.364044189453125 0.121063232421875 -0.262939453125
0.2906494140625 -0.23834228515625 0.138168334960938 -0.151702880859375
0.418060302734375 -0.01617431640625 0.0646858215332032 -0.0391197204589844
0.373626708984375 0.306793212890625 0.0125579833984375 -0.131965637207031
-0.0292968750000001 0.55621337890625 0.031707763671875 -0.276153564453125
-0.30572509765625 0.456939697265625 0.271728515625 -0.408233642578125
-0.53778076171875 0.3131103515625 0.63323974609375 -0.2750244140625
-0.67108154296875 0.44049072265625 0.0711364746093749 -0.192886352539062
-0.37542724609375 0.561065673828125 -0.00359344482421877 -0.0979232788085937
0.07391357421875 0.69061279296875 0.0505142211914063 0.0727996826171875
0.40948486328125 0.386810302734375 0.0990219116210938 0.0259780883789063
0.52099609375 0.030609130859375 0.134521484375 0.0235977172851563
0.34991455078125 -0.297271728515625 0.106903076171875 -0.087005615234375
0.1898193359375 -0.426116943359375 0.056121826171875 -0.155410766601563
0.259063720703125 -0.414154052734375 0.0513534545898438 -0.109725952148438
0.2242431640625 -0.4486083984375 0.0673065185546875 -0.10833740234375
0.373779296875 -0.28564453125 0.0361175537109375 -0.0423851013183594
0.530426025390625 -0.014129638671875 -0.0332393646240234 0.0156497955322266
0.478363037109375 0.380462646484375 -0.0618896484375 -0.127891540527344
-0.0162353515625 0.72467041015625 -0.00590515136718751 -0.268280029296875
-0.37982177734375 0.60784912109375 0.231353759765625 -0.3125
-0.70037841796875 0.42999267578125 0.453765869140625 -0.179229736328125
-0.70599365234375 0.51171875 -0.141647338867188 -0.0618743896484374
-0.377197265625 0.642822265625 -0.0774765014648438 0.03997802734375
0.116943359375 0.75396728515625 0.0547714233398438 0.0936737060546875
0.4661865234375 0.404327392578125 0.0473098754882813 0.0148086547851563
0.56903076171875 0.03033447265625 0.0376663208007813 0.0461311340332031
0.389862060546875 -0.31500244140625 -0.00740575790405271 0.0080132484436035
0.21966552734375 -0.439910888671875 -0.0128984451293945 0.0117082595825195
0.2877197265625 -0.429656982421875 0.000267028808593773 0.0653572082519531
0.256256103515625 -0.463775634765625 0.00311660766601564 0.0654640197753906
0.3975830078125 -0.28131103515625 -0.073089599609375 0.0791778564453125
0.552337646484375 -0.00567626953125 -0.133766174316406 0.0729598999023437
0.492462158203125 0.397125244140625 -0.136421203613281 -0.10577392578125
-0.01953125 0.76263427734375 -0.0412750244140625 -0.229568481445312
-0.39971923828125 0.6453857421875 0.168060302734375 -0.175247192382812
-0.75225830078125 0.46990966796875 0.228668212890625 -0.0542449951171875
-0.6322021484375 0.502197265625 -0.3583984375 0.088897705078125
-0.31817626953125 0.6204833984375 -0.156600952148438 0.193954467773438
0.135986328125 0.68505859375 0.0447616577148438 0.117401123046875
0.437042236328125 0.351531982421875 -0.0132083892822265 0.0160455703735352
0.516448974609375 0.022216796875 -0.0641021728515625 0.07110595703125
0.36248779296875 -0.283172607421875 -0.118934631347656 0.107627868652344
0.212554931640625 -0.38665771484375 -0.0786590576171875 0.180511474609375
0.270233154296875 -0.378448486328125 -0.0513916015625 0.229888916015625
0.24908447265625 -0.403778076171875 -0.0626983642578125 0.229232788085938
0.356964111328125 -0.225494384765625 -0.172149658203125 0.186309814453125
0.47613525390625 0.01763916015625 -0.21759033203125 0.113296508789062
0.401397705078125 0.354095458984375 -0.191192626953125 -0.0770111083984375
-0.04205322265625 0.65863037109375 -0.0628662109375 -0.17236328125
-0.3642578125 0.550994873046875 0.096221923828125 -0.028961181640625
-0.68310546875 0.42327880859375 -0.00203704833984379 0.0743560791015625
-0.461273193359375 0.4068603515625 -0.54840087890625 0.231201171875
-0.212982177734375 0.4862060546875 -0.231048583984375 0.332763671875
0.1177978515625 0.49273681640625 0.02252197265625 0.141342163085938
0.320587158203125 0.23828125 -0.0643386840820312 0.0294075012207031
0.36932373046875 0.01702880859375 -0.145233154296875 0.086639404296875
0.27349853515625 -0.199813842773438 -0.2060546875 0.188568115234375
0.16998291015625 -0.270919799804688 -0.131591796875 0.319091796875
0.210525512695313 -0.267791748046875 -0.09600830078125 0.359954833984375
0.205657958984375 -0.280624389648438 -0.12030029296875 0.355926513671875
0.264495849609375 -0.133544921875 -0.247512817382812 0.25665283203125
0.322845458984375 0.04180908203125 -0.270355224609375 0.122467041015625
0.239761352539063 0.261306762695313 -0.216079711914062 -0.056488037109375
-0.0703125 0.444061279296875 -0.0659103393554688 -0.115959167480469
-0.27178955078125 0.363311767578125 0.028656005859375 0.0908432006835938
-0.508270263671875 0.305419921875 -0.201705932617188 0.179458618164063
-0.220550537109375 0.245269775390625 -0.68280029296875 0.3416748046875
-0.075775146484375 0.274948120117188 -0.2913818359375 0.43609619140625
0.0807952880859375 0.223602294921875 -0.000579833984375005 0.166671752929688
0.152984619140625 0.088592529296875 -0.0878524780273437 0.0505447387695313
0.163330078125 0.0095367431640625 -0.187789916992188 0.0874481201171875
0.140899658203125 -0.0838470458984375 -0.252304077148437 0.23297119140625
0.101692199707031 -0.112869262695313 -0.164093017578125 0.4051513671875
0.120101928710938 -0.116508483886719 -0.12548828125 0.432952880859375
0.132423400878906 -0.119316101074219 -0.161407470703125 0.42523193359375
0.138961791992187 -0.0286941528320312 -0.288818359375 0.283599853515625
0.140411376953125 0.0560302734375 -0.288299560546875 0.103485107421875
0.0675048828125 0.136138916015625 -0.21502685546875 -0.0447998046875
-0.073089599609375 0.187393188476562 -0.0586624145507813 -0.0734329223632813
-0.138717651367188 0.146041870117187 -0.0258331298828125 0.163238525390625
-0.262283325195313 0.154861450195313 -0.338836669921875 0.2469482421875
-0.0691604614257813 -0.0161552429199219 0.393035888671875 -0.357025146484375
-0.0418624877929688 0.0499916076660156 0.08599853515625 -0.259124755859375
0.0405197143554688 0.0796661376953125 0.0227432250976563 0.0592613220214844
0.0788116455078125 0.030975341796875 0.185165405273438 0.07171630859375
0.0645484924316406 -0.0532188415527344 0.292236328125 -0.03662109375
-0.0164108276367188 -0.071044921875 0.30596923828125 -0.25921630859375
-0.0379295349121094 -0.0670433044433594 0.165313720703125 -0.4522705078125
-0.0186653137207031 -0.0494804382324219 0.122802734375 -0.459716796875
-0.0404243469238281 -0.0411262512207031 0.162506103515625 -0.44085693359375
0.0101318359375 -0.0488052368164063 0.258636474609375 -0.285064697265625
0.0436630249023438 -0.0115470886230469 0.190643310546875 -0.1151123046875
0.0432968139648438 0.0503387451171875 0.103752136230469 -0.103492736816406
-0.0336875915527344 0.0332870483398437 0.0683746337890625 -0.231887817382812
-0.0396957397460938 -0.00113296508789062 0.26287841796875 -0.453033447265625
-0.0114059448242187 -0.0513038635253906 0.76849365234375 -0.3408203125
-0.32861328125 0.1663818359375 0.356964111328125 -0.34869384765625
-0.190261840820312 0.244400024414063 0.0838165283203125 -0.254501342773437
0.037445068359375 0.32232666015625 0.0305900573730469 0.0522842407226563
0.201202392578125 0.178802490234375 0.1617431640625 0.0595550537109375
0.245895385742188 -0.021087646484375 0.264373779296875 -0.012939453125
0.127655029296875 -0.169570922851563 0.27581787109375 -0.224624633789063
0.0490875244140625 -0.225784301757813 0.150421142578125 -0.4075927734375
0.0934906005859375 -0.216217041015625 0.116119384765625 -0.4000244140625
0.06201171875 -0.224456787109375 0.15264892578125 -0.389434814453125
0.162704467773438 -0.159011840820313 0.218154907226562 -0.24322509765625
0.250839233398438 -0.017547607421875 0.146087646484375 -0.0841217041015625
0.227340698242188 0.190460205078125 0.0687484741210938 -0.1241455078125
-0.03173828125 0.319000244140625 0.0554962158203125 -0.262710571289062
-0.186447143554687 0.248214721679688 0.285186767578125 -0.458984375
-0.299285888671875 0.1505126953125 0.7508544921875 -0.33935546875
-0.542510986328125 0.33251953125 0.243438720703125 -0.2972412109375
-0.3095703125 0.42633056640625 0.0489349365234375 -0.202804565429688
0.05145263671875 0.539764404296875 0.0429420471191406 0.0548973083496094
0.31878662109375 0.304168701171875 0.136573791503906 0.0410308837890625
0.408203125 0.00628662109375 0.214385986328125 0.0026397705078125
0.256271362304688 -0.25115966796875 0.208053588867188 -0.170486450195313
0.128204345703125 -0.355224609375 0.110015869140625 -0.307220458984375
0.190643310546875 -0.3507080078125 0.0895233154296875 -0.27880859375
0.152923583984375 -0.371978759765625 0.118087768554688 -0.2747802734375
0.29180908203125 -0.247711181640625 0.140548706054688 -0.160202026367188
0.4281005859375 -0.02276611328125 0.0687408447265625 -0.0401725769042969
0.38934326171875 0.30657958984375 0.00875854492187502 -0.137031555175781
-0.0196533203125001 0.57379150390625 0.0269317626953125 -0.280517578125
-0.306671142578125 0.472869873046875 0.27447509765625 -0.418304443359375
-0.546142578125 0.330322265625 0.6446533203125 -0.28594970703125
-0.67608642578125 0.4622802734375 0.06671142578125 -0.199325561523437
-0.37353515625 0.5830078125 -0.00827026367187503 -0.101272583007812
0.09033203125 0.7034912109375 0.0557327270507813 0.0677833557128907
0.425506591796875 0.387359619140625 0.101234436035156 0.0227584838867188
0.5325927734375 0.018829345703125 0.138046264648438 0.0199356079101563
0.35040283203125 -0.30743408203125 0.108924865722656 -0.0906524658203125
0.186737060546875 -0.435638427734375 0.0525970458984375 -0.161239624023438
0.2589111328125 -0.43218994140625 0.0497207641601563 -0.115776062011719
0.218780517578125 -0.46197509765625 0.06805419921875 -0.114891052246094
0.376129150390625 -0.296630859375 0.037628173828125 -0.0452117919921875
0.5406494140625 -0.024078369140625 -0.0308456420898437 0.0176200866699219
0.498809814453125 0.38031005859375 -0.0671539306640625 -0.131362915039062
-0.00268554687500008 0.744140625 -0.0114593505859375 -0.270431518554688
-0.380859375 0.62786865234375 0.23272705078125 -0.32110595703125
-0.710693359375 0.45477294921875 0.462158203125 -0.186767578125
-0.7137451171875 0.53436279296875 -0.147628784179688 -0.0616607666015625
-0.3758544921875 0.6661376953125 -0.0804977416992188 0.0416717529296875
0.1363525390625 0.7696533203125 0.0603103637695313 0.0890350341796875
0.4837646484375 0.404876708984375 0.049407958984375 0.0123519897460938
0.581787109375 0.01715087890625 0.0395088195800782 0.04351806640625
0.3909912109375 -0.3272705078125 -0.00759506225585935 0.0093259811401367
0.216400146484375 -0.451019287109375 -0.015721321105957 0.0120563507080078
0.28662109375 -0.4481201171875 0.00188446044921876 0.0655059814453125
0.25213623046875 -0.478912353515625 0.00684356689453127 0.0648612976074218
0.401702880859375 -0.29327392578125 -0.0721435546875 0.0818328857421875
0.56304931640625 -0.014404296875 -0.132461547851562 0.0771484375
0.511383056640625 0.396484375 -0.141921997070312 -0.107940673828125
-0.0037841796875 0.7835693359375 -0.0460205078125 -0.2301025390625
-0.40106201171875 0.66485595703125 0.171401977539062 -0.181732177734375
-0.7637939453125 0.495361328125 0.233932495117187 -0.0567779541015625
-0.63800048828125 0.52423095703125 -0.3660888671875 0.0958862304687501
-0.3145751953125 0.6441650390625 -0.157562255859375 0.202407836914063
0.1539306640625 0.6981201171875 0.0503311157226563 0.11541748046875
0.4544677734375 0.352783203125 -0.011056900024414 0.0148859024047852
0.52850341796875 0.011444091796875 -0.063995361328125 0.070220947265625
0.365325927734375 -0.2939453125 -0.120613098144531 0.114181518554687
0.209014892578125 -0.3970947265625 -0.0788421630859375 0.186935424804687
0.269500732421875 -0.3966064453125 -0.046783447265625 0.236312866210937
0.2464599609375 -0.416595458984375 -0.0557861328125 0.234786987304687
0.361114501953125 -0.2349853515625 -0.172805786132812 0.194778442382812
0.485260009765625 0.009857177734375 -0.218307495117187 0.119384765625
0.41876220703125 0.35601806640625 -0.1973876953125 -0.0767211914062499
-0.02862548828125 0.67779541015625 -0.065582275390625 -0.171478271484375
-0.36444091796875 0.5673828125 0.10150146484375 -0.0319061279296875
-0.695068359375 0.44744873046875 -0.000297546386718785 0.0762939453125
-0.467254638671875 0.426025390625 -0.555755615234375 0.24566650390625
-0.211212158203125 0.50347900390625 -0.229034423828125 0.3453369140625
0.129608154296875 0.505401611328125 0.027557373046875 0.141754150390625
0.331878662109375 0.2388916015625 -0.0624656677246094 0.0301132202148438
0.37939453125 0.00927734375 -0.148040771484375 0.08770751953125
0.276290893554688 -0.209060668945313 -0.208908081054687 0.197967529296875
0.169036865234375 -0.279220581054688 -0.129791259765625 0.3311767578125
0.210540771484375 -0.28118896484375 -0.08905029296875 0.37054443359375
0.20361328125 -0.29156494140625 -0.1124267578125 0.36614990234375
0.267898559570313 -0.140182495117188 -0.24822998046875 0.268646240234375
0.328857421875 0.036834716796875 -0.272659301757813 0.129364013671875
0.250045776367188 0.262481689453125 -0.2213134765625 -0.053985595703125
-0.061767578125 0.45660400390625 -0.0680923461914063 -0.114608764648438
-0.273712158203125 0.375213623046875 0.0336837768554687 0.0904159545898438
-0.518310546875 0.323394775390625 -0.2020263671875 0.184951782226563
-0.22344970703125 0.255462646484375 -0.69061279296875 0.35858154296875
-0.07452392578125 0.284088134765625 -0.289093017578125 0.45208740234375
0.0860137939453125 0.229949951171875 0.0027618408203125 0.169586181640625
0.157440185546875 0.0894012451171875 -0.0868606567382812 0.0522232055664063
0.168670654296875 0.006317138671875 -0.19073486328125 0.0897369384765625
0.143478393554687 -0.089447021484375 -0.257217407226563 0.244598388671875
0.10186767578125 -0.116668701171875 -0.160247802734375 0.42041015625
0.120429992675781 -0.123313903808594 -0.117919921875 0.44927978515625
0.132537841796875 -0.1260986328125 -0.153350830078125 0.438262939453125
0.141571044921875 -0.0316314697265625 -0.29022216796875 0.29693603515625
0.143203735351563 0.0533599853515625 -0.29290771484375 0.109649658203125
0.0712814331054688 0.137313842773438 -0.21923828125 -0.04205322265625
-0.06866455078125 0.19354248046875 -0.0597457885742188 -0.0719528198242187
-0.139877319335937 0.151535034179688 -0.020904541015625 0.164642333984375
-0.267959594726563 0.16448974609375 -0.34173583984375 0.25439453125
-0.0715713500976563 -0.01373291015625 0.388519287109375 -0.382049560546875
-0.0413780212402344 0.0515022277832031 0.074676513671875 -0.2713623046875
0.0440750122070313 0.0772628784179688 0.0258941650390625 0.0574188232421875
0.082183837890625 0.027313232421875 0.190811157226563 0.065948486328125
0.0625839233398438 -0.0568885803222656 0.29937744140625 -0.04742431640625
-0.0202713012695313 -0.0702705383300781 0.3065185546875 -0.279693603515625
-0.04205322265625 -0.0662841796875 0.149810791015625 -0.471954345703125
-0.020599365234375 -0.0496063232421875 0.104034423828125 -0.47930908203125
-0.0429115295410156 -0.0383567810058594 0.145477294921875 -0.4622802734375
0.00794219970703125 -0.0500869750976563 0.255401611328125 -0.3072509765625
0.0455131530761719 -0.0147247314453125 0.192916870117188 -0.123825073242188
0.0479011535644531 0.0484390258789062 0.0997085571289063 -0.110519409179688
-0.0347023010253906 0.036224365234375 0.0576934814453125 -0.240524291992188
-0.0393714904785156 -0.000419616699218744 0.250946044921875 -0.471771240234375
-0.01177978515625 -0.0527114868164063 0.7755126953125 -0.37347412109375
-0.330169677734375 0.182861328125 0.35205078125 -0.3724365234375
-0.185714721679688 0.257553100585938 0.07220458984375 -0.266525268554688
0.0521240234375 0.32635498046875 0.0339126586914063 0.0480880737304688
0.213882446289063 0.173736572265625 0.166336059570313 0.0526885986328125
0.2509765625 -0.0314788818359375 0.271865844726563 -0.0237884521484375
0.123062133789062 -0.1759033203125 0.276565551757813 -0.243316650390625
0.04132080078125 -0.232681274414062 0.1353759765625 -0.42626953125
0.08740234375 -0.22747802734375 0.09893798828125 -0.4190673828125
0.054046630859375 -0.231231689453125 0.13818359375 -0.409912109375
0.160400390625 -0.16937255859375 0.21661376953125 -0.261627197265625
0.257095336914062 -0.028961181640625 0.149673461914063 -0.0905609130859375
0.243240356445313 0.184677124023438 0.063018798828125 -0.131782531738281
-0.020263671875 0.330810546875 0.0443878173828125 -0.2713623046875
-0.181808471679687 0.261825561523438 0.27313232421875 -0.48114013671875
-0.300811767578125 0.166900634765625 0.75921630859375 -0.3704833984375
-0.54150390625 0.361602783203125 0.23590087890625 -0.3148193359375
-0.300537109375 0.450714111328125 0.0391693115234375 -0.21209716796875
0.0773315429687499 0.54986572265625 0.04779052734375 0.0497627258300782
0.33953857421875 0.299072265625 0.140487670898438 0.035125732421875
0.4180908203125 -0.011810302734375 0.220794677734375 -0.0063018798828125
0.251388549804688 -0.26544189453125 0.20831298828125 -0.18365478515625
0.117401123046875 -0.368255615234375 0.09686279296875 -0.320831298828125
0.18194580078125 -0.371429443359375 0.078277587890625 -0.29443359375
0.141937255859375 -0.387725830078125 0.1085205078125 -0.29132080078125
0.289794921875 -0.26446533203125 0.1390380859375 -0.1728515625
0.43817138671875 -0.0406494140625 0.0712890625 -0.0429763793945312
0.4156494140625 0.296905517578125 0.000915527343750032 -0.143051147460937
0.00402832031250006 0.591064453125 0.015106201171875 -0.286590576171875
-0.2987060546875 0.49664306640625 0.26507568359375 -0.43768310546875
-0.548065185546875 0.3619384765625 0.65155029296875 -0.3138427734375
-0.67584228515625 0.5010986328125 0.0589752197265625 -0.208450317382812
-0.3612060546875 0.6151123046875 -0.0148468017578125 -0.105003356933594
0.124267578125 0.7171630859375 0.0610618591308594 0.0609855651855469
0.45263671875 0.3797607421875 0.104072570800781 0.0175094604492188
0.54779052734375 -0.005584716796875 0.143203735351563 0.0133209228515625
0.34661865234375 -0.329132080078125 0.109054565429688 -0.0975723266601563
0.175140380859375 -0.454010009765625 0.0426177978515625 -0.16644287109375
0.248565673828125 -0.458465576171875 0.0456924438476563 -0.123451232910156
0.204864501953125 -0.483001708984375 0.0654220581054688 -0.125213623046875
0.3743896484375 -0.3192138671875 0.0380821228027344 -0.0499038696289063
0.554962158203125 -0.047027587890625 -0.0271472930908203 0.0193061828613281
0.5294189453125 0.37030029296875 -0.0759963989257812 -0.134902954101562
0.03106689453125 0.7691650390625 -0.020751953125 -0.2742919921875
-0.37078857421875 0.658935546875 0.229339599609375 -0.337432861328125
-0.71478271484375 0.49755859375 0.4677734375 -0.206573486328125
-0.7120361328125 0.577392578125 -0.154388427734375 -0.0581817626953125
-0.35986328125 0.7022705078125 -0.0828475952148438 0.0460052490234375
0.17340087890625 0.78375244140625 0.0674362182617188 0.0841751098632813
0.51458740234375 0.39520263671875 0.0521888732910157 0.00871276855468752
0.5994873046875 -0.0084228515625 0.0427474975585938 0.0407485961914063
0.387115478515625 -0.35064697265625 -0.00727367401123045 0.0106458663940429
0.20391845703125 -0.471099853515625 -0.0180282592773437 0.0145397186279297
0.27642822265625 -0.4771728515625 0.00580215454101564 0.0655021667480468
0.2373046875 -0.501678466796875 0.0117912292480469 0.0625038146972656
0.397979736328125 -0.316131591796875 -0.0699920654296875 0.0866470336914062
0.57659912109375 -0.03839111328125 -0.130699157714844 0.0843124389648438
0.544189453125 0.386688232421875 -0.15191650390625 -0.106658935546875
0.0317382812499999 0.8104248046875 -0.05389404296875 -0.231704711914062
-0.38873291015625 0.69842529296875 0.172149658203125 -0.192733764648437
-0.76666259765625 0.5443115234375 0.2398681640625 -0.0651702880859375
-0.6351318359375 0.56536865234375 -0.37158203125 0.112335205078125
-0.29876708984375 0.6763916015625 -0.153961181640625 0.214630126953125
0.189208984375 0.71435546875 0.0579910278320313 0.112014770507813
0.48138427734375 0.344146728515625 -0.00902080535888669 0.0142641067504883
0.546234130859375 -0.012054443359375 -0.0625152587890625 0.0712203979492188
0.362274169921875 -0.31683349609375 -0.120491027832031 0.1234130859375
0.199737548828125 -0.41534423828125 -0.0756072998046875 0.197525024414062
0.2603759765625 -0.42279052734375 -0.035125732421875 0.244369506835937
0.235198974609375 -0.440704345703125 -0.0438232421875 0.240676879882812
0.360687255859375 -0.25555419921875 -0.168563842773438 0.207595825195312
0.497802734375 -0.0101318359375 -0.217529296875 0.130661010742188
0.4429931640625 0.34698486328125 -0.206024169921875 -0.0722808837890624
0.00231933593750006 0.70001220703125 -0.0717926025390625 -0.170562744140625
-0.35455322265625 0.59649658203125 0.106788635253906 -0.0377044677734375
-0.70050048828125 0.48870849609375 0.00402832031249997 0.0779495239257813
-0.463775634765625 0.45782470703125 -0.561065673828125 0.272735595703125
-0.19549560546875 0.527740478515625 -0.221221923828125 0.365631103515625
0.156890869140625 0.5162353515625 0.03570556640625 0.14251708984375
0.350067138671875 0.232452392578125 -0.0606575012207031 0.0322036743164063
0.392486572265625 -0.0081787109375 -0.148513793945312 0.092681884765625
0.275634765625 -0.226486206054688 -0.20928955078125 0.21466064453125
0.1630859375 -0.2923583984375 -0.120849609375 0.3485107421875
0.20440673828125 -0.300567626953125 -0.0722656249999999 0.38580322265625
0.197235107421875 -0.30963134765625 -0.095916748046875 0.37908935546875
0.269149780273438 -0.153900146484375 -0.243560791015625 0.2877197265625
0.33831787109375 0.02496337890625 -0.274307250976562 0.14202880859375
0.268524169921875 0.259368896484375 -0.228439331054687 -0.0468597412109375
-0.0409545898437499 0.47320556640625 -0.0717315673828125 -0.112442016601562
-0.26812744140625 0.394683837890625 0.0421218872070312 0.0891799926757813
-0.521942138671875 0.3543701171875 -0.199142456054688 0.196426391601562
-0.220535278320313 0.272354125976562 -0.692138671875 0.3935546875
-0.06549072265625 0.2955322265625 -0.27691650390625 0.479278564453125
0.097442626953125 0.236434936523438 0.00985717773437502 0.173446655273438
0.165817260742188 0.087188720703125 -0.0841064453125 0.0564651489257812
0.175308227539063 -0.001708984375 -0.193954467773438 0.0968170166015625
0.144271850585938 -0.0987548828125 -0.25823974609375 0.263885498046875
0.10076904296875 -0.124168395996094 -0.147979736328125 0.44256591796875
0.117645263671875 -0.133842468261719 -0.0981445312499999 0.467926025390625
0.130889892578125 -0.137306213378906 -0.134918212890625 0.457611083984375
0.1446533203125 -0.038116455078125 -0.28594970703125 0.31890869140625
0.147323608398438 0.0492095947265625 -0.29632568359375 0.122711181640625
0.0789642333984375 0.137603759765625 -0.224639892578125 -0.033843994140625
-0.0597381591796875 0.201797485351563 -0.061370849609375 -0.0705108642578125
-0.1385498046875 0.160873413085938 -0.0115814208984375 0.167205810546875
-0.270675659179687 0.181625366210938 -0.340606689453125 0.272430419921875
-0.0727157592773438 -0.00981903076171874 0.369659423828125 -0.409210205078125
-0.0394058227539063 0.053009033203125 0.0566253662109375 -0.279800415039063
0.0473403930664063 0.0723495483398438 0.0292243957519531 0.0540008544921875
0.083953857421875 0.0218505859375 0.194046020507813 0.0542144775390625
0.0584526062011719 -0.0611534118652344 0.301116943359375 -0.065093994140625
-0.0257949829101563 -0.0672225952148438 0.295654296875 -0.302886962890625
-0.04656982421875 -0.0636177062988281 0.1214599609375 -0.489166259765625
-0.0232391357421875 -0.0496673583984375 0.0718994140624999 -0.492340087890625
-0.0445785522460938 -0.0339736938476563 0.11602783203125 -0.47845458984375
0.00360488891601562 -0.0501480102539062 0.24163818359375 -0.330047607421875
0.0451622009277344 -0.0180320739746094 0.190078735351563 -0.134857177734375
0.0517349243164063 0.0450096130371094 0.0915451049804688 -0.117561340332031
-0.0340003967285156 0.0395469665527344 0.0402069091796875 -0.245346069335937
-0.0378341674804688 0.00104904174804688 0.225433349609375 -0.48724365234375
-0.0135993957519531 -0.0533065795898438 0.76397705078125 -0.41510009765625
-0.32171630859375 0.204620361328125 0.333251953125 -0.395904541015625
-0.172210693359375 0.26959228515625 0.053497314453125 -0.274871826171875
0.071563720703125 0.324066162109375 0.0370254516601563 0.0423622131347656
0.225067138671875 0.162338256835938 0.169158935546875 0.0425567626953125
0.249908447265625 -0.047760009765625 0.274154663085938 -0.0394744873046875
0.11273193359375 -0.18243408203125 0.26824951171875 -0.263641357421875
0.0284423828125 -0.236114501953125 0.1085205078125 -0.439697265625
0.0753326416015625 -0.238265991210938 0.071136474609375 -0.43170166015625
0.042144775390625 -0.23516845703125 0.11181640625 -0.426483154296875
0.151275634765625 -0.18011474609375 0.204254150390625 -0.28143310546875
0.259140014648438 -0.04473876953125 0.1492919921875 -0.099761962890625
0.257827758789063 0.171585083007813 0.0530166625976563 -0.137603759765625
-0.000396728515624972 0.3375244140625 0.0267486572265625 -0.2747802734375
-0.168685913085938 0.273849487304687 0.248321533203125 -0.49676513671875
-0.293792724609375 0.18707275390625 0.7471923828125 -0.412353515625
-0.527801513671875 0.396820068359375 0.21856689453125 -0.331573486328125
-0.275970458984375 0.472686767578125 0.0230712890625 -0.217453002929687
0.110870361328125 0.548614501953125 0.051300048828125 0.0417861938476563
0.360687255859375 0.280853271484375 0.142990112304688 0.0253753662109375
0.42138671875 -0.037811279296875 0.224365234375 -0.019927978515625
0.236602783203125 -0.2808837890625 0.201309204101563 -0.199356079101563
0.0968017578125 -0.37786865234375 0.07598876953125 -0.330291748046875
0.161865234375 -0.390869140625 0.058624267578125 -0.30462646484375
0.11981201171875 -0.400390625 0.0906372070312501 -0.306182861328125
0.276763916015625 -0.283966064453125 0.130950927734375 -0.18585205078125
0.4410400390625 -0.0670166015625 0.0739822387695313 -0.047210693359375
0.439971923828125 0.276824951171875 -0.0104522705078125 -0.145919799804687
0.0411376953124999 0.59991455078125 -0.00109863281250001 -0.2879638671875
-0.27532958984375 0.517547607421875 0.244049072265625 -0.455657958984375
-0.533355712890625 0.40118408203125 0.64178466796875 -0.34979248046875
-0.65362548828125 0.54638671875 0.046722412109375 -0.213455200195313
-0.328369140625 0.641845703125 -0.0250701904296875 -0.105979919433594
0.17156982421875 0.71600341796875 0.0666885375976563 0.0529136657714844
0.47998046875 0.35516357421875 0.106414794921875 0.00881195068359377
0.55181884765625 -0.039276123046875 0.146453857421875 0.003570556640625
0.3291015625 -0.35125732421875 0.105613708496094 -0.10577392578125
0.14959716796875 -0.467803955078125 0.0304107666015625 -0.170425415039063
0.22314453125 -0.4833984375 0.03704833984375 -0.130241394042969
0.1783447265625 -0.501678466796875 0.0579605102539063 -0.135665893554688
0.358795166015625 -0.34320068359375 0.0366859436035157 -0.0540885925292969
0.558746337890625 -0.07928466796875 -0.0231056213378906 0.0208206176757812
0.5596923828125 0.341278076171875 -0.0876922607421875 -0.133476257324219
0.07855224609375 0.77960205078125 -0.0352630615234375 -0.273422241210937
-0.3406982421875 0.6864013671875 0.214752197265625 -0.35357666015625
-0.693115234375 0.5474853515625 0.4638671875 -0.233612060546875
-0.6846923828125 0.62786865234375 -0.159774780273438 -0.050140380859375
-0.322265625 0.73187255859375 -0.083160400390625 0.0515670776367188
0.22601318359375 0.78179931640625 0.0741806030273438 0.0755844116210938
0.54425048828125 0.368682861328125 0.0546913146972657 0.00284576416015627
0.6053466796875 -0.0467529296875 0.0461502075195313 0.0363998413085938
0.36859130859375 -0.3785400390625 -0.00709438323974607 0.0117197036743164
0.178192138671875 -0.487701416015625 -0.0202255249023437 0.0178661346435547
0.2493896484375 -0.505401611328125 0.00957870483398439 0.0638275146484375
0.2086181640625 -0.523773193359375 0.0173263549804688 0.0574531555175781
0.3848876953125 -0.342559814453125 -0.0655975341796875 0.0919265747070312
0.58038330078125 -0.071044921875 -0.124794006347656 0.092681884765625
0.57403564453125 0.357666015625 -0.161376953125 -0.10113525390625
0.0851440429687501 0.81884765625 -0.0655975341796875 -0.228271484375
-0.357666015625 0.7288818359375 0.16607666015625 -0.205612182617187
-0.74578857421875 0.59619140625 0.240142822265625 -0.0791473388671875
-0.61016845703125 0.60943603515625 -0.36859130859375 0.135498046875
-0.26263427734375 0.7022705078125 -0.14349365234375 0.227081298828125
0.23724365234375 0.71185302734375 0.06658935546875 0.105644226074219
0.50848388671875 0.319854736328125 -0.00588607788085934 0.0120162963867188
0.5528564453125 -0.046875 -0.0597076416015625 0.0733871459960938
0.3472900390625 -0.34222412109375 -0.115493774414063 0.133613586425781
0.17755126953125 -0.430908203125 -0.0662841796875 0.207443237304688
0.236297607421875 -0.44873046875 -0.018951416015625 0.248367309570312
0.20892333984375 -0.46051025390625 -0.027557373046875 0.242355346679688
0.349517822265625 -0.27813720703125 -0.157318115234375 0.221511840820312
0.501495361328125 -0.03863525390625 -0.211105346679688 0.14398193359375
0.4720458984375 0.32537841796875 -0.214157104492187 -0.0625305175781249
0.04705810546875 0.70782470703125 -0.0792999267578125 -0.166580200195312
-0.3280029296875 0.6248779296875 0.108993530273437 -0.0463638305664062
-0.67877197265625 0.5386962890625 0.00908660888671871 0.0777359008789063
-0.443939208984375 0.49053955078125 -0.550048828125 0.307220458984375
-0.16900634765625 0.546417236328125 -0.201995849609375 0.385101318359375
0.191070556640625 0.515716552734375 0.045074462890625 0.139808654785156
0.369720458984375 0.215850830078125 -0.0564117431640625 0.0336036682128906
0.39801025390625 -0.03326416015625 -0.145233154296875 0.100296020507812
0.265670776367188 -0.24603271484375 -0.201492309570312 0.23223876953125
0.148406982421875 -0.30560302734375 -0.101806640625 0.363983154296875
0.1875 -0.319793701171875 -0.0464782714843749 0.395050048828125
0.178497314453125 -0.326690673828125 -0.069366455078125 0.38690185546875
0.262969970703125 -0.170700073242188 -0.2286376953125 0.307403564453125
0.341949462890625 0.005401611328125 -0.26812744140625 0.158737182617188
0.2869873046875 0.245849609375 -0.23321533203125 -0.0345916748046874
-0.00991821289062505 0.480987548828125 -0.07501220703125 -0.108833312988281
-0.250274658203125 0.41436767578125 0.0507583618164062 0.0849609375
-0.50811767578125 0.392852783203125 -0.190200805664063 0.207717895507813
-0.209136962890625 0.288970947265625 -0.6754150390625 0.43743896484375
-0.0498046875 0.3037109375 -0.249603271484375 0.502410888671875
0.113815307617188 0.236236572265625 0.0209197998046875 0.174346923828125
0.17315673828125 0.0802459716796875 -0.0787582397460937 0.0593643188476563
0.179428100585938 -0.0122528076171875 -0.192108154296875 0.10687255859375
0.140960693359375 -0.109954833984375 -0.248779296875 0.284912109375
0.0955276489257813 -0.13116455078125 -0.121826171875 0.461181640625
0.1099853515625 -0.143402099609375 -0.06695556640625 0.480712890625
0.123138427734375 -0.148284912109375 -0.10394287109375 0.470306396484375
0.144607543945313 -0.046844482421875 -0.269775390625 0.34197998046875
0.150405883789063 0.041412353515625 -0.29339599609375 0.140106201171875
0.0881271362304688 0.134147644042969 -0.226959228515625 -0.0205993652343749
-0.045745849609375 0.207931518554687 -0.0627670288085938 -0.066375732421875
-0.131591796875 0.169891357421875 0.000778198242187495 0.166519165039063
-0.263885498046875 0.201278686523438 -0.328216552734375 0.291534423828125
-0.0710906982421875 -0.00521850585937501 0.342315673828125 -0.42279052734375
-0.0360298156738281 0.0534248352050781 0.036834716796875 -0.279495239257813
0.04803466796875 0.0673866271972656 0.0307273864746094 0.049102783203125
0.08306884765625 0.0165939331054688 0.192108154296875 0.0431365966796875
0.0523300170898438 -0.0629234313964844 0.2940673828125 -0.0806884765625
-0.029815673828125 -0.0623130798339844 0.2769775390625 -0.31927490234375
-0.0497550964355469 -0.0594215393066406 0.088958740234375 -0.4908447265625
-0.02569580078125 -0.0485076904296875 0.037872314453125 -0.493255615234375
-0.0440559387207031 -0.0289192199707031 0.08319091796875 -0.47991943359375
0.00031661987304687 -0.0491600036621094 0.218719482421875 -0.343658447265625
0.0437202453613281 -0.0217094421386719 0.18280029296875 -0.143875122070313
0.0539779663085938 0.0393638610839844 0.0811080932617188 -0.120368957519531
-0.0310211181640625 0.0417022705078125 0.0226898193359375 -0.2421875
-0.0350437164306641 0.00154113769531249 0.1942138671875 -0.489776611328125
-0.01470947265625 -0.0524101257324219 0.730712890625 -0.44586181640625
-0.304901123046875 0.219024658203125 0.304412841796875 -0.408905029296875
-0.154525756835937 0.274383544921875 0.03302001953125 -0.27423095703125
0.08770751953125 0.313629150390625 0.0379142761230469 0.0360374450683594
0.230453491210938 0.146804809570313 0.1671142578125 0.0313262939453125
0.242034912109375 -0.0614471435546875 0.269149780273438 -0.0543212890625
0.09954833984375 -0.183395385742188 0.251022338867188 -0.277877807617188
0.014923095703125 -0.2340087890625 0.079345703125 -0.442474365234375
0.0606842041015625 -0.24176025390625 0.0411376953125 -0.433319091796875
0.028411865234375 -0.234283447265625 0.081878662109375 -0.4300537109375
0.13812255859375 -0.185256958007813 0.185760498046875 -0.293548583984375
0.253875732421875 -0.0596771240234375 0.1451416015625 -0.106613159179687
0.265350341796875 0.153610229492188 0.0411148071289063 -0.1390380859375
0.020751953125 0.335113525390625 0.00933837890624999 -0.270538330078125
-0.1514892578125 0.278579711914063 0.218841552734375 -0.50115966796875
-0.278289794921875 0.201522827148438 0.71490478515625 -0.4427490234375
-0.495330810546875 0.421112060546875 0.195281982421875 -0.3380126953125
-0.2454833984375 0.48040771484375 0.00643920898437497 -0.215011596679687
0.139251708984375 0.531707763671875 0.0524749755859375 0.0338211059570313
0.37005615234375 0.256439208984375 0.141143798828125 0.01513671875
0.411376953125 -0.062408447265625 0.220291137695313 -0.0330657958984375
0.216552734375 -0.287872314453125 0.188919067382813 -0.209503173828125
0.07440185546875 -0.376861572265625 0.05316162109375 -0.3302001953125
0.136566162109375 -0.399200439453125 0.03656005859375 -0.306732177734375
0.095001220703125 -0.401031494140625 0.068572998046875 -0.31195068359375
0.256072998046875 -0.295196533203125 0.119094848632813 -0.193496704101563
0.432342529296875 -0.09173583984375 0.0738372802734375 -0.0511093139648438
0.45074462890625 0.246429443359375 -0.0224609375 -0.145095825195312
0.076904296875 0.59381103515625 -0.016265869140625 -0.282745361328125
-0.243377685546875 0.52728271484375 0.2181396484375 -0.461273193359375
-0.50238037109375 0.4267578125 0.61602783203125 -0.37689208984375
-0.61297607421875 0.57611083984375 0.0332489013671875 -0.21270751953125
-0.2867431640625 0.65057373046875 -0.0340423583984375 -0.102035522460937
0.20965576171875 0.6944580078125 0.0677032470703125 0.0429725646972657
0.4932861328125 0.32379150390625 0.105094909667969 1.98258566498648E-17
0.541290283203125 -0.07135009765625 0.14495849609375 -0.006500244140625
0.3038330078125 -0.363616943359375 0.0986251831054688 -0.110748291015625
0.1221923828125 -0.46893310546875 0.017486572265625 -0.167694091796875
0.191436767578125 -0.495635986328125 0.0267486572265625 -0.133331298828125
0.145660400390625 -0.506103515625 0.04730224609375 -0.142837524414063
0.3341064453125 -0.357208251953125 0.0333786010742188 -0.05712890625
0.54669189453125 -0.109893798828125 -0.0180683135986328 0.0215091705322266
0.57373046875 0.30487060546875 -0.097564697265625 -0.128158569335937
0.1248779296875 0.76483154296875 -0.04833984375 -0.266128540039062
-0.2984619140625 0.69720458984375 0.1954345703125 -0.360382080078125
-0.6534423828125 0.5806884765625 0.446441650390625 -0.252838134765625
-0.63946533203125 0.65753173828125 -0.16009521484375 -0.040435791015625
-0.2750244140625 0.73919677734375 -0.0810394287109375 0.0564727783203125
0.26953125 0.757080078125 0.0780792236328125 0.06585693359375
0.5576171875 0.3333740234375 0.0550422668457032 -0.0037117004394531
0.59320068359375 -0.08416748046875 0.0481300354003907 0.0309867858886719
0.340667724609375 -0.390533447265625 -0.00591564178466795 0.0130252838134765
0.149566650390625 -0.490966796875 -0.0202293395996094 0.0219898223876953
0.21435546875 -0.517730712890625 0.0135345458984375 0.0602684020996093
0.173919677734375 -0.52935791015625 0.0194931030273438 0.0505180358886718
0.36041259765625 -0.358306884765625 -0.0577545166015625 0.0941543579101562
0.5703125 -0.102783203125 -0.11492919921875 0.0969619750976563
0.58892822265625 0.32000732421875 -0.167816162109375 -0.0923004150390625
0.13238525390625 0.80364990234375 -0.073516845703125 -0.220428466796875
-0.31396484375 0.73974609375 0.155975341796875 -0.213241577148437
-0.7022705078125 0.631591796875 0.233352661132812 -0.0908050537109375
-0.56787109375 0.6356201171875 -0.35491943359375 0.153533935546875
-0.2196044921875 0.7081298828125 -0.128448486328125 0.233810424804688
0.2772216796875 0.68975830078125 0.0721893310546875 0.0970687866210938
0.521392822265625 0.286285400390625 -0.00347423553466794 0.00846004486083986
0.543304443359375 -0.080352783203125 -0.0548095703125 0.0726776123046875
0.322021484375 -0.35699462890625 -0.107292175292969 0.140289306640625
0.152435302734375 -0.435455322265625 -0.0528564453125 0.212051391601562
0.205474853515625 -0.4595947265625 -0.00309753417968749 0.244674682617187
0.177276611328125 -0.468109130859375 -0.012054443359375 0.235549926757812
0.3284912109375 -0.29461669921875 -0.141265869140625 0.228805541992187
0.49224853515625 -0.065643310546875 -0.197784423828125 0.152847290039063
0.484283447265625 0.29388427734375 -0.215774536132812 -0.0512542724609374
0.0897216796875 0.695068359375 -0.083404541015625 -0.15997314453125
-0.29095458984375 0.63238525390625 0.108642578125 -0.054931640625
-0.64263916015625 0.5706787109375 0.0136795043945312 0.0748977661132813
-0.411834716796875 0.5087890625 -0.522430419921875 0.3314208984375
-0.134979248046875 0.548583984375 -0.176361083984375 0.392303466796875
0.2197265625 0.4991455078125 0.0533905029296875 0.133583068847656
0.37860107421875 0.193145751953125 -0.0514907836914062 0.0322608947753906
0.39178466796875 -0.057891845703125 -0.139114379882812 0.104324340820312
0.24737548828125 -0.258682250976563 -0.1871337890625 0.2435302734375
0.13079833984375 -0.30950927734375 -0.078338623046875 0.369720458984375
0.165008544921875 -0.328460693359375 -0.0201416015625 0.392425537109375
0.155426025390625 -0.33477783203125 -0.04425048828125 0.382598876953125
0.249755859375 -0.183120727539063 -0.2061767578125 0.318634033203125
0.336669921875 -0.012176513671875 -0.255020141601563 0.171463012695312
0.297119140625 0.226654052734375 -0.231765747070312 -0.021240234375
0.020416259765625 0.4754638671875 -0.0764694213867188 -0.103012084960937
-0.225860595703125 0.422760009765625 0.0579147338867187 0.0768585205078125
-0.48077392578125 0.416839599609375 -0.177093505859375 0.2125244140625
-0.1917724609375 0.29705810546875 -0.63958740234375 0.46539306640625
-0.03369140625 0.302642822265625 -0.216339111328125 0.510772705078125
0.127365112304688 0.2288818359375 0.03173828125 0.171173095703125
0.177032470703125 0.0703125 -0.0714111328125 0.0602264404296875
0.17791748046875 -0.0238037109375 -0.184921264648438 0.114364624023438
0.133163452148438 -0.117538452148437 -0.231842041015625 0.30010986328125
0.088165283203125 -0.135276794433594 -0.091522216796875 0.466766357421875
0.100082397460938 -0.148910522460938 -0.03472900390625 0.4791259765625
0.110977172851563 -0.154876708984375 -0.07171630859375 0.467498779296875
0.140159606933594 -0.0537948608398438 -0.24432373046875 0.355712890625
0.150421142578125 0.0330657958984375 -0.282318115234375 0.154205322265625
0.0947265625 0.127510070800781 -0.223373413085937 -0.00761413574218752
-0.03155517578125 0.208038330078125 -0.0618362426757813 -0.0626869201660156
-0.121017456054688 0.175628662109375 0.0127716064453125 0.1597900390625
-0.25030517578125 0.215896606445312 -0.308624267578125 0.302398681640625
-0.068389892578125 -0.00215911865234376 0.316619873046875 -0.422637939453125
-0.0338592529296875 0.0522308349609375 0.02288818359375 -0.2735595703125
0.0468292236328125 0.0631446838378906 0.0300521850585938 0.044830322265625
0.0804214477539063 0.013336181640625 0.186309814453125 0.035675048828125
0.0473136901855469 -0.0625267028808594 0.285980224609375 -0.088623046875
-0.0310325622558594 -0.0574531555175781 0.260162353515625 -0.323211669921875
-0.0508995056152344 -0.0548591613769531 0.0661315917968749 -0.484283447265625
-0.0267143249511719 -0.0467376708984375 0.014404296875 -0.48175048828125
-0.0419654846191406 -0.0257530212402344 0.059783935546875 -0.471710205078125
-0.00209808349609375 -0.0475273132324219 0.2000732421875 -0.347381591796875
0.0414581298828125 -0.0239906311035156 0.175491333007813 -0.14617919921875
0.0542373657226563 0.0352134704589844 0.072479248046875 -0.119331359863281
-0.0280189514160156 0.0421066284179688 0.0116729736328125 -0.234512329101562
-0.0325870513916016 0.000736236572265621 0.172454833984375 -0.47967529296875
-0.0146102905273438 -0.0508651733398438 0.70086669921875 -0.45233154296875
-0.287872314453125 0.2242431640625 0.281829833984375 -0.406768798828125
-0.141632080078125 0.271484375 0.018798828125 -0.267440795898438
0.095855712890625 0.301300048828125 0.0367698669433594 0.0307693481445313
0.228042602539063 0.135101318359375 0.16217041015625 0.0237884521484375
0.232208251953125 -0.068115234375 0.262054443359375 -0.0626068115234375
0.0905609130859375 -0.179092407226563 0.23614501953125 -0.28289794921875
0.00549316406250001 -0.227218627929688 0.058349609375 -0.433807373046875
0.049041748046875 -0.241073608398438 0.019805908203125 -0.42462158203125
0.020233154296875 -0.228271484375 0.05999755859375 -0.42584228515625
0.12799072265625 -0.184951782226563 0.170196533203125 -0.29608154296875
0.245529174804688 -0.0684051513671875 0.141357421875 -0.109527587890625
0.265335083007813 0.138519287109375 0.0319900512695313 -0.136543273925781
0.033782958984375 0.326385498046875 -0.000579833984374978 -0.261199951171875
-0.137741088867187 0.275955200195313 0.1973876953125 -0.4931640625
-0.263504028320313 0.2056884765625 0.68536376953125 -0.449951171875
-0.46502685546875 0.427734375 0.1781005859375 -0.334075927734375
-0.221710205078125 0.4747314453125 -0.00495910644531253 -0.208694458007812
0.156158447265625 0.512725830078125 0.0510215759277344 0.0273094177246094
0.368682861328125 0.2373046875 0.136520385742188 0.00772857666015626
0.398284912109375 -0.075714111328125 0.215484619140625 -0.0405426025390625
0.1990966796875 -0.28509521484375 0.178131103515625 -0.212615966796875
0.058837890625 -0.3695068359375 0.0377197265625 -0.322723388671875
0.1170654296875 -0.398468017578125 0.02044677734375 -0.30206298828125
0.078125 -0.394775390625 0.051727294921875 -0.3099365234375
0.238800048828125 -0.2952880859375 0.109283447265625 -0.195831298828125
0.419586181640625 -0.105743408203125 0.0736770629882813 -0.0532913208007813
0.45001220703125 0.22381591796875 -0.0305328369140625 -0.140716552734375
0.09881591796875 0.57550048828125 -0.0244293212890625 -0.272613525390625
-0.2210693359375 0.5218505859375 0.198516845703125 -0.454620361328125
-0.474365234375 0.432373046875 0.5894775390625 -0.38287353515625
-0.57464599609375 0.582275390625 0.0253753662109375 -0.206069946289063
-0.25592041015625 0.6435546875 -0.038665771484375 -0.0968856811523437
0.2320556640625 0.667236328125 0.0672340393066406 0.0362586975097657
0.491912841796875 0.297119140625 0.101707458496094 -0.00677490234374998
0.52362060546875 -0.09063720703125 0.142181396484375 -0.0127410888671875
0.2802734375 -0.3619384765625 0.092987060546875 -0.112052917480469
0.10107421875 -0.46075439453125 0.0101318359375 -0.162124633789063
0.1654052734375 -0.494842529296875 0.0187835693359375 -0.132102966308594
0.121612548828125 -0.498687744140625 0.0372314453125 -0.145278930664063
0.312744140625 -0.3590087890625 0.0311775207519531 -0.0582962036132813
0.529632568359375 -0.127349853515625 -0.0132045745849609 0.0201549530029297
0.5709228515625 0.2757568359375 -0.103721618652344 -0.121864318847656
0.15252685546875 0.74151611328125 -0.0537567138671875 -0.25634765625
-0.27069091796875 0.6884765625 0.180267333984375 -0.357940673828125
-0.6171875 0.589111328125 0.42822265625 -0.25848388671875
-0.598876953125 0.662109375 -0.15618896484375 -0.033660888671875
-0.241943359375 0.7296142578125 -0.0779190063476563 0.0599136352539063
0.292724609375 0.72869873046875 0.0780105590820313 0.057464599609375
0.5562744140625 0.305328369140625 0.0535011291503907 -0.00963211059570311
0.57611083984375 -0.10577392578125 0.0489692687988282 0.0265274047851562
0.316619873046875 -0.390838623046875 -0.0052213668823242 0.0131502151489258
0.129302978515625 -0.48291015625 -0.0182933807373047 0.0257511138916015
0.18890380859375 -0.517791748046875 0.0143165588378906 0.056915283203125
0.148529052734375 -0.52349853515625 0.0185317993164063 0.0439987182617187
0.336944580078125 -0.36181640625 -0.0519256591796875 0.09368896484375
0.552276611328125 -0.12005615234375 -0.105712890625 0.0974273681640625
0.5863037109375 0.2906494140625 -0.170089721679687 -0.08453369140625
0.16217041015625 0.78057861328125 -0.0758209228515625 -0.21142578125
-0.28240966796875 0.73077392578125 0.147491455078125 -0.215164184570312
-0.662109375 0.6402587890625 0.224349975585937 -0.0957183837890625
-0.53057861328125 0.638916015625 -0.33856201171875 0.160980224609375
-0.1883544921875 0.7003173828125 -0.117538452148438 0.233901977539063
0.30035400390625 0.66259765625 0.0752639770507813 0.08953857421875
0.5186767578125 0.2608642578125 -0.00287628173828122 0.00424933433532716
0.52740478515625 -0.10150146484375 -0.051544189453125 0.071014404296875
0.30108642578125 -0.35784912109375 -0.099456787109375 0.143203735351562
0.135040283203125 -0.43084716796875 -0.042449951171875 0.213912963867187
0.18060302734375 -0.460784912109375 0.00733947753906254 0.23760986328125
0.153045654296875 -0.46246337890625 -0.00334167480468751 0.225845336914063
0.30950927734375 -0.297088623046875 -0.127639770507812 0.229339599609375
0.47796630859375 -0.08062744140625 -0.186126708984375 0.154891967773438
0.48382568359375 0.269317626953125 -0.213623046875 -0.04290771484375
0.11602783203125 0.67529296875 -0.0826416015625 -0.153610229492187
-0.26397705078125 0.62799072265625 0.106376647949219 -0.0613861083984375
-0.606201171875 0.57958984375 0.0152969360351562 0.0710372924804688
-0.383758544921875 0.511016845703125 -0.49615478515625 0.338714599609375
-0.113525390625 0.5401611328125 -0.15594482421875 0.390350341796875
0.23486328125 0.4803466796875 0.0582275390625 0.126296997070313
0.37701416015625 0.174835205078125 -0.0480270385742187 0.0291976928710938
0.381561279296875 -0.071868896484375 -0.133346557617188 0.10479736328125
0.231643676757813 -0.260513305664063 -0.174087524414063 0.247894287109375
0.118072509765625 -0.30792236328125 -0.059661865234375 0.367889404296875
0.14794921875 -0.329437255859375 -0.002960205078125 0.383148193359375
0.137237548828125 -0.33233642578125 -0.02789306640625 0.3701171875
0.237274169921875 -0.185928344726563 -0.1883544921875 0.320037841796875
0.3280029296875 -0.022369384765625 -0.241973876953125 0.17523193359375
0.298309326171875 0.210052490234375 -0.227218627929687 -0.0139007568359375
0.03912353515625 0.462310791015625 -0.0740737915039063 -0.0988006591796875
-0.207122802734375 0.419158935546875 0.0611839294433594 0.0686225891113282
-0.453521728515625 0.424072265625 -0.1663818359375 0.210342407226563
-0.178192138671875 0.2967529296875 -0.60382080078125 0.47149658203125
-0.02301025390625 0.296905517578125 -0.18963623046875 0.506591796875
0.13360595703125 0.219924926757813 0.0381927490234375 0.16552734375
0.176406860351563 0.0629730224609375 -0.0661506652832031 0.0578231811523437
0.174072265625 -0.03094482421875 -0.1788330078125 0.116226196289063
0.125938415527344 -0.120620727539063 -0.216552734375 0.304290771484375
0.0827789306640625 -0.135513305664063 -0.069427490234375 0.462890625
0.0921478271484375 -0.149932861328125 -0.0120849609375 0.469207763671875
0.100341796875 -0.156051635742188 -0.05084228515625 0.457061767578125
0.135147094726563 -0.0569381713867188 -0.223724365234375 0.357391357421875
0.146865844726563 0.0279693603515625 -0.270095825195313 0.160430908203125
0.0971145629882813 0.121261596679688 -0.216598510742187 -4.57763671874455E-05
-0.0211334228515625 0.203033447265625 -0.0591278076171875 -0.061126708984375
-0.112808227539062 0.175628662109375 0.0194549560546875 0.151138305664063
-0.2364501953125 0.220626831054687 -0.2919921875 0.301483154296875
-0.0653839111328125 -0.00129318237304689 0.305633544921875 -0.41741943359375
-0.0331382751464844 0.0512580871582031 0.0145111083984375 -0.267379760742188
0.0458450317382813 0.0608444213867187 0.028106689453125 0.0428924560546875
0.0782394409179688 0.0125198364257813 0.182144165039062 0.032470703125
0.0442008972167969 -0.0608024597167969 0.28094482421875 -0.0927734375
-0.03021240234375 -0.0534019470214844 0.25177001953125 -0.32568359375
-0.0506935119628906 -0.0518035888671875 0.054412841796875 -0.478973388671875
-0.0274124145507813 -0.0463790893554688 0.00344848632812495 -0.47442626953125
-0.0396537780761719 -0.0239448547363281 0.04998779296875 -0.4664306640625
-0.0033721923828125 -0.0464363098144531 0.1904296875 -0.348388671875
0.0398292541503906 -0.0250816345214844 0.173446655273438 -0.14630126953125
0.0536575317382812 0.0323638916015625 0.0676116943359375 -0.116172790527344
-0.0265769958496094 0.0419158935546875 0.00514221191406248 -0.227462768554688
-0.0307941436767578 -0.00108146667480468 0.16290283203125 -0.4686279296875
-0.0134010314941406 -0.0501937866210938 0.68634033203125 -0.44818115234375
-0.27752685546875 0.222946166992187 0.271636962890625 -0.399810791015625
-0.134780883789063 0.266845703125 0.011260986328125 -0.260635375976563
0.09820556640625 0.293121337890625 0.0354118347167969 0.0275382995605469
0.2254638671875 0.1300048828125 0.157806396484375 0.0205078125
0.225692749023437 -0.0700531005859375 0.258575439453125 -0.0666961669921875
0.0862579345703125 -0.17425537109375 0.229278564453125 -0.283721923828125
0.00231933593749998 -0.22216796875 0.048004150390625 -0.4283447265625
0.04327392578125 -0.240188598632813 0.00863647460937503 -0.417755126953125
0.017547607421875 -0.224700927734375 0.04876708984375 -0.420928955078125
0.122848510742188 -0.182693481445313 0.16204833984375 -0.297821044921875
0.240829467773437 -0.07232666015625 0.140823364257813 -0.11151123046875
0.263595581054687 0.131637573242187 0.0265579223632813 -0.134040832519531
0.039459228515625 0.321044921875 -0.00561523437499999 -0.253768920898437
-0.131057739257812 0.272308349609375 0.188568115234375 -0.48291015625
-0.255996704101563 0.2056884765625 0.6715087890625 -0.4462890625
-0.450164794921875 0.42388916015625 0.170745849609375 -0.3282470703125
-0.209930419921875 0.46844482421875 -0.0104217529296875 -0.202316284179687
0.161224365234375 0.4996337890625 0.0489311218261719 0.0233840942382813
0.36505126953125 0.227874755859375 0.132286071777344 0.00392150878906251
0.38873291015625 -0.080535888671875 0.212310791015625 -0.043914794921875
0.19195556640625 -0.27880859375 0.172836303710938 -0.213394165039063
0.052886962890625 -0.36322021484375 0.030059814453125 -0.31744384765625
0.106109619140625 -0.397674560546875 0.01171875 -0.2972412109375
0.0694580078125 -0.389434814453125 0.04095458984375 -0.308380126953125
0.230377197265625 -0.2921142578125 0.104537963867188 -0.197006225585938
0.411773681640625 -0.110626220703125 0.0753555297851563 -0.0551681518554688
0.446807861328125 0.211395263671875 -0.0357894897460937 -0.137161254882813
0.1083984375 0.5640869140625 -0.02716064453125 -0.265090942382812
-0.210174560546875 0.515045166015625 0.19140625 -0.448516845703125
-0.46124267578125 0.43170166015625 0.57867431640625 -0.37945556640625
-0.55584716796875 0.578369140625 0.0224609375 -0.201248168945312
-0.24169921875 0.63360595703125 -0.0419235229492188 -0.0919265747070312
0.2391357421875 0.6497802734375 0.0659599304199219 0.0306816101074219
0.486419677734375 0.285308837890625 0.0981369018554688 -0.0104522705078125
0.513702392578125 -0.100372314453125 0.140975952148438 -0.0157318115234375
0.27069091796875 -0.356170654296875 0.0908279418945313 -0.111785888671875
0.0939331054687499 -0.4539794921875 0.00778198242187499 -0.157974243164063
0.15277099609375 -0.495391845703125 0.0140304565429688 -0.13092041015625
0.11065673828125 -0.492462158203125 0.029296875 -0.146896362304688
0.3023681640625 -0.355865478515625 0.0308837890625 -0.0593185424804688
0.521392822265625 -0.132781982421875 -0.00983810424804684 0.0185489654541016
0.5670166015625 0.26318359375 -0.107261657714844 -0.118034362792969
0.1636962890625 0.72711181640625 -0.054290771484375 -0.249832153320312
-0.25799560546875 0.68011474609375 0.17529296875 -0.3546142578125
-0.59979248046875 0.587646484375 0.418609619140625 -0.257415771484375
-0.57794189453125 0.65911865234375 -0.15234375 -0.0303497314453125
-0.22662353515625 0.720458984375 -0.0757369995117188 0.062286376953125
0.30108642578125 0.7099609375 0.0778579711914063 0.0522308349609375
0.550872802734375 0.29132080078125 0.0512733459472657 -0.0134925842285156
0.56549072265625 -0.11474609375 0.0486259460449219 0.02392578125
0.306976318359375 -0.38677978515625 -0.00347614288330076 0.0143003463745117
0.119842529296875 -0.477203369140625 -0.0162105560302734 0.028268814086914
0.174041748046875 -0.516876220703125 0.0138969421386719 0.0551528930664062
0.13507080078125 -0.51617431640625 0.0148773193359375 0.0391044616699218
0.325927734375 -0.35723876953125 -0.04766845703125 0.0927886962890625
0.54241943359375 -0.126861572265625 -0.0998687744140625 0.09600830078125
0.58251953125 0.27874755859375 -0.171966552734375 -0.08056640625
0.1734619140625 0.76373291015625 -0.07452392578125 -0.207473754882812
-0.26873779296875 0.72186279296875 0.144805908203125 -0.215576171875
-0.64117431640625 0.63922119140625 0.218994140625 -0.095947265625
-0.5126953125 0.634521484375 -0.32818603515625 0.160980224609375
-0.176025390625 0.68939208984375 -0.110321044921875 0.233566284179688
0.306640625 0.646728515625 0.0750503540039063 0.083587646484375
0.514617919921875 0.24932861328125 -0.00225949287414548 0.000665664672851578
0.518463134765625 -0.1094970703125 -0.0494956970214844 0.0692481994628906
0.289398193359375 -0.354644775390625 -0.094482421875 0.145309448242187
0.126800537109375 -0.42535400390625 -0.0350189208984375 0.213531494140625
0.169921875 -0.458587646484375 0.011962890625 0.233474731445312
0.140228271484375 -0.45770263671875 -0.00146484375000001 0.218490600585937
0.30072021484375 -0.2940673828125 -0.120590209960937 0.227676391601563
0.47039794921875 -0.086029052734375 -0.178955078125 0.15399169921875
0.47998046875 0.25860595703125 -0.212570190429688 -0.03948974609375
0.12640380859375 0.66107177734375 -0.079345703125 -0.150360107421875
-0.252685546875 0.61956787109375 0.106040954589844 -0.0653991699218749
-0.587890625 0.578857421875 0.0144271850585937 0.0691986083984375
-0.37115478515625 0.507659912109375 -0.480194091796875 0.3372802734375
-0.104278564453125 0.532928466796875 -0.1456298828125 0.386383056640625
0.24114990234375 0.468017578125 0.060302734375 0.121490478515625
0.374908447265625 0.16717529296875 -0.0462226867675781 0.0259971618652344
0.37567138671875 -0.07879638671875 -0.13055419921875 0.104202270507812
0.223953247070313 -0.259307861328125 -0.167022705078125 0.25006103515625
0.113128662109375 -0.305938720703125 -0.048583984375 0.36639404296875
0.13873291015625 -0.328521728515625 0.00656127929687503 0.376556396484375
0.126617431640625 -0.32904052734375 -0.021697998046875 0.361541748046875
0.231185913085937 -0.184188842773438 -0.177215576171875 0.319122314453125
0.322265625 -0.0262451171875 -0.235061645507812 0.17510986328125
0.29632568359375 0.202178955078125 -0.22344970703125 -0.0104522705078125
0.04766845703125 0.453338623046875 -0.07037353515625 -0.0976791381835937
-0.199371337890625 0.414886474609375 0.0630302429199219 0.0616798400878907
-0.4412841796875 0.42620849609375 -0.16314697265625 0.207138061523438
-0.1728515625 0.294708251953125 -0.5867919921875 0.466552734375
-0.01947021484375 0.292449951171875 -0.17633056640625 0.5
0.135940551757813 0.215805053710938 0.041534423828125 0.161575317382813
0.175125122070313 0.05865478515625 -0.06378173828125 0.0550384521484375
0.17193603515625 -0.034332275390625 -0.175918579101563 0.1160888671875
0.1217041015625 -0.121131896972656 -0.209259033203125 0.30706787109375
0.080780029296875 -0.136459350585938 -0.0560302734375 0.45953369140625
0.08807373046875 -0.149490356445313 -0.000396728515625038 0.46185302734375
0.0941925048828125 -0.154861450195313 -0.040863037109375 0.448486328125
0.133010864257813 -0.0575180053710937 -0.211822509765625 0.357086181640625
0.1451416015625 0.025970458984375 -0.263748168945313 0.162063598632813
0.0970687866210938 0.118110656738281 -0.21124267578125 0.00280761718749998
-0.016204833984375 0.199295043945313 -0.055755615234375 -0.0606803894042969
-0.109039306640625 0.174728393554687 0.0221405029296875 0.14300537109375
-0.230606079101563 0.2218017578125 -0.286285400390625 0.29742431640625
-0.0639839172363281 -0.001312255859375 0.30450439453125 -0.4171142578125
-0.0335350036621094 0.0512046813964844 0.0103912353515625 -0.265457153320313
0.0447883605957031 0.060516357421875 0.0274810791015625 0.0420684814453125
0.0786209106445313 0.0121841430664062 0.180953979492188 0.032012939453125
0.0426902770996094 -0.0596847534179688 0.282928466796875 -0.095794677734375
-0.0297203063964844 -0.0508537292480469 0.250274658203125 -0.33258056640625
-0.0507049560546875 -0.0497283935546875 0.0475769042968751 -0.4814453125
-0.0285758972167969 -0.0464057922363281 -0.00473022460937499 -0.474945068359375
-0.0385246276855469 -0.0241584777832031 0.041778564453125 -0.46868896484375
-0.00416183471679688 -0.0455703735351563 0.1871337890625 -0.354095458984375
0.0392532348632813 -0.026580810546875 0.175994873046875 -0.148605346679688
0.0541534423828125 0.0307655334472656 0.0652084350585938 -0.115890502929687
-0.0258369445800781 0.041656494140625 0.00210571289062501 -0.224319458007813
-0.0303077697753906 -0.00305557250976562 0.162261962890625 -0.467254638671875
-0.0121040344238281 -0.050018310546875 0.69110107421875 -0.44732666015625
-0.275588989257813 0.224594116210937 0.26995849609375 -0.39984130859375
-0.133941650390625 0.267730712890625 0.00709533691406248 -0.25830078125
0.099578857421875 0.292205810546875 0.0339698791503906 0.0258350372314453
0.226211547851563 0.129653930664063 0.15631103515625 0.019012451171875
0.224990844726562 -0.070648193359375 0.26092529296875 -0.0696258544921875
0.0868988037109375 -0.172164916992187 0.228729248046875 -0.289886474609375
0.00155639648437499 -0.221817016601563 0.042755126953125 -0.429840087890625
0.0394287109375 -0.243148803710937 0.000610351562500013 -0.418701171875
0.0167388916015625 -0.225936889648438 0.041595458984375 -0.424407958984375
0.121627807617188 -0.182785034179688 0.15960693359375 -0.303436279296875
0.240997314453125 -0.0750732421875 0.143692016601563 -0.11328125
0.266128540039063 0.129501342773438 0.0230331420898438 -0.132247924804688
0.042816162109375 0.32147216796875 -0.00671386718750001 -0.251205444335938
-0.130630493164063 0.271591186523438 0.187957763671875 -0.48291015625
-0.255020141601563 0.207778930664062 0.676513671875 -0.4459228515625
-0.446502685546875 0.42559814453125 0.170562744140625 -0.326141357421875
-0.2091064453125 0.46917724609375 -0.013336181640625 -0.1998291015625
0.16632080078125 0.497039794921875 0.0480804443359375 0.0206451416015625
0.366607666015625 0.225799560546875 0.130149841308594 0.00205230712890626
0.387908935546875 -0.084442138671875 0.214309692382813 -0.0469970703125
0.192092895507813 -0.278030395507813 0.173187255859375 -0.217071533203125
0.05035400390625 -0.36346435546875 0.02685546875 -0.31842041015625
0.1011962890625 -0.403045654296875 0.00537109375000004 -0.2979736328125
0.066558837890625 -0.39166259765625 0.033935546875 -0.3116455078125
0.229034423828125 -0.292572021484375 0.10302734375 -0.200881958007813
0.4130859375 -0.115081787109375 0.0789260864257813 -0.0578079223632813
0.451080322265625 0.210296630859375 -0.04095458984375 -0.13543701171875
0.113525390625 0.56597900390625 -0.02679443359375 -0.263763427734375
-0.20965576171875 0.51629638671875 0.19268798828125 -0.4488525390625
-0.461578369140625 0.437042236328125 0.580810546875 -0.38104248046875
-0.5506591796875 0.58135986328125 0.0236663818359375 -0.19989013671875
-0.23828125 0.634033203125 -0.0432586669921875 -0.08880615234375
0.24609375 0.6488037109375 0.0652503967285156 0.0273323059082032
0.4892578125 0.284271240234375 0.0962677001953125 -0.0134811401367187
0.512847900390625 -0.104400634765625 0.142852783203125 -0.018310546875
0.27032470703125 -0.355987548828125 0.0922622680664063 -0.113578796386719
0.0915222167968749 -0.455322265625 0.00703430175781249 -0.157638549804688
0.14666748046875 -0.50146484375 0.01068115234375 -0.131393432617188
0.106658935546875 -0.494537353515625 0.0235443115234375 -0.149215698242188
0.302001953125 -0.356842041015625 0.0307884216308594 -0.061248779296875
0.523590087890625 -0.1380615234375 -0.00646591186523434 0.0164604187011719
0.5711669921875 0.26055908203125 -0.112457275390625 -0.116127014160156
0.17034912109375 0.72906494140625 -0.0531768798828125 -0.249664306640625
-0.25628662109375 0.68475341796875 0.176849365234375 -0.357086181640625
-0.59832763671875 0.59326171875 0.420135498046875 -0.25701904296875
-0.57421875 0.6627197265625 -0.15045166015625 -0.029815673828125
-0.22259521484375 0.7236328125 -0.07489013671875 0.064788818359375
0.31109619140625 0.70794677734375 0.0778656005859375 0.048797607421875
0.555389404296875 0.2904052734375 0.0496559143066407 -0.0161705017089844
0.566650390625 -0.12115478515625 0.0504302978515625 0.0220413208007812
0.304443359375 -0.386810302734375 -0.00115680694580076 0.0152711868286133
0.117645263671875 -0.480010986328125 -0.0133209228515625 0.029754638671875
0.168426513671875 -0.52423095703125 0.0139846801757813 0.054931640625
0.1298828125 -0.519134521484375 0.0111732482910156 0.0370979309082031
0.32696533203125 -0.357513427734375 -0.0459671020507812 0.092803955078125
0.54461669921875 -0.1312255859375 -0.097412109375 0.0948028564453125
0.5877685546875 0.27435302734375 -0.176513671875 -0.078338623046875
0.18096923828125 0.765380859375 -0.07232666015625 -0.208099365234375
-0.26617431640625 0.72515869140625 0.145980834960938 -0.21990966796875
-0.64208984375 0.6455078125 0.218963623046875 -0.0970001220703125
-0.5113525390625 0.63922119140625 -0.32568359375 0.1610107421875
-0.17218017578125 0.69207763671875 -0.107376098632813 0.236114501953125
0.3134765625 0.64556884765625 0.077239990234375 0.0808486938476563
0.517791748046875 0.249114990234375 -0.00347781181335446 -0.0020172595977783
0.518768310546875 -0.116546630859375 -0.048431396484375 0.0689811706542969
0.289703369140625 -0.356048583984375 -0.0921783447265625 0.147705078125
0.124786376953125 -0.428619384765625 -0.02935791015625 0.216476440429687
0.16455078125 -0.465850830078125 0.0149078369140625 0.233795166015625
0.1353759765625 -0.45928955078125 -0.00280761718749999 0.217453002929687
0.30078125 -0.29425048828125 -0.116943359375 0.22991943359375
0.47174072265625 -0.088897705078125 -0.177764892578125 0.153915405273438
0.48388671875 0.257049560546875 -0.215896606445313 -0.0375823974609375
0.13348388671875 0.66156005859375 -0.0774383544921875 -0.15216064453125
-0.25103759765625 0.6229248046875 0.107475280761719 -0.07061767578125
-0.58673095703125 0.5841064453125 0.013031005859375 0.0688438415527344
-0.370086669921875 0.511322021484375 -0.4769287109375 0.33575439453125
-0.10247802734375 0.5347900390625 -0.14080810546875 0.388671875
0.248016357421875 0.47003173828125 0.0619583129882813 0.119804382324219
0.376800537109375 0.166107177734375 -0.04638671875 0.0241203308105469
0.377197265625 -0.08447265625 -0.131378173828125 0.104896545410156
0.22369384765625 -0.260711669921875 -0.164901733398438 0.255386352539062
0.113250732421875 -0.30889892578125 -0.040863037109375 0.370086669921875
0.1358642578125 -0.333709716796875 0.01202392578125 0.377197265625
0.122772216796875 -0.33038330078125 -0.019500732421875 0.361785888671875
0.231857299804688 -0.18499755859375 -0.173309326171875 0.32281494140625
0.323455810546875 -0.027557373046875 -0.234146118164062 0.176528930664063
0.299835205078125 0.202117919921875 -0.224578857421875 -0.0090789794921875
0.052154541015625 0.45306396484375 -0.0676727294921875 -0.100532531738281
-0.1973876953125 0.4178466796875 0.0646858215332031 0.0563888549804688
-0.441802978515625 0.4290771484375 -0.165756225585937 0.20623779296875
-0.17352294921875 0.296142578125 -0.58294677734375 0.46533203125
-0.019500732421875 0.293212890625 -0.170989990234375 0.501495361328125
0.139495849609375 0.217514038085938 0.044158935546875 0.1611328125
0.175933837890625 0.0584564208984375 -0.0629653930664062 0.0535316467285156
0.173843383789063 -0.0385284423828125 -0.177566528320312 0.117111206054688
0.121910095214844 -0.123428344726563 -0.2073974609375 0.313568115234375
0.0812606811523438 -0.139022827148438 -0.04718017578125 0.4644775390625
0.087432861328125 -0.152023315429688 0.00784301757812502 0.463653564453125
0.092132568359375 -0.155532836914063 -0.035919189453125 0.44940185546875
0.133903503417969 -0.0578231811523438 -0.207489013671875 0.361297607421875
0.146484375 0.0265045166015625 -0.2635498046875 0.164291381835938
0.0981979370117188 0.118675231933594 -0.210418701171875 0.00433349609374998
-0.01348876953125 0.19989013671875 -0.053619384765625 -0.0639572143554687
-0.108184814453125 0.176589965820313 0.0237350463867188 0.138404846191406
-0.230545043945312 0.22491455078125 -0.28997802734375 0.297210693359375
-0.0642433166503906 -0.00130844116210937 0.303741455078125 -0.426361083984375
-0.0338363647460938 0.0533065795898438 0.00447082519531251 -0.268630981445313
0.0456962585449219 0.06024169921875 0.0272789001464844 0.0421905517578125
0.0801010131835938 0.0116348266601563 0.184188842773438 0.029693603515625
0.0422248840332031 -0.0594978332519531 0.2879638671875 -0.10455322265625
-0.0295448303222656 -0.0496063232421875 0.249176025390625 -0.34698486328125
-0.0519180297851563 -0.0488357543945312 0.035736083984375 -0.49371337890625
-0.0310211181640625 -0.0470504760742188 -0.018585205078125 -0.483734130859375
-0.0388755798339844 -0.02496337890625 0.03228759765625 -0.481719970703125
-0.0062255859375 -0.0462417602539063 0.18206787109375 -0.369140625
0.0384674072265625 -0.0287742614746094 0.179916381835937 -0.155609130859375
0.0558090209960938 0.0286979675292969 0.0625686645507813 -0.117698669433594
-0.0249099731445313 0.0425453186035156 -0.00357055664062501 -0.225082397460938
-0.0309944152832031 -0.00495529174804688 0.158203125 -0.474151611328125
-0.0115394592285156 -0.0511550903320313 0.703125 -0.46551513671875
-0.276092529296875 0.231918334960937 0.270782470703125 -0.4072265625
-0.132003784179688 0.274002075195313 0.00141906738281247 -0.259368896484375
0.107879638671875 0.295166015625 0.0337467193603516 0.0249671936035156
0.232894897460938 0.128860473632813 0.157318115234375 0.0164947509765625
0.227630615234375 -0.07598876953125 0.266128540039063 -0.07781982421875
0.0868988037109375 -0.1749267578125 0.228515625 -0.30340576171875
-0.00143432617187501 -0.22552490234375 0.032073974609375 -0.440521240234375
0.03387451171875 -0.25091552734375 -0.011505126953125 -0.427001953125
0.01275634765625 -0.232391357421875 0.03009033203125 -0.435577392578125
0.120651245117188 -0.187728881835938 0.156158447265625 -0.315826416015625
0.244720458984375 -0.0816192626953125 0.147354125976563 -0.120376586914063
0.275131225585938 0.127288818359375 0.0181808471679688 -0.133720397949219
0.049713134765625 0.3275146484375 -0.01092529296875 -0.253372192382812
-0.129806518554687 0.277999877929687 0.18634033203125 -0.492950439453125
-0.255661010742188 0.21722412109375 0.68841552734375 -0.46337890625
-0.447418212890625 0.440521240234375 0.1707763671875 -0.33154296875
-0.2054443359375 0.479278564453125 -0.0180816650390625 -0.199203491210937
0.179473876953125 0.502471923828125 0.0487556457519531 0.0181198120117188
0.377716064453125 0.224853515625 0.131195068359375 -0.000968933105468736
0.394012451171875 -0.09332275390625 0.22039794921875 -0.0544281005859375
0.19183349609375 -0.283721923828125 0.173873901367188 -0.227508544921875
0.046142578125 -0.3717041015625 0.01947021484375 -0.3255615234375
0.091827392578125 -0.41668701171875 -0.00311279296874998 -0.30426025390625
0.060455322265625 -0.401824951171875 0.02386474609375 -0.3193359375
0.229644775390625 -0.301025390625 0.101272583007813 -0.209732055664063
0.420257568359375 -0.126312255859375 0.0824966430664063 -0.06317138671875
0.466705322265625 0.206878662109375 -0.0471038818359375 -0.134841918945313
0.1268310546875 0.57562255859375 -0.030426025390625 -0.26702880859375
-0.208099365234375 0.53009033203125 0.190460205078125 -0.4598388671875
-0.464111328125 0.453765869140625 0.5916748046875 -0.394287109375
-0.55181884765625 0.6011962890625 0.0230255126953125 -0.202224731445312
-0.23138427734375 0.64990234375 -0.04522705078125 -0.0870742797851562
0.26409912109375 0.655517578125 0.0670318603515625 0.0246047973632813
0.5045166015625 0.282135009765625 0.096221923828125 -0.0169296264648437
0.521453857421875 -0.117828369140625 0.147842407226563 -0.0233917236328125
0.27044677734375 -0.36395263671875 0.0933837890625 -0.118782043457031
0.08612060546875 -0.46624755859375 0.00445556640625 -0.160903930664063
0.135528564453125 -0.519012451171875 0.00596618652343752 -0.134597778320313
0.098602294921875 -0.50799560546875 0.016387939453125 -0.153106689453125
0.302581787109375 -0.3681640625 0.0304145812988281 -0.0650711059570313
0.53204345703125 -0.15167236328125 -0.00341415405273434 0.0136985778808594
0.58984375 0.25738525390625 -0.120208740234375 -0.11468505859375
0.18951416015625 0.74273681640625 -0.0554046630859375 -0.253173828125
-0.25201416015625 0.701171875 0.176055908203125 -0.3687744140625
-0.60272216796875 0.615478515625 0.42669677734375 -0.268585205078125
-0.5748291015625 0.68548583984375 -0.150802612304688 -0.0284576416015625
-0.214599609375 0.740966796875 -0.0742340087890625 0.0697250366210938
0.3311767578125 0.71661376953125 0.080780029296875 0.0456619262695313
0.5711669921875 0.28704833984375 0.0491676330566407 -0.0196876525878906
0.57513427734375 -0.13787841796875 0.0538749694824219 0.0198326110839844
0.305908203125 -0.39776611328125 0.000397682189941426 0.0146646499633789
0.113006591796875 -0.492584228515625 -0.0100975036621094 0.0312576293945312
0.15728759765625 -0.542144775390625 0.0150642395019531 0.0561981201171875
0.12078857421875 -0.532196044921875 0.00873947143554688 0.0372314453125
0.328582763671875 -0.3671875 -0.04443359375 0.0950775146484375
0.55523681640625 -0.14501953125 -0.0958023071289062 0.095977783203125
0.60736083984375 0.2713623046875 -0.184677124023437 -0.07489013671875
0.20068359375 0.7764892578125 -0.0743255615234375 -0.21221923828125
-0.26318359375 0.74383544921875 0.14715576171875 -0.230072021484375
-0.64727783203125 0.6705322265625 0.222030639648437 -0.100906372070312
-0.510498046875 0.6607666015625 -0.327178955078125 0.166229248046875
-0.166259765625 0.7083740234375 -0.103225708007813 0.24346923828125
0.33624267578125 0.65496826171875 0.0813217163085938 0.079437255859375
0.533905029296875 0.245147705078125 -0.00451517105102536 -0.00460100173950194
0.528472900390625 -0.13092041015625 -0.0474700927734375 0.0695266723632812
0.290130615234375 -0.3670654296875 -0.089385986328125 0.153961181640625
0.121246337890625 -0.4422607421875 -0.0216827392578125 0.221832275390625
0.156280517578125 -0.481536865234375 0.0216217041015625 0.238143920898438
0.127166748046875 -0.472076416015625 -0.00131225585937499 0.2215576171875
0.303802490234375 -0.303985595703125 -0.11260986328125 0.237152099609375
0.480926513671875 -0.09930419921875 -0.177108764648437 0.158554077148438
0.500732421875 0.254150390625 -0.223236083984375 -0.033233642578125
0.150390625 0.67449951171875 -0.078338623046875 -0.15716552734375
-0.2457275390625 0.63885498046875 0.1094970703125 -0.0787658691406249
-0.59197998046875 0.60906982421875 0.0119857788085937 0.0705490112304688
-0.37078857421875 0.528289794921875 -0.480438232421875 0.345184326171875
-0.095611572265625 0.54736328125 -0.134307861328125 0.39971923828125
0.26177978515625 0.47564697265625 0.0675888061523438 0.119667053222656
0.388427734375 0.1651611328125 -0.0471115112304687 0.0230636596679688
0.384033203125 -0.0963134765625 -0.131660461425781 0.109138488769531
0.225021362304688 -0.27032470703125 -0.162017822265625 0.26611328125
0.11102294921875 -0.31951904296875 -0.02911376953125 0.379486083984375
0.1312255859375 -0.345947265625 0.023284912109375 0.384429931640625
0.117645263671875 -0.33868408203125 -0.013824462890625 0.36981201171875
0.235733032226563 -0.19140625 -0.1680908203125 0.33355712890625
0.330413818359375 -0.033416748046875 -0.235885620117187 0.18389892578125
0.31011962890625 0.20343017578125 -0.229995727539062 -0.00460815429687498
0.063079833984375 0.46173095703125 -0.068511962890625 -0.105445861816406
-0.196380615234375 0.42926025390625 0.0669212341308594 0.0511398315429688
-0.44525146484375 0.446441650390625 -0.169876098632813 0.21337890625
-0.173553466796875 0.30706787109375 -0.58648681640625 0.4781494140625
-0.01617431640625 0.299591064453125 -0.164337158203125 0.513519287109375
0.146621704101562 0.220748901367187 0.04937744140625 0.162567138671875
0.181365966796875 0.0582427978515625 -0.0627975463867188 0.0541152954101563
0.177093505859375 -0.044586181640625 -0.180267333984375 0.123809814453125
0.122215270996094 -0.127861022949219 -0.204833984375 0.32745361328125
0.0813446044921875 -0.145370483398438 -0.034271240234375 0.47576904296875
0.0858917236328125 -0.157806396484375 0.020416259765625 0.471954345703125
0.0898895263671875 -0.159957885742188 -0.027374267578125 0.459075927734375
0.137077331542969 -0.0604934692382813 -0.202850341796875 0.37469482421875
0.150115966796875 0.0250244140625 -0.267379760742187 0.172897338867188
0.102874755859375 0.120864868164063 -0.213790893554687 0.00733947753906253
-0.00871276855468751 0.204208374023438 -0.0539741516113281 -0.0677604675292968
-0.107650756835938 0.181930541992188 0.0254745483398437 0.135765075683594
-0.233230590820312 0.23492431640625 -0.296600341796875 0.307769775390625
0.00434871231714663 0.105906238571732 0.547350483090059 0.0174110669894157
0.0712719369953005 0.0185973434905248 0.24934367775941 -0.141085288567587
0.0206611303656377 -0.0761975603028278 -0.0447164434486545 0.051196046501813
-0.0626855996630565 -0.0779959737774994 0.0518495034436238 0.202235821066627
-0.101648665889897 0.0268789799381041 0.270357492683464 0.217491890884076
-0.0490643833919136 0.0853335618875538 0.438027809646909 0.0658799730919698
-0.0177532714925397 0.101541409285149 0.494552550452614 -0.144077385348038
-0.0081930736693315 0.0869663395106043 0.466063379455068 -0.257040310223319
-0.0118555440030102 0.0802621428032666 0.471973431158148 -0.177582296524251
-0.035396872331701 0.058952358239863 0.411004392618605 -0.0183024387764326
-0.056989946303594 -0.00111629955261779 0.236411467468682 0.0999657195961219
-0.0150805543357361 -0.0587996996439064 0.128722394174169 0.00234014696741161
0.0421617416230666 0.00202998369542242 0.179976753203739 -0.131197396024607
0.00320261858523482 0.0514675937071577 0.496517736786957 -0.0941393752005705
-0.0657017654200712 0.060696858368334 0.78167623161271 0.275943089010824
0.310310785608108 0.154037674620829 0.501524898898493 -0.048821814512494
0.316017503582104 -0.0422587079272241 0.217646449422911 -0.184187849454654
0.180693879823247 -0.266005932367845 -0.0846655757546625 0.0349393610583026
-0.0675608458902825 -0.294138802453016 6.65085257309614E-05 0.196883353790534
-0.248892768428785 -0.0999513621712177 0.231009980784293 0.241934908447018
-0.217597397911604 0.0690424180936262 0.399777500888225 0.0924425974546514
-0.203515727560772 0.147375692451648 0.454483373598482 -0.0996192661782984
-0.200913693564044 0.168651593783092 0.429999465423466 -0.20783778562679
-0.221340804018388 0.154029272424292 0.440521296401574 -0.137010068953964
-0.229854014379659 0.0454252217815565 0.350658871980102 0.01287190943211
-0.23714547668467 -0.11982748311601 0.172198369566491 0.112948217534605
-0.0638269994336947 -0.310939669869418 0.0816921204543538 -0.037003442116046
0.180490423012821 -0.255162310022323 0.173770976626571 -0.16681111255356
0.276891538250041 -0.0405600787458471 0.524084802554703 -0.114626705715278
0.267278643945434 0.1195832901679 0.795868358131378 0.23601809810097
0.582167335238454 0.172950492419962 0.367779335993428 -0.133266990716176
0.533064640906083 -0.121052476386761 0.128276075803987 -0.211024004992272
0.311033558064061 -0.449678292035839 -0.126492777890936 0.0388331757775569
-0.084488700851264 -0.48787846324449 -0.040426532770839 0.188903669456744
-0.381274660615962 -0.211665058543501 0.179974882094334 0.238320870244931
-0.362346826986821 0.0500562241310051 0.315418610133942 0.100539520247424
-0.360093259719422 0.174751862759466 0.349132442887742 -0.0444095913183272
-0.36247232407216 0.225700183985402 0.326223039684162 -0.126039969369921
-0.394937506422104 0.205216804299599 0.337673297861989 -0.0750274047617583
-0.390706880182549 0.0251814952413008 0.230810229475138 0.040067779873873
-0.387096656960621 -0.223917257547798 0.0712963416086317 0.101196061795664
-0.108457411529185 -0.527083302868905 0.0168239666902895 -0.0891462527869478
0.292629942791059 -0.486421740277693 0.151677207941986 -0.20134239898222
0.514872556813709 -0.133829045673656 0.494510471317758 -0.125092199714475
0.560590051806706 0.161476710553684 0.705878534478841 0.175724243631518
0.781709536599815 0.156394273344013 0.161914722289138 -0.215812932167307
0.691290354233393 -0.218644983555994 -0.0146047676273518 -0.207117446592039
0.386988561981699 -0.614085153735578 -0.167323987498177 0.062599579909988
-0.121388384527692 -0.637874155883797 -0.0737526286175681 0.175433942955611
-0.487968349742996 -0.290852389511622 0.11158154771277 0.208589886014083
-0.465280093727791 0.0306592218550714 0.187049845853229 0.0944285278853911
-0.467097778783314 0.178940300437552 0.190996353977809 0.017467475642507
-0.467993218220931 0.248557603094643 0.173922803571232 -0.0248555919670067
-0.505049532358842 0.221687592125021 0.183187467453417 0.000819194421443465
-0.488616040152511 0.000104712729200802 0.0695130034062316 0.0644210151357718
-0.478016589355848 -0.293061207792919 -0.0534347512676125 0.071186371917979
-0.138089615750619 -0.668237812347889 -0.0599959696933767 -0.14053852113737
0.36361353501343 -0.647948669799391 0.111556242719353 -0.222931795990299
0.673460048037673 -0.206624084535823 0.404673135483086 -0.112718669626902
0.762079769791611 0.182665025690412 0.522858708794305 0.106945071693622
0.88040275365313 0.107226691878975 -0.0955912906758486 -0.280209685292897
0.753167621310656 -0.307811988669126 -0.192691485355649 -0.165356118523067
0.397889258941862 -0.708179136379545 -0.200889919701959 0.0958354335310124
-0.160799664703 -0.702087172139663 -0.104581976921521 0.148192656859042
-0.534019999069092 -0.322469239367983 0.0184376291256876 0.154081740483479
-0.501630128232584 0.0129970457768239 0.0254582089821427 0.0783165620094101
-0.504964013935493 0.158653717191772 0.00222230674385786 0.0789948415608378
-0.501608547894615 0.234760322470035 -0.00488115648835957 0.0799934866191818
-0.535199721401808 0.20485989128648 0.000258150784653336 0.0785189614874747
-0.505715539921913 -0.0305520900475485 -0.107015342198992 0.0800337544817682
-0.481733500388563 -0.319132024475507 -0.180282281441441 0.0265883396559367
-0.130690621595914 -0.69423212898878 -0.132094649408643 -0.181262178071979
0.380958840299748 -0.683494186549114 0.0648945606782968 -0.218151763860169
0.713890213638725 -0.229537253194096 0.26967222678178 -0.0764921281728123
0.836159820500533 0.179679554900394 0.274934008264883 0.0402263896364966
0.845660559801217 0.0430633828314624 -0.366019263435159 -0.313857227511911
0.696193224768755 -0.345672562643792 -0.372214482315654 -0.0951530625721056
0.341272938013778 -0.679621190966224 -0.218467398870535 0.123898250532719
-0.166367324307745 -0.64096489051057 -0.128431841105272 0.102827962509187
-0.487328896954244 -0.297256779820547 -0.0853570301224799 0.0817847272023329
-0.457232432009851 -0.00871035295606399 -0.145590665788699 0.0562396050579593
-0.462928807690927 0.112870087106663 -0.190023358364681 0.13222459266552
-0.458802376250507 0.18367212441574 -0.183994286327197 0.173444440716534
-0.481508067423574 0.15021431826803 -0.18255333600334 0.14380882062107
-0.437129531103288 -0.0609994425944473 -0.265473140869749 0.0806537777366531
-0.39431279541286 -0.297113033050189 -0.276626870232732 -0.0309390072742135
-0.077938061815819 -0.593465970750968 -0.173863835351937 -0.204264104584237
0.34782406748188 -0.578518065261953 0.0286752055296957 -0.188581674189763
0.627838043738874 -0.189057807253875 0.121697452408011 -0.0239857590978343
0.770258876530978 0.157505779467161 0.0100526357797568 -0.0149297277946646
0.676929580456579 -0.0247308289966175 -0.60177411729133 -0.317120258040893
0.518895159407801 -0.313479349978443 -0.518351827320595 -0.0153996875021857
0.236336068868706 -0.516590007338584 -0.215575522607566 0.136219387679591
-0.130126156064137 -0.459242960489043 -0.135078089259382 0.050057688464647
-0.346984015488608 -0.224264688192013 -0.172565748255116 0.00137782973338084
-0.332215169256658 -0.0282961086870984 -0.290466645252102 0.0252877512394541
-0.347799580083498 0.0476788067289084 -0.353735293384833 0.164605742258069
-0.345221061755915 0.103255188321304 -0.335947682965909 0.239471305062974
-0.354942359779682 0.071417995308329 -0.33634992014658 0.182588926617592
-0.302477452798959 -0.086190828922422 -0.377182031914373 0.060781652940718
-0.239302288150779 -0.231490561145122 -0.321300236348205 -0.0954006880613398
-0.00270228096654162 -0.396825604210913 -0.17232035817453 -0.210913216747082
0.268554259071691 -0.369620469997224 0.0137740790439887 -0.143719601291223
0.440510082551397 -0.10856857124309 -0.00756521820783529 0.0265357221353654
0.579342952574631 0.114444813906169 -0.224134580705866 -0.0545564191859648
0.403498375946763 -0.0843491761399872 -0.765461032423314 -0.292067622852366
0.262313381150593 -0.23213927868492 -0.611205303826815 0.0578222621094421
0.0903587348573048 -0.271114323823858 -0.194184632455027 0.145138772092366
-0.074156798534708 -0.204998032519664 -0.117158126796885 0.0102071549632387
-0.149602028792395 -0.112463668680499 -0.217520345433003 -0.069827238492418
-0.152121577125315 -0.0446091694905368 -0.381078117155601 -0.0105117810433294
-0.175131507819676 -0.0250642187667739 -0.46178423164577 0.169855236894555
-0.178429827563084 0.00625219384748914 -0.437776576169395 0.269155267781662
-0.179862559022914 -0.0155389608971794 -0.437929509622253 0.191436175134311
-0.133816130111095 -0.095028367341428 -0.430061324240761 0.0271622450294827
-0.0703589025664223 -0.136360359076005 -0.314076195411606 -0.154263058477329
0.053895454287317 -0.165893088266737 -0.138752463638449 -0.199536256238239
0.145497271422952 -0.136830006481178 0.0154004131800494 -0.0991689993691787
0.201570825126535 -0.0342539312198397 -0.100615895521643 0.0621558540172718
0.313842170880832 0.0485045421310927 -0.394559415903755 -0.0738212338883736
0.00825961355926478 0.10662185969531 0.553869772499025 -0.00569548414412978
0.0724424573852291 0.0144843556833756 0.241079307301058 -0.1540863719331
0.0175342012392717 -0.0762227296976488 -0.0437405422954619 0.0527431778993771
-0.0670048271509301 -0.0754552048849862 0.0618401839247213 0.200915073954051
-0.0999364726678612 0.0317086030299372 0.28634800466111 0.203657646193626
-0.0453797875102865 0.0873473144920956 0.448050604186805 0.0415797196834723
-0.0115541132008059 0.102801713880046 0.489818431599186 -0.176210033727025
-0.00240419373717932 0.0887413602831922 0.452788622458785 -0.287317998270593
-0.00765070958030793 0.0821855237206535 0.466474656631119 -0.207909312546957
-0.0308209094919066 0.0614093018554644 0.415030009115669 -0.0443424224807289
-0.0575635194016559 0.00316950813610525 0.246984525057606 0.0896282162078491
-0.0197531149621518 -0.0571644054410838 0.127689985839839 -0.00409255868326676
0.042873195599271 -0.000233169065068777 0.170727847109333 -0.138979721207893
0.00452756806897774 0.0522174036763965 0.494515158078081 -0.115818538125467
-0.0649225608711328 0.0636720471379684 0.804236662506834 0.243181948439852
0.319353228661847 0.138863645193646 0.503103417400661 -0.0690683872077717
0.315760871693988 -0.0586829318773664 0.206307300118984 -0.194081761098177
0.168036351644376 -0.276265261224303 -0.0840329950139775 0.0387972757146495
-0.0826101693134835 -0.293266256670159 0.00952158898803116 0.197458583930175
-0.25617442878272 -0.0875826855181215 0.248194909614929 0.230929258316429
-0.21578089228996 0.0799214716030712 0.410343938171215 0.0708106347013957
-0.197783834134159 0.158524941214173 0.452053664082018 -0.127872343261382
-0.192922645606241 0.183356402557081 0.418742783599787 -0.236817530828861
-0.215840997375488 0.169251523502262 0.436074622570132 -0.165767526798455
-0.228653315422835 0.0572408804846566 0.355547463156726 -0.0100527119297931
-0.245960941698576 -0.107470502412603 0.183134111466123 0.104853533366607
-0.0823342775835347 -0.310811268235474 0.0768702994879173 -0.0408378227616099
0.169219541708209 -0.267594789408599 0.164457121222193 -0.174332901240849
0.277854131229175 -0.0544340603476014 0.522735069485495 -0.138286339161715
0.275907621557464 0.106631145596191 0.816204989725072 0.200477863229975
0.594200711618464 0.144978170486077 0.364818085223269 -0.148383172550025
0.529112105126167 -0.147277142034331 0.116558824176613 -0.215495690631747
0.288856501758934 -0.468163438785943 -0.12455835794829 0.0448704894599113
-0.109132583076091 -0.489498835772794 -0.0316605176950908 0.191072390043681
-0.395038000334584 -0.191375403251924 0.198612077505019 0.229619355621438
-0.363282733823388 0.0676142604191795 0.325199345106244 0.0834562247440943
-0.35551764450415 0.195359614316524 0.349268558873053 -0.0657849468834658
-0.352330742632868 0.251402732114148 0.319782292931113 -0.147620725630007
-0.387621337056597 0.230404535604648 0.335491778582649 -0.0985817787713241
-0.392130271500246 0.0437291900399037 0.23539400379554 0.0254622007769375
-0.403238116626706 -0.203869494972995 0.0814429518559168 0.0979845055956804
-0.138969320029692 -0.52928384118354 0.00802550820859853 -0.0898868560879554
0.270103903636581 -0.508060656693177 0.142527253811425 -0.208726631702083
0.513544087875199 -0.159172826851849 0.494291108582141 -0.148008707418785
0.575957650038746 0.134697241225086 0.722572444979396 0.144572385966793
0.796511938278593 0.118309188260585 0.154284722863022 -0.223024681185635
0.684755479006034 -0.25213321873617 -0.0259712967248025 -0.204376405655385
0.357109390617851 -0.638653575041495 -0.16362091648539 0.071149370501092
-0.154763164132263 -0.639101329526375 -0.0656050087760429 0.179282682794167
-0.507163051412505 -0.263824511891232 0.127722899585407 0.203478019051582
-0.468322623465291 0.0540494361799294 0.195295313109311 0.0846649003557935
-0.462469120940645 0.20533829252927 0.194246729461735 0.00616813655341605
-0.458955288921035 0.280430937552126 0.172745704166942 -0.0366148054357777
-0.496069592643106 0.254598937785969 0.182955697223818 -0.013197487115982
-0.493892699126062 0.0228414420235671 0.0736125847096462 0.0597393451200893
-0.499450606087987 -0.269881507843263 -0.0468132778901752 0.0736073379759203
-0.175704418063911 -0.672054771882172 -0.0730222055002576 -0.138372232634371
0.333745217576726 -0.674671469407225 0.102161448080522 -0.229015856128426
0.670992890219143 -0.240002978949037 0.405064100983244 -0.134097869719746
0.782791352853292 0.144343752906079 0.531867222972899 0.0821955831513295
0.893344073744597 0.0650415950565347 -0.106955399308941 -0.277376839503665
0.744585987068236 -0.346293874046717 -0.203047033935709 -0.154479263622117
0.361397340168753 -0.73738835852522 -0.194900103290091 0.107550245691799
-0.20046985320803 -0.700963076903368 -0.0964130135095115 0.153481743685707
-0.556451202602623 -0.293039863757299 0.0311309884908316 0.153612867020732
-0.507572870040174 0.0367740733275619 0.031031366585684 0.0781101380578852
-0.503803482284809 0.186292104191951 0.00794998393022215 0.0805128586302699
-0.49340863369641 0.269519552744248 -0.000189626082242512 0.0807664731374812
-0.528913368747663 0.237040687350451 0.00269937860294881 0.076608003975481
-0.513424027131439 -0.00614955855613648 -0.104052253111356 0.0870906537974242
-0.504776020945849 -0.296059864846432 -0.177589757431177 0.0351684709506457
-0.169170885697581 -0.697292509884929 -0.14688592528907 -0.175242683291158
0.348582747364069 -0.712701489286237 0.05730974153923 -0.222689417054124
0.709280437614684 -0.266269272612577 0.271067302632437 -0.0926129870798191
0.85803383765827 0.139279700550474 0.277936625205805 0.0269700795037004
0.854965790704646 0.00161057671742219 -0.380683776411582 -0.300433449402404
0.685234399637974 -0.380743148910746 -0.379744581281042 -0.0743612817521081
0.308857947345824 -0.706749060694221 -0.21138088658851 0.136224852877807
-0.202607107050086 -0.641711559471692 -0.122899627002981 0.108824565394475
-0.508694698270324 -0.271306990535137 -0.0784735818234372 0.0857559886842413
-0.464044781518235 0.0147936620981672 -0.143552787968512 0.0649393151501129
-0.465557325361297 0.13943281079424 -0.181695922286853 0.145809273108496
-0.453324553469153 0.215377273107876 -0.173447758805342 0.185966193207692
-0.477201008805416 0.179865235040568 -0.17748637786372 0.15397496612592
-0.446182619086774 -0.0419186419608279 -0.264393133217211 0.0968646576801543
-0.414272783453681 -0.278731683280204 -0.279482859886191 -0.017892566153154
-0.107951574256726 -0.599057456635601 -0.189567905257481 -0.197065995445061
0.321140099453835 -0.603516005119379 0.0233020896562811 -0.192589733691132
0.624807725120665 -0.221174113811988 0.12530125770565 -0.0348870202166669
0.789242398574941 0.11963438386564 0.0068790814934005 -0.0161570287181354
0.683816421370286 -0.0577334356174352 -0.620989916796549 -0.294547270488919
0.509455822078857 -0.339931165559789 -0.520773411531722 0.0120650937191593
0.210949240527613 -0.536954566429593 -0.207657228891709 0.149180154267402
-0.154770594663786 -0.459459570187427 -0.132716404624462 0.0555986803477121
-0.363596691755675 -0.20445289551256 -0.172189918938141 0.00983637922047459
-0.338657791704697 -0.0120755839951925 -0.292708286909379 0.0417048000814607
-0.352282165715938 0.0672849615928966 -0.345163607049344 0.188945968700785
-0.343844863502861 0.125026258688853 -0.322817659546592 0.262156247419279
-0.353838421148136 0.0922383615688158 -0.330479251568772 0.203265841819344
-0.311205445685915 -0.0735189312776749 -0.378332281608318 0.0842057002664198
-0.254685525364411 -0.221399692527861 -0.329743097838719 -0.0801966946225879
-0.0239347737283217 -0.403824407444784 -0.186568020069091 -0.202770710679681
0.250115628526541 -0.388003962165622 0.0112882830832493 -0.148603790106531
0.438103977663356 -0.130964798674086 -0.00304971400472484 0.0217405609511789
0.59481599731144 0.085148225881133 -0.232700013217154 -0.0456504935278928
0.404629603653412 -0.104165265544695 -0.783872885281317 -0.261064441546064
0.254490696188472 -0.245004935505689 -0.611357820891904 0.090027830507167
0.0782933287916499 -0.280296754454683 -0.185678277574209 0.157099626821736
-0.0839464551314958 -0.205014196369323 -0.116790826096825 0.0148271765766359
-0.158706000900174 -0.104140748762321 -0.222117877081834 -0.0591012781136819
-0.157193517612212 -0.0369625044307157 -0.386921598165763 0.0110271440539549
-0.180842210264254 -0.0144736841053896 -0.453648766449808 0.200427511964262
-0.181000629282305 0.0179787269315801 -0.422699087258241 0.298203533761682
-0.182412694106788 -0.00627872828233982 -0.431221355370985 0.219869484411439
-0.141466979770026 -0.0900755559392659 -0.43230988268824 0.0529125281373878
-0.0785271915427887 -0.134668228900315 -0.32640635310914 -0.138509628606722
0.0460488140192501 -0.172293791068538 -0.150494234135785 -0.193906945881563
0.138467851230827 -0.14671622953862 0.0138454391231867 -0.104369449960631
0.202076649094393 -0.0440385416837327 -0.0950261658179769 0.0629408851055614
0.321370040789634 0.0318624272040737 -0.406246826188532 -0.0566042718491813
0.0125086678998969 0.10485141561681 0.548874624765356 -0.0258453215929925
0.0709440177491837 0.010587616263727 0.228683335987912 -0.159872341427404
0.0147780421819334 -0.0748452385774554 -0.0420086183544097 0.0542053628433812
-0.0687303109385033 -0.0717030730381577 0.0701124220969106 0.195836604582299
-0.0963953419666015 0.0351696816438116 0.294349582763594 0.186604662783663
-0.0401870197432576 0.0875892469458615 0.447145343814504 0.0176938366924656
-0.00562676698935778 0.100829649043739 0.47259612213028 -0.200469471294067
0.00325725891100899 0.0874248247868455 0.428166277065382 -0.309147935756976
-0.00310762385844151 0.0825002727715664 0.450505393670101 -0.232556352659868
-0.0262709428366936 0.0618663879573799 0.408673197482327 -0.0686582954791743
-0.0556122495001067 0.00679159687224042 0.25090548384142 0.0769810512171783
-0.0232059419441175 -0.0543923792219852 0.123785907129777 -0.00968012409481293
0.0423603529905801 -0.0022835732456594 0.159482633139654 -0.14171909296195
0.00632023200620758 0.0515346309388998 0.483667585562459 -0.132884487829529
-0.0626474561339384 0.0649524313459761 0.807787501766827 0.206225419198893
0.321091647072189 0.122244221777189 0.495468875385087 -0.085735549033774
0.307769628854726 -0.0716673560494496 0.192989462345922 -0.198599098344387
0.152959104351098 -0.280217789499975 -0.0813688033918817 0.0420115213966926
-0.0942946657837534 -0.287424118352821 0.0182627757793964 0.194051690849806
-0.256001492699741 -0.0741568048665811 0.258944722157118 0.214773359138637
-0.209660413662686 0.0879085844837061 0.411596295970825 0.0488696760946402
-0.187794582473339 0.166017415321492 0.438313554380378 -0.151872138014382
-0.180265672974924 0.192590020557828 0.398663507400266 -0.256203070597855
-0.204470797879886 0.180018447495518 0.420802919603976 -0.190217788181799
-0.223438534963186 0.0665944882227296 0.351610391829403 -0.0309921466939459
-0.248409237974761 -0.0934080439157058 0.189255202904478 0.0947532487582622
-0.0982453744068493 -0.303844922957983 0.0715405609599445 -0.0435029025941526
0.154316130762166 -0.273310516837575 0.154030227392035 -0.176079643227865
0.2729709861603 -0.0661809342135155 0.510863214346643 -0.156376186774937
0.278334214629638 0.0906955128637869 0.818301013002682 0.164732155979579
0.592616192445505 0.116747616909423 0.356487261231297 -0.15891480137012
0.51562457853627 -0.167179173690226 0.104262881340309 -0.215372580787259
0.263246870959312 -0.476006249003237 -0.120317797389034 0.0496805680238337
-0.130344804583032 -0.480523926234273 -0.0225600013015224 0.189155667528967
-0.399013575059914 -0.169349446596607 0.209976699292084 0.21582146012682
-0.356744567349497 0.0825989802111513 0.328372812664524 0.0650473792535432
-0.343098109339731 0.210006296141089 0.341107796908915 -0.0848517313570112
-0.335533087384016 0.268420054552735 0.304932339050993 -0.164202513293544
-0.37130780985148 0.249650372018201 0.324156147305709 -0.118108876389085
-0.386713835573929 0.0602184162429118 0.233803909361612 0.0109695609722323
-0.408855947615846 -0.181071453784318 0.0880389238612566 0.0919959757633588
-0.163432637029435 -0.517455316182974 0.000201849018975426 -0.0888663085390723
0.244372735949579 -0.517132653769029 0.13140499467893 -0.210885428206996
0.502546516990932 -0.180861632044824 0.483226182386753 -0.167747011009895
0.577730049350625 0.104469969533328 0.722068810145658 0.111645415621778
0.791784292026668 0.0800909838721206 0.145236872095074 -0.226061831616434
0.665608522565759 -0.279057772728247 -0.034719116637516 -0.198385465774102
0.32108001362977 -0.648269760527535 -0.156530950025621 0.0778465645302931
-0.1822615975067 -0.626174036874725 -0.0568372184179287 0.178115122510323
-0.5141429732368 -0.234253553943779 0.139920921129307 0.193018842795022
-0.46132937344274 0.0727264584128284 0.199235843799022 0.0733524318448719
-0.450310361943951 0.227195277318729 0.192892713675957 -0.00476918470217548
-0.439178234793068 0.304978270417801 0.167208054593442 -0.0464953609339164
-0.478874140837903 0.2790727937118 0.177740060009543 -0.0246075122937677
-0.490586880039072 0.0430440652795064 0.0752341009774255 0.0546229965263129
-0.507565451983914 -0.24250743892601 -0.0401281669318752 0.0740041636135781
-0.206653700994447 -0.660300533844913 -0.0826121591696752 -0.131650658379981
0.296125946723075 -0.68537898572834 0.0925486415237849 -0.229538018334748
0.653928062753508 -0.269117026039693 0.396250903020637 -0.151902602038887
0.784642537049093 0.105964775832442 0.529049135340485 0.0591523810399337
0.884736822118654 0.0243278495423072 -0.11489929305989 -0.269495335531361
0.722095555749216 -0.372529982523055 -0.206168162833281 -0.141212818244505
0.321806108264534 -0.747115810106684 -0.185773533369917 0.114783220479509
-0.228256302943226 -0.686385074076787 -0.0885328718095668 0.153280291205362
-0.565105820131198 -0.259454486888969 0.0426615223150281 0.148332441620636
-0.501638189215748 0.0596905597490667 0.0357664426423626 0.0749770260779273
-0.492233610284213 0.210866181998088 0.013440800630338 0.0782236029427389
-0.474994979798396 0.293758752948223 0.00413038791915933 0.0790438871489202
-0.510246446143562 0.264811659035803 0.00485140772105829 0.0740080833014067
-0.509605800769604 0.0161907919077372 -0.0991901248117609 0.0911761026348143
-0.51548509898989 -0.268450100457746 -0.172513900084007 0.0414206770044723
-0.201656396959077 -0.68641504879111 -0.157481845472849 -0.165057438966331
0.309879669587755 -0.722202881345172 0.0489430271283372 -0.223608692287688
0.691395358892642 -0.294164684825326 0.26600114472045 -0.107536570449472
0.856897880281758 0.0955742608532146 0.273303143645104 0.01438591549475
0.848329336012065 -0.0374771620497866 -0.386895253160154 -0.282290775822535
0.664402807929227 -0.404537741327947 -0.376052677190279 -0.0554272739472562
0.27103976641823 -0.714783771842827 -0.199422833256617 0.143924680475216
-0.228073827317284 -0.628098965314502 -0.116443417717975 0.110816164413991
-0.516639783767967 -0.240607970237181 -0.0702437365068994 0.0870504221886235
-0.460768292640085 0.0366934166921039 -0.138576665312398 0.0710836858350944
-0.457374802613012 0.161771429023461 -0.169699480439529 0.153956624524087
-0.439543445891824 0.239403879323979 -0.160122027652055 0.192791310522228
-0.4627446993629 0.203357095710736 -0.168945495068256 0.160620174429668
-0.445574373045773 -0.0224625034667197 -0.256983963724843 0.110850348618824
-0.422587166842281 -0.255548528051029 -0.276908875430006 -0.00561168369859888
-0.13803288592262 -0.591141828338516 -0.198737650276038 -0.185142552794187
0.287814634275838 -0.613591148548129 0.0171060967651816 -0.193719826568129
0.608806971831478 -0.244552843429358 0.124463382559283 -0.0447594888333961
0.789124690143915 0.0816140596041454 0.00239657351456333 -0.0163638051278724
0.675944987529544 -0.0875594536469386 -0.622920091123394 -0.267990617830108
0.49146619355493 -0.357076627817824 -0.511996092592138 0.0353478080008488
0.182765863668167 -0.542900993877636 -0.195848706555098 0.156393643047728
-0.173786465825583 -0.449368923801523 -0.128204104525738 0.0589038432143559
-0.371029098062692 -0.181998951991991 -0.167716441370085 0.0165444142603754
-0.337558185998351 0.00493807025524424 -0.288788919422831 0.0553924401187112
-0.348708710686163 0.0850972992603108 -0.329225394337495 0.206682351118496
-0.335694180554433 0.144095359702898 -0.301550623692288 0.276952491327084
-0.345866552329375 0.109682777385816 -0.315988346032819 0.219011151785943
-0.314286688442276 -0.0591126378357833 -0.369671004207196 0.104202371558046
-0.262517911121144 -0.207269598033417 -0.331214654079233 -0.0639640389880018
-0.0430266613784325 -0.401949870352957 -0.195263905539618 -0.191574883641586
0.22811632834527 -0.397078452903898 0.00656749339086276 -0.150865891832168
0.427582189568394 -0.149381961209493 6.3535070081106E-05 0.0163790298359096
0.59418827686595 0.0558047893720655 -0.236463127936262 -0.0352387304631602
0.397236166536993 -0.119912650049484 -0.785470524163335 -0.229589552618767
0.243704415761738 -0.251361114147604 -0.597638646067976 0.115915602172192
0.0647216686450021 -0.283399504144662 -0.174890224888321 0.163600388517066
-0.0917984728310577 -0.200193901700408 -0.11365586435612 0.0181735291960321
-0.163235406223812 -0.0933789988901359 -0.222462293347755 -0.0496376679612688
-0.159007043194528 -0.0284947237032264 -0.385111042361883 0.0304710387219088
-0.182359234489031 -0.00466143436440567 -0.436216354735359 0.223309682008651
-0.179918770085808 0.0283419680395765 -0.398567643971437 0.317860543443506
-0.181480470707854 0.00256178652236181 -0.415881068587934 0.240470639716414
-0.146156728182224 -0.0830616955274545 -0.424962412089187 0.0765363945828796
-0.084251339493956 -0.129895248549682 -0.331520795850188 -0.121974166540282
0.0369714093722375 -0.17525331768127 -0.157240939164113 -0.183928889865816
0.128980864444803 -0.152486538905227 0.0117142125861773 -0.107781404513393
0.198081601208969 -0.0516918705901178 -0.0894185020471329 0.0611899384058886
0.321181722509707 0.0159131384019361 -0.408957166384987 -0.0380594319172658
0.0503731124723281 0.0889846267860311 0.503342384591841 -0.201056369747098
0.0692053094820154 -0.0179559051215518 0.158337217271399 -0.217662094569019
-0.00990612271400059 -0.0740208776171429 -0.0186654245807502 0.0674326272602399
-0.0883426677208315 -0.0409169252773801 0.13525410460298 0.157700103401643
-0.0733273461514372 0.0649465236449295 0.33528095057145 0.0713704238992842
-0.00264155537662819 0.0926837540794265 0.419723251994583 -0.138663502006847
0.0325519365994894 0.0939567490158728 0.364463528439025 -0.352695293817622
0.0342288622067053 0.0763066648909745 0.282004798083182 -0.431423563784311
0.0259715879762497 0.0770101701013035 0.336088235261533 -0.366066728033628
-0.00399253766521068 0.0637550970048799 0.35456399031571 -0.199550310897523
-0.0476683511535932 0.0257256335279916 0.259534905261953 -0.0135397579297038
-0.0394509017437237 -0.0402996165457329 0.111043840540301 -0.0461426432354771
0.0377618787764475 -0.0157810032349897 0.100502305218304 -0.178436891806898
0.0175171079287585 0.0466165800469241 0.409820464130673 -0.272127207690284
-0.0449372650557581 0.0812963187538933 0.812218823502462 -0.0523583687529838
0.348426575532655 -0.00152859882095801 0.427415613043687 -0.230722297792088
0.263140835107004 -0.178582437992509 0.109341281680918 -0.228960216346891
0.0454694540205577 -0.312241544504266 -0.0490251274194453 0.0803262358857789
-0.189672838132612 -0.230504489955756 0.0983535257636714 0.174690066425307
-0.257265139105809 0.0186185162168251 0.319341870355114 0.103170926285762
-0.15867484244904 0.148930926599996 0.398253301184731 -0.104073210127197
-0.11788176045651 0.218110596615704 0.355401924583632 -0.300314856963826
-0.0999690800350956 0.234256695062515 0.27204321128909 -0.376200935215409
-0.126312192274688 0.233956880819837 0.321508925962855 -0.321132195552194
-0.185907953754951 0.132008597171035 0.317881905290909 -0.147995199872671
-0.258747216186588 -0.00342351141077417 0.213781129593536 0.0206099635172686
-0.190977046732554 -0.249954220738428 0.0539637500721828 -0.0554194963959854
0.0537089847021759 -0.304334509251256 0.0814309775525551 -0.205100558139298
0.227491142783966 -0.149990702331985 0.422667500265596 -0.306609597048135
0.285311411469616 -0.00156750057915582 0.802967208798896 -0.101518876017068
0.602276220223337 -0.100721737591701 0.266005651546005 -0.245823996533312
0.423850128752317 -0.341597586104723 0.019982031789751 -0.205205689714572
0.0771273054021675 -0.532919765425947 -0.0720286707751752 0.110005973930525
-0.292089478040083 -0.395221683490295 0.0701203646517739 0.184919998312402
-0.421128950334982 -0.0209434517831047 0.280898437486337 0.116563284619119
-0.296736466768656 0.192431011743151 0.328979424853485 -0.0660118380004971
-0.25142800072857 0.313154582037634 0.293815364283946 -0.20816621566023
-0.218193606395316 0.355886388903508 0.2179817680227 -0.264687743165876
-0.257359431164467 0.353231361885327 0.255851635720095 -0.2233252841471
-0.33926921387951 0.178865169384483 0.225438281534064 -0.0728688330977354
-0.436481306166001 -0.031678938370134 0.123606234544192 0.049853868331638
-0.323421682916699 -0.429090211528353 -0.023831445009591 -0.0702563163746163
0.0582203542860528 -0.559089593839418 0.0473305154131074 -0.227108502579868
0.404678414901944 -0.332015047565184 0.390298895544015 -0.312292036898721
0.573046995945413 -0.0815783663003448 0.691360735900848 -0.128534635051416
0.777968524735929 -0.20135742408151 0.0437179784941743 -0.234161806372765
0.525948839880936 -0.495491502223218 -0.10302151211111 -0.134902287370432
0.071527443967054 -0.712508594363595 -0.0869937834834626 0.153830642105244
-0.39303617711407 -0.511955876334159 0.0436468649159206 0.185562026908053
-0.549685276140055 -0.042265528375252 0.212632800861552 0.113447454928022
-0.398395088258249 0.217913849394716 0.213154961169648 -0.0184020761312138
-0.348136401967765 0.367102546212215 0.188161929744319 -0.0847225681663256
-0.302133562794584 0.424255089090389 0.133376206916797 -0.112135902044632
-0.346589802223678 0.4154243922121 0.151139267674211 -0.0900111400015229
-0.44009694218577 0.197861779712499 0.0949452841471747 0.0183960691853648
-0.548152356608141 -0.0559197973384643 0.00230975089699922 0.0750795580777276
-0.411044211151473 -0.546171669487656 -0.112010090475714 -0.0811770162966608
0.0532367970028079 -0.73206490530876 0.00212667216680918 -0.231197409796827
0.518779374992248 -0.460625389997658 0.310486737356253 -0.273136019496039
0.768966716558617 -0.145514558365939 0.492972052324689 -0.124238229594676
0.845472211428132 -0.285459590131466 -0.215223195909541 -0.188281648936597
0.547285111480417 -0.603797536529172 -0.241964548631694 -0.0220397324793204
0.0369134684593969 -0.806481066307727 -0.0958045549607718 0.199785722289455
-0.456475713148451 -0.552220331820343 0.00968893030954949 0.170728903888133
-0.605847475111807 -0.0475937409171951 0.108902933219001 0.101333216191241
-0.442369320090006 0.21972116609359 0.0626260388307097 0.0377670016792809
-0.394139283638426 0.366420066617473 0.0535117843897302 0.0544015685761287
-0.33935600433298 0.427265965577897 0.0281712614012706 0.0573661177983864
-0.381378002827781 0.41323798398726 0.025054776440785 0.0580298024704924
-0.469529951384062 0.179405649632256 -0.0528709952873168 0.110456184924248
-0.562372867304118 -0.0775915442630543 -0.130045039110566 0.0890157886039903
-0.415787140837776 -0.575157302681382 -0.191511299431474 -0.0877877580912108
0.052259029344927 -0.770557550094457 -0.0372377086706379 -0.212984249110953
0.546348823368606 -0.497444860853441 0.202150908458535 -0.193292927347581
0.838497108556277 -0.180244321590488 0.241091384846769 -0.0900001640123672
0.7870378102643 -0.328821980522717 -0.471349541038734 -0.113164786363901
0.480546224584043 -0.611952790622264 -0.369684804202018 0.110592538068794
0.00207240710273919 -0.759588141078707 -0.100505979237371 0.227456967098772
-0.436093268180033 -0.496114144986301 -0.0332930986551946 0.138666241055796
-0.557669055782061 -0.0458120766976813 -0.0176410426371149 0.0825830191116981
-0.414208281278893 0.18616743970866 -0.100595934341117 0.0948350194318793
-0.379099576484942 0.31020797100365 -0.0895751598312858 0.189841399076692
-0.325148849841663 0.366611376689961 -0.0809747002121903 0.219218606698095
-0.358486594805478 0.340722217481055 -0.104636090152052 0.197052431133554
-0.420960512412358 0.124107612925526 -0.193640481512977 0.181017050763202
-0.47361648876667 -0.0981937244030794 -0.244497240028928 0.0819290132444901
-0.323124169613614 -0.50674570376309 -0.237493420156932 -0.0953851491447341
0.0662956099904226 -0.66145799336012 -0.0562158788725249 -0.178704340881361
0.485233436073292 -0.425957162783925 0.0906997233462098 -0.0914492788984775
0.76919682432629 -0.173426986321674 -0.018326416269179 -0.035462197293031
0.606909638637905 -0.312084925898978 -0.681789120823658 -0.0293024315655044
0.337421857118792 -0.503584144730794 -0.464359195328216 0.229640617551401
-0.020625606314659 -0.570208366557115 -0.101684475308646 0.229839299790123
-0.321934864879182 -0.353804568695162 -0.0726946065675008 0.0941465585531553
-0.404635878749906 -0.0408051175498303 -0.136524901622561 0.055063474234909
-0.314312451566727 0.116708039752475 -0.246319085580317 0.137323133071703
-0.303378942723871 0.202856842105462 -0.220691424777417 0.296764449418829
-0.262236808792565 0.245550408532917 -0.179193175328368 0.348325834253271
-0.281754565901097 0.216342602764567 -0.219341825627165 0.302114097638208
-0.310869693965259 0.0491050989341966 -0.30115718081902 0.215307864196245
-0.310113582448449 -0.105034147824764 -0.317168798525819 0.048591176611696
-0.173568020998469 -0.361553783732408 -0.237618415889313 -0.10558486070016
0.0814809665570589 -0.441309243953963 -0.0497735291405436 -0.140211504075098
0.350088566017661 -0.27741782444289 -0.00284309096492155 0.00514621507051504
0.580276379074421 -0.135706959493765 -0.241066867965544 0.0252938755609803
0.331025335816237 -0.24582366674259 -0.8144525180935 0.048329011696736
0.14040673405177 -0.316819867496481 -0.515468676084637 0.316527423389435
-0.0383006073275418 -0.287178756645726 -0.0937906928956754 0.217144724402833
-0.156413622605746 -0.151842421634517 -0.0875569570768251 0.0515534064317064
-0.184271564824568 -0.0296784815746184 -0.217549390006538 0.0201525417675169
-0.160819000176774 0.0269281822840184 -0.346300158890553 0.153451631930566
-0.178044213674347 0.0616110381677933 -0.318021932824338 0.356394037611281
-0.158318894286751 0.0879657103949621 -0.251007614278488 0.424016419863641
-0.167531706181347 0.0622718486194556 -0.300846244368451 0.358578669512714
-0.163121435530523 -0.0273663982482101 -0.363845157855838 0.210564548890086
-0.120635521265314 -0.0928201124641997 -0.341625646109063 -0.000762607504735834
-0.0238043855247524 -0.17660677606318 -0.203314609538293 -0.11581928816231
0.0689159759529839 -0.18250103487944 -0.0279780933815668 -0.106175349859541
0.168498375096035 -0.112725300609769 -0.0681553334416664 0.0779150237273163
0.311423445153167 -0.0880166814807117 -0.396928258822806 0.0818207507576063
0.0507670346301621 0.0870753218234889 0.500814813732366 -0.206190743422294
0.0672236502244221 -0.0188125076031732 0.15372755160765 -0.216066589445653
-0.00965424389528124 -0.0734827840953253 -0.0176125164412326 0.0689325076594898
-0.0880546804940887 -0.0392718706449734 0.136713136957451 0.153511315993358
-0.0718458184524566 0.064656238094471 0.335409322823814 0.0624960845389036
-0.000597072618470591 0.0911185321201622 0.415931550264401 -0.148837297374074
0.0343924595040505 0.0913974052546876 0.351888755712096 -0.358508278077747
0.0362388730212037 0.0740660967485203 0.266271412127514 -0.43230851639687
0.0291106485218909 0.0758211046105623 0.322642668394732 -0.37313507515978
-0.00164068840383291 0.0624392034793987 0.346951769179621 -0.20817829257138
-0.0458401641963548 0.0265056729122166 0.259110797491846 -0.0197741600651988
-0.0395918914792432 -0.0369794599464449 0.107955714239092 -0.0466628481634104
0.0371706059344811 -0.0161595649073615 0.0974215290720599 -0.174553980532909
0.015917401807437 0.0463513727076996 0.404497019993172 -0.273639081079773
-0.0454689419721814 0.0810228834912623 0.807736147188071 -0.0657658828110347
0.344859549243316 -0.00856827521881794 0.423544393638957 -0.23363749864027
0.258326874359751 -0.181023510835414 0.106210547472281 -0.226707615724989
0.0403832085020796 -0.310052162821739 -0.0468998108201437 0.0810840100602736
-0.192427256147443 -0.225930311369389 0.100463443697912 0.170429554149364
-0.254403347834491 0.0227738140304595 0.319832081159344 0.094506488317462
-0.155196330514255 0.14941093954916 0.395960809712372 -0.114961328686296
-0.113587708740368 0.218336341146425 0.343637860528402 -0.305523822900164
-0.092558436955821 0.235743345985038 0.257250955895564 -0.378772317513618
-0.118673080597278 0.23549423759288 0.308846894893732 -0.328189400475398
-0.182921023950926 0.134044323593109 0.311495332706369 -0.156472815175625
-0.256587202684207 0.00199305696463452 0.214144338236893 0.0144345346297516
-0.195203723854425 -0.244330676793989 0.0517829025092794 -0.0545877528373903
0.0478290364147341 -0.304867921077217 0.0792151087518252 -0.201188336425263
0.222807225445475 -0.153170866138544 0.418689969359011 -0.308514951753264
0.283003432568438 -0.00767576474103079 0.797654260067312 -0.11241868598988
0.59536219505644 -0.109589476988135 0.263464432709151 -0.247179775781041
0.417354069228157 -0.346172044226878 0.0164288573040088 -0.201068364772026
0.0671980644150885 -0.529314096564143 -0.067496448559912 0.109829590683415
-0.296447851850424 -0.389515089301769 0.0715080529659322 0.180689850774094
-0.417825713877945 -0.0119660737420041 0.282989151727771 0.106889016505296
-0.291696629964897 0.195694619814134 0.326488377557983 -0.0748936858532594
-0.244159398682371 0.317002896572785 0.285069440123214 -0.213369061534977
-0.207354360684608 0.36169249651106 0.207525649391096 -0.267340549679566
-0.24605016384215 0.357590859027937 0.245718652208387 -0.229696714744099
-0.336200646437774 0.183687992667392 0.222030884846853 -0.0786189705326769
-0.434304389673367 -0.0236094791237872 0.124635245201736 0.0453781838678052
-0.33219735719914 -0.4207741722456 -0.0262328313358207 -0.067082084820443
0.046533104267371 -0.558804252862664 0.0449902485690408 -0.224095942205474
0.397184365300674 -0.334951353650867 0.383380385052334 -0.314121852384012
0.569343890707045 -0.0933154262383861 0.684633036755669 -0.138020661961833
0.767917062149597 -0.212926573096763 0.0406242136382336 -0.23296631834429
0.518207568261397 -0.502212081007654 -0.103879646244625 -0.130556341249788
0.0563780598928596 -0.710045962350462 -0.0809204231131314 0.153083378079209
-0.400214968530478 -0.504784549467004 0.0447923655544718 0.182042515435221
-0.545276157138955 -0.0302051250526831 0.215148462681441 0.104713751697233
-0.392357659881955 0.223207209114245 0.211364516064769 -0.0245214007325323
-0.339584125024639 0.373342377253242 0.183845527706416 -0.0893580364854437
-0.288819258356886 0.43034035880531 0.127221082257187 -0.11429375682259
-0.332582309001781 0.420892429661215 0.14587624594755 -0.0945420847973691
-0.436763273816036 0.204320178111774 0.0938118471894264 0.0162112196491188
-0.545769453182309 -0.0459990521417076 0.00355804690850997 0.0721498343069548
-0.420972361667551 -0.53787709774488 -0.114407260926235 -0.0763155069939957
0.038720993326965 -0.729146467445448 0.000867667387021628 -0.229752315199074
0.5092385758498 -0.466293154555503 0.305194437355881 -0.276863682729228
0.764450079457508 -0.161089537845777 0.487531231311559 -0.13005583821705
0.835539270904954 -0.299377533266046 -0.216510107416119 -0.18491951431573
0.535796358526552 -0.609569174665796 -0.239403651175544 -0.0166291953626187
0.020883834564141 -0.802549064002037 -0.0885725033619581 0.19816376360414
-0.46457814302986 -0.54350795479543 0.0112563101424374 0.167637001672255
-0.602029092889232 -0.0350504547960262 0.112127749085476 0.0955987122479319
-0.435469101131869 0.225584911815051 0.0619773658565359 0.0346030620908024
-0.386105701774037 0.374362370223542 0.0542618149331826 0.0511360390535441
-0.325591181279344 0.436500560965756 0.0286463255135438 0.0547863290612748
-0.367775945876692 0.417723067025447 0.0235686567058937 0.0560883578447828
-0.465977368051711 0.186038414821675 -0.0512123053788256 0.110894665812472
-0.560396994245834 -0.0670621876938302 -0.128276997112408 0.0896920182902117
-0.426672307059892 -0.567466808590279 -0.192879843439188 -0.0818278416892659
0.0359073843244158 -0.769887012906786 -0.0395076463931287 -0.212313153628391
0.537117948497852 -0.502540800674211 0.196635872406901 -0.198263318734259
0.831403879482414 -0.194923056090038 0.236500445812771 -0.0912363964162834
0.777269327466724 -0.339063428542695 -0.471380309548892 -0.10883655343359
0.471384853504457 -0.617210502139095 -0.365012222640315 0.115402500455572
-0.0137015401545577 -0.755830034687327 -0.09261769782535 0.224964439539436
-0.443156458891278 -0.488326722007664 -0.0316427467225936 0.136957585772208
-0.554733902842488 -0.0325464962513408 -0.0142526125260701 0.0798818722278558
-0.409209397770192 0.191705262738672 -0.10027617092224 0.0962054551993035
-0.37259015745668 0.320385174615847 -0.0841416810040888 0.187998856651363
-0.315156775777089 0.374730508496224 -0.0747057931539498 0.217503789010522
-0.347428348566522 0.346873035542761 -0.100341872827324 0.197750432838375
-0.41995784803919 0.130700157814496 -0.187472049726264 0.185346250613872
-0.472875794544141 -0.0875588566712903 -0.242707176894377 0.0859285104973969
-0.333623073303805 -0.50186846957194 -0.238605677673508 -0.0886316576317509
0.0526724650036332 -0.660311796770431 -0.0586894741470474 -0.18005309572994
0.479147931050722 -0.428854327936866 0.0872033949592825 -0.0965888100830517
0.764102771676791 -0.189175159374221 -0.0212259936930234 -0.032893495849083
0.598436512908331 -0.321454810852626 -0.680780551010806 -0.0231211535943874
0.330209670457385 -0.50797419551514 -0.457402791730832 0.233674691703004
-0.0309871758269995 -0.567608582980347 -0.0947022219499699 0.227124305248142
-0.32562108405462 -0.348380582516871 -0.0710648333468085 0.09374506053917
-0.402840489502252 -0.0312322862044922 -0.134439132708087 0.0553011884602065
-0.310959749550728 0.122114933351756 -0.245402040856992 0.142586282916275
-0.299737017466162 0.211235420286952 -0.210117987039172 0.298302235054353
-0.254826911431194 0.25399571386391 -0.168004738753436 0.347308955781312
-0.276040007703779 0.221157301007149 -0.209844933788101 0.306034564459186
-0.310412684729684 0.0536420682036393 -0.294360623600335 0.222084123258035
-0.31016276937701 -0.0990743176255192 -0.315600463448375 0.054965210662484
-0.181638826789527 -0.359080500255207 -0.23846551486801 -0.100143709580755
0.0703274588831139 -0.441015133706277 -0.0522825033838548 -0.142811027611549
0.345671055207737 -0.279505763718285 -0.00482598365649511 0.000503048993131427
0.576817482588518 -0.146840994185233 -0.241433702136089 0.0309556065229981
0.326644002465742 -0.249434561613538 -0.810354278737811 0.0572979520284766
0.138364522300587 -0.317576528158905 -0.507743207168521 0.320196739588178
-0.0445082419214499 -0.286676350665254 -0.0888245828249428 0.215606185946921
-0.158074209589488 -0.150767209137898 -0.0868063669818441 0.0529029982895441
-0.183110777954731 -0.0240343115270532 -0.21622915075867 0.0229097927384939
-0.160650154692072 0.0310321387133247 -0.344532575738751 0.161102568184461
-0.17711499495122 0.0674668575219667 -0.305578550711983 0.360574201568962
-0.155594549694162 0.0932406172958822 -0.236995188947118 0.423418978571778
-0.165596390463806 0.0662080712767824 -0.288251526196363 0.36354921261608
-0.164427628938784 -0.0240950303236112 -0.354835351960525 0.219069640642295
-0.121792744703075 -0.0897373024841611 -0.34127544587826 0.00738184334343239
-0.029115793886508 -0.177047065725661 -0.203433615817322 -0.111819642483907
0.0634914912500173 -0.18298526755486 -0.0310509230923148 -0.109991880320434
0.166983643678413 -0.11356561093596 -0.0687263387815037 0.0743591467452535
0.309618892636377 -0.0948409962940935 -0.395237287808413 0.0884335475014456
0.051511760811764 0.0856178480338036 0.505867416014168 -0.214898193427834
0.0663841514007695 -0.0199142922823183 0.152194428608248 -0.218173068214552
-0.00962518108253202 -0.0738838011144071 -0.0164611940755084 0.0717905299766145
-0.0899555730922452 -0.0385342750149102 0.141054153156391 0.151899877968319
-0.0715733701074803 0.065819635382845 0.340545297748464 0.0550761780778921
0.00129145928485822 0.0907289351692538 0.418830908388239 -0.163675648147806
0.0365276915253535 0.0908432253108596 0.347492298348781 -0.36936334363474
0.039070843350897 0.0730255957747279 0.256574699682788 -0.439120905513147
0.0320624125992102 0.0755954849098707 0.313747491497719 -0.386503759870245
0.000405667438672755 0.0628160834971868 0.344552984665867 -0.221481701968921
-0.0447986665948239 0.027607621889621 0.263178841135576 -0.0272927474485862
-0.0395910258271335 -0.0353366901783409 0.107360072130473 -0.0484617954573305
0.0367221985111129 -0.0173579801223542 0.0969435394454597 -0.17414882894795
0.0142942821242669 0.0469782138032409 0.406938613174441 -0.280143378096705
-0.0468036071102329 0.083116057017918 0.817983763994792 -0.0781459683410342
0.347058810866365 -0.016122650537951 0.425941742621345 -0.241813470494781
0.257016650848373 -0.187555125994185 0.103004757808117 -0.227697245320866
0.0348379733838988 -0.313986821061287 -0.0445286033136587 0.0837727059969978
-0.198687800713154 -0.225744211988129 0.104010142002836 0.168904165210799
-0.256476506690083 0.0278544590376885 0.326620846164906 0.0859398900072025
-0.154490220587299 0.152406440627527 0.39873102790837 -0.127848614133957
-0.110777079039352 0.223775868194696 0.338204051832636 -0.317171260098329
-0.0878694098844177 0.241266503718225 0.247901622909639 -0.385742215177843
-0.112901588137073 0.240928643272111 0.300754130039501 -0.340659943324234
-0.1833595614872 0.137977203087184 0.30947119457626 -0.166630553281978
-0.259017168238572 0.00646972003915443 0.217876320408334 0.00844146426472147
-0.203809404806631 -0.242458961977985 0.0503406279757708 -0.0547644866454448
0.0403418089040842 -0.31050822157818 0.0788093378993692 -0.20147617469737
0.221918109561689 -0.158151938160137 0.42045436482685 -0.317051341863096
0.285386126476608 -0.0146013323307094 0.804052762954198 -0.12404047815496
0.598924096781386 -0.123993531294962 0.26393060331301 -0.252656873501626
0.41552614910805 -0.356512029817232 0.0142686810005327 -0.200819353874424
0.0575897286280773 -0.535699835002369 -0.0642305741448597 0.110839924098856
-0.306659188878584 -0.388832447868111 0.0740313708398612 0.180116967096102
-0.42155860024986 -0.00340653374079939 0.289817883704455 0.0985372364582971
-0.291565560511221 0.200259094409558 0.328324450652133 -0.0851282193871005
-0.241079221202773 0.327618445589529 0.281258024339771 -0.222700106852471
-0.199781731638798 0.372362455090738 0.200618434526272 -0.272616159217068
-0.239571952959471 0.367521193538909 0.239313236038798 -0.240109787439841
-0.33887487435028 0.191917177757042 0.220446225368864 -0.0855046960203807
-0.439644127469986 -0.0160493200812156 0.127382076503909 0.041153981036318
-0.347234509550684 -0.421540294582489 -0.0287140525392692 -0.0658203594743093
0.034125639136776 -0.568982359212455 0.0447229748108186 -0.225621427549049
0.398221673746137 -0.346268640242118 0.384164215963868 -0.32412417382543
0.574413385975097 -0.107519162679999 0.690368453662683 -0.148299621297818
0.77183192043387 -0.2277541110382 0.0384510433126797 -0.235715485821073
0.515565580859608 -0.516635185654182 -0.105838649935822 -0.127976451761497
0.0439107588088715 -0.718344309809317 -0.0770381645771813 0.153642330982142
-0.412641736430159 -0.505302623264834 0.0475406356063595 0.181541290339665
-0.550745248774901 -0.0190053470420772 0.221369207447029 0.0983638935833797
-0.391940297840597 0.231290036383101 0.212598471971776 -0.0313349003788296
-0.336773096244447 0.385101618298772 0.182111242110961 -0.0956718751935634
-0.2809023121072 0.446424295553068 0.12400128193933 -0.117917437169678
-0.326006165726171 0.432538458991551 0.140998330035603 -0.0996984849683837
-0.440613011890874 0.213611997998246 0.0940693653142179 0.0138319589444132
-0.551010393372692 -0.0363084811125049 0.00408255885613624 0.0715341389964073
-0.440136910174287 -0.538636580446134 -0.118107468845902 -0.0734355480555763
0.0226423068010531 -0.742672407469321 -0.00113107094583982 -0.23209066518665
0.509934348636906 -0.480590977917338 0.302833195443862 -0.285706231057822
0.770465316220207 -0.178958005023388 0.490737289602591 -0.136824825289729
0.840094271737009 -0.315977884474434 -0.222510460677955 -0.185155962258328
0.536910656456151 -0.626609424949614 -0.242554845730441 -0.0129483540150597
0.0051267903425633 -0.812669338587087 -0.0836101218615341 0.199026229422519
-0.480020833863404 -0.543390903780255 0.012875642587085 0.168296239147384
-0.608725407626779 -0.0223787844887596 0.117047762507418 0.0907996925076112
-0.436508529744548 0.23638679719532 0.0617079910052432 0.0330998838043281
-0.384935646871984 0.390168821682874 0.05514285006567 0.0491616155602743
-0.317504447362944 0.453590524963302 0.0285138562922717 0.0538615529962144
-0.359924784674899 0.43153023108264 0.0226173700023382 0.055525720185281
-0.470360611290162 0.195109396002881 -0.0497921811293255 0.113343732433675
-0.567842606930327 -0.0566286599326488 -0.12878091270739 0.0927353820649858
-0.446818313688591 -0.569353724906374 -0.198119559013659 -0.077595150098425
0.0197864515875316 -0.780362690867418 -0.0421504935931304 -0.215681090637951
0.538139331385258 -0.514972694045405 0.194493592536679 -0.205747137205775
0.840749931378765 -0.216052774179287 0.236696943693647 -0.0937890460757377
0.780313254515758 -0.356589889843545 -0.47974890613406 -0.104077029808059
0.470487939309515 -0.634092416728858 -0.367103612289219 0.122663866657325
-0.0304242332651969 -0.764974964936605 -0.0875679336389444 0.226149511283823
-0.458785856357547 -0.490161127528446 -0.0312940920564305 0.138565605251814
-0.560437763866432 -0.0207307967294767 -0.0113930877133445 0.0775465910277101
-0.412885111223044 0.201685822898624 -0.101632313426101 0.100288210122463
-0.371926666968346 0.335412520485418 -0.0807910400693447 0.190369181352483
-0.308198441082354 0.39119549521986 -0.0704696154969693 0.219001346823693
-0.342293114030593 0.359541187150768 -0.0985501349125102 0.201766698069382
-0.424696396433179 0.139339261806432 -0.185292803321925 0.192004136151029
-0.479601332944882 -0.0797768993445271 -0.244535395149368 0.091572978062839
-0.352646094839765 -0.503867097834873 -0.243432570562828 -0.0835561198875299
0.0381022512532313 -0.671600994194057 -0.0629853092183265 -0.183811002068619
0.479198449431359 -0.440037769325526 0.0837149357761395 -0.102906797200743
0.772379685652943 -0.207923397899257 -0.0239639931409847 -0.0307409337396816
0.601608977766335 -0.334747639581394 -0.691338259674535 -0.0148817395853602
0.329861918529412 -0.519434622498996 -0.45904303078965 0.24264967410875
-0.0444489478348569 -0.575169368331117 -0.0899211281378925 0.229172657313744
-0.336773439561017 -0.350020186802188 -0.0710637951748677 0.095505354813754
-0.407177452728017 -0.0214397861963121 -0.133919478458441 0.0578132119087811
-0.313570532248221 0.130491691224837 -0.248250628683888 0.15137521159095
-0.300392558948296 0.223619950658675 -0.205635391729009 0.304113530907538
-0.25119461641639 0.266224406889576 -0.160334062520011 0.35106908859042
-0.274441518077067 0.230608019712052 -0.204429368868534 0.314616825472022
-0.315810623464828 0.0602696843367127 -0.290850860976403 0.232165095756464
-0.315185390325868 -0.0941472361194548 -0.31883242961109 0.0629196712194241
-0.194261129073527 -0.361063387640642 -0.243066947944184 -0.0961098199015105
0.0600650932803927 -0.447966931509218 -0.0569695994904218 -0.14760399348573
0.347200064786529 -0.28787917010829 -0.00783795792276649 -0.00287751387119941
0.581897772236699 -0.162872822940546 -0.246024192557917 0.0377266316474716
0.327234288551361 -0.256714211208532 -0.821168955623856 0.0671496310960462
0.137915555645062 -0.324948129105523 -0.508295691822902 0.329824876216205
-0.0511096019052727 -0.290343268712724 -0.0847290906130932 0.217161688969419
-0.162391315963311 -0.15216941140031 -0.0866247618590614 0.0548730470445997
-0.184971908953138 -0.0192136910374174 -0.21828638775165 0.0270893062904933
-0.162000511589709 0.0355470686734527 -0.348220016688086 0.173158637442434
-0.17938279807655 0.0748459884127751 -0.299910743520021 0.36973197088083
-0.15604555200654 0.100732544796404 -0.226863274224447 0.43027235600989
-0.167280689217937 0.0713981173388505 -0.280178441480376 0.37517450703807
-0.167925865597533 -0.0204404773180238 -0.352367713005044 0.230939906535788
-0.125097718644689 -0.0882927993207657 -0.345160850298861 0.0164562465023643
-0.0355063134970873 -0.179503437737407 -0.207583034277561 -0.108426351449151
0.0587610838888813 -0.185998730697718 -0.0362819242373118 -0.114598705999779
0.169027655656505 -0.117498475137878 -0.0706867743114683 0.0730437139988362
0.3134004088121 -0.103831444944762 -0.400521779801893 0.0981481928585247
0.0536763857334913 0.0841611398449436 0.511932615650938 -0.236211170839516
0.0649057054139972 -0.0224008593723494 0.148651094119317 -0.22464630314335
-0.0110790489608558 -0.0757111688076846 -0.0126961962702792 0.0757355845754643
-0.0931122261147747 -0.0354663654868779 0.148750320613256 0.14872460343285
-0.0706999554440687 0.0689000631964822 0.347804921574773 0.0404176344993684
0.00392018182177922 0.0908195429873488 0.421202337170934 -0.187405011562091
0.0396000716721694 0.089598430889646 0.337179002158538 -0.389223590596512
0.0425934317356374 0.072002454777233 0.240725409431898 -0.454040662510971
0.0374666763465147 0.0748484877349354 0.300572223973517 -0.408028003806958
0.00323854605414757 0.0630572406535448 0.340089987793364 -0.240999395617153
-0.0442728272046899 0.0293129310375006 0.267512333092584 -0.0391837777376302
-0.0410239248198999 -0.0326506975764123 0.106723488101741 -0.0518023401640594
0.0365317744789083 -0.018648189679499 0.0952302749478919 -0.176787174545975
0.0138454635683115 0.0495041168472372 0.409500031017846 -0.297738947606723
-0.0468220720953722 0.0869960695246557 0.830842476085975 -0.105646173380648
0.349746102873911 -0.0292151316916665 0.429730190346981 -0.260182236863842
0.253593338279803 -0.200165848996341 0.0984790632041652 -0.232081166282525
0.0241355425005715 -0.320694181906542 -0.039925138959404 0.0866365690127364
-0.210066314182779 -0.2229131228648 0.110658795355539 0.166623694096545
-0.259478877353245 0.0375424799348037 0.336421804944708 0.07105300464893
-0.151447249176737 0.158817899468817 0.400341370260471 -0.149870300674399
-0.104745859680222 0.232402378171856 0.331217096630898 -0.336628604046282
-0.0777489956710343 0.249340651043995 0.234120413776261 -0.399617985465543
-0.10247884145946 0.249722452736886 0.287692372549768 -0.360441945359819
-0.181691927565808 0.147300497706367 0.306524338567674 -0.184320527907033
-0.263712860336595 0.0166096228527508 0.222711684085741 -0.000686526360250252
-0.218475448919534 -0.239425652765378 0.0480454986496355 -0.0561469026992002
0.0279406876950859 -0.318203893488692 0.0765741681108713 -0.205999199390551
0.218768954260492 -0.167581898547989 0.42064921085531 -0.336385488843199
0.288840037833939 -0.0253711452294631 0.816271020867698 -0.154062268029652
0.60300129667806 -0.147986853026772 0.261925874510203 -0.265057427351604
0.411317271600584 -0.377676675282776 0.00881228381253422 -0.202366028999829
0.0379434929736161 -0.547772247284058 -0.0595004975508003 0.11419045368102
-0.326475453372419 -0.38691676567029 0.0803492791543338 0.178770984825503
-0.427589131225907 0.0130660444731858 0.299391168931679 0.0852281856572055
-0.289620037649423 0.213496185223099 0.3302701951978 -0.102289840125298
-0.233937554153442 0.344575670842766 0.275914502358607 -0.239140888929112
-0.185738733585125 0.388963885189815 0.189752723869738 -0.283636942937759
-0.226278055017133 0.384542044790548 0.228696093972645 -0.254366920901951
-0.339889445785837 0.208229435455845 0.219503688369134 -0.0965139857864404
-0.447919644417536 0.000331987532658987 0.131007011561382 0.0359850784570179
-0.37214788871673 -0.417838288173462 -0.0329326943520212 -0.0642779431858377
0.0112125138292581 -0.580966046318505 0.0402898096640416 -0.230231905625066
0.3951271129942 -0.365305609116455 0.380330821228888 -0.343147049145106
0.581677936397581 -0.131683704334965 0.699215013873813 -0.173052943356111
0.77652784626736 -0.260480988148804 0.0317914642942662 -0.240981486504448
0.507775056939578 -0.545091816078216 -0.111881356198296 -0.124629519095572
0.0161816390113495 -0.732427791425317 -0.0709328800535409 0.157080333314646
-0.438686859231942 -0.502166516249039 0.0524169942935748 0.181429650624811
-0.559990936698255 0.00296870314551101 0.230669002773386 0.0868987585731024
-0.393986040411391 0.248398280790965 0.214391692807327 -0.0416271123454218
-0.327888673235468 0.409736959456834 0.180295960285515 -0.106018168578074
-0.265753823505542 0.468960567512789 0.118444851319182 -0.124032249435283
-0.312298783030245 0.45606103438348 0.13537156846523 -0.107989174858724
-0.443832083774602 0.234410887602352 0.0949208401034882 0.00949326154212023
-0.564321598572068 -0.0171063328228685 0.0068768129606899 0.072010070498708
-0.473073977757893 -0.535152087339598 -0.123743900362782 -0.0691756427120079
-0.006372220549532 -0.759833065367729 -0.00745591362019497 -0.237507858774681
0.505434206539158 -0.505664602315107 0.298256969379321 -0.302013608416965
0.780594050892503 -0.214157074164072 0.495145333082827 -0.153993780673256
0.842323304705055 -0.351050324154268 -0.234261000258752 -0.18036270785727
0.525380794494925 -0.658913680010974 -0.246975205507212 -0.00293149818176318
-0.0268818996222055 -0.826112202900472 -0.0767462707567129 0.201203338136095
-0.508512757668164 -0.540948907326073 0.0167443056535597 0.170147418405802
-0.618985511280917 0.00493884992401509 0.124636939738924 0.0832887589606925
-0.438458937937492 0.256474842483195 0.0620930536386188 0.0317362799569504
-0.375892710220941 0.416192537668271 0.0569958928456626 0.0456229833637664
-0.302912248911919 0.478151624894118 0.0293235818281117 0.0536697260902102
-0.347893483545008 0.454260432272953 0.0223451799612513 0.0550217472306112
-0.476066554124527 0.217513406970817 -0.0471330333831624 0.117643960906165
-0.58129896369274 -0.0392770443271902 -0.128943633188129 0.0987270250818861
-0.479879437935469 -0.564434801078912 -0.205183109863025 -0.0709270907240316
-0.0116333346588422 -0.797945329070973 -0.0507237464952806 -0.22110241042679
0.534743089355571 -0.544410465427527 0.188337589770098 -0.217766315691405
0.849915738041651 -0.253700455008126 0.236745587334041 -0.101572875900076
0.784474294213133 -0.389865356522981 -0.494349972569135 -0.0914144910790969
0.459274187950353 -0.666136307741534 -0.369831790081238 0.137952772183446
-0.0627351225794458 -0.779527713375267 -0.0805647681323418 0.229452488553906
-0.485489042438946 -0.487984571298473 -0.0288178959284448 0.141319432554372
-0.569791866933946 0.0032889649033355 -0.00711002567694235 0.0761972868614147
-0.413338101840598 0.221147669488976 -0.102317926447365 0.107416879920771
-0.36661484339895 0.360203690576003 -0.0748671191833858 0.195312083737594
-0.296105535660322 0.414498241430374 -0.0638226991625172 0.224309395251938
-0.332616236575599 0.381607499374306 -0.0923545211796728 0.208613535864416
-0.430821400708715 0.158433575529479 -0.180752987971117 0.204047444110761
-0.491366813184522 -0.0632524923750585 -0.245892605179041 0.102724735465547
-0.382396785856735 -0.502162957173167 -0.25142969783741 -0.0759379774031836
0.01014319135084 -0.685446489212174 -0.0715980814313997 -0.188459750140475
0.477336639071068 -0.466923738697137 0.0785907484615707 -0.109620515411706
0.779773670079612 -0.244001205115345 -0.0258861439354114 -0.0282380978166013
0.602504536638429 -0.361906753943296 -0.70630018529401 0.00653316660783624
0.319994678578692 -0.545000250349717 -0.460399177928342 0.26322379577832
-0.0676723816526505 -0.586323962364155 -0.0839122778012373 0.233025738558651
-0.355392275982913 -0.348365547387081 -0.0708077524751203 0.0998222099994211
-0.41371681790021 -0.00418703376184964 -0.133280029093843 0.0612075274161763
-0.315850028646743 0.14517160710961 -0.249952832604981 0.167359139100853
-0.298397383743533 0.244198271536494 -0.197144482458281 0.316121223859806
-0.24363595192601 0.284638206480365 -0.1487651337801 0.360565767687894
-0.269746479031465 0.247059915587162 -0.193606527673625 0.327898745071721
-0.321354554201161 0.0738177950764733 -0.285225747671951 0.249307226674611
-0.323760481439732 -0.0845538554632521 -0.323117186617886 0.0772511709842826
-0.215591892559066 -0.362381763066921 -0.251226659137829 -0.0882436495732747
0.0414697222133242 -0.458712138633174 -0.065723525762874 -0.152219497772967
0.346308518692441 -0.30597283607258 -0.011489908942688 -0.00512858700459923
0.587842945398031 -0.191672835449973 -0.250022013853468 0.048680202453282
0.327568748243172 -0.272115950852351 -0.836871359890352 0.0920032608539112
0.13217080238707 -0.335998769854482 -0.50653167814439 0.351101214406735
-0.0644466338724044 -0.29557367391632 -0.0800539841605636 0.22216070450901
-0.169861793305265 -0.152838163329873 -0.0865613282617957 0.0591411374298438
-0.188028813063561 -0.011507678945814 -0.221102238753411 0.0357702980377262
-0.165299328802624 0.0428175129675188 -0.350209161296021 0.194953810556618
-0.180078162148855 0.0863124814103174 -0.289494137503144 0.388112025932569
-0.154736721620547 0.111603119262859 -0.210999348016484 0.443822263144007
-0.168725836505214 0.0804648266390003 -0.267418940146091 0.393454338810972
-0.174006690940539 -0.0139885753291719 -0.346840230264672 0.25058489318548
-0.130126702309283 -0.085684044683515 -0.352073266729571 0.0313615155705396
-0.0465200600914354 -0.182828340344951 -0.214922509510845 -0.102707030813881
0.0513897738013482 -0.192119523479286 -0.0446340725857349 -0.119045469490015
0.171483162353709 -0.126347967727245 -0.0718420865604297 0.0741249964099359
0.316562983042492 -0.120111149907492 -0.40514098368765 0.116254353426509
0.0556625846503631 0.0808494806263677 0.507545821439815 -0.264223846787171
0.062256905843153 -0.0253569840536056 0.140133095988531 -0.231441983298009
-0.0141107915726303 -0.0764639235281513 -0.00611805259674459 0.0777099637779145
-0.0953842931936397 -0.0309715602819232 0.157613663990835 0.139783981275478
-0.0678835048715827 0.0727057145587019 0.351501420793295 0.0188398896175947
0.00850564045891419 0.089441583990248 0.413481929457976 -0.216580050041207
0.0444959858335082 0.0871547398926141 0.315305296956401 -0.411406656188939
0.0470075139971182 0.0691104077460174 0.215854472862502 -0.467031808004873
0.0431776518904047 0.0716201127327482 0.274661644620614 -0.42856287990471
0.00762733235900221 0.0628911751579795 0.325952699924593 -0.263426857759947
-0.0429922744602075 0.0320628433009955 0.266814803059361 -0.0551155359819334
-0.0421694597128558 -0.0290342298347248 0.103441165331166 -0.056806722415346
0.0348551596858725 -0.020238565479826 0.0901139519821315 -0.181017488782965
0.0140803645515413 0.0515775794724785 0.398469992886194 -0.320348763547696
-0.0445459005282929 0.0914733318598421 0.830953163377054 -0.148708154164496
0.347225009677581 -0.048290348495949 0.420072517701699 -0.282842729810444
0.242708158877496 -0.214347239713701 0.0894109230623623 -0.235730565961762
0.00679709056553076 -0.323930904966504 -0.0332743729624042 0.0892568742562091
-0.223602070634973 -0.215115061985036 0.11864316318367 0.161043975724302
-0.258348056642302 0.051554617776009 0.34113375662 0.0495237971281476
-0.146048104605243 0.166318088859443 0.393574859400045 -0.17743426194335
-0.0928106135265115 0.240543278277079 0.31176297148003 -0.358335076674994
-0.0625550394227296 0.25669734202715 0.210636266651668 -0.411731221897034
-0.0880261116648428 0.255625533198433 0.263826468913373 -0.379398995818661
-0.1755877883253 0.158062311912417 0.295025907657622 -0.203495061257019
-0.264454920524908 0.0308593867590036 0.224363095407367 -0.0147005459350824
-0.234145488291091 -0.230094021244724 0.0440949169627837 -0.057908358332337
0.00842567428961274 -0.322047371896332 0.069985054024674 -0.210572076319768
0.212308054909958 -0.177699564794323 0.407113385451521 -0.358968048773174
0.288432555601409 -0.0419075075086559 0.814755668599277 -0.196029538405422
0.596522760690348 -0.180573583414099 0.251093303863182 -0.279174740132212
0.391449188604 -0.402539539361393 -0.000218898995589263 -0.200628786772871
0.0073759650298247 -0.553067016749933 -0.0524373752603208 0.11618635281598
-0.34927786570902 -0.374248505618259 0.08734820966511 0.174768696512915
-0.42851465390822 0.0371820724450783 0.306387614955541 0.0646433888767292
-0.282646804249523 0.229072682128463 0.325149705226324 -0.124317662262567
-0.216520037017419 0.362296773176515 0.261834877372241 -0.257986471371032
-0.162720045486003 0.403896660129664 0.173473419462729 -0.292594177382767
-0.203245707739564 0.399918844389087 0.210589011122298 -0.269499280755794
-0.333152426410846 0.229109868441423 0.213069875288419 -0.110622265280251
-0.451691727307802 0.0244056615020824 0.133451442003148 0.0278203890086446
-0.400406242454772 -0.400884502312277 -0.0379269596232707 -0.0619911506491193
-0.0228217794891413 -0.586789353430897 0.0318043478828021 -0.234741941315954
0.379351847333866 -0.388002655629591 0.367810729175225 -0.363546280552872
0.57835949930967 -0.165441926356944 0.695958653459647 -0.206170967737591
0.765053150789837 -0.301669004925827 0.0208906479006353 -0.242808832639443
0.480499144874721 -0.576031972880579 -0.117501180681811 -0.116976979010627
-0.0262047820376433 -0.7381066411939 -0.0619655832692372 0.159015627082846
-0.468269569229873 -0.486284966107733 0.0601340137363015 0.179291376313122
-0.56071591246556 0.0347765059491592 0.237196560063302 0.0698812860176384
-0.384045054485328 0.270685215177901 0.211238981793896 -0.0543486099984741
-0.307756858633389 0.435065362807833 0.173204495744308 -0.118500342544705
-0.23715529101152 0.491246201936464 0.110317459297821 -0.129779143676896
-0.285276554266922 0.477143859168657 0.125521411937657 -0.117436191554308
-0.439015209720546 0.26016793496921 0.0938546901728379 0.00504430488598239
-0.569360730549952 0.0131592734911186 0.0109823039266353 0.0712494409130573
-0.509123889725914 -0.513745007614376 -0.129774604755484 -0.06219138178898
-0.0521250694949121 -0.763956128406236 -0.0181179861270308 -0.239245756335878
0.486692407297634 -0.537331513093467 0.284448284066553 -0.319597301237856
0.773807767924458 -0.261720787694385 0.490081312809626 -0.178743245271958
0.828437973875048 -0.396758165870545 -0.245279895023471 -0.168969722765242
0.495669674826882 -0.69246564236201 -0.248545302829765 0.0115086193293198
-0.0736716809493722 -0.830144723430552 -0.0666234965035865 0.202773539805329
-0.543068517782103 -0.522783557558647 0.0231738832386509 0.169961855639082
-0.61956253100136 0.039319952954559 0.130361381281123 0.0719288096667061
-0.430175146824727 0.28103039246478 0.0627408443291319 0.0298641022282261
-0.356351701061432 0.444876269380138 0.0576800838888785 0.0410653627941011
-0.273781616532876 0.503501813054166 0.031044714201741 0.0525346560896721
-0.322473131444612 0.479519636796288 0.022951930726389 0.0536645644179748
-0.471577684325746 0.245914058185538 -0.0418869410923374 0.122234355418194
-0.585753419295645 -0.00899048192713372 -0.124850109802406 0.105925183860045
-0.520949930325581 -0.543782313962345 -0.211111421840764 -0.0597506985392324
-0.0568429403846173 -0.802112922658111 -0.0628841625162202 -0.222128519179817
0.512841953961245 -0.576701057705409 0.176715370362187 -0.22932964735904
0.842796094250627 -0.305485274726359 0.233441646165659 -0.112569279841847
0.767942548893962 -0.431951239763762 -0.504213529771173 -0.0655779795522397
0.429063149136714 -0.695762548984384 -0.366266699862413 0.159313077016719
-0.107913975697133 -0.782173242001676 -0.0701690065324618 0.232253640920445
-0.515096405321202 -0.47188582185157 -0.024399092236531 0.143617178690477
-0.570666477873249 0.0361327788927702 -0.00239827268288918 0.0733397284087822
-0.406335873381124 0.245466826530538 -0.0982602550577441 0.117423145662408
-0.349423747232325 0.388453711415327 -0.0659627588049896 0.198328657397347
-0.26976982045851 0.437165535021959 -0.0532277353720143 0.22685742525489
-0.311081842695852 0.404779878297706 -0.0815951018818817 0.214482938568487
-0.428776177337794 0.184470470860992 -0.170145443347625 0.216455378564291
-0.497858008470364 -0.0389273751922091 -0.242847690166837 0.117408292483088
-0.41794444031979 -0.485764560249426 -0.258262929820059 -0.0627631273190899
-0.02899670870074 -0.689704257026122 -0.0846385791129141 -0.188840154897091
0.460173786894273 -0.494735525186752 0.0707011595338585 -0.115141839718538
0.772556232248045 -0.292694482814227 -0.0278852951642877 -0.0253363877744806
0.588318820241017 -0.394432819184257 -0.715141940863721 0.0422412747159224
0.297960577230129 -0.567626948615669 -0.451432608934945 0.287997680853148
-0.102412319276617 -0.58767096083867 -0.073682641549477 0.236256948256747
-0.37951869914631 -0.338209846086504 -0.0672000672670972 0.105081423224932
-0.414610765355618 0.0198863238738245 -0.130718769726617 0.0660701367154241
-0.31158342915682 0.165111200749067 -0.243203702487445 0.187772051615063
-0.286251894847828 0.266236146182873 -0.181092384185794 0.328762805001115
-0.226388634242954 0.304986877306147 -0.12929322047666 0.367779092416938
-0.255856726774926 0.265757368107212 -0.174957076922968 0.340564307115446
-0.323273221835003 0.0929579963563678 -0.272238386976626 0.269192328578264
-0.330806775782846 -0.0680658787965861 -0.321030025012544 0.0967819402283066
-0.241395437552944 -0.353750171440473 -0.258039088369717 -0.0756534689777969
0.0135008112521407 -0.464187871279389 -0.0783405837228531 -0.152301999150028
0.336716702302118 -0.327960502447216 -0.0151941977104206 -0.00600946516242049
0.58280876460151 -0.227512178509761 -0.250241053801394 0.0634256725008406
0.318796708348446 -0.291553516035202 -0.840301810087752 0.134089939928974
0.118130648761611 -0.347140611443104 -0.496032079802503 0.378524550937022
-0.0817927041149773 -0.294712065951793 -0.0709099437577271 0.225714202063245
-0.180622662002754 -0.148826640439764 -0.0843843616780671 0.0648458652966678
-0.188523579977008 0.000563390884536819 -0.220196508076949 0.0471480015056917
-0.164452803011634 0.0536614342432176 -0.344131031957757 0.221189749160637
-0.177090940414873 0.100462981607373 -0.268602271950878 0.406448901931574
-0.147990101229949 0.123740264075355 -0.186625809884677 0.453725180916208
-0.166054524251056 0.0932915874174946 -0.241947221565489 0.410913643294222
-0.178559301429859 -0.00335767624127663 -0.332667194443277 0.274267653564756
-0.136023410593528 -0.0796690131458368 -0.352156712926409 0.0531767156930648
-0.059337636276958 -0.181997152440624 -0.221994069436233 -0.0919523911545915
0.0393091064953457 -0.195314300769227 -0.0560367851521185 -0.119789460420755
0.167910533929829 -0.138362027778857 -0.0721147821291974 0.0777748390894202
0.313097896197431 -0.141258676373662 -0.40287746213083 0.138513359401854
0.0712936174955945 0.0578286799198898 0.44561186801238 -0.332643065547562
0.0527325620287408 -0.040905373627878 0.101997866785061 -0.241474220333603
-0.0264508972834098 -0.0719493911672489 0.0134141522925334 0.0775569951380259
-0.0928311618868843 -0.0109490799221457 0.178775404758935 0.106050542686195
-0.0469280486950097 0.0781614534763097 0.340411750627579 -0.0439037910162964
0.0273834405544941 0.0725995129207911 0.357660442320731 -0.279129618101482
0.0588673164139753 0.0697471561060844 0.235470186642745 -0.452677234284526
0.0523057077651829 0.0510291119162141 0.135592519133357 -0.480392707316468
0.0511141120515331 0.054666164957124 0.203409081598805 -0.455283593504942
0.015292399828474 0.0554905897320368 0.281564309883416 -0.303981228687298
-0.0360955208585484 0.0353217005307383 0.253725551329356 -0.0918447267186083
-0.0456319587827329 -0.0217908190405774 0.095098616609624 -0.0673612059300396
0.0271531308812452 -0.0240116465296704 0.0676533040995791 -0.188481386000479
0.0142763084351235 0.051084677195097 0.354580377339071 -0.368209380702366
-0.0354778416744341 0.089641645145882 0.793528903945577 -0.243992233225098
0.328803270874173 -0.118153877546746 0.357862727156244 -0.322911904868178
0.191797988204231 -0.255119657201364 0.0570674936692129 -0.226457684634082
-0.0512020765946174 -0.313988878250406 0.000637177181501515 0.0982455451800966
-0.251315739506661 -0.166762671410357 0.155957241742147 0.131918716146561
-0.233261699848596 0.0906039720933712 0.338778172167568 -0.0213327700839474
-0.109160503590994 0.172612211171184 0.344205403711528 -0.243825027250308
-0.0482569520268706 0.248002246520987 0.242505822616161 -0.409026687906475
-0.022804653909331 0.250350149859 0.135500111306983 -0.427198332083321
-0.0444159194617467 0.258852245119135 0.198994432822912 -0.407526876526457
-0.149461117690668 0.180385888001418 0.261778447224862 -0.244046424858314
-0.252153323555786 0.0697768104022825 0.220292512458667 -0.0480813422207032
-0.268728713258415 -0.186841332012755 0.0418490614141502 -0.0555365732967414
-0.0454402974689856 -0.314280442281568 0.0422836160674089 -0.20737956637559
0.173291545501347 -0.203887605155331 0.34930945744904 -0.409761683701588
0.272432352359557 -0.0893487176972304 0.764383192974616 -0.29249919086547
0.544062177418188 -0.288600199156374 0.193869591073215 -0.279629659465057
0.300089441949362 -0.461958475958012 -0.0187317152309792 -0.167805676782034
-0.089988054048225 -0.534790786681379 -0.00265505095179117 0.131400814890571
-0.403866973016264 -0.299071195335585 0.139106745354858 0.149269777280339
-0.39930382372278 0.104746702777905 0.309287355986056 -0.00963284219508513
-0.232893017063689 0.257956952753294 0.286991377456866 -0.18475752635144
-0.147032117986661 0.392749877537644 0.213838300715945 -0.309553183483562
-0.0949413773580297 0.410945914544502 0.114619511470805 -0.309917242612381
-0.132191340178178 0.419491184387852 0.161678853847517 -0.293258750510707
-0.291969026245065 0.277182631767679 0.19618598964965 -0.142569995236664
-0.434887494629528 0.0948977464202276 0.141006070481724 0.00373663104738125
-0.462274940144908 -0.326318407479644 -0.0340439989293126 -0.0448513249262021
-0.117252136465324 -0.56642890158741 -0.000931190146474269 -0.219903617930052
0.307773643665623 -0.434108694790587 0.302909086525737 -0.413061832008715
0.540266951510948 -0.25401404277386 0.640516313827173 -0.295441209449761
0.683906928672725 -0.434538552109128 -0.0240510267407343 -0.198752268180893
0.356109210048165 -0.645649090645702 -0.113973515796784 -0.0607808455694172
-0.156811909109542 -0.707854454578111 0.00341718244746383 0.176422231484478
-0.542540766912344 -0.3869194432884 0.120912011122838 0.156295363218891
-0.527406548184563 0.124718833068619 0.245617720790813 0.000279755773181512
-0.325593153550008 0.318290059965164 0.188683016927692 -0.102122676970133
-0.226649247460985 0.48534659322236 0.152785417317314 -0.164494182484136
-0.150619795482868 0.508110696062749 0.0773850351440856 -0.145021869744396
-0.197545098404396 0.512037927192614 0.0997165726360262 -0.133730343749845
-0.389720281519003 0.327313255085556 0.0969203950924123 -0.0139235647898882
-0.550632549051433 0.103146800569227 0.0272191958316421 0.0619179179723877
-0.58886735089481 -0.421043749849882 -0.122654315324142 -0.03112037373916
-0.172831780127568 -0.735278216512451 -0.0535552261564668 -0.213996994766938
0.391269008811278 -0.594509350485813 0.220574739359378 -0.358918475020634
0.719126494431461 -0.374597949729214 0.43830982995838 -0.246078356679016
0.726027023488005 -0.531760151284209 -0.267273449217429 -0.0820958392200956
0.349009614346337 -0.755709380165105 -0.21651231980805 0.0866867312905428
-0.220179996186926 -0.790336435820481 0.0110822114406595 0.219970506826215
-0.62218095778495 -0.409797149242261 0.0877704614132931 0.151335653677265
-0.585652583732243 0.141477086769263 0.143021912683682 0.0164119728542402
-0.370508284160661 0.339453725428018 0.0593905593242083 0.00290679187137393
-0.2709348894029 0.506768969725423 0.0679126499130864 0.00809969897066179
-0.184304217977311 0.528811087346673 0.0282004735775622 0.0410867074664004
-0.23119570061561 0.52370990354675 0.0239447763156272 0.0461242381953878
-0.423241870121726 0.319914534202474 -0.0192163001386803 0.11997571595682
-0.57105083777603 0.0874642148199038 -0.0991808820598662 0.114351011102011
-0.604975718545912 -0.4454736659561 -0.200816422618621 -0.0176575306492936
-0.185112051143026 -0.769545514954 -0.0963342775237906 -0.189786153656118
0.412694954959024 -0.639411875357642 0.123030122480471 -0.257098259660494
0.780108352983387 -0.424728347647812 0.194376695768842 -0.152453030264231
0.658277833062611 -0.551064138067483 -0.498962994019264 0.0544665850644211
0.285657506533493 -0.74365888383825 -0.307519962361535 0.245891962250917
-0.244957053335158 -0.736672830595658 0.00938018861083178 0.246009044040167
-0.588202511650159 -0.365693557403607 0.035331853052693 0.133722805404306
-0.542466630436927 0.131856708523067 0.0140221876724418 0.0417593559677896
-0.35573137796293 0.307138628331663 -0.080601042565722 0.11612674527894
-0.273159107855944 0.453647126898176 -0.0261587351570844 0.183472382178701
-0.189019266338541 0.468190330000092 -0.0239258438531926 0.221176847252086
-0.233853869552595 0.451751342294801 -0.0538313933158216 0.217833157604244
-0.389595703239132 0.25487307058515 -0.132508223693259 0.231514756791795
-0.487943779559772 0.0445794502859781 -0.2141778681936 0.142867436935883
-0.495906802774363 -0.404494246088792 -0.249586822839661 -0.0161305252208078
-0.138173449464332 -0.662293394188357 -0.115429457818238 -0.157415192589442
0.375297314544646 -0.553781015587142 0.0349022331994953 -0.130512775174012
0.714767866825495 -0.401122563457158 -0.0483790251643791 -0.034583637422505
0.491161866136327 -0.478910329213429 -0.682580105401228 0.182277444739717
0.18209698278203 -0.591566574145784 -0.374863584926463 0.375182335276364
-0.204246929341134 -0.548677646911105 -0.00481251894466892 0.246686150966092
-0.433209492393543 -0.261193466785351 -0.0224742451967507 0.105398330576156
-0.396576776893865 0.0915723569584305 -0.112816673966007 0.0643306959748982
-0.278311733129718 0.217558409977532 -0.206648714959408 0.211817900404381
-0.233376862849297 0.323128833575016 -0.116496888268457 0.333834358433069
-0.167835497772359 0.335738489769572 -0.0732288153299337 0.36862172659435
-0.202580201691514 0.308983274193227 -0.123633118237072 0.353703823150614
-0.299819354297735 0.149316482491566 -0.224819294687011 0.297503891493775
-0.330595500936293 -0.0100901505065233 -0.294839789459384 0.135933575331458
-0.298865638848347 -0.303608946143773 -0.256205523236351 -0.0315244131244433
-0.0604409334546688 -0.449112550674712 -0.104991513017637 -0.128129171693008
0.281025042136683 -0.372254788618746 -0.0297948326251046 -0.0104024367902105
0.53984248408479 -0.309677856046314 -0.249540473184964 0.081355999006325
0.246375517738028 -0.325666172703459 -0.787148424257525 0.275407030089728
0.0505324405511085 -0.344115695131786 -0.410309800806574 0.457773008689952
-0.131497396172662 -0.268084064486033 -0.0187529596570605 0.23214134362161
-0.205698629579124 -0.113461433377132 -0.0592577099239762 0.0725116616248139
-0.184148041364769 0.0342781029494479 -0.204860582241058 0.0716948101445411
-0.154619531054601 0.0892188680287259 -0.295511621343522 0.266451822008777
-0.155306752111801 0.140628783247113 -0.190579903689909 0.431299075896986
-0.120380987493033 0.150243358289814 -0.113173602568736 0.461473626307955
-0.143426509300836 0.126537898101614 -0.176947684475156 0.431812005656825
-0.172894599309515 0.0315783272320045 -0.283809090841082 0.313180168191117
-0.144357440634088 -0.0522852936438699 -0.332772870342099 0.100113687189333
-0.0916352844061284 -0.165086009820193 -0.226795079919387 -0.0563530015542229
0.00554128487179094 -0.193819663716104 -0.0778534429371704 -0.10538632846462
0.145805046584165 -0.162838104712085 -0.0683398785870096 0.0824711601814373
0.289535683722245 -0.183912823038912 -0.381723389192327 0.178631356041974
0.0682832952766711 0.0539529978466245 0.422008604138552 -0.337842499839064
0.0475890194418067 -0.0392974534754477 0.0935285544829222 -0.237217435687787
-0.0284471760115237 -0.0696520499429712 0.0184960461583384 0.0737866969959412
-0.0897493744547287 -0.00769501263307468 0.176849443133438 0.0958029869962664
-0.0431414796591416 0.07773972425284 0.325753385890952 -0.0555383949659086
0.0270155051115919 0.0684842755654089 0.33219571892704 -0.287606810887911
0.059398304114566 0.0644991021452225 0.207336342725187 -0.447016063408968
0.0521300310108298 0.0473593360617397 0.114465479558342 -0.467225942559224
0.0517773738577184 0.0489308324699124 0.175996368350968 -0.446784226100995
0.0173187537784374 0.0517926236219495 0.257445720900132 -0.305858069393387
-0.033490239126232 0.0356415496785108 0.24208836812485 -0.0988233684194758
-0.0429750405994276 -0.0188567321235392 0.0883809091692423 -0.0675022909521606
0.0249916398794793 -0.022702498363206 0.0620948293037429 -0.184718246063104
0.015629117348344 0.0522282713631652 0.333993152118672 -0.368542101390639
-0.0318651820161656 0.0895362507309724 0.759895721596508 -0.2612166135088
0.310885896718748 -0.125123518386184 0.336595054571796 -0.323939864826002
0.173497992440084 -0.25124171752462 0.0507498135268323 -0.219591469800079
-0.061157132108684 -0.301064551592404 0.00588036704616789 0.0928346365948999
-0.249926932681633 -0.153050645158175 0.154231829827428 0.121572708008543
-0.221598087499706 0.0959918876276845 0.324012936752303 -0.0362773107278579
-0.101745525228721 0.171171185401227 0.321255002214504 -0.251320213471786
-0.0357663162606146 0.24247503949421 0.215165619107208 -0.406342143912549
-0.0111204832062641 0.243797462877692 0.113728321974266 -0.415489502433861
-0.0320158945928697 0.250037403767578 0.172451797852672 -0.399891955442538
-0.138408549009967 0.180196309840294 0.240831627324165 -0.245201685299472
-0.241064528564186 0.0779330718969741 0.211031075833479 -0.0561665537577821
-0.267283121767073 -0.169570443315315 0.0381702276633262 -0.0538993607350564
-0.0564679981167268 -0.300417911129683 0.0366701182223575 -0.203277164090292
0.16197776346839 -0.201466408372644 0.326935962523249 -0.408143212817179
0.258394628877086 -0.096443262121916 0.731755943973898 -0.307506372993538
0.513580920044988 -0.296679473982792 0.179615253290019 -0.27538683288066
0.272781559173538 -0.456299241579507 -0.0203005900322952 -0.160633559813323
-0.108700596724162 -0.511990602307028 0.00278268539001722 0.125541611845751
-0.404055520875719 -0.278241715187624 0.137996220436177 0.140297153270424
-0.380501695002605 0.114276342517198 0.296840112443663 -0.024697210915202
-0.21815088264519 0.258611891848996 0.268472221722127 -0.191407595347393
-0.125376891112257 0.388488946316024 0.190026765280457 -0.309210182995048
-0.0739259096002193 0.402777667668684 0.0989553705255456 -0.300854593436408
-0.109631551560532 0.41078382055616 0.141205629173916 -0.287998050575755
-0.273910575296306 0.279372951243311 0.181894813032501 -0.14375251565761
-0.417868684762875 0.108194489590534 0.135650874538125 -0.00261530149023701
-0.462636572394271 -0.299304824063739 -0.0360348235381987 -0.0410334541517306
-0.135217090150935 -0.542123891151863 -0.00662875213105024 -0.214111320469691
0.284250269692036 -0.429841802188079 0.281376551506722 -0.410286499936824
0.510606451407941 -0.265028797643522 0.611358886005632 -0.305765042293192
0.644323788313958 -0.440952988489761 -0.0283292256382093 -0.188799051967421
0.321533969530001 -0.635911840916831 -0.109504145723842 -0.0531281174665916
-0.177838240811943 -0.676864777557336 0.00901397161281218 0.167483429610739
-0.545072455652888 -0.358378125754516 0.120765113390214 0.148808639916104
-0.504809781575723 0.138582245039985 0.235454874374604 -0.0134822999640059
-0.305312655645509 0.320002294361818 0.177855409839771 -0.105486343508261
-0.197418150429603 0.480776436797093 0.136599040230986 -0.166607746262743
-0.123653164094054 0.50008594696744 0.0681060958990388 -0.140787500011885
-0.167963269607919 0.502014062113745 0.0875000025031196 -0.131806456515329
-0.367188020220672 0.334104869405516 0.0921109885239929 -0.0156581195841853
-0.529446587618619 0.119281388770319 0.027816301270778 0.0583475921578781
-0.590227581163482 -0.38345255611312 -0.12051195984878 -0.0245446404015862
-0.195340259100322 -0.702100321995815 -0.0586691667114475 -0.206764253010092
0.360040088304203 -0.590872453182995 0.2024508040218 -0.354528442805811
0.680839704710107 -0.388877967991298 0.416263458965827 -0.251273547794126
0.683980355490638 -0.538389066979742 -0.260517473847126 -0.0684862782073461
0.311750354703685 -0.744776099780604 -0.205097204092913 0.0942932233765703
-0.244425478097642 -0.753178018417539 0.0166852466305784 0.210687818317525
-0.623737332061386 -0.379894550433361 0.0893145343928116 0.146401930758194
-0.559493225560193 0.156553132678557 0.136797302251116 0.0061693874211251
-0.347956553559044 0.344515352075812 0.0581224972655463 0.0027061346108903
-0.240594961064821 0.507496452935333 0.0622282458568795 0.00397809355316059
-0.154753613846949 0.521503026281358 0.027460505659346 0.0399707072776766
-0.20041269786563 0.515520259416677 0.022305756823503 0.0448625058932827
-0.400508141505244 0.326941837516843 -0.014300754131006 0.118758053353115
-0.548764560597926 0.106443158211887 -0.0928267556722037 0.11358675611883
-0.607223702468029 -0.40702104749101 -0.197081470232173 -0.00932042442600396
-0.207929139050796 -0.736047661903311 -0.101567106491785 -0.181401415961283
0.380397244832898 -0.636091754175006 0.110630678721984 -0.2519096003345
0.73720990876923 -0.440876132556614 0.18275344618332 -0.153336562914031
0.618667243002164 -0.55469588433505 -0.480930593656854 0.0714575102452322
0.252310074422603 -0.731547980786387 -0.289247309942436 0.251390342499514
-0.265292085473682 -0.700858558201872 0.0152029295437949 0.236376857178147
-0.589313078666241 -0.337948920825527 0.037754430835016 0.130524443572223
-0.516527386501464 0.146090534025901 0.0136945087270308 0.0357488734046866
-0.33349109330284 0.31237952045065 -0.0721906799544498 0.11918579548778
-0.243741689172395 0.453677907414252 -0.0213834669007894 0.177970672155673
-0.162023798667895 0.46303780406647 -0.0165686908857876 0.215469260094373
-0.20588671717205 0.444928007332307 -0.0453399779774621 0.212948165095986
-0.369560927989326 0.263524662250903 -0.118310665251997 0.230122583890603
-0.47049716528355 0.0601308694165965 -0.203346705742456 0.146314507253738
-0.497964228665478 -0.370859571058373 -0.243509598067917 -0.00627905301849891
-0.159755345682611 -0.634221034593366 -0.119833789714672 -0.148850905144347
0.344994569047902 -0.550134088784107 0.0281402267343821 -0.12663283367921
0.674770818189525 -0.41674148306139 -0.0486494737581977 -0.031664225864049
0.4600134560103 -0.479656495623096 -0.656198276340307 0.200695388780468
0.15832738778237 -0.582131656337264 -0.351277688823018 0.37825683095429
-0.218234776666775 -0.522385928903742 0.000622290064188965 0.23915442774372
-0.435358288105265 -0.242315233637224 -0.0179998327374824 0.105265774901291
-0.378744061501485 0.101061579922442 -0.106686595022984 0.063414629179698
-0.261652062270863 0.222597578046021 -0.190189044803584 0.216899827650057
-0.212309651520209 0.326414774471891 -0.101718290000817 0.327418930807314
-0.147025702144912 0.333172856640277 -0.0587213207095981 0.359287778372548
-0.181039953284683 0.308626386287954 -0.105737522380737 0.344458935767736
-0.285435680520275 0.158304172563519 -0.203747979965852 0.29707552976332
-0.320590333537417 0.00143088762449239 -0.280715206012108 0.143653116646543
-0.304587373594937 -0.28057111649859 -0.249158036698776 -0.0211325420238534
-0.0772777338309038 -0.430595510847511 -0.110419495142682 -0.119902899531142
0.258714454279116 -0.372825526163627 -0.0306808160128565 -0.00784100808798065
0.507984944200829 -0.321563898467115 -0.239327298160809 0.0871946320412181
0.229243123163056 -0.324918727334204 -0.755193487548337 0.29353015261545
0.040124581099984 -0.337427296688149 -0.384319475002013 0.457926537381868
-0.137697239368954 -0.25440368260779 -0.0134787600716283 0.226410516113872
-0.207789898343123 -0.105651806899075 -0.0543659034167796 0.0739072312375427
-0.175193618701523 0.0386520153814443 -0.195501396283339 0.0756304001908512
-0.145666447966183 0.0939005082322327 -0.273441118540484 0.274383591469009
-0.14430931179951 0.144702495520718 -0.166723868777609 0.424459337482965
-0.109436511771868 0.15129027926011 -0.0926558631951002 0.447627381567531
-0.132234244687673 0.12954884484724 -0.152153787666259 0.421395409176028
-0.166236280559936 0.0391793494992882 -0.259294560996438 0.31311916062132
-0.141592988396377 -0.0455978761301246 -0.317909888846534 0.110800739492731
-0.0981636237751165 -0.154474253720616 -0.221705895250474 -0.0464847829288475
-0.0031810366292099 -0.186427893523094 -0.083303053062554 -0.0981113631582701
0.134875109485827 -0.165042971940125 -0.0641475781177943 0.0822509688013038
0.272240405657828 -0.190823150846866 -0.365288237237199 0.186222855894511
0.0649192065234266 0.0528977886330713 0.409647139822452 -0.333505825240696
0.0434587324593441 -0.0354383405077875 0.0912083140116342 -0.233180851135511
-0.0291662686615305 -0.0679370997084942 0.0213552639106297 0.0708202278457599
-0.0859473577238174 -0.00759147479810333 0.172631950837735 0.0903079070306479
-0.0408386058788305 0.0766727572159371 0.314180871413107 -0.0590161659039216
0.0249149762042888 0.0659719159646097 0.316142875720868 -0.287214878335171
0.0588289285148835 0.0608607212968659 0.192317564706451 -0.439508711426457
0.0513636668486039 0.0456307853343169 0.103376178063298 -0.454263762141135
0.0498722106099049 0.0449788704131455 0.163311046541603 -0.435067556805275
0.0178168371554367 0.0493388465133544 0.243674633813022 -0.300441148542759
-0.0320452800184865 0.0361344697178773 0.234416595104759 -0.100229034593161
-0.04119063042804 -0.0176682761566651 0.0856508618708626 -0.0655013544578312
0.0246308420461951 -0.0212292307971832 0.061600224343012 -0.181913506091857
0.0163798345580034 0.0538003673106921 0.32176499209412 -0.361795804311797
-0.0306927749865041 0.0882489699641388 0.738945046477029 -0.257618713585446
0.298639865335389 -0.122950057989694 0.32708634028498 -0.317053923652469
0.164938143957233 -0.242803082254944 0.0503440810319361 -0.214615566686075
-0.0634982778028865 -0.291043870461018 0.00786599886779697 0.0880082681690713
-0.245292143151929 -0.148360956192231 0.150430353452091 0.116363709525353
-0.213579989318825 0.0955449734894057 0.312339286985697 -0.0405322448051515
-0.0992453246827932 0.167817976672413 0.305992339176622 -0.250657067485246
-0.0302502497747135 0.237120769486096 0.197975604109227 -0.39796243331103
-0.00616413581685602 0.238523832442241 0.106197710160066 -0.402980896488827
-0.0268606330644006 0.242480406910097 0.159014097711777 -0.389209208688229
-0.132209109898186 0.177280232500505 0.229460105983157 -0.242254733136102
-0.233494739193989 0.0790970465317475 0.203940861031196 -0.0585033769124828
-0.262714321894101 -0.161843813317944 0.0358459705615135 -0.0523336609237187
-0.0583165625732906 -0.290561281496042 0.0363252544847633 -0.199580453133296
0.156587403630056 -0.195902194808376 0.316920165937164 -0.401580175669659
0.249660365055352 -0.0956064076657601 0.709775455297371 -0.304226106213263
0.493787985645681 -0.292419326733002 0.17546801925314 -0.267028242056312
0.257880473353324 -0.444246329796064 -0.0177469173237699 -0.155002285766352
-0.112163743403266 -0.493921547795014 0.00451451280050191 0.119361024320526
-0.39935607578348 -0.268311254788355 0.135321306746949 0.135673980195956
-0.367040892748451 0.114641161668051 0.285260360259466 -0.0310975772285288
-0.210745293846265 0.25524192234214 0.256911784234734 -0.190403484778223
-0.114103698623568 0.38163537869031 0.174899906221899 -0.303640239660394
-0.0629690709653367 0.395254284212312 0.0916068160710745 -0.290970485770202
-0.0992608465666129 0.398038555533137 0.129185980638278 -0.279499276146759
-0.263875058864472 0.277113121226388 0.174097659623728 -0.14152984599481
-0.405981857390708 0.110445121401977 0.130775718789582 -0.00493141481200383
-0.456179711540452 -0.286150959862651 -0.0369345039309288 -0.0384277166803782
-0.138348379041418 -0.524403300296998 -0.00720809873332629 -0.210193870975689
0.273537983196185 -0.42147025680846 0.270725178809963 -0.401672084555973
0.492960591093962 -0.264582567927557 0.594110350988813 -0.301742450550705
0.62183515515704 -0.433513361435777 -0.0271988759262927 -0.180978664926834
0.304308137575908 -0.622215330130699 -0.103855538875765 -0.048225166629683
-0.18308608760074 -0.653862427072403 0.00942697062880722 0.162279880549136
-0.538458097401674 -0.346296925742237 0.118359174634391 0.145530340480786
-0.48700649455668 0.140172130749063 0.225694930872539 -0.0207854803466017
-0.295584198926536 0.317120203705891 0.171449796779013 -0.104830800679781
-0.181745675202566 0.47260422788044 0.125160516818621 -0.163784862915546
-0.109998213075714 0.490535466183839 0.0639604611462289 -0.134700550896878
-0.15431073902042 0.48986732248675 0.0794609908034072 -0.127052482394199
-0.354521710552309 0.330684066093625 0.089411076541097 -0.014431440910885
-0.514977494250849 0.123396325629096 0.0261058751717511 0.0556937882173037
-0.583039619173797 -0.365528545387852 -0.119184228989722 -0.0211473528253944
-0.197483781371873 -0.680013095695024 -0.0583881247581302 -0.20240133803073
0.347051398188408 -0.580116358072383 0.196004190969032 -0.346832109228935
0.658202025021679 -0.386101325607045 0.404637261565962 -0.247949094411451
0.659341773918903 -0.528529766168838 -0.25272927156635 -0.0610245759355663
0.296215294366354 -0.729053998997028 -0.195794989728265 0.0968152020790833
-0.246436820560388 -0.729555756962885 0.0156940932464394 0.204437851554235
-0.617648461410566 -0.366584999197617 0.0878475096425273 0.143555360550469
-0.5411520631365 0.155836829801302 0.130643070671187 3.26727751659489E-05
-0.335076241774097 0.340805091601716 0.0572456698593739 0.00346036241470636
-0.222505884138796 0.49958834071709 0.0553289157659642 0.00287386817465187
-0.139853635761524 0.512332434602933 0.0266497866578338 0.0412150772412855
-0.184876808022896 0.502851440004659 0.0196199615617243 0.0448657727811051
-0.386154105160881 0.326523105084639 -0.0117500474034863 0.117358266553311
-0.533728361765731 0.108102001374726 -0.0910751430145974 0.111250807454853
-0.60000811587042 -0.388109275367686 -0.193195335645419 -0.00597899719768571
-0.211886879637192 -0.712631360976952 -0.101854989389066 -0.175954758117421
0.364904116188962 -0.623238277394094 0.106448628163909 -0.246041670551926
0.711951177030911 -0.439036714238223 0.176087989117043 -0.150670041892726
0.597922318937905 -0.545199098107028 -0.466504170821334 0.0763612208592424
0.240025341460626 -0.717019155315082 -0.27770360157779 0.250562320994518
-0.264259002827882 -0.678575628969493 0.0138134411906525 0.231272180156881
-0.586686785159266 -0.325979980327147 0.0389830810635227 0.129918919090581
-0.500823067681745 0.146524416752692 0.0121730734969351 0.0305145356325864
-0.322253349931074 0.310445668272315 -0.0671229585130042 0.119906613054218
-0.229376073971252 0.448644372474358 -0.0218976105881923 0.173676852889
-0.147468764011604 0.4559796174741 -0.0144406076899669 0.210932775908988
-0.190775602766259 0.435937375111771 -0.0425090235101823 0.207780463678523
-0.357322370845099 0.263402294792558 -0.110126614637584 0.227232991829004
-0.457874027904922 0.0631290488196588 -0.196785827590648 0.145002408364075
-0.4942043826655 -0.354038665824286 -0.238678716348442 -0.00232747035764001
-0.163716083367987 -0.614463620107962 -0.120837998326563 -0.143042866739102
0.331318409172259 -0.541666377321504 0.0264065851596894 -0.122781112579319
0.649437585834023 -0.41320806861554 -0.0485224078652527 -0.029923039988735
0.444443677612271 -0.472298344626487 -0.637170980411135 0.202656331636949
0.151541291080095 -0.571165027606874 -0.339385001919372 0.375667518379691
-0.217808724568277 -0.50645972014957 -0.000892104462137797 0.234768148454125
-0.432608101130286 -0.233483749090293 -0.0155648754110445 0.104451402112771
-0.366362358687755 0.100819686565521 -0.104878822597039 0.060131323403445
-0.251544997963017 0.221156498610902 -0.179741867723139 0.217820744394474
-0.198967194410422 0.324989879292623 -0.0955279852760801 0.319927175819295
-0.135816254366682 0.329041275217376 -0.0533974149598361 0.349179319902073
-0.170043728309246 0.302466403268385 -0.0987369509817599 0.336714740700506
-0.276780511985883 0.159898516066678 -0.191662917321295 0.293020842727231
-0.312022026151575 0.00513643876111924 -0.272039289678333 0.143232870872875
-0.303657074101927 -0.267527211541314 -0.243706780623753 -0.0171970978826624
-0.0799237096119077 -0.415781831319005 -0.112216853346398 -0.114689540117039
0.247930704807911 -0.366748736903877 -0.0304096936187331 -0.00727769650033017
0.488016150772817 -0.320136212244855 -0.233367756492943 0.0870118311030902
0.223133352074738 -0.319872308638317 -0.734450785573478 0.291430139256575
0.0384310615684711 -0.331815579653383 -0.373220719114492 0.453392724449004
-0.136444123529562 -0.246045076414531 -0.0136317744029876 0.223138514400358
-0.208559001245443 -0.102115481647744 -0.0508756640244283 0.0745791798422407
-0.169797028975831 0.0380291271452126 -0.18928778301753 0.0744279259469107
-0.13946735630709 0.0937336169114377 -0.259329071125102 0.274496757500154
-0.137261245039863 0.145769455628993 -0.156049824383036 0.41623536856835
-0.103288123437306 0.150895694490665 -0.0850797682212585 0.435558986567355
-0.125149553619354 0.12890516556369 -0.140373394927012 0.410449225199431
-0.162485835492691 0.0416707797533459 -0.245047731668429 0.309139594215398
-0.138897945665568 -0.0432672663690002 -0.308094835153682 0.113057756852538
-0.0998315816491577 -0.14751376653235 -0.217026147124838 -0.0423349727224116
-0.00598478344310228 -0.180170321037695 -0.0858351766519398 -0.0930189987592394
0.129179355510207 -0.16503917864657 -0.0630763269725769 0.0815781790285333
0.261444411791838 -0.191467787794949 -0.354377183190452 0.183962866264563
0.0621818130380647 0.0535788003672021 0.410231839421037 -0.329518755494111
0.042513251575828 -0.030899095905894 0.0930065250090341 -0.233283448888504
-0.0298426220260664 -0.0673915646931766 0.0230881676444842 0.0678923097887848
-0.08501829749117 -0.00863707620694111 0.171010300424191 0.0888466342713924
-0.040518681256584 0.0761778210653553 0.311133250765284 -0.0580797681841846
0.0225179856919551 0.0660523939543765 0.310459004163242 -0.286868643982157
0.0585385182234205 0.0594684215115553 0.186817105648822 -0.43618131719654
0.051060178539671 0.0449668380273019 0.104253025897425 -0.449411650355376
0.0482315255461166 0.0440463813619524 0.15995458559405 -0.430115885449021
0.0185552239131055 0.0479840013083966 0.238685754003243 -0.299964694094559
-0.0307476731381086 0.0357154989832312 0.232924887090132 -0.0999917967742341
-0.0388531136959007 -0.0176843177253261 0.0850870206635522 -0.0642509976014619
0.0249702289373638 -0.0196674388416098 0.0638244673839871 -0.182436841396273
0.0179657608978311 0.0559372831684455 0.321889790569593 -0.360000432986559
-0.0304064512354975 0.0884320927964595 0.736499127014138 -0.25029557541844
0.294042065761198 -0.119771022853261 0.328840041513165 -0.311528799572803
0.162807227057391 -0.236645080031589 0.053022867613225 -0.213640362861505
-0.0627826120669801 -0.287694074491141 0.00862322112306705 0.0854587499467934
-0.245330542451318 -0.149619437482091 0.148727952328088 0.115650301257608
-0.211518023105887 0.0940852997754873 0.307302408013666 -0.0419305220506577
-0.100842201824368 0.167287091615158 0.301301548981768 -0.25064570145807
-0.0278878835788002 0.235284835365836 0.19080970865192 -0.394644569418196
-0.00388461026922887 0.238147271524552 0.105680568315068 -0.397968170370527
-0.0267695396850242 0.239544720299218 0.155366331395777 -0.383945027746588
-0.13206742147297 0.176007658964649 0.225620176213361 -0.239394308539705
-0.231958389034206 0.07867440768741 0.202612799400071 -0.0585597897086862
-0.261531740429625 -0.160610834043102 0.035093617636015 -0.0510251074476844
-0.057149455792575 -0.287341413783411 0.0387180848415822 -0.200530916816005
0.158313011319288 -0.19237351486365 0.318679479740689 -0.398971518386726
0.247712802717429 -0.0943899528377521 0.708687947358721 -0.296222511523012
0.488844650691094 -0.284930426838479 0.177922722790566 -0.262086034523656
0.255804786271637 -0.437455052279773 -0.013254975938568 -0.153740539650262
-0.110484357397508 -0.487434470515231 0.00376967452758673 0.116548764971061
-0.40020781562684 -0.268985775188555 0.133722411290434 0.135910119353336
-0.363923518033786 0.11219099584913 0.27928898637617 -0.032917274342274
-0.212180503854046 0.253901669019958 0.253655036589954 -0.189796664782104
-0.111328919589902 0.379101793988378 0.16724311739114 -0.300412314079607
-0.0591911936875127 0.394912006282164 0.0910498900813817 -0.286520468078355
-0.097499117771734 0.394529043605212 0.125459616531478 -0.275364461876623
-0.263000456857292 0.276428242664987 0.171661832511344 -0.139368578066894
-0.40255399836396 0.109951354191011 0.12852372199298 -0.00505133728790529
-0.455611167491744 -0.282549387878271 -0.0375360281768655 -0.0370914446707796
-0.136337192855355 -0.521809834508834 -0.00493434351377136 -0.210443588870325
0.275521648052494 -0.417016673589876 0.273070099076403 -0.398201632362683
0.489706882035745 -0.260442370884396 0.591776852630269 -0.295871234306371
0.615775415254871 -0.426414563447557 -0.0224758551518018 -0.176524264241036
0.30302945475885 -0.614183268665603 -0.0989771766932839 -0.0467189737255001
-0.179175561841885 -0.646667910218532 0.00791816721255164 0.160050086067491
-0.541265785794192 -0.348425362014102 0.117297986908509 0.147236770268465
-0.48324966273702 0.136678334611842 0.22047768594658 -0.0239110417862936
-0.295001936890579 0.315779406117005 0.169641745090962 -0.103867113471391
-0.178118866835284 0.473313696270641 0.118036661246438 -0.161309249289103
-0.104627840325734 0.490419226386509 0.0634643953910182 -0.131164570220613
-0.152638119077858 0.485583084100904 0.076248304071676 -0.123877863728249
-0.352528309979706 0.330479198654999 0.088613729714555 -0.0131817259363887
-0.512193623720577 0.121995588328977 0.0244284354758179 0.0552055145591087
-0.582946849634863 -0.363732487487038 -0.120395238075146 -0.0202276029353666
-0.19533123842918 -0.676329871211323 -0.0575883512319134 -0.201605819692938
0.347247939395128 -0.57495976829219 0.198125901436966 -0.344704793823313
0.651675369914937 -0.381577061330045 0.402610550020092 -0.243853921276872
0.657390701990456 -0.519818826369518 -0.247552922980461 -0.0593279280352254
0.296032698015175 -0.723551990721486 -0.191259838010821 0.0975150679531103
-0.242014393284325 -0.72288643910568 0.0130027009471416 0.204307560968799
-0.622060776629849 -0.366575429333958 0.0883000595659805 0.1455759653904
-0.536205821340859 0.152458340204066 0.126003723778913 -0.00417082001299529
-0.334152328968458 0.339945836793122 0.0579164031020135 0.00452202101054201
-0.216672063911484 0.500510049880581 0.0497268694970221 0.00402599750075612
-0.133327804213356 0.5122644432813 0.0258689168253469 0.0428495933344029
-0.181323271811237 0.496699415334929 0.0164593537660535 0.0462355552340136
-0.386392235963998 0.325560603853088 -0.0103142125377843 0.117848197122576
-0.531724802101649 0.106599720822455 -0.0925325352201527 0.110831200790249
-0.600695251355022 -0.385842660802366 -0.194527668603012 -0.00456502077849287
-0.208325802016782 -0.708554309986799 -0.101495210148993 -0.174760012623836
0.364959300265425 -0.619598757587216 0.107741596589027 -0.244143181585616
0.705886859182488 -0.434381234227027 0.174919139223395 -0.147799627437266
0.59538942787444 -0.537910796997764 -0.462906161367282 0.0757991835119944
0.241319896195238 -0.713490716569565 -0.274190298251426 0.251420422127578
-0.261810809283336 -0.67345692467243 0.0115052719583912 0.231974873476641
-0.590795100904833 -0.325169454996979 0.0394926412470983 0.131519255812512
-0.497337617297928 0.142091596766142 0.00852692131065457 0.0268434716861099
-0.319509827671757 0.309340179045124 -0.0641921013564526 0.120828154507664
-0.223963503438376 0.450206495267671 -0.0255597365676903 0.174285103767364
-0.142991058411054 0.456453093825258 -0.014701202442687 0.211538662823813
-0.186346515131807 0.431401517644813 -0.0440805068647848 0.207021286631026
-0.356394854783171 0.263569447477247 -0.10698897521968 0.226313132296362
-0.456504315320904 0.0621698070213862 -0.197661424114046 0.144715344997938
-0.494588932937411 -0.349184866119623 -0.23923982611045 -0.00237153401513444
-0.162763786017823 -0.609231260267902 -0.12127647873436 -0.141412914418494
0.331260762690836 -0.536817511358471 0.0275090896808604 -0.121889354151565
0.644555524025962 -0.409297504404321 -0.0493693158827041 -0.0301552570045645
0.445458138942904 -0.466850394962036 -0.633059931976625 0.198324469641135
0.153118441002208 -0.570549483623449 -0.336922692855215 0.37556232184047
-0.215136498379134 -0.501597206556501 -0.00271980617164174 0.236943271001414
-0.437462254707862 -0.233509812367718 -0.0138480836089974 0.106838301827902
-0.364204657281253 0.0984874897449477 -0.105493646199445 0.056114926506787
-0.249379023306534 0.221206741464145 -0.174711456612027 0.218566110033149
-0.195444133571471 0.326263685210134 -0.0959482697428495 0.318780233398892
-0.131808138740684 0.329082850090542 -0.0536042781193457 0.347294432012054
-0.166552664252486 0.299844509064312 -0.0978356169766251 0.332490900777326
-0.275663676426369 0.160259896002084 -0.187280918241304 0.291650103146288
-0.310585094326375 0.0037774722407272 -0.271344834495942 0.143170230972814
-0.304165978793218 -0.263954109815778 -0.244156135597241 -0.0172349735613389
-0.0794253423464208 -0.411795422609026 -0.113536483684066 -0.112712076548575
0.24699727238649 -0.365913442713931 -0.0302840051444942 -0.00649855860609866
0.483183020209009 -0.318157873205807 -0.23326424876291 0.0849889676532254
0.224620098738166 -0.316971286052715 -0.730446607751022 0.284885236105422
0.0412411615538099 -0.333106037846364 -0.37072382359577 0.451659606114576
-0.133490435389425 -0.246143290359589 -0.0169121248545694 0.226350056049663
-0.212124531617112 -0.102449787373265 -0.0486875837413587 0.0750284596189454
-0.16871229116853 0.0364582628685544 -0.189256354663962 0.07162066749061
-0.137958271624374 0.093285281512271 -0.255114721976484 0.276217430433918
-0.135575978762005 0.147924831228597 -0.153279912573406 0.414187324188636
-0.101094877641116 0.152058980637497 -0.0843178771845989 0.431931271529747
-0.12249799214587 0.12849048972086 -0.138229067598421 0.405184370462498
-0.161213742057106 0.0428310832646191 -0.240056088184576 0.305953607302483
-0.138377117540517 -0.0438369927396096 -0.305636642196273 0.11282593321818
-0.100829567363173 -0.144830103779132 -0.215970252940325 -0.0425668912850707
-0.00718861705721093 -0.178546321463176 -0.0885842968897358 -0.0908022179668657
0.126825063787069 -0.16504870087665 -0.0628367448822906 0.0812693460359458
0.25768860712378 -0.191071600658613 -0.354754787025762 0.180793609269295
0.0608650856424133 0.0561168527691778 0.419887962602618 -0.333577967959498
0.0436864460841416 -0.0282257914611177 0.0943175755334011 -0.239667498492484
-0.0309378851283518 -0.0676138434054714 0.0241231828800988 0.0666551050427946
-0.0864750080919651 -0.0105751548479289 0.174046715169088 0.0882803760752694
-0.0402626960368532 0.0774262006007089 0.314425227693005 -0.0609350900133225
0.021944196360728 0.0676374150038937 0.31088105278865 -0.295892003854324
0.0596986573529833 0.0588675617020456 0.184017359499744 -0.444595150801724
0.0525566335452127 0.0457228711395367 0.103897601590511 -0.455915345352221
0.0487660414799327 0.0438254601766953 0.158372648063791 -0.438021561534688
0.0196386999972588 0.0471197512763218 0.238000106396117 -0.305879972247006
-0.0297293738483666 0.0374868450737759 0.236525385526878 -0.103488659277385
-0.0380808936985986 -0.017941526045749 0.086523471901697 -0.065327016730849
0.0265415340771855 -0.0189393412448058 0.0655852535483031 -0.188512890489082
0.0199242376210192 0.0587120995552323 0.329163126214735 -0.366815924947165
-0.0307635821524123 0.0907533238227003 0.751601647012441 -0.256192939836762
0.296999518887057 -0.119973555960646 0.337022842073053 -0.316058701186908
0.164726621435301 -0.237804975271026 0.0557074090364908 -0.219112249304269
-0.0655463328110511 -0.290952324076042 0.00951014724296594 0.0851611026783452
-0.252722086863384 -0.152697796505551 0.151418689337559 0.116509853861256
-0.213706393202769 0.0963816575158785 0.309908498105029 -0.0454052079454363
-0.103331557746574 0.172117156006638 0.302356226718522 -0.257562726724397
-0.0259100232747633 0.239122802176281 0.187039086264263 -0.400490612343556
0.000363793499599707 0.243749017126387 0.105671732415431 -0.40428564218969
-0.0261174917685442 0.242673740752832 0.153131371938302 -0.389161875745751
-0.132815248414577 0.179946015703737 0.225879084030933 -0.244650981911372
-0.235278425729925 0.0816811785956377 0.20515142684742 -0.0611318837141275
-0.26783410595334 -0.162402914519907 0.0354597674310558 -0.0507449565776929
-0.0589368824347856 -0.291489429208712 0.0407894995963626 -0.206271691178987
0.16280382919359 -0.195732764635484 0.325204395136445 -0.407268094280569
0.252292059588494 -0.0969905637584644 0.723031754314139 -0.300735964714241
0.495585507559346 -0.288413758629025 0.185249195701428 -0.264582423141706
0.259578156024055 -0.441534441139125 -0.0100858008472151 -0.157233347939102
-0.116195189522717 -0.495109184477464 0.00415900386850455 0.117925661365252
-0.412235390246823 -0.273645656114017 0.136243258961923 0.137350138704645
-0.36971523153232 0.11464790217521 0.280986476521578 -0.0364919708094667
-0.215983464906204 0.261430390132104 0.255911054995758 -0.195493276745679
-0.107413395944439 0.387698968217591 0.162716643440233 -0.303843721915065
-0.0531203092940943 0.405109024003093 0.0919801657387198 -0.289814412211936
-0.0967989105300993 0.401629035865535 0.122869446704315 -0.278642502154829
-0.267665970358259 0.283802840738837 0.17263833880675 -0.142437581303528
-0.409938114143485 0.113515500548176 0.130218019603153 -0.00603093992896045
-0.466500213421659 -0.287058002448344 -0.0392271367714072 -0.0360049306197003
-0.140408019816747 -0.53017754388959 -0.00355678922886611 -0.216191796465906
0.281252702366862 -0.425234825219921 0.281393935719038 -0.407228565411744
0.49758471868001 -0.266922101733631 0.603241888431211 -0.301408878628352
0.626840819185219 -0.432689197964376 -0.0185350981678259 -0.177845946414244
0.307494051764951 -0.626048403463822 -0.0965187059156934 -0.047296806703865
-0.18526630100439 -0.656707467650766 0.00838484357306407 0.163507480605176
-0.558401799666413 -0.35338626807135 0.120797315882164 0.149478486787441
-0.491609586707014 0.138813268197068 0.219890283300067 -0.0279251149430485
-0.301183176112158 0.325010430475682 0.172839769430739 -0.10698739117571
-0.173168801133432 0.48508692678571 0.112832315830858 -0.161928045072401
-0.0991585174981303 0.503704672375975 0.0647871067242909 -0.131719272881976
-0.151548518579849 0.493878394762013 0.0743287927109336 -0.12377280408757
-0.360651025296617 0.341274689632898 0.0906289910017528 -0.0132490161608304
-0.523027167221405 0.127165686005374 0.023427215787377 0.056769412395758
-0.598294613269328 -0.367232262678217 -0.124383576829793 -0.0180376512535596
-0.202075677809255 -0.686831862812487 -0.0574989450580057 -0.205995434244156
0.35498226142954 -0.587250280123343 0.203591004295942 -0.352290094074646
0.662703608984369 -0.390282837457095 0.41042581563678 -0.247518142045285
0.669551458019912 -0.531295187635395 -0.248640191390135 -0.0581610936056276
0.29899416710235 -0.73949404291971 -0.189731219033184 0.101944125096125
-0.249211322668607 -0.734686757029466 0.0134112937506812 0.210111450331394
-0.644542500101393 -0.370979454391807 0.0919500989178312 0.149711692039505
-0.546973902042632 0.156158226720281 0.124034186038221 -0.00818108280638929
-0.340286129088715 0.350223761589579 0.060907162978132 0.0050224480894699
-0.213907499670581 0.513319995350109 0.0455633053065484 0.00737069932224363
-0.127617827348084 0.526714095408242 0.0273002105233602 0.0454179505601685
-0.181801283986975 0.507122857871257 0.0147154032229028 0.0492491012905514
-0.392383690355077 0.336408763948537 -0.00859473859750747 0.120555818707844
-0.542857247243308 0.110140519239146 -0.0962986783967565 0.114470244184723
-0.616628065049965 -0.388983019952892 -0.200292336234158 -0.0025039967120862
-0.217112527688163 -0.721190843714742 -0.103428940362309 -0.177251422278731
0.371707239880292 -0.633576692704376 0.110855618858619 -0.24984028637306
0.716507704213367 -0.445270093322065 0.177448409817574 -0.150350089393457
0.608018340176482 -0.548792844262691 -0.468096758764588 0.078594857437677
0.244259733774519 -0.729019924905217 -0.273803077559637 0.260220938621454
-0.267356019047594 -0.687130376821508 0.0106704191188345 0.240133796043366
-0.612432587890877 -0.329571146736606 0.0432637102034086 0.13624290290967
-0.506195662318048 0.146409278606877 0.00453153041617929 0.0239671055735604
-0.325179621982886 0.318581409362306 -0.060997308620757 0.124792630669409
-0.219574611753895 0.463948872952601 -0.0280831293975936 0.180299392203503
-0.137211324112476 0.468096778705407 -0.0140050920655265 0.216050699551021
-0.187961291840713 0.438891688872736 -0.0452110239864969 0.213002549319224
-0.362581764675165 0.272928734992986 -0.105601269998916 0.231382244789856
-0.46604275209912 0.0651278099398207 -0.202610252200404 0.14952306308998
-0.508603141313526 -0.352510210351559 -0.245965354459932 3.34658707282976E-05
-0.169507219403292 -0.619785039276743 -0.124987496240102 -0.142198994251858
0.334519265003322 -0.548008729445676 0.0293220167562687 -0.124593147555903
0.652038388673451 -0.421313321971536 -0.0521196708404392 -0.0311763085308869
0.455106230352616 -0.475712753932778 -0.642621064804203 0.202853568691657
0.154735608946618 -0.585654898328775 -0.339866968387672 0.387460779474346
-0.219564076811026 -0.512952964881695 -0.00328632531469539 0.246037044305812
-0.453416665044651 -0.236169269987719 -0.0115140171002769 0.110151757784973
-0.371484708134314 0.0999326241035741 -0.111017410516193 0.0555752989444634
-0.253110414972473 0.227228637703585 -0.17344330214101 0.226191464521641
-0.193016438795396 0.338239401730015 -0.0979214602607327 0.327039506014419
-0.128365558094709 0.339114062106179 -0.052631616825804 0.354960670395677
-0.165764911093345 0.306319489596911 -0.0974500815044936 0.339240215902309
-0.280928504084332 0.166282600951999 -0.18606918068785 0.297197865123929
-0.317549947611355 0.00407927837895988 -0.276761087171506 0.14928438787668
-0.314155302082012 -0.264897817937283 -0.250448349430455 -0.0156728777029665
-0.0844230300971427 -0.41877678976448 -0.117433274792488 -0.112222148202383
0.249333165992508 -0.373307450801199 -0.0298882697187366 -0.00684031550047034
0.488049192671426 -0.326593409250011 -0.239624249519955 0.0865294559946358
0.230847584665286 -0.324530830933254 -0.743353337081669 0.289483268511531
0.0423482077842155 -0.343633425235546 -0.376970745650024 0.464657429417357
-0.136898403960213 -0.25213029046731 -0.0159597030056398 0.235002796591127
-0.220987516114077 -0.102182632822105 -0.0467393573612374 0.0777223007720794
-0.172135484130973 0.0369598579171983 -0.193735290445409 0.072107771376515
-0.139079847582282 0.0960854520378028 -0.254837144858603 0.284709994063268
-0.134895647493017 0.154652416283135 -0.151012968732808 0.423421066994953
-0.100372067067587 0.157527084994222 -0.0824371522803062 0.44011429755563
-0.123601254943729 0.131961360443383 -0.137311300424478 0.411950026649355
-0.165053456011915 0.0460522201086472 -0.239120259786159 0.312691482551211
-0.141965323207113 -0.0452844882788094 -0.310974422415481 0.118077179005081
-0.105994727949273 -0.144614812500718 -0.221027064997738 -0.0412387906205467
-0.00899163503740359 -0.181600763689155 -0.0922837374604072 -0.0892138850903497
0.12692472185378 -0.169910247834184 -0.0625520973653489 0.0823390839207808
0.260115091996512 -0.196899643259584 -0.362846894452759 0.18381144453755
0.0630374622178599 0.0427707614164613 0.406600964090331 -0.363035000849793
0.038335004800362 -0.0331111653195316 0.0796411084219141 -0.250942929225625
-0.0384362702055284 -0.0634075610773739 0.0355589826878077 0.0623457593280159
-0.0858531245822469 -0.00205913103888593 0.185910512641597 0.0691430958420093
-0.0281491372320721 0.0769435830441114 0.311196522538389 -0.0912837655066952
0.0262371255401168 0.0600683474498823 0.286150171725442 -0.32612365991185
0.0663447678086165 0.0481530322918981 0.137582611539069 -0.46758305859589
0.0553647299870305 0.0386710668664308 0.0658486524346304 -0.475331042748356
0.0546691886537145 0.0388935333212608 0.126076001358833 -0.468994954726605
0.0265533268526687 0.048210348154216 0.221886479673336 -0.341291645376084
-0.0250003291188803 0.0438190063174974 0.23958232306433 -0.129676796299378
-0.0388019950830329 -0.0116250741736544 0.0875285385318809 -0.076442577809531
0.0298628694736436 -0.0191822827557544 0.0528915120464261 -0.204496226630709
0.031810825205362 0.0695564217462924 0.319303173347299 -0.41878161484407
-0.0230300134365816 0.108554030505185 0.778074934209715 -0.315160756959173
0.278750243861859 -0.158408858119886 0.338527735027167 -0.321164045201888
0.136131213125799 -0.255661848342313 0.0561498309260266 -0.218613617377585
-0.0999985833529756 -0.283305533398165 0.0416595504293891 0.0817950380073271
-0.272710491858601 -0.123484338214318 0.180340500391306 0.0892070666778284
-0.201306498537128 0.113443805892219 0.303184829903461 -0.0877732932399308
-0.0895373923540508 0.178399197431266 0.276787732737329 -0.293706465291431
0.0039916632708496 0.244069916335496 0.138419792244032 -0.435750768038227
0.0209399069233718 0.244469567019973 0.0696513780496694 -0.419006701502072
0.00122872939730766 0.248978636506424 0.123891469564446 -0.418554033413467
-0.116067574629617 0.199745163400166 0.216031195626896 -0.28020923257458
-0.228337408926137 0.109691447206897 0.212122862872951 -0.0865747479179236
-0.291427272213162 -0.1351550256548 0.0443627562795096 -0.0560830131138501
-0.0851185149070782 -0.291166811869551 0.0332470263991639 -0.210095345771241
0.158866047802124 -0.208685727936794 0.297837038031374 -0.453697748559496
0.259368331451145 -0.112114005487162 0.722347705051115 -0.363693219507127
0.458750639563403 -0.350000268512899 0.196514759908035 -0.242805538820046
0.207757833053696 -0.472165175167198 0.00698146306783625 -0.142984141558894
-0.173669158720788 -0.483260511125017 0.0570214906039992 0.114074725575543
-0.453097199769265 -0.223836744767428 0.180220895109949 0.101857468828443
-0.356889225900889 0.148944311079173 0.271090458474701 -0.0882643309725837
-0.195721147619975 0.281089454997066 0.23115648309734 -0.233034161874537
-0.0595808536021555 0.408011237199599 0.117714726264374 -0.346758149735078
-0.0165586869555867 0.414154532392566 0.062641346667934 -0.300251056539879
-0.0519524669626313 0.41672068611836 0.101943201407706 -0.299509492264117
-0.242278057538589 0.320820321046712 0.171206153581032 -0.171797427126889
-0.4040802971131 0.159537754222734 0.140099050912719 -0.0255743020176396
-0.511159905320478 -0.240507274311909 -0.0250891710200263 -0.0329889270253544
-0.192573063184622 -0.52849470426919 -0.00757240600882029 -0.206525293423492
0.26065912407412 -0.461640164894323 0.23610999771631 -0.441385531326135
0.505133456538198 -0.312903222620103 0.57663550820738 -0.355085239318074
0.573590480494277 -0.505860432419229 0.00270814318413817 -0.131063822290776
0.236651169886021 -0.658780070571648 -0.0603404204760866 -0.0203186651833746
-0.264142885367705 -0.639846970577786 0.0799509025418335 0.157604634284013
-0.612467071291549 -0.284333821272295 0.176214379096203 0.104914366716741
-0.479455118123079 0.187080219330769 0.207224083731597 -0.0828337769005496
-0.275285178022518 0.356868289034605 0.152267910376028 -0.139797527070649
-0.113976833670264 0.516845623563454 0.078878084405866 -0.205609647835891
-0.0524749231338432 0.519117789355864 0.0472636063823114 -0.135685923922887
-0.0979150221073391 0.515913445978883 0.0648257273143669 -0.133104182963539
-0.331987020105627 0.387875447706832 0.0972113971984387 -0.0311021918865129
-0.516780339240698 0.18320308011324 0.0344840700384132 0.0478212789308767
-0.654023745593095 -0.30784895536168 -0.107864942794827 -0.00677763418081629
-0.272088087449165 -0.683763142038601 -0.0593615190824135 -0.184176336363528
0.322676213549233 -0.639171345851434 0.149778757839432 -0.371033022848024
0.66656673710946 -0.460369220661885 0.363294648625082 -0.287344385592677
0.603755187402189 -0.605806863905532 -0.219017610274848 0.00966226580705286
0.217121167099911 -0.772651313932545 -0.137352236072942 0.13987182546179
-0.336849331457617 -0.71201791105911 0.0974572946728335 0.200674524426958
-0.701401562910526 -0.290475042845999 0.15113945042635 0.101159574920638
-0.533236208609335 0.21295719342291 0.10904509509459 -0.0576241093126647
-0.312010489213923 0.3868730953469 0.0482088589586182 -0.0186850736457922
-0.150607161646556 0.554303195483643 0.025964163167768 -0.0298013977422436
-0.0783738550262943 0.545671477436556 0.0243108367611223 0.0492895386752361
-0.12676802842795 0.531951147800584 0.018278172678906 0.0523471845977755
-0.366614191577569 0.386324556749914 0.00585266621301671 0.117667023789033
-0.539662079964054 0.165599879711665 -0.0849808625813058 0.119592784371177
-0.675399384520459 -0.32932881604278 -0.185935240708785 0.016517579885688
-0.289989718548927 -0.717686782116282 -0.105348189280671 -0.148289977374544
0.333897573558616 -0.689754767353097 0.0583384018006938 -0.253459874205188
0.716631214603965 -0.525402941715758 0.11882449534485 -0.171065221604771
0.544507465217406 -0.613248909987114 -0.43630405024393 0.15747771940126
0.16594506813627 -0.75574599837595 -0.213931240178678 0.305056371348587
-0.349489834747994 -0.661527895282172 0.093683235530477 0.231201224224027
-0.665647441102927 -0.253620004591857 0.0963533620453894 0.0929670619196936
-0.496991461860099 0.200763145868569 -0.00857076896745013 -0.0125238364193525
-0.298952607252679 0.356836537934197 -0.0639188538577063 0.114662399182757
-0.162131848131205 0.505975096468689 -0.0293569208458886 0.154107418339702
-0.0941842948909286 0.489425686272982 -0.00155726469107652 0.226248869110388
-0.139327242167952 0.464470836321206 -0.0291752997152547 0.226876869858653
-0.342770827343395 0.316432408864173 -0.0862170264100779 0.242916819189587
-0.467368510921754 0.109463874058864 -0.195288572571035 0.167438793736256
-0.561205593920168 -0.305783773689614 -0.238106225386148 0.0239911383573992
-0.233285133031629 -0.617755984582454 -0.128875411881205 -0.112186839689393
0.301369611222784 -0.602741609297123 -0.0137829686615102 -0.117154595093723
0.650338952039345 -0.495817268589981 -0.10948543393245 -0.0312593527706992
0.401530165619525 -0.521612558555765 -0.613578971315971 0.281913220783081
0.0946675625717272 -0.601054206170984 -0.281943916598587 0.435034927567546
-0.279477586329737 -0.49297390749307 0.0640852194043787 0.241550574355299
-0.493564189285111 -0.17777475754175 0.0281785002671494 0.0816465515113809
-0.365228812704975 0.141420906492577 -0.119824987048829 0.0389218210384241
-0.233627729964406 0.260842091270935 -0.165501248457245 0.231280943151408
-0.15127222875025 0.37526615427103 -0.0798032274033761 0.31729804091905
-0.0959931779977508 0.358141839687778 -0.0275121665669184 0.369608662927417
-0.132875045501914 0.328267320022075 -0.0722397479129509 0.362375923928646
-0.269969168223236 0.198628559152104 -0.165693060636609 0.320462932513404
-0.323417640082949 0.0322229013775619 -0.273328844167887 0.176666666193049
-0.350115145811033 -0.236784423085847 -0.251247622516275 0.0075952162055026
-0.126673060202874 -0.421127239820763 -0.125300072608632 -0.0884880478274902
0.225698929884072 -0.412047056022996 -0.056678396831978 0.00571909257075781
0.483530579282152 -0.388484559668732 -0.286066427117896 0.103851870642835
0.19513341774587 -0.342187253043991 -0.724832778270304 0.358005258943026
0.0100608061391776 -0.343090071726684 -0.330593073329712 0.508670466127355
-0.165324937121613 -0.23794845306432 0.0267993097531888 0.235972781592331
-0.239475779766294 -0.0734513242981003 -0.026495284158472 0.0671922414922514
-0.172574552418265 0.0580354475871986 -0.19764540035397 0.0764533234926122
-0.130179235396026 0.116551162172686 -0.237261694776382 0.304734113181261
-0.115135594073252 0.181201368336153 -0.117743822543482 0.431111572601246
-0.0845619669781944 0.171481823494604 -0.049434169357597 0.458600499330369
-0.110185537054082 0.147745409497575 -0.106764605056782 0.440400066524284
-0.164518177766508 0.0628357445378907 -0.220156380763722 0.344880157937208
-0.14956027983203 -0.035125877072936 -0.312876673639871 0.150945327283028
-0.123175565951631 -0.136715449462889 -0.231820330486554 -0.0219487393172108
-0.0275184578644917 -0.185015379157204 -0.103497684722014 -0.0762511719266946
0.114394638649489 -0.190656175572874 -0.0709384719329118 0.0960323530869957
0.253355212814626 -0.234762483404846 -0.391130784062753 0.215008470286896
0.065612150317674 0.0426992538843986 0.398275330585299 -0.39352384351897
0.0390614575021161 -0.0322625430109182 0.0658201638970703 -0.259830851398428
-0.0423630802613029 -0.0612252196453975 0.0388126640314651 0.0609529165101923
-0.0887305921375783 0.0020430189714367 0.192359620184948 0.0595667550552584
-0.0237570923287743 0.0793799907613799 0.311213642996897 -0.110204352094076
0.0293129294059738 0.0611319567037589 0.268436690466883 -0.347635797590702
0.0684959491749973 0.0437238080257465 0.11110784714014 -0.480220465261534
0.0591598241599404 0.0355118323536155 0.0408009361902448 -0.487079817888908
0.0571585365982645 0.0351794012491222 0.0988568335575556 -0.481916402779912
0.0300531731743551 0.0455765455164145 0.203071270687297 -0.356892221537026
-0.0212760948302326 0.0457596864408391 0.236063203250467 -0.146833995308409
-0.0392284346142377 -0.0108471367837541 0.0842326061065067 -0.0825933856681488
0.0308126659300731 -0.0210076561596754 0.043035392576523 -0.213207843688256
0.037769637689997 0.0700886646887045 0.303148901051932 -0.444001129714021
-0.0179631508594805 0.1115372862791 0.776462825468856 -0.359935556039134
0.274556322258537 -0.173832988469911 0.331122962828958 -0.345113579785175
0.126081648006761 -0.263475423014751 0.0453045761700626 -0.226055414531416
-0.117010316360274 -0.280923776992805 0.0461223098429886 0.0803004721790413
-0.287623284128281 -0.109680621559585 0.187493541119898 0.0804687846713291
-0.19857247495085 0.125198861550481 0.300831613568588 -0.105754576069458
-0.0825989335166572 0.188170630678339 0.261773428381511 -0.314336530319445
0.0185673298483293 0.246279629217494 0.112537920693507 -0.447087419471582
0.0387017506768775 0.247207458530756 0.0481063730129117 -0.429875600238653
0.0153408735894479 0.252977253579452 0.100066993654612 -0.429388685951233
-0.106577131891524 0.210257407063895 0.201122674298618 -0.294961455980505
-0.226609068551347 0.124629524494571 0.210564447437044 -0.0991815222768637
-0.305124237388446 -0.119808186187934 0.0422370983367599 -0.0590556439188889
-0.100980338296986 -0.291817399782429 0.0229283619074256 -0.218564941446307
0.152328900875967 -0.221131837210713 0.279224701086886 -0.47808223842066
0.25677053398614 -0.128641649931639 0.717877192002815 -0.408055218114786
0.446829630543435 -0.378425476842422 0.193502573509594 -0.256613408616377
0.187258811061512 -0.487366091779067 0.00216363247373849 -0.148174971655244
-0.202435392067699 -0.480545568730248 0.0641676927624467 0.113174633465784
-0.478640656060307 -0.200986599915346 0.189080586998521 0.0937993265542647
-0.355298093936743 0.169890793457934 0.266897964605233 -0.104614631000523
-0.184376370168691 0.29914182284269 0.220983802289405 -0.25081285311563
-0.033867296679685 0.417441018459751 0.0969666942215503 -0.353019379001372
0.0119831247712695 0.422161764658136 0.0484540296168142 -0.308195542110101
-0.029387984223973 0.428009152657719 0.0847932614128893 -0.306961064982395
-0.229380023313199 0.340843453517477 0.163139143674626 -0.183147489786971
-0.40328932872581 0.184403358252765 0.140348324225762 -0.03249767773463
-0.535595995943046 -0.215027637795223 -0.0275106291489391 -0.0313088114818448
-0.224972401847724 -0.527594649562441 -0.0175606748597177 -0.212523742603284
0.244271012759006 -0.484252116741978 0.218079059133045 -0.463993118696839
0.494480137603898 -0.346901220157476 0.569240945013721 -0.391745887350159
0.556811265046839 -0.542746533977619 0.00181038396078078 -0.132850299087763
0.205442734351897 -0.681055625776034 -0.0573732747634843 -0.0193622469450352
-0.304150436775162 -0.635270319610199 0.0919717550854183 0.156791119263927
-0.64493143922316 -0.251200452675791 0.185888664876342 0.0977844300464278
-0.479157812439945 0.21499913052994 0.201118666386685 -0.0955846408592189
-0.260500157078048 0.37993773825033 0.148045375004251 -0.152400822602448
-0.0802541082888191 0.532804616356904 0.065133790984913 -0.20685349247119
-0.0168625838810307 0.531518734799652 0.0415988349408354 -0.139333089723764
-0.0694856865448078 0.531568402580442 0.0568159739384709 -0.136287108067972
-0.317247636100026 0.416044475484132 0.0967406105559915 -0.036254288836125
-0.517883279901515 0.213581055431008 0.0362402909087342 0.0489546296308455
-0.688508212974722 -0.275380037637363 -0.110374968398441 0.000916239031937546
-0.315089802824979 -0.682220507737009 -0.0693361297950697 -0.186876900686185
0.296560759808647 -0.66767675532787 0.134526297541291 -0.387996539496723
0.651245919740587 -0.506490885084284 0.353774273159457 -0.311456160960659
0.584757632596589 -0.64665364120846 -0.218396652948191 0.0202792306277995
0.178300595146349 -0.797296596595964 -0.127178162298918 0.148479549922986
-0.385344257494922 -0.705457931178261 0.113421262266361 0.201934839876049
-0.738016086210411 -0.254314959839485 0.160682329092897 0.0949508015151543
-0.533869016771316 0.243688931445324 0.102212031891106 -0.0644259683277945
-0.296832935273037 0.41384607311823 0.0506552470425035 -0.0232610101672123
-0.114291488075061 0.573153382249264 0.0217735658727033 -0.025322945146944
-0.0418713967764963 0.560662898313167 0.0289436239049075 0.0499796629856801
-0.0972268688232369 0.550911962350816 0.0210386992379049 0.0550957498601713
-0.352210245304435 0.417448272046926 0.0131916288914486 0.119590320243111
-0.542637433135405 0.198999082181495 -0.0817781657366786 0.129582742677876
-0.710492580196856 -0.293964520920714 -0.189813228565599 0.0293676696078996
-0.335263966601212 -0.714094207808633 -0.113789282275442 -0.147018479352098
0.303637248953726 -0.721357906647862 0.0470358636003343 -0.263258052641264
0.700148242253718 -0.573606930063991 0.110263747714681 -0.179462379526305
0.522292513325139 -0.654297737897264 -0.432795067362513 0.183618217323135
0.127502136260473 -0.779563632000211 -0.195394161626677 0.321797541416462
-0.393458937132734 -0.656510325050052 0.111926734429518 0.233141592864148
-0.698011660828513 -0.216907890099932 0.106044250794528 0.0898600152982468
-0.496690907724845 0.228489511522084 -0.0151883135150034 -0.0119380477755081
-0.284601328623823 0.381839829905044 -0.0548167166319331 0.119665184978113
-0.131101196776032 0.52463420007575 -0.0226326469936914 0.163757774127455
-0.0603572398937703 0.505200770806229 0.0123608653131417 0.231326124367665
-0.114482536021142 0.483663666915383 -0.0171748333567856 0.234215268667317
-0.330916041422783 0.344857622496189 -0.0725985467603301 0.250459593650946
-0.471847721296639 0.136664744428861 -0.190083955746806 0.184248353625888
-0.589775505879569 -0.274164097291622 -0.241649189186677 0.0388663343838116
-0.27253114679397 -0.615387748367519 -0.136515867753711 -0.107281854572939
0.273479595693436 -0.628338212422095 -0.0191491789392631 -0.120651578179234
0.632105858552558 -0.541906298294775 -0.116351037762127 -0.0245209522389644
0.382087804760893 -0.552442399011585 -0.609064807133962 0.319539963305173
0.0643319094871738 -0.618979601812722 -0.258453298216078 0.458841652600179
-0.31372511983883 -0.489338850236495 0.0831604583820266 0.245621725563906
-0.518363805295679 -0.150897221443441 0.0356388696032112 0.0819122219844289
-0.366587084676024 0.163176993738703 -0.124064883128023 0.0462326952557421
-0.223740975385009 0.279135307648768 -0.151361214079066 0.245251611940559
-0.126268605645486 0.391988573593214 -0.0637588889454188 0.331095672234548
-0.0721276596599152 0.371672228621445 -0.0069955107054852 0.378261371223011
-0.116433137020702 0.342444955433906 -0.0520657624171982 0.372685366628327
-0.264001480389962 0.220274158854068 -0.148279398307293 0.333805135567848
-0.328455963433093 0.0503823334959329 -0.268627191430734 0.197355813015175
-0.371866032842726 -0.218363554829093 -0.256203390910634 0.0232519659447572
-0.153757992602229 -0.41932738355275 -0.131571396440944 -0.0822846277393924
0.205327895739741 -0.431028008782348 -0.0560287360678461 0.00669601825406012
0.467816806441722 -0.421621912122366 -0.289015637395794 0.121318803691417
0.181104068536986 -0.361139831137442 -0.721009615383975 0.402100730777816
-0.00920107297185115 -0.353298840192515 -0.304770377478097 0.537306088775346
-0.1815294684842 -0.235854012021559 0.0434770369273922 0.242082533662112
-0.251573902539399 -0.0593702790501094 -0.0206660943995276 0.0694584319695781
-0.173156833505712 0.0683430627572741 -0.199479357398349 0.0887493567966694
-0.125755532343322 0.125928731805742 -0.220185591010483 0.3240893666571
-0.10337320363308 0.193151306695498 -0.0936174164489603 0.446947329255722
-0.0737270104046486 0.181262993513857 -0.0238753129073484 0.468705002462936
-0.103032921601924 0.158117865863727 -0.0820855181076159 0.452418823411051
-0.16387953400984 0.07501364481597 -0.203452108391852 0.360475952223403
-0.155486218278769 -0.0281199968280821 -0.308868039696637 0.173208621137933
-0.134552925184379 -0.129167772283276 -0.23768531974529 -0.00807926222020193
-0.0397804939831396 -0.185447236974537 -0.109716706300588 -0.0704988097786004
0.104787589830452 -0.200930285755254 -0.0657423537134791 0.0998554825565888
0.243297180360616 -0.253767400363622 -0.390440862503274 0.240070423898503
0.0669686607761926 0.0408588369127071 0.373898602737009 -0.412175115830621
0.0389346632766352 -0.0317227137439336 0.0471189916231089 -0.259736911089977
-0.045097295537348 -0.0567987170141434 0.0418420778140772 0.0587265442745913
-0.089191661979996 0.00704715240923276 0.193495317900461 0.0466789034498044
-0.0187816784744642 0.078920764716846 0.300018431421923 -0.128204982452561
0.0325549089648745 0.0595104625845322 0.240921434434433 -0.360192673968234
0.0689107503837516 0.038114889645061 0.0776899742855826 -0.479092873859711
0.0604453789691249 0.0306159167360761 0.0107651265215065 -0.483250196848309
0.0584037329482073 0.031178061598277 0.0657618749706101 -0.481084518303673
0.0317281181004051 0.0412144926021082 0.176757480327213 -0.362667995974084
-0.0172688810852684 0.0461028439880394 0.224408296660164 -0.159689425764057
-0.0385900324338487 -0.0098791877906494 0.0777382560278413 -0.0866314632938066
0.0308234917379402 -0.0230280300676449 0.0295314165019347 -0.214733144741836
0.042996235613731 0.0673662861297885 0.273132708798066 -0.456233880043707
-0.0122901828416121 0.111720744288496 0.751276731010597 -0.399945272722952
0.260417841088975 -0.185406701410213 0.311763008602774 -0.360944686624666
0.111189943811553 -0.265120740845734 0.030785097001402 -0.226207377948741
-0.131436858912268 -0.269692699018183 0.0504304410222854 0.077627775178456
-0.294800299300603 -0.0899393731166379 0.190431828419647 0.06876936558343
-0.189501187756211 0.134308198507788 0.288665298401847 -0.122284245919193
-0.0708204564824118 0.192480885811719 0.237081299932758 -0.326792099702518
0.0337002244639511 0.241729365647614 0.0818242040916319 -0.442948925070883
0.0565293544088114 0.241388926842057 0.0219934021005941 -0.426641890586648
0.0312321278194513 0.2485216144044 0.0697418317555094 -0.428070486566928
-0.0931016218316706 0.2140319232611 0.179762234979556 -0.301656718659536
-0.216087842921928 0.136723590819089 0.201719347987239 -0.111063207089898
-0.310439846106313 -0.0994798131431966 0.0376383637370201 -0.0602261011167645
-0.1164611742199 -0.283056472455867 0.0104486098161051 -0.220822529441591
0.138488876220703 -0.228460997744508 0.247394615074257 -0.490368650525773
0.244682177134632 -0.142364971042622 0.690246688253663 -0.443272194679842
0.420620482676187 -0.399163285197279 0.180993014229691 -0.266012633883145
0.157972342099168 -0.489195025860655 -0.00491061383749583 -0.147980572742221
-0.23006518120744 -0.462640448752306 0.0724680431213418 0.109282159289466
-0.489477433654289 -0.167051671471656 0.192750893454438 0.0817613504228086
-0.342171602583454 0.187004139489646 0.253681325318895 -0.117545909833461
-0.163898306748216 0.308290483347893 0.202018263299519 -0.261646623659924
-0.00483541221347873 0.41327067958864 0.0718832351247599 -0.347601644149774
0.0444176038630661 0.416282659619135 0.0301450303444088 -0.306877253642789
-0.000637547755754649 0.425456748527488 0.0634449781307165 -0.305292416791471
-0.206043091969255 0.352330811622458 0.149481384724443 -0.188829343421933
-0.388746954735562 0.207428479448615 0.136752898775035 -0.0391036961871927
-0.547427035268187 -0.177543648424412 -0.0289576987844819 -0.0276957168679416
-0.253433380048085 -0.509110507204727 -0.0291094728784053 -0.213198710396069
0.213846288431148 -0.494157179861757 0.189502629999079 -0.472650365308475
0.466494645383716 -0.374542419033188 0.54129389568556 -0.419173064241523
0.519032065829274 -0.569055358491989 -0.000357979780839092 -0.131710517075358
0.162559862475599 -0.683239101414885 -0.0547627406305193 -0.018486274999692
-0.339933644946883 -0.61037120300718 0.102951796649224 0.150715044395837
-0.659124338442204 -0.206408521343235 0.191266626358387 0.0862722324644392
-0.462012783183055 0.240345113253742 0.188177232704698 -0.103732832562047
-0.233942489681642 0.394093292506002 0.137364446150408 -0.160997254725147
-0.0438787020662666 0.530434390714961 0.0503333758205426 -0.199881943330044
0.0226982992280023 0.527080819490969 0.0343318149511298 -0.139288270350482
-0.0345119232613146 0.531434349971289 0.0466392526436377 -0.133937208995508
-0.288184725422011 0.433787132216613 0.0933712491457176 -0.0410353918191309
-0.50108632651687 0.243178509877807 0.0393781999966974 0.0487017264738901
-0.702982100392057 -0.225952176681819 -0.108787032832236 0.00928260064664781
-0.352864254705167 -0.655725163918569 -0.0784083999048326 -0.184177126168596
0.254488348982841 -0.680318747436495 0.110611766569889 -0.394263748847241
0.612156054784204 -0.54123444921125 0.331627872708766 -0.326219382886163
0.542082475916944 -0.67506914507005 -0.210256294784874 0.0328644435852757
0.131294289543879 -0.799414674175032 -0.111471827481277 0.15121923643837
-0.424119752525455 -0.676519843399619 0.12742807464451 0.193930072170632
-0.752519956654818 -0.201639698016129 0.167037138095901 0.0853821549926313
-0.516274941339935 0.273270577518669 0.0922784531054364 -0.0669070911366858
-0.268509258497739 0.430188972341178 0.0506084436348795 -0.0274018935846455
-0.0727569418939233 0.572288664565328 0.0194221326180527 -0.0188221697676203
0.00139580655743087 0.558324145373615 0.0326787468212055 0.0483045239296364
-0.0619314342210446 0.552731555798257 0.0239839452605353 0.0561933776423005
-0.322077118575583 0.436617919384431 0.0204914888814361 0.116799240542569
-0.526768333071529 0.23067834412473 -0.0724149619165131 0.136334631684894
-0.725726920494667 -0.243457330329731 -0.185678665179012 0.0430178646362739
-0.374405064589603 -0.686689869249109 -0.120335539256528 -0.140900889721238
0.26018903259546 -0.732463747644868 0.0323260401655554 -0.266642808921287
0.654990296319199 -0.612126731718718 0.0963930665221304 -0.181909357544385
0.482003983966669 -0.680005111499965 -0.415846511610787 0.205164690705414
0.0806354664183557 -0.781697888541637 -0.168692055726725 0.326949399801031
-0.429626981182734 -0.62851613107352 0.128935910730235 0.226126453213503
-0.711576178531103 -0.168152995575289 0.113065450305281 0.0828430199258953
-0.479822066563573 0.256080477735331 -0.0194130087094109 -0.00764397257774556
-0.25800396680357 0.397178379106567 -0.04353552494443 0.120176323556763
-0.090775807851926 0.527748840488215 -0.01229579867262 0.170201556904648
-0.0221962693141054 0.503675278501041 0.0272686136712694 0.228516557407999
-0.0823928985496655 0.486402376650177 -0.00194051231175035 0.234273786522722
-0.306573471409686 0.363931460757497 -0.0558245386962621 0.252512704708673
-0.460659099897456 0.16353321371383 -0.175967277174751 0.197613812915844
-0.604702365464891 -0.231459094067044 -0.237008830570913 0.0565521839062114
-0.307714604377586 -0.590633034138613 -0.139985835020941 -0.0995972815130228
0.233744635179928 -0.6373358902815 -0.0251753473593696 -0.120840781406173
0.59006877172667 -0.573626306691456 -0.119061470049494 -0.0159690737420025
0.345446580950007 -0.571417843186251 -0.58473593808869 0.350783522787694
0.0273587644729754 -0.619076201329973 -0.223825059619083 0.466773052521491
-0.340669900357841 -0.467397097473122 0.101440976648511 0.239806793777119
-0.528064019913232 -0.115018576525172 0.0436680275038684 0.0789191768521975
-0.355204534248326 0.183407587803572 -0.123035961872438 0.0555601899226269
-0.203952892269585 0.290100833949921 -0.130538879086835 0.250209428399816
-0.0958738652857246 0.396459031606334 -0.0411627924818259 0.335019642710643
-0.0432006729094462 0.373500083832099 0.0171058079714868 0.375275765249377
-0.0934098258709107 0.34693242703386 -0.0282255610081622 0.371606986122107
-0.246954691573533 0.236638229515247 -0.12438516068427 0.337642298138815
-0.324424438543324 0.0700064365760489 -0.253346647295594 0.214978730533409
-0.383359062928467 -0.18820606735416 -0.252119967261849 0.0414229575772928
-0.178247098407458 -0.403632050197849 -0.134830140509386 -0.0735207043549573
0.176869928886901 -0.439803938963594 -0.0545987155261042 0.00721443939215639
0.434873335358557 -0.445635407117637 -0.283165604030744 0.138257526256155
0.157901974788102 -0.369599531423216 -0.69248846418727 0.438985410092239
-0.0305963654172686 -0.352615444917216 -0.267570439669558 0.54980916815688
-0.19515641468031 -0.225115159740761 0.0613846679125538 0.238388536408922
-0.255146978148105 -0.0412679917900978 -0.0136576327741179 0.0691581903550501
-0.168674341389092 0.0776889332809354 -0.193388582818035 0.10103072353837
-0.117004682847562 0.131844743171892 -0.193905110310397 0.334251192091439
-0.0861859099446531 0.198179147610034 -0.0644740131465065 0.447854917653451
-0.0580102630980712 0.184915489041079 0.00456832124715639 0.463929906662955
-0.0916666854245073 0.163964142439468 -0.0514557255725961 0.451223932810925
-0.15703668097292 0.0872644597040397 -0.177182554977977 0.366552385093423
-0.157464712364909 -0.017408402243258 -0.294232839033626 0.191672297945778
-0.142282785803682 -0.116187861847133 -0.236117648766488 0.00780969778886535
-0.0516466226155665 -0.17918025622173 -0.112857800460521 -0.0614662328879965
0.0889778074990853 -0.205332411789935 -0.0580080099920118 0.100732569095975
0.222857930274189 -0.266131707100642 -0.375533806143571 0.261140113272187
0.066817068875282 0.0397184067132781 0.350838939717213 -0.415818441138119
0.0390374877606693 -0.0303183129335631 0.0346868960838827 -0.251095331925676
-0.0450964031782022 -0.0520751061460021 0.0439773355315044 0.0562516546852666
-0.0875735259176727 0.010659107693225 0.189268607632942 0.03696377793199
-0.0149514879593197 0.0761018711635094 0.284874116856216 -0.137622243309608
0.033730270936843 0.0574798793523911 0.216311073789208 -0.35814116281908
0.0664382693353996 0.0348118154828822 0.0552122748812622 -0.464914056336592
0.0596954902568646 0.0260312936844053 -0.00918950436190444 -0.467780864474687
0.0570765868445771 0.0268371392183363 0.0429139984062422 -0.466330815771798
0.0323120558945369 0.0372476835178338 0.156004280723219 -0.355964689175763
-0.0142618197466941 0.0446491562867032 0.210361211624519 -0.164432830600212
-0.0363490495934931 -0.00880509069068858 0.0708567066578791 -0.087241334246764
0.0301798506721499 -0.0241111520018199 0.0196246938732867 -0.210441664111647
0.0450613182295153 0.0641989233392944 0.248085612413808 -0.451815568279404
-0.00856760080909907 0.10849205663699 0.717358931422686 -0.415754354648711
0.245062917349299 -0.187778839045972 0.293515380403104 -0.361622847409794
0.0996239272884663 -0.258074659420344 0.0217710611579858 -0.220567722536544
-0.138341066468629 -0.255067853769654 0.0539128342793206 0.0744669303952661
-0.291573973869295 -0.0731739316259003 0.187276439519696 0.0590189569398395
-0.17984901181481 0.136415947667775 0.274070399862962 -0.128520904951609
-0.0606781311331516 0.190845533118576 0.215303093773018 -0.326024620859184
0.0425555015849075 0.23163149185806 0.0612449085710996 -0.426866816635944
0.0675159850681644 0.230331703363082 0.00453126771824285 -0.414037641169518
0.0411287491776864 0.239194230911626 0.0491860614271825 -0.414310302920499
-0.0815829093173609 0.210697223992069 0.160959191447308 -0.297415714774393
-0.203868602813256 0.141432103289137 0.191592159049146 -0.11567533211782
-0.305696695158213 -0.0830467789737696 0.0338261982919516 -0.0596108569259033
-0.123133257127042 -0.270311325551291 0.00169135515287691 -0.216992535984182
0.126494220652889 -0.226686856054888 0.223562448368828 -0.484506251341675
0.229903605836286 -0.148010148303313 0.655596790725384 -0.45542704945846
0.391467870981509 -0.400188986570232 0.170742165678244 -0.26642485562073
0.135064558797323 -0.478394369329856 -0.00901272864922914 -0.145030811210579
-0.24302966235753 -0.438262749942977 0.0772396521811928 0.103221685788159
-0.484446308535225 -0.137966884239709 0.19187037022621 0.0718721892741739
-0.327210517674463 0.193947503453833 0.239307516263344 -0.121184484582989
-0.146562652425587 0.307761524677824 0.184137317624757 -0.263035927825672
0.0140503618209176 0.399271595811513 0.0565702091563766 -0.332835827667328
0.0644433009900118 0.399996117586654 0.0179011512200773 -0.297165735324884
0.0170883338551747 0.413284750057215 0.0487059603092861 -0.295251280022694
-0.185728998918569 0.351019209941261 0.136072478655656 -0.186294328325315
-0.369140139450045 0.216952139684168 0.131604340545384 -0.042315384306206
-0.539448045311409 -0.146522889634833 -0.0291320805644599 -0.0246907255166401
-0.26602433066702 -0.484714494971653 -0.0363290853247841 -0.208712861739715
0.188599541757516 -0.487393192092562 0.167264882416112 -0.465709403284189
0.435179752052777 -0.380851304209125 0.509753046195303 -0.425207353131992
0.481158912834917 -0.571516911594354 -0.000162285890807632 -0.129225732621366
0.132507479956608 -0.669396337261643 -0.0508904052961275 -0.0188588483562862
-0.356510305749533 -0.577066794436261 0.109593322753869 0.142150966158267
-0.652213367372133 -0.168778562931504 0.19102571179804 0.0765429345311904
-0.44178392096183 0.251629708676427 0.176067581553208 -0.104818602277114
-0.212364691339808 0.393620084641361 0.127157161833503 -0.163453388108736
-0.015113134549327 0.513839400578602 0.0414135247213242 -0.188206411524738
0.0513045283080609 0.509331560652541 0.0294250398479473 -0.136025154387135
-0.00843855533701585 0.517971451295524 0.0396160689591185 -0.128767944133445
-0.260758911103096 0.432837833337628 0.0883541195645891 -0.0419205963864827
-0.478647492922345 0.256653002736698 0.0405622427320953 0.0483906201896308
-0.69338086007547 -0.188124006814644 -0.105152140792678 0.0153105428790409
-0.368208775838028 -0.624628125121898 -0.0826497138552831 -0.1787255785472
0.222213005289679 -0.668829999390047 0.0939213488310391 -0.389746027008093
0.568526712466585 -0.549100645539616 0.309424296305949 -0.327126623120901
0.50158448610954 -0.67535943190426 -0.198579132092674 0.0384526386438354
0.0959176381739423 -0.780536032325806 -0.0985952885847965 0.146789879979482
-0.440811353995737 -0.639110923014775 0.136121443371093 0.183019277608001
-0.741485857112079 -0.1584605551003 0.168615498077549 0.0762628275427792
-0.492737645034364 0.285065524542279 0.0845940281618154 -0.0641817467740123
-0.243389170979182 0.430104384169849 0.0498383785148076 -0.0307913030178162
-0.0411883098994656 0.556503108624361 0.0198844969529043 -0.0115480472720761
0.031549715162557 0.540176352994373 0.0352067291713696 0.0464600111247354
-0.0353783601601977 0.537711270857226 0.025190473488703 0.0560600933065294
-0.294472654047043 0.438853822237082 0.0249176981798912 0.113684373780804
-0.504832824631446 0.245755501535014 -0.0639075147416535 0.13816086888844
-0.715847488891902 -0.201465391692512 -0.177624150448113 0.0514656693181821
-0.392393663001339 -0.649431416636132 -0.121443283328475 -0.135007481743815
0.223555913949998 -0.718967357449239 0.0215476366991929 -0.262112555710186
0.606564936862226 -0.617295960157389 0.0855386449978853 -0.177410466255705
0.440275574197232 -0.67689757116201 -0.392138390474593 0.214670215009451
0.0488660560466985 -0.762625798498811 -0.147518271873225 0.319568944104488
-0.444204950072326 -0.593314069836738 0.138293949130659 0.214745487607681
-0.701709770950674 -0.129408360846015 0.11623090078239 0.0766873324027954
-0.459300368263967 0.268169143636233 -0.0212136861915316 -0.0022631385474138
-0.234592409182622 0.397492137824092 -0.0341096428878598 0.116293810313228
-0.0610614141871426 0.513292693366285 -0.00281048601631622 0.171283509928303
0.00648088663531596 0.489249489716298 0.0364229839949982 0.220939813834606
-0.0578715190347746 0.475814867150743 0.0082296181671007 0.227928720874569
-0.281852308637294 0.366832823967569 -0.0436937537393962 0.246244729087854
-0.442648319328556 0.178085244731276 -0.161914423805438 0.202027518217406
-0.597139299240858 -0.193521707415759 -0.227941221739128 0.0664851033738202
-0.321446565166843 -0.558200211518119 -0.139028122360775 -0.0931998708228713
0.201164412100968 -0.628266982101702 -0.029169494225337 -0.119742264069454
0.545157262527505 -0.579857130986404 -0.119415837534829 -0.00864896946583379
0.315353057635499 -0.568960553077422 -0.552846583557871 0.360336569179378
0.00215611813440581 -0.604813993761626 -0.195577102330532 0.458597650436117
-0.351928652639251 -0.442325989529591 0.112393337202604 0.229097811935863
-0.522382301061421 -0.0867745545196419 0.0484910490078889 0.0753165667924916
-0.340413117565302 0.192229091572927 -0.118643933327662 0.0623545340396419
-0.185903592490278 0.290712184340999 -0.11297343020756 0.245981851623235
-0.0723783697846551 0.386879883098018 -0.0243856136129534 0.329726134320134
-0.0204786832939993 0.363884790973266 0.0327137316036575 0.362085277605886
-0.074591836020219 0.342143923880873 -0.0114210627258334 0.360867143844242
-0.22924336021757 0.241016075278816 -0.106898675621741 0.330670529394467
-0.314772564054307 0.0818809742730735 -0.234660722485742 0.22130048609674
-0.37992177107642 -0.162157776506938 -0.243934952207748 0.0518727360269636
-0.189029248559582 -0.382926161337545 -0.133656542052893 -0.0668254666373031
0.153121312703143 -0.432570756232529 -0.0518532444405635 0.00639491536948124
0.399972730089704 -0.448898643174847 -0.272831811270898 0.146824850489616
0.13892397896419 -0.366873815119313 -0.657832490397118 0.450227479138629
-0.0433170272693422 -0.343417915055282 -0.236396624691768 0.541373581494885
-0.19895302691071 -0.213152072951089 0.0721936515111518 0.229379674333263
-0.251240156532193 -0.0279317704746983 -0.00838174304545206 0.0676868977124731
-0.16171116007497 0.0820779439714558 -0.18462576485287 0.107270598707703
-0.107761515318562 0.133045059886383 -0.171120290024229 0.330014167644816
-0.0719947993102902 0.195730493684354 -0.0416235524912672 0.43659043709678
-0.0457286418341604 0.182984381241536 0.0240876685091702 0.449311541167954
-0.0803667374987899 0.163871856198242 -0.0307737479607042 0.436963537946455
-0.147020241667042 0.0927430787848128 -0.155598508850924 0.360403571418231
-0.1557965251071 -0.0102806911616676 -0.276217886970287 0.200626990188325
-0.142638062928058 -0.103535796126789 -0.228552249927684 0.0188577802692258
-0.0585900447880654 -0.170566135191971 -0.111739161790635 -0.0539689918275826
0.0774535489127379 -0.20215561489546 -0.0518535493469508 0.0968268596836092
0.202954914957725 -0.266829884458596 -0.357183963102269 0.268295147769059
0.0654644216806816 0.0392567805983637 0.339210485529038 -0.411436127478929
0.040926089440286 -0.0285252980900969 0.030722952221163 -0.243164398603219
-0.0430597273654047 -0.0486240560268507 0.0457388880198164 0.0550441718166867
-0.0855701528854818 0.0115828328291301 0.184754005118376 0.0319912383755208
-0.0141437709300749 0.0731410849680081 0.275357001683663 -0.138567043524012
0.0338643835864613 0.0561143986726074 0.203846082711326 -0.35095337034666
0.0636192022629792 0.0332938133631794 0.0460213194255076 -0.450670259333183
0.0581705787769758 0.0234329333927265 -0.0163455455321089 -0.454780612723838
0.0555321589007573 0.0242995013549857 0.0335749428648702 -0.453449783883723
0.0307251852633531 0.035021245196484 0.14651396177956 -0.346332226184987
-0.0118350651533892 0.0431233007107196 0.202869027392163 -0.163905599028624
-0.0352488230125606 -0.00938442796246197 0.0674065753620179 -0.0855961168530908
0.0304290463800997 -0.0238405014302432 0.0161808196745814 -0.206646490424738
0.0458897052176721 0.0630418550765899 0.236586786992953 -0.442996174045057
-0.00816932970220724 0.10580481165726 0.696864213274012 -0.411307755730807
0.236765337375971 -0.1844288269294 0.284215208120166 -0.359223665695559
0.0964820591067463 -0.250381160216979 0.0194629540775325 -0.214695894711049
-0.138195271353466 -0.244923508140138 0.0563199381204895 0.071523254046584
-0.286029690235394 -0.0653014874145079 0.184010915004459 0.0541070898377499
-0.175147469216538 0.134562925899767 0.264716044429472 -0.127890942868591
-0.0562949850976027 0.188001804974631 0.202879047896083 -0.321562462684823
0.0454138723122877 0.224294363912886 0.0539631861240046 -0.412461240743357
0.071232217798665 0.221599307140434 -0.00046258266080097 -0.402711714104562
0.0439284405241186 0.232291611943718 0.0415317187349154 -0.40159066083942
-0.0772772986009697 0.206468072185252 0.153104594190753 -0.288900388403518
-0.197308085805358 0.140521808440285 0.185260746667556 -0.115242882655288
-0.300259283082215 -0.0759467007541978 0.032352206995047 -0.0582465841814482
-0.12382692156424 -0.262949858485293 -0.00119206579579345 -0.214470696958797
0.121444531011689 -0.222562126687934 0.212500375486375 -0.474086536518852
0.219764022986034 -0.146518772750921 0.636194187952758 -0.447488991538115
0.375894609678275 -0.392903789625973 0.168679876529309 -0.263125935296858
0.126214987427046 -0.465965083729208 -0.00862993419433293 -0.142668722099778
-0.241784228366762 -0.421401882210958 0.0796470195744885 0.0990678486517998
-0.477188587292291 -0.124448426416348 0.189191459975113 0.0673451244726323
-0.318575530316064 0.193712749815656 0.231260370589883 -0.119470898461646
-0.137691688696263 0.303193714914303 0.17480148881484 -0.260650685604707
0.0216882378454936 0.387143477298216 0.0522111333332416 -0.319749969407095
0.0730739662652496 0.387058825801879 0.0145985445707512 -0.288802635680836
0.0245386187963912 0.401905341544926 0.042497226314963 -0.284312794141394
-0.176105514259762 0.345846435553092 0.130168835853273 -0.182038088524378
-0.358037603991917 0.217189549396185 0.128460979960896 -0.0413527864251626
-0.529637711337471 -0.133257580078252 -0.0281833935577578 -0.0227094744232368
-0.266025216447775 -0.469828072099319 -0.0379074265384713 -0.2067238600001
0.179353015314811 -0.478846495163139 0.157537915105275 -0.458127244319553
0.41572316554496 -0.377126495068103 0.494993518904158 -0.416522336876483
0.461273985945766 -0.562253744629548 0.00312857386905734 -0.127703595542218
0.120562833546012 -0.651631911688435 -0.0477058750286263 -0.0212892278152624
-0.356654090766155 -0.556971065735598 0.112801183001443 0.136467536030567
-0.641800111978397 -0.148951887931437 0.189959265403116 0.0721139019852083
-0.430060534951585 0.251668099025401 0.170211514809328 -0.100717936290906
-0.200851702144019 0.388816208830753 0.122244188865839 -0.163673817721819
-0.00504511790163488 0.498228207535493 0.0408720196783714 -0.177518065667427
0.0644144077306083 0.493700584991283 0.0275125693723882 -0.132411590180466
0.0017608505934796 0.504706913294467 0.0366725302981534 -0.122423612284525
-0.248597946666893 0.426716292916904 0.085395023577967 -0.0402977752835162
-0.465441860812949 0.258253480227543 0.0422382452872965 0.0484702058166525
-0.680484822279877 -0.168355756815599 -0.101389672818476 0.018284651193374
-0.368467531247064 -0.603525251882392 -0.0826750400045015 -0.176977866810933
0.207755169352025 -0.654305883168001 0.0876114401594566 -0.381394720273272
0.543677753420615 -0.540975722242478 0.29838171189173 -0.318351853269378
0.478235023911341 -0.663717419521339 -0.188438284093707 0.038693840364255
0.083393101428081 -0.761950412670599 -0.091743635167963 0.140395720258008
-0.440366106771478 -0.617461831326181 0.1395599444748 0.176303951597729
-0.731533242617021 -0.13854634912099 0.168855444772818 0.0728988962947527
-0.479808739234278 0.286372473611238 0.0820123024952345 -0.0596058644973789
-0.230318113040809 0.424823443102134 0.0492256638828027 -0.0337481049809881
-0.0279639931932482 0.541542762152642 0.0238408316698128 -0.0058441208542153
0.045377011729207 0.52535921186446 0.0364811733662794 0.0454646961326639
-0.0241727588658241 0.526801355717468 0.0263446114513862 0.0565731357834426
-0.280623020328965 0.43342650531351 0.0257214174197336 0.111338072441062
-0.491720298695857 0.246942351868613 -0.058428170687599 0.138703416511897
-0.704472543358428 -0.182891167025373 -0.17197549019189 0.0553197948908936
-0.391778687599648 -0.62971568395836 -0.12065358344727 -0.132925303521997
0.210084755404402 -0.704639220267762 0.0187248423531886 -0.259124606151486
0.579792356966386 -0.609782036869526 0.0796796710674994 -0.171272266379624
0.419150201678586 -0.667480012130845 -0.376632591652777 0.213595261726309
0.0358831669079027 -0.745167419972295 -0.137231917802245 0.309670806427051
-0.445608509133553 -0.574533809279268 0.143256374170993 0.206959010854476
-0.691633021000392 -0.110996081863208 0.118391084321154 0.0738947847481
-0.448080791309544 0.269034097309954 -0.0200578094057515 0.00208020288540109
-0.222098821633495 0.392758960706584 -0.0293360584161716 0.110482824863881
-0.0475001786878224 0.498853838969243 0.00357584696572124 0.171544671992393
0.020905119732379 0.476298122083752 0.039841588210902 0.214766386083827
-0.0462452850364895 0.464662325994696 0.0113488453929137 0.223605230923052
-0.268732088603846 0.36317582636545 -0.0387277051258261 0.240941511154216
-0.432102834228738 0.182303149940678 -0.152246355476215 0.201568095620753
-0.586098413262145 -0.176043881042251 -0.220104407896781 0.0698662517209119
-0.321448257612026 -0.540875631517441 -0.137905982017471 -0.0906699868150452
0.188409746306264 -0.613413252642849 -0.029901756842026 -0.119377996721203
0.520833825885941 -0.571261703705233 -0.119532905768766 -0.0045806129165172
0.298298402586548 -0.559903217762689 -0.534504784765417 0.358176851150291
-0.00716131711101435 -0.592047223313469 -0.183739157433275 0.446084839355318
-0.350603447040222 -0.429915236054128 0.115816443604444 0.221925084528744
-0.513145242005343 -0.0729777470526086 0.0517645955911393 0.0730884456093475
-0.331166842242995 0.192852037474515 -0.114295427299321 0.0657072581171822
-0.17635356944434 0.287805674717803 -0.102934674220304 0.238846577654993
-0.0597976005699178 0.376629626989376 -0.0153124202366066 0.324877510750372
-0.00946686985044354 0.354734554689865 0.0370500676320189 0.35229480796707
-0.0645221240448896 0.33526492796948 -0.00567195463058172 0.35116388127112
-0.21903009279316 0.23957682154035 -0.0999254365407904 0.323418351869535
-0.307447529514345 0.0850089058788694 -0.22428887638302 0.221501293110022
-0.373524241024515 -0.148706356514209 -0.235414404773618 0.0560059480050807
-0.190747002412518 -0.369167101439621 -0.131152972104024 -0.0643673715571991
0.143669911893138 -0.423241140272635 -0.0507417413786111 0.00305808938084355
0.380944585026802 -0.442708460454786 -0.267343112464725 0.148592742774264
0.129433528509531 -0.359892303400727 -0.635894747564774 0.445396003992578
-0.0478543231076449 -0.336560582538507 -0.22282069355026 0.527855833177026
-0.198871750691359 -0.208851251918628 0.0761195281556621 0.222675504675478
-0.247633548819452 -0.0214366848075715 -0.00469967397693651 0.0657548373336101
-0.157643138530412 0.0830100217324558 -0.178247802479532 0.108886553315149
-0.103423499389102 0.131401701389455 -0.158847223554729 0.322870187828156
-0.0639596759909758 0.191013645639589 -0.0318695165808114 0.427847054974036
-0.0389321426921751 0.179211600712331 0.0288590711730701 0.437127490859956
-0.0739466625313869 0.161593204704261 -0.0236655385509397 0.42395133607409
-0.141192917747575 0.0936115850034149 -0.146592803281597 0.352185963492615
-0.153312566520353 -0.00620547610283161 -0.264335519054449 0.201403134764246
-0.140989629384537 -0.0954143466878776 -0.222636333815734 0.0231700068139652
-0.0598635688395974 -0.163543265618823 -0.110320982288763 -0.0510818340171306
0.071253110260055 -0.197755213493095 -0.0496997364875278 0.0915489066539336
0.192197084943474 -0.263052836854512 -0.349373885714609 0.268085219651079
0.0713693036731697 0.0252275890725303 0.267150356724866 -0.479948494794683
0.0340425555741923 -0.0355365194962745 -0.0102362330117961 -0.248010930515695
-0.0479584693710384 -0.0368969014312288 0.059970843788113 0.0407534502079906
-0.0759314511194547 0.0272346692837929 0.186547057230289 -0.00918900502837034
-0.000434371975260833 0.0675847649680051 0.242477209486363 -0.189227925425419
0.0387737003782261 0.0450018608693517 0.133577125866844 -0.381990644892101
0.0647626911669852 0.0168493501808034 -0.0357941359530011 -0.443543288064812
0.0576390134695938 0.0103575822404848 -0.0994956564846166 -0.443726508572706
0.0563456055452813 0.00909444037605896 -0.0538685040660978 -0.458019862034408
0.0373427629256901 0.0238396644528675 0.0770834444810228 -0.376355465830624
-0.000684327063355871 0.0406093077820795 0.16861966376467 -0.204759098762236
-0.0337621808421526 -0.00402337309139307 0.0494260695030174 -0.100193660274022
0.0272180069167457 -0.0307292928716276 -0.025196343385241 -0.211132957308483
0.0656897735608097 0.0512492715386579 0.14289498583425 -0.495186207886734
0.0228477850944064 0.105245565190909 0.623411885247163 -0.550968795944634
0.192299464736586 -0.215438336113468 0.241465900263781 -0.42027771130205
0.0439220118589156 -0.256286354795622 -0.00641993984579663 -0.223680427516161
-0.176029005282122 -0.203056503398594 0.081323262050109 0.038783317515607
-0.282272256368244 -0.00187867606585324 0.190066358706255 -0.00476969638718965
-0.142854859834622 0.157768088872432 0.222801038072048 -0.180839537355579
-0.0233573717572483 0.189077471649232 0.129190497882101 -0.352611065252241
0.0865381596039417 0.200795111785003 -0.0348613512254917 -0.405018263131983
0.106388475764359 0.198414026251632 -0.075600911115994 -0.394548028667509
0.0837596807278028 0.21060806992189 -0.0355673273521755 -0.409461130199065
-0.0359915517640912 0.209907370727612 0.0942531998063477 -0.325310781591439
-0.16029341407762 0.166141398586207 0.160785676466891 -0.156278675165335
-0.300534809890967 -0.0179142870373893 0.0248948218142036 -0.0711587800005179
-0.163192949879826 -0.230254273111566 -0.0325635621687788 -0.220770247069116
0.0836181057390264 -0.24214716561366 0.117070547894076 -0.507172820149342
0.196503885737895 -0.185974076341001 0.551439363916108 -0.55437475990186
0.286351277413368 -0.4378419121527 0.157840262504345 -0.303281845818677
0.032027330130394 -0.466303547944124 -0.0113277219410606 -0.153040948676709
-0.310279486370161 -0.350273698275941 0.117528785568498 0.0453116138249437
-0.474976456950547 -0.0168390487315462 0.197487390785064 -0.00932667243004282
-0.269428661465443 0.242837873892443 0.182687894720472 -0.168495748754108
-0.0800342028069558 0.314412184179351 0.10547266122799 -0.287555119928858
0.099045397031831 0.359842121396584 -0.0317858084942015 -0.310421927133219
0.139398285121141 0.356493023368823 -0.0402881518562902 -0.285942740970562
0.0963486857845656 0.377626921639916 -0.0111352083304857 -0.294529645079635
-0.106025876542589 0.364278773604833 0.0929717778815927 -0.217623531693929
-0.30081542435598 0.267576495899532 0.118727225122083 -0.0736695497510338
-0.532709936820967 -0.0296523764197151 -0.0239403664231809 -0.0281509913069726
-0.338099886340058 -0.400395040892506 -0.057212622686522 -0.209773579088483
0.0871794454693282 -0.502070365173525 0.0716612037383724 -0.467547402374632
0.342091973229099 -0.449712104219667 0.412830121512022 -0.480307903719206
0.33564233164533 -0.61258226572479 0.0281817250367118 -0.137006777708447
-0.0104353320043047 -0.641764979859005 -0.0207318403000136 -0.0301347685031459
-0.4454730719717 -0.455799388156949 0.160836454811957 0.0619677091040573
-0.637461179049047 -0.00489940341950815 0.196909928124693 -0.0178195115861147
-0.366141931028952 0.321059993055249 0.118009714216381 -0.140671885901653
-0.122421255269715 0.411034409391826 0.0644599143716507 -0.183044410606901
0.0980718312116128 0.47123997757195 -0.0258399392788671 -0.168377913917587
0.150006432884949 0.461445662857913 0.00176588122646636 -0.133657668818731
0.0934809901137337 0.482749166359697 0.0151774613595835 -0.134615936211245
-0.16177139914942 0.458738164604197 0.076710225951248 -0.0692752563699387
-0.398677414819819 0.326759543675275 0.0505763746264415 0.0332438932899458
-0.686655495700664 -0.0364186183900957 -0.0861976642335441 0.0264259382868834
-0.461888227096844 -0.509504697203742 -0.0896196689655178 -0.173392183291147
0.080777062612922 -0.681197548234465 0.0188370445204663 -0.368479573418318
0.432390400155492 -0.633324569926989 0.231804137621678 -0.332054716455076
0.332288488491605 -0.712285683763031 -0.130166646991745 0.0662125111152417
-0.0662846029606233 -0.739643960115017 -0.0318200264956001 0.136048330358605
-0.539032645637404 -0.498086325533769 0.19570245846496 0.088339775567655
-0.721089667342255 0.0241119911836661 0.173059271647684 -0.0197227373830587
-0.408915111322103 0.365390895781731 0.034403186698334 -0.0834738901397829
-0.143036133847101 0.451865160049325 0.0152707360982424 -0.0417117826614018
0.0871069169047763 0.517056442522349 -0.0161760191748104 0.00268518743626675
0.140167765500123 0.495044268513322 0.0431218260336578 0.0393240713952132
0.0744487234103104 0.509119653777219 0.0391369090562946 0.0460054181327243
-0.192829723436285 0.47224404202965 0.0469923959202764 0.0943393621622237
-0.426114468915561 0.321336705865265 -0.0315206102072611 0.143444157467675
-0.712906049982223 -0.0424133368480837 -0.148396519026582 0.0773665775730807
-0.488550294008076 -0.528068273467343 -0.117433308326357 -0.121489886279417
0.0681230364269051 -0.728454010913258 -0.0239885976181036 -0.227101494397506
0.45092889204754 -0.707750466839769 0.0392673633722935 -0.135764961623539
0.276114988103188 -0.703995653111902 -0.291193572805183 0.278373337110636
-0.108959861840382 -0.716918168912062 -0.0493635516995354 0.314823408462936
-0.534681951123608 -0.459084075323875 0.20137351179137 0.121078620631172
-0.678318503110884 0.0421553814138463 0.122215997031454 -0.00517474200855825
-0.379793868574104 0.345230813302843 -0.052833558663606 -0.00150791413765279
-0.140802754152215 0.419910089846944 -0.0339828249799682 0.115410225890438
0.0607357717152607 0.482279536278003 -0.000143633286354663 0.177943228750466
0.108146465593219 0.453501636390442 0.0781067540322628 0.204455748289093
0.040829943406115 0.455050415827372 0.0567040792478127 0.215858259661231
-0.194448703147452 0.402518562623399 0.00805454094916607 0.239052736864591
-0.382293410062122 0.250672942869286 -0.111985428461439 0.227306338476638
-0.597650325099282 -0.0602321444760184 -0.19600675874554 0.105242348116449
-0.407207503703789 -0.456910802650226 -0.130761854873177 -0.0728499723672191
0.0649867112148145 -0.635605654804432 -0.0461495910825908 -0.0826660927154118
0.394517118149996 -0.657624032798268 -0.128740660490313 0.0660538184586661
0.179885116059439 -0.580634546889285 -0.435967292688443 0.456170993985109
-0.117893945118814 -0.562499230886034 -0.0778920546561369 0.464949370842557
-0.41848557964535 -0.339327334167164 0.171612751419223 0.15475875372074
-0.5033016200531 0.0404221482999013 0.0580708292691496 0.0214420004409679
-0.282789228934943 0.252405210871853 -0.1253814587491 0.0811478385708378
-0.114842838957441 0.311362656206062 -0.0771262609017657 0.255240185716073
0.0243702663057718 0.370487694630311 0.0156908591779247 0.327132899206828
0.057280558284047 0.343106102572891 0.101013349500647 0.340806017053967
0.000272305823397167 0.335378269080528 0.0631858365907269 0.347463204694656
-0.169004819531801 0.274447367823624 -0.0351685753926491 0.336634756650143
-0.281886491187271 0.137568785945356 -0.178335708546763 0.263421752927049
-0.387632345431565 -0.0734230018645851 -0.216989728273777 0.0990971923847115
-0.250545788496059 -0.316665304783369 -0.127849356788368 -0.0419977667336108
0.0557387992182566 -0.438328617170859 -0.0447868921254845 0.0339672729406683
0.281552071989084 -0.503665750961032 -0.247397189927685 0.236902011326056
0.0551969119749576 -0.361803946742616 -0.540218815375211 0.566582143768896
-0.10754578019286 -0.310972697122811 -0.114318888266447 0.563175577639844
-0.230518414441286 -0.161005495513843 0.12397978804658 0.184702532957416
-0.239962142778805 0.0332939901938921 0.00377249194935099 0.0465320963553899
-0.136481842484434 0.113428086880713 -0.167655055018851 0.140208423899552
-0.0718310130827999 0.14748820546631 -0.106573840946871 0.348361275504649
-0.0178924886430432 0.195795298186967 0.0301927483024486 0.425846803014315
-0.00189605289337796 0.180490972862975 0.109183144922981 0.424112210548848
-0.0396181519818456 0.171801976199223 0.0591337592445236 0.424138059158696
-0.120285231609139 0.119372129857659 -0.0766907566077935 0.378386828974376
-0.151352820998964 0.0234527155635922 -0.22173825212575 0.254493352208692
-0.154327791772823 -0.0653447201659 -0.213775646883775 0.0681933059884292
-0.0886998202769755 -0.144740704542221 -0.113941818356758 -0.0282000697072312
0.0272282548798106 -0.205224847002499 -0.0294925886392693 0.110252706691668
0.129769429137688 -0.292221884308336 -0.30363861388766 0.356500004936609
0.0744740013639744 0.025700770836028 0.26721440744446 -0.495549761030406
0.0372187285502656 -0.0366933349135908 -0.011865836460079 -0.251845613138111
-0.0465051645050429 -0.0366660676247742 0.0638398019184087 0.0392275602129923
-0.0768093591213739 0.0282583594274172 0.188652224193147 -0.0130879742684108
-3.01689291337219E-05 0.0679012533674627 0.243984203841647 -0.19715343814651
0.0404319508736915 0.0462260493596158 0.129139035143067 -0.390992407581428
0.065809654689542 0.0171051205335937 -0.0434266087382503 -0.451285946846116
0.0580507916036584 0.00954039617338158 -0.107672433705828 -0.450724388084417
0.0571050591583816 0.00824717143832023 -0.0610616958944127 -0.463299515428303
0.0374222881608488 0.0232215264039214 0.074993900660108 -0.383266913630233
0.000691557017716502 0.0401426446552529 0.16779943734362 -0.212307400837644
-0.0340280900459948 -0.00482749275291195 0.0478227746852094 -0.102612358906434
0.028727305663207 -0.0325451669799328 -0.029653108199216 -0.217270913615457
0.0686998112407797 0.0512183697586098 0.142284221401714 -0.505583605927986
0.023086418833885 0.10819737364391 0.634762005075476 -0.5711904486843
0.193492117301 -0.220995517688085 0.24425040668416 -0.432213863519678
0.0438925787229562 -0.26061963196842 -0.00746653836378452 -0.227476006025148
-0.180415575342975 -0.20312652501405 0.0861643417763528 0.0357437316462661
-0.287255456462935 0.00292109259481631 0.1935995283151 -0.00897509568580696
-0.144996318760104 0.163676669314154 0.225090936373952 -0.187977923327681
-0.0207034189590765 0.193684443874838 0.125244503167474 -0.361873577749772
0.0912593211099413 0.20274663383745 -0.0390470932342651 -0.410481629270938
0.112389191520959 0.198496908241184 -0.0808094370005579 -0.401275353689286
0.0890154794893623 0.213013486429242 -0.0409439743388723 -0.415095148861415
-0.0340982188801608 0.215114519530305 0.0931631872669917 -0.330963159966625
-0.16141645350379 0.171316756625751 0.16211515336907 -0.162107355323515
-0.30763803420001 -0.0127653270037382 0.0243648354085445 -0.0734224384138888
-0.169474662046229 -0.233647769785932 -0.0373728567155494 -0.227754595297317
0.0836210348709046 -0.247504631826596 0.116233234432122 -0.520090581833785
0.196112784289521 -0.190754982933239 0.562097691242798 -0.576477315504869
0.285309865412664 -0.447867892811787 0.162156149112256 -0.31410960039301
0.0285073517006058 -0.472502398426796 -0.0123780558400534 -0.157382748476333
-0.320276067109869 -0.349810306862811 0.123334933141683 0.0411261812554661
-0.484587885023885 -0.00669275259574628 0.202960899619171 -0.0146001899596395
-0.273873968864547 0.253219373992584 0.18514051989078 -0.175390711528413
-0.0770470455110569 0.323818854405959 0.101113649073434 -0.296174644618629
0.10664306679807 0.363613090237371 -0.0330511946111152 -0.313407860119219
0.149501446932835 0.358617373059326 -0.0429814235296828 -0.290702434037246
0.106004857438703 0.383052791696123 -0.0137261485678738 -0.298051046642875
-0.103643816377701 0.374048318366976 0.0933174409172068 -0.221434141138675
-0.304184594468966 0.278715338848166 0.121369645933779 -0.0770229907058667
-0.545047239641521 -0.0189380706250045 -0.0244436315551345 -0.0292943130122573
-0.351687319473992 -0.405658092256046 -0.0626236337816852 -0.216240260723267
0.0859038595131084 -0.51440063393843 0.0684451131189645 -0.480010984237115
0.340863349419304 -0.459912550318909 0.419079254954922 -0.494796366228339
0.334547577562224 -0.626462156441736 0.0324043697176551 -0.14349477579293
-0.0183572546449485 -0.651725139584969 -0.020525359532706 -0.033513964283407
-0.462227799778339 -0.456028645365319 0.168620803562373 0.0573632763978424
-0.651362516285955 0.00935678073139585 0.204010363003522 -0.0239563932354642
-0.372560828075482 0.336795767977873 0.121182888614844 -0.145354046070032
-0.119341322325885 0.421039304878455 0.0613002781845554 -0.190111229762589
0.107564948015592 0.47567771718147 -0.0229614675877325 -0.168380771954157
0.164813099186117 0.465174653229426 0.00207962047200369 -0.136279743366711
0.105490346176616 0.489419988031928 0.0158188150349491 -0.134563518840127
-0.158899990998392 0.471044234733671 0.0786247241823082 -0.0694556956606262
-0.402114485909712 0.341114558361116 0.0543021930191335 0.0335768785372173
-0.701850007571682 -0.0220341971825894 -0.0860603746665666 0.0265564474118576
-0.479424207106079 -0.513631683445902 -0.0956520794275032 -0.178989972516056
0.074828832969903 -0.696337285832153 0.0148346359359245 -0.378380519832604
0.429074410193183 -0.650332147823482 0.234158169962183 -0.338415199044533
0.328659159745365 -0.729325353795868 -0.125958738718434 0.0663676220064521
-0.0790572577015464 -0.751570513206022 -0.0307825801053103 0.135312617456164
-0.560507774432064 -0.499465954577973 0.205506537669436 0.0837307088302721
-0.737089127826525 0.0408169103420214 0.180750573385579 -0.0256201778352328
-0.413440052131811 0.384287880969517 0.037096463567737 -0.0858208316335135
-0.139676433875584 0.464174314662257 0.0136105543639816 -0.0465061070647902
0.0967291478364962 0.522856075000595 -0.00974308263729679 0.00527624863858148
0.155455688102687 0.4990301751923 0.0468560079291295 0.0397772776467582
0.0865173358770116 0.51678118402008 0.0424722037457004 0.0489755393106285
-0.188937850430939 0.485780495866535 0.0499461543535325 0.0975384610470081
-0.433680321857424 0.337251146192699 -0.0269116489998078 0.148159094760586
-0.727161476176553 -0.0281177991617285 -0.148883800555223 0.0803503713809984
-0.509115868205776 -0.533851300530809 -0.123020341302797 -0.124637714288665
0.062369423384331 -0.742816458965322 -0.0280719228482865 -0.235224005874727
0.447841436478369 -0.726054351817536 0.038009090055793 -0.136377299379944
0.271356096762503 -0.720492256447678 -0.289984499682784 0.285095431038272
-0.12123752751508 -0.729324757963829 -0.0463119086096461 0.318030504786349
-0.558391417800843 -0.460578180814668 0.211253174520527 0.117621021572325
-0.694807891020041 0.0573929744662185 0.129702454133035 -0.0100289938843179
-0.384959679719948 0.362572141934271 -0.0502817542840033 -0.00107827624980475
-0.137172865737559 0.431644215164128 -0.0335946556099338 0.114255540109243
0.0712252666518509 0.48820388126319 0.00813930506958877 0.18293815892186
0.123190699511513 0.457669896184132 0.0845486588944944 0.208655967666565
0.0516196022343318 0.462854047405332 0.0620164685958177 0.220825319028068
-0.192165599848211 0.415396333496346 0.0124565800029118 0.245314842778318
-0.389442142489033 0.263582618225538 -0.108112744837208 0.235327208707577
-0.610539729291328 -0.047132580181859 -0.196432370725689 0.109953255320999
-0.423816374126575 -0.459662221385815 -0.13564697337156 -0.0738932367307066
0.0576644892527216 -0.647317153875917 -0.0491624670742162 -0.087199958997741
0.392259214615302 -0.675093749183098 -0.132860134448744 0.0731737846360413
0.175489947962179 -0.5929305540961 -0.436012657918268 0.468829694594917
-0.129465075694726 -0.57216230069218 -0.0736959706610258 0.473495897340399
-0.437040261004261 -0.343208649344796 0.180815241166498 0.153792858212681
-0.51496740922261 0.0526717154166262 0.0639792500406724 0.0184370102717706
-0.286964723278165 0.264704045906022 -0.124323455580967 0.0853203592712471
-0.112978309744639 0.32003884518439 -0.0741099315696904 0.258458983486018
0.0327484729188324 0.374943077469398 0.0255803869669921 0.33363874519723
0.0685679472921995 0.347202776038378 0.1087941278373 0.346481612212758
0.00815376348375982 0.3418539664855 0.0701943483029865 0.35343444934
-0.167863792906939 0.283554332010639 -0.0315945888756492 0.344457947336089
-0.286715377878241 0.146420854473858 -0.175811288086566 0.272876545082112
-0.395661195113259 -0.0644093761480501 -0.218586610098296 0.104186201813892
-0.260958684525126 -0.317318125959956 -0.131770752549586 -0.0414353635668653
0.0496564285022742 -0.44745969717574 -0.0476159279460181 0.0324348359865349
0.279471820213222 -0.517482369571836 -0.253282442172014 0.249414375959428
0.0514701214809469 -0.368957274839601 -0.545871985307607 0.584571871918011
-0.115516510571682 -0.316659157466654 -0.111105373238955 0.575154727040062
-0.240960986110638 -0.162926390822708 0.131428117627111 0.186876031025821
-0.246392915055291 0.0397405575276139 0.00778427580318514 0.0455208667821793
-0.138097128113217 0.119066651220851 -0.167253622506671 0.14621282457625
-0.0718132051099144 0.151773526837228 -0.102521152709529 0.354185424813291
-0.0134183570936877 0.198728798775236 0.0393853359893173 0.433746577110591
0.00391993782604222 0.183348323516433 0.117975723895736 0.431711058807496
-0.0358317240466646 0.176521714120039 0.0656383358556662 0.43082018583642
-0.119829601817041 0.1246887242746 -0.0729281924690257 0.386893543752388
-0.15455700254948 0.0283169464954204 -0.219792212606609 0.263489867186
-0.156831465061027 -0.061263699882506 -0.215392729467162 0.0739452291074895
-0.093745455091657 -0.144751456395381 -0.117193774040932 -0.0263818485506529
0.0233982048724904 -0.209004246840692 -0.0310963443333283 0.109362999785722
0.127038705377171 -0.299568643234677 -0.308651174409048 0.372499384955406
0.0779454106637228 0.0228012502392201 0.254883280509675 -0.519922746335349
0.0389071700042116 -0.0401645177155546 -0.0210887016444254 -0.256598542634816
-0.0458946366398986 -0.0360242787226633 0.0685420660178868 0.0355731993327264
-0.077243960645659 0.0315105464980577 0.19140997121457 -0.0227058309894947
0.00151439172138162 0.0689008904109491 0.240296127964251 -0.21367280627373
0.0438302100876812 0.045958365749655 0.112420238039571 -0.404873360718526
0.0682975688509498 0.0154439134245374 -0.0659169794445355 -0.45853006426854
0.0592688871587923 0.00713802822397198 -0.128743304832845 -0.457900879963057
0.0581416982364249 0.00575880099093596 -0.0821688429567919 -0.471956407629192
0.0381572823387835 0.0209451581883843 0.0597499785566127 -0.393898598080297
0.00226720951147138 0.0398432766747742 0.162280889609784 -0.22464293865762
-0.0356572665952715 -0.00420627254986613 0.0425763543997009 -0.107070178207458
0.0295035297253926 -0.0357229485344358 -0.0420064991300818 -0.222937557858421
0.0735187768153068 0.0500930503038411 0.126438324693055 -0.524808882947451
0.0271404851285034 0.111284997074745 0.627854668657658 -0.616442441303334
0.18883983851001 -0.233735913885485 0.235401597837171 -0.456315462126013
0.0359103377604477 -0.266930171497786 -0.0153540237926977 -0.233566096813254
-0.192086958528008 -0.198747035867913 0.0919470131159052 0.0298380047405782
-0.293644234551416 0.0172511042852343 0.197730334552303 -0.0193328755300829
-0.142393316719196 0.174826058115165 0.221333282000334 -0.203479804604655
-0.0119821883789226 0.200196231545436 0.109051174263482 -0.375268249940577
0.102738888578289 0.203158824482831 -0.0564608065177968 -0.417149466609772
0.124881499828943 0.196598581545899 -0.0998746335956654 -0.407991052224552
0.101684522778154 0.213190443249129 -0.0596294207128944 -0.420344047132918
-0.0260849459663239 0.222076776957457 0.0819146962176733 -0.342206200881139
-0.158535249648673 0.182946686833005 0.159058455280588 -0.173208215008978
-0.315867386317667 0.000511737264768921 0.0200216190897183 -0.0777513648943488
-0.183904426790166 -0.233159366098237 -0.0503002666821849 -0.234682196317211
0.0763160884096053 -0.257327630161509 0.0982009833806747 -0.538019111540516
0.190679310255591 -0.202025782483402 0.553165591267796 -0.616486917886507
0.273181035775532 -0.469760278132563 0.158367132922949 -0.33205226095035
0.0114067107363618 -0.482250933857463 -0.0182550257753208 -0.162866540223926
-0.343440070669634 -0.341875980453565 0.130794259536979 0.0327118310578819
-0.495695912197842 0.0185451991108863 0.207683548480906 -0.0267190829618307
-0.271102045277204 0.274065206721946 0.182454892297524 -0.189175340706324
-0.0637268985603226 0.336517078400922 0.0867880198181494 -0.309174185470509
0.125256092524538 0.366209388309869 -0.0438431087376023 -0.318539474671275
0.172206587832277 0.357072160156161 -0.0547695493596004 -0.295826671256484
0.127382988760172 0.386323987263004 -0.0254403845487878 -0.302263815784763
-0.0898928382481547 0.389752090862096 0.087402522933897 -0.229356144038894
-0.300600511036488 0.299892007475596 0.122110604664249 -0.0849629495805725
-0.559994035598205 0.00757151717847592 -0.0264144615406883 -0.030753976997879
-0.378258538082376 -0.401028788884412 -0.0754355515311858 -0.22242978730376
0.0670418421703289 -0.530869674809216 0.0500526384162482 -0.497595373174674
0.325022187626601 -0.483982058816968 0.411176909025252 -0.524793011411243
0.313126848753879 -0.6545772053133 0.0334424128704393 -0.152285039891721
-0.0453813369770837 -0.662781230572328 -0.0218097226279746 -0.0365401499168192
-0.496906749794886 -0.44213132561516 0.179159254789958 0.0459236136501476
-0.667335272741777 0.044498181487859 0.210033251552414 -0.0369115557518072
-0.366343253218403 0.364694223441476 0.119091515191446 -0.156196744197592
-0.103537981043292 0.438399758036873 0.0515364577692708 -0.199618194242477
0.132791479983342 0.480384162724222 -0.026018976416753 -0.170645058179284
0.194038435721932 0.463617590638846 -0.00125038394124182 -0.139774819060163
0.132361699391473 0.495875715691655 0.0124182836126096 -0.136670626312849
-0.141862391208016 0.493057224477321 0.0791408134559338 -0.0735371756535923
-0.398456844348331 0.369316792365657 0.0595735677164699 0.0318498471582184
-0.718177829708046 0.0121377621740698 -0.0874192051620047 0.0288481500720716
-0.515240246329255 -0.507426455997976 -0.107706494691373 -0.182327706843332
0.0484092180557927 -0.715559682130864 -0.000201809081426971 -0.392113548920069
0.40939915092997 -0.683889602320879 0.226025707852725 -0.35612648401099
0.304370076724741 -0.759492240191187 -0.120879425207641 0.0689650523917383
-0.110845966543307 -0.764644942736923 -0.0253370932134943 0.136513249999385
-0.60074035993534 -0.484053095444527 0.217991273573874 0.0723465441877343
-0.75480960626144 0.0810123856104908 0.187941589820471 -0.0383293837657962
-0.408552516213683 0.417268948438534 0.0373153306282944 -0.0916307389437467
-0.121661386531278 0.483587334072645 0.00922873645930273 -0.0508054690918483
0.122589805932241 0.527388795822716 -0.00324900049585969 0.00697967177351963
0.186970359123469 0.498892256736201 0.0528761969601963 0.0379883058848354
0.115341201486496 0.524678948906316 0.0477454312974782 0.0498313153318863
-0.171851690030131 0.50928994238326 0.0569930500412859 0.0995222131911969
-0.431141672258564 0.367030964655384 -0.0179821167021187 0.153240959020931
-0.74635899949586 0.00790294629158814 -0.148301403652132 0.087191670931615
-0.548153826788645 -0.524197385900539 -0.132927108442883 -0.124751328185416
0.0329214554810096 -0.763923399716768 -0.0396040607398958 -0.243321584179764
0.422226340522318 -0.760477817431267 0.0336142310289902 -0.136680991829665
0.246495444845442 -0.748021875304721 -0.28049151169206 0.301047627332248
-0.157643035299044 -0.739417723143973 -0.0326583232312317 0.324839898978537
-0.596885452334919 -0.444881462897038 0.225774930511211 0.107130316242939
-0.710341680297402 0.0961859626504809 0.136468140490955 -0.0198355834996899
-0.380016208818169 0.394395993071716 -0.0485774445858355 -0.000732926095422974
-0.121614114113899 0.450595149413399 -0.0309840789565215 0.115242445319937
0.0962240434260602 0.49327065210022 0.0224127351596229 0.187887631463191
0.150679829924296 0.458770246873163 0.0983056838467192 0.209935103017715
0.0773151940207994 0.470824562115461 0.0752397375257505 0.223904628327677
-0.17812076622044 0.436748126803378 0.0251862434980238 0.250993045114603
-0.388257184347183 0.290369036653747 -0.0967095923836768 0.246496768339426
-0.624809255097806 -0.0155079981877768 -0.195396483381443 0.120264199352638
-0.456718673886595 -0.450686557443013 -0.143178292944165 -0.0709008804336592
0.0315798422444326 -0.663859309247962 -0.0560571412432379 -0.0909059613747223
0.369009384773003 -0.705769108300073 -0.134205005282378 0.0860429060741923
0.153150542002033 -0.61488269973642 -0.424736009676931 0.496153989814236
-0.157791421381736 -0.578341661885769 -0.057346936967788 0.485917836280427
-0.468973087906793 -0.332021155940776 0.19543379127246 0.147957901073691
-0.52649323329191 0.0811325277089574 0.0703676486616919 0.013131538457458
-0.282904321868178 0.288355130828691 -0.120806242646451 0.0918539958333401
-0.102489359720179 0.334081509095847 -0.0654284582835584 0.264378275208997
0.0510683563053837 0.379801871539438 0.0458534728153753 0.340920595573297
0.0899884909722053 0.34888916094593 0.128719623800118 0.350553399086765
0.0267749134846567 0.348962925164624 0.0883815603472111 0.359369865170834
-0.157525741636644 0.300309196669602 -0.015532639222937 0.354799214111036
-0.288285221518228 0.166002072038718 -0.164526211967047 0.288350480909641
-0.406996362040217 -0.0444026084771707 -0.218016786579088 0.116845551252486
-0.283523581633274 -0.312525169182217 -0.137300451507448 -0.036644226257258
0.0308162386655809 -0.459063216200873 -0.0503749271110833 0.0315537809500705
0.259791084381577 -0.539075747993491 -0.250240464677071 0.272383060088568
0.0368829027158355 -0.379569226546212 -0.534426894680854 0.619752702782726
-0.133243725435751 -0.319531975962565 -0.0909328301825659 0.594191158424409
-0.259484021064136 -0.15684552931215 0.145633619117736 0.184794971112425
-0.251897277747437 0.0550088651930056 0.0128195816954114 0.0438327216693753
-0.137456280707388 0.129917385949421 -0.163716372036651 0.156698896318585
-0.0672687435974536 0.158846394278945 -0.088934989599581 0.364591151948031
-0.00342378997042533 0.202925210774244 0.0622781082762784 0.442263557828239
0.0154965765361401 0.186055903624176 0.140991938971241 0.436815092943054
-0.0266771608043974 0.182124264560224 0.0858412223400224 0.436701257101194
-0.116141732123321 0.133660881618968 -0.0571041149766679 0.399963973506223
-0.157404053783681 0.0374863833476745 -0.210515348119521 0.281908444133781
-0.162345140696343 -0.0532770939503875 -0.216580856540178 0.0867848105043641
-0.103671307979148 -0.141860480271968 -0.121420796682249 -0.0209328293693263
0.0143466696037615 -0.213895705086325 -0.0297152636386136 0.110216483535826
0.114926141324183 -0.311772032456367 -0.303190938643494 0.399903775787689
0.0796206231368375 0.017356396482214 0.220644592902556 -0.538839148084113
0.0377389264031635 -0.0429633844817223 -0.0363390560164479 -0.254280963649113
-0.0450790039549782 -0.0346453727613948 0.0715966158458851 0.0293783198576589
-0.0752826960538241 0.0357286814585696 0.189197063640381 -0.0362850256517887
0.00514306554434968 0.0681563241575651 0.223623026948989 -0.231675070650214
0.0473793175098525 0.0433721911976297 0.0831872471855055 -0.411070786995314
0.0694993474164235 0.0115432121621527 -0.0955582663331329 -0.452236546423915
0.058496146424565 0.00404511031834168 -0.159353358731315 -0.448523771009307
0.0571630503745417 0.00131533148719435 -0.113626634141113 -0.463036559447235
0.0379381759540267 0.0175887750089886 0.0345988974307171 -0.396089454301175
0.00527748748442557 0.0388082047356324 0.144931931380302 -0.23540110129598
-0.0358949683492614 -0.00335283648319847 0.0331306986474061 -0.109043273153834
0.0280125767977886 -0.0390669239350908 -0.0586911622085232 -0.220983113608565
0.0774906312208472 0.0455555831174875 0.0952560712662937 -0.533106587476223
0.0332503871709342 0.111733077696001 0.589027819461894 -0.659744392432709
0.172730785654731 -0.244625073420596 0.207727585103691 -0.473769283676977
0.0219022602997386 -0.268136982516033 -0.0294675508673856 -0.23244852277515
-0.201712252643616 -0.184833436995002 0.0945282964239128 0.0204376397306797
-0.291943686774942 0.0378559689818232 0.195494689724732 -0.035218399569041
-0.13158083541029 0.18488247783738 0.206943308003302 -0.219552834309108
0.00164015449750475 0.201611318002 0.0809182205562666 -0.381618049553248
0.116268522293684 0.195646451119834 -0.0832737656726491 -0.411410352568369
0.138459967953447 0.186256617602553 -0.125532625140146 -0.401210476712104
0.115873531983355 0.205196882480266 -0.0866621760394116 -0.414010643299534
-0.0120763316969299 0.223474650948713 0.0603533653350739 -0.346005499284925
-0.145874313076271 0.193690484788659 0.146469296420289 -0.184622130812603
-0.316125227246441 0.0230127399208702 0.0128911085833189 -0.0799764276583697
-0.199642824766427 -0.221929343990535 -0.0678720592340501 -0.232799343158068
0.0602216788914101 -0.261754146068857 0.0655549510388846 -0.546084402762736
0.175081247196558 -0.210845417135319 0.514862527607732 -0.654079824627798
0.240500413610634 -0.484748404822057 0.140728158883518 -0.346899736859832
-0.0176324433897596 -0.478638182515807 -0.027637808407507 -0.16316678193301
-0.364311018861903 -0.314949713913469 0.13419140183776 0.0192366165075348
-0.494165187219283 0.0545351573915268 0.205754916621597 -0.0434880236068121
-0.252390956529753 0.294499156807313 0.169060290277325 -0.203014727235207
-0.0414296984866274 0.341387519132228 0.062615027764284 -0.313948465715571
0.149479516863186 0.355219473067823 -0.0618209546104623 -0.314541746105218
0.197643783009623 0.34158237438776 -0.0727787930985136 -0.293448061025384
0.154884429286905 0.375820979132862 -0.0437946263797427 -0.299180146712927
-0.0635568660552637 0.396568576416624 0.0741082717389119 -0.233895458679913
-0.280868228018597 0.322021806921593 0.117268784351356 -0.0933480787078988
-0.559240467760553 0.0476086614583425 -0.030596892063744 -0.0312272546376885
-0.407108927333415 -0.375706001706647 -0.092556952816697 -0.220153040469728
0.0339638545918935 -0.533553081343017 0.0196605812358427 -0.502995064623011
0.290777005424511 -0.500838421436218 0.378067148709486 -0.553397214320227
0.270163961139914 -0.671936653949085 0.0291973249580389 -0.160695394714555
-0.085519767821285 -0.655261378357715 -0.0235909845311112 -0.0386829137601163
-0.525251113848726 -0.404765297119419 0.18373382616103 0.0285480784956696
-0.662297794986064 0.094263932615629 0.208432086019068 -0.0553726754159378
-0.342604831518004 0.393858928226846 0.109060717763786 -0.166450141633219
-0.0737442594916327 0.446550944684535 0.0353506067367163 -0.203242442669247
0.163134774820552 0.469183704014353 -0.0324917518482151 -0.168835219170713
0.228027453116178 0.445263259341741 -0.00782828691324295 -0.140527532406214
0.167862228154075 0.483922622259999 0.00482894339801406 -0.135450307609969
-0.107115021104613 0.503370501437567 0.0759316406908487 -0.0773981639516755
-0.375040565974937 0.400018810057541 0.0637083534731476 0.0273624690342439
-0.717613122408226 0.0644083739483559 -0.0872730443567407 0.0318997986327638
-0.551411883618137 -0.472606766530011 -0.12141313784308 -0.177523139667517
0.00322502514019306 -0.718793406768614 -0.0268013889306311 -0.394867101114061
0.359719347615968 -0.70492340650398 0.204531870246355 -0.368189971689695
0.253583151166054 -0.774507046463951 -0.110597507509083 0.0708412692730195
-0.158562408028518 -0.753130719975313 -0.0157987251584382 0.13483880518685
-0.633144696806642 -0.43780042319226 0.225205405786258 0.0517061960892812
-0.748176045542993 0.137681652355081 0.186723252982874 -0.0556038286941931
-0.378595354691528 0.449051528348339 0.0322184038110431 -0.0962879843336242
-0.0892637958814246 0.493934831207027 0.00330805690269212 -0.0537483399315017
0.157557043928557 0.517191797943014 0.00233439384376596 0.00656650896403147
0.223367764068609 0.481048891375586 0.0577145662120747 0.0330003074314351
0.153152120856966 0.514501855280506 0.0532868220770717 0.0475576139051959
-0.136680764479205 0.522288528020212 0.0660325892734315 0.0963939638445107
-0.406344935341295 0.399357268358161 -0.00518379102883272 0.154275069584269
-0.74394775916671 0.0635355083448182 -0.14334911119943 0.0944599722134767
-0.582618513184635 -0.484397310930835 -0.142614550762551 -0.118152391876292
-0.0172361300709784 -0.76290913407699 -0.056799426609499 -0.24362647812131
0.368763489271129 -0.783246632833964 0.0248937226589785 -0.134772388506202
0.198157087731912 -0.761435359200169 -0.256370114565405 0.313450466762599
-0.203051304737677 -0.727220782912332 -0.0123564433643937 0.323539500274153
-0.629555623436942 -0.400837734345798 0.23546301644184 0.0868928511085929
-0.703328282245237 0.152186461291376 0.137994809714627 -0.0340978611396661
-0.352029408212285 0.424385147796862 -0.0468310007638519 0.000798709733192361
-0.0918188434780226 0.460022874981513 -0.0251676772367995 0.114620469432291
0.128372058973897 0.483824022176339 0.0408252764726346 0.184987826225804
0.185988890201302 0.442683100146978 0.115247618777734 0.202034117088215
0.113278268974203 0.462751342778512 0.0916132934153566 0.219130615736816
-0.146065269993482 0.450960866561794 0.0438727268889005 0.249738870901794
-0.369951092270453 0.319380611738658 -0.0764945044412501 0.253020424833591
-0.62453833414204 0.0306794102300656 -0.187023187772437 0.132215790270007
-0.488514683992573 -0.41724049893718 -0.148462135840358 -0.0627478335106355
-0.0107788808527737 -0.663750331729404 -0.0643907577289608 -0.090562390646251
0.317277361912045 -0.724916110420455 -0.127547940747764 0.101222447245051
0.114995462258544 -0.621356498217523 -0.389720223810261 0.519428614643688
-0.195885757016076 -0.568543107188687 -0.0259877760709737 0.487166749781131
-0.495346651666104 -0.297772892922886 0.208305088129403 0.130986079115077
-0.521694515555309 0.123077898813297 0.0746601591216796 0.00388247847319499
-0.262248790112846 0.310771380971069 -0.112857341846911 0.0981473603999568
-0.0805969554662335 0.341819015777737 -0.0482474585469274 0.266328935533874
0.0772511577029851 0.373983950496851 0.0729928486672576 0.336098238216861
0.116908584510886 0.338402628179378 0.153828861607935 0.340968572890365
0.0532544854163187 0.345722094605005 0.112383243541216 0.352410552536804
-0.13652377418251 0.312274058503643 0.00914251666016867 0.356315016760151
-0.277718557522319 0.188222504842366 -0.140932264847046 0.29950742311697
-0.407359975158231 -0.0129622278106618 -0.209262922585616 0.131358906368725
-0.305270666579044 -0.290518117792689 -0.140066856278392 -0.0279825929437266
0.000931222609678587 -0.457786713378645 -0.0512128600380382 0.0315497792686117
0.221443573249397 -0.553165863665107 -0.232578779353471 0.296176891605903
0.0128650011264353 -0.379668131963815 -0.494231131885675 0.650731358424827
-0.154436751867034 -0.310189060265113 -0.0521179111763343 0.596894725590139
-0.273820850673411 -0.139215476555882 0.159692508961224 0.173283791118642
-0.248718931845187 0.0748707941897382 0.0192403682526795 0.0398578239521115
-0.128086516661312 0.141087596100539 -0.15142689937867 0.166858237493607
-0.0578954179561289 0.163482479294999 -0.0645706671190767 0.368602510267437
0.0106024159011361 0.200953684382937 0.0944487231816034 0.435902265818557
0.0307239603362808 0.182157502925946 0.170114430185076 0.426595766092
-0.0118952145762266 0.183314476028712 0.114211119555939 0.429986089036038
-0.105340451890295 0.14245317796435 -0.029979119024497 0.402934147135887
-0.154604091775306 0.0501018330370197 -0.188052152201372 0.295449151767502
-0.163593437993953 -0.0398092490913461 -0.209698090688116 0.101720570911188
-0.114594138237963 -0.132633961651486 -0.123118764180521 -0.0115686444616539
-0.000438515797841516 -0.213944295475354 -0.0266073709502385 0.110179453609817
0.0917087497695744 -0.318446019235096 -0.276863820035485 0.426713346323052
0.0769181336641245 0.0123110524485366 0.184303019956959 -0.530293562525268
0.035291217768301 -0.0439800133614318 -0.0476349149072 -0.241879248547278
-0.0425112595689572 -0.0330984013783486 0.0715707296212407 0.0233846844538285
-0.0713708173299062 0.0382911012637214 0.17964326988665 -0.0468739435504683
0.00647365316411647 0.0654080160967084 0.19947482621117 -0.236314629863914
0.0487916064016693 0.0389635703557733 0.0549208540634873 -0.398341711220534
0.0683022664779526 0.00688954037854257 -0.118658483576048 -0.427672629641258
0.0557107163734651 0.000993545833763683 -0.179309162457007 -0.424021872122172
0.0534199880779462 -0.00250741200296518 -0.135720700575722 -0.437104943499765
0.0357077618138909 0.0142122293945466 0.0110051913750605 -0.382194426120087
0.00724636082598638 0.0356589276712759 0.12442183903689 -0.234098800288089
-0.0351789451693801 -0.00158185752647532 0.0237150922806163 -0.105647443804037
0.0254525861095389 -0.040493420627298 -0.0718095247333197 -0.209450444986986
0.0779462301715153 0.0399093773278579 0.0625854163551114 -0.517780010861426
0.0383291306782791 0.107974291918114 0.52925608463785 -0.67083086717196
0.151195764494766 -0.242996682382546 0.177027063890075 -0.471075392411214
0.00861224178023764 -0.258238528899568 -0.0410021974381752 -0.222608047263053
-0.201748412922129 -0.166262201850611 0.0931793750300219 0.011694238714293
-0.279029048032933 0.053873568591594 0.18572672731374 -0.0462730823994764
-0.117328006318728 0.18620378897522 0.184423569778886 -0.224576120482913
0.0135824100684998 0.194556985148128 0.0539867860687853 -0.369802262634691
0.123163149096342 0.180674391858628 -0.102605123758964 -0.38991875680581
0.144169073067706 0.169922529343761 -0.142657853117839 -0.380833052439137
0.122849542642139 0.189018526440575 -0.105105924635216 -0.392435403953046
-0.000337211394434038 0.216532328306703 0.0401796842469545 -0.335785918932656
-0.129760163130612 0.194958364348879 0.129086746257056 -0.186430618595486
-0.302614311670119 0.0411304806784464 0.005142192107889 -0.0775895597344241
-0.205406761189192 -0.202726995989946 -0.0812951899545421 -0.221781422622183
0.0445531734545716 -0.254389478655275 0.0344819667988348 -0.531785618869592
0.155322846153812 -0.20861655983824 0.460906749019409 -0.659476537559834
0.203472403493449 -0.477736674423378 0.119856373575987 -0.347761081057137
-0.0397779648143423 -0.457270751216769 -0.0353348580461262 -0.157775237699973
-0.366180208673275 -0.280166277237534 0.130271607363756 0.00640618531037087
-0.470909711778718 0.083062933950578 0.194504789205892 -0.0561834652655353
-0.226345846909404 0.300004634836777 0.149556468492784 -0.206384804035747
-0.0200205301824278 0.332110160025032 0.0399605900325404 -0.304609467317473
0.163599038706527 0.332410301068803 -0.0746629667903684 -0.29829009984319
0.211379640257062 0.313404905486941 -0.0852115590918023 -0.280114833662774
0.172457753213932 0.349937614925095 -0.0581842688564588 -0.283544847654317
-0.0384507877489976 0.386167284674441 0.0597722591317351 -0.228748585314891
-0.252336894369071 0.326915098691063 0.107691804274103 -0.0975952695835721
-0.534820885710664 0.0800543372150479 -0.0346951475896726 -0.0288648518261072
-0.41386234064976 -0.339637725786439 -0.103807456240784 -0.209075894903206
0.00461181793141925 -0.515063465395171 -0.00927469639687387 -0.487230989412178
0.249330035851203 -0.492529284369232 0.334916964996456 -0.553425166935249
0.220072995680907 -0.659231717373594 0.023260398503623 -0.163357550663362
-0.113490217644185 -0.624084209655214 -0.0250618684910788 -0.0387709168381156
-0.528329644506836 -0.353562094587947 0.179101848430453 0.0107678498787017
-0.630929087055846 0.132346555778962 0.197504912682726 -0.0691516573812143
-0.306368166866073 0.399864100308587 0.0948634065311761 -0.167980008083643
-0.044818437811596 0.436027590955461 0.0186800196840101 -0.19800844482419
0.184790183149237 0.440194875243238 -0.0370433545929249 -0.161246087231724
0.246223438434098 0.410325856624962 -0.0137666754928033 -0.136409253689425
0.191718722387347 0.453404791669231 -0.00108793385914043 -0.129657863266641
-0.0743819253906042 0.492046179239625 0.0712276097004712 -0.0783849280416042
-0.337480533104913 0.40782661317573 0.0643414663028897 0.0217360186969455
-0.685854755359065 0.107742553485484 -0.085245974991179 0.0345532269086493
-0.558776126900255 -0.421610707397117 -0.128474139125664 -0.166353640192733
-0.0356905946534613 -0.68952191863936 -0.048211087738785 -0.381973775768143
0.301149380882626 -0.691805652404978 0.178084344651599 -0.363206866755063
0.200305400155938 -0.757593872751158 -0.0986439125109524 0.0666098863081238
-0.193319309279173 -0.712946543554111 -0.00815046974877337 0.126892095644455
-0.636286176767258 -0.381576245121492 0.220545576758268 0.0306264322754354
-0.711688590764983 0.181517546632238 0.178359598204263 -0.0688812758376082
-0.33745522019633 0.456591256156176 0.0261049623224833 -0.0969894917824397
-0.0568497796996524 0.482806427002247 -0.00266839377326733 -0.0533093582917807
0.181233673451469 0.486100200076845 0.00809112921426206 0.00517021217565637
0.245501492808964 0.444602549572804 0.0596930396277031 0.026919422127391
0.179855876754339 0.482073498355052 0.0558004678568624 0.0434161893692374
-0.0993379696165457 0.511142503960025 0.071641298429146 0.0892998727547574
-0.368430637885586 0.41203437729002 0.00648217089948216 0.147214866330185
-0.709248430914261 0.10751882139184 -0.135132925506356 0.0979069477666598
-0.592069949967071 -0.430175162185265 -0.145225789925771 -0.107823071720154
-0.0572117479359772 -0.731041140551912 -0.0711169932379631 -0.234597445230714
0.305603581798078 -0.767530293212404 0.0197352535523159 -0.126129848047448
0.147841649624917 -0.740773595188347 -0.226298544410411 0.308536366261076
-0.232573789100125 -0.686080723743648 0.00559684646733126 0.308988476979485
-0.632680577490675 -0.346239698233513 0.233368080100339 0.0648829597741384
-0.667161955171714 0.192061908582672 0.132628888240672 -0.0450954605461195
-0.312998085898666 0.432337729071915 -0.0440546534149322 0.00137613612006408
-0.0606384257703945 0.450106256436015 -0.0198485135221155 0.10948910513451
0.152954602487096 0.456250647924808 0.0538486129288019 0.173754920130538
0.206446213782102 0.410694289243262 0.124211702824583 0.18597395761343
0.137365344438405 0.435784298549256 0.102558879752831 0.205861038610866
-0.114242164765468 0.443135957029695 0.0584075895045747 0.239396654762211
-0.336957066559662 0.331768019188227 -0.0561349655910064 0.247451044467743
-0.596752932644233 0.0698471991779885 -0.174144887754593 0.136676926238723
-0.494858877128766 -0.371143392804989 -0.14679292860962 -0.0534550945783688
-0.0478021885049495 -0.635738871954072 -0.0698760453558004 -0.0859910805761701
0.261669273161734 -0.709255348336926 -0.115224351476016 0.1101523912881
0.0760124024176884 -0.602473799347533 -0.34599541313464 0.516650698418884
-0.217850523760878 -0.535099206443549 0.00161241692802745 0.468095136537683
-0.496372065988453 -0.255038283158926 0.209202138723345 0.109826372761957
-0.495548989099049 0.152756064692796 0.0740846446505333 -0.00416479879994213
-0.23336326012515 0.317088369538242 -0.101272758923846 0.0993791415140623
-0.0578636941852748 0.335888956392805 -0.0329287339902636 0.257141109298891
0.0953415886037722 0.354107657413293 0.0927051556267165 0.318130156361596
0.134288209398088 0.314600169386617 0.169456057570754 0.318052863980058
0.0735454913577441 0.32750110106079 0.129012998077982 0.332251797889615
-0.110797801353189 0.309109015491125 0.0311133328891698 0.342270312614
-0.255841555585738 0.199205340373625 -0.114794421610743 0.296686146956186
-0.39067752964283 0.0139061893027303 -0.193588981674002 0.137758950755726
-0.312480500273641 -0.258313962865701 -0.136185641753243 -0.0190858180327184
-0.0245947009358613 -0.43883138287911 -0.0513451223192727 0.0308806380839606
0.178782241664304 -0.541497934914254 -0.205282465703674 0.303682993170472
-0.00579083399762174 -0.365316505198415 -0.440589643755631 0.650876607051419
-0.165297278161899 -0.289738057139116 -0.0185226718294209 0.576317783400049
-0.275452510679524 -0.115840713919905 0.165295015982984 0.155930966403663
-0.234912323876003 0.0897562754314937 0.0225138826123857 0.0343480640905376
-0.114152458471238 0.144318835732675 -0.134714990009608 0.168252535969267
-0.0468281075562202 0.162425397334534 -0.0406410948877497 0.356661985806129
0.0225848104634575 0.192059007392369 0.117559251824234 0.413627438850749
0.0410289726749486 0.170858309028243 0.189762458661068 0.401924491492622
0.00203175822284121 0.175765287517695 0.133714787430113 0.406218531499039
-0.0907991939329531 0.14397638575186 -0.00368693178925392 0.3894013349492
-0.145758715067551 0.05911612334047 -0.160243579412994 0.295175710975708
-0.157606524866823 -0.0268533878362506 -0.1945290533326 0.110553978678216
-0.118574340792072 -0.117857991667075 -0.119109485132857 -0.00339647189361282
-0.0131926790807113 -0.203831565356581 -0.0229174970649948 0.105429537872952
0.06858443344582 -0.310032360622316 -0.241568545416112 0.43200220703934
0.0671477974485348 -0.00728801703629541 0.0873368959848643 -0.524879611049675
0.0238037070465271 -0.04609452513492 -0.081282764190459 -0.222181356187886
-0.0415197184581054 -0.0282877626005522 0.0712720278588803 0.00602961196328189
-0.0601513876204312 0.0400727386192143 0.156107822953062 -0.0740743953448143
0.00935369093084394 0.0547515500254042 0.148233422629297 -0.251305973725146
0.0452489524237195 0.0293268612168405 -0.00634801140151225 -0.383818473988144
0.0603775430897955 -0.00247186438911233 -0.172326535135313 -0.390345929500982
0.048745415782342 -0.00511432163938057 -0.231838409519991 -0.374021212481306
0.0449867930969384 -0.00851805053543327 -0.197130346455516 -0.39537513659047
0.0322486849804304 0.0067740843975539 -0.0514491816815727 -0.363702586970727
0.0102788883627097 0.0287752957959579 0.0786544009005972 -0.240088304438015
-0.0335703667937015 0.000897553019320549 0.00473473464153464 -0.101666056820976
0.0194983371145306 -0.0436196775267911 -0.10335950823638 -0.185024375997788
0.08198039055849 0.0208431511835712 -0.0251749808707431 -0.494191099227294
0.0534377273597881 0.0876274243597393 0.401125735184389 -0.705346332369232
0.106802428833926 -0.250323927164579 0.0953344972235105 -0.484073652059685
-0.0279279043199236 -0.238717230688341 -0.0712638963927842 -0.213569112130601
-0.203401793320585 -0.128321660758252 0.079731331690314 -0.0210977685217267
-0.246972651328438 0.0854551076528167 0.148517499791974 -0.0825817123803719
-0.0882455350051388 0.183244483703686 0.127124199510573 -0.230609642766144
0.0326924710972116 0.179615977904419 -0.00591790053250149 -0.349318381703399
0.134968791350368 0.150619754473365 -0.15164017187426 -0.348114690274786
0.151850481763421 0.140118144194842 -0.191251677260096 -0.337498141136959
0.136979337195806 0.160996552835353 -0.164632887831732 -0.357876275980167
0.0264394430452138 0.202339129158452 -0.0207208431687801 -0.326627091738989
-0.100032913282977 0.193954289724094 0.0914153791791138 -0.197511326012549
-0.279154734666035 0.0776438383098858 -0.0050826272078515 -0.0762164479985018
-0.213407253602053 -0.166798895493965 -0.11422822399273 -0.201544739065446
0.01215770636656 -0.249615481881752 -0.0497089333190514 -0.499193682337566
0.125211684532938 -0.223782529809283 0.339095106188786 -0.680961964122153
0.127438477815951 -0.469485602147417 0.0665251945302911 -0.371447658708106
-0.0973322817852336 -0.415794031289345 -0.0578698853198205 -0.161916502561221
-0.367900616070537 -0.209086559129442 0.103445608065755 -0.0433400099364504
-0.416867714991446 0.14114782570769 0.14325082528869 -0.099206879116044
-0.172126056824208 0.303524456320523 0.0894985387275183 -0.201370818850136
0.0203008853954177 0.313521645209705 -0.0115527259444575 -0.280127002859454
0.19408208887427 0.285219472780911 -0.113227218724724 -0.258318087096355
0.232151342851615 0.26467919068922 -0.122298534890241 -0.25038805058795
0.204819804575716 0.304101449662987 -0.104522108429833 -0.263538451871119
0.0141368724120747 0.368100132755082 0.0123250298052371 -0.230617525368284
-0.200028829472258 0.333149849029799 0.0858993263391395 -0.111687206364616
-0.493165574450129 0.145386789984758 -0.0314990827862179 -0.0267576175501601
-0.423313051790249 -0.26883312922334 -0.134016109923028 -0.190380626761979
-0.0598498689203241 -0.487080644145693 -0.0778541739007864 -0.44931125527654
0.179662691808376 -0.50095996448541 0.24068104650148 -0.559998915640953
0.12403047377998 -0.634698733398792 0.00768129791370997 -0.193359340335946
-0.186367799605804 -0.557350694594102 -0.0307500957807722 -0.0595050161890617
-0.524935028183066 -0.256150437834807 0.139916335889277 -0.0560182830850567
-0.554900193418591 0.211449526080414 0.132157077927518 -0.115270597927018
-0.23079401446016 0.407926033949215 0.0383572071515405 -0.151422339619532
0.0118398580577134 0.412982765935261 -0.0174210718235272 -0.171717724661822
0.229551671734536 0.381475812159012 -0.0583595445843847 -0.127605943342329
0.278389584113888 0.349984305726199 -0.0343152768214076 -0.124744395531384
0.239181642443774 0.398602823993919 -0.028143131203108 -0.127500428514303
-0.0035864899984235 0.473703059196716 0.0452378224963881 -0.0916720218665548
-0.271373715969036 0.420354731589589 0.0658373765738317 0.00685201592613445
-0.632314900122555 0.192209698176331 -0.0660731612060872 0.0393190841633657
-0.569229370002265 -0.327053047630807 -0.150130626477219 -0.15016716522581
-0.121625499577994 -0.643019437628943 -0.0961872679958433 -0.34369684552229
0.204359811821716 -0.690697897634906 0.123878086832055 -0.357843038776033
0.09442724690483 -0.71885655437082 -0.0684858950612913 0.0368296046745798
-0.26704374300332 -0.628498855467104 0.0090264766846686 0.0899619762586451
-0.628864779454762 -0.264165048218408 0.175127844679679 -0.0484697762488873
-0.621628109245267 0.268579384220539 0.107718647030863 -0.113486942259696
-0.249976605155442 0.466639603015428 -0.0168637461084446 -0.0704380089065326
0.00827686943060075 0.459979537757207 -0.0166279307355578 -0.0293807674930568
0.234695587934325 0.424364130755919 0.00748101468044982 0.0260231200483339
0.282577987601116 0.380340860657886 0.0588907243233983 0.0196545640279952
0.231542241297097 0.426176683986881 0.0522190755187846 0.0282043406903931
-0.0244759561551702 0.496142841822259 0.0727619740208433 0.0664162490768718
-0.298987060750604 0.428669953557572 0.0325447756114031 0.134803142968716
-0.654057415973764 0.198177255363206 -0.102031437732795 0.106078068608017
-0.599535539435919 -0.33074964441836 -0.156537962716221 -0.092586008334586
-0.14840564645576 -0.677088121141435 -0.0935954874471136 -0.201632927151398
0.195390074693906 -0.758115691664033 0.00986242960980131 -0.112335312780508
0.0515720840844475 -0.69310885861941 -0.15079359467769 0.285570540241608
-0.298821801773027 -0.597626026845356 0.0502776277802901 0.260979055226093
-0.62163498290448 -0.232491685370743 0.192494950460162 -0.0154234611504522
-0.581702062225749 0.274112395681439 0.0716773533227761 -0.0818268191107604
-0.230017824944781 0.441412835453624 -0.0647839364762141 0.0317777297283091
0.00128835301115913 0.431526085183845 -0.00805091878549443 0.126111814850161
0.20494158675849 0.401150698102935 0.0749155716925444 0.179572083020372
0.244422174150749 0.354251898359679 0.143580503702344 0.160721029872398
0.189127585476793 0.38851978244105 0.12256887294772 0.175703034725788
-0.0445772098121709 0.432774145438756 0.0865020333960153 0.210712034142097
-0.277198887221515 0.352348506543898 -0.00983142577242457 0.239506883704683
-0.552818855073728 0.146895870862161 -0.134164971679974 0.150481541504713
-0.502919507051229 -0.284585996007409 -0.148383546708831 -0.0386454350647919
-0.12790091373434 -0.585725206806181 -0.0715800073454332 -0.0635987119349068
0.158254688395818 -0.695256072780488 -0.0826249882824565 0.128503463703295
0.00408314778785805 -0.552777590118192 -0.233420761676957 0.507314497977329
-0.263176711782201 -0.462140132281779 0.0716506579688903 0.41898721142861
-0.487247794844789 -0.167693157525995 0.185315430489292 0.0410909548975757
-0.428304969743353 0.213233816905852 0.0343859722409131 -0.0296678994966787
-0.16972740184375 0.326645714762175 -0.0963963449337018 0.126945061006795
-0.00761967313363183 0.323259604302108 0.00308732974243791 0.262292106690507
0.140242392192357 0.313886982402597 0.132639504934839 0.306199594337231
0.166184514619538 0.274600464578686 0.205522623765347 0.278614486646349
0.115530169790282 0.29512622514327 0.169640099934398 0.292787470280816
-0.0597604540917865 0.307844117826673 0.0800418323479369 0.314666847211312
-0.216284690922446 0.219170989417292 -0.0572593438367121 0.296104833771418
-0.365549471450898 0.0676104290875451 -0.153665107819955 0.157276189672537
-0.320050847487029 -0.200978562175702 -0.131785177653231 -0.00333392000687083
-0.080869525625397 -0.404473147210434 -0.0386151312829328 0.0409466845976716
0.100266242764804 -0.52429618041024 -0.141972245933691 0.321518180462149
-0.0434919229127484 -0.321517044828061 -0.306175771852193 0.662081604999897
-0.18079478283395 -0.242270027875762 0.0687046269101031 0.536289440889174
-0.266422490721686 -0.070016685407441 0.164137709213689 0.10651273403226
-0.199412822518576 0.117850600133496 0.00993789293231523 0.0223938835055862
-0.0817710787823155 0.152100566438234 -0.108077504816402 0.187597279423306
-0.019283966604742 0.159201798157975 0.0121702037596294 0.35042468873597
0.0510002310147369 0.174206053457868 0.170799654545185 0.385907681362715
0.0634401702878215 0.152435986828794 0.238255731334422 0.353458542816454
0.029207457523843 0.163201177262846 0.188101104134587 0.363351613455271
-0.0633591505491714 0.149343595131084 0.0574829687689127 0.366202431544983
-0.127934141933146 0.0761042701718156 -0.10012089886153 0.302595087647042
-0.151887569849642 -0.00208376378324127 -0.161188131146025 0.133874155738182
-0.124918033639266 -0.0928046943515555 -0.112102454393914 0.0128422336802487
-0.0410652501066685 -0.186003731362057 -0.00371493895125131 0.103414794803355
0.0249496230220952 -0.292640375100413 -0.159992130366626 0.444337867172103
0.0636038701873313 -0.00478446600639882 0.0948044981123147 -0.505927641230999
0.0241216573244856 -0.0442001899855336 -0.0721286244194619 -0.213413503648246
-0.0387573356291936 -0.0312112968988908 0.0697372702576908 0.00455244549367178
-0.0594194937032881 0.0374216505891231 0.150224238338697 -0.07097643449629
0.00606739777299183 0.0544227794329777 0.143588319711727 -0.239531774168861
0.0431451035739167 0.0289083967196669 -0.000970078305782566 -0.367460807831403
0.0573950894290422 -0.00213773789851573 -0.159136684303499 -0.376070931236688
0.0466703794371298 -0.00374129400490222 -0.216492035268512 -0.364919252812136
0.0422859300190113 -0.00676733098201912 -0.182649108406106 -0.381724802857457
0.0291571354261053 0.00736275957328014 -0.043219653195366 -0.350294101289781
0.00882767377523904 0.0268124889246348 0.0778608581778294 -0.227931938723296
-0.0328561434989591 0.000138052853449823 0.00481127311380951 -0.0959334915780801
0.0191162681305263 -0.0432452670781986 -0.0981964499758312 -0.177900537385192
0.07967287944808 0.0217621421239254 -0.0144985824696708 -0.476386990076564
0.050817378387541 0.0868409759441895 0.394928751345151 -0.672518430632169
0.105381826667027 -0.235815367064946 0.10151336264551 -0.468621368745125
-0.0208939240842483 -0.229720128452083 -0.0634439517166728 -0.206792900078311
-0.19233883095418 -0.127255178094591 0.077318624750806 -0.0221217564624484
-0.238925869348671 0.0792665780627329 0.142824027680043 -0.078931869687745
-0.0888883610997625 0.176700578069804 0.123734601759065 -0.219332742107768
0.0289144334276809 0.174347209576831 -0.0023399194367854 -0.334163692868416
0.126695556372209 0.146281888087904 -0.139025419954898 -0.336107012294809
0.143794233250483 0.136270554472342 -0.178692821566384 -0.329622265994875
0.127951964947573 0.155899253539956 -0.151541452151157 -0.345228637107692
0.0212885832643646 0.196012051729659 -0.0139522052753847 -0.314823237253368
-0.0998642427477347 0.185485184211416 0.0900539949554428 -0.187796238791544
-0.269633716302025 0.0708916577475973 -0.00671871834360177 -0.0717013950838752
-0.203573956319086 -0.164731939104163 -0.109493827085699 -0.195358563532849
0.0178120215415275 -0.240048593048087 -0.040324166672297 -0.483342297990467
0.125325979823799 -0.209730775281147 0.338366814476628 -0.65035685360005
0.128547193833713 -0.445544752413784 0.070379363952115 -0.363896529941253
-0.0830327469561618 -0.400105712102158 -0.0527217004307018 -0.157956349349102
-0.348696128445182 -0.206082914113549 0.0995967849415461 -0.0435197875252087
-0.402615144766696 0.131467111847758 0.137963393229686 -0.0959606205945201
-0.170695093327179 0.291497592223626 0.0871566088071066 -0.192236078203385
0.01565911369091 0.303148629457812 -0.00936026966710546 -0.267768159335408
0.182018760807727 0.2765149597402 -0.102555948896842 -0.250000889315523
0.220706881068781 0.256068555045045 -0.113257603759195 -0.245028859869028
0.192202492260648 0.294334096196729 -0.094814400254402 -0.253975343254569
0.00814884922818815 0.354185352953622 0.0169250009391093 -0.221917221033591
-0.19773887571323 0.319210313420182 0.0843383404054665 -0.106048925415667
-0.476170108340043 0.133715426319894 -0.0333525993930489 -0.0243938689427549
-0.405309173458045 -0.263816587697778 -0.12793925175809 -0.187664365071224
-0.0474341168116572 -0.469634769531722 -0.0698690297070144 -0.437030968430068
0.180510107387897 -0.474097206474584 0.242700928597903 -0.535186792970235
0.127727950973954 -0.605079091608619 0.010549443317398 -0.19326224805727
-0.165944720521335 -0.538121854789332 -0.0298629018038946 -0.0592181354750669
-0.499140877949997 -0.251745963619914 0.134091464034726 -0.0549510422001129
-0.535119822505269 0.197829944004853 0.129237792162482 -0.112090903898925
-0.226618850516522 0.392601113912071 0.0380451854938686 -0.144902536659385
0.00666969365433413 0.400922068870477 -0.0170824460910668 -0.163810736126097
0.21497078774011 0.369944694158871 -0.0511527427652126 -0.124935403720155
0.26349964483298 0.336860243934202 -0.0301930382910641 -0.122770737453496
0.223492242533895 0.383076805976286 -0.0233124901371335 -0.121550097788579
-0.0101588639269937 0.456901046651227 0.0470276511685608 -0.0875508454466718
-0.266516003201359 0.40267048143436 0.0634998473906789 0.00663091416221262
-0.60977090191638 0.178426522726779 -0.0678376260917995 0.0388838661030353
-0.544184272844157 -0.321803970334096 -0.144967778497532 -0.149434190294131
-0.10359907851971 -0.619393227443438 -0.0885758316321445 -0.334386242064918
0.209164315624332 -0.654814021387385 0.128243800951498 -0.341946977301213
0.102836293473136 -0.686846488931696 -0.0669935713361427 0.0262082657425727
-0.242644074243097 -0.609753040084505 0.00537876308504854 0.0847292805970322
-0.599608971231361 -0.260117025526069 0.166994388494286 -0.0471320249078421
-0.600187082488376 0.253667482458061 0.106145754109066 -0.110466976134563
-0.246166580567796 0.447660947925046 -0.0148009088841342 -0.0688340733085338
0.00268682520576616 0.445311968600654 -0.0187654126200435 -0.0275775575174492
0.221029376682872 0.411941769883631 0.0096696187758438 0.0234676757488917
0.267742943698407 0.365111577352567 0.0572672539439552 0.0174379508172819
0.218984652577146 0.410503362062764 0.0513873067288578 0.0291321087250313
-0.0301326209249365 0.47691849598248 0.0716393549714109 0.0647392136293948
-0.292182995399159 0.411096182393982 0.0308204819056305 0.129244193968964
-0.629884930029399 0.18209173221228 -0.102926292194014 0.103251120377923
-0.57371444545046 -0.324189983744037 -0.150087965196271 -0.0944160848549277
-0.128699057177655 -0.653525661444532 -0.0897845422320575 -0.197582117527625
0.200772501084637 -0.718754897621309 0.0144562957364732 -0.105100428149142
0.0602795395495023 -0.66412802636707 -0.151262657540616 0.265233698284792
-0.275764636025606 -0.582212483120191 0.040900768964578 0.25059344427712
-0.595182035392328 -0.228865523564828 0.183833451037873 -0.0147122542680105
-0.562588107773895 0.257230348859754 0.0714343571402625 -0.0810303003175606
-0.225721807523792 0.424641410421103 -0.0616915329210408 0.0276515771205119
-0.00291222892387901 0.417783089744882 -0.012357658214675 0.120537345084643
0.19258735408435 0.388009705129386 0.0722254818419296 0.171111555065225
0.229869257595608 0.339745505251009 0.137012587480246 0.155332851679525
0.177449046680138 0.37439506260705 0.116647325049809 0.171835727036491
-0.0479673309702839 0.416591286788286 0.0817863076131146 0.204115736212559
-0.270826527219416 0.338087989726021 -0.0114991826590016 0.229107833999875
-0.530249404144338 0.134579371678954 -0.133318222061562 0.144215351391007
-0.480571362620476 -0.277361402706553 -0.143715294890693 -0.0420316027940772
-0.11122628286972 -0.564294389237436 -0.0714836245852196 -0.0641812143174983
0.162025558101553 -0.659394149829639 -0.0778524682264587 0.126076162390546
0.014226733763539 -0.531972607318996 -0.233556654194183 0.479710352955686
-0.243523712985356 -0.449740206023833 0.0587008932261893 0.402553777837554
-0.468965464253864 -0.16551805076702 0.177062269064889 0.0409302592198458
-0.413929063374309 0.202603968058397 0.0346527198623847 -0.0311224778172956
-0.166500480233631 0.313549214684699 -0.0935104950330622 0.118875127012717
-0.0114886420019264 0.313354213746931 -0.00273854991021659 0.2519993257015
0.13207663528991 0.302516826121461 0.124690671137216 0.294525337721358
0.157240571615347 0.262975728901988 0.194717439178972 0.270747480381437
0.108767527398978 0.283144005772141 0.159390259826878 0.284076546616648
-0.0604630904248868 0.294856279918497 0.0737547817509149 0.303603406937316
-0.209300344278306 0.210333941008551 -0.0569251701349885 0.282284999870013
-0.349551650597416 0.0610759656861201 -0.151517947164617 0.150536319325986
-0.305513001145511 -0.193531239447549 -0.128126293313997 -0.00720566264924727
-0.072218512139154 -0.388550164821627 -0.0414656777893065 0.0380466374838076
0.103171869258937 -0.498903379094995 -0.138299181572939 0.310949218689007
-0.0353503095328968 -0.311263693604431 -0.308460307839927 0.629445242829067
-0.169628698643316 -0.238046731907046 0.0555330759886852 0.517441891903167
-0.257293808074666 -0.0686101859868053 0.156116853114347 0.103973313345243
-0.193034811574425 0.112186825426476 0.0108187865493811 0.0191412826636969
-0.0794360520524352 0.145396652960099 -0.105503688855723 0.177477413787834
-0.0205477161109289 0.154518578341005 0.00498879242034962 0.336031357602277
0.0473453237816745 0.167708396414896 0.157998280530657 0.371341113351012
0.059536039798369 0.145489700221916 0.225113981171547 0.344008376325306
0.027656354461221 0.155718126437908 0.175641570527502 0.353196417928225
-0.0612180589496434 0.142064341323491 0.0513680522897995 0.353433056789613
-0.12288500667798 0.0731471537009274 -0.0979321545883331 0.288648883478031
-0.143774550654233 -0.00316341599918328 -0.155839443939336 0.127515254057209
-0.118887188369287 -0.0878717265705532 -0.108727225712613 0.0105642161652812
-0.0379437628156495 -0.178208422116596 -0.00885113570605656 0.0991824652358927
0.0270822522598268 -0.278847865576903 -0.157284168616526 0.428841471127348
0.0624380357257871 -0.00121628221699395 0.112377500313701 -0.504191548937625
0.0266255827508435 -0.0426823301798868 -0.0614363743019651 -0.215107897662237
-0.0378212065198218 -0.0345944684207653 0.0712743644732789 0.00356300625308446
-0.0613661426531645 0.035667916304166 0.149657803953762 -0.0678029827031735
0.00317591289334735 0.0563810462268167 0.14859198545337 -0.233499634341964
0.0420413270414815 0.0304220691059998 0.00974153457400013 -0.366020837216982
0.0565037948978706 -0.000514921469848689 -0.146594738675222 -0.378850470132707
0.0467436009005244 -0.00151404152675268 -0.207465458600624 -0.372037061690334
0.0410552338164353 -0.00454652732288553 -0.169626745999987 -0.385164486525998
0.027261255062807 0.00927113342070375 -0.0318895136916684 -0.35037849318068
0.0069659407712647 0.025842038298358 0.0840136697328476 -0.223289239020892
-0.0333399783862599 -0.00163232112584663 0.00630861910816955 -0.0935728422693647
0.0206953235091334 -0.044156761176085 -0.0933559170560477 -0.178922663491518
0.0805438285768443 0.0242845471581456 0.00131646336460393 -0.477112245393006
0.0489318486052741 0.089718987570334 0.416849217098485 -0.659758120897539
0.111550853607144 -0.228801501408815 0.116984571723695 -0.468209601770835
-0.0112710628878956 -0.228940317453579 -0.0550947632901813 -0.208724380979902
-0.18685203853992 -0.134300984355444 0.0780421888820333 -0.0222248416452073
-0.240751202818168 0.0734677848017275 0.142966815861075 -0.0761441636518332
-0.0946706464280042 0.176216934728449 0.128364780067458 -0.214621617195964
0.0240372092016429 0.175675383558767 0.00734429662565824 -0.331958529596163
0.122037167108233 0.14918117766997 -0.12664666876533 -0.338760104606184
0.139527901691362 0.139713920893702 -0.169018600355855 -0.336318632735322
0.12160633870655 0.159732108192015 -0.1386000020469 -0.349579014825575
0.0140000902302109 0.197094256338507 -0.00299331931585477 -0.314663209036927
-0.105129078948548 0.181465233096568 0.0947391479450692 -0.183286561412515
-0.271620282136146 0.0618443869767157 -0.00711724222039362 -0.0690607613741097
-0.199332674619505 -0.171206782219832 -0.104400239538733 -0.19875124961328
0.0282227124439687 -0.2385080715341 -0.0226598215842369 -0.485396404201288
0.133153280965334 -0.202749955932092 0.359188721635859 -0.638120952685176
0.141865405490258 -0.435952855698816 0.0817996039079217 -0.365081346114278
-0.0675205627236013 -0.40059238545425 -0.0469009895882122 -0.15972447180386
-0.340292575756149 -0.215589297771265 0.0999216057034912 -0.0435190776095916
-0.404727544827575 0.120773562020267 0.140024470750904 -0.0937092085159383
-0.179404264357577 0.287694098779264 0.0920397303707864 -0.188773672679603
0.00709168167559533 0.30444527337514 -0.00257682847093765 -0.265535895107387
0.172827403805415 0.281080482907708 -0.092235980112734 -0.252796096169991
0.212162736242699 0.259817211575221 -0.105945718893738 -0.249588833349704
0.181401846996494 0.298579092129133 -0.0850379199269479 -0.25492464924905
-0.00410329428874359 0.356095185547714 0.0252317007904565 -0.221806773693106
-0.206757109004558 0.313543363060417 0.0869492950748615 -0.102714579124477
-0.478742546115243 0.119336230766389 -0.0355207588473103 -0.0226211015931058
-0.396465337941418 -0.274792017585874 -0.124545934122988 -0.193064988177786
-0.0281577730008422 -0.469406831667758 -0.0548077129236187 -0.438214390787558
0.197097577534571 -0.463091308123664 0.262904379187529 -0.525582750526981
0.145099065704412 -0.594892966302395 0.015658508546345 -0.200036255335877
-0.146192054643008 -0.542232776297627 -0.0285122082052403 -0.0609164325725733
-0.489700706891578 -0.265166224509358 0.133705548566014 -0.0533257191901589
-0.539417576299326 0.183876996013125 0.132372363585515 -0.110562711982611
-0.237232355907485 0.385637064701802 0.0431941162971946 -0.144116982774217
-0.00439663799556004 0.401362986083144 -0.0143652452898606 -0.162227892971864
0.203914957922766 0.375042659465154 -0.0444881120661822 -0.127008299040773
0.253234160895111 0.340487926981561 -0.0259600460095368 -0.124943741958642
0.211099441922462 0.388006649532917 -0.0171151768253497 -0.120858363220933
-0.0246043805687187 0.455355492580632 0.0515142483842607 -0.0863207801979883
-0.277591644105161 0.396335643175903 0.0637283603686027 0.00907808448478426
-0.612324503144828 0.159695077154991 -0.0726418992687921 0.0401930822705112
-0.533876755161043 -0.33447077845907 -0.14217014660211 -0.157517080747463
-0.0792648169270983 -0.622256036730327 -0.0809202059049022 -0.338619847520712
0.229395962774079 -0.640883586436537 0.14314876089828 -0.334745451027797
0.124871022292723 -0.677843024720981 -0.0696630392194877 0.0168045848052186
-0.221571399231951 -0.617589961005998 0.000308206678904058 0.0837591667184854
-0.590886696472102 -0.276078020915884 0.166549123566348 -0.0443423913149776
-0.605488249568817 0.237577457416166 0.110413173123137 -0.110780484296583
-0.258508868072233 0.440570158684839 -0.011827126088478 -0.0705723192710388
-0.00937370036222383 0.446559154372052 -0.0201296137510211 -0.0270116367710526
0.207415878123424 0.416148681262312 0.0120434335742269 0.0213886135177222
0.256253391632839 0.368736188721177 0.0572278289684586 0.018214417395867
0.205765140765888 0.413697812057642 0.0532006632500604 0.0317744439686339
-0.0444689706287328 0.476407357564539 0.0713885308216248 0.0665379903227044
-0.302968917985061 0.403745322116581 0.0278770875275115 0.129556002137861
-0.631789051301314 0.163563094343714 -0.109088177592751 0.102839650638092
-0.561714692406317 -0.337678803626633 -0.150402869667211 -0.103188836918429
-0.104478357923106 -0.65491209166642 -0.086530305843738 -0.202045033613947
0.222731062320657 -0.7053282821103 0.0221573794978515 -0.102326840733164
0.0810853783625602 -0.657691681823999 -0.162026454247231 0.253861258340597
-0.254022067782782 -0.592803545938784 0.0293435570964629 0.250792375631593
-0.58613444182978 -0.244736249630765 0.182973646306307 -0.0102508835737528
-0.56735423035659 0.244253387274369 0.0756596366498629 -0.0824048407713329
-0.236981216937985 0.417147049548288 -0.0608511146590954 0.0236964471621221
-0.0143445022855242 0.418835130944299 -0.0182481802552428 0.120725022901276
0.18104247608601 0.393450976604912 0.0688742292762415 0.171039120496455
0.220820598971232 0.342623772188329 0.132267833645418 0.1582592226079
0.167191441856163 0.376276748887925 0.112913773034474 0.176045760214958
-0.0597465932726809 0.414010682679104 0.0775070813196883 0.205819490793775
-0.278920718832939 0.330914626032315 -0.0165717797682257 0.226829234769452
-0.532517967753731 0.119391260156713 -0.139638179994534 0.143113608258387
-0.471100959564036 -0.287640013540461 -0.144522697780396 -0.0498419815912466
-0.0921301971459862 -0.564900395568728 -0.0725885870114982 -0.0669857093335168
0.184619989507256 -0.648751568310511 -0.077661492720915 0.125871803416164
0.0325126154484038 -0.530990588732652 -0.253088157720318 0.466600112432951
-0.227532911244073 -0.460436021930889 0.0423560122336492 0.404884361162157
-0.463088007468769 -0.17668137140982 0.175082368598541 0.0455798205601908
-0.41975755499808 0.192160154933425 0.0377356481247051 -0.0336025867058704
-0.174895242173762 0.307560998422246 -0.0952588753749486 0.11283852454135
-0.0193326355757055 0.314302266979798 -0.0122388721673044 0.251247940802737
0.123780478084046 0.305929635131768 0.11647747211303 0.295989840128374
0.150129489120222 0.263200104248994 0.186844776788487 0.275324059042022
0.101373743164612 0.282905850878154 0.151414366986027 0.289943815185433
-0.0685399956446072 0.291922663313358 0.0666236324312033 0.304855237921756
-0.21331856568471 0.205786451283793 -0.0637495904337815 0.279184391715603
-0.348228833056289 0.050997706016325 -0.156644160566732 0.147258199724162
-0.298377897495953 -0.198051897465 -0.128847006297998 -0.0135759461043868
-0.0574805646607186 -0.387833247466026 -0.0463363256772959 0.03533295135332
0.118994714809412 -0.490369926836953 -0.143615449247343 0.309242520266114
-0.0229020952075069 -0.313350473027262 -0.331084367988778 0.617544889833724
-0.160983425699654 -0.246068028116301 0.0353552084190846 0.520066094762557
-0.256311844416913 -0.075156550805077 0.152782480600812 0.108986365088288
-0.195434383609119 0.107419484888188 0.0121128781267762 0.0164572675444228
-0.0830786192943569 0.141402982839169 -0.109500002305731 0.171031435870619
-0.0244795686120267 0.154483417699736 -0.00640542950879532 0.335224345513259
0.0437191691296307 0.168212648437281 0.145971955987671 0.375105541580769
0.0556791320094084 0.144869146779639 0.214754644356864 0.349940775225757
0.0244700698068392 0.153977341332824 0.163587980727537 0.358528871106356
-0.0639363214888025 0.139026316247954 0.0413012649054589 0.353534513234355
-0.123078849041064 0.0707900009419777 -0.104938558606602 0.284521782617637
-0.141470971196603 -0.00639123839534243 -0.159320197153412 0.123095405266549
-0.115381150951217 -0.0874333563571515 -0.109241228650611 0.00666392153591908
-0.0328636425250691 -0.177019378751253 -0.0149641701560772 0.0981887246096711
0.03423334288836 -0.275212220694642 -0.167858793797421 0.426351876750582
0.065059925190793 0.00233171197377915 0.128261101497541 -0.52400739965586
0.0301000484754245 -0.0429935798606584 -0.056277192676044 -0.225234506916308
-0.0390826896637396 -0.0392668541309166 0.0749573519411477 0.0024709730705803
-0.0652489801649853 0.0356225576741357 0.154205038275887 -0.0686098352387059
0.00163406501128642 0.0607922852299124 0.156300390168384 -0.238788421202412
0.0424851895407372 0.0331359104653752 0.0167819173489483 -0.377926864513596
0.0573522217856507 0.00090115487656982 -0.143834617833595 -0.395244085498097
0.0487118439668897 8.65501712847567E-05 -0.208596000796409 -0.390573105468669
0.0413997323577944 -0.00268344857440676 -0.167574829763957 -0.403450357361219
0.0267016569295719 0.0109173352672597 -0.0245862502936032 -0.363342024979465
0.00586424534425787 0.0258522475582629 0.0914919151714496 -0.227567592908359
-0.0345280386869472 -0.00289208535341258 0.00672326932589841 -0.0953531772487731
0.0218929553577323 -0.0473132638722695 -0.0935149920592374 -0.185754182020405
0.084279513531524 0.0275341432799259 0.013951030469895 -0.495277901519976
0.0494211905690264 0.0952425922991515 0.446978825914832 -0.676220250408637
0.120113200876773 -0.231378282028303 0.129781833388451 -0.488211125251068
-0.0036998701039455 -0.236473007084175 -0.0508902061057735 -0.218203988201239
-0.191322458416772 -0.144053809632166 0.0820543014597807 -0.024015617578959
-0.250938563513999 0.072516144820884 0.147898609126457 -0.0781930694202389
-0.102193668042296 0.1832248608676 0.135877759890493 -0.219132390219251
0.0216772794032659 0.183734337875636 0.0140275895986754 -0.342610651368199
0.12220986417037 0.157065286246626 -0.122816032053141 -0.35339928257638
0.142073891533232 0.146622794414627 -0.169050618132695 -0.353965030680245
0.122245643729741 0.168229926714676 -0.135664910180689 -0.36481677596449
0.009326398723604 0.205905789596359 0.00473652423496622 -0.326057827589787
-0.113327749728985 0.186496328287007 0.101617338289877 -0.185849245887062
-0.283392748085966 0.0591477377497645 -0.00816802266715152 -0.0692130933783458
-0.203626140430862 -0.181851753102262 -0.10680191212873 -0.209419344850634
0.0373628446197456 -0.247563340266959 -0.0135607710963019 -0.506158950714031
0.143457536547175 -0.20487590215257 0.388116272352301 -0.655443989259076
0.155261161187977 -0.443834696047286 0.0913181099063125 -0.383470845464549
-0.0585671885307252 -0.416366778318786 -0.0449843332191553 -0.167412170171467
-0.347196372220773 -0.229392303640961 0.10371110199057 -0.0449542752770087
-0.421495890904097 0.119310050351 0.145688557861204 -0.0968064886505346
-0.191084879908938 0.297086827131432 0.0985517498312527 -0.193449484147405
0.00282118278091443 0.317030116512747 0.00112903598813209 -0.273084184206352
0.173504238348306 0.293598446473333 -0.0880540946307022 -0.264678250533343
0.215500380279476 0.271555847198171 -0.105283647877034 -0.2629070233087
0.18217079541364 0.312174042648521 -0.0808819106048427 -0.265934627170079
-0.0119975964468483 0.370080727923203 0.0323652980261373 -0.229754706634644
-0.220044004410941 0.321669410972669 0.0920722246001575 -0.103257200216452
-0.498888424509096 0.115689825996534 -0.0394932306597821 -0.0205868986226507
-0.406958213682989 -0.292821962074594 -0.128631128633446 -0.204869660142252
-0.0162154419749075 -0.488895853126913 -0.0496688312365083 -0.459854949235914
0.21550239365748 -0.472537556609795 0.284259689100835 -0.539597413176022
0.162131125134751 -0.60925181904002 0.0177001317617575 -0.214026555094688
-0.137339539175613 -0.56571676737771 -0.0294636006928551 -0.063489728280042
-0.501754705394722 -0.281972372094176 0.138703845792028 -0.0549318362535545
-0.560909406807814 0.183388373746973 0.138894281103411 -0.115488658867461
-0.253893330857352 0.398220512340395 0.0473622341796272 -0.149135932919754
-0.00973422979563885 0.419245646716993 -0.0129995345875341 -0.165629770497239
0.203481423170583 0.391391566140127 -0.041086198421709 -0.133860575981304
0.256460212656217 0.354832492887164 -0.024182029629855 -0.131617784577137
0.21040429602137 0.405215411935171 -0.0125660885330912 -0.124411612996839
-0.0338947859848429 0.473550760125071 0.0573698185354745 -0.0890454517796054
-0.294462132962051 0.407647064885858 0.0662801284808588 0.0112773263459596
-0.637028394065917 0.154444593365126 -0.0793865464302674 0.0437732484299677
-0.547149731978513 -0.355530458116314 -0.148856143621453 -0.169053567008429
-0.065803573555727 -0.645457833180702 -0.0791384048566209 -0.353667144204384
0.253695844830846 -0.657700974967994 0.157518572657501 -0.344088189003521
0.141460163845201 -0.698013442290431 -0.0757378180457425 0.0094644731595226
-0.214567470688809 -0.646137707055083 -0.00345665710161462 0.0877624906918326
-0.605854919761975 -0.295254518167045 0.173019967005864 -0.0445413048062915
-0.631599691966998 0.238696590173212 0.11764566834073 -0.11722065911624
-0.275558831617367 0.453107504267167 -0.00984993786881215 -0.0756166940770522
-0.0161268240608701 0.463751714616468 -0.0220875513663867 -0.0265516148386444
0.208915344773566 0.434383201214541 0.0144769563435728 0.0206939391485304
0.259570634659421 0.383236815419025 0.0598712574134804 0.0182977664586005
0.205303775415303 0.431495766100623 0.0572906882553516 0.0357859348083758
-0.0553581699744066 0.49418200602604 0.0747794978425463 0.0699934779448862
-0.321811707355998 0.415181291650426 0.0277362790548048 0.135265816821573
-0.658181262673269 0.158618539712453 -0.117519530111758 0.108107126806795
-0.576046244927676 -0.358120057554164 -0.158254374064332 -0.11303590473172
-0.0909419253155601 -0.681530213860717 -0.0899565460746834 -0.212296764570907
0.24704796619429 -0.722758060698667 0.0285637334120319 -0.103726136466378
0.100002131606416 -0.678783179301098 -0.177328004731988 0.255515834313512
-0.250708495719156 -0.621842055493685 0.0233092130857565 0.262668843544869
-0.6040830402173 -0.261841728571843 0.189550199589418 -0.00827549269374302
-0.593089764702228 0.246966955986365 0.0817628685495832 -0.088757149311442
-0.252909164361514 0.428629250100279 -0.0627009183514225 0.0205792901357386
-0.0211371350194241 0.436121951216786 -0.0230983727844421 0.126199006966926
0.180729574616995 0.408826025551238 0.0708765111896689 0.17739878215549
0.223520476705806 0.35492530659575 0.135287164037796 0.165584858717944
0.165303912914562 0.389717596192537 0.116067160446553 0.186413371153336
-0.0704509656197914 0.429300104203625 0.0788546982470947 0.214322895812029
-0.293375746442261 0.339632282097678 -0.0201088814852672 0.235435786154672
-0.552669824255633 0.114889870846875 -0.149054841658285 0.149485858887156
-0.481757738731366 -0.302194497743716 -0.153384432633488 -0.0579594302343582
-0.0785752411361851 -0.587382256414763 -0.0791773237455015 -0.0723602499515854
0.205859927613164 -0.662971037130283 -0.0787326974312133 0.131301389346441
0.0450522754334821 -0.549435680164272 -0.276460327965816 0.477398230228691
-0.226247576040353 -0.48539398095652 0.0334425350528191 0.42427248651581
-0.478316171598774 -0.190143870813195 0.181242728047367 0.0496091467796778
-0.439009116500197 0.194088637059765 0.042184409367964 -0.0386079008112886
-0.186424492377095 0.315922112386157 -0.0998326078263143 0.112156352653129
-0.0248953554557506 0.327420199939505 -0.0189536733373182 0.260220200485934
0.124065620006158 0.318884687827378 0.116614360478785 0.307816854199083
0.151080594120023 0.272585758604708 0.189825369086956 0.289236485570951
0.0999272150399567 0.292687728891379 0.152250579177099 0.305340013999877
-0.0754262508982137 0.300797433869722 0.0642738489930928 0.317098915621883
-0.223835894305256 0.211163181214573 -0.0696136890455669 0.287485756126915
-0.36013883988798 0.0473894344255026 -0.165921816995312 0.152302573623897
-0.304112632034254 -0.206579220631277 -0.136836362805921 -0.0188497437368212
-0.0516392469475282 -0.401438607926181 -0.0527733955273738 0.0352513328297546
0.133699436460172 -0.501321650607621 -0.15182015525783 0.320224417484361
-0.0156992051109224 -0.327251091133496 -0.360701958121021 0.633898754347299
-0.162769284466828 -0.261415347446641 0.0237351770290682 0.543026840649909
-0.266402144251656 -0.0807371806294332 0.15739640637411 0.116015652761981
-0.204746101850581 0.109862390399429 0.014543335948626 0.0132399973681114
-0.0889455717088734 0.143749406202182 -0.115355068701247 0.172116494253999
-0.0275862533525068 0.161124784966578 -0.0142580252077162 0.346982365467297
0.0433083682905615 0.174124251677546 0.145452509009347 0.390471877170416
0.0556120323208143 0.148592516234865 0.216097595393737 0.368249778206571
0.0241054020142586 0.158143990699224 0.163150419284284 0.375067213986834
-0.0676278166861098 0.14206840900791 0.0372261358607076 0.367166763096265
-0.126739911375493 0.0723381567765165 -0.112292148759469 0.290173931462774
-0.144562187715924 -0.00843849189989958 -0.167117080795974 0.125601538546808
-0.11712115223467 -0.0895558022393963 -0.115677039333339 0.00485365928710577
-0.0311117572508783 -0.182695036167274 -0.0216923515137298 0.100642016964806
0.0409617093203243 -0.282399700725903 -0.180245418768173 0.441123618910328
0.0690314766936314 0.00375007936081295 0.126432052431746 -0.559403604497258
0.0331169013917352 -0.0452299821336191 -0.0614202708400382 -0.238802954097944
-0.0421087278903953 -0.0429231066351466 0.0804424614124357 -0.00152849354345915
-0.0691256524474465 0.038380245532154 0.159174112541186 -0.0759059395769624
0.00293094019331015 0.0664079336984319 0.159679093219741 -0.254779426164961
0.0453653020898512 0.0349039561308148 0.00978388833454071 -0.40016240405579
0.0597644871974229 0.000465199926705155 -0.158635924382678 -0.414422191603482
0.0518047642792086 6.40174198076569E-05 -0.232430724871229 -0.410913991161159
0.0430768948820116 -0.00233249073158249 -0.185847242242384 -0.423469159446376
0.0267516845455445 0.0120277758046283 -0.0327932490236472 -0.38345372027538
0.00503436283316672 0.0263218790389263 0.0917427542356899 -0.239918346099222
-0.0369723364745212 -0.00320632112456435 0.00355503602145473 -0.0986826783307897
0.0215247861572781 -0.0518418666665142 -0.102872364295704 -0.193464508390189
0.0909654609930456 0.0269997833922421 0.00889810698975134 -0.52578143654083
0.054929202126803 0.101031937994212 0.460615261524128 -0.726768798143376
0.123657780045786 -0.242529820320428 0.128130692533512 -0.522294884212819
-0.00525264567982654 -0.249429286205724 -0.0559732140002151 -0.230277092307204
-0.203941839804881 -0.148895230554649 0.0859609024688057 -0.0288623563108308
-0.263883672142323 0.0819976825200623 0.153167102343707 -0.0863520186588967
-0.103763737700054 0.198039188584642 0.137706627168009 -0.233753650085196
0.0275719353619764 0.194778415060806 0.0071319389307587 -0.360542830397216
0.131218849144677 0.164515472862044 -0.134868148795561 -0.37243479862477
0.153503361355697 0.151857962632913 -0.187971820503423 -0.372856329023382
0.131860485334216 0.176294429428194 -0.149452939299836 -0.382912668058659
0.0125423281250115 0.219170450779498 -0.000952219514080237 -0.345362059656073
-0.117322543893277 0.198824231547591 0.103952212356421 -0.1971107227965
-0.299633660302138 0.0678074488013789 -0.0124970159151582 -0.0690808962541464
-0.219484175388523 -0.188682644071239 -0.118984797671405 -0.220195482809511
0.0373020398089262 -0.264010078078205 -0.0233466279451669 -0.536112311199051
0.149993291747715 -0.217598014073899 0.398275372022627 -0.705183892039296
0.15649999720903 -0.468322171709904 0.0871160351253121 -0.413206359120843
-0.066097928052839 -0.440022905118513 -0.0500310195463131 -0.175868897937785
-0.370820256729193 -0.23509097901139 0.108388811526452 -0.0517986394123463
-0.443014709688413 0.13726305475713 0.150911329244953 -0.108622972189038
-0.196257259378673 0.3208885268675 0.100258869064222 -0.206384144295441
0.0111950832863287 0.336447549023923 -0.00409830157097354 -0.286000145120269
0.188531647590741 0.307464068130351 -0.0962211496944372 -0.279294570699594
0.234126220606727 0.28071278250007 -0.117674460875251 -0.278047195615214
0.198578201442626 0.326920693551372 -0.0883259276170539 -0.279618692422604
-0.00694257568233112 0.394250554835635 0.0318900872266456 -0.244144271541728
-0.227005524169659 0.345010668931593 0.0964528611763813 -0.109769632961708
-0.527162601987878 0.133229734981122 -0.0443726798535808 -0.0163493336357672
-0.436574377421939 -0.302550870483821 -0.143939855996521 -0.216537313948916
-0.0218622305912587 -0.518710316686045 -0.0625690033083273 -0.486601935329505
0.221103399370793 -0.501031770644569 0.294378643585889 -0.579336244396453
0.16137245482522 -0.642373053255036 0.0121608038812894 -0.232078402715068
-0.153317946058261 -0.594195230265627 -0.0329036986412769 -0.06644228045785
-0.534362507090089 -0.286297467540588 0.145398628203591 -0.0629457323108346
-0.590259125032804 0.20810669340909 0.144368017967957 -0.129914480301416
-0.261179068718178 0.428567255719382 0.0481095948653791 -0.159995318362094
-0.000381384221013844 0.443770522003715 -0.0177356980641602 -0.172862905630726
0.223370990835522 0.410501675408441 -0.0429386251854564 -0.14275072371571
0.280012070559291 0.366663757639213 -0.0284765144367496 -0.141203112153413
0.230620161837435 0.424797387499377 -0.0126048482107582 -0.130870483491575
-0.0283175953172851 0.504966707669474 0.0612223108596071 -0.0958643801106077
-0.302613389927338 0.436521786086034 0.0717501116778352 0.0110591470121211
-0.671805637005025 0.178132141033665 -0.085469842549719 0.0531377950107719
-0.584717033313103 -0.362555905083573 -0.166445678896819 -0.179741056301669
-0.0770026213287864 -0.684752687013853 -0.0939525790262577 -0.374008318925798
0.258373264865439 -0.696487851513669 0.163247361163673 -0.366542623246969
0.13850352727764 -0.73638559640566 -0.0838494181593309 0.00716356081661649
-0.236707700712867 -0.680471865431812 -0.00332094378447702 0.0943593550659695
-0.647799867855355 -0.29614465914415 0.181991846689121 -0.0521629024349532
-0.66229364681547 0.26935702897039 0.122817545222937 -0.131577325425967
-0.282043038947431 0.487608644263066 -0.0109441041336008 -0.0819377596299828
-0.00512740866681662 0.492620105851943 -0.0252235946720646 -0.0255339216247142
0.230124034464636 0.453133871957836 0.0181841273784838 0.0199289756999342
0.282729145969635 0.396462799751243 0.0641197319823536 0.0168978065894516
0.225933839841522 0.449153673609296 0.0644664676335677 0.0373798708690842
-0.0492926441397583 0.525141513850232 0.0826110359972193 0.0719938878846079
-0.330943229019097 0.447221760663254 0.0332456612056755 0.142333515269874
-0.693640401231089 0.18132944805632 -0.124572811478992 0.1221015719838
-0.61475161937766 -0.363383912418537 -0.176314293060671 -0.120595846090942
-0.104606740059458 -0.72061334690449 -0.103251088472955 -0.223210070149264
0.249872503219179 -0.764539503838592 0.032399156090303 -0.108870367632098
0.0949187568719607 -0.719859836480736 -0.186463762637669 0.26997930400296
-0.276322890030947 -0.655836930959408 0.0281794932423143 0.27985085968507
-0.645994611127854 -0.262234495768723 0.201132357949008 -0.0143869896114462
-0.621162800247842 0.276853719151154 0.0860340619195943 -0.102022588765128
-0.257976808396828 0.461002357662307 -0.0647915631808371 0.0196448057895625
-0.0120598141374288 0.462817039159789 -0.0228578270875266 0.135502803697647
0.201012948885987 0.428618725096078 0.0805648623798464 0.18429926132905
0.24440138121295 0.367633939328303 0.147201917317306 0.171951122443093
0.18320141062732 0.407363392262224 0.129115917329822 0.196420071848977
-0.0658928768451194 0.455592686182491 0.0889660809583339 0.225112449549192
-0.302317792165462 0.367206363909586 -0.0151774871496962 0.248682616423209
-0.581647964620014 0.133603718331329 -0.155988911824158 0.164664205245594
-0.514005159828827 -0.306542718601897 -0.16921277681312 -0.0615718587562579
-0.0904926551295205 -0.619541354877654 -0.0901287522099366 -0.075381023326744
0.205880994782695 -0.70193037899209 -0.0768102679898132 0.142877594772314
0.0399855110301643 -0.583336094099968 -0.28670924983329 0.508360727202275
-0.248607784124933 -0.512282540334281 0.0409780917501901 0.450438057607452
-0.511540301575065 -0.190645107598608 0.193824085687523 0.048092057039468
-0.459923638547736 0.217971094090069 0.0452780587802849 -0.0480879548319361
-0.191083107341142 0.337767531666837 -0.102366241464943 0.117071778723319
-0.0175272695024367 0.348436370998001 -0.0165118497929159 0.276468922249163
0.138817006014921 0.333222067217438 0.130540590466864 0.322283338115061
0.166231265217097 0.281844883943581 0.20767304863289 0.301456489799252
0.113001439479799 0.305204516655002 0.169267291734623 0.32157191687083
-0.0732530200869231 0.319190676826776 0.07546454673909 0.334415236712102
-0.229862775055305 0.228282063571729 -0.0664257357270096 0.304012595603128
-0.378379644467629 0.0591915516150414 -0.172711681004685 0.166738500344294
-0.323391571066257 -0.208226753694767 -0.149769696815974 -0.0193106889801905
-0.0591283719152533 -0.421516678672504 -0.0602198419948675 0.0377110585682834
0.131441432794401 -0.528755518146419 -0.150701901094768 0.344905685134509
-0.0213434976004182 -0.347643159608057 -0.373208811653945 0.677423230761023
-0.179059508356942 -0.277098155124325 0.0336882377905586 0.578551513239933
-0.285823064122278 -0.0781557584852309 0.170717787471232 0.119669784774808
-0.213942610365274 0.122531798105676 0.0162742694621143 0.00913765857171601
-0.0919950431905884 0.153511141891137 -0.118535638846715 0.180774979503964
-0.0254595037313996 0.171777121983646 -0.00888061593507253 0.367459687083887
0.0510873129389105 0.182147627156867 0.160345807031299 0.409634529264306
0.0626978752184715 0.154351712443358 0.238458884239087 0.385912000333321
0.0291841491281624 0.164606914071053 0.18106574852998 0.39581428505422
-0.0676652635697358 0.150660183738083 0.0467398935147856 0.387336610614148
-0.13067367711775 0.0792910016710297 -0.111429307919442 0.308322300167978
-0.150981585168464 -0.00448803795512378 -0.172993940840953 0.13791869367618
-0.123708374361473 -0.0885654648118126 -0.124530127116426 0.00661441686438977
-0.0362608788252177 -0.190601473003528 -0.024818956113945 0.106281520511632
0.0378222346948705 -0.298097786503372 -0.179406276447378 0.472887988483544
0.0618775320253029 0.00853698509840789 0.223227296356237 -0.551669663888047
0.0403288621118289 -0.0395751184913822 -0.0212913019530168 -0.258970132418297
-0.0343935538373468 -0.0538952567781597 0.081833001003293 0.00626507862033458
-0.0771073465627822 0.022979697617111 0.171128890547509 -0.0528820834944331
-0.0126760320900024 0.0646996038913592 0.203943341046696 -0.235578393325798
0.0361487639359142 0.0420214414357958 0.0740043807809808 -0.413893775920464
0.058241305201487 0.0106277761676644 -0.0976576813574898 -0.457654105473958
0.0502534604938973 0.00917091824569279 -0.175226851387142 -0.46557456299249
0.0441651217751246 0.00670943869476037 -0.128837717126588 -0.471714930833845
0.0237231033814698 0.0165777484569139 0.024786004103312 -0.403772209572428
-0.00026285733347056 0.025423911770352 0.131067309913909 -0.231930371213998
-0.0374080652246827 -0.012227582961672 0.0194687062914206 -0.0992618740752247
0.0333140963650668 -0.0534769539927774 -0.0763323069965119 -0.214171630168912
0.0942869140817946 0.0385245552178285 0.092692913985679 -0.540308596189611
0.0424245642387494 0.111456251601955 0.605136912101232 -0.678878061410088
0.162801385398244 -0.2298014479896 0.222025103378178 -0.52325487239474
0.0368290216256464 -0.252062346760094 -0.018500756912079 -0.254659408363732
-0.178806384525978 -0.188592117444469 0.0819308709177972 -0.0275706002201179
-0.280010198978826 0.0369190185445731 0.152373558971787 -0.0679942931664971
-0.143995538718845 0.181548689823257 0.174509190166347 -0.208113545615628
-0.00908026465637749 0.203843629362885 0.0643946504047242 -0.368371649714775
0.104811288165542 0.189770076177561 -0.0806620041386034 -0.404662398317243
0.125334560433349 0.185063320474267 -0.136725374071691 -0.420270830179354
0.103486869289632 0.206365101829398 -0.0997048268089618 -0.426328243792301
-0.0283226833055122 0.229265930553105 0.0497075234571609 -0.363084570185672
-0.163006304764638 0.181405992257645 0.143392951210292 -0.193172492873007
-0.324145126103797 0.0177680750129219 0.0120243704116583 -0.0801498863210148
-0.188497500855283 -0.244861763167314 -0.0859573142860952 -0.241669840525813
0.0954803229293183 -0.275354196595859 0.0621951924803192 -0.542893430038251
0.207219806844896 -0.208051896891583 0.52960578420173 -0.652029118668675
0.239969137895251 -0.448274469083291 0.164949053434005 -0.427486508524152
0.0091285118602271 -0.453066688090816 -0.0238746322764944 -0.202410158731648
-0.331741296456926 -0.303738403920045 0.0987781616062534 -0.0524781212775518
-0.468411287743237 0.0652341661274599 0.141302172939975 -0.0935135111986238
-0.258405650474442 0.290671202355432 0.12791847876359 -0.179339210195814
-0.0500843191757935 0.347876933520653 0.0386973256401955 -0.288638925450713
0.140139618442844 0.345631364469611 -0.0567746512215362 -0.296146099318155
0.18311297302046 0.33275811078361 -0.0785838855787256 -0.309638879477892
0.144528931494882 0.373278550805874 -0.0539367084237107 -0.309030689791492
-0.0793496060825672 0.407560919017049 0.0650648105279926 -0.256647727774386
-0.307198782946327 0.312061513423703 0.126821044662584 -0.108934650736227
-0.57259247047188 0.0451025323768672 -0.0187708928580255 -0.0379650824157993
-0.390200581595351 -0.403071306398963 -0.110783599436897 -0.239814787125302
0.0816850651946034 -0.551879509093939 0.0142365527548659 -0.486791936189744
0.339602753296546 -0.494276743287556 0.386957680098357 -0.527825684885408
0.277854380266854 -0.622357257729784 0.0593318926016254 -0.262424167885903
-0.0495219222139766 -0.626628519359575 -0.0271447642113052 -0.0908712063462982
-0.487367955113722 -0.384774214539757 0.128210428545064 -0.0612802595321409
-0.626577647170671 0.115398972603065 0.127650973646755 -0.117300430535819
-0.341127804015962 0.389372683277243 0.0651707145535705 -0.134072754795295
-0.0788675009707343 0.457405079026594 0.00656616669407775 -0.169230243121505
0.159566254133335 0.456867283588822 -0.0241854797037923 -0.142320456177668
0.214238081687297 0.429432509711208 -0.00760199696522298 -0.151934726763886
0.161320957728846 0.476192640919815 0.001621171844966 -0.142515984274567
-0.119964436364833 0.519108496962217 0.0724226501028716 -0.100648321085935
-0.405279617587835 0.393783104166831 0.0856133756182329 0.00912902784423532
-0.732840866935562 0.0686980870303434 -0.064225549621557 0.022133388389044
-0.531910309206733 -0.498548708770318 -0.138108798678574 -0.201919003421406
0.0554535449159008 -0.734905196987045 -0.0362624796732334 -0.368426963407083
0.415782738476343 -0.692358846743363 0.209678957918191 -0.32034495631456
0.274879341339943 -0.717082742709977 -0.0779374337865409 -0.0377862013200739
-0.119918996608409 -0.72807081098722 -0.0246474304107375 0.0780693768142434
-0.60082106998228 -0.414730010091112 0.157926220270798 -0.0454522617795658
-0.711619028832112 0.1659098647143 0.100308142516852 -0.122079525415057
-0.372888474450255 0.446851556916017 -0.00904082078739313 -0.0599327712836556
-0.0919533515373111 0.508347258660562 -0.0252730531719732 -0.0165809504856584
0.159311819817829 0.501963096473767 0.013427221426994 0.039775709889958
0.213035091298308 0.461564235090801 0.0640068794851108 0.0283147415181788
0.149887432570808 0.503096528636752 0.0564971059790876 0.046094412624911
-0.145399332740722 0.536316933241318 0.0683407390871941 0.0773645465106831
-0.434984747853201 0.399315832581552 0.0273383775344039 0.13763872740194
-0.755983717174603 0.0708149505209537 -0.114339789627828 0.0856653573554505
-0.561237875638646 -0.503559131887537 -0.157468290622285 -0.142448892068587
0.0332712098287993 -0.773684186702594 -0.0714665709052181 -0.213846536699794
0.421021938449246 -0.761644572370433 0.0265759102698809 -0.0733671360765324
0.228378960872047 -0.703772136545186 -0.227718872961876 0.2134392369514
-0.161426375058932 -0.709878081992329 -0.0237928559104386 0.27659758065778
-0.60525126505891 -0.38071720454982 0.172131880838531 -0.000595554128642967
-0.671394740904399 0.180342352755624 0.0602685463718879 -0.0962958505023625
-0.342087097182003 0.426258434465713 -0.0798085997195922 0.0341836004632708
-0.0895637326156959 0.477689004326083 -0.0486165394662684 0.15014139324492
0.136011054119921 0.470056357269287 0.0515269228848586 0.220466357784674
0.180418530935237 0.424243466319377 0.125805214595645 0.203198616339425
0.114525324762491 0.4498453313099 0.100160520535847 0.223337458801459
-0.150704941861676 0.461866368040651 0.0531530468647666 0.238565737407898
-0.390085096296875 0.322293852899113 -0.0395377124127333 0.24223536094305
-0.629059037107308 0.0414183769525005 -0.158528422557191 0.128331243340039
-0.46717658648445 -0.420694400792914 -0.160626711557417 -0.0814211078486617
0.0254834600541212 -0.662846427337058 -0.0826885054282474 -0.0635412724256256
0.358912310248804 -0.700026808832526 -0.127552812831572 0.167670533205581
0.151988348900144 -0.571587453992735 -0.372537240136597 0.445768626413159
-0.157191560564305 -0.562679292656966 -0.0369525188268913 0.461234192771227
-0.484999932276084 -0.281549222804417 0.162645078064462 0.0671562292587434
-0.499289213628184 0.147582583679841 0.021298698637356 -0.0457855350456021
-0.252649419795821 0.313264743335386 -0.131241763200689 0.121391565994619
-0.0753881647666164 0.358446184888804 -0.062931114364447 0.294610449491968
0.0883542412569813 0.363651808194652 0.0824332035896614 0.369408828081546
0.118244310608255 0.321380298287929 0.168527005249638 0.348286177494693
0.0608477998011765 0.332710516419251 0.124882103827452 0.360883832930137
-0.132373883517442 0.3193230520727 0.0246289264417577 0.352102102124144
-0.285774213020748 0.194159859627064 -0.104684916376709 0.296659240939855
-0.405088048575995 -0.00107072925144958 -0.185124102078343 0.136145413888938
-0.291486180375542 -0.279684154162302 -0.150329136428876 -0.0370248179279422
0.0196867905013677 -0.44756694145156 -0.0710850813464243 0.0478255637056131
0.245072580382588 -0.531659606298448 -0.23295051925492 0.356830503315741
0.0482994438873201 -0.34343632165886 -0.49251339631106 0.614915767329793
-0.126301098837788 -0.310727838105945 -0.0623510430553705 0.597827438774132
-0.274151152314401 -0.12924223219893 0.141060068476851 0.144394798093353
-0.234778967846453 0.090984949266671 0.000540174000733631 0.0098555757470861
-0.118142029312033 0.142397250500061 -0.154723823981975 0.174794496271828
-0.0521064140480557 0.175609285183142 -0.0693972319295461 0.384057050096926
0.023991580958284 0.195139891469055 0.101535035902002 0.461367217324362
0.038130455413876 0.170537424146682 0.187001758425485 0.440806767609998
0.00141993554661029 0.172650373397969 0.126781912822812 0.441091220336021
-0.0959276953045654 0.144855593063095 -0.0109273170286684 0.406635959099038
-0.151508910541669 0.0594008619611291 -0.156592185968117 0.29879897204894
-0.157727025005676 -0.028084697330401 -0.1917099354405 0.113245031024097
-0.109643695943365 -0.114786100241511 -0.130848342107937 -0.00842693334295366
-0.00290683235640479 -0.201174952548791 -0.0457823179766516 0.113080233714192
0.0982124601864041 -0.303634222654247 -0.27602408218383 0.475433288405944
0.0635212429717082 0.00520702503906184 0.176649248740314 -0.572770366766081
0.0408181909181838 -0.0427798214270065 -0.0401894311554241 -0.259344225081924
-0.038738568145953 -0.0534247803963445 0.0843650592825219 -0.00296820643341548
-0.0766271947807615 0.0284131991554796 0.165670940298969 -0.0672198219250114
-0.00752282337556594 0.0674601075562486 0.18366399203911 -0.252278866264528
0.0401958703532621 0.0397636856586777 0.0394672576809945 -0.419686781463431
0.0591639561771892 0.00736903054507765 -0.134929394791162 -0.451017125362345
0.0509728320605106 0.00600962702365161 -0.215368976711033 -0.451638380711486
0.0438552768830373 0.00456976401256158 -0.168047103062102 -0.462378511834799
0.0246012305913244 0.015882969424102 -0.00716121477046574 -0.406144763636245
-6.32115667254553E-05 0.0245522515324644 0.112839222574132 -0.240398146394477
-0.0397131100924678 -0.0108676809608208 0.0104218161316418 -0.0980731000584247
0.0280302708505952 -0.0567928900645047 -0.0948690833359156 -0.208081771546946
0.0991273659187955 0.031035994837478 0.0507193264588442 -0.55236610960456
0.0522748403138711 0.108534549216852 0.549843356432027 -0.729091869471713
0.145330744070705 -0.239413134054921 0.177966121279546 -0.545080987335627
0.0203800638681532 -0.254542039184143 -0.037327219387633 -0.254175673168474
-0.192815909796297 -0.174229681291141 0.0812694184635607 -0.0366259234733048
-0.277762312288766 0.0611912871609487 0.144827408357603 -0.0819116627916605
-0.128433249669866 0.195423928223932 0.15681222481461 -0.222777132550177
0.00907166819865745 0.205697752089006 0.0344471501084495 -0.372959164695926
0.120355794141718 0.182869665257482 -0.112510353238412 -0.399603575973763
0.141431029404243 0.173920932346844 -0.173609536407235 -0.409585753686514
0.12030435329084 0.19905662385088 -0.133925126160591 -0.418495090085968
-0.0103503365288198 0.234227856370461 0.0213945256861779 -0.367870608298004
-0.149738634718222 0.194719892511997 0.128015060944726 -0.202741880117636
-0.323662378070004 0.0440152702611301 0.00312122155513599 -0.0778395264500078
-0.208857610180502 -0.22810764111762 -0.108430338379549 -0.235216583030706
0.0756700721459689 -0.285151117897503 0.0191912246848545 -0.549959133791547
0.191028080899875 -0.222742201497232 0.476791025351467 -0.696773229253899
0.204486652699637 -0.462937983766628 0.126923069030945 -0.445502543147221
-0.0229979140562422 -0.454335625463231 -0.0380027881347482 -0.201402426514937
-0.354468612887158 -0.274327901110529 0.0950354466804378 -0.0632751212994907
-0.462428121757045 0.106812758621609 0.13143227179934 -0.107862388852001
-0.23273392374845 0.314061512749247 0.113880250373984 -0.190773236065189
-0.0190043245946556 0.352720087212744 0.0156634371359654 -0.29009062523548
0.169104216111173 0.334819157333311 -0.0783466369407119 -0.294483566677221
0.211779857730144 0.315099012204754 -0.105525965328213 -0.303885506670619
0.176456725637741 0.361479106988514 -0.0777025336343659 -0.305525718300298
-0.0458214672668591 0.416460934352381 0.0449043456287694 -0.263353631138428
-0.28343584717212 0.338267836243476 0.119126994801879 -0.118742890318885
-0.569957239583201 0.0937138779197523 -0.0238528529631199 -0.0323811866889504
-0.422365543649788 -0.371423305063828 -0.135875410672047 -0.232103364227213
0.0404630809981908 -0.561880777583309 -0.0259755057007926 -0.488101845150127
0.300852291499549 -0.518479549617002 0.344861687951588 -0.559362371992769
0.22857206208419 -0.640351969055217 0.0345296909900965 -0.270937053638255
-0.0987245035845128 -0.623201968391575 -0.031721218120558 -0.0881555779398549
-0.516695423301638 -0.340881606955578 0.123729836573413 -0.0738999266165461
-0.615415279853079 0.171025155065149 0.115097008623926 -0.132416405954057
-0.307292960078893 0.419888909671219 0.0542927687325326 -0.141796794995702
-0.0380756713345157 0.463563514241535 -0.00775527454496965 -0.168782312806452
0.199063863498181 0.441557445323151 -0.0341046238168043 -0.142782553810828
0.250207651194791 0.408888322604003 -0.0208806842683928 -0.152390180084804
0.201482430649479 0.46552270985589 -0.00747602095465679 -0.143691483527351
-0.0781178126856629 0.5308781466197 0.0650608486679149 -0.107047251865196
-0.373475384634577 0.429114867196017 0.0882453993584321 0.00153129118518008
-0.728325049839842 0.131510900683341 -0.0638220621958843 0.0317143704130322
-0.571735502346745 -0.453049147010597 -0.162244051251679 -0.192403799145126
0.00126550500125369 -0.742880243252358 -0.0692059959381064 -0.365193390650628
0.358885944236636 -0.72208680943185 0.184451211399486 -0.337671008681166
0.218217232367818 -0.734789427008117 -0.0843351320507309 -0.0348894841655688
-0.175815444810856 -0.721117334592372 -0.01647655252346 0.0824178906211757
-0.635484444840454 -0.360948939854405 0.155216144125591 -0.0600617834504165
-0.696682283383198 0.230348245554503 0.0886281375254159 -0.136577600226567
-0.334622015573037 0.481491533274454 -0.0128834091610763 -0.0629635012102179
-0.0460104245462611 0.514936924179956 -0.0262066934189725 -0.0133018574561932
0.202692938205378 0.48738751204139 0.0190484264199489 0.0360050125274916
0.25390178471562 0.439569665655411 0.0659710845010261 0.0213461471107196
0.192570118336884 0.490524582253339 0.0638992133621361 0.040214851125918
-0.101215050832215 0.551256471512192 0.0761978605956067 0.0716858664371284
-0.401544656862728 0.437429277612815 0.0401072125400695 0.134423602337495
-0.749966908924698 0.134922068770254 -0.108516068979482 0.100871423283897
-0.600591152074361 -0.453455211634792 -0.177267306873272 -0.130770873217771
-0.0258449483153122 -0.779018687380148 -0.0928140025050171 -0.206230774854942
0.357687048406972 -0.792917234462671 0.0245278626411791 -0.0732472036623093
0.1738218753026 -0.720010939753675 -0.212832065485724 0.230471216656481
-0.218337748328998 -0.698753036113548 0.000471304157747792 0.281179242014159
-0.637560530336024 -0.325193232671094 0.17307130355989 -0.016698446320181
-0.655438959679086 0.240863181886843 0.0513521321988394 -0.107722501185176
-0.307550975811947 0.45452375652795 -0.0761434214189997 0.0356432039134309
-0.046775341698179 0.48540161657596 -0.0367044672051185 0.154515389243029
0.177075660709434 0.458641039940747 0.0719088290252697 0.214143917814316
0.216263858757742 0.404632905677034 0.143339189625047 0.191406086964667
0.152069042754659 0.439192706833269 0.122263258879553 0.214193681342007
-0.111705695825761 0.475231249482063 0.0742809203624417 0.233997123699329
-0.361701019124179 0.356408925062555 -0.0187172417942095 0.244870393044739
-0.624897267110926 0.0956418834067583 -0.149286532182068 0.146479890742291
-0.499383232678717 -0.379526457272495 -0.17527838547441 -0.0683516978754704
-0.0240703968100815 -0.665707280922281 -0.092649327238784 -0.055525549745618
0.301847542583209 -0.725739804108145 -0.109976178976735 0.180151136827042
0.104995737480052 -0.584059560664686 -0.338966329039126 0.475428019880123
-0.205752303623204 -0.553118754617202 0.00118789862895689 0.467030077504252
-0.508981134210362 -0.239440625648903 0.169387387176296 0.0522683477207596
-0.485975090370577 0.193662865119448 0.0171960153831198 -0.0533962400432703
-0.226875222563876 0.335775325793273 -0.121890340477483 0.127732209754725
-0.0436653001953191 0.365245153433705 -0.0401466559145647 0.299621108964129
0.12074312178741 0.354223392534783 0.114938039099717 0.361203059409215
0.146086604648122 0.308066471361174 0.198331840743366 0.334278735533987
0.0888466788265274 0.325815210221425 0.15733549264641 0.350501072663927
-0.106062539144945 0.330478654751998 0.0550033334130376 0.350802904670663
-0.267558652163346 0.218313448153895 -0.0791183323600268 0.303987327710787
-0.403166440487117 0.0347831921925698 -0.174352745962511 0.154203409635753
-0.310644130122154 -0.25246188316786 -0.158923104937136 -0.0236270029333054
-0.0141612907167525 -0.449453094026073 -0.0727169046799862 0.0543700939139539
0.200732049089749 -0.547669323058936 -0.199359295043768 0.378926523478602
0.0207762051750842 -0.348526655484037 -0.442588792565412 0.655429852593396
-0.15369760207759 -0.302764085235593 -0.013799894583886 0.607870121768573
-0.286984807765958 -0.104124160981791 0.153905260880394 0.132184548030397
-0.226378732544738 0.11281836112519 0.0016983696688972 0.00521757945295888
-0.107517664672771 0.152510239739909 -0.141047915587312 0.18360508090909
-0.0369575448312426 0.180552415843213 -0.0387226273426337 0.389813765584901
0.0414534821763531 0.191090635634997 0.139078875956146 0.453538052534996
0.0529102751874819 0.164106540203162 0.223982665827578 0.425282547846622
0.0168056252057946 0.170271498356404 0.164794163822376 0.43087161999905
-0.0834692901886279 0.152340010315907 0.0236490511902614 0.407915757225104
-0.144794602307068 0.0722659034565541 -0.130981137059954 0.3110908264729
-0.157039036469922 -0.0127262915196012 -0.182523252744779 0.131132590428441
-0.11743411627874 -0.103051121452864 -0.134365437290757 0.00402708995734153
-0.018648432828657 -0.198830194117535 -0.0412645230442805 0.11682254060537
0.0728699427929256 -0.310456088903385 -0.234484919827291 0.501487774793342
0.0622728263259246 0.00324441064855263 0.134852252124462 -0.563189812744568
0.0399033040533544 -0.0443781101169047 -0.05263762787934 -0.249417781421305
-0.040176346806659 -0.0513649544175979 0.0833073248516571 -0.0110488458887917
-0.0735746428276441 0.0308326966796182 0.15459399293932 -0.075341951584528
-0.00272199189764791 0.0665760056470872 0.16104143842065 -0.253978453990796
0.0417170576680726 0.0368750621389403 0.0124603131261977 -0.407696259214622
0.0577059007926223 0.00480160737128362 -0.156053260168509 -0.427732197638591
0.0499808993289208 0.00385271763163699 -0.236619727697753 -0.422088736308934
0.0423615664886186 0.00293214013080062 -0.191679764767322 -0.43446166396208
0.0235633560108703 0.0152813331915141 -0.0301407517197108 -0.391224883155743
-0.000290415905703114 0.0235824311708948 0.0957909183410201 -0.236231167403107
-0.0399934453477939 -0.00894342974536444 0.00290258220050048 -0.0920781172705782
0.0237931859580641 -0.0567688828457733 -0.104314586252146 -0.195662361322819
0.098339473257546 0.0244522865084262 0.0183793501758451 -0.5363445526723
0.0577633695238002 0.102071063006586 0.486119675448562 -0.736049193673439
0.127183452126539 -0.235863456620722 0.136293036697682 -0.537737680650686
0.00915198710487967 -0.247409085477392 -0.0488996245475295 -0.243994493162305
-0.195945220097102 -0.156660711784032 0.0771421280211901 -0.0431199277467204
-0.264163241929291 0.0762842659788765 0.132792539005989 -0.0891229719999404
-0.110861168829488 0.19790864021619 0.137243251599889 -0.225002909613997
0.0225272478441263 0.197997024127072 0.010638196385653 -0.362023401514004
0.127522114047633 0.169589490621177 -0.131964668746216 -0.380292135820867
0.147301329679491 0.159103526201415 -0.193157519869846 -0.384255038973652
0.127969222033321 0.185329672721548 -0.153926680079756 -0.395863182438073
0.00364562118941524 0.229036961522091 -0.000561245424100479 -0.356732099978286
-0.134002360027016 0.197005610183934 0.112134309398972 -0.201861127228452
-0.311579145611098 0.0624274411952868 -0.00236453324017482 -0.0715321221974455
-0.213916547236539 -0.207772498138547 -0.12234283887474 -0.220949680344134
0.0586076843443016 -0.280833795504211 -0.0123453051540163 -0.533392189453728
0.17162425098001 -0.224252705537853 0.416496117913409 -0.700202024943914
0.171748918223505 -0.454990099301042 0.0916788351309065 -0.438649402728342
-0.0459539249242866 -0.437332442027305 -0.0460904006824854 -0.192803253913515
-0.356249982472052 -0.240665868151691 0.0888071996102069 -0.0691291429318754
-0.438239909738599 0.133560421983106 0.117214776928822 -0.113560696576611
-0.204769945040469 0.318842484763494 0.0981930716476934 -0.192390383378981
0.00477720773566785 0.340752633370572 -0.00243582617357251 -0.280531186973369
0.184609281540927 0.312906142003559 -0.0921074839484364 -0.281528367405653
0.224067903450257 0.290129620377056 -0.121426309195741 -0.286814620130874
0.19110730975598 0.338883803976347 -0.0922837280764276 -0.291317488053641
-0.0192932961091301 0.407883623471977 0.0285516551905712 -0.256221579441498
-0.253340245199008 0.344289574211299 0.108779041949801 -0.121650908856383
-0.545106578192424 0.125873930324797 -0.0261978553263379 -0.0252378522226384
-0.428385438192708 -0.332317799938031 -0.150143792998994 -0.215292287417047
0.00938060586395316 -0.546609681102022 -0.0554535087540217 -0.470795226231036
0.259493474657123 -0.514249093298574 0.299751297699693 -0.56056925565866
0.185079152579884 -0.625511300391252 0.0141999697757039 -0.266103388999322
-0.128378119349852 -0.595619661691418 -0.0336561029504847 -0.083035357210127
-0.517260798255965 -0.294759234752319 0.115642050330952 -0.0811300857920594
-0.582516429926902 0.206906985833162 0.100284878905487 -0.137780662768529
-0.269918472608276 0.426232823719413 0.0439153323385732 -0.142253860772243
-0.00776584209965427 0.449690363043362 -0.0175348774448693 -0.162158249588121
0.219075255316626 0.414539900424153 -0.0399048435547342 -0.138516750302509
0.267714959428987 0.376142295396128 -0.0311458090969775 -0.147191722381519
0.221934545779361 0.435822215669622 -0.0135919695183692 -0.139262598723545
-0.043477601690497 0.520134395310417 0.0572289860102166 -0.107353082884621
-0.333406199260082 0.436805812551854 0.0858710563180305 -0.003903306791979
-0.694633243175101 0.17335233385905 -0.0605404624548619 0.0397945733558342
-0.575033264534394 -0.400403869513609 -0.174988242190226 -0.176051925596925
-0.0401678632559311 -0.718965747602428 -0.0901913971589901 -0.347251335222778
0.303102589172554 -0.710728265780161 0.160879938447699 -0.33621940000769
0.167382076021861 -0.719011268665197 -0.0863702133101755 -0.0311823163983158
-0.20940572877987 -0.684427761212379 -0.00932350179514185 0.0803857864081038
-0.631204299310108 -0.305651229517203 0.145842244757105 -0.0699353898375519
-0.654100721074055 0.270630541027378 0.074602402184328 -0.141252125877757
-0.291892457972558 0.487401705459588 -0.0169602190151452 -0.064097571653167
-0.0113649160153545 0.499563777058295 -0.0268167501761466 -0.0109794509907531
0.225673736017711 0.457744323837419 0.02164066673122 0.0305934616787795
0.270987232438649 0.405224230400368 0.063854876989539 0.0153434820616502
0.216343576262955 0.461585690683678 0.067061455969063 0.0334290258061741
-0.0650148568790845 0.541084350883611 0.0789627320938257 0.0644016733103188
-0.360497000768916 0.447167143263336 0.0476761096505517 0.126328109698059
-0.713680278518302 0.175784718455476 -0.100355208540131 0.109185918873724
-0.602067757585154 -0.400476380043643 -0.186886461236635 -0.114282352703419
-0.0666626349346968 -0.750817465430496 -0.105166075074273 -0.192563771938857
0.297051230160435 -0.778972430286404 0.0225901988267566 -0.0711043502429299
0.126742552862499 -0.702070101249949 -0.193921693461912 0.233156615718824
-0.252687663200694 -0.664680547847698 0.0184217559857231 0.272607530103712
-0.634619447592554 -0.271403220807482 0.166312513330644 -0.0289034848196461
-0.61456829407211 0.277546729556488 0.0411087664905428 -0.111849276868396
-0.266700628939921 0.459454416508703 -0.071997840001529 0.0344989964994402
-0.0136968691656281 0.470931514131653 -0.0273344273611827 0.151146819658403
0.199161943429015 0.429681490777484 0.0838421592993644 0.199814648587647
0.235041128850059 0.372132316260308 0.149730975554052 0.17533768959534
0.1754919978069 0.412892294697622 0.133670724815309 0.198308328631968
-0.0796561158439053 0.466990347812518 0.0860562224404182 0.221790927830864
-0.326264506249479 0.36616565945161 -0.00281630443889554 0.236409757591223
-0.595826756732992 0.132825492024835 -0.134711241590046 0.154934744617935
-0.49934415858613 -0.333363031242153 -0.180448520441808 -0.0539248926678769
-0.0596056967407107 -0.641719987734142 -0.0977896389568971 -0.0466317376775969
0.246844647646443 -0.712767565889626 -0.0910809274153269 0.181945344381008
0.0697580770056412 -0.570226328934275 -0.299274101599442 0.477330123765634
-0.233126121304098 -0.522329206580534 0.0305690252960076 0.452849591785593
-0.506181375001421 -0.195243893185951 0.166783732902077 0.0391685500007627
-0.455003115220406 0.220175647977967 0.0119836536597419 -0.0577841205894235
-0.197674558711018 0.338881340378023 -0.110849292086233 0.126593160926056
-0.0189807475365185 0.355477632571005 -0.0214853232328178 0.291230700092108
0.138993848769564 0.333634063616907 0.133149510168522 0.340808212461152
0.159197646513763 0.284507660046122 0.212425152869147 0.310328821899721
0.10716263697971 0.30611606842714 0.175756982222201 0.327567283711182
-0.0820927925526135 0.325425434199387 0.074670338174918 0.335185639318428
-0.242967056058691 0.227185865384836 -0.057624865148314 0.296768689832977
-0.383199485558272 0.0594993542982367 -0.158885433744398 0.162994038508302
-0.311578778725705 -0.221820787321523 -0.160021001831175 -0.0111853843142094
-0.0397748437991311 -0.431490785101087 -0.0713930745748424 0.0581344378227986
0.160905070362809 -0.536039647550326 -0.165431865533807 0.379679863056869
-2.59920273909739E-05 -0.338531692093979 -0.389166245738567 0.6572845607191
-0.168997635814404 -0.284186783270523 0.0216900368944322 0.590239904813234
-0.284512575925782 -0.0804166385198054 0.156674541594325 0.11713554272869
-0.209720582606363 0.125224324007528 0.00164952757352693 0.00021234497265292
-0.0951156331007232 0.154077504811294 -0.1262628256289 0.181134941843684
-0.0240307087929338 0.176059145617175 -0.0156052166095407 0.378494422549577
0.0524471526175594 0.180704828951306 0.1631241350191 0.427657186635831
0.0609412895832773 0.152622083470804 0.242400631587725 0.395971694088811
0.0277036101196714 0.160853212374815 0.187140265571031 0.405307327108924
-0.0706266224923704 0.150773351922079 0.0480697354582969 0.392524100335391
-0.13277584050947 0.0783718966212655 -0.107519258802463 0.30652913010276
-0.148817711181451 -0.00125605117414559 -0.167016383319277 0.139691404377932
-0.117727268088461 -0.0894000324875738 -0.131235339698886 0.0139692535277149
-0.0288953763076717 -0.188896328233544 -0.0374546931889143 0.115695972245142
0.0513882884928335 -0.300832373186516 -0.191441972125632 0.499054991544839
0.060983734142658 0.00323225615693313 0.113141212717078 -0.545900192404172
0.0405529997463247 -0.0440527284904502 -0.0547797378015584 -0.240616211794544
-0.0398954763011351 -0.0507376675490508 0.0808594326219685 -0.0161328344089477
-0.0717921514349092 0.0308105324696802 0.145564864098284 -0.076489148440528
-0.00092036025273593 0.0655036948034166 0.147190020248367 -0.247751742170675
0.041540459695895 0.0351537860823961 0.00208843168302839 -0.392167167370436
0.0553714029449079 0.00467531856531974 -0.159879789624403 -0.408845495179954
0.0485606333191785 0.00333448636754532 -0.238911103457441 -0.398343198191055
0.0403867573856746 0.00378816830202124 -0.194007764032126 -0.412765855438544
0.0225788713572254 0.0154691953570935 -0.0376855987978553 -0.374891047767717
-0.00142886670250839 0.0221421173930683 0.0884405099255828 -0.226836868750304
-0.0398390914021778 -0.00862737390428994 -0.000844688886737138 -0.0859558214783829
0.0216996246158067 -0.0550654830644321 -0.105479883167538 -0.184910507076193
0.0962191833700499 0.0213654807030048 0.00737301105160348 -0.517571416287637
0.0577683109477513 0.0975933000539477 0.446111537093809 -0.716792657317859
0.118309418740183 -0.226422519601162 0.114959150499964 -0.520142547990176
0.00693561219779109 -0.238227362147853 -0.0513194381904512 -0.235388517260441
-0.190072894712583 -0.146342596614242 0.0745821186731 -0.0465362708093087
-0.252070573828401 0.0808305349134214 0.122961526144701 -0.0893060193560994
-0.100938271728167 0.19333615693504 0.126670265861375 -0.219225252832139
0.027517544830237 0.189080835992445 0.00116583068360196 -0.348209782685255
0.127764875482259 0.160620184098793 -0.134772911693158 -0.364382402246412
0.145622164962179 0.148492083473292 -0.196167240859061 -0.364241085344636
0.127321078882432 0.176540072192895 -0.157348599367097 -0.377196535460782
0.00871107676600184 0.2216792202188 -0.00897229865274288 -0.342955204286115
-0.125541516969181 0.192174235508326 0.104579828094357 -0.195047850446989
-0.297971403345651 0.0667626250808443 -0.00591859008816089 -0.0651614971056749
-0.208819406053766 -0.194461517918574 -0.126500833777247 -0.209136016697644
0.0510991366948514 -0.271780347284963 -0.0240904796387846 -0.513927828721078
0.160150304818479 -0.216362330764704 0.382352506420743 -0.680280874370935
0.155350564099947 -0.435049669912116 0.0758977353570593 -0.424307411503235
-0.0510504131068563 -0.418112650852935 -0.0470094774093413 -0.184940440747098
-0.34470704511796 -0.221960136782098 0.0839212291654698 -0.0711193239079858
-0.414937695278091 0.140556216050261 0.107006726667834 -0.113763514275569
-0.18685692270033 0.312492828436976 0.0886952153183763 -0.188073125659787
0.0138377597021777 0.326257821434881 -0.00955098810420627 -0.269685957493105
0.185140123885535 0.296191769727048 -0.0953829694713497 -0.270818744848917
0.22221263053204 0.27086018548025 -0.12521718274913 -0.273062863401543
0.192800391181731 0.321087317702413 -0.0944628887023337 -0.278351404497127
-0.00883601731643744 0.39392767893797 0.0216320206884787 -0.246998857768535
-0.235334053773272 0.336867773768395 0.102225627453202 -0.118512918620438
-0.520524311371096 0.133813402146965 -0.0266666697218758 -0.0190212498816123
-0.415803133840724 -0.308576458804846 -0.154157283341037 -0.203073288297534
-0.000589184784446181 -0.527302549369117 -0.0637908095502246 -0.451350360089569
0.237602017040981 -0.494463339425054 0.275076812823949 -0.544282951684336
0.163942623516854 -0.600641986805769 0.00386512528860027 -0.257159482788423
-0.133606667018835 -0.569001013444046 -0.0325940988656571 -0.0796917259220439
-0.499423619451558 -0.268226711702913 0.108898610576012 -0.083506810847176
-0.550653303381109 0.214117085546905 0.0906172065895656 -0.137364661499791
-0.24646130704197 0.415818659376827 0.0377815695539626 -0.140659240127059
0.0050343402136706 0.430443945678512 -0.0214350803744626 -0.155466781324838
0.221265443225691 0.391682718601573 -0.040991878543676 -0.134776987501686
0.265353818519987 0.351437771769422 -0.0344113158704951 -0.140157001728841
0.225524050160146 0.411551781368687 -0.0151777431459595 -0.135266337483373
-0.0293329232645558 0.504516245493976 0.0525885232469386 -0.104677847002535
-0.310681996200349 0.427997003667233 0.0825963859083292 -0.00652396985481889
-0.661933008093196 0.183142747743536 -0.0584124686783346 0.0449967223364049
-0.559083874731761 -0.371693040976339 -0.178595544896835 -0.162962685545872
-0.0508027508407096 -0.692491969784697 -0.0955824788705314 -0.331023580501182
0.276403308625423 -0.684695815816688 0.147268509773425 -0.324975301856501
0.147472227148167 -0.690388121697656 -0.0861595316357759 -0.0292543693046955
-0.216016774799498 -0.652231460713207 -0.00499267376912709 0.0763956641054993
-0.610333824626479 -0.276022761803813 0.138603349379802 -0.0729135983476744
-0.617728733783429 0.277102135495545 0.0651693473431961 -0.141164703259191
-0.267014166260071 0.475281904298857 -0.0181926283297464 -0.0648040784350316
0.0028841484290981 0.478681658667347 -0.0272362857550644 -0.010379551734335
0.230775342674767 0.431904807121071 0.0220455898290315 0.0256334911086446
0.269866668595291 0.377771658022754 0.0611002236093923 0.013561135982347
0.219640018887137 0.435150826431545 0.0660245912196072 0.0287251711296896
-0.0500176767500194 0.523599619076587 0.0781808528313883 0.060142497903444
-0.334015526282683 0.438239683286644 0.0485773710085078 0.118897543628813
-0.680475229500158 0.189100254393665 -0.09308634340604 0.111945465589301
-0.582721353444365 -0.368440097149318 -0.188555262825334 -0.103153978333482
-0.0784277735436759 -0.723048540519738 -0.108392713125492 -0.179811411115819
0.269407325800879 -0.748040783256592 0.0226226916617423 -0.06777541542447
0.107209863360944 -0.675390229483499 -0.183082920449469 0.225947229172226
-0.256281026131183 -0.631840466947381 0.025624983382391 0.261848258319954
-0.613357002708903 -0.241376857765587 0.158759544280528 -0.0331452298767386
-0.579798672009861 0.285432685980598 0.0345458036512667 -0.113135238691679
-0.243242377536153 0.44935074415093 -0.068883128743903 0.030667378031019
-0.001815031882954 0.450704109451503 -0.0240608379692739 0.145373652340553
0.203927762951256 0.406811041816017 0.0852334009787227 0.18727995240218
0.23358557482146 0.347627170229754 0.146756823241006 0.164086144001561
0.178286969386361 0.389929173125544 0.134737513588841 0.184458356918873
-0.065169481202961 0.452139320640727 0.0889452021580217 0.211207105559916
-0.303400671363378 0.359952516245087 0.00284099575243811 0.225422554235315
-0.565816859257948 0.143652054570337 -0.125521522679989 0.156343096026939
-0.482029083847548 -0.306708954478838 -0.181008004175415 -0.0451867231613078
-0.0701163477069239 -0.613337870539079 -0.0971747902210082 -0.0407238417660361
0.221632255866753 -0.68296276700043 -0.0792854244684304 0.177642497213848
0.0549348518972007 -0.548073349297279 -0.278151803888475 0.464199311726314
-0.235274655401148 -0.496515922913893 0.0406502755311485 0.436024050157234
-0.491702646383501 -0.173078101667209 0.161261191988665 0.0319217098213293
-0.428676302115647 0.225961476060784 0.00898399294779492 -0.0603541955483214
-0.181752544370689 0.331483395814504 -0.104834778879701 0.119296389852819
-0.00870744132491637 0.340606724086032 -0.0158167196630039 0.279848185595703
0.142184352763173 0.314821819923678 0.137066587187318 0.32263994376865
0.160022389378765 0.264733718135553 0.210707401551686 0.291720934572154
0.110398611715432 0.289207327100314 0.178128318658005 0.308220691293066
-0.0708693429850283 0.314178386181909 0.0803882138155474 0.32061047211092
-0.226272165763881 0.223758907234646 -0.0483047414006764 0.28564344907984
-0.363282751782374 0.0675204587448976 -0.147325620955403 0.162986449746329
-0.301337796285115 -0.203145438421643 -0.157669449473884 -0.00520484540066146
-0.0449475403836908 -0.41299050851065 -0.0717463407475641 0.0592533561072288
0.142467852429889 -0.514584481872909 -0.146150677064852 0.36910522016337
-0.00775935992453711 -0.326067668879537 -0.358150325108474 0.638171152273165
-0.171041436789675 -0.269554820797381 0.0357811452908274 0.567310430970127
-0.276386800335117 -0.0671010012551977 0.153806563806153 0.108057916572041
-0.196407069803067 0.126871103827197 0.00140059345966003 -0.00383841686445523
-0.088438545422783 0.150899570308931 -0.118691871172992 0.173479415754913
-0.0187258452914456 0.170155389526981 -0.00737460107975808 0.363541410051227
0.0549823273928905 0.170543609481831 0.166425708375147 0.408233453611804
0.0618943547276143 0.142416910448877 0.242812030620225 0.375051102696867
0.0309537495017513 0.151141996380683 0.19047396334669 0.38360912748357
-0.0637569405718796 0.14565398013481 0.055799384266709 0.375679035750574
-0.123909713363789 0.0782490712949655 -0.094453713639786 0.296352877848952
-0.140197170820446 0.00341966776516391 -0.155289364909422 0.139855582108985
-0.113781395594633 -0.0809389096912378 -0.127252951026732 0.0182547852366198
-0.031644610403601 -0.179501001408584 -0.0375632836944219 0.113172521900469
0.042192221051037 -0.288208556088384 -0.167853160880344 0.485387324350085
0.0608096042650168 0.00478123914209968 0.109252631742405 -0.535089663576829
0.0430229618494418 -0.044567328160029 -0.0528644053250764 -0.237187269078967
-0.0402463371396056 -0.052508090589874 0.0805609580322422 -0.019087562073786
-0.0721812560609489 0.0299131581605104 0.142150468976468 -0.0762618384021191
-0.000309392286987755 0.0648180894909147 0.143939109491715 -0.243285393785794
0.0414551049303384 0.0347116279407209 0.000835452761600229 -0.386558814593602
0.0551873177727917 0.0061110696152024 -0.15734577982418 -0.401888742733842
0.0482470875252026 0.00434650553317728 -0.235414677212888 -0.391011541448414
0.0396426405117832 0.0056540338905874 -0.190026259832285 -0.404113878818155
0.0218622636912669 0.0161561913230323 -0.0357796484073298 -0.367267871777801
-0.00294074431469052 0.0218669557343993 0.0882053790935733 -0.219980826415633
-0.0404026720956814 -0.0093359951910108 -0.00213821817225006 -0.0812307492438089
0.0224271717865781 -0.0553155238392499 -0.104929295291293 -0.18118766373146
0.0958666590968753 0.0210302048082058 0.00694075367368171 -0.511742904376334
0.0568868673982924 0.0965870649374016 0.435782019989803 -0.701139172466717
0.118143113998289 -0.218275154106546 0.109532978566334 -0.509856153968235
0.0106221375101595 -0.234564337135187 -0.0489475834057135 -0.232772906242139
-0.185075332284532 -0.144579563933255 0.0731226804821902 -0.0483148640787081
-0.246501152855604 0.0800942306912881 0.119009455944382 -0.0881116563559505
-0.097920077590174 0.191258802250898 0.123197075921751 -0.215520769935472
0.0278147743072643 0.185069035532011 0.000783428520152961 -0.342392043767056
0.126425361732781 0.158634457235458 -0.133072396243203 -0.36066569833244
0.143434730060209 0.145375967091384 -0.193745290336757 -0.357084326536428
0.125771876754846 0.174713591395406 -0.154343582689415 -0.37071873403681
0.00870940106434079 0.219456590343003 -0.00758342311979326 -0.335749670393395
-0.124681407459898 0.189034911491373 0.103404544790239 -0.189378290722423
-0.293645147889935 0.0662561946531521 -0.00675157833897365 -0.0596805061991025
-0.203263364359369 -0.191257210687271 -0.126488018384544 -0.204860000259394
0.0527523255283367 -0.267848951649091 -0.0227324225657328 -0.505582941210455
0.15810004168697 -0.208838819602659 0.375252615294309 -0.667606978462425
0.155184194577394 -0.424405018069329 0.0704924206635913 -0.4164152487908
-0.0442305004189496 -0.410506590851029 -0.0446253666598772 -0.183626008736678
-0.334716021301436 -0.21658842437419 0.0826148975105114 -0.0724616280671423
-0.404969696285527 0.139995067667241 0.102753142507585 -0.113088411569582
-0.180947387695227 0.307768846106341 0.0864990576333725 -0.185974243728771
0.0143196276201045 0.318898084740883 -0.0101761991098329 -0.264818586311771
0.183265962365085 0.289851578820268 -0.0944223811636032 -0.268522120474316
0.218476933220712 0.264296400404994 -0.124122703585661 -0.267939500512273
0.190609201073009 0.315508041006043 -0.0931421076051081 -0.274577976224307
-0.00871380496340958 0.390399798114092 0.0223932954752746 -0.242357502902912
-0.231838657352393 0.331364059638514 0.100611458872017 -0.11591307005396
-0.511152965453905 0.133556402882465 -0.0267306328459103 -0.0141137502821969
-0.405473100441078 -0.302768456595131 -0.156750804693024 -0.198151474080624
0.00202597477724706 -0.51926015745103 -0.0623771552171153 -0.444517389915802
0.235533601842625 -0.480755146200941 0.271223880568788 -0.531370351667971
0.163900013368464 -0.584199718695668 0.00149532391491251 -0.252856111047472
-0.127206731145565 -0.556991611986979 -0.0307600768005284 -0.0801492273229213
-0.486444240025021 -0.259162034238422 0.106757516609104 -0.0845225483987528
-0.535083155497209 0.213497260298218 0.0860072269990318 -0.137210534257067
-0.239909245313671 0.410092274709089 0.0364352191903184 -0.14148388046566
0.00651599649466092 0.420164875906845 -0.0222411414147852 -0.152877532841071
0.219156643151756 0.38315869851655 -0.0411462932452138 -0.13535440778885
0.260262822285726 0.341498058672553 -0.0351966655408275 -0.137075846802239
0.223122640362124 0.403972828453878 -0.0153049030382017 -0.134505235608783
-0.0277903885528489 0.497424381810948 0.0528674029778586 -0.101763721630241
-0.304258724917794 0.420874752918615 0.0808907703055067 -0.00714288713078758
-0.650089398157996 0.182183181951016 -0.0572478139522162 0.0491649924970791
-0.543573358973125 -0.365037485046589 -0.18134551112691 -0.159106423184044
-0.0478688528518612 -0.681125977517835 -0.0942426686712057 -0.324491218520522
0.274153424888055 -0.66450053783604 0.146893496616648 -0.318208878419286
0.145570427441975 -0.673293935407899 -0.0867020064099855 -0.0302510161710602
-0.20960573959219 -0.640586491276427 -0.00357404750256651 0.0750310710931805
-0.594809925126671 -0.266050372700328 0.13624071841714 -0.0730220053899014
-0.602555383673105 0.276501983142493 0.0614930342000682 -0.142105018971807
-0.259797599964124 0.466961864816709 -0.0187486919618281 -0.0680251073971911
0.00290342422354662 0.467999531143043 -0.0282886527336968 -0.0103741943938678
0.226907116896687 0.421604556356549 0.0210374162783014 0.0224516240022626
0.264069551273093 0.366910501709144 0.0585455759936578 0.0130290601867806
0.216526886691593 0.425193174230369 0.0652908231150977 0.0260543677319489
-0.0471751508419401 0.515042923113514 0.0772855593752514 0.0590739887958048
-0.327260134043628 0.430983167095568 0.0471790676608208 0.115923379179995
-0.665363285933117 0.188602881208457 -0.0914127832244172 0.113893193840215
-0.567739422822236 -0.360821826544844 -0.191399148878628 -0.0999185790478761
-0.0729424121927288 -0.710996905122948 -0.107690093519053 -0.17596982494744
0.266103444203164 -0.726724301358318 0.0257927126349287 -0.065453697831854
0.106122132002856 -0.659809087704492 -0.180535147831495 0.220043952140479
-0.251655291138828 -0.621287292702735 0.0265517460955399 0.257528881667075
-0.600389205017121 -0.233124973452708 0.155997247520667 -0.0344172758840525
-0.564986714190407 0.283453641121664 0.0315639730519758 -0.115299033266813
-0.237271258915161 0.44193268212638 -0.06919205917236 0.0248164279211218
-0.00130683821470241 0.442470921406956 -0.0251805626750641 0.142670293301632
0.201960781414521 0.396503922342228 0.0834759025104621 0.18160409458867
0.228194110474604 0.337971186170268 0.143611790197421 0.161048671030956
0.176314203425034 0.380239415478497 0.13298753761859 0.178824606187552
-0.0625070021977515 0.445482434565664 0.0884900514339873 0.207876828636131
-0.295958011859406 0.354056296062184 0.00229347045747577 0.220145728540695
-0.553215126553854 0.142608203067941 -0.122009576404969 0.15761229268832
-0.469226711231316 -0.299981805886614 -0.182634169933854 -0.0425430266916875
-0.0659190759477431 -0.603867457006111 -0.0987565317300846 -0.0380536449029644
0.220015378304297 -0.663237370138192 -0.0740273074699788 0.175038087500352
0.054817911027773 -0.537446068579848 -0.273272875270025 0.453073707363104
-0.232159960767301 -0.488341097364406 0.0417832240799802 0.429234418864011
-0.480506208541314 -0.164903838243865 0.15834724212761 0.0308006769209271
-0.417255001961974 0.223979114153642 0.00737273966877011 -0.0639117600299458
-0.177473861422669 0.326315735854193 -0.104857754201082 0.112085974083471
-0.00817341360695282 0.334424902029845 -0.0173754591413955 0.274945096383599
0.140947930974662 0.30635151220138 0.133385527155962 0.315491354465551
0.15603818041214 0.256696031037394 0.206223152192231 0.285661606325761
0.109266111213717 0.280764076920116 0.175600081726986 0.301094901171579
-0.0693402168730088 0.309343696279204 0.0799712956990122 0.314478261616374
-0.21984206378235 0.21975599513448 -0.0472111888377519 0.279269374334781
-0.353544078389237 0.0690252516601598 -0.143323071468861 0.162758416190011
-0.29228607737593 -0.197125193100659 -0.158216467658416 -0.00358583585515311
-0.0422716675624549 -0.404234641507533 -0.073574794570739 0.0591478643813765
0.140196763437626 -0.499736060637645 -0.138377180645789 0.362450403175692
-0.00720119719834755 -0.32111459106303 -0.351951666146726 0.625326831722324
-0.169645433672777 -0.264567195975374 0.0359735003982584 0.560575816862414
-0.270804256535101 -0.0619178690994435 0.150627209435334 0.106025625179575
-0.190950665590757 0.125830812693518 0.000390360758071845 -0.00791747744541934
-0.0868313249900611 0.148303000840433 -0.118796088521422 0.166117142352046
-0.0185871472730676 0.166993576415063 -0.00910626090134641 0.356308300329565
0.0538722087506229 0.16543605006637 0.164962970250127 0.401029581556823
0.0602409249412853 0.136636339650591 0.238665189744692 0.368172867942648
0.0302266121107265 0.14511059153175 0.187875052562003 0.374865392791205
-0.061862991114464 0.142762018359165 0.0561261511228054 0.368584675456321
-0.119421297987806 0.0765902679833992 -0.0931216472307162 0.289948755450163
-0.133939053831904 0.00470327715725799 -0.150490767324996 0.138851555377306
-0.110452839907551 -0.0769174833404104 -0.126283028516431 0.0192929026341824
-0.0300918073662014 -0.174995592589725 -0.0404375522451826 0.111681925915401
0.0415287791010691 -0.281006121376566 -0.160143431374996 0.475918342197528
0.0517285575391279 -0.0133942938762071 -0.123137799200255 -0.53732988964935
0.0214687293322957 -0.0565467379839753 -0.152382636395708 -0.197705006368339
-0.0604434161977731 -0.0346386999927615 0.0609938347871225 -0.0543997666846858
-0.0568162628978227 0.0563210073301138 0.0949483106352693 -0.128622364879897
0.022197744455495 0.0606384410851123 0.0255885702129594 -0.283466828411911
0.0498571716627617 0.0161447063109211 -0.16805473631135 -0.353218121768879
0.0537889576295874 -0.0172158509234339 -0.317655390206251 -0.302777417774292
0.0490576181961578 -0.0125172755731266 -0.38676941319551 -0.254444413896164
0.0394626783347991 -0.0110379682953265 -0.349853138245278 -0.285855702386699
0.0260785816648061 0.00649010434886025 -0.19197245371511 -0.31928913932935
0.00432038576316807 0.0215262434145774 -0.0124409774580137 -0.236218195528678
-0.0425720770039445 0.00736614800739321 -0.0369103609415578 -0.0728594308051088
-0.00272715545450758 -0.0646442958128227 -0.170486223874453 -0.117665121822567
0.100969207884168 -0.0285271497830235 -0.208752353706886 -0.467759322252001
0.10103476651403 0.0591097157286353 0.0991598935250339 -0.823163681205929
0.0179672046505883 -0.240252234390981 -0.119261599791177 -0.52294789646765
-0.0828670933316788 -0.216004822179496 -0.151401621888113 -0.195460320120816
-0.227693460632722 -0.059412380016834 0.0360532168188264 -0.0726734884591111
-0.189883078489789 0.17159601395376 0.0637203826356627 -0.12089897255708
-0.013446773281429 0.214499871942204 0.0223948696666386 -0.243788244686804
0.0998288126798439 0.159283788634499 -0.145448765714993 -0.309195822031607
0.181076330569721 0.0914005105688826 -0.273145699691585 -0.270535706033164
0.194641370439081 0.0796798641319742 -0.334126014660334 -0.23910488630265
0.190242933307771 0.109323750532464 -0.305104951149415 -0.267652246597094
0.100473020937859 0.200964355496842 -0.158164435936567 -0.299500375749035
-0.0381758472079329 0.229361718523207 0.00511231598924155 -0.220157632179462
-0.240136145165408 0.185724494386911 -0.0455208689565689 -0.0644478324508668
-0.270428778176123 -0.0974397508985815 -0.198481811718934 -0.138566057441907
-0.0640183701853066 -0.278950165183526 -0.219048317429539 -0.453716783750775
0.0577576292374779 -0.272424924199739 0.0742835773094923 -0.757308673237149
-0.0267307081186865 -0.443090979648432 -0.122407369034889 -0.426470329948161
-0.203097851275481 -0.35352040254258 -0.131039321066232 -0.151065602745164
-0.391235078742669 -0.063873451748393 0.0280977639925763 -0.0912923884133683
-0.303733106479919 0.290222159020349 0.0339589094766588 -0.128976943977199
-0.0400263505293018 0.354085858881043 0.00484423221327481 -0.197063304208451
0.143915709096937 0.287017526613975 -0.118733396972469 -0.231577498793117
0.287382813673141 0.186894170393603 -0.193980785733308 -0.200187581603595
0.312352343820714 0.15922929113473 -0.231594889039937 -0.186974046152218
0.309722869533131 0.212446875442587 -0.209220799131976 -0.205690089520916
0.15751216704651 0.367221889263223 -0.0939110195551276 -0.224881210721611
-0.0779985692195175 0.408454040470687 0.0262364794704838 -0.15530346127228
-0.409522711056554 0.341032918292449 -0.0555647743543926 -0.0253863506132795
-0.506746123260418 -0.117068969016937 -0.221453827100305 -0.127856353783494
-0.221384807316084 -0.490062707535338 -0.217795890962714 -0.381128818438648
0.00595966068180163 -0.558784440476959 0.0514675202599421 -0.582391496787424
-0.0784408447370023 -0.594856735374636 -0.123452581273883 -0.251265454905969
-0.336358463956343 -0.454455309433244 -0.0772639928774036 -0.061120183352871
-0.545441718449586 -0.0413008288013164 0.0409987861859637 -0.105439372653833
-0.38958592356972 0.409921580169155 0.00621470367352913 -0.137473126677376
-0.0493136330608267 0.46948881882581 -0.0181122079153688 -0.131441929258309
0.179540753274947 0.383053130705751 -0.0787559613374878 -0.121437944038807
0.357334330696708 0.257285640924643 -0.0837975082767889 -0.0990147491566184
0.382399590762092 0.213535936407951 -0.0926004667009765 -0.105660915609115
0.376232839280515 0.28104411782953 -0.0779487903852093 -0.110967480533788
0.184304458361061 0.474469252865028 -0.0075031342651936 -0.10851260349054
-0.107256736525724 0.523384764944809 0.0504749029175856 -0.0504569836464438
-0.514920683719249 0.445238935152124 -0.0633924893332825 0.0379199119284694
-0.660702531082087 -0.115274844233987 -0.227150411447287 -0.0863118775867397
-0.337581183383566 -0.616892849722199 -0.18856406857019 -0.261153681934084
-0.0414586700787422 -0.747037401085878 0.0383024161373351 -0.329395175381024
-0.12454842269144 -0.672420306405967 -0.114795160660588 -0.0119927007894861
-0.444202627338203 -0.497336234262585 0.0124005960941353 0.0712073075010281
-0.645908268545852 -0.00330514788809497 0.0705265585569315 -0.102705327707887
-0.422245972820415 0.493320038273842 -0.0185251994191865 -0.127130649176556
-0.0430550663533961 0.530002023245963 -0.0358771821406625 -0.0397091520990282
0.198159152560006 0.426699589688705 -0.0213002018369468 0.0118423719072766
0.380549915430506 0.289087293722009 0.0424930485220998 0.019976412244021
0.396725335453546 0.232827985837324 0.0585336758007403 -0.00943544247711977
0.380371671311654 0.303719602897888 0.0650755956616303 -0.000634721373902007
0.174667381668652 0.500175819275941 0.0853482535531072 0.0280715448976731
-0.123772831189624 0.543121359558953 0.0713118648079939 0.0741395835901894
-0.524469284160335 0.458763738066606 -0.066698444450586 0.111065422133481
-0.680935919293431 -0.100633017325036 -0.210489849787742 -0.0294614920506543
-0.373195655079551 -0.630772973379309 -0.137651342760211 -0.119702991553201
-0.0773179489739512 -0.799722037255437 0.0373341191132419 -0.047568322696131
-0.15327701348981 -0.648049466442913 -0.0968189026726176 0.258145699240053
-0.473499598576769 -0.467834375684552 0.119004610283483 0.227088885351455
-0.638092351756948 0.0284354620913394 0.10706281201845 -0.0746272506167166
-0.387205476913407 0.485027557620778 -0.0328324770124196 -0.0913937174611331
-0.0330553312204727 0.499112206781527 -0.0422040948985975 0.0662642864317361
0.185291953005884 0.40465680373849 0.0471525833179946 0.150144326500829
0.346482227628476 0.27582715928575 0.168226393191357 0.138747287175261
0.349248482367572 0.218475181203289 0.201929210661978 0.087994024162013
0.322693927989879 0.278258808250886 0.194337183490841 0.109054703541154
0.130775531402483 0.440830427510639 0.162041445484765 0.156390939398599
-0.125429370956935 0.456779481900822 0.0787676640403269 0.189058191433323
-0.44084394975922 0.369437366628059 -0.0697882330079963 0.167674830041874
-0.563733527102806 -0.0841062737914269 -0.178844109639631 0.022565106214867
-0.320957418937498 -0.532953566886873 -0.0773613240101126 0.00461732320839267
-0.0936286519961695 -0.716979658420737 0.0438480149510178 0.211362535907185
-0.149674348438354 -0.517553060592799 -0.0803593794299869 0.515340353993671
-0.402308679949727 -0.356669201156499 0.210537528706966 0.379803716826433
-0.502754003194445 0.0424554325859898 0.142261547177755 -0.0202090497045775
-0.278671488366634 0.37229423826831 -0.0299835613775039 -0.04205198238208
-0.0243700657595792 0.369084822441032 -0.0397790238663496 0.157334892728953
0.134131718376756 0.308646355632816 0.109730842189631 0.264971163894037
0.254235660355724 0.220146662791541 0.270666591167134 0.23808919651848
0.249137187636546 0.171637596015609 0.313659736715103 0.173745370419147
0.217641423806108 0.214048884228646 0.287581845890001 0.199649228451502
0.0681042519937434 0.31655982619966 0.203798721398179 0.255321334660782
-0.111050599425147 0.29960305182752 0.0663808495968777 0.266441731744261
-0.290133702181894 0.216462952982264 -0.0749376008523652 0.191037955658529
-0.354695849394017 -0.0605804780153785 -0.141965015067172 0.0548361200917819
-0.212822800594927 -0.35537885064008 -0.0239681906291718 0.084791339195346
-0.0948004721559298 -0.527225012515018 0.05570459423251 0.40425584088687
-0.120242765379017 -0.295728592611594 -0.0755699899441123 0.712463088943099
-0.255314685202073 -0.179231426133459 0.26763388719078 0.501406214354415
-0.271126349928098 0.0511837995238247 0.176132689580318 0.0438153793427101
-0.116816165985204 0.190611692760707 -0.0069324540900323 0.000275652142693731
-0.0145400322353486 0.170654585787977 -0.0347252007055385 0.206933748812664
0.0559696637776292 0.159421997993024 0.149310059630464 0.333438184287209
0.116372850993942 0.127329847648103 0.329871234998126 0.299105552835729
0.109175702507685 0.0985330792652417 0.379834214708886 0.232212126988067
0.0877939296421571 0.121022081509066 0.334909207995526 0.261390493497507
0.00436528821678445 0.158674477394245 0.208947811277629 0.312995671020389
-0.0770627573519393 0.122651508400505 0.0363602823997414 0.298600531980209
-0.118091585109019 0.0636304325724748 -0.0809503053007154 0.182981626788586
-0.134791177468558 -0.023147495910886 -0.10472785167191 0.0681687961234052
-0.103426226253817 -0.147123383296474 0.0160245847817148 0.119846431045484
-0.0894888731451512 -0.277916174341759 0.0717432437513541 0.509834675065478
0.0549077834809653 -0.0149103406140166 -0.140833796229652 -0.545828704097378
0.0225575682910714 -0.0614558507235964 -0.162067315790844 -0.19986851179781
-0.064961854652483 -0.035565216057258 0.0599442324267193 -0.060811897087408
-0.0583704516211133 0.059956305459663 0.0926978286362925 -0.135778481678777
0.025329027095254 0.0622077788848622 0.0170374849874545 -0.291764677558838
0.0517690457150548 0.0151227259041696 -0.184505450264085 -0.358038182040742
0.0564366590899325 -0.018719800014019 -0.337099659690104 -0.302577227540533
0.051845020467091 -0.0139377713839844 -0.403327766724165 -0.249840839236229
0.041876801559222 -0.0109828015978213 -0.36711001110487 -0.283155770493706
0.0269835029273414 0.00694218840750818 -0.203818787436112 -0.323339739576198
0.00291550468222522 0.0231234444803772 -0.0155670170388325 -0.24158603730859
-0.0448172758874099 0.00917526147820577 -0.0395734795254092 -0.0698966247474081
-0.00421234992403974 -0.0677403439371032 -0.178195322008205 -0.115180793281365
0.103975885572363 -0.0322627456259452 -0.226692265093067 -0.477143802302803
0.10617197673263 0.0592957138385853 0.0795720061289355 -0.843773508680515
0.0158741369154291 -0.245459250741176 -0.137605166621574 -0.529971212441918
-0.0873007272488424 -0.22200499512697 -0.161004919458075 -0.197432436870465
-0.233390274372658 -0.0551887644342094 0.0341429760011598 -0.0785862500366381
-0.189298572346118 0.181129262480514 0.0599056667142307 -0.126923878285367
-0.00623067479294371 0.219618119063778 0.0152247338482083 -0.252787219251272
0.106317767392056 0.161053959606337 -0.159221257370072 -0.313290273357205
0.189589697551357 0.0891445171016545 -0.289893145504015 -0.271558365407153
0.202471259175913 0.0763533608106362 -0.349824378067883 -0.235994696168177
0.200282867376251 0.107604156575523 -0.320864514369445 -0.266728569060967
0.109411393675066 0.205279445358249 -0.168688492122543 -0.303837563983461
-0.0340880445066875 0.237448622588493 0.00135571704094222 -0.225309118465695
-0.242529765984154 0.19759591842718 -0.0472177001517644 -0.0608712142192354
-0.279031871105752 -0.0960341800734912 -0.20915144489551 -0.13431917555386
-0.0715847354876658 -0.285802189561662 -0.236406130844749 -0.46217679841009
0.0549202537793169 -0.277800204226527 0.0575860554103648 -0.774245642181057
-0.0351057900931543 -0.450302797065789 -0.138347781093772 -0.431844728497814
-0.213480385627429 -0.358361955477324 -0.138180846758915 -0.152575469288315
-0.399372396363354 -0.0556536201787336 0.0264723543744195 -0.0976504957550784
-0.302457619977021 0.304023794641342 0.0287028588631016 -0.133745345091088
-0.0297546346177224 0.363140296065811 -0.00182269927866339 -0.205238648539534
0.154426574211697 0.290839840667604 -0.129378211800816 -0.234009243046854
0.300387438974316 0.184303457285372 -0.207033587612594 -0.201176258349259
0.324280844532233 0.153698661291084 -0.242965187667982 -0.183938433137315
0.32552750174371 0.209644111682871 -0.220734541541839 -0.205855333714095
0.172967366012128 0.374100652544912 -0.100944289073507 -0.228549509317313
-0.0711712408071317 0.421627578983353 0.0234742929256682 -0.159853112996896
-0.411571964394987 0.362381375006744 -0.0557216204259808 -0.0208788930028023
-0.520818863387681 -0.110702348849334 -0.235125143164307 -0.120614616967554
-0.237619822169851 -0.499047646706892 -0.232776717175112 -0.386500044836234
-0.00336224962861691 -0.569188483207839 0.0386328777325243 -0.596982601798236
-0.0917433823230014 -0.605144246552899 -0.134464586695446 -0.254121720306296
-0.35274342614598 -0.459415345885763 -0.0792096103400059 -0.0617541409725786
-0.55584111080142 -0.0285827285684663 0.0398927747754395 -0.112112148784516
-0.384460901701151 0.430214678858335 -0.000775422160400626 -0.142348341579817
-0.0363771022391459 0.482425415228929 -0.0250360379011074 -0.138074006229534
0.193226038268971 0.38857665841674 -0.0849121962341961 -0.122044174241273
0.374925923757084 0.252953973647208 -0.0912324891952912 -0.100083647654997
0.396197194200684 0.205352715799312 -0.0985240701957575 -0.10564211382698
0.394301407046644 0.276589005855599 -0.0846872375181196 -0.112162103311054
0.204855915170862 0.483458242238158 -0.00859202707929906 -0.111980928645589
-0.0973584019521426 0.540576113043685 0.0498983978422381 -0.0527169420275905
-0.512828410823816 0.471364565669561 -0.0613456387356529 0.0444040504540892
-0.678012520549916 -0.104600001455346 -0.240128993047226 -0.0776751836765394
-0.359212419414413 -0.625454524376384 -0.201450972737645 -0.26300390768634
-0.056449668629499 -0.761187562436376 0.0332475255004317 -0.339057380296296
-0.142662370086472 -0.681909942843757 -0.119375629146605 -0.0108614137642355
-0.463559267307518 -0.500663205940556 0.0160243004418513 0.0718757210973429
-0.6573624526122 0.0146095924913559 0.0703991778361876 -0.109180436286021
-0.415813619038411 0.516460524238758 -0.0259077051606888 -0.132447182274951
-0.0276757283860283 0.544368424113803 -0.0413588020040578 -0.0442402714699356
0.213756315360006 0.43404232251934 -0.0230659884302172 0.0137281656398265
0.398168767960131 0.285946304599282 0.0419735296893825 0.0182656332455197
0.409659709383951 0.225263262666089 0.060117795691217 -0.010474307703535
0.398327346774021 0.299334224716131 0.0652750599722341 -0.00217761637656236
0.194732664615179 0.510783903560429 0.0900546117750515 0.0256637197393733
-0.112501819268754 0.559710701123419 0.0741167716257746 0.0751607938366911
-0.52478397829974 0.484838490992582 -0.061974290449879 0.118133970335826
-0.697467632018648 -0.0882206426938581 -0.221695741340727 -0.0194223742598487
-0.395534058002624 -0.63938534735673 -0.145769815598168 -0.118641970570688
-0.0952132742333556 -0.811453456471401 0.0407049519133144 -0.0508035248741791
-0.170653733579364 -0.659448614351982 -0.0939252018960094 0.264770423733548
-0.495236197526493 -0.468025536975543 0.130503339295775 0.230087027424467
-0.649863076600736 0.0481876529504407 0.109162576386483 -0.0806842084934904
-0.379710043399725 0.507991487137035 -0.0404554599414797 -0.0956183215606158
-0.0182585761008946 0.512461295166794 -0.0457395885280779 0.0642241424184846
0.200774664973143 0.41150969286103 0.0505496885159466 0.153339626829684
0.361780875460192 0.272546487827465 0.175282283494675 0.137051493331415
0.361014840901887 0.212417077072903 0.20935069917742 0.0852639923720321
0.337974780832444 0.275231438089358 0.201148436444674 0.10630537178568
0.148505805814321 0.449910614028216 0.171725237490585 0.155939250289581
-0.117112925962979 0.471549557743358 0.0854905291768701 0.191902688536693
-0.437456972301943 0.389344811429367 -0.063531700172939 0.176519232974842
-0.575426192834439 -0.0720069172003614 -0.187543072593168 0.0332806190468516
-0.339369586036222 -0.539495439572627 -0.0812806357596372 0.00780175058688016
-0.111716304465004 -0.727170358990374 0.0559063585199118 0.213319566606351
-0.165767924022344 -0.526262033605099 -0.0708642474593286 0.526486925525933
-0.421655319299599 -0.354493675305095 0.228796593136326 0.383905662376987
-0.511291668197728 0.0590524056339413 0.147135719289505 -0.0248774068152554
-0.271923772973148 0.38936685136257 -0.0354365100366926 -0.0448415804195989
-0.0144231025556136 0.379648589601962 -0.0406643612842252 0.158731004471319
0.146068213789736 0.314376550636893 0.118401925312404 0.270558864905087
0.265327655185671 0.217943125746955 0.282921058931158 0.236647629428664
0.256197671001556 0.167216383552237 0.327472219821156 0.169831244134326
0.227544096781689 0.210940998828643 0.299746879576187 0.197793038841327
0.0800452377307198 0.322425674823028 0.21662027771445 0.255962824039719
-0.104598720468464 0.309227234968794 0.0740135576539933 0.27148379845001
-0.287558328569205 0.229374052559728 -0.0684047926972624 0.199104962724922
-0.361134369632203 -0.0518815424381473 -0.147032727356664 0.0635505574333145
-0.225501680108122 -0.358284873550796 -0.0250579460864336 0.0896987437027412
-0.107667206937065 -0.534995289297168 0.0723816221617777 0.40964348425112
-0.131446216509082 -0.300702143420745 -0.0607110246827502 0.728724188945688
-0.267110995363811 -0.176064412921949 0.29251032973816 0.508152592395535
-0.274199749311439 0.0624764069562576 0.182939503579888 0.0410630042911567
-0.113028856160404 0.199033267500316 -0.00977752023412575 -0.00207356050792546
-0.0104217361543096 0.175955583314671 -0.0335460340390302 0.210663652909624
0.0623070967618162 0.163004115278538 0.160726240775605 0.339528651632543
0.121471829634707 0.126790390111278 0.347382733819788 0.298718820951115
0.1119968917256 0.0971298044061568 0.396186550514352 0.22929326271073
0.0911980912739648 0.119337658486808 0.350103861839589 0.259162828026624
0.00916230043705796 0.161763925985925 0.223858044556781 0.315314950542281
-0.0742947628008769 0.126859304102417 0.0456518022192362 0.305392515761505
-0.115980769717723 0.0676235423103975 -0.0748857604916427 0.189199182748586
-0.136343411802399 -0.0180349036927399 -0.106922805405087 0.0749365886890972
-0.109498546298727 -0.146476863832623 0.0172961767386313 0.125491051630406
-0.09900363042561 -0.280603387660679 0.0905462393030502 0.516318990619774
0.0565396041038732 -0.0177385000349803 -0.171691755125279 -0.542105295019908
0.0214609239199542 -0.0667940104961559 -0.175602177705355 -0.194946847246906
-0.0697037568374117 -0.0335912622625536 0.0557395046068756 -0.0689575494362298
-0.058574051391899 0.0642972921264624 0.084623203510018 -0.144388545566116
0.029409934780069 0.0616071888002874 -0.0012138734364254 -0.297580532042981
0.0533991369313938 0.0124411770697061 -0.209022860463236 -0.353863279322097
0.0577102572632168 -0.0217287794240064 -0.359288920796107 -0.289108209175504
0.053407965889771 -0.0164984172410247 -0.424152011891088 -0.231104407259722
0.0436317610108319 -0.0115709834782262 -0.387159846407476 -0.26823858934057
0.027308363198285 0.00679865448597864 -0.222838262808947 -0.318117164675133
0.00307964694495897 0.0246500722106448 -0.0256087951588844 -0.244077535374618
-0.0467985694600618 0.0124171371720922 -0.0422451823800683 -0.0643062925178194
-0.00820231229721108 -0.0709119700985015 -0.186915253044614 -0.105997234321172
0.105287035651634 -0.0391065174405885 -0.256640875638778 -0.475038074151279
0.112750105996702 0.0555498686336119 0.0375369059806643 -0.85370625122381
0.00666813530088788 -0.247447056963923 -0.167913772824916 -0.526903187118984
-0.097479986464259 -0.22292947988137 -0.173566674200019 -0.192178530689066
-0.238807394253943 -0.044419685298195 0.0293503806137509 -0.0849963272865576
-0.182443183237493 0.192966863179187 0.0519852204971348 -0.132996279059228
0.00594804891630837 0.222653990574616 -0.00159358340241682 -0.258939601245274
0.115846922589041 0.158427522202184 -0.180396955295525 -0.309624278471105
0.197780673044326 0.0795785438866516 -0.310532196630121 -0.260146352864778
0.210484365495845 0.0662699440166033 -0.368281516172737 -0.219435811275696
0.21021593750539 0.0988295094407177 -0.340675925366451 -0.25299858773642
0.123181364194871 0.204407008381042 -0.185332189476423 -0.30010054546638
-0.0239643368355857 0.244128082930741 -0.00899008620165148 -0.228308911575119
-0.23524323841931 0.214178927526056 -0.0494435983904122 -0.0553768535344351
-0.287000068136498 -0.0857143027981681 -0.221276648256146 -0.122685916072902
-0.0862798681172618 -0.286503618759112 -0.264571360649282 -0.458000435326167
0.0445710634505856 -0.282466972592802 0.0170756508596814 -0.784792420526064
-0.0548090870430032 -0.451600079619026 -0.163455672951937 -0.428200079159029
-0.231116100886918 -0.355694939680939 -0.147135975394692 -0.148466892589784
-0.402935577105759 -0.0355482154072124 0.0216892152720363 -0.104606863098527
-0.2876870418251 0.323053536197416 0.0194405860511599 -0.138376185994779
-0.0104700458063855 0.368508217957083 -0.0163593031839993 -0.211237799245078
0.171561406301341 0.286956736286765 -0.145052434432472 -0.230370835428364
0.314322828782536 0.168738963585742 -0.222746136007846 -0.193259470255466
0.336647027858779 0.137785752865218 -0.257274629212403 -0.173248779669458
0.342400790486358 0.193997366827552 -0.236202792835392 -0.195975345789175
0.197627055020603 0.372151685378219 -0.112302957280506 -0.227939060189868
-0.0507344088962986 0.431994137825639 0.0162265597895037 -0.16261331509108
-0.396566420239804 0.39064183459933 -0.0553310038733611 -0.0147241149448517
-0.531731967134561 -0.0876093995935339 -0.246890347164074 -0.10565032668482
-0.265225395885218 -0.493982187647099 -0.256190529233057 -0.380944324826294
-0.0293517292185246 -0.572418315594301 0.0107237795923206 -0.605554381518874
-0.120497167846446 -0.604153608730396 -0.150676925296156 -0.250478132499989
-0.376960026136912 -0.448510251507589 -0.0824395547005151 -0.0598644081328882
-0.558389281364291 0.00158073903501291 0.0351263063748937 -0.119455482840199
-0.362816511110118 0.453588609136893 -0.0116527896406423 -0.145680307075063
-0.00971404955887751 0.490326171507085 -0.0369134932203392 -0.143081095273895
0.216107117764962 0.385204389379478 -0.094572740751123 -0.118727609777737
0.392487207326358 0.234792282324835 -0.100418983721989 -0.0965528571051528
0.411106981613252 0.186943785686877 -0.105918552609284 -0.10138287901857
0.41621027460418 0.255952784629298 -0.0926280948580216 -0.107896086014013
0.235898397798728 0.481683719589814 -0.0128284458501704 -0.113749686503186
-0.071127203848898 0.553449585212588 0.0477452846456897 -0.0554948777367036
-0.49232795441482 0.506468108314902 -0.0562518410162962 0.0505822563634465
-0.689627748397801 -0.0725644480557712 -0.251406903610018 -0.0600112158339188
-0.393221429619727 -0.618270303516776 -0.219723802590696 -0.2569357627884
-0.0910361629944591 -0.76116471907431 0.0200407720910892 -0.346119598806325
-0.177049547787886 -0.681864518567549 -0.122495520081076 -0.00698941548465839
-0.492851442737383 -0.48500955446356 0.022739419227211 0.0695260452296659
-0.658858470974168 0.0505694138290109 0.0665794259152466 -0.117852157286621
-0.388592748555204 0.543030208026628 -0.0371141827682198 -0.134513900635013
0.00209499520718666 0.55209249748725 -0.0488827513371327 -0.0485308283725363
0.240174710994293 0.429921796033312 -0.0239404598460295 0.016072759593699
0.418622636453036 0.265654741841454 0.0422312903036565 0.0162732210745594
0.424012246097117 0.206082378681249 0.0602481351757711 -0.0134954222498116
0.420559664563608 0.278795116349046 0.0653888849785621 -0.00506249296658151
0.227206739720595 0.508934127390091 0.0943904197573453 0.0201626167115364
-0.0836331260974633 0.572630973830574 0.0790642166978726 0.0731806000896642
-0.500069405485425 0.519920231941187 -0.0531540238069321 0.125110385172466
-0.706680777444254 -0.0555776208330934 -0.229580269005796 -0.00123042379977168
-0.431677557571162 -0.626920896178494 -0.154528807257495 -0.112345123816206
-0.132379606199108 -0.812646663034097 0.042491566308911 -0.0557206192507851
-0.205048265862952 -0.656958493195498 -0.0831945402667198 0.269180945540023
-0.524352832777124 -0.448702522438153 0.147502091078171 0.223424980086013
-0.648469421687254 0.082761745758765 0.108399245419251 -0.0901789089521544
-0.352490359898738 0.532920912584982 -0.049106748323611 -0.0977026199919557
0.0095962735762341 0.519064817541989 -0.0479340942527886 0.0624469280350573
0.224955823721053 0.408225952492707 0.0585398237079473 0.154225710662954
0.380412768187981 0.25702667624425 0.184283128221185 0.12951329765639
0.373376674132582 0.194557654831899 0.217205047130978 0.0755272399017674
0.355762089517406 0.256667009010842 0.208673713389203 0.0972726570092193
0.176603679676433 0.448838363516888 0.18439390484844 0.14812530255154
-0.0922041153513182 0.483873830673236 0.0965041336973199 0.191053946225187
-0.419222563242069 0.419163775560039 -0.0517191254320443 0.18311243676855
-0.58213866763713 -0.0431239317390808 -0.192739221766369 0.0485146276918774
-0.368559890981703 -0.5289942310717 -0.0839336198557713 0.0140265950708511
-0.146244208801362 -0.725843335896005 0.0718066422309448 0.20914637206932
-0.193824677306951 -0.523587133992947 -0.047035089386365 0.531604196462446
-0.44555008747264 -0.338087702116313 0.256199286826668 0.375610346525455
-0.510546080465601 0.0886481571121491 0.149869965282184 -0.0350192500678383
-0.252476299787476 0.408182787067123 -0.0414652058540846 -0.0464332013273588
0.00626820573694958 0.386137274262784 -0.037775026401929 0.158933242047361
0.16537817871915 0.312114255724153 0.133280233435538 0.26965306583349
0.278647083310965 0.204965029018351 0.299871114295303 0.223843356812868
0.264567276183231 0.154882958868964 0.341689159420346 0.154681981637656
0.239990462256355 0.198444325683906 0.313708690296804 0.184237835585139
0.099922978330088 0.323199119028783 0.234972913019409 0.248178732656339
-0.0885732687435571 0.317468271533531 0.0899560377005934 0.272333645372224
-0.274790493299675 0.246537624194231 -0.0559197369487895 0.205178363753493
-0.364282834475828 -0.0333063991791813 -0.149457913472278 0.0764865458356177
-0.245045093909351 -0.350773880563342 -0.0228650479556134 0.0945662257680155
-0.13559882577637 -0.53131912382585 0.0991003779873679 0.406246090998842
-0.14932423578961 -0.298045081540758 -0.0244964096656166 0.736454896890159
-0.280549910328098 -0.164192967532509 0.325177813010421 0.49873809594902
-0.27173350080729 0.0794690144136826 0.190100797226312 0.0311633537617116
-0.102014651846413 0.207893689403801 -0.0129316812556177 -0.00435420638788746
-0.00148318710134355 0.180396641813223 -0.0267277888008355 0.213697340848634
0.0725312040288228 0.162618428945853 0.17985835957155 0.33631415357528
0.12921244015979 0.121609100141287 0.369367231772243 0.284060930914291
0.115648857763945 0.0915409969905678 0.41517798068659 0.210208642257561
0.0958754284853365 0.113703710172155 0.37025192359305 0.244197470981779
0.018759808256213 0.162053918573668 0.24483328587337 0.307204659736383
-0.0669389520396806 0.131165776217639 0.0639048321319733 0.307462648134224
-0.110048152883615 0.0735294138026833 -0.0632558419309488 0.195795247597496
-0.136017729409637 -0.00851604220563923 -0.105795329154911 0.083546800729173
-0.117644445757573 -0.141591407560829 0.0217650765788164 0.129178003706178
-0.115802875960535 -0.277580886745834 0.124504938057338 0.513712036834166
0.0566273165907067 -0.0204650278249772 -0.199958777464838 -0.519008917856603
0.018610758384977 -0.0702595293769825 -0.185032355773017 -0.180896075135037
-0.0720152040828688 -0.0297321966845369 0.0492764289915045 -0.074504975227261
-0.0559525354592389 0.0677009861203542 0.0717725903606018 -0.148664337744178
0.0326737438676061 0.0589867485580044 -0.0218678954641311 -0.292510135952676
0.0533925468985222 0.00948898204647164 -0.229896067662423 -0.335597719393431
0.0566618173611328 -0.0247365166683814 -0.373116464430208 -0.264654831513421
0.0534273536409813 -0.0199473511578751 -0.430803878133533 -0.203424269410072
0.0451030727642192 -0.0127051299242675 -0.396494696948108 -0.240765058518906
0.0277811890366639 0.0067119165132501 -0.236332826446702 -0.300986222969378
0.00283161862476884 0.0261723851250285 -0.0362844436365442 -0.239408525167038
-0.0465305177335738 0.0151961882701862 -0.0438779732326137 -0.0566371776843594
-0.0126785135785741 -0.0711875569152616 -0.189761994734967 -0.0931023696535901
0.102921907671101 -0.044539657438848 -0.280151427043898 -0.454860092542942
0.115409590671856 0.0484950479709354 -0.011448271601603 -0.836446623247803
-0.00498008935118524 -0.24257336070306 -0.19441476755409 -0.505489378806549
-0.106441240077026 -0.217245554758921 -0.181697252362223 -0.179421964179365
-0.236053946910583 -0.0306468647897124 0.0229533101334198 -0.0901718724020476
-0.168497414958145 0.200250873639258 0.0402743559198586 -0.135411881425247
0.019150468619057 0.218395929190051 -0.0205443908215691 -0.255624502908086
0.122801826611259 0.149801825600397 -0.198935089054237 -0.294493654582803
0.200282906922693 0.0667457812822618 -0.323249364932357 -0.237335018451786
0.211746837122512 0.0526078769786066 -0.375666632227577 -0.19409529816656
0.214479543773568 0.0848078549493321 -0.349147101129318 -0.228425843561191
0.134238628721667 0.195852529490517 -0.19906897515778 -0.286640877213207
-0.0112454516875877 0.243774094022472 -0.0199172832867878 -0.224412277584981
-0.219538079031622 0.224988531779479 -0.0497872708126749 -0.0478627897031599
-0.287538759272012 -0.0708231522927419 -0.225427045362965 -0.105081824191437
-0.0989649576817664 -0.278218313929176 -0.288091700737423 -0.438323252370929
0.0322893790908632 -0.277052686828902 -0.0240062197554472 -0.768667043699119
-0.075979341573381 -0.437822893192313 -0.185815151162227 -0.411375714210916
-0.244630656407183 -0.339140002482034 -0.15264310785486 -0.139765243934019
-0.394117614458714 -0.0114551485232928 0.0149530407847332 -0.10853539903952
-0.262261381023846 0.333478642936997 0.00782875763030413 -0.138846277094786
0.011325246520963 0.362510443809499 -0.0340537980133394 -0.209834796920465
0.185276816708945 0.274684106827256 -0.157811502806286 -0.21785671750763
0.320007068092856 0.147730365837264 -0.232481348615135 -0.176178260381502
0.337721012635339 0.11545081837231 -0.263040754938607 -0.154444285091267
0.349505559865149 0.168993684267067 -0.24364157468611 -0.177767232464321
0.218453907400369 0.356838673999423 -0.122588456136635 -0.219909865646643
-0.0262365751508601 0.430791907703643 0.00776613407829579 -0.160503668964688
-0.366992518859963 0.406834467433287 -0.0521849719043517 -0.00847771492237725
-0.527430630230722 -0.0589499445187446 -0.250842249408297 -0.0850292100234133
-0.285470390133948 -0.473050757069458 -0.276882123243772 -0.363141177460218
-0.0549635283704584 -0.558703275839854 -0.021056660696195 -0.594584273631186
-0.148484923201806 -0.583639137890428 -0.162687295576983 -0.238313842872268
-0.391661412980677 -0.422673826680343 -0.0827069287377106 -0.0571595036086019
-0.542492600101368 0.0329529175909315 0.0281172765495529 -0.124614629069343
-0.327396116423261 0.464522501691553 -0.0237154584658048 -0.144996723624
0.0197333618837339 0.481339593952699 -0.0512443365750875 -0.143303625334939
0.235143860136664 0.36850165508588 -0.101320656138898 -0.111045508021699
0.400879738043614 0.207632926422838 -0.105911865069273 -0.088948366535331
0.412893592801639 0.160013933773371 -0.109963826878424 -0.0926035301240307
0.42450645070354 0.225937126496001 -0.0974973538349861 -0.0996335854804934
0.26212073187604 0.461915385269061 -0.0172916374188879 -0.113465477707161
-0.0398017615551208 0.550418124427355 0.0443995039580966 -0.0563659647673464
-0.453644941254392 0.528850689739593 -0.0491847808760743 0.0549112370608698
-0.681559764034381 -0.0368243885478719 -0.252352313170162 -0.0386289520803567
-0.418473649413163 -0.586861875429111 -0.231939175425277 -0.242029585575348
-0.125818831622581 -0.739606545365205 0.00340326635985923 -0.341938035153824
-0.210197472093101 -0.656562870162753 -0.122079747162717 -0.00278820063530436
-0.509327746995733 -0.450534839665791 0.0286536525187637 0.0638385931450003
-0.639777541347455 0.0878561788436909 0.0604069856289977 -0.125048448622888
-0.346948190129567 0.555226867375254 -0.0482973213138533 -0.132784156682129
0.0346897599830941 0.543947451363842 -0.0585724429904593 -0.0504445867629068
0.261437303188467 0.411220804789696 -0.0242416094207305 0.017840276442621
0.427342843436273 0.237640675285122 0.041303507877232 0.0137019438029036
0.425769551948547 0.178871616172966 0.0592426489286935 -0.0167605750878811
0.427557610085164 0.247060546070862 0.063772670074594 -0.00741446885337997
0.255952598841747 0.488118280090284 0.0959679796646696 0.0125746478915563
-0.0499893914249157 0.569995730812648 0.0821065596420344 0.0683815974155366
-0.4601177620674 0.539572615701177 -0.0417332628999068 0.127205739106397
-0.697327540564924 -0.0171177887576328 -0.229338839973331 0.0187719137161252
-0.45693752141927 -0.593965378206715 -0.161192881425714 -0.101348021859278
-0.16995270201351 -0.785756546480697 0.0421250957028936 -0.0606883432069425
-0.23580631610881 -0.63149706526007 -0.0685081074017173 0.265192260633929
-0.539518228459946 -0.41468716667194 0.160818023257232 0.207273871515849
-0.62922662923012 0.120103439912817 0.103047725197072 -0.0995009345470518
-0.313660827372699 0.544637143855852 -0.058052408569433 -0.0959900693103025
0.0397471956845444 0.512139971408169 -0.0507940032721023 0.0587537382150498
0.246200447698338 0.389859529186795 0.0652153375131665 0.149485361801073
0.388104729867101 0.228802450371426 0.188555819901527 0.11625352121486
0.374961709072413 0.169843892324094 0.218664391918685 0.061659585799703
0.363115920908435 0.228495422678078 0.211034276292102 0.085641453595118
0.202240828348756 0.431756561917744 0.191065668925593 0.133477056359941
-0.064374082947056 0.479821248648086 0.106055065537 0.184292247789563
-0.38410554736317 0.435004418572921 -0.0371278231570755 0.182787358563261
-0.571102351380733 -0.0117471626956534 -0.189443183981049 0.0654597241875044
-0.389736790292092 -0.49850889507647 -0.0842366921878008 0.0193945078482921
-0.179089443471236 -0.700421746028202 0.085635909781377 0.196625145150217
-0.220708041856028 -0.502686063638103 -0.0183851854120534 0.520241185326543
-0.457889780516732 -0.307942051092102 0.276566764645277 0.350872842058926
-0.493060625702949 0.117000465166246 0.147534339256254 -0.0459772604263284
-0.221768093220511 0.416042441854655 -0.0466926804908331 -0.0454616962763271
0.0287577033415922 0.380102855911083 -0.0338876193832328 0.154555241747161
0.182033701617227 0.299133554083957 0.146035853164996 0.258507413640223
0.285728179074654 0.185248143825721 0.308809647143483 0.203211791348349
0.265379329758283 0.137605635238315 0.346585276331998 0.13212679766105
0.245005018575777 0.178670602221628 0.320724822252757 0.164032969107252
0.11832747225731 0.310894674219985 0.247231186078533 0.229866525813671
-0.0680471830050564 0.316510793998851 0.104411881329832 0.263673659063928
-0.252388186331678 0.257231120341998 -0.0409973176384841 0.204382366029289
-0.356446158118058 -0.0112922408942556 -0.144500576114037 0.0885418137241735
-0.258594047011443 -0.330404604009733 -0.0190850463558941 0.0969507143812059
-0.161704341913646 -0.510551480065811 0.124499917034253 0.389063540959483
-0.163786957115044 -0.284788306176914 0.0150800362606419 0.718808543591427
-0.28625052178703 -0.145469468120108 0.351276773111095 0.471032357508624
-0.260420280750897 0.0943407533043294 0.191304031499192 0.0192910409107311
-0.0863990029409784 0.210531393937672 -0.0151558816653431 -0.00597748218706285
0.0092863126341432 0.178392617464213 -0.0177831567875731 0.209449621571032
0.0818137042987828 0.156629875232684 0.196548432274589 0.322310022223462
0.133096994854853 0.11248931123192 0.381396605881025 0.25855396193057
0.115290239461753 0.0843683496398897 0.422794386752111 0.182289105172541
0.0974578719545509 0.104025337005124 0.378644128709178 0.218463913675057
0.0282783506207769 0.157203348968598 0.261089764768672 0.286686990796711
-0.0568604642616342 0.131104922700904 0.0813725888130629 0.299293925896046
-0.100308331759511 0.0771153091466689 -0.0490778548612668 0.194962153573985
-0.131180844330775 0.00166946436266144 -0.100888003597228 0.0912762407934742
-0.123018274764402 -0.131503386475787 0.0272001446622572 0.128500839092379
-0.130533971116137 -0.264423314472638 0.153610657284736 0.493449951132463
0.05533593501613 -0.0216623226514804 -0.210357097783974 -0.488900369175625
0.0164813921304018 -0.0720985925844267 -0.18485272169079 -0.165903249697258
-0.0720758875033685 -0.0264238858082738 0.0429468756286701 -0.076448755361702
-0.0536220159080871 0.0685030188704706 0.060916582215347 -0.147395812543106
0.033518365508617 0.0558923129710703 -0.0353295692466372 -0.279991565678137
0.0514952071421653 0.0079316697759412 -0.237544588284802 -0.314021834742364
0.0545683822609951 -0.0267209686792121 -0.37347911971222 -0.23936777503241
0.05282043238394 -0.0221211718562306 -0.423924268258625 -0.178992000387802
0.0455563406642056 -0.0133396435713385 -0.39101779961579 -0.216469267238994
0.0274390340026304 0.00787229187770763 -0.237857211630158 -0.282423013215086
0.00314028449401421 0.0269300923626271 -0.0405187253813321 -0.230015032562569
-0.0461291427742002 0.0166402427107153 -0.0419030072353844 -0.049075044488418
-0.0162887730206091 -0.0703796057336739 -0.185686367783157 -0.0820369028560663
0.0994982791784423 -0.0472753984345639 -0.288080487001077 -0.43095085000708
0.114968394407388 0.0425362566796016 -0.0388482413355846 -0.800145439448712
-0.0106791391671973 -0.231185508007646 -0.205252395364475 -0.476898866784887
-0.108433535415995 -0.208733230348926 -0.181705018104026 -0.165931400120722
-0.226910906822987 -0.0216690823455119 0.0170958058953723 -0.091822806957701
-0.155429366670072 0.199605807425881 0.0304397201719662 -0.133365873678736
0.0267607610345171 0.209575856354129 -0.0342626013987912 -0.24551357948886
0.124569428668213 0.141407145866627 -0.205126324253438 -0.274979511771361
0.196129655219534 0.0562475117427957 -0.323869135607485 -0.216744385612394
0.206941165450312 0.0419764768606331 -0.370247732052952 -0.171933682675585
0.211897361879009 0.0738720874080172 -0.345578348293705 -0.206625786959135
0.138543302866578 0.185567914809666 -0.201366379027191 -0.270498098567146
-0.00296278393848613 0.237774193536872 -0.0258140613825513 -0.214838987761984
-0.204221795556042 0.225965801336469 -0.0473302755753112 -0.0412789353191395
-0.28094926761997 -0.0603770613222146 -0.221498595563846 -0.0903827371251135
-0.102606822283609 -0.266127539629958 -0.295012562793126 -0.415453231366787
0.024958993344548 -0.266406181283587 -0.048022891903649 -0.736452989305322
-0.0845175465596327 -0.414500302612081 -0.193389846988648 -0.388454971958739
-0.245099974635016 -0.320906834828678 -0.151370148074587 -0.131141348444417
-0.377219736352543 0.00183806279441157 0.00961187458921145 -0.110436547953929
-0.239262805709768 0.329158193178009 -0.00225991813557587 -0.134954692591622
0.0240952969278846 0.348090385182148 -0.0472997927587649 -0.202784770234355
0.189956319933598 0.259938074824197 -0.16300071452392 -0.203085783705293
0.313808602849374 0.130176919016975 -0.232440460451641 -0.161248859377172
0.330170007120615 0.0988261318772825 -0.259819836963547 -0.139215885924585
0.344556798072974 0.148104909955127 -0.241076644885501 -0.160908047186122
0.225609846911968 0.33757776840385 -0.125176564317645 -0.209294792551108
-0.0106819538611693 0.417603631252968 0.00222476965916399 -0.154380097487229
-0.337953954311898 0.405269666479291 -0.0482444609839282 -0.00380417228773979
-0.511617056266899 -0.0414902734329918 -0.246514507817169 -0.0685917928728769
-0.289211319224844 -0.446980107939501 -0.280759606897863 -0.342812333551002
-0.0665035683850114 -0.530956272404427 -0.0376925391707365 -0.571397956605294
-0.158610124678468 -0.55271752630398 -0.166539662516904 -0.225032574813311
-0.390719617669279 -0.395951172182534 -0.0810586054983034 -0.0559077148080536
-0.514608126432327 0.0499169764776582 0.0217829993832898 -0.127160366743898
-0.295714173266119 0.457900602890749 -0.0325345815675705 -0.140416494653328
0.0359590358890306 0.463092789855071 -0.0626019763039619 -0.138758482906802
0.240489601593048 0.348493164496938 -0.104315777643709 -0.102039456111269
0.392313989119662 0.185446964183198 -0.106537525365678 -0.0815693244800356
0.403512694315302 0.138755538665957 -0.108692326476208 -0.0848534607229062
0.416535362226836 0.200670781437821 -0.0967967993891051 -0.0911874555852171
0.272188338081719 0.436800568656574 -0.019925915580041 -0.110726691431367
-0.0185102798432245 0.5332782164745 0.0413960692593007 -0.0547109173494923
-0.41760970320975 0.523816437647756 -0.0422428006651418 0.0569057128537608
-0.656173880528622 -0.0141424781260504 -0.247107233151407 -0.0215659692963617
-0.420872027471133 -0.551371283795316 -0.234067961491727 -0.225914456170609
-0.140395491133785 -0.702460685364609 -0.00626776220407948 -0.331734165346962
-0.221248050101434 -0.621253649699246 -0.119767263267225 -0.0024841658263609
-0.504289733550151 -0.419344111100175 0.0304281737424718 0.054907332916326
-0.60556622729395 0.104646369924799 0.0543004994504321 -0.128987932169976
-0.310776384880429 0.545578579591146 -0.0557725231339271 -0.128370064977019
0.0524416675905297 0.521067164465248 -0.0672977957193726 -0.0496004655739494
0.268966528279458 0.388670732885765 -0.0249022795761695 0.0190581220403772
0.417690717131143 0.21164940565825 0.0403556080885725 0.0120044111273035
0.415310801860877 0.156973945007686 0.0576443644632818 -0.0181603827045431
0.419759895650885 0.221427392666277 0.0622133673408815 -0.00812259423012385
0.267463710934665 0.461342672561956 0.0945601384088474 0.00607557660103331
-0.0275706728347953 0.552118211439238 0.0819656179152046 0.0643485325382608
-0.420838856072149 0.535840460755535 -0.0326783866653016 0.124860240512501
-0.669967435636586 0.00453436414935449 -0.223254052166163 0.0328367719778894
-0.457511170174275 -0.557723181940892 -0.161465407700213 -0.091258679573498
-0.18355869457157 -0.745585600304065 0.040966475960769 -0.0636703596983643
-0.248116919983844 -0.595578449171361 -0.0600555520540558 0.251931189129854
-0.533389369046746 -0.382151070119297 0.164078592475463 0.188877437381369
-0.595515045018682 0.136423021114803 0.0970449884929246 -0.105023812730006
-0.279152299454953 0.534116756542483 -0.0635286158430097 -0.0928213078626578
0.0583729974531606 0.492274871304975 -0.0553160953215517 0.0546481397242005
0.253347061815172 0.368059066173448 0.0670388893894363 0.142841089271151
0.382370638570523 0.205785794809278 0.186310432346537 0.105124351668469
0.36566785182324 0.151582632036859 0.214888639169233 0.0507834847517945
0.355295383699732 0.20534920627219 0.208060779530502 0.0749390379261441
0.212560433012882 0.408154538913934 0.191239882773283 0.120181171405372
-0.0427693527579321 0.46626787131075 0.110150728982174 0.175035985986267
-0.350455975897662 0.431528962821213 -0.0269071623481507 0.177735646278563
-0.547534530469493 0.0084603550714868 -0.182638650183114 0.0764965211386428
-0.389545292475388 -0.467896847250998 -0.0825416944284935 0.0236155942494369
-0.192834638594043 -0.662835346763879 0.0921055410398197 0.181422222269379
-0.229370607582559 -0.473558041189142 -0.00245473763904326 0.496258877485663
-0.451490851670722 -0.28197074536887 0.28081902476332 0.323757514937257
-0.467541537285964 0.130330015795347 0.142515155069588 -0.0535065636894309
-0.195461757037794 0.409035674863009 -0.0501133096580262 -0.044784429568543
0.0428642334171787 0.366050097496243 -0.0340521864057372 0.146742965826187
0.188246299416238 0.282865910672621 0.149284077632983 0.245011185479843
0.281517361838952 0.168164770751776 0.306388565473678 0.183924131737503
0.258537116399746 0.123781373397747 0.340783626947026 0.114099402493179
0.238597241291101 0.16189838874744 0.31676021139376 0.147056267779828
0.126129532576824 0.294168975513325 0.248770000878984 0.210666905508716
-0.0535798035918068 0.306911074553464 0.111743133254193 0.251172611266113
-0.22954305850959 0.255455359288502 -0.0297641036466275 0.197601920252924
-0.339120348910257 0.00228662790917164 -0.137898702525705 0.0961251902054489
-0.25859574921188 -0.309226592759014 -0.0166618457366979 0.0963066285434557
-0.170852970490767 -0.482809064140647 0.134758536099903 0.364091110312157
-0.169507331075531 -0.267601697430022 0.0349434383671994 0.686491994988471
-0.281743739150616 -0.129779560764563 0.35658487138651 0.436685131679138
-0.245726690244801 0.10114539456003 0.186903360050221 0.00961388384748528
-0.0729660309020197 0.205528805200726 -0.0168412262399902 -0.00703809351870624
0.0164099460751698 0.172301664016514 -0.0146700724509272 0.200190498374211
0.0856586991933588 0.147945457145609 0.201122367782001 0.304477312682089
0.131935367657518 0.103308634952576 0.378472404247736 0.235177087004487
0.111964493762462 0.078402112603318 0.416317368638927 0.158541877715677
0.0937641428040839 0.0956621760422109 0.374583862152397 0.196827735906637
0.0324131129329927 0.148076514555747 0.263995246601642 0.266541423468092
-0.0485430926328732 0.126834530826912 0.0914104693373056 0.285875688500584
-0.09049199996843 0.0764290138586365 -0.0382798871895171 0.188554258388406
-0.122297411703842 0.00869278148938822 -0.0948240904198561 0.0953069469158034
-0.122593169598937 -0.121330832448072 0.0292156342042489 0.125702052614036
-0.134756326693433 -0.246907576440104 0.168221127199235 0.463187930356781
0.0545357968370633 -0.0125575833887278 -0.175608963657876 -0.482514672255055
0.0215270952071311 -0.0697884791636142 -0.171953521567934 -0.166840466802777
-0.070475726623069 -0.0313909165522869 0.0413546451184371 -0.0715086064474148
-0.0586404092447032 0.0642581985833443 0.0614546130562861 -0.136863554314638
0.0262890071143131 0.05799094001189 -0.0240900918432521 -0.267951564884893
0.0474054280388901 0.0129255237424777 -0.21732215714678 -0.30748362105228
0.0515474934234767 -0.0254813138518673 -0.354887644318519 -0.243616661498295
0.0532907236183678 -0.0210610468630744 -0.404738233545134 -0.180962429484884
0.0439363034154646 -0.0128456572044259 -0.371692229937443 -0.218791924139207
0.0250944737826123 0.00913605398540584 -0.221716848995162 -0.279500697760297
0.000394109491769361 0.0274863080109824 -0.0301608809924093 -0.221890005419676
-0.0477814249723497 0.014263169370078 -0.0378800491110011 -0.0457113486103916
-0.0176026386027069 -0.0725170791748529 -0.171910089331572 -0.0878817474967062
0.0967665790308369 -0.05129106452135 -0.25684366766984 -0.425825122919872
0.106944027373687 0.0369496296291558 0.00970435333642856 -0.755879828431375
0.00419799740559691 -0.221112039627181 -0.182426169315629 -0.470765788971793
-0.0908343729393458 -0.209984404539191 -0.172670554996591 -0.163974048065945
-0.219221687691954 -0.0361723711381477 0.0175551453325516 -0.0815030701588927
-0.160429477010597 0.18376607908563 0.0327785159815336 -0.11749176061762
0.0119149812289335 0.205112968945835 -0.0207051402991905 -0.231483053963106
0.112776380123669 0.145099098971484 -0.183347659028125 -0.268870832616752
0.184652459433949 0.0615767919386471 -0.302797559270153 -0.220628157278728
0.202172692535024 0.05021958448555 -0.350627992164563 -0.173426519316132
0.204040469402786 0.0775131770782604 -0.328201797744663 -0.204403757373924
0.12944825528019 0.187330665373626 -0.189173948985145 -0.263642747432471
-0.013114126781018 0.23553050302828 -0.0239433660201534 -0.204501856650452
-0.205715209822184 0.210458759017352 -0.0557723307196705 -0.0367096095897348
-0.275506641564138 -0.07406838136041 -0.211438006547253 -0.103279501571977
-0.0914761665493551 -0.270904920094544 -0.260548038358074 -0.417919992603141
0.0287756031902871 -0.2625123950426 0.00335033830929184 -0.704384563058137
-0.0548383939131205 -0.405265730743685 -0.184143751769294 -0.385517742775186
-0.216636162506219 -0.326886637493719 -0.148431677261833 -0.125461736550182
-0.362858037127816 -0.0220883995423723 0.0117462143370586 -0.0949955268103845
-0.245514776887453 0.303132290664655 0.00386875282690044 -0.114610599016369
0.00334870433244536 0.338218924735795 -0.0309558986256356 -0.186851840685768
0.170448346303557 0.263216048728343 -0.142233164206932 -0.198607553923507
0.294922747038614 0.139093653347747 -0.212839371041547 -0.16583058330826
0.320181962669745 0.112498408697301 -0.242518924645617 -0.13877111258366
0.329734348592605 0.156623508723699 -0.228279773003247 -0.156371094932878
0.211831302689366 0.338940755866972 -0.11867930896833 -0.199532751696698
-0.0264646538785744 0.413201206114177 -0.00456744126958791 -0.14295692890424
-0.340492568898793 0.381439348290191 -0.0684741334574359 0.00111884091248468
-0.49974281799755 -0.0652848579027124 -0.241214772358602 -0.0875903470861494
-0.265503925271077 -0.452316838066948 -0.244467213220919 -0.354481543290815
-0.0513228201503657 -0.518433440044542 0.0123193578424961 -0.551670465425503
-0.117058383510365 -0.546795655991133 -0.174108019530501 -0.22913927951046
-0.352816701776284 -0.408933773972139 -0.0856065224734733 -0.0478335762005294
-0.500281965194208 0.0153734137369008 0.0268535082278694 -0.105119548420762
-0.304060558156058 0.422096192295779 -0.0225272067845166 -0.115712497021532
0.0100642379937542 0.448528281170303 -0.045275690946873 -0.125402414226445
0.217921281638818 0.351398390092267 -0.0867038713121238 -0.0998816931668877
0.369984634227614 0.196367658185825 -0.0895670367861404 -0.0852844449417702
0.390401390053346 0.155853950744986 -0.0970338766223346 -0.0825929901562366
0.399857210295119 0.210111807850648 -0.0901057862127037 -0.0835009046499219
0.254913129205671 0.436899178719774 -0.0202614872434548 -0.100782964518362
-0.036244926749917 0.526272223996294 0.0255971765943863 -0.0435905967934857
-0.419222565917887 0.491954853943561 -0.0716537068275197 0.0598119443637909
-0.642668077433231 -0.0440085295383335 -0.24731555695804 -0.0447716486182102
-0.388688922636219 -0.556058314766868 -0.202661153438729 -0.242166596315852
-0.115773080560992 -0.680904994130156 0.0338577614015004 -0.325733415093446
-0.171790210150102 -0.619066498117224 -0.145556851256965 -0.0123874299837684
-0.464034222176132 -0.438443905018861 0.0164055870183233 0.0667889655827415
-0.59104916247821 0.063444374461532 0.059821950246178 -0.100930691871909
-0.322002276006018 0.505545835629255 -0.0429929897287883 -0.103506448439473
0.0226644462327749 0.505317796616595 -0.0509608228036155 -0.0406590009978009
0.242659510419159 0.390032521999236 -0.0138808100771547 0.0184643132578002
0.394817075962619 0.224664295762677 0.0503025712618974 0.00880704682487159
0.400245199926105 0.175212233273828 0.0622573849515817 -0.0145861630259293
0.401348535428095 0.229246446358318 0.0611812028557166 0.00102648461282203
0.250840278153574 0.46240446700853 0.0872151081335491 0.0153110374451582
-0.0459850836379136 0.544263287238671 0.0600366186113829 0.0720964512943175
-0.421688242134096 0.503727831017583 -0.0662989887918241 0.125632625750126
-0.653423494118667 -0.0241465451499449 -0.227874245921008 0.00931870096286199
-0.423342315203716 -0.559969022887224 -0.139050871279745 -0.110318199981556
-0.1552459386531 -0.721654733758614 0.064692968934774 -0.0709786338498851
-0.199668208798243 -0.598822814582588 -0.10115256511486 0.236973128067746
-0.49580451183985 -0.405692009715517 0.140071835532354 0.201949687372843
-0.584673661652162 0.0943881377828409 0.102570867504246 -0.0761090993462194
-0.29213636665365 0.497462621038833 -0.0508630123482296 -0.071159231833691
0.0311569736364771 0.476443058924231 -0.04436263033228 0.0586847107550482
0.231592474681139 0.367496914107981 0.0689250513195772 0.139709038750704
0.360715759630405 0.218545907747876 0.188801976888847 0.104053552361344
0.351019863096029 0.1683170104702 0.212033575102786 0.055903376690885
0.338639838254686 0.214280545350264 0.200136676503583 0.0841496841160819
0.198814486501792 0.407265347066671 0.178511212955494 0.12646295652237
-0.0576191879590078 0.457666281240815 0.0856524394853131 0.177737515482552
-0.349826811448642 0.405362875495709 -0.0563305142721883 0.174324418942293
-0.532646719104646 -0.0137901942828381 -0.189339125418376 0.0566606298085149
-0.361191821283969 -0.467537039552498 -0.0704278384159422 0.00731998966122369
-0.165170634476285 -0.63980310336402 0.0964907401532834 0.164698575258144
-0.188104303369947 -0.482168849312998 -0.0545955256930439 0.475794024176417
-0.422996671638242 -0.305727146603801 0.249230800842963 0.33431177957403
-0.459911415016842 0.0966586540417577 0.144516382415689 -0.028177183867481
-0.203877804476614 0.381648645985503 -0.0407719262812968 -0.030657841419673
0.0236408979128624 0.354959481087573 -0.0307698329188068 0.14496650984805
0.1721199232317 0.28141711659084 0.141845221158618 0.24059270267995
0.266925569143512 0.178286496947772 0.298920716195834 0.184933380820612
0.247756102645281 0.136535210684438 0.330573433541478 0.118892239290599
0.227078291863981 0.167538754934367 0.302897253765555 0.153855067945433
0.117187556309553 0.292128835518022 0.233189888929417 0.213239319635961
-0.0607102580444729 0.30023939787301 0.0908413860247072 0.247789632908974
-0.226172100474198 0.239384006555553 -0.050720900052905 0.191165301847491
-0.328512939551043 -0.00946076987424424 -0.143688093850098 0.0816644186085268
-0.239619831896551 -0.306772488253482 -0.0147908447197112 0.0852421330761365
-0.149171403487375 -0.463270416145216 0.123292714986852 0.342460395633416
-0.142692713964674 -0.277787992934653 -0.0198355110073811 0.661859599721056
-0.266254007291932 -0.148372456493108 0.322051894730371 0.442375237410583
-0.244367361622484 0.0817128422031336 0.184544674735567 0.0265430535724256
-0.0776916271599988 0.19281562157012 -0.0124481511317473 -0.00211463565951464
0.00930753216821799 0.166186125593658 -0.0193381836581758 0.193033715390465
0.0786979758057354 0.145029729899711 0.18497956926653 0.299100451856582
0.125473775372855 0.108264188882721 0.363080984719317 0.237849762611831
0.105195977638454 0.0844562122120475 0.399147632487808 0.163069639039533
0.0878732565296335 0.098396467782729 0.358030152662859 0.200786955170003
0.0291823758403 0.145723852660062 0.248130735644776 0.265412119207499
-0.0498231978745072 0.12227485178411 0.0764115064724875 0.277760708482729
-0.0860270615374642 0.0709557162967568 -0.0477903283780868 0.17966314962801
-0.116857814716332 0.00648809104157447 -0.0982789579546416 0.0878037749766917
-0.114754208793334 -0.117874877288786 0.0240268851008381 0.120608408788743
-0.122131472571672 -0.235557078782864 0.143097432928219 0.441586357726432
0.0562135734735908 -0.0118766286794635 -0.166972098588833 -0.475710878879416
0.0227243229694796 -0.0729255647974366 -0.166884068160601 -0.164959646121977
-0.0711145325892077 -0.0330390116271217 0.0403785826846333 -0.0730371577356186
-0.0606512428382433 0.0650330198119707 0.058167750191246 -0.135857110309093
0.0254478416725699 0.0581851405784606 -0.0252920009224506 -0.263244482493111
0.0466712108097555 0.0139160682957402 -0.215891660781297 -0.303407038525751
0.0519042925202519 -0.025089140485391 -0.351156051051551 -0.242031206985592
0.0543805266607604 -0.0213211272398097 -0.400307505800325 -0.181668815808878
0.0463033271574736 -0.0125318280208029 -0.367140231564727 -0.218027633148205
0.0260655456304731 0.0109809983248986 -0.21695945811771 -0.279815566900364
-0.000623272003909235 0.0293378151970486 -0.0249626649270572 -0.219887500960464
-0.0492790481443658 0.0145798387793482 -0.034417452724324 -0.0417712762338893
-0.0182804191293113 -0.0735404973205488 -0.169818167757107 -0.0881983087229731
0.0984958153263568 -0.0513498376150949 -0.253133619286163 -0.424872198322972
0.107046991762104 0.0370083323750088 0.0194611068306202 -0.746159615991144
0.00996442095833816 -0.216489256769041 -0.173818382189212 -0.465003204833516
-0.0859911349926179 -0.212393709745151 -0.168384193005701 -0.163945158306874
-0.214868741034645 -0.0396844024489623 0.0158472182583786 -0.085436840411919
-0.160649448258096 0.181405796151191 0.029751747838071 -0.116957292532788
0.0100713614574726 0.203706782564081 -0.023331571348765 -0.227700782976357
0.111264792500526 0.146520649599262 -0.183101522766553 -0.265201074340935
0.182815382823439 0.0625298408095806 -0.300233226649393 -0.218617137646638
0.200622179855425 0.0504238854948469 -0.345770588245098 -0.174058404446752
0.202727761360118 0.0780472990497962 -0.321804422313599 -0.204827360263277
0.128589975397287 0.188541388620285 -0.183918085377923 -0.263962498449412
-0.0153887942055971 0.235384135534352 -0.0190858766941932 -0.202195678612212
-0.206740881398166 0.208422472020578 -0.052403911576892 -0.0337953999938715
-0.273408552184234 -0.077791074885952 -0.209083291103668 -0.102852286815728
-0.0849049337156854 -0.27047263410851 -0.254756994986863 -0.418741584858795
0.0357556455008496 -0.258722503910337 0.0131258387069945 -0.693934358458398
-0.0450360111772365 -0.396820673019967 -0.179058919278012 -0.382861600283258
-0.20871134771463 -0.327447208876342 -0.144859581054557 -0.127496253160386
-0.354307587984888 -0.0280362928273466 0.00997203868342849 -0.100108938731739
-0.244437059523492 0.297721765304557 0.000656833314631919 -0.114306911374699
-5.11964655789017E-05 0.335433363171895 -0.0366294233880165 -0.184803754962139
0.167733108262079 0.263730496889956 -0.141836186095021 -0.195489994591599
0.291833925866875 0.140386396771751 -0.210068335100701 -0.164071462353548
0.316488444081926 0.1133127519324 -0.237858795448838 -0.138646226587938
0.326195322582025 0.156890259495687 -0.223267565134391 -0.155574819517034
0.208829317895634 0.339374227826561 -0.115763176795489 -0.200296357340138
-0.0305073195232689 0.411625525328734 -0.00105182951679711 -0.140287485257028
-0.339276943553565 0.374193579994323 -0.0650278706855798 0.00246431121929117
-0.496082930694408 -0.0716296910918184 -0.238111045416062 -0.0853838979816445
-0.255135169560135 -0.453438313960649 -0.241602092955135 -0.353511219379568
-0.038616520504971 -0.511038614869267 0.018796295191028 -0.544486118074524
-0.105078595809624 -0.534967029991445 -0.171905610830317 -0.229428410474459
-0.342166197364628 -0.408621444291381 -0.0846406288299507 -0.0515454852645221
-0.48845447841746 0.00841741677136365 0.0253769273854028 -0.110617292985834
-0.302281898751183 0.415008843532413 -0.0259549861994757 -0.116188507191229
0.00529348312493645 0.445679882515276 -0.0524856674422094 -0.124382631888442
0.21447162812959 0.351064784582565 -0.087377199614375 -0.0978056346894319
0.364564164506149 0.197264817363717 -0.088231205761962 -0.0848801052025952
0.383818952406787 0.158157668355948 -0.0947485895733724 -0.0830898904357534
0.393465141857095 0.209558128967237 -0.0864281590330262 -0.0824313208940205
0.25110604078776 0.437443191190577 -0.018424012887088 -0.102432138915814
-0.041995197912624 0.522628211264389 0.0275418767304414 -0.0418218051153387
-0.419011123761001 0.483028438096302 -0.0688224113630845 0.0606775763564287
-0.635593493988307 -0.0533382754211197 -0.245115957602164 -0.0411854010689456
-0.375356086353302 -0.557489626380965 -0.200384739209126 -0.242790148576722
-0.100469118867845 -0.671393625563339 0.0397531732114012 -0.323909461176125
-0.159822845842186 -0.608929936494423 -0.147539261951675 -0.0167797045561921
-0.452274557433366 -0.440013131237228 0.0143677552750623 0.0612109332860619
-0.579681302300644 0.0552444671790505 0.0587561359187686 -0.10713247342945
-0.320892139554441 0.496518078070662 -0.0459746543997096 -0.104916082267969
0.0189534962747086 0.5016528852194 -0.0601538681868076 -0.0409038845649547
0.239352709997585 0.391165352317569 -0.0157127002715105 0.0200836085840944
0.388361205004538 0.226520300918685 0.0505087990991952 0.0093342272501149
0.394169341464396 0.177669406884812 0.0627260574638685 -0.0151015448960137
0.393152805106277 0.23041768292375 0.0632520543373659 0.00221645771967044
0.24675962776796 0.460351477560495 0.0862785884690902 0.0140562677096136
-0.0509968252263706 0.537645025148506 0.0604121436104691 0.0735271880581806
-0.420843079517326 0.493906622660629 -0.0637116688123476 0.124779124864328
-0.646108440834489 -0.0331306793147498 -0.226631456044944 0.0143906906111172
-0.409584576118047 -0.562079766787244 -0.139014527399298 -0.110146461063069
-0.13994726474386 -0.710296914019066 0.0669018292895848 -0.0726953611895714
-0.187697545793702 -0.591039285333024 -0.107521577534571 0.22844136680067
-0.485888415491086 -0.407283011952075 0.135637399639814 0.195703988817577
-0.575884914269 0.087721625499267 0.101525660504869 -0.080918570017688
-0.288612480593209 0.489489119714567 -0.0534856842609675 -0.0734218454825598
0.0273272089087556 0.474511055847852 -0.0540910213530759 0.056798887903033
0.227854157891857 0.367893307162445 0.0660154874901829 0.140585180602851
0.355179702025514 0.219188509979403 0.18698346335349 0.103413460054042
0.344693554097991 0.170934658323202 0.210707736919775 0.0552640208535965
0.330912753079584 0.214446415437379 0.199694862424065 0.0855513580504783
0.194077786365219 0.404761884712741 0.177089330560692 0.124405858749531
-0.0609906388826665 0.452895147164689 0.0850674980388125 0.178081513818257
-0.346824164154975 0.396331838909507 -0.0552691634818904 0.172997938733053
-0.523886993678525 -0.0207249426144861 -0.188621055778234 0.0609079683465266
-0.349595865128231 -0.467755789620513 -0.0720645232235872 0.00802897890213681
-0.151949079853379 -0.628915887891213 0.0958737843760676 0.159085882376904
-0.179445842412897 -0.476512582102821 -0.0655177752039492 0.464484227762956
-0.415594212219072 -0.306661398659013 0.242530496606933 0.328749467490302
-0.454240326875544 0.091275966429678 0.144184553990976 -0.0318480032875846
-0.202984992214167 0.37546043265961 -0.0430541932603975 -0.0333154104946223
0.021344828749315 0.353321938025824 -0.0399275520230255 0.142212117324268
0.169538338411147 0.280441213749182 0.13789525856392 0.241004673533932
0.262484964685413 0.178624015775512 0.296904864418356 0.184578765511675
0.242441681179037 0.138917877508388 0.327774958195516 0.118825173605891
0.219166617861669 0.167629187499805 0.300727555457515 0.154953379747078
0.113543436899347 0.289164339859393 0.230964167704376 0.21150284839064
-0.0621811082104058 0.295142190412271 0.0899316129574182 0.246878761924293
-0.222443152917714 0.233291088229184 -0.0506418857656566 0.189031174497616
-0.321037921083713 -0.0135215138200731 -0.144280205992287 0.0856842040734397
-0.232105493797021 -0.30534893829095 -0.0170797196403319 0.0865911009346438
-0.139875814156766 -0.456098378322825 0.11970277004049 0.334611676118432
-0.13884265350558 -0.275040561509028 -0.0323413932387646 0.650587859433863
-0.263093911098512 -0.148819231509862 0.314607747026214 0.437146271006448
-0.241525601278076 0.0793270191573612 0.184411724477982 0.0250873454778202
-0.0763998145208463 0.189717772196522 -0.0140302843050471 -0.0046953944083002
0.00870243359133775 0.165657761947201 -0.0267900443378974 0.190046830747129
0.077736338727006 0.144093136365096 0.17995712870814 0.298321674104827
0.122640027279033 0.108567811956258 0.358992216107332 0.237539037053062
0.102506426279932 0.0856758800549957 0.396398761848326 0.162602906855459
0.0821968471680998 0.0986116066056081 0.353760541862692 0.201093388976627
0.0264897787231009 0.142269731567794 0.245458788462755 0.26341175659355
-0.0488751868883496 0.118356998668226 0.0758655080353174 0.275148699851888
-0.0826890997876767 0.0679036708677921 -0.0475879661466211 0.177302009825166
-0.111640955871001 0.00676066318219011 -0.0987464982181166 0.0899959799815179
-0.112349561391091 -0.115902514622894 0.0216400067449603 0.121928033176833
-0.118198072731367 -0.231419551321212 0.138865681451681 0.433865488355569
0.0601060325651341 -0.0120428487050362 -0.164112412459206 -0.480363027535382
0.0241275283565738 -0.0784900665931489 -0.165985953322527 -0.167899049760109
-0.0737270971624234 -0.0357531198184293 0.0399047421451549 -0.0775189761324352
-0.0648034976287284 0.0684020627230036 0.0560825132749718 -0.138630386447988
0.0244620368107837 0.0600356160061747 -0.0277939885200236 -0.266266377239946
0.0474968090840429 0.0160068980079369 -0.221965758685453 -0.306653986049306
0.0530864415869994 -0.0247525944765622 -0.361574750951023 -0.245789395157496
0.0562435174198005 -0.0224393311570569 -0.406220182067088 -0.185073385756172
0.0494400284428467 -0.0132856758201441 -0.37192366252751 -0.224896447580233
0.0281802632709811 0.0130903476402291 -0.21811610305971 -0.28761506463891
-0.00123868164981875 0.0321660016526169 -0.0215609003767232 -0.224299637859043
-0.0519627517420732 0.0160658814633565 -0.0320357937642658 -0.0400313403284251
-0.0197888299646922 -0.076411878238637 -0.172126873239685 -0.0906396236932207
0.102292309259568 -0.0536225561011389 -0.257624951542754 -0.435134577145519
0.109481810425824 0.03784445977573 0.0280952243093688 -0.753802522141207
0.0162842040383242 -0.217847512567675 -0.172129829906909 -0.470827777548993
-0.0851068708637399 -0.220325747464265 -0.168122660096006 -0.168068562622583
-0.216915908936722 -0.0443550298277075 0.0148379913934133 -0.0911534875000149
-0.165810906700978 0.18508692449493 0.0259208091238615 -0.119443999337463
0.00817212368295939 0.208180353629847 -0.0283092431938005 -0.229851261852724
0.11272247554734 0.151497867656399 -0.18781059169363 -0.267424413320464
0.18600027358158 0.0653662005262792 -0.30692227955532 -0.222322988978798
0.204750453120162 0.0516101162156686 -0.350621610668468 -0.177502330915321
0.207818081728758 0.0797567247837388 -0.325528800460634 -0.208872526351663
0.131533723456462 0.194037436658694 -0.186415006161654 -0.270284954422485
-0.0178562048782158 0.242183923053642 -0.0156016784742702 -0.205487704228979
-0.212708486159245 0.211677816602357 -0.0503406027730887 -0.0323660369936743
-0.279598660915718 -0.082919477368973 -0.212692003676847 -0.103782673371391
-0.0828148955354397 -0.279237373433479 -0.259693891180277 -0.429250580660825
0.0418093875323073 -0.261143787294374 0.020363522659433 -0.70220932740043
-0.0380600870545895 -0.400095631437184 -0.179145108555389 -0.388418457995237
-0.207625220135917 -0.33758846451977 -0.145923046242507 -0.132400182708634
-0.357030047288536 -0.0333558337962237 0.00779821659383825 -0.107907681880706
-0.248785552588143 0.301123614941853 -0.00400750488607513 -0.117668171415956
-0.00164316827064735 0.342460387183136 -0.042785600803171 -0.185316795512326
0.170853927947403 0.271010302444486 -0.145369639976552 -0.19670744419163
0.296343273068309 0.144745004096696 -0.214492450677557 -0.167115067641226
0.321974167944059 0.116542547973528 -0.241774349810642 -0.141652147306231
0.331060719327884 0.160378747859676 -0.224271907677764 -0.15866667548197
0.213238193449022 0.347859568423266 -0.116127901015165 -0.206496926910555
-0.0349221428263274 0.421288589157641 0.00207853152456916 -0.142128461246274
-0.347513181454632 0.380810854472242 -0.0637526176932845 0.0044542901955593
-0.504959450988512 -0.0777100023978625 -0.242239866987504 -0.0845894550794138
-0.253041016031719 -0.4659031236275 -0.246419477739081 -0.362400282226315
-0.0297469585219545 -0.517585680739491 0.0267174457437093 -0.553571958459048
-0.0969055214373566 -0.539884912983324 -0.174890339268861 -0.234968104429043
-0.343112335490925 -0.419984787664348 -0.0860532942886852 -0.0566078889339808
-0.491250151654631 0.00197756558756259 0.0235331280855915 -0.120272807527939
-0.307743401620002 0.418524909241556 -0.0309081194013758 -0.119872489083925
0.00374409331619591 0.453734552075601 -0.0614125643250084 -0.12509828968666
0.218763273628926 0.359737468378472 -0.0908413420937143 -0.0970321485819447
0.370864837826851 0.20400648271839 -0.0897174603868862 -0.0865161047134023
0.390697891311934 0.163344324711663 -0.0951696574748782 -0.0858122275463954
0.396532013886854 0.215948633153766 -0.0851218714097566 -0.0840910102141811
0.255090977547663 0.447275527318368 -0.01838931685324 -0.105956153288262
-0.0464902409727015 0.535205266151583 0.0306173793422333 -0.0413953532736512
-0.428633012622423 0.491480676577291 -0.0677726544713421 0.0619127587143538
-0.646867248819612 -0.0597634951607883 -0.24919116489339 -0.0380045752423639
-0.373942989593451 -0.573343864458777 -0.204888751524377 -0.249632569731456
-0.0894137568371348 -0.681020871615682 0.0447784866342482 -0.329677909461241
-0.151804509084866 -0.613515151424023 -0.154211809550389 -0.020180356473994
-0.454639829242387 -0.452137847875648 0.0128269182281618 0.0580964077316508
-0.584487014298657 0.05047220137562 0.0573866441257524 -0.116314323299668
-0.325701850559795 0.501262685752479 -0.0513731881373008 -0.108893464523448
0.0180484924019703 0.511757343968298 -0.0712895701806338 -0.0402593289711427
0.244456292289794 0.398820135947378 -0.0176698121138757 0.0229180328989521
0.394174376302438 0.232867800286533 0.0521109778941383 0.00914454707355864
0.400611107453406 0.183775587492355 0.0646454469895132 -0.0164502464191392
0.397556867880621 0.235845582182628 0.0667655613664243 0.00289192309049569
0.249732937069377 0.469003500591651 0.0888738212729711 0.0122587852582045
-0.0572983108227558 0.55078067881812 0.0642684359113227 0.0769115914543917
-0.429483329666152 0.500414560122499 -0.0628327599581165 0.127531239125544
-0.65409650529584 -0.0409668918937382 -0.230842487488195 0.0202043111638256
-0.408962601459848 -0.576541323936501 -0.143743848606213 -0.112875128445909
-0.127845154220935 -0.719754890943766 0.0702560656104906 -0.0770200807809889
-0.181536570939892 -0.598809915034676 -0.116834760924773 0.227619226564684
-0.490670123913405 -0.417744084824706 0.134087785319793 0.195226773500779
-0.580781951264104 0.0834779305873222 0.101561879190795 -0.0890402296317204
-0.291996874575194 0.494911717580568 -0.0585229645976968 -0.0776516831729626
0.0277334616413181 0.483393952039821 -0.0655094381961859 0.0579146450963608
0.233035745247286 0.376332232459756 0.0650076102510402 0.145844355542707
0.359592916019012 0.225564671569217 0.191391741421547 0.105131602197034
0.348817614148366 0.175482820873385 0.215002174365004 0.0558553460452326
0.332886155737724 0.220457090338092 0.205075792243096 0.0878061010686508
0.195715855030024 0.41217819722454 0.18040391508112 0.12565070247242
-0.0649490463015591 0.460244679999735 0.0887817438095422 0.182831177217328
-0.352525649053668 0.400471581263258 -0.0556584653817392 0.176267433255516
-0.530721421643098 -0.0273728342774537 -0.193256609155386 0.0685476726468788
-0.346965827529667 -0.479688549283539 -0.07661051561678 0.0087356550626323
-0.141103382470412 -0.636875003914332 0.0974232367595555 0.157352845980648
-0.178030295064899 -0.482574578919349 -0.0764772270908725 0.466339293231875
-0.422407857092321 -0.3152092850006 0.242222701995729 0.332201345712186
-0.459418635155908 0.0901423935839384 0.14666531545587 -0.0367724348714766
-0.204859449572895 0.37950816871418 -0.046573111701643 -0.0369858129860986
0.0222003495896693 0.360357188107036 -0.0502164556564206 0.144345133390652
0.173430119885162 0.286430425648252 0.137950959621693 0.247401579559106
0.266499967186036 0.18303746209411 0.303309888763686 0.187243673213764
0.245092948383996 0.143235082569293 0.333941812271939 0.120550480821146
0.218318165850714 0.172211050258944 0.307846691260448 0.159131096747574
0.113201958789556 0.293776183677985 0.234939329038068 0.215164629947784
-0.0643547893302437 0.299474915071347 0.0928863778416295 0.2527530513657
-0.224632759887526 0.233899556253333 -0.0499105828740466 0.192571899093388
-0.322506639605363 -0.0158654842357035 -0.147399813289808 0.0931061796829588
-0.231699224795763 -0.311783947001247 -0.02018684660183 0.0896872974709494
-0.135094634639925 -0.459457447972058 0.121282391646232 0.33540515065119
-0.139734051149745 -0.280288322739501 -0.0436788157357492 0.655486445903229
-0.268480278950121 -0.151942784724951 0.316112199244766 0.445517334917172
-0.244980456307505 0.0803347918701752 0.188880147955449 0.023792636760737
-0.0762810525375224 0.191727217794609 -0.0166155927493627 -0.00727770781878789
0.00932938191976685 0.169042791500428 -0.0343901352500549 0.192455856233978
0.0798670429249436 0.146457957441982 0.180954114423879 0.306032721102348
0.124368678034088 0.110261157194633 0.366533498340112 0.240690938176636
0.102879229807356 0.088462653460076 0.403016554237941 0.166101189383061
0.0793750989539648 0.101518514248658 0.36162759974493 0.205156912534607
0.0247012823775636 0.143411619799312 0.250506751755733 0.268391116988829
-0.0501590971160887 0.117573776802144 0.0784773433086355 0.280587193930709
-0.0808389228860933 0.0659095223946477 -0.0469690336385595 0.180370680458853
-0.109599030184011 0.00731789957540148 -0.101235238374311 0.0965272963707419
-0.113225775739027 -0.117081105365633 0.0194536843932389 0.126805222346394
-0.118164370073863 -0.232145782530306 0.1401774355692 0.436717489562668
0.0645843364629691 -0.0143862755146496 -0.173163951739709 -0.491597168778401
0.0240089778053847 -0.0869289753164726 -0.171202613696772 -0.169651909042353
-0.0785247511274624 -0.0378030647265466 0.0386696223574747 -0.0845928637653133
-0.0682753004006946 0.0746690813777786 0.050660540323195 -0.145041372012891
0.0255434892499711 0.0632588635231327 -0.0366978397362637 -0.271446862928366
0.0500099501937613 0.0175598814271794 -0.238329579528472 -0.309399510580653
0.0551553371066288 -0.0260222526714987 -0.381158137864092 -0.243052470810424
0.0589913123260034 -0.0252066007004462 -0.425029874008837 -0.182172454825756
0.0535289096340155 -0.0154896747885311 -0.388349992886451 -0.22537451744032
0.0307934916062376 0.0138335727371121 -0.230514405558001 -0.294107606841067
-0.00120997718650586 0.0357214508132133 -0.0224517003589128 -0.232897071277465
-0.055378451016389 0.0189759941899466 -0.030556654288815 -0.0375846101675809
-0.0235666177302868 -0.0798897492653444 -0.180472521234383 -0.0902329590776054
0.10665410972507 -0.059226410405654 -0.276738426924521 -0.446646496628987
0.115395263724516 0.0370003348395759 0.0181193571302288 -0.777117975550549
0.01801757641668 -0.224085554123263 -0.183152095493246 -0.481924955749166
-0.0900941086103245 -0.23057179058803 -0.17518625560274 -0.170224248301967
-0.224543138876199 -0.0447024460063924 0.0108665296459745 -0.10032957109191
-0.169155268775174 0.196670339546954 0.0199623276755601 -0.124671123449612
0.011857486861874 0.216877606470897 -0.0379885122997404 -0.233847150125036
0.120987808427466 0.156691960911634 -0.201500327882494 -0.270101269582351
0.194388209708778 0.06476591803651 -0.324056378990341 -0.221011565649894
0.213741522881864 0.0489573982154065 -0.366683686490685 -0.175739876973706
0.218128525493307 0.077660660138651 -0.339141155423689 -0.209761034273979
0.142920402359586 0.200348781820284 -0.196415199046149 -0.27852693732276
-0.0139668800850777 0.254677795500567 -0.0167794935301022 -0.212695950088215
-0.216843895140883 0.224966883655462 -0.0501988882901859 -0.030101125027114
-0.292587201412703 -0.0825998536951624 -0.222066599124862 -0.101655085166444
-0.0874130871018513 -0.290186501904141 -0.280257915815164 -0.440352932667883
0.0433343480117044 -0.270312671346941 0.0138362869552028 -0.723228631754494
-0.0390007284186497 -0.408620228272866 -0.191494249233819 -0.397721192412791
-0.218647709812665 -0.349168760647776 -0.152776020193815 -0.135714374754607
-0.366448505987896 -0.0318566430072922 0.00219991684275333 -0.11884924266775
-0.251444872892981 0.316242373217262 -0.0111330959109604 -0.122299517499914
0.00458606974394381 0.355198610305069 -0.0545237447265284 -0.187796956212775
0.183853719774447 0.279017546344107 -0.156474917567049 -0.196875917499579
0.309992892176033 0.145020851801167 -0.225961755757189 -0.166667088997337
0.336724573474194 0.113908623489429 -0.252773645819957 -0.141952107511417
0.346278819777456 0.159311400764012 -0.232655874332569 -0.159667157008428
0.229959004161087 0.357181457785618 -0.124278138742616 -0.213431631497394
-0.0288175764786049 0.439941579432246 0.00271070869553238 -0.146959312351908
-0.353337058644143 0.401388922962704 -0.0634947689077815 0.0072002952219506
-0.525422363957371 -0.0761526583097759 -0.252308970958402 -0.078868520179882
-0.267105672418708 -0.48026672948326 -0.264439095037329 -0.373953885132271
-0.0319850098447525 -0.531981270249004 0.0209336681478613 -0.571653004494084
-0.102636010711934 -0.551673405974967 -0.187487977006199 -0.240178838991032
-0.359261253788628 -0.430575325108971 -0.0912747342402577 -0.0597685106393879
-0.502479400961103 0.00591139080535525 0.0172833741322544 -0.131914065021389
-0.308030213705696 0.436438319158412 -0.0392086873348766 -0.124738924811944
0.0124755008341451 0.470712318334776 -0.0742638407531065 -0.124447439818182
0.234699443556485 0.369586544389973 -0.0972430738806618 -0.0949831442769299
0.386816978879628 0.205254762116591 -0.094252480623146 -0.0875770747657239
0.407671448692312 0.160935103185262 -0.0994083457600178 -0.0872737517764045
0.415073296813213 0.215000843445254 -0.0870108278938981 -0.0850303061878268
0.275841774391257 0.459792052039869 -0.0205862867388228 -0.110758210592735
-0.040706404987805 0.557524098738355 0.0344639676510369 -0.042838636030235
-0.434320306167017 0.514775112744879 -0.0666571598028804 0.0665478845879704
-0.671158650877664 -0.0524913330338024 -0.25877166442438 -0.0292699908765741
-0.393540404675904 -0.59142153535008 -0.221198391928818 -0.254964514234604
-0.0925273437157269 -0.698408566724771 0.0434692589606273 -0.34419956417299
-0.161256934683749 -0.627884344281949 -0.164319563052197 -0.0207341738211392
-0.475997015686371 -0.461563917799605 0.0118659664993182 0.0564805332321088
-0.599278423949658 0.0580962051506235 0.0529459775018452 -0.129051354574462
-0.325332625598205 0.523122636507262 -0.0606146273680376 -0.113741375718464
0.0282613592390652 0.530167447309436 -0.0844996561598149 -0.03780340742237
0.262050595268439 0.409893799743756 -0.0193442710229198 0.0270028990144116
0.413711027219964 0.234917584956596 0.0546975280307367 0.00736213916417774
0.417178113605362 0.181949561997076 0.0670712194354945 -0.0194797328781192
0.414145600363529 0.23739514242738 0.072197381936734 0.0015494201509958
0.268109854585466 0.483705505856099 0.0925167088921537 0.0101007845518833
-0.0495427796121339 0.572463724348101 0.0706725090745584 0.0791218725444578
-0.433385643514656 0.524736747811943 -0.0604198617504968 0.133722646029413
-0.678700299028758 -0.0333000097051544 -0.238446650895778 0.0317681673623401
-0.429616769970867 -0.592697887308198 -0.154197256954019 -0.114352086531976
-0.135834414872356 -0.738120002512492 0.0730541951478601 -0.0847950646216051
-0.193111193397729 -0.610495579698142 -0.123478090347418 0.234056081990916
-0.514612079922608 -0.424206470989364 0.138753260526029 0.196108502748777
-0.596031354769647 0.0942126157824272 0.10050823633811 -0.100496871999431
-0.290233588684034 0.515484683468427 -0.0666515341150926 -0.081594241260252
0.0385843543362269 0.500105508394842 -0.0768950498682987 0.0632664980896418
0.250537519356939 0.385253588911702 0.0684641102761251 0.152433984573991
0.377617076006741 0.226361603100574 0.20160170962276 0.103374437283908
0.365287498347189 0.175310411708098 0.224210645574371 0.0518929130292857
0.345469025352415 0.22270942529947 0.216720433002903 0.0869423735501513
0.210035196766454 0.424401648938071 0.189665775282603 0.125672069347867
-0.0581649414657395 0.479214205581771 0.0984318608639642 0.187987755309549
-0.353618650082553 0.419966889687067 -0.0517908566392639 0.183853867853438
-0.546597897293827 -0.019972955259637 -0.198444867322177 0.0814765516789155
-0.365838075228849 -0.492421211494587 -0.0822356757484722 0.0123224344854072
-0.149476164611765 -0.652591708494947 0.104423094366529 0.156357639851722
-0.189410925500177 -0.492166351488999 -0.0791759708229191 0.480119569105326
-0.442468167510941 -0.317146395178684 0.253998790296217 0.336083875826061
-0.471732262510917 0.100810590309841 0.148983263402702 -0.046394975669759
-0.202431883508061 0.39476195064158 -0.0526998873479213 -0.0402958424623273
0.0310534959634482 0.37251064058997 -0.0579539875494162 0.151736776917204
0.186983414896413 0.291935915657128 0.146635563665987 0.255169172324075
0.279311112004892 0.183136492331504 0.319040514601816 0.185838635740331
0.256152697002838 0.143477032218407 0.348211194146448 0.116263640028554
0.226648728156823 0.176024285068944 0.323952709767729 0.158346650447578
0.121474368511516 0.301800338464448 0.249217656731219 0.217072137616954
-0.0611232550274371 0.30945272845871 0.103427061221444 0.260248364010063
-0.223423270728569 0.24263525802292 -0.0466997951503117 0.201075841569057
-0.330287182161849 -0.0110748291717239 -0.151064422001352 0.105667990530896
-0.242324796905197 -0.317883136706477 -0.0216613947303111 0.0959653136140916
-0.142722232419291 -0.468042480588866 0.13173317819442 0.33870549619098
-0.149949948792678 -0.286066907187106 -0.0432416276081319 0.673983796641108
-0.281668427858212 -0.15057695217321 0.332392525880786 0.452632523137423
-0.250715772527615 0.0892948736113103 0.195647120234849 0.0169067579676577
-0.0724301116869941 0.19791565533874 -0.0195051316013464 -0.0105146494847097
0.0144510357215232 0.174274516209089 -0.0387045639141079 0.200300391951419
0.0861696256134663 0.148743616161629 0.192467496805126 0.315433474568722
0.130946569020582 0.110951596660528 0.38592064204451 0.240401212174082
0.107658678502816 0.0900837686459454 0.42035135567768 0.161220772877138
0.0811773967741323 0.104896315498291 0.378442403716196 0.205740038462762
0.0259462907154676 0.146880038805533 0.265918154834305 0.271945233951119
-0.049279109409335 0.1199136043297 0.0894959775519436 0.288608615115645
-0.0790232858172517 0.0665721870093005 -0.0433127231207089 0.188112307407714
-0.109166434646376 0.0102872779311908 -0.102721895569272 0.106914781503204
-0.118318614009789 -0.116676066304943 0.0209755096789809 0.133866565658267
-0.12516017246983 -0.234944728928114 0.151861371850729 0.442411287267683
0.0685354615326279 -0.0195580589407228 -0.198885294950206 -0.49259943417999
0.0194977519189396 -0.0966191347353384 -0.181201157771636 -0.16619208637168
-0.0854275023017281 -0.037257568725402 0.0338161848785984 -0.0939311087351424
-0.0683022258291431 0.0841562390035295 0.040125378999593 -0.152343664772858
0.0289836952418513 0.0657411780625231 -0.0550022985872235 -0.274382433861396
0.0537045027351501 0.0174804324241003 -0.262441341101521 -0.301833506174657
0.0564139536205524 -0.0281566041693482 -0.406265639130794 -0.226746250905228
0.0603346719496133 -0.0294072191382703 -0.445554643764078 -0.164475660376069
0.0565476027045274 -0.0202163376967247 -0.409731169661129 -0.212412472627953
0.0343849932896148 0.0142330527752196 -0.250065996969551 -0.292365618067873
0.000210109142514514 0.0394976756197924 -0.0311187092038675 -0.239384207343721
-0.0576326635235885 0.0241920356149566 -0.0296612908852344 -0.0339895608250908
-0.0303816755521574 -0.0828698504296923 -0.190501303752459 -0.0833820313170163
0.108213329554753 -0.0681341484203943 -0.310070541636033 -0.446658624109813
0.121046116899529 0.0325356500534364 -0.0138667342689804 -0.79334399316169
0.0136010661950163 -0.230313691796715 -0.209326829798588 -0.482761966216664
-0.103350133521399 -0.237326873849098 -0.186511029457113 -0.167872207427156
-0.232597392213075 -0.038357337352289 0.00258856849112426 -0.109181319439429
-0.164621659816064 0.21214835656506 0.00852216288041367 -0.129697874328689
0.0232676924926953 0.22472430869597 -0.0552914658218593 -0.234826127678736
0.134301438738657 0.156601339783947 -0.2228033298973 -0.26301997156879
0.204137938484113 0.0573821565861984 -0.345468705985555 -0.206338360282823
0.223477115358203 0.0385172356133546 -0.385723888610912 -0.160839809311816
0.229637834918172 0.0678852447259713 -0.357707598295911 -0.19866489660877
0.159571545777239 0.19983099215076 -0.216000149899632 -0.27807296409284
-0.00229270601949478 0.266528409050173 -0.0248783864319391 -0.218714535780407
-0.211921566146323 0.243622730487351 -0.0501498950584939 -0.0257353804296752
-0.306379222945988 -0.0725372289422564 -0.233966540332101 -0.091988163529081
-0.101983839239635 -0.297802341839826 -0.313167224749629 -0.439882494198846
0.0360888599685696 -0.279207554003932 -0.0179754872707369 -0.74339485411135
-0.0526303798170897 -0.415892469680498 -0.215586916063271 -0.397389953929868
-0.239580759751667 -0.351603465629339 -0.162939583916314 -0.134162641793516
-0.375270905151537 -0.0197281638567436 -0.00821814758739796 -0.128227460807665
-0.24304383252486 0.338177650530783 -0.0238956554134607 -0.12523768020678
0.0230521464839216 0.366674456716122 -0.0707662492288501 -0.186278171877469
0.205240808439045 0.279228593732741 -0.172413561716612 -0.190323204889089
0.327739354305062 0.13429459853956 -0.241493823245187 -0.157857967004066
0.353367427810047 0.09960568114599 -0.266361837623955 -0.133155732466861
0.365429218073227 0.14532087563307 -0.244267901880488 -0.152528134194896
0.257105205038095 0.356782686807022 -0.138564776690354 -0.214547259503604
-0.00824110164574681 0.458877004574743 -0.00090931731104634 -0.151629481456322
-0.342507127024941 0.432164811469732 -0.062677291563664 0.0126634906365659
-0.545116720726953 -0.0534688060154071 -0.264131990903818 -0.0657782597310339
-0.295483889192544 -0.487136258258777 -0.29561226426354 -0.372109613685187
-0.0503543030100618 -0.544013829560972 -0.00241620204416126 -0.589525607321038
-0.122935667077628 -0.55836952773947 -0.206477603626541 -0.237762405472998
-0.38836473842275 -0.42766209300062 -0.0981128899691383 -0.0592989607172072
-0.51307190221986 0.026859924973984 0.00566851387057092 -0.143524020139756
-0.294264708833758 0.462762126314639 -0.0530341356618196 -0.126877270343035
0.0372743917903802 0.484144065506312 -0.0902497907289534 -0.119479427399025
0.262766994153742 0.369044012815908 -0.105854631178153 -0.0892509980117606
0.410496234175477 0.191035685492939 -0.101849295278591 -0.0844928946146684
0.427842997730581 0.144658734144302 -0.1062704499117 -0.0854025075127575
0.436705492737576 0.199364825851399 -0.0906594770603697 -0.0830601081206531
0.308822237911064 0.460664398007041 -0.026479333529678 -0.114682398583512
-0.0136490858347841 0.580216373133642 0.0367614150150718 -0.0459325921088182
-0.419094980323036 0.552305126707956 -0.0633167334069227 0.0734341636652734
-0.693177647835891 -0.02524906070754 -0.267166108676689 -0.0117578312157182
-0.430635358037414 -0.593852607201302 -0.243621388075251 -0.251549176500417
-0.121727763312154 -0.713375668844563 0.0300712881383518 -0.358745335822727
-0.187102265069447 -0.632938942827939 -0.174876456342337 -0.0144988868046266
-0.511604986612105 -0.452936585087865 0.0120105994534763 0.0549973484250461
-0.609385296396336 0.0842878451598151 0.0425010393669718 -0.142116510733745
-0.305925338218274 0.552015860231718 -0.0736911275577668 -0.115239533983149
0.0563580862584051 0.54559037620274 -0.0971312359118344 -0.0297014582741225
0.292972316331676 0.408752843288088 -0.0203322091241936 0.0323638344303459
0.437300391347872 0.218748467256246 0.0573188849792816 0.00405269132800803
0.438406503321271 0.165688497150194 0.0684383643966635 -0.0246858784620879
0.43624973001835 0.225286273320361 0.0778326056805904 -0.002172606431906
0.301290474083109 0.48504980586498 0.0963986673240683 0.00437127612709589
-0.0231855769622981 0.593740055833534 0.0805334573290263 0.0778996473562523
-0.418733981173866 0.560889041297664 -0.0542592359769997 0.141162840073499
-0.697881610447862 -0.00293044762686896 -0.243149564302658 0.0515957899781909
-0.466537851685173 -0.593718082008321 -0.168347718607839 -0.108169440428826
-0.163547480441065 -0.748852266879241 0.0721232973832289 -0.094853424517002
-0.223814177258984 -0.614120726539603 -0.123282600529512 0.245122528315817
-0.548568845072108 -0.411883941529023 0.148998496328078 0.192752965521877
-0.60475742709348 0.124088003168089 0.0934779994412378 -0.114122860132407
-0.270850360527774 0.541328266199178 -0.0776484803154526 -0.0824640168628502
0.0651489246591109 0.512369119647859 -0.0853006642421024 0.0732404236623362
0.278691544339541 0.382266495612179 0.0772297349579932 0.156357842302121
0.400495867832684 0.213395118453861 0.213154960705164 0.0939999839324337
0.384054336391544 0.161213433970393 0.232867898000005 0.0404710829841157
0.364259184156119 0.213158322654238 0.231080280100516 0.0782507341780836
0.238694001636776 0.426817646969814 0.202599827627439 0.118544716095257
-0.0372359519938062 0.496383124859552 0.113891518209714 0.189005351650903
-0.340774186914744 0.446485988914911 -0.0419330459466582 0.19257415397642
-0.560612340462282 0.00449398458340785 -0.199385037703428 0.101350734707197
-0.396886066808861 -0.490496952258245 -0.0868863905989612 0.0191303781682591
-0.179326754000435 -0.661059495487531 0.115796851150731 0.149959530219992
-0.215869301059651 -0.494870827683954 -0.0665651777442371 0.494622354635381
-0.47031964753933 -0.303282254090411 0.274379794563625 0.331946783144045
-0.478018181514459 0.127108915359793 0.148253277106059 -0.0591928236543929
-0.184778012235158 0.412997639223818 -0.060403682667542 -0.0411302498080375
0.0521208162393277 0.380227811497457 -0.0608418859844875 0.16167227538552
0.207683735024555 0.28967324773522 0.162300679328153 0.25779186034507
0.297094717543162 0.172720093352226 0.338401448448869 0.172496478571457
0.270354394825695 0.134951874340511 0.363757784762072 0.0995121691303065
0.239094653615394 0.171913621864442 0.343118283516758 0.145813993921167
0.138687664909069 0.304169400407169 0.268793584735185 0.209760561217748
-0.0479903261260673 0.320426539259706 0.123707713557459 0.262172205292658
-0.215124698869083 0.258128670231706 -0.0349985872794052 0.209402673685447
-0.336287816376969 0.00454365012245536 -0.14952738593603 0.123555914585496
-0.262172221694994 -0.315781091091822 -0.0205578311195763 0.102762882585837
-0.164249506149716 -0.472597278611179 0.151613808607815 0.336035915279783
-0.168443125372361 -0.285950301083415 -0.0212576259052989 0.692090400148847
-0.297149014422409 -0.139675246702712 0.361296507259025 0.448909521496591
-0.252428516920119 0.105712681454212 0.202087957357597 0.00598010423801654
-0.0624165037202075 0.204354856944119 -0.0231742711443086 -0.0128838061459808
0.0244007933682675 0.177806259776155 -0.0365844010203585 0.209320408492303
0.0967835013629084 0.146700315537735 0.21297244569197 0.316089031695537
0.139595839278102 0.106438545283691 0.409641329107487 0.224487731029823
0.114270412831633 0.0875659437109642 0.441531381869863 0.143491444052145
0.0860960720072244 0.105917644345792 0.401213615430282 0.190526919619556
0.0318947469403413 0.149218159518799 0.289658604661621 0.264938492326332
-0.0448827298041884 0.122868411473696 0.109279394616733 0.292328977765951
-0.074519094189866 0.0684495674903064 -0.0326651686192821 0.195975921808252
-0.107229681984896 0.0170622706374405 -0.0989576304550275 0.121039917517654
-0.125698890084792 -0.112025871291774 0.0264957962344188 0.139722213762863
-0.138574533144372 -0.23378418412567 0.178861694870497 0.442133001060149
0.0702289253197743 0.0180882582104408 0.0378521427918468 -0.537466108962643
0.0610003954520172 -0.0817241559891491 -0.0914106168368945 -0.227276594448252
-0.0654442550073804 -0.0742324536565072 0.0721456583190049 -0.072181226990728
-0.102365656928109 0.050370382657064 0.0999496155334926 -0.121790362238837
-0.00667194104849461 0.0767178164157696 0.0685042072296688 -0.272335387684702
0.0392341323736606 0.0432252545669736 -0.10689126660017 -0.387494240450983
0.0608425964691818 -0.00114386921049636 -0.270180774630256 -0.37872002817034
0.0680229135953043 -0.000427719230196912 -0.331250287567918 -0.336052042056445
0.0594342725377923 0.00659600829895176 -0.279734874064521 -0.36376607118425
0.0232048462701101 0.0280752618826015 -0.100035123043305 -0.368874055059351
-0.0188856767093043 0.0376221623653855 0.076631471333057 -0.228609104002608
-0.0644603960467217 -0.00225564097167486 -0.0113520412022633 -0.0400746909743499
0.00570149186701764 -0.0917004624977673 -0.134025651681594 -0.162277234536128
0.125706937969126 -0.023124255836054 -0.0812773426644259 -0.545013555539679
0.0954898648728266 0.0814307370078199 0.362055190725721 -0.718393519571642
0.115550089733345 -0.194877528520094 0.017417782338086 -0.531712246113199
0.0113792170509201 -0.261868977545962 -0.095489886853498 -0.225972809942112
-0.19685036224871 -0.139360238983381 0.0518415543067805 -0.0974853927182788
-0.241698114212563 0.123793099736932 0.0640884850462945 -0.111425079942212
-0.0805083819617596 0.217143533670672 0.0574820286867824 -0.234289916115327
0.0530393634959213 0.20488332943349 -0.0847726374897063 -0.33685533949604
0.159287175642107 0.141308485699199 -0.222507957499132 -0.336139685611946
0.18836129660135 0.134049119227813 -0.277519403213184 -0.308312300375516
0.179094134098856 0.160207890859532 -0.238168853713786 -0.327921854262415
0.0607683083390654 0.249990316599219 -0.0778264878407159 -0.338516469385441
-0.118287176104194 0.244701263088032 0.0678309197513324 -0.204143742785191
-0.295738273535486 0.129662796876384 -0.0424148216517645 -0.040847402606389
-0.249258783810018 -0.204459750195978 -0.173244490745747 -0.194730672280327
0.0349770947910768 -0.322377297434851 -0.0806930381138096 -0.544992374574055
0.155110715587434 -0.236051130597903 0.339249654039505 -0.672986047539277
0.139980451394153 -0.39041443918669 -0.0323412577039921 -0.456523359406673
-0.0627257159473664 -0.424198010369371 -0.0887829356162961 -0.181783269745956
-0.332073791108637 -0.184678252607916 0.052494162835289 -0.117220485614953
-0.363217614156228 0.20250679469992 0.0366329520325669 -0.119157417469681
-0.141976228288731 0.343967338755413 0.0271666015182745 -0.195887434064823
0.0656527920489171 0.34600416401961 -0.0671738836825598 -0.251911877481021
0.239198732920613 0.264789297105461 -0.147321706473881 -0.248723985515155
0.280503710828696 0.246999404924025 -0.179469900460463 -0.233256748096699
0.268493074782512 0.288565359449274 -0.155186044510926 -0.238422668284498
0.0845748080383341 0.435284790376151 -0.0368350125425192 -0.247135030252065
-0.206377488370569 0.418365468702202 0.0546380855372327 -0.131033921279112
-0.493455348154708 0.243855100778156 -0.0775853150614631 -0.0119759746846265
-0.472565044183138 -0.292122588463871 -0.215233592783051 -0.187651954918063
-0.0577330872504182 -0.57777157321958 -0.0888511846913113 -0.477673112206124
0.192753829774702 -0.511280053814653 0.285430014288871 -0.526555683497336
0.141312269892004 -0.550060326803061 -0.0998551380687123 -0.306626104449324
-0.163688902843571 -0.55887263296661 -0.0611627712724638 -0.0819670582396755
-0.477227385153016 -0.202734028333805 0.0747930223355675 -0.122541477600601
-0.462519781425101 0.29183180131349 0.0139270324946788 -0.132448884791806
-0.180731191346027 0.456304273514536 -0.0143299830731067 -0.14462356354665
0.0801370314252458 0.451903577768326 -0.0497204030074973 -0.132930038924859
0.290934290910078 0.352627151746186 -0.0519658498368923 -0.123749258585463
0.329984147851691 0.320940123437702 -0.0549361684177828 -0.12329515278496
0.311310752246016 0.368959863937754 -0.0448761178211774 -0.110336872453352
0.0886442626438833 0.550944562093588 0.019950557418619 -0.108594064386746
-0.262866270740373 0.526554301391075 0.0403539585412155 -0.0179067103317721
-0.609679070444951 0.321365900653672 -0.109274867377895 0.0423501102828114
-0.61834694585547 -0.332150193646624 -0.244807142517166 -0.141729107573475
-0.131801844948021 -0.730683421781916 -0.0939079568324708 -0.34466773549374
0.202561483285374 -0.691800225221202 0.20879827136841 -0.303796347708169
0.116435199454495 -0.649973811838679 -0.174221386421819 -0.0886407026403744
-0.265626752971546 -0.634831830008652 -0.00964430768342278 0.0724740229094127
-0.591693982863527 -0.191523167973198 0.111052260466892 -0.102566903703484
-0.509028249596734 0.365027977934957 -0.00704213548654418 -0.130799199138717
-0.187014938034515 0.518709982691951 -0.0581641905751632 -0.0668720476568229
0.0916127287472101 0.498855919589662 -0.0248977276473479 0.0129159826594154
0.30543673765817 0.390373858487139 0.0537493565402001 0.0238247833873772
0.329597661934067 0.346805505415148 0.0764675248246692 0.0050445206780036
0.298817709483959 0.390229574165495 0.0728541094327912 0.0337827595536335
0.0719798151091725 0.568787945512836 0.0800730299779283 0.0496186820281331
-0.274979148144412 0.536226138447312 0.0261762150431866 0.112892432773655
-0.612190160242765 0.328523912790867 -0.130084537533172 0.108124603598651
-0.631178933529817 -0.312975935323656 -0.251850098062063 -0.0712125835149953
-0.163238275442107 -0.744090037588363 -0.0904215633330959 -0.178907680972032
0.181789026187391 -0.744648930431083 0.122834149141025 -0.0489351990077367
0.0777113269906227 -0.651529541703577 -0.242482982128631 0.170500822699567
-0.320343323933917 -0.61731456478983 0.0557801340079742 0.258140314146762
-0.605650292528553 -0.152013358207295 0.147175225242161 -0.0544933368639139
-0.472942284635007 0.371194615633624 -0.0240537834907679 -0.104072588908483
-0.163438209372488 0.491151737460633 -0.093908986968082 0.0304613977212253
0.0897458323143794 0.467057004700231 0.0076814462573397 0.167474387545791
0.275927508702216 0.36708511716881 0.155426836893132 0.172115236999914
0.281518963517692 0.318071657148593 0.196416295673216 0.133171055827789
0.238748868422646 0.349203507081014 0.177219734771499 0.170769011165957
0.039243164098494 0.488920296118674 0.128350109184816 0.196327266556707
-0.244609533285042 0.439502957017878 0.0110864250999533 0.225509831306775
-0.492498647271107 0.257198791989043 -0.138170626027055 0.158579624855251
-0.506201822418393 -0.243224404079129 -0.233577133302551 -0.00252725319022851
-0.143904328841057 -0.617003869984998 -0.0776832559854498 -0.0244924411046346
0.128938944606577 -0.668991377366303 0.0448379203274912 0.189580472575148
0.0300590227459215 -0.545317331129532 -0.30022245488737 0.424018814700775
-0.299254796357845 -0.486599741762381 0.108896177817923 0.435820010610057
-0.491366330992093 -0.0931980582258573 0.172025644892475 0.0175029961055812
-0.341018401394041 0.291851791452707 -0.0278836208407006 -0.0612931330566981
-0.116145415399518 0.365724177840164 -0.115803208393703 0.120922626372161
0.0664003969189284 0.350803268440583 0.036940173652419 0.298755788534624
0.199752667211423 0.285780365467764 0.23372476691559 0.298112844485097
0.189502025154632 0.242171370193339 0.288115272603296 0.242616705116478
0.143589857806059 0.257174030551167 0.249745841525696 0.279331144080148
0.00105744734490807 0.335106995811739 0.150936818326251 0.304001198355623
-0.178905237980425 0.272582296428096 -0.00674377119702469 0.293097042241982
-0.297203455305667 0.141373715820283 -0.131993402552185 0.17545622291221
-0.303700026472897 -0.14129395397703 -0.196394720222332 0.0445842695805026
-0.0986052359529075 -0.396867009157257 -0.0586503117387889 0.0842710069624696
0.0582476137548366 -0.494185776999966 -0.0127263676424701 0.371705244913899
-0.0206455890455744 -0.339056800775829 -0.340581671351272 0.621560750849446
-0.212506666923053 -0.26339539167825 0.136464152046774 0.572986249101109
-0.277316012387569 -0.0130809899594282 0.188966173535649 0.0974743469654449
-0.140616365707071 0.155756085096713 -0.0103526213648853 -0.0232139048028627
-0.0510620840930158 0.168855127045619 -0.121902873983268 0.173324126289496
0.0274151958255136 0.171841054077382 0.0543552532156465 0.376437620127597
0.0859884966676865 0.156778463984074 0.273824111445283 0.378390967269646
0.0670217270871399 0.130269924605493 0.337737790484491 0.313718213656565
0.0325937817412741 0.132402032149619 0.283176601724909 0.34247061215645
-0.0319318806290544 0.148021075879406 0.148905946230476 0.360420728769457
-0.0909115325087708 0.0912606757921386 -0.0270481011076206 0.311515065156073
-0.0911791610754922 0.0305934087095457 -0.116395491388576 0.163980925024478
-0.101927334439144 -0.0274044145718989 -0.147296869118371 0.0697065028109537
-0.0646452928125585 -0.1519458353504 -0.0379873121685007 0.140990545387226
-0.0237548455170742 -0.268129217817969 -0.0411455497968974 0.477481636391004
0.0727152024296312 0.0124871332661054 0.00963660621751515 -0.525684027423459
0.0545172312864866 -0.0891392682414354 -0.0981734772966418 -0.216958645978451
-0.0717204690749751 -0.0720328927458773 0.066095084399249 -0.0806139926766104
-0.100030266279629 0.0585500070312796 0.0851793056172904 -0.127133706101564
-0.00270287543220021 0.0781560288843952 0.0479627696039275 -0.268848605683565
0.0420743231373653 0.0424790265193015 -0.130230724209644 -0.369773067755097
0.0611271548615567 -0.00335674483162145 -0.287725739626035 -0.350247911418428
0.0684785412982581 -0.00497038350451481 -0.343770777064993 -0.30966644196892
0.0604612614335967 0.00153112828562836 -0.293537371309098 -0.340055131447084
0.025338904445345 0.0275898136745193 -0.118279194115951 -0.356236121972073
-0.0169337023015292 0.0408281027963331 0.065557116041926 -0.228299982145463
-0.0657532382004772 0.00245079555801318 -0.0106413800783061 -0.0339465703964285
-0.00130334418193355 -0.0925951993350667 -0.141445089495787 -0.15134762181695
0.123660578492014 -0.0318036093439931 -0.11435374537873 -0.530173045951245
0.0993177975687203 0.0743410055071178 0.31801916869086 -0.715785061715068
0.107381584882162 -0.195086537791054 -0.0098861403934858 -0.518925247623713
-0.00249022165452621 -0.262052267558448 -0.103361604315367 -0.215428595573923
-0.200443617172674 -0.129058909334234 0.0431154948113196 -0.104986278250201
-0.230124580852491 0.137573101247368 0.0500297341184611 -0.11452192953902
-0.0674178443851624 0.219571413158245 0.0382876221475184 -0.230750687677505
0.0650700070616922 0.199581941975702 -0.104581521736595 -0.321389744879203
0.165876966404832 0.130731726532294 -0.237672640480487 -0.313828100848675
0.194196556490039 0.119486344941471 -0.288252671333714 -0.284773991772865
0.186295891756428 0.145797998307009 -0.25003106184231 -0.307864595524141
0.0748071062259171 0.243877135165003 -0.0945043091523604 -0.329027397186881
-0.102348401988192 0.250974668712027 0.0576936676018827 -0.204029480915769
-0.283765691848693 0.145275975508683 -0.0422822742133341 -0.0345704512659446
-0.256433452372523 -0.189529814573345 -0.181643494752605 -0.179653163401353
0.0192294816323765 -0.321044865052461 -0.113762460800965 -0.529743071646593
0.143584702611652 -0.237942670166719 0.297653665544456 -0.672511209899513
0.122712227979272 -0.386177696920742 -0.0571104589603166 -0.443218021374236
-0.0820272970107829 -0.415420825215579 -0.0958985686347066 -0.173796650436356
-0.332823545081273 -0.165665622682 0.0409221875824659 -0.125254049618353
-0.342925117529632 0.219640102397446 0.0218423780990866 -0.120212627620393
-0.119781154473189 0.347657670390518 0.00959834559314128 -0.190982612139926
0.0857236153372762 0.336378845111788 -0.0825667043990742 -0.238687467277841
0.250764905483718 0.246783017873399 -0.158844852764328 -0.232881044071654
0.290571289260064 0.224830125350941 -0.188884014726908 -0.217217812156928
0.281012468143659 0.266766947472652 -0.162500807316138 -0.223691267858024
0.108775236999085 0.423399323471879 -0.0491901054639741 -0.240705594436673
-0.17861909157667 0.426205305048865 0.0493316143997723 -0.131481940498076
-0.468558259285665 0.269076096726386 -0.0757639006423941 -0.0046541359877116
-0.479779678859552 -0.26188789028429 -0.222783691742871 -0.169237373394454
-0.084398345866007 -0.565845968412409 -0.118168319427603 -0.462356622953332
0.168194951356477 -0.507246697363143 0.25336280054613 -0.530117564273116
0.114747721333691 -0.540335588079769 -0.116983048752013 -0.294204885767697
-0.187010134578364 -0.540762575623694 -0.065583062465286 -0.0786402994861745
-0.474540139482651 -0.174081120370136 0.0620376803902438 -0.131572431782931
-0.434619714073376 0.312050468955733 -0.00046711444195007 -0.132262169385169
-0.150123261843103 0.458285859547808 -0.0303843792111127 -0.137955368846863
0.105749125191222 0.4397277821458 -0.0580866863121575 -0.12382959151174
0.307016696055217 0.328060214525522 -0.0575977862326085 -0.117395588208707
0.342582331473399 0.295785186284826 -0.0606239362145393 -0.117880848438191
0.326046475535478 0.343570780676348 -0.0464860145958743 -0.104753059985474
0.119670482796873 0.536184515033261 0.0143342564889244 -0.109118374193142
-0.228950400661441 0.535328620219564 0.041570309932533 -0.0192517005256131
-0.57867473956387 0.348601296695591 -0.103948123416222 0.0504506117469859
-0.62346698410202 -0.291093859462626 -0.249304616770299 -0.119402963717494
-0.165517832618246 -0.712233884164623 -0.116905515424956 -0.33265074040708
0.169998584447796 -0.685612772397764 0.189288948624714 -0.310845963769354
0.0862791277789984 -0.637384483697222 -0.179169615908281 -0.0789724448874761
-0.292016842332603 -0.608043044469543 -0.00716931557365358 0.0690710140556299
-0.583863444788019 -0.155287731716622 0.0989859302446423 -0.113457161343424
-0.476942266044625 0.386829658641279 -0.0198793665513387 -0.130201911342886
-0.152180488652829 0.519393100343311 -0.0699754981076536 -0.0598113309085795
0.119502082051856 0.485028732899356 -0.0258898566843113 0.0182436478792234
0.321452702743368 0.364261047305189 0.0544102317201819 0.0196524392067346
0.343541718703596 0.319043311199051 0.0753245284643135 0.000407304828250554
0.315313014149955 0.366210866053265 0.0773126865713133 0.0293774440492333
0.105003034424753 0.55593321977513 0.0824114778448431 0.0430477489777258
-0.241264635564925 0.544375591863086 0.0354855798829133 0.109247659401321
-0.578522062662072 0.35523350976442 -0.121290461655137 0.115430841760095
-0.632973267540485 -0.272662647667899 -0.252195007143434 -0.0484294429066053
-0.196745410545927 -0.722704596229187 -0.103545107394703 -0.16926419019369
0.143430137038932 -0.734609899776385 0.11976276058592 -0.0586779243157445
0.0448035494134537 -0.637288314416243 -0.234215001055372 0.177221277713734
-0.345056948912953 -0.586120513976871 0.0660236985585146 0.24731809987822
-0.596645887081516 -0.114860352594722 0.13811192304033 -0.0672428306292766
-0.438617109416922 0.389028063842935 -0.0339621972156791 -0.103588191013307
-0.130984372229894 0.491797059211599 -0.0993443943634813 0.0371989713826717
0.115626120175173 0.453174089857446 0.0147307356450058 0.167931930977733
0.292834743474471 0.343302333849629 0.162631498672437 0.158698878142225
0.293589304107503 0.294525965352211 0.20025427422156 0.119164894195947
0.253679143280024 0.329196131787196 0.186676598583923 0.157481850573896
0.0658618196433576 0.478375376400165 0.138872362998709 0.184793005749622
-0.21536761128267 0.446124569994949 0.0274303137871251 0.220979576179877
-0.465094653732621 0.278861498598867 -0.125301649524697 0.165256446659297
-0.507402514744309 -0.209883081634852 -0.23078717521648 0.018857111313652
-0.170396286209674 -0.598157868663493 -0.0813633712495734 -0.0171986780853496
0.0942909309889446 -0.656296141681844 0.0562700295295663 0.177045565144028
0.000935169700668983 -0.53092313235127 -0.277864111461789 0.427178320321178
-0.317723386346881 -0.459420084901888 0.128202105141111 0.419664682937832
-0.483145925706846 -0.063562990700439 0.168553847046305 0.00407118810808833
-0.315389074551214 0.302791926698839 -0.0339146086176412 -0.0615856277110569
-0.0922748048291878 0.364186016409493 -0.114946916517999 0.12602703855618
0.0858330748062689 0.338799217915573 0.0516245761697965 0.292923209588873
0.212059855719064 0.266947595597775 0.246369449851398 0.277382415289007
0.198212162193357 0.225888091955091 0.296721916840311 0.219674241301168
0.153145948881499 0.244883261762595 0.264062105332309 0.257758351668613
0.0189596422858216 0.328620290754736 0.168230031744995 0.288900197625017
-0.159096831392234 0.275508030639696 0.0133767851578432 0.288508692040089
-0.279214501003996 0.152921748656321 -0.117738474126926 0.181807735909141
-0.301218279063837 -0.120359177160197 -0.190580641516279 0.0630673919719536
-0.117611879032889 -0.382731906109803 -0.056111373438081 0.0892949121734089
0.0322034933981458 -0.482034342123905 0.00958078319257501 0.358907339203144
-0.0402603799730433 -0.328202233239269 -0.306464749965711 0.623755358091524
-0.222954149981903 -0.243961910985265 0.16365596985163 0.554574398351609
-0.269683858641483 0.00514585219000037 0.191475767737657 0.0828134252629718
-0.127020728865169 0.158363145318588 -0.0129980446893815 -0.0257412156974058
-0.0398827362513994 0.167051331446248 -0.116775642891843 0.177075577908082
0.0362542089848144 0.164748405451929 0.0731276129232002 0.367491383708574
0.092069825742703 0.146767245836463 0.289611484146914 0.35279926324687
0.0714586092139537 0.123595136249051 0.348576339797714 0.287115997929814
0.0369168319229549 0.129040111546971 0.298609324282762 0.318201643750487
-0.0246891611788214 0.145661429124029 0.169657659135737 0.344511029418737
-0.0832534377687975 0.0919241521300349 -0.00486404977793233 0.306825550879684
-0.0836229020136209 0.0319357028665154 -0.101880605040749 0.169033603171237
-0.0972300800011375 -0.0185236059133553 -0.141153369708059 0.0831089010722796
-0.0706293431097781 -0.14347520257375 -0.0317914574013703 0.143333687731377
-0.0382308088400515 -0.258903741891868 -0.0126888224025142 0.46425904173398
0.0730675487285434 0.0079945135878258 -0.0067494568007612 -0.507095055717324
0.0480033199335522 -0.0945123065417455 -0.0994941683745073 -0.206594257673434
-0.0762447929191518 -0.0696358453774133 0.0593110292026011 -0.0863468198564122
-0.0966799990834245 0.0639728887698267 0.0716546774723991 -0.128041270803251
-0.000182132291134837 0.0782871506955284 0.0320248707153766 -0.260574859740173
0.0442072871951734 0.0419279834431208 -0.14326497583664 -0.349452889123851
0.0611702646731092 -0.00476532239775912 -0.294247744990038 -0.325910528501485
0.0682175176548015 -0.0082584332796762 -0.345260650307852 -0.28454605644264
0.0598236581769431 -0.00178825924493107 -0.297150880937397 -0.317347919952553
0.0267625450292499 0.0270162788491102 -0.127238827061491 -0.342797716459927
-0.0154894257511254 0.0433405143096472 0.0589696845866026 -0.225309023537711
-0.0656726512862496 0.00595321213965293 -0.0084837321436192 -0.0290457509250615
-0.00712579186823107 -0.0914456985338819 -0.14413026133387 -0.141871784558365
0.120952777436702 -0.0372776510891394 -0.136151843227644 -0.509131921240333
0.100850301584206 0.0688695434463533 0.28610628570749 -0.700036510315291
0.102122438288643 -0.191935997984821 -0.0287694614918926 -0.499051776069592
-0.0121900700085788 -0.258400773105533 -0.10624632940333 -0.205776614011567
-0.200398514972881 -0.12039205782443 0.0341028733464484 -0.109699554731474
-0.217967476024754 0.144013630322975 0.0370206278926879 -0.113228529370382
-0.0560992178341622 0.218181593093241 0.0225919104802844 -0.221684894431574
0.0731221523705989 0.193380726060608 -0.115704789178608 -0.303685903148968
0.168579910688562 0.120789174196116 -0.242796997509481 -0.291493562168784
0.194800083017366 0.106960442061198 -0.290504476329868 -0.263728843550158
0.187223505168063 0.132603072730847 -0.251442003544233 -0.287882761428717
0.083858162306487 0.235194475084943 -0.104049311760035 -0.316411574792726
-0.0902909500124197 0.251244508500876 0.0509870091778071 -0.200352826978725
-0.270656254369977 0.153116519314391 -0.0404883100433598 -0.0278576810397545
-0.257251749695327 -0.175692460993213 -0.184260496213526 -0.166156550229363
0.00924724467447641 -0.314825747368812 -0.134134636020961 -0.509088267013654
0.133957761981677 -0.234300447244578 0.269054021364655 -0.659823825732635
0.111842038097741 -0.375419737526456 -0.071815207150842 -0.426452106338219
-0.0929840201668969 -0.403241857627945 -0.098636346294628 -0.165485345569103
-0.327004406910463 -0.151642991122834 0.0300747143841632 -0.129875663070346
-0.322805344093192 0.226549317854114 0.00886501905378221 -0.117724977599272
-0.102000920715473 0.345114935587272 -0.00412856964258695 -0.181542659923761
0.0986706238319168 0.324730449300446 -0.090696946659736 -0.224418970061336
0.2550121144277 0.229381352687731 -0.162860536995586 -0.217374547777254
0.292149958597491 0.204887753051811 -0.190963919257092 -0.202866613573459
0.283852292125147 0.246475201029603 -0.162789554027444 -0.210748435934913
0.124031089167516 0.40934218866118 -0.0565805819365205 -0.232954791526879
-0.157459718146793 0.42530853745535 0.0455924709573565 -0.1298477379829
-0.44589782939084 0.279639550118231 -0.0726793551184203 0.00238576523407748
-0.476913973192458 -0.237944739687056 -0.22326100052685 -0.152156156657535
-0.0992589962497994 -0.550645682887255 -0.138198045863661 -0.443750212186899
0.150250598291188 -0.496486240817722 0.228848419865653 -0.52149211603636
0.100835318331265 -0.523937551009601 -0.126212085256016 -0.280922650508276
-0.198530841266419 -0.518727214731043 -0.0668521724313307 -0.0755904210084449
-0.461951804788829 -0.154847716684936 0.0499483539501975 -0.136828056097445
-0.407278789772103 0.318677775530139 -0.0124336974513735 -0.128874054322379
-0.127366513332412 0.452296461824933 -0.0419822271136439 -0.129102986169158
0.120172185627354 0.422712368519793 -0.0627932488557133 -0.113662983521121
0.311533538244185 0.307091417641562 -0.0597723376426048 -0.110471551942049
0.344458359700886 0.270185961827551 -0.0625097837089826 -0.111720316120974
0.330163042420882 0.321163300203249 -0.0453600254083274 -0.100255559500711
0.138468001783364 0.517987524675013 0.0101489265543581 -0.107754133735994
-0.20048688628175 0.53311497626739 0.0425699536326943 -0.0208331778850055
-0.548933193896671 0.362206351148604 -0.0983956906020729 0.0559971048936877
-0.615286212881693 -0.263076372829612 -0.246989454658344 -0.101128071519808
-0.183490663744949 -0.690975035716061 -0.131014927570754 -0.316482252092534
0.1463810086553 -0.667692567215418 0.175628359455553 -0.311227464054939
0.0684614209053019 -0.615033822418119 -0.181333731226417 -0.0718782640153807
-0.302157035281327 -0.580082895891974 -0.00656145796774185 0.0657205616219943
-0.567478335414287 -0.132190470541856 0.0869733369911879 -0.12015053651571
-0.443862794339684 0.390390507014059 -0.0303125110504022 -0.127525971889204
-0.129396795112143 0.511451301196309 -0.0786787496757384 -0.0521430888298745
0.135915310744434 0.465896088297895 -0.026096214581154 0.022729811117959
0.328288513311516 0.341256609555927 0.0544077118753135 0.0175881129966676
0.345860589824065 0.295131765542301 0.0738137691360957 -0.00355087259911855
0.319352630933008 0.343720412209528 0.0807911223520952 0.0254537387250693
0.124517084441558 0.537650263215231 0.0826914047953735 0.0377339417809143
-0.212712318887894 0.540742964063841 0.0420853517900892 0.104914207894287
-0.543774710351514 0.367822301590713 -0.113040660364834 0.119436816151384
-0.621838827889432 -0.242209797758313 -0.247617839868676 -0.0301749280865018
-0.215109514160191 -0.699070972122243 -0.112491607075922 -0.157447833155845
0.119304849896396 -0.712561176367886 0.115401117590119 -0.0658604432090379
0.0261383626173523 -0.614543563665101 -0.226446302188093 0.176935980760335
-0.354407655255576 -0.555080696345155 0.0705432304416179 0.236598379265065
-0.577338299863203 -0.0904546132358765 0.128695907522056 -0.0760999893850215
-0.407354530381652 0.391860793120049 -0.0414137431667539 -0.101958212529922
-0.107578817296517 0.483542894744656 -0.103947567267883 0.0426454240099588
0.130677604810418 0.434139364401909 0.0192306609694985 0.165489029520201
0.296433936616866 0.320254075838879 0.164305748984558 0.146963639466537
0.296297537599576 0.272592811155447 0.199135950610272 0.107096758906426
0.257854195481133 0.310150763167471 0.191508098835293 0.144901257429282
0.0820739691167396 0.463452266449581 0.143543215415417 0.172921267787884
-0.19212611891246 0.443156784915908 0.0389743531139384 0.213644196019578
-0.435594874496696 0.286752375013545 -0.113954271540789 0.167559170810709
-0.496093333255385 -0.184893768447901 -0.22321749655398 0.0355413453899393
-0.186619019477345 -0.576983733783849 -0.0839073491466218 -0.0103849175254132
0.0730857178677329 -0.637817346814482 0.0611020663396583 0.165058459018472
-0.0152958662296436 -0.510615701303343 -0.260481749261839 0.419594426128297
-0.324170411775566 -0.431656149476242 0.137078366453833 0.401995500868035
-0.465655431268294 -0.0412435286029742 0.163186806755574 -0.00623559606330535
-0.290332817931007 0.304332265506126 -0.0379057099708716 -0.0619297322015931
-0.0751267544894501 0.357330287293374 -0.114229813830426 0.128733059346063
0.0967357220566105 0.32403961028297 0.0601869755889744 0.285928499751072
0.215391217025378 0.249210898616104 0.250300381295908 0.257714529089682
0.200388185318484 0.210189909440348 0.296135702568759 0.20076146595976
0.157066616349394 0.233075271340794 0.270227584642216 0.239291352330542
0.029800633684927 0.318040031010974 0.176951631099421 0.273318449474883
-0.14317482256526 0.273170344813217 0.0276033869879923 0.279312469297507
-0.260541357095632 0.156875409666911 -0.105738840073575 0.182463441154132
-0.291956754684787 -0.103448024983353 -0.182326994709949 0.0770007717110266
-0.126100598812363 -0.367665989372975 -0.0543791236397229 0.0923755839462179
0.0152185048386946 -0.466227971946037 0.0231384879934952 0.341021071908971
-0.0508836351255072 -0.314149527766436 -0.282176163025321 0.611425909036625
-0.225950776512854 -0.226773730964842 0.177107850432596 0.531308375458245
-0.258396778586943 0.017055877348525 0.19125465573603 0.0715089775312463
-0.114736237687796 0.15674599107801 -0.014357947093139 -0.028394874775159
-0.0319337799522515 0.162628516877567 -0.112345953213049 0.17665244650427
0.0406133273702059 0.156981541635934 0.0830550277105935 0.356095565766682
0.0938953799242739 0.136845028300648 0.29461287805153 0.329031733248655
0.0726459433160452 0.11703797607124 0.348946472616178 0.263453191003403
0.0388288901513201 0.125488429340079 0.304274433274595 0.296199109922024
-0.0200060554952053 0.141848752932081 0.179911169905091 0.326500307740933
-0.0764842248917318 0.0895650543084666 0.0111858734794806 0.297497154824074
-0.0756989927386297 0.0309559887868201 -0.0895103318878328 0.169752991635933
-0.0898230531136091 -0.0115759679963085 -0.133581469575788 0.0929505298278086
-0.0734206658822255 -0.134290139594622 -0.0267366644178026 0.143399549848639
-0.0472014778695126 -0.247366187771857 0.00482717570900603 0.443849212289536
0.0737339563583317 0.00447550974205065 -0.0161917616079756 -0.488446006455027
0.0420321215500815 -0.0977201039392652 -0.0980788918620542 -0.199952081280445
-0.0801254142359355 -0.0673224448357969 0.0533151969279317 -0.0915933139940069
-0.0947899714366745 0.0684357730896231 0.0594995432883939 -0.125962855191686
0.00187615608323243 0.0792541827308437 0.0212480520942962 -0.251910779431411
0.0463043334747798 0.0416459420915658 -0.150509500651679 -0.333825021937248
0.0621387275228767 -0.00547456365834013 -0.2950132829921 -0.305897178909694
0.0677124030482667 -0.0106656895190915 -0.343995357322716 -0.266908547527773
0.0593801190957283 -0.00429186417663848 -0.295908904763315 -0.302378048841719
0.0278094189492854 0.0271522233598754 -0.131693035086529 -0.332838782117948
-0.0137270329309721 0.0456323714209719 0.0548626517751875 -0.221494379445949
-0.0665542246685692 0.00890737769636655 -0.00523363750500859 -0.0247472322490229
-0.0116506032930441 -0.0908428520143255 -0.145752680102695 -0.134242102648385
0.118888253622597 -0.0420074919763577 -0.148457053408933 -0.491864810292301
0.101704693904672 0.0644040228284729 0.265657443909665 -0.685735565248891
0.100192810714471 -0.189037761102954 -0.0369522746724093 -0.48309573439687
-0.0181722803085344 -0.25524444952627 -0.105638050878575 -0.19900577407755
-0.199869436617906 -0.115061956037821 0.0263888735287502 -0.113684424347266
-0.2091498785044 0.148285044893772 0.0261329927014518 -0.110812475622929
-0.0489442550139128 0.217025472063376 0.0119250024676892 -0.213459294807761
0.07877947499428 0.188703697287044 -0.121176337715785 -0.288777180832488
0.169890317458034 0.113616592539523 -0.243484435398362 -0.274785903359695
0.19472237480326 0.0981344530202675 -0.288716702137197 -0.249013743429693
0.187480817107423 0.123810393676679 -0.249566013070573 -0.275001503996448
0.0897943373978787 0.22901263891858 -0.109201423592207 -0.306949367845373
-0.0812847233758228 0.251001660289123 0.0475993431021523 -0.197321592204374
-0.26043869062207 0.157549920601858 -0.0386137742979092 -0.0231338003457766
-0.257116651476036 -0.167152818449203 -0.18526851854173 -0.156594977774499
0.00392684916381122 -0.311121521213684 -0.148351446863505 -0.492643856008664
0.129560517838853 -0.230057726512344 0.251259561854074 -0.646569810588896
0.108226261858855 -0.365851195137694 -0.0806023548981453 -0.411751694430467
-0.0985186741243485 -0.39189296133889 -0.0990145124313006 -0.1606388574683
-0.321491384441288 -0.142799726225427 0.0212414737742085 -0.133474623556901
-0.30783125187031 0.229771712216962 -0.00130418309997373 -0.114250196265362
-0.0896470074274228 0.341100694709469 -0.0146968545142302 -0.173343108463124
0.105464117545114 0.315170866621252 -0.0954474966784352 -0.211973250310875
0.256262604310881 0.217100317655596 -0.163069063991003 -0.205494017673292
0.290823379779931 0.191282470189211 -0.190438272498472 -0.192229630328181
0.284349499694296 0.232672426503394 -0.160931993203308 -0.202006680180548
0.133794559871041 0.398489213900498 -0.0608538504792807 -0.227264648217205
-0.141480020437446 0.423036727015494 0.0436398591707329 -0.128326719561247
-0.426502755580332 0.284543344671647 -0.0701156975598861 0.00715917211645636
-0.471122950499883 -0.222605479553941 -0.22375116827725 -0.140168024668718
-0.10834008542076 -0.538351676068205 -0.149826531383079 -0.42767915049241
0.140787667540493 -0.484882301109995 0.214635783958743 -0.51395540838081
0.0945320982072264 -0.507934592535324 -0.13209504512035 -0.270748259218329
-0.202404520063443 -0.502713737452029 -0.0682243656809558 -0.0727565218544005
-0.450671349936507 -0.144576941937923 0.0398731994543268 -0.14046241381606
-0.385948617105069 0.319381456050825 -0.0221214078308912 -0.125864780757735
-0.111662003720991 0.447043902368219 -0.051114185914154 -0.120868926015759
0.130225639647701 0.409981888615319 -0.0649201429837037 -0.104485810884386
0.314049005153953 0.289505137834272 -0.0598641528608341 -0.105377808975377
0.342954597606519 0.255386139244826 -0.0636427518104308 -0.107379189916867
0.330031442863254 0.304484035424617 -0.0427748885512304 -0.0973092454130602
0.151262385181932 0.5048793783152 0.00746451606942758 -0.106087956710048
-0.182084336015581 0.528507260711761 0.0436282965133436 -0.0217131030830133
-0.52487596879649 0.366108710369746 -0.0941347919174009 0.0607370632520349
-0.605153074852952 -0.243975546405914 -0.244618330059006 -0.0869109879075634
-0.191052011610327 -0.672267171475116 -0.140100747928885 -0.30339742064362
0.135573180222797 -0.648205629207778 0.165906016425976 -0.309689958920504
0.0617210984794072 -0.595434091736199 -0.182866413968031 -0.0670033478833176
-0.305642973247486 -0.558734048422862 -0.00704308756208346 0.0639559220764499
-0.550015648766991 -0.11954269017483 0.0769896215777868 -0.125394237900671
-0.418915663503784 0.390463018919253 -0.0384986958203661 -0.124540198804679
-0.111533527039142 0.503163916807753 -0.0861169546354023 -0.0454713171282102
0.145462907174223 0.452181662257514 -0.0258104915034608 0.0272958569247165
0.328449253697757 0.321104526243705 0.054720053274146 0.0153284284692166
0.3445126990335 0.277926519335981 0.0720999361580651 -0.0050003370474375
0.320663047050575 0.326279082174173 0.0830697567166602 0.0215216711660762
0.135403226684295 0.523583413615413 0.0822388412524699 0.0337295628839451
-0.193266195576194 0.534951265743083 0.0464892840560246 0.101217274440558
-0.518628382961312 0.369767842422965 -0.106269396530546 0.122823074122031
-0.611230358160554 -0.222957593086675 -0.242289719857333 -0.0163221621466006
-0.22187630323392 -0.678695085210964 -0.118081103378192 -0.148401374265834
0.106260894964347 -0.693240536716894 0.112264002880358 -0.0709225926706194
0.018135252014479 -0.596070465002256 -0.223505847383523 0.175045728706907
-0.355733727407338 -0.533727880649348 0.0715300137040164 0.228743222870794
-0.560546656178977 -0.0775724933471863 0.120166732785939 -0.0821894046184801
-0.38565041704575 0.390468696124233 -0.0476705390140753 -0.101262910384301
-0.0918798703248685 0.474813356400453 -0.108618412592821 0.0469403299856545
0.138592289376451 0.420085750914667 0.0216480326332573 0.165008322717905
0.297506855258696 0.303488954765129 0.164905809864936 0.138281185346659
0.29534330281216 0.257575037357277 0.197081179014663 0.0981059543609743
0.258495096338145 0.298590816199571 0.194329893333377 0.134832001991605
0.0929528773372568 0.450722888134912 0.145819226461083 0.164576911344001
-0.175340652624278 0.438601601103273 0.0465338601871215 0.207358485082163
-0.414320529389317 0.288547892677194 -0.105691838388515 0.168980049782212
-0.48486160535153 -0.168389777458229 -0.216914099495341 0.0485649406166365
-0.191607731380717 -0.559245935113213 -0.0862602091626955 -0.00486755434329784
0.0613407619050611 -0.61745547858428 0.0636908620962775 0.152922731162938
-0.0208612691928223 -0.494420543032514 -0.251514051902646 0.411342874309864
-0.324482958809278 -0.411969122708372 0.139879195487994 0.388859189116596
-0.451734326274846 -0.0308056610156328 0.157869512673658 -0.0138539060041938
-0.273105781580353 0.301720280658102 -0.0414520525675326 -0.0634031958372963
-0.0632982692938346 0.349711381124705 -0.115938804802555 0.13038246044297
0.102142569506815 0.313507508026472 0.0645301096861282 0.279968307788714
0.215602218985071 0.235779034519829 0.251728749081163 0.243799671155291
0.199577732457052 0.19970130749181 0.294030252419728 0.187570124564339
0.158005376778214 0.224660492843896 0.271963254034683 0.225354952231945
0.0372329797952809 0.310672139845006 0.181508311053189 0.261013253320099
-0.132181007459156 0.269564622296626 0.038178731931384 0.271877981261171
-0.24556298221635 0.155307165861045 -0.0966105559611682 0.183148121699578
-0.281460307968126 -0.0936442949989591 -0.175573557694655 0.0876442148052285
-0.129704976816284 -0.355142874911132 -0.0534925205381204 0.0945866767260969
0.00704797228834447 -0.450629088125396 0.0292991705542284 0.325161485396063
-0.0568636001864561 -0.302413646549033 -0.269996051165161 0.598893210404407
-0.22397706709286 -0.213543606373096 0.184460612177971 0.514606597124609
-0.247523434370686 0.0247346796048058 0.190176809466473 0.062878738952164
-0.105849558175864 0.152720665961168 -0.0161144718188386 -0.0320993449092227
-0.0267446907077144 0.158407016085741 -0.111484810860904 0.17588698126877
0.0425160962219098 0.151114344812477 0.0884859581587463 0.346994217804963
0.0935670427290443 0.129950788533293 0.296800921030403 0.31236633801392
0.0725141319694024 0.112152963783967 0.347307892778408 0.248137729035711
0.0398159480330574 0.122342569280894 0.306461550626919 0.279746654824456
-0.0173163914500453 0.138715988940089 0.187697234349439 0.312035326615351
-0.0720025539274125 0.0863058326947219 0.0217060786830019 0.289863282926083
-0.0686229647854921 0.0285221015619094 -0.0797737015910245 0.169045535121958
-0.0822547143861849 -0.00688912937560329 -0.126651711735099 0.100597584130427
-0.0745348525191285 -0.127110961554151 -0.0244395329603012 0.143526717792604
-0.0515581141044177 -0.236771403075359 0.0154144202743547 0.427249388599439
0.0739293327435027 0.000916187998632595 -0.0223540643221532 -0.475773416850548
0.0368846869920852 -0.100678355074689 -0.0962128762661446 -0.195530436357092
-0.0844869536209147 -0.0652263391801065 0.0482955169254033 -0.0966352830354682
-0.093495905823399 0.0734882604135065 0.0501668762003132 -0.123816165432763
0.00410092533074607 0.0807336638468481 0.0120261999363449 -0.245565022826566
0.0488133288412019 0.0409475351464346 -0.156406323473098 -0.320471571453206
0.0630019487015993 -0.00638136631879939 -0.296279234960645 -0.289392804807168
0.0682552710461437 -0.0130422140828446 -0.341240526175318 -0.25380360869178
0.0593076174234587 -0.0057583212835947 -0.293683715210593 -0.292484899511938
0.0289561451198808 0.0273386977647834 -0.135193945872623 -0.325412134015032
-0.0124806145131714 0.0487610069001079 0.0527000257897373 -0.219930036318816
-0.0673217546113221 0.0127203453641234 -0.00248634053297958 -0.0215952368229003
-0.0161779209253258 -0.0904409236103518 -0.147223864897728 -0.128636316493882
0.117337977123426 -0.0464494336804414 -0.158347370710714 -0.478673165908243
0.102892137657946 0.0605411327057661 0.250695038715397 -0.674274178140823
0.0996237814209576 -0.187284124244735 -0.0463041034556799 -0.470941572636993
-0.0234978385000275 -0.253699461624955 -0.105522861450303 -0.194020308193118
-0.20039887023651 -0.111016916894759 0.0191013609330536 -0.117149496904862
-0.202781475958222 0.152317369682929 0.0166839405331225 -0.107534873285041
-0.0415090841576743 0.216818497628593 0.00255103543222832 -0.206146080950692
0.084684896104379 0.184477045339411 -0.127043126534484 -0.276356828954812
0.171944639377944 0.107708168533841 -0.244345077598269 -0.261556467975349
0.194069610313939 0.0903896589203394 -0.28773170914783 -0.237115339103021
0.187716749512209 0.11651252496058 -0.248368538908518 -0.265655684134344
0.0953710325845276 0.224902800958636 -0.113374499459268 -0.299979898716124
-0.0738338594058023 0.252370963086258 0.0451355971241714 -0.195876347024525
-0.254199020204691 0.162262876611378 -0.0365702034195214 -0.0183945047534373
-0.257873215264129 -0.160889839169119 -0.187342540719257 -0.148120784159488
-0.000622158016905204 -0.309216815547926 -0.160745731964816 -0.479371657721834
0.126815328038838 -0.227895253930531 0.235535296790664 -0.639050088351339
0.107589682208435 -0.359481021534775 -0.0879284555189243 -0.400081046719347
-0.102814721551229 -0.385679338499912 -0.100155176017456 -0.156834533428413
-0.316357368734255 -0.137534778709787 0.0120182345402237 -0.137557278662024
-0.295425884608108 0.232700924230229 -0.0100665033371936 -0.110651941307211
-0.0794820341744139 0.339641676769829 -0.0234397608644696 -0.165677826972106
0.113159885354295 0.309762340895167 -0.0980798894073982 -0.201568789440162
0.258888191096023 0.207426181925297 -0.163430695709179 -0.19708153180527
0.290979156064744 0.180942308705953 -0.190054938988916 -0.184342826537204
0.286273799506072 0.221820930448786 -0.159192154401714 -0.195975584908241
0.142560643482536 0.390611915227861 -0.0643260539068216 -0.223213993209949
-0.129462509520086 0.422366816627932 0.042810835942757 -0.127230475400352
-0.412524964241025 0.290551360704005 -0.0678856550437899 0.0119900614522827
-0.469059004720212 -0.211331569779409 -0.224098267973728 -0.128846248917626
-0.113660008512331 -0.530820653638518 -0.162319120827927 -0.415640384885464
0.134442366196491 -0.476496967953512 0.203521729443458 -0.508631796336028
0.0938293441973908 -0.499813035650203 -0.138794043036147 -0.261906389920946
-0.20643293872734 -0.489884722835716 -0.0692679298466656 -0.0707925564509695
-0.441889339031413 -0.136685633122421 0.0300813092502568 -0.1453612901705
-0.369335914382539 0.320515626987295 -0.0309780627815475 -0.122517636288502
-0.09773313148854 0.442554746788564 -0.0597727168495372 -0.113091921262552
0.138627866772285 0.402190635169769 -0.066471222749795 -0.0970503820687185
0.315015972386956 0.276998543812731 -0.0598170903293372 -0.101550742147499
0.343809158617067 0.240362021714806 -0.0636205363801335 -0.103561201602652
0.33210623640608 0.291683545473213 -0.0405311854882867 -0.0961178745487941
0.161151499165595 0.49554819020433 0.00485650845716023 -0.105631482574596
-0.166041959730496 0.527450184682289 0.044997001675749 -0.0228923896211778
-0.505673685245928 0.371481904879173 -0.090538214852348 0.0651597138486019
-0.599013910273974 -0.22806149206656 -0.243055628780543 -0.0751650506811755
-0.199136144343579 -0.661535476150574 -0.150494391433288 -0.29324494572927
0.127056153571723 -0.636603220277925 0.158225918126522 -0.309747917311894
0.0592780664113352 -0.583891343917667 -0.186748085015589 -0.0631004454502664
-0.306962527819345 -0.545436730230253 -0.00789532903717371 0.0628651811092244
-0.539384731414334 -0.109750426379412 0.0678188143876624 -0.130230406923754
-0.401127029803722 0.389888055184912 -0.0467232002788361 -0.122553115744974
-0.0945783765186718 0.498615082718676 -0.0926141869116797 -0.0384161403971415
0.153258271678046 0.441928489829641 -0.0259346012496951 0.0312764997278418
0.330654086520778 0.308655998352288 0.0553148542186397 0.0131761880373502
0.344596426834347 0.262889254410045 0.0712967717035014 -0.00650604709369426
0.322310349627444 0.314378267629255 0.0857861399982681 0.0177212039694892
0.146780475425025 0.513011716240506 0.0817928400955445 0.0312943076108192
-0.178168819726267 0.53340022548919 0.0510133911872795 0.0981013764039851
-0.500407537065103 0.374056636174644 -0.100651545716548 0.126286809859966
-0.603180460319998 -0.209422772837639 -0.238616589572274 -0.00304320746576593
-0.229418688629787 -0.668269868870748 -0.124269973943455 -0.140397572745148
0.0988819276917263 -0.679695272236151 0.107956536640392 -0.0765336954049309
0.0138151516006997 -0.582381339621993 -0.223959037690796 0.174173169110389
-0.356180235258038 -0.517271748396717 0.0723324367611247 0.224147360761525
-0.5484669566755 -0.0656205492314641 0.112941911406488 -0.0887358371515443
-0.366753435592708 0.388991979708687 -0.0539336190277263 -0.101229407275591
-0.0781437471382583 0.469543208392678 -0.114079713992618 0.0518793479293254
0.145198877402503 0.410217469281093 0.0235937566297563 0.165469222077932
0.298989506179825 0.291489053878275 0.165942849199678 0.13028489991271
0.295762082070756 0.246870228302369 0.195836473211045 0.0920627155735336
0.261029435320846 0.287006304213612 0.19751000624445 0.126997662196832
0.102729148680448 0.442573812735586 0.147988012144293 0.157232522823879
-0.16120879460544 0.43468246537082 0.0532380293752968 0.202239992133038
-0.39560268625151 0.289806672017889 -0.0984888436478144 0.171436831362145
-0.476763955862456 -0.158306430052376 -0.211315349710173 0.0609830320517262
-0.198351759801653 -0.547855000053621 -0.0879755411949944 0.000351541667267746
0.0550983799034787 -0.60286675251138 0.0642865229263034 0.142805104844558
-0.0270929392718152 -0.48161378903102 -0.247877748674226 0.406180659268827
-0.325130580193787 -0.398582727339833 0.144245705905443 0.38046003815154
-0.439271301326848 -0.0214645006240364 0.153901744375649 -0.0218558804643153
-0.258858050610186 0.300140349762542 -0.045396879227104 -0.0659442862588914
-0.0530853449467065 0.344219012614843 -0.118556502273916 0.132953483522174
0.106419384074626 0.306122195959858 0.0692631749126853 0.277381458916267
0.215922849006381 0.226338969509371 0.252774385408563 0.231526790894938
0.199589967672928 0.191512810239918 0.292476993018802 0.176545579887688
0.160082442031652 0.218283664602643 0.275998243609408 0.213607890678118
0.0426526250787703 0.30530512610078 0.186371292431487 0.251117833228671
-0.123492520406118 0.266590939290945 0.0471591601743208 0.26566190813634
-0.234063759753862 0.154312172342102 -0.0884860495671039 0.184375429449318
-0.273388753498698 -0.0852417647911437 -0.16958921843 0.0982122890572864
-0.134566898975878 -0.347140920604395 -0.0525759144385014 0.0974741224575478
0.000670183290178476 -0.438660435653035 0.0349449425003822 0.312304920071579
-0.0606250176229371 -0.293207757522003 -0.261138880198157 0.588699554610346
-0.223028847892299 -0.204066478369034 0.189512489235617 0.503772598764963
-0.239065776219156 0.030093284200686 0.189510540968937 0.05435975767662
-0.0990234457500016 0.150581642711682 -0.0187767562234322 -0.0367801606386595
-0.0225266446005604 0.155108320511872 -0.111231913097518 0.176501986376305
0.0442862771045894 0.147330251331729 0.0934921563669977 0.341923439138138
0.0933870592977532 0.124560521239359 0.297332709991209 0.298139838821833
0.0720849332709753 0.108915757228927 0.345340955134375 0.234615456710548
0.0408199889998117 0.121176521104533 0.310261223188572 0.265337998699632
-0.0155461009168 0.136440382092356 0.19379551174848 0.300215023900482
-0.0685040790930763 0.083456538750666 0.0318690187338688 0.283573985556323
-0.0630566660281227 0.0248923609901241 -0.0714361823236105 0.169115679312384
-0.0750200698501456 -0.00365044402455138 -0.121025644750394 0.108815876598893
-0.0751326527435166 -0.121686487562889 -0.0218857304587364 0.143976732651909
-0.0549016110939591 -0.228277858468658 0.0235420026285871 0.412471666189568
0.0768101627894461 0.0179781979520187 0.0683960938573334 -0.460516002081355
0.0540704013580845 -0.0918683018272676 -0.0505301918580867 -0.205156200887916
-0.0720522634392016 -0.0761018998405547 0.0645825091499728 -0.0916150723792444
-0.101853406294425 0.0580122710528771 0.0640104693568516 -0.111830430064926
-0.00968253672968864 0.0838997661170609 0.0521730802304815 -0.232698618868004
0.0422978338925128 0.0526562435805047 -0.0928412417876001 -0.337263748854187
0.0625524087120673 0.00706047986693583 -0.231536146398952 -0.336138608892621
0.0712751028037123 0.000111205937809621 -0.277947289785834 -0.309544426262931
0.0605604281758384 0.00723975899790115 -0.223813565774075 -0.33926471083782
0.0228821407227651 0.0345886499342865 -0.0631370420291181 -0.338722781871734
-0.022045477294816 0.0469959709167945 0.0963355739385734 -0.200582006023459
-0.0691911639061597 -0.000213750387423944 0.00289090646369244 -0.017226217918243
-5.39168996635357E-05 -0.0927069218739966 -0.121570733598451 -0.156406009260852
0.120693051001247 -0.0235181997056587 -0.0654657195840165 -0.499725162415119
0.0873172387447053 0.0807236630725263 0.398133219811623 -0.612589487667965
0.140007756496465 -0.15376032754878 0.0445372215810875 -0.462684988256286
0.0249372775174968 -0.245962410435537 -0.0555318484525772 -0.207129974581189
-0.169903015710284 -0.141802075402363 0.0412293601617547 -0.120837268388978
-0.215611909367001 0.110049952702162 0.0267048333498878 -0.103846872363475
-0.0778285254278003 0.20412531523179 0.0360298781870501 -0.198740347589798
0.0492972029742535 0.196233319626235 -0.0755612981264485 -0.289452280787845
0.145989102937638 0.136777208108679 -0.185743314916252 -0.298564401528869
0.174282254638701 0.12534237366131 -0.229682160234419 -0.282474223660499
0.159035521416041 0.150002390063013 -0.185331419762133 -0.303140932955095
0.0484871848165971 0.236372596420951 -0.0481060891213401 -0.306132106831559
-0.121143617519159 0.230777047989904 0.0813971589687228 -0.171928515809166
-0.276073612275029 0.102084386849851 -0.0376193480046421 -0.0160152877721794
-0.217633344656516 -0.213708995042838 -0.165059699853707 -0.184755492524973
0.061956192533638 -0.301944702843082 -0.0644158564591088 -0.505201757756562
0.17273193997643 -0.191447257234764 0.373367499894924 -0.582057529019181
0.181834076542894 -0.314309652087786 -0.00919741694735032 -0.405145475970479
-0.024946943912488 -0.385139275928587 -0.0530334140942248 -0.170592238191911
-0.272759064455815 -0.189145864321615 0.0385292290142343 -0.144655377983364
-0.315714516646498 0.165739856941016 -0.0005049876592247 -0.114357561394731
-0.136849089275651 0.312580210820327 0.00322653123715217 -0.166645691046837
0.0536017810950469 0.321504789661601 -0.0649562022322495 -0.213097713648524
0.21146781087274 0.247527848484559 -0.119803533275565 -0.219000077048699
0.249878282281934 0.23138400950697 -0.145341341498934 -0.213982237152414
0.230459856053393 0.27062525257255 -0.111464375325026 -0.217807848682166
0.0620534135352948 0.403903198042001 -0.017512343108487 -0.219537534612663
-0.208527774786317 0.384779747279209 0.0633214840350056 -0.101240362513943
-0.45106654649932 0.189151847231542 -0.0796320228791739 0.012211916451084
-0.409566312397525 -0.309251479288896 -0.210679170195919 -0.171541797346023
-0.00100658765641132 -0.539074227310234 -0.0762200433831971 -0.448087374617635
0.233818071611293 -0.427678969655841 0.313596849784002 -0.46573803898489
0.194961468988348 -0.449970470780553 -0.0848655303178316 -0.284558322018787
-0.103673263634384 -0.501541829085961 -0.0347265402261305 -0.0848009060113079
-0.389402696014572 -0.211224876190438 0.0570926547805215 -0.151770935278473
-0.399251812204614 0.231864754201355 -0.0196042131845494 -0.132264891778495
-0.171899964766952 0.40446304814167 -0.0423530679761358 -0.1246684513745
0.0591803614497181 0.411815624288001 -0.0562988497026456 -0.106450218999848
0.252625121139267 0.324694748529951 -0.0377462553619398 -0.106406021796786
0.288164626752383 0.299554001149198 -0.0402660021516467 -0.112527574021065
0.261240299673438 0.347407708683792 -0.01740797194549 -0.0989931028445887
0.0592619008151567 0.506950807499847 0.025417559467946 -0.0912513788503925
-0.266362138656016 0.477124698093195 0.0443280338297045 0.00339059250366201
-0.554410810837893 0.248101574378631 -0.114958511668103 0.0616773040903773
-0.530286006886161 -0.353316950088083 -0.243345920603295 -0.120951584413528
-0.0547689912780791 -0.683257053315968 -0.0883687447673798 -0.32579221660392
0.262191195201295 -0.582875093848465 0.223632039093286 -0.279052962458778
0.177668823221895 -0.536828335834236 -0.170449824386857 -0.102376129352734
-0.191928652671927 -0.569742409581385 0.00161168153954006 0.0527473720698745
-0.486325525782853 -0.203040145670362 0.0910332189640544 -0.13433679053446
-0.44116160933477 0.290287978273575 -0.0359033115799377 -0.137680288370521
-0.180753580198541 0.456148677054871 -0.0889662435408841 -0.0596869638828688
0.0659296207149226 0.451473632875225 -0.041437792433885 0.0253876117430938
0.262687655853601 0.356211509626875 0.0508118667957123 0.0275696984376852
0.285204544328851 0.322685372846327 0.0701714131835136 0.0065486871373338
0.246416528837363 0.366429423211019 0.0816930215550294 0.0352891931148754
0.0433378501207825 0.521464329387819 0.071094205679734 0.0545891290245785
-0.277828990644031 0.479439972219015 0.0265468723022478 0.121109760594223
-0.5485839455184 0.250043778846446 -0.136069716657108 0.118575035844352
-0.535459539101414 -0.335366146456479 -0.2517932000999 -0.0479615901578555
-0.0802020363294366 -0.691611052662064 -0.0929602921208965 -0.170568530211809
0.242866807786195 -0.628683502688957 0.122267685264919 -0.0606788155536157
0.130465597280871 -0.546917604607532 -0.251700800220686 0.119727125772253
-0.246181771734883 -0.551771713271162 0.048224058186639 0.221369597963874
-0.504658373804112 -0.163321152445066 0.127313969023101 -0.0852643548009014
-0.409178387754307 0.295537133269108 -0.0453552247128974 -0.119219179552156
-0.159681391624458 0.430301931249253 -0.125956302684323 0.0231973733187282
0.0627464415166315 0.418404692983127 -0.0192152329388718 0.164800206891709
0.234017270402407 0.331950712942172 0.135241492013083 0.162433371093714
0.239292794701576 0.296210863976794 0.170471723819613 0.125203808531057
0.192231360807647 0.328524258480856 0.168137372848745 0.161153008579411
0.0144757546166945 0.444772292723956 0.110272785835859 0.187438594454963
-0.241959648928206 0.38589964243954 0.00972958190051911 0.218866182582257
-0.431596294532348 0.190970950254259 -0.139951832403233 0.159441351048124
-0.421672516452858 -0.257252622330099 -0.232823336347088 0.0227515622479572
-0.0763170352567114 -0.56868749707101 -0.0853842229580326 -0.0217559048696504
0.183696915840525 -0.565241407647272 0.0311075513743232 0.147989281428644
0.0679262237124539 -0.463479775436066 -0.322283111802139 0.339219938513293
-0.241266962098339 -0.432791232247052 0.0863996755676096 0.385769193549941
-0.411796394581576 -0.0975774686998271 0.153626079957461 -0.00900939600820892
-0.293819873068331 0.230528695662061 -0.0412830707762844 -0.0824060972669718
-0.11318214856121 0.315189017750021 -0.14489795029921 0.101724492982008
0.0441190372775026 0.309952675605861 0.00539378016577008 0.28157480817106
0.166466943562179 0.253180545157348 0.199355633949527 0.27733872370547
0.15607573145464 0.223702447297962 0.246361863062352 0.225355509405036
0.108366926248553 0.241930130231543 0.224824315077555 0.259113591841556
-0.0179585684068595 0.29987849628849 0.129558619345578 0.281426372604233
-0.170900215117125 0.229162449168295 -0.00662443684691385 0.272292087810923
-0.247942280541322 0.0951718478676081 -0.126427587468255 0.168842087858991
-0.240292197046247 -0.139646201775906 -0.192404736595212 0.0690696226892929
-0.0554136100683721 -0.359279259027031 -0.0696948533977643 0.0826845111943426
0.0942079362873225 -0.418723431544072 -0.0336487867368908 0.309685349372961
-0.00495939134805974 -0.293493658670997 -0.368572204744128 0.516381658873844
-0.181577776714409 -0.232816796427166 0.102833484312151 0.514243874395892
-0.231621020373124 -0.0115733089905303 0.173767087854723 0.0767810866065527
-0.116363325545119 0.120324933410678 -0.0167070755704034 -0.0466522092068526
-0.0488278626575382 0.139522107163804 -0.145196519161197 0.146584007029965
0.0131494345322593 0.145925203739724 0.019961138042667 0.349482280707027
0.0667578225060283 0.133850215024711 0.230054169248056 0.348929751703071
0.0473361583818901 0.119138694518869 0.286012854573631 0.291604836862891
0.0133342637366101 0.124507191936181 0.247668270458583 0.315441415226168
-0.0416355932199503 0.126459861510236 0.127130142881651 0.327026519941778
-0.0819993890828652 0.0623941959926589 -0.0217135793292408 0.280128404696044
-0.0592333387444221 0.00750249953950583 -0.100814790612947 0.152138148054985
-0.0658875991731885 -0.0158521918321448 -0.140165247530645 0.090150082406538
-0.0463856515725982 -0.129630409854164 -0.0503325659791562 0.137722941029997
-0.00626861596907739 -0.229296475529348 -0.0658747012673674 0.407373293779865
0.0765635715764415 0.0145517210224909 0.0607080371840351 -0.44601671184043
0.0495158005552459 -0.0938762699191578 -0.0496886046870251 -0.200624475678612
-0.0751094122600808 -0.0735118179875344 0.0594522453111592 -0.0965837696662768
-0.0993030863291872 0.0625542007726946 0.0545664516608699 -0.110075192326492
-0.00719357882383068 0.0846254543588266 0.0431346980340387 -0.226094268339316
0.0445209731584086 0.0515628793872268 -0.0983396401793694 -0.323224225191013
0.0635244082118704 0.00634182331767803 -0.232282031466256 -0.3204110638694
0.0711646907608779 -0.00225637222548902 -0.276659645400669 -0.294617031594001
0.060459130459578 0.00571497449163695 -0.223291208583725 -0.327472189877274
0.0241526089040282 0.034641846675376 -0.0670731367121054 -0.331592000746332
-0.0202682574819701 0.0495667705313108 0.0935538865412247 -0.198214269850859
-0.0696747901633286 0.00348090896366967 0.00520216742643577 -0.0136115896164069
-0.00397028572073302 -0.0915775104668161 -0.124296148392814 -0.149802003017332
0.1188659128408 -0.0281721842478183 -0.0770350416454122 -0.484141761027436
0.087876813251722 0.0769532213279686 0.380706239010495 -0.59986301850042
0.138488393542629 -0.152126160202886 0.0363225306660577 -0.446843043561255
0.0205713092286643 -0.243291832219568 -0.0556697247244097 -0.200789880184275
-0.16952940161565 -0.136251130918317 0.0337964935731319 -0.124576399476109
-0.208302082366262 0.114343124922422 0.0181945898007934 -0.100507560454578
-0.0704405065046315 0.203260869764552 0.0269990926023893 -0.191296967475252
0.054481934600722 0.191893756343613 -0.0809077298392377 -0.277050678248754
0.147485579974955 0.130681360559693 -0.186436509668597 -0.285886097015924
0.173286874928205 0.117283473219153 -0.228401501940128 -0.271445399436488
0.160100461956718 0.142828254043218 -0.183739515601977 -0.293221171693046
0.0548188732120702 0.231655660135473 -0.0524567911588607 -0.298976769032068
-0.112901565906073 0.2317253046346 0.0794659366644382 -0.170043432998561
-0.267717290402179 0.107367949286188 -0.0360392132665319 -0.011024468673137
-0.218519167453359 -0.206016875846606 -0.167171997963604 -0.174989171840747
0.0566473826609995 -0.298446329820847 -0.0770356687663224 -0.489845624927212
0.168999581972258 -0.186571494265163 0.356879211028115 -0.573047623955092
0.179412376148792 -0.306405054118383 -0.0169748960029878 -0.390517844797129
-0.0296029349104554 -0.377368905146938 -0.0535969938417857 -0.165967703219704
-0.267360873035443 -0.182465755940306 0.028932099036141 -0.148147772242178
-0.303248182732701 0.16841850936821 -0.009129552751409 -0.110759192470002
-0.124964279034299 0.309626103616078 -0.00631374047806488 -0.158804953245352
0.0602383180021831 0.313309168883528 -0.0678887094240288 -0.202679041611239
0.213243961397365 0.237127671107229 -0.119814319911813 -0.210798984215757
0.249500375813248 0.220203252914352 -0.145380735565666 -0.205872927334444
0.231981412739291 0.25880781051131 -0.110857760395437 -0.211994617560183
0.0720872420917719 0.395715086205079 -0.0216905190118083 -0.214179943081793
-0.194027074514245 0.382722535876455 0.0624037959172032 -0.100123318709964
-0.435536651484568 0.196069053566091 -0.077192141189223 0.0173493599947084
-0.405611022978883 -0.29560721296368 -0.211272837840062 -0.160278124492957
-0.00848734227021188 -0.528425920680099 -0.0883205391700051 -0.432019299681455
0.227397869136566 -0.418359250291495 0.297405281049787 -0.459505037384669
0.190583356871459 -0.438905216039464 -0.0909810722774915 -0.272927193232232
-0.108144060094106 -0.488868258863654 -0.0355976490679357 -0.0817973228717458
-0.380712484978106 -0.202360614195636 0.0470633399312532 -0.156407291857649
-0.382787429020663 0.232998209604034 -0.0282823420103945 -0.128441959826512
-0.159520720799497 0.400737751971671 -0.0508173726229596 -0.116687410452599
0.0681071368347749 0.402727148330541 -0.0573652273366359 -0.0990905798384174
0.254847953115772 0.311575020017186 -0.0374946615297089 -0.103384197585018
0.288399621866737 0.286711788394216 -0.0402788931567774 -0.109024596655108
0.262681802579469 0.333522409798015 -0.0152017743412918 -0.0975083634440463
0.0725471134490093 0.496514526134206 0.0226939050361188 -0.0896688107117834
-0.248571264420584 0.474917279525503 0.046481749715944 0.00240399164248236
-0.533764358540991 0.251645936320755 -0.110637598937562 0.0664506573460607
-0.521867746162488 -0.337775632473223 -0.241115314513918 -0.108313800646814
-0.0622355322919016 -0.668644987962805 -0.0978047423577663 -0.313610275999867
0.251435583005291 -0.567829017842951 0.212454783438072 -0.279314586887307
0.171446431354031 -0.523649876757526 -0.174133772399171 -0.0956917354090027
-0.194606700023992 -0.553203713296384 0.001798461693008 0.0527565349977087
-0.473341216465022 -0.191541102413626 0.0810140691492556 -0.139173795657761
-0.421293508318568 0.288626731712306 -0.0441814199883926 -0.135151677506749
-0.165616866410552 0.449898683109341 -0.096571651621045 -0.0529882827771481
0.0741169793225167 0.44106228634641 -0.0413174917596173 0.0298535255099441
0.263199038400408 0.3420188808524 0.0513138396613549 0.0242266581995707
0.284456867959386 0.309651591215972 0.0695742381671904 0.00494032046380248
0.248473044294458 0.352411239844097 0.0835817725758911 0.030700818584343
0.0551738841111947 0.509876947486048 0.0716133739834659 0.0518419208089082
-0.260985879157687 0.474892495130379 0.0314681936308771 0.117148506088611
-0.527334475776172 0.253823199120661 -0.130016194468569 0.122478697934779
-0.525302326036817 -0.31990122557153 -0.247264621123289 -0.0342845001359955
-0.0888710535748172 -0.676496221140127 -0.0988994698280144 -0.161304662609916
0.232042811805348 -0.611603050677466 0.117254844602132 -0.0666753630187265
0.12412230381192 -0.532652295151265 -0.252331285681573 0.120396247043473
-0.249010885047361 -0.534742114189607 0.0506373461177561 0.216934031145152
-0.490143042662763 -0.151057196839078 0.118641332907071 -0.0917245970978996
-0.390431762091838 0.293109077526037 -0.0525593586682773 -0.118824717158727
-0.145868801450868 0.423293220328996 -0.131046731352836 0.0283809714984342
0.0702025286848118 0.408755695030251 -0.0168661489898241 0.164647252766193
0.235738941384268 0.317651366671558 0.136093240544265 0.153725296503455
0.238581865188803 0.285399364878051 0.169214402472049 0.119021820062202
0.193758068870512 0.316139118796391 0.169987780285349 0.151933444343088
0.0241852376236955 0.435360665312415 0.112859945539511 0.180287044198476
-0.226667666521934 0.381936848147797 0.0178850757845857 0.212984132378124
-0.411702199676453 0.193424164387211 -0.131591148805157 0.161506297230814
-0.412367409030368 -0.243589771772892 -0.225852591908349 0.0353057075556156
-0.0807306316263097 -0.552870352288349 -0.0879160651153581 -0.0172624766691145
0.174454919654663 -0.547906973807049 0.0318622274192167 0.137391808001039
0.0615775106023785 -0.448785503867561 -0.315768837431503 0.334299613637551
-0.241399891248189 -0.419918407648445 0.0909709717086545 0.37622592388373
-0.398791611817317 -0.0881244861221986 0.148430611235248 -0.0174420132383621
-0.278448685145129 0.228590576871406 -0.0470933961194039 -0.0843370068812936
-0.103237074464314 0.308111881401201 -0.147535773916755 0.103760229550563
0.0489544868730051 0.30245867261849 0.00951053536385326 0.27742616373546
0.166598631772614 0.243097677644673 0.200512387139756 0.264283892655011
0.155629205144864 0.216053747849476 0.245202990576336 0.21517709260269
0.10951814224006 0.234360170397853 0.227506865112775 0.246507770028111
-0.01154696577012 0.294177951859687 0.133795795199496 0.271221558589111
-0.160950280084633 0.226313762508964 0.00351339177763465 0.265166090729104
-0.235367248787853 0.0942626503412839 -0.118063293233646 0.169261422491653
-0.230892712006254 -0.131577226491152 -0.185232686392279 0.0794123583900941
-0.0588674751341857 -0.347936537008545 -0.0698375127874054 0.0846573335436675
0.0872040610199777 -0.404135728074585 -0.0285686855621681 0.295554308662717
-0.00924070520178305 -0.284081750676284 -0.360406382706237 0.506485808497809
-0.182080395639875 -0.222949065184175 0.110105094803548 0.501204609435365
-0.223178736530575 -0.00633047044133703 0.172161734873248 0.0678771588733121
-0.109657707992512 0.116908727776932 -0.0203319782007039 -0.0509372039806227
-0.0447402683351123 0.135309299795894 -0.14611540955575 0.146325725398249
0.0147370584174785 0.141930317184909 0.0248504495105669 0.342128271163347
0.0666288421990971 0.128959774172881 0.231782030783392 0.33514528315176
0.0472245164472333 0.115576491462808 0.283755806241344 0.278554459909618
0.0141195088540817 0.122290401460317 0.250736157364436 0.301830682619217
-0.0396936142920529 0.123842235355971 0.133635417908954 0.314206213736433
-0.0786755379938269 0.0594389817900026 -0.0106744061752785 0.272631477451378
-0.0541985376158879 0.004182317129133 -0.0915993461006342 0.151888136340558
-0.0582627337887387 -0.0130411160634917 -0.133706627649851 0.0978209833149769
-0.046703609312107 -0.122938227114282 -0.0478924630002602 0.13734376718092
-0.0105959682970654 -0.220942260690194 -0.0570819891973122 0.392740774601597
0.0763415605134899 0.0121271667024737 0.0606060515974412 -0.431356522163575
0.045973258379149 -0.09601248794555 -0.0463473987801512 -0.196562219065474
-0.0767211785504786 -0.0713409758258358 0.054286508415446 -0.100347423526068
-0.0972924128072521 0.0661309119859548 0.0470560447973256 -0.107786189007518
-0.00560215122190966 0.0856949920772686 0.0366218663347978 -0.218792733423187
0.0469877003366955 0.051256091382464 -0.0995951339926508 -0.311093285745246
0.0644574137449566 0.00610378113898346 -0.227172353514464 -0.307314114140717
0.0709425871760232 -0.00429584332450936 -0.269585430578922 -0.284940432868581
0.0608498810037807 0.00465945535579593 -0.217964603641864 -0.319909598751986
0.0257720519426155 0.0348913105365453 -0.0671285513384651 -0.323971569562293
-0.0192395089541483 0.0517287957607628 0.0924879400548491 -0.195182394448641
-0.0695765528443563 0.00660475267172476 0.00749926838440967 -0.0110149429765051
-0.00758083923906196 -0.0901298832458757 -0.124314336540021 -0.143806667061844
0.116810289905739 -0.0310458297474603 -0.0810197571519755 -0.467622832541189
0.0864797435498419 0.0749842828359091 0.371688737451818 -0.5826015188647
0.138809392835735 -0.149068027464349 0.0350558272779022 -0.431796699403352
0.0183325952959906 -0.241167333816383 -0.053207124102754 -0.196187806208139
-0.166979500870183 -0.13356577361588 0.0276272679394485 -0.127405018656648
-0.20149230835236 0.115375521701408 0.010963660772012 -0.0972358241654754
-0.0655584789567791 0.200691143567609 0.0199246606990954 -0.183662093107889
0.0575038158339914 0.187815521759147 -0.0804989973961738 -0.266622455374305
0.147946431261189 0.126337049874221 -0.182432033891692 -0.275214157106647
0.172092820532748 0.112049596631724 -0.223770361547879 -0.26234308953958
0.158569106555242 0.137627137310777 -0.179358736766824 -0.286771990597047
0.0573739284793964 0.226539113874283 -0.0530655301742859 -0.291786923604804
-0.107935592534906 0.230941129100247 0.0788958324444715 -0.166726246550801
-0.260352836985634 0.108345906607343 -0.0339900559203343 -0.00698505847738071
-0.215854784521949 -0.201227275185596 -0.166238465732711 -0.167122367917057
0.0552790789167796 -0.294015705301656 -0.082828865372475 -0.473527832487602
0.167584665921688 -0.180670769839264 0.346336785644778 -0.558292822460546
0.179759883908738 -0.299132958793018 -0.0187908729289317 -0.376001426627052
-0.0300853425532869 -0.370651583858305 -0.0517914820782111 -0.16094489699298
-0.26022021478193 -0.177745850631756 0.0215684717037739 -0.150446489820787
-0.293660734854306 0.166029590247724 -0.0161205806426023 -0.106787274514423
-0.116807247153862 0.303026787773707 -0.0128784650168905 -0.150643032036316
0.0635338535310669 0.306707219206874 -0.0682331432934708 -0.19369961472317
0.212092512875437 0.229421728095032 -0.117186730569448 -0.204403097210256
0.246535621348352 0.211643335444901 -0.142080391709212 -0.199246031274808
0.230050244921361 0.249909566748908 -0.106150270873922 -0.208623580179939
0.0753775115580392 0.385831557703299 -0.022059272678302 -0.208569759906806
-0.186413538195274 0.377856495921151 0.0627078764119225 -0.0982610955697232
-0.422183293777024 0.194936184414866 -0.0745212389244654 0.0219991506387426
-0.396703336498146 -0.288632265814755 -0.208887264923529 -0.15084221761289
-0.00855960882799087 -0.518253771619334 -0.0927613357199702 -0.418485818797264
0.226272681303827 -0.403352768963004 0.289179930814408 -0.450764746073818
0.192423808138996 -0.426755621578439 -0.0930725225845784 -0.262161877940002
-0.105024956111718 -0.47895424817868 -0.0345427529006226 -0.0779649720067761
-0.368302782284644 -0.197898875859772 0.0392544402796093 -0.15908412942721
-0.370393693015131 0.227558205187639 -0.0352409152823695 -0.1248635497255
-0.150111547926695 0.392297897203956 -0.0572112952191167 -0.108829052090761
0.0709417680967431 0.394915410585718 -0.0574411354127932 -0.0920071381743912
0.252253770273855 0.301124560570865 -0.0363269272790093 -0.101206058221079
0.283548768113537 0.278311555969601 -0.0394762532043796 -0.105416772661214
0.260613107142303 0.322979126063199 -0.0126216162160617 -0.0977399808604088
0.0766291291202535 0.484672148308335 0.0218406204338535 -0.0874193263847595
-0.239125435506877 0.467487102990752 0.0478428853209454 0.0014288356938563
-0.516564949663793 0.249170303213458 -0.106247777418366 0.0706013868287378
-0.50969691525842 -0.328500705353744 -0.237169371168476 -0.0980213631192992
-0.0630828085490432 -0.654491938919946 -0.10268255337705 -0.302475860578454
0.250674493410166 -0.548957924157112 0.205479930551834 -0.275737014879798
0.172953988378125 -0.507760946109867 -0.175577632712966 -0.0904028464951617
-0.190851525498235 -0.540702023385079 0.00214230728912108 0.0526716021067486
-0.458361496878548 -0.189214546187299 0.0726418248396603 -0.14249719917525
-0.407949710054297 0.280338982306945 -0.0504647338614956 -0.132459757688964
-0.156974065014613 0.440230081295833 -0.10250297831049 -0.0464878955172832
0.0760621104511758 0.431333521947168 -0.0412900953448004 0.0333300765173462
0.260639756254273 0.331374667094318 0.0510674420127263 0.0217931359125444
0.279822253211599 0.299756658252533 0.0687713906613005 0.00455202444800835
0.245549663619485 0.342360433554354 0.0849116362907831 0.0270128472014361
0.0602428039432075 0.499129466245298 0.0709050514237001 0.0504434567904156
-0.249701171460113 0.467931141746312 0.0348374959155798 0.113401185850227
-0.509908853850872 0.249590543319292 -0.125336869981697 0.124323370245618
-0.513067747177294 -0.310533321682231 -0.241017156023785 -0.0245036250016642
-0.0872393523785604 -0.660409056151593 -0.102111905979563 -0.153863846572181
0.231279404761879 -0.591298586409195 0.112067216162359 -0.0696379682738219
0.125938779035411 -0.51567462853798 -0.252757033411433 0.119491237201505
-0.243630174783886 -0.521263706498497 0.0501768680536714 0.212264385603397
-0.473941191803434 -0.14756352316827 0.110847333859627 -0.0965090102699979
-0.376673678328006 0.285287337969686 -0.0584010617638705 -0.118114430470626
-0.138081785089977 0.412753932061194 -0.136725980147501 0.0322301496075095
0.0717155621960786 0.399537186149782 -0.0162539360854755 0.164377058349393
0.23090821960111 0.308363043214887 0.134109218808595 0.147181565106908
0.234818173734616 0.274640439840494 0.166412743622151 0.114915944452804
0.191427193973263 0.307621355360856 0.169353582643088 0.145320995611303
0.0273370570380315 0.42616763224323 0.112648734231934 0.175265383045892
-0.217595324535653 0.375330883260185 0.0225753305692984 0.205969097551922
-0.397713165972001 0.187637656214836 -0.12510498551707 0.161744697192129
-0.397525625907194 -0.23592906220338 -0.219521266859259 0.0440009055514102
-0.0806105244862496 -0.540600257889131 -0.0895579500280868 -0.0131493525958003
0.172802014528094 -0.529150346525963 0.0296617649662153 0.127346342202553
0.0632289517357736 -0.434790433826891 -0.315188041424862 0.3270623466853
-0.237987680891201 -0.407220537994183 0.0909466942612378 0.367971298136584
-0.385516934936603 -0.0836110250066432 0.142629841501473 -0.0230047732299124
-0.268119339881231 0.221088049209129 -0.0514518969390609 -0.0858455924727302
-0.098294922217338 0.300703635042913 -0.151084807702384 0.104873245982286
0.0491387228218391 0.295572575983015 0.00907176301591405 0.273392870305628
0.163062584433397 0.235643087117671 0.197839706892573 0.253494052683038
0.152094467476964 0.209520764704347 0.24107716640881 0.208013236685653
0.108115565831336 0.227952121993763 0.225774373496356 0.237007172348474
-0.00884189911062341 0.287279548220852 0.134851035552156 0.263390787773285
-0.155436772180151 0.220196440107339 0.00965443506938711 0.256985354150169
-0.225384473617683 0.0890375388709931 -0.110223190171835 0.168020353367669
-0.219583708670139 -0.126865337196013 -0.178265288415127 0.0861726482376503
-0.0584761370009591 -0.336876744733115 -0.0696107741974781 0.0852125945940407
0.0843699516010964 -0.389805790293454 -0.0277008044673854 0.281629584488979
-0.00853575616687097 -0.273859375972394 -0.356526414386045 0.495346494548623
-0.178681956169008 -0.215406599518329 0.111469621478538 0.487832988640358
-0.214386850285185 -0.00393154427036331 0.168570603906136 0.0608535997054556
-0.104995033506907 0.111529615639709 -0.0244417147055406 -0.0548430305055662
-0.0430467054614283 0.131339725110827 -0.148446158967325 0.144989990403199
0.0144105390069476 0.138043122451846 0.0243467411015134 0.335656268223167
0.063734267729299 0.124402607192027 0.227104394499109 0.322585511391827
0.045597538512145 0.112875856751402 0.278538095717763 0.270097322772849
0.0136236537351881 0.120229620285046 0.248583912961346 0.289593030346286
-0.0386073050682399 0.120778201958865 0.134888664558929 0.303879036925787
-0.075985394002858 0.0552975599201356 -0.00470043305056029 0.264519377007265
-0.0500836878435901 -0.00018875788463419 -0.0832357889460458 0.149038222372299
-0.0507118402657194 -0.0115372405220186 -0.127447420787075 0.10357126688901
-0.0459129756626896 -0.117104147624727 -0.0472170610509943 0.136072770744253
-0.0123022056105364 -0.211666243458061 -0.0539066762552073 0.37579779025177
0.0768299439173228 0.010739413293228 0.0658581857231435 -0.42034447857279
0.0439192328626133 -0.0978246833084669 -0.0404617902882815 -0.195758336704953
-0.078286738688888 -0.0708783190161516 0.050883408485811 -0.104817391462876
-0.0959091360832748 0.0683318016407159 0.0413496028193049 -0.104824164137741
-0.00428993714546353 0.0867469689425543 0.0332573208038775 -0.212721449393535
0.0484365107878109 0.0513941362823771 -0.0981742734568661 -0.304794434437706
0.0663228216431377 0.00604582266496816 -0.222799941419501 -0.301539442506524
0.0713182144323034 -0.00537097889787611 -0.26548702881919 -0.282637771007779
0.0617906095633816 0.00424549659724796 -0.212766753126502 -0.317379069784705
0.0266341657467828 0.0361607295319002 -0.0631470175271195 -0.320870106654265
-0.0185009838215669 0.0542691169308858 0.0961654508550751 -0.192582324011443
-0.069797957043266 0.00879374185749751 0.0105203863578769 -0.00816005778575501
-0.00891199579759812 -0.0895920026657153 -0.123489856190665 -0.141203449671992
0.116664110494009 -0.0322968833131341 -0.0798185912050171 -0.459019440973611
0.086680108455829 0.0752437774952221 0.373876579610103 -0.56653178385004
0.141781303940667 -0.145755571738893 0.0395786051257211 -0.419856070423866
0.0194113558809815 -0.240007015832866 -0.0482355560874003 -0.193702867257506
-0.164496275143436 -0.133869563152041 0.0226430669228613 -0.131151608306202
-0.197851102332799 0.114549065738246 0.00540079407289043 -0.0939911372342859
-0.0637767699826006 0.199432802851583 0.0160956834050275 -0.177122949825377
0.0580732884234777 0.186501345454607 -0.0784059250088101 -0.259625671414063
0.14760201797962 0.125346591201347 -0.176693780053444 -0.270542665911446
0.170757596213561 0.109915135353879 -0.217558030321454 -0.259751466296858
0.157614510005759 0.135771080433452 -0.173085905603318 -0.286502398761245
0.0579628738087467 0.224514480423895 -0.0506898664296744 -0.288027311066634
-0.106413690625539 0.230396028972355 0.0814381507798707 -0.164439845677435
-0.256980070968441 0.10617208335352 -0.0323470050147756 -0.00287745783902523
-0.212438682857674 -0.20043173237439 -0.164797530272772 -0.163433763848899
0.0588458654741092 -0.291383355508387 -0.0817075692556213 -0.463983929468752
0.171316946517998 -0.17389562468505 0.349382744262796 -0.544255119818941
0.186804697930663 -0.291427185250551 -0.0155541272301683 -0.366486630547775
-0.0251343094815985 -0.367552548512098 -0.0477917471392051 -0.158630120503995
-0.253888445181757 -0.179934249607998 0.0159275139425576 -0.153603354365987
-0.287481207643711 0.162125877276902 -0.0216852072878628 -0.103806696768122
-0.116166835859591 0.300632035510191 -0.0173203145871568 -0.143712895211663
0.0635476020784991 0.30330167099305 -0.0663086661822993 -0.187671582443713
0.210187451352131 0.226834956373844 -0.112309926691466 -0.201366436651423
0.243428884089418 0.208409216938275 -0.137174331522309 -0.197021509941562
0.226986728944497 0.246906784028117 -0.101498340857573 -0.208473867968892
0.0744353608523477 0.38131063709243 -0.0209458727175217 -0.204910295748485
-0.184203990426864 0.375429835058651 0.0655827308019418 -0.0976455441142147
-0.415601399534621 0.190666777068172 -0.0727649635048288 0.0260150032159677
-0.388813175040518 -0.289358012027298 -0.206490553744468 -0.145839990407985
-0.00333269637587691 -0.513327380062485 -0.0925842152492971 -0.408213780644073
0.23298922912847 -0.390190173699159 0.289711454120083 -0.439571010937409
0.201722667708855 -0.41561394660018 -0.0922802035442097 -0.254710042887285
-0.0973600246809563 -0.475149227386661 -0.0321805350297268 -0.0771933226867785
-0.358559349265291 -0.201002507543297 0.0320826671574442 -0.16184839247983
-0.363407816085774 0.219913388901946 -0.0410624352932504 -0.122124794210748
-0.149149659358974 0.38692055946248 -0.0629082724450768 -0.102530705857556
0.0692688724947376 0.390830784936328 -0.0561157707448693 -0.0871246647434092
0.247741798699817 0.298156644399905 -0.0341403289333491 -0.100866578807435
0.280220480307279 0.274364690071525 -0.0365818039853844 -0.104615000445295
0.256325607593229 0.318703072458835 -0.0097930219373356 -0.0985609220331483
0.0748714095713469 0.480036551075611 0.0225669759965607 -0.0850636218623844
-0.236755679154768 0.4632958991881 0.0501120956326077 0.000517956176620781
-0.509106963693562 0.241537737948545 -0.104347180669092 0.0736008848375593
-0.4988801835178 -0.329664877823271 -0.23314913739234 -0.0926410508319496
-0.0532271241053123 -0.648303464052798 -0.103845718817893 -0.296078079209591
0.258013120618712 -0.532775639201774 0.204220990044735 -0.272623299311611
0.182729728564879 -0.495187276343652 -0.176868201480768 -0.0872947327505419
-0.180425731194741 -0.534806447279104 0.00223465188165098 0.0529810315354095
-0.446692018169775 -0.191826655296656 0.0657743610135865 -0.145812370614531
-0.402373563777655 0.27150449750494 -0.0555741025124086 -0.131396597226263
-0.156699248210229 0.432144331202583 -0.109067611381812 -0.0415930061183351
0.0747725069839221 0.426436934115517 -0.0407042095048996 0.0371479445240472
0.255672556151244 0.327405392721637 0.05093643844135 0.0196508796694438
0.27605486885735 0.296695972425831 0.0691830415520173 0.00451693502095928
0.241101304033983 0.337966642638217 0.0863568674978821 0.0249723328804208
0.0575301387913333 0.492822265276597 0.0704640443857113 0.0510162706061487
-0.247195631784305 0.462255056411508 0.0362791230792163 0.109700157613805
-0.501333019998385 0.238990404143464 -0.122419407056634 0.126072650931192
-0.499157444287685 -0.312811594168957 -0.236187890428341 -0.0182368615513413
-0.0779441443514527 -0.653067773582213 -0.104196709760701 -0.148667466967632
0.240127931896908 -0.573868245058988 0.108653578219316 -0.072177286631403
0.135399892469154 -0.502941671019731 -0.256489801541647 0.117619779024172
-0.233852680482814 -0.515563327083426 0.048504842226778 0.211108531377618
-0.462431946974557 -0.150324071968006 0.104682286214595 -0.0998363321010153
-0.371187960772973 0.276114336455837 -0.0632696235550691 -0.118555780587389
-0.137676368391301 0.405515195978719 -0.142956104856076 0.0356187019542574
0.0689444859445695 0.395436723369431 -0.0180503596763582 0.166554282955326
0.225345353459759 0.304586741839408 0.131470986589808 0.142973396823377
0.23037953061948 0.273238600525586 0.165177601828252 0.114381424361137
0.186247924078994 0.304754854336984 0.169103818389514 0.141185050761436
0.0265580035827896 0.420471133367485 0.11130031440619 0.173458323191013
-0.215307489480015 0.368645374829638 0.0249325207399771 0.201598808617951
-0.390003469530466 0.178855641697489 -0.121643696885676 0.162120746873938
-0.38550205698808 -0.236691317245087 -0.214651141334799 0.0500371860494786
-0.0730866195416826 -0.533167317890905 -0.092324325965741 -0.0110245111925769
0.181427035646843 -0.513753650184851 0.0250624443661418 0.119784675213545
0.0697739221271725 -0.424790020971796 -0.32094176401098 0.321133706240863
-0.230412530122795 -0.402862047972504 0.0877089952691859 0.364254141993341
-0.374533420750912 -0.0863662795426317 0.13784764345535 -0.026787264996331
-0.264657551101951 0.212097197671993 -0.0552892038899177 -0.0884034886286589
-0.098091029496242 0.294465226272735 -0.158182184311343 0.106099573587811
0.0469317463045059 0.29209936762323 0.00579918879513158 0.273558017836927
0.158416400778457 0.232467710118625 0.19265710978351 0.248926399899635
0.147752202380333 0.207223067020947 0.23733484885587 0.205833653105456
0.104457606647245 0.226412076669127 0.223281608048786 0.232214408650196
-0.0105318532172802 0.283734531656738 0.134599105711374 0.258655734121281
-0.15374667475173 0.214387416047308 0.0120721090548905 0.251069941047998
-0.219325642755297 0.0830342435529611 -0.106021505404332 0.165963008298643
-0.209875741831689 -0.126949461000631 -0.173171938798469 0.0913876010290097
-0.0537424409250382 -0.330100621505944 -0.0721553632155438 0.0858027326980077
0.0900990939415287 -0.377615353982613 -0.0311793005870468 0.270343058977315
-0.00490482320391997 -0.267374523367921 -0.364528595108273 0.483010221112935
-0.17391054181942 -0.2117990110996 0.105573849095824 0.481287718883497
-0.2073840318093 -0.00440126440644932 0.165614367360699 0.0567684259230475
-0.103379302662555 0.10689227375134 -0.0275708941005891 -0.0582161228091718
-0.0433465945026813 0.128179933075795 -0.153727516549526 0.143413519661559
0.0123583978200965 0.136979090036014 0.019718149317823 0.333671124180985
0.060587230695006 0.122789523364969 0.222128431359668 0.318189305910638
0.0428273318591966 0.112267087722891 0.274544315207327 0.266816175774466
0.011796303336166 0.119482607445696 0.244326652042855 0.284752781833624
-0.0397899968349251 0.119388754475142 0.134633240274891 0.298143841367091
-0.0759464206917709 0.0512779845370485 -0.00121778919696902 0.258123893445871
-0.0467986229764642 -0.00507586324119328 -0.0784136221014903 0.146568913370109
-0.0438548600504413 -0.0105053339808806 -0.123441617920659 0.107385188822136
-0.0439685743041182 -0.112740827329889 -0.0490254947457246 0.135760996567017
-0.0115141993808133 -0.205273429100949 -0.0577105028077366 0.361647280351876
0.0782284943869593 0.00987217161499221 0.0759198364633279 -0.416254176640315
0.0423355832285657 -0.101743210936118 -0.035324582228166 -0.199022361619762
-0.0808721195953232 -0.0718464019483207 0.0482647960366571 -0.110775642097315
-0.0964331164356916 0.0719674143019774 0.036344814745136 -0.103841049769314
-0.00386277868190895 0.0898296356161002 0.0305500882260537 -0.210167955542558
0.0502708790925852 0.052041315846681 -0.0965761442607497 -0.30505641798213
0.0695586133692227 0.00599894025525904 -0.218687633662805 -0.303268960393353
0.0731406492500155 -0.00641597508623051 -0.262394286259084 -0.285981984685343
0.0640696293156834 0.00404731919788355 -0.210081433154379 -0.323452723432324
0.028250682081773 0.0372067227732687 -0.0592146538712624 -0.324306395664218
-0.0176817187864651 0.0582305889350149 0.101422596656449 -0.193640063008898
-0.0715847126299187 0.0104107806207193 0.0128478507447372 -0.00486460577395785
-0.0102408316981762 -0.0907157310168232 -0.124904235148845 -0.141772302936261
0.11850915930499 -0.0340219887157131 -0.0786751361711695 -0.457868454211035
0.0882126706468767 0.076938601167751 0.386099904222037 -0.561153024968739
0.149067536167181 -0.14562905026581 0.0480744467284162 -0.416290849078607
0.0210939219170389 -0.24416839112517 -0.043082921230774 -0.196091185421845
-0.164918228997371 -0.1380024117305 0.0191251513590442 -0.136500376612393
-0.199445532629374 0.115161296202967 -4.40840967952969E-05 -0.0922027298966976
-0.0644151268849867 0.201989521443446 0.012967067569989 -0.173864091240306
0.0599532485792385 0.189012885893079 -0.0767245146011048 -0.258953261935633
0.150743256367988 0.126008971521259 -0.173946242574342 -0.271892992238112
0.172229757882696 0.11092181031614 -0.214569328187428 -0.262439796855041
0.159110662032685 0.137073336631662 -0.168731787389019 -0.291177123722096
0.0573305983652107 0.227495922172041 -0.0466698441359823 -0.290096138659314
-0.107569855764217 0.234150204234717 0.0863014875148368 -0.165132786441793
-0.25949551111935 0.106153817920954 -0.0305725911827598 0.000920993532687382
-0.212333093615757 -0.205558958621607 -0.166561569305805 -0.163593521334749
0.0640529931557309 -0.296303676184807 -0.0807928525542491 -0.464128708757443
0.179641106310396 -0.170217984831819 0.359522643641255 -0.539840574598433
0.198345011124117 -0.291541266648465 -0.0106082336693708 -0.363387746408679
-0.0202204952088513 -0.371939653055544 -0.0446284603530549 -0.159512053326698
-0.251962306325054 -0.186432407992074 0.0105495552517753 -0.159602481011869
-0.289222636651139 0.159983143123902 -0.0274494941901212 -0.101409096455499
-0.117168786846001 0.301414460651864 -0.0215147156073965 -0.139224586825641
0.0645667927582292 0.307013441713523 -0.0647651894370297 -0.185576752021077
0.211940178904452 0.22988402020004 -0.110090494479892 -0.203463985830995
0.244243620133062 0.21079583138586 -0.134464991104907 -0.199716628799633
0.227826724963222 0.249358410281474 -0.097566974642718 -0.213753603522522
0.0732961500823918 0.386492923765083 -0.0177676026563346 -0.205944926195269
-0.187435213135989 0.378828125475968 0.0691604380122025 -0.0986309381554577
-0.419301196081701 0.186842230886515 -0.0719770469753503 0.030123708614168
-0.388568751752344 -0.295751853554734 -0.207713368398884 -0.144292778236958
0.00682916176309076 -0.520227782693578 -0.0947523533424726 -0.408805996332471
0.247252013571337 -0.386588547711979 0.296599255434617 -0.43839247561894
0.216686179771699 -0.41482396531886 -0.0906298719873784 -0.252722501161558
-0.0910931347144387 -0.479445542013174 -0.0297941362744302 -0.0769560431259305
-0.353724235938597 -0.210116939089947 0.0266052969613728 -0.167877215512233
-0.366082089232374 0.216259796262131 -0.0465009574644146 -0.121975388841005
-0.151988052950632 0.388298853930979 -0.0687251736560718 -0.0972946692003147
0.0696014819933565 0.394675433293067 -0.0553450971633562 -0.0830964255966193
0.24906405070945 0.301825952861604 -0.0328620203553332 -0.103027294237067
0.28086593333997 0.277082353304985 -0.0342269733539914 -0.105564569183192
0.255665632086081 0.322172859920029 -0.00568044184669048 -0.102611835034596
0.0719274525590156 0.482981614408433 0.0250761347867484 -0.0842545390186221
-0.240211268684031 0.465646856297833 0.052639240160111 -0.00080669745996429
-0.512551820814253 0.236437195185814 -0.104758458389985 0.0774493661805901
-0.496593345950067 -0.340389410215984 -0.233683601024835 -0.0893897683926235
-0.0435735312318728 -0.653564579237374 -0.10642750254464 -0.293893175953528
0.276091432347851 -0.526324474683192 0.207290830385808 -0.273496437062721
0.199953233288716 -0.49412592379652 -0.180434549838148 -0.0857925016012727
-0.173472047375128 -0.540614458114134 0.00335119849361463 0.0547196070026453
-0.441802631220537 -0.202844596349672 0.0604408431347691 -0.15147578634175
-0.404672525329905 0.266815561390358 -0.0610554972193778 -0.132506544958751
-0.160318327840179 0.433698400354546 -0.116352760207591 -0.0369402606795117
0.0728912294773597 0.431976839595536 -0.0417085852129777 0.041253039222171
0.255333966455167 0.331805896672171 0.0514945270216392 0.017920698460852
0.274717340964028 0.300354171576848 0.07114323901537 0.00517005868999316
0.240347479438821 0.342550097679839 0.0887194939186178 0.0227646380665367
0.0559532674427569 0.497200240370616 0.0720631219662938 0.0529027197420286
-0.250820741431548 0.463423497649182 0.0379602179937709 0.109348804541573
-0.503347275796172 0.234176495371176 -0.122207305524097 0.130343567880451
-0.495863746586166 -0.32176019926576 -0.236160942169252 -0.0137970253763916
-0.067904812965524 -0.660958713152442 -0.108159907991944 -0.146704859700925
0.257953155419908 -0.56763063600366 0.107024412152184 -0.0751525677579564
0.151317431049106 -0.501366672789631 -0.264680568223992 0.117663727186751
-0.226405170729735 -0.521320578257265 0.0481607394762158 0.21411255884379
-0.457312666351555 -0.15977206282462 0.100331087089141 -0.104796559081924
-0.374926504554979 0.270625088329216 -0.0687240228782328 -0.121690325438242
-0.141057716248143 0.406847341937239 -0.151649850773062 0.0398971963825135
0.0668828780517973 0.399627105222023 -0.0202782687581396 0.172183340143622
0.224211270528611 0.308413404985781 0.130195113773509 0.142697317606453
0.228040189258221 0.275638289162382 0.166602336278342 0.115611140713349
0.186287101565143 0.307437119093966 0.171277687334767 0.140887457349409
0.0231877373937727 0.424836794080995 0.113215172969133 0.175993882837006
-0.218585330047716 0.368198068444085 0.0256204610980875 0.200723472313798
-0.390699314323446 0.172030996449804 -0.12113024594734 0.165138414262961
-0.380508823180526 -0.244856826337236 -0.213755612833586 0.0549445347493874
-0.0651304793479644 -0.535925787407421 -0.0965276012685658 -0.00844500123723766
0.194033571315496 -0.507151542431773 0.0209060232923525 0.115183349182259
0.0805011762449972 -0.422277654075526 -0.334240695997026 0.319377954001478
-0.225836686106765 -0.405186583247997 0.0847154064779495 0.367286504719589
-0.371401221520531 -0.0916247512709181 0.135038242240993 -0.0303739584773173
-0.267833672873385 0.207986907293336 -0.0601399046982381 -0.0919137319725443
-0.100975869237556 0.294656491366734 -0.167597487996494 0.10897113484358
0.0439384270288784 0.295745621242819 0.00230252278358168 0.279226904975414
0.15558408234479 0.235487489503041 0.190769106758516 0.249687894083263
0.145763332278989 0.210050845613398 0.237677179697296 0.208440098589741
0.102269598435975 0.229217413231562 0.224232363193643 0.233805532650451
-0.0131072139132155 0.285165420242156 0.134856815102235 0.260903515628194
-0.156176310786745 0.212149947680696 0.0132913443710788 0.250365151997836
-0.218211085713604 0.0765957483666143 -0.104697378094725 0.167893496547023
-0.203435690736644 -0.130146547607203 -0.172138290285314 0.0980489856759835
-0.0494128705665725 -0.330993510127243 -0.0762397348965251 0.0879703657039209
0.0976310089901906 -0.372292675848194 -0.0377163518169974 0.263847117093892
-0.000431026123602525 -0.265523463625647 -0.378760393276332 0.480968122366373
-0.173379312619198 -0.212233179016163 0.104255501733511 0.485638004535315
-0.204382423917878 -0.00653613402877611 0.165489632959264 0.0543177421439204
-0.104172788695552 0.103882327760394 -0.0309691908759195 -0.0625065429310419
-0.0450131526709268 0.126949797392519 -0.162646542401361 0.145303726641933
0.0100357102160616 0.13840373318433 0.0151013324716215 0.340142267506538
0.0578806858751481 0.124148910953733 0.218148526673956 0.319886791144353
0.0402024304600143 0.113922631395817 0.273580858103685 0.270990738901078
0.0090688175972352 0.121134361602724 0.244022334424819 0.287875841999966
-0.0420029299296655 0.119973991163296 0.135954976615762 0.298881546687407
-0.0781580130534282 0.0473643783757223 0.000650481907962839 0.256731238685989
-0.0447268262660232 -0.0098034873173267 -0.0758051051343819 0.146278554417949
-0.0379513069311008 -0.0109783417677783 -0.121780672570113 0.113463757697942
-0.0428378156668042 -0.111431740261797 -0.0526208953558834 0.137696922692501
-0.0102934806230623 -0.202846948436312 -0.0633313756914306 0.354548907094989
0.0703126092738246 -0.0401604776824725 -0.186113101266518 -0.390888097403756
-0.0289223091151189 -0.107543415597867 -0.150364899845107 -0.148601671182911
-0.111200735173588 -0.0108235349420603 -0.0380156010138215 -0.120821608621472
-0.0360459176805785 0.115441958523951 -0.0369013763147484 -0.0968087483444512
0.0509193040876431 0.0765695652642692 -0.10231782315749 -0.182142484736926
0.0735560573756942 0.012461439634214 -0.262057440706456 -0.184585896990072
0.0606334124416572 -0.0372190102710993 -0.364436804464668 -0.114781930019248
0.0551501573514311 -0.0523609553461317 -0.387376355746766 -0.0730223022761056
0.0537144293162199 -0.0390338081617386 -0.372020800644387 -0.136156314673844
0.0469895054088478 0.0134924169585595 -0.247871395360756 -0.233029489486304
0.0235640001655353 0.0590994496772162 -0.0344199229971117 -0.224098357829262
-0.0534384003619693 0.0558032669959806 0.0126402378626166 -0.0113445203035485
-0.0719571673965764 -0.0698921602523509 -0.190312578585413 -0.0330690882869788
0.0702785460833276 -0.111389473875144 -0.352357936476504 -0.315951325929275
0.129621885690545 -0.000481321405373311 -0.0349075315126286 -0.707056058476705
0.0447626802357649 -0.211443143579178 -0.219613849252012 -0.374316701048523
-0.12475231174539 -0.211609514478908 -0.158893499595376 -0.143746490890106
-0.218086118399779 -0.0193155690459815 -0.0833493129108967 -0.121552283396744
-0.0946164626256611 0.207299635403545 -0.0602353135259206 -0.0594723589612787
0.0670565851350431 0.202356422704865 -0.0922504339338 -0.137694913786176
0.163188979308591 0.117732283445719 -0.21574047395907 -0.156017919892642
0.197947088107423 0.0107573639437496 -0.306381287469891 -0.117410753482812
0.20834908448496 -0.0172303971877785 -0.335149941204861 -0.0838001396076984
0.214439894250355 0.0123465602140394 -0.321568331713361 -0.13524388410486
0.18972885294381 0.151304903226999 -0.216603375858416 -0.211940563443366
0.059541615784266 0.262061652466297 -0.0271269558408077 -0.19081111167738
-0.153078403987492 0.250486999183539 -0.0178325865275431 0.0203167164503375
-0.318121269233092 -0.040686716112296 -0.234862118334408 -0.0233938831065161
-0.140007571189341 -0.29733844911112 -0.35294055209323 -0.320286123351141
0.0529732909143165 -0.268392212237582 -0.0383684873398772 -0.66425544154043
0.00702331138745615 -0.361299521295648 -0.246664409371997 -0.29662471578427
-0.228712619708843 -0.292329892661011 -0.142282929439021 -0.11521525950786
-0.316454596106783 -0.0108416504668385 -0.108166239409936 -0.131679276697066
-0.142665832498899 0.292019938351059 -0.089970561067218 -0.0460692338383959
0.0817391926377924 0.313433655136637 -0.0983922460985069 -0.085811355717215
0.236547472139216 0.211680188905726 -0.158987637384446 -0.100808907423975
0.309358425781298 0.0577577230373472 -0.209990089723166 -0.100983022855781
0.329337195335433 0.0208103723904833 -0.231751534536786 -0.08207546792911
0.341650950048746 0.0635823018320581 -0.215248933064331 -0.115736734579295
0.301308086918574 0.272833875051463 -0.141802156958063 -0.160520024402467
0.083799650124107 0.433496432862402 0.00181837313974323 -0.126693442840143
-0.237454626532393 0.414002219395222 -0.0315099188130625 0.070445064415567
-0.525832159794847 -0.00795098697992729 -0.25326863867342 0.0187604579146155
-0.329083004523517 -0.446887841209428 -0.322705709069508 -0.269578037009144
-0.0264953489852963 -0.493621380743298 -0.021538520515793 -0.531576327890104
-0.045648529593816 -0.475559394865719 -0.255500506124477 -0.156977690789398
-0.344879997123529 -0.339402860703079 -0.0854102878147206 -0.056983961992503
-0.41399499725635 0.0270033298364442 -0.104022608127197 -0.14372736745946
-0.174081568577237 0.380332014098196 -0.118493482636455 -0.0469614178307136
0.10332954657085 0.403118733452858 -0.109618826282555 -0.0219742522512518
0.293125027309327 0.280570894613882 -0.0865308679306883 -0.0204519806836213
0.382983079277281 0.0933295922732159 -0.0834259962823128 -0.0668013803615161
0.400491721659758 0.0547235210176523 -0.0923581279669057 -0.0668496434423947
0.411372916309427 0.1065017173666 -0.0731585716744216 -0.0816826650277746
0.36139733505634 0.353372634059067 -0.0316061460662988 -0.0859235771186807
0.0936338116322492 0.538117084534091 0.0497160915219701 -0.0376749176849974
-0.286150116956258 0.512223970479071 -0.0272000180810036 0.128233739818773
-0.64360834209018 0.022529307459988 -0.236160825572792 0.0806275432491184
-0.454803725376422 -0.528447967800385 -0.256705813933181 -0.169826398373521
-0.0892236529657662 -0.629011446965782 0.0109968833636334 -0.333091889149926
-0.103904526681038 -0.529147785746431 -0.233869138846508 0.0360260555294554
-0.444203004693717 -0.342171349656838 0.0166894610852438 0.0317730399206197
-0.479566660743466 0.0835988523382596 -0.0677728887942404 -0.147496497853049
-0.178583859408102 0.441868901156015 -0.136741283084689 -0.0448018255116491
0.1231755759046 0.445819275588737 -0.111383762200775 0.057722784645701
0.318459262336315 0.308722886488986 0.00193424457652136 0.0743789666947732
0.405068258659968 0.114218655584582 0.0604238926625874 -0.0184919720234095
0.409234444003996 0.0773267852803796 0.0607240257095151 -0.0407622852672863
0.411136528736388 0.134673865510406 0.0824892884184435 -0.0378137487214408
0.3568783973577 0.375661038193147 0.0919356057219279 -0.0026079941676317
0.0830824633190451 0.544560084987496 0.106306023199395 0.0604293003327872
-0.279986436570682 0.503617168342993 -0.00954429884533896 0.181014277091194
-0.631199883523017 0.0386065021595406 -0.188680608310836 0.142628974613276
-0.476640652695684 -0.515131683312832 -0.163544328249676 -0.049295505112658
-0.132136399667175 -0.646781483510856 0.0539191717005791 -0.106357853173296
-0.150442473902696 -0.507111054916238 -0.182501596444845 0.257493703765612
-0.475747976075644 -0.293225042294956 0.149141046043394 0.137184893930592
-0.467330994120908 0.126514120463957 -0.00366334034243051 -0.132060515444152
-0.152629698325425 0.428621502348172 -0.135489033918238 -0.0336247883345047
0.122051595620679 0.412277048496981 -0.0947191488750496 0.139943558807408
0.294240704112547 0.285903051221466 0.0978242491909502 0.166956694299327
0.366347418496476 0.112879140315981 0.201620654456716 0.0360938392608139
0.357104881518229 0.0866889604934878 0.206085110327948 -0.008612205312355
0.344717276668968 0.141178439861551 0.223420365143174 0.00800532171886324
0.285725096574808 0.336630638629888 0.201863123061137 0.0722555225701674
0.048961367742216 0.444231507353091 0.151250438658915 0.142092808810777
-0.222729221452735 0.380563766365088 0.0114395690642196 0.207844699936169
-0.479510083248989 0.0314230186805428 -0.127008617082834 0.184041330616123
-0.393296767776022 -0.409572965160803 -0.0691610749618599 0.0565618831072217
-0.150235311998079 -0.551059064911651 0.10080153764913 0.101022138911006
-0.166815813465453 -0.398541005365341 -0.112242050013738 0.467187994418426
-0.408532116455065 -0.199141315077838 0.275330188378362 0.242474394363627
-0.354000848044988 0.134613566738653 0.0755838130109518 -0.0947295215131992
-0.0989628543983275 0.317187655081074 -0.110842850498381 -0.0228131267119937
0.0900417393831958 0.297422658999186 -0.0677569917555118 0.202632872027812
0.212793893630769 0.213440669530574 0.179249493558547 0.238662249740171
0.265757594312587 0.0953173920412849 0.31519593448608 0.0880715025504717
0.248756929225199 0.0842938079040602 0.320694422887891 0.0233228799426474
0.228238497437841 0.127591626120834 0.325860692848461 0.0491112863385446
0.168101993341356 0.244084968641386 0.272256832630671 0.127988595993854
0.00176648976149637 0.273695033454363 0.1696553257946 0.190211811975397
-0.137007411653997 0.193787532441319 0.0248768384137409 0.200170018248271
-0.253290150633527 0.015869003525921 -0.0686919456173664 0.191440714481898
-0.248001054418674 -0.244065580336111 0.00295000173098785 0.121734799533564
-0.148958464507552 -0.370250431601057 0.142708537012002 0.253022581634469
-0.146966800399016 -0.218667227629891 -0.0409316238421472 0.629341885688908
-0.255972220451 -0.0721167952783094 0.36793258510318 0.331238783058836
-0.166694093423012 0.110092238170523 0.16066908188458 -0.0495571501988837
-0.0270909805876032 0.140963598518167 -0.0681907957485662 -0.0270619845000285
0.0375651197544649 0.128870889680435 -0.0449908789510353 0.224419388776509
0.0917755602471635 0.106287313764878 0.222813868291611 0.27593390081942
0.120278632791772 0.0649256108165339 0.379305462886212 0.128842581504197
0.102584503966393 0.0711972669571725 0.38821597936542 0.0518973185811752
0.0844308160429909 0.0972796837024143 0.375280630075205 0.0814735559843876
0.0404226411058811 0.125589737697126 0.295778934249838 0.158762997745372
-0.0372789392738982 0.0875297820765676 0.161659107500856 0.203369859171572
-0.0440761575153287 0.0151450905699368 0.0325748982704835 0.16280787166231
-0.0334384399807424 0.0131179174647344 -0.0198375763903497 0.171460652496197
-0.102931659847385 -0.0615280915239929 0.047856405091762 0.146395953072421
-0.13669655213867 -0.155750115442633 0.175490554398316 0.334634188235397
0.0714910468979574 -0.0460018043611949 -0.19468430932524 -0.395962685802384
-0.0372884216593372 -0.110369308715873 -0.158579060012293 -0.152920447170541
-0.117805936188671 -0.00601779979612475 -0.0508127335295416 -0.12463461604683
-0.0312932929021349 0.122206303777629 -0.0436745751837362 -0.0924084308838466
0.0574791552863968 0.0783968717806084 -0.110480482242565 -0.177863373372479
0.0782459712536826 0.00909025622862955 -0.274752904666024 -0.179828658605012
0.0632676882170543 -0.0436270310769682 -0.377101641720509 -0.107603624638566
0.0553216549998798 -0.058446149008737 -0.40017474438926 -0.0657663497406691
0.0547487046218311 -0.0448023295081598 -0.389520599389009 -0.132136744986685
0.0510770443945656 0.0125293815978835 -0.261682762568058 -0.235721122867733
0.0303832423773624 0.0614861402094882 -0.0398000769037864 -0.233483310708476
-0.0524745136620096 0.062108638203851 0.0169984177731069 -0.010978263988669
-0.0790843547190268 -0.0692823836293397 -0.1975061023223 -0.0245849909972716
0.0677476163988524 -0.120236097179388 -0.369765483681194 -0.309999510535486
0.135478572459531 -0.00565729469532738 -0.0481753976014121 -0.729336757911475
0.04380236831934 -0.22318395966417 -0.229518821032267 -0.378081605236576
-0.137507525789488 -0.215646259904526 -0.166647316274008 -0.14647628292603
-0.227966913921978 -0.0143580515957589 -0.0976525089132366 -0.122270265874802
-0.0894684764581749 0.217088835296014 -0.0666026693722646 -0.0525447942497315
0.0780907751783106 0.207202210850619 -0.0986080363691175 -0.131190747365591
0.173676284441821 0.114926849950808 -0.224454251107776 -0.152162336132899
0.205803117154424 0.00200989867112892 -0.318237020369593 -0.11331517237942
0.214272542099953 -0.0273972568584246 -0.346596716972228 -0.0779548522047096
0.222124441148973 0.00381546080036021 -0.336198548459249 -0.133381906205863
0.202344974974782 0.150163594744764 -0.227980162601147 -0.214598570527706
0.0730165434079846 0.269010602978757 -0.0311060530111139 -0.198483627271138
-0.149575659575566 0.264484144585171 -0.0128497536430345 0.0247933691212036
-0.331663812795796 -0.0337733108997307 -0.24275199884841 -0.0135540449858212
-0.15298485851034 -0.306916463653038 -0.372340048740684 -0.314355774421969
0.0541368395525633 -0.281197809956628 -0.0526692668307713 -0.682328594983749
0.0035388917694136 -0.377606416279526 -0.25659540479515 -0.296045044132391
-0.245158798513596 -0.297083397917874 -0.147580336317635 -0.11755880701845
-0.328654525843303 -0.00621068791632348 -0.125103002511103 -0.131796630733792
-0.138172023597117 0.305418043806484 -0.0968094379947014 -0.0381553349561133
0.0962099000350149 0.320823380857525 -0.10314482260497 -0.0768508935546259
0.253682874702708 0.209436708130386 -0.163179805324585 -0.0969496693659443
0.321990883404964 0.0476354749350287 -0.219024226557045 -0.0997354222660539
0.34040145423215 0.0101681096534626 -0.239492905168441 -0.0796009244011917
0.353994178914152 0.0528522019342422 -0.226789520566284 -0.116479101276809
0.321628916069074 0.271411067066104 -0.147759943372358 -0.162178799099651
0.101382212755047 0.444602713161129 1.95018983174911E-06 -0.133283457711656
-0.232422393923181 0.433593118865693 -0.0249184966984558 0.0769891962297965
-0.544839572171804 0.00562995312452825 -0.258063501784474 0.0309268531028728
-0.351946262316787 -0.457321020585984 -0.339512045459263 -0.261184310874331
-0.0297060981713763 -0.511814643602103 -0.0348316281877787 -0.546890365942284
-0.0518807364558 -0.493992373936599 -0.263209881066339 -0.151020767769406
-0.365164076203833 -0.344002741926169 -0.0869685415408633 -0.0586002554400921
-0.426255516920031 0.0344494922614812 -0.121085692307938 -0.144102620147612
-0.169032558908404 0.395542353104048 -0.127237691410067 -0.0390862189483986
0.119136536064175 0.412136905240234 -0.113610573520238 -0.0101128778289468
0.313122948330875 0.278828466155758 -0.086475135210952 -0.0164408766302556
0.398643841795023 0.0834618927387742 -0.0884958210035476 -0.068187053583158
0.414197740752597 0.0431628652055929 -0.0961563722833045 -0.0679651835333308
0.426436673443689 0.0963858813349095 -0.0778944678716086 -0.0852796251683595
0.3862685986238 0.355474811130035 -0.0322790534999303 -0.0893404144250587
0.112077507316793 0.553326728075377 0.0513910728902031 -0.0430512124981545
-0.280884285715102 0.534786239639819 -0.0189075942885035 0.135874121856065
-0.665735373174253 0.0384626379252777 -0.23675901246095 0.0939516235348057
-0.481205879359045 -0.536651800246985 -0.268439944315321 -0.159384190681263
-0.0959127696662596 -0.650077460253473 -9.5491686287626E-05 -0.343162904591747
-0.11242481194822 -0.550003538217325 -0.239385627864392 0.0474308880672819
-0.466149694655851 -0.343051858057485 0.0214421723659683 0.030211393269529
-0.493168020148061 0.092269249145745 -0.0833405613304911 -0.148542708312509
-0.172610883092714 0.458495636844686 -0.147103246220509 -0.0376451869606356
0.14020229114517 0.4548445564311 -0.113854189847794 0.0728073481794028
0.340130346946179 0.30933669087874 0.00867829464063703 0.0798325734872197
0.420690567283325 0.104662070058781 0.0601760208141829 -0.0227290330758134
0.424671867083327 0.0667076507960918 0.062312803988736 -0.0458006088956362
0.427793662019457 0.125174236315258 0.0832547739994254 -0.0454270674272255
0.381447377228957 0.379244311509032 0.098270575879256 -0.00693353755665152
0.101837614831387 0.559302644718604 0.111342971779152 0.0560946645621671
-0.275379286304481 0.524395073978732 0.000445357323048086 0.188873676742047
-0.647377386621608 0.0519410019030761 -0.18429487825653 0.157605985793402
-0.50456936437433 -0.521611864168647 -0.170439741529256 -0.0379529576197543
-0.141691529337607 -0.667084651689192 0.0481301768767784 -0.11115625879684
-0.161092173965523 -0.52235203555592 -0.182702882740218 0.275013652337132
-0.496330803918001 -0.291162023876283 0.160296017644496 0.135831864405877
-0.476790108919575 0.137472706689026 -0.0155989937708487 -0.134909833449369
-0.146848399133353 0.443241643535613 -0.146409748087313 -0.0277308494579064
0.137669326361514 0.420178944327736 -0.0956307679029565 0.156898745480378
0.313498218405899 0.28686292354616 0.110252138542267 0.173347687442564
0.379715683752832 0.106844946996942 0.20693271746278 0.0299511248315096
0.370664272871357 0.0802753494982347 0.212362872186575 -0.0167917082961266
0.359841580469725 0.135919606902458 0.230128066177295 -0.00269861032588179
0.305283377502129 0.338749957259152 0.21295225422948 0.066366909048341
0.0617876777058175 0.45605681290266 0.160633663056356 0.137996421534879
-0.220596558399509 0.393904875667061 0.0224768730254806 0.214737560473426
-0.491496837446341 0.0403563964482325 -0.117634873900834 0.197416852317378
-0.414627324397319 -0.413617468188641 -0.0700378399992898 0.0668911147122088
-0.158100943329193 -0.564672598723727 0.0986527151884355 0.101225506380621
-0.175124546905778 -0.407591449599396 -0.106731058968199 0.488666694838656
-0.423644282490417 -0.194357828589935 0.29215405201185 0.240535263132187
-0.35967753186408 0.143093500555658 0.0692167145978518 -0.100328636349541
-0.0946063135875389 0.327051283951239 -0.120831151996357 -0.0188880575769729
0.100463555059232 0.303202225245067 -0.0657901831793962 0.218338244971099
0.227264757260719 0.214495046820836 0.195413236830109 0.244792657509513
0.27617444103447 0.0921839083408404 0.325868615914718 0.0811651708852048
0.257466338961327 0.0816331922048493 0.330955321782698 0.0135952201288342
0.238883777847451 0.126264713645413 0.336788708718513 0.0378917393026122
0.181343655370808 0.247684876974588 0.286594482045221 0.120628672372346
0.00767570081326898 0.281073918321531 0.18134163628791 0.186364623201633
-0.137536035940761 0.198793812654171 0.0354378674433395 0.203589055428155
-0.256534959335663 0.018488722004706 -0.0566715114732696 0.202992493514007
-0.259144084910703 -0.243775385815534 0.00654691467926215 0.130334782105065
-0.156326170222204 -0.376768420824848 0.145168891097884 0.254765191422158
-0.155669351323494 -0.220124790582386 -0.0320814482081807 0.653586454399564
-0.263892873078296 -0.0657042692124762 0.388129747323641 0.328715692783385
-0.166842582148802 0.11550380137347 0.161150603049726 -0.0573583096724887
-0.0250668256857022 0.143877994977704 -0.0776254578001094 -0.0260979670847673
0.0409488821805973 0.13086460881217 -0.0435889157728464 0.238041469403586
0.0976803675259618 0.108175131215441 0.23937290076534 0.282368547745442
0.124771013426335 0.0655550972355025 0.393930783853574 0.123022795755259
0.107419337970586 0.0729899011351824 0.399748358733894 0.0427179820736168
0.0900049404972754 0.09958775832997 0.389158429954142 0.0699518849548217
0.0448975706549862 0.129230276334357 0.310188281826022 0.15012036620154
-0.0398932619099506 0.0905046842443803 0.173194439494785 0.199290773231431
-0.0473850401426566 0.0111838536992283 0.0414105596099088 0.163451347570501
-0.0291017451661016 0.0101326457204097 -0.00755843420501822 0.179421968179864
-0.104670533627315 -0.0581501328163294 0.053493899536037 0.152806483958211
-0.14124563105326 -0.151964011688312 0.180839384950692 0.336501867922367
0.0702879606397394 -0.0529891120925302 -0.210218192104716 -0.392629546735399
-0.0476227100872593 -0.11012711837964 -0.168108547692894 -0.150889814796846
-0.12245113316034 0.0019405721705567 -0.0663868142389221 -0.12405825859121
-0.0225642016322133 0.127653267926245 -0.0510847140531325 -0.0854478399724331
0.0654618286476307 0.0772881058999326 -0.120797971891429 -0.167985511857756
0.081409414813372 0.00317501178991834 -0.286772085855908 -0.164879052680372
0.0625379371917652 -0.0510891050052926 -0.385903010332432 -0.0898819008585136
0.0515243274034392 -0.0652426180186775 -0.408229133527926 -0.0462210472939803
0.0530457706407803 -0.0511291097063989 -0.402920917920209 -0.115474084635785
0.0547746192383158 0.00907366615496166 -0.277850458118356 -0.228956936296988
0.0379547752022769 0.0617274348985175 -0.050500238390351 -0.238417372070439
-0.0487475454614724 0.0690173316071188 0.0215578638463704 -0.0109824866303095
-0.0863495546116163 -0.0654554405115216 -0.201225818071728 -0.0111028783785203
0.0604048202312907 -0.127644386384987 -0.38738672598256 -0.290687907838064
0.138774640040993 -0.0143619204668906 -0.0783655670296257 -0.736151695597736
0.0357151116829878 -0.234037514595566 -0.243001263543124 -0.371798825964551
-0.153745881254156 -0.213183613489342 -0.174568224561674 -0.143881036347236
-0.234031107529219 -0.0025189901394685 -0.113994960423377 -0.117909928479374
-0.0775291562167971 0.225736767917444 -0.0714131346896304 -0.0436940528655744
0.0921335365305105 0.205810540661707 -0.105050564424055 -0.119929558391675
0.184778084147026 0.105462223172652 -0.233113963354441 -0.140174690464695
0.209231104103432 -0.0122309261302576 -0.328163012386133 -0.0990676312552855
0.215334417045604 -0.0410005304716807 -0.353920257038917 -0.063751234193784
0.224711438620513 -0.0108410381201546 -0.349002009998252 -0.120048996609275
0.215372388932758 0.141185070544074 -0.241348103454694 -0.208199248163898
0.0909451308657249 0.269668321925678 -0.0403517353194426 -0.203290107473281
-0.137619169106437 0.276969048910643 -0.00582229557410809 0.0282718539056729
-0.34071251237187 -0.0179837578714634 -0.245926535124123 0.00366543200681394
-0.172278543721865 -0.307066067622236 -0.389516377314491 -0.293630060293253
0.0473341453815972 -0.291730427320074 -0.0830201610444164 -0.68823115009861
-0.0111098651566648 -0.388615695394883 -0.266980794898131 -0.286077363262224
-0.26441628084966 -0.291461841096759 -0.153051000305398 -0.115174104974193
-0.335666836983282 0.00747175236381521 -0.142471013310482 -0.124359563591346
-0.124201536464689 0.316186116500331 -0.101706487013219 -0.0270461158206981
0.115553824156268 0.319663251535327 -0.106174040874873 -0.0642146586204329
0.270369302207806 0.198358088237294 -0.167150436141503 -0.0876529809135555
0.328802895477981 0.0281033363286365 -0.228025626872666 -0.0913294748700423
0.344824173062111 -0.00985758758839239 -0.245586983587272 -0.0708077625306014
0.360519080403458 0.0323372001669914 -0.236946868479257 -0.109049909194165
0.343634453654324 0.259210540588171 -0.155777700265066 -0.159338994884131
0.128838854468057 0.447168129961988 -0.00582684048170948 -0.137668529314375
-0.213127693195197 0.450322253849479 -0.0146911087309748 0.0823051000572158
-0.554198384852762 0.0304625556939995 -0.257451470024113 0.0495546810980539
-0.379394160697377 -0.449647425937207 -0.354982702139833 -0.240888752722998
-0.0452344568352722 -0.523294744272469 -0.0612841162068124 -0.551050869039222
-0.0703048268341957 -0.505291393526365 -0.268893434142734 -0.13811564340133
-0.386044219076703 -0.333433452694453 -0.08815466776953 -0.0579837215628158
-0.433719194112685 0.0495043877645286 -0.139331049225279 -0.136857300876366
-0.15238224981931 0.408037412653263 -0.133349891699809 -0.0265339882282792
0.14320981911375 0.411765405478036 -0.114860485102689 0.00524412893920777
0.335402477897736 0.266236605350224 -0.0842178836438741 -0.00988131037160945
0.408116272687712 0.0613648057552592 -0.0948320698850031 -0.0663105412199359
0.421466837634481 0.020784979337607 -0.0999277147877721 -0.0669406526888771
0.436337857966164 0.0729123018670819 -0.0845223363018828 -0.0854964362560866
0.412816577043322 0.34046976413208 -0.0340991307646622 -0.0912612274351724
0.144581139331852 0.556050050912192 0.0504198175147429 -0.0490783974953497
-0.258496549952328 0.555797025898112 -0.00519344129449188 0.141821595883937
-0.675517215861746 0.0679553324146879 -0.2306242356102 0.112959878269266
-0.514867796703758 -0.525943675400059 -0.278787795467078 -0.140043878262492
-0.116816380609869 -0.660524450217132 -0.0189533615354456 -0.347416004185383
-0.134334246628126 -0.557735180457397 -0.23728201838421 0.063858606186222
-0.488396653592474 -0.328817281677882 0.0263256121793575 0.0259458723404863
-0.496453353708218 0.113204842685243 -0.101504297818079 -0.143229218484202
-0.152551996635165 0.4723406265278 -0.155286875401336 -0.0250983516052825
0.165368002575051 0.453849162969211 -0.11176981443235 0.0891033412256537
0.36406588299002 0.29506868241444 0.0168911811200433 0.0831340642606305
0.43183542807936 0.0833772457668595 0.0575495474301315 -0.0267676255335853
0.432851307918481 0.0456809577391532 0.0615324209891595 -0.0519650862160037
0.440561952931201 0.103259554795451 0.0813622870057049 -0.053279356352279
0.408083133297531 0.365222032124112 0.102451882554106 -0.0145200265729083
0.132277646886255 0.561519433048165 0.116043819564463 0.0482274730559901
-0.253850369680885 0.542312805963692 0.0167832090510614 0.193315815124581
-0.656807820326412 0.0807572601749857 -0.171522020965873 0.173619471485495
-0.535106106940058 -0.507980745031339 -0.17287410713382 -0.0223350725619411
-0.162897494455219 -0.674657168719048 0.0381694639573926 -0.113351593103273
-0.182687538869315 -0.525484505072511 -0.17143094414461 0.292868029803688
-0.516500524293743 -0.272850365828215 0.17262151939194 0.127049138846232
-0.477967842726994 0.156826229152672 -0.0307479038087767 -0.134190787190316
-0.127588195443051 0.454820353662259 -0.155529332024318 -0.0168381351345005
0.160699600549908 0.419155473636317 -0.0890640961048966 0.173641863316465
0.335361332355499 0.275119756114446 0.125070960689401 0.173009235984845
0.391797409970211 0.0885140218812839 0.208350325443961 0.0189393657997182
0.378675247648315 0.0627565740683643 0.214442464848128 -0.0300239198349227
0.371259282886418 0.118630059559432 0.232054802412069 -0.0170516988406498
0.328286388472113 0.327662131618443 0.222300461907483 0.0529948654572335
0.0857574762873172 0.459746937867083 0.17002186606322 0.128082937953595
-0.206452807335032 0.405759427509347 0.0387214134049829 0.216603645995882
-0.495670941571393 0.059341162043481 -0.10107754636768 0.210754080833018
-0.438473697879359 -0.399127625712403 -0.066638767999928 0.0790126558466329
-0.17681667122693 -0.567318694862528 0.0978612972600628 0.0979150033603761
-0.194290895751978 -0.40624876034123 -0.0878943022021115 0.506052760360303
-0.438228547444579 -0.175914036097164 0.310821087643044 0.22702243529774
-0.356716365618424 0.158046033279494 0.0592872591558136 -0.104718693508703
-0.0812680029866652 0.33401811229943 -0.129842436856791 -0.0106039049932613
0.116087998404658 0.301518994508071 -0.0581498248106867 0.233681307831228
0.243876825546721 0.20647743767566 0.214311864328816 0.241820569000354
0.284034464892555 0.0809183786561527 0.333026636345272 0.0656587428267591
0.26597195066369 0.0713220066163547 0.335745266127497 -0.00489503583338132
0.248984460863477 0.116358819981272 0.342271681110242 0.0179542875230788
0.196727902571946 0.242630627444748 0.298672636485472 0.103173955319724
0.019423887280355 0.284948226807716 0.193278242105657 0.174721065586235
-0.132070859595076 0.202696325261805 0.0496263502254224 0.201994343187946
-0.255983542880702 0.0255990981450916 -0.0379764906617309 0.211468128443649
-0.271757890909985 -0.23495532230111 0.0136898866071822 0.137063587561247
-0.169179518771146 -0.37261041442114 0.15192031421221 0.250297814879779
-0.165026792157577 -0.214882880955394 -0.00637917721044433 0.667226648945455
-0.268734643946967 -0.0519042060169478 0.410420165915697 0.31152275410935
-0.160058218560632 0.12213549785494 0.157001739478994 -0.0677262791045656
-0.0198825961115814 0.144408571161538 -0.0861708110326979 -0.0218375802690262
0.0469933410456962 0.129794267283436 -0.0342982805382271 0.250618840321098
0.105093340070204 0.104596121546904 0.25997629408188 0.277576207338646
0.128892406592817 0.0623136603134943 0.404702693872512 0.107431079357834
0.11212881804253 0.0711474665383535 0.40720135420932 0.0222154600884164
0.0962670853898413 0.0985404539865656 0.398231821650103 0.0480393110644015
0.0503585800284763 0.129925835638649 0.322569191159152 0.131079209849228
-0.0399090507008266 0.0932336240808395 0.186252011750667 0.188093056064635
-0.0504018865183359 0.0092561249719043 0.0521169799100506 0.159042557027172
-0.0246969417547586 0.00601987504250708 0.00984430620558407 0.184022923155853
-0.105507936020772 -0.0511495493674185 0.0629440876175335 0.155352503326697
-0.146931673534897 -0.143385919088871 0.191390359724549 0.33012626391135
0.0661636503414632 -0.0591111155946815 -0.219492555447191 -0.379219272303566
-0.0570672208857946 -0.106165727359979 -0.174390182352748 -0.144951150694404
-0.123315613484853 0.0109134875817957 -0.079867874119903 -0.118574496682084
-0.0126380160239844 0.129825019600928 -0.0563699704398697 -0.0761237798328069
0.0724787245909483 0.0735006920773575 -0.126467040038449 -0.152629013995491
0.0823315276803438 -0.00281585282968748 -0.290362903522169 -0.144504598126536
0.0588699830212018 -0.0578309536819461 -0.386697735473878 -0.0683777274560093
0.0468892337082197 -0.0698788529114513 -0.404989458810354 -0.0276942535776004
0.0490521337225353 -0.0553876810184144 -0.406564971287404 -0.0950778454239153
0.0569875683568226 0.00521898227873303 -0.287759114572266 -0.214436135958082
0.0443419884401814 0.0586026116566124 -0.0609443423961593 -0.236925479066319
-0.0423358665842416 0.0739229079746772 0.0266819335985875 -0.0122954939888853
-0.0911216314682511 -0.0588732655970131 -0.199075133288482 0.00360988486960521
0.0495086111974729 -0.132308133002623 -0.393405141653004 -0.263406505650908
0.138754211978519 -0.0237513118830123 -0.108256667872456 -0.725015068505936
0.0252645936722269 -0.238386740294655 -0.252032888562941 -0.355805020213381
-0.166276539937462 -0.204015234521309 -0.179095831719081 -0.136941264540177
-0.234776169077659 0.00918348336632932 -0.1272036405171 -0.108471453977772
-0.0633187715846158 0.228435052583879 -0.0736519451769604 -0.0331381573238518
0.105185730144821 0.199152029219782 -0.106895599961497 -0.105619996785375
0.190100920957446 0.0928666277348462 -0.23522628811987 -0.12456310393229
0.206023702943751 -0.0271563861534614 -0.330141938452144 -0.082218445410998
0.209276500133461 -0.054391334527449 -0.35254833030319 -0.047062506423334
0.220084115920291 -0.0257615800517539 -0.353944044131296 -0.102923550927223
0.222573431832573 0.127630886211653 -0.248622493564661 -0.19613831326179
0.107012858375442 0.261795883372905 -0.0492959358741042 -0.202291992051407
-0.120277995708057 0.282848280826808 0.00198278098144638 0.0298482717301983
-0.34095537944916 -0.000302749174879055 -0.241302922644451 0.0213466007097789
-0.188341989146638 -0.299713083699504 -0.397494772471232 -0.264570067090353
0.0380439997421106 -0.295883966564337 -0.111173454295853 -0.677167248235011
-0.0267318472031662 -0.391188109510127 -0.270946515865208 -0.269004828110817
-0.277347185516112 -0.277572119881536 -0.154799073570576 -0.109975928109634
-0.334740939476363 0.0214597014499558 -0.156129664641896 -0.111443889414339
-0.105941532840604 0.318581670850444 -0.102490013410874 -0.0147468736827547
0.132653932366974 0.309893247001178 -0.105266165618904 -0.049582131421207
0.280655290193825 0.179727586673285 -0.166572883657535 -0.0760196601565805
0.326878689958275 0.00755731262195777 -0.231568435299168 -0.0796650575634696
0.339878808642005 -0.0305428614694057 -0.245965903014316 -0.0603512971128061
0.356329608142007 0.0112160407796415 -0.241282935861958 -0.0981721875506817
0.3543418338895 0.237982975757593 -0.160540139409305 -0.152536357146038
0.152207770003511 0.436317246042088 -0.0118545117669209 -0.139019549833716
-0.188744429634516 0.458319417416669 -0.00304937671820113 0.0844246630836835
-0.550972741346886 0.0576921978205735 -0.24844033910892 0.067812338569356
-0.399307780658883 -0.430959908553091 -0.360715675486 -0.211147512702677
-0.0611394380090601 -0.523275110752806 -0.0869708062262136 -0.54099263694098
-0.0901493731310756 -0.50500652781888 -0.266677972965471 -0.12068419539285
-0.399687255373336 -0.312990177722964 -0.0872672224772475 -0.0577237064618882
-0.429598687900958 0.0669036398973551 -0.154158267400418 -0.123596572999321
-0.130476789968611 0.409272549244472 -0.135362795767672 -0.0130629305371533
0.16365090458484 0.39986219675035 -0.111128143883655 0.020980488843106
0.349752869948226 0.243348463123123 -0.0796085250504111 -0.00403201659840365
0.406094540172428 0.0371221912484329 -0.0992871107976455 -0.0614322330680785
0.418640413106052 -0.00339806205115632 -0.101620742597765 -0.0637288161590659
0.434371729235488 0.0474367860944028 -0.089289424479356 -0.0831009382931382
0.429225962991834 0.31447917175832 -0.0353388729833428 -0.0916340155902144
0.174859985441466 0.544860059415728 0.0482255206785364 -0.0534401969377476
-0.227605307112483 0.56125100832429 0.00946159817351587 0.142511009470929
-0.667401438010627 0.0989377901529251 -0.216022513075375 0.128528557184658
-0.536395306247297 -0.499062464146881 -0.280938598098731 -0.116615152383309
-0.137208208666602 -0.65687538094126 -0.0370243403597449 -0.341224240801639
-0.154858465591876 -0.55249733038486 -0.227575008503263 0.0788857973874738
-0.499267402084516 -0.304005548689744 0.0305007816134408 0.0204421565830685
-0.488439879728597 0.130010254786722 -0.116082916815967 -0.132236743549455
-0.12884982694422 0.472063949788622 -0.158356381074049 -0.0112930693980575
0.188103339575224 0.440840064418003 -0.104591936570828 0.103851495475936
0.378380943851768 0.270469172378616 0.0261182580797424 0.0831198979240923
0.431904204408657 0.0581865911047351 0.0531827784258936 -0.0300151210457055
0.430285013985346 0.0217055270614182 0.0584001457385966 -0.0569300373439846
0.438066112604021 0.0783912879679802 0.0770000595961017 -0.0594976898394354
0.424731341699361 0.33882180544459 0.103711461884722 -0.0241568569017041
0.161098557246364 0.550537579538756 0.117725271730338 0.0388600414190663
-0.226770453632074 0.547555490054148 0.0326993222426867 0.190915694137445
-0.64688156189634 0.108589274408098 -0.152518788128845 0.184877382086148
-0.553375196187479 -0.479979688500223 -0.169235151995425 -0.00475378888518606
-0.183693949392728 -0.666628061588718 0.028115440503325 -0.111592510796089
-0.201474046558362 -0.516396059489191 -0.153892774866946 0.302185760141932
-0.523194262250843 -0.24550684025634 0.179064862235461 0.11263700011251
-0.465495922756115 0.174474033711113 -0.0444961501633582 -0.127890261547282
-0.104980054874886 0.45442911584375 -0.159200721617182 -0.00355909654487088
0.179574883357363 0.405955851171825 -0.0791929016386952 0.185905698712896
0.34956999834318 0.252000424136247 0.137601663487069 0.166618972812596
0.39128895496256 0.0666233846562956 0.205441651220871 0.00818932823309178
0.378404286837729 0.0425744398439499 0.211070126851737 -0.0431298703442842
0.371631770870382 0.0978231223242788 0.228827144119657 -0.032044625255894
0.343983336006878 0.307410742719955 0.226011103197151 0.035867200029343
0.107079701886069 0.452225144466903 0.174704999038738 0.114875482162944
-0.186065214246816 0.409306905792353 0.0556094216840691 0.211529533931896
-0.487579821634718 0.0783876070305846 -0.0788644332756042 0.216768526883078
-0.451214793159077 -0.376869689821496 -0.0595402878644946 0.0888285680430649
-0.192338529046173 -0.556041000930689 0.0946773878640754 0.0940025448171335
-0.207881844796921 -0.395752697077394 -0.0645136950338517 0.511234594791806
-0.439425458918972 -0.152012266500304 0.319768294664762 0.205436840946156
-0.343906618435382 0.170145807938115 0.048216152518169 -0.105427890941695
-0.065732688115943 0.331820136475233 -0.134549662931977 -0.000794169746654753
0.129451586956133 0.291790947342433 -0.0455957940181586 0.242668074644031
0.253598313174948 0.190767032063927 0.22896089722812 0.230675554507507
0.284942614086105 0.0663356599958138 0.330997791439273 0.0484915712437396
0.266529943940366 0.0597344289153315 0.331904747067941 -0.0222434553602371
0.250629135838299 0.103717498379762 0.339637316259465 -0.0033894734529662
0.207990131623242 0.230317912356825 0.301858629829717 0.0809872795717865
0.0310064629626359 0.28179722106043 0.200328308626997 0.158480363205964
-0.123997068248572 0.203378830968864 0.0631502994840048 0.194957964257356
-0.250057489759026 0.0317150791730031 -0.0162116294573386 0.213223193587502
-0.276638356070888 -0.217801676187015 0.0223825713524832 0.140666346158508
-0.176738610125657 -0.359826257232523 0.153454317591037 0.240280070299681
-0.171769476080218 -0.203633280301076 0.0213081816654443 0.666613083135555
-0.266089711198858 -0.0361218939826585 0.421537130211733 0.28366197067738
-0.150620382973942 0.125112483992406 0.14878843907383 -0.0761341847120421
-0.0137023035297551 0.142020185875528 -0.0922956135026048 -0.0155448667760088
0.0509212261684651 0.125343874089829 -0.0234467227404309 0.256207289568356
0.1102260960513 0.0977371981493725 0.275534181724662 0.264879727846685
0.130258640115624 0.0567674068620946 0.405334146229915 0.0848887638587117
0.115341342065986 0.0675890540787703 0.403861021545501 -0.000137801842667208
0.100634256388528 0.0948197087702042 0.395791873701079 0.0228097099277356
0.0565671895504977 0.126508986347962 0.325615994633669 0.108070743462713
-0.0383061618498392 0.0953860670118695 0.194060517427991 0.170685058975953
-0.0530358874585044 0.00723821871378314 0.0622429270876632 0.150448696378133
-0.0208499197801642 0.00149817279747946 0.028589431590204 0.181675584725366
-0.102683516543839 -0.0433468187639807 0.0710573605154038 0.15354984083058
-0.148570782034767 -0.130598718264805 0.196885625975856 0.315973845963852
0.0608998980727718 -0.0628846572939316 -0.219688381995198 -0.364854881449935
-0.0632322837614473 -0.100011930397835 -0.174966220959018 -0.138309890064651
-0.121683927456095 0.0182514499927177 -0.0903281700348241 -0.110895735649037
-0.00465380975194785 0.128818430358945 -0.0584207376378302 -0.0661949315496729
0.0764969729996467 0.0691602571546253 -0.124980736677166 -0.137830068540161
0.0817868023864698 -0.00777424129669876 -0.28632441739914 -0.127135746893579
0.0538888662136879 -0.0613627686733774 -0.377755336212509 -0.051745769293791
0.0414942552206105 -0.0721381627965232 -0.395017390549522 -0.0142276293611963
0.0452001814140219 -0.0586139859560424 -0.401924500516946 -0.0783185435611464
0.0577023769003156 0.00207952983065582 -0.28801801534191 -0.201408366041968
0.04858330265101 0.0547013658582687 -0.0666799476035303 -0.233234756879483
-0.0362021007510844 0.0759342079187442 0.0312403028352339 -0.0127547960124752
-0.0935697904232862 -0.0524580327256949 -0.191799147338635 0.0146001734431612
0.0405346693158218 -0.13267564223272 -0.388755254791515 -0.239446121923724
0.135550273298465 -0.0307486291261231 -0.122521305766465 -0.704192936303016
0.0165471316301809 -0.23791496143096 -0.248345266851664 -0.339557914140073
-0.171732298832912 -0.193184853387986 -0.177744789434793 -0.131583732418525
-0.230824456833482 0.018116065024214 -0.136565564361592 -0.0971352481992101
-0.0510096985836885 0.224721019215176 -0.0734319927327193 -0.0227721256503061
0.112554335572406 0.18964965042729 -0.103389434766039 -0.091724191113774
0.190539122319177 0.0811980296148053 -0.23093633748243 -0.109471859995391
0.198256208336627 -0.0373893842073526 -0.324333916191479 -0.068104944050779
0.200239813794297 -0.0631925968562111 -0.34528161471108 -0.0366031160435048
0.211150898849608 -0.0353473057340691 -0.349545152882709 -0.0891658818675435
0.223555310303841 0.115432686452557 -0.247881088006053 -0.184762819518075
0.116786477597231 0.251465607382627 -0.0536798181857039 -0.198162332421069
-0.105886405640648 0.280620982136523 0.0102439038092564 0.0307949000473522
-0.334617340451059 0.0121032848985178 -0.230496475988757 0.0341995929470426
-0.195665233214468 -0.288270626095849 -0.39183554215398 -0.238880996635573
0.0322088479146106 -0.296317977446317 -0.125742872893868 -0.654669448686875
-0.0367567859076824 -0.386879208207486 -0.26359570725285 -0.253263311712913
-0.281262337293484 -0.263166361331458 -0.153102623863579 -0.106586708564966
-0.327992630305401 0.0316092426421628 -0.163656190282852 -0.0978154868556116
-0.0912891490711261 0.312929910991842 -0.100673254369601 -0.00440088967379908
0.14212996469951 0.29735113075016 -0.0999757240666979 -0.0363725692801275
0.281738020461116 0.162077559439159 -0.161351871159728 -0.0664360388450681
0.316961340950643 -0.00802938487361027 -0.22973446991509 -0.068800864615223
0.329257255327034 -0.0444068334013464 -0.241908286341478 -0.0532643789757998
0.345020336149352 -0.00468210156772443 -0.239698972595828 -0.0890485058828899
0.356523456379456 0.216109846938672 -0.159908379564449 -0.146619134116419
0.168035320863471 0.419858138994214 -0.0157673964250325 -0.137639186975368
-0.165901560939209 0.452084006846584 0.00754007670034206 0.0838211594311065
-0.536453074882518 0.072923487380726 -0.234998428934501 0.0796571047905728
-0.404889549246975 -0.411916880423701 -0.353709383659626 -0.187505771657211
-0.0692693810426042 -0.516690966483023 -0.100202544634322 -0.522680428467785
-0.101424930321859 -0.495554504781976 -0.256744163509533 -0.108043394948592
-0.400197237563542 -0.294722784835768 -0.0847888652871693 -0.0581523639337761
-0.420627480732881 0.075162207052339 -0.161947106734458 -0.108588445360481
-0.112412771952368 0.401998304150554 -0.133305938761049 -0.00129376552488448
0.174821844749813 0.383418134242741 -0.103555410921203 0.0333487841744725
0.350577471108101 0.222466687669018 -0.0736816824852919 0.000606959782486765
0.395457069222557 0.0201600814105304 -0.100341436698672 -0.0561516861602452
0.405478990145202 -0.0204059147531463 -0.101046285122766 -0.0613173234114016
0.422762216224271 0.0294308741086971 -0.0905020155248711 -0.0802667108109391
0.431329745887965 0.289705327294459 -0.0354325875869187 -0.0922005909929875
0.190787732237998 0.525599561938592 0.0452204766996801 -0.0565723844889635
-0.202280367715888 0.553368722484698 0.0222150871639159 0.140254619769013
-0.650306723618888 0.115767206761705 -0.198166567148695 0.137088594338601
-0.540135215784935 -0.473310658023021 -0.271480044083009 -0.0966466692280741
-0.14747828416218 -0.644347894058339 -0.0470271796125219 -0.327486709659272
-0.165628182626916 -0.540389617780884 -0.21481321973318 0.0861735350468914
-0.49644177050546 -0.281602655407512 0.0321614779291251 0.0138183920145936
-0.474801334310029 0.138197732740425 -0.124500812785574 -0.119299759821109
-0.110539735288487 0.463519276198745 -0.156362468757673 0.000846085063299842
0.197908113744968 0.423759225348372 -0.0948482033625204 0.115538151767619
0.380180083937652 0.248881357341892 0.0331570182563318 0.0814804410155824
0.420321181399574 0.0411206670103904 0.0488389066844277 -0.0308882746221299
0.421083685577693 0.00525407702165094 0.0551092543940289 -0.0601585122332188
0.427666415134477 0.0601314210328177 0.07299462348129 -0.0632893486556926
0.428114224044954 0.31540311293766 0.102219730133873 -0.0317447025877379
0.177183834047814 0.533583488222656 0.11621123817161 0.0306945531364392
-0.20218989203126 0.539906842616958 0.0462890441259277 0.185011097783029
-0.628120335756538 0.123113756567269 -0.132219935524343 0.188583775994373
-0.555765384509659 -0.453040020719135 -0.161021820080597 0.00862085349914558
-0.190295416412291 -0.650252936286318 0.0191236955683395 -0.107034261206051
-0.20939335471699 -0.502432225629379 -0.138091843236492 0.303161244699748
-0.515642549465734 -0.223358923782838 0.179161221962816 0.0988417115805774
-0.449297678100094 0.178173220241256 -0.054517975699189 -0.118323511712889
-0.0892431329854974 0.44341041435372 -0.158966192039382 0.00634753889125254
0.188036717255067 0.388898099665456 -0.0691617331361395 0.193904704667636
0.350315581289425 0.23065332262844 0.144881857196961 0.159496331010533
0.380909520008295 0.0524703335115911 0.198445424528479 0.00157431480704256
0.370843574439543 0.0280465981363196 0.203824001115704 -0.0505366557977399
0.363778699789834 0.0820496726559598 0.221270966557227 -0.0425749718755905
0.34843740959705 0.286540005891323 0.222556382951082 0.0221934274445953
0.119361440316625 0.437200238756862 0.173903736389045 0.102426177339526
-0.169843459044924 0.40203099714912 0.0667432625336256 0.202724931407803
-0.472465591954416 0.0870111198306301 -0.0584788838579298 0.214823447663073
-0.450895320430106 -0.354605036568787 -0.0507678458656663 0.0951949816491556
-0.196763296275604 -0.540265527341618 0.0889908686367721 0.0912041413195048
-0.210777257555512 -0.380096643650441 -0.0459808078464709 0.504151572962753
-0.430237631557088 -0.133443001369329 0.318790619250265 0.185144069145772
-0.329586184262131 0.17144956931277 0.0387021971528661 -0.102442930226289
-0.0550244399611598 0.323406143114562 -0.135666612194197 0.00729199557469489
0.133217987449728 0.279646211045926 -0.0360816834760706 0.246453298817275
0.25459923348465 0.175345979234585 0.236398187126545 0.219684813371134
0.278822074824083 0.0556993377081126 0.323627383444302 0.0365448398516329
0.262385531172754 0.0501371315773017 0.32211078150954 -0.0349103543718685
0.247122972043695 0.0937173102254997 0.329629527379754 -0.0186731029283574
0.210544197415212 0.217699532607188 0.297081730438097 0.0629952746940688
0.0382910288495768 0.27432840145792 0.200133327859099 0.14318158412688
-0.117096856541451 0.198958020782385 0.0725089971694209 0.185092224563529
-0.241051673239876 0.03391150606374 0.00198332556915974 0.207956414452062
-0.273091337927113 -0.203555238594823 0.0289836688555315 0.140617372802619
-0.177180559010636 -0.346013631889738 0.149199365154929 0.230637967904087
-0.1709503926177 -0.192085081514312 0.0384777500373597 0.654181947867353
-0.257931319578103 -0.0256811149562231 0.420093804598142 0.259178331658486
-0.140945182770295 0.123257396207573 0.139365855514464 -0.079847428539219
-0.0106546482831297 0.136995925481084 -0.0956450571403756 -0.00969251814708388
0.0513855587153488 0.120420109925121 -0.0151743383159598 0.257194841892231
0.110862700240284 0.0905509663917726 0.281988412554899 0.251371160060785
0.128826514893231 0.052775893258944 0.398439168529701 0.0700184790217675
0.115779515824252 0.0643783905063904 0.393350262598558 -0.0132813934866706
0.10097816287748 0.090621393490592 0.384145134915846 0.0065390188371097
0.0588718784643847 0.122171510005464 0.319481225272819 0.088754902834889
-0.0377489157427628 0.0949946687540467 0.194263778139604 0.154260795266523
-0.0555713345466436 0.00574037170326118 0.0674384164818732 0.139802389387896
-0.0176740344248306 -0.00409331534643324 0.043961125262834 0.174529526311848
-0.0972198445958496 -0.0374219770575002 0.0759140336288531 0.149440471445078
-0.14405139460798 -0.119010024274945 0.193639292753613 0.300819307275012
0.0826358158115192 -0.0324355269684983 -0.0466559419875125 -0.422345766809141
-0.0161566398101345 -0.115234609994723 -0.104636998165336 -0.196458105168622
-0.119178055347883 -0.0337432339200347 -0.0435338997103009 -0.129638077061518
-0.0562027633268714 0.112991315176767 -0.0218841520240232 -0.0757806744756626
0.0426163467839934 0.0953176646800966 -0.049535423890918 -0.170996976370509
0.0777620657082806 0.0260027124293438 -0.199600598812068 -0.228508164814801
0.0725910674985307 -0.0360148814958462 -0.31598388872391 -0.201630642564024
0.064484460578123 -0.0508398058343144 -0.345430279196367 -0.174368405929524
0.0612083518529198 -0.0366351342267419 -0.325115426022321 -0.232644303933886
0.050792593678996 0.025046616966419 -0.175488593749681 -0.299739643243849
0.023524249161164 0.0673655898811531 0.0386704297703974 -0.235969545866308
-0.0604340235186942 0.0565796846424843 0.0372837930520321 0.00315153839503509
-0.0706002880512109 -0.0803318160902368 -0.174685459774747 -0.0624335340845379
0.0753442751232689 -0.10574878325421 -0.243875883049262 -0.361312132794958
0.132977966525485 0.00858228010006463 0.183772056636949 -0.671484195060429
0.123736638011574 -0.212223989243515 -0.0997016052941985 -0.401343374395055
-0.0688474990754717 -0.244081228895714 -0.114826615703876 -0.185922268588022
-0.215789679799922 -0.0821681267333492 -0.0912381049043784 -0.127581508909876
-0.13856250358232 0.175475579113246 -0.0470069693900873 -0.0381433054307996
0.0223847602921526 0.215297934582407 -0.0418015164538078 -0.120135193548037
0.137874241022657 0.147935861600778 -0.151119360809188 -0.192239114430993
0.188938515705628 0.0439527472943975 -0.259229199958031 -0.195409055098928
0.203954279458641 0.0211630068168615 -0.291792079433461 -0.174650015854982
0.199753984835474 0.0504773122571546 -0.274298917851004 -0.218128782998254
0.155468518334641 0.189853159703106 -0.145929145025003 -0.26554803572948
0.00812781780304255 0.270413481827704 0.0349545423121616 -0.19746581129515
-0.201815481675644 0.21134498905117 -0.00212560378958969 0.0352495670024089
-0.315331959112232 -0.11325895262677 -0.219448842192165 -0.0639908584921736
-0.0781379348970611 -0.334848262484837 -0.240564671726821 -0.373781984337637
0.139824398461854 -0.27195937059881 0.173259231485381 -0.630825419989375
0.144357116145103 -0.372228158956987 -0.166076311333361 -0.321863518445192
-0.133971392610165 -0.353014326316506 -0.106186095961347 -0.148672379573959
-0.307654897389954 -0.114507786122607 -0.115988443560868 -0.132235730421403
-0.211752136979006 0.234133649302519 -0.0749773966242264 -0.027545298464615
0.00227450447887261 0.321627287346023 -0.0557497123574845 -0.0678085964820715
0.184013895466287 0.257323195360437 -0.100793365471857 -0.126583909776675
0.281706835669457 0.118546092897509 -0.172903024660034 -0.158941174011979
0.310905446387823 0.0900910371264433 -0.192580857930968 -0.148527154834354
0.307822445902075 0.130795595496112 -0.176448090655701 -0.172177522445672
0.234591345776583 0.332471630931696 -0.0829599020792609 -0.192138053286745
-0.0115785826533222 0.440767770214097 0.0436980968953608 -0.12676197567328
-0.323744277640004 0.340137322616613 -0.0281204218904619 0.0829637868659739
-0.522319353949676 -0.136088756249047 -0.241941115957883 -0.0285496596056578
-0.217687219554552 -0.522500421603536 -0.225554676492753 -0.32436370078136
0.131850918553073 -0.508507743699175 0.15248777413528 -0.501642090746729
0.136581727918886 -0.499563992165193 -0.231492019608927 -0.178534121619989
-0.221527659068766 -0.433903786597234 -0.0685149001836847 -0.0713874726595809
-0.407016567150399 -0.116715177597299 -0.108077624899741 -0.133869898483004
-0.270267479534284 0.300975550023019 -0.101784251570409 -0.0357787840143439
-0.00691685397384255 0.40996749034194 -0.0835442413595235 -0.00657433800674989
0.218055947266051 0.338014216139169 -0.0460295754262918 -0.0316974575897672
0.338730070939733 0.176713057651078 -0.0625183634098079 -0.0946785422277447
0.371280806375073 0.143045766676483 -0.0645199974239015 -0.0990071714463527
0.362742379285189 0.191203649226379 -0.0470777160342768 -0.102541020859993
0.273803955695178 0.424992571221098 0.0063437924686117 -0.091531768859754
-0.0288163244224184 0.545934072201663 0.0634403177707935 -0.0286686586183692
-0.396201973962327 0.416390906275073 -0.0409605032788602 0.138341100238478
-0.641288939583411 -0.140482559940643 -0.232498273904552 0.0349415079730019
-0.312959795185875 -0.629252972510486 -0.187759659789417 -0.216888851051745
0.111617270036574 -0.652546115351113 0.12236431968545 -0.305268707914212
0.0994061613081314 -0.568673779924756 -0.279957517571418 0.0207799476482506
-0.309258963437649 -0.464113314173651 0.00692654930828164 0.0456126279027946
-0.481787802222481 -0.0850039068603322 -0.0662385795887166 -0.124307247446158
-0.295063714629517 0.353620656158123 -0.121289493876797 -0.043566541799824
-0.00394839645143471 0.45332462866276 -0.109025965421634 0.0696711896622064
0.232810138790504 0.372663195109255 0.0178161768553912 0.0839091319846343
0.353122799843657 0.207005234325965 0.0617125709091961 -0.0108137506679494
0.374053443327842 0.172605148728568 0.0735626579367955 -0.0339587138960237
0.356449153207559 0.222155549153656 0.0908270138557483 -0.0222911925858278
0.262601420094291 0.445718432772378 0.104348614144861 0.0184543265888733
-0.0445919755832097 0.547087829459738 0.0901293226258562 0.0768799372212916
-0.390376616730455 0.401301815438955 -0.0377037590395627 0.187898255951366
-0.622925244090713 -0.125793460616817 -0.192607696943274 0.107385999218783
-0.332327232355194 -0.614813675103443 -0.130493949387754 -0.0794200288569687
0.0756858543368023 -0.671319091707884 0.091125047812865 -0.0818653274373519
0.0439317232138701 -0.551572369976326 -0.29883577490522 0.25095344142547
-0.351757830239011 -0.421237374049027 0.106696028410659 0.184583314971618
-0.475633765390459 -0.0391043379751777 0.0015928668900524 -0.0962142062157288
-0.267946335218567 0.345695863769752 -0.127129640478978 -0.0414573803711553
0.00107120393988533 0.419200119493892 -0.120777697600871 0.150084447701923
0.213422676674535 0.345387533872491 0.0840563882079539 0.199819698963914
0.312708810410499 0.201509783549711 0.18132072983745 0.0805316934547046
0.320829024464197 0.175876900601465 0.201042157303014 0.0350566320661735
0.292515493355268 0.216838372140317 0.212943462173889 0.0554450634913419
0.202059464646835 0.388294082421335 0.189484377568758 0.11276437619283
-0.059705803980476 0.437672793206251 0.112224818677473 0.161263126363229
-0.309293894072836 0.289882054363387 -0.0252789633101535 0.209551782743168
-0.462115597887818 -0.101554515465503 -0.134839186025714 0.162281739855723
-0.270083843817968 -0.486114638723473 -0.0707413372846643 0.0463399863984952
0.0309339787952171 -0.567065927576541 0.0650312697046088 0.119959420111486
-0.0140196790469497 -0.439897867504745 -0.289903802476798 0.463901362389459
-0.317042336784365 -0.30581986983642 0.199263081745448 0.315614747277371
-0.363427851462527 0.00687284687515058 0.0811027428077155 -0.0527192171883336
-0.187407448286327 0.256304846907777 -0.11311930530175 -0.0379198745644944
-0.00212804154196569 0.298958829798699 -0.120915837644997 0.210100007562244
0.150319103676785 0.256636222681653 0.13539598476353 0.292391409218355
0.220952232448411 0.163634084274434 0.277978792050023 0.16420508476357
0.215450556650445 0.15157767593037 0.30032242894518 0.0987023749036469
0.184083313724916 0.181946130975715 0.299126915001728 0.118513876141653
0.105516964455295 0.274083699086519 0.239564475539502 0.1768319670429
-0.0703328351596488 0.260103429947193 0.119235099680569 0.205546018263912
-0.182503551004233 0.12771966288299 -0.0101950390106816 0.192902182571265
-0.227829652076916 -0.0637082623816148 -0.0749160559623905 0.182953494634794
-0.164906963530453 -0.282273961645794 -0.0225871205852201 0.127061405887145
-0.0239006667931441 -0.376209428795054 0.0506003723026678 0.265096304801294
-0.0653634415320088 -0.248083722398502 -0.259106463527324 0.626354786274919
-0.212278366872538 -0.133641375474079 0.265526557110102 0.414561009351356
-0.174948484160667 0.046251547055465 0.16291274621372 -0.0059268694044966
-0.0687417404934348 0.11217847618919 -0.080210978231509 -0.0450959468434983
-0.00740618095524719 0.124417750230075 -0.116976163236675 0.228293857286843
0.0575854789367725 0.123836954270518 0.155042615247802 0.34251237010735
0.0901204798622841 0.10033533030466 0.330480266032918 0.226982759383138
0.0784875298496232 0.106573154571869 0.35489031373082 0.147079384689205
0.0560420424635032 0.121916627802603 0.336590709813947 0.159729726297481
0.00583984573251155 0.130181840850377 0.24840991639154 0.205331092491772
-0.0710761660346945 0.0692350458884181 0.109413554895588 0.21042551272364
-0.0526334381144094 -0.0213636033276131 0.00543542673452111 0.148216990819818
-0.00779476645579527 -0.0139048322729414 -0.0231186113706745 0.17384313143355
-0.0671418108203724 -0.0651085890420487 0.00973585118658353 0.161806658296234
-0.0808022947706503 -0.152968916944093 0.0506549918450749 0.341377267230866
0.0813531468996283 -0.0362043073716428 -0.0430483743035767 -0.42007382208088
-0.0210558563382253 -0.114826630333765 -0.106295748546967 -0.198241498962742
-0.121394022743335 -0.0300550004179737 -0.0529390488087945 -0.128587083665848
-0.0522446637339707 0.115868364543608 -0.0257334395959024 -0.069659077543649
0.047191305416133 0.0950442587116548 -0.0502913696084251 -0.16303690332256
0.0805809184524774 0.0231530423979605 -0.201167232468323 -0.220982120157841
0.0713953116808706 -0.0396053174666099 -0.316269126640651 -0.195481453787857
0.0624655127528696 -0.0535253973861701 -0.345345487775972 -0.170596203881444
0.0594580382236262 -0.0400125729274717 -0.327928425368371 -0.228711173830116
0.0533763455346366 0.023862123448291 -0.178363797664694 -0.299676069257193
0.0275101368081627 0.0672187982539134 0.0365006875532741 -0.239085058891922
-0.0572223571147422 0.0598941878402256 0.0432805804510236 0.00398178003460408
-0.0747545878240598 -0.0780194223367136 -0.173411738967279 -0.0551382779169814
0.0715523617988696 -0.108828122030753 -0.244202089700205 -0.351330861788104
0.134614599424617 0.00395357845587423 0.183263615475709 -0.669267637326409
0.121976442951573 -0.216531158522755 -0.0944285253842554 -0.39814974129148
-0.0737835247321123 -0.243010677881377 -0.115199678021605 -0.188035861326265
-0.218648255492329 -0.0790790208582125 -0.100814563797629 -0.123505278045021
-0.134118085949922 0.177864947033801 -0.0498347373423583 -0.0313038504327909
0.0284884925707996 0.214723262388725 -0.0412563864810834 -0.111522394744316
0.141426983716169 0.143720771961455 -0.151328635088393 -0.186019845605844
0.188124342698454 0.038357986559203 -0.261547597112888 -0.190508571208355
0.201861402626396 0.0154647823622389 -0.291747899271947 -0.172394717626895
0.197638109175495 0.0456300857132469 -0.276144081755205 -0.215563712625205
0.159552767455867 0.187416408322372 -0.146809661486751 -0.266103355729863
0.0150647438513797 0.269576508923473 0.0342830814122136 -0.199869296002553
-0.19744693684186 0.214571043265711 0.00545603529814483 0.0379302841089369
-0.317585642844195 -0.109789547526741 -0.216895002675207 -0.0555495928776212
-0.0821000515837967 -0.336021694670728 -0.241299254255584 -0.362643513913816
0.141918732726348 -0.277811941118261 0.172182782773858 -0.627633183306072
0.143214175632251 -0.376873095989282 -0.161542704720827 -0.316969405212364
-0.137873858210981 -0.351973569722024 -0.106053743918205 -0.151474644941745
-0.311212530889816 -0.112988853127168 -0.125438131780798 -0.126468985848645
-0.206732306631468 0.234593953365017 -0.077242051454574 -0.0210430170879767
0.00876418917641603 0.320176940562416 -0.0545797074160345 -0.0573741409150104
0.188919283477851 0.251392596029452 -0.0994602001831587 -0.121464110131948
0.279954046973009 0.112089993626898 -0.174905416782208 -0.15474657193113
0.310210439814315 0.0825727212658431 -0.193421221198541 -0.148336546684119
0.305412265276166 0.124686721773593 -0.177078857024491 -0.171338287644434
0.24079303341724 0.327868097922328 -0.0832451627948766 -0.193736295434823
-0.00302939144133705 0.440095798031444 0.0431467162932273 -0.128722538989217
-0.318148371988101 0.341638467724051 -0.0193465820241345 0.0860589281988262
-0.523749659167962 -0.131041076873259 -0.237013412730928 -0.0194324824195196
-0.22415566717283 -0.52225321512473 -0.226116258188641 -0.313353976710696
0.13407506842473 -0.515589499830837 0.14951397913304 -0.497469114137816
0.1350745111029 -0.50395868817381 -0.226137983633808 -0.173568629515052
-0.224648179939397 -0.430856925897778 -0.0662226584374121 -0.0757549760377595
-0.410481251642993 -0.11523046213903 -0.117421626343483 -0.127917854827785
-0.266624249911365 0.301461898233049 -0.104655823417603 -0.028815814749949
-0.000863095798450845 0.409930344324576 -0.0815371438366863 0.00528190962119365
0.223170551278599 0.33156574744765 -0.0423717996028548 -0.0277835543593142
0.340130501058666 0.170202662573882 -0.0646503102781937 -0.0924357741251622
0.371806038535705 0.135541066053639 -0.0647529938708183 -0.10086297976827
0.361797828063929 0.186065602477986 -0.0475335650350789 -0.104873049209616
0.280434947957491 0.421193918684654 0.0074128767526519 -0.0953230625557031
-0.0214105497068793 0.545805921734886 0.06376173525136 -0.0319178146603556
-0.390003456770965 0.416709506503214 -0.0300635710753312 0.141132595658017
-0.642945903141743 -0.135340011282827 -0.223614254956227 0.0431163884636819
-0.316510936091214 -0.627483965846171 -0.185412082260808 -0.206520047410381
0.115082086672548 -0.659301407825604 0.119130659114753 -0.302698536865945
0.0981043827000545 -0.571036586104918 -0.274459630964055 0.0262059764098191
-0.310833276212124 -0.460933647695666 0.0102312221025197 0.040284451815269
-0.48265884465667 -0.0863141459719898 -0.074869884097012 -0.117914692521234
-0.289731489693294 0.352615922708799 -0.125207324852726 -0.0374529960303317
0.00138377728831362 0.45230412349609 -0.107460159742652 0.0819065995738608
0.238246299969287 0.367051507022419 0.0228562815708702 0.086910898443509
0.353248107258238 0.199900140341375 0.0591619996390939 -0.00992010255551576
0.375445588310655 0.166755347196224 0.0728435279219002 -0.0373516633351645
0.355126261298609 0.217560210671879 0.0905118449721817 -0.0265105998692685
0.270744491002783 0.441021035009586 0.106886469544228 0.0125932223613454
-0.0366562489387835 0.54722769752887 0.0912740836882933 0.0728998308224088
-0.385983728967181 0.400444326134411 -0.0271377610176672 0.189351554474175
-0.6229634333546 -0.123167858235009 -0.181564484884636 0.113128426259751
-0.335461521015269 -0.613590917695132 -0.127612736876098 -0.0694410540492465
0.0803863197830402 -0.675460286571764 0.0856164695995098 -0.0795372291247914
0.0423928741304164 -0.552790652755855 -0.29470577427191 0.255567745691643
-0.352004114107619 -0.415509710284763 0.108901158028975 0.177185314390936
-0.475015118144468 -0.0395166211270308 -0.00582150224246709 -0.0927906438251878
-0.26309110587184 0.345556381104026 -0.131411383431273 -0.0375733215597876
0.00428415407436479 0.417409227289883 -0.119083616051657 0.162008967421748
0.216933331830696 0.340250178700123 0.0905074656608728 0.201857550828668
0.313388105939153 0.197507702732779 0.180504344365544 0.0785723318567307
0.320945578911122 0.170232040879043 0.201627843780428 0.0307938669576849
0.291805928062629 0.213921316076818 0.213606481672483 0.0488204003706357
0.206999725241637 0.385647047575304 0.192536311702667 0.104864565904546
-0.054636790539431 0.439446917293791 0.114905132365827 0.156200578315839
-0.305863208695517 0.289061693410363 -0.0154908420559237 0.209157960446396
-0.461999621281221 -0.101027499705658 -0.121195259765275 0.166549124084317
-0.270290989664551 -0.482937911443242 -0.0674327353866298 0.0538664409539946
0.0339111215175097 -0.567756571321081 0.0598654312599619 0.121217097065923
-0.0152365882466252 -0.437822331103978 -0.286447774247583 0.469140736500826
-0.314790373013219 -0.299180902051662 0.202447419755106 0.307483928127566
-0.361154839276956 0.00576139464506314 0.07542088197178 -0.0525574590818957
-0.184304625244725 0.254427292042842 -0.117757300328208 -0.0345885038465134
0.000218948544897388 0.298323744440749 -0.119768836718249 0.220330416642353
0.151691149024432 0.252512779667627 0.142321624161219 0.29223809758585
0.220967367398416 0.16093507539617 0.27779920157914 0.160392207449067
0.216635328568996 0.149620262583289 0.30030866551924 0.094049532050519
0.184867883320278 0.181082285725029 0.29915070643818 0.110496225473381
0.108643980864044 0.272110067009938 0.242139274782946 0.167702661637721
-0.0687672486036565 0.261303458299546 0.122005468607569 0.198619189166609
-0.183204413444052 0.125402590866811 -0.00290692085870057 0.190248635687495
-0.225469953046674 -0.0665191010546711 -0.061749999565596 0.185067241172657
-0.163080752709243 -0.279030167139367 -0.0200379492234197 0.131859496371751
-0.0213103694717986 -0.373539746923048 0.0455228640248585 0.264143396975329
-0.0651320235577089 -0.244816042682999 -0.256737430056963 0.628184486085833
-0.209749891573192 -0.129024245241056 0.266728640117816 0.407378490301516
-0.171499932805806 0.0447466096741327 0.158831596346881 -0.00912799151676777
-0.0686532186353258 0.11081670415393 -0.0854255289091937 -0.0440556408066345
-0.00845082681348598 0.123627388773534 -0.116597968063004 0.235871531856328
0.057557055234912 0.121137489564479 0.162868239031535 0.342412323872924
0.0901594679992244 0.100474505399688 0.331809311133134 0.221559812635518
0.0801067414027707 0.107461028026189 0.354745749142388 0.142074074810602
0.0568852170162777 0.122821190556474 0.337176047131312 0.15185834952348
0.00579512759766982 0.129728049943833 0.250097646896068 0.196176056446719
-0.0732234601839116 0.0703531961198946 0.112407919909411 0.201649959417277
-0.0556701457386145 -0.0246194841563375 0.00992523590832542 0.144253328726932
-0.00473600019835176 -0.0192491982306654 -0.010896463834639 0.173715696154718
-0.0641488781815679 -0.0618350757396662 0.012287911645344 0.163919514826947
-0.0773764849079352 -0.146872246496361 0.0454095726292502 0.338499854939555
0.0802652983371818 -0.0413881047977725 -0.0460547587352957 -0.423404089643304
-0.0280746986571221 -0.114595664124955 -0.112285627039248 -0.199996591472467
-0.126080845613602 -0.0247773431962309 -0.0652695007539444 -0.126480744031416
-0.0469277054917126 0.120627267368617 -0.0300538249507934 -0.0637151379384959
0.0542375684447012 0.0943180434173874 -0.0528924043521762 -0.156319906044011
0.0840934627711296 0.0190047549073264 -0.206598773617448 -0.212271669960545
0.0705232604525191 -0.0446490635747514 -0.322654082260227 -0.185097113083985
0.0597012735548176 -0.0576351432426821 -0.352332838425305 -0.165721737203922
0.0573288764848951 -0.0446558317953463 -0.336866339819625 -0.222207079984253
0.0563646055113325 0.0218858128784924 -0.187649379104564 -0.299883390142102
0.0325736294406661 0.0663182306673211 0.0320337089204501 -0.245947931163512
-0.0530152399727171 0.0637820963030087 0.0495501847275528 0.00329208686818411
-0.0807112859439593 -0.0746079161659325 -0.174036879072959 -0.0463322920716714
0.0667835293655497 -0.11339547913185 -0.249962882226734 -0.341735871854701
0.137039563802964 -0.00338603478740858 0.174709372213832 -0.680307217121015
0.118165664308896 -0.225251267952196 -0.0977173554903454 -0.399540202945667
-0.0828917217276745 -0.243142760277945 -0.119808016656001 -0.190543655149615
-0.225690140892065 -0.0736777773262163 -0.112510504951832 -0.119095826658475
-0.128188461175771 0.183380888051038 -0.0526971909706182 -0.0247019832343969
0.0379493583428395 0.21466927026982 -0.0418156494304347 -0.103097509997625
0.148524902961794 0.138458095866321 -0.155017913740627 -0.179298698848532
0.189582102433231 0.0313610679453128 -0.268553163329119 -0.182561941967779
0.201949045884656 0.00804613566139593 -0.298432799267987 -0.168752474128339
0.198134695444056 0.0387940525282562 -0.284022220707097 -0.211534331159786
0.167422909055984 0.183006773839624 -0.153789177117473 -0.266458360059026
0.0253968294884655 0.27085068012801 0.0304464769949871 -0.204614039451202
-0.190972614981653 0.221186450205358 0.0140193224974439 0.0401501645852165
-0.326258666851004 -0.101963590157155 -0.216330531375585 -0.0451575274602154
-0.0924764741510656 -0.340421402504098 -0.249824851449763 -0.352193544195173
0.141360923509985 -0.289353198325842 0.163704930647667 -0.633888900396466
0.137400324680154 -0.386876685498075 -0.160802002492282 -0.315622240137819
-0.14789727488442 -0.351997867730628 -0.109620562239442 -0.154597014467903
-0.318971839876856 -0.106752368037813 -0.137412863302061 -0.120622215242673
-0.201149993103487 0.241587676977025 -0.0806831487188438 -0.0133084040586725
0.0196946161274435 0.322345660783187 -0.0529933141842053 -0.0474884808864587
0.198898693679202 0.245008198335877 -0.0999600020888437 -0.11644212678067
0.2839025107086 0.103068344516198 -0.180887044998319 -0.149734209444103
0.313100156554579 0.0730000094904951 -0.197975629158 -0.147568190910948
0.307589901754729 0.117028919812476 -0.183153051648726 -0.170339679113799
0.252737024663042 0.323273968344533 -0.0865514752747837 -0.196753009075051
0.0117678254164067 0.44362647669178 0.0411677570830559 -0.132805428522192
-0.310788468976026 0.35234783364057 -0.00858498853387867 0.0893531485074455
-0.532750159822225 -0.119944104036721 -0.233030501147907 -0.00853591690520254
-0.238076102779128 -0.525574007397759 -0.230941691419265 -0.301871151984912
0.130634695721416 -0.530625611273058 0.140459665088696 -0.501057757493436
0.127541645892837 -0.515811737237608 -0.224801230346962 -0.168643152270905
-0.235972316991594 -0.430134623391834 -0.067045959437888 -0.0800104939878626
-0.419252767662914 -0.110626743488082 -0.129605994284529 -0.120415057736626
-0.26011551744533 0.309414542729138 -0.108616092846483 -0.0214493789217949
0.0124771832443674 0.410995783671912 -0.0788855576670576 0.0178928786009081
0.234831435726197 0.326675607592659 -0.0393112532388884 -0.0235286668124718
0.345110803165348 0.160589838962957 -0.0683291560537173 -0.0897877407814288
0.376953126731248 0.124714864814846 -0.0679684147113278 -0.103234972201692
0.365023328113045 0.17687863816257 -0.0505994494089315 -0.106984692649747
0.296002630147769 0.416301387942822 0.00723361077522437 -0.100007865304783
-0.00497210421782978 0.551091298884402 0.0641857584877046 -0.0356468788786653
-0.382728954306266 0.429016468795946 -0.0177304558022682 0.144438175833068
-0.653303023380417 -0.122628478706139 -0.216982744191968 0.0529035064581027
-0.33338248562554 -0.628022763505935 -0.188489111271713 -0.195025920977219
0.109743528588874 -0.673702537765091 0.112890773796703 -0.304534497098465
0.0900346539631949 -0.581440022166547 -0.270872292863463 0.0340732211356121
-0.322793003809213 -0.459045461373667 0.0115503273195899 0.0354666957005173
-0.491330374418501 -0.079345226867835 -0.0853477711917158 -0.112242884267425
-0.28524054804995 0.361542018568213 -0.130582952897174 -0.0297200804885741
0.0131261866095011 0.455441888671325 -0.103463556680063 0.0965461134717237
0.249827065261908 0.360276189334776 0.0302874392715335 0.0903694963490429
0.359901017872423 0.190995345495552 0.0590555602430315 -0.0106261895600457
0.381227544031038 0.155647981027024 0.073148429084381 -0.0419475517169211
0.361477053687428 0.209947528261292 0.0905972939640573 -0.0322166106506271
0.285653490402614 0.437324127328234 0.109779343878473 0.0050908207142331
-0.0208679686063599 0.553684902769568 0.0943387165839942 0.0683430419296327
-0.379182074766803 0.412504150420117 -0.0142899203323837 0.191855813187668
-0.631961603655123 -0.112805942866862 -0.16958952448838 0.12156742390941
-0.350678706104314 -0.612772613566203 -0.127692671290247 -0.0594520047999768
0.0746032451294463 -0.688925179027375 0.0815862452771105 -0.0787948682959648
0.034048421622316 -0.559106223909691 -0.289757468803341 0.266190123344308
-0.360779105125021 -0.410984016119037 0.114932831350388 0.170982001304726
-0.481070010297557 -0.0330738896064504 -0.0141858497127959 -0.0892783090841568
-0.258600214504637 0.350512823511871 -0.138271870069736 -0.0310509522964987
0.0144742487290305 0.420926910773139 -0.114897845423954 0.177262806825586
0.226453211010896 0.335636717465769 0.101272905182874 0.20418404288872
0.320028764066948 0.190435462069665 0.183049203620964 0.0760476704704294
0.327224983731354 0.163018248708426 0.20378224287175 0.0241194513909723
0.296757142739221 0.208709929282827 0.216877033681334 0.0396157855126566
0.220122900228573 0.383778019607006 0.19786757298267 0.0955317529559681
-0.0420635533604318 0.442981693154084 0.119387679721299 0.151137051244603
-0.302729242087386 0.296469550553529 -0.00385223592203998 0.2098444437857
-0.467580693571595 -0.0952352245862637 -0.107855105638943 0.172876580426386
-0.281254764865219 -0.482694432709656 -0.0641224299837593 0.0626258470290421
0.0311434320281443 -0.576247892516457 0.0567580817608688 0.123476842922258
-0.0206958676566984 -0.441092119407916 -0.279494006192208 0.48186813999871
-0.319946708623259 -0.293740294257453 0.210478533302844 0.30026854027592
-0.365107028122504 0.00976563586255691 0.0704317615426134 -0.0523334395982723
-0.180544844329065 0.258071822779977 -0.124762398284941 -0.0304026824610505
0.00540998139984389 0.299993957798898 -0.115831990281178 0.234722995926629
0.15811231667538 0.248877606404046 0.155808012613923 0.29448801955089
0.225547320403381 0.157818852265927 0.283727838167888 0.156172553064081
0.222117038284705 0.145716777763366 0.304785576658662 0.0851410298659459
0.190415226955212 0.179345150888326 0.3036855416354 0.0992664349439977
0.11674792561529 0.270944752848831 0.248019315084103 0.157006919266824
-0.0643768969224775 0.264880425451995 0.12803842035268 0.192602707814032
-0.183914102729195 0.127056968105179 0.00685199370757479 0.189764251998628
-0.226583045731826 -0.0665053809790718 -0.0464864876397359 0.188627800319114
-0.166674142071137 -0.277264060940637 -0.0147415925815732 0.138129750485209
-0.0214614569781132 -0.376670553961993 0.0437325693068558 0.266728059847159
-0.067834668788528 -0.243095213807869 -0.249315508629373 0.643127975290218
-0.210727205661612 -0.122939001947538 0.277743884296452 0.40007134080469
-0.170280607490498 0.0456145341310215 0.157141352863818 -0.0139455578027801
-0.0679922793971867 0.110548014503766 -0.0927368408615926 -0.0422346967417074
-0.00752039077496711 0.124747655366401 -0.113613701318203 0.247871731655794
0.0589409163768955 0.120160884736337 0.175602243734833 0.344121999258718
0.0926919987871458 0.101212467940192 0.339832329060752 0.216899629177392
0.083370007242487 0.107779267400849 0.361803875088456 0.134664758198038
0.0615861409574183 0.124661864376561 0.341739610985254 0.139863693200357
0.00890873505664309 0.13132442576143 0.255865612738751 0.18558944854756
-0.075248129986528 0.0731884642116492 0.11934092865822 0.195135058792429
-0.0605567013951481 -0.027008436746995 0.0167680971991863 0.140760306712397
-0.00210806259521448 -0.0242575267284657 0.00359005444698906 0.17440728279475
-0.0610071955490191 -0.0593571615264487 0.0170199621784572 0.167219123015647
-0.0765618863517048 -0.141974737510645 0.0453745656032549 0.339889443259762
0.0771895921378601 -0.047255994261306 -0.0572063227810736 -0.422577388991054
-0.0370346672363245 -0.112690524536122 -0.121498551807136 -0.197321006777375
-0.128875084317084 -0.0159765164129803 -0.0786615196763812 -0.120533684230672
-0.0376523545825968 0.124587075371773 -0.0342367283657601 -0.0562232525805926
0.062266326812644 0.0901656524378219 -0.0573269234721881 -0.146167206036301
0.0867643609576315 0.0119354353599913 -0.212934356904378 -0.197373629542263
0.0669817750903932 -0.0501328658571502 -0.329826773472744 -0.167286111255076
0.055147874057377 -0.0617308931927354 -0.359234228952576 -0.150060307302136
0.0533771229443807 -0.0487924494959599 -0.345830067654064 -0.206611886823953
0.0597406250993951 0.0177026837187177 -0.201840004068168 -0.293999740193261
0.039027044795124 0.0641986030481433 0.0214005370365528 -0.249758726628975
-0.0471843025221017 0.0675223835933687 0.0556280825166152 0.000707604956690259
-0.0861658105754894 -0.0684970864716115 -0.171999130419857 -0.034314547462671
0.0582064722844681 -0.11835893757473 -0.260076341649116 -0.323860965578616
0.137048402647361 -0.0137839552448606 0.149728301329796 -0.686755179739286
0.108222103185182 -0.233273847240354 -0.105505171190896 -0.395242147975466
-0.0957925128942308 -0.238725773099854 -0.127353835246689 -0.187294424875182
-0.231054601167885 -0.0610853438330511 -0.124747408044149 -0.109453132365482
-0.116479249884856 0.189506081261185 -0.054623443487982 -0.0162722856683578
0.0518306048677363 0.210630141837513 -0.0425793302648337 -0.0938398876256886
0.157358213750424 0.127732134313882 -0.15893275555633 -0.167629120317747
0.189165754328467 0.0197813723442738 -0.274651185261824 -0.167758741199859
0.199750138594988 -0.00324177010262865 -0.305915147054963 -0.15723657028728
0.196619719695886 0.027762608233493 -0.293195368941433 -0.199049895719007
0.178097428414955 0.173355619802435 -0.166038632346933 -0.262375073335486
0.0412589790008853 0.268639606979659 0.0222556861059917 -0.208314658829823
-0.17783613302101 0.229079548789461 0.0234939335964941 0.0399975973750504
-0.331990997275027 -0.0855607879884708 -0.213419946564168 -0.030362302417173
-0.109467450156932 -0.337818292045547 -0.260508636714309 -0.332362125770228
0.131161866332796 -0.301600078209968 0.140466389665766 -0.638990045497186
0.120921029010003 -0.397352791021064 -0.165990905175276 -0.309236678033746
-0.164221168871149 -0.345293500347679 -0.115595650239858 -0.152770219876131
-0.327364610119717 -0.0920631677339711 -0.149260506564026 -0.107874074672171
-0.188168619602803 0.249500810664356 -0.082151108540875 -0.00397149910709982
0.0370623923490993 0.31853027255626 -0.0503594481570092 -0.0360556293019931
0.211269469720602 0.231661230406637 -0.100534474919713 -0.107907185590755
0.28694394233429 0.0874023173519595 -0.187015686545746 -0.13899773204379
0.314434501206675 0.0557059066856202 -0.205163736554452 -0.14089967408586
0.309847904951913 0.101289577128384 -0.190841879404485 -0.163697124326297
0.269172341941657 0.309927507010183 -0.0947352790461694 -0.196532415553411
0.0342503962884042 0.442733996665259 0.035930264537485 -0.136787529136899
-0.292819905401777 0.364066488564791 0.00452082705693432 0.0906237740039251
-0.539060867937554 -0.094638737806925 -0.226579201770997 0.00556278590657254
-0.261295123279761 -0.517349018475364 -0.240178045300788 -0.283750614166004
0.111713061754683 -0.542811299663896 0.12280486081943 -0.504925601730479
0.106808647515626 -0.52348972566851 -0.224351145944906 -0.159031996117626
-0.252847817278368 -0.420382265156621 -0.0708052087688623 -0.0813601918008574
-0.426232172473204 -0.0929275157421594 -0.140807039745402 -0.109064603903394
-0.246978281731047 0.318881138370225 -0.111343030361794 -0.0103838682565526
0.0329112754622658 0.409405355183262 -0.0730489211598761 0.0310159257682047
0.251998650456239 0.310841819203017 -0.034923889411908 -0.01845279333102
0.350003909950181 0.142114952975902 -0.0717994057257404 -0.0850365378862564
0.378844635396736 0.104658750213772 -0.0730403592727019 -0.102626720243295
0.370148619487757 0.159450976892013 -0.0557251200640709 -0.107077849382756
0.316699829996605 0.40065472177133 0.00283809916257425 -0.104948644757382
0.0237340917306483 0.550081732559043 0.0624366375354701 -0.0411499924106082
-0.362573617333008 0.443231235231734 -0.00157476791364455 0.144946346746567
-0.658240099059602 -0.0950713798889089 -0.204931022673613 0.0659674259623168
-0.361230023707267 -0.616546030655804 -0.191189800210492 -0.178020129485096
0.0846672896001253 -0.684880827851859 0.100499475507136 -0.305523521040392
0.0681248416126296 -0.586647013505962 -0.263595412292108 0.0464074254662402
-0.339297233792666 -0.444217138824665 0.012694237502823 0.0291502513217574
-0.498172795264379 -0.0618446171456575 -0.0959610781577917 -0.102265611833493
-0.269473672877679 0.371260258415226 -0.135016999955728 -0.0192213194490456
0.0339482157711611 0.454413864902821 -0.0944473966996327 0.112234357657898
0.266304627183122 0.346606986446665 0.0406319267971408 0.0904742255676126
0.366704315801872 0.174721400266799 0.0581814051417979 -0.0122926340080616
0.386772044693537 0.13621528777115 0.0699915991761191 -0.0476840588181137
0.367653032916184 0.19234711435954 0.0887105279844466 -0.0395121375650018
0.307005031921645 0.421283651176161 0.110639798908746 -0.00486912644469869
0.00586474672697689 0.552245532297958 0.0972094753775989 0.0613724362749701
-0.360849516460097 0.426018886520579 0.00320253121586628 0.191238348301146
-0.635389846042384 -0.0863983870468515 -0.153662824707276 0.130612472688724
-0.3756785814788 -0.599709553400757 -0.1251200764737 -0.0458420330109022
0.0516735798565747 -0.69756255402129 0.0757781967948195 -0.0778760982099431
0.0137820966234753 -0.560815976583907 -0.27418230217127 0.279791209780624
-0.374415209788405 -0.395005199120881 0.121245293902733 0.160594865749032
-0.483878448195108 -0.0158437684729555 -0.0222483769127805 -0.0842232140247654
-0.243322628855434 0.358634012808741 -0.143579449114234 -0.0214677773519737
0.0313057219162837 0.418366022809686 -0.103271592090682 0.192779395338354
0.240234139945292 0.322359837766345 0.116816570797031 0.201022937450629
0.327250147962272 0.176004240436489 0.18622841130366 0.0677973809653289
0.333302388378688 0.14680332879975 0.203319118059279 0.0133547167649321
0.30521770541652 0.196157048521543 0.217209368660666 0.0263528340183575
0.238680208200588 0.37096829858491 0.201929247685602 0.0810308692509134
-0.0211080886572281 0.445363533409856 0.125815253876157 0.141846939307392
-0.29080174875789 0.306135953321059 0.0134180862428542 0.20794631251088
-0.470170878716243 -0.0784171501925734 -0.0876340104227992 0.176785415437068
-0.29853153523127 -0.469643785780463 -0.0578896617314546 0.0712337498661708
0.012664157248877 -0.581179061515409 0.0581959383649202 0.125589162761117
-0.0358131380250989 -0.438615046690598 -0.258998616827763 0.494301091324927
-0.327874456307527 -0.278979938201439 0.221285039890738 0.285427002886679
-0.363770333783107 0.0233332911749451 0.0651772865881781 -0.0540266776993887
-0.170754056481346 0.262379001517749 -0.130728436159765 -0.0223839696204918
0.0171374494704317 0.299109353948837 -0.103185038649243 0.248324543789059
0.167308503021721 0.240205487439701 0.174662042011561 0.28828142225995
0.232038857675928 0.148440111829242 0.290276125589928 0.142679397248145
0.228239690187089 0.136109479010129 0.307563917813347 0.0712890377294371
0.197206789255653 0.17131280661048 0.305913475028359 0.0821851265143598
0.129166698611794 0.264730816527004 0.253616181177608 0.139401062217469
-0.0530864762080403 0.268039789314259 0.13649665344693 0.181715026384522
-0.180487518122027 0.132215236920398 0.0204612188840926 0.185460133337513
-0.227626870018272 -0.0608085318622512 -0.0273754800045826 0.188265953754128
-0.173857244319836 -0.269342014213609 -0.0065461670949411 0.142957173253415
-0.0321503645011801 -0.373512935274673 0.0494436518165761 0.266923131446098
-0.0753742655991628 -0.23664198780452 -0.224105920144185 0.65520452139063
-0.211785200390856 -0.112502539039991 0.291600233316001 0.382862221901599
-0.166703930307032 0.0496709552190894 0.153588742660722 -0.0221676713028941
-0.0644178855645431 0.110818125574197 -0.0995499776595516 -0.0373919193835815
-0.00437428665643505 0.125388751824712 -0.10242449641801 0.259168403976031
0.0618778974956455 0.117618996300832 0.194684565015876 0.336977655294904
0.096509320343261 0.0984344967300583 0.348836512371736 0.20080081906157
0.0889323463324484 0.105657449746474 0.366224137988942 0.118189640956824
0.0672805001076085 0.123680452471229 0.345344693318478 0.121101643835132
0.0138083797162771 0.131198961245978 0.261418681314154 0.167751807109128
-0.0744326375419161 0.0775894904404973 0.126876839051963 0.182566061045118
-0.065024333239073 -0.0263257885632345 0.0260875593369734 0.135687993070143
-0.00136255901492089 -0.0300819524464426 0.0208782905306231 0.17088981463737
-0.0581650398808884 -0.0545599804060806 0.0261469313456635 0.168675636628821
-0.0783356304792456 -0.13523117085136 0.0526241437511177 0.338023140379748
0.0713082442359119 -0.0521495066713431 -0.0676399863272224 -0.409748153664752
-0.0440003020484193 -0.106177936048137 -0.126920579084765 -0.187735275850842
-0.127023423841137 -0.00593652495162814 -0.0885621411167455 -0.1093025371467
-0.0270690953495673 0.123502609122062 -0.0367340155806549 -0.0472095271048015
0.0681071297653786 0.0826754846377044 -0.0589248195799033 -0.133088019249215
0.0860976324041912 0.0047849041959574 -0.212339725718017 -0.177208861230743
0.0607679374072372 -0.0540546201742998 -0.325372532934786 -0.144104893165863
0.0492555093054438 -0.0638290908000464 -0.355505903911332 -0.130246404183888
0.0472136682389669 -0.0512819923560721 -0.346053774678853 -0.184858084429949
0.0604648165421894 0.0130291739934002 -0.209920471897591 -0.277364746164227
0.0436532931553523 0.059050645572074 0.009674555515737 -0.245965634533555
-0.0394486175904514 0.0685445528094483 0.0603177324431009 -0.00251913246690834
-0.0895896796485881 -0.0594067178360571 -0.164988864489689 -0.0218004551219255
0.0474564056122803 -0.118796153102085 -0.26151592674729 -0.295720037710886
0.13135184679456 -0.0240959051515381 0.119089987339065 -0.672396386483317
0.094378378397186 -0.234025942266485 -0.112155396024249 -0.381245113386931
-0.105778542866423 -0.226857521904721 -0.132565082753676 -0.178394389488817
-0.229139809731675 -0.0458815051226708 -0.132251279022461 -0.094827204265707
-0.101092708049149 0.189721079105547 -0.0546087146177891 -0.00737285551202335
0.0628986040562921 0.199986437727405 -0.0406795228852873 -0.0820701975742767
0.158921397121116 0.112594979384195 -0.15769781313418 -0.151329437654929
0.182334706239204 0.00787301194701354 -0.272544640907275 -0.147687483080732
0.19154193662272 -0.0148511063271349 -0.304263898194565 -0.140059785300035
0.189820616955564 0.0174746404162385 -0.294153970774712 -0.180306649464571
0.182518143890208 0.157961585020307 -0.173759155977691 -0.249720991968643
0.0552411867094041 0.256630626074736 0.0124371443542665 -0.205234827895028
-0.160073355762188 0.230208914740925 0.0322171080232743 0.0375577027834883
-0.327547259464836 -0.0666682744256502 -0.203324491995057 -0.0158906750575452
-0.123004860325879 -0.324759761505461 -0.259578439592728 -0.303558950800077
0.115199137469871 -0.30479837498184 0.111752189404276 -0.62290559892532
0.100053007458201 -0.394300634016503 -0.167781255467719 -0.294497296644218
-0.175098545611944 -0.328761409685871 -0.118684843413205 -0.146736616425542
-0.324220829326669 -0.0735303939986201 -0.155183154470472 -0.0914881455572225
-0.169841172810215 0.25063555627227 -0.0807949709424855 0.00555900367397311
0.0535463125816948 0.306153640016502 -0.04385447809863 -0.0248335642719117
0.216233715436223 0.211021728682149 -0.0971150796365017 -0.097500927984637
0.280862555446311 0.0691135843868169 -0.186503047604114 -0.124617016497141
0.304939763246287 0.037817507046431 -0.206665955608714 -0.129045459466261
0.30238293772666 0.0837845661200188 -0.192594783128965 -0.151862904887794
0.276540208246032 0.284873865639478 -0.101383536744463 -0.188997173175751
0.0571988048016887 0.42633108431311 0.028946941564448 -0.136402098665587
-0.266400717272775 0.364033522230928 0.0169349277602668 0.0869530639938555
-0.527655403279799 -0.0679352876360161 -0.212426803093723 0.0194325111045749
-0.27808836307351 -0.493498115150042 -0.23693817777312 -0.256926726194857
0.0884591818598775 -0.540002463758498 0.0987322851181269 -0.493427659401461
0.0832860779306178 -0.515614994101619 -0.218174775365843 -0.146375378781833
-0.263003486782044 -0.399228838104301 -0.0725243245810649 -0.0801517043840377
-0.422530842529347 -0.071473589813368 -0.145712976959598 -0.0920855594294385
-0.223333521579529 0.319126034872278 -0.110723222707578 0.000307398254245384
0.0508713824091327 0.394094853200393 -0.0634713823403246 0.0431172990345561
0.258344612406011 0.286709186652691 -0.0286735569348554 -0.0149917633250521
0.344891599634169 0.120768756450578 -0.0736202100569449 -0.0776675621882897
0.370767482716728 0.0829942367357108 -0.0769181120736972 -0.0982770927456736
0.364765183311835 0.13790758787924 -0.0591312298025504 -0.104177520339396
0.327170774982931 0.370708712072045 -0.00165028967363706 -0.105678214874231
0.0497705342189733 0.531774469214268 0.0591087133559517 -0.0447447288141408
-0.331124953516797 0.442752961091094 0.0142980658557645 0.139507928233288
-0.644460178989128 -0.0630668201139474 -0.186749980101111 0.0743861967469199
-0.377288500276821 -0.585553770377773 -0.187263576917648 -0.156631056658037
0.0572024598851988 -0.675863142011783 0.0836415163229665 -0.296619414251369
0.0436781380717781 -0.574805864222123 -0.24899478753581 0.055326558930565
-0.346125797234274 -0.418241422571443 0.0130846817158498 0.0230199737743761
-0.48854448787224 -0.039690526345428 -0.101738768973375 -0.0888182138854791
-0.244778711348397 0.370953569150794 -0.134923690253539 -0.00752814047309255
0.0549990077685816 0.43774811334222 -0.0805142888065008 0.122747323621311
0.273671521316556 0.320822087129392 0.0498074076560413 0.0867471369351179
0.362331620330378 0.150112013667442 0.0557576375085209 -0.013299733411702
0.378879693293457 0.113124070345184 0.0650069830438239 -0.0520596137532058
0.363911966062252 0.170992064236574 0.0836348040629765 -0.045500476252656
0.319107665481094 0.39196147377186 0.106157213766962 -0.01432462748342
0.0333759469715449 0.536088133286157 0.0967582455793388 0.0524469565599718
-0.332179026539254 0.426521349339179 0.0202362494251586 0.182580162960742
-0.619683315761497 -0.0557371772557975 -0.133241531717858 0.13346463322442
-0.389269175860295 -0.566405838705763 -0.118201134816407 -0.0322768852203044
0.0244973264400421 -0.683927765789161 0.0693074521203154 -0.0752703763793613
-0.00685045426664351 -0.546486130142935 -0.251602068471479 0.283466223090736
-0.37694725948365 -0.368142510908696 0.123800990177943 0.145932644296027
-0.471529262313916 0.0030114930419351 -0.0282224947564932 -0.0763624786133324
-0.223040655394563 0.357419129582793 -0.14442372628504 -0.0101177890678454
0.0510304960012437 0.404516845590754 -0.0871290436149615 0.201314442405595
0.246311182077869 0.300329755222777 0.128868525292102 0.189785650309964
0.324583366751647 0.156191603031497 0.183132994564961 0.0576684552260687
0.328320896348503 0.126651819545746 0.197216556059743 0.00155831002855474
0.30391838445192 0.177138905010028 0.209869941455119 0.0118349471364645
0.249828241404991 0.347335152837554 0.198170027926581 0.0639093823631867
0.00115047397933617 0.431532690090045 0.128231562224968 0.128089228022142
-0.268898748337643 0.30709479102426 0.0288925115652207 0.197530539809242
-0.458361500616402 -0.0573826175800921 -0.0664941726475066 0.173610482108453
-0.307909316843708 -0.446585205200128 -0.0483518010443164 0.0779717364749909
-0.00640622802406591 -0.568054962294368 0.0580828778495843 0.122746494553336
-0.0498704951136357 -0.424175923501587 -0.230837002749135 0.494038297057134
-0.325461560778386 -0.256274109022758 0.226228646723867 0.262931220195106
-0.352088856533181 0.0351803654677229 0.0584158110482717 -0.0534045135167837
-0.156103791285563 0.260074643292659 -0.132597607974233 -0.0136925440486159
0.0287235482132547 0.289301501359657 -0.0864285722735882 0.253655687640283
0.171396345990693 0.224817937767492 0.187329277996452 0.272034370624669
0.23122583094267 0.134228665975091 0.287942187426282 0.125386129998273
0.22723826811902 0.12178802249993 0.300700163018015 0.0538141144270523
0.199235867653882 0.158390719627826 0.297875182511949 0.0628470862672727
0.13762804498595 0.250338650663005 0.250778778267269 0.117903607879806
-0.0404795339649655 0.262580847163845 0.139187242827983 0.164546434245104
-0.171500177513585 0.133272580427858 0.0329546639584535 0.175327038471536
-0.222511782372957 -0.0535450834139462 -0.0074863990340772 0.181015643403499
-0.176273603985095 -0.253979387568276 0.00350793190519731 0.143007053471457
-0.0411371751068082 -0.361423741318379 0.0547884181716959 0.260276042727736
-0.0796594271137785 -0.224465607751974 -0.191633241285169 0.64778290658786
-0.205875859234947 -0.0987285872663968 0.298384495047175 0.353338816718707
-0.158439947010497 0.0525589278505434 0.146303731243434 -0.0288647926935203
-0.0596594292123868 0.108442969623955 -0.103038842586891 -0.029876066744225
-0.0002110529023264 0.121937532061752 -0.0879458555610609 0.262431124137587
0.0634985549939587 0.111520007410335 0.208887217172218 0.318813523357261
0.0978739331055194 0.0930962081713379 0.347453852617746 0.177407258020577
0.0916415122075063 0.0996239487999293 0.360830583358837 0.0964892151846656
0.0726099292583027 0.117890881288872 0.337591434652698 0.099444104591657
0.0177625386543794 0.126935454772357 0.259176348839988 0.145572582534069
-0.0710698607656867 0.0797340362496005 0.130045501768946 0.165438083363522
-0.0675970897600855 -0.0250116107431434 0.0334939255758294 0.125462373405419
-0.00126560790541912 -0.0340442115494014 0.0365101519313529 0.161474836795235
-0.0543020608377367 -0.0499650922808174 0.0343220828712114 0.164614175041412
-0.0762390265614502 -0.124834971309999 0.0593896819478313 0.327146143850274
0.0585444897151456 -0.0636489027523468 -0.109919310401367 -0.3779672964135
-0.0569249725172338 -0.0946873624226979 -0.140706593633724 -0.161108106249554
-0.122721147046839 0.0121038286695395 -0.096671568683951 -0.0874645945796679
-0.0103025843672868 0.118744561247733 -0.0375109911868395 -0.0378563389527422
0.0755535717396998 0.0680311408885133 -0.06780092255208 -0.119368000957127
0.080996925662208 -0.00697725939775148 -0.219199077111365 -0.143802988969115
0.0479293648882889 -0.0578575714424673 -0.326480229552022 -0.101885961774055
0.0369649489410469 -0.0659538920799809 -0.349233227069346 -0.0826422173582908
0.036637931715377 -0.0525037496556979 -0.347931297255588 -0.136925815248049
0.0596795429248503 0.00546264179386744 -0.231419822251684 -0.239949449943193
0.0491224386279759 0.0497949859012336 -0.0157306071898192 -0.238248594418326
-0.0274804066992749 0.0678262169578524 0.0636615008631876 -0.00936958975324448
-0.0915063742077487 -0.0399950720962285 -0.15839691434211 0.00222222909417138
0.0243694949838848 -0.110288773525559 -0.276372252567424 -0.249344669000682
0.10821169292853 -0.0441350010858198 0.0440694391428363 -0.655563895211751
0.058646707758169 -0.242974687111997 -0.147871457723566 -0.330127919789454
-0.126522068516055 -0.203594264563915 -0.142743325357718 -0.148192570333605
-0.223510663343074 -0.0152185789157969 -0.131447569066831 -0.0653409673986027
-0.0737519490653495 0.187620683372236 -0.045286183985166 0.00123346259241376
0.0824469301573695 0.179132041766397 -0.0402806574502145 -0.0765402039672301
0.160640407398137 0.0871798132886246 -0.162067395004044 -0.13144603527185
0.168166710568784 -0.0128177152723232 -0.274667924259179 -0.114919352001698
0.176030662390066 -0.0357202029680776 -0.302121284387663 -0.09952120351284
0.178096522429202 -0.00379788860017474 -0.295412261076746 -0.14223426367005
0.189290018637869 0.126411631792614 -0.188195119067622 -0.217669396754436
0.0824647202380061 0.233839472565118 -0.00341416402067323 -0.197737864772329
-0.122448699223288 0.229497243774122 0.0452183069572932 0.0373073257034638
-0.313706722483114 -0.0186056349961565 -0.198352807860217 0.0181958095390673
-0.154257913814178 -0.282673836611959 -0.287582023858952 -0.259434780475864
0.0611615148447164 -0.301555751865883 0.0430170451131106 -0.615840862394414
0.0468409551984168 -0.399705392510004 -0.188474121123784 -0.227197903801587
-0.201373509121745 -0.292922424350537 -0.122828726983378 -0.117816754579812
-0.316903891326066 -0.03201419618743 -0.148307874523653 -0.0574497780718828
-0.133012291555924 0.251017647155011 -0.0661957068481006 0.0172011738470743
0.0839562108580183 0.279561050617406 -0.0332338966815104 -0.0250164870125775
0.225029247835213 0.174611920620518 -0.0964942846852255 -0.0915040401554787
0.267249745566467 0.0345239432725609 -0.187597882640337 -0.106103616661408
0.288646623598331 7.77236389254464E-05 -0.209058677176244 -0.100551540294811
0.291337303344194 0.0461336580130699 -0.193989939896141 -0.127019094699558
0.291443836671615 0.234719650284432 -0.108635037376043 -0.170335479259159
0.102759247821368 0.392150357890415 0.0240727718515447 -0.13272423250533
-0.2071923557467 0.36450612818224 0.0392661741513909 0.0900041233249758
-0.501230909223447 0.00268857784853279 -0.205507794771485 0.0567114265923746
-0.313467644164557 -0.422825750395157 -0.271186319497773 -0.220536749952282
0.0109916515188998 -0.514853977289239 0.0448266497537518 -0.495099009958672
0.0164895771969793 -0.513676830392626 -0.216872843561698 -0.0715974072867464
-0.289922295597897 -0.351667732795851 -0.0694166607258453 -0.0587689358542822
-0.410112264194119 -0.0209522454651022 -0.134618766805264 -0.0589735691934557
-0.179030592095039 0.320692788101526 -0.0931298592322607 0.0148044743159835
0.0906190613789295 0.364950669311371 -0.040032280719731 0.0395445522327024
0.271705060006268 0.242090945491879 -0.0200880482643324 -0.0251908837960743
0.33279475560221 0.0761617447299652 -0.0728061574391298 -0.0758712048344775
0.355316403999201 0.0363408415880848 -0.0828728856691501 -0.0871755938266175
0.355413308619584 0.0891689383704342 -0.0617880014965904 -0.0966622908517622
0.34857954564532 0.307028540303444 -0.00343650703140993 -0.10271337542978
0.109958195166101 0.490462477455537 0.0647539332831764 -0.0491400739302943
-0.26085285165594 0.445605395334664 0.0437750838821367 0.142455761314258
-0.607255844519305 0.0185193526672645 -0.176393683807014 0.107800095527463
-0.415262119262667 -0.496996876251653 -0.218522606212773 -0.134395463431018
-0.031084190654115 -0.638064809473312 0.051239456439848 -0.310504275720664
-0.0273365122375726 -0.565186245944608 -0.220556845182101 0.128951439080751
-0.36850191368694 -0.362962374230104 0.0253423692412883 0.0295620571692773
-0.469080863906107 0.0158052094457777 -0.0881903585999481 -0.0621274280486223
-0.195453567988932 0.370047678193424 -0.116477182755903 0.0094980315365229
0.0967938849443067 0.404523012300738 -0.0467395638768645 0.116567207327819
0.29025404194112 0.273098849027632 0.0660786211609217 0.0611002364163675
0.353741726367228 0.102706926701472 0.0588094831630356 -0.0292924029554119
0.368308077436875 0.06394460210657 0.0552763038528863 -0.0593925005121078
0.360436445169487 0.120698059556971 0.07876326381017 -0.0573076012189392
0.341768751854738 0.327558059506863 0.109170521675749 -0.0297204754265852
0.0936727986461624 0.49567202175575 0.111015425967016 0.0391099005708814
-0.263196624378624 0.428231192797729 0.0528941059329864 0.181896286142581
-0.585293758225796 0.0205085024378146 -0.117196588420462 0.15555022439312
-0.420855685436978 -0.482301366223248 -0.138443883676713 -0.0235698570416966
-0.0590786305319827 -0.640852776571057 0.0599487589909703 -0.0965128313348484
-0.0717587781009202 -0.528313808037443 -0.196408962908871 0.344088478384557
-0.390458533401845 -0.312170555274237 0.144045812761261 0.13076711270601
-0.447610343092078 0.0519193467859401 -0.0176811773470923 -0.0620811614885339
-0.176224753685213 0.355576488600596 -0.127774178324286 0.00773792847621748
0.0879283455467944 0.374180478713253 -0.0455312982680632 0.193234347920546
0.262488856930509 0.257816434475797 0.152107985684764 0.151018073823788
0.319070228185718 0.111760220984324 0.188963876746633 0.0257154350493377
0.323435873143593 0.0834588357686076 0.187131648598358 -0.0238248389980795
0.305305264687861 0.13300359526709 0.203425478367442 -0.0158621261514999
0.270506683885948 0.294185093750067 0.202432783320031 0.03350271916808
0.0502543549594934 0.402425515359922 0.145185086221178 0.106218529083107
-0.21940579615242 0.310432138058445 0.0585002065275666 0.191261760517391
-0.432594965939269 -0.00168166116052896 -0.0462760423083753 0.179157906920318
-0.330536700606532 -0.378954511040388 -0.0547323983478336 0.0730611684889606
-0.0694576664052772 -0.527477079157343 0.0695020416142615 0.0965875187746006
-0.0958690924059275 -0.400923925976772 -0.153212887607294 0.530633771103251
-0.327862955190361 -0.210711214655573 0.252015097672271 0.226923877228127
-0.329096831263233 0.0675825618474948 0.0624451976164803 -0.0551587966817531
-0.123866589768977 0.257592748997277 -0.122431781082081 0.00256486633138219
0.0545974274465844 0.268958596112923 -0.0427790602509858 0.246985297022229
0.184133389978725 0.194770821895804 0.216085343995584 0.226635422828114
0.231339153267436 0.102974759962599 0.295019008939063 0.0813121247387717
0.228171681188599 0.0896256482149994 0.289608442867795 0.0154565472279029
0.20561099007388 0.126625740602909 0.290315530003506 0.0224193276350112
0.154603010270511 0.216073197901465 0.253913065237515 0.0789101182610712
-0.0082350686901847 0.249086335794583 0.154329153207326 0.139023252199517
-0.14703614822153 0.139141381957061 0.0544507748188714 0.16455971469584
-0.212552139035178 -0.0280331821529728 0.0146907828339583 0.172571803635487
-0.185689371450206 -0.217514396522331 0.00986194213164126 0.131784653627024
-0.0737941932320835 -0.329836407176211 0.0774762280981337 0.23394025267922
-0.0992140679426874 -0.202297968894362 -0.101036148602521 0.65609158047631
-0.198436614214801 -0.0721660309171708 0.326322033556895 0.299516595804247
-0.143755706556446 0.0633570585959563 0.140269521187647 -0.0466011650184815
-0.0479130223127894 0.10593155527332 -0.102336694369717 -0.0151599280060455
0.00957953874237065 0.115150274412461 -0.0473731270073519 0.26176446187781
0.0705145098192281 0.099550467395652 0.239272591396864 0.275157311337097
0.103781858335584 0.0783371808339362 0.357823471654316 0.128871161739662
0.0987877499294578 0.0847162529651962 0.350792567923765 0.0498711693828392
0.0822615902483811 0.10283554906671 0.328402046532354 0.055556118109383
0.0290657153687324 0.115767590864321 0.260908618541057 0.104346539118739
-0.0597525804705652 0.0819224616878604 0.140500620438174 0.139476777083088
-0.0685761155933163 -0.0184346839659493 0.0451584566060024 0.112904492166231
-0.00389521130058196 -0.0373969142438702 0.0586123994511634 0.143622603245756
-0.0490051309517473 -0.04206591518807 0.050216658581483 0.152633131711884
-0.0766890532546627 -0.10492399926649 0.08701748959273 0.303022797127293
0.0545179082545306 -0.0621226063821301 -0.0938749765137218 -0.366214465691495
-0.0552696987203204 -0.0894811594016279 -0.131976732436547 -0.157251495439095
-0.1174818777753 0.0127404753423291 -0.0964193045916839 -0.080229082854562
-0.00801779953153644 0.113173948794138 -0.034731995675112 -0.0323428870346498
0.0731536677249848 0.0638961028178667 -0.058564297025972 -0.110789620316778
0.0778337162452249 -0.0083688026052992 -0.203088825823793 -0.137270536137525
0.0449387313591483 -0.0561296576001818 -0.307206880747721 -0.100408685517544
0.0347301263465083 -0.0632995252016847 -0.331967638319766 -0.085154389001277
0.0335268234138918 -0.0495978863539034 -0.329940477154673 -0.136815276575141
0.0578419923968918 0.00431471334253185 -0.218682221141189 -0.233875274324588
0.0481972258691018 0.0466623655929152 -0.0123548132871873 -0.230156844265717
-0.0248649104005156 0.0643955403662239 0.0656102307919541 -0.0106556297128358
-0.087377174595705 -0.0369037741025697 -0.146706394054954 0.00199477931814564
0.0224482243553709 -0.104869424463077 -0.251807996832225 -0.238886557404902
0.101727760029195 -0.0429610889018482 0.0566891141581346 -0.624828033825031
0.0588154481031545 -0.233799285312226 -0.130429290126616 -0.321179613497963
-0.119358711476979 -0.194865593038623 -0.133014404312966 -0.145698560853459
-0.213355474862636 -0.0147295550123926 -0.127717082509552 -0.0584645019752476
-0.0702549761943208 0.177407581760205 -0.0425905116664288 0.00584610300605588
0.0776387989662563 0.169507658969499 -0.031063826694174 -0.0694950784721732
0.15184132029013 0.0825463982452823 -0.148174255038316 -0.126258478700761
0.158331030183976 -0.011414210244371 -0.258097606269539 -0.112473665972885
0.165864370741529 -0.0327071808639562 -0.287850538158268 -0.100551659614982
0.167221765924768 -0.000691458054892165 -0.279967519479993 -0.140426700506472
0.179411144139388 0.121795225519645 -0.1776831917865 -0.213024739614341
0.0767355635153233 0.221900506201341 -0.000190481329475405 -0.190755489716033
-0.11917599279398 0.216027608786841 0.0493455620749437 0.0337401392578427
-0.299058428493013 -0.020784622285192 -0.184540390243272 0.0154420998648985
-0.144863464917755 -0.273129212604624 -0.264158674686292 -0.248741699261608
0.0623029549602529 -0.291037338411545 0.0560643059570955 -0.587386272912741
0.0506588151003877 -0.382431608445073 -0.169909364566901 -0.224392022986858
-0.188864984550992 -0.282837625908462 -0.115810954840223 -0.117632333384592
-0.302536770497603 -0.033258982351077 -0.143822260986292 -0.0509740857956421
-0.128600297636241 0.236668484461755 -0.0633589489920926 0.0213239247107973
0.0776739794692041 0.265912836525945 -0.0245489426292407 -0.0198948312362169
0.211460431788364 0.166807109185197 -0.086076730230568 -0.0889289480645776
0.252031042476137 0.0354390630918043 -0.176311686217161 -0.102236346124632
0.27307389664581 0.00365701355362385 -0.199112183332259 -0.100654563633616
0.275099960583571 0.0486875742709075 -0.18423249327968 -0.125539416182542
0.275185864719044 0.225893776856707 -0.102439138878496 -0.166845680055726
0.094549436754296 0.372191419006552 0.0247438091218322 -0.128602365357178
-0.203166752269552 0.343263194001475 0.0434716374278421 0.0830775231195728
-0.477252280278536 -0.00486096505104263 -0.190780725803249 0.051781250387223
-0.293324696580483 -0.410220335346779 -0.247857046171441 -0.210798251345706
0.0197342720237748 -0.497015803465193 0.0536107444166267 -0.470640663337011
0.0247535516366907 -0.493958922577067 -0.201700675669677 -0.0745715578799663
-0.270622260276222 -0.341496359105088 -0.0658644282814934 -0.0612355788462022
-0.391717157604047 -0.0259212836293399 -0.130510383004574 -0.0522187086199357
-0.174427619199061 0.301521776872107 -0.0895042650790054 0.0188575058632134
0.0820886258682218 0.346320904810169 -0.0308508493274301 0.0418269295179675
0.255188361964607 0.23354057183812 -0.0135295237420856 -0.0252842763285915
0.314381421562593 0.0765859220772065 -0.0675651355245486 -0.073106185845834
0.336379681630469 0.0372735175599928 -0.0799054950577976 -0.0851238944229558
0.33721573312871 0.0912219446091914 -0.0586417176896574 -0.0954586447041013
0.32901226677411 0.296919276521284 -0.00303588948681731 -0.101509284064689
0.0989305029716152 0.468049858955409 0.0619309673700448 -0.0475437276259775
-0.255516381990332 0.418654783423207 0.0463413833146862 0.13204658294624
-0.578800558952153 0.00832476634760952 -0.162547026889578 0.099352277919333
-0.386899492936583 -0.483419685651853 -0.198763051900267 -0.126549788977917
-0.0167200099610151 -0.614890192224415 0.0564694609130669 -0.292978776109334
-0.0142239487110558 -0.541695748075888 -0.209732838698143 0.117838080844754
-0.344016107865365 -0.353100228234555 0.0228776032369635 0.0246157762815213
-0.44889041967176 0.00700991791846899 -0.0850823195012802 -0.0553985445719118
-0.191704954289034 0.348063265030672 -0.113233368163261 0.0134888178912463
0.0861138400735008 0.386185290082937 -0.0389148668178051 0.116586323139507
0.272321637088224 0.264620138856302 0.0676104543507478 0.0577535877794426
0.334465033803875 0.10321627795136 0.0562578003306581 -0.026141462293955
0.348234546796567 0.0659966110526503 0.0524603387661427 -0.0565364344643228
0.340351447741829 0.121765905490396 0.0746475524497426 -0.0560947168366841
0.322126555238281 0.316978400847811 0.102970608370253 -0.0303224975522562
0.0845215090231857 0.473914541682293 0.104501991688151 0.0363723546992353
-0.257333999761307 0.402124919025575 0.0535355647188178 0.169566012560381
-0.559463751094527 0.00838129574578519 -0.105553041845124 0.143048803332947
-0.393629708866877 -0.468332664979701 -0.125263911567036 -0.0208902116379846
-0.0431625137415068 -0.618583589142464 0.0590195811623416 -0.0886471029354483
-0.0555051662107032 -0.507003973527709 -0.191385031810662 0.325024347027166
-0.363948409317109 -0.307417372017989 0.133179454093815 0.123424905221836
-0.428942418019048 0.0409713542953161 -0.0178603498278949 -0.0562959000919816
-0.17428589352684 0.334956598267853 -0.12597153504036 0.0107077792603153
0.0771505159110106 0.359228530293011 -0.0396151377274942 0.189699627545636
0.245396639911723 0.247982263994588 0.147206458393344 0.145212392888592
0.301873165651481 0.111836922243671 0.179013090195967 0.0276156916048584
0.305802691089369 0.0837088140983051 0.177067049644472 -0.020652751463884
0.28902399495259 0.131743377027406 0.192184406992984 -0.0143533673110964
0.254470444829039 0.283649244729262 0.190080723126267 0.0311447188777994
0.0434564134823776 0.384633239699105 0.134784574189931 0.100765863492856
-0.215935855828401 0.291712420941022 0.0575445829164949 0.178721827343635
-0.412875167651824 -0.0119075651966842 -0.0388225670402258 0.166245188755628
-0.306546830784187 -0.368651404406731 -0.0480828613212751 0.0724919080485284
-0.0555907636386515 -0.505691654721217 0.062851341585194 0.0964436749317
-0.0810845724679485 -0.385285434939916 -0.155377678605104 0.50504728386931
-0.305134841199018 -0.208147226180148 0.233757482283623 0.217292373177909
-0.314704577657813 0.0575270135157031 0.0586887446182355 -0.0499463577441661
-0.123360976952588 0.241759105287015 -0.120737807440344 0.00528265775612738
0.0465443721843375 0.257278731881884 -0.0394472465268961 0.241571712374498
0.170777099052416 0.188987719379664 0.206322233545361 0.219073381014927
0.219240442573939 0.102679260098554 0.278940943348558 0.0819293807684196
0.215649527032926 0.0894311702957871 0.275728430637455 0.0178604381859097
0.195060557335419 0.124817334451388 0.27368765524864 0.0244662145969053
0.144307226444792 0.208091146445096 0.238072817401291 0.0746525279263321
-0.0116994821429616 0.237258385680942 0.142659693059126 0.130987641861984
-0.144709866184405 0.128099397689978 0.0519045194282235 0.153587023766079
-0.201507937609779 -0.0340953924937751 0.0186411651777349 0.159833338546889
-0.170697688402929 -0.211947936633465 0.0116602415545901 0.128137406899659
-0.0594919071191543 -0.316767626717689 0.0667500734728786 0.227282795588474
-0.0871440310150107 -0.194180566394322 -0.109656202868971 0.628051355822751
-0.183917360077887 -0.073440208362814 0.302876734869119 0.289386246227104
-0.136791312536231 0.0557936915509767 0.132221070645483 -0.0432394291320158
-0.049590662176461 0.099012735756966 -0.101929978479212 -0.0129424949052567
0.00594419992806417 0.110781615165495 -0.0478203009343782 0.254064867470704
0.0638743462350968 0.0977684706498858 0.227016193013282 0.266190118782268
0.0978288094941229 0.0776965414619815 0.336511066316198 0.128773758136302
0.0940421313734237 0.0832957748425109 0.333520598370235 0.0525454739731345
0.0774787935299178 0.0999021365795259 0.309482044153157 0.0569248983386361
0.025446403283815 0.111366172116307 0.242801730720843 0.0997452407025217
-0.0599344440105064 0.0793918955072238 0.128477018020582 0.130182538486218
-0.0682171638589413 -0.0197617797236099 0.041899423401744 0.104053190718014
-0.00307157173555172 -0.0402294063632678 0.0600394014514215 0.132256670954246
-0.0422435329552868 -0.0421022639988322 0.0476328968369807 0.148135423405519
-0.0653474737684943 -0.100305831143449 0.0727984904352823 0.292134438329936
0.0534189658940801 -0.0601839228334323 -0.0722196496414013 -0.36622560378178
-0.0528657383050912 -0.0875408346798622 -0.123179656573761 -0.161867262615744
-0.115603976677923 0.0106512121524257 -0.0949270975443637 -0.0771041619142808
-0.00895509598686023 0.11014749197743 -0.032641376640785 -0.0286720725204686
0.0713630810749714 0.0636124346083978 -0.0485041196575869 -0.107772797077405
0.0761237622331758 -0.00766779836129081 -0.189625239413597 -0.141498898055263
0.0454956226237607 -0.0548247682474691 -0.29403053032449 -0.109896066799482
0.0352496011187568 -0.0615406908110155 -0.322813567252665 -0.0969193032675906
0.0337809268339133 -0.0471793050309514 -0.318244394747118 -0.148684494642976
0.0575361513524011 0.00457942925654588 -0.206512210956048 -0.240538259858521
0.047631790031891 0.046102445701058 -0.00246189491723289 -0.229061649769514
-0.024646091707088 0.0619422623012608 0.069617426531432 -0.010759836027602
-0.0851593430665453 -0.0366762027577519 -0.140028620271878 -0.00172747312196435
0.0228212928924812 -0.101659326280505 -0.230596253397238 -0.240757674556373
0.0988911994888848 -0.0407557795371447 0.0844455109954497 -0.610611061436984
0.0654206702831948 -0.229661675339064 -0.109820604832074 -0.324437469696756
-0.110890026814098 -0.194720811304363 -0.123973820931976 -0.151427158993348
-0.208588850216167 -0.0207122672595431 -0.126668779395961 -0.0571233876508006
-0.0731215054534483 0.170447312413202 -0.0414875333323747 0.00901458566924989
0.0714264359419419 0.167450989943996 -0.0220527454333098 -0.0667448979527666
0.145539958716065 0.0845104766767656 -0.135732855618235 -0.129277326851194
0.154526239404618 -0.00582389762179868 -0.245941823168547 -0.119713790131479
0.162688382446754 -0.0263540843380574 -0.280045604354155 -0.11129575094197
0.162848188110602 0.00683227504476331 -0.269639083283291 -0.150694557729295
0.17229586324329 0.124769038612631 -0.167187753158956 -0.218478697290098
0.0686109906404031 0.218791210798815 0.00737114218532117 -0.188836338914473
-0.123465241751531 0.205933721197172 0.0530835323694684 0.0322534111731187
-0.29268610528666 -0.0314654664381947 -0.175930610826212 0.00972780195375896
-0.133160741771238 -0.274725065650586 -0.24003018221729 -0.251485749035461
0.0719336920510639 -0.286823744337125 0.0824142172838668 -0.573233838072867
0.0648821475010159 -0.37640741298766 -0.153662331179117 -0.231051477576478
-0.173761922467623 -0.284642770847238 -0.108676856650127 -0.123431621657931
-0.29569638817857 -0.0430248908381888 -0.141459258352873 -0.0500585127137033
-0.133655084900386 0.225548000873588 -0.0631257117623383 0.0235816053028795
0.0662283528253017 0.26215725407464 -0.0164278951673032 -0.0167983538624231
0.200857816703193 0.170455619603856 -0.0760323109171646 -0.0911911598032377
0.244012661554392 0.0444683595671013 -0.167859289511744 -0.106708902791008
0.265227899631063 0.0129338194989463 -0.193571213623422 -0.107757229377258
0.266656315213768 0.0599499362040986 -0.176887829886493 -0.132560355470664
0.261715530850374 0.231351281303039 -0.0953413061371363 -0.170289249128353
0.0812011748110467 0.368885332620849 0.0292743563619507 -0.126843507188307
-0.21269074144454 0.327262406880927 0.046075100288467 0.079706342979151
-0.468494779761645 -0.0245378777736027 -0.183044379550452 0.0429549397131739
-0.271393457072884 -0.415474621002217 -0.227646545658395 -0.212894257221576
0.0400041581322498 -0.490943675642789 0.0754219908096156 -0.458955967276477
0.0449962313820402 -0.486415790646488 -0.190416154030824 -0.0841056332461706
-0.252000303790839 -0.346193447352226 -0.0622409465064141 -0.0667937309968466
-0.384013280335744 -0.0403752035061945 -0.128808783375836 -0.0508419072415039
-0.183003573927876 0.286754848783165 -0.0894159822776122 0.0217402088892161
0.0668387867602854 0.341574577218737 -0.0243611189651414 0.0446427348728483
0.240711845116068 0.2382047458361 -0.00752407037664577 -0.026644225966553
0.304016648568277 0.0871662155148802 -0.06328884290251 -0.0734761751434805
0.327140854251684 0.0497420575028371 -0.0771164369568495 -0.0880255393718715
0.325599263616992 0.104835692804197 -0.0547615394065737 -0.0983313606178899
0.310645611714326 0.303436604325894 -0.000780732915047372 -0.103008376182588
0.0814993765937551 0.461707291075026 0.0621360129791527 -0.0456710145514595
-0.267662337864014 0.396933425127411 0.0461130507903939 0.1275287248108
-0.568239678234969 -0.0176660899812263 -0.156792769509144 0.0894100305840249
-0.361247919937323 -0.494263348449 -0.183467464610428 -0.129484437593717
0.0103198525851676 -0.607879893548247 0.0683321099848532 -0.284783511683545
0.00897875197040605 -0.535675935960897 -0.208104284504072 0.105454656098074
-0.321810175621053 -0.364066719810555 0.0201279140602741 0.0206073137965
-0.442027007866393 -0.0130987722561611 -0.0843014074407837 -0.0529744267152599
-0.203425842615191 0.332349491863555 -0.113420303463577 0.0143252966788935
0.0696078679389268 0.382270905741556 -0.0349194642375215 0.117730978301439
0.254714367172732 0.269978243929874 0.0690580342855273 0.0576912464037109
0.323365195461062 0.114563424551381 0.0553934210887306 -0.0231260764087985
0.338924350580909 0.0771292139242112 0.0520698412263886 -0.0545627784173857
0.328198081262554 0.13411476401568 0.0738227450413546 -0.0541638383086364
0.303446921699618 0.322842416663371 0.100453252474366 -0.0289800678187969
0.0644340562390676 0.468491312072619 0.0992987157808856 0.0379768919707138
-0.269250838753387 0.383607799039124 0.0507776741823868 0.163833654351716
-0.549063275020281 -0.0173399434393295 -0.102114988293564 0.133315537129809
-0.367598971850766 -0.479451458080549 -0.115181584652524 -0.02236813615111
-0.0135005997752244 -0.610808272480918 0.0612926792003156 -0.0828284028913159
-0.0302143101200993 -0.502199977004065 -0.200366155054252 0.31060986644216
-0.342572837042776 -0.318724436232538 0.123630853059692 0.122766022193255
-0.422304201284143 0.0214530890116051 -0.0173080406233497 -0.0527964374657026
-0.185827579596381 0.319197152364783 -0.126470713075156 0.0109046381584553
0.0604896560139659 0.354587384302694 -0.0403187157439561 0.191011310566365
0.229279664809814 0.255252515519127 0.143937811868671 0.146874819756844
0.291519503437972 0.122959538957889 0.172960499315858 0.0355921093258008
0.295934046168498 0.0939310645098362 0.173853864839706 -0.0138229702925984
0.278221237373656 0.142222198283343 0.187517146143853 -0.00817878661341066
0.238665010708947 0.287109134056938 0.183421901467076 0.0350440749169862
0.0275384612351287 0.378510061294747 0.126851686549382 0.10198965552082
-0.223677275210219 0.274210594491719 0.0531380861609991 0.17289235396633
-0.404238985889763 -0.0301685051119829 -0.0376609425139297 0.156578281529471
-0.284981057057644 -0.376120043142592 -0.0440647728083017 0.07180448610141
-0.0291272460473035 -0.501837308291756 0.056382973578453 0.0991862426235769
-0.0590278373566826 -0.382617765456843 -0.17236567370978 0.491455472887057
-0.287735210546453 -0.219437219090199 0.217521689055828 0.218988427131074
-0.310306092437619 0.0405730146988602 0.0573463649904477 -0.0457401033096517
-0.133128395925624 0.229984987184549 -0.122686895604328 0.00455897630532182
0.0335090341396792 0.255190410302231 -0.0443885840090833 0.24055356731805
0.158446039336658 0.194073454930112 0.197726591766099 0.222036448241524
0.210616239056771 0.110467744818361 0.269749938819805 0.0921521183562432
0.208660035213041 0.0970873333931107 0.268863503109572 0.0279687124328314
0.186748124576448 0.131583006100979 0.265460867979747 0.0343467498605209
0.133717162018858 0.210017190499264 0.227431640267348 0.079392658834829
-0.0215620463370187 0.232698647760946 0.132458087138613 0.130772229546312
-0.149844614466933 0.118444467301133 0.0474650634585631 0.147598773786542
-0.196591928310888 -0.0459038821505588 0.0185923057780929 0.152434306197478
-0.155224725691919 -0.21682353435775 0.0090840386564933 0.127885222922614
-0.0412290398462298 -0.314311282279594 0.0533314164180832 0.228073637120613
-0.0730816984158214 -0.194020812125345 -0.13543596669283 0.614270344533238
-0.173426819051746 -0.0804659979500197 0.281266589051183 0.293173306158529
-0.135769866715698 0.0463964941026286 0.128295839189451 -0.0383655481967212
-0.0544909481817076 0.0935783505459898 -0.103574409364504 -0.0151091547833134
-0.000441951046929439 0.109126140799779 -0.0551731836925446 0.252153270306034
0.0573161359998074 0.100349493554015 0.215261009787446 0.270326444132057
0.0934619258980589 0.0820275304377504 0.324512726316203 0.14003780436137
0.08979302944809 0.0866671448057085 0.324163175123994 0.0652302717849684
0.0730422149144738 0.101855161070266 0.298611041973118 0.0676829230330137
0.0198982443070015 0.111809095397622 0.230613347952571 0.104250849136189
-0.0637154130090416 0.0766878313809328 0.117620693370454 0.128478622180441
-0.0697082987939405 -0.0234665116123843 0.0369571817813224 0.099777173255618
-0.00140119377828157 -0.0439906770811164 0.0588002762792106 0.126828730665946
-0.0357767514013548 -0.0444036835599876 0.0424538729445125 0.148351720138047
-0.0548647666427494 -0.100320585830011 0.0555463997555675 0.291882348250532
0.0546664157474796 -0.0606794178858578 -0.0545884347651309 -0.381160706890887
-0.0525977600701088 -0.0894163967887464 -0.119032554362464 -0.172914471972479
-0.118098339075052 0.0095576278622669 -0.0979093741719346 -0.0781016899794858
-0.0110042291842441 0.112547186496506 -0.0314679997603134 -0.0254909155975126
0.0721144003960633 0.0659758885120121 -0.0403463336214425 -0.108623565114902
0.0777746448422968 -0.00773735086016433 -0.183753517317115 -0.15020622397501
0.0471736729023451 -0.0558158801284049 -0.29182831861366 -0.123704831456996
0.0372150743933473 -0.0619430833725648 -0.325987716289725 -0.113453566669931
0.0353443960296079 -0.0461504523860991 -0.319724166250419 -0.165790856929079
0.0602773014550752 0.00564767092980083 -0.203138230558247 -0.2556462867162
0.0487095918732488 0.0472042190873282 0.00655740152405293 -0.236236837222029
-0.0261137718275832 0.0621280118608445 0.0762182122722584 -0.0108307677109466
-0.0861737988791606 -0.0382704276359573 -0.138392424107446 -0.00662544561924678
0.024184193844879 -0.102391333421749 -0.21761453049429 -0.252552359097741
0.0995280196387369 -0.039415213245392 0.116958374792541 -0.619338923232429
0.0747782423874154 -0.2330153814716 -0.0933171914144092 -0.33977185142975
-0.106753611950174 -0.201431045443266 -0.119421116796247 -0.162778047647827
-0.211406005690057 -0.0267187635184597 -0.129539300442043 -0.0580660105169795
-0.078872782841692 0.170175658352908 -0.0423589788961109 0.0119920338353626
0.067172389317763 0.17192517635669 -0.0136866453680382 -0.0661934100583625
0.144493411651851 0.0894051783282892 -0.129987657227136 -0.137870857409752
0.156607672895851 -0.00105840367602522 -0.244405252633226 -0.131479842862793
0.165336990702726 -0.0212979362001263 -0.280927423182723 -0.125830526027807
0.164809351997839 0.0149771542808262 -0.269386355555622 -0.166674060167909
0.171500491851021 0.133402577483764 -0.162453979000362 -0.232387046136595
0.0632304084255972 0.224862687210144 0.0153394585234392 -0.194556818919563
-0.134117442622163 0.203038807734826 0.0586026455451902 0.0318056809600468
-0.298170071820422 -0.0435757712995194 -0.175010934242605 0.0038831092371673
-0.125961857364312 -0.287261249220247 -0.226568853160059 -0.263291154781574
0.085322116733183 -0.293059767393345 0.111803741386816 -0.582351028460294
0.0815835837876848 -0.383518754348935 -0.142272666805151 -0.246129533224382
-0.166378797332615 -0.29839181547321 -0.105062798689359 -0.134539977503949
-0.300277350864854 -0.0546473855727011 -0.145475560499214 -0.0511107458946794
-0.144171494257894 0.22342364978004 -0.0646266434884135 0.0270852571808468
0.0579300409708143 0.269020064467167 -0.00842458894732217 -0.0150588391447574
0.197304792827512 0.180961113530419 -0.0690165510715307 -0.0976641541567057
0.24592153981649 0.054427025844437 -0.165655892859286 -0.115772980856785
0.268396346123541 0.0237347566011066 -0.194515757387544 -0.119225469240351
0.268512727192843 0.0736052527571103 -0.175626200785183 -0.145066775190779
0.258875434530945 0.246045057098546 -0.0919169708834071 -0.180882272260072
0.0681817994051852 0.37718528774003 0.0346854498745316 -0.129669764591708
-0.229199705681267 0.322521566836818 0.0492789911067997 0.0800737184907093
-0.476608676632432 -0.0456452172130218 -0.183002117993717 0.0364369052207328
-0.261933820454612 -0.43775999819474 -0.215037162404823 -0.2239335750354
0.0624353901523015 -0.503318078422554 0.100614339898937 -0.466046099073885
0.0673307110511449 -0.497522093304617 -0.187519582123909 -0.0969570937722019
-0.242584744139358 -0.36667239655808 -0.061272251539574 -0.0754143333086196
-0.389516280487425 -0.0565083832631873 -0.131806537846425 -0.0521329714459442
-0.198190757973166 0.284402942276387 -0.0923654285270986 0.0247989032639748
0.0544172798465671 0.351327333792621 -0.0185272972781083 0.047695015248759
0.23572197485528 0.251922855184185 -0.00207425136508802 -0.029837810123176
0.305671531772371 0.101305800388846 -0.0608612360615591 -0.0768711366051026
0.329513017049939 0.0632775434886843 -0.0762077661670089 -0.0938829990469099
0.326674919860889 0.121892000520334 -0.0533399557059441 -0.104772529581951
0.305461095792336 0.321728449344684 0.00197651838014223 -0.108350961486155
0.0654447558098337 0.47329778585511 0.0646015376665695 -0.0463729471581185
-0.289818670684179 0.39174597814508 0.0480440144202325 0.127684959587638
-0.579437811102086 -0.0437315495884657 -0.156906753615042 0.0833377844719228
-0.349122563980499 -0.522508312457317 -0.173960470190559 -0.136514798724135
0.0380569637033329 -0.625158011741262 0.0837883003485368 -0.287025920559148
0.0345408560132451 -0.548313564496624 -0.214569617600823 0.0969548818086052
-0.311346977911136 -0.387311290266311 0.018702516710895 0.016678971204579
-0.450727527081127 -0.0316787544705037 -0.0861638065355335 -0.053764569807414
-0.222341703844421 0.32927266677025 -0.117234002984113 0.0170916775641297
0.0535041527144521 0.393476986172533 -0.0326744570656458 0.12327467491217
0.248992404405309 0.286873059903951 0.0724384512115379 0.0599101839298236
0.32394757849474 0.13122340296612 0.0575995390963169 -0.0204653606688519
0.33978558152039 0.0918713739896325 0.053903925850757 -0.0544198726535422
0.329579030993598 0.151724118611603 0.0763964683591701 -0.054452174748475
0.297900288278219 0.340905274507282 0.101473756409336 -0.0289122872266918
0.049627089079878 0.479260653815442 0.0976512234686084 0.0412162217432961
-0.293364922256437 0.377251566608387 0.0507991882768936 0.164420192267291
-0.558607624007095 -0.043178681912903 -0.102508954138516 0.128200595369931
-0.352546945277737 -0.507538505782742 -0.109786885657448 -0.0249338119086715
0.0167470331937138 -0.627430935517708 0.0662172577911345 -0.0811759518733867
-0.00564322118160128 -0.515163608892972 -0.216671659762499 0.308662285442854
-0.332948382134038 -0.341707655198828 0.119361779429943 0.125567543546219
-0.432142120566216 0.00272248946121568 -0.0176193304673782 -0.0520441603358197
-0.204794222872068 0.315418500841454 -0.13189615583096 0.011531656072492
0.0448741135886814 0.364779090210483 -0.0418955721367125 0.197993525995619
0.222928272608757 0.270492796719411 0.144984198185283 0.154314361727331
0.292282240081368 0.138978775401845 0.175087861212142 0.0443416830478376
0.297360071945692 0.107867235777821 0.176072779093838 -0.00756641384955765
0.278434254004002 0.158113621397268 0.189146020194446 -0.00242893266320023
0.231906915417986 0.303101319389332 0.183051645088664 0.0391813569467478
0.0130505245655953 0.386925424413675 0.122964092449422 0.10723266209662
-0.242008030031025 0.268268644886876 0.0505362542231338 0.172671203091483
-0.410767652582803 -0.0527943896938719 -0.0379429389057572 0.153877844374573
-0.273054514248632 -0.399630558097819 -0.0429369915594744 0.0735777445146921
-0.00432288531151141 -0.516700710361774 0.0518552305359135 0.106088328937798
-0.0409694513426469 -0.394301824706282 -0.198393683041518 0.49488294292203
-0.28062334703296 -0.237707286102695 0.209756139143578 0.229105577998563
-0.317867457319638 0.0255486358980835 0.057836991772513 -0.0440571287179519
-0.147076006755714 0.227186619210523 -0.129404808325692 0.00353304746522439
0.0213969130540076 0.262557905129711 -0.0513666070539833 0.248593870974002
0.152499872426168 0.207002305751868 0.196680780941224 0.233599891942635
0.211005455909258 0.123431933818196 0.26993356147324 0.106321883126279
0.208685488194929 0.107942753654584 0.272210667187985 0.0394446355393972
0.185722414084657 0.142578561493142 0.266614289880397 0.0443367363783001
0.127595694586719 0.22100198330743 0.225376731608561 0.0872290658553914
-0.0322851123255122 0.237381914331866 0.127044784627453 0.135055951437124
-0.160511130864104 0.112998308074012 0.0438003361829248 0.148329110015047
-0.197826967433037 -0.0593623307125041 0.0185469062504174 0.150630329578026
-0.146935236722694 -0.229351422754522 0.00768886135548705 0.132749707845011
-0.023282782422451 -0.323010158491783 0.0418318161263524 0.236992928457081
-0.0624174068854698 -0.200578007534332 -0.166185396395191 0.623223843843907
-0.169779675893734 -0.0907075726710572 0.26977834421565 0.307829933093912
-0.139725343342883 0.0387376528284254 0.129514979666266 -0.0350657986359615
-0.0615725182250296 0.0923354567094033 -0.109335376765981 -0.0168871215241095
-0.00691041339115342 0.111848313717022 -0.0654578402857684 0.260401471656444
0.0527406996740275 0.107592586504957 0.211502494001149 0.285897919554625
0.092908398815258 0.0891586941064362 0.324834572457659 0.157261082255743
0.0891495232014519 0.0933168655112607 0.328225489969074 0.0795370027160007
0.0713693635544788 0.107707911960564 0.298540635484835 0.0813734081766231
0.0148577166685997 0.116346166851033 0.227036381430314 0.113594029902828
-0.0696968341350085 0.0771806429290376 0.111115869486736 0.131884220066345
-0.0730737602258545 -0.0276588079244341 0.0336321873497109 0.0992608453368212
0.000996767733129158 -0.0490086882903906 0.059598934063771 0.12653230864918
-0.0305229229550851 -0.0476971930870333 0.039184414994107 0.154379566650592
-0.0470144836185834 -0.103331718211201 0.0400690787240793 0.301974485638736
0.055807570894693 -0.0644034394485848 -0.0471228193960267 -0.407663043365366
-0.0554403351296095 -0.0924535618157077 -0.122113520452269 -0.187768590324101
-0.124688032366145 0.0113984320293723 -0.105322703778957 -0.0794294857901035
-0.0101441670122936 0.117974290182582 -0.0330192176493496 -0.023151762872854
0.0767360115960102 0.0684866644311246 -0.0365516281716737 -0.112941820040637
0.0815670208720922 -0.00962974375087425 -0.187665810628159 -0.160375458006429
0.0493814048018512 -0.058999198927985 -0.302588046096011 -0.135460748899084
0.0388378686053985 -0.0656535095740225 -0.342376593245415 -0.126122900929562
0.0368221541002583 -0.0479714067539079 -0.335423072969257 -0.181292351683349
0.0645405070207965 0.00526870164546459 -0.212592912346852 -0.275286180127662
0.052392513139523 0.0485618125937544 0.0104698001185519 -0.252046649395625
-0.0262818320402317 0.0648983609309425 0.0848211847354042 -0.0134806591328125
-0.0910509139271955 -0.0391783706445909 -0.141680696133308 -0.00804506749885984
0.0240629416256459 -0.106558690662467 -0.217437470170042 -0.267459569086726
0.103466221732289 -0.0419586204108252 0.138599830694107 -0.653474710452786
0.0809385436519355 -0.246399272306174 -0.0878472909410588 -0.365323401005089
-0.110657541605481 -0.213261986647949 -0.122630278625089 -0.17755782981481
-0.222553531464382 -0.0292944263906127 -0.138280037162914 -0.0579579287203722
-0.0832186390680545 0.177479090911499 -0.0443548007772949 0.0170936357134291
0.0701713231949702 0.180984634538246 -0.0078379554575874 -0.0677134878479879
0.150817596953692 0.0946841111593821 -0.130495944975424 -0.147929876679732
0.163589277525743 0.000143444157319724 -0.253309639482566 -0.143305572099678
0.173104343430224 -0.0201504541797983 -0.295506612064391 -0.138606236872375
0.173308419562951 0.0195689864000185 -0.282675191527201 -0.182131921772364
0.179549320986655 0.142353818468213 -0.169599728940847 -0.250235090151325
0.0649659404460378 0.235803723588767 0.0194878985317224 -0.207714245145091
-0.143852535464379 0.211718700002514 0.0670259026326829 0.0310221401348097
-0.314029474408546 -0.0497278768204735 -0.179523499976301 0.00190232585166163
-0.130371845575944 -0.305541637348165 -0.226305598573114 -0.279305647913344
0.0944298508057674 -0.310872638569756 0.131821918684555 -0.614030933080336
0.0906789488562579 -0.406782349816295 -0.141755842619775 -0.266294193376025
-0.170813659025841 -0.316669635555098 -0.108739128854748 -0.148901394270478
-0.315429450403488 -0.0604012135509646 -0.154762578419743 -0.0505764207624791
-0.153309303936443 0.231876089214228 -0.0676123362299676 0.0337502014426566
0.0577691142349083 0.283930686048845 -0.00112307596749103 -0.0143086487437848
0.205573794386675 0.192874697085329 -0.0673564822903267 -0.105574735838288
0.257426558972354 0.0611988020642488 -0.171317412151715 -0.125490694618368
0.2810007743685 0.0281016810122234 -0.203861729770323 -0.130327288614778
0.281676498330273 0.0839666637134773 -0.183870041054629 -0.15806134176214
0.269848142964273 0.263731631123604 -0.0953170927679122 -0.194131697652061
0.0684870195395878 0.397926692776145 0.0387670653442029 -0.138255716337344
-0.248354906294717 0.334467816077232 0.0579868261875933 0.0807466089709785
-0.502718657412223 -0.0560020110470027 -0.187041920956322 0.0346086045786213
-0.269478317511419 -0.467805142026766 -0.214186678100822 -0.237928271226017
0.0751433010830177 -0.533809068371837 0.11466656752061 -0.490891710837216
0.0793756351912799 -0.527447639780044 -0.19162682205362 -0.108804585873635
-0.249245715970112 -0.391368433101733 -0.0632430823726575 -0.0857233819975126
-0.410800038468378 -0.0654189494744067 -0.140540937377948 -0.0511640745100893
-0.213430097067089 0.294389213297794 -0.0970954500101793 0.0308596301819881
0.0522307302479167 0.37136162172968 -0.0128402926370167 0.0523201115572994
0.244272105347035 0.270542583269031 0.0027116062649111 -0.0335379097316568
0.320926320921602 0.111956846411369 -0.0625811612020062 -0.0819684713008607
0.344437803882164 0.0713559808259281 -0.0801396944356447 -0.101897827017563
0.343105649179531 0.13626965459038 -0.0558811450520792 -0.11381639360859
0.318498974559804 0.344261529559393 0.00252294993284777 -0.116703321941944
0.0627352476220851 0.499861271257757 0.0678032810970254 -0.0487136407754073
-0.313550165364095 0.407373089576954 0.0544983720560896 0.129932678988062
-0.610405835225416 -0.0584638903464746 -0.159454542114793 0.082473174904659
-0.359112494330797 -0.557879364406966 -0.173127022592393 -0.144475670161096
0.0557066587086988 -0.66354476080852 0.0934884147810783 -0.301513579870548
0.0466995029835256 -0.580372639386621 -0.224772483704647 0.0969108677660837
-0.32141401808498 -0.415808351938837 0.0174600332465469 0.0124047712145305
-0.47416438100115 -0.0419309117868378 -0.0918588147755383 -0.0536921913701105
-0.240933800814842 0.341415225671084 -0.124832122640953 0.0224210711931291
0.0502803331244885 0.41609573580766 -0.0289039559024216 0.132099612504418
0.258062729408248 0.307660134254045 0.0804350944270803 0.0616325854299044
0.33999891143245 0.144299943610812 0.0614274788931037 -0.019498621750709
0.355184830132802 0.103259870309106 0.0565710678429789 -0.0571785914841815
0.345806308168269 0.166809469714711 0.0795773007364144 -0.0580432593759905
0.310533936255267 0.364165805464501 0.105114809823735 -0.0317257747201076
0.0454428867632528 0.505689184008074 0.101434775675257 0.0442224847440311
-0.317894687138193 0.390977106668096 0.0556137225551831 0.168624668334005
-0.589041011680935 -0.0592878128479936 -0.103520093352837 0.129804928191503
-0.365279006002951 -0.546042439034378 -0.1083582102197 -0.0263380607746684
0.0312011792250852 -0.665579441058514 0.0708137645523721 -0.0835718892674952
0.005810997091742 -0.545603031332125 -0.232389126321435 0.321224203061322
-0.343596125772918 -0.369791604216682 0.121247740532469 0.130246066184191
-0.45599843935818 -0.00698576941103185 -0.020363555681204 -0.0526478679182066
-0.223731992519167 0.328700186478219 -0.141129219761733 0.0163811597684592
0.040136452672838 0.387087452900604 -0.041471356406137 0.211779718770472
0.23106604305727 0.291587120177059 0.155194686975586 0.162915729997497
0.306195895196026 0.152272179555093 0.183707545435786 0.0516573578223783
0.311277481323824 0.119044572160154 0.185397077920228 -0.00577444918295645
0.291585634495473 0.173182513824224 0.198156622560699 -0.000975019392949403
0.241774352336955 0.324177496550654 0.189336274375732 0.0416568779862918
0.00758319423941196 0.409323002800616 0.125668087137952 0.112906130324049
-0.261952827016187 0.2771318432644 0.0540045563282627 0.178291670395587
-0.432530351961173 -0.0661196368320489 -0.0352481534215411 0.15618204392044
-0.281063066304883 -0.42745263975826 -0.0409950329731417 0.078067503237287
0.0104444329108299 -0.546646824271228 0.0504247739019115 0.11436680882706
-0.0310741743418563 -0.416576023285541 -0.218864349410578 0.52009586281986
-0.288872638165687 -0.2576194662361 0.213935674309839 0.241934098348788
-0.335635822371574 0.0185833409585528 0.0587620040445741 -0.044734441356404
-0.161464162789136 0.235594059247505 -0.138999263933982 0.00623306720188505
0.0165071377423166 0.278839820175663 -0.0540074862108684 0.266081636748472
0.156608098854199 0.223320750528838 0.207547919929485 0.249081952834485
0.22101933687402 0.135504619003092 0.283440271774809 0.118560117909621
0.219195413096846 0.118569933193642 0.285785593097122 0.0457507214060731
0.194450505633922 0.154331777832384 0.278472267445506 0.0505982316417923
0.130966085521485 0.235652565341356 0.23310958994741 0.0928208950030745
-0.0385196686078306 0.250652763939704 0.128592746228618 0.142097775380594
-0.174004794697613 0.115014646596828 0.0454578168340738 0.152468203654905
-0.207272723403239 -0.0695774962055971 0.0229739038035103 0.153442386778324
-0.148127291178517 -0.246642619982396 0.00965745256514353 0.141339979183383
-0.0134401136122794 -0.342437203148547 0.0369263198835253 0.253528553412503
-0.0584867433662184 -0.213509720498063 -0.189120653870302 0.658768220966244
-0.174166517183186 -0.100497528095268 0.275383971135774 0.327715229822857
-0.147272926015491 0.0357868171594327 0.134734519577773 -0.0363478352138761
-0.0687416487386935 0.0949514120166425 -0.120257449746788 -0.0164315011015238
-0.0113073270328941 0.119646330736261 -0.0714581049714582 0.278752068229358
0.0532537551377002 0.116738605367159 0.221823541874187 0.304953771638493
0.0967568909758747 0.0975979048816405 0.339483131785128 0.172979044793313
0.0939466215830207 0.10064772559542 0.344587821395291 0.0901240415451447
0.0746938227494063 0.115632329519141 0.312199674012357 0.0908050291594191
0.0139638446696625 0.124542930107441 0.232941676012512 0.120324983348994
-0.0763870278276884 0.0823408801505332 0.111400246492698 0.136616885030659
-0.079940799535617 -0.0308204282916663 0.0347192096503672 0.101692210882493
0.00189252878361028 -0.056081950027347 0.0654220968795577 0.128906737987877
-0.0282689562334513 -0.052269115064996 0.0402483209266255 0.164334257536039
-0.0421170976336855 -0.109347523530949 0.0325569814578256 0.322594309940037
0.0502992656937957 -0.0760194036940262 -0.11306508783318 -0.423252953514674
-0.070986204610589 -0.088509053028323 -0.15599690622507 -0.181019200488551
-0.128486791901763 0.0331323739674411 -0.120196478655404 -0.0661423856364056
0.00873516001623983 0.12445254736569 -0.038001833392837 -0.0198705284227648
0.0929405405366442 0.0588752867206684 -0.0560842487061746 -0.115037075984035
0.0851856247860353 -0.0239601776539289 -0.223013839543158 -0.140149216778771
0.0432531308618717 -0.0707650754181719 -0.34605100110205 -0.0952616983567712
0.031177104291164 -0.0771222283518078 -0.378695347560916 -0.081950129795402
0.0315587508517033 -0.0572763241449959 -0.383237666471177 -0.143611113777925
0.0713351096319605 -0.00680913077252212 -0.267092139144105 -0.260545963584845
0.0659453586519197 0.0419680141634745 -0.0263095068794534 -0.273382200416432
-0.0176686344527069 0.0707097560656292 0.093938595932998 -0.0319679039772717
-0.100908191955794 -0.0232650423589228 -0.146096015764067 0.0145261178109866
0.00814113317903959 -0.110479741219998 -0.26156248434537 -0.250007596823368
0.0942860367682339 -0.0573070810840897 0.0594396838485911 -0.712037420712034
0.0476631551249895 -0.27600719670929 -0.139171520014136 -0.358819229464826
-0.146315557585827 -0.209111926112224 -0.149904898065354 -0.167468145746536
-0.238133182229067 0.00354119731061211 -0.143854726246735 -0.0391006472136788
-0.0614976019735097 0.195757068437354 -0.0386268406029472 0.0217798608554194
0.100279477769208 0.178298921813816 -0.0185566713587109 -0.0791878090301949
0.172747009196107 0.0774456185352904 -0.165153076391657 -0.141583690453212
0.17194598540841 -0.0223950986499694 -0.296524221251943 -0.114552501823191
0.178424761282418 -0.0476025614978179 -0.332858670357268 -0.102040422369253
0.184397633022616 -0.00613570567572456 -0.327650945709722 -0.153787485998261
0.211206297204257 0.120331866379815 -0.216808835383326 -0.242935750499369
0.104827690664292 0.235486580565211 -0.00859261011343788 -0.229138510353406
-0.12183789076923 0.238457133685922 0.085509221165715 0.01651576843967
-0.334228222314418 -0.00209486507311441 -0.181471180129143 0.0338913469816424
-0.180195812661683 -0.296914314941017 -0.277857182457945 -0.257233795268778
0.0487702605571949 -0.335759827542942 0.0573877217247752 -0.672102074502361
0.0335869571652642 -0.450872827831441 -0.170054342314324 -0.234034501509155
-0.224211661008181 -0.312696301754894 -0.125564110467117 -0.136972971431835
-0.341409119952628 -0.0178516097531086 -0.153552467883922 -0.0293674091086889
-0.130174484570107 0.262144221014663 -0.0561559759024613 0.041136278957166
0.0999098874701386 0.289098594238824 -0.0018001318005441 -0.0293401991221728
0.24442211175947 0.17370988809656 -0.0956210421086601 -0.1123978295636
0.279282016101106 0.0294538129105435 -0.207703234807164 -0.11095143340642
0.298605238713735 -0.0106534026242196 -0.236122181852987 -0.106934281132772
0.308325043641937 0.0458616329787379 -0.220235819262483 -0.143869797055786
0.322089542162752 0.234139766107928 -0.129326358956903 -0.196147353300498
0.130117171156499 0.404729577009883 0.021509979455689 -0.159731366186096
-0.217086604033893 0.380045607032334 0.0861971389948015 0.0680991668382263
-0.531695011770191 0.0166677199991945 -0.182011201629413 0.0715985193678989
-0.34656627327317 -0.448315699593682 -0.26284450751222 -0.210485772535138
-0.00105318439430116 -0.566645248516714 0.0542906413350775 -0.540739041538126
0.00024591766539583 -0.580366175671899 -0.189910271920525 -0.04989381214739
-0.319038814172013 -0.382111868578098 -0.0637529005342666 -0.0769842626786933
-0.444339206823245 -0.00949810942009704 -0.133601207402174 -0.0354595894493203
-0.185553408802025 0.335031288217871 -0.0857781069640683 0.0406217995600708
0.104556440941913 0.382998535707153 -0.00208642212954207 0.0386889564638723
0.296704856619491 0.250137937687025 -0.012441809623597 -0.0513304666006281
0.352560112887653 0.0763688780470446 -0.0860464397653095 -0.0847724391838387
0.372063064721706 0.0266278993802047 -0.102713820017916 -0.0954399567481777
0.379411039310951 0.0925267679263025 -0.0781453922940145 -0.11620528631424
0.384675266951834 0.313233031344163 -0.0149276586739032 -0.129549252234499
0.138951377292885 0.511642778896299 0.0656575547690121 -0.0695452505855154
-0.276929667781623 0.465534010880939 0.091399029236026 0.119804564536549
-0.644686693844812 0.0300020383041493 -0.144384588286106 0.118236413306838
-0.451999804018661 -0.530879742403913 -0.208609540680279 -0.116736430197451
-0.039709895131223 -0.696176976093629 0.0573552108357739 -0.335975504930082
-0.0428482071556041 -0.635807766031847 -0.18744812326561 0.177670569946599
-0.399059515792197 -0.399617253052878 0.0404707302331114 0.0140664044455638
-0.510066350874178 0.0227554572394099 -0.0804572999765152 -0.0488144627583479
-0.20984811888699 0.388538674811573 -0.115215330892139 0.0343185847541738
0.10581665147882 0.430192513944234 -0.00520724072565804 0.124682713436749
0.314416164248355 0.289846583178042 0.0844168800791125 0.0355110193595059
0.377100884203197 0.107725147694623 0.0561945516512389 -0.0396170377164354
0.387969629712673 0.0590333488948939 0.0473051961668279 -0.0685795401901763
0.387611865656709 0.125643204366541 0.0732338089728698 -0.0773322680926335
0.376702993138045 0.336098075367629 0.107126462249922 -0.0549891614163954
0.120612929870402 0.520577714964113 0.113924958800221 0.0233082254916352
-0.282872221342842 0.448798716914527 0.0968368762632417 0.160985995853164
-0.623335037249549 0.0248792701538885 -0.078192884135773 0.156812838533149
-0.454840742001922 -0.517681326004912 -0.123539654440557 -0.00166991378844655
-0.0611644566258953 -0.697074489982978 0.0621421683425317 -0.100215052065173
-0.0818030778007696 -0.593536547839854 -0.160276451796804 0.415376346936801
-0.416438724920586 -0.348967943549713 0.168146099821327 0.121899899066745
-0.485850099769988 0.0557497423243072 -0.00675213669722913 -0.0631790950414057
-0.193396771130731 0.372578031410952 -0.136044365598942 0.0306341054929134
0.0893113352007419 0.40260575477063 -0.00642053589252824 0.2126373541938
0.283373087462189 0.278198417661391 0.18097659715682 0.132207691268304
0.343463642012361 0.122130717409259 0.199683628602979 0.0160230263357004
0.343560436244867 0.0842183891659926 0.19072138654789 -0.0334696040874441
0.331139965823274 0.140228381653962 0.20666809246355 -0.0330463462375659
0.29842795541449 0.303080913986823 0.20517191308911 0.0104063528643338
0.067508206008647 0.425820223636744 0.148829802481515 0.0937524207294281
-0.240606399385375 0.323806111892559 0.0927450175749925 0.173137818801394
-0.462326285978495 -0.00703011524755066 -0.00526831019930355 0.171532809626565
-0.350420204347279 -0.407637950394079 -0.0352816027294954 0.096376606165274
-0.0640606731689554 -0.571060653919748 0.0673845804090429 0.114205758534995
-0.1011495877055 -0.449367264926515 -0.120065757910273 0.617495924976693
-0.342579906438411 -0.237790567814808 0.278769751302854 0.223727302997048
-0.354025064251698 0.0658879687995671 0.0708565756187744 -0.0673303152391991
-0.141848937878169 0.266999887946272 -0.14063415070534 0.02325849071022
0.0488189213128132 0.290824742217731 -0.0104832132478527 0.278506220504451
0.193968858731301 0.217142914525282 0.253353222701613 0.2192188335986
0.250957398994197 0.115265123817759 0.319149209735436 0.0741372806357949
0.245834909314614 0.0968370303798019 0.305053860574933 0.0053199459254759
0.227226430480345 0.136362208118506 0.299966613782811 0.0108097006695208
0.169136986942306 0.229012238249142 0.257198446628635 0.0589978100903357
-0.00542860118928554 0.268741887701327 0.155015323848488 0.126449297460307
-0.17049336942335 0.14236494429073 0.0753451467458644 0.149550626027287
-0.227512159062936 -0.045694064368027 0.0527255816888585 0.155421791951721
-0.187197735204815 -0.237963164921132 0.0288952027403759 0.151774514112124
-0.0572134990275572 -0.355928360319285 0.0716941588729528 0.265020313165171
-0.0977854397802418 -0.226536648626895 -0.0785660032877243 0.744320652729423
-0.200542758799548 -0.0850472672206864 0.34749851347975 0.303061880715549
-0.15206758219889 0.0574262660989386 0.139955820907628 -0.0669335968122349
-0.0623601570716407 0.107014958368583 -0.128827930251918 0.00159628441659502
-0.00164522441491986 0.127240513212617 -0.0268339483974791 0.303392446065926
0.0693489900830542 0.118510304938351 0.282038307212761 0.283024572783568
0.115381450470008 0.0924845647381948 0.391529614398232 0.126059311396101
0.113103854507205 0.0962847579217214 0.373320175963957 0.0432286022338701
0.0958644356640099 0.113159241222967 0.341552709885959 0.0500789639660341
0.030471791214576 0.131012937182554 0.260110710022237 0.0905141822435281
-0.0698301691117513 0.100136199750712 0.135194484805357 0.125342944230873
-0.0915933738124461 -0.0217398540190397 0.0512939496816354 0.099521867964114
-0.00761597585269087 -0.0631987618492336 0.0912798109010835 0.120205533695049
-0.0333135210284742 -0.0539398399785917 0.0676693238800031 0.168239274281263
-0.0528952060860428 -0.109697208704325 0.0750704561958996 0.340894141318009
0.0436209252949019 -0.08093468497364 -0.143967508359935 -0.431731621449493
-0.0804182241017095 -0.0825112206411544 -0.174828213246047 -0.177538565714941
-0.128352627459422 0.0460604423612122 -0.129283682523204 -0.0532855936805362
0.0209934459965675 0.12551279118776 -0.0382051544038394 -0.0120724853953128
0.101304485731038 0.0512386104742612 -0.0621942508952074 -0.113340576320344
0.0840311724444813 -0.0326064147284463 -0.23689935394907 -0.127829571880654
0.0366298903046343 -0.0769038506041424 -0.359519628853207 -0.0727715567603992
0.0246708954125746 -0.0821209766749723 -0.394706426647958 -0.0574123731889876
0.0281131514253003 -0.0603269465244681 -0.405619836946424 -0.119540112881014
0.0723029423503352 -0.0140372132128726 -0.295622075205338 -0.247972411855545
0.0713904065822637 0.0351798718425869 -0.0485624346225099 -0.281870381003747
-0.0116059845487775 0.0732249588638687 0.0970812883216065 -0.0449645784812759
-0.104741861155724 -0.0126319227757302 -0.144227496445938 0.0257318782198219
-0.00250579103306074 -0.111006239919222 -0.279153370765611 -0.237513477191133
0.088694849912681 -0.0666680604260446 0.0109795793333565 -0.736948833994222
0.0256531154495992 -0.287116638715122 -0.166759630383388 -0.364042366554366
-0.165926677628895 -0.201585341218224 -0.167565641495749 -0.165651426550652
-0.242080941771959 0.0236624764191855 -0.15056468319396 -0.0230633975869788
-0.046306452307216 0.203436050482039 -0.0345302913815665 0.0300004366179112
0.117215498636803 0.173583414604317 -0.01979614479836 -0.080176300890539
0.182238264854083 0.0652927286385001 -0.177424015092375 -0.134871561331314
0.171776117634075 -0.0372017274970598 -0.310575451380749 -0.0961686603284593
0.177162904513444 -0.0621225852512447 -0.350123136284466 -0.0809760214821387
0.188432426629539 -0.0186596708964731 -0.349466068770205 -0.134770626393217
0.226204328341368 0.106680609718674 -0.242620795309319 -0.2346561731408
0.125575885070097 0.231563229407835 -0.0267016787830225 -0.237042915592299
-0.107779630961445 0.252027279549744 0.0932469152465423 0.00474916273652208
-0.342890885296686 0.0245838755913103 -0.178662855494532 0.04683622178011
-0.2076795040155 -0.289499811023675 -0.29516714705984 -0.244353710308191
0.0233172844921984 -0.350031006679181 0.0113110848967791 -0.695649583020892
-0.00174432454265129 -0.464787511752554 -0.188224121527849 -0.233518120498246
-0.254093827529498 -0.302776650942724 -0.141436986160334 -0.13703213514778
-0.350111789228206 0.00969653969319462 -0.159894889766434 -0.0123325003305506
-0.112509495622301 0.276461408529591 -0.0513810283498049 0.0514294367361223
0.125971191573799 0.28840016433132 0.00258966500488318 -0.0310347798204454
0.264038451479163 0.159521405669535 -0.103838341336492 -0.111574095509296
0.286847648013888 0.00879485974949386 -0.220059536982385 -0.0989260926566586
0.30305898745207 -0.0328426433922372 -0.251370110548703 -0.093404889695208
0.319085711756794 0.0261298467408846 -0.23893561522833 -0.133166977925929
0.348569631025272 0.215089859240176 -0.149896163743 -0.193870482714284
0.164383363013543 0.403732935453963 0.0105209087274113 -0.167209853999565
-0.195795235052532 0.404735252616971 0.0979452043636293 0.0561139867811417
-0.543413583880133 0.0568800835909825 -0.176070568190569 0.083660573154201
-0.38873926509726 -0.433152873309476 -0.276421068349491 -0.198049948200948
-0.0420977438895939 -0.584014356642816 0.0179281153995987 -0.55999522167038
-0.0434417772721216 -0.595954033010393 -0.19508135324515 -0.0424485417573194
-0.355512488962982 -0.368561971299014 -0.0743394923674752 -0.0805790065593235
-0.45531760870266 0.0232196083533229 -0.13976303414363 -0.0210860016084392
-0.165915230998799 0.356567067548878 -0.0807651843785576 0.0539760054829612
0.136357401728625 0.385801966321824 0.00881859530416081 0.0385887988249739
0.323930859028308 0.235647084933612 -0.0137710402129591 -0.055809342520999
0.367295507467199 0.051801728812637 -0.0934502242676393 -0.0814660654807781
0.381444012978315 0.000360394030389235 -0.11311816039052 -0.0910464235715362
0.397189746095233 0.0673642895963171 -0.0913553610882374 -0.115918569086701
0.419102812069101 0.290103262434982 -0.0274199919271606 -0.133956907207158
0.182309853935937 0.514092663575364 0.0613383602486784 -0.0774570735012825
-0.250648250358999 0.495893538880029 0.10708375640992 0.108592150015604
-0.660069358038295 0.0781717869632494 -0.13325415244824 0.126439678199572
-0.503589853269889 -0.510849351200411 -0.214654126054031 -0.105996740640296
-0.0898781828282471 -0.716046352740991 0.0340415752074205 -0.3489987364289
-0.0911630968264844 -0.649922170422467 -0.176121567839401 0.191767280063651
-0.437103624147713 -0.382934773187138 0.0388138136340183 0.0055938072624608
-0.520928695971088 0.060915200772753 -0.086720165370421 -0.0397492826087898
-0.189042375616783 0.413103737660495 -0.112652127018356 0.0504982579118304
0.141451598503199 0.436076949926639 0.0116770616675817 0.127323432125398
0.347383867268271 0.275299980524782 0.0923926381974646 0.0253936559617174
0.396142833749305 0.0828592381654341 0.0560517980342469 -0.0450153835089774
0.400772993645294 0.0336554272793935 0.0420372026657119 -0.075165633800685
0.407253099335387 0.100866031565929 0.0671656482772865 -0.0865528919457881
0.413852610635421 0.316604369531693 0.102018860709513 -0.0673301140572792
0.162609699099955 0.524733199317002 0.117030306494706 0.0150628139227583
-0.259486400086489 0.480075991163509 0.114067708391929 0.149841335450003
-0.637838699322647 0.0696997790905941 -0.062616395068436 0.159582755573567
-0.505654518277585 -0.496513131716651 -0.1194549745764 0.0058070386013934
-0.110343224006281 -0.715032179799106 0.0558577734300277 -0.106786041122127
-0.126933688189886 -0.60398931299542 -0.130544079261086 0.435951181102297
-0.450288310705765 -0.330151493342359 0.176628271793096 0.107918423571433
-0.493071737586602 0.0899869686858539 -0.0138425355408549 -0.0607131261489653
-0.174198263291152 0.395164483665386 -0.136686078195607 0.0478259902373209
0.121296621308491 0.408552319831067 0.0173171374211117 0.21920538972306
0.312538371071442 0.266404080296671 0.199147506022753 0.117977928450316
0.362418316572134 0.100285884898182 0.207017520025551 0.00200681746442927
0.357340067526229 0.0611779320896947 0.192077135079342 -0.0486612431433855
0.351392616749531 0.119633889444606 0.208194597402753 -0.0508485567638238
0.329545797111828 0.289703257573155 0.207228393131761 -0.00731986349846923
0.100718436406798 0.432840801215297 0.157565805872363 0.0849761735526618
-0.225941596026261 0.348917973695601 0.110103115547764 0.162912134560285
-0.475103519027672 0.0230845153050908 0.0124875670075042 0.16770500696544
-0.389353289960086 -0.392129568441881 -0.0237763538146152 0.0998777607431387
-0.102670087070882 -0.583584005121851 0.076238689228886 0.113796614283262
-0.134804079488454 -0.45491751879361 -0.0764226243335021 0.642593311184836
-0.365874270638158 -0.220748535677414 0.296887461615371 0.205281182090736
-0.357815483600412 0.0906523003938452 0.0641443027971302 -0.0728253597977993
-0.12844901770651 0.283910369144782 -0.143159256952697 0.0395121613888831
0.0710884978459629 0.297518817476457 0.0158666730138153 0.289488445246109
0.217106806672459 0.211151121093468 0.279641810375315 0.203408653551811
0.26745571537515 0.101243016502503 0.334294493834907 0.0534422395224533
0.25950498512035 0.0824433370762292 0.312378456560224 -0.0162108415112855
0.244729748262222 0.123167808488753 0.30605961830957 -0.0111104745046199
0.191630168179518 0.223478744374759 0.26345106122033 0.0394002376807159
0.015279977152629 0.277745813081316 0.164636906333295 0.116680512043641
-0.167220223947181 0.15940838928315 0.088626740506408 0.141094559590313
-0.237550791593049 -0.0343759422464153 0.0700034707511432 0.14731280158971
-0.206940354492324 -0.231947835807609 0.044885446436819 0.152088577054221
-0.0798776069739297 -0.36215573489349 0.0910168669001131 0.269709905380098
-0.114253727547212 -0.226869453399981 -0.0235292136210162 0.771413471670339
-0.208754094417127 -0.074881982245333 0.373257429589762 0.283028473854381
-0.1511375228119 0.0670310120134109 0.133644336002457 -0.0795258880232431
-0.0590386947229891 0.114099372671356 -0.135593574015662 0.0157226539226496
0.00630218196385544 0.132951515002232 -0.00202156084202105 0.317297143854302
0.0814834605737276 0.119980464329145 0.313207045628147 0.267378725399372
0.12695563976817 0.0880584799174145 0.412411673254101 0.101006579547419
0.124384638203558 0.0913129084639255 0.385583870387619 0.0170754395999838
0.108544223500464 0.109073565522809 0.351488909820507 0.026470955813459
0.0415408582590617 0.133881484182978 0.268879750080668 0.072485268044271
-0.0640568536327626 0.110917326496884 0.142335981179423 0.116489253544947
-0.098699793238926 -0.014666008368465 0.0593199343475462 0.0939300693154468
-0.0139126997714451 -0.068883515401993 0.105769531893672 0.10843716815883
-0.0352824433448419 -0.0551672164987889 0.0839579545975865 0.167169069595105
-0.0559719421123522 -0.109108685304068 0.0997800478934247 0.347003057896362
0.0349222348866197 -0.081793390243473 -0.169802323452014 -0.415839200684139
-0.0842782632659161 -0.0727735929181425 -0.185568203304341 -0.165256311516311
-0.120701756659366 0.0558905289369332 -0.129491028772441 -0.0379880877520446
0.0310506552455011 0.119011456810107 -0.0355710589229536 -0.00497521751658038
0.103056694632784 0.0407175255910364 -0.0643493465853299 -0.105962349237002
0.077775926195268 -0.0387454871213507 -0.237084690887504 -0.108967574020173
0.0275633886287685 -0.0778949634259819 -0.354259766375584 -0.0490690636414921
0.0170125801829653 -0.0817547302902919 -0.390260771667163 -0.0303434763255962
0.0232303758541003 -0.060336264579904 -0.405726293369995 -0.0912005208908368
0.070563627603947 -0.0204493737832191 -0.307744749574565 -0.223436396382725
0.0721448105669981 0.0270675348651117 -0.0681013635053871 -0.275418346465689
-0.00538346276931713 0.0712696442272429 0.0939008800251039 -0.0555890860185162
-0.101544211037355 -0.00131671250566645 -0.134628618155019 0.0344661748186933
-0.0117158999760707 -0.106028783608466 -0.279687707504828 -0.214849644678925
0.0782409768590974 -0.0704973124711137 -0.0365512615178836 -0.721495763996813
0.00421168003381635 -0.281319976147247 -0.185767111343704 -0.349563709274498
-0.175346990398423 -0.183319336264636 -0.177167175526254 -0.154984239367882
-0.233511473647332 0.0413966304922401 -0.147414427177119 -0.00793324799608866
-0.0297452142077607 0.199684311965334 -0.0288664057674226 0.0359670485432091
0.12776355835953 0.159677554606409 -0.0195804167077125 -0.0777883841117671
0.181343942507012 0.0503380251294177 -0.180330765786196 -0.122053932048918
0.163109216829916 -0.0476589433974989 -0.308497897535978 -0.0745698030955621
0.166180820462697 -0.0719026527992124 -0.348194057093909 -0.0578581507046175
0.18328468566064 -0.0301904679729133 -0.352827052462436 -0.110026038346321
0.22813242324737 0.0876574911461006 -0.255063182527788 -0.214238788851669
0.138345372637874 0.215270462348163 -0.0424024282574362 -0.231739945097147
-0.0883296374924704 0.252277566032931 0.0947569418544519 -0.00825537797068733
-0.33132432378821 0.048165756532733 -0.166384288853448 0.0560090882967787
-0.222935645149111 -0.266859418706815 -0.295985053802741 -0.220843831765184
-0.00213447375698233 -0.345122001220908 -0.0334842018889403 -0.681211744448791
-0.035450508078615 -0.452634186425443 -0.197658924514572 -0.221770833640261
-0.268325592625669 -0.277331326628154 -0.149720042155309 -0.13012892548094
-0.339701467769157 0.0340823983607955 -0.154927315888188 0.00348974054290894
-0.0913410332335859 0.275610083441893 -0.0424682368670406 0.0581365508488438
0.143865371131681 0.272260693692304 0.00596331147083902 -0.0318980989952849
0.268987279284542 0.137888689098556 -0.106892636644902 -0.105265346566173
0.278949446365308 -0.0108494407649439 -0.219607412331525 -0.0829606868483404
0.291439616815119 -0.0515443422077981 -0.253011607382525 -0.0761247105847504
0.313884894362595 0.00407146706881033 -0.244488880559813 -0.115692205583428
0.356058033669422 0.185934088138182 -0.161502395042056 -0.181997245967407
0.187659647636242 0.381251234221252 -0.0017261883312572 -0.165104543713852
-0.16435895854873 0.40734687100513 0.102617153880408 0.0408690034270554
-0.527366242414392 0.0901683863334309 -0.161295785100518 0.0898922252669829
-0.407537987118333 -0.396614772958105 -0.274530977516303 -0.177059161602596
-0.0796988797173764 -0.569125282259332 -0.0196765616037108 -0.548882762261263
-0.0830777311115724 -0.577930256672193 -0.190922942553851 -0.0350230016305212
-0.369815034998009 -0.335814352813075 -0.082489486963093 -0.0801281054422443
-0.441781836703958 0.0536616774452604 -0.137373275723102 -0.00571059351379782
-0.138371489846646 0.357522481676037 -0.070836229880229 0.0627955393678164
0.161234638798027 0.368734425137653 0.0176499778687251 0.0347888572921089
0.335730104909992 0.207610214533855 -0.015326091651277 -0.0583270425137685
0.361244191907262 0.0255689245413186 -0.0956138270121334 -0.0737307032621723
0.370820665493486 -0.0238781042987675 -0.117775489108328 -0.0825657872140033
0.392056369025829 0.039885190919562 -0.0992794359272363 -0.108521435311324
0.430821557817756 0.255629428816712 -0.0385988209080054 -0.131094105074245
0.212314599160561 0.488167349374124 0.0543836242903891 -0.0801043242002922
-0.215144213375488 0.500540595696552 0.113991711863681 0.0902070578139856
-0.639917612017428 0.118361980112718 -0.117069431068347 0.12632726286538
-0.52469365765527 -0.465743340748008 -0.208843483593005 -0.0921885855422259
-0.132113845078318 -0.696769529202067 0.00964773113444792 -0.343298464031808
-0.132759506028189 -0.62929785093273 -0.156604978413305 0.194434305288349
-0.451111051000818 -0.346360033287128 0.0329472422460229 -0.00267372422757801
-0.503526762992299 0.0922766629818633 -0.0878808925922905 -0.0285448822202249
-0.15778182203309 0.415076244895048 -0.103269255998829 0.0613299237190633
0.168662533497764 0.417669365828803 0.0276833718837562 0.121885174244029
0.360656305444892 0.24607977658208 0.0944984464684205 0.0136993984323115
0.391443358636149 0.0549804139515628 0.0533690664021282 -0.0480639118324144
0.393105759647809 0.00632123656241965 0.0351724025726432 -0.0776477823224228
0.405546025702921 0.0721892747092044 0.0580923684883662 -0.0907174404933764
0.425681539683016 0.280116643180996 0.0924435138916712 -0.0740643400310108
0.1962998503189 0.499950965560465 0.114744952281181 0.00729603549227334
-0.223684062681467 0.486844461802416 0.123055531739571 0.129761259090975
-0.619131900901986 0.107822427082154 -0.0460327097797717 0.151744732411798
-0.525364320489807 -0.449999183795059 -0.110175125690803 0.0107069311725113
-0.151227626577359 -0.694043521985099 0.0456827166725375 -0.10653131992416
-0.163470674285828 -0.582522411166139 -0.0961138821203398 0.431042510111914
-0.458230700393371 -0.294488496512191 0.174083501136147 0.0890028351880509
-0.47563847830405 0.118917617598774 -0.0191998607671071 -0.0547575428930911
-0.147022418169609 0.39669891541609 -0.128043143910871 0.0611896804056006
0.146627276627824 0.392898751176655 0.0384027311493453 0.212612227576935
0.326907173841894 0.24265203127264 0.205093796647599 0.0967762734049507
0.362569262836008 0.0741754517106337 0.20408177245397 -0.0119992171446943
0.351990791131521 0.0374312817532567 0.1835887603333 -0.0612648001984526
0.35218017090637 0.0940019860698304 0.197314723027241 -0.06521760047632
0.342687917997456 0.260420879488613 0.19819705501492 -0.0222772475307606
0.129047650389943 0.415976646632298 0.156911288574259 0.0720594517471805
-0.199198415144704 0.35571623944883 0.118409698681521 0.144578043617099
-0.462922694402879 0.0524395163039111 0.026699392785045 0.154030465994806
-0.40392088776645 -0.357894516784695 -0.0123091821787956 0.0960684154962377
-0.136201838180798 -0.566638547390261 0.0811077582375507 0.108055659714722
-0.158811518144565 -0.436745441775217 -0.0299433592882888 0.63060029775082
-0.369158457079868 -0.194310496950813 0.298236871446947 0.178860140639126
-0.343076920707193 0.108737557245109 0.0535428364191551 -0.0734432134184455
-0.109992581471424 0.28560491739754 -0.137582064749473 0.0530289577465693
0.0886164673715016 0.288837070136961 0.0403348304113655 0.282228719538141
0.228087429999788 0.194334006544983 0.289758416996365 0.176682056574642
0.27037209849556 0.0822376005624557 0.33123503753835 0.0295650084625005
0.259870017961477 0.0644821405821808 0.304002278371077 -0.0378169109570782
0.248379533574265 0.104064911186533 0.296147703140169 -0.0324181932850419
0.202938658165055 0.205608716797019 0.255724441908844 0.0206083649323175
0.0346988228895932 0.271834778891315 0.165257577426703 0.102238227625725
-0.155542349785205 0.167237977317613 0.0956629302970978 0.126368976739728
-0.235849065842919 -0.0214159882928879 0.080538530169594 0.130128812708738
-0.215288388621909 -0.214183716939629 0.056679771279326 0.144005208905356
-0.0963184954326318 -0.350809056385599 0.105166318432781 0.259674500922133
-0.12373020764347 -0.214922831626588 0.0271723882965029 0.755650629166036
-0.205652350997058 -0.0624028709962933 0.377998456426472 0.251851096285319
-0.142573836655559 0.0729505293123416 0.120082911058186 -0.0861544891524756
-0.0529737051714939 0.115632669591262 -0.133498209198666 0.0286033525210025
0.0141061119817325 0.132066458172121 0.0239679278701656 0.312152112938176
0.089314178000892 0.114820406650488 0.328737713978122 0.238251617090946
0.132585298759454 0.0785007714058821 0.411258070267378 0.0708872952100105
0.129440621562346 0.0817054586310583 0.377768228399902 -0.00804721160603803
0.114169506964783 0.0996075789559654 0.343939719033144 0.00318978101839627
0.05008041597068 0.12937886553791 0.262227103268528 0.0521769401113394
-0.0546582814587926 0.115175050034488 0.14255514973481 0.103260434757342
-0.0998171421007518 -0.00580710374849057 0.0631840911414826 0.0832814404271421
-0.0205760224009279 -0.0701262814129215 0.111748329860369 0.0911725215672308
-0.0358510497153062 -0.053644657118362 0.0940964309260131 0.157107064578069
-0.0562764569473294 -0.104619289649118 0.118676415530412 0.334804450697714
0.0292435245334581 -0.0786394926538332 -0.172940924801695 -0.395889642201604
-0.0819462819359429 -0.0651706542839392 -0.18389031634802 -0.155082489138785
-0.112166945640808 0.0590461738966622 -0.124202078223747 -0.0289217843258729
0.0345604646282704 0.110671025414161 -0.0312612007039327 0.000334402883148387
0.100174143461454 0.0330267853532459 -0.0610425307107453 -0.0979651504909888
0.071268491168694 -0.0398057067608147 -0.227134091514092 -0.0976692538085872
0.0217416116987293 -0.0753659900444171 -0.337532682090432 -0.0380001816670036
0.0118534516793305 -0.0780735278144054 -0.374349383057146 -0.0208372250126632
0.0206642053192446 -0.0572337650780948 -0.391110650723718 -0.0763506249882465
0.0665221127136757 -0.0233220709269586 -0.302785272178118 -0.205293983436626
0.0696693305374322 0.0212817203347233 -0.0743694724204178 -0.262895080524362
-0.00198281299531678 0.0677641246497994 0.0898663441437383 -0.0601588834967474
-0.094611200925467 0.00467007155434764 -0.123377675174991 0.0359235822876679
-0.0151253557515213 -0.0980903313503547 -0.263135474649475 -0.200019280766941
0.069404402185512 -0.0689566058972269 -0.0533402700881291 -0.688486323440197
-0.00521695928295634 -0.267710556897115 -0.186124067663422 -0.333288561427916
-0.172167245473589 -0.168241480489344 -0.176974097700535 -0.146996154182454
-0.219971009889761 0.0476371725153035 -0.138724373203502 0.000397199069688845
-0.0219618243532569 0.189544796257489 -0.0227440018895909 0.0382062604328018
0.127964994177866 0.14683995587996 -0.0164765725345988 -0.0740151213408813
0.174084139927168 0.0418873719707111 -0.17402989785637 -0.112405901574484
0.151969494826477 -0.0500499629966784 -0.295306544042052 -0.0647245438281157
0.155051652622649 -0.0725574398939114 -0.335128988537491 -0.047550987211808
0.174371850617756 -0.0333944901617231 -0.341200050336853 -0.0965074347489813
0.220613086151768 0.0767672685253548 -0.251706686384144 -0.199177687717913
0.137823952036723 0.199608627940656 -0.0476271772620033 -0.221875380161893
-0.0776320895531734 0.242491530210584 0.0918251401842986 -0.0162052027985012
-0.313601995055163 0.0555233881720894 -0.152913418824084 0.0558619314676728
-0.219553593392606 -0.24782068133978 -0.279499919283013 -0.204828099982846
-0.0130015747614774 -0.330781529188185 -0.0495044589722194 -0.649053012855102
-0.0470040531081759 -0.430751435480218 -0.193775647813326 -0.211843893805493
-0.262276211486713 -0.255549171970844 -0.15116159198646 -0.125134737096156
-0.320603457692189 0.0424742353703494 -0.145771603943061 0.0113064621871297
-0.07910245625992 0.263905616137835 -0.0343722632897714 0.0592855628837099
0.146880408399172 0.254665381546168 0.0096198607912993 -0.0324401584808738
0.260488824313838 0.122842878898082 -0.103527609368281 -0.0998474855390914
0.263778507774571 -0.0180363519236036 -0.211729726755563 -0.0744862648683839
0.274695859177785 -0.0560855524196843 -0.245115262809268 -0.0670172077830564
0.300015161525738 -0.00361649795311609 -0.238818593002389 -0.106115608416377
0.346526354783685 0.166586338794751 -0.161665729480722 -0.170616574240651
0.191437910277479 0.357856146219905 -0.00591597915594633 -0.158342237484782
-0.147984664717385 0.391903015501306 0.100350801352535 0.0289665735270478
-0.499435913390431 0.100154422763814 -0.146684072640141 0.086162351513225
-0.399205560103233 -0.366680430702624 -0.259752256549288 -0.164550200986891
-0.0898268099990133 -0.544505811633996 -0.0340225611774318 -0.523626024751407
-0.0968013065144534 -0.54921979170232 -0.181890736787336 -0.0341412565893463
-0.361212141060468 -0.311378547859648 -0.0863177696199023 -0.0791463597602055
-0.417766004786463 0.0622640791138246 -0.129667241860507 0.00286453003806554
-0.122629557049143 0.342955348678394 -0.062362847234885 0.0656597342607798
0.165858611002698 0.347176879000799 0.0231159734155861 0.0306016266701523
0.327200579500356 0.189160542181011 -0.0148042281298768 -0.0590619956644
0.343856458044683 0.0145277170995791 -0.0924169989244868 -0.0689468869877687
0.351254376453233 -0.0312351419305246 -0.116174607800831 -0.0769954094796223
0.376158131034406 0.0285528854443814 -0.0998764920629314 -0.102978186295023
0.418189743248828 0.231391294618392 -0.0429195954989122 -0.125354891155831
0.217600268835129 0.457885287494763 0.0500341077236021 -0.0779693029688135
-0.192654137622955 0.483104996729676 0.111802430496204 0.075476222957184
-0.606482893178982 0.127858465974265 -0.104589850171824 0.116932466387894
-0.510584486284488 -0.430289756173016 -0.195049834194142 -0.0850141503485243
-0.142687763381016 -0.66449979637265 -0.00152342041098808 -0.327672157304004
-0.142957055255463 -0.596160972477344 -0.142283091868649 0.18457615300195
-0.437913704387791 -0.319075569195279 0.025139598325119 -0.00789856485081145
-0.477876570365875 0.0993691487132476 -0.0842778278509293 -0.0201553092219498
-0.141302568516602 0.399591257553714 -0.0937156760560651 0.0652423669321386
0.174489691743021 0.39494730268099 0.0354117516765067 0.113348624183032
0.353094570531229 0.225735582379748 0.0922275323213196 0.00572146438963469
0.375933632922028 0.0419493775969169 0.0501660938546929 -0.0479421480470072
0.372634020642786 -0.00234079860211678 0.0303988590147612 -0.0758453052847192
0.389062476188511 0.0574166656375787 0.0502535358701863 -0.0894752445291319
0.415890255114446 0.254585485914463 0.0832987547527449 -0.0749008343914177
0.202671531398287 0.471971767768069 0.108846483521763 0.00322020679308371
-0.202394458205105 0.468837882368908 0.120785909997631 0.112906024821412
-0.587063688637074 0.115217890151204 -0.037885259353381 0.13792215603414
-0.510902121621696 -0.415412481253292 -0.100182592532155 0.0101594765785157
-0.160199690507686 -0.662095055052967 0.0396187345284559 -0.102202341670939
-0.169710114806324 -0.55114920415811 -0.0785278451240781 0.409535871202703
-0.44349605703318 -0.2709322922233 0.161401060900688 0.0768096195792367
-0.449365266529761 0.123016105733129 -0.0210545485134937 -0.048655601651275
-0.132801921754503 0.382924270631722 -0.118104711876488 0.0661397432656259
0.151044984279913 0.373537297011268 0.0479315158622325 0.20055330231673
0.321620476720773 0.223354666461236 0.199924127422999 0.0825059246932335
0.348024548780653 0.0607766776381271 0.195663830071682 -0.0174919875651132
0.337493045862479 0.027772085666698 0.17294840193891 -0.0638484672036349
0.339165674647028 0.0799643439366658 0.184930874353695 -0.0685327394988381
0.335043721355187 0.238722235862181 0.185235969768909 -0.0282572315740817
0.136798402292485 0.393334939301055 0.150353542510351 0.064159684514247
-0.183274349324234 0.345457569915378 0.115672282612509 0.127907593199291
-0.441978166411504 0.0583774905104026 0.0312182318958067 0.136777018697922
-0.393286540745768 -0.331684074116338 -0.0061753648000706 0.0897926273330169
-0.139082394719827 -0.541396444577106 0.0788777149415895 0.102309829601137
-0.160858372962951 -0.412608961701144 -0.0117501656716893 0.601070806163648
-0.355272137409616 -0.179155942005126 0.282852625318639 0.161436255959608
-0.323889684267601 0.109692900200743 0.0465813875941746 -0.0686411523980945
-0.100434823447729 0.274843932276442 -0.129726071258644 0.0591516958086959
0.0920824858518445 0.27673253366379 0.0509719074683318 0.268467864175998
0.226513933529173 0.181076968479283 0.284017269645361 0.156212416598077
0.260951439778554 0.0720548496059017 0.318080934572378 0.019555949482036
0.250742427799789 0.0552911722888259 0.287770007612872 -0.0433667197039359
0.240452275765981 0.0930846383389249 0.280302391134764 -0.039614649598293
0.200370741071399 0.191262597181531 0.240541239233312 0.0118159566566287
0.0414213995008575 0.259363164498246 0.157991461710851 0.0929275970254751
-0.145857534709682 0.165245143053163 0.0933023660709798 0.112592706577054
-0.227144887853833 -0.0177301865635282 0.0807628003854005 0.112807323815131
-0.2089065867812 -0.199387979251005 0.0598238345529465 0.13396310294895
-0.0952629414900243 -0.335539587595137 0.105719085304292 0.24686499464619
-0.121100533403353 -0.202334704419723 0.0465251124574865 0.719890969731764
-0.195848146305263 -0.0569441428960721 0.361407803340219 0.230597118217299
-0.133513727016247 0.0703007406347844 0.106381972716673 -0.08313506397214
-0.0493615921129583 0.112113630272602 -0.128679145156678 0.0351419068898388
0.016165733242502 0.128481419620647 0.0342834358808374 0.299857669791287
0.0905413556573112 0.109079399896541 0.322349326206819 0.216957178137109
0.130496565524 0.0726402310102112 0.39526218215478 0.0575703989731105
0.127022468903988 0.0753388119294615 0.360618271859204 -0.0175210743360571
0.11260763271395 0.0920445560401656 0.327218824660059 -0.00563187096828302
0.0522121644608514 0.123377986146411 0.248366833025176 0.0427166502963844
-0.0481481720346725 0.113195269256968 0.13443103336286 0.0937050284162845
-0.097601276498152 -0.0010949196972321 0.0606082629528736 0.0742108034183343
-0.0236544976599159 -0.0696262022633983 0.109579307350589 0.0763878534026596
-0.0332164650380965 -0.0522496847167375 0.0952988394283181 0.146821419845403
-0.0514851224927541 -0.100397588584721 0.120579143809237 0.318908032442513
0.027244816735131 -0.0757893904061854 -0.162731931901075 -0.38984350181772
-0.0789110083428471 -0.0621804987508449 -0.180087732745105 -0.154610671206628
-0.109094017968046 0.0580547845586763 -0.119018067463882 -0.0261727939236601
0.0341740925893271 0.105665988343354 -0.0277564811789761 0.00338344767733785
0.0967768310313131 0.0300526400776448 -0.0533482215228301 -0.0946751958620677
0.0681137287212654 -0.0384982230950018 -0.21742797220907 -0.0972143775171595
0.0198064700706519 -0.0724664324809163 -0.326095084556346 -0.0421275433699123
0.0110044647311805 -0.0756441913131113 -0.364238058969541 -0.0254633796799168
0.0207431901141256 -0.0556697056308069 -0.380835297771846 -0.0785974804038228
0.0647229327612082 -0.0228133632481135 -0.293475919315386 -0.202531665257495
0.0669977006998282 0.0186421191656794 -0.0711049757059819 -0.258220296281994
-0.00163679483412506 0.0650389623982986 0.0893469845621741 -0.0620336064310704
-0.0897831784814929 0.00551732047377949 -0.116135167964918 0.0328277077729696
-0.0147742463472114 -0.0933347630728507 -0.246141320691707 -0.200192339063748
0.0650374136076847 -0.0649382850584473 -0.042046216857736 -0.668747749565253
-0.00352059650122485 -0.258880470552811 -0.176484804200775 -0.32972231556767
-0.164257294222745 -0.16331386334747 -0.173243005883556 -0.148226533375564
-0.212390068593493 0.0450481846174885 -0.133282565177478 0.00183981512633369
-0.0222045779894704 0.181502942037712 -0.0192185993320105 0.0397339314766814
0.123621215336259 0.141752037776092 -0.0113352917122587 -0.0723977400022847
0.167785662044887 0.0415293411355971 -0.165868451641687 -0.111979409221168
0.1462863473364 -0.0470806983719546 -0.285071932859752 -0.0678869454123253
0.149811527444831 -0.0681460642818801 -0.326186937107925 -0.0518016886125511
0.169252107095133 -0.0297928851513716 -0.332202867315278 -0.0982290753525305
0.213837141955808 0.0750155836671606 -0.24448167695701 -0.19659939478546
0.131006757698076 0.193331737362147 -0.0436103155835134 -0.217627820727151
-0.0797445678174491 0.233494640847202 0.0910623898282682 -0.0204700852313692
-0.302892193745489 0.0506396881067293 -0.145245236981588 0.0500647456826938
-0.208977477073415 -0.242272549642087 -0.26233252114219 -0.205904405123134
-0.00947511032769027 -0.321542916954544 -0.03904290095981 -0.631403836239567
-0.0411414136286827 -0.41648027013126 -0.185023828076895 -0.21227306416983
-0.249981979775857 -0.250354575223833 -0.150284860109503 -0.127569645955822
-0.309931662850009 0.0377158359857996 -0.13915146946677 0.0127383141928461
-0.0786944545456453 0.253651622818126 -0.0301342342970356 0.0595890741172439
0.141411070762555 0.247532449021243 0.0135224524914442 -0.0329172375829774
0.252759328558931 0.120363830341777 -0.0990168785897266 -0.101295136674161
0.255543164318841 -0.0147468302923589 -0.203937312756395 -0.0761911183758563
0.265865390584969 -0.0497217174483532 -0.238763573466808 -0.0698032298481869
0.290867566953938 0.000971899031579336 -0.233040786095983 -0.106655878240725
0.334535070861946 0.164310507268499 -0.157313217364535 -0.168440982248739
0.180097180117172 0.346843832019606 -0.00300211006853338 -0.15509828861671
-0.150032535320589 0.378127859572971 0.0984536652125759 0.0230134075497438
-0.484468962375335 0.0903974698805662 -0.140324554082079 0.0769430139114543
-0.381231858231763 -0.360691039819491 -0.24323694717081 -0.166801290214153
-0.0803313303618786 -0.532341709160467 -0.0274952021718615 -0.509211375926298
-0.0875386077326802 -0.530469265668076 -0.174682984847702 -0.040614906874805
-0.345543155870602 -0.306138843045939 -0.0895107084932639 -0.0813912299777786
-0.404643582734129 0.0535394124881408 -0.123718123307619 0.00485399148929582
-0.124048373615757 0.330989367381204 -0.0565713541386674 0.0658352628350987
0.159952524362373 0.338418073702059 0.0266662507599286 0.0280564070673078
0.317693873196069 0.185714772610789 -0.012677353808218 -0.0614656594702318
0.332945326834781 0.018108324063363 -0.0884536323399857 -0.0690291917941687
0.33951756242961 -0.0248701750349932 -0.113516786092567 -0.0777707965844546
0.364647910825183 0.0329513446051854 -0.0981733371364953 -0.102603269570923
0.405745608433034 0.228265201456061 -0.0425830628287912 -0.123747562541531
0.205626323041469 0.446260824357462 0.0501005066377463 -0.0755156080203628
-0.1947140608852 0.465263202625484 0.107861310675843 0.0668411960486481
-0.58924448577925 0.1141834087229 -0.100181670895063 0.105535623358367
-0.488940841734663 -0.425029097397866 -0.183748145750421 -0.0880047681485335
-0.128655310765859 -0.649833284158294 0.00142729908140902 -0.3164954756219
-0.13007744260243 -0.577833855969156 -0.139070312860748 0.171067251150684
-0.418889622585946 -0.316262171211886 0.0174688077026822 -0.0113684088964956
-0.462049409783947 0.0876406098818139 -0.0818408115087801 -0.0170028067030542
-0.143440557570975 0.385596020158791 -0.0877502504372267 0.0659214010521117
0.168092133909731 0.387665974120332 0.0380350143615651 0.108283422930718
0.343318113305531 0.222362313499733 0.089843500111452 0.00195710368364081
0.364296634995081 0.0449297676209286 0.0499075001681485 -0.046917523115128
0.361528739552833 0.00297141612908236 0.0293322425857239 -0.0747329126481614
0.377276854609202 0.061356354650496 0.0479112968170836 -0.0883941262551156
0.401775732018967 0.25186934136973 0.0789295749319981 -0.0727014999429054
0.191882507044848 0.458160073771322 0.106042576828534 0.0045370187761743
-0.204483438905881 0.453295248863886 0.114968127279318 0.104221471553203
-0.570708519868747 0.102138700151236 -0.0365833687760382 0.124912369765751
-0.486824874958597 -0.4101585978771 -0.0942246906015196 0.00530040524399699
-0.144739368872658 -0.649380515776516 0.0377931338415787 -0.0974779703937518
-0.15485187066123 -0.535163330686304 -0.0805948257813997 0.391987670487077
-0.424910329479097 -0.271326069937357 0.149407933171367 0.0739125759204754
-0.437038810844328 0.109572703897153 -0.0215614316763267 -0.0427089458006567
-0.135723484086022 0.369310863982006 -0.114410412034219 0.0665351411341791
0.144048116974537 0.366696048187666 0.0484503047961115 0.193881885008159
0.313009498991422 0.220232088601013 0.195235237590866 0.0778267214289144
0.338224311435312 0.0643714265447664 0.190611752478871 -0.016028398731198
0.326923445868824 0.0330048464422419 0.167304211470444 -0.060634072045508
0.32814865002613 0.0818832749249226 0.178647125397771 -0.0652883051699497
0.322875283044143 0.235760008382834 0.177311907298761 -0.026124527989737
0.129687120377316 0.383175605129286 0.144567752371246 0.0639724264872651
-0.184041376583866 0.333956863123134 0.109803023503805 0.119436656369333
-0.428976353537426 0.0474532769265128 0.029297383275391 0.124173765758473
-0.374094977019314 -0.327628312512962 -0.004652322069532 0.0841385032192902
-0.125102998730083 -0.531328761241978 0.0734245017623259 0.101207657841668
-0.146624218877382 -0.401670853206116 -0.0172458716170309 0.578810645757659
-0.339284443036904 -0.181043958168042 0.266222753412812 0.158596057347896
-0.315150355828468 0.0977543104769161 0.0424712836434959 -0.0624733711917808
-0.103676590788475 0.26553639007699 -0.126325212268639 0.0592940352339203
0.0869593479511293 0.272182292109009 0.0495123656104654 0.261639283354426
0.220180046309971 0.179870619851657 0.275703229291783 0.151846749035412
0.254939624396326 0.0737155530839871 0.309563454253249 0.0219891710973754
0.24313910089865 0.0585483459998146 0.279951558615205 -0.039127506660197
0.232827670904892 0.0935793800635295 0.270759083400901 -0.0348827512672535
0.193561064362694 0.188246702732018 0.229622548194026 0.0134694251382068
0.038359246154671 0.252669902099732 0.149463100262445 0.0916914048752787
-0.145762954807305 0.158991357171193 0.0878423215007955 0.105265294258953
-0.221868398327405 -0.0229498522690989 0.076936834199607 0.102269703680357
-0.197056292085156 -0.197652154440626 0.0575376412165657 0.129339577998058
-0.0844705838639522 -0.330919964578347 0.0985464496666985 0.242416159820448
-0.112451387416863 -0.197856411377378 0.0360205240231912 0.697323481091292
-0.186846544038227 -0.0604542674739898 0.342231027091545 0.22916460206146
-0.130012426293877 0.062791070618851 0.0998095187791761 -0.0759045004094309
-0.0519252913602607 0.108552723463504 -0.12695174424829 0.0367218471071089
0.0140239050907598 0.127467281390689 0.0330131971035759 0.292839118083044
0.0889080749168919 0.108593768406737 0.312231645407073 0.211348505317865
0.127955223115026 0.0722180297691888 0.384553014214553 0.0597678488202034
0.123208440029048 0.0754848351198276 0.35044748209673 -0.0116070378523672
0.109237271728715 0.0905927661781426 0.317032215307453 -0.00163046376371972
0.0498149391655306 0.121554809992101 0.236972333118545 0.0451216834757393
-0.0472528428603873 0.110609640556655 0.125547817541692 0.092201886361678
-0.0960446543406892 -0.000759358973432561 0.0561777262422708 0.0689158381077399
-0.0243906228344128 -0.070530208004165 0.104882168231389 0.068216724604172
-0.0295413076990254 -0.0528984595539716 0.0910615952294338 0.143479712328048
-0.0437752070617205 -0.101031738364623 0.112160987984878 0.312820729045288
0.0368162261066136 -0.0700463581692796 -0.100704351507626 -0.409223127291374
-0.0673393349070394 -0.0730350201563804 -0.155354725211557 -0.186988143198037
-0.115650143683406 0.0414909407565254 -0.114470452051492 -0.04943104108578
0.016297410125277 0.107990807487924 -0.0293680014226221 7.52372616758531E-05
0.0899287585126073 0.0439567612788579 -0.0395129584333869 -0.100397349393037
0.0730801891562324 -0.0253989363458709 -0.2007042813073 -0.126801459050579
0.0282059488470848 -0.0678612118102596 -0.319982842245718 -0.0893830011660553
0.020667194854634 -0.0730429609533748 -0.357000346455658 -0.0895388617739883
0.0263981967269661 -0.0480383989259795 -0.3680895842039 -0.143666316982098
0.0650594047293604 -0.0126338251963139 -0.259880592003547 -0.253547346716501
0.0589909969806141 0.0266234600546375 -0.0274378815303731 -0.273143261581352
-0.0133234356467954 0.061890969932788 0.10214961892214 -0.0514333925766577
-0.0882178416052315 -0.0054581066670768 -0.116075717261847 0.0138872571799158
-0.00222877228669299 -0.0896521492136853 -0.204099919413762 -0.24347150623263
0.0636027710277243 -0.0533250261305884 0.0796508688040331 -0.678585162796916
0.034037577315521 -0.254776788094573 -0.109521904639814 -0.348215971910123
-0.134240635651486 -0.187238185316605 -0.143743034292353 -0.180000823038059
-0.214249747637923 0.011045770033409 -0.127695025366444 -0.0289730621917714
-0.0524722445883652 0.171946280903357 -0.0252746511898198 0.0318678899072033
0.0967487241467787 0.158055635901039 -0.0042067469995642 -0.077437824140901
0.158745634595494 0.069677025604111 -0.154247758285935 -0.135225325350092
0.150317373186351 -0.0204447919049409 -0.278331726034822 -0.109617883136354
0.157364057823155 -0.0404947358528591 -0.315760097953853 -0.108319704581192
0.167786449623563 0.00293768272471469 -0.316203002487352 -0.157757085807366
0.194621547530566 0.109498265368497 -0.210058723235468 -0.24215159644275
0.0918590594344119 0.208512465048733 -0.00287191802573156 -0.229594390467539
-0.120335510903278 0.213242987633108 0.0994241050973745 -0.0118200222056227
-0.305160388509677 0.00144911617643738 -0.145541340835724 0.0276764785485562
-0.166190884143606 -0.272008172990317 -0.220179430637065 -0.244842413605378
0.039492664970495 -0.321029360807136 0.0729312364023766 -0.637303329102372
0.021660239409008 -0.416416511912827 -0.123181509522663 -0.230679397759784
-0.204495155193872 -0.287187542484224 -0.117781889843782 -0.156994034389644
-0.310016213677994 -0.0136154563830755 -0.130584194122286 -0.0231745468188443
-0.121981691121192 0.2331860940089 -0.0375280616358686 0.0453021300222745
0.0958786718121559 0.265704024003635 0.012703186561345 -0.0400752824428406
0.230136563443265 0.162089058868463 -0.0944710346386842 -0.115947185240577
0.255595820421446 0.0308412888588961 -0.198156590586058 -0.10908349573591
0.269278293480378 -0.00211049362075911 -0.225203784762781 -0.110886788916558
0.28227315057746 0.052990094046287 -0.215241551093208 -0.149939756999516
0.299382471157123 0.218429020848297 -0.126457233321581 -0.202249925506548
0.114368793508828 0.367877229352984 0.0290270715540836 -0.160556611725724
-0.216501691098906 0.343374694992837 0.101149909779259 0.0305383748074629
-0.489284070517226 0.00866770585243896 -0.143958213912751 0.056817189842311
-0.311378758622521 -0.420096389846817 -0.212779333407676 -0.197592622719227
0.00972789173076669 -0.542062295874439 0.0602479385908046 -0.508688044967401
-0.00598559205719687 -0.536257429618238 -0.128997959594728 -0.0566078830416552
-0.289166712867021 -0.360265908366271 -0.0593637487119795 -0.104224276212415
-0.406934493808859 -0.0132893060790977 -0.111700780787863 -0.0335188753134535
-0.180818219228995 0.301138566330487 -0.065131523754335 0.0426318957411173
0.0964168159809577 0.359157644048635 0.0151318646643407 0.0179189901530837
0.283825617139045 0.236076149644733 -0.0195857047525278 -0.0648079640387145
0.328400505400284 0.07594338029984 -0.084588143839566 -0.085344551313243
0.339430792978858 0.0357854656459061 -0.0995946111563076 -0.0967822972041693
0.349260574146438 0.0953090916589168 -0.0812865583578463 -0.123627237751669
0.358102896958019 0.290914029631146 -0.0185788338678384 -0.139404005043309
0.12547716976861 0.469190054351081 0.0699493069380846 -0.0725071415447031
-0.275331703817274 0.4223855529074 0.10415207513749 0.0750189164990452
-0.596465405327747 0.0120856199355188 -0.109306949677861 0.0910629275198528
-0.402609492107775 -0.502014655455802 -0.168222989224516 -0.104541859625692
-0.0126890735497425 -0.668556350952862 0.0519360914653614 -0.309005380846757
-0.0405142771010087 -0.588843151563574 -0.120683948953426 0.158828880780914
-0.360519064273303 -0.384207180469297 0.0388515405099793 -0.0194850276650487
-0.469373613132968 0.00798970827275841 -0.0660274666170664 -0.0522282698270498
-0.210395396045525 0.351206038681226 -0.0969433713405603 0.0362527280733985
0.0941215494624102 0.409239022430598 0.0126193187678046 0.096804322282593
0.303490580099227 0.276782562788777 0.0716040597479689 0.0139269964813442
0.355765376667184 0.10845548286403 0.0499465332980572 -0.0446650082456643
0.358850571399501 0.0670902724099737 0.0411756563346704 -0.0680168386356031
0.358211831199679 0.12473680718437 0.0614694237621082 -0.083992265761908
0.352409209742339 0.313571735688175 0.0932422263365206 -0.0679354508270957
0.110421951674638 0.478828364558615 0.111899377731891 0.0176213347082049
-0.281241023134756 0.409190623359299 0.102836832770612 0.113287883454715
-0.578504136329616 0.00382165379239151 -0.0505194082239335 0.119791168903578
-0.403356114407923 -0.488147761228425 -0.0966835878266415 0.00470010381261543
-0.0251078676976715 -0.668911134558943 0.0488113936932028 -0.0828908102020329
-0.0709694352871607 -0.551807068893978 -0.0968364039830001 0.385767080705487
-0.37321939470314 -0.340240486987059 0.155700153178278 0.0859338884353549
-0.447599940690879 0.0333234218117555 -0.00579595723445554 -0.0688653064898797
-0.200509528422651 0.338036398179371 -0.122896026786976 0.0341008570329989
0.0751149555192228 0.386201401888148 0.0111553459757259 0.184977288625996
0.273601465984729 0.269487868473522 0.165069619790238 0.104838949557303
0.32826361306016 0.123132726760182 0.186704983163099 0.00807497058636982
0.319355761134725 0.0907371782593631 0.176300945450666 -0.0308912006427571
0.30854601898303 0.136006783906051 0.187754764916983 -0.0387480222985122
0.279699527113386 0.282791240742438 0.181854805893622 -0.00349515041219457
0.0635382372992337 0.394490855312182 0.138403494086343 0.0845574429767145
-0.239729276101502 0.294629004552991 0.0940204138528326 0.129156191182199
-0.427886382879062 -0.0278926356678279 0.0112039399448636 0.127249822099665
-0.305592033796705 -0.387915411877372 -0.0222608984185884 0.0948665491462105
-0.022988906426063 -0.548882746341301 0.0493127277086371 0.122052352431219
-0.084855392681436 -0.4213776913584 -0.0702918423967555 0.578303646763462
-0.303745355073747 -0.237599163698449 0.254534692321567 0.191157452858991
-0.325606677454366 0.0403142226457668 0.055319316171928 -0.0717273707660074
-0.151625664589598 0.241999878746577 -0.135712210291872 0.0303765896124369
0.0342572032849291 0.284730405034151 0.0053522968817398 0.256620006698914
0.189757191447013 0.214480101126762 0.239306611147846 0.191520812030675
0.244885080697047 0.117950201651137 0.3028843971149 0.0639504523426317
0.233277295044697 0.101123042675652 0.284449234417895 0.0103633600265561
0.214530972997982 0.129755086653911 0.275417398212952 0.00901669595237164
0.15970436808176 0.216034911280404 0.226393093078253 0.0483678063299158
-0.00285715614403915 0.25295301013742 0.13492239761268 0.115008286734905
-0.170956551032473 0.131302217523228 0.0718216072116037 0.114045611546577
-0.212814249348276 -0.0633070004301488 0.0602486542055434 0.110883284405917
-0.154591909860639 -0.23086495941611 0.032480746831951 0.145666407606354
-0.0162975335779121 -0.345083598457091 0.0516888027320818 0.26718271376143
-0.0793908422116289 -0.213751463417624 -0.0514100633718849 0.699932139839755
-0.173788636627488 -0.0925034530311035 0.311389053644521 0.277359470526473
-0.137985432214687 0.0372141709640194 0.108403310073343 -0.0661053997329659
-0.0722935826686171 0.0975228472262626 -0.132145019371739 0.0152044560426884
-0.0114509923854608 0.130129113282447 -0.0126603202025379 0.291829069060699
0.071525476770087 0.121650368519918 0.27462182233806 0.257960952382649
0.118778318225748 0.0939516305978634 0.375039942589173 0.114148895244327
0.112663298326268 0.0969140197738202 0.349794743927187 0.0504691112467836
0.0944859341509189 0.104918714349263 0.316240883199286 0.0521674150410103
0.030350462891032 0.127607243320512 0.226964758251178 0.0844359019432471
-0.0628854269212227 0.101457536072653 0.108020808306027 0.113043967170753
-0.0953414304398992 -0.0172462645068614 0.0442475508921099 0.0752257939206685
-0.0125306593609615 -0.0771911710572172 0.0914866780771601 0.0797669606991294
-0.0150416004472487 -0.06016603092549 0.0652046878617929 0.159542013084231
-0.0160860669146029 -0.110739041874572 0.0550118245995021 0.338244211495438
0.036398384715214 -0.0719545487011024 -0.100862385554453 -0.427612470962986
-0.0695869816649731 -0.0746465204190096 -0.16307617998545 -0.19603208703785
-0.118447695343181 0.0453444215751802 -0.118870153604324 -0.0504740457513438
0.0181430332268966 0.11023024316434 -0.0280867220673826 0.0036844687286946
0.0936576598618552 0.0433812779366863 -0.0356381468314182 -0.103205837729423
0.0749030923499774 -0.0265597294302964 -0.204864381102774 -0.132185195614999
0.0274674061545591 -0.0699738507128956 -0.330218005706272 -0.0951215152077589
0.0200373547251915 -0.0760754105921939 -0.372512074504555 -0.0975113315981638
0.0281193453114984 -0.0502534980404103 -0.382909724631865 -0.151932976538447
0.0677273568146401 -0.0140084408530909 -0.271167518034207 -0.264264823339919
0.0615230322144039 0.02592299886824 -0.0284201432430742 -0.286763302445504
-0.013010359052922 0.0635957230016248 0.108042361436893 -0.0563426871581659
-0.0891868057219466 -0.0036722593600309 -0.115575312703977 0.0131873408381131
-0.00288296381629472 -0.0914649084852726 -0.202666885865572 -0.256816375363691
0.0641365267552697 -0.0542682581772198 0.089880001370337 -0.701458687260319
0.0363112039394982 -0.262407678928651 -0.110686795445569 -0.366038249289264
-0.137874059868065 -0.194467489036156 -0.152611706245806 -0.190885162019097
-0.2207738661595 0.0117454659640309 -0.131197339432084 -0.0295915583121294
-0.0541260501355822 0.176093154342909 -0.0237436007587032 0.0358701969793417
0.100786750329028 0.161956091324024 0.000650035856092929 -0.0794598791142187
0.164854012152524 0.0723304325815285 -0.158192371085393 -0.14198674284576
0.154808830670653 -0.0196944377458795 -0.287282212825883 -0.116882385190865
0.161680342902094 -0.0404085544350556 -0.329250096536257 -0.116373685126853
0.174856039868696 0.0042638984629224 -0.328900890978751 -0.167089533590386
0.202534505142579 0.113518110316515 -0.218796172617742 -0.253714752913638
0.0935412272619187 0.215355817328139 -0.00174806625207057 -0.239715401025142
-0.126554417933799 0.219116535449617 0.105084489673957 -0.015482255879013
-0.313908095008355 -0.0017314344048215 -0.14733517501129 0.0261024448952325
-0.169467082393701 -0.28331131749898 -0.221685367682842 -0.258432830439323
0.0411139350303249 -0.334032623881809 0.0776560644222917 -0.658961783985163
0.0241321827543244 -0.429197910058994 -0.125295944123859 -0.244324412015498
-0.210827900547252 -0.299426298332724 -0.127287051646713 -0.167043203863892
-0.320183392651145 -0.0160840124880445 -0.134586145443686 -0.0229469400522206
-0.12726957343251 0.239106791708717 -0.0370651840436553 0.0497423843729417
0.100357335099285 0.274412089306156 0.0175302282281535 -0.041088702657516
0.239470121650018 0.1675654846442 -0.097057931366283 -0.122698245828602
0.263128725122327 0.0330648945694592 -0.204311158878641 -0.114664330970032
0.277844286015322 0.000952305328287558 -0.235281137153175 -0.11819564478052
0.293396465645139 0.0576363342891014 -0.224789722372447 -0.158976579328892
0.310542056285368 0.227277993568009 -0.132140989566799 -0.211092407552555
0.115750527910279 0.381246309586354 0.0319965900315079 -0.167999801012439
-0.228126316833847 0.354856952376805 0.105338073452535 0.0274619239358507
-0.506149082518572 0.000276246954025921 -0.147996424273203 0.0535964067379014
-0.318482806506395 -0.440873121190552 -0.214285289930144 -0.207315189775519
0.0143831600160259 -0.564341412214175 0.06430330519386 -0.52376693163805
-0.000334395997918509 -0.553761284861215 -0.133184812380288 -0.0648440084461789
-0.295625875710383 -0.375442481680815 -0.0673561278617583 -0.112053343927131
-0.420375087721525 -0.020285236008438 -0.11443077449707 -0.0326208847826612
-0.189898498349347 0.310539509846694 -0.0644287577438377 0.047622931786537
0.101042047362488 0.372024561793794 0.0192317092922952 0.0180035423557967
0.294492244765371 0.244901900827053 -0.0197605605617714 -0.0699894102514931
0.340052465326832 0.0812143157393073 -0.0872313570555341 -0.089555369363554
0.35158151143848 0.0409550375547146 -0.104735628993001 -0.102834199649744
0.362639210751367 0.102213495794142 -0.0863001310787504 -0.130734255952558
0.371281589230094 0.304590555721011 -0.0211205837412991 -0.146194670428382
0.125922667907362 0.486473397362572 0.0743448988115825 -0.0757266846529587
-0.290685738840337 0.43547515056047 0.106653306651821 0.0727065632230156
-0.618733626374245 0.00365904454843537 -0.113163742973971 0.0879418516204522
-0.411725059634524 -0.525876826541418 -0.170525443429941 -0.111618039025743
-0.00671461624077002 -0.696447967499623 0.0525222131836149 -0.318636931310805
-0.0340937312153133 -0.608502179643498 -0.12624273473386 0.158338915685683
-0.368877892252616 -0.402014585748471 0.0329185408186594 -0.0221339093565114
-0.487085571092953 0.00117076108246393 -0.0673274045526732 -0.0508595055774665
-0.22277191776673 0.362875088715245 -0.0982793075578005 0.0405375067497572
0.0976302092234192 0.42503141239097 0.0156722846985184 0.100576827769422
0.315982218177231 0.287105965854107 0.0734716294462119 0.0106077186151143
0.369736261179149 0.114405743883419 0.0521174953026803 -0.0459771442766993
0.370437783229121 0.0749421857617845 0.0417463692049009 -0.0718077265652721
0.371397406595009 0.132229384398034 0.0621824281873622 -0.0890155263872829
0.365363540565705 0.326504652067667 0.0944947018309645 -0.0713302810161202
0.112327306933 0.496872694403174 0.11673512919187 0.0190735919796936
-0.296647692096724 0.421068610243388 0.105241154407546 0.112586390648361
-0.599309061201734 -0.00538943011828076 -0.0540631368554463 0.115406396738636
-0.411799795428092 -0.513140690077328 -0.0986978947469933 0.00237795543573016
-0.0192720749272866 -0.698570478926523 0.0473943867822152 -0.0830696231831979
-0.0645860746454122 -0.571621401169022 -0.104314862017222 0.392676924364437
-0.382349535580433 -0.359405798716187 0.15388966832092 0.0886572147238149
-0.466124172528574 0.025728150642233 -0.00561921192443013 -0.0672886415022364
-0.213053717497233 0.348219894053174 -0.126679711709427 0.0381362411373715
0.0766342791387554 0.404156046351398 0.0137995968420737 0.191722492785538
0.284842255202818 0.28065155157748 0.1703408670739 0.105951500358468
0.341162040275286 0.130343422542487 0.193988450178546 0.00948228266426621
0.331418827314335 0.098633213665382 0.18261502709156 -0.0314038609578374
0.318924053382856 0.144110042676474 0.192927975489316 -0.0404446895621887
0.290555109530468 0.296864924301171 0.18616401174475 -0.00340373865015259
0.063450711058719 0.40892251041015 0.142703731562059 0.0889735304123111
-0.252535250724354 0.303351908909933 0.094414523955271 0.129424961189773
-0.44502198075331 -0.036089062019415 0.00927081521784362 0.123832760301693
-0.311475443643415 -0.406834141724942 -0.0230718982601481 0.0975861193445939
-0.017166765002045 -0.573311536418564 0.0473347989482239 0.129019335559001
-0.0790171194001645 -0.43546025193064 -0.0786997136228698 0.593951576029525
-0.310745859060842 -0.252192881586226 0.25645698256765 0.200579005898541
-0.338106293302932 0.0348148000919338 0.0564691854913062 -0.0698244288065992
-0.162030190817062 0.250493538160858 -0.140985107400346 0.0345063111914595
0.0336717248308677 0.29851689982735 0.00599250984755891 0.267296135935133
0.197783868570157 0.223701596060388 0.248742323212897 0.198075082627759
0.254969852487366 0.124186614283725 0.314208771324712 0.0687970352990536
0.242693946536426 0.108768028036604 0.295096583067303 0.0130343361831525
0.221666801572011 0.136432648131391 0.284174438548692 0.0105005631185475
0.166039431158497 0.226524465523418 0.231307559162939 0.0510127823364644
-0.00379080623311716 0.262961404097623 0.138121544765936 0.119951448735305
-0.179783987095435 0.135366459903161 0.0720694052604419 0.11438457283852
-0.221921734548551 -0.0705480107908886 0.0597136688743846 0.107701725679054
-0.155660788226393 -0.242613200032024 0.0321838006454377 0.151592331931978
-0.0111791233666458 -0.360475306268258 0.0481583656221875 0.278098597521711
-0.0763573046549042 -0.222301427776542 -0.0613554851140335 0.721863784331402
-0.177468711809831 -0.099800498266743 0.316237711222704 0.291606618433909
-0.143747070954874 0.0330366516849282 0.10999307884914 -0.0636497453618389
-0.0782635625074901 0.101227162564692 -0.139137214880576 0.018621770043246
-0.0131198910206879 0.137741273696484 -0.0133310389042494 0.304825572008627
0.0751567803486617 0.127513973648633 0.285324170447248 0.267561740757652
0.124910513671109 0.0991115126060333 0.388670865300003 0.121501778721574
0.118075459533447 0.102283803635577 0.363528027555851 0.0562879406272964
0.0978793729435048 0.109783468360291 0.326649432333122 0.0568552233805318
0.0314292913382625 0.134385029908773 0.231759541144911 0.087904327432323
-0.0648971215036913 0.106903120161365 0.107768722254363 0.117455714202419
-0.10007763971247 -0.0172122558682996 0.0438692761130869 0.0749841613229819
-0.0147518634166113 -0.083118995917421 0.092771382559632 0.0764593713919927
-0.0129329545520456 -0.0647138836714959 0.0664877004373254 0.166610182105208
-0.0119290626042351 -0.117671581118562 0.0529311185586542 0.352074530688477
0.0336077939496111 -0.0762060744758462 -0.118409081168406 -0.444225439146605
-0.0750672802697221 -0.0744611678308404 -0.182244538059404 -0.199023924885068
-0.119978384985492 0.053059402359615 -0.127592613412185 -0.0462825648572352
0.024147925441493 0.111833491690979 -0.0259880821909215 0.00849194326698996
0.098839380977341 0.0391310331681906 -0.0353588756822186 -0.105551554529182
0.0774078829301421 -0.0305344140615899 -0.216085782417058 -0.129436341376321
0.0238139668498176 -0.0728894837205701 -0.346612249016358 -0.0892186204500151
0.0164995596088471 -0.0802794087301091 -0.395547500338714 -0.0908017610952702
0.0282183363986293 -0.0541362924009019 -0.406097886596659 -0.145631420469112
0.0703037688341638 -0.0190326323450394 -0.294563943184757 -0.266838323707896
0.0641442325788679 0.0231516724844824 -0.0411681884120974 -0.300388945125463
-0.0107348599259456 0.0662710039050304 0.112029030513987 -0.0660759863382136
-0.0902125552264099 -0.000333190256456893 -0.115282844508916 0.0162424704458809
-0.00684132601500078 -0.0933946231493525 -0.211833127730999 -0.265058052089231
0.062210093795315 -0.0573238464678179 0.0715456964809967 -0.73063955091292
0.0289735210109246 -0.274439760566534 -0.127119379213676 -0.379735060710683
-0.149881497625585 -0.19661060201091 -0.17113254247073 -0.195452622496686
-0.22790340788613 0.0206929137061298 -0.138698867415151 -0.0251970105859824
-0.0493457423261649 0.183613820963115 -0.0203871274858699 0.0414177978885321
0.111628940808261 0.162205742359047 0.00244527531289654 -0.0828038522979732
0.175085799229978 0.068080776469433 -0.168780816678452 -0.14241221441715
0.158594432346234 -0.0259482719616947 -0.304112334795664 -0.11246656534915
0.165858474558695 -0.0468694434463362 -0.35147333441052 -0.113197154909195
0.183001588070617 -0.00179378275576389 -0.353012452796516 -0.163933326864959
0.216596432316454 0.110561958902369 -0.239103259257466 -0.25778425305636
0.104291771017363 0.219804525907571 -0.0099303971870997 -0.253224706928539
-0.125175417495553 0.232855807553508 0.109911387243973 -0.0247589409953833
-0.326409907330225 0.00663500491480222 -0.150378224043517 0.0304837076150754
-0.184976807427126 -0.290721983033879 -0.23405336376911 -0.264411888092511
0.030753359754289 -0.350099956793224 0.0598386183047196 -0.684661450477474
0.0132148842702915 -0.446208708174911 -0.138910006471212 -0.254542539565846
-0.227448793908994 -0.304314409261922 -0.145099744016999 -0.170845026115455
-0.332545533946877 -0.00705816091104713 -0.140849805649561 -0.0183213120081947
-0.123808911878162 0.252009227892427 -0.0338015909291758 0.056297058658539
0.11612368555237 0.279697262226173 0.0210974204951514 -0.0440595393893239
0.256862849997688 0.164187885587969 -0.105887393464996 -0.125436921695515
0.275116899938362 0.0249836439721904 -0.217168918952788 -0.113318169014457
0.289097348217041 -0.00680106012638088 -0.253776160709476 -0.117275622267657
0.308927955585005 0.0505176467035389 -0.24320508799461 -0.159534594938622
0.333911153435091 0.225644615659338 -0.148172686599281 -0.217362123901964
0.13274625023443 0.393279587879019 0.0293798156011695 -0.177920138512221
-0.226898252069837 0.376152617434168 0.111730340555749 0.019970175652796
-0.527852201795716 0.0139518705154654 -0.151878805967648 0.0568936357657382
-0.343696550849017 -0.451129759725663 -0.2259582191344 -0.212018895271333
-0.00335157844618183 -0.591225772098392 0.0465409479234127 -0.543739851459928
-0.0153514692663099 -0.574519181218506 -0.141546197618937 -0.0696285967775227
-0.31909027836001 -0.382196438219399 -0.0813156949697511 -0.115423230228402
-0.438911096671545 -0.00878035158852062 -0.118852509364901 -0.0288661149795184
-0.187812300174151 0.328646950875838 -0.0624097818847803 0.0550591806160073
0.120497177674579 0.383243022136609 0.0240560197122379 0.0179040883313308
0.318991457460732 0.242339429991422 -0.0240815301213849 -0.0749662562388463
0.357222712036712 0.0724988822295869 -0.094365931135849 -0.0908881262830258
0.367030730230516 0.0337280366086256 -0.115387549402063 -0.105192562054835
0.381552832759465 0.0958261753880659 -0.0974932665769148 -0.135018363279699
0.401975578032438 0.303597211619374 -0.0291399360415758 -0.152574726779038
0.147949273443727 0.50236733250556 0.0765328924178332 -0.0830622633621479
-0.290131024358423 0.462643882147441 0.113100278262147 0.0664250877239529
-0.646518420630885 0.0192902441792326 -0.116902541457469 0.0895765204173037
-0.445026017874876 -0.539112943452499 -0.178835506087817 -0.11221568364561
-0.0286721410368549 -0.729203926085764 0.0408595698756382 -0.328394907748592
-0.0504686707674105 -0.630507332045957 -0.127837583939952 0.162732079609576
-0.395389304832024 -0.408468306640581 0.0266849172824695 -0.0253247912462936
-0.509676745327384 0.0138411647914467 -0.0703644013700648 -0.0483713423162219
-0.22128615457659 0.386137856904183 -0.0980971542106147 0.0491490191035799
0.120043070664977 0.441164743832239 0.0239685484060452 0.104036081824667
0.341838758156174 0.286659246123026 0.0764304342959325 0.00568243378084357
0.39007306163272 0.10602890979948 0.0525165678907319 -0.0503927904134515
0.389906786139422 0.0679002578857901 0.039677801744722 -0.0771304994309304
0.39191234426044 0.127182637752763 0.0589517431450644 -0.0960772616075363
0.395129781458879 0.327915562834457 0.0935274428994175 -0.0792085669834098
0.133439958912555 0.514251064705057 0.124119324988924 0.0147407950246907
-0.296920096766186 0.449517268532901 0.111436126486251 0.10776715544303
-0.624935264716482 0.00842245901808159 -0.0557578190760576 0.115625644321053
-0.442771565556715 -0.524489124820666 -0.101483976016585 0.00509960884483118
-0.0397446516024233 -0.730812042276154 0.0423619483731103 -0.083612193140445
-0.0788077948173898 -0.592352899437618 -0.0984254304470683 0.407752159653706
-0.406844764959147 -0.365937492973467 0.156308179357361 0.0872335110894029
-0.486932805528377 0.0369721230635024 -0.00772457628135635 -0.0663605731966571
-0.213427794989293 0.372127236601741 -0.129220073711652 0.0479763668183078
0.0959394836819355 0.420496839653017 0.0233748598840608 0.200743983994928
0.3096940659405 0.281449029860262 0.18166651883867 0.101564399838473
0.362735748845176 0.123476441053927 0.203669116193446 0.00316008832347061
0.350041338487425 0.0936172633139163 0.188949978217228 -0.039248714879941
0.337551094645488 0.139244442047317 0.197636314780152 -0.0494779384795116
0.314442608138599 0.297470939320617 0.191033648622858 -0.0113519920164816
0.0806161856153848 0.424964507487217 0.152375134915648 0.0870180382259446
-0.25426220173935 0.326032994663483 0.100649318382057 0.126134956191882
-0.466691927999628 -0.0270382321908396 0.0109681665120123 0.121520950886664
-0.334535914316159 -0.416707346215874 -0.0207776586591741 0.103209594439219
-0.0347184330789119 -0.60100318377654 0.0495405532024209 0.135860898007765
-0.0903730981077924 -0.451464118948481 -0.0657863793577879 0.617028940714725
-0.330013067695246 -0.256270126167027 0.268468832263281 0.200937218720524
-0.353827502778638 0.0414833957381847 0.0560849934049343 -0.0707481955361387
-0.163033951237068 0.267443567210468 -0.145867821000488 0.0445502833318867
0.047557991506963 0.312966696306049 0.0170872335714022 0.281264926298646
0.215671569911963 0.226071327514626 0.26635718172106 0.194688986902501
0.273094217446659 0.121192493108225 0.331132750373751 0.0605494689339253
0.258245037718792 0.106913717181276 0.309605981554485 0.00463635128624978
0.23543212684764 0.135486125904394 0.295784175535283 0.000473414313331021
0.182952741751077 0.230260840171273 0.240387379474757 0.0447614636148624
0.00612386428939106 0.275601113185882 0.147519963545532 0.119860196121707
-0.184176206181461 0.147950096328087 0.0767818871453408 0.112300066864363
-0.235969060351124 -0.0696304794796126 0.0629452539001058 0.102976575297472
-0.167733638297374 -0.249866240520775 0.0390281680927916 0.15755991128832
-0.0204014542397344 -0.379652858045427 0.0573696968886001 0.290422073765364
-0.0823879563061952 -0.229196612429282 -0.0415337867010379 0.75320157216795
-0.18595041590047 -0.101616878747805 0.33531469621446 0.295057887861036
-0.150024980139829 0.0343058082729714 0.111191902456146 -0.0658025809720622
-0.0805048527873376 0.109596658643752 -0.146070620953471 0.027771910460672
-0.00893248790681385 0.147188462552472 -0.00227191015774803 0.321638345751199
0.0842737778529822 0.130683716256637 0.307871623590549 0.268185230531176
0.136576734620338 0.09881811764162 0.411244938847576 0.113064295340295
0.128361355622989 0.104011299966809 0.38362824286699 0.0469562065003956
0.105801597517448 0.11158955078109 0.342663991025943 0.0486692428502209
0.0386066721481338 0.140089356939874 0.241677793280103 0.0845265219508244
-0.0633996271419432 0.114856126792134 0.114555238469432 0.119127043589745
-0.106757575927015 -0.0131117017775664 0.0461575566497956 0.0725952099647388
-0.0208014919204243 -0.0883782816126477 0.0968612543269781 0.0699807961504654
-0.0136059972435211 -0.0695320763674421 0.0749662899760003 0.172654309792033
-0.0136578779570373 -0.125146951342889 0.0655635030779596 0.366391809072411
0.0276482228676559 -0.0790997969338058 -0.145413231812257 -0.44399036882294
-0.0802300789245558 -0.0698772911318766 -0.201167583835862 -0.190737743035839
-0.115887825312895 0.0627460455932711 -0.133976526999684 -0.0371633304252214
0.0315684142698609 0.109335645361016 -0.0232260479767799 0.0132891039980487
0.102032267287721 0.0305478703491016 -0.0370715547525498 -0.105784085115904
0.0761636393573289 -0.0368974029448532 -0.223848373111841 -0.117670911973994
0.0176758766725047 -0.0740398930385818 -0.356259093651098 -0.069808014860036
0.00948360183616213 -0.0823505567279363 -0.410188046817244 -0.0694607829956894
0.0258677397070973 -0.0576808479917444 -0.42368802119821 -0.12350287879069
0.0701870142739139 -0.0253105972772064 -0.317827372851328 -0.252469989459936
0.0656360321446444 0.0176620028017147 -0.0623126665897024 -0.304358277826665
-0.00575767823333421 0.0672516514751695 0.110875371024781 -0.0774181403764281
-0.0888530507264125 0.00582957831830416 -0.110873059410126 0.0219194812724015
-0.0134642946107467 -0.0926628944193625 -0.224701937950304 -0.259937887499551
0.0578016709112841 -0.0605009802583983 0.031300896041985 -0.744009678490711
0.0131620689149471 -0.278193360292362 -0.151123031498918 -0.380001172015473
-0.163111857085702 -0.189602279626854 -0.190828152821609 -0.187231456808767
-0.227847366584551 0.0352196880821145 -0.143991794378539 -0.0159676285451235
-0.0377577651914836 0.186791806177373 -0.0149608696006784 0.0460502951081013
0.123841636974603 0.154798461771377 0.00219457478736425 -0.0844730589968341
0.181576515179956 0.0563222886829744 -0.178325190184783 -0.134340138225924
0.157312385867214 -0.0351917681045047 -0.314705737068506 -0.0968048697135166
0.163646304731418 -0.0569215175347014 -0.367290946932287 -0.0946313476494705
0.186663901410309 -0.0129655211220306 -0.370145271870874 -0.145774091966309
0.227301664954959 0.0965438104207196 -0.261787569389715 -0.247078240375389
0.118460526123183 0.216466574478253 -0.0256449026532093 -0.258835080691145
-0.112605309641899 0.242237834186478 0.111290242567154 -0.0354203953689059
-0.328752443837752 0.0243065774736469 -0.147566022457698 0.0380094629999332
-0.204458545093135 -0.284446485293393 -0.247089649673215 -0.257830260404331
0.00917399420357001 -0.356979156713009 0.0193414168089287 -0.694528573498242
-0.0104485391064885 -0.451846786030776 -0.15611926342609 -0.253918464253076
-0.249549230143698 -0.294478264139421 -0.1624471658781 -0.165157341024162
-0.336650701025695 0.0129067634131577 -0.144144839649172 -0.00896172175521536
-0.109207643698426 0.26104237873217 -0.0274261080125877 0.0624740604802674
0.136465499310665 0.27359492486481 0.0226575109839297 -0.0458644020493713
0.27144303489183 0.14720144150537 -0.114401389521435 -0.121672443361128
0.278809936902486 0.00888910161225803 -0.227334871591529 -0.102043899415617
0.291942635839792 -0.0235220990507016 -0.268059991949191 -0.105269614758452
0.316540114899035 0.0334988365816596 -0.259683874625989 -0.147857142293601
0.354334386028006 0.206333920960145 -0.165612987233116 -0.211852743346999
0.157811677140746 0.390235700869917 0.0196248087720974 -0.184983680086258
-0.208490850514746 0.393475853297543 0.11375854117372 0.00863864983335148
-0.535315706918799 0.039978740083489 -0.149400771499946 0.0644042823026614
-0.372735784939126 -0.439792911101008 -0.238388721903576 -0.202816280968909
-0.0377249441250882 -0.601275343415785 0.0148813393156917 -0.546855143042757
-0.0447304922897066 -0.578660897019215 -0.148931903135692 -0.066818666667148
-0.345675455624946 -0.36943308860239 -0.0959625070414209 -0.112915920699313
-0.444812755372298 0.0157604407460295 -0.122250009131651 -0.0197968617817429
-0.169834594881179 0.343430511457254 -0.0566139334780177 0.0620330868958623
0.148262891850621 0.378281324486442 0.0304027944651174 0.0165692421657661
0.338495313865484 0.223884863936026 -0.0291699165699306 -0.0762182588181092
0.365956374863354 0.0509354757987905 -0.101411742314334 -0.0871960496373904
0.374388865318009 0.0130815783772106 -0.12666641121765 -0.101127652423125
0.393697107350448 0.0754850836027524 -0.110722605799244 -0.131555695385242
0.427311837636498 0.282349559687383 -0.0420190042346053 -0.154018017853215
0.180001185974953 0.500771201548586 0.0744285619329119 -0.0905395487179743
-0.268516734995237 0.485755464175547 0.116935193802071 0.0562103168070866
-0.656927479893171 0.0518407298421164 -0.11497052818556 0.0944158535715625
-0.47876980821337 -0.523863092684269 -0.185482349752317 -0.103426071184709
-0.0724761266197287 -0.738861874991041 0.0190564140352859 -0.328935246432704
-0.0809389975339306 -0.637008174116263 -0.122424759799678 0.167432524789666
-0.423294967635275 -0.39350546605327 0.0188211500083819 -0.0275625034740667
-0.516044616012908 0.0403356559724045 -0.0743969203265202 -0.0423726629256764
-0.201410193512915 0.404051902479019 -0.0936479020806114 0.0596723635634507
0.149748774652716 0.438599966141767 0.0341684408888491 0.10485492766817
0.365818056889025 0.266160681865909 0.0769048598501241 -0.00148346276511738
0.402327796636656 0.0832357738425201 0.050084977231112 -0.0541586194825801
0.399280386908449 0.0484025098783469 0.0334831273298584 -0.0817490471770925
0.404966315847423 0.106096924996251 0.0508650137908106 -0.102043674772803
0.423260779536288 0.305211984360589 0.0869804265533952 -0.0865667200099585
0.166828327567629 0.512144495839686 0.128377031622091 0.00491816733288244
-0.275380307908459 0.472481541809895 0.117640290428715 0.097869663978775
-0.635347649399954 0.0409184875133807 -0.0535827673991532 0.116072942345021
-0.474914351069325 -0.5083338470871 -0.101421380452568 0.0116524081537019
-0.0844532306935569 -0.739623262273887 0.0347931922537668 -0.0814411178714774
-0.108558543835257 -0.594263369712969 -0.0783179374028549 0.413070536276504
-0.43287423099493 -0.349849322718684 0.157419058340203 0.0795508902775908
-0.493351818574953 0.0604270577060495 -0.0106988522290809 -0.0639422242521611
-0.193664414630637 0.390369410742527 -0.126547447407001 0.0604051719870354
0.124912339365716 0.421719821570941 0.0394914362007322 0.203713643965778
0.331554360874096 0.265884640015246 0.18949326809479 0.0898137629293057
0.376401694740635 0.101990966292001 0.205893804538452 -0.00919928544813904
0.362235771303547 0.0762019648184628 0.1885384464658 -0.0508235037118976
0.3511722647568 0.123675819674532 0.194603250816294 -0.0629241133501005
0.339821975548235 0.282310500197488 0.189577092647344 -0.0237448010819974
0.109406826561924 0.425691307197488 0.160685504107158 0.0770985761832746
-0.239026854968068 0.346661795299703 0.106564910271278 0.117079766483058
-0.478349957384955 -0.00473004451671509 0.0129199057687409 0.117671715580684
-0.361363968855761 -0.406492245953109 -0.0144192032839536 0.106517322783545
-0.0684717514232364 -0.61095447351884 0.0548178571970792 0.139996272194979
-0.112724768724884 -0.452023065216558 -0.0346268856336204 0.625693334727283
-0.346536768123526 -0.244489127066037 0.278759780630987 0.188320598097767
-0.359008367100059 0.0572365925579853 0.0531987707066252 -0.0719386777471469
-0.151164638812067 0.282173273121296 -0.14513206201453 0.0580400387417219
0.0683217712561126 0.317024758255612 0.0375522636722057 0.286320898792405
0.235153381320496 0.215888730505683 0.281264773252542 0.178897879237169
0.28614362986086 0.104205722947321 0.339160527714019 0.0412436956497051
0.27129953315299 0.09575237386783 0.315215445849384 -0.0137606325779461
0.247662257100694 0.124145554898933 0.297880238866871 -0.0173228963749371
0.201670512586978 0.221608117328876 0.242948271864099 0.0299619521189026
0.0240553423706229 0.279803248391558 0.156499882992194 0.111953178081279
-0.178854166088254 0.161939756540129 0.081233334050791 0.104925528118077
-0.246922250770726 -0.0593767246290553 0.0654370422196421 0.095531134985195
-0.18250595604149 -0.246406336833416 0.0487923453470834 0.15844360494131
-0.0417620210395259 -0.386158266512101 0.0730394032731986 0.293483602395998
-0.0917486531807399 -0.228448238716964 -0.00275907549827229 0.761274667904675
-0.192734408769318 -0.0945977883894121 0.353349146355239 0.279206256272226
-0.151757601212262 0.0400180685831747 0.108017045588136 -0.069772013338249
-0.0761969486131406 0.117341669363208 -0.147512724645673 0.0411706999231953
0.001065370369851 0.152938116721002 0.0185923012564429 0.330142792811358
0.0944308501778851 0.127555075549428 0.329989745403412 0.250926991841684
0.147071784211957 0.0908117604197485 0.42489305767328 0.0897491794154079
0.139089125348573 0.0989013139288746 0.394633316316704 0.0260100057431297
0.114137783705041 0.107261533902612 0.350090059723203 0.0289400565994377
0.0491331311044691 0.140647176964992 0.246902551637113 0.0714586543880561
-0.0563185670305849 0.122051732041988 0.12056239206704 0.113941669216584
-0.109544942750937 -0.00528277366388093 0.0484111645248065 0.0679780728857324
-0.0300146003651521 -0.0898328883131743 0.0994813872251774 0.0602886563444772
-0.016331516434082 -0.0719833496408547 0.0873374854067437 0.171847925131337
-0.0185129372232949 -0.129587569101759 0.0871155810476825 0.368809911492586
0.0207700380209404 -0.0782389658621579 -0.163355931890504 -0.425981481381272
-0.0825370084443901 -0.0629615404979829 -0.209523822167733 -0.173910492586307
-0.10799864001516 0.0685352943172648 -0.135196264422826 -0.0257132982360945
0.0363733188840842 0.102859751985039 -0.0183530034177366 0.0165809949897861
0.0990973554040972 0.0224198904464102 -0.0375524349147129 -0.102726475998781
0.0716274280007135 -0.041030331606921 -0.221289381495358 -0.102262666552962
0.0114653812748773 -0.0715422144040498 -0.350929881424057 -0.0501589841740402
0.00295423179409026 -0.0800214450134132 -0.407894214773216 -0.0458375104781454
0.022716778149823 -0.0588588934532473 -0.421171371833213 -0.0990185462355677
0.0669056445988592 -0.0296300924374142 -0.325066926574186 -0.228360313259785
0.064130764457543 0.0124250272017873 -0.078896030102866 -0.294831184710864
-0.00116959001039824 0.0648422509250726 0.104660445841687 -0.085269610673048
-0.0842687294632739 0.010413022979647 -0.102462368516588 0.0245750991126238
-0.0180835495103839 -0.0881213461525841 -0.227162618855245 -0.245831192193298
0.0513485017051867 -0.0600526500668198 -0.00723209706177855 -0.722920272605509
-0.00184309549091659 -0.271838506371985 -0.166695392809838 -0.364141624801197
-0.168739267470643 -0.174925681187745 -0.20082284318266 -0.171840836440436
-0.218431808072171 0.0461913103896933 -0.143136600220903 -0.00583403258006643
-0.0265637993543895 0.181492146994353 -0.00929186977917586 0.0484223343047112
0.128535379715907 0.141106311421826 0.00139921632176229 -0.0834597738648369
0.180012757393017 0.0428071246992911 -0.179662919857196 -0.121056905239301
0.149202481284638 -0.0417569475189231 -0.311371246255796 -0.0777994949267663
0.154999410060108 -0.0630628767712407 -0.367999720972533 -0.072606264240164
0.181839820861599 -0.0230655335918307 -0.371512614612271 -0.122746200389233
0.227467738009598 0.0806914924348788 -0.270494595261851 -0.227458198388693
0.126045025963569 0.204027707295695 -0.0402710621915361 -0.253464692972061
-0.0974483298284552 0.241718384356156 0.107601777592665 -0.0446953262377662
-0.318324869763506 0.0380874195235368 -0.139277002249331 0.0430373375647819
-0.213428272831588 -0.268106701784205 -0.248869541380287 -0.240445446366849
-0.00992295468173533 -0.348127104499244 -0.0142295416632059 -0.671543323962892
-0.0322579674832765 -0.438876522286266 -0.166695974266095 -0.242062406296655
-0.258001422585955 -0.273874760734455 -0.172784016330707 -0.151939438338209
-0.32656206998361 0.0289069968253446 -0.142787065749543 0.00015676496664757
-0.0914838225187993 0.258304847850204 -0.0199589711231893 0.0640744680539044
0.148260407122603 0.256819873782184 0.0243670544872851 -0.0471289805681766
0.272503833733763 0.12611323331896 -0.118082777022635 -0.112750149187696
0.271161539650584 -0.00568867958767097 -0.227533624353631 -0.0879965599575311
0.282411674185451 -0.0360447506538604 -0.271284333130092 -0.0891948975422594
0.31153054288625 0.0159565614158511 -0.264820750355551 -0.130684502532405
0.358769691861049 0.180054061105105 -0.17518679641209 -0.198316982195787
0.17468557599787 0.371131674955945 0.00991548194317325 -0.184837455056169
-0.183724193090436 0.394146894912334 0.111790112536571 -0.00196330694250346
-0.520904046171199 0.0621623566823431 -0.142644518648689 0.068874719700987
-0.384252487266546 -0.411681365626032 -0.237748977151998 -0.187108761801467
-0.0680296587018981 -0.583804237117852 -0.0151145067300002 -0.528185395640897
-0.0688862448036381 -0.562463258736426 -0.151739726675802 -0.061315881486582
-0.354773995553916 -0.341588770439752 -0.104589547851659 -0.10530156794141
-0.433342340976055 0.0362757586713938 -0.121132067568772 -0.0118138741415113
-0.147071444863655 0.342291990033276 -0.0477134011523846 0.0663131191434487
0.165947584301595 0.358179404320307 0.0348914926414603 0.0143943493819465
0.343336808371475 0.196409519336882 -0.0327451365581701 -0.0736824788753904
0.358057992677273 0.0296251629977427 -0.103175975393143 -0.0796880037818919
0.365708847091852 -0.00502564080915352 -0.132535537130866 -0.0921333517750318
0.388485725741187 0.0529590343026317 -0.118156309482732 -0.123000511506863
0.432215911235238 0.249793551512033 -0.0521313597980485 -0.148780085474704
0.203201600008283 0.479418842117139 0.0693311494573027 -0.0961687243024177
-0.236527404719984 0.486787061695681 0.115728084635569 0.0442083831668382
-0.639025881002886 0.07950813838082 -0.1093782189785 0.0962578655332041
-0.492894607600303 -0.49001939294114 -0.182323549235966 -0.090869382457129
-0.107689335181832 -0.71893850064309 0.00135908178324878 -0.313718769512227
-0.105424761786193 -0.616267605557013 -0.114262305767098 0.164693530682296
-0.432544467535141 -0.36356663754398 0.0104864479439731 -0.0274090314498442
-0.503438602373025 0.0621698180701271 -0.0746527039843561 -0.0356123960549945
-0.175643822470489 0.403183672931832 -0.0847000824071363 0.0663174328636804
0.171418042629541 0.418431570170734 0.0437139962950073 0.101237843129256
0.371378409859199 0.237827030924724 0.0741193470613203 -0.00758622149361562
0.396542782628378 0.0594421028225649 0.0466084878481214 -0.055541969495245
0.393218368671983 0.0277876644396349 0.0261765471632155 -0.0817334425811259
0.400474937584208 0.0842836211813573 0.0411098869776034 -0.102498758428151
0.431023408794108 0.273412229642285 0.0767698552762056 -0.0902712139968726
0.191348680729959 0.491303052579351 0.12639736119843 -0.00423108937511073
-0.244317449571423 0.47493238820732 0.116884081494686 0.0851866063922689
-0.620833991175654 0.066988421914529 -0.0505160920656524 0.114111489191757
-0.488344457778399 -0.476582700078673 -0.096077564460315 0.0184295378477968
-0.118786432213161 -0.719490231867818 0.0280953669580923 -0.0738098076786996
-0.128545897212411 -0.57656080417052 -0.0600272872802806 0.402531047475005
-0.438628313192469 -0.321661450404551 0.152116549450688 0.0696302077870486
-0.480121538251284 0.0810902678845899 -0.0136633549881883 -0.0592093825282412
-0.171654103870459 0.391005123862824 -0.116974072281431 0.0694981379237932
0.147000303741674 0.404486291990756 0.0533970134007705 0.198479462181122
0.340440856522074 0.23944739579411 0.189137068975348 0.0753590335850204
0.373053321856226 0.0777426372037215 0.201328699316441 -0.0199295866988642
0.359760586500605 0.0574017771918798 0.180395551987859 -0.0598659492487654
0.34999972397672 0.102885418347189 0.184033916967801 -0.0720297239723089
0.348034234260035 0.255127527034584 0.179927320525917 -0.033278600306834
0.131329509018226 0.409979645571644 0.160888876321205 0.0647495740965618
-0.215609940651038 0.349063165845276 0.106570949285854 0.105635760012283
-0.468650299866189 0.0168322972153119 0.01411239537368 0.111354905322723
-0.369883660316156 -0.381324711433072 -0.00769267332025625 0.107013865825765
-0.0965555142884737 -0.593229720255275 0.058544958288952 0.138446460027177
-0.125034060530868 -0.436437927215376 -0.00759099599356934 0.608419333655662
-0.34942166699912 -0.224418625703166 0.276760467731102 0.169947948367761
-0.349607961842511 0.0699784431356782 0.0481745532485782 -0.0704771882103317
-0.133185242534901 0.283699103801789 -0.137542696591078 0.0679021030383538
0.0851529255773295 0.30648030690014 0.054907598802642 0.280274542754256
0.241880133260663 0.196820166361393 0.284086003065091 0.157776626628877
0.286204940084424 0.0847095218095382 0.335256252678659 0.0230984128093601
0.272146057721812 0.0794088448199188 0.307982110143068 -0.0301884219898826
0.248095828835274 0.10937733214826 0.288049696313846 -0.032443395817324
0.210592745969679 0.204844366578923 0.235253888662881 0.0162904854496646
0.0402467468557916 0.272179412236352 0.157404182438263 0.0989468970843437
-0.166445615157545 0.168462854571937 0.0815485951250945 0.0949789464715711
-0.246496029936481 -0.047500561014573 0.0646408642822809 0.086190368543699
-0.188658715267051 -0.233498266393753 0.0567763773047484 0.154129134693279
-0.0592759166077532 -0.377626951379966 0.0845468778496893 0.285370869763489
-0.0971361894452158 -0.219372567853331 0.0314767593584292 0.739990668749294
-0.191515535403601 -0.0850502742123205 0.354977981574026 0.254413768153867
-0.14730100571767 0.0426650183245514 0.101309089993232 -0.0702334421640394
-0.06868553443857 0.119278610365765 -0.142069408505743 0.0522085428922821
0.0106594311215169 0.150690190149255 0.0384055760861024 0.323962333114814
0.100472895271549 0.119876606082897 0.33680010990794 0.226033813395014
0.150053810986063 0.0793155291526126 0.420562545536954 0.06533592328096
0.143548392038226 0.0896551998808446 0.389018880794061 0.0039989313000314
0.11683093710049 0.0994097966631541 0.342103711921971 0.0096086679576894
0.0569146812734684 0.13420268653162 0.241667755155713 0.0572926896317663
-0.0472265620917232 0.123149099610452 0.121903680625125 0.104333389657983
-0.107390350696457 0.00220186401265094 0.0475703110582885 0.0610954110022147
-0.0364150513298794 -0.0871538613703137 0.0969342527113767 0.0496278064741287
-0.0189245066965147 -0.0719599269025145 0.0953657899376237 0.165053527600645
-0.0237021189297113 -0.128456541667904 0.10287461579702 0.355959897958367
0.026485597180234 -0.0698138041909902 -0.102079970273411 -0.417312333841284
-0.0690263841803918 -0.0688083102273842 -0.182961543802731 -0.190256569158637
-0.107692420614724 0.0511355517027913 -0.132614301062219 -0.0402823621550191
0.0192965240133644 0.100700538383421 -0.0208783361801335 0.016812111524198
0.089210711089227 0.0334456917611199 -0.0228634019801577 -0.0983422950671793
0.0747651541468616 -0.0299682612068069 -0.192295157071963 -0.11828985472669
0.018732315345457 -0.0640453132921262 -0.326852588785861 -0.0862790735474431
0.00962928139405448 -0.0750959929972306 -0.388227746985658 -0.0928304107947368
0.0299173636892158 -0.0516382911179749 -0.397143499205861 -0.143412019721033
0.068366834772702 -0.0198612629565308 -0.289724659004603 -0.257470602226413
0.0579446648873948 0.0210098962280441 -0.0464108466846087 -0.296520070696018
-0.0107279883122759 0.0627723764863993 0.113324498601704 -0.0769438180039251
-0.0788614702452765 0.00117058743786515 -0.095403132808011 0.00964501527316436
-0.00798728184451923 -0.0822121330943602 -0.185807127700224 -0.265462471726728
0.052630615150328 -0.0468755529844024 0.0801663354913901 -0.700954629099255
0.0309261206994309 -0.25267593432966 -0.100197896342258 -0.367401391607102
-0.134659897408816 -0.183540211917941 -0.172714823058894 -0.19482388409541
-0.208523818141522 0.0155690253059498 -0.143297892592373 -0.0291037737995998
-0.0500667947633182 0.16498257520784 -0.0176992551340858 0.0435312821585725
0.100239928667036 0.149475160450184 0.00642218187439474 -0.0769899553750692
0.165223193112432 0.0621573928092065 -0.155457035035845 -0.126433862940847
0.146692238565758 -0.0195927855294194 -0.288572155230223 -0.106327876522325
0.155105860600505 -0.0397127821504001 -0.346286968541324 -0.11479314126049
0.177734850739868 0.00217800799058957 -0.348355481173915 -0.164488857099671
0.208250860902202 0.105157251869715 -0.240185178183141 -0.255455415159492
0.0938065445160619 0.211833160714565 -0.0115493557591044 -0.260900268763937
-0.125863857543522 0.2201412476929 0.11259113657574 -0.0426291650387176
-0.309233590873163 -1.43584681848914E-05 -0.12659927335627 0.024976907027792
-0.174226245346876 -0.279815346452916 -0.199325959392876 -0.25411560513582
0.0265244394982281 -0.333261327908316 0.0734264112565653 -0.641547133187905
0.0257516318159413 -0.41281339447122 -0.104457408117594 -0.260246528709438
-0.20326120771023 -0.287720952777977 -0.148129068402642 -0.180017840979724
-0.307624581943169 -0.0162533818357877 -0.144263394357194 -0.0302258083572483
-0.123149495686949 0.227229378151012 -0.032020917651182 0.0542424190357635
0.102869694118129 0.261092498119499 0.0195240090259068 -0.0408562148856863
0.241896864814808 0.152378294606903 -0.100603836222412 -0.108549437087669
0.258213228206393 0.0282494716656705 -0.209299986736502 -0.106387031823156
0.27588160430035 0.002049963756136 -0.251556137609224 -0.119850216552073
0.297117503972233 0.0560341037305829 -0.24601765170353 -0.161409398775849
0.321040416107925 0.2158128777029 -0.15425824721182 -0.222467182193063
0.119466896156846 0.37991354205602 0.0303901105977645 -0.195753048092005
-0.22822120279937 0.356491587390926 0.11288004172268 -0.00487189425337559
-0.506221571870155 -0.00156690487747017 -0.127565849225499 0.051165744207399
-0.32057011936267 -0.441393067690499 -0.18688316008834 -0.192599332773732
-0.00107586308440371 -0.570686003182667 0.0643345612787309 -0.493195330907115
0.00848833128801726 -0.531357314793669 -0.102685299553177 -0.0957575388142573
-0.285459324844133 -0.364079032285119 -0.0893096098814117 -0.135425675073975
-0.409275918217292 -0.0254474773917516 -0.125225221522671 -0.0443820465707859
-0.187646714291804 0.299014648313729 -0.0616055426629373 0.0509276334860963
0.104934482014579 0.361442312117473 0.0182013630290508 0.016722117481811
0.299594460714254 0.227680738645786 -0.027512470145575 -0.0592908997571814
0.338295501353911 0.0721281225323008 -0.0938096787442603 -0.0848705216245132
0.353719599105613 0.0423947417185616 -0.116979306624369 -0.106833355231488
0.365792567462047 0.102001575973738 -0.106316645513079 -0.13780864181994
0.384456241350431 0.290508801604165 -0.0423519062668779 -0.163405802072642
0.133005342829272 0.485479540536843 0.0781253672588748 -0.106973531937357
-0.291953617418421 0.439218125696024 0.112374056045567 0.0377756306644337
-0.622972934031585 0.00108830436920275 -0.0971674276200976 0.0825871416991767
-0.414981315123284 -0.530179179707136 -0.140512064933486 -0.0885331739217395
-0.0222780802578154 -0.706775244895671 0.0584239296817195 -0.275692834741028
-0.0172347279587352 -0.588481952843018 -0.0909859703717704 0.115893349608837
-0.352568877610163 -0.396690917850181 0.0099369451605132 -0.0532619996869145
-0.479196683799618 -0.0100885154107789 -0.0807206887938764 -0.0648512909076261
-0.223714097155021 0.351967346253463 -0.0974556827866619 0.0454263849723567
0.101197189714231 0.419294494649148 0.0146087251862072 0.0991942937779262
0.318787736941777 0.270996643556971 0.0647545982214315 0.0160395524639851
0.371039480773454 0.103078341936683 0.044920748935425 -0.0453217157459131
0.376125109189577 0.0774143632933957 0.0345988395665226 -0.0779623550007252
0.37329710102543 0.132223630710833 0.0450386472150075 -0.0995924273676576
0.378668396908557 0.312277141888028 0.0746304956168286 -0.092861672809353
0.121159108335164 0.494980284700972 0.123945755302138 -0.0124558646029451
-0.297337177564123 0.424628851577682 0.107683217041573 0.0784341918070883
-0.607452451530023 -0.00879400171096828 -0.0441964158501011 0.107268666296724
-0.412765732333756 -0.518234967547134 -0.0694827765003825 0.0282511050113818
-0.0322207699088097 -0.711870877448532 0.0560345640689701 -0.0386262387355173
-0.0435223255272726 -0.552724167220552 -0.0695120896479086 0.344296334389212
-0.364841534651188 -0.358805072236947 0.131712670735131 0.054102318709627
-0.45953843711397 0.00817275723612683 -0.0215873351501082 -0.0784231327825978
-0.217542617750879 0.340272342129532 -0.129601616476385 0.0456426578941717
0.0799114401341825 0.404131905442083 0.0136850004732759 0.191810478368933
0.288471732770284 0.267289601866662 0.164209216498459 0.105477077371748
0.346247862318357 0.118697080297971 0.188717021829351 0.00501321700448268
0.341598590501722 0.100838995729519 0.180983379686415 -0.0386818691193213
0.321559518526427 0.14355813680767 0.18006129738067 -0.0520601309043916
0.30102367091438 0.283600514172725 0.16868266924498 -0.0239858036811821
0.0752214436702303 0.407133813197466 0.149110152392259 0.0623802783431627
-0.252449204291724 0.307890999348354 0.0946450831795904 0.101114521341604
-0.455631487458355 -0.0410449126329455 0.012809371792881 0.11197345581276
-0.311222589583586 -0.4133238874891 0.000618982076343229 0.12190638854945
-0.0258722568063549 -0.588809520471388 0.0572396348311018 0.168316785606963
-0.0580104580121069 -0.423528054487505 -0.0511505944478879 0.545511455319857
-0.294313508608368 -0.256608797415259 0.237841152463832 0.168693231940217
-0.33706561633952 0.0152391397349815 0.041567540168086 -0.0751079805491699
-0.166879346361607 0.246321415498577 -0.144661143413364 0.0446388026951311
0.0360969141700771 0.303021781278976 0.00973800312456118 0.268527499499599
0.200501785485332 0.216041491190634 0.246461421813413 0.189972992004314
0.263392927898087 0.112819352587549 0.312336928198458 0.0592057377480719
0.255327977193938 0.109891506565974 0.299936830371348 0.00615884693412464
0.22305193338016 0.136225349551103 0.277715379022401 -0.00136498783315693
0.175167023541334 0.219116858750414 0.218672306439178 0.0340506239834203
0.00602443669556918 0.264386250799684 0.141462678705605 0.102438581606297
-0.182085009293359 0.140496755063884 0.0699561115917398 0.0942176762870154
-0.234837118664915 -0.0760168350267415 0.0569257624829791 0.0929192474901723
-0.152654537788749 -0.250785166448545 0.0485765240897198 0.169045045628059
-0.0134756920736208 -0.375881406167845 0.0592959756856238 0.305851431902839
-0.0595211609539282 -0.217236263360054 -0.0410792876194285 0.684438715663739
-0.165388014987972 -0.10593056293885 0.302808794449142 0.267575901339087
-0.14471819250611 0.0169438134791074 0.096802130771964 -0.059409013299816
-0.0823096011922977 0.101628531261072 -0.142641067508449 0.0324894920885756
-0.0124399658216448 0.145130485107819 -0.00400108368517074 0.308989222650221
0.075999561565109 0.125219903011737 0.290808400993276 0.254081176630355
0.134704995081804 0.0910055576702609 0.391600084106291 0.108426324129214
0.130543188187216 0.102641251472222 0.374381791006452 0.0488027160346108
0.098713616585856 0.109519498599945 0.327488854563947 0.047975161562712
0.0376763797268109 0.134698909864306 0.224481409035741 0.0783796670403222
-0.0589303698025796 0.111807435278939 0.107488551063804 0.110341162955365
-0.104638321441249 -0.0103398888947954 0.0397768523267062 0.062637989247786
-0.0285282305036983 -0.0903079991654898 0.0856668822914467 0.0597816001654707
-0.00840133674685796 -0.0751490984699186 0.0762576256062794 0.175930641827974
-0.00589726779735672 -0.131805491817391 0.06331738768899 0.366325298063797
0.024797112431944 -0.0668623512735766 -0.0909431596324065 -0.410936175817473
-0.0675280621141089 -0.0668176202640101 -0.178875054115529 -0.18726625076024
-0.104896293817386 0.0498331784844698 -0.131079316381688 -0.0381700432439162
0.0175418371832879 0.0976254384272836 -0.0178026506025206 0.018906408416526
0.0851158957093577 0.0335331642910561 -0.017759586106641 -0.0979127175771142
0.0724593523062665 -0.029234275919573 -0.183683384930921 -0.11806842587532
0.0186145864283211 -0.060599492677558 -0.318134161434194 -0.0890391751442668
0.00867357436477128 -0.0722887660837573 -0.382738954756164 -0.0957727060311355
0.0292862003527699 -0.0519193848822312 -0.388992439602302 -0.147116251418391
0.0676939836272832 -0.0198093937430682 -0.28108087927377 -0.255232486175297
0.0562724407460589 0.0205687713583146 -0.0429452396894445 -0.293002689369258
-0.0106750238050416 0.0604244754256155 0.112665182816639 -0.0771352667615189
-0.0760487980436789 -0.000134128664191821 -0.0892413995108479 0.00561053218231412
-0.00706498347271116 -0.0789320228819541 -0.173096334032231 -0.266762023082881
0.0509161555526203 -0.0435794120483052 0.0934834349060916 -0.68047497816381
0.0336590897756036 -0.246078451763032 -0.0910134411259315 -0.361870135357671
-0.128833572093097 -0.180849059952219 -0.169803614803299 -0.192287706965789
-0.202727854149073 0.0132117840714711 -0.141892503583973 -0.0285367793957788
-0.05181685659763 0.158882636333345 -0.0151550207661606 0.0442921728466838
0.0953515378413915 0.146119159229974 0.011297560107617 -0.0765838513849543
0.160383048252959 0.0615332515711822 -0.147213068613167 -0.125516368692436
0.143117548729039 -0.0155707937253193 -0.281206288393544 -0.1089804024951
0.1512245449468 -0.0346508318863228 -0.341677898232423 -0.117096987073121
0.173952156604119 0.00449879901451401 -0.341381098728866 -0.166455486687481
0.203440401650311 0.10441269861575 -0.233222766144216 -0.253964404900595
0.0878873618973862 0.208917555921543 -0.0083632898909492 -0.257315472773903
-0.127052516623748 0.212174536541101 0.111977172507252 -0.043461488940051
-0.302577153657206 -0.00761422211324664 -0.121347624758132 0.0214830389218091
-0.165037365722669 -0.277550781280369 -0.185052987522695 -0.254295619553873
0.0316527197046772 -0.325916241716279 0.0864713480888783 -0.621167918569457
0.0329176060762461 -0.402923094166348 -0.0975753431396808 -0.258078030144134
-0.193908929643549 -0.282476668519756 -0.146551797470382 -0.178900395796542
-0.299393168422931 -0.0204741573040911 -0.143234679765908 -0.0298860633348504
-0.123199057198958 0.218289643206114 -0.0287565329768282 0.054132242058496
0.0968403361040359 0.255027717067023 0.0241979115411193 -0.040556752654257
0.233845627416331 0.149978560917723 -0.0957244789573418 -0.107595084635393
0.251669054282751 0.0327050287563901 -0.202541558988571 -0.107741510467779
0.269811953728163 0.00855695375200408 -0.248501506930111 -0.121550162963092
0.289940498337631 0.0592479701979059 -0.240826005158724 -0.162522651999231
0.312387721388604 0.214325645089538 -0.149943901320699 -0.221058055392101
0.111348447339675 0.374280430569201 0.0317741165611421 -0.194659324784778
-0.230179868283292 0.344071325514743 0.111115942203113 -0.007027164675041
-0.498287114749897 -0.0127220408561035 -0.124537229154178 0.0482591804086781
-0.306082853612441 -0.43973961094262 -0.174860395105343 -0.191499316262267
0.0079642064920266 -0.557884253400315 0.0754595093357026 -0.473150572058125
0.0198636410503213 -0.521024233952217 -0.0997258151122698 -0.0982361687045838
-0.271954752094336 -0.361222932712203 -0.0910386512528753 -0.133828136791838
-0.400181731253775 -0.0318058593294763 -0.123203789612364 -0.0432409487900197
-0.188229379248725 0.287367939118011 -0.0575525216048366 0.0505570432614298
0.0973814295734139 0.353166206122066 0.0229153874598299 0.0162221908421725
0.288293843356465 0.225107526556494 -0.0257508378662783 -0.0597803455704273
0.328712584297598 0.0760301550577801 -0.0900368344096706 -0.0848127284324817
0.34651260143012 0.049789449154404 -0.116949297640941 -0.106273279117674
0.357380294035457 0.10654371217097 -0.104270940904409 -0.137462477797388
0.372799285500815 0.287402158152279 -0.0417930968453143 -0.161419871236131
0.124412251146367 0.476820635204786 0.0773380386664328 -0.107368685204869
-0.293154557302796 0.422751336884288 0.108160138624898 0.0355483258181017
-0.614244047561959 -0.0134277828098216 -0.0966164712832458 0.0797771815239698
-0.396085690283689 -0.529898075259502 -0.130655613669119 -0.0868404620047902
-0.010547314031841 -0.69144815929255 0.0645018958547386 -0.26056833651775
-0.00228895663954861 -0.577655340901751 -0.0927643622782124 0.108380956995559
-0.336086339759116 -0.393531401786388 0.00452374133716738 -0.0529345153765655
-0.468749494891099 -0.0214856303661052 -0.0791299822946514 -0.0630477010140723
-0.224627626431506 0.339427239478922 -0.0931721238189915 0.0448316112579348
0.093898779867866 0.411244652127215 0.0181945720072657 0.0973282102868516
0.309121093242098 0.267689879947719 0.0631277022500817 0.0150233903631089
0.361509747352312 0.107518660112429 0.0455155185713469 -0.044040087313351
0.368431595186004 0.0842511146534171 0.032717276676065 -0.0759650989298926
0.364424618154064 0.137295690394484 0.0431190657283524 -0.0972027125223961
0.367633030296318 0.310089055253302 0.0710342936248371 -0.0903406359592966
0.111526792905132 0.485754772491541 0.12056570789895 -0.0139452731528853
-0.298633274088394 0.408248415350761 0.10256225434409 0.0755875317738171
-0.598138662598491 -0.022245670393519 -0.0467071843872781 0.104216137927455
-0.395186767491777 -0.518676565393765 -0.0645763916353872 0.030243352410998
-0.0168995074174117 -0.697685508095181 0.0564128348694621 -0.0290397838330554
-0.0283077592989434 -0.544107434500352 -0.0768715001544532 0.33290227263643
-0.347979830903787 -0.359230239642588 0.121784663459126 0.0551484252762073
-0.452698128535696 -0.00451040168140441 -0.019651053254328 -0.076091862461615
-0.218381051825753 0.329200869052037 -0.125156166510539 0.0441761809233016
0.0724451247143825 0.395765418167633 0.0151512406709354 0.189588628171976
0.279684477253115 0.26538300737544 0.158708774387888 0.103624155720654
0.337044747806409 0.119936344191805 0.185978995155484 0.00795902848809426
0.335210768784418 0.106010802042907 0.177129890403143 -0.0350630094759164
0.313369941498341 0.147429859425984 0.175031949117043 -0.0485885486215374
0.291878139459168 0.280190746791055 0.162131463141981 -0.0217111398857771
0.0686823533142914 0.398646896188095 0.143547905608095 0.0609702857075736
-0.252789095136836 0.297295807705894 0.0884605284245004 0.0977685365838431
-0.447687415716696 -0.0489788513677442 0.00765158586556271 0.109495104681023
-0.295394342205973 -0.411573058524223 0.00177146371443631 0.121936386326884
-0.0141265676078571 -0.576872269617951 0.0535388451835948 0.170704984822265
-0.0442781552121602 -0.417210646284848 -0.0631414211625847 0.530984337776617
-0.280637022824098 -0.258583159363447 0.2242395491813 0.169191134912314
-0.331692182084776 0.00449876601474108 0.0413595137552198 -0.0718726762848518
-0.169122071533936 0.237170398107258 -0.141115393345859 0.04428254548882
0.0320611377728743 0.297425836581022 0.0099048835337259 0.266038200004828
0.193823444729156 0.21356189581136 0.238430030814668 0.188025047801191
0.256835145935772 0.11401656998939 0.306590449321095 0.0626259840945907
0.251465179393759 0.112677357010406 0.294188490608444 0.0103816968447414
0.217172759884075 0.138285262764935 0.27022438894299 0.00323298942810027
0.168752797917478 0.215820319742375 0.209827383276805 0.036670846178802
0.00352789948369146 0.258773428379573 0.135741838876903 0.100239345073419
-0.180467957816232 0.135050755872942 0.0644042286259356 0.0913509955357298
-0.230947477742599 -0.0790858831693553 0.0507982272725031 0.0904756627655276
-0.144386275915234 -0.250183028042219 0.0476811449941917 0.168962181735134
-0.00627337764268139 -0.369275214402581 0.0526842744199893 0.302347317460509
-0.0505880546833638 -0.215452414706973 -0.0576907390651713 0.664265670806991
-0.157788403716945 -0.108477230070333 0.28689409777211 0.266885385165402
-0.143729741258382 0.010219606613842 0.0952941814770107 -0.0550054131770584
-0.0827958247399527 0.0973895397398139 -0.139753791438227 0.0323987970205803
-0.0127386505567533 0.143206436041928 -0.00482522740190958 0.305753159169536
0.0731865311496648 0.123590936871198 0.282029238435699 0.251113405059527
0.131036802574858 0.0899428541118049 0.383424721025469 0.1127560175238
0.12868202268721 0.102720665363557 0.368311123778763 0.0533845309564184
0.0958421054239162 0.10965999226118 0.319305274755118 0.0523061793716502
0.0349050896002232 0.131475114159248 0.215769509702204 0.0803956068808181
-0.0580453073093493 0.108823483530264 0.101341968289362 0.107995187112378
-0.102833385005676 -0.0114029796263681 0.0363666138282061 0.0604081622530825
-0.0293782282591603 -0.0888377192468136 0.0808711202898988 0.0578830130297503
-0.00604227133421058 -0.0763465099856474 0.0742028307894257 0.175462701679948
-0.00267052961283609 -0.13084107065053 0.0554071137718275 0.35817011555318
0.0249387662179937 -0.0656200221808468 -0.0789170162979182 -0.42004650645082
-0.0675173232428021 -0.0677542106442744 -0.178237181381136 -0.193083158619162
-0.106425483897984 0.0500552360455794 -0.13452586576883 -0.0381059135464606
0.0158048197784288 0.0984053459416952 -0.0159571163082441 0.020012867252647
0.0849693740306096 0.0356106636732269 -0.0128332665070342 -0.101655194938023
0.0737126489965915 -0.0280284285395009 -0.179533564989969 -0.124094184104902
0.0192746006363335 -0.0597147377823629 -0.319604404697355 -0.0995017086239058
0.00944346451534839 -0.0713575958109777 -0.389303211874774 -0.106243789169034
0.0305345574965607 -0.053359079681416 -0.392694949475727 -0.158741546132083
0.0696984858182522 -0.0202637267263323 -0.280312594521442 -0.265276964889817
0.0554658118667468 0.0213388649218761 -0.0384058395685567 -0.299080271409263
-0.0121419271986446 0.0612026795885664 0.116964626862331 -0.0794534964428424
-0.0755491943199204 -0.00292767869846947 -0.0867158547673349 -1.41186179629297E-05
-0.00527620122651224 -0.0788307843977001 -0.163894906481408 -0.27853611398361
0.0517370029786345 -0.041757260335568 0.117403742673098 -0.682096710614474
0.0392232711912166 -0.247357410193611 -0.0818775467942295 -0.371437310749117
-0.125696518759391 -0.184192613375196 -0.170300184754263 -0.198033143664921
-0.204288358840168 0.00920307222966259 -0.14535805691791 -0.0296321506347889
-0.0551212859181154 0.157567390271797 -0.0139236387589525 0.0456011661030225
0.0926703635741905 0.149070749685668 0.0170694107854628 -0.0790200917525197
0.160263105350188 0.0649503399535858 -0.143999597370253 -0.130999553774755
0.14425605846245 -0.0101218108664426 -0.281564663924165 -0.117933528866127
0.153956829054085 -0.0288322339123647 -0.347455057370217 -0.125914710402074
0.176171396824916 0.00834268972515852 -0.344543254926209 -0.178530980502154
0.204771343926121 0.109375689293932 -0.232076057974272 -0.263631016554681
0.0832390005042008 0.214107939502876 -0.00275970226690182 -0.263932947404751
-0.134852721319944 0.212133885401591 0.115207384288637 -0.0448617172118525
-0.307494241256489 -0.0173897958899994 -0.119729641645422 0.0170673667718179
-0.160205570658261 -0.287185708328473 -0.176373895139638 -0.264359261595835
0.040368187499897 -0.328176032604038 0.107839352583311 -0.618579267843941
0.0443217831542833 -0.407925178398438 -0.0915584753150092 -0.266743026687999
-0.186546249431768 -0.28968300905706 -0.148539550161906 -0.18439301116226
-0.302154786681984 -0.0289599547187108 -0.146370000458444 -0.0314294839103491
-0.130274806665303 0.216069620539194 -0.0271969440729498 0.0548687905474776
0.0924345945381001 0.259333041153268 0.0299220778886867 -0.041983770020146
0.232246704320628 0.156152914738868 -0.0932114314699865 -0.111595547299869
0.253400931249947 0.0411285896836295 -0.202624447223156 -0.1150374225068
0.27432423416002 0.0177846128421065 -0.253434471442848 -0.127993448895594
0.29303763403064 0.0688252453770089 -0.242899183907584 -0.172471700711131
0.312371154960312 0.222413284882222 -0.149629815945634 -0.22765532902526
0.104366908925419 0.381475850586515 0.0361533000884659 -0.199194879899797
-0.243774297434208 0.340424475913592 0.112825834354135 -0.00667363758327614
-0.506120728582481 -0.0295480897833252 -0.125292480002997 0.0457304518633342
-0.299315811838266 -0.456700301704685 -0.165824822077189 -0.198842223664752
0.0257344711047481 -0.564144988421846 0.0935440156778696 -0.469519587732455
0.0366820324039477 -0.52903379383639 -0.0997134273845118 -0.104774664020594
-0.263722518861995 -0.371760703375582 -0.0935669840771222 -0.138351246104008
-0.405211111096891 -0.0446282415582763 -0.124922050976869 -0.0451038882643472
-0.19858488131236 0.283576720346399 -0.0559007470273955 0.0502593077480014
0.0913182632349402 0.359563445138206 0.0286911439398436 0.016491727638362
0.28686471465141 0.233408744013616 -0.0244418172417896 -0.0623320497680546
0.33067011248995 0.0865710843735776 -0.0891494229171993 -0.0888084289326339
0.351236587276913 0.0619295924697634 -0.118727232007206 -0.109546741209945
0.359644925059931 0.118162364667699 -0.104771323941435 -0.143377865799837
0.371578259862257 0.299529158406695 -0.0411844937415138 -0.165159524490439
0.114515997765285 0.485783558909648 0.0796658043924476 -0.110469615887398
-0.310699725877419 0.419836124538903 0.108415407585586 0.0357887599448733
-0.625182552147975 -0.0324592476222749 -0.0995957649588954 0.0786666033397517
-0.387051938530295 -0.552379983690284 -0.124151778985392 -0.0904559574296405
0.0101859160817158 -0.702307692033921 0.0753243156479371 -0.254506586837745
0.0179743949241956 -0.586085380143147 -0.0997962940053242 0.104306091167864
-0.327811843868695 -0.410199124817351 -0.000153117032638844 -0.0532863576269526
-0.476878239012321 -0.0379170982458337 -0.0789555003638767 -0.0632338819786804
-0.238816211475618 0.335768843781936 -0.0924745447214236 0.0437879266189975
0.0864702880797748 0.418802470986467 0.0216062287529908 0.099115465380412
0.306044655615457 0.278390725977394 0.0640044183542651 0.015321217783317
0.363399648248963 0.118384398993812 0.0484027266030101 -0.0441043898155144
0.374186881712822 0.0969417137597873 0.0331024930589536 -0.0758639821668581
0.366943142800425 0.150141699461629 0.0444878042083739 -0.0977976834531614
0.365508906899586 0.32094999297125 0.0713088411687833 -0.0898230526587232
0.104641519726549 0.494371317484076 0.120616323153642 -0.014358606660766
-0.314911240481547 0.406274764979968 0.100427119875848 0.0769354836302002
-0.608031806064436 -0.0413997850858565 -0.0506621907382641 0.105685455856755
-0.385676579917838 -0.540198212580158 -0.0601018126129755 0.0305397471049279
0.00254556349600954 -0.707691194460211 0.060026379156903 -0.0214430994372008
-0.00756116834293265 -0.555732759387349 -0.0911037149602312 0.332852291527733
-0.339338189576105 -0.375659814174832 0.11562102959329 0.0595510553441511
-0.461610146468964 -0.02063358351038 -0.0185025726220178 -0.076046501652377
-0.232817767341542 0.32644321691689 -0.125166932376308 0.043182825064056
0.0650658736373423 0.403176311208558 0.0163745618391489 0.193086930900167
0.27567407151369 0.274513181391544 0.158533893858502 0.107170292466826
0.339254854053816 0.130827765102647 0.189435739532723 0.0125295240883702
0.340421231042119 0.11774322100119 0.179914047819335 -0.0306666910606278
0.315617809125555 0.158915976345209 0.177241714675006 -0.0451385488739972
0.289704780603681 0.289510931593581 0.161517223299711 -0.0180631468355577
0.0626491309775162 0.40602555737857 0.142347471678588 0.0622393493664274
-0.26474637241228 0.293470662859074 0.0853724323597014 0.0991811309908107
-0.456933796025191 -0.063066484689978 0.00369951114809638 0.11132580234033
-0.28859679714962 -0.430060644889772 0.00375321342303088 0.127091437873173
0.00230361979469527 -0.584039975980949 0.0504109588536593 0.179070730431027
-0.0268787096703315 -0.426325841471831 -0.0834613770990736 0.534635050888377
-0.273703309755012 -0.272289632859021 0.217124226481755 0.177915451833061
-0.339396083289804 -0.00993674855961269 0.0436967771713998 -0.0694599465275247
-0.179047626834162 0.234649355722683 -0.142673916251128 0.0428497237206119
0.0253516478365484 0.30300531789835 0.00819400891592172 0.272587942143321
0.190432848808492 0.221418086076847 0.237641106474187 0.194562436491132
0.257977957112447 0.121665269648553 0.311431281290808 0.0704816192045508
0.2544841660508 0.121643643973792 0.299624943121676 0.0175918182458096
0.218040251923544 0.147356097980092 0.273194181009725 0.0105952467270316
0.166481254055281 0.222400316421252 0.20912806778815 0.0422282723124473
-0.000754871051693055 0.26129856652883 0.133410003394667 0.103148480382236
-0.186388353175419 0.131631462305939 0.0609391121865925 0.0917842295676617
-0.234510826955959 -0.0863684852206012 0.0481150513531885 0.0921427956064229
-0.139235486147032 -0.260448584160316 0.0476499315177617 0.175557713404891
0.00559305711288827 -0.375050230950842 0.0448697453638454 0.310220893297866
-0.0405184667549434 -0.221842222867341 -0.0805895356515332 0.670850605985824
-0.154401305475405 -0.116670596102268 0.278874930945688 0.279741406387283
-0.147454044527718 0.00224597770847392 0.0983046512149987 -0.0516036025371854
-0.0877566543998377 0.0957910886423879 -0.142942708470159 0.0314548803882476
-0.0158378806656365 0.144800525593215 -0.00892374841056255 0.312965550027521
0.0713468442915635 0.127319036267922 0.280059550394545 0.259824909489995
0.13178821715876 0.0929700011907002 0.388377518857816 0.122521151953583
0.130449417947025 0.107701773218645 0.37405115623307 0.0624184311797944
0.0957668788895077 0.114843099386043 0.322667601171756 0.0624122128583732
0.0326581777374799 0.134470328704565 0.214015978456252 0.0870617571046507
-0.05991784564333 0.109067289016663 0.0978592870655335 0.110891326383176
-0.104246293306594 -0.0132929821280972 0.0328817811002595 0.0600425339492926
-0.0292058473437076 -0.0905646879550767 0.0786986580302089 0.0595737289137472
-0.00338450746858171 -0.0796938599742623 0.0739175038514048 0.181300592593369
0.00176606782358166 -0.134081187829084 0.04524169759944 0.364867679462682
