TRXV5
3
4
4
9
string Extension=J
integer IsArchMeasurement=1
integer IsSpherical=1
string Generator=SPM
string GeneratorVersion=1.3.1 Dev
double ArchRadius=0.449999988079071
integer FrequencyAxisIndex=0
integer AzimuthAxisIndex=1
integer ElevationAxisIndex=2
Frequency
5 136 690000000 960000000 LIN
Azimuth
7 8 0 2.74889357189107 LIN
Elevation
7 15 -2.74889357189107 2.74889357189107 LIN
Polar H Real Part
13
Polar H Imaginary Part
14
Polar V Real Part
13
Polar V Imaginary Part
14
Polar H Magnitude (dB)
12 0xC0000002 0 1
Polar H Phase
7 0xC0000003 0 1
Polar V Magnitude (dB)
12 0xC0000002 2 3
Polar V Phase
7 0xC0000003 2 3
-0.0123100280761719 0.0436668395996094 0.0631027221679688 -0.00558853149414062
0.0302047729492188 0.0318431854248047 0.0324916839599609 0.0151844024658203
0.0317554473876953 -0.00647544860839844 0.0356025695800781 0.0241851806640625
0.0157241821289063 -0.0213050842285156 0.0594291687011719 0.0119590759277344
0.001495361328125 -0.0231990814208984 0.0643081665039063 -0.0156593322753906
-0.0123977661132813 -0.0255870819091797 0.0518569946289063 -0.0419044494628906
-0.0141181945800781 -0.0201854705810547 0.0377082824707031 -0.0430679321289063
-0.00961494445800781 -0.0204315185546875 0.0260810852050781 -0.0291900634765625
-0.00355720520019531 -0.0283107757568359 0.0140161514282227 -0.0115022659301758
0.014923095703125 -0.0225086212158203 -0.00243616104125977 -0.00470495223999024
0.0282135009765625 -0.00364112854003906 -0.0224227905273438 -0.02008056640625
0.0244216918945313 0.0139217376708984 -0.0156021118164063 -0.0486335754394531
0.00312232971191406 0.0311107635498047 0.02972412109375 -0.0768814086914062
-0.0176734924316406 0.0362167358398438 0.0538749694824219 -0.067291259765625
-0.0369338989257813 0.0298309326171875 0.0300521850585937 -0.0440216064453125
-0.0307807922363281 0.0521011352539063 0.0563392639160156 0.011962890625
0.0161056518554688 0.0506935119628906 0.0278148651123047 0.0317859649658203
0.0317134857177734 0.0128688812255859 0.0369911193847656 0.0382575988769531
0.0260906219482422 -0.00615692138671875 0.0633087158203125 0.0251350402832031
0.0176429748535156 -0.0168533325195313 0.0692291259765625 -0.003814697265625
0.00664520263671875 -0.0279655456542969 0.0594215393066406 -0.0336074829101563
0.00154304504394532 -0.0275955200195313 0.0428466796875 -0.0353240966796875
0.00508308410644531 -0.0246753692626953 0.0282230377197266 -0.0202312469482422
0.0122909545898437 -0.03204345703125 0.0128002166748047 -0.00172805786132813
0.0296974182128906 -0.0208549499511719 -0.00699853897094726 0.00566768646240234
0.0384902954101563 0.00360488891601563 -0.0312290191650391 -0.0105094909667969
0.0300369262695312 0.0264663696289062 -0.0284309387207031 -0.0408515930175781
-0.000831604003906254 0.0452651977539063 0.0107040405273437 -0.0743942260742187
-0.029632568359375 0.0481834411621094 0.0331077575683594 -0.0618324279785156
-0.0509834289550781 0.0396537780761719 0.0106925964355469 -0.0355796813964844
-0.0474586486816406 0.0524749755859375 0.0404129028320313 0.0316734313964844
-0.00470352172851563 0.0622291564941406 0.0150299072265625 0.0525741577148438
0.0234813690185547 0.0341739654541016 0.0329780578613281 0.0562515258789063
0.0320339202880859 0.0142078399658203 0.0624961853027344 0.0407867431640625
0.0316505432128906 -0.00462722778320313 0.0698509216308594 0.00919342041015625
0.0270042419433594 -0.0255813598632813 0.0628738403320313 -0.0215568542480469
0.0184421539306641 -0.030914306640625 0.0428657531738281 -0.0237159729003906
0.0179195404052734 -0.02593994140625 0.0251560211181641 -0.00943565368652344
0.0245170593261719 -0.0315189361572266 0.0082540512084961 0.010380744934082
0.0387420654296875 -0.0194892883300781 -0.0129280090332031 0.0172901153564453
0.0431404113769531 0.00627899169921875 -0.0394172668457031 0.00198745727539062
0.0351390838623047 0.0302371978759766 -0.0417518615722656 -0.0293846130371094
0.00364303588867188 0.0507926940917969 -0.00978851318359376 -0.0662574768066406
-0.0298080444335938 0.0553207397460938 0.00966644287109374 -0.04986572265625
-0.0558090209960937 0.0454216003417969 -0.0118618011474609 -0.0229835510253906
-0.0578880310058594 0.0442962646484375 0.0162239074707031 0.0483551025390625
-0.0260734558105469 0.0628509521484375 -0.007110595703125 0.071563720703125
0.00833892822265625 0.0498542785644531 0.0220718383789062 0.0739974975585938
0.0307579040527344 0.0354957580566406 0.0560073852539063 0.0555648803710938
0.0402297973632812 0.0109672546386719 0.063079833984375 0.0220298767089844
0.0426101684570313 -0.0165214538574219 0.0583114624023437 -0.00840377807617188
0.0329208374023438 -0.0282630920410156 0.0358505249023438 -0.010467529296875
0.0279865264892578 -0.0234565734863281 0.0176811218261719 0.00279998779296875
0.0329704284667969 -0.027740478515625 0.00185585021972656 0.0223159790039063
0.0425834655761719 -0.0165748596191406 -0.0189952850341797 0.0284061431884766
0.0433616638183594 0.006683349609375 -0.0443115234375 0.0158729553222656
0.0358924865722656 0.0282859802246094 -0.0497169494628906 -0.0151786804199219
0.0077667236328125 0.0491790771484375 -0.02532958984375 -0.0518264770507812
-0.025115966796875 0.0544319152832031 -0.00852394104003906 -0.0314083099365234
-0.0539054870605469 0.0441131591796875 -0.0327434539794922 -0.00699234008789062
-0.0570259094238281 0.0284156799316406 -0.0105552673339844 0.0589523315429688
-0.0387306213378906 0.0507049560546875 -0.0326385498046875 0.0832672119140625
-0.00851821899414063 0.0524940490722656 0.00519561767578125 0.08642578125
0.0199851989746094 0.0475616455078125 0.0421104431152344 0.0651779174804688
0.0379562377929688 0.0243873596191406 0.0501747131347656 0.0297470092773438
0.0491142272949219 -0.00423431396484375 0.0452423095703125 0.00317001342773437
0.0403594970703125 -0.0200004577636719 0.0231246948242188 0.00238800048828125
0.0322818756103516 -0.0169162750244141 0.00766086578369141 0.0150661468505859
0.0363426208496094 -0.0205841064453125 -0.00583076477050781 0.0329360961914063
0.0422401428222656 -0.0107383728027344 -0.0246429443359375 0.0378799438476563
0.0394401550292969 0.009307861328125 -0.0469970703125 0.026397705078125
0.0305156707763672 0.0273342132568359 -0.0517387390136719 -0.00269317626953125
0.00532913208007812 0.0425033569335938 -0.0322418212890625 -0.03546142578125
-0.0224037170410156 0.0443954467773438 -0.0195503234863281 -0.0115756988525391
-0.0491714477539063 0.0338325500488281 -0.0496444702148438 0.00891876220703124
-0.0424537658691406 0.0104026794433594 -0.0328178405761719 0.0619850158691406
-0.03826904296875 0.0291061401367188 -0.0548629760742187 0.0849227905273438
-0.0183982849121094 0.0395431518554688 -0.0116119384765625 0.08953857421875
0.00513458251953125 0.0437088012695313 0.0262870788574219 0.0664710998535156
0.0259456634521484 0.0295848846435547 0.0348415374755859 0.0309867858886719
0.0427818298339844 0.00870895385742187 0.0295944213867188 0.0109634399414063
0.0400123596191406 -0.00855636596679688 0.00915145874023438 0.0124139785766602
0.0321826934814453 -0.00882720947265625 -0.00378227233886718 0.0249671936035156
0.0355949401855469 -0.0112686157226563 -0.0142898559570312 0.04022216796875
0.0389251708984375 -0.0023193359375 -0.0302314758300781 0.0441322326660156
0.0332317352294922 0.0144977569580078 -0.0480995178222656 0.0312232971191406
0.0211448669433594 0.0279560089111328 -0.0498847961425781 0.00376510620117187
-0.00354766845703125 0.0349311828613281 -0.0336189270019531 -0.0229644775390625
-0.0248908996582031 0.0283851623535156 -0.0251045227050781 0.00299072265625
-0.0422325134277344 0.0149307250976563 -0.0621414184570313 0.0191001892089844
-0.0185089111328125 -0.00811004638671875 -0.0446434020996094 0.0602989196777344
-0.0240650177001953 0.00481986999511719 -0.066619873046875 0.0799026489257812
-0.0182285308837891 0.0167140960693359 -0.0226058959960937 0.0856704711914063
-0.00800132751464844 0.026123046875 0.0144844055175781 0.0618095397949219
0.00837516784667969 0.0246639251708984 0.0226459503173828 0.0276527404785156
0.0264225006103516 0.0168533325195313 0.0137844085693359 0.0122480392456055
0.0313434600830078 0.00489044189453125 -0.00481700897216797 0.0173892974853516
0.0267658233642578 0.00117111206054688 -0.015655517578125 0.0313091278076172
0.0309524536132812 -0.00075531005859375 -0.0236282348632812 0.0449867248535156
0.0322360992431641 0.00736808776855469 -0.0379791259765625 0.0452728271484375
0.0245265960693359 0.0197200775146484 -0.0505409240722656 0.030914306640625
0.010223388671875 0.0302181243896484 -0.0495796203613281 0.00430297851562501
-0.0154685974121094 0.0275669097900391 -0.03411865234375 -0.0169334411621094
-0.0291690826416016 0.00972366333007813 -0.0299243927001953 0.00850105285644531
-0.0342350006103516 -0.00840950012207031 -0.070465087890625 0.0213165283203125
0.007720947265625 -0.0229949951171875 -0.0439262390136719 0.054840087890625
-0.00180244445800781 -0.016754150390625 -0.0647964477539062 0.0724945068359375
-0.00970935821533203 -0.00837898254394531 -0.02362060546875 0.0796966552734375
-0.0155134201049805 0.00262832641601563 0.0116348266601562 0.0552597045898438
-0.009552001953125 0.01239013671875 0.0177268981933594 0.02099609375
0.00532913208007813 0.0208454132080078 0.00446701049804687 0.00896835327148438
0.016845703125 0.0163450241088867 -0.015040397644043 0.0167922973632812
0.0174503326416016 0.0108261108398437 -0.0247287750244141 0.0325756072998047
0.0209255218505859 0.00959014892578125 -0.0330314636230469 0.0459060668945312
0.0222129821777344 0.0159320831298828 -0.0464515686035156 0.043365478515625
0.0140628814697266 0.0236339569091797 -0.0566024780273438 0.0269546508789062
-0.00111770629882813 0.0291576385498047 -0.051971435546875 0.000312805175781262
-0.0260887145996094 0.0174980163574219 -0.0350494384765625 -0.0186271667480469
-0.0300788879394531 -0.0103797912597656 -0.0341968536376953 0.0050067901611328
-0.0228805541992188 -0.0309257507324219 -0.0754318237304688 0.015472412109375
-0.00546646118164063 0.0496101379394531 0.0722885131835938 -0.00881195068359375
0.0398674011230469 0.031005859375 0.0393257141113281 0.0120048522949219
0.0351753234863281 -0.0124740600585938 0.0394744873046875 0.0209770202636719
0.0138778686523438 -0.0273838043212891 0.0627555847167969 0.00819778442382812
-0.00262832641601562 -0.026885986328125 0.0664863586425781 -0.0203323364257813
-0.0195045471191406 -0.0262660980224609 0.0523796081542969 -0.0468177795410156
-0.0199394226074219 -0.0196495056152344 0.0386390686035156 -0.0484390258789063
-0.0147495269775391 -0.0206680297851562 0.0279045104980469 -0.0328845977783203
-0.0107002258300781 -0.0313453674316406 0.0173120498657227 -0.0127668380737305
0.0115776062011719 -0.0283432006835938 0.000598192214965821 -0.00267720222473145
0.0306129455566406 -0.0106220245361328 -0.0242214202880859 -0.0156478881835938
0.0299396514892578 0.0104045867919922 -0.0206718444824219 -0.0472145080566406
0.00944900512695312 0.0359115600585938 0.0231399536132813 -0.0837478637695313
-0.0140419006347656 0.0460014343261719 0.0537796020507813 -0.077362060546875
-0.0364570617675781 0.0406990051269531 0.0325241088867187 -0.0481948852539062
-0.0271568298339844 0.0601234436035156 0.0668754577636719 0.0113296508789063
0.0242080688476562 0.0518417358398437 0.0368194580078125 0.0315055847167969
0.0351524353027344 0.00897216796875 0.0425376892089844 0.0363311767578125
0.0254955291748047 -0.0111045837402344 0.068756103515625 0.0220832824707031
0.0145835876464844 -0.0207805633544922 0.07391357421875 -0.00887298583984375
0.00168609619140625 -0.0308017730712891 0.0617828369140625 -0.0400581359863281
-0.00231742858886719 -0.0293769836425781 0.0458908081054688 -0.0413017272949219
0.000909805297851563 -0.0261898040771484 0.0318145751953125 -0.0247650146484375
0.00743103027343749 -0.0355415344238281 0.0188922882080078 -0.00208473205566406
0.0286006927490234 -0.0267829895019531 -0.00139808654785156 0.00887966156005859
0.0421943664550781 -0.00128936767578125 -0.0316734313964844 -0.00407218933105469
0.0367317199707031 0.0248985290527344 -0.0334625244140625 -0.0370254516601563
0.00527191162109376 0.0503425598144531 0.00322723388671875 -0.0786972045898438
-0.0275802612304688 0.0584259033203125 0.0316848754882812 -0.0675315856933594
-0.0525627136230469 0.0502510070800781 0.0122642517089844 -0.0356178283691406
-0.0471305847167969 0.0601921081542969 0.0513916015625 0.03460693359375
0.000293731689453119 0.0659103393554688 0.0243797302246094 0.05487060546875
0.0263538360595703 0.0330696105957031 0.0405158996582031 0.0556640625
0.0336780548095703 0.0122451782226563 0.0699996948242188 0.0384445190429688
0.0318355560302734 -0.00721931457519531 0.076141357421875 0.0050506591796875
0.0247840881347656 -0.0283794403076172 0.0670242309570313 -0.0281143188476563
0.0169582366943359 -0.0339946746826172 0.0470199584960938 -0.0293617248535156
0.0167007446289063 -0.0284481048583984 0.0306911468505859 -0.012542724609375
0.022857666015625 -0.0355491638183594 0.0148200988769531 0.0102472305297852
0.0398597717285156 -0.0245208740234375 -0.00679206848144531 0.0214385986328125
0.0473480224609375 0.00333023071289063 -0.0381088256835937 0.00943756103515625
0.0406417846679688 0.0300750732421875 -0.0455703735351562 -0.0229034423828125
0.00816726684570313 0.0564079284667969 -0.0177040100097656 -0.0671577453613281
-0.0294647216796875 0.0644264221191406 0.00741195678710938 -0.0523452758789063
-0.0591697692871094 0.0550155639648438 -0.0113487243652344 -0.0199794769287109
-0.0608329772949219 0.0500946044921875 0.0260276794433594 0.0555915832519531
-0.0250434875488281 0.0675086975097656 0.00273895263671874 0.077850341796875
0.0102615356445313 0.052734375 0.0303802490234375 0.0759124755859375
0.0337638854980469 0.036285400390625 0.0637779235839844 0.0547409057617188
0.0427932739257813 0.0101661682128906 0.07061767578125 0.01849365234375
0.0441551208496094 -0.0203132629394531 0.0634803771972656 -0.0134658813476563
0.0332088470458984 -0.0315723419189453 0.0408248901367188 -0.0145225524902344
0.0291175842285156 -0.0258846282958984 0.0238189697265625 0.000566482543945311
0.0339164733886719 -0.0313453674316406 0.00898551940917969 0.0227088928222656
0.0448150634765625 -0.0206413269042969 -0.0117168426513672 0.0330524444580078
0.0474929809570312 0.0053558349609375 -0.0416984558105469 0.0233383178710937
0.0405120849609375 0.0294876098632813 -0.0520286560058594 -0.00761795043945312
0.01055908203125 0.0538215637207031 -0.031890869140625 -0.0495109558105469
-0.0268440246582031 0.0615348815917969 -0.0102386474609375 -0.0301570892333984
-0.0583877563476562 0.0520248413085938 -0.0334033966064453 -0.000932693481445307
-0.0629158020019531 0.0315437316894531 -0.0039520263671875 0.0684852600097656
-0.0430908203125 0.0550155639648438 -0.0251007080078125 0.0931930541992187
-0.00928878784179688 0.0566024780273438 0.0152053833007812 0.0914382934570313
0.0224800109863281 0.051513671875 0.0504226684570312 0.0656890869140625
0.0427627563476562 0.0263175964355469 0.0570793151855469 0.0277519226074219
0.05364990234375 -0.00635528564453125 0.0514869689941406 -0.000885009765625
0.0438270568847656 -0.0238456726074219 0.0283966064453125 0.000457763671874998
0.0359535217285156 -0.0200843811035156 0.0121536254882813 0.0139074325561523
0.0398979187011719 -0.0234909057617188 0.000991821289062501 0.0344257354736328
0.0466232299804688 -0.0130157470703125 -0.0176124572753906 0.0430107116699219
0.0441780090332031 0.00913619995117188 -0.0431365966796875 0.0336341857910156
0.0346641540527344 0.0299491882324219 -0.0522651672363281 0.00473022460937499
0.006561279296875 0.0474967956542969 -0.0368385314941406 -0.0316734313964844
-0.0261688232421875 0.0496025085449219 -0.0204429626464844 -0.00749778747558593
-0.0550994873046875 0.0387115478515625 -0.0511283874511719 0.0164031982421875
-0.0485687255859375 0.0089263916015625 -0.0300750732421875 0.0733184814453125
-0.0444107055664062 0.0308761596679688 -0.0500717163085938 0.0975341796875
-0.0222702026367188 0.0437088012695312 -0.00312042236328125 0.09588623046875
0.00551223754882812 0.0493392944335938 0.0334892272949219 0.068267822265625
0.0296058654785156 0.0341205596923828 0.0400047302246094 0.0301780700683594
0.0493049621582031 0.00874710083007813 0.0332908630371094 0.0080413818359375
0.0458869934082031 -0.0111236572265625 0.0120429992675781 0.0115079879760742
0.0378952026367188 -0.0110969543457031 -0.000534057617187498 0.0256900787353516
0.0410270690917969 -0.0134696960449219 -0.00922012329101563 0.0430068969726563
0.0443649291992188 -0.00360107421875 -0.0251045227050781 0.048492431640625
0.0385208129882813 0.0156364440917969 -0.0444831848144531 0.0371055603027344
0.0249252319335938 0.0332202911376953 -0.0497016906738281 0.00994110107421876
-0.0054473876953125 0.0404167175292969 -0.0363388061523438 -0.0188713073730469
-0.0308704376220703 0.03173828125 -0.0258140563964844 0.00792121887207032
-0.0505790710449219 0.0171661376953125 -0.0648231506347656 0.0275230407714844
-0.0239295959472656 -0.0137729644775391 -0.044219970703125 0.0706558227539062
-0.0312957763671875 0.00194358825683594 -0.0644607543945312 0.0926895141601563
-0.0242843627929688 0.0180912017822266 -0.0149154663085938 0.0927581787109375
-0.0106163024902344 0.0325641632080078 0.0206489562988281 0.0640182495117188
0.00999069213867188 0.0304088592529297 0.0264015197753906 0.0262870788574219
0.0332355499267578 0.0195045471191406 0.0156021118164063 0.0106439590454102
0.0386886596679687 0.0030517578125 -0.00362777709960937 0.0183238983154297
0.032989501953125 7.05718994140625E-05 -0.0134849548339844 0.0337638854980469
0.0371131896972656 -0.0025482177734375 -0.0206985473632812 0.0484428405761719
0.0392913818359375 0.0076904296875 -0.0342941284179688 0.049346923828125
0.0302543640136719 0.0225772857666016 -0.048919677734375 0.0361289978027344
0.0134735107421875 0.0356292724609375 -0.0498733520507813 0.00950241088867188
-0.0181350708007813 0.0340671539306641 -0.0360145568847656 -0.0125961303710938
-0.0367584228515625 0.0125312805175781 -0.0318546295166016 0.0132541656494141
-0.04345703125 -0.00934982299804688 -0.075164794921875 0.029083251953125
0.00456047058105468 -0.0318889617919922 -0.0454978942871094 0.0630340576171875
-0.0083160400390625 -0.0230464935302734 -0.0636978149414063 0.0846176147460937
-0.0158138275146484 -0.00996780395507813 -0.0166244506835937 0.0866165161132813
-0.0210113525390625 0.00690460205078125 0.0171279907226562 0.0553627014160156
-0.0104446411132813 0.0187664031982422 0.0204257965087891 0.0185508728027344
0.0108699798583984 0.0250377655029297 0.00287961959838867 0.00740528106689453
0.02423095703125 0.0173721313476563 -0.016571044921875 0.0185337066650391
0.0231819152832031 0.0111045837402344 -0.0248947143554688 0.0360031127929687
0.0282402038574219 0.00908088684082031 -0.0319137573242188 0.0503311157226563
0.0294361114501953 0.0170440673828125 -0.0454330444335937 0.0484504699707031
0.0192298889160156 0.0266361236572266 -0.0565185546875 0.0323638916015625
0.00194931030273437 0.0357170104980469 -0.0536270141601563 0.00481414794921875
-0.0303001403808594 0.0240364074707031 -0.0374526977539063 -0.014251708984375
-0.0387191772460938 -0.00877380371093749 -0.0381736755371094 0.0101394653320313
-0.0324382781982422 -0.0343208312988281 -0.0833206176757813 0.0211563110351563
0.00282669067382813 0.0530357360839844 0.079254150390625 -0.0147476196289062
0.0473861694335937 0.0263252258300781 0.0449562072753906 0.00624465942382813
0.0353431701660156 -0.0199012756347656 0.0415306091308594 0.0167579650878906
0.00992584228515625 -0.0322551727294922 0.0634803771972656 0.00385284423828125
-0.0083160400390625 -0.0282764434814453 0.0658111572265625 -0.0247650146484375
-0.0264339447021484 -0.0241165161132813 0.0502662658691406 -0.0507774353027344
-0.0252952575683594 -0.0175209045410156 0.0375251770019531 -0.0527687072753906
-0.0198822021484375 -0.0183124542236328 0.0286979675292969 -0.0369300842285156
-0.0177726745605469 -0.0306491851806641 0.0209503173828125 -0.0152130126953125
0.00583076477050781 -0.0329437255859375 0.00497770309448242 -0.00177049636840821
0.0305385589599609 -0.01763916015625 -0.0230846405029297 -0.0107364654541016
0.0346298217773438 0.00507164001464844 -0.0244636535644531 -0.0430030822753906
0.0172195434570312 0.0367202758789063 0.0151519775390625 -0.0861053466796875
-0.00699996948242187 0.0533638000488281 0.0492782592773438 -0.0842132568359375
-0.0317344665527344 0.050140380859375 0.0343780517578125 -0.0510940551757813
-0.0207061767578125 0.0647659301757813 0.0759124755859375 0.00769805908203125
0.0318183898925781 0.0499801635742188 0.0443458557128906 0.0266380310058594
0.036651611328125 0.00352096557617188 0.0458908081054688 0.0315589904785156
0.0240688323974609 -0.0153236389160156 0.070343017578125 0.0173263549804688
0.0107288360595703 -0.0222492218017578 0.07525634765625 -0.014404296875
-0.0041961669921875 -0.0306377410888672 0.0625991821289062 -0.0449447631835937
-0.00655555725097656 -0.0282764434814453 0.0470657348632813 -0.0472145080566406
-0.00282096862792969 -0.0258293151855469 0.0345993041992188 -0.0295143127441406
0.0023651123046875 -0.0365180969238281 0.024322509765625 -0.00517845153808594
0.0249309539794922 -0.0314044952392578 0.00476932525634766 0.00988292694091797
0.0434188842773437 -0.0074615478515625 -0.0284709930419922 0.00121307373046875
0.0419387817382813 0.0207710266113281 -0.0358467102050781 -0.0307502746582031
0.0122261047363281 0.0533065795898438 -0.00410461425781251 -0.0780563354492188
-0.0226058959960938 0.0666923522949219 0.0284881591796875 -0.0717926025390625
-0.0497283935546875 0.0616188049316406 0.0141830444335937 -0.0361862182617188
-0.043914794921875 0.0653800964355469 0.0623016357421875 0.0334358215332031
0.00557327270507812 0.0667648315429688 0.0347557067871094 0.0533409118652344
0.0288143157958984 0.0306816101074219 0.0459175109863281 0.0521392822265625
0.0338954925537109 0.00951194763183594 0.07452392578125 0.0341415405273438
0.0301418304443359 -0.0096435546875 0.0797958374023438 -0.000465393066406251
0.0215167999267578 -0.0303001403808594 0.0693244934082031 -0.0337486267089844
0.0138435363769531 -0.0353012084960938 0.0495948791503906 -0.0353355407714844
0.0145149230957031 -0.0295829772949219 0.0343093872070313 -0.0179405212402344
0.0197639465332031 -0.0376625061035156 0.0220317840576172 0.00725555419921875
0.0379867553710938 -0.0288887023925781 0.00137138366699219 0.02191162109375
0.0500373840332031 -0.00128173828125 -0.0329360961914063 0.0153617858886719
0.0457077026367188 0.0271835327148438 -0.0458221435546875 -0.0155181884765625
0.0133895874023437 0.0593833923339844 -0.0240707397460938 -0.0634384155273438
-0.02618408203125 0.0721817016601563 0.00544738769531249 -0.0531768798828125
-0.0581474304199219 0.0653877258300781 -0.00885009765625001 -0.0169954299926758
-0.0619087219238281 0.0553398132324219 0.0373191833496094 0.0580024719238281
-0.02288818359375 0.0713348388671875 0.0146484375 0.0793304443359375
0.0124855041503906 0.0533027648925781 0.039093017578125 0.0731201171875
0.0359458923339844 0.035736083984375 0.0704803466796875 0.0510940551757813
0.0444793701171875 0.0080413818359375 0.0748062133789063 0.0137710571289063
0.0439414978027344 -0.022918701171875 0.0666084289550781 -0.0194587707519531
0.0329170227050781 -0.0350475311279297 0.0446548461914063 -0.0198974609375
0.0288906097412109 -0.0284328460693359 0.0282039642333984 -0.00374984741210938
0.0335006713867188 -0.0339393615722656 0.0161113739013672 0.0200595855712891
0.0460205078125 -0.0232734680175781 -0.00282859802246094 0.034149169921875
0.0508880615234375 0.00300979614257813 -0.0357780456542969 0.0290031433105469
0.0450820922851563 0.0286598205566406 -0.0499534606933594 0.000255584716796873
0.0139579772949219 0.0570602416992188 -0.0357437133789063 -0.0446891784667969
-0.0260047912597656 0.068359375 -0.01104736328125 -0.0277862548828125
-0.0598335266113281 0.0608139038085938 -0.0302391052246094 0.00429153442382813
-0.0672416687011719 0.0346450805664063 0.00578308105468749 0.0749588012695313
-0.0453681945800781 0.0592384338378906 -0.0137252807617188 0.0983200073242188
-0.00865173339843749 0.0603790283203125 0.0240402221679687 0.09088134765625
0.0249786376953125 0.0541496276855469 0.0577583312988281 0.0634307861328125
0.0462188720703125 0.026397705078125 0.0618667602539062 0.0233802795410156
0.0568656921386719 -0.00885772705078125 0.0540351867675781 -0.00553131103515625
0.0461921691894531 -0.0278739929199219 0.0319919586181641 -0.00360870361328125
0.0384025573730469 -0.0232391357421875 0.0168886184692383 0.0120429992675781
0.0425872802734375 -0.0269889831542969 0.00748062133789063 0.0320301055908203
0.0498771667480469 -0.0157203674316406 -0.00925445556640625 0.0431594848632812
0.04876708984375 0.00862884521484375 -0.0369300842285156 0.0375442504882813
0.0390357971191406 0.0320396423339844 -0.0489921569824219 0.010894775390625
0.00763702392578125 0.0513801574707031 -0.0383720397949219 -0.0259284973144531
-0.028350830078125 0.0559234619140625 -0.018798828125 -0.00360107421874999
-0.0589599609375 0.0453033447265625 -0.048583984375 0.0235061645507813
-0.0557708740234375 0.00967788696289062 -0.02313232421875 0.0824356079101563
-0.0508575439453125 0.0336952209472656 -0.040679931640625 0.106231689453125
-0.0245933532714844 0.0488624572753906 0.00643157958984376 0.0976715087890625
0.00727081298828125 0.0555839538574219 0.0401687622070313 0.0661163330078125
0.03424072265625 0.0369644165039063 0.0440177917480469 0.0269966125488281
0.0550384521484375 0.0060882568359375 0.0357322692871094 0.0050201416015625
0.0503349304199219 -0.0157356262207031 0.0148773193359375 0.0105400085449219
0.0416336059570313 -0.0140533447265625 0.00296974182128907 0.0249996185302734
0.0462875366210937 -0.0172462463378906 -0.0034027099609375 0.0415573120117188
0.0503501892089844 -0.00629806518554688 -0.0178489685058594 0.0493545532226562
0.0435028076171875 0.0159645080566406 -0.0387535095214844 0.0407943725585938
0.0296974182128906 0.0358047485351562 -0.0468368530273438 0.0154304504394531
-0.00448989868164062 0.0460014343261719 -0.0366668701171875 -0.0132179260253906
-0.0353851318359375 0.0373878479003906 -0.0239143371582031 0.0126304626464844
-0.0572586059570313 0.0213699340820313 -0.0642433166503906 0.0350723266601562
-0.0315761566162109 -0.0166645050048828 -0.0409317016601563 0.079437255859375
-0.03936767578125 0.0021514892578125 -0.0574417114257812 0.10223388671875
-0.0295295715332031 0.0217571258544922 -0.00608062744140626 0.0951995849609375
-0.0114822387695312 0.0390472412109375 0.0261192321777344 0.0625877380371094
0.013763427734375 0.0359382629394531 0.0280323028564453 0.0236244201660156
0.040435791015625 0.0202865600585938 0.0164928436279297 0.00899982452392578
0.0452346801757812 -0.000377655029296875 -0.00313949584960937 0.01898193359375
0.0385971069335938 -0.00348281860351563 -0.0105648040771484 0.0343494415283203
0.0437240600585938 -0.0056915283203125 -0.0158920288085938 0.0490264892578125
0.0467567443847656 0.00442886352539063 -0.028961181640625 0.05145263671875
0.0364608764648438 0.0234642028808594 -0.0440139770507812 0.0396804809570313
0.019195556640625 0.0399932861328125 -0.0471649169921875 0.0141754150390625
-0.0185737609863281 0.0405082702636719 -0.0353965759277344 -0.00840377807617187
-0.0438995361328125 0.0175857543945313 -0.031005859375 0.0192298889160156
-0.0520401000976563 -0.00689315795898438 -0.0762557983398438 0.0362701416015625
-0.00199127197265625 -0.0389556884765625 -0.0446395874023438 0.0700416564941406
-0.0166912078857422 -0.0275096893310547 -0.0593948364257813 0.0927734375
-0.0225715637207031 -0.009674072265625 -0.00830078125 0.0888214111328125
-0.0242538452148437 0.0129013061523438 0.0216178894042969 0.052886962890625
-0.00811767578125 0.0257530212402344 0.0202102661132813 0.0155830383300781
0.0178108215332031 0.0278968811035156 0.00112009048461914 0.00651073455810547
0.0316982269287109 0.0148258209228516 -0.0177574157714844 0.0210399627685547
0.0296726226806641 0.00909996032714844 -0.0242996215820312 0.0399208068847656
0.0349311828613281 0.00655364990234375 -0.0295677185058594 0.05303955078125
0.0367431640625 0.01513671875 -0.0423622131347656 0.0508270263671875
0.0258884429931641 0.0286273956298828 -0.0537567138671875 0.035186767578125
0.0072479248046875 0.0399398803710938 -0.0522346496582031 0.00891494750976563
-0.02984619140625 0.0309944152832031 -0.0382232666015625 -0.00948715209960937
-0.0468826293945312 -0.00424957275390626 -0.0391616821289062 0.0159988403320313
-0.04193115234375 -0.0340156555175781 -0.0878067016601563 0.0286636352539062
0.0109367370605469 0.052825927734375 0.0831985473632812 -0.0206680297851562
0.0524749755859375 0.0200042724609375 0.0476303100585937 0.000564575195312501
0.0339641571044922 -0.0257968902587891 0.0408554077148438 0.0133743286132812
0.00566291809082032 -0.0348529815673828 0.0622482299804688 0.00164794921875
-0.0133323669433594 -0.0283412933349609 0.0656929016113281 -0.027069091796875
-0.0318031311035156 -0.0205898284912109 0.0492820739746094 -0.0522193908691406
-0.0285263061523437 -0.0135860443115234 0.0371742248535156 -0.0561408996582031
-0.0239658355712891 -0.0154705047607422 0.0289497375488281 -0.0404243469238281
-0.0237045288085938 -0.0279922485351562 0.0237712860107422 -0.0183372497558594
0.00099945068359375 -0.0348224639892578 0.00935554504394531 -0.00307083129882813
0.0276012420654297 -0.0232009887695313 -0.0199604034423828 -0.00769615173339844
0.0365791320800781 -2.6702880859375E-05 -0.0245513916015625 -0.037872314453125
0.0241050720214844 0.0360794067382813 0.00892639160156251 -0.08453369140625
0.00125885009765625 0.0577964782714844 0.045562744140625 -0.0883560180664063
-0.0248756408691406 0.0574722290039063 0.0358810424804688 -0.0546302795410156
-0.0145988464355469 0.0666122436523438 0.0837554931640625 0.0019989013671875
0.0365829467773437 0.0457954406738281 0.0495109558105469 0.0209159851074219
0.0355987548828125 -0.00052642822265625 0.0470046997070313 0.0278244018554688
0.0210037231445313 -0.0176048278808594 0.0711669921875 0.0145416259765625
0.00677871704101563 -0.0229530334472656 0.075439453125 -0.01739501953125
-0.00861930847167969 -0.0285625457763672 0.0622291564941406 -0.0480117797851563
-0.00974655151367188 -0.0257987976074219 0.0474166870117187 -0.0513877868652344
-0.00559616088867188 -0.0241985321044922 0.0364608764648438 -0.0343055725097656
-0.0027313232421875 -0.0352249145507812 0.0285720825195312 -0.00956916809082031
0.0210456848144531 -0.0339336395263672 0.0111665725708008 0.00830078125
0.0423812866210938 -0.0123825073242188 -0.0233745574951172 0.00542259216308593
0.0446548461914063 0.0166091918945313 -0.0346012115478516 -0.0244941711425781
0.0186996459960937 0.0543289184570313 -0.009307861328125 -0.0748291015625
-0.015838623046875 0.0726165771484375 0.0255584716796875 -0.0736618041992188
-0.0452156066894531 0.0693016052246094 0.017822265625 -0.0365676879882813
-0.0413665771484375 0.0689506530761719 0.0721206665039063 0.0303955078125
0.00964736938476563 0.0662574768066406 0.0422515869140625 0.0484886169433594
0.0291519165039063 0.0286102294921875 0.0495338439941406 0.0472335815429688
0.0335102081298828 0.00828361511230469 0.0766372680664063 0.0305404663085938
0.0283164978027344 -0.0105743408203125 0.0810012817382813 -0.00455474853515625
0.0179347991943359 -0.0302734375 0.0698623657226563 -0.0384025573730469
0.0119647979736328 -0.0348052978515625 0.0506820678710938 -0.0400657653808594
0.0133266448974609 -0.0296401977539063 0.0369644165039063 -0.0235061645507813
0.0174102783203125 -0.038360595703125 0.0272026062011719 0.00252532958984375
0.0363655090332031 -0.0309715270996094 0.00893020629882813 0.0201930999755859
0.050262451171875 -0.00464248657226562 -0.0267620086669922 0.0182895660400391
0.0491714477539063 0.0244674682617188 -0.0427513122558594 -0.00902557373046876
0.01806640625 0.0604896545410156 -0.0266799926757813 -0.0587844848632812
-0.0225753784179687 0.0784988403320313 0.00503158569335937 -0.0524330139160156
-0.055938720703125 0.0730972290039062 -0.0041036605834961 -0.0149126052856445
-0.0623741149902344 0.0599250793457031 0.0474739074707031 0.0576553344726563
-0.0220413208007813 0.0740585327148438 0.0237045288085938 0.0771331787109375
0.0129776000976563 0.0541725158691406 0.0437545776367187 0.0698432922363281
0.0373649597167969 0.0360870361328125 0.0739517211914063 0.0476837158203125
0.0451164245605469 0.0076446533203125 0.0774612426757813 0.00921630859375
0.0431632995605469 -0.0244674682617188 0.0672836303710937 -0.0250396728515625
0.0325469970703125 -0.0371551513671875 0.0468597412109375 -0.0244827270507813
0.0295600891113281 -0.0305080413818359 0.0311622619628906 -0.008392333984375
0.0332870483398438 -0.0360183715820313 0.0221290588378906 0.0152950286865234
0.0465888977050781 -0.0266532897949219 0.00447273254394531 0.0316162109375
0.0530662536621094 0.00091552734375 -0.0285377502441406 0.0308094024658203
0.0487251281738281 0.0287208557128906 -0.0456199645996094 0.00581741333007813
0.0174522399902344 0.0592422485351563 -0.036346435546875 -0.0392379760742188
-0.0247116088867187 0.073974609375 -0.00873756408691406 -0.0264453887939453
-0.0597686767578125 0.0674209594726563 -0.0254173278808594 0.00814628601074219
-0.0714111328125 0.038665771484375 0.0156326293945312 0.077362060546875
-0.0470848083496094 0.06365966796875 -0.00405120849609376 0.0989532470703125
-0.00868988037109375 0.0636558532714844 0.0302734375 0.0872650146484375
0.0282325744628906 0.0567245483398438 0.0614013671875 0.0599021911621094
0.0493202209472656 0.0266532897949219 0.0643768310546875 0.0199546813964844
0.0588645935058594 -0.0116157531738281 0.0557785034179688 -0.0106010437011719
0.0479316711425781 -0.0319557189941406 0.0336246490478516 -0.00731849670410156
0.0404129028320313 -0.025970458984375 0.0206832885742188 0.00861549377441406
0.0448570251464844 -0.0303840637207031 0.0124664306640625 0.0288753509521484
0.0533180236816406 -0.0194282531738281 -0.00233078002929687 0.0406074523925781
0.0521316528320313 0.0077972412109375 -0.0298080444335937 0.0387611389160156
0.0432357788085938 0.0324630737304688 -0.0440711975097656 0.0153579711914063
0.00964736938476563 0.0553932189941406 -0.0367012023925781 -0.0219879150390625
-0.0299339294433594 0.0612297058105469 -0.0161323547363281 -0.00132942199707031
-0.0625228881835938 0.0511207580566406 -0.0442123413085938 0.0276947021484375
-0.0628242492675781 0.0107765197753906 -0.0157089233398437 0.0871047973632813
-0.0562210083007812 0.0377426147460938 -0.0316162109375 0.109298706054688
-0.0269699096679688 0.0535430908203125 0.0135116577148438 0.0956268310546875
0.00946044921875 0.0603179931640625 0.0440711975097656 0.0638465881347656
0.0384750366210938 0.03839111328125 0.0454330444335938 0.0234603881835938
0.0598030090332031 0.00442886352539063 0.0363883972167969 0.000827789306640625
0.05426025390625 -0.0198898315429688 0.0160684585571289 0.00839614868164062
0.0453262329101563 -0.0181312561035156 0.00614356994628907 0.0230236053466797
0.0494003295898437 -0.0212059020996094 0.000644683837890631 0.0396766662597656
0.0548858642578125 -0.00928878784179688 -0.0125923156738281 0.0467491149902344
0.048828125 0.0159988403320313 -0.0331153869628906 0.0412063598632813
0.0340042114257812 0.0381050109863281 -0.0421943664550781 0.0181655883789063
-0.00308609008789063 0.0507888793945312 -0.0340480804443359 -0.00984573364257813
-0.0387191772460937 0.0437278747558594 -0.0207862854003906 0.0157756805419922
-0.0629348754882813 0.0273399353027344 -0.0606002807617188 0.0407752990722656
-0.04010009765625 -0.0179557800292969 -0.0364913940429687 0.0859222412109375
-0.0472297668457031 0.00397872924804689 -0.0502853393554688 0.106918334960938
-0.0339298248291016 0.0255413055419922 0.000999450683593753 0.09405517578125
-0.0105476379394531 0.0449905395507812 0.0288505554199219 0.0593414306640625
0.01837158203125 0.0393867492675781 0.0281829833984375 0.0212345123291016
0.0468063354492188 0.0189323425292969 0.01611328125 0.00700855255126953
0.0501022338867188 -0.00504684448242188 -0.00179862976074219 0.0185546875
0.0427742004394531 -0.00763702392578125 -0.008697509765625 0.034576416015625
0.0485191345214844 -0.010406494140625 -0.0128631591796875 0.0487136840820313
0.0524368286132813 0.0009613037109375 -0.0247535705566406 0.0504531860351562
0.0423965454101562 0.0233612060546875 -0.040191650390625 0.0398788452148438
0.0241966247558594 0.04302978515625 -0.0434684753417969 0.0164146423339844
-0.0178146362304687 0.0463638305664063 -0.0327472686767578 -0.00514030456542968
-0.0487022399902344 0.0238151550292969 -0.0283164978027344 0.0230846405029297
-0.0598602294921875 -0.00225067138671875 -0.0761260986328125 0.0420989990234375
-0.0105323791503906 -0.0422439575195313 -0.0435943603515625 0.0756988525390625
-0.0254154205322266 -0.028076171875 -0.053863525390625 0.0979690551757813
-0.029296875 -0.00754547119140625 -0.00248718261718751 0.088104248046875
-0.0260887145996094 0.0184211730957031 0.0234413146972656 0.049530029296875
-0.00483512878417969 0.0302639007568359 0.0183429718017578 0.0129299163818359
0.0246658325195313 0.0282154083251953 -0.000785827636718748 0.00603961944580078
0.0375823974609375 0.0109939575195313 -0.0187015533447266 0.0231609344482422
0.0339279174804687 0.00494956970214844 -0.0229415893554688 0.0420875549316406
0.0394744873046875 0.0023651123046875 -0.0269508361816406 0.0546340942382813
0.0427017211914063 0.0116043090820313 -0.0397109985351562 0.0520172119140625
0.0321273803710938 0.0277576446533203 -0.050445556640625 0.0372276306152344
0.0125312805175781 0.0435371398925781 -0.049102783203125 0.0114021301269531
-0.02984619140625 0.0372734069824219 -0.0366744995117187 -0.0063323974609375
-0.0523338317871094 0.0014801025390625 -0.0383567810058594 0.0211372375488281
-0.0504684448242187 -0.0313529968261719 -0.0893325805664063 0.0342559814453125
0.0173263549804688 0.0529327392578125 0.0881805419921875 -0.0261688232421875
0.056060791015625 0.0149612426757813 0.0488929748535156 -0.0048065185546875
0.0319614410400391 -0.0296745300292969 0.0403327941894531 0.0112953186035156
0.00164031982421875 -0.0365943908691406 0.0626068115234375 0.00106048583984375
-0.0172615051269531 -0.0277214050292969 0.0658302307128906 -0.0277481079101563
-0.0355758666992188 -0.0164337158203125 0.0500221252441406 -0.0536079406738281
-0.0316543579101563 -0.00912284851074219 0.0375556945800781 -0.0587120056152344
-0.0266036987304688 -0.0119037628173828 0.0306396484375 -0.0441360473632813
-0.0289878845214844 -0.024627685546875 0.0264110565185547 -0.0219478607177734
-0.00524520874023437 -0.0349388122558594 0.0142269134521484 -0.00548171997070313
0.0255680084228516 -0.0280246734619141 -0.0157604217529297 -0.00612831115722657
0.0371856689453125 -0.0047760009765625 -0.0233001708984375 -0.0349159240722656
0.0301055908203125 0.0347118377685547 0.00591278076171876 -0.0824356079101563
0.008453369140625 0.0601730346679688 0.0444107055664063 -0.0911636352539063
-0.0182304382324219 0.0621681213378906 0.0390243530273437 -0.058563232421875
-0.00983810424804687 0.0680770874023438 0.0905380249023438 -0.00272369384765625
0.0390129089355469 0.0425758361816406 0.0522613525390625 0.0151748657226563
0.0345401763916016 -0.00387001037597656 0.0466117858886719 0.0252189636230469
0.0179386138916016 -0.0188961029052734 0.07208251953125 0.013427734375
0.0031280517578125 -0.0217514038085938 0.0770492553710937 -0.0193557739257812
-0.0120754241943359 -0.0260448455810547 0.0636329650878906 -0.0507278442382813
-0.0115261077880859 -0.0236968994140625 0.0486488342285156 -0.0557022094726563
-0.00672721862792969 -0.0223464965820313 0.0379371643066406 -0.0401344299316406
-0.00557518005371093 -0.0332584381103516 0.0321388244628906 -0.0138511657714844
0.0178356170654297 -0.0350379943847656 0.016632080078125 0.00575828552246093
0.0417098999023438 -0.0161857604980469 -0.0176906585693359 0.00681877136230469
0.0464897155761719 0.0133171081542969 -0.0318698883056641 -0.020660400390625
0.0236015319824219 0.0539169311523437 -0.0111846923828125 -0.0713653564453125
-0.010589599609375 0.0772857666015625 0.0250396728515625 -0.075653076171875
-0.0410232543945313 0.0750808715820313 0.02191162109375 -0.0384788513183594
-0.0401077270507812 0.0724639892578125 0.080108642578125 0.0269927978515625
0.011322021484375 0.0663185119628906 0.0478706359863281 0.0438613891601563
0.0279827117919922 0.0277614593505859 0.0501708984375 0.0448570251464844
0.0325870513916016 0.00786781311035156 0.0779571533203125 0.0285797119140625
0.0278205871582031 -0.00994491577148437 0.0829086303710937 -0.00681304931640625
0.0169582366943359 -0.0297431945800781 0.0709686279296875 -0.0426788330078125
0.0108470916748047 -0.0341606140136719 0.0521087646484375 -0.0452041625976562
0.0135154724121094 -0.0295543670654297 0.038787841796875 -0.028472900390625
0.0158309936523438 -0.0383682250976563 0.0311985015869141 -0.00243377685546875
0.0346298217773438 -0.0325183868408203 0.0147504806518555 0.0168285369873047
0.0513534545898438 -0.00732421875 -0.0203685760498047 0.0198287963867187
0.0524482727050781 0.0233306884765625 -0.0381622314453125 -0.00533294677734375
0.0210990905761719 0.0616607666015625 -0.0275459289550781 -0.0552253723144531
-0.02008056640625 0.0836639404296875 0.00608062744140625 -0.0525054931640625
-0.0537033081054688 0.07977294921875 0.00118064880371093 -0.0147228240966797
-0.0650138854980469 0.0635719299316406 0.0563430786132813 0.056732177734375
-0.022186279296875 0.0771865844726563 0.0300979614257812 0.0737991333007813
0.0118675231933594 0.0558624267578125 0.0457344055175781 0.0669593811035156
0.0386009216308594 0.0376968383789063 0.0751953125 0.045867919921875
0.0461883544921875 0.00798416137695312 0.0796661376953125 0.00637054443359375
0.0438766479492188 -0.0252876281738281 0.0696487426757813 -0.0286865234375
0.0332794189453125 -0.0389213562011719 0.0484580993652344 -0.0298385620117188
0.0302352905273437 -0.0320701599121094 0.0331707000732422 -0.0136280059814453
0.0337867736816406 -0.0383033752441406 0.0258979797363281 0.0108566284179687
0.0475120544433594 -0.0284271240234375 0.0104694366455078 0.0279140472412109
0.0553855895996094 -3.4332275390625E-05 -0.0221748352050781 0.0309391021728516
0.05255126953125 0.0290184020996094 -0.0409317016601562 0.00822830200195313
0.0192298889160156 0.0626144409179688 -0.035125732421875 -0.0361366271972656
-0.0241317749023437 0.0800323486328125 -0.00640296936035156 -0.0257301330566406
-0.0609817504882813 0.0740890502929688 -0.0201053619384766 0.00905418395996094
-0.0769500732421875 0.0429916381835937 0.0234298706054687 0.0784835815429688
-0.0506973266601562 0.0686874389648438 0.00295257568359375 0.098236083984375
-0.00984573364257813 0.0674285888671875 0.0330657958984375 0.0856170654296875
0.0312232971191406 0.060089111328125 0.0638580322265625 0.0589561462402344
0.0525970458984375 0.02789306640625 0.0658416748046875 0.0173988342285156
0.061279296875 -0.0134391784667969 0.0572471618652344 -0.0138702392578125
0.049224853515625 -0.035247802734375 0.0360031127929688 -0.0106315612792969
0.0437469482421875 -0.0290489196777344 0.02252197265625 0.00362586975097656
0.046661376953125 -0.0335426330566406 0.0161247253417969 0.0240135192871094
0.0562629699707031 -0.0214881896972656 0.00250244140625001 0.0374412536621094
0.0566825866699219 0.007171630859375 -0.0245475769042969 0.0373153686523438
0.0464744567871094 0.034820556640625 -0.0400733947753906 0.0164604187011719
0.0101737976074219 0.0597953796386719 -0.0345020294189453 -0.0190238952636719
-0.0310897827148438 0.0679664611816406 -0.012639045715332 -0.000721931457519528
-0.0656280517578125 0.0581169128417969 -0.0396881103515625 0.0304183959960938
-0.0697975158691406 0.0135726928710937 -0.0102005004882813 0.090789794921875
-0.0615005493164063 0.0424423217773438 -0.02496337890625 0.11083984375
-0.029327392578125 0.0578422546386719 0.0169448852539062 0.0930633544921875
0.0113792419433594 0.0647087097167969 0.0457725524902344 0.0623779296875
0.043609619140625 0.0412330627441406 0.0463027954101563 0.0215415954589844
0.0651168823242188 0.00212478637695313 0.0384445190429688 -0.00096893310546875
0.0567855834960938 -0.0242118835449219 0.0176811218261719 0.00649833679199219
0.0480995178222656 -0.0221328735351563 0.00734519958496094 0.0211277008056641
0.0526885986328125 -0.0257453918457031 0.00278854370117188 0.0369377136230469
0.0602569580078125 -0.0129661560058594 -0.00942230224609375 0.0434036254882813
0.0536231994628906 0.0158157348632813 -0.0300750732421875 0.0398292541503906
0.03961181640625 0.0411796569824219 -0.0385055541992187 0.0188560485839844
-0.00329208374023438 0.0561027526855469 -0.0307121276855469 -0.00933074951171875
-0.0417976379394531 0.0507659912109375 -0.0175104141235352 0.0175409317016602
-0.0681533813476563 0.0334625244140625 -0.0584564208984375 0.0444602966308594
-0.0486183166503906 -0.0181884765625 -0.0334396362304688 0.0906600952148438
-0.0551795959472656 0.00741958618164064 -0.0457229614257813 0.110580444335938
-0.038330078125 0.0303611755371094 0.00363922119140624 0.0923309326171875
-0.00974273681640625 0.0513801574707031 0.0298500061035156 0.0582313537597656
0.0230445861816406 0.0430221557617188 0.0270843505859375 0.0203571319580078
0.0531234741210937 0.016998291015625 0.016179084777832 0.00584220886230469
0.0540275573730469 -0.00965499877929688 -0.00133323669433593 0.0191841125488281
0.0464401245117188 -0.0118865966796875 -0.00699615478515625 0.0351200103759766
0.0523834228515625 -0.0150566101074219 -0.0107192993164062 0.0471611022949219
0.0569801330566406 -0.00237274169921875 -0.0230979919433594 0.0490989685058594
0.04815673828125 0.0229568481445313 -0.0376663208007813 0.0390281677246094
0.0298118591308594 0.0451622009277344 -0.0410308837890625 0.0164794921875
-0.0171165466308594 0.0524177551269531 -0.0306320190429687 -0.00368118286132812
-0.052703857421875 0.0308647155761719 -0.0258998870849609 0.025848388671875
-0.0668830871582031 0.00234603881835937 -0.0757904052734375 0.0465240478515625
-0.0182609558105469 -0.0449256896972656 -0.043365478515625 0.0808258056640625
-0.0327548980712891 -0.0270881652832031 -0.0508651733398438 0.101409912109375
-0.0346584320068359 -0.00298118591308593 0.00231170654296875 0.0865631103515625
-0.0262775421142578 0.0244884490966797 0.0236167907714844 0.0480461120605469
-0.00122642517089844 0.0349502563476563 0.0151462554931641 0.0116090774536133
0.0315017700195313 0.0273780822753906 -0.00296449661254883 0.00696849822998047
0.0423431396484375 0.00743484497070312 -0.0195388793945313 0.0255584716796875
0.037109375 0.00123214721679688 -0.0218162536621094 0.0442085266113281
0.0438919067382813 -0.00237274169921875 -0.0263786315917969 0.0558929443359375
0.046478271484375 0.00738525390625 -0.0392227172851562 0.0515594482421875
0.0367164611816406 0.0276756286621094 -0.0495834350585937 0.03717041015625
0.0176658630371094 0.0455169677734375 -0.04766845703125 0.0112495422363281
-0.0286636352539062 0.0428009033203125 -0.0338916778564453 -0.00576400756835937
-0.0569229125976563 0.007720947265625 -0.0371513366699219 0.0248641967773438
-0.0581703186035156 -0.0267829895019531 -0.091644287109375 0.0391159057617187
0.0228996276855469 0.051605224609375 0.0933074951171875 -0.0318069458007813
0.0590362548828125 0.00971603393554688 0.0502662658691406 -0.00977325439453125
0.0301074981689453 -0.0337562561035156 0.039031982421875 0.00999832153320312
-0.00138092041015625 -0.0382881164550781 0.0634994506835938 0.00120925903320312
-0.0215835571289063 -0.0262966156005859 0.0675544738769531 -0.0289077758789063
-0.0395851135253906 -0.0129203796386719 0.0523567199707031 -0.0559463500976563
-0.0331058502197266 -0.00525856018066406 0.0387115478515625 -0.0638694763183594
-0.0274295806884766 -0.00870895385742188 0.0311088562011719 -0.0486030578613281
-0.0330410003662109 -0.0212497711181641 0.0289936065673828 -0.0264396667480469
-0.0100669860839844 -0.0351905822753906 0.0171785354614258 -0.00846481323242188
0.0225086212158203 -0.0324325561523438 -0.0118064880371094 -0.00542068481445313
0.0381431579589844 -0.0100135803222656 -0.0212192535400391 -0.0334548950195313
0.0360755920410156 0.0332603454589844 0.00461578369140625 -0.08233642578125
0.0158882141113281 0.0628395080566406 0.042633056640625 -0.0947189331054687
-0.0117111206054687 0.0661277770996094 0.0421714782714844 -0.0636940002441406
-0.00770950317382812 0.06939697265625 0.097930908203125 -0.0075531005859375
0.0416717529296875 0.0403633117675781 0.0559310913085937 0.0104255676269531
0.0331592559814453 -0.00601387023925781 0.0469894409179687 0.0241813659667969
0.0163650512695313 -0.0191688537597656 0.073699951171875 0.0137481689453125
0.00163650512695312 -0.021728515625 0.0797653198242188 -0.020904541015625
-0.0145912170410156 -0.0229816436767578 0.0663833618164063 -0.0547370910644531
-0.013397216796875 -0.0217151641845703 0.05078125 -0.0615119934082031
-0.00751495361328125 -0.0208721160888672 0.0392494201660156 -0.0448570251464844
-0.00838851928710938 -0.0326480865478516 0.0350189208984375 -0.0198917388916016
0.0148239135742187 -0.0363006591796875 0.0217685699462891 0.0017852783203125
0.0404739379882812 -0.0187110900878906 -0.0120258331298828 0.00683784484863281
0.0482673645019531 0.00995254516601563 -0.0283966064453125 -0.0184745788574219
0.0282249450683594 0.0536766052246094 -0.011383056640625 -0.0701560974121094
-0.00482940673828126 0.0810775756835938 0.0254287719726563 -0.0790939331054688
-0.0369033813476562 0.081085205078125 0.0265884399414062 -0.0421562194824219
-0.0401229858398438 0.0761260986328125 0.0887451171875 0.0232162475585938
0.0131721496582031 0.0676460266113281 0.0516433715820313 0.039520263671875
0.0279941558837891 0.0279865264892578 0.0520401000976562 0.0428962707519531
0.0326633453369141 0.00810050964355469 0.0810394287109375 0.0284957885742188
0.0272979736328125 -0.00932884216308594 0.0863494873046875 -0.0098876953125
0.0159835815429688 -0.0298919677734375 0.0740509033203125 -0.0473556518554688
0.0114707946777344 -0.0341434478759766 0.0549125671386719 -0.0520439147949219
0.0131816864013672 -0.0299110412597656 0.0406150817871094 -0.0346488952636719
0.0156364440917969 -0.0388946533203125 0.0345783233642578 -0.00825119018554688
0.0352897644042969 -0.0345726013183594 0.0204181671142578 0.0129241943359375
0.053466796875 -0.0094451904296875 -0.0148143768310547 0.0186824798583984
0.0548171997070313 0.0221519470214844 -0.0339164733886719 -0.00325584411621094
0.025604248046875 0.0643806457519531 -0.0265693664550781 -0.0535888671875
-0.01593017578125 0.0899734497070313 0.00758743286132812 -0.0543251037597656
-0.0529556274414062 0.0872039794921875 0.00540447235107421 -0.0166606903076172
-0.0680580139160156 0.0695075988769531 0.0645599365234375 0.055511474609375
-0.0224533081054687 0.0811767578125 0.0352706909179688 0.071746826171875
0.0121879577636719 0.0589828491210938 0.0476913452148438 0.0657310485839844
0.0408592224121094 0.0401535034179687 0.0785064697265625 0.0456008911132813
0.0488967895507813 0.0086517333984375 0.0829925537109375 0.00431060791015625
0.0454788208007813 -0.0265960693359375 0.0715179443359375 -0.0338287353515625
0.03411865234375 -0.0413703918457031 0.0505027770996094 -0.035400390625
0.0331745147705078 -0.0345668792724609 0.0346164703369141 -0.0179481506347656
0.0356636047363281 -0.0402603149414063 0.0289459228515625 0.00559616088867187
0.050201416015625 -0.0310401916503906 0.0154190063476563 0.0238857269287109
0.0595779418945313 -0.00129318237304688 -0.0171909332275391 0.0291767120361328
0.0563163757324219 0.0291824340820313 -0.0363426208496094 0.00982284545898438
0.0219268798828125 0.0664253234863281 -0.0333347320556641 -0.0346240997314453
-0.0239181518554688 0.0867462158203125 -0.00407218933105469 -0.0264167785644531
-0.0626449584960938 0.08160400390625 -0.0157384872436523 0.00913238525390625
-0.082977294921875 0.0474319458007813 0.031341552734375 0.0813980102539063
-0.0540008544921875 0.075042724609375 0.00907897949218749 0.0985336303710938
-0.0113067626953125 0.0736312866210938 0.0355606079101563 0.0843582153320313
0.0338287353515625 0.0654525756835938 0.0665969848632813 0.0589141845703125
0.0571327209472656 0.0296249389648438 0.0685386657714844 0.0157089233398438
0.0666351318359375 -0.0161552429199219 0.0593948364257813 -0.0177421569824219
0.0523567199707031 -0.0388526916503906 0.037261962890625 -0.0146446228027344
0.046051025390625 -0.0326957702636719 0.0239334106445313 -0.000381469726562502
0.0496368408203125 -0.0383644104003906 0.0183181762695313 0.0208969116210937
0.0602493286132813 -0.02606201171875 0.00519180297851563 0.0335235595703125
0.061798095703125 0.00683975219726563 -0.0206298828125 0.0354423522949219
0.0527915954589844 0.0360946655273438 -0.03515625 0.0165557861328125
0.0130348205566406 0.0649642944335938 -0.0329494476318359 -0.0181922912597656
-0.0335159301757813 0.07550048828125 -0.00996971130371094 0.000409126281738286
-0.0686683654785156 0.0648384094238281 -0.0363121032714844 0.0328216552734375
-0.0776443481445313 0.0175247192382812 -0.004241943359375 0.0954055786132813
-0.0684280395507813 0.0486297607421875 -0.0208740234375 0.113533020019531
-0.0327072143554688 0.064666748046875 0.0193710327148438 0.0936279296875
0.0154037475585937 0.0718536376953125 0.0473213195800781 0.0633201599121094
0.0488815307617188 0.0428733825683594 0.0475807189941406 0.0212669372558594
0.070892333984375 -0.0005340576171875 0.0389289855957031 -0.00362396240234375
0.0603713989257812 -0.0293922424316406 0.0182876586914063 0.00480842590332031
0.0514106750488281 -0.0263214111328125 0.00918769836425782 0.0187034606933594
0.0571250915527344 -0.0306396484375 0.00386047363281251 0.0354385375976563
0.0643272399902344 -0.0169525146484375 -0.007293701171875 0.0416259765625
0.0604591369628906 0.0147171020507812 -0.0270423889160156 0.0387077331542969
0.0459136962890625 0.043243408203125 -0.035919189453125 0.0188789367675781
-0.000762939453125006 0.0626602172851563 -0.0286769866943359 -0.00788497924804687
-0.0457611083984375 0.0591049194335937 -0.0140781402587891 0.0184516906738281
-0.073760986328125 0.0396652221679687 -0.0565376281738281 0.0477447509765625
-0.0576667785644531 -0.0159263610839844 -0.0314102172851563 0.09698486328125
-0.063629150390625 0.0117263793945313 -0.0428085327148438 0.115234375
-0.0430183410644531 0.0365066528320313 0.00675201416015624 0.0932235717773438
-0.00839233398437499 0.0582656860351563 0.0308837890625 0.0580101013183594
0.0284271240234375 0.0466346740722656 0.0267066955566406 0.02001953125
0.0600013732910156 0.0145721435546875 0.0149154663085938 0.00620079040527344
0.0584945678710938 -0.0151596069335937 -0.0013580322265625 0.0195198059082031
0.0500106811523438 -0.015899658203125 -0.00644302368164063 0.0352325439453125
0.0563507080078125 -0.0205307006835938 -0.0114860534667969 0.0480384826660156
0.0625076293945313 -0.00688934326171875 -0.0224227905273438 0.0480613708496094
0.0545234680175781 0.02239990234375 -0.0371246337890625 0.0385475158691406
0.0361709594726562 0.0482368469238281 -0.0396347045898438 0.0160484313964844
-0.0150833129882813 0.0582695007324219 -0.0284328460693359 -0.00443649291992187
-0.0567550659179688 0.0387153625488281 -0.0232505798339844 0.02862548828125
-0.0738601684570312 0.00820159912109374 -0.0768585205078125 0.0514984130859375
-0.026123046875 -0.0460891723632813 -0.044158935546875 0.087310791015625
-0.0415229797363281 -0.0257110595703125 -0.0493927001953125 0.106361389160156
-0.03985595703125 -0.000549316406250005 0.00286102294921874 0.0861282348632813
-0.0274105072021484 0.0309276580810547 0.022491455078125 0.0473213195800781
0.00345230102539063 0.0390586853027344 0.0127410888671875 0.011042594909668
0.0376091003417969 0.0256233215332031 -0.00519466400146484 0.00861883163452148
0.0466766357421875 0.00337982177734375 -0.0193576812744141 0.0293483734130859
0.04095458984375 -0.00371551513671875 -0.0219535827636719 0.0466194152832031
0.0468177795410156 -0.0072021484375 -0.0269508361816406 0.0579566955566406
0.0523300170898438 0.00243759155273438 -0.0399627685546875 0.0524787902832031
0.0422439575195313 0.0261917114257813 -0.0507278442382813 0.037353515625
0.0233383178710938 0.0476608276367187 -0.0472908020019531 0.0113029479980469
-0.0272865295410156 0.0490074157714844 -0.0333347320556641 -0.00444602966308593
-0.0622444152832031 0.0140228271484375 -0.0357742309570313 0.0289382934570313
-0.0644645690917969 -0.0233345031738281 -0.0949172973632812 0.0440444946289063
0.0281333923339844 0.0515174865722656 0.0986328125 -0.0401992797851562
0.0628547668457031 0.00300216674804688 0.050628662109375 -0.0156593322753906
0.0277099609375 -0.0392646789550781 0.0388031005859375 0.00940704345703125
-0.00641632080078125 -0.0410614013671875 0.0655975341796875 0.000274658203124998
-0.0256252288818359 -0.0255260467529297 0.071502685546875 -0.0309600830078125
-0.0428390502929688 -0.00808334350585937 0.0543746948242188 -0.0601539611816406
-0.0349273681640625 -0.0010223388671875 0.0394439697265625 -0.0696868896484375
-0.0293807983398438 -0.00523948669433594 0.0319633483886719 -0.0542449951171875
-0.0367851257324219 -0.0172653198242188 0.0304298400878906 -0.0328273773193359
-0.0149154663085938 -0.0355873107910156 0.0202388763427734 -0.0121231079101563
0.0188217163085937 -0.0358314514160156 -0.00875234603881836 -0.00669193267822266
0.0379409790039063 -0.0150032043457031 -0.0196399688720703 -0.0322227478027344
0.0421028137207031 0.030517578125 0.0035247802734375 -0.0837478637695313
0.0256195068359375 0.0636138916015625 0.041900634765625 -0.101776123046875
-0.0048980712890625 0.0705184936523438 0.0448837280273438 -0.0709686279296875
-0.00312042236328126 0.0716400146484375 0.105056762695313 -0.0162200927734375
0.0462913513183594 0.0378913879394531 0.0581245422363281 0.00432968139648438
0.032745361328125 -0.00897407531738281 0.0483665466308594 0.0221748352050781
0.0147724151611328 -0.0202980041503906 0.0776290893554688 0.01220703125
-0.000225067138671875 -0.0210189819335938 0.084014892578125 -0.0242843627929688
-0.0165767669677734 -0.0207195281982422 0.0689582824707031 -0.0605697631835938
-0.0139541625976563 -0.0200080871582031 0.0513420104980469 -0.0692329406738281
-0.00895500183105469 -0.0201797485351563 0.0399398803710938 -0.0525741577148438
-0.0107765197753906 -0.0311317443847656 0.0370674133300781 -0.0269050598144531
0.0119705200195313 -0.0370292663574219 0.026275634765625 -0.00329208374023438
0.0402870178222656 -0.0231971740722656 -0.00766181945800781 0.00537681579589843
0.0510177612304687 0.00661087036132812 -0.0251846313476562 -0.0172958374023438
0.0340156555175781 0.0547599792480469 -0.0126876831054687 -0.0708694458007813
0.00242614746093749 0.0865631103515625 0.02508544921875 -0.0835189819335938
-0.0315628051757813 0.08819580078125 0.0304908752441406 -0.0476875305175781
-0.0393905639648437 0.0829849243164063 0.0979766845703125 0.017913818359375
0.0156021118164063 0.0695991516113281 0.0564537048339844 0.0347633361816406
0.0287361145019531 0.0288009643554688 0.0533180236816406 0.0416946411132813
0.034149169921875 0.00855445861816406 0.0857086181640625 0.027374267578125
0.0287322998046875 -0.00993919372558594 0.0911331176757813 -0.0130386352539063
0.015380859375 -0.0296344757080078 0.076690673828125 -0.0537261962890625
0.0108375549316406 -0.0361175537109375 0.0561599731445312 -0.0597763061523437
0.0137653350830078 -0.0314769744873047 0.0415573120117188 -0.042144775390625
0.0149078369140625 -0.0409317016601563 0.037200927734375 -0.0157127380371094
0.0349502563476563 -0.0372886657714844 0.0250892639160156 0.00779914855957031
0.0555534362792969 -0.0126304626464844 -0.00957393646240234 0.0175342559814453
0.0594596862792969 0.0202140808105469 -0.0308666229248047 -0.00244712829589843
0.0308609008789063 0.0673866271972656 -0.0271720886230469 -0.0527687072753906
-0.01123046875 0.0977859497070313 0.0082855224609375 -0.0578041076660156
-0.0499420166015625 0.0963821411132813 0.00991249084472656 -0.0199031829833984
-0.0712661743164063 0.077911376953125 0.0750274658203125 0.0529937744140625
-0.0225601196289062 0.0878143310546875 0.0409126281738281 0.0693283081054688
0.0137252807617187 0.0638427734375 0.0512237548828125 0.0646476745605469
0.0450325012207031 0.0426750183105469 0.0835037231445313 0.0454635620117187
0.0524559020996094 0.00904083251953125 0.0871810913085938 0.001556396484375
0.046875 -0.0296440124511719 0.0743637084960938 -0.039886474609375
0.0354804992675781 -0.0458984375 0.0522308349609375 -0.0414924621582031
0.0347251892089844 -0.038330078125 0.0362625122070313 -0.0250663757324219
0.037017822265625 -0.0452995300292969 0.0314655303955078 -0.00025749206542969
0.0526924133300781 -0.0350570678710938 0.0188579559326172 0.0186328887939453
0.0641288757324219 -0.00431060791015625 -0.0127487182617187 0.0274009704589844
0.0623207092285156 0.0293502807617187 -0.0319690704345703 0.00985145568847656
0.02618408203125 0.0713119506835938 -0.0326328277587891 -0.0340633392333984
-0.020965576171875 0.0963897705078125 -0.00189208984375 -0.0279331207275391
-0.0625 0.0922698974609375 -0.0120716094970703 0.00919628143310547
-0.0891647338867188 0.0568008422851563 0.0403289794921875 0.08245849609375
-0.0558242797851562 0.0841445922851563 0.01470947265625 0.0994949340820313
-0.0107040405273438 0.0812759399414063 0.0391387939453125 0.08477783203125
0.0398521423339844 0.0702133178710937 0.0711288452148438 0.0588607788085938
0.0637931823730469 0.0300369262695313 0.0719375610351563 0.0142059326171875
0.0705490112304688 -0.0205917358398438 0.061065673828125 -0.0226058959960938
0.0538749694824219 -0.0456123352050781 0.0386238098144531 -0.0194473266601563
0.0489273071289063 -0.0386199951171875 0.0247707366943359 -0.00361061096191406
0.0536880493164063 -0.044189453125 0.0193195343017578 0.0167694091796875
0.0645484924316406 -0.0311241149902344 0.00854110717773438 0.0302963256835937
0.0687980651855469 0.00431442260742187 -0.0173931121826172 0.0341835021972656
0.059967041015625 0.0372238159179687 -0.0324344635009766 0.0173778533935547
0.016571044921875 0.0710983276367188 -0.0314922332763672 -0.0180797576904297
-0.0325775146484375 0.0858383178710938 -0.00680112838745117 -0.000207424163818353
-0.0715255737304688 0.07623291015625 -0.0326976776123047 0.0350456237792969
-0.0873260498046875 0.0253219604492188 0.00232696533203125 0.100845336914063
-0.0737457275390625 0.0578460693359375 -0.0162277221679688 0.117965698242188
-0.0351943969726563 0.0738143920898437 0.022796630859375 0.095367431640625
0.0200729370117188 0.0799789428710938 0.0508155822753906 0.0642890930175781
0.05615234375 0.0452766418457031 0.0498504638671875 0.0212326049804688
0.0771942138671875 -0.00560760498046875 0.0394706726074219 -0.00611114501953125
0.0639572143554688 -0.0369834899902344 0.0199108123779297 0.00315475463867187
0.0549850463867188 -0.0328788757324219 0.00923824310302735 0.0172138214111328
0.0603981018066406 -0.0380744934082031 0.00536918640136719 0.0339088439941406
0.0704345703125 -0.023712158203125 -0.00556564331054687 0.0399818420410156
0.0679893493652344 0.0124740600585938 -0.0250587463378906 0.0380630493164063
0.0536308288574219 0.0452651977539063 -0.0338096618652344 0.0183086395263672
0.00249099731445313 0.070037841796875 -0.0278110504150391 -0.00867843627929688
-0.0477371215820313 0.0688514709472656 -0.0115528106689453 0.0202064514160156
-0.07904052734375 0.049774169921875 -0.0553321838378906 0.0517921447753906
-0.0670509338378906 -0.0119209289550781 -0.027496337890625 0.104766845703125
-0.0702133178710938 0.0191001892089844 -0.0391006469726563 0.121185302734375
-0.04656982421875 0.0452041625976563 0.00925445556640625 0.0951385498046875
-0.00543212890625 0.0662040710449219 0.0326385498046875 0.0592193603515625
0.0354042053222656 0.0499229431152344 0.0270175933837891 0.0200977325439453
0.0674171447753906 0.0107574462890625 0.0152177810668945 0.00519084930419922
0.0616111755371094 -0.0218544006347656 -0.000896453857421871 0.0208511352539063
0.0538406372070312 -0.0229377746582031 -0.00637435913085937 0.0362586975097656
0.0603179931640625 -0.0279159545898437 -0.0111503601074219 0.0492477416992188
0.0679359436035156 -0.0136642456054688 -0.0229339599609375 0.0488967895507813
0.0618476867675781 0.0194129943847656 -0.037445068359375 0.0387535095214844
0.04351806640625 0.0497817993164063 -0.0394935607910156 0.015869140625
-0.0126152038574219 0.0664901733398438 -0.0275936126708984 -0.00398635864257812
-0.0602455139160156 0.0483589172363281 -0.020599365234375 0.0313072204589844
-0.0809707641601563 0.01666259765625 -0.077789306640625 0.0575942993164063
-0.0349006652832031 -0.0462112426757812 -0.0430450439453125 0.0963211059570313
-0.0499038696289062 -0.0229988098144531 -0.04852294921875 0.113433837890625
-0.0453605651855469 0.00556182861328125 0.00495147705078125 0.0872802734375
-0.0262260437011719 0.0387763977050781 0.0222892761230469 0.0478858947753906
0.00858688354492187 0.043060302734375 0.0116567611694336 0.0126962661743164
0.044647216796875 0.0230560302734375 -0.00743675231933593 0.0103845596313477
0.0504035949707031 -0.00359344482421875 -0.0208740234375 0.0328292846679688
0.0440139770507812 -0.008087158203125 -0.022216796875 0.0503768920898437
0.0509033203125 -0.0139274597167969 -0.0263252258300781 0.0614662170410156
0.0566062927246094 -0.0020751953125 -0.0407180786132813 0.0556373596191406
0.0494956970214844 0.0243797302246094 -0.0519371032714844 0.0391273498535156
0.0302238464355469 0.0493354797363281 -0.0483627319335938 0.0119132995605469
-0.02532958984375 0.0553016662597656 -0.0327377319335938 -0.00473785400390624
-0.0658035278320313 0.0223541259765625 -0.0350246429443359 0.0336074829101562
-0.0732345581054688 -0.0179519653320312 -0.0994186401367188 0.05242919921875
0.0345191955566406 0.0489730834960938 0.100250244140625 -0.0512542724609375
0.0648345947265625 -0.0046539306640625 0.0500450134277344 -0.0221748352050781
0.0243110656738281 -0.0433273315429687 0.03887939453125 0.0078582763671875
-0.0123367309570313 -0.041107177734375 0.0690422058105469 -0.0025787353515625
-0.0312328338623047 -0.0234394073486328 0.074981689453125 -0.0356521606445313
-0.0457038879394531 -0.00183868408203126 0.0555000305175781 -0.0670509338378906
-0.0357933044433594 0.00414276123046875 0.0379867553710937 -0.0778427124023438
-0.0308933258056641 -0.000946044921875005 0.0289878845214844 -0.0620269775390625
-0.0397300720214844 -0.0107841491699219 0.0283317565917969 -0.0400543212890625
-0.0204200744628906 -0.0336437225341797 0.02325439453125 -0.0176372528076172
0.0146598815917969 -0.0390434265136719 -0.00505638122558594 -0.00837802886962891
0.0378341674804688 -0.0207443237304688 -0.0185146331787109 -0.0328426361083984
0.0478019714355469 0.0251579284667969 0.000968933105468745 -0.084564208984375
0.0360870361328125 0.0624923706054688 0.0381393432617188 -0.108535766601562
0.00434112548828124 0.0731964111328125 0.0458450317382812 -0.0801544189453125
0.0015869140625 0.0748138427734375 0.11126708984375 -0.0260391235351563
0.0502395629882813 0.0344657897949219 0.0594406127929688 -0.00336456298828125
0.0313606262207031 -0.0108718872070313 0.0495109558105469 0.0213546752929688
0.0124073028564453 -0.0216636657714844 0.0814590454101562 0.00891876220703125
-0.00240516662597656 -0.0208530426025391 0.0874786376953125 -0.03106689453125
-0.0182838439941406 -0.0181961059570313 0.0697441101074219 -0.0693244934082031
-0.0151939392089844 -0.0180492401123047 0.04925537109375 -0.078399658203125
-0.0100383758544922 -0.0186100006103516 0.0375137329101562 -0.0616645812988281
-0.0136909484863281 -0.0295009613037109 0.037506103515625 -0.0349693298339844
0.00933837890625 -0.038787841796875 0.0295047760009766 -0.0108356475830078
0.0393180847167969 -0.027618408203125 -0.00403404235839843 0.00337958335876465
0.0531845092773437 0.00213623046875 -0.0219936370849609 -0.0174293518066406
0.0415534973144531 0.0530891418457031 -0.0157089233398438 -0.0707244873046875
0.0123672485351562 0.0898590087890625 0.0227203369140625 -0.0884933471679688
-0.0235137939453125 0.0957794189453125 0.0315933227539063 -0.0551071166992187
-0.0356826782226562 0.0901260375976562 0.106781005859375 0.00804138183593751
0.0201873779296875 0.0711212158203125 0.0597457885742188 0.0288772583007813
0.0304889678955078 0.029998779296875 0.0571479797363281 0.0393104553222656
0.0364532470703125 0.00836944580078125 0.0913009643554688 0.0231399536132813
0.0300312042236328 -0.0107822418212891 0.09478759765625 -0.0194473266601563
0.0147933959960938 -0.0289115905761719 0.0779953002929688 -0.0627670288085938
0.00917434692382813 -0.0370292663574219 0.0549392700195312 -0.0695953369140625
0.0133094787597656 -0.0344390869140625 0.040374755859375 -0.0515594482421875
0.0140647888183594 -0.0420494079589844 0.03765869140625 -0.0245704650878906
0.0338821411132813 -0.0407562255859375 0.0281448364257813 -0.000137329101562502
0.0570182800292969 -0.0171966552734375 -0.00432109832763671 0.0146493911743164
0.0639457702636719 0.0159530639648438 -0.0258083343505859 -0.00177955627441406
0.0394554138183594 0.0689926147460938 -0.028656005859375 -0.0522613525390625
-0.00345611572265624 0.104324340820312 0.00603485107421876 -0.0615501403808594
-0.044158935546875 0.107444763183594 0.0134391784667969 -0.0238990783691406
-0.0722503662109375 0.0872344970703125 0.0860671997070313 0.047821044921875
-0.0182266235351562 0.0960159301757813 0.0484237670898438 0.064971923828125
0.0162239074707031 0.066802978515625 0.0558357238769531 0.0638236999511719
0.0505867004394531 0.0437965393066406 0.0904006958007813 0.0414199829101563
0.0570907592773438 0.00598526000976562 0.0911865234375 -0.005035400390625
0.0490226745605469 -0.0341148376464844 0.0758056640625 -0.0495452880859375
0.0340538024902344 -0.0505218505859375 0.0519752502441406 -0.0516242980957031
0.0342025756835938 -0.0433387756347656 0.0350246429443359 -0.0326805114746094
0.0372123718261719 -0.0510826110839844 0.0325489044189453 -0.00750923156738282
0.0532150268554687 -0.0413017272949219 0.0214881896972656 0.0122699737548828
0.0685462951660156 -0.00899505615234375 -0.00833892822265625 0.0247173309326172
0.0690841674804688 0.0266990661621094 -0.0285491943359375 0.00970077514648437
0.0328826904296875 0.0742263793945313 -0.0333251953125 -0.0329189300537109
-0.0147018432617188 0.105178833007813 -0.000297546386718753 -0.0311012268066406
-0.0583877563476563 0.103492736816406 -0.00754451751708985 0.00970458984375001
-0.09222412109375 0.0690231323242188 0.0503005981445312 0.0826339721679688
-0.055999755859375 0.0966262817382812 0.022308349609375 0.0998382568359375
-0.00676727294921876 0.0891571044921875 0.0440750122070312 0.08428955078125
0.0481796264648438 0.07330322265625 0.0771713256835938 0.0584640502929688
0.0713577270507813 0.0285797119140625 0.0770187377929688 0.0088348388671875
0.0727615356445312 -0.0277862548828125 0.0626373291015625 -0.0287017822265625
0.0546226501464844 -0.0522842407226563 0.0400581359863281 -0.0244789123535156
0.0496063232421875 -0.0461044311523438 0.0250473022460938 -0.0086822509765625
0.0538787841796875 -0.0537033081054688 0.0209903717041016 0.0120086669921875
0.0665397644042969 -0.0392227172851563 0.0101947784423828 0.0269641876220703
0.0750808715820313 -0.00025177001953125 -0.0141429901123047 0.0332221984863281
0.0681228637695313 0.036376953125 -0.0290641784667969 0.0162353515625
0.0227890014648438 0.0759506225585938 -0.0300579071044922 -0.0198516845703125
-0.0284805297851563 0.0961837768554688 -0.00355982780456543 -0.00086903572082519
-0.0715484619140625 0.0890426635742188 -0.0296707153320313 0.0372390747070313
-0.09454345703125 0.0340194702148437 0.012939453125 0.104248046875
-0.0785903930664063 0.0710296630859375 -0.00852966308593752 0.123191833496094
-0.0324935913085938 0.0840911865234375 0.0273056030273438 0.096405029296875
0.0264053344726562 0.0847625732421875 0.056793212890625 0.0636367797851563
0.0661888122558594 0.0449104309082031 0.053619384765625 0.018463134765625
0.0817489624023438 -0.0125274658203125 0.0411872863769531 -0.0093231201171875
0.0670280456542969 -0.0461349487304688 0.0211200714111328 -0.000444412231445315
0.0570640563964844 -0.0418701171875 0.00995063781738281 0.0159902572631836
0.0615081787109375 -0.046905517578125 0.00787734985351563 0.0324592590332031
0.0737991333007813 -0.0315322875976563 -0.0046539306640625 0.0388526916503906
0.0756454467773437 0.00727081298828125 -0.0243110656738281 0.0374412536621094
0.0638275146484375 0.04449462890625 -0.0329971313476562 0.0172462463378906
0.008697509765625 0.0767364501953125 -0.0271148681640625 -0.00886154174804687
-0.0449447631835938 0.0811920166015625 -0.00580978393554688 0.0198421478271484
-0.0804290771484375 0.0619354248046875 -0.0524635314941406 0.0579719543457031
-0.0767440795898437 -0.00508880615234374 -0.0212020874023438 0.11346435546875
-0.0773162841796875 0.029083251953125 -0.0322799682617188 0.12860107421875
-0.0474967956542969 0.0544967651367188 0.0145492553710937 0.0958633422851563
0.00147247314453125 0.07421875 0.0368728637695312 0.0594749450683594
0.0442085266113281 0.0505142211914063 0.0272960662841797 0.0190658569335938
0.0739364624023438 0.00228118896484375 0.0145273208618164 0.00497055053710938
0.0648117065429688 -0.0308494567871094 -0.000373840332031245 0.0236530303955078
0.0548019409179688 -0.0316085815429688 -0.00501251220703125 0.0374374389648438
0.0615882873535156 -0.0379257202148438 -0.00896835327148437 0.0511970520019531
0.0718994140625 -0.0227127075195313 -0.0218544006347656 0.0496635437011719
0.0695228576660156 0.01458740234375 -0.0390968322753906 0.041107177734375
0.0530433654785156 0.0493316650390625 -0.0391998291015625 0.0172195434570312
-0.007049560546875 0.0735626220703125 -0.0270576477050781 -0.00503730773925781
-0.0613365173339844 0.0603599548339844 -0.0168037414550781 0.0338230133056641
-0.0848464965820313 0.0286865234375 -0.0763397216796875 0.0667495727539063
-0.0442962646484375 -0.0438957214355469 -0.0380172729492187 0.106239318847656
-0.0593109130859375 -0.0180892944335938 -0.042633056640625 0.122589111328125
-0.0490913391113281 0.0130767822265625 0.00947570800781249 0.0895538330078125
-0.0238304138183594 0.0470237731933594 0.0230331420898438 0.0489883422851562
0.0169410705566406 0.0449905395507813 0.00958538055419922 0.01324462890625
0.0523643493652344 0.0179519653320312 -0.00697040557861328 0.0140790939331055
0.0533370971679688 -0.011688232421875 -0.0187835693359375 0.0371055603027344
0.0460357666015625 -0.0171051025390625 -0.0209922790527344 0.0556640625
0.0524673461914062 -0.0230445861816406 -0.0246505737304688 0.0662651062011719
0.0604095458984375 -0.00931549072265625 -0.0414657592773437 0.0589675903320313
0.0577430725097656 0.0203285217285156 -0.0544471740722656 0.0415878295898438
0.0375251770019531 0.0474395751953125 -0.0504531860351563 0.013641357421875
-0.0205574035644531 0.0626945495605469 -0.0325736999511719 -0.00544548034667968
-0.0689277648925781 0.0324478149414062 -0.0314903259277344 0.0385627746582031
-0.0802536010742188 -0.010772705078125 -0.101295471191406 0.0647964477539063
0.0402374267578125 0.0438346862792969 0.0985641479492188 -0.066192626953125
0.0646743774414063 -0.0123977661132813 0.0453605651855469 -0.03009033203125
0.0176467895507813 -0.0480384826660156 0.0373649597167969 0.00830841064453125
-0.0180816650390625 -0.0383415222167969 0.0704345703125 -0.00684356689453125
-0.0348377227783203 -0.0186557769775391 0.072906494140625 -0.0434951782226563
-0.0460472106933594 0.00472259521484375 0.0513916015625 -0.073944091796875
-0.0330696105957031 0.0107498168945312 0.03240966796875 -0.0852508544921875
-0.0318164825439453 0.00226593017578125 0.0241050720214844 -0.0679702758789062
-0.0395736694335938 -0.00408554077148438 0.0257911682128906 -0.0456695556640625
-0.0262489318847656 -0.0304718017578125 0.0224742889404297 -0.024505615234375
0.005035400390625 -0.0424575805664063 -1.90734863281113E-06 -0.0104303359985352
0.0344886779785156 -0.0259647369384766 -0.0183315277099609 -0.0301189422607422
0.0534553527832031 0.0169486999511719 -0.00591278076171874 -0.0865020751953125
0.0445976257324219 0.0564689636230469 0.0282821655273438 -0.115219116210938
0.0147857666015625 0.0728912353515625 0.0410385131835938 -0.0873031616210938
0.00724029541015624 0.0773849487304688 0.111137390136719 -0.0396652221679687
0.0522422790527344 0.0284614562988281 0.0584716796875 -0.0122451782226562
0.0271739959716797 -0.0153751373291016 0.0503692626953125 0.0169639587402344
0.00937652587890625 -0.0210113525390625 0.084869384765625 0.0046539306640625
-0.00372505187988281 -0.0186786651611328 0.0882568359375 -0.038543701171875
-0.0197391510009766 -0.0135746002197266 0.0661392211914063 -0.0767440795898438
-0.0144634246826172 -0.0157861709594727 0.0426025390625 -0.0871200561523438
-0.00941276550292969 -0.0179710388183594 0.0312614440917969 -0.0690536499023437
-0.0154533386230469 -0.0246143341064453 0.0328826904296875 -0.0436286926269531
0.00384140014648437 -0.039306640625 0.0296859741210937 -0.0186481475830078
0.0349197387695313 -0.0324916839599609 -0.000146582722663877 -0.000166788697242739
0.0532989501953125 -0.00512313842773437 -0.0217933654785156 -0.0169105529785156
0.0476570129394531 0.0462379455566406 -0.0174751281738281 -0.0696830749511719
0.0259475708007812 0.0898895263671875 0.0163116455078125 -0.0914993286132813
-0.01324462890625 0.0998077392578125 0.0313758850097656 -0.0613059997558594
-0.0314788818359375 0.094512939453125 0.113594055175781 -0.00566864013671874
0.0245208740234375 0.0704727172851563 0.0631027221679688 0.0186119079589844
0.0305843353271484 0.0293598175048828 0.0588569641113281 0.0359992980957031
0.0362319946289063 0.00734329223632813 0.0951461791992188 0.0176620483398438
0.0300273895263672 -0.0109062194824219 0.0949783325195313 -0.0281906127929688
0.0135116577148438 -0.0308837890625 0.0732345581054688 -0.0717849731445313
0.00884246826171875 -0.03619384765625 0.0482711791992188 -0.079803466796875
0.0130500793457031 -0.0367622375488281 0.0327949523925781 -0.0586128234863281
0.0108833312988281 -0.0447425842285156 0.0344562530517578 -0.0319480895996094
0.0308380126953125 -0.0446891784667969 0.0284137725830078 -0.00819206237792969
0.0563316345214844 -0.0232887268066406 0.000579833984375004 0.0106697082519531
0.067413330078125 0.0111579895019531 -0.0234260559082031 -0.00236320495605469
0.0463066101074219 0.0646438598632813 -0.0288352966308594 -0.0498619079589844
0.00775146484375 0.10711669921875 0.00455474853515626 -0.0650787353515625
-0.0347137451171875 0.113395690917969 0.0159378051757812 -0.02911376953125
-0.0669326782226563 0.0997772216796875 0.0959625244140625 0.0376434326171875
-0.0109024047851563 0.101913452148438 0.0540618896484375 0.0596733093261719
0.0228118896484375 0.0732345581054688 0.0603599548339844 0.0578575134277344
0.0578155517578125 0.0427970886230469 0.0961990356445313 0.0347518920898438
0.0614662170410156 0.00240707397460937 0.0939254760742188 -0.0129241943359375
0.0472297668457031 -0.0390434265136719 0.0709228515625 -0.0592269897460938
0.0311851501464844 -0.0562591552734375 0.0452156066894531 -0.0588912963867188
0.032257080078125 -0.050140380859375 0.0335121154785156 -0.0411224365234375
0.0320930480957031 -0.0562210083007813 0.0309734344482422 -0.0151195526123047
0.05322265625 -0.0505027770996094 0.0201759338378906 0.00497817993164062
0.0690574645996094 -0.016998291015625 -0.00366401672363281 0.02001953125
0.0732955932617188 0.0209579467773438 -0.0274791717529297 0.00724029541015626
0.0407028198242187 0.0743560791015625 -0.0329341888427734 -0.0321788787841797
-0.00440216064453124 0.112480163574219 -0.0010986328125 -0.0322647094726562
-0.0494918823242187 0.112625122070313 -0.0032191276550293 0.0055980682373047
-0.0903549194335938 0.0803146362304687 0.06439208984375 0.078704833984375
-0.0508651733398437 0.104515075683594 0.0307846069335937 0.0956039428710938
-0.00168609619140624 0.0959854125976563 0.0493621826171875 0.0817718505859375
0.0585708618164063 0.0716476440429688 0.0825042724609375 0.0521621704101563
0.0773086547851563 0.022064208984375 0.0789794921875 0.0023651123046875
0.0740509033203125 -0.0363235473632813 0.0583000183105469 -0.03741455078125
0.0501861572265625 -0.0625267028808594 0.03857421875 -0.030731201171875
0.0480995178222656 -0.0520515441894531 0.0232505798339844 -0.014129638671875
0.0515022277832031 -0.0632476806640625 0.0190181732177734 0.00444793701171875
0.06695556640625 -0.0487594604492188 0.0138740539550781 0.0203781127929687
0.0796585083007813 -0.006744384765625 -0.0119590759277344 0.0322055816650391
0.0734024047851563 0.0295944213867188 -0.0255126953125 0.0161266326904297
0.0328521728515625 0.07733154296875 -0.0305805206298828 -0.0177478790283203
-0.018035888671875 0.107955932617188 -0.00224637985229492 -0.000793218612670892
-0.0667648315429688 0.100196838378906 -0.0245742797851563 0.0374183654785156
-0.0965118408203125 0.048126220703125 0.0230636596679688 0.105232238769531
-0.0730056762695313 0.0839080810546875 0.0016632080078125 0.123977661132813
-0.0259323120117187 0.0939407348632813 0.0337677001953125 0.0941314697265625
0.0367202758789062 0.0878982543945313 0.0575904846191406 0.0608062744140625
0.0760040283203125 0.0383224487304688 0.0539321899414063 0.0137176513671875
0.08587646484375 -0.0233917236328125 0.0371017456054688 -0.0130958557128906
0.0617179870605469 -0.0566062927246094 0.0213050842285156 -0.00100326538085938
0.0568008422851563 -0.0488471984863281 0.0125885009765625 0.0126247406005859
0.0611038208007812 -0.0610809326171875 0.00634384155273438 0.0307598114013672
0.06976318359375 -0.0429191589355469 -0.00418472290039062 0.0366325378417969
0.0826950073242188 -0.0004119873046875 -0.0205917358398437 0.0369186401367188
0.0702972412109375 0.0382308959960938 -0.028717041015625 0.0194053649902344
0.0187530517578125 0.0810775756835938 -0.0261592864990234 -0.00768280029296874
-0.0387496948242188 0.0924072265625 -0.0037689208984375 0.0196113586425781
-0.0797576904296875 0.0732879638671875 -0.0479698181152344 0.0624961853027344
-0.080078125 0.00563812255859375 -0.00807952880859375 0.116363525390625
-0.0777053833007812 0.0385665893554688 -0.0212631225585937 0.131309509277344
-0.0441970825195313 0.0655479431152344 0.0210418701171875 0.0960235595703125
0.0121612548828125 0.0789642333984375 0.0397796630859375 0.0571746826171875
0.0533065795898438 0.0464439392089844 0.0288486480712891 0.0172843933105469
0.0782928466796875 -0.00653076171875 0.0146312713623047 0.00419521331787109
0.0634613037109375 -0.0404434204101563 0.000478744506835944 0.0218772888183594
0.0523757934570313 -0.0429649353027344 -0.00270080566406249 0.0421409606933594
0.0605278015136719 -0.0472030639648438 -0.00674057006835937 0.0510826110839844
0.07421875 -0.034088134765625 -0.0169601440429688 0.0486679077148438
0.0746002197265625 0.00632476806640625 -0.0371208190917969 0.0415687561035156
0.0611572265625 0.0448989868164062 -0.038177490234375 0.0189590454101562
-0.000175476074218755 0.0770416259765625 -0.0255546569824219 -0.00596046447753905
-0.0569534301757812 0.0729904174804688 -0.0109310150146484 0.0335674285888672
-0.0868301391601563 0.04156494140625 -0.0727691650390625 0.0756378173828125
-0.0512428283691406 -0.0407600402832031 -0.0306472778320312 0.111274719238281
-0.0647659301757813 -0.00807952880859376 -0.03057861328125 0.126449584960938
-0.0500640869140625 0.0203132629394531 0.0130538940429688 0.088104248046875
-0.01654052734375 0.0533256530761719 0.0250892639160156 0.0481147766113281
0.0243797302246094 0.0443382263183594 0.00914573669433594 0.0136747360229492
0.0575103759765625 0.0121803283691406 -0.00869369506835937 0.0153875350952148
0.0529022216796875 -0.019775390625 -0.0164909362792969 0.0393218994140625
0.04345703125 -0.0222587585449219 -0.0156898498535156 0.0618820190429688
0.0493850708007813 -0.0268898010253906 -0.0202980041503906 0.0697059631347656
0.0593986511230469 -0.0216445922851563 -0.0394973754882812 0.0629768371582031
0.0587997436523437 0.0135307312011719 -0.0530014038085938 0.0472984313964844
0.0445175170898438 0.044952392578125 -0.0521240234375 0.0157432556152344
-0.013916015625 0.0678634643554687 -0.0317268371582031 -0.00532341003417968
-0.0654067993164063 0.0439720153808594 -0.0279159545898438 0.0430793762207031
-0.0847244262695313 0.00151824951171877 -0.0975418090820312 0.0734634399414063
0.0444221496582031 0.039215087890625 0.092681884765625 -0.0734481811523438
0.0602493286132813 -0.0214500427246094 0.0394325256347656 -0.0329475402832031
0.013031005859375 -0.04864501953125 0.0388069152832031 0.00577926635742187
-0.0237312316894531 -0.0371131896972656 0.0683784484863281 -0.0100173950195313
-0.0366859436035156 -0.0144462585449219 0.071380615234375 -0.0479660034179688
-0.0445404052734375 0.0118217468261719 0.0478057861328125 -0.0778884887695313
-0.03240966796875 0.0134677886962891 0.025146484375 -0.08721923828125
-0.0289516448974609 0.00735282897949219 0.0176315307617187 -0.0714263916015625
-0.0407295227050781 0.00116729736328125 0.021759033203125 -0.0508384704589844
-0.0286407470703125 -0.0254650115966797 0.0209636688232422 -0.0292301177978516
0.00121307373046875 -0.0410804748535156 -0.000524520874023437 -0.0142173767089844
0.0290565490722656 -0.0290946960449219 -0.0157184600830078 -0.0319747924804688
0.053741455078125 0.0116653442382813 -0.00798797607421875 -0.0819778442382812
0.0514717102050781 0.0506095886230469 0.02215576171875 -0.114395141601563
0.0238304138183594 0.0672149658203125 0.035125732421875 -0.094482421875
0.0131912231445313 0.0733642578125 0.107658386230469 -0.0524215698242187
0.0512351989746094 0.0234031677246094 0.0539512634277344 -0.0169677734375
0.0257320404052734 -0.0154018402099609 0.0475616455078125 0.01519775390625
0.00638961791992187 -0.0206241607666016 0.0832901000976563 -0.0017547607421875
-0.00650882720947266 -0.0161113739013672 0.084625244140625 -0.0450592041015625
-0.0187320709228516 -0.00991630554199219 0.0591278076171875 -0.0825424194335938
-0.0155963897705078 -0.0135316848754883 0.0345001220703125 -0.0926589965820313
-0.0102767944335938 -0.0162172317504883 0.0254440307617188 -0.0733642578125
-0.0163459777832031 -0.0232677459716797 0.0282821655273438 -0.04888916015625
0.00115966796875 -0.0366592407226563 0.0272579193115234 -0.0247230529785156
0.030120849609375 -0.0335750579833984 0.00198698043823242 -0.00460052490234375
0.0513687133789063 -0.00853347778320313 -0.0167064666748047 -0.0180568695068359
0.05120849609375 0.0434799194335938 -0.0209083557128906 -0.0666465759277344
0.0304336547851563 0.084808349609375 0.0101776123046875 -0.0942459106445313
-0.00335693359375 0.0986099243164063 0.0286140441894531 -0.0674209594726563
-0.0222549438476562 0.0975265502929688 0.10980224609375 -0.0172119140625
0.029144287109375 0.0675888061523437 0.0605239868164063 0.0121078491210938
0.0319900512695313 0.0273151397705078 0.0573844909667969 0.0319709777832031
0.0370979309082031 0.00481033325195313 0.0940704345703125 0.0113372802734375
0.0291023254394531 -0.0130748748779297 0.0929641723632813 -0.0353012084960938
0.0118885040283203 -0.0295810699462891 0.0670547485351563 -0.0776290893554688
0.0059051513671875 -0.0395278930664063 0.0414581298828125 -0.0842361450195313
0.0102806091308594 -0.0367393493652344 0.0276870727539063 -0.0640335083007813
0.00727462768554687 -0.0438499450683594 0.0294990539550781 -0.0385169982910156
0.0269927978515625 -0.0467147827148438 0.0269050598144531 -0.0142593383789063
0.0540847778320313 -0.0276756286621094 0.00104331970214844 0.00615501403808594
0.0668716430664063 0.00528717041015625 -0.0197982788085937 -0.00505256652832031
0.050048828125 0.0622825622558594 -0.0304489135742187 -0.0474815368652344
0.0182952880859375 0.1060791015625 0.000797271728515623 -0.0643653869628906
-0.0230026245117188 0.115081787109375 0.0144596099853516 -0.0334701538085937
-0.0604629516601562 0.106208801269531 0.0956039428710938 0.0264434814453125
-0.00374603271484376 0.102386474609375 0.0554428100585938 0.0511245727539063
0.0269927978515625 0.0710906982421875 0.0592308044433594 0.0543136596679688
0.0618247985839844 0.0376129150390625 0.09539794921875 0.0288467407226563
0.0616455078125 -0.000823974609375 0.09014892578125 -0.02020263671875
0.0438957214355469 -0.0422172546386719 0.0659942626953125 -0.063385009765625
0.0280838012695313 -0.0580596923828125 0.0407066345214844 -0.0647125244140625
0.0289268493652344 -0.0525093078613281 0.0257911682128906 -0.0440101623535156
0.0299148559570313 -0.060272216796875 0.0258007049560547 -0.0202713012695313
0.04827880859375 -0.0537681579589844 0.0216426849365234 -0.00143051147460938
0.070831298828125 -0.0232925415039063 -0.00189113616943359 0.0162467956542969
0.0765457153320313 0.0144577026367188 -0.0208740234375 0.00779342651367188
0.0479736328125 0.0720367431640625 -0.0330047607421875 -0.0297088623046875
0.00484466552734375 0.112556457519531 -0.00304985046386719 -0.0336360931396484
-0.0410385131835938 0.118385314941406 -0.000560998916625979 0.00348210334777833
-0.0859756469726563 0.0927200317382813 0.0688858032226562 0.0680809020996094
-0.0408096313476563 0.110176086425781 0.0377960205078125 0.089599609375
0.00579071044921875 0.0986480712890625 0.0521621704101563 0.0750274658203125
0.0655517578125 0.0690879821777344 0.0833206176757812 0.0452041625976563
0.081634521484375 0.0158767700195313 0.0761489868164063 -0.002532958984375
0.0703811645507813 -0.0409622192382812 0.0554466247558594 -0.0405464172363281
0.0453758239746094 -0.06512451171875 0.0336380004882813 -0.0359535217285156
0.0435791015625 -0.0597686767578125 0.0202693939208984 -0.0166282653808594
0.0463447570800781 -0.0667686462402344 0.0186023712158203 0.00198745727539062
0.0625190734863281 -0.056884765625 0.0115280151367188 0.0162534713745117
0.0788497924804688 -0.0162353515625 -0.00989723205566406 0.0256137847900391
0.0802383422851563 0.0224990844726563 -0.0230922698974609 0.0141620635986328
0.0389022827148437 0.0790252685546875 -0.0298519134521484 -0.0172786712646484
-0.01092529296875 0.10931396484375 -0.000757217407226563 -0.00635099411010742
-0.0564346313476563 0.106468200683594 -0.0168190002441406 0.0356178283691406
-0.0952682495117188 0.058624267578125 0.0323562622070312 0.0991363525390625
-0.0684127807617187 0.0917587280273438 0.0113449096679687 0.120002746582031
-0.01873779296875 0.09906005859375 0.0372314453125 0.0904159545898438
0.0480117797851563 0.0849533081054688 0.0631752014160156 0.0565643310546875
0.0790328979492187 0.0345077514648437 0.0527725219726563 0.0112800598144531
0.0823974609375 -0.0311355590820313 0.0357246398925781 -0.017364501953125
0.0577125549316406 -0.06341552734375 0.0206527709960938 -0.00515556335449219
0.0513153076171875 -0.05767822265625 0.010075569152832 0.0116662979125977
0.0535507202148438 -0.066680908203125 0.00745582580566407 0.0261573791503906
0.070648193359375 -0.051483154296875 -0.00211715698242187 0.0343360900878906
0.0824356079101563 -0.00974273681640625 -0.0207691192626953 0.0350685119628906
0.07666015625 0.0326766967773438 -0.0283279418945312 0.0166034698486328
0.02459716796875 0.0798721313476563 -0.0260391235351562 -0.00939178466796875
-0.0301055908203125 0.0985946655273438 -0.000169754028320315 0.0171394348144531
-0.0715484619140625 0.0842208862304688 -0.0388526916503906 0.06439208984375
-0.0821533203125 0.0143585205078125 -0.000686645507812496 0.116950988769531
-0.0750732421875 0.0497589111328125 -0.011749267578125 0.131454467773438
-0.0406417846679688 0.0723190307617187 0.023468017578125 0.0914382934570313
0.0199737548828125 0.0809478759765625 0.0413475036621094 0.0553169250488281
0.059356689453125 0.0418701171875 0.0286502838134766 0.0174293518066406
0.077117919921875 -0.0145492553710938 0.012516975402832 0.00506401062011719
0.0587387084960938 -0.0490074157714844 0.00415802001953125 0.0232315063476563
0.0496978759765625 -0.0462226867675781 -0.000431060791015626 0.0382843017578125
0.0543746948242188 -0.0545730590820313 -0.00423049926757813 0.0511817932128906
0.0690650939941406 -0.0422248840332031 -0.0179786682128906 0.0503273010253906
0.0773162841796875 -0.001373291015625 -0.035247802734375 0.0424690246582031
0.0679779052734375 0.0381240844726563 -0.0375862121582031 0.0177536010742188
0.00881958007812501 0.0783309936523437 -0.0252971649169922 -0.0056915283203125
-0.0488433837890625 0.079986572265625 -0.00702476501464844 0.0345573425292969
-0.0817947387695313 0.0507659912109375 -0.0632095336914063 0.078460693359375
-0.0590705871582031 -0.0313720703125 -0.022064208984375 0.11669921875
-0.0654106140136719 0.000991821289062497 -0.0232620239257813 0.127372741699219
-0.0499382019042969 0.0303535461425781 0.0186920166015625 0.0845794677734375
-0.0103836059570313 0.0550346374511719 0.02508544921875 0.0464630126953125
0.0309181213378906 0.0424728393554688 0.00883674621582032 0.0170927047729492
0.0564918518066406 0.00164794921875 -0.00742912292480468 0.0188827514648438
0.050689697265625 -0.0266609191894531 -0.0127410888671875 0.0451316833496094
0.043121337890625 -0.0305366516113281 -0.0115737915039063 0.0601921081542969
0.0483207702636719 -0.0370292663574219 -0.0150833129882812 0.0717086791992188
0.0588836669921875 -0.0279769897460938 -0.0341682434082031 0.0656890869140625
0.0625228881835938 0.00567626953125 -0.0506553649902344 0.0474472045898438
0.0514373779296875 0.0405769348144531 -0.0478019714355469 0.0181655883789063
-0.00592422485351563 0.0671958923339844 -0.0309104919433594 -0.00408554077148437
-0.0615692138671875 0.0525016784667969 -0.0201873779296875 0.0432701110839844
-0.0822296142578125 0.00986480712890623 -0.0900955200195313 0.0826797485351563
0.0451736450195313 0.0341567993164063 0.0869293212890625 -0.0765762329101563
0.0550994873046875 -0.0244712829589844 0.0352668762207031 -0.0337638854980469
0.00836563110351563 -0.0475196838378906 0.0355262756347656 0.00472259521484375
-0.0255985260009766 -0.0348186492919922 0.0663566589355469 -0.010986328125
-0.0367927551269531 -0.0108222961425781 0.0687637329101563 -0.0495681762695313
-0.0413551330566406 0.015838623046875 0.0453948974609375 -0.0789413452148438
-0.0299091339111328 0.0158290863037109 0.019744873046875 -0.0878067016601563
-0.0270462036132813 0.00929832458496093 0.0136566162109375 -0.0716323852539063
-0.0378875732421875 0.00504684448242188 0.0170936584472656 -0.0523796081542969
-0.0303592681884766 -0.0206336975097656 0.0182991027832031 -0.0328807830810547
-0.00296783447265625 -0.0403518676757813 0.00012493133544922 -0.0165977478027344
0.0263156890869141 -0.0312881469726563 -0.0140590667724609 -0.0324134826660156
0.0533485412597656 0.0059051513671875 -0.00937652587890624 -0.0791854858398437
0.0533103942871094 0.0438919067382813 0.0179443359375 -0.112052917480469
0.0272140502929688 0.0631370544433594 0.0303192138671875 -0.0957489013671875
0.01776123046875 0.0706939697265625 0.10205078125 -0.056793212890625
0.0496330261230469 0.0193901062011719 0.0484619140625 -0.0203132629394531
0.0228252410888672 -0.0144100189208984 0.0461883544921875 0.0137786865234375
0.00480842590332031 -0.0201358795166016 0.0811233520507813 -0.00418853759765625
-0.00734615325927734 -0.0157127380371094 0.0819244384765625 -0.0478591918945313
-0.0182590484619141 -0.00710105895996094 0.055572509765625 -0.0844345092773438
-0.0141124725341797 -0.0125608444213867 0.0284805297851562 -0.0931625366210938
-0.0101442337036133 -0.0154075622558594 0.0196685791015625 -0.0750961303710937
-0.0163326263427734 -0.02020263671875 0.0232276916503906 -0.0522689819335938
-0.00190925598144531 -0.0343837738037109 0.0252342224121094 -0.0291957855224609
0.0267543792724609 -0.0341949462890625 0.00336551666259766 -0.00864315032958985
0.0484275817871094 -0.0113182067871094 -0.0140132904052734 -0.0194282531738281
0.05206298828125 0.0379676818847656 -0.0197982788085937 -0.0633277893066406
0.0356292724609375 0.0797348022460938 0.0083160400390625 -0.0917434692382813
0.00350189208984375 0.0950088500976563 0.0258979797363281 -0.0698013305664062
-0.0180435180664062 0.0977859497070313 0.106552124023438 -0.0237960815429687
0.0311737060546875 0.0650367736816406 0.0570640563964844 0.00735855102539063
0.0322856903076172 0.0276508331298828 0.0554733276367188 0.0293045043945313
0.0368156433105469 0.00399398803710937 0.0919189453125 0.0078125
0.0283222198486328 -0.0142364501953125 0.088775634765625 -0.0386123657226563
0.0112762451171875 -0.0284004211425781 0.0620880126953125 -0.0803985595703125
0.00463485717773437 -0.0387001037597656 0.0345840454101563 -0.0858993530273437
0.00811004638671875 -0.0374679565429688 0.0219078063964844 -0.0652084350585938
0.00594329833984375 -0.0437393188476563 0.02484130859375 -0.0421257019042969
0.0242080688476562 -0.0465087890625 0.0253448486328125 -0.0197010040283203
0.0514984130859375 -0.0295524597167969 0.00201535224914551 0.00139427185058594
0.0654678344726563 0.00160980224609375 -0.016016960144043 -0.00687122344970703
0.05279541015625 0.0588417053222656 -0.0285835266113281 -0.0457077026367187
0.0233078002929688 0.102981567382813 -0.000549316406249995 -0.0647201538085938
-0.0163116455078125 0.113899230957031 0.0149574279785156 -0.0371017456054687
-0.0541839599609375 0.107894897460938 0.0957717895507813 0.019073486328125
0.000175476074218743 0.101112365722656 0.0541572570800781 0.0443649291992188
0.0291290283203125 0.0713882446289063 0.0575790405273438 0.0498504638671875
0.0622482299804688 0.0358200073242187 0.0938873291015625 0.0244293212890625
0.0613365173339844 -0.00429916381835938 0.0871047973632813 -0.0237960815429688
0.0425186157226563 -0.0425910949707031 0.0607452392578125 -0.0657730102539062
0.0235977172851562 -0.0592002868652344 0.0357818603515625 -0.0669288635253906
0.0259895324707031 -0.0543327331542969 0.0215034484863281 -0.0456733703613281
0.0261497497558594 -0.0612869262695313 0.0222492218017578 -0.0244770050048828
0.0449676513671875 -0.055755615234375 0.0194835662841797 -0.00511932373046875
0.0683135986328125 -0.0264930725097656 -0.00196075439453125 0.0121059417724609
0.0772476196289063 0.0102691650390625 -0.0183467864990234 0.0041351318359375
0.0506210327148438 0.06976318359375 -0.0308952331542969 -0.0296669006347656
0.0127639770507813 0.112434387207031 -0.00186347961425782 -0.0351390838623047
-0.0335006713867188 0.119155883789062 0.00166833400726318 -0.000666022300720208
-0.0811691284179688 0.0965042114257813 0.0707931518554688 0.0616378784179688
-0.0344772338867187 0.113136291503906 0.039398193359375 0.0834426879882813
0.0119857788085937 0.100425720214844 0.0509262084960938 0.0711212158203125
0.0690078735351563 0.0664939880371094 0.0835800170898438 0.0425567626953125
0.0818634033203125 0.0113143920898438 0.0742034912109375 -0.00482940673828125
0.0679244995117188 -0.0450592041015625 0.0503730773925781 -0.041839599609375
0.0422019958496094 -0.0691070556640625 0.0294914245605469 -0.0374374389648438
0.0393333435058594 -0.0630149841308594 0.0171623229980469 -0.0188713073730469
0.0411300659179688 -0.0701751708984375 0.015040397644043 -3.05175781250043E-05
0.058685302734375 -0.0600662231445313 0.00995922088623047 0.0122337341308594
0.0789794921875 -0.0217742919921875 -0.00949859619140625 0.0226840972900391
0.08154296875 0.0186233520507813 -0.0211658477783203 0.0106716156005859
0.0431747436523438 0.0761795043945313 -0.0280704498291016 -0.0176010131835938
-0.00370025634765625 0.110176086425781 0.00125980377197266 -0.00793647766113281
-0.0504531860351563 0.109428405761719 -0.0145797729492188 0.0333232879638672
-0.0917510986328125 0.0652084350585938 0.0370712280273437 0.0950088500976562
-0.0610733032226563 0.095977783203125 0.0156021118164063 0.112884521484375
-0.0135955810546875 0.102005004882813 0.03778076171875 0.0843505859375
0.0541839599609375 0.0822906494140625 0.0627098083496094 0.052703857421875
0.0822372436523437 0.0290298461914063 0.0522651672363281 0.0101051330566406
0.079833984375 -0.0366668701171875 0.0325946807861328 -0.0178089141845703
0.0530433654785156 -0.0658531188964844 0.0183849334716797 -0.00666427612304688
0.0465774536132813 -0.0606231689453125 0.0101594924926758 0.010319709777832
0.0492782592773438 -0.0697708129882813 0.00669097900390625 0.0250301361083984
0.0655746459960938 -0.0577049255371094 -0.0027923583984375 0.0309810638427734
0.0817794799804688 -0.0159835815429688 -0.0206871032714844 0.0321979522705078
0.0789108276367188 0.0266799926757813 -0.0267219543457031 0.0147991180419922
0.0298843383789063 0.0799179077148438 -0.0250434875488281 -0.0103645324707031
-0.0238800048828125 0.100593566894531 0.00205898284912109 0.0153465270996094
-0.0657882690429688 0.0876388549804688 -0.0337677001953125 0.0615005493164063
-0.0837020874023438 0.0208358764648437 0.00575256347656249 0.113021850585938
-0.0717086791992188 0.0554046630859375 -0.00618743896484374 0.126197814941406
-0.0357818603515625 0.0757980346679688 0.0247268676757813 0.0871124267578125
0.026031494140625 0.0783843994140625 0.0413589477539062 0.0525741577148438
0.0631027221679688 0.0383872985839844 0.0273284912109375 0.0178909301757813
0.0753250122070313 -0.0208816528320313 0.0116138458251953 0.00533580780029297
0.0541801452636719 -0.05267333984375 0.00464439392089844 0.0227241516113281
0.0461311340332031 -0.0501594543457031 0.0015869140625 0.03790283203125
0.0499076843261719 -0.0591697692871094 -0.00333023071289062 0.0499458312988281
0.0646171569824219 -0.0481491088867188 -0.0170783996582031 0.0488815307617188
0.0767593383789063 -0.0079803466796875 -0.0338516235351562 0.04071044921875
0.0702705383300781 0.0336837768554687 -0.0352020263671875 0.0163612365722656
0.0142745971679688 0.0785064697265625 -0.0250492095947266 -0.00573539733886719
-0.042266845703125 0.0836181640625 -0.003936767578125 0.0318794250488281
-0.0770263671875 0.056427001953125 -0.0572509765625 0.0789031982421875
-0.0601959228515625 -0.0259628295898437 -0.016204833984375 0.114158630371094
-0.0647735595703125 0.00711441040039062 -0.0184097290039062 0.124198913574219
-0.0473556518554688 0.0353240966796875 0.0185775756835938 0.081146240234375
-0.00434494018554688 0.0573501586914063 0.0250473022460937 0.0457382202148438
0.0341682434082031 0.0381889343261719 0.00741004943847656 0.0181121826171875
0.055816650390625 -0.00302505493164063 -0.00671005249023437 0.0205421447753906
0.0460586547851562 -0.0315399169921875 -0.008758544921875 0.0448074340820313
0.0390472412109375 -0.0331039428710938 -0.00732040405273437 0.0599708557128906
0.0433845520019531 -0.0405693054199219 -0.0127944946289063 0.0711822509765625
0.0548057556152344 -0.0323295593261719 -0.03179931640625 0.0650901794433594
0.0630111694335938 0.000179290771484375 -0.0478782653808594 0.048919677734375
0.0539741516113281 0.0356330871582031 -0.0468063354492188 0.0170669555664063
-0.00217437744140626 0.0684738159179688 -0.0297565460205078 -0.00473976135253906
-0.0557785034179687 0.0567283630371094 -0.0161705017089844 0.0425987243652344
-0.0792694091796875 0.0172119140625 -0.0842971801757813 0.0846328735351563
0.0458526611328125 0.0317268371582031 0.085052490234375 -0.077911376953125
0.0530166625976563 -0.0260772705078125 0.0319557189941406 -0.0341339111328125
0.00607681274414063 -0.0472679138183594 0.0340366363525391 0.0063018798828125
-0.0266475677490234 -0.0325775146484375 0.0662117004394531 -0.009613037109375
-0.0368309020996094 -0.0092620849609375 0.0684165954589844 -0.0504875183105469
-0.0395050048828125 0.0178642272949219 0.0452194213867187 -0.0805206298828125
-0.0282135009765625 0.0170783996582031 0.0182876586914063 -0.0881729125976563
-0.0259914398193359 0.0100898742675781 0.0112228393554687 -0.0719757080078125
-0.036285400390625 0.00761795043945313 0.0150794982910156 -0.0535507202148438
-0.0307693481445312 -0.0176315307617188 0.0171775817871094 -0.0357170104980469
-0.00583648681640625 -0.0387306213378906 0.000511169433593751 -0.0195064544677734
0.0236873626708984 -0.0312709808349609 -0.0112285614013672 -0.0331840515136719
0.0522384643554687 0.00259017944335938 -0.00656890869140625 -0.0774078369140625
0.0537490844726563 0.0391845703125 0.01739501953125 -0.110404968261719
0.0295600891113281 0.0601959228515625 0.0298385620117188 -0.09716796875
0.0186805725097656 0.0692062377929688 0.10003662109375 -0.0593185424804687
0.0486488342285156 0.0176963806152344 0.0453262329101563 -0.0213356018066406
0.0213127136230469 -0.0137901306152344 0.0444602966308594 0.0144119262695313
0.00407981872558594 -0.0184764862060547 0.0800094604492188 -0.0040740966796875
-0.00603103637695313 -0.0135736465454102 0.0806732177734375 -0.0483779907226563
-0.0164546966552734 -0.00507831573486328 0.0545806884765625 -0.08544921875
-0.013188362121582 -0.011408805847168 0.0256576538085937 -0.09356689453125
-0.00961112976074218 -0.0148744583129883 0.0164413452148438 -0.0749130249023438
-0.0154209136962891 -0.018585205078125 0.0201911926269531 -0.0540657043457031
-0.00176429748535156 -0.0329475402832031 0.0231685638427734 -0.0326061248779297
0.0245265960693359 -0.033599853515625 0.00466251373291016 -0.0119228363037109
0.0463371276855469 -0.0120697021484375 -0.0117759704589844 -0.0213432312011719
0.0517311096191406 0.0353469848632813 -0.0165328979492187 -0.0628318786621094
0.0373992919921875 0.0768051147460938 0.00783538818359376 -0.0907669067382813
0.00620269775390624 0.0924224853515625 0.0260848999023438 -0.0720291137695313
-0.0159149169921875 0.0979156494140625 0.104652404785156 -0.0267105102539062
0.0314140319824219 0.0642967224121094 0.0538215637207031 0.00480270385742188
0.03192138671875 0.029022216796875 0.0529098510742187 0.0292854309082031
0.0367584228515625 0.00417709350585938 0.0905075073242188 0.00726318359375
0.0287055969238281 -0.0134124755859375 0.0877609252929688 -0.0396194458007813
0.0121612548828125 -0.027587890625 0.0597686767578125 -0.08087158203125
0.00441741943359375 -0.0388374328613281 0.0313949584960938 -0.0869903564453125
0.0084228515625 -0.0383033752441406 0.0184707641601562 -0.0664749145507813
0.00587844848632812 -0.04315185546875 0.0210342407226562 -0.0444869995117188
0.0232009887695313 -0.0460929870605469 0.0226535797119141 -0.0235748291015625
0.0498695373535156 -0.0305557250976563 0.00233006477355957 -0.00290060043334961
0.0651779174804688 0.000217437744140625 -0.0139760971069336 -0.00974178314208985
0.0532035827636719 0.0568084716796875 -0.0258598327636719 -0.0457572937011719
0.0257186889648437 0.101005554199219 -0.000434875488281247 -0.0657691955566406
-0.0133514404296875 0.113151550292969 0.0165252685546875 -0.038787841796875
-0.0518951416015625 0.109634399414063 0.0948104858398437 0.01434326171875
0.0017242431640625 0.100830078125 0.0521049499511719 0.0411643981933594
0.030029296875 0.0727386474609375 0.0555953979492188 0.0500946044921875
0.0632247924804688 0.0350265502929687 0.0920639038085937 0.0246353149414063
0.0617866516113281 -0.00577926635742188 0.0862579345703125 -0.0238037109375
0.0421028137207031 -0.0427780151367188 0.058197021484375 -0.065582275390625
0.0236358642578125 -0.0595512390136719 0.0321693420410156 -0.0681571960449219
0.0251426696777344 -0.0558013916015625 0.0183143615722656 -0.0470771789550781
0.0251121520996094 -0.0618438720703125 0.0181789398193359 -0.0263462066650391
0.0433921813964844 -0.0566673278808594 0.017308235168457 -0.00940513610839844
0.0679588317871094 -0.0283927917480469 -0.00265312194824218 0.00859308242797851
0.0776214599609375 0.008392333984375 -0.016815185546875 0.00079917907714844
0.05224609375 0.069580078125 -0.0289726257324219 -0.0297966003417969
0.0141830444335937 0.112022399902344 -0.00133514404296875 -0.0368080139160156
-0.0303878784179688 0.118949890136719 0.00380158424377441 -0.00327110290527343
-0.0794143676757812 0.0991058349609375 0.0710372924804688 0.0571365356445313
-0.0321273803710937 0.114402770996094 0.0380020141601563 0.0792160034179688
0.0137100219726563 0.101898193359375 0.0492591857910156 0.0697250366210938
0.071075439453125 0.065185546875 0.0821762084960938 0.04107666015625
0.0831985473632813 0.00914764404296875 0.0722885131835938 -0.00494384765625
0.0669174194335938 -0.0467491149902344 0.0480880737304688 -0.0418663024902344
0.0399169921875 -0.0706634521484375 0.0279541015625 -0.0385665893554688
0.0372772216796875 -0.0653419494628906 0.0144901275634766 -0.0198612213134766
0.039306640625 -0.0727005004882813 0.0126609802246094 -0.0016937255859375
0.0566444396972656 -0.0622634887695312 0.00736713409423829 0.00889492034912109
0.0784225463867187 -0.0253067016601562 -0.0106143951416016 0.0196762084960938
0.0828399658203125 0.0162734985351563 -0.0209770202636719 0.00782012939453125
0.0456771850585937 0.0765762329101563 -0.0264472961425781 -0.0184955596923828
-0.000167846679687508 0.112274169921875 0.00180435180664062 -0.0092935562133789
-0.047271728515625 0.110908508300781 -0.0122604370117188 0.0311050415039063
-0.0912628173828125 0.0689010620117188 0.0380706787109375 0.09161376953125
-0.0593414306640625 0.0976638793945313 0.0159072875976562 0.109024047851563
-0.0118942260742187 0.104736328125 0.0362396240234375 0.0834426879882813
0.0575027465820313 0.0819473266601563 0.06219482421875 0.0513763427734375
0.0831146240234375 0.0257568359375 0.0499992370605469 0.0106925964355469
0.0779266357421875 -0.03912353515625 0.0316238403320313 -0.0171623229980469
0.050262451171875 -0.0683135986328125 0.0176010131835938 -0.00714874267578125
0.0444908142089844 -0.0638504028320313 0.00886154174804688 0.00982189178466796
0.0467605590820312 -0.0719833374023438 0.00474166870117188 0.02423095703125
0.0631523132324219 -0.0605354309082031 -0.00424957275390625 0.0287971496582031
0.0819625854492188 -0.0192718505859375 -0.0210781097412109 0.0302562713623047
0.0810699462890625 0.0243453979492188 -0.0265045166015625 0.0115814208984375
0.0329437255859375 0.0800857543945313 -0.02410888671875 -0.0118465423583984
-0.0197830200195313 0.10302734375 0.00346660614013672 0.0130243301391602
-0.0632095336914063 0.090057373046875 -0.0315742492675781 0.0594215393066406
-0.0838623046875 0.0256576538085937 0.00728607177734375 0.111274719238281
-0.0704803466796875 0.0597763061523437 -0.00541687011718752 0.123321533203125
-0.0336685180664063 0.0798797607421875 0.0238876342773438 0.0850372314453125
0.02947998046875 0.077911376953125 0.0394668579101563 0.0525054931640625
0.0659217834472656 0.0359115600585938 0.0261917114257813 0.0189876556396484
0.0738143920898438 -0.0243606567382813 0.0108814239501953 0.00603961944580078
0.0512046813964844 -0.0552711486816406 0.00499153137207032 0.0219268798828125
0.0440025329589844 -0.0532035827636719 0.00238037109375001 0.037200927734375
0.0477218627929687 -0.0620803833007813 -0.00360870361328125 0.0491561889648437
0.0625801086425781 -0.0513076782226563 -0.0174827575683594 0.0479621887207031
0.0769577026367188 -0.0116958618164063 -0.0339813232421875 0.0401229858398437
0.0718307495117188 0.0302047729492188 -0.0357284545898437 0.01470947265625
0.0173492431640625 0.0785293579101563 -0.0241794586181641 -0.00720596313476563
-0.0394363403320313 0.0863189697265625 -0.0015106201171875 0.0303115844726563
-0.0749893188476563 0.0594482421875 -0.0547637939453125 0.0777511596679688
-0.0619163513183594 -0.0217628479003906 -0.014862060546875 0.113540649414063
-0.0646324157714844 0.0107765197753906 -0.0167388916015625 0.121559143066406
-0.0457916259765625 0.0380897521972656 0.016754150390625 0.0789031982421875
-0.000202178955078121 0.0575294494628906 0.0235214233398437 0.0457763671875
0.0370445251464844 0.0361709594726563 0.00692939758300781 0.0205345153808594
0.0556221008300781 -0.0066680908203125 -0.00677299499511718 0.0219211578369141
0.0435638427734375 -0.0334968566894531 -0.00677490234374999 0.0447616577148437
0.0376548767089844 -0.034759521484375 -0.00493621826171875 0.059814453125
0.0414810180664063 -0.0434379577636719 -0.0124435424804688 0.0709762573242188
0.0531883239746094 -0.0352096557617188 -0.031463623046875 0.0646896362304688
0.06298828125 -0.00281906127929688 -0.047943115234375 0.0481948852539063
0.055999755859375 0.0327873229980469 -0.046478271484375 0.0153312683105469
0.000419616699218748 0.0679931640625 -0.0295066833496094 -0.00559616088867187
-0.0536346435546875 0.0593147277832031 -0.0139312744140625 0.0412330627441406
-0.077545166015625 0.0209884643554688 -0.081512451171875 0.08465576171875
0.0464286804199219 0.029632568359375 0.085723876953125 -0.0804290771484375
0.0524482727050781 -0.0280189514160156 0.0307159423828125 -0.0342464447021484
0.00494384765625 -0.0472831726074219 0.0344715118408203 0.00761795043945312
-0.0279617309570313 -0.0312290191650391 0.0678062438964844 -0.008758544921875
-0.0380935668945312 -0.00706100463867188 0.07037353515625 -0.052215576171875
-0.0376739501953125 0.0200004577636719 0.04608154296875 -0.0837249755859375
-0.0268669128417969 0.0181236267089844 0.0174331665039063 -0.0909500122070313
-0.0256252288818359 0.0110645294189453 0.009124755859375 -0.0745468139648438
-0.0353317260742188 0.00992965698242188 0.0132789611816406 -0.0560111999511719
-0.0309028625488281 -0.0157814025878906 0.0160865783691406 -0.0390815734863281
-0.00814056396484375 -0.0376129150390625 0.00187301635742187 -0.0225334167480469
0.0220794677734375 -0.0327033996582031 -0.00951766967773437 -0.0364151000976563
0.0524406433105469 0.000705718994140625 -0.004486083984375 -0.0785598754882813
0.0555267333984375 0.0368080139160156 0.0188064575195312 -0.112030029296875
0.0315437316894531 0.0592613220214844 0.030670166015625 -0.100761413574219
0.0202484130859375 0.0694122314453125 0.101325988769531 -0.0619659423828125
0.0482254028320312 0.0173988342285156 0.0430259704589844 -0.0221061706542969
0.0218887329101563 -0.0126724243164063 0.0446128845214844 0.0155792236328125
0.00411605834960937 -0.0179882049560547 0.082122802734375 -0.00281524658203125
-0.00699901580810547 -0.0131902694702148 0.0818405151367188 -0.0493927001953125
-0.0147895812988281 -0.00436973571777344 0.055084228515625 -0.0887222290039063
-0.0122652053833008 -0.0114316940307617 0.0247879028320313 -0.0964584350585938
-0.00892543792724609 -0.0150012969970703 0.013824462890625 -0.0772705078125
-0.0143871307373047 -0.0187091827392578 0.018585205078125 -0.05682373046875
-0.0020599365234375 -0.0318336486816406 0.02239990234375 -0.036865234375
0.0234394073486328 -0.0337963104248047 0.00454044342041016 -0.0155181884765625
0.0467758178710938 -0.0128326416015625 -0.00915336608886718 -0.0243091583251953
0.0520095825195313 0.03448486328125 -0.014739990234375 -0.063690185546875
0.0393524169921875 0.0760498046875 0.00921630859375 -0.0928878784179687
0.00669097900390625 0.0928802490234375 0.0276260375976562 -0.0751876831054688
-0.0156402587890625 0.0998458862304688 0.10638427734375 -0.0295181274414062
0.0320892333984375 0.0655517578125 0.0517692565917969 0.00331878662109375
0.0327205657958984 0.0308380126953125 0.0523605346679688 0.0307121276855469
0.0383186340332031 0.00527191162109375 0.0917510986328125 0.0081329345703125
0.0293312072753906 -0.0137920379638672 0.0893630981445313 -0.0405731201171875
0.0134353637695313 -0.0270462036132812 0.0603561401367188 -0.0833511352539063
0.00547409057617188 -0.0395050048828125 0.0295486450195313 -0.0903472900390625
0.007904052734375 -0.0394325256347656 0.0162887573242187 -0.0690231323242188
0.00677490234375 -0.0442466735839844 0.018707275390625 -0.047271728515625
0.0239334106445313 -0.0472259521484375 0.0212001800537109 -0.0277481079101563
0.0504722595214844 -0.0315933227539063 0.00217437744140625 -0.00651693344116211
0.0658073425292969 -0.000385284423828125 -0.0122060775756836 -0.0129833221435547
0.0547866821289063 0.0579605102539063 -0.0233192443847656 -0.0471229553222656
0.0274810791015625 0.102401733398438 0.001251220703125 -0.0677146911621094
-0.0121917724609375 0.114936828613281 0.0178108215332031 -0.0427360534667969
-0.0515213012695312 0.113685607910156 0.0962905883789063 0.0124053955078125
0.00253295898437499 0.103477478027344 0.0506134033203125 0.03985595703125
0.0319137573242188 0.0754852294921875 0.0547904968261719 0.0513801574707031
0.0662460327148438 0.0359268188476563 0.0928192138671875 0.0246505737304688
0.0642204284667969 -0.00665283203125 0.0874786376953125 -0.0250930786132812
0.04315185546875 -0.0439643859863281 0.0582962036132813 -0.0665168762207031
0.0240020751953125 -0.0614814758300781 0.0309524536132813 -0.0706710815429688
0.0244064331054688 -0.0583992004394531 0.01605224609375 -0.0486030578613281
0.0246238708496094 -0.0644683837890625 0.0156822204589844 -0.0282211303710938
0.0430107116699219 -0.0590286254882813 0.015202522277832 -0.0129642486572266
0.0698204040527344 -0.0307693481445313 -0.00376653671264648 0.00487041473388672
0.0801010131835937 0.00739288330078125 -0.0168209075927734 -0.00247478485107422
0.0548248291015625 0.0715789794921875 -0.0276031494140625 -0.0318775177001953
0.0165634155273438 0.115196228027344 -6.10351562499979E-05 -0.0389785766601562
-0.0303192138671875 0.122222900390625 0.00485467910766601 -0.00627994537353515
-0.08056640625 0.10491943359375 0.0721664428710938 0.0566635131835938
-0.0317916870117187 0.118080139160156 0.0368728637695313 0.078521728515625
0.0152969360351562 0.106033325195313 0.0482330322265625 0.071624755859375
0.0742950439453125 0.0660247802734375 0.0821075439453125 0.0421142578125
0.085662841796875 0.00811004638671875 0.0730514526367187 -0.0052490234375
0.0678062438964844 -0.0488853454589844 0.0479393005371094 -0.0422782897949219
0.039794921875 -0.0735626220703125 0.0268135070800781 -0.040496826171875
0.0368537902832031 -0.0682182312011719 0.0140094757080078 -0.0216026306152344
0.038665771484375 -0.0755996704101563 0.0102939605712891 -0.00352287292480469
0.0570716857910156 -0.0658531188964844 0.00578880310058594 0.0068063735961914
0.0807418823242188 -0.0282745361328125 -0.0120658874511719 0.0171785354614258
0.0861968994140625 0.0145721435546875 -0.0207252502441406 0.00528526306152344
0.0487899780273437 0.0790939331054688 -0.0256786346435547 -0.0206165313720703
0.0018310546875 0.115631103515625 0.00310802459716797 -0.0123729705810547
-0.0473175048828125 0.115058898925781 -0.0110149383544922 0.0294361114501953
-0.0925979614257813 0.0742645263671875 0.0395431518554687 0.0917282104492188
-0.0596160888671875 0.101799011230469 0.0155410766601563 0.109375
-0.0103836059570312 0.109306335449219 0.034942626953125 0.0835647583007812
0.0610427856445313 0.0833206176757813 0.0621376037597656 0.0528221130371094
0.087127685546875 0.0246353149414062 0.0508079528808594 0.0114517211914063
0.07928466796875 -0.042388916015625 0.0305328369140625 -0.015380859375
0.0494384765625 -0.0720291137695313 0.0172510147094727 -0.00756263732910157
0.0431289672851563 -0.0675125122070313 0.00878429412841797 0.00892257690429687
0.0463104248046875 -0.0760650634765625 0.00341796875 0.0238304138183594
0.0632972717285156 -0.0650787353515625 -0.00612449645996094 0.0274105072021484
0.08544921875 -0.0230865478515625 -0.0230159759521484 0.0288467407226562
0.0843048095703125 0.0229415893554687 -0.0270366668701172 0.0096435546875
0.0348281860351563 0.082763671875 -0.0240345001220703 -0.0133800506591797
-0.0178146362304687 0.107643127441406 0.00393009185791016 0.0112991333007813
-0.062896728515625 0.0943145751953125 -0.0311508178710938 0.0585784912109375
-0.0858840942382813 0.0292282104492187 0.00756072998046873 0.11212158203125
-0.071075439453125 0.0632781982421875 -0.00596618652343751 0.124214172363281
-0.0336685180664063 0.0849380493164063 0.0218582153320313 0.0868377685546875
0.0339431762695313 0.0799484252929688 0.0394172668457031 0.0541801452636719
0.0693626403808594 0.0344123840332031 0.0262660980224609 0.0205078125
0.074981689453125 -0.027069091796875 0.0107688903808594 0.00819969177246094
0.0508995056152344 -0.0590057373046875 0.00563240051269531 0.0224876403808594
0.0429534912109375 -0.0563201904296875 0.00229263305664063 0.0373382568359375
0.0463294982910156 -0.066070556640625 -0.00461196899414063 0.0495796203613281
0.0615234375 -0.05548095703125 -0.01947021484375 0.0483131408691406
0.0788421630859375 -0.01483154296875 -0.03656005859375 0.0393791198730469
0.0751419067382813 0.02862548828125 -0.0369415283203125 0.0129661560058594
0.0201263427734375 0.0807113647460938 -0.0247783660888672 -0.00919914245605468
-0.0372161865234375 0.09039306640625 -0.000980377197265625 0.0291290283203125
-0.0753021240234375 0.0624542236328125 -0.054901123046875 0.0781936645507812
-0.0648117065429687 -0.0210418701171875 -0.0152359008789063 0.115623474121094
-0.0654182434082031 0.0135269165039063 -0.018035888671875 0.123023986816406
-0.04583740234375 0.0425186157226562 0.0143051147460937 0.0796737670898438
0.00305557250976562 0.0586929321289063 0.0216636657714844 0.04718017578125
0.0394554138183594 0.0352020263671875 0.00607872009277344 0.0225830078125
0.0560874938964844 -0.00921630859375 -0.006439208984375 0.0244064331054688
0.0429954528808594 -0.037261962890625 -0.00565338134765624 0.0460090637207031
0.0365829467773438 -0.0375938415527344 -0.00388336181640625 0.06097412109375
0.0402412414550781 -0.0459403991699219 -0.0121688842773438 0.071746826171875
0.0532569885253906 -0.0396728515625 -0.0326690673828125 0.0661354064941406
0.0646743774414063 -0.00554275512695313 -0.0508155822753906 0.0485000610351562
0.0581741333007812 0.0306510925292969 -0.048583984375 0.0149307250976563
0.00328826904296875 0.0692100524902344 -0.0296058654785156 -0.00698280334472655
-0.0519332885742187 0.0625534057617188 -0.0123672485351563 0.040283203125
-0.0776748657226563 0.0230026245117188 -0.08184814453125 0.08685302734375
0.0497360229492188 0.0284843444824219 0.088165283203125 -0.0855484008789062
0.052001953125 -0.030731201171875 0.0294837951660156 -0.0357017517089844
0.0035247802734375 -0.0486869812011719 0.0356788635253906 0.00865936279296875
-0.0307579040527344 -0.0305519104003906 0.071136474609375 -0.00971221923828125
-0.0396842956542969 -0.00524520874023437 0.0725326538085938 -0.0557937622070313
-0.0381278991699219 0.0235633850097656 0.0465927124023438 -0.0901031494140625
-0.02679443359375 0.0207881927490234 0.0157012939453125 -0.0960922241210937
-0.0259876251220703 0.0131778717041016 0.00759124755859374 -0.0781478881835938
-0.0350131988525391 0.0123405456542969 0.0108299255371094 -0.0601997375488281
-0.0329704284667969 -0.013427734375 0.0146751403808594 -0.0438232421875
-0.0111618041992188 -0.0381011962890625 0.00198936462402344 -0.0265464782714844
0.0209274291992187 -0.0348472595214844 -0.00800323486328125 -0.0396575927734375
0.053619384765625 -0.00239181518554688 -0.00371551513671874 -0.0816116333007813
0.0584220886230469 0.0349388122558594 0.0193099975585938 -0.117378234863281
0.0348777770996094 0.0585594177246094 0.0315093994140625 -0.107406616210937
0.0214004516601563 0.07147216796875 0.104072570800781 -0.0672454833984375
0.0495223999023438 0.0177345275878906 0.0435028076171875 -0.0235748291015625
0.02215576171875 -0.0126819610595703 0.0455245971679688 0.017303466796875
0.00383853912353516 -0.0175266265869141 0.08526611328125 -0.00360870361328125
-0.00749683380126953 -0.0119056701660156 0.085113525390625 -0.0542373657226563
-0.0144710540771484 -0.00251388549804687 0.0557785034179688 -0.0946121215820312
-0.0125417709350586 -0.011195182800293 0.022552490234375 -0.102638244628906
-0.00953865051269531 -0.0152177810668945 0.0112838745117188 -0.0820541381835938
-0.0146331787109375 -0.0184841156005859 0.0158348083496094 -0.0612106323242188
-0.00213241577148438 -0.0319938659667969 0.0205917358398438 -0.0420494079589844
0.0235023498535156 -0.0345401763916016 0.00510597229003906 -0.0202484130859375
0.0474777221679688 -0.0143318176269531 -0.00812721252441406 -0.0275306701660156
0.0552749633789063 0.0347938537597656 -0.0139236450195313 -0.0666389465332031
0.04193115234375 0.0777664184570313 0.009613037109375 -0.0970001220703125
0.009918212890625 0.0957489013671875 0.0286941528320312 -0.0813522338867187
-0.0132827758789062 0.105300903320313 0.109809875488281 -0.0338821411132812
0.0336494445800781 0.0679512023925781 0.0515213012695313 0.002197265625
0.0349178314208984 0.0331344604492188 0.0541229248046875 0.0325813293457031
0.0409164428710938 0.00532150268554688 0.09564208984375 0.00830078125
0.0310916900634766 -0.0143146514892578 0.0928268432617188 -0.04437255859375
0.0147972106933594 -0.0279312133789062 0.0605850219726562 -0.0885162353515625
0.00452041625976563 -0.041717529296875 0.0278701782226563 -0.0950927734375
0.00738906860351563 -0.0420265197753906 0.0136032104492188 -0.0735855102539063
0.0062255859375 -0.046722412109375 0.016021728515625 -0.0506820678710938
0.0239448547363281 -0.0491714477539063 0.0196170806884766 -0.0326499938964844
0.0512466430664063 -0.0340766906738281 0.00191116333007813 -0.0103750228881836
0.0691757202148438 -0.00200653076171875 -0.0124540328979492 -0.0165596008300781
0.0587730407714844 0.0598258972167969 -0.0236740112304687 -0.0495491027832031
0.03192138671875 0.10614013671875 0.00128936767578125 -0.0711669921875
-0.0104522705078125 0.119827270507813 0.0194740295410156 -0.0478134155273437
-0.0519027709960937 0.121116638183594 0.100624084472656 0.00947570800781251
0.00479888916015625 0.108642578125 0.0511703491210938 0.0392837524414063
0.0356674194335937 0.0810546875 0.0559730529785156 0.0532760620117188
0.0705032348632813 0.0365447998046875 0.0966262817382813 0.024993896484375
0.0673370361328125 -0.0084991455078125 0.0902633666992187 -0.027069091796875
0.04498291015625 -0.0468902587890625 0.0590133666992187 -0.07037353515625
0.0233116149902344 -0.0657958984375 0.0292587280273437 -0.0749588012695313
0.0239753723144531 -0.0627708435058594 0.0140190124511719 -0.0528907775878906
0.0246925354003906 -0.0692520141601563 0.0131359100341797 -0.0307941436767578
0.0438995361328125 -0.063446044921875 0.0133047103881836 -0.0165119171142578
0.0721817016601562 -0.0341796875 -0.00493907928466796 0.00183963775634765
0.084747314453125 0.0054473876953125 -0.0166053771972656 -0.00551414489746094
0.0594406127929688 0.074737548828125 -0.0271663665771484 -0.0340843200683594
0.0213699340820313 0.120285034179688 0.000385284423828122 -0.0418052673339844
-0.02813720703125 0.128311157226563 0.00625514984130859 -0.00976467132568359
-0.0817413330078125 0.113395690917969 0.0761566162109375 0.0561599731445313
-0.0297393798828125 0.125602722167969 0.037689208984375 0.0792007446289063
0.0193862915039063 0.113449096679688 0.0490646362304688 0.073883056640625
0.080780029296875 0.06793212890625 0.0858917236328125 0.0429763793945313
0.0913543701171875 0.00594329833984375 0.0763015747070313 -0.005767822265625
0.0702857971191406 -0.0531196594238281 0.0483245849609375 -0.0446739196777344
0.0388412475585938 -0.0789260864257813 0.0263023376464844 -0.0435981750488281
0.0363311767578125 -0.0738449096679688 0.0119228363037109 -0.0239276885986328
0.03765869140625 -0.0818328857421875 0.0080876350402832 -0.0037379264831543
0.0570449829101563 -0.0709152221679688 0.00444936752319336 0.00433206558227539
0.0846633911132812 -0.0327377319335938 -0.0135021209716797 0.0153779983520508
0.0920486450195313 0.0129623413085938 -0.0220699310302734 0.00262260437011719
0.0534591674804687 0.0829696655273437 -0.0263690948486328 -0.0223522186279297
0.00656890869140625 0.12286376953125 0.00377273559570313 -0.0139980316162109
-0.0454483032226563 0.122123718261719 -0.00951957702636719 0.0285434722900391
-0.0952911376953125 0.0820083618164063 0.0427780151367187 0.0936355590820313
-0.059906005859375 0.110275268554688 0.0157928466796875 0.111061096191406
-0.00684356689453125 0.117950439453125 0.0356674194335937 0.0871963500976563
0.0677642822265625 0.0853652954101563 0.063812255859375 0.0539283752441406
0.0934295654296875 0.0221099853515625 0.0523605346679688 0.0123176574707031
0.0826034545898437 -0.0468063354492188 0.031707763671875 -0.0154895782470703
0.0490875244140625 -0.077301025390625 0.0175952911376953 -0.00870132446289063
0.0427932739257813 -0.07330322265625 0.00843429565429688 0.00831174850463867
0.0450286865234375 -0.0826644897460938 0.00273895263671875 0.0247077941894531
0.0634078979492188 -0.0712356567382813 -0.00753402709960937 0.0282039642333984
0.088348388671875 -0.0279312133789063 -0.0251007080078125 0.0293979644775391
0.09039306640625 0.020538330078125 -0.0293693542480469 0.00822448730468751
0.0411453247070312 0.0874404907226562 -0.0247478485107422 -0.0153484344482422
-0.0147628784179687 0.114631652832031 0.00591087341308594 0.00935173034667969
-0.0628128051757812 0.101348876953125 -0.0299568176269531 0.059844970703125
-0.0896530151367187 0.0352706909179688 0.00926971435546875 0.116485595703125
-0.0728683471679688 0.070648193359375 -0.00522613525390626 0.127304077148438
-0.0318527221679688 0.0925979614257813 0.0222854614257812 0.089599609375
0.0389862060546875 0.0834884643554688 0.0405426025390625 0.0560874938964844
0.074859619140625 0.0326461791992188 0.0273933410644531 0.0226535797119141
0.0778045654296875 -0.0322341918945313 0.011260986328125 0.00981330871582031
0.0501060485839844 -0.06396484375 0.00688171386718751 0.0232753753662109
0.0425529479980469 -0.0618705749511719 0.00308990478515626 0.0384178161621094
0.0455780029296875 -0.0724411010742188 -0.00456619262695313 0.0522651672363281
0.0622138977050781 -0.0618400573730469 -0.0207328796386719 0.0501022338867188
0.082763671875 -0.0194931030273437 -0.0384101867675781 0.0413360595703125
0.0807037353515625 0.0269393920898438 -0.0393753051757812 0.0126800537109375
0.0241546630859375 0.0850067138671875 -0.0258827209472656 -0.0106277465820312
-0.0349884033203125 0.0973281860351563 0.001220703125 0.0285568237304688
-0.0757293701171875 0.06903076171875 -0.0547332763671875 0.0821762084960938
-0.0690193176269531 -0.0171127319335937 -0.0140609741210938 0.121116638183594
-0.0686073303222656 0.0181503295898437 -0.018341064453125 0.126960754394531
-0.0458602905273437 0.0484199523925781 0.0147705078125 0.082122802734375
0.00661468505859375 0.0624732971191406 0.0223503112792969 0.0499725341796875
0.0437355041503906 0.0341949462890625 0.00699615478515625 0.0252361297607422
0.058319091796875 -0.0129585266113281 -0.00626945495605468 0.0274314880371094
0.0428810119628906 -0.0411109924316406 -0.00386810302734375 0.0482521057128906
0.0363121032714844 -0.0416259765625 -0.00275802612304687 0.0632858276367188
0.0396614074707031 -0.0510101318359375 -0.0114898681640625 0.0755233764648438
0.0526580810546875 -0.0437278747558594 -0.0340423583984375 0.0694961547851563
0.0678291320800781 -0.00956344604492188 -0.0526046752929687 0.0513496398925781
0.0627212524414063 0.0300064086914063 -0.051300048828125 0.0152664184570312
0.00603485107421875 0.073486328125 -0.0313282012939453 -0.00824356079101561
-0.051116943359375 0.0683364868164063 -0.009674072265625 0.0407600402832031
-0.0794143676757813 0.0282363891601562 -0.0824432373046875 0.0918502807617188
0.0528678894042969 0.0261650085449219 0.088470458984375 -0.0944442749023438
0.0513267517089844 -0.0354347229003906 0.0279617309570313 -0.0380973815917969
4.19616699218774E-05 -0.0509185791015625 0.0368690490722656 0.00907135009765625
-0.0338649749755859 -0.0293769836425781 0.0750045776367188 -0.0116424560546875
-0.041717529296875 -0.00160217285156249 0.0733261108398438 -0.0624160766601563
-0.0364341735839844 0.0277481079101562 0.0437088012695312 -0.0977859497070313
-0.0253620147705078 0.0238399505615234 0.0113449096679688 -0.101753234863281
-0.0254878997802734 0.015716552734375 0.00305175781249999 -0.0828475952148438
-0.0340366363525391 0.0158805847167969 0.00741958618164062 -0.0644607543945313
-0.0347080230712891 -0.0108280181884766 0.0115013122558594 -0.0480499267578125
-0.0149078369140625 -0.0371513366699219 0.00128746032714844 -0.0301532745361328
0.0183944702148438 -0.0371284484863281 -0.00865554809570312 -0.0431632995605469
0.0554237365722656 -0.00678634643554687 -0.005218505859375 -0.0848846435546875
0.0626564025878906 0.0322647094726563 0.0160980224609375 -0.123062133789063
0.0403556823730469 0.0583152770996094 0.029144287109375 -0.115348815917969
0.027130126953125 0.0730209350585938 0.105857849121094 -0.0762786865234375
0.0512428283691406 0.0157928466796875 0.0414772033691406 -0.0259323120117188
0.0224151611328125 -0.0134696960449219 0.0473403930664063 0.0169868469238281
0.00333976745605469 -0.0171356201171875 0.089019775390625 -0.00690460205078125
-0.0079803466796875 -0.0111293792724609 0.0860671997070313 -0.0606231689453125
-0.0132837295532227 -0.00127696990966797 0.0531158447265625 -0.10284423828125
-0.0124588012695313 -0.0105571746826172 0.0168609619140625 -0.108497619628906
-0.0109415054321289 -0.0153999328613281 0.00550842285156249 -0.0872726440429688
-0.0151090621948242 -0.0173282623291016 0.011016845703125 -0.06573486328125
-0.00393295288085937 -0.0320491790771484 0.0171051025390625 -0.0476341247558594
0.0215568542480469 -0.0365028381347656 0.00411033630371094 -0.0243492126464844
0.0485763549804688 -0.016876220703125 -0.00865745544433593 -0.0314903259277344
0.0590591430664063 0.0324211120605469 -0.0154876708984375 -0.0690345764160156
0.048004150390625 0.0776824951171875 0.00675964355468749 -0.102607727050781
0.0153045654296875 0.0985031127929688 0.0274734497070313 -0.0887222290039063
-0.0086669921875 0.1114501953125 0.112594604492188 -0.0422821044921875
0.0385208129882812 0.0698928833007812 0.0515937805175781 -0.000717163085937496
0.0392341613769531 0.03460693359375 0.056488037109375 0.0334243774414063
0.0434112548828125 0.00412368774414063 0.0997390747070312 0.00516510009765625
0.0317745208740234 -0.0165023803710938 0.0941543579101563 -0.0503082275390625
0.014862060546875 -0.0298805236816406 0.0589141845703125 -0.095855712890625
0.00288009643554687 -0.0438117980957031 0.0222625732421875 -0.10150146484375
0.00558853149414062 -0.04473876953125 0.0077972412109375 -0.0777587890625
0.00423812866210937 -0.0491600036621094 0.0115127563476562 -0.0549240112304688
0.0228843688964844 -0.0524177551269531 0.015777587890625 -0.0377044677734375
0.0518646240234375 -0.0378913879394531 0.000433921813964847 -0.0144529342651367
0.0723800659179688 -0.005584716796875 -0.0126304626464844 -0.0196151733398438
0.065032958984375 0.0596046447753906 -0.0246734619140625 -0.0518913269042969
0.038665771484375 0.10919189453125 -0.000740051269531251 -0.07537841796875
-0.00481414794921876 0.125724792480469 0.0189399719238281 -0.0533027648925781
-0.0472183227539063 0.131271362304688 0.105010986328125 0.00456237792968751
0.0110549926757812 0.114608764648438 0.0522537231445313 0.0378150939941406
0.0428466796875 0.0848541259765625 0.0592308044433594 0.0543975830078125
0.0765533447265625 0.0351181030273438 0.101707458496094 0.0224456787109375
0.0710525512695312 -0.0130996704101562 0.0926132202148438 -0.03253173828125
0.0455322265625 -0.0513114929199219 0.0580291748046875 -0.076080322265625
0.020233154296875 -0.0707626342773437 0.0253677368164063 -0.0800094604492188
0.0204696655273437 -0.0675735473632813 0.00939178466796875 -0.0561752319335938
0.0212478637695312 -0.0742263793945313 0.00959014892578125 -0.0338134765625
0.0420761108398438 -0.0695381164550781 0.00996971130371094 -0.0204887390136719
0.0740737915039063 -0.040618896484375 -0.00599527359008789 -0.000805377960205081
0.089080810546875 0.00052642822265625 -0.0176925659179687 -0.00821495056152344
0.067169189453125 0.07611083984375 -0.0284538269042969 -0.0360450744628906
0.0291061401367188 0.12615966796875 -0.000465393066406247 -0.044952392578125
-0.0223007202148438 0.136405944824219 0.00736808776855468 -0.0126266479492187
-0.079345703125 0.125236511230469 0.081329345703125 0.0530624389648438
-0.024658203125 0.133842468261719 0.0413818359375 0.0786285400390625
0.0280303955078125 0.120491027832031 0.0529861450195313 0.0755081176757813
0.089447021484375 0.0667800903320313 0.091064453125 0.0416488647460938
0.09613037109375 0.0001373291015625 0.0791854858398438 -0.009185791015625
0.0715408325195313 -0.0600738525390625 0.0483589172363281 -0.0472526550292969
0.036376953125 -0.0854110717773438 0.0237503051757813 -0.0474128723144531
0.0327987670898438 -0.0807418823242188 0.00998306274414063 -0.0263786315917969
0.0342178344726562 -0.08868408203125 0.00615596771240234 -0.00520944595336915
0.0551910400390625 -0.0796432495117188 0.00171256065368653 0.00342607498168945
0.0873794555664063 -0.0402603149414063 -0.015192985534668 0.0147857666015625
0.0976409912109375 0.00689697265625 -0.0232887268066406 0.00118255615234375
0.062103271484375 0.0856857299804688 -0.0277118682861328 -0.0239276885986328
0.0142669677734375 0.129814147949219 0.00380802154541016 -0.0166587829589844
-0.0407028198242188 0.130912780761719 -0.00732994079589844 0.0276870727539063
-0.0955734252929688 0.0936126708984375 0.0483551025390625 0.0953140258789063
-0.0560226440429688 0.12017822265625 0.0199508666992188 0.113906860351563
1.52587890625052E-05 0.127212524414062 0.0397262573242188 0.0897674560546875
0.07763671875 0.0865402221679688 0.0681228637695312 0.0543746948242188
0.100105285644531 0.0165481567382813 0.0555648803710938 0.0116195678710938
0.0835342407226563 -0.0548782348632813 0.032012939453125 -0.0161361694335938
0.0459060668945313 -0.0851211547851562 0.0168771743774414 -0.0105133056640625
0.03936767578125 -0.0808334350585938 0.00797462463378907 0.00750064849853515
0.0416030883789063 -0.0903167724609375 0.001556396484375 0.0258731842041016
0.0612411499023438 -0.0793304443359375 -0.00855636596679687 0.0285091400146484
0.0914306640625 -0.0359268188476562 -0.0266017913818359 0.0302276611328125
0.09686279296875 0.0146102905273438 -0.0312843322753906 0.00838470458984375
0.049560546875 0.0903167724609375 -0.0264492034912109 -0.0165538787841797
-0.00719451904296876 0.122650146484375 0.00753021240234375 0.00775194168090821
-0.0593338012695312 0.111091613769531 -0.0275192260742188 0.0629653930664063
-0.092926025390625 0.0446243286132813 0.014801025390625 0.121429443359375
-0.0718994140625 0.0800552368164063 -0.000816345214843761 0.132453918457031
-0.0266036987304688 0.101669311523438 0.0254135131835938 0.0919570922851563
0.0477981567382812 0.0856552124023438 0.0436058044433594 0.0571937561035156
0.0813217163085938 0.02789306640625 0.0296669006347656 0.024261474609375
0.079132080078125 -0.039215087890625 0.0130729675292969 0.0113945007324219
0.0473403930664062 -0.0709075927734375 0.00827217102050781 0.0238552093505859
0.0399703979492188 -0.0688438415527344 0.00502777099609375 0.0392227172851563
0.042236328125 -0.079559326171875 -0.003631591796875 0.0558738708496094
0.060150146484375 -0.0691070556640625 -0.0203361511230469 0.0530357360839844
0.085693359375 -0.0272445678710937 -0.0395164489746094 0.0444793701171875
0.0868606567382813 0.0223236083984375 -0.0412864685058594 0.0135955810546875
0.0315093994140625 0.0892486572265625 -0.0276107788085937 -0.0110855102539062
-0.02960205078125 0.105430603027344 0.00420188903808594 0.0280055999755859
-0.074615478515625 0.078155517578125 -0.0523300170898438 0.0878067016601563
-0.074066162109375 -0.0117263793945312 -0.00980377197265627 0.128402709960938
-0.0708389282226563 0.0248184204101562 -0.013824462890625 0.132919311523438
-0.0442428588867187 0.0560073852539063 0.0173873901367187 0.0852737426757813
0.0124282836914063 0.0651473999023438 0.0245437622070312 0.0523490905761719
0.0490951538085938 0.0315933227539063 0.00845146179199219 0.0283985137939453
0.0598297119140625 -0.0179977416992188 -0.00337982177734375 0.0317268371582031
0.0404739379882813 -0.0466842651367188 -0.000457763671875001 0.0508232116699219
0.0339622497558594 -0.0464820861816406 0.00172424316406251 0.0657730102539063
0.0373077392578125 -0.0568695068359375 -0.00853729248046874 0.080535888671875
0.0511627197265625 -0.0506820678710938 -0.0325775146484375 0.075042724609375
0.0703353881835938 -0.0152587890625 -0.0539131164550781 0.0563888549804688
0.0678443908691406 0.026214599609375 -0.0540542602539062 0.0174598693847656
0.011962890625 0.0767974853515625 -0.0328559875488281 -0.00910186767578125
-0.0473098754882813 0.0750045776367187 -0.00706481933593751 0.0416908264160156
-0.0799636840820312 0.0339279174804688 -0.0811843872070313 0.100379943847656
0.0555648803710938 0.0221061706542969 0.0836563110351563 -0.10302734375
0.0488700866699219 -0.0397987365722656 0.024566650390625 -0.0395164489746094
-0.00371551513671875 -0.0514144897460938 0.0378875732421875 0.0088653564453125
-0.0368423461914063 -0.0264778137207031 0.0762939453125 -0.0152053833007813
-0.04254150390625 0.00391769409179688 0.0701866149902344 -0.0683174133300781
-0.0335178375244141 0.0322799682617188 0.0370407104492187 -0.104263305664063
-0.0229530334472656 0.0268516540527344 0.00311279296875001 -0.1048583984375
-0.0238914489746094 0.0190296173095703 -0.0047149658203125 -0.08489990234375
-0.0324172973632813 0.0195522308349609 0.00115585327148437 -0.0668869018554688
-0.0354957580566406 -0.00685119628906251 0.00577163696289062 -0.0518722534179688
-0.0185813903808594 -0.0352821350097656 -0.000730514526367185 -0.0337333679199219
0.0152359008789063 -0.0393524169921875 -0.0104713439941406 -0.0454864501953125
0.0553398132324219 -0.0119895935058594 -0.0083465576171875 -0.086517333984375
0.0656967163085938 0.0265922546386719 0.00949096679687501 -0.126785278320313
0.0458602905273438 0.0554885864257813 0.0225906372070312 -0.122055053710937
0.0322494506835938 0.0726089477539062 0.102546691894531 -0.086578369140625
0.0531578063964844 0.0123481750488281 0.0391845703125 -0.0285491943359375
0.0218048095703125 -0.0144271850585938 0.0487899780273438 0.0161399841308594
0.00232410430908203 -0.0170612335205078 0.0907821655273438 -0.0119171142578125
-0.00850105285644531 -0.010004997253418 0.0840072631835938 -0.06793212890625
-0.0125188827514648 0.000140190124511719 0.04638671875 -0.109428405761719
-0.0128307342529297 -0.00950050354003906 0.00850677490234374 -0.112228393554687
-0.011749267578125 -0.0145978927612305 -0.002593994140625 -0.089080810546875
-0.0151481628417969 -0.0170326232910156 0.00436019897460938 -0.0685768127441406
-0.00562286376953125 -0.0314579010009766 0.0114898681640625 -0.0514755249023438
0.0191421508789063 -0.0376014709472656 0.00214004516601562 -0.0282020568847656
0.0470046997070312 -0.0206108093261719 -0.00935745239257812 -0.0343856811523438
0.0623359680175781 0.028900146484375 -0.0177421569824219 -0.0700416564941406
0.054534912109375 0.0750656127929688 0.00142669677734376 -0.104972839355469
0.0230712890625 0.0986099243164063 0.0230636596679688 -0.0950393676757813
-0.000442504882812493 0.114662170410156 0.112266540527344 -0.0520553588867187
0.0438194274902344 0.0690231323242188 0.0505256652832031 -0.00326919555664062
0.0427665710449219 0.0340156555175781 0.0586013793945312 0.0312538146972656
0.0444831848144531 0.00204849243164063 0.102310180664063 -0.00037384033203125
0.0322914123535156 -0.0184707641601562 0.0924301147460938 -0.057830810546875
0.0146999359130859 -0.0310878753662109 0.0526504516601563 -0.102073669433594
-9.91821289062463E-05 -0.0452194213867187 0.0138626098632812 -0.1051025390625
0.0018157958984375 -0.0461006164550781 0.000213623046875004 -0.0798416137695313
0.00140380859375 -0.0504951477050781 0.00501251220703124 -0.0574226379394531
0.0192451477050781 -0.0557403564453125 0.010528564453125 -0.0418624877929688
0.0497207641601563 -0.0423240661621094 -0.00148391723632812 -0.0179424285888672
0.0735244750976563 -0.0109176635742188 -0.0135345458984375 -0.0217666625976563
0.0705795288085938 0.0565643310546875 -0.026824951171875 -0.0523262023925781
0.0479965209960938 0.108558654785156 -0.00463104248046875 -0.0776519775390625
0.00428771972656249 0.128753662109375 0.0169410705566406 -0.0580520629882812
-0.0385971069335938 0.138519287109375 0.106941223144531 -0.00425720214843749
0.0192489624023437 0.116783142089844 0.0534248352050781 0.0343132019042969
0.050933837890625 0.0855178833007813 0.0628585815429688 0.0524826049804688
0.0814971923828125 0.0306396484375 0.104743957519531 0.0172500610351563
0.072021484375 -0.0177383422851563 0.0927658081054688 -0.0384445190429688
0.0440597534179687 -0.0560989379882812 0.0537567138671875 -0.081451416015625
0.0151214599609375 -0.0743331909179688 0.0183029174804687 -0.083343505859375
0.0154037475585938 -0.071441650390625 0.00333404541015625 -0.0588798522949219
0.0162277221679688 -0.0785980224609375 0.00522422790527344 -0.0348911285400391
0.0375900268554688 -0.0745620727539063 0.00605201721191407 -0.0231266021728516
0.0725173950195313 -0.0476303100585938 -0.00804138183593749 -0.00282812118530274
0.0920562744140625 -0.00571441650390625 -0.0186100006103516 -0.00967025756835938
0.075164794921875 0.0735855102539063 -0.0302467346191406 -0.0362548828125
0.0400161743164062 0.127372741699219 -0.0030059814453125 -0.0478973388671875
-0.012786865234375 0.1417236328125 0.00756549835205078 -0.0160951614379883
-0.0716400146484375 0.135360717773437 0.0867538452148438 0.0480880737304688
-0.0148391723632813 0.14007568359375 0.0445632934570312 0.0771865844726563
0.0392532348632812 0.123283386230469 0.0572509765625 0.0742263793945313
0.096954345703125 0.0619964599609375 0.093841552734375 0.0374755859375
0.0990982055664063 -0.00756072998046875 0.079559326171875 -0.0136947631835937
0.0685882568359375 -0.067413330078125 0.0465736389160156 -0.0509567260742188
0.0292739868164062 -0.0906753540039063 0.0193443298339844 -0.0506744384765625
0.026214599609375 -0.0857391357421875 0.00528907775878907 -0.0278911590576172
0.0270309448242187 -0.09503173828125 0.00413131713867188 -0.00568580627441407
0.0496902465820312 -0.0861129760742188 -0.000821709632873532 0.00183534622192382
0.0864181518554688 -0.0493087768554688 -0.0167713165283203 0.0143098831176758
0.101280212402344 -0.00023651123046875 -0.0246658325195312 0.0006256103515625
0.0715103149414063 0.0843124389648438 -0.0291671752929688 -0.0244598388671875
0.0252227783203125 0.132980346679688 0.00365638732910156 -0.0193195343017578
-0.0318603515625 0.137901306152344 -0.00508880615234375 0.0261268615722656
-0.090850830078125 0.105461120605469 0.0549163818359375 0.0934982299804687
-0.0481796264648437 0.128814697265625 0.0264968872070313 0.113296508789063
0.01165771484375 0.132186889648438 0.0442581176757812 0.0888595581054688
0.0875473022460938 0.0832977294921875 0.071868896484375 0.0517730712890625
0.103790283203125 0.00820159912109375 0.0573043823242188 0.00902557373046875
0.0811386108398438 -0.0629653930664063 0.03204345703125 -0.0173358917236328
0.0394134521484375 -0.0912857055664063 0.0158681869506836 -0.012721061706543
0.0323028564453125 -0.0866012573242187 0.00676965713500977 0.00671625137329101
0.0337905883789063 -0.0971298217773438 0.00256729125976563 0.0271034240722656
0.0556640625 -0.0870361328125 -0.00891685485839843 0.0291728973388672
0.0903396606445313 -0.045379638671875 -0.02667236328125 0.0320320129394531
0.100944519042969 0.00751495361328125 -0.0326023101806641 0.00869941711425781
0.0591201782226563 0.0899887084960937 -0.027618408203125 -0.0162677764892578
0.00341033935546874 0.127731323242187 0.00844001770019531 0.00631237030029298
-0.0522003173828125 0.118804931640625 -0.0228195190429688 0.0640792846679688
-0.0919570922851563 0.0547256469726562 0.0230331420898437 0.122947692871094
-0.0674667358398438 0.0884017944335938 0.00606536865234375 0.134468078613281
-0.0184249877929688 0.108467102050781 0.0300979614257813 0.092376708984375
0.0572357177734375 0.0840682983398438 0.0468521118164063 0.056732177734375
0.0863189697265625 0.0212783813476563 0.0318794250488281 0.0243453979492188
0.0778045654296875 -0.0469818115234375 0.0147714614868164 0.012664794921875
0.0416336059570313 -0.0773849487304688 0.0101947784423828 0.0234794616699219
0.0336151123046875 -0.0741653442382813 0.00709152221679688 0.0394020080566406
0.0355377197265625 -0.0856781005859375 0.000179290771484381 0.0573158264160156
0.055389404296875 -0.0773239135742187 -0.0187187194824219 0.0558509826660156
0.0856552124023437 -0.0360565185546875 -0.0390281677246094 0.0481986999511719
0.0912628173828125 0.0148239135742187 -0.0424423217773437 0.0159034729003906
0.04058837890625 0.0890274047851563 -0.0290813446044922 -0.0108585357666016
-0.0207748413085938 0.111183166503906 0.00667381286621094 0.0266647338867188
-0.0695266723632813 0.0860214233398438 -0.0467071533203125 0.092498779296875
-0.076446533203125 -0.00473022460937501 -0.00217437744140625 0.132682800292969
-0.070037841796875 0.0325164794921875 -0.00714111328125 0.136253356933594
-0.0398216247558594 0.062744140625 0.02142333984375 0.0857925415039063
0.0192832946777344 0.0657768249511719 0.0264968872070312 0.0527534484863281
0.0534477233886719 0.0271682739257813 0.011199951171875 0.0307140350341797
0.0591049194335938 -0.0249176025390625 -0.00014877319335937 0.0340099334716797
0.0368309020996094 -0.0510292053222656 0.00408172607421875 0.0515022277832031
0.0295944213867188 -0.0511398315429687 0.00674057006835937 0.0666046142578125
0.0321083068847656 -0.06231689453125 -0.00258636474609374 0.08355712890625
0.0470809936523438 -0.0564994812011719 -0.02947998046875 0.0788803100585938
0.0701560974121094 -0.0224151611328125 -0.0519676208496094 0.0616111755371094
0.0715408325195313 0.0202713012695313 -0.0547599792480469 0.0206794738769531
0.0184249877929688 0.0784683227539063 -0.0341072082519531 -0.00799369812011718
-0.0410614013671875 0.08154296875 -0.00262832641601563 0.04180908203125
-0.0777816772460938 0.0420074462890625 -0.0758743286132812 0.107643127441406
0.0558395385742188 0.0180435180664063 0.0764846801757813 -0.108390808105469
0.0450782775878906 -0.0420799255371094 0.0206565856933594 -0.0393867492675781
-0.0081634521484375 -0.0501899719238281 0.038177490234375 0.008270263671875
-0.038604736328125 -0.0228691101074219 0.0756912231445313 -0.0192413330078125
-0.0414619445800781 0.00731277465820313 0.065582275390625 -0.0717010498046875
-0.0294208526611328 0.0348110198974609 0.0292129516601563 -0.105941772460938
-0.0198917388916016 0.0293712615966797 -0.00432586669921874 -0.104690551757813
-0.0219478607177734 0.0206890106201172 -0.0108184814453125 -0.0836944580078125
-0.0290775299072266 0.0219497680664062 -0.00516891479492188 -0.0668106079101563
-0.0345611572265625 -0.00303649902343751 0.000350952148437493 -0.0522193908691406
-0.0219669342041016 -0.0320167541503906 -0.00282669067382812 -0.0362091064453125
0.0115776062011719 -0.0389785766601562 -0.0109672546386719 -0.0469284057617188
0.053375244140625 -0.0168418884277344 -0.0112991333007813 -0.0852737426757813
0.0663108825683594 0.0211029052734375 0.00342559814453125 -0.126716613769531
0.0491867065429688 0.0505790710449219 0.0155105590820313 -0.123634338378906
0.036712646484375 0.0699310302734375 0.096405029296875 -0.0925445556640625
0.0529594421386719 0.00890350341796875 0.0359344482421875 -0.0300483703613281
0.0206470489501953 -0.0148696899414062 0.048736572265625 0.015533447265625
0.00126075744628906 -0.0165510177612305 0.0899887084960938 -0.0160446166992188
-0.00864791870117187 -0.0079336166381836 0.0783462524414063 -0.071990966796875
-0.0107831954956055 0.00177955627441406 0.0384521484375 -0.111518859863281
-0.0125179290771484 -0.00816440582275391 5.34057617187407E-05 -0.111763000488281
-0.0123424530029297 -0.0131340026855469 -0.010040283203125 -0.0875320434570312
-0.015498161315918 -0.0158720016479492 -0.00273513793945312 -0.0683822631835938
-0.0070648193359375 -0.0300064086914062 0.0056610107421875 -0.0535888671875
0.0157012939453125 -0.03741455078125 -0.000909805297851561 -0.0309677124023438
0.0446395874023438 -0.0230751037597656 -0.0105476379394531 -0.0361595153808594
0.0631332397460938 0.0243034362792969 -0.0199737548828125 -0.0688400268554687
0.0582733154296875 0.070892333984375 -0.00351715087890625 -0.105491638183594
0.0290298461914062 0.0962295532226562 0.0179443359375 -0.0985794067382813
0.00679779052734376 0.114311218261719 0.107894897460938 -0.0589218139648438
0.0477828979492188 0.0661468505859375 0.048095703125 -0.005584716796875
0.0457115173339844 0.0320472717285156 0.0585556030273437 0.0296897888183594
0.0453376770019531 -0.000370025634765625 0.101051330566406 -0.00518035888671875
0.0308017730712891 -0.0192203521728516 0.0877838134765625 -0.06280517578125
0.0130748748779297 -0.0319652557373047 0.0454177856445313 -0.104522705078125
-0.002593994140625 -0.0444374084472656 0.00569915771484374 -0.104866027832031
-0.00145721435546875 -0.0462226867675781 -0.00690460205078126 -0.078765869140625
-0.00154495239257813 -0.050750732421875 -0.000938415527343744 -0.0571136474609375
0.0157241821289063 -0.0558662414550781 0.00445175170898438 -0.0438804626464844
0.0463943481445313 -0.044647216796875 -0.00440025329589843 -0.0200901031494141
0.0720138549804688 -0.0150604248046875 -0.0150775909423828 -0.0237617492675781
0.0734786987304688 0.0522308349609375 -0.0278587341308594 -0.0514183044433594
0.054718017578125 0.105804443359375 -0.00786590576171874 -0.0778045654296875
0.0123367309570313 0.12750244140625 0.0140342712402344 -0.0621299743652344
-0.028900146484375 0.140945434570313 0.105445861816406 -0.0116195678710937
0.0271759033203125 0.115608215332031 0.0533714294433594 0.0308837890625
0.05712890625 0.08251953125 0.0627861022949219 0.0499801635742188
0.0838775634765625 0.0258865356445313 0.104156494140625 0.0121307373046875
0.0702896118164063 -0.023345947265625 0.0887451171875 -0.043243408203125
0.0406036376953125 -0.0586891174316406 0.0477523803710937 -0.083587646484375
0.00946044921875 -0.074920654296875 0.0111312866210938 -0.0842819213867188
0.00928497314453124 -0.0719757080078125 -0.00274276733398438 -0.0577735900878906
0.00988769531250001 -0.07952880859375 0.000244140625000001 -0.0348052978515625
0.0317916870117187 -0.0768585205078125 0.00121688842773438 -0.0250663757324219
0.06903076171875 -0.0531196594238281 -0.0100955963134766 -0.00502014160156251
0.0917129516601563 -0.0119247436523438 -0.0198574066162109 -0.0111618041992188
0.0804214477539063 0.0687179565429688 -0.0312690734863281 -0.0351943969726562
0.0490646362304688 0.125167846679688 -0.0049591064453125 -0.0488395690917969
-0.0038299560546875 0.142044067382813 0.00703239440917969 -0.0195426940917969
-0.0620269775390625 0.141036987304688 0.088134765625 0.0416107177734375
-0.00575256347656249 0.141387939453125 0.0466690063476563 0.0736007690429688
0.0488128662109375 0.121902465820313 0.0590591430664063 0.0711669921875
0.101936340332031 0.055084228515625 0.0942840576171875 0.0327377319335938
0.0984573364257812 -0.0146408081054687 0.078216552734375 -0.01806640625
0.064300537109375 -0.0719528198242188 0.0434799194335938 -0.0531196594238281
0.0224380493164062 -0.0916290283203125 0.0152549743652344 -0.0514717102050781
0.0191574096679687 -0.0870819091796875 0.00123977661132813 -0.0277690887451172
0.018646240234375 -0.0966415405273438 0.00199317932128906 -0.00537824630737305
0.0430755615234375 -0.08978271484375 -0.00366806983947754 0.000354051589965815
0.0823135375976563 -0.0559310913085937 -0.0175323486328125 0.0134897232055664
0.101737976074219 -0.00832366943359375 -0.0258045196533203 0.000226974487304685
0.0779190063476563 0.07965087890625 -0.0301189422607422 -0.023468017578125
0.0351028442382813 0.131965637207031 0.0028076171875 -0.0209293365478516
-0.02276611328125 0.139732360839844 -0.00323295593261719 0.0239124298095703
-0.0836410522460937 0.112678527832031 0.059356689453125 0.0889358520507813
-0.039093017578125 0.132514953613281 0.0309524536132813 0.110015869140625
0.0216522216796875 0.132575988769531 0.0463180541992188 0.0860443115234375
0.0937881469726563 0.0765457153320313 0.0735549926757813 0.0488128662109375
0.103378295898438 0.00035858154296875 0.05816650390625 0.00629043579101563
0.076507568359375 -0.0686111450195312 0.0320587158203125 -0.0177135467529297
0.0313796997070313 -0.0933761596679688 0.0145492553710938 -0.01318359375
0.0243682861328125 -0.0883712768554688 0.0062713623046875 0.00626754760742187
0.024444580078125 -0.0998306274414063 0.00325775146484375 0.0268344879150391
0.0483474731445313 -0.0914993286132813 -0.00939178466796874 0.0285282135009766
0.0871505737304688 -0.052093505859375 -0.0265541076660156 0.0329055786132812
0.101806640625 -0.0010986328125 -0.0326061248779297 0.00977134704589844
0.066375732421875 0.086578369140625 -0.0282630920410156 -0.0159683227539062
0.0134963989257812 0.128005981445313 0.00963592529296875 0.00333881378173829
-0.0435562133789063 0.122138977050781 -0.0178680419921875 0.0629920959472657
-0.0874481201171875 0.0623245239257812 0.0299301147460937 0.121131896972656
-0.0605697631835938 0.0936737060546875 0.0120162963867187 0.132354736328125
-0.00942230224609375 0.111534118652344 0.0330581665039062 0.089752197265625
0.0638885498046875 0.0796966552734375 0.0483474731445313 0.0550155639648438
0.08734130859375 0.0141143798828125 0.0333480834960938 0.0239791870117188
0.0739212036132813 -0.0535202026367188 0.0167913436889648 0.012852668762207
0.0344772338867187 -0.0799407958984375 0.0116214752197266 0.0227031707763672
0.02716064453125 -0.0767669677734375 0.00888442993164062 0.0385856628417969
0.02777099609375 -0.0889205932617188 0.00342941284179688 0.0576629638671875
0.0480575561523438 -0.0812301635742188 -0.0165214538574219 0.0563812255859375
0.082763671875 -0.0430450439453125 -0.0374870300292969 0.04986572265625
0.0924148559570313 0.0073699951171875 -0.0424919128417969 0.0176734924316406
0.0479278564453125 0.0871658325195313 -0.0297641754150391 -0.0105953216552734
-0.0114517211914063 0.113021850585937 0.00849723815917969 0.0238933563232422
-0.0622634887695313 0.0908432006835937 -0.0399627685546875 0.0934066772460937
-0.0756378173828125 0.00275421142578125 0.00530242919921874 0.132499694824219
-0.0665817260742188 0.0390625 -0.000503540039062492 0.135505676269531
-0.03350830078125 0.0668525695800781 0.0239639282226562 0.0837860107421875
0.0257835388183594 0.0642242431640625 0.0278892517089844 0.0536460876464844
0.0554161071777344 0.0215911865234375 0.0130558013916016 0.0318317413330078
0.0564193725585938 -0.030059814453125 0.00339508056640625 0.0354804992675781
0.03143310546875 -0.054168701171875 0.0079345703125 0.050750732421875
0.0244636535644531 -0.05377197265625 0.0107994079589844 0.0651512145996094
0.0258026123046875 -0.0646591186523438 0.00315093994140625 0.083404541015625
0.0415191650390625 -0.0600662231445313 -0.0252685546875 0.0805816650390625
0.0679740905761719 -0.0283660888671875 -0.0494499206542969 0.0644798278808594
0.0723876953125 0.0142364501953125 -0.0538597106933594 0.02337646484375
0.0241165161132813 0.0771713256835938 -0.0343894958496094 -0.00723075866699218
-0.0338516235351563 0.0843658447265625 0.000854492187499999 0.039581298828125
-0.0733642578125 0.0468597412109375 -0.0676422119140625 0.111663818359375
0.0556106567382813 0.0145111083984375 0.0722503662109375 -0.109909057617188
0.0418815612792969 -0.0426750183105469 0.0183944702148438 -0.0385665893554688
-0.0107765197753906 -0.0492820739746094 0.0374565124511719 0.00841140747070312
-0.0390625 -0.0204582214355469 0.0745391845703125 -0.0203628540039062
-0.0399055480957031 0.0107269287109375 0.0621109008789063 -0.0723190307617188
-0.0252571105957031 0.0359458923339844 0.024169921875 -0.104804992675781
-0.0168914794921875 0.0301418304443359 -0.00867462158203126 -0.103073120117188
-0.0203723907470703 0.0216560363769531 -0.0143356323242187 -0.0814437866210938
-0.0261478424072266 0.0226535797119141 -0.00880432128906249 -0.0655441284179688
-0.0335750579833984 0.000101089477539061 -0.0033721923828125 -0.0520553588867187
-0.0232810974121094 -0.0284996032714844 -0.00484466552734375 -0.0372314453125
0.00855636596679688 -0.0381813049316406 -0.0112190246582031 -0.0478782653808594
0.0500717163085938 -0.0189743041992188 -0.0120391845703125 -0.0830917358398438
0.0654220581054688 0.0172195434570313 0.000312805175781265 -0.124656677246094
0.0498542785644531 0.0471115112304688 0.0118255615234375 -0.123550415039063
0.0380668640136719 0.0666580200195313 0.0920562744140625 -0.0949935913085938
0.0515632629394531 0.00725936889648438 0.0328102111816406 -0.0297832489013672
0.0195789337158203 -0.0148468017578125 0.0481681823730469 0.0153160095214844
0.000890731811523439 -0.0152120590209961 0.0888137817382813 -0.0174484252929688
-0.00843715667724609 -0.00653696060180664 0.0742568969726563 -0.0726470947265625
-0.00882816314697266 0.00207614898681641 0.032440185546875 -0.110824584960938
-0.0118980407714844 -0.00775718688964844 -0.005157470703125 -0.10986328125
-0.0122690200805664 -0.0123205184936523 -0.0142822265625 -0.0850067138671875
-0.0152435302734375 -0.0149574279785156 -0.00641250610351563 -0.0672073364257813
-0.00788497924804688 -0.0282154083251953 0.000419616699218752 -0.053192138671875
0.0140113830566406 -0.0362434387207031 -0.00355148315429687 -0.032989501953125
0.0421524047851563 -0.0234870910644531 -0.010772705078125 -0.037811279296875
0.0622444152832031 0.021636962890625 -0.0196266174316406 -0.0678176879882813
0.0598907470703125 0.0664749145507813 -0.00537872314453126 -0.1041259765625
0.0315017700195312 0.0928955078125 0.0145797729492188 -0.0993804931640625
0.0107879638671875 0.112525939941406 0.103858947753906 -0.0628585815429688
0.0490455627441406 0.0633621215820313 0.0453300476074219 -0.0063323974609375
0.0460472106933594 0.0301399230957031 0.0574073791503906 0.0289115905761719
0.0450325012207031 -0.00146865844726563 0.0996017456054688 -0.00737762451171875
0.0300254821777344 -0.0203609466552734 0.0840911865234375 -0.0636215209960938
0.0131931304931641 -0.0317306518554688 0.0403060913085938 -0.10406494140625
-0.00415420532226563 -0.0437431335449219 0.000595092773437499 -0.103050231933594
-0.00350189208984375 -0.0452804565429688 -0.0114593505859375 -0.0762100219726563
-0.0037078857421875 -0.0502548217773438 -0.00508880615234375 -0.0559959411621094
0.0136489868164063 -0.0554771423339844 -0.000411987304687497 -0.0444717407226563
0.0440216064453125 -0.0454597473144531 -0.00664710998535156 -0.0219764709472656
0.0701713562011719 -0.0173110961914063 -0.0153617858886719 -0.0255489349365234
0.0744705200195313 0.0490341186523438 -0.0272750854492188 -0.050628662109375
0.0574569702148438 0.101776123046875 -0.00931549072265624 -0.0778656005859375
0.0162277221679688 0.124465942382812 0.0118637084960938 -0.0637130737304687
-0.0232620239257813 0.140304565429688 0.102867126464844 -0.0159912109375
0.03076171875 0.112808227539063 0.0509376525878906 0.0285911560058594
0.0607376098632813 0.0800704956054687 0.0618133544921875 0.0486907958984375
0.0840072631835938 0.022308349609375 0.102584838867188 0.0099639892578125
0.0686988830566406 -0.0251274108886719 0.0853195190429688 -0.0445327758789063
0.0386924743652344 -0.0593490600585938 0.0436477661132812 -0.0834121704101563
0.00604248046875001 -0.0739288330078125 0.00623321533203124 -0.0829696655273437
0.00547027587890624 -0.0710906982421875 -0.00690078735351562 -0.0560302734375
0.00615692138671875 -0.0792694091796875 -0.00334358215332031 -0.0340633392333984
0.0282135009765625 -0.0779495239257813 -0.00317192077636718 -0.0251293182373047
0.0659904479980469 -0.0548667907714844 -0.0121889114379883 -0.00605201721191407
0.089752197265625 -0.0154647827148438 -0.0199623107910156 -0.0128974914550781
0.08258056640625 0.0656204223632813 -0.0305957794189453 -0.0350990295410156
0.0537643432617188 0.121910095214844 -0.00571060180664062 -0.0489006042480469
0.00112152099609375 0.139907836914063 0.00666236877441406 -0.0222034454345703
-0.0560760498046875 0.14178466796875 0.0882720947265625 0.03765869140625
-7.62939453125046E-05 0.139251708984375 0.0462112426757813 0.0707244873046875
0.0539932250976563 0.118721008300781 0.0581626892089844 0.0688133239746094
0.103660583496094 0.050933837890625 0.093231201171875 0.0306854248046875
0.0958938598632813 -0.0184707641601563 0.0763702392578125 -0.0191726684570313
0.0604934692382813 -0.0738525390625 0.0412216186523438 -0.0526084899902344
0.0174331665039063 -0.09130859375 0.0113792419433594 -0.0508041381835938
0.0139694213867187 -0.0863571166992188 -0.00118255615234375 -0.0269546508789063
0.0130615234375 -0.0970306396484375 -0.000116348266601562 -0.00524568557739258
0.0373382568359375 -0.0912704467773438 -0.0064554214477539 0.000257492065429683
0.0792770385742187 -0.05950927734375 -0.0190258026123047 0.0132770538330078
0.0998001098632813 -0.0131301879882812 -0.0259475708007812 -0.000558853149414058
0.0813217163085938 0.0758438110351563 -0.0301303863525391 -0.0236263275146484
0.0413589477539063 0.129119873046875 0.00327301025390625 -0.0224761962890625
-0.0170822143554688 0.1390380859375 -0.00183868408203125 0.0208644866943359
-0.0773696899414062 0.115119934082031 0.0616912841796875 0.0852813720703125
-0.032318115234375 0.132850646972656 0.0316162109375 0.107185363769531
0.0284423828125 0.131149291992187 0.0457305908203125 0.0842056274414063
0.0967636108398438 0.0720291137695313 0.0719451904296875 0.047149658203125
0.102142333984375 -0.003875732421875 0.0564384460449219 0.00586318969726563
0.0724716186523438 -0.0718994140625 0.0313930511474609 -0.0180397033691406
0.02630615234375 -0.0934677124023438 0.0127630233764648 -0.0134143829345703
0.0193710327148437 -0.0876617431640625 0.00431203842163086 0.00568294525146484
0.0193252563476563 -0.0996170043945313 0.00352096557617187 0.0270900726318359
0.0425567626953125 -0.0932464599609375 -0.0107059478759766 0.0284500122070312
0.0834274291992187 -0.0565338134765625 -0.026580810546875 0.0323963165283203
0.100547790527344 -0.0063629150390625 -0.0337982177734375 0.00975227355957031
0.0702285766601563 0.0835800170898438 -0.0283527374267578 -0.016143798828125
0.0202178955078125 0.12664794921875 0.00948524475097656 0.00113391876220704
-0.0375137329101563 0.122055053710938 -0.0155067443847656 0.0610466003417969
-0.0836715698242188 0.0669937133789062 0.032470703125 0.118446350097656
-0.055572509765625 0.0959548950195313 0.0145797729492188 0.129165649414063
-0.00281524658203124 0.110755920410156 0.0325393676757812 0.08795166015625
0.067718505859375 0.0757675170898438 0.0474205017089844 0.0541801452636719
0.0869979858398437 0.0094146728515625 0.0338096618652344 0.0237236022949219
0.0697402954101563 -0.0566978454589844 0.0183029174804688 0.0131378173828125
0.0297393798828125 -0.0803146362304688 0.0123748779296875 0.0213737487792969
0.0220108032226563 -0.0768814086914063 0.00944900512695313 0.0378227233886719
0.0221023559570313 -0.0887680053710938 0.00494766235351562 0.0566329956054688
0.0423431396484375 -0.0822219848632813 -0.0154495239257813 0.055938720703125
0.0795974731445313 -0.046966552734375 -0.0359268188476562 0.0501327514648438
0.0910415649414062 0.00269317626953125 -0.0420455932617187 0.0180168151855469
0.0519180297851563 0.0843276977539063 -0.0297164916992187 -0.0100765228271484
-0.00512695312500001 0.112403869628906 0.00993728637695313 0.0217742919921875
-0.0574264526367187 0.0918731689453125 -0.0359420776367188 0.0916900634765625
-0.0745773315429687 0.00720977783203126 0.00883483886718748 0.130607604980469
-0.0637550354003906 0.0421104431152344 0.00261688232421875 0.1331787109375
-0.0293159484863281 0.0682945251464844 0.0227432250976563 0.0825271606445313
0.0297470092773438 0.0612602233886719 0.0282363891601563 0.0524864196777344
0.0556907653808594 0.0182304382324219 0.0145988464355469 0.0327205657958984
0.0541419982910156 -0.0329704284667969 0.00640869140625 0.035369873046875
0.0269813537597656 -0.0544662475585938 0.0100975036621094 0.0496749877929688
0.0206794738769531 -0.0532913208007813 0.0127944946289063 0.0629196166992188
0.0210685729980469 -0.0644493103027344 0.00620269775390626 0.0819473266601562
0.0375251770019531 -0.0614051818847656 -0.0225830078125 0.0797576904296875
0.0654373168945313 -0.0319328308105469 -0.0463294982910156 0.0655059814453125
0.0720443725585938 0.009674072265625 -0.053131103515625 0.0244903564453125
0.0283660888671875 0.07513427734375 -0.0345573425292969 -0.00693130493164062
-0.02862548828125 0.0850067138671875 0.0027618408203125 0.03668212890625
-0.0691108703613281 0.0489349365234375 -0.0618896484375 0.111991882324219
0.0547866821289063 0.0128250122070313 0.0706787109375 -0.110969543457031
0.0393829345703125 -0.0432281494140625 0.0179901123046875 -0.0379257202148438
-0.0124397277832031 -0.0478858947753906 0.0373954772949219 0.00973510742187499
-0.0400619506835938 -0.0187835693359375 0.0748443603515625 -0.0204620361328125
-0.03875732421875 0.0120277404785156 0.0609054565429688 -0.0723114013671875
-0.023712158203125 0.0361900329589844 0.0225372314453125 -0.104278564453125
-0.0145988464355469 0.0305767059326172 -0.0107192993164063 -0.102249145507813
-0.0190448760986328 0.0222225189208984 -0.0161056518554687 -0.0802459716796875
-0.0252857208251953 0.0234165191650391 -0.0114364624023437 -0.0652351379394531
-0.0326690673828125 0.00203514099121094 -0.00585174560546876 -0.0515327453613281
-0.0241107940673828 -0.0270786285400391 -0.00571823120117188 -0.0396003723144531
0.00719833374023438 -0.0377578735351562 -0.0112724304199219 -0.0500106811523437
0.0489006042480469 -0.0202484130859375 -0.0106201171875 -0.0830307006835938
0.064727783203125 0.0149116516113281 0.000679016113281248 -0.124641418457031
0.0505409240722656 0.0454750061035156 0.011566162109375 -0.124305725097656
0.0386123657226562 0.0662117004394531 0.0911331176757813 -0.0972442626953125
0.051025390625 0.00652313232421875 0.0317192077636719 -0.0294322967529297
0.0192222595214844 -0.0149269104003906 0.0476531982421875 0.0158843994140625
0.000680923461914061 -0.0145101547241211 0.0885238647460938 -0.0174179077148438
-0.0082402229309082 -0.00545597076416016 0.073486328125 -0.0724411010742188
-0.00721979141235352 0.00210714340209961 0.0301742553710937 -0.110588073730469
-0.0108890533447266 -0.00683784484863281 -0.00736236572265625 -0.109275817871094
-0.01214599609375 -0.0120334625244141 -0.0165863037109375 -0.0836334228515625
-0.0145187377929687 -0.0143642425537109 -0.00969696044921876 -0.0665626525878906
-0.00792121887207031 -0.0281219482421875 -0.00294113159179688 -0.0539665222167969
0.012847900390625 -0.0352439880371094 -0.00466156005859375 -0.0351791381835938
0.0413856506347656 -0.0237083435058594 -0.0105972290039063 -0.0403327941894531
0.06170654296875 0.0204582214355469 -0.0176582336425781 -0.0680809020996094
0.0601768493652344 0.0652313232421875 -0.00504302978515625 -0.104042053222656
0.0322799682617188 0.0919342041015625 0.0145111083984375 -0.101081848144531
0.0125045776367187 0.112060546875 0.102890014648438 -0.0650558471679688
0.0494041442871094 0.0626602172851563 0.0437202453613281 -0.00630569458007812
0.0474586486816406 0.0301284790039063 0.057159423828125 0.0296783447265625
0.0453147888183594 -0.00162124633789062 0.0990676879882812 -0.00763702392578125
0.0300273895263672 -0.0197696685791016 0.08294677734375 -0.0634536743164063
0.0142669677734375 -0.0322284698486328 0.0384597778320313 -0.103904724121094
-0.0043487548828125 -0.043670654296875 -0.00204467773437501 -0.10272216796875
-0.00417327880859375 -0.044830322265625 -0.0142898559570313 -0.075347900390625
-0.004241943359375 -0.050689697265625 -0.00823211669921875 -0.0553169250488281
0.0123710632324219 -0.0552597045898438 -0.004241943359375 -0.0446395874023438
0.0429649353027344 -0.045928955078125 -0.00889778137207031 -0.0241813659667969
0.069610595703125 -0.0180740356445312 -0.0150547027587891 -0.0276832580566406
0.0753707885742188 0.04827880859375 -0.0260887145996094 -0.0514755249023438
0.0593643188476562 0.100440979003906 -0.00859832763671874 -0.0778350830078125
0.0174560546875 0.12481689453125 0.0117568969726562 -0.0662765502929687
-0.021270751953125 0.140869140625 0.102226257324219 -0.0174789428710937
0.0325241088867188 0.112335205078125 0.0492630004882813 0.0282440185546875
0.062774658203125 0.0798797607421875 0.0610389709472656 0.04925537109375
0.0844268798828125 0.0210418701171875 0.102134704589844 0.00969696044921875
0.0682029724121094 -0.0259437561035156 0.0843734741210937 -0.0441741943359375
0.037841796875 -0.0599899291992188 0.0425262451171875 -0.083526611328125
0.00538635253906249 -0.0734481811523438 0.00411987304687501 -0.082122802734375
0.00406646728515625 -0.0708847045898438 -0.00944137573242188 -0.054931640625
0.0037994384765625 -0.0794677734375 -0.00528144836425781 -0.0334987640380859
0.0263214111328125 -0.0786361694335938 -0.00675201416015625 -0.0257415771484375
0.0648002624511719 -0.0564956665039063 -0.0149555206298828 -0.00768566131591798
0.0902099609375 -0.0173721313476563 -0.0208759307861328 -0.0147056579589844
0.08477783203125 0.0647354125976562 -0.0298576354980469 -0.03631591796875
0.05633544921875 0.121116638183594 -0.00543975830078125 -0.0503425598144531
0.00284576416015626 0.139991760253906 0.00639724731445313 -0.0246601104736328
-0.052886962890625 0.143295288085937 0.0871353149414063 0.0353012084960938
0.00203704833984376 0.139472961425781 0.0449295043945313 0.0690689086914063
0.0568161010742187 0.118965148925781 0.0567741394042969 0.0693321228027344
0.105369567871094 0.0490570068359375 0.0925979614257813 0.0300750732421875
0.0955352783203125 -0.0201644897460938 0.0758056640625 -0.0191650390625
0.059051513671875 -0.0749435424804688 0.0404739379882813 -0.0528411865234375
0.0150909423828125 -0.091583251953125 0.0100326538085937 -0.0504188537597656
0.0114288330078125 -0.0863189697265625 -0.00313758850097656 -0.0262107849121094
0.0110702514648437 -0.097015380859375 -0.00173759460449219 -0.00495624542236329
0.0349273681640625 -0.0922470092773437 -0.00920963287353515 -0.000113487243652349
0.07769775390625 -0.0618362426757813 -0.0208244323730469 0.0118980407714844
0.100112915039063 -0.0152053833007813 -0.0267963409423828 -0.00197792053222656
0.0837326049804687 0.07513427734375 -0.0296459197998047 -0.0245475769042969
0.0445327758789063 0.129745483398438 0.00275611877441406 -0.0247077941894531
-0.014923095703125 0.139549255371094 -0.00139427185058594 0.0184783935546875
-0.075714111328125 0.1175537109375 0.0615158081054687 0.0842208862304688
-0.0304794311523438 0.133499145507812 0.03070068359375 0.106239318847656
0.0322189331054688 0.131477355957031 0.0446701049804688 0.0842208862304688
0.0987319946289063 0.0707473754882813 0.0716400146484375 0.0472030639648438
0.101913452148438 -0.0063629150390625 0.0565986633300781 0.0062255859375
0.0707550048828125 -0.07415771484375 0.0314159393310547 -0.0179443359375
0.0233383178710938 -0.0938949584960937 0.01171875 -0.0138282775878906
0.0164108276367188 -0.0876541137695313 0.00385236740112305 0.00617170333862304
0.016082763671875 -0.1011962890625 0.00252723693847656 0.0268688201904297
0.0394287109375 -0.0945205688476563 -0.0119991302490234 0.0288944244384766
0.0825119018554688 -0.0594253540039063 -0.0277423858642578 0.0325851440429687
0.100639343261719 -0.00867462158203125 -0.0338306427001953 0.00894165039062501
0.0732879638671875 0.0825271606445312 -0.0291099548339844 -0.0164833068847656
0.0235824584960938 0.126258850097656 0.00990581512451172 -0.000545501708984367
-0.0360794067382813 0.123184204101562 -0.0144500732421875 0.0585556030273438
-0.0817642211914063 0.0696182250976563 0.032958984375 0.118736267089844
-0.0537261962890625 0.0977325439453125 0.0138931274414063 0.128280639648438
0.000503540039062507 0.112648010253906 0.0307083129882812 0.0874710083007813
0.0702590942382813 0.0746917724609375 0.0470008850097656 0.0550117492675781
0.0863723754882812 0.00698089599609375 0.0345649719238281 0.0245113372802734
0.0680427551269531 -0.0589103698730469 0.0195407867431641 0.0130367279052734
0.0270843505859375 -0.0806198120117188 0.0121650695800781 0.0215415954589844
0.0189361572265625 -0.076751708984375 0.00936508178710938 0.0367279052734375
0.0185012817382813 -0.0892791748046875 0.005584716796875 0.0566596984863281
0.039398193359375 -0.0838775634765625 -0.0162925720214844 0.0559921264648438
0.0778656005859375 -0.049713134765625 -0.0364837646484375 0.05035400390625
0.0912017822265625 -0.00018310546875 -0.04241943359375 0.0180206298828125
0.0547714233398437 0.0837173461914063 -0.0301532745361328 -0.0111675262451172
-0.0019073486328125 0.1129150390625 0.0104656219482422 0.0198421478271484
-0.0554428100585937 0.0926895141601563 -0.03472900390625 0.090576171875
-0.0745391845703125 0.0100173950195313 0.00952148437499999 0.1319580078125
-0.0625381469726563 0.0441741943359375 0.00160980224609375 0.132339477539063
-0.0254325866699219 0.0699539184570313 0.0212554931640625 0.0817413330078125
0.0320892333984375 0.0607032775878906 0.0271034240722656 0.0544166564941406
0.0562820434570313 0.0159263610839844 0.0159282684326172 0.0337047576904297
0.0523223876953125 -0.0353736877441406 0.00840377807617188 0.0357322692871094
0.02496337890625 -0.055206298828125 0.0113792419433594 0.0490798950195313
0.0182876586914062 -0.0539779663085937 0.0134811401367188 0.0628738403320313
0.0186920166015625 -0.0648307800292969 0.00710296630859375 0.0811920166015625
0.0347938537597656 -0.0625572204589844 -0.0216598510742188 0.0802764892578125
0.06396484375 -0.0342140197753906 -0.0461540222167969 0.0658950805664063
0.0720672607421875 0.00839996337890625 -0.0534515380859375 0.0241737365722656
0.0309371948242187 0.07489013671875 -0.0354270935058594 -0.0080413818359375
-0.0263519287109375 0.086273193359375 0.00363922119140625 0.0358428955078125
-0.0677223205566406 0.0496597290039063 -0.0598373413085938 0.111183166503906
0.0562362670898437 0.0120925903320312 0.070648193359375 -0.115440368652344
0.039398193359375 -0.0437965393066406 0.0174179077148438 -0.0384559631347656
-0.0135879516601563 -0.0479736328125 0.0382423400878906 0.0108833312988281
-0.0412254333496094 -0.0179862976074219 0.0776443481445312 -0.019775390625
-0.0386810302734375 0.0134658813476563 0.0619735717773438 -0.0734329223632813
-0.0224037170410156 0.0369758605957031 0.0220718383789062 -0.10601806640625
-0.0137500762939453 0.0309715270996094 -0.0120391845703125 -0.104667663574219
-0.0190773010253906 0.0238037109375 -0.0184097290039063 -0.0810012817382813
-0.0248374938964844 0.0251750946044922 -0.0137138366699219 -0.0662612915039063
-0.0334110260009766 0.00325012207031249 -0.00774002075195313 -0.0519180297851563
-0.0248737335205078 -0.0253467559814453 -0.00770187377929688 -0.0424003601074219
0.005950927734375 -0.0383415222167969 -0.0105094909667969 -0.0536384582519531
0.0485343933105469 -0.0222320556640625 -0.00922393798828126 -0.086395263671875
0.0655517578125 0.0137596130371094 0.000846862792968768 -0.128166198730469
0.0512275695800781 0.0455589294433594 0.0109024047851562 -0.1290283203125
0.0399208068847656 0.067291259765625 0.0920486450195313 -0.101112365722656
0.0511016845703125 0.0063323974609375 0.0316104888916016 -0.0297279357910156
0.0186901092529297 -0.0148487091064453 0.0481681823730469 0.0176315307617188
-0.0004425048828125 -0.0139856338500977 0.0908279418945313 -0.017364501953125
-0.00782489776611328 -0.00501346588134766 0.0745773315429688 -0.0738067626953125
-0.00597095489501953 0.00165176391601563 0.0305099487304688 -0.112800598144531
-0.0105104446411133 -0.0071563720703125 -0.00979614257812501 -0.1109619140625
-0.0128850936889648 -0.0118312835693359 -0.0197601318359375 -0.084136962890625
-0.0139265060424805 -0.0148124694824219 -0.012359619140625 -0.0679931640625
-0.007965087890625 -0.0277061462402344 -0.00527191162109376 -0.0543746948242187
0.012969970703125 -0.0354804992675781 -0.00656890869140625 -0.0378990173339844
0.0420379638671875 -0.0242767333984375 -0.0106964111328125 -0.043487548828125
0.0627708435058594 0.0197029113769531 -0.0167160034179688 -0.0702133178710938
0.0620574951171875 0.0658149719238281 -0.0045318603515625 -0.107131958007813
0.0333938598632813 0.093780517578125 0.0147705078125 -0.105552673339844
0.012908935546875 0.114288330078125 0.104995727539063 -0.067901611328125
0.0508155822753906 0.06329345703125 0.0430831909179688 -0.00618743896484375
0.0488967895507813 0.0310173034667969 0.0574073791503906 0.03143310546875
0.0469436645507812 -0.00181198120117187 0.101417541503906 -0.00684356689453125
0.0312080383300781 -0.0200176239013672 0.0836181640625 -0.0648956298828125
0.0144500732421875 -0.0333728790283203 0.0380172729492188 -0.105636596679688
-0.00411224365234375 -0.0446014404296875 -0.00439453125000001 -0.103828430175781
-0.0051116943359375 -0.0451240539550781 -0.0170974731445313 -0.0763015747070313
-0.00520706176757813 -0.0518150329589844 -0.0108375549316406 -0.0557861328125
0.0115585327148437 -0.0568199157714844 -0.00725173950195313 -0.0454864501953125
0.0432510375976562 -0.0471420288085937 -0.0115947723388672 -0.0267620086669922
0.0711288452148438 -0.019439697265625 -0.0154438018798828 -0.0311260223388672
0.07763671875 0.048553466796875 -0.0250473022460937 -0.0531692504882813
0.0624160766601563 0.102607727050781 -0.008514404296875 -0.0813369750976563
0.0184783935546875 0.127304077148438 0.0113296508789063 -0.0702133178710937
-0.019805908203125 0.144989013671875 0.103401184082031 -0.0197067260742187
0.0340805053710938 0.113700866699219 0.0487060546875 0.02947998046875
0.0657196044921875 0.0815048217773438 0.0611534118652344 0.0514564514160156
0.087646484375 0.0211029052734375 0.103652954101562 0.010955810546875
0.0696640014648438 -0.0268020629882813 0.0862655639648438 -0.0444869995117188
0.0387725830078125 -0.0624771118164063 0.043182373046875 -0.0854644775390625
0.0049285888671875 -0.0749282836914063 0.00296783447265625 -0.0838775634765625
0.00267791748046876 -0.0727462768554688 -0.0121040344238281 -0.0551071166992188
0.00225830078125 -0.0813980102539063 -0.00739669799804687 -0.0343570709228516
0.0252685546875 -0.080902099609375 -0.0097808837890625 -0.0266990661621094
0.0651130676269531 -0.0590438842773437 -0.0174703598022461 -0.00895214080810547
0.09222412109375 -0.0192718505859375 -0.0220985412597656 -0.0168647766113281
0.087890625 0.0653762817382813 -0.0293960571289062 -0.0385665893554688
0.0596237182617188 0.124237060546875 -0.00527572631835938 -0.0533676147460937
0.00331115722656251 0.142959594726563 0.00647354125976563 -0.0280418395996094
-0.0521087646484375 0.148117065429688 0.0889358520507813 0.0348739624023438
0.00372314453125 0.142410278320313 0.0446090698242187 0.0703964233398438
0.0614242553710937 0.121002197265625 0.05609130859375 0.0729598999023438
0.108726501464844 0.0485763549804688 0.0938186645507813 0.0324630737304688
0.0979232788085938 -0.0225067138671875 0.07708740234375 -0.0186614990234375
0.0598373413085938 -0.0788421630859375 0.0415229797363281 -0.0535202026367188
0.0136489868164063 -0.0937042236328125 0.0085296630859375 -0.0514602661132813
0.0105743408203125 -0.0883026123046875 -0.00422096252441406 -0.026519775390625
0.00850677490234374 -0.0998764038085938 -0.00313282012939453 -0.00436377525329591
0.0340118408203125 -0.0954818725585937 -0.0121755599975586 -0.000385284423828131
0.078399658203125 -0.065185546875 -0.0239448547363281 0.0120868682861328
0.10272216796875 -0.0174102783203125 -0.0276260375976562 -0.00313949584960937
0.0886077880859375 0.0774154663085938 -0.0299072265625 -0.0266017913818359
0.0484542846679687 0.132270812988281 0.00402450561523438 -0.0263996124267578
-0.0140838623046875 0.143341064453125 -0.00176906585693359 0.0162372589111328
-0.0753402709960938 0.122200012207031 0.0630340576171875 0.0858917236328125
-0.0288772583007812 0.137702941894531 0.0303192138671875 0.10919189453125
0.0354461669921875 0.134597778320313 0.04302978515625 0.0859222412109375
0.102928161621094 0.0710220336914063 0.0717315673828125 0.049652099609375
0.104644775390625 -0.00783538818359375 0.0582122802734375 0.00688934326171875
0.0712661743164063 -0.0768508911132813 0.0334720611572266 -0.0184135437011719
0.0221481323242188 -0.0958786010742188 0.0123462677001953 -0.0135412216186523
0.0153274536132813 -0.0901870727539063 0.00285816192626953 0.00605726242065429
0.0125579833984375 -0.103195190429687 0.00163078308105469 0.0280704498291016
0.0378265380859375 -0.0978240966796875 -0.0142288208007812 0.0289859771728516
0.0833969116210937 -0.0631256103515625 -0.0298862457275391 0.0334396362304687
0.102973937988281 -0.0118179321289062 -0.0348167419433594 0.0076446533203125
0.0780029296875 0.084014892578125 -0.0293159484863281 -0.0184822082519531
0.0276641845703125 0.129203796386719 0.0104379653930664 -0.00285148620605468
-0.036041259765625 0.126304626464844 -0.0150642395019531 0.0577278137207031
-0.0834884643554688 0.0732269287109375 0.0343399047851562 0.121315002441406
-0.0540618896484375 0.101211547851562 0.0127716064453125 0.130943298339844
0.00290679931640626 0.115348815917969 0.0295333862304687 0.0899810791015625
0.0742568969726563 0.07513427734375 0.0474166870117188 0.0574951171875
0.0889816284179688 0.0065155029296875 0.0355491638183594 0.0253791809082031
0.0681991577148438 -0.0618667602539062 0.0210704803466797 0.0134105682373047
0.0252761840820312 -0.0828781127929688 0.0122280120849609 0.021026611328125
0.0171966552734375 -0.0794754028320312 0.00949478149414063 0.0379104614257812
0.0166168212890625 -0.091796875 0.00607681274414062 0.0581779479980469
0.0377120971679688 -0.0881423950195313 -0.0180625915527344 0.0574188232421875
0.0788345336914063 -0.0527725219726563 -0.0378761291503906 0.052703857421875
0.0930099487304687 -0.0020599365234375 -0.0444602966308594 0.0183906555175781
0.0586471557617188 0.0849456787109375 -0.0306224822998047 -0.0127353668212891
0.000717163085937493 0.116058349609375 0.0110054016113281 0.0184841156005859
-0.0553436279296875 0.0953216552734375 -0.0350341796875 0.0916366577148438
-0.0763702392578125 0.0134048461914063 0.00967407226562499 0.136016845703125
-0.0628013610839844 0.0475234985351563 0.00152587890625 0.135948181152344
-0.023651123046875 0.072357177734375 0.0194931030273437 0.0847625732421875
0.0352516174316406 0.0614700317382813 0.0267066955566406 0.0572319030761719
0.0571174621582031 0.0150337219238281 0.0164928436279297 0.0350265502929688
0.0522537231445313 -0.0366020202636719 0.0101509094238281 0.0365791320800781
0.0233383178710938 -0.0564041137695313 0.0121040344238281 0.0491218566894531
0.0164794921875 -0.0557594299316406 0.0137672424316406 0.06341552734375
0.0167045593261719 -0.0680656433105469 0.00705718994140625 0.0828323364257813
0.0319137573242188 -0.0646171569824219 -0.0221710205078125 0.08221435546875
0.0644569396972656 -0.0364761352539062 -0.0474967956542969 0.0684165954589844
0.07354736328125 0.00681304931640625 -0.0558586120605469 0.0248870849609375
0.033294677734375 0.076324462890625 -0.0359001159667969 -0.00952911376953124
-0.024078369140625 0.0889816284179687 0.00502204895019531 0.0343189239501953
-0.0686302185058594 0.0518264770507812 -0.060455322265625 0.113128662109375
0.0581245422363281 0.010894775390625 0.07098388671875 -0.123825073242188
0.0387306213378906 -0.0478363037109375 0.0162925720214844 -0.0406913757324219
-0.0157928466796875 -0.0495071411132813 0.0407676696777344 0.0110740661621094
-0.0432395935058594 -0.0161170959472656 0.0805130004882813 -0.0224990844726562
-0.0388870239257812 0.0165519714355469 0.0633087158203125 -0.0767364501953125
-0.0200958251953125 0.0381927490234375 0.0202560424804688 -0.111091613769531
-0.0117607116699219 0.0318355560302734 -0.0153427124023437 -0.106803894042969
-0.0180530548095703 0.0255279541015625 -0.0218963623046875 -0.0842132568359375
-0.0238780975341797 0.0266513824462891 -0.0172157287597656 -0.0682487487792969
-0.0326690673828125 0.00494956970214844 -0.0109024047851563 -0.054962158203125
-0.0268192291259766 -0.0243682861328125 -0.0103416442871094 -0.04541015625
0.00445175170898437 -0.0400924682617188 -0.0123558044433594 -0.0579757690429688
0.0487823486328125 -0.0251388549804687 -0.00943756103515625 -0.0905532836914063
0.0680122375488281 0.0117263793945313 -0.000267028808593752 -0.133796691894531
0.0550498962402344 0.0447235107421875 0.0100631713867188 -0.13616943359375
0.0425910949707031 0.0686149597167969 0.0932540893554688 -0.109451293945313
0.0525436401367188 0.00514984130859375 0.0311393737792969 -0.0319423675537109
0.0194835662841797 -0.0151176452636719 0.0509910583496094 0.0184516906738281
-0.000607490539550783 -0.0144977569580078 0.0945663452148438 -0.0190200805664063
-0.00691366195678711 -0.00438499450683594 0.0760574340820313 -0.0783004760742188
-0.00556612014770508 0.00107479095458984 0.0281753540039062 -0.117698669433594
-0.00987529754638672 -0.0079183578491211 -0.0139083862304688 -0.11474609375
-0.0120973587036133 -0.0113763809204102 -0.0229034423828125 -0.0870361328125
-0.0153055191040039 -0.0145883560180664 -0.0160179138183594 -0.0693588256835938
-0.00869560241699219 -0.0285930633544922 -0.009246826171875 -0.0566215515136719
0.0117988586425781 -0.0357551574707031 -0.00947952270507813 -0.0412788391113281
0.0422935485839844 -0.0263404846191406 -0.0113525390625 -0.0472602844238281
0.0654754638671875 0.0187187194824219 -0.0167007446289062 -0.073699951171875
0.066375732421875 0.065887451171875 -0.00594329833984375 -0.111907958984375
0.0369415283203125 0.0965728759765625 0.0131072998046875 -0.111801147460938
0.0175857543945313 0.118537902832031 0.107398986816406 -0.0749588012695312
0.0545539855957031 0.0646705627441406 0.0440673828125 -0.00816345214843749
0.0523872375488281 0.0315361022949219 0.0596580505371094 0.0329170227050781
0.0486488342285156 -0.00365829467773438 0.105148315429688 -0.0084991455078125
0.0321846008300781 -0.0211372375488281 0.0857925415039063 -0.0681686401367187
0.0159263610839844 -0.0365486145019531 0.036285400390625 -0.110626220703125
-0.00494384765625 -0.0465736389160156 -0.00866699218749999 -0.107734680175781
-0.00638961791992187 -0.0470161437988281 -0.02020263671875 -0.0776290893554688
-0.00716400146484375 -0.0536079406738281 -0.014129638671875 -0.0578231811523438
0.0107421875 -0.05987548828125 -0.0120773315429688 -0.0478706359863281
0.0440826416015625 -0.0506248474121094 -0.0144100189208984 -0.028900146484375
0.07373046875 -0.0218887329101562 -0.0166568756103516 -0.0346908569335938
0.0827178955078125 0.0477828979492187 -0.02587890625 -0.0569229125976563
0.0675888061523438 0.104690551757813 -0.00984954833984374 -0.0852584838867188
0.022674560546875 0.132652282714844 0.0108871459960937 -0.0755691528320312
-0.01654052734375 0.1510009765625 0.107772827148438 -0.0234603881835937
0.03936767578125 0.117607116699219 0.0496330261230469 0.0290260314941406
0.0712356567382813 0.0832366943359375 0.06365966796875 0.0538444519042969
0.0919570922851563 0.0189971923828125 0.108978271484375 0.0104141235351563
0.072235107421875 -0.0298004150390625 0.0890731811523438 -0.04736328125
0.0387458801269531 -0.0667686462402344 0.0425567626953125 -0.0893173217773438
0.0030364990234375 -0.0793228149414063 0.000198364257812501 -0.0868759155273438
0.000183105468749992 -0.0754165649414063 -0.0146408081054688 -0.0565567016601563
-0.000556945800781246 -0.0852508544921875 -0.0103416442871094 -0.0355567932128906
0.0232467651367188 -0.0856781005859375 -0.0138607025146484 -0.0274658203125
0.0665550231933594 -0.0640830993652344 -0.0198745727539062 -0.0100498199462891
0.0954055786132813 -0.02252197265625 -0.0236530303955078 -0.0194625854492188
0.0945892333984375 0.065093994140625 -0.0296249389648438 -0.0409927368164062
0.066253662109375 0.127105712890625 -0.00556564331054687 -0.0564765930175781
0.00683593749999999 0.149932861328125 0.00611305236816406 -0.0313644409179687
-0.050506591796875 0.156143188476563 0.0935821533203125 0.033477783203125
0.0088348388671875 0.149429321289063 0.0465545654296875 0.0718460083007813
0.0682296752929687 0.124107360839844 0.0584182739257813 0.0756912231445313
0.115219116210938 0.0477523803710938 0.0980377197265625 0.032867431640625
0.101325988769531 -0.0256576538085937 0.0794219970703125 -0.0204696655273437
0.0603713989257813 -0.0845413208007813 0.0418586730957031 -0.0569076538085938
0.01092529296875 -0.097686767578125 0.00647735595703125 -0.0531883239746094
0.00762176513671875 -0.0922393798828125 -0.006744384765625 -0.0266456604003906
0.00513458251953126 -0.104591369628906 -0.00528812408447266 -0.00390434265136719
0.0304107666015625 -0.100502014160156 -0.0147714614868164 0.00104236602783202
0.0794219970703125 -0.0714340209960938 -0.0259933471679687 0.0120220184326172
0.107582092285156 -0.0213699340820313 -0.0299224853515625 -0.00483131408691406
0.09613037109375 0.0772247314453125 -0.0308513641357422 -0.0290145874023437
0.055816650390625 0.136711120605469 0.00302314758300782 -0.0291404724121094
-0.0117950439453125 0.149887084960938 -0.00132846832275391 0.0148077011108399
-0.0748672485351563 0.130355834960938 0.0675582885742187 0.0873031616210938
-0.0266265869140625 0.14459228515625 0.0321121215820312 0.11151123046875
0.0416793823242188 0.13995361328125 0.0460968017578125 0.0903167724609375
0.110794067382813 0.069366455078125 0.0758438110351563 0.0513687133789063
0.108901977539063 -0.0121688842773437 0.0608901977539063 0.0064697265625
0.0710601806640625 -0.0834274291992188 0.0345630645751953 -0.0189914703369141
0.0186386108398438 -0.101646423339844 0.0119428634643555 -0.0147943496704102
0.011566162109375 -0.0951309204101563 0.00187301635742188 0.00636243820190429
0.00914764404296875 -0.1087646484375 0.00226783752441406 0.0286064147949219
0.0345001220703125 -0.103218078613281 -0.016510009765625 0.0310077667236328
0.08380126953125 -0.0695648193359375 -0.032318115234375 0.034616470336914
0.107994079589844 -0.0149917602539063 -0.0372238159179688 0.00878524780273438
0.0858535766601563 0.0855560302734375 -0.0305995941162109 -0.0199069976806641
0.0339508056640625 0.134490966796875 0.0106496810913086 -0.00535583496093749
-0.033172607421875 0.133995056152344 -0.0142021179199219 0.0596771240234375
-0.0846710205078125 0.0795211791992187 0.0379714965820312 0.125396728515625
-0.053009033203125 0.107864379882812 0.01513671875 0.13629150390625
0.00830841064453124 0.120864868164062 0.0302505493164063 0.0939559936523438
0.0810089111328125 0.07550048828125 0.0493812561035156 0.0600204467773438
0.0934829711914063 0.002593994140625 0.0383720397949219 0.02667236328125
0.0682487487792969 -0.0685234069824219 0.0229682922363281 0.0143032073974609
0.0226287841796875 -0.0877227783203125 0.0134181976318359 0.0221328735351562
0.0145721435546875 -0.08209228515625 0.0096435546875 0.0390968322753906
0.0132598876953125 -0.096343994140625 0.00702667236328125 0.0593109130859375
0.0350494384765625 -0.092559814453125 -0.0181427001953125 0.0607223510742187
0.0792999267578125 -0.0592880249023438 -0.0395050048828125 0.0545692443847656
0.0974884033203125 -0.0064239501953125 -0.0462265014648437 0.0193710327148438
0.0649871826171875 0.0873794555664062 -0.0322132110595703 -0.0133304595947266
0.00643920898437501 0.120948791503906 0.0123672485351562 0.0171470642089844
-0.0545120239257812 0.1011962890625 -0.03369140625 0.0948867797851563
-0.0789031982421875 0.0177154541015625 0.0125732421875 0.142181396484375
-0.063720703125 0.0520973205566406 0.00178527832031249 0.140762329101563
-0.022247314453125 0.0770111083984375 0.0199050903320313 0.0880050659179688
0.03973388671875 0.0612640380859375 0.0279960632324219 0.0602455139160156
0.0605583190917969 0.0125236511230469 0.0181350708007813 0.038330078125
0.0524673461914062 -0.0416030883789062 0.0114936828613281 0.0387611389160156
0.0210533142089844 -0.0591239929199219 0.0137672424316406 0.0506477355957031
0.0149650573730469 -0.05804443359375 0.0162467956542969 0.0652503967285156
0.0140533447265625 -0.0716629028320313 0.010345458984375 0.0857009887695313
0.030670166015625 -0.0689697265625 -0.0217132568359375 0.0861892700195313
0.0652694702148438 -0.0407485961914063 -0.0471649169921875 0.0720977783203125
0.0756454467773438 0.00319671630859375 -0.0575294494628906 0.0270309448242187
0.0379486083984375 0.0772933959960938 -0.0382499694824219 -0.010101318359375
-0.020751953125 0.0923919677734375 0.00530052185058594 0.0334815979003906
-0.0692825317382812 0.0556526184082031 -0.059600830078125 0.118995666503906
0.0606269836425781 0.006378173828125 0.067138671875 -0.132820129394531
0.0370941162109375 -0.0519790649414063 0.013885498046875 -0.0424346923828125
-0.0204582214355469 -0.04931640625 0.0425567626953125 0.0112266540527344
-0.0458526611328125 -0.0134124755859375 0.0824432373046875 -0.0262374877929688
-0.0391349792480469 0.0196151733398438 0.0626296997070313 -0.0826873779296875
-0.0173072814941406 0.0405921936035156 0.0149078369140625 -0.114913940429688
-0.00910758972167969 0.033203125 -0.0216827392578125 -0.110824584960937
-0.0166130065917969 0.0280380249023438 -0.0280227661132812 -0.085693359375
-0.0223350524902344 0.0287513732910156 -0.0216827392578125 -0.0691871643066406
-0.0330657958984375 0.00795745849609376 -0.0146865844726563 -0.05560302734375
-0.02947998046875 -0.0225543975830078 -0.0143280029296875 -0.0489006042480469
0.00130081176757813 -0.0404777526855469 -0.0153656005859375 -0.0625152587890625
0.0480575561523438 -0.0288505554199219 -0.0121383666992188 -0.0939712524414063
0.0701065063476563 0.00709915161132813 -0.0052947998046875 -0.138847351074219
0.0589752197265625 0.0435104370117188 0.00325012207031251 -0.1434326171875
0.0478515625 0.0681495666503906 0.0905990600585938 -0.119087219238281
0.054656982421875 0.00177383422851562 0.0298652648925781 -0.0343875885009766
0.0193729400634766 -0.0165119171142578 0.0529747009277344 0.017791748046875
-0.00113296508789062 -0.0139989852905273 0.0974578857421875 -0.0242080688476563
-0.00663566589355469 -0.00364589691162109 0.0756988525390625 -0.0842514038085938
-0.00403785705566406 0.00131130218505859 0.02294921875 -0.122833251953125
-0.00991630554199219 -0.00749778747558594 -0.020294189453125 -0.118072509765625
-0.0135297775268555 -0.0110063552856445 -0.0288009643554688 -0.0876693725585938
-0.0164299011230469 -0.0149736404418945 -0.0220718383789063 -0.070526123046875
-0.00973701477050781 -0.0280952453613281 -0.0146903991699219 -0.0581512451171875
0.0100631713867187 -0.0367012023925781 -0.0137710571289062 -0.0434989929199219
0.0415077209472656 -0.0290336608886719 -0.0142707824707031 -0.0513877868652344
0.0681419372558594 0.01568603515625 -0.0188980102539062 -0.0773696899414063
0.0715866088867188 0.0638580322265625 -0.00983428955078125 -0.116561889648438
0.043487548828125 0.097930908203125 0.00858306884765626 -0.119110107421875
0.0240707397460938 0.121902465820313 0.107276916503906 -0.0842742919921875
0.0586433410644531 0.063629150390625 0.0437049865722656 -0.0100669860839844
0.0558853149414062 0.0303077697753906 0.0629806518554688 0.0330047607421875
0.0501441955566406 -0.00565338134765625 0.109054565429688 -0.0125045776367188
0.0332012176513672 -0.0238685607910156 0.0863876342773438 -0.0743179321289063
0.0147361755371094 -0.0392532348632812 0.0331268310546875 -0.116111755371094
-0.00732421875 -0.0485153198242188 -0.01416015625 -0.110458374023438
-0.00899887084960937 -0.0483131408691406 -0.02587890625 -0.078216552734375
-0.0104103088378906 -0.055633544921875 -0.019500732421875 -0.0581626892089844
0.00789260864257813 -0.0621299743652344 -0.0166358947753906 -0.0482139587402344
0.0425872802734375 -0.0545654296875 -0.0183582305908203 -0.0308551788330078
0.0755233764648438 -0.0267105102539063 -0.0192718505859375 -0.0382232666015625
0.0879745483398438 0.0456924438476563 -0.0272102355957031 -0.0596656799316406
0.0758438110351563 0.104652404785156 -0.0127334594726562 -0.0888900756835938
0.0296783447265625 0.136314392089844 0.00778198242187501 -0.08135986328125
-0.00955200195312501 0.158172607421875 0.110206604003906 -0.0322647094726562
0.04644775390625 0.119667053222656 0.0516738891601563 0.0277633666992188
0.079010009765625 0.0827178955078125 0.0672645568847656 0.0533638000488281
0.09747314453125 0.01483154296875 0.112556457519531 0.0066680908203125
0.0738372802734375 -0.03509521484375 0.0898895263671875 -0.0527191162109375
0.0371627807617187 -0.0723190307617188 0.0397109985351562 -0.0947113037109375
-0.00154113769531249 -0.0821075439453125 -0.00559234619140624 -0.089263916015625
-0.00348663330078125 -0.0781402587890625 -0.0193290710449219 -0.0567398071289063
-0.00604248046874999 -0.0890579223632813 -0.0141544342041016 -0.0350360870361328
0.0182113647460938 -0.0899429321289062 -0.0180377960205078 -0.0273895263671875
0.0651016235351563 -0.0704727172851563 -0.0237941741943359 -0.0107631683349609
0.0982818603515625 -0.0298080444335937 -0.0256080627441406 -0.0216236114501953
0.102638244628906 0.06304931640625 -0.0321731567382813 -0.0436058044433594
0.0772781372070313 0.127899169921875 -0.00883102416992188 -0.0602302551269531
0.0155029296875 0.15576171875 0.00410079956054688 -0.0360794067382812
-0.0436859130859375 0.1651611328125 0.0987625122070313 0.0289154052734375
0.016998291015625 0.153396606445313 0.0500946044921875 0.0727005004882813
0.07843017578125 0.126274108886719 0.0625 0.0766067504882813
0.123550415039063 0.0422210693359375 0.10260009765625 0.0308990478515625
0.104164123535156 -0.0325546264648437 0.0825271606445313 -0.0236968994140625
0.0570144653320313 -0.0915603637695312 0.0414810180664063 -0.0603294372558594
0.00633239746093749 -0.102935791015625 0.00379562377929688 -0.0553779602050781
0.00212860107421875 -0.0960693359375 -0.00906562805175781 -0.0268898010253906
-0.00207519531249999 -0.109664916992187 -0.00679779052734375 -0.00383567810058594
0.0250396728515625 -0.107170104980469 -0.0177593231201172 0.00121307373046874
0.0787429809570313 -0.0797195434570313 -0.0285167694091797 0.0128498077392578
0.110542297363281 -0.0298004150390625 -0.0313491821289062 -0.00494575500488282
0.1051025390625 0.0747528076171875 -0.0326213836669922 -0.0305824279785156
0.0671463012695313 0.138381958007813 0.00159072875976563 -0.0322475433349609
-0.00373840332031249 0.156219482421875 -0.000829696655273439 0.0131845474243164
-0.070770263671875 0.14044189453125 0.075286865234375 0.0869216918945313
-0.0191497802734375 0.151947021484375 0.0377044677734375 0.114204406738281
0.0527496337890625 0.142990112304688 0.0500030517578125 0.09271240234375
0.119979858398437 0.0658721923828125 0.0802459716796875 0.0509796142578125
0.112266540527344 -0.018707275390625 0.0634307861328125 0.00472259521484375
0.0686874389648438 -0.0912399291992188 0.0357551574707031 -0.0213890075683594
0.013427734375 -0.1058349609375 0.0105447769165039 -0.0161676406860352
0.00653076171875001 -0.0990142822265625 0.00162553787231445 0.0073862075805664
0.00254821777343749 -0.113571166992187 0.00253105163574219 0.0297737121582031
0.0287094116210938 -0.109161376953125 -0.0171375274658203 0.032745361328125
0.0828018188476563 -0.0783309936523438 -0.0330581665039062 0.0375556945800781
0.111915588378906 -0.0238494873046875 -0.0386505126953125 0.00958251953124999
0.095367431640625 0.0833816528320312 -0.0327644348144531 -0.0205802917480469
0.0444869995117188 0.137382507324219 0.0111732482910156 -0.00808429718017577
-0.0276031494140625 0.140625 -0.0114479064941406 0.0601348876953125
-0.0824050903320312 0.0894851684570313 0.0454330444335937 0.129264831542969
-0.047821044921875 0.115188598632813 0.0211105346679687 0.140541076660156
0.0161972045898437 0.125015258789063 0.0345382690429687 0.0982284545898438
0.0897369384765625 0.0725631713867188 0.0532341003417969 0.0615997314453125
0.0971908569335938 -0.0031280517578125 0.0412101745605469 0.02716064453125
0.0660476684570313 -0.0746841430664063 0.0259418487548828 0.0132713317871094
0.0177459716796875 -0.0918121337890625 0.0147476196289063 0.0217380523681641
0.0100021362304687 -0.086212158203125 0.0122337341308594 0.0400161743164062
0.00635528564453124 -0.100868225097656 0.00970077514648438 0.0621566772460937
0.0295791625976562 -0.0981979370117188 -0.017791748046875 0.0643539428710938
0.07879638671875 -0.0664291381835938 -0.038421630859375 0.0593490600585937
0.100944519042969 -0.0128250122070312 -0.0470199584960937 0.0218162536621094
0.0742416381835938 0.08642578125 -0.034820556640625 -0.0140857696533203
0.0148162841796875 0.124755859375 0.0136661529541016 0.0150442123413086
-0.0517044067382812 0.108879089355469 -0.0305099487304688 0.0995407104492188
-0.0796890258789063 0.0234222412109375 0.020477294921875 0.148590087890625
-0.0618019104003906 0.0585479736328125 0.00703430175781249 0.146987915039063
-0.0175628662109375 0.0815277099609375 0.0229034423828125 0.0920639038085938
0.0457038879394531 0.0609283447265625 0.0312995910644531 0.0635185241699219
0.0642890930175781 0.00955581665039063 0.0217628479003906 0.0392799377441406
0.0513954162597656 -0.0469245910644531 0.0159835815429688 0.0386428833007813
0.0182838439941406 -0.0632972717285156 0.0172615051269531 0.052215576171875
0.010986328125 -0.0616073608398438 0.0194168090820313 0.0662803649902344
0.0102310180664063 -0.0747146606445313 0.0150146484375 0.0879898071289063
0.0270156860351563 -0.0731887817382813 -0.0188522338867188 0.0907974243164062
0.064727783203125 -0.0473365783691406 -0.0462570190429688 0.0775604248046875
0.0795745849609375 -0.0018310546875 -0.0587043762207031 0.0302696228027344
0.0455245971679687 0.078125 -0.0397529602050781 -0.00998306274414062
-0.0152435302734375 0.0966110229492188 0.00747108459472656 0.0326023101806641
-0.0685234069824219 0.0609931945800781 -0.0554885864257813 0.126922607421875
0.0611457824707031 0.00111770629882813 0.0578460693359375 -0.139579772949219
0.0327911376953125 -0.0556869506835937 0.00970077514648437 -0.0443611145019531
-0.0245361328125 -0.048980712890625 0.0434532165527344 0.0101203918457031
-0.0480155944824219 -0.00861358642578124 0.0834808349609375 -0.0316848754882813
-0.0378799438476563 0.0235710144042969 0.0579376220703125 -0.0880279541015625
-0.0146636962890625 0.0418663024902344 0.00775909423828125 -0.117851257324219
-0.00636672973632812 0.0349388122558594 -0.0298919677734375 -0.109245300292969
-0.0132236480712891 0.0299072265625 -0.034698486328125 -0.0842514038085938
-0.0193119049072266 0.0303211212158203 -0.0266342163085937 -0.0682334899902344
-0.0308589935302734 0.0111770629882813 -0.0194625854492188 -0.0553207397460938
-0.0300788879394531 -0.0189552307128906 -0.0196914672851563 -0.0499839782714844
-0.00276947021484375 -0.0406150817871094 -0.0195121765136719 -0.064117431640625
0.0460853576660156 -0.0331153869628906 -0.0169601440429687 -0.095611572265625
0.0714645385742188 0.0024871826171875 -0.0133132934570313 -0.139915466308594
0.0625839233398438 0.0392875671386719 -0.00442504882812499 -0.147262573242188
0.0523910522460938 0.0657119750976563 0.084259033203125 -0.127510070800781
0.0551567077636719 -0.00195693969726562 0.0278778076171875 -0.0365257263183594
0.0182704925537109 -0.0165786743164063 0.0554008483886719 0.01727294921875
-0.0012359619140625 -0.0135488510131836 0.0977935791015625 -0.0301437377929688
-0.00539588928222656 -0.00334978103637695 0.07232666015625 -0.0898895263671875
-0.0034186840057373 -0.000382184982299805 0.015838623046875 -0.125457763671875
-0.00887393951416016 -0.00815486907958984 -0.028717041015625 -0.117927551269531
-0.0133419036865234 -0.0106143951416016 -0.0353775024414063 -0.086700439453125
-0.0171394348144531 -0.0139837265014648 -0.0271873474121094 -0.0694541931152344
-0.0116405487060547 -0.0267791748046875 -0.0204353332519531 -0.0583038330078125
0.00864410400390625 -0.0380172729492188 -0.018035888671875 -0.0460548400878906
0.0406379699707031 -0.032196044921875 -0.0178985595703125 -0.0551986694335937
0.0692100524902344 0.0106544494628906 -0.0220184326171875 -0.0775833129882813
0.0766448974609375 0.0592803955078125 -0.0152130126953125 -0.118919372558594
0.0505218505859375 0.0964889526367188 0.00117492675781251 -0.125205993652344
0.0312042236328125 0.12188720703125 0.103652954101563 -0.0926895141601563
0.0637245178222656 0.0589027404785156 0.0436248779296875 -0.0135231018066406
0.0585250854492188 0.0274581909179688 0.0647048950195313 0.031494140625
0.0516777038574219 -0.00816726684570312 0.11065673828125 -0.0200881958007813
0.0334033966064453 -0.0263919830322266 0.0830459594726562 -0.0797500610351563
0.0138893127441406 -0.0414237976074219 0.0261001586914063 -0.118461608886719
-0.00975799560546874 -0.0495491027832031 -0.0223617553710938 -0.110237121582031
-0.0110855102539063 -0.0481185913085938 -0.0322647094726563 -0.0771636962890625
-0.014556884765625 -0.0555610656738281 -0.024078369140625 -0.0575294494628906
0.00339889526367188 -0.0628318786621094 -0.0211753845214844 -0.0476570129394531
0.0399894714355469 -0.0574455261230469 -0.0221843719482422 -0.0317363739013672
0.07391357421875 -0.0326385498046875 -0.021759033203125 -0.0406112670898438
0.0930862426757813 0.0404815673828125 -0.0295600891113281 -0.0598411560058594
0.08447265625 0.100357055664063 -0.0179443359375 -0.0904388427734375
0.0385208129882813 0.135467529296875 0.00167083740234374 -0.0857391357421875
0.000564575195312484 0.160919189453125 0.109458923339844 -0.0421905517578125
0.0542068481445312 0.117790222167969 0.05218505859375 0.0245819091796875
0.08660888671875 0.07781982421875 0.0710678100585938 0.0513839721679688
0.10052490234375 0.007110595703125 0.1143798828125 0.00104522705078125
0.0731124877929688 -0.0407485961914063 0.0884780883789063 -0.0591888427734375
0.033782958984375 -0.077850341796875 0.0344467163085938 -0.0994033813476563
-0.00669860839843751 -0.0841751098632813 -0.013519287109375 -0.0890426635742187
-0.00910186767578125 -0.0790176391601562 -0.0235061645507813 -0.0562324523925781
-0.0118179321289062 -0.0892105102539063 -0.0178947448730469 -0.0341148376464844
0.0119094848632813 -0.0922088623046875 -0.02325439453125 -0.0262870788574219
0.062103271484375 -0.076324462890625 -0.0266227722167969 -0.0105304718017578
0.0974349975585938 -0.0368194580078125 -0.0275020599365234 -0.0230674743652344
0.109542846679688 0.0573577880859375 -0.0347480773925781 -0.043182373046875
0.0865020751953125 0.124443054199219 -0.0111007690429687 -0.0626373291015625
0.0246124267578125 0.156784057617188 0.002227783203125 -0.0383796691894531
-0.0317535400390625 0.171554565429688 0.100578308105469 0.0218124389648438
0.02655029296875 0.152938842773438 0.0543212890625 0.07135009765625
0.0879135131835938 0.122886657714844 0.06671142578125 0.07427978515625
0.128829956054688 0.035064697265625 0.105606079101563 0.0271835327148438
0.103797912597656 -0.040130615234375 0.0822830200195313 -0.029144287109375
0.0521240234375 -0.095794677734375 0.0364875793457031 -0.0638809204101562
-0.00107574462890624 -0.103775024414062 -0.000324249267578123 -0.0564422607421875
-0.00573730468750001 -0.0966796875 -0.0129547119140625 -0.0246906280517578
-0.0102691650390625 -0.109764099121094 -0.00733137130737305 -0.00280952453613282
0.0175933837890625 -0.108619689941406 -0.0208206176757813 0.00333976745605468
0.0721282958984375 -0.0879364013671875 -0.0285263061523438 0.0145740509033203
0.110435485839844 -0.0389404296875 -0.0336780548095703 -0.00520896911621094
0.113258361816406 0.068267822265625 -0.0343856811523437 -0.0300006866455078
0.0784225463867187 0.134841918945313 0.00154495239257813 -0.0347385406494141
0.00444030761718748 0.159194946289063 -0.000655174255371094 0.011754035949707
-0.0615386962890625 0.1480712890625 0.08221435546875 0.08197021484375
-0.00927734375 0.153839111328125 0.04473876953125 0.112945556640625
0.0614776611328125 0.140762329101563 0.0534820556640625 0.0935897827148438
0.127029418945313 0.057708740234375 0.0841827392578125 0.0480117797851563
0.113739013671875 -0.0283584594726563 0.0645103454589844 0.00205230712890625
0.063018798828125 -0.0963363647460938 0.0355720520019531 -0.0240898132324219
0.00566864013671874 -0.107833862304688 0.00973796844482422 -0.0166311264038086
-0.000808715820312511 -0.101211547851562 0.000523567199707032 0.00675773620605468
-0.00547027587890625 -0.115119934082031 0.00408172607421875 0.030548095703125
0.0212860107421875 -0.113876342773437 -0.0171890258789063 0.036163330078125
0.078094482421875 -0.086181640625 -0.0322074890136719 0.040679931640625
0.111557006835938 -0.0323104858398437 -0.0386695861816406 0.0102615356445312
0.103012084960938 0.0767440795898438 -0.0355567932128906 -0.0211372375488281
0.055908203125 0.13580322265625 0.0101871490478516 -0.0104875564575195
-0.0187835693359375 0.1444091796875 -0.00775909423828125 0.06005859375
-0.07720947265625 0.0982818603515625 0.0552139282226563 0.127052307128906
-0.040679931640625 0.119522094726562 0.0281829833984375 0.14093017578125
0.0257720947265625 0.125457763671875 0.0384368896484375 0.0987930297851563
0.09625244140625 0.065521240234375 0.05731201171875 0.0602569580078125
0.098419189453125 -0.0109939575195312 0.0442314147949219 0.0257225036621094
0.0601882934570312 -0.0815887451171875 0.0280303955078125 0.0108242034912109
0.0101242065429687 -0.0944671630859375 0.0164070129394531 0.0207424163818359
0.00421142578125001 -0.088348388671875 0.0134811401367188 0.0394210815429687
-0.000602722167968749 -0.103363037109375 0.0127143859863281 0.0618247985839844
0.0218276977539062 -0.102409362792969 -0.014373779296875 0.066162109375
0.074462890625 -0.0740280151367188 -0.0365333557128906 0.0625228881835937
0.103538513183594 -0.0214462280273438 -0.0464439392089844 0.023345947265625
0.0815505981445313 0.08135986328125 -0.0356826782226562 -0.0135231018066406
0.0254135131835937 0.125244140625 0.0138330459594727 0.0121278762817383
-0.0444717407226562 0.114059448242187 -0.0242233276367187 0.101280212402344
-0.0779266357421875 0.030548095703125 0.0296173095703125 0.150100708007813
-0.0570068359375 0.06365966796875 0.015899658203125 0.150405883789063
-0.0105438232421875 0.0822219848632813 0.0273666381835937 0.0939865112304688
0.052276611328125 0.0575370788574219 0.0354766845703125 0.0638809204101562
0.0644111633300781 0.00447845458984375 0.0261039733886719 0.0395088195800781
0.0451889038085938 -0.0514450073242188 0.0208702087402344 0.0372734069824219
0.0135459899902344 -0.0653533935546875 0.0204849243164063 0.0507469177246094
0.00543975830078125 -0.0620613098144531 0.0227470397949219 0.0645561218261719
0.003448486328125 -0.0761642456054688 0.0208740234375 0.0868377685546875
0.0210418701171875 -0.0761337280273438 -0.014862060546875 0.0931625366210938
0.0618476867675781 -0.0545120239257813 -0.0425338745117187 0.0820388793945313
0.0800704956054688 -0.00714874267578125 -0.0572280883789062 0.0342178344726563
0.05364990234375 0.0761489868164063 -0.0401802062988281 -0.00976943969726562
-0.00656127929687499 0.0984039306640625 0.00969696044921875 0.0322246551513672
-0.0660743713378906 0.0671272277832031 -0.047210693359375 0.129791259765625
0.0601081848144531 -0.00189208984375 0.04833984375 -0.142227172851563
0.0288429260253906 -0.05633544921875 0.00706481933593751 -0.0426292419433594
-0.0286331176757813 -0.0447845458984375 0.0434455871582031 0.00853729248046875
-0.0473785400390625 -0.00605392456054687 0.0819091796875 -0.0367584228515625
-0.03509521484375 0.0265445709228516 0.052337646484375 -0.0901336669921875
-0.0112648010253906 0.041748046875 0.000274658203124992 -0.117790222167969
-0.0041351318359375 0.0336837768554688 -0.0350875854492188 -0.106857299804688
-0.0125637054443359 0.0302066802978516 -0.03863525390625 -0.0805130004882813
-0.0154552459716797 0.0325546264648438 -0.03436279296875 -0.0662002563476563
-0.0288867950439453 0.0130405426025391 -0.0219879150390625 -0.0516395568847656
-0.0327911376953125 -0.0168895721435547 -0.0210227966308594 -0.0493278503417969
-0.00518798828125 -0.0391006469726563 -0.0219841003417969 -0.0660820007324219
0.0426483154296875 -0.0337333679199219 -0.0170364379882813 -0.0941696166992188
0.0688629150390625 -0.00124359130859375 -0.0183334350585937 -0.138214111328125
0.0645980834960937 0.0355262756347656 -0.0104827880859375 -0.147994995117187
0.0565834045410156 0.0603866577148438 0.074371337890625 -0.132278442382812
0.0531349182128906 -0.00514602661132813 0.0250282287597656 -0.0381736755371094
0.0166301727294922 -0.0166091918945313 0.0532646179199219 0.01611328125
-0.000474929809570313 -0.0111980438232422 0.0986251831054688 -0.0315628051757813
-0.00454950332641602 -0.00309658050537109 0.06719970703125 -0.0916290283203125
-0.00159883499145508 -0.00181949138641357 0.00898742675781251 -0.125762939453125
-0.00984287261962891 -0.00763416290283203 -0.0360336303710938 -0.113792419433594
-0.0113544464111328 -0.00867843627929688 -0.0425338745117187 -0.0817337036132813
-0.0156965255737305 -0.0138797760009766 -0.0317306518554688 -0.0654983520507813
-0.014892578125 -0.0246620178222656 -0.0241203308105469 -0.0557518005371094
0.00671195983886719 -0.0328960418701172 -0.0223312377929687 -0.0467872619628906
0.0362358093261719 -0.0340957641601563 -0.0216751098632813 -0.056427001953125
0.0673027038574219 0.00973129272460938 -0.0233383178710937 -0.0791015625
0.0754776000976563 0.0507965087890625 -0.019805908203125 -0.117477416992187
0.0552139282226563 0.0923233032226563 -0.00463867187500001 -0.123214721679687
0.0373687744140625 0.119850158691406 0.0949478149414063 -0.100326538085938
0.0657844543457031 0.0546226501464844 0.040496826171875 -0.015289306640625
0.05938720703125 0.0258026123046875 0.0673179626464844 0.0277557373046875
0.0521774291992188 -0.00929641723632813 0.108482360839844 -0.0234832763671875
0.0324020385742188 -0.0281543731689453 0.0773468017578125 -0.084625244140625
0.00976181030273438 -0.0433921813964844 0.0193328857421875 -0.119873046875
-0.0114822387695313 -0.0493659973144531 -0.0289459228515625 -0.106681823730469
-0.0140380859375 -0.0465507507324219 -0.03839111328125 -0.072265625
-0.0157318115234375 -0.0542030334472656 -0.0269927978515625 -0.0549964904785156
-1.14440917968706E-05 -0.0634002685546875 -0.0269317626953125 -0.045013427734375
0.0374946594238281 -0.05865478515625 -0.0245380401611328 -0.0309238433837891
0.0733413696289063 -0.0356369018554688 -0.0268592834472656 -0.0432510375976563
0.0936203002929688 0.035614013671875 -0.0305252075195312 -0.0601158142089844
0.0877304077148437 0.0944900512695312 -0.0195693969726562 -0.0890426635742188
0.0444183349609375 0.132896423339844 -0.00161743164062499 -0.0858612060546875
0.00936889648437499 0.1580810546875 0.106330871582031 -0.0489425659179687
0.0602493286132813 0.110557556152344 0.0510978698730469 0.0199012756347656
0.0893783569335937 0.0717926025390625 0.0704574584960938 0.0514678955078125
0.1011962890625 0.00431060791015625 0.112106323242188 -0.00508880615234375
0.0724105834960938 -0.0427398681640625 0.084716796875 -0.061370849609375
0.0269241333007812 -0.0779876708984375 0.0304489135742188 -0.0980148315429688
-0.0125274658203125 -0.0827102661132813 -0.01666259765625 -0.087127685546875
-0.0129241943359375 -0.0765762329101563 -0.0275382995605469 -0.0526542663574219
-0.0183792114257813 -0.0868301391601563 -0.0190048217773438 -0.0337276458740234
0.00659942626953125 -0.09197998046875 -0.0261917114257813 -0.0216846466064453
0.055877685546875 -0.0780487060546875 -0.0285358428955078 -0.00625228881835938
0.09466552734375 -0.0436782836914063 -0.0286178588867187 -0.0218887329101562
0.109481811523437 0.047576904296875 -0.0345420837402344 -0.0421829223632813
0.0925064086914063 0.115425109863281 -0.0117111206054688 -0.0622444152832031
0.034881591796875 0.156875610351563 -0.000366210937499995 -0.0407981872558594
-0.0185394287109375 0.175430297851563 0.101806640625 0.0166549682617188
0.0350189208984375 0.14837646484375 0.0544624328613281 0.0657463073730469
0.0933761596679687 0.115165710449219 0.0674057006835938 0.07135009765625
0.128501892089844 0.0260467529296875 0.105010986328125 0.0218353271484375
0.100799560546875 -0.04388427734375 0.080322265625 -0.02960205078125
0.048614501953125 -0.100517272949219 0.0350875854492188 -0.0654525756835937
-0.00737762451171876 -0.104042053222656 -0.006805419921875 -0.0558815002441406
-0.00875091552734374 -0.098388671875 -0.0158824920654297 -0.0226669311523438
-0.0156402587890625 -0.108184814453125 -0.0100498199462891 -0.00327587127685548
0.0100784301757813 -0.109954833984375 -0.0202445983886719 0.00716400146484375
0.0680999755859375 -0.0896224975585938 -0.0304183959960937 0.0155181884765625
0.10528564453125 -0.046783447265625 -0.0355262756347656 -0.00611495971679688
0.118087768554687 0.05987548828125 -0.0343589782714844 -0.0298671722412109
0.0855255126953125 0.129585266113281 0.000419616699218756 -0.0372276306152344
0.0151519775390625 0.159027099609375 -0.00190448760986328 0.0101346969604492
-0.0494232177734375 0.151443481445313 0.08612060546875 0.07666015625
0.000427246093749988 0.153671264648438 0.04998779296875 0.1072998046875
0.0704345703125 0.134910583496094 0.0581512451171875 0.090728759765625
0.12957763671875 0.0508651733398438 0.0853347778320313 0.0437240600585938
0.111381530761719 -0.03204345703125 0.066314697265625 -0.00320053100585938
0.0555572509765625 -0.101303100585938 0.0326423645019531 -0.0275497436523438
0.000556945800781257 -0.109268188476563 0.00825214385986328 -0.0153903961181641
-0.00750732421875 -0.0997238159179687 0.00182771682739258 0.00664997100830078
-0.0162277221679688 -0.112190246582031 0.0015869140625 0.0296897888183594
0.010009765625 -0.114418029785156 -0.0169029235839844 0.0395965576171875
0.0735931396484375 -0.09124755859375 -0.0303878784179687 0.0415878295898438
0.110145568847656 -0.0405120849609375 -0.0378875732421875 0.0113716125488281
0.107139587402344 0.0685043334960938 -0.033172607421875 -0.0224399566650391
0.0627288818359375 0.12786865234375 0.0082244873046875 -0.0109615325927734
-0.0106964111328125 0.145889282226563 -0.00683212280273437 0.0561332702636719
-0.0690689086914063 0.101409912109375 0.0621719360351562 0.126655578613281
-0.0335311889648438 0.121475219726562 0.034576416015625 0.137725830078125
0.0348129272460938 0.125244140625 0.0438308715820313 0.0968017578125
0.10137939453125 0.0595474243164063 0.0579872131347656 0.0601959228515625
0.0945358276367188 -0.0178070068359375 0.0453262329101563 0.0254440307617188
0.0544967651367188 -0.0835189819335938 0.0295009613037109 0.00997161865234374
0.00647735595703124 -0.0951309204101563 0.0164966583251953 0.0198307037353516
-0.00305175781250001 -0.0870285034179688 0.0152549743652344 0.0373039245605469
-0.00780487060546876 -0.101470947265625 0.0147132873535156 0.0602798461914063
0.016082763671875 -0.0997314453125 -0.0111923217773437 0.0691070556640625
0.067352294921875 -0.0778579711914063 -0.032073974609375 0.0649337768554688
0.0988082885742188 -0.0276947021484375 -0.0449714660644531 0.0245132446289062
0.0868606567382813 0.0751495361328125 -0.0380477905273437 -0.012115478515625
0.0341720581054688 0.119186401367188 0.0157327651977539 0.0105867385864258
-0.0369949340820312 0.115806579589844 -0.0193023681640625 0.0980606079101563
-0.0718841552734375 0.0373458862304688 0.037994384765625 0.148468017578125
-0.055389404296875 0.068939208984375 0.0210113525390625 0.146820068359375
-0.00202178955078125 0.083251953125 0.0337753295898438 0.0930633544921875
0.0558013916015625 0.0521087646484375 0.0399703979492187 0.06378173828125
0.0650825500488281 -0.0021209716796875 0.0293540954589844 0.0390625
0.0457305908203125 -0.0534477233886719 0.0199451446533203 0.0346431732177734
0.00837326049804687 -0.0677871704101563 0.0259437561035156 0.048553466796875
0.00088882446289063 -0.0623626708984375 0.0276107788085937 0.0633316040039063
-0.00219726562500001 -0.0752105712890625 0.0257339477539062 0.0855941772460938
0.0147476196289062 -0.0737838745117188 -0.01043701171875 0.0925064086914063
0.0573883056640625 -0.0557518005371094 -0.0383453369140625 0.0832366943359375
0.0776748657226563 -0.0109710693359375 -0.0585136413574219 0.0346221923828125
0.0568161010742187 0.0717849731445313 -0.0418624877929687 -0.00569534301757813
-0.000236511230468745 0.0968170166015625 0.0111446380615234 0.0311317443847656
-0.06158447265625 0.0716094970703125 -0.038665771484375 0.133956909179688
0.0571517944335938 -0.00333404541015625 0.042999267578125 -0.140335083007813
0.0253105163574219 -0.0550498962402344 0.00371170043945313 -0.0426139831542969
-0.0276870727539063 -0.043121337890625 0.0442543029785156 0.00900650024414062
-0.0462417602539063 -0.00257492065429687 0.08056640625 -0.0349197387695313
-0.0313510894775391 0.0275306701660156 0.051788330078125 -0.088836669921875
-0.00811004638671875 0.0412864685058594 -0.0013427734375 -0.114006042480469
-0.001495361328125 0.0323390960693359 -0.03753662109375 -0.103355407714844
-0.00801849365234375 0.0301303863525391 -0.0391159057617187 -0.0771713256835938
-0.0144023895263672 0.0315322875976563 -0.0329399108886719 -0.0621604919433594
-0.0272769927978516 0.0153484344482422 -0.0247230529785156 -0.0517005920410156
-0.0305042266845703 -0.0144176483154297 -0.0247154235839844 -0.0492324829101563
-0.00658798217773437 -0.0375938415527344 -0.024383544921875 -0.0657386779785156
0.0399169921875 -0.0348625183105469 -0.0189590454101563 -0.09326171875
0.0664024353027344 -0.003814697265625 -0.0196914672851562 -0.136154174804688
0.0639610290527344 0.0323753356933594 -0.0142059326171875 -0.145660400390625
0.0558509826660156 0.0591468811035156 0.0696487426757813 -0.132591247558594
0.0508537292480469 -0.00604248046875 0.0206031799316406 -0.0375442504882812
0.0168619155883789 -0.0167131423950195 0.0543785095214844 0.0143089294433594
-0.00049591064453125 -0.0108728408813477 0.0956344604492188 -0.0341949462890625
-0.00371575355529785 -0.0013129711151123 0.0649566650390625 -0.0913314819335938
-0.002227783203125 9.5129013061523E-05 0.00595855712890626 -0.122261047363281
-0.00927448272705078 -0.00821781158447266 -0.037384033203125 -0.109710693359375
-0.0123214721679687 -0.00799179077148438 -0.0414657592773438 -0.0789947509765625
-0.0163822174072266 -0.0117530822753906 -0.0344619750976562 -0.0643272399902344
-0.0115814208984375 -0.0245704650878906 -0.0261688232421875 -0.0531692504882813
0.00691604614257812 -0.0365676879882812 -0.02520751953125 -0.0439720153808594
0.0358047485351563 -0.0324363708496094 -0.022918701171875 -0.0557212829589844
0.0669059753417969 0.00535964965820313 -0.0239334106445312 -0.0780487060546875
0.07720947265625 0.0513534545898438 -0.0216140747070312 -0.11566162109375
0.0562210083007813 0.0892562866210938 -0.00791168212890626 -0.123336791992188
0.0391159057617188 0.115509033203125 0.0905227661132812 -0.100196838378906
0.0650100708007813 0.0520477294921875 0.0374717712402344 -0.0164794921875
0.0601387023925781 0.0229644775390625 0.0649299621582031 0.0282096862792969
0.0504875183105469 -0.0115394592285156 0.1058349609375 -0.0243148803710938
0.0312690734863281 -0.0283794403076172 0.0755233764648438 -0.0821456909179688
0.00907135009765625 -0.0441551208496094 0.0161590576171875 -0.117202758789063
-0.0131721496582031 -0.0472869873046875 -0.0314407348632812 -0.104141235351563
-0.0148963928222656 -0.0449638366699219 -0.0381240844726563 -0.0697479248046875
-0.0184097290039063 -0.0526924133300781 -0.0306129455566406 -0.0519027709960938
-0.00246047973632812 -0.0612411499023438 -0.0289306640625 -0.0430831909179688
0.034637451171875 -0.0585556030273438 -0.0285377502441406 -0.0297222137451172
0.0702743530273438 -0.0371208190917969 -0.0268402099609375 -0.0420455932617187
0.0922317504882813 0.0313873291015625 -0.031402587890625 -0.0605201721191406
0.08984375 0.09002685546875 -0.0213851928710937 -0.0893478393554687
0.0485382080078125 0.129348754882812 -0.00453186035156249 -0.0869827270507812
0.013885498046875 0.15521240234375 0.101837158203125 -0.0517501831054687
0.0615615844726563 0.108100891113281 0.0511054992675781 0.0189933776855469
0.0915145874023438 0.0692672729492188 0.0720138549804688 0.050048828125
0.099273681640625 -6.103515625E-05 0.111190795898438 -0.00489044189453125
0.0691146850585938 -0.0448646545410156 0.081512451171875 -0.0620574951171875
0.0250778198242188 -0.0793380737304688 0.0260848999023438 -0.0972747802734375
-0.0130538940429687 -0.0821914672851562 -0.0203399658203125 -0.0844802856445313
-0.0152969360351563 -0.0749130249023438 -0.0301170349121094 -0.0497169494628906
-0.0218505859375 -0.0844497680664063 -0.0223045349121094 -0.0302696228027344
0.0023040771484375 -0.0899429321289063 -0.0282936096191406 -0.0207691192626953
0.0532760620117188 -0.0796737670898438 -0.0306892395019531 -0.00778770446777345
0.0922470092773438 -0.0455169677734375 -0.0314540863037109 -0.0249843597412109
0.111114501953125 0.0450439453125 -0.03472900390625 -0.0446548461914063
0.0945663452148438 0.110519409179688 -0.0141181945800781 -0.0624885559082031
0.0368804931640625 0.150543212890625 -0.00252532958984375 -0.0398101806640625
-0.01708984375 0.168411254882813 0.0999832153320313 0.0102386474609375
0.040069580078125 0.145339965820313 0.0547904968261719 0.0614814758300781
0.096435546875 0.112129211425781 0.0690536499023438 0.0697364807128906
0.127433776855469 0.0222854614257813 0.104080200195313 0.0193252563476563
0.09857177734375 -0.0479583740234375 0.079345703125 -0.0326461791992187
0.0408477783203125 -0.100837707519531 0.0325546264648438 -0.0651702880859375
-0.0098419189453125 -0.101982116699219 -0.00519180297851562 -0.0540390014648438
-0.0143508911132813 -0.0933380126953125 -0.0169677734375 -0.0226097106933594
-0.02099609375 -0.106781005859375 -0.0108413696289063 -0.00104808807373048
0.00408935546875001 -0.108055114746094 -0.0236892700195312 0.00741958618164061
0.063629150390625 -0.0930404663085938 -0.0307636260986328 0.0163536071777344
0.103507995605469 -0.0491180419921875 -0.0338153839111328 -0.00796890258789063
0.116539001464844 0.0554351806640625 -0.0352363586425781 -0.031036376953125
0.0880203247070313 0.123313903808594 -0.00209808349609375 -0.03759765625
0.0185089111328125 0.15606689453125 -0.00124549865722656 0.00850677490234376
-0.045501708984375 0.149703979492188 0.083587646484375 0.0727691650390625
0.00520324707031251 0.1497802734375 0.0495376586914063 0.105384826660156
0.074981689453125 0.132980346679688 0.0561141967773438 0.0884170532226563
0.129615783691406 0.0440444946289062 0.0830307006835938 0.0428543090820313
0.108062744140625 -0.0368423461914062 0.062652587890625 -0.00135421752929688
0.050262451171875 -0.102081298828125 0.0335483551025391 -0.0262184143066406
-0.00403594970703125 -0.105911254882813 0.00715351104736328 -0.0170526504516602
-0.0103607177734375 -0.096893310546875 0.000940322875976562 0.00863361358642578
-0.0180816650390625 -0.109764099121094 0.00266838073730469 0.0292491912841797
0.0070953369140625 -0.11151123046875 -0.0174713134765625 0.0375556945800781
0.06744384765625 -0.0928497314453125 -0.0299797058105469 0.0422210693359375
0.1058349609375 -0.0432815551757813 -0.0385398864746094 0.00958633422851563
0.108329772949219 0.06591796875 -0.0360183715820313 -0.0208625793457031
0.0670013427734375 0.124908447265625 0.00924682617187501 -0.0134029388427734
-0.00666809082031249 0.1434326171875 -0.0034332275390625 0.0569343566894531
-0.0643463134765625 0.102317810058594 0.0633163452148438 0.120124816894531
-0.0274429321289062 0.120193481445313 0.037017822265625 0.133857727050781
0.0376129150390625 0.121208190917969 0.0420455932617187 0.0950927734375
0.100837707519531 0.0543289184570313 0.0600700378417969 0.0583038330078125
0.0943984985351562 -0.0204544067382813 0.0448799133300781 0.0235214233398438
0.0494461059570313 -0.0857925415039063 0.0295372009277344 0.0074615478515625
0.000938415527343754 -0.0926742553710938 0.0164775848388672 0.0189113616943359
-0.00645446777343751 -0.0858230590820313 0.0143547058105469 0.038055419921875
-0.0125732421875 -0.100021362304688 0.0175819396972656 0.0590133666992187
0.00916290283203124 -0.100074768066406 -0.00999832153320312 0.0672073364257813
0.0649032592773438 -0.0802536010742188 -0.0312309265136719 0.0634651184082031
0.0979080200195312 -0.0318222045898437 -0.0447425842285156 0.0238189697265625
0.0881729125976563 0.0703506469726563 -0.0368537902832031 -0.0138168334960937
0.0359878540039063 0.117752075195313 0.0149812698364258 0.0081472396850586
-0.0344467163085938 0.115509033203125 -0.0153121948242188 0.0992889404296875
-0.0697174072265625 0.0384330749511719 0.0406036376953125 0.14459228515625
-0.0476570129394531 0.0666999816894531 0.0250244140625 0.144775390625
-0.00227355957031251 0.0832061767578125 0.0295791625976563 0.0917129516601563
0.0576362609863281 0.0491256713867188 0.0382270812988281 0.0620918273925781
0.0632858276367188 -0.00500869750976563 0.0289268493652344 0.0382728576660156
0.0386276245117188 -0.05499267578125 0.0233573913574219 0.0348834991455078
0.00485992431640626 -0.0642356872558594 0.0251121520996094 0.0469970703125
-0.000801086425781254 -0.0606422424316406 0.0275306701660156 0.0598335266113281
-0.004669189453125 -0.0724716186523438 0.02593994140625 0.08453369140625
0.01116943359375 -0.07501220703125 -0.00874328613281251 0.0924301147460938
0.0541648864746094 -0.0584144592285156 -0.0364761352539063 0.0829620361328125
0.0773544311523438 -0.0161285400390625 -0.0546455383300781 0.0359725952148438
0.0581512451171875 0.0683631896972656 -0.0408058166503906 -0.00754928588867188
0.00276184082031251 0.0949172973632813 0.0113468170166016 0.0266799926757813
-0.0563545227050781 0.0695762634277344 -0.0344161987304688 0.128814697265625
0.0565605163574219 -0.00505447387695312 0.041046142578125 -0.141036987304687
0.0241470336914063 -0.0560722351074219 0.0019989013671875 -0.0417327880859375
-0.02740478515625 -0.0414848327636719 0.0437774658203125 0.0109176635742188
-0.0452117919921875 -0.00201797485351563 0.0809707641601562 -0.0351409912109375
-0.0303821563720703 0.0268096923828125 0.05242919921875 -0.0878829956054688
-0.00795745849609375 0.0411262512207031 -0.000946044921874995 -0.113372802734375
-0.000312805175781248 0.0322132110595703 -0.0383071899414063 -0.1033935546875
-0.00736618041992188 0.0311355590820313 -0.0394210815429688 -0.0759735107421875
-0.0130519866943359 0.0321445465087891 -0.0332565307617187 -0.061431884765625
-0.0259838104248047 0.0146083831787109 -0.0244979858398438 -0.05145263671875
-0.0295257568359375 -0.0121669769287109 -0.0253105163574219 -0.0500526428222656
-0.00735092163085937 -0.0363235473632813 -0.0254478454589844 -0.0659370422363281
0.0379257202148438 -0.0346755981445313 -0.0164566040039063 -0.093780517578125
0.0659255981445313 -0.00477981567382813 -0.0186691284179688 -0.136634826660156
0.0642738342285156 0.0310935974121094 -0.0148773193359375 -0.146133422851563
0.0548629760742188 0.0575447082519531 0.0670318603515625 -0.132980346679687
0.0498313903808594 -0.00751495361328125 0.0190963745117188 -0.036834716796875
0.0166473388671875 -0.0157194137573242 0.0544967651367187 0.0167732238769531
-0.000547409057617188 -0.0104751586914063 0.094512939453125 -0.0344772338867188
-0.00278234481811523 -0.00158572196960449 0.0640335083007813 -0.0907974243164063
-0.00212442874908447 -0.00112414360046387 0.005523681640625 -0.121261596679688
-0.0088815689086914 -0.00898838043212891 -0.03863525390625 -0.109756469726563
-0.0115842819213867 -0.00818729400634766 -0.0421981811523438 -0.0775985717773438
-0.0157766342163086 -0.0115699768066406 -0.0343704223632813 -0.0625419616699219
-0.0120220184326172 -0.0241966247558594 -0.0278091430664062 -0.0528411865234375
0.00615501403808593 -0.0342655181884766 -0.0262565612792969 -0.0447769165039063
0.0356178283691406 -0.0325202941894531 -0.0241165161132812 -0.0577430725097656
0.0652809143066406 0.00555801391601563 -0.0216598510742188 -0.0794525146484375
0.0768051147460938 0.0498733520507812 -0.0198516845703125 -0.11663818359375
0.0575485229492188 0.0884933471679688 -0.00808715820312499 -0.125
0.0400543212890625 0.115287780761719 0.0879440307617188 -0.102378845214844
0.0642242431640625 0.0518264770507813 0.0359458923339844 -0.0162315368652344
0.0601654052734375 0.0227622985839844 0.0647544860839844 0.0305709838867187
0.0506591796875 -0.0122528076171875 0.106307983398437 -0.0241928100585937
0.0315170288085938 -0.0284862518310547 0.07525634765625 -0.0818862915039063
0.0084686279296875 -0.0438461303710938 0.0153579711914062 -0.115974426269531
-0.013397216796875 -0.0477371215820313 -0.0323867797851563 -0.102569580078125
-0.0149574279785156 -0.0454940795898437 -0.0390090942382812 -0.0679206848144531
-0.0187759399414063 -0.0524215698242188 -0.0312385559082031 -0.0504226684570312
-0.00230026245117187 -0.0604591369628906 -0.0301513671875 -0.0411643981933594
0.0338211059570313 -0.0590400695800781 -0.0296535491943359 -0.0293903350830078
0.069091796875 -0.0373954772949219 -0.0278778076171875 -0.044403076171875
0.091888427734375 0.0310211181640625 -0.0293006896972656 -0.0620307922363281
0.08966064453125 0.0881881713867188 -0.020294189453125 -0.0907211303710938
0.0484848022460938 0.129814147949219 -0.00517272949218749 -0.0885848999023437
0.015289306640625 0.1551513671875 0.100105285644531 -0.0527114868164062
0.0613021850585938 0.106536865234375 0.0489768981933594 0.01824951171875
0.0907669067382813 0.0691909790039063 0.070465087890625 0.0506210327148438
0.099212646484375 -0.00116729736328125 0.110801696777344 -0.0045928955078125
0.0682640075683594 -0.0460357666015625 0.0813446044921875 -0.0605010986328125
0.0230026245117187 -0.0795364379882813 0.0260696411132813 -0.0964813232421875
-0.0138778686523438 -0.0811080932617188 -0.0206298828125 -0.083221435546875
-0.015960693359375 -0.0750503540039063 -0.0306816101074219 -0.0484809875488281
-0.0221176147460938 -0.0856094360351563 -0.0234527587890625 -0.0289630889892578
0.000762939453124992 -0.0898971557617188 -0.0300216674804687 -0.0194587707519531
0.0518798828125 -0.080963134765625 -0.0315093994140625 -0.00777626037597657
0.09149169921875 -0.0465469360351562 -0.0325851440429688 -0.0268020629882813
0.111061096191406 0.0442428588867188 -0.0344505310058594 -0.0458755493164063
0.0960311889648438 0.110939025878906 -0.013641357421875 -0.0636100769042969
0.0374755859375 0.151504516601563 -0.00260162353515625 -0.0425529479980469
-0.0149688720703125 0.168472290039063 0.0978317260742188 0.00931549072265626
0.039215087890625 0.144699096679688 0.0529327392578125 0.0618247985839844
0.0973281860351563 0.111236572265625 0.0663681030273438 0.0723419189453125
0.128822326660156 0.0199432373046875 0.103004455566406 0.0210800170898438
0.09735107421875 -0.0500335693359375 0.0773239135742187 -0.0313491821289063
0.0382003784179687 -0.101119995117188 0.0322227478027344 -0.0647010803222656
-0.011322021484375 -0.101921081542969 -0.00728607177734375 -0.0527000427246094
-0.0151901245117188 -0.0934371948242188 -0.0167064666748047 -0.0213718414306641
-0.0235595703125 -0.105361938476563 -0.011138916015625 -0.000351905822753912
0.00275421142578125 -0.107254028320313 -0.0249805450439453 0.00869178771972655
0.0614471435546875 -0.0933990478515625 -0.0312881469726562 0.0165901184082031
0.103073120117188 -0.0501480102539063 -0.0367927551269531 -0.00888824462890626
0.116981506347656 0.0537643432617188 -0.0361213684082031 -0.0328025817871094
0.08966064453125 0.121437072753906 -0.00170898437499999 -0.0387344360351562
0.0190582275390625 0.155258178710937 -0.000829219818115234 0.00672340393066407
-0.043701171875 0.1497802734375 0.0845108032226562 0.070343017578125
0.00634765625000001 0.149444580078125 0.0482406616210938 0.103195190429688
0.0760116577148437 0.132034301757813 0.055511474609375 0.0890350341796875
0.12896728515625 0.041748046875 0.084014892578125 0.0441055297851563
0.106735229492188 -0.0393295288085938 0.0636482238769531 -0.000911712646484377
0.0478897094726562 -0.101936340332031 0.0332012176513672 -0.0272006988525391
-0.00717926025390624 -0.105278015136719 0.00567054748535156 -0.0160694122314453
-0.0122756958007813 -0.0968780517578125 -0.00142574310302734 0.00890350341796874
-0.0210113525390625 -0.110641479492188 0.0032806396484375 0.0302104949951172
0.00458526611328125 -0.110679626464844 -0.0180854797363281 0.0383338928222656
0.0648574829101562 -0.0943374633789063 -0.0304756164550781 0.0426673889160156
0.104576110839844 -0.0457611083984375 -0.0398139953613281 0.00810241699218749
0.109306335449219 0.0631484985351563 -0.036102294921875 -0.0223121643066406
0.069000244140625 0.1243896484375 0.00905418395996094 -0.0147848129272461
-0.00473022460937501 0.143585205078125 -0.00420379638671875 0.0554008483886719
-0.0626983642578125 0.103164672851562 0.0624618530273437 0.118118286132813
-0.0262222290039062 0.119804382324219 0.0355758666992188 0.133651733398438
0.0399017333984375 0.120338439941406 0.0409698486328125 0.0961380004882813
0.100830078125 0.0519943237304688 0.0600929260253906 0.0587539672851563
0.0941925048828125 -0.0225067138671875 0.0451850891113281 0.02337646484375
0.0474777221679687 -0.08599853515625 0.0291652679443359 0.00764846801757812
-0.000961303710937501 -0.0919723510742188 0.0166301727294922 0.0193939208984375
-0.00736236572265624 -0.0858230590820313 0.0139961242675781 0.0375556945800781
-0.0146636962890625 -0.0998001098632813 0.0168724060058594 0.0591316223144531
0.00753021240234375 -0.0995559692382813 -0.0112876892089844 0.0681114196777344
0.0632476806640625 -0.0821304321289062 -0.0314559936523438 0.0643959045410156
0.0966415405273438 -0.0329666137695313 -0.0461006164550781 0.0228424072265625
0.0896453857421875 0.0691680908203125 -0.0380325317382812 -0.0140266418457031
0.038421630859375 0.116165161132813 0.014068603515625 0.00694751739501954
-0.0328369140625 0.115409851074219 -0.0146026611328125 0.0975265502929688
-0.0693206787109375 0.0386734008789062 0.04193115234375 0.143966674804688
-0.0473251342773437 0.0674285888671875 0.0237884521484375 0.1436767578125
0.000267028808593745 0.0822219848632813 0.0288238525390625 0.0925979614257812
0.0575485229492188 0.0473442077636719 0.038055419921875 0.0639305114746094
0.0633010864257813 -0.005950927734375 0.0289039611816406 0.0375442504882813
0.0366363525390625 -0.0564804077148438 0.0251197814941406 0.0334110260009766
0.00399017333984375 -0.0637474060058594 0.0247116088867187 0.0465583801269531
-0.00215530395507813 -0.0611572265625 0.027374267578125 0.0613288879394531
-0.00608062744140625 -0.0739898681640625 0.0264129638671875 0.0832366943359375
0.00965881347656249 -0.0748825073242188 -0.00778198242187499 0.0925064086914063
0.0528640747070313 -0.0602531433105469 -0.0345077514648438 0.0818634033203125
0.0769500732421875 -0.0174713134765625 -0.0549888610839844 0.0348892211914063
0.0601081848144531 0.0663566589355469 -0.0418739318847656 -0.00867080688476561
0.00479125976562501 0.0939102172851562 0.0115795135498047 0.0250167846679688
-0.0562057495117188 0.0708160400390625 -0.0328216552734375 0.128570556640625
0.0568161010742188 -0.0051727294921875 0.039947509765625 -0.143157958984375
0.0233840942382812 -0.0569229125976563 0.000236511230468749 -0.0411796569824219
-0.0280609130859375 -0.0412673950195313 0.0449447631835937 0.0129814147949219
-0.0449714660644531 -0.000343322753906249 0.0829925537109375 -0.0356521606445313
-0.0300331115722656 0.028350830078125 0.0542068481445313 -0.09027099609375
-0.00688552856445313 0.0410614013671875 -0.000854492187500004 -0.115432739257813
-0.000175476074218753 0.0318107604980469 -0.0393295288085938 -0.10479736328125
-0.00613784790039062 0.0317573547363281 -0.0403594970703125 -0.077117919921875
-0.0124397277832031 0.0333290100097656 -0.0347633361816406 -0.0619163513183594
-0.0257282257080078 0.0155525207519531 -0.0254936218261719 -0.0514717102050781
-0.0295467376708984 -0.0110683441162109 -0.0280532836914063 -0.0507316589355469
-0.00780105590820312 -0.0356216430664063 -0.0253181457519531 -0.0686416625976563
0.0371017456054688 -0.0354270935058594 -0.0153427124023437 -0.0970077514648438
0.065673828125 -0.00543594360351562 -0.017669677734375 -0.140052795410156
0.0655403137207031 0.0306243896484375 -0.01507568359375 -0.150543212890625
0.0550460815429687 0.0592308044433594 0.0662918090820312 -0.136810302734375
0.0504837036132813 -0.0080718994140625 0.0176849365234375 -0.0374298095703125
0.0175008773803711 -0.0153102874755859 0.0553741455078125 0.0191307067871094
-0.000911712646484376 -0.00985240936279297 0.09698486328125 -0.0346450805664063
-0.00237321853637695 -0.00157856941223145 0.0661163330078125 -0.0921554565429688
-0.00169789791107178 -0.00142884254455566 0.00511932373046875 -0.122940063476563
-0.0087127685546875 -0.00969600677490235 -0.0400238037109375 -0.110771179199219
-0.0119686126708984 -0.0082244873046875 -0.0436859130859375 -0.0783843994140625
-0.0156698226928711 -0.0111942291259766 -0.0361442565917969 -0.0628395080566406
-0.0125770568847656 -0.0239143371582031 -0.0290946960449219 -0.0530624389648438
0.00597381591796875 -0.0346527099609375 -0.0278511047363281 -0.0457267761230469
0.0354766845703125 -0.0320854187011719 -0.0261192321777344 -0.0603752136230469
0.0660858154296875 0.0056610107421875 -0.0210800170898437 -0.0820846557617188
0.0779342651367187 0.0504379272460937 -0.0190582275390625 -0.120880126953125
0.05853271484375 0.0899429321289063 -0.00900268554687501 -0.129150390625
0.0406341552734375 0.117088317871094 0.088104248046875 -0.105697631835937
0.0650482177734375 0.0517196655273437 0.0348644256591797 -0.0164337158203125
0.0618476867675781 0.023834228515625 0.0661239624023437 0.0325126647949219
0.0523605346679688 -0.0126190185546875 0.108474731445312 -0.0237045288085937
0.0324573516845703 -0.0289211273193359 0.0774917602539063 -0.082611083984375
0.00803756713867188 -0.0448150634765625 0.0155029296875 -0.117652893066406
-0.013916015625 -0.0495071411132813 -0.0338973999023438 -0.104194641113281
-0.0150527954101563 -0.0455474853515625 -0.0406570434570313 -0.0685539245605469
-0.0196304321289063 -0.0525093078613281 -0.03350830078125 -0.0506553649902344
-0.00397872924804688 -0.0611419677734375 -0.0325965881347656 -0.0408058166503906
0.033905029296875 -0.0604362487792969 -0.032135009765625 -0.0300941467285156
0.0699882507324219 -0.0383872985839844 -0.0301322937011719 -0.0474815368652344
0.0935897827148438 0.0319976806640625 -0.029388427734375 -0.0649070739746094
0.0918960571289062 0.0896835327148437 -0.0193405151367188 -0.094207763671875
0.05010986328125 0.132469177246094 -0.00560760498046875 -0.0914077758789063
0.0158233642578125 0.158248901367188 0.100006103515625 -0.054779052734375
0.06158447265625 0.108467102050781 0.0481529235839844 0.0185928344726563
0.0936660766601563 0.0713424682617188 0.0702896118164063 0.0535736083984375
0.100959777832031 -0.00244140625 0.112762451171875 -0.0035858154296875
0.0693321228027344 -0.047698974609375 0.082763671875 -0.06085205078125
0.0219268798828125 -0.0811233520507813 0.0260772705078125 -0.0984725952148438
-0.0156326293945313 -0.0828094482421875 -0.0223617553710938 -0.0833053588867187
-0.0172195434570313 -0.0763092041015625 -0.0326499938964844 -0.0476570129394531
-0.0241851806640625 -0.0862884521484375 -0.0257759094238281 -0.0283069610595703
0.000282287597656257 -0.0914459228515625 -0.0318622589111328 -0.0180721282958984
0.0510101318359375 -0.0828704833984375 -0.0340824127197266 -0.00846290588378907
0.0926284790039063 -0.0492401123046875 -0.0357513427734375 -0.0287399291992187
0.113327026367188 0.0448684692382813 -0.0348663330078125 -0.0488510131835938
0.0982208251953125 0.112297058105469 -0.0136222839355469 -0.0674705505371094
0.0388336181640625 0.155136108398438 -0.00291061401367187 -0.0445404052734375
-0.015472412109375 0.171051025390625 0.0983963012695313 0.00784301757812501
0.0402069091796875 0.146270751953125 0.0526351928710938 0.0619964599609375
0.100410461425781 0.113731384277344 0.06683349609375 0.0765457153320313
0.1317138671875 0.0186004638671875 0.105300903320313 0.0224609375
0.0982131958007813 -0.0517349243164063 0.07958984375 -0.0314254760742188
0.0367965698242187 -0.103256225585938 0.0327644348144531 -0.0659675598144531
-0.0137176513671875 -0.103630065917969 -0.00890731811523437 -0.0538291931152344
-0.0159988403320312 -0.0951080322265625 -0.0190391540527344 -0.0203742980957031
-0.025665283203125 -0.107353210449219 -0.0122613906860352 0.000721931457519523
0.00137329101562501 -0.108787536621094 -0.0271549224853516 0.0101375579833984
0.0612106323242187 -0.09625244140625 -0.0331077575683594 0.0181293487548828
0.104293823242187 -0.0532150268554688 -0.0393409729003906 -0.0109443664550781
0.1199951171875 0.054229736328125 -0.0373382568359375 -0.0351028442382812
0.0924453735351563 0.1226806640625 -0.00222396850585937 -0.041351318359375
0.020050048828125 0.159255981445313 -0.00150775909423828 0.00577735900878907
-0.043792724609375 0.152664184570313 0.0846786499023438 0.0707931518554688
0.00689697265625 0.15118408203125 0.0470352172851563 0.105026245117188
0.0790328979492188 0.134323120117188 0.0555953979492188 0.0933380126953125
0.132339477539062 0.0406494140625 0.0851516723632813 0.0461654663085937
0.108467102050781 -0.0411758422851563 0.0649681091308594 0.000373840332031247
0.0461959838867188 -0.1044921875 0.0344257354736328 -0.0282688140869141
-0.0091400146484375 -0.10723876953125 0.00470256805419922 -0.0164079666137695
-0.0137252807617187 -0.0983200073242188 -0.00271415710449219 0.00988388061523437
-0.0237884521484375 -0.112716674804688 0.00311660766601562 0.0311622619628906
0.00215911865234376 -0.112739562988281 -0.0197372436523438 0.0409889221191406
0.0645370483398438 -0.0974578857421875 -0.032379150390625 0.0431327819824219
0.105758666992188 -0.0476913452148438 -0.0427818298339844 0.00728988647460937
0.112640380859375 0.06268310546875 -0.0383834838867187 -0.0246047973632813
0.0711517333984375 0.125724792480469 0.00902462005615235 -0.0170173645019531
-0.004974365234375 0.147476196289063 -0.00419998168945313 0.0554771423339844
-0.0619583129882812 0.105583190917969 0.063873291015625 0.119926452636719
-0.0259017944335938 0.122154235839844 0.0349578857421875 0.135406494140625
0.0408248901367187 0.123237609863281 0.0405349731445313 0.0991744995117188
0.103492736816406 0.0509490966796875 0.0596961975097656 0.0612411499023437
0.0954208374023438 -0.0240478515625 0.0461082458496094 0.0255889892578125
0.0458145141601563 -0.08837890625 0.0300998687744141 0.00789451599121093
-0.00240325927734376 -0.09326171875 0.0168190002441406 0.0193309783935547
-0.0089111328125 -0.0868759155273438 0.0134735107421875 0.0391006469726562
-0.01763916015625 -0.101531982421875 0.0165519714355469 0.0609779357910156
0.00536346435546875 -0.100799560546875 -0.01239013671875 0.0702896118164063
0.0620193481445313 -0.0857925415039063 -0.0319328308105469 0.0654029846191406
0.0979690551757813 -0.0354843139648438 -0.0482635498046875 0.0226249694824219
0.0925445556640625 0.0695953369140625 -0.0391044616699219 -0.0159568786621094
0.0406341552734375 0.117729187011719 0.0148096084594727 0.00509834289550782
-0.0330886840820312 0.117942810058594 -0.0141754150390625 0.0984115600585938
-0.069244384765625 0.0405921936035156 0.0427093505859375 0.146408081054688
-0.0471267700195312 0.0689735412597656 0.0230560302734375 0.1461181640625
0.0016021728515625 0.084075927734375 0.0280990600585938 0.0963516235351563
0.0583992004394531 0.0467681884765625 0.0399436950683594 0.0667381286621094
0.0639457702636719 -0.00763702392578125 0.0299911499023438 0.0399856567382813
0.0351448059082031 -0.057769775390625 0.0262317657470703 0.0340003967285156
0.00196075439453125 -0.0642166137695313 0.026092529296875 0.0480804443359375
-0.00368118286132813 -0.0619354248046875 0.0275154113769531 0.0627593994140625
-0.0091705322265625 -0.0750350952148438 0.0275192260742188 0.0849990844726563
0.00775909423828125 -0.0766372680664063 -0.00784301757812499 0.0950088500976563
0.0528068542480469 -0.0625343322753906 -0.0362701416015625 0.0836563110351562
0.077484130859375 -0.0185546875 -0.0562324523925781 0.033782958984375
0.0620536804199219 0.0668754577636719 -0.0438270568847656 -0.0100059509277344
0.00502777099609375 0.094757080078125 0.0114040374755859 0.0247764587402344
-0.0563812255859375 0.07305908203125 -0.0330963134765625 0.130516052246094
0.0577774047851563 -0.00528717041015625 0.0370025634765625 -0.149139404296875
0.0215530395507812 -0.0594902038574219 -0.0019073486328125 -0.0414505004882813
-0.0292396545410156 -0.0421714782714844 0.0479583740234375 0.0145988464355469
-0.0460357666015625 0.00189590454101563 0.086029052734375 -0.037841796875
-0.0291728973388672 0.0304012298583984 0.055023193359375 -0.0945816040039063
-0.00509262084960938 0.0423774719238281 -0.00314331054687499 -0.118461608886719
0.00181198120117188 0.0327816009521484 -0.0431594848632813 -0.107177734375
-0.00389480590820312 0.0329532623291016 -0.0434341430664063 -0.0791091918945313
-0.0105133056640625 0.03466796875 -0.0373764038085937 -0.0633125305175781
-0.0256938934326172 0.0172004699707031 -0.0276145935058594 -0.0533905029296875
-0.0303516387939453 -0.00998497009277344 -0.0303611755371094 -0.0527877807617188
-0.00848388671875 -0.035552978515625 -0.0290069580078125 -0.0714035034179688
0.0372810363769531 -0.0369453430175781 -0.0156478881835937 -0.101524353027344
0.0673713684082031 -0.00688934326171875 -0.0188140869140625 -0.145797729492187
0.0684890747070312 0.0299186706542969 -0.0188140869140625 -0.156890869140625
0.05712890625 0.0611038208007813 0.063995361328125 -0.142913818359375
0.0500335693359375 -0.0090179443359375 0.0159492492675781 -0.0379714965820313
0.0181808471679688 -0.0156974792480469 0.0587501525878906 0.0207252502441406
-8.01086425781254E-05 -0.010127067565918 0.0998764038085938 -0.0368270874023438
-0.00215160846710205 -0.00140106678009033 0.0671310424804688 -0.0966415405273438
-0.00178027153015137 -0.00111329555511475 0.003326416015625 -0.126693725585938
-0.00893402099609375 -0.00999355316162109 -0.0437774658203125 -0.113212585449219
-0.0115232467651367 -0.007904052734375 -0.0468368530273437 -0.079376220703125
-0.0159406661987305 -0.011016845703125 -0.0398406982421875 -0.0636405944824219
-0.0121250152587891 -0.0242748260498047 -0.0321388244628906 -0.0538482666015625
0.00600814819335937 -0.0355110168457031 -0.0312614440917969 -0.0466232299804688
0.0361213684082031 -0.0337562561035156 -0.0291938781738281 -0.064056396484375
0.0678901672363281 0.00608444213867187 -0.0217437744140625 -0.0861740112304688
0.0810165405273438 0.05029296875 -0.020904541015625 -0.12615966796875
0.0620574951171875 0.091705322265625 -0.0111160278320312 -0.135581970214844
0.0435791015625 0.120964050292969 0.0876693725585938 -0.111686706542969
0.0663833618164062 0.0516738891601563 0.0335235595703125 -0.0171756744384766
0.0646896362304688 0.0238113403320313 0.0685577392578125 0.0345993041992188
0.0535850524902344 -0.0139503479003906 0.112495422363281 -0.0250320434570313
0.0328998565673828 -0.0316638946533203 0.0792007446289063 -0.0855484008789063
0.0068817138671875 -0.0466575622558594 0.0133895874023437 -0.121879577636719
-0.01605224609375 -0.0513267517089844 -0.0379409790039063 -0.106185913085937
-0.0160789489746094 -0.0468025207519531 -0.0441703796386719 -0.0680694580078125
-0.0221214294433594 -0.0542984008789063 -0.0363082885742187 -0.0507774353027344
-0.00516891479492187 -0.0632896423339844 -0.0355148315429687 -0.0407180786132813
0.0332984924316406 -0.0634269714355469 -0.0348091125488281 -0.0307769775390625
0.0714874267578125 -0.0410537719726563 -0.0337181091308594 -0.0497055053710937
0.0967178344726563 0.03167724609375 -0.0302848815917969 -0.0691146850585938
0.0960006713867188 0.0906448364257813 -0.0211639404296875 -0.0991973876953125
0.05401611328125 0.136322021484375 -0.0077972412109375 -0.09698486328125
0.0180206298828125 0.163467407226563 0.101028442382813 -0.0595779418945313
0.0646820068359375 0.109962463378906 0.0479621887207031 0.0184326171875
0.0985031127929688 0.0725173950195313 0.074249267578125 0.056549072265625
0.105331420898438 -0.00469207763671875 0.116600036621094 -0.0040130615234375
0.0706253051757813 -0.0507659912109375 0.0856246948242188 -0.0635147094726563
0.0203018188476563 -0.0849533081054688 0.0247116088867188 -0.101860046386719
-0.0186233520507812 -0.0860214233398438 -0.0255508422851563 -0.0857696533203125
-0.0192337036132812 -0.0782852172851562 -0.035614013671875 -0.046783447265625
-0.02813720703125 -0.0888595581054688 -0.0268402099609375 -0.0279712677001953
-0.00276184082031251 -0.0938262939453125 -0.0345478057861328 -0.0174522399902344
0.050506591796875 -0.0873565673828125 -0.0368766784667969 -0.00753784179687501
0.0944747924804688 -0.0521926879882812 -0.0396614074707031 -0.0311851501464844
0.118270874023438 0.0448532104492188 -0.0372314453125 -0.05206298828125
0.104209899902344 0.113662719726563 -0.01422119140625 -0.0715866088867187
0.0425872802734375 0.1602783203125 -0.00485992431640625 -0.0477409362792969
-0.0125885009765625 0.177047729492188 0.10076904296875 0.00577545166015626
0.0440216064453125 0.149978637695313 0.0535812377929688 0.0636405944824219
0.106468200683594 0.116325378417969 0.0696945190429688 0.0792694091796875
0.136405944824219 0.0151290893554688 0.108558654785156 0.0227508544921875
0.100555419921875 -0.05523681640625 0.0818328857421875 -0.0323104858398438
0.0348968505859375 -0.106651306152344 0.0329246520996094 -0.0692405700683594
-0.0168914794921875 -0.106338500976563 -0.010650634765625 -0.0536766052246094
-0.0197067260742187 -0.097412109375 -0.0211715698242187 -0.0191841125488281
-0.0300827026367188 -0.109886169433594 -0.0137548446655273 0.00133895874023437
-0.00292205810546874 -0.112060546875 -0.0288429260253906 0.0120277404785156
0.0598297119140625 -0.102363586425781 -0.0356903076171875 0.0185623168945312
0.106002807617188 -0.0582351684570312 -0.0435676574707031 -0.0113372802734375
0.125473022460938 0.0534744262695313 -0.0397453308105469 -0.0374755859375
0.0980606079101563 0.125106811523438 -0.00269699096679687 -0.0445404052734375
0.02423095703125 0.165191650390625 -0.00255060195922851 0.00477790832519532
-0.0413055419921875 0.158218383789063 0.088348388671875 0.0704574584960938
0.00938415527343751 0.155654907226563 0.0485458374023437 0.106742858886719
0.0854110717773438 0.138908386230469 0.0578155517578125 0.0962677001953125
0.1378173828125 0.038299560546875 0.0885238647460938 0.0477142333984375
0.111106872558594 -0.0452041625976563 0.0681343078613281 0.000671386718749997
0.0441360473632813 -0.109832763671875 0.0344944000244141 -0.0295944213867188
-0.01251220703125 -0.111122131347656 0.00407791137695313 -0.0168943405151367
-0.0179214477539062 -0.101089477539062 -0.00378227233886719 0.0112380981445312
-0.0283355712890625 -0.115791320800781 0.00232124328613281 0.0321235656738281
-0.00168609619140626 -0.1153564453125 -0.01995849609375 0.043975830078125
0.0637969970703125 -0.103248596191406 -0.0327606201171875 0.0458908081054688
0.108200073242187 -0.05328369140625 -0.0467414855957031 0.00759124755859374
0.119071960449219 0.06243896484375 -0.0409812927246094 -0.0254249572753906
0.076690673828125 0.127349853515625 0.00864982604980469 -0.0199089050292969
-0.001739501953125 0.152786254882813 -0.00352096557617188 0.0553092956542969
-0.0617523193359375 0.110122680664063 0.0673065185546875 0.122085571289063
-0.0242538452148437 0.12652587890625 0.0367507934570312 0.139122009277344
0.0460739135742187 0.127067565917969 0.0421905517578125 0.103271484375
0.108917236328125 0.04876708984375 0.0630989074707031 0.0636634826660156
0.0971832275390625 -0.0276718139648438 0.0486717224121094 0.0265121459960937
0.0435638427734375 -0.0926895141601563 0.0314731597900391 0.00739860534667968
-0.00674438476562499 -0.0963821411132813 0.0173511505126953 0.0203781127929687
-0.0115966796875 -0.0892181396484375 0.014251708984375 0.0411453247070312
-0.0221710205078125 -0.104942321777344 0.0180854797363281 0.0631942749023438
0.001678466796875 -0.104698181152344 -0.0122833251953125 0.07440185546875
0.0607681274414063 -0.09075927734375 -0.0321922302246094 0.0683135986328125
0.099884033203125 -0.0403518676757812 -0.0516242980957031 0.0237503051757812
0.0980148315429687 0.0691299438476563 -0.0421714782714844 -0.0166816711425781
0.045196533203125 0.120162963867187 0.0148468017578125 0.00451469421386719
-0.03155517578125 0.123519897460937 -0.0128936767578125 0.101531982421875
-0.0695037841796875 0.042633056640625 0.046142578125 0.150588989257813
-0.0467987060546875 0.0717010498046875 0.025238037109375 0.152359008789063
0.004241943359375 0.0877151489257813 0.030364990234375 0.100570678710938
0.0628814697265625 0.0455970764160156 0.0418472290039063 0.0701751708984375
0.0653190612792969 -0.010223388671875 0.03314208984375 0.0427627563476563
0.0341415405273438 -0.0596961975097656 0.0282936096191406 0.0345878601074219
-0.000278472900390623 -0.0660896301269531 0.0270309448242188 0.0486679077148437
-0.00586700439453125 -0.0641517639160156 0.0287704467773438 0.0646514892578125
-0.0126495361328125 -0.0771331787109375 0.0291976928710938 0.0879974365234375
0.0052032470703125 -0.07818603515625 -0.00727081298828125 0.0991134643554688
0.0521240234375 -0.0665512084960938 -0.036163330078125 0.0871200561523438
0.0800018310546875 -0.022735595703125 -0.0593528747558594 0.0360641479492187
0.0659027099609375 0.0673370361328125 -0.0463333129882812 -0.0104713439941406
0.00788116455078126 0.097320556640625 0.0121574401855469 0.0240821838378906
-0.0564651489257812 0.0770034790039063 -0.03021240234375 0.134719848632813
0.0583305358886719 -0.0075836181640625 0.0310516357421875 -0.154541015625
0.018218994140625 -0.061431884765625 -0.00496673583984375 -0.0414772033691406
-0.0317306518554687 -0.0406303405761719 0.051055908203125 0.0147056579589844
-0.0468902587890625 0.00458145141601562 0.0876235961914063 -0.0418472290039063
-0.0281963348388672 0.0325527191162109 0.0525360107421875 -0.0996627807617188
-0.00274658203124999 0.0442123413085937 -0.00704956054687499 -0.121208190917969
0.00331497192382813 0.0329856872558594 -0.0486068725585938 -0.108749389648438
-0.00177192687988281 0.0334758758544922 -0.0473861694335937 -0.0787506103515625
-0.00848388671875 0.0360336303710938 -0.0411415100097656 -0.0631256103515625
-0.024749755859375 0.0192108154296875 -0.031036376953125 -0.0537757873535156
-0.0311870574951172 -0.00793266296386719 -0.0349044799804687 -0.0530891418457031
-0.0101814270019531 -0.0352821350097656 -0.0327529907226563 -0.0739669799804688
0.035369873046875 -0.0388374328613281 -0.01849365234375 -0.106254577636719
0.0680618286132813 -0.00996780395507813 -0.02471923828125 -0.15045166015625
0.0715103149414063 0.027587890625 -0.025360107421875 -0.1619873046875
0.06048583984375 0.0611610412597656 0.0591583251953125 -0.149551391601563
0.0494575500488281 -0.0108985900878906 0.0129280090332031 -0.0386962890625
0.0178146362304688 -0.0168075561523438 0.0612945556640625 0.0206031799316406
-2.86102294921803E-06 -0.00993728637695312 0.101463317871094 -0.041046142578125
-0.00136101245880127 -0.0012582540512085 0.0663070678710938 -0.101394653320312
-0.00175702571868897 -0.00207233428955078 -0.001617431640625 -0.130172729492188
-0.00983524322509766 -0.00985813140869141 -0.0496978759765625 -0.114265441894531
-0.0110530853271484 -0.00804615020751953 -0.0520401000976563 -0.0783767700195313
-0.0162591934204102 -0.0111770629882813 -0.0440025329589844 -0.0634307861328125
-0.0134449005126953 -0.0242195129394531 -0.0360183715820313 -0.0536003112792969
0.0049896240234375 -0.0352935791015625 -0.0363578796386719 -0.0473899841308594
0.0365867614746094 -0.0352668762207031 -0.0330581665039063 -0.0660476684570313
0.0690231323242188 0.00431060791015625 -0.0242385864257813 -0.0901947021484375
0.0851211547851563 0.0488662719726563 -0.0251846313476562 -0.130546569824219
0.0671844482421875 0.0914306640625 -0.017425537109375 -0.140281677246094
0.0490264892578125 0.123481750488281 0.0841140747070313 -0.119148254394531
0.0692405700683594 0.0503196716308594 0.0325813293457031 -0.0189399719238281
0.0680885314941406 0.0221366882324219 0.0716018676757813 0.0353927612304688
0.0543632507324219 -0.0167388916015625 0.114250183105469 -0.029083251953125
0.0330715179443359 -0.0332221984863281 0.0790939331054687 -0.091033935546875
0.00458526611328125 -0.0481948852539063 0.00955200195312501 -0.125656127929688
-0.01904296875 -0.0525588989257813 -0.0436248779296875 -0.107154846191406
-0.0186614990234375 -0.0471038818359375 -0.0486869812011719 -0.0668067932128906
-0.0247917175292969 -0.0545921325683594 -0.0402069091796875 -0.0499687194824219
-0.00825500488281251 -0.0636558532714844 -0.039703369140625 -0.039520263671875
0.0309944152832031 -0.06561279296875 -0.0393028259277344 -0.0307807922363281
0.0714492797851563 -0.04486083984375 -0.0389900207519531 -0.0511856079101563
0.100616455078125 0.0293807983398438 -0.0339202880859375 -0.07183837890625
0.102241516113281 0.0887451171875 -0.0246963500976562 -0.103240966796875
0.0611572265625 0.138137817382813 -0.0125350952148437 -0.10089111328125
0.0244903564453125 0.167770385742188 0.0992050170898438 -0.0665283203125
0.070037841796875 0.110092163085938 0.0481796264648438 0.0173149108886719
0.105316162109375 0.0708770751953125 0.0770721435546875 0.057403564453125
0.107521057128906 -0.00966644287109375 0.120216369628906 -0.00710296630859375
0.070281982421875 -0.0552177429199219 0.0858078002929688 -0.0678939819335937
0.0163650512695312 -0.0879287719726563 0.021728515625 -0.105636596679688
-0.024017333984375 -0.0875473022460938 -0.0307540893554688 -0.0858840942382813
-0.0233230590820313 -0.0790863037109375 -0.0387229919433594 -0.0451431274414063
-0.0330810546875 -0.0897750854492187 -0.0302810668945313 -0.0267410278320313
-0.0081329345703125 -0.0960159301757812 -0.0379905700683594 -0.0155143737792969
0.0477294921875 -0.0926055908203125 -0.0399169921875 -0.00698089599609375
0.0943603515625 -0.0578689575195312 -0.0443077087402344 -0.0316886901855469
0.123252868652344 0.0416641235351563 -0.0399589538574219 -0.0535087585449219
0.111503601074219 0.112083435058594 -0.0173873901367187 -0.0751724243164063
0.0495758056640625 0.163803100585938 -0.00746917724609375 -0.0507278442382812
-0.00634765624999999 0.18359375 0.102699279785156 0.000244140625000011
0.049652099609375 0.151290893554688 0.0553665161132812 0.0626335144042969
0.115013122558594 0.116134643554687 0.0734481811523438 0.0812530517578125
0.140487670898438 0.010284423828125 0.1124267578125 0.0209732055664063
0.100532531738281 -0.061279296875 0.0835494995117188 -0.0348663330078125
0.0294265747070312 -0.111572265625 0.031005859375 -0.0720443725585938
-0.0232467651367187 -0.109024047851563 -0.0139541625976563 -0.0544204711914063
-0.0254364013671875 -0.0987167358398438 -0.0230159759521484 -0.0170459747314453
-0.0384140014648437 -0.111259460449219 -0.0152301788330078 0.00284099578857421
-0.00890350341796874 -0.11492919921875 -0.0301990509033203 0.0151939392089844
0.055633544921875 -0.108222961425781 -0.037139892578125 0.0210418701171875
0.106071472167969 -0.0641250610351563 -0.0472068786621094 -0.0107040405273438
0.131561279296875 0.05029296875 -0.0426979064941406 -0.0381507873535156
0.105659484863281 0.124191284179688 -0.00481414794921874 -0.0480690002441406
0.0308074951171875 0.169677734375 -0.00305128097534179 0.00352001190185548
-0.03668212890625 0.165130615234375 0.09185791015625 0.0677566528320313
0.0159759521484375 0.15948486328125 0.0517578125 0.108474731445313
0.0938568115234375 0.139213562011719 0.0613327026367188 0.0990371704101563
0.142257690429688 0.0323944091796875 0.0929183959960938 0.0478363037109375
0.111007690429688 -0.0513763427734375 0.0703659057617187 -0.000892639160156253
0.0391845703125 -0.113922119140625 0.0339069366455078 -0.0313034057617188
-0.018707275390625 -0.113075256347656 0.00328254699707031 -0.0162496566772461
-0.0230941772460938 -0.102920532226563 -0.00368976593017578 0.0136451721191406
-0.0370941162109375 -0.116722106933594 0.00296211242675781 0.03411865234375
-0.00837707519531249 -0.118820190429688 -0.0199012756347656 0.046844482421875
0.0594100952148438 -0.10992431640625 -0.0329666137695312 0.0483055114746094
0.108474731445313 -0.0604400634765625 -0.0493812561035156 0.00870513916015626
0.124443054199219 0.05908203125 -0.0435447692871094 -0.0265655517578125
0.0847930908203125 0.128334045410156 0.00835418701171876 -0.0220375061035156
0.00390625000000001 0.1580810546875 -0.00188446044921875 0.0567626953125
-0.05877685546875 0.116165161132813 0.07281494140625 0.122581481933594
-0.0195083618164063 0.130599975585938 0.04156494140625 0.14141845703125
0.0533218383789062 0.129371643066406 0.0459442138671875 0.106658935546875
0.113563537597656 0.045440673828125 0.0670089721679688 0.06451416015625
0.0980987548828125 -0.0333328247070312 0.0520973205566406 0.0269584655761719
0.0395660400390625 -0.09649658203125 0.0330600738525391 0.00603294372558593
-0.0120468139648437 -0.0983200073242188 0.0186595916748047 0.0203647613525391
-0.0172882080078125 -0.0904083251953125 0.0150604248046875 0.0433731079101562
-0.02947998046875 -0.105819702148437 0.0207633972167969 0.0639114379882813
-0.00456237792968751 -0.107192993164063 -0.0107192993164063 0.0775604248046875
0.0572357177734375 -0.0969696044921875 -0.0315704345703125 0.0715408325195313
0.100608825683594 -0.0460891723632813 -0.05377197265625 0.0258750915527344
0.103294372558594 0.0666732788085938 -0.0449485778808594 -0.0164833068847656
0.0510711669921875 0.121376037597656 0.0152530670166016 0.00221633911132813
-0.026885986328125 0.128822326660156 -0.00893402099609376 0.103385925292969
-0.0695457458496094 0.0470085144042969 0.052764892578125 0.152679443359375
-0.045196533203125 0.0751571655273438 0.030059814453125 0.156005859375
0.00913238525390625 0.0907745361328125 0.0332870483398438 0.102836608886719
0.0662765502929688 0.0430641174316406 0.0457534790039063 0.0717010498046875
0.0661773681640625 -0.0140228271484375 0.0357666015625 0.0431022644042969
0.03106689453125 -0.0632591247558594 0.0298309326171875 0.0348110198974609
-0.0042572021484375 -0.0678367614746094 0.0302772521972656 0.0492439270019531
-0.00912857055664063 -0.0646553039550781 0.0317497253417969 0.0661163330078125
-0.0180435180664062 -0.078643798828125 0.0342178344726563 0.08905029296875
0.000396728515625003 -0.08123779296875 -0.0039825439453125 0.102790832519531
0.049224853515625 -0.0717239379882813 -0.0341415405273437 0.0911636352539063
0.080474853515625 -0.0274200439453125 -0.0606803894042969 0.0390396118164063
0.0706787109375 0.0647354125976563 -0.04937744140625 -0.010009765625
0.0120162963867188 0.0987701416015625 0.0137596130371094 0.0228023529052734
-0.0545578002929687 0.081787109375 -0.0259170532226563 0.13916015625
0.0582122802734375 -0.00941848754882813 0.0230255126953125 -0.156845092773438
0.014495849609375 -0.0620651245117188 -0.00750350952148437 -0.0407142639160156
-0.0342445373535156 -0.0397377014160156 0.0531692504882813 0.0141868591308594
-0.0454292297363281 0.00678253173828125 0.0879440307617187 -0.045379638671875
-0.0258064270019531 0.0335922241210938 0.0488739013671875 -0.102760314941406
-0.000488281249999999 0.0438079833984375 -0.0120849609375 -0.122016906738281
0.00557899475097656 0.0328941345214844 -0.05401611328125 -0.106842041015625
0.000467300415039061 0.0331363677978516 -0.05157470703125 -0.0770645141601563
-0.00516128540039062 0.0362586975097656 -0.0453910827636719 -0.0613288879394531
-0.0227127075195313 0.0206584930419922 -0.034576416015625 -0.0535316467285156
-0.0311355590820313 -0.00496482849121093 -0.0383758544921875 -0.0523147583007813
-0.0115165710449219 -0.0344696044921875 -0.0368881225585937 -0.0737228393554688
0.0333824157714844 -0.0401687622070313 -0.0214385986328125 -0.107925415039063
0.0672454833984375 -0.0132179260253906 -0.0309600830078125 -0.1513671875
0.0731201171875 0.023956298828125 -0.032928466796875 -0.163253784179688
0.0639495849609375 0.0598297119140625 0.05145263671875 -0.153244018554688
0.0483322143554688 -0.0134048461914063 0.00990676879882813 -0.03863525390625
0.0180072784423828 -0.0177249908447266 0.0638771057128906 0.0201034545898437
-9.25064086914065E-05 -0.0102748870849609 0.101531982421875 -0.0447463989257813
-0.000988125801086426 -0.00153803825378418 0.0621337890625 -0.105171203613281
-0.00172185897827148 -0.00207281112670898 -0.00653076171875001 -0.131233215332031
-0.0102920532226563 -0.0100955963134766 -0.05584716796875 -0.112030029296875
-0.0106697082519531 -0.00758647918701172 -0.0557174682617188 -0.0760116577148438
-0.0161142349243164 -0.0103025436401367 -0.047576904296875 -0.0607833862304688
-0.0146198272705078 -0.0230541229248047 -0.0399703979492188 -0.0523033142089844
0.00345230102539063 -0.0354995727539063 -0.0397148132324219 -0.0465660095214844
0.0343399047851563 -0.03619384765625 -0.0372886657714844 -0.0664253234863281
0.0693855285644531 0.001190185546875 -0.0274200439453125 -0.0927886962890625
0.0872268676757813 0.0450057983398438 -0.0306472778320312 -0.132110595703125
0.07171630859375 0.0892715454101563 -0.024200439453125 -0.141220092773438
0.0547027587890625 0.123199462890625 0.0774688720703125 -0.124046325683594
0.0704498291015625 0.0474472045898438 0.0301971435546875 -0.0201377868652344
0.0702896118164063 0.01922607421875 0.075042724609375 0.0346298217773437
0.0546875 -0.0190582275390625 0.114837646484375 -0.0334396362304688
0.0317192077636719 -0.0349559783935547 0.0758056640625 -0.095184326171875
0.00215530395507812 -0.0487861633300781 0.00391387939453126 -0.126632690429688
-0.0224990844726562 -0.0522918701171875 -0.0487289428710938 -0.104972839355469
-0.0204353332519531 -0.0468864440917969 -0.0519256591796875 -0.06396484375
-0.0276603698730469 -0.0533599853515625 -0.043914794921875 -0.0472946166992187
-0.011016845703125 -0.0633773803710938 -0.0426750183105469 -0.0374717712402344
0.0279045104980469 -0.0674514770507813 -0.0426712036132813 -0.0295257568359375
0.0697250366210938 -0.0480461120605469 -0.0431480407714844 -0.0515899658203125
0.102546691894531 0.0255889892578125 -0.0363540649414063 -0.0736465454101563
0.106277465820312 0.0850677490234375 -0.029266357421875 -0.105262756347656
0.0674819946289063 0.137016296386719 -0.017913818359375 -0.101875305175781
0.0319061279296875 0.16888427734375 0.095947265625 -0.0715408325195312
0.0734634399414063 0.107276916503906 0.0467529296875 0.0153999328613281
0.109733581542969 0.0672378540039063 0.0807723999023438 0.0565338134765625
0.106964111328125 -0.0142364501953125 0.120903015136719 -0.0112762451171875
0.0680923461914063 -0.0587348937988281 0.0850982666015625 -0.0711593627929688
0.011932373046875 -0.0887527465820313 0.0173416137695313 -0.106834411621094
-0.0287933349609375 -0.0870742797851563 -0.0350875854492188 -0.0846176147460937
-0.0274429321289063 -0.0786361694335938 -0.0413322448730469 -0.0418739318847656
-0.0383071899414062 -0.08868408203125 -0.0330867767333984 -0.0244636535644531
-0.0128021240234375 -0.0947189331054688 -0.0404090881347656 -0.01251220703125
0.04229736328125 -0.095367431640625 -0.0420494079589844 -0.005157470703125
0.0918350219726563 -0.0627593994140625 -0.0478630065917969 -0.0304794311523438
0.126663208007813 0.0369949340820313 -0.0429191589355469 -0.054046630859375
0.117362976074219 0.10772705078125 -0.0211944580078125 -0.076904296875
0.0572509765625 0.163543701171875 -0.0112838745117187 -0.0519294738769531
0.00119018554687498 0.18560791015625 0.101066589355469 -0.00507354736328124
0.0556488037109375 0.149337768554688 0.0563125610351563 0.0600013732910156
0.121475219726563 0.111862182617188 0.0772476196289063 0.0806198120117188
0.141632080078125 0.0033111572265625 0.114471435546875 0.0177764892578125
0.09765625 -0.0666046142578125 0.0841903686523438 -0.0380020141601563
0.0240478515625 -0.113014221191406 0.0276870727539062 -0.0735931396484375
-0.02972412109375 -0.108757019042969 -0.0165328979492188 -0.0530662536621094
-0.0299758911132813 -0.0985031127929688 -0.0241546630859375 -0.0138931274414063
-0.045440673828125 -0.110221862792969 -0.0156698226928711 0.00374126434326171
-0.0157546997070312 -0.114784240722656 -0.0309524536132813 0.0178241729736328
0.0492019653320313 -0.112602233886719 -0.0374374389648438 0.0224266052246094
0.102981567382813 -0.0705413818359375 -0.0503349304199219 -0.00894927978515626
0.135292053222656 0.044830322265625 -0.0453758239746094 -0.03851318359375
0.112884521484375 0.119598388671875 -0.00743484497070312 -0.0501289367675781
0.0386810302734375 0.17022705078125 -0.00409269332885742 0.0022265911102295
-0.0297393798828125 0.168838500976563 0.093475341796875 0.0630569458007813
0.022125244140625 0.158966064453125 0.055145263671875 0.10626220703125
0.1016845703125 0.136680603027344 0.0654220581054688 0.0989303588867188
0.144927978515625 0.0255889892578125 0.0956497192382813 0.0448684692382813
0.108757019042969 -0.05743408203125 0.0717010498046875 -0.00301361083984375
0.0324859619140625 -0.116378784179688 0.0327281951904297 -0.0333652496337891
-0.0252304077148438 -0.113059997558594 0.00199413299560547 -0.0159053802490234
-0.0284805297851562 -0.102287292480469 -0.00375747680664062 0.0157785415649414
-0.0452499389648438 -0.115493774414063 0.00439071655273437 0.0345001220703125
-0.01513671875 -0.118850708007813 -0.0182571411132813 0.0494766235351562
0.0519790649414063 -0.114311218261719 -0.0323486328125 0.0500831604003906
0.105133056640625 -0.06646728515625 -0.0513839721679687 0.0113792419433594
0.128746032714844 0.0537185668945313 -0.0459556579589844 -0.0255317687988281
0.0914764404296875 0.124008178710938 0.00674438476562501 -0.0245895385742187
0.01123046875 0.159835815429688 -8.01086425781243E-05 0.0558586120605469
-0.0533981323242188 0.120193481445313 0.0774917602539063 0.119651794433594
-0.01385498046875 0.13177490234375 0.046539306640625 0.141159057617188
0.060791015625 0.128280639648438 0.0498886108398438 0.106552124023438
0.116180419921875 0.0386962890625 0.0702781677246094 0.0637474060058594
0.096771240234375 -0.0388107299804687 0.0544242858886719 0.0257644653320312
0.0335617065429688 -0.0984115600585938 0.0330810546875 0.00478744506835937
-0.0178146362304688 -0.0983352661132812 0.0190067291259766 0.0198001861572266
-0.0223007202148437 -0.0904769897460938 0.0168685913085937 0.0433082580566406
-0.0369873046875 -0.104530334472656 0.0232963562011719 0.0636978149414063
-0.0110931396484375 -0.106918334960938 -0.0070648193359375 0.079315185546875
0.051300048828125 -0.100906372070313 -0.0287017822265625 0.0737533569335938
0.098052978515625 -0.0522994995117187 -0.0547943115234375 0.0286369323730469
0.107383728027344 0.0612869262695313 -0.0473670959472656 -0.015380859375
0.0578460693359375 0.118736267089844 0.0151386260986328 9.4413757324226E-05
-0.0212936401367188 0.131240844726562 -0.005157470703125 0.103805541992188
-0.0670356750488281 0.0504837036132812 0.059356689453125 0.151596069335937
-0.0417861938476563 0.0775680541992188 0.03619384765625 0.156326293945313
0.0140151977539062 0.0907821655273437 0.0372467041015625 0.104286193847656
0.068450927734375 0.0389938354492188 0.0493621826171875 0.0721206665039063
0.0648117065429687 -0.017364501953125 0.0392875671386719 0.04266357421875
0.0273513793945312 -0.0641593933105469 0.0323200225830078 0.0334453582763672
-0.00816726684570313 -0.0673637390136719 0.0329818725585938 0.0488853454589844
-0.0132827758789063 -0.0646171569824219 0.0348587036132812 0.0650825500488281
-0.0234222412109375 -0.0776824951171875 0.0385513305664063 0.0879364013671875
-0.00473785400390626 -0.0813827514648438 0.001068115234375 0.104644775390625
0.04449462890625 -0.0747909545898438 -0.030426025390625 0.0937118530273438
0.0795669555664063 -0.03179931640625 -0.0613174438476562 0.0418167114257813
0.0746688842773438 0.0616607666015625 -0.0507049560546875 -0.00841140747070312
0.01708984375 0.0983352661132812 0.0154781341552734 0.0217533111572266
-0.05120849609375 0.084808349609375 -0.01861572265625 0.140228271484375
0.05804443359375 -0.00975418090820313 0.017364501953125 -0.156204223632813
0.0110969543457031 -0.0614166259765625 -0.00947189331054688 -0.0387840270996094
-0.0350379943847656 -0.0385932922363281 0.0544586181640625 0.0136260986328125
-0.0445671081542969 0.00849533081054687 0.086761474609375 -0.0475387573242188
-0.0240345001220703 0.0341091156005859 0.0459365844726563 -0.102897644042969
0.00185394287109375 0.0429115295410156 -0.0147323608398438 -0.12054443359375
0.006256103515625 0.0318756103515625 -0.0567092895507813 -0.104774475097656
0.00268173217773437 0.0320758819580078 -0.0527877807617188 -0.075347900390625
-0.00262069702148437 0.0359077453613281 -0.0463714599609375 -0.0586967468261719
-0.0209999084472656 0.0212745666503906 -0.03656005859375 -0.0518074035644531
-0.0293655395507812 -0.00348854064941406 -0.0409431457519531 -0.0505027770996094
-0.0118370056152344 -0.0331745147705078 -0.0390625 -0.0740203857421875
0.0315361022949219 -0.0405731201171875 -0.0236358642578125 -0.108688354492188
0.0653076171875 -0.0153656005859375 -0.0334930419921875 -0.151016235351563
0.0727691650390625 0.0216293334960938 -0.03662109375 -0.161636352539063
0.0649986267089844 0.0582618713378906 0.044647216796875 -0.154373168945312
0.04559326171875 -0.0136795043945312 0.00785446166992188 -0.0383186340332031
0.0169658660888672 -0.0177421569824219 0.0649147033691406 0.0192451477050781
0.000194549560546875 -0.0100154876708984 0.10028076171875 -0.0467987060546875
-0.000419735908508301 -0.00150477886199951 0.0591812133789062 -0.105964660644531
-0.00149798393249512 -0.00221753120422363 -0.010009765625 -0.129753112792969
-0.0106239318847656 -0.00992679595947266 -0.0588226318359375 -0.10992431640625
-0.00948333740234375 -0.00764560699462891 -0.05657958984375 -0.0733489990234375
-0.0153131484985352 -0.00978660583496094 -0.0495376586914063 -0.0578536987304688
-0.0145988464355469 -0.0219345092773438 -0.0418701171875 -0.0502510070800781
0.0028076171875 -0.0347728729248047 -0.0425605773925781 -0.0450172424316406
0.0339126586914063 -0.0365562438964844 -0.0396766662597656 -0.0664138793945313
0.068634033203125 -2.288818359375E-05 -0.0288925170898437 -0.0934524536132813
0.0873336791992187 0.0423202514648437 -0.0333786010742187 -0.132431030273438
0.0731964111328125 0.0868606567382813 -0.027374267578125 -0.140960693359375
0.0575942993164062 0.121490478515625 0.07177734375 -0.12591552734375
0.0691909790039063 0.0450706481933594 0.0276660919189453 -0.0205707550048828
0.0702629089355469 0.0174789428710938 0.0758438110351563 0.033538818359375
0.0536079406738281 -0.0208244323730469 0.113265991210937 -0.0352630615234375
0.0311737060546875 -0.0355911254882813 0.073699951171875 -0.09613037109375
0.000900268554687505 -0.0488204956054688 0.00070953369140625 -0.125930786132813
-0.0239982604980469 -0.0515060424804688 -0.0517501831054688 -0.102485656738281
-0.0215072631835937 -0.0464019775390625 -0.0531997680664063 -0.0607566833496094
-0.0292472839355469 -0.0522079467773438 -0.045684814453125 -0.0447311401367187
-0.0128822326660156 -0.0619239807128906 -0.0443801879882813 -0.0349159240722656
0.0260505676269531 -0.0673370361328125 -0.0447044372558594 -0.0284423828125
0.0683479309082031 -0.0491600036621094 -0.0455703735351562 -0.0513343811035156
0.102821350097656 0.0236129760742188 -0.038238525390625 -0.074371337890625
0.107254028320313 0.081085205078125 -0.0318603515625 -0.106147766113281
0.0703964233398438 0.134605407714844 -0.0209884643554688 -0.102119445800781
0.0363006591796875 0.16754150390625 0.0911788940429687 -0.074462890625
0.0740432739257812 0.104248046875 0.0453033447265625 0.0140151977539063
0.111251831054688 0.064239501953125 0.0812225341796875 0.0557022094726563
0.105491638183594 -0.0181427001953125 0.120140075683594 -0.0135726928710938
0.06597900390625 -0.0600204467773438 0.0834121704101563 -0.0729141235351563
0.0084686279296875 -0.0883255004882812 0.01458740234375 -0.107101440429688
-0.032073974609375 -0.0856781005859375 -0.0380477905273437 -0.082366943359375
-0.0294876098632813 -0.077789306640625 -0.0421524047851563 -0.0385665893554688
-0.0416336059570312 -0.0861740112304688 -0.0345706939697266 -0.0225963592529297
-0.0161819458007813 -0.0938339233398438 -0.0404739379882813 -0.0099639892578125
0.0383224487304687 -0.0959625244140625 -0.0434989929199219 -0.00339889526367189
0.0897064208984375 -0.0646896362304688 -0.050140380859375 -0.0301094055175781
0.126869201660156 0.03350830078125 -0.0443687438964844 -0.0554351806640625
0.119392395019531 0.103431701660156 -0.0229873657226563 -0.0778350830078125
0.06134033203125 0.161407470703125 -0.0133094787597656 -0.0525703430175781
0.00639343261718752 0.184463500976563 0.0986099243164063 -0.00841522216796874
0.0582275390625 0.14691162109375 0.0544776916503906 0.0587120056152344
0.124824523925781 0.108238220214844 0.0783462524414063 0.079254150390625
0.139320373535156 -0.00139617919921875 0.114906311035156 0.015411376953125
0.0949935913085938 -0.0685806274414063 0.08331298828125 -0.039398193359375
0.0191421508789063 -0.112960815429688 0.0257034301757813 -0.0745315551757813
-0.0337295532226562 -0.106658935546875 -0.0185699462890625 -0.0516586303710938
-0.0331802368164063 -0.0961990356445313 -0.0243034362792969 -0.0119438171386719
-0.0493392944335937 -0.1068115234375 -0.0165348052978516 0.00599193572998046
-0.0201263427734375 -0.112686157226563 -0.0308895111083984 0.0197486877441406
0.0445632934570313 -0.112747192382813 -0.0380668640136719 0.0237464904785156
0.0996932983398438 -0.0731353759765625 -0.051544189453125 -0.00780868530273439
0.135978698730469 0.0407257080078125 -0.0467453002929687 -0.0384025573730469
0.115577697753906 0.115371704101563 -0.00961303710937499 -0.0516166687011719
0.04315185546875 0.1693115234375 -0.00433111190795898 0.00129222869873048
-0.024566650390625 0.168731689453125 0.092742919921875 0.0595550537109375
0.02496337890625 0.156845092773438 0.0557861328125 0.103919982910156
0.106231689453125 0.133232116699219 0.0672149658203125 0.0980072021484375
0.143585205078125 0.02020263671875 0.0955276489257813 0.0431594848632812
0.106330871582031 -0.0599212646484375 0.0723342895507813 -0.00386810302734375
0.0274734497070313 -0.115760803222656 0.0317955017089844 -0.0339393615722656
-0.02935791015625 -0.1104736328125 0.00118064880371094 -0.0152482986450195
-0.0320281982421875 -0.100196838378906 -0.00307655334472657 0.0173845291137695
-0.049591064453125 -0.112571716308594 0.00400543212890625 0.0354385375976562
-0.0199508666992188 -0.117080688476563 -0.0176162719726563 0.0502891540527344
0.0461273193359375 -0.115470886230469 -0.0315589904785156 0.05047607421875
0.101226806640625 -0.0696868896484375 -0.0524368286132812 0.0124473571777344
0.129791259765625 0.0490951538085938 -0.0466423034667969 -0.0250663757324219
0.0946502685546875 0.119735717773438 0.00542068481445313 -0.026275634765625
0.0157012939453125 0.158920288085938 0.000614166259765626 0.0543556213378906
-0.0493087768554687 0.120651245117187 0.0786972045898438 0.116432189941406
-0.0107955932617188 0.131317138671875 0.0483016967773437 0.138343811035156
0.0651168823242188 0.125450134277344 0.0511322021484375 0.105857849121094
0.115966796875 0.0349960327148438 0.071319580078125 0.0621871948242188
0.093780517578125 -0.041778564453125 0.0554122924804688 0.0249137878417969
0.029449462890625 -0.0981216430664062 0.0334072113037109 0.00347709655761718
-0.021728515625 -0.0965499877929688 0.0198650360107422 0.0201644897460937
-0.0250930786132813 -0.0890274047851563 0.0181846618652344 0.04443359375
-0.0418701171875 -0.101547241210938 0.0243949890136719 0.0628776550292969
-0.0157241821289062 -0.105537414550781 -0.00478363037109375 0.07952880859375
0.0459060668945313 -0.102203369140625 -0.0273895263671875 0.0738754272460938
0.094970703125 -0.0558090209960938 -0.054412841796875 0.0298614501953125
0.109329223632813 0.0577163696289063 -0.0482292175292969 -0.0147972106933594
0.06085205078125 0.115638732910156 0.0149040222167969 -0.00211715698242187
-0.0174713134765625 0.131324768066406 -0.00185394287109374 0.102210998535156
-0.0650215148925781 0.0518989562988281 0.0618133544921875 0.149078369140625
-0.039031982421875 0.0785369873046875 0.0387420654296875 0.154815673828125
0.0179443359375 0.090087890625 0.0385971069335938 0.10382080078125
0.0684013366699219 0.0356483459472656 0.0504379272460938 0.0712509155273438
0.0631675720214844 -0.0202178955078125 0.0410194396972656 0.0423202514648438
0.0235176086425781 -0.0643081665039063 0.0329723358154297 0.0319557189941406
-0.011260986328125 -0.0662879943847656 0.0342788696289063 0.0473403930664063
-0.0157356262207031 -0.0633926391601563 0.036163330078125 0.0644912719726563
-0.0271835327148438 -0.0751876831054687 0.0407791137695313 0.0867462158203125
-0.00772857666015625 -0.0796966552734375 0.0040130615234375 0.104316711425781
0.0411834716796875 -0.0758590698242188 -0.0279083251953125 0.0932998657226563
0.076812744140625 -0.0346527099609375 -0.0601921081542969 0.0432701110839844
0.075897216796875 0.0587615966796875 -0.051788330078125 -0.00743103027343751
0.0202407836914062 0.0963363647460938 0.0152301788330078 0.0198574066162109
-0.047760009765625 0.0857009887695313 -0.0141067504882813 0.13848876953125
0.0582771301269531 -0.010009765625 0.015380859375 -0.154754638671875
0.0100593566894531 -0.0602760314941406 -0.0112686157226563 -0.0374641418457031
-0.0355567932128906 -0.0380592346191406 0.0560455322265625 0.0145149230957031
-0.0434837341308594 0.00872802734375 0.0874862670898437 -0.0476303100585937
-0.0232887268066406 0.0336227416992188 0.0457305908203125 -0.103553771972656
0.0023651123046875 0.0425186157226563 -0.0146026611328125 -0.120452880859375
0.00724220275878906 0.0314083099365234 -0.0572662353515625 -0.104385375976563
0.00353813171386719 0.031768798828125 -0.0537033081054688 -0.0749130249023438
-0.00103187561035156 0.0348567962646484 -0.0466690063476562 -0.0586128234863281
-0.0199260711669922 0.0218372344970703 -0.0369911193847656 -0.050872802734375
-0.0289325714111328 -0.0032806396484375 -0.0416603088378906 -0.0509834289550781
-0.0118904113769531 -0.0331630706787109 -0.0393142700195312 -0.0745773315429688
0.0307960510253906 -0.0404281616210937 -0.0227508544921875 -0.110404968261719
0.0644950866699219 -0.0156097412109375 -0.03289794921875 -0.151473999023438
0.0724334716796875 0.0207366943359375 -0.0368804931640625 -0.161773681640625
0.065582275390625 0.0578651428222656 0.0420989990234375 -0.15362548828125
0.0440025329589844 -0.0130653381347656 0.005462646484375 -0.0374298095703125
0.0170688629150391 -0.0183506011962891 0.0661506652832031 0.0200042724609375
0.000644683837890626 -0.00983142852783203 0.100921630859375 -0.0469284057617188
-2.38418579101655E-07 -0.00133419036865234 0.0591506958007813 -0.106033325195313
-0.00129485130310059 -0.00258898735046387 -0.0104141235351563 -0.129463195800781
-0.0111808776855469 -0.0104074478149414 -0.0599822998046875 -0.108978271484375
-0.00913524627685547 -0.00836467742919922 -0.0570755004882812 -0.0722732543945313
-0.0148448944091797 -0.00986480712890625 -0.0497817993164063 -0.0569915771484375
-0.0135936737060547 -0.0212612152099609 -0.0423545837402344 -0.0492973327636719
0.00345420837402344 -0.0342292785644531 -0.0433616638183594 -0.0451240539550781
0.0333518981933594 -0.0365486145019531 -0.0409736633300781 -0.0677337646484375
0.0682373046875 0.000453948974609375 -0.028411865234375 -0.0954437255859375
0.0865097045898438 0.041015625 -0.0329513549804688 -0.133621215820313
0.0732803344726563 0.086456298828125 -0.028289794921875 -0.141571044921875
0.0582122802734375 0.121475219726563 0.0693283081054688 -0.126358032226563
0.0675010681152344 0.045501708984375 0.0257778167724609 -0.0207252502441406
0.0704116821289063 0.0174636840820313 0.0765838623046875 0.0352325439453125
0.0530319213867188 -0.020965576171875 0.113739013671875 -0.0350494384765625
0.031341552734375 -0.035400390625 0.0737686157226563 -0.0961761474609375
-3.81469726562978E-06 -0.0482406616210937 0.000465393066406245 -0.12530517578125
-0.0246009826660156 -0.05108642578125 -0.0525588989257812 -0.101188659667969
-0.0207633972167969 -0.0466995239257813 -0.0532264709472656 -0.0590553283691406
-0.0291748046875 -0.0516395568847656 -0.0462760925292969 -0.043853759765625
-0.013214111328125 -0.0611343383789063 -0.0453834533691406 -0.0337905883789063
0.0250167846679687 -0.0672340393066406 -0.0462303161621094 -0.027862548828125
0.0678215026855469 -0.0493507385253906 -0.0469932556152344 -0.0519676208496094
0.10333251953125 0.023681640625 -0.0375518798828125 -0.0764846801757813
0.107818603515625 0.0802230834960938 -0.0318984985351562 -0.107994079589844
0.0701065063476563 0.134407043457031 -0.0212783813476562 -0.102424621582031
0.03656005859375 0.16729736328125 0.088623046875 -0.0753097534179687
0.0728607177734375 0.103889465332031 0.0424346923828125 0.0140037536621094
0.111824035644531 0.0641403198242188 0.0818252563476563 0.0572280883789063
0.105026245117188 -0.0184478759765625 0.120536804199219 -0.01275634765625
0.0664520263671875 -0.059967041015625 0.0840606689453125 -0.0722122192382812
0.00740814208984374 -0.0875244140625 0.0137176513671875 -0.106666564941406
-0.0330352783203125 -0.0849151611328125 -0.0382766723632812 -0.0812225341796875
-0.0293807983398438 -0.077667236328125 -0.0417137145996094 -0.0373878479003906
-0.0423965454101563 -0.0851821899414063 -0.0348224639892578 -0.0213642120361328
-0.0171890258789062 -0.092742919921875 -0.041595458984375 -0.00910949707031251
0.0371475219726563 -0.0958175659179688 -0.0446624755859375 -0.00329971313476563
0.0886459350585938 -0.065399169921875 -0.0517845153808594 -0.0308036804199219
0.127548217773438 0.0334243774414063 -0.0444831848144531 -0.0573005676269531
0.119674682617188 0.102516174316406 -0.023712158203125 -0.0802230834960937
0.0615386962890625 0.161712646484375 -0.0135955810546875 -0.0532493591308594
0.00637817382812498 0.184951782226563 0.0962142944335938 -0.00931549072265624
0.0562896728515625 0.146026611328125 0.0532913208007813 0.0579109191894531
0.126045227050781 0.107246398925781 0.0780105590820313 0.0805435180664063
0.139305114746094 -0.0022125244140625 0.114608764648438 0.0170135498046875
0.0949020385742188 -0.0687713623046875 0.0839080810546875 -0.0388717651367188
0.0176544189453125 -0.111968994140625 0.02471923828125 -0.0741500854492187
-0.0349197387695313 -0.106285095214844 -0.0192832946777344 -0.0504074096679688
-0.03302001953125 -0.095733642578125 -0.0240612030029297 -0.0102024078369141
-0.050445556640625 -0.105644226074219 -0.0173921585083008 0.00663566589355468
-0.021148681640625 -0.111351013183594 -0.0311641693115234 0.0206527709960937
0.041961669921875 -0.113006591796875 -0.0389251708984375 0.0238494873046875
0.0987777709960938 -0.0739517211914063 -0.0534172058105469 -0.00820541381835937
0.136810302734375 0.0402679443359375 -0.0472488403320312 -0.0403556823730469
0.116127014160156 0.114227294921875 -0.00954818725585937 -0.0533828735351562
0.04339599609375 0.169403076171875 -0.00494527816772461 0.000420093536376965
-0.0238800048828125 0.168624877929688 0.0913467407226563 0.0588607788085938
0.024658203125 0.156356811523438 0.0538864135742188 0.103889465332031
0.108207702636719 0.132362365722656 0.0653915405273438 0.0994949340820313
0.142974853515625 0.019378662109375 0.09564208984375 0.0445938110351563
0.105110168457031 -0.0598831176757813 0.0730972290039062 -0.0033416748046875
0.0259628295898437 -0.115036010742188 0.0314483642578125 -0.034475326538086
-0.0310821533203125 -0.109611511230469 0.000983238220214842 -0.0144615173339844
-0.032135009765625 -0.0995101928710938 -0.0025177001953125 0.0185794830322266
-0.0515899658203125 -0.110733032226563 0.00315856933593749 0.0356559753417969
-0.0219650268554688 -0.115394592285156 -0.0176200866699219 0.0514373779296875
0.044097900390625 -0.115814208984375 -0.0325355529785156 0.0504837036132812
0.100151062011719 -0.0708084106445313 -0.0530891418457031 0.0122947692871094
0.130706787109375 0.0482940673828125 -0.0476303100585937 -0.0264129638671875
0.0952835083007813 0.118736267089844 0.00546646118164063 -0.0281867980957031
0.015899658203125 0.15936279296875 0.00112152099609375 0.0539321899414063
-0.0486068725585937 0.120620727539062 0.0778274536132813 0.115219116210938
-0.0104827880859375 0.130744934082031 0.0470962524414063 0.13800048828125
0.0670013427734375 0.125679016113281 0.0503005981445313 0.106803894042969
0.115463256835937 0.0332565307617187 0.0708465576171875 0.0636444091796875
0.0931167602539063 -0.04119873046875 0.0560760498046875 0.0254936218261719
0.0278167724609375 -0.0972671508789063 0.0335197448730469 0.00305175781249999
-0.0230255126953125 -0.0958404541015625 0.0199909210205078 0.0197410583496094
-0.0258941650390625 -0.0880126953125 0.0189018249511719 0.0448684692382812
-0.0434494018554687 -0.0997695922851562 0.0241279602050781 0.0628242492675781
-0.0174789428710937 -0.104278564453125 -0.00473022460937499 0.0799026489257813
0.0435714721679688 -0.102363586425781 -0.02734375 0.0740814208984375
0.0935821533203125 -0.0563125610351562 -0.0553512573242187 0.0303115844726563
0.110107421875 0.0560760498046875 -0.0484848022460937 -0.0153388977050781
0.062103271484375 0.114356994628906 0.0144443511962891 -0.0036935806274414
-0.0163421630859375 0.131965637207031 -0.001251220703125 0.101127624511719
-0.0637588500976563 0.0520095825195313 0.061248779296875 0.14837646484375
-0.03863525390625 0.0784454345703125 0.038848876953125 0.15423583984375
0.01971435546875 0.0896530151367188 0.037872314453125 0.104454040527344
0.0690193176269531 0.0350074768066406 0.0507125854492188 0.0724868774414063
0.0621528625488281 -0.0199928283691406 0.0412826538085938 0.0430068969726563
0.0219039916992188 -0.0638923645019531 0.0338954925537109 0.0319023132324219
-0.0120277404785156 -0.0658454895019531 0.034881591796875 0.0472488403320312
-0.0162086486816406 -0.0627250671386719 0.0369186401367188 0.0645980834960938
-0.0287628173828125 -0.0739212036132813 0.0402908325195313 0.0858154296875
-0.00979614257812499 -0.0791549682617188 0.0045166015625 0.103752136230469
0.0387191772460938 -0.076324462890625 -0.0275955200195312 0.0928726196289063
0.0757827758789063 -0.0355682373046875 -0.0607833862304688 0.043853759765625
0.0764389038085938 0.0578155517578125 -0.0523338317871094 -0.00799560546875
0.0205917358398438 0.0957412719726563 0.015716552734375 0.0186309814453125
-0.047210693359375 0.0859909057617187 -0.0133056640625 0.137077331542969
0.0602073669433594 -0.00938796997070313 0.016021728515625 -0.157302856445313
0.0097503662109375 -0.0606536865234375 -0.0125541687011719 -0.0369949340820313
-0.0366020202636719 -0.03924560546875 0.05804443359375 0.01580810546875
-0.0438804626464844 0.00864791870117188 0.0908279418945313 -0.047760009765625
-0.0232467651367187 0.0339851379394531 0.0476303100585938 -0.105354309082031
0.00275802612304687 0.0430870056152344 -0.0134658813476563 -0.123291015625
0.00753402709960938 0.0315399169921875 -0.0580520629882813 -0.10736083984375
0.00460243225097657 0.0312423706054688 -0.0536117553710937 -0.076690673828125
-0.000225067138671877 0.0348224639892578 -0.0479774475097656 -0.060150146484375
-0.0193309783935547 0.0223808288574219 -0.0377006530761719 -0.0529670715332031
-0.0287342071533203 -0.00306892395019531 -0.0424652099609375 -0.0524635314941406
-0.0121517181396484 -0.0338039398193359 -0.04058837890625 -0.0783615112304688
0.0308036804199219 -0.0405693054199219 -0.0217056274414063 -0.115127563476563
0.0651168823242188 -0.0156517028808594 -0.031341552734375 -0.156402587890625
0.0736236572265625 0.0217208862304688 -0.0356903076171875 -0.16693115234375
0.0668869018554688 0.0602302551269531 0.042694091796875 -0.156021118164062
0.0443992614746094 -0.0121383666992188 0.00436019897460938 -0.0374336242675781
0.0172748565673828 -0.0179042816162109 0.0680618286132813 0.0220909118652344
0.00122547149658203 -0.0102434158325195 0.103973388671875 -0.0461807250976563
0.000134706497192383 -0.00182247161865234 0.061492919921875 -0.107444763183594
-0.00202202796936035 -0.00241327285766602 -0.00913238525390625 -0.131729125976563
-0.0116186141967773 -0.0105266571044922 -0.0602035522460938 -0.111289978027344
-0.00874137878417969 -0.00914382934570313 -0.0575332641601563 -0.0745010375976563
-0.0141363143920898 -0.010706901550293 -0.0505218505859375 -0.0582389831542969
-0.012969970703125 -0.0212764739990234 -0.0435447692871094 -0.0502357482910156
0.00445556640625 -0.0346183776855469 -0.0448265075683594 -0.04608154296875
0.0344810485839844 -0.03741455078125 -0.0423126220703125 -0.0710220336914063
0.0696563720703125 0.00185394287109375 -0.0275497436523438 -0.100334167480469
0.0877609252929688 0.0430145263671875 -0.0322265625 -0.138259887695313
0.0735092163085938 0.0891876220703125 -0.0268707275390625 -0.14581298828125
0.0584030151367188 0.12530517578125 0.0702056884765625 -0.128219604492188
0.0665626525878906 0.0478248596191406 0.0241127014160156 -0.0199947357177734
0.0722732543945313 0.0185546875 0.0784912109375 0.0379791259765625
0.0548171997070312 -0.0209732055664063 0.117546081542969 -0.0339508056640625
0.032745361328125 -0.0360336303710938 0.0770950317382813 -0.0971832275390625
-1.14440917968784E-05 -0.0492782592773437 0.00212097167968749 -0.12799072265625
-0.0254783630371094 -0.0525398254394531 -0.0535354614257812 -0.103607177734375
-0.0205802917480469 -0.0482254028320313 -0.0532951354980469 -0.0601348876953125
-0.0293846130371094 -0.05316162109375 -0.0468940734863281 -0.0443153381347656
-0.0126419067382813 -0.0617485046386719 -0.0465164184570312 -0.0339469909667969
0.0261459350585938 -0.0681533813476563 -0.0478630065917969 -0.0284538269042969
0.0695724487304688 -0.0495376586914062 -0.0485649108886719 -0.0550765991210938
0.10552978515625 0.0256576538085938 -0.0371246337890625 -0.0813827514648437
0.108810424804687 0.08294677734375 -0.0316009521484375 -0.112754821777344
0.07061767578125 0.138542175292969 -0.0207977294921875 -0.106147766113281
0.0360870361328125 0.172592163085937 0.0893325805664063 -0.075927734375
0.0713119506835937 0.107566833496094 0.041473388671875 0.0148544311523438
0.11456298828125 0.0662689208984375 0.0828170776367188 0.0613632202148438
0.107414245605469 -0.0181732177734375 0.123550415039063 -0.010498046875
0.0687370300292969 -0.0602836608886719 0.0873565673828125 -0.0725860595703125
0.00766754150390624 -0.0894088745117188 0.0155105590820313 -0.109024047851563
-0.03375244140625 -0.0873184204101563 -0.0386886596679688 -0.0828475952148437
-0.029205322265625 -0.079742431640625 -0.0412139892578125 -0.0369682312011719
-0.0429000854492187 -0.087066650390625 -0.035858154296875 -0.0211067199707031
-0.0171356201171875 -0.0940475463867187 -0.0431060791015625 -0.00847244262695313
0.0374832153320312 -0.0975189208984375 -0.0472831726074219 -0.00347137451171875
0.0914688110351562 -0.0659713745117188 -0.053924560546875 -0.0332527160644531
0.131149291992188 0.03509521484375 -0.0454750061035156 -0.0615081787109375
0.12127685546875 0.105354309082031 -0.0235443115234375 -0.0843963623046875
0.060821533203125 0.167098999023438 -0.013458251953125 -0.0550727844238281
0.00526428222656251 0.189346313476562 0.0960617065429687 -0.00939941406249999
0.0547637939453125 0.150070190429688 0.051666259765625 0.05987548828125
0.128379821777344 0.111488342285156 0.0783767700195313 0.085357666015625
0.141983032226563 -0.001129150390625 0.11669921875 0.0195541381835938
0.0978012084960938 -0.06915283203125 0.0871963500976563 -0.038055419921875
0.0188827514648438 -0.113685607910156 0.0261764526367187 -0.07574462890625
-0.0355300903320313 -0.108184814453125 -0.0196762084960938 -0.051513671875
-0.033294677734375 -0.0981979370117188 -0.0237693786621094 -0.00906944274902344
-0.0516586303710937 -0.107192993164063 -0.0184917449951172 0.00735092163085937
-0.02215576171875 -0.112960815429687 -0.0327987670898438 0.0224704742431641
0.042144775390625 -0.115341186523437 -0.0414390563964844 0.0243949890136719
0.1009521484375 -0.075653076171875 -0.0557441711425781 -0.00946426391601563
0.140327453613281 0.0418624877929688 -0.0481491088867188 -0.04266357421875
0.11785888671875 0.116996765136719 -0.00996780395507812 -0.0564231872558594
0.0425872802734375 0.17449951171875 -0.00515460968017578 -0.000277042388916004
-0.02606201171875 0.17236328125 0.0908203125 0.0600509643554688
0.0225830078125 0.16015625 0.0524063110351562 0.105842590332031
0.109764099121094 0.13665771484375 0.0659103393554688 0.104293823242188
0.146102905273438 0.0207672119140625 0.096832275390625 0.0481414794921875
0.108360290527344 -0.0604095458984375 0.0756301879882812 -0.00201416015625
0.0269241333007813 -0.116401672363281 0.0326919555664063 -0.0353355407714844
-0.0320358276367188 -0.111747741699219 0.000962257385253904 -0.0145635604858398
-0.0329666137695312 -0.102592468261719 -0.00269889831542969 0.0206489562988281
-0.0528335571289062 -0.11181640625 0.00297927856445312 0.0374183654785156
-0.0225372314453125 -0.117477416992187 -0.0189552307128906 0.0535545349121094
0.0441131591796875 -0.118110656738281 -0.0336761474609375 0.051177978515625
0.102104187011719 -0.0718612670898438 -0.0557861328125 0.0120353698730469
0.133674621582031 0.0500946044921875 -0.0491294860839844 -0.0286216735839844
0.097381591796875 0.121078491210937 0.00514793395996094 -0.0301837921142578
0.0156097412109375 0.163909912109375 0.000259399414062503 0.0538444519042969
-0.0509490966796875 0.122825622558594 0.076812744140625 0.118301391601563
-0.0123519897460937 0.1334228515625 0.04547119140625 0.141693115234375
0.0688247680664062 0.129150390625 0.0493087768554688 0.111068725585938
0.117958068847656 0.0343780517578125 0.0718307495117188 0.067138671875
0.0955581665039062 -0.0415420532226562 0.0584678649902344 0.0273056030273437
0.0285415649414063 -0.0986099243164063 0.0341472625732422 0.00355529785156249
-0.0238800048828125 -0.09771728515625 0.0203418731689453 0.0211277008056641
-0.0258712768554688 -0.0903854370117188 0.0188446044921875 0.0473480224609375
-0.044464111328125 -0.100692749023438 0.0234718322753906 0.0648384094238281
-0.0183334350585938 -0.105987548828125 -0.005889892578125 0.0819931030273438
0.0441513061523438 -0.104415893554688 -0.029083251953125 0.0752487182617188
0.0957870483398438 -0.0577239990234375 -0.0573043823242188 0.0300178527832031
0.112709045410156 0.0582351684570313 -0.0502166748046875 -0.0169754028320312
0.0628585815429688 0.117012023925781 0.0150737762451172 -0.00496196746826171
-0.0173721313476563 0.135673522949219 -0.00220489501953125 0.102645874023438
-0.0650520324707031 0.0528182983398438 0.0600128173828125 0.152008056640625
-0.0403060913085938 0.080413818359375 0.0369873046875 0.158966064453125
0.0201416015625 0.092010498046875 0.0367965698242187 0.108612060546875
0.0700569152832031 0.0349998474121094 0.0511550903320313 0.0764389038085938
0.0635261535644531 -0.019744873046875 0.0429420471191406 0.0450782775878906
0.0224342346191406 -0.0647544860839844 0.0348320007324219 0.0327796936035156
-0.0121803283691406 -0.067230224609375 0.03570556640625 0.0480880737304687
-0.0162086486816406 -0.0641021728515625 0.03692626953125 0.0673065185546875
-0.029144287109375 -0.0750350952148438 0.0403289794921875 0.0884780883789063
-0.0104751586914063 -0.079925537109375 0.00400543212890626 0.106620788574219
0.03955078125 -0.0773849487304688 -0.02886962890625 0.0937881469726563
0.077362060546875 -0.0363922119140625 -0.0629425048828125 0.0439834594726563
0.077972412109375 0.0588531494140625 -0.0532302856445312 -0.00927352905273438
0.020782470703125 0.0973739624023438 0.0168209075927734 0.0177593231201172
-0.0483932495117188 0.0875167846679687 -0.0146484375 0.1390380859375
0.0635604858398438 -0.0101814270019531 0.0158233642578125 -0.164505004882813
0.00931167602539062 -0.0629158020019531 -0.0142936706542969 -0.0372161865234375
-0.0388832092285156 -0.0408210754394531 0.0621833801269531 0.0173797607421875
-0.0452232360839844 0.00910949707031251 0.0956497192382813 -0.0503387451171875
-0.0239143371582031 0.0353584289550781 0.0495452880859375 -0.110282897949219
0.00350189208984375 0.0449180603027344 -0.0139999389648437 -0.1290283203125
0.00831031799316406 0.0325775146484375 -0.0609512329101563 -0.112030029296875
0.00539970397949219 0.0320453643798828 -0.0564956665039062 -0.0809173583984375
0.00145339965820313 0.0357246398925781 -0.0503654479980469 -0.0624465942382813
-0.0191593170166016 0.0236797332763672 -0.0399436950683594 -0.0557937622070313
-0.0292987823486328 -0.00221633911132812 -0.0450477600097656 -0.0550994873046875
-0.0128211975097656 -0.034759521484375 -0.0425033569335938 -0.0837783813476562
0.0320549011230469 -0.0421257019042969 -0.0221023559570313 -0.123031616210938
0.0676841735839844 -0.0162773132324219 -0.0328216552734375 -0.165252685546875
0.0773239135742187 0.0223236083984375 -0.0364990234375 -0.176544189453125
0.0716018676757813 0.0632858276367188 0.0436553955078125 -0.16290283203125
0.0450820922851563 -0.0121574401855469 0.00244140625000001 -0.0381126403808594
0.0181198120117188 -0.0189628601074219 0.0723724365234375 0.0238113403320313
0.00144386291503906 -0.0104656219482422 0.109451293945313 -0.0483627319335938
0.00131261348724365 -0.0018913745880127 0.064544677734375 -0.112754821777344
-0.00135254859924316 -0.00234842300415039 -0.00932312011718749 -0.138130187988281
-0.0122146606445313 -0.0112218856811523 -0.0633316040039062 -0.116294860839844
-0.00896549224853516 -0.0100612640380859 -0.0599441528320313 -0.0769805908203125
-0.0143184661865234 -0.0118122100830078 -0.0535125732421875 -0.0604782104492188
-0.0131969451904297 -0.0219459533691406 -0.0466499328613281 -0.0524368286132813
0.00458145141601563 -0.0357856750488281 -0.0479545593261719 -0.0484809875488281
0.0363731384277344 -0.0382003784179688 -0.0451736450195313 -0.07550048828125
0.07330322265625 0.00189971923828125 -0.0283126831054687 -0.107955932617188
0.0912017822265625 0.0449981689453125 -0.0335693359375 -0.147796630859375
0.0770034790039062 0.0934982299804687 -0.0278778076171875 -0.154296875
0.0616607666015625 0.132080078125 0.0721054077148438 -0.134490966796875
0.068939208984375 0.0508270263671875 0.0228500366210938 -0.0203304290771484
0.0760040283203125 0.0196304321289063 0.0823974609375 0.0411148071289063
0.0580253601074219 -0.0222740173339844 0.123764038085938 -0.0344924926757813
0.0352210998535156 -0.0380325317382813 0.0815048217773438 -0.102310180664063
-0.000324249267578126 -0.0513992309570313 0.00190734863281251 -0.134346008300781
-0.0276222229003906 -0.0548744201660156 -0.0560531616210937 -0.107521057128906
-0.0214729309082031 -0.051177978515625 -0.0552597045898438 -0.0622291564941406
-0.0308609008789062 -0.0558929443359375 -0.0499687194824219 -0.0454292297363281
-0.0134315490722656 -0.0641288757324219 -0.0499687194824219 -0.0345230102539063
0.0269088745117188 -0.0710220336914063 -0.0516738891601563 -0.0300254821777344
0.0730056762695313 -0.0523300170898438 -0.0523529052734375 -0.058807373046875
0.111618041992188 0.0269088745117188 -0.0391311645507812 -0.0882949829101563
0.114402770996094 0.0862960815429688 -0.03369140625 -0.120162963867187
0.0736846923828125 0.145828247070313 -0.0212554931640625 -0.112602233886719
0.037811279296875 0.181427001953125 0.0915603637695313 -0.0797348022460937
0.0733108520507813 0.113853454589844 0.0408439636230469 0.0159568786621094
0.120597839355469 0.0695724487304688 0.0871658325195313 0.0659713745117188
0.113250732421875 -0.0188674926757813 0.129776000976563 -0.009918212890625
0.07305908203125 -0.0637741088867188 0.0930633544921875 -0.0760879516601563
0.00799560546874999 -0.0929183959960937 0.0159530639648438 -0.113845825195313
-0.03619384765625 -0.090972900390625 -0.0416030883789063 -0.0855789184570313
-0.030792236328125 -0.0840530395507813 -0.0426139831542969 -0.0379371643066406
-0.0456619262695313 -0.0904006958007813 -0.0382728576660156 -0.0202178955078125
-0.0193405151367188 -0.0976028442382813 -0.0461158752441406 -0.00787353515625001
0.0384979248046875 -0.10174560546875 -0.0509414672851562 -0.00371932983398437
0.0955429077148438 -0.0692214965820313 -0.0580635070800781 -0.0350112915039063
0.138961791992187 0.0373764038085938 -0.0477066040039062 -0.0667877197265625
0.127166748046875 0.109764099121094 -0.0255813598632812 -0.0904617309570313
0.0641326904296875 0.17559814453125 -0.0136756896972656 -0.0589942932128906
0.00537109375000001 0.199142456054688 0.0986862182617188 -0.00959014892578124
0.056427001953125 0.158401489257813 0.0515937805175781 0.0634231567382813
0.135574340820313 0.117301940917969 0.0820846557617188 0.0919570922851563
0.148773193359375 -0.0017547607421875 0.122283935546875 0.0222702026367188
0.103340148925781 -0.0719985961914063 0.0928192138671875 -0.0398635864257813
0.0187225341796875 -0.118110656738281 0.0279159545898437 -0.079803466796875
-0.03887939453125 -0.112777709960938 -0.0211181640625 -0.0526809692382813
-0.0354766845703125 -0.103904724121094 -0.0250072479248047 -0.00801658630371095
-0.0551223754882813 -0.111167907714844 -0.0196571350097656 0.00875854492187499
-0.0236740112304687 -0.117767333984375 -0.035186767578125 0.0242156982421875
0.04339599609375 -0.120887756347656 -0.0449943542480469 0.0258255004882812
0.106048583984375 -0.0791244506835938 -0.05938720703125 -0.0105781555175781
0.1490478515625 0.043182373046875 -0.0517044067382813 -0.046966552734375
0.124626159667969 0.121932983398438 -0.0112152099609375 -0.0611991882324219
0.044921875 0.184341430664062 -0.00518560409545898 -0.00130748748779296
-0.026641845703125 0.18133544921875 0.0934677124023438 0.0634765625
0.022796630859375 0.168212890625 0.0525588989257812 0.111305236816406
0.11663818359375 0.143890380859375 0.0673675537109375 0.110260009765625
0.153121948242187 0.0205230712890625 0.102127075195313 0.051788330078125
0.11395263671875 -0.063629150390625 0.081024169921875 -0.0015106201171875
0.027099609375 -0.121482849121094 0.0343017578125 -0.037200927734375
-0.0347137451171875 -0.116889953613281 0.00113964080810547 -0.0147590637207031
-0.0347976684570313 -0.107925415039063 -0.00214767456054688 0.0230045318603516
-0.0562667846679688 -0.116065979003906 0.00310516357421875 0.0402450561523437
-0.0261001586914063 -0.122093200683594 -0.0202827453613281 0.0567054748535156
0.0454788208007813 -0.122909545898438 -0.0369911193847656 0.0542678833007812
0.106719970703125 -0.075775146484375 -0.0594558715820312 0.0123291015625
0.141769409179688 0.052001953125 -0.0525283813476563 -0.030975341796875
0.102325439453125 0.126602172851562 0.0047283172607422 -0.033203125
0.016754150390625 0.17303466796875 0.000427246093750002 0.0560379028320313
-0.0528182983398437 0.129417419433594 0.0790786743164062 0.123237609863281
-0.0129547119140625 0.139892578125 0.04595947265625 0.148223876953125
0.0738525390625 0.135406494140625 0.0509185791015625 0.118865966796875
0.123611450195312 0.0354232788085937 0.075653076171875 0.0722274780273438
0.100341796875 -0.0438308715820313 0.0625343322753906 0.0292930603027344
0.0286636352539062 -0.102935791015625 0.0364837646484375 0.00334548950195312
-0.0260543823242187 -0.101539611816406 0.0212116241455078 0.0223445892333984
-0.0283889770507813 -0.0943679809570313 0.0211524963378906 0.0505027770996094
-0.0481719970703125 -0.104286193847656 0.0244827270507813 0.069091796875
-0.0208206176757812 -0.109733581542969 -0.00637817382812499 0.0871047973632813
0.044219970703125 -0.109428405761719 -0.03033447265625 0.0785293579101562
0.099609375 -0.0606842041015625 -0.06060791015625 0.0315208435058594
0.118568420410156 0.06005859375 -0.0532913208007813 -0.0182685852050781
0.0658035278320312 0.121772766113281 0.0157032012939453 -0.00681495666503905
-0.0176849365234375 0.142410278320313 -0.00197601318359375 0.10675048828125
-0.068023681640625 0.0558052062988281 0.0618438720703125 0.158370971679688
-0.0418243408203125 0.0842514038085938 0.0377655029296875 0.166275024414063
0.0229339599609375 0.0964431762695312 0.0379180908203125 0.115386962890625
0.0737457275390625 0.0361175537109375 0.0540618896484375 0.0817413330078125
0.0664291381835938 -0.0210380554199219 0.0458641052246094 0.0477104187011719
0.0229911804199219 -0.0677261352539063 0.0366172790527344 0.0337791442871094
-0.0143470764160156 -0.0701866149902344 0.0382461547851562 0.0506477355957031
-0.0175590515136719 -0.0669288635253906 0.0398139953613281 0.0702400207519531
-0.0318832397460937 -0.0774993896484375 0.0420150756835937 0.0925521850585938
-0.0126190185546875 -0.0833663940429688 0.0032196044921875 0.111343383789063
0.039581298828125 -0.0818939208984375 -0.0307388305664062 0.098846435546875
0.0802230834960938 -0.038665771484375 -0.0669174194335938 0.0460090637207031
0.0818939208984375 0.0615158081054688 -0.0567359924316406 -0.0102806091308594
0.0220184326171875 0.101753234863281 0.0177001953125 0.0166797637939453
-0.0500869750976562 0.09234619140625 -0.0151214599609375 0.144821166992188
0.0680770874023437 -0.0128097534179687 0.01104736328125 -0.1739501953125
0.00782394409179688 -0.0655403137207031 -0.0176277160644531 -0.0370101928710938
-0.0427055358886719 -0.0417137145996094 0.0672149658203125 0.0168838500976563
-0.0470542907714844 0.0105972290039062 0.0999755859375 -0.055908203125
-0.0238075256347656 0.0381088256835938 0.0496292114257813 -0.117820739746094
0.005767822265625 0.0471649169921875 -0.0179519653320313 -0.136161804199219
0.0108737945556641 0.0338840484619141 -0.0679779052734375 -0.117294311523438
0.00757789611816406 0.0327491760253906 -0.061981201171875 -0.0842819213867188
0.00401687622070313 0.0364723205566406 -0.0549850463867188 -0.0649642944335937
-0.0185260772705078 0.0253791809082031 -0.0441055297851563 -0.0576858520507812
-0.0304126739501953 -0.000875473022460936 -0.0494499206542969 -0.0577430725097656
-0.0151023864746094 -0.036102294921875 -0.048431396484375 -0.088775634765625
0.0321769714355469 -0.0452537536621094 -0.0269927978515625 -0.131301879882812
0.0701370239257812 -0.0193252563476562 -0.0387115478515625 -0.1751708984375
0.0830535888671875 0.0213699340820313 -0.043182373046875 -0.186416625976563
0.0780410766601563 0.0648651123046875 0.04022216796875 -0.173614501953125
0.0462913513183594 -0.0127792358398438 -0.000144958496093743 -0.0390510559082031
0.0185508728027344 -0.020172119140625 0.0780029296875 0.0243911743164062
0.00126838684082031 -0.0117015838623047 0.11529541015625 -0.053955078125
0.00168704986572266 -0.00269770622253418 0.0654296875 -0.1212158203125
-0.00129938125610352 -0.00281715393066406 -0.0135345458984375 -0.146072387695313
-0.0128164291381836 -0.01153564453125 -0.0714263916015625 -0.120796203613281
-0.00951290130615235 -0.0114297866821289 -0.0653152465820313 -0.079620361328125
-0.0147838592529297 -0.0127477645874023 -0.05828857421875 -0.0622749328613281
-0.0135612487792969 -0.0222682952880859 -0.0507392883300781 -0.0538368225097656
0.00390243530273437 -0.0373268127441406 -0.05279541015625 -0.0500068664550781
0.037567138671875 -0.0412139892578125 -0.0509567260742188 -0.08026123046875
0.0775604248046875 0.00030517578125 -0.0334930419921875 -0.115951538085938
0.0972900390625 0.044158935546875 -0.040008544921875 -0.156494140625
0.0844039916992188 0.0969390869140625 -0.03363037109375 -0.163909912109375
0.0701370239257813 0.138191223144531 0.0707855224609375 -0.143630981445313
0.0728607177734375 0.0529556274414063 0.0217800140380859 -0.0208358764648437
0.081451416015625 0.0188064575195312 0.08929443359375 0.0423355102539063
0.0607261657714844 -0.0255279541015625 0.130683898925781 -0.0394363403320312
0.0369873046875 -0.0417594909667969 0.0841827392578125 -0.110191345214844
-0.00157928466796875 -0.0545578002929688 -0.0018768310546875 -0.142471313476563
-0.0312080383300781 -0.05682373046875 -0.0631484985351563 -0.111564636230469
-0.0241813659667969 -0.0545234680175781 -0.0599517822265625 -0.0635223388671875
-0.0338668823242187 -0.0581283569335938 -0.0542068481445312 -0.0457611083984375
-0.0157394409179687 -0.0667915344238281 -0.0537567138671875 -0.0349235534667969
0.0264511108398437 -0.0757522583007813 -0.0570259094238281 -0.029754638671875
0.076019287109375 -0.0573959350585938 -0.05816650390625 -0.0623321533203125
0.119644165039063 0.025726318359375 -0.0446929931640625 -0.0951461791992188
0.123031616210938 0.0874710083007813 -0.0389480590820313 -0.12860107421875
0.0819854736328125 0.15350341796875 -0.026031494140625 -0.119728088378906
0.0462188720703125 0.191879272460938 0.0930557250976563 -0.0871963500976562
0.079437255859375 0.11907958984375 0.0413932800292969 0.0162124633789063
0.130271911621094 0.0705413818359375 0.0945587158203125 0.0688629150390625
0.119491577148438 -0.0238494873046875 0.137992858886719 -0.013031005859375
0.0763015747070313 -0.070037841796875 0.0970611572265625 -0.0834426879882812
0.00496673583984376 -0.098663330078125 0.0132522583007812 -0.121070861816406
-0.04229736328125 -0.0951461791992187 -0.0458450317382813 -0.0883636474609375
-0.0352630615234375 -0.0885543823242188 -0.0456886291503906 -0.0373764038085938
-0.0516281127929688 -0.0942611694335938 -0.0413856506347656 -0.0196800231933594
-0.0228347778320312 -0.101806640625 -0.049468994140625 -0.00557327270507813
0.0371170043945313 -0.108619689941406 -0.0555152893066406 -0.00152206420898438
0.0995864868164062 -0.0762786865234375 -0.0638160705566406 -0.036834716796875
0.14898681640625 0.0354461669921875 -0.0531387329101562 -0.0718536376953125
0.1383056640625 0.11181640625 -0.0304794311523437 -0.0972747802734375
0.0724945068359375 0.185546875 -0.0159835815429688 -0.0631332397460937
0.0116729736328125 0.211837768554688 0.102630615234375 -0.0131607055664062
0.0618438720703125 0.166549682617188 0.0545120239257813 0.0655555725097656
0.147720336914063 0.120086669921875 0.0890655517578125 0.096954345703125
0.157699584960938 -0.005584716796875 0.131263732910156 0.0216217041015625
0.108016967773438 -0.079925537109375 0.0990219116210938 -0.044830322265625
0.0157470703125 -0.125274658203125 0.0269012451171875 -0.0849990844726563
-0.0457077026367187 -0.117935180664062 -0.023895263671875 -0.0545501708984375
-0.0411529541015625 -0.109130859375 -0.0248813629150391 -0.00620460510253907
-0.0628662109375 -0.115013122558594 -0.0209064483642578 0.0113334655761719
-0.0297927856445313 -0.12274169921875 -0.0373764038085938 0.0276336669921875
0.04095458984375 -0.128593444824219 -0.04754638671875 0.0295219421386719
0.109542846679688 -0.087493896484375 -0.0647087097167969 -0.0103073120117187
0.160018920898438 0.0407867431640625 -0.0567474365234375 -0.05035400390625
0.134994506835938 0.124832153320313 -0.0144577026367187 -0.0667266845703125
0.05291748046875 0.195465087890625 -0.00567817687988281 -0.00191450119018553
-0.0230560302734375 0.194244384765625 0.0987777709960938 0.0636825561523438
0.027557373046875 0.177688598632813 0.056884765625 0.116096496582031
0.12939453125 0.14886474609375 0.0747833251953125 0.117530822753906
0.16192626953125 0.0175323486328125 0.109939575195313 0.0535049438476563
0.120338439941406 -0.0704269409179687 0.0874862670898438 -0.00402069091796875
0.025177001953125 -0.128562927246094 0.0347824096679688 -0.0405044555664063
-0.0417022705078125 -0.121849060058594 0.000790596008300778 -0.0143699645996094
-0.040771484375 -0.113029479980469 -0.000839233398437505 0.0258331298828125
-0.0645523071289062 -0.120048522949219 0.00336456298828125 0.0433387756347656
-0.0319290161132813 -0.1270751953125 -0.0205039978027344 0.0620765686035156
0.0421524047851563 -0.132011413574219 -0.0377731323242188 0.0576667785644531
0.111122131347656 -0.0846023559570313 -0.063385009765625 0.0141258239746094
0.152496337890625 0.0500030517578125 -0.0565147399902344 -0.0326881408691406
0.112174987792969 0.129791259765625 0.00408554077148438 -0.0371818542480469
0.0224609375 0.184188842773437 0.00163269042968751 0.0582122802734375
-0.0523834228515625 0.139434814453125 0.0854644775390625 0.128929138183594
-0.010467529296875 0.149795532226562 0.0518035888671875 0.155960083007813
0.083526611328125 0.141082763671875 0.0568389892578125 0.126510620117188
0.131874084472656 0.0331954956054688 0.0826339721679688 0.0763168334960938
0.105674743652344 -0.0493698120117188 0.0683021545410156 0.0292243957519531
0.0266799926757812 -0.109458923339844 0.0382728576660156 0.00259399414062499
-0.0318145751953125 -0.106369018554688 0.0230064392089844 0.0232906341552734
-0.03369140625 -0.0991897583007813 0.0241661071777344 0.0538406372070312
-0.0548858642578125 -0.108207702636719 0.0281829833984375 0.0729827880859375
-0.0265960693359375 -0.114227294921875 -0.00441741943359375 0.0930557250976562
0.0423049926757812 -0.117134094238281 -0.0311126708984375 0.0841751098632813
0.10302734375 -0.0685043334960938 -0.0643501281738281 0.0348472595214844
0.128952026367188 0.0596694946289063 -0.0572700500488281 -0.019287109375
0.0742568969726563 0.126083374023438 0.0168266296386719 -0.00929164886474609
-0.0142669677734375 0.152313232421875 0.00141906738281249 0.112068176269531
-0.0699882507324219 0.0614776611328125 0.0688934326171875 0.1669921875
-0.04132080078125 0.0907363891601563 0.04388427734375 0.175552368164063
0.028076171875 0.101799011230469 0.042205810546875 0.123497009277344
0.0791854858398437 0.0349960327148438 0.0603485107421875 0.0867691040039063
0.0703582763671875 -0.0247039794921875 0.052398681640625 0.0490760803222656
0.02142333984375 -0.0719223022460938 0.0401229858398438 0.03448486328125
-0.0181732177734375 -0.0738983154296875 0.0416717529296875 0.0526046752929687
-0.0215682983398438 -0.0705108642578125 0.0447921752929687 0.0746688842773438
-0.03662109375 -0.0796279907226563 0.0470962524414063 0.0980606079101563
-0.0165481567382813 -0.08636474609375 0.0066375732421875 0.119430541992188
0.038421630859375 -0.0878219604492187 -0.0298004150390625 0.104515075683594
0.084075927734375 -0.0436553955078125 -0.0688400268554688 0.0505256652832031
0.0902175903320313 0.0632553100585938 -0.0605392456054688 -0.0103721618652344
0.0263900756835938 0.106727600097656 0.0205745697021484 0.0154991149902344
-0.0495986938476563 0.10003662109375 -0.0113525390625 0.153182983398438
0.0708236694335938 -0.0187530517578125 0.00155639648437501 -0.181793212890625
0.00371932983398437 -0.0678443908691406 -0.0215797424316406 -0.0357322692871094
-0.0482826232910156 -0.040008544921875 0.072296142578125 0.0146331787109375
-0.0487632751464844 0.0132293701171875 0.101318359375 -0.0640029907226563
-0.0225677490234375 0.0408401489257813 0.045318603515625 -0.125343322753906
0.0106620788574219 0.0488395690917969 -0.025726318359375 -0.141876220703125
0.0140056610107422 0.0347003936767578 -0.0780487060546875 -0.118408203125
0.0111160278320313 0.0328083038330078 -0.0696334838867188 -0.0844192504882813
0.00728607177734375 0.0368537902832031 -0.061492919921875 -0.0649681091308594
-0.0158214569091797 0.0280818939208984 -0.0494422912597656 -0.05859375
-0.0312309265136719 0.000965118408203126 -0.0550651550292969 -0.0575790405273437
-0.017578125 -0.0368576049804688 -0.0564117431640625 -0.0915908813476563
0.0304298400878906 -0.0488395690917969 -0.0363616943359375 -0.137458801269531
0.0713729858398438 -0.0236434936523438 -0.0503387451171875 -0.181304931640625
0.088348388671875 0.0171585083007812 -0.055419921875 -0.1939697265625
0.08544921875 0.0634918212890625 0.03143310546875 -0.18310546875
0.0470085144042969 -0.0151176452636719 -0.0041046142578125 -0.0393562316894531
0.0179939270019531 -0.0218791961669922 0.0839614868164063 0.0220413208007813
0.000866889953613281 -0.0126218795776367 0.117904663085938 -0.062042236328125
0.00189447402954102 -0.00298810005187988 0.0621109008789062 -0.130271911621094
-0.000696659088134766 -0.00257134437561035 -0.0222625732421875 -0.151824951171875
-0.0137338638305664 -0.0112791061401367 -0.0814285278320312 -0.121734619140625
-0.0100488662719727 -0.0124149322509766 -0.0727920532226563 -0.079803466796875
-0.0156936645507813 -0.0131607055664062 -0.0648078918457031 -0.0609588623046875
-0.0146427154541016 -0.0227298736572266 -0.0565681457519531 -0.05322265625
0.0022735595703125 -0.0384597778320313 -0.0587158203125 -0.0499801635742188
0.0370674133300781 -0.0450935363769531 -0.0591659545898438 -0.0817718505859375
0.08123779296875 -0.004150390625 -0.0419998168945313 -0.121665954589844
0.103080749511719 0.040496826171875 -0.050689697265625 -0.162887573242187
0.0936965942382813 0.0971145629882812 -0.0448455810546875 -0.17120361328125
0.081756591796875 0.141342163085938 0.06488037109375 -0.154098510742187
0.0783615112304688 0.0530548095703125 0.0191249847412109 -0.0219841003417969
0.0863723754882813 0.0151214599609375 0.0967330932617188 0.0410003662109375
0.0619850158691406 -0.0301628112792969 0.134910583496094 -0.0482559204101563
0.0370826721191406 -0.0463638305664063 0.0820999145507813 -0.120147705078125
-0.00490951538085938 -0.0562095642089844 -0.0098724365234375 -0.14862060546875
-0.0365447998046875 -0.0573081970214844 -0.0723114013671875 -0.112091064453125
-0.0284500122070313 -0.0558090209960937 -0.0652122497558594 -0.0623016357421875
-0.0389556884765625 -0.0587272644042969 -0.0594596862792969 -0.0442771911621094
-0.0200614929199219 -0.0690116882324219 -0.0593757629394531 -0.0325126647949219
0.023468017578125 -0.0799102783203125 -0.0618476867675781 -0.0283088684082031
0.0765380859375 -0.0641250610351563 -0.066497802734375 -0.0631866455078125
0.127128601074219 0.01995849609375 -0.0528945922851563 -0.099700927734375
0.132392883300781 0.0841522216796875 -0.0488967895507813 -0.134078979492188
0.0950775146484375 0.156326293945313 -0.0338516235351562 -0.125389099121094
0.0589141845703125 0.198760986328125 0.09088134765625 -0.096649169921875
0.0886154174804688 0.121475219726563 0.0418052673339844 0.0154075622558594
0.14166259765625 0.066162109375 0.103569030761719 0.0686264038085937
0.123313903808594 -0.0313339233398438 0.144241333007813 -0.0204925537109375
0.07684326171875 -0.0779266357421875 0.0980453491210938 -0.09259033203125
-0.000305175781250011 -0.102569580078125 0.00695800781250001 -0.127487182617188
-0.0504226684570313 -0.0966110229492188 -0.053466796875 -0.088653564453125
-0.0423126220703125 -0.091064453125 -0.0489768981933594 -0.0355682373046875
-0.0598907470703125 -0.0948333740234375 -0.0446395874023438 -0.01702880859375
-0.0305023193359375 -0.104415893554687 -0.0522918701171875 -0.00189971923828124
0.032470703125 -0.115692138671875 -0.0587387084960938 0.00175094604492187
0.0999069213867188 -0.0858001708984375 -0.0703277587890625 -0.03582763671875
0.158905029296875 0.0274200439453125 -0.0613327026367187 -0.0747909545898438
0.150833129882813 0.108383178710938 -0.0378265380859375 -0.101905822753906
0.08740234375 0.191543579101563 -0.0202674865722656 -0.0664634704589844
0.0247955322265625 0.22186279296875 0.104827880859375 -0.0196762084960937
0.073638916015625 0.17169189453125 0.0579338073730469 0.0660934448242188
0.16290283203125 0.117767333984375 0.0988693237304688 0.0987701416015625
0.164718627929688 -0.01495361328125 0.139556884765625 0.0168304443359375
0.109832763671875 -0.0896682739257813 0.101844787597656 -0.0528640747070313
0.0087738037109375 -0.13116455078125 0.0223770141601563 -0.0905075073242188
-0.055267333984375 -0.120285034179688 -0.0282402038574219 -0.0538253784179688
-0.0497283935546875 -0.112266540527344 -0.0254402160644531 -0.00359535217285157
-0.073150634765625 -0.116157531738281 -0.0216274261474609 0.0145015716552734
-0.0393295288085937 -0.125076293945312 -0.0376930236816406 0.0327377319335937
0.034332275390625 -0.136909484863281 -0.0489578247070312 0.0336990356445313
0.109298706054687 -0.0979843139648437 -0.0696029663085938 -0.00790405273437501
0.170501708984375 0.03338623046875 -0.0631103515625 -0.0517578125
0.1488037109375 0.121688842773437 -0.0194778442382812 -0.0709075927734375
0.0675811767578125 0.20196533203125 -0.00553703308105468 -0.00248146057128905
-0.0136260986328125 0.205093383789063 0.105010986328125 0.0611114501953125
0.0387725830078125 0.185775756835937 0.0631027221679688 0.118698120117188
0.144775390625 0.148529052734375 0.08416748046875 0.121040344238281
0.170639038085938 0.008758544921875 0.119354248046875 0.051422119140625
0.122062683105469 -0.0809860229492188 0.092010498046875 -0.00927734375000001
0.0175018310546875 -0.135383605957031 0.032989501953125 -0.0446243286132813
-0.051727294921875 -0.124343872070313 -8.39233398437525E-05 -0.0142278671264648
-0.0496826171875 -0.115432739257812 0.00193595886230468 0.0285968780517578
-0.074920654296875 -0.120491027832031 0.0058441162109375 0.0464019775390625
-0.041351318359375 -0.129112243652344 -0.0186195373535156 0.0674095153808593
0.0351715087890625 -0.139732360839844 -0.0367279052734375 0.0635757446289062
0.11029052734375 -0.0950927734375 -0.0665016174316406 0.017303466796875
0.16363525390625 0.042877197265625 -0.0620193481445312 -0.0321807861328125
0.125473022460938 0.128654479980469 0.00150299072265626 -0.0408172607421875
0.035430908203125 0.192108154296875 0.00569915771484375 0.0598487854003906
-0.0457763671875 0.14959716796875 0.0952529907226563 0.129539489746094
-0.00257873535156251 0.157882690429688 0.06121826171875 0.159530639648438
0.0967254638671875 0.143402099609375 0.0659255981445313 0.130966186523438
0.139488220214844 0.0270004272460937 0.0917434692382813 0.0763702392578125
0.107986450195313 -0.0585403442382812 0.0742721557617188 0.0269851684570313
0.0204544067382813 -0.114959716796875 0.0397758483886719 0.000152587890624993
-0.0409927368164063 -0.108940124511719 0.0259017944335937 0.0235767364501953
-0.0418624877929687 -0.102272033691406 0.0294227600097656 0.0562858581542969
-0.0644989013671875 -0.108695983886719 0.0329055786132812 0.0761566162109375
-0.03594970703125 -0.116355895996094 0.000503540039062503 0.0986557006835937
0.0362701416015625 -0.124839782714844 -0.0279541015625 0.09014892578125
0.102867126464844 -0.07806396484375 -0.0659408569335937 0.0398445129394531
0.138450622558594 0.0547027587890625 -0.061431884765625 -0.0181388854980469
0.085113525390625 0.126823425292969 0.0165414810180664 -0.0124540328979492
-0.00547790527343749 0.161346435546875 0.008331298828125 0.11639404296875
-0.0692520141601562 0.0684852600097656 0.07958984375 0.1710205078125
-0.0377731323242188 0.0978469848632813 0.054779052734375 0.180938720703125
0.036834716796875 0.104476928710938 0.0508346557617188 0.128120422363281
0.085113525390625 0.0314102172851563 0.0694351196289063 0.088226318359375
0.0722732543945313 -0.0295028686523438 0.05780029296875 0.048919677734375
0.01708984375 -0.0762405395507813 0.0439109802246094 0.0337753295898437
-0.02484130859375 -0.0751266479492188 0.0475883483886719 0.0529632568359375
-0.0267410278320313 -0.072113037109375 0.0522384643554688 0.0763168334960938
-0.0439300537109375 -0.0804901123046875 0.0546188354492188 0.100196838378906
-0.0236053466796875 -0.08837890625 0.0139846801757813 0.12493896484375
0.0337066650390625 -0.09417724609375 -0.025421142578125 0.111495971679688
0.0839080810546875 -0.0508956909179688 -0.0704574584960937 0.05694580078125
0.097930908203125 0.060089111328125 -0.0639801025390625 -0.00820159912109375
0.0341873168945312 0.109489440917969 0.0221462249755859 0.0130577087402344
-0.0458908081054687 0.107398986816406 -0.0027008056640625 0.159866333007813
0.07098388671875 -0.0250015258789062 -0.0111083984375 -0.184097290039063
-0.000961303710937506 -0.0685386657714844 -0.0247077941894531 -0.032918930053711
-0.0512123107910156 -0.0363388061523437 0.0749740600585938 0.0107498168945312
-0.0482559204101563 0.0165023803710938 0.099578857421875 -0.0705490112304688
-0.0196418762207031 0.0427398681640625 0.0386123657226563 -0.129371643066406
0.0147285461425781 0.0482368469238281 -0.0337982177734375 -0.142135620117188
0.0168323516845703 0.033782958984375 -0.0869064331054688 -0.115249633789062
0.0134811401367188 0.0314903259277344 -0.0758132934570313 -0.0816421508789062
0.0109214782714844 0.0354118347167969 -0.0661659240722656 -0.0616340637207031
-0.0125865936279297 0.0286178588867188 -0.0543365478515625 -0.0564689636230469
-0.0307483673095703 0.00376319885253906 -0.0597877502441406 -0.0558586120605469
-0.0202980041503906 -0.0357589721679688 -0.064300537109375 -0.0901718139648437
0.026702880859375 -0.0508384704589844 -0.0460739135742187 -0.13885498046875
0.0700645446777344 -0.0279579162597656 -0.0615386962890625 -0.181259155273437
0.0909500122070313 0.0110397338867188 -0.0680084228515625 -0.1943359375
0.0907821655273438 0.0574874877929688 0.01910400390625 -0.187896728515625
0.0460777282714844 -0.0175819396972656 -0.00847625732421875 -0.0372734069824219
0.0166091918945312 -0.0223674774169922 0.087310791015625 0.0179901123046875
-0.00027751922607422 -0.0129032135009766 0.116165161132813 -0.0704193115234375
0.00229835510253906 -0.00415825843811035 0.0554656982421875 -0.135711669921875
-0.000433206558227539 -0.00244283676147461 -0.031341552734375 -0.153091430664063
-0.0143089294433594 -0.010289192199707 -0.0903549194335937 -0.118179321289063
-0.0104284286499023 -0.0127992630004883 -0.0782470703125 -0.0760421752929688
-0.0162572860717773 -0.0129299163818359 -0.0700912475585938 -0.0574111938476562
-0.0149040222167969 -0.0216140747070313 -0.0611114501953125 -0.0505104064941406
0.000331878662109372 -0.0389366149902344 -0.0627555847167969 -0.0466995239257812
0.034332275390625 -0.0477256774902344 -0.0667648315429688 -0.0814590454101563
0.0823745727539063 -0.00911712646484375 -0.0512466430664062 -0.122383117675781
0.105751037597656 0.034454345703125 -0.0627288818359375 -0.1630859375
0.101661682128906 0.092193603515625 -0.0556640625 -0.17266845703125
0.092193603515625 0.13800048828125 0.0541229248046875 -0.160049438476563
0.08209228515625 0.0498733520507813 0.0161781311035156 -0.0217094421386719
0.088958740234375 0.0100479125976563 0.10150146484375 0.0362777709960938
0.0611610412597656 -0.0344886779785156 0.135093688964844 -0.0562820434570312
0.0351905822753906 -0.0499649047851563 0.0765838623046875 -0.127388000488281
-0.00831985473632813 -0.0568046569824219 -0.01971435546875 -0.149932861328125
-0.0411224365234375 -0.0552215576171875 -0.0807418823242188 -0.108856201171875
-0.0325355529785156 -0.0558013916015625 -0.0691070556640625 -0.0585823059082031
-0.0434417724609375 -0.0579147338867188 -0.06341552734375 -0.0398902893066406
-0.0241279602050781 -0.0680923461914063 -0.0619888305664063 -0.0287742614746094
0.0180206298828125 -0.081878662109375 -0.0648841857910156 -0.0244941711425781
0.0741729736328125 -0.0701446533203125 -0.0729522705078125 -0.0611801147460938
0.131019592285156 0.0119781494140625 -0.0619125366210937 -0.0996475219726563
0.138679504394531 0.0765609741210938 -0.058441162109375 -0.134185791015625
0.106887817382813 0.153610229492188 -0.041900634765625 -0.126724243164063
0.0736236572265625 0.1982421875 0.084930419921875 -0.103744506835937
0.0968170166015625 0.119155883789062 0.0412940979003906 0.014251708984375
0.148193359375 0.0589752197265625 0.110130310058594 0.0656890869140625
0.122901916503906 -0.039031982421875 0.146484375 -0.028411865234375
0.0738601684570313 -0.08489990234375 0.094268798828125 -0.100601196289063
-0.00759124755859374 -0.103424072265625 -0.00106048583984376 -0.12945556640625
-0.0577850341796875 -0.0938873291015625 -0.0592498779296875 -0.0855178833007813
-0.0488510131835938 -0.0902023315429687 -0.0507125854492187 -0.0321464538574219
-0.0669479370117187 -0.0919647216796875 -0.0461349487304688 -0.0137596130371094
-0.0376510620117187 -0.102668762207031 -0.0535240173339844 0.00254821777343749
0.02484130859375 -0.11846923828125 -0.0605926513671875 0.00587844848632811
0.0955734252929688 -0.0936508178710938 -0.0755767822265625 -0.0333480834960938
0.162979125976563 0.0183563232421875 -0.06793212890625 -0.0740127563476563
0.159011840820313 0.0998687744140625 -0.045806884765625 -0.102485656738281
0.101165771484375 0.18963623046875 -0.0248260498046875 -0.0678329467773438
0.039459228515625 0.2239990234375 0.102851867675781 -0.0263671875
0.0842742919921875 0.171463012695313 0.0597915649414063 0.0642204284667969
0.174041748046875 0.110092163085938 0.107528686523438 0.09600830078125
0.166061401367188 -0.02569580078125 0.143875122070313 0.009735107421875
0.106399536132813 -0.0995712280273438 0.101463317871094 -0.0610580444335938
0.000541687011718754 -0.132797241210938 0.0162429809570313 -0.092864990234375
-0.064910888671875 -0.117057800292969 -0.0325736999511719 -0.0522346496582031
-0.0585708618164063 -0.110748291015625 -0.0247058868408203 -0.000972747802734387
-0.0825729370117188 -0.112129211425781 -0.0207366943359375 0.0174293518066406
-0.0481719970703125 -0.12310791015625 -0.0363273620605469 0.037322998046875
0.0255508422851563 -0.139938354492188 -0.0488395690917969 0.03802490234375
0.104026794433594 -0.106895446777344 -0.072479248046875 -0.00425720214843752
0.176361083984375 0.02239990234375 -0.0684661865234375 -0.0501823425292969
0.158538818359375 0.11395263671875 -0.0246200561523437 -0.0722198486328125
0.081756591796875 0.2027587890625 -0.00565528869628906 -0.00353384017944335
-0.000122070312500002 0.209945678710938 0.108543395996094 0.0558929443359375
0.050201416015625 0.186737060546875 0.068695068359375 0.116943359375
0.157379150390625 0.142135620117188 0.0943527221679688 0.119979858398438
0.173538208007813 -0.002227783203125 0.125572204589844 0.046142578125
0.120040893554688 -0.0912017822265625 0.0931549072265625 -0.015533447265625
0.00828552246093749 -0.137779235839844 0.0302352905273437 -0.0464973449707031
-0.0620498657226562 -0.121833801269531 -0.000729560852050784 -0.0131206512451172
-0.0586318969726563 -0.114105224609375 0.00536537170410156 0.0295639038085937
-0.0846099853515625 -0.115303039550781 0.00915908813476561 0.0477867126464844
-0.0510711669921875 -0.126884460449219 -0.0148849487304687 0.0708999633789062
0.025360107421875 -0.143646240234375 -0.0338821411132813 0.0674018859863281
0.105239868164063 -0.103767395019531 -0.0685386657714844 0.0219306945800781
0.169235229492188 0.0319061279296875 -0.0663185119628906 -0.0308303833007812
0.134521484375 0.12115478515625 -0.00233840942382812 -0.0433273315429687
0.0485687255859375 0.193740844726563 0.00922012329101563 0.0593299865722656
-0.036865234375 0.155731201171875 0.102622985839844 0.125946044921875
0.0066375732421875 0.160995483398438 0.06982421875 0.1585693359375
0.108177185058594 0.139396667480469 0.0749740600585938 0.130973815917969
0.143341064453125 0.0178375244140625 0.099365234375 0.0730667114257813
0.106330871582031 -0.0666351318359375 0.0781402587890625 0.022979736328125
0.012542724609375 -0.117767333984375 0.0392684936523438 -0.00217056274414063
-0.050079345703125 -0.106719970703125 0.0277633666992187 0.0233249664306641
-0.049774169921875 -0.100570678710937 0.0347251892089844 0.0557937622070313
-0.0732574462890625 -0.104621887207031 0.0383682250976563 0.0762405395507813
-0.0447463989257813 -0.11383056640625 0.00641632080078125 0.101104736328125
0.0273284912109375 -0.12860107421875 -0.023223876953125 0.0933685302734375
0.0987777709960938 -0.0864486694335938 -0.0655670166015625 0.0439262390136719
0.145263671875 0.04559326171875 -0.0646553039550781 -0.015960693359375
0.0942916870117188 0.12237548828125 0.0158491134643555 -0.0158977508544922
0.00564575195312499 0.164657592773438 0.0157012939453125 0.116287231445313
-0.0653610229492188 0.0745010375976563 0.08978271484375 0.169921875
-0.0318679809570312 0.10174560546875 0.0651397705078125 0.179962158203125
0.04534912109375 0.103538513183594 0.060516357421875 0.128555297851563
0.0878677368164063 0.026031494140625 0.0764083862304688 0.0860595703125
0.0711135864257812 -0.0355072021484375 0.0625991821289063 0.045806884765625
0.012176513671875 -0.077178955078125 0.0466079711914063 0.0311508178710937
-0.0307235717773438 -0.073455810546875 0.0516357421875 0.0507431030273437
-0.0335540771484375 -0.0709915161132813 0.0586471557617188 0.07476806640625
-0.0506210327148437 -0.0775909423828125 0.061767578125 0.0997543334960938
-0.0306167602539063 -0.0868759155273438 0.02197265625 0.126991271972656
0.026763916015625 -0.097137451171875 -0.01953125 0.114173889160156
0.0818252563476563 -0.0575408935546875 -0.0686073303222656 0.0609283447265625
0.103561401367188 0.0542526245117188 -0.0658111572265625 -0.0058746337890625
0.0415725708007813 0.108100891113281 0.0230731964111328 0.00951194763183594
-0.0385513305664063 0.112373352050781 0.00811767578125001 0.161102294921875
0.0684814453125 -0.0284805297851562 -0.0197296142578125 -0.181716918945313
-0.0038909912109375 -0.066925048828125 -0.0265426635742188 -0.0292739868164063
-0.0535202026367187 -0.0333442687988281 0.07574462890625 0.00722503662109375
-0.0476455688476563 0.0188179016113281 0.0974349975585938 -0.0733184814453125
-0.0177803039550781 0.0431861877441406 0.0333709716796875 -0.129470825195312
0.0175590515136719 0.04656982421875 -0.0391387939453125 -0.14117431640625
0.0189704895019531 0.0319576263427734 -0.0915679931640625 -0.111289978027344
0.0149116516113281 0.0297946929931641 -0.0799484252929688 -0.0791015625
0.0126399993896484 0.0330295562744141 -0.068756103515625 -0.0587348937988281
-0.0099334716796875 0.0290203094482422 -0.0569305419921875 -0.0544319152832031
-0.0292587280273438 0.005706787109375 -0.0618896484375 -0.0544509887695312
-0.0218276977539062 -0.0343837738037109 -0.0687713623046875 -0.0874862670898438
0.0237693786621094 -0.0511131286621094 -0.052337646484375 -0.136405944824219
0.0677223205566406 -0.0300369262695313 -0.0688323974609375 -0.178192138671875
0.091033935546875 0.0060272216796875 -0.0754241943359375 -0.191909790039063
0.0932235717773437 0.0530548095703125 0.00965881347656251 -0.186874389648438
0.0452537536621094 -0.0178565979003906 -0.0111846923828125 -0.0351905822753906
0.0153388977050781 -0.0221290588378906 0.0883865356445313 0.0153350830078125
-0.000696182250976563 -0.0128068923950195 0.113731384277344 -0.0736541748046875
0.00213003158569336 -0.00440597534179688 0.0496444702148438 -0.13616943359375
-0.000100851058959961 -0.00297784805297852 -0.0372314453125 -0.150985717773437
-0.0144281387329102 -0.00968360900878906 -0.0947723388671875 -0.113349914550781
-0.0110979080200195 -0.0132122039794922 -0.0804672241210937 -0.0727157592773438
-0.0159168243408203 -0.0133914947509766 -0.0722122192382813 -0.0547027587890625
-0.0144977569580078 -0.0209484100341797 -0.0632972717285156 -0.0472564697265625
-0.000595092773437498 -0.0380668640136719 -0.0657005310058594 -0.0446357727050781
0.0326461791992188 -0.0491867065429688 -0.071014404296875 -0.0794677734375
0.081085205078125 -0.012115478515625 -0.0574798583984375 -0.121185302734375
0.105781555175781 0.03009033203125 -0.0687408447265625 -0.16064453125
0.105278015136719 0.0876846313476563 -0.063079833984375 -0.17071533203125
0.0978775024414063 0.132659912109375 0.0456695556640625 -0.162307739257813
0.08331298828125 0.0477676391601563 0.0129928588867188 -0.0209922790527344
0.0895156860351563 0.00678253173828125 0.103050231933594 0.034149169921875
0.0590438842773438 -0.0365867614746094 0.132659912109375 -0.0609970092773438
0.03271484375 -0.0517845153808594 0.0711746215820312 -0.129310607910156
-0.00997543334960937 -0.0558967590332031 -0.0256195068359375 -0.148040771484375
-0.0434494018554687 -0.0523414611816406 -0.0845184326171875 -0.104248046875
-0.0349845886230469 -0.055084228515625 -0.070343017578125 -0.055450439453125
-0.04522705078125 -0.0555801391601562 -0.0642242431640625 -0.0366249084472656
-0.0265045166015625 -0.0658378601074219 -0.0633506774902344 -0.0252799987792969
0.0155105590820312 -0.0819168090820313 -0.0668296813964844 -0.0214881896972656
0.0705490112304688 -0.0729598999023438 -0.07720947265625 -0.0586700439453125
0.13031005859375 0.00606536865234375 -0.066802978515625 -0.0979461669921875
0.1407470703125 0.0707550048828125 -0.064910888671875 -0.132858276367188
0.113265991210938 0.148590087890625 -0.0473480224609375 -0.125900268554688
0.0814666748046875 0.194305419921875 0.0778961181640625 -0.1065673828125
0.100570678710938 0.116195678710938 0.0383834838867188 0.0132255554199219
0.1513671875 0.05255126953125 0.113327026367188 0.0622482299804687
0.120773315429688 -0.0442886352539063 0.145858764648438 -0.033294677734375
0.0705642700195313 -0.0884628295898438 0.0902557373046875 -0.104499816894531
-0.0118026733398438 -0.10223388671875 -0.00711822509765625 -0.127998352050781
-0.0622100830078125 -0.0899581909179688 -0.0631561279296875 -0.081634521484375
-0.0529708862304687 -0.088348388671875 -0.0506134033203125 -0.0296478271484375
-0.070770263671875 -0.0877609252929688 -0.046722412109375 -0.0102767944335938
-0.0415802001953125 -0.0997848510742188 -0.0535545349121094 0.00606536865234374
0.0193099975585938 -0.118354797363281 -0.060546875 0.00883483886718748
0.0909271240234375 -0.0970458984375 -0.0784530639648437 -0.0305328369140625
0.16375732421875 0.0104522705078125 -0.0722732543945312 -0.072845458984375
0.161392211914063 0.0928192138671875 -0.0507736206054688 -0.101585388183594
0.108901977539063 0.185775756835938 -0.0277824401855469 -0.0681877136230469
0.0485687255859375 0.222381591796875 0.0997085571289063 -0.0311508178710937
0.090667724609375 0.168136596679688 0.0592498779296875 0.0615997314453125
0.179229736328125 0.102005004882813 0.111488342285156 0.0940322875976563
0.164337158203125 -0.0317840576171875 0.144485473632813 0.004150390625
0.102684020996094 -0.104537963867187 0.0985336303710938 -0.06463623046875
-0.00544738769531249 -0.131729125976563 0.012054443359375 -0.092376708984375
-0.0707473754882812 -0.112403869628906 -0.0332679748535156 -0.049530029296875
-0.0634613037109375 -0.107223510742187 -0.022705078125 0.000167846679687491
-0.0870361328125 -0.106788635253906 -0.0201873779296875 0.0196971893310547
-0.0534896850585938 -0.118934631347656 -0.0343704223632813 0.0402450561523438
0.0181961059570313 -0.139671325683594 -0.0470161437988281 0.0405731201171875
0.099273681640625 -0.110923767089844 -0.0745925903320312 -0.00137329101562499
0.176956176757813 0.014190673828125 -0.0716323852539062 -0.0492095947265625
0.161865234375 0.105148315429687 -0.02899169921875 -0.072265625
0.091217041015625 0.19854736328125 -0.0064096450805664 -0.00531053543090819
0.00885009765625 0.209365844726563 0.108222961425781 0.0517578125
0.0568695068359375 0.185211181640625 0.0711669921875 0.11328125
0.1646728515625 0.134918212890625 0.098602294921875 0.117317199707031
0.172836303710938 -0.0092315673828125 0.127578735351563 0.0416641235351563
0.115562438964844 -0.0966873168945313 0.0929946899414063 -0.0193023681640625
0.00198364257812499 -0.136550903320313 0.0276374816894531 -0.0465164184570313
-0.0679092407226563 -0.11785888671875 -0.00113391876220704 -0.0127582550048828
-0.0642776489257813 -0.110763549804688 0.00837326049804687 0.0301036834716797
-0.0900344848632812 -0.110115051269531 0.0114402770996094 0.0488510131835937
-0.0574493408203125 -0.122230529785156 -0.0112686157226563 0.0730514526367187
0.0180816650390625 -0.143585205078125 -0.0319023132324219 0.0692520141601562
0.0998992919921875 -0.107917785644531 -0.068145751953125 0.0250473022460938
0.169662475585937 0.023895263671875 -0.068511962890625 -0.0292167663574219
0.139015197753906 0.114906311035156 -0.00505828857421874 -0.0450019836425781
0.057861328125 0.192123413085938 0.0120887756347656 0.0573921203613281
-0.029754638671875 0.1568603515625 0.105186462402344 0.121360778808594
0.01397705078125 0.160430908203125 0.073883056640625 0.155120849609375
0.115226745605469 0.134300231933594 0.081207275390625 0.128753662109375
0.143157958984375 0.0115203857421875 0.102729797363281 0.0692214965820313
0.103416442871094 -0.0720672607421875 0.079254150390625 0.0193710327148438
0.00678253173828124 -0.116424560546875 0.0387115478515625 -0.00292205810546876
-0.0564422607421875 -0.102241516113281 0.0293903350830078 0.0229587554931641
-0.055023193359375 -0.0975570678710937 0.0385475158691406 0.0553779602050781
-0.0787811279296875 -0.0992965698242188 0.0418243408203125 0.0754928588867188
-0.0502395629882813 -0.10955810546875 0.0107269287109375 0.102348327636719
0.0199432373046875 -0.128379821777344 -0.0198822021484375 0.0941009521484375
0.094024658203125 -0.0907135009765625 -0.0649299621582031 0.0464935302734375
0.146377563476563 0.03802490234375 -0.0656471252441406 -0.0143280029296875
0.0987396240234375 0.117500305175781 0.0140419006347656 -0.0184860229492187
0.01397705078125 0.164215087890625 0.020843505859375 0.113777160644531
-0.0616836547851563 0.0770263671875 0.09466552734375 0.165618896484375
-0.0268402099609375 0.103927612304688 0.0709686279296875 0.176483154296875
0.051055908203125 0.100906372070313 0.0652008056640625 0.126380920410156
0.08831787109375 0.0219650268554688 0.0807571411132813 0.0834121704101563
0.0693168640136719 -0.0391006469726562 0.0650062561035156 0.0436744689941406
0.007415771484375 -0.0768280029296875 0.0472488403320312 0.0297317504882812
-0.035430908203125 -0.0703964233398438 0.0538787841796875 0.0493392944335937
-0.0370521545410156 -0.0694618225097656 0.0622940063476563 0.0728225708007813
-0.054229736328125 -0.074005126953125 0.0662002563476563 0.09716796875
-0.035247802734375 -0.0832061767578125 0.0273284912109375 0.126350402832031
0.0217666625976563 -0.0983123779296875 -0.0154647827148438 0.115142822265625
0.07794189453125 -0.0612335205078125 -0.0664596557617188 0.0636024475097656
0.106132507324219 0.04876708984375 -0.0675201416015625 -0.00384521484375
0.0463409423828125 0.106117248535156 0.022857666015625 0.00667953491210938
-0.032928466796875 0.113502502441406 0.01531982421875 0.158905029296875
0.067352294921875 -0.03082275390625 -0.023956298828125 -0.180511474609375
-0.00516128540039063 -0.066192626953125 -0.0273036956787109 -0.0262889862060547
-0.0542449951171875 -0.0313072204589844 0.0766677856445313 0.006561279296875
-0.0478630065917969 0.0202903747558594 0.0965499877929687 -0.0748977661132813
-0.0167045593261719 0.0439567565917969 0.0321578979492188 -0.128829956054688
0.0198020935058594 0.0451202392578125 -0.040802001953125 -0.140388488769531
0.0209312438964844 0.0310840606689453 -0.093597412109375 -0.109527587890625
0.0157756805419922 0.0284519195556641 -0.0809402465820312 -0.0779953002929688
0.0135898590087891 0.0311679840087891 -0.069976806640625 -0.058441162109375
-0.00745201110839844 0.0284690856933594 -0.0583724975585937 -0.0540313720703125
-0.0279159545898438 0.00650787353515625 -0.0636253356933594 -0.0538139343261719
-0.0222702026367187 -0.0333881378173828 -0.0708694458007813 -0.087371826171875
0.0220069885253906 -0.0512313842773438 -0.05419921875 -0.135101318359375
0.0666961669921875 -0.030517578125 -0.0705718994140625 -0.177276611328125
0.09027099609375 0.00379180908203125 -0.0785369873046875 -0.191543579101563
0.0938262939453125 0.0504226684570313 0.00497436523437501 -0.186508178710938
0.0437965393066406 -0.0177078247070313 -0.012847900390625 -0.0322742462158203
0.0147533416748047 -0.0220794677734375 0.0895004272460938 0.0146942138671875
-0.00147724151611328 -0.0120182037353516 0.112739562988281 -0.0749969482421875
0.00208330154418945 -0.0048060417175293 0.0478591918945312 -0.136825561523438
9.87052917480466E-05 -0.00339674949645996 -0.039398193359375 -0.150405883789063
-0.0141324996948242 -0.0095510482788086 -0.0971145629882813 -0.111404418945312
-0.0113620758056641 -0.0139608383178711 -0.0817642211914063 -0.0719223022460938
-0.0160360336303711 -0.0140771865844727 -0.0728988647460938 -0.0532989501953125
-0.0135269165039063 -0.0211257934570313 -0.0644683837890625 -0.0460433959960937
-0.000305175781250002 -0.0375213623046875 -0.0669784545898438 -0.0436973571777344
0.0316390991210937 -0.0493240356445313 -0.073883056640625 -0.0787124633789063
0.0802688598632813 -0.013336181640625 -0.059814453125 -0.120437622070313
0.105499267578125 0.0286178588867188 -0.07122802734375 -0.159713745117188
0.10662841796875 0.0845260620117188 -0.0657196044921875 -0.170486450195313
0.100860595703125 0.130584716796875 0.04058837890625 -0.162490844726563
0.0832672119140625 0.047027587890625 0.0101566314697266 -0.0192298889160156
0.0895538330078125 0.0055084228515625 0.10467529296875 0.03289794921875
0.0579757690429687 -0.0377655029296875 0.132476806640625 -0.0623550415039062
0.03192138671875 -0.0533447265625 0.069366455078125 -0.130744934082031
-0.0113716125488281 -0.0552597045898438 -0.02825927734375 -0.147048950195312
-0.0440750122070313 -0.0513191223144531 -0.0860977172851562 -0.1014404296875
-0.0358657836914062 -0.0548057556152344 -0.070556640625 -0.0544815063476563
-0.0466690063476563 -0.0550270080566406 -0.064910888671875 -0.0353584289550781
-0.026336669921875 -0.0650100708007813 -0.0637397766113281 -0.0233421325683594
0.0142288208007812 -0.081573486328125 -0.0682220458984375 -0.0205078125
0.0696563720703125 -0.0740280151367188 -0.0797042846679688 -0.0580978393554688
0.130363464355469 0.00424957275390625 -0.0699005126953125 -0.098663330078125
0.140625 0.0679931640625 -0.0675735473632812 -0.132240295410156
0.115325927734375 0.146713256835938 -0.0492019653320313 -0.126853942871094
0.0851898193359375 0.193038940429688 0.0738601684570313 -0.107559204101562
0.101768493652344 0.115318298339844 0.0363349914550781 0.0143470764160156
0.15283203125 0.0501251220703125 0.116020202636719 0.0618667602539063
0.119827270507812 -0.0462265014648437 0.146026611328125 -0.0349578857421875
0.0688934326171875 -0.0909576416015625 0.0891036987304688 -0.105857849121094
-0.0136871337890625 -0.101318359375 -0.009674072265625 -0.127273559570312
-0.0644989013671875 -0.0872421264648438 -0.0640869140625 -0.0796737670898438
-0.0553817749023438 -0.0871810913085938 -0.0497360229492188 -0.0287208557128906
-0.072662353515625 -0.0858993530273438 -0.0459251403808594 -0.00856781005859375
-0.0426788330078125 -0.0979385375976563 -0.0533561706542969 0.008087158203125
0.0167312622070312 -0.118324279785156 -0.060821533203125 0.0102882385253906
0.0896530151367188 -0.0993576049804688 -0.0810317993164063 -0.0298690795898438
0.164581298828125 0.00732421875 -0.0753402709960938 -0.0727767944335937
0.1624755859375 0.0897369384765625 -0.0531234741210938 -0.101631164550781
0.113021850585938 0.184188842773437 -0.0292854309082031 -0.0688629150390625
0.0531005859375 0.221694946289063 0.0965805053710938 -0.032257080078125
0.0923309326171875 0.1673583984375 0.0576934814453125 0.0622596740722656
0.1824951171875 0.09912109375 0.114799499511719 0.0936431884765625
0.163345336914063 -0.0348052978515625 0.145706176757813 0.002655029296875
0.101036071777344 -0.107131958007813 0.09808349609375 -0.0656814575195312
-0.00882720947265623 -0.130546569824219 0.00978851318359375 -0.0912322998046875
-0.0737686157226563 -0.109611511230469 -0.0338630676269531 -0.0480499267578125
-0.0655059814453125 -0.1063232421875 -0.0214900970458984 0.00105094909667968
-0.0891952514648438 -0.103805541992187 -0.0192317962646484 0.0212059020996094
-0.0555267333984375 -0.115989685058594 -0.0337600708007813 0.0426406860351562
0.0147018432617188 -0.139945983886719 -0.0475234985351563 0.0415573120117187
0.0966796875 -0.112800598144531 -0.0762557983398438 -0.000793457031250022
0.17718505859375 0.0102081298828125 -0.0746383666992187 -0.0483856201171875
0.162429809570313 0.102340698242188 -0.0311813354492187 -0.0729141235351563
0.0946807861328125 0.1978759765625 -0.00689601898193359 -0.00612306594848632
0.0131988525390625 0.209274291992188 0.106658935546875 0.05023193359375
0.0595550537109375 0.184326171875 0.0699310302734375 0.112457275390625
0.168289184570313 0.131866455078125 0.1024169921875 0.11767578125
0.171768188476563 -0.012237548828125 0.12896728515625 0.0400390625
0.1141357421875 -0.100326538085937 0.0928802490234375 -0.0209121704101563
-0.00136566162109376 -0.134994506835938 0.0259742736816406 -0.0465126037597656
-0.071380615234375 -0.113601684570313 -0.00072860717773438 -0.0111684799194336
-0.0670700073242188 -0.109588623046875 0.0104751586914062 0.0302543640136719
-0.0925674438476563 -0.106903076171875 0.0129127502441406 0.050445556640625
-0.0601348876953125 -0.118881225585937 -0.00984191894531251 0.074615478515625
0.0137939453125 -0.143341064453125 -0.0306549072265625 0.0702972412109375
0.0969314575195313 -0.110519409179688 -0.0696754455566406 0.0256729125976562
0.170654296875 0.02020263671875 -0.0706787109375 -0.0293807983398438
0.140525817871094 0.111686706542969 -0.00658035278320311 -0.0460662841796875
0.0617828369140625 0.191070556640625 0.0126533508300781 0.0560951232910156
-0.0267333984375 0.157424926757813 0.105377197265625 0.119911193847656
0.0161590576171875 0.160354614257813 0.0740203857421875 0.153549194335938
0.118980407714844 0.131477355957031 0.0829544067382813 0.128654479980469
0.14276123046875 0.008056640625 0.104217529296875 0.0673980712890625
0.1015625 -0.0751571655273438 0.0795135498046875 0.0180282592773437
0.00380706787109376 -0.115196228027344 0.0379180908203125 -0.00288772583007813
-0.0588912963867187 -0.0988082885742188 0.0301151275634766 0.0231647491455078
-0.057708740234375 -0.0957717895507813 0.0407333374023437 0.0546760559082031
-0.0806732177734375 -0.0954971313476563 0.0434188842773437 0.0761260986328125
-0.0530471801757813 -0.106925964355469 0.0129013061523438 0.103050231933594
0.0163421630859375 -0.128067016601563 -0.0183944702148438 0.0945053100585937
0.0910491943359375 -0.091949462890625 -0.06494140625 0.0473709106445312
0.147201538085938 0.0344696044921875 -0.068115234375 -0.0141105651855469
0.100677490234375 0.115013122558594 0.0127925872802734 -0.0201568603515625
0.0169830322265625 0.163955688476563 0.0227890014648438 0.11248779296875
-0.06011962890625 0.0782089233398438 0.0958709716796875 0.164657592773437
-0.024444580078125 0.103828430175781 0.072540283203125 0.174957275390625
0.054290771484375 0.0991592407226563 0.0672760009765625 0.126228332519531
0.0885467529296875 0.018524169921875 0.0824508666992188 0.0821075439453125
0.0681304931640625 -0.0415458679199219 0.0663528442382813 0.0428695678710938
0.00521087646484376 -0.0755386352539063 0.0474433898925781 0.0296440124511719
-0.0381011962890625 -0.0679779052734375 0.0546798706054688 0.0482101440429687
-0.0394058227539063 -0.0673751831054688 0.0649642944335938 0.0719680786132813
-0.056793212890625 -0.0716400146484375 0.0683059692382813 0.0969467163085937
-0.0368423461914062 -0.0815353393554687 0.0306472778320312 0.126998901367188
0.0181961059570312 -0.0980148315429688 -0.013916015625 0.114669799804688
0.0759811401367187 -0.0634384155273438 -0.0669708251953125 0.0647659301757812
0.1064453125 0.0456161499023438 -0.0689277648925781 -0.00414657592773437
0.04766845703125 0.104293823242188 0.0221118927001953 0.00403594970703126
-0.0304336547851562 0.114341735839844 0.017852783203125 0.156494140625
0.0680885314941406 -0.0330619812011719 -0.0260467529296875 -0.182876586914063
-0.00597763061523437 -0.0666999816894531 -0.0281105041503906 -0.0244503021240234
-0.0554275512695312 -0.0300407409667969 0.0788650512695313 0.007232666015625
-0.0481185913085938 0.0215721130371094 0.0990829467773438 -0.0766143798828125
-0.0164146423339844 0.0443382263183594 0.0330963134765625 -0.130989074707031
0.0202407836914063 0.0450096130371094 -0.0420379638671875 -0.143524169921875
0.0225620269775391 0.0309944152832031 -0.0965042114257813 -0.110931396484375
0.0164165496826172 0.0274372100830078 -0.0838470458984375 -0.0799713134765625
0.0141448974609375 0.02996826171875 -0.0718994140625 -0.05963134765625
-0.00616645812988281 0.0276546478271484 -0.0603752136230469 -0.0548973083496094
-0.0273628234863281 0.00684738159179688 -0.0664901733398437 -0.055877685546875
-0.02294921875 -0.032989501953125 -0.0737152099609375 -0.0896224975585937
0.0219688415527344 -0.0516433715820312 -0.055084228515625 -0.137908935546875
0.0669288635253906 -0.0316009521484375 -0.0720367431640625 -0.1802978515625
0.09124755859375 0.0023193359375 -0.08026123046875 -0.195785522460938
0.0956497192382813 0.050323486328125 0.00259399414062502 -0.18994140625
0.0445289611816406 -0.0176010131835938 -0.0141029357910156 -0.0306720733642578
0.0149765014648438 -0.0214748382568359 0.0926055908203125 0.0150909423828125
-0.00216960906982422 -0.0112380981445313 0.116096496582031 -0.0769882202148438
0.00245380401611328 -0.00482892990112305 0.049102783203125 -0.13909912109375
0.00104188919067383 -0.00337004661560059 -0.0404205322265625 -0.152313232421875
-0.0137138366699219 -0.0100412368774414 -0.0990524291992187 -0.112586975097656
-0.0117349624633789 -0.0153799057006836 -0.0836105346679687 -0.0735397338867188
-0.0165729522705078 -0.0148525238037109 -0.0747222900390625 -0.0543289184570312
-0.0126895904541016 -0.0216426849365234 -0.0662345886230469 -0.0467948913574219
0.000568389892578129 -0.0380516052246094 -0.0692253112792969 -0.0450477600097656
0.0322761535644531 -0.0493812561035156 -0.0771255493164063 -0.0810928344726562
0.0811767578125 -0.0133514404296875 -0.0617446899414062 -0.123313903808594
0.1068115234375 0.0290603637695312 -0.073333740234375 -0.162933349609375
0.108055114746094 0.0853424072265625 -0.067596435546875 -0.175186157226563
0.103073120117188 0.1324462890625 0.0385284423828125 -0.165115356445312
0.084686279296875 0.048492431640625 0.00843620300292969 -0.0175971984863281
0.092132568359375 0.0059356689453125 0.108535766601563 0.034393310546875
0.0587234497070313 -0.0377998352050781 0.13555908203125 -0.0635452270507813
0.0323333740234375 -0.0551681518554687 0.0709075927734375 -0.133209228515625
-0.0117416381835937 -0.0561866760253906 -0.0286102294921875 -0.149246215820313
-0.04510498046875 -0.0513839721679688 -0.08837890625 -0.10198974609375
-0.0377311706542969 -0.056671142578125 -0.0721664428710938 -0.0557708740234375
-0.0474853515625 -0.0560951232910156 -0.0662612915039063 -0.03533935546875
-0.0261993408203125 -0.0659523010253906 -0.0651512145996094 -0.0230751037597656
0.0145263671875 -0.0825042724609375 -0.0702743530273437 -0.0207710266113281
0.07098388671875 -0.0756912231445313 -0.0833511352539063 -0.059844970703125
0.13311767578125 0.00383758544921875 -0.0723800659179688 -0.100746154785156
0.141998291015625 0.0687255859375 -0.069244384765625 -0.135269165039063
0.118331909179688 0.149261474609375 -0.0514907836914062 -0.1304931640625
0.0881500244140625 0.196609497070313 0.0719680786132813 -0.109977722167969
0.103591918945313 0.118995666503906 0.0343818664550781 0.0160369873046875
0.157440185546875 0.0506744384765625 0.120223999023438 0.0638580322265625
0.122039794921875 -0.0475616455078125 0.149993896484375 -0.036285400390625
0.0698394775390625 -0.0939712524414063 0.0907363891601563 -0.107650756835938
-0.0146560668945313 -0.102058410644531 -0.00988769531250001 -0.128768920898438
-0.0665512084960938 -0.0878448486328125 -0.0654449462890625 -0.080413818359375
-0.0576324462890625 -0.088623046875 -0.0491447448730469 -0.0290069580078125
-0.0746231079101563 -0.0867996215820313 -0.0467376708984375 -0.0077362060546875
-0.0437774658203125 -0.0987167358398438 -0.0541419982910156 0.00950622558593749
0.0167083740234375 -0.11993408203125 -0.0630302429199219 0.0108680725097656
0.0912551879882813 -0.100883483886719 -0.08538818359375 -0.0305557250976563
0.1676025390625 0.0065460205078125 -0.0783843994140625 -0.0742645263671875
0.16461181640625 0.0908203125 -0.0561141967773437 -0.104804992675781
0.116287231445313 0.187973022460938 -0.0305862426757812 -0.0718307495117188
0.0553741455078125 0.226058959960938 0.09588623046875 -0.0326690673828125
0.0941009521484375 0.17144775390625 0.0561027526855469 0.063629150390625
0.187820434570313 0.0999755859375 0.118598937988281 0.09625244140625
0.166336059570312 -0.0364532470703125 0.149368286132813 0.0020904541015625
0.102561950683594 -0.111045837402344 0.100151062011719 -0.0675506591796875
-0.00926208496093749 -0.131271362304688 0.00910949707031249 -0.091552734375
-0.0760574340820312 -0.109474182128906 -0.035003662109375 -0.0474662780761719
-0.0688400268554688 -0.107841491699219 -0.0201950073242188 0.00119400024414062
-0.0924530029296875 -0.104095458984375 -0.0187339782714844 0.0227165222167969
-0.0575485229492187 -0.116264343261719 -0.0337791442871094 0.0439186096191406
0.01324462890625 -0.141860961914063 -0.0484695434570313 0.0428810119628906
0.0979537963867188 -0.11529541015625 -0.0800247192382813 -0.00109100341796875
0.180801391601563 0.0094146728515625 -0.0781021118164062 -0.0499725341796875
0.165252685546875 0.103668212890625 -0.033355712890625 -0.0757064819335938
0.0975494384765625 0.202499389648438 -0.00756597518920898 -0.00774478912353515
0.0146331787109375 0.213836669921875 0.106124877929687 0.0506210327148438
0.061126708984375 0.188919067382813 0.06915283203125 0.115287780761719
0.173721313476563 0.133346557617188 0.105194091796875 0.121353149414063
0.175094604492188 -0.0142974853515625 0.132308959960938 0.040924072265625
0.115699768066406 -0.103553771972656 0.0954360961914063 -0.0208053588867188
-0.00233459472656249 -0.136817932128906 0.0260505676269531 -0.0457229614257813
-0.0740280151367188 -0.112876892089844 -0.000662803649902349 -0.0104484558105469
-0.0697479248046875 -0.110359191894531 0.0120849609375 0.0314693450927734
-0.09539794921875 -0.107200622558594 0.01361083984375 0.0524368286132812
-0.061981201171875 -0.118255615234375 -0.00911712646484375 0.0771942138671875
0.0117950439453125 -0.144607543945312 -0.0312881469726563 0.0712890625
0.0979690551757812 -0.112373352050781 -0.07232666015625 0.0256729125976562
0.17486572265625 0.0193939208984375 -0.0743789672851562 -0.0299606323242188
0.142532348632813 0.112472534179687 -0.00852584838867187 -0.0481834411621094
0.064056396484375 0.195724487304688 0.0128936767578125 0.0557098388671875
-0.0259857177734375 0.161026000976563 0.105506896972656 0.122184753417969
0.0173187255859375 0.164260864257813 0.0732879638671875 0.156295776367188
0.123619079589844 0.133468627929688 0.0858306884765625 0.130950927734375
0.1456298828125 0.00714111328125 0.106704711914063 0.06854248046875
0.102806091308594 -0.0782394409179688 0.0818862915039063 0.0183181762695313
0.00290679931640624 -0.115982055664063 0.0385360717773438 -0.00229263305664063
-0.0615081787109375 -0.09796142578125 0.0310153961181641 0.0239963531494141
-0.0607528686523437 -0.09674072265625 0.043670654296875 0.0560569763183594
-0.0834121704101563 -0.09588623046875 0.0453643798828125 0.0787811279296875
-0.0547103881835937 -0.106430053710938 0.0140457153320312 0.106010437011719
0.0145034790039063 -0.130477905273438 -0.0188217163085937 0.096160888671875
0.0916824340820313 -0.0940933227539063 -0.0672187805175781 0.0483322143554688
0.150192260742188 0.0345916748046875 -0.070556640625 -0.0149154663085937
0.102546691894531 0.115837097167969 0.0116615295410156 -0.0223236083984375
0.019500732421875 0.1669921875 0.02301025390625 0.112953186035156
-0.060089111328125 0.0805587768554687 0.096832275390625 0.168060302734375
-0.0237045288085938 0.106025695800781 0.0722503662109375 0.177993774414063
0.0572357177734375 0.101272583007813 0.0691452026367187 0.128639221191406
0.089935302734375 0.0174942016601563 0.0848922729492188 0.0840072631835938
0.06878662109375 -0.0434989929199219 0.0679397583007813 0.0438194274902344
0.00438690185546875 -0.076019287109375 0.0478858947753906 0.0305099487304687
-0.0398292541503906 -0.0675888061523437 0.0567970275878906 0.0491600036621094
-0.0417823791503906 -0.0680313110351563 0.0678024291992188 0.0728378295898438
-0.058349609375 -0.071533203125 0.0710983276367188 0.0991592407226563
-0.0386505126953125 -0.0811233520507812 0.0309982299804687 0.130088806152344
0.0162124633789062 -0.0998382568359375 -0.0140151977539063 0.117034912109375
0.0763473510742188 -0.0647659301757813 -0.0685958862304688 0.06622314453125
0.109550476074219 0.0457763671875 -0.0718307495117188 -0.00440216064453123
0.0492172241210937 0.106452941894531 0.0214405059814453 0.00232505798339844
-0.0298309326171875 0.11578369140625 0.018829345703125 0.15869140625
0.0689888000488281 -0.0356292724609375 -0.0310516357421875 -0.1895751953125
-0.00769805908203125 -0.0684623718261719 -0.0297451019287109 -0.0235080718994141
-0.0568389892578125 -0.029083251953125 0.0834426879882813 0.00696563720703125
-0.0494575500488281 0.0238380432128906 0.103462219238281 -0.0807418823242188
-0.0162200927734375 0.0468826293945313 0.034637451171875 -0.137214660644531
0.0225448608398438 0.0453910827636719 -0.0448150634765625 -0.149673461914063
0.0250530242919922 0.0300636291503906 -0.103019714355469 -0.114479064941406
0.0180244445800781 0.0274658203125 -0.089111328125 -0.08282470703125
0.0148696899414062 0.0292854309082031 -0.076507568359375 -0.0623855590820313
-0.00504112243652344 0.0276947021484375 -0.0637130737304688 -0.0571060180664063
-0.0269718170166016 0.00806999206542969 -0.070953369140625 -0.05743408203125
-0.0244255065917969 -0.0340843200683594 -0.0782852172851563 -0.0929031372070312
0.02203369140625 -0.0529975891113281 -0.05810546875 -0.14288330078125
0.0698966979980469 -0.0328712463378906 -0.0758209228515625 -0.187515258789063
0.0942230224609375 0.00067901611328125 -0.0858612060546875 -0.203826904296875
0.0996780395507813 0.0511627197265625 -0.00175476074218749 -0.196197509765625
0.0455703735351563 -0.01739501953125 -0.0165824890136719 -0.0290641784667969
0.016357421875 -0.0215110778808594 0.0974807739257812 0.0153350830078125
-0.00142288208007812 -0.0113201141357422 0.121406555175781 -0.0812301635742188
0.00235795974731445 -0.00511503219604492 0.0509033203125 -0.145095825195313
0.00179576873779297 -0.00365114212036133 -0.043548583984375 -0.158721923828125
-0.0135622024536133 -0.00990867614746094 -0.104774475097656 -0.116020202636719
-0.0119905471801758 -0.0162973403930664 -0.0884628295898438 -0.07623291015625
-0.017578125 -0.0164127349853516 -0.0792236328125 -0.056182861328125
-0.0123767852783203 -0.0234413146972656 -0.0699119567871094 -0.0485801696777344
0.0015106201171875 -0.0390472412109375 -0.0740203857421875 -0.046722412109375
0.0336341857910156 -0.0518684387207031 -0.0826263427734375 -0.083831787109375
0.0841445922851563 -0.0143966674804688 -0.0655059814453125 -0.127952575683594
0.110153198242188 0.0296096801757813 -0.0777587890625 -0.169998168945312
0.113044738769531 0.0878372192382813 -0.072540283203125 -0.182891845703125
0.109046936035156 0.136436462402344 0.035736083984375 -0.171966552734375
0.088043212890625 0.0513153076171875 0.00721263885498047 -0.0157032012939453
0.0970916748046875 0.00542449951171875 0.115531921386719 0.035400390625
0.0609550476074219 -0.0396461486816406 0.141616821289063 -0.06756591796875
0.0328292846679688 -0.0583343505859375 0.0730972290039062 -0.1390380859375
-0.0123138427734375 -0.057403564453125 -0.0312957763671875 -0.154510498046875
-0.0465888977050781 -0.0525321960449219 -0.0931549072265625 -0.105354309082031
-0.0400733947753906 -0.0587234497070312 -0.0748138427734375 -0.0578079223632813
-0.0509605407714844 -0.0576286315917969 -0.0698394775390625 -0.0361671447753906
-0.0274925231933594 -0.0682411193847656 -0.0680046081542969 -0.0225906372070313
0.0149765014648437 -0.0858688354492188 -0.074066162109375 -0.0209197998046875
0.0734329223632813 -0.0798721313476563 -0.0893783569335938 -0.0621795654296875
0.13873291015625 0.00305938720703125 -0.0769271850585937 -0.105003356933594
0.147430419921875 0.0705718994140625 -0.0743255615234375 -0.14178466796875
0.125244140625 0.154922485351563 -0.0556793212890625 -0.136611938476563
0.0947418212890625 0.20367431640625 0.0717315673828125 -0.115127563476562
0.108345031738281 0.124404907226563 0.0337028503417969 0.0179882049560547
0.166275024414062 0.051300048828125 0.127822875976563 0.0658493041992188
0.12640380859375 -0.0509109497070313 0.15631103515625 -0.038543701171875
0.0710601806640625 -0.0997772216796875 0.0939102172851563 -0.113174438476562
-0.0162353515625 -0.105499267578125 -0.0121841430664063 -0.133140563964844
-0.0697174072265625 -0.0887908935546875 -0.0685882568359375 -0.0816802978515625
-0.061614990234375 -0.0930404663085938 -0.0509414672851563 -0.0301780700683594
-0.0798721313476562 -0.0892791748046875 -0.0486564636230469 -0.00711822509765626
-0.046783447265625 -0.101219177246094 -0.0564308166503906 0.011749267578125
0.0158004760742187 -0.124900817871094 -0.0660438537597656 0.012451171875
0.0939788818359375 -0.106948852539063 -0.0914230346679687 -0.0316619873046875
0.175430297851562 0.005615234375 -0.0838851928710938 -0.07781982421875
0.171127319335938 0.09283447265625 -0.0603561401367188 -0.109550476074219
0.12371826171875 0.195419311523437 -0.0335464477539062 -0.075469970703125
0.0613861083984375 0.2362060546875 0.0965652465820313 -0.03472900390625
0.09967041015625 0.179855346679688 0.0563316345214844 0.0680580139160156
0.198272705078125 0.102310180664062 0.1275634765625 0.0995025634765625
0.17266845703125 -0.0397491455078125 0.156265258789063 0.0014190673828125
0.105278015136719 -0.11846923828125 0.104034423828125 -0.071502685546875
-0.011749267578125 -0.135826110839844 0.00835418701171875 -0.0943222045898438
-0.0803680419921875 -0.110641479492188 -0.0359001159667969 -0.0483970642089844
-0.0738983154296875 -0.111320495605469 -0.0193614959716797 0.00159835815429687
-0.0976486206054687 -0.106613159179688 -0.018707275390625 0.0253658294677734
-0.060882568359375 -0.119125366210937 -0.0342140197753906 0.0477104187011719
0.0119171142578125 -0.147598266601563 -0.0506095886230469 0.0451622009277344
0.100418090820313 -0.121940612792969 -0.0853118896484375 6.10351562499772E-05
0.189102172851563 0.0073699951171875 -0.0839462280273437 -0.0515365600585937
0.172317504882813 0.1063232421875 -0.0367279052734375 -0.079376220703125
0.105209350585937 0.21142578125 -0.0087590217590332 -0.00821733474731444
0.0189666748046875 0.223068237304688 0.109031677246094 0.0522003173828125
0.065582275390625 0.198211669921875 0.0699386596679688 0.120338439941406
0.184539794921875 0.136260986328125 0.113014221191406 0.125228881835938
0.18243408203125 -0.016693115234375 0.138633728027344 0.0410385131835937
0.118316650390625 -0.110618591308594 0.09930419921875 -0.0234146118164063
-0.0039825439453125 -0.141036987304688 0.02655029296875 -0.0472640991210938
-0.0788421630859375 -0.115013122558594 -9.34600830078174E-05 -0.0100193023681641
-0.0747833251953125 -0.113914489746094 0.0150356292724609 0.0315361022949219
-0.101676940917969 -0.109130859375 0.0159950256347656 0.0559463500976562
-0.065673828125 -0.121192932128906 -0.00818634033203126 0.0817642211914062
0.00941467285156248 -0.150787353515625 -0.03265380859375 0.075439453125
0.100090026855469 -0.118812561035156 -0.0762710571289063 0.0283660888671875
0.182601928710937 0.0171051025390625 -0.079193115234375 -0.0303955078125
0.149063110351563 0.116073608398438 -0.0104560852050781 -0.0515861511230469
0.070159912109375 0.203506469726563 0.0131034851074219 0.0572280883789063
-0.02423095703125 0.168548583984375 0.109230041503906 0.127227783203125
0.0198211669921875 0.17156982421875 0.075347900390625 0.16290283203125
0.132537841796875 0.136573791503906 0.091766357421875 0.135696411132813
0.150665283203125 0.0048675537109375 0.112060546875 0.07037353515625
0.105873107910156 -0.083526611328125 0.0857925415039063 0.0185699462890625
0.000915527343749998 -0.119850158691406 0.0394821166992188 -0.00149536132812501
-0.0653839111328125 -0.099090576171875 0.0336246490478516 0.0252609252929687
-0.06512451171875 -0.099151611328125 0.0478324890136719 0.0574188232421875
-0.0889358520507812 -0.097320556640625 0.049102783203125 0.082305908203125
-0.0584182739257813 -0.108154296875 0.0165481567382812 0.111167907714844
0.0116119384765625 -0.135032653808594 -0.01934814453125 0.100654602050781
0.0938720703125 -0.0996170043945313 -0.0707473754882812 0.050933837890625
0.157379150390625 0.03338623046875 -0.0756683349609375 -0.0144882202148437
0.107833862304687 0.120101928710937 0.0112113952636719 -0.0245895385742187
0.022308349609375 0.174468994140625 0.0251083374023437 0.116920471191406
-0.0614395141601563 0.08514404296875 0.101272583007812 0.175323486328125
-0.023651123046875 0.111419677734375 0.07574462890625 0.18499755859375
0.0621414184570312 0.103073120117188 0.0725555419921875 0.132911682128906
0.0934295654296875 0.0162353515625 0.0896148681640625 0.0862350463867188
0.0703887939453125 -0.046539306640625 0.0721282958984375 0.0452651977539062
0.00321197509765625 -0.07830810546875 0.0501670837402344 0.0317459106445313
-0.0427742004394531 -0.06781005859375 0.0600547790527344 0.0511131286621094
-0.0450897216796875 -0.0694580078125 0.072845458984375 0.074737548828125
-0.062957763671875 -0.0726242065429688 0.0761337280273438 0.103935241699219
-0.0415802001953125 -0.0821380615234375 0.0350112915039063 0.135810852050781
0.014373779296875 -0.103469848632813 -0.0139617919921875 0.12200927734375
0.0782928466796875 -0.0684585571289062 -0.0717391967773438 0.0699234008789063
0.115020751953125 0.0461959838867188 -0.076934814453125 -0.004058837890625
0.05242919921875 0.109596252441406 0.0216617584228516 0.000324249267578132
-0.0290756225585937 0.1214599609375 0.0213775634765625 0.163970947265625
0.0701522827148437 -0.0404891967773438 -0.040802001953125 -0.19537353515625
-0.0101776123046875 -0.0704879760742188 -0.0313720703125 -0.0208721160888672
-0.0604019165039062 -0.0272026062011719 0.0877685546875 0.004547119140625
-0.0503311157226563 0.0277633666992188 0.106613159179688 -0.0891265869140625
-0.015228271484375 0.0504341125488281 0.032470703125 -0.144943237304688
0.0263900756835938 0.0455093383789063 -0.05126953125 -0.156158447265625
0.0285568237304688 0.0289268493652344 -0.112442016601562 -0.116172790527344
0.0197219848632813 0.0272312164306641 -0.0974349975585938 -0.0846023559570313
0.0169181823730469 0.0294113159179687 -0.0836563110351563 -0.0632400512695313
-0.0032958984375 0.0278854370117188 -0.0694770812988281 -0.0587158203125
-0.0265007019042969 0.00891685485839844 -0.0773391723632813 -0.0587081909179688
-0.0267105102539062 -0.0338001251220703 -0.0867233276367188 -0.09478759765625
0.0201263427734375 -0.056121826171875 -0.0644683837890625 -0.148712158203125
0.0711135864257813 -0.0365829467773438 -0.0851593017578125 -0.194412231445313
0.0984878540039062 -0.00347137451171875 -0.0970916748046875 -0.211334228515625
0.1055908203125 0.0488204956054688 -0.011749267578125 -0.204086303710938
0.0468482971191406 -0.0185813903808594 -0.0188961029052734 -0.0274581909179688
0.0172672271728516 -0.0221462249755859 0.104766845703125 0.01287841796875
-0.00184345245361328 -0.0108404159545898 0.124458312988281 -0.0893707275390625
0.00211858749389648 -0.00551986694335938 0.048828125 -0.153366088867188
0.00283718109130859 -0.00377607345581055 -0.05084228515625 -0.164581298828125
-0.013218879699707 -0.0110912322998047 -0.114822387695313 -0.11688232421875
-0.0132827758789063 -0.0176181793212891 -0.0964279174804688 -0.07708740234375
-0.0189132690429688 -0.01739501953125 -0.0858993530273438 -0.0561981201171875
-0.0124893188476562 -0.0246505737304687 -0.075286865234375 -0.0480880737304687
0.00105667114257812 -0.0411491394042969 -0.0802536010742188 -0.0461578369140625
0.033416748046875 -0.0551414489746094 -0.0911636352539063 -0.0855941772460937
0.0877761840820313 -0.0174331665039063 -0.0731964111328125 -0.132797241210937
0.115882873535156 0.0270614624023438 -0.0877685546875 -0.17633056640625
0.121978759765625 0.0881881713867188 -0.083343505859375 -0.19012451171875
0.119483947753906 0.138053894042969 0.0289306640625 -0.179946899414063
0.0938720703125 0.052093505859375 0.00529289245605469 -0.0141763687133789
0.102981567382813 0.002288818359375 0.124557495117188 0.0328369140625
0.0626907348632813 -0.0424690246582031 0.146331787109375 -0.076324462890625
0.0317420959472656 -0.0625839233398437 0.071807861328125 -0.148513793945313
-0.0145072937011719 -0.0598220825195312 -0.0380859375 -0.159774780273438
-0.0505180358886719 -0.05303955078125 -0.101295471191406 -0.105659484863281
-0.0443954467773438 -0.0605583190917969 -0.08056640625 -0.0586776733398438
-0.0558853149414062 -0.058868408203125 -0.0749664306640625 -0.03533935546875
-0.029998779296875 -0.0708236694335938 -0.0726547241210938 -0.0211639404296875
0.013031005859375 -0.09051513671875 -0.0799102783203125 -0.0186996459960937
0.0748138427734375 -0.0865631103515625 -0.0984115600585938 -0.06201171875
0.14581298828125 -0.0017547607421875 -0.0856170654296875 -0.108055114746094
0.156997680664063 0.0695648193359375 -0.08367919921875 -0.146316528320313
0.136749267578125 0.158432006835938 -0.0640716552734375 -0.142547607421875
0.106796264648438 0.21038818359375 0.06756591796875 -0.122146606445312
0.118019104003906 0.127883911132813 0.0345630645751953 0.020355224609375
0.17779541015625 0.047607421875 0.138908386230469 0.0644912719726563
0.130805969238281 -0.0569915771484375 0.163406372070313 -0.0459747314453125
0.0707321166992187 -0.10791015625 0.094268798828125 -0.122039794921875
-0.0202560424804688 -0.109443664550781 -0.0170135498046875 -0.138084411621094
-0.0758209228515625 -0.0890350341796875 -0.0748443603515625 -0.0828018188476562
-0.0684585571289063 -0.0948104858398437 -0.0531730651855469 -0.0299301147460938
-0.0877532958984375 -0.0898971557617188 -0.0511093139648438 -0.00521469116210939
-0.051666259765625 -0.104278564453125 -0.0577278137207031 0.0151023864746094
0.0114822387695313 -0.131118774414063 -0.0694923400878906 0.0158615112304688
0.0949020385742188 -0.116256713867188 -0.0987777709960938 -0.0299835205078125
0.185302734375 -0.001129150390625 -0.0923080444335937 -0.0784759521484375
0.183059692382813 0.09228515625 -0.0682449340820312 -0.113723754882813
0.137710571289063 0.201919555664063 -0.0391006469726562 -0.0790863037109375
0.073394775390625 0.245468139648438 0.097991943359375 -0.0389328002929687
0.1103515625 0.186676025390625 0.059234619140625 0.0711746215820313
0.214019775390625 0.0991668701171875 0.139152526855469 0.0990982055664063
0.179718017578125 -0.04779052734375 0.164230346679688 -0.0044403076171875
0.104873657226562 -0.129440307617188 0.105918884277344 -0.0785675048828125
-0.01690673828125 -0.141433715820313 0.00596618652343749 -0.0978622436523438
-0.0883712768554688 -0.111480712890625 -0.0392990112304688 -0.0484580993652344
-0.082122802734375 -0.114151000976563 -0.0194129943847656 0.00163650512695311
-0.107009887695313 -0.106307983398438 -0.0176887512207031 0.0276699066162109
-0.068084716796875 -0.121620178222656 -0.0336380004882813 0.0526390075683594
0.00535583496093749 -0.15460205078125 -0.0519027709960938 0.0495376586914062
0.101112365722656 -0.132362365722656 -0.0916748046875 0.00360107421874999
0.199859619140625 0.0006561279296875 -0.091033935546875 -0.0508499145507813
0.18426513671875 0.105560302734375 -0.0424728393554687 -0.0831985473632812
0.11932373046875 0.21875 -0.0096912384033203 -0.00920581817626952
0.02850341796875 0.234176635742187 0.113571166992187 0.0509796142578125
0.0759735107421875 0.206634521484375 0.0755462646484375 0.124992370605469
0.20068359375 0.135101318359375 0.124298095703125 0.126434326171875
0.189971923828125 -0.0252227783203125 0.146621704101563 0.0387725830078125
0.119209289550781 -0.121559143066406 0.103630065917969 -0.0280227661132813
-0.0095672607421875 -0.146408081054687 0.0260887145996094 -0.0484542846679688
-0.086212158203125 -0.114784240722656 -4.67300415039117E-05 -0.00973224639892579
-0.084259033203125 -0.116012573242188 0.0187282562255859 0.0323448181152344
-0.110816955566406 -0.108673095703125 0.0200576782226562 0.0589141845703125
-0.0738143920898437 -0.122756958007813 -0.00432586669921875 0.0877914428710937
0.00250244140625001 -0.157546997070313 -0.0317306518554687 0.0799636840820312
0.100471496582031 -0.128646850585938 -0.0814361572265625 0.0320663452148437
0.192840576171875 0.011962890625 -0.0853729248046875 -0.02825927734375
0.160614013671875 0.116790771484375 -0.0140762329101562 -0.0546722412109375
0.0819854736328125 0.212081909179687 0.0152740478515625 0.0588493347167969
-0.0185394287109375 0.178665161132812 0.1173095703125 0.130035400390625
0.0276336669921875 0.180282592773438 0.08233642578125 0.167938232421875
0.145614624023438 0.137069702148438 0.101997375488281 0.1395263671875
0.157623291015625 -0.0013580322265625 0.119491577148438 0.0706405639648438
0.106613159179688 -0.0928268432617188 0.0907745361328125 0.0162200927734375
-0.003875732421875 -0.125114440917969 0.0409355163574219 -0.00127792358398438
-0.0723724365234375 -0.0987396240234375 0.0362510681152344 0.0257415771484375
-0.0727615356445313 -0.100471496582031 0.0536041259765625 0.0577621459960938
-0.0976715087890625 -0.0976486206054687 0.05621337890625 0.085693359375
-0.065460205078125 -0.110130310058594 0.0224227905273438 0.117469787597656
0.0048980712890625 -0.141372680664063 -0.01708984375 0.106178283691406
0.094085693359375 -0.108482360839844 -0.0738525390625 0.0562286376953125
0.167205810546875 0.02825927734375 -0.0812759399414062 -0.0121002197265625
0.116897583007813 0.121414184570313 0.00937461853027344 -0.0278244018554687
0.0310516357421875 0.18218994140625 0.0307540893554688 0.120857238769531
-0.0599822998046875 0.0916213989257813 0.111404418945313 0.179901123046875
-0.0192337036132812 0.117256164550781 0.0843048095703125 0.191375732421875
0.0708160400390625 0.104400634765625 0.08056640625 0.136772155761719
0.097198486328125 0.012786865234375 0.0974349975585938 0.0880889892578125
0.0707244873046875 -0.0527801513671875 0.0781707763671875 0.0451278686523437
0.000175476074218757 -0.0820999145507813 0.0536994934082031 0.0330543518066406
-0.0479850769042969 -0.0678977966308594 0.06494140625 0.051116943359375
-0.0510711669921875 -0.07012939453125 0.0807113647460938 0.0753326416015625
-0.069000244140625 -0.072723388671875 0.085662841796875 0.107192993164062
-0.0466156005859375 -0.0833892822265625 0.0419158935546875 0.142013549804688
0.00955200195312501 -0.108512878417969 -0.0101776123046875 0.127967834472656
0.0787506103515625 -0.075225830078125 -0.0734939575195312 0.0760955810546875
0.122756958007812 0.0435562133789063 -0.0820999145507812 -0.00103759765624998
0.0592575073242188 0.112762451171875 0.0218582153320313 -0.00256919860839843
-0.0248336791992187 0.128257751464844 0.029296875 0.170425415039063
0.0691986083984375 -0.04559326171875 -0.0547637939453125 -0.19793701171875
-0.0150375366210938 -0.0708847045898438 -0.0328254699707031 -0.0172920227050781
-0.0625572204589844 -0.0237808227539063 0.0925064086914063 -0.000183105468750001
-0.0496597290039063 0.032806396484375 0.105010986328125 -0.098236083984375
-0.0116424560546875 0.0537223815917969 0.0259246826171875 -0.151824951171875
0.0308380126953125 0.0450973510742188 -0.0625762939453125 -0.159255981445313
0.0314788818359375 0.0263690948486328 -0.123382568359375 -0.112937927246094
0.0224456787109375 0.0256805419921875 -0.107612609863281 -0.0811309814453125
0.0187702178955078 0.0279560089111328 -0.0923995971679688 -0.0607147216796875
-0.000341415405273435 0.0274982452392578 -0.0764236450195313 -0.0567245483398438
-0.0250148773193359 0.0110969543457031 -0.084808349609375 -0.0561065673828125
-0.0295200347900391 -0.032928466796875 -0.095977783203125 -0.0929946899414063
0.0173187255859375 -0.0577049255371094 -0.0744781494140625 -0.151031494140625
0.0708465576171875 -0.0412368774414063 -0.0992431640625 -0.196823120117188
0.100975036621094 -0.00933837890625 -0.11322021484375 -0.212860107421875
0.111305236816406 0.0438766479492188 -0.0258636474609375 -0.208297729492188
0.0474510192871094 -0.0206069946289063 -0.0208568572998047 -0.0243015289306641
0.0175132751464844 -0.0232982635498047 0.109893798828125 0.00687408447265625
-0.00212478637695313 -0.00983047485351563 0.123611450195313 -0.0991439819335938
0.00246858596801758 -0.00559663772583008 0.0423126220703125 -0.161453247070313
0.00292682647705078 -0.00499153137207031 -0.0616607666015625 -0.167739868164063
-0.0138454437255859 -0.0112171173095703 -0.125411987304688 -0.113349914550781
-0.0149688720703125 -0.0183811187744141 -0.105201721191406 -0.0739364624023438
-0.0206089019775391 -0.0173473358154297 -0.0935211181640625 -0.0530548095703125
-0.0129852294921875 -0.0258159637451172 -0.0810394287109375 -0.0453338623046875
0.000743865966796873 -0.0420112609863281 -0.0865859985351563 -0.0429153442382813
0.0315055847167969 -0.0585708618164062 -0.1011962890625 -0.0831832885742187
0.0893325805664063 -0.0215606689453125 -0.0833969116210937 -0.133827209472656
0.120582580566406 0.0228424072265625 -0.100830078125 -0.177871704101563
0.130714416503906 0.084442138671875 -0.0981597900390625 -0.191848754882813
0.130874633789063 0.135932922363281 0.0156402587890625 -0.1859130859375
0.0999832153320313 0.04986572265625 0.00376415252685547 -0.0124359130859375
0.10809326171875 -0.0033721923828125 0.1322021484375 0.026458740234375
0.0625877380371094 -0.0473976135253906 0.147003173828125 -0.08660888671875
0.0290260314941406 -0.0668449401855469 0.066192626953125 -0.157394409179688
-0.017669677734375 -0.0603904724121094 -0.04791259765625 -0.16259765625
-0.0542640686035156 -0.0516815185546875 -0.111007690429687 -0.102737426757813
-0.0499038696289062 -0.060638427734375 -0.0876007080078125 -0.0557937622070313
-0.0619735717773438 -0.0569725036621094 -0.0799179077148438 -0.031280517578125
-0.0347213745117188 -0.0715103149414063 -0.0764389038085938 -0.0170669555664063
0.00893402099609375 -0.0939712524414063 -0.08453369140625 -0.0145492553710937
0.0727081298828125 -0.0932083129882813 -0.107864379882813 -0.058624267578125
0.151382446289063 -0.0093994140625 -0.0948257446289063 -0.106903076171875
0.165176391601563 0.0633544921875 -0.0956268310546875 -0.147186279296875
0.151153564453125 0.15667724609375 -0.075958251953125 -0.144134521484375
0.124114990234375 0.210556030273438 0.0599594116210938 -0.128166198730469
0.129714965820313 0.127227783203125 0.0348625183105469 0.0220394134521484
0.188018798828125 0.038238525390625 0.148361206054688 0.057281494140625
0.132514953613281 -0.0664749145507813 0.166488647460938 -0.0567779541015625
0.0663070678710938 -0.116493225097656 0.0911331176757813 -0.131690979003906
-0.0275192260742188 -0.111099243164062 -0.0254135131835938 -0.140533447265625
-0.0833587646484375 -0.0870895385742188 -0.0818328857421875 -0.0802383422851562
-0.07733154296875 -0.0938644409179688 -0.057342529296875 -0.0286788940429688
-0.0964736938476563 -0.086700439453125 -0.0530014038085938 -0.00107574462890625
-0.0589370727539063 -0.103561401367188 -0.0589523315429688 0.01934814453125
0.00418853759765626 -0.135093688964844 -0.0723800659179688 0.0212783813476563
0.09161376953125 -0.126472473144531 -0.106636047363281 -0.0249099731445313
0.192291259765625 -0.0113067626953125 -0.100990295410156 -0.0758285522460938
0.193222045898437 0.0849151611328125 -0.078216552734375 -0.114189147949219
0.15496826171875 0.201492309570313 -0.0458755493164062 -0.0796890258789063
0.0914306640625 0.249221801757813 0.0952835083007813 -0.0451507568359375
0.125640869140625 0.188568115234375 0.0630645751953125 0.0718612670898438
0.228988647460937 0.0883331298828125 0.150527954101563 0.0930328369140625
0.182952880859375 -0.0608367919921875 0.169631958007813 -0.01324462890625
0.099700927734375 -0.140914916992188 0.105445861816406 -0.0867919921875
-0.0257415771484375 -0.143783569335938 0.000236511230468751 -0.0996780395507813
-0.0972366333007813 -0.108894348144531 -0.0430183410644531 -0.047119140625
-0.0927581787109375 -0.112785339355469 -0.0184135437011719 0.00256729125976562
-0.118019104003906 -0.102447509765625 -0.0160388946533203 0.0307674407958984
-0.0772247314453125 -0.120590209960937 -0.0307350158691406 0.0573692321777344
-0.00459289550781248 -0.158615112304688 -0.0514907836914063 0.05523681640625
0.0961456298828125 -0.143096923828125 -0.0969161987304688 0.0087127685546875
0.207916259765625 -0.010986328125 -0.0983657836914062 -0.0468292236328125
0.1961669921875 0.098876953125 -0.0505142211914063 -0.0841751098632812
0.137130737304688 0.220443725585938 -0.0115346908569336 -0.00978374481201171
0.0444183349609375 0.239883422851563 0.117294311523438 0.047271728515625
0.090972900390625 0.210220336914063 0.0828399658203125 0.125717163085938
0.217071533203125 0.125961303710938 0.136199951171875 0.1219482421875
0.195175170898437 -0.0369873046875 0.1533203125 0.0315399169921875
0.115119934082031 -0.134132385253906 0.10552978515625 -0.034393310546875
-0.018829345703125 -0.149551391601563 0.0238914489746094 -0.0499763488769531
-0.0958023071289063 -0.111930847167969 -0.000453948974609382 -0.00929641723632813
-0.0940933227539062 -0.114265441894531 0.0218963623046875 0.0318927764892578
-0.121650695800781 -0.104087829589844 0.0254096984863281 0.0605010986328125
-0.083251953125 -0.121475219726563 0.00140380859374999 0.0918045043945313
-0.00778198242187501 -0.161849975585938 -0.0288543701171875 0.0851364135742187
0.0954055786132813 -0.140090942382813 -0.0838470458984375 0.0383834838867188
0.200424194335938 -0.0001983642578125 -0.0917510986328125 -0.0237045288085937
0.172348022460938 0.110366821289063 -0.0184745788574219 -0.0569229125976563
0.099212646484375 0.215652465820313 0.0195045471191406 0.0592384338378906
-0.00698852539062501 0.18560791015625 0.126380920410156 0.127952575683594
0.0402679443359375 0.185272216796875 0.0926055908203125 0.169815063476563
0.160415649414063 0.13134765625 0.112754821777344 0.136672973632813
0.162490844726563 -0.0111846923828125 0.127593994140625 0.0664749145507813
0.103439331054687 -0.103691101074219 0.0954360961914063 0.011932373046875
-0.0111541748046875 -0.128089904785156 0.0423431396484375 -0.00241851806640626
-0.0803909301757813 -0.096649169921875 0.039825439453125 0.0246543884277344
-0.0818328857421875 -0.0990524291992188 0.0601272583007812 0.0562896728515625
-0.107391357421875 -0.0929946899414063 0.0654144287109375 0.0861968994140625
-0.0738067626953125 -0.107933044433594 0.0315093994140625 0.121261596679688
-0.0048065185546875 -0.145477294921875 -0.0116195678710937 0.110755920410156
0.0899200439453125 -0.118545532226563 -0.07440185546875 0.0629425048828125
0.175216674804688 0.01861572265625 -0.0858306884765625 -0.00691986083984373
0.127685546875 0.119537353515625 0.00708389282226563 -0.0308723449707031
0.0439300537109375 0.187530517578125 0.0387802124023438 0.122039794921875
-0.0554580688476563 0.0981597900390625 0.123794555664062 0.180618286132813
-0.0119781494140625 0.122360229492188 0.0957183837890625 0.192535400390625
0.0800323486328125 0.102485656738281 0.0904159545898438 0.136703491210938
0.100357055664063 0.0069427490234375 0.104812622070312 0.085540771484375
0.0689430236816406 -0.0592231750488281 0.0834808349609375 0.0419387817382812
-0.0048980712890625 -0.08349609375 0.0567207336425781 0.0317153930664062
-0.0528373718261719 -0.0646705627441406 0.0718994140625 0.0490798950195312
-0.0574951171875 -0.0677986145019531 0.0892333984375 0.0728607177734375
-0.0762939453125 -0.0690841674804688 0.0971450805664063 0.10528564453125
-0.0532760620117188 -0.0820770263671875 0.0529022216796875 0.145111083984375
0.00156402587890624 -0.111251831054688 -0.00376129150390625 0.132919311523438
0.076202392578125 -0.0830001831054688 -0.072418212890625 0.0827789306640625
0.129432678222656 0.0365524291992188 -0.085479736328125 0.00428009033203126
0.0679168701171875 0.113700866699219 0.0215358734130859 -0.00542068481445312
-0.0175704956054688 0.134666442871094 0.0405120849609375 0.17236328125
0.0655059814453125 -0.0504722595214844 -0.0676727294921875 -0.192535400390625
-0.018890380859375 -0.0691337585449219 -0.0329627990722656 -0.0132484436035156
-0.0634536743164062 -0.0195159912109375 0.0932998657226562 -0.00508880615234375
-0.0471534729003906 0.0360260009765625 0.100112915039063 -0.104652404785156
-0.00710678100585937 0.0554008483886719 0.0179290771484375 -0.153839111328125
0.0344772338867188 0.0421333312988281 -0.0716552734375 -0.157546997070312
0.0329208374023438 0.0222225189208984 -0.131294250488281 -0.106132507324219
0.0237541198730469 0.0232048034667969 -0.114608764648438 -0.0745773315429688
0.0206451416015625 0.0257415771484375 -0.0977020263671875 -0.054718017578125
0.00155067443847657 0.0261116027832031 -0.081085205078125 -0.052886962890625
-0.02276611328125 0.0120582580566406 -0.0890121459960937 -0.0512313842773437
-0.0317363739013672 -0.0302829742431641 -0.102874755859375 -0.0879440307617187
0.0139732360839844 -0.0579452514648438 -0.08306884765625 -0.148712158203125
0.0677947998046875 -0.0453262329101562 -0.110733032226563 -0.19134521484375
0.100349426269531 -0.0155715942382813 -0.12542724609375 -0.206802368164063
0.11358642578125 0.0369415283203125 -0.039215087890625 -0.20440673828125
0.0462646484375 -0.02215576171875 -0.0224342346191406 -0.0207958221435547
0.0165576934814453 -0.0243377685546875 0.111984252929688 0.000129699707031249
-0.00142574310302734 -0.00971889495849609 0.119270324707031 -0.106277465820313
0.00245952606201172 -0.00490903854370117 0.0330810546875 -0.163986206054688
0.00424528121948242 -0.0058741569519043 -0.0710296630859375 -0.164749145507813
-0.0142002105712891 -0.0122852325439453 -0.13262939453125 -0.105934143066406
-0.0158557891845703 -0.0184364318847656 -0.11090087890625 -0.0677871704101562
-0.022003173828125 -0.0162334442138672 -0.098785400390625 -0.047271728515625
-0.0145664215087891 -0.025421142578125 -0.0850906372070313 -0.0406951904296875
-0.000682830810546879 -0.0422096252441406 -0.0905990600585938 -0.0376129150390625
0.0285720825195313 -0.0605201721191406 -0.108016967773437 -0.0772933959960938
0.0888214111328125 -0.0261154174804688 -0.0911941528320312 -0.129997253417969
0.121742248535156 0.016510009765625 -0.112167358398437 -0.171722412109375
0.136146545410156 0.0769577026367188 -0.110397338867187 -0.186538696289063
0.139945983886719 0.127769470214844 0.002410888671875 -0.185043334960938
0.103828430175781 0.0456619262695313 0.00238895416259766 -0.0100231170654297
0.109184265136719 -0.0102081298828125 0.134376525878906 0.0175552368164062
0.0609016418457031 -0.0507354736328125 0.14349365234375 -0.095367431640625
0.0254325866699219 -0.0685539245605469 0.057952880859375 -0.161544799804688
-0.0204353332519531 -0.0593376159667969 -0.0572357177734375 -0.160446166992188
-0.0573844909667969 -0.0489654541015625 -0.117668151855469 -0.0956802368164062
-0.0540351867675781 -0.0585784912109375 -0.0911407470703125 -0.050872802734375
-0.0656318664550781 -0.0536537170410156 -0.0830764770507813 -0.0260162353515625
-0.0383377075195312 -0.0692710876464844 -0.0780487060546875 -0.011932373046875
0.00393676757812501 -0.0943145751953125 -0.08636474609375 -0.00907135009765626
0.067779541015625 -0.0983200073242187 -0.114067077636719 -0.0522994995117188
0.152145385742187 -0.017669677734375 -0.101654052734375 -0.102333068847656
0.168777465820312 0.0547637939453125 -0.1053466796875 -0.142486572265625
0.16217041015625 0.14862060546875 -0.0858001708984375 -0.140052795410156
0.137054443359375 0.20367431640625 0.0497894287109375 -0.13031005859375
0.138160705566406 0.121910095214844 0.0347766876220703 0.0221958160400391
0.192108154296875 0.025665283203125 0.15283203125 0.0469818115234375
0.129112243652344 -0.0746536254882813 0.163528442382812 -0.066497802734375
0.05889892578125 -0.121192932128906 0.0835647583007813 -0.136795043945313
-0.0336685180664063 -0.109123229980469 -0.0333023071289063 -0.13812255859375
-0.0880508422851563 -0.081878662109375 -0.0867919921875 -0.0749359130859375
-0.0840225219726563 -0.0902252197265625 -0.058746337890625 -0.0256462097167969
-0.102706909179688 -0.0802993774414062 -0.0532035827636719 0.00277709960937499
-0.0650100708007812 -0.100502014160156 -0.0574836730957031 0.0238304138183594
-0.00362396240234375 -0.135337829589844 -0.0721206665039062 0.0260086059570312
0.0839614868164063 -0.132843017578125 -0.111038208007813 -0.01824951171875
0.193038940429688 -0.022857666015625 -0.106208801269531 -0.0702438354492188
0.199249267578125 0.0748291015625 -0.08636474609375 -0.111061096191406
0.168777465820313 0.1939697265625 -0.0514907836914062 -0.0777206420898437
0.106964111328125 0.244537353515625 0.0897216796875 -0.049346923828125
0.137649536132813 0.182891845703125 0.0646171569824219 0.0699729919433594
0.236770629882813 0.07354736328125 0.156631469726563 0.0827484130859375
0.180267333984375 -0.0719757080078125 0.16925048828125 -0.0230712890625
0.0904693603515625 -0.14788818359375 0.100776672363281 -0.0929107666015625
-0.034088134765625 -0.141937255859375 -0.00562286376953126 -0.09869384765625
-0.103340148925781 -0.101936340332031 -0.0450325012207031 -0.0440406799316406
-0.100532531738281 -0.107498168945313 -0.0180854797363281 0.00307655334472656
-0.1253662109375 -0.093902587890625 -0.0129280090332031 0.0324134826660156
-0.0846633911132812 -0.114822387695313 -0.0267066955566406 0.0605087280273438
-0.014923095703125 -0.15802001953125 -0.04913330078125 0.0587081909179687
0.0873260498046875 -0.150482177734375 -0.0986328125 0.0152816772460938
0.208816528320313 -0.023712158203125 -0.102325439453125 -0.040985107421875
0.20245361328125 0.088470458984375 -0.0564193725585938 -0.082244873046875
0.153244018554688 0.213714599609375 -0.0127391815185547 -0.00951671600341796
0.0591583251953125 0.237167358398438 0.117500305175781 0.0421676635742188
0.104248046875 0.206451416015625 0.087310791015625 0.122978210449219
0.226654052734375 0.112030029296875 0.14349365234375 0.1126708984375
0.192825317382813 -0.0489349365234375 0.155715942382812 0.0232696533203125
0.106246948242188 -0.14202880859375 0.103973388671875 -0.040679931640625
-0.02801513671875 -0.148590087890625 0.0210762023925781 -0.0497512817382813
-0.101570129394531 -0.104835510253906 -0.000540733337402349 -0.0088338851928711
-0.102348327636719 -0.108261108398438 0.0250682830810547 0.0297355651855469
-0.129608154296875 -0.0950927734375 0.0313835144042969 0.0598983764648438
-0.0901718139648438 -0.115234375 0.00789642333984375 0.0927581787109375
-0.0192718505859375 -0.160598754882813 -0.0244903564453125 0.0874710083007813
0.0861968994140625 -0.147003173828125 -0.0837631225585938 0.0438919067382812
0.202545166015625 -0.0134735107421875 -0.0935897827148437 -0.0185165405273438
0.179580688476563 0.10089111328125 -0.0232658386230469 -0.0570259094238281
0.113555908203125 0.211654663085937 0.0226211547851563 0.057952880859375
0.0052032470703125 0.186126708984375 0.131706237792969 0.121902465820313
0.051910400390625 0.183792114257813 0.100051879882813 0.166015625
0.169830322265625 0.120651245117188 0.119728088378906 0.129325866699219
0.161819458007813 -0.0213165283203125 0.131355285644531 0.0596694946289062
0.0955886840820313 -0.110641479492188 0.0968017578125 0.00616455078124999
-0.019287109375 -0.126441955566406 0.0425605773925781 -0.00336074829101563
-0.085845947265625 -0.0901107788085938 0.0416908264160156 0.0234603881835937
-0.0889663696289063 -0.09326171875 0.0646171569824219 0.0512466430664063
-0.114448547363281 -0.0852279663085938 0.0723648071289062 0.0817642211914062
-0.0808868408203125 -0.101951599121094 0.0396575927734375 0.120582580566406
-0.015380859375 -0.143783569335938 -0.00567626953125 0.111396789550781
0.08197021484375 -0.124809265136719 -0.0720443725585938 0.068267822265625
0.1768798828125 0.006988525390625 -0.0867538452148437 -0.00119018554687499
0.135902404785156 0.112098693847656 0.00426864624023438 -0.0323257446289062
0.0564727783203125 0.186004638671875 0.0464401245117187 0.118942260742188
-0.048736572265625 0.101547241210937 0.133346557617188 0.174209594726563
-0.00462341308593751 0.122833251953125 0.105804443359375 0.18914794921875
0.08758544921875 0.0964279174804688 0.0971145629882813 0.131942749023438
0.0995101928710938 0.0009918212890625 0.110466003417969 0.0802993774414063
0.0642662048339844 -0.0637588500976563 0.0869064331054688 0.03704833984375
-0.01092529296875 -0.0834274291992188 0.0592575073242188 0.0299453735351563
-0.056854248046875 -0.060394287109375 0.07562255859375 0.0447463989257812
-0.0620079040527344 -0.0639305114746094 0.0953750610351562 0.0663070678710937
-0.08184814453125 -0.0635223388671875 0.106025695800781 0.0998001098632813
-0.0591583251953125 -0.0772552490234375 0.06341552734375 0.143096923828125
-0.0062713623046875 -0.110435485839844 0.00376892089843751 0.1341552734375
0.069549560546875 -0.0882720947265625 -0.0680007934570313 0.0875167846679687
0.133575439453125 0.0280227661132813 -0.0859527587890625 0.0102157592773437
0.0755844116210938 0.109718322753906 0.0204334259033203 -0.00875473022460937
-0.00852203369140624 0.136383056640625 0.0512542724609375 0.16864013671875
0.0620956420898438 -0.0521697998046875 -0.0737762451171875 -0.18499755859375
-0.0205726623535156 -0.0670204162597656 -0.0320320129394531 -0.0104084014892578
-0.0623130798339844 -0.0163650512695313 0.09197998046875 -0.00824737548828125
-0.0442047119140625 0.0379753112792969 0.0962371826171875 -0.106842041015625
-0.002960205078125 0.0552330017089844 0.012969970703125 -0.151962280273437
0.0363655090332031 0.0387687683105469 -0.076171875 -0.153656005859375
0.0331401824951172 0.0191249847412109 -0.133857727050781 -0.0993576049804688
0.0238552093505859 0.0208454132080078 -0.116844177246094 -0.0685195922851563
0.0209007263183594 0.0233860015869141 -0.0999526977539062 -0.0496063232421875
0.00305747985839844 0.0247535705566406 -0.0825424194335938 -0.0496139526367188
-0.0207328796386719 0.0124015808105469 -0.0903396606445313 -0.046875
-0.0322837829589844 -0.0281047821044922 -0.105133056640625 -0.08245849609375
0.0109062194824219 -0.0565109252929688 -0.0859527587890625 -0.144638061523438
0.0655059814453125 -0.0459785461425781 -0.115615844726563 -0.185073852539062
0.097686767578125 -0.0192184448242188 -0.130477905273438 -0.199935913085937
0.112754821777344 0.032440185546875 -0.0471038818359375 -0.197555541992187
0.0455055236816406 -0.0224494934082031 -0.0225429534912109 -0.0176792144775391
0.0170993804931641 -0.0242042541503906 0.109962463378906 -0.00388336181640625
-0.000920772552490235 -0.00824165344238281 0.11468505859375 -0.108757019042969
0.00359821319580078 -0.00494098663330078 0.027923583984375 -0.162933349609375
0.00455236434936523 -0.00641155242919922 -0.075897216796875 -0.160690307617188
-0.0143766403198242 -0.0122880935668945 -0.135818481445312 -0.0998382568359375
-0.0167617797851563 -0.0185527801513672 -0.113059997558594 -0.0629806518554687
-0.0227394104003906 -0.0157356262207031 -0.099945068359375 -0.042022705078125
-0.0143489837646484 -0.0257511138916016 -0.0859603881835937 -0.0368804931640625
-0.000720977783203123 -0.0419654846191406 -0.0909652709960937 -0.033447265625
0.0260963439941406 -0.0606575012207031 -0.111137390136719 -0.0727767944335937
0.0870895385742188 -0.0281753540039062 -0.0940399169921875 -0.126136779785156
0.120101928710937 0.0130462646484375 -0.116744995117187 -0.16558837890625
0.137420654296875 0.0713577270507813 -0.11572265625 -0.18017578125
0.14190673828125 0.121063232421875 -0.00567626953124999 -0.180160522460937
0.104637145996094 0.0431289672851563 0.00149774551391602 -0.00761699676513672
0.108428955078125 -0.0143051147460938 0.13336181640625 0.0119400024414062
0.0588111877441406 -0.0521202087402344 0.139350891113281 -0.0983123779296875
0.0228309631347656 -0.0680160522460938 0.0514373779296875 -0.16033935546875
-0.021331787109375 -0.058074951171875 -0.0617828369140625 -0.155914306640625
-0.0582046508789063 -0.0461692810058594 -0.119781494140625 -0.0902862548828125
-0.0562744140625 -0.0565757751464844 -0.09307861328125 -0.0471267700195313
-0.0669898986816406 -0.0502700805664062 -0.083343505859375 -0.0216140747070313
-0.040008544921875 -0.0675926208496094 -0.077880859375 -0.00859069824218752
0.00105285644531249 -0.0933761596679688 -0.08642578125 -0.00559997558593751
0.0632095336914063 -0.099639892578125 -0.116485595703125 -0.0465240478515625
0.150344848632813 -0.02239990234375 -0.104377746582031 -0.0980148315429688
0.168502807617188 0.0496673583984375 -0.110267639160156 -0.136993408203125
0.165786743164063 0.141891479492188 -0.0897216796875 -0.135292053222656
0.142623901367188 0.195938110351563 0.0413131713867188 -0.128067016601563
0.140960693359375 0.116790771484375 0.0333995819091797 0.0230484008789063
0.191436767578125 0.01751708984375 0.152191162109375 0.04010009765625
0.125389099121094 -0.0780258178710937 0.160232543945313 -0.0699615478515625
0.0528182983398438 -0.121734619140625 0.0779266357421875 -0.137504577636719
-0.0361175537109375 -0.106460571289063 -0.0369796752929688 -0.134620666503906
-0.089385986328125 -0.0771331787109375 -0.088043212890625 -0.0698394775390625
-0.0872344970703125 -0.086395263671875 -0.05908203125 -0.0235366821289063
-0.1046142578125 -0.0741806030273437 -0.0519027709960938 0.00497436523437499
-0.0670318603515625 -0.0962371826171875 -0.0559463500976563 0.0265579223632812
-0.00867462158203125 -0.132965087890625 -0.07061767578125 0.02813720703125
0.0781402587890625 -0.134635925292969 -0.112472534179688 -0.0129928588867188
0.191299438476563 -0.02911376953125 -0.107986450195312 -0.0662765502929688
0.199066162109375 0.0680084228515625 -0.0896682739257812 -0.106979370117188
0.17462158203125 0.186111450195313 -0.0544891357421875 -0.0746002197265625
0.114822387695312 0.236709594726562 0.0840301513671875 -0.0495071411132812
0.142684936523438 0.17706298828125 0.0645942687988281 0.06927490234375
0.237564086914063 0.06219482421875 0.1568603515625 0.0748748779296875
0.175521850585938 -0.0775146484375 0.165664672851563 -0.0280609130859375
0.08331298828125 -0.1495361328125 0.0966262817382812 -0.0947418212890625
-0.039093017578125 -0.139076232910156 -0.00777435302734376 -0.0961532592773438
-0.104812622070313 -0.0962753295898437 -0.04644775390625 -0.0408859252929688
-0.103973388671875 -0.1026611328125 -0.0176506042480469 0.00272560119628906
-0.127098083496094 -0.0865554809570313 -0.0106048583984375 0.0330066680908203
-0.0871200561523437 -0.109512329101563 -0.0238761901855469 0.0610847473144531
-0.0208282470703125 -0.1539306640625 -0.0470771789550781 0.0598678588867187
0.0798797607421875 -0.152023315429688 -0.099212646484375 0.0194091796875
0.206588745117188 -0.031646728515625 -0.102256774902344 -0.037506103515625
0.2030029296875 0.0807647705078125 -0.060302734375 -0.0798263549804688
0.159744262695313 0.206954956054688 -0.0134973526000976 -0.0092792510986328
0.0682525634765625 0.232437133789062 0.114143371582031 0.038665771484375
0.109909057617187 0.201278686523438 0.0879745483398437 0.119972229003906
0.229293823242188 0.100357055664063 0.143783569335938 0.104721069335938
0.1878662109375 -0.0555419921875 0.154052734375 0.0184326171875
0.0986785888671875 -0.143783569335938 0.101982116699219 -0.043212890625
-0.03253173828125 -0.144775390625 0.0196723937988281 -0.0483512878417969
-0.102890014648437 -0.098907470703125 -0.000291347503662116 -0.00778293609619141
-0.105865478515625 -0.102851867675781 0.0260696411132812 0.0277137756347656
-0.131668090820313 -0.087371826171875 0.0347137451171875 0.0573921203613281
-0.0928192138671875 -0.108917236328125 0.0128555297851562 0.0922470092773438
-0.0252838134765625 -0.156082153320313 -0.0220870971679687 0.0873794555664062
0.0780181884765625 -0.148208618164063 -0.0829696655273437 0.046905517578125
0.200424194335938 -0.0208282470703125 -0.0931625366210937 -0.0142440795898437
0.18115234375 0.09442138671875 -0.0264816284179688 -0.0568351745605469
0.1207275390625 0.204986572265625 0.0242538452148438 0.0554313659667969
0.01226806640625 0.183090209960938 0.132026672363281 0.117149353027344
0.0578155517578125 0.179824829101563 0.102279663085937 0.161956787109375
0.172958374023438 0.1107177734375 0.120773315429688 0.123397827148438
0.157730102539063 -0.0265655517578125 0.131416320800781 0.0546646118164062
0.0894699096679688 -0.112838745117188 0.0951614379882813 0.00326538085937499
-0.0243148803710938 -0.124336242675781 0.0422019958496094 -0.00254058837890626
-0.0871810913085937 -0.0848617553710938 0.0433540344238281 0.0222969055175781
-0.0920181274414063 -0.0883712768554687 0.0668678283691406 0.047821044921875
-0.116622924804688 -0.0775146484375 0.0767593383789062 0.0779190063476563
-0.0831298828125 -0.09619140625 0.0447463989257813 0.117958068847656
-0.0218734741210938 -0.139808654785156 -0.00270080566406249 0.110588073730469
0.0751190185546875 -0.12628173828125 -0.0699691772460938 0.069671630859375
0.176467895507813 -4.57763671875E-05 -0.0858688354492187 0.00173187255859376
0.137779235839844 0.105644226074219 0.00178718566894532 -0.0334262847900391
0.0637054443359375 0.181838989257813 0.049957275390625 0.114501953125
-0.04388427734375 0.100967407226563 0.135177612304688 0.168243408203125
0.000930786132812503 0.120376586914062 0.108489990234375 0.183914184570313
0.0909957885742188 0.0902633666992188 0.09881591796875 0.126983642578125
0.0971908569335938 -0.00262451171875 0.111061096191406 0.0759506225585938
0.0599708557128906 -0.0656814575195313 0.0870437622070313 0.03326416015625
-0.01434326171875 -0.0813217163085937 0.0600013732910156 0.0289192199707031
-0.0581474304199219 -0.056488037109375 0.0772018432617188 0.0425949096679688
-0.0642471313476563 -0.0599174499511719 0.0971832275390625 0.0608139038085937
-0.0837249755859375 -0.0578689575195312 0.110084533691406 0.0934371948242188
-0.0613479614257812 -0.0730438232421875 0.068939208984375 0.139640808105469
-0.0122833251953125 -0.106719970703125 0.00742340087890624 0.131889343261719
0.0647354125976563 -0.089813232421875 -0.065032958984375 0.0887374877929687
0.133064270019531 0.02191162109375 -0.0848770141601562 0.0127334594726563
0.07879638671875 0.105674743652344 0.0184478759765625 -0.0105323791503906
-0.00247192382812499 0.134269714355469 0.0564117431640625 0.163131713867188
0.0588912963867188 -0.0520095825195312 -0.0746002197265625 -0.181198120117188
-0.02081298828125 -0.0655517578125 -0.0314064025878906 -0.00862121582031251
-0.0610885620117188 -0.0153617858886719 0.09210205078125 -0.00862884521484375
-0.0427055358886719 0.0387802124023438 0.0951919555664062 -0.107040405273438
-0.00097274780273437 0.0548439025878906 0.01275634765625 -0.151504516601562
0.0376129150390625 0.03558349609375 -0.077880859375 -0.152496337890625
0.0320701599121094 0.0168228149414063 -0.134811401367188 -0.0973587036132813
0.02410888671875 0.0198822021484375 -0.117958068847656 -0.065948486328125
0.0211429595947266 0.0224628448486328 -0.101318359375 -0.0475540161132813
0.00346565246582031 0.0230579376220703 -0.0837249755859375 -0.0487213134765625
-0.0192165374755859 0.0115547180175781 -0.0910797119140625 -0.0458755493164063
-0.0323638916015625 -0.0265960693359375 -0.105552673339844 -0.0806045532226563
0.0105667114257812 -0.0547027587890625 -0.0862274169921875 -0.143356323242188
0.0644950866699219 -0.045318603515625 -0.115310668945312 -0.182174682617188
0.0964736938476563 -0.0204086303710938 -0.130966186523437 -0.197097778320313
0.110885620117188 0.031219482421875 -0.0490570068359375 -0.19329833984375
0.0454978942871094 -0.021636962890625 -0.0221576690673828 -0.0152988433837891
0.0177402496337891 -0.0239925384521484 0.109725952148437 -0.0043182373046875
-0.000870227813720703 -0.00802946090698242 0.113876342773438 -0.108718872070313
0.00509214401245117 -0.00469207763671875 0.0278472900390625 -0.160934448242188
0.00557422637939453 -0.00779008865356445 -0.0765838623046875 -0.159683227539063
-0.015019416809082 -0.0131988525390625 -0.136505126953125 -0.09698486328125
-0.0178451538085938 -0.0194015502929688 -0.114044189453125 -0.0607223510742188
-0.0229644775390625 -0.0156345367431641 -0.100822448730469 -0.0396041870117188
-0.0140953063964844 -0.0261192321777344 -0.0865478515625 -0.0357742309570313
0.000148773193359376 -0.0425186157226563 -0.09161376953125 -0.0322799682617187
0.0257110595703125 -0.0600242614746094 -0.112228393554688 -0.070281982421875
0.0865249633789063 -0.0275497436523437 -0.094451904296875 -0.125335693359375
0.119026184082031 0.0136489868164063 -0.117202758789063 -0.163421630859375
0.136894226074219 0.0696029663085937 -0.115737915039063 -0.177230834960938
0.141265869140625 0.11871337890625 -0.00895690917968749 -0.176223754882813
0.105209350585938 0.0426254272460938 0.000910758972167975 -0.00500679016113281
0.108299255371094 -0.0155792236328125 0.131782531738281 0.0100250244140625
0.0587348937988281 -0.0517845153808594 0.13739013671875 -0.0983352661132813
0.0221328735351562 -0.0678901672363281 0.050689697265625 -0.159210205078125
-0.0210380554199219 -0.0577163696289062 -0.062469482421875 -0.154464721679688
-0.058258056640625 -0.0460662841796875 -0.119873046875 -0.08746337890625
-0.0573043823242188 -0.0560150146484375 -0.0936355590820313 -0.0456924438476563
-0.0668907165527344 -0.0487518310546875 -0.0838165283203125 -0.01983642578125
-0.0397605895996094 -0.06719970703125 -0.0781326293945313 -0.00764465332031251
0.00142669677734374 -0.0928497314453125 -0.0865631103515625 -0.00439453125
0.0617904663085938 -0.0995101928710937 -0.1181640625 -0.0448760986328125
0.149703979492188 -0.0225982666015625 -0.10430908203125 -0.0971908569335938
0.167800903320313 0.0488433837890625 -0.110939025878906 -0.135009765625
0.166519165039063 0.139633178710938 -0.0905075073242187 -0.132865905761719
0.142440795898438 0.192977905273438 0.037872314453125 -0.125144958496094
0.142059326171875 0.116424560546875 0.0316276550292969 0.0250663757324219
0.191299438476563 0.01458740234375 0.150283813476563 0.038726806640625
0.12359619140625 -0.0783538818359375 0.158233642578125 -0.0702362060546875
0.0511932373046875 -0.121665954589844 0.0774459838867188 -0.136489868164063
-0.0366897583007813 -0.105148315429688 -0.03759765625 -0.132850646972656
-0.0896835327148438 -0.0755844116210938 -0.0886688232421875 -0.0675582885742188
-0.0884323120117187 -0.0854415893554688 -0.0592803955078125 -0.0228309631347656
-0.104721069335937 -0.0719680786132812 -0.0516586303710938 0.00589370727539063
-0.0671539306640625 -0.0943374633789063 -0.0553779602050781 0.0272140502929687
-0.00907897949218751 -0.131256103515625 -0.0709762573242188 0.0293197631835937
0.0760421752929688 -0.134361267089844 -0.1141357421875 -0.0115432739257813
0.190628051757813 -0.0313720703125 -0.108184814453125 -0.065277099609375
0.198043823242188 0.067047119140625 -0.0914688110351562 -0.105751037597656
0.176193237304688 0.1842041015625 -0.0550689697265625 -0.0740585327148437
0.1156005859375 0.233413696289063 0.0805587768554688 -0.0478057861328125
0.143798828125 0.175643920898437 0.0621719360351563 0.0706787109375
0.237106323242188 0.0582733154296875 0.15423583984375 0.0717926025390625
0.173736572265625 -0.0790557861328125 0.164718627929688 -0.02777099609375
0.080780029296875 -0.14959716796875 0.09527587890625 -0.0945281982421875
-0.0387649536132813 -0.136375427246094 -0.0077972412109375 -0.094390869140625
-0.104843139648437 -0.0942230224609375 -0.0458450317382812 -0.0389404296875
-0.106101989746094 -0.100730895996094 -0.0171298980712891 0.00245571136474609
-0.127365112304688 -0.08319091796875 -0.00939369201660157 0.0333175659179687
-0.0873489379882813 -0.106658935546875 -0.0226554870605469 0.0615921020507812
-0.0223236083984375 -0.152023315429687 -0.0472908020019531 0.060302734375
0.07696533203125 -0.151687622070313 -0.100433349609375 0.0204086303710937
0.205764770507813 -0.0340576171875 -0.102195739746094 -0.0368881225585938
0.2020263671875 0.0787811279296875 -0.0614013671875 -0.0796432495117187
0.162155151367188 0.20428466796875 -0.0134305953979492 -0.00934600830078124
0.0689849853515625 0.229415893554688 0.111228942871094 0.0397262573242188
0.112075805664062 0.199310302734375 0.085357666015625 0.120323181152344
0.228775024414063 0.095855712890625 0.141525268554688 0.102767944335938
0.186233520507812 -0.0568389892578125 0.152816772460938 0.016998291015625
0.095977783203125 -0.144515991210938 0.100311279296875 -0.0434341430664063
-0.033905029296875 -0.142257690429688 0.0202178955078125 -0.0463943481445313
-0.103439331054687 -0.0962142944335938 9.8228454589837E-05 -0.00650835037231446
-0.107398986816406 -0.100914001464844 0.0268936157226562 0.0273857116699219
-0.131546020507813 -0.08367919921875 0.0357017517089844 0.0563011169433594
-0.09259033203125 -0.105964660644531 0.0141372680664062 0.09197998046875
-0.0279388427734375 -0.153594970703125 -0.02166748046875 0.08740234375
0.0751953125 -0.147964477539063 -0.083465576171875 0.0477447509765625
0.199295043945312 -0.0236663818359375 -0.0927505493164062 -0.0141067504882812
0.180999755859375 0.0923614501953125 -0.0279579162597656 -0.0571365356445312
0.123275756835937 0.202194213867187 0.0242195129394531 0.0535697937011719
0.0142974853515625 0.181350708007813 0.129234313964844 0.116584777832031
0.0592041015625 0.177825927734375 0.100250244140625 0.161727905273438
0.172836303710937 0.106964111328125 0.118492126464844 0.121353149414063
0.156219482421875 -0.0284576416015625 0.130447387695313 0.0543670654296875
0.086517333984375 -0.112823486328125 0.0947113037109375 0.00231170654296874
-0.0254898071289062 -0.122245788574219 0.0429954528808594 -0.00171661376953126
-0.087554931640625 -0.0824661254882813 0.0438957214355469 0.0217323303222656
-0.0927505493164063 -0.0865249633789062 0.0674514770507813 0.045562744140625
-0.116561889648438 -0.0738143920898437 0.07781982421875 0.0760726928710938
-0.083526611328125 -0.0934219360351563 0.0465545654296875 0.1168212890625
-0.0237350463867187 -0.137168884277344 -0.00225067138671875 0.110099792480469
0.0718231201171875 -0.126762390136719 -0.0701522827148437 0.0700759887695313
0.17547607421875 -0.0033721923828125 -0.0852508544921875 0.00207519531249998
0.138450622558594 0.103843688964844 -7.82012939453075E-05 -0.0345954895019531
0.0668182373046875 0.1793212890625 0.0503311157226563 0.111602783203125
-0.0424346923828125 0.100166320800781 0.13336181640625 0.167129516601563
0.00229644775390625 0.11895751953125 0.107559204101562 0.182235717773437
0.0911331176757813 0.0870742797851563 0.097076416015625 0.126296997070312
0.0955581665039063 -0.00350189208984375 0.109916687011719 0.0755996704101563
0.0580596923828125 -0.065521240234375 0.0875015258789063 0.0323410034179687
-0.0153656005859375 -0.079803466796875 0.0609474182128906 0.0296401977539062
-0.0579490661621094 -0.0545845031738281 0.0783462524414063 0.0418701171875
-0.0650367736816406 -0.0582771301269531 0.0983657836914063 0.05810546875
-0.084136962890625 -0.0552291870117188 0.110877990722656 0.09063720703125
-0.0614547729492188 -0.0705947875976562 0.07122802734375 0.137588500976563
-0.014007568359375 -0.105117797851563 0.00778198242187499 0.13055419921875
0.0615768432617188 -0.0904693603515625 -0.0646438598632813 0.088409423828125
0.13287353515625 0.01849365234375 -0.0843429565429688 0.01300048828125
0.079986572265625 0.104454040527344 0.0171279907226563 -0.0125274658203125
-0.000610351562499988 0.13323974609375 0.056884765625 0.1597900390625
0.0583381652832031 -0.0513877868652344 -0.074981689453125 -0.182830810546875
-0.0206146240234375 -0.0664100646972656 -0.0313892364501953 -0.00798797607421876
-0.0613899230957031 -0.0157890319824219 0.0935287475585938 -0.00725555419921875
-0.0422935485839844 0.0401077270507813 0.0980758666992187 -0.107406616210937
-0.00031280517578125 0.0546379089355469 0.0147552490234375 -0.15399169921875
0.0379524230957031 0.0345306396484375 -0.0792999267578125 -0.156402587890625
0.0311260223388672 0.0159988403320313 -0.137886047363281 -0.099090576171875
0.0232715606689453 0.0189838409423828 -0.121269226074219 -0.066925048828125
0.0206623077392578 0.0218601226806641 -0.103691101074219 -0.0471343994140625
0.00394439697265625 0.0224895477294922 -0.0857162475585938 -0.0501861572265625
-0.0188884735107422 0.0106945037841797 -0.0928192138671875 -0.0476150512695312
-0.0318698883056641 -0.0261669158935547 -0.107208251953125 -0.0823287963867188
0.0108489990234375 -0.0543365478515625 -0.08697509765625 -0.146774291992188
0.0656661987304688 -0.04534912109375 -0.115158081054688 -0.1851806640625
0.0976486206054688 -0.020721435546875 -0.129653930664063 -0.200790405273437
0.110595703125 0.0327377319335938 -0.0499267578125 -0.194000244140625
0.0463027954101563 -0.0207557678222656 -0.0226707458496094 -0.0139350891113281
0.0187339782714844 -0.0243396759033203 0.111137390136719 -0.0037384033203125
0.000755786895751954 -0.00721549987792969 0.117095947265625 -0.109649658203125
0.00588417053222656 -0.00501251220703125 0.0302734375 -0.163803100585938
0.00582218170166016 -0.00929069519042969 -0.0772857666015625 -0.163162231445312
-0.015406608581543 -0.0144710540771484 -0.138832092285156 -0.0982284545898438
-0.0188884735107422 -0.0205230712890625 -0.116851806640625 -0.0616226196289063
-0.0231704711914062 -0.01654052734375 -0.103347778320312 -0.0395126342773437
-0.0135650634765625 -0.0273780822753906 -0.088623046875 -0.0363311767578125
0.000888824462890625 -0.0438575744628906 -0.0938491821289063 -0.033660888671875
0.0267219543457031 -0.0596084594726562 -0.114997863769531 -0.0714340209960938
0.0886611938476563 -0.025909423828125 -0.0950851440429688 -0.128005981445313
0.12054443359375 0.0150833129882813 -0.11773681640625 -0.166168212890625
0.138427734375 0.0717391967773438 -0.116470336914062 -0.18115234375
0.141357421875 0.121337890625 -0.00968933105468748 -0.17523193359375
0.107048034667969 0.0451126098632812 -0.000326633453369134 -0.00310683250427246
0.110702514648438 -0.0161056518554688 0.132766723632813 0.0111312866210937
0.0597076416015625 -0.0517997741699219 0.14105224609375 -0.09918212890625
0.0230293273925781 -0.068939208984375 0.0541229248046875 -0.16094970703125
-0.0208091735839844 -0.0595741271972656 -0.0618743896484375 -0.15740966796875
-0.059417724609375 -0.0472335815429688 -0.122276306152344 -0.0884170532226563
-0.0595436096191406 -0.0579872131347656 -0.0958938598632813 -0.0468063354492188
-0.0677947998046875 -0.0501518249511719 -0.0855484008789063 -0.0198135375976563
-0.0395774841308594 -0.0683364868164063 -0.0801849365234375 -0.00760650634765624
0.00279998779296876 -0.0948486328125 -0.0890960693359375 -0.00496673583984375
0.0633087158203125 -0.100532531738281 -0.121795654296875 -0.0454330444335937
0.153305053710938 -0.0219573974609375 -0.106239318847656 -0.100387573242188
0.169723510742187 0.0517730712890625 -0.112258911132812 -0.137641906738281
0.168655395507813 0.142807006835938 -0.0908660888671875 -0.135711669921875
0.142013549804688 0.196365356445313 0.0370407104492188 -0.1239013671875
0.144027709960938 0.119842529296875 0.0305099487304688 0.0280818939208984
0.194793701171875 0.0140228271484375 0.150726318359375 0.038665771484375
0.126609802246094 -0.0787582397460937 0.161895751953125 -0.0705413818359375
0.0523834228515625 -0.123542785644531 0.0800552368164062 -0.137413024902344
-0.0357742309570313 -0.107048034667969 -0.0362777709960938 -0.134239196777344
-0.0909271240234375 -0.076751708984375 -0.0893020629882812 -0.067657470703125
-0.09124755859375 -0.0871734619140625 -0.0609817504882813 -0.0235328674316406
-0.106292724609375 -0.07275390625 -0.0522422790527344 0.00610351562499999
-0.0674667358398438 -0.0956878662109375 -0.0560684204101563 0.0279808044433594
-0.00916290283203124 -0.133705139160156 -0.0730056762695313 0.02996826171875
0.077178955078125 -0.136192321777344 -0.118492126464844 -0.0116424560546875
0.195175170898438 -0.031036376953125 -0.109809875488281 -0.0680770874023438
0.20062255859375 0.0700531005859375 -0.0936050415039062 -0.1080322265625
0.1800537109375 0.188201904296875 -0.0557098388671875 -0.0755157470703125
0.115005493164063 0.237518310546875 0.0795059204101563 -0.0452804565429687
0.146514892578125 0.180038452148438 0.061187744140625 0.0742645263671875
0.241302490234375 0.058868408203125 0.153762817382813 0.0736083984375
0.17572021484375 -0.0792388916015625 0.1673583984375 -0.0277099609375
0.0823211669921875 -0.151931762695313 0.0981826782226562 -0.0947265625
-0.0385055541992188 -0.138595581054688 -0.00643157958984376 -0.0945053100585938
-0.105781555175781 -0.095458984375 -0.0462493896484375 -0.0390663146972656
-0.109138488769531 -0.103378295898437 -0.0171871185302734 0.00232887268066405
-0.129745483398438 -0.0837554931640625 -0.00881576538085939 0.0330219268798828
-0.087249755859375 -0.108207702636719 -0.0226936340332031 0.0635604858398438
-0.0223846435546875 -0.1536865234375 -0.0488395690917969 0.0612373352050781
0.0785064697265625 -0.1541748046875 -0.104682922363281 0.0209732055664062
0.210540771484375 -0.0346527099609375 -0.104515075683594 -0.03851318359375
0.205276489257813 0.08154296875 -0.0628280639648438 -0.081451416015625
0.16522216796875 0.2081298828125 -0.0141220092773437 -0.00980281829833983
0.0686187744140625 0.232696533203125 0.110267639160156 0.0431594848632813
0.113632202148438 0.203338623046875 0.083709716796875 0.125480651855469
0.23260498046875 0.096771240234375 0.14093017578125 0.106094360351563
0.187774658203125 -0.0568389892578125 0.155441284179688 0.019561767578125
0.097869873046875 -0.146209716796875 0.102394104003906 -0.0426101684570313
-0.03314208984375 -0.14447021484375 0.0219230651855469 -0.0453567504882813
-0.10418701171875 -0.0977096557617188 0.00117731094360351 -0.00592851638793946
-0.109664916992188 -0.102981567382813 0.0281753540039062 0.0260200500488281
-0.133621215820312 -0.0835952758789063 0.0369796752929687 0.0572319030761719
-0.0934677124023437 -0.107276916503906 0.0148468017578125 0.0936508178710937
-0.0281829833984375 -0.154190063476563 -0.0235443115234375 0.0883331298828125
0.0760650634765625 -0.150375366210938 -0.0875167846679688 0.048797607421875
0.203445434570313 -0.024871826171875 -0.0951309204101562 -0.0156784057617187
0.183425903320312 0.0948944091796875 -0.0292282104492187 -0.0585594177246094
0.125518798828125 0.206680297851563 0.0242538452148438 0.053436279296875
0.0128936767578125 0.183303833007812 0.127647399902344 0.120925903320313
0.0599212646484375 0.180587768554687 0.09869384765625 0.166259765625
0.17578125 0.1077880859375 0.117561340332031 0.124443054199219
0.157394409179688 -0.0274505615234375 0.13128662109375 0.0568313598632813
0.0877456665039062 -0.114631652832031 0.09625244140625 0.00344085693359374
-0.0248794555664062 -0.123947143554687 0.0448989868164063 0.000186920166015617
-0.0884246826171875 -0.0826263427734375 0.0458259582519531 0.0225982666015625
-0.0949249267578125 -0.0883712768554688 0.0691375732421875 0.0454750061035156
-0.11834716796875 -0.073822021484375 0.0801239013671875 0.0764083862304688
-0.084075927734375 -0.0938644409179687 0.0485000610351562 0.119209289550781
-0.0241546630859375 -0.13818359375 -0.003326416015625 0.111717224121094
0.071380615234375 -0.127937316894531 -0.0738906860351562 0.0708694458007812
0.1785888671875 -0.0042266845703125 -0.0871124267578125 0.00131988525390627
0.140670776367188 0.106170654296875 -0.000679016113281241 -0.0366668701171875
0.067901611328125 0.182083129882812 0.049957275390625 0.111793518066406
-0.0430145263671875 0.100990295410156 0.132476806640625 0.17138671875
0.0015869140625 0.120857238769531 0.1058349609375 0.186569213867188
0.091796875 0.0873794555664063 0.0959854125976563 0.130516052246094
0.0963363647460938 -0.0032501220703125 0.110923767089844 0.0776824951171875
0.0590705871582031 -0.0660972595214844 0.087249755859375 0.03369140625
-0.0148544311523437 -0.0811233520507813 0.0628204345703125 0.031951904296875
-0.0587615966796875 -0.0546493530273437 0.0809173583984375 0.0423202514648438
-0.0663833618164063 -0.0589485168457031 0.100502014160156 0.0584945678710937
-0.0857009887695312 -0.0543136596679688 0.113693237304688 0.0907058715820312
-0.0613250732421875 -0.0710372924804687 0.0737457275390625 0.139190673828125
-0.0144424438476563 -0.104896545410156 0.00672149658203126 0.132339477539062
0.06146240234375 -0.0913314819335937 -0.0673294067382813 0.0892105102539063
0.135124206542969 0.0182113647460938 -0.0856399536132812 0.011688232421875
0.0816574096679687 0.105331420898437 0.0160846710205078 -0.0145177841186523
-0.000228881835937512 0.134696960449219 0.0564422607421875 0.159957885742188
0.0590858459472656 -0.0520973205566406 -0.0783843994140625 -0.188568115234375
-0.0221824645996094 -0.0684585571289063 -0.0328502655029297 -0.00694847106933593
-0.0629463195800781 -0.0160293579101563 0.09747314453125 -0.00699615478515625
-0.0425796508789062 0.0425376892089844 0.103012084960938 -0.112266540527344
0.00149154663085938 0.05670166015625 0.0165557861328125 -0.160995483398438
0.0390777587890625 0.0341148376464844 -0.083465576171875 -0.163726806640625
0.0317497253417969 0.0154304504394531 -0.145248413085937 -0.102203369140625
0.0233650207519531 0.0198040008544922 -0.128219604492188 -0.0687637329101563
0.0211639404296875 0.0220870971679687 -0.109306335449219 -0.04827880859375
0.00469207763671875 0.0213222503662109 -0.090057373046875 -0.0521316528320313
-0.0189266204833984 0.0107765197753906 -0.0973968505859375 -0.0490951538085937
-0.0327129364013672 -0.0254688262939453 -0.1129150390625 -0.08538818359375
0.011688232421875 -0.054840087890625 -0.0900421142578125 -0.15301513671875
0.0684051513671875 -0.0470085144042969 -0.119125366210938 -0.192337036132813
0.100082397460937 -0.0224761962890625 -0.13470458984375 -0.209671020507812
0.113922119140625 0.0356216430664063 -0.052734375 -0.199630737304687
0.0483894348144531 -0.0209846496582031 -0.0245990753173828 -0.012451171875
0.01953125 -0.0254669189453125 0.115203857421875 -0.0035858154296875
0.00165796279907227 -0.00746774673461914 0.122245788574219 -0.114608764648438
0.00664472579956055 -0.00559663772583008 0.03204345703125 -0.17095947265625
0.00598335266113281 -0.0110740661621094 -0.080657958984375 -0.170074462890625
-0.0171051025390625 -0.0159063339233398 -0.145828247070312 -0.100967407226563
-0.0213108062744141 -0.0221500396728516 -0.124229431152344 -0.0629501342773438
-0.0246124267578125 -0.0178565979003906 -0.108482360839844 -0.0398635864257812
-0.0139293670654297 -0.0294876098632813 -0.0934524536132812 -0.0381393432617188
0.00183486938476562 -0.0462188720703125 -0.0982666015625 -0.0343475341796875
0.0285797119140625 -0.0619163513183594 -0.12139892578125 -0.0734176635742188
0.0928497314453125 -0.0263748168945313 -0.099212646484375 -0.133636474609375
0.125755310058594 0.0163650512695313 -0.122360229492187 -0.172760009765625
0.14349365234375 0.07440185546875 -0.1201171875 -0.188507080078125
0.145965576171875 0.12713623046875 -0.011627197265625 -0.179794311523438
0.112228393554688 0.0481948852539063 -0.00157892704010009 -0.000964403152465817
0.115936279296875 -0.0180892944335938 0.137535095214844 0.0119857788085937
0.0625648498535156 -0.0537071228027344 0.147048950195313 -0.102981567382813
0.0245132446289062 -0.0723114013671875 0.056976318359375 -0.168380737304688
-0.0214042663574219 -0.0628089904785156 -0.0644073486328125 -0.164215087890625
-0.0623779296875 -0.0495033264160156 -0.128013610839844 -0.0903854370117188
-0.0640525817871094 -0.0608139038085937 -0.101272583007813 -0.0477523803710938
-0.071746826171875 -0.0515060424804688 -0.0900421142578125 -0.0202789306640625
-0.0409927368164063 -0.0725860595703125 -0.0838165283203125 -0.00738525390625
0.00339508056640625 -0.09918212890625 -0.093719482421875 -0.00440216064453127
0.0662384033203125 -0.105003356933594 -0.128837585449219 -0.0457763671875
0.161148071289063 -0.023040771484375 -0.111351013183594 -0.105064392089844
0.177230834960938 0.0545654296875 -0.1171875 -0.14263916015625
0.176071166992188 0.149063110351563 -0.095123291015625 -0.1414794921875
0.148590087890625 0.205612182617188 0.0359420776367188 -0.126472473144531
0.151107788085938 0.12567138671875 0.0302104949951172 0.0310764312744141
0.20343017578125 0.013702392578125 0.154937744140625 0.040557861328125
0.131134033203125 -0.082244873046875 0.1683349609375 -0.073028564453125
0.05401611328125 -0.1292724609375 0.0846710205078125 -0.143356323242188
-0.037506103515625 -0.112213134765625 -0.03717041015625 -0.139617919921875
-0.0957260131835938 -0.080047607421875 -0.0940170288085938 -0.0695114135742188
-0.0976486206054688 -0.0911636352539063 -0.0640373229980469 -0.0245132446289063
-0.111564636230469 -0.0745162963867188 -0.0548744201660156 0.00658798217773438
-0.0703125 -0.0995712280273438 -0.0589866638183594 0.0296287536621094
-0.00969696044921876 -0.138893127441406 -0.0771255493164062 0.031097412109375
0.07989501953125 -0.142410278320313 -0.126296997070313 -0.0105438232421875
0.204483032226563 -0.034210205078125 -0.115608215332031 -0.0717086791992188
0.20928955078125 0.07293701171875 -0.0982513427734375 -0.112007141113281
0.188308715820313 0.196563720703125 -0.05828857421875 -0.078857421875
0.119598388671875 0.248001098632813 0.0799331665039063 -0.0446395874023437
0.152847290039063 0.188400268554687 0.0615615844726563 0.0799407958984375
0.251998901367187 0.0591888427734375 0.158432006835938 0.076385498046875
0.18316650390625 -0.083282470703125 0.174331665039063 -0.028350830078125
0.084930419921875 -0.15936279296875 0.103034973144531 -0.0984954833984375
-0.0405731201171875 -0.14410400390625 -0.00584411621093751 -0.0977935791015625
-0.11083984375 -0.0983657836914063 -0.0475921630859375 -0.0396881103515625
-0.115928649902344 -0.107124328613281 -0.0180587768554688 0.00152397155761718
-0.1348876953125 -0.0854721069335938 -0.00890922546386719 0.0341358184814453
-0.0912017822265625 -0.111351013183594 -0.0227851867675781 0.0658302307128906
-0.0240631103515625 -0.159072875976563 -0.0521430969238281 0.0641746520996094
0.0798187255859375 -0.161285400390625 -0.111907958984375 0.0232925415039062
0.220382690429687 -0.0384368896484375 -0.109474182128906 -0.0413589477539062
0.215072631835937 0.0849151611328125 -0.0667953491210938 -0.0857162475585937
0.174148559570313 0.216567993164063 -0.0143194198608398 -0.011566162109375
0.0713348388671875 0.242568969726562 0.112457275390625 0.0474166870117188
0.119720458984375 0.212570190429688 0.0862579345703125 0.132125854492188
0.242828369140625 0.0974273681640625 0.144699096679688 0.109970092773437
0.195587158203125 -0.0599517822265625 0.160964965820313 0.0205230712890625
0.100494384765625 -0.153656005859375 0.107261657714844 -0.0438079833984375
-0.03460693359375 -0.150466918945312 0.0241584777832031 -0.046630859375
-0.109001159667969 -0.100700378417969 0.0018925666809082 -0.00575399398803712
-0.116806030273438 -0.107147216796875 0.0295181274414062 0.0272541046142578
-0.139999389648437 -0.0857009887695313 0.0400543212890625 0.0584602355957031
-0.0978469848632813 -0.109779357910156 0.0167083740234375 0.0975341796875
-0.0298004150390625 -0.159530639648438 -0.02557373046875 0.0927047729492188
0.07763671875 -0.1566162109375 -0.0937652587890625 0.0511550903320312
0.212738037109375 -0.0286407470703125 -0.0994873046875 -0.0175857543945313
0.19244384765625 0.098114013671875 -0.0314865112304688 -0.0621147155761719
0.13360595703125 0.214706420898438 0.0247764587402344 0.0551681518554688
0.01336669921875 0.190872192382812 0.130699157714844 0.127517700195313
0.063323974609375 0.18829345703125 0.100906372070313 0.174270629882813
0.18328857421875 0.1099853515625 0.121131896972656 0.130050659179688
0.16314697265625 -0.02899169921875 0.136947631835938 0.0595321655273438
0.0908126831054688 -0.120216369628906 0.10015869140625 0.00430297851562499
-0.0266494750976563 -0.127952575683594 0.0480117797851562 0.00177764892578124
-0.0918960571289063 -0.0857315063476562 0.0485954284667969 0.0239410400390625
-0.100997924804687 -0.090789794921875 0.0723953247070313 0.0459442138671875
-0.123580932617187 -0.074951171875 0.0847549438476562 0.0780792236328125
-0.0874252319335937 -0.0964431762695313 0.0519866943359375 0.123588562011719
-0.026275634765625 -0.141815185546875 -0.00479125976562499 0.116386413574219
0.0726699829101562 -0.133598327636719 -0.07830810546875 0.0744094848632812
0.186065673828125 -0.00714111328125 -0.0907669067382812 0.000160217285156242
0.147354125976563 0.108917236328125 -0.00226593017578124 -0.0396652221679687
0.0728607177734375 0.18914794921875 0.051177978515625 0.114669799804688
-0.045867919921875 0.105056762695313 0.1353759765625 0.179306030273438
0.00267028808593751 0.125274658203125 0.109344482421875 0.195755004882813
0.0961761474609375 0.089874267578125 0.098663330078125 0.137428283691406
0.0997772216796875 -0.0035247802734375 0.115470886230469 0.08251953125
0.0595512390136719 -0.0694541931152344 0.09136962890625 0.0359725952148437
-0.016998291015625 -0.0838851928710938 0.0668601989746094 0.0340652465820312
-0.06158447265625 -0.0552482604980469 0.0853729248046875 0.0434112548828125
-0.070159912109375 -0.0602302551269531 0.105453491210938 0.0592498779296875
-0.0893402099609375 -0.0551605224609375 0.119377136230469 0.09307861328125
-0.0643234252929688 -0.07196044921875 0.0777740478515625 0.145538330078125
-0.0158462524414063 -0.107879638671875 0.00598144531249999 0.138282775878906
0.0625228881835938 -0.0948104858398438 -0.0712356567382813 0.0931015014648438
0.1407470703125 0.0164947509765625 -0.0894317626953125 0.0121994018554688
0.0860595703125 0.108505249023438 0.0154075622558594 -0.0174045562744141
0.000892639160156257 0.138877868652344 0.0579833984375 0.164764404296875
0.0599517822265625 -0.0545806884765625 -0.08697509765625 -0.19451904296875
-0.0257186889648438 -0.070953369140625 -0.0348224639892578 -0.00448226928710938
-0.06671142578125 -0.0153465270996094 0.10272216796875 -0.00904083251953125
-0.0421638488769531 0.04571533203125 0.105094909667969 -0.120536804199219
0.00398635864257812 0.0584602355957031 0.0142822265625 -0.170303344726562
0.0414657592773438 0.0332374572753906 -0.0926971435546875 -0.170562744140625
0.032440185546875 0.0142364501953125 -0.156829833984375 -0.102508544921875
0.0243244171142578 0.0193443298339844 -0.138465881347656 -0.0669708251953125
0.0218486785888672 0.0215873718261719 -0.117332458496094 -0.0462188720703125
0.00534439086914062 0.0217418670654297 -0.0976486206054688 -0.0530776977539063
-0.0187282562255859 0.0105438232421875 -0.104660034179688 -0.0496597290039062
-0.0347213745117188 -0.0255718231201172 -0.120658874511719 -0.0864334106445313
0.0109786987304688 -0.056671142578125 -0.0978851318359375 -0.159149169921875
0.0708999633789063 -0.0508346557617188 -0.128524780273437 -0.199203491210938
0.103363037109375 -0.0262222290039063 -0.145233154296875 -0.217254638671875
0.119117736816406 0.03558349609375 -0.060699462890625 -0.204849243164062
0.050628662109375 -0.0223808288574219 -0.0264244079589844 -0.0102214813232422
0.0206413269042969 -0.0278682708740234 0.120552062988281 -0.005950927734375
0.0025029182434082 -0.00747346878051758 0.125007629394531 -0.123054504394531
0.00742721557617188 -0.00638914108276367 0.0316314697265625 -0.181533813476563
0.00598812103271484 -0.0131511688232422 -0.0895843505859375 -0.177383422851562
-0.01934814453125 -0.0166282653808594 -0.15728759765625 -0.101806640625
-0.0241374969482422 -0.0232048034667969 -0.133712768554688 -0.0616455078125
-0.0272045135498047 -0.0190715789794922 -0.116928100585938 -0.0382614135742188
-0.0152378082275391 -0.032379150390625 -0.10064697265625 -0.0374374389648437
0.00120162963867187 -0.0496292114257813 -0.105430603027344 -0.0341110229492188
0.0288658142089844 -0.0655059814453125 -0.130233764648438 -0.0733108520507812
0.0980377197265625 -0.02911376953125 -0.107597351074219 -0.138427734375
0.132408142089844 0.0147171020507812 -0.13189697265625 -0.177947998046875
0.152603149414062 0.0741729736328125 -0.1317138671875 -0.19537353515625
0.156417846679688 0.131439208984375 -0.0179595947265625 -0.185653686523438
0.119384765625 0.0483856201171875 -0.00266337394714355 0.00221085548400879
0.121551513671875 -0.0220260620117188 0.143447875976563 0.009368896484375
0.0652503967285156 -0.0572929382324219 0.151519775390625 -0.111175537109375
0.0241241455078125 -0.0775070190429687 0.056976318359375 -0.1785888671875
-0.0242805480957031 -0.0661430358886719 -0.0719757080078125 -0.1708984375
-0.0671882629394531 -0.0503349304199219 -0.137443542480469 -0.090850830078125
-0.0705947875976563 -0.0624771118164062 -0.109420776367188 -0.0468215942382812
-0.0770416259765625 -0.0524063110351562 -0.0958480834960938 -0.0180816650390625
-0.0449447631835937 -0.0756759643554688 -0.0889053344726563 -0.00536346435546873
0.00103759765625001 -0.104774475097656 -0.0997467041015625 -0.00248718261718752
0.066925048828125 -0.112228393554688 -0.138923645019531 -0.0441436767578125
0.16998291015625 -0.0287933349609375 -0.119903564453125 -0.108497619628906
0.187850952148438 0.0532379150390625 -0.1270751953125 -0.146835327148438
0.189712524414063 0.151931762695313 -0.10357666015625 -0.146820068359375
0.159759521484375 0.212661743164063 0.032928466796875 -0.130348205566406
0.16326904296875 0.128921508789063 0.0305461883544922 0.0349864959716797
0.214706420898437 0.00738525390625 0.162139892578125 0.038726806640625
0.136405944824219 -0.089691162109375 0.174957275390625 -0.0811614990234375
0.0533905029296875 -0.137962341308594 0.0863189697265625 -0.152603149414063
-0.0423431396484375 -0.117034912109375 -0.0421905517578125 -0.145950317382813
-0.102432250976563 -0.0809860229492188 -0.100059509277344 -0.069488525390625
-0.107521057128906 -0.0928115844726562 -0.0689048767089844 -0.0242958068847656
-0.119636535644531 -0.07550048828125 -0.0580635070800781 0.00872039794921875
-0.076019287109375 -0.102645874023437 -0.0611953735351563 0.0335464477539062
-0.0137939453125 -0.145767211914063 -0.0811691284179688 0.0348739624023437
0.0804290771484375 -0.152206420898438 -0.135238647460937 -0.00632476806640624
0.21563720703125 -0.041961669921875 -0.124107360839844 -0.0734481811523438
0.222946166992188 0.071685791015625 -0.10699462890625 -0.115631103515625
0.20513916015625 0.200393676757813 -0.0634841918945312 -0.082183837890625
0.131576538085938 0.25799560546875 0.0805130004882813 -0.0457992553710937
0.166946411132813 0.194320678710938 0.06414794921875 0.0849075317382813
0.265914916992188 0.0537872314453125 0.165924072265625 0.0765838623046875
0.190170288085938 -0.0919952392578125 0.182205200195313 -0.0338287353515625
0.08392333984375 -0.170516967773437 0.106781005859375 -0.1058349609375
-0.0466461181640625 -0.150421142578125 -0.0075225830078125 -0.101531982421875
-0.118873596191406 -0.0995025634765625 -0.0510368347167969 -0.0390586853027344
-0.127151489257813 -0.109550476074219 -0.0191974639892578 0.00150680541992187
-0.145294189453125 -0.0858306884765625 -0.00891494750976564 0.0353622436523437
-0.0977401733398438 -0.114837646484375 -0.021484375 0.0709228515625
-0.0294952392578125 -0.166061401367187 -0.0544166564941406 0.0687332153320312
0.0799560546875 -0.1707763671875 -0.119377136230469 0.0291976928710938
0.231048583984375 -0.0482177734375 -0.117607116699219 -0.041900634765625
0.228271484375 0.0836181640625 -0.0730667114257813 -0.0895919799804687
0.190460205078125 0.222763061523438 -0.0164146423339844 -0.0121726989746094
0.080718994140625 0.25421142578125 0.117225646972656 0.0489120483398438
0.131423950195313 0.220352172851563 0.0909423828125 0.138641357421875
0.258377075195312 0.095184326171875 0.15240478515625 0.11187744140625
0.203872680664063 -0.06787109375 0.169281005859375 0.017913818359375
0.100677490234375 -0.16522216796875 0.112464904785156 -0.0482254028320313
-0.0414276123046875 -0.15692138671875 0.0256309509277344 -0.0479965209960938
-0.117279052734375 -0.102554321289062 0.00272226333618163 -0.00544214248657227
-0.128181457519531 -0.10845947265625 0.0318393707275391 0.0264968872070312
-0.149703979492188 -0.0854034423828125 0.044219970703125 0.05877685546875
-0.105056762695312 -0.112396240234375 0.0213165283203125 0.102104187011719
-0.0366058349609375 -0.165603637695312 -0.0258941650390625 0.0982666015625
0.076080322265625 -0.166641235351563 -0.0995025634765625 0.0580673217773437
0.222991943359375 -0.0374755859375 -0.106193542480469 -0.0165252685546875
0.204330444335937 0.0974578857421875 -0.0363540649414062 -0.0653953552246094
0.147613525390625 0.220184326171875 0.0268135070800781 0.0553550720214844
0.0186614990234375 0.199996948242188 0.138687133789063 0.132774353027344
0.0718841552734375 0.195831298828125 0.108139038085937 0.181961059570313
0.195419311523438 0.108856201171875 0.127479553222656 0.134986877441406
0.17047119140625 -0.0342559814453125 0.14569091796875 0.0598602294921875
0.0910415649414063 -0.129386901855469 0.106452941894531 0.00259399414062499
-0.032196044921875 -0.133743286132812 0.0526542663574219 0.00189590454101562
-0.0985260009765625 -0.0860214233398438 0.0529251098632813 0.0240898132324219
-0.11041259765625 -0.0921401977539062 0.078826904296875 0.0449981689453125
-0.131942749023438 -0.0743560791015625 0.0924148559570312 0.0780868530273438
-0.093902587890625 -0.0979232788085938 0.059326171875 0.128349304199219
-0.0322113037109375 -0.1468505859375 -0.00344085693359376 0.122413635253906
0.0710601806640625 -0.141510009765625 -0.0823516845703125 0.081329345703125
0.196136474609375 -0.014129638671875 -0.096405029296875 0.00171661376953125
0.158157348632813 0.11029052734375 -0.00440979003906249 -0.0425186157226562
0.0815277099609375 0.195892333984375 0.0561981201171875 0.118003845214844
-0.04486083984375 0.11138916015625 0.145721435546875 0.186782836914063
0.00535583496093751 0.130058288574219 0.117630004882813 0.20355224609375
0.103599548339844 0.08990478515625 0.105560302734375 0.142898559570312
0.10418701171875 -0.00577545166015625 0.123649597167969 0.0835418701171875
0.0601882934570313 -0.0758209228515625 0.0984878540039062 0.0359649658203125
-0.0204391479492188 -0.0877151489257813 0.0729827880859375 0.0354232788085937
-0.0656394958496094 -0.0559158325195312 0.0917892456054688 0.0426025390625
-0.0767288208007813 -0.0614700317382812 0.113426208496094 0.0577621459960937
-0.0951995849609375 -0.05426025390625 0.12994384765625 0.0924301147460937
-0.0686492919921875 -0.0739288330078125 0.08746337890625 0.149368286132813
-0.0205535888671875 -0.111831665039063 0.008575439453125 0.14501953125
0.0618438720703125 -0.100944519042969 -0.074005126953125 0.100006103515625
0.148040771484375 0.01165771484375 -0.094390869140625 0.0140533447265625
0.093505859375 0.111289978027344 0.0141735076904297 -0.0201606750488281
0.0051422119140625 0.145034790039062 0.064361572265625 0.169601440429687
0.060028076171875 -0.0577201843261719 -0.0987091064453125 -0.195709228515625
-0.0298690795898437 -0.0716781616210938 -0.0363388061523438 -0.00152206420898438
-0.0701255798339844 -0.0125732421875 0.106590270996094 -0.0128097534179688
-0.0405349731445313 0.049957275390625 0.104194641113281 -0.129737854003906
0.00791168212890626 0.0598297119140625 0.0076751708984375 -0.178466796875
0.043548583984375 0.0314903259277344 -0.105072021484375 -0.172958374023438
0.0332603454589844 0.0129108428955078 -0.168548583984375 -0.0975494384765625
0.0258064270019531 0.0183086395263672 -0.149017333984375 -0.0609893798828125
0.0236091613769531 0.0208015441894531 -0.124977111816406 -0.0410995483398437
0.00681304931640625 0.0205307006835938 -0.105758666992188 -0.0509262084960938
-0.0189533233642578 0.0108547210693359 -0.112411499023438 -0.0476913452148438
-0.0364723205566406 -0.0247421264648437 -0.129135131835938 -0.0838623046875
0.00978851318359374 -0.0584602355957031 -0.107666015625 -0.161224365234375
0.0708465576171875 -0.0561981201171875 -0.141159057617188 -0.200881958007813
0.104446411132812 -0.0318603515625 -0.15948486328125 -0.218994140625
0.125946044921875 0.0333251953125 -0.072509765625 -0.207687377929688
0.0517463684082031 -0.0251541137695313 -0.0279541015625 -0.00692176818847656
0.0203571319580078 -0.0298824310302734 0.124153137207031 -0.0102920532226563
0.00371360778808594 -0.00750255584716797 0.124969482421875 -0.133071899414063
0.0078272819519043 -0.00808477401733398 0.0244903564453125 -0.190597534179688
0.00521183013916016 -0.0147781372070312 -0.102249145507813 -0.180526733398437
-0.0216655731201172 -0.0166244506835937 -0.168930053710938 -0.09637451171875
-0.0277919769287109 -0.0232639312744141 -0.143798828125 -0.05621337890625
-0.0291919708251953 -0.019317626953125 -0.125038146972656 -0.0329742431640625
-0.0170860290527344 -0.0339775085449219 -0.107315063476563 -0.0340042114257813
-0.000602722167968748 -0.0527458190917969 -0.112464904785156 -0.030975341796875
0.0272941589355469 -0.0692710876464844 -0.139678955078125 -0.0692062377929687
0.101776123046875 -0.0341567993164063 -0.117645263671875 -0.139801025390625
0.137916564941406 0.00955963134765625 -0.144622802734375 -0.178359985351563
0.160812377929688 0.0704498291015625 -0.144744873046875 -0.196975708007813
0.16815185546875 0.130462646484375 -0.027923583984375 -0.188552856445313
0.127189636230469 0.0454177856445313 -0.00368165969848632 0.0049886703491211
0.125473022460938 -0.0294876098632812 0.147903442382813 0.0045013427734375
0.0663032531738281 -0.0630836486816406 0.152359008789063 -0.12298583984375
0.0208663940429688 -0.0829925537109375 0.0521697998046875 -0.188751220703125
-0.0285377502441406 -0.0686264038085938 -0.0825042724609375 -0.1749267578125
-0.0732345581054687 -0.0489959716796875 -0.147781372070313 -0.0865020751953125
-0.0785446166992188 -0.0615615844726563 -0.117210388183594 -0.0423812866210937
-0.0834121704101563 -0.0508804321289063 -0.102020263671875 -0.0133895874023437
-0.0495452880859375 -0.0772552490234375 -0.09320068359375 -0.000915527343750003
-0.00370788574218751 -0.110160827636719 -0.104713439941406 0.00216674804687499
0.0645523071289063 -0.119972229003906 -0.148529052734375 -0.0380401611328125
0.176834106445313 -0.0380859375 -0.129386901855469 -0.107933044433594
0.19744873046875 0.0477142333984375 -0.138336181640625 -0.14691162109375
0.204055786132813 0.148941040039063 -0.114242553710937 -0.147567749023438
0.176483154296875 0.214614868164063 0.026947021484375 -0.133445739746094
0.176803588867188 0.127059936523438 0.0316429138183594 0.0383834838867188
0.223236083984375 -0.0038604736328125 0.167709350585938 0.0342559814453125
0.137779235839844 -0.0993728637695313 0.178421020507813 -0.0918426513671875
0.0477294921875 -0.146560668945313 0.08319091796875 -0.163467407226563
-0.0496749877929688 -0.119804382324219 -0.049835205078125 -0.149627685546875
-0.110382080078125 -0.0787277221679687 -0.107223510742188 -0.0665969848632812
-0.117942810058594 -0.0911636352539062 -0.073455810546875 -0.0214157104492188
-0.128707885742188 -0.0724563598632813 -0.060638427734375 0.0117721557617187
-0.0838851928710938 -0.103523254394531 -0.0623931884765625 0.0378913879394531
-0.0206146240234375 -0.151641845703125 -0.0849380493164063 0.0401840209960937
0.076446533203125 -0.1627197265625 -0.143081665039063 0.00155639648437498
0.222763061523437 -0.055206298828125 -0.132850646972656 -0.071563720703125
0.23504638671875 0.064056396484375 -0.116363525390625 -0.115432739257813
0.223770141601563 0.199050903320313 -0.0698471069335937 -0.0827407836914062
0.148605346679688 0.263214111328125 0.0798416137695313 -0.0478973388671875
0.183944702148437 0.195449829101563 0.0689468383789063 0.087860107421875
0.279815673828125 0.0415496826171875 0.173233032226563 0.072998046875
0.193984985351563 -0.104248046875 0.188064575195312 -0.042816162109375
0.0786895751953125 -0.181869506835937 0.107490539550781 -0.115379333496094
-0.0555877685546875 -0.154937744140625 -0.0110244750976563 -0.105278015136719
-0.128730773925781 -0.0974807739257813 -0.0539665222167969 -0.0372848510742188
-0.140251159667969 -0.106658935546875 -0.0205936431884766 0.00249862670898437
-0.155853271484375 -0.08148193359375 -0.00713729858398439 0.0364303588867187
-0.106704711914062 -0.114059448242188 -0.0189590454101563 0.0745620727539062
-0.0386810302734375 -0.170928955078125 -0.0548934936523438 0.0749893188476562
0.0745086669921875 -0.182022094726563 -0.125076293945313 0.0370330810546875
0.239166259765625 -0.0630645751953125 -0.1246337890625 -0.0393905639648437
0.242401123046875 0.0766754150390625 -0.0809555053710937 -0.0895538330078125
0.210052490234375 0.221755981445313 -0.0178451538085937 -0.0126228332519531
0.0955657958984375 0.260528564453125 0.121421813964844 0.0486602783203125
0.147201538085938 0.222854614257813 0.09918212890625 0.142318725585938
0.272537231445313 0.0851287841796875 0.160858154296875 0.10968017578125
0.208419799804688 -0.079437255859375 0.1767578125 0.0113983154296875
0.0958404541015625 -0.176834106445313 0.115180969238281 -0.0550613403320313
-0.0505523681640625 -0.1611328125 0.02618408203125 -0.0504074096679688
-0.126113891601563 -0.0996551513671875 0.00385332107543945 -0.00463914871215821
-0.140701293945312 -0.106170654296875 0.0341415405273437 0.0244731903076172
-0.160446166992188 -0.0793304443359375 0.0485992431640625 0.0580863952636719
-0.113967895507812 -0.111442565917969 0.028167724609375 0.104804992675781
-0.0456695556640625 -0.169631958007813 -0.023773193359375 0.103599548339844
0.0707244873046875 -0.176727294921875 -0.102256774902344 0.0660247802734375
0.229934692382813 -0.05194091796875 -0.111137390136719 -0.0137481689453125
0.217254638671875 0.0908203125 -0.0416603088378906 -0.0675315856933594
0.164825439453125 0.221588134765625 0.0300216674804688 0.0546188354492188
0.0288238525390625 0.207839965820313 0.147933959960938 0.133773803710938
0.0843353271484375 0.199493408203125 0.1185302734375 0.186141967773438
0.2083740234375 0.102340698242188 0.137008666992188 0.134788513183594
0.174972534179687 -0.0443115234375 0.153289794921875 0.0554351806640625
0.087646484375 -0.139114379882813 0.1109619140625 -0.00122070312500001
-0.0401382446289062 -0.137466430664063 0.0567169189453125 0.000297546386718742
-0.10614013671875 -0.0835189819335938 0.0569114685058594 0.0228309631347656
-0.12042236328125 -0.0891342163085938 0.0839691162109375 0.0415420532226562
-0.140716552734375 -0.0696258544921875 0.100669860839844 0.0747146606445313
-0.101608276367188 -0.0963973999023438 0.0691070556640625 0.129684448242188
-0.0407867431640625 -0.149673461914063 0.000900268554687491 0.128105163574219
0.066619873046875 -0.150054931640625 -0.0838699340820312 0.0889968872070312
0.202484130859375 -0.025726318359375 -0.100418090820312 0.00523376464843749
0.170272827148437 0.106399536132812 -0.00780105590820311 -0.0462379455566406
0.0948944091796875 0.198837280273438 0.0627288818359375 0.118423461914063
-0.0412368774414063 0.117774963378906 0.157318115234375 0.189437866210938
0.0127487182617187 0.134742736816406 0.130096435546875 0.20709228515625
0.112434387207031 0.08642578125 0.11431884765625 0.1446533203125
0.107376098632812 -0.0110092163085937 0.133232116699219 0.082244873046875
0.057769775390625 -0.0811080932617188 0.104011535644531 0.0341033935546875
-0.0263442993164062 -0.08953857421875 0.0794219970703125 0.034271240234375
-0.070587158203125 -0.053375244140625 0.0985946655273438 0.039154052734375
-0.0830001831054688 -0.0588455200195312 0.121078491210938 0.0519790649414062
-0.101852416992188 -0.0503158569335938 0.139823913574219 0.088226318359375
-0.0742874145507812 -0.0719680786132813 0.099365234375 0.150283813476563
-0.0263442993164063 -0.113945007324219 0.014923095703125 0.150665283203125
0.0585403442382813 -0.10693359375 -0.0738067626953125 0.10797119140625
0.153518676757813 0.0033416748046875 -0.0975418090820312 0.0177688598632813
0.102272033691406 0.109291076660156 0.0122890472412109 -0.0233383178710937
0.0121917724609375 0.148849487304687 0.07391357421875 0.172103881835938
0.058563232421875 -0.0603561401367187 -0.109100341796875 -0.192916870117187
-0.0337295532226562 -0.0707550048828125 -0.0366706848144531 0.00196838378906249
-0.0717544555664063 -0.00927734375000001 0.108200073242188 -0.0170516967773438
-0.0371818542480469 0.0520401000976562 0.0999374389648438 -0.136955261230469
0.0121726989746094 0.0596504211425781 0.000289916992187517 -0.183624267578125
0.0444297790527344 0.028289794921875 -0.115982055664062 -0.1712646484375
0.0333480834960938 0.0109767913818359 -0.177871704101562 -0.090484619140625
0.0265674591064453 0.0169239044189453 -0.1551513671875 -0.0529937744140625
0.0249462127685547 0.0190238952636719 -0.130722045898438 -0.0347442626953125
0.00765419006347656 0.0189437866210938 -0.111534118652344 -0.0471649169921875
-0.0181941986083984 0.0108604431152344 -0.118125915527344 -0.042877197265625
-0.0376396179199219 -0.0219879150390625 -0.134918212890625 -0.0793533325195313
0.00786209106445312 -0.0590744018554688 -0.115402221679687 -0.15863037109375
0.0686111450195312 -0.0608291625976562 -0.151519775390625 -0.197479248046875
0.103599548339844 -0.0371017456054687 -0.170166015625 -0.215408325195312
0.129806518554688 0.0282669067382812 -0.08355712890625 -0.205902099609375
0.0515708923339844 -0.0274162292480469 -0.0292415618896484 -0.00273323059082031
0.0189723968505859 -0.0316829681396484 0.125541687011719 -0.0147628784179688
0.00444984436035156 -0.00805330276489258 0.121414184570313 -0.141143798828125
0.00805377960205078 -0.00923728942871094 0.0170135498046875 -0.195816040039063
0.00398731231689453 -0.0163202285766602 -0.112930297851562 -0.179229736328125
-0.0240020751953125 -0.0164299011230469 -0.177139282226563 -0.0894012451171875
-0.0308818817138672 -0.0225200653076172 -0.150711059570312 -0.048065185546875
-0.0313892364501953 -0.0184249877929688 -0.129585266113281 -0.025482177734375
-0.0187950134277344 -0.0353736877441406 -0.112442016601563 -0.0301361083984375
-0.00264358520507813 -0.0547561645507813 -0.1170654296875 -0.026519775390625
0.0248031616210938 -0.0714797973632813 -0.146072387695312 -0.0633697509765625
0.102684020996094 -0.0396575927734375 -0.124977111816406 -0.137046813964844
0.140731811523438 0.0034637451171875 -0.154052734375 -0.17462158203125
0.166549682617188 0.06451416015625 -0.15478515625 -0.194168090820313
0.177703857421875 0.124908447265625 -0.03753662109375 -0.1875
0.13177490234375 0.04052734375 -0.00407886505126952 0.00876045227050781
0.126380920410156 -0.036712646484375 0.1497802734375 -0.000564575195312502
0.0652084350585938 -0.0670928955078125 0.150283813476563 -0.131332397460938
0.0172882080078125 -0.0857772827148437 0.0451507568359375 -0.195205688476563
-0.0324745178222656 -0.0691375732421875 -0.092620849609375 -0.17449951171875
-0.0769882202148438 -0.0467987060546875 -0.154617309570312 -0.0793304443359375
-0.084716796875 -0.0587081909179687 -0.122283935546875 -0.0357437133789063
-0.0880661010742188 -0.0476760864257813 -0.105224609375 -0.00719451904296875
-0.0543212890625 -0.0773239135742188 -0.0962600708007813 0.00362396240234375
-0.00848388671874999 -0.113105773925781 -0.108116149902344 0.00698852539062501
0.060516357421875 -0.125801086425781 -0.15399169921875 -0.0299224853515625
0.179779052734375 -0.0481109619140625 -0.137222290039063 -0.104667663574219
0.203018188476563 0.0399017333984375 -0.1473388671875 -0.143142700195313
0.214675903320312 0.141937255859375 -0.122222900390625 -0.145217895507813
0.190383911132813 0.210861206054688 0.02069091796875 -0.133514404296875
0.18646240234375 0.121047973632812 0.0331459045410156 0.0407905578613281
0.227432250976562 -0.01513671875 0.170669555664063 0.028289794921875
0.136360168457031 -0.107742309570313 0.177032470703125 -0.100982666015625
0.0413360595703125 -0.15240478515625 0.078765869140625 -0.170684814453125
-0.0563888549804688 -0.120010375976563 -0.05694580078125 -0.150146484375
-0.115982055664062 -0.0747833251953125 -0.111747741699219 -0.0609664916992188
-0.127059936523438 -0.0858001708984375 -0.0772323608398438 -0.0180130004882813
-0.134811401367188 -0.0667648315429688 -0.0613784790039063 0.0157318115234375
-0.0894241333007813 -0.101982116699219 -0.0612754821777344 0.041778564453125
-0.028411865234375 -0.153778076171875 -0.085540771484375 0.0458221435546875
0.0694732666015625 -0.169525146484375 -0.147796630859375 0.0102081298828125
0.225372314453125 -0.068603515625 -0.139678955078125 -0.0676193237304688
0.242324829101563 0.054962158203125 -0.123863220214844 -0.112823486328125
0.236740112304688 0.191070556640625 -0.0749359130859375 -0.0813980102539063
0.163681030273438 0.261886596679687 0.0778884887695313 -0.049285888671875
0.196533203125 0.18902587890625 0.0727157592773438 0.0898208618164063
0.2869873046875 0.027740478515625 0.17694091796875 0.068115234375
0.1922607421875 -0.114547729492188 0.18853759765625 -0.0523834228515625
0.0708465576171875 -0.18963623046875 0.1051025390625 -0.1221923828125
-0.0636749267578125 -0.154403686523438 -0.0141677856445312 -0.106468200683594
-0.135665893554688 -0.09271240234375 -0.0549736022949219 -0.0340995788574219
-0.149642944335937 -0.101028442382813 -0.0210914611816406 0.00369644165039062
-0.163040161132812 -0.073822021484375 -0.00600051879882813 0.0374069213867187
-0.114189147949219 -0.110458374023437 -0.0150604248046875 0.076263427734375
-0.0481414794921875 -0.17205810546875 -0.0531387329101563 0.07958984375
0.0660552978515625 -0.189346313476563 -0.127571105957031 0.0466537475585937
0.24041748046875 -0.0777435302734375 -0.129486083984375 -0.0351028442382813
0.24945068359375 0.065185546875 -0.0873794555664062 -0.0881423950195312
0.223907470703125 0.21453857421875 -0.0198192596435547 -0.0131359100341797
0.110107421875 0.26190185546875 0.123992919921875 0.047393798828125
0.160995483398438 0.219146728515625 0.105514526367188 0.143035888671875
0.2816162109375 0.071258544921875 0.165496826171875 0.1065673828125
0.208572387695313 -0.0909881591796875 0.179672241210937 0.00363159179687499
0.088104248046875 -0.18548583984375 0.11651611328125 -0.061553955078125
-0.0592193603515625 -0.161361694335937 0.0257835388183594 -0.0521125793457031
-0.132644653320313 -0.0943069458007812 0.00561904907226562 -0.00478935241699219
-0.150100708007813 -0.100082397460937 0.0360488891601563 0.0224189758300781
-0.167510986328125 -0.0716400146484375 0.0521087646484375 0.055755615234375
-0.120124816894531 -0.106407165527344 0.0346755981445312 0.104461669921875
-0.0546112060546875 -0.16925048828125 -0.02020263671875 0.106842041015625
0.0625457763671875 -0.182708740234375 -0.103347778320312 0.0745086669921875
0.232147216796875 -0.066009521484375 -0.114540100097656 -0.0101318359375
0.225479125976563 0.0812835693359375 -0.0464134216308594 -0.0680809020996094
0.178482055664063 0.216201782226563 0.0322189331054688 0.053314208984375
0.0396728515625 0.210693359375 0.15411376953125 0.132431030273438
0.0960845947265625 0.198715209960938 0.12725830078125 0.18536376953125
0.217453002929688 0.0917205810546875 0.1434326171875 0.132568359375
0.17633056640625 -0.0535125732421875 0.157730102539063 0.0500640869140625
0.0812835693359375 -0.146286010742188 0.113365173339844 -0.00606536865234376
-0.0476303100585938 -0.136810302734375 0.0601615905761719 -0.00186538696289063
-0.110305786132813 -0.0791702270507812 0.0608139038085937 0.0206947326660156
-0.128463745117188 -0.0834808349609375 0.0878067016601562 0.0368118286132812
-0.147308349609375 -0.0616912841796875 0.105697631835937 0.0698318481445313
-0.106941223144531 -0.092926025390625 0.07763671875 0.127288818359375
-0.047882080078125 -0.149139404296875 0.00609588623046876 0.130744934082031
0.0600128173828125 -0.155410766601563 -0.0825271606445313 0.0953140258789062
0.204086303710938 -0.03839111328125 -0.10223388671875 0.00846862792968749
0.178009033203125 0.09893798828125 -0.0118141174316406 -0.0483741760253906
0.106414794921875 0.196075439453125 0.0685577392578125 0.115486145019531
-0.0366134643554688 0.122459411621094 0.167312622070312 0.188217163085937
0.0198287963867187 0.135910034179688 0.140029907226563 0.20556640625
0.118804931640625 0.0809249877929688 0.121963500976563 0.14306640625
0.109161376953125 -0.017059326171875 0.138885498046875 0.0780868530273437
0.0542526245117188 -0.0854110717773437 0.108039855957031 0.0303802490234375
-0.0315933227539063 -0.0888900756835938 0.0849609375 0.031402587890625
-0.0734405517578125 -0.049713134765625 0.103858947753906 0.0343856811523438
-0.0879974365234375 -0.0546798706054688 0.125930786132813 0.0456390380859375
-0.105644226074219 -0.0440444946289062 0.147293090820313 0.0804290771484375
-0.0785598754882813 -0.0688858032226562 0.109634399414062 0.146133422851563
-0.03271484375 -0.11358642578125 0.020599365234375 0.153762817382813
0.0538253784179688 -0.110633850097656 -0.0714035034179687 0.113296508789063
0.155227661132813 -0.0054931640625 -0.0987319946289063 0.0209808349609375
0.11004638671875 0.105026245117188 0.0103588104248047 -0.0263938903808594
0.019317626953125 0.150497436523437 0.080841064453125 0.16998291015625
0.0582275390625 -0.0615158081054687 -0.114181518554688 -0.189544677734375
-0.0366249084472656 -0.0694351196289063 -0.0362358093261719 0.0052337646484375
-0.0719680786132813 -0.00682830810546874 0.109283447265625 -0.0186767578125
-0.0345344543457031 0.0525627136230469 0.09765625 -0.140296936035156
0.0142364501953125 0.0589065551757813 -0.0039215087890625 -0.185272216796875
0.0450401306152344 0.0266151428222656 -0.122817993164062 -0.170455932617187
0.0326519012451172 0.00924491882324219 -0.183273315429688 -0.083953857421875
0.0265159606933594 0.0153732299804688 -0.15875244140625 -0.0457305908203125
0.0248069763183594 0.0172176361083984 -0.132965087890625 -0.0297012329101563
0.00784015655517578 0.0172948837280273 -0.116104125976563 -0.0445480346679687
-0.0175189971923828 0.0104303359985352 -0.120979309082031 -0.040191650390625
-0.0381355285644531 -0.0212364196777344 -0.137474060058594 -0.0762786865234375
0.00749969482421875 -0.0596351623535156 -0.119552612304688 -0.157760620117187
0.0670967102050781 -0.0637588500976563 -0.155364990234375 -0.194931030273438
0.101860046386719 -0.03948974609375 -0.1756591796875 -0.212966918945313
0.1319580078125 0.0261306762695313 -0.0885009765625 -0.202072143554687
0.0517997741699219 -0.0283622741699219 -0.0287246704101562 -4.9591064453124E-05
0.0189228057861328 -0.0322647094726563 0.126739501953125 -0.0168533325195313
0.00588512420654297 -0.00889205932617188 0.118560791015625 -0.14483642578125
0.00754642486572266 -0.0105180740356445 0.0120697021484375 -0.199493408203125
0.00278949737548828 -0.0172758102416992 -0.119613647460937 -0.177902221679688
-0.0253257751464844 -0.0163154602050781 -0.181838989257813 -0.0829925537109375
-0.0328292846679688 -0.0214862823486328 -0.153274536132813 -0.0415191650390625
-0.0332069396972656 -0.0185375213623047 -0.131317138671875 -0.020172119140625
-0.0204010009765625 -0.036468505859375 -0.115791320800781 -0.02667236328125
-0.00389480590820313 -0.0567550659179688 -0.120498657226563 -0.0236053466796875
0.0240707397460938 -0.072723388671875 -0.148788452148438 -0.0589752197265625
0.10357666015625 -0.0426254272460938 -0.128616333007812 -0.136116027832031
0.141586303710938 -0.00030517578125 -0.159027099609375 -0.171554565429687
0.167922973632813 0.0605621337890625 -0.159210205078125 -0.19085693359375
0.182693481445313 0.121124267578125 -0.042236328125 -0.184555053710938
0.134590148925781 0.0366973876953125 -0.00393104553222656 0.0121383666992188
0.126594543457031 -0.0414276123046875 0.1505126953125 -0.0027923583984375
0.0651817321777344 -0.0700416564941406 0.147705078125 -0.136093139648438
0.0144500732421875 -0.0874786376953125 0.041015625 -0.1988525390625
-0.0352020263671875 -0.06903076171875 -0.0982208251953125 -0.173934936523437
-0.0794906616210937 -0.04486083984375 -0.157272338867188 -0.0742340087890625
-0.0888671875 -0.0555038452148438 -0.125282287597656 -0.0304489135742188
-0.0910797119140625 -0.0458602905273437 -0.106529235839844 -0.00264739990234376
-0.0566864013671875 -0.0773544311523438 -0.09686279296875 0.00667572021484372
-0.0112991333007812 -0.114875793457031 -0.109992980957031 0.0105819702148437
0.0574798583984375 -0.128608703613281 -0.156967163085938 -0.02423095703125
0.180038452148438 -0.054840087890625 -0.141021728515625 -0.10284423828125
0.20562744140625 0.034637451171875 -0.15203857421875 -0.140533447265625
0.219940185546875 0.136428833007812 -0.12603759765625 -0.1429443359375
0.197601318359375 0.207611083984375 0.0164642333984375 -0.131248474121094
0.191802978515625 0.116531372070312 0.0338096618652344 0.0440521240234375
0.228897094726563 -0.024017333984375 0.171783447265625 0.0262603759765625
0.134742736816406 -0.112281799316406 0.175262451171875 -0.106201171875
0.036834716796875 -0.156021118164063 0.0755462646484375 -0.175979614257813
-0.060150146484375 -0.119216918945313 -0.06158447265625 -0.149887084960938
-0.119682312011719 -0.0720901489257813 -0.113555908203125 -0.05712890625
-0.132179260253906 -0.0816116333007813 -0.0787811279296875 -0.0146865844726563
-0.139030456542969 -0.0621185302734375 -0.0626029968261719 0.018585205078125
-0.093292236328125 -0.100418090820313 -0.0604743957519531 0.0442008972167969
-0.0330047607421875 -0.15496826171875 -0.0860671997070312 0.0486221313476562
0.06494140625 -0.173507690429688 -0.150131225585938 0.01715087890625
0.22552490234375 -0.077362060546875 -0.14239501953125 -0.0655670166015625
0.245819091796875 0.0482177734375 -0.127784729003906 -0.110649108886719
0.243896484375 0.184906005859375 -0.0775375366210937 -0.0802993774414063
0.173309326171875 0.258621215820313 0.0761566162109375 -0.0476226806640625
0.204483032226563 0.184829711914063 0.07464599609375 0.0916213989257813
0.28973388671875 0.0172119140625 0.178237915039063 0.0655364990234375
0.191131591796875 -0.120925903320313 0.188034057617188 -0.056640625
0.0646209716796875 -0.193893432617188 0.103225708007813 -0.126594543457031
-0.06927490234375 -0.153915405273438 -0.0162582397460938 -0.107002258300781
-0.13861083984375 -0.0893707275390625 -0.0545692443847656 -0.0320358276367188
-0.155929565429687 -0.09564208984375 -0.0214805603027344 0.00388717651367187
-0.167251586914063 -0.06829833984375 -0.00625610351562501 0.0382156372070312
-0.117790222167969 -0.108085632324219 -0.011871337890625 0.0774917602539063
-0.053070068359375 -0.171737670898438 -0.052581787109375 0.0823135375976563
0.0613861083984375 -0.192611694335938 -0.12841796875 0.0526351928710937
0.239593505859375 -0.087127685546875 -0.132514953613281 -0.0328826904296875
0.253448486328125 0.0590362548828125 -0.0910797119140625 -0.0876617431640625
0.232696533203125 0.208816528320313 -0.0198268890380859 -0.0133190155029297
0.1181640625 0.261215209960938 0.125320434570313 0.0471649169921875
0.168899536132813 0.21575927734375 0.108963012695313 0.143707275390625
0.28643798828125 0.0618896484375 0.167892456054688 0.104095458984375
0.207778930664062 -0.097412109375 0.180084228515625 0.000183105468749994
0.0825042724609375 -0.190170288085938 0.116317749023438 -0.0656890869140625
-0.0645751953125 -0.1602783203125 0.02716064453125 -0.0531997680664063
-0.135795593261719 -0.0910797119140625 0.00743484497070312 -0.00438737869262696
-0.155792236328125 -0.0938720703125 0.036651611328125 0.0209007263183594
-0.17083740234375 -0.0659332275390625 0.0538482666015625 0.0537071228027344
-0.123626708984375 -0.103225708007813 0.038818359375 0.103645324707031
-0.0602874755859375 -0.168075561523438 -0.0182571411132813 0.109443664550781
0.0567474365234375 -0.1861572265625 -0.103317260742187 0.0791778564453125
0.231155395507813 -0.07476806640625 -0.116874694824219 -0.00791168212890626
0.230438232421875 0.074737548828125 -0.0499801635742187 -0.0691032409667969
0.18682861328125 0.212081909179688 0.0333290100097656 0.0519561767578125
0.0460968017578125 0.212112426757813 0.157852172851563 0.131805419921875
0.1024169921875 0.1966552734375 0.132034301757813 0.1849365234375
0.22113037109375 0.08380126953125 0.146408081054688 0.131240844726563
0.17584228515625 -0.058990478515625 0.159332275390625 0.046478271484375
0.076263427734375 -0.149993896484375 0.115638732910156 -0.00892639160156251
-0.05218505859375 -0.135818481445313 0.06329345703125 -0.00346374511718751
-0.113075256347656 -0.07525634765625 0.0648193359375 0.0185470581054687
-0.132331848144531 -0.0785903930664063 0.0891876220703125 0.0328140258789062
-0.149505615234375 -0.0560455322265625 0.10906982421875 0.0656280517578125
-0.10980224609375 -0.089752197265625 0.0833511352539063 0.124847412109375
-0.053192138671875 -0.147872924804687 0.00898742675781248 0.132575988769531
0.0550994873046875 -0.157302856445313 -0.081573486328125 0.100128173828125
0.203643798828125 -0.046600341796875 -0.103309631347656 0.0100250244140625
0.182098388671875 0.0932159423828125 -0.0150642395019531 -0.0499343872070312
0.112838745117188 0.193328857421875 0.0709075927734375 0.113685607910156
-0.0327301025390625 0.124717712402344 0.171707153320312 0.186447143554688
0.0240707397460937 0.135292053222656 0.145477294921875 0.204544067382813
0.121452331542969 0.07568359375 0.125503540039063 0.141876220703125
0.108833312988281 -0.020050048828125 0.141021728515625 0.0748443603515625
0.0507583618164063 -0.0880661010742188 0.110893249511719 0.0278396606445312
-0.0350570678710938 -0.0888214111328125 0.088958740234375 0.02978515625
-0.07403564453125 -0.0470046997070312 0.107627868652344 0.0313186645507813
-0.0909042358398438 -0.0503921508789063 0.127822875976563 0.03961181640625
-0.107658386230469 -0.0400466918945313 0.151321411132812 0.0749969482421875
-0.08099365234375 -0.0661697387695313 0.115203857421875 0.143218994140625
-0.0360946655273438 -0.112136840820313 0.0248565673828125 0.15472412109375
0.050048828125 -0.112228393554688 -0.0695877075195312 0.117431640625
0.155746459960938 -0.0118255615234375 -0.0994338989257812 0.0228271484375
0.113784790039063 0.10076904296875 0.00753021240234375 -0.0290546417236328
0.02398681640625 0.150466918945313 0.0853118896484375 0.167938232421875
0.0584487915039062 -0.0633087158203125 -0.117919921875 -0.190277099609375
-0.0385704040527344 -0.0689926147460938 -0.0363655090332031 0.00718307495117187
-0.0732269287109375 -0.00548553466796876 0.112106323242188 -0.0194625854492188
-0.0326576232910156 0.0526657104492188 0.0983428955078125 -0.143798828125
0.0155563354492188 0.0586929321289063 -0.00633239746093748 -0.1903076171875
0.0450859069824219 0.0253448486328125 -0.128097534179688 -0.171905517578125
0.0326957702636719 0.00850677490234375 -0.188034057617188 -0.0815277099609375
0.0266284942626953 0.0157260894775391 -0.162994384765625 -0.041778564453125
0.0250263214111328 0.0161800384521484 -0.135818481445313 -0.0275421142578125
0.00723361968994141 0.0156183242797852 -0.120323181152344 -0.0438308715820312
-0.0179405212402344 0.00986099243164062 -0.125289916992187 -0.0396194458007813
-0.0379219055175781 -0.0200653076171875 -0.140823364257813 -0.076873779296875
0.00785064697265625 -0.0601005554199219 -0.12188720703125 -0.160110473632813
0.0665435791015625 -0.0651359558105469 -0.158843994140625 -0.196060180664063
0.102096557617188 -0.0404052734375 -0.178298950195312 -0.215301513671875
0.134696960449219 0.025177001953125 -0.091766357421875 -0.202499389648437
0.0517234802246094 -0.0289649963378906 -0.0284709930419922 0.00342750549316406
0.0195407867431641 -0.0332927703857422 0.128997802734375 -0.01690673828125
0.00680923461914063 -0.00946426391601563 0.119857788085938 -0.149017333984375
0.00825023651123047 -0.0116920471191406 0.0109100341796875 -0.204452514648438
0.00258255004882812 -0.0187492370605469 -0.1241455078125 -0.180816650390625
-0.0270423889160156 -0.0163135528564453 -0.186767578125 -0.0806121826171875
-0.0349369049072266 -0.0217075347900391 -0.1571044921875 -0.0377197265625
-0.0350418090820313 -0.0185012817382813 -0.134292602539063 -0.0179214477539063
-0.021759033203125 -0.0382041931152344 -0.119651794433594 -0.0257339477539062
-0.00439834594726562 -0.0592002868652344 -0.124885559082031 -0.022613525390625
0.0240554809570313 -0.0737762451171875 -0.152130126953125 -0.0577392578125
0.106346130371094 -0.045318603515625 -0.131500244140625 -0.137840270996094
0.1434326171875 -0.001434326171875 -0.16229248046875 -0.172576904296875
0.17083740234375 0.0600433349609375 -0.161941528320313 -0.192855834960938
0.187774658203125 0.121780395507812 -0.0441436767578125 -0.1845703125
0.136894226074219 0.0366973876953125 -0.00357055664062499 0.0160665512084961
0.128486633300781 -0.0448684692382813 0.152999877929688 -0.0021820068359375
0.0665969848632813 -0.0717849731445313 0.149124145507813 -0.139678955078125
0.013763427734375 -0.089630126953125 0.0400238037109375 -0.2042236328125
-0.0366020202636719 -0.0702095031738281 -0.101852416992187 -0.175674438476563
-0.0818405151367188 -0.0447769165039062 -0.161148071289063 -0.0726776123046875
-0.0927276611328125 -0.0548171997070312 -0.128562927246094 -0.0277862548828125
-0.093902587890625 -0.0451812744140625 -0.109176635742187 0.000572204589843765
-0.0591964721679688 -0.0784454345703125 -0.099639892578125 0.00811004638671873
-0.0135116577148438 -0.117927551269531 -0.113815307617188 0.0125045776367187
0.0569992065429687 -0.13177490234375 -0.1605224609375 -0.02203369140625
0.18328857421875 -0.0589141845703125 -0.144363403320313 -0.104873657226563
0.209121704101563 0.0333709716796875 -0.155166625976563 -0.141189575195313
0.224334716796875 0.136749267578125 -0.128631591796875 -0.144638061523437
0.203948974609375 0.209564208984375 0.0151519775390625 -0.130180358886719
0.19720458984375 0.116256713867188 0.0351715087890625 0.0477867126464844
0.233047485351563 -0.0287322998046875 0.173507690429688 0.027679443359375
0.136337280273438 -0.116127014160156 0.176681518554688 -0.109420776367188
0.0346832275390625 -0.1597900390625 0.0754852294921875 -0.18035888671875
-0.0624237060546875 -0.120941162109375 -0.063446044921875 -0.152023315429688
-0.122779846191406 -0.071624755859375 -0.114921569824219 -0.0559539794921875
-0.137710571289062 -0.0801162719726563 -0.0807952880859375 -0.0124435424804687
-0.142440795898437 -0.061126708984375 -0.063690185546875 0.0211219787597656
-0.0961380004882812 -0.101234436035156 -0.0611038208007813 0.0455284118652344
-0.0359344482421875 -0.1580810546875 -0.088470458984375 0.0511856079101562
0.064422607421875 -0.177719116210938 -0.153289794921875 0.0206298828125
0.228607177734375 -0.082733154296875 -0.146255493164062 -0.066650390625
0.250717163085938 0.0463714599609375 -0.1314697265625 -0.111892700195313
0.250640869140625 0.18560791015625 -0.079254150390625 -0.0812911987304687
0.180435180664063 0.262405395507813 0.076568603515625 -0.04595947265625
0.210891723632813 0.185302734375 0.0765304565429688 0.0957107543945313
0.295074462890625 0.012054443359375 0.180465698242188 0.067138671875
0.193572998046875 -0.125244140625 0.189483642578125 -0.05865478515625
0.0626983642578125 -0.198928833007813 0.105522155761719 -0.13116455078125
-0.071990966796875 -0.156234741210937 -0.0169525146484375 -0.108871459960938
-0.141799926757813 -0.088714599609375 -0.0545883178710938 -0.0318717956542969
-0.16156005859375 -0.09344482421875 -0.02203369140625 0.00486373901367187
-0.171829223632813 -0.0658416748046875 -0.00567626953125001 0.0390853881835937
-0.120429992675781 -0.108299255371094 -0.0106964111328125 0.078277587890625
-0.05596923828125 -0.17437744140625 -0.0541610717773437 0.0850677490234375
0.0598297119140625 -0.197021484375 -0.13140869140625 0.0574417114257813
0.242874145507812 -0.09356689453125 -0.135856628417969 -0.0330047607421875
0.25885009765625 0.056488037109375 -0.0942840576171875 -0.0887985229492188
0.239700317382813 0.209182739257813 -0.020883560180664 -0.0140113830566406
0.12457275390625 0.264450073242188 0.127166748046875 0.0500717163085938
0.174880981445313 0.21710205078125 0.111373901367188 0.147903442382813
0.291351318359375 0.057220458984375 0.16986083984375 0.106307983398437
0.210693359375 -0.101028442382813 0.182144165039063 -0.00148010253906251
0.080291748046875 -0.194107055664063 0.118537902832031 -0.0678634643554688
-0.0673065185546875 -0.162017822265625 0.0289688110351563 -0.0546226501464844
-0.138290405273437 -0.0904693603515625 0.00981044769287108 -0.00505828857421875
-0.160720825195313 -0.0917205810546875 0.037384033203125 0.0199623107910156
-0.174957275390625 -0.0625 0.0555610656738281 0.0539817810058594
-0.126419067382813 -0.102752685546875 0.0417709350585937 0.103866577148438
-0.0637054443359375 -0.170516967773438 -0.0179901123046875 0.112129211425781
0.0552978515625 -0.189346313476562 -0.104652404785156 0.0843734741210937
0.233810424804688 -0.0811920166015625 -0.119674682617187 -0.00799560546874998
0.234848022460938 0.072967529296875 -0.0534210205078125 -0.071136474609375
0.191970825195313 0.213363647460938 0.0340805053710938 0.0522727966308594
0.0504913330078125 0.215576171875 0.160919189453125 0.1351318359375
0.1065673828125 0.197769165039062 0.135223388671875 0.18878173828125
0.22564697265625 0.080230712890625 0.148651123046875 0.13385009765625
0.17742919921875 -0.0616455078125 0.161483764648438 0.046875
0.074859619140625 -0.153961181640625 0.118446350097656 -0.0103530883789063
-0.055633544921875 -0.137184143066406 0.0662841796875 -0.00423049926757813
-0.115272521972656 -0.0749664306640625 0.0674400329589844 0.0169715881347656
-0.136749267578125 -0.0763015747070313 0.090789794921875 0.0315475463867187
-0.153060913085938 -0.053253173828125 0.1109619140625 0.06439208984375
-0.111541748046875 -0.0888290405273438 0.0871047973632812 0.124984741210937
-0.0554351806640625 -0.149093627929688 0.00983428955078126 0.135612487792969
0.0540313720703125 -0.159500122070313 -0.0828399658203125 0.104270935058594
0.205596923828125 -0.0507965087890625 -0.106254577636719 0.00996398925781252
0.186431884765625 0.092193603515625 -0.0175132751464844 -0.0525131225585937
0.117202758789063 0.195236206054688 0.0721359252929688 0.114349365234375
-0.0297698974609375 0.127693176269531 0.175765991210937 0.190200805664063
0.0260009765625 0.136375427246094 0.149200439453125 0.20697021484375
0.123512268066406 0.0727386474609375 0.127471923828125 0.144027709960938
0.110374450683594 -0.022186279296875 0.143280029296875 0.076263427734375
0.0501785278320312 -0.0902862548828125 0.113845825195313 0.0276107788085937
-0.0366134643554688 -0.0885467529296875 0.0932388305664063 0.0289535522460937
-0.0757293701171875 -0.046417236328125 0.11181640625 0.0290451049804687
-0.0927658081054688 -0.048431396484375 0.130050659179687 0.0372543334960937
-0.109596252441406 -0.0367889404296875 0.154495239257812 0.072296142578125
-0.0823135375976563 -0.06610107421875 0.120071411132813 0.142623901367188
-0.0379257202148438 -0.112747192382812 0.0257720947265625 0.158355712890625
0.049346923828125 -0.113212585449219 -0.0699005126953125 0.1209716796875
0.157058715820313 -0.0150146484375 -0.101509094238281 0.022796630859375
0.117156982421875 0.100341796875 0.00525474548339845 -0.0316619873046875
0.0266876220703125 0.152023315429687 0.0875396728515625 0.169082641601562
0.0599136352539063 -0.06561279296875 -0.122756958007812 -0.196121215820313
-0.0405082702636719 -0.0701713562011719 -0.0372657775878906 0.00957107543945311
-0.0755996704101563 -0.00395202636718749 0.117355346679687 -0.0196380615234375
-0.0330657958984375 0.0539436340332031 0.101776123046875 -0.149368286132812
0.0172615051269531 0.06048583984375 -0.00769042968750001 -0.199127197265625
0.0464935302734375 0.02471923828125 -0.135650634765625 -0.178985595703125
0.0325660705566406 0.00818061828613281 -0.197006225585938 -0.0809326171875
0.0268974304199219 0.0158195495605469 -0.169570922851562 -0.0394439697265625
0.0250377655029297 0.0151824951171875 -0.14129638671875 -0.026763916015625
0.00675010681152343 0.0143890380859375 -0.128005981445313 -0.0449600219726563
-0.0181083679199219 0.00936508178710938 -0.131622314453125 -0.0403213500976563
-0.0387001037597656 -0.0195999145507812 -0.146316528320313 -0.0792694091796875
0.00812149047851563 -0.06231689453125 -0.126022338867188 -0.166519165039063
0.0672950744628906 -0.06793212890625 -0.164047241210938 -0.2021484375
0.105026245117188 -0.0415267944335938 -0.1832275390625 -0.224090576171875
0.140625 0.0256805419921875 -0.0951385498046875 -0.2078857421875
0.0537834167480469 -0.02978515625 -0.0288562774658203 0.0062255859375
0.0198650360107422 -0.03509521484375 0.134765625 -0.0165786743164063
0.00860977172851563 -0.0111331939697266 0.123550415039063 -0.155136108398438
0.00857734680175781 -0.0126380920410156 0.00979614257812501 -0.2139892578125
0.00144004821777344 -0.0201530456542969 -0.131515502929688 -0.187240600585938
-0.0291996002197266 -0.0172252655029297 -0.194580078125 -0.08013916015625
-0.0377655029296875 -0.0218162536621094 -0.16375732421875 -0.0353546142578125
-0.0371932983398438 -0.0201263427734375 -0.140327453613281 -0.0162734985351563
-0.0232467651367187 -0.0413169860839844 -0.126274108886719 -0.02557373046875
-0.005767822265625 -0.0627059936523438 -0.130729675292969 -0.0220489501953125
0.025634765625 -0.076690673828125 -0.158843994140625 -0.0591278076171875
0.110679626464844 -0.0484161376953125 -0.136581420898437 -0.144454956054688
0.147720336914062 -0.001678466796875 -0.168045043945313 -0.177810668945312
0.176956176757812 0.06219482421875 -0.167404174804688 -0.201263427734375
0.196014404296875 0.125595092773438 -0.0467071533203125 -0.18817138671875
0.142715454101563 0.0372772216796875 -0.00224685668945312 0.0196018218994141
0.133453369140625 -0.0482559204101563 0.159210205078125 -0.001251220703125
0.0694198608398438 -0.0754165649414063 0.153701782226563 -0.145004272460938
0.0131759643554687 -0.093597412109375 0.0401458740234375 -0.21417236328125
-0.03857421875 -0.0729522705078125 -0.107589721679687 -0.182098388671875
-0.0861129760742187 -0.0459518432617188 -0.167724609375 -0.0726776123046875
-0.0984954833984375 -0.0552597045898438 -0.133934020996094 -0.025665283203125
-0.099029541015625 -0.0462493896484375 -0.113929748535156 0.0026092529296875
-0.0622177124023437 -0.08251953125 -0.104736328125 0.00897216796874998
-0.0152130126953125 -0.123565673828125 -0.119331359863281 0.0140151977539063
0.059326171875 -0.137397766113281 -0.167327880859375 -0.0203399658203125
0.190689086914063 -0.0638275146484375 -0.150054931640625 -0.109237670898438
0.217498779296875 0.03350830078125 -0.161529541015625 -0.146148681640625
0.23382568359375 0.141006469726563 -0.13275146484375 -0.150344848632812
0.21368408203125 0.215347290039063 0.016021728515625 -0.132133483886719
0.2056884765625 0.118972778320313 0.0373420715332031 0.0524978637695313
0.241165161132813 -0.03350830078125 0.17999267578125 0.0297088623046875
0.14215087890625 -0.122161865234375 0.1826171875 -0.113677978515625
0.0342254638671875 -0.166549682617188 0.0777740478515625 -0.18975830078125
-0.06573486328125 -0.125259399414062 -0.06695556640625 -0.158187866210938
-0.127975463867188 -0.0728683471679687 -0.118827819824219 -0.0565872192382813
-0.145706176757812 -0.0802459716796875 -0.084564208984375 -0.0109786987304688
-0.149703979492187 -0.060302734375 -0.0664176940917969 0.0236320495605469
-0.100120544433594 -0.105133056640625 -0.0635833740234375 0.0477714538574219
-0.0385894775390625 -0.164337158203125 -0.0932083129882813 0.0544204711914062
0.0660552978515625 -0.18536376953125 -0.15936279296875 0.024932861328125
0.237045288085938 -0.0894927978515625 -0.152450561523438 -0.0699310302734375
0.260971069335938 0.04656982421875 -0.137535095214844 -0.115531921386719
0.26141357421875 0.190841674804688 -0.08209228515625 -0.08489990234375
0.190887451171875 0.270614624023438 0.07904052734375 -0.0453720092773437
0.21990966796875 0.191131591796875 0.0801544189453125 0.102378845214844
0.306640625 0.008087158203125 0.18658447265625 0.0711669921875
0.200790405273437 -0.131668090820312 0.19580078125 -0.06036376953125
0.0624847412109375 -0.207489013671875 0.10906982421875 -0.137954711914062
-0.07598876953125 -0.161483764648437 -0.0172119140625 -0.113052368164063
-0.147567749023438 -0.0907745361328125 -0.0553398132324219 -0.0323867797851563
-0.170181274414063 -0.0938873291015625 -0.0229835510253906 0.00621795654296875
-0.178863525390625 -0.06512451171875 -0.00587081909179689 0.0416641235351563
-0.125717163085938 -0.111366271972656 -0.0101318359375 0.0806655883789063
-0.06011962890625 -0.180572509765625 -0.0564498901367188 0.0900726318359375
0.0606536865234375 -0.205230712890625 -0.136772155761719 0.0627899169921875
0.251571655273438 -0.10076904296875 -0.142166137695312 -0.035125732421875
0.269577026367188 0.056610107421875 -0.0997238159179688 -0.0930252075195312
0.249893188476563 0.216201782226563 -0.0213527679443359 -0.0147857666015625
0.133056640625 0.274551391601563 0.132301330566406 0.0539474487304688
0.183273315429688 0.223495483398438 0.115737915039063 0.155471801757813
0.302978515625 0.054534912109375 0.175430297851563 0.112289428710937
0.21771240234375 -0.106521606445312 0.1878662109375 -0.000610351562500007
0.0811920166015625 -0.203292846679688 0.123832702636719 -0.0718307495117188
-0.071319580078125 -0.16693115234375 0.0317344665527344 -0.056976318359375
-0.144088745117188 -0.09271240234375 0.0119199752807617 -0.00620269775390626
-0.169326782226563 -0.0919342041015625 0.0393905639648437 0.0205574035644531
-0.18157958984375 -0.061370849609375 0.0581779479980469 0.0559463500976562
-0.130706787109375 -0.105842590332031 0.0443191528320312 0.106300354003906
-0.0677490234375 -0.175384521484375 -0.0190963745117187 0.118072509765625
0.05615234375 -0.196578979492188 -0.108467102050781 0.0908889770507812
0.241058349609375 -0.0875396728515625 -0.124992370605469 -0.00943756103515624
0.244369506835938 0.07330322265625 -0.0576171875 -0.074615478515625
0.2010498046875 0.219680786132812 0.0348396301269531 0.0533943176269531
0.05572509765625 0.223556518554688 0.166702270507813 0.142745971679688
0.111831665039063 0.203414916992188 0.139999389648438 0.197723388671875
0.23394775390625 0.0794830322265625 0.152801513671875 0.1400146484375
0.184463500976563 -0.0649871826171875 0.167327880859375 0.0495452880859375
0.0756378173828125 -0.160537719726563 0.12451171875 -0.0116424560546875
-0.05810546875 -0.141937255859375 0.0713348388671875 -0.00476074218750001
-0.119178771972656 -0.076690673828125 0.0725555419921875 0.016082763671875
-0.143417358398438 -0.0764007568359375 0.0949554443359375 0.0307693481445312
-0.158554077148437 -0.0518951416015625 0.115623474121094 0.0655441284179688
-0.115470886230469 -0.0907745361328125 0.0920944213867188 0.127891540527344
-0.05877685546875 -0.15325927734375 0.010345458984375 0.142257690429688
0.054718017578125 -0.165557861328125 -0.0854873657226563 0.110580444335937
0.21221923828125 -0.0561065673828125 -0.110893249511719 0.00965881347656252
0.193679809570312 0.092803955078125 -0.0205802917480469 -0.0559616088867187
0.12353515625 0.201675415039063 0.0747756958007813 0.117866516113281
-0.02886962890625 0.133026123046875 0.181594848632812 0.198638916015625
0.0275497436523437 0.1396484375 0.153518676757813 0.215423583984375
0.127685546875 0.0727996826171875 0.132720947265625 0.151412963867188
0.113754272460938 -0.0236663818359375 0.1494140625 0.07977294921875
0.0502700805664063 -0.0941543579101563 0.119926452636719 0.0289154052734375
-0.0396499633789063 -0.0908279418945313 0.100013732910156 0.0290603637695312
-0.0773086547851563 -0.0475997924804687 0.118057250976562 0.02801513671875
-0.0969085693359375 -0.04827880859375 0.135612487792969 0.0360260009765625
-0.113212585449219 -0.0350418090820313 0.161239624023438 0.072265625
-0.085052490234375 -0.0673370361328125 0.1260986328125 0.145782470703125
-0.0405654907226563 -0.115478515625 0.02801513671875 0.164764404296875
0.050262451171875 -0.11700439453125 -0.0730743408203125 0.126800537109375
0.161575317382813 -0.0175323486328125 -0.106636047363281 0.0229415893554688
0.121917724609375 0.102394104003906 0.00270462036132813 -0.0341110229492187
0.028961181640625 0.157669067382813 0.090545654296875 0.1746826171875
0.0618247985839844 -0.0702781677246094 -0.133499145507812 -0.202911376953125
-0.0443191528320312 -0.0713653564453125 -0.0388832092285156 0.01226806640625
-0.0790557861328125 -0.00222015380859376 0.125015258789063 -0.0225677490234375
-0.0324058532714844 0.0566024780273438 0.105239868164063 -0.159530639648438
0.0206146240234375 0.0627708435058594 -0.0128631591796875 -0.211441040039063
0.0485687255859375 0.0244102478027344 -0.149566650390625 -0.186477661132812
0.0337562561035156 0.0078582763671875 -0.210418701171875 -0.0777587890625
0.0286636352539063 0.0154552459716797 -0.179901123046875 -0.034637451171875
0.0255794525146484 0.0149688720703125 -0.15069580078125 -0.0240020751953125
0.00660800933837891 0.0137128829956055 -0.13922119140625 -0.04351806640625
-0.0190811157226563 0.00962066650390625 -0.141326904296875 -0.0389251708984375
-0.0398483276367188 -0.019317626953125 -0.15643310546875 -0.0811309814453125
0.00743484497070313 -0.0659599304199219 -0.1357421875 -0.175384521484375
0.0676193237304688 -0.0723190307617188 -0.175094604492188 -0.208831787109375
0.109321594238281 -0.0452194213867188 -0.19580078125 -0.235336303710937
0.149063110351563 0.02398681640625 -0.1044921875 -0.21527099609375
0.0564231872558594 -0.0315628051757813 -0.0292701721191406 0.00908851623535156
0.0211524963378906 -0.0379447937011719 0.143051147460937 -0.0191650390625
0.0096893310546875 -0.0128555297851563 0.12823486328125 -0.165420532226563
0.00902366638183594 -0.0137901306152344 0.00544738769531249 -0.2279052734375
0.00118637084960938 -0.0218734741210938 -0.144134521484375 -0.1947021484375
-0.0321674346923828 -0.0171985626220703 -0.208175659179688 -0.0776824951171875
-0.0414543151855469 -0.0215377807617187 -0.174301147460938 -0.030487060546875
-0.0413475036621094 -0.0205307006835938 -0.148788452148438 -0.0117950439453125
-0.0264854431152344 -0.0441360473632812 -0.13623046875 -0.0232925415039063
-0.0076904296875 -0.0677871704101563 -0.140670776367188 -0.020172119140625
0.0260009765625 -0.0813980102539063 -0.169815063476563 -0.0581512451171875
0.116500854492188 -0.0542449951171875 -0.146728515625 -0.15130615234375
0.15484619140625 -0.0041046142578125 -0.179595947265625 -0.183670043945313
0.188583374023438 0.06304931640625 -0.179183959960938 -0.210922241210937
0.20953369140625 0.128311157226563 -0.0524139404296875 -0.195083618164063
0.15179443359375 0.0364532470703125 -0.000448226928710928 0.0237865447998047
0.140220642089844 -0.055023193359375 0.168609619140625 -0.0032958984375
0.0719985961914063 -0.0820388793945313 0.160064697265625 -0.156173706054688
0.0111618041992187 -0.0991287231445313 0.03790283203125 -0.228912353515625
-0.0424270629882812 -0.0774383544921875 -0.118911743164062 -0.190322875976563
-0.0923385620117188 -0.046356201171875 -0.178741455078125 -0.0706329345703125
-0.107254028320313 -0.0548248291015625 -0.142333984375 -0.0214996337890625
-0.106971740722656 -0.0460662841796875 -0.120040893554688 0.00773620605468748
-0.0677871704101563 -0.0867538452148438 -0.111793518066406 0.0126800537109375
-0.0197296142578125 -0.131660461425781 -0.127243041992188 0.0180816650390625
0.0601806640625 -0.147506713867188 -0.177520751953125 -0.015716552734375
0.200363159179688 -0.07269287109375 -0.161270141601563 -0.113922119140625
0.229644775390625 0.0312652587890625 -0.173065185546875 -0.150527954101563
0.250137329101563 0.145416259765625 -0.142578125 -0.15777587890625
0.231460571289062 0.223052978515625 0.0146484375 -0.137489318847656
0.219650268554688 0.12078857421875 0.0417938232421875 0.0580253601074219
0.253829956054687 -0.0427093505859375 0.190704345703125 0.0294036865234375
0.147552490234375 -0.13238525390625 0.1898193359375 -0.122085571289063
0.03143310546875 -0.176437377929688 0.07794189453125 -0.204345703125
-0.07196044921875 -0.13104248046875 -0.074066162109375 -0.165145874023438
-0.137031555175781 -0.074066162109375 -0.125732421875 -0.0559234619140625
-0.157089233398437 -0.0795745849609375 -0.0887908935546875 -0.00746154785156252
-0.16015625 -0.0594482421875 -0.0697975158691406 0.0280418395996094
-0.108657836914062 -0.108596801757813 -0.0668449401855469 0.0512962341308594
-0.04547119140625 -0.173736572265625 -0.0986709594726563 0.0606842041015625
0.0652923583984375 -0.198287963867188 -0.168838500976563 0.032562255859375
0.2489013671875 -0.102066040039063 -0.164047241210937 -0.0721282958984375
0.276458740234375 0.0434722900390625 -0.147552490234375 -0.119537353515625
0.28118896484375 0.196563720703125 -0.0878524780273438 -0.0882568359375
0.208221435546875 0.282867431640625 0.0837554931640625 -0.0469131469726562
0.2371826171875 0.195449829101562 0.08697509765625 0.109970092773438
0.323394775390625 -0.00128173828125 0.197265625 0.073822021484375
0.209335327148438 -0.14385986328125 0.204925537109375 -0.06689453125
0.0599822998046875 -0.220138549804687 0.112350463867187 -0.149337768554687
-0.0834197998046875 -0.168991088867188 -0.019775390625 -0.118865966796875
-0.1588134765625 -0.0919952392578125 -0.0573463439941406 -0.0331687927246094
-0.183425903320313 -0.0930938720703125 -0.0241069793701172 0.00759315490722655
-0.190505981445313 -0.0623626708984375 -0.00503158569335938 0.0454330444335937
-0.134483337402344 -0.114509582519531 -0.00904846191406251 0.0850601196289062
-0.068817138671875 -0.188949584960938 -0.0584259033203125 0.0972671508789062
0.0592498779296875 -0.218841552734375 -0.142959594726563 0.0723724365234375
0.262466430664063 -0.113906860351563 -0.15252685546875 -0.0354156494140625
0.28594970703125 0.0531005859375 -0.108444213867188 -0.0967559814453125
0.270065307617188 0.223129272460938 -0.0229625701904297 -0.0160293579101562
0.147216796875 0.28643798828125 0.1407470703125 0.0570831298828125
0.198287963867188 0.230987548828125 0.12567138671875 0.164840698242188
0.31939697265625 0.0484619140625 0.18634033203125 0.116851806640625
0.22802734375 -0.117904663085938 0.1986083984375 -0.00273132324218751
0.0794525146484375 -0.217498779296875 0.130172729492188 -0.0799179077148438
-0.079345703125 -0.174972534179688 0.0338401794433594 -0.06121826171875
-0.15399169921875 -0.0941162109375 0.013911247253418 -0.00758647918701172
-0.181930541992188 -0.0904388427734375 0.0421104431152344 0.0209693908691406
-0.193511962890625 -0.0590362548828125 0.0628890991210937 0.0567741394042969
-0.139579772949219 -0.107414245605469 0.0496368408203125 0.110885620117188
-0.0755615234375 -0.182815551757813 -0.0183563232421875 0.126564025878906
0.0549163818359375 -0.208770751953125 -0.112960815429688 0.100212097167969
0.250869750976563 -0.0997161865234375 -0.134788513183594 -0.00949096679687503
0.2596435546875 0.07122802734375 -0.0644378662109375 -0.0782852172851563
0.218276977539063 0.2279052734375 0.0368766784667969 0.0556144714355469
0.0650177001953125 0.234970092773438 0.178970336914063 0.14874267578125
0.122268676757813 0.211334228515625 0.151260375976563 0.207534790039063
0.24786376953125 0.07659912109375 0.163726806640625 0.146530151367188
0.193557739257813 -0.0731048583984375 0.1773681640625 0.050689697265625
0.075042724609375 -0.171218872070313 0.132637023925781 -0.0150985717773438
-0.06524658203125 -0.147415161132813 0.0769119262695313 -0.00753021240234376
-0.127548217773438 -0.0781478881835938 0.079376220703125 0.013702392578125
-0.15350341796875 -0.07476806640625 0.101020812988281 0.0297622680664062
-0.168243408203125 -0.048919677734375 0.124000549316406 0.0653915405273438
-0.124038696289063 -0.092926025390625 0.100296020507812 0.131736755371094
-0.06597900390625 -0.159072875976562 0.0141143798828125 0.1512451171875
0.053802490234375 -0.1746826171875 -0.0881423950195313 0.12066650390625
0.221359252929688 -0.0652923583984375 -0.11871337890625 0.0104141235351563
0.206787109375 0.0933685302734375 -0.0251922607421875 -0.0594100952148437
0.135208129882813 0.210189819335938 0.0806121826171875 0.122573852539063
-0.0254669189453125 0.140373229980469 0.195449829101563 0.208236694335938
0.0320892333984375 0.146194458007813 0.165176391601563 0.224990844726563
0.135360717773438 0.0727767944335938 0.142379760742188 0.1583251953125
0.119285583496094 -0.027252197265625 0.1588134765625 0.0816650390625
0.0501785278320313 -0.100494384765625 0.128547668457031 0.0277557373046875
-0.0444183349609375 -0.0943603515625 0.108604431152344 0.0272674560546875
-0.0820236206054688 -0.0473175048828125 0.126838684082031 0.0247879028320313
-0.103103637695312 -0.046844482421875 0.14385986328125 0.03424072265625
-0.119132995605469 -0.0328140258789063 0.17218017578125 0.0709991455078125
-0.0907745361328125 -0.0693359375 0.13671875 0.149337768554688
-0.0447845458984375 -0.11968994140625 0.0333709716796875 0.1756591796875
0.0510025024414062 -0.1239013671875 -0.0742340087890625 0.136734008789063
0.168899536132813 -0.02301025390625 -0.113533020019531 0.025177001953125
0.131515502929688 0.103706359863281 0.000141143798828133 -0.0378189086914062
0.034027099609375 0.165237426757812 0.0981292724609375 0.182449340820313
-0.0732557598870187 0.00874330062468434 0.104075910617545 -0.223861825047816
-0.0262615928096773 0.0816137123125502 -0.016613069849979 -0.0276359732959738
0.0361192650791339 0.0752025753461079 0.102150887420692 0.0924216959958378
0.0662050760859441 0.00286643007831797 0.195652342819178 -0.000818172581718339
0.0351736260131404 -0.0424455463166206 0.185138444792839 -0.137494048125436
0.000140448466254849 -0.0317862848343238 0.0957383559776536 -0.222970477454624
0.0020611948636407 -0.0294812337666115 -0.00939015766326803 -0.233758477501152
0.00600222641069947 -0.0304614438175962 -0.0618544858271188 -0.194987622276859
0.00818788930915127 -0.0253856071822564 -0.0476091211209962 -0.156395508106669
0.0158771782020113 -0.0129820760515403 -0.0354290841219679 -0.147529742108755
0.0265843703205346 0.011459662837639 -0.0351399275749579 -0.160677654566358
0.0168921698774643 0.0517382495055147 0.00390053591313138 -0.194675099055514
-0.0454013495377195 0.059248646815716 0.0773516568414476 -0.211933840919285
-0.0880119277596586 0.0046417147390919 0.0943605588280195 -0.253195163455312
-0.0803045955796176 -0.0541551647666834 0.0564975760358497 -0.29687139478503
-0.0457596390103936 -0.114632278284229 0.112309352655168 -0.201647636048969
-0.0613078809256564 -0.0292102179038637 -0.0291238530762812 -0.00780058282386507
-0.0598732871750014 0.0114519794355452 0.105632574702317 0.14003238593762
-0.0289805514840239 0.0180535678943169 0.226440512192564 0.037638095909068
-0.0145399169418924 0.0271171415573363 0.224175531232259 -0.129049308938188
-0.00592648394096906 0.0378289187397365 0.116598271922626 -0.226397267323006
0.0151589431381114 0.0451214130544995 0.00295447440272436 -0.234429495175565
0.025650834821433 0.0468581686986679 -0.0564275281979052 -0.1914426998391
0.0177851192013723 0.0551768280547664 -0.0491126567454743 -0.151735128941714
-0.00982238743586911 0.052478347392132 -0.0416486738047184 -0.130813513291099
-0.0398912016916464 0.0568390572041837 -0.046990594568683 -0.140319756623444
-0.0812910757663458 0.0325205909190278 -0.0277513109936951 -0.179236348643853
-0.118378882929256 -0.0258011494031416 0.0412828408761621 -0.20120635350104
-0.0890926153180859 -0.107767044491121 0.05642659682711 -0.247756898256897
-0.0361116392318609 -0.175117898218244 0.037336512513869 -0.278910726522915
0.00131300924277 -0.225185114111641 0.105178694994339 -0.144605512038637
-0.0714514606904764 -0.155995952046339 -0.0521826186072903 0.0343097213106222
-0.151832619106881 -0.0810520358776206 0.0939624759640068 0.204060202931977
-0.140235329014893 0.0123699886137004 0.243751206110454 0.0990847726645339
-0.0841658572488114 0.0925309720330974 0.259154632083249 -0.0959890879907855
-0.0234487562338512 0.107077643625697 0.13541756723874 -0.202907174238186
0.0203293053693417 0.116472138530262 0.0198347363395095 -0.205485390131443
0.0426405472851093 0.11781309941042 -0.0431077966093146 -0.159893912836858
0.034402319256853 0.126921231899327 -0.0480248475745302 -0.118712078575296
-0.0178825619559272 0.112610479580258 -0.0519978643649551 -0.0898379861346374
-0.0802110922686649 0.110073647531854 -0.0694232336475287 -0.10279470626622
-0.160869534375891 0.0433089662965474 -0.070792527863271 -0.152404497033544
-0.193069771142953 -0.0722442884313927 -0.00350011457865463 -0.184501592936068
-0.10833016173475 -0.19066234530925 0.0201804508665267 -0.225445748047358
-0.0044633394938333 -0.270052600527866 0.0102944449539913 -0.226302591143093
0.0598289721491144 -0.302395524981169 0.0778083983491355 -0.0558949685705846
-0.051947434247328 -0.272921622759891 -0.0872784230406442 0.0935016480152364
-0.214679995528715 -0.188724479355577 0.0574040525475004 0.269576787915442
-0.244267634319875 -0.0197604375579084 0.231897399664032 0.172444918342526
-0.162569455268247 0.135927269265031 0.270558147862429 -0.0365243588847141
-0.0514828002368654 0.163043363744214 0.143936156777688 -0.149189179192039
0.0161657134885732 0.171731474206259 0.0340243294303505 -0.148641621070094
0.0544811408572866 0.171356440001365 -0.0240656562274699 -0.103971721863609
0.052012345535707 0.179646442711257 -0.039538461266323 -0.0632928631036467
-0.0122932891813818 0.15831917882396 -0.0563451397670603 -0.0312455095427896
-0.0944744060290666 0.157571115589544 -0.0897556753990945 -0.0498625921280477
-0.210272389844941 0.0688633486889657 -0.107604037630523 -0.110806188851166
-0.248499110925406 -0.0854313990634173 -0.0426048441369761 -0.157160154772526
-0.130055463074561 -0.236252636803578 -0.00093598006857202 -0.186689853681266
0.0175096902933111 -0.325229318222964 -0.0141459757822573 -0.14604514685302
0.111644662792015 -0.325757439802386 0.0323291577470428 0.0511046643499369
-0.00498937990885808 -0.341124090617154 -0.127970513736593 0.157032510818567
-0.224279205631854 -0.278441596916168 0.00067350525824398 0.313408325099554
-0.302473102038341 -0.0716838085453127 0.182425216794119 0.233961565912471
-0.222036297233272 0.143564015284629 0.245414414275062 0.0350231190372704
-0.0791630309902381 0.191144555642698 0.13397520857188 -0.0752803625334424
0.00667128320270451 0.199781575290256 0.0431085426025182 -0.0726928365324662
0.0576787635244202 0.199352840454246 -0.00303763379141135 -0.0329745205162025
0.0631660046877313 0.205512877552897 -0.0237090782717253 0.00517726722564071
-0.00267726028239332 0.181913535167814 -0.0526950661373172 0.0347711123765317
-0.0912601479275945 0.183070283898627 -0.100634999880582 0.0071604955412497
-0.225279893653518 0.0855241606190969 -0.130378477368288 -0.063562567441743
-0.2672931786665 -0.0882861182215586 -0.0675962721231571 -0.124586893469503
-0.130511180873191 -0.250514549644473 -0.00316219333330192 -0.140529112339479
0.0398059893236978 -0.333017052000766 -0.0309380150560738 -0.0515627578258212
0.140282170737911 -0.288723843249633 -0.0212811292593282 0.15429031694209
0.0452759537316345 -0.336468589153272 -0.162616833782555 0.210802797205986
-0.17963664566653 -0.310648180430339 -0.0597868252149211 0.319604032004394
-0.292266285896377 -0.113848310705036 0.109077036498925 0.262957807829993
-0.236933241161143 0.118909837437004 0.18724452482415 0.0966096593825585
-0.0908777219094203 0.184890783891233 0.105466387048153 0.00345063587101621
-0.00173286524265039 0.195866962135337 0.0451430510054248 0.00886256822782272
0.0529529123190122 0.196135246035624 0.0178296092083987 0.0401786041200499
0.0643898510028926 0.202177604046171 -0.00515686681815914 0.0752532276881682
0.00238329770686065 0.180907285375894 -0.0455410743226527 0.0984375656982274
-0.0826284648252387 0.182061968367848 -0.107389724660154 0.0604455775822682
-0.214567995819736 0.0809921587075288 -0.141272822781549 -0.0218347690211964
-0.249866345124262 -0.0943450600004966 -0.0799557047324537 -0.0956079685417609
-0.102673255680273 -0.242127069507991 0.00591090929940156 -0.0952780821783178
0.0671633646623137 -0.296434292157079 -0.0448721093938246 0.0394106883445367
0.135454064028703 -0.200117833115179 -0.0663915248779183 0.236246716729557
0.0758966728478185 -0.261724390968844 -0.177455154224761 0.24741415272543
-0.108273668466171 -0.269234814864319 -0.10032420085894 0.293340467490508
-0.22536065232323 -0.120641099763353 0.039763612972705 0.256161999862312
-0.200077624999015 0.0803156495573511 0.118757659245184 0.135198345595401
-0.0817187271741662 0.149333621050417 0.071373234681358 0.0702108571383184
-0.00601756732583593 0.160276165280597 0.0431418308945995 0.0811641131645727
0.0406981999475721 0.163656136321328 0.0364788976212128 0.104900357694758
0.0529715340000732 0.17193058958525 0.0123091304269537 0.139688394589817
0.000246252901733428 0.156826069381484 -0.0418167025264825 0.153658394083294
-0.0729945007366938 0.155976894285627 -0.117907979668251 0.102863019458406
-0.185373778585372 0.0575347021978734 -0.150826153537747 0.00759118530627681
-0.202835438384529 -0.100968047396685 -0.0884680953219027 -0.0759382892314198
-0.0556061552506014 -0.21462749869709 0.013351331802655 -0.0559614535966058
0.092899152298325 -0.224300361361848 -0.0627937782675734 0.117349935930565
0.103573674608658 -0.0787738723129474 -0.0888037930609357 0.281701066773748
0.0799082320448034 -0.142316473705504 -0.163866302659433 0.264141072611984
-0.0403764739164196 -0.171278220647321 -0.108958580673905 0.25321446649841
-0.128124052189319 -0.0910570516914522 -0.00197617655493789 0.229895487272134
-0.127578645040911 0.039683294947484 0.0649744334709915 0.152024957718755
-0.0553198023819836 0.0932448382079135 0.0445470368244365 0.115289867635298
-0.0062904896585469 0.100832729594402 0.0418563465112229 0.132975977012603
0.0244860975150274 0.107226595715853 0.0497188420932023 0.153275062579412
0.0340388377044328 0.117148151202784 0.0224989399347183 0.18910188064624
-0.00434299318786398 0.113831933413014 -0.0449027617779133 0.194867010760256
-0.0592400454513827 0.109979687942563 -0.136784745732115 0.132007455855579
-0.137549798004232 0.0264438973418634 -0.163954596039644 0.0212696496388889
-0.134596720592569 -0.0976929962166299 -0.0972871327032821 -0.0701836679227259
-0.00115327167011614 -0.163425398107771 0.0139858200205396 -0.0274562924229839
0.108216275268709 -0.121884729477778 -0.0887010931471435 0.173836527361516
-0.0747865391350697 0.0134844814036613 0.0924014888317729 -0.238541345322436
-0.0216130699768518 0.0844743744711952 -0.0206777352693732 -0.0259220892732064
0.0422264367793905 0.0749589320446172 0.111362135354586 0.0912022488605437
0.0684237797394341 -0.000801935039592319 0.20409043847414 -0.0121670734273914
0.0318529763433728 -0.0465593243598248 0.184924018107495 -0.155516796084107
-0.00123339941942926 -0.0319356952332694 0.0842047351217903 -0.240030418732712
0.00102839935790284 -0.02955832803636 -0.0277318492443386 -0.24103774265164
0.00426644549383589 -0.0316256505186556 -0.0789929176903965 -0.195833060885138
0.00751820068800784 -0.0261000460063497 -0.0619712679328494 -0.160257336433391
0.0163350827508348 -0.0131805708920327 -0.0479808763047332 -0.152254939597283
0.0277828566132698 0.0107218765134756 -0.0483813367357025 -0.165001048578511
0.0195043408628261 0.0513655901841832 -0.00837016861834112 -0.20202635666222
-0.0433357782378782 0.0642973124607066 0.0691486265059418 -0.225480660587434
-0.0890538645356994 0.0107994561015692 0.0844145394053132 -0.266080324637854
-0.0863763732653607 -0.0509037228392571 0.0434919167591103 -0.31206419609598
-0.0540094383267591 -0.116624134474185 0.102038958936125 -0.215399485078555
-0.06509890466609 -0.0282548393018446 -0.0318991301107029 -0.0042213192649634
-0.0616623611101442 0.0159552509493235 0.118196186206404 0.140717969174906
-0.0305621806097496 0.0201863606241057 0.237749819697539 0.0266553820690322
-0.0144063502403307 0.0290509467700737 0.225612150322639 -0.149372118956957
-0.00332835120520087 0.0407396094216366 0.106332302242317 -0.244332742922215
0.0194482761165676 0.0463682344013865 -0.0142719199699767 -0.24237438963827
0.0309415936319488 0.0472809188326268 -0.0736787163454465 -0.193115811147344
0.0230521846071404 0.0570782973117635 -0.0633892853066152 -0.154885040581986
-0.00699212262589294 0.0563983455064747 -0.0534653888815921 -0.134805239499694
-0.0374747879042308 0.0631067616652824 -0.0594649689910787 -0.144208012412002
-0.0840000439837823 0.0389931154457656 -0.0404111148688566 -0.183826496779885
-0.125127117416277 -0.0190410905771374 0.0327773293895844 -0.212017471073163
-0.0977095827693565 -0.106844810010561 0.0450981129438521 -0.258898397993035
-0.0474421484285356 -0.180465642909541 0.0248751996486517 -0.293275568828755
-0.0129321587574605 -0.234446021034835 0.0981652232889663 -0.15501233912701
-0.0847856246162245 -0.158490214604769 -0.0535755578510844 0.0418237258115032
-0.163213987583614 -0.0733115529386778 0.109710460315793 0.207788855431309
-0.146554412590199 0.0209674870480078 0.259371716658197 0.0897957670390714
-0.0821715461073967 0.101955636828681 0.264212348431287 -0.11709659184508
-0.0184562180364596 0.113428804427489 0.127882546259565 -0.219241215937788
0.0293796742501854 0.119882617334387 0.00498583286782465 -0.213757298100347
0.0541440347018217 0.119424852212417 -0.057836722707804 -0.161221391129576
0.0454346657782046 0.130391499026348 -0.0595016412359731 -0.119574805151232
-0.0117719799467044 0.119233317048956 -0.0611445630973577 -0.091211714255713
-0.0765247632445876 0.120814117203878 -0.0813117612656045 -0.102941902051516
-0.166038510276922 0.0560625403471599 -0.0840540831437231 -0.153158803603986
-0.205981170425952 -0.0612665863206459 -0.0137357447094521 -0.193727997534165
-0.123553275834516 -0.190893609008462 0.00786779450747651 -0.234969261639045
-0.0217936483086915 -0.281006125059704 -0.00107083249538109 -0.236752025560504
0.0420555785738012 -0.318492867450113 0.0759551383696831 -0.0604576932995333
-0.0706179333949061 -0.279261873395087 -0.0863745594088512 0.104969507726207
-0.236730804706115 -0.179918215046136 0.076110712612424 0.278092054066044
-0.256713057779125 -0.00691650342957639 0.250482910891671 0.166089545163868
-0.159281984438301 0.151825367793546 0.279089061662602 -0.0567554701048869
-0.0438776184456558 0.173248659015245 0.140322889190487 -0.164650746813578
0.0289179783234507 0.178156756654943 0.024791449297788 -0.155995809094339
0.0705859253115712 0.17405668769719 -0.0336456852625404 -0.104834484869987
0.0675625313817503 0.182615794216985 -0.0462732279490588 -0.0622576475287489
-0.003175893458469 0.165983339251904 -0.0617205631062735 -0.0296206072877456
-0.087327786972618 0.170863457326341 -0.0981103914639351 -0.0475560936286742
-0.214813106551023 0.0863748221865047 -0.11990963461717 -0.107165123568438
-0.2647344918736 -0.0718013636806651 -0.0538916779378691 -0.162295067456477
-0.15007521874505 -0.237584091316171 -0.0127418866687691 -0.19429334811255
-0.0025282248208265 -0.339761769504713 -0.022528267368992 -0.150810202643411
0.0949028512627763 -0.346301514973999 0.0342347893506249 0.0520063475977516
-0.0270477959852946 -0.352904053354635 -0.123837129961303 0.172908470494036
-0.251996854125857 -0.272961612279935 0.0178786950674627 0.326050518382522
-0.320083046544248 -0.0556813840867886 0.202009718141121 0.232974587797385
-0.22048039511952 0.164082667389513 0.257637342623601 0.0189916037282757
-0.069802466402813 0.204314179372644 0.134602439131333 -0.0857574280085691
0.0207659220993454 0.207369192134781 0.0403847862544253 -0.0777212440140165
0.0761393515475606 0.202227603317254 -0.00608032076473341 -0.033591293228401
0.0817793778245592 0.208806281198176 -0.0248934539443739 0.00738659145235999
0.00869291130450114 0.189163114400629 -0.053187995631634 0.0391151769640998
-0.0824185118856306 0.196486442438645 -0.106064251000198 0.0135648275178224
-0.229393792796442 0.104210647336845 -0.140966044532228 -0.0561890203529221
-0.28412479935185 -0.0733498186489021 -0.0779869890096493 -0.127892210355431
-0.151238975592299 -0.251972482149099 -0.0120998531261529 -0.147599393292455
0.0200396072373049 -0.349380880340799 -0.0353994728179796 -0.0525935956854831
0.125603261511786 -0.310059447062993 -0.0145340178457947 0.162933078476029
0.0266291308120136 -0.350744418346726 -0.156823899622628 0.230655317205357
-0.206083908297886 -0.30951351672814 -0.044192976200131 0.336141225504309
-0.312496367286231 -0.100564962732167 0.127212056064079 0.267466194678285
-0.237926816858256 0.139752592544243 0.201553812931874 0.0879359835109492
-0.0832673233061426 0.198534149354316 0.11092509151969 -0.00231253276731634
0.0108782808514687 0.203633858035155 0.0485057905073448 0.00627729905996866
0.0696808775970272 0.199471045047304 0.021221051841409 0.0399820197684318
0.0815985712391818 0.204194197256919 0.000223898960631344 0.0788054904984581
0.0135657231995069 0.187660994966495 -0.0411108780957801 0.106028632810154
-0.0735443900668019 0.193646994660399 -0.110029858413506 0.0695353054548411
-0.218393776318974 0.098186646314072 -0.149607638452872 -0.0122851273673694
-0.26569862353417 -0.0799658706334597 -0.0897440866112282 -0.0970119212408736
-0.123104279861899 -0.244354754970208 -0.000574728579607221 -0.101489939447472
0.0503259164668604 -0.313342571385925 -0.044050651210904 0.0438450667105534
0.127099509485488 -0.218528918434281 -0.0566034040187955 0.250296885744967
0.06340891788604 -0.275822103766662 -0.170034912886398 0.268347540605415
-0.130065092438523 -0.26995504607312 -0.0873623243130365 0.311033053524083
-0.242333534507578 -0.112066749466985 0.0554516133852082 0.265011268745766
-0.201470569838567 0.0979603246273508 0.132846574138208 0.133594731136645
-0.0744938331636798 0.160652295666635 0.0802617390723091 0.0694239699515135
0.0040175590395841 0.167183029046474 0.0522542310801906 0.0815536778876829
0.0548945475625975 0.166632384289763 0.0461343080739883 0.106324337874634
0.0679323813199274 0.173613997765625 0.0227835208437644 0.143239030098621
0.0101846140768725 0.162866804429439 -0.0325764246162804 0.162465820422641
-0.0653265395483888 0.165534131254065 -0.118123507282731 0.115194167326965
-0.189698376392451 0.0716511368333011 -0.157461413214162 0.0181726972573725
-0.217246143982374 -0.0899216990414151 -0.096929027974743 -0.0759875083763302
-0.0724831625855724 -0.218384191133045 0.00964389235962778 -0.0617572633835784
0.0818738234972379 -0.23904136767605 -0.0581436605788498 0.12652973748904
0.101230559515192 -0.0889902930717094 -0.0767951395538772 0.298531562075316
0.0743591505016162 -0.151397780868914 -0.15486221434945 0.283719950586512
-0.0524068834586615 -0.17339773519507 -0.0996149741955731 0.269823432187832
-0.138738712124692 -0.0869137456232319 0.0103285599552457 0.239374859015737
-0.128427545831487 0.0500173473585759 0.0773134984683435 0.153573255007603
-0.0505391804997226 0.100284081760397 0.0549949487288869 0.117970050997581
0.000510386652378682 0.105029557250231 0.0545511074226426 0.135491643060285
0.0325894804987393 0.109116276382593 0.0636275453781484 0.155043945892172
0.0428199707230688 0.117751605027595 0.0378692629309913 0.194753371387654
0.0021361198728686 0.118207783031203 -0.0334783941684875 0.205371017389155
-0.0534684838285964 0.117374731920995 -0.135438125294762 0.146919449218531
-0.141123589152272 0.0358128295135072 -0.169768974888406 0.0319511625035835
-0.145771171397385 -0.090791096999216 -0.106090329189912 -0.0686964455917229
-0.0126757940553394 -0.168356462921277 0.0118940321129505 -0.0316019627174838
0.10394114109825 -0.134193321044862 -0.0813304040199386 0.186995626179062
-0.0745939214623394 0.0182950533920298 0.0788321866193372 -0.246100273534371
-0.016914710456269 0.0861349295204265 -0.0238595589020865 -0.0233735483615198
0.047536589388981 0.0727904329333011 0.118317116238095 0.0878072792108866
0.0680703561030997 -0.0041099422663992 0.208081679632559 -0.0229391032535678
0.0277765367643015 -0.0486394621853916 0.178472917866191 -0.169468433262762
-0.00314310467917403 -0.0310057294813615 0.0704037506511795 -0.2505879213064
2.12403079305999E-05 -0.0300169273276445 -0.0447173623979079 -0.240901622036182
0.00307234247319079 -0.0324442734209392 -0.0934374129162024 -0.191350169447574
0.00660034812371312 -0.0257691832659763 -0.0742031762838518 -0.159535893638396
0.016096004335767 -0.0132208911609991 -0.0601852289194911 -0.153681338486666
0.0289017284305589 0.0101079751594495 -0.0600045686672507 -0.165574553861369
0.021931971200759 0.0505630583783609 -0.0202676357625702 -0.204904178472428
-0.0405649408956515 0.0678927742962685 0.0599509504427927 -0.233257154296403
-0.0879432997445125 0.0143655765012034 0.0726185273153765 -0.272905578460602
-0.0897769643455242 -0.0467993281788479 0.0283947475097956 -0.320948547140407
-0.0612179579372348 -0.115884281951583 0.0898171609623394 -0.223052146406374
-0.0673703482531692 -0.0254421259871206 -0.0336459471667324 0.000231554405737057
-0.0614872856314991 0.019692727022736 0.127816062527479 0.137452575130518
-0.0307652654429378 0.0224074706549515 0.243238199208481 0.0144414136467234
-0.0147026252574556 0.0308199953558372 0.221283752566386 -0.166005148700499
-0.00105949519557107 0.0425582172469731 0.0928945151664302 -0.256062689475414
0.0229790758642712 0.0462432877088487 -0.0310875755331837 -0.243705228666219
0.035288987113095 0.0462396801867929 -0.0884666233804303 -0.188559077995302
0.028731415103086 0.057163246435747 -0.0761508482867255 -0.15374276132464
-0.00307434972425404 0.0591157435313253 -0.0649318290011604 -0.134649605600887
-0.0345432345766187 0.0674920827529802 -0.0706114313901388 -0.143503454547533
-0.0841178035356144 0.0440007446761149 -0.0520226764390773 -0.183949260015422
-0.128673017969068 -0.0109000988759967 0.0224527825210867 -0.218936280074718
-0.103575042095565 -0.104100462676812 0.0322961011255644 -0.263638131171272
-0.0587689753621451 -0.181175513591419 0.00960286600056143 -0.300773529818933
-0.0268836648480823 -0.23849669298148 0.0895053654748875 -0.161264834680172
-0.0945350899660409 -0.157145919544919 -0.0529031468636919 0.0478845703375798
-0.170491580483849 -0.0635254856120971 0.122632531417724 0.206743208142878
-0.149337271886753 0.0299258379478672 0.267969676962999 0.0769831408888804
-0.0779613991257866 0.108652002388075 0.261218127165475 -0.136296526916208
-0.0122180349354655 0.117283741166278 0.116366869796473 -0.231093954520346
0.0378007745578925 0.120177522105015 -0.00911608487674928 -0.216051882180049
0.0644814971700011 0.118036414393164 -0.0706093514311379 -0.158441640811681
0.0559523611048588 0.1296548985627 -0.0697122353887946 -0.117514168432298
-0.00459305259375552 0.122822472579848 -0.0699621692343596 -0.0893422585745706
-0.0697586843121309 0.128681885291877 -0.0909733376170741 -0.101036277965494
-0.166688524810731 0.067416291281526 -0.0946694555372353 -0.149593231006742
-0.214263484982967 -0.0495035386969433 -0.0245680283492824 -0.197579646382271
-0.136314250993565 -0.188141044044276 -0.00470061537723086 -0.238046742721301
-0.0386568524003452 -0.284897076267664 -0.0139709967191172 -0.241478076468327
0.0238280966694416 -0.327048814749294 0.0712966101434335 -0.0645894380204362
-0.0877791610690527 -0.279948879045383 -0.0820461156920591 0.114146686901537
-0.251425082316664 -0.167765591367453 0.0915333316857217 0.279926306077642
-0.263507731185583 0.00823035490484152 0.263137769078113 0.156168665359082
-0.152346263517721 0.164958644269256 0.281072689605742 -0.0763965290916787
-0.034253704552439 0.180027531735192 0.133194686663206 -0.175139553739629
0.0405700194423404 0.178344244500853 0.01522654206712 -0.159699722892359
0.0844544591163629 0.171981706808498 -0.0420610959341778 -0.102879923529706
0.0829278304647391 0.18107295626276 -0.0521596816984591 -0.0596243775683627
0.00682799296899923 0.169257880251826 -0.0659323634326402 -0.0264710678154947
-0.0774537512493888 0.179215683911917 -0.105529986932889 -0.0425694134648727
-0.2145947294883 0.101701403060346 -0.129646219051837 -0.0999183995501336
-0.273856677619092 -0.0556554738713848 -0.0640074426368415 -0.164647067457108
-0.165855880720359 -0.233183845985816 -0.023144894112382 -0.197135991046396
-0.0233236909289142 -0.34578798575067 -0.0316020663118147 -0.152849588637656
0.0748838790406775 -0.358146649795844 0.0366531495725604 0.0528672237161825
-0.0477688067205616 -0.357207003097333 -0.116836740620636 0.184595085749779
-0.272149587472497 -0.260341424407058 0.0351947389713774 0.331796920147344
-0.329931056877268 -0.0386054405805227 0.217063777381583 0.226694159024957
-0.213244854264115 0.181828313437502 0.263079364623099 0.00191651794536117
-0.0591709422614126 0.212703492271703 0.132555812684306 -0.0953246810494679
0.0341201964595003 0.209759489520468 0.0360999991029558 -0.0809406766925077
0.0920764064826774 0.200235224778208 -0.00865278324755702 -0.0335560903897349
0.0989122028320869 0.205227672570101 -0.0259022141136255 0.00979201990848162
0.0198997974017713 0.191707319204434 -0.0524102914589558 0.0427709549563028
-0.0705275110246328 0.204957313641337 -0.109817845584996 0.0202501919194346
-0.227403916777994 0.120687238249848 -0.147391388377114 -0.0476737345079637
-0.294150521611238 -0.0556799516511681 -0.0873244556146504 -0.127908493836948
-0.169483793835129 -0.247233777318573 -0.0217619890131072 -0.150529138852439
-0.00171344274620328 -0.357617356872666 -0.0387381642960588 -0.0513461567295037
0.108234753273659 -0.322931321362895 -0.0073675936654132 0.167612473222252
0.00698367326256584 -0.357540049695419 -0.146852498288943 0.243845775922726
-0.228273964919784 -0.299501074065415 -0.0273779671366583 0.344368457739322
-0.324564514570175 -0.0850783074496962 0.141779059939067 0.266000507012835
-0.231775934787573 0.15849223022713 0.209893905329593 0.075911723018157
-0.0716021148035933 0.207781798480349 0.113585110136291 -0.00798158509670748
0.0236149452753603 0.206133904756037 0.0508485700875241 0.00394547679313748
0.0859155217899317 0.19764113369909 0.0248673569030928 0.0399073353272894
0.0977072618314082 0.201385838380799 0.00550648684334185 0.0801592742005749
0.0253259452509291 0.189380361379683 -0.0350685287438977 0.109742944912364
-0.0615758492269755 0.201855056936279 -0.109442351150014 0.0785674751909298
-0.21682981064817 0.113502360340324 -0.153697213392406 -0.0029284752207289
-0.275078461411997 -0.0636540415050216 -0.0970459147535491 -0.0959703207271496
-0.139809315790391 -0.241113285725294 -0.00829621871001484 -0.105326562201296
0.0315993284338951 -0.322451600345509 -0.0420595432131046 0.0470457572648582
0.11497880920161 -0.230277286927525 -0.0454027225604056 0.258151222209533
0.0491605606135525 -0.28297815484217 -0.158757664311014 0.281619480627944
-0.148502966954699 -0.264641800267467 -0.0726323539232159 0.321447948481242
-0.253689083436193 -0.0992428994997035 0.0689974333737804 0.267066613033456
-0.198254918705089 0.112372475232296 0.143178079919919 0.127489966030618
-0.0655005860648065 0.167869564658265 0.0869978561835961 0.0666579337110632
0.0149189173127362 0.169425402807349 0.0602935675270306 0.0795104860064425
0.0674059357691727 0.165415346252944 0.0541586664560188 0.103721389692633
0.081176034693316 0.170558756625062 0.0333836449701519 0.143536181753442
0.0205678088350044 0.164928981034119 -0.0229169076644093 0.1669305879029
-0.0557410690566978 0.171715936304143 -0.114124119254251 0.12466047087536
-0.1882235479024 0.0838631990892358 -0.159977604357836 0.0278324411563877
-0.22564592717177 -0.0768269782068387 -0.103827334225425 -0.0741852957480883
-0.086546769871613 -0.217063000760597 0.00407524115901464 -0.0657747536418256
0.0681383447770255 -0.249191086172358 -0.0519506090227977 0.131879243727646
0.0959390147384928 -0.0965722768766015 -0.063301530800517 0.308229898441904
0.0667925970298252 -0.158405948333147 -0.143270503555999 0.295368976599227
-0.0639087790688247 -0.171342683592492 -0.0871583090956554 0.279501026509715
-0.145961906085925 -0.0802556297817544 0.0229100957093357 0.244120133117576
-0.126415296590067 0.0595073937696511 0.0884296901035594 0.152443757727493
-0.0438570623331361 0.104705366617089 0.0647526675817088 0.117305106971752
0.00741873683341465 0.105906349434457 0.0660429660143273 0.133443486725647
0.0406873186495324 0.107665350239543 0.0754080956638734 0.152078932287789
0.0518273125958277 0.115804566971045 0.0521559233251462 0.194269311378593
0.0102660295388887 0.119692244904518 -0.0207208596756987 0.210406482078175
-0.0465430691070687 0.12189125427337 -0.129553295355083 0.158550971702679
-0.141792647728049 0.044369660548955 -0.171718358003023 0.0425354748250823
-0.152912390195425 -0.0818828392411312 -0.112033920361313 -0.0665887197154952
-0.0233827269008012 -0.168466851167239 0.00855667493579898 -0.0351988023597174
0.0970701619559355 -0.143441399873701 -0.0717383970917724 0.19466134827279
-0.0666302903679969 0.0429793927721121 -0.00902594860234653 -0.263132389861022
0.0146623570991826 0.0874380750507468 -0.0352476510355291 -0.0142240001454917
0.0721183343332013 0.0503921851469243 0.138426570742006 0.0467613590876879
0.0629451837535022 -0.0295082027750478 0.191115753621932 -0.0896032224629919
0.0085062638886388 -0.0562776200396615 0.11472947285159 -0.222291351375213
-0.0118601251776855 -0.0304393287083462 -0.0227379086606539 -0.262882594750189
-0.0105010074657246 -0.0307029778152424 -0.130622179559336 -0.208958475216659
-0.0092810488880377 -0.0319717484328354 -0.156739003535988 -0.14217841383035
-0.00203122821699967 -0.0261674193957949 -0.126873114849319 -0.124293541217433
0.0109482152185984 -0.0163389980640939 -0.111906707371668 -0.124518542743437
0.0307970841261897 8.79859774932899E-05 -0.11493844753905 -0.134054377524534
0.0372146361800398 0.0404321958865884 -0.0881967120152507 -0.18779059674655
-0.015704381326493 0.0775356690296707 -0.0195243116908309 -0.243247169842305
-0.0783619555826496 0.0454234819178656 -0.0165637461959486 -0.281221006405762
-0.100934221403814 -0.0127926841648298 -0.072639118533814 -0.309721940767588
-0.10383259066873 -0.0924661950103149 0.0138605697688585 -0.240710419363497
-0.0749608943555819 -0.000157902642318674 -0.0293926275482796 0.0119977922909305
-0.0502825744850451 0.0405201988675525 0.169402092873862 0.0851465623032245
-0.0201657898054575 0.0330847908265935 0.237896979114969 -0.0716691889453708
-0.00213115115257875 0.0330038878604155 0.152486653792941 -0.236370764573769
0.0157492497919953 0.0376067525611745 -0.00550711988717215 -0.276362595953021
0.0391235492137974 0.0348603412933673 -0.12012928293864 -0.218830104870801
0.0489622895859959 0.0298143646144991 -0.15297703442831 -0.142250643530269
0.0484457883146102 0.0437529555344539 -0.127626208318989 -0.117339354842141
0.0178728874874103 0.0586873813710635 -0.110815151307462 -0.10645267759355
-0.00861311069715988 0.076522622806748 -0.117933133691549 -0.111847292746665
-0.0654510682701726 0.0708004535663962 -0.109697732841101 -0.156720460480849
-0.126655581122663 0.0334501182582945 -0.0494263735117432 -0.215133802631935
-0.134338816499794 -0.0614193106911627 -0.0545606900115568 -0.258012430599743
-0.115682891676267 -0.151974611126756 -0.0887774664771254 -0.282374491869905
-0.115466058308127 -0.22343541039262 0.0379549708999039 -0.177018427755685
-0.149514343187739 -0.114496596419362 -0.0240172622071257 0.0663711128286012
-0.18353864006072 0.00218824112658348 0.194709561765109 0.14784483732396
-0.129025920086581 0.0856300092482486 0.285044006365802 -0.026348378666625
-0.0329526555659881 0.128649073205035 0.198454518429167 -0.225538268764324
0.0311532940469689 0.112287661973518 0.0233043909899934 -0.262755908879887
0.079090963226586 0.10063012129587 -0.0899308916109537 -0.202299755696162
0.100987533204242 0.0863966898093531 -0.126799203610047 -0.119855096223484
0.0997265468948866 0.100893862300969 -0.110190999324213 -0.0853980999045804
0.0379238960291614 0.119049478418609 -0.100126290162163 -0.0631213285056573
-0.0199599749994415 0.146115788394059 -0.123527773165031 -0.0659354162512631
-0.136255537179302 0.122178803457254 -0.136617969945882 -0.110924887091757
-0.219923046257582 0.0274882382979429 -0.085474868110126 -0.177656048873146
-0.194645078142746 -0.130266805658959 -0.0840613204639165 -0.219842093888303
-0.131899727419652 -0.260751779345783 -0.0962332854362642 -0.216684388271114
-0.0998019802679748 -0.326583322624944 0.0552619522190713 -0.0751741167051774
-0.18861588784887 -0.234571186841992 -0.0240022855701044 0.142792954651928
-0.298083892756703 -0.0647118718210794 0.197784426395827 0.224820329303789
-0.244615835578608 0.108784438170625 0.310176117514169 0.0454046100028917
-0.0821452005176307 0.208919352455316 0.235292291253551 -0.179325548570315
0.03194627546109 0.17927490292975 0.0577985808886988 -0.216943204966677
0.103102990744417 0.156066159278249 -0.0471986736807002 -0.16018587385927
0.139384269531979 0.129875898842155 -0.0818551154888835 -0.079763468400392
0.142311188642931 0.139497153532004 -0.0735099985556208 -0.0366646876005655
0.0656465552472547 0.157672385226424 -0.0754844227008146 -0.00562883373841515
-0.00935509892589605 0.195485501084368 -0.117549585172824 -0.00737708935057197
-0.168626189611776 0.171597521066543 -0.152299963631113 -0.0538289461125461
-0.27823149248824 0.0421603282294432 -0.111858841047318 -0.133351303153556
-0.238572418675284 -0.16186268481505 -0.0899257833466222 -0.174401873421559
-0.138160000271489 -0.324735020329122 -0.0862915212287916 -0.126920240912574
-0.0604725371035365 -0.374881111364007 0.0613618273218212 0.0507019287028522
-0.177759613290344 -0.322610697079978 -0.0316451213786009 0.225843452346358
-0.350956199727146 -0.14449427064603 0.167412925893652 0.294109724127276
-0.324898204735166 0.089974427281838 0.292726404741994 0.12620231387927
-0.133087065694228 0.247097419844517 0.246377247946414 -0.101344027336418
0.0214089211410489 0.220068010801773 0.0851927249822338 -0.141233827554792
0.107818062939885 0.188750088979403 0.00169075755884824 -0.0955228109172142
0.155684012101533 0.153543872305841 -0.0257432101538287 -0.026953755348141
0.165399123175503 0.157259182217935 -0.0239099552036488 0.0189049185945305
0.0855766507133029 0.174298445358584 -0.0384864920978422 0.0555801652262765
0.00606491368279927 0.21656547231751 -0.100334674087082 0.0530583775742009
-0.173878923751486 0.194088903495694 -0.151407130848343 0.00154790214266179
-0.296388632805752 0.0493249253527635 -0.121353019858441 -0.090149188186213
-0.247155287779259 -0.173477669490807 -0.0741695607572666 -0.130582889426297
-0.121297843955322 -0.343401548147585 -0.0616882072492923 -0.029485910194327
-0.0141805753873341 -0.351702683601162 0.0562426338423328 0.175088228828984
-0.124636956292697 -0.343088556285573 -0.0418205892037217 0.29403349223893
-0.323020373535592 -0.197070686423211 0.112526281148909 0.330617668614044
-0.337149081233279 0.0450456756469134 0.237287653500856 0.190764679665226
-0.158991214688147 0.232013054547049 0.222158329449472 -0.0128473651852977
0.00712783463297989 0.219822000925749 0.099471388064317 -0.052390208912387
0.0970425835787049 0.189666497487908 0.047591402462711 -0.0215395883908234
0.148868118528314 0.154479377718329 0.032474091603724 0.0278808565396072
0.163312347591759 0.152741402324664 0.0303008580071665 0.0741212907321774
0.09024611384625 0.170143691083455 0.00110021350836529 0.112247723729707
0.0122021788369506 0.209402790188547 -0.079346446645311 0.107853516868953
-0.166333050594618 0.182371618546169 -0.143211100030874 0.0464071425192133
-0.280769637862228 0.0357638496290566 -0.121577453500766 -0.0568659915184785
-0.216677274603552 -0.177414048745678 -0.0465956930423793 -0.0931218286600483
-0.0788553486971752 -0.321850856318342 -0.0333145182308052 0.0629397621259849
0.02601271761982 -0.263151191719994 0.0476462539439957 0.272832473238322
-0.0565988419880057 -0.286541275373582 -0.044928072356417 0.334038148123415
-0.235449081747008 -0.194182493165723 0.0571925098029857 0.32850396587231
-0.275699313829065 0.00425578452309795 0.167796438028829 0.221442610089054
-0.143290902194942 0.177591719148109 0.177924068254414 0.0616927585585268
-0.000863727299524398 0.180696224338677 0.102110554834571 0.0280044818033995
0.0756677777203757 0.157897330483338 0.0851491972291574 0.0474751028877488
0.120422962025071 0.131064597435866 0.0843877107259122 0.0766640127920119
0.135558972895037 0.130421937470868 0.0792541805214895 0.123285182353759
0.0764726739830073 0.147700215509149 0.0329056025039868 0.162144133766067
0.00774522949532323 0.179675936199738 -0.0672140502121595 0.154274395797279
-0.149398663949938 0.144611056754747 -0.139226132486041 0.078024073351909
-0.238834609134364 0.00610223364223752 -0.121261112896848 -0.0335925905678925
-0.157567001173325 -0.173805866264204 -0.0219792031450104 -0.0610115649585566
-0.019032432027971 -0.263089419297206 -0.0137514384864196 0.143943161204493
0.0586189816246299 -0.125984436413234 0.0441636996304961 0.322080664772111
0.00722887052362819 -0.172460042444532 -0.0320164154920752 0.338391164620714
-0.120735273005801 -0.136016600691158 0.0225935659395912 0.295556751210269
-0.166893252238886 -0.0179916972193739 0.112683342305715 0.220946257494447
-0.0954208385980409 0.10231834045647 0.135835192464887 0.109020418348855
-0.0023160849780804 0.114067275566773 0.1011593554149 0.0853340043434555
0.0449337825532979 0.099705906933935 0.111511774198729 0.0973038109223326
0.0758071314623199 0.0867363891709361 0.122996273460852 0.113141951176655
0.0887542761959527 0.0895809249720061 0.115680764002072 0.162527642951136
0.0522068148046015 0.109199051625518 0.0518572795170807 0.203207012896022
-0.00177243439361635 0.129992688666302 -0.0676499861796833 0.1913602244874
-0.118914119365797 0.0907836523945685 -0.145937654990788 0.0959448538760763
-0.171171188967863 -0.0242581998407991 -0.12812067077288 -0.0242084288123942
-0.0805596267979309 -0.149635811419512 -0.00713169308206971 -0.0349258002183106
0.0442116727840195 -0.170829867063723 -0.00969345814815737 0.206670408153304
-0.065823863853918 0.0444293524141096 -0.0160884535030209 -0.265947936965885
0.0165152910271966 0.0867059352166284 -0.0361587987248826 -0.0109112607174595
0.0736009330308677 0.0476948274668986 0.142546255254412 0.0459964262535563
0.06244793662037 -0.0310606138943697 0.193356913803281 -0.0959881452903831
0.00563556138226198 -0.0555414837409601 0.109907026962456 -0.229917893212513
-0.0119085405459704 -0.0306560845623871 -0.0323739657618584 -0.26722681981972
-0.0109572671899878 -0.0305889367453737 -0.139397752872839 -0.205742339215136
-0.01050050162472 -0.0322683450377652 -0.163368787054371 -0.137234551149581
-0.0013382633122846 -0.0265752853005333 -0.135593262619613 -0.122377050772141
0.0120345000399447 -0.0160244858885589 -0.120050748527194 -0.123282694463216
0.0314903087876807 0.000359161234018655 -0.121498547886744 -0.132791003161834
0.0378956871732487 0.0399993146061234 -0.0945719078304995 -0.188373979344519
-0.0138976503179903 0.0787999377381749 -0.0247352256113108 -0.247662611766518
-0.07840129746303 0.0468181884099296 -0.0216226303330547 -0.28472852532395
-0.102434455562011 -0.00985594555670937 -0.0800259490115982 -0.315354180621407
-0.108344941987061 -0.0913339639838795 0.00730330720270348 -0.24237301053843
-0.076625218430583 0.000796329732977637 -0.0292895747578275 0.0148934924796342
-0.0501803772394599 0.0423320290688098 0.174925433963587 0.0839037005729694
-0.021595567567176 0.0351478479778904 0.241750300164341 -0.0783541068948466
-0.00225341145801625 0.0350454052388245 0.148451508642755 -0.245946469100365
0.0168461445881839 0.0386578855662089 -0.0148544035755616 -0.281250452866011
0.0412962528385334 0.034464137934256 -0.129038218856339 -0.216212515014588
0.0513469832751103 0.0281625184144052 -0.159444059903093 -0.136114106692275
0.051774370571899 0.0422354145029849 -0.135778433590756 -0.114143404503511
0.0203168915572724 0.0599114119198615 -0.118331901152208 -0.104071932098582
-0.00543150706970065 0.0792081604859148 -0.124954921014456 -0.109853055005071
-0.0656142301610858 0.0749788480371862 -0.115667852452471 -0.156467972650731
-0.127789733902375 0.0381527568841666 -0.0549085352486625 -0.218148631700724
-0.138677925751224 -0.0605875685671577 -0.0603469115117165 -0.259563472470403
-0.121456228056959 -0.152404973411708 -0.0967415674281478 -0.286711080302454
-0.124309507950521 -0.224683571983874 0.0330165741340894 -0.178275528835264
-0.154927733494963 -0.113868490765971 -0.0224965670445328 0.0702283526772816
-0.186360047974192 0.00846840776149344 0.202573102744477 0.146757911287277
-0.130717761995387 0.091375703186805 0.289469326575031 -0.0333976978855083
-0.0297703431290575 0.132763922450605 0.194703900526608 -0.236197426038558
0.0349483784052302 0.114165917210462 0.0159793149530019 -0.26794890791289
0.0840340070010818 0.100000196411422 -0.0987054948797276 -0.200868144708382
0.106956953772156 0.0834150099925343 -0.132361186238353 -0.114861235123879
0.106500858877327 0.0982965068426973 -0.116284277877855 -0.0818169532966853
0.0424141057160101 0.120735394145584 -0.106075165725189 -0.0601358406973302
-0.0149523351990714 0.149628756214904 -0.129148552880966 -0.0633655705468014
-0.135276790221892 0.129535445748103 -0.142229659149049 -0.107632945615113
-0.222794988408827 0.0356151319808505 -0.0918275515809212 -0.181039366458765
-0.20217774693483 -0.128611526338673 -0.0899981120139404 -0.220596910131046
-0.141456129999596 -0.26235379752904 -0.103178065374969 -0.219292978410457
-0.111096374574146 -0.329316098930914 0.0528945576164217 -0.0751322728668045
-0.197349915865466 -0.234020011196069 -0.0209815662438226 0.147041890328895
-0.303792742210775 -0.0562429524379613 0.206334313372845 0.225428301887563
-0.246661884981502 0.117886233002512 0.316037069989114 0.0397202627040647
-0.0768328643656835 0.215699780097412 0.233726109405184 -0.189717166947597
0.0386042202743887 0.182203693820871 0.0521864942491708 -0.222653447496542
0.109911995828252 0.156343211364581 -0.0528860425298654 -0.159850861018129
0.147563792084042 0.125738486190556 -0.0853393712758721 -0.0758015306547251
0.150724745493523 0.135099115482796 -0.077177695353831 -0.0336023402868096
0.0713782863006566 0.159412877987051 -0.0778213120764409 -0.00211413021315692
-0.00256225939084441 0.199261669032936 -0.121763711216379 -0.00248053784792465
-0.166026153686311 0.180809438637147 -0.156483650877034 -0.0495354298458447
-0.2820293795533 0.0529422548764328 -0.11851429442525 -0.134172997646803
-0.247902251620102 -0.159324045054678 -0.0959124297044751 -0.174226072324986
-0.151345084105716 -0.327062386771273 -0.0911984029502492 -0.127415934452365
-0.0733960088804003 -0.378490545236523 0.0616536584494972 0.0521335686536973
-0.188691647666865 -0.323434964281014 -0.0267769639124079 0.230525774735757
-0.360057294293453 -0.134545791469115 0.176481568712576 0.296164875107229
-0.329626998850849 0.102441615598082 0.301443040558779 0.123095609568726
-0.126699251055749 0.255344097417217 0.245660991420711 -0.110979703224102
0.0287290016547518 0.223261436410666 0.082415966968167 -0.146098775976721
0.116862570335852 0.189478744444203 -0.00111960902552713 -0.0968524038821736
0.165190331978831 0.149401567039363 -0.0269819354078797 -0.026019362073007
0.174797064466696 0.151228535562706 -0.0241613862739948 0.0205956842844858
0.0924475640129141 0.175216210428177 -0.0379178751370987 0.0583251587837056
0.0133921159825774 0.219440825262796 -0.102103672954832 0.0591199239325204
-0.171378326270299 0.203892961207302 -0.154299709279266 0.00752604418423588
-0.30015596822499 0.0615891261356935 -0.127946778744865 -0.0904553715918825
-0.256733933359115 -0.169629164354889 -0.0796192388077438 -0.130841932593609
-0.134991801363975 -0.34633876563951 -0.0626140351928939 -0.0285839618380711
-0.0265083488993479 -0.357167383836828 0.0592835569494771 0.179056210657456
-0.135511440642353 -0.345379213511224 -0.0362758734558517 0.299884946650429
-0.333542806338881 -0.18934371736801 0.121989898366926 0.33450955267242
-0.342521948234273 0.0571355901847615 0.246491830554855 0.190213058967275
-0.153499118428985 0.240530184392023 0.224650802645383 -0.0191991252758007
0.0149187627784518 0.223528690645093 0.100114752523312 -0.0557455732368303
0.105273260046678 0.190463079370635 0.0480299857815737 -0.0232668756940981
0.158879433736629 0.15014506064882 0.0338186761425414 0.0269460588312953
0.171844033811965 0.148267021818646 0.0335423506151345 0.073367689303002
0.0966109044284255 0.170061075814354 0.00472088289807205 0.114536783017056
0.0197927998304769 0.211415012353308 -0.0785042701632708 0.114192974333287
-0.16367662953841 0.191403802784575 -0.144517418679804 0.0522867106029591
-0.284399043521153 0.0459565736472586 -0.127194606572881 -0.0562190107540071
-0.224880549498359 -0.174217907444611 -0.0512788020402542 -0.0932474612081145
-0.0912259899121516 -0.32551316946558 -0.031751785500017 0.0649988963663858
0.017316015431611 -0.267293983066207 0.0530730421501366 0.277810413226664
-0.0640491836815949 -0.289763780186396 -0.0395150081011454 0.340565579124228
-0.243659273898967 -0.188028442995156 0.0659499614112614 0.332520904239671
-0.28065528803233 0.0131503653285373 0.176812819787116 0.223064172756391
-0.13896936120985 0.184786669871522 0.182876638057825 0.0576440451903222
0.00662773534875804 0.183513246052764 0.106116629766287 0.0257802468265618
0.0824526993729127 0.158042983941843 0.0890886521993868 0.0442225826117389
0.128259580157281 0.128221039736373 0.0886424781829954 0.073848037732665
0.143142492392602 0.1256945300877 0.0848643172069801 0.121035018526616
0.0826623739398385 0.14758428322476 0.0393452783627745 0.163689958315654
0.0135920867417432 0.181089425571068 -0.0635391661076336 0.160663770661461
-0.147971785643429 0.151739174474868 -0.140057930198124 0.0835691247820461
-0.241442125077699 0.0144601146479171 -0.126793728338476 -0.0332874235113516
-0.165040758511548 -0.170907302135743 -0.0258644782489872 -0.061774141963542
-0.0281187301094452 -0.26741660247646 -0.00934165667457481 0.146576637405745
0.0538936883251245 -0.129613049335368 0.0506874992683494 0.328425111650177
0.00378476138992611 -0.176037558103017 -0.0265726526880536 0.344743768049994
-0.12621278668271 -0.133361180942435 0.0298189505033878 0.301655183183725
-0.170610473120166 -0.0130739667383827 0.120641792956833 0.224228357414282
-0.0922851202138564 0.106441955257891 0.142029687263348 0.107361453415791
0.00227149361366568 0.114752112527568 0.106674770177083 0.0841482659710142
0.0494299807687548 0.0997320117847608 0.117340945768316 0.0935557028144144
0.0804445008874131 0.0848953906648161 0.128819398275077 0.108590292468417
0.0930385591983136 0.0861250128099061 0.122444359124729 0.159359909111472
0.0565466050059911 0.108646435305474 0.0599896005036175 0.204187612176224
0.00305251647450836 0.130914215166588 -0.0630792071645085 0.197908158577739
-0.118675331566477 0.0953765384266549 -0.14714529883498 0.101343904091929
-0.173421838556834 -0.0184014152364342 -0.132784011074861 -0.0226236990438773
-0.0857910575394086 -0.148371006635015 -0.0100645160020622 -0.0363387631212188
0.0387484529194593 -0.175701906177696 -0.00339571170581112 0.210764282769265
-0.0669108252101081 0.0472934520583476 -0.023737464691082 -0.273103711555453
0.018878831052148 0.0880921512196474 -0.0375746911990357 -0.00761301624637126
0.0768162651918753 0.046149125120687 0.150322599678506 0.0457922460268252
0.0624328528318093 -0.0331721623723426 0.198613864185535 -0.105238343564263
0.00375229805590352 -0.0549858110160422 0.107377955437914 -0.242591845073104
-0.0128032577590928 -0.0306728130558956 -0.0432304626478794 -0.276008156089042
-0.0117607822970675 -0.0315544855762111 -0.150090883522283 -0.206028843143554
-0.0121480248325702 -0.0328511603179123 -0.171538752952787 -0.132899947161112
-0.00225396582255216 -0.0269322989715578 -0.146190315777407 -0.120353831764591
0.0128747227629645 -0.0165355436913597 -0.130338430467952 -0.123089246907476
0.0327707902699957 3.96983683066657E-05 -0.130061746003856 -0.133687309011472
0.0392575491149588 0.040508691384185 -0.102923217958359 -0.191590084968055
-0.0127248244822647 0.0809424125941947 -0.0302809419894003 -0.256088184303631
-0.0795867909090343 0.0494769423278559 -0.026005473789054 -0.293314032525176
-0.104927280297798 -0.00728924941893364 -0.0893450658861027 -0.32586996229169
-0.114304768068585 -0.092320532094072 0.00128531332413 -0.24867272426687
-0.0800590446477106 0.00141292155871947 -0.0298377678830329 0.0189179957448497
-0.0509636919337409 0.0442310354482818 0.184020725074298 0.0839991719979948
-0.0221669544421551 0.0373934161834618 0.24776462830247 -0.0865605797942194
-0.0017532752941669 0.0379518635040765 0.145964065744145 -0.259400852306796
0.0194945883232072 0.0401029629042132 -0.0252234868320355 -0.290750672470211
0.0451001573066673 0.0341271959997425 -0.140361040923819 -0.217495962745448
0.054521711385556 0.0267049134644728 -0.168396631736896 -0.132468244667276
0.0561297274164469 0.0413528619037432 -0.146462033663264 -0.111838537029858
0.0234830981688158 0.0620473147199732 -0.127984170396398 -0.102930961116982
-0.00313484232180446 0.0826412326549031 -0.133330178111962 -0.109261154910563
-0.0672867233041508 0.0797802874167356 -0.123577906642794 -0.158005934967157
-0.131493311925744 0.0432210475096184 -0.0615204200701412 -0.226427799397642
-0.145443182619079 -0.0598566932062805 -0.0666240763550021 -0.266402956467434
-0.129795152564806 -0.154650764318546 -0.10610183896724 -0.295147714728043
-0.135992666258942 -0.228918801340465 0.0294750470513049 -0.18186419577466
-0.163791596748742 -0.114503920797559 -0.0211430906724213 0.0749338731741249
-0.192188645244037 0.0141590154971154 0.213239372548795 0.147655281155958
-0.133554514984337 0.0991766793042173 0.298681901283739 -0.0403202103266529
-0.0269143769682608 0.13973218065672 0.193470907456011 -0.251063108248333
0.0401072874356489 0.117954093855049 0.00796421650743526 -0.277787073209499
0.0910123992741815 0.101064789575256 -0.107630976382914 -0.203147675361406
0.114439965191127 0.0811977263562298 -0.139674251413539 -0.11119738957699
0.114147050829159 0.0957920455077121 -0.123997863366892 -0.0792549645966791
0.0479130066075564 0.124485770100025 -0.113268231216015 -0.0576519682519873
-0.0101884835168558 0.155982269743335 -0.137569571285298 -0.0600599203714458
-0.137023462005417 0.138745890170783 -0.150279304321952 -0.107089624679658
-0.230128510489486 0.0441851201519189 -0.100012674285864 -0.186453223766402
-0.213589953096009 -0.128046747231378 -0.0969265850404283 -0.225119622292531
-0.155533461638378 -0.266959406736403 -0.11184823548848 -0.224645813169404
-0.125332757245123 -0.337635865039773 0.0513906385452268 -0.0749310247637612
-0.210943692447497 -0.238126446948268 -0.0187158290637312 0.154795768348043
-0.314302712992455 -0.0487952884251511 0.219307001197332 0.228165431654175
-0.252892483543764 0.129879136988649 0.328151487179324 0.0342941007017025
-0.072733735009427 0.225888801691591 0.234089465515343 -0.204174728482847
0.0458718136498279 0.187742483681053 0.0470944922156368 -0.230795250578223
0.119776840205808 0.157970263150935 -0.0596833583789074 -0.161468083068234
0.15837766066916 0.123041517936292 -0.08990831997492 -0.0729021573318001
0.161685349154073 0.132354050503561 -0.0816385221984484 -0.0310706900246732
0.0790159047441688 0.163455571398145 -0.0821220264288728 0.000730966062267276
0.00379048405917081 0.206396086963857 -0.12774598510377 0.00247776596224344
-0.167536858931633 0.193218705777098 -0.163488377633514 -0.0457064765684595
-0.289417586001255 0.0648016127713851 -0.127064713369865 -0.137246462644858
-0.261587084381791 -0.157832427013879 -0.104078835989973 -0.176616248864193
-0.167333424625829 -0.333837174087043 -0.097259652233537 -0.129742076439749
-0.0886852539687622 -0.389521053993134 0.0635257931287534 0.0557264480553411
-0.203404017119687 -0.330811223119895 -0.0225921687327126 0.240267293738356
-0.374133784936422 -0.126912474622786 0.189765793601106 0.302552176741478
-0.338958709999754 0.115514828321738 0.31486194871731 0.121919490297598
-0.122097352076096 0.269007671939391 0.250091709096938 -0.122590767646199
0.0367465685296385 0.230022991848393 0.0821708292183894 -0.152936747962475
0.127226710238339 0.192255780404135 -0.00310127009081371 -0.0989371340984332
0.177645008927835 0.146894163585065 -0.0282172411422742 -0.0240796617721329
0.186273385280393 0.147557672961143 -0.0246044943772804 0.0225375438166271
0.101024918790836 0.178486951826397 -0.0378925231133171 0.0614690517557804
0.0213071606912304 0.225711628834757 -0.105031269017763 0.0655184004491575
-0.171560196659718 0.216939855588455 -0.159860106958185 0.0128947907366058
-0.307609607710488 0.0742114188179838 -0.136682037270318 -0.0920949384630951
-0.270278814128324 -0.167999761058338 -0.0861607345313474 -0.132781114649034
-0.152210942349765 -0.355157468788395 -0.0651441906621227 -0.0283539116655433
-0.0384722790664654 -0.367360485379231 0.0645575334417836 0.185683099859029
-0.148712793589627 -0.35473747687321 -0.0306489768841987 0.312229997835447
-0.348714526118158 -0.183903986652727 0.133706865275379 0.342469762733569
-0.353950550942805 0.0694160542754518 0.259356748655438 0.193003480711958
-0.149565168484834 0.254732775696162 0.231029600049015 -0.0274012664264502
0.0231775024246475 0.230423213615968 0.102817945127244 -0.0601161227948645
0.116145141950891 0.193048079675726 0.0496727409103162 -0.0259806331525114
0.170170468219328 0.147988528079043 0.0355867701642788 0.0268029098140671
0.182899613704277 0.144133807739359 0.0364938421978948 0.0746679936194932
0.106195633673602 0.173377739325597 0.00907884044112398 0.117765077841189
0.0273980402598999 0.217227099225984 -0.0783750810168637 0.121919991597264
-0.163895770862484 0.204145450148514 -0.149209663774535 0.058323117607513
-0.291689606102185 0.0579825508699225 -0.135367677736487 -0.056289418266474
-0.237772075035298 -0.172647898045085 -0.0573964053396634 -0.0958907802974755
-0.106032614517812 -0.334261575513792 -0.0307405465073793 0.0678093633520233
0.00924020729182172 -0.275582550621058 0.0598874593115934 0.28865613902274
-0.073802361549598 -0.299216372681702 -0.0343455811538877 0.352585779241809
-0.255471019849782 -0.185837147895806 0.0751606588476918 0.342785699612784
-0.290573488752795 0.0216101236920744 0.188351465490608 0.228187748831919
-0.136212169017926 0.195121382161812 0.189740390576021 0.0538191493791104
0.012651046769619 0.188541831628068 0.110992528660136 0.0251059268807534
0.0904746415570091 0.160841474435203 0.0945639010987759 0.0418868628076991
0.138070558997497 0.126121221858193 0.093072260174981 0.0719775879199416
0.152120906344895 0.123430387274992 0.0918547095132992 0.121183500751989
0.0905358366966286 0.150019836877844 0.0469105873120048 0.167027308300002
0.019722081433739 0.186000776820146 -0.0610608495859271 0.169173297841195
-0.148952959118765 0.161716472202261 -0.143078414636769 0.0905600865298391
-0.248356916533564 0.0235538146016001 -0.133891969747786 -0.0327493859136895
-0.175525600431049 -0.17076928901593 -0.0298384832495106 -0.0630122286206079
-0.0391833656231365 -0.275542205681549 -0.00489631129497304 0.151447163682007
0.0508695358115451 -0.133417002411947 0.0584377062985938 0.33987735128451
-0.000544014135966178 -0.181857067531416 -0.0198865720876125 0.357132735476877
-0.13192410936181 -0.132652184818824 0.037357110903575 0.31021763836237
-0.176800745186757 -0.00837842491726694 0.131378738782436 0.229519853584918
-0.0909015821595985 0.112427283944938 0.150910861750509 0.106988327411755
0.00641356252339094 0.116946191483786 0.11496649977925 0.0843843604984562
0.0544077736074362 0.100659820535737 0.125142986415128 0.0915689053296173
0.0868011127576315 0.0834234865879267 0.135010089559869 0.105882530449439
0.0988428158176208 0.0848887801881124 0.132692620966303 0.158372444415095
0.0613858252232685 0.109645568002547 0.0687853483833033 0.207699368856468
0.00670087672048838 0.135501297402887 -0.0590874879510003 0.206833926569475
-0.120542957987654 0.103072296463516 -0.150168667234812 0.10879237708909
-0.178848987635632 -0.0124738909715042 -0.140147170338776 -0.0212126491529322
-0.0923614181272959 -0.149379981412791 -0.0127022766225666 -0.037618311304365
0.0337011766493424 -0.182140734809815 0.00312049545070287 0.216848009938987
-0.0668053972389069 0.0508882127147176 -0.0366612287105736 -0.281790021585193
0.0231618052929806 0.0894476049389751 -0.0393404257094611 -0.00369519172404465
0.0797686754771976 0.0427887476507011 0.160209096880595 0.0439148789002463
0.0626846754168707 -0.0366415890159117 0.202198578167411 -0.118336043735184
0.000651337633220228 -0.0559751971047131 0.0994312160805296 -0.258928997285373
-0.0146301001938434 -0.0310566511120813 -0.0594259195219539 -0.285913209202991
-0.013324096876264 -0.0321610440936748 -0.165734751539539 -0.20545873027711
-0.0142822477909419 -0.0333013706571884 -0.183087965087387 -0.127955134323714
-0.00277758122560189 -0.0290636438678333 -0.160813555537507 -0.116092459995019
0.012892816790191 -0.0175224559532596 -0.14377141403664 -0.121031702723349
0.0344733593142466 -0.000643870047962958 -0.142828108745321 -0.133221244333685
0.041356056855474 0.0401947757377979 -0.115014960535406 -0.194494790145491
-0.00953029542689378 0.0849044259165121 -0.0413081140075548 -0.266890974393225
-0.0808988126891958 0.0546019250963378 -0.0363449874721177 -0.303452907742686
-0.108334004645156 -0.00213976759561237 -0.106183202735578 -0.337288183829011
-0.123805723960124 -0.0913574565572664 -0.00875036627597293 -0.256749557086189
-0.0841779071175987 0.00398887199923866 -0.0294273509808722 0.023229653605761
-0.0524977903477781 0.0484094672606781 0.196733251159411 0.0819512024706733
-0.0219089005200984 0.040979538458186 0.254673830190983 -0.101154765878177
-0.000170588007580255 0.0415890383973699 0.139254759506012 -0.278766473166227
0.021816774921203 0.0408303943235949 -0.0414345154640944 -0.301985613451305
0.0490165180085507 0.0332879917268096 -0.156384869353001 -0.217106211488053
0.0584807605891467 0.0241946690342892 -0.179658965822217 -0.125754599622044
0.061433955303093 0.0388509084206154 -0.159573277691118 -0.106788983484566
0.0281346860851963 0.06434928607463 -0.140407738268523 -0.100107905101361
0.0016661400976572 0.0865690041562109 -0.145424570198907 -0.106755001715295
-0.067576292095384 0.0872985280301369 -0.135714560794457 -0.158229491824464
-0.134691026989511 0.0516351285460707 -0.0732999276742693 -0.234888910747986
-0.154527489354638 -0.0566715105708724 -0.0777565685683507 -0.274010211679599
-0.142062068325822 -0.154933376009885 -0.122955452629769 -0.304208500055393
-0.151704153048475 -0.231419969950012 0.0230157274311467 -0.187621994082706
-0.175764041822968 -0.113439179653004 -0.0193802716246284 0.0805520173652064
-0.199256183831216 0.0236190527712318 0.229203436037011 0.146624581065951
-0.136536283763754 0.110561912662949 0.310056991080529 -0.0538162654677009
-0.0215912707123866 0.14733182622181 0.188374017425933 -0.270079011281289
0.0479238422813407 0.121260547265 -0.00583625775752877 -0.289925102384821
0.100910212662451 0.101117338397258 -0.121695283013165 -0.203990453253887
0.123839478486735 0.0771492748298956 -0.149892721137028 -0.105213630059727
0.124730964206927 0.0921076322009655 -0.13498050750022 -0.0737114807439065
0.0566148430148816 0.128088130094745 -0.122676760024307 -0.0536735968473388
-0.00238116827613598 0.162833358692164 -0.147028787328174 -0.0546367449892636
-0.136514046642074 0.152425132295609 -0.161796866415337 -0.104263290652068
-0.237345631099645 0.0579851114792034 -0.113227251783076 -0.190672567180797
-0.228759833602449 -0.124715804083976 -0.109461868598896 -0.228864149405943
-0.174656419185207 -0.271217298474909 -0.125746072103162 -0.229297283568392
-0.146658113344051 -0.344657787765063 0.0496513502756565 -0.0770633301576013
-0.230350652578597 -0.239365086155996 -0.0128900942439691 0.162684080347349
-0.32836188388193 -0.0350499803897944 0.237685074018251 0.229186888908316
-0.25931606082734 0.147445145382167 0.343984555060761 0.0243651270379576
-0.0637772301888637 0.238925843468295 0.233334968142846 -0.224292356988815
0.0571665717549232 0.193672194119692 0.038389864993124 -0.24228050901038
0.132961886873682 0.159112349788447 -0.0687406237081798 -0.163687580442939
0.17149219597814 0.118032316560433 -0.0967565295886725 -0.068532199336548
0.175691800667442 0.125825951581463 -0.087913309049282 -0.0261025391520167
0.0902578314385908 0.166963093158525 -0.0867712085074602 0.0060448244076151
0.0153222390468335 0.214049573396893 -0.134070312843355 0.0108426712132508
-0.166104893286757 0.21031283569874 -0.173370086924665 -0.038844718871815
-0.298779204717451 0.0823566228084688 -0.139954169096649 -0.139286135702337
-0.280253633490602 -0.151875021289991 -0.115289421892002 -0.178830079629452
-0.19163946318444 -0.341257723590487 -0.106726460697956 -0.130785366642818
-0.111504597927256 -0.399723451980533 0.0673663607842148 0.059758457015036
-0.226231406576464 -0.335803595946072 -0.0134926709540827 0.252841518233856
-0.393374125493198 -0.113883803556668 0.209549762753085 0.306874016758602
-0.34995440655994 0.135958958137305 0.333355344467909 0.11658483669341
-0.112995657536735 0.285969471704912 0.253322643601481 -0.139544110485748
0.0499762379824959 0.238055681755663 0.0785627368894052 -0.162760285069513
0.143109597107952 0.194102942015899 -0.00719356515197497 -0.102071019300868
0.193145504818199 0.141362756257297 -0.0313565083794123 -0.0222474231856051
0.201859306149906 0.140780282670317 -0.025565388299309 0.0257710297881448
0.113539285015296 0.181057007161941 -0.0377033423447812 0.0667742323857128
0.0337156362421892 0.233060015724955 -0.106461315151514 0.0750684251647633
-0.168634428579408 0.235143677850048 -0.167230633730545 0.0214449061454899
-0.316487748932561 0.0932553459498433 -0.148672829043326 -0.0911763967441118
-0.290608319012179 -0.16223623446267 -0.0959245357398345 -0.133606904011516
-0.177357774410327 -0.362560658499513 -0.0693975085639329 -0.0265453968024989
-0.0589240555037455 -0.379113433674787 0.0729182924569875 0.195181249337324
-0.169633024714546 -0.364220308607017 -0.0212100750984923 0.327011850272019
-0.369121293382992 -0.174875617650873 0.152345043261142 0.351528828511947
-0.366647068225057 0.0886574433013245 0.279125028954409 0.191980028430476
-0.141252121410676 0.271584317055643 0.238578726153503 -0.0392073301577723
0.0363284304425782 0.238423092564603 0.105788763561311 -0.0666469845516976
0.131179452510141 0.196337481847919 0.051726040290693 -0.0293437710655017
0.185635080332651 0.14312578707569 0.0382869446826496 0.0259293999782565
0.198602680943492 0.137777250728753 0.0409817090842927 0.0752638476768683
0.118149799207499 0.174890100841603 0.0150368291726697 0.122222213732863
0.0389569347032944 0.223025265981482 -0.0768901202523805 0.131959027765225
-0.160858890747372 0.220948299621878 -0.15385441158451 0.0681105387198038
-0.300140260848476 0.0763609390645241 -0.146150555804388 -0.0535995546237479
-0.256377906189321 -0.168472869529504 -0.0646357477062915 -0.0966413790482786
-0.128854396734636 -0.342614067232098 -0.028347397982168 0.0718310423478818
-0.00488419222519421 -0.286406228678459 0.0731592460105363 0.301066361150011
-0.0888260552843356 -0.309102971450872 -0.0225631644491496 0.369621719944794
-0.271983471409406 -0.180671297252916 0.0914835090916153 0.353392669299971
-0.30195328315794 0.0366657405977803 0.207032700054828 0.231287077748363
-0.130598188368952 0.209136321540346 0.200050202148636 0.0472176287065094
0.0237663969625604 0.194427694205306 0.118729574302419 0.0218542786685883
0.102837019792177 0.16268083224432 0.101035953761212 0.0386539184976843
0.151024757225147 0.122494508957898 0.0995430327203723 0.0688942937857681
0.164064602016567 0.117836091840788 0.100853451697653 0.119858555563147
0.101523242312447 0.151548383299465 0.0577411851545211 0.171223525659689
0.0303796481780717 0.190817259269075 -0.0553481864082362 0.179614315831631
-0.147463079079126 0.176278845266018 -0.146253445081227 0.10101389951387
-0.256070834167964 0.0374499859857622 -0.143510731162376 -0.0288175360265959
-0.190174040522133 -0.168974952418885 -0.0353985423068327 -0.0641075222217281
-0.0559287463960136 -0.284731364525716 0.00189237001591709 0.157453093343913
0.0460591618460886 -0.140194637837669 0.0736488085043597 0.354436958566961
-0.00794564987821469 -0.189189445734674 -0.00816069723979011 0.373551136956092
-0.141852619442582 -0.130798167559653 0.0515618613271458 0.321270779373425
-0.183209524885665 -0.000649865916618989 0.147517728926217 0.234421683714166
-0.0875383540521652 0.121047368361085 0.16257500485388 0.1044949089631
0.0134699657453742 0.11934094575331 0.124736064900778 0.0837775963249317
0.0609144282939876 0.101427730101599 0.135350087725725 0.0876507050823222
0.0947592943994215 0.0817285644907198 0.144945318841163 0.100839433375003
0.10688869885557 0.0814817479435882 0.145222646204031 0.15545139736858
0.0699156219313472 0.110817389934309 0.0833345471259242 0.211622570703121
0.0136159866732322 0.138126578411241 -0.0515675594342808 0.218664364266885
-0.120721898688491 0.113094831699905 -0.152364543833956 0.121391948417269
-0.184578007718959 -0.00454595705454601 -0.148839144985841 -0.0166536982414939
-0.10292007270064 -0.150364415165136 -0.0160598307884048 -0.0391758740520627
0.0248731883818363 -0.19035452340571 0.014885180080292 0.224927300133042
-0.0655737967452425 0.0548408942943119 -0.0549581157333043 -0.286660923094356
0.0286117015213418 0.0895411252216936 -0.0400472562237745 0.000648570883428982
0.0832578364546357 0.0383381567260022 0.169887107728703 0.0369702395886103
0.0613948105347645 -0.0417835215340265 0.201282512038906 -0.133230709269069
-0.00316247563824923 -0.055333093491689 0.08521042798859 -0.273333191521355
-0.0172890036458063 -0.0310807301930935 -0.0824400273624988 -0.291312044155527
-0.0152121640593227 -0.0330739562698866 -0.183621441040406 -0.199829307994633
-0.0175275860557381 -0.0326055084878309 -0.195206767164853 -0.117897684596166
-0.00480721789375608 -0.0291857193165161 -0.174377696771607 -0.10697158528708
0.0127142033295373 -0.0190123981843821 -0.158467000347012 -0.114212485276982
0.0363264670607014 -0.00283579180386479 -0.155704291153421 -0.127942655451837
0.0442943231982038 0.0390222230815813 -0.129273248305822 -0.192280693861517
-0.00513980658918858 0.0869551563393146 -0.0571513215905128 -0.274385532569984
-0.0789764744035486 0.0605132876103695 -0.052733060922549 -0.310598772938859
-0.110301432510049 0.00353461654588541 -0.127932170045493 -0.343592310754331
-0.133308436319973 -0.0875342329839804 -0.0238166721156794 -0.262173827007663
-0.0870596816982539 0.00766348132832367 -0.0282646246472856 0.0279134881585188
-0.0526203608613931 0.0523403347928553 0.208660816906176 0.0741443066053065
-0.0215882330307341 0.0449839527193971 0.257546296142609 -0.118539200399132
0.0027269082328446 0.0438521572943734 0.124388416868641 -0.296038292322877
0.0251845986541969 0.0410260402480699 -0.0635989609341728 -0.309241788764277
0.0540290996235496 0.0309733850834742 -0.174499209598963 -0.212179564317807
0.0617717893933937 0.0207827853440562 -0.190725105124878 -0.114783968062507
0.0663119352213902 0.0343990209787922 -0.17327636596929 -0.0961811149061076
0.0342648404139387 0.0651327526773259 -0.15328457807492 -0.0923963984625897
0.00814168402408281 0.0896448082832808 -0.157335154074384 -0.100143597688157
-0.0649217116484777 0.0951942035614492 -0.148844743017049 -0.153446498789566
-0.135376755279669 0.0615245762739948 -0.0894955134229248 -0.238956485863358
-0.162468498380952 -0.0490084965799781 -0.0934633965111528 -0.277635789567094
-0.155786231276374 -0.150615755226531 -0.143430992309317 -0.306911909383132
-0.17123559607298 -0.230144253816375 0.0124627518174248 -0.19194506688386
-0.189244288749031 -0.107007235152548 -0.0146900364172971 0.0862112889340753
-0.204334777096777 0.035933178279247 0.244514955469393 0.138623416072038
-0.135106638161491 0.123587948565951 0.317083650920479 -0.0721686964667593
-0.0115632841896789 0.154046121767594 0.175041398019093 -0.291547363998724
0.0569907433354952 0.121635576280377 -0.0254244981629281 -0.29793173695704
0.111949759403288 0.0973143817205849 -0.137869196637471 -0.200385418185578
0.133438691291812 0.0693649040278668 -0.158967319885647 -0.0954297467340502
0.134656227326376 0.0845380872704561 -0.145087859695243 -0.0640729376975519
0.0673460304631831 0.129001667966362 -0.131632675452629 -0.0450021991040931
0.00878172596338609 0.168329536793689 -0.155832843507055 -0.045524977212082
-0.132690895488072 0.166850679525443 -0.173343097999289 -0.0960216493169022
-0.240521963034601 0.075430184315225 -0.128860623235502 -0.191138372232868
-0.244063550934071 -0.114148592611557 -0.123743941473021 -0.229325674614039
-0.197252128566649 -0.26896418721838 -0.142480477454825 -0.229830657892237
-0.173411350611145 -0.345304920805023 0.0474655847821595 -0.0789699226960813
-0.2526561505809 -0.234094346560107 -0.00353522221136536 0.169403822960607
-0.339144654123006 -0.0163484703970006 0.257126699340209 0.22355374443191
-0.260168633832399 0.169594748649876 0.356447434222629 0.00741328582593161
-0.0499382452517156 0.250407520947463 0.224401537249913 -0.246181641520585
0.0711888966773978 0.196357840866124 0.0241188654695429 -0.25158487725431
0.14847266579132 0.155161027113274 -0.0809737044571361 -0.163147652835609
0.185114184165596 0.107638078291371 -0.102714146523178 -0.0621581119050056
0.189092107494141 0.115370010056298 -0.0929327820864109 -0.019051287106851
0.104805700165383 0.166793425838929 -0.0902589341694189 0.0137023999290585
0.0298801547023749 0.219305323720891 -0.138276748328141 0.021135223386385
-0.158085352831667 0.229291555922631 -0.181277705209444 -0.0284345005873273
-0.301370006015726 0.105378641767383 -0.154341590024419 -0.135846239749698
-0.299030696667229 -0.139741582339505 -0.12754319423342 -0.176286799238208
-0.220216613937086 -0.338123649143584 -0.117129434449214 -0.128876218881889
-0.140818059732586 -0.403313441462671 0.0735503794377141 0.0609216550122273
-0.25412862221603 -0.333746339066243 -9.53927436911309E-05 0.26130103702644
-0.409892074466022 -0.0933456740659752 0.232397506349891 0.304367615888496
-0.353216938441284 0.16281167288845 0.350777074197965 0.102646012609537
-0.0965033811863829 0.300973256937779 0.249682874729004 -0.159269926136084
0.0676863518255288 0.241590320449201 0.0719759487235955 -0.171545276378823
0.160841875387504 0.190770696602525 -0.013640811020206 -0.103866798599213
0.208670932909562 0.130264022699772 -0.0320935858650595 -0.0193135034584279
0.216963996530236 0.127594073148658 -0.0252306816424057 0.0290680394957739
0.12977026407836 0.179264496765212 -0.0342918520725087 0.0714006114830781
0.0498156079713415 0.23619342058876 -0.106797605401744 0.0856729774353252
-0.159266967896808 0.254594714895485 -0.171714816229942 0.0335326031307599
-0.319522882362987 0.117482912694694 -0.161397890731782 -0.0856887081261746
-0.309463096356386 -0.148812575747103 -0.106553970532 -0.130812825492541
-0.207675134412882 -0.361352339781323 -0.0727775623912248 -0.0227184080943786
-0.0851732360659943 -0.385365441618318 0.0868022758718175 0.200463499279503
-0.197450351346853 -0.36538896893348 -0.00318104694490787 0.340029678966559
-0.388347055497775 -0.156895828749912 0.176153438100457 0.354052061521795
-0.373663042926547 0.114234678443229 0.299934627959912 0.182902409802206
-0.125936674680685 0.288939837492577 0.241738876633616 -0.0558983767484919
0.0531235184404622 0.242481019450992 0.106582464148777 -0.0748166346455329
0.149319059871555 0.193421201552992 0.0514714991336501 -0.0333678787006774
0.201189147696635 0.132498458502564 0.0408864906178596 0.0248432613320368
0.212297364393764 0.125644621593556 0.0464153163254785 0.0749697434405016
0.134095640708614 0.172070902298466 0.023554679989899 0.124868251422698
0.0548279518903838 0.226089012294915 -0.0704615083957309 0.142065141961541
-0.152850057472713 0.23911850620239 -0.155475024914474 0.0811832182669007
-0.302602258256665 0.0990429849926868 -0.156825094531191 -0.0469519477085931
-0.274792333239434 -0.156199952178484 -0.0719604822425081 -0.0941946748431294
-0.15635138023936 -0.342899048808898 -0.0245250741356847 0.0754725320707749
-0.0228316966592914 -0.292578496854207 0.0912243440838043 0.309715968396507
-0.110127490808998 -0.31408601546315 -0.00243115724011246 0.384264204197098
-0.289149766937856 -0.168617143583571 0.113033776252991 0.35880051457245
-0.309725955537661 0.055907117540279 0.227372936855967 0.227927378590847
-0.119130731033398 0.223066946059163 0.2086567920532 0.0363983194397335
0.0372460405839534 0.197496929353337 0.125714191073373 0.0157846625150863
0.117596225144004 0.160025407547555 0.106747916703329 0.0321063647716974
0.164199626872671 0.114173030131017 0.10659530269737 0.0638376295878768
0.176266282487826 0.107671150863478 0.111301780311728 0.114752181685123
0.114608579052293 0.149261353055298 0.0714598652993416 0.171145059686815
0.0429525054057037 0.192855143212243 -0.0460036262153141 0.189393461193747
-0.141063310359257 0.192294767399822 -0.145560044067993 0.114191322069634
-0.259576947735116 0.0565296907798148 -0.152451601283959 -0.0205529493649982
-0.205744493941156 -0.160348033654358 -0.039970529745337 -0.0637634319789457
-0.0772158529801722 -0.288189028470426 0.0125889309575117 0.161789854060192
0.0382971881484774 -0.145901208331763 0.0950993112696391 0.364033120849612
-0.0187543589966166 -0.195341709536946 0.0113892263335101 0.385406616306965
-0.152045457859613 -0.125521819823464 0.0700250103405626 0.328505641168685
-0.189592992515076 0.0108889733465463 0.166766576400844 0.233262931147554
-0.081213979950186 0.129640044356678 0.174426715911207 0.0972729940199484
0.0224185391253178 0.120007882300482 0.13562669583275 0.0781888622990795
0.0700268434499733 0.0997496809220525 0.145603940405717 0.0804631760576735
0.102574178550174 0.0765018882273099 0.154589498343135 0.0928659306087292
0.114415747937358 0.0748686430925222 0.158646752112291 0.148403935899097
0.079624049175269 0.109029577711486 0.0996929752279278 0.210947691008368
0.0232694874599036 0.14090241258027 -0.0377922607188475 0.228430209787554
-0.116369915189569 0.124687256234263 -0.150191361043822 0.134555089826614
-0.189008702788278 0.00790070876526846 -0.156940491643175 -0.00814305081073024
-0.114117665900527 -0.146956529574585 -0.0191344655245298 -0.0395529312548961
0.0126258323056226 -0.196522343515801 0.0292236483815279 0.230846169435303
-0.0592252615083081 0.061026521258021 -0.102481180038342 -0.275866545792167
0.0430386947312649 0.0823504620693472 -0.0425500961812468 0.0084204153829253
0.0908901008522634 0.0209344914259177 0.173135055999489 0.0126387558378403
0.0549077015192627 -0.0562701519242881 0.178409045244502 -0.162214742630546
-0.0141552053751988 -0.0595165374206385 0.0399669128447139 -0.286195223284156
-0.0282836710306827 -0.032898260895994 -0.131661952441952 -0.272935593269683
-0.0258447872038175 -0.0314172246887617 -0.214447000054574 -0.164354769245443
-0.0256125865531307 -0.0278930459546686 -0.208633134500186 -0.0830253608054887
-0.0126874909763808 -0.0275604748223313 -0.190966448198328 -0.0775277596319396
0.00881472920131709 -0.0189715966681106 -0.177870949006174 -0.0903980868650834
0.0345921744415165 -0.00696663409191728 -0.174974235125379 -0.103530287889444
0.0481829383625994 0.0342221348571902 -0.154775610317247 -0.176274861784997
0.00542064684836462 0.090057931523758 -0.094276603023574 -0.270984785315294
-0.0706599013308272 0.074782903290716 -0.0918727779324637 -0.304869648358108
-0.111608431943038 0.0219066211205466 -0.169454840014969 -0.324755044223569
-0.153201218109024 -0.066589323073165 -0.059840520358029 -0.255453046434358
-0.0866462878856437 0.0241888886387789 -0.0211663060645453 0.0299845567569265
-0.0397200212429639 0.060622789287791 0.219270575592676 0.0352132660540965
-0.010068799375744 0.0452016408334701 0.234953904161194 -0.162813407030172
0.0102375505180436 0.0362313102691494 0.0688524238379671 -0.315959617602947
0.026239361975271 0.0306400471834768 -0.118329342113629 -0.293418382531111
0.0568099640849861 0.0196105240447667 -0.211006090166071 -0.179304906330389
0.0615957891537823 0.0103130135324195 -0.206086021348848 -0.0795821472544007
0.0697984093002678 0.0234231305938283 -0.188602024701007 -0.0669033397172266
0.0455737152443503 0.0619798186661479 -0.169941677774688 -0.0695598781943287
0.0228386682122017 0.0896904385224148 -0.173227845009732 -0.0776170370306834
-0.0510286105919648 0.110706369716864 -0.167637244682018 -0.136202192122238
-0.127437479511641 0.0867548227271543 -0.119121689721499 -0.229215913887731
-0.171223771555076 -0.0207751781010159 -0.130964897031443 -0.261964602255482
-0.181572910716371 -0.126008997924466 -0.184171166981388 -0.282842646675597
-0.217224086672469 -0.199332116648649 -0.00443007520110757 -0.18927560997174
-0.207530566468788 -0.0684739418474437 0.00940777967884617 0.0824735097294721
-0.191049274908496 0.073311806757525 0.268966604262158 0.0867551679857063
-0.106320085415421 0.145709984281379 0.301602745763538 -0.133728182914573
0.0167165855893047 0.146862520467923 0.115419794700414 -0.321630322206031
0.0722513518185472 0.104183157552902 -0.0814631794174058 -0.2887508750003
0.128935549667994 0.076017951946443 -0.176530655839888 -0.176664049033324
0.140238538215333 0.0466108422692479 -0.171538566191707 -0.064520064982437
0.147990552145978 0.0603185324206186 -0.155645846345155 -0.0385058605567428
0.0906198730390782 0.120492418700352 -0.141936336234582 -0.0262935277238262
0.0379338953967022 0.166534226792622 -0.164549503877009 -0.023465103698732
-0.104593964419425 0.195389772502764 -0.183422209413535 -0.0766470987765879
-0.229096494773904 0.118594564420778 -0.149049372537834 -0.17441175060236
-0.261948072672587 -0.0719065479770815 -0.155963226805927 -0.206769094281934
-0.242114922764875 -0.237805911686026 -0.175370596323494 -0.201875498317865
-0.239005841232045 -0.310759571733765 0.0529717769329854 -0.0804275083865847
-0.292714829476259 -0.17974334678136 0.0410252038905019 0.163029331167262
-0.333425832780488 0.0468446083800079 0.300568629177578 0.162492184534987
-0.220121013968426 0.217070497325537 0.356665957231128 -0.0688268802519801
-0.00122331012890676 0.248192211695573 0.168401944700543 -0.286443061082414
0.101076433266997 0.175749145839129 -0.0256714049579984 -0.252037199823956
0.179059773857174 0.127299929369646 -0.115788933947687 -0.151333759521955
0.197947004852281 0.0749919961291238 -0.111483994141207 -0.0400093851897131
0.208955350417659 0.0797714828667487 -0.0977254524594347 -0.00115598480579955
0.135360686988904 0.150900771868966 -0.0917990280829612 0.0258097790490794
0.0682033418052267 0.213278530818162 -0.138236850386298 0.0399340552199584
-0.118029392260451 0.262650963244412 -0.182453415906784 -0.00943496903708445
-0.282493018956337 0.159152653631829 -0.16705275215796 -0.115544628426149
-0.321168403235659 -0.0882869186034185 -0.153884405797486 -0.150977702583721
-0.27535580105015 -0.303867060709225 -0.138446976411951 -0.102388906500843
-0.213528548096319 -0.372041873863292 0.102708389215543 0.0553035099810242
-0.312195664420195 -0.276241851675139 0.063635717471502 0.255721569242695
-0.417012841030229 -0.0136989087658199 0.294008284938635 0.244279069728359
-0.312608743153729 0.230080807194549 0.370343998932852 0.0227168791599769
-0.0361714722954448 0.309042590613641 0.207240964884559 -0.208687464821927
0.107110210920863 0.221831340720676 0.0335294194041143 -0.181028196094947
0.199519962858674 0.160412283030865 -0.0398768268893997 -0.105370344870792
0.226756333457412 0.092706958842662 -0.0367608696366658 -0.00911114254706568
0.239501049627181 0.086974868814742 -0.0223211189202181 0.0357787861078324
0.163137764824119 0.158146170067443 -0.0275513332826447 0.0758017335954752
0.0910713893655152 0.226304768860149 -0.0965323578086061 0.0998474197780736
-0.113631585572798 0.288109899201792 -0.164401480921191 0.0514841163641165
-0.296842931276564 0.174149415368066 -0.166625131859857 -0.0638209606352425
-0.332418006207039 -0.0952516600087115 -0.126683913354318 -0.107072612210931
-0.266438023694243 -0.32877255879419 -0.0805135608338885 -0.00253644146054991
-0.153231686178037 -0.362196626867779 0.135389536293048 0.192451536579916
-0.260419583117192 -0.317361157117382 0.0732473891647014 0.33582460647361
-0.406339335460192 -0.0801427394930025 0.24770012984204 0.305428892298357
-0.341662713739462 0.187060626035239 0.335657805518587 0.112361620965578
-0.0672965940585213 0.303116822387234 0.218294214744267 -0.105277111798484
0.0947549761383032 0.225201058847079 0.0853728908699491 -0.0906629167285659
0.189125585043438 0.164312824962834 0.0377314042852587 -0.0479076465003078
0.220907923070417 0.0963106536331018 0.0422731139700664 0.020995896338392
0.23550132574746 0.0848575502810763 0.055784772669334 0.0695357299911251
0.165589317357775 0.148510434061095 0.038692945219842 0.120070175056919
0.0943929988026569 0.214248679919745 -0.0525033646517256 0.150393810135413
-0.108780872413774 0.269938570898842 -0.142081972438327 0.09691274380758
-0.282811172646826 0.15187877498932 -0.15768211070007 -0.0245782390847129
-0.29927179584183 -0.109164229399818 -0.0885341943413269 -0.0763521764904997
-0.210975715485312 -0.319610534204959 -0.0200469620948518 0.0867685981221813
-0.0728279717490086 -0.280925597995125 0.153270393297806 0.298523524202962
-0.164243521160889 -0.281735070631904 0.0766856866553369 0.38267447383018
-0.312115383833472 -0.109846607768647 0.185243477470524 0.326211183200681
-0.290583691052888 0.118269658507618 0.271659127957389 0.172030417477493
-0.0723617656151824 0.239373749804074 0.204819134663617 -0.0066280201828432
0.0737340199973766 0.184932620116465 0.122014923823707 -0.00610924303334984
0.15169407986815 0.137633456612919 0.105400163258925 0.00868792367321455
0.181757243608147 0.0835129857095012 0.112169294740368 0.0478709493506161
0.196753716904446 0.0737858480703826 0.126155837200356 0.0988054696384737
0.143843943642965 0.127342127894567 0.0932371837048053 0.158744035099674
0.0773476721897687 0.183390339287481 -0.0204382730202042 0.193648722635981
-0.105268269216895 0.220471508635003 -0.127823487396582 0.130255108817026
-0.246783439949839 0.101227631166355 -0.150905527107253 0.00121348786883605
-0.230487680663203 -0.124527044598494 -0.0529309962949691 -0.052602847153748
-0.122762446207236 -0.276949970942166 0.0281112296046721 0.165065368095062
0.0171740932026011 -0.145300859475459 0.158117773578835 0.35088624537165
-0.0514833282413655 -0.182758568766796 0.0845369997224671 0.383921292723328
-0.168182981685963 -0.0930668682354365 0.131512418445368 0.309781031705792
-0.180796100792396 0.04996537649094 0.210691168545645 0.194734722900366
-0.0515128380681979 0.140778299139895 0.186063372298139 0.0617469844861734
0.0460492900643339 0.112044982896765 0.144821475444239 0.0542833695142549
0.091875137454888 0.0858478615589537 0.153921787020449 0.0506484467375821
0.116429092875251 0.0567625786601613 0.163699062136876 0.0666345547173841
0.129501502652593 0.0531169982427905 0.178749512808839 0.123417056674742
0.101676951086312 0.0928791445673408 0.128298752481105 0.192921761893552
0.0485855939747539 0.134403128127943 -0.0064471527234256 0.232304132190952
-0.0935180408187982 0.147864770243391 -0.130300155474987 0.152681369675339
-0.18331460980487 0.0416856590228625 -0.154728120387471 0.0155025607817364
-0.136990892278216 -0.126361890829633 -0.0283646459638858 -0.0333162601436226
-0.0168731349976718 -0.199994476115948 0.0549000870441383 0.227081633684482
-0.0567923631337978 0.0612878867690491 -0.113738559691784 -0.267763439879313
0.0448365871920178 0.0794497271551317 -0.0412281785930995 0.0105270188247558
0.0884460295420832 0.0179741983760594 0.174863873649011 0.00588249717714046
0.0519472743575377 -0.0577920461416792 0.170867380985336 -0.168193418364217
-0.0163883478332639 -0.0565918745867997 0.0251675161580729 -0.285368948190986
-0.0301321297836635 -0.030857244658724 -0.146114158159374 -0.263368402100829
-0.0271346087390169 -0.0303440489896566 -0.220622949532371 -0.151460574316996
-0.026507698898412 -0.0264882785118878 -0.208965220118252 -0.0720837700555386
-0.013487821986909 -0.026452372933878 -0.193399258543781 -0.0654126182941114
0.00879940025853744 -0.0193519925357706 -0.182528383006418 -0.0794716209231985
0.0348258516341834 -0.00855443729258963 -0.178033453301045 -0.0948456559986197
0.0488421157986814 0.0320294084186317 -0.160364093178938 -0.168145581796638
0.00918521809149669 0.0893636113298944 -0.10425290219224 -0.266807719097277
-0.0658706122154008 0.0753207163374728 -0.10180583726298 -0.299766728022542
-0.108248246427838 0.0253229572487916 -0.180806703004071 -0.317568350378036
-0.155252361001817 -0.0605180817074878 -0.0699702910427973 -0.249237416714172
-0.0860815343944985 0.0275961617969753 -0.0194837588804339 0.0310509075618186
-0.0381467909433365 0.0619804769504455 0.221033335929323 0.026693164324536
-0.00904978358251216 0.0464896729618773 0.227600637028654 -0.169902189847775
0.0121706668422678 0.0367249182555807 0.0532049363829342 -0.316507785002166
0.0274768870066876 0.0297127502995172 -0.133640556414066 -0.284170162510674
0.0583678134872343 0.0157614080788405 -0.218712670413863 -0.166811381747626
0.062298691600701 0.00708951419112196 -0.20479246838263 -0.0687846473875486
0.0702560751036188 0.0195573536132654 -0.189843316411556 -0.0540715348688093
0.0490880886643913 0.0596215956546491 -0.173754424204482 -0.0596812631513096
0.0280686038538008 0.0879212533886873 -0.175864233805004 -0.0683706403526591
-0.0459250421778347 0.113609093307885 -0.17089780180844 -0.127613688740929
-0.123008123170531 0.0916936618995743 -0.127694936340111 -0.223454912686724
-0.169760712983985 -0.0146438239038968 -0.139465389984492 -0.255860341394346
-0.184323005749797 -0.117960988250406 -0.193291411008001 -0.274344298237594
-0.224096890781142 -0.188272781762895 -0.0112469534848426 -0.186628293399906
-0.210173300391841 -0.0591096533412752 0.0134924183834622 0.0819761203371824
-0.187124329436029 0.0809187002801423 0.271320401198569 0.0759663912304697
-0.0998698961145644 0.150427835188972 0.295392705630212 -0.144441155357157
0.0232552599247356 0.14576112516786 0.0987990606620503 -0.323486012824082
0.076569261806127 0.101403734331936 -0.0952193785871037 -0.282805057351542
0.133150151455137 0.0679997114847978 -0.183934757223587 -0.164612378118813
0.141558520787191 0.0382551728076195 -0.170344381360032 -0.0546371615701328
0.14864807286925 0.0507990029339436 -0.156054517114866 -0.027439895274908
0.0977183827723678 0.115212166640016 -0.142737202786665 -0.0175974369073534
0.0465378304590426 0.163983624775609 -0.165431552453378 -0.0144807703043697
-0.095124488983845 0.200220163251284 -0.184809385147182 -0.0671141661415927
-0.221244838298751 0.128506365657556 -0.156478968680282 -0.168683985558357
-0.262780293465942 -0.0603180430684162 -0.1616898962364 -0.198921696624634
-0.249587465433906 -0.224538940677662 -0.181707788118388 -0.193355827511355
-0.250487443914369 -0.296807073601166 0.0517340882991094 -0.0807799597270366
-0.298971400012027 -0.166675856572881 0.0470789151257432 0.160560173614319
-0.328306408459824 0.0614566981966104 0.304058844966003 0.150549278279287
-0.210081276761831 0.226787798910783 0.352893976738253 -0.0815025696380203
0.00999151397553119 0.245823845063562 0.152289803114216 -0.289864393153464
0.108729668309218 0.170272056091499 -0.0372853623852803 -0.248375794411505
0.185789383117123 0.116560756890705 -0.121452731319329 -0.143078744707726
0.20065546556557 0.0632046732834553 -0.109909012498337 -0.0330588228236624
0.209446066449839 0.0672876419413341 -0.0960197654886115 0.00579443727981538
0.143550360766532 0.143334096901326 -0.0905698579712731 0.0310849354324
0.077876932289121 0.207756811977997 -0.13593340912195 0.0478903044412641
-0.105061803800273 0.267508164906701 -0.182073668244147 0.0010720573224585
-0.272100993130637 0.171090089091745 -0.172845982486758 -0.108155632597215
-0.321428725152713 -0.0725806235430061 -0.157094164333154 -0.144096592988838
-0.286751621049961 -0.287851974746647 -0.141242974432188 -0.0959667830444322
-0.228835833127797 -0.358522387469326 0.105850740101567 0.0533905383037951
-0.32190582025304 -0.261272089854767 0.0733111875909122 0.251914522028187
-0.413360151363049 0.00276402794943691 0.299910884462319 0.233017172406365
-0.301891183532732 0.244426220507321 0.37096846859641 0.00928391207376805
-0.0214780667424086 0.306721308711592 0.194509386914714 -0.214661997301771
0.116942278634109 0.214630705825326 0.0267333029388705 -0.181498076416695
0.207531346225405 0.148863116341816 -0.0438277979456091 -0.101904351425872
0.229584162626197 0.0792794405741083 -0.0343976717738658 -0.00722308532782563
0.240727483284579 0.07187744329182 -0.0199893099305444 0.0379783824446267
0.170563223608427 0.148502874937017 -0.0237830253350839 0.076666806844814
0.101275630077199 0.219564973733094 -0.0922637146011252 0.104991007643222
-0.0984501477112907 0.292953942692532 -0.161926446078807 0.0596135406263832
-0.284778262424501 0.188223893384351 -0.17008560363338 -0.0560823230281222
-0.333636924416879 -0.0786510935503236 -0.129137961095834 -0.102174374983713
-0.279162264901241 -0.312867414958601 -0.0794890216748381 0.000423661417397322
-0.16717996119454 -0.351165673608977 0.144816445020022 0.187752713251748
-0.273165010321218 -0.304381784825196 0.0864812687920677 0.331323795202773
-0.4062913050445 -0.0625356310825528 0.256739925719242 0.294954341972192
-0.332957236927859 0.20248399168605 0.339815429533105 0.0998339623854601
-0.0529036637736534 0.302147495528202 0.209439357329533 -0.112204780005593
0.104995588314791 0.217752923954585 0.0825624671934808 -0.094439036540687
0.197163444344027 0.153651697041001 0.035484222163616 -0.0485855597098746
0.223309674147312 0.0822720972315219 0.0430898373119167 0.0200968008259404
0.235835573910204 0.0696385089554171 0.0584865661822547 0.0662272969223346
0.172644201744205 0.138965023782618 0.0443708265316848 0.11674138904117
0.103173073702193 0.207073109889507 -0.046081874426535 0.153042710786718
-0.0954692262108426 0.275193506709191 -0.137203452213327 0.104382413383264
-0.271211623870577 0.164376816070162 -0.158688627663585 -0.0178265156605497
-0.30031998735868 -0.0934954990087108 -0.0904488643478539 -0.0727071788593481
-0.224723247525352 -0.306148042080036 -0.0158550479718782 0.0871188098629482
-0.0832334676856872 -0.274484201548193 0.164674665110795 0.29270098972543
-0.175428620767322 -0.274074325386332 0.0916758602990091 0.377416422816788
-0.313002679109921 -0.096731773561492 0.194418871302986 0.318248571386585
-0.284067135949356 0.131445090472036 0.27769193398299 0.160838002137427
-0.0598269951302371 0.239850972922359 0.20160702797855 -0.0156064810671598
0.081155744806635 0.177758760999166 0.122891078747613 -0.0114883124522653
0.157328279882293 0.128113824730534 0.105786234906222 0.00334004416286829
0.184563789573173 0.0725878268770132 0.113137810855521 0.04235558899335
0.197401934129414 0.061558476729993 0.128657071322508 0.0909546931749943
0.149146729293737 0.1180135858738 0.100398857267222 0.151335780804962
0.0849241003995758 0.177445867697316 -0.0116542843953076 0.193426503258416
-0.0936813973245346 0.224112855322655 -0.122577159198973 0.135670792037595
-0.23769523662125 0.111586455853982 -0.151311272470767 0.00823615955314852
-0.232972402239666 -0.112586517954765 -0.0546279477511287 -0.0502519467090314
-0.134492945049826 -0.267520350083486 0.0354480525872818 0.162318378675291
0.0111446423151498 -0.144953767521874 0.170882468925464 0.3439744803273
-0.0591089207574619 -0.179835835485833 0.0980304351477801 0.37898819600851
-0.170010349606287 -0.085001513445358 0.14112325566108 0.303367987778536
-0.177820791067149 0.0580786080946917 0.21862037959832 0.185697400578935
-0.0442990548260555 0.141614852798358 0.186969614083323 0.0538411590593172
0.0498709904386915 0.106878177956117 0.149517721902343 0.0470973778601055
0.0960153291741976 0.0799436170434795 0.155971301021938 0.0423335354426791
0.117961506036292 0.0502291699266549 0.163999358617269 0.0580530439878879
0.130799764390276 0.0449442845600645 0.180629955198107 0.111818366905235
0.10539463395502 0.0860808722707099 0.136179477040761 0.184012883232605
0.0550381203677342 0.130598090348758 0.00342620204267639 0.230833758275206
-0.0855184447005007 0.151643552727428 -0.124046269715071 0.157774961717912
-0.179031939814537 0.0489021753474339 -0.154644061290183 0.022575525838618
-0.140016195276197 -0.117645267469639 -0.0294515808272731 -0.0332408112042801
-0.0264226461539495 -0.195660424486632 0.0651997319267542 0.22217317701392
-0.0562346504366026 0.0608479476218045 -0.118178747104228 -0.26395943255898
0.0456723528968147 0.0774515877200424 -0.0416572975617598 0.011348491030206
0.0868496611921769 0.0173297942240961 0.177254474858753 0.00301430106533666
0.0501799719846933 -0.0585687011214569 0.168943339670163 -0.170382543518992
-0.0170095371437295 -0.0544068873427953 0.0187442211181899 -0.285048764239119
-0.0312255583622456 -0.029112767851725 -0.155099469215806 -0.258722037069779
-0.0280687945864886 -0.0303116177786519 -0.223909266122326 -0.145220896383189
-0.0263317298647588 -0.0256561473285281 -0.209289884489471 -0.0671169441592043
-0.0138273951915493 -0.0255620507147191 -0.194801665629756 -0.0587208165476574
0.00840123231179405 -0.0196041227941718 -0.186293651153073 -0.0737638174995412
0.0353844130715475 -0.00991195952620876 -0.180766224240996 -0.0905536937874066
0.0484745484637945 0.0315561909352756 -0.161424241523514 -0.166406285147072
0.0108476289040402 0.0888113870458625 -0.109100857514935 -0.266974048172814
-0.0630314724257786 0.0742878653652268 -0.105585934234487 -0.298029923063168
-0.106724121739226 0.0253982253157859 -0.185612291511379 -0.316243860008461
-0.157394297376833 -0.0576223585813088 -0.0730588441754278 -0.246896755484574
-0.0861301630894215 0.0289910250557761 -0.0188709265014805 0.0314972178704547
-0.0384389653090426 0.0639532313747243 0.222875241415421 0.0244577919055729
-0.00850216585534272 0.0480928659012796 0.225923983752186 -0.173227331596623
0.0135267075842315 0.0370746132575363 0.0452007835589424 -0.315529198589699
0.0279988666992376 0.0302208818366883 -0.141762035381639 -0.280713649238155
0.0592289808892508 0.013389361458629 -0.22211889621999 -0.159187311533451
0.0630229606359185 0.00486552220854603 -0.204070598286003 -0.0627332670132401
0.0705334887365567 0.0169972896573795 -0.190900124777952 -0.0465872737636455
0.0514068620047285 0.0586005460688135 -0.176531958389231 -0.0537066290075538
0.0304667851205859 0.0868919302910557 -0.178296814341647 -0.0634267048810064
-0.0441080278711245 0.115308873949958 -0.172350281417677 -0.124634703104562
-0.120733864914258 0.0942239154189245 -0.132598697006984 -0.223242589530462
-0.16938187178521 -0.0133705675076528 -0.142593383863188 -0.254073725188141
-0.186441395653642 -0.115882192575115 -0.19762078766076 -0.271917395462934
-0.227775629369816 -0.183202275836682 -0.0129162553929966 -0.184427570683977
-0.212563121492487 -0.0556555185500508 0.0143990184075775 0.0823024937757746
-0.18635318745521 0.0851680387154328 0.273414084814901 0.0729147212270682
-0.0983753893693672 0.154923116196515 0.295704675835223 -0.147938132019905
0.0270817394142843 0.145138101242447 0.0907152972164734 -0.323105425687037
0.0793274824700739 0.101043192370576 -0.102685018910571 -0.28010654098035
0.136097207800214 0.0631113644112312 -0.187645278433052 -0.158117803554116
0.143242339474662 0.0339660394442457 -0.168542310526857 -0.0504852598670933
0.149681727243132 0.0464408288855569 -0.155805752719587 -0.0209399586393928
0.101129580168808 0.113134685351241 -0.14365041891949 -0.01265234682936
0.0506423790121665 0.162179520715003 -0.166021900946986 -0.0100136103391993
-0.0908960210372059 0.204403198328155 -0.185895054296977 -0.0635540670244416
-0.218130051102235 0.132889391857048 -0.160708200538266 -0.166610851268126
-0.263279185871883 -0.0566773133554742 -0.164594438299092 -0.197065036703378
-0.253802393453536 -0.220838309688856 -0.184511793458689 -0.191440524011859
-0.254109256424004 -0.291113072067331 0.0516976544696556 -0.0804529003554713
-0.302955333622988 -0.161783257477611 0.0497321995981326 0.160154878137028
-0.327420008005809 0.066906370194416 0.3061121601949 0.148365710593459
-0.207410055458403 0.233794782370929 0.354271468854981 -0.0861262639310608
0.0161326485606133 0.246604711022679 0.145500371712681 -0.291173966176133
0.112387761609705 0.168539760406013 -0.0429649177269707 -0.247064504040641
0.190071762974576 0.110463507040065 -0.1255552279538 -0.138298988000555
0.20271493545558 0.0569236014686104 -0.108200037615932 -0.0301472182133044
0.209773218558374 0.0602000473610336 -0.0954750458741907 0.0103691787906594
0.147099202317553 0.140302259095826 -0.0897359653303469 0.0344687882905042
0.0832059850990868 0.205605295901953 -0.135334795064749 0.0525736442957107
-0.0979887779075129 0.272391695246145 -0.182163620255616 0.00530655924531546
-0.267996922811127 0.176963758112276 -0.175230750963118 -0.10530422988691
-0.322063198411832 -0.0665903958308209 -0.158765451553314 -0.142367241104527
-0.292622287742524 -0.28220498170067 -0.141858636228833 -0.0938442029637473
-0.234732119699766 -0.352830871864603 0.108978388831496 0.0533943843199784
-0.327357222075296 -0.25681477737663 0.0774565056152975 0.250565471276926
-0.413015615790195 0.0100244266122591 0.303169120494815 0.230437991691558
-0.298753798665319 0.252722955661266 0.372824111954041 0.00400232424981675
-0.0145009013230412 0.306654422757184 0.188653690965169 -0.216334190301601
0.121755834048565 0.211687967546506 0.0238363211357144 -0.181761205369362
0.21290645769341 0.141523246202145 -0.0461156461677118 -0.0991790468688762
0.232011260614341 0.0717864419693009 -0.0332333767362682 -0.00591518701969913
0.240118810404449 0.0641805686830585 -0.0194864846719111 0.0402084226932588
0.175225633834375 0.143850840627251 -0.0219613392666752 0.0765436632951608
0.106302976031285 0.216293943842275 -0.0900505760453552 0.108409292347961
-0.091572186649619 0.297038212283442 -0.160790894268303 0.0645099292604043
-0.279549598018282 0.193485263195662 -0.172957183132665 -0.0528836374775697
-0.333818363170532 -0.0715926795451053 -0.130796491874801 -0.100718015559465
-0.285406602033581 -0.306152128639602 -0.0786087900726289 0.00203458052416094
-0.172478406529603 -0.347028329639703 0.148900382612564 0.186909290569096
-0.278662520380742 -0.301146673641514 0.0920980210477849 0.330814850048069
-0.406702597128358 -0.0558389429284348 0.259990589476868 0.2926384948145
-0.331282341542546 0.211433691062973 0.343429444790745 0.0946875198023311
-0.0452597132286912 0.30215832978185 0.206158533444948 -0.114263094837912
0.109817595051052 0.214358414075719 0.0820715189287437 -0.096010708099289
0.202112355186449 0.146726388281603 0.0342858157856449 -0.0494918004421399
0.226042955647838 0.0753196171257877 0.0448942093103017 0.0188677919886048
0.235760655974941 0.0616048814374653 0.059572883835025 0.0657956317730018
0.176558225296427 0.134317913990265 0.0467587738958232 0.11452300930854
0.108140565528825 0.204053119629632 -0.0429029227703856 0.155557644509367
-0.0880771285428461 0.278245510314733 -0.136584116063361 0.108594390515047
-0.266264642081985 0.169636227483985 -0.160943798158335 -0.0142605687025626
-0.301105250434176 -0.0855816708634005 -0.0913391947538217 -0.0726672128499458
-0.230980711866578 -0.300146462524063 -0.0133580191529823 0.0875121187548991
-0.0876717284256451 -0.271478136588451 0.169997236784568 0.292020263314534
-0.181093355225281 -0.271234629647602 0.0978870281411213 0.376653845821239
-0.314330713313374 -0.0914393654996895 0.197963471854037 0.316843782054907
-0.282837819285259 0.139853268617365 0.282930414659962 0.157148724330123
-0.0544466100497084 0.239700951742503 0.200375007113289 -0.0176325846974834
0.0842426725966986 0.174202670577949 0.125023277671039 -0.0145485300107846
0.161125182595297 0.123461806375689 0.105463878910001 0.000265794317428299
0.186561265234797 0.0671032013922951 0.113403330249866 0.0392299181262734
0.196672230837141 0.0549327649244195 0.12908737124856 0.0876706097742343
0.152112870426999 0.114270563252802 0.103041123296701 0.146867837291005
0.0884852506080869 0.174131792908644 -0.00772403192057617 0.194114437862463
-0.0882449522630908 0.227787721072733 -0.120654227702923 0.138482976978923
-0.233264983947801 0.11694729016124 -0.152747026808356 0.0115187489016575
-0.233694075086914 -0.106668491372979 -0.0553735176149784 -0.0501540288914945
-0.140767460329167 -0.2631817747928 0.0389953395935989 0.161477404248022
0.00875558046304222 -0.143905539631335 0.176740424144831 0.342821035598446
-0.0629027632928855 -0.179319184345229 0.103886065821991 0.37866289383075
-0.170908122007465 -0.0824546469230781 0.143756572687746 0.302365988852826
-0.177081551255875 0.0628507598036011 0.222375100712419 0.182338661326379
-0.0403400691877739 0.14096107228272 0.187178309761197 0.050799989961639
0.0509190707834286 0.103605198574218 0.153146013294985 0.0430911190978479
0.0971034418194723 0.0771675886500168 0.157539814251888 0.0369872426995301
0.11855407373667 0.0465325203242884 0.164100022680776 0.054724135748747
0.129794031230154 0.0404810227901018 0.181236973109944 0.107631414548015
0.106878474161161 0.0826072368008057 0.13945112516946 0.17809789384998
0.0570872502393084 0.128666571676867 0.00815485652078455 0.230163667623572
-0.0813279065543664 0.154759700287775 -0.120884274900632 0.160400059609249
-0.176850491512683 0.052189233363829 -0.15523232909783 0.0252063095053739
-0.140660734863474 -0.114310510018582 -0.0308504704583805 -0.0336362824532896
-0.031182700867598 -0.193964590561512 0.0692279780319586 0.220297055028575
-0.0576239149634154 0.0614846662723818 -0.123437090380937 -0.267363895071597
0.0459759487194337 0.0782315681182217 -0.0434140316913883 0.0125849778539136
0.0882529623588782 0.0185240122247874 0.182169722250255 0.00184195554967482
0.0502513152437653 -0.0593416492938923 0.172440130374049 -0.175301646508864
-0.0168215680517968 -0.0535509588192588 0.0167839059354206 -0.29073360638302
-0.0319220088149211 -0.0275867574835085 -0.163663439239687 -0.26045656008388
-0.0294409669528613 -0.0304109250135183 -0.23030412271064 -0.14373750982333
-0.0265440321707254 -0.025396916435618 -0.212952958704807 -0.0662027144224461
-0.0141450678021817 -0.0253172762929374 -0.19939444130889 -0.0554968941013195
0.00899698701535651 -0.0200672036282303 -0.192928979755181 -0.0713944311699719
0.0358060880294147 -0.0104801678537316 -0.185438960613271 -0.0912792501395579
0.0488611687263494 0.0315550598308151 -0.164702059431101 -0.170367052014991
0.0114113778351632 0.0901705879479031 -0.112941540626038 -0.274749236044804
-0.0638120701722479 0.0728002072013208 -0.107679324815342 -0.304498167596264
-0.108478096233742 0.0247703000788941 -0.189628068985069 -0.325177851733629
-0.161569241427361 -0.058993068002064 -0.075226960491602 -0.250047227277234
-0.0890697915105422 0.0298767253741943 -0.0202935901961912 0.0328596523270654
-0.0399891151843683 0.0676167818869077 0.229412754659555 0.0239433894547498
-0.00891057674192115 0.0507662171878488 0.231508131004708 -0.178129537463291
0.0149004243095167 0.0392725678996982 0.0431194789172766 -0.321216267169975
0.029463895779698 0.0323504631983912 -0.150445593183424 -0.283929433137197
0.0609259615698575 0.0118228317478466 -0.22893170677776 -0.158513905708915
0.0651673238000258 0.00360380094555009 -0.20744247575768 -0.0619902318784979
0.0722312501531415 0.0165386590762135 -0.194490380188603 -0.0430457113776485
0.0542438670399362 0.0596363665344931 -0.181889284128991 -0.0510448289341178
0.0329061103501723 0.0879897428113403 -0.183092254722789 -0.06221506088638
-0.044139527888068 0.12011382262038 -0.17572380381753 -0.127020254776746
-0.122977445576462 0.0971871422183058 -0.137242193333206 -0.229615280365138
-0.172402144431152 -0.0150096209914694 -0.145488547100308 -0.258911814388964
-0.190773299756432 -0.11857338789582 -0.202996916056611 -0.278492065233792
-0.233989088195029 -0.18518621006276 -0.0125881670795765 -0.187707244664225
-0.217842594336196 -0.0553692750882619 0.0141159845422289 0.0837588046360264
-0.191440115584773 0.0893031509162463 0.280627712467785 0.0750602301266063
-0.100876714617703 0.161878004842755 0.303689088170145 -0.152459679919664
0.0296060173667725 0.148543893151797 0.0899691257060795 -0.328650509451307
0.0828618623340153 0.103733152999253 -0.109659650196194 -0.284259912623181
0.140912430273302 0.061019515848685 -0.193965330474698 -0.156877217437954
0.148164016054258 0.0316025635812011 -0.170574260729056 -0.049402546485819
0.152252142312049 0.0444763243467332 -0.15814484165251 -0.0165987940352667
0.106072559051088 0.11479779216881 -0.148361469746881 -0.00984696008490383
0.0544188018250685 0.164695639633092 -0.170861937473056 -0.00693396394379223
-0.0903934429109679 0.211776963823326 -0.189302513796149 -0.0630048463720083
-0.221213041875955 0.137750476304393 -0.166259040362712 -0.170927537696216
-0.268889099945927 -0.0571160619119758 -0.167501556223911 -0.20163500586517
-0.260464021163452 -0.224913232395919 -0.188818015912362 -0.19505009708186
-0.261932028365683 -0.294692374959109 0.0545093301568211 -0.0811553014082188
-0.311212770011746 -0.163428036516196 0.0509055149513121 0.163388456597768
-0.334842152173986 0.0709448916827635 0.314296003633201 0.151818359299319
-0.211570607757183 0.244346430271346 0.364871478154589 -0.0892442795412588
0.0190573217210668 0.252123834607242 0.145007734649675 -0.295966276249927
0.117647487284674 0.171689397780734 -0.0470844007405284 -0.251658704356307
0.19676284562227 0.107866688158129 -0.130056604394826 -0.137133676346825
0.20901337250862 0.0536863509854772 -0.10867031374951 -0.0295742893451402
0.212995881167652 0.0575860240622235 -0.0959107334649311 0.0139484431730642
0.15287038579852 0.140487577734435 -0.0923025074625527 0.0369029947442885
0.0876330444873138 0.208842947005573 -0.13875574557887 0.056721134754202
-0.0964466013788415 0.281965112417401 -0.185626201286388 0.00697349842042684
-0.270912956072414 0.184118668572839 -0.180723986538654 -0.107885717149002
-0.329549950722591 -0.0661652181802969 -0.162082761489028 -0.145372942283081
-0.300903410462855 -0.285640931733536 -0.144487676645636 -0.0951453419876907
-0.240084718725733 -0.358164607960378 0.113534539667596 0.0541718694254581
-0.33647149690794 -0.260325075516133 0.0800578164754156 0.255362237107603
-0.422023865694389 0.0131322252752055 0.309866052437861 0.237237229080474
-0.304441504084364 0.265047927078513 0.384121146251167 0.00240554574222073
-0.01081960559141 0.312968174231819 0.189793923743137 -0.219351247949701
0.126363610986271 0.215642941417478 0.0232843319719476 -0.185579333947473
0.220211677968511 0.140295113397688 -0.049054612888844 -0.0989280001657805
0.238454770990662 0.0680603405345371 -0.0317325644499256 -0.00594786750782838
0.243940890429949 0.0605671560201445 -0.0185054494177012 0.0429138180257667
0.181064041825793 0.144652186207342 -0.0221719183713505 0.0786387635764404
0.110765127247636 0.219878665800532 -0.0911242642689643 0.113889522718604
-0.0890373256912433 0.306956695740209 -0.164320497823706 0.0688318081588267
-0.282464947716117 0.200386551374289 -0.17809318550469 -0.0535907953317563
-0.340564676013914 -0.0700651311168015 -0.133257354392888 -0.103370342255852
-0.29423200510794 -0.309982805508828 -0.0796183289088788 0.0024683101273541
-0.177856515270862 -0.352633097314703 0.154714527254695 0.191229630298077
-0.28777036291456 -0.305613279263087 0.0949191242601897 0.33731721429176
-0.415716214941871 -0.0549973973233174 0.265646647392495 0.301182241089024
-0.336982872052709 0.222877119985296 0.354411978734488 0.0949596101054098
-0.0427505861831906 0.30920766911844 0.209225729471513 -0.115930497327987
0.113191886992326 0.21740161729886 0.0844313755381777 -0.0996381770377065
0.209036410821694 0.145871996660247 0.0344442060961993 -0.04967365425833
0.233080437755059 0.0721766461406031 0.0470956589703139 0.0183387802343643
0.238577295545348 0.0584377045034005 0.0618708344144004 0.066758339730168
0.18182848851273 0.134369553466525 0.0479599649839042 0.115350672469675
0.111533761332187 0.205834291758655 -0.0426889421344083 0.160428999869625
-0.0859087690249882 0.286238430651774 -0.138941802538374 0.113007583662513
-0.26906149888478 0.176034826608196 -0.166262352744287 -0.0144565438976354
-0.305849401773927 -0.0849508656892701 -0.0941112614167837 -0.0743592685469556
-0.238784048085184 -0.30276600954006 -0.0119074418513995 0.0897109415362108
-0.0904645482933911 -0.276095848506058 0.176285155272784 0.298695997117333
-0.186812320048979 -0.27654890726255 0.101504216893203 0.383702787384044
-0.321766527326676 -0.0905189907882487 0.202429040338636 0.3250490889799
-0.288145939812388 0.146715781161073 0.291060403212665 0.159115750144377
-0.0517146767326309 0.24403887292834 0.203890517009349 -0.0181507076948171
0.0857767433275834 0.176143091949124 0.129785352151263 -0.0160811863377978
0.166758576467519 0.122494544397606 0.107943446747762 -0.00140196856588369
0.192147157166816 0.0647170801614801 0.116279986602117 0.0391211951466162
0.200058299470465 0.0528289891065467 0.132117248590884 0.0875063987264615
0.156789488308418 0.11413888572537 0.106180725878321 0.147791102619326
0.091833637851136 0.176825277256648 -0.00676721505194003 0.199287218357713
-0.0868990500203933 0.234315338280201 -0.122419138171421 0.143959375171096
-0.236414386501244 0.121097877173444 -0.156708726667374 0.0124111682199085
-0.237337716187449 -0.105268301418399 -0.0573119644624187 -0.0523491306381007
-0.145869009799336 -0.266640255339251 0.0415425281632688 0.164383839727917
0.00841197164232486 -0.147298295846478 0.181505122887553 0.351513993536864
-0.0652562158444636 -0.182575029877132 0.107663439190757 0.38466572449432
-0.17527205099863 -0.0831597218636891 0.147496023450689 0.310528543615386
-0.180392274114597 0.0668499261881539 0.230025041141664 0.184752407358389
-0.0391548695187493 0.143471470275088 0.192204079857102 0.050687688512444
0.051114204541045 0.103957658139067 0.159142878100632 0.0423482701480248
0.10010917407065 0.0769941688449778 0.160943659769333 0.0339970787451667
0.122346764448791 0.0450768495181558 0.166863046436079 0.0534912342867674
0.131815243565227 0.0388465808473315 0.184885486635755 0.106852386139796
0.110011532134107 0.0827477329500387 0.143649618100659 0.177472243422594
0.0592468117247844 0.130366650243947 0.00962985605000632 0.235413106179116
-0.0806455497602226 0.15940041912846 -0.12359069424353 0.165414809586634
-0.178807962380235 0.0548249028465606 -0.159157670704115 0.0264820683645691
-0.142011971991974 -0.114379355006987 -0.0317327756217586 -0.0358761921679909
-0.0340884459644853 -0.197213187244494 0.0731573877457084 0.223862656948922
-0.0607005152823191 0.0639224369657143 -0.132850281394368 -0.277089891895901
0.0483868756958051 0.0803134177279198 -0.0475198937625484 0.0153806425286907
0.0921145756222396 0.019908064314181 0.192379803036035 -0.000195381908302206
0.0512240043966183 -0.0618846201076207 0.179398699656567 -0.186158466281208
-0.0180512988731087 -0.0545250477311058 0.0128215442579566 -0.304840133167116
-0.0327755766106665 -0.0268557555222521 -0.178333196724896 -0.267554188609609
-0.0310325889262939 -0.0312570062954085 -0.2449852911995 -0.145209987595093
-0.0277554507334328 -0.026316384443961 -0.223838978801336 -0.0646830194595571
-0.0142433667995194 -0.0258177436289417 -0.209812397049248 -0.0527507678375579
0.00957321312595865 -0.020979572134452 -0.205275078043856 -0.0686163448172185
0.0372884257392606 -0.0125454497023442 -0.196214532906289 -0.091944032655505
0.0512006408829888 0.0330615723882459 -0.174000692218726 -0.177773141236028
0.0137710500872289 0.0940288832567361 -0.123318280706606 -0.287744586525485
-0.0657262561023177 0.0737726432348836 -0.114307212376379 -0.31769971049828
-0.113888398689257 0.0258888271919706 -0.202866739779452 -0.340367939231478
-0.170890711720553 -0.0598455862303418 -0.0815085512799757 -0.260280551272793
-0.093508647477317 0.0325183163310275 -0.0225741076568365 0.0355183283467428
-0.0411764860661346 0.0730391042656657 0.241863086008304 0.0229067650317728
-0.00917107659547366 0.0558214916350992 0.242499971964621 -0.190122279561415
0.016864919327479 0.0421260623537738 0.0395290683470702 -0.336320050503002
0.0329938441766524 0.035102716908779 -0.164920051026974 -0.291971717402824
0.0647191421387684 0.0101502226640855 -0.242611705523411 -0.158308748249459
0.0695515497616406 0.00104737310604852 -0.216555303238759 -0.0608634154503579
0.0764438659082682 0.0159664741225856 -0.204019995081949 -0.0385999124547923
0.0593322142317903 0.0618089836790552 -0.193470363097102 -0.0474081070255186
0.036324566492504 0.0914423996399554 -0.192871428683 -0.0617045678030336
-0.0443684982955795 0.127979319288869 -0.185533177827794 -0.131821836507945
-0.12734839227136 0.103809838319156 -0.148496824572972 -0.240864785942474
-0.181121357662274 -0.0164072055831184 -0.154569354050324 -0.269916742107477
-0.202401459715025 -0.122788914836403 -0.216188430852359 -0.291821842412944
-0.247075847344724 -0.191576497086301 -0.0142858076778783 -0.196129381777843
-0.230095902995292 -0.0552196418253858 0.0146473576856331 0.0885377843908925
-0.199603159678858 0.0974378638126676 0.296177186548649 0.0760003387970107
-0.102965830816108 0.174660303847527 0.318540967736832 -0.164583041434164
0.0345462965247692 0.156393150561501 0.0878444493638756 -0.343911882626483
0.0898437102375366 0.108790943864061 -0.121107514097955 -0.293865455924193
0.14914723328685 0.0596721347046054 -0.205318416157953 -0.157458760677294
0.157471363868046 0.0279428271640552 -0.17771556170827 -0.0489046876614559
0.160045376837053 0.0428379571721472 -0.165212467947169 -0.0116714372173558
0.114790447419806 0.118353941758661 -0.156584580740264 -0.00547201464993788
0.0608964260240394 0.17108554234744 -0.179374279033752 -0.00273864464233732
-0.0907804884244535 0.226562786388595 -0.198385942024825 -0.0637903068037895
-0.229381700366282 0.148305658014768 -0.177424327407448 -0.17930952697238
-0.282639202587676 -0.0580587054840154 -0.177505658765607 -0.209225047967207
-0.277053867811645 -0.232214616346741 -0.199841611942437 -0.20239438419918
-0.277956177847402 -0.305316515877864 0.0577587747908592 -0.0859006027868678
-0.329008977622779 -0.166988225540496 0.0542588491291293 0.17019546565549
-0.350775025998138 0.0802120953409498 0.332535548478411 0.157919709153727
-0.217879079561826 0.263379294509022 0.38411947062395 -0.0994822925255005
0.0256945004500511 0.263788949063596 0.147146491524258 -0.310307848244975
0.126386849070583 0.179686964100033 -0.053583389515118 -0.262473704020609
0.209348294883887 0.107395534604874 -0.137712927996711 -0.138643777823522
0.221634904341931 0.0494797092642491 -0.11218644004585 -0.0296223037646929
0.223559265627217 0.0552201444326039 -0.0986779336680692 0.0188673608580234
0.164348059502364 0.14436938039535 -0.0966949762707187 0.0414874878491838
0.0964233478471627 0.216729751670675 -0.144940966167063 0.0635996176274438
-0.0948674558311866 0.299187257224075 -0.194052287424548 0.0116286502631857
-0.280570240933017 0.198324113006176 -0.192866014292359 -0.111822477935504
-0.34515859644113 -0.065003135445858 -0.172055751775511 -0.151823241565843
-0.320251300235544 -0.295554518908917 -0.151878211819309 -0.0981426288939331
-0.255246737446181 -0.371678092894347 0.120971710431587 0.0552817379826709
-0.35708372107514 -0.269381870925455 0.0858738190487778 0.266273818071974
-0.443567086872755 0.0200860969322845 0.328197796877349 0.246751411915354
-0.31620849709279 0.287221137362597 0.40680265839204 -0.00295025064388646
-0.00588742662833003 0.328849426959937 0.195267372297264 -0.23044409281966
0.136465379279364 0.22479208007147 0.0219175377244779 -0.195676786148408
0.2348097184544 0.139973632781351 -0.052772088878408 -0.100693576023702
0.252522211359303 0.0641817868477509 -0.0317659635405587 -0.00613622050670551
0.254754365415714 0.057803100040457 -0.0166211822164746 0.0460716869425246
0.193601824510035 0.147424229034247 -0.0225249162882355 0.0836525999203138
0.120863764160908 0.226819273583427 -0.0946456248167209 0.122541863002655
-0.086604859463258 0.32576497679376 -0.170651585501219 0.0755454547202011
-0.292297635500075 0.215402156226159 -0.189688303087557 -0.0548693550828166
-0.356543693482925 -0.0679797296374154 -0.141512299089581 -0.107741422298199
-0.314131095294497 -0.319620509222986 -0.0816724760244749 0.00359047762457898
-0.189537968315549 -0.367292986237515 0.165049180645367 0.198741076520998
-0.305584971642631 -0.317969836755428 0.103142008120581 0.351099685153857
-0.437170124623413 -0.0514730382132686 0.282315596575635 0.316199821207838
-0.350417905092166 0.242951826379633 0.375758318733866 0.0944950284794829
-0.0388670551165243 0.324367588866128 0.216497518153093 -0.122693447596284
0.12192536657301 0.226543062124263 0.0889153662681761 -0.106468347895037
0.222931742431 0.146638868450356 0.0360209617792817 -0.0517440096399702
0.246025479102646 0.0691717278336559 0.0502293433734484 0.0179611694211113
0.249538155598851 0.0552162019791255 0.0663811004712539 0.0693443207185595
0.193818885470758 0.136114063500794 0.0513981992293155 0.118829682475406
0.121069238964013 0.213678687592342 -0.0425633184464688 0.170545655996304
-0.0839066732998686 0.303926843166879 -0.143713484468807 0.122527222208183
-0.278608216733004 0.189360045508979 -0.175580142945863 -0.0133479121101155
-0.319668295430325 -0.0843766884159851 -0.099701928614688 -0.0784920581898513
-0.255378494020226 -0.314059556121351 -0.0101933971731687 0.0935294502475411
-0.0983803697348005 -0.287985061481283 0.188106887898541 0.312576980937296
-0.19992986427959 -0.287404579819802 0.109172326764875 0.40150697698359
-0.338706098899163 -0.0906173445363815 0.215144979267305 0.340355574435263
-0.299980457991422 0.161290590900679 0.309961034355595 0.162012356970907
-0.0492832311420239 0.255893874480369 0.21337169289155 -0.0210288213890726
0.0919268148785021 0.18202564234819 0.138475876138361 -0.0203444456602126
0.177501201239886 0.123903174683994 0.11353715849203 -0.00306031448982538
0.203491484552977 0.0621684004370236 0.122681894129726 0.0382420940133206
0.208732639654512 0.0500211651263066 0.140207595133605 0.0893778071386565
0.166120586525022 0.115857205184352 0.112917136768428 0.150134941676508
0.0990161958768754 0.182379355774686 -0.00384089793636694 0.210446524760487
-0.0854684892920993 0.249301709619171 -0.126644718101363 0.154438993528974
-0.244619885282635 0.131535834532889 -0.165230673132343 0.0142395563818462
-0.248363807874271 -0.106008058561253 -0.0613048763513877 -0.0557942531203265
-0.158283072889455 -0.276431615310713 0.0475457552530747 0.171330809001333
0.00690973666367638 -0.154712915826908 0.19412024833325 0.368565753883284
-0.0714860399436305 -0.190287163930286 0.116899270459269 0.402573592562564
-0.184835335580465 -0.0836004314628395 0.157286060999514 0.32550319798543
-0.186728782921958 0.0748563854591516 0.244570087366271 0.188286250500773
-0.0381718757048237 0.149952125806202 0.202736335009049 0.0495577756001682
0.0533951420259138 0.106983900944708 0.170156913702165 0.0400568074139386
0.105807648191151 0.0779174245006577 0.169147040408968 0.0322960202335766
0.129793983572183 0.0440832361174635 0.174553078974662 0.0527333793706392
0.137102779113377 0.0376896831240101 0.194818346267805 0.107481479601003
0.117021386308703 0.0843893583582639 0.152163565642033 0.180919872521563
0.064633006203046 0.134299198888471 0.0137552001534782 0.246928743218309
-0.0818233334886767 0.169850100227178 -0.127067725124658 0.176224726710938
-0.185172455025776 0.0602196799297534 -0.167758430033332 0.0291492430356855
-0.148551296849088 -0.116909496840407 -0.034256527342691 -0.0386854321062734
-0.0398780911389332 -0.205127794776316 0.0814872781789102 0.233515444954209
-0.0598626090210913 0.0742952793143729 -0.164725327676103 -0.285618193953452
0.0590139811151347 0.0770281416339797 -0.0555816820139068 0.0252862515304307
0.0999511094063619 0.0061424685281925 0.201101806234975 -0.00961213437128973
0.0445409191918109 -0.0754671029224386 0.178247859047098 -0.206625376592775
-0.0283787882414751 -0.0572748703908859 -0.0140705579714658 -0.323098891116035
-0.0417022756302766 -0.0234890757994573 -0.213324426464721 -0.261170605943769
-0.0403510149754323 -0.0278278779330201 -0.268625114570202 -0.123816972476427
-0.0323772213491943 -0.0240455206944078 -0.242465456479903 -0.0451726597551364
-0.0171863087984531 -0.0254371363288047 -0.230910893347576 -0.0322360475288035
0.0102004524127668 -0.0244455931338327 -0.230964296895089 -0.0500127226434049
0.0395586010442241 -0.0201680058697524 -0.221762000826047 -0.0788873532175162
0.0617808702014553 0.027583882700952 -0.208534754212606 -0.17840837557647
0.031639039291768 0.096482251388937 -0.16472683746295 -0.30471127463515
-0.0575403754409958 0.0838308293613011 -0.14617750555097 -0.335125123139283
-0.11599334816406 0.0358209596483908 -0.238241927866993 -0.350130500003105
-0.189563484738581 -0.0390728851791542 -0.100375922706647 -0.280384167906379
-0.0934695755340332 0.0459961275541017 -0.0240796256585624 0.0349822611642701
-0.030928613297252 0.0796946481924407 0.25177071699297 -0.00110950033633177
-0.000154256131861794 0.0562942074165027 0.235139033154303 -0.224262515064573
0.0190377253358852 0.0374464733068419 0.0053493095600681 -0.355000547596782
0.0337089011824268 0.0338905359598149 -0.205204536472423 -0.285808864604377
0.0664872917104472 0.00119565368371794 -0.275201338673913 -0.134442699883004
0.0717361091086396 -0.00590788982512228 -0.233461448751957 -0.039712585998879
0.0824074940796276 0.00629093469715305 -0.222610328978263 -0.017038255268786
0.0721585951969503 0.0560650889926632 -0.216942399734588 -0.0294445710719025
0.0506941299224802 0.0880656861234713 -0.217930240422287 -0.0470063411636212
-0.0264610144321811 0.139463324196029 -0.214401127166653 -0.131309437041113
-0.115901779264025 0.123164594531786 -0.181063287204851 -0.254965072764499
-0.191786810674506 -0.00135791806207363 -0.181791787975425 -0.270838996322578
-0.227641915890013 -0.117251113546709 -0.248454365377695 -0.283772473832961
-0.284580818493196 -0.164874617054292 -0.0132092353744847 -0.224418894088919
-0.244213871831495 -0.0268107368462652 0.0255698188192221 0.0781732323187889
-0.191408945710316 0.127693201910248 0.312828308246289 0.0352337288319802
-0.0792055664452903 0.194453676353835 0.30935607063127 -0.215606628872736
0.0526879670783641 0.153054306337603 0.0485469075795208 -0.366261377576862
0.10170894967271 0.103472844019942 -0.162595096483655 -0.290021410438068
0.163958704583271 0.0391985596624174 -0.242226670249696 -0.134690194920042
0.165830335385855 0.0110107690487508 -0.189725732028391 -0.0297220695834627
0.172688349696342 0.022655701691061 -0.177363061990282 0.00730985365823846
0.137434848769875 0.107830015124444 -0.17508588171679 0.0115963557181353
0.0851592795440845 0.167629860893888 -0.198586705326992 0.0152384637550234
-0.0620195408687723 0.24826753095921 -0.2231363940645 -0.0591011949840674
-0.219041672216727 0.182835815559603 -0.203095424368532 -0.188204115935975
-0.304802406034016 -0.0364017716606439 -0.198878709861592 -0.197776644402784
-0.321082143408072 -0.227324769717449 -0.223136887735413 -0.17949719221784
-0.328698537122785 -0.2777556054086 0.0801053300491325 -0.114895935775999
-0.359109924387397 -0.129980584222043 0.0817010747418675 0.154241759961061
-0.349206313517592 0.12935342360215 0.360885706514468 0.104554107545209
-0.183639061640126 0.303520446460528 0.378853246337689 -0.164482481800065
0.0584409404363219 0.264227481329846 0.105943462983984 -0.335895563611594
0.148864883310635 0.172344838217881 -0.091993620443403 -0.263092038257466
0.234607684537956 0.0802840032096791 -0.175920720244897 -0.120820854549443
0.2357090414174 0.0264794021309673 -0.118779583769564 -0.0163778285799603
0.239047317948865 0.0271629845169117 -0.102016899488482 0.0325072296738144
0.191934748986662 0.129194107207221 -0.106408202387857 0.0552284073959785
0.126765817021702 0.21076412835795 -0.155404952215974 0.0830517051298884
-0.058127333736239 0.325142042446409 -0.212099384599469 0.0209896245742398
-0.268720571925446 0.240082327232644 -0.211684258394974 -0.116540365854797
-0.374150931080148 -0.0354253894622153 -0.184439074350277 -0.133222499508313
-0.376239113027225 -0.28974576456874 -0.16264186503689 -0.0652410723241439
-0.311349648651536 -0.350519018129856 0.162229394606401 0.0316897306154181
-0.400142167025531 -0.232631367600727 0.130317352516667 0.250881532138823
-0.452856537632975 0.08014593641002 0.37041911377633 0.191311106055217
-0.281829659177448 0.342552986254253 0.411060997368963 -0.0740343055983951
0.0359298030803752 0.334893427744272 0.159623933274271 -0.258822119322651
0.16536028425874 0.216834586903925 -0.00701907116150775 -0.200535834335772
0.267786706578525 0.11186545098379 -0.0849507274022365 -0.0916139844925993
0.270580744327764 0.0378446198238578 -0.0315063415769646 5.23559023504575E-05
0.271002358315185 0.0253093961344529 -0.012458936702439 0.0527661649812623
0.22109228818801 0.1282825233622 -0.0226747139176063 0.0922398927577264
0.152182361876339 0.218992397181247 -0.0955262501279039 0.142317580382633
-0.0461537271069625 0.350821602942937 -0.181790107994261 0.0876955501358169
-0.278831277260945 0.260834238832416 -0.201456885076501 -0.0559744024588516
-0.386346980241921 -0.0363868057491071 -0.146257161746829 -0.0888871432967647
-0.373693172559198 -0.315818928172303 -0.0809674986256915 0.0398833831823052
-0.241372810753643 -0.353660865738677 0.21800110451146 0.185525635002898
-0.351832350955526 -0.287730882279559 0.159022806763649 0.342657985035542
-0.455877649234647 0.00608529978944718 0.333231849515115 0.268132483361759
-0.322127446314862 0.302442756692593 0.390747059997459 0.0288048069668761
0.00286712594084967 0.334961275523562 0.19263495657431 -0.150615826384492
0.151407863121361 0.220406812022041 0.0726593289589761 -0.115481501296095
0.256219204107118 0.120058705635537 0.0130893275573475 -0.050630797767596
0.264147842067006 0.0423029621979558 0.0570219499723428 0.0167863185583931
0.265248587684117 0.0245028277515797 0.0792544111183633 0.06758871793237
0.219684604137837 0.117481475426886 0.0612700487374679 0.122362851608974
0.149578840948859 0.205619981365136 -0.0341888149011601 0.189173928472991
-0.0468607583920086 0.328399461614717 -0.147356334634176 0.136723868242352
-0.268750565801766 0.230608099756295 -0.182859946352905 -0.0103320996956366
-0.348151448420299 -0.0559563243019631 -0.10206141155433 -0.0614501583677878
-0.310985501233053 -0.313232148576966 0.000873248376541765 0.128365342164318
-0.134186377589877 -0.284823938964281 0.244247358289208 0.31065787189124
-0.236837693257179 -0.270104116820406 0.167479129146021 0.401611413526927
-0.358160028041865 -0.0473375928746851 0.26801828915049 0.310009216698713
-0.280475905023869 0.212011048217439 0.332397831579735 0.111687423226824
-0.0155342178852123 0.267562185436811 0.204249324778556 -0.0441833205240386
0.115968638968277 0.178001144848405 0.135970088198248 -0.032576360132231
0.206068958729875 0.102143982758454 0.102706257872949 -0.0117306281832577
0.219227041328266 0.0404522924663431 0.13400612394495 0.0301094416169115
0.222158271604846 0.0243813394594075 0.159590603268409 0.0807718196886593
0.186879932643259 0.0994491692497982 0.130872411094587 0.148967794729952
0.122170008453958 0.175827241535574 0.0120398936238138 0.227850384677858
-0.0584478144447958 0.269908428879921 -0.124268204904373 0.171846545999212
-0.239761389680032 0.164601705566926 -0.170120746979921 0.0219530167737724
-0.27401162386441 -0.0877638256847172 -0.0626597370232613 -0.0424464645325104
-0.203324895542856 -0.280844135780463 0.0649153456730934 0.201655205581897
-0.00709022468440807 -0.161264780224431 0.243314489734996 0.3774017436877
-0.091238325567094 -0.18695939059628 0.168718502297145 0.410938083725978
-0.197382456736701 -0.0615810130758526 0.202226820661094 0.311896332154956
-0.175689491606867 0.104692347276594 0.27147331034035 0.157372483864061
-0.0167131805780883 0.156448990497557 0.206995603579618 0.0308293102167903
0.0684314061847989 0.103250939406764 0.179028636207116 0.0253974904032567
0.124308407514112 0.0654029240019887 0.171209916301454 0.0154996509528488
0.140202066945973 0.0304492414774915 0.189777438546579 0.0385777604797748
0.146567895381147 0.0218570878205271 0.218450314148967 0.0944490967223313
0.130845705664631 0.0726792124889029 0.178266538970916 0.178346048408759
0.0801246753220262 0.131199904776772 0.036806578918472 0.264555215325359
-0.0648837636524982 0.185768078221779 -0.122098192546313 0.197642786281614
-0.186687101458193 0.0825471347799683 -0.171908092054294 0.04206441028222
-0.168793751390069 -0.109266618980623 -0.0378161307428063 -0.0299362214385314
-0.0684335533991412 -0.214996717073264 0.101744252210411 0.256206289256744
-0.0593620333794618 0.0818108757376287 -0.192617273962004 -0.287377677801975
0.0655071789973951 0.0756726152016461 -0.0573775917997232 0.0349014504375651
0.105617919744457 0.000126499477495158 0.211536642297136 -0.0236309695963963
0.0404080824019053 -0.0804983340795964 0.172786805660873 -0.229859455028806
-0.0320085684819862 -0.0563488820744909 -0.0383496275275648 -0.33585080479002
-0.0437423061472048 -0.0200531532658714 -0.244577796437665 -0.252771610431566
-0.0442828967051519 -0.0258698126096063 -0.290345853943856 -0.106830019727379
-0.0360594958892735 -0.0226589247575853 -0.256576372404205 -0.0278874119700671
-0.0197714821016869 -0.0258724551610059 -0.24368561446734 -0.0136359094369876
0.00966833979494203 -0.0266592956195042 -0.245745174742615 -0.0319300484431493
0.0397693667641005 -0.0248125528864625 -0.238654134369426 -0.0669690803214212
0.066772433742086 0.0253671076693116 -0.231435604462686 -0.174565102334683
0.0406637404109467 0.0972295035886588 -0.196270375689641 -0.307220836162295
-0.0569466835929068 0.0894993688681685 -0.173937584968415 -0.339951401836845
-0.119513216829536 0.0455646123738305 -0.274263136901639 -0.35341581528095
-0.202352883784525 -0.0271890326702209 -0.123561338268453 -0.286160297371799
-0.0956049602243794 0.0547154250060192 -0.0240974875341498 0.0406683890279098
-0.0267108477197958 0.0875728613385312 0.266254765368072 -0.0187103820521633
0.00479653213302565 0.0610865504613001 0.231011879904587 -0.252803714558721
0.024043210924587 0.0389274576899386 -0.0202037566573121 -0.370883795823009
0.0398303409753937 0.0334614839295366 -0.237197839162635 -0.280011835095135
0.0696030805231523 -0.00535182099593914 -0.295574281014711 -0.115544194799185
0.0748121622437311 -0.0140101472678732 -0.246051399322321 -0.0237675502071355
0.0873966793189286 -0.00062587295612369 -0.233301764040383 0.00105214850354425
0.0813090463754912 0.0528240487689843 -0.229589861395973 -0.0101397027431604
0.0603046615836337 0.0877955890725287 -0.23097799587493 -0.0327036686236301
-0.0161998725350056 0.150082189996082 -0.234861421940586 -0.123636145957572
-0.112138533095409 0.136717551677641 -0.209957372268871 -0.254722676823792
-0.202922927099367 0.0096943091219291 -0.206979503896075 -0.271057187188856
-0.248237134626703 -0.106828518798079 -0.279825051232253 -0.281407348388007
-0.311205867991382 -0.152451329545095 -0.0291614837949105 -0.233325726004618
-0.258772413529316 -0.0112830355271669 0.0302697254593295 0.0814286725433729
-0.191450635376508 0.148603927388783 0.33252230060068 0.0159898518191066
-0.0666740342749732 0.213493911115784 0.31050099908896 -0.248863754654375
0.0669608213303583 0.156475719418777 0.0245076895164296 -0.384803388282266
0.116841899859167 0.101454103703799 -0.192944714677585 -0.288814012097151
0.17404511575589 0.0269821275203141 -0.261346895966717 -0.119036340359148
0.174828923321132 -0.00444790607892108 -0.199780458727142 -0.0175490161206571
0.181906002007093 0.00989528830134692 -0.18266905832244 0.0229472007914416
0.153579747832855 0.102492885669754 -0.182284399280192 0.0285833609774917
0.102291678370056 0.169347814859488 -0.206012184807126 0.031645736942712
-0.0440065304682545 0.267490668486171 -0.237983086687677 -0.0465190550697755
-0.215906998742023 0.207262425459761 -0.229445778095398 -0.183356299375003
-0.324154731905843 -0.0167549431209987 -0.219603945385968 -0.193085909827018
-0.355833206510293 -0.214638346688185 -0.246149144449868 -0.173608834428237
-0.363490000172039 -0.268706392714342 0.0751834649450519 -0.12712198451507
-0.386716136282876 -0.110858113573271 0.0944248140447961 0.157054945142477
-0.357961987490724 0.163042944354472 0.387413810982467 0.0860458572779366
-0.167803795450617 0.335659337224132 0.386533542034256 -0.201166295163154
0.0816952735859274 0.272362134706704 0.0877102084388609 -0.35670694089714
0.171919168390361 0.169289225268179 -0.116122086633437 -0.268234723099957
0.251516691796052 0.0634011662079543 -0.189686956928354 -0.109668929335034
0.248871899332412 0.00586989688915393 -0.124280422882256 -0.00869923947997149
0.251571971214465 0.0084764525686068 -0.10298734433112 0.0429765546830508
0.212051252615499 0.119293053874766 -0.107667420816318 0.0682519232561422
0.148829375255951 0.210766166218167 -0.155870768343986 0.101157156492995
-0.0330622546238424 0.347540427473738 -0.220471892011599 0.0371595588719464
-0.261758072699346 0.272822926440815 -0.232741142503546 -0.107745528592655
-0.394350763338178 -0.0107262223516066 -0.20160552525654 -0.126992805769968
-0.41895113607798 -0.275876241597276 -0.173430739191829 -0.0571019231437113
-0.351047720686193 -0.344599086810282 0.171439618770928 0.0219684433505007
-0.437323595281669 -0.214755871224674 0.152449066312596 0.253613850520034
-0.469246156220631 0.118669465228125 0.402590470034976 0.176553369873241
-0.265818350602295 0.385128942577097 0.425767462086602 -0.110006581267208
0.0626848538680878 0.347331208531985 0.149446008586015 -0.280086901009732
0.191453625307308 0.216390467591894 -0.021807059225861 -0.210463627235937
0.288328713566053 0.0927513589927828 -0.0926704503619198 -0.0866430893264923
0.286295507559192 0.0149822448241763 -0.0318853130516186 0.00128251262343606
0.28435409480105 0.00488856195470063 -0.0075046044914724 0.0559167909240842
0.242536416831539 0.116380106189105 -0.0174338121401793 0.0996710705034128
0.175800734965884 0.217512595066932 -0.0882862050663318 0.158771714240929
-0.0187559753898701 0.372917212119098 -0.183339719396386 0.106171901129538
-0.271468470548057 0.294919552315299 -0.217937216512979 -0.0445535265979552
-0.406234594575734 -0.0106943847815258 -0.160854251847581 -0.0836394451063355
-0.416102656026353 -0.300540449341516 -0.079186850048502 0.0464529013631222
-0.277764340092523 -0.354600509507954 0.241377753421103 0.179311866770909
-0.389631444669451 -0.278353376009846 0.188875878805946 0.347287346575362
-0.477964178473896 0.0404148206133687 0.369137103451477 0.259335187305649
-0.313285923214269 0.344951020546257 0.41197319725696 0.000627089295269903
0.0291780539384682 0.350419784011795 0.192390875331563 -0.16979316448929
0.175476266537964 0.220512999416439 0.0693173274670994 -0.127687972858637
0.27730283325886 0.102566996890355 0.0115834587519461 -0.0536049913475959
0.280696202884871 0.0206364970839028 0.0611585975030258 0.0115204014687083
0.278754763295983 0.00388792695717243 0.0890231999878925 0.0648349604182505
0.239100013668177 0.104934831455346 0.0720963645055338 0.123368646393259
0.17205377725227 0.203038342484168 -0.0199900029307917 0.201659981519747
-0.0219586969087084 0.349003586689696 -0.143336760190925 0.155858034708166
-0.261998886185051 0.262033279346785 -0.196108477395926 0.00164457583551367
-0.367293124181476 -0.0347786299943433 -0.112475100702335 -0.0581147541954572
-0.35078699987325 -0.302557319681119 0.012095851847453 0.133255135982532
-0.160984859765981 -0.289914004895151 0.276276673727502 0.30971713796278
-0.268810334794545 -0.267218105476751 0.202680666838605 0.408085473817003
-0.378386283335362 -0.0229972277069865 0.301856462979803 0.307836967853263
-0.2772219643805 0.24505149081978 0.357005359328882 0.0911642725048969
0.00390230079104952 0.279869382893712 0.210253905456561 -0.0598574481807327
0.134071745813261 0.17826916873942 0.142426638761967 -0.0457212309342023
0.223007111973336 0.0890876107161696 0.10758774470735 -0.0200529124831561
0.233324213431719 0.0228890366545927 0.143448354764309 0.0201808007443374
0.233769138463459 0.00840170690862801 0.172849168155243 0.0718129662271083
0.203758015803691 0.0889395189262756 0.146712495169812 0.145614887663685
0.140698426606569 0.174670012841296 0.0312872863466303 0.238703702541517
-0.0383272946657717 0.288534615624404 -0.117459219680627 0.189755355540043
-0.237644998914383 0.190996573805884 -0.179443258937879 0.0340340668431296
-0.291498667944204 -0.0728878556114858 -0.0708068953261154 -0.0412784667422383
-0.234650547923766 -0.27674095186912 0.0841864094893354 0.204999263369281
-0.0195208324040116 -0.168695300387844 0.280875832866898 0.380916310800354
-0.109216132977083 -0.18920648531243 0.203974638721081 0.417924986363224
-0.210097258965905 -0.0496505269649898 0.23331799376823 0.315282591241158
-0.176076183832355 0.123548130934252 0.295219872096846 0.144442358078267
-0.0051325907733098 0.163466969653922 0.218772744167528 0.0168925620372304
0.0777139426781953 0.102342814964927 0.191568620896722 0.0109941909114704
0.133857978285356 0.0578614346467797 0.180260074165938 0.00319641140865632
0.149879379011193 0.0197397662138185 0.200708869365059 0.025790877952228
0.155251581254217 0.0111509789275343 0.234563083069899 0.0807253476851702
0.14187343983221 0.0654155269898255 0.196660484524655 0.172200655988572
0.0925798223288535 0.130491158337874 0.0586381216418196 0.275339446221752
-0.0526164185634185 0.200591382109307 -0.11352442828295 0.21597580242566
-0.187691141747163 0.100475424920266 -0.180058820347164 0.0557543181032811
-0.183455643335274 -0.102553930652845 -0.0426935678129544 -0.0305011861687329
-0.0886458949878586 -0.217793954663745 0.127615882944008 0.259189309036644
-0.056281786676403 0.0879128864329389 -0.218374348218036 -0.276237132643282
0.0705367957794289 0.0716024100941758 -0.0557658925056161 0.0433954920012172
0.107209566067501 -0.00777512886413999 0.217464479686248 -0.0406452787697111
0.0355965059236542 -0.0840876883123475 0.158580482844353 -0.248865187714971
-0.0360814818266169 -0.0533233691681517 -0.0659902198185835 -0.338230469550239
-0.044436099938424 -0.0161264042573373 -0.268589964026387 -0.232234572558334
-0.0469318511244273 -0.022450929302763 -0.302628320134125 -0.0818639608283813
-0.0385748436556812 -0.0204548867123161 -0.261810082379369 -0.0065367239261553
-0.0216816281711892 -0.0240492744244651 -0.247674853480403 0.00956625028731622
0.00734361759292753 -0.0277205558880159 -0.251343462268026 -0.0089462967325837
0.0377959084001633 -0.0286283943986947 -0.247601924882595 -0.0488198054998684
0.0697910342331054 0.0211566642346429 -0.250335372781265 -0.161375487423098
0.0494129112231353 0.094594030265436 -0.225079178575278 -0.296766512802764
-0.0546504510779825 0.0937052970815667 -0.199249627978924 -0.333196733311634
-0.118539132916352 0.0550160273332338 -0.307562040157401 -0.340938624739028
-0.210160224722554 -0.0110500387729882 -0.14742121230354 -0.281775243524444
-0.0946048302634695 0.0625188287041825 -0.0220994077409001 0.0474256359515394
-0.0199025214849071 0.0929669270605266 0.272742380412871 -0.0399555931687614
0.0116188632243072 0.0641666671993689 0.216535264119783 -0.277142230970926
0.0288779526283554 0.0383273137904568 -0.0490271880376845 -0.374290359920199
0.0451882900082495 0.0312423726244767 -0.263922848358951 -0.261123317855945
0.0693665801518404 -0.01200700013693 -0.307620255414373 -0.0903808999378423
0.0743306547718171 -0.0223488154907553 -0.25062006762939 -0.00371245828292817
0.0892562396595616 -0.00825494003294772 -0.234541983149559 0.0235383128293529
0.0884278970589932 0.0461222296119928 -0.233728008067179 0.0112980239474857
0.0686641436650992 0.084076876177646 -0.237321352948641 -0.0138058621240853
-0.00307257330389096 0.155720308473768 -0.24908413331042 -0.109204890227374
-0.102489953031901 0.147764205167359 -0.23599943273365 -0.241338676737557
-0.209405637830489 0.0243394687486357 -0.228864302498398 -0.259367795120155
-0.261883815195977 -0.0882054885712851 -0.306293935533795 -0.266411202940011
-0.329085343363797 -0.130865355778654 -0.0475971170566646 -0.23581126761678
-0.265444621313794 0.00891947660321014 0.0357464323763556 0.083731500784712
-0.182176211344261 0.16889850186601 0.342633622475704 -0.00888443758802344
-0.0486656225863731 0.225910478249906 0.297940404315148 -0.279618093199001
0.0819309277514373 0.154284219682425 -0.00438251665544983 -0.391195297005276
0.12977599790276 0.0941438348284671 -0.219318810231398 -0.275890378040389
0.178365523782848 0.0109835134545567 -0.271792419697207 -0.0961036056058171
0.177115216475459 -0.0224444455693249 -0.203461010636798 -0.000787303161029116
0.18619234373991 -0.00695293943418645 -0.180862645339701 0.040585314797006
0.166050232112431 0.0896612486271729 -0.182614594983474 0.0478353440560395
0.118761826153031 0.163290383610384 -0.20683186208402 0.05071877078294
-0.0205901959063464 0.277765815193917 -0.245623004067955 -0.0290863050689142
-0.201473148878136 0.228864543364877 -0.251239278638801 -0.168789430851324
-0.333589422419979 0.0070812048036458 -0.237043557283404 -0.179522431535673
-0.381003503295615 -0.188002723259724 -0.261901458352966 -0.158693647172267
-0.392496239583115 -0.244266722283067 0.0679844260695624 -0.134503642506565
-0.402998421418045 -0.082482000893997 0.106316531179519 0.153676202459675
-0.35061243592891 0.196651567746624 0.403332719726287 0.057683262158293
-0.140561944861358 0.360067114202918 0.379628683319454 -0.236920320900805
0.105046530427449 0.271042492198141 0.0622496308536158 -0.366926496457038
0.191521467347569 0.159041510544225 -0.139516843443461 -0.261312010135751
0.260453292398979 0.0410252188952485 -0.198041447694601 -0.0932473692349952
0.253161411881637 -0.0195409559154338 -0.126309609725007 0.000486771291598349
0.25604335675219 -0.0135913540134611 -0.0984422934231042 0.0534744442091209
0.226453371748828 0.102669476626384 -0.103297550781953 0.0812329927430075
0.169459510827368 0.201377198569676 -0.148398448263119 0.117377881799091
-0.00161614122353856 0.358010630236631 -0.220881044047642 0.0554017656929771
-0.242568892314249 0.298821408975751 -0.249531583995305 -0.0913760682562782
-0.403647346015092 0.0193177022545101 -0.214323165571658 -0.113770763367264
-0.449618119134302 -0.245323872741318 -0.179236602310694 -0.0462610177648136
-0.384504054886371 -0.323732519745731 0.176212536662331 0.0086040082150308
-0.462479327651559 -0.185410244197803 0.172730518221879 0.247182531656096
-0.468951149834055 0.160524113820651 0.425497486955998 0.150080533268757
-0.237052386982154 0.417687318236196 0.427014823194082 -0.147131269855533
0.0929469513952512 0.348187443447763 0.131924727433903 -0.293273620738223
0.214273467091153 0.204592739744832 -0.0385458432326009 -0.212686595529786
0.300526576865095 0.0671025244703036 -0.0978548229455262 -0.0785240494263618
0.291586849449703 -0.0138378642179827 -0.0318209797737996 0.00308461853377647
0.289276394728352 -0.0212952363893644 -0.00108000759154344 0.0574994614962799
0.256616153384843 0.0960163833405733 -0.00933709274710086 0.103756255783547
0.196406931103034 0.207243483877126 -0.0752499506596895 0.169908078871304
0.0154003053107679 0.383168125137912 -0.177080781826227 0.123281752177581
-0.250263944836571 0.321918640008132 -0.229971528781092 -0.027702220809693
-0.414744627103831 0.020764612850668 -0.170166932787655 -0.0722202609446434
-0.449915917019164 -0.270252184057106 -0.0752276245479145 0.0517355155858543
-0.311086450054028 -0.339924949012392 0.259064669156533 0.165332191482652
-0.420887314105915 -0.254092454937242 0.216017473610312 0.339565427940608
-0.48363524734329 0.0810362165047687 0.396775394870935 0.238198825891172
-0.286745881273576 0.380359429245062 0.419730176337389 -0.0337010307592
0.0588776197980794 0.3528245381299 0.183238472703461 -0.184818939112384
0.197965243794654 0.209986862762386 0.0608676044736254 -0.138261966468976
0.29075779700567 0.078358246950984 0.0103159281414228 -0.0545096581472354
0.286301454026416 -0.00710157314893941 0.0629945073915888 0.00637710119904331
0.282901901050455 -0.0204979454297807 0.0956648426161316 0.057422388163697
0.251248065622692 0.084790305304293 0.0832162738409669 0.119853832312985
0.191076038569968 0.192227660681045 -0.00266819466801967 0.208503093272311
0.01074945593107 0.358090438609637 -0.133368226151074 0.16975688525013
-0.243352705978033 0.289230183234533 -0.203010171338201 0.0175912021201455
-0.375887449019883 -0.00682095198217022 -0.120095828846816 -0.0507923259463385
-0.382670545414901 -0.275863698572901 0.0250870316226627 0.132823256301337
-0.188227716402728 -0.282687706690924 0.30560094213377 0.296792820177503
-0.29594952203551 -0.251339195881238 0.236568075076654 0.399461095683091
-0.386286828025654 0.00891270302723817 0.331073231345998 0.292901818448928
-0.259967904231625 0.274622787197066 0.370036058398689 0.0633436169085845
0.0267180861616343 0.282452645818938 0.210587005887738 -0.0752973001392874
0.151754275380437 0.169929271578527 0.141268076884124 -0.0615832243425613
0.23295030189535 0.0689689586558213 0.109718288471277 -0.0290412786900629
0.238092865451892 -0.000333057162745355 0.146303723297667 0.00813505327415164
0.237071542125683 -0.0131802616217156 0.181176458982231 0.0579987193729038
0.21437259955292 0.0713131273043812 0.1594142525156 0.135916731022511
0.157408511148177 0.165750316053838 0.0520514633641596 0.240756618093618
-0.0124103948162415 0.297480107190085 -0.103706821643425 0.203096367480253
-0.22370013405949 0.214327926480173 -0.182968698557308 0.0490282413855246
-0.30122782702779 -0.0512130950642574 -0.0762767486856559 -0.0375250248393037
-0.262942293661721 -0.259271558323273 0.103540683966284 0.199673090047976
-0.0349795434139004 -0.171316926304311 0.315189096108515 0.369736840564519
-0.126569203447957 -0.184052662113121 0.238575124525055 0.408986727714852
-0.218000338090248 -0.0329490204755147 0.260800968846637 0.305343880384632
-0.168129883044292 0.141006749046522 0.310710313331244 0.12236961461508
0.00753509051544644 0.164396264179657 0.224043863195712 0.000943375794535652
0.0864278220067129 0.0986965597855003 0.1965432072414 -0.007254216133286
0.140978707509011 0.045734730536072 0.1828466743576 -0.0127425320231327
0.153952007596327 0.0047698032122769 0.205584149271553 0.00929074873157998
0.157660719108906 -0.00211391252852934 0.243902858976319 0.0614427081970126
0.150310621307666 0.0533332298287489 0.211795037639006 0.15781518679516
0.105200179477492 0.124182658066053 0.0823905441232197 0.274853350867559
-0.0346713880461795 0.208575175643766 -0.0983033930325709 0.229448880255081
-0.180876440332799 0.118259720252501 -0.18084862045126 0.0702278550670757
-0.193778540346456 -0.0904571530341975 -0.0474458907387763 -0.0295497897414344
-0.108182016615269 -0.211086821066225 0.151465663376781 0.251325279089474
-0.0522445963140876 0.0923144965567347 -0.234154385635288 -0.26148774429719
0.0726176763528783 0.0674492307277973 -0.0515282305765108 0.0500580995204241
0.106022441560553 -0.0135630681328079 0.217253331427633 -0.0552133782163821
0.0301232897371208 -0.0852774151002224 0.144514572975645 -0.259593423586227
-0.0370742205722487 -0.0504693134362266 -0.0863201128284104 -0.331357218514629
-0.0436478251229487 -0.0128834528099015 -0.280298876528834 -0.210304659469003
-0.048789207074236 -0.0183673026129826 -0.304600988359504 -0.0598905938080495
-0.0396892631076627 -0.0177835176958189 -0.260170335365289 0.0110448762407125
-0.022683937628126 -0.0230011410683908 -0.24400885089489 0.0268257150399512
0.00593040146161646 -0.0283209559080789 -0.250025319255083 0.00864872056506082
0.0351752544444968 -0.0317045418913878 -0.250384889637157 -0.0340572070023024
0.0717772473530254 0.0177142519682458 -0.260896180121738 -0.147847541355441
0.0542940353553903 0.0895428353763198 -0.242386085635482 -0.280013143048737
-0.0525961863551487 0.0963411799887513 -0.213721588787363 -0.321091129671892
-0.114563183394131 0.0618732318143891 -0.326967072675475 -0.324195951321023
-0.21185034141278 0.00226619451576988 -0.1640688642205 -0.271891426647347
-0.0919626907453429 0.0685768226441417 -0.0187547193808394 0.0518037765448247
-0.0139986922049414 0.0954979099366607 0.272158919236961 -0.057183296670873
0.0176624169637688 0.0647792239962023 0.199763645947729 -0.291458325254591
0.0328346189302934 0.037310905632435 -0.07027495250816 -0.368506128715676
0.0490064256905074 0.0285661291086465 -0.277892434758873 -0.240404089174988
0.067857122853569 -0.0167392743062329 -0.308118204362281 -0.0687039673979124
0.0719868156207692 -0.0291540782444288 -0.248337237967411 0.0125048582977024
0.0878648396937642 -0.0152626077225427 -0.229321975594089 0.040509014189377
0.091498017139705 0.0397840148861448 -0.230466911809606 0.0290262895027698
0.0731401375591619 0.0791190535844989 -0.237525753914887 0.00174795266177853
0.00868379315968628 0.157206434552908 -0.255356173711465 -0.0952826976271909
-0.0930342265076961 0.153003532966136 -0.251445460670377 -0.225663740116417
-0.210132358254694 0.0364511455516761 -0.239955708138563 -0.246054343434756
-0.267829660152395 -0.0713347798419838 -0.320447024995628 -0.24926914778959
-0.337924636913388 -0.109689865258858 -0.0612432084060748 -0.231995768055889
-0.265638833388184 0.0249487300224659 0.0396501979129209 0.0838073769233426
-0.170974764987042 0.182180700934133 0.343735934874977 -0.0303965217540929
-0.0308462240576089 0.230041962317379 0.280957777044251 -0.299386408808071
0.0924133795158977 0.149600234827017 -0.0263102352739452 -0.388083589953704
0.137963971787871 0.0850308455083678 -0.235460570167835 -0.258339233574909
0.177391560122752 -0.00237161958144266 -0.272350495097716 -0.0762505318892976
0.173950669891535 -0.0371852448768054 -0.200658491595474 0.0112734785439438
0.184139122625698 -0.0200471274704246 -0.174489816591902 0.0533998731433699
0.171763750726512 0.077682857778325 -0.177343352400305 0.0609797840186359
0.129300104570021 0.154433070114485 -0.201946246219989 0.0640524108487943
0.000266088204695656 0.279881212110401 -0.247066320353504 -0.0154489751131688
-0.186182698548051 0.240104106917172 -0.262890448101759 -0.151547021862318
-0.333917631380517 0.0274614599264229 -0.244197992707241 -0.166282174084861
-0.391785401622421 -0.16326486282612 -0.268806999597784 -0.144544037899743
-0.407074946864617 -0.219391185915731 0.0589230922977662 -0.138569889302983
-0.408131145248526 -0.0579453351252511 0.113574185874835 0.149086625893972
-0.337054696458211 0.22051955922885 0.407666958467049 0.0337936738743711
-0.113861264383715 0.370859400686299 0.365033415545181 -0.261424421157521
0.123286412769878 0.263852147040514 0.0428925589849526 -0.367961823947177
0.202930171501255 0.145596540509541 -0.155180776827507 -0.250939931024232
0.260664279702668 0.0212638278057525 -0.198393691891014 -0.0793055343290405
0.249554273150737 -0.0403893629859224 -0.124521331845562 0.00839721916344358
0.25340766788699 -0.0319085173529362 -0.0920256904606083 0.0595924913813137
0.232573022497007 0.0859127123219886 -0.0967454357132125 0.0891752869251381
0.182105758199726 0.189378445607324 -0.140174149521061 0.127586866966895
0.0250271638667732 0.358609226710416 -0.216735979426318 0.0681121229032052
-0.222075700877091 0.314013472832611 -0.257173012727122 -0.0748626105474443
-0.402151619643323 0.043665668651443 -0.219340556958543 -0.101707096012962
-0.463167558070544 -0.2141379622388 -0.179640116142324 -0.037217733264733
-0.403676461196487 -0.300746508873695 0.175342972242497 -0.000768371198442625
-0.474098856001545 -0.158203536441217 0.183602400636373 0.237188230967529
-0.457393067082076 0.190081416058774 0.434953280217553 0.125331255716751
-0.205622210390462 0.433228777645297 0.415744359278936 -0.173350372523498
0.115584406341705 0.340520165329541 0.115787938637833 -0.299191270843927
0.229355116673356 0.18930632816925 -0.051857198783404 -0.210757502849472
0.302339432677974 0.0442388419258229 -0.0987170048403932 -0.0708511930827411
0.287842142102303 -0.0378307923889145 -0.0314291899282262 0.00448269317425657
0.285681946530111 -0.0410129592753374 0.00443596791508407 0.0565492828107832
0.261862030878443 0.077679380459725 -0.00310310725079167 0.105667580610778
0.209675199794468 0.192646826452518 -0.0622453868020896 0.174486895484009
0.0435173391800419 0.380890211919305 -0.168783882576394 0.133797217040559
-0.227229002807934 0.337120912574527 -0.234140568064618 -0.0124907017264316
-0.412256712681013 0.0451864739610962 -0.173860701397079 -0.0622672786369704
-0.46567427929105 -0.238535597611951 -0.0699443756670373 0.0541031320962297
-0.331866643651322 -0.321062841950408 0.267484792516208 0.150834576473678
-0.435248129420912 -0.227749597821341 0.233721435454634 0.325135654541495
-0.476435843955392 0.112724390953456 0.41052339957682 0.215093122507709
-0.259713453038077 0.398994567410071 0.415955599816912 -0.0598702361079605
0.0806023856395618 0.34729455143516 0.173324850720034 -0.193990185343884
0.21170849084921 0.196710710843637 0.0523027402728082 -0.143652196659358
0.292470505754015 0.0559913222935171 0.0104032692753646 -0.0550171216789218
0.28365721777131 -0.0306586417679256 0.0629592920841763 0.0010228819956888
0.27908064791822 -0.0409411348528136 0.0993701930485527 0.0500806556226126
0.255901440788875 0.0660095262522247 0.0890319676270355 0.114977713748146
0.202392158291966 0.179043227596809 0.0117863977435655 0.208120249731199
0.0363971794529734 0.356204299462754 -0.121947092902868 0.177771790801704
-0.221278783616545 0.303266839554705 -0.204687190369823 0.0305124407359343
-0.374801539646411 0.0163005244186836 -0.123209132982427 -0.0447824027309832
-0.399883098438023 -0.247005411405974 0.0339628928112695 0.129021500722962
-0.205463297966692 -0.271051530478019 0.322614750362077 0.280522601671052
-0.310977926347895 -0.23344747363203 0.256456132924937 0.384282420987177
-0.384582789690397 0.0324639590436532 0.347302709944367 0.273253965544631
-0.239055039782057 0.291052487185459 0.371250757953323 0.0402734171308529
0.0442792170198662 0.278311350069325 0.20647244404887 -0.0864698345407016
0.161950165029036 0.160075559493528 0.138086429748194 -0.0725056602571081
0.235790464592233 0.051879179577661 0.108904971896489 -0.0362755006932328
0.236530374861282 -0.0198890125897888 0.145391188333549 -0.00232614726241635
0.234254272469974 -0.0297311604617371 0.182883691647749 0.0448738672337792
0.217423707099588 0.0558879416741721 0.164988536950712 0.125196188649217
0.166852889026573 0.154304617340423 0.067827248636086 0.236601307908588
0.00976681069038292 0.297841030895708 -0.0905468678573758 0.208910926772118
-0.20769061063346 0.227627354674035 -0.182893789917078 0.0606235568347353
-0.301950823898945 -0.0328762285819113 -0.0793523405661868 -0.0345208232946172
-0.277989932416179 -0.238503591862443 0.1157717249775 0.190707921348846
-0.0460687456022288 -0.168280018533873 0.336974349947156 0.352844491916707
-0.138356818020164 -0.176000309487804 0.260050540696585 0.393430336360544
-0.217539826352348 -0.0197392168572902 0.277458279850755 0.290224228729717
-0.157524886872937 0.150672837601905 0.315030305958508 0.103066463756183
0.0172336945991254 0.161215459363675 0.223810496036947 -0.0116831964032985
0.0917091485690171 0.0920106914711682 0.195199756814601 -0.0225762450987812
0.141870391833917 0.0352656645059046 0.181397431052815 -0.0249031919476539
0.153365832584028 -0.00737233210233408 0.203945453371549 -0.00390609500374234
0.156429801161933 -0.0133118525657457 0.245107674397259 0.0448581580923465
0.152393284769621 0.0417252810346375 0.21812170850902 0.143247331677336
0.111929189322016 0.117248948380066 0.100469637469957 0.268448357688777
-0.0187701162209318 0.2104566551695 -0.0835545216151489 0.234920321678189
-0.171090389654509 0.128264023381693 -0.178295012036921 0.0817028007347872
-0.197191002963997 -0.0790745368134891 -0.0510286110325936 -0.0278899136048237
-0.120568318890652 -0.201338374898891 0.165382544571622 0.239703946045961
-0.0503494759095424 0.0952781251862557 -0.243374794494069 -0.253079777588794
0.072305878939478 0.0655014052611943 -0.0479144419452391 0.0551376974943144
0.105765740088697 -0.016883713509553 0.21683962587099 -0.0656570919895315
0.0271569147419766 -0.0859517961511976 0.134962667665335 -0.266403609683218
-0.0369071768101742 -0.0484633581621678 -0.0987966728287926 -0.327957119287105
-0.0424898981909333 -0.0109060076630305 -0.286247176253026 -0.196075932776743
-0.0496279985547866 -0.0152885683260439 -0.304979354244653 -0.0452360663359656
-0.0407923001320099 -0.0158131925177952 -0.259118413625795 0.0216020455872307
-0.0230416170554885 -0.0218700828576493 -0.241117869582336 0.0382390963132139
0.00517160169608533 -0.0285913796345411 -0.248764756034696 0.0213517981523886
0.0331882349483994 -0.033096175941413 -0.253391556318572 -0.0242021271066244
0.0729489361889489 0.0146753259197894 -0.267362698327017 -0.139234302368025
0.0571460740838422 0.0855347879666554 -0.25231527868564 -0.271075378884335
-0.0520848013594031 0.0978307187031417 -0.221805046333651 -0.314461374323538
-0.112572957012138 0.0654579576767511 -0.339369025913247 -0.315758327758975
-0.213050086159172 0.0111129242197536 -0.173534969159249 -0.26616058546146
-0.0914452384738247 0.0731813926741778 -0.015818968580068 0.054479958783656
-0.00901926627250927 0.0969804471745313 0.271597004459156 -0.0696061802100396
0.0210557145556846 0.0649971535859122 0.190568831442726 -0.301139121527445
0.0358141387745772 0.0367573815690706 -0.0832422523980725 -0.365330628263492
0.0526095791790259 0.0260868033158831 -0.286602057282392 -0.226679731008738
0.0662643207280781 -0.0203828564186012 -0.308180848805996 -0.0545414594782259
0.0696233778287172 -0.0337602925650697 -0.246562880917526 0.022587672911408
0.0878378503807462 -0.0198579995069375 -0.225059214024713 0.0510670333396859
0.0936389630152907 0.0353801802603451 -0.228111829841315 0.0402501135960869
0.0766102063491633 0.0757432996299516 -0.237537192992953 0.0111306906488997
0.0170619811589969 0.157754032558799 -0.261155282180128 -0.0879530668371651
-0.0876051821026299 0.155361787938595 -0.260276273689509 -0.215315222990682
-0.212316175337706 0.0438865569911715 -0.245171703815836 -0.238581763131238
-0.271093616513246 -0.0606842872213168 -0.329338147641541 -0.241246034608199
-0.342669554470911 -0.0962140358454079 -0.069549474324206 -0.230444727025541
-0.266286569916483 0.0354739649842907 0.0428075684801895 0.084276855336264
-0.163583796706268 0.191186518099389 0.345070959420307 -0.0440841341668747
-0.0190243929430197 0.233478622583746 0.270833476514948 -0.311808882269064
0.099964181414072 0.147273136248685 -0.0385875935415832 -0.387380048729387
0.143819324510176 0.0786757375916224 -0.244962822643491 -0.247675534550511
0.176094873875116 -0.0109988110842016 -0.270809367688328 -0.0654442135163766
0.170673382433561 -0.0472934173032016 -0.199305604455815 0.0191895989269528
0.182787109409031 -0.0289053480412755 -0.169404160994228 0.0612257892959961
0.175390650010375 0.070540746662027 -0.173088510269219 0.0702895094
0.135739409061192 0.149308574258142 -0.198701498667725 0.0726886799556337
0.0149315630103541 0.280814613828665 -0.248582701529655 -0.00777571224400916
-0.17683656690991 0.247058535770021 -0.270714204616064 -0.140090185596045
-0.334924345522047 0.0390704162971984 -0.248453968745205 -0.158360379183918
-0.399506426325457 -0.147326825384453 -0.273515151053586 -0.137333041793333
-0.416650055185783 -0.205350341216838 0.053857457434559 -0.14088047145685
-0.413254854892794 -0.0438181928860859 0.117375140990831 0.146839364803607
-0.328802825333569 0.235638108942483 0.412115175294972 0.0183966536275278
-0.095230144834056 0.377266011640079 0.355533717674139 -0.2773022176641
0.134044352555671 0.260185067801819 0.0321110016921352 -0.370139691261809
0.211901643374147 0.136630304515024 -0.165123370525317 -0.24546741717011
0.260300058399635 0.00911439248193188 -0.196776027588724 -0.0709826516011785
0.245331935621312 -0.0549639984558573 -0.123747111762555 0.0129255616027667
0.250770191621522 -0.0439501258271637 -0.0872334382226565 0.063389890793478
0.23604128337715 0.0751880707823576 -0.0918933991311401 0.0949196472728328
0.189792778687214 0.181520228945488 -0.133999413478472 0.133650113021712
0.0433652560529389 0.358709563569892 -0.214774669136496 0.0755482615780379
-0.208912844470081 0.323349052121958 -0.262930231002997 -0.0636562040976127
-0.401907180160415 0.0586447236132346 -0.221522397855184 -0.0945300751725189
-0.473104988654928 -0.193149913350883 -0.179134440180763 -0.0327596507153596
-0.416826317335145 -0.286761894344773 0.176013083377203 -0.00663936693888742
-0.482546225306035 -0.140899920670628 0.190713270646139 0.232059433979719
-0.450537240263356 0.209950703098398 0.442452827769931 0.109774155365672
-0.186272226225655 0.443421613541431 0.410637948720665 -0.190985987300679
0.129602459974399 0.337067261730765 0.108449742121204 -0.303673172897201
0.238709697829741 0.179709135775486 -0.0608903947367292 -0.209139167445487
0.302909008018051 0.0298026191167891 -0.0970964497724289 -0.0673014588824912
0.283832855744776 -0.0537916402939426 -0.0313544399734966 0.00539416097906089
0.282251319226985 -0.0557019205295391 0.00763175577292875 0.0564634523905151
0.263312304107033 0.0654832151983646 0.00213690730733821 0.107788167814254
0.217276745915902 0.183423540816104 -0.0543796840067463 0.177833819279664
0.0631967665716243 0.37940519387257 -0.164576718307581 0.140030319746349
-0.213020975659253 0.346649118330179 -0.237811846208838 -0.00244586703027635
-0.410671623234121 0.0601311571789588 -0.176344731603557 -0.0583575278385685
-0.475784336493121 -0.21947942826828 -0.0672591835657354 0.0547949906760795
-0.345880960625065 -0.309017996920695 0.273401787890685 0.143603388963989
-0.447252685049157 -0.212998040144469 0.244007854109478 0.317948194700433
-0.472929499785911 0.131994724548217 0.420615235575979 0.201145357764319
-0.240028506899843 0.410935278736063 0.412891725315506 -0.0768300137564241
0.094120903684651 0.34362906314319 0.168700702029389 -0.199946762868657
0.221054435398767 0.187478357040739 0.0457694235148724 -0.147688577787889
0.292715591990298 0.0418457623511139 0.0119742072608333 -0.0553196244237991
0.280383285421567 -0.0461204941054287 0.062095211074806 -0.00199562514757602
0.275572024980002 -0.0534923395593024 0.101534756011312 0.0456859535223453
0.257016106042884 0.0551776777131457 0.0934887990099306 0.111592227621034
0.209462784771228 0.170196839541625 0.0212973368413252 0.207528369294117
0.0541451697328014 0.354536204845868 -0.114886869729604 0.18337992948348
-0.207670723683862 0.312626526173165 -0.206992008061466 0.0393491748780775
-0.37386799957445 0.0294398121568587 -0.1260106606253 -0.0411281188970617
-0.408807776870495 -0.23015103320194 0.0397217654004743 0.125522078287069
-0.217598542008934 -0.264165825364232 0.333434629966704 0.271762268755149
-0.321931599043953 -0.222350349328404 0.268714311062333 0.376175835143899
-0.383566450381765 0.0479750207882046 0.358055747829503 0.262975079315809
-0.225382440008442 0.30037573935966 0.370670419833389 0.0266230079490432
0.0544042701979916 0.276182999535191 0.204950885719076 -0.0941027952053168
0.167914321328097 0.153101460350492 0.134260823735851 -0.0803139567626279
0.236306834835095 0.0402121230942619 0.109122210702583 -0.0415524250801869
0.233854608126256 -0.0326960318753694 0.144795043170953 -0.00764683466161352
0.232314061066204 -0.0403611555599827 0.182864320881617 0.0366010215094107
0.21867582764879 0.0458603313288003 0.168396276685866 0.119065791353431
0.172946003953065 0.147352546812413 0.0779536219273942 0.233723142142666
0.0244836842230507 0.296796504214892 -0.082917732238332 0.212497181169568
-0.197079046016214 0.234962611044936 -0.183442901298297 0.0685496695350436
-0.303075855794509 -0.0220352905537511 -0.0826357936399462 -0.0323535356019866
-0.285887779501703 -0.225379634441008 0.12354660450724 0.185005189347061
-0.0542441389640641 -0.166122766604329 0.350587105598101 0.344836718776269
-0.147219013356833 -0.170853576956771 0.272894831519242 0.386433286150517
-0.218931349746508 -0.012048314670493 0.287783634092999 0.28326540650587
-0.150223136104616 0.157403698198247 0.31726529724703 0.0923305735594582
0.0219793199121236 0.159736414966034 0.223921769775325 -0.019151465299236
0.0939037789336169 0.0887213055773874 0.194346563082047 -0.0331195271852365
0.142010581129123 0.0279165791185957 0.180327680922227 -0.0324807771927665
0.151988420776677 -0.0159420261447825 0.203207383873735 -0.0108332132583865
0.154717576626039 -0.0205530841749392 0.244213242715708 0.034135139757024
0.153564470258141 0.0344446957328245 0.221520188994164 0.134845709027353
0.116369401750925 0.112623642352307 0.111194045605001 0.264255800626734
-0.00831587315693994 0.210981095945825 -0.0756616775043207 0.238681421081012
-0.164672042105631 0.134402964216584 -0.177883808827806 0.0883702055477545
-0.199411375475785 -0.0712144817983736 -0.054305678810913 -0.0276418048694837
-0.127069881412155 -0.194218083685161 0.175717964503916 0.231559932432641
-0.030891269586795 0.102942484592022 -0.315091412154757 -0.204823654106125
0.0841671749212141 0.049617545303213 -0.0358316954820683 0.0738301006988818
0.100002817729655 -0.0414970002672099 0.213359237166564 -0.111458256573825
0.00541925926669841 -0.0931504605780321 0.087330254256015 -0.302822633184927
-0.0498589505988831 -0.040771891260796 -0.172225839506868 -0.315411177069126
-0.0448885350840985 0.00159134373163796 -0.330119771648941 -0.137629659083469
-0.0534119160856321 -0.00121245551245162 -0.313810260911804 0.0146686901770385
-0.0444382554122971 -0.00604981820763778 -0.253119154294992 0.0785283870490662
-0.0284936682443019 -0.0158429404843158 -0.234475364507272 0.0933941636004634
-0.00336115393623242 -0.0297061350370525 -0.248176800122638 0.0816672759710657
0.0220785080693735 -0.0396359523632401 -0.264207559656499 0.0334623349290682
0.0726342306882729 -0.00598553920626047 -0.308752000125246 -0.0793261210791708
0.0717324489728324 0.0646587658870329 -0.325401446426702 -0.215546365779612
-0.0304336031861788 0.104075967858293 -0.300319253623848 -0.278824547785283
-0.100841715103778 0.0835999275185894 -0.415860494410561 -0.258786505534971
-0.203941428708031 0.055905456246302 -0.250384663618151 -0.246190134243601
-0.0731604013529705 0.0922634398156611 -0.00909206989591807 0.0607167826755188
0.0151258278108212 0.0952486695905971 0.255662066327402 -0.128565426049824
0.0366340381860227 0.053731986907235 0.125694191035061 -0.345439815676776
0.0399309896572407 0.0262634449889125 -0.163664023274167 -0.349886972640365
0.0555202869636142 0.0165751156570994 -0.33504985720534 -0.162451065016045
0.0565621819939286 -0.0334822743024329 -0.313918876439667 0.0143358741250011
0.059342600118264 -0.0470850060644793 -0.240707461444405 0.0766222285528502
0.0794330507902969 -0.0373628604724426 -0.216050625268649 0.102277077531664
0.0978144644192208 0.0144690221090607 -0.225163998121386 0.0969639112636708
0.0860409504698083 0.0567213747213446 -0.241653424597394 0.067685893495087
0.0494245230704004 0.145993167706398 -0.292906802001467 -0.0311190192513139
-0.0537677948300978 0.165045721852737 -0.322355586056709 -0.164820780439352
-0.20202551091859 0.0871872537483314 -0.296636610474077 -0.198216066537929
-0.287550791962087 -0.00510820846772194 -0.375224619925613 -0.18283474505415
-0.350683679521625 -0.0207275882562873 -0.135729988986417 -0.242905203470803
-0.252024265125109 0.0937440145694363 0.052946265596608 0.0702028518030257
-0.112168635090873 0.219768593281126 0.321948629033257 -0.123362883249966
0.0389919461746657 0.22376181800544 0.190736840471137 -0.371441798128244
0.126346816532794 0.118342619002664 -0.125671735440491 -0.373447052697522
0.155716211866855 0.0477915423965824 -0.298345190728362 -0.18727284569245
0.164490670859434 -0.0514673883957644 -0.276653602024742 0.00414613266852471
0.154830628749874 -0.0823141962100048 -0.194293128492967 0.0634395672664915
0.170682920674662 -0.0671279284907932 -0.159267086760165 0.0998297216539691
0.18583099487994 0.0308954024482953 -0.164129145611366 0.115558009520656
0.158593285047716 0.11581192395981 -0.188733779858868 0.122736129431612
0.0742362833861833 0.267250476798659 -0.264175047001208 0.0473063953314311
-0.119393978534914 0.27375849773479 -0.319367946042362 -0.089751517197822
-0.325912798749555 0.110840173583818 -0.275319612409312 -0.118342252447255
-0.434599705677682 -0.0605137678488754 -0.285633949224333 -0.0897677362046345
-0.443697818510202 -0.111183055220786 0.0141724622135441 -0.184958011836217
-0.410771039997347 0.0490399795616911 0.141435086375111 0.108593656051755
-0.260710858299572 0.299732774732044 0.392375058221454 -0.0820390225103671
-4.86910869421098E-05 0.380307171847374 0.27017398952271 -0.354844542135247
0.185723057747602 0.219918177269605 -0.0539164110317235 -0.364887617678972
0.234605697882697 0.0887706124518871 -0.218381582373649 -0.197976696898785
0.250921485662982 -0.0532273358171598 -0.203155088916925 -0.0103316277366395
0.226666690534294 -0.10622645397457 -0.119796539115354 0.0407470382319704
0.233849309271465 -0.0963386246847202 -0.0771883175607887 0.083487748306767
0.246741279552168 0.0238049911914452 -0.0768054888830936 0.122343707596669
0.218576360621853 0.137401748793044 -0.10755333098308 0.170627395942677
0.118537971897563 0.338265532936532 -0.21192248107138 0.12449521048255
-0.134385692723857 0.354417475565952 -0.298806314204765 -0.014447085329349
-0.387462660670944 0.146434505181205 -0.232769736438659 -0.0621346449179151
-0.518219983815977 -0.0877520559896645 -0.160748734283079 -0.00386199242636603
-0.460702967855921 -0.188576210550371 0.174819894126077 -0.0770064965047582
-0.499886942204442 -0.0304952111225368 0.237326989529418 0.175605199619806
-0.382751329542541 0.303014312059264 0.438652759667666 -0.00438748084829007
-0.06897558767669 0.466755367020895 0.335942160887028 -0.283007213164779
0.198276700449644 0.295182455280414 0.0343811860398745 -0.310034401600462
0.270568540555812 0.124045113041125 -0.10624834056143 -0.181812314911311
0.296681632309243 -0.0433730055911159 -0.103488481885855 -0.024406819914037
0.264603319664491 -0.11312694987709 -0.0293885084082888 0.0132601660701771
0.262331826275008 -0.113817045380625 0.0163634856987447 0.0558379305550512
0.272366195401728 0.0090448093570596 0.0208785220983875 0.113584462748064
0.24567158814474 0.134344292330864 -0.0164483060361249 0.197318386985776
0.14184296737534 0.355327324719837 -0.144954965375515 0.179112484462979
-0.132444784682374 0.378711584994437 -0.259399679713053 0.0424154660555328
-0.394108525517175 0.150640962293848 -0.177821624684778 -0.0347198941992761
-0.523307755457434 -0.109760774544036 -0.0256572644772603 0.0628510071749778
-0.39646291843479 -0.223722039028447 0.313917108360621 0.0589131502499386
-0.480627201792443 -0.108502055408366 0.31449084926165 0.251664556854873
-0.423141431892836 0.23322772996857 0.439882398853084 0.089575889739808
-0.129558278656706 0.448430013221215 0.36379685470196 -0.170881669579098
0.165933080881886 0.309758297235414 0.117047505739717 -0.218756734071409
0.255161017137767 0.1342944557609 0.0132112958309025 -0.143379648179952
0.292305951727893 -0.0309363378728582 0.00539129789845963 -0.0350966483414559
0.262515419186304 -0.105661944795977 0.0628009323634962 -0.0134329781217611
0.257000424413252 -0.110930872828079 0.108387253391768 0.0240691173619221
0.263876323961871 -0.000626196309532215 0.115290793338322 0.0972787146809078
0.235900556761425 0.124175892922819 0.0677359761715346 0.210040795146466
0.127955651844632 0.33485658608475 -0.0843177395822031 0.211996695783383
-0.135308156986482 0.344788000523786 -0.217517199351028 0.0789886270869003
-0.364568022972953 0.11214621353986 -0.123311879358999 -0.0260442050626121
-0.459491266904135 -0.133446146791836 0.096591867138056 0.115282286241913
-0.264249973746895 -0.206244936900112 0.409637159685066 0.186996708564314
-0.360278509750617 -0.145900931145757 0.35763183495002 0.31085539759419
-0.356159410537297 0.132336598990005 0.400498409050857 0.167990606844516
-0.142225454919727 0.339053033904127 0.352282741121047 -0.0586880922597389
0.113887667250255 0.252965905345617 0.17772298612023 -0.123911768336541
0.196155750506272 0.111951564379504 0.116556569141054 -0.0984633481370581
0.236935739982137 -0.0185014408832379 0.10445788721024 -0.0462627940818899
0.220977695144286 -0.0829595595409268 0.14343456825566 -0.0373618691711716
0.217681929121891 -0.0889008532681179 0.189315091898602 -0.00358629181647214
0.224214272059405 -0.000532104599199178 0.194039713325306 0.0867483611996473
0.195981999129222 0.109787635804368 0.131995521420821 0.223187899379215
0.0867283012534539 0.284579087100639 -0.0433972311812628 0.233992228557933
-0.140480545650682 0.268591507997711 -0.183129833494938 0.1031951355555
-0.304534268165964 0.0451814615091836 -0.0796720014499212 -0.0233245603586089
-0.334098075032118 -0.155472461051242 0.188978036970526 0.161364440036593
-0.086875354728451 -0.145870760985417 0.447311116095026 0.271088449583262
-0.178497284475321 -0.134793856312595 0.366640540207946 0.328992790775967
-0.21087440494266 0.0371557807996644 0.345304702597757 0.212608996983796
-0.103656159647 0.18401071728392 0.32444946438064 0.0215157746218038
0.0569539535653729 0.146857085631743 0.217345977060223 -0.0583139671999344
0.109858657907383 0.0650178390419166 0.188441821578921 -0.0687875970532741
0.144107119314412 -0.00736641056450731 0.176061011077214 -0.059108977100816
0.14472234545313 -0.0491125140449614 0.200240796898957 -0.0534988406415681
0.147720078045801 -0.0536076974673124 0.251494327071477 -0.0193832956972718
0.159252868858635 0.00268910614393682 0.252500066757957 0.0895457625310155
0.13488949534207 0.0875817173086829 0.172899984991065 0.246374409719162
0.034952932978465 0.208381424399957 -0.026739929320974 0.25974992082629
-0.131503885794372 0.163129038352448 -0.168505030369958 0.124871962733488
-0.212432684024347 -0.027554293337124 -0.0533088453390965 -0.0196965469933065
-0.168162327569964 -0.15958621482126 0.244101913326502 0.202420705191019
-0.0283313751377788 0.110747788681787 -0.338215489808133 -0.200657061997558
0.088497315173499 0.0497238724053014 -0.0332296185183135 0.079532353453831
0.103409451577567 -0.0466994011227143 0.216484481917712 -0.126944633725182
0.00187193389842222 -0.0966585131637915 0.0781519477047855 -0.319324756476529
-0.0524891488483737 -0.0414255631350441 -0.190725886719321 -0.321837706530614
-0.044771713908919 0.00273647272663825 -0.347338049511376 -0.127217790430143
-0.0546944737307168 0.00277157358623593 -0.323707557891843 0.0296683438102762
-0.0467646119320379 -0.0035634424882109 -0.260287491813781 0.0924152331676473
-0.0295663806763397 -0.0151627119332697 -0.23813802225319 0.107851339856903
-0.00441807989813645 -0.0307990757993146 -0.254356640343916 0.0971808258677328
0.0193002303813675 -0.0416465844256132 -0.274603268058661 0.0466989541633052
0.0753557256479822 -0.0102113788461199 -0.328135093141155 -0.0691127023592474
0.0758638885923906 0.0633260701856102 -0.345286079657274 -0.21106341054063
-0.0298234264032314 0.111354153542999 -0.320272222760591 -0.282261821604827
-0.10210743772618 0.0912082345303217 -0.445406193829219 -0.255250991984474
-0.210576106412746 0.068692506430004 -0.271000237831339 -0.246557850497612
-0.0734561319728884 0.100748837265461 -0.00654880543327793 0.0645897208938804
0.0215682438508116 0.0992355848672775 0.260152249320387 -0.146446310668399
0.0422143305803949 0.0549241889821902 0.115961641930587 -0.366224039091217
0.0443211581908598 0.0250105075516839 -0.184838738843167 -0.358697186472399
0.0601250399134708 0.0136873152939316 -0.354244496301101 -0.152335121455455
0.0573707841994007 -0.0366276318746911 -0.324062092120319 0.0282947375074326
0.0580519176982944 -0.0522800678246209 -0.246505880309092 0.0899004823213501
0.0811866138267393 -0.0440401257833329 -0.21796580740026 0.11608343839475
0.103651865625666 0.0101599785315612 -0.228843757138687 0.11151880590417
0.0920872141262555 0.0554329764114942 -0.24923454928436 0.0810052059673609
0.0597356710395204 0.149581212714798 -0.308968550504594 -0.0194976121637229
-0.0495003720145183 0.172974151568461 -0.341763739843783 -0.157266694413607
-0.209847459447673 0.0995124834344377 -0.314656939258233 -0.197431418177716
-0.300247795947031 0.00664801982209352 -0.399868523055967 -0.178908497305162
-0.36654625783726 -0.00559033168352278 -0.151405859537031 -0.248802535012156
-0.259375364627861 0.109669887868275 0.0579157305426298 0.0723876301433749
-0.105292371327986 0.235496585173255 0.32979003841803 -0.144192043513074
0.0535802292674719 0.23212661858358 0.182375755153919 -0.396706934231175
0.138684011253832 0.117968138474896 -0.144934909037314 -0.384999921871527
0.165625593783104 0.0411432899293776 -0.317839126365842 -0.180790726567087
0.167973292467592 -0.0612348031377726 -0.284615653871099 0.014847961297577
0.154738271376485 -0.0947941751997354 -0.198601036378026 0.0742447071153176
0.1735849558978 -0.0798867707650845 -0.159027974204922 0.11017772143018
0.195785760252872 0.0229219611072327 -0.164223654419378 0.128675631010963
0.17053204681638 0.113582009310057 -0.191000907127672 0.136098169523731
0.0920936561111908 0.274865590829272 -0.275756118511799 0.0603685365946502
-0.113364769430858 0.290591106541204 -0.336913543191606 -0.0796109873647111
-0.337278917907928 0.130163775810106 -0.290207614534182 -0.115406021997126
-0.455091080826732 -0.0433286367878947 -0.302051674710262 -0.0855827907581618
-0.467165029329531 -0.0954200063078503 0.00657831078030218 -0.193689090211669
-0.427952149690497 0.0690708909644794 0.15084562342646 0.109233917862435
-0.256977511903087 0.325088256485965 0.404612992305871 -0.103667828285638
0.0208665145563673 0.396722253532264 0.265757539614644 -0.382710922745409
0.204903888317033 0.220726664963001 -0.0704825560664511 -0.38017776211503
0.24985212148641 0.0807312287140109 -0.236226210401923 -0.19553525956636
0.257334065260144 -0.0670842305814256 -0.20866230703979 -0.00440634702537683
0.227150023811503 -0.122574014878071 -0.121686407293289 0.0467237454563736
0.236693938279356 -0.112796166230696 -0.0748350811385885 0.0890666044681853
0.257631279837858 0.0129303829451143 -0.0727180957966226 0.131784281593364
0.234458431187231 0.132787495794992 -0.104719581649781 0.181879049407625
0.141518160867228 0.345782384461967 -0.217290270665214 0.138432714634232
-0.124055379437367 0.376112857680652 -0.312287360330561 -0.00145235517429359
-0.399758445969694 0.168166571089975 -0.24401456574762 -0.0574537662968022
-0.543132194410801 -0.0676338620259389 -0.16767750277994 -0.00110251231751796
-0.488934502443343 -0.176923472665632 0.178819753633711 -0.0867470634022399
-0.525091393578872 -0.00956313193055483 0.252791375797454 0.174487359507667
-0.38561054271354 0.333964889333649 0.456342215852822 -0.0241043383929003
-0.0481726329642497 0.489230497881882 0.336128177932452 -0.309344397207366
0.221031366804921 0.299569032412112 0.022994392805198 -0.326090051330224
0.288003507508863 0.115931746498259 -0.120314436945607 -0.184417594482176
0.304485785870188 -0.0597511316132708 -0.105925825856327 -0.023322896143485
0.266252656671114 -0.133688106900989 -0.0292269316978584 0.0146155771978757
0.265834495357799 -0.132018674711867 0.0197794806591444 0.0561500385436286
0.283151498562125 -0.00314673956618412 0.027981885102212 0.118033619903621
0.26243788761489 0.128717728321531 -0.00795538525534446 0.205798665529411
0.167505419217685 0.362149241496162 -0.145994420350135 0.193187656041596
-0.120148596312793 0.400563827279962 -0.27128353798704 0.0576440072943517
-0.405384211754798 0.173107236777564 -0.187251676792379 -0.0307151518231136
-0.549511974745912 -0.0900627441318314 -0.0233776879606197 0.0642706694503034
-0.42370511337635 -0.215517870816464 0.330058146272193 0.0500016451717165
-0.507937156474515 -0.0927052240963799 0.335521300778594 0.250943941059828
-0.429665537364264 0.263433134623511 0.461364494496789 0.0751152051857642
-0.113212851047026 0.474051824778199 0.369363043645656 -0.193452281580207
0.187273250615653 0.316041097006734 0.113662903936311 -0.234316150590804
0.272313592289809 0.128263187324422 0.00531144257588639 -0.149936166209359
0.299886454702463 -0.0457304536983093 0.0068257518892123 -0.0395580548229768
0.265217994357361 -0.124945658156586 0.0650424694367027 -0.0176928797072304
0.260217799927442 -0.128844031598486 0.112986738593982 0.0189006832116033
0.273425369411814 -0.0118172084016554 0.124074074192964 0.0973744653190053
0.251406894903539 0.118287144593659 0.0798839202420084 0.215813212635986
0.151601622202847 0.341315393591701 -0.080591782038302 0.224009015577944
-0.123919118855226 0.364764006478032 -0.225455565358681 0.0937401391408539
-0.374620920516115 0.131594317165592 -0.131149966479151 -0.0229233513675659
-0.481992683832752 -0.116194215330143 0.105650259014238 0.11391572644302
-0.285024347056565 -0.202666365071193 0.435634336225615 0.180190055866107
-0.383636853973987 -0.134481264660856 0.383171369086832 0.309741264945318
-0.364616202034757 0.154177437788455 0.423614621060493 0.159160210302089
-0.130934657671546 0.359466719603084 0.362174913077226 -0.0746960115756913
0.129012093060469 0.258672118813844 0.18078961561977 -0.136025848859652
0.208563926675821 0.108164109229219 0.115598172022598 -0.107765243807225
0.243491579566354 -0.030708999670515 0.108221038489781 -0.0538999423294375
0.223123130233692 -0.0986335984713372 0.147822735355862 -0.0447926530291673
0.220308771704815 -0.104476295889733 0.19532536546543 -0.0117148138743618
0.23224200083404 -0.0116403796488057 0.204563363664381 0.0821876715595095
0.2087258398612 0.105036781637356 0.147479393418092 0.226873447362216
0.105102834476792 0.29047991643674 -0.0367589803694012 0.246295897891659
-0.132529885201642 0.284191762785638 -0.189489170654956 0.117334793140062
-0.314312384500811 0.0586372916369635 -0.0866935983774266 -0.0214167857548487
-0.353590036100731 -0.145301936054558 0.204585300566386 0.158810530172215
-0.097678015097933 -0.146075355874294 0.478580540626509 0.266867486471251
-0.192431896460965 -0.130547725570483 0.394477634978547 0.327930132946877
-0.218317429261638 0.0481381988883913 0.367510072300039 0.208130062309504
-0.0988841957379483 0.195572212148853 0.337398082184092 0.00993461500284113
0.064853832389771 0.15078707595215 0.224464965004008 -0.069079253983499
0.11618200108184 0.0636980203903702 0.192307768352594 -0.080564505793554
0.147574073030993 -0.0144000764145229 0.180946072270731 -0.0699071764981163
0.146457612615563 -0.05967160815845 0.20670158769106 -0.0639091977683684
0.150095609637779 -0.0631828437058477 0.25900864079332 -0.0310121453732132
0.164567990943974 -0.0056125346951361 0.264543422446622 0.0826068294053337
0.144411523265411 0.0849374709598412 0.190582210303954 0.247679152356767
0.0471427034318445 0.213986443411838 -0.0189262769802828 0.271141588327087
-0.128569240210069 0.174775222934592 -0.172444929007009 0.138070091503141
-0.221494203845599 -0.0210612158229948 -0.0599731409677529 -0.0184972682563877
-0.180933710462537 -0.156980116026001 0.262964439196848 0.199572453706727
-0.0209104527732249 0.120324627813668 -0.367530160803747 -0.18497880031258
0.0954608369505231 0.0471706078560615 -0.0282608275173479 0.0867823058234435
0.105304252127925 -0.0566992539973634 0.215428068175074 -0.148954996700438
-0.00433053585107951 -0.101064369684347 0.0587795373801895 -0.338532569485031
-0.0568178017807078 -0.0403800628034523 -0.22248170628654 -0.3209116833417
-0.0448516494459599 0.00511320530409302 -0.367775178176244 -0.106441270826244
-0.0552536377062107 0.00771883110708515 -0.333243257615882 0.0560527994160278
-0.0488279442129017 0.000661551308109937 -0.262977157372829 0.116383369015952
-0.0312739919827822 -0.0144835173582506 -0.23902394077085 0.130194262646883
-0.00598026619734728 -0.0321758204174851 -0.256554350714818 0.121776634065233
0.0172520549109062 -0.0439791750524618 -0.284096221652376 0.0693283350900795
0.0776341527621413 -0.0159888589187647 -0.348623348507212 -0.0469090588912914
0.0815296847964366 0.0598728818327963 -0.372973272423163 -0.195156999636145
-0.0252083402024667 0.120185102082832 -0.350535469853573 -0.275026581030923
-0.0990292182087494 0.103283376981377 -0.48495993927807 -0.235825063062461
-0.214059238823681 0.0901231183336829 -0.301378139602244 -0.238959325142578
-0.0692926827099281 0.112000642657371 -0.00210290995522101 0.0695236764593127
0.0324155208155146 0.101445642234368 0.258810122535092 -0.173130886479992
0.0503044758611641 0.0537085902642071 0.0930694917918436 -0.391040955248003
0.0486795004596749 0.0214352721864733 -0.218942440031214 -0.360956228839896
0.0655979328379533 0.00814178980946894 -0.377920088118087 -0.131750418077939
0.0573054668098762 -0.0428683740341649 -0.33292677360289 0.0526234837179279
0.0545663471083387 -0.059265500075469 -0.248794920719591 0.112136514281473
0.0812307180221756 -0.0528174591740065 -0.216818331065291 0.136302900933135
0.109684241060833 0.00161967622394944 -0.228300531193497 0.135009492457302
0.100539725650786 0.0511010877524166 -0.254487375273445 0.102939961886419
0.0753174496230587 0.150485020406096 -0.326177835656654 0.00341174386098989
-0.0402755644906185 0.183621750113246 -0.367307614051913 -0.138607037357196
-0.212899509627446 0.121993612876522 -0.339960529729859 -0.188046026353801
-0.313025183228934 0.0306995529058187 -0.432047848190102 -0.160959146904808
-0.381849797908611 0.0232380216971443 -0.17638767060273 -0.249439663978555
-0.262668181021723 0.134499019995425 0.0648113196296578 0.0723611291935935
-0.0890237326965937 0.254170190960016 0.330808370968943 -0.176012578557575
0.0765852840944913 0.238232789763805 0.159670439699239 -0.427584895772542
0.155190812926654 0.111359482949029 -0.179812359607186 -0.393405219563574
0.177742985776421 0.0283996302701494 -0.343832128153485 -0.163382131800162
0.170023991916291 -0.0766211580568542 -0.293083532358555 0.0352686041390925
0.150701156485926 -0.111577980271652 -0.200673040687036 0.0914108812425322
0.174138080985797 -0.0977358589083851 -0.155707059690233 0.125456538416368
0.206977997984068 0.00816094498280472 -0.160010305956934 0.146910734610516
0.187100039652453 0.104858726221192 -0.188807187695303 0.156041372731175
0.120242462074479 0.27784349937711 -0.286688548989302 0.0840114299939184
-0.096699238556856 0.311035445477354 -0.356955392725765 -0.0575638071734052
-0.344139698440744 0.161986861635833 -0.30984602635616 -0.102995946843408
-0.47841318773904 -0.00979019983598932 -0.321723161076191 -0.0704754902640846
-0.494623053255205 -0.0636824649107958 -0.00708478828580334 -0.204425839950044
-0.441486029538788 0.104810071317576 0.163233718685483 0.104074130250714
-0.241533917386895 0.360942819951079 0.412387543506722 -0.138591701452427
0.0549223012849579 0.412398260720544 0.247586891547886 -0.418268253347994
0.231905252585901 0.213974530028126 -0.102027801046523 -0.39317824473045
0.267659278953627 0.0628855610823654 -0.261434656749122 -0.184597102253986
0.261398847390531 -0.0906997780926472 -0.215455691901175 0.00835033665378586
0.222975453167065 -0.147479536168825 -0.123132504568215 0.0574452813726198
0.236290405719752 -0.137050635580894 -0.070419429219477 0.097556826336123
0.271354727308265 -0.00673671012492066 -0.0648618340653213 0.142961832677938
0.255073125252686 0.120981244864693 -0.0955937462933054 0.197122076340035
0.178057690244032 0.347565766308778 -0.219732714931893 0.161861210205445
-0.100445665195908 0.401409011001581 -0.327100405935812 0.0231071971650726
-0.403688325833485 0.206451916025825 -0.258808406803861 -0.0449775974232853
-0.569740306871282 -0.0269334852099306 -0.175284847845024 0.00777393805368893
-0.522489020736334 -0.146788735701224 0.180386501370186 -0.103577110947575
-0.549699452419755 0.0297610257253479 0.273691115429073 0.164027509003848
-0.375447178357361 0.380222554747615 0.471833642247643 -0.0598977136423325
-0.0101318140639304 0.51474402687375 0.326462782534829 -0.347489257505185
0.254897898238475 0.295996710995423 7.45635566091075E-05 -0.343117907464729
0.309249358093282 0.0978262439200659 -0.139978171293611 -0.182729986992989
0.310739116192883 -0.0862722214487776 -0.109597659809408 -0.0192538349135787
0.262302176317688 -0.161023149817397 -0.0293699201433603 0.0162315223933207
0.26405908876635 -0.15967875701925 0.025162873285047 0.0559034658958333
0.295470797416288 -0.025496477099259 0.0380569293324079 0.120995275340835
0.283490028296565 0.114257635585128 0.00713920944239908 0.215311162120393
0.204593479168043 0.362914196552238 -0.140181508159198 0.213946136121843
-0.0919371484704926 0.426152250643592 -0.280073867813466 0.0819557644736446
-0.410170270136502 0.210970227192386 -0.198175277616297 -0.019887042608373
-0.578667249069795 -0.0481761173722448 -0.0196412146629493 0.0653116960221262
-0.458287091454391 -0.192312403827484 0.349489173476064 0.0285605634359042
-0.536992477646605 -0.0572061812910572 0.366703819780289 0.236997942021488
-0.426304042228642 0.307629202190628 0.484815286734648 0.044230448517238
-0.0799863526942981 0.502304052708769 0.369334626717671 -0.227272451108364
0.220204890831305 0.31572774643841 0.101217572482918 -0.2529365481533
0.293361526781216 0.112561565956643 -0.00632980851767619 -0.155633384119988
0.307514107860196 -0.0714852668011065 0.00536157547314444 -0.0447356860436906
0.262348722285647 -0.15153605327947 0.0666567785935999 -0.0238404604731717
0.258581460687425 -0.156466756754016 0.118525302715056 0.0110508057445056
0.284114531006116 -0.0344737964720409 0.136185732418345 0.0920428626576557
0.271127860952622 0.10335361480169 0.100015328514287 0.218677709029593
0.185952202799827 0.341446397746266 -0.0698648740060454 0.2407535995484
-0.0996172189627563 0.389235431193164 -0.229656556471324 0.117208616435765
-0.380579076702018 0.165245642954808 -0.140964062011879 -0.0147700259899131
-0.509390503880808 -0.0825430958357534 0.11938079188092 0.108896322124953
-0.31224396533337 -0.188469145643382 0.46904161790702 0.157756231373044
-0.410206870295502 -0.10998027266471 0.420472702970775 0.294762059627699
-0.36704406515644 0.190272409550721 0.450833658064386 0.135077925647104
-0.108427508177671 0.385102733093103 0.369707238443739 -0.101992813026266
0.154105527130427 0.260415151137449 0.178773324435781 -0.155035738799501
0.225943647735164 0.0976749183027132 0.11172220064149 -0.120848227476575
0.250070482235806 -0.0513320329036583 0.109758446462153 -0.0668712557582378
0.221238727949849 -0.121445919902711 0.151073916214621 -0.0582658226529454
0.219693115028243 -0.126285495558401 0.202075545462862 -0.0272872807115938
0.240305128888846 -0.0303310900298517 0.217452024592579 0.0707971705211027
0.22558510420572 0.0939541135425414 0.171203122083107 0.224408785068265
0.133325629956848 0.293255905963841 -0.0212975505251159 0.260506850119345
-0.115589452619456 0.304811252249909 -0.191207047540359 0.138397403804896
-0.32316371224846 0.0836986244237801 -0.0947199512218944 -0.0160060646549498
-0.377276751976463 -0.122409567143409 0.226792669261493 0.149074962339228
-0.112314155138898 -0.142472161323106 0.520067678341896 0.245448662157098
-0.210358596857723 -0.12022241117904 0.4333107827318 0.313519649650122
-0.223075336492544 0.068832310583805 0.398356079103753 0.192779146066726
-0.089709733150944 0.211902679403704 0.350838018283427 -0.0110478939700408
0.0779660953798401 0.153165060149829 0.229845068536352 -0.0872587558391208
0.124999603657984 0.0588450162062266 0.193897591971665 -0.0984673957884742
0.151426275912138 -0.0264247023026839 0.183990501512685 -0.087710696420375
0.146054014139865 -0.0746351206921231 0.210939286554658 -0.0815643348252786
0.150595040077315 -0.077819004215903 0.26606188992663 -0.0515659013306398
0.169856392951059 -0.0194270321285468 0.280598576193132 0.0667556923986817
0.156242217502752 0.0772258332137728 0.217452856610545 0.24417774200994
0.0671350231192639 0.217442658130394 -0.00119684757875071 0.285205574975685
-0.11951140552133 0.18978917408472 -0.171595974334629 0.15835744469964
-0.232225021115545 -0.00592470298412995 -0.0662546045753707 -0.0147448161510175
-0.198963194300778 -0.148194287636784 0.291206063884286 0.187092208638602
-0.0083344593550712 0.125937608993688 -0.391464325148576 -0.152672852511546
0.101086644744317 0.0414081761011439 -0.0203556201266347 0.092504047798533
0.101907154025782 -0.0688226740662998 0.201936905923663 -0.16993832146889
-0.0135385858464574 -0.101783611864988 0.0284412499222033 -0.349864043070662
-0.0611015514503696 -0.0360172494407325 -0.254895971996622 -0.304287241123408
-0.0434158032431719 0.00794432211887893 -0.380900503971826 -0.071330110859024
-0.0534473848295825 0.0130632167313547 -0.330004031865484 0.089798160007284
-0.0488852500558117 0.00612375355643197 -0.25357917063014 0.143620553869021
-0.0324293111879942 -0.011539340052644 -0.228734757267962 0.1558741781456
-0.00901559289979127 -0.0324327362525852 -0.246267525408032 0.149244557815916
0.013328006530186 -0.0457398981489099 -0.281906619009221 0.0979616622785509
0.0766629747665908 -0.0245430057857773 -0.358527845781271 -0.0122038496143546
0.0858067674278922 0.052583290063437 -0.395097765207159 -0.162236007951311
-0.0153709648223517 0.125677037180894 -0.377972660502843 -0.250637367457141
-0.089977664049044 0.113820033140847 -0.518402504089608 -0.196176914759289
-0.206864600466043 0.113653366088147 -0.329213789418123 -0.215062300899534
-0.0592239429771905 0.121625513980046 0.00431158383522316 0.0722245399687895
0.0455314119993067 0.099686082587515 0.243171421390027 -0.198771555530319
0.0581436496990203 0.0494675430398718 0.0568627706797796 -0.404594345845065
0.0525110996353678 0.0158546984727419 -0.256346459221222 -0.345162157011129
0.0683361767909153 -2.29940950941324E-06 -0.393540757883029 -0.09680988134567
0.054243227468625 -0.0492485663516772 -0.330205711136444 0.0856582615769991
0.0480990339037295 -0.065867101150933 -0.240240187420779 0.136999764442932
0.0765218584638835 -0.0625766515708207 -0.205006234921976 0.158895364143792
0.112176233585545 -0.00978514683529444 -0.216369266323147 0.158993795925108
0.10728870020937 0.0420077658156194 -0.248115418657196 0.128733612118335
0.0918310560816364 0.143947597737686 -0.331707640934651 0.0363219633602479
-0.0247866639326561 0.190728845668502 -0.384702996104281 -0.106074106954571
-0.205513517486771 0.145069923071659 -0.359603115679134 -0.163058305669021
-0.312694337040637 0.0625637950647745 -0.455480554127513 -0.124733405223816
-0.383718400860578 0.0619124739166675 -0.204421668616657 -0.237392489419972
-0.253469089408033 0.162530033787458 0.0713612744790213 0.0693337114979
-0.0626753098020296 0.266434266949625 0.315253740305854 -0.209343431001491
0.103070038637331 0.233720814038204 0.120555399350821 -0.448330720223409
0.169129151162494 0.0969777064336419 -0.220320189423069 -0.380937853883093
0.183458551463965 0.00998881048168337 -0.362810065984167 -0.130648285654622
0.16406758086629 -0.0949362629947593 -0.29094847868904 0.0620524048950354
0.138601490927929 -0.128455129080963 -0.193244291368675 0.110462708280036
0.164567237644381 -0.117382921446829 -0.144690368147568 0.141610382355948
0.211800312854133 -0.0133427187815003 -0.146127743092412 0.164443932909804
0.200954719135732 0.0880338942166797 -0.176762467237182 0.176219674730324
0.15122643060782 0.267552350880568 -0.284638268180659 0.115050068643912
-0.0678515646162662 0.325034429726529 -0.368100825926954 -0.0240231260066546
-0.332964546183852 0.198435133056778 -0.32323981172092 -0.0785878253806513
-0.484350964051566 0.0392535374564481 -0.334203385121948 -0.0442880961767031
-0.50577621623398 -0.0159544314692551 -0.027819225735566 -0.207798543545506
-0.438056926526313 0.148769639865712 0.173251368395125 0.091326500632166
-0.206334070833675 0.389425743194284 0.400830422513451 -0.179816142966866
0.0986019287428576 0.412188992865661 0.20879455870693 -0.446518473477648
0.257746166136912 0.19434705128385 -0.14152296640946 -0.38889999511
0.277608219691214 0.036372424918884 -0.281311468370559 -0.160309337774762
0.254649069624414 -0.11786990247991 -0.215516644025045 0.0264272379260953
0.206914991873893 -0.172217861638177 -0.118799168184728 0.0686748473850767
0.22294027411957 -0.164144500475791 -0.0607677010657958 0.103865702561416
0.274893109660956 -0.0345756899707245 -0.0505765604284139 0.151016813631585
0.270422284630583 0.0963444571479559 -0.0773262939409207 0.208968576207275
0.217828726110263 0.332097457035598 -0.208874206680667 0.186792071643131
-0.0614597463474769 0.416729546631739 -0.329806893757684 0.0559213755715129
-0.390229713120893 0.249174229204677 -0.266681991275327 -0.0238989297302068
-0.576676153361412 0.0303758732858645 -0.177148250947637 0.0215073499035968
-0.542928505693149 -0.0966300720130769 0.172702472700801 -0.123065740994679
-0.553813887192158 0.0830809186652546 0.290225688358375 0.140734491299724
-0.339686870357399 0.423741433887604 0.469252959316428 -0.104847095125945
0.0432026997678274 0.522318712536277 0.295331292118728 -0.380839551526025
0.288555049341971 0.274120397153749 -0.0329909555945877 -0.348058663303446
0.324493829464976 0.0686158683299901 -0.159663858066623 -0.169542366557505
0.305264536617287 -0.118582997642696 -0.111294874025905 -0.0122042200284841
0.244821184441232 -0.190178224185445 -0.0272678500076574 0.0186147897121936
0.248159703174571 -0.189493781529833 0.0299704359291818 0.0533942081932571
0.29664836985939 -0.0553729554777912 0.0509732598593055 0.118730377915287
0.298407936949258 0.0869699964368781 0.0283208101194561 0.216993702504677
0.245871007330191 0.344044251155773 -0.123304930792182 0.231739650006836
-0.0510334145757982 0.440719445151302 -0.277196516306948 0.111980708655165
-0.394872763754012 0.253256966646667 -0.204584653022034 -0.00284014601664548
-0.588179366671711 0.0102215279606385 -0.0136708953381785 0.06470803671611
-0.482077447227459 -0.149748453217162 0.356207496987676 -0.00393289062951242
-0.549134935467714 -0.00536523104671621 0.390273381535796 0.205990352138719
-0.398926381268277 0.354871627723486 0.492125477707013 -0.000896530577389246
-0.0300166782308951 0.517369992500173 0.350909616110545 -0.263506718670134
0.255205668167547 0.298435167461858 0.0785085225161271 -0.265168349087629
0.308494271326465 0.0855710079013506 -0.0214542842129128 -0.155580201601586
0.302637396496023 -0.102065406008728 0.00237591607601934 -0.0485488981376167
0.246016530382637 -0.180942678262592 0.06570399228387 -0.0312277075547398
0.242410656288842 -0.184432439613331 0.12062579195039 -0.000598093679327728
0.283869856872891 -0.0631282130241137 0.145621583963762 0.0804480658972124
0.284570253615161 0.077429507306057 0.121996944591175 0.211478143704075
0.22470790603577 0.324683349101412 -0.0491013669429903 0.252492440074653
-0.0610351815984141 0.40295438886628 -0.22288458850227 0.142604162069867
-0.368583422135163 0.203477289676983 -0.146350694443002 -0.00295151619716892
-0.522884720623805 -0.032220746607409 0.132660843694832 0.0962744374358731
-0.334049239700137 -0.158368417887829 0.491221095038688 0.117681502919555
-0.424937367306879 -0.071187707584699 0.450423326896809 0.259559647010996
-0.350573674917552 0.22924427879897 0.46776707972369 0.0961796233344412
-0.070699921188658 0.401627002207245 0.363388793762203 -0.135172440146829
0.182172035822723 0.249328116201922 0.167278616118623 -0.173318529549243
0.2385219791077 0.0773763993624998 0.102108331414058 -0.132178287500162
0.245683088792283 -0.0761303477425347 0.10578947156767 -0.0807079858287761
0.20845100350418 -0.146147391115219 0.147605721587274 -0.0740564844406377
0.207647220574164 -0.150577047705659 0.199955313933716 -0.0466753628155068
0.239244539078834 -0.0544689464431929 0.226548007656621 0.051223609770654
0.23704943163536 0.072681000441363 0.194486370947778 0.210294436408082
0.16458921226707 0.281601156626546 0.00152169058764112 0.267549056725892
-0.0863650000363138 0.318764435301122 -0.181679730197067 0.160802381826378
-0.318220206008363 0.115040445530439 -0.0993982525669524 -0.0072809907168913
-0.39205234747172 -0.0846032687809763 0.245161823355121 0.126804310457489
-0.126860340914133 -0.131945052649143 0.552865925369051 0.202908662718344
-0.223002758709667 -0.0990683915772642 0.465241191725411 0.276279750501339
-0.217893473575721 0.0922268323360879 0.420398849077804 0.159710644377378
-0.0696053405415103 0.224419888676876 0.353632065550572 -0.0414789495372763
0.0934735626321207 0.147872907964679 0.22599892438876 -0.110256934817035
0.132856409563665 0.0490622127229352 0.187295927657618 -0.118566068395179
0.149890369486678 -0.0410614201402537 0.177858285859515 -0.107676706555626
0.137979741396189 -0.0909548816164827 0.206712028782069 -0.103647894640343
0.142997017621908 -0.0943281231601652 0.262770669741039 -0.0775576969315637
0.168527335707485 -0.0369060550194912 0.288737369008893 0.0422186212393303
0.16476755904441 0.0630801708924444 0.243644624476951 0.226159418711283
0.0897973370884737 0.211908172016508 0.0249784304681608 0.290778915391301
-0.102529179489575 0.201891276009382 -0.160475595838857 0.179174479285738
-0.234620808164053 0.0150811610065735 -0.0703489708179665 -0.00831916304047375
-0.214429957249336 -0.128413756018844 0.313766566308225 0.159779393014994
0.00436735016512423 0.125317597436396 -0.396341433879027 -0.115017020607114
0.102349870159353 0.0335234265768637 -0.0120100973340216 0.0943765912728134
0.093710208645333 -0.0763536734972694 0.182844002143986 -0.181864333036385
-0.0211308026224817 -0.0978315592735461 -0.00157198172254582 -0.343660008974622
-0.0625406905205621 -0.030001881229957 -0.273124782082657 -0.275735919023656
-0.0405914885688824 0.0103919875824967 -0.375152882080291 -0.0366997207906179
-0.0491145340426419 0.0171612370139375 -0.312470845081779 0.116741164465344
-0.0465808176375733 0.0106950320104982 -0.234759284965115 0.161635078766121
-0.0328992759869693 -0.00898621141260651 -0.208152792735513 0.171403776684092
-0.0113183813395889 -0.0308030525928935 -0.225628736514173 0.166638264790189
0.0094262527118346 -0.0451970001093829 -0.266916906520998 0.119761218084569
0.0711620542444617 -0.029742390577754 -0.34858351791202 0.0197127159535089
0.0856858004549532 0.0446323668222695 -0.39568057786885 -0.126967180452974
-0.00533701312314259 0.125823373841882 -0.387075979666423 -0.218180095293896
-0.077153267929194 0.11849597620392 -0.522846873299132 -0.150118733076232
-0.190054836338397 0.129627025385921 -0.341205003362575 -0.18226694344239
-0.0474995317488213 0.124246420387284 0.00900855755987327 0.072677634877525
0.0539051211549272 0.0921098606762912 0.219128683556446 -0.21260004014616
0.0628023027022819 0.0424415359467448 0.0212584175502786 -0.399129702809186
0.0528335394460447 0.0107160673039553 -0.277858346265033 -0.314898904992165
0.0672818001266965 -0.00753435218207476 -0.38918624846933 -0.0592918164933625
0.0490310246636681 -0.052809061792043 -0.312786259910807 0.110655718807406
0.0402118972918004 -0.0675431872930384 -0.221748069883991 0.153116077166757
0.0680811327457354 -0.0682796833720631 -0.184329480311152 0.171342426427442
0.108892726541762 -0.0202030115399582 -0.195329198952279 0.173322330979617
0.108755890183824 0.031864962034684 -0.23105009129085 0.146807761310547
0.102788437789374 0.131887723210683 -0.320774529251322 0.0651150518269158
-0.0089712355484942 0.189083651420895 -0.382303834665155 -0.0718047679781365
-0.188526861990768 0.160296425308049 -0.36413086660708 -0.132913266252621
-0.297611344796254 0.0885255894612287 -0.454893354059406 -0.0871190397686311
-0.367293275515133 0.0941648482107667 -0.220736703648501 -0.215660072591647
-0.232816415101851 0.179888877470967 0.0733617923547771 0.0633548490175152
-0.0352702397487045 0.264245936334806 0.287537284263857 -0.228460362668493
0.123212302636178 0.217738175848111 0.078394183459929 -0.44537877307263
0.17432737974809 0.0789766543407068 -0.247807059321684 -0.35362468032904
0.180573782422938 -0.00805560384734293 -0.362567771956134 -0.0951498860773315
0.150543874921234 -0.106459520314588 -0.277121093307274 0.0835673161221241
0.1209423729126 -0.136791292975455 -0.177691616227936 0.123371174956082
0.148544261212203 -0.129313312231371 -0.127436883660013 0.1483876159539
0.204891761951629 -0.0328696247020358 -0.126727300379718 0.172267278555481
0.203687711905577 0.0681275517896731 -0.156786223708199 0.186647174144423
0.172165964766142 0.245539226736896 -0.268661410498487 0.138795676218224
-0.0379504561914886 0.323852508581048 -0.360536064814711 0.00741048020018137
-0.308621704539444 0.221796631950651 -0.321917866086094 -0.0539593054600591
-0.465683189898053 0.0813569831516341 -0.330603118941806 -0.0185444789272727
-0.493603671838213 0.0286675318217321 -0.0466698135203968 -0.200976034389757
-0.414451954830651 0.183212050870744 0.173594181389782 0.0764651023186001
-0.164475472180814 0.397264521269923 0.372377511214159 -0.206680608382797
0.134665353598874 0.393096659503297 0.165526302847468 -0.451498291058534
0.268932130630963 0.166900328899658 -0.170773824438978 -0.366761332193028
0.274760156600266 0.0100088277345695 -0.286894511252853 -0.130662458692082
0.236211962487898 -0.136936089469068 -0.206703822677808 0.0413537202911393
0.182964690929572 -0.185367112836872 -0.109261137065661 0.0751113860337534
0.199424682370037 -0.179349570442119 -0.0499126740656328 0.105518268313672
0.264813360148081 -0.0591309491633727 -0.0355251214970867 0.151099129668346
0.272779089782316 0.0700563229472254 -0.0568252643226544 0.210337594706175
0.2423523752379 0.301726675625146 -0.18946097643869 0.20333222125284
-0.0221304451766993 0.411608488135485 -0.316781257441907 0.0831888734685598
-0.35962689234736 0.275961501130324 -0.262741322809291 -0.00328561337314381
-0.557158684908585 0.0803472481287115 -0.171492655407646 0.0319829654414013
-0.536894053300424 -0.0476952704860256 0.156146100753193 -0.13460808301156
-0.532353788506851 0.128273729797948 0.291001948229391 0.114250881839057
-0.290933076390909 0.44193073421961 0.44490820908813 -0.139085882992992
0.0886714333512959 0.50536652863242 0.255053689451165 -0.393648629860547
0.30583196761936 0.242279024059806 -0.0614124926534958 -0.335938651803675
0.32238039378855 0.0379954138090737 -0.168660756172465 -0.150331150796154
0.285477830668211 -0.141878336775156 -0.108495419880993 -0.005266459657923
0.218197595585894 -0.206592651121274 -0.0257225017720069 0.0187716762412003
0.222322433999216 -0.2059593937332 0.0342871041016784 0.0482611210300037
0.28476330672985 -0.080195575667019 0.0604044112938276 0.111273318327912
0.298654116472883 0.0586538620892993 0.0463778271445624 0.208912637035225
0.271664526395655 0.310878907145731 -0.101329468412858 0.239311836036341
-0.00945283390193894 0.435280574458753 -0.261145151484895 0.133764377035285
-0.362788455080068 0.281103017165501 -0.200568373991415 0.0130225565676689
-0.567744921307298 0.0619601516739403 -0.00747626972774507 0.0602598349443315
-0.48316356100452 -0.104664112027463 0.346683868756265 -0.0331411283730108
-0.5350615666535 0.0424343099125167 0.392991958415266 0.167730256082043
-0.35535473249999 0.38151766992705 0.476490368591335 -0.0399761808932095
0.0180047378931417 0.50664811033014 0.318839605859832 -0.282721987949637
0.27515364435752 0.268526558527767 0.0536608336900186 -0.264995495221348
0.309617249653552 0.0567026363033939 -0.0333159109860587 -0.148876520031178
0.284030891633671 -0.125673073751611 -0.000827052988502549 -0.0502668254464884
0.21958469222885 -0.197757193558599 0.0614798279703111 -0.0374321938206373
0.216377592285203 -0.201329955819088 0.117038074288076 -0.0112721964164192
0.270210647716251 -0.0857033881083756 0.14825963843398 0.0655296137825612
0.283718060536348 0.051248466508577 0.137377155815925 0.195404189603303
0.248201136338569 0.293653420904271 -0.0271311475937199 0.253900918910445
-0.0230205619429967 0.39639126005415 -0.206839885849585 0.159789759905843
-0.341118378597562 0.228735025043845 -0.144251115575111 0.0093527081263842
-0.508029533937412 0.0171790125997815 0.137767588720025 0.0784706773963289
-0.337325422618406 -0.125196511389462 0.489079533195028 0.0727319183682159
-0.419192263015655 -0.0320255570136261 0.456377301882956 0.214864607272797
-0.318821505671928 0.254248512860518 0.461262952435967 0.0570133157204774
-0.0315500339716679 0.398437086126681 0.342657333176011 -0.160418230473333
0.199670398819525 0.227014950486006 0.148880615228861 -0.183097738179019
0.239380406864816 0.0560003058265069 0.088800604883015 -0.137350989010419
0.231679731142603 -0.0945460332486638 0.0967489665798378 -0.0896783842158117
0.18630987534692 -0.160169031966315 0.138182270749894 -0.0857160967740723
0.18551992998305 -0.165059454840118 0.190569232501457 -0.062407275506558
0.227206535085751 -0.0745024219950253 0.224256275270377 0.0309056362881994
0.23718422329352 0.0501927673895611 0.206501968363433 0.187275726990816
0.185217750042901 0.25764710126964 0.0235439800488192 0.262689034749133
-0.0543832974600987 0.316226958674072 -0.16464338226035 0.174111581995527
-0.299739655952991 0.137903671919359 -0.0992095233212731 0.00172369489593483
-0.385859973694094 -0.0465247334328317 0.250724312874215 0.0996677649034301
-0.133849077624015 -0.115539490212109 0.558502443593399 0.152409327067948
-0.224564286483601 -0.0755016769408491 0.472744112982763 0.231292895109303
-0.201662407555556 0.10896435590366 0.421163449558103 0.12222314502223
-0.0469682082973306 0.225527643616104 0.341540677660322 -0.0677116316410537
0.103043259662093 0.136932893357551 0.211933754842465 -0.1257896130967
0.133386691947352 0.0368899451887725 0.173144496724716 -0.132055919722778
0.141096956450374 -0.0519028409674969 0.16561290420245 -0.121326266013598
0.12408012281932 -0.101078840804017 0.194246771332009 -0.119014795454154
0.129193585556295 -0.104847945416321 0.247710417586011 -0.0969676143476852
0.159994131421489 -0.0504032959108641 0.282962153383687 0.0173914560888755
0.166126527353204 0.0477048926299515 0.256202644727065 0.198261514341499
0.105837009327502 0.197052984839827 0.0484089272359304 0.282634367191561
-0.0817875521331184 0.203835502190239 -0.142892839405776 0.188989422920336
-0.227901466453374 0.0337649446621848 -0.0704926618303454 -0.000934527955095248
-0.218060126457644 -0.104535565930434 0.320965485892331 0.125431384406376
0.0176219674263389 0.12080879374132 -0.396068352381724 -0.0257253893353739
0.103043931974211 0.0165611789135832 0.0114388749195817 0.0966225164457631
0.0725777446750581 -0.0905776656706533 0.146888673734559 -0.208857091059355
-0.0430004422555074 -0.0889485256789788 -0.0616876154679479 -0.336588038926279
-0.0691256436423847 -0.0134536621588078 -0.31536203298178 -0.215531686008786
-0.0362244786940509 0.0194416959695096 -0.364969239611862 0.0315646417704559
-0.0416711032751828 0.0267827434870561 -0.282916824592587 0.166649504531687
-0.0412259594729683 0.0190907951060757 -0.194909539486987 0.194207167618603
-0.0312447707878991 -0.00106464409111213 -0.167298947545223 0.20229949615408
-0.0157230357901055 -0.0253700708726957 -0.182606287551607 0.202120184436186
0.00141282840732404 -0.0414767495321906 -0.231380899567534 0.165593479416149
0.0584447346621962 -0.0392634963710101 -0.326159435655442 0.0840453413868115
0.0810831342439094 0.0292686891726623 -0.396766220340812 -0.0453999775461341
0.00973613351550795 0.115977550628317 -0.406683436234139 -0.13819255574218
-0.0635783188458689 0.123915904175906 -0.523719740565124 -0.0567267540862973
-0.163947727991514 0.151079257509079 -0.36790464435762 -0.0992205306603497
-0.0223470390211523 0.124085295436602 0.0206110373226701 0.0746228915436122
0.0632588881650486 0.0705909535051231 0.169614138831373 -0.23376712417768
0.0586132716082688 0.0247934550957684 -0.050188789138896 -0.381491042627524
0.044163192955719 0.00557451989288306 -0.320491558685829 -0.247820151658403
0.0622974788303696 -0.0134773518064301 -0.378822412135802 0.0127285729374422
0.03804413060158 -0.0542553890056591 -0.27887199961501 0.158685296791228
0.0269138641403008 -0.0673389236893808 -0.18352103965147 0.183000307286897
0.0534696122497634 -0.0740749875528547 -0.145616482548339 0.199130066665587
0.100283820150094 -0.0362198165606224 -0.152573155838622 0.205361164768611
0.105760429068984 0.0171590000044496 -0.192553598603503 0.18410847762005
0.114813153263481 0.108407445773557 -0.293743323411913 0.120426014101736
0.014285925653952 0.177743469897867 -0.377915499937154 0.00444548303560981
-0.156181077368732 0.178735531235346 -0.368038414482397 -0.0662504873428166
-0.275795137633055 0.129646757200577 -0.447197110849997 -0.0109444871343833
-0.33348247865503 0.140760697803531 -0.26990598352839 -0.15727304934171
-0.186127035123021 0.203944883843078 0.0712956503161491 0.0550195770907514
0.00912556678382532 0.242110650403952 0.223204799200468 -0.250084499400729
0.14438406118271 0.174394681748678 -0.00658797550291833 -0.422314705333956
0.166964803847998 0.0484556188519078 -0.290698404712593 -0.284566634374584
0.168309852727258 -0.0318969311935722 -0.354637588725794 -0.0258106602571404
0.123480017749967 -0.122130523437479 -0.243620575065755 0.125504857571588
0.091474884165614 -0.143857738510769 -0.146820734610381 0.147103409548108
0.11861321558361 -0.144387481257406 -0.0946911487419579 0.169198687951171
0.190307996949917 -0.0636997993371092 -0.0875610795557776 0.193534589306454
0.20194043353862 0.0374989851171529 -0.114826585043053 0.207635304622511
0.199877334172316 0.206090303982896 -0.23349619606388 0.178987638148929
0.00758952479353289 0.308497763657996 -0.344933914599066 0.0777500665198393
-0.258778839577497 0.256960157872029 -0.313371627458733 -0.000825665726814093
-0.434104353193453 0.14741072364974 -0.317011029036847 0.0306666613016766
-0.457620785406371 0.0956539903922352 -0.108164115189425 -0.179713660601613
-0.353865875711066 0.234399107115699 0.160467488474668 0.047253856935192
-0.0872188881857104 0.384106726618794 0.296115582803726 -0.238214187977207
0.186042490224086 0.331981614432123 0.0697048651369314 -0.4313877022418
0.269167510750975 0.112337217291851 -0.213788884719015 -0.30566385708524
0.259546249999192 -0.0304096586742911 -0.284464964277982 -0.0727975092362897
0.19831928666319 -0.164769632380291 -0.178753426191723 0.0729404783239899
0.14243099845426 -0.199448879385372 -0.088452912244157 0.0902355249792445
0.158207968672796 -0.201324891519739 -0.0289650797529638 0.114965335450141
0.2423664300604 -0.0984646810427267 -0.00424468728100089 0.157557649167806
0.267744699077369 0.0294834021778531 -0.0154777113071092 0.210976847191539
0.276521258264359 0.248801196542243 -0.148366877095855 0.225489199313656
0.0360346676133699 0.388429275118949 -0.29088405519581 0.143274057943046
-0.297154632243677 0.31627604120238 -0.250175220950639 0.0342931268595455
-0.518453286545241 0.161027208848462 -0.157287462001917 0.0502128532891262
-0.507033421014201 0.0311427152550317 0.0936659988266675 -0.160147299620561
-0.471663147839864 0.200392877185406 0.273589292857275 0.0579795593963395
-0.195421455922441 0.444677028423381 0.367427365355772 -0.185693146210109
0.16624620353181 0.441015828906399 0.158886322102199 -0.38547915232827
0.316431646618771 0.175484686316908 -0.101562606468073 -0.290335816400823
0.308243207656577 -0.0131559619890857 -0.172903735750732 -0.111298383680318
0.242554132116428 -0.178395601308725 -0.0897233912683253 0.0110000557103064
0.171249113598769 -0.225432643971853 -0.017808670936391 0.0221786293567214
0.174868217623732 -0.230433757552284 0.0413121901061173 0.0461934133110521
0.257355673852404 -0.122362878171399 0.0790931413295203 0.10226887391959
0.291533827520491 0.0149227727385927 0.0822469808384563 0.190537072027584
0.307097819000566 0.253133115506719 -0.0588980969298163 0.243437125595987
0.0514478818097889 0.406954469196582 -0.229012848771617 0.181928293403358
-0.29852821966376 0.321813896310708 -0.188610475647647 0.0386809542703771
-0.528336096519179 0.146034084865713 0.00255547196050773 0.0486595983355393
-0.458833671419268 -0.0325155957881078 0.297100318427487 -0.103364831883037
-0.486071091945648 0.120543936003228 0.382128099808622 0.0854953689923158
-0.262673522806019 0.399512514360911 0.412836879500771 -0.102908902319899
0.10269940678897 0.454818850981647 0.236728041320701 -0.293424608955121
0.294743947807887 0.20264664956063 0.0195425179068831 -0.242851769553914
0.299385494695025 0.00647128179158572 -0.0435211156843149 -0.134139246553709
0.243425160936926 -0.163929322304773 0.00650302765155179 -0.0502484979455386
0.174196922808522 -0.217538202820896 0.0553221753091072 -0.0465418567817227
0.170256193475345 -0.225617119789752 0.109552702114773 -0.0258635877371441
0.242730803990791 -0.125572355626245 0.154360116369663 0.0418978213772938
0.27755292632073 0.00979727046723235 0.165510281227542 0.159003338750505
0.281832663884604 0.241574834560522 0.0159454746613817 0.243922275020761
0.0337899429836768 0.374024492631845 -0.171865232884864 0.196677180955069
-0.286499690317556 0.268754222851195 -0.135142622580558 0.0267656131838744
-0.475689574632624 0.0918718262551121 0.14360629808596 0.0428817797176488
-0.324159154282917 -0.0722724567930698 0.459507219533239 -0.0307075374497859
-0.387161301601973 0.0315744081624968 0.454964995773928 0.116818372189131
-0.246990767015499 0.276998060623149 0.420865429118713 -0.0156016068099601
0.0394549350851633 0.363649768043258 0.282840459986099 -0.188393645205469
0.219402467773287 0.175157549274614 0.121106417042773 -0.184532196215325
0.233536097394444 0.0149231990871165 0.0724530532010106 -0.145762641406355
0.199628629780272 -0.126874518389065 0.0910575567048132 -0.104427224304126
0.148910057123009 -0.178524365363333 0.120296087042337 -0.106771698911667
0.146597941951234 -0.187075957342551 0.170449063755142 -0.0889738196681697
0.204198994586783 -0.108169864044387 0.21967311947646 -0.00617180006384748
0.23270575857001 0.015613284702595 0.230537852558608 0.138236909114857
0.217125912027984 0.217429509660201 0.065504384708426 0.24292368677793
-0.0074186857634409 0.303330519466065 -0.128334674296437 0.201155581975322
-0.260757783826524 0.177348251208078 -0.0930756414009394 0.0134672703572673
-0.367061008453337 0.0144986844251442 0.254635951519617 0.0447104053782516
-0.130047188822394 -0.0924473130405152 0.549980071288798 0.0323172066177304
-0.212231059685686 -0.0403791943189825 0.483419745939502 0.128527317677692
-0.161931829915819 0.125373053992076 0.406623298874684 0.0458940955341579
-0.00199328060053282 0.208811534313257 0.303391219331188 -0.112553866538353
0.116770905848014 0.106552466530943 0.186068647818561 -0.149307441359403
0.129858750674481 0.0133909787407762 0.149529460897149 -0.156748200999689
0.121834318187978 -0.072942665105278 0.147361151079338 -0.147212494142134
0.0993668942067424 -0.114580377323868 0.167273722842986 -0.148267228561402
0.10378923861241 -0.121084254141596 0.218420415403888 -0.133776322880627
0.144134980857137 -0.074901351354656 0.273345384451253 -0.0322354969306868
0.166194879752398 0.0221057819812391 0.280184271845398 0.140240127549584
0.131742493123692 0.172405939296485 0.0938869322333476 0.256446202490746
-0.0485663901460742 0.201794957475262 -0.103927014588406 0.209382398675248
-0.208850525615234 0.067806258739705 -0.065659508168001 0.00803567436998256
-0.215728891829662 -0.0659739483831467 0.325177501016344 0.0596774127609058
0.0208557155810848 0.117843478652281 -0.38765985757176 -0.0194185163247326
0.101763882097356 0.0163611285867454 0.0138044489742179 0.0964653962312459
0.0687938710132396 -0.0893139661417172 0.141707886374686 -0.20406412772491
-0.0423176580384184 -0.0856357503008867 -0.0636844363684823 -0.327446468390025
-0.0664629777230072 -0.0127022124498801 -0.309565856976552 -0.207439192759387
-0.0341872964021933 0.0175438157128109 -0.352938927535868 0.0339920924662421
-0.0393795723738996 0.0264435062205618 -0.270560519260901 0.166496239385325
-0.0394812510820224 0.0194875751574378 -0.18801558493907 0.190935702761407
-0.0301255425421853 -0.000832510956453352 -0.160412404798821 0.198848439232749
-0.0158891513318008 -0.0247476979048401 -0.17513331639473 0.199228976698638
0.000207025966089278 -0.0395385748670012 -0.223823945507072 0.163301747559712
0.0561363131473857 -0.0377906879615606 -0.314802283157777 0.0836968790276128
0.0779249287786225 0.0292374191673984 -0.384821560401671 -0.0421884896132156
0.0103581773130006 0.113848096440604 -0.397664582435591 -0.136149623832537
-0.0598076326101274 0.120247323795049 -0.511501611585388 -0.0515891228747491
-0.155257950093336 0.149552116613418 -0.362083572111193 -0.0922245323362412
-0.0203068040837768 0.121907972785355 0.0211937959825704 0.0747036279894229
0.0627221386205427 0.0671765194009343 0.163294348807598 -0.226716122455661
0.0584241246681239 0.0233555971893481 -0.0524239179833957 -0.37127443981487
0.0441842370059348 0.00461717501520282 -0.31401519228977 -0.239701601816605
0.061388914572171 -0.0156090153591528 -0.36642007081811 0.0164245711145156
0.0362965978205171 -0.0536049654511043 -0.268044836293024 0.157411856134192
0.0244169316021881 -0.0647786190289303 -0.176840254996692 0.179492541970001
0.0503977449020724 -0.0721955618474405 -0.138486287496509 0.194490071822969
0.096960883964929 -0.0368729482864318 -0.145699195198053 0.201369911640238
0.103792693727652 0.0150859901537204 -0.186176287492784 0.181145947408916
0.113635371335666 0.103743980606077 -0.28361521138502 0.119769659011756
0.0156035922089461 0.17428842958015 -0.366364048205827 0.00596702427785598
-0.151790215770136 0.175921166379124 -0.35974982733126 -0.064963104475479
-0.265029139566933 0.127513912375308 -0.439105499633389 -0.00851750844886157
-0.321615149523035 0.142022855014113 -0.267695547856925 -0.149201700668257
-0.179996630996102 0.201371650757768 0.068756017189425 0.0559027994043824
0.013192101803286 0.234575925557834 0.214043128453797 -0.242610111047704
0.144841267203274 0.166922668623003 -0.0104293347408929 -0.410680892372916
0.164314081178102 0.0452906141360706 -0.286008789171112 -0.274299183155881
0.16410033779868 -0.0347989173719558 -0.342858502554872 -0.0212795831268392
0.118225374616365 -0.120751492171029 -0.235120737153805 0.123025735311504
0.0852450919094102 -0.140700453953496 -0.140981370097472 0.143573660284211
0.111827807976433 -0.141683581451698 -0.0899581155809428 0.164370698767942
0.184352680308206 -0.0652250232417877 -0.0825308350084251 0.188525414091631
0.19686962633729 0.033623020198512 -0.109636047045291 0.202865562948273
0.197592833637409 0.197156943902368 -0.224393544360172 0.177672974680784
0.0117135600242467 0.300925165033427 -0.334743546455202 0.0781380621128087
-0.249967831155354 0.253379225730935 -0.306299956332698 -0.000154550933985686
-0.418230019187002 0.148806757557661 -0.310586242328905 0.0301883668685473
-0.444462426213983 0.0991762878956928 -0.110127597704443 -0.173483618351978
-0.343598302309532 0.232509503467194 0.154479838423989 0.0479202286414341
-0.077899155527859 0.374716349593058 0.285130351369792 -0.230254797742722
0.188544320228228 0.320139380174273 0.064235962800089 -0.420144310155076
0.264609190146507 0.106269545976708 -0.210847436922589 -0.295155298328191
0.252618723578729 -0.0340641349183312 -0.275164510878779 -0.0671761095272096
0.189867477498853 -0.162951777860987 -0.17259956099282 0.0696753366805773
0.132838044538944 -0.194538353534453 -0.085200135414195 0.0876093355881235
0.148418050309648 -0.196464965542595 -0.0263905661933773 0.110838406174475
0.234402369738361 -0.0996223353790484 -0.00231394134863186 0.15282300862821
0.26158990732718 0.0248125198616081 -0.0126572640515457 0.205657075329112
0.272923793300828 0.236199501574818 -0.140061393366307 0.2230222928939
0.0404404050526567 0.378031562611274 -0.282990408316334 0.142552969036663
-0.286155502741204 0.311299721811532 -0.243526815509287 0.0346561887178857
-0.500717747961181 0.16303851693774 -0.154875761755022 0.0471618162003905
-0.491968613872876 0.0364207058085225 0.0879616265629902 -0.156166092836458
-0.457070117198774 0.201358013141058 0.264074119119206 0.0574078703504787
-0.182416251449921 0.434610742226089 0.3547501049583 -0.181283533462964
0.170089777794225 0.427001146373769 0.152087505462004 -0.376341907881687
0.311628218741292 0.166556702436206 -0.101508947987222 -0.282109625858148
0.301795257552535 -0.016877049574384 -0.167524640125891 -0.10632857289683
0.232808903335596 -0.177459041320667 -0.0866930765046284 0.00806457964700848
0.160501397083971 -0.220641578925389 -0.0171575128786279 0.0199631228482245
0.163974958673504 -0.224423623798703 0.041080578840649 0.0436299413809609
0.248746935303627 -0.123389596789841 0.0782077105764048 0.0980545751063629
0.284167682508072 0.0100061722330776 0.0826435339448663 0.184683893062259
0.301589939402236 0.240798504658178 -0.0523151619624093 0.240409418060064
0.0562624165041447 0.396142790743327 -0.222409459875963 0.181022837891282
-0.287521803968625 0.315321984559791 -0.184602512020358 0.0389787836184722
-0.510027941552014 0.148979361517483 0.00149027637733882 0.0443958781041486
-0.446094129583968 -0.0243813792674401 0.28711128545714 -0.102623088661493
-0.472077208697631 0.121798306326611 0.368156896582982 0.0843480455266888
-0.247756963009806 0.390716611588628 0.400602398963181 -0.100068102397194
0.108499548661769 0.441401479798169 0.228178502575317 -0.286387085193812
0.290236466821602 0.193640516597733 0.0184227355208353 -0.236748704253421
0.292797111000227 0.00149902501614156 -0.0420992893156781 -0.130666236226518
0.233352866250259 -0.162392360913818 0.00604473790805912 -0.0518766455707473
0.164223402336289 -0.213440013655461 0.0537547486278295 -0.0479410016829601
0.159397553674263 -0.219619964283361 0.10611434517592 -0.0265703403829401
0.234303499019941 -0.126152756379797 0.150679438375854 0.0392942415841311
0.270144633361792 0.00560292684073843 0.163606379464972 0.153351993979085
0.277734525166546 0.230024241913033 0.0195587836537744 0.239423012333947
0.0389797898939465 0.362679585506542 -0.166489071925634 0.195182188950245
-0.275319703669303 0.263944999926251 -0.132700914679047 0.0271719947704675
-0.457693654879577 0.0965392703920934 0.139638263504643 0.0364342282182083
-0.315552900213267 -0.0652825909388393 0.447831372646446 -0.0324114679931405
-0.376453459561249 0.0356811010163272 0.440745442494622 0.112807365222135
-0.233912328046012 0.270500316674824 0.409982353378556 -0.0154605704218674
0.0459346917157056 0.354269534821863 0.273965768236709 -0.185691020982573
0.21621886460449 0.168131075369526 0.117537261940034 -0.181261562191806
0.227469939033138 0.0118787596561349 0.0704264777012761 -0.143388213091869
0.191456761267587 -0.125909191285495 0.0878342450134229 -0.1056944885727
0.140569282130407 -0.175823139447109 0.116580853754878 -0.106914601148322
0.138448939833894 -0.182942286057326 0.164597667203735 -0.0885422674358367
0.196498556616874 -0.107206136389962 0.213201073784667 -0.00752757690902075
0.227054650488947 0.0121405083823843 0.225510649362458 0.132360346622141
0.213544749035615 0.207948664729353 0.0672491058472844 0.238133114040704
-0.00337037892179007 0.294082545279799 -0.124176817192487 0.199184939977988
-0.252736587595013 0.175565046371962 -0.0910728269830678 0.0141719397631368
-0.354397489259985 0.0185181500495501 0.247687249135236 0.0374037894959051
-0.126042818004318 -0.0879621319630735 0.537495001758802 0.0266241960361113
-0.204676542812929 -0.0363621934483326 0.468092827499864 0.124928916292636
-0.153518003102127 0.12293540343142 0.396417563067609 0.0439649480580061
0.00235082788606313 0.203421273310687 0.29506098926501 -0.110319271496999
0.114580591849506 0.102274892920697 0.181028206251845 -0.147431727668304
0.126472392235454 0.0117692157765148 0.144778069827979 -0.155243387355182
0.117777698688493 -0.0728399286788793 0.142634141713088 -0.147241055731299
0.0930359953811791 -0.112272467981208 0.162040812997925 -0.148322266537064
0.0973496467111328 -0.119317396282351 0.210608044457437 -0.132240712961237
0.137973887788149 -0.0744907841504848 0.265264678749979 -0.0326690461658325
0.1620537324189 0.0193779760561535 0.272639265349835 0.132040936118346
0.129531629462593 0.165314583490664 0.0943240565261059 0.250887162100381
-0.0448222353176196 0.195411385814448 -0.1002701681537 0.205982415376652
-0.202758858623911 0.0682128502119825 -0.0647849881888423 0.00803185660788867
-0.207913743036254 -0.0602960334660554 0.317445936498188 0.0508768238838973
0.0235605069671214 0.118799148321365 -0.393772739054942 -0.0209124162408545
0.103327853833525 0.017998010513881 0.014873737321388 0.100062429348538
0.0694625191201516 -0.0895183375390759 0.145063960611125 -0.203040563850694
-0.0423310986840931 -0.0866237730678366 -0.0628185748837183 -0.331308652615635
-0.0658909865701077 -0.0133217168697838 -0.310700793926909 -0.211765079948066
-0.03455447677971 0.0162085572107992 -0.354190057116721 0.031842331404122
-0.0389940337397957 0.0258143831894188 -0.270648289827164 0.166624043030783
-0.0396206419512354 0.0203370309727345 -0.189883783544468 0.192350618477786
-0.0294563277669944 -0.000588697715599234 -0.161943336410733 0.200176668503958
-0.0153031598379925 -0.0243360229386849 -0.176628745899487 0.200064737992345
0.000557825869746526 -0.0395295143561736 -0.227251726601967 0.162792179895062
0.0572544621411604 -0.0364628783732549 -0.317657413608108 0.0798675751040707
0.0770185889588428 0.0315535839791901 -0.38594990196552 -0.0478113662723852
0.00850570845768082 0.116473674347392 -0.399204161900954 -0.144167887760867
-0.0612305771989023 0.12032658193729 -0.519088318177763 -0.0571284038148925
-0.155207681443175 0.149898554482983 -0.368233994350908 -0.0945430287608062
-0.0215519655023381 0.12410142310226 0.0212010027809773 0.0779513985888631
0.0629506424123757 0.0675026785458393 0.167394409489302 -0.226116379122783
0.0597523910238805 0.02321281348744 -0.0510006760371551 -0.374906174784699
0.0457826467570737 0.00530820532799591 -0.315531412875455 -0.243931314574899
0.0620822335762739 -0.0171845694065241 -0.366789574875699 0.0138253328117736
0.0367994310657481 -0.0544999859428066 -0.26876113732917 0.156752201356764
0.0241356438276443 -0.0640275448037299 -0.179148498943247 0.180062531265869
0.0508866449343112 -0.0721168404721812 -0.140658659834423 0.194857339049
0.0985485284463014 -0.0369186912601853 -0.14784980445721 0.201971825973611
0.104498525129412 0.0157362121273716 -0.188691642295823 0.181205304675761
0.114660901055988 0.105417390809879 -0.285873586147189 0.118400694739642
0.0144760315135663 0.177281950288946 -0.36977174528741 0.0032181354981491
-0.155550723831871 0.177444950099773 -0.362546897784804 -0.0712596667259008
-0.267774377482119 0.125767339825182 -0.445986458747275 -0.0135727814574695
-0.323576337933632 0.142691362084195 -0.273089551144401 -0.151391459469392
-0.184080498640408 0.203847404649551 0.0680150579056993 0.0599427597822099
0.0133829088486311 0.236468457883362 0.218092100767041 -0.241207814675308
0.147852838316952 0.169038513394279 -0.00724253962213294 -0.414769456833447
0.167522060496397 0.0461389725509056 -0.285526525033748 -0.27974632490617
0.166565040806786 -0.0355115825770643 -0.343198089756542 -0.0237517047782908
0.119190107757861 -0.12212802137891 -0.236298790714431 0.121441875926688
0.084525289371642 -0.139942733661511 -0.143089669310638 0.143305622699776
0.111800040477399 -0.141880324107947 -0.0914699202559107 0.163933410659837
0.186049456500537 -0.0660829819234638 -0.0833761885726244 0.189473990094989
0.198872503657427 0.0343001320060111 -0.111856791927141 0.203921022522747
0.200120461668809 0.198595351646183 -0.225767339081165 0.178301133493126
0.0110468421433432 0.304289672480607 -0.339288700362356 0.0765980921736789
-0.25537966787917 0.254644263461024 -0.310303940834839 -0.00550814647890481
-0.42147169696912 0.145540163951683 -0.316764585255719 0.0249547260932628
-0.447256703502484 0.098061859382845 -0.113229500980353 -0.174457087968898
-0.34915269729504 0.234007313591971 0.153470251202413 0.0528219701424405
-0.0785383324856511 0.376479255924607 0.289117225339773 -0.228036731061971
0.192184665683818 0.323307253712843 0.0677378671963755 -0.423262602731292
0.268446972069296 0.108476033528592 -0.210836421153066 -0.299933784244494
0.256778013466006 -0.0348354678231441 -0.275242182045331 -0.069966388774762
0.191170157921774 -0.164138130077551 -0.173646848681953 0.0670854076372972
0.132519597497269 -0.195030639456054 -0.0868733300255814 0.086571402138438
0.148165958706392 -0.196076511169051 -0.0262257180862944 0.110215616346183
0.236581177806423 -0.100564266861802 -0.0027726613205297 0.153420124440221
0.26360162174601 0.0250347809295869 -0.0142022118954565 0.207226649060763
0.27559106675724 0.238225171725935 -0.141263725356966 0.225492720811014
0.0419581253022136 0.382052593285809 -0.287605142183753 0.143080176856475
-0.291300959990755 0.312313684715349 -0.247321411773176 0.0313655644927115
-0.503008030956677 0.162032289344262 -0.158749172470677 0.0433662268245195
-0.495061039004704 0.0341563668034442 0.0871787082367042 -0.155257371155304
-0.464248093924472 0.202003324996325 0.263048082796476 0.0644066127418508
-0.182834295459126 0.437033230697396 0.360000782510879 -0.176550103081778
0.17306206234878 0.43259828599939 0.15725956845982 -0.377584299324055
0.315712921890814 0.169100969028427 -0.0989983565350705 -0.28624648023382
0.30523151578637 -0.0172392954646123 -0.166055985346975 -0.108720769703017
0.234150694567203 -0.177376010254611 -0.0872690347593779 0.00436119216272902
0.159791796759702 -0.220925557415639 -0.0175295314119838 0.0185662142962225
0.162694431814374 -0.224553814123817 0.0423528985162838 0.0419613457532479
0.251057601381589 -0.1240345135808 0.0788187916601618 0.0992815314716066
0.286714499760434 0.0101837503391509 0.0827603800208291 0.185469025000312
0.304427479242257 0.24251308985035 -0.0520323948277299 0.243077759177106
0.0582409306190581 0.399780683908737 -0.226138062448851 0.182789520379886
-0.293361599201679 0.316616416005645 -0.187604325614254 0.0376972598266618
-0.510252337513706 0.14699545939142 -0.000257353031045158 0.0408912760799833
-0.448113189451746 -0.0252894687821972 0.289367392257089 -0.0991102054498561
-0.477578995529224 0.121443794781815 0.368561771998309 0.0919829326278522
-0.248461566721227 0.390769612064213 0.40346377708809 -0.0945399939557777
0.111116853014482 0.445620189908868 0.233335944064136 -0.286888338114121
0.292993388191829 0.197020673730477 0.0214971361533927 -0.238942026824716
0.296303466994216 0.00188704147720098 -0.0398441322613297 -0.132475144875715
0.234773235002855 -0.162920192548422 0.00630237700264972 -0.0560641409515318
0.163421145981425 -0.214221873652884 0.0545331966238298 -0.050279838768902
0.15878725644448 -0.21936482662893 0.108013227684629 -0.0276881099011171
0.235811732473161 -0.126198105321957 0.151702569923329 0.039853056455184
0.272750933328024 0.00591667367612992 0.164277737716631 0.155062906611149
0.279255869854043 0.232455815718611 0.0198192954963322 0.242588889926996
0.0389484460937322 0.364530039059966 -0.169500976161584 0.19884106749495
-0.28051200164084 0.265030017998676 -0.13524706883627 0.0268937927736545
-0.459205550348082 0.0940487171092763 0.139119233434236 0.0348658825145122
-0.315884853201894 -0.0662174354081065 0.452709294609895 -0.02728372777004
-0.379302023736626 0.0340956703530657 0.441498649135672 0.12260954715758
-0.235902105949639 0.270380652346305 0.41382371426848 -0.0107910332911518
0.0475644755114727 0.357711683723285 0.278253856323964 -0.184418722924263
0.218788531326368 0.170845989623818 0.120924790844614 -0.182760564827407
0.231307687977432 0.0130346758394032 0.0733706728289086 -0.145594537926805
0.192484074845808 -0.126701947324579 0.0894910420262189 -0.109458955751483
0.139593133389667 -0.176702577347636 0.118516870475476 -0.110140045151404
0.137407411984998 -0.182683226081088 0.166710671496755 -0.0885454764745125
0.19731191938494 -0.108187666897724 0.214833656338974 -0.00606502747496234
0.229077365321492 0.0118313606035461 0.227711920051547 0.134546634113591
0.215140817925155 0.210198647251741 0.0683790955981557 0.241624786042244
-0.0036074787429735 0.294767657798061 -0.127243024505351 0.202581207675473
-0.255565416332938 0.173838401584236 -0.093779751195591 0.0134963048822091
-0.354199939675224 0.0180414097003678 0.249423492181559 0.0364542589698971
-0.126032314011407 -0.0878238707887879 0.545300752492192 0.0331274967541301
-0.205346977255455 -0.0389328682867745 0.469488382508155 0.134428041425395
-0.154430651805888 0.121813170632789 0.399737445395749 0.0500665590625772
0.00424352422331944 0.205792482004812 0.299210608937184 -0.108852722831878
0.11532674529328 0.103999043946872 0.184232009449638 -0.147385185362446
0.128335814734866 0.0138701921201749 0.147076502941952 -0.158007359342533
0.117738002163927 -0.072507979893086 0.144594290497871 -0.151164063848139
0.0923502555022806 -0.112964323247539 0.164811293021409 -0.151376508549798
0.0970031036568812 -0.118887595719534 0.213191835732928 -0.131819968701472
0.138318522997685 -0.0751066029124966 0.267332888108948 -0.0307401588890629
0.16313031270385 0.0201879443809276 0.274596264912824 0.134578701353992
0.130464020824611 0.167012281385262 0.0943801192207177 0.254395705379123
-0.0463761293290117 0.194974919118041 -0.102748749866252 0.20958339873836
-0.20455649702116 0.0672540918356177 -0.0665181007669837 0.00780643141815047
-0.206339656760489 -0.0613353508019256 0.319788670988919 0.0507003256560417
0.0282473270578901 0.123079764617113 -0.415394109364813 -0.0172127169248497
0.109631077433197 0.018688403015426 0.018361469832238 0.107983636989303
0.0714100405384142 -0.0947065915290229 0.153443604473837 -0.212514505154622
-0.0446392828058367 -0.0904249696761892 -0.0689212918363824 -0.346416109982357
-0.0682349138184842 -0.013666614130317 -0.326888449588154 -0.220957099919754
-0.0358805852110959 0.0158937243126189 -0.36873791211397 0.0341730238349371
-0.0404195583736032 0.0272744788158881 -0.279989283943087 0.175813605171703
-0.0401123004018934 0.0226475455556718 -0.19809401023906 0.203302494630874
-0.0302135221837285 -0.000441108462456942 -0.168172930824544 0.211447158889028
-0.0157157972659659 -0.0254038418738026 -0.182893946996046 0.211156351050203
0.000318819882132584 -0.0405307340081924 -0.237186845957221 0.172110117022517
0.0600907077975548 -0.0381369307749146 -0.331365873145065 0.0832894867844829
0.0796174568043812 0.0342029798071287 -0.401966216266925 -0.0496438794881537
0.00808209686886964 0.123726638071741 -0.419165431322559 -0.15291409788396
-0.063799586047756 0.125206295968977 -0.547952588767578 -0.0569729180607333
-0.159019498283293 0.157690596071275 -0.389326550168018 -0.0940515036676019
-0.0210593018567318 0.131225184763579 0.0232745398734208 0.0852594728143814
0.0670110254714133 0.0698304360170239 0.174814257891398 -0.235627404620364
0.0645941552010524 0.0237491448651297 -0.0565470496081743 -0.393277276998331
0.0494730929786141 0.00406108162251177 -0.332867097587687 -0.255074928921089
0.0655106659043821 -0.0200351076282748 -0.381973270550095 0.0168738527266495
0.0380044280730993 -0.0573156745186979 -0.278566443701528 0.165154766950182
0.0241008111946948 -0.0662544776943625 -0.186486651718191 0.190184925688625
0.0524462182748559 -0.075628939620222 -0.145339927614281 0.205696817311303
0.103125017850038 -0.0399462993792632 -0.15301296096152 0.212387364500512
0.109423704747355 0.0160368288639408 -0.197107672081319 0.190804554774015
0.12143092451444 0.1091816488292 -0.297942774715529 0.125137261656861
0.0162467557174994 0.187320986995495 -0.385890506363747 0.00440750562778774
-0.163698093295072 0.188627804479065 -0.380226249377486 -0.0769763640698994
-0.279036204811143 0.13334823685647 -0.470574264269913 -0.0136630200050808
-0.335650109076531 0.151202551088183 -0.291269525596777 -0.154625916180688
-0.190876616964315 0.216452806177357 0.071078312564268 0.0663506681929873
0.0168137817656856 0.247074065668683 0.227849243761036 -0.251935096874349
0.158845343115719 0.175271589186353 -0.0106349651486929 -0.435221684319869
0.177887187350329 0.046889193723391 -0.300694014138349 -0.291955597667382
0.175225550230839 -0.0406000156946936 -0.357381165075568 -0.0230552836063334
0.122909588482944 -0.128680532085463 -0.245647902694321 0.126848608228426
0.0852231679833518 -0.146237058390452 -0.14951578271414 0.150576007981686
0.114627018987263 -0.148151640542728 -0.0941516381468267 0.171073667837584
0.194438766791129 -0.0714720092711029 -0.0851401855974167 0.198144670996868
0.208626995873369 0.0335126690461114 -0.115498296451189 0.213870916291956
0.211457945772975 0.205840121774997 -0.234509571251695 0.188047587929159
0.0153294383582949 0.320081879676682 -0.354788461411318 0.0817841015753848
-0.26763810748195 0.26946066910057 -0.325082901298444 -0.0069714558997517
-0.439084938143049 0.155664342053356 -0.334270622101925 0.0263276142740474
-0.466138096631092 0.106493007336718 -0.123155255669532 -0.179017557590441
-0.365237904935356 0.249440967345065 0.160021745186599 0.0594376417357042
-0.0776616614835174 0.394394267498043 0.302312787872861 -0.237809474795669
0.207409324539047 0.336208216349868 0.0687457971543213 -0.443588924796925
0.285134096021749 0.110888146116491 -0.221665354976238 -0.314046317301757
0.269986892750291 -0.0405042535054464 -0.286710914634532 -0.0716654077424059
0.197770406100023 -0.173945681450903 -0.180878962262746 0.0683701625745121
0.134201448316879 -0.204058715849361 -0.0904715664690564 0.0891514783822847
0.151948334673935 -0.204984362851726 -0.0265881328008726 0.113313043354002
0.246711575095011 -0.108769600269918 -0.00122051270878333 0.159863212552478
0.276548330375589 0.0231037684044372 -0.0127561122905855 0.215846352027527
0.291927089372361 0.245982076703786 -0.144314655285551 0.23731292978626
0.0481861739610699 0.399798904593872 -0.301183154878598 0.153626514750574
-0.304657074310242 0.32951438684537 -0.259340331612697 0.0332398050294555
-0.523916414184897 0.172887741964918 -0.168788430882541 0.0433468084207424
-0.516851138619896 0.0395601837408018 0.0884985430473744 -0.160486049747377
-0.486059132572935 0.215978524337555 0.274732497762452 0.0706464596043965
-0.187018142064735 0.457109885565886 0.376254767341945 -0.184650212252448
0.189014507156829 0.450580758854002 0.163227804566619 -0.397336669380207
0.335216251828924 0.174351954461053 -0.104288119040569 -0.299806414312809
0.321409591327422 -0.0217116337018994 -0.172370309658706 -0.114061267908252
0.242403036877686 -0.188481901756733 -0.0918559413390737 0.00171104814298514
0.162256053689082 -0.231875352170271 -0.0186373711032307 0.0167259495550399
0.166598000656624 -0.233662755976416 0.0452626267969381 0.0423871408841835
0.261399816859011 -0.132978031062315 0.0827109972740906 0.102617206607551
0.300308977263156 0.00734581855217231 0.0880179109560107 0.193129975995217
0.321672026817659 0.251263788281261 -0.0504612349923518 0.255645940762737
0.0654330007771091 0.416533090686904 -0.23664375665811 0.195652269384971
-0.305617902178804 0.334423917947878 -0.196366637034511 0.0392911114548269
-0.532963837981363 0.156966721450373 -0.00190380555123803 0.0405789448447397
-0.469315090845368 -0.0234096622352551 0.302550470972323 -0.103159747115121
-0.500369097468872 0.131154003662986 0.384906375987312 0.099385315489887
-0.256715899925875 0.411258127890504 0.422808244505407 -0.0989781185707607
0.123665423200759 0.465451113620309 0.242045964699436 -0.301547925308357
0.31131035830099 0.204397859930139 0.0217489833047204 -0.25093117738301
0.311905002837767 -0.00105050325083385 -0.0415014697122356 -0.140147162490137
0.242639806681088 -0.173081832912402 0.0062212293393176 -0.0622948205700955
0.166136651751737 -0.226003869386649 0.0563900373047875 -0.0561101137987086
0.161533303040494 -0.229612174259465 0.114328447556222 -0.0308989617207402
0.245044449147997 -0.135560473018313 0.159200981947375 0.0407962475967457
0.285135937737669 0.00336704232653291 0.173280506170422 0.160667170486672
0.295620478861153 0.240396801912438 0.0246809484331611 0.254922490991358
0.0456790916698841 0.380844716267164 -0.176970256135752 0.211866764414344
-0.291718182834264 0.278386869845457 -0.142762236738863 0.0286908794218839
-0.477909069709967 0.101848660736102 0.14541763502756 0.0323952349102357
-0.329482412469922 -0.0658205264859605 0.475742921772658 -0.029664882971203
-0.397998071678097 0.0382496384968178 0.462277970950675 0.131001198416881
-0.243325675846793 0.283154467462694 0.433661480485962 -0.0108015023332753
0.055461698994393 0.37382421218514 0.29080310087387 -0.194096561004382
0.231430861218972 0.177087688163259 0.126074385285241 -0.192523643213624
0.243595386745732 0.0113811848465126 0.0767569168839243 -0.154993795994988
0.198988632420569 -0.133805922547269 0.092560646719244 -0.118867150738611
0.141802371072446 -0.186325385086267 0.123465240643726 -0.119763925986394
0.139846988124748 -0.191625781425345 0.174869456961947 -0.09497904796516
0.204378785042414 -0.115200732196148 0.224997429695369 -0.00728979288927517
0.240015336089678 0.00995975765463583 0.238259332374286 0.139450195535505
0.228062440807864 0.216879900444413 0.0753143867790932 0.254135283295959
-0.000937504297154827 0.307395057840973 -0.132978149449333 0.215855354828358
-0.266519161386605 0.184172904317606 -0.0992368806052462 0.0154132867502224
-0.368555962890014 0.0218385080461291 0.261542897635761 0.0332431564734325
-0.130714413519834 -0.0900945434067827 0.576159216428925 0.0323756179472101
-0.214365956174649 -0.0386072299621365 0.492200257169502 0.141557344633232
-0.15901975258956 0.126802668451087 0.41953821602882 0.051953058947993
0.00837886379443585 0.215382970230557 0.312870301580856 -0.114247339752195
0.122623645082813 0.10824406119512 0.19354637092967 -0.156084207848353
0.135492545508842 0.0138380961131856 0.153683305105743 -0.168414644716988
0.121392089076979 -0.0768860584996922 0.149486157423972 -0.161756971339351
0.0936736800331666 -0.119122305424827 0.17200914463267 -0.164281518785226
0.0989726361019572 -0.125297492609181 0.222768732149824 -0.140323706247461
0.142371461801567 -0.0795971477135255 0.280490563192928 -0.0322458617284657
0.171670781463905 0.018736458367478 0.287367451108455 0.139488903526093
0.138251197813206 0.173679979701902 0.101044210495815 0.267948221634595
-0.046964555540139 0.203255069892367 -0.107535608604935 0.222049371663802
-0.212969177354041 0.0721192700881235 -0.0717937198053959 0.00798096675946604
-0.21378219987451 -0.0617299516257763 0.335167579651549 0.0466373212135197
0.0382499128681714 0.128267373571892 -0.445718220100255 0.00484954215215707
0.119034433648569 0.01523427566958 0.0271194843788047 0.116789452668023
0.0703384311417643 -0.104556272766815 0.155824164455335 -0.23304558435718
-0.0513480797894108 -0.0940043283665809 -0.0891070938693798 -0.366443325215342
-0.0725492564398651 -0.0122632943106398 -0.360037637215828 -0.221382092503032
-0.037822566024817 0.0171540669774243 -0.391052234785778 0.0531675149257915
-0.0409871255077333 0.0305217743943808 -0.287619770704161 0.201407077605012
-0.0410154274370703 0.0267396560048468 -0.20185534517078 0.227192048037495
-0.0312110703572873 0.000937456073521825 -0.170182335356787 0.234562230156705
-0.0173958305412603 -0.0260271659608625 -0.185596800328076 0.234657621200679
-0.00166177415370496 -0.0418911669882461 -0.246592394445632 0.194850519838008
0.0629416026856371 -0.0434444976665686 -0.351369576491693 0.101843718832474
0.085909048720991 0.0350369163803226 -0.430004882096992 -0.0383908950761235
0.0132482325050471 0.134849558530295 -0.453964183228014 -0.149468064617307
-0.0614771076824179 0.136732412860286 -0.591804274986436 -0.0376443007110844
-0.159759585297384 0.174507765030707 -0.423774628802905 -0.078763831621671
-0.0159649902826912 0.142268204208743 0.0304808330635589 0.094035957004409
0.0750215386353433 0.0708297018457784 0.178247572319521 -0.258496085055034
0.0719228787972697 0.0216904613005795 -0.0773257496631567 -0.416974724288146
0.0548429850285788 0.00134745390164288 -0.366233312494855 -0.257577033024526
0.0685080675615343 -0.0258975179240335 -0.405000000639138 0.0342630738675884
0.0374700755126763 -0.0631816852309535 -0.287174886139815 0.18842445379001
0.0220831979651021 -0.0705165879425445 -0.191020894657394 0.212322298265108
0.052474499549638 -0.0828276755420863 -0.145568412248811 0.22556916912999
0.108500495008467 -0.0475892962010887 -0.151963932367836 0.234325340605121
0.118092687736803 0.0123072585275003 -0.202643134197025 0.211121821132179
0.135987338254251 0.111494954589996 -0.312970164710585 0.145332507859279
0.026689578507022 0.201403967313416 -0.411071371764278 0.0203153507438697
-0.167645575542659 0.211158530722676 -0.409601749861367 -0.0689488085679971
-0.290870719657654 0.155489362132777 -0.506803734871029 0.00623276153818262
-0.349246762442898 0.176658114737859 -0.320917822275868 -0.147699568973443
-0.195157588334012 0.241959576153727 0.0800370721712108 0.0723545652885111
0.0314822741793552 0.262139860281579 0.233124245578425 -0.27608935273063
0.181321615985291 0.178347044537607 -0.0315322449642545 -0.463558322281772
0.194315437561853 0.0403668620169499 -0.334552450592122 -0.299717590353405
0.185142721103707 -0.054554858772396 -0.380183873868264 -0.00882366587527562
0.12381936207274 -0.143175346704525 -0.255046600763097 0.144938230703022
0.082152144922115 -0.158745675381363 -0.153030110142674 0.166882010155957
0.114531341614317 -0.162990230899362 -0.0925510449695158 0.185371429087066
0.204209544642718 -0.0865144559105275 -0.0816556483765689 0.215452250123038
0.224268220118288 0.0255181503544881 -0.114266232070029 0.232594614941915
0.237468870128652 0.208393129094078 -0.240319327810924 0.211040826893459
0.0330865693468714 0.341402313691952 -0.375819527922978 0.104106244913154
-0.275093823192926 0.302225217980523 -0.347297622566902 0.00502294779219265
-0.460767856300647 0.187927251917815 -0.359120952698895 0.040702125572312
-0.490251105803943 0.135420745905657 -0.142324442663192 -0.182310168893814
-0.379237783136086 0.285573334338738 0.173330340308148 0.0615480622105495
-0.0625690145200992 0.423849654917721 0.313239070055689 -0.265114255235739
0.241880094796362 0.347859490464527 0.0522938875863959 -0.47655916429456
0.312731360454552 0.103983355788401 -0.250531011736547 -0.326648820120136
0.286326618081756 -0.0584469846625219 -0.307016886684043 -0.064537856755011
0.201274688629944 -0.196319194450373 -0.190092508514037 0.078456721727814
0.130139693229371 -0.224024297503676 -0.0930489024467278 0.0983591468294576
0.150570035856372 -0.225050715080127 -0.0230945040235292 0.120997405611405
0.258352213464008 -0.128637761464772 0.0068809870442961 0.170747540347618
0.296335998937537 0.0104417822229678 -0.0034701794126343 0.230368260701285
0.324732253354826 0.247597020049291 -0.140787742419904 0.260020860555098
0.0729235097144549 0.424987206285921 -0.314938737389956 0.179359407352417
-0.311774798062003 0.366413785535917 -0.276458669453442 0.0458221762487205
-0.54898918909718 0.208085597750021 -0.181101531372725 0.052240649434297
-0.547629892660566 0.0665655125347677 0.0869589659271695 -0.172383291347045
-0.510188608695805 0.254953790222567 0.295788485632307 0.0687162068113432
-0.176914908714446 0.495519074745379 0.393331980818353 -0.211398589207834
0.228316302059742 0.471168324011991 0.154502211462523 -0.430786414679367
0.368806463116116 0.169300711081243 -0.124543247703605 -0.316457884860955
0.343584648145435 -0.040823310301721 -0.188366289215395 -0.114768462919457
0.24835241706633 -0.212653367203201 -0.0988305494616736 0.0023695059295206
0.159217923760549 -0.254844142210852 -0.0199832208512663 0.01663157906745
0.163594129412417 -0.256359622766626 0.049951580519855 0.0407832269927422
0.272061901662627 -0.154887785646192 0.0940548442572709 0.106190661895691
0.320427290955024 -0.00761553876775097 0.103890205798818 0.201549757834117
0.357510480831504 0.251323599541306 -0.039531060458182 0.276081636804485
0.0914934663536482 0.44095579051666 -0.243849991229777 0.222970875829963
-0.310655382185473 0.37149171225138 -0.209527745128548 0.0503379282655806
-0.559273603454794 0.193644977930227 -0.00135871692896346 0.0404476424341713
-0.49818602766266 -0.00274614892477469 0.319558668890276 -0.122080747402734
-0.529564278585978 0.165171848195456 0.415719062619681 0.0935580366450311
-0.252275107046223 0.449175709452294 0.447514016754989 -0.122681377350994
0.158820584009842 0.490894294029435 0.244083964740973 -0.331783037155196
0.345052578812704 0.202520134399975 0.0122580956061486 -0.269732229170292
0.334654305000865 -0.0177206734156973 -0.0486654440027334 -0.149071510180265
0.250075875192086 -0.196915910610893 0.00271371797711693 -0.0707858769440644
0.162766632110146 -0.24918597054598 0.056960784809717 -0.065151342175538
0.158939435826826 -0.251257000770706 0.120181547603984 -0.0402898393806249
0.254858563653784 -0.156000726045562 0.172109276243645 0.036725575882033
0.304483123465791 -0.0113152695661465 0.19306132865166 0.162368224965881
0.328807701345045 0.241376514440404 0.0414148292902645 0.271226640109654
0.0680072619722275 0.402540823161298 -0.178918640636478 0.237881177654072
-0.299934194498645 0.310998382794943 -0.151785538919971 0.0369212865507144
-0.502271255354415 0.133505342966733 0.156185036391062 0.0244283564898033
-0.352721660723897 -0.0542953456829335 0.509858720324601 -0.0527466036297923
-0.42271161543769 0.0602702190859144 0.500585711620397 0.122510983999344
-0.245571301055006 0.312327603747447 0.462030288590292 -0.0291690885345763
0.0815853213188953 0.394733126328044 0.301266190258836 -0.218947851851639
0.258034821459565 0.178344059398937 0.127258221164637 -0.211209985635212
0.26226908788317 -0.000510585580089168 0.0757036636325653 -0.170372236168943
0.204644096234317 -0.152571651313494 0.0923175321379508 -0.134953321508094
0.138274206977323 -0.205892882595118 0.124560774437131 -0.137167711541706
0.138267822898156 -0.209853752714594 0.182630026611767 -0.111635619778725
0.211497467842054 -0.132647420273897 0.24112972401752 -0.0169453392673124
0.255803255475387 -0.00156169467655943 0.260975157619887 0.136554087668469
0.255056664420792 0.22015400942294 0.0934863251717015 0.267800640368951
0.0138963368616842 0.326159845760504 -0.131870135830264 0.240438976675001
-0.27654465573055 0.208551554459342 -0.106237627579094 0.0214421364546307
-0.389269193482857 0.0415848210686195 0.280420273874427 0.0189922564197556
-0.141997231737885 -0.0892015198880696 0.620540489449123 0.00976601845503253
-0.228875464053712 -0.0308695553862619 0.53372263950936 0.132469074634177
-0.163005440815893 0.141035648749222 0.450256275608494 0.0379857469915891
0.0224655008743473 0.22782501285466 0.329361932319287 -0.134367287490411
0.137240681127251 0.110205045701018 0.199664882705606 -0.174635146110702
0.146626567629962 0.00847089869415595 0.156519307307852 -0.188683283018612
0.124995804280575 -0.0874212356451443 0.151421954898191 -0.182798490704167
0.0916236290875028 -0.131729754020624 0.174474256376144 -0.187187081426757
0.0982897808726766 -0.138520902577064 0.231362469944306 -0.160934846570931
0.146674674601464 -0.0918398077970476 0.29782804703934 -0.046265660519541
0.183500876769142 0.0108053365394082 0.312894574086885 0.135624398595127
0.155830671666873 0.178477452538456 0.120998857771312 0.282060654350883
-0.0410892286781531 0.217969178574198 -0.105069651660914 0.245300645417734
-0.223769869319479 0.0862770364101734 -0.077451964909573 0.0123942428915083
-0.22792227701089 -0.0553671873706943 0.360795256596925 0.0305961794810086
0.016116730741261 0.142967797616641 -0.462263114853055 -0.04801735782713
0.122331228981294 0.0329801006044764 0.019287282005717 0.129416851038733
0.0847943691544686 -0.0995381076608262 0.200219569195133 -0.22819681894073
-0.0461057671964657 -0.102788896081142 -0.0453324064207737 -0.405310722085549
-0.0785643675942966 -0.0179462124774053 -0.353528241987095 -0.281007572876206
-0.0439720007708047 0.0153039319986506 -0.418388686195572 0.00277833980802748
-0.0465284470295146 0.0268484500418001 -0.329727935887188 0.175554159551363
-0.046719299047283 0.0246296590397908 -0.243935832711425 0.213388475403959
-0.0314781117442887 -0.00435395793978622 -0.209559536347281 0.226974318226768
-0.0142073724931906 -0.0282831461726401 -0.224157951471607 0.224109246443825
0.00321568461257588 -0.0421953459214981 -0.284645154670596 0.174100129775571
0.0665453591370214 -0.0372319089993883 -0.384975230406653 0.0612036799029448
0.0789086029237206 0.0504783886862421 -0.444614386263858 -0.10009288231029
-0.0136231275425261 0.142273864515928 -0.452358227138255 -0.230181185343165
-0.0960417867251693 0.137419291311841 -0.611490743048855 -0.136893215271863
-0.196420905178934 0.159971573292749 -0.436923960420698 -0.130120641606906
-0.0348751284071474 0.144583794830025 0.0218661898496161 0.110293139944499
0.0636962150790612 0.0797744768237039 0.226633239846289 -0.239810006970814
0.0643555788386934 0.0304950294654762 -0.0213288143597551 -0.44701986012602
0.0507400857166173 0.0149699649803222 -0.348441740811006 -0.320582828024381
0.0732679518232466 -0.0142456325640543 -0.426977665577407 -0.0184906529298197
0.0466171869833315 -0.0590824672074111 -0.325686901883531 0.159839848846297
0.0344864803480668 -0.0661354908705419 -0.229937621703191 0.197495439549053
0.067889057237471 -0.078840123458815 -0.183202729029481 0.221954812610131
0.121284613257424 -0.0321445390981056 -0.19176677117254 0.229900204052829
0.120395368291332 0.0361520415169935 -0.244167491157597 0.194475537746242
0.122700212359151 0.135463638366209 -0.356905979473957 0.105692473565868
-0.0119503721405213 0.214104532280962 -0.431736615823161 -0.0395939896361439
-0.217951402336158 0.193499720527399 -0.408069965077792 -0.141320859962707
-0.345748858518642 0.11837206313199 -0.517445448023247 -0.0751247151390162
-0.390913454571979 0.129956364580176 -0.328194442371981 -0.188798733160429
-0.233803745466055 0.219962565895123 0.068536031646229 0.0980874180202624
-0.0088549245467171 0.267573635095606 0.284785509625639 -0.239487681771905
0.155010615822694 0.204618288924514 0.0376224764158445 -0.477955159418455
0.188708833463439 0.0752113812444862 -0.301287293029197 -0.360425382035836
0.199077165853079 -0.027113749055903 -0.392456765529433 -0.0609446353427028
0.146986228972934 -0.1302128546539 -0.282033305189431 0.116690613637033
0.111219363366776 -0.148948613403135 -0.18474443387191 0.154089100146516
0.143968821467798 -0.152145125222151 -0.121579086661082 0.18805069278584
0.226986179819488 -0.0597041850872666 -0.115242457402359 0.221685585784227
0.231621391506753 0.068714166833824 -0.158098603822349 0.227107932311041
0.217221835160858 0.254294141694394 -0.297911863759969 0.181092796359027
-0.0295927511228679 0.364275756344992 -0.404948871832686 0.051693547746441
-0.345769550748737 0.272175158928952 -0.348786311607968 -0.0599124783975872
-0.533101936101171 0.124002800804502 -0.358804815625033 -0.0139572193830024
-0.529170918422034 0.0628475875192172 -0.143754713572308 -0.202673368087515
-0.428670724790438 0.236967601757622 0.161546122060245 0.100073944522997
-0.128301685491008 0.417878447370521 0.35921945490681 -0.205707247706091
0.195217627045091 0.384160757498347 0.128200230110419 -0.467867621316274
0.301105345264584 0.156052259393398 -0.202826087301736 -0.374778877056691
0.306339123618743 -0.0173229423046652 -0.306052095989894 -0.109475861055496
0.234319994218484 -0.173397017726933 -0.201968009877788 0.0550970516839897
0.171814066038804 -0.208615026229895 -0.112403868261096 0.0897330198104581
0.190032510442018 -0.21040525140159 -0.0404465741970827 0.128537809553826
0.290703928973544 -0.0953611898881228 -0.0165206240241969 0.187662190913311
0.310465711934893 0.0653108300056972 -0.0436501526151375 0.238089429193088
0.305191125037906 0.309537325950795 -0.205603793123191 0.246170539386276
-0.00218403161298468 0.458017994705723 -0.353503710596703 0.138103667527744
-0.393823173749277 0.336110935815098 -0.277963009884714 -0.00968775163161574
-0.630392481660081 0.133231217109328 -0.166704779335851 0.024690267624131
-0.575036529984847 -0.0205888194403873 0.0913407927334549 -0.163557929155528
-0.558015388783449 0.18488975597279 0.284346059250772 0.122265236005589
-0.253943652468657 0.47206210295613 0.427760574679823 -0.13403941407023
0.166881552384482 0.505943903756886 0.226070118238599 -0.396128858532623
0.3500839903553 0.22949393128123 -0.0670603686354682 -0.344753699582035
0.364026060141458 0.00689897531450855 -0.171974815710081 -0.146424965419354
0.285216501025612 -0.18543822173651 -0.0934461599288385 -0.0133537568852369
0.206558976015188 -0.238508994406103 -0.0239100266694646 0.0123135862462827
0.208223632805585 -0.241232497357172 0.0476332513091234 0.0538924236256601
0.308495649226401 -0.12115951792734 0.083674921512575 0.130668999294651
0.33994057827462 0.0498287746243034 0.0710698975222435 0.22271248006203
0.339680227825629 0.318687744447309 -0.102414575129776 0.276280051925257
0.0157736514586752 0.477833068326994 -0.284919349652006 0.194632911942377
-0.39358831742112 0.340343373841461 -0.208866442675861 0.00663179034367472
-0.635981053748152 0.114079016851317 0.0238973684618816 0.0412400890809587
-0.509708643871381 -0.0882484850900195 0.32818137022774 -0.0823043742985583
-0.56241992518724 0.0882644185832506 0.405948359177048 0.161636856034599
-0.325343533596132 0.412155139973127 0.466117060414175 -0.0370240203479894
0.0957693925152249 0.514043386501675 0.301896551321136 -0.279048583392908
0.322596921261889 0.256638264398823 0.0718329904711732 -0.274043858482133
0.351628491397661 0.0296636999894084 -0.0215458838219422 -0.164690871094659
0.28520953106876 -0.167916623220581 0.0227808998143912 -0.0775313323848032
0.209608633070314 -0.232308822944367 0.0676736743622336 -0.0643478457880868
0.203107437579431 -0.236923875387765 0.132925924927492 -0.023909793934465
0.290761466085475 -0.125376748091624 0.175399661383941 0.0688874055792897
0.323602583578671 0.0432109201335092 0.171233677326675 0.194442979989124
0.312082919301065 0.305590088158882 -0.0159866581223439 0.281977311985518
-0.00267746043887453 0.433667769207082 -0.219009901904573 0.219102008732226
-0.370486749983824 0.27827284211848 -0.149005503618612 0.00428920572863785
-0.560451883604417 0.0575236658526235 0.18818018168301 0.0494985797940539
-0.346517324274299 -0.120330712546679 0.522957192209758 0.0141108781233337
-0.436897076088511 -0.00572992996581382 0.494277861428718 0.199140363688577
-0.295209664857451 0.274022964929932 0.469929788530382 0.0541761494292347
0.0327587999115507 0.406014283757588 0.343267426617388 -0.159241809745769
0.237205076815183 0.217015818839864 0.178995743166931 -0.196985395104056
0.273966590748945 0.0359309650754483 0.110576977608693 -0.17021141556433
0.233761573400223 -0.129747772949623 0.124725036349505 -0.13283033397162
0.176987655112818 -0.191989943552742 0.149878343356611 -0.131488205252328
0.174995095951923 -0.197399610531668 0.208055979875783 -0.0917073249855329
0.242316049817703 -0.107054425879301 0.255347937726739 0.019503517299397
0.272227184240681 0.0446404723924184 0.247374513412433 0.175138267736407
0.238094165812715 0.272962401160242 0.043173258045901 0.286324593967034
-0.0467818363232231 0.343359126413856 -0.167979104488147 0.230441637697166
-0.327275052676753 0.173860179827364 -0.100820231777556 -0.00118966281268321
-0.421319473596817 -0.0216757543594959 0.31295213800675 0.0644592897157775
-0.120288294030096 -0.124150599567077 0.638169128336708 0.0925953935951288
-0.224733139972786 -0.0723113543632448 0.534408646443659 0.210837753247306
-0.184321652004656 0.112242060389118 0.45339564097044 0.112178707630722
-0.00599132480432856 0.226808590425317 0.361173421282406 -0.0797529561758494
0.123046052270097 0.128826643466286 0.243723059591711 -0.151446929648191
0.151495831872854 0.0281391138469517 0.195082601174039 -0.178903635083901
0.141996114908993 -0.0738079666169257 0.190099496511997 -0.176328390644874
0.115681109874131 -0.123376591764258 0.208887890435275 -0.177372864350766
0.122294580048214 -0.128833618662769 0.26533391215988 -0.138269890026244
0.168335874014477 -0.0733264185513307 0.320213432682717 -0.00654298273207042
0.194030227276025 0.044774610025784 0.30336496320923 0.180469758485079
0.140150777964499 0.21400893599675 0.0749429665088045 0.305716751591559
-0.0863182918124134 0.220741018790615 -0.139126322916947 0.240763539612009
-0.249556730957536 0.0531421473852164 -0.0731328403971132 -0.000738177109640959
-0.229989149129408 -0.0993369063195522 0.385454390345643 0.0888561831584284
0.0324885140599454 0.139231391981834 -0.471537020391143 0.00824518761126169
0.126503068601758 0.0196825011589965 0.0366006894319708 0.130525332333559
0.0737094303167764 -0.108699133383928 0.178746959637813 -0.252132607463169
-0.0569815447878615 -0.0987216008866854 -0.087910847093877 -0.401672498908476
-0.0805442665008011 -0.00979021068202745 -0.387378739960689 -0.24381640682669
-0.042981167386263 0.0196094371222421 -0.41932870035061 0.0483355027848272
-0.0427425862855018 0.0313563880794779 -0.309934245391716 0.211778551858669
-0.042284306904866 0.0304119665535936 -0.221095953498607 0.2428905651459
-0.0314332101626974 -0.00177700207496679 -0.186302957738753 0.253671643308659
-0.0162434364988172 -0.0269324155693459 -0.201234208348555 0.250238246180621
-0.000991317833807591 -0.0421689741934714 -0.268710676501583 0.206468061076192
0.0636168787144706 -0.0448439770762116 -0.381402632960313 0.10156936518494
0.08457060944699 0.0448275216441172 -0.454845389795073 -0.0565724808702564
0.00204350416597326 0.147881704807866 -0.479517913471369 -0.187291133320395
-0.0803632145232326 0.147724634529741 -0.634188465099312 -0.070964183851874
-0.178693774568014 0.179826565717554 -0.454989993250242 -0.0780919057968008
-0.0196437456148012 0.149838421643296 0.0350507322614573 0.111798204005748
0.0728916425875333 0.0730845409791895 0.204772645496346 -0.265065911597796
0.0701084054032195 0.0225676990672245 -0.0697251610215019 -0.44706855906084
0.0540337007831379 0.00819687507196407 -0.386446898938977 -0.284807181353337
0.0715575335899021 -0.0246190149314175 -0.430413814843814 0.0266947446276138
0.0406695408396714 -0.0652929987180463 -0.308162276765811 0.196093670246194
0.0272268509637257 -0.0695643484059157 -0.210482669270019 0.225581667095808
0.0593485602799549 -0.0867403334118039 -0.160349988080086 0.24361222339119
0.118893808511209 -0.0462584548002603 -0.167225696772307 0.252713536500221
0.125411906274218 0.0239238227834711 -0.226162247588906 0.222453362579232
0.139575546122701 0.122571417093369 -0.348450223744643 0.143955244385605
0.01201561506871 0.21860008821137 -0.437324532767388 0.00565946154096697
-0.199512974357984 0.221617731569097 -0.425195651423933 -0.103401597999575
-0.333429807347634 0.156000754491584 -0.533450517912581 -0.0186258989984204
-0.378058713438808 0.171898838314226 -0.351923254059554 -0.148835505373599
-0.210508559518232 0.249243788429199 0.0802071721592753 0.0951762179149009
0.0217050364505029 0.269340664652499 0.261118605465493 -0.268116004019741
0.182398902451963 0.186041820474629 -0.0144086307935019 -0.483453098201439
0.200157611765176 0.0526127365555588 -0.343062273399915 -0.330832176630833
0.196564541968311 -0.0521502143404701 -0.400189564558719 -0.0195100889794526
0.132972612077549 -0.147679201316827 -0.270638459111892 0.147286797873001
0.0936273835297952 -0.160828080343321 -0.169911211480377 0.176234725710968
0.127023178492339 -0.169143595958299 -0.103014555135737 0.201761796807517
0.222762448807311 -0.0852815453923317 -0.0909233517306547 0.235818412117551
0.240047082012247 0.0433875971168339 -0.13597417960087 0.245633732798215
0.24753257454795 0.229961799913455 -0.278778249216809 0.21402715563456
0.0124543492610502 0.369605804982018 -0.401772701090846 0.0958986449041093
-0.319306638979374 0.31421399793477 -0.357722407049709 -0.0261137657090378
-0.520188118378633 0.18282973684366 -0.365536307294121 0.0248474730712944
-0.523946091024444 0.11884527129037 -0.166863726879601 -0.183780833806092
-0.406319505133079 0.287565875653772 0.172881156735005 0.0880299341977414
-0.0803261654264787 0.433409874172248 0.339397902958331 -0.242566600596829
0.243731272821728 0.361585460042396 0.0776059489248049 -0.48212584439697
0.322893763391215 0.120800401906723 -0.244228089704352 -0.356767996103756
0.306256941299477 -0.0548615412773454 -0.317857374830775 -0.0781741077347206
0.215655137351819 -0.201969950441495 -0.198527837540348 0.0759151283810335
0.145749639760891 -0.228425027757096 -0.104024182532722 0.10171289815107
0.166653861787741 -0.232453697036916 -0.0279738619827609 0.132500115862722
0.28073705480832 -0.129118639489864 0.0042730438571812 0.190593171575614
0.318737314525312 0.0300799414771445 -0.0194643287501276 0.244057141930504
0.343337067047864 0.275017965330788 -0.178433427068005 0.269185485036402
0.0502397680338624 0.459553848502537 -0.339483765860991 0.178805369722676
-0.362019321720315 0.382551744432425 -0.28080121090196 0.0186557879218843
-0.615955835706523 0.203396622926957 -0.167494598490622 0.0409910116493103
-0.577891725101074 0.0408415555175898 0.0737259786911059 -0.171618643420459
-0.54089155325786 0.248691348614225 0.298789927352689 0.0959422032812569
-0.201945906023629 0.502510297398985 0.415082100168734 -0.177397498505723
0.228999662906797 0.488334152351603 0.184387911255224 -0.419912265753518
0.38090145380649 0.189114546354882 -0.103983731123953 -0.340792744968523
0.367375552360899 -0.0363554762463113 -0.188076680216099 -0.130752892914127
0.265898224321082 -0.218692148534252 -0.0971108426104591 -0.00546353863182649
0.177391182618782 -0.2618110241138 -0.0249012242602303 0.0141792243806111
0.181470109643341 -0.264990152085979 0.0520540915245221 0.0462237423031102
0.296264120810888 -0.157203062295942 0.0993082821244252 0.122615285332941
0.347279870485594 0.0128806244313602 0.0955486143171688 0.215160331069651
0.380123870995269 0.280965529953879 -0.0712648473468728 0.288578893638063
0.0698866359794118 0.476576331303615 -0.263578965891668 0.228615168344764
-0.35986784456335 0.387100864334575 -0.20877696277898 0.0279729084207062
-0.62227591478267 0.184868110683046 0.0261476218693997 0.0345807666906985
-0.519449823999042 -0.0327905134723222 0.322592357803869 -0.116770972018276
-0.556164496039872 0.150388677464846 0.424507146108946 0.121476037072618
-0.279004316904628 0.449575626473374 0.463878340610824 -0.0836921400467976
0.158892645160796 0.503544924675117 0.273069601625245 -0.310398828620936
0.355245330415865 0.220589454579655 0.0432874213630675 -0.28433983884118
0.357661580095373 -0.0119978318911449 -0.0377776639291536 -0.165085766677707
0.268531215701417 -0.201710462504518 0.0132363474080785 -0.0834331174250321
0.179461790665421 -0.256226622492185 0.0586585586354136 -0.0739697182467637
0.176431101155417 -0.26002309197457 0.129042671420259 -0.0408576208680998
0.277191506851308 -0.159090035967126 0.185200399091903 0.0506305630261827
0.330064616358718 0.00660526072989941 0.192301357372558 0.175831712795602
0.350644136384693 0.270022005708929 0.0167039631601957 0.285829206112409
0.0456386233523626 0.434647691300694 -0.193728668449257 0.248540321888273
-0.342882321619732 0.320376564943054 -0.148841559563544 0.0198473042065473
-0.555090301105536 0.120822385749424 0.1937058168017 0.0254078917677857
-0.359617953522396 -0.0840958556818845 0.529779800019061 -0.0435718376986456
-0.439399901722753 0.0427864384372319 0.517076758316949 0.149370102439998
-0.264492966346444 0.306166982966514 0.477828240288861 0.00829412228775113
0.081874587681719 0.401542127022133 0.327243906161007 -0.194267520341884
0.264973374815996 0.190663615038771 0.160515800121859 -0.217483236562182
0.281035864815039 0.00414839175774745 0.0944466474422301 -0.185356149225065
0.219730928127998 -0.15625849607499 0.10922634924389 -0.150772503379328
0.152724416791985 -0.212238986706627 0.132625680604859 -0.151542703004147
0.152367517599523 -0.217813406417219 0.197492929948642 -0.117266003385681
0.230341834468621 -0.134876400812982 0.259862701588348 -0.00765123009820705
0.277902872495116 0.0138365184229482 0.267103416807232 0.149495580634795
0.27142767468694 0.245858975204285 0.0762200980633877 0.284082231237393
-0.00950107951658416 0.34886245707681 -0.141808379943421 0.252939579719427
-0.3099114457567 0.210149105548158 -0.102139709262078 0.009261187830186
-0.422273604564307 0.0250169902024995 0.320436786078402 0.0256323925704719
-0.132874520941369 -0.112155865648511 0.654406172409848 0.0207868515624055
-0.232237644436585 -0.047940056688608 0.559298551873425 0.155539285895388
-0.171656833947508 0.131931107295318 0.467927199407147 0.0682870156167319
0.0226836425422462 0.2266676281848 0.355344336654906 -0.115618814259633
0.138541994666576 0.115184026279476 0.231741365655395 -0.178381208057989
0.156113309682463 0.0101917833384969 0.178008476851983 -0.203606139164442
0.133300060049913 -0.0897884703386468 0.171119726534572 -0.200730393832955
0.1001093800565 -0.137162066131735 0.186781004176571 -0.204506481753371
0.10657188191231 -0.143193917271242 0.251016455608896 -0.170465772532279
0.159581138930775 -0.0926127379190664 0.322516246448765 -0.0413825131099898
0.199968447476944 0.0226505380774161 0.323740809190361 0.149097147267516
0.165400935215099 0.198495708169293 0.110557328578443 0.300965620791373
-0.0640938964307373 0.229220198510762 -0.112694278769171 0.259876288679908
-0.244892007210107 0.0804098879639945 -0.0745843703480685 0.00750385123773746
-0.237901294290314 -0.0732454987649061 0.395031555550544 0.0418866873221549
0.044337385953564 0.128998455410461 -0.454833077599927 0.0538719593700822
0.124874207795015 0.00843458460468017 0.0502706387859698 0.12585872779587
0.0612284640380821 -0.110722590407135 0.154168056877628 -0.2588599783973
-0.0631102783739784 -0.0905812832662963 -0.118108916166877 -0.381395506754419
-0.0783078168389092 -0.00297537560092813 -0.395604252582078 -0.204190036790175
-0.0404453389593544 0.021768386823096 -0.401383665320597 0.0821445837638956
-0.0384063864446516 0.0328538097072289 -0.279368636262099 0.231344804137602
-0.0369539847427208 0.0337551218315006 -0.192158274906448 0.255997265552815
-0.0298918918730207 0.000666614120768563 -0.158152968821052 0.263913518055729
-0.0170043783744556 -0.0251582144056622 -0.172756192786619 0.260101624680245
-0.00423104536418357 -0.0398452802035281 -0.242924335026174 0.224251834756583
0.0572738948956904 -0.0485862964806158 -0.36163940918988 0.12992992809975
0.0862466727966332 0.0380463466523887 -0.444424918270476 -0.0199205569887273
0.0154725149464498 0.145361866622808 -0.481445820621565 -0.146251323965874
-0.0641748538277561 0.147508528337469 -0.624290917250961 -0.0140456988395967
-0.156871751042084 0.186945380001147 -0.447134975298136 -0.030997157161006
-0.0058504794482014 0.147743227986023 0.045935048505445 0.10946620998926
0.077504202318449 0.0639827889194 0.177308026439609 -0.273223441428176
0.0718832762903632 0.0143506868039969 -0.104363621133489 -0.424917857947659
0.0540708468511927 0.00239543406992964 -0.398501818664447 -0.244149926341767
0.066150410039059 -0.0317318267274473 -0.413599100269355 0.0618983721364153
0.0335466506107084 -0.0674344229049763 -0.280169986766263 0.215695818389614
0.0206258793569509 -0.0688298938480371 -0.183972961590507 0.237834320774537
0.0497423460941806 -0.0904554816973727 -0.134016056215601 0.251524059292718
0.111825404164584 -0.0560040272814593 -0.140048486979047 0.259242884679759
0.124119180494876 0.0118808065688293 -0.201587819869279 0.235957445791811
0.146719055992176 0.104741642344871 -0.325058634672259 0.168639124522925
0.0317229283030832 0.211284599191157 -0.421332107944023 0.0413568957446083
-0.173600440161094 0.23477816065383 -0.42025921301216 -0.0677504679645869
-0.307741380163306 0.179237022545668 -0.521510469523256 0.026929410916654
-0.349354330420998 0.19720935857398 -0.35422494368583 -0.108398817082188
-0.182228156476144 0.260938152518075 0.0869149287383588 0.0900118740236337
0.0458810116018768 0.258456216886347 0.231790771079624 -0.279655513790686
0.196292554105247 0.161536290789208 -0.054306321881228 -0.464861211609271
0.199849728043553 0.0309060949387495 -0.360530642611743 -0.291578874440993
0.1847949801455 -0.0700193835936838 -0.38821755227828 0.0144375078300155
0.114909549217974 -0.155788847087639 -0.249294314559915 0.165540107767779
0.074546200183223 -0.162436236621372 -0.150062187548429 0.18642471224955
0.107044788211742 -0.175400549506992 -0.083064320443957 0.205336844710463
0.208499317246415 -0.102980288728181 -0.0677457896746737 0.235748899018407
0.236687163569065 0.0210076636329715 -0.112188426942026 0.249669009143795
0.260739500392159 0.199593270655855 -0.251331375533128 0.231106181404816
0.044836470900482 0.355954331615484 -0.379537793999554 0.127371489052399
-0.283347664260203 0.334561010637283 -0.346957236565915 0.00189126683931526
-0.48553783918805 0.221663199697931 -0.355402942070954 0.0530200390246608
-0.495457405405292 0.158654867389374 -0.177025807481863 -0.158566319221915
-0.368107794392771 0.316975176660764 0.175301052461512 0.074819242659235
-0.0384339066827349 0.425497993551424 0.308861724179561 -0.258941300598748
0.271597286100156 0.325123239955122 0.0361224996455286 -0.470777217438484
0.324947288533873 0.0854516650400855 -0.266638264817862 -0.32583074393758
0.290755509064292 -0.0830128397306509 -0.312546558697534 -0.049783116035097
0.190084746981446 -0.215119749414905 -0.186972200209296 0.0893953007577928
0.118710824237798 -0.23256957688006 -0.0934693548612777 0.107737201363466
0.139186355126984 -0.239874961913455 -0.0172154848214471 0.130393064898076
0.260777967583258 -0.15101727674418 0.0216335678587055 0.184092274205178
0.311754381057807 0.00109806772995859 0.000577760553479091 0.238495947730893
0.358953421855646 0.233158472491105 -0.147946066475384 0.275271582765634
0.0911077477197556 0.438082628562489 -0.311915396870243 0.203561949359831
-0.317844233806937 0.403117446751489 -0.268936349111055 0.0396128885609712
-0.574437992427706 0.24996612134073 -0.161571033813553 0.0510236247313416
-0.554568935707769 0.0879328137630763 0.0575709770599583 -0.169276613824337
-0.502728485785123 0.288414280992113 0.296712114382749 0.0726237884881492
-0.148257809600599 0.503061047588183 0.387919697471121 -0.201439612121392
0.268769664324212 0.448204553375957 0.143583655444218 -0.419404122689868
0.387581457481346 0.146497287591632 -0.129167991604038 -0.321761233797125
0.351535761547489 -0.0702579222162708 -0.191536951979783 -0.112367696246949
0.236816819257562 -0.236410208759849 -0.0962530151617414 0.0012864011584459
0.144489467830671 -0.267836146897217 -0.0251695868230146 0.0155340914579518
0.150092711084612 -0.272531511343665 0.0519546848765663 0.040802304513713
0.272717386800355 -0.179065278449099 0.107034288365688 0.110002929423773
0.336820127375479 -0.0189395749894073 0.109927456237054 0.199950043949171
0.394696405627971 0.234935316807715 -0.0420901510456188 0.285185887032633
0.110779988664908 0.451849339647712 -0.233402155252663 0.24692651654627
-0.315800372941829 0.406639764401717 -0.20001971178482 0.0434834887373238
-0.582930024483732 0.232657794184444 0.0262051849244332 0.0280267623292968
-0.504295399122499 0.0115880004097579 0.303493851302147 -0.1393090234664
-0.524939000506975 0.194436928501713 0.420702400059676 0.0855117127213096
-0.228427429265343 0.457279085369539 0.442719812794468 -0.115302223941405
0.203583480843607 0.46943100202288 0.238080606664202 -0.320168150999597
0.365825270843848 0.178785840545185 0.0197956131834577 -0.27958744001712
0.345631379663574 -0.0459323792743503 -0.0497711117168947 -0.158546916387884
0.240933320380593 -0.219280730548514 0.0038956664403038 -0.0845387005188325
0.147412863324542 -0.263165353643973 0.0478499915866118 -0.0782925782580927
0.145668449073455 -0.267189496083435 0.119183432866176 -0.0513992672044935
0.253741667263908 -0.178931634975303 0.184032916443406 0.0320213695320364
0.320723878849349 -0.022735521449896 0.20038369853488 0.153187498626968
0.365000223281847 0.227949224633562 0.0420256882874121 0.274700215058707
0.0819834292968814 0.414081324068521 -0.163785761990486 0.260563597396896
-0.304540814953053 0.340964468317115 -0.141504372791867 0.0310392300252035
-0.521368128004709 0.164450068689088 0.187852912001936 0.00309750670320678
-0.354207863036349 -0.0504149215533929 0.510917112986768 -0.0873619581348706
-0.421015588578276 0.0794702982503818 0.513005908901526 0.103717309877594
-0.228513538486112 0.31824243321697 0.464233300723832 -0.0286211098551643
0.117569949604187 0.377757840749972 0.301848225967318 -0.213428948053024
0.273608929779881 0.159550667625052 0.140204861416697 -0.224902965704078
0.271404210587194 -0.0228403472536975 0.0764879652130586 -0.190832801551269
0.198239854998337 -0.171295253813516 0.0919631101845203 -0.158838794049849
0.125577908248961 -0.218349730172449 0.112617347376021 -0.159043243114636
0.125341574503969 -0.223753554714814 0.178453516514188 -0.131568812991781
0.210465651524119 -0.1513161146866 0.252171274567835 -0.0304638069615023
0.270552678513068 -0.0114918639128608 0.270211690166346 0.121613212679589
0.285610326269288 0.211614446548584 0.0996411124815033 0.268692881832742
0.0202187740897939 0.335592907057305 -0.113896108986377 0.259924369948079
-0.28195520341598 0.230726336360835 -0.0973026003097493 0.0175366316336193
-0.400746033396392 0.0602735821450236 0.3105461093741 -0.00782197098638543
-0.136924791122349 -0.0974548202507386 0.637636410243336 -0.0366210648370564
-0.22760598037795 -0.0266215011690364 0.553148897180926 0.103775597658409
-0.154260626025015 0.141021318015625 0.459382699840068 0.0284665390399355
0.0438855716145745 0.213586118620932 0.335547261018942 -0.140526270855176
0.144569393358887 0.098041863587919 0.211186465682805 -0.192711711484598
0.15292194894887 -0.00412881348263978 0.155631940410462 -0.215512342961284
0.121016426473033 -0.0987044103238335 0.148083493137023 -0.212049669067776
0.0813727757113761 -0.140256038676816 0.159840940637856 -0.215922880503226
0.0884626498736924 -0.149129788942703 0.224663901209316 -0.187369019492548
0.144922023854202 -0.103446810270596 0.310008975830694 -0.0680465396544137
0.195627304758058 0.00358967975192554 0.325777759074128 0.116867211665591
0.178463793266058 0.175810543270553 0.134120818788423 0.282695980938428
-0.0439736401734768 0.225748689588014 -0.0853605689003284 0.263663734336946
-0.229176155089894 0.098826318251378 -0.0713421744246106 0.0129632493489162
-0.232249529988535 -0.0510428440539685 0.384140984368925 0.00111142353160307
0.0483193289805513 0.119459048539381 -0.433212523858801 0.0786506330077764
0.120834261809447 0.00222274213995196 0.0573175030729337 0.120397583899321
0.0524524582431871 -0.109072116922302 0.137220506371096 -0.257187014004056
-0.0650168215520516 -0.0847809826015076 -0.129787084292628 -0.361271786318949
-0.0748212937453111 0.00102388703757254 -0.390386069366582 -0.177871722826917
-0.0383407265207126 0.022726359766816 -0.381822463449099 0.0974180004819779
-0.0357325255698652 0.0329088290473446 -0.254441274580182 0.235191003013249
-0.0321040517063348 0.0340857668565425 -0.171124687388478 0.257993034057074
-0.0289387719260703 0.00121098355256227 -0.137748208159145 0.26453858806675
-0.0166218030630328 -0.0237224640342485 -0.154697523053215 0.25945674975773
-0.00621143582518999 -0.03753990816228 -0.223549168899189 0.228236728345174
0.0526330443097956 -0.0498324206478176 -0.343051851390269 0.141750930582331
0.0856573368245132 0.0338071289726434 -0.427968924737708 -0.00183758685157717
0.023667124849763 0.141568937445006 -0.471358263659825 -0.121614621360759
-0.0547318163649945 0.142997686000272 -0.604107216302185 0.018639592817993
-0.141910726017586 0.185937664014925 -0.430441644718795 -0.00232830735930658
0.00228021427368094 0.143210268397231 0.0516387860368081 0.10633223757489
0.0777069101636457 0.0579099676925015 0.16046420886992 -0.270707411780659
0.0712631597273843 0.00816943614142491 -0.11955560698668 -0.403500210280476
0.0526471130609806 -0.00241450741220348 -0.395489375207698 -0.215918308556791
0.0609422304599426 -0.0348785631544421 -0.394045462756196 0.0787280732807237
0.0277374227384402 -0.0672743658242228 -0.257077717005037 0.220612606704641
0.0161545114145502 -0.06706520187877 -0.164141217483775 0.239649120467557
0.0427987329646571 -0.0901881232413745 -0.116299542143567 0.251078611818031
0.105295962946347 -0.0605626663324235 -0.121860650261457 0.257549367716975
0.120438569064008 0.00564394964795804 -0.183638466298798 0.237937326938886
0.146734182946772 0.0925877906525287 -0.304796651164808 0.177697656075282
0.0420673424949277 0.202248801125818 -0.402681993112719 0.0570801289066897
-0.155175617329781 0.236084324985735 -0.409288457371397 -0.0494610235836818
-0.286139923812199 0.185011560876771 -0.503061585263685 0.0513159199446516
-0.327104465494995 0.20552142928712 -0.344542650291248 -0.0820996823118161
-0.162242872184982 0.261607249135737 0.0899617838767398 0.0871848408575145
0.0584461429476569 0.245091956671138 0.212732402395081 -0.278276469273386
0.199128004754998 0.141562925854204 -0.0721058781028604 -0.443777220682829
0.195325437471001 0.0176073919480732 -0.361790995247799 -0.265181627500248
0.173089157957708 -0.0779415606098927 -0.371948315673191 0.0319287495220766
0.101099876288527 -0.157118369046559 -0.231255618192032 0.171514785481566
0.0622570995240703 -0.159687175305414 -0.134577787812589 0.188471773218844
0.0933383591362349 -0.174741767853484 -0.0705534126782656 0.20347816709551
0.195879780226237 -0.110489218253235 -0.0531622561911536 0.231168673439738
0.229323717036357 0.0077482401409274 -0.0976465452745932 0.246402837902597
0.261757461160906 0.175573078849667 -0.230791483169174 0.234030309840692
0.062557724516165 0.339937099695664 -0.357553224111219 0.14101588444777
-0.256073332235086 0.338311505081553 -0.334427563538493 0.0143611076852512
-0.453861830244881 0.235636393910514 -0.342226437044752 0.0674263750164
-0.469511987465081 0.176135140830586 -0.177308637747371 -0.139908541864653
-0.339134301018125 0.323273817429722 0.173116465763097 0.0694204288387598
-0.0137981585054161 0.408831900900133 0.288287151457974 -0.260257997785314
0.281361971463178 0.294109374638431 0.0134577066823989 -0.45261940946792
0.318893395807611 0.0623428950397181 -0.27208873728413 -0.302435125358236
0.273650181073106 -0.0962313148136858 -0.303552679433633 -0.0341111478425504
0.169607495733526 -0.217898095188459 -0.175980250260221 0.0947106682098597
0.0993126198223815 -0.228460827520992 -0.0852360184325582 0.109965214686178
0.119901318545805 -0.237636342280834 -0.0118720057738792 0.127962958766095
0.24290124516294 -0.159471817808789 0.029217847476461 0.175886545662604
0.300590422577879 -0.0154286260468487 0.0109350514541512 0.230477302612747
0.35735886687677 0.202278969036401 -0.12843600547574 0.271260369897328
0.108359516862505 0.414851751603365 -0.288180642415778 0.212867302983843
-0.286503964800711 0.405940518760981 -0.257138120283344 0.047518272370966
-0.537887544268083 0.265591508744476 -0.155215055504751 0.0558211498845957
-0.53046922473245 0.110890459599426 0.0482337277820917 -0.162965859079294
-0.468924214621179 0.303953520194411 0.289649608468168 0.0606340954404117
-0.115096783483027 0.48841807197488 0.366203910050496 -0.208552657349064
0.284613757554551 0.411541505364748 0.119723783564555 -0.40840573239907
0.381787650544627 0.117949978632641 -0.138876085427078 -0.306011997890673
0.334278275798867 -0.0879760035652883 -0.190135819073978 -0.0999895487834347
0.214753822122379 -0.241514529395513 -0.0937013235578342 0.00540350039749667
0.122294085745375 -0.264392535151944 -0.024548633638666 0.0167272532355044
0.128268584245218 -0.269227756752399 0.0501598906556721 0.0374463993640802
0.252068149415084 -0.187055600598495 0.109039999223672 0.100211151918922
0.323604290265275 -0.0363187569825425 0.114224594005855 0.187880969920784
0.395084380992218 0.202636293310234 -0.0265990525294792 0.274881716624606
0.129188086211613 0.427009230881999 -0.210380488059883 0.251538430065485
-0.286088346378795 0.407567387978296 -0.18953215859733 0.0501870076880695
-0.545134647534523 0.251217736458142 0.0241858016476507 0.0224312650915944
-0.483428288662942 0.0348589970900246 0.28626632221516 -0.147442936244849
-0.495753116458768 0.214928617175716 0.409191370210803 0.0659228272009603
-0.195193563527515 0.449689795436125 0.422249667569233 -0.12817539759087
0.221749799459378 0.435701248880645 0.216217114206245 -0.316688529932843
0.362179729013556 0.151525055281511 0.00658225805779306 -0.271900900937369
0.329390606859499 -0.0636162054033771 -0.0548706678176408 -0.152702633041193
0.21946479280953 -0.225292050382158 -0.00185453683496733 -0.0828512003532461
0.12527169016114 -0.259366979805503 0.0401278462692326 -0.077063131969675
0.123690594078159 -0.265485718689491 0.109361454376075 -0.0544823510777787
0.234135989063153 -0.185786429164063 0.179734862585804 0.0210001068089435
0.307037629140569 -0.0391951711731434 0.198681486149675 0.138671294152488
0.364737958948091 0.196914973771958 0.0546589937260124 0.260970458380143
0.0982849246592783 0.391209147671839 -0.143007238067542 0.261307219305466
-0.277013685432694 0.343522252607799 -0.13461504798751 0.0352823198249127
-0.48910721417431 0.182170371995617 0.178114207248771 -0.0103388315105911
-0.342611490070214 -0.0324772253455314 0.488735707053046 -0.109168350833051
-0.400803870472371 0.09738852787517 0.498370763171748 0.0774987492095936
-0.202427163427761 0.315141929789059 0.44622206294488 -0.0467134601673955
0.133575991926849 0.352479802005961 0.282905247857144 -0.216946229830604
0.272709996662333 0.137568158857619 0.126694896272532 -0.225017695745481
0.260366666838848 -0.0374153779553944 0.0645684677260954 -0.190298966277542
0.180651465504464 -0.175803874200933 0.0790201949148496 -0.159478145239277
0.106044667886564 -0.215125345716025 0.0978757348121617 -0.160043998227501
0.105825713075053 -0.222413808109246 0.163298013526665 -0.134871375536024
0.193215334170912 -0.156025309872952 0.241232822032438 -0.0435469128511618
0.259462155725051 -0.0254306193209446 0.264633865198312 0.104461640017915
0.287659501011064 0.186298811882854 0.109001519734897 0.252912262432059
0.0344837624107927 0.320906768427436 -0.0939093875296994 0.257502466567727
-0.259589624938528 0.235836256798007 -0.09320955208914 0.0204352486108925
-0.378461117195059 0.0760197175510153 0.296482902953084 -0.0275238786321525
-0.13534015211121 -0.0879670522683274 0.61168459944673 -0.0673604008294065
-0.219142735318596 -0.0150115420286532 0.538542115344762 0.0749342606651392
-0.140671958167773 0.140740915662865 0.445296942454836 0.00805879478166419
0.0542904460468016 0.200199178400191 0.31688378521351 -0.148848032594313
0.144889043844589 0.0865953717137479 0.196353897575084 -0.196337700969011
0.146819069908837 -0.0122444616262992 0.139472400598246 -0.2183070227096
0.110486038421894 -0.101251183256046 0.130739145561962 -0.214616702636376
0.0689316821130298 -0.137904000331001 0.140434682009763 -0.217095647775987
0.0753660597641516 -0.147602353167244 0.205855886985655 -0.191541131486596
0.132514170500241 -0.10610638337384 0.295273055633652 -0.0822340344420749
0.188019906513818 -0.00806481554067271 0.318378576657265 0.09712534879329
0.181622410522457 0.158627275124639 0.143526511014922 0.264963650986792
-0.0319806092788619 0.219263270934282 -0.0679534917985262 0.25875415736994
-0.214723325492787 0.105093983384143 -0.069374797984645 0.0153677183841049
-0.222355984484277 -0.0396657618474947 0.367824421201387 -0.0221847010358572
0.0497410349990703 0.114132662462508 -0.420428927630779 0.0924088912052523
0.118171245769257 -0.000478532038864792 0.0626123095335598 0.11841377585869
0.0483566434527008 -0.10699619819079 0.131113203394671 -0.256313615794397
-0.0662062116865909 -0.0820182850979342 -0.133488400247695 -0.351941740938947
-0.0729289547877917 0.00244758781093942 -0.387716825275191 -0.166324388613615
-0.037529645420639 0.0228865858636648 -0.372902780212364 0.103316760193074
-0.0350276503949868 0.0328756714150973 -0.240568351100261 0.237248876001201
-0.0291901368705832 0.0337446691799658 -0.15911806559975 0.260007858976634
-0.0279056288877323 0.00167973790605987 -0.126586479167114 0.26613120583529
-0.016098773510986 -0.023696223238558 -0.146038088460427 0.260633413068259
-0.00659324695042076 -0.036214569171979 -0.21390113313453 0.229812007549648
0.0501901593673782 -0.0501924786722884 -0.334100845821243 0.146997163958457
0.0860270936386941 0.0327067269197159 -0.418711624512254 0.00579278644361858
0.0280000000177206 0.139733988947502 -0.467417971151805 -0.112643042332406
-0.0507636176541863 0.139513866062098 -0.595416390583274 0.0341200978488598
-0.134824758192066 0.184458063892766 -0.420613645870973 0.0133304255402846
0.00616337154657583 0.141688291557904 0.0570486026675243 0.106336006091677
0.0778354099468099 0.0548369208420552 0.153696112760813 -0.269549968508155
0.0704649928493581 0.0034914332230652 -0.12428655307511 -0.393000022648053
0.0528048677710593 -0.00479387778896882 -0.393944385728917 -0.203769679677481
0.0576488190104107 -0.0363657610316689 -0.384464462097716 0.0863489990180994
0.0243588710128155 -0.0675053113743316 -0.244877668077256 0.22365643158689
0.0141216212093392 -0.0655222018868377 -0.154243796587554 0.241701977482828
0.0388795242835979 -0.0906084936822148 -0.10704580479147 0.251919757655038
0.103243908311912 -0.0633181469064525 -0.113900576164424 0.257075730741471
0.118355908050359 0.00213049979602157 -0.176105590210497 0.239700992097091
0.146503443541366 0.0865517379189253 -0.295212921602817 0.180632946510703
0.0471430755903068 0.197315015434882 -0.392720265126944 0.0649512403526373
-0.146375439044364 0.237711628602745 -0.403702655048073 -0.042663630584704
-0.275412264386493 0.186526844805856 -0.494138621405406 0.0631677614375391
-0.315938183475311 0.209523946562563 -0.338717124278923 -0.0677080474822663
-0.152274911747787 0.262846374094185 0.0933466331026821 0.0877526391564074
0.0644142997437129 0.238066092559796 0.205601671992167 -0.276987475288082
0.201090756221519 0.129862833406188 -0.0795666670216816 -0.43307516900415
0.192783213212835 0.0096459239953202 -0.362135789710884 -0.252782087470518
0.166183349382176 -0.0828158802871012 -0.363991600363155 0.0390859388433401
0.0935040773469624 -0.157667962816463 -0.222649021697585 0.174336776823041
0.0557470195518894 -0.157350462787486 -0.126933247489754 0.189932335052229
0.0857646627776043 -0.174426806436283 -0.0634171296601559 0.203572374187525
0.189652583494982 -0.115263953311338 -0.0458926482196628 0.229059461423276
0.225918540147027 0.00120117815537033 -0.0907576829832131 0.246823707795604
0.262754761842443 0.164387299480565 -0.220399556399451 0.234545037643371
0.0704102234879748 0.330710282915373 -0.347036240553797 0.146320756714849
-0.243873726540775 0.340838969084963 -0.329383888727518 0.0193066407934784
-0.43729852705934 0.241129439525133 -0.336617451847142 0.0744664092700291
-0.45698009697012 0.184561923349659 -0.17593063842635 -0.129977735393703
-0.324301305280706 0.329475524546476 0.173779224752628 0.068399337727687
-0.00178874448814112 0.400100484487999 0.279846487510833 -0.261131828578837
0.286792404063843 0.275978556428309 0.00536377976361772 -0.444086659399331
0.315720331766523 0.0498232081755184 -0.275803806090569 -0.292337680328005
0.265461739068955 -0.103936629943146 -0.298881983833579 -0.0264533337673326
0.15915855131646 -0.21954451546274 -0.170910607130685 0.0980025988723881
0.0892313760676181 -0.225811706128598 -0.0812989442061113 0.11117469008369
0.109327357612941 -0.23728675213487 -0.0085933833170264 0.127983538468454
0.234638260842739 -0.164075467132704 0.0338332412837089 0.172236506763404
0.294884131082314 -0.0236518384202387 0.0154855086568534 0.228226698440084
0.358386994042811 0.185871421329978 -0.118938731008207 0.269042047743341
0.118380082034422 0.403240175374795 -0.276416196963591 0.216811590079189
-0.271338726555576 0.408281438871444 -0.252111583751778 0.0500352695303494
-0.517167600364964 0.273118029055423 -0.153589061027888 0.0568491279981574
-0.518177288061022 0.121039302715074 0.044569705543114 -0.159250925606396
-0.452356785537688 0.312837582774808 0.286664385545891 0.0564492842172069
-0.100395287066698 0.480656691383863 0.35750885098869 -0.21047986396009
0.292654939385377 0.389595140704722 0.11027573070521 -0.40203484098456
0.379175756831675 0.102407775683583 -0.144447864453544 -0.299245179637151
0.32530738606748 -0.0967402625171487 -0.189203359178729 -0.0952814243933474
0.202586877517922 -0.24378946440059 -0.0933911940199043 0.00614697683193555
0.109143832062156 -0.261066323332236 -0.024272970844556 0.0173596699747079
0.116458086320832 -0.268608073629697 0.0490869182911185 0.0373992461850763
0.242974961819387 -0.191493796505435 0.109931124132753 0.0953587158281965
0.316714603300843 -0.0454496821693897 0.115557282523615 0.183268951587553
0.394453103526975 0.184535437712034 -0.0181674247615767 0.270105729802291
0.136265348781509 0.414461439580904 -0.197752443994898 0.253530164028809
-0.269799425660879 0.409644434253448 -0.18534011206778 0.0512955406120185
-0.525001054477622 0.259253425774875 0.0222412756787764 0.0188044844358864
-0.475545450360874 0.0468951738983917 0.277897274387296 -0.151836817941902
-0.481574375097282 0.223751587128946 0.403697049582424 0.0575624555787218
-0.179352503440211 0.442215423619124 0.413483031877806 -0.133667992331412
0.230553535269686 0.418071621196592 0.208434212720953 -0.31481671271508
0.360963056815967 0.136144968056152 0.000778372333309565 -0.2698683443876
0.321722122269787 -0.0729690680824452 -0.058144065986527 -0.150448472195855
0.207763085228296 -0.228269134676192 -0.00524477829147493 -0.0832088751456823
0.111988028650916 -0.256352581179215 0.035786822580898 -0.0772351421098722
0.111144043033977 -0.26348944643123 0.105064830563397 -0.0553497452439918
0.224646487195357 -0.189247560034572 0.176805586219841 0.0150693542226773
0.300016481678336 -0.0475282813736459 0.198155300074583 0.132356366731561
0.365520016271135 0.180645932527531 0.0607449771798603 0.254212436395657
0.106518866761467 0.3811886070149 -0.130949980686084 0.261438896542723
-0.263266216771433 0.346070491496131 -0.132251321139546 0.0352877495494722
-0.47237827893707 0.18961093004314 0.173127523484666 -0.0181338182563989
-0.337364336865635 -0.0227788470887913 0.477932880123224 -0.118833909969265
-0.390289380624507 0.105198579764188 0.492096301179059 0.0653789486157941
-0.189247395216955 0.312439504237448 0.438063291145747 -0.0543470521041846
0.142043147708878 0.338420427775993 0.273365853131295 -0.217684117470715
0.271943213885791 0.126625688379193 0.119742393979169 -0.226477271279242
0.255126172112604 -0.0443227852485086 0.058513183083059 -0.191187768144584
0.171786207226285 -0.178348189125848 0.072516127917783 -0.161440946545921
0.0951143515701707 -0.21263839501505 0.0901532469651265 -0.160814567229434
0.0953362449635827 -0.22095618845708 0.155021430363601 -0.136359712084971
0.185206729718345 -0.1584618720617 0.236103399569162 -0.0504024579905328
0.253951744610104 -0.033781321256136 0.262060081655452 0.0968302059595896
0.28885114972657 0.172108682171416 0.113871959237286 0.245518959822977
0.0416246167157858 0.313950273333205 -0.0840191779634568 0.256474047788375
-0.248908905660747 0.238240954017063 -0.0922823553067996 0.0209746278743804
-0.365808395575508 0.08197084256606 0.287581661097712 -0.0385634251033772
-0.134902719677047 -0.0827256405624399 0.598789225199944 -0.0830504286454433
-0.214696890923699 -0.00958325555361086 0.530362033435042 0.0604767647325317
-0.134686005459867 0.140721854670783 0.438444103116975 -0.000562190855806876
0.0590122382947322 0.191225125937049 0.309097741044969 -0.151988909146349
0.144766758162989 0.0808473250335734 0.190864808961152 -0.199589195449016
0.144617469566865 -0.0165943358367399 0.131193052637381 -0.219806149804859
0.105597398626479 -0.102494852401594 0.121030412231463 -0.218069770919031
0.0612719877549523 -0.136207483140299 0.129571578504504 -0.218108376252287
0.0673297725457234 -0.147012552502833 0.196146324735342 -0.193847255414608
0.127348502665595 -0.107412077871215 0.286540552953573 -0.0896189739805913
0.183750634765805 -0.0136341733512694 0.314731920910615 0.0882973632627576
0.182611804551031 0.148488674420989 0.147264062340249 0.257798099630214
-0.0275763551689104 0.216150310592838 -0.0590394528071772 0.256200497362276
-0.207713402966531 0.107863138869899 -0.069063262704854 0.0155168383249164
-0.21606174136069 -0.0352927732688019 0.357165740967468 -0.0356218996290327
0.0979870124065762 0.0852866991416295 -0.333303042545969 0.272647981451807
0.106702565519599 -0.0524400098631475 0.114945283525166 0.0751496803480741
-0.00524011349504563 -0.11461090884711 -0.00107676935501029 -0.29433919494722
-0.096616909319605 -0.0394824620137604 -0.284619561763629 -0.258831222099754
-0.0617144558445471 0.0390025450568711 -0.427828010503522 0.0310189837037914
-0.0214816646270929 0.038862901934264 -0.288678780819552 0.263926968224331
-0.0171426009901489 0.0451279302200547 -0.108708543544065 0.32381387732294
-0.0100639649255509 0.0419672076498145 -0.0228047828016413 0.307556228978114
-0.0262647956159328 0.0138548630693493 0.00993805633744253 0.299587093259986
-0.0247305921357068 -0.0143868323514132 -0.010843008404173 0.30279425385479
-0.0222225534293616 -0.0281667896960745 -0.0863516624999311 0.303341022602879
0.0181570850334043 -0.0637042713170498 -0.230382505510471 0.283407772308084
0.0904556531571235 -0.00939808651111209 -0.374098990137853 0.192905593181978
0.0858655551792462 0.113022376823234 -0.481567471166063 0.104699713606932
0.0136607107907783 0.15351643305074 -0.534066301932055 0.292229517167472
-0.0410474266924307 0.22822267471511 -0.369467960687257 0.208079232225009
0.0660418391199244 0.123137104599458 0.107575147343847 0.0719075496851761
0.0894273177297715 0.0178051319198989 0.0230109322837043 -0.315173698439843
0.0603684028540801 -0.0236686865898555 -0.287699878970152 -0.303666284027634
0.0474291919502135 -0.0219969965398425 -0.449601474091541 -0.00530209837095371
0.0386815158703047 -0.0567433515234824 -0.306608334933532 0.250749126456898
-0.00915525518419579 -0.0707006981832618 -0.118607404329635 0.310401426740108
-0.0135718669171472 -0.0677563238207018 -0.0255333993016129 0.289741836835281
-0.00546133520706272 -0.0999045340672233 0.0234495584901879 0.277609486306506
0.0671079072379447 -0.104819760371624 0.0197075201800416 0.287046403884179
0.111236383776057 -0.049993895415465 -0.0485796333201279 0.301266265089725
0.16643493748504 0.0147972729238833 -0.185026072313987 0.307975525907211
0.128073131314397 0.160937380494864 -0.330387441500537 0.235551395084641
-0.0294190633328755 0.283567554973633 -0.399381704944868 0.130929912153017
-0.170787002971922 0.305654306228358 -0.431569536715787 0.261052407816731
-0.197299343932186 0.326598125726078 -0.332857315816929 0.105098060509574
-0.0244547820797371 0.298710832084591 0.134989728385636 0.0440026624777988
0.153786780060038 0.187008566530298 0.0755989787147028 -0.341439917336849
0.228072067125902 0.0298447742313 -0.256199759991615 -0.360584637738285
0.178206003599992 -0.0702532053786543 -0.440655858034146 -0.0694434217335469
0.115370841485704 -0.146150613490044 -0.308932818397978 0.196074126624527
0.0132237998175103 -0.182439120050056 -0.120779746494951 0.252485836045201
-0.0160947494362443 -0.168935423001586 -0.0242113762138645 0.229721839948578
-0.000452498817439732 -0.197108176643845 0.0411252187336088 0.214836100061261
0.122936545556551 -0.190965341914176 0.0700624522674635 0.231018474143186
0.210562204561415 -0.0993715931727919 0.0324281067912192 0.274306546005671
0.307642858886525 0.0308684254400048 -0.0945394948695805 0.332701728600672
0.208101545741431 0.274268749095286 -0.256137510190519 0.291019485977749
-0.0718188713521335 0.423331792057038 -0.309444856776194 0.148926823499369
-0.293492169533181 0.430737465134488 -0.28443169981941 0.190279039375249
-0.338071659634448 0.360921947562343 -0.217159386579543 -0.0188958274930322
-0.152528250404485 0.42977768185473 0.19910297842015 -0.00404625255860732
0.162261134483996 0.358991969570478 0.157284988420391 -0.353705799769116
0.365113013021404 0.120728022697332 -0.176073840690198 -0.407614273084175
0.303796380958238 -0.0878821542008739 -0.378639321531187 -0.149295079092426
0.194727997540014 -0.209439584281429 -0.279819855971702 0.103500775456435
0.0446006802817545 -0.266355655357004 -0.108543919571499 0.156212704891142
-0.0153288905952233 -0.246105913128333 -0.0194391969871055 0.136752591680274
-0.00663756943962126 -0.264414682822403 0.0568883327530642 0.121150095057397
0.142223639140364 -0.255950385414892 0.117697038164738 0.14261794438083
0.262793203039217 -0.154637622805832 0.120763228705782 0.211832320481901
0.405928340434903 0.00756655055875116 0.014649429356106 0.324753896711277
0.286376659175448 0.320403176159868 -0.162477712769591 0.326469662857753
-0.0664039332248782 0.498161164362256 -0.22918074646677 0.141253608620358
-0.350382825946437 0.500645291184331 -0.127757939877103 0.0872231881677798
-0.422684176946528 0.328008939265386 -0.0335899016336016 -0.141889241368415
-0.276551236940364 0.470066706291566 0.293490610293679 -0.0622567841410054
0.106919250243719 0.47147779984523 0.25103085230119 -0.336877335918023
0.421051690297449 0.218838390504387 -0.0566067039034832 -0.413666577697315
0.381870595932496 -0.0702799572579651 -0.259197772141527 -0.217757833882479
0.250656584130773 -0.230598471010056 -0.210698184928473 -0.00912318893133615
0.0728667607624873 -0.308306345604798 -0.0793901776658724 0.0362096906872095
-0.0133882770207787 -0.286590616914776 -0.0111405049973519 0.0256974138240684
-0.0137892454321413 -0.295298600042387 0.0665004529308053 0.0116207377119473
0.137449806202927 -0.284239610636874 0.151578045385892 0.0373085549910733
0.273473267675688 -0.184646414549008 0.190531341957533 0.127723021432094
0.437829379864147 -0.0114705520993101 0.107388939174042 0.282500483786465
0.308589880513508 0.323316143071788 -0.0751684654502145 0.325046052728241
-0.063213547393107 0.499298008608073 -0.168950204859553 0.113444143290899
-0.361721346223853 0.489306392093849 0.0166715112414638 -0.0258408173771136
-0.419058536811721 0.237337156528131 0.179235474123784 -0.240783705788844
-0.341119516227721 0.399691906893269 0.396315527433657 -0.114474695069988
0.0199608877679288 0.469519130815836 0.332810139713453 -0.289244911360111
0.376048673275534 0.265923456153495 0.0705397309165793 -0.375516562094924
0.378508591843248 -0.0331268809766246 -0.113267981217912 -0.257631190489484
0.257259887118567 -0.208800228012019 -0.11895602580513 -0.119450112851602
0.0855457889069429 -0.296612266115539 -0.0413819895029153 -0.0857674477894506
-0.0101732137999607 -0.281960263527557 -0.00212576563495412 -0.0877051957416964
-0.0161417847970171 -0.288121235136668 0.0728512996628316 -0.0976531478741283
0.121240912012877 -0.274262329841077 0.173933308843877 -0.0663029497888767
0.257331448138948 -0.179531260674442 0.241503018329709 0.0428991224038184
0.412040748461429 -0.00429635724250017 0.170418306438754 0.231561189340958
0.265539450974084 0.307066911658866 -0.0106680258337781 0.298806098627221
-0.0846643411014396 0.436188749267715 -0.123942500875065 0.0778293783537395
-0.342269474365598 0.397466392797135 0.14000691349266 -0.123856934182617
-0.322674918923023 0.114083990978903 0.375609305935566 -0.30731061750319
-0.311358521864838 0.253397921000417 0.474399565749649 -0.152052729294656
-0.0456045720639297 0.35511271607573 0.383171954273275 -0.230280329747552
0.264064276242174 0.233233391347844 0.167876842235125 -0.31546338517753
0.294413798429955 -0.00478243291446714 0.0128251500626842 -0.269283624620737
0.209492371342038 -0.153823080100895 -0.0325848176641081 -0.207415954577796
0.0754412558333373 -0.236238150659889 -0.00857739466141466 -0.190648294018493
-0.00678350758806469 -0.233986913692996 0.00658387859077082 -0.18762036763471
-0.0119659710959163 -0.242686102745069 0.0803216661570708 -0.194422251036326
0.0995010732038715 -0.22764626260652 0.195115759872222 -0.152074314550924
0.220946626130722 -0.145718042678279 0.281726201762692 -0.0198884914583367
0.339432059014561 0.0250379309274734 0.212293107198292 0.194023985289829
0.175263328176317 0.27515488372161 0.0302826471437128 0.270806773001042
-0.120139416242671 0.33057961547357 -0.0886598143568537 0.0469380654236324
-0.296514863448878 0.247338421671482 0.239971630261135 -0.186564538261337
-0.164617069562487 -0.0258407335947346 0.503708813406344 -0.337938402363858
-0.202954754379013 0.0759238100662767 0.504914754779977 -0.177671539000452
-0.0672226992183367 0.177802849721159 0.398216299882521 -0.187074987178488
0.127574958553824 0.138739172061556 0.221132874009933 -0.273961603123602
0.161147824178504 0.00962507311259865 0.0856219730718886 -0.272764056221694
0.121435978578669 -0.079362298030786 0.018285670658558 -0.263735523186214
0.0491842182425407 -0.137919074795329 0.00904341530327911 -0.260797092141061
-0.00462736718585064 -0.148874268523307 0.0148087613972585 -0.258171799283702
-0.00386857447912588 -0.162583100858942 0.0883920761120089 -0.264500603873976
0.0686828532111334 -0.154836723402306 0.221216376780824 -0.212712333176648
0.164715525579976 -0.0966878057053964 0.324333150200237 -0.054232988243186
0.233327608027738 0.0524318714325432 0.245283235743387 0.182818544007322
0.068819361756457 0.215522544796586 0.054723484090233 0.256645807767753
-0.141160026883003 0.191410597833792 -0.0634013575267709 0.0344575041943553
-0.213143839887835 0.0663098871415257 0.309059857209535 -0.204699208053649
0.102528702861301 0.0808280750705765 -0.322536053243257 0.296124691168463
0.106965339241417 -0.0584569933525877 0.125032852443363 0.0701370855278308
-0.0103753183369573 -0.115723397059739 -0.0134548479377865 -0.303139917543176
-0.102318948182341 -0.0353271514383837 -0.303907827845473 -0.25443127258344
-0.0615089687882556 0.0423085529765106 -0.439069768345742 0.0521735766568077
-0.0207577039212784 0.0402462396342499 -0.283539777674434 0.283713160745495
-0.0159884878751339 0.0466340767855319 -0.0942067528958224 0.334840978700538
-0.00772789821809917 0.0424155772110233 -0.00461759182077318 0.317192021775036
-0.0263727539089503 0.0153816790610263 0.0279710829442047 0.307134742067563
-0.025863931598478 -0.015193912982136 0.00479959074171631 0.312798389381198
-0.0232759941970019 -0.027288488596806 -0.0735833030971909 0.314601553082078
0.0152442753222648 -0.0651432439453277 -0.222573314551206 0.30069455074712
0.0933075205919971 -0.0141476367365157 -0.375556742380288 0.211923295442168
0.0948139323940003 0.111855579897563 -0.490855020488419 0.12743204012502
0.0206099326460331 0.155652721471946 -0.533535659636566 0.327657193188724
-0.0314888504846641 0.234478343620292 -0.363361437849548 0.232770817381411
0.0744991542837473 0.123658275172727 0.117836506854196 0.0684754117897236
0.0930006763890135 0.0135842647631513 0.00983541517596921 -0.324678105056236
0.0587989907195831 -0.0295984086941776 -0.307718309220603 -0.299196597472768
0.0466175062599982 -0.0269753175931244 -0.463001291648849 0.0156773335632033
0.0357353038312468 -0.0609391306771006 -0.30209708876524 0.270761467090238
-0.0137819128887928 -0.0717196638809212 -0.105142228228715 0.32211979582317
-0.0176455765460079 -0.068627557289604 -0.00893389578713219 0.298305203460855
-0.0116997325942102 -0.101899797073904 0.0409173011980196 0.284395643274568
0.0635102037560889 -0.113067394986433 0.035391376704123 0.293894840443516
0.112133535115767 -0.0561707655204067 -0.0349489259946028 0.312290165892603
0.170706687054703 0.00608415390344828 -0.174306881535708 0.324451515226214
0.139119601120642 0.158243287708816 -0.326344337543877 0.253932642485935
-0.0152628256971046 0.292876355134527 -0.404425418204821 0.150699421120695
-0.160049330002731 0.319777003503344 -0.430154142988512 0.289314303251807
-0.186067739458077 0.344020623987628 -0.332847340106752 0.126113466379624
-0.00899128888244445 0.307260359447452 0.144595436610294 0.0403902212538422
0.167354896416028 0.18194247166286 0.0633019508603068 -0.354462293295763
0.233021115036702 0.0149876077273016 -0.277459830894007 -0.359486439419493
0.177394933475387 -0.0840664293271076 -0.458887238183207 -0.0510752201022874
0.109802435473615 -0.156366074792635 -0.307039488063838 0.215223229275943
0.00221429684647758 -0.186488207564219 -0.109358374295091 0.263349082728621
-0.0258477470344421 -0.170758516331053 -0.0111059238884171 0.236863851332961
-0.0125190988274464 -0.201386728009159 0.0552820201895256 0.218721882347503
0.115911073117205 -0.203918803009884 0.0837849210181923 0.233562453061944
0.210108223993514 -0.112644120911625 0.0469795400674887 0.281559252466621
0.315199147887739 0.0141978354199889 -0.0805734362309175 0.345005247204844
0.226794152840992 0.269833227872545 -0.246186007237258 0.308818303953593
-0.0503232533749849 0.438621433160607 -0.312721463464405 0.164664203221655
-0.278355142343013 0.453861875457626 -0.283688690962567 0.209026098266912
-0.328790621880864 0.387892947563156 -0.221314732541974 -0.00674225860559057
-0.133472110034158 0.448362610215932 0.207344701545808 -0.0113999770772543
0.184162094214837 0.357398290246004 0.147286900967784 -0.369571173503537
0.377877427258566 0.0996135304993161 -0.198168168138889 -0.409967441993243
0.305525556144088 -0.109096878143454 -0.398449405002311 -0.135057329254598
0.188384685845789 -0.22540815426665 -0.281253273937643 0.119306168380414
0.0296656335885811 -0.275130898328074 -0.102837435655458 0.164737801942177
-0.0304671912731711 -0.248303011557987 -0.0124479496852355 0.141697689335358
-0.0227885166203326 -0.268935852599982 0.0660321005931963 0.122190942218967
0.131481962305095 -0.271293915553122 0.127643172773591 0.140984192540341
0.26041280550782 -0.172043453635072 0.134930703618845 0.214374561565773
0.413797511136049 -0.0167118140109816 0.030643014750081 0.330497698982991
0.307505103411067 0.313716997384873 -0.147530653507849 0.340585186820996
-0.0415787090070199 0.514292501419038 -0.231899410511128 0.154479593406716
-0.331261616987815 0.526283118756964 -0.129392128010311 0.0948165915064709
-0.415469171563033 0.355596376182558 -0.0401595462986009 -0.142850274844343
-0.259910040251766 0.494198759267921 0.300441917325819 -0.0758996037927631
0.133481620078157 0.474945249047321 0.242280722603923 -0.356416454361014
0.438678605901005 0.195964026256408 -0.0753952856955886 -0.421316310258787
0.387146488401679 -0.0943160359149701 -0.279695499657683 -0.21134235327808
0.244131007323515 -0.249988325964631 -0.217237851526952 -0.000207068217021972
0.0568797624644357 -0.319559211888826 -0.0800368611685321 0.0407149762932387
-0.030190170886417 -0.289317829832777 -0.0111265384273948 0.0271354711050046
-0.0314215863931063 -0.299786444111128 0.0696561222147259 0.0104395459378183
0.12565040207677 -0.299975388791544 0.156156590604332 0.0309382136875852
0.270321274500829 -0.203718541958895 0.20293877466752 0.123448745799251
0.446682326989082 -0.0383516022880645 0.123384217938853 0.282977158681229
0.331667100219823 0.315274655829219 -0.0577871586948711 0.335315546339614
-0.0385420494827467 0.514541418398513 -0.170389437031831 0.12427543020326
-0.344390750296076 0.514078740284555 0.01132786962429 -0.0288535645968281
-0.414066027531246 0.264817273299681 0.172628630707475 -0.254785734912555
-0.329350526030633 0.427250907382727 0.39986906091082 -0.134238417144119
0.0423962403401526 0.477364481052448 0.328304969511941 -0.310579341394607
0.394934815841453 0.249164837398185 0.0559614045293193 -0.387460718463393
0.385785320218241 -0.0560378906229095 -0.131443689961749 -0.259838458661971
0.252660519113469 -0.228258137617565 -0.12833416539413 -0.117348194206907
0.070311470339069 -0.308857179187008 -0.0487588583210343 -0.0876009035844061
-0.0266491928428492 -0.285053883678567 -0.00808899278566311 -0.0897515101744919
-0.0345059930293438 -0.292591101558829 0.0697487651629854 -0.102374096051359
0.109573796457911 -0.287387920442223 0.174219438770981 -0.0765847398703239
0.253030053050314 -0.197374121518027 0.250537181403581 0.0347242874832529
0.419642158727706 -0.0293661431352375 0.184442185435655 0.227770131916262
0.285970236267775 0.300815529552567 0.00653729050835465 0.305646093690978
-0.0650252978595381 0.450174024371713 -0.125553088983896 0.0853399466995594
-0.330588676058197 0.421259197228464 0.132858108264184 -0.135786141648432
-0.323514682016935 0.132973204054166 0.367410175002573 -0.332304715461275
-0.305685957015005 0.274494240176366 0.47748754912129 -0.176218240119211
-0.0297259484223158 0.363588903574223 0.381586835209855 -0.252473491512989
0.279794444633061 0.221148296523441 0.158128904084411 -0.331144472704298
0.300871483457068 -0.0218653437465157 -0.00127752403252339 -0.278442925451888
0.206052572582086 -0.169898558425995 -0.0446293732907541 -0.212415502499018
0.0637359742073434 -0.245572484740226 -0.0208786718322012 -0.197075242867018
-0.0205207234515114 -0.23593242413006 -0.00517609408184043 -0.19248962979005
-0.0275966851793439 -0.24544822963875 0.0715080042342316 -0.202342019011433
0.0892977983568952 -0.23853742966305 0.190753091437761 -0.166356101622726
0.217382826190959 -0.160871096485428 0.289146035656333 -0.0314303093113379
0.346654244260961 0.00459721976114303 0.225361845146734 0.188362421477441
0.193821851197563 0.272726519632436 0.0467820229094418 0.275467390544882
-0.105434001204788 0.343736641085763 -0.0909866584613541 0.0527690211307057
-0.290460399972527 0.265460715276648 0.231594136970956 -0.205684205965336
-0.168547386916541 -0.0184770406007744 0.498139147125445 -0.369064187836667
-0.20304188344704 0.0863738395512575 0.505046072063041 -0.204486189024566
-0.060480196261288 0.184001169281196 0.39889757986534 -0.20866541564676
0.13597107445738 0.13309969776855 0.214587923671541 -0.290181201369657
0.165303452425754 0.000113807545376837 0.0746340911847049 -0.285766987141582
0.120339056171849 -0.088183778497706 0.00395114427683327 -0.273114513569149
0.0432310641438983 -0.143111819108599 -0.00718768358944038 -0.27046627485031
-0.0131521852642735 -0.149185129135089 -0.00188963585958794 -0.264956420174342
-0.0148142577209309 -0.163826177852015 0.0755285395380572 -0.275735924013118
0.0623467951489736 -0.16236153830907 0.2145341582184 -0.228940108562987
0.162293552950954 -0.107605011370293 0.330482363057627 -0.0703290008770546
0.241076921962735 0.0393839162248571 0.259551074277107 0.174574722371283
0.081865446335906 0.218475488044843 0.0689762895203539 0.259685951662286
-0.133876755386467 0.201158859071818 -0.0657671329678326 0.0391342571177239
-0.215362007920331 0.0763975542474246 0.301710161878919 -0.227810967695841
0.107399102072688 0.0719918010050902 -0.298195590491761 0.32403887940344
0.104163530608517 -0.067243629010454 0.134211983519799 0.0609602570910551
-0.0186570908472456 -0.115362143628898 -0.035032094620075 -0.306061610698068
-0.106520031004856 -0.0277758972301607 -0.325102913152662 -0.238038566587425
-0.0597679920203943 0.04624308305185 -0.441178747288375 0.0854624406721713
-0.0187322812599626 0.0414787156593635 -0.266776134046239 0.309249037205689
-0.0127172495503518 0.0487371684840816 -0.0695099214775372 0.343425516098437
-0.00402562780639366 0.0428861092759596 0.0217836279729537 0.320282767578924
-0.0258979681181509 0.0170851190438856 0.0543987225348908 0.308953362921452
-0.02795701978552 -0.0144041461264618 0.0300676474412893 0.317607460067788
-0.0248784427867551 -0.0244916927149827 -0.0515458848978365 0.322984790506171
0.0108754278008306 -0.0663688727932323 -0.202532039992592 0.319534775256167
0.093024011030279 -0.0214020519905368 -0.363749157930888 0.23701221203156
0.105237077993172 0.106174413835985 -0.488773201666976 0.162098356327407
0.0308184693078575 0.154805367842906 -0.513034572330044 0.373086206754037
-0.0145174323803357 0.237483225428251 -0.343793243624034 0.263231838753245
0.0854127299804636 0.119442694064082 0.128038385208223 0.0600835328849685
0.0959257117280585 0.00577999911180705 -0.0121726743539833 -0.330018725062198
0.0553306170618145 -0.0359037619571235 -0.332129617069074 -0.281771405056003
0.0439725906517927 -0.0318387232906579 -0.469092918991039 0.0517669044816382
0.0308189487494931 -0.0654122451780857 -0.286742024938625 0.295689335954055
-0.0202401448495723 -0.0705282159988863 -0.0812141978367877 0.331282681210812
-0.0228360965909758 -0.0675832877087185 0.0157815404799645 0.302036107760015
-0.0210953551545572 -0.102292798242305 0.0654772005797091 0.285401422556551
0.05456246499546 -0.12109171354758 0.059096274869718 0.295579371897979
0.109504039558133 -0.065146412415582 -0.0111389925868024 0.319033292282097
0.172441834275173 -0.00716399042908666 -0.152824954246677 0.338801935205716
0.151852225963285 0.148401772724334 -0.309688588762996 0.278118055826582
0.00769886019057843 0.297563988808665 -0.400662767030397 0.180249171251217
-0.138957819262716 0.331923582916391 -0.414373860745875 0.32632928280478
-0.160966130560458 0.360195559939532 -0.322604691852652 0.153985330961794
0.0142744726387662 0.311304741033419 0.152702167979408 0.0307421563358324
0.183800878910851 0.169475016199305 0.0402610290083942 -0.363525254116237
0.234057125240278 -0.00591199918619329 -0.306231011009236 -0.343833257232392
0.17114530534848 -0.100608650332522 -0.469755458912525 -0.0156999743621924
0.0986495313578603 -0.16800111546113 -0.294735372943761 0.239996352452675
-0.0133222874280609 -0.187817356185263 -0.0903638506734557 0.272404512111403
-0.0392913469143967 -0.169005740408147 0.0081064272997204 0.240213215112517
-0.0298616624505362 -0.201728662202147 0.0751789957237732 0.217443363557977
0.100382254381934 -0.217977076214247 0.102976452537649 0.231373761933224
0.203526016979755 -0.13029015117999 0.0695642413790644 0.283305067319276
0.318830933019909 -0.0117742234429879 -0.0565757406570266 0.353098817386774
0.248786903082545 0.254111975134733 -0.224839196442338 0.327918995797379
-0.0173847697210995 0.446749672130493 -0.307356967079321 0.187999388668054
-0.247278081802938 0.474881393253232 -0.273112306111163 0.234113581159824
-0.300041726705871 0.41487597513825 -0.221285388720166 0.0106363490581284
-0.0992291600723116 0.463372043836513 0.211717807012778 -0.0248164444249915
0.213261826747643 0.344224963279773 0.122772763516226 -0.38490255565623
0.386359010204597 0.0682120339153549 -0.229725603848721 -0.400850988159619
0.298258514453735 -0.136464095864166 -0.417482345638134 -0.105068676899195
0.172442286112271 -0.244444486402412 -0.27596730891828 0.141427757502449
0.00671282749258531 -0.279771560991052 -0.0914088673368131 0.172674722035273
-0.0501167592881265 -0.245780812372755 -0.00143862344210496 0.143352885639933
-0.045508450605282 -0.268801638166608 0.0772833473235582 0.119164760318334
0.111136874279634 -0.287327021529481 0.139853946046124 0.133708529795654
0.24943973078614 -0.193832432559574 0.153871936493925 0.209036313992959
0.414955925299199 -0.0522643737730717 0.0542397825600517 0.331286112748153
0.334239247724929 0.29192928254035 -0.120847941473046 0.352884415658443
-0.0023732121275338 0.522843274058715 -0.226139601727707 0.171746317647964
-0.294951729530899 0.550838975519486 -0.12741302653471 0.106297473816668
-0.389329141263165 0.390552256338219 -0.0495039371943717 -0.139944412013927
-0.224860037226454 0.518061127864785 0.298237287674594 -0.0968627312076053
0.16943301573393 0.466249940397545 0.221836127345184 -0.376387801896519
0.454234971676247 0.159652830890651 -0.106371942314393 -0.42086546523033
0.381892735136421 -0.128734151270043 -0.301772191196647 -0.192084634686484
0.227257842590462 -0.27477894164679 -0.220760328845813 0.0153935690218406
0.0302193632594987 -0.326566754782101 -0.0792208235502729 0.0456091308717052
-0.0533836208012271 -0.286168979934402 -0.0100938915510019 0.0281896556663227
-0.0580956530478368 -0.298416357208471 0.0719710582847792 0.00576445390967884
0.101889571046301 -0.31414356079821 0.159960334754468 0.0206204278608653
0.256333438510318 -0.22637635859942 0.216023547400666 0.112095544008759
0.446353617855793 -0.0780917217314642 0.143535695052987 0.277251240179926
0.357526038973103 0.293447620177232 -0.0308399076210659 0.34105271079068
-0.000588323220366314 0.522265860078225 -0.166308334552158 0.137612608871508
-0.309740519839066 0.53992279164053 0.00468942157834986 -0.030049597924091
-0.39677064264127 0.298569898923877 0.155827004545648 -0.269021774703253
-0.300695491535778 0.455764645049951 0.393887902178461 -0.162675074375333
0.0795987154868736 0.47556805678723 0.309846346031199 -0.335512566247433
0.415086654578234 0.216652217511946 0.0290448774834628 -0.394897256496997
0.383652567946192 -0.0890471185731256 -0.155870764567427 -0.252405933185779
0.236683309558779 -0.253154188242388 -0.139924415645034 -0.110618189422045
0.0452847569139697 -0.31737732331965 -0.0579782199204007 -0.0859089008516698
-0.0497249731099567 -0.282434584317749 -0.0166370901933819 -0.090334921400637
-0.0599210262207998 -0.289084765367231 0.062627566489262 -0.108772944976126
0.086521691282581 -0.299778834430167 0.168534097681947 -0.0898220122365288
0.239672771419994 -0.219320048867607 0.256491945312963 0.0190171038828246
0.419756341169035 -0.0662394872664075 0.201971914273064 0.217043112883082
0.311846839174273 0.28206628505919 0.033037352307014 0.307163777048148
-0.0309588365422104 0.459652490626204 -0.122680512926033 0.0957516806711717
-0.300818496767948 0.445448980151948 0.118727855349027 -0.148396334570855
-0.315051375410022 0.158343688762577 0.34433629179203 -0.362958256899096
-0.288204693150175 0.299993425238423 0.466522872956833 -0.210211323771614
-0.00317134251323377 0.367612036948676 0.366715386573465 -0.279483482772423
0.297006986753229 0.199261389923631 0.136322793833816 -0.345007767704933
0.301786832256314 -0.047261926034436 -0.0241018709223857 -0.281969840139033
0.194647624030129 -0.189292179602415 -0.062428913999205 -0.212846974130018
0.0440269069538572 -0.252810995799814 -0.0393349629283807 -0.199693692197719
-0.0394214221350986 -0.233246558875352 -0.0227490253594198 -0.194418030253001
-0.0487872595906098 -0.242651500356038 0.0552345582504993 -0.209709625427697
0.0706448060703947 -0.248316771145979 0.178672653015991 -0.181764820707179
0.206072393833246 -0.179890667795362 0.290780401561797 -0.0511438201417566
0.349541582794057 -0.0254951288514783 0.240326209937583 0.174066758083726
0.216509327853413 0.261333316312026 0.069619148163088 0.273728795150469
-0.0806476184090941 0.353333241306389 -0.0897073187847783 0.0606369111731654
-0.272438705037582 0.285542017655107 0.21248298427545 -0.227472367864293
-0.170468030463608 -0.00680635164850108 0.473025736136209 -0.410576879945479
-0.197865619426486 0.101398097759799 0.491536354579765 -0.242898691056636
-0.0479696334667596 0.188643138359857 0.389498338366962 -0.236084355866327
0.144947868376729 0.121482057618034 0.195560355176932 -0.308312190906583
0.16789682426386 -0.0134959161930801 0.0537313007720076 -0.295461911104696
0.114129062131176 -0.0996608843661393 -0.0177839714166285 -0.278754747522402
0.0319612967381135 -0.147574480282665 -0.0320636581605152 -0.275089084921788
-0.0248873476184379 -0.146532965896279 -0.0265139045845018 -0.267131542868566
-0.0291972505663469 -0.161544302245109 0.0540157653546645 -0.284358001889036
0.0493567129822453 -0.168423134759482 0.197597856675037 -0.246557622895176
0.154154889232933 -0.121230802071406 0.329852278914432 -0.0947591852303378
0.245607694843793 0.0197101758604207 0.274224402457966 0.158645679348692
0.0994527805731669 0.215085936206112 0.0894888513144903 0.256319801615645
-0.121428621454785 0.211713747856067 -0.0650761366283641 0.0449301622612008
-0.211098744251152 0.0913332533616935 0.281752500756496 -0.254379716533251
0.108143206419857 0.0614044815718345 -0.263068140650871 0.339391322935693
0.0970788593020621 -0.0735022983524287 0.138671256590931 0.0486677178947186
-0.0264716815478187 -0.111228697230193 -0.0569871449958257 -0.298939337198771
-0.10770929438329 -0.0176442945757408 -0.337386063519412 -0.210898948047496
-0.0561637183743133 0.0495051948095597 -0.427374950625461 0.119236170851546
-0.0167900987394667 0.041508251627434 -0.238986254165494 0.32514325987185
-0.0087867840890299 0.04845160425878 -0.0418819059720408 0.340061794876416
3.79272078364539E-05 0.0409844155464598 0.0490611522761358 0.312905546416859
-0.0241552641466675 0.0184465681862725 0.0805187972693305 0.298992926212355
-0.0291488371493672 -0.013260346091066 0.0555033524014305 0.310627942743058
-0.0256504812016771 -0.0209348504352066 -0.0264314930418266 0.32127019418412
0.00594007663619113 -0.0657262268662576 -0.174965299042356 0.328191184779928
0.0888279638462329 -0.0282508522868787 -0.33968369277618 0.257025473980083
0.112935155730546 0.0953636733577196 -0.469121047232177 0.19508991635846
0.0392919021629926 0.147528170495067 -0.474420986552169 0.407793163737996
0.00326049634512304 0.232870406075258 -0.313788449334338 0.285207012124681
0.0938339586427674 0.110626291388484 0.133164237483057 0.0486480989381901
0.0955966162070392 -0.00322202832306136 -0.0361231402574488 -0.324885240046763
0.049207706910579 -0.0398982273175927 -0.347097699055013 -0.252586152618324
0.0389577754053643 -0.0362990911088921 -0.457585834479196 0.0892713998870307
0.0236567490573274 -0.0676751616265981 -0.259222770245238 0.313163129227469
-0.0261961287325131 -0.067067577805199 -0.0532810724529082 0.329932732812403
-0.0273390012651552 -0.0644091427196844 0.0411792130753914 0.294571405247485
-0.0306778412938714 -0.0985446514084407 0.089076026987873 0.274599883564525
0.0424120756591782 -0.124860492926721 0.0821252896394967 0.28721322206965
0.102660950382281 -0.072159313719693 0.0143921924211422 0.315344383183596
0.168296671474015 -0.0214445452676889 -0.123964905234684 0.342651378362992
0.160136059882299 0.133324497610947 -0.282695650534368 0.292117869596563
0.0312711454504955 0.290629521435262 -0.382140076072675 0.205460699507639
-0.111686620455597 0.333718328880375 -0.380353898421814 0.353348313053563
-0.128789712324292 0.363825023515704 -0.301393180255315 0.17633408913843
0.0395770179455794 0.304435256059193 0.155101585586156 0.0186723551963924
0.193538932126498 0.149519791480669 0.0128687913838283 -0.359993819290016
0.225792970936587 -0.0260768060193938 -0.326603341742858 -0.314262270173267
0.158309386111186 -0.114688978789949 -0.464912928375649 0.0245944284948104
0.0823152233500631 -0.174769921396474 -0.27201854469219 0.258297959344716
-0.0297914903009228 -0.181854859792137 -0.0672131526859912 0.273165357181415
-0.0522153887858549 -0.161541044144286 0.0271667689472749 0.23450199556856
-0.0476640776662451 -0.194305189815168 0.0932609106960663 0.20725691372555
0.0792361616449986 -0.224669982414732 0.120419549805959 0.22003523676688
0.189566949492632 -0.144030650260011 0.0915367042998425 0.27448077770336
0.310109521032632 -0.0390241149343501 -0.0293682791756964 0.350399802471098
0.263692809920048 0.229747959347853 -0.193585995795775 0.335229423907044
0.0191000185434349 0.439650403430541 -0.290346770987407 0.207028588661749
-0.205595355804343 0.481211020636452 -0.251184154180122 0.251505039349959
-0.258886600798076 0.42835981248735 -0.213532407496354 0.0288229769749407
-0.0605426155047847 0.460995090848734 0.207955059289783 -0.0395441821991069
0.235883042485485 0.317715434020975 0.0935817963918378 -0.387121987607716
0.380946789600306 0.0332548576739096 -0.255271989275105 -0.375910124279688
0.279895817160739 -0.160608149103368 -0.421109064561931 -0.0675584067486457
0.148856510140227 -0.255883655334609 -0.261092307909448 0.160565136843843
-0.0173787811767658 -0.274114637537955 -0.0763727774927849 0.17551251073509
-0.0692055546701173 -0.235226896208287 0.00989646185925403 0.140854745692675
-0.0676900064814586 -0.257798232487066 0.0866449302835954 0.111222806447831
0.0837395596960613 -0.292526305324511 0.148179350785269 0.121592474838097
0.229209987912618 -0.210439236540794 0.169089871404561 0.194683091166864
0.400792249029609 -0.0874870636062165 0.0772116925750649 0.321313587688703
0.349590560213168 0.259534027330871 -0.0897286587951921 0.351876055102567
0.0378750617047511 0.513288735300795 -0.21068858713347 0.186495860259267
-0.245531650217825 0.561120272587618 -0.119488779041803 0.113808028275702
-0.349585108579759 0.412217904342018 -0.0588026772019059 -0.131952603762085
-0.178537359840124 0.526577353492462 0.286116629703346 -0.114616361661582
0.201424217709675 0.441179415179183 0.190541392076988 -0.384927907041226
0.455456224334792 0.117561454538947 -0.136578495524003 -0.403799302929023
0.363150074299075 -0.159343084222569 -0.315313198933649 -0.163320312887465
0.200779776257669 -0.290433711262423 -0.216627458879811 0.0321975065515436
0.00167054946930718 -0.322653251842518 -0.0757778560744779 0.0500364635270663
-0.0749602576437208 -0.274242854419246 -0.00876118177212369 0.0283272473380079
-0.0823270186358844 -0.284926671263814 0.0719021486479822 9.50850602747382E-05
0.0728775334766789 -0.319404907614787 0.157975128411306 0.00921698615631016
0.233373426147541 -0.243362511125 0.222479074534681 0.0958526016413293
0.428559298116468 -0.115844421399128 0.160784701220644 0.261726320619947
0.374116115057297 0.258823170022754 -0.00138124793008757 0.333842447788439
0.0414515107498289 0.511558190840061 -0.154296240356496 0.147951056614552
-0.260679381163232 0.551199410014976 -0.00203519782678621 -0.0303236529576198
-0.363619626206727 0.322204583570925 0.131971724650338 -0.274843405060768
-0.258734974408271 0.469871558597657 0.372594769789605 -0.186219848085539
0.113079955230208 0.457366063527361 0.279587666371385 -0.350353164317845
0.420479259481238 0.175781966203875 -0.00213422311255359 -0.38913715529943
0.368338944289516 -0.120330520832976 -0.175223908552779 -0.233525251222842
0.21152182786709 -0.269396540991904 -0.147260131119094 -0.0983896576014823
0.0172605261360575 -0.314247987727875 -0.0665580257349631 -0.0811382273586324
-0.0706273722827873 -0.269465338047635 -0.0261650781811702 -0.0874074373549844
-0.0841692737560162 -0.275474531513202 0.0528780889343011 -0.111054099151508
0.0601452644624197 -0.301932397090855 0.15761170118663 -0.0994243236759692
0.21683585238906 -0.234182163201165 0.255867721881154 0.000693941495708238
0.403166855442162 -0.101581866781915 0.214115386675589 0.198592203790047
0.328385573313998 0.2508452439866 0.0568698581771804 0.297089423463916
0.00544690336574005 0.451908806640246 -0.114655790416519 0.104017161446532
-0.260961132926352 0.456392739569267 0.0993165286685298 -0.155100780031331
-0.293809755798105 0.178459510234047 0.310234163951458 -0.379695801057638
-0.2590811046041 0.316379878288391 0.439952938033276 -0.239370716159063
0.0246018874767931 0.358785979287813 0.33985654814584 -0.298979615420312
0.303453098689854 0.169057530250035 0.108263570364535 -0.347792861424118
0.291714665649399 -0.0725190060359114 -0.047189541861397 -0.274147595564921
0.175514594721573 -0.203126492234116 -0.0797812156107753 -0.205617555304019
0.0218384648992637 -0.250831698352233 -0.0584548130369758 -0.19462036552361
-0.0564254027481685 -0.222093361394166 -0.0411174704999896 -0.188425386693716
-0.068363849595341 -0.230271179835869 0.0359208544983116 -0.209849386598103
0.0481195374480347 -0.249478917879392 0.160173260985661 -0.190742217724446
0.18680383128766 -0.19261081645235 0.281971504401355 -0.0721740018951142
0.339069904801875 -0.055521162717177 0.248677201992202 0.154006873763998
0.233827646025683 0.238556306074988 0.0901861112094371 0.261885945703695
-0.0521397442473867 0.351785606745028 -0.0847196619919711 0.0670452841841667
-0.244743458290701 0.299004447042649 0.18516033737479 -0.240195996744153
-0.165958434787233 0.00580977931663512 0.430582278478524 -0.437697156187442
-0.185243594169123 0.113890830642086 0.460793443315994 -0.272607131227862
-0.0330022128204122 0.187960591464482 0.364877958536118 -0.258402745184955
0.148983291393307 0.105859701127468 0.169683801081348 -0.315132356215494
0.163980585910374 -0.0280991075573868 0.0296673045135285 -0.294951827808613
0.104008993925469 -0.107286584951485 -0.0402284087084306 -0.275240650381199
0.0191553396362421 -0.146537453549247 -0.0581458259002699 -0.269136699691481
-0.0348225196931831 -0.139356302564259 -0.0507285520412381 -0.259951810828649
-0.0416394394647618 -0.151990867512569 0.0273628348631307 -0.282675457893118
0.0337175375075418 -0.168279120887006 0.173259267498974 -0.257221849084149
0.140234508912568 -0.131086857078214 0.316079442515472 -0.117201006188123
0.240724129669191 -0.00187687285984265 0.280753479526008 0.135544021705156
0.114499724214829 0.202836790987876 0.107968314190819 0.244634293397232
-0.103214816996165 0.215620880385824 -0.0619756605177042 0.0499449292709267
-0.20012473807749 0.104348635465609 0.250998623230441 -0.27262375273773
0.104459487750953 0.0528219485519156 -0.229861331592892 0.339124294818662
0.089158033001184 -0.0763005075373693 0.138724165434051 0.0388830698181689
-0.030413645406192 -0.105432105797937 -0.0705088145720887 -0.285399844015886
-0.105138297996716 -0.00957714105726742 -0.336434743696314 -0.186399230420897
-0.0526112686553991 0.0504584672589126 -0.404409768265568 0.139962173125124
-0.0152347538698728 0.0406575702556375 -0.211737634082468 0.328097476532487
-0.00609168676033978 0.0475634040570052 -0.0210848875363599 0.328429562577604
0.00195876177372543 0.0381640372543747 0.0674701259447146 0.297565398649684
-0.0224694887412318 0.0183926677015758 0.0979268937084183 0.283620901112675
-0.0299464618141055 -0.0117430220278905 0.0726931474664492 0.296269321866218
-0.0245425905046034 -0.018467103761375 -0.00898001982677878 0.310601605445351
0.00184168473174011 -0.0631137874661393 -0.149978475191427 0.323412355051891
0.0836821597615457 -0.0314989229455423 -0.313942675043102 0.259756231020135
0.115115234434024 0.0851121654182372 -0.442535674484584 0.211299503605856
0.0434106621241445 0.138405803440519 -0.430082139152554 0.418522975148115
0.0149143731981152 0.222336267694286 -0.281316704368193 0.290812849223298
0.0968492770269091 0.100269175481999 0.133459094473949 0.0396535900512597
0.0919550331836137 -0.00969559515497847 -0.0520119709240503 -0.310592821053886
0.0433580592232417 -0.0412755325497102 -0.347416109461091 -0.224928758130666
0.0328283273618632 -0.03816449016319 -0.436163260566855 0.113798565482758
0.0171038384878741 -0.0672920123902461 -0.232595100020946 0.316532484047868
-0.030204915564258 -0.0624954395412388 -0.0327062339318852 0.318605214086645
-0.0298212743804226 -0.0606016350173259 0.0582674782927784 0.280559668394006
-0.0362271230208223 -0.092969691853064 0.103735471180775 0.259383766097838
0.0319716258112854 -0.124587253126108 0.0966057432895904 0.27238766563443
0.0953472013720021 -0.0751178384061315 0.0312970572334786 0.303072656398182
0.16015357130625 -0.0311752909115413 -0.10160380416435 0.335932475126473
0.161149294241238 0.11932720845108 -0.256413054425957 0.291382607193841
0.0477053839682945 0.278094144542391 -0.358587952501408 0.217705894235157
-0.0911242916221429 0.324015908927871 -0.344454413869916 0.361667073917992
-0.102416614143478 0.355732235197526 -0.276467018969772 0.186526774844977
0.0555735681744687 0.289750036280837 0.152759826141401 0.0111107819485735
0.194062215894013 0.130011166876121 -0.00560069524357539 -0.347776434728932
0.212884299791385 -0.0389785362949736 -0.330108364947577 -0.28493114278224
0.143121892914056 -0.121127005968581 -0.446991518200998 0.0533289538116233
0.0671332167005469 -0.174368446944476 -0.246873292229517 0.264729296058364
-0.0401853838481539 -0.172293823670466 -0.0490361051799503 0.264913670642305
-0.0589623999945646 -0.150965178973335 0.0402417725216452 0.224014284545119
-0.05873289657705 -0.182249155249452 0.103204210601989 0.194089908393249
0.0611179503112152 -0.222136408700075 0.128910619996679 0.20632793399029
0.174377841179698 -0.149742560206656 0.104396225058807 0.259716824113964
0.294189167086622 -0.056934175673103 -0.0101665932481742 0.338142495601371
0.265772664405092 0.205155919215201 -0.168586910487055 0.329011184818223
0.0429747413334628 0.421135569761238 -0.269983900448846 0.213585959830621
-0.172528760301458 0.471383695963223 -0.228896770480047 0.256137562158677
-0.224063080773853 0.424071054070318 -0.20211321891408 0.0409777238811892
-0.0318129190131257 0.447992249775245 0.198941804207114 -0.046064416702223
0.243907340652689 0.288577312263222 0.0697237367115337 -0.376405713803803
0.363744021967441 0.00791936681690409 -0.265123436328501 -0.346865534326911
0.257017439142864 -0.172853956939051 -0.408971515647165 -0.0371257143660095
0.12621813187815 -0.25752940722511 -0.242001894487741 0.169478084281682
-0.0344968824031932 -0.261040820446637 -0.0644466396766467 0.171918778226526
-0.0793985347957874 -0.220017270435005 0.0167112712477987 0.135554142048732
-0.0818557235671697 -0.241111670399829 0.0919020282345675 0.101850991926595
0.0614291643409053 -0.287600507177867 0.150306784785773 0.109842031586383
0.208386708344084 -0.215311735666304 0.175204334399482 0.179050217369689
0.377508869226601 -0.109111183472573 0.0905031732050418 0.304492999573549
0.351294731772101 0.229373515663978 -0.0667575836737654 0.339594705186892
0.0662027690618536 0.491291038082841 -0.194644387921125 0.190474705744686
-0.206123206533228 0.548512724331505 -0.111689182660545 0.117044570413737
-0.310416371732594 0.414165868519518 -0.0629974805410243 -0.121497512391536
-0.140147815775992 0.514655896431824 0.268568690797799 -0.122676220582361
0.217745549301896 0.409200907694942 0.163340437222749 -0.377802319258004
0.44075642081845 0.0848123110807225 -0.152236899054684 -0.380378486330119
0.337026458207252 -0.17666484849113 -0.314334682652359 -0.134101550060923
0.174061575075855 -0.293981343316003 -0.20676053246325 0.043718113394515
-0.0188385624589094 -0.309301018864389 -0.0720519729105486 0.051163418073042
-0.0876549276444338 -0.256396350131664 -0.00897834308747455 0.0282797032982527
-0.0967071028258509 -0.265336510523725 0.0696397220955939 -0.00347306992052263
0.0502827489170817 -0.31114677376412 0.152542665055768 0.00123881373603364
0.209175522415403 -0.247739835477636 0.221187268423722 0.0805807808116374
0.402774514624663 -0.138151885931611 0.167487363233698 0.243845735796739
0.373610658855655 0.225737838591599 0.0177851086420362 0.317663790511572
0.0677638198353909 0.48849900931346 -0.142373305902461 0.150941777505459
-0.218897135590652 0.53787708033205 -0.008255171907547 -0.0280097655498213
-0.32815448020867 0.327426264788072 0.111764655721361 -0.268662485823491
-0.221251274736428 0.465275895842208 0.346569144703918 -0.195827421352013
0.132900177654935 0.43083320304977 0.250796899872614 -0.34856418645001
0.410404269421226 0.143134749358529 -0.0212297435328602 -0.372376610126228
0.345867998562959 -0.140772231697345 -0.182895442977219 -0.211500890548606
0.186318777255819 -0.274121884229136 -0.147974817842192 -0.0864315218738598
-0.00334914824085913 -0.302644230081861 -0.0717513047492156 -0.0758629158745359
-0.0833960793046773 -0.252247317483593 -0.0327115407804133 -0.0811917687410626
-0.096486803020518 -0.255878579996749 0.0438277151452567 -0.109287083661009
0.0381373263371573 -0.294439509580474 0.144834171772777 -0.10294192258734
0.193958208354355 -0.237291562892351 0.247399630268511 -0.0128664035686242
0.379370574123048 -0.12326749094681 0.21470293717314 0.180373858728052
0.330355302707646 0.221071122402643 0.0724497284331953 0.279097390514088
0.0300780711580023 0.432818935750919 -0.106013944414288 0.106853393780661
-0.225212639023813 0.44918268444219 0.0813051258329844 -0.153806050555086
-0.270641101273125 0.186297185133169 0.275288487643803 -0.380230055545892
-0.230863696276248 0.317375103783791 0.406570395052695 -0.25048353386276
0.0427381527177359 0.341244763036293 0.310900179926809 -0.302440907356451
0.297455880258696 0.143731793300685 0.08656816349679 -0.337648531522021
0.275784509012356 -0.0896853670144426 -0.0617437593309752 -0.259962807920267
0.155886979948965 -0.207655119385979 -0.0901170128551094 -0.19462380114405
0.00552297129250242 -0.242323641512377 -0.070959413616383 -0.184760903571411
-0.0667629511312982 -0.208013098869805 -0.0537072970901011 -0.177767283007833
-0.0786934162294429 -0.213299028720033 0.0209964899785704 -0.203081917954888
0.0301230055576934 -0.242175719980346 0.142250541016095 -0.190968455348051
0.167102479306788 -0.195938185191247 0.268949260560563 -0.0837650482929844
0.319755829664944 -0.0749117782747654 0.246236447186908 0.135505898843852
0.237755485635641 0.214619741121297 0.102287658892214 0.244833495034171
-0.0314250063415375 0.340282848896033 -0.0787370640692236 0.0698104431053206
-0.217733486304424 0.29736052850147 0.158422462666876 -0.240493480578753
-0.158192152320906 0.0135201381432417 0.386929809522452 -0.44158580237016
-0.17145302780054 0.118275344713986 0.42514340316907 -0.282067303702372
-0.0223167617834213 0.182084584978434 0.338297971469474 -0.265081455508854
0.146443501220912 0.0922196748432754 0.146850206326182 -0.310324739954917
0.155448344310498 -0.0387221414010201 0.0117632047691604 -0.286564589322903
0.0931241195122503 -0.110332581513352 -0.0562853029841389 -0.263344186627479
0.00959403237206715 -0.141827468028725 -0.0759522986954859 -0.256524127043961
-0.0400503562272365 -0.129947377623174 -0.0670223890098969 -0.244808821047541
-0.0484029206840719 -0.140277733726985 0.00830666124056396 -0.27127814231474
0.0215235330549274 -0.162635106323292 0.151156981055648 -0.255937046983763
0.126061959455558 -0.133685553325346 0.298484472979267 -0.129714162197893
0.229368431843744 -0.016912974994013 0.276798091105986 0.116357777652082
0.122210690292209 0.18799092212271 0.117609535362624 0.229034324662837
-0.0874301851528112 0.211511395507523 -0.0581191934646286 0.0521047410536285
-0.185170345427818 0.110200072978284 0.219854683002603 -0.276224764432342
0.102048802355774 0.0568435031714832 -0.226554401318412 0.315224016406021
0.0887211340295828 -0.0718053009496578 0.132556789067279 0.0383080431568247
-0.0277758080732289 -0.102323850343433 -0.0620835801557363 -0.27434737390523
-0.100423069328117 -0.00757517961049483 -0.321482828138458 -0.186861367798327
-0.0493087508954178 0.0501381861603451 -0.387551635959398 0.130429280398683
-0.0152054043997974 0.0400241853985137 -0.207535232816335 0.310907369690195
-0.00780315138179734 0.0491500623580989 -0.0238091955885841 0.316256791145169
0.000774061886908573 0.037810899707574 0.0654833744854136 0.28676674174426
-0.0221711785800914 0.0193637149352288 0.0952907120350649 0.274794362584913
-0.0289075052847046 -0.0103356822969059 0.069625802919687 0.285980272310665
-0.0211678340640895 -0.0160941726529111 -0.0130048191263333 0.297071528259331
0.00201513935112667 -0.0539808843882311 -0.148480829985655 0.303375983249056
0.0764547201792334 -0.0252489176153714 -0.306282191223842 0.237928164477574
0.103951280330108 0.0854321239139188 -0.432792996361308 0.191955256944659
0.0370779137167995 0.139578686758576 -0.429524826423516 0.38599944883189
0.00820875029679705 0.218828189085914 -0.269133822264814 0.273235518291717
0.0898873850786884 0.0995882161755889 0.132536821218737 0.0385429136965298
0.086745234127762 -0.00585097353775867 -0.0392250197101786 -0.302578362399921
0.0407110014108661 -0.0342398856533612 -0.328009577217464 -0.229275243183867
0.0352907487191676 -0.0325438566727229 -0.419016643395565 0.101588368562075
0.01853219875491 -0.0645218279766444 -0.227731253904585 0.297215924677249
-0.0282320428289361 -0.0580817695710213 -0.037505394611518 0.304797918064574
-0.028155316153138 -0.0596139520546514 0.0563627362535721 0.269684638011497
-0.034030661342014 -0.088847538678559 0.102235707328361 0.250259258242068
0.0326994815026942 -0.121689336647819 0.0948112766483114 0.263192917623555
0.0971659674462193 -0.0710600200430193 0.0294841180983553 0.294155907295803
0.154154304526255 -0.0211485592584046 -0.0977261324045453 0.322446935642628
0.149675086294359 0.12276728885971 -0.254299958902812 0.274461886126665
0.0374356173741071 0.271730877189821 -0.359441664305713 0.200024891039977
-0.0918616288867322 0.317087423860793 -0.351172175751978 0.332905145770972
-0.113044500139547 0.344257476103569 -0.25797556244433 0.180269516470258
0.0425209256410162 0.282018559920344 0.157691486409574 0.0131826503992829
0.179190618317266 0.133150210656445 0.0118245940058187 -0.338576528106071
0.200810351601104 -0.0276174349986879 -0.306380091905763 -0.289964774574044
0.142376605257181 -0.109268114946485 -0.428515702705191 0.0381368615707323
0.069068629529236 -0.16751466473861 -0.242969295453627 0.243993789893166
-0.036024841642387 -0.164588005231384 -0.0553761084355669 0.251080764417814
-0.0537941482650914 -0.149193055590779 0.0376102996900159 0.214310082393556
-0.0544969530399542 -0.176716709372736 0.102199215264165 0.186170683340142
0.0615903626480611 -0.218101747372154 0.128454771102619 0.199540125242623
0.175579435573714 -0.143821995657302 0.10485548320147 0.255306547924356
0.284302313347392 -0.0459551259029606 -0.00509904114952043 0.330863402647623
0.250623477573222 0.208248874598339 -0.169804911485523 0.317313380756499
0.0322014609054032 0.411170796311346 -0.279013919169214 0.200479481870382
-0.168057373546149 0.456865604127853 -0.242655442752813 0.235486079540116
-0.235955719952693 0.406476108198599 -0.180397413502752 0.0484564902568604
-0.0493015211071652 0.429717735056687 0.207970368247282 -0.0371653357473507
0.219702628724124 0.288405002035863 0.0921045505897083 -0.364783815586205
0.341745264726362 0.0204660330934806 -0.235774987971675 -0.351228841684411
0.251823243801246 -0.156174314497476 -0.391465315146665 -0.0517748946392142
0.12830408053166 -0.246215520112573 -0.238418052443792 0.150538100898583
-0.0280857758821937 -0.25131070090421 -0.0716017964869014 0.159819509595336
-0.0720439219984289 -0.217276815424028 0.0133392735273932 0.128464147186762
-0.0764629983335202 -0.233842525695376 0.0913782327070026 0.0962264194522899
0.0624424603981818 -0.283011892380907 0.149676984498031 0.106165618705287
0.209045133243294 -0.209333700937928 0.176712081328968 0.178767584261197
0.365905473360033 -0.0965425070022538 0.0967841138021474 0.302375055594636
0.334764290308407 0.233073436813474 -0.0728726830055104 0.332788602321776
0.0548431489441248 0.479280496950065 -0.206770673521853 0.181081388973011
-0.202057786757987 0.526751747461596 -0.13015216083328 0.1063688497473
-0.321815341320601 0.391025064953181 -0.0431099721905777 -0.100147012980551
-0.159637462604675 0.493126400183859 0.278685815620731 -0.104672085503301
0.188179669412064 0.402961117885353 0.185982736410795 -0.360971291767094
0.410732203963192 0.0953846001737686 -0.121074790299167 -0.37962286360526
0.327164839590285 -0.158099641097792 -0.296690679047007 -0.146779634075415
0.17417392958608 -0.280566952807285 -0.202625810029119 0.0289540242746194
-0.0122753923354897 -0.299146649259761 -0.0785012309009556 0.0422834499424504
-0.078733896623933 -0.253084693238964 -0.0119106098243278 0.0253486812440386
-0.0901793297404249 -0.25809226561836 0.0703178682110275 -0.00564414206904871
0.0507565186858047 -0.305004575008267 0.153735036840191 0.00124227065676061
0.210663834667537 -0.240944442129208 0.223638951777435 0.083829103705099
0.39040261874493 -0.126800213576143 0.173924329174909 0.245636424691986
0.359280556534198 0.229907399269653 0.00967588656066977 0.315301596268644
0.0573706994812199 0.476124681506403 -0.155679079984252 0.145121762274471
-0.213141015949638 0.516775737656324 -0.0264665824867559 -0.0292785517266662
-0.339125774792048 0.304624022409829 0.124653005303661 -0.236078753575068
-0.236751070727509 0.441021542817659 0.352893009003271 -0.169364857773096
0.104545811175658 0.419877203814863 0.269252927128048 -0.326417648219173
0.380741715267904 0.149362480126543 0.0054269573631653 -0.365880444836208
0.333075043462009 -0.122811830844248 -0.168693112172327 -0.219688322577427
0.18485316841664 -0.2616003310535 -0.143880385186592 -0.093738467811867
0.00317009793589482 -0.293618944810617 -0.077028289605556 -0.0801182884090568
-0.0746070679015203 -0.248894498465231 -0.0351159303577589 -0.0802407872219565
-0.0902858848247406 -0.249104596367284 0.0448737105211393 -0.107055689805901
0.0388962625238098 -0.289688762743893 0.146040465039966 -0.0989829197177311
0.195177071196374 -0.232580266725358 0.249759260540027 -0.00536456461250533
0.367731578110865 -0.114233559417096 0.219649121793421 0.185744772825059
0.317269144034814 0.224006981584059 0.062278821932835 0.279390211716028
0.0209594887843563 0.421900791833168 -0.11790265101046 0.102886883592188
-0.217521919619997 0.429277726599257 0.0646289115377526 -0.147399832434949
-0.277578971791762 0.167905076940703 0.281196457444299 -0.342748562095316
-0.240691223894444 0.296424479199072 0.407023656201692 -0.218752752445204
0.0216531334200177 0.32888528610056 0.322170977007451 -0.277173330834258
0.273374696532736 0.14525253546601 0.105127215832662 -0.326287842835212
0.263358432469239 -0.0768071081312615 -0.0513477955482266 -0.260392895323578
0.152649983570813 -0.19748546606814 -0.0854235064886696 -0.195321440580174
0.00990730939516227 -0.236138797075461 -0.0750095928178995 -0.183751842851667
-0.0590828358547465 -0.204768558546884 -0.0552245160867109 -0.171844490239886
-0.0735275692849675 -0.207690153652859 0.0226867771579298 -0.196728709538101
0.0303316698072176 -0.238082679181116 0.141790893636408 -0.183992669902912
0.166971958654663 -0.19123544971216 0.269063836625893 -0.0742645884235651
0.311156980997016 -0.0684355180458003 0.247495844573875 0.144170548576731
0.228298677085864 0.215365815647429 0.0897565249997982 0.245356190709602
-0.0369701992461058 0.329681929323294 -0.0883635938571549 0.0654533519589629
-0.210060172739786 0.281952096426316 0.144258155187215 -0.22786251061539
-0.161393773691665 0.0037541946091455 0.386508130985558 -0.404021435035082
-0.176079106892321 0.104760733582285 0.419425788668537 -0.250296898350721
-0.0337552441457756 0.171726768122036 0.34094580408443 -0.238199762783359
0.130601172403124 0.0919540615006321 0.1571065297268 -0.295147567153627
0.146386892203772 -0.0320303671634382 0.0177839100221303 -0.280837429474356
0.0901062271165051 -0.104049183055022 -0.0518579612766691 -0.25799382017137
0.0118648498911968 -0.138854739694829 -0.0765810118293849 -0.250763813960414
-0.0355479833619332 -0.127699978285549 -0.067262726983523 -0.235609779894511
-0.0451098902726085 -0.137386782785601 0.00945545094850848 -0.262328248236488
0.0225840755659565 -0.16016288427996 0.148750223679672 -0.245045666075365
0.126234306644708 -0.130146826636326 0.295269335388574 -0.118150340601275
0.224361306366033 -0.0138538155620539 0.272750528434947 0.125376040666533
0.117007011789745 0.187577065729674 0.102839219268113 0.227481782100855
-0.0896411005262808 0.203853486674165 -0.0646277948107807 0.046416797111395
-0.177729086369746 0.100797659729183 0.208440260902211 -0.260200385686275
0.0992879503514312 0.0554451976187536 -0.217464072696421 0.312727010653497
0.0871942173012345 -0.0715172237479399 0.134396333735382 0.0360068092805082
-0.0283325963855136 -0.101486593681188 -0.062440207434887 -0.270951777382622
-0.0989597837989186 -0.00537566124429659 -0.319958583992944 -0.183603355414302
-0.0485696125713738 0.0515064608709474 -0.381844908261647 0.133976142300892
-0.016260200175929 0.0403979222091661 -0.201262265410672 0.31109117484987
-0.00679094018405776 0.0489159452286109 -0.0197387148869244 0.312614908123247
0.00136823500999458 0.0365221670104621 0.0719390407332673 0.282069678901052
-0.0216440715605859 0.019570426186967 0.0998859316521375 0.270064712891212
-0.0295979827172601 -0.0103667164625873 0.0728561466636235 0.28358030607564
-0.0192543805067653 -0.0154906398997864 -0.0116875573367566 0.294860716752947
0.00156565947866895 -0.0528450915344242 -0.143985818078579 0.299057025249352
0.0751216328176448 -0.0248424473027689 -0.303099623910339 0.232940919502552
0.103883582825012 0.0824937853373925 -0.428149555178476 0.19208020385929
0.0353802348999082 0.137548071683116 -0.417411667503159 0.383313252761152
0.00969887355229268 0.214866149649694 -0.260115690592577 0.271978363624418
0.0904677812658419 0.0978334265509921 0.134322671850404 0.0371754172162228
0.08512320226232 -0.00858639848831436 -0.0398656073767552 -0.298567321610962
0.0395448699900191 -0.0344245878502312 -0.325788922938617 -0.225270907221642
0.0327401849073471 -0.0324188436945625 -0.412710873858592 0.106061152508845
0.0150747523351461 -0.0638221363817703 -0.222286185323297 0.297647433292855
-0.0287210597020237 -0.0561350127870943 -0.0336542669947923 0.301271252417481
-0.0283821565320343 -0.0585058790716019 0.0611565066834778 0.265690207296745
-0.0352411349748449 -0.086385115428784 0.106607227486265 0.245119283365573
0.0287993636667044 -0.121792344186504 0.0979978024878544 0.261163954196459
0.0969556659780152 -0.0717665853134848 0.031431206379134 0.29110882004002
0.151258142435167 -0.0231840199175778 -0.0943462088741012 0.319130596840327
0.14847612261057 0.120145227760088 -0.250523127225648 0.268414112368313
0.0400932886858545 0.266840897668388 -0.355076643336137 0.198891525357382
-0.0900824817081492 0.31260621033944 -0.342965132399319 0.33184413172577
-0.107359789897821 0.337559104377371 -0.249513434834992 0.180875153879758
0.0452350578490331 0.277635885109955 0.159135017418718 0.0136053463652067
0.177798753890454 0.126228058589155 0.00987076557152582 -0.333982534867469
0.196023347984337 -0.0310111487033696 -0.303154532548975 -0.285041229435485
0.13653716686963 -0.110060033308244 -0.422623663657835 0.0450067861373058
0.0637240767743851 -0.167072318765584 -0.237862674938426 0.244136938691298
-0.037440655691664 -0.16129783431185 -0.0527743410071209 0.248279611263483
-0.0549720293972636 -0.14610026523277 0.0407517698344456 0.212094733569856
-0.0566970195026665 -0.171715967705146 0.104932856814375 0.182465394668034
0.0559832665298419 -0.217376772815868 0.130128155843265 0.197187190637488
0.172874191535517 -0.144751874959288 0.106828823066667 0.251780671444323
0.27879025048762 -0.0493013013447544 -0.00428879989234575 0.326970252301742
0.249761122569682 0.203077885654918 -0.166707165406914 0.310290747283428
0.0354122338277544 0.406148726031757 -0.275599075572764 0.199731810008596
-0.165618984479852 0.449724489552645 -0.238591874141831 0.235707233160965
-0.227117969908147 0.398956240161024 -0.175917530499373 0.051362669309694
-0.0442920951577047 0.424833703730614 0.207430720751215 -0.0358992819692738
0.219016136168824 0.279493778617372 0.0893705251727326 -0.359009572847657
0.335431073119969 0.0152302742245921 -0.233811350452978 -0.344378370677478
0.24447848496426 -0.15767823109534 -0.386477285788274 -0.0437477596800788
0.120884993585307 -0.247754255335017 -0.233844731901548 0.151242143292403
-0.0319201115245994 -0.247973822767055 -0.0701464792429205 0.158374863268102
-0.073540325095091 -0.211925961676727 0.0145884173786639 0.128352702490778
-0.0785321982415525 -0.227823991877233 0.0923747629576406 0.0936633073939351
0.056146003488678 -0.281125592598934 0.150316489024071 0.104613177253532
0.204471086958809 -0.209970608024544 0.17829471512103 0.175471676906738
0.357849240469058 -0.10229610085794 0.0967330546476918 0.298743064230088
0.333015823077049 0.226396853564841 -0.0701321511472233 0.326414993048446
0.0596875518353286 0.473592099330667 -0.205456986749131 0.180448063471131
-0.195149071778279 0.519378498156943 -0.129772296423196 0.106905878294106
-0.312438651813609 0.384884227465656 -0.0429110317037305 -0.0961915409517056
-0.152621713841227 0.487919671597714 0.274994459138643 -0.101734909647775
0.187683881851501 0.393267167653451 0.183156383362517 -0.355200135027204
0.403236563798787 0.0876295799140664 -0.120458590659398 -0.373184343184837
0.318611501342483 -0.162078606999366 -0.294502997089149 -0.138779193662113
0.165641825930837 -0.28197190437851 -0.200196213218651 0.0312350685756959
-0.0164961829914474 -0.295068013948628 -0.0793949326545939 0.0426293490995089
-0.0811269738431843 -0.246650548780582 -0.0130449927592732 0.0274074599550064
-0.093167872170397 -0.250445772284057 0.0691419193676316 -0.00619970658307727
0.0444355058921118 -0.303906699827885 0.151878528345588 0.00149529685503482
0.205360132053717 -0.24096202576513 0.224133730841803 0.0816495292855052
0.381547676394741 -0.132767567119956 0.172750158148148 0.242303292106094
0.357935640839132 0.221109674329105 0.0113457401108934 0.308096434448221
0.0600910542159671 0.470422548479768 -0.153360467403454 0.144902792664
-0.207153572931896 0.508878680635096 -0.0302405257828695 -0.0280363730007919
-0.329240058367402 0.300511516409178 0.122837586322761 -0.23250108330455
-0.229155752340065 0.436706874712225 0.346773740180326 -0.165651439020005
0.107323807465482 0.410788637003706 0.265204990934815 -0.320820717617268
0.374901278791452 0.142620179868216 0.00492282930452305 -0.360538042666468
0.324860416683049 -0.12771354799798 -0.169170454073036 -0.211754506779373
0.176814549087964 -0.263496386285155 -0.143393510445868 -0.0924740793995935
-0.00261663414525763 -0.290916687327891 -0.080399345029618 -0.0784889063775327
-0.0760240718491638 -0.243415005333339 -0.0386998771285473 -0.0764693433420635
-0.0917402165260746 -0.241414824013245 0.0420855343712559 -0.105498198905685
0.0321942192143501 -0.286928515827247 0.1438516987961 -0.0979323466840091
0.189609530985053 -0.23194140008919 0.248611620782969 -0.00752078887654816
0.35963905493329 -0.119710597769541 0.218128147981204 0.184241630020912
0.315292331125616 0.216259962267343 0.0635202204306616 0.273239992901806
0.0255664296318783 0.415971922776863 -0.117011834915346 0.10260688081922
-0.21062833482061 0.421692436281678 0.0578595482822894 -0.14558860391331
-0.270517882703059 0.1653946297516 0.276086475060265 -0.338398974925114
-0.234437123631649 0.293400107851899 0.398698984390669 -0.214277240838168
0.0238663131832238 0.323060670097936 0.318723998533624 -0.272094360850429
0.268578269344505 0.139831096514686 0.102824850955948 -0.322045853951472
0.257308175259184 -0.0815112846474306 -0.0547617431945293 -0.25571405050734
0.146370699605625 -0.19878235344517 -0.0878731397321731 -0.193690083324859
0.00572912105132488 -0.233368809852708 -0.0805781334433428 -0.181214944801243
-0.0598995519993128 -0.20021528427494 -0.0601931108635409 -0.166703793321618
-0.074100110272317 -0.201368235592086 0.0183161067043799 -0.192925391114939
0.0252822948585213 -0.234271460205135 0.137765602197193 -0.181787256680886
0.162945084787623 -0.190898457196512 0.266541245332027 -0.0760766942031049
0.30455998915102 -0.07357785228516 0.245507513879039 0.141973288841403
0.228290119662213 0.209058691179354 0.0906844180056476 0.239586890098808
-0.032891661381309 0.324993448466507 -0.0881977018527395 0.0657155544778805
-0.203859113186717 0.278071146364114 0.134450619585669 -0.226740308579803
-0.158366827760202 0.00323066226239026 0.378238861241337 -0.399762830313662
-0.172891199047521 0.103214010105277 0.410575166100558 -0.247152567367941
-0.0320808075441939 0.169345421569704 0.336116228827599 -0.235069518642098
0.12797273682146 0.0896460847689712 0.154039346592726 -0.291635388903022
0.142684323417758 -0.034863936522054 0.0132953194493342 -0.278353141650012
0.0869765912332884 -0.104709597316126 -0.0562445856275483 -0.255956608755221
0.00997014228682478 -0.137308806603009 -0.083528944637592 -0.247351862169835
-0.0348592704633922 -0.124573459066046 -0.0732086835549544 -0.229774494472846
-0.0446003802391977 -0.133005185957116 0.00387285138645557 -0.256914234804187
0.0193917948019018 -0.15720390120945 0.143894776570931 -0.243307940351968
0.122254912310385 -0.130340515830772 0.291166089857173 -0.119818049233104
0.219866861623809 -0.0167280028087881 0.271170808065822 0.12282307455857
0.11722057466267 0.183489798080885 0.103343725811252 0.222664837591282
-0.0869593622729598 0.201396954181508 -0.0648485125189171 0.0462596328752829
-0.173614455010828 0.0991008414027563 0.19794413994638 -0.258749931356034
0.0986092480323518 0.0557691567978117 -0.213832124009131 0.31757315136647
0.0883260438830517 -0.0730766797821713 0.138924103995946 0.0337626049637507
-0.0299942328204203 -0.103186695672161 -0.0660364744625065 -0.276529465773683
-0.0999370638438485 -0.00400220275221142 -0.32869648659183 -0.184571389963261
-0.0493009892104205 0.0535773730970644 -0.385988523876733 0.141502444935169
-0.0166168158756789 0.0432348550214903 -0.198615590165011 0.320243272087641
-0.0062272490128554 0.0501946313793083 -0.0136844555599665 0.317503040739492
0.00182231611083464 0.0364884576655755 0.0809237616851873 0.283416168976975
-0.0223197990707654 0.0203048135832593 0.108973924718458 0.272007220108251
-0.0308799307336727 -0.010261236037944 0.0792205696784077 0.288310348127864
-0.0182465869541884 -0.0164026786731552 -0.00935255861848392 0.300830356866775
0.00142083919704074 -0.0535043921247679 -0.1432191114393 0.303540224400882
0.0760559773596403 -0.0249242791038672 -0.307599068003433 0.235792086284177
0.106775292522502 0.0815594361074034 -0.433326884616109 0.199080752175595
0.0350282703052053 0.139768303427081 -0.417285998101221 0.393505582205358
0.0113806499002485 0.215916754534541 -0.256934168255765 0.277889604553712
0.0932766860525983 0.0985240354640165 0.140042301592114 0.0358803286532354
0.0857900319648738 -0.0117903485317537 -0.0429648985667108 -0.302922897194214
0.0394355385835978 -0.0360310318577022 -0.33488214336117 -0.227079525381417
0.0311378405228492 -0.0323960372488601 -0.417005784386681 0.114335942481906
0.012556228517632 -0.0646526379424875 -0.221161284466661 0.305754192427831
-0.030324707448233 -0.055772558752368 -0.0292661597287002 0.306305751911568
-0.0300109096523378 -0.0590343757068398 0.0690575932680498 0.268602328319969
-0.0384753210147395 -0.0866353710799364 0.114328187720854 0.247089385150824
0.0257922460009034 -0.124792072994328 0.10461447738148 0.265186735740134
0.0983204796447059 -0.0755416736216492 0.0352704887737624 0.296647473590797
0.153312726273641 -0.0265474798024766 -0.0929285689278734 0.323696755333294
0.152027273350927 0.120127212312134 -0.253443729089646 0.271802925739742
0.0440133523579353 0.271027481939575 -0.359839405714819 0.205134688312992
-0.0894839663580157 0.317202398921907 -0.344026465823837 0.341974437548136
-0.104295289642992 0.339992693361203 -0.248486504520615 0.186806095686381
0.0505481695495798 0.281032144913954 0.164252319092376 0.0132067634258972
0.180894600388885 0.122762250981957 0.00811286297691232 -0.338460958088493
0.196955335110948 -0.0353300018545332 -0.311018176249911 -0.287691393068942
0.134624127368711 -0.114135197909127 -0.427102166800134 0.0542977654548805
0.0589074026294098 -0.171325232107633 -0.237831200356129 0.25225216141672
-0.0414053162034722 -0.162483133639765 -0.0499239698228283 0.252524166461489
-0.0584004830062582 -0.146364737120135 0.046394453618435 0.215326195092196
-0.0606380877146919 -0.172689455000688 0.110328675519051 0.183649656963501
0.0512072252685913 -0.223076564964128 0.136310987841598 0.199741913998317
0.174390673941628 -0.15080607850112 0.112344864758352 0.255164187299569
0.281005319168228 -0.0553840094924185 -0.000960801298141325 0.332045692427022
0.255674498314194 0.202063304170871 -0.168556918455207 0.313474283143865
0.0402833965499692 0.411366460425022 -0.278958888199867 0.205234451815491
-0.163457145756472 0.455542549374742 -0.240101549523593 0.241289013868667
-0.224627614670584 0.403304741232506 -0.17574739397131 0.055490462068879
-0.0376858306385473 0.432756462305538 0.212386614326508 -0.0354298867866251
0.223762982127897 0.277310296285463 0.0887144348934575 -0.363160314664015
0.338219361363299 0.00895878674124059 -0.239900144374359 -0.347889239218641
0.2425961610882 -0.165813334918194 -0.392270607140636 -0.0364093859043959
0.115100100062879 -0.254672892229835 -0.235489698359647 0.157568586807404
-0.0377414601305717 -0.250875349847994 -0.0692216421469743 0.161725777047564
-0.0785895354757264 -0.21303677273641 0.0170002473860616 0.131987123172762
-0.0841955260500964 -0.227911358764108 0.0950434532845069 0.0936782555895608
0.0501489216290179 -0.287841942637191 0.155627350819996 0.105950660189634
0.20496560350473 -0.216627755442373 0.184670803683986 0.175824031815362
0.360534554541562 -0.110664946334885 0.100244952693509 0.302971148856716
0.341410098447038 0.224096095730578 -0.0682446727922658 0.329214598708405
0.0636761701108952 0.479413272299651 -0.206767066116259 0.185322777069368
-0.193681723986458 0.526782731100706 -0.13254994559969 0.111201471266023
-0.309672956169824 0.3895394427581 -0.0429978948457486 -0.0945409006385343
-0.148734422744722 0.496785720788327 0.279167121900655 -0.102126552533236
0.194200813038828 0.39400345894978 0.183656710981193 -0.359570120163701
0.408471988795456 0.0814812463516845 -0.124956926987962 -0.376812736585612
0.317971170240603 -0.170648505247761 -0.29980590175399 -0.132590895924112
0.160884037375773 -0.291481759378963 -0.202950380473414 0.0342070166333217
-0.0239330810401836 -0.299216870879352 -0.082143386818588 0.0439788712515037
-0.086555725852868 -0.247798408864754 -0.0135819259536011 0.0305135882355134
-0.0976899932218746 -0.25039608054826 0.0701946661693749 -0.00665120830294596
0.0374753042419464 -0.309013428449329 0.15562386500345 0.000223942914809186
0.204853277579499 -0.249171847329764 0.229559940292379 0.0795741026057942
0.382591089409249 -0.142838878481879 0.177450114396783 0.246082594039698
0.364555095995619 0.218919275855805 0.0141731518911232 0.309592982997992
0.0672487152152992 0.475694754084444 -0.155693716102839 0.148542266552959
-0.204901142682254 0.515329569188356 -0.0348121523932784 -0.0273792217665001
-0.329306068149206 0.303535751998628 0.12238879782708 -0.233846772786275
-0.2255425021158 0.445808406190505 0.349726255222129 -0.167034315022944
0.111765091443166 0.413962415494304 0.268920428729571 -0.324072783926806
0.379256246420057 0.137792607865974 0.00243269478894289 -0.364862656715397
0.325110218975186 -0.136512723198455 -0.17333433919501 -0.209634312444127
0.172459337903077 -0.271932787856596 -0.148392860902077 -0.0927493542387186
-0.00899827102360464 -0.295123033136905 -0.0862392494597427 -0.0779103891621632
-0.0805069433153784 -0.244033340580605 -0.0424042626768718 -0.0744155206717465
-0.0961453635237347 -0.241101087104104 0.0401002987788885 -0.107042127164155
0.0263173022777089 -0.290304608579919 0.145484527517955 -0.100100955202523
0.188565918751745 -0.23882962231011 0.253737791679828 -0.0112200867721075
0.360891774306372 -0.128401732592508 0.223406997126295 0.185501627129997
0.322946712378759 0.213837231345993 0.0669503271196162 0.273503856469479
0.0301640810819783 0.421672273882299 -0.118941949151176 0.105426848581701
-0.209346703802349 0.428221550200763 0.0519136064172758 -0.14722780714296
-0.271233485637934 0.167666845502751 0.275677675940207 -0.342313746416872
-0.234420716428392 0.300298598760893 0.401570833239177 -0.217137260590955
0.0266998150232504 0.326003736531358 0.322106938343444 -0.27585494521622
0.272402765705505 0.137395088550276 0.102545059403771 -0.326037604676342
0.257503693997936 -0.0878477083314105 -0.058971389924545 -0.256169504441543
0.143167768960666 -0.205446745861491 -0.0940699451491256 -0.197457540447363
0.00026455307796057 -0.237421662187674 -0.0887891424069255 -0.182234662827545
-0.0638616823103083 -0.200817334470034 -0.0658449475771076 -0.165456732852131
-0.0776346573072033 -0.200881727565841 0.0138632501873183 -0.194586637213603
0.0211091462848774 -0.237609703855677 0.137708133698955 -0.18436180862519
0.161437580206684 -0.19625356066676 0.270636448729359 -0.0809662794703959
0.305283331865024 -0.0810966706451759 0.252123274735647 0.143284150190389
0.234167536921247 0.208131649331957 0.0942056766205652 0.240937958329961
-0.029764201264755 0.329743747160631 -0.0903666695435148 0.0674254841099923
-0.203081238521007 0.281487993311756 0.127988142355623 -0.231327743153087
-0.159551724378253 0.00287365529754315 0.378340518977758 -0.40714677868487
-0.174699313187825 0.106261754445031 0.413073593889286 -0.248760096444598
-0.0310346577586209 0.171077385202564 0.340971288722986 -0.240443004424478
0.129593363726906 0.089398327702101 0.15430718138582 -0.296283943133585
0.143330754280058 -0.038366124521188 0.0094393101473331 -0.281337106120521
0.0855848906030283 -0.10838732856714 -0.0632447426327841 -0.26160100040991
0.00675773810398431 -0.139395483358055 -0.0935985613205292 -0.248772890087908
-0.0365906955779284 -0.124746681583615 -0.0805839044715012 -0.229222471002395
-0.046058433331312 -0.132180106563438 -0.00164132350451948 -0.259116918834683
0.0173730319127615 -0.15831141664882 0.142337402565254 -0.248148233277277
0.120699549153214 -0.133104294282869 0.294576304163792 -0.125270245198834
0.220716599649257 -0.0211679376018611 0.277266534114546 0.122837762679801
0.121517860516297 0.184228978001655 0.107595079396167 0.224377415864211
-0.086047784036242 0.205017508149811 -0.0669221089691859 0.0473456043243168
-0.173091928794611 0.100063149081635 0.190919314955697 -0.264593843649491
0.100931538280966 0.0541324112389567 -0.206906518802872 0.333397150549887
0.0887994541483215 -0.0781327717903593 0.146642438340181 0.0287512683898293
-0.0349180524859374 -0.105867246590544 -0.0773558906067763 -0.284875068816424
-0.101749122262774 -5.63973351268565E-05 -0.348068471977031 -0.180759539610334
-0.0487856448854605 0.0583789600469577 -0.392886124025302 0.159810614706394
-0.0161856346407287 0.0471245737659543 -0.191952108371118 0.339243207209241
-0.00414511487054116 0.0527708861917514 -0.00145985722041787 0.327385157775544
0.00282619409185947 0.0370472400600214 0.0977608881445179 0.286380247122337
-0.0231878903207717 0.0215429714042069 0.12654962215066 0.276248457927581
-0.0329616372735416 -0.00954787261277295 0.0942420903075785 0.296308238762312
-0.0187036400852515 -0.0171493457279293 -0.000214356860720396 0.311631040247915
-0.000399790153678501 -0.0543939974031296 -0.138269946882514 0.316409783581669
0.0773707754496167 -0.0275154911559802 -0.313467148642474 0.250497849573644
0.113397375671867 0.0800170938202067 -0.441942139295987 0.217709635132459
0.0391108073429346 0.143790107555986 -0.415355525872241 0.420492835161786
0.0173230148812321 0.220109041932992 -0.252119468690497 0.295101262479368
0.101072505871245 0.0977907500878712 0.148519160072622 0.0314873870834388
0.0871800387462415 -0.0173780564926441 -0.0533660704271601 -0.312701161986435
0.0387820360776285 -0.0384499559203468 -0.354438187303519 -0.224064772914288
0.030054101190504 -0.034549231915025 -0.424027998296001 0.133894568777176
0.00885857627721586 -0.0656007542268654 -0.216076445483734 0.325442374553061
-0.0334538446903533 -0.0557831505735709 -0.0176333566341318 0.316483610234477
-0.032867105914084 -0.0592403612103423 0.0838814414725133 0.272348032888567
-0.0437870597350833 -0.0873949076353994 0.130007271215243 0.249824863091453
0.0199209396552751 -0.131070992629184 0.119883838951937 0.271944530826451
0.0997614651186577 -0.0827251648283531 0.0460134559402706 0.306475670659997
0.156562960596535 -0.0331159597418304 -0.0862064002561243 0.336076181036291
0.161484308610973 0.118666301521757 -0.255359820475397 0.284707445970103
0.0549529122671446 0.277725184204895 -0.365608613922669 0.223051195260705
-0.082902393023827 0.330607692027248 -0.342878429710288 0.363374057350672
-0.0965019016652258 0.35060750101448 -0.246981010673896 0.201466071417441
0.0639388092110449 0.288370705356043 0.172743904569904 0.0086834393215926
0.188817370277847 0.117521275431414 -0.00154892789586437 -0.349925831159409
0.200522508790416 -0.0445051713392888 -0.330964955422621 -0.287072803130966
0.132444926054622 -0.122532116246547 -0.43685241341249 0.0732699899435146
0.0516973784235225 -0.179178822393483 -0.235839937554393 0.270387240702511
-0.050245515183319 -0.165808764121033 -0.0416436726279576 0.262218767259296
-0.0660732666387675 -0.147932294500736 0.0575721618635815 0.220547799301241
-0.0699094789055263 -0.174069509153776 0.122673711582701 0.183982297072956
0.0415897765424751 -0.233565984814568 0.149990483247104 0.203059441287534
0.174968687557834 -0.162909531608448 0.125652756709565 0.260263577892062
0.287038817770687 -0.0698923225814843 0.00973179502581115 0.343453559047749
0.270929801957301 0.19935158450795 -0.165303914573481 0.326035416445731
0.0572836726887928 0.423802378573712 -0.282234251540895 0.220048863829339
-0.154061551560277 0.474965497102904 -0.24051045333603 0.257874614306679
-0.218179312066779 0.418962169418671 -0.176917600487814 0.064764537483597
-0.022396926700375 0.447217411713329 0.220335596250523 -0.0413859895811114
0.238839051108925 0.274296673982888 0.0829323299436908 -0.37626641780956
0.346905663825688 -0.00452170297710995 -0.258575578949439 -0.350992341386224
0.241511108896758 -0.18023361237241 -0.403435046307803 -0.0194494345473129
0.106025991804624 -0.267864468800771 -0.237465187599343 0.172064931013351
-0.0509837379297136 -0.257540253314835 -0.0664545021222711 0.169069460208801
-0.0892590631165677 -0.215590394360587 0.0238199102222262 0.136886195719198
-0.0953985409817981 -0.230483819976681 0.103018809720501 0.0928989998683659
0.0374878456554491 -0.299300120898985 0.165866101310903 0.104540137626083
0.204007048033604 -0.233128776050515 0.19723408748514 0.174902892544587
0.365051324217105 -0.130458501261154 0.113896807513973 0.311513630364306
0.360023993175144 0.216806149955768 -0.0614230709516454 0.339174444553415
0.0840476429969308 0.493420618245527 -0.209960005923484 0.197484087355724
-0.182949617856656 0.548100361305427 -0.135450267962135 0.119572019207354
-0.306332932231186 0.40743270498977 -0.0456651622508558 -0.0931646568999524
-0.133898708870352 0.519054874211624 0.286506418566626 -0.110787029999309
0.212221812125562 0.395666191550654 0.180977514261787 -0.374886565127711
0.422941461387868 0.0679359055400222 -0.139698502259315 -0.38521935696236
0.317800778171445 -0.189854904427906 -0.313154341192426 -0.122015502261685
0.150105581863698 -0.308540750869061 -0.208963009298706 0.0428252203578309
-0.0394560346509266 -0.308047349173125 -0.0844958696578483 0.0489032530851635
-0.0985731882721995 -0.251195813362399 -0.0127400564463275 0.034531647551697
-0.111070419095957 -0.252393922723948 0.0719614066465153 -0.00942074279143968
0.023912606515171 -0.321125304908367 0.161679189600072 -0.0038987545219595
0.202157881074143 -0.264859671722002 0.241605439584477 0.0734693989981323
0.386794731138724 -0.164451372958954 0.192365870017499 0.24983741692165
0.384869963853437 0.211267534525662 0.0241499077534749 0.31737464672499
0.0878310599314371 0.489320299547357 -0.156567501427535 0.158717524514274
-0.195085541243969 0.536632267495323 -0.0410500976421074 -0.025974072457094
-0.328910448916317 0.32030923753282 0.11991875164953 -0.242504530956377
-0.218798787401734 0.469695647719505 0.355970104846984 -0.180015486839946
0.128500023268694 0.421205222678511 0.267935931576115 -0.340922515761531
0.39412773551053 0.127324524403461 -0.00778085773375633 -0.374709603225835
0.326762950712899 -0.154419891743713 -0.18668459351566 -0.205891739668709
0.163775389455057 -0.289058907763599 -0.157914519953258 -0.0907806364138175
-0.0241832464823565 -0.303915411472179 -0.0949794350688918 -0.0774169201426454
-0.0933663930187936 -0.247197679877942 -0.0472668499051892 -0.0716531995059009
-0.108466801853574 -0.242742061747776 0.0366003671543273 -0.11072489090168
0.0138300941723719 -0.299929388886552 0.146886426460889 -0.10762955970685
0.185625117493283 -0.253297758183952 0.262531299041202 -0.0218583765632388
0.363457836367906 -0.148242263206127 0.238020955403972 0.185698605136435
0.341018991761184 0.207282510780054 0.0777656521158452 0.278862865292502
0.0466247656935111 0.434478767273376 -0.120297092829182 0.112600319280529
-0.201080618175307 0.44561026058297 0.0426917526630222 -0.153482753015708
-0.273545160006133 0.178743930384528 0.275056007677117 -0.359089776930078
-0.231514014851725 0.31781922176108 0.406635040087879 -0.232483323200167
0.0379739705306555 0.333673130488434 0.325161473348908 -0.293414193753624
0.283196700199133 0.131980716333491 0.0965370353030411 -0.337921932390843
0.260428446943679 -0.101656217243559 -0.0692811193498729 -0.259478824609186
0.137391502323695 -0.218425420791699 -0.106484401017929 -0.200408345642211
-0.0119814034532502 -0.244347119935347 -0.102891233986114 -0.184315174657684
-0.0732223377561244 -0.203602808402511 -0.0770654164366317 -0.164344419767384
-0.0870110238664514 -0.201850669908276 0.00592330196586915 -0.199061268911459
0.0113695700280694 -0.244442996431236 0.136118674118112 -0.195346726038854
0.158937735246589 -0.208354803688857 0.277135544440496 -0.0934164849749554
0.308574088519885 -0.096104472999754 0.265393955349117 0.140809063440099
0.248018146314875 0.204488568676227 0.105777866415334 0.244586117087077
-0.0190050013037228 0.341583149711173 -0.092538589011556 0.0724734038211016
-0.19925599813086 0.294134131463681 0.117402507405149 -0.242101968249005
-0.164365726325328 0.00757434733229738 0.377078848563847 -0.431216446939708
-0.176083451724846 0.114773856728325 0.416733468965118 -0.265173364996863
-0.0264855399754531 0.176716245393633 0.345655273917361 -0.257057015614433
0.135614897363152 0.0875724957479219 0.150211545627678 -0.308812370176313
0.144282362416178 -0.0460077698069613 -0.00158866114147325 -0.288862418219433
0.0828096739436192 -0.115271202461812 -0.0781151657698238 -0.268628719921705
0.000194735391123629 -0.143587407693666 -0.11149347357812 -0.251892253278383
-0.0419117925630603 -0.126859838360176 -0.0952456401568148 -0.2298517207484
-0.0514428837510293 -0.133379938792827 -0.0136036880183677 -0.263366455417891
0.0108727730806891 -0.162714776997801 0.137178406987722 -0.260651740005766
0.11860509078091 -0.141538477019444 0.300492390582088 -0.140353344978607
0.225476059245513 -0.0315046447934276 0.290659334715974 0.118283822199505
0.131363952580764 0.185303822829751 0.119292701001054 0.227691848626344
-0.0816600149571688 0.213721019108421 -0.0697313422720246 0.0510203416160919
-0.175350183214642 0.106886627195473 0.181029228668973 -0.278707383973647
0.104054135628697 0.0501016406796586 -0.188594682454475 0.352011482754436
0.086367401147487 -0.08631241828336 0.153981568047146 0.0191160990330565
-0.0434146791646211 -0.105421712721634 -0.0989237463969405 -0.288530241864606
-0.1035878082682 0.00714775139761229 -0.371071194189575 -0.163200052045474
-0.0455438975821111 0.0638141523054143 -0.39039178806485 0.19122386230796
-0.0129751203579166 0.0514709314903587 -0.170645803293921 0.3624641715244
0.000273390411995641 0.055282959002424 0.0224134497076086 0.333961835249141
0.0056704908957468 0.0376692540287847 0.121776004742584 0.284038193932218
-0.0224302932403248 0.0233539777870463 0.152019867039623 0.273187194938861
-0.0353808227514507 -0.00770607979996627 0.119604331749971 0.298711829875018
-0.0195655300066879 -0.0176324282305993 0.0193803550778195 0.321974175234956
-0.00379604106029873 -0.0563142272574198 -0.122345709462168 0.331270773932515
0.0776362270174043 -0.0323647402010165 -0.308992911259127 0.274425523578515
0.12204900658376 0.0739533500788757 -0.43988330252051 0.25161947479481
0.0477752266782198 0.146333301337014 -0.39518940501567 0.458218129643286
0.0289722550345504 0.223238264508923 -0.236508006733951 0.316910582374126
0.110980982789035 0.0934970727253925 0.156753796560619 0.0227043248823176
0.0860145662059903 -0.0243711154799502 -0.075224232935661 -0.317583511035984
0.0363195328699135 -0.0434611518605356 -0.379816386710013 -0.207108022620769
0.0281802540147022 -0.0366812680085581 -0.424771879468167 0.167207400187723
0.00345508486043678 -0.0669480348452636 -0.197601285663265 0.349043970298896
-0.0383619288326208 -0.0540249790573288 0.00475210825721697 0.323951821103899
-0.0380081935243434 -0.057877471955716 0.107781180686868 0.271997075688541
-0.0514389554585392 -0.0858008397635831 0.153665924557091 0.246630075261658
0.00941883347275664 -0.136100324747511 0.143613972934559 0.27165568569019
0.097221391715551 -0.0931075119327159 0.0680045299310794 0.311965599701629
0.15757212085907 -0.0454062135935711 -0.0677673575881221 0.349913559624665
0.172617773114275 0.11170104131574 -0.247353405969124 0.305911294012363
0.0758198951450944 0.281090610522122 -0.362411867432667 0.251491974532279
-0.0648809633995216 0.344132784049909 -0.327106500730595 0.395455698342635
-0.078409841459777 0.362315952507754 -0.236459019541925 0.223107672908735
0.0856652926451734 0.290565931360222 0.180625321196782 -0.00160564229772283
0.19911462943568 0.105823232171788 -0.0233629277857221 -0.358183791419991
0.201225404535759 -0.0609338673264784 -0.358680717623039 -0.273645739394076
0.126108882387144 -0.134553426928592 -0.441916112304034 0.10619274958628
0.0383117264969151 -0.186789910018938 -0.222550907156644 0.293889325291795
-0.0640640673987196 -0.16560675206827 -0.0240170577835469 0.270956569890938
-0.078327801600921 -0.146180981260601 0.0769021183059232 0.221194900208572
-0.084297668660925 -0.171974424254625 0.140758359848204 0.179978354240291
0.0234510894890783 -0.241909737428026 0.169875666526706 0.199369328690875
0.169174704851375 -0.181075837639466 0.145827581255488 0.259240955712922
0.287686922211659 -0.0923624641765299 0.0315188936534642 0.35270128725941
0.290811262261212 0.185883002891825 -0.151299612040248 0.341696806091693
0.0869016487941022 0.431403074074218 -0.277570757892728 0.243213983289228
-0.128099209964293 0.496312376127805 -0.231460479375919 0.280573506768247
-0.197069376881287 0.438930168589369 -0.17387189144041 0.0790187167452958
0.00881118869696869 0.461336710214582 0.226212200528732 -0.0538129013829759
0.260733376205095 0.263221828045058 0.0619605878922032 -0.390043487775157
0.35385579910518 -0.0303102229099462 -0.287921142101336 -0.34442220066402
0.232875237578392 -0.201678123073845 -0.412837235071632 0.010013545327234
0.0864109204087792 -0.282307896496797 -0.230294829767735 0.193180208938064
-0.0720058228332716 -0.259132911525314 -0.0565981799295666 0.177759641969704
-0.106928488948001 -0.213109994920248 0.034731184677608 0.139410411009706
-0.113875939503982 -0.227031987813554 0.112915369651968 0.0885395750829007
0.0142005986588944 -0.309599560358803 0.178896115829527 0.0973229679322231
0.193020539409508 -0.253636157485631 0.214809716259752 0.166319118268386
0.362059093052007 -0.160013894856151 0.137764841531841 0.313941544498079
0.382681856803496 0.196912246114109 -0.0423594163662215 0.348878856249196
0.120158382309548 0.501634755038294 -0.203242548658776 0.21581443032474
-0.153195084953152 0.570507967556567 -0.134442135359261 0.132744160496128
-0.28841655782354 0.432528823344967 -0.0499023045520535 -0.0909338127954032
-0.10169590895456 0.542329728814422 0.288778504022404 -0.128520943409545
0.241791024397732 0.390909163953327 0.16412604660353 -0.394002531655163
0.435133725964948 0.0405096484002605 -0.167766791497172 -0.385460135923656
0.310381462997959 -0.217402714831425 -0.326301622310865 -0.100191547062824
0.128502592709671 -0.327432011260636 -0.211170466127293 0.0589187623025019
-0.0654051364509772 -0.3127115898332 -0.0851211878379728 0.0558871542222996
-0.119142317534418 -0.249157825627634 -0.00989316078514038 0.0382966716746207
-0.131613536732991 -0.249095819296364 0.0733748247969399 -0.0144795905499126
-0.000321376120082948 -0.329767435968297 0.167066899277891 -0.0143944542653369
0.188871921170462 -0.286929967885075 0.253371125813652 0.0586225993977094
0.380833716924486 -0.196811315083693 0.213977017850454 0.2457695087371
0.407793785641366 0.188981480943136 0.044538769816471 0.321209198107457
0.121167281500659 0.496418790655088 -0.151777905215305 0.173010390516962
-0.164035825192129 0.56045629158721 -0.0478661792463847 -0.0232432082173927
-0.316623500773181 0.346059255451114 0.109472774623696 -0.25471137089144
-0.191711073031675 0.495389885920731 0.353741083992551 -0.202565941419257
0.15804217903268 0.420621133156922 0.256454984943735 -0.363897304879328
0.411800448244729 0.10365735896868 -0.0303519218124186 -0.383161313108103
0.322478792989937 -0.181597548805131 -0.203242291440547 -0.194005240009666
0.143344790248242 -0.308408764267467 -0.168540458176583 -0.0821208593126827
-0.0500314298201136 -0.30922412058268 -0.106377799521172 -0.0717929329033504
-0.11333553067864 -0.245347913259501 -0.0538626749021754 -0.0671633837996357
-0.127718986379529 -0.238662428515673 0.0303071516677595 -0.114638738495174
-0.00855571630392102 -0.307560093932272 0.144322226694896 -0.119410263277104
0.172600502130432 -0.27363762953665 0.268190859318306 -0.0407309361851989
0.359170467788574 -0.179478325020231 0.257749834327593 0.177786036148224
0.362919366284046 0.187956519917804 0.0983125830292049 0.279151381628972
0.0774650931068417 0.441643163297347 -0.117429813522195 0.122627248330154
-0.17690969770416 0.467604781539719 0.0282497352523492 -0.158910759428587
-0.26974542332784 0.198938476708472 0.260556300642154 -0.385193855750014
-0.215306955715873 0.341558383908986 0.401476767579202 -0.25942200963312
0.059476726425111 0.337537377356588 0.316548311243343 -0.318740403530137
0.297652244658631 0.115553114734976 0.0792680295873513 -0.350755356866962
0.257755496705722 -0.122856463486676 -0.0863058430391012 -0.257239139494731
0.122285735648442 -0.234095324658972 -0.124634568759349 -0.19938671918046
-0.0319695971908686 -0.248715701672253 -0.122679550327718 -0.1805745767283
-0.0892654782592276 -0.202430449623668 -0.0913121450541281 -0.159618193600197
-0.102057531380261 -0.199055335289585 -0.00879962994507339 -0.201982414420786
-0.00637235772998681 -0.24978216535392 0.12589605676326 -0.208161453092124
0.148452905736552 -0.224873466856837 0.278755779663413 -0.115143029167548
0.307816285853913 -0.121321021738835 0.283029729901842 0.129144384723214
0.267949927857577 0.191911115395073 0.124303224755563 0.242943556544716
0.00352944247860147 0.350067080219608 -0.0923290139530093 0.0805122716852711
-0.184402984335014 0.31232529013015 0.0980802094098441 -0.254105969470031
-0.168309545161398 0.0171343517781489 0.36000509727246 -0.463665585416303
-0.173439616484194 0.129430228756014 0.40881381157665 -0.294213573696887
-0.0158302556045545 0.181970014023479 0.339208646037036 -0.283155570614802
0.143727171920805 0.0810685506126284 0.136809703296846 -0.32367100687228
0.143230559517836 -0.0581446717805516 -0.0186309113290337 -0.293120007575074
0.0745703101460398 -0.123864395309146 -0.100534118814191 -0.271228908374825
-0.0116868065544886 -0.14662110596372 -0.136382744174156 -0.248913355666316
-0.0513688139859088 -0.126767564567161 -0.114731953742446 -0.224632605960809
-0.0608040808505448 -0.132034558846459 -0.0324535038882993 -0.266102382030293
0.000371999741057128 -0.165937036661579 0.122165932793444 -0.275175998064408
0.111881500180396 -0.152855646231107 0.299574322404989 -0.164094285645649
0.227438538458541 -0.0479983276838996 0.307796381982986 0.103534745969
0.147678433646544 0.180202257543796 0.136698526809514 0.225221995742292
-0.069592949876885 0.222946086062228 -0.0710052574705186 0.0570934209602339
-0.17225274089306 0.118262665574335 0.160686321745187 -0.295651133403035
0.0751545723276258 0.0900314894462397 -0.320551577093087 0.24041824060554
0.114105420246497 -0.0446535633766541 0.131153212016275 0.0834881476439808
0.00249107882907367 -0.110623188017171 0.0289706869343813 -0.302242286569217
-0.0938583308503665 -0.0317994997664373 -0.273646014530336 -0.303073323810833
-0.062884463464181 0.0429746087708442 -0.432725005278166 0.0134610472211607
-0.0300898573237553 0.0446659348388393 -0.306064697193592 0.258047815769685
-0.0208167124357524 0.0548268500367429 -0.118152282847703 0.31239903860897
-0.00935613944014846 0.0379835103711251 -0.00262194799523431 0.30567649424566
-0.0284368658314633 0.0124049974806452 0.0300242089892553 0.309755011653386
-0.0280588654964248 -0.0204740225400008 -0.0122185485386548 0.319610283410692
-0.00922256026112741 -0.0227471241779396 -0.117204930119913 0.299239381128543
0.0197943950144794 -0.0461353434751926 -0.25102728900905 0.24250273206485
0.0811719207758854 0.00765102182786539 -0.400815167687161 0.114318979783243
0.0748233202293965 0.121039302455435 -0.51749459109982 0.0366782303947049
-0.0173574652810229 0.154921132100552 -0.569293354751272 0.236448415680106
-0.0652854106740927 0.215635931914484 -0.344800484694281 0.190411158232536
0.0622367631951622 0.13124669475486 0.133779297069184 0.0834057336432604
0.0858760892226764 0.0175448798765015 0.0631905443318052 -0.323342983871017
0.0522179208087963 -0.0195988629830982 -0.264860020792167 -0.351945500655994
0.0462335068985088 -0.0170896146510253 -0.458183796476129 -0.0250793681496159
0.0324604992611422 -0.0572726604058758 -0.329711973136531 0.235914111000572
-0.0124057473668776 -0.0617820869595134 -0.130981104978094 0.295467157365431
-0.00948761524592438 -0.0686732207258566 -0.0113188043181328 0.288549705108553
-0.0106226459095869 -0.0983815346452323 0.042676375637627 0.28470024956112
0.0639581831340074 -0.121191515454609 0.0227499250202398 0.305193716715936
0.129996778704092 -0.0455506480766241 -0.0651500071340194 0.313789214484376
0.161795988177096 0.0291126650896453 -0.20621628733732 0.288862250432306
0.107541937005647 0.178961176321856 -0.360325529675388 0.173538225039114
-0.0529284063798966 0.291567604044768 -0.451386469643054 0.0684923143072777
-0.201617421570973 0.287495207924474 -0.47992101218389 0.206315478657107
-0.22290386596699 0.296642543312632 -0.300108698645276 0.107334352544819
-0.0441897377623495 0.301643652090567 0.170722376788405 0.0685963677556367
0.133967983681949 0.183287084147769 0.129905255662681 -0.342374592638335
0.207179548189624 0.0319545015469928 -0.216037168569403 -0.408025595573824
0.173906272261793 -0.0648347592759888 -0.452823409640633 -0.0912820409119432
0.11229523632639 -0.152883722761898 -0.33123404968676 0.174378033540099
0.00853132602587961 -0.175757904138989 -0.137295453061503 0.235037836266692
-0.0101986926381925 -0.165910608021692 -0.0190744407760262 0.230125564184723
-0.00682842660890217 -0.191187432687376 0.0578072902996289 0.219861782286243
0.118384052586342 -0.213954185707798 0.0773989931743012 0.250081384745031
0.232403647858572 -0.0981214961031126 0.0321661187991656 0.298400390706582
0.299305131554358 0.0376094420194923 -0.112801959071056 0.336745701396527
0.183978694075718 0.296031105158158 -0.288537830353475 0.250744296848935
-0.103411701982077 0.432760426621627 -0.374702859397004 0.0969878825658869
-0.322062236275112 0.398891112575204 -0.343741252753502 0.142336206344809
-0.36530154073546 0.316113577661123 -0.180181964502501 0.00610025079747011
-0.18776304078742 0.425488595486257 0.238509039476576 0.0376839260648155
0.121346367466733 0.353098910110736 0.224598784385493 -0.339567311571495
0.330408884486072 0.122119933353025 -0.119689599708424 -0.446390012029806
0.296880948315689 -0.0812349285744509 -0.38823989465404 -0.171371498904762
0.193732704891967 -0.22210497841707 -0.300265049263978 0.0775452914605955
0.0382093667116414 -0.266260758832914 -0.129626501230088 0.137270672432199
-0.00869005227121956 -0.240220935045577 -0.0250675717898546 0.140517870678623
-0.0112761322781944 -0.252851463649816 0.0692566915219568 0.125020662467711
0.136688192019183 -0.279779512421783 0.127815624570257 0.161985954667394
0.284455879168252 -0.156478942166531 0.135654946994363 0.243041780728195
0.394184629710429 0.00406205860082347 0.00224906340466944 0.348523383151511
0.263452001054919 0.346407644170868 -0.190588395033627 0.307518271416191
-0.101311349291384 0.509682568038642 -0.296478979394667 0.104190510333966
-0.377121829040503 0.456272313824996 -0.190408220795594 0.0517617572971594
-0.449916093679989 0.271041858421567 0.00607315696918416 -0.0947459372175263
-0.323997747535 0.453214739101621 0.329151474735484 -0.00313275662225169
0.0498800054735787 0.461138490657443 0.323126556650944 -0.299591285783356
0.373313437811052 0.220324637029814 0.0102934052511915 -0.434772184379308
0.372406918812781 -0.0631413156319002 -0.262275461796457 -0.239236316889886
0.250904745242123 -0.245824308525748 -0.22672058207783 -0.0378136172735245
0.0649635136669167 -0.313204439769766 -0.105711822967981 0.0137928924544003
-0.00605459117360116 -0.278481635781069 -0.0262503010073681 0.0317932027627081
-0.0184588916385528 -0.279241520026826 0.0744390365057547 0.0166030788814767
0.130484918157704 -0.304296056826376 0.162227055269967 0.0554990648015825
0.292950806616971 -0.188230671762721 0.216064418556657 0.159369714255251
0.426798181936165 -0.0235412237759992 0.101642156097671 0.319796327571192
0.29124376549673 0.346773750201606 -0.0985839819896737 0.321023753789145
-0.0976718328543801 0.505952967132559 -0.229574332238868 0.0874327455782282
-0.383213819063361 0.440692989961406 -0.0428726110762833 -0.0505962690620207
-0.440769211767392 0.179766488074389 0.220107775175143 -0.17635250822448
-0.392108958063575 0.375086870333243 0.422333260779024 -0.0407396364617339
-0.0420307894481836 0.452242695052213 0.397105379963076 -0.230774241850833
0.323626490719715 0.265092327016131 0.137355031771949 -0.373222621700909
0.365464175089718 -0.0271157791392062 -0.108733977322423 -0.273696813980792
0.255558615629708 -0.222760246938015 -0.128078411236536 -0.149624186313195
0.0776797381575667 -0.304214132314843 -0.0724450988986803 -0.110612857108464
-0.00245323226160474 -0.27355995232451 -0.0254082466397103 -0.0806506121119722
-0.0201366619713397 -0.268057789631539 0.0752268883870352 -0.0917631285964073
0.113816536929748 -0.286988842696353 0.182780293707902 -0.0489243257747016
0.27154208297753 -0.182872291270217 0.269756304550274 0.0751877200071857
0.399857783759935 -0.0180543258820934 0.170234228477373 0.276511230330411
0.251985367976294 0.325907807088357 -0.0319459372968358 0.305208014055476
-0.113937254326123 0.436752117909575 -0.174682984806994 0.0568168341565293
-0.355137717860502 0.349684095864292 0.0889199898290623 -0.13866940321731
-0.33877910104837 0.0656087136873637 0.409691282265019 -0.233611384439683
-0.347796984617081 0.222963370588026 0.48576113783298 -0.0682004961994634
-0.0955653697799523 0.334350283917033 0.432786189314744 -0.159053190783633
0.215988187656502 0.229087209397632 0.225342185078285 -0.29394499348576
0.280508414461899 -0.00214458156605538 0.0256837099463141 -0.279660618328207
0.204611346608033 -0.163130593286622 -0.0375592720210758 -0.237365702167105
0.0680956638911966 -0.24277197694277 -0.0423669980220363 -0.21531834478976
0.00164498345980562 -0.224660946659894 -0.0217716514101505 -0.17963021808576
-0.0138486414966539 -0.222482123738285 0.0739865517547424 -0.185444919419677
0.0927882658971791 -0.232325120536138 0.201002645133254 -0.13673602166491
0.228036376383743 -0.148090688330045 0.308358682752264 0.0111194979643807
0.329314292315801 0.0133444389325925 0.211922051802935 0.242482542710815
0.163658059470048 0.288950940793883 0.00769731706783441 0.282184059232894
-0.143042653774776 0.321420341700476 -0.13011610543845 0.029400171080974
-0.297177920066762 0.20463113487713 0.196777457359095 -0.191923186041604
-0.169757227129335 -0.0572077303713633 0.529364031471532 -0.26485251370814
-0.220875684444925 0.0458173557227076 0.501131520319199 -0.093629216219194
-0.0983517877740377 0.159303438299036 0.435182705356648 -0.113040982797081
0.091156268392462 0.134152073295109 0.265404623362007 -0.240237456389225
0.149685824424295 0.00847452183975239 0.104298404217478 -0.280481319782259
0.116439892150766 -0.0819421122722 0.0185027125861663 -0.291868084777993
0.0462575561217936 -0.140180847001699 -0.0255567169849665 -0.282472096586491
0.00510963028438852 -0.139068581548683 -0.0177923114105491 -0.247248460868406
-0.00265575822959975 -0.145523318583661 0.0771194298306657 -0.253156896311827
0.0661898837976798 -0.152367170986854 0.222615779842836 -0.198792178916832
0.165253164617175 -0.0962597013302685 0.344947064879519 -0.0240721222047149
0.229044984130732 0.0472362660775345 0.24142196430986 0.22935680403331
0.0587742570285241 0.228394768118516 0.0248773180832867 0.269597002925672
-0.157170865364066 0.173965791811673 -0.0975738565541377 0.0170433967732398
-0.205535927204338 0.033371485606618 0.274022707313788 -0.19979843641791
0.0773093264538758 0.085070360822085 -0.29415352822247 0.257730991280593
0.108421625778703 -0.0520544413221643 0.135843938900805 0.0735325379415805
-0.00605771408031552 -0.107175062511314 0.00627684490196117 -0.29604175055677
-0.0938396633292397 -0.0241596861825129 -0.2906933286261 -0.276859071491357
-0.0577731593173885 0.0472910797751846 -0.420920604545324 0.0446697387874676
-0.0254945207916223 0.047365112795474 -0.276901018365285 0.276426299561737
-0.0145828399859852 0.0558276713930288 -0.0906495194356252 0.312797461741954
-0.00546835113567275 0.037766901900006 0.0229752223686344 0.295689185088043
-0.0280481180182785 0.0148300250164975 0.0562611154861644 0.299443206714181
-0.0292665465744586 -0.0178361544419989 0.0145501532126549 0.315605744718343
-0.00935811688320302 -0.0221543318018158 -0.0941221701571752 0.302997694161128
0.0163912404132854 -0.0455123886130044 -0.229069595675998 0.252731274210129
0.0805294184548277 0.00299754543119756 -0.385674732489378 0.136445845676228
0.0825491949419286 0.112712760945021 -0.502686191129175 0.0726839295315563
-0.00722971928426469 0.153151651032443 -0.537145144637671 0.270396390227392
-0.050907645725276 0.215214254606965 -0.32007906648907 0.210394748193432
0.0712431825301454 0.123593827968786 0.138650599851035 0.0742642103092753
0.0838179877568777 0.0101785738946787 0.0377510889164595 -0.319714277488296
0.049309283958767 -0.024691178322774 -0.283659623894742 -0.324247024397931
0.0431830577864689 -0.0200895432358829 -0.448177652607383 0.00978283282842633
0.0266730730807069 -0.056717873903849 -0.30190191555532 0.256240233749398
-0.0162651784578818 -0.057958786885934 -0.104641745118427 0.297758179532886
-0.0144420538538069 -0.065239319038765 0.013738943932669 0.280293365577866
-0.0190004135883248 -0.0944178557908401 0.0663605726255365 0.275055331771876
0.0513012417121357 -0.123412086534921 0.0478918234708143 0.298384950241174
0.124662966056787 -0.0555524468547466 -0.0407114013968103 0.313400551013658
0.159469411682996 0.0154864866656417 -0.181715624334147 0.296075848090713
0.117833747358247 0.1675674851392 -0.341999844700841 0.190258188861292
-0.0291777211022293 0.288688670168164 -0.436974620467316 0.0975793732811899
-0.176755915426405 0.294468830595318 -0.453988821175895 0.236689371502652
-0.198374370550564 0.303654464875923 -0.282892759389183 0.127144095611491
-0.0198270342100342 0.298373241005177 0.173609646721062 0.0576634799200101
0.14156410547184 0.167546187578916 0.10271895966993 -0.343065569893635
0.203210016814277 0.0135860779404253 -0.240244272220746 -0.383112082967804
0.164434397742966 -0.0764476082825007 -0.445495713442307 -0.0537039877129061
0.0963370074072899 -0.157608237261477 -0.309544833791303 0.196232392593123
-0.00664359364808135 -0.170601815166786 -0.116230642166761 0.238471308303891
-0.0231789804690609 -0.159703266583689 0.00070055931807791 0.226020119723578
-0.0220305933804037 -0.184030207003113 0.0746386489483903 0.209605792461938
0.0972661527881204 -0.218565247429121 0.0969044087896142 0.240354199786807
0.219884595820363 -0.115070972086324 0.0533602203875593 0.290922238885108
0.29327381482619 0.0132026036027564 -0.0866608337879644 0.337454970639314
0.201480750970441 0.275654488199568 -0.266044583295285 0.261924918458317
-0.069883367496532 0.431151371467023 -0.358976749376005 0.120538224689928
-0.28708320585796 0.411418062471716 -0.326775148764643 0.164147306713911
-0.336355006062055 0.330703812737089 -0.171826983355495 0.0199929142894571
-0.151547968661908 0.429793890824049 0.23728057140668 0.0242111796748644
0.142610584332505 0.333423827084495 0.196709949134754 -0.344717151813179
0.329378514050273 0.0927266178097499 -0.14771747128968 -0.427091551015661
0.281646352065115 -0.102827463498426 -0.388582060727297 -0.135352272565958
0.169485471494956 -0.231189707090503 -0.285543700219902 0.0995088579316077
0.0140440485088635 -0.261398021738421 -0.117371141331017 0.142451188430158
-0.0279252963025643 -0.232065976228737 -0.0122055828080312 0.139342002040981
-0.0313536003171223 -0.243872719107521 0.0783856104657479 0.1163521998947
0.109424478509621 -0.283987925081245 0.13889359205499 0.149730352485456
0.266419012613956 -0.175002961226901 0.150867305152077 0.227693207732994
0.383207364344157 -0.026774719174874 0.0277866069531098 0.341757049543948
0.281614719117748 0.317539742000856 -0.165548339686529 0.310281441140554
-0.0618404586336253 0.506667301462683 -0.282655994872145 0.122588373146261
-0.335617082424173 0.472177289619221 -0.185166558004896 0.0639760211002209
-0.42028092933146 0.29305649189096 0.00201865111704555 -0.0912946244062067
-0.282209617515932 0.468787263055554 0.322326398098679 -0.0212193199351149
0.0805209372494118 0.44476541409356 0.296801256925093 -0.312304313191318
0.378732400926414 0.183633705084134 -0.0184367232342583 -0.424458689285062
0.355746842918423 -0.090356120262347 -0.270533844623356 -0.209648143001527
0.221886837842535 -0.26023367399613 -0.222964614697115 -0.0194551475022404
0.0351683610446272 -0.309261157623754 -0.10433999357322 0.0210024702398793
-0.0289569950757391 -0.269743365416151 -0.0225036468964914 0.0339287565830702
-0.0401126388162601 -0.268491913127889 0.074612504257717 0.0105586328410909
0.10195564950564 -0.306315067512681 0.163884118507381 0.043580227699108
0.271670350690053 -0.20815885618625 0.22396761481813 0.140266030827929
0.411348600156735 -0.0571346367111322 0.124493489382505 0.307021763741468
0.309185560085484 0.316529250621873 -0.0729170720339749 0.316782643210969
-0.057500247336257 0.502859340577203 -0.219386946318047 0.101507932692605
-0.342809588271595 0.457039535129635 -0.0497160318778771 -0.0464597938352558
-0.418725864384855 0.204187667248756 0.20438936570257 -0.186259921611936
-0.352007162546434 0.395987205664932 0.408542729684177 -0.0640012484519938
-0.00967680039824049 0.442693263104032 0.373282007117287 -0.249374630734251
0.333382660553279 0.232977259250201 0.110197711538175 -0.372782167386337
0.352592540172605 -0.0547590097848036 -0.121932192430016 -0.254571036895007
0.228118182477823 -0.237602515998542 -0.135763643420515 -0.136278806386765
0.0473750110328464 -0.301801271585471 -0.0825977345742524 -0.103454684228711
-0.0253465854040629 -0.265314649646256 -0.0309075133463386 -0.0747351125019126
-0.0413741360006432 -0.257728613999511 0.0663115803486116 -0.0938971178109419
0.0873190660432269 -0.287003406922113 0.175303990447193 -0.060736402223966
0.250702809035028 -0.200691157914305 0.270269811340616 0.0536234819317557
0.386101745999091 -0.0497059363677317 0.187915241514266 0.260125302977488
0.269994367198087 0.298825841574099 -0.00852894328057808 0.296773369651751
-0.0797211844361451 0.435030147592534 -0.168177421084715 0.0673466798867177
-0.321961822409163 0.365035223333124 0.0708803565817249 -0.141211658648493
-0.325930771037402 0.0859078512373074 0.383750991108879 -0.255160177420006
-0.323568153289052 0.242915080258984 0.467853504808934 -0.0963686618465447
-0.0707279266882863 0.331608718611061 0.412445320345543 -0.182691392615846
0.226081663713571 0.206939730679305 0.201964029254888 -0.301084494134761
0.271802540980612 -0.0239403473529612 0.00792804445300681 -0.270738039008618
0.184429853023745 -0.175739450096541 -0.0540759339046656 -0.229932905045283
0.0449277196826041 -0.240613775779751 -0.0617797044278368 -0.207301542809057
-0.0171862704914326 -0.218055530293471 -0.0361525924440484 -0.17017372413971
-0.0305069649762124 -0.2139233101927 0.0578296416136449 -0.184331557326886
0.0718877715219391 -0.232586168999042 0.185545024247441 -0.147008175786698
0.211365125559795 -0.161920981149253 0.30346498719062 -0.0105996017904163
0.320239444689689 -0.0135903172980897 0.226709208370605 0.224320272506193
0.180712214710159 0.269100344996418 0.027956861283476 0.273125169850747
-0.116587052723123 0.323470406944931 -0.127174281330818 0.0372737095854369
-0.27489298753534 0.218668750900925 0.170929951665767 -0.20092488901388
-0.169685224815523 -0.0438625891868695 0.49729952303951 -0.295701091865387
-0.211882549368517 0.0599593899818709 0.480870735432009 -0.121217098511184
-0.0846890100056355 0.160977914565189 0.419175888354576 -0.137372459911394
0.097395563685757 0.123841080538877 0.245332154651905 -0.250978940719858
0.144929382264014 -0.00340056796081039 0.0841067111313328 -0.278532708144175
0.105608262606891 -0.0885765934641029 -0.0054196606003931 -0.287760909393845
0.0329236817755602 -0.139276823561778 -0.0509560616240882 -0.273301886331698
-0.00591321460554144 -0.135010983124474 -0.0370306923143903 -0.236302997622485
-0.0139505524663768 -0.140136767367037 0.0552537400529264 -0.248992435580419
0.0525137614672831 -0.152870222410657 0.202100067091726 -0.209107411099674
0.152654904731334 -0.106539721875769 0.335455660807181 -0.0487864108854862
0.225731136629608 0.0273172812533202 0.254150662986266 0.209171681930349
0.0751264540638944 0.217754809250853 0.0446660042249513 0.259449078527088
-0.141247438191442 0.180248561068389 -0.0967496346532788 0.0235443131137808
-0.198722917796314 0.045379280765516 0.247222460763362 -0.213435255183315
0.0767861131057062 0.0809219177790205 -0.269240270892069 0.264386987561724
0.102978571800475 -0.0551795323559649 0.136590800804128 0.0652087307334747
-0.0112286988170523 -0.102347320172558 -0.010320944204036 -0.285839396479756
-0.0918119639065635 -0.0183218827869178 -0.297613939801535 -0.251434557888012
-0.0524943856240684 0.0496461157295089 -0.403685429983096 0.0655783980533982
-0.0206185854555386 0.0487979806712541 -0.2502762989753 0.28428800825288
-0.00920707791489523 0.0552500339430295 -0.0682475625209844 0.30678237749783
-0.00193585229137415 0.0369213080227592 0.0419323153062456 0.281350007703511
-0.0266444101799384 0.0169830867940186 0.0747732761302165 0.285292855182836
-0.0299290779133218 -0.0153771655761964 0.0342946579989148 0.305398926889647
-0.00950139632797549 -0.0211530667765063 -0.0750660290858791 0.299848817712447
0.0130554120088858 -0.04445862598663 -0.208993759467424 0.254743481895949
0.078768089298329 -0.000296547185608773 -0.368608516544843 0.149192876850383
0.0875630769395218 0.103998152479122 -0.479996682751944 0.0945698081889799
0.0010738406163334 0.148368070550185 -0.502140861856652 0.28954384026609
-0.0399376821315333 0.212083801596454 -0.296364167818446 0.220113004538309
0.0765956383593932 0.11590341996651 0.140555708367152 0.066104227527969
0.081011443422365 0.00540645058502971 0.0187346154191058 -0.309938119723127
0.0453172137603903 -0.0280661782545825 -0.292874480113365 -0.298247065392686
0.0407023623715599 -0.0213814845618982 -0.431216885734258 0.0343434249798154
0.0221975925159034 -0.0556260803406905 -0.275419019947899 0.266111759545313
-0.0190405752551612 -0.0542757728641074 -0.0838870709221014 0.292317339451856
-0.0169438239339112 -0.0616738017590402 0.0310499971177877 0.268080198838076
-0.0249029820758688 -0.0886329225444091 0.0820058046538413 0.260452550969588
0.0411881533786081 -0.12296614144862 0.0657930973089778 0.288143863518462
0.118199332590244 -0.0621583692437174 -0.0227380754202259 0.307707048298476
0.155061415240361 0.0057172244615925 -0.160128611970434 0.294777009903636
0.124453869959825 0.156227561216921 -0.324077693565295 0.198659787683378
-0.0113633687615412 0.280558280127099 -0.417886666633279 0.115994962809325
-0.155713079103788 0.292900688866802 -0.426499799603407 0.252729515203838
-0.177597183148674 0.302502965036821 -0.263851674231228 0.138763478201646
-0.00117885428423757 0.289759841112824 0.173438145899237 0.0493710127173888
0.144371784474869 0.153202975389652 0.0814798772283145 -0.3345892193413
0.195161270360524 -0.000611134839627772 -0.253918913394458 -0.357093450694717
0.153592321102958 -0.0834902371225638 -0.431170199355775 -0.0258500311373995
0.0818436486242996 -0.156796036614217 -0.285928101834688 0.208373409641152
-0.0173622320598296 -0.162861239776772 -0.098785476428557 0.236157621092544
-0.0312961467359781 -0.151733022296806 0.0153931563848598 0.216833635115781
-0.0332669886422842 -0.174903167831086 0.0857019652745118 0.197176952460548
0.0789003788380761 -0.216941993910682 0.110186242757454 0.227859352903768
0.206548849751601 -0.125653575643939 0.0678223360940211 0.280405675461951
0.282453598366735 -0.00434559092981055 -0.06534174899815 0.331088163917213
0.21039304811666 0.255429196655931 -0.24525197595356 0.263967593530526
-0.0424694270211408 0.42114764168877 -0.341849675895103 0.13491803881378
-0.255319218776752 0.411940313170056 -0.308680434002641 0.176880349568187
-0.308674599884249 0.335240448216472 -0.163284052981176 0.0296057192741288
-0.120972778667948 0.42434319054744 0.233153653712628 0.0152134068822964
0.153601119308715 0.313253859871433 0.173342264434676 -0.341366234886229
0.320793172439284 0.0682879940942365 -0.164337097096736 -0.404320483038286
0.265225192536036 -0.115870627557916 -0.378932805912642 -0.106555254605257
0.147301409821377 -0.233777132848867 -0.2683660637478 0.113085713149274
-0.00459186527629565 -0.251546876998867 -0.106196455623056 0.143312660129234
-0.0414542366512953 -0.220275249212219 -0.00215834976752458 0.135130313503974
-0.0458204912954195 -0.231555350948724 0.0829083336579044 0.107309554533322
0.0860652624212766 -0.280971895106891 0.145456432640769 0.138714211795432
0.24777931617795 -0.187068922547867 0.15974228443568 0.213179470383048
0.366543234423353 -0.0496288026282905 0.0467881595248415 0.329750427824621
0.29138605492726 0.29070183684892 -0.145671057327485 0.304947743762233
-0.0320592970297381 0.493048917726071 -0.268267388603329 0.132731589414718
-0.298958226336527 0.472924363606181 -0.179056591463491 0.0725655477694626
-0.392124584376949 0.302858917985977 -0.000494870755945521 -0.0868895955126237
-0.24622900282304 0.469728261171968 0.312875687438276 -0.0322972218130863
0.099897961387592 0.423415814170314 0.271426502360123 -0.314481085580828
0.374472663769024 0.154577218534145 -0.0390971088132162 -0.408352723824851
0.336759786411444 -0.108767578721126 -0.26830667796325 -0.184184357357282
0.195374519158778 -0.264278073383021 -0.214989810257948 -0.00601387839034304
0.0122777673770885 -0.298807447700827 -0.101390166414908 0.0258661820115725
-0.0448649541807382 -0.256825202060202 -0.0191444660191053 0.0350657427605939
-0.0562718692318009 -0.254731374191017 0.0731161293143992 0.00610783428665067
0.077999049414981 -0.302011285903498 0.162892680466657 0.0344149154503513
0.250773387641324 -0.21916583621832 0.225014175726351 0.124298338821342
0.391858078397442 -0.0813331544266777 0.139360060551251 0.291332304361252
0.317434814144361 0.287735510391818 -0.0554973387777045 0.306706417114288
-0.0278977292143816 0.489510440312536 -0.207908621750303 0.10920616692476
-0.306279737073793 0.456998818317399 -0.054898597127666 -0.0408099691367247
-0.394766864068325 0.216038379594987 0.188394997691045 -0.189459945679922
-0.317844956168575 0.403110021211962 0.391574414615616 -0.0773902394904297
0.0130664546675019 0.426778197188149 0.349678782409939 -0.257903306124624
0.334547038908334 0.204883931518256 0.0890957690462482 -0.365135580324632
0.335909196936402 -0.0743960392511692 -0.127535943325977 -0.235661144364162
0.203713817802635 -0.242902076305314 -0.137918857347335 -0.124907778815627
0.0246431218005675 -0.292167228934643 -0.0881617776355135 -0.0947820703046391
-0.0412196593779766 -0.252655383855043 -0.0338336706836358 -0.0686688108859706
-0.055621312835613 -0.24458176245186 0.058306715870388 -0.0939071799302961
0.0652637877055357 -0.281899117896054 0.168084015251048 -0.066740293325152
0.230030790027194 -0.210067156778435 0.26523297207662 0.0377219632477374
0.367165403806416 -0.0727788158648777 0.198206699109874 0.242840602259671
0.276528232967362 0.272027583002779 0.00775598803042077 0.285202604556271
-0.0529183637492662 0.425084721395707 -0.159940359712922 0.0740642975699939
-0.290623079219899 0.368380160657195 0.0552501330655979 -0.139279754438225
-0.310860273837958 0.0988039486412459 0.358693071552488 -0.266030092132415
-0.29821783343656 0.252985979858783 0.446344659021265 -0.112200747592786
-0.0523241280613963 0.32327336064546 0.391937199892212 -0.194131259965099
0.228758280108326 0.18653328407245 0.181554937232334 -0.299536411233019
0.259840658525999 -0.0397338373230546 -0.00229935689317438 -0.259394412239954
0.165622408557577 -0.179434302529024 -0.064773698785378 -0.220726437805903
0.0265151386116582 -0.232648712289405 -0.0754308180831691 -0.196244229791496
-0.0296830637037488 -0.207550888794134 -0.045979243396637 -0.159313662589556
-0.0428334838665693 -0.202875680053586 0.0453552989777967 -0.179583773420701
0.0550789948287152 -0.227817002411356 0.171929088893526 -0.151435462476103
0.19408383599243 -0.169368137154204 0.293732243805681 -0.0268534296988958
0.305411935177373 -0.0338370637644449 0.233595193454246 0.206386666244757
0.189360078207307 0.248935657429905 0.0421984035027099 0.259790401020517
-0.0948340851089846 0.317944789286435 -0.123292231827735 0.0438127782630212
-0.253669245099653 0.224575665978291 0.1486079538286 -0.202415991045406
-0.166422021845101 -0.0340077593751971 0.465660099212003 -0.310785239717123
-0.201406546414916 0.0692712198099862 0.457156438537869 -0.136745791862925
-0.0739135649854231 0.160145164728554 0.399714105042303 -0.151752011434176
0.100160748803077 0.114391368488164 0.225248998631839 -0.253929061709835
0.1387245596241 -0.012024469188007 0.0699158304102533 -0.271974489307857
0.0958432317537358 -0.0911980343387344 -0.023133168700639 -0.279572877206484
0.0222838781685072 -0.135178367039004 -0.0685487513669154 -0.260076442460356
-0.0140724099888874 -0.129291885981636 -0.0511375070447937 -0.222252201019247
-0.0211774212081304 -0.133969546869497 0.0389638033039356 -0.24069261096023
0.042110762009321 -0.150047147291572 0.183038704776396 -0.211659335094831
0.140458194191202 -0.112233921120396 0.322564892575164 -0.0657315589237841
0.218039791702976 0.0124678280586462 0.2589086506743 0.189409851789744
0.0840107239150364 0.205089941341516 0.0572542033251042 0.247741352480106
-0.127166533759933 0.180793733072649 -0.0948990566331722 0.0287882056295855
-0.18959290018395 0.0523424335250628 0.221110349709536 -0.217873050595565
0.0773629124640291 0.0786552384570739 -0.248926066172388 0.267133588668876
0.0990098761591394 -0.0576428479648855 0.138243820667749 0.0594705907181272
-0.0138866544062144 -0.0980153865904417 -0.0210646276450094 -0.275469983794509
-0.090281013771711 -0.0141686078824392 -0.300253504405364 -0.232390601917458
-0.0476506057752983 0.0506920819329671 -0.388804569185528 0.0792455279188007
-0.0163739991917247 0.0487948150189716 -0.227306967112371 0.286504791102213
-0.00462126724815999 0.0536681212433534 -0.0520585202251338 0.299750464325206
0.00120983889726791 0.0353174075255137 0.054341407451017 0.268930498406427
-0.0248440019755864 0.0187635316501142 0.0879015107706134 0.272831493651241
-0.0302912921296304 -0.0136174712152608 0.0491844599912916 0.296606510197453
-0.00949612415109508 -0.0209866767690561 -0.0602724234512204 0.296837781041128
0.0117189767361338 -0.0437544203207881 -0.19393118668312 0.252963753626615
0.0773918268569164 -0.00289319073696444 -0.354655703246192 0.155922322262
0.0897185270765589 0.0964514773707923 -0.462435888183332 0.109048821827475
0.00590842207638398 0.144130651732158 -0.473144692190678 0.299856919381996
-0.0318757279301305 0.208354389231409 -0.276297637424383 0.225794767086946
0.0810772638831376 0.109856444221834 0.142993971146378 0.0605918501038524
0.0792014885272891 0.00151901237766724 0.00652793961678725 -0.299122009734454
0.0411802409402026 -0.030044856290565 -0.297745618040344 -0.277357804836144
0.0387131830961725 -0.0226071741282197 -0.415696875493556 0.0519751266085559
0.0192708389327502 -0.0541956507970208 -0.253351464516972 0.270340340396923
-0.0200691932918862 -0.050816408549995 -0.0680792479247556 0.28668767614943
-0.0183187172086108 -0.0584995046639199 0.0429984374986217 0.256281596705157
-0.0288928560276549 -0.0834621529361503 0.0928989526797765 0.249125544980237
0.0329212085925708 -0.121251370221771 0.0790590986990934 0.278203944682251
0.11255208663464 -0.0671827096897792 -0.00906100509246859 0.300769511517441
0.150215187373021 -0.00146716699555021 -0.144430240572635 0.291952620396117
0.127757836113544 0.146728071100002 -0.309829721435725 0.202835157017596
0.00123222165589575 0.273300997653784 -0.399427435574476 0.129128125801407
-0.13959589359818 0.289278432729279 -0.403238816753801 0.261141431813559
-0.16188111228603 0.300278345105638 -0.248118815892541 0.145444272816708
0.012673630199543 0.281229339436986 0.173837449657911 0.0443622370877901
0.145143108592393 0.141980068891187 0.0668941792022972 -0.325940210599648
0.186419861273447 -0.0108622703886243 -0.260447885682034 -0.337211539570441
0.144532286468236 -0.0877095693257452 -0.416686846996679 -0.00524298380339177
0.0711975243242906 -0.154832844981507 -0.266167416481702 0.214702802458527
-0.0251547948182053 -0.155613420999514 -0.0860098662696537 0.233086849730243
-0.0366828058439545 -0.144256780447398 0.0263966058544592 0.20790579560676
-0.0408903107091059 -0.166111948314785 0.0933504104512154 0.187000969860255
0.0647399570371849 -0.214462576685472 0.119701721210349 0.218589532081128
0.19567635946987 -0.132840299297979 0.0787370938419526 0.271353079578306
0.273182397825335 -0.017659751827939 -0.0492862463285702 0.324055807479634
0.21603574244615 0.238920156305436 -0.230591119312917 0.263359162875407
-0.0225564456105946 0.411004450728933 -0.326747476946682 0.14408313354769
-0.23115358859937 0.409732548476144 -0.293309796952631 0.184162720476916
-0.288911427136874 0.336237039479973 -0.154106851840563 0.0362265347366943
-0.0982198720695679 0.417099210044148 0.230744825364362 0.00964046653210297
0.160292246710128 0.296301402286632 0.15702303881557 -0.33536712105228
0.31171100755465 0.0504788393951672 -0.175618111832319 -0.385760588417886
0.250499980643136 -0.123910676402732 -0.367563710087575 -0.0855397342461116
0.129845559328964 -0.23222318826057 -0.253234380477802 0.121317001201754
-0.0175510553868609 -0.240960863600076 -0.0979929309784996 0.143038043995158
-0.0493995538412079 -0.209930340782218 0.00565909320581392 0.13087849580162
-0.0557839942972596 -0.220079850225042 0.0860834045109219 0.0999981490763979
0.0690990801924288 -0.275648233135246 0.150528477031775 0.129177067779251
0.232512461022214 -0.194342266029485 0.164496525634188 0.201554172334026
0.351228579436133 -0.06541783297816 0.0604733357142629 0.319196590740775
0.295890655509069 0.269798005977465 -0.13188266182027 0.298597972141655
-0.0089890686190331 0.48218383171434 -0.255702978336862 0.139245358000337
-0.269645915121108 0.468285392876917 -0.174008984118976 0.0790637325315113
-0.370638044190274 0.307857309866927 -0.00199354564938327 -0.0830720972784961
-0.218770627830263 0.466983558201118 0.304781064265843 -0.0382262768066099
0.111872138459351 0.405571290584385 0.254038579323192 -0.312835590082361
0.36674638376035 0.132223212782965 -0.0519060218110309 -0.394443147736339
0.320428978719955 -0.120920462521276 -0.262856284379917 -0.165683903589507
0.175038724944608 -0.264500092815832 -0.206754717640179 0.00245723286649774
-0.00409238089137433 -0.288216104299778 -0.0993382651496171 0.0292574303383679
-0.0551197398800538 -0.244456497420044 -0.0156718609104227 0.0353858122800164
-0.0658308478673189 -0.242173205442878 0.0710620870107819 0.00260030332869505
0.0598769817721617 -0.295482994188523 0.161784676462258 0.0277258210017566
0.233499999419328 -0.224561975795356 0.225001919466634 0.111519903914527
0.373557370685632 -0.0970845861960978 0.14889855950472 0.278428843022508
0.319796764867461 0.264883177638901 -0.0428809421605915 0.297260523933883
-0.00479700723003261 0.47717836119292 -0.198366477863658 0.11351116299418
-0.276751427128567 0.455127279117828 -0.0591556286870095 -0.0359492315498173
-0.376974141063941 0.224510545345219 0.17677756089831 -0.190492202530466
-0.290509746025572 0.403705585087898 0.378604702953334 -0.0852349375222365
0.0279736690473809 0.413450520473622 0.332217102444544 -0.260658346942685
0.330509326941304 0.183027516056599 0.0742805578673382 -0.35720522123645
0.320560836542668 -0.0881709080374692 -0.127226202237979 -0.221133220523077
0.184436159835909 -0.244706642979129 -0.13814126362199 -0.117108302467771
0.00821516747323099 -0.281907253644004 -0.0929442046721749 -0.0880972049960195
-0.0514678134454982 -0.240818454870553 -0.0356753530632647 -0.0627682716946748
-0.0654339335405549 -0.23202223048802 0.0526100491078095 -0.0931278404592503
0.0491344576271074 -0.275005217551644 0.161801038287359 -0.0710006056202825
0.213378281444753 -0.215074272587817 0.26053326173661 0.0257284712308578
0.349213636244369 -0.088143998509846 0.20492410640439 0.228698639341688
0.279916617528025 0.250782990151393 0.0178987514773541 0.273759299274353
-0.0326275356370528 0.415242924182521 -0.154503038948089 0.078367607752862
-0.26640985933997 0.368789809032112 0.0430817537576881 -0.13621642439174
-0.298416687586409 0.106596090393115 0.337950129740852 -0.272165779031393
-0.278335781413283 0.258026751894023 0.42904399644423 -0.120520960746498
-0.0393993047520503 0.314915051723711 0.374969052794487 -0.201458700655572
0.228047758381825 0.169678345606126 0.165356021037908 -0.297427691623448
0.24882162845407 -0.0504239662131653 -0.00772805170974994 -0.250250451163622
0.150723591232853 -0.181428583255318 -0.0729099079317479 -0.212870336104123
0.0131424603064468 -0.224546831684427 -0.0854391705419685 -0.186010822879981
-0.0389925017528887 -0.198459718858618 -0.0516740107854759 -0.149526284305901
-0.0510585423322285 -0.193290764711282 0.0355988708028792 -0.174495848339046
0.0424634226357412 -0.222915073593699 0.160657521162937 -0.152912201846695
0.180059666724202 -0.173843723856063 0.284921969690781 -0.0378942993980501
0.29242954769255 -0.0484855709432779 0.238176458332828 0.191831173969115
0.194398243881398 0.231894755982521 0.0514136880564228 0.248519590846845
-0.0785061511647882 0.312362246837637 -0.119376988165882 0.0478543119946939
-0.237040864071971 0.225735446625794 0.131008802173805 -0.20079866815738
-0.162609212621633 -0.0273303705065893 0.43840827598132 -0.318873288275736
-0.192750174002116 0.0753629823805353 0.437668319177599 -0.1460076278107
-0.0668354658653778 0.157172922612478 0.385232818967935 -0.162086406019889
0.101303631274428 0.106631143960721 0.209545291183386 -0.253879713439328
0.132722504749364 -0.0182954863305681 0.0600762627128151 -0.266632954274411
0.0872840968478729 -0.0916995126327385 -0.0352662915013174 -0.27203450109387
0.0147683020225108 -0.129999395777554 -0.0809101186552048 -0.248374975344449
-0.0192357282138593 -0.123890184055512 -0.0593825766324973 -0.209798627885652
-0.0270857885123913 -0.128110815606491 0.0280320216932052 -0.232843330135412
0.0343683472630269 -0.14667259373941 0.168853224667693 -0.2119755504414
0.130104572580901 -0.114772229285481 0.311234862460093 -0.0774706628991084
0.210312602701675 0.00120817636698746 0.261866015979784 0.174570285271373
0.0899815902822674 0.19440460196912 0.065585465271698 0.236659198323139
-0.116620926606821 0.179498089013703 -0.0931068055412683 0.0326570164907541
-0.181762407974892 0.0566615091803799 0.201201751740981 -0.218610526730727
0.0785834662852237 0.0761923858683935 -0.231683101911157 0.270548161718095
0.0956182678928899 -0.060434804903489 0.141071337944884 0.0540009856767603
-0.0161293814656197 -0.0955404780109446 -0.0292361125917549 -0.267089735784386
-0.0891485549604643 -0.0104805712715049 -0.302626068579569 -0.215547619919035
-0.0435437436980085 0.0513391598802313 -0.377014867258099 0.0901758717290026
-0.0121714269845207 0.0484442882768284 -0.20840223884136 0.289389634395624
-0.000705518787763565 0.0514876974476157 -0.0359899155031566 0.294757486967846
0.00395376540124257 0.0338257975017385 0.0640336696672633 0.258825799285932
-0.0227494289693146 0.0204704494861361 0.0998274278359602 0.262241709954012
-0.0310317591543252 -0.0115400640389994 0.0629360395178832 0.288166953394886
-0.00966349622595083 -0.0206576438648428 -0.047440655824805 0.293757860487498
0.0102816020122579 -0.0429998613113391 -0.18199147960064 0.252392831835233
0.0762962801069443 -0.00522934428720935 -0.344313760328426 0.163488136030081
0.0917836833170218 0.0905891957144592 -0.446469049744352 0.12153281105413
0.0102002085806422 0.140150605741687 -0.449276830225958 0.309723037141333
-0.0238196085116353 0.205552441543786 -0.25984275221236 0.229890735724804
0.0850629008253058 0.103384812291376 0.145084039523442 0.0560220942776545
0.0767552488959052 -0.00189189352475401 -0.00305371766287743 -0.290684655039707
0.0377046499204748 -0.0322867743930705 -0.301557923370139 -0.260024358723221
0.0370790004301189 -0.02395341511216 -0.403398233552229 0.0665082887449515
0.017319581133084 -0.0531083446237803 -0.233814097106135 0.274568081354908
-0.0214071758836143 -0.0484398048439436 -0.0541850379489479 0.282343750722417
-0.0194017018879591 -0.0565895857243093 0.0532742891554771 0.24686561064291
-0.031424850811102 -0.0790191598420063 0.103185221641213 0.238850333955935
0.0256466114213737 -0.120338826390583 0.0921588878005219 0.269278141220462
0.108336993704441 -0.0713025706482987 0.00299449092826604 0.296754308363814
0.147246879664368 -0.00778531643207426 -0.13104828691652 0.289300416787026
0.131122902944252 0.139026823299107 -0.29855973960207 0.207284876906459
0.0125766170830428 0.266470293698585 -0.386971634773406 0.139712643487747
-0.125806586892099 0.287498345144891 -0.382428012377268 0.269421492295739
-0.14748590485699 0.299719069616786 -0.234436753998829 0.1512444380865
0.0249481863326817 0.274118362740627 0.175812445555327 0.0396777407934613
0.146338936642787 0.132529729951736 0.0560671080482027 -0.318559217520208
0.179664305632499 -0.0188420409466305 -0.266026276838971 -0.319654807870748
0.136913181077018 -0.0919136755988986 -0.405109593149128 0.00960852417256161
0.0621962984143109 -0.153941778676545 -0.248624389981698 0.220086078357602
-0.0316659363234251 -0.149685547004023 -0.0748728106097521 0.231251283328243
-0.040779494354259 -0.139165411099257 0.0348693809338345 0.20093098282218
-0.0461753731904174 -0.158667376385111 0.100147092889192 0.178444526489467
0.0521929609550763 -0.211944378330815 0.129169057252139 0.209675154591432
0.185872568521085 -0.14005732676163 0.0883748811004977 0.263519734789371
0.265559584483589 -0.0293846970045067 -0.0363551730279767 0.319043906608352
0.22073789629354 0.225131561091278 -0.21973555815827 0.263172933156796
-0.00490028275056099 0.402721944452852 -0.315194447163558 0.152799023162186
-0.208736081166515 0.40612409089706 -0.281243535964265 0.19220836510092
-0.270412127162783 0.33735628336727 -0.146394643537795 0.0420004161050512
-0.0776643917018786 0.411174495171845 0.229777513790582 0.00461500162118189
0.166195531979423 0.283041572094944 0.143572977918572 -0.330671847008248
0.303407367123276 0.0352187457252694 -0.18467872236948 -0.370660350062907
0.238735572413548 -0.132280013764256 -0.358060798437576 -0.0686858849532881
0.1152305030533 -0.232231303023159 -0.240216541733593 0.127638808405706
-0.0289976702236986 -0.232500960931977 -0.0908285514642068 0.143941776038089
-0.0565655654851557 -0.201874180114891 0.0115284428339119 0.127409937089648
-0.0638840667168271 -0.209828082002127 0.0890339100514422 0.0949185595742285
0.0540074742116297 -0.272020621953397 0.155235479097912 0.121705996259217
0.218490285283148 -0.201402017475365 0.168980094316898 0.192760825460383
0.338568614689427 -0.078934394043797 0.0719788671949057 0.31022171460584
0.300341326744479 0.250950130980104 -0.120470928393588 0.294372957959544
0.0107643127433489 0.473052941933828 -0.245509315966537 0.144578139399206
-0.246901095521272 0.466657479536574 -0.168935957674599 0.0852703160457973
-0.35261446605721 0.313735003684726 -0.00262013597278141 -0.0800458673002896
-0.193660523724204 0.46446489061902 0.30055465311497 -0.0443984805174044
0.121859293444354 0.392155113635603 0.239915881942367 -0.312235607402875
0.361070566294723 0.112480438070285 -0.0631285649965531 -0.382630784690357
0.306233165106917 -0.131740961799502 -0.257717448005375 -0.15134899232266
0.157558824566577 -0.26555136095133 -0.200035259909006 0.00923715343953292
-0.0184840172089523 -0.278473859539843 -0.0977478968398857 0.0333176098396977
-0.0637444058530471 -0.23475302541548 -0.0131708743728761 0.035347467641305
-0.0750328195150627 -0.231159968609247 0.0699246657847573 -0.00022369279362118
0.0442255379923274 -0.290814034562801 0.162637251554722 0.0211521807694962
0.218882398833903 -0.231272550479164 0.225899025175792 0.100829853610888
0.357789848184787 -0.111083482919513 0.158967781946609 0.267396214881436
0.323227883709619 0.245366929874616 -0.0321158836909113 0.290297967493571
0.0151689172478644 0.468271139098018 -0.190025142263599 0.117549893090752
-0.253403952107064 0.453453260039507 -0.0630301380323943 -0.0311794062385204
-0.360464859236429 0.230847288248987 0.167929832986276 -0.190895923293526
-0.267513326202132 0.406377094944167 0.369465387096073 -0.0915555829722899
0.0403533928067013 0.402027168027937 0.3184670639382 -0.264838724993909
0.3280455969685 0.165364922242058 0.061432569380054 -0.350608365262215
0.30704043937555 -0.0996561002146207 -0.127823479325168 -0.210826536738081
0.167457960899892 -0.245626300133463 -0.138468239030348 -0.110865031968088
-0.00650351115594913 -0.27284599347416 -0.0976091334064329 -0.0818166473883258
-0.0600358016259093 -0.231142466839292 -0.0363302955677847 -0.0581079270442266
-0.0740115577770711 -0.221449552255967 0.0474223054844046 -0.092113424203535
0.0358239365844786 -0.269492658944448 0.157273045687177 -0.0744230386828751
0.199327947361981 -0.220174702109599 0.256606449542229 0.015209386972163
0.335285052436799 -0.101520919861814 0.212419377719735 0.217111609567041
0.282978400845067 0.232828424916803 0.0268171040610877 0.264893663087198
-0.0153877885932503 0.405183224331761 -0.149467827580532 0.0832001415603698
-0.245427290057811 0.367124153258845 0.0322237598400512 -0.131838448568665
-0.288681114727296 0.112728857539001 0.320286204452394 -0.275114567192536
-0.261965443190535 0.26324993640512 0.416162181191729 -0.128792336808715
-0.0282205303924947 0.309130130715361 0.36249644401141 -0.208966876044972
0.227267009198296 0.156925630682421 0.152348510160856 -0.294572896589017
0.239400536427224 -0.0604867453192507 -0.0121708818843956 -0.243098124682686
0.138037485193808 -0.182407151600812 -0.0793234125291612 -0.207809569911674
0.0024620463986512 -0.218059173661168 -0.0938622596905524 -0.177261777527666
-0.0460344532825643 -0.190286258045099 -0.0553958405598623 -0.14102281795637
-0.0582941454750071 -0.184416297572987 0.0280558155777436 -0.170939695733271
0.0316759397551183 -0.219050255499188 0.152731394518147 -0.154884714992083
0.167094539093232 -0.1776352417314 0.277301093156222 -0.0487933477768992
0.280992482405513 -0.060032784073647 0.243257596713645 0.177788762635505
0.198505027405254 0.21791043468999 0.058774367077169 0.239310135866784
-0.0650547879823664 0.307636744431077 -0.116968387713506 0.0518618566731599
-0.222142331403692 0.227047087195301 0.115219841238561 -0.198401924160765
-0.159351728260582 -0.0217879899957579 0.415418367051334 -0.325385400831126
-0.185839731564435 0.0808383234133648 0.423898958655405 -0.152809518753465
-0.0610714775910249 0.155831542383727 0.371916750414223 -0.170690923286801
0.10214683798267 0.100265337863112 0.197873428402939 -0.253682513630147
0.127773362258224 -0.0231419637671867 0.052028493807763 -0.262012826997681
0.0813366856220845 -0.0934625760983988 -0.0471870646736932 -0.267058968876111
0.00857299260947313 -0.126777785026284 -0.0928782662148708 -0.237272130857228
-0.0234334248880784 -0.120213713224566 -0.0659202908575117 -0.198872465878073
-0.0319372321638073 -0.12289714010617 0.0184279003586794 -0.22705105923671
0.0277918257098671 -0.14336088925556 0.157092588540328 -0.21273383787462
0.121682940478441 -0.117007505587763 0.301567040881819 -0.08886647215589
0.203204807014183 -0.00765246581716898 0.264165723031209 0.160858389137831
0.0956788526113873 0.185714792511577 0.0729216336725043 0.227421237666878
-0.107681369205209 0.178902714818225 -0.0921028894807867 0.0364445235475387
-0.175983773058522 0.060276861269363 0.183142032563891 -0.219205405275726
0.0604663271996846 0.0829235335263273 -0.267258788622495 0.225050336332437
0.0993459044191754 -0.0412664181799705 0.132539921617468 0.080629127251711
0.00402659608244542 -0.0912969253717706 0.0223541591185702 -0.25893905718487
-0.0765542001776351 -0.0244098145463133 -0.254437688757842 -0.259479107579628
-0.0447744064464387 0.0377644592150432 -0.377694530630663 0.0235692743899824
-0.0168166002760344 0.0421875866265949 -0.250756153670322 0.242962388394169
-0.0059643415972551 0.0487865479327165 -0.087297258806484 0.279740944555187
-0.000633889195960614 0.0316536542667208 0.0166996990942749 0.256791776788013
-0.0247559433375162 0.0161048783275691 0.0532778335473613 0.268484203589756
-0.0276693672657139 -0.0167030305134219 0.010005608354194 0.287184363345542
-0.00456757819239097 -0.0222820902613678 -0.098086889096793 0.27373819107732
0.0196393917544339 -0.0368060240809413 -0.223635255533374 0.20579874962573
0.0750823517277733 0.0130774522394043 -0.365211244406315 0.0946842498617659
0.0707084617973168 0.106953013851581 -0.460302290061875 0.0406341774655148
-0.0164626905218186 0.136014254954488 -0.501934537820042 0.218025156800208
-0.0586841867259612 0.186045292617749 -0.289548696325595 0.181681676613642
0.0635447152908637 0.11121632336665 0.130775574515457 0.0819242418429897
0.076786268971438 0.0120124343608279 0.0480804601613796 -0.27391532323763
0.0446005491752865 -0.0241193399473818 -0.245291162526558 -0.2993355344259
0.0441157119404273 -0.0200146512429198 -0.398119109656229 -0.00275686953568691
0.0274527093319379 -0.0500084598767543 -0.269507375303344 0.225947267551366
-0.0109872447198111 -0.0495799628774234 -0.102106155907651 0.263993955862114
-0.00761982084308764 -0.0595268959396773 0.00808602772459105 0.244038469815719
-0.0157131108504084 -0.0806215732961535 0.0599209253201502 0.246503822330228
0.0446105307308892 -0.110660518274802 0.0429468363812256 0.272401366717186
0.117771626090181 -0.0501961680367525 -0.0453415807690972 0.284827870512369
0.142643245151305 0.0217633655585254 -0.176536598110906 0.252946949610113
0.0995771965030456 0.163073860707525 -0.326151366938662 0.149637203124005
-0.0388285396994214 0.261978028054712 -0.407381043864921 0.0695758684781252
-0.174684699053916 0.251212263820176 -0.430455835792968 0.191927396600066
-0.192422825637586 0.252021012136247 -0.253434857172343 0.110156473043471
-0.0198297978173934 0.263156868581952 0.157045254481495 0.0684815157675606
0.118882189352124 0.151695392974573 0.106231684464173 -0.288655287254824
0.173724971032972 0.0112915297637851 -0.20260360271819 -0.348606366946115
0.150242694467808 -0.0670319300369945 -0.392086642945747 -0.0545399655986798
0.0864737259312223 -0.137692133945555 -0.273934309253297 0.172979985429163
-0.00490242560332166 -0.146699196079415 -0.112748855878279 0.209965824282266
-0.0144266918407675 -0.142091886000491 -0.00102828869300348 0.197262397446311
-0.0160056712231811 -0.158873851712502 0.067392441908833 0.188143983774656
0.0850671927628927 -0.194545778101602 0.0914463660861569 0.221703756129802
0.203900887912738 -0.102387037220038 0.0450473134608324 0.265639934986131
0.259064058347903 0.0228376611744661 -0.0860865716816097 0.298875650667648
0.169204230114961 0.263915349085365 -0.2553296683349 0.220862340820193
-0.0804486673112286 0.390506270096569 -0.341988133830007 0.0950506335868901
-0.277784050324477 0.34788596463862 -0.317883388390425 0.138568535161582
-0.315148203912615 0.26815611971134 -0.151851108261217 0.0191922949095906
-0.13898540119127 0.377467216095767 0.210509396823989 0.0398106394402589
0.1116409403203 0.299489122596766 0.187409681384641 -0.286015199626585
0.279365938168033 0.084136062403253 -0.115867144854474 -0.381500015672864
0.251946982572259 -0.086843852904181 -0.334273668707548 -0.121750196713835
0.149770569883472 -0.202709945175147 -0.249222642477366 0.0867327310290345
0.00937551795440406 -0.224768352624092 -0.112848427055644 0.122554356721151
-0.0192876733592726 -0.204863724685491 -0.0105310853256469 0.1235403154735
-0.0235031058392415 -0.210916356205032 0.0705936725957968 0.105247527194869
0.0961443656563172 -0.250473451519873 0.132927473262522 0.141376625055785
0.246016037000101 -0.155136804851239 0.137312917016877 0.209204598817255
0.337050694166891 -0.011527875990221 0.0237970360774578 0.309805133185552
0.240695052175378 0.303787079708182 -0.162025658254666 0.270455548261938
-0.0780271675853861 0.458920625630474 -0.274016210343987 0.101657657252171
-0.325357574702115 0.401385271328553 -0.186178483663471 0.055337264314379
-0.386888202994618 0.233621949496648 0.00608595516794178 -0.0754749849215268
-0.255925569762991 0.411061133938339 0.284343710286484 -2.39444373475875E-05
0.0505349612097242 0.395934879795255 0.273757275208149 -0.252848433769736
0.319572399626861 0.166551233351942 0.00272363706522754 -0.371228481177238
0.315681685415257 -0.073526290936458 -0.223596914571305 -0.183812005677914
0.193692491295404 -0.226440978625157 -0.190714970441343 -0.0211472848018282
0.0259858823423512 -0.266504250380953 -0.100664897942748 0.012914681959375
-0.0214619674039728 -0.237432445569051 -0.0182561059327447 0.0332156496001898
-0.0309983129511453 -0.2319107136404 0.0680215560522473 0.0105984763520049
0.0902923506606585 -0.269613427973461 0.157048822266622 0.045997485563342
0.251187116710113 -0.183654995947598 0.207795947068263 0.129823571678724
0.359797433743877 -0.0398684143382473 0.116229379162409 0.28386726898123
0.264934242115875 0.302096350998344 -0.0739009888307727 0.281486253812418
-0.0738516637788574 0.453671880722822 -0.215602027686417 0.0854543007698888
-0.32873872640878 0.385895657588727 -0.0593527756224808 -0.0385845556134935
-0.380649559455361 0.156446854266973 0.188575363907748 -0.155734438394028
-0.31681805171218 0.345684879446206 0.36017364554195 -0.0365119266724459
-0.0301449282335813 0.393961166692786 0.340376676240402 -0.19659863174634
0.277937163388027 0.210768219516393 0.115244531241625 -0.318707026299726
0.309542548041984 -0.040996013237617 -0.0884609884905884 -0.220550288373754
0.199631546267015 -0.204481991537717 -0.112293867411711 -0.126917166860637
0.0359965572142763 -0.259811708162148 -0.0805875450470854 -0.0980112120969821
-0.0192393163271485 -0.233131599455983 -0.0240120743982399 -0.0603005392292587
-0.0315962329077555 -0.222250141859538 0.0627074144793563 -0.0807676063120535
0.0788690927805883 -0.251098525894422 0.168008881669326 -0.0452596392810568
0.230053369261366 -0.175863422229795 0.251557657923701 0.0530628694831748
0.334369647834297 -0.0367333647213545 0.177100444447642 0.244901494164043
0.228552332305554 0.28087935965689 -0.0127504994681436 0.266791545460109
-0.0908210098519064 0.389871747237267 -0.168194259161406 0.05780178856565
-0.305070995852945 0.305011449785414 0.0537861907440465 -0.120668885758903
-0.291739431793473 0.0610749917412287 0.351439918201031 -0.210903091547029
-0.289313723907143 0.21252890414941 0.414927610270333 -0.0625092323357896
-0.0794554602549914 0.294677138768133 0.374290402417516 -0.137091271428049
0.18684641152754 0.187935560740229 0.194145338379217 -0.251192586438327
0.236829210886955 -0.0142298448875829 0.0277929260606853 -0.234751569353497
0.160999847123784 -0.148493152350062 -0.0411170164088442 -0.212395029849982
0.0359820562405176 -0.205781472881167 -0.0606599846808884 -0.189861511346812
-0.0126634557713996 -0.191711189672974 -0.0287917682220802 -0.141201569228888
-0.0227305042896746 -0.184557739097191 0.0578801633965418 -0.158813225881639
0.0670998941261866 -0.202180018960709 0.175744747388223 -0.121816606842452
0.190984899982914 -0.140543128972806 0.281571521247859 -0.00380217674810058
0.276180028375512 -0.00681815614911055 0.212896784433761 0.214676476594063
0.150007965985068 0.249791819554973 0.0209611340323723 0.247263063395675
-0.120889637880279 0.283458397902559 -0.130959235585964 0.032772821217564
-0.257635377797287 0.173977015162471 0.148140160975469 -0.171300929990926
-0.147448266924113 -0.0420937633968557 0.452707079273965 -0.244021918194164
-0.189594342565519 0.0528790144714231 0.432429075696313 -0.0818778893411095
-0.0857090921859123 0.144042498216434 0.383232918472815 -0.100293297116642
0.0789567521176428 0.114636651664367 0.232195568618863 -0.205165477749032
0.124429244788805 0.0028080635706267 0.0942662298850611 -0.243235011567093
0.0927241553530933 -0.0723976710997728 -0.000529934899696138 -0.266437471534601
0.0277517081505756 -0.117954711208599 -0.0495219498842093 -0.247559078884509
-0.00230614928175431 -0.119824517626786 -0.0289281538309553 -0.1986733288974
-0.00811967896596448 -0.121372942276511 0.0578289888902768 -0.213609876183854
0.0507651080010581 -0.132237485765509 0.189051368637449 -0.176019802268211
0.137395341964115 -0.090579358705479 0.308681926496814 -0.035995286222526
0.193903325308794 0.0280349073780124 0.233868532614525 0.203540553092971
0.0562683150340079 0.198260956822173 0.0335504537400271 0.23813080474983
-0.137881681724824 0.151251201548231 -0.103268420365674 0.0206764898041249
-0.181837790584015 0.0228739622482237 0.218765407346841 -0.180582175632707
0.0611071326037293 0.0803493139399894 -0.251003435150248 0.227034641616853
0.0959959953867474 -0.0445743057507944 0.135292000209462 0.075161902661035
0.00220630593567279 -0.0890328990478807 0.0148748415731987 -0.251295997464141
-0.0751916850721558 -0.0207456428530421 -0.256628725179982 -0.242278448083084
-0.041196102662524 0.03760627510199 -0.365368938494955 0.034129441858142
-0.0132161646640614 0.0401553570140822 -0.231273685322109 0.243441798602135
-0.00294367629871942 0.0465616454661099 -0.07131874091966 0.273620749422634
0.00152366949399562 0.0293671584744483 0.0264094995024854 0.245422884263382
-0.0220797846231256 0.0163403018623246 0.0641156304041741 0.257025352844605
-0.0275540141044736 -0.014606061134026 0.0227650105282939 0.278429529302666
-0.00510363917264863 -0.0217320160874279 -0.0861336942438547 0.270030439745346
0.017775998214275 -0.0368971455786349 -0.211011759952065 0.204482466286432
0.0735056691589709 0.0104845081186851 -0.352212250730819 0.100448185030064
0.0731773679508863 0.100454937658784 -0.441876043104587 0.0520909311302235
-0.0128724143778911 0.131427461825325 -0.476972658946797 0.227221655266213
-0.0515996151722996 0.182603672184436 -0.273268613481544 0.185660049506445
0.0668288893365728 0.104204312742122 0.13337629442554 0.0767289708855972
0.0742902620248431 0.00840627025961011 0.0401678553517267 -0.265730041550858
0.040832883192263 -0.0256732338741014 -0.247404165494078 -0.282518066962379
0.0426157685109381 -0.0216891839360557 -0.384829557139692 0.00976367530933808
0.025266645353355 -0.049645687245035 -0.250951569508776 0.226576294810881
-0.0116152042792388 -0.0471886959777725 -0.0870369444942933 0.259882449632069
-0.00903750730978631 -0.0578334552777508 0.0181907872480172 0.235318919203019
-0.0177651403328827 -0.0768095119994618 0.0686383288974329 0.235679800493193
0.0377652260346837 -0.108572754563409 0.0551637905131037 0.262669855271447
0.112144985917408 -0.054840140049218 -0.0337971121246307 0.279140265842048
0.138225723717169 0.0147737156743483 -0.163432519089881 0.249181482237882
0.102693308034585 0.154462406779696 -0.313140161533376 0.153272706801156
-0.0274249381607714 0.254381725547637 -0.391910882179267 0.0787327197825464
-0.161394287088367 0.246237603196654 -0.40949971873264 0.201534606355823
-0.179863446646617 0.250525207394287 -0.2397538667864 0.114783930505341
-0.00835891849862503 0.25462403518656 0.158701468316784 0.0634321306908247
0.119173886773141 0.141606236192516 0.0951897183282746 -0.280588040085672
0.166319118403622 0.00402174883906838 -0.208045318682564 -0.32998530809644
0.14228085464697 -0.0708692985643822 -0.377940352465377 -0.0393266840607557
0.0779348931440993 -0.136614101426797 -0.256421479787098 0.176256995488198
-0.0105952787743057 -0.140543324464753 -0.100887184242172 0.207955395605311
-0.0190199025104317 -0.136605632003697 0.00680779678487164 0.19066646165789
-0.0212818532843895 -0.152095986983786 0.0733891539602722 0.18005965418679
0.0735703914210817 -0.19067037153025 0.0998226954523276 0.211037023943814
0.193953328893235 -0.108803975799209 0.0533755726231829 0.257385526676793
0.25055351497721 0.0109302556524762 -0.0732802807425811 0.291876861205531
0.174061042652105 0.249704125197773 -0.243174950799478 0.220796307849848
-0.0635489942080173 0.379869683675831 -0.328319703937127 0.102471952752336
-0.258074096052584 0.343143399178197 -0.302675520510443 0.145222115634496
-0.297845428027924 0.269750843793236 -0.144664654114697 0.02320438251389
-0.119419737656094 0.370150306928164 0.20928755988003 0.0346821618576462
0.11743387448034 0.284515149221114 0.174807911307788 -0.280158664680367
0.270903884001634 0.0701093765302349 -0.123982623388975 -0.365438601928378
0.239577156403047 -0.0935934572008226 -0.323063398950736 -0.106979837958798
0.135476667689716 -0.201962407311703 -0.236101079095516 0.0908178495532664
-0.00116558450874746 -0.216195728600529 -0.104967626595699 0.122747326132942
-0.0258479655238867 -0.196862228386898 -0.00477341048588788 0.120446175196886
-0.0303472022114131 -0.200908367688819 0.0727350956716896 0.0996488189726081
0.0812650183559205 -0.246031824762377 0.137667119786507 0.131935735539619
0.23266342012644 -0.161942361938193 0.141334129845533 0.198093745167616
0.323537901554063 -0.0260823269078174 0.0349591281281465 0.29937058121132
0.246011746326959 0.285019944485464 -0.149746673367568 0.265170682037933
-0.058881806183007 0.446975562471745 -0.262040528811734 0.1062510887514
-0.300195393604203 0.395644628227521 -0.179810041578164 0.0615034033281905
-0.369467231192804 0.23739722759103 0.00590531162869614 -0.0725583952643232
-0.232704782177421 0.407343403212358 0.278445380588708 -0.00554701899740174
0.0613693527624115 0.381143558668708 0.259467496398598 -0.250379172450341
0.313062322723332 0.14922463409425 -0.00869612421197299 -0.358677575741018
0.300773315757803 -0.0835136820377216 -0.218002102361514 -0.170135640021331
0.177574501007702 -0.226321089735202 -0.18490687325623 -0.0160853192538717
0.0132496864470481 -0.256791872928927 -0.0981582468976946 0.0166397975212836
-0.0296216082945511 -0.228619847098753 -0.0152531917075088 0.0331823081839647
-0.0386343319057387 -0.221358451907455 0.0662822785782054 0.00938877261050521
0.0752159257957945 -0.263147963675548 0.157310350612753 0.0392772548231083
0.235987774959494 -0.189197651791581 0.206767881376744 0.118574332226384
0.34326962182547 -0.0548177209053628 0.124664400144214 0.271043225378541
0.266876140296577 0.282181353668342 -0.0640818299206158 0.271966565689021
-0.0545165453395428 0.442428882178988 -0.206546283633901 0.0893134662344208
-0.304732568342446 0.381342755320277 -0.0612433102296108 -0.0335328626903682
-0.364495822670244 0.163149257033514 0.178589996147158 -0.155248724694135
-0.294029372255425 0.345634057896197 0.349680383535569 -0.0429052763170524
-0.0166206979948285 0.382969674617437 0.323840251196984 -0.199107261937184
0.27565376941769 0.194160836859407 0.10282470354026 -0.310652669536022
0.295912472504141 -0.0524897676711176 -0.0880016390052745 -0.210663975466439
0.183980890513211 -0.204966757948002 -0.113949765780649 -0.122273532708188
0.0230880373974878 -0.24985871147773 -0.0838388217532166 -0.0918464258689718
-0.0276172359669981 -0.22446808674555 -0.0243973718473252 -0.0565601565429711
-0.0384221605199832 -0.211541342662008 0.0571636736895577 -0.0791164473623277
0.0648820208315909 -0.24473990392228 0.163843361481951 -0.0497517334318609
0.215704380202904 -0.180407107632873 0.246205165310939 0.0422489273139079
0.319428422330068 -0.0498341341023751 0.181884604069176 0.231703897008425
0.232078892955531 0.263461061186155 -0.00480108894018843 0.256128297392229
-0.0739632994043859 0.380089008248972 -0.161450947684611 0.0609960276587099
-0.283992752355946 0.303010079906022 0.0437755540034308 -0.116876506422701
-0.282049841729858 0.0670569763212693 0.334058166372485 -0.212887061201364
-0.271276468464746 0.215829440961028 0.401127444642732 -0.0712900244328525
-0.0689485530241992 0.289065543582192 0.359295759463292 -0.141236514543193
0.186202324974968 0.17491625308009 0.181953620535971 -0.246395819874963
0.227961901235945 -0.0229058094795375 0.0237266966797317 -0.227731050998318
0.149252508247346 -0.14946689915302 -0.0486618687475215 -0.20742044439775
0.0258068142650011 -0.19801551980517 -0.0691808964409861 -0.181066909072432
-0.0198285234199092 -0.184861802653691 -0.0318116543579742 -0.134714563633175
-0.0285640531213777 -0.175342718411818 0.0505723285853247 -0.154537151059676
0.0563258172938149 -0.197363754602458 0.167313767612433 -0.123612553866425
0.178968304636194 -0.144386432119618 0.272993023958713 -0.0140339074185074
0.264088655794159 -0.0182738399150222 0.21502276489248 0.20088550972057
0.153302730415225 0.235112464710516 0.0270449020021924 0.237103490422019
-0.107484615843869 0.277891514446934 -0.126963777589625 0.0363536346284493
-0.243143752379601 0.174250740748763 0.132501970247521 -0.16893015182079
-0.143800727239165 -0.036955651277706 0.432631209465046 -0.249338670963295
-0.181374026411276 0.0580207615432455 0.415045140113555 -0.0898682883129306
-0.0786114574203542 0.143466745134648 0.365670362899698 -0.108241376028338
0.0803660718620822 0.107855963714358 0.219596509872614 -0.203397408918203
0.120229603365674 -0.00224644381908135 0.0864146546596655 -0.239253599177794
0.0866660381408004 -0.0725541346802808 -0.013043520648686 -0.260293154933476
0.0219388556077142 -0.114057212066524 -0.0603829717871446 -0.236389314988616
-0.00721344139255151 -0.115683364937195 -0.0347181411884707 -0.189634934157672
-0.0121780069339636 -0.11641389946117 0.0481922072579546 -0.206989616755424
0.0444986301220283 -0.129873410832119 0.176446408311153 -0.17585350691911
0.128343333808634 -0.0927138285248612 0.298319338261291 -0.0465913630258999
0.185748408548678 0.0193641736865857 0.235353043560345 0.188196070125025
0.0610572848650287 0.1893879868449 0.0396545170397941 0.227475911514267
-0.129251065635099 0.150381370950121 -0.10108811837693 0.0239723072735662
-0.175747731736412 0.0265821527348594 0.200972801574845 -0.180716541477559
0.0612004294096115 0.0778531558130438 -0.237133899770366 0.225465981300081
0.0917387656347344 -0.0462074258423122 0.135909602290157 0.0708595029972407
0.000452061155187362 -0.0872487550453459 0.0112644515872716 -0.243559487553524
-0.0736165840650291 -0.0184130656248889 -0.252878729288106 -0.229783107757731
-0.0383031840582782 0.0367854359395148 -0.353659263701471 0.0394693056726315
-0.010902377656075 0.0380766322781742 -0.215687250400603 0.239168271257146
-0.00089111376565925 0.0440839553884494 -0.0596932722096313 0.264734760489601
0.00290807830165182 0.0272596344891123 0.03241875982449 0.236876193373451
-0.0196997200483787 0.0166229941916204 0.070517746430441 0.24660475187599
-0.0275629193360951 -0.0123413757008765 0.0304044404202333 0.269078103344129
-0.00544540184825893 -0.0220202875703061 -0.0785187265874825 0.264811803805816
0.0161172059505191 -0.0366514851172635 -0.202402820211457 0.199698874385334
0.0727528761656313 0.00909069609511091 -0.340974112288585 0.102093350232222
0.0736792641379594 0.0945674316113575 -0.426403909022292 0.0563915500015306
-0.0113006450673664 0.126385928455235 -0.454987092135305 0.226599528782352
-0.0464612277841349 0.178585335585837 -0.259692247046555 0.185051791375269
0.0678975983679365 0.0982542956309612 0.134864531593775 0.0726804520760514
0.0719017946372982 0.00540196617031053 0.0358189013741568 -0.256037923487811
0.0376978972585729 -0.0262997115517733 -0.245541967462695 -0.267991152581655
0.0401765097212496 -0.0228115820905262 -0.370884327087341 0.0171203111577713
0.0235415873617189 -0.049044023618035 -0.236231801301432 0.224357054393755
-0.0121786635184024 -0.0449598205652361 -0.0766975396520934 0.253207472039133
-0.00985473207665412 -0.0565281071708956 0.024038939861265 0.225993735424989
-0.0185390204519951 -0.0733896235381397 0.0745101078834488 0.226196733665529
0.0330502348572293 -0.105820966997612 0.0618283446726597 0.25358922493696
0.106994313475695 -0.0567963726475167 -0.0268116168549062 0.272161996299564
0.133400219481608 0.0106809603941236 -0.153608323478854 0.243715536028506
0.103565314110238 0.147235263891627 -0.303294767882547 0.152073199662833
-0.0201353712469666 0.246090979466413 -0.376148843224126 0.0819273975126264
-0.152621705670694 0.238964221817816 -0.391061595666414 0.201755338366166
-0.17073496464551 0.244981695016385 -0.228223613130242 0.115211528256655
-0.00189195775189314 0.245611490206774 0.158986131249167 0.0600544195570517
0.117418943712161 0.134132127173621 0.0891132982233891 -0.27200573477868
0.159292018642864 -3.95466859470592E-05 -0.205442513432582 -0.316071954862642
0.135267390529034 -0.0721595339584752 -0.363390937264818 -0.0311631302279532
0.0714511313821316 -0.134360460524318 -0.243144904339228 0.175033691523767
-0.0142406398552886 -0.134519646582266 -0.0923613749906887 0.203423100526778
-0.021147079967241 -0.13248831728947 0.01211864665686 0.184816587330988
-0.0239033626413041 -0.146003328892543 0.0767909265344673 0.172679515147788
0.0652354917856536 -0.185754708808049 0.104647346085917 0.202239085460306
0.185467713669909 -0.110986934989844 0.0576006343528853 0.24941460229963
0.240886185616278 0.00302304629216403 -0.064751736803456 0.283690411801647
0.174692503063348 0.236518233248173 -0.23332567896127 0.21586365222471
-0.0526129714439692 0.370264954450743 -0.315100463281832 0.10249961636938
-0.242827299407111 0.334159153176965 -0.290257332241253 0.144935997121221
-0.284565879372831 0.265273183062707 -0.137373351941679 0.0252983151649418
-0.107290812996114 0.360921220169288 0.207443339048841 0.0317249970192534
0.117826442333497 0.272975093388771 0.166398500212547 -0.271753540021647
0.261713091596025 0.0622054169666356 -0.125609246517817 -0.350437739116704
0.228499281136054 -0.0967844670312025 -0.311497127339215 -0.0977392274606367
0.124976243937245 -0.198079594637627 -0.225704993728218 0.0904299266868175
-0.00676152285232391 -0.207428333029394 -0.0992140219248101 0.12136374219869
-0.0303130782945395 -0.189869289597709 -0.00065989885583129 0.116730435613714
-0.0340480932119771 -0.192505622987289 0.0734119436701405 0.0959229035156293
0.0716357105373339 -0.239289419792959 0.139382976080221 0.123675626870319
0.220985469975546 -0.164445756542679 0.142561018792504 0.190321556770102
0.310071930333643 -0.0347718699979252 0.0411374135830381 0.28868331135932
0.243626426285732 0.269070440179024 -0.142464755366667 0.256925064215826
-0.0466121535775919 0.434258212848035 -0.252203989480139 0.106372114307077
-0.283421566120717 0.384849870482085 -0.174527483612769 0.0643438468154928
-0.353895003383759 0.234779673999071 0.00557963406173724 -0.0700536391625903
-0.214433922041738 0.399140737606717 0.272657863826326 -0.00861837650034969
0.0651146528906103 0.368368052971126 0.24783106163665 -0.244242457941475
0.305380014600917 0.136675942316299 -0.012920552868175 -0.346666928887891
0.286842305801544 -0.087848827865953 -0.209398194851444 -0.160504939522254
0.16501457124422 -0.22230451123962 -0.179126379096741 -0.0148812129066082
0.00491163487732048 -0.246399628112945 -0.0966443231695858 0.0187609106006724
-0.0348436197677761 -0.219898242609336 -0.0126491886400619 0.03310535737526
-0.0420742399147414 -0.210995022351121 0.0648120717704085 0.00818371444594778
0.064766023912159 -0.255721494236341 0.156226501728807 0.0342680171462886
0.222806594376965 -0.190427896531279 0.204096599574324 0.110718347651028
0.328205220714828 -0.0627140541306564 0.128019048416256 0.259744850584794
0.265681357672201 0.264698450538222 -0.0590811301022325 0.262317891335237
-0.0429621552985429 0.429337024913502 -0.198359392690496 0.0884728478875467
-0.286091252461344 0.372325394840565 -0.0620461640498144 -0.0301753674504087
-0.351579941224179 0.162463085260602 0.171984045513223 -0.152242354040059
-0.275867071630345 0.340851443645976 0.340015803892647 -0.0454312012953453
-0.00971436747407841 0.37079080251786 0.31134969259128 -0.194493419948551
0.268866360905291 0.181643519023661 0.0967793188503446 -0.300824035206035
0.283373674991663 -0.0579159117793828 -0.0845205853865083 -0.202116698347253
0.171933600367726 -0.202102472691318 -0.113752813034358 -0.118290967760918
0.0149286604594116 -0.240563260486088 -0.0861152352081274 -0.0861046595076885
-0.0332400689069721 -0.215670966316176 -0.0239832360306918 -0.0533998296406547
-0.042412555819336 -0.201524331632734 0.0536283326237045 -0.0768207670764925
0.0561039009493935 -0.236928343823831 0.159449425460874 -0.0521874599231602
0.203085992647106 -0.181007481576065 0.239248196765824 0.0357350674924524
0.304347316794395 -0.0562633105099599 0.183772103843656 0.220197044535881
0.229119423499953 0.247857661560561 -0.000856155979297269 0.245428606317757
-0.0628875147467725 0.369164899973945 -0.156342916213449 0.0617471671852809
-0.268674467177616 0.294455027116607 0.037099229334595 -0.111618580097952
-0.272521917840106 0.0693030860863678 0.320922522661126 -0.211311190878798
-0.258313080414122 0.215655724634369 0.386821404292367 -0.0715136001704089
-0.0603396974180475 0.281523292167631 0.345402285275402 -0.140606767276365
0.183166037939792 0.164774314330211 0.173466341667931 -0.239818553153689
0.218586438790789 -0.0274943350178194 0.0226398228785995 -0.221815015286828
0.140554132750092 -0.147367071130899 -0.0539261252274084 -0.202140060376074
0.0193258053943172 -0.191049983310225 -0.0747290527999307 -0.172734443076157
-0.0244728839665436 -0.177972724062345 -0.0332891775768363 -0.128460385675284
-0.0312426275010008 -0.167045958417003 0.0445158254929397 -0.149617900204705
0.049517184395191 -0.191487167671512 0.160583231605256 -0.122646145624827
0.168920649675056 -0.14384277522565 0.263791602833306 -0.019889890034477
0.251699726306583 -0.0245199818870091 0.215341826015633 0.190133728275093
0.153144071483075 0.223479364177157 0.0298640026759712 0.226151369992082
-0.097469237172968 0.270175486821108 -0.123775832836504 0.0378685074458745
-0.232145361530086 0.171288079494488 0.121041429050873 -0.163262334111733
-0.140612386060737 -0.0341533547267083 0.414191792941818 -0.245832267973256
-0.173074519879794 0.0601144955528642 0.400378455094349 -0.0897650340604542
-0.0726289113790123 0.141518958260743 0.354671794970564 -0.109344237703679
0.0797245884878069 0.102376357222031 0.210637721886882 -0.19821013381479
0.115319803085113 -0.00482443337461479 0.0822018987100869 -0.233405588610786
0.0816149336387842 -0.0711339720918523 -0.0214573720664275 -0.253457004977138
0.0185511720706288 -0.110087357840118 -0.0680135026127972 -0.226888103398347
-0.0106507502959079 -0.112409609094124 -0.0378441435592616 -0.181604531789273
-0.0139678269673049 -0.110613217414681 0.0418063034492774 -0.200631314217223
0.0396441260473842 -0.125877317970327 0.167418454441195 -0.173027834681936
0.120736187742769 -0.0925527885673496 0.287696895921082 -0.0515153944361722
0.178360618973772 0.0131784484731461 0.232846492636802 0.17703099575435
0.0631177995877854 0.181127662163095 0.0417985389947343 0.217105682110008
-0.12232164814188 0.147866993289844 -0.098988993027597 0.0256974110223475
-0.16985518393244 0.0286185732204131 0.186520208915278 -0.176878032902006
0.0611742369707574 0.0773564746366764 -0.230392409481923 0.222394393031084
0.0893954206049201 -0.0471189812856501 0.13755919977092 0.0683213612463593
-0.00014159336372511 -0.0858590024843538 0.0113082543994342 -0.238032984594707
-0.0720384487958338 -0.0173198120786039 -0.249356272166208 -0.222417978288557
-0.0373978495983156 0.0354495783201323 -0.347718437524838 0.0402738678132144
-0.0103134833402669 0.0363832278666872 -0.207632130517146 0.234409221999054
9.48302469039649E-05 0.0425255187805655 -0.0532760567160866 0.257509309926697
0.00326428735297932 0.0247874490090732 0.0347222885161818 0.229951795678603
-0.0181328636249601 0.0156594867524829 0.0741425207403532 0.23922953150016
-0.0264931509717905 -0.0115760782036234 0.03404026493699 0.262854398578703
-0.00524624316316612 -0.0213458362809725 -0.0751292087828711 0.260912551524195
0.0150527896184743 -0.0353722438775754 -0.198380281681205 0.193411339375346
0.0722201076266606 0.00879721283219994 -0.335375794272744 0.0990324092462474
0.0727276405362567 0.0899748975546723 -0.415769936434928 0.0532569365539513
-0.0126189615546376 0.122629514222675 -0.440016997638708 0.220278770985955
-0.0453950965298535 0.175400301999374 -0.251747251045983 0.182922275473808
0.0675656334582405 0.0945844231204795 0.136912224183633 0.0713923134106941
0.0696079081798227 0.00390894645527498 0.0354663014782937 -0.249979283832175
0.0348802555250603 -0.026563309436584 -0.24141126427656 -0.260551388097631
0.0388563082178667 -0.0232186693531217 -0.363475666373036 0.0175378870542892
0.0220427905389859 -0.0493242658554047 -0.227582122053422 0.219899591166735
-0.0120094776724341 -0.0440224645732706 -0.0701732218313918 0.246891303232061
-0.0096476126083829 -0.0564163813248782 0.0266276776425964 0.220988807691373
-0.0177801073611345 -0.0710738607229453 0.0777166341641103 0.219874223207699
0.0305079780564639 -0.103338534881074 0.0652586588311664 0.247076513308658
0.104114171311131 -0.0580197923529828 -0.023813753200797 0.267801956749489
0.129658965484254 0.00813445109807349 -0.149852053509138 0.236935876671195
0.103036829090518 0.142829275160087 -0.297986719079903 0.14764829130312
-0.0174067691887825 0.239914178794319 -0.367518533505931 0.0798981168401857
-0.149598094462773 0.231039939503069 -0.378975134952608 0.197937927902809
-0.167334343797413 0.240017817280849 -0.221803577782856 0.113931393654102
0.00169669729054421 0.239343729938944 0.15988104201071 0.0587148448441765
0.114451225793825 0.129211463343573 0.0883835701559701 -0.264420226122707
0.153758871681368 -0.00201702114660538 -0.202634499487909 -0.307515524954196
0.130910758237184 -0.0726466021310857 -0.353539662559636 -0.0296995967162498
0.0675301009868779 -0.132544985764232 -0.235818644224026 0.170805238063149
-0.0155967774018534 -0.130239800358549 -0.0871417314152617 0.1993044755143
-0.0220979394171428 -0.12992934507694 0.0147587035773374 0.180314439657845
-0.024623930674612 -0.14165668798738 0.0787763349547907 0.168630340760791
0.0602867407027278 -0.182039670061353 0.107374983812952 0.196437704441734
0.18014907157626 -0.112623289108618 0.0587584219040055 0.244865533944707
0.233850714615577 0.000111102718958273 -0.0607168172688869 0.2764372271335
0.172064633414935 0.229361445012993 -0.229630689139887 0.210404230767046
-0.0476398724240435 0.361429377292604 -0.307841868075337 0.099878368038599
-0.236040569055415 0.323806589334169 -0.28283403218446 0.144602494998163
-0.279592469853724 0.259571572736364 -0.133077151667707 0.0253009459704356
-0.100443290038955 0.352239525791156 0.206838368086511 0.0316131892861865
0.115445906862136 0.265989285983317 0.163867607868744 -0.264051173727604
0.254535747881799 0.0574610453383611 -0.122651256127462 -0.342074896784327
0.221034010280672 -0.0970830414551877 -0.301835127005327 -0.0947650820181204
0.11919622369056 -0.194878065976044 -0.220075926280106 0.0881161609378659
-0.00945634255526564 -0.201137396596328 -0.0964500172943898 0.11938481188605
-0.0320972837749233 -0.185793873618849 0.00158516835090763 0.113775475729021
-0.0350088639796567 -0.186625687563334 0.0743556597585603 0.0942445719728291
0.0662250671560577 -0.234058346813061 0.140105944455918 0.119413841828956
0.213615653731394 -0.16556020636425 0.141569737497031 0.185993448239384
0.299753298746891 -0.0380962074432776 0.0434454085689972 0.281904889408018
0.241400852442951 0.260952738652517 -0.140729350679131 0.249726278766324
-0.0417504376898672 0.425461168781448 -0.246144342021105 0.103222475381264
-0.275467740080254 0.372833908578057 -0.170644454081741 0.065527124231005
-0.346287231191138 0.231292566777934 0.00687449462219747 -0.0684365141707945
-0.205533986123484 0.390979654850876 0.269804801790687 -0.00690716330093724
0.0659614060326288 0.359317628093446 0.244075704695513 -0.237657517279361
0.29705039043321 0.130582801791698 -0.0128391267022483 -0.338363174779217
0.278576316419486 -0.0885353250279428 -0.201077997006116 -0.15720768724779
0.158133278385451 -0.219021083885547 -0.17576747418836 -0.0147622793216172
0.00166048380431709 -0.23912137595152 -0.0961344490562772 0.0189196257549724
-0.0376751308142108 -0.213747692922067 -0.0114537773175131 0.0318682738520822
-0.0426534213314937 -0.203593688099172 0.0641461518104139 0.00853996852677474
0.0590642268194621 -0.249076498669683 0.156151675905272 0.0308143055207393
0.215374903173884 -0.190665673397008 0.200436453479767 0.107872521203136
0.316868155171586 -0.0648800403545758 0.12909637533249 0.252839417899085
0.262026902348464 0.256202772610766 -0.0585820031737529 0.254453677726909
-0.0388342879508836 0.420459391518726 -0.194028485598901 0.0857108282360373
-0.277898410123399 0.359796950557974 -0.0632028237706144 -0.0267083885901661
-0.344336581214616 0.160249031484396 0.168477667035905 -0.148757854694375
-0.265452047878721 0.335257508588172 0.335124618641145 -0.0426102402563772
-0.00766726377282077 0.362736468563622 0.305865821445303 -0.188621637164978
0.26277122346003 0.175000668041635 0.0946259260948899 -0.293597788305115
0.275418788319941 -0.0588831629572207 -0.0798150306912242 -0.198545592535206
0.165306626449654 -0.199083188563893 -0.114490627596197 -0.117142413257547
0.0111769586457712 -0.233336839037123 -0.0876456337018824 -0.0826077036374507
-0.0358465017992108 -0.209740355983078 -0.0239170394652559 -0.0515337136507299
-0.042115456573219 -0.194964408301497 0.0512588060520495 -0.0743923465761828
0.0513741536326943 -0.230693779017362 0.157363210423087 -0.0526607175252004
0.19538092320965 -0.180243763672883 0.234901850551252 0.0335152326330075
0.293538698943396 -0.0593978319656864 0.18296986182677 0.214116259399
0.225409869575262 0.239763420595263 -0.00133554103204855 0.238024810402582
-0.0590897168431394 0.360562319553507 -0.15352139802427 0.060490366071425
-0.261165730720108 0.286632478338417 0.032565905320435 -0.106866775946687
-0.266972985594057 0.0674260239979346 0.31292862764778 -0.206435247114548
-0.249615298109773 0.211259494170605 0.379171076114587 -0.0685778913438789
-0.0565611526505265 0.276027479351828 0.339318035089848 -0.136574156527967
0.179286522185194 0.159524869226831 0.171038044332273 -0.233151827518921
0.212408527126248 -0.0290636038797484 0.025054532541445 -0.218303206737445
0.135268751993517 -0.144432806257251 -0.0571225382107495 -0.198890150104342
0.0164007754889059 -0.185158623823432 -0.0787926373197627 -0.167136652105653
-0.0270472027971397 -0.17245393723095 -0.0336659946563253 -0.124901353595276
-0.0322624353609947 -0.161814217702603 0.0421284348883964 -0.144832583680663
0.0457366744393672 -0.186695019370366 0.157002699175686 -0.12111009814352
0.162536301180143 -0.142524904430799 0.257364979167249 -0.0211680191096046
0.242008955525751 -0.0267448079626704 0.21323877471755 0.183793739891225
0.150786290949485 0.216231347510339 0.0288203764719112 0.218752027722072
-0.0942499361828621 0.264019115393585 -0.121690449131229 0.0381884693497311
-0.225415016855288 0.166758157618098 0.113852066383759 -0.158518673033644
-0.13809887848825 -0.0332513445451589 0.403382172060802 -0.241195211229661
-0.168586408385093 0.0596183106306719 0.39074850207445 -0.0865672617783007
-0.0689224013943186 0.139010013613381 0.346746074408394 -0.104853900082454
0.0785645739965951 0.0995505351302182 0.208164565581134 -0.192809452508026
0.112417467743996 -0.00597850824151617 0.0811018430280544 -0.22930686579692
0.0795358516060664 -0.0698679523987124 -0.0264764558983265 -0.249285401255597
0.0167867300412687 -0.106577815642418 -0.0723807708909343 -0.220049389542719
-0.0119067850998928 -0.109204804900248 -0.0382506841882633 -0.175545848663897
-0.015085445406337 -0.107394014204521 0.0396627959651325 -0.195313181066097
0.0372817696653344 -0.123307162408742 0.162288909204386 -0.16985564071057
0.116067280613754 -0.0911156735375167 0.280248405644818 -0.0528641554840057
0.172221199520413 0.0113646268794633 0.230555304979002 0.171636189646057
0.0628237111648345 0.176558523306144 0.0407973187544379 0.20985381646271
-0.119524622193646 0.14413253641932 -0.0976829744984386 0.0268122775386416
-0.166306535346343 0.0280338195312743 0.177756555221258 -0.172218621048954
0.061613647269202 0.0783970022364993 -0.229524452541898 0.223252021820615
0.0883502218373169 -0.0481849809756113 0.141172454220025 0.068451853917259
-0.000902601704554219 -0.086304844354305 0.0132667910699246 -0.237809751451777
-0.0725868074605648 -0.0170749092905109 -0.249604985778549 -0.222029259596972
-0.0374249047589813 0.0348683242664966 -0.348376340144006 0.0406149045720714
-0.0101221313556475 0.035528311424611 -0.205666057497249 0.233221113754928
0.00100785712800168 0.0416115643868208 -0.0494886853252031 0.255658231239725
0.00316411379936389 0.0234125351772851 0.0368554683561636 0.228425026889368
-0.0179279941138668 0.0156723601910616 0.0779061779378727 0.237002299153968
-0.0265903087976555 -0.011421126302697 0.0370848406091109 0.262468916420167
-0.00520051237542891 -0.0216299894584175 -0.0739466013836751 0.26196161690504
0.0147684222498285 -0.0356679803399607 -0.199493870621644 0.191305747304874
0.073153265362333 0.0088477407652089 -0.33782927040417 0.0970869653459313
0.0732621713247064 0.0886760794340302 -0.413551486246451 0.0520388189710369
-0.0151310873733238 0.121874145995581 -0.437234269264281 0.216873731385717
-0.0450582821437972 0.175500388668058 -0.251385416049083 0.182404831126887
0.0680713601111449 0.0933425211358042 0.140802545897406 0.0711819684615081
0.068231852816832 0.00287084402966516 0.0374073301211854 -0.248679069198891
0.0332713384030376 -0.0266472757284972 -0.241933953613696 -0.259948554586304
0.0377765265528028 -0.0243457410607644 -0.362601621852307 0.0171132989241708
0.0213775842712049 -0.0497320625442203 -0.225455300109041 0.219139500616727
-0.0121147558031884 -0.0437333190264694 -0.0674829529102988 0.245703065074124
-0.0104696510061946 -0.0571241184097067 0.0289124111600946 0.219594549546599
-0.0183884494697861 -0.0713076289946848 0.0807737603916856 0.218946417115101
0.0295975125298954 -0.102759504466142 0.0693378873134614 0.246200909317223
0.103828846645063 -0.0596798207623484 -0.0227316851292289 0.270071479835703
0.128100394806614 0.00716096014608319 -0.150364482906403 0.235113140850272
0.103801403134875 0.14195160457065 -0.300264228416623 0.14597017566569
-0.016294348313803 0.238429295059211 -0.366730107087209 0.076913310778567
-0.151830385662813 0.228303841088671 -0.378778569060166 0.196226030705782
-0.167359888435423 0.240406616349191 -0.220432300849668 0.114244181708755
0.0031081443531808 0.237358049921585 0.164287478227795 0.059661643746415
0.112428532552496 0.128482996165159 0.0908178163084729 -0.262146000032305
0.150988659534875 -0.0030494497633526 -0.202249088676857 -0.307237459080784
0.129310065049634 -0.0737632204139635 -0.352789878974023 -0.0305393887053479
0.0656219484891179 -0.132682309549584 -0.233355181207059 0.169962671828384
-0.0163020269688575 -0.129555370553147 -0.0852473987413934 0.198379587358824
-0.023143587243608 -0.129849592081098 0.0166088716367993 0.179378563546308
-0.0259160258121649 -0.141006767589075 0.0819084312687587 0.168092671632328
0.0586847747801926 -0.181282902153593 0.111065495396545 0.194653438010476
0.178231887033294 -0.116332508618517 0.0606374718484342 0.246465274074552
0.231159637002312 -0.00169938589936595 -0.0598607732079322 0.275146717668579
0.17328113236716 0.227806424760189 -0.231696663943549 0.207799804604583
-0.0466265756366336 0.360359062423897 -0.307069657301843 0.0981290918840794
-0.237850211201195 0.31912346248948 -0.280769352706578 0.144999298458567
-0.279712998165185 0.259375058800424 -0.131295218277518 0.0251241011168982
-0.0972772210424575 0.350143547966458 0.209819987980326 0.0326427399393572
0.1143615508468 0.264628679743188 0.166493731393121 -0.261239988818149
0.251493743869467 0.056454965432306 -0.121706451662167 -0.341298031897241
0.21959561382709 -0.0980546064228223 -0.298672171374852 -0.0967699552882865
0.116409025588743 -0.195851722819278 -0.219390835515004 0.0868303697196579
-0.0111596127616671 -0.198820397546904 -0.0963521341873429 0.119498303380419
-0.0341429863601217 -0.184540492458663 0.00293176641703359 0.11292144896924
-0.0361866959924285 -0.184791603407162 0.0761033361591296 0.0942765721858818
0.0638310095669663 -0.232677222728338 0.143405910806282 0.116747126922284
0.211614604059311 -0.16803535978306 0.142544787079248 0.187050365156472
0.296596330480538 -0.040563712953931 0.045297927122869 0.280123080167647
0.241330568124836 0.259707927876521 -0.143623175869286 0.247118088117963
-0.0403175114936528 0.42405314752858 -0.246217030961926 0.101954120690983
-0.275960290476071 0.368101199260559 -0.171168069945822 0.066217555234803
-0.348088645370706 0.229242645009618 0.00826649845698177 -0.0682419178436383
-0.201978687862798 0.389828696554978 0.272902846797463 -0.00472669780474969
0.0651729370075237 0.358825932190956 0.246598279495036 -0.23344660704638
0.294186461707071 0.130148447864861 -0.0115812948892571 -0.337377827727643
0.276834222056727 -0.0900523878365753 -0.198181417027581 -0.159323529154408
0.154990754245564 -0.219500793890911 -0.176408718472493 -0.0161683233553212
-0.000938406728210774 -0.236473069679495 -0.0982052869588142 0.0204131511385592
-0.0394328805643685 -0.212391446588551 -0.0104072491794767 0.031590217661299
-0.0440229474592858 -0.201647170845722 0.0644669638301084 0.0096641092325532
0.0567745695848767 -0.247948181359092 0.15842421596918 0.0286012283217669
0.211931599590302 -0.192968794192242 0.201612238174072 0.107844618896552
0.312319672326152 -0.0662676097731654 0.131245989896357 0.250868297456633
0.261539568676354 0.254430988405531 -0.0607418421867855 0.25141860666312
-0.037127975281365 0.419483926602808 -0.194648122533127 0.0854562395652769
-0.278521319803882 0.355659994623609 -0.0646809970842083 -0.0248301700934857
-0.345733826465405 0.158738758187255 0.169623479007507 -0.147262795559921
-0.262147888397805 0.334533488542664 0.33564259640435 -0.0405880678240697
-0.00645797752668084 0.362109091554558 0.307294520566684 -0.184926266665366
0.261747935456042 0.17393626545678 0.0964364887497551 -0.292324021615972
0.274336510679679 -0.0606017014132458 -0.0764910688041891 -0.200186365311415
0.163642185646524 -0.199633488126216 -0.116201020659082 -0.118179091029592
0.00934098514074412 -0.230856779483369 -0.0914296384624304 -0.0807664460615555
-0.0375773423812169 -0.207793334662651 -0.0237188055512835 -0.0518099535782627
-0.0432863314600985 -0.192369977907761 0.0515489174397973 -0.0726976324128041
0.0496836764568801 -0.229214880611174 0.158937822822756 -0.054057481197001
0.192446806531719 -0.182377403526634 0.235102093060335 0.0331755740464626
0.2889520582814 -0.0604085492273955 0.185253807814123 0.212239319013138
0.225192822762269 0.23786955328821 -0.00388836336103675 0.235499019246578
-0.0574410711057279 0.359279809417798 -0.154573984603661 0.0598544741847205
-0.261342553153173 0.281502757359328 0.0297489495184403 -0.104285084088086
-0.268030958866165 0.0661627799615617 0.314197878219051 -0.204499159674276
-0.246504766241239 0.210093302794539 0.379738905332082 -0.0657289680391511
-0.0557826543345347 0.274722557798905 0.33991585676265 -0.133176081471656
0.17882009658054 0.158240615486054 0.173214835255273 -0.231414271105604
0.211402596196075 -0.0301608115837023 0.028001131138082 -0.219477662322186
0.134550884495725 -0.144913071352207 -0.0597682102545123 -0.199813803658148
0.0150181434762242 -0.184197627118922 -0.0832642313580502 -0.164862388374843
-0.0286639655254669 -0.170555690006187 -0.0339951843902965 -0.123705172105137
-0.033034463382073 -0.159786857578661 0.0417025418810516 -0.143241237209532
0.0446157045829331 -0.185925044284493 0.157374499295375 -0.12222681956907
0.160057171444539 -0.14332623244469 0.25657749733866 -0.021268714650252
0.239470525703102 -0.0277825313690778 0.214474333741955 0.182264737852393
0.151192830879994 0.214694413470606 0.0268001731340806 0.217030557580775
-0.093612835429634 0.263450128961427 -0.122278200063458 0.0381823491057002
-0.225357193096932 0.16447540106139 0.11019993964646 -0.15589426440063
-0.138449092123912 -0.0337357839575344 0.404967336522891 -0.237854733364316
-0.167110633712224 0.0591805442579077 0.390479112074843 -0.0846793423020464
-0.0676000098565927 0.138523432097705 0.3473781779001 -0.102970917706672
0.079194448182289 0.0990506920171202 0.209753878967598 -0.189705014352399
0.111816567837531 -0.00670347035572267 0.0840299351596137 -0.230151222037084
0.079917046603743 -0.0694469181621054 -0.0307425274899381 -0.249130224803988
0.0166696281225377 -0.10609317938335 -0.0767789339348576 -0.217524777897848
-0.0136983947053403 -0.108128046610193 -0.039718588791172 -0.174336234385885
-0.0153831730839188 -0.106394520457379 0.0384673287273583 -0.192661543357403
0.0362716577044357 -0.122747967480242 0.161214099793918 -0.169436838988395
0.114896898538172 -0.0910630449775098 0.278748240157671 -0.052930240858362
0.170419126168506 0.0107031373980357 0.230646087067048 0.169691077606269
0.0632593383291113 0.175331443261366 0.0388657736337415 0.208592010135961
-0.119692972117798 0.143884573636982 -0.0994390900309105 0.0274099994208058
-0.166040214409797 0.0277779016537756 0.172974770902937 -0.169936241212129
0.0970157151854372 0.0316545601959203 -0.0408422576759655 0.315146995086482
0.0426266964048145 -0.0901709829977493 0.159926770429078 -0.0383773964201434
-0.0531874469749393 -0.0703602641381762 -0.135105039584524 -0.20358562590821
-0.0688369219944636 0.029605533507439 -0.341289186199943 -0.0241084963832488
-0.00889192381888055 0.0508768819517771 -0.255076722199871 0.247883370667209
0.0138372742500225 0.0347191701380819 -0.0201379366791481 0.312593459642869
0.0271246994764149 0.0309636545367859 0.120917537973114 0.234486149204183
0.0174780386837002 0.0167632174638807 0.17087239207591 0.158994173650946
-0.00324645719176897 0.0231030593628977 0.211529596917377 0.139208218456751
-0.0268491705150326 0.00742149158583515 0.194373959416787 0.18898043488868
-0.016495090045545 -0.0132392268335351 0.103434255848063 0.257771915443945
-0.00876416006664214 -0.0348119978833203 -0.046113073287176 0.27845905955581
0.0652953657130939 -0.0357941255178551 -0.21383150537551 0.290795708287953
0.112442145586954 0.0292082493003189 -0.304721122988472 0.306568667776433
0.0586343384331307 0.116317723138057 -0.222211854632971 0.450900059159528
0.0628919513152807 0.172793604559703 -0.0750722750775353 0.300433054551384
0.10744061176033 0.033147251387117 0.164937567067796 -0.0306849349517041
0.0547418747847377 -0.039012382240517 -0.115525282990857 -0.228697408659178
0.00865472778220657 -0.0379495738353822 -0.355863048086659 -0.064654254164458
0.0157374531050819 -0.0406056458928406 -0.280796493993522 0.234468412419272
-0.0124783552058742 -0.0523882597561097 -0.0451221489342263 0.311485804228128
-0.0346125764782734 -0.0285744728195504 0.0987711848536645 0.238398472764999
-0.0438857765937665 -0.0397115994803019 0.159439001299566 0.156523351968744
-0.0581183361226192 -0.0460001875501871 0.204060189597104 0.122796772911162
-0.0401084966299387 -0.101513644035166 0.210474245574681 0.156064651341557
0.0476008913510617 -0.113969197161769 0.149166147424657 0.231262319893011
0.111538966816006 -0.0705394333531012 0.0213842834853161 0.282802291046593
0.17770955578148 0.0569210063115054 -0.154633930037314 0.305388035469544
0.135342230628066 0.210097668560635 -0.254964873752941 0.295505146976337
0.0126861596000508 0.292176802564338 -0.187995698221965 0.388443751295387
-0.00325026686542274 0.29604696733185 -0.088064358147224 0.235352562536328
0.1392247697762 0.184908486236653 0.178585220358622 -0.0483229009177779
0.164098089698282 0.0360290455233566 -0.0730499799321418 -0.269942118716226
0.11523675085626 -0.0872403847451177 -0.34952446564174 -0.131596924555531
0.0599590916346796 -0.134276724893647 -0.301113250060589 0.186247699142195
-0.0269090644599757 -0.145113445823797 -0.0831938295961131 0.274802890541088
-0.0894153953121432 -0.0923378015330319 0.0533722846371043 0.212354740630083
-0.0995321424140289 -0.0896314304380528 0.125944322518142 0.132181026229046
-0.106965638584455 -0.0975754567144268 0.174364259789346 0.0821882296639749
-0.0660216283786835 -0.1837054117259 0.212758263669817 0.0876769428158078
0.0730735110996035 -0.207708389299199 0.201387770785085 0.159960130857736
0.191006592541673 -0.142551637887921 0.1199751092271 0.258442996831404
0.292735829426219 0.0852370898674297 -0.0615974954466463 0.31173249160855
0.190676028060752 0.331183497171408 -0.195867584136089 0.274732607682623
-0.000204839556893825 0.421496147529464 -0.144891829893627 0.280628504342326
-0.086393305007589 0.375908581088154 -0.0688442307252272 0.116380781551409
0.124945754565949 0.332599538895971 0.201016061967897 -0.0908085245654417
0.244918833950877 0.14529885819809 -0.00540821683294188 -0.311675677909083
0.228924501180246 -0.098187335401617 -0.299969844294374 -0.21146634261796
0.116947547606239 -0.206610965580602 -0.297888112978948 0.0973283537306036
-0.0243316326661302 -0.225007364792323 -0.122308296426706 0.197194114782487
-0.128226908643599 -0.149323841904664 -0.00633243529802947 0.155984041308287
-0.141236667428977 -0.127053310322451 0.0737108484264058 0.0879318693104584
-0.143158562375969 -0.127121544106057 0.124819491429193 0.0274359833071906
-0.0941036275969061 -0.228401685005434 0.191325660367774 0.00393450571694959
0.0667166833858392 -0.271869574627538 0.228802589790997 0.0618754752006466
0.221002567927558 -0.215403072183719 0.207726553976861 0.197095478857406
0.370370880672086 0.0659692507511179 0.0340421698715623 0.286457261447087
0.237467311056343 0.37969411269395 -0.148043011686118 0.239466411117222
0.00102782705271063 0.485809544238649 -0.105367166166226 0.144470680007487
-0.159213949191479 0.388677312548017 -0.0148266333572116 -0.0394382158827462
0.0631269529212016 0.423768533758148 0.225354224781458 -0.154537587311167
0.261231374242631 0.250190839407586 0.079411378637051 -0.332565745407039
0.305585432446588 -0.0644959373034416 -0.202443993084047 -0.27567338584503
0.167547863801693 -0.23351016183248 -0.254255336108872 -0.0162198711895433
-0.00798612980759504 -0.26772551459063 -0.152008501683685 0.0872102444188057
-0.14311664109778 -0.184203256758787 -0.0714697814740815 0.0769703866536924
-0.162686662695507 -0.144977120628194 0.0124349277781156 0.0316327172042957
-0.159632884095209 -0.136337264624164 0.0629055077399289 -0.032347412862481
-0.109089155675652 -0.236324576517602 0.147591703938801 -0.0761514816338917
0.0517949230287813 -0.293107964833132 0.225791069093749 -0.0382923232798048
0.217367223226352 -0.248010817419107 0.259421453591916 0.120554910996725
0.385696955731868 0.0486072485664773 0.10267188124432 0.238925673249762
0.236670037698867 0.373109259965994 -0.116991098030422 0.193039604194526
-0.006591553645394 0.475873029374323 -0.0773226420859594 0.00295671318157899
-0.19669240154542 0.325771286821628 0.0609670112097846 -0.201522464964666
-0.0176670235706935 0.413577263945871 0.25051764595602 -0.220776213455444
0.20588293263617 0.293031443875008 0.15670809084426 -0.327024344467533
0.306086494767264 -0.0119615823815778 -0.0843474119646832 -0.303037859142641
0.182905603243442 -0.208964624911496 -0.18012094019663 -0.122721108498008
0.0108728838184942 -0.256366027372572 -0.166194956688669 -0.0301646926037233
-0.131867248568014 -0.185758540013003 -0.129801151885152 -0.00750371439369555
-0.158809978133351 -0.141967440356875 -0.0498382132615078 -0.0269538271431716
-0.154897524475919 -0.129071269310285 0.000229770957623014 -0.0898112291000048
-0.10353729869738 -0.217129795945925 0.0975057181194964 -0.14333642040492
0.0425406142436871 -0.271303081811469 0.206777842146166 -0.118570957328601
0.201037201540881 -0.228197047873539 0.278902629488662 0.0553953769969035
0.344778658369761 0.0559732387063166 0.138262068293724 0.189493239949815
0.181326818649354 0.335795285319824 -0.0982422723714863 0.147063139400087
-0.037271524393541 0.401291901539285 -0.0490313247593532 -0.119378861913371
-0.184714551359905 0.206307543288137 0.134453060331008 -0.33970283405513
-0.0754901676856313 0.30551269892902 0.266177798058092 -0.269612946632971
0.116477661305188 0.251766274568496 0.208617001162161 -0.304111928121626
0.232243505044802 0.0223280393109404 0.0133688447006955 -0.297548331856776
0.14981492869078 -0.14785393948664 -0.1082140145187 -0.199723298012965
0.0201432655508632 -0.195918751471342 -0.172295183903578 -0.127518842197451
-0.0992044328732072 -0.151697264374539 -0.17450640132957 -0.079583031820982
-0.129609626519153 -0.118389939663046 -0.103165017848516 -0.0775500923964058
-0.126038185945324 -0.109793093165853 -0.0526182187070528 -0.140223447701215
-0.0809552344881733 -0.178516693920776 0.0538825846755266 -0.196068506979163
0.0403345268476178 -0.218787610599073 0.189958147887132 -0.175736743953431
0.180969888379092 -0.17077007205257 0.285019369465048 0.0123648025790801
0.267403000891342 0.0843001805908377 0.152594243829751 0.155371739634069
0.090206328262002 0.278811213929303 -0.0836713675789567 0.108255637242894
-0.0826070080500141 0.27908073686798 -0.0124125726459784 -0.208107313560765
-0.133861660065696 0.0489397926036123 0.178268648159252 -0.427758839124163
-0.0993848070050289 0.140722198967254 0.259804273005577 -0.295880322683765
0.0282465997304232 0.14782012982762 0.226215516281692 -0.286702874897023
0.118859844999808 0.0311092985946924 0.0634195401520827 -0.283616781132709
0.0838984685491846 -0.0712494818892365 -0.0713511639749981 -0.240655553245898
0.0219735782765643 -0.103324878110266 -0.179279221916785 -0.182000293068332
-0.0517660484256378 -0.0920589020528523 -0.201236823910212 -0.124618895906495
-0.0786835185861638 -0.077863565744014 -0.138480528341011 -0.114652175978688
-0.0793373029882836 -0.0779518055200755 -0.0873161393612664 -0.177716020563194
-0.0481200300803789 -0.123411055279815 0.0270844380444746 -0.236469751333224
0.0372699182478658 -0.147989462595485 0.188350527882683 -0.214420069495392
0.14813939982513 -0.0971760600009262 0.290807169755094 -0.0077178531363031
0.168006539646458 0.107610452770251 0.158845182306754 0.141572762370616
-0.0084480897258791 0.196969363127802 -0.0685917034384579 0.083966756729536
-0.118772424264371 0.127136660267992 0.0337455413589472 -0.253702787783454
0.101187241025052 0.0282240414506235 -0.0269533927147284 0.32454748158207
0.0390806112971244 -0.0939987290316941 0.16552560243979 -0.0490607377668598
-0.0569445436551254 -0.0699368699482461 -0.144735214431147 -0.20472413733518
-0.0700412090620108 0.0337957754359503 -0.350000741297238 -0.0116424584137925
-0.0077959934847133 0.0532113141819588 -0.252109209016624 0.265916955853147
0.015337535126496 0.03497964787647 -0.00847548090472881 0.31931912662443
0.0294148433607757 0.0293496152079372 0.13329426293804 0.231948945576642
0.0174040696800216 0.0158207546238561 0.181764596548103 0.152756091976236
-0.00196856076926268 0.0235343605888942 0.223572169877785 0.130554189411059
-0.0271084235327025 0.00894880790276952 0.208170264100163 0.185163704800445
-0.0178397904681303 -0.0126733178116069 0.117274811015151 0.260449546946272
-0.0100529265462534 -0.0347393490796987 -0.041201947547004 0.287322317394543
0.0664199384926126 -0.0407213789467739 -0.21241859422439 0.307262309738457
0.114527308324035 0.0253722435550311 -0.300854017988396 0.324073107087975
0.0635100895161023 0.119589570386816 -0.213040732618477 0.46543109766483
0.0710005170395648 0.175535103976692 -0.0642513576976702 0.31134399191614
0.11055624676046 0.0291846321445208 0.171341905548348 -0.0411211473031171
0.0537655074488763 -0.041216406858201 -0.124084189655583 -0.230503196756459
0.00623061061920685 -0.0385499772878543 -0.365952941548778 -0.0523249427590724
0.0137027878464685 -0.0417585006770178 -0.28018196945854 0.252065302578555
-0.0161472395315139 -0.0522498945564436 -0.0345356698853772 0.319222003288781
-0.0361565651911451 -0.027259701125274 0.111349002658586 0.237238017626647
-0.0475110032069788 -0.0381661396572266 0.171153496727746 0.151343658072787
-0.0611101213560774 -0.0443946687432123 0.216382253220973 0.113468431308408
-0.046084943080011 -0.102749348394339 0.224308195079916 0.149679081129245
0.0435127849553346 -0.118842883107569 0.163896614290647 0.231862199779679
0.110634035214669 -0.076361712669428 0.0294282318322359 0.28788960308181
0.184004239227938 0.05033982403318 -0.150963740128598 0.32008311524081
0.145708532938245 0.20944003733486 -0.248433172926805 0.310324356019949
0.0206224087784089 0.30089330705342 -0.178413344473672 0.40269753038139
0.00690146202621421 0.304781028871076 -0.0804500177268549 0.243910357347414
0.149195702929341 0.183365339891788 0.185025671144115 -0.0589203090036267
0.168744895263492 0.0317696948246929 -0.0814379218594241 -0.273836811410616
0.112649759852621 -0.0923982023808939 -0.362640676350638 -0.121723340978739
0.0547363679518037 -0.139319980742406 -0.302530658562837 0.202063125744921
-0.0347654914679353 -0.146396300781629 -0.0738948224165899 0.284220485521516
-0.094814632347379 -0.0896308900501329 0.0637708512392309 0.214207283582339
-0.106097423476505 -0.0870624871839617 0.134880152979004 0.127812275033787
-0.113359745479978 -0.0943969756045411 0.184786348546566 0.0741510239490662
-0.0759460430839188 -0.184565431593904 0.223164949362729 0.0784139226395588
0.0643335450278082 -0.216445227397858 0.214751898905378 0.156092872983677
0.188532777519355 -0.152604443167437 0.131123232409183 0.258684895340399
0.303470361691487 0.0739605983930605 -0.0556253173564739 0.32318743131384
0.207235737837874 0.331050529973824 -0.192163294872848 0.287238311070647
0.0113231050604206 0.43332036810947 -0.136077223806278 0.29175830517646
-0.0755216209138868 0.389890468110323 -0.0656655355635641 0.120767696834078
0.140147002193894 0.334683027102127 0.205154792525062 -0.103027359216417
0.256070647116902 0.140604819229771 -0.0127599076611954 -0.318960060110514
0.229264058198465 -0.108305882239714 -0.313722287174253 -0.205107535309619
0.110283471834605 -0.216231093881154 -0.301914496391685 0.110085678183686
-0.0351970318914214 -0.229083522285268 -0.118823710126348 0.206928459647896
-0.136770098962351 -0.145159085770221 -0.000387030602042466 0.161502058763425
-0.15086799441008 -0.123026466950847 0.0792857173301523 0.08560619835769
-0.151546253534338 -0.122635070948279 0.131892957976591 0.0205113570773201
-0.106688115571914 -0.228990152491193 0.196894044417857 -0.00645038333404191
0.0546667787916967 -0.281713280891973 0.239707240486915 0.0539144560442121
0.215183440938607 -0.228250145537608 0.220772090756636 0.191918653994672
0.382911758572118 0.0511274888937587 0.0417110033876323 0.294793628437205
0.258521358373239 0.37898244777079 -0.144103348631797 0.249782776342015
0.0159293872928909 0.497744898692383 -0.102146487732775 0.151918196575658
-0.150560843083622 0.405865044314098 -0.0162312897874503 -0.0409612712269877
0.0816629752079692 0.431091067465085 0.227425267286408 -0.168309421085586
0.276599170278316 0.245207903407042 0.0722839557269782 -0.343462819554912
0.309557042500582 -0.0773194508431661 -0.216746015168092 -0.276243896257352
0.160978731748174 -0.246478867932004 -0.260570704315338 -0.00824124962529709
-0.0205033451199184 -0.273244046672315 -0.15396888953623 0.0959283096320208
-0.154275186745705 -0.18085480396553 -0.0702574412667841 0.0853820208845551
-0.172655147822628 -0.139582892057128 0.0140797397818869 0.0313934313284996
-0.169377115058596 -0.130550737043225 0.0651744580009624 -0.0370307576935723
-0.121873925176734 -0.236979922506653 0.148640228981904 -0.0868717445972186
0.0385455715964022 -0.301689120690862 0.2319212698851 -0.0476694110698028
0.209363853459043 -0.259780181612304 0.270938268158716 0.111334210114727
0.396288231499589 0.0320091053508859 0.111140620880318 0.242244520766675
0.257551641278484 0.3713286731888 -0.114310312009633 0.202090145237652
0.00608301520577746 0.486006877103885 -0.0779584933944369 0.00790833955510696
-0.19142465909242 0.34451821470795 0.0561744497530427 -0.209591372477637
-0.00198720459133006 0.423045508914002 0.249753027787113 -0.235350510854971
0.221414517707648 0.293075370335917 0.151641102125966 -0.339622397921057
0.312551603556029 -0.0248012343878198 -0.0953831658550012 -0.307910770924907
0.177075149721522 -0.221768937935855 -0.188720236413987 -0.122829500110615
-0.000439924076419886 -0.263237046847001 -0.173269949116915 -0.0238510935610639
-0.142800012051896 -0.182824455733095 -0.134042138963054 0.00185754748056411
-0.168764122754861 -0.13627786084216 -0.0517715222549208 -0.0250760820105298
-0.162957146938783 -0.124049314310971 -0.00134618709751248 -0.0923040555547645
-0.114886754367075 -0.217385654302084 0.093700429395285 -0.152957176563563
0.0309968569561167 -0.278606115836358 0.208208234585308 -0.129142681050154
0.194218946619807 -0.239452325442273 0.289094803770257 0.043544658671326
0.354936928369713 0.0421132575890638 0.146198563431953 0.189797005910278
0.199606347938761 0.337204855590504 -0.0977256384687262 0.15399149182908
-0.0277867204563601 0.410033566717725 -0.0538891297171668 -0.117200999384466
-0.183021989749579 0.218743496882226 0.12696728422428 -0.35345201527573
-0.066173571396155 0.315381996769288 0.262775713749984 -0.285850637813997
0.129506047740981 0.252544667563944 0.206031406649615 -0.318387388130627
0.238254490992479 0.0131928681575266 0.00616844861373915 -0.305352248355709
0.146186238691477 -0.158671586790172 -0.1172313082147 -0.204298364504899
0.0120658023355959 -0.201826339549453 -0.183394528439055 -0.122405017893282
-0.108433372644292 -0.149905036758753 -0.182640345497742 -0.0697108084134498
-0.136980579639584 -0.114492302208931 -0.108484455900513 -0.0743732172004275
-0.13285928088924 -0.105325076949173 -0.0581630033971485 -0.141128167434361
-0.089950915041408 -0.178579923586196 0.0470164138768368 -0.204214098918794
0.0317472777390387 -0.224983906200828 0.189575075466362 -0.187162448284231
0.175918791559073 -0.179480159072034 0.292227155710165 0.000242567806148497
0.276175198702675 0.0743276087257351 0.159759219561352 0.153220453967501
0.102633189094893 0.282098746625273 -0.0832575427683029 0.114134667669681
-0.0759705323340423 0.28828549463323 -0.0200499587719494 -0.209040257697881
-0.135723977993421 0.0562498522994246 0.17004344576524 -0.445160386557488
-0.0959245339547426 0.14711057710363 0.255409307203439 -0.311173205945319
0.0352241167433544 0.149566485363418 0.223717551110556 -0.301297443249202
0.12250263614298 0.0266437689582367 0.0596808667559056 -0.293968313179806
0.0820390175972389 -0.0769404277831763 -0.0803191853626408 -0.246992581330663
0.0185502508106319 -0.10787815546975 -0.192534658093045 -0.177455909494304
-0.0571438382311492 -0.0911611273656296 -0.212366406922048 -0.1150083647367
-0.0839164492797214 -0.0756233090631077 -0.146297740280712 -0.109818736873264
-0.0841758777987858 -0.0762324341758398 -0.0945793877990368 -0.177923065377413
-0.0544126377843374 -0.123811716697361 0.0185006708479543 -0.242939584177222
0.0320167458500198 -0.151647236377171 0.184914875118057 -0.226351853668121
0.14699517636361 -0.104123915428642 0.297263568443674 -0.0200108875364735
0.175814202048908 0.102889105200445 0.166057551511 0.138842608703339
-0.00197077408886289 0.202085687473304 -0.0678325633076803 0.0897330020444843
-0.11858326707113 0.133725704458742 0.0244318651909611 -0.257618394530342
0.104591223292688 0.0219962321902245 -0.00487506166201231 0.328216384587845
0.0322962495531294 -0.0973092866225524 0.167253592611094 -0.0630698690867306
-0.0619213377515162 -0.0672402162007817 -0.156767132172519 -0.198559497750692
-0.0683990620157769 0.039493768480889 -0.352436233002177 0.0103307680217944
-0.00503485449489037 0.054821117456627 -0.238814658506743 0.285744591206822
0.0173494503210125 0.0344737082720323 0.0116919140145078 0.322034623930743
0.0313412903237203 0.0268952071270823 0.147462173144478 0.220905716851287
0.0173739660471201 0.014424786095707 0.192542417165366 0.141070743206025
-0.000603660387819911 0.0230036762940175 0.233694699209863 0.114142668381516
-0.0268017513177589 0.0107047958509598 0.224305834157851 0.172290853112108
-0.0184297670672079 -0.0115339801102655 0.134882301333351 0.256059328549276
-0.0123802116989339 -0.0340026320879368 -0.0290425320622706 0.292891411069371
0.0644450363291928 -0.0456367087079506 -0.199001849958417 0.324180392706797
0.115016857648582 0.018121476744461 -0.28444686069922 0.33958604244596
0.0697876298177242 0.119999657550087 -0.189418090907432 0.479527720395976
0.0817203499636757 0.173172980780743 -0.043854467334924 0.317814695042935
0.112194709482947 0.0222103736773235 0.173191407005344 -0.0559103607217294
0.0512226563300403 -0.0447203820774903 -0.136252239668611 -0.22631400072337
0.00313207972613347 -0.0380192720740455 -0.372208564711123 -0.0307708121330673
0.0103629235357503 -0.0424847397458329 -0.268064620336019 0.272743648826202
-0.0200732798109623 -0.0506143684550999 -0.0144930701174222 0.323359322189948
-0.0373438235773108 -0.0251715961016275 0.126681052833328 0.229418099488232
-0.051016640432873 -0.0355236358772868 0.181222245006236 0.138609789911217
-0.0640812892241052 -0.0401269949337486 0.226607351485478 0.0974771490360539
-0.0533665752157343 -0.100360269416879 0.23639755158336 0.134536814689506
0.0351706355642869 -0.122697675783096 0.182404761612181 0.223650623422195
0.106095220982502 -0.0826804784874784 0.0437392719105341 0.287464305807812
0.188567341556438 0.0387503563900316 -0.137250890809557 0.332869228325567
0.158251256699835 0.201760793808534 -0.234139911283034 0.32341093868172
0.0356408192003604 0.304876515490808 -0.156828280049508 0.413006876164348
0.0245482966696679 0.307278702318072 -0.0653881827864769 0.249730181738415
0.161490434556186 0.174502035159885 0.185686690232009 -0.0736067191906481
0.171310885474655 0.0226581368794166 -0.0947838990783472 -0.273055922350869
0.107129933175936 -0.0988960863142609 -0.372191759120419 -0.100539247380992
0.0446928720443878 -0.143531935559952 -0.293498606368971 0.222557621014233
-0.0455747152644013 -0.144590000228651 -0.0578569957565682 0.289889359511292
-0.100062755827204 -0.0833574346892257 0.0776310656958093 0.210686079699747
-0.112944096682104 -0.0797726793387637 0.144191636083583 0.118336441136243
-0.120019794778745 -0.0863592645067474 0.192575368152413 0.0592233274673429
-0.0889955834852195 -0.18064177746776 0.230666025610742 0.0626604573084956
0.0490493443694162 -0.222166624550201 0.228702726574794 0.144947310372876
0.17874003994471 -0.164574528702544 0.14486756025706 0.25232231665704
0.309764438921043 0.0550977473301595 -0.0403126402487464 0.33012032981461
0.229232923612174 0.321164602269801 -0.178032429615406 0.298527760527511
0.0319887082387617 0.438635289303707 -0.120329713092626 0.299905042960896
-0.054226924906241 0.399042765271989 -0.0585509693197512 0.124942807793598
0.162121481868552 0.328005463735658 0.20300889562592 -0.118295237938064
0.267146976461295 0.126755264703598 -0.0268715759767214 -0.321709469342396
0.223376302756067 -0.121932030102543 -0.328313362572386 -0.188849994771113
0.0963864796120879 -0.22522123114226 -0.297639056584952 0.128796230068793
-0.0520871425305961 -0.227717873631254 -0.108294536260327 0.215778272484539
-0.145832752854306 -0.135582351667117 0.0102897652456358 0.163802339712047
-0.159482297076911 -0.112043677308914 0.0857933204084609 0.0794596816279673
-0.159972168346974 -0.111834982461558 0.135564295304467 0.00946546735607343
-0.12293269702707 -0.223216754991252 0.198078119076169 -0.0216182599711489
0.0352546931360418 -0.287397070393778 0.24753732569913 0.0398085276590352
0.200412756069506 -0.241516333322063 0.23297475876906 0.179099948695223
0.387936129063822 0.0268348260665941 0.0561313522264879 0.295979417491932
0.284803833257997 0.364938485690876 -0.132808470262071 0.259008682144586
0.0400564465115919 0.501879883227424 -0.0934756611634229 0.159709999851102
-0.128982151645954 0.419908959156392 -0.0185483202343391 -0.0414452584719719
0.107925277722338 0.426860530141427 0.220734895279141 -0.183570972104577
0.29469516722019 0.2326698384096 0.0585444497846913 -0.350682040253686
0.30673736310977 -0.095921220049578 -0.232701177841798 -0.266135324170902
0.145728755704994 -0.258452814845081 -0.26303673589446 0.00400614645617565
-0.0398685432061775 -0.27406997439722 -0.151203596871888 0.106737648581807
-0.164856374463732 -0.169831693961061 -0.0649536753694806 0.0928012480240015
-0.183118805860306 -0.127719450257309 0.0154894382912245 0.030105581089785
-0.177107832167444 -0.118842076381842 0.0659367380656361 -0.0437258179018296
-0.138693322559179 -0.229611333612602 0.143502804214663 -0.0996431695328523
0.018348943190595 -0.306041489595905 0.233926997767237 -0.0627598696669011
0.192346750647301 -0.273455238046883 0.279507873266886 0.0936716089850201
0.401471569171587 0.00701746810091021 0.122941703761318 0.238889167492699
0.284508478694981 0.358603653049267 -0.106461452490478 0.209851758874141
0.0306514870461961 0.489303298935805 -0.0782097082757708 0.0139355358533624
-0.174261471253072 0.36012621601776 0.0451806851039695 -0.215511543683612
0.0245667635778617 0.425696991639156 0.238620518340304 -0.251239362694333
0.242080755709771 0.28291231166442 0.137805148393605 -0.351693247818186
0.312119236018318 -0.0438958155062695 -0.111689713622046 -0.305971913578788
0.162958591842883 -0.235227466168467 -0.196751011280118 -0.11507097900746
-0.0189414897209688 -0.265749165944792 -0.178496927006214 -0.0122788894337641
-0.154249068290196 -0.172661526698286 -0.13441348904023 0.0142433576235607
-0.178690278120353 -0.125182604497467 -0.0538618217849566 -0.0222267018987648
-0.169800072156607 -0.112852549966914 -0.00563635143794445 -0.0941414032871223
-0.129496428759712 -0.210451478694188 0.083883423071616 -0.162058687904323
0.0123045079278276 -0.281720030720982 0.204321878441457 -0.142734022345671
0.178288302312517 -0.251462477991965 0.294127276931715 0.0242371457055746
0.358764964688959 0.0196768932398593 0.155775652858934 0.183816522251892
0.221232980759139 0.326448940870275 -0.0912614345656402 0.16065051380717
-0.00802206255994505 0.415034532325848 -0.0609806084954442 -0.112287339931905
-0.172739851584477 0.232973749050411 0.108657450868763 -0.36400548902825
-0.0471579465546188 0.321047056546464 0.248156431330065 -0.300936822164485
0.145423834034481 0.246672996595528 0.192274422730428 -0.332207823390588
0.240111111335378 -0.0022868289960978 -0.00881544535414925 -0.309575520050366
0.135484495584932 -0.16890785156202 -0.129468853172221 -0.202436766577763
-0.00202431175195037 -0.205557623071742 -0.19413136813513 -0.110411760416284
-0.117723490054458 -0.143033621317294 -0.188274349833325 -0.0543225804672209
-0.145260727802067 -0.103994119348199 -0.113834332584119 -0.0671984615714107
-0.139491923804777 -0.0963419561143643 -0.0660557562570279 -0.138867026810319
-0.102246473402205 -0.173528483170701 0.0346603607095183 -0.208984385329081
0.0172327701311792 -0.227338149035837 0.181299996884521 -0.199288709471876
0.164348889918167 -0.190507165429343 0.295211859667309 -0.0191292486550222
0.281751482235413 0.0569341115428848 0.167548302185774 0.146437452674284
0.119557408663148 0.277696787851805 -0.0786379648554085 0.120469866435444
-0.0626182421789971 0.294451064641551 -0.0333081085526494 -0.205844224471579
-0.134041771320751 0.0654062380572349 0.144910419873132 -0.458337632284572
-0.088064690372175 0.153544834547714 0.23995514689472 -0.325109259135758
0.0441643356142719 0.147332751666226 0.211027404576636 -0.315790029750597
0.124439454018862 0.0175925289630369 0.046973599790155 -0.301595985529126
0.0761783949057312 -0.0826965699614725 -0.0946755177015346 -0.247767968073279
0.0108964304162519 -0.110251389322601 -0.206568758927446 -0.165263698119878
-0.0626222174640214 -0.0874316980038432 -0.220828845873073 -0.097423587941526
-0.0894645061881315 -0.0693484147980406 -0.154103596251461 -0.100273284119651
-0.0884972607996343 -0.0707469432249961 -0.106207310591027 -0.173223395166401
-0.063128952291936 -0.120890822194787 0.00408103918247493 -0.245534683147168
0.023656558160624 -0.153917287148024 0.173480993327869 -0.238787695428736
0.140073610872006 -0.113040941307644 0.298975035064825 -0.0390046226346297
0.183460788770275 0.0919204526840582 0.17299128315019 0.130956062929962
0.00972006183266041 0.204392835662526 -0.0644307017968996 0.095763190614942
-0.112336066309722 0.141764736886807 0.00905193874442394 -0.257399317252462
0.10474337138865 0.0150676059738527 0.0180892154530373 0.322058149908522
0.0256699599042972 -0.0971118947051469 0.162243352378673 -0.0772726542686611
-0.0651069516705165 -0.0619479053592704 -0.164840470468322 -0.187977008574097
-0.0641282946218847 0.0434123237900256 -0.345659053918958 0.0309800462761355
-0.000779862732719848 0.0552234173325365 -0.216412082998526 0.29868421546669
0.0197953872265523 0.0333308664158065 0.0315026382954854 0.314649978009633
0.0323041052356839 0.0232144538869189 0.158285362549429 0.205037819661746
0.0173781820903492 0.0127870538714274 0.197427828693956 0.12334075357051
0.000947646045078361 0.0218198187289093 0.237281221888028 0.0939972104383227
-0.0251216662137026 0.0125449823627575 0.233816675062828 0.153950185869946
-0.0187165830302766 -0.0109733514809566 0.14946745401595 0.244520131128633
-0.0137944365563383 -0.0321137988562192 -0.0154025233909609 0.290561523989431
0.0600445218178726 -0.0498528017378923 -0.179008208590251 0.333278098206801
0.112280807415455 0.0105843578711245 -0.260908204073144 0.348818425161214
0.0761722259840828 0.11643250484181 -0.160865347453402 0.479140192878896
0.0909255420149347 0.166019609244381 -0.0220153172141779 0.315065716125605
0.111522502827093 0.0147500614756618 0.169039246603358 -0.0698333298553597
0.047180604693231 -0.0459770698776675 -0.144473822027358 -0.216373589160157
0.000513491707837183 -0.0364751089767317 -0.367368090963587 -0.00743834870860572
0.00709718610900058 -0.0416097021832204 -0.245939136051406 0.286461055172381
-0.0233216206716528 -0.0480640921678198 0.00522847114839655 0.31810551328514
-0.0378653200498107 -0.0227143620383948 0.139873433534267 0.21528326837254
-0.0527784065662778 -0.0308757338587054 0.18751026169743 0.123587888896417
-0.0654162123538581 -0.0346641248328367 0.228850821114031 0.0775356655092544
-0.0599398986410451 -0.0939960976387715 0.243687144180713 0.115704489150387
0.02567847057348 -0.123134595146154 0.195012548811662 0.209238292548588
0.0984698169721264 -0.0872772786965234 0.0568291947383092 0.281146507026773
0.187409825519813 0.0254761231592983 -0.11751097155034 0.337774356150404
0.167004789661353 0.188364557375677 -0.212273535618459 0.329573878628821
0.0512294549979058 0.30080254804469 -0.131914880734477 0.414560167945008
0.0424187709861951 0.303487165147507 -0.0479016349228809 0.249050806788638
0.168883887785559 0.161283373667033 0.180269962039733 -0.0873180112510596
0.170294712519146 0.0121094553585382 -0.105735584516079 -0.265071030129718
0.0988470456759068 -0.102909048100686 -0.371871397458692 -0.0760210003711237
0.0340502111134476 -0.143683514149114 -0.274845050434686 0.237688272413411
-0.0546758189381514 -0.138438879040307 -0.0395177022400281 0.289215561382712
-0.102715947631777 -0.0743527665196289 0.0916953416343375 0.201793606905743
-0.116615896004206 -0.0698776717673427 0.149444517649573 0.104723268971911
-0.122643036191 -0.0756800788606822 0.194120680924567 0.0421148093565336
-0.101232571016324 -0.170899899638716 0.231705126658397 0.0447544082245929
0.032918606391228 -0.222062515196426 0.236931873106188 0.127511966182614
0.16427935908991 -0.172465458910745 0.155531880845049 0.238670233002815
0.308275978932549 0.0337543810453246 -0.0225181973815222 0.329701633087673
0.24463486813061 0.301136508591107 -0.158849378684991 0.303161079929707
0.0555587356123972 0.432812599304286 -0.0994819386297276 0.301385242476159
-0.0301401578508625 0.397028858185726 -0.0498174715157998 0.12509831374953
0.179012105582704 0.311471864871449 0.193540115737759 -0.13154945364258
0.270545863892594 0.108919932852314 -0.0405680598230795 -0.316266356249152
0.211339680180068 -0.133406995834572 -0.333449442722255 -0.165837011051156
0.0791554961806133 -0.22740017261897 -0.285229714347072 0.14416311347053
-0.0677681853607632 -0.219636601142207 -0.0934650484276071 0.219091110829641
-0.150477355226377 -0.122561578327184 0.0217619998454041 0.161166019282324
-0.164262783465917 -0.0980923964337282 0.0893307866465403 0.0712126168623317
-0.162553822035145 -0.0975181355558402 0.135247476966124 -0.00314290331819032
-0.136563078413619 -0.209958742733242 0.192929518926241 -0.0365337699383084
0.0148096264268928 -0.285175353533387 0.249068984396065 0.0231294426122146
0.179756451203014 -0.249007812944673 0.238059061675288 0.160096091718375
0.383198096092634 0.00160751236197743 0.0704668528827717 0.28948986452147
0.303091979329509 0.341927676037519 -0.117908394681119 0.2615167158302
0.0647401393665731 0.49410291944179 -0.082288808006859 0.162123797598768
-0.102421633652911 0.423360961542254 -0.0203746186512397 -0.0405363998888697
0.134474029563685 0.412291988582638 0.206694862901095 -0.195079941468966
0.303227471513179 0.211847592560002 0.0415716879970709 -0.349782554354013
0.294820684606743 -0.113931995699369 -0.244018958831289 -0.248641261238926
0.125262061807173 -0.263703129357135 -0.258113839394758 0.0187100640200556
-0.0587856040908019 -0.266611299776848 -0.1431342196536 0.11523839780983
-0.1718867289512 -0.15439357330456 -0.0565387341674589 0.0980705512191849
-0.187689341636727 -0.11153659605459 0.016989667086836 0.0273877410723222
-0.179357337101755 -0.103394582714974 0.0630505094249094 -0.0500669204089596
-0.151419715603586 -0.215810972178145 0.133966664999071 -0.109842398188162
-0.00367724387418912 -0.301502800832416 0.229163847505566 -0.0774002711708861
0.170039191361027 -0.279824572368808 0.279885133493105 0.0730094646423321
0.394800343978551 -0.0193181533680985 0.132263482373254 0.228459556190272
0.301663548805914 0.335583744564092 -0.093784059281437 0.212348894982058
0.0551367436136571 0.481421662640068 -0.0757423214446982 0.0200570573003798
-0.150747522242503 0.367349691842959 0.030732031623128 -0.215940182278758
0.0509614258006836 0.415459285332716 0.219487839630968 -0.26077253302928
0.255045216496571 0.263064518213893 0.119075468867431 -0.354884064333054
0.303135269515034 -0.062527312491425 -0.126314677533343 -0.294537422526632
0.143602168357112 -0.241615830403011 -0.200008999267468 -0.104755008367376
-0.0380260562651281 -0.260461373988335 -0.177780037419828 0.000468108221262643
-0.161202161551008 -0.157995328942654 -0.130046851543052 0.0259832149289599
-0.182956213906798 -0.109498022820663 -0.0545500037785372 -0.017726635043186
-0.172397354200916 -0.0980902220100258 -0.0103238099399552 -0.0946662021072622
-0.141119192732423 -0.197245160626181 0.0713647516281523 -0.16601368089761
-0.00724513987369009 -0.276933658725774 0.19446740704117 -0.154132294900869
0.157394997165261 -0.256252098347162 0.290853514644519 0.00399101079321189
0.353361351542035 -0.00408715166894041 0.161753243522426 0.172908171114836
0.238207342312748 0.307869063782325 -0.0824129190348655 0.164217128873503
0.0153117806178358 0.409512805870806 -0.06660664752875 -0.104578400307873
-0.156085871117053 0.240768279078119 0.0843555391164297 -0.364712912926165
-0.0260145898312718 0.317908392354022 0.226321195490968 -0.308398540961337
0.157962405803438 0.232920099688187 0.173210643223702 -0.338508328371274
0.2346729045822 -0.0179724339198101 -0.0239971307421452 -0.304983770049827
0.121275592694002 -0.175333498302986 -0.13968955734793 -0.194673126317019
-0.0168689478718816 -0.202159595097859 -0.199436577506023 -0.0956146833625882
-0.123754174551162 -0.13153553993475 -0.187227873598592 -0.0370794430864687
-0.149175415991538 -0.0910857287255051 -0.11573957806849 -0.0576559942845139
-0.141812603790663 -0.0847507712704306 -0.0725597912563727 -0.133507465123621
-0.111987449268496 -0.163415016298384 0.0199676815365175 -0.208803757915538
0.00162198970014854 -0.224301463711338 0.167999477543886 -0.207691660477817
0.147670322896294 -0.196252587813822 0.289416222802828 -0.0388996556053503
0.280213419763614 0.0383026331791201 0.171114133298663 0.134690222124006
0.134828227629335 0.26587676503213 -0.0719727849481343 0.124586801028169
-0.0464157531774886 0.293767693168331 -0.0447058840239851 -0.197444216567912
-0.128071316172691 0.0729784934161961 0.116779430201831 -0.460140181130776
-0.0770289288137593 0.155841032909454 0.217674555210589 -0.330190510481092
0.0520032920968294 0.140986699637737 0.191028486421896 -0.323206073732619
0.121801492153794 0.00861415546960482 0.0311980925243131 -0.300688751917865
0.068049882628257 -0.0863480415134676 -0.108607415784401 -0.241642264246309
0.00274866046173691 -0.110448724591294 -0.215342368601356 -0.148077654591283
-0.0661530629338174 -0.0817096074781196 -0.222346837447632 -0.077946003574204
-0.0919433196688612 -0.0613311619101968 -0.157761331894308 -0.0879551906576491
-0.091229286117289 -0.0630910114309053 -0.11480861901506 -0.163597682896828
-0.0696047541719644 -0.114745484764914 -0.0106270936322378 -0.241582898666623
0.0129189543063911 -0.152482151837938 0.157824347524333 -0.245396474575693
0.130123398373133 -0.118294691778994 0.291910004748825 -0.057162868095954
0.1856239989183 0.0782803266909209 0.175932286928932 0.119610495691539
0.0212367653946791 0.201600117780266 -0.0588375103751185 0.0999926507164658
-0.102647670779002 0.146272987655722 -0.00742103267649283 -0.250653382065677
0.102444754326657 0.00944860710227634 0.0336371323356695 0.309687571657606
0.019878652407212 -0.0946135388337209 0.153971302101533 -0.0876829140164265
-0.066071427032865 -0.0568836661142294 -0.16686461718725 -0.176953136655936
-0.0595772315669193 0.0456729628049191 -0.332268684445594 0.0445808659344052
0.00223514299785403 0.0540246802709265 -0.195250578687493 0.300729002929542
0.0209513790821443 0.030786686765156 0.0452847985549963 0.302126436108483
0.0319187891788666 0.0193514375762787 0.160914948979734 0.187624982662448
0.0174575695566311 0.0115572587824085 0.19655160397314 0.108726369455688
0.00202915556135445 0.0206163726126806 0.234313292874873 0.07695073995431
-0.0239594090152287 0.0135722836310198 0.235809991713618 0.136395472881881
-0.018919117337391 -0.010027318046983 0.157206098699246 0.231111641707015
-0.014583895864866 -0.0301451136950008 -0.00620690468916743 0.284904925708164
0.0552378448618789 -0.0522585080325646 -0.160454397920869 0.332811472896079
0.107768368035507 0.00535713365859836 -0.23968821122965 0.344537997118958
0.0792334044530538 0.112287670771442 -0.137945428211407 0.469201414303374
0.0954281513327982 0.157342364955956 -0.00593457967685622 0.304637543216203
0.107793328667174 0.00940803110505322 0.161224647548564 -0.0795470771262851
0.043928565614715 -0.0470020012962965 -0.147640115021757 -0.206130699726439
-0.00131225379144319 -0.034192058781769 -0.355276284238945 0.00883871789688562
0.00506713955485677 -0.0398087905266948 -0.22483959048494 0.289757003149528
-0.0247225229065671 -0.0446727511977912 0.0202785484563047 0.307465613926689
-0.0371512179514635 -0.0206822276223244 0.145251759884395 0.198829103712715
-0.0526517182372346 -0.0268877710823763 0.186262547989535 0.10750227844836
-0.0641107371271741 -0.0299757168133201 0.224841649232355 0.0607694328141173
-0.0626952311509658 -0.0873930785532323 0.242685875514156 0.0984036032849489
0.0180998659563356 -0.120807199451025 0.200129738755992 0.193419241651488
0.0912113658062494 -0.087916641608198 0.0637355598931218 0.270686513579307
0.182147915675046 0.0154985579564816 -0.101233219708527 0.334932574680295
0.168657199782105 0.174962032050154 -0.192004015010108 0.326390558510499
0.0613466817479423 0.291488348820419 -0.112437610237659 0.40501838414623
0.0544631248852526 0.293381608666376 -0.0353541843678154 0.242673066106115
0.170926472763548 0.147522732955508 0.171279519698046 -0.0964321564477734
0.165355884630142 0.00479563352467632 -0.110034745616986 -0.255022785188288
0.0898077135208093 -0.103074848539652 -0.363146331679563 -0.0573509343642158
0.0254302105487852 -0.140006997159775 -0.255034700617308 0.24323762770207
-0.0606397499833562 -0.129822118887509 -0.0247039823945498 0.281889762031706
-0.1017678545005 -0.0673073165029647 0.0984897226398648 0.189854616916337
-0.116328124685554 -0.0609635221662924 0.149151790895032 0.0929832866220574
-0.120653430990636 -0.0667462116427203 0.189175084093488 0.0275901174796019
-0.106823525855265 -0.160083913380353 0.227027389161007 0.0303220020452599
0.0202976101133815 -0.216624662335102 0.237764829488391 0.111514648154148
0.149856694789516 -0.173157943805268 0.158626345001019 0.223918011864958
0.299087330345163 0.018023373626034 -0.00957019644407631 0.322744202559955
0.249130693141279 0.280451282291376 -0.142191454639529 0.298482902973027
0.069423488942754 0.41969611930751 -0.0846409512767934 0.296084439534087
-0.0117186551978018 0.388750920687745 -0.0427087833380027 0.122560501758019
0.188144395292335 0.292392527338917 0.18282442902067 -0.13723799527494
0.267350544667221 0.0942961108779022 -0.0485172101315678 -0.308253708193307
0.19799605081995 -0.138296739453326 -0.330176845130416 -0.146575213023433
0.0645988550472668 -0.223202247182007 -0.269109794261898 0.152127616999135
-0.0772189742503533 -0.208579453231846 -0.0809923758163834 0.217413063112176
-0.150324056039224 -0.11073970914016 0.0303850226739491 0.155125217034724
-0.162891921103049 -0.085787301942254 0.0895386219723973 0.0639128187610789
-0.159928779816481 -0.0854570917270638 0.1308297803017 -0.0127910432767982
-0.14259056602345 -0.19588111144509 0.184941925951446 -0.0469701564758725
-0.00125104889234153 -0.276526655171642 0.244924046875234 0.00958317180417829
0.160993680589496 -0.24797758648267 0.235331427539258 0.142854500623676
0.371130772189405 -0.0170920168120248 0.0776630842822295 0.278945288234229
0.309867067956556 0.316518230849464 -0.105369921060272 0.25747163478102
0.0820163166243835 0.477899717172326 -0.0730643303773001 0.160881124639896
-0.0803410671225518 0.417214750971748 -0.022206101052721 -0.0389458186805228
0.149372154116824 0.392593108009183 0.192478042282912 -0.198141267688541
0.303928483406089 0.190649400826417 0.0301473792049133 -0.342334914511842
0.279526591580482 -0.123314033963728 -0.245405676656207 -0.230379092092868
0.106649788378133 -0.261102907930989 -0.249699483789954 0.0279169860711967
-0.0718535848929689 -0.254662888896141 -0.134451704117102 0.119404852246467
-0.171503932392007 -0.139384491934029 -0.0485183902934324 0.0994357442947656
-0.185891554239353 -0.0969785541837211 0.0180671012859944 0.0255559490682897
-0.176487861991464 -0.0899056272701972 0.0588108600988095 -0.0546127728653444
-0.156877444747577 -0.200252718721512 0.123703291909115 -0.113646597506097
-0.0185100530583529 -0.291773183704656 0.220818125253801 -0.086594067684097
0.149860033558789 -0.275519862312499 0.272981231490404 0.0556116936494531
0.379749921229747 -0.0390121087411962 0.135553689953398 0.217588917615733
0.307218580241947 0.31021465622124 -0.0843217667766476 0.209506474773632
0.0711548047863042 0.466134114090964 -0.0728191394311067 0.022502219721209
-0.129535437047707 0.363921689331661 0.0200672327245271 -0.2115240866903
0.068275821976113 0.398715193847045 0.202228450128352 -0.260522362252553
0.258015249654856 0.243338983600532 0.105395516086411 -0.349512285997561
0.28976745508377 -0.0746701466921676 -0.133135377628388 -0.28119807385394
0.125998132030085 -0.240117549502485 -0.198574793555482 -0.0946153292397725
-0.0515765044333319 -0.2506606661032 -0.173738742562789 0.00920228012063606
-0.162497800666574 -0.143958259731838 -0.122783651255451 0.0342214444837989
-0.180943425504722 -0.0953767054836831 -0.0540484846835197 -0.0143325327904487
-0.169223470620216 -0.0852048730213244 -0.0145062650943068 -0.0931998686703452
-0.145957435976541 -0.183556896206739 0.0603662047546702 -0.164846685329483
-0.0209666122846265 -0.267790106841281 0.183745695444298 -0.15847833003186
0.139759020262922 -0.253059724983448 0.280341065806018 -0.0113072031147555
0.341570912014713 -0.0213707661590562 0.16035755341121 0.162059012056624
0.243979917513338 0.286660320333139 -0.075221984371291 0.163431305677915
0.0298310674903624 0.398299986304834 -0.0688877905101157 -0.0966550015210618
-0.140967450818952 0.241829183907779 0.0669969062537019 -0.35728915157884
-0.0109269630948699 0.307945828537779 0.207987941126207 -0.305652461364153
0.162413143128724 0.217793451109465 0.156706412863018 -0.3355844756556
0.225236526281214 -0.0282735538209022 -0.0335150985220471 -0.296456089771101
0.107041718887579 -0.174455068688921 -0.143582518517772 -0.185845896072365
-0.028070019770217 -0.194795739556878 -0.199282138899022 -0.0821257059496994
-0.124726206000794 -0.120418323302757 -0.181030146387937 -0.0238946962609852
-0.148726764696465 -0.0790723674324437 -0.11493321204136 -0.0494114293873174
-0.13938631658875 -0.0743524586566105 -0.076369892511796 -0.126170758722394
-0.115505071961657 -0.152804942574418 0.0097390843660931 -0.203425386490796
-0.009112337408946 -0.216751054847809 0.15552671158543 -0.209268627386107
0.133214303036186 -0.194195900802695 0.278056882394267 -0.0522855268803999
0.272248675429919 0.0226820279219014 0.168361756718623 0.124748437548564
0.142014578090858 0.252120116174012 -0.0660210373790814 0.124722061189702
-0.0339667281665887 0.288000340137831 -0.0511516753723185 -0.18706250421949
-0.121124807967255 0.077452948317827 0.0940835509962486 -0.450922065773708
-0.0678118214990294 0.154472189270203 0.198765129983585 -0.325898443751523
0.0564250918924884 0.133450511182551 0.173502620981014 -0.321105895257418
0.116869413481192 0.00230695022507558 0.0204568920106568 -0.295323550209102
0.0601081982763381 -0.085663662142851 -0.11594149239221 -0.233288301592945
-0.00376288063840969 -0.107194279941048 -0.216740591031356 -0.132231396928275
-0.0678252512148017 -0.0759967150448056 -0.217559533695412 -0.0614500571507056
-0.0920575494799472 -0.0530119385951514 -0.155746089222967 -0.0764899768044517
-0.0907664103512599 -0.0559765905594496 -0.117843984575011 -0.15282659166902
-0.0732630720124525 -0.107399174978952 -0.0221214838395644 -0.232904618573922
0.00527440190838653 -0.147770439181311 0.143718512114229 -0.245187847484124
0.120009752950326 -0.12009927417686 0.279767660380077 -0.069567427568542
0.182173049779198 0.0671354006918141 0.173040768671405 0.109557968985447
0.0291738049028156 0.195172042105114 -0.0533131094164286 0.100644078552552
-0.094483542100089 0.145921667790155 -0.0186560473604109 -0.239598990740702
0.0886159454591988 0.0546348375929653 -0.0917965587695651 0.278168122880188
0.0563572791542097 -0.0737996249507848 0.169175827723099 -0.0231261343189256
-0.0357541406177899 -0.0787350529203026 -0.0810116581501998 -0.224328904681298
-0.0694031064001243 0.0163765950529422 -0.315544439538184 -0.0869908099775249
-0.0169902404121851 0.0466978997723052 -0.292185434051288 0.192267354774615
0.00624895027571639 0.0344290566770548 -0.0782507110347308 0.286115102908869
0.0203389355722254 0.0287418814258817 0.0690237122042811 0.227705186186625
0.011059339676376 0.0165754681684374 0.132354502992976 0.171518229054563
-0.00452371851849277 0.0181531080276577 0.177909522859589 0.157016620980278
-0.024491740745311 0.00176687762612199 0.159197388343008 0.213852430065081
-0.00984276378195934 -0.0160209824730367 0.0480089036386759 0.265642075972953
0.00115748064172368 -0.0299321316657441 -0.123894701530458 0.250941525684499
0.0712946233391241 -0.0230156863762595 -0.273488591058334 0.231886768266958
0.0942207163069732 0.0510463040335174 -0.345814246757976 0.215550275354411
0.0327926344107459 0.139769754875749 -0.316620978831452 0.364811010655131
0.0173117156899793 0.18633108273694 -0.110342393632168 0.255069873522839
0.0903151697420711 0.0531193989231041 0.17881975561085 -0.0165928506008379
0.0573387105643224 -0.0238697790837282 -0.0486241123692643 -0.249254130518869
0.0137036441753606 -0.0285219134710838 -0.326257651186642 -0.13304830440015
0.0230937983989322 -0.0345232768814932 -0.317622464434069 0.169618398869328
-0.00429644691198409 -0.0500032463039606 -0.105682524797858 0.280579632447466
-0.0244018374863166 -0.0331762104141653 0.0506323529914724 0.232564752100167
-0.0368016091281292 -0.0442199219886803 0.123816397620656 0.16721806150913
-0.0441683522411252 -0.0524206929764851 0.177157986379143 0.137119605016176
-0.0225582612997041 -0.103046172334205 0.181928702083884 0.180998813876692
0.0638912693340508 -0.1031553012363 0.102099611401912 0.248869825386968
0.11742113502962 -0.0431484855982814 -0.0537196497160111 0.26636884200755
0.16389926220304 0.084642802713293 -0.222670205860172 0.259518953364608
0.0892549849579372 0.22391698118075 -0.303955144422961 0.222422050660301
-0.0487184288778123 0.29668927626703 -0.275504076142325 0.314156891570768
-0.0797619873951697 0.291470371486856 -0.0967778606600849 0.189810300744855
0.0873047409964927 0.200613933826936 0.201985686415209 -0.0290555861789068
0.144443970526295 0.071882860025959 0.00968780407554211 -0.285603236683207
0.120978193843615 -0.0507212145122621 -0.30870203883345 -0.202686636427111
0.0809916789412744 -0.113767288906949 -0.331273563552919 0.112037922649952
-0.00264297600492284 -0.138680540104374 -0.139381072505431 0.239172098405149
-0.0625697628413485 -0.0985920507278779 0.0118441634574361 0.207293007217187
-0.0802063691869604 -0.0985678704466746 0.0962421526716749 0.138624743311987
-0.080646864151375 -0.10548534768496 0.158865473437233 0.0925903913099131
-0.0360591497618256 -0.183248946286894 0.1950888105894 0.112254087369119
0.100086298688994 -0.18924764789378 0.169425008964795 0.190881208623046
0.202004947045174 -0.0979454682988105 0.0521415938942004 0.261629712069086
0.270386966155169 0.128159621826837 -0.137295031491389 0.28734682412395
0.126269353115424 0.346310706569938 -0.253522397778412 0.223257516903046
-0.0881088250579285 0.415248798171963 -0.214498585847919 0.226173148907037
-0.182022065377474 0.350095086223416 -0.0446423178335957 0.0850294596611206
0.041496008340663 0.334473966504919 0.236635589325228 -0.0602014394142414
0.198190207273275 0.193192933427615 0.0934204445853713 -0.313562594769987
0.229671656511449 -0.0362333582680832 -0.243479467366355 -0.277796258951987
0.149391082756325 -0.170263643450617 -0.310202690360465 0.021030466149598
0.0135639317697849 -0.214088052357174 -0.167475074819619 0.158122302370823
-0.087354090996612 -0.154324098035974 -0.0359593147483948 0.15055736219028
-0.112765187335821 -0.13822622232121 0.0540858726261259 0.0905130786167022
-0.108623523704475 -0.136325081565441 0.123265953005057 0.0329904054138037
-0.055430269630185 -0.228665364576697 0.186877043043051 0.0261617515937141
0.10191539950848 -0.252125345072079 0.216899810064946 0.102276470582246
0.238559302598287 -0.161677305316535 0.155308270348097 0.219699754683735
0.349427836886207 0.120897700416236 -0.0411688296374645 0.285504801535467
0.166967165217297 0.399649753023017 -0.206059838699111 0.205567515206453
-0.0998328318322146 0.470059303652232 -0.153375860104939 0.109606165610956
-0.256551633401799 0.344379953671232 0.0416241350960894 -0.0448076003749414
-0.0343020262519088 0.405684172279869 0.274095031002209 -0.106049859302152
0.190750325727496 0.294427515419896 0.185056351229084 -0.314827756624366
0.293583526674035 0.00981051222444528 -0.131304077884542 -0.324230861150757
0.200850826320846 -0.185282762764206 -0.244007855205806 -0.0848516188094204
0.0368602973063131 -0.252397494511894 -0.177465417829857 0.0478933312228501
-0.0950215021376257 -0.188510555132685 -0.0851858941320261 0.0705245402154628
-0.129320551683112 -0.156853212077603 0.0060791537554239 0.0295142635725658
-0.121520305234545 -0.146980311277943 0.0753519018622039 -0.0317539206874508
-0.066847572009664 -0.237719044758829 0.157726898270324 -0.0577122805225166
0.090472888914279 -0.271753776002278 0.23262367118245 0.00772307179047184
0.238924320426117 -0.191774322545456 0.224260508068353 0.156354521657157
0.364889076351266 0.103258048455909 0.0336764256345344 0.253479836919277
0.16734713276772 0.392318889694438 -0.170001106203096 0.17173213035694
-0.104457866827087 0.453487387953688 -0.097476845169834 -0.0122261112649472
-0.277397575744149 0.274428966695444 0.143761938684275 -0.174540139011514
-0.10893713048216 0.378762596755939 0.307209539978591 -0.151643081607652
0.128711323867631 0.321387508745748 0.257659343962265 -0.286045263063596
0.282210629166885 0.056228183865789 -0.00585708986869099 -0.325594297287488
0.208083446016244 -0.157860956470958 -0.147965236917986 -0.175707516520365
0.0528600135578617 -0.240157046570388 -0.168385977835236 -0.0650137854008779
-0.0853775308087299 -0.189404155195161 -0.125405238589212 -0.0164912196886256
-0.125983041046201 -0.152912052629525 -0.0425395807608882 -0.0328737051765463
-0.117021562432304 -0.139907204456395 0.0250977332265502 -0.0931101438304021
-0.0631921387840768 -0.218005528514174 0.120958001435474 -0.12776383534949
0.0790790257729354 -0.250511369533341 0.22894643848001 -0.0701982015092636
0.219518474159035 -0.175701835455019 0.25791646218404 0.0991640080903373
0.322129999668647 0.103616194132669 0.0778081272426096 0.213593268629312
0.117861450751785 0.347205508613263 -0.142866886124952 0.132289991667174
-0.118151670754908 0.372833094905439 -0.0433552870430747 -0.118049199215273
-0.233829182177604 0.157900529580413 0.230422173677971 -0.282234098823948
-0.140338078781331 0.264482946689356 0.324757573910883 -0.184423072839171
0.0536349998612306 0.258975343801715 0.293930995414407 -0.246164997294986
0.205572455462017 0.0690706679452912 0.0926166019498484 -0.295751582978082
0.164879832435597 -0.107347595589765 -0.0599980650698703 -0.234200867516091
0.0521786818183672 -0.182556165094491 -0.152822048621311 -0.155670218761812
-0.0623830528112573 -0.154393774750339 -0.154864736161202 -0.0908505603743868
-0.102552984812622 -0.126234187319532 -0.0825801397625828 -0.08757114941559
-0.0963450504151826 -0.118822900655341 -0.0173133874950598 -0.145422965907639
-0.0479691492415628 -0.178560304867135 0.0904078067565089 -0.180699711740735
0.0704571804411177 -0.200397361457914 0.222558191731876 -0.125257305720207
0.193075752241906 -0.125769050102146 0.272151176618456 0.062987420865165
0.243464562234278 0.117901208811403 0.0982773917594957 0.182790850876574
0.0381286258936452 0.280170933687328 -0.119167125478981 0.0968374554252685
-0.135740225677716 0.248241755065981 0.0145188596848678 -0.19211151585226
-0.143853380368583 0.0173555026940107 0.275878533662327 -0.352032815336444
-0.124886239136437 0.106046288369264 0.315845963080722 -0.202870356217985
-0.00541585876823616 0.139103242994924 0.296368932506606 -0.219604936211487
0.0986563407866171 0.0506590245882248 0.141506622108373 -0.266535657677253
0.0870434285050092 -0.0475546562177873 -0.0123904952178709 -0.260930089407571
0.0386002324644354 -0.0959109731113073 -0.145226744197982 -0.205810336192222
-0.029565004967994 -0.093234197150719 -0.171993258396469 -0.139236785562625
-0.0623956323100982 -0.0824626887013637 -0.109027784740346 -0.126476806258009
-0.0611948611337953 -0.0844189071298558 -0.0444725345595811 -0.18346313751169
-0.0272494781705763 -0.123100822381052 0.0737112005800522 -0.218141911665696
0.0575676611041197 -0.133285480836204 0.225750702171049 -0.160556142879539
0.152366841045511 -0.0650465154811773 0.279352024127622 0.0497887239034245
0.145231115181489 0.125541656619739 0.10730986088227 0.170068142227269
-0.0437791186920396 0.18856386113376 -0.0976322381699999 0.0740984825825614
-0.139507359530543 0.0970701581269496 0.0719147585017824 -0.22685938240796
0.0892839969067839 0.0521211283290679 -0.0836903430813226 0.276326003468883
0.0538234010902362 -0.0746130587589398 0.166570693921205 -0.0310034306795822
-0.0373034777311961 -0.0772579018509871 -0.083882662840183 -0.221689598345782
-0.067790504362461 0.0187034717826464 -0.313107134174694 -0.0787232966771804
-0.0147647465626692 0.0471559170295139 -0.284228330509807 0.19795336115932
0.00704512511109089 0.0335245557367531 -0.0697787629896314 0.28399339940297
0.0204728965783357 0.0265678235830706 0.0727413355456937 0.219845462882368
0.0110240041113759 0.0154685802519606 0.135257134205692 0.164018760347321
-0.00351643280053979 0.0169364163001954 0.180820568400221 0.147858915754807
-0.0233934107087377 0.00285011667080676 0.165513768120481 0.205214423255126
-0.00982301862351097 -0.0158063994892867 0.0536285284519827 0.262559076461077
0.000812832182771801 -0.0291414170892803 -0.121874841166907 0.252939387477629
0.0698647030944634 -0.0256302999891019 -0.266333328580963 0.236777767763273
0.0931496856501386 0.048683735406789 -0.338172324261237 0.216220951941935
0.0364681511741249 0.139563068798049 -0.308888619406999 0.365679605883964
0.0218214169823446 0.184665290220689 -0.102657138176896 0.254001107752065
0.0910559567053103 0.0497636565879175 0.176218873083185 -0.0237352365391147
0.0564855709312895 -0.0253005894608228 -0.0515607565105699 -0.24854319597255
0.0122605581841415 -0.0281091806933424 -0.324513034691598 -0.123911032703776
0.022020584378744 -0.0342850064441583 -0.309780117391215 0.176012297633752
-0.00590911167248687 -0.0491452285896304 -0.0972387692670423 0.279529728700295
-0.0250917538104168 -0.0330668247294322 0.0563152819970908 0.225373046225569
-0.0376953505505266 -0.0425910983268953 0.127097825431918 0.160093895598473
-0.0442211627239148 -0.050111144476788 0.179637901314431 0.127601084245069
-0.0253443907059839 -0.100392823420294 0.186765429553222 0.172386538033392
0.0600886937864366 -0.104610466786832 0.108100222471377 0.243860125962131
0.115053298244173 -0.0448359199553441 -0.0516185311436677 0.265999673122575
0.163673460188132 0.0786746211243139 -0.21663011188744 0.263143984061873
0.0923334979012795 0.219543105599588 -0.297266604232471 0.223426912883916
-0.0427018682958726 0.29792090469789 -0.268424839415844 0.315182357423404
-0.0713469981495671 0.29289653293871 -0.0918088109286893 0.188722298607692
0.0919554107303296 0.195349569545078 0.199830784180331 -0.0356291542377675
0.145379064324085 0.0675789742683387 0.00720511521074161 -0.285766963535421
0.117662956334059 -0.0521870685199251 -0.308826399632711 -0.193204008112298
0.0768384187322852 -0.114561513381992 -0.324060792614293 0.120402372962065
-0.00733285715848992 -0.136441142748074 -0.131321721520356 0.24050172069136
-0.0635403329006233 -0.0964337652420626 0.0187033888858818 0.202689567010783
-0.0816655677508263 -0.0937492832920105 0.0988230434915565 0.133755806359096
-0.0814619007334277 -0.101532700240036 0.159728083981103 0.0835745302370791
-0.0417180709821618 -0.179820668900004 0.197297779656784 0.104143261726834
0.0926250959889341 -0.190969463680701 0.174991717684677 0.184102082094344
0.196436461303161 -0.100922917333542 0.0537824091237032 0.257808078487749
0.270730427256166 0.120203204428877 -0.132550660002158 0.288650387717194
0.13161933509941 0.340790597549934 -0.247745496720986 0.224255523833777
-0.0795908420219909 0.415977326454979 -0.209441513423419 0.225875809362424
-0.171229457242899 0.352844500589447 -0.0434709053011295 0.0845973306175057
0.0500267460526611 0.328807409878679 0.232986392257058 -0.0657320673685323
0.201242817347847 0.186993116644256 0.0906693187355077 -0.315338430654354
0.224701612719269 -0.0413433360813829 -0.245753905123103 -0.268378567510311
0.142097557436068 -0.172406121280395 -0.305706907015776 0.0271701964501184
0.00621375965241431 -0.211569104122838 -0.162044005583688 0.160943631266159
-0.0898028560235834 -0.150467165038078 -0.0304585546231301 0.149747366111681
-0.115120281706107 -0.131984160562418 0.0555150771817105 0.08752208784273
-0.10877762591446 -0.131086509080441 0.122667046939547 0.0261359498269785
-0.0621592572210667 -0.224613557569478 0.186599677074031 0.0189729058807215
0.092314116043681 -0.252656969104674 0.220322509956108 0.0945018518779212
0.23167819055766 -0.16450121422936 0.15595371347698 0.212746517369515
0.348612324857252 0.109165719187555 -0.03798436999675 0.284381233727706
0.1745558033252 0.391735527187557 -0.201731910534968 0.206697532823427
-0.0898417615722918 0.470393921423719 -0.149776130805161 0.11195789756236
-0.246216076340026 0.348205308619525 0.0392285282652078 -0.0459444124517593
-0.0243393852446547 0.400789822876918 0.269246489202524 -0.110291854356134
0.196299263569058 0.28756841366629 0.180941817525024 -0.316972083303904
0.289914546276813 0.00308198054384962 -0.135452396249524 -0.318187971481675
0.192746570408283 -0.188778286318827 -0.242619075841607 -0.080396052808596
0.0272928587013425 -0.250612411669998 -0.175011117214865 0.0528453395297651
-0.0982583449747299 -0.183607728911532 -0.0811537619181102 0.0725665531227304
-0.131672267055957 -0.149637799000312 0.00598328526227397 0.0295232150223092
-0.121935466334418 -0.141258747931486 0.0728161448068799 -0.0359065582936135
-0.0731078574607417 -0.23334801458427 0.155332969721572 -0.0622367877748194
0.0806767775894719 -0.272414971561059 0.234089115380053 0.000642188250897722
0.230032739304525 -0.194150240190612 0.223377730683271 0.147837740760033
0.36370534744793 0.0913836475399793 0.0355641818323344 0.251681129358708
0.175789497752195 0.384563329258783 -0.167559575181694 0.172605122984448
-0.0968118969092833 0.452605618595531 -0.0971416203475638 -0.00917141678548103
-0.267701346136089 0.280114527567427 0.137441106764122 -0.176524682838343
-0.0986201261455895 0.374287867059736 0.301189894082468 -0.154538615838865
0.135767996397564 0.316008868797426 0.253057443558124 -0.28952532709637
0.279171813910719 0.0486680088479036 -0.0103607290873861 -0.322762687219701
0.20136282148418 -0.161140745897804 -0.148916490676238 -0.173135105227908
0.0434850070331308 -0.239048346515228 -0.168982125746148 -0.0592797989712986
-0.0885625637892346 -0.18458953144415 -0.123353743248826 -0.0111888559578659
-0.128593414138827 -0.145450869122947 -0.0430063849903364 -0.0307266206320711
-0.11800609165955 -0.134376385881602 0.0219893410659236 -0.0941076643183709
-0.069233830610935 -0.213854877413228 0.116858038174913 -0.130070625013718
0.0706067907572289 -0.250047825135786 0.22716393777059 -0.0770235613820649
0.212673143112068 -0.17778478689626 0.256276514301974 0.0909408328520655
0.321240162738306 0.0932497111320268 0.0783842860953054 0.210770758527983
0.124984465556395 0.342217657421846 -0.141403276115165 0.133528579958818
-0.110665501990909 0.373244069089333 -0.0459788488615421 -0.114091672575808
-0.227670897344511 0.163378273970351 0.222678714615026 -0.284560453557326
-0.132303162638956 0.26336286738089 0.317630889782308 -0.186936273947691
0.0595009910407665 0.254258955000648 0.289314459439049 -0.250169309346779
0.204405250772836 0.0629958882343717 0.0875964289172794 -0.294827985740742
0.159176973202337 -0.109685881959683 -0.0626977151336095 -0.232999779450766
0.0442378840480505 -0.181949370765108 -0.157251509685245 -0.149657809532414
-0.0650301219869697 -0.150815086126319 -0.154826572435541 -0.0837962161149382
-0.104247517595824 -0.120467512593121 -0.0841599359883568 -0.0830742662578133
-0.0970238404714066 -0.114277736219139 -0.0215001995845559 -0.143803997115544
-0.0529355286292392 -0.175482414162726 0.0848182140750262 -0.180627000057833
0.0639572144308898 -0.199742688081996 0.219892266624386 -0.130756133150689
0.186646625419605 -0.128559115801305 0.269017395724006 0.0543993301516008
0.242879254701341 0.10918548718744 0.0976461773401572 0.179763053418209
0.0436661263539754 0.277656605702163 -0.118657713041693 0.0990059948061117
-0.130707445667554 0.249943467678592 0.00909680388636606 -0.189328391616444
-0.142110717474164 0.0210390741752957 0.265622750378014 -0.353066677226825
-0.121450907852824 0.107672947271889 0.309413448938485 -0.202820242252844
-0.00318210130532686 0.137840625319477 0.290745768253204 -0.222518133234313
0.0976298121951854 0.0470395609645708 0.136970970618726 -0.267643566388064
0.0841792453200333 -0.0488585162383102 -0.0175239574940112 -0.261514308120582
0.0348238582334822 -0.0958727118100523 -0.150474786458201 -0.198815196834672
-0.0320131453865014 -0.0921349301198869 -0.173023539527496 -0.130816605927508
-0.0640105258495203 -0.0779208106867138 -0.110348451214515 -0.121735184030839
-0.0623774048145045 -0.0814024053447899 -0.0491491535733683 -0.179929074431809
-0.0312282304007882 -0.120998140526116 0.0688743649345922 -0.216959119483546
0.0532307725728715 -0.133183610905974 0.221283877629423 -0.165603647253853
0.149041968987129 -0.0675497335445874 0.27712582046082 0.0417320353350946
0.146180387794315 0.120036680640907 0.107206768028759 0.167507083272288
-0.0391218513446816 0.189536192282528 -0.0967053126603057 0.077736998373095
-0.137277242166291 0.0993397225816183 0.065854148721795 -0.223782025004418
0.0914727338585208 0.0492866446589152 -0.0722674482550136 0.278043488158595
0.050637727163867 -0.0760259835265612 0.164346903251888 -0.0394694392671518
-0.0403086810597732 -0.0760071312672429 -0.0917039518023714 -0.22131425744451
-0.0665829181475927 0.021760968596369 -0.314074008666838 -0.0690698378261514
-0.0120398481304372 0.0476829274027901 -0.275455831055284 0.210930910124863
0.00833251265885364 0.0333347860083424 -0.0582365272100005 0.285692730360279
0.0202320381407751 0.0245566761851573 0.0795753130790191 0.214185266870962
0.0116580801920672 0.0144734648583868 0.141942562407885 0.156706930956193
-0.00262803328658175 0.0172543529983299 0.187240040272465 0.137578558232287
-0.0232407191930897 0.00420717473362309 0.175753539025229 0.198098428377856
-0.0104109528369638 -0.0157423964303589 0.0631798774487487 0.262475387091637
-0.000164678282220491 -0.0283398604906517 -0.116672439211204 0.259967791333358
0.0681576327062201 -0.0292488166139602 -0.2589107752691 0.247653100523749
0.0942011960748842 0.0457230466725996 -0.332882012901895 0.224768658663728
0.0419775769493891 0.140368296803135 -0.297219466930846 0.37448339102983
0.0290843711078647 0.185378927487055 -0.0933789065163485 0.256562987869142
0.0930503156948259 0.0465050028874502 0.174868056077594 -0.0337721301669867
0.0560155635729738 -0.0279518618426097 -0.0586149000619371 -0.248966079657305
0.0110970625250758 -0.0278151501456347 -0.327312086231421 -0.112878630126945
0.0205839218942371 -0.0350712669822031 -0.302377481497995 0.18888352003067
-0.00796265927845012 -0.0485158620155694 -0.0851485665042359 0.2824784325972
-0.026401413195159 -0.0323236282855982 0.0642759962159892 0.221370155136124
-0.0394122684355574 -0.0408068452679081 0.132971992339159 0.153172445988057
-0.0459047301313421 -0.0481734883841698 0.185087810561445 0.117410218696817
-0.0296922854720258 -0.0993945501870207 0.195577713722236 0.163153137318805
0.0547148449479858 -0.107425984731493 0.118868374023274 0.240331618043063
0.112716746698678 -0.0480938750048916 -0.0463270085461823 0.269582899431915
0.165969417381833 0.0717292382938099 -0.209085779595852 0.272961037312425
0.0999282837691631 0.216864969607405 -0.291689918198191 0.230543620685891
-0.0331547919143027 0.30198401472176 -0.257707614402927 0.323907120318849
-0.0606157734165353 0.297155072388381 -0.0855944717241099 0.19172681823425
0.098963610837962 0.191082437580393 0.19818825027158 -0.0450916860501288
0.148272388744973 0.0619757589524041 -0.000316901081307654 -0.289046839980297
0.114753674404635 -0.056548279175869 -0.313440956187552 -0.182416740602774
0.0716064145258138 -0.117952443534175 -0.318058740887409 0.132193618849528
-0.0138888863034605 -0.135702873890046 -0.120859681188432 0.24511601024398
-0.0675840312952815 -0.0934630227452557 0.027377611875193 0.200219675419849
-0.0853330624905893 -0.0902797021191132 0.103911443365532 0.127602784216268
-0.0840871367526408 -0.09769093339006 0.162895023470139 0.074470279291676
-0.049595122255242 -0.177296316935046 0.203199905386911 0.0943440218269561
0.0837164306478545 -0.196034284322674 0.183778949285701 0.177900970828464
0.191576147539653 -0.107713311197606 0.059846392900918 0.257103763156528
0.27463477273408 0.108291777334319 -0.124237433070802 0.294560717373736
0.144805483285259 0.336335406541965 -0.242330815656246 0.229962405024643
-0.0678280776517786 0.421057716104234 -0.201973808383431 0.233443773172587
-0.158747570824075 0.360358383183777 -0.0420094615002264 0.0855587453707259
0.0626996893511523 0.325414840155041 0.230346139672906 -0.0752879689116753
0.209206764873135 0.178879094413809 0.0829835534826888 -0.321164541842508
0.222726423722015 -0.0494193038446289 -0.253110281077598 -0.260080635091531
0.134252709847046 -0.178327158930326 -0.303062534337134 0.0377539120030896
-0.00444036479802605 -0.211221459770777 -0.154541649677773 0.167637140318275
-0.0952470736999489 -0.146712830855865 -0.0230190330449048 0.149767569038214
-0.119767417448137 -0.125708636583639 0.0591726041946654 0.0843646022104503
-0.112589112960328 -0.12638626499343 0.123012710929861 0.0178775264826589
-0.0720709769138463 -0.220939248554363 0.188378442855987 0.00985903390780967
0.0804967430594898 -0.257396896719757 0.226823573171135 0.0851946834713574
0.224155446850368 -0.172682959678521 0.160695061140028 0.206401670006499
0.353168035299596 0.0937359572804108 -0.0309209278407691 0.287247920806695
0.188178467331328 0.38628016960164 -0.197387020321012 0.212365658564192
-0.0756962144433435 0.477459802016159 -0.147226623286433 0.117317569044698
-0.233677322027449 0.360560648880962 0.0361294750006914 -0.0474420918467475
-0.009152016852147 0.399905682836368 0.264598599165719 -0.11900458616234
0.20815780265025 0.280840092050228 0.174364447506141 -0.325149511981269
0.289883602926183 -0.00816288920738578 -0.144461452030074 -0.313624551305486
0.184498581514023 -0.19681115087818 -0.243132628970694 -0.0731974073135677
0.0150694364236682 -0.250071856022995 -0.172721106104621 0.060046426533839
-0.10479470587403 -0.17980075793427 -0.0765698487372294 0.0762872643833424
-0.136922580450735 -0.142469448032669 0.00718116801472373 0.0286215541149521
-0.125554319156461 -0.135445459853249 0.0706420913031179 -0.0415379267155079
-0.0827637112617523 -0.229144389201398 0.15279792357853 -0.0698822719366904
0.0674632445467294 -0.275646287904386 0.236557364706009 -0.00974028864715584
0.221876058189982 -0.202084491458885 0.226877957970027 0.138435622917078
0.3670933865752 0.0759868623719779 0.0414652040599445 0.252243136054728
0.189649141257992 0.378454353832513 -0.165072424092777 0.179082843192026
-0.0831655681553288 0.45967480090418 -0.0976696353334284 -0.00610272649653489
-0.256902291294099 0.292082298901042 0.13064174962593 -0.181262915258487
-0.0851096448684473 0.377804936971132 0.29561176142642 -0.162996382758794
0.147841299251619 0.311556913938384 0.247494926422737 -0.299826054465944
0.280547868402927 0.0380549351052568 -0.0187845005737535 -0.321752683399767
0.194443725623685 -0.169422294999666 -0.153999387205175 -0.17037292187258
0.0320972640743076 -0.239714370272613 -0.172332623473571 -0.0525488750409755
-0.0954072910441255 -0.18021659954269 -0.122848495505885 -0.00464912775633739
-0.133333614484584 -0.137907899501826 -0.044524504313105 -0.0281620786942144
-0.12087860499066 -0.12904885317082 0.0173784353691297 -0.0963214225334919
-0.0782063292978286 -0.210421343837648 0.111493614532748 -0.135102356890394
0.0595940614687812 -0.252398521740032 0.227554765656531 -0.0868217278309579
0.204426687466269 -0.184879898803963 0.258296564221719 0.0793578299130444
0.324307074205233 0.0796054616690074 0.0825414044997977 0.209592539656942
0.139547822130727 0.337639909053889 -0.140759625264484 0.139312437646821
-0.100289921241258 0.379773074786248 -0.0498961852981979 -0.111632933707174
-0.221810996665489 0.171799306694167 0.212303572395741 -0.29070190474141
-0.122391093198604 0.267355300059724 0.311340224017361 -0.194156480693375
0.0682807606852983 0.252651433128863 0.283807285557507 -0.259926292921898
0.205468429284715 0.056033671356864 0.0802477710288584 -0.299175202459361
0.153747892538619 -0.115663994891764 -0.070396085489595 -0.234296440027384
0.0356402098768506 -0.183168478144135 -0.163538783166313 -0.143045434099392
-0.0709225410892224 -0.147788504546923 -0.157724856810473 -0.07561440941565
-0.109168668306431 -0.113765059857006 -0.0866224602314464 -0.0783331419738015
-0.100606240983117 -0.10895658661619 -0.0280837460671534 -0.143208099080937
-0.0606853764092285 -0.172581021756179 0.0783115832863847 -0.184216699518621
0.0553094306631193 -0.200976409488539 0.2168871124422 -0.141055177808945
0.180879147393265 -0.134197139655481 0.270353246342321 0.0437129260069175
0.246189215640131 0.0990774109116004 0.10143489286899 0.177657936013276
0.054089788791957 0.277078253150629 -0.116935823468623 0.105078984549612
-0.123589840822385 0.255894584169819 0.00214212574039564 -0.187342832098941
-0.140799311924169 0.0272919898583398 0.253639622111402 -0.361234505650668
-0.117917112430032 0.112250540466724 0.303287777839967 -0.209926285810613
0.00176030453661017 0.137609748111404 0.285102122014866 -0.231976372449952
0.0984792570398251 0.0434889966666019 0.130502361341562 -0.273138883350435
0.0823710113138248 -0.0515286270918319 -0.0265637044584871 -0.264400595939993
0.0301084345579651 -0.0969470409097223 -0.159790528308572 -0.192163006897917
-0.0356647280242281 -0.0902980737468965 -0.178084499998534 -0.120997506456635
-0.0670084887578637 -0.0733945120232755 -0.114892842380206 -0.115404286985005
-0.065157817341562 -0.0776921850644574 -0.0562528311774455 -0.177384815160634
-0.0369645677774123 -0.119435333323952 0.060796120526824 -0.219201514187934
0.0478692184231141 -0.134618368908705 0.216322112691041 -0.175288507590789
0.145819846064143 -0.0730062359757039 0.277778332732222 0.0310333810493868
0.14997652819067 0.114060077699226 0.110668813698411 0.164622096163202
-0.0313925258399229 0.191987737078352 -0.0951590664282224 0.0819320308023735
-0.13461374846068 0.10486739053017 0.0568909885613832 -0.224581851203452
0.0938216956722646 0.0439511594280545 -0.0548844269340078 0.278538073053985
0.045386650035272 -0.0779278733297854 0.158776816519436 -0.0507000631803452
-0.0445943387710263 -0.0737930886179589 -0.102713984656166 -0.214555656345834
-0.0643271338586474 0.0255385454494105 -0.313564900782126 -0.0521876235733945
-0.00862830988532288 0.0480458554260716 -0.258811358875939 0.225363329338318
0.0105690025124306 0.0319777530697522 -0.0404836549833228 0.284787669238621
0.0208766829070171 0.0230544506920394 0.0892285387932696 0.204681107024705
0.0124850871943053 0.0134610929440201 0.14957951281326 0.144301235260466
-0.00158636114171424 0.0165016796572969 0.193175815808299 0.121715762518741
-0.0222413932192567 0.00526523562547417 0.18740315166722 0.182707304084379
-0.0113409807655075 -0.0154468383144236 0.078175868587849 0.25709037042235
-0.0014522151170409 -0.027289511357841 -0.103930689923612 0.266733935640751
0.0650727182903595 -0.0327344594868398 -0.24301613368477 0.260057892874204
0.0952837117579496 0.0400685493357478 -0.318882521960414 0.23679763235011
0.0507943179075136 0.13740016487262 -0.275663450031101 0.385418386355204
0.0399215971342788 0.182859620773162 -0.0781648087721189 0.259252680416171
0.0937790296312886 0.0402054042478351 0.169613213819583 -0.0455124524675055
0.053236825791175 -0.0317249634978262 -0.0712682752689002 -0.245277249413903
0.00920011611293387 -0.0278764146503287 -0.327812392685048 -0.0941377538250402
0.0178779126866809 -0.0357609423908805 -0.286787680573224 0.204979539882185
-0.0116953088772805 -0.0464568478710675 -0.0655498035565467 0.28343934474437
-0.0288535756044552 -0.0304137231897719 0.0758976218988842 0.210880250520248
-0.0412746122409927 -0.0377501585864667 0.141116420527764 0.141176235617942
-0.0473740096196437 -0.0450790625370097 0.189733410257086 0.101239429750473
-0.0357201657478646 -0.0959552252040966 0.205169007830296 0.146981645134371
0.0470086886798622 -0.110045480961395 0.133814494564278 0.231092051384887
0.108975609774624 -0.0532839927519685 -0.0337169107003422 0.271560319769167
0.168157679521951 0.060824712655079 -0.193214569605537 0.282445360136335
0.110572333367026 0.209177614796898 -0.27713576644994 0.240985986676015
-0.015648619251099 0.302864354214267 -0.238703543984628 0.33352106470928
-0.04248614884177 0.298254322088051 -0.0754172565626738 0.194657607948738
0.108965323795389 0.181693008073845 0.192366367415296 -0.0567325203001333
0.150383347999581 0.0518043247773647 -0.0144476894838802 -0.2892443886284
0.109824135883532 -0.062303446147679 -0.318687750404854 -0.163260391500044
0.0630878746609675 -0.120489451050403 -0.305574210633056 0.148017920818863
-0.0224878566119766 -0.132447126180058 -0.103971586178818 0.248912037720695
-0.072247685912853 -0.0883358290684605 0.0391999736757247 0.193448149420294
-0.0895074639895922 -0.0833961254806343 0.110357784075934 0.118807584406079
-0.0883965648273867 -0.0912976726108431 0.165114570426756 0.0600033912508477
-0.0604133700949338 -0.172519809887436 0.207960328974869 0.0776699933370953
0.0690891070868069 -0.199566227476055 0.194501148339189 0.163531395404751
0.183495647522063 -0.117127094754103 0.0705074847069724 0.251509571807258
0.278317578520912 0.0901686791853573 -0.10981386828992 0.300002470018798
0.161715837596309 0.326004945492075 -0.229765837049813 0.238796771056793
-0.043412201618477 0.42450647595777 -0.187841145190058 0.241564615370446
-0.134948392225908 0.367603820757112 -0.0380149319850984 0.0875729077319221
0.0811023636902602 0.317150076435121 0.223528777192567 -0.0874771429136782
0.218188903390162 0.164821426912611 0.0677543974602775 -0.325574305467795
0.21677843335026 -0.0616719555897477 -0.263247748080553 -0.242822764838585
0.121155779464839 -0.184649195396114 -0.296240619042442 0.0541234009568786
-0.0184881484422539 -0.207709983587312 -0.142329661196408 0.174437822844431
-0.103057182323935 -0.139367831666531 -0.0131350538013711 0.148143020382698
-0.125668783558469 -0.115771070515818 0.0636848990166391 0.0790600775395365
-0.11696758785944 -0.117607621162493 0.121982591519586 0.00761036451699989
-0.0855821553242368 -0.213559592899942 0.187266084738884 -0.00380017475436686
0.0628116794760138 -0.259811252497934 0.230909121654424 0.068766829553202
0.210782283761461 -0.182585294913856 0.167630651518569 0.195438371814268
0.35307129984104 0.0720467869516679 -0.01793262080012 0.287925892826508
0.209055364416157 0.37189811790832 -0.187305579251282 0.220089773231118
-0.0486664028066861 0.479227233898131 -0.139493965643467 0.124082655664565
-0.209264011996152 0.370371243984625 0.0310639175274362 -0.0482185256963803
0.0137091001529961 0.394874114836399 0.255042118632306 -0.131024456561399
0.223612178836299 0.264659539542892 0.157813224058597 -0.334873650230377
0.285566753870523 -0.0251527196977924 -0.157751397152304 -0.302316325937165
0.169567388574512 -0.205726296571544 -0.243592406396437 -0.0603297384591175
-0.00228416777469546 -0.247167061204115 -0.166999725556547 0.0690266874826913
-0.114217142046373 -0.170598731103055 -0.0700293229753686 0.0800135091570706
-0.143114170274813 -0.131001042064185 0.00870300850695256 0.0285125578780594
-0.13071757609949 -0.126112893813213 0.0666337155811397 -0.0464104584760648
-0.096989807497437 -0.220882082785218 0.146868282236509 -0.0798586535534567
0.0487574260563408 -0.276680862826197 0.236225004416098 -0.0262461839660284
0.206386086838272 -0.21218861336929 0.229927213827995 0.12301636416985
0.366002724548879 0.0514452935591047 0.0514373909004645 0.24918555677826
0.210313272706528 0.363757624839419 -0.156434526045529 0.186965958336002
-0.0566189122222967 0.461779893965007 -0.0977363441034416 0.00152042324845858
-0.236876714930501 0.303446940579378 0.117415608119707 -0.185493450151642
-0.0622113177014202 0.37661969844725 0.283700257121412 -0.175430554847341
0.164352852336466 0.299673838301865 0.231160044934708 -0.31136426286286
0.278804767461262 0.0215061539158832 -0.0340353782372308 -0.317807039348238
0.18104565134317 -0.180005607282357 -0.161351083353693 -0.163063131155882
0.0149412811697239 -0.23811506883981 -0.174161096863378 -0.0415655295730117
-0.105627573896119 -0.172162880433723 -0.120952972464012 0.00353847033937498
-0.139325563807531 -0.126392509699023 -0.0447115940068845 -0.0244679154922095
-0.126194753512251 -0.119962951450899 0.0101050095076289 -0.0969701994162921
-0.090825462476596 -0.201790615910586 0.10288703484119 -0.141087058215284
0.0423432836280161 -0.253222175375756 0.222424092725376 -0.101533434303829
0.190013587594241 -0.19333243493142 0.257729779635056 0.0631733239410396
0.324420398990493 0.0578424820156893 0.0900530882814295 0.204759106112926
0.156665719663273 0.326845370441918 -0.133857610349334 0.14742128462406
-0.0783946168107354 0.384419255466634 -0.0557730430329228 -0.1066459422708
-0.208091663592428 0.183631587483309 0.193529809805429 -0.298336590123388
-0.106339944436897 0.271004095863827 0.297637683416921 -0.206038821945609
0.082196454389095 0.245528841114904 0.268832056687276 -0.273346965468669
0.206068634235666 0.0429538359150215 0.0660913324413635 -0.299625994477986
0.144444611028734 -0.123903494911813 -0.0825035524112201 -0.231320175677399
0.0227521087341769 -0.182359424118874 -0.171084474346495 -0.130993170852727
-0.0793906296457885 -0.140809053444966 -0.159372466424104 -0.0638494498790851
-0.11328936153321 -0.103459786191951 -0.0894389433163043 -0.0712798018047411
-0.104864029268663 -0.101459608501726 -0.0365931820621763 -0.13977207786045
-0.0706869871094534 -0.166115769246719 0.0669335492163443 -0.187073268808457
0.042244154010706 -0.201847524033188 0.207854553385745 -0.153810141161598
0.170235214136788 -0.142614031799202 0.268964992867045 0.0265333248347134
0.248466829413759 0.0820696743662638 0.107614514482706 0.172693999016726
0.0703647940023452 0.271613294234303 -0.111982738052069 0.11228450505047
-0.109028146705596 0.261278902842463 -0.00830526905059642 -0.184280509743649
-0.136779068159109 0.0353116535293984 0.232495181959843 -0.370252800635277
-0.109954014138118 0.117384613289666 0.290473722211357 -0.220737825258082
0.00896208163842112 0.135347458334325 0.271419884480814 -0.244863899081241
0.0981681146556666 0.0373095021608441 0.116744371657708 -0.278611936661459
0.0772408927601068 -0.0560530595755035 -0.0411507615244511 -0.263808213251462
0.0231616664835591 -0.0973138517360894 -0.169645595674987 -0.179751927003584
-0.0413042544869116 -0.0870244964219568 -0.183292004341171 -0.106432643390462
-0.0707659488357879 -0.0671050624116163 -0.119411438384965 -0.106115279499194
-0.0693810300653729 -0.0720218311024653 -0.0663341965037963 -0.170783878289456
-0.044786524689054 -0.114812165098243 0.0480028749061095 -0.219661416891551
0.039471813298405 -0.135408975683927 0.204342677646101 -0.186982481961297
0.139144439580886 -0.0803148166050748 0.275776200308093 0.0144038216220326
0.154408248551091 0.102789978147195 0.116885064981032 0.158885116238094
-0.0195678985968883 0.192214542788404 -0.0905689307952075 0.0889455179861635
-0.127600327608358 0.112255009626106 0.0436281688286306 -0.223401002431841
0.0931497364599041 0.0371061184351601 -0.0364733985109758 0.270364203678244
0.0388807706795888 -0.0773389971095166 0.147418924715013 -0.0586544165894592
-0.0483119085120513 -0.0682190720742468 -0.110893038531529 -0.201934599685464
-0.060017336508548 0.0281329179465612 -0.303574166763267 -0.0345604080866624
-0.00483071263547841 0.0463165113127451 -0.234097879087221 0.232062596312472
0.012123952925683 0.0296037520916994 -0.0219200931505811 0.27439512662341
0.0208281538829149 0.0207485756173632 0.0951449094628474 0.188991151775554
0.0122507709788339 0.010990296940603 0.151277928083767 0.127719760548554
-0.000213477548417015 0.0156546606649096 0.19221309892045 0.102649067723476
-0.0201188035672136 0.00575037873419011 0.191737446466716 0.161871307965558
-0.0119934917259638 -0.0143390870508254 0.0912097426418127 0.243226877230132
-0.00222730925020126 -0.0251215551127402 -0.0872219117430393 0.265866320432464
0.0594116138441341 -0.0356675982904274 -0.218800257069755 0.263981858109998
0.0935920437613522 0.0341022562134897 -0.294713217855952 0.242228616575
0.0577495781512499 0.129932955746049 -0.243200370933858 0.385670155725732
0.0497411288801758 0.173974526433164 -0.0604716364229977 0.253798409988705
0.0920734728303204 0.0324520674726619 0.158481593189225 -0.0542065061126307
0.0485106690763975 -0.034561297810798 -0.0820804405116208 -0.234084708738065
0.00658184094732832 -0.0266902176517736 -0.31873656809934 -0.0739535635294246
0.0149689314107133 -0.0355811865764981 -0.261412142690825 0.213095292504524
-0.0136997268580934 -0.0439363313046212 -0.0463339393131343 0.274474190120723
-0.0301243767330932 -0.027195649871853 0.0842859133933749 0.195256700582294
-0.0419224928495938 -0.0342142310853498 0.143300151875738 0.126053176914364
-0.0476487605614916 -0.0404921573759047 0.187245161026631 0.0824302344939075
-0.0406717779658676 -0.089638650257769 0.206322827448209 0.126091865617517
0.0376712527501429 -0.108837309323663 0.14304572725655 0.213950417604747
0.101561073688274 -0.0567145665774421 -0.0200800972454204 0.264994794571021
0.163596865701424 0.047793370799489 -0.170901028268975 0.283304833860527
0.118857069898302 0.195459891262977 -0.25553060614956 0.243605908827095
0.00325374364571722 0.293359293383621 -0.212019011283415 0.332999580534771
-0.0224934978039174 0.289894368216892 -0.0620093476044613 0.192584058568807
0.114759370489075 0.167605265945237 0.18100026901661 -0.0668327879790865
0.147152732768265 0.0400164729078136 -0.028427966708221 -0.279789228908386
0.100850757957457 -0.0658788291661962 -0.313206122520051 -0.139367847951547
0.0523146645510382 -0.119417753446274 -0.28351350271524 0.159323788457553
-0.0303587789693345 -0.124958189727617 -0.0847897314343353 0.243900934494198
-0.0752489030775329 -0.0803705123705975 0.0488498943559603 0.181241405094716
-0.0904815398682399 -0.0739204305563411 0.113193661762949 0.106362968749083
-0.0891793123708506 -0.0824203027334682 0.16099946208321 0.0446160126071879
-0.0693694386875898 -0.160798979010832 0.204528282650495 0.0600154063704289
0.052549016119468 -0.196106541250702 0.197997021926034 0.144510310418411
0.168821209749641 -0.122355677982242 0.0790179212887574 0.239618826537236
0.27157532314762 0.0693518273104009 -0.0895228666926428 0.296496289780704
0.175202785405979 0.303163782422018 -0.209700795328502 0.23977172438779
-0.0179364650155356 0.412144412456113 -0.167150451154013 0.242353033039816
-0.107720276878666 0.361886451784028 -0.0332386647809413 0.0874679208406722
0.0961030824790128 0.298318629864144 0.208370485277412 -0.0962753448929128
0.219156797465387 0.1446270716011 0.0488717001729611 -0.319993788462731
0.203776950803314 -0.0715848279611439 -0.264311039201705 -0.218840614396668
0.103868171248031 -0.184774768257654 -0.27977395481612 0.0670166775358646
-0.0312745847142995 -0.197043165244375 -0.125961715296641 0.175401601212923
-0.107722814950878 -0.126519635949286 -0.00339271813408438 0.142034217107528
-0.127249668041067 -0.102571662853447 0.0657954486958741 0.0721026556571631
-0.118064959951247 -0.106549567794293 0.115917140311365 -0.0023335721208068
-0.0956732455171094 -0.198914852617936 0.179054573087471 -0.0169653696598549
0.0427415499714627 -0.253443274934643 0.228106257054399 0.0501296690932291
0.191199721840218 -0.188264718970708 0.169791091640602 0.179672816913956
0.343731118665455 0.0465477307626116 -0.0030689601696555 0.279493368846036
0.222754739866593 0.34558933716403 -0.17066458874941 0.221914129657609
-0.0206841430452117 0.466903082829089 -0.127876967311557 0.127388451610326
-0.177964497243427 0.367984821699584 0.025459758695948 -0.0465641169357075
0.0354291938705253 0.377582458456984 0.238038885523952 -0.139541278452397
0.229444196683522 0.241587461369622 0.135459260935721 -0.3325868326286
0.272284331038912 -0.0406551733884653 -0.165898253845775 -0.281176129291546
0.14901885228215 -0.208207444418837 -0.237170456905164 -0.0466228280340993
-0.0187799375426127 -0.236198530537929 -0.156899851025512 0.0761890390140972
-0.121013524892487 -0.15653672539269 -0.0615473490289144 0.0809644266830271
-0.144632234264147 -0.115628140597416 0.0110059020687201 0.0265377709993607
-0.131386390669934 -0.11379111673493 0.0596752482713713 -0.050567674094269
-0.107164301860166 -0.204596322476363 0.136989631094498 -0.0872473268784413
0.0286675453487522 -0.268737195389002 0.226752885278764 -0.0416289044647895
0.184426440509229 -0.214620842601643 0.225972802180998 0.106035754358459
0.354185853565086 0.0261583342962711 0.0615898144279956 0.23844028720045
0.223838511137401 0.338146793830212 -0.142479819513944 0.189247780892377
-0.0282795271980034 0.450493323582279 -0.0945560614498875 0.00701308460043228
-0.208868680588784 0.305520589455317 0.101627420145488 -0.183862498300312
-0.0392242697384936 0.36423324950442 0.263470332709298 -0.182738002971406
0.175253144880861 0.276259369900062 0.206348695959063 -0.314542640643736
0.268491379981596 0.00414793564298158 -0.0471454242576965 -0.303432194587854
0.161827648238158 -0.184386343514498 -0.163179658664039 -0.150928242755603
-0.00189439867755603 -0.228188287911267 -0.170685333193578 -0.0305121696426437
-0.111796925405933 -0.158302467058227 -0.115387518902825 0.0117554690394846
-0.140311144154318 -0.111380077132332 -0.0436723144190951 -0.0206337173109042
-0.12707260824623 -0.107475153795886 0.00314961722913628 -0.0940259779272929
-0.0999143182905419 -0.187310087855642 0.0905067785655349 -0.142403674800345
0.0251362605090972 -0.245706204219378 0.208882650478139 -0.113885284490409
0.170334511126897 -0.196281520385723 0.249632076493501 0.0462662971781384
0.313162897122122 0.0345775753468641 0.0958139165540998 0.194397105677495
0.170022557006104 0.305455182543342 -0.121879366887089 0.150812180462296
-0.055166882379504 0.37624126294568 -0.0596174481216852 -0.0987113420892611
-0.188666005306009 0.188468986182178 0.168743194863573 -0.296707072813656
-0.086769102934598 0.265813171241123 0.2764495291646 -0.212190919528538
0.0934423540266108 0.23071749738085 0.245332096728215 -0.278761827354753
0.199177421111985 0.0295187866732125 0.0504776912692682 -0.291789988597263
0.130262677429711 -0.128120136876716 -0.0926641371863221 -0.220846050106297
0.00928055118816537 -0.175864984909863 -0.173191939042944 -0.115933194252434
-0.0850183913049766 -0.130029405385892 -0.156229346838218 -0.0494945977039061
-0.114467210575508 -0.0910977722329602 -0.0894388093894572 -0.0624248607976149
-0.105792484951253 -0.0906137356959021 -0.0434449747705898 -0.13152939742689
-0.0782771123983386 -0.153519296647 0.0541691876513405 -0.183908476944985
0.0283765194371403 -0.19639775649375 0.191574657904737 -0.162688287780858
0.153808727532947 -0.14671741958339 0.258286485014794 0.0101419018824049
0.242835959105343 0.062677754564067 0.111692611684384 0.161772632228374
0.0838930306338016 0.256499726285693 -0.102639144705499 0.116367401997079
-0.0897101358447629 0.259407341582565 -0.018388058651577 -0.175685763127634
-0.128265509217627 0.0418997106819731 0.203683344126646 -0.368584302254506
-0.0988502690576548 0.119280856501315 0.269390363307209 -0.225186088494424
0.0170352003624763 0.129354331924146 0.249090811844187 -0.250840090232221
0.0956233799076502 0.0303425005019919 0.0997760947680929 -0.275066022789627
0.0704039866845586 -0.0583143787761151 -0.0552770111712166 -0.253972762107814
0.0158746159652055 -0.0943870061712337 -0.17495750910016 -0.161631626845789
-0.0451975882689056 -0.0806716478465265 -0.181473252230289 -0.0895116738860824
-0.0709961107740839 -0.0581102062685246 -0.119990315815891 -0.093775701256448
-0.0704811716598836 -0.0646253487426161 -0.0741498108447497 -0.159048263443625
-0.0503042943107695 -0.106323400094219 0.0343229217404691 -0.21371504364674
0.0299406518747351 -0.131762593986666 0.185525019953371 -0.192736120800951
0.128290173766012 -0.0856343005958699 0.265411702059837 -0.00213195330184913
0.153822922967002 0.0889068133003538 0.119350122630025 0.148035474040054
-0.00662086723532524 0.186670084159196 -0.0827429889365173 0.0929684989652948
-0.116059341730587 0.116339223729248 0.0282313297570296 -0.216292813319127
0.0965822020138004 0.0252126988142057 -0.00838701751408615 0.255950722991422
0.0278129856134405 -0.0764734727434745 0.128692569394965 -0.0716764993571457
-0.0557368891795263 -0.0580619387389021 -0.128329109804452 -0.172423453956939
-0.0535813648010084 0.0333953928575468 -0.286520400969921 0.0078896562447303
0.000385463609388444 0.0430747101448276 -0.186175156493014 0.247546292907455
0.0153278456053194 0.0266600330027329 0.0142031649173992 0.257955306320073
0.0224055634339098 0.0170205569729241 0.112013173929039 0.164827669236048
0.0123541896321324 0.00807487029291845 0.155988748681647 0.0979206666196103
0.00162999447604979 0.0123019920371935 0.190094240380561 0.069627045028328
-0.0182368627281704 0.00603126327619217 0.200546471928735 0.124253880071299
-0.0124935024901641 -0.0142300216817861 0.11479210585648 0.217551112712492
-0.00129395197208481 -0.0231679521217604 -0.0512122052820061 0.263807240410867
0.0518811886552037 -0.0412421399103716 -0.172720338207859 0.272294210426064
0.0936664044297788 0.0220022697228617 -0.241128694525744 0.259487747508482
0.0755321293955469 0.113717448276339 -0.181674188289643 0.397032719804146
0.0733593875252752 0.162129069166926 -0.0316705201127012 0.231745847512689
0.0904182543712552 0.0187427640066054 0.137548208036055 -0.0721977282828037
0.0385551588751793 -0.0385050916040656 -0.108643903881257 -0.209147777081234
0.00150107240338271 -0.0253359248203847 -0.309359513476812 -0.0246723003161069
0.00825178960462353 -0.0351474290858365 -0.217106048152374 0.235096448714777
-0.0176845226227853 -0.0385124936202515 -0.0103148534250105 0.263371377489696
-0.0304394593810238 -0.0206516915087061 0.10125210864117 0.173800514969036
-0.043347144495314 -0.0260131111936776 0.148108641168526 0.096688249955962
-0.0490315759208582 -0.0327574737187646 0.181783289151285 0.0515255366364292
-0.0499037635888523 -0.0786040951118526 0.207140191896971 0.087189483103329
0.0196526863625685 -0.108298582454601 0.157969461483185 0.180867452186338
0.0899294510893467 -0.0655029378181765 0.0123699414385801 0.252039780246602
0.159896187079607 0.0219252803953262 -0.121826074494138 0.283748838340962
0.135641195941271 0.165396101610552 -0.199220022188581 0.262563658043207
0.0469209837120936 0.270567037802405 -0.160276202589743 0.348829292822801
0.020053712939789 0.283622136565085 -0.0369194636800168 0.163945900441965
0.126762921259556 0.14187061487614 0.15531684793803 -0.0902774482206096
0.13997846492708 0.0178618746244769 -0.0680639972185317 -0.263317643946623
0.0850437443010845 -0.0719993548479667 -0.315958391322871 -0.087392321703321
0.0327387052535666 -0.117637137002805 -0.247615109286516 0.188600431710589
-0.0427100953239108 -0.111480880555803 -0.052149850896698 0.241437607568049
-0.0785699145726622 -0.064253351430381 0.0653588979124876 0.165617417448603
-0.0932388887229737 -0.0567393005441095 0.117481817417533 0.0829987219390665
-0.0928118657580642 -0.0661180001943405 0.151815754487834 0.0198218047483342
-0.0855958497772184 -0.139907913249209 0.194609936586382 0.0250647759324457
0.0213235926423362 -0.189486512307529 0.19962961496518 0.107720593904263
0.142432887639968 -0.13493998015707 0.101074479883913 0.212304348073309
0.261747478923584 0.0255946697192763 -0.0417394554759644 0.284607955898746
0.201475885376624 0.256794558387349 -0.153000350044649 0.257070474619474
0.0428836076037498 0.382632167369288 -0.129947748247267 0.261173624433902
-0.0526309570723367 0.363100151343832 -0.0182912105201199 0.0553883570801906
0.123554464234219 0.26588618591021 0.178875801179543 -0.124766789295204
0.221024855301403 0.105818322082404 -0.00249017582903748 -0.316732466171165
0.180410512875382 -0.0896360640521397 -0.283504119234142 -0.170287671143132
0.072821036109341 -0.185234547864461 -0.260760348570412 0.103240688192041
-0.0532998261856158 -0.178030145149936 -0.101827095330887 0.18512795879231
-0.114064354948966 -0.103314770645387 0.0103848295656867 0.136429722363199
-0.13021622327891 -0.0788114100453936 0.0698327815401957 0.0573938976220499
-0.12289837606816 -0.0840124694184907 0.103652052113288 -0.0181999854349814
-0.114602678411025 -0.170352066777188 0.159729145438819 -0.043395904436889
0.00330132362942506 -0.241609892126695 0.214510762193865 0.0147628883312702
0.153235753285921 -0.197844717202907 0.17766766575604 0.142854213251626
0.323467061950758 -0.0063407043502129 0.038155693379741 0.256565403415894
0.249988821319923 0.287899160331161 -0.115842705448392 0.236708907449618
0.0452063936270505 0.431456862079274 -0.106127556434133 0.14997774133789
-0.119659271227317 0.37754478324587 0.0271602281467078 -0.0791860883967749
0.0755655003695405 0.34724769935956 0.202974511286199 -0.170808193645719
0.242467850727506 0.194039417073115 0.077617588742363 -0.344324992768158
0.247720316657782 -0.0682681748454128 -0.201638609041124 -0.245325677863157
0.112635020655316 -0.212792232409667 -0.237697172581727 -0.0108297302352491
-0.0459903980758955 -0.216421226417073 -0.144861292434084 0.0966532731148228
-0.130024307544033 -0.129393769301289 -0.0531485805606538 0.0873998535274967
-0.147788511581689 -0.0881255540999577 0.0127272269058101 0.0229747675746072
-0.135488015553563 -0.0890698772161213 0.0446610038647282 -0.0546927267233765
-0.125786115376021 -0.174306037400826 0.110092058034352 -0.102058612085302
-0.0112415175589087 -0.253474065330215 0.2010377665189 -0.0709254566725712
0.142840384182275 -0.221679343760108 0.221171135548498 0.0656974213670724
0.330439475117946 -0.0263758072517844 0.0919687584576474 0.210190461512787
0.250070798947095 0.280660358592855 -0.0930525374600297 0.203443047367571
0.0334467123768511 0.417095318714077 -0.0899469920049909 0.032049648288536
-0.159060333656306 0.320137276714441 0.0852955782761245 -0.211961541517829
0.00522407612732811 0.343481524754151 0.22376516456964 -0.213935421278134
0.196312134525699 0.234710479069692 0.149800956104822 -0.336843864352332
0.24996237784625 -0.0258880348968686 -0.0925751147421112 -0.284033756179908
0.127497680909342 -0.191448868130288 -0.183170587793363 -0.119730692095538
-0.0296303183866189 -0.211730822593107 -0.171282566614645 -0.00145151919446509
-0.122537165037458 -0.132297694113406 -0.11266703279112 0.028950267414154
-0.143479632923873 -0.0846870649045293 -0.0437916463616447 -0.0131814772881816
-0.131082800355384 -0.0839183553750635 -0.0129026625065086 -0.088201308594625
-0.116280753159149 -0.158344430220603 0.0606914661599658 -0.146785005141341
-0.0114970360841573 -0.229554064606886 0.17586155023054 -0.136306912989671
0.131022113146657 -0.202997447809698 0.236572998581794 0.00638755999078692
0.293460758602858 -0.0133990672675029 0.118817694994883 0.165037675956335
0.196007652655736 0.258386795031241 -0.0805448606682376 0.165686160661979
-0.000136778032598193 0.35209344268838 -0.0710917462527244 -0.0735203353457604
-0.155070187086883 0.203720454951862 0.135007750232938 -0.317396760478558
-0.0512251150582242 0.256491364039339 0.236019688744539 -0.239564544540708
0.113788070370004 0.201470035654034 0.194440602743993 -0.304214347320608
0.187709236580781 0.00503011188214521 0.00345907292184457 -0.287204166990566
0.105338708947288 -0.135278757923525 -0.124297977733416 -0.196443915649936
-0.0127574430489582 -0.163624531138943 -0.183241276823693 -0.0830609101572355
-0.0952566050380649 -0.109679062663766 -0.158484320756995 -0.0239183023691776
-0.116722910200603 -0.0691029352252153 -0.0912016211518322 -0.0461395342743788
-0.10973396465112 -0.070515433771617 -0.0594518994750858 -0.1159746244838
-0.0924529648499543 -0.13000418260989 0.0224810625930523 -0.180195603735165
-0.00126583998978383 -0.184767760308334 0.155491346109898 -0.178029398444291
0.122027000583095 -0.15493312872833 0.241757347282104 -0.027582814557212
0.23150658727959 0.0224442289389091 0.129059056674152 0.135196947950007
0.111189384052328 0.224410417759166 -0.071202703423113 0.131549762603668
-0.0485276746368385 0.249962170800064 -0.0428335234764351 -0.155214876850464
-0.117694590016768 0.0542959977512696 0.156583272335888 -0.375077632974622
-0.0784199118715577 0.121085820816976 0.229205679762081 -0.247113045686545
0.0312629225897234 0.115868083009857 0.204094074042353 -0.272912121282589
0.0916137625241013 0.0169335277649866 0.0548292199424149 -0.275559100517156
0.0585645563233407 -0.0633274701773746 -0.0907004603340497 -0.233590613520865
0.0028376607505545 -0.090049819059093 -0.187769169311078 -0.127053552204816
-0.052609678611612 -0.0682183098379189 -0.185223300129958 -0.059236559751896
-0.0722441245512571 -0.0437466724045659 -0.123225375206523 -0.0711772225342787
-0.0738959989232359 -0.0499462487857094 -0.090036467235502 -0.138724157185819
-0.0608520340380103 -0.089876719082813 0.0017478230753973 -0.20492419782744
0.00885109261869501 -0.125109845464597 0.147940383937443 -0.205449310050414
0.10577481512432 -0.095834892005627 0.248730036710215 -0.0390300870198543
0.152688980688042 0.0584417392026779 0.134004560743809 0.123799531378657
0.0191860110452842 0.171839925132208 -0.0602005773026826 0.106759603998349
-0.0914180574862522 0.121715798390038 -0.00420214845486063 -0.203175442655435
0.0914907914253576 0.0237898110812998 -0.00810332832305125 0.241743321313771
0.0269544312005962 -0.0716941411406102 0.120430246331562 -0.066404904258174
-0.0535387535105716 -0.0541681174792202 -0.119937578388865 -0.162820244684711
-0.050592592768101 0.0314651203297833 -0.270977645732422 0.00493498771242067
0.000832474967189688 0.0403775322265337 -0.175420628293613 0.232626861624347
0.0143035157236545 0.0247191107315723 0.012691129112371 0.242292307066526
0.0211091760904789 0.0166560452074507 0.102696525200616 0.154823551453767
0.0109406810949467 0.00749842123437777 0.146015815764586 0.0905090468202364
0.0016533407912948 0.0110624153572841 0.178059653600505 0.0640297811962336
-0.0169623517170633 0.00511090597206061 0.18976342639452 0.114900325859549
-0.0116178400123797 -0.0135383915033651 0.109147253222251 0.20553582250485
-0.000214214430303956 -0.0213125247392941 -0.0504246040138164 0.251662623196791
0.0480915752763832 -0.0383193140141407 -0.163469304457571 0.255338976668743
0.0885406755500496 0.0202052200378045 -0.231339096411421 0.241856495281532
0.0718683989582644 0.107738101119565 -0.172311842792013 0.372804106107249
0.070337806856322 0.153344100249602 -0.0302064633432798 0.219521453815909
0.0851422060957308 0.0176873480614554 0.128502091811745 -0.0669876362890351
0.0354714239239404 -0.0367062278001172 -0.101427089952727 -0.19883043626266
0.000992987490786096 -0.0231944751060217 -0.291253842920479 -0.0260712055019975
0.00797937494943378 -0.032632612348723 -0.204106869917981 0.220694071186213
-0.0166434727356783 -0.0358037674171531 -0.0103411088027298 0.247434307039092
-0.0283912668978057 -0.0195785738708159 0.0935959539629013 0.162391210120444
-0.0409654182399443 -0.0247525985611073 0.138888881323874 0.0894166187190022
-0.0456731477773165 -0.0313542587475541 0.169901457918357 0.0465114430531207
-0.0473328260262361 -0.0742441453595954 0.195505217810811 0.0795597867907287
0.0173630310250624 -0.102081366480081 0.150804660463685 0.170178372930389
0.0852205912485015 -0.0612127310463214 0.0095698596237751 0.241175698148117
0.149294392321874 0.0202534357361098 -0.11556891160133 0.267777180260377
0.127896269886362 0.155860371700601 -0.191645576999889 0.24553202118147
0.0441838325264365 0.256581972107612 -0.152173514552839 0.327090928120338
0.0200634015191437 0.267555526965741 -0.035799761984397 0.156346295751673
0.119151523039348 0.133480314100075 0.145995230537429 -0.0832877457834537
0.131180867981127 0.0160197620819353 -0.0629185111731929 -0.250628673093859
0.0795709412958157 -0.0670311271181034 -0.297043845912515 -0.0847606871342065
0.0300260508817962 -0.111083971219752 -0.233212092053069 0.1773093511618
-0.0410421496481267 -0.104311733604772 -0.0489923271936234 0.227712348429747
-0.0743773115284709 -0.0598366103284393 0.0603259438088274 0.154708337703647
-0.0878754039428805 -0.0531282479085182 0.111092606683872 0.0764648127951891
-0.0869291159683236 -0.0629312453241503 0.140982536615249 0.0165005475456056
-0.081505387543668 -0.130706128540312 0.182744024701997 0.0211019554212647
0.0178029631956894 -0.179871128615181 0.189709866799309 0.0996289044923132
0.134096536347101 -0.126646613241122 0.0934405821728755 0.203493732349012
0.245734417989128 0.0241086012296152 -0.0414695874205156 0.269755141634244
0.189212419254458 0.241475589558789 -0.148326035399522 0.241335331273652
0.0398698451181268 0.361763243776259 -0.124243265665177 0.245874725830847
-0.0482461214347689 0.341917373006797 -0.0175831934016653 0.0541325278258518
0.116078681828557 0.250108120356196 0.168535342493096 -0.116078881608188
0.20757644609452 0.09857620751319 -0.000677897746292767 -0.301077076690814
0.169015670660841 -0.0840569731704604 -0.264744157160784 -0.162703164402699
0.0672883061429143 -0.174549264873497 -0.245753841593663 0.0948970013828897
-0.0507845018519742 -0.166516879693143 -0.0960910994390926 0.174302354367321
-0.107821691326539 -0.0967510866420736 0.0101724318205584 0.127961292334021
-0.122407387902937 -0.0730611793673169 0.0657448924937204 0.0524250579736123
-0.115317719178343 -0.0802836119420876 0.0958447483869709 -0.0180115013391163
-0.109219584936422 -0.159740258871184 0.150174124531663 -0.0427031775077541
0.000914185755453632 -0.227580627437153 0.20405638441259 0.0119839712810803
0.143778168221852 -0.18561292523494 0.166428894976683 0.136934985308195
0.304199871761018 -0.00618855283633579 0.0327411486462567 0.244169067591068
0.236637419572066 0.272043925990954 -0.112065937898843 0.223418713181598
0.0424872453824531 0.4087307027328 -0.101759119510852 0.141445653463767
-0.113220797167674 0.356024536107129 0.0249957658127775 -0.0720202110752549
0.0708931187242567 0.326242308464079 0.190817502204948 -0.158447932039613
0.228372724950726 0.181456430975476 0.0760497364819668 -0.326394463710194
0.232300707049395 -0.0647694927143362 -0.186925642386944 -0.233178802830551
0.10434296190418 -0.200492861256695 -0.224630242112148 -0.0128643507611356
-0.0452900830023057 -0.203125803501255 -0.137363752053153 0.0911395739989804
-0.122689864224294 -0.120829584866005 -0.0495936090071434 0.0828166098815698
-0.138792471488227 -0.081419010383934 0.0123252116855685 0.0207797994590904
-0.127110463369888 -0.0844610318351902 0.0407643181163628 -0.0520953564612477
-0.118974412995743 -0.162907523581061 0.103076766049588 -0.0978016160978688
-0.0127120634378519 -0.238443529004573 0.190965464054553 -0.0693809599396586
0.133973988938536 -0.209068692839086 0.206726897459872 0.0634905847914227
0.310268974085471 -0.0266615173818406 0.085010382688981 0.200535686149891
0.236420276970615 0.265224503900558 -0.0906986095411833 0.192402452423871
0.0318913833099645 0.396331926614268 -0.0854645998412025 0.0310963758774272
-0.149667034654714 0.301105844515854 0.0804838389842924 -0.198308795762097
0.0034125825833225 0.323297043173622 0.211933007437282 -0.198590639677836
0.184863541275331 0.219913128498643 0.143213837785993 -0.317827062748312
0.235351171163493 -0.0247581035902315 -0.0828082900146745 -0.269790786302074
0.119223475206004 -0.180810697100128 -0.173262684724201 -0.116368132038013
-0.0289430421002358 -0.198390667286653 -0.162327383146937 -0.000721414994495713
-0.116248560387755 -0.123944285307571 -0.105235437166954 0.0281131605862761
-0.133726355048832 -0.0781827724991406 -0.0408560668726853 -0.0131834384344774
-0.12308501266108 -0.0788794596167933 -0.0127568304541068 -0.0832128826212416
-0.109470980066463 -0.147949230495813 0.0567070964698886 -0.139659585335739
-0.0120363345195818 -0.216788307723145 0.166714479672223 -0.130208546079374
0.12301772275672 -0.191214926791551 0.222212684104178 0.00730714289891785
0.274942534838118 -0.0135640144205356 0.110262048432419 0.159185445352042
0.185522236860784 0.243231000129597 -0.0785217381822764 0.158187347164129
1.57818621838932E-05 0.334075932518425 -0.0677203744131909 -0.0685604902780287
-0.146081882353529 0.190958360268079 0.128091199884013 -0.297763087020087
-0.0489002268373051 0.242035184534282 0.223573974335137 -0.223473168729469
0.106915973326233 0.189044676913117 0.18573892101651 -0.287583551669853
0.176709282865906 0.00500584345670897 0.00744775271875792 -0.272511283293471
0.0985745014360859 -0.12735185098215 -0.117942071712049 -0.188169939656176
-0.0126291085549888 -0.154281688152646 -0.174454322974123 -0.0773249792442559
-0.0898957323263486 -0.102814992458676 -0.148298245254482 -0.0215552054680179
-0.108639174978382 -0.0636223724777379 -0.0854649652127352 -0.0437938891795442
-0.103431220039692 -0.065842090974135 -0.0571199253533626 -0.109157278518825
-0.0869906908472406 -0.121772576411966 0.0212714315500988 -0.170923315662458
-0.00188013808938053 -0.173787373648432 0.147041538365224 -0.170360602800721
0.114016979917373 -0.14585034569242 0.227529096580031 -0.025448887118833
0.21608319879249 0.0205903151860366 0.120071677534656 0.131159322976723
0.105243314740992 0.211154615338858 -0.0678777800533314 0.12517651054037
-0.0453108317007091 0.236320724297666 -0.040750433184843 -0.145281902248261
-0.110855948534712 0.0506562256253324 0.149563889131012 -0.353641150072204
-0.0740718011034538 0.11445773312718 0.218047204012832 -0.229539658779816
0.0287244297567322 0.108998767668542 0.194574388687193 -0.256791549454621
0.0861000210441674 0.016358221458946 0.0552071088486253 -0.262183783104226
0.0543941468708487 -0.0590470249856212 -0.0864995518974113 -0.222815262865219
0.0020873414814599 -0.0848683098281014 -0.177808747370049 -0.119687363159434
-0.049530279923826 -0.0633338115777367 -0.174116643483399 -0.0538341998242832
-0.0675968511613285 -0.0405204629094821 -0.115750524194842 -0.0667217677961285
-0.0699187690898661 -0.0460011762719848 -0.0851480278184003 -0.130147395352242
-0.0572186123433659 -0.0834054120876194 0.00210116905720019 -0.193707471121882
0.00814479331817909 -0.117837775029637 0.139461554569367 -0.194706714636365
0.0980760529849413 -0.0900245970720684 0.233931970807293 -0.0358782769939344
0.143439202304131 0.0550240091674389 0.124810540897082 0.119332627997538
0.0192432128429927 0.161428417282581 -0.0568080429369936 0.10198159055755
-0.0855808437652822 0.114998966442144 -0.0043461996108665 -0.190477799359153
0.0888406776992778 0.0253376111933537 -0.0143973405818976 0.234347162475099
0.0282607173072626 -0.068489988460066 0.118236815506069 -0.0601566535329959
-0.0511800441376192 -0.0536927922718499 -0.110783867446261 -0.16223454781539
-0.0497319060068666 0.0301462691425458 -0.263704872488326 -0.00497893556965026
0.000652742503694658 0.0386768352311717 -0.175525213140239 0.221265489346162
0.0134977808063576 0.0233464504804028 0.00503968946792197 0.234899141735779
0.0201687729230106 0.0162216796731107 0.0928877506788233 0.152029664396143
0.0100817359475851 0.00712041961028978 0.137288787256726 0.0897853506076832
0.000815493258425685 0.00971855409041309 0.169881529028264 0.0644510730067379
-0.0164031998321176 0.00411615302488843 0.180307939702296 0.113334431792439
-0.0112202562847274 -0.0140926415247265 0.100591025678909 0.202625794534044
0.00058352594625251 -0.0212806693819278 -0.0562125706407573 0.244983467706246
0.0469245012011387 -0.035484385130516 -0.166091209553945 0.241851300801867
0.0843938087103124 0.0218513003700083 -0.23372724228737 0.226012485274367
0.0674166273121191 0.106131025807679 -0.178511551143896 0.355484885354368
0.0651330121290431 0.150490140891611 -0.0348618068618965 0.212882030693307
0.0818447439650543 0.0193283485747588 0.126119764243198 -0.0599796218169367
0.0339767648624077 -0.0348321960045461 -0.0924298648972812 -0.196070755177786
0.000885576929489366 -0.0215236740654146 -0.281544741767486 -0.0352745170860738
0.00867956410022836 -0.0318424282852196 -0.203010650170034 0.208494204328258
-0.0158826226387607 -0.0351302816690014 -0.0161454532032634 0.238886165461636
-0.027379042106829 -0.0197092661465678 0.0840148834190192 0.158705242062303
-0.0388108885337121 -0.0246767088102083 0.130762105216932 0.0886533262925095
-0.0437586776279676 -0.0326983341931734 0.161587551295929 0.0475768522775363
-0.0443304143480232 -0.0726997341874965 0.186959528727509 0.0794360522222491
0.0182597205094012 -0.0988917106039927 0.14223712766162 0.168444100644742
0.0846141992396283 -0.0572493279297857 0.00180362364414513 0.235970089527285
0.14358019312554 0.0239797260635485 -0.120527737623653 0.255907837490404
0.120439545285758 0.154442106274817 -0.196148869094701 0.23013169236571
0.0362563724375288 0.250308693578349 -0.157128629393131 0.312608710665026
0.013270982984687 0.259838552672892 -0.0385632811539083 0.152118730047294
0.111564321136998 0.13200008484905 0.142801110717488 -0.0748107036680891
0.125493164981518 0.0183309812977866 -0.0533519600734115 -0.246526363542792
0.0773536314335802 -0.0629068090389427 -0.283627387556261 -0.0931250776132035
0.0314331035530098 -0.106368992844372 -0.230230599404529 0.164577901472098
-0.0378109125827695 -0.101397119035171 -0.0528266178933728 0.218647157865313
-0.0703351680964487 -0.0589160767989809 0.0537306499647037 0.150377843247681
-0.0835451385255266 -0.0530900599772456 0.104824003550276 0.0751770037835055
-0.0822043028098975 -0.0640038850630898 0.134383529707544 0.018163437855789
-0.0771018277600901 -0.128802631774739 0.176409391688092 0.0226276505038556
0.019571647505082 -0.173643542460207 0.182102731997574 0.0999577928966713
0.133298415576978 -0.119162892235818 0.0842826538987884 0.201695664152007
0.236370258298919 0.0293019344993612 -0.0493522347941296 0.261975430072013
0.177996717229608 0.239204124740494 -0.152991729644197 0.229540784489761
0.0295411264714334 0.353239051889489 -0.127929324944053 0.234665713187936
-0.0546855236249177 0.329722775413455 -0.0187623504727306 0.0549312450298995
0.105863520826294 0.244923265838393 0.165313665670516 -0.105206302676894
0.197411088584529 0.100328101893912 0.00862327279668887 -0.293133434993815
0.164090151082954 -0.077041145420669 -0.249622746153004 -0.167340919384308
0.0683131429925682 -0.166951620475945 -0.240153364489851 0.0837708156070588
-0.0459571460557613 -0.161981030272452 -0.097834483528803 0.16600197493701
-0.102403900883386 -0.0960388444626992 0.00619853477571745 0.123833101787659
-0.116618284271167 -0.0729871946014223 0.0625137231397593 0.0518941020036152
-0.109014604371877 -0.0805876179986404 0.0916848989280584 -0.0164485357753437
-0.102452508900511 -0.157328998718381 0.145785528560116 -0.0395661652917491
0.00450753922308896 -0.22095088271003 0.198074605170695 0.014531325539697
0.14307967471493 -0.176468096182829 0.15601170530398 0.13878938639624
0.293745297907574 0.000766564053402412 0.0235944525336184 0.239999049738121
0.223175279733096 0.27070487426242 -0.117802161698018 0.213884612435475
0.0307710297987332 0.398635123883916 -0.103146744104572 0.135003981882341
-0.119290767889913 0.342534645094412 0.0262102911715238 -0.0676679753864668
0.0601485474644919 0.317975483427327 0.188830457681452 -0.145533684033208
0.215815068358929 0.180876251364335 0.0834301403139139 -0.31629356583441
0.226136640099489 -0.0568440861987346 -0.170817587317987 -0.233631193157226
0.104684392499179 -0.191287313428486 -0.217006983128948 -0.0205688194799009
-0.0398399550292062 -0.197310057429466 -0.135383528158869 0.0858575091469236
-0.116292898916445 -0.119388237209031 -0.0498118566526748 0.0790597475254396
-0.131480253873298 -0.081383170348443 0.0115051235078025 0.0193318398186443
-0.120663255894213 -0.0857796539264163 0.039508964482392 -0.050023302312554
-0.111912755680888 -0.160353158247798 0.101577639348234 -0.0936328769687376
-0.00819093533822276 -0.23189761038248 0.187149517745401 -0.0648432958740096
0.13344860512681 -0.198486734294335 0.197771182321968 0.0684017600819344
0.299652418758429 -0.0188401441256747 0.0753046916080286 0.20015291121941
0.222864424342575 0.264304516117128 -0.095503617384422 0.186212224916205
0.020899028519716 0.386682843339252 -0.0840596158400204 0.0282082978093575
-0.153863670984394 0.287268483507308 0.0832663467715786 -0.188186386273995
-0.00575122091457891 0.312809726378017 0.210479323383236 -0.183441946770045
0.172065610747313 0.216698968946234 0.148965170571275 -0.305223975445857
0.227239461493288 -0.0183041291213122 -0.0700745535052168 -0.266166770648659
0.117998143735899 -0.17198716642388 -0.1649818897909 -0.119588887432113
-0.0246928884575572 -0.192439724976197 -0.158337861105286 -0.00389666134782459
-0.109800046452078 -0.121508013131706 -0.101831094724876 0.0257788724052193
-0.126876583423541 -0.0772767750792575 -0.0387696170307066 -0.0139461414562213
-0.116400473173809 -0.0797854858030444 -0.0110108288783661 -0.0809421349823801
-0.103021217895571 -0.146202410480957 0.0582418893489331 -0.134805469735363
-0.00804319984941958 -0.210715343184093 0.165220149152999 -0.124290581624504
0.122777820472412 -0.180600007201671 0.214062155835571 0.01379967218831
0.265355091519292 -0.00697309568206706 0.101054355532547 0.159797999910933
0.174110412179401 0.240690619820164 -0.0814335025319566 0.152604200782532
-0.00815061441098152 0.325371817126501 -0.0642229291116197 -0.0676477251358642
-0.147280652012698 0.181205877409535 0.132610829410556 -0.283765367639261
-0.0538383449479195 0.233412271158473 0.222968790865983 -0.207590576335694
0.0980261378154016 0.185641517843373 0.188402313445719 -0.273757619031859
0.169734457336358 0.00950107941056524 0.0174284852010969 -0.265592482656269
0.0972381559588769 -0.120301530389521 -0.109751297173301 -0.18820500670312
-0.0094050002358107 -0.149728897829785 -0.167769435898324 -0.0784559712813891
-0.0843961817179895 -0.100444399077707 -0.142628050737793 -0.0228377943841735
-0.102793487843672 -0.0630184368655234 -0.0816201226470405 -0.0450303252934727
-0.0976813266433259 -0.0659953375458598 -0.0522299854793764 -0.106961874115474
-0.0811493211250549 -0.119053561135467 0.0248506569580357 -0.165253885462592
0.00167886245894834 -0.168683985467887 0.146905007896019 -0.16305487997401
0.112747909010091 -0.137306112282741 0.22014129437716 -0.0181800865080015
0.207120129717765 0.0249716704932639 0.111533975282074 0.132337078322022
0.0972227114853016 0.20810362688421 -0.0696320946494045 0.121383777355488
-0.0494636567272252 0.227953295194395 -0.0361997198094163 -0.141086647479845
-0.108642708657284 0.0460749476584348 0.155116499748443 -0.339189834538054
-0.0743287296914229 0.10908622893282 0.218846458414698 -0.214127903995252
0.0245215695568511 0.105662808196212 0.196753033332081 -0.243023378714403
0.0819576141928913 0.0182793255046789 0.0634782077723182 -0.254443322480981
0.0536540415142997 -0.0559415885826978 -0.0792036202908872 -0.220508450608685
0.00397769215769079 -0.08233634076714 -0.169921743235757 -0.119636082229081
-0.0471209710660445 -0.0621922770035726 -0.166548769688575 -0.0547338321741418
-0.0631721528983718 -0.0398622837767361 -0.110684193981119 -0.0676975077734136
-0.0662629724153862 -0.0450940216583188 -0.0785266691371757 -0.128007959122506
-0.0531480235987822 -0.0807703423829382 0.00728397122612563 -0.1880463709559
0.0105527595496091 -0.114020260306596 0.139962479528002 -0.185914921294457
0.0966376359315805 -0.0839445111909379 0.22695826666638 -0.0280334190664901
0.136443375567142 0.0564425109951441 0.116773641984831 0.121642857034615
0.0148054046818764 0.157094362704688 -0.0578311151181303 0.0978835535865114
-0.0861787467168559 0.108831474501286 -0.000206278218987248 -0.184072198411703
0.0899338882918108 0.0278981850509056 -0.0204778906233957 0.235144575409025
0.0306331504999805 -0.0681421291349957 0.120983826212176 -0.0551622313565195
-0.0506297111033469 -0.0547787326908662 -0.105806903887471 -0.166563278652576
-0.0503678727291184 0.0296076972047472 -0.26667495025133 -0.0140552021636023
-5.44672387816324E-07 0.037953507528917 -0.182425690140872 0.218194747314493
0.012109267694047 0.024175411222884 -0.0016579421725825 0.236184560503796
0.0194931731186716 0.016835950825723 0.0860167219376564 0.155554047233231
0.00988485240821144 0.00730237609631899 0.134982541979967 0.0938611930508718
0.000163162579678941 0.00853774494918968 0.16749175932936 0.0682552384722581
-0.0164861380980104 0.00283851756026701 0.178374840243857 0.117287935247022
-0.0108511679693293 -0.0143551627166078 0.0960232805702051 0.20729075619204
0.0020536544973139 -0.020951376303762 -0.0637555692380418 0.24703172012564
0.047312366753296 -0.0336497558313804 -0.174486879789277 0.236755112601986
0.0839226935135741 0.0236988695059642 -0.243591360381905 0.218095286458848
0.0649830634444944 0.108385352664092 -0.192820803064667 0.351371289270964
0.0626628475576425 0.153245198237968 -0.0411182601935117 0.214555867306159
0.0816840811948371 0.0213260618085354 0.128077707534034 -0.0546615414575091
0.0346893308319329 -0.0336777057249727 -0.0865182164368121 -0.200895948405789
0.00136259969662545 -0.0203460076556819 -0.281507552527227 -0.045250525071224
0.00944100465017908 -0.0320468923076669 -0.209141581572932 0.20367755675524
-0.0154921418782624 -0.0356196499997333 -0.0232710914633518 0.239222701784083
-0.0265720282588144 -0.0204223754143544 0.0780217629892739 0.16105164011428
-0.0390727933014778 -0.0263540728531502 0.128306316202261 0.0911162299243245
-0.0432248810924917 -0.0351331868557465 0.159507590194455 0.0508992941529973
-0.0433909072067472 -0.0745793894799049 0.185786434543495 0.0823465086445091
0.0199305410575723 -0.0991641138942021 0.139645316078046 0.172557940166808
0.0863902886768174 -0.0554297903562378 -0.00608416635463804 0.240460932256485
0.142491399144957 0.0279007803220698 -0.130491091097537 0.254239352080188
0.116266775991098 0.158711927438536 -0.207179647417171 0.224456828022118
0.0297000873407608 0.253795598757361 -0.169022689322185 0.309678891233173
0.00706729781770626 0.262031900834516 -0.0427102223353391 0.154401464914896
0.108330352348771 0.13561924595709 0.145836144940542 -0.0682611454656735
0.124522281987289 0.0215120910198772 -0.0457234664624699 -0.2499421842002
0.0784782027845314 -0.0598781975302403 -0.282170404536383 -0.103528462956339
0.0339020234318048 -0.106033955787572 -0.235803542384767 0.158516170516993
-0.036019528104827 -0.102657649113981 -0.0599002624611859 0.217970051139559
-0.0690690846629471 -0.0607439283096234 0.0488267752266478 0.15190588197238
-0.0821985886565165 -0.0548496610640356 0.102071741795233 0.0770430846529859
-0.0808250353740155 -0.0669711033769139 0.132924356924419 0.0203884863281381
-0.0746496554584366 -0.131189115697827 0.176320730639692 0.0254535052055449
0.0231189890312693 -0.174283867920152 0.181488345009009 0.103511273601352
0.136596204453872 -0.116778741188081 0.0773697640276482 0.207713421065685
0.236197937273449 0.0351821261062558 -0.0588850982871734 0.263182528309915
0.17268118533667 0.245310229851564 -0.16342237532778 0.226177577173814
0.0192692649990508 0.357525777864648 -0.136657363477821 0.233427298050227
-0.0638607550602944 0.330699166550904 -0.0199999340465809 0.0565307731595255
0.0995183584517581 0.2490016624266 0.168850617048264 -0.0978142746084305
0.194245392162113 0.105327896271777 0.0183615441291727 -0.295262649092547
0.166479813078592 -0.0722864979727412 -0.245178107474664 -0.177843138541515
0.0719944554088971 -0.166461908958779 -0.244581440699787 0.0766122234744493
-0.0433302864600054 -0.163650669482607 -0.10252253212878 0.164501660607575
-0.100471566946559 -0.0979616811378788 0.0030093144741631 0.123484618108403
-0.114302067448482 -0.0756129882213165 0.0606562093686477 0.0518045423204658
-0.107312161226549 -0.0847485825141781 0.0910208928557694 -0.0149770791287026
-0.100016536061009 -0.160352054231264 0.1474499872614 -0.0378888904551796
0.00791133236690261 -0.222453854090273 0.199013755211398 0.0176084198407617
0.148035823961165 -0.17313964034995 0.152274959577904 0.14557083537424
0.294390440516668 0.00788920200756626 0.0159754903672923 0.244549850674837
0.218415827076829 0.277252134828393 -0.126751336490427 0.212860401286922
0.0200352709622708 0.404338704022696 -0.108350447483271 0.134000912696659
-0.129346552922083 0.341004272262312 0.0283799861889392 -0.0643362068306778
0.05109372116757 0.321350704977931 0.193975261640932 -0.13777219586374
0.21101278092168 0.187502676961574 0.0942362024343003 -0.316223770852961
0.228004704839018 -0.0513818941406028 -0.163805749997114 -0.242469669692518
0.108974901878111 -0.190247663391172 -0.218128797943475 -0.0295143147212029
-0.0358094751605569 -0.199095018277429 -0.138604394776317 0.0829659526419357
-0.11405750694235 -0.121831070403842 -0.0509496202026924 0.0780842950676637
-0.129255138589283 -0.0839184738431155 0.0107948867499226 0.0196210249769321
-0.11907667734566 -0.0893378672365734 0.0401448463711791 -0.0494240067755604
-0.108115101345931 -0.163732261976329 0.103633125753423 -0.0932599038951933
-0.00441859957744878 -0.233510786712723 0.190661054121034 -0.0629926857541209
0.138696755944997 -0.196011203010776 0.195458562261787 0.0755018707560893
0.300581729896707 -0.0110859364898656 0.0684464410579049 0.207047812870571
0.218745387190015 0.271309626262529 -0.103084817015282 0.185765243055434
0.01095759914362 0.390774346022827 -0.0863113450882722 0.0275206745854133
-0.162665699072352 0.284795134558929 0.090010929154868 -0.185297356761371
-0.0139398563399494 0.315061453631887 0.217113597402466 -0.175315090219748
0.166200048023637 0.222818473426665 0.160391950386154 -0.303440960823618
0.228875180526233 -0.0119710555521478 -0.0597629550925402 -0.272974372923269
0.122236861459927 -0.169792417176483 -0.163939487003846 -0.127814260591646
-0.0204248174867191 -0.19429990745541 -0.159347424607121 -0.00768884207077872
-0.107482734436244 -0.124105996990104 -0.102600079992916 0.0241447458439912
-0.124528443643915 -0.0799843238319791 -0.0388377596192716 -0.0156748912242234
-0.115241927495305 -0.0827603871300941 -0.0102069221267541 -0.0817410698821642
-0.0997667723018195 -0.14902896165991 0.0611888791396673 -0.135326517811706
-0.00392186842546084 -0.212129346721705 0.169299595087997 -0.123238744931423
0.127248359001983 -0.17794823646418 0.2140136577621 0.0203089748602328
0.264801162179737 -0.000512990147833767 0.0956572292752403 0.167385675640105
0.170314900193396 0.247385562707189 -0.0874444169871052 0.152522548726444
-0.0165626734839346 0.327489397873012 -0.0634702207340145 -0.0687244557817924
-0.15369002008212 0.178597085875743 0.142159294565699 -0.280952415355619
-0.0603613596491029 0.233693172421226 0.230691855678843 -0.198278005271771
0.0927561607740785 0.188691412708331 0.199004127161963 -0.269864692438161
0.169917993765383 0.0143177984493583 0.0277349492865552 -0.269836870702349
0.1003273948473 -0.118316748170004 -0.106334922151983 -0.195689258079858
-0.0070710960245853 -0.150967270770787 -0.166626371676128 -0.0823357318527499
-0.0821037381994938 -0.102778163653241 -0.141291137182455 -0.0261738497362994
-0.100388896632223 -0.0650004812736111 -0.0809766898314161 -0.0469322484402735
-0.0962013466561341 -0.0679771270056629 -0.050544884099148 -0.108994980021221
-0.0785210607925799 -0.12087775044487 0.029425070992766 -0.166567300987952
0.00520475137795243 -0.169849745024956 0.152422405522397 -0.161671291190052
0.116166056880706 -0.133926001942649 0.221842300201272 -0.011075266837921
0.206378742928696 0.0303539528363472 0.107079863544536 0.139415088717029
0.0925377216006653 0.210868240822766 -0.07420162238967 0.121550149719172
-0.0556260942837269 0.228507437174598 -0.0329919907311094 -0.142134820866153
-0.111115959291144 0.043999350502518 0.167911370406477 -0.335779977244663
-0.0765622691242174 0.107904212277297 0.227808753251364 -0.206407757934743
0.0210325904722771 0.106043704840076 0.206683950619757 -0.239184733449384
0.081253811489099 0.0211403933202739 0.073819983311197 -0.257220792527817
0.0544714979617767 -0.0541464484283476 -0.0745984076529679 -0.226010224678156
0.00529128867635804 -0.083338376861968 -0.168519790298743 -0.123802013301814
-0.0451606391053635 -0.0631594486591401 -0.165138993528993 -0.057979496098973
-0.0616183402842999 -0.0408471877613765 -0.108714144586456 -0.0707577159436355
-0.0650460832622033 -0.0462333303551438 -0.0755430334156702 -0.130018136398257
-0.0512822913153299 -0.0820950297889095 0.0122659053072102 -0.189281096599718
0.0138752472102946 -0.114854206959528 0.145964866948272 -0.184303914017714
0.0986159757748225 -0.0810569812527227 0.228674381645653 -0.0215926172051344
0.134033317275282 0.0602717663243457 0.1130844202156 0.127664861119136
0.0109001906608792 0.157965520142433 -0.0612706970501775 0.0979156223131167
-0.0889404065697133 0.106435734064881 0.00476582498462225 -0.18373203238116
0.0938658457426047 0.0289694285374452 -0.0220142389239854 0.245595368953148
0.0326477449400759 -0.0704037063683338 0.127371311047316 -0.0553193928557127
-0.0520489556149459 -0.0562341064182895 -0.108298571995988 -0.174146300478011
-0.0519579508823056 0.0313128195599466 -0.278323878868084 -0.0179045682871927
0.000396559423860413 0.0393346028210886 -0.189129821749247 0.225618923291043
0.0122398978279595 0.0250243165442458 -0.00298402040587804 0.245438836567907
0.0207640636574994 0.0167276711878009 0.0862931661350619 0.162662291182376
0.00994868193758179 0.00685100500710678 0.137757462754144 0.0969948664140287
-3.17627226281963E-05 0.00774822597353115 0.172965184863894 0.070131382469587
-0.0169254964028572 0.00239787864755782 0.18394624811814 0.120847889463047
-0.0114599276551518 -0.0147776608175004 0.0992660306513947 0.216083643469679
0.00296615235154468 -0.0218682321329607 -0.0690013140868655 0.25824226257187
0.0489653373850682 -0.0343257585024307 -0.18311705321956 0.244707054791729
0.0866141175113381 0.0243767051115764 -0.257750569248846 0.223731894502165
0.0677911249423992 0.11367625780991 -0.202334761674753 0.364494457763646
0.0651695719773334 0.158858207875612 -0.0431095450213898 0.224566282257717
0.0849082705233526 0.0225147083579991 0.133920591141569 -0.0531448974846251
0.0350164120595865 -0.0346457608313167 -0.087409467024005 -0.209897017079771
0.00122917237321811 -0.0200850969088552 -0.292540264771358 -0.0508556320469217
0.0101774462424994 -0.0335864065419762 -0.217751522986209 0.210423220970869
-0.0160919367123156 -0.0368565559667796 -0.025100069429102 0.248100103503585
-0.0276173561538427 -0.020536436294028 0.078446483006624 0.166930777254313
-0.0396424752659708 -0.0272144354998256 0.130894790803035 0.0936320598538619
-0.0448783173368939 -0.0374826692138585 0.163896934055218 0.052299028515517
-0.0452318519799437 -0.0777444642696208 0.191905612829023 0.0838229982827215
0.0195587224577047 -0.102303419791883 0.144706115892642 0.17842347574258
0.0906805880248935 -0.056817708943389 -0.00796541994886756 0.251073048890455
0.147603685719537 0.0295822385431484 -0.137794796427098 0.263507159044271
0.120064863416324 0.165035383856796 -0.218653303532461 0.23094308054781
0.0300106042606368 0.264097785015296 -0.178177918940717 0.320171512154389
0.00757690543550676 0.271864872990022 -0.0449910326128985 0.162117870935052
0.111817670019582 0.140585903005009 0.151760344402738 -0.0669596728758141
0.128528227432519 0.0224151949459084 -0.0448161256379634 -0.260656954448523
0.0811192324843617 -0.0605867335462607 -0.292229163902453 -0.110939761348165
0.0350874329872616 -0.109951708472623 -0.245313853499333 0.16222739472968
-0.0378651902263103 -0.106172108521632 -0.0625490851034095 0.225997499959194
-0.0714022056587351 -0.0629230236683022 0.0495950059630855 0.156824002854064
-0.0849315849178529 -0.0566887527871899 0.104892488224526 0.0790307814507577
-0.0841381240594788 -0.0711560365574894 0.136221920327322 0.0206256916602357
-0.0782333274058431 -0.135842396695142 0.182070127353069 0.0241271543771665
0.0216586203857937 -0.180903777409285 0.188147272971119 0.106034458880807
0.142050161481782 -0.119995897426882 0.0783565625236714 0.218325249075726
0.244470100176924 0.037929420189569 -0.0635897248203104 0.274122713533413
0.179121817593564 0.254416673964615 -0.17389512812322 0.23365361102282
0.0195397124740033 0.372253533544211 -0.143895591467023 0.241839044568896
-0.0667670861397507 0.343067882464849 -0.0214509608776996 0.061351638383052
0.101981382975091 0.258334120965833 0.17578816109716 -0.096734770707958
0.20098088461024 0.109479924371712 0.021967741217562 -0.308417584755253
0.172712299375722 -0.0740330636597048 -0.252521286160406 -0.189080448301091
0.0738901064985029 -0.172290418193166 -0.254161767645637 0.0764208895040018
-0.0456709524303585 -0.169352726534116 -0.106319452454508 0.170249813911931
-0.103770873098824 -0.101496395732647 0.00297365498594332 0.127194236014647
-0.117760161844999 -0.0773676568201529 0.0623911226523187 0.0533975411237524
-0.111222293639165 -0.0892830212847167 0.0927347381867055 -0.0164526555754265
-0.104293478185331 -0.165649947049466 0.151609316156533 -0.0407364301551482
0.00657867263800642 -0.230484222393679 0.207823821347278 0.0164623940372358
0.152970524913729 -0.178908542703829 0.156036463449024 0.154087712545475
0.303874458899659 0.00901364232105144 0.0128631816159469 0.25691414612426
0.227170175536424 0.288706192588237 -0.135573204516591 0.220682745515639
0.0208058931529492 0.421695840395606 -0.113836349325296 0.138843226573026
-0.133703012362011 0.353916326789691 0.0292469187628847 -0.0653491949314726
0.0523486143382639 0.333822009857552 0.202119514148875 -0.13797598053287
0.217738633055079 0.194898597756588 0.101229902092621 -0.329345866402197
0.235884358034339 -0.0520218941897144 -0.167228486569785 -0.255672388687941
0.112292318184598 -0.196941420544698 -0.228147738541253 -0.0336262121267508
-0.0385245961035533 -0.205715847059404 -0.144505968467137 0.085942799747856
-0.118609766946663 -0.12631997492911 -0.0525671857899965 0.0806013773020704
-0.133455506595217 -0.0862296475798893 0.0110081929526776 0.0194676532540156
-0.123712652545411 -0.093149763114093 0.0398700072234838 -0.0522043934404368
-0.113110137122394 -0.169891666339484 0.107318489420314 -0.0971787181116522
-0.00666481335530049 -0.242405683411582 0.198101470001276 -0.0677186802304802
0.143293024254192 -0.201484490518622 0.202448345730388 0.0808440969582537
0.309993148719898 -0.0114118380309706 0.0687168670084257 0.217705283836691
0.228026069750522 0.281228150992153 -0.109898759393025 0.19417114463081
0.00971996040464439 0.4075762523516 -0.0898517634594023 0.0285947203026532
-0.170079344021288 0.296228818462413 0.0941557238495274 -0.190125734809746
-0.0158716270503506 0.326905902998474 0.2264162953391 -0.176494892641043
0.171166192744678 0.231425441694828 0.168611518295503 -0.315178514046506
0.236936119436017 -0.0109771063661278 -0.0581313584456868 -0.286782475221824
0.125527456818275 -0.175657154979881 -0.171168296695625 -0.136143645475224
-0.0226319551603607 -0.201669979035086 -0.165908682955261 -0.00802113321346309
-0.111238243349933 -0.128136637526449 -0.105293109391073 0.0249798513257397
-0.127599564229897 -0.0824192039285729 -0.0404016545356301 -0.0163948824267606
-0.118768026806538 -0.0863856864766062 -0.0108314899539615 -0.0843248199938734
-0.10322279832941 -0.154504918686217 0.0634513772562371 -0.140966324208984
-0.00544398079371457 -0.220829490888536 0.176349203908257 -0.129385003752109
0.131345692580978 -0.182767779993115 0.221534340996967 0.0228720300763044
0.27338554000469 -0.00059229253253583 0.0978050022611254 0.177742609840654
0.177222582157125 0.256159971925644 -0.0928758016181993 0.159994321644537
-0.0176603420082561 0.340799042930221 -0.0657416084059602 -0.071126190461603
-0.160552713248577 0.18491400420045 0.149476325486811 -0.289939680004399
-0.0633256359553803 0.24170790623025 0.242092987321297 -0.201501787497049
0.0947390574529909 0.195771835091432 0.208873821460435 -0.279130603700185
0.17614831932684 0.0155607998787078 0.0323428463458969 -0.282331313879467
0.103091366049441 -0.122541726161366 -0.111025342720616 -0.206009060159538
-0.00763949149961429 -0.15699652198055 -0.17391515606222 -0.0861416789682716
-0.0854273705947522 -0.105865263718056 -0.146008104583152 -0.0260352117120583
-0.10222824500491 -0.0666779853943924 -0.0837435308247873 -0.0486747420423293
-0.0992376032600494 -0.0704189972187981 -0.0522086603566808 -0.112619066045905
-0.0808665320709337 -0.126016485541985 0.0308064376711358 -0.173727973968225
0.00550841627147694 -0.176313694150843 0.159217429899177 -0.169739253140666
0.120303500455792 -0.137440564359548 0.230165016417345 -0.00967696904511666
0.211773299092192 0.0316278300109621 0.10969909263178 0.148564765218388
0.0966283566576659 0.219219152530158 -0.0786233985054846 0.127532862060041
-0.0581393242814135 0.236815056653408 -0.0341694176687124 -0.146566175213375
-0.115234716355098 0.0448496647027038 0.175824203497958 -0.34686560137928
-0.0795354949983117 0.111625425073077 0.239519761933006 -0.210818752146793
0.0212221361600365 0.110056275333747 0.216241345959394 -0.247239425443848
0.0841366383798559 0.0225531706209668 0.0792539369652501 -0.268669778682332
0.0566360359110568 -0.0561483209210554 -0.0776699176673754 -0.237619986492641
0.00474035520132042 -0.0866421625625849 -0.174930454727331 -0.12937154652134
-0.0466009236313484 -0.0649910596482079 -0.170337961902041 -0.0605384453700404
-0.0625692771406414 -0.0416037546859478 -0.112396127723102 -0.0730532358407991
-0.0670191389282574 -0.0469334719130113 -0.0776852492548959 -0.135291327421862
-0.0525493737987972 -0.0844396269188488 0.0131879685502368 -0.197526547753368
0.0141480663371196 -0.119264160963545 0.152504374056346 -0.192203654764576
0.102738628307941 -0.0834853396921431 0.237090638406645 -0.0207102979768081
0.137663095783119 0.0630096822372467 0.115553755043834 0.135520997605035
0.0113831853924584 0.163488007221458 -0.0647324020481341 0.102139894082271
-0.0921311113534852 0.109220571109558 0.00482356627221762 -0.190550573593671
0.103240336353229 0.0116844420487528 0.0109233645684336 0.265483158960945
0.0242103016854409 -0.0775899833085003 0.125997234991859 -0.0731463098973901
-0.0609676845535552 -0.0488201125685301 -0.135607104233187 -0.163225691458326
-0.0462009792677216 0.0378222482839911 -0.289806486663449 0.027397768929756
0.00377292880878285 0.036740573212421 -0.156410572290202 0.263905161154907
0.0150887709954709 0.0223106839688718 0.0362591937928437 0.254216730354161
0.0234428279686647 0.0139904642213295 0.115916709640647 0.15641192536614
0.00993803208304457 0.00586648582868226 0.15535657469216 0.0784739913445879
-4.06916143297588E-05 0.00867797251551479 0.188712720118643 0.0455660767765038
-0.018874552171356 0.00577433563668719 0.208409304089772 0.0951687086051827
-0.0171005263027938 -0.0133666588993703 0.136284808972672 0.209371675441107
0.00145861523887118 -0.0250904072265766 -0.0328973888319765 0.282417676658018
0.0440637321958794 -0.0434096645211325 -0.154781407964605 0.280463494709777
0.092470465084053 0.0105837945063001 -0.233874861924766 0.265921485799294
0.0885982800275823 0.103554383851146 -0.157420271854141 0.4089757613506
0.095660872602558 0.153117066624517 -0.0215050011882931 0.23770762901168
0.0914022106906593 0.0114745531921033 0.12871201707596 -0.074464340393415
0.0329986934158348 -0.039565490301295 -0.12507008239751 -0.202350696645507
0.00117359179270245 -0.0224391606658799 -0.312425976478095 -0.00167212290185847
0.00294047368715962 -0.039563561975998 -0.188751299111904 0.256484335095059
-0.0234336982676307 -0.0365458648597181 0.0147594361302066 0.263206317803945
-0.0310864189556498 -0.0172341855658621 0.109759728379414 0.162794371643942
-0.0459108193874222 -0.0212286828295713 0.148160204067647 0.0752859415712306
-0.0527326021594827 -0.0311977427857027 0.176421782681935 0.0282978534008682
-0.0603228388371469 -0.0710704733983328 0.209656210222008 0.0562744548078803
0.00094069757259716 -0.10764297481008 0.177259194501771 0.164581532976264
0.0852638964895722 -0.0733530660956271 0.0271462030069668 0.265902484628285
0.155219084991182 0.00670821014830629 -0.105288534364063 0.292960588961257
0.148006221764404 0.148116995428327 -0.189795077148253 0.267924478533401
0.0731527382656763 0.262242383973516 -0.138864295107478 0.360563097449969
0.0557879384739737 0.28252119814517 -0.0360914922053169 0.162340679940543
0.137466911702612 0.131789697910528 0.141509525409622 -0.094458421556957
0.138688075599457 0.00562983370832112 -0.0958566415105851 -0.263319662425898
0.0782564293016198 -0.0755460324427196 -0.325107014698373 -0.0626117529758341
0.0179403893546666 -0.121914673941956 -0.227315470507731 0.215267892336922
-0.0558034870685006 -0.105465941323709 -0.0258405519394422 0.249173846413653
-0.0829152209763712 -0.0545362701888421 0.0777066945864433 0.158083385297684
-0.096458166767242 -0.0449660538354462 0.119247041905916 0.0641535261671522
-0.0976224876001721 -0.0595430042274592 0.142368228749681 0.000196211657312165
-0.102221839690231 -0.12548674075349 0.189708009576708 -0.00385455603514223
-0.00928107153165117 -0.186150649782124 0.210906262467633 0.0824766317666659
0.128093872956349 -0.144739024277944 0.11120332247015 0.218708629679064
0.254718861904229 -0.00172218135504792 -0.0280996699104456 0.292205087034229
0.222112104372068 0.231708737661256 -0.140934549402207 0.263464388332833
0.0788624788730748 0.375464362823617 -0.114841348639112 0.274941015379493
-0.0105562875204222 0.372220435232567 -0.0281756430702725 0.0442681350457606
0.143934098529009 0.256711807958501 0.159458680409638 -0.133216685442951
0.226901681871372 0.0855739974892467 -0.0401327754628905 -0.32631174618704
0.171062430145926 -0.101818124289882 -0.300933729934896 -0.150217900006854
0.0497098481583479 -0.191271714417219 -0.25313944553308 0.130822341392067
-0.0740161620029278 -0.169280772671399 -0.0803837575976601 0.202282363933051
-0.121891721336875 -0.0894304592952575 0.025966489683066 0.136512953041449
-0.132802900446851 -0.0611134423634596 0.0720026662479542 0.0447369321090861
-0.128166007429331 -0.0738793962561397 0.0913655994199549 -0.0315767060453097
-0.132848946560902 -0.152435512463343 0.147600114465073 -0.0661347887255037
-0.0328273116014803 -0.233639483308483 0.216648637320297 -0.0144332184340868
0.129467616565632 -0.206273600711828 0.181636764878039 0.139633884355668
0.311468105872302 -0.040816424669264 0.0489421055322089 0.262437601443662
0.276136878785666 0.258581453186574 -0.101213449476749 0.244355727149623
0.0870649497643747 0.426617951985826 -0.0978955818339343 0.163998915562114
-0.079149180331212 0.395865419359969 0.00697305441638794 -0.101712957325729
0.103176704779236 0.343437676132523 0.179916733888566 -0.183706302128951
0.256832583817743 0.173164731038606 0.0355556911176851 -0.364874435220982
0.240104931443236 -0.0869360774789951 -0.227669223393505 -0.234571777229521
0.0865958856250883 -0.221524608287665 -0.247011952768223 0.0123701363713925
-0.0716356812476108 -0.207809065409726 -0.133050416407474 0.122744713549379
-0.140352335669846 -0.113023337845099 -0.0399593020582275 0.0981778841282707
-0.148993110023324 -0.0678305719424797 0.0145776579401986 0.0178026648855117
-0.140249210279394 -0.0761771234483831 0.0322287988097253 -0.0597804728038377
-0.142019987914907 -0.155405681709175 0.0925738470338053 -0.117366478200843
-0.0463828630115248 -0.243792503108011 0.19439862856939 -0.100497405645943
0.116238624982492 -0.227137638797912 0.218437698589301 0.05611824637484
0.312887288175914 -0.0623495189347457 0.100951841464088 0.214439216340101
0.276107294485093 0.250489560101528 -0.0786606366278675 0.213737058452953
0.0741858767205414 0.414078875189963 -0.089041090019551 0.0454463016508403
-0.126301740471698 0.342301333491695 0.0586581552538412 -0.242902831405777
0.0319651414309805 0.346560697703255 0.202096918441206 -0.229961154650727
0.213133519960142 0.218845595880275 0.110284390180018 -0.364862476205065
0.246668987297499 -0.0433506801007889 -0.120524346822077 -0.286394519747866
0.105039943550726 -0.200215051734052 -0.207084002919806 -0.104565787296742
-0.054398667222211 -0.205459154750158 -0.171810729281887 0.0283460466287302
-0.13311573229508 -0.116076950650694 -0.103961674935153 0.0494120290876325
-0.142026348561113 -0.0654675692846105 -0.0441363910481706 -0.0106049246531774
-0.134353321480286 -0.0692286255141716 -0.025666110801214 -0.0855113376863211
-0.1284733621569 -0.140685104890378 0.040644794798994 -0.155320290168884
-0.0403145768295648 -0.222176467043657 0.162388491305486 -0.161476928218175
0.106046686075818 -0.205429336485956 0.230397646704295 -0.0069440390169095
0.276565265695208 -0.0447738893964143 0.125439250943943 0.168031978139147
0.220617853220935 0.233404594291167 -0.0669545549983703 0.176821564358099
0.0343828567859988 0.350451873932337 -0.0786329394082867 -0.0615332758901021
-0.134591048312594 0.225839351850365 0.107451547922775 -0.348107362502979
-0.0302984924385518 0.265853809213196 0.21872602496176 -0.257708875591161
0.12709415717698 0.193371616658863 0.162059102906068 -0.333564076375702
0.186989918527602 -0.00572270431736862 -0.0237487399856506 -0.299684352977635
0.0909717076145552 -0.141602051621753 -0.156852594240638 -0.189714538013658
-0.0318315328673968 -0.161681332921954 -0.193514916627742 -0.0538075219906302
-0.103300253863985 -0.0971025665074015 -0.156372292519675 0.00249764237843517
-0.1133533644181 -0.0534623905766756 -0.093431835675272 -0.0372214387625434
-0.110932645680398 -0.055981132227211 -0.0718025590061091 -0.108105303248952
-0.0999993388573957 -0.115023257911483 0.00271194142353447 -0.183864519155303
-0.0221735221039053 -0.178925471283045 0.137357560853946 -0.199892356771946
0.101879521168545 -0.157024858042511 0.234479708512617 -0.0440570986149801
0.220082904384929 -0.00121090925108656 0.135288857867356 0.13611855458487
0.132398235617313 0.207889501789784 -0.056830395033728 0.142024576476631
-0.0232015547789867 0.249643788955592 -0.0573666055935597 -0.144899865716217
-0.110527683133486 0.0716520362171552 0.131497687411699 -0.401294295316382
-0.0656744284640007 0.131685668258588 0.218744821325814 -0.26274761187858
0.0378423427689941 0.114263481786697 0.181776036428101 -0.298460964924974
0.0922527649563846 0.0143704984433335 0.0317159412461305 -0.294393633526668
0.0529115119429506 -0.065716902558403 -0.125567919627059 -0.231148770366015
-0.00777107870052575 -0.0911750436815006 -0.203492275271418 -0.101940826807496
-0.0566764304084527 -0.0606236963201631 -0.187956935498054 -0.0300409649833711
-0.068357831910511 -0.0342455153167852 -0.126500376531845 -0.0575735259440958
-0.0746591133047171 -0.0373064903769277 -0.102005057576775 -0.127157523687584
-0.0644922407971758 -0.077550037377406 -0.017845466349527 -0.205166597918162
-0.00314188026974303 -0.121806462319688 0.128179590173568 -0.222236050630978
0.0915235245166353 -0.0993387983683254 0.241396207502688 -0.0569708769340614
0.149344348645929 0.0425066681990817 0.140339335452174 0.122438544936447
0.0369043539656171 0.164303124042002 -0.0471123519736183 0.116050458692723
-0.0770879030147437 0.125234541706944 -0.0235526115165854 -0.197005430949681
0.105513873640836 0.00209394905048139 0.0337217893933302 0.268094126027032
0.0182433852517562 -0.0806709765254525 0.123944550171575 -0.0835102509247794
-0.0646356525556331 -0.0442646885084772 -0.147869930135999 -0.154238134609158
-0.0426851451220959 0.0414366154204923 -0.291668540767803 0.0502409401873598
0.00662153387246806 0.0354880751981851 -0.135114549230423 0.277289546009756
0.0166528678265298 0.0220878735872635 0.0574861997500297 0.252873024475458
0.0254125397373575 0.0117933283133854 0.128215294063529 0.149974652316648
0.0104678880073498 0.00466778438549343 0.161797976073027 0.0665931440917083
-0.000594442659212541 0.00834308152335435 0.19157869977754 0.0310470524921687
-0.0190695516448091 0.00695918535055416 0.216673249803241 0.0775651742685063
-0.0180778198123886 -0.0120677978896879 0.154422571005 0.200258707927245
8.41595177002189E-05 -0.0252113275504764 -0.0109182583305973 0.289542091412283
0.0403337472222213 -0.0468851974749903 -0.134744171310186 0.293373473762366
0.0922930131868401 0.00288317805720704 -0.217522802035492 0.284801801994923
0.0981513536820891 0.0968202783778563 -0.12700397198338 0.423434898342463
0.110008096187031 0.145951461186226 -0.000603758825342348 0.243161306554857
0.0930702072373684 0.00367520320234156 0.12670573217512 -0.0826685684381788
0.0298774990273451 -0.0424240609574124 -0.140696613684453 -0.195259926325645
3.36452347407085E-05 -0.0212838292264403 -0.315151856673 0.0217391048828489
-4.63232789068096E-05 -0.04002744275805 -0.16963950880787 0.272545704217064
-0.027035695910314 -0.0351238496075021 0.0363002456498489 0.26389527093154
-0.0318107223767333 -0.0155296631783334 0.121680564989013 0.155618017346848
-0.0479475746654598 -0.0179141934876258 0.153446449197446 0.0633932564765795
-0.0567071740020154 -0.0270563862142504 0.177292116043295 0.0135533806396059
-0.0670928575768719 -0.0666171866135369 0.213473617882525 0.0378547298187945
-0.0084871232315287 -0.10730554010191 0.191104864220911 0.150264451245758
0.0807483623747192 -0.080733057456436 0.0479220207120891 0.267875364143455
0.155555107117987 -0.00612314506907525 -0.0834248233164246 0.303581271137681
0.160399289450218 0.13671592198492 -0.173100536453622 0.284790251885785
0.0948336204725571 0.259188810894812 -0.112680931038532 0.374514238239514
0.0801385455661241 0.279229165484667 -0.0222880689464473 0.169006123179389
0.149177657664959 0.11990009313937 0.13724962451634 -0.103686843904462
0.139179237110097 -0.00522511455112185 -0.116156809121679 -0.259444159792098
0.0731282645253905 -0.0805402489283205 -0.332718337236447 -0.0391850645773511
0.00751191182917687 -0.124087565811617 -0.211212928173107 0.233708085981562
-0.0655575874708122 -0.100544864084169 -0.00580063580789765 0.252524578142128
-0.0871842970983144 -0.047886408464811 0.0907660058074096 0.152834587640915
-0.0996360215498088 -0.037052555972965 0.122791516852328 0.0543046704512674
-0.10380261175917 -0.0520366509382678 0.140458287514255 -0.0119008256695712
-0.113727103476946 -0.117355024013629 0.188402672736065 -0.0210295911299139
-0.0258405751790976 -0.186216817987443 0.218361662924602 0.0635837850092715
0.116625723485716 -0.155834260999817 0.12905160901969 0.213708452189915
0.255703115979437 -0.0227552084662337 -0.00553573443097186 0.297858087251906
0.242615235365895 0.214056120964969 -0.124147352682832 0.276900300146205
0.109364833940605 0.372467142313526 -0.0935730023981941 0.286548877078029
0.0208648539801791 0.374509059932452 -0.0236607870351108 0.0498891481122332
0.165976344662164 0.245701626821517 0.152702871765806 -0.143281849134398
0.234452745391669 0.0680129722584581 -0.0648192345902468 -0.327415568235547
0.163722049798489 -0.115217460144936 -0.315732670659089 -0.129981266194913
0.0334316772393434 -0.196334713526194 -0.244908073170698 0.150148260461474
-0.0893552357456147 -0.162680199387518 -0.0640917362921175 0.209951651927086
-0.129494865067354 -0.0788268001914825 0.0364388817998832 0.13469479778593
-0.137423030327809 -0.0506574810075859 0.0740150014528767 0.0384759334168654
-0.135139925263544 -0.0639377629111572 0.087274418632385 -0.0388267303845768
-0.147039112084516 -0.141407872016241 0.141144709883205 -0.07947558575679
-0.0542599161316453 -0.23202509712195 0.21588869871044 -0.0352335797093735
0.113976736635177 -0.216989907511549 0.193551572136833 0.129436483502937
0.308350563296312 -0.066877774476075 0.0695088342738125 0.263533058870415
0.299952896664662 0.235675475058937 -0.0848722161799187 0.256457445490348
0.121969823312425 0.422923594503718 -0.0854245001875999 0.174112552207412
-0.0469376061426576 0.405878165233059 -0.000715966429898285 -0.100474376861983
0.131576663661738 0.335515599273296 0.169064324543526 -0.195363842006874
0.271253273022063 0.153895882444991 0.00738229758779644 -0.371314153395382
0.234768714696338 -0.106105520064846 -0.24771226283194 -0.221408199279963
0.0681959004166534 -0.228841074922742 -0.249632723123206 0.0306989520787294
-0.0912491783868176 -0.202112936172985 -0.124066445691051 0.134195252182077
-0.150364352518858 -0.10041675453177 -0.0315178452873316 0.101419033278013
-0.1540363828698 -0.0556228491971335 0.0141275316600829 0.016724377241624
-0.147842993169544 -0.0647033044091826 0.0255573992242998 -0.062707436755701
-0.155970780085131 -0.143430859613514 0.0816240850173805 -0.12632514808748
-0.0689470471788539 -0.240715189316081 0.18590582545071 -0.119716003578174
0.0976964462544535 -0.236672444394511 0.224246094942404 0.041119673961408
0.308327385186555 -0.0887164785051882 0.118596960493568 0.211730496956738
0.299047232734562 0.228069820744977 -0.0643016017484018 0.223365455221768
0.109029629425748 0.410642578620329 -0.0855660758420885 0.0545254167861588
-0.0981089950898003 0.355075432170929 0.0401440456599272 -0.247210466012261
0.0602351321237955 0.346256907991925 0.187833709640544 -0.244038445264467
0.230565137005763 0.202813469557817 0.083231271094871 -0.376350727443573
0.244768738931003 -0.0632007910383838 -0.143781268144344 -0.282613107305692
0.0887756923590025 -0.210032163295431 -0.219208526641997 -0.0904406904016993
-0.0739298425417845 -0.201096853235252 -0.171317346825237 0.0430519417264674
-0.143324563083621 -0.104385021785622 -0.100384383551165 0.0583878247810377
-0.14718701112906 -0.0533343359694022 -0.0459541940888587 -0.00726271592175553
-0.1403681994519 -0.0581009809333148 -0.0335896052498173 -0.0836593570336959
-0.141356047083924 -0.130935646739635 0.0268749901728829 -0.15999235987662
-0.0608901803078543 -0.21945626435466 0.148595540222705 -0.178144269723777
0.0905627804719583 -0.21456040781661 0.230601156055355 -0.0242814767618098
0.27330474305149 -0.0668907935590898 0.139889535537141 0.162718191533739
0.241799034700433 0.214576151806438 -0.0539152564805356 0.18569367160112
0.0634545812705314 0.349323148680148 -0.0837552738083993 -0.0541476823590609
-0.116694605827113 0.238569376781292 0.0805111164869964 -0.358500348831738
-0.00912761491248192 0.26891614475588 0.201695689590142 -0.273844266447394
0.142230236045309 0.184424376115593 0.138117356479288 -0.348963368931712
0.188090803000019 -0.0205288667843411 -0.0470587853912771 -0.303173447119338
0.0797927363815247 -0.149309657860201 -0.175519501160803 -0.179642396776122
-0.0466019772744645 -0.15983741050443 -0.200254630929177 -0.0377135951074195
-0.111217581489531 -0.0879700171678251 -0.156207191569232 0.0153548534617365
-0.116714456836752 -0.0439208680418537 -0.0969952556092719 -0.0296310648775786
-0.115486151717283 -0.0461783711250444 -0.0820562354455841 -0.10276284473589
-0.11080266837945 -0.107128136653044 -0.0130945996622957 -0.185206979574838
-0.0382872821820155 -0.178298849762867 0.121065194137145 -0.214870444522498
0.0904380899360864 -0.165034094335418 0.231436395729707 -0.0620591342181736
0.218897007542236 -0.0185448014678621 0.146855105070005 0.128892326399131
0.150465008379739 0.19670194823652 -0.0466114958524501 0.149807647028435
-0.0029378875876417 0.252746647188468 -0.0693041034100725 -0.140166096244451
-0.104117923213854 0.081377303769805 0.101594793956688 -0.414203509248688
-0.0547354499535291 0.136940282860691 0.201500218659174 -0.280539685628635
0.0460720283982082 0.111955330311759 0.16036293106188 -0.314462977635611
0.0938567136072625 0.00732142352616797 0.0089097501774642 -0.301317121852695
0.047717918899883 -0.0696083217453525 -0.147962535970271 -0.223477107868393
-0.0170277126108751 -0.0905024176261285 -0.214108817084924 -0.0862275927382278
-0.0623468480655696 -0.0557834107944685 -0.190707316421451 -0.013884221100525
-0.0707111788983773 -0.0281945229196206 -0.132289816384669 -0.0480005865844163
-0.0769495383567436 -0.0301094056751029 -0.113049543990461 -0.119827449839208
-0.0712093560069666 -0.0722038359962107 -0.0349466101656677 -0.206531853906492
-0.0136706762962641 -0.122745739244258 0.110127750876182 -0.235644853537536
0.0842724334810242 -0.106872875496163 0.238179305772834 -0.0766657174783082
0.152510550633705 0.0309725904109974 0.15091580245295 0.113817409510749
0.0514135280147188 0.161380422783933 -0.0390640229700878 0.121679648940753
-0.067770828999735 0.131501742280119 -0.040567156635485 -0.195088426149709
0.10174944702054 -0.00662987504623178 0.0533527774147199 0.255472844171809
0.0118455957968203 -0.0793770539516989 0.115612060047819 -0.0890369107426583
-0.0647332568916792 -0.0374319409510586 -0.151196675194726 -0.139626575563792
-0.0362685810956165 0.0429593769608337 -0.277975994937259 0.0675526462153943
0.00873107701418242 0.0330400423249336 -0.110045978227301 0.275206381884449
0.0175996010766909 0.0202288405510363 0.0731419442854363 0.238108111003621
0.0249394950978201 0.00842680444490005 0.132441846644764 0.136633620468229
0.00990994663430389 0.00342892860973266 0.157966064284443 0.053184807308835
-0.00126002128419356 0.00758774417555151 0.184892568445029 0.0161316624299284
-0.0181713706551631 0.00778265614443205 0.211125390344136 0.0581163466986712
-0.0175890632590485 -0.0097754023376801 0.161746127092091 0.181654639198233
-0.000638875708336826 -0.0250262700316769 0.00964912358670632 0.279605782247592
0.0348947389491686 -0.0470059027511274 -0.110450898400689 0.290014166154771
0.0873653210948968 -0.00345073978699362 -0.192383565374322 0.285887131110982
0.10082286579161 0.085409127236491 -0.0930278101492572 0.413976853243105
0.116991515590922 0.13048595614075 0.0190624556527653 0.234620914828346
0.0894616373180964 -0.00447908904111065 0.118600312228411 -0.0871018740460172
0.0251062333454588 -0.0419267943923606 -0.147351052534064 -0.179191901445281
-5.93656262328321E-05 -0.0202191877270658 -0.30288864116212 0.041163232307014
-0.00351962940806233 -0.0390905427226243 -0.142684096726197 0.272089669686252
-0.0280934922856253 -0.0308348037835916 0.0540328863054566 0.249690033356984
-0.0313622291672837 -0.0125452655404368 0.126538543836191 0.141004153696102
-0.0470066590626947 -0.0141294771900141 0.149960144474631 0.0508930892315334
-0.0564123137896489 -0.0222748187369871 0.169491354887666 0.00110979956511411
-0.0698222336932484 -0.0583032595328861 0.206113056680729 0.0199271575070431
-0.016056179399056 -0.101040926213391 0.193683150120601 0.129519091793386
0.0721319602202105 -0.083561742664734 0.0643191323942125 0.256165663098165
0.148222662493837 -0.0162947546696354 -0.0600268504908476 0.296753980369896
0.161568462573913 0.118707865530514 -0.149415447129711 0.284066688611977
0.109590461534026 0.24208852711118 -0.0817874010258845 0.366139443052744
0.0977989412313705 0.260738541116051 -0.00800271051643457 0.16658886338672
0.150927655179486 0.103300839201831 0.128140624176669 -0.10583279345394
0.131833052300867 -0.0143523893195819 -0.127641017384357 -0.242490423367733
0.0649345013677761 -0.0822740288801225 -0.32299082508079 -0.0160895453938811
-0.00235871438730267 -0.119517789769378 -0.18676059158514 0.237922671647933
-0.0706038187699182 -0.0903710871175092 0.0129613411900967 0.24236078708626
-0.0863140437267195 -0.0392765485751109 0.0965980550975918 0.139954782074717
-0.0979262006228123 -0.0288201628983311 0.120449514090338 0.0439100388923459
-0.104193905556451 -0.0421306082078015 0.131479874763625 -0.0212219873390169
-0.1189828346907 -0.103694775074745 0.176823231456151 -0.0343450790824513
-0.039548249592126 -0.175045318367572 0.21286263710323 0.043454721468476
0.10048659596036 -0.157183922077916 0.138870084304365 0.198446158271218
0.241725767270836 -0.0401950680873648 0.0151368598476424 0.288023346050593
0.246825240521815 0.186923040003205 -0.101874659088574 0.274736341855438
0.13156913781946 0.349591573238866 -0.0698633600184058 0.282022558062794
0.0481609699899159 0.356864756941034 -0.0176407653291345 0.0517529965517558
0.176462294091204 0.222063604711229 0.140296182893715 -0.14426198828791
0.227902699780875 0.0485831873850977 -0.0835786169021511 -0.310490103847433
0.149094088791188 -0.121425528307706 -0.312205753982489 -0.10424357365621
0.0168469183347334 -0.189684553837233 -0.225276983303268 0.160611691047824
-0.0987812433811815 -0.148288384937736 -0.0464875956732687 0.205607747226668
-0.129203855022079 -0.0658512331349488 0.0440017569182291 0.126119617900766
-0.133651271949296 -0.0384336071735243 0.0718573933558467 0.0311100392234846
-0.134742559872759 -0.0513124745600198 0.077920436915525 -0.0432399326261346
-0.151627592846527 -0.123823014108544 0.12672282805851 -0.0873579275381578
-0.0703652565461513 -0.216645960983731 0.202238079724237 -0.051748193469139
0.0928643335023512 -0.21594030663007 0.193994269764779 0.112445601626047
0.28880858641258 -0.0867605671506205 0.0853169793218392 0.249770137516867
0.304809900768339 0.203055121791639 -0.0653955766429499 0.252470587997893
0.147967760518244 0.397287601155336 -0.0689434379606708 0.174171378828507
-0.0140020539643189 0.389338137873991 -0.00702759703331979 -0.0928287094806299
0.148997285509468 0.311521627329078 0.151394181909116 -0.194896977476333
0.270187613289523 0.128339183511231 -0.0175616619983256 -0.35797441667655
0.217066825409838 -0.118102558138578 -0.25321935889503 -0.197285921545016
0.0475105646812173 -0.22491573122332 -0.239118831739822 0.0463669184189337
-0.103538374541411 -0.185275938573331 -0.109245864982393 0.13749891136388
-0.150971275408393 -0.0844335550849908 -0.0229838113694184 0.0990605193929437
-0.150167193622038 -0.0415394286257326 0.013593441924954 0.0149700961671045
-0.14577841597448 -0.0511916700561444 0.0182753833623137 -0.061425483671544
-0.160711361494514 -0.125702159644075 0.067848245953982 -0.127086286597234
-0.0851967361304575 -0.224461294695309 0.167661361621096 -0.130835180191157
0.0762807553422901 -0.232998889180996 0.21715416093762 0.0261609460075584
0.287371587760121 -0.107161995732983 0.128494639775616 0.197143011429878
0.303043117691705 0.195272868896522 -0.0461812524476401 0.220810250644191
0.133903443562044 0.385682345689328 -0.0770104970129556 0.0591508118524971
-0.0675007034145698 0.346219545093254 0.0216628262463895 -0.236784895048549
0.0819237221223438 0.326201603351461 0.165369907401214 -0.243028103977796
0.234356232114694 0.179029882277104 0.0542570146296653 -0.366668359427288
0.230038837991834 -0.0777363596453215 -0.157823302652178 -0.263364012772912
0.0688919230445561 -0.207219760688998 -0.219069052274017 -0.0720729569976512
-0.0874606698069193 -0.186591015804174 -0.161851489829648 0.0535698777646115
-0.144587615503376 -0.0890909038656642 -0.0912931382990405 0.0624965954808088
-0.142860138005703 -0.0402372961410072 -0.0455405652656864 -0.00297797024349357
-0.137636601364177 -0.044908557393758 -0.03944351604319 -0.0769513600666194
-0.144994019653671 -0.114432130285675 0.0137444288614427 -0.155542677865365
-0.0763001779846482 -0.205143168720792 0.127990815037607 -0.184814853038119
0.0709458860869741 -0.210564210975847 0.219037950916173 -0.0376355689239863
0.254966576743329 -0.0835724535094821 0.146085623422299 0.148904763135926
0.247037602627376 0.186553411269664 -0.0393350481063719 0.183880635139879
0.0860635803812022 0.329239596967399 -0.0833757109298023 -0.0456258790519998
-0.0934792476467892 0.235640091430782 0.0513256456939056 -0.347441691005185
0.011082131099591 0.257358139422792 0.176035220373795 -0.273247317209031
0.14843302562118 0.167215779805838 0.108820592272116 -0.34339181415948
0.179258286637408 -0.0324384057659953 -0.0658536636124127 -0.289717886208707
0.0653988284584556 -0.148312621659614 -0.183137338553664 -0.160949960202657
-0.0586720383558232 -0.148530944114362 -0.195779025295356 -0.0213342102559442
-0.113089685600261 -0.0760539726363156 -0.148765374466906 0.0260543787243893
-0.113616100869953 -0.0331541772247934 -0.095651833119045 -0.0211016914413776
-0.112689565342 -0.0353110440213677 -0.0866222554877579 -0.0919439946626629
-0.113521599936587 -0.0939257946025086 -0.0263001630292592 -0.176552168192844
-0.0510396124739598 -0.167260972433281 0.0996162533764492 -0.216073315094147
0.0748320898148717 -0.164228616517889 0.217750518298569 -0.0750105394667293
0.206747532272452 -0.032513254816746 0.150332390454231 0.115704197901841
0.158368190007396 0.176739251679259 -0.0341482451382601 0.148631546300848
0.0151211105667287 0.241970538387101 -0.0759776267082671 -0.129419811960402
-0.0926382935505134 0.085010606064383 0.0684170963387642 -0.403248390749499
-0.0421281075685806 0.13471901813405 0.175135551200083 -0.281631428045199
0.0513360309902848 0.104211512288629 0.132906689103401 -0.311556612331406
0.0912771539296763 0.000936681524759402 -0.0109630182756194 -0.292010918186404
0.0408348143059094 -0.0700233027586611 -0.159852241329884 -0.20436048029817
-0.0249676771264808 -0.0854060811392265 -0.21306204117285 -0.066858666567311
-0.0633086128359564 -0.048736267264677 -0.183382648385395 0.000526598393564149
-0.0683101119192395 -0.0218530802286159 -0.129857397059681 -0.0356466547554724
-0.0744281047523851 -0.0219925649550739 -0.117031703030936 -0.106208186463516
-0.0727123263970412 -0.0631275222097978 -0.0483672485421589 -0.195154365806417
-0.0226158979148349 -0.116589466352134 0.087981704772878 -0.235360284915288
0.0735392177479306 -0.10717144343848 0.223204400340651 -0.0887517581133364
0.147248655384036 0.0200062232931435 0.152847186890131 0.100806972586563
0.0606153939515854 0.149937079140479 -0.0293258034941107 0.120939093178623
-0.0557766403749143 0.12952011584478 -0.0524259650578811 -0.183294399738557
0.0949186231370831 -0.0105362913205717 0.0599935151430406 0.239273251605038
0.00810663419370893 -0.0753415045216353 0.108390528897397 -0.0867789015311793
-0.061052644747492 -0.0328696127140232 -0.145120176507203 -0.128228887840104
-0.0316350253570341 0.0399748489881845 -0.260399243224885 0.0710520129546843
0.00900957099139976 0.0299076712039549 -0.0952094908280528 0.259992211892972
0.0177430565332081 0.018316830302022 0.0765014429854618 0.220465410098207
0.0233047213894256 0.00619757347128542 0.128932388159244 0.125321714528339
0.00906651189017315 0.0026246334872342 0.149230883629482 0.0455182064999341
-0.00124629600662188 0.00756208612428217 0.173261209099713 0.00956790610139107
-0.0172657012493912 0.00821084272196871 0.199239798806689 0.0474915724020932
-0.0166740684491828 -0.00843903039143287 0.157471436161754 0.16640397810591
-0.000993268972283922 -0.0239277041450142 0.0168499033795491 0.263725189169493
0.0311276176498918 -0.0446125459042665 -0.0958583285350911 0.273254419506748
0.0801417625717266 -0.00481935500232831 -0.175387613668075 0.272776915987763
0.0970711028528521 0.0769942493466184 -0.0758200816209659 0.388794505955127
0.113817799319533 0.117133456909444 0.0278971115316053 0.221012720186392
0.0829154663803387 -0.00742232057202967 0.111788546612421 -0.0845153935086162
0.0219476857231889 -0.0397671790384342 -0.142236525869769 -0.166227614987427
0.000586200823231077 -0.0192852458613316 -0.284718522148597 0.0464863427253174
-0.00497231029928547 -0.0366955299591321 -0.125394465752005 0.258282340725146
-0.0276480560205541 -0.0271241361652106 0.0586649335834213 0.23139181464565
-0.0294556876750039 -0.0119070873070594 0.122502780183006 0.129810384983978
-0.0447694129812612 -0.0119547957233883 0.140496310859611 0.0441776196814782
-0.0548900729259479 -0.018720063737826 0.156786681082828 -0.00304737573546163
-0.0679335518138295 -0.0517169404276083 0.192267840027011 0.0125110335047585
-0.0184713306830904 -0.0939953858366558 0.183962250428613 0.11499331556658
0.0653112011787846 -0.0806676068363169 0.0684941032634122 0.2397908817767
0.13781631161359 -0.0192062830254428 -0.0490615803239494 0.279471743908895
0.153342585235547 0.106776333048045 -0.13505811484213 0.269758475339998
0.109280095860003 0.223188540479357 -0.0660004719756234 0.345323288434102
0.100206988728053 0.239439652220756 0.000851757963533552 0.158511571751219
0.14386507426302 0.0912366207207085 0.120558347540365 -0.101593027988657
0.122545091476116 -0.017291357019621 -0.125714098501023 -0.225453690270524
0.0594123142247945 -0.0784410418032017 -0.303926824107201 -0.00856516671193032
-0.00654643418429854 -0.111659203434755 -0.168241283573961 0.227402637056163
-0.0695268341414837 -0.0812334830582997 0.0194431524338457 0.225914683306675
-0.0815494325112308 -0.0340404890758422 0.0937409907941597 0.127741497663122
-0.0917045317594552 -0.0242751922978418 0.112688257028865 0.0374881311832458
-0.098927882235237 -0.0363726648132124 0.120738755838585 -0.0225653869083868
-0.115074899490785 -0.0927359029389081 0.162557569701198 -0.0385381019167353
-0.0434715778676849 -0.16209938251313 0.198270208887588 0.0329779497551931
0.090073870563627 -0.150804145786249 0.13577700106168 0.184017149184862
0.224237963651693 -0.0443947868384485 0.0217714348070638 0.270124700277772
0.235333099373717 0.166878963352399 -0.0900333963630797 0.261274248169206
0.134120709326938 0.323789960547642 -0.0569704240828018 0.266004296541547
0.0571471238148901 0.331135301130943 -0.012700747326306 0.0514816924190905
0.171413818078851 0.20190396356855 0.130883229382937 -0.137034543498464
0.214194011563531 0.0389588514836536 -0.0863818520397989 -0.290585716821226
0.136357777949832 -0.117294755029574 -0.296519521497525 -0.0910977968330907
0.00897068458215088 -0.178545705646944 -0.207437567793497 0.156246721945362
-0.0978540135234283 -0.134283384617997 -0.0374632474830033 0.193207274958864
-0.122599505798708 -0.0569777340667197 0.0448806971295065 0.116549713748146
-0.125754477319841 -0.0311741840597249 0.0673242633171233 0.0278090676826493
-0.127737342631631 -0.0433300438981877 0.0697806482054358 -0.0412328392712779
-0.147215503044631 -0.110134740771344 0.114689185537378 -0.0857916754635497
-0.0749575502935313 -0.1991351696011 0.186173978582442 -0.0567295807263683
0.0808157320786255 -0.204126022945494 0.185917482069507 0.102112443383043
0.267001745900933 -0.0896227653606637 0.0868454001803781 0.234117331373605
0.291247483308869 0.17985166501035 -0.0556761249524151 0.240380258206659
0.150303834257923 0.367684457907627 -0.0575705896796126 0.164740149805766
-0.000541495131390195 0.365285169079539 -0.00752642317197839 -0.0842682920679215
0.149517139874289 0.286703854455772 0.139605175187393 -0.183750718279624
0.255115070707045 0.111722697507413 -0.0253153949612768 -0.335837932570382
0.2001546668032 -0.117224188808763 -0.243406633307288 -0.179681161568688
0.0365607431113936 -0.211253862724613 -0.223766227231454 0.0500093776110774
-0.104969088318139 -0.169218119531253 -0.0992266366156198 0.132012556975832
-0.143938159361867 -0.073746818321477 -0.018749018538828 0.0929208606503801
-0.140620763365693 -0.03451768479615 0.0124826714041817 0.0144862017722105
-0.13826842105816 -0.0426129940415609 0.0135873586605597 -0.0568124776841467
-0.15509560453694 -0.111663826139049 0.0579941065432835 -0.121007326231159
-0.088604377896363 -0.206041948184305 0.150195281567735 -0.130559371022723
0.0642938250989379 -0.22006607339343 0.205005223495689 0.0195710962318848
0.263622911903445 -0.108244943587617 0.126606884063127 0.183978619847812
0.290161662601065 0.172132307286525 -0.0374094407996277 0.210757639920312
0.137171713286633 0.357934161339219 -0.0694572152176995 0.0578282979419719
-0.0525588854267319 0.324999272368123 0.0142762518763866 -0.220325935331329
0.0870941616161734 0.302625737778623 0.150282196256899 -0.229259417118409
0.223742671766431 0.161415493505309 0.0412337981119716 -0.345052025537802
0.213867221195557 -0.0795228891340979 -0.155600105417235 -0.244720105070733
0.0574320775804051 -0.19553215228904 -0.209342044257 -0.0613646334354492
-0.0896555930835349 -0.17007374450678 -0.150776477644414 0.0560440591360071
-0.138454646171161 -0.0781223478566406 -0.0838670502244784 0.0608908811153057
-0.134085152261156 -0.0328693332569378 -0.0428127737365915 -0.00101494065184406
-0.129536936802759 -0.0373467050790885 -0.0408778007139152 -0.069280162040729
-0.140060428039429 -0.102194174657789 0.00698673071293458 -0.145544509291121
-0.0793379502486151 -0.189143154572289 0.111532937538397 -0.178668817893586
0.0595480201791502 -0.199279977177328 0.204195716478642 -0.040428829676482
0.234538236345017 -0.0855090552984147 0.141977108122333 0.137789131924557
0.237009532347985 0.166391812753563 -0.0307576206954357 0.175944298517631
0.0900524474633769 0.30685966883857 -0.078824705947589 -0.0401882488768479
-0.0790478858342267 0.222448059201787 0.0388068200546443 -0.324631375021595
0.018181389875567 0.240416751001983 0.159767783033349 -0.25874553933267
0.142854241142933 0.152892416982668 0.0929438692121525 -0.323539871066505
0.167071464817193 -0.0361605460289231 -0.0695410124309768 -0.271381473323474
0.0563959615167469 -0.141222012894467 -0.178640728661191 -0.145764948385126
-0.0617438760713142 -0.135967523013117 -0.185853121318135 -0.0138468355838189
-0.108282709191467 -0.0665344304034035 -0.138716072048253 0.028974880480332
-0.106096723996291 -0.0276895968386039 -0.0902937874322181 -0.0165361807105335
-0.105564296609909 -0.0285258570132828 -0.0842419988290998 -0.0822158577023859
-0.109474556768311 -0.0838965552277519 -0.030460231090224 -0.16526605636797
-0.0538587945480656 -0.154848081901907 0.0846370917129403 -0.207301770270563
0.0650167857088179 -0.155646510005392 0.202437322546194 -0.0756107153979513
0.191333165287034 -0.0352223258211115 0.144555818120051 0.107363011855939
0.153384784240546 0.159559620145067 -0.0266734255942789 0.141797895508033
0.0205587606196717 0.225841569398765 -0.0754838440246283 -0.11823850920183
-0.0831245241287099 0.0818597089434572 0.0512281399181893 -0.379050877732223
-0.0343793275304403 0.127187277092489 0.157088188315527 -0.267293570306124
0.0502544347841905 0.0964019596393872 0.116869981946893 -0.294576374984485
0.0859328869506966 -0.00164539056604543 -0.0185696330071914 -0.275010172470907
0.0363061446019986 -0.0664855569445232 -0.157543726016314 -0.18709111823302
-0.0270180089013691 -0.0780439046382779 -0.203522021578257 -0.0554308869908077
-0.0609493923925509 -0.0431667089090739 -0.172200763445777 0.00604917687192468
-0.063712067331021 -0.0184020194066012 -0.123037921011545 -0.0295621839903818
-0.068936105361676 -0.0178308584726141 -0.113221978779569 -0.0951710823356697
-0.0698690227552061 -0.0565681802898228 -0.0516965666439445 -0.18175218355082
-0.0263077104393919 -0.108344839017174 0.0739021046694143 -0.224228853948601
0.0657582394082403 -0.103076921254281 0.206674655669888 -0.0888438599013097
0.137722667455751 0.0149715254255455 0.146026055050116 0.0929054056346962
0.0608889338617928 0.137810216136309 -0.0231871469940782 0.115075499921242
-0.0498700712117487 0.122574931180961 -0.0554698653332185 -0.170280612363737
0.0898954941657785 -0.0101712668562808 0.0580958042821029 0.229601794536611
0.00794624686358204 -0.0719759250370195 0.107498848615789 -0.0827425468862868
-0.0574912206431108 -0.0319339571165961 -0.136370400332425 -0.126189114259
-0.029799826735438 0.0371251646212566 -0.251439548672308 0.0655520843428436
0.00838850545800737 0.0281573979572664 -0.0932256735869672 0.246230388235926
0.0173237653093998 0.0186436180897944 0.070865177705164 0.210554058986205
0.022019888213988 0.00546010141373261 0.121553888277556 0.122077455709383
0.00794000258270826 0.00237959401020712 0.141793824605174 0.0461401144493143
-0.00217796051689119 0.00700972762360319 0.164720499002949 0.0118045232793477
-0.0169779869961651 0.00734662209840971 0.188575152527838 0.047642181565067
-0.0151175848157668 -0.00863176989979482 0.148828487006005 0.160690376537238
-0.000221505177637117 -0.0235827555108228 0.0136607782275089 0.252794140187023
0.0298710166341124 -0.041257351025493 -0.0970126031756154 0.257768411481462
0.075688829693174 -0.00242599589347167 -0.173258875594515 0.256600514656859
0.0909594477496625 0.0742865056749349 -0.0787109659757781 0.369510387825387
0.107485465769801 0.111347822432997 0.0270362517422434 0.211902848599813
0.0788092592771899 -0.00674434274342625 0.111567612005183 -0.079730371361225
0.021511652567155 -0.0372149898300752 -0.132956598905734 -0.162101047001844
0.00162058620455582 -0.0185987130978688 -0.273985710079898 0.0402559668081407
-0.00481887619298947 -0.0354602317667595 -0.123093680472299 0.244139548209401
-0.0257155985399431 -0.0255583912619839 0.0535932605748438 0.221111609808228
-0.0276678798701334 -0.0121133607526251 0.115595260205493 0.125370129470729
-0.0424168058735922 -0.0121641244020578 0.133281335691594 0.0438585999709422
-0.0530036096545011 -0.018270338883599 0.148745958113582 -0.000946401035482765
-0.0648189820314835 -0.0497079256882437 0.181355526052288 0.0127176324149825
-0.0169803049534963 -0.0900750514011215 0.173928187595521 0.111199572999761
0.0639271992828499 -0.0765627921192715 0.0625204603737479 0.231299370542474
0.130609518522215 -0.0161392952921743 -0.0505404392382812 0.265406537165114
0.143585368038707 0.104613939291588 -0.134760261552668 0.256016401013557
0.101403225858141 0.214402358315578 -0.0664781064045772 0.327855580879424
0.0941000798009427 0.227557357735211 0.00171942381337804 0.152766847512782
0.13515785877766 0.0876457629197516 0.120131654778842 -0.0944460493123991
0.116410254030898 -0.0148241855436007 -0.116179098597126 -0.218852896813102
0.0577893641616648 -0.0740549641816953 -0.2913170379362 -0.0126810996454082
-0.00584083386006626 -0.106741902619767 -0.163402822535734 0.215066428592727
-0.0657724647227548 -0.0770587530333692 0.0162599992199713 0.215561848299994
-0.0767668710908817 -0.0335187168527323 0.0877280403612951 0.122872597669421
-0.0873325737436368 -0.0239711578726106 0.106350151634636 0.0378340859588631
-0.0948638696356068 -0.0353289043648731 0.113849620535191 -0.0195715567310041
-0.10982224258441 -0.0886670223005227 0.154073976864248 -0.0344940452585843
-0.0406899238226933 -0.154165178792206 0.187894705466835 0.0323113846265452
0.0877706777995208 -0.142711079524846 0.12767538871111 0.179185035276279
0.213566719059391 -0.0398863029055868 0.0168928456499868 0.259419758471063
0.22170002337915 0.161684015169294 -0.0905023271570573 0.248855551027842
0.123898756355094 0.311583456919032 -0.0561283942875328 0.252579218038142
0.0519054341249098 0.313882649300547 -0.0106513673385681 0.0512854096125268
0.160432655769877 0.193030377061776 0.129703065941129 -0.126280264344781
0.203252256801208 0.0400515211288949 -0.0778494652215436 -0.279680329128921
0.131695337055207 -0.110865730620037 -0.281981378267121 -0.0922981959226617
0.00917917442710644 -0.1698792146298 -0.200880809263233 0.146186255189651
-0.0934815312731204 -0.127890364637027 -0.037482799858647 0.184074666802271
-0.115958638851415 -0.0550517256114079 0.0408208198285223 0.110631261235967
-0.11872344557669 -0.0314727419420357 0.0638072718801203 0.0278358471480551
-0.121766226908497 -0.0422368781298846 0.0657071987726432 -0.0375488478736735
-0.14026142366058 -0.105903286517067 0.108459240093302 -0.0808043002392462
-0.0701613203297646 -0.189698997391899 0.175398454251259 -0.0539723942780463
0.0787658260171493 -0.194184121215384 0.176726139779953 0.101164039155905
0.254275790099428 -0.0828229061932595 0.0798442236718998 0.226778109161406
0.274084371475763 0.173361598804183 -0.0562810862537357 0.230376574723223
0.139291679268119 0.354225522357681 -0.0559814067093324 0.156563422736886
-0.0039781770260879 0.345516179019648 -0.00466640154902212 -0.0780925258424408
0.139872985259242 0.273727425341734 0.138343001211633 -0.170495261440626
0.241238285046724 0.111071091004409 -0.0189047658329091 -0.320631082454778
0.192279457031609 -0.109370493779452 -0.230665562559599 -0.17634508574495
0.0360438999476419 -0.200809612713744 -0.215912910922333 0.0452427966852962
-0.100116962571203 -0.159969117218367 -0.0961771615763759 0.125785283136548
-0.136096359206893 -0.0714349225559892 -0.0183463900824998 0.0879998898180253
-0.13236000421524 -0.0340753372293775 0.0113538657681181 0.0140944335032564
-0.130883356964025 -0.0415640275442308 0.0115732546771909 -0.0522411749047988
-0.1484911629982 -0.106987293354618 0.0549524360056379 -0.115096432831147
-0.084540736554542 -0.196135853741251 0.141694935989505 -0.12461394582248
0.0627027775531211 -0.20902647401777 0.195534445513246 0.0228101696007379
0.250462781304688 -0.100191856996657 0.119749675435398 0.179797988939208
0.274571962987463 0.16653452667546 -0.0379781045108221 0.20236039111284
0.1278085614058 0.342812119118888 -0.0661229890657208 0.0540178145090807
-0.0530789750335419 0.308012664704429 0.0178553382626141 -0.20704409978017
0.0793214542772887 0.288395592940629 0.148207092458866 -0.213442293611313
0.210774450517839 0.157477463360092 0.0445320143185009 -0.328327157014091
0.204682625627509 -0.0739601609379237 -0.145392969861404 -0.236696280889494
0.0559863915383863 -0.186225965778891 -0.201016755426603 -0.0611599873954973
-0.0856084651799294 -0.161103024408378 -0.145337257682736 0.052809876998059
-0.131341977645651 -0.0749816903721207 -0.080489494492765 0.057329673205023
-0.125593788984862 -0.0329804624865839 -0.0414385174021647 -0.00141786922037701
-0.122639531618212 -0.035821888444579 -0.0387825112795339 -0.0654610011503004
-0.133184532301906 -0.0980234399587687 0.0070772975680147 -0.138621478039391
-0.0751249829064039 -0.179149008929181 0.106214950503567 -0.170966608884784
0.0591798629475802 -0.189176435779597 0.195941231689016 -0.0355202434861721
0.222489022389508 -0.0778208485975289 0.134502597453642 0.135595315116307
0.223739389174711 0.160317574063968 -0.0308363350867402 0.169212547937945
0.0826495628020535 0.293368054796036 -0.0743288378734562 -0.038921901352052
-0.0772177959867959 0.210028619783242 0.0419501870859291 -0.307540844148507
0.0153451662040332 0.22898962030856 0.156370271336514 -0.241865299707093
0.134243125849628 0.148218287917431 0.0934668116403932 -0.307054286704361
0.159792536079856 -0.0325738291019394 -0.0623191226722891 -0.260793929018842
0.0547267743460013 -0.134304553056687 -0.170462037004376 -0.140902007323773
-0.0590892949415834 -0.128448033125326 -0.178206661675165 -0.0131528641368466
-0.103096757804005 -0.0641921489438895 -0.132129808212567 0.0272296400346868
-0.0994448816193673 -0.0277944101580133 -0.0864316736908547 -0.0169720092000472
-0.0989338220146878 -0.0282723315373192 -0.0803095915959456 -0.0780120796073709
-0.103589735337235 -0.0805723991610438 -0.0281759397290866 -0.157897351589954
-0.0512491957498606 -0.146675093465119 0.0810662123908048 -0.198221232483267
0.0637101936487259 -0.147548767755866 0.193704438474965 -0.0686943406981398
0.182047117363549 -0.0305792794195564 0.136698046024294 0.106242837250012
0.144197293508872 0.152662752940804 -0.0265519136538156 0.136337964712146
0.0163727818287537 0.21560625619943 -0.0706935868843188 -0.113760238810699
-0.0797433910567448 0.0761076567350549 0.054611931906632 -0.358535422843116
-0.0330539884422222 0.120068321671204 0.154586395490311 -0.251366582088858
0.0467773448410491 0.0932086394133491 0.115642419254724 -0.279061445990344
0.0821161617195888 -0.00115244192430934 -0.0133212544912023 -0.263477445607379
0.0351390576427554 -0.0632691259827866 -0.149472435741608 -0.180359330682721
-0.0262148879533952 -0.0733439409666863 -0.195322263808006 -0.0538919804075073
-0.0583522393375017 -0.041474771141471 -0.164346851086774 0.00523855033561967
-0.0590542881383837 -0.0183449313756212 -0.116928140554961 -0.0298208146397934
-0.0639960905765204 -0.0176308167249384 -0.107444635050955 -0.0910289980196289
-0.0656783070582525 -0.0539199935635623 -0.0481476466462542 -0.17429605263269
-0.0246704044389197 -0.103272168969671 0.0713921161150525 -0.213306552691321
0.0634217432240872 -0.0976849415494019 0.198093586405973 -0.0821396749805281
0.130831490978511 0.0166040024498237 0.137959992319257 0.0922287104286798
0.056186854347901 0.13156933739963 -0.022615391336766 0.11038339249005
-0.0494773203163918 0.116182002606466 -0.0519026852936279 -0.162543498741077
0.088901634809848 0.00183210954273815 0.0236699316659485 0.240980079086206
0.0190883973411928 -0.068356913615027 0.12455608613494 -0.0634536689091313
-0.049780116211298 -0.0398336912856642 -0.110850259890768 -0.147539060637395
-0.0348417090253296 0.0291500053022032 -0.254918648075969 0.0248635064534206
0.00128079926325482 0.0280113122826416 -0.129116644507388 0.225049308212963
0.0149074237636148 0.0202312899779652 0.0365373199823813 0.217750530728439
0.0211130963960081 0.00831963221821012 0.102580412065663 0.138964798749201
0.00836257101256698 0.00302272980551875 0.131017880956541 0.0692874968810649
-0.00254047814519782 0.00587423689288 0.159871938686811 0.0391142105942234
-0.0162377260676353 0.00372703416258377 0.176349583131086 0.0778392010470403
-0.00950787887139608 -0.0111704139711182 0.117502886972542 0.184459291952885
0.00765649864082099 -0.0229125650358396 -0.0306418169370935 0.253275526724305
0.0385221912618378 -0.0300008488860572 -0.141178352516565 0.233346996577041
0.07488002913125 0.0151783669688971 -0.217443539247093 0.218771171914841
0.0795962022396517 0.0904310668108755 -0.145369320160343 0.347861922149516
0.0882347167049028 0.122065789399301 -0.0123546131591708 0.216179559811991
0.0768233402949867 0.0062358850756695 0.123727903022786 -0.0579217113825301
0.027459448535722 -0.0323369157739812 -0.104405375507708 -0.179442062749421
0.00524296552384276 -0.0189209509375988 -0.271849309356746 0.000362221686634231
-0.000397197545719891 -0.035325684663152 -0.155575868210005 0.220336612213365
-0.0201881932191829 -0.0293761766506564 0.0201086344345766 0.224999471909462
-0.0247669285835384 -0.0169455993532667 0.0955070444382907 0.141199838978575
-0.038790654248956 -0.0197263535271193 0.121936459102837 0.0658128715229933
-0.04730681795245 -0.0280813002098624 0.145113011283414 0.0253503910602952
-0.0539892822979413 -0.0595973510267013 0.173692380560802 0.0435042656064839
0.00125713496836659 -0.089519207971359 0.148777486128245 0.139354096834414
0.0788206611572515 -0.063677593597607 0.0204663844738357 0.241065488201736
0.132273962890286 0.0101511287927366 -0.0982156459031635 0.248475094704814
0.122517910553649 0.129198456708655 -0.177333606092951 0.22213297569149
0.0647096460332401 0.228041634567006 -0.123631263048869 0.308738250721662
0.0584231539826294 0.232752304468332 -0.0361872385470729 0.149048776416792
0.116673172956331 0.106877161520181 0.129213889133749 -0.0702019398571278
0.11531432867721 0.00499684359813597 -0.083832341814031 -0.227795405855726
0.0694793550755103 -0.0627268879702167 -0.282650458617095 -0.0511221492337027
0.0105840353645176 -0.104481815018239 -0.189792071455659 0.188436907615009
-0.0509156178814794 -0.0855979325653369 -0.0128804132459635 0.214818758605504
-0.0692344479670665 -0.0465278460965911 0.0693031067342769 0.135115864032951
-0.0801523169352722 -0.0385275469463947 0.0968962451068188 0.0550211878563851
-0.084587139879527 -0.0509110823165925 0.113610734762766 0.00245003540039853
-0.091737930683799 -0.103891547012956 0.152965125514201 -0.00647243648474892
-0.011865375614647 -0.155511569128359 0.174495111259701 0.0640004925938389
0.113564702464235 -0.124846639754669 0.0926758463318613 0.20148618805885
0.216230119550475 0.000241876489316837 -0.0312670371176919 0.25418413359621
0.188339623263342 0.196806094901808 -0.131861128613834 0.221090947111325
0.0681675661269234 0.32570404272957 -0.0986133028452373 0.235803603397286
0.00479388046927551 0.311500986780332 -0.0370300616405373 0.0428587385968748
0.124233931557316 0.214019762067515 0.138620610948446 -0.101658403216904
0.190420573181626 0.07268528216453 -0.0428215853040308 -0.279449062108672
0.146972829665534 -0.0849786275898126 -0.264426271259858 -0.12431113892087
0.0365033355892542 -0.162211940982929 -0.215626888986102 0.118818845447063
-0.0698164414983868 -0.138125282555179 -0.0586764623442101 0.176769383166154
-0.10396554668657 -0.0735577955282245 0.0262168852368695 0.116960380581521
-0.109186642101729 -0.0511939890861788 0.0560163936889212 0.0377553595370071
-0.110615388962325 -0.0620785482077192 0.0690074694499903 -0.0234692115031988
-0.118926701615437 -0.125915546508456 0.116378287284678 -0.0582137112808666
-0.0361401083438796 -0.195257464641295 0.175735816933445 -0.0223118209677039
0.112239395882413 -0.176880705263024 0.153979582666909 0.132656226512696
0.262068594563723 -0.0358734339814526 0.0363225834202201 0.233489690053759
0.237227727865073 0.215774909853695 -0.0937015839649134 0.207859479573573
0.0746200172232143 0.369094758205278 -0.0810284139105562 0.140172767678619
-0.0540974510546815 0.334697551122288 -0.0125592817296652 -0.0885775560364426
0.0911952237953977 0.288396315796056 0.150461793678354 -0.145830870090545
0.216706132433741 0.147812316161452 0.0167332728993039 -0.31056008323048
0.205246570982582 -0.0728650440213178 -0.204030084244045 -0.197615870788686
0.068519998814666 -0.188087428174241 -0.216987542951663 0.0199867016088646
-0.0710445514485692 -0.170228598539169 -0.106792059099461 0.111629048159425
-0.12159397290385 -0.0916996528332578 -0.029510030895566 0.0861083327225724
-0.122013615098657 -0.0562293338841912 0.00801103796901254 0.0153911198380934
-0.119197843048511 -0.0616464825091453 0.0189695918019831 -0.0468617377645403
-0.126060937105489 -0.128386778075402 0.0701359491965707 -0.0999539445454717
-0.0495551810715132 -0.20355868110263 0.153991471074767 -0.0972402570928632
0.0980006047649929 -0.194412965710415 0.185983038116732 0.0596841426822537
0.261587928571772 -0.0545270061430879 0.0823394319881885 0.194934840509201
0.238140925938767 0.207611248763746 -0.0705088900403987 0.183828612298407
0.06403789732967 0.356312331175705 -0.0721152150036817 0.0373763967066207
-0.0957040375828936 0.29190616256363 0.0311056935353082 -0.214278280060061
0.030835124130472 0.294214426379512 0.167469605270985 -0.189133974541993
0.179846243519784 0.188681791172845 0.0790196375341146 -0.311143463612504
0.211803895427785 -0.0365221866209271 -0.113392825021182 -0.244788006476522
0.0857868872701155 -0.170219187680674 -0.188047311116089 -0.0805437806885983
-0.0577190325187556 -0.168600175611126 -0.144143070329719 0.0332447687486001
-0.116387060930513 -0.0951331047402542 -0.0854294151194683 0.0471832318933112
-0.115521331426363 -0.0537821505962315 -0.0404656869493891 -0.00851938020817785
-0.11153538464422 -0.0551097201662518 -0.0286636605716209 -0.0680293607329616
-0.114077038445301 -0.11757341058221 0.0274076500970131 -0.131974898333424
-0.0443112976822626 -0.186895645105789 0.127515078372214 -0.149166645798728
0.0899194522911492 -0.176117483721743 0.196587310773936 0.00185238024588789
0.230973081184699 -0.0380941974154924 0.105254932066174 0.155850793355445
0.189949771055716 0.193277177366545 -0.0564618832864652 0.154190315635727
0.0275954452654878 0.300364488828337 -0.0646120692876544 -0.0560056481303681
-0.105534384359615 0.193415434908926 0.0770201181327388 -0.306144755011551
-0.0213471160744579 0.225281164227462 0.183157562903622 -0.217824534738961
0.106899169490202 0.167368613625177 0.127520093297592 -0.284945674271338
0.161010406942122 -0.0036960538322793 -0.0275977821116674 -0.259265099395421
0.0757717748733339 -0.120194465065785 -0.146373555989305 -0.156436239787661
-0.0369446421462548 -0.132309031594281 -0.168426910379737 -0.0363366158919061
-0.0912653660093891 -0.0791167951410462 -0.132080979553192 0.00948113912190454
-0.0917234926220883 -0.0440834566516706 -0.0819504859009658 -0.031177183041408
-0.0903763894351108 -0.043424989293175 -0.0665328042582268 -0.0887583347277207
-0.0878969521137793 -0.0952626460862429 -0.00318225880527985 -0.157482569919563
-0.0266675200557241 -0.151708411793206 0.109398158326202 -0.180102936478033
0.0868204054121099 -0.135191525122169 0.201205509257939 -0.0320165465870122
0.183447151056227 9.81582381549325E-05 0.113766605959671 0.127202685090767
0.114231712249391 0.172943057770095 -0.0470239885762769 0.123913159650419
-0.0237162883338964 0.212487596979556 -0.0485513327380747 -0.127438673653656
-0.0878650318114329 0.0629330506823643 0.104862585137129 -0.351701225591212
-0.0506821583679521 0.111833738176959 0.187956212608025 -0.226667790286235
0.0305456114770403 0.0994133192419121 0.150406898749878 -0.256082491445574
0.0811127429446576 0.0134951275201806 0.0220508353716283 -0.257118612000203
0.0451021037056873 -0.0558809709545089 -0.119679379453163 -0.195489503333023
-0.0147506241527108 -0.0732414114278254 -0.18077300725651 -0.0798319502806083
-0.0512992154823407 -0.0491800366652804 -0.162462728175358 -0.0167800247715968
-0.0542236535605809 -0.0280268422531741 -0.110066388688858 -0.0489367892347335
-0.0593451527810888 -0.0267753415393529 -0.0906786432028074 -0.105640883584642
-0.0559980834483895 -0.0636156431529 -0.0190162763619341 -0.178209851365985
-0.00853114005770256 -0.105327067852306 0.103856441168264 -0.196639955690768
0.0779060046502947 -0.0872802349967291 0.208539032185867 -0.0457294895583104
0.126810304294503 0.0371789785562174 0.11841522036105 0.114008615963607
0.0334837886030069 0.136993966511507 -0.0384521623222709 0.101137120344735
-0.0716381176254459 0.104306010158158 -0.0224638740468076 -0.170615163223337
0.0897672932736052 0.00253977552511835 0.0259873474901621 0.245492541069318
0.0191232402717272 -0.0692724629564217 0.131433143140337 -0.0648755677431832
-0.0504431259286523 -0.0412536892590983 -0.111038343199095 -0.153473872443953
-0.0353399069867536 0.0293374650398779 -0.261888042704227 0.022915146318057
0.000900080883675683 0.0281881667712539 -0.135138762744695 0.228021294010132
0.0158519582110016 0.0210287507527461 0.0357704741484058 0.221698511389417
0.0214738828309869 0.00834775427387436 0.103995768549305 0.143394507304488
0.00805956296789796 0.00254260071837731 0.133464182152456 0.0723930394609344
-0.00278204193320844 0.0058147054943621 0.163461953166486 0.0417674461832627
-0.0171795048553409 0.00348376225106493 0.179193269244218 0.0805721046575915
-0.00960125773783013 -0.0116998323610717 0.11887826069985 0.189674301914411
0.00807045843789827 -0.0232448337273388 -0.0343718028751925 0.25923438451621
0.0393374573981708 -0.0287534341188526 -0.148730939028434 0.235229037565355
0.0754247416518077 0.0175354933619587 -0.227967749608167 0.220259586154893
0.0802845549073501 0.0928414621895148 -0.152822059439123 0.352410135683654
0.0887624225630035 0.124420394000045 -0.0109797750560818 0.221442243478509
0.0770947399591842 0.00702922045154116 0.131114363256874 -0.0581478608821964
0.0283278980066596 -0.0323693374386278 -0.104393001943424 -0.185877793104361
0.00547185514837401 -0.0194415093733329 -0.279181518679627 -0.00389904676642511
-0.000353013377960783 -0.0367036360873003 -0.16181647135821 0.223337997282583
-0.0201997422989597 -0.0298596242448415 0.018903347614693 0.230081040781454
-0.0255537472171268 -0.0175272548065105 0.0965652319960479 0.145560540023899
-0.0396813549062152 -0.0208345165784927 0.124291119702976 0.0686869837720578
-0.0484404939849086 -0.0286255907828349 0.148517025866465 0.0272330918377582
-0.0555459894802059 -0.0606359894963988 0.176242926315191 0.0464636456868374
0.00185650792378397 -0.0917448470999156 0.150492663411723 0.143910783885442
0.081199526712333 -0.0646212341604815 0.0189057321147237 0.247950226699993
0.134393809676941 0.0131732758776041 -0.1039682359937 0.25253573194386
0.122650458355689 0.133880578141709 -0.185951530027769 0.224596575754095
0.0640100523122702 0.234240003858166 -0.129894719023985 0.313344425279144
0.0576940906580774 0.236741502245848 -0.0342765025540244 0.15367700681844
0.11713288336661 0.109804432681964 0.138167352431908 -0.0691987510591386
0.117498809014098 0.00668612043826818 -0.0827096565365327 -0.235559366051076
0.0715871010931019 -0.0635403521818978 -0.289266955527576 -0.0563273818574555
0.0110719453186663 -0.106466162418967 -0.195972395915526 0.190602084750432
-0.0521095274130623 -0.0871693040870753 -0.01463622806621 0.21938034879251
-0.0708797556922863 -0.0470895294957976 0.0695784583922108 0.138926067260154
-0.0818527805888687 -0.0402201161420149 0.0982706398834055 0.0578238015274222
-0.0873086933404001 -0.0523351133240337 0.115547465174233 0.00398342749252996
-0.0940120658434735 -0.105889994087539 0.155797552017678 -0.00507462484480143
-0.0120019787768872 -0.158893451814113 0.175796945979398 0.0664302662138114
0.116580088429145 -0.126864574548271 0.0940145239196364 0.208723028909681
0.219841788314642 0.0029479544380503 -0.0349021227146614 0.260427351636906
0.189334561633104 0.203584183407501 -0.137723260135663 0.224450385096786
0.0673220120142498 0.335020796920327 -0.101578219136323 0.23923474532889
0.00231145854927687 0.31602934913725 -0.035426731722301 0.0453670415193533
0.124740913315964 0.218049607097896 0.147714669152271 -0.0996214901163983
0.193365202024996 0.0764777600574835 -0.0389944517062138 -0.287158246137046
0.150903184633233 -0.0860271012622726 -0.269917660896533 -0.131058692141117
0.0374848478764292 -0.16527938124255 -0.222419999855927 0.119591396936276
-0.071921640819895 -0.140304597973372 -0.0611539299432525 0.181091580515357
-0.106048147844536 -0.0751469364776523 0.0252043833814597 0.1192777302821
-0.110871116559794 -0.0533409809037695 0.056920970563195 0.0391859482485123
-0.112004195423677 -0.0635800981383473 0.0702175995639234 -0.0218499916051663
-0.122036463639408 -0.128392972110525 0.118420872271281 -0.0582977764268623
-0.0370024113831951 -0.19904601705868 0.177352854962847 -0.0220587813591972
0.115637760330553 -0.179769428066835 0.156845349570429 0.139899592615791
0.266757766676323 -0.0335548479015384 0.0351540710715519 0.241446736595742
0.239391641760989 0.222669397548959 -0.0982477667314877 0.212434569516263
0.0742125184031188 0.379443009494915 -0.0827788345629514 0.141446851849593
-0.0582269554180398 0.339107098250172 -0.00987224936048236 -0.0874622014196695
0.0898218933727786 0.294485628265596 0.160325357191677 -0.143687318794142
0.219474972912597 0.15389909094886 0.0220806787729776 -0.318224029315893
0.210827640614704 -0.0739087372354452 -0.205903972984549 -0.205442230974157
0.0697701345177489 -0.191718395185257 -0.222427839701436 0.0183270604769848
-0.0730079290990046 -0.171695182864952 -0.109922165471357 0.113821710835163
-0.123481105892244 -0.0940802650476527 -0.0303242144403326 0.0874534410153532
-0.123050295910152 -0.0584806576773151 0.00766881342355865 0.0164351777673436
-0.120684737401136 -0.06422310963015 0.019146440692709 -0.0460155269290218
-0.129879633488877 -0.131207544473285 0.0710985874323857 -0.101618287182138
-0.0509090716973083 -0.207719360209966 0.156626404121549 -0.0990034874403438
0.101164523423211 -0.198015571159771 0.190615811885971 0.0638787213778488
0.267033511099794 -0.0521602733080146 0.0836848697508082 0.202210361872549
0.240774291198886 0.213976541294072 -0.0731838972874475 0.188502994110215
0.0633662591301198 0.366181408616132 -0.0736631601645464 0.036390468746442
-0.100756110947789 0.295341832936311 0.0358424193875065 -0.215278798181476
0.029619835968593 0.299331962590123 0.176536752942572 -0.187406077506449
0.182109359313551 0.195603153871322 0.0850077749996085 -0.316483397503444
0.216656559371058 -0.0363403225597986 -0.11316830255073 -0.252968853452225
0.0874320195754725 -0.173663296684388 -0.191558776623708 -0.0842210818073304
-0.0591501484512881 -0.170478014103 -0.147729513363204 0.035034495966961
-0.119772549573464 -0.0966262304987933 -0.0876220209318898 0.0479326064710887
-0.116691918757721 -0.0562539052405469 -0.0419980398874378 -0.00886667850590023
-0.112678222372211 -0.0566973956687457 -0.0285611493383896 -0.0682511842614711
-0.116269032357823 -0.120109363255432 0.0280864220988484 -0.134468544414961
-0.0455568241739642 -0.190040627036899 0.128551166560804 -0.152404428607037
0.0924513259631024 -0.178771728697493 0.201662815904087 0.00492618440381339
0.234592920156468 -0.0358969038602324 0.107515139674461 0.163329092001531
0.191970997112102 0.198891946812155 -0.0585350733516541 0.157314186840645
0.0259862502078659 0.30842918016491 -0.0653889350459104 -0.0575527115086036
-0.109496439825578 0.195189187109794 0.082660243162548 -0.310846149876548
-0.023505550132717 0.228813823991523 0.192322629181678 -0.216189836428191
0.107875403517103 0.172814116382046 0.134522551170285 -0.289030554875636
0.165304379675093 -0.00317505772009258 -0.0253716096478387 -0.266164312240431
0.0776113679270702 -0.123140117837242 -0.149230847834396 -0.161379669182801
-0.038417584602709 -0.133745390898066 -0.172395222523366 -0.037590681463737
-0.0929154528319616 -0.0804387180003159 -0.136072533058265 0.0101074455580982
-0.0922381081498484 -0.0461225566517984 -0.0842467394368886 -0.0326913752589989
-0.0907604328809213 -0.0442212632412977 -0.0675485732288017 -0.0899464126328626
-0.0900709924824993 -0.0972713934819373 -0.00299019740075721 -0.160607262706667
-0.0275478521144233 -0.154842065557641 0.110514326835588 -0.183916019670949
0.0893037712357115 -0.137621043764386 0.206432800235488 -0.0302549879908915
0.18706759375306 0.00303396069408693 0.116792956785406 0.13405826454575
0.115057552521446 0.177634550619987 -0.0478307500518769 0.126856416009615
-0.0259880981482495 0.217685675216593 -0.0487011343865061 -0.130442217461813
-0.0895439365801907 0.062226710950982 0.111161934190596 -0.357142308477788
-0.0513357689323606 0.112642297351129 0.195296020061549 -0.227100611658697
0.0303258153406995 0.102664425011942 0.157909120152721 -0.259242192343408
0.0827067612368516 0.0137211207980017 0.0264461457546628 -0.263968313813567
0.0460774173859635 -0.0569888855886501 -0.12151704434175 -0.201045459959483
-0.0154813340278512 -0.0736689987703999 -0.185710998694968 -0.0813978792572406
-0.0527446905649556 -0.0500641721821301 -0.165705425628276 -0.0168915150368143
-0.0545390696100851 -0.0294009658125927 -0.112680811676599 -0.0511978718778696
-0.0590748016716842 -0.0274074343221912 -0.0916545352574708 -0.108388488373122
-0.0568652917971311 -0.0646584363702095 -0.0185311934458524 -0.181631730162785
-0.00937233286752786 -0.106969375134377 0.106694990724346 -0.201663926387255
0.0799523794074973 -0.0884044047894553 0.214082839407157 -0.0440513288696039
0.128918236322544 0.0402843901329414 0.120223198116426 0.120378292412137
0.0326217454065923 0.139860069944194 -0.0398683358009615 0.10348127941553
-0.074509871026725 0.106329710341447 -0.0224790336766803 -0.173871188526862
0.0917956253453589 -0.000903280628952266 0.0384510777191194 0.250865921217959
0.0175437724961973 -0.0717093827173573 0.136721372460996 -0.0734714674370423
-0.052736747920561 -0.0411256070787029 -0.11786534846134 -0.156307788455583
-0.0356806129050446 0.030729458419939 -0.270445713841324 0.031683351895134
0.00146528944121074 0.0284741468341305 -0.132554494738583 0.23870166732857
0.0182042333651771 0.0207605934219194 0.0441702346232903 0.225597277853491
0.0225020544112583 0.00791054179277793 0.112208471817565 0.145483643725789
0.00726127445190844 0.00199852442309646 0.140807621579739 0.0710331044144415
-0.00355379629972027 0.00573592204514026 0.170495727452108 0.0374911784266658
-0.0176665675163519 0.00481935969657022 0.187095289739812 0.0777429114866133
-0.0101943013500007 -0.0124404227469102 0.128125360591438 0.193874228651081
0.00765537695945085 -0.0248863381559151 -0.0279374900651923 0.269465692901849
0.0402590735321935 -0.0302461990180426 -0.148599545571383 0.245040018101766
0.0776355885089364 0.0171124386238167 -0.230637569825789 0.232299098910586
0.0852617833465061 0.0930454880586263 -0.145640882451611 0.365693765468819
0.0940224774378159 0.123464618775976 -0.000392453093623545 0.227873977063172
0.0790932159996084 0.00455937811078901 0.137817810842739 -0.0651532917051613
0.0273079202897812 -0.0340781037155732 -0.111302012083307 -0.189235630456495
0.00536177639588751 -0.0206898792587025 -0.288791259986977 0.00436748753395411
-0.00293054757345103 -0.0378691148200506 -0.160722133181431 0.234359445177799
-0.0215170766589836 -0.0296378461916307 0.0278581674611326 0.235220869316413
-0.02677562959319 -0.0174254229500118 0.104365453616242 0.14730099879514
-0.0419521447585805 -0.020465089022089 0.130922284660025 0.0675467458668287
-0.0519244809811462 -0.027782147535472 0.154667520188924 0.0245045889291501
-0.0599445302669425 -0.0601655708926603 0.182027351663517 0.0420516000307712
-0.00114835566038956 -0.0944865555713208 0.158668468312861 0.144174156737763
0.0815190816569302 -0.069814722013475 0.0271691862941329 0.25646541529198
0.138287731892342 0.0104065429616874 -0.100828821022731 0.26278925294261
0.129485692281035 0.135436287749654 -0.186253190869767 0.236992261381109
0.0729174454704244 0.239895098781017 -0.122949987659363 0.326005866445775
0.0660668969743105 0.239829345852235 -0.0261898049076581 0.160062877138382
0.123135713695838 0.108454882066337 0.144869240292757 -0.075477734736962
0.120591630883758 0.00376428551450218 -0.0909455869335511 -0.24173553390984
0.0713794767409573 -0.0679741756768039 -0.299784437256445 -0.0501191684059866
0.00656585530258626 -0.109977040522977 -0.196922035928868 0.201359761082737
-0.0566484027268234 -0.0869584864158227 -0.00755489611101405 0.225662859139154
-0.0741802659928483 -0.0459752326558015 0.075707635402633 0.140275827657926
-0.0854934664361511 -0.0392313666435143 0.103230475103137 0.0567759159901231
-0.0924351439576288 -0.050903199133731 0.119926761230214 0.00205945544050958
-0.102063541260978 -0.105417945861891 0.159349219915622 -0.0102792718676866
-0.0184736885228415 -0.163211930185521 0.181604490455892 0.0629415657992585
0.115291661352385 -0.135263459585523 0.103508800229419 0.213802463163645
0.225683304733235 -0.00241765446274174 -0.0281744499009653 0.270082874799486
0.200429321277297 0.203720692262439 -0.136732604371446 0.235356288898699
0.080293375109004 0.344081888331231 -0.0966256290102822 0.248348605072827
0.0116222054063676 0.323853025241773 -0.0311603105916305 0.0485238873215376
0.13353042063859 0.220013012833359 0.154775191337778 -0.104861378195641
0.201306995792106 0.0732451952926428 -0.0472159768950812 -0.295734066577151
0.15258393430603 -0.0937815930727184 -0.282181644723812 -0.128989827149041
0.0314081466245264 -0.171446181958058 -0.225650465712864 0.129840713135545
-0.0790599962983981 -0.139918599247879 -0.0568414810756614 0.187910946698217
-0.111751881790234 -0.073209388305569 0.029799830134167 0.121453731770664
-0.11585790844754 -0.0514408395330599 0.0604289915003271 0.0388847101244136
-0.117550110715835 -0.0616232927803961 0.0717416235412321 -0.0229691545838802
-0.131291907354911 -0.12741681852624 0.118730331633948 -0.0630570725735527
-0.0457765748853963 -0.202987476459131 0.179685184805368 -0.0287266318563371
0.111433560328955 -0.188957002212435 0.166648700805105 0.141007895971851
0.272363533373449 -0.0415972780351275 0.0443368066842571 0.250242851955338
0.252978292139901 0.222695091800543 -0.0942612409571116 0.221728214230079
0.0890190870112541 0.38941119961238 -0.079446398141751 0.147546493197085
-0.0503539632069104 0.347959577668276 -0.00974329415943554 -0.0874409436090824
0.101365763081452 0.298937111396824 0.165405851354182 -0.148650754299193
0.230537067228467 0.152569601058944 0.01472339951355 -0.328851602992862
0.214060300345518 -0.0827140263689727 -0.218380934208198 -0.20772785576838
0.0642258210215202 -0.199477168958181 -0.229310125488295 0.0254862870787275
-0.082079344924177 -0.17285573143807 -0.108987566684893 0.121112533056889
-0.130775778437179 -0.0916097702034658 -0.0288681004244707 0.0907797483966809
-0.128129785948698 -0.0566917578758606 0.00828532656885597 0.0168768939672161
-0.125826998077548 -0.0617663596741579 0.0187272890321043 -0.0459279556598015
-0.139044841235191 -0.129650048396298 0.0691268087602506 -0.106735290338067
-0.0606225030776903 -0.211470182773214 0.154423647351491 -0.107432870047148
0.0967831103685164 -0.207273958023408 0.198196091128723 0.0616618664052864
0.271865817541235 -0.0616071649430246 0.0936001001400503 0.209208334838192
0.254162039091628 0.213014504647755 -0.0687456389024352 0.196507897379193
0.0774029812094546 0.375988758373422 -0.0737859480264243 0.0390525526279677
-0.0948555741121969 0.304695750079305 0.0317911504301401 -0.220302279463865
0.0393227563388063 0.305768393593255 0.180928157566571 -0.194469890056487
0.19383108163883 0.196652146169424 0.0803550913994638 -0.327469185875254
0.221955378488128 -0.0448906844934629 -0.122479941272778 -0.258613385189085
0.0839176475419507 -0.182376911851799 -0.199771683866108 -0.0809943800205876
-0.0677146032751897 -0.170953854814955 -0.150741542591227 0.0411405613650042
-0.126183892865797 -0.0937845431811987 -0.0889245063548086 0.0520065254455227
-0.121056963559106 -0.054806999095732 -0.0436222744586211 -0.00726015005295472
-0.116412288531005 -0.054992013959572 -0.0315227207326564 -0.0681166127874391
-0.125229584899174 -0.119001778048496 0.0238507571336402 -0.138918161694866
-0.0544217764592482 -0.193799124300666 0.125094092215861 -0.161107850051076
0.0879944381518902 -0.187855848921334 0.208665920106954 0.000497340343768241
0.240276762754069 -0.0430109822720912 0.117154132108728 0.167502203498999
0.203896069630711 0.198312429951651 -0.0543814806859378 0.163989823465626
0.0373687273634902 0.316823846955986 -0.0682639629733273 -0.0583922307245703
-0.106712730247424 0.20264586293538 0.0772582893643118 -0.32044641240918
-0.0163408922647454 0.234589575082435 0.194630277929405 -0.224884332397485
0.116055096657167 0.17621387295289 0.131259147455916 -0.301199925778721
0.169688596672018 -0.00917222290305417 -0.0327555469780856 -0.273876162207678
0.0755204674702349 -0.129751964302479 -0.158231348214333 -0.161452791198327
-0.0449751080633208 -0.134069031822011 -0.178653999262666 -0.0317011628981563
-0.0991178117623483 -0.0787340445892774 -0.139064677343489 0.0151040642285597
-0.0953873188825898 -0.0459633006858928 -0.0884336596500394 -0.030179933573502
-0.093734055059642 -0.0431148476463456 -0.0725663256242898 -0.0888356868778383
-0.0963760276051473 -0.0969657967904079 -0.00904686055667322 -0.165042815057162
-0.0344581955502615 -0.15796692059339 0.10577394711623 -0.193373762869275
0.086535031663205 -0.144833678503781 0.211965252625946 -0.0369790410739583
0.192091812508695 -0.00127801776513906 0.125780232301425 0.137492949677001
0.123505296278956 0.17869855346152 -0.0447897240773431 0.131452750546374
-0.0195372978847679 0.22522922984399 -0.0547194235343684 -0.132535158652924
-0.089829485363868 0.0653168785778537 0.10472973175038 -0.3690587064299
-0.0487109210277471 0.115726686005821 0.196010855505581 -0.236272992424107
0.0347065956871096 0.104680139270807 0.156596595963605 -0.271263658973317
0.0845796651435228 0.0110387888152458 0.0211775705862639 -0.273190930467826
0.0454031219040082 -0.0604427391458087 -0.131127167434508 -0.203353370770751
-0.0190528681931267 -0.073257625519595 -0.194888029523404 -0.0769301920919527
-0.0563719763581717 -0.0489798491962872 -0.171840077659851 -0.011524101092753
-0.0561886156087494 -0.0294379876616909 -0.1189240560536 -0.0485792781489686
-0.0596743125038415 -0.026619894980489 -0.0981105784663064 -0.106922953371493
-0.0608376793649375 -0.0642624092085305 -0.0266420268893995 -0.186237620218578
-0.0131816039073942 -0.109348052992146 0.101885394791306 -0.210754294142302
0.0784488622083734 -0.0938540013457701 0.219605495350637 -0.0510071558062339
0.134127474464249 0.037832036121064 0.128917776541695 0.123153536287267
0.0374052976605339 0.142846867302462 -0.0382021655198159 0.107495071026257
-0.0728014152885529 0.111718298773321 -0.030168799459228 -0.177199248306262
0.0915080297791989 -0.00681802225236033 0.0557031543522351 0.247695406347294
0.0127311049097718 -0.072908672416987 0.13550825265931 -0.0833266334183975
-0.0552720339954773 -0.0382521041045705 -0.124733815600729 -0.151943387600187
-0.0342104781942742 0.0323812820841515 -0.270700519398193 0.0476859435218716
0.00265369559152208 0.0284937270083382 -0.119672731418274 0.247708952605256
0.0200035583277178 0.0188620673934868 0.057521375181566 0.223155137536222
0.0229054911703905 0.00597182310884637 0.122218291438405 0.139376071496162
0.00698800577206957 0.00112703108704057 0.1465066599758 0.0629675625298683
-0.00359616976454098 0.0060825914700309 0.174186988183111 0.0266516875577547
-0.0175991902303279 0.00590109669315602 0.191846555398385 0.0669138225567134
-0.0105517165281839 -0.0123009961664429 0.139787020180006 0.188613601366759
0.00578692371171444 -0.0250852628087738 -0.0124346125288011 0.272601830385049
0.0380994949553547 -0.0319505926218172 -0.137075927951026 0.251947125106817
0.0783443786762515 0.0140825622932054 -0.220831729806647 0.24484168169495
0.0898919950540167 0.0885570778789588 -0.126387674734696 0.373178309095082
0.101019655939331 0.117498231330872 0.0166293924482842 0.226976777501812
0.0785207027217671 0.000106521377983607 0.138826065010373 -0.0749890360245727
0.0252062185556985 -0.0362742691167207 -0.121084940627413 -0.185061076292083
0.00372462338964918 -0.0214062229332239 -0.290094287485938 0.0206845508877747
-0.00639535886074479 -0.037496766842094 -0.148274312411342 0.244578953066134
-0.0230068739761625 -0.0281796614578539 0.0415169050197384 0.233370919656293
-0.0273208703376976 -0.015702460043784 0.113198976684211 0.142087750238708
-0.04351809028903 -0.0186144744880976 0.135815748444808 0.0604777180678419
-0.0541242348349053 -0.024866267570829 0.157056482211692 0.0157437147889714
-0.0643525396161278 -0.0561574001347997 0.184779805211628 0.0318928418210973
-0.00718413539457694 -0.0950377582560234 0.166055296248187 0.136531841906704
0.0772400986527456 -0.074552225101133 0.0421709867612578 0.256868213575793
0.139135878424461 0.00416863944922625 -0.0869488226872677 0.268382233947785
0.136343377807973 0.129980082601587 -0.175431657719971 0.24713557527993
0.087145983858954 0.236422488916018 -0.104169655753106 0.331175765204109
0.0785514566473037 0.235374732836172 -0.0136237642270935 0.162210917646474
0.128700996320857 0.101841286805122 0.146480582935137 -0.0839850884068435
0.120390595036348 -0.00323557997215957 -0.102685394013337 -0.237859699394767
0.0675610928245487 -0.0719412353734116 -0.30399104852496 -0.0344893973018995
-0.00168115082277643 -0.110464941222054 -0.186077028610916 0.213149787337847
-0.0621702596499775 -0.0826325008369603 0.00621979035543624 0.225772864461684
-0.0770814991414334 -0.041151735420318 0.0844781441575024 0.13647062350248
-0.0881028665377442 -0.034903303913485 0.107370716995628 0.0517931639663587
-0.095885724233944 -0.0451493022099825 0.120933097615978 -0.00439965155920285
-0.109880097257994 -0.097905139254559 0.158773390058656 -0.019000351193339
-0.0291238741230997 -0.162434928553181 0.184126520001787 0.0534314756096838
0.106918908119844 -0.142220791190782 0.115531132675348 0.209931147022014
0.226111669918387 -0.0136073624778617 -0.0126142340610628 0.273372202999462
0.211872634395174 0.193394881409803 -0.124156184295752 0.243362533954618
0.100883127655565 0.340112967007551 -0.081802973798826 0.252031087384589
0.0289826900221347 0.321149779442023 -0.0253217066022563 0.0524905254862634
0.145546251465692 0.212014891059577 0.154660089507556 -0.113296081812607
0.205156500315835 0.0633463498604635 -0.0626858176528997 -0.294909882665025
0.146705073341228 -0.102731678318723 -0.289546403831895 -0.113956723324491
0.0199281866783782 -0.173097033408829 -0.21875200996063 0.142816371333426
-0.0873302108419736 -0.133745626930307 -0.0461566287834514 0.190628915139934
-0.116247733435961 -0.0656522967973036 0.0366372643430375 0.120029637471979
-0.118922430720023 -0.0458512364163754 0.0624782897928833 0.0366621258466487
-0.121532821027278 -0.0550387534661663 0.0716871222641572 -0.0259036405971838
-0.140618736210509 -0.117993381041933 0.114402616115126 -0.0701449712748054
-0.0593451800259162 -0.200347324955186 0.17529445903688 -0.0387284905016611
0.10012097529371 -0.195947082176198 0.175887962555792 0.133478911936843
0.27049594727767 -0.0566012609764015 0.0598357512393698 0.248446852989083
0.265348709012513 0.208245996285492 -0.0817820983001324 0.227282657410584
0.11242787151137 0.38544125527508 -0.0699795191494862 0.149495859542941
-0.0317866903125261 0.350467084771249 -0.0118935973179364 -0.0855155758976209
0.117533323170651 0.292789040933321 0.162239933499186 -0.156754659310698
0.239864281111749 0.140373338645367 -0.00225014107098785 -0.330335775512003
0.209191663543588 -0.095701023414768 -0.229666780732913 -0.197129179186934
0.0513019551121018 -0.203708153039912 -0.227663643799415 0.0386590976372831
-0.0926864557268686 -0.165755928490321 -0.101683663329438 0.127930221423367
-0.136120729744954 -0.0824746121677551 -0.0240632607347938 0.0923182747471335
-0.131425532512762 -0.0505830062069358 0.00893508835488973 0.0170248278628913
-0.12892911525998 -0.0547370634936609 0.0167636045420393 -0.0460774757493996
-0.148991495268422 -0.120588149115966 0.0624315184708071 -0.109933134425898
-0.0747819715614486 -0.206981978042554 0.145636336471297 -0.115735377758359
0.0827870881457056 -0.213193184346702 0.203739778403096 0.0525607925139073
0.268475039820569 -0.0751410039644426 0.108231432088282 0.205547707867028
0.266477811077131 0.198404968404483 -0.0573128476808428 0.199878084497244
0.10041638425172 0.372092021534095 -0.0709983614114804 0.0413272573395076
-0.0792504366173514 0.308637794269978 0.0219983164968722 -0.220098273353808
0.0561988319485126 0.302527546192737 0.174571715725973 -0.201804956242319
0.20553616094592 0.186926397459093 0.0641703728881808 -0.333071731455925
0.219438855895811 -0.0586903424052058 -0.135931929208487 -0.25361883575503
0.0721273319895605 -0.18821403203296 -0.204987385604335 -0.070245467182061
-0.0786102656655337 -0.164967323699291 -0.148261268892043 0.049840837170212
-0.132108386942853 -0.085524247320996 -0.0860132788240454 0.0575026529072529
-0.123977260138032 -0.0491259909179406 -0.0451554394417468 -0.00393118708595866
-0.119452229357291 -0.0485859140446337 -0.0350486468126404 -0.0649718650370862
-0.133832239659103 -0.110829296210132 0.0148715421805086 -0.140480555007834
-0.0671050489734487 -0.190519360416841 0.113169484849888 -0.167896711660276
0.0757547635589817 -0.192225166512634 0.209592452557686 -0.0102255152399556
0.238040917487336 -0.0554130537752386 0.12941141403323 0.16304978589084
0.214867267360105 0.186828687543479 -0.0447319597375184 0.166599556679572
0.0569152348802456 0.316015614807231 -0.0720354249760105 -0.0554245473032874
-0.0966394379052658 0.206665183181181 0.0609686795676589 -0.322707551790538
-0.00347508284051572 0.234775074209369 0.186077657781707 -0.232810878296602
0.127323785794489 0.170584100055054 0.116460109184036 -0.308379247863482
0.168939792557467 -0.02007525902806 -0.0458198990184838 -0.274395865899443
0.0666737771764816 -0.13464505996695 -0.167718481421707 -0.15416542130517
-0.0534249797275178 -0.129564615816487 -0.180286032423841 -0.0205796565102496
-0.104451429783925 -0.0715864512393761 -0.138869662880785 0.0241298792849266
-0.0978543028032211 -0.0408485656566637 -0.0914733335103712 -0.0245532248592866
-0.0952252821350891 -0.0381013722833559 -0.0771557286980365 -0.0834050595783852
-0.102963011574817 -0.0907529365940484 -0.0189336726903435 -0.164519662337551
-0.0447463056449473 -0.155248048478887 0.0926576568572519 -0.199553237667864
0.07775632469127 -0.149945217563817 0.21108321234487 -0.0475223547486479
0.192819311862307 -0.0109363491783581 0.135545488502658 0.13234872171921
0.133664084778483 0.171551179426496 -0.0369152367940037 0.13372687343653
-0.00608154949135366 0.226835446152453 -0.0626261572292124 -0.129952950358271
-0.0864337251684627 0.0683071746186618 0.0856076271985247 -0.373799102405917
-0.0421080971209309 0.116548975782328 0.185258090682147 -0.244806246565705
0.0410796149997592 0.103832383037312 0.14367124670739 -0.27930030146697
0.0853758138672199 0.005692028108185 0.00758551568476617 -0.27688775154824
0.041117757414369 -0.0637100143113505 -0.143220948442183 -0.197145618207653
-0.0237095460392077 -0.0713607512433777 -0.199620462728863 -0.0641629953926942
-0.059448315481221 -0.044130032590941 -0.173356975147918 -0.000312138971067261
-0.0573508730359982 -0.0273599688126063 -0.123400052375249 -0.0412441225312385
-0.0601317092507952 -0.0233697587599457 -0.10445392746431 -0.100420636338806
-0.0643979355191957 -0.0602005548128993 -0.0380479190510249 -0.185122634814606
-0.0206690452737015 -0.108501141206008 0.0876790992660357 -0.217288797870148
0.0725673336252134 -0.0983129766431867 0.216947801210727 -0.063534038637402
0.136593592951315 0.0310648793752659 0.137048414855591 0.117881933718706
0.0447649391028969 0.140142210581603 -0.0324516187617877 0.109282230712418
-0.0662014872044971 0.11684833686909 -0.0419470031573403 -0.175494286403616
0.0874687537835111 -0.011462070391276 0.0681014891701384 0.23464561101855
0.00827878032814912 -0.0708604963223674 0.128722217984459 -0.0900142001870646
-0.0553898587539646 -0.0350401419233355 -0.127447940669483 -0.142685306897439
-0.0313211019068144 0.0334251920528658 -0.259622953473507 0.0600015437503819
0.00354333851011503 0.0270948876633256 -0.104334299749364 0.246131170173558
0.0205323877195586 0.0163209642867512 0.0667973583000922 0.21174162394227
0.0218695680654225 0.00398816188941807 0.12536559617831 0.128526598722494
0.00557038936982556 0.000612692012221206 0.146018504872694 0.0532147198584952
-0.00378056380386372 0.00620135116770833 0.170367754447144 0.0165184332695901
-0.0164243471421725 0.00714278792670974 0.189183848993063 0.0546002340271573
-0.0110973176040634 -0.0116418016737126 0.145315715846959 0.175945998470995
0.00424035407721316 -0.0243996695148406 0.000888091630160384 0.264727457065165
0.0359398961869237 -0.0314901578854077 -0.122993822132818 0.248581654799516
0.0762811099476235 0.0110530238932393 -0.204338227788209 0.24665355983267
0.0912289729268862 0.0810212053696889 -0.105162656255721 0.364263150894755
0.10209306276284 0.107304238602257 0.0304554285726849 0.217016519176957
0.0748608043966751 -0.00367667315581985 0.133224428764516 -0.0811025223357847
0.0221003700710805 -0.0361991841548814 -0.12436639230265 -0.174565763808985
0.00234218868579955 -0.0199650697930006 -0.279975486956722 0.0339163557164951
-0.00900527205586356 -0.0357630400256259 -0.13096893571234 0.244591825152316
-0.0235501472219702 -0.0262991709495061 0.0521183963085554 0.222064717758921
-0.0268851828959201 -0.0143148702167436 0.116491856844652 0.131221550548901
-0.0440993073672784 -0.0159316931622068 0.135990431436604 0.0520615864530387
-0.0541855460695616 -0.0209348878651854 0.152941409669379 0.00673440462352986
-0.0655000983014673 -0.0498148033931084 0.18011204238353 0.0215857408230195
-0.0128573427775622 -0.0911285219020359 0.167059846619742 0.124486849697947
0.0702305560546985 -0.0759688386096681 0.0525684076285053 0.246983131626652
0.134795670312508 -0.00176302926576026 -0.0726131566104572 0.263273012775846
0.137167343525221 0.120469197041522 -0.159477919596337 0.246243818237767
0.0960826850299861 0.224484175742837 -0.0844056780032957 0.321994145378092
0.0863134079016014 0.222078641979156 -0.00138265758209077 0.156363098148301
0.127729055962157 0.0916591515458091 0.141540139847773 -0.0892869657226033
0.115205977306905 -0.00809124909446021 -0.109073526920418 -0.226700264220801
0.0609818609604146 -0.0726773272152162 -0.295763929652958 -0.0193907139505057
-0.0083568289896391 -0.105836556886449 -0.169344431916332 0.214581883124636
-0.0641428206118356 -0.075793593802327 0.017472277564698 0.216559576938354
-0.0759266669263095 -0.0356502896634995 0.0872014274476289 0.127511779606065
-0.087445493195857 -0.0298940899872078 0.107185496682548 0.0448550720164999
-0.0952649133243804 -0.0390687636285573 0.117488023753114 -0.00974732292113895
-0.111846740829502 -0.0878608502294895 0.151915643429012 -0.0267313707478405
-0.0377981467639661 -0.155147484870495 0.178598131455639 0.0435846877507874
0.0953315610689754 -0.142454975328942 0.122980934310609 0.197978248518459
0.217865742683906 -0.0227101769688859 0.000988443625978427 0.264314495717246
0.213105811807097 0.177666867660375 -0.109021370579008 0.239519189855823
0.115208406173036 0.323564505379713 -0.0657908048545169 0.244635598202258
0.041514496754687 0.307381077654554 -0.0184203915524009 0.0522969977961333
0.14946654914365 0.196679809144956 0.1490045122436 -0.116843380281097
0.200830504738977 0.0514599388505428 -0.0732320922452271 -0.282297452305686
0.135955488826773 -0.1061785407192 -0.285609681345099 -0.0983384898141547
0.00885834637959224 -0.168046386792287 -0.204304219207016 0.147951161800937
-0.0916031589215526 -0.123329869804387 -0.0341066971225212 0.186065479371569
-0.114570029858947 -0.0565698064213999 0.0403380764024904 0.113422656191148
-0.117050038410462 -0.0390652119924585 0.0627544850521552 0.0326001272238846
-0.120202304441519 -0.0466983305820325 0.0681408980966602 -0.0278494433404095
-0.143000532323964 -0.105129267311078 0.107216913076782 -0.0729517341208529
-0.0691714667521286 -0.189999923810515 0.165259434310874 -0.0449995993378163
0.0855483415337621 -0.193811279885627 0.177031058439161 0.121248870971197
0.258684424580498 -0.0661358939606664 0.0707940498993186 0.238174946242058
0.266249162788096 0.188607893438763 -0.0687416382117441 0.222475390777438
0.129378667095704 0.365748728124057 -0.0604232408514334 0.145553348571209
-0.0152398336598083 0.338093673342257 -0.0128361321998833 -0.0799427308346606
0.126386843886719 0.275492027656634 0.154691791984909 -0.158281878934543
0.238574196947106 0.124951532278805 -0.0161661910579257 -0.319855900909807
0.196423218131659 -0.103138722096529 -0.230536412085777 -0.180876372257066
0.0369710259418995 -0.19944056201992 -0.217822310866008 0.0471178910334292
-0.0986265058028398 -0.153250676937671 -0.0911784566200218 0.128228219699352
-0.135033622158457 -0.0708951562789569 -0.0183886400596442 0.0902718221047759
-0.129116208557161 -0.0430331412280882 0.0094227639039702 0.0164820171253402
-0.127627103361452 -0.0468023176200798 0.0142064325107615 -0.0440898902092557
-0.150717103692169 -0.107299380822672 0.054325015014358 -0.109048134665381
-0.0848452165694025 -0.196346295164913 0.131906144741319 -0.11727430951651
0.0687647576685203 -0.2090907303914 0.200564912812921 0.0410334265239973
0.256320863709245 -0.0849954433693032 0.116352904315173 0.193763163973401
0.266790213293542 0.178593026051067 -0.0457713164779064 0.194154144996844
0.116816889896749 0.354332758339571 -0.0661386639111871 0.0405878163422218
-0.0633188640991393 0.300160530756783 0.0137250255985816 -0.211813440607002
0.068128073160138 0.287849369043515 0.163484502203345 -0.201213840629785
0.208444245379857 0.171042731166525 0.0465507473684334 -0.32383813323543
0.207570132873214 -0.0676102192855467 -0.14219656818205 -0.239767740102782
0.0578505287522792 -0.185286351089846 -0.201557885885603 -0.0585940680764185
-0.0848596722943213 -0.152932486812832 -0.1410678949953 0.0560772737931443
-0.131712343781803 -0.0741298237256481 -0.0811789601427402 0.0607052171726721
-0.122115351990145 -0.0416734596438002 -0.0443956699571127 -0.00107083497193238
-0.116869258962447 -0.0413093721455743 -0.0363231876484294 -0.0594176774397522
-0.136351374416335 -0.0986165379866057 0.0073997383447555 -0.135521585625695
-0.0767589630318586 -0.179619748135087 0.0981979623016091 -0.166705359029188
0.0630842958458283 -0.188931234130578 0.203198645698868 -0.0198592697447333
0.228553810220046 -0.0645169558038014 0.134819948634738 0.151828374052928
0.216995627671931 0.169228373685164 -0.0351715922305365 0.161972742764554
0.0724771196423824 0.300590358255166 -0.0723479529583034 -0.0517403147642153
-0.0844741764336307 0.202920247863129 0.0456423150426918 -0.312056089783747
0.00756771599590836 0.22467502151596 0.170706288718072 -0.231878520995093
0.131476656754491 0.158308580758016 0.0991656089849548 -0.302041937275869
0.161392281030475 -0.0281657987845803 -0.0557641567643903 -0.264225318457731
0.0561375288292164 -0.13363824419247 -0.169591445989076 -0.141617377068041
-0.0583525700881997 -0.120253317221871 -0.174896395502012 -0.0104343587902954
-0.103920381007525 -0.0617601923146719 -0.133063415625422 0.0313103531901957
-0.0965897932569176 -0.0357465522482417 -0.0904748423154077 -0.018732953077647
-0.092439437249358 -0.0328894774805622 -0.0786629376151026 -0.0758702293690899
-0.104758627360088 -0.0809944015528992 -0.027939322727978 -0.156988240437918
-0.0530381750508637 -0.147361673184036 0.076945579420748 -0.196195275332967
0.0664900777472767 -0.147796096037874 0.201881306642707 -0.0565842140968795
0.186260914158816 -0.019914843077683 0.139327682675962 0.122311702690759
0.13750638282064 0.158831646520976 -0.0294903991861135 0.129569977447578
0.00627880944583521 0.218678411240217 -0.068054490410069 -0.123326649913111
-0.0801695407137312 0.0691502182161502 0.0653199540619025 -0.363423964513768
-0.0350985416718434 0.112684881449938 0.169490383102789 -0.242963929119105
0.0451604374167522 0.0978750918184496 0.125837524672328 -0.275362708515073
0.0820470210696152 0.000690639402796141 -0.00375295317589577 -0.269018128931331
0.0350545949097906 -0.0637064611350102 -0.147619129601254 -0.184560254858743
-0.0262458667038295 -0.0657753696516337 -0.196302118152996 -0.0507928204506489
-0.0595832576167661 -0.0387247560284124 -0.167922452525081 0.00983191613186295
-0.0565373169906026 -0.0244902670622919 -0.122301066173098 -0.0324533129658317
-0.0576962829085588 -0.0202876000810279 -0.106097320022019 -0.0907349687123404
-0.0649769804110461 -0.0543426088493342 -0.0464275545181546 -0.175693751636092
-0.0267832222648067 -0.103616378171994 0.0728678916126387 -0.213362679591638
0.0636064578494471 -0.0986755230643381 0.207334903356299 -0.0717679840493878
0.134392113107331 0.0230785745170297 0.138944105951246 0.108755649360481
0.0507443340721057 0.133054363017426 -0.0268053076158211 0.106782319613473
-0.0577197368912674 0.115529485935118 -0.0502456202874635 -0.16576658498221
0.0809257212636408 0.000115723863212053 0.0441186884343549 0.227893246784847
0.0158359396491946 -0.0640263810220718 0.13552196414971 -0.0744989099079646
-0.0468167492085208 -0.0388942838244628 -0.100133188401438 -0.15291686115351
-0.0343277970841813 0.0256217426583365 -0.247046122095018 0.0244161418181769
-0.00224375550367088 0.0252676234359042 -0.124440186644107 0.216544331982153
0.0160875914763564 0.0155173105259672 0.03852833788027 0.20596150547406
0.0210473304940666 0.00461738791757556 0.104404015505189 0.134542805815268
0.00512737382628176 0.000929361357661782 0.133121691245929 0.0668335221452694
-0.00534953708690415 0.00455172569690595 0.160950161170964 0.0349207763468153
-0.0172713534866759 0.00381120719770757 0.174657472311245 0.0745359024821214
-0.00927325532490392 -0.014226343296025 0.118177894657004 0.187377061197504
0.00895047433137907 -0.0262083118986777 -0.0311711751262675 0.25704077949677
0.0417093122133098 -0.0265504231955816 -0.152028119118544 0.222612287328995
0.0735128841042572 0.0203841879416529 -0.229833985984797 0.212580176781286
0.079986289943483 0.0867820592925482 -0.151142645603471 0.338786708691547
0.0798904684508884 0.110478448750324 0.0044726840640492 0.212325617947679
0.0684218732020073 0.006806368959714 0.138774339194507 -0.0604510651418788
0.024928521745386 -0.0297479147478 -0.0921176263603036 -0.178311507515245
0.00454387474606599 -0.0194419888116376 -0.26048662291507 -0.000806715704609697
-0.0047239561832097 -0.0351968143915682 -0.147517793353312 0.211874590989583
-0.0198147486832584 -0.0290100550068557 0.0252605834103397 0.212077663934176
-0.0237287120858188 -0.0181109458519214 0.0961200141196076 0.136499885705601
-0.0406394314805505 -0.0208683971102246 0.122917135446546 0.0655235680551892
-0.050430125157965 -0.0274181151144194 0.146526489193259 0.0251856671696775
-0.0570418848961236 -0.0553759764668042 0.170272061016709 0.0438274865706819
-0.00169199814108986 -0.0901609977389663 0.143997928943514 0.143901731595169
0.0770651021889171 -0.0676179480988343 0.0203172401428758 0.247277014456241
0.132849372854165 0.012925513268468 -0.10740789091786 0.241620536957153
0.118721862137844 0.131064165543856 -0.189619895458877 0.212471979507558
0.0677467706910947 0.224334824520194 -0.128648492223964 0.294404407633131
0.0509194310924441 0.213937960168001 -0.026108860259175 0.155719766209588
0.104802248913318 0.100467399439546 0.14524113942962 -0.0612160593812913
0.107901273890956 0.00869176698043992 -0.0715650099531804 -0.219116861534113
0.0665968357243933 -0.0601163707145313 -0.267384236395773 -0.050363508288578
0.00589372140106803 -0.100510825151088 -0.17629806621135 0.181575045842192
-0.0511205012406549 -0.0799190889836664 -0.00537213495071448 0.201429169457325
-0.066713411797216 -0.0434277232681087 0.0692945338063045 0.129078255591577
-0.0797260812453156 -0.0394566142009046 0.0960420239138426 0.0557028964634909
-0.0868834503587987 -0.0492213321640389 0.114492521916346 0.00619412697654083
-0.0972172858940323 -0.0958798319133116 0.149369743502233 -0.00294494385302429
-0.0187324324751305 -0.153153373990644 0.164020566076799 0.0702362500001598
0.107621530311599 -0.127604698446331 0.0934780035509887 0.210761877185894
0.213564990851356 0.000948971472891816 -0.0389500749844577 0.252330856098189
0.183337803297421 0.194025519901776 -0.143742632874677 0.210243598073487
0.0757681040739338 0.322520061780239 -0.10426496106013 0.218378912205006
-0.000251919938610082 0.287614080351183 -0.037479427372588 0.0577453837513429
0.110781853977358 0.199918471486299 0.152218172208164 -0.0813605211534975
0.179523008014499 0.0754343743141024 -0.0332972412513017 -0.260351698225909
0.141006726518278 -0.0804459243945967 -0.247592540334177 -0.117770305657376
0.0312533290823521 -0.156321303336415 -0.19946583262666 0.116789701720938
-0.0702442649312597 -0.127435568070008 -0.0480642904474009 0.165978229156029
-0.100740471705905 -0.0671903141513917 0.0269808875007511 0.110965178219075
-0.1069035042373 -0.0515497424223841 0.0552930651344699 0.0390000178196983
-0.109059930579478 -0.0599120728600736 0.0700183019905451 -0.0155452068859513
-0.124256087791106 -0.115983283913469 0.112219924673138 -0.0512668582870515
-0.0448918194715262 -0.189231180262663 0.161457230674249 -0.013877136562681
0.103149472946574 -0.177484791701784 0.154977134814515 0.144304341396955
0.256261348708562 -0.0359792831962193 0.0311164681824395 0.236832411781015
0.233551630755043 0.209770097101767 -0.104888997343777 0.197575447794048
0.084582592943573 0.365309335445388 -0.0882640375714002 0.120410468956627
-0.0563700819824793 0.309140109177705 -0.021942226212562 -0.0665788970198426
0.079382062902351 0.268771703470227 0.158446911546284 -0.116652962886309
0.204855398936787 0.148426903516942 0.0212712110506152 -0.28410491379426
0.197362316484284 -0.0688734646325001 -0.187233697875313 -0.185345893820354
0.0628449128713229 -0.181141662341322 -0.199975625744171 0.0235143866246119
-0.0725289631915212 -0.155397729965564 -0.0942451933319461 0.105092322715045
-0.118654981697096 -0.0826156473912381 -0.0258325901283906 0.0828485950459597
-0.117635963193164 -0.0572949650044658 0.00591728315381634 0.0180372931257611
-0.115045248535229 -0.0603395814765474 0.0203162183904601 -0.0370311236570795
-0.131784273187145 -0.118164422099041 0.0667978629784705 -0.0914029825227192
-0.0590388676679305 -0.195875654626789 0.138224512945635 -0.0876234062476044
0.0871237323916443 -0.192334649268949 0.187490486455651 0.0698567901580026
0.255248211619528 -0.0551680279549063 0.0795913656798801 0.201262433687866
0.235174336787086 0.199614913038616 -0.0788175955029921 0.173676838277364
0.0735544438889609 0.35285215337329 -0.0813443001595673 0.0199096031892073
-0.0960537260646646 0.268265923172672 0.0168521856489265 -0.188869101362998
0.0235251511361059 0.272703977528828 0.168019812052164 -0.158341108486956
0.170887045846158 0.186019876985491 0.0771764046208057 -0.280581405771671
0.203617154773078 -0.0338830482138643 -0.100555140109666 -0.229447297934685
0.080483791996372 -0.16531669372896 -0.173985269228656 -0.0725594590209826
-0.0585210440957108 -0.153288452607362 -0.131910295714992 0.0326587760455042
-0.11506549408957 -0.0848724602107381 -0.0806219601737377 0.0483272444697006
-0.111222140320443 -0.0559415067946435 -0.0426367431757581 -0.00530159632009871
-0.105050694502063 -0.0539085884828539 -0.0272572240044552 -0.0581534770691525
-0.117999759815159 -0.107999684321425 0.024241675719905 -0.122772650010435
-0.0535389286992224 -0.179112247544335 0.111670425386268 -0.139436093984287
0.0789690386614152 -0.173939470977538 0.197267696504387 0.0111162101090722
0.22513081789684 -0.0386950417206498 0.104508131711938 0.162919261774878
0.188498282564057 0.185485595611426 -0.0632304509194388 0.14352193582308
0.0364154451566679 0.296864539577519 -0.074853641353058 -0.0697846659125556
-0.103421724192473 0.175472311990151 0.0629656074252526 -0.282725658207436
-0.0230525209667171 0.206265517364407 0.178226363219367 -0.188894791774165
0.101927403689706 0.164076217954336 0.121975016824731 -0.258432247326901
0.154973808114105 -0.00373851741405219 -0.0191645303032046 -0.243891559646314
0.0710181268117024 -0.11748680936286 -0.137147931413576 -0.146467267083644
-0.0376204283192537 -0.11888565150427 -0.158779862880178 -0.0314992225981189
-0.0900979666337104 -0.0692643251011997 -0.127238016308932 0.0158522123824747
-0.0874534622405382 -0.0466616143224767 -0.085128319489583 -0.0270334272674944
-0.0824115054009237 -0.0425766343581386 -0.0656567188554742 -0.078780068953556
-0.0900231072957772 -0.0875552008037922 -0.00649706169817082 -0.148400068036403
-0.0343331014846546 -0.144881578422842 0.0956641666190617 -0.17190314855238
0.0769165575454487 -0.133221581970996 0.199974026464488 -0.0262914741365575
0.180282553139598 -0.000670682785262728 0.114124772734461 0.134101974554898
0.11385734707471 0.166488373387171 -0.0510631864795732 0.114252525497392
-0.0178649308021843 0.211141644616333 -0.0579249119387149 -0.135420707273296
-0.0833055193821404 0.0527410227458567 0.0944560274228952 -0.3309321332573
-0.0472624991373742 0.0977289443250718 0.180734021698055 -0.205630928549126
0.0300639884401293 0.0968723810942439 0.144918586420258 -0.236158245295657
0.0768885606596618 0.0122806611789217 0.0282572795010396 -0.246252004073399
0.0420735608452632 -0.0546652268015176 -0.114779125236351 -0.186234596385688
-0.0136863385594651 -0.0635201142469634 -0.175786810996656 -0.0697028362690956
-0.0507495527542407 -0.0418272074255797 -0.158470593508941 -0.00753212955149991
-0.0512889276053875 -0.0307386696536468 -0.11363124911948 -0.0441553267407727
-0.0514561634198846 -0.0258879946823094 -0.0900301333897743 -0.0969314123489192
-0.0549883494534783 -0.0581011423457735 -0.0234502726393352 -0.169690253915541
-0.0144251243895902 -0.0998550999338673 0.0930639617706693 -0.190973351613858
0.0693021435338036 -0.0868308694045773 0.20732143859116 -0.0413930919925714
0.125586597580046 0.0340902549825798 0.117374865699141 0.120715247928432
0.0332308160214516 0.131721422722713 -0.0414565783895187 0.0938848233938183
-0.0685540083448047 0.105140478562799 -0.0315265543992001 -0.171178688000214
0.0775700948544621 0.00114099093341183 0.0399837000951196 0.219324442961319
0.0155035265634528 -0.0606532020661418 0.13453440738707 -0.0720597588464607
-0.045464238551285 -0.0388279659198262 -0.0923627555320525 -0.15263439486743
-0.0332057650608933 0.0248614662655857 -0.240202886858718 0.0195968423358837
-0.00270207739582443 0.0244660453387747 -0.124570606519588 0.208902610461499
0.0150994671338077 0.0147392379397282 0.0341026638801138 0.199999334678726
0.0200489016337866 0.00374584024864255 0.0999588471877377 0.13269343623447
0.00409654256423251 0.000620070893069305 0.129581804530794 0.067441072948097
-0.00571329028098446 0.00431621352083861 0.15655638170415 0.0361624677023117
-0.016843326679004 0.00325108691146527 0.168456757322285 0.0748321862976172
-0.0089727912841602 -0.0144734952221137 0.111936171631525 0.185111666099366
0.00964361969232991 -0.0248768677097945 -0.0352287929252147 0.250002465244482
0.0407958737191549 -0.0241363711223703 -0.15442741575002 0.212035968093602
0.0708567204989219 0.0224414624437166 -0.229099457362517 0.20125589360113
0.0761606011688695 0.0857904939640622 -0.153484738911342 0.323941488072056
0.0743432778330771 0.108899800024677 0.00337858663876598 0.204285426684622
0.0652094499763012 0.00810158212340891 0.138353018302876 -0.0578217064451814
0.0243465778218862 -0.0280321353373515 -0.0839990249198349 -0.175735144974497
0.00444870272088112 -0.0180654266213191 -0.253435742230616 -0.00655346893582016
-0.0048248577706696 -0.0339848122452825 -0.146509516366226 0.203108811095032
-0.0185710254500208 -0.0286776250171183 0.0205534777353171 0.204780022205579
-0.0224606860778665 -0.0183900519048713 0.0906785242205095 0.133823037603908
-0.039643521439717 -0.0214530630796835 0.120035029253996 0.0650553259342103
-0.0490495959879771 -0.0268724750593367 0.143086165079857 0.0264948824399939
-0.0555753004528515 -0.0536842663673902 0.165029118142159 0.0449150000982967
-0.00146236590360131 -0.0878752779915836 0.137178403420337 0.143370207909769
0.0757777417467758 -0.0640537380927192 0.0150809285077261 0.242701258293382
0.12916180806177 0.0158751730676646 -0.110567676196298 0.231102163178646
0.113287803639691 0.130539648352075 -0.189427735269332 0.202093315581158
0.0629634531644709 0.219775366709909 -0.131812862139444 0.28071341812172
0.0442944351334341 0.207748151326441 -0.024982998836406 0.149906317494955
0.0987270387360496 0.0995981318346835 0.145979061845337 -0.0577696548750613
0.10449226114436 0.0107836230912279 -0.0631425488260007 -0.214915574111715
0.0649706405720703 -0.0567138971425923 -0.258841248507411 -0.0545898784316199
0.00580800040148939 -0.0971700021026922 -0.174893347214541 0.172360878940915
-0.0487020415141386 -0.0777960109871297 -0.00764728649071554 0.194524400561307
-0.063540901983299 -0.0436318715656569 0.0647959795309981 0.126371629723652
-0.0774569655200478 -0.0400772129846757 0.0930042867234231 0.0558339593206427
-0.0840851594079203 -0.048811656930465 0.111961893696908 0.00818980945319772
-0.0933019686346143 -0.0935890611155758 0.145076249387187 -7.53722682190679E-05
-0.0171551399027713 -0.14883521190549 0.157013558428711 0.0722839274657083
0.105958073874209 -0.121636528337344 0.0870650603906665 0.208270855673971
0.207761375370388 0.00524664077064232 -0.043298456394669 0.243721391422325
0.175459349955632 0.19296741389056 -0.145348458959278 0.199722166853001
0.0684939189580381 0.313319724800503 -0.105182688600898 0.206973505978542
-0.0066017449605737 0.278325937427468 -0.0338893288306384 0.0556609045171912
0.102804627105518 0.19581895991974 0.153353069586111 -0.0756022846645402
0.17265644913257 0.076702485399498 -0.0254128673427503 -0.253541286874576
0.137845241758708 -0.0757504817515273 -0.237881506572508 -0.120909394355014
0.0314425270472854 -0.150856047904468 -0.196023254460261 0.109008015602434
-0.0669439454549987 -0.123146389018807 -0.0489537704443493 0.159666153180173
-0.0960918403041791 -0.0665510868994979 0.0238737020554066 0.108470636754877
-0.103563636611989 -0.0528180334100366 0.053212692802308 0.0389118376645408
-0.104903027927233 -0.0594277496961449 0.0687648974200689 -0.013306180676718
-0.120692533127489 -0.113138121298485 0.109538772329524 -0.0477180468590028
-0.0430471570070064 -0.183696287676493 0.15557433187589 -0.00897864749479544
0.101694667177998 -0.169086972531802 0.148643427478153 0.144667462158954
0.249530548889443 -0.031048031971507 0.0249089630302502 0.230256883462239
0.223454152556721 0.20780264130917 -0.107158665800978 0.18784034901863
0.077307929460607 0.355000912958043 -0.0884108625174735 0.113164193399547
-0.061974784584084 0.298202212175953 -0.0168029394857403 -0.0639114940147728
0.0697405586968652 0.262333560649357 0.15929884397914 -0.109063395828115
0.197157513041684 0.147141464461269 0.0273301082463209 -0.275269651720666
0.191901824088899 -0.0635283848923265 -0.1779646666251 -0.185375107546915
0.0617392901225323 -0.174944761115132 -0.194388119671048 0.0179138437039491
-0.0681655599412647 -0.150108854191652 -0.093013150368391 0.100290027677039
-0.113294279001543 -0.0817272585639661 -0.0276953815869503 0.0800748325091536
-0.114059833350082 -0.0584309811046083 0.00551707410870857 0.0178683754810873
-0.110153840354476 -0.0610701783578606 0.0209758670373286 -0.0347434698309548
-0.12720460263917 -0.114795491423181 0.0662547035862057 -0.0872753127289908
-0.0573754568442094 -0.190622252397361 0.134564675208237 -0.0811017970047597
0.0864906586966257 -0.184529832284521 0.180987129645035 0.0725291895185472
0.248595493640178 -0.0494856610293817 0.0738244787787365 0.1968950799057
0.22558304223879 0.197736862811838 -0.0819153576905205 0.165658307731592
0.0672960127035574 0.342864567628559 -0.0812979415183327 0.0151783800546543
-0.0994155398388255 0.257698118127898 0.0224383469012836 -0.181648090824809
0.0171634169924425 0.263963730985514 0.168356428441718 -0.14817554944214
0.163348482786946 0.183881048040149 0.0816448922463875 -0.270192493674884
0.19700690553284 -0.0301686778712638 -0.0921796770128185 -0.225948385512854
0.0792397945936245 -0.159032942165738 -0.167830828464382 -0.0753248244054477
-0.0546451698669571 -0.147651944220005 -0.128801049486738 0.0298580714480884
-0.109648987299362 -0.0825791383835286 -0.0800913651030317 0.0467486125443897
-0.107356351207299 -0.056658521202654 -0.0425506867661587 -0.00514422341681383
-0.100587031282746 -0.05439584068068 -0.0246542868803762 -0.0559168943886138
-0.11356498809602 -0.104997143074465 0.0260207038384512 -0.118017250955766
-0.0508423799714821 -0.173247896268271 0.109068658612988 -0.132140632018366
0.0781417491187216 -0.166199251296567 0.191178144917806 0.0140097207157125
0.219599489551904 -0.033869019953906 0.0996052471195656 0.160608001043588
0.18122646664833 0.182807586604243 -0.0654792964790163 0.136365887880566
0.0311231225831287 0.286833634133981 -0.0726820539198933 -0.0701589605291402
-0.104759548730777 0.167366480466341 0.0683633558516556 -0.2714652281046
-0.0274918385253576 0.198672912726281 0.178294245923998 -0.178540975015958
0.0961668516869026 0.161285693395087 0.124220143127619 -0.246664041604999
0.150004925038741 -0.000998462034970926 -0.0122465163160013 -0.239098232535709
0.0698611750502902 -0.112494724101026 -0.130091396134908 -0.146534182667651
-0.0342880698892024 -0.114081775113449 -0.154114408707958 -0.0329827261344563
-0.0858089993632415 -0.0678186915814971 -0.125066338028588 0.0145444746495135
-0.0844181082057091 -0.047442750464768 -0.0834096273957756 -0.0270780667756111
-0.0789692093496967 -0.042874106431844 -0.0613262491105513 -0.0766707177085015
-0.0862202582523896 -0.0853402685020112 -0.00436182325449649 -0.143660129325941
-0.0322253813305566 -0.1405890674573 0.0936257554175373 -0.164263616269017
0.0760563029686563 -0.127359799940533 0.195444996398566 -0.0209871050310578
0.175381489634349 0.0022811741668216 0.108744715620633 0.132267970606066
0.107456295001143 0.163132559821297 -0.0529776600859472 0.108979393399228
-0.0200765264650199 0.203358185903257 -0.0555419311149222 -0.132516077369223
-0.0826006139521266 0.0486569162599455 0.0993527415820856 -0.317430213163144
-0.0486413543931809 0.0926893436142563 0.180046185177809 -0.193155367516624
0.027521209036031 0.0937296089765065 0.146312403560037 -0.22431091341081
0.0737237367054093 0.0135078839082881 0.0335452496949042 -0.240144221829768
0.0405961657671782 -0.0522983086949852 -0.107976303831383 -0.183557987159339
-0.0121263416967655 -0.0608306732019836 -0.170174159500137 -0.0705838349307225
-0.048126458060496 -0.0410155722283978 -0.154194238610016 -0.00830640074260154
-0.049397786440568 -0.0311042193856678 -0.110629330821032 -0.0433269059029786
-0.0485496785214209 -0.0268865730070592 -0.0859286002047293 -0.0954105733353617
-0.0527498336890977 -0.0564209206850576 -0.0203085978064333 -0.164164738089079
-0.0131004992618133 -0.0960647352527952 0.0923076410445561 -0.182933917591688
0.0676906705120557 -0.0823045712050227 0.202076421939846 -0.0365774048571007
0.121634276578366 0.0357794672784317 0.112209541202564 0.119718069572249
0.0298714913342946 0.12874649447968 -0.0442354819552999 0.0898173249246131
-0.067713191041593 0.100287162464125 -0.0289566573539478 -0.166135692839721
0.0770867882103287 0.00378552495911489 0.0361174577747221 0.219494284261847
0.0176264944774955 -0.0600219188297259 0.139240176150798 -0.0707887305375948
-0.044405521454511 -0.0393234175810421 -0.0877755104264521 -0.158541849668438
-0.0335995656124143 0.0240930626682095 -0.242675233155539 0.0129983871901376
-0.00402170603349023 0.0251146767715562 -0.130700589582717 0.208056001474506
0.0147639107074615 0.0145522703962786 0.0291139605716435 0.201083581262956
0.0191797288465827 0.00298431064386144 0.0981936318537345 0.136032307548649
0.00307798930383162 0.0003831002026837 0.130606993316016 0.0705848684530947
-0.00639217265683864 0.0046577314151239 0.157466932319245 0.0393834683974279
-0.0172034963514763 0.00323641447655435 0.168289101200891 0.0790659418475511
-0.00896084102111798 -0.0153976082608466 0.108953691316443 0.191042316467492
0.0107015423118479 -0.0249438051830572 -0.0428333954066248 0.251758271568409
0.0421430146360545 -0.0227396553513079 -0.164536570547148 0.208289210200937
0.0711097357793568 0.025356645709281 -0.238244261080114 0.194904722831581
0.073540483655668 0.0883550574396764 -0.164473997608051 0.319487326176325
0.0708382122103809 0.110756417506613 -0.000394548911868698 0.203638308014438
0.0650268302923211 0.0103570121627872 0.14377409881563 -0.0561086182133127
0.0248272012778425 -0.0269288963360974 -0.0784488828651809 -0.181945716710562
0.00480214143654018 -0.0177230416901123 -0.255227690954681 -0.0136031446961247
-0.00488211330707415 -0.0336283422621448 -0.153000018034236 0.20073154179813
-0.0187599655635734 -0.0293865364597811 0.0157515384405178 0.206451210907107
-0.022182972720254 -0.0199769994330812 0.0879697140857165 0.137508581292439
-0.040103938191332 -0.0225866414140314 0.120664131270754 0.068331389639745
-0.0493336714065172 -0.0281713853160604 0.144253676456908 0.0303400016779245
-0.0554590980372943 -0.0550909054149561 0.165502220957855 0.0492556758299789
-1.36084422487894E-07 -0.0884006616736584 0.134551201256889 0.149550487058468
0.078424521206241 -0.0628119997142227 0.00875868091474189 0.245702433061178
0.130177743682768 0.0203156662930352 -0.119514057906443 0.228757383552705
0.110347003377838 0.13596132830653 -0.199383324273722 0.196625633599691
0.0574638991539915 0.221873284171769 -0.14060658937751 0.276706330756428
0.0383340564217622 0.210277329573365 -0.0266689485976726 0.148683570742578
0.0954493713144741 0.102987142299869 0.152193020770293 -0.0547646488400674
0.104756003967385 0.0137174280728399 -0.0562003997896775 -0.220071775212307
0.0665128929601397 -0.0549021027519405 -0.259268396377746 -0.0630281920991044
0.00699140312497547 -0.0972002532622317 -0.180766410653305 0.169280824781206
-0.0472675126441517 -0.0787621383426013 -0.0127570226633994 0.195099805031946
-0.0627770462136973 -0.0464365938613261 0.0620694688991738 0.12898840544577
-0.0777658621838515 -0.0423936351601544 0.0931349483089236 0.0579694012737453
-0.0839610343994491 -0.0510091754567702 0.113437869327332 0.0112595854172829
-0.09314499591989 -0.0956829568926856 0.146947931319885 0.00284315276171611
-0.0160044760326838 -0.149474809047382 0.156356274278593 0.0790817015656512
0.109080522747803 -0.119341645511509 0.0823484364632122 0.213696349230609
0.209919343838688 0.0109105278424784 -0.0514729458907681 0.244356478202307
0.171629360603623 0.199370095696406 -0.154121130575261 0.195641262871056
0.0607930760950126 0.316612620097721 -0.112489946442455 0.203208092077191
-0.0160153487823424 0.279194542580751 -0.0330091675223713 0.0550657409425092
0.0971714076904541 0.199224323050398 0.16061478677645 -0.0713665418026902
0.172255536755008 0.0819414348575678 -0.0162554473755839 -0.256956535504569
0.140216946107684 -0.0721191439636983 -0.236047779506713 -0.12911471169286
0.0338033328644621 -0.151402215698857 -0.200505045837592 0.102996508571383
-0.0648255700296999 -0.124821243202657 -0.0529260325415263 0.158865117610629
-0.0946689681951043 -0.0698380783714734 0.0205620609214527 0.110377265492648
-0.103699329128953 -0.0566992493770182 0.052834757909321 0.0409848710688471
-0.104869445556554 -0.0624166063212017 0.0702309077963004 -0.0109925600611091
-0.119986035390028 -0.114302450660109 0.112817426325059 -0.0454779173963998
-0.0408646623871065 -0.185287186355074 0.156131117106605 -0.00311862164791778
0.105923080263518 -0.167113222654346 0.145587177118841 0.15041540463245
0.252991204283202 -0.0241171978113804 0.018655372497957 0.232385204768657
0.220064834588674 0.215815791163634 -0.115234882910612 0.185220684869439
0.0683031848321195 0.358262341773833 -0.0932272831587128 0.109860022827104
-0.0713323088378179 0.297571444032377 -0.012577325123725 -0.0642707401822658
0.0626449370386795 0.265134240207049 0.166824598453177 -0.103808955312719
0.19511558094437 0.153656267100053 0.0370372967840954 -0.2747030768273
0.194732733206472 -0.0582917249332187 -0.17354275889872 -0.193501802640844
0.0644169568252219 -0.174282174251267 -0.196768502669355 0.0121899757186216
-0.0651739209283148 -0.151274316369667 -0.0962925440093576 0.0989293492697314
-0.111410868495423 -0.0846177990823868 -0.0298477941474575 0.0810773702899049
-0.113556278277722 -0.0624515736687694 0.00546474941957796 0.0187982633578632
-0.109373105646633 -0.0639454762887782 0.0223253261183699 -0.0338719970762016
-0.12651454527385 -0.116841797968993 0.0691916321389794 -0.0860245089096961
-0.0555081832403279 -0.191467824182153 0.136117036225881 -0.0761676393089906
0.0908156221006278 -0.18249907616235 0.181194042722513 0.0791913338835261
0.25232244447382 -0.043950671487377 0.0697118149671533 0.200262675425424
0.22285449850648 0.205172638692115 -0.0892107761999205 0.16298032408488
0.0597471483698486 0.344766832545276 -0.0833823917740065 0.0116132312272459
-0.108452675848956 0.256411248218742 0.0304434600834492 -0.180654301910624
0.00816897911308542 0.265463244857497 0.176060127376812 -0.142387670517034
0.159902048041268 0.190579134665527 0.0914372154642983 -0.268265396200483
0.199333587850429 -0.0247144542731734 -0.0853711106225503 -0.232071090849072
0.0820277304611446 -0.158004239192772 -0.167208844821097 -0.0821280547193549
-0.0515802810359049 -0.14857068170474 -0.130465811193553 0.0268216102643471
-0.108136423879614 -0.0852856330024821 -0.0824078855970858 0.0462303275981542
-0.106945363607412 -0.0609088760131048 -0.0431353125586224 -0.00540128589910097
-0.0991736661150403 -0.0580988786833594 -0.0224116227993064 -0.0555939416450837
-0.11238879266219 -0.107106736913549 0.028758453953356 -0.11739500090023
-0.0494381287865679 -0.174740386993289 0.112317646753177 -0.128045137269448
0.0819405758057205 -0.164343988762198 0.192685399590606 0.0208393117309454
0.221780267475363 -0.0289939962725363 0.0963607697065354 0.164301417161452
0.177844076934897 0.188114104515185 -0.0721553879915515 0.134801065680444
0.0245882969366487 0.288144766115269 -0.0727184809410142 -0.0733040288908784
-0.111612338748119 0.165096227363233 0.0777922206231681 -0.269807237384178
-0.0344341380748735 0.1988538658647 0.186686172766893 -0.171902409426486
0.0928070494305828 0.164595551861849 0.134052572708472 -0.242825962135518
0.150025402624864 0.00282515788032122 -0.00433775841496734 -0.242808397627425
0.071601707532406 -0.11116548418407 -0.127393727751313 -0.153083559599634
-0.0316306652892477 -0.114480034705377 -0.154211849366351 -0.0364238837893388
-0.084758057436419 -0.0695564308791809 -0.126271354112479 0.0131662562077439
-0.0842086141254798 -0.0508182955872587 -0.0843842162940442 -0.0279512075594721
-0.0772601664960633 -0.0460352417525949 -0.0595154503805547 -0.077643156798544
-0.0857213010505421 -0.0868689191912228 -0.000576245797418404 -0.143872143973897
-0.0312624417686481 -0.141211379444458 0.0980117932177016 -0.161208271491112
0.0791090123400847 -0.125255394354477 0.197105828128372 -0.0158419074726631
0.176531156647196 0.00639724980342898 0.106409001965154 0.137632004980018
0.105143789259816 0.167010237588433 -0.058930607201379 0.107251281786415
-0.0256954663613553 0.202763811751409 -0.0544256726216372 -0.135220091458226
-0.0849715013677399 0.0465162505873536 0.110552596555655 -0.31561780595572
-0.0517951304712584 0.0910162348297096 0.188008211926885 -0.186843012702145
0.0248970072206547 0.0944744660970431 0.154587226845795 -0.22003190421826
0.0734316545421765 0.0145700804789755 0.0425117545482494 -0.24291901702759
0.041099726170144 -0.0509314396042023 -0.103446834473167 -0.190000923233061
-0.0103533182847344 -0.0601789676029954 -0.169317346633855 -0.0743340773994742
-0.0475568609947134 -0.0410286374114401 -0.154887505126767 -0.00959400037033944
-0.0486735839038102 -0.0335067786729225 -0.112074240708249 -0.0450281269400745
-0.04740273177317 -0.0285567045051187 -0.0834922020431621 -0.0965435660995691
-0.0510348955216639 -0.0568919279189584 -0.0160047223245931 -0.165794839879621
-0.0116431429021747 -0.0965553705530697 0.0972349103323686 -0.180833186626149
0.0693945051940918 -0.0804021451971836 0.204048130059206 -0.0305972958590301
0.12155178962212 0.0382799322248098 0.110287295088136 0.124843015080129
0.0266856636838919 0.13046049490443 -0.0485709586282535 0.0889613446603295
-0.0708557492284653 0.0987179139985665 -0.0261969605411861 -0.16637029001032
