TRXV5
3
4
4
9
string Extension=J
integer IsArchMeasurement=1
integer IsSpherical=1
string Generator=SPM
string GeneratorVersion=1.3.1 Dev
double ArchRadius=0.449999988079071
integer FrequencyAxisIndex=0
integer AzimuthAxisIndex=1
integer ElevationAxisIndex=2
Frequency
5 136 690000000 960000000 LIN
Azimuth
7 8 0 2.74889357189107 LIN
Elevation
7 15 -2.74889357189107 2.74889357189107 LIN
Polar H Real Part
13
Polar H Imaginary Part
14
Polar V Real Part
13
Polar V Imaginary Part
14
Polar H Magnitude (dB)
12 0xC0000002 0 1
Polar H Phase
7 0xC0000003 0 1
Polar V Magnitude (dB)
12 0xC0000002 2 3
Polar V Phase
7 0xC0000003 2 3
0.08563232421875 -0.146331787109375 0.33685302734375 -0.269500732421875
-0.0217437744140625 -0.17193603515625 0.10699462890625 -0.221969604492187
-0.124618530273438 -0.0370254516601563 -0.0961990356445313 0.0243453979492187
-0.0930557250976563 0.0578079223632812 0.0350494384765625 0.211380004882813
-0.0432357788085938 0.0704193115234375 0.22259521484375 0.170486450195313
-0.00728607177734375 0.085784912109375 0.3651123046875 0.0323486328125
0.0218048095703125 0.0708160400390625 0.399017333984375 -0.1400146484375
-0.000411987304687492 0.074615478515625 0.371246337890625 -0.20758056640625
-0.0271530151367188 0.08599853515625 0.355712890625 -0.163482666015625
-0.0626602172851563 0.0656852722167969 0.330657958984375 -0.04315185546875
-0.08404541015625 0.005096435546875 0.239425659179688 0.0385894775390625
-0.074676513671875 -0.054931640625 0.124435424804688 0.0660247802734375
0.0123443603515625 -0.119064331054687 0.113632202148438 -0.02276611328125
0.138084411621094 -0.114982604980469 0.366973876953125 -0.15264892578125
0.202239990234375 -0.0535888671875 0.634521484375 0.06048583984375
-0.17169189453125 -0.102249145507812 0.334564208984375 -0.28680419921875
-0.224838256835938 -0.0624542236328125 0.10400390625 -0.233856201171875
-0.21832275390625 0.109695434570312 -0.0746612548828125 -0.00826263427734376
-0.086151123046875 0.221115112304687 0.0421295166015625 0.1634521484375
0.0462646484375 0.188018798828125 0.19927978515625 0.121170043945313
0.156661987304688 0.129837036132813 0.33758544921875 -0.00500488281249999
0.182037353515625 0.0437774658203125 0.353759765625 -0.16204833984375
0.144058227539063 0.04998779296875 0.326507568359375 -0.22711181640625
0.14044189453125 0.0660476684570313 0.323211669921875 -0.187164306640625
0.109565734863281 0.0974960327148437 0.319183349609375 -0.068695068359375
0.041290283203125 0.108535766601563 0.234207153320313 0.00891113281250001
-0.0101089477539063 0.105751037597656 0.142608642578125 0.0373992919921875
-0.057769775390625 0.0619697570800781 0.168502807617188 -0.0515289306640625
-0.0593109130859375 0.0190391540527344 0.41839599609375 -0.152099609375
-0.0527572631835937 0.0240287780761719 0.678466796875 0.07147216796875
-0.399658203125 -0.0323486328125 0.264373779296875 -0.291412353515625
-0.386688232421875 0.07208251953125 0.0670013427734375 -0.2249755859375
-0.26776123046875 0.252334594726563 -0.0548934936523438 -0.031707763671875
-0.053314208984375 0.35345458984375 0.0458908081054688 0.100273132324219
0.136459350585937 0.274017333984375 0.153900146484375 0.0563201904296875
0.298675537109375 0.14984130859375 0.262741088867188 -0.0425872802734375
0.31390380859375 0.008056640625 0.255767822265625 -0.159408569335938
0.26708984375 0.01904296875 0.230438232421875 -0.210540771484375
0.291656494140625 0.038360595703125 0.23846435546875 -0.182205200195313
0.269683837890625 0.122711181640625 0.255340576171875 -0.085174560546875
0.161605834960937 0.2088623046875 0.19146728515625 -0.029144287109375
0.049468994140625 0.266616821289063 0.145248413085938 -0.00679016113281248
-0.138168334960937 0.239273071289063 0.21514892578125 -0.0770263671875
-0.262939453125 0.142898559570313 0.426727294921875 -0.12005615234375
-0.30755615234375 0.0894470214843751 0.63482666015625 0.093505859375
-0.567138671875 0.0601196289062501 0.141632080078125 -0.266525268554688
-0.4837646484375 0.219757080078125 0.01031494140625 -0.184967041015625
-0.259979248046875 0.376190185546875 -0.0329170227050781 -0.0461006164550781
0.007354736328125 0.439178466796875 0.0393447875976563 0.0268783569335938
0.21929931640625 0.312103271484375 0.0854949951171875 -0.011688232421875
0.39959716796875 0.138153076171875 0.151992797851563 -0.0703887939453125
0.397064208984375 -0.030242919921875 0.122917175292969 -0.130409240722656
0.34893798828125 -0.013916015625 0.100051879882813 -0.161148071289063
0.397796630859375 0.0096435546875 0.113800048828125 -0.150070190429688
0.388824462890625 0.135650634765625 0.146957397460938 -0.093719482421875
0.256256103515625 0.286529541015625 0.113571166992188 -0.0727767944335937
0.095733642578125 0.396575927734375 0.126197814941406 -0.0613021850585937
-0.21112060546875 0.38055419921875 0.23797607421875 -0.09765625
-0.435150146484375 0.2376708984375 0.381011962890625 -0.06719970703125
-0.5162353515625 0.134765625 0.508331298828125 0.118621826171875
-0.652099609375 0.14898681640625 -0.016632080078125 -0.207855224609375
-0.5103759765625 0.347412109375 -0.0542144775390625 -0.113533020019531
-0.207489013671875 0.46075439453125 -0.0132064819335938 -0.0492630004882812
0.081756591796875 0.463226318359375 0.0200881958007813 -0.0435905456542968
0.280120849609375 0.300079345703125 7.24792480468902E-05 -0.0680389404296875
0.4471435546875 0.0997314453125 0.02081298828125 -0.0801239013671875
0.42169189453125 -0.068634033203125 -0.0261077880859375 -0.0786895751953125
0.378326416015625 -0.044097900390625 -0.0472869873046875 -0.0876007080078125
0.442657470703125 -0.0196533203125 -0.0351715087890625 -0.0978927612304688
0.442596435546875 0.12835693359375 0.00618743896484377 -0.0947036743164062
0.30352783203125 0.31689453125 0.00917816162109377 -0.115806579589844
0.121917724609375 0.460357666015625 0.0853805541992188 -0.117904663085937
-0.24871826171875 0.455810546875 0.229934692382812 -0.110366821289062
-0.533782958984375 0.288055419921875 0.281112670898437 -0.00265502929687498
-0.63916015625 0.1610107421875 0.3134765625 0.13812255859375
-0.64874267578125 0.20867919921875 -0.189041137695313 -0.125320434570313
-0.4747314453125 0.410919189453125 -0.120262145996094 -0.0220870971679687
-0.13787841796875 0.472991943359375 -0.00124740600585939 -0.0387382507324219
0.13690185546875 0.425048828125 -0.0135574340820312 -0.0978012084960937
0.29925537109375 0.24798583984375 -0.0909957885742187 -0.0998001098632813
0.428497314453125 0.047332763671875 -0.111549377441406 -0.06439208984375
0.384185791015625 -0.0987548828125 -0.167404174804688 -0.00967407226562503
0.348388671875 -0.067108154296875 -0.1864013671875 -0.00276184082031253
0.413238525390625 -0.044677734375 -0.181243896484375 -0.03533935546875
0.416839599609375 0.09588623046875 -0.13812255859375 -0.0894546508789062
0.292266845703125 0.28668212890625 -0.095947265625 -0.150009155273438
0.12432861328125 0.432220458984375 0.034423828125 -0.1629638671875
-0.236541748046875 0.439178466796875 0.193801879882812 -0.110061645507812
-0.52996826171875 0.287445068359375 0.15008544921875 0.064666748046875
-0.65216064453125 0.1685791015625 0.0877380371093749 0.152496337890625
-0.55242919921875 0.216583251953125 -0.357330322265625 -0.04193115234375
-0.383331298828125 0.38800048828125 -0.187820434570313 0.0664672851562501
-0.074462890625 0.406768798828125 -0.00413703918457032 -0.0160388946533203
0.152618408203125 0.331787109375 -0.0536041259765625 -0.124641418457031
0.26800537109375 0.16949462890625 -0.1702880859375 -0.105117797851562
0.347991943359375 -0.00299072265625 -0.22369384765625 -0.0288848876953125
0.29217529296875 -0.107666015625 -0.28057861328125 0.0651245117187501
0.26495361328125 -0.07879638671875 -0.296478271484375 0.083038330078125
0.314361572265625 -0.0609130859375 -0.29913330078125 0.0280456542968751
0.3187255859375 0.041748046875 -0.257064819335938 -0.0789642333984375
0.231353759765625 0.19488525390625 -0.17730712890625 -0.16851806640625
0.111541748046875 0.31591796875 -0.00952148437500001 -0.189239501953125
-0.1641845703125 0.3441162109375 0.144073486328125 -0.094635009765625
-0.41949462890625 0.24627685546875 0.0166854858398437 0.12298583984375
-0.556396484375 0.162750244140625 -0.127182006835938 0.158523559570313
-0.377044677734375 0.1796875 -0.498260498046875 0.02142333984375
-0.2513427734375 0.286285400390625 -0.2550048828125 0.130218505859375
-0.02557373046875 0.275436401367188 -0.0240688323974609 0.0148067474365235
0.12799072265625 0.198516845703125 -0.0914840698242187 -0.125465393066406
0.189102172851563 0.0806732177734375 -0.225311279296875 -0.090057373046875
0.216018676757812 -0.03802490234375 -0.302734375 0.0160217285156251
0.158065795898438 -0.0963287353515625 -0.35150146484375 0.1328125
0.141189575195313 -0.07757568359375 -0.360870361328125 0.15411376953125
0.166366577148437 -0.069793701171875 -0.368072509765625 0.080780029296875
0.173583984375 -0.0262908935546875 -0.326446533203125 -0.064483642578125
0.14208984375 0.065704345703125 -0.21844482421875 -0.168655395507812
0.0967864990234375 0.147598266601562 -0.0346832275390625 -0.19183349609375
-0.04864501953125 0.207077026367188 0.0969924926757813 -0.06689453125
-0.234451293945312 0.188735961914063 -0.08642578125 0.167205810546875
-0.372039794921875 0.1533203125 -0.292236328125 0.164093017578125
0.0732269287109375 -0.17236328125 0.301910400390625 -0.309051513671875
-0.0524444580078125 -0.185623168945313 0.07501220703125 -0.240463256835938
-0.1431884765625 -0.0230712890625 -0.100341796875 0.0333251953125
-0.0953750610351563 0.0787353515625 0.051239013671875 0.2108154296875
-0.0362701416015625 0.0876388549804688 0.238311767578125 0.15380859375
0.00978088378906249 0.0987930297851563 0.37139892578125 0.000366210937500006
0.0409164428710938 0.0773239135742187 0.385498046875 -0.1798095703125
0.0171432495117188 0.08416748046875 0.349517822265625 -0.2491455078125
-0.0087890625 0.101982116699219 0.3404541015625 -0.2041015625
-0.0555648803710937 0.0873184204101563 0.328369140625 -0.07855224609375
-0.0929641723632812 0.0228271484375 0.250045776367188 0.0133819580078125
-0.0934371948242188 -0.0470809936523437 0.13995361328125 0.0560531616210937
-0.006317138671875 -0.132766723632813 0.118560791015625 -0.0233917236328125
0.130905151367188 -0.148880004882813 0.351654052734375 -0.178436279296875
0.209396362304687 -0.0908966064453125 0.63677978515625 0.01226806640625
-0.179840087890625 -0.102676391601563 0.300201416015625 -0.33319091796875
-0.243942260742188 -0.0556182861328125 0.072113037109375 -0.254974365234375
-0.223251342773438 0.131362915039062 -0.0836257934570313 -0.00322723388671874
-0.071502685546875 0.240081787109375 0.0530242919921875 0.159652709960938
0.06561279296875 0.196304321289063 0.207366943359375 0.102508544921875
0.177780151367188 0.124237060546875 0.3345947265625 -0.03814697265625
0.19659423828125 0.0325927734375 0.33367919921875 -0.198944091796875
0.158843994140625 0.04412841796875 0.2979736328125 -0.26568603515625
0.155868530273438 0.062591552734375 0.30218505859375 -0.228057861328125
0.119758605957031 0.098846435546875 0.3134765625 -0.10772705078125
0.04345703125 0.111717224121094 0.241729736328125 -0.02081298828125
-0.010528564453125 0.105842590332031 0.15802001953125 0.02130126953125
-0.0573272705078125 0.0540618896484375 0.172882080078125 -0.061798095703125
-0.0526161193847656 0.00618362426757813 0.405914306640625 -0.186614990234375
-0.0380668640136719 0.0133018493652344 0.68695068359375 0.01556396484375
-0.402130126953125 -0.00781249999999999 0.23040771484375 -0.335479736328125
-0.388702392578125 0.0959777832031251 0.0366058349609375 -0.244110107421875
-0.256759643554687 0.276718139648438 -0.0670433044433594 -0.0308647155761719
-0.025177001953125 0.367034912109375 0.0494232177734375 0.0943374633789063
0.163558959960938 0.269622802734375 0.153396606445312 0.038787841796875
0.318634033203125 0.12664794921875 0.25274658203125 -0.072296142578125
0.322540283203125 -0.017822265625 0.231689453125 -0.188812255859375
0.276443481445313 -0.0028839111328125 0.200347900390625 -0.240447998046875
0.302398681640625 0.015838623046875 0.213790893554688 -0.216781616210937
0.283294677734375 0.103271484375 0.2474365234375 -0.123260498046875
0.176742553710938 0.198822021484375 0.195480346679688 -0.060272216796875
0.0680999755859375 0.260940551757813 0.157867431640625 -0.0273895263671875
-0.119293212890625 0.24041748046875 0.219802856445313 -0.0965423583984375
-0.246383666992188 0.152816772460938 0.42181396484375 -0.1595458984375
-0.28936767578125 0.107696533203125 0.65155029296875 0.03753662109375
-0.557220458984375 0.106597900390625 0.1134033203125 -0.30255126953125
-0.467987060546875 0.258148193359375 -0.0149383544921875 -0.20257568359375
-0.232086181640625 0.3984375 -0.0475807189941406 -0.0502128601074219
0.045806884765625 0.44110107421875 0.0359268188476563 0.0202217102050782
0.248565673828125 0.295623779296875 0.0768280029296875 -0.026153564453125
0.414093017578125 0.100311279296875 0.134925842285156 -0.0925750732421875
0.397430419921875 -0.07012939453125 0.09881591796875 -0.147491455078125
0.352783203125 -0.047149658203125 0.072235107421875 -0.177932739257813
0.4039306640625 -0.028594970703125 0.089447021484375 -0.172866821289063
0.403839111328125 0.098785400390625 0.136978149414063 -0.124237060546875
0.2823486328125 0.2652587890625 0.111953735351563 -0.0989227294921875
0.13067626953125 0.38812255859375 0.133285522460938 -0.0831451416015625
-0.1768798828125 0.39202880859375 0.241104125976563 -0.124618530273437
-0.412628173828125 0.270660400390625 0.384246826171875 -0.10491943359375
-0.49761962890625 0.178802490234375 0.532135009765625 0.073699951171875
-0.636474609375 0.21142578125 -0.03485107421875 -0.2325439453125
-0.47589111328125 0.394256591796875 -0.069244384765625 -0.126701354980469
-0.16656494140625 0.4759521484375 -0.0285301208496094 -0.0565147399902343
0.12591552734375 0.45379638671875 0.00931167602539063 -0.0499038696289062
0.307891845703125 0.272308349609375 -0.01397705078125 -0.0753326416015625
0.452880859375 0.0526123046875 0.00127410888671879 -0.0912094116210938
0.412139892578125 -0.113616943359375 -0.045623779296875 -0.0803909301757813
0.373016357421875 -0.084228515625 -0.0680465698242187 -0.089752197265625
0.44085693359375 -0.068389892578125 -0.0562973022460937 -0.104866027832031
0.457061767578125 0.07830810546875 -0.00540161132812497 -0.11175537109375
0.33514404296875 0.288299560546875 0.000434875488281278 -0.133781433105469
0.1689453125 0.448516845703125 0.0845794677734375 -0.138473510742187
-0.205596923828125 0.474761962890625 0.231430053710937 -0.141342163085937
-0.505828857421875 0.3363037109375 0.292633056640625 -0.0323486328125
-0.6219482421875 0.22381591796875 0.340789794921875 0.11138916015625
-0.6278076171875 0.2763671875 -0.195236206054688 -0.133621215820312
-0.428802490234375 0.461761474609375 -0.122833251953125 -0.029266357421875
-0.089630126953125 0.485107421875 -0.0141105651855469 -0.0493545532226562
0.183349609375 0.408355712890625 -0.0296096801757812 -0.10174560546875
0.32464599609375 0.212005615234375 -0.106773376464844 -0.099365234375
0.427520751953125 -0.003326416015625 -0.128570556640625 -0.0622482299804688
0.36834716796875 -0.141876220703125 -0.178878784179687 0.00363159179687503
0.3397216796875 -0.1072998046875 -0.197128295898437 0.0114593505859375
0.40545654296875 -0.0943603515625 -0.195281982421875 -0.025909423828125
0.42633056640625 0.045623779296875 -0.15045166015625 -0.0915374755859375
0.323333740234375 0.255340576171875 -0.110198974609375 -0.156387329101562
0.172821044921875 0.41729736328125 0.0261688232421875 -0.179443359375
-0.189453125 0.459747314453125 0.193008422851563 -0.139633178710937
-0.50286865234375 0.342742919921875 0.168228149414062 0.04656982421875
-0.63665771484375 0.2406005859375 0.11749267578125 0.146514892578125
-0.533233642578125 0.283599853515625 -0.352325439453125 -0.0315246582031249
-0.339813232421875 0.4384765625 -0.17828369140625 0.067138671875
-0.0283203125 0.41888427734375 -0.0130119323730469 -0.0265712738037109
0.195159912109375 0.313568115234375 -0.0719223022460937 -0.124412536621094
0.288482666015625 0.13360595703125 -0.184494018554687 -0.094818115234375
0.342376708984375 -0.0496826171875 -0.23516845703125 -0.0136566162109375
0.271774291992188 -0.145721435546875 -0.281341552734375 0.09161376953125
0.251663208007813 -0.11358642578125 -0.2960205078125 0.11016845703125
0.30194091796875 -0.103057861328125 -0.3046875 0.0523681640625
0.319366455078125 -0.0023193359375 -0.268218994140625 -0.06622314453125
0.253265380859375 0.163848876953125 -0.194869995117188 -0.1640625
0.150726318359375 0.298583984375 -0.023101806640625 -0.1995849609375
-0.1217041015625 0.357208251953125 0.142486572265625 -0.118194580078125
-0.393951416015625 0.29779052734375 0.040252685546875 0.120384216308594
-0.541351318359375 0.2327880859375 -0.0974273681640625 0.1756591796875
-0.366424560546875 0.23150634765625 -0.488433837890625 0.0475158691406251
-0.220916748046875 0.327239990234375 -0.238845825195312 0.14111328125
0.00985717773437502 0.2869873046875 -0.0290489196777344 0.00723457336425783
0.160232543945313 0.184661865234375 -0.110084533691406 -0.119255065917969
0.2041015625 0.051513671875 -0.238311767578125 -0.069244384765625
0.2091064453125 -0.0738983154296875 -0.305419921875 0.043426513671875
0.138191223144531 -0.123802185058594 -0.340789794921875 0.16876220703125
0.126197814941406 -0.100936889648438 -0.348846435546875 0.19024658203125
0.150650024414063 -0.097076416015625 -0.364990234375 0.11492919921875
0.165298461914063 -0.0565643310546875 -0.334808349609375 -0.0406494140625
0.15057373046875 0.040802001953125 -0.2354736328125 -0.156387329101562
0.120719909667969 0.128776550292969 -0.050079345703125 -0.196685791015625
-0.01568603515625 0.210464477539063 0.096832275390625 -0.08306884765625
-0.210586547851563 0.225204467773437 -0.058319091796875 0.177780151367188
-0.358062744140625 0.209442138671875 -0.262649536132813 0.200485229492187
0.051971435546875 -0.191268920898438 0.2491455078125 -0.329254150390625
-0.08642578125 -0.185409545898438 0.0371551513671875 -0.241561889648437
-0.154708862304688 -0.00283813476562501 -0.101066589355469 0.0438385009765625
-0.0895919799804687 0.0981979370117188 0.0647430419921875 0.203323364257812
-0.0235366821289062 0.101875305175781 0.242446899414063 0.131423950195313
0.0310745239257813 0.10272216796875 0.361602783203125 -0.029266357421875
0.062042236328125 0.0762557983398438 0.354705810546875 -0.20660400390625
0.0373001098632813 0.086273193359375 0.310943603515625 -0.272796630859375
0.0144119262695312 0.109214782714844 0.30804443359375 -0.230865478515625
-0.0400924682617187 0.103973388671875 0.3096923828125 -0.106781005859375
-0.0941390991210938 0.0427398681640625 0.246429443359375 -0.013458251953125
-0.107635498046875 -0.0327301025390625 0.149139404296875 0.0406951904296875
-0.0289154052734375 -0.137786865234375 0.121452331542969 -0.0240707397460938
0.111038208007813 -0.177337646484375 0.324005126953125 -0.1910400390625
0.199691772460938 -0.12847900390625 0.61181640625 -0.02880859375
-0.184417724609375 -0.100326538085938 0.245269775390625 -0.35693359375
-0.256561279296875 -0.044158935546875 0.03326416015625 -0.258087158203125
-0.218780517578125 0.15032958984375 -0.08990478515625 0.00384521484375001
-0.052764892578125 0.250228881835938 0.060150146484375 0.151458740234375
0.0832061767578125 0.195465087890625 0.20513916015625 0.082305908203125
0.192520141601563 0.112213134765625 0.316741943359375 -0.0643310546875
0.2056884765625 0.0182647705078125 0.2987060546875 -0.22149658203125
0.16864013671875 0.033599853515625 0.255462646484375 -0.285888671875
0.167633056640625 0.0555877685546875 0.262863159179688 -0.253463745117188
0.127883911132813 0.0970687866210938 0.290283203125 -0.139373779296875
0.0446624755859375 0.11419677734375 0.235275268554687 -0.05096435546875
-0.0132522583007812 0.104591369628906 0.16455078125 0.00119018554687501
-0.0596961975097656 0.0437393188476563 0.17218017578125 -0.0705718994140625
-0.049591064453125 -0.0112342834472656 0.378021240234375 -0.2078857421875
-0.0270481109619141 -0.00407791137695313 0.66583251953125 -0.0355224609375
-0.386871337890625 0.012908935546875 0.18072509765625 -0.35821533203125
-0.378204345703125 0.1162109375 -0.000915527343750012 -0.248809814453125
-0.236328125 0.29010009765625 -0.0779190063476563 -0.025909423828125
0.00161743164062503 0.364501953125 0.049591064453125 0.0864791870117188
0.182937622070313 0.254989624023438 0.14385986328125 0.022003173828125
0.324676513671875 0.100067138671875 0.2291259765625 -0.0936737060546875
0.317901611328125 -0.0430908203125 0.19671630859375 -0.203262329101563
0.274749755859375 -0.0234222412109375 0.158294677734375 -0.253097534179688
0.300750732421875 -0.00653076171875 0.17462158203125 -0.236190795898438
0.284942626953125 0.081634521484375 0.223159790039063 -0.153305053710938
0.182586669921875 0.183059692382813 0.185989379882813 -0.0882415771484375
0.0797119140625 0.245941162109375 0.161026000976562 -0.0499725341796875
-0.101165771484375 0.229095458984375 0.215042114257813 -0.113067626953125
-0.224319458007812 0.15093994140625 0.399505615234375 -0.18670654296875
-0.26123046875 0.112747192382813 0.638916015625 -0.01531982421875
-0.525970458984375 0.142181396484375 0.07220458984375 -0.322540283203125
-0.431884765625 0.2799072265625 -0.044647216796875 -0.207275390625
-0.19866943359375 0.40289306640625 -0.0625801086425781 -0.0480918884277343
0.078338623046875 0.425537109375 0.0285625457763672 0.0141792297363282
0.263916015625 0.268157958984375 0.0625991821289063 -0.0360641479492187
0.40924072265625 0.06292724609375 0.109725952148438 -0.104568481445313
0.37939453125 -0.100494384765625 0.069580078125 -0.151626586914063
0.3404541015625 -0.075836181640625 0.038238525390625 -0.181350708007813
0.38983154296875 -0.062591552734375 0.0562744140625 -0.183258056640625
0.399658203125 0.061492919921875 0.1143798828125 -0.1474609375
0.2926025390625 0.234954833984375 0.099334716796875 -0.121833801269531
0.155181884765625 0.3616943359375 0.131217956542969 -0.106002807617187
-0.1422119140625 0.38323974609375 0.233840942382813 -0.147903442382813
-0.37359619140625 0.284210205078125 0.3707275390625 -0.136871337890625
-0.4559326171875 0.206298828125 0.52899169921875 0.025299072265625
-0.58843994140625 0.25531005859375 -0.05987548828125 -0.24700927734375
-0.421722412109375 0.41766357421875 -0.088134765625 -0.132789611816406
-0.123046875 0.46929931640625 -0.0447311401367188 -0.0584640502929687
0.159332275390625 0.4248046875 -0.00360107421875 -0.0523643493652343
0.319183349609375 0.23333740234375 -0.0300674438476562 -0.0774459838867187
0.43634033203125 0.00958251953125 -0.0214309692382812 -0.092132568359375
0.382781982421875 -0.14727783203125 -0.0640106201171875 -0.07476806640625
0.351898193359375 -0.115264892578125 -0.08831787109375 -0.0830230712890625
0.4168701171875 -0.10821533203125 -0.0781021118164063 -0.103645324707031
0.4459228515625 0.031829833984375 -0.0234832763671875 -0.123397827148438
0.347991943359375 0.24774169921875 -0.013275146484375 -0.145843505859375
0.200897216796875 0.41357421875 0.0761871337890625 -0.156585693359375
-0.158416748046875 0.468231201171875 0.219924926757813 -0.167770385742188
-0.459808349609375 0.364501953125 0.290008544921875 -0.0628662109375
-0.57293701171875 0.26953125 0.35162353515625 0.07366943359375
-0.57464599609375 0.327392578125 -0.201766967773438 -0.14013671875
-0.36456298828125 0.483612060546875 -0.126739501953125 -0.03680419921875
-0.040252685546875 0.471649169921875 -0.0298614501953125 -0.0546226501464844
0.2147216796875 0.3720703125 -0.0448684692382812 -0.0987777709960937
0.32952880859375 0.168914794921875 -0.120567321777344 -0.0917434692382813
0.40252685546875 -0.046234130859375 -0.142745971679687 -0.0539093017578125
0.33233642578125 -0.172149658203125 -0.182266235351563 0.0186614990234375
0.31280517578125 -0.137176513671875 -0.200286865234375 0.027862548828125
0.375701904296875 -0.13214111328125 -0.203933715820312 -0.0126953125
0.410888671875 -0.00238037109375 -0.161636352539062 -0.0885620117187501
0.3349609375 0.211029052734375 -0.124771118164062 -0.15655517578125
0.20635986328125 0.37957763671875 0.013275146484375 -0.190414428710937
-0.13909912109375 0.45452880859375 0.180343627929688 -0.16424560546875
-0.4521484375 0.376373291015625 0.1773681640625 0.022918701171875
-0.58599853515625 0.29364013671875 0.14166259765625 0.127655029296875
-0.4859619140625 0.332977294921875 -0.33856201171875 -0.0263671874999999
-0.277557373046875 0.46173095703125 -0.167266845703125 0.060943603515625
0.0181884765625 0.4049072265625 -0.0252742767333984 -0.0333404541015625
0.223037719726563 0.276016235351563 -0.0873489379882813 -0.116630554199219
0.289886474609375 0.092071533203125 -0.193069458007812 -0.0785675048828125
0.315887451171875 -0.08795166015625 -0.237075805664062 0.00349426269531251
0.2342529296875 -0.170166015625 -0.26885986328125 0.113754272460938
0.222854614257812 -0.1370849609375 -0.282684326171875 0.13250732421875
0.270904541015625 -0.13336181640625 -0.2987060546875 0.074371337890625
0.29949951171875 -0.04205322265625 -0.271804809570313 -0.0518798828125
0.257843017578125 0.125289916992188 -0.2064208984375 -0.1531982421875
0.177963256835938 0.264190673828125 -0.038330078125 -0.202911376953125
-0.076080322265625 0.35015869140625 0.131278991699219 -0.138542175292969
-0.347015380859375 0.329071044921875 0.061309814453125 0.106758117675781
-0.4942626953125 0.287506103515625 -0.061553955078125 0.176239013671875
-0.334197998046875 0.27294921875 -0.462554931640625 0.066162109375
-0.17449951171875 0.35101318359375 -0.216323852539062 0.139358520507813
0.046539306640625 0.28228759765625 -0.0361213684082031 0.000827789306640647
0.182220458984375 0.157485961914063 -0.123664855957031 -0.105743408203125
0.205032348632813 0.01885986328125 -0.239898681640625 -0.0460205078125
0.186477661132813 -0.102767944335938 -0.295196533203125 0.067291259765625
0.107696533203125 -0.138862609863281 -0.314453125 0.194427490234375
0.101081848144531 -0.114814758300781 -0.321258544921875 0.2149658203125
0.123184204101563 -0.1146240234375 -0.345916748046875 0.142120361328125
0.142532348632813 -0.08154296875 -0.331451416015625 -0.0185852050781251
0.146728515625 0.012939453125 -0.242691040039062 -0.138153076171875
0.133987426757813 0.0999984741210938 -0.064544677734375 -0.193893432617188
0.01611328125 0.198150634765625 0.0894851684570313 -0.09716796875
-0.171707153320313 0.246932983398438 -0.0279998779296875 0.174819946289063
-0.318389892578125 0.253692626953125 -0.216842651367188 0.219085693359375
0.02923583984375 -0.20074462890625 0.20050048828125 -0.324462890625
-0.114791870117188 -0.176803588867187 0.00679016113281248 -0.228485107421875
-0.159622192382813 0.0169677734375 -0.0996017456054688 0.0522918701171875
-0.0801162719726563 0.114547729492187 0.07080078125 0.19464111328125
-0.0094757080078125 0.110519409179688 0.236602783203125 0.115203857421875
0.0504302978515625 0.101959228515625 0.343963623046875 -0.04632568359375
0.0798110961914063 0.069122314453125 0.322723388671875 -0.214752197265625
0.0559005737304688 0.0819778442382813 0.273193359375 -0.275955200195312
0.0373687744140625 0.109512329101563 0.274246215820313 -0.239837646484375
-0.0213241577148438 0.114913940429688 0.285369873046875 -0.12078857421875
-0.0900039672851563 0.060882568359375 0.235336303710938 -0.0317535400390625
-0.115737915039063 -0.0161590576171875 0.152328491210938 0.0263519287109375
-0.0498275756835937 -0.136940002441406 0.126350402832031 -0.022979736328125
0.086273193359375 -0.196533203125 0.298065185546875 -0.18597412109375
0.1815185546875 -0.156265258789063 0.575439453125 -0.0443115234375
-0.186187744140625 -0.102676391601563 0.193328857421875 -0.35504150390625
-0.265350341796875 -0.0346832275390625 0.000503540039062501 -0.2469482421875
-0.212142944335937 0.163192749023438 -0.0933761596679688 0.0125198364257813
-0.0376129150390625 0.254409790039063 0.061370849609375 0.1434326171875
0.0957183837890625 0.192245483398438 0.1942138671875 0.068511962890625
0.201080322265625 0.101272583007813 0.29254150390625 -0.078277587890625
0.209579467773437 0.00640869140625 0.26214599609375 -0.224395751953125
0.1751708984375 0.02496337890625 0.21429443359375 -0.284393310546875
0.176620483398438 0.049163818359375 0.222320556640625 -0.25909423828125
0.133888244628906 0.096221923828125 0.261734008789063 -0.155441284179688
0.044281005859375 0.118682861328125 0.220230102539063 -0.0710906982421875
-0.0186309814453125 0.104782104492188 0.164382934570313 -0.017364501953125
-0.066864013671875 0.0328559875488281 0.170928955078125 -0.0740966796875
-0.0538711547851563 -0.0310554504394531 0.35015869140625 -0.21026611328125
-0.0224399566650391 -0.0258636474609375 0.629150390625 -0.06103515625
-0.366546630859375 0.018463134765625 0.130828857421875 -0.35931396484375
-0.367034912109375 0.121734619140625 -0.0314788818359375 -0.239822387695313
-0.220977783203125 0.29150390625 -0.0863418579101563 -0.0183639526367187
0.019744873046875 0.3558349609375 0.0450439453125 0.080902099609375
0.189971923828125 0.240554809570312 0.129013061523438 0.0136032104492188
0.320465087890625 0.0816650390625 0.2020263671875 -0.0999908447265625
0.306365966796875 -0.05755615234375 0.163299560546875 -0.200088500976563
0.268966674804688 -0.0355987548828125 0.120223999023438 -0.247268676757813
0.293914794921875 -0.019256591796875 0.136581420898438 -0.23712158203125
0.27850341796875 0.0687408447265625 0.19403076171875 -0.168411254882813
0.179000854492188 0.172210693359375 0.1688232421875 -0.108718872070312
0.07843017578125 0.230422973632813 0.156982421875 -0.0696563720703125
-0.0947418212890625 0.210250854492188 0.209518432617188 -0.123046875
-0.207748413085938 0.136383056640625 0.374237060546875 -0.19781494140625
-0.235061645507813 0.101226806640625 0.6097412109375 -0.0478515625
-0.486083984375 0.151641845703125 0.0326843261718749 -0.325958251953125
-0.40008544921875 0.28033447265625 -0.071624755859375 -0.203109741210937
-0.175628662109375 0.390777587890625 -0.0744705200195313 -0.0429458618164062
0.0941162109375 0.4027099609375 0.0195045471191406 0.0120716094970703
0.2640380859375 0.244125366210938 0.0461273193359375 -0.0380783081054687
0.3917236328125 0.040313720703125 0.083770751953125 -0.103828430175781
0.35498046875 -0.116058349609375 0.043304443359375 -0.143768310546875
0.32177734375 -0.088958740234375 0.0092010498046875 -0.171951293945313
0.369293212890625 -0.080322265625 0.0253753662109375 -0.180267333984375
0.38201904296875 0.037811279296875 0.08856201171875 -0.158767700195313
0.28753662109375 0.210296630859375 0.0830078125 -0.137153625488281
0.161834716796875 0.33233642578125 0.124069213867188 -0.123573303222656
-0.12066650390625 0.360687255859375 0.22308349609375 -0.162506103515625
-0.3426513671875 0.277313232421875 0.351898193359375 -0.1546630859375
-0.412353515625 0.208709716796875 0.5120849609375 -0.00784301757812499
-0.535064697265625 0.26861572265625 -0.0847930908203125 -0.253692626953125
-0.372772216796875 0.41033935546875 -0.106147766113281 -0.135368347167969
-0.096160888671875 0.44525146484375 -0.0595817565917969 -0.056182861328125
0.17230224609375 0.391326904296875 -0.0157737731933594 -0.0501937866210937
0.311248779296875 0.204345703125 -0.044586181640625 -0.0737991333007812
0.408843994140625 -0.014251708984375 -0.0408782958984375 -0.08587646484375
0.34979248046875 -0.159698486328125 -0.0784683227539062 -0.0635986328125
0.325469970703125 -0.128173828125 -0.103904724121094 -0.0702667236328125
0.38543701171875 -0.12750244140625 -0.0970535278320312 -0.0960235595703125
0.421478271484375 0.0029296875 -0.0423049926757812 -0.128097534179688
0.341339111328125 0.216400146484375 -0.0279998779296875 -0.153976440429688
0.212615966796875 0.3758544921875 0.0659332275390625 -0.169754028320313
-0.127471923828125 0.442047119140625 0.205612182617188 -0.184310913085937
-0.413726806640625 0.363800048828125 0.280059814453125 -0.083831787109375
-0.51904296875 0.281280517578125 0.3486328125 0.044464111328125
-0.51629638671875 0.344268798828125 -0.206695556640625 -0.14910888671875
-0.30767822265625 0.4771728515625 -0.133056640625 -0.0458984375
-0.01043701171875 0.4423828125 -0.044891357421875 -0.0554580688476562
0.22381591796875 0.3310546875 -0.0565872192382812 -0.093475341796875
0.316192626953125 0.134918212890625 -0.129447937011719 -0.0828628540039063
0.368072509765625 -0.06854248046875 -0.15252685546875 -0.043365478515625
0.293609619140625 -0.18145751953125 -0.182281494140625 0.0303802490234375
0.28057861328125 -0.147811889648438 -0.200912475585938 0.040252685546875
0.339385986328125 -0.14923095703125 -0.2083740234375 -0.00109863281250003
0.38055419921875 -0.0322265625 -0.17132568359375 -0.08648681640625
0.326416015625 0.17364501953125 -0.135116577148437 -0.155715942382813
0.218719482421875 0.340057373046875 0.00120544433593751 -0.197296142578125
-0.10321044921875 0.428558349609375 0.164352416992188 -0.1793212890625
-0.401763916015625 0.382171630859375 0.177932739257812 0.00204467773437502
-0.52642822265625 0.314605712890625 0.155014038085937 0.104812622070313
-0.43316650390625 0.35125732421875 -0.3262939453125 -0.0344848632812499
-0.222412109375 0.456329345703125 -0.161758422851562 0.046356201171875
0.04925537109375 0.378509521484375 -0.0386695861816406 -0.0377655029296875
0.232025146484375 0.237716674804688 -0.0966339111328125 -0.107025146484375
0.275588989257813 0.05926513671875 -0.194595336914062 -0.0648956298828125
0.279830932617188 -0.10675048828125 -0.234710693359375 0.0156402587890625
0.197113037109375 -0.175323486328125 -0.254531860351563 0.124404907226563
0.191818237304688 -0.144073486328125 -0.266998291015625 0.144363403320313
0.23492431640625 -0.14459228515625 -0.2882080078125 0.087432861328125
0.26873779296875 -0.0653076171875 -0.270828247070313 -0.042236328125
0.247695922851562 0.0941925048828125 -0.212234497070312 -0.14422607421875
0.185714721679688 0.226409912109375 -0.0497589111328125 -0.202072143554687
-0.04534912109375 0.327301025390625 0.117431640625 -0.151168823242187
-0.2978515625 0.336334228515625 0.0736465454101563 0.0885238647460938
-0.435211181640625 0.309326171875 -0.0318603515625 0.163558959960938
-0.295318603515625 0.294677734375 -0.43389892578125 0.063262939453125
-0.13092041015625 0.354034423828125 -0.201156616210938 0.123779296875
0.0727996826171875 0.26629638671875 -0.0459480285644531 -0.00414657592773436
0.191802978515625 0.128707885742188 -0.1304931640625 -0.093109130859375
0.19439697265625 -0.0072784423828125 -0.233062744140625 -0.0283050537109375
0.158477783203125 -0.118301391601563 -0.279037475585938 0.081207275390625
0.0764312744140625 -0.14056396484375 -0.287200927734375 0.203094482421875
0.0753707885742188 -0.116523742675781 -0.292694091796875 0.22491455078125
0.0944442749023438 -0.1180419921875 -0.32342529296875 0.153472900390625
0.114051818847656 -0.0942764282226562 -0.3211669921875 -0.00561523437499995
0.133346557617188 -0.0092315673828125 -0.242645263671875 -0.125137329101563
0.135086059570313 0.0710296630859375 -0.07293701171875 -0.188461303710938
0.0379638671875 0.177444458007813 0.0805435180664063 -0.105873107910156
-0.13177490234375 0.251434326171875 -0.00382995605468751 0.160202026367188
-0.271347045898438 0.27545166015625 -0.174560546875 0.215499877929688
0.0110321044921875 -0.207931518554687 0.16448974609375 -0.3072509765625
-0.138153076171875 -0.166549682617188 -0.0129852294921875 -0.210479736328125
-0.162277221679688 0.03399658203125 -0.0984649658203125 0.060150146484375
-0.0709075927734375 0.128448486328125 0.071746826171875 0.190994262695313
0.00444793701171874 0.117919921875 0.22955322265625 0.108673095703125
0.0676193237304687 0.0984725952148438 0.330230712890625 -0.05035400390625
0.0955276489257812 0.0607452392578125 0.3038330078125 -0.210113525390625
0.0723800659179688 0.075927734375 0.249496459960937 -0.26910400390625
0.057464599609375 0.105628967285156 0.250869750976563 -0.23602294921875
-0.00318908691406251 0.121559143066406 0.266998291015625 -0.124099731445312
-0.0837326049804688 0.07720947265625 0.224258422851563 -0.041900634765625
-0.12109375 -0.000877380371093725 0.153228759765625 0.0153350830078125
-0.0675888061523438 -0.133903503417969 0.134109497070313 -0.020751953125
0.062652587890625 -0.210586547851562 0.2867431640625 -0.17181396484375
0.162826538085938 -0.176971435546875 0.55133056640625 -0.037628173828125
-0.189773559570313 -0.110794067382812 0.15478515625 -0.34112548828125
-0.276199340820313 -0.029571533203125 -0.022064208984375 -0.23052978515625
-0.210647583007812 0.173370361328125 -0.0958786010742188 0.0194473266601563
-0.0279998779296875 0.259017944335938 0.058807373046875 0.139862060546875
0.104965209960937 0.192901611328125 0.182342529296875 0.0643463134765625
0.209503173828125 0.095703125 0.27459716796875 -0.077880859375
0.215042114257812 -0.001983642578125 0.239410400390625 -0.215469360351563
0.182342529296875 0.0196533203125 0.187286376953125 -0.272659301757813
0.185699462890625 0.04498291015625 0.194931030273438 -0.251312255859375
0.141143798828125 0.0994873046875 0.238327026367188 -0.1593017578125
0.0431442260742188 0.1275634765625 0.206710815429688 -0.08349609375
-0.0270767211914063 0.108467102050781 0.163314819335938 -0.0302581787109375
-0.0800018310546875 0.0238037109375 0.174346923828125 -0.0762481689453125
-0.0642852783203125 -0.0513038635253906 0.337066650390625 -0.20208740234375
-0.0242729187011719 -0.0489768981933594 0.60308837890625 -0.06231689453125
-0.35498046875 0.00881958007812493 0.0949096679687499 -0.348388671875
-0.365142822265625 0.119232177734375 -0.0548858642578125 -0.227127075195313
-0.215545654296875 0.290374755859375 -0.0934829711914063 -0.0112228393554687
0.025848388671875 0.350494384765625 0.038726806640625 0.0796432495117188
0.192153930664062 0.235092163085937 0.114944458007813 0.012542724609375
0.318359375 0.074920654296875 0.181976318359375 -0.096221923828125
0.30126953125 -0.0625 0.14080810546875 -0.187393188476563
0.26531982421875 -0.0389556884765625 0.09381103515625 -0.232376098632813
0.2913818359375 -0.022247314453125 0.108322143554688 -0.229537963867188
0.274505615234375 0.066925048828125 0.16876220703125 -0.173873901367188
0.17218017578125 0.171524047851563 0.153366088867188 -0.121429443359375
0.070648193359375 0.222488403320313 0.153076171875 -0.0845489501953125
-0.0994720458984375 0.192123413085937 0.209030151367188 -0.12884521484375
-0.204833984375 0.114852905273438 0.36041259765625 -0.19781494140625
-0.220672607421875 0.0802154541015625 0.5858154296875 -0.05706787109375
-0.459136962890625 0.14202880859375 0.00115966796874999 -0.323516845703125
-0.38482666015625 0.268280029296875 -0.0930633544921875 -0.194961547851562
-0.170684814453125 0.377288818359375 -0.0850753784179688 -0.0360031127929687
0.095245361328125 0.388275146484375 0.0102252960205078 0.0129289627075196
0.258453369140625 0.233627319335938 0.0313987731933594 -0.0354080200195312
0.37884521484375 0.033538818359375 0.0643997192382813 -0.0957794189453125
0.339996337890625 -0.116546630859375 0.0247573852539063 -0.130859375
0.3094482421875 -0.091522216796875 -0.0122222900390625 -0.156982421875
0.35430908203125 -0.08477783203125 0.000762939453125008 -0.170501708984375
0.36761474609375 0.02978515625 0.0642852783203125 -0.163055419921875
0.27728271484375 0.199447631835937 0.0674285888671875 -0.148529052734375
0.153900146484375 0.315399169921875 0.117088317871094 -0.13885498046875
-0.117919921875 0.336944580078125 0.217086791992188 -0.170684814453125
-0.32586669921875 0.258056640625 0.339752197265625 -0.161468505859375
-0.385345458984375 0.1912841796875 0.4959716796875 -0.0233154296875
-0.498138427734375 0.25946044921875 -0.106826782226563 -0.259124755859375
-0.347503662109375 0.3897705078125 -0.123939514160156 -0.136764526367187
-0.08856201171875 0.423095703125 -0.0735397338867188 -0.0515518188476562
0.1666259765625 0.368194580078125 -0.0255126953125 -0.0465660095214844
0.29705810546875 0.190032958984375 -0.0571556091308593 -0.0685615539550781
0.384429931640625 -0.0194091796875 -0.0558319091796875 -0.0761642456054688
0.326507568359375 -0.1571044921875 -0.0894699096679687 -0.0518341064453125
0.307525634765625 -0.128265380859375 -0.116294860839844 -0.05804443359375
0.362335205078125 -0.129669189453125 -0.113113403320312 -0.0865936279296875
0.39825439453125 -0.00799560546875 -0.0608062744140625 -0.131095886230469
0.3284912109375 0.19708251953125 -0.040985107421875 -0.16046142578125
0.207275390625 0.352569580078125 0.0572357177734375 -0.181854248046875
-0.117218017578125 0.415313720703125 0.196151733398438 -0.19512939453125
-0.388641357421875 0.350189208984375 0.271469116210938 -0.0970458984375
-0.480804443359375 0.269805908203125 0.344635009765625 0.02484130859375
-0.4722900390625 0.33746337890625 -0.215957641601563 -0.162185668945312
-0.27197265625 0.454803466796875 -0.145050048828125 -0.0569305419921875
-0.00103759765624995 0.414794921875 -0.0603523254394531 -0.0535163879394531
0.217987060546875 0.303131103515625 -0.06597900390625 -0.08709716796875
0.297149658203125 0.117706298828125 -0.137260437011719 -0.0757522583007812
0.338165283203125 -0.07305908203125 -0.160324096679687 -0.0343475341796875
0.26611328125 -0.17498779296875 -0.18316650390625 0.03900146484375
0.256790161132813 -0.14453125 -0.202117919921875 0.0500030517578125
0.310211181640625 -0.150390625 -0.2144775390625 0.00651550292968749
0.3519287109375 -0.04180908203125 -0.182296752929687 -0.0869293212890625
0.311798095703125 0.1533203125 -0.144210815429687 -0.157470703125
0.214508056640625 0.310272216796875 -0.0084991455078125 -0.204010009765625
-0.089447021484375 0.4029541015625 0.152511596679688 -0.190475463867187
-0.37066650390625 0.37158203125 0.175994873046875 -0.0151214599609375
-0.482330322265625 0.311065673828125 0.162765502929687 0.0838165283203125
-0.392333984375 0.35321044921875 -0.321563720703125 -0.0528259277343749
-0.1865234375 0.44097900390625 -0.166488647460938 0.0285491943359376
0.062957763671875 0.353790283203125 -0.0522689819335938 -0.0395355224609375
0.228378295898438 0.208831787109375 -0.103858947753906 -0.0997467041015625
0.256973266601563 0.0404815673828125 -0.193939208984375 -0.056854248046875
0.249603271484375 -0.111480712890625 -0.23345947265625 0.0223541259765625
0.168258666992188 -0.167938232421875 -0.245132446289063 0.128158569335938
0.167709350585937 -0.138717651367187 -0.258071899414063 0.148239135742187
0.207046508789063 -0.142379760742188 -0.282501220703125 0.0924072265625
0.239578247070313 -0.072967529296875 -0.2724609375 -0.040191650390625
0.231002807617187 0.0750885009765625 -0.215652465820313 -0.141433715820312
0.181076049804688 0.198211669921875 -0.056915283203125 -0.204559326171875
-0.030120849609375 0.3016357421875 0.106658935546875 -0.15911865234375
-0.26361083984375 0.329833984375 0.079620361328125 0.07049560546875
-0.390594482421875 0.312530517578125 -0.0107421875 0.144607543945313
-0.265380859375 0.30322265625 -0.41650390625 0.04449462890625
-0.0994873046875 0.3489990234375 -0.198379516601563 0.104034423828125
0.089813232421875 0.2510986328125 -0.0578346252441406 -0.00809478759765623
0.1932373046875 0.105133056640625 -0.133323669433594 -0.0828018188476563
0.1806640625 -0.0258636474609375 -0.226425170898438 -0.01910400390625
0.1331787109375 -0.123985290527344 -0.26885986328125 0.0842437744140625
0.0519027709960938 -0.133377075195313 -0.269302368164063 0.201278686523437
0.05499267578125 -0.111038208007813 -0.2747802734375 0.223464965820312
0.0708465576171875 -0.113037109375 -0.30889892578125 0.154998779296875
0.0878677368164063 -0.0965576171875 -0.315948486328125 -0.00271606445312505
0.116401672363281 -0.0235443115234375 -0.240631103515625 -0.119903564453125
0.12847900390625 0.0481719970703125 -0.077423095703125 -0.186599731445313
0.05047607421875 0.15618896484375 0.073516845703125 -0.112709045410156
-0.100509643554687 0.246963500976563 0.0104217529296875 0.143280029296875
-0.23095703125 0.28131103515625 -0.142410278320313 0.199554443359375
-0.00956726074218751 -0.216552734375 0.141143798828125 -0.2874755859375
-0.162307739257813 -0.155380249023438 -0.02752685546875 -0.193466186523438
-0.165359497070313 0.0526885986328125 -0.0976715087890625 0.0682754516601562
-0.059478759765625 0.143402099609375 0.0726776123046875 0.192916870117187
0.0197906494140625 0.124626159667969 0.228469848632813 0.109222412109375
0.0861740112304687 0.0950775146484375 0.327484130859375 -0.0496826171875
0.110710144042969 0.049896240234375 0.29644775390625 -0.206451416015625
0.0871124267578125 0.0676651000976563 0.237274169921875 -0.262054443359375
0.078399658203125 0.0995941162109375 0.235763549804688 -0.232040405273438
0.0158462524414062 0.12713623046875 0.256759643554688 -0.125808715820313
-0.0761032104492187 0.0931396484375 0.218521118164062 -0.048431396484375
-0.1256103515625 0.0150299072265625 0.155807495117188 0.0062103271484375
-0.0872421264648438 -0.130332946777344 0.145721435546875 -0.0210418701171875
0.0372161865234375 -0.222900390625 0.291412353515625 -0.1595458984375
0.145431518554688 -0.196990966796875 0.54547119140625 -0.023406982421875
-0.20123291015625 -0.123199462890625 0.127716064453125 -0.326385498046875
-0.29412841796875 -0.023895263671875 -0.039886474609375 -0.214996337890625
-0.213363647460937 0.185699462890625 -0.0999832153320313 0.0287704467773438
-0.0195770263671875 0.270248413085938 0.0558624267578125 0.142120361328125
0.116561889648437 0.197311401367188 0.176239013671875 0.06634521484375
0.22357177734375 0.091644287109375 0.265670776367188 -0.074493408203125
0.224945068359375 -0.009979248046875 0.227203369140625 -0.206253051757813
0.192733764648438 0.013702392578125 0.17041015625 -0.260177612304687
0.200912475585938 0.04132080078125 0.176910400390625 -0.244064331054687
0.153045654296875 0.103851318359375 0.220870971679687 -0.161941528320312
0.0459671020507813 0.139785766601563 0.195266723632813 -0.0931243896484375
-0.0360794067382812 0.118766784667969 0.16253662109375 -0.0441436767578125
-0.098297119140625 0.01898193359375 0.182815551757813 -0.080596923828125
-0.0830154418945313 -0.0693283081054687 0.33782958984375 -0.19586181640625
-0.0326690673828125 -0.072967529296875 0.5947265625 -0.0565185546875
-0.357269287109375 -0.00534057617187493 0.0653686523437499 -0.339630126953125
-0.374481201171875 0.118927001953125 -0.0745391845703125 -0.214004516601563
-0.220367431640625 0.295562744140625 -0.100791931152344 -0.00389862060546873
0.030242919921875 0.355316162109375 0.0329132080078125 0.083038330078125
0.1982421875 0.237503051757813 0.104957580566406 0.0172119140625
0.324493408203125 0.0714111328125 0.169723510742188 -0.087982177734375
0.304229736328125 -0.067169189453125 0.12750244140625 -0.175399780273438
0.270919799804688 -0.042816162109375 0.076690673828125 -0.218124389648438
0.297454833984375 -0.02435302734375 0.0868072509765625 -0.218719482421875
0.277877807617187 0.0691375732421875 0.148025512695313 -0.1749267578125
0.171401977539062 0.178619384765625 0.139434814453125 -0.132888793945313
0.060150146484375 0.226333618164063 0.149261474609375 -0.101760864257812
-0.114166259765625 0.18133544921875 0.213119506835938 -0.137451171875
-0.214202880859375 0.095306396484375 0.35809326171875 -0.197662353515625
-0.22052001953125 0.0559234619140625 0.5784912109375 -0.0604248046875
-0.45074462890625 0.125579833984375 -0.0275268554687501 -0.32037353515625
-0.386688232421875 0.257965087890625 -0.114120483398438 -0.1876220703125
-0.17425537109375 0.374481201171875 -0.0966339111328125 -0.0285491943359375
0.093170166015625 0.38616943359375 0.00163841247558594 0.0183219909667969
0.256988525390625 0.23406982421875 0.0192737579345703 -0.0290164947509766
0.375946044921875 0.03472900390625 0.0512771606445313 -0.0845184326171875
0.335906982421875 -0.115875244140625 0.01251220703125 -0.117202758789063
0.30816650390625 -0.0908203125 -0.02789306640625 -0.1409912109375
0.35223388671875 -0.083648681640625 -0.01953125 -0.160003662109375
0.362457275390625 0.029937744140625 0.0430755615234375 -0.1649169921875
0.271591186523437 0.200637817382812 0.051300048828125 -0.159515380859375
0.145263671875 0.31134033203125 0.1097412109375 -0.15570068359375
-0.127899169921875 0.322998046875 0.217361450195313 -0.184463500976562
-0.326690673828125 0.242340087890625 0.33831787109375 -0.1693115234375
-0.374114990234375 0.170562744140625 0.491455078125 -0.034942626953125
-0.479095458984375 0.2451171875 -0.13134765625 -0.265350341796875
-0.33819580078125 0.374176025390625 -0.14556884765625 -0.136642456054687
-0.090911865234375 0.41082763671875 -0.0877685546875 -0.0461654663085937
0.160308837890625 0.35955810546875 -0.0352096557617187 -0.0417671203613281
0.2880859375 0.186767578125 -0.0689735412597656 -0.0610694885253906
0.374237060546875 -0.01519775390625 -0.0683670043945312 -0.0651741027832031
0.31622314453125 -0.149505615234375 -0.0985260009765625 -0.0396881103515625
0.299468994140625 -0.124755859375 -0.128402709960937 -0.0436553955078125
0.350860595703125 -0.126861572265625 -0.13018798828125 -0.075286865234375
0.3848876953125 -0.00958251953125 -0.0819549560546875 -0.131477355957031
0.32061767578125 0.191162109375 -0.0581512451171875 -0.1690673828125
0.200225830078125 0.3404541015625 0.0462646484375 -0.196090698242187
-0.120147705078125 0.400726318359375 0.191329956054688 -0.208465576171875
-0.37841796875 0.336883544921875 0.269546508789063 -0.1092529296875
-0.460479736328125 0.25506591796875 0.344268798828125 0.00854492187500002
-0.4483642578125 0.329315185546875 -0.2353515625 -0.177001953125
-0.255035400390625 0.437286376953125 -0.164932250976563 -0.0654602050781249
0.000488281249999994 0.397186279296875 -0.0762252807617188 -0.0511016845703125
0.21014404296875 0.287811279296875 -0.0758056640625 -0.0822601318359375
0.282989501953125 0.112213134765625 -0.145904541015625 -0.0699005126953125
0.32049560546875 -0.06903076171875 -0.170196533203125 -0.024932861328125
0.249237060546875 -0.165817260742188 -0.188873291015625 0.0482940673828125
0.244033813476562 -0.138168334960938 -0.208206176757812 0.05987548828125
0.29400634765625 -0.145233154296875 -0.225021362304687 0.0159912109375
0.33404541015625 -0.044189453125 -0.198150634765625 -0.085723876953125
0.29913330078125 0.142242431640625 -0.158126831054687 -0.161605834960938
0.206817626953125 0.2940673828125 -0.0186767578125 -0.214340209960938
-0.085906982421875 0.385833740234375 0.14483642578125 -0.202728271484375
-0.352264404296875 0.36309814453125 0.1746826171875 -0.030426025390625
-0.454315185546875 0.30206298828125 0.169647216796875 0.06439208984375
-0.365966796875 0.352630615234375 -0.330963134765625 -0.07489013671875
-0.16070556640625 0.4287109375 -0.182281494140625 0.0130615234375
0.070831298828125 0.33575439453125 -0.0688705444335938 -0.0388870239257812
0.222137451171875 0.189651489257813 -0.111053466796875 -0.0936813354492188
0.241622924804688 0.0295867919921875 -0.1988525390625 -0.0515594482421875
0.228530883789063 -0.109039306640625 -0.236724853515625 0.028839111328125
0.14947509765625 -0.156845092773438 -0.244430541992188 0.130889892578125
0.152450561523438 -0.131744384765625 -0.257400512695312 0.153671264648438
0.187042236328125 -0.135025024414062 -0.286834716796875 0.098846435546875
0.216766357421875 -0.0729522705078125 -0.283111572265625 -0.0390625
0.215164184570313 0.06341552734375 -0.225021362304688 -0.1431884765625
0.173294067382813 0.178878784179688 -0.06610107421875 -0.210784912109375
-0.022491455078125 0.281524658203125 0.098968505859375 -0.1700439453125
-0.23974609375 0.323028564453125 0.0832672119140625 0.054443359375
-0.358978271484375 0.30914306640625 0.00326538085937499 0.124649047851563
-0.24188232421875 0.3131103515625 -0.418670654296875 0.02166748046875
-0.07281494140625 0.346588134765625 -0.208938598632812 0.0849761962890625
0.104324340820312 0.2391357421875 -0.0725936889648437 -0.00753021240234374
0.194122314453125 0.0865631103515625 -0.1390380859375 -0.0757293701171875
0.1683349609375 -0.03997802734375 -0.223709106445312 -0.0135955810546875
0.1112060546875 -0.125175476074219 -0.265213012695312 0.08721923828125
0.032073974609375 -0.123741149902344 -0.262603759765625 0.199874877929688
0.03900146484375 -0.102516174316406 -0.267898559570313 0.222427368164063
0.0519256591796875 -0.104751586914063 -0.30621337890625 0.155914306640625
0.0653915405273437 -0.094024658203125 -0.318817138671875 -0.00192260742187496
0.098602294921875 -0.0332107543945313 -0.2447509765625 -0.119674682617187
0.118980407714844 0.0300827026367188 -0.082916259765625 -0.190505981445312
0.0576019287109375 0.137184143066406 0.0681381225585938 -0.120819091796875
-0.074554443359375 0.241104125976563 0.020172119140625 0.126655578613281
-0.198455810546875 0.28228759765625 -0.120223999023438 0.182098388671875
-0.035430908203125 -0.224014282226563 0.122116088867187 -0.270462036132813
-0.19061279296875 -0.139404296875 -0.0397186279296875 -0.177215576171875
-0.16790771484375 0.0755767822265625 -0.0967788696289063 0.0801544189453125
-0.0443267822265625 0.160324096679687 0.079315185546875 0.198348999023438
0.0393218994140625 0.130393981933594 0.234359741210937 0.110000610351563
0.107620239257813 0.0869369506835938 0.332550048828125 -0.05499267578125
0.126792907714844 0.0347976684570313 0.296478271484375 -0.20904541015625
0.103813171386719 0.0563735961914062 0.231475830078125 -0.261489868164063
0.10003662109375 0.0889358520507813 0.22802734375 -0.232284545898438
0.0387496948242187 0.129364013671875 0.25164794921875 -0.129119873046875
-0.0637054443359375 0.110870361328125 0.215103149414063 -0.05767822265625
-0.129219055175781 0.0356292724609375 0.159088134765625 -0.005462646484375
-0.109931945800781 -0.123542785644531 0.161666870117188 -0.027008056640625
0.00604248046875 -0.233840942382812 0.304168701171875 -0.15606689453125
0.122604370117188 -0.217437744140625 0.555694580078125 -0.0155029296875
-0.224899291992187 -0.131210327148438 0.102203369140625 -0.31097412109375
-0.319061279296875 -0.00909423828125 -0.0557708740234375 -0.1983642578125
-0.216201782226563 0.20684814453125 -0.103256225585938 0.0410842895507813
-0.003997802734375 0.285247802734375 0.0579376220703125 0.148696899414063
0.135452270507813 0.20263671875 0.175445556640625 0.0697784423828125
0.243362426757813 0.083038330078125 0.265029907226563 -0.073822021484375
0.2388916015625 -0.02239990234375 0.223297119140625 -0.201278686523438
0.20745849609375 0.00250244140625 0.1595458984375 -0.252212524414062
0.21966552734375 0.0314483642578125 0.162200927734375 -0.238983154296875
0.172073364257813 0.106460571289063 0.207839965820313 -0.16448974609375
0.05511474609375 0.155624389648438 0.185104370117188 -0.103988647460938
-0.0419769287109375 0.135009765625 0.161117553710938 -0.0596771240234375
-0.1212158203125 0.0214309692382812 0.194656372070313 -0.0911407470703125
-0.110336303710937 -0.083526611328125 0.346405029296875 -0.19805908203125
-0.04986572265625 -0.0962066650390625 0.60150146484375 -0.056640625
-0.373504638671875 -0.0164794921875 0.035736083984375 -0.3287353515625
-0.394317626953125 0.128265380859375 -0.0959014892578125 -0.199005126953125
-0.22442626953125 0.312469482421875 -0.108009338378906 0.008636474609375
0.041778564453125 0.368133544921875 0.02947998046875 0.090484619140625
0.2125244140625 0.242507934570313 0.0980072021484375 0.0241012573242188
0.34088134765625 0.066070556640625 0.163955688476563 -0.081085205078125
0.31439208984375 -0.077606201171875 0.1192626953125 -0.163864135742188
0.280990600585938 -0.0511474609375 0.0633697509765625 -0.204437255859375
0.311553955078125 -0.032989501953125 0.0691680908203125 -0.20892333984375
0.291015625 0.07025146484375 0.128067016601563 -0.177719116210937
0.177383422851562 0.190231323242187 0.123382568359375 -0.144317626953125
0.0554656982421875 0.237762451171875 0.143402099609375 -0.11944580078125
-0.134002685546875 0.180953979492188 0.219024658203125 -0.153778076171875
-0.2347412109375 0.0834808349609375 0.364410400390625 -0.20831298828125
-0.230072021484375 0.0347442626953125 0.58258056640625 -0.0693359375
-0.458221435546875 0.11492919921875 -0.06085205078125 -0.316070556640625
-0.398101806640625 0.261077880859375 -0.139602661132813 -0.176406860351562
-0.181365966796875 0.382415771484375 -0.108871459960938 -0.0170822143554687
0.09930419921875 0.3946533203125 -0.00614166259765624 0.0262908935546875
0.265823364257813 0.238174438476562 0.00855064392089845 -0.0199298858642578
0.38580322265625 0.032012939453125 0.0421600341796875 -0.0736007690429688
0.34088134765625 -0.1217041015625 0.00315093994140627 -0.10137939453125
0.3134765625 -0.09527587890625 -0.0416107177734375 -0.123886108398438
0.3568115234375 -0.08880615234375 -0.0390167236328125 -0.146499633789062
0.367950439453125 0.028961181640625 0.0184478759765625 -0.164703369140625
0.274642944335937 0.206146240234375 0.030731201171875 -0.1693115234375
0.142791748046875 0.31640625 0.0978851318359375 -0.175308227539062
-0.141082763671875 0.321380615234375 0.217758178710938 -0.20452880859375
-0.338226318359375 0.23406982421875 0.340850830078125 -0.184539794921875
-0.376922607421875 0.15576171875 0.496429443359375 -0.05072021484375
-0.4754638671875 0.235382080078125 -0.165740966796875 -0.269195556640625
-0.339202880859375 0.370330810546875 -0.17437744140625 -0.131103515625
-0.096405029296875 0.410125732421875 -0.103797912597656 -0.0359573364257812
0.158966064453125 0.3599853515625 -0.0465660095214844 -0.0334815979003906
0.287841796875 0.1898193359375 -0.0814056396484375 -0.05218505859375
0.3753662109375 -0.014892578125 -0.0803680419921875 -0.0518264770507813
0.31365966796875 -0.15020751953125 -0.108390808105469 -0.0226516723632813
0.29815673828125 -0.124664306640625 -0.139419555664062 -0.0249404907226563
0.349334716796875 -0.12921142578125 -0.147613525390625 -0.05987548828125
0.382568359375 -0.01300048828125 -0.106361389160156 -0.127723693847656
0.319488525390625 0.1903076171875 -0.079681396484375 -0.17535400390625
0.197509765625 0.3389892578125 0.03179931640625 -0.213668823242187
-0.12518310546875 0.397552490234375 0.184600830078125 -0.230178833007812
-0.38140869140625 0.333709716796875 0.26849365234375 -0.128280639648437
-0.453521728515625 0.246337890625 0.348175048828125 -0.012237548828125
-0.434234619140625 0.3243408203125 -0.26666259765625 -0.188995361328125
-0.244384765625 0.4298095703125 -0.192169189453125 -0.06744384765625
0.00109863281249996 0.38861083984375 -0.094451904296875 -0.0438461303710938
0.204925537109375 0.278091430664063 -0.0877304077148438 -0.075775146484375
0.27545166015625 0.109725952148438 -0.158401489257812 -0.0613555908203125
0.31231689453125 -0.06573486328125 -0.181259155273437 -0.0124969482421875
0.24114990234375 -0.158172607421875 -0.195938110351562 0.0619049072265625
0.238189697265625 -0.135391235351563 -0.216201782226562 0.0766448974609375
0.284637451171875 -0.140655517578125 -0.238784790039062 0.03070068359375
0.32257080078125 -0.0452880859375 -0.220993041992188 -0.0787811279296875
0.291839599609375 0.1378173828125 -0.179977416992187 -0.164016723632813
0.20452880859375 0.28515625 -0.03509521484375 -0.2276611328125
-0.08514404296875 0.3760986328125 0.134017944335938 -0.221099853515625
-0.340179443359375 0.36065673828125 0.173294067382812 -0.048370361328125
-0.43756103515625 0.298126220703125 0.17578125 0.042083740234375
-0.34423828125 0.3564453125 -0.3570556640625 -0.0905456542968749
-0.1395263671875 0.421539306640625 -0.206741333007813 0.00463867187500006
0.07904052734375 0.324066162109375 -0.0874786376953125 -0.032989501953125
0.21893310546875 0.173065185546875 -0.121826171875 -0.0874710083007812
0.229248046875 0.0218353271484375 -0.207687377929688 -0.04388427734375
0.212310791015625 -0.106842041015625 -0.245376586914063 0.0381927490234375
0.135787963867188 -0.1451416015625 -0.2479248046875 0.141647338867188
0.14190673828125 -0.122589111328125 -0.261062622070313 0.166290283203125
0.17376708984375 -0.127304077148438 -0.295135498046875 0.11102294921875
0.199310302734375 -0.07012939453125 -0.301605224609375 -0.03173828125
0.201507568359375 0.0562896728515625 -0.2421875 -0.142257690429687
0.165573120117188 0.164321899414063 -0.081573486328125 -0.218795776367187
-0.0186309814453125 0.267532348632813 0.087432861328125 -0.183929443359375
-0.220184326171875 0.31781005859375 0.0833892822265625 0.037109375
-0.3338623046875 0.3082275390625 0.0144500732421875 0.1024169921875
-0.2177734375 0.32562255859375 -0.43634033203125 0.00503540039062497
-0.04547119140625 0.345458984375 -0.22998046875 0.0739898681640625
0.120864868164063 0.226959228515625 -0.0895843505859375 -0.00238800048828124
0.194427490234375 0.065643310546875 -0.146957397460938 -0.067840576171875
0.155197143554688 -0.053070068359375 -0.2264404296875 -0.00697326660156255
0.0914077758789063 -0.125343322753906 -0.267578125 0.0933837890625
0.0152740478515625 -0.111083984375 -0.2601318359375 0.20513916015625
0.0253219604492187 -0.0920257568359375 -0.266586303710938 0.2291259765625
0.0361862182617188 -0.0924758911132812 -0.30889892578125 0.163055419921875
0.0434951782226563 -0.0867919921875 -0.331207275390625 0.00305175781250003
0.0801925659179688 -0.03997802734375 -0.2568359375 -0.118804931640625
0.108200073242188 0.0125045776367188 -0.093780517578125 -0.196212768554688
0.0642547607421875 0.118446350097656 0.0610122680664063 -0.131675720214844
-0.0484771728515625 0.233184814453125 0.0257949829101562 0.110588073730469
-0.167633056640625 0.283447265625 -0.1031494140625 0.161605834960938
-0.0706024169921875 -0.2257080078125 0.104278564453125 -0.2509765625
-0.217453002929687 -0.112091064453125 -0.0502471923828125 -0.157760620117188
-0.163314819335938 0.104522705078125 -0.0902175903320313 0.0944595336914062
-0.0197296142578125 0.175521850585938 0.094146728515625 0.202957153320313
0.06329345703125 0.131782531738281 0.2451171875 0.104598999023438
0.12994384765625 0.0694046020507813 0.34051513671875 -0.0697021484375
0.139877319335938 0.0120315551757813 0.2930908203125 -0.22235107421875
0.117706298828125 0.0381317138671875 0.223358154296875 -0.266677856445313
0.120567321777344 0.0700759887695313 0.217758178710938 -0.236083984375
0.065032958984375 0.124832153320313 0.245681762695313 -0.136917114257813
-0.0435791015625 0.126792907714844 0.2099609375 -0.0701446533203125
-0.126205444335938 0.0603179931640625 0.160598754882813 -0.0217742919921875
-0.133987426757813 -0.107063293457031 0.176132202148438 -0.0408172607421875
-0.0341796875 -0.236740112304687 0.317413330078125 -0.165863037109375
0.09075927734375 -0.23663330078125 0.57391357421875 -0.02105712890625
-0.255050659179688 -0.129669189453125 0.07769775390625 -0.292724609375
-0.344085693359375 0.0201416015624999 -0.0717010498046875 -0.17828369140625
-0.211105346679688 0.236968994140625 -0.102493286132813 0.0561294555664063
0.022308349609375 0.298828125 0.065399169921875 0.155548095703125
0.162353515625 0.201980590820313 0.179656982421875 0.0693511962890625
0.26483154296875 0.063629150390625 0.266830444335938 -0.079010009765625
0.2501220703125 -0.0460052490234375 0.21929931640625 -0.203125
0.220504760742187 -0.0182037353515625 0.1485595703125 -0.248077392578125
0.23992919921875 0.01141357421875 0.147506713867188 -0.234909057617187
0.196365356445313 0.101150512695313 0.192398071289063 -0.168441772460938
0.0732574462890625 0.170791625976563 0.17132568359375 -0.116241455078125
-0.0396881103515625 0.156707763671875 0.155487060546875 -0.0788116455078125
-0.144622802734375 0.03338623046875 0.202590942382813 -0.11090087890625
-0.145370483398438 -0.0866546630859375 0.35504150390625 -0.212677001953125
-0.0771331787109375 -0.114036560058594 0.6131591796875 -0.07464599609375
-0.397979736328125 -0.0126647949218751 0.00131225585937498 -0.31231689453125
-0.41241455078125 0.15374755859375 -0.116256713867188 -0.176727294921875
-0.218414306640625 0.339111328125 -0.113533020019531 0.0242919921875
0.06494140625 0.380218505859375 0.030303955078125 0.100166320800781
0.237106323242188 0.2408447265625 0.0971527099609375 0.0312118530273438
0.3599853515625 0.0462646484375 0.160491943359375 -0.077850341796875
0.3243408203125 -0.097320556640625 0.114028930664063 -0.15509033203125
0.292755126953125 -0.070037841796875 0.0509033203125 -0.18994140625
0.325408935546875 -0.05194091796875 0.051300048828125 -0.198440551757813
0.30963134765625 0.06072998046875 0.104949951171875 -0.17681884765625
0.191818237304688 0.199020385742188 0.101593017578125 -0.154647827148437
0.0595703125 0.253707885742188 0.129074096679688 -0.140411376953125
-0.149795532226563 0.191299438476562 0.218353271484375 -0.178665161132813
-0.261505126953125 0.083099365234375 0.366851806640625 -0.2308349609375
-0.249542236328125 0.023468017578125 0.59088134765625 -0.09423828125
-0.470855712890625 0.117828369140625 -0.100189208984375 -0.301910400390625
-0.406524658203125 0.278472900390625 -0.165969848632813 -0.155807495117187
-0.1793212890625 0.4012451171875 -0.1187744140625 0.000900268554687532
0.115234375 0.403778076171875 -0.0103073120117187 0.0374717712402344
0.282928466796875 0.237152099609375 0.0010957717895508 -0.00843572616577147
0.401702880859375 0.017730712890625 0.0350685119628907 -0.0615959167480469
0.346282958984375 -0.135589599609375 -0.00326538085937497 -0.0840682983398438
0.320526123046875 -0.1099853515625 -0.052001953125 -0.102226257324219
0.3653564453125 -0.10430908203125 -0.057525634765625 -0.127311706542969
0.379119873046875 0.018646240234375 -0.00724792480468747 -0.15802001953125
0.288299560546875 0.206695556640625 0.00434875488281253 -0.176559448242188
0.1483154296875 0.324859619140625 0.0767822265625 -0.195281982421875
-0.149871826171875 0.32940673828125 0.209609985351563 -0.231338500976562
-0.35009765625 0.23876953125 0.336334228515625 -0.212158203125
-0.386016845703125 0.150146484375 0.4989013671875 -0.0810546875
-0.474945068359375 0.23895263671875 -0.207717895507813 -0.2596435546875
-0.33837890625 0.377685546875 -0.203704833984375 -0.113754272460938
-0.093841552734375 0.417633056640625 -0.119010925292969 -0.0185623168945312
0.1685791015625 0.362457275390625 -0.0561332702636719 -0.0214271545410156
0.29400634765625 0.18914794921875 -0.09344482421875 -0.03643798828125
0.38079833984375 -0.02423095703125 -0.0890274047851562 -0.0342941284179688
0.3145751953125 -0.1556396484375 -0.114265441894531 -0.00034332275390627
0.299102783203125 -0.1329345703125 -0.147537231445312 -0.00064086914062502
0.35009765625 -0.138275146484375 -0.163284301757812 -0.0365447998046875
0.3839111328125 -0.02197265625 -0.133308410644531 -0.113998413085938
0.32574462890625 0.1851806640625 -0.109115600585938 -0.174057006835937
0.203125 0.3380126953125 0.0057220458984375 -0.22845458984375
-0.124786376953125 0.40155029296875 0.168426513671875 -0.254898071289063
-0.379241943359375 0.342376708984375 0.260940551757813 -0.153915405273437
-0.4488525390625 0.24749755859375 0.3482666015625 -0.04248046875
-0.41876220703125 0.329559326171875 -0.307830810546875 -0.184814453125
-0.2288818359375 0.428253173828125 -0.224884033203125 -0.0560607910156249
0.00387573242187498 0.383056640625 -0.113075256347656 -0.0271377563476562
0.206130981445313 0.271820068359375 -0.09967041015625 -0.0631637573242188
0.271820068359375 0.106170654296875 -0.171188354492187 -0.046051025390625
0.30780029296875 -0.067626953125 -0.1912841796875 0.0073699951171875
0.235488891601563 -0.155364990234375 -0.20001220703125 0.083343505859375
0.233047485351563 -0.134536743164063 -0.219223022460937 0.102462768554688
0.2783203125 -0.142837524414063 -0.248825073242187 0.0571136474609375
0.313873291015625 -0.049652099609375 -0.245391845703125 -0.06109619140625
0.290069580078125 0.131805419921875 -0.207412719726562 -0.157272338867188
0.205673217773438 0.276992797851563 -0.0635223388671875 -0.235870361328125
-0.07916259765625 0.37274169921875 0.114608764648438 -0.2406005859375
-0.3272705078125 0.365631103515625 0.165313720703125 -0.070831298828125
-0.42205810546875 0.300079345703125 0.176559448242187 0.0148468017578125
-0.318023681640625 0.36407470703125 -0.3931884765625 -0.0903930664062499
-0.11297607421875 0.415069580078125 -0.236679077148438 0.00947570800781248
0.089508056640625 0.30889892578125 -0.105865478515625 -0.01947021484375
0.214935302734375 0.1551513671875 -0.134925842285156 -0.0758819580078125
0.216537475585937 0.013916015625 -0.217269897460938 -0.0308685302734375
0.198165893554688 -0.105117797851563 -0.251739501953125 0.0559234619140625
0.125785827636719 -0.1351318359375 -0.248321533203125 0.159805297851563
0.134429931640625 -0.116912841796875 -0.260009765625 0.187759399414063
0.162994384765625 -0.119979858398438 -0.3013916015625 0.1337890625
0.18377685546875 -0.066314697265625 -0.319915771484375 -0.01263427734375
0.190414428710938 0.050140380859375 -0.265792846679688 -0.133346557617187
0.159332275390625 0.1513671875 -0.1043701171875 -0.223052978515625
-0.013214111328125 0.255386352539063 0.0688018798828125 -0.198471069335937
-0.198089599609375 0.314483642578125 0.0794296264648437 0.019989013671875
-0.307464599609375 0.308868408203125 0.0194854736328125 0.0785980224609375
-0.185699462890625 0.338470458984375 -0.4654541015625 0.00427246093749999
-0.012298583984375 0.338592529296875 -0.25579833984375 0.0772857666015625
0.1390380859375 0.2091064453125 -0.105766296386719 0.0106430053710938
0.19097900390625 0.0419921875 -0.155364990234375 -0.0547027587890625
0.13665771484375 -0.0662612915039063 -0.2296142578125 0.00617980957031253
0.0694427490234375 -0.122222900390625 -0.269332885742188 0.108413696289062
0.000701904296874992 -0.0949935913085938 -0.256195068359375 0.217422485351562
0.0149612426757813 -0.0801010131835937 -0.262008666992188 0.244033813476563
0.0240478515625 -0.0774307250976563 -0.3115234375 0.181365966796875
0.0227279663085938 -0.074188232421875 -0.345733642578125 0.018096923828125
0.0589942932128906 -0.0430221557617188 -0.273422241210938 -0.110519409179687
0.0919647216796875 -0.0027008056640625 -0.111358642578125 -0.198715209960938
0.0664596557617188 0.0967178344726563 0.0489349365234375 -0.142669677734375
-0.021026611328125 0.219955444335937 0.0294036865234375 0.09320068359375
-0.13140869140625 0.2803955078125 -0.0908889770507813 0.140266418457031
-0.1058349609375 -0.210769653320313 0.0873260498046875 -0.225967407226562
-0.2327880859375 -0.0708770751953125 -0.055877685546875 -0.133125305175781
-0.144973754882813 0.130508422851562 -0.078826904296875 0.106002807617188
0.01165771484375 0.178359985351563 0.112045288085938 0.195892333984375
0.0893096923828125 0.1195068359375 0.25433349609375 0.0919952392578125
0.142669677734375 0.041961669921875 0.3355712890625 -0.091827392578125
0.14312744140625 -0.014404296875 0.2847900390625 -0.235992431640625
0.125053405761719 0.0124664306640625 0.205917358398438 -0.273056030273438
0.134712219238281 0.0415191650390625 0.202667236328125 -0.241714477539063
0.0915298461914063 0.112190246582031 0.2310791015625 -0.14703369140625
-0.0146484375 0.134552001953125 0.197967529296875 -0.0812530517578125
-0.112144470214844 0.082794189453125 0.154586791992188 -0.0382537841796875
-0.151153564453125 -0.080474853515625 0.184371948242188 -0.06298828125
-0.0760955810546875 -0.223480224609375 0.322052001953125 -0.18377685546875
0.0493011474609375 -0.241165161132813 0.58447265625 -0.04534912109375
-0.28656005859375 -0.110443115234375 0.05322265625 -0.2659912109375
-0.35272216796875 0.0618286132812499 -0.08270263671875 -0.151229858398438
-0.191452026367188 0.263656616210938 -0.0961151123046875 0.0717239379882813
0.057708740234375 0.2994384765625 0.0781097412109375 0.156768798828125
0.187515258789063 0.18707275390625 0.184890747070313 0.0651092529296875
0.279769897460937 0.0310516357421875 0.263442993164063 -0.08880615234375
0.248153686523437 -0.0758819580078125 0.210739135742188 -0.2073974609375
0.2242431640625 -0.0441741943359375 0.13604736328125 -0.242950439453125
0.249313354492188 -0.0183868408203125 0.1326904296875 -0.227615356445312
0.21881103515625 0.081268310546875 0.17266845703125 -0.169723510742188
0.0980682373046875 0.17279052734375 0.14996337890625 -0.12542724609375
-0.0278778076171875 0.175979614257813 0.140037536621094 -0.0974884033203125
-0.161361694335938 0.0553436279296875 0.200210571289063 -0.136199951171875
-0.178848266601563 -0.074371337890625 0.3492431640625 -0.2364501953125
-0.109832763671875 -0.1201171875 0.6112060546875 -0.1025390625
-0.41595458984375 0.00570678710937492 -0.03009033203125 -0.283721923828125
-0.415802001953125 0.189361572265625 -0.130783081054688 -0.142425537109375
-0.20037841796875 0.364105224609375 -0.110992431640625 0.0438232421875
0.099456787109375 0.379638671875 0.04083251953125 0.107559204101563
0.259933471679688 0.224380493164063 0.0969924926757813 0.03375244140625
0.374847412109375 0.01507568359375 0.15673828125 -0.0770111083984375
0.318023681640625 -0.124786376953125 0.1068115234375 -0.1458740234375
0.294830322265625 -0.094696044921875 0.04241943359375 -0.1761474609375
0.330413818359375 -0.07647705078125 0.0353240966796875 -0.178955078125
0.323486328125 0.041748046875 0.0800933837890625 -0.16741943359375
0.214675903320313 0.197906494140625 0.0760345458984375 -0.156814575195313
0.0717010498046875 0.262298583984375 0.107925415039062 -0.15777587890625
-0.159805297851563 0.208755493164063 0.205398559570313 -0.20758056640625
-0.281524658203125 0.0968933105468751 0.3514404296875 -0.258148193359375
-0.266555786132812 0.0205230712890625 0.5819091796875 -0.12860107421875
-0.476898193359375 0.13330078125 -0.137985229492188 -0.27178955078125
-0.401641845703125 0.303955078125 -0.183670043945313 -0.119949340820312
-0.163543701171875 0.416473388671875 -0.121955871582031 0.0246505737304688
0.13848876953125 0.40167236328125 -0.0100250244140625 0.0481300354003907
0.301055908203125 0.225738525390625 -0.00240659713745115 0.00474596023559572
0.40673828125 -0.01025390625 0.0338287353515625 -0.0502548217773438
0.340362548828125 -0.158294677734375 -0.00310134887695311 -0.065673828125
0.31689453125 -0.128387451171875 -0.0561370849609375 -0.0784378051757813
0.36456298828125 -0.127197265625 -0.0691604614257812 -0.101280212402344
0.3829345703125 -0.001312255859375 -0.032073974609375 -0.139595031738281
0.301605224609375 0.197235107421875 -0.0267486572265625 -0.169876098632812
0.160369873046875 0.3233642578125 0.0476226806640625 -0.207046508789062
-0.146820068359375 0.340545654296875 0.1849365234375 -0.257644653320313
-0.35638427734375 0.250457763671875 0.318572998046875 -0.240478515625
-0.3902587890625 0.151885986328125 0.483612060546875 -0.115814208984375
-0.467010498046875 0.245391845703125 -0.248123168945313 -0.230926513671875
-0.327789306640625 0.385162353515625 -0.226531982421875 -0.0809326171875
-0.082977294921875 0.421478271484375 -0.126548767089844 0.00537872314453129
0.17913818359375 0.3575439453125 -0.06097412109375 -0.00739288330078124
0.303558349609375 0.180450439453125 -0.0995635986328125 -0.0162429809570312
0.380889892578125 -0.0384521484375 -0.091766357421875 -0.0129165649414063
0.31005859375 -0.16717529296875 -0.111068725585937 0.0209732055664063
0.2940673828125 -0.14373779296875 -0.144317626953125 0.0308990478515625
0.34295654296875 -0.1533203125 -0.169235229492187 -0.00608825683593751
0.38018798828125 -0.036865234375 -0.1524658203125 -0.0895843505859375
0.331787109375 0.1749267578125 -0.138580322265625 -0.160491943359375
0.214111328125 0.327056884765625 -0.0267181396484375 -0.231826782226562
-0.119140625 0.404754638671875 0.140365600585938 -0.273712158203125
-0.367950439453125 0.353515625 0.240768432617187 -0.17816162109375
-0.4366455078125 0.251708984375 0.338287353515625 -0.076690673828125
-0.394989013671875 0.330657958984375 -0.347381591796875 -0.15911865234375
-0.2071533203125 0.42010498046875 -0.252349853515625 -0.0282745361328125
0.013397216796875 0.37335205078125 -0.125221252441406 -0.00511932373046871
0.20562744140625 0.2579345703125 -0.10821533203125 -0.0446929931640625
0.269515991210938 0.100006103515625 -0.178558349609375 -0.0249786376953125
0.30120849609375 -0.072113037109375 -0.1929931640625 0.0311737060546875
0.230300903320313 -0.154449462890625 -0.193145751953125 0.108917236328125
0.226699829101562 -0.136367797851562 -0.211898803710937 0.12921142578125
0.268875122070312 -0.143997192382812 -0.251632690429688 0.0881958007812499
0.304412841796875 -0.056060791015625 -0.260452270507813 -0.031005859375
0.285400390625 0.119873046875 -0.2342529296875 -0.1373291015625
0.207794189453125 0.263427734375 -0.0930938720703125 -0.231414794921875
-0.07037353515625 0.36737060546875 0.08251953125 -0.253173828125
-0.306854248046875 0.368316650390625 0.149658203125 -0.0905303955078125
-0.39703369140625 0.30352783203125 0.167404174804687 -0.01483154296875
-0.28167724609375 0.361724853515625 -0.424285888671875 -0.0722961425781249
-0.0833740234375 0.397552490234375 -0.261245727539062 0.0283355712890625
0.099456787109375 0.2899169921875 -0.119110107421875 0.00332641601562502
0.206924438476563 0.136642456054687 -0.142059326171875 -0.0572052001953125
0.201644897460938 0.0076904296875 -0.219879150390625 -0.00906372070312499
0.18170166015625 -0.101882934570312 -0.251144409179687 0.0800018310546875
0.117462158203125 -0.121711730957031 -0.239151000976563 0.181350708007813
0.125907897949219 -0.108329772949219 -0.247116088867188 0.210464477539062
0.156570434570313 -0.110092163085938 -0.294281005859375 0.1614990234375
0.1712646484375 -0.059539794921875 -0.329132080078125 0.019439697265625
0.17486572265625 0.0486907958984375 -0.284698486328125 -0.1102294921875
0.148284912109375 0.138229370117188 -0.131866455078125 -0.215866088867188
-0.00878906250000002 0.23883056640625 0.0443572998046875 -0.206024169921875
-0.17205810546875 0.303009033203125 0.0698089599609375 0.00257492065429689
-0.27239990234375 0.302825927734375 0.0169258117675781 0.0508995056152344
-0.14117431640625 0.336883544921875 -0.48779296875 0.022247314453125
0.022064208984375 0.319305419921875 -0.273696899414063 0.0949859619140625
0.150894165039063 0.18206787109375 -0.11334228515625 0.029815673828125
0.177215576171875 0.0162506103515625 -0.158599853515625 -0.03741455078125
0.115806579589844 -0.072662353515625 -0.225448608398438 0.024658203125
0.0472793579101562 -0.110816955566406 -0.261383056640625 0.125228881835938
-0.00918579101562501 -0.0748519897460938 -0.242706298828125 0.229293823242187
0.00867462158203125 -0.0662574768066406 -0.247421264648438 0.260223388671875
0.0171127319335937 -0.0591468811035156 -0.30340576171875 0.202606201171875
0.00669860839843749 -0.0549774169921875 -0.35009765625 0.0439453124999999
0.036041259765625 -0.0354270935058594 -0.287567138671875 -0.091766357421875
0.0712051391601563 -0.0120010375976563 -0.132888793945313 -0.191879272460938
0.061767578125 0.0737457275390625 0.0275115966796875 -0.149307250976562
0.00285339355468751 0.19403076171875 0.0268173217773438 0.072906494140625
-0.0940399169921875 0.26641845703125 -0.0850906372070313 0.115776062011719
-0.132232666015625 -0.183883666992187 0.08355712890625 -0.19512939453125
-0.230941772460938 -0.0297393798828125 -0.050384521484375 -0.109474182128906
-0.119277954101563 0.14678955078125 -0.062164306640625 0.111312866210938
0.038970947265625 0.169479370117188 0.126174926757813 0.185836791992188
0.105865478515625 0.100929260253906 0.255172729492188 0.0731048583984375
0.145858764648438 0.01287841796875 0.325714111328125 -0.109466552734375
0.135162353515625 -0.0403366088867188 0.26763916015625 -0.243484497070312
0.121559143066406 -0.0102081298828125 0.191131591796875 -0.272918701171875
0.134429931640625 0.0133895874023437 0.186996459960937 -0.23687744140625
0.104850769042969 0.0863571166992188 0.21661376953125 -0.1463623046875
0.00835418701171875 0.129264831542969 0.180892944335938 -0.08856201171875
-0.09320068359375 0.096435546875 0.141098022460938 -0.051605224609375
-0.157012939453125 -0.0487213134765625 0.179656982421875 -0.083984375
-0.105239868164062 -0.1949462890625 0.316497802734375 -0.20086669921875
0.0123748779296875 -0.231338500976563 0.57611083984375 -0.06561279296875
-0.302886962890625 -0.084808349609375 0.0417633056640625 -0.230072021484375
-0.34271240234375 0.101348876953125 -0.0789566040039063 -0.121536254882813
-0.161300659179687 0.277801513671875 -0.0825347900390625 0.0823135375976563
0.085540771484375 0.28765869140625 0.0888519287109375 0.149993896484375
0.204757690429688 0.163192749023438 0.183547973632813 0.0590667724609375
0.276046752929687 -0.00262451171875 0.253036499023438 -0.0987701416015625
0.2381591796875 -0.101425170898438 0.200653076171875 -0.20361328125
0.218353271484375 -0.0673828125 0.1248779296875 -0.232574462890625
0.245590209960938 -0.0472259521484375 0.11773681640625 -0.21502685546875
0.226165771484375 0.0583953857421875 0.155410766601563 -0.159011840820313
0.120208740234375 0.167205810546875 0.128822326660156 -0.123985290527344
-0.0100860595703125 0.18463134765625 0.119338989257812 -0.104484558105469
-0.166015625 0.079864501953125 0.185394287109375 -0.154647827148438
-0.202651977539063 -0.05242919921875 0.332244873046875 -0.252960205078125
-0.138236999511719 -0.112586975097656 0.5960693359375 -0.125244140625
-0.424468994140625 0.0267333984374999 -0.04583740234375 -0.240997314453125
-0.3988037109375 0.220947265625 -0.130577087402344 -0.111618041992188
-0.174530029296875 0.37286376953125 -0.102287292480469 0.0610733032226563
0.1251220703125 0.364959716796875 0.0445785522460938 0.108734130859375
0.274871826171875 0.20294189453125 0.0965499877929688 0.0388107299804688
0.365570068359375 -0.016876220703125 0.151901245117188 -0.0745086669921875
0.30706787109375 -0.14837646484375 0.106620788574219 -0.136482238769531
0.282958984375 -0.115203857421875 0.0401763916015625 -0.154190063476563
0.32183837890625 -0.105010986328125 0.0294952392578125 -0.15765380859375
0.325439453125 0.0184326171875 0.06390380859375 -0.150146484375
0.227569580078125 0.185699462890625 0.05047607421875 -0.148635864257813
0.0858001708984375 0.262680053710938 0.079803466796875 -0.160781860351562
-0.160446166992188 0.223312377929688 0.18145751953125 -0.222259521484375
-0.292816162109375 0.112579345703125 0.3287353515625 -0.275177001953125
-0.28253173828125 0.025390625 0.556640625 -0.153717041015625
-0.472930908203125 0.143341064453125 -0.154342651367188 -0.2279052734375
-0.385711669921875 0.320281982421875 -0.187026977539063 -0.0845184326171875
-0.14208984375 0.423065185546875 -0.114990234375 0.04486083984375
0.158050537109375 0.387054443359375 -0.00434875488281249 0.0589599609375
0.309600830078125 0.206298828125 -0.00173568725585935 0.019247055053711
0.398193359375 -0.03546142578125 0.0324821472167969 -0.0384559631347656
0.328399658203125 -0.171600341796875 0.00202178955078127 -0.0495414733886719
0.30712890625 -0.14410400390625 -0.0492744445800781 -0.0542449951171875
0.353546142578125 -0.145477294921875 -0.0687332153320312 -0.0743331909179688
0.3780517578125 -0.019073486328125 -0.0472640991210937 -0.115104675292969
0.30767822265625 0.184661865234375 -0.05072021484375 -0.154815673828125
0.17022705078125 0.316375732421875 0.0161895751953125 -0.203414916992187
-0.143524169921875 0.345458984375 0.1536865234375 -0.268386840820313
-0.35357666015625 0.2611083984375 0.28851318359375 -0.25469970703125
-0.3868408203125 0.152923583984375 0.457672119140625 -0.141815185546875
-0.4503173828125 0.24652099609375 -0.268722534179688 -0.187728881835937
-0.308685302734375 0.385711669921875 -0.233139038085938 -0.0449371337890625
-0.07330322265625 0.419036865234375 -0.12445068359375 0.029266357421875
0.1868896484375 0.344512939453125 -0.0584335327148437 0.00996398925781252
0.305419921875 0.168731689453125 -0.0978851318359375 0.00245666503906253
0.371734619140625 -0.054718017578125 -0.0868606567382812 0.0047760009765625
0.297454833984375 -0.1722412109375 -0.0980606079101563 0.0426483154296875
0.28326416015625 -0.150970458984375 -0.130439758300781 0.052703857421875
0.33172607421875 -0.1595458984375 -0.161407470703125 0.021514892578125
0.369110107421875 -0.04718017578125 -0.161956787109375 -0.058837890625
0.328033447265625 0.160308837890625 -0.157135009765625 -0.13763427734375
0.216583251953125 0.315765380859375 -0.0577545166015625 -0.220672607421875
-0.10992431640625 0.399749755859375 0.103591918945312 -0.279678344726563
-0.35443115234375 0.352142333984375 0.212158203125 -0.190826416015625
-0.423248291015625 0.24853515625 0.308990478515625 -0.10009765625
-0.371307373046875 0.32122802734375 -0.366302490234375 -0.123382568359375
-0.191497802734375 0.402557373046875 -0.260833740234375 0.00448608398437506
0.016204833984375 0.359130859375 -0.124588012695313 0.0200424194335938
0.200057983398438 0.246688842773438 -0.107894897460937 -0.024871826171875
0.259445190429688 0.0950775146484375 -0.174819946289062 -0.0016326904296875
0.28802490234375 -0.074859619140625 -0.182785034179687 0.053924560546875
0.221771240234375 -0.149703979492187 -0.17633056640625 0.126861572265625
0.21942138671875 -0.135177612304688 -0.191970825195313 0.150222778320313
0.259475708007813 -0.143646240234375 -0.235397338867187 0.114578247070312
0.29083251953125 -0.0560302734375 -0.260787963867187 0.00111389160156251
0.275238037109375 0.112014770507813 -0.245147705078125 -0.108779907226563
0.200897216796875 0.248092651367188 -0.119491577148437 -0.215789794921875
-0.06475830078125 0.35302734375 0.051239013671875 -0.252716064453125
-0.284698486328125 0.35723876953125 0.125747680664062 -0.100532531738281
-0.37225341796875 0.29071044921875 0.147247314453125 -0.03753662109375
-0.2503662109375 0.347442626953125 -0.441864013671875 -0.04339599609375
-0.0643310546875 0.368804931640625 -0.273483276367188 0.0565643310546875
0.097564697265625 0.263687133789063 -0.120986938476563 0.024444580078125
0.190231323242188 0.122940063476563 -0.141387939453125 -0.03759765625
0.184173583984375 0.00799560546875 -0.215087890625 0.0117340087890625
0.16778564453125 -0.0903778076171875 -0.238967895507813 0.0981903076171875
0.113883972167969 -0.108413696289063 -0.220016479492188 0.194778442382813
0.122795104980469 -0.0986480712890625 -0.224594116210938 0.225906372070312
0.149002075195313 -0.099761962890625 -0.279281616210938 0.18377685546875
0.158493041992187 -0.0480499267578125 -0.32501220703125 0.04736328125
0.159698486328125 0.047393798828125 -0.2900390625 -0.0838623046875
0.133964538574219 0.128677368164063 -0.151779174804688 -0.197372436523437
-0.011474609375 0.219512939453125 0.0164642333984375 -0.200881958007813
-0.15301513671875 0.28338623046875 0.0543785095214844 -0.00899124145507811
-0.243255615234375 0.28240966796875 0.00495338439941405 0.0296382904052735
-0.105926513671875 0.318939208984375 -0.49462890625 0.04132080078125
0.04302978515625 0.284881591796875 -0.28387451171875 0.112396240234375
0.150955200195313 0.152862548828125 -0.115898132324219 0.0502243041992187
0.15802001953125 0.0008087158203125 -0.155502319335938 -0.0189056396484375
0.092315673828125 -0.0710525512695313 -0.216781616210938 0.037994384765625
0.0321731567382812 -0.0926971435546875 -0.248275756835938 0.137405395507813
-0.00730133056640624 -0.0527687072753906 -0.225448608398438 0.237930297851562
0.00793838500976562 -0.048553466796875 -0.225738525390625 0.266021728515625
0.0156173706054688 -0.0408287048339844 -0.286163330078125 0.216461181640625
0.000951766967773438 -0.0329933166503906 -0.343231201171875 0.0686035156250001
0.0187244415283203 -0.0247402191162109 -0.289337158203125 -0.06890869140625
0.0479888916015625 -0.0125694274902344 -0.147552490234375 -0.176956176757812
0.051055908203125 0.05267333984375 0.00895690917968751 -0.145751953125
0.0138397216796875 0.164276123046875 0.0176315307617187 0.0609512329101563
-0.0672149658203125 0.237472534179688 -0.0857391357421875 0.089813232421875
-0.141845703125 -0.156204223632813 0.089447021484375 -0.166702270507813
-0.21759033203125 0.000595092773437513 -0.0382308959960938 -0.0915069580078125
-0.094879150390625 0.152084350585938 -0.0487213134765625 0.110618591308594
0.05853271484375 0.154708862304688 0.13043212890625 0.172622680664063
0.113540649414063 0.0806427001953125 0.248306274414063 0.063018798828125
0.138504028320313 -0.0093536376953125 0.3104248046875 -0.11669921875
0.122215270996094 -0.0566253662109375 0.2528076171875 -0.241287231445313
0.112617492675781 -0.0272445678710938 0.179519653320312 -0.262710571289063
0.126998901367187 -0.0084075927734375 0.178237915039062 -0.227798461914063
0.110176086425781 0.06463623046875 0.207015991210938 -0.13983154296875
0.0272293090820313 0.118293762207031 0.1671142578125 -0.0860595703125
-0.0737533569335937 0.101554870605469 0.128036499023438 -0.0563201904296875
-0.15069580078125 -0.0254669189453125 0.172073364257813 -0.0967559814453125
-0.117584228515625 -0.1649169921875 0.30902099609375 -0.2064208984375
-0.012664794921875 -0.211578369140625 0.565185546875 -0.07366943359375
-0.307464599609375 -0.06231689453125 0.0445556640625 -0.195083618164063
-0.324432373046875 0.124603271484375 -0.0683517456054688 -0.0972366333007812
-0.137451171875 0.278594970703125 -0.0700225830078125 0.0872039794921875
0.103057861328125 0.26861572265625 0.092864990234375 0.14398193359375
0.208984375 0.141693115234375 0.180374145507813 0.0562744140625
0.263351440429688 -0.0252227783203125 0.243392944335938 -0.09906005859375
0.223129272460938 -0.115310668945313 0.195266723632813 -0.197555541992188
0.206588745117188 -0.0828399658203125 0.122406005859375 -0.217269897460938
0.23486328125 -0.0663299560546875 0.114990234375 -0.198989868164063
0.228240966796875 0.0394744873046875 0.145599365234375 -0.144790649414063
0.13360595703125 0.1573486328125 0.113433837890625 -0.115020751953125
0.00291442871093752 0.1871337890625 0.102249145507813 -0.104347229003906
-0.164581298828125 0.098541259765625 0.171127319335938 -0.163070678710938
-0.215621948242188 -0.031585693359375 0.31732177734375 -0.254547119140625
-0.158340454101563 -0.101150512695312 0.57318115234375 -0.1300048828125
-0.423492431640625 0.0413818359374999 -0.0441741943359375 -0.202545166015625
-0.3819580078125 0.235504150390625 -0.119285583496094 -0.0838851928710938
-0.154937744140625 0.370574951171875 -0.0894699096679688 0.0713958740234375
0.136322021484375 0.3480224609375 0.0499343872070313 0.107437133789063
0.27618408203125 0.182632446289063 0.0967636108398438 0.0445632934570313
0.350494384765625 -0.037109375 0.148422241210938 -0.0684051513671875
0.291107177734375 -0.157196044921875 0.110092163085938 -0.126373291015625
0.271499633789063 -0.125991821289063 0.0459518432617188 -0.13824462890625
0.310089111328125 -0.118896484375 0.0311737060546875 -0.138290405273438
0.320953369140625 0.003997802734375 0.0577163696289063 -0.128990173339844
0.235519409179688 0.176742553710938 0.0339126586914063 -0.133827209472656
0.09271240234375 0.262435913085937 0.058746337890625 -0.154129028320312
-0.1610107421875 0.232711791992187 0.1602783203125 -0.226409912109375
-0.30035400390625 0.123870849609375 0.307403564453125 -0.27581787109375
-0.293792724609375 0.02734375 0.527679443359375 -0.1575927734375
-0.46832275390625 0.146392822265625 -0.15582275390625 -0.188278198242187
-0.372528076171875 0.3226318359375 -0.177658081054688 -0.0547332763671875
-0.13165283203125 0.4183349609375 -0.104942321777344 0.0586929321289063
0.1651611328125 0.372772216796875 0.001983642578125 0.0650672912597657
0.308197021484375 0.1920166015625 0.00269699096679689 0.0293941497802734
0.385650634765625 -0.046844482421875 0.0362167358398438 -0.0270652770996094
0.314300537109375 -0.1759033203125 0.0127906799316406 -0.0378379821777344
0.296112060546875 -0.14898681640625 -0.03631591796875 -0.0384101867675781
0.340972900390625 -0.15240478515625 -0.0609092712402344 -0.0533638000488281
0.3702392578125 -0.027923583984375 -0.0488967895507812 -0.0905838012695313
0.306732177734375 0.177276611328125 -0.063690185546875 -0.133888244628906
0.171356201171875 0.310699462890625 -0.00456237792968748 -0.190704345703125
-0.142822265625 0.3463134765625 0.127822875976562 -0.267303466796875
-0.3536376953125 0.263092041015625 0.26361083984375 -0.255264282226563
-0.387908935546875 0.14788818359375 0.426025390625 -0.147735595703125
-0.4434814453125 0.237823486328125 -0.270767211914063 -0.151626586914062
-0.301025390625 0.3753662109375 -0.227142333984375 -0.0144805908203125
-0.07269287109375 0.4107666015625 -0.114570617675781 0.047149658203125
0.184844970703125 0.335540771484375 -0.0518074035644531 0.0221176147460938
0.300140380859375 0.161163330078125 -0.0901107788085937 0.0171661376953125
0.359649658203125 -0.058197021484375 -0.0774383544921875 0.01837158203125
0.289031982421875 -0.169677734375 -0.0829010009765625 0.053436279296875
0.277252197265625 -0.150466918945313 -0.112464904785156 0.0662002563476563
0.3204345703125 -0.160308837890625 -0.148040771484375 0.041961669921875
0.35870361328125 -0.04852294921875 -0.15948486328125 -0.0335693359375
0.320892333984375 0.155487060546875 -0.165695190429688 -0.114730834960938
0.20947265625 0.30609130859375 -0.076263427734375 -0.204025268554687
-0.110076904296875 0.38946533203125 0.077117919921875 -0.27154541015625
-0.347503662109375 0.343475341796875 0.188201904296875 -0.190444946289062
-0.413543701171875 0.231689453125 0.27960205078125 -0.108184814453125
-0.357879638671875 0.299102783203125 -0.369415283203125 -0.0930480957031249
-0.18682861328125 0.380523681640625 -0.259552001953125 0.0301513671875
0.00833129882812503 0.347198486328125 -0.118133544921875 0.0397796630859375
0.186813354492188 0.241470336914063 -0.101638793945313 -0.0105438232421875
0.249710083007813 0.096710205078125 -0.164657592773438 0.014495849609375
0.27960205078125 -0.0686187744140625 -0.170883178710937 0.0656280517578125
0.219757080078125 -0.140914916992188 -0.159210205078125 0.135009765625
0.216583251953125 -0.128997802734375 -0.171920776367188 0.16021728515625
0.253768920898438 -0.135787963867188 -0.21844482421875 0.1295166015625
0.281494140625 -0.04888916015625 -0.252838134765625 0.023162841796875
0.2625732421875 0.11285400390625 -0.24578857421875 -0.0869140625
0.187713623046875 0.240493774414063 -0.133438110351563 -0.196258544921875
-0.0694580078125 0.3377685546875 0.028045654296875 -0.24053955078125
-0.276641845703125 0.3389892578125 0.105056762695312 -0.10040283203125
-0.35791015625 0.266876220703125 0.123359680175781 -0.0486907958984375
-0.231536865234375 0.32049560546875 -0.44439697265625 -0.0225830078125001
-0.063232421875 0.33624267578125 -0.276107788085938 0.0775299072265625
0.0851898193359375 0.24420166015625 -0.115013122558594 0.0430450439453125
0.169525146484375 0.116943359375 -0.133979797363281 -0.0222244262695312
0.169769287109375 0.015350341796875 -0.203628540039063 0.0232391357421875
0.160568237304688 -0.075836181640625 -0.225112915039063 0.108535766601563
0.116729736328125 -0.0942001342773437 -0.203170776367188 0.197906494140625
0.123146057128906 -0.0886764526367188 -0.205535888671875 0.228546142578125
0.148574829101563 -0.0877532958984375 -0.260635375976563 0.192291259765625
0.15374755859375 -0.034149169921875 -0.31317138671875 0.065826416015625
0.146713256835938 0.056671142578125 -0.286285400390625 -0.063018798828125
0.117012023925781 0.126747131347656 -0.159774780273438 -0.179306030273438
-0.02081298828125 0.203720092773438 -0.00109863281249999 -0.19000244140625
-0.148147583007813 0.256256103515625 0.0394287109375 -0.01220703125
-0.227828979492188 0.253753662109375 -0.0108795166015625 0.0125303268432617
-0.08514404296875 0.291595458984375 -0.493377685546875 0.0528564453125
0.04803466796875 0.252593994140625 -0.286773681640625 0.127044677734375
0.140609741210938 0.129470825195313 -0.10980224609375 0.065765380859375
0.134750366210938 -0.00518035888671875 -0.1458740234375 -0.007537841796875
0.074859619140625 -0.0607223510742188 -0.202865600585938 0.0436553955078125
0.0261688232421875 -0.07293701171875 -0.233901977539063 0.140518188476563
-0.001129150390625 -0.0355224609375 -0.211029052734375 0.234130859375
0.0133056640625 -0.0352630615234375 -0.208511352539062 0.263015747070313
0.0222644805908203 -0.0252532958984375 -0.270584106445312 0.219711303710938
0.00239181518554687 -0.0130071640014648 -0.33087158203125 0.0807189941406251
0.0079960823059082 -0.00750541687011719 -0.2843017578125 -0.05389404296875
0.0302467346191406 -0.00677490234375 -0.152572631835938 -0.161712646484375
0.03497314453125 0.0401802062988281 -0.00374603271484376 -0.138198852539063
0.0116806030273437 0.135963439941406 0.00640487670898438 0.0516624450683594
-0.0539398193359375 0.205764770507813 -0.0958328247070313 0.06658935546875
-0.1444091796875 -0.134033203125 0.104156494140625 -0.143402099609375
-0.203384399414063 0.019439697265625 -0.0236663818359375 -0.0796966552734375
-0.077362060546875 0.151473999023437 -0.0397567749023437 0.107620239257813
0.069244384765625 0.14080810546875 0.130630493164063 0.165512084960938
0.115867614746094 0.0659103393554687 0.243484497070313 0.0607452392578125
0.128982543945313 -0.02496337890625 0.30279541015625 -0.11578369140625
0.110435485839844 -0.0675430297851563 0.250137329101563 -0.236541748046875
0.103973388671875 -0.037750244140625 0.17852783203125 -0.2537841796875
0.117485046386719 -0.0229263305664063 0.179092407226563 -0.21868896484375
0.110221862792969 0.048828125 0.206878662109375 -0.130813598632813
0.0385055541992187 0.107879638671875 0.159500122070313 -0.078826904296875
-0.05938720703125 0.1016845703125 0.118698120117188 -0.0551071166992188
-0.141876220703125 -0.00935363769531249 0.167160034179688 -0.104568481445312
-0.121353149414063 -0.142501831054688 0.3074951171875 -0.20843505859375
-0.0255126953125 -0.193511962890625 0.5614013671875 -0.0673828125
-0.3099365234375 -0.048004150390625 0.0577850341796875 -0.1671142578125
-0.311126708984375 0.1387939453125 -0.0525741577148438 -0.0822906494140625
-0.123275756835938 0.277099609375 -0.0606155395507812 0.0881118774414063
0.110122680664063 0.255111694335938 0.0942840576171875 0.140716552734375
0.209060668945313 0.128021240234375 0.178207397460938 0.058837890625
0.252670288085937 -0.037567138671875 0.240341186523438 -0.0941314697265625
0.21295166015625 -0.123138427734375 0.19781494140625 -0.19171142578125
0.199142456054688 -0.0906219482421875 0.128158569335938 -0.207107543945313
0.226943969726562 -0.078460693359375 0.119293212890625 -0.186477661132812
0.227706909179687 0.0281982421875 0.146942138671875 -0.131179809570313
0.142074584960938 0.15081787109375 0.105415344238281 -0.103744506835937
0.011993408203125 0.190170288085938 0.0907363891601563 -0.0999221801757812
-0.163650512695312 0.111679077148438 0.162063598632813 -0.166213989257813
-0.223739624023438 -0.0143890380859375 0.31195068359375 -0.25347900390625
-0.173431396484375 -0.0928802490234375 0.56329345703125 -0.12139892578125
-0.426239013671875 0.04620361328125 -0.0323486328125 -0.172927856445313
-0.372528076171875 0.24151611328125 -0.1038818359375 -0.0669021606445312
-0.147430419921875 0.368133544921875 -0.0793609619140625 0.0761642456054688
0.1397705078125 0.336517333984375 0.0540847778320313 0.109176635742188
0.274154663085938 0.173904418945312 0.0991744995117188 0.0502853393554688
0.339385986328125 -0.045135498046875 0.149810791015625 -0.06170654296875
0.283599853515625 -0.16046142578125 0.118690490722656 -0.119064331054688
0.265777587890625 -0.130584716796875 0.0569992065429688 -0.127182006835938
0.30401611328125 -0.12554931640625 0.0395965576171875 -0.124282836914063
0.319061279296875 -0.001556396484375 0.059600830078125 -0.111885070800781
0.239547729492188 0.1737060546875 0.0274887084960938 -0.119384765625
0.09466552734375 0.265365600585938 0.04547119140625 -0.145706176757812
-0.166046142578125 0.241378784179688 0.147140502929687 -0.224868774414062
-0.31024169921875 0.131622314453125 0.298004150390625 -0.27105712890625
-0.306793212890625 0.02685546875 0.51336669921875 -0.149383544921875
-0.47308349609375 0.14178466796875 -0.14666748046875 -0.159561157226562
-0.3701171875 0.3206787109375 -0.163772583007813 -0.0358581542968749
-0.131927490234375 0.416748046875 -0.0941925048828125 0.0673065185546875
0.1639404296875 0.366302490234375 0.00722885131835938 0.0699424743652344
0.30487060546875 0.188507080078125 0.00847244262695315 0.0385704040527344
0.376617431640625 -0.0496826171875 0.0418968200683594 -0.0194625854492188
0.311676025390625 -0.175048828125 0.0250606536865235 -0.0308704376220703
0.293060302734375 -0.149688720703125 -0.0215530395507812 -0.0286846160888672
0.336883544921875 -0.152801513671875 -0.0502738952636719 -0.0401382446289063
0.367034912109375 -0.027313232421875 -0.0443572998046875 -0.0723800659179688
0.306640625 0.177398681640625 -0.068634033203125 -0.11810302734375
0.166778564453125 0.314208984375 -0.01641845703125 -0.1785888671875
-0.15155029296875 0.3486328125 0.112350463867188 -0.261077880859375
-0.361541748046875 0.26239013671875 0.250411987304687 -0.248580932617187
-0.397216796875 0.136474609375 0.4078369140625 -0.141265869140625
-0.447479248046875 0.22186279296875 -0.264816284179688 -0.126174926757813
-0.306396484375 0.36602783203125 -0.21759033203125 0.00520324707031255
-0.080963134765625 0.408447265625 -0.105484008789063 0.0593643188476563
0.17803955078125 0.33563232421875 -0.0447196960449219 0.0300254821777344
0.296417236328125 0.165313720703125 -0.0820465087890625 0.026580810546875
0.354644775390625 -0.054046630859375 -0.0692214965820312 0.0262489318847656
0.29119873046875 -0.165435791015625 -0.0691299438476563 0.0587081909179687
0.277053833007813 -0.146682739257813 -0.0975494384765625 0.0729522705078125
0.321044921875 -0.154937744140625 -0.136810302734375 0.05279541015625
0.355194091796875 -0.04193115234375 -0.152542114257812 -0.0178070068359375
0.316314697265625 0.15997314453125 -0.167770385742188 -0.0986175537109375
0.20037841796875 0.308624267578125 -0.0851898193359375 -0.190383911132812
-0.120849609375 0.386077880859375 0.061981201171875 -0.261642456054687
-0.355255126953125 0.33294677734375 0.17254638671875 -0.183975219726562
-0.418609619140625 0.214141845703125 0.26007080078125 -0.1058349609375
-0.361297607421875 0.27783203125 -0.368682861328125 -0.075103759765625
-0.197265625 0.36456298828125 -0.255935668945312 0.048370361328125
-0.007415771484375 0.342041015625 -0.110450744628906 0.0525360107421875
0.173736572265625 0.245880126953125 -0.0937042236328125 -0.00186157226562498
0.24462890625 0.106307983398438 -0.156341552734375 0.022125244140625
0.2784423828125 -0.0579071044921875 -0.16119384765625 0.07177734375
0.22479248046875 -0.132888793945313 -0.146713256835938 0.137496948242188
0.219802856445313 -0.122222900390625 -0.1580810546875 0.162551879882812
0.2572021484375 -0.126296997070313 -0.207244873046875 0.136825561523438
0.280242919921875 -0.037353515625 -0.2440185546875 0.0363922119140625
0.25494384765625 0.12237548828125 -0.244476318359375 -0.0732574462890625
0.174423217773438 0.243682861328125 -0.138687133789063 -0.183090209960937
-0.082427978515625 0.328887939453125 0.0168609619140625 -0.22906494140625
-0.282806396484375 0.3212890625 0.0907058715820312 -0.095458984375
-0.35894775390625 0.243499755859375 0.104507446289062 -0.0527496337890625
-0.23138427734375 0.295562744140625 -0.447906494140625 -0.0131225585937499
-0.0732421875 0.315032958984375 -0.277389526367188 0.0915069580078125
0.0667724609375 0.235549926757812 -0.108238220214844 0.0549697875976563
0.151779174804688 0.122299194335938 -0.126701354980469 -0.0142059326171875
0.161911010742187 0.0283050537109375 -0.19415283203125 0.0270843505859375
0.1612548828125 -0.060028076171875 -0.21630859375 0.110061645507813
0.125221252441406 -0.0827713012695313 -0.194732666015625 0.196853637695313
0.129776000976562 -0.0799942016601562 -0.195892333984375 0.2269287109375
0.155319213867188 -0.076416015625 -0.251113891601563 0.195480346679688
0.15545654296875 -0.019561767578125 -0.305633544921875 0.0742797851562501
0.139228820800781 0.0703201293945313 -0.282989501953125 -0.05340576171875
0.102951049804688 0.132499694824219 -0.162338256835938 -0.167388916015625
-0.03643798828125 0.194656372070313 -0.01007080078125 -0.179595947265625
-0.155349731445312 0.235153198242187 0.0268802642822266 -0.0120849609375
-0.2288818359375 0.225830078125 -0.0281829833984375 0.00164413452148439
-0.0794830322265625 0.267959594726563 -0.498291015625 0.0548095703125
0.0423583984375 0.228912353515625 -0.29107666015625 0.13616943359375
0.1256103515625 0.117042541503906 -0.1041259765625 0.0752716064453125
0.115890502929688 -0.00287628173828125 -0.136940002441406 -0.00175476074218752
0.0653724670410156 -0.0481071472167969 -0.194168090820313 0.042755126953125
0.0268783569335938 -0.0554313659667969 -0.227005004882813 0.137969970703125
0.00807571411132813 -0.0238246917724609 -0.206619262695313 0.228485107421875
0.0203266143798828 -0.0257720947265625 -0.204360961914062 0.257965087890625
0.0317707061767578 -0.0141792297363281 -0.264801025390625 0.2181396484375
0.00796413421630859 0.00369024276733398 -0.32574462890625 0.0853271484375
0.00314140319824219 0.00891399383544922 -0.280197143554688 -0.0482330322265625
0.0174655914306641 0.0026092529296875 -0.153488159179688 -0.154052734375
0.0185031890869141 0.0332622528076172 -0.0107498168945312 -0.130455017089844
0.00304412841796876 0.1148681640625 -0.00508117675781251 0.0466499328613281
-0.0546417236328125 0.17938232421875 -0.111747741699219 0.04852294921875
-0.145843505859375 -0.118408203125 0.124824523925781 -0.127883911132813
-0.193252563476563 0.0328216552734375 -0.00872039794921876 -0.074127197265625
-0.0648651123046875 0.152206420898438 -0.0346755981445313 0.106620788574219
0.078125 0.130805969238281 0.132125854492188 0.164276123046875
0.117874145507813 0.05523681640625 0.245407104492188 0.0624237060546875
0.121353149414062 -0.0363693237304687 0.305450439453125 -0.115814208984375
0.10198974609375 -0.0763015747070313 0.255142211914063 -0.238739013671875
0.0975189208984375 -0.0477523803710938 0.186904907226563 -0.253250122070313
0.110816955566406 -0.0342254638671875 0.186965942382813 -0.216415405273438
0.110969543457031 0.0354995727539063 0.213211059570313 -0.126388549804687
0.0466079711914063 0.0992279052734375 0.160003662109375 -0.0732879638671875
-0.0493011474609375 0.1019287109375 0.114395141601562 -0.0531387329101562
-0.135696411132813 0.00214385986328122 0.166412353515625 -0.11260986328125
-0.123252868652344 -0.126625061035156 0.31524658203125 -0.213470458984375
-0.0339202880859375 -0.181396484375 0.57537841796875 -0.06109619140625
-0.317413330078125 -0.037017822265625 0.0767364501953125 -0.148635864257813
-0.30657958984375 0.150054931640625 -0.0378189086914063 -0.0746536254882812
-0.116989135742188 0.279373168945313 -0.054046630859375 0.089996337890625
0.116775512695312 0.248977661132813 0.0975189208984375 0.142074584960938
0.21124267578125 0.120803833007812 0.182373046875 0.06396484375
0.247634887695313 -0.0461273193359375 0.244277954101563 -0.0910491943359375
0.208602905273438 -0.130447387695313 0.206924438476562 -0.1917724609375
0.197021484375 -0.098876953125 0.138717651367188 -0.204376220703125
0.225265502929688 -0.0885467529296875 0.12945556640625 -0.181381225585938
0.231796264648437 0.0186309814453125 0.155227661132813 -0.122467041015625
0.152435302734375 0.148468017578125 0.104644775390625 -0.0947036743164062
0.0188140869140625 0.196304321289063 0.0848007202148438 -0.0957412719726563
-0.165176391601563 0.125518798828125 0.159286499023438 -0.171401977539063
-0.234848022460938 -0.000808715820312522 0.317962646484375 -0.25567626953125
-0.18927001953125 -0.086578369140625 0.5736083984375 -0.1124267578125
-0.439605712890625 0.05108642578125 -0.01690673828125 -0.153594970703125
-0.374755859375 0.249847412109375 -0.0897293090820313 -0.056610107421875
-0.14752197265625 0.3743896484375 -0.071319580078125 0.0803909301757813
0.1429443359375 0.3360595703125 0.059112548828125 0.112228393554688
0.277908325195313 0.172134399414063 0.104507446289063 0.0577926635742188
0.33734130859375 -0.04949951171875 0.156341552734375 -0.05657958984375
0.285491943359375 -0.16705322265625 0.131050109863281 -0.11767578125
0.26763916015625 -0.136627197265625 0.0705795288085938 -0.124053955078125
0.306976318359375 -0.132598876953125 0.0500564575195313 -0.116874694824219
0.3248291015625 -0.00628662109375 0.06744384765625 -0.101112365722656
0.248641967773438 0.177566528320313 0.0251998901367188 -0.108543395996094
0.0986328125 0.2760009765625 0.0383529663085938 -0.140220642089844
-0.174713134765625 0.2559814453125 0.142013549804687 -0.227981567382812
-0.325439453125 0.14190673828125 0.298126220703125 -0.2706298828125
-0.327239990234375 0.026641845703125 0.517425537109375 -0.1392822265625
-0.489990234375 0.1402587890625 -0.136474609375 -0.140777587890625
-0.37969970703125 0.326263427734375 -0.152908325195313 -0.023284912109375
-0.1392822265625 0.424835205078125 -0.0863113403320313 0.074432373046875
0.164306640625 0.371856689453125 0.0128936767578125 0.0747909545898438
0.309967041015625 0.19244384765625 0.0146026611328125 0.0459480285644531
0.379913330078125 -0.049285888671875 0.0479965209960938 -0.0134162902832031
0.318115234375 -0.17822265625 0.037750244140625 -0.0291519165039063
0.300048828125 -0.15301513671875 -0.00854110717773436 -0.0241355895996094
0.34405517578125 -0.15716552734375 -0.0397911071777344 -0.0310783386230469
0.37396240234375 -0.027008056640625 -0.0382652282714844 -0.0601081848144531
0.313751220703125 0.186431884765625 -0.0716094970703125 -0.107215881347656
0.16705322265625 0.32537841796875 -0.024566650390625 -0.171524047851562
-0.164337158203125 0.359161376953125 0.104598999023438 -0.260482788085938
-0.380401611328125 0.267303466796875 0.245346069335938 -0.247756958007813
-0.418182373046875 0.1307373046875 0.4034423828125 -0.133880615234375
-0.46728515625 0.21484375 -0.262725830078125 -0.109237670898437
-0.32183837890625 0.36669921875 -0.21173095703125 0.0198211669921875
-0.09368896484375 0.419403076171875 -0.09686279296875 0.0686569213867188
0.175018310546875 0.347686767578125 -0.0383148193359375 0.0357589721679688
0.301116943359375 0.175567626953125 -0.0760574340820312 0.0339813232421875
0.362823486328125 -0.048858642578125 -0.0630035400390625 0.0324325561523437
0.301849365234375 -0.164642333984375 -0.058563232421875 0.0611724853515625
0.286712646484375 -0.147247314453125 -0.0860366821289062 0.077056884765625
0.332000732421875 -0.1553955078125 -0.128570556640625 0.061981201171875
0.363922119140625 -0.036834716796875 -0.14788818359375 -0.005828857421875
0.319976806640625 0.17181396484375 -0.170745849609375 -0.08880615234375
0.196258544921875 0.32183837890625 -0.09210205078125 -0.18280029296875
-0.137451171875 0.394012451171875 0.0544891357421875 -0.258056640625
-0.373931884765625 0.331329345703125 0.165969848632812 -0.180145263671875
-0.4383544921875 0.20196533203125 0.251068115234375 -0.101577758789062
-0.378021240234375 0.265380859375 -0.37432861328125 -0.0626220703125
-0.215545654296875 0.35833740234375 -0.2568359375 0.0631866455078126
-0.02374267578125 0.350677490234375 -0.103950500488281 0.063140869140625
0.166397094726563 0.259841918945312 -0.0871505737304687 0.00387573242187501
0.247390747070313 0.120071411132813 -0.151138305664062 0.0278472900390625
0.28741455078125 -0.048675537109375 -0.156875610351562 0.076873779296875
0.238433837890625 -0.12994384765625 -0.140701293945312 0.13995361328125
0.231246948242188 -0.119476318359375 -0.150070190429687 0.166152954101563
0.2694091796875 -0.1229248046875 -0.202072143554687 0.144241333007813
0.289154052734375 -0.027496337890625 -0.242385864257812 0.046295166015625
0.256378173828125 0.136749267578125 -0.247283935546875 -0.064849853515625
0.16717529296875 0.256118774414063 -0.144851684570313 -0.175460815429687
-0.10113525390625 0.331787109375 0.00883483886718747 -0.224044799804687
-0.30108642578125 0.314361572265625 0.0815811157226562 -0.09210205078125
-0.375762939453125 0.227081298828125 0.0900192260742187 -0.0534210205078125
-0.242630004882813 0.279129028320313 -0.4598388671875 -0.00662231445312499
-0.08807373046875 0.3055419921875 -0.284942626953125 0.105194091796875
0.0503997802734375 0.238037109375 -0.103958129882813 0.0650863647460938
0.14056396484375 0.134223937988281 -0.121116638183594 -0.0101165771484375
0.161407470703125 0.0423431396484375 -0.1912841796875 0.0291748046875
0.170257568359375 -0.0473175048828125 -0.215225219726563 0.1126708984375
0.138618469238281 -0.0763015747070313 -0.193939208984375 0.197723388671875
0.139373779296875 -0.0751495361328125 -0.1925048828125 0.229232788085937
0.167266845703125 -0.0701904296875 -0.250137329101563 0.2008056640625
0.165115356445313 -0.006866455078125 -0.30572509765625 0.080902099609375
0.139190673828125 0.0865859985351563 -0.284912109375 -0.0489501953125
0.0931243896484375 0.144119262695313 -0.166152954101563 -0.162933349609375
-0.0546875 0.194992065429688 -0.0164794921875 -0.173477172851563
-0.1702880859375 0.22406005859375 0.0164756774902344 -0.00981712341308592
-0.239822387695313 0.2076416015625 -0.046356201171875 -0.00511932373046874
-0.081024169921875 0.252227783203125 -0.5137939453125 0.054534912109375
0.0330657958984375 0.216217041015625 -0.3017578125 0.146728515625
0.113288879394531 0.112533569335937 -0.100807189941406 0.0833969116210938
0.103507995605469 0.003204345703125 -0.132911682128906 0.000366210937499986
0.0611419677734375 -0.0364303588867188 -0.19219970703125 0.040740966796875
0.0326919555664063 -0.0409889221191406 -0.2283935546875 0.136428833007813
0.0192737579345703 -0.0154876708984375 -0.2105712890625 0.227340698242188
0.0285072326660156 -0.01953125 -0.205398559570313 0.258041381835937
0.0425071716308594 -0.00643157958984375 -0.268890380859375 0.222564697265625
0.0160923004150391 0.0167446136474609 -0.32977294921875 0.0887451171875
0.00233840942382813 0.0242900848388672 -0.28369140625 -0.046173095703125
0.00803852081298828 0.0127286911010742 -0.156600952148438 -0.151824951171875
0.00278854370117188 0.0308494567871094 -0.0158004760742188 -0.127471923828125
-0.00966644287109375 0.101478576660156 -0.01617431640625 0.0459442138671875
-0.060455322265625 0.159561157226563 -0.131477355957031 0.0355682373046875
-0.14898681640625 -0.104339599609375 0.147796630859375 -0.121139526367188
-0.185760498046875 0.047332763671875 0.00487518310546875 -0.0733795166015625
-0.0528411865234375 0.155258178710938 -0.0278244018554687 0.108291625976563
0.08807373046875 0.122222900390625 0.139633178710937 0.165435791015625
0.121742248535156 0.044342041015625 0.2550048828125 0.0606842041015625
0.11529541015625 -0.048187255859375 0.313751220703125 -0.12384033203125
0.0944900512695313 -0.0862884521484375 0.26263427734375 -0.250625610351562
0.0914993286132813 -0.0570297241210938 0.193206787109375 -0.263656616210938
0.105026245117187 -0.0462493896484375 0.195404052734375 -0.225021362304687
0.111404418945313 0.0237884521484375 0.22430419921875 -0.1314697265625
0.05548095703125 0.0915374755859375 0.164199829101563 -0.0721893310546875
-0.039764404296875 0.103973388671875 0.113700866699219 -0.0541534423828125
-0.130401611328125 0.0135269165039063 0.1671142578125 -0.12432861328125
-0.128013610839844 -0.113311767578125 0.326507568359375 -0.22967529296875
-0.0439605712890625 -0.172760009765625 0.60308837890625 -0.0672607421875
-0.330902099609375 -0.0220947265625 0.0971832275390625 -0.138298034667969
-0.305450439453125 0.167755126953125 -0.02423095703125 -0.07122802734375
-0.10821533203125 0.28961181640625 -0.0468597412109375 0.0934295654296875
0.127639770507813 0.245803833007813 0.104690551757813 0.144805908203125
0.220443725585938 0.114028930664062 0.192581176757812 0.0662994384765625
0.24664306640625 -0.05792236328125 0.254013061523438 -0.0944976806640625
0.2064208984375 -0.143798828125 0.2178955078125 -0.2012939453125
0.196640014648438 -0.11102294921875 0.149124145507812 -0.212692260742187
0.225723266601563 -0.1036376953125 0.13983154296875 -0.18536376953125
0.240371704101562 0.006500244140625 0.166397094726563 -0.12298583984375
0.166763305664063 0.145828247070313 0.106918334960938 -0.0910873413085937
0.0302734375 0.205657958984375 0.0811843872070313 -0.094879150390625
-0.167800903320313 0.144058227539063 0.157516479492188 -0.182891845703125
-0.248489379882813 0.0167694091796875 0.325775146484375 -0.269256591796875
-0.208709716796875 -0.0779266357421875 0.59649658203125 -0.11651611328125
-0.4598388671875 0.06524658203125 -0.00141906738281251 -0.1407470703125
-0.379669189453125 0.2703857421875 -0.0780868530273438 -0.0496673583984375
-0.143951416015625 0.391632080078125 -0.0637130737304688 0.0862274169921875
0.154144287109375 0.340118408203125 0.0665817260742188 0.116348266601563
0.292205810546875 0.1690673828125 0.114555358886719 0.0621871948242188
0.344512939453125 -0.05987548828125 0.165679931640625 -0.056549072265625
0.289093017578125 -0.18115234375 0.14312744140625 -0.12445068359375
0.27313232421875 -0.15081787109375 0.081939697265625 -0.128486633300781
0.31427001953125 -0.14910888671875 0.0608673095703125 -0.115707397460938
0.33990478515625 -0.01580810546875 0.0768966674804688 -0.0969619750976563
0.266830444335937 0.180068969726562 0.0238265991210938 -0.102806091308594
0.11053466796875 0.290740966796875 0.0312423706054687 -0.137847900390625
-0.181320190429688 0.278839111328125 0.136001586914063 -0.237350463867187
-0.346282958984375 0.161529541015625 0.301727294921875 -0.2833251953125
-0.354095458984375 0.03485107421875 0.53271484375 -0.143463134765625
-0.516387939453125 0.15203857421875 -0.129310607910156 -0.125839233398437
-0.391693115234375 0.346160888671875 -0.144287109375 -0.0117645263671874
-0.141510009765625 0.447601318359375 -0.0778350830078125 0.0825119018554688
0.17486572265625 0.385467529296875 0.0207672119140625 0.079498291015625
0.32745361328125 0.195465087890625 0.0234489440917969 0.0525169372558594
0.392425537109375 -0.057830810546875 0.0568733215332031 -0.010040283203125
0.328826904296875 -0.192596435546875 0.049835205078125 -0.0307731628417969
0.3096923828125 -0.166534423828125 0.00387573242187502 -0.0241813659667969
0.356597900390625 -0.171630859375 -0.0313014984130859 -0.0244712829589844
0.391754150390625 -0.034942626953125 -0.0318641662597656 -0.0523681640625
0.3321533203125 0.191925048828125 -0.0759124755859375 -0.0981903076171875
0.178955078125 0.342498779296875 -0.033660888671875 -0.168045043945312
-0.17401123046875 0.3843994140625 0.096160888671875 -0.26715087890625
-0.402923583984375 0.286468505859375 0.245529174804687 -0.253677368164063
-0.447052001953125 0.13677978515625 0.410797119140625 -0.13616943359375
-0.492584228515625 0.222076416015625 -0.266143798828125 -0.094085693359375
-0.338958740234375 0.383819580078125 -0.208206176757813 0.0348968505859375
-0.0994873046875 0.4432373046875 -0.0895309448242187 0.07843017578125
0.1822509765625 0.3643798828125 -0.0323562622070312 0.0405960083007813
0.318511962890625 0.18280029296875 -0.0703125 0.0413055419921875
0.379547119140625 -0.052276611328125 -0.0579414367675781 0.0383338928222656
0.316497802734375 -0.17608642578125 -0.0498771667480468 0.0634727478027344
0.300048828125 -0.15814208984375 -0.076080322265625 0.0817184448242187
0.34649658203125 -0.165283203125 -0.122085571289062 0.0730056762695313
0.381805419921875 -0.03997802734375 -0.1455078125 0.00550842285156248
0.337371826171875 0.180694580078125 -0.1768798828125 -0.077911376953125
0.2054443359375 0.338897705078125 -0.10296630859375 -0.1778564453125
-0.148712158203125 0.416534423828125 0.0444488525390625 -0.260498046875
-0.39642333984375 0.34857177734375 0.161209106445312 -0.18267822265625
-0.46484375 0.2052001953125 0.246795654296875 -0.10345458984375
-0.400604248046875 0.268096923828125 -0.3875732421875 -0.0474548339843749
-0.233245849609375 0.369232177734375 -0.259078979492188 0.0823822021484375
-0.03424072265625 0.37060546875 -0.0978240966796875 0.0744171142578125
0.169845581054687 0.277389526367188 -0.0836105346679687 0.00846862792968753
0.26202392578125 0.130691528320313 -0.149169921875 0.03521728515625
0.3048095703125 -0.046356201171875 -0.155288696289063 0.08526611328125
0.254531860351563 -0.136123657226563 -0.135650634765625 0.146896362304687
0.244522094726563 -0.125900268554688 -0.144149780273437 0.174087524414062
0.286163330078125 -0.129180908203125 -0.199783325195312 0.157913208007812
0.306121826171875 -0.026397705078125 -0.244735717773437 0.0594482421875
0.269149780273438 0.149810791015625 -0.255691528320313 -0.0550231933593749
0.170516967773438 0.272811889648438 -0.154983520507812 -0.171585083007813
-0.11431884765625 0.348236083984375 -0.000854492187500028 -0.223403930664063
-0.3209228515625 0.3240966796875 0.0750198364257812 -0.0908660888671875
-0.39801025390625 0.2259521484375 0.0774002075195312 -0.055328369140625
-0.255935668945313 0.276779174804687 -0.4815673828125 0.00732421875000011
-0.101959228515625 0.30767822265625 -0.2940673828125 0.125152587890625
0.0400848388671875 0.2489013671875 -0.100051879882813 0.0759658813476563
0.13818359375 0.14794921875 -0.11962890625 -0.00617218017578122
0.1688232421875 0.0538482666015625 -0.192489624023437 0.0349578857421875
0.183792114257813 -0.0407867431640625 -0.217376708984375 0.1212158203125
0.153533935546875 -0.0780181884765625 -0.194061279296875 0.206832885742187
0.152618408203125 -0.0766143798828125 -0.190597534179688 0.239852905273438
0.183029174804688 -0.07147216796875 -0.251617431640625 0.215469360351563
0.179290771484375 0.000457763671875 -0.31268310546875 0.094451904296875
0.146438598632813 0.10101318359375 -0.295654296875 -0.04058837890625
0.0911712646484375 0.15838623046875 -0.17596435546875 -0.15960693359375
-0.0695343017578125 0.202804565429688 -0.0237579345703125 -0.171951293945313
-0.187591552734375 0.224365234375 0.0078754425048828 -0.00657129287719725
-0.255889892578125 0.200927734375 -0.0652122497558594 -0.00867462158203124
-0.08319091796875 0.245803833007813 -0.54034423828125 0.0642700195312499
0.026611328125 0.21063232421875 -0.3150634765625 0.165557861328125
0.105575561523438 0.1114501953125 -0.09765625 0.0938873291015625
0.0953598022460938 0.00968170166015625 -0.131416320800781 0.00287628173828122
0.0605621337890625 -0.0274543762207031 -0.194808959960938 0.042572021484375
0.0403480529785156 -0.031036376953125 -0.233428955078125 0.143035888671875
0.0303421020507812 -0.0105571746826172 -0.216461181640625 0.237091064453125
0.0381317138671875 -0.0157432556152344 -0.208511352539063 0.26953125
0.0545692443847656 -0.00276947021484375 -0.273162841796875 0.236648559570313
0.0273036956787109 0.0272579193115234 -0.340362548828125 0.1016845703125
0.0041351318359375 0.0395545959472656 -0.294708251953125 -0.04107666015625
0.00164604187011719 0.0239486694335938 -0.165740966796875 -0.15020751953125
-0.0109767913818359 0.0322303771972656 -0.021697998046875 -0.125801086425781
-0.021820068359375 0.094024658203125 -0.0258979797363281 0.0474166870117188
-0.06842041015625 0.149093627929688 -0.1546630859375 0.0289459228515625
-0.153732299804688 -0.088104248046875 0.1697998046875 -0.123092651367188
-0.176498413085938 0.065521240234375 0.0160064697265625 -0.0755233764648438
-0.0359039306640625 0.158523559570313 -0.018798828125 0.109107971191406
0.0990753173828125 0.110488891601563 0.152191162109375 0.162582397460938
0.124870300292969 0.030364990234375 0.268081665039063 0.05230712890625
0.106269836425781 -0.0599365234375 0.319671630859375 -0.14227294921875
0.0834884643554688 -0.0970001220703125 0.262893676757813 -0.273269653320313
0.083160400390625 -0.0681304931640625 0.191925048828125 -0.281707763671875
0.0971298217773438 -0.059295654296875 0.197357177734375 -0.2415771484375
0.111885070800781 0.00937652587890625 0.232254028320312 -0.144989013671875
0.0650177001953125 0.0825881958007812 0.168685913085938 -0.0784759521484375
-0.0279998779296875 0.105506896972656 0.1126708984375 -0.0574493408203125
-0.124832153320313 0.0269012451171875 0.163116455078125 -0.141799926757813
-0.133705139160156 -0.09857177734375 0.330291748046875 -0.257110595703125
-0.0562744140625 -0.16363525390625 0.630859375 -0.09246826171875
-0.342926025390625 0.002105712890625 0.115745544433594 -0.135650634765625
-0.29901123046875 0.1944580078125 -0.0129013061523438 -0.0704421997070312
-0.091766357421875 0.302337646484375 -0.0374755859375 0.0963821411132813
0.143890380859375 0.239974975585937 0.117523193359375 0.144363403320313
0.231292724609375 0.100601196289062 0.206161499023438 0.0615692138671875
0.244979858398438 -0.075103759765625 0.26312255859375 -0.107986450195313
0.20037841796875 -0.16265869140625 0.222000122070313 -0.219818115234375
0.192535400390625 -0.13018798828125 0.151779174804687 -0.227935791015625
0.22357177734375 -0.124435424804688 0.144760131835938 -0.196304321289063
0.248550415039063 -0.012420654296875 0.17474365234375 -0.131622314453125
0.18609619140625 0.13787841796875 0.108467102050781 -0.0921707153320312
0.0483551025390625 0.213333129882812 0.0765228271484375 -0.0960159301757812
-0.163482666015625 0.167098999023438 0.149337768554688 -0.198486328125
-0.260589599609375 0.0417327880859375 0.32562255859375 -0.2939453125
-0.22991943359375 -0.061309814453125 0.61798095703125 -0.14068603515625
-0.4794921875 0.0946960449218749 0.0107421875 -0.13250732421875
-0.377197265625 0.3023681640625 -0.067474365234375 -0.0438270568847656
-0.127899169921875 0.41412353515625 -0.0535354614257813 0.0917587280273438
0.1751708984375 0.341888427734375 0.0782928466796875 0.116973876953125
0.31036376953125 0.158294677734375 0.127212524414063 0.062042236328125
0.349456787109375 -0.080535888671875 0.174972534179688 -0.0632171630859375
0.288330078125 -0.205291748046875 0.150741577148438 -0.137649536132813
0.273544311523438 -0.174331665039063 0.0894622802734375 -0.137886047363281
0.3173828125 -0.175140380859375 0.0675888061523438 -0.118576049804688
0.352691650390625 -0.037384033203125 0.0848617553710938 -0.0983352661132813
0.290863037109375 0.1729736328125 0.0219268798828125 -0.0985336303710938
0.132720947265625 0.30072021484375 0.0225372314453125 -0.136489868164062
-0.1778564453125 0.30841064453125 0.123458862304688 -0.250015258789063
-0.36065673828125 0.1943359375 0.29840087890625 -0.304107666015625
-0.379180908203125 0.056640625 0.545562744140625 -0.163909912109375
-0.53759765625 0.181488037109375 -0.124977111816406 -0.111381530761719
-0.393341064453125 0.381134033203125 -0.135665893554688 0.000114440917968752
-0.128173828125 0.475128173828125 -0.0675201416015625 0.0905990600585938
0.1986083984375 0.3935546875 0.0303573608398438 0.082183837890625
0.352020263671875 0.1868896484375 0.0338211059570313 0.0564193725585938
0.403839111328125 -0.076812744140625 0.0657577514648438 -0.00925827026367188
0.333343505859375 -0.21826171875 0.0591087341308594 -0.0368118286132813
0.314239501953125 -0.191070556640625 0.0135116577148438 -0.0275325775146484
0.363922119140625 -0.1986083984375 -0.0228347778320312 -0.0192050933837891
0.408721923828125 -0.056121826171875 -0.0257644653320312 -0.0456199645996094
0.36065673828125 0.187103271484375 -0.0817718505859375 -0.0887222290039062
0.203094482421875 0.355255126953125 -0.0467376708984375 -0.163528442382812
-0.16998291015625 0.4168701171875 0.08111572265625 -0.275894165039063
-0.416473388671875 0.322509765625 0.23834228515625 -0.268829345703125
-0.472503662109375 0.160491943359375 0.414520263671875 -0.15167236328125
-0.514892578125 0.249542236328125 -0.270248413085938 -0.0734100341796875
-0.343505859375 0.415802001953125 -0.202926635742188 0.0538787841796875
-0.09124755859375 0.472412109375 -0.0798721313476563 0.0879669189453125
0.20367431640625 0.376922607421875 -0.0254020690917969 0.0449485778808594
0.344390869140625 0.17913818359375 -0.0636215209960937 0.0492477416992188
0.396148681640625 -0.068328857421875 -0.0505218505859375 0.0461654663085937
0.325439453125 -0.200164794921875 -0.0398902893066406 0.0659217834472656
0.3084716796875 -0.180084228515625 -0.0646896362304687 0.0861892700195312
0.359039306640625 -0.190643310546875 -0.113754272460937 0.086212158203125
0.400146484375 -0.056671142578125 -0.142120361328125 0.0194854736328125
0.363250732421875 0.179779052734375 -0.185577392578125 -0.063873291015625
0.227783203125 0.3507080078125 -0.117263793945313 -0.170791625976562
-0.146331787109375 0.44671630859375 0.0282135009765625 -0.264556884765625
-0.408172607421875 0.382720947265625 0.153366088867187 -0.189453125
-0.489715576171875 0.2264404296875 0.24200439453125 -0.111373901367187
-0.415771484375 0.2869873046875 -0.401153564453125 -0.021331787109375
-0.238922119140625 0.392974853515625 -0.258544921875 0.106430053710938
-0.030364990234375 0.3944091796875 -0.0898666381835938 0.0856552124023438
0.184234619140625 0.2926025390625 -0.0801315307617187 0.0145111083984375
0.282440185546875 0.131622314453125 -0.1466064453125 0.0450439453125
0.32232666015625 -0.0572509765625 -0.1514892578125 0.0981292724609375
0.267471313476563 -0.153976440429688 -0.128158569335937 0.156661987304688
0.256027221679687 -0.1431884765625 -0.1331787109375 0.185165405273437
0.299896240234375 -0.148284912109375 -0.19195556640625 0.17718505859375
0.32501220703125 -0.03662109375 -0.244033813476562 0.079254150390625
0.2904052734375 0.152862548828125 -0.265945434570313 -0.0375213623046875
0.185882568359375 0.285491943359375 -0.169403076171875 -0.162567138671875
-0.116424560546875 0.372314453125 -0.015380859375 -0.222381591796875
-0.332611083984375 0.3463134765625 0.0672607421875 -0.0907058715820312
-0.416900634765625 0.24005126953125 0.0638504028320312 -0.0570335388183594
-0.26348876953125 0.284881591796875 -0.50384521484375 0.0362854003906249
-0.106719970703125 0.31744384765625 -0.297576904296875 0.153045654296875
0.0390625 0.26190185546875 -0.09393310546875 0.0886154174804688
0.142333984375 0.16021728515625 -0.118988037109375 0.000679016113281266
0.180557250976563 0.0589141845703125 -0.194381713867188 0.0456085205078125
0.1995849609375 -0.04266357421875 -0.216323852539063 0.136825561523438
0.167236328125 -0.0868072509765625 -0.189773559570313 0.222793579101563
0.16265869140625 -0.0846405029296875 -0.182769775390625 0.256195068359375
0.197784423828125 -0.081512451171875 -0.246780395507813 0.238525390625
0.19647216796875 -0.0012359619140625 -0.315826416015625 0.1182861328125
0.160980224609375 0.109878540039063 -0.3072509765625 -0.0225830078125
0.0969390869140625 0.17138671875 -0.190200805664062 -0.151107788085938
-0.077301025390625 0.217636108398438 -0.035888671875 -0.169265747070312
-0.198577880859375 0.234405517578125 0.000500917434692371 -0.00325942039489745
-0.268280029296875 0.205490112304688 -0.0848236083984375 -0.00708770751953123
-0.08087158203125 0.244232177734375 -0.56671142578125 0.0935058593750001
0.0253143310546875 0.20709228515625 -0.321685791015625 0.19476318359375
0.101295471191406 0.110145568847656 -0.0917129516601563 0.105506896972656
0.0903244018554687 0.015625 -0.131515502929688 0.00943756103515625
0.0620918273925781 -0.0204544067382813 -0.1988525390625 0.050506591796875
0.0498580932617188 -0.0250091552734375 -0.235702514648438 0.157943725585938
0.0425529479980469 -0.009033203125 -0.215103149414063 0.254669189453125
0.0472412109375 -0.0147438049316406 -0.203033447265625 0.28826904296875
0.0668067932128906 -0.00310516357421875 -0.271728515625 0.26080322265625
0.0402946472167969 0.0338478088378906 -0.348052978515625 0.125885009765625
0.0105438232421875 0.053253173828125 -0.307159423828125 -0.025634765625
-0.00155067443847656 0.0348415374755859 -0.179367065429688 -0.144332885742188
-0.0235939025878906 0.0370941162109375 -0.0309524536132812 -0.124275207519531
-0.0322189331054688 0.0909652709960937 -0.0334548950195313 0.051727294921875
-0.0739288330078125 0.143051147460938 -0.17840576171875 0.0312042236328125
-0.153854370117188 -0.068115234375 0.185333251953125 -0.130828857421875
-0.160995483398437 0.08245849609375 0.0239028930664062 -0.0795059204101562
-0.017303466796875 0.156036376953125 -0.00768280029296876 0.107620239257813
0.107719421386719 0.094146728515625 0.164886474609375 0.152175903320313
0.123741149902344 0.0143661499023438 0.275360107421875 0.0338897705078125
0.0938949584960938 -0.0699920654296875 0.31427001953125 -0.166259765625
0.0678024291992188 -0.105491638183594 0.250213623046875 -0.294586181640625
0.0705490112304688 -0.0774993896484375 0.178680419921875 -0.298675537109375
0.084197998046875 -0.0711746215820313 0.1881103515625 -0.259124755859375
0.10833740234375 -0.00605010986328125 0.230850219726562 -0.163497924804688
0.0718841552734375 0.0704116821289063 0.167327880859375 -0.08758544921875
-0.0151443481445313 0.104217529296875 0.108604431152344 -0.0624008178710938
-0.114669799804688 0.0391082763671875 0.151702880859375 -0.157943725585938
-0.137062072753906 -0.079986572265625 0.3187255859375 -0.284637451171875
-0.06890869140625 -0.149429321289063 0.64080810546875 -0.1351318359375
-0.344207763671875 0.0340881347656251 0.129890441894531 -0.13787841796875
-0.279632568359375 0.220458984375 -0.00402832031250002 -0.0713348388671875
-0.06658935546875 0.308624267578125 -0.0257034301757813 0.0963821411132813
0.160598754882813 0.225326538085938 0.129776000976563 0.13702392578125
0.23748779296875 0.0796966552734375 0.216476440429688 0.0489044189453125
0.235809326171875 -0.0947723388671875 0.261993408203125 -0.12640380859375
0.184112548828125 -0.180267333984375 0.214492797851563 -0.240936279296875
0.179824829101563 -0.148284912109375 0.144439697265625 -0.2421875
0.211212158203125 -0.146957397460938 0.141006469726563 -0.20843505859375
0.24810791015625 -0.0366668701171875 0.1754150390625 -0.144607543945312
0.200973510742187 0.121200561523438 0.105606079101563 -0.0956344604492187
0.069061279296875 0.212539672851563 0.06878662109375 -0.0965118408203125
-0.14984130859375 0.18841552734375 0.133392333984375 -0.211471557617188
-0.261947631835938 0.0720367431640625 0.310150146484375 -0.31951904296875
-0.244247436523438 -0.037078857421875 0.623779296875 -0.17852783203125
-0.48211669921875 0.133026123046875 0.02276611328125 -0.125328063964844
-0.358245849609375 0.334747314453125 -0.0572357177734375 -0.0393943786621094
-0.100311279296875 0.428131103515625 -0.041046142578125 0.09429931640625
0.198883056640625 0.3302001953125 0.0901336669921875 0.113067626953125
0.32391357421875 0.134796142578125 0.1390380859375 0.0552597045898438
0.345123291015625 -0.10540771484375 0.17913818359375 -0.0742034912109375
0.273757934570313 -0.230819702148437 0.14971923828125 -0.153549194335938
0.2620849609375 -0.197784423828125 0.088714599609375 -0.148452758789063
0.30645751953125 -0.204498291015625 0.0703506469726563 -0.124076843261719
0.355804443359375 -0.0673828125 0.0881576538085938 -0.1038818359375
0.3123779296875 0.153411865234375 0.0176925659179688 -0.0943222045898437
0.159515380859375 0.29949951171875 0.0111618041992188 -0.132034301757812
-0.160125732421875 0.334808349609375 0.103042602539063 -0.259506225585938
-0.358489990234375 0.23223876953125 0.279205322265625 -0.323089599609375
-0.39154052734375 0.0880432128906251 0.544464111328125 -0.194122314453125
-0.54034423828125 0.22137451171875 -0.117172241210938 -0.0945358276367187
-0.375335693359375 0.414215087890625 -0.124343872070313 0.011688232421875
-0.098663330078125 0.49530029296875 -0.0544052124023438 0.0948104858398438
0.226593017578125 0.3870849609375 0.0411453247070313 0.0811080932617188
0.3701171875 0.166351318359375 0.0451927185058594 0.0564651489257813
0.40582275390625 -0.104400634765625 0.0737075805664063 -0.0123062133789063
0.321502685546875 -0.247100830078125 0.0644454956054688 -0.0454139709472656
0.305755615234375 -0.217559814453125 0.0204277038574219 -0.0318279266357422
0.3565673828125 -0.2301025390625 -0.0140247344970703 -0.0161190032958985
0.414642333984375 -0.08599853515625 -0.0199623107910156 -0.0414390563964844
0.383636474609375 0.16705322265625 -0.0860748291015625 -0.0765762329101562
0.232452392578125 0.351898193359375 -0.059356689453125 -0.154144287109375
-0.149566650390625 0.44378662109375 0.057891845703125 -0.279022216796875
-0.410919189453125 0.362396240234375 0.219970703125 -0.28143310546875
-0.48260498046875 0.195098876953125 0.408477783203125 -0.17218017578125
-0.517059326171875 0.28570556640625 -0.26812744140625 -0.04632568359375
-0.328277587890625 0.44696044921875 -0.190963745117188 0.0731353759765625
-0.065704345703125 0.495574951171875 -0.0664443969726563 0.09515380859375
0.231231689453125 0.376739501953125 -0.0172576904296875 0.047821044921875
0.364776611328125 0.16131591796875 -0.0539360046386719 0.0555267333984375
0.4034423828125 -0.095855712890625 -0.0407943725585937 0.0524787902832031
0.320220947265625 -0.22784423828125 -0.0301437377929687 0.0660285949707031
0.302734375 -0.2060546875 -0.0518951416015625 0.0880355834960937
0.355072021484375 -0.22015380859375 -0.0993423461914062 0.09735107421875
0.40850830078125 -0.08544921875 -0.13385009765625 0.0327911376953125
0.387237548828125 0.16326904296875 -0.189697265625 -0.04498291015625
0.2542724609375 0.34912109375 -0.131240844726562 -0.156143188476563
-0.127716064453125 0.47125244140625 0.00727844238281248 -0.262496948242187
-0.400634765625 0.41845703125 0.138946533203125 -0.195205688476562
-0.49560546875 0.258514404296875 0.230438232421875 -0.120880126953125
-0.416351318359375 0.312713623046875 -0.404449462890625 0.013885498046875
-0.22930908203125 0.413604736328125 -0.248016357421875 0.132186889648438
-0.0146484375 0.41326904296875 -0.0770111083984375 0.0947952270507813
0.204864501953125 0.297088623046875 -0.0755538940429687 0.0212249755859375
0.301300048828125 0.120452880859375 -0.1405029296875 0.0569305419921875
0.332427978515625 -0.0770263671875 -0.141098022460937 0.1112060546875
0.268051147460938 -0.176651000976563 -0.1148681640625 0.164474487304688
0.254837036132813 -0.163314819335938 -0.116592407226562 0.194000244140625
0.301177978515625 -0.172515869140625 -0.1748046875 0.194961547851562
0.334930419921875 -0.0565185546875 -0.235305786132813 0.101287841796875
0.310821533203125 0.143951416015625 -0.269424438476563 -0.013946533203125
0.206207275390625 0.28643798828125 -0.183059692382813 -0.146072387695312
-0.10516357421875 0.39361572265625 -0.0319976806640625 -0.215988159179688
-0.327362060546875 0.373992919921875 0.0575714111328125 -0.0889968872070312
-0.42108154296875 0.26287841796875 0.0496902465820312 -0.0567245483398437
-0.260223388671875 0.29681396484375 -0.511016845703125 0.0752563476562499
-0.10113525390625 0.325714111328125 -0.2896728515625 0.182830810546875
0.0454559326171875 0.271331787109375 -0.083221435546875 0.0987777709960937
0.151336669921875 0.16619873046875 -0.116325378417969 0.00900268554687504
0.191558837890625 0.0562896728515625 -0.190536499023437 0.0591583251953125
0.21014404296875 -0.05230712890625 -0.207244873046875 0.154037475585937
0.173309326171875 -0.100357055664063 -0.175811767578125 0.236572265625
0.166671752929688 -0.09686279296875 -0.164260864257813 0.2694091796875
0.203353881835937 -0.096893310546875 -0.228515625 0.261093139648438
0.208877563476562 -0.010833740234375 -0.30731201171875 0.14544677734375
0.176315307617188 0.11053466796875 -0.31048583984375 0.00170898437500004
0.107147216796875 0.176971435546875 -0.20263671875 -0.135101318359375
-0.0761566162109375 0.2318115234375 -0.0484619140625 -0.162200927734375
-0.199813842773438 0.24847412109375 -0.00524473190307618 0.0020723342895508
-0.2716064453125 0.214706420898437 -0.101936340332031 0.000877380371093749
-0.0729827880859375 0.2410888671875 -0.57611083984375 0.13397216796875
0.027557373046875 0.201446533203125 -0.314666748046875 0.22674560546875
0.0983047485351562 0.107803344726563 -0.08135986328125 0.1156005859375
0.0870132446289063 0.0203781127929688 -0.129417419433594 0.017578125
0.0630378723144531 -0.0157432556152344 -0.19696044921875 0.0625152587890625
0.0584259033203125 -0.0227737426757813 -0.2283935546875 0.174545288085938
0.0527076721191406 -0.0107994079589844 -0.202590942382813 0.27203369140625
0.0545997619628906 -0.016571044921875 -0.186065673828125 0.304107666015625
0.0769424438476563 -0.0074615478515625 -0.25634765625 0.2852783203125
0.054443359375 0.0360488891601563 -0.3424072265625 0.156341552734375
0.0206451416015625 0.0633392333984375 -0.3128662109375 -0.00195312500000001
-0.001495361328125 0.0457611083984375 -0.191986083984375 -0.130020141601562
-0.03302001953125 0.0438232421875 -0.0410690307617188 -0.1182861328125
-0.0396270751953125 0.0900726318359375 -0.03814697265625 0.057342529296875
-0.075714111328125 0.13818359375 -0.197341918945313 0.042022705078125
-0.147308349609375 -0.0503997802734375 0.19476318359375 -0.139312744140625
-0.14105224609375 0.0922088623046875 0.0294876098632812 -0.0831680297851563
-0.00120544433593751 0.147491455078125 0.00142669677734374 0.102104187011719
0.109725952148438 0.07635498046875 0.171905517578125 0.138412475585938
0.117820739746094 0.0011444091796875 0.273452758789063 0.015838623046875
0.0795974731445313 -0.0746078491210938 0.299468994140625 -0.182647705078125
0.0516815185546875 -0.107086181640625 0.23004150390625 -0.307952880859375
0.0566787719726563 -0.0812606811523438 0.158599853515625 -0.3048095703125
0.0694808959960938 -0.0777206420898438 0.172225952148438 -0.267501831054688
0.100067138671875 -0.0190353393554688 0.22027587890625 -0.177093505859375
0.07476806640625 0.0560455322265625 0.160919189453125 -0.09375
-0.003936767578125 0.0981369018554688 0.102493286132813 -0.0646820068359375
-0.101593017578125 0.0468673706054687 0.135269165039063 -0.16748046875
-0.13348388671875 -0.06182861328125 0.29583740234375 -0.301422119140625
-0.0763626098632813 -0.131477355957031 0.62908935546875 -0.16748046875
-0.333648681640625 0.0598449707031251 0.139976501464844 -0.139694213867188
-0.252822875976563 0.235015869140625 0.00373077392578123 -0.0719375610351562
-0.043212890625 0.303253173828125 -0.0158767700195313 0.0921249389648438
0.169387817382813 0.205276489257813 0.137603759765625 0.125106811523438
0.2344970703125 0.0592498779296875 0.218460083007813 0.0350189208984375
0.2196044921875 -0.107269287109375 0.253646850585937 -0.1405029296875
0.163345336914063 -0.19036865234375 0.199935913085938 -0.252471923828125
0.1612548828125 -0.157958984375 0.13165283203125 -0.2493896484375
0.192352294921875 -0.1607666015625 0.132293701171875 -0.214767456054687
0.239227294921875 -0.0575408935546875 0.17010498046875 -0.154373168945313
0.2083740234375 0.101699829101563 0.100936889648438 -0.0965728759765625
0.086639404296875 0.204483032226562 0.0621109008789063 -0.0937957763671875
-0.131515502929688 0.2012939453125 0.114608764648437 -0.215560913085938
-0.253585815429688 0.0972137451171875 0.287384033203125 -0.331939697265625
-0.247329711914063 -0.01220703125 0.60888671875 -0.20745849609375
-0.466278076171875 0.163909912109375 0.0336685180664062 -0.119438171386719
-0.32745361328125 0.352142333984375 -0.0470695495605469 -0.0370445251464843
-0.0706787109375 0.42803955078125 -0.029449462890625 0.0906219482421875
0.2139892578125 0.31097412109375 0.09893798828125 0.104850769042969
0.324310302734375 0.1102294921875 0.145416259765625 0.0452728271484375
0.33026123046875 -0.12445068359375 0.178176879882813 -0.083984375
0.251312255859375 -0.245468139648438 0.142288208007813 -0.16363525390625
0.242645263671875 -0.212966918945313 0.0836639404296875 -0.155120849609375
0.285858154296875 -0.224395751953125 0.0698928833007813 -0.126152038574219
0.346893310546875 -0.092498779296875 0.0875091552734375 -0.107513427734375
0.321929931640625 0.129974365234375 0.0148391723632813 -0.0887680053710938
0.180450439453125 0.289337158203125 0.00305938720703126 -0.124076843261719
-0.1368408203125 0.3482666015625 0.0815582275390625 -0.258163452148437
-0.34423828125 0.259857177734375 0.2557373046875 -0.330963134765625
-0.389434814453125 0.116485595703125 0.527313232421875 -0.217529296875
-0.524688720703125 0.253631591796875 -0.105430603027344 -0.0797958374023437
-0.34619140625 0.43267822265625 -0.110260009765625 0.0191574096679688
-0.06842041015625 0.50018310546875 -0.04095458984375 0.0941696166992188
0.245025634765625 0.370849609375 0.049285888671875 0.0770950317382813
0.37591552734375 0.138916015625 0.0541000366210938 0.0528335571289063
0.39385986328125 -0.128143310546875 0.0791549682617188 -0.0165252685546875
0.301605224609375 -0.26580810546875 0.06622314453125 -0.0526237487792969
0.287139892578125 -0.23565673828125 0.0239753723144531 -0.0363540649414063
0.338043212890625 -0.25347900390625 -0.00469684600830076 -0.0147190093994141
0.405914306640625 -0.113372802734375 -0.01507568359375 -0.0387039184570313
0.39385986328125 0.14251708984375 -0.0862045288085937 -0.0636138916015625
0.253173828125 0.33831787109375 -0.067962646484375 -0.140220642089844
-0.12506103515625 0.45623779296875 0.0365753173828125 -0.272186279296875
-0.38934326171875 0.390869140625 0.199127197265625 -0.28607177734375
-0.47479248046875 0.22314453125 0.390289306640625 -0.186920166015625
-0.502349853515625 0.31207275390625 -0.255477905273438 -0.0227508544921874
-0.303955078125 0.46051025390625 -0.174560546875 0.086273193359375
-0.0400390625 0.500457763671875 -0.0531234741210937 0.0964736938476563
0.25164794921875 0.3658447265625 -0.00889587402343749 0.0478172302246094
0.37396240234375 0.137603759765625 -0.0436859130859375 0.0585975646972656
0.395751953125 -0.11785888671875 -0.0299835205078125 0.05419921875
0.305084228515625 -0.24786376953125 -0.0207633972167969 0.0625114440917969
0.288665771484375 -0.223541259765625 -0.0401611328125 0.0859603881835938
0.34033203125 -0.243194580078125 -0.0826568603515625 0.102607727050781
0.401611328125 -0.1103515625 -0.12255859375 0.0428314208984375
0.39697265625 0.1416015625 -0.186141967773437 -0.0266265869140625
0.272369384765625 0.33624267578125 -0.138267517089844 -0.138351440429687
-0.104827880859375 0.4808349609375 -0.0111846923828125 -0.251388549804687
-0.380218505859375 0.441131591796875 0.122833251953125 -0.192733764648438
-0.484619140625 0.28192138671875 0.214828491210937 -0.125213623046875
-0.40545654296875 0.327484130859375 -0.39288330078125 0.0447692871093751
-0.211578369140625 0.424072265625 -0.23016357421875 0.15032958984375
0.00408935546875002 0.41766357421875 -0.0638656616210938 0.0987396240234375
0.220123291015625 0.2919921875 -0.0679931640625 0.025543212890625
0.309722900390625 0.10552978515625 -0.129440307617187 0.0653152465820312
0.332183837890625 -0.0948486328125 -0.126441955566406 0.118232727050781
0.25982666015625 -0.194137573242188 -0.100082397460938 0.167373657226563
0.245681762695313 -0.178634643554688 -0.098358154296875 0.194473266601563
0.292694091796875 -0.191650390625 -0.15252685546875 0.203887939453125
0.334136962890625 -0.075286865234375 -0.219009399414063 0.116439819335937
0.321685791015625 0.129302978515625 -0.263137817382812 0.00802612304687502
0.2198486328125 0.2786865234375 -0.18841552734375 -0.125961303710938
-0.08935546875 0.401702880859375 -0.0456695556640625 -0.203323364257812
-0.311981201171875 0.39068603515625 0.0481033325195312 -0.0841827392578125
-0.411163330078125 0.279327392578125 0.0362968444824218 -0.0527305603027344
-0.249847412109375 0.301177978515625 -0.5001220703125 0.111175537109375
-0.093414306640625 0.325714111328125 -0.271026611328125 0.204498291015625
0.0517425537109375 0.273880004882813 -0.0703887939453125 0.103500366210938
0.157974243164063 0.167098999023438 -0.110183715820312 0.0156631469726562
0.197357177734375 0.05096435546875 -0.180984497070313 0.0687103271484375
0.214447021484375 -0.0618743896484375 -0.191864013671875 0.164169311523438
0.173309326171875 -0.111480712890625 -0.158523559570313 0.2430419921875
0.165313720703125 -0.106903076171875 -0.142349243164062 0.273880004882813
0.202178955078125 -0.11004638671875 -0.204666137695312 0.272598266601563
0.214889526367187 -0.0219573974609375 -0.2886962890625 0.16546630859375
0.187713623046875 0.105667114257812 -0.303436279296875 0.024749755859375
0.115142822265625 0.178009033203125 -0.206954956054688 -0.115463256835937
-0.071624755859375 0.239669799804688 -0.05731201171875 -0.149948120117187
-0.195098876953125 0.256378173828125 -0.0091228485107422 0.0073823928833008
-0.267166137695312 0.219619750976563 -0.113075256347656 0.010589599609375
-0.0657958984375 0.231781005859375 -0.5655517578125 0.1693115234375
0.027069091796875 0.191864013671875 -0.2974853515625 0.248687744140625
0.0932083129882813 0.104270935058594 -0.0695419311523438 0.120399475097656
0.0824737548828125 0.0255050659179687 -0.123764038085938 0.024505615234375
0.0639915466308594 -0.0113372802734375 -0.189865112304688 0.0711822509765625
0.0660591125488281 -0.0222282409667969 -0.214828491210937 0.185150146484375
0.0606689453125 -0.0151557922363281 -0.18524169921875 0.280242919921875
0.0602035522460938 -0.0199851989746094 -0.16485595703125 0.310089111328125
0.0833053588867187 -0.0136337280273438 -0.233367919921875 0.298919677734375
0.0651664733886719 0.0345382690429688 -0.32562255859375 0.178466796875
0.03118896484375 0.0687980651855469 -0.307525634765625 0.02069091796875
0.0007781982421875 0.0542869567871094 -0.196609497070312 -0.113372802734375
-0.0390586853027344 0.0511970520019531 -0.0476608276367188 -0.109184265136719
-0.0463333129882812 0.089752197265625 -0.040557861328125 0.06207275390625
-0.076751708984375 0.132003784179688 -0.2088623046875 0.053985595703125
-0.137252807617188 -0.0378036499023437 0.203155517578125 -0.143020629882813
-0.123291015625 0.0947418212890625 0.0347671508789062 -0.0856475830078125
0.00827789306640626 0.136756896972656 0.00647735595703126 0.0950546264648438
0.106071472167969 0.062530517578125 0.172149658203125 0.127517700195313
0.110145568847656 -0.00684356689453125 0.266647338867188 0.00531005859375
0.0684738159179688 -0.0748138427734375 0.284912109375 -0.189544677734375
0.0393218994140625 -0.104248046875 0.214263916015625 -0.308990478515625
0.045440673828125 -0.0807342529296875 0.146575927734375 -0.303009033203125
0.0568313598632813 -0.0786972045898438 0.160598754882812 -0.267593383789063
0.09027099609375 -0.026153564453125 0.210220336914063 -0.181747436523438
0.07318115234375 0.045806884765625 0.155838012695313 -0.0953369140625
0.00301361083984374 0.0913162231445312 0.098388671875 -0.064239501953125
-0.0897369384765625 0.0487747192382813 0.122695922851563 -0.16876220703125
-0.126350402832031 -0.0497207641601562 0.280426025390625 -0.3056640625
-0.0768356323242187 -0.115425109863281 0.61456298828125 -0.18402099609375
-0.317626953125 0.074493408203125 0.150909423828125 -0.138961791992188
-0.23004150390625 0.236312866210937 0.0105438232421875 -0.0734939575195312
-0.028717041015625 0.293365478515625 -0.00959777832031251 0.0862350463867188
0.168624877929688 0.188873291015625 0.139297485351562 0.116264343261719
0.226333618164062 0.04669189453125 0.2161865234375 0.02532958984375
0.2059326171875 -0.111709594726563 0.244491577148438 -0.146530151367188
0.146987915039063 -0.19012451171875 0.188201904296875 -0.255035400390625
0.146469116210938 -0.160369873046875 0.122879028320313 -0.249267578125
0.175491333007813 -0.166259765625 0.12640380859375 -0.215225219726563
0.227554321289063 -0.0692596435546875 0.1654052734375 -0.157699584960938
0.2081298828125 0.0867156982421875 0.0977096557617188 -0.0941619873046875
0.0955352783203125 0.195755004882812 0.0575637817382813 -0.088897705078125
-0.116851806640625 0.20526123046875 0.100494384765625 -0.213043212890625
-0.24310302734375 0.112319946289062 0.269500732421875 -0.3316650390625
-0.245437622070313 0.00567626953125002 0.59271240234375 -0.21795654296875
-0.450164794921875 0.178802490234375 0.0470428466796875 -0.115272521972656
-0.302459716796875 0.354888916015625 -0.0372886657714844 -0.0357208251953125
-0.05328369140625 0.418609619140625 -0.0216140747070312 0.0861892700195313
0.2159423828125 0.2945556640625 0.102584838867188 0.09686279296875
0.318023681640625 0.095123291015625 0.14703369140625 0.0388336181640625
0.31585693359375 -0.1328125 0.175430297851563 -0.08935546875
0.233123779296875 -0.248764038085938 0.137313842773438 -0.167953491210938
0.225997924804688 -0.217529296875 0.08160400390625 -0.156204223632813
0.268081665039063 -0.232467651367188 0.0712890625 -0.126502990722656
0.335357666015625 -0.10675048828125 0.0876007080078125 -0.10870361328125
0.322174072265625 0.112762451171875 0.014190673828125 -0.082366943359375
0.188644409179688 0.277755737304688 -0.000297546386718732 -0.114860534667969
-0.121368408203125 0.3514404296875 0.0675048828125 -0.250762939453125
-0.32904052734375 0.27545166015625 0.23895263671875 -0.328460693359375
-0.3836669921875 0.13232421875 0.51080322265625 -0.222259521484375
-0.508880615234375 0.2650146484375 -0.0902633666992188 -0.0697250366210938
-0.32257080078125 0.43463134765625 -0.0975799560546875 0.021881103515625
-0.050628662109375 0.49359130859375 -0.0321731567382812 0.09051513671875
0.251861572265625 0.356781005859375 0.0546951293945313 0.0719451904296875
0.3729248046875 0.122650146484375 0.0600204467773438 0.048492431640625
0.381866455078125 -0.13983154296875 0.0828781127929688 -0.0201187133789063
0.285186767578125 -0.27178955078125 0.0659904479980469 -0.0579795837402344
0.271926879882813 -0.2421875 0.0272560119628906 -0.0397377014160156
0.319976806640625 -0.26385498046875 0.00273513793945314 -0.0149259567260742
0.3955078125 -0.128936767578125 -0.00921249389648435 -0.0376853942871094
0.3955078125 0.126129150390625 -0.0834579467773437 -0.0544204711914062
0.26043701171875 0.32598876953125 -0.070526123046875 -0.127670288085938
-0.109130859375 0.459075927734375 0.0242462158203125 -0.261260986328125
-0.373687744140625 0.402557373046875 0.183914184570312 -0.279342651367188
-0.466552734375 0.236328125 0.374420166015625 -0.186859130859375
-0.4881591796875 0.318450927734375 -0.2391357421875 -0.00906372070312503
-0.285736083984375 0.461151123046875 -0.159164428710938 0.091094970703125
-0.023529052734375 0.498077392578125 -0.0427474975585938 0.0944671630859375
0.25836181640625 0.355072021484375 -0.00290679931640624 0.0460090637207032
0.3734130859375 0.12408447265625 -0.0347671508789062 0.0576286315917969
0.388580322265625 -0.130615234375 -0.020660400390625 0.0526542663574219
0.2916259765625 -0.255401611328125 -0.0143814086914062 0.0587959289550781
0.276412963867188 -0.230682373046875 -0.0317535400390625 0.081939697265625
0.326080322265625 -0.253173828125 -0.0686264038085937 0.102149963378906
0.3941650390625 -0.122528076171875 -0.111770629882812 0.0457382202148438
0.39959716796875 0.127777099609375 -0.17950439453125 -0.0145721435546875
0.278839111328125 0.325653076171875 -0.138259887695312 -0.12322998046875
-0.09136962890625 0.481109619140625 -0.0203857421875 -0.2376708984375
-0.365081787109375 0.450042724609375 0.112106323242187 -0.185653686523437
-0.475250244140625 0.289306640625 0.201644897460937 -0.122528076171875
-0.39501953125 0.330596923828125 -0.376495361328125 0.061279296875
-0.201995849609375 0.420928955078125 -0.21453857421875 0.15771484375
0.013458251953125 0.418853759765625 -0.0542144775390625 0.0980911254882813
0.226654052734375 0.288330078125 -0.0612716674804687 0.0267105102539063
0.310211181640625 0.09661865234375 -0.11865234375 0.06658935546875
0.32861328125 -0.105255126953125 -0.114021301269531 0.119041442871094
0.252227783203125 -0.202484130859375 -0.0896453857421875 0.16363525390625
0.238449096679687 -0.18377685546875 -0.08642578125 0.18975830078125
0.2833251953125 -0.200714111328125 -0.134231567382812 0.2037353515625
0.3302001953125 -0.086517333984375 -0.203933715820312 0.121749877929688
0.325592041015625 0.1204833984375 -0.2535400390625 0.020904541015625
0.224441528320313 0.27197265625 -0.185943603515625 -0.110382080078125
-0.08099365234375 0.402557373046875 -0.0508880615234375 -0.189971923828125
-0.302459716796875 0.393890380859375 0.04217529296875 -0.0782089233398437
-0.40496826171875 0.28009033203125 0.0260276794433593 -0.0460662841796875
-0.245880126953125 0.295745849609375 -0.48565673828125 0.12890625
-0.092559814453125 0.320098876953125 -0.256301879882812 0.212814331054688
0.052276611328125 0.27459716796875 -0.0614852905273437 0.104248046875
0.159332275390625 0.1693115234375 -0.103195190429687 0.0188980102539062
0.198562622070313 0.04840087890625 -0.170700073242188 0.07293701171875
0.21588134765625 -0.0678558349609375 -0.1785888671875 0.166397094726563
0.172805786132813 -0.118392944335938 -0.14569091796875 0.241485595703125
0.163436889648438 -0.110824584960938 -0.127655029296875 0.268280029296875
0.200057983398438 -0.1173095703125 -0.184738159179687 0.27288818359375
0.216720581054687 -0.0289306640625 -0.271224975585938 0.172714233398438
0.194183349609375 0.102432250976563 -0.2933349609375 0.03814697265625
0.119140625 0.177825927734375 -0.204315185546875 -0.1014404296875
-0.070098876953125 0.243927001953125 -0.0600204467773438 -0.139060974121094
-0.192718505859375 0.258758544921875 -0.0125036239624024 0.0120325088500977
-0.2645263671875 0.215530395507812 -0.12249755859375 0.0179672241210938
-0.0650787353515625 0.219619750976563 -0.55218505859375 0.185943603515625
0.0215301513671875 0.18353271484375 -0.281143188476562 0.2574462890625
0.0866012573242188 0.104194641113281 -0.060943603515625 0.120323181152344
0.0800857543945313 0.0315322875976563 -0.117477416992188 0.0272979736328125
0.0651473999023438 -0.00710678100585938 -0.181686401367188 0.0741424560546875
0.0724639892578125 -0.0227737426757813 -0.20355224609375 0.187393188476563
0.0670585632324219 -0.0187454223632813 -0.173248291015625 0.279953002929688
0.0645179748535156 -0.0220947265625 -0.14990234375 0.30657958984375
0.0875625610351563 -0.0178604125976563 -0.21380615234375 0.299407958984375
0.0743560791015625 0.0310516357421875 -0.30706787109375 0.188690185546875
0.039947509765625 0.0717315673828125 -0.29815673828125 0.033050537109375
0.0033111572265625 0.0607109069824219 -0.195404052734375 -0.100875854492187
-0.0437240600585937 0.0578269958496094 -0.0492172241210938 -0.101142883300781
-0.0524139404296875 0.0895919799804688 -0.0428466796875 0.0646286010742188
-0.080474853515625 0.123771667480469 -0.217254638671875 0.061767578125
-0.128044128417969 -0.0317306518554688 0.215011596679688 -0.1463623046875
-0.111259460449219 0.0939102172851563 0.04150390625 -0.0885238647460938
0.0130996704101562 0.128158569335938 0.0087432861328125 0.0897140502929688
0.101959228515625 0.0537796020507813 0.171905517578125 0.121337890625
0.103736877441406 -0.011322021484375 0.262832641601563 0.000640869140624999
0.06121826171875 -0.07373046875 0.278732299804688 -0.192367553710938
0.0311965942382812 -0.101661682128906 0.2076416015625 -0.309967041015625
0.0369644165039063 -0.079681396484375 0.1427001953125 -0.301116943359375
0.04754638671875 -0.0783462524414063 0.156982421875 -0.267715454101562
0.0836944580078125 -0.0306167602539063 0.206268310546875 -0.18511962890625
0.0711822509765625 0.0384750366210938 0.153945922851562 -0.0953826904296875
0.00676727294921874 0.0855178833007813 0.0972824096679688 -0.0626983642578125
-0.0809555053710937 0.04833984375 0.116073608398437 -0.16973876953125
-0.119850158691406 -0.042236328125 0.273345947265625 -0.307373046875
-0.075347900390625 -0.103233337402344 0.61212158203125 -0.18804931640625
-0.309417724609375 0.080596923828125 0.164901733398438 -0.140594482421875
-0.216766357421875 0.235931396484375 0.0185623168945312 -0.0753402709960937
-0.022369384765625 0.2861328125 -0.00614166259765625 0.0821762084960938
0.166366577148438 0.180816650390625 0.1412353515625 0.110794067382813
0.220321655273438 0.04119873046875 0.215621948242187 0.020751953125
0.197952270507812 -0.112655639648437 0.242095947265625 -0.149993896484375
0.1375732421875 -0.189682006835938 0.184295654296875 -0.257659912109375
0.137802124023438 -0.160995483398437 0.121627807617187 -0.249603271484375
0.165542602539063 -0.168991088867188 0.126632690429688 -0.21551513671875
0.221328735351563 -0.076202392578125 0.1639404296875 -0.160369873046875
0.208221435546875 0.0783538818359375 0.0968017578125 -0.0924835205078125
0.100555419921875 0.191131591796875 0.0571212768554688 -0.0850296020507812
-0.108474731445313 0.208023071289062 0.09423828125 -0.210906982421875
-0.237136840820312 0.122955322265625 0.262481689453125 -0.330169677734375
-0.244796752929688 0.0171661376953125 0.58880615234375 -0.2178955078125
-0.443206787109375 0.185150146484375 0.06146240234375 -0.112884521484375
-0.291168212890625 0.3538818359375 -0.0283966064453125 -0.0367240905761719
-0.044921875 0.41558837890625 -0.017303466796875 0.081695556640625
0.217071533203125 0.287994384765625 0.104804992675781 0.0928497314453125
0.313751220703125 0.088348388671875 0.149063110351563 0.0350189208984375
0.309173583984375 -0.1361083984375 0.175994873046875 -0.0924224853515625
0.223770141601563 -0.249969482421875 0.135696411132813 -0.171646118164063
0.2183837890625 -0.219314575195313 0.0823211669921875 -0.157943725585938
0.258560180664063 -0.2366943359375 0.0742950439453125 -0.12799072265625
0.329254150390625 -0.115020751953125 0.089447021484375 -0.110397338867188
0.324005126953125 0.1043701171875 0.015869140625 -0.0783004760742188
0.194793701171875 0.274581909179688 -0.0010223388671875 -0.108589172363281
-0.114715576171875 0.35589599609375 0.060821533203125 -0.245193481445312
-0.324310302734375 0.28607177734375 0.2322998046875 -0.3233642578125
-0.383819580078125 0.1416015625 0.505645751953125 -0.221099853515625
-0.503662109375 0.27117919921875 -0.0760955810546875 -0.0653533935546875
-0.31365966796875 0.4346923828125 -0.0878372192382813 0.0225296020507813
-0.04254150390625 0.493988037109375 -0.0268173217773438 0.0873031616210938
0.2547607421875 0.352386474609375 0.0585250854492188 0.0685539245605469
0.370758056640625 0.116546630859375 0.0649337768554688 0.0454559326171875
0.377166748046875 -0.143951416015625 0.0869369506835938 -0.0225067138671875
0.276870727539063 -0.276336669921875 0.06817626953125 -0.0612754821777344
0.265090942382813 -0.244491577148438 0.0310745239257813 -0.0429344177246094
0.3131103515625 -0.26861572265625 0.00927066802978517 -0.0162124633789063
0.39056396484375 -0.13677978515625 -0.0042457580566406 -0.0384140014648438
0.39642333984375 0.118896484375 -0.0801239013671875 -0.0489501953125
0.26513671875 0.32415771484375 -0.06951904296875 -0.118881225585938
-0.1038818359375 0.462310791015625 0.0190887451171875 -0.253372192382812
-0.370086669921875 0.411590576171875 0.178009033203125 -0.272354125976563
-0.466217041015625 0.242584228515625 0.3685302734375 -0.18377685546875
-0.487396240234375 0.321624755859375 -0.226516723632813 -0.00129699707031253
-0.281646728515625 0.462310791015625 -0.149276733398438 0.093994140625
-0.01739501953125 0.50177001953125 -0.0374908447265625 0.0927886962890625
0.264129638671875 0.35498046875 0.00185012817382814 0.04443359375
0.37188720703125 0.1197509765625 -0.0288162231445312 0.0558013916015625
0.386810302734375 -0.136260986328125 -0.0145721435546875 0.0505714416503906
0.28582763671875 -0.26055908203125 -0.00992965698242186 0.0552482604980469
0.272811889648437 -0.23370361328125 -0.0262832641601562 0.0781784057617187
0.3209228515625 -0.25933837890625 -0.0599365234375 0.100791931152344
0.392303466796875 -0.13079833984375 -0.104454040527344 0.04571533203125
0.40399169921875 0.121337890625 -0.174240112304687 -0.00779724121093753
0.28289794921875 0.324615478515625 -0.136024475097656 -0.114303588867187
-0.0883178710937501 0.486572265625 -0.023590087890625 -0.22784423828125
-0.362274169921875 0.455963134765625 0.10736083984375 -0.179580688476562
-0.478179931640625 0.2911376953125 0.194580078125 -0.116455078125
-0.397491455078125 0.32965087890625 -0.3663330078125 0.070343017578125
-0.203155517578125 0.42059326171875 -0.205169677734375 0.162200927734375
0.01507568359375 0.424102783203125 -0.048095703125 0.0970916748046875
0.230560302734375 0.29205322265625 -0.056884765625 0.0260009765625
0.31304931640625 0.094451904296875 -0.112403869628906 0.0666732788085937
0.3306884765625 -0.11102294921875 -0.10626220703125 0.118568420410156
0.251220703125 -0.20806884765625 -0.0843658447265625 0.161148071289063
0.237518310546875 -0.1878662109375 -0.0795745849609375 0.18603515625
0.281951904296875 -0.207550048828125 -0.124191284179688 0.202224731445312
0.331787109375 -0.0927734375 -0.194366455078125 0.12347412109375
0.3311767578125 0.1168212890625 -0.247695922851562 0.0265960693359375
0.22747802734375 0.2738037109375 -0.183700561523437 -0.101806640625
-0.081634521484375 0.4080810546875 -0.0524749755859375 -0.1810302734375
-0.301788330078125 0.39990234375 0.03924560546875 -0.0727615356445312
-0.407440185546875 0.276824951171875 0.0179023742675781 -0.0400390625
-0.251617431640625 0.291534423828125 -0.47869873046875 0.13726806640625
-0.09881591796875 0.318115234375 -0.248443603515625 0.218673706054688
0.0504302978515625 0.27978515625 -0.0564041137695312 0.104789733886719
0.1624755859375 0.176727294921875 -0.100051879882812 0.0195083618164063
0.201675415039063 0.0500640869140625 -0.165390014648438 0.072723388671875
0.221038818359375 -0.071685791015625 -0.171768188476563 0.16644287109375
0.175506591796875 -0.123977661132812 -0.14019775390625 0.240402221679688
0.165542602539063 -0.113815307617188 -0.12200927734375 0.26544189453125
0.20135498046875 -0.121963500976563 -0.174652099609375 0.271804809570313
0.222183227539063 -0.033477783203125 -0.260971069335938 0.175369262695312
0.200820922851563 0.102615356445313 -0.28729248046875 0.04345703125
0.120849609375 0.18170166015625 -0.202789306640625 -0.0941009521484375
-0.0728759765625 0.249435424804688 -0.0601654052734375 -0.132240295410156
-0.196304321289062 0.260650634765625 -0.014735221862793 0.0160512924194336
-0.269866943359375 0.21075439453125 -0.131523132324219 0.0242996215820313
-0.0704803466796875 0.211593627929688 -0.549285888671875 0.193878173828125
0.013336181640625 0.179428100585938 -0.276824951171875 0.262603759765625
0.0803375244140625 0.107070922851563 -0.0567169189453125 0.121208190917969
0.0788345336914062 0.0391387939453125 -0.11480712890625 0.0273895263671875
0.0671844482421875 -0.00295257568359375 -0.177658081054688 0.073699951171875
0.0787353515625 -0.0236282348632812 -0.198577880859375 0.187515258789062
0.0732421875 -0.0223236083984375 -0.168914794921875 0.279953002929688
0.0689544677734375 -0.0238571166992187 -0.14434814453125 0.30413818359375
0.0919570922851563 -0.0213546752929688 -0.20489501953125 0.299102783203125
0.0817337036132812 0.0290908813476562 -0.2977294921875 0.1932373046875
0.0476913452148438 0.0748825073242188 -0.29302978515625 0.03857421875
0.00519180297851562 0.0668907165527344 -0.194198608398438 -0.0941925048828125
-0.0490798950195312 0.0641670227050781 -0.0498580932617187 -0.0960617065429688
-0.0596160888671875 0.090850830078125 -0.0465965270996094 0.0672950744628906
-0.0874786376953125 0.117111206054688 -0.227767944335938 0.0669403076171875
-0.1221923828125 -0.02825927734375 0.231735229492187 -0.153976440429687
-0.102432250976563 0.0945053100585937 0.0481796264648437 -0.0941619873046875
0.016754150390625 0.124069213867188 0.0107498168945313 0.0867156982421875
0.100067138671875 0.0465240478515625 0.17559814453125 0.117950439453125
0.101333618164063 -0.014892578125 0.264984130859375 -0.002838134765625
0.0571441650390625 -0.0743637084960938 0.279403686523437 -0.197967529296875
0.0249710083007813 -0.100128173828125 0.207794189453125 -0.316650390625
0.030670166015625 -0.0805740356445312 0.143341064453125 -0.30682373046875
0.0405044555664063 -0.0805282592773438 0.157913208007812 -0.272659301757813
0.0787734985351562 -0.0350418090820312 0.207717895507813 -0.190093994140625
0.0702972412109375 0.0331192016601563 0.15594482421875 -0.097412109375
0.0100631713867187 0.0829925537109375 0.098968505859375 -0.0638198852539063
-0.0758590698242188 0.0485763549804687 0.11236572265625 -0.174026489257813
-0.116691589355469 -0.0368423461914063 0.274261474609375 -0.3135986328125
-0.072265625 -0.095001220703125 0.62432861328125 -0.19482421875
-0.30908203125 0.0869140625 0.182281494140625 -0.144866943359375
-0.210968017578125 0.238784790039062 0.026275634765625 -0.0788116455078125
-0.017730712890625 0.2860107421875 -0.00325775146484375 0.0793533325195313
0.167007446289063 0.178237915039063 0.14501953125 0.108078002929688
0.220062255859375 0.038604736328125 0.219528198242188 0.0175323486328125
0.196334838867187 -0.11529541015625 0.2451171875 -0.155426025390625
0.132720947265625 -0.19140625 0.185760498046875 -0.265731811523438
0.134109497070313 -0.163909912109375 0.123214721679688 -0.255020141601563
0.160812377929688 -0.174209594726563 0.12969970703125 -0.220993041992188
0.22052001953125 -0.083160400390625 0.166091918945313 -0.166015625
0.212066650390625 0.0726318359375 0.09967041015625 -0.0924530029296875
0.10760498046875 0.192230224609375 0.05926513671875 -0.0850601196289062
-0.104476928710938 0.215301513671875 0.0907745361328125 -0.213058471679688
-0.237442016601563 0.135009765625 0.26556396484375 -0.33538818359375
-0.24871826171875 0.0274200439453125 0.60162353515625 -0.2242431640625
-0.446014404296875 0.193695068359375 0.0774078369140625 -0.114540100097656
-0.287750244140625 0.35980224609375 -0.0210494995117188 -0.0384979248046875
-0.041168212890625 0.420684814453125 -0.0147552490234375 0.080535888671875
0.221466064453125 0.28936767578125 0.108680725097656 0.0898971557617188
0.31646728515625 0.085845947265625 0.153900146484375 0.0322265625
0.310943603515625 -0.140777587890625 0.180511474609375 -0.0980072021484375
0.221481323242188 -0.255813598632813 0.1383056640625 -0.178604125976563
0.216934204101563 -0.225784301757812 0.0853271484375 -0.163589477539063
0.256317138671875 -0.24554443359375 0.0797195434570313 -0.131919860839844
0.332122802734375 -0.1251220703125 0.0916213989257813 -0.114585876464844
0.333251953125 0.10003662109375 0.017425537109375 -0.0763168334960938
0.2044677734375 0.27947998046875 0.000411987304687502 -0.10565185546875
-0.111602783203125 0.369354248046875 0.0570831298828125 -0.246139526367187
-0.326507568359375 0.302001953125 0.23297119140625 -0.326019287109375
-0.39373779296875 0.152618408203125 0.515380859375 -0.224151611328125
-0.512847900390625 0.27899169921875 -0.0636444091796875 -0.0631446838378906
-0.3145751953125 0.443023681640625 -0.0807952880859375 0.0243606567382813
-0.037078857421875 0.502716064453125 -0.0234756469726563 0.0859298706054688
0.2628173828125 0.358154296875 0.0631217956542969 0.0667228698730469
0.377197265625 0.115142822265625 0.0693016052246094 0.0436248779296875
0.382293701171875 -0.15185546875 0.0921478271484375 -0.0273056030273438
0.27679443359375 -0.283905029296875 0.071441650390625 -0.0671844482421875
0.26611328125 -0.252349853515625 0.0345458984375 -0.0472908020019531
0.31304931640625 -0.2799072265625 0.0157756805419922 -0.0189151763916016
0.3968505859375 -0.14727783203125 -0.0010566711425781 -0.0401496887207031
0.409393310546875 0.1165771484375 -0.07891845703125 -0.045074462890625
0.2762451171875 0.330047607421875 -0.0688629150390625 -0.115036010742188
-0.1016845703125 0.4788818359375 0.016357421875 -0.251785278320312
-0.373748779296875 0.429595947265625 0.178024291992187 -0.272506713867188
-0.480743408203125 0.2520751953125 0.372589111328125 -0.18365478515625
-0.500213623046875 0.330841064453125 -0.21844482421875 0.00343322753906252
-0.286376953125 0.472747802734375 -0.143783569335938 0.0980377197265625
-0.011322021484375 0.5164794921875 -0.0338287353515625 0.0933685302734375
0.27484130859375 0.3646240234375 0.00508499145507814 0.0429840087890625
0.382720947265625 0.118377685546875 -0.0250740051269531 0.0546607971191406
0.394744873046875 -0.144561767578125 -0.0094642639160156 0.0489654541015625
0.28875732421875 -0.2711181640625 -0.00665283203124998 0.0531692504882812
0.276992797851563 -0.242355346679688 -0.022674560546875 0.0755615234375
0.323822021484375 -0.271148681640625 -0.0526199340820312 0.100273132324219
0.399566650390625 -0.142059326171875 -0.101058959960937 0.0467910766601562
0.416473388671875 0.120758056640625 -0.173873901367187 -0.00360107421874999
0.291717529296875 0.331634521484375 -0.136878967285156 -0.109245300292969
-0.08740234375 0.50274658203125 -0.026123046875 -0.2255859375
-0.367523193359375 0.474884033203125 0.107696533203125 -0.177520751953125
-0.492279052734375 0.298828125 0.193344116210937 -0.112930297851562
-0.41192626953125 0.3359375 -0.3662109375 0.0784301757812499
-0.20941162109375 0.431396484375 -0.20196533203125 0.170211791992188
0.019622802734375 0.438873291015625 -0.044769287109375 0.099700927734375
0.241943359375 0.301788330078125 -0.0543098449707031 0.0261878967285157
0.32293701171875 0.09552001953125 -0.10986328125 0.0665206909179687
0.340850830078125 -0.11981201171875 -0.102149963378906 0.119560241699219
0.255783081054688 -0.217147827148438 -0.0811309814453125 0.162582397460938
0.243377685546875 -0.196441650390625 -0.0760955810546875 0.186111450195313
0.286163330078125 -0.217529296875 -0.118301391601563 0.204879760742187
0.340789794921875 -0.100921630859375 -0.19110107421875 0.127151489257813
0.3443603515625 0.1170654296875 -0.248001098632812 0.0331878662109375
0.23553466796875 0.28173828125 -0.185211181640625 -0.09716796875
-0.082672119140625 0.42388916015625 -0.0538330078125 -0.177871704101563
-0.309356689453125 0.41412353515625 0.038177490234375 -0.0687103271484375
-0.42291259765625 0.281463623046875 0.0113391876220703 -0.0348262786865234
-0.2630615234375 0.29345703125 -0.484375 0.14764404296875
-0.108001708984375 0.325958251953125 -0.249588012695312 0.228439331054688
0.04998779296875 0.2913818359375 -0.0539169311523438 0.108154296875
0.169479370117188 0.186874389648438 -0.09906005859375 0.0199737548828125
0.210540771484375 0.0525665283203125 -0.164703369140625 0.07354736328125
0.229446411132812 -0.0777130126953125 -0.169525146484375 0.168975830078125
0.181503295898438 -0.13140869140625 -0.139328002929687 0.245361328125
0.172195434570313 -0.11981201171875 -0.119140625 0.26824951171875
0.207672119140625 -0.12969970703125 -0.170028686523438 0.276107788085937
0.230545043945313 -0.0390167236328125 -0.258041381835938 0.181076049804688
0.211563110351563 0.104934692382813 -0.2886962890625 0.0500793457031249
0.125564575195313 0.189529418945313 -0.20416259765625 -0.08941650390625
-0.076934814453125 0.260940551757813 -0.0610275268554687 -0.129302978515625
-0.204254150390625 0.269729614257813 -0.0179328918457031 0.0205345153808594
-0.282379150390625 0.211669921875 -0.14306640625 0.031829833984375
-0.077423095703125 0.209259033203125 -0.55804443359375 0.20379638671875
0.00537109374999999 0.181381225585938 -0.278717041015625 0.273223876953125
0.076812744140625 0.113105773925781 -0.0547409057617188 0.124076843261719
0.0810699462890625 0.047271728515625 -0.113632202148438 0.0286483764648438
0.0709304809570313 0.0011138916015625 -0.179656982421875 0.076080322265625
0.0862274169921875 -0.0256118774414062 -0.199752807617188 0.191177368164062
0.0795211791992188 -0.0278854370117188 -0.170440673828125 0.2864990234375
0.0757675170898438 -0.0264892578125 -0.144012451171875 0.30853271484375
0.098114013671875 -0.0246200561523437 -0.203033447265625 0.30596923828125
0.09033203125 0.02655029296875 -0.296234130859375 0.200103759765625
0.0561370849609375 0.078643798828125 -0.2950439453125 0.044708251953125
0.00774383544921874 0.0733184814453125 -0.1971435546875 -0.0908966064453125
-0.0536727905273438 0.0725250244140625 -0.0508270263671875 -0.094451904296875
-0.0672836303710937 0.094390869140625 -0.0513763427734375 0.0721206665039063
-0.0971527099609375 0.114250183105469 -0.243911743164063 0.0748748779296875
-0.119361877441406 -0.0240325927734375 0.248809814453125 -0.169784545898437
-0.0946273803710938 0.0977706909179688 0.0540390014648438 -0.102157592773438
0.0225677490234375 0.12152099609375 0.0139083862304688 0.0850830078125
0.0996475219726562 0.0405120849609375 0.183013916015625 0.113815307617188
0.100227355957031 -0.0202178955078125 0.272918701171875 -0.011444091796875
0.0522308349609375 -0.07672119140625 0.281021118164063 -0.213211059570313
0.0185470581054688 -0.1014404296875 0.20428466796875 -0.33441162109375
0.0245132446289063 -0.0812759399414063 0.140960693359375 -0.321319580078125
0.0323944091796875 -0.0827560424804688 0.157379150390625 -0.28662109375
0.0748138427734375 -0.0400238037109375 0.20904541015625 -0.203216552734375
0.0706253051757813 0.0279388427734375 0.15863037109375 -0.104400634765625
0.0143585205078125 0.080780029296875 0.10113525390625 -0.0682220458984375
-0.0716705322265625 0.0491561889648438 0.1072998046875 -0.183013916015625
-0.115814208984375 -0.0301361083984375 0.274749755859375 -0.332855224609375
-0.0725250244140625 -0.0879974365234375 0.64459228515625 -0.21795654296875
-0.31329345703125 0.09930419921875 0.2001953125 -0.157211303710938
-0.205093383789062 0.249404907226563 0.0330734252929687 -0.0846176147460937
-0.00924682617187498 0.2916259765625 2.28881835937477E-05 0.0789642333984375
0.173797607421875 0.176284790039063 0.153213500976563 0.104446411132813
0.226211547851562 0.0326995849609375 0.227188110351562 0.010406494140625
0.19659423828125 -0.124008178710938 0.248214721679688 -0.1688232421875
0.128082275390625 -0.199676513671875 0.184326171875 -0.281524658203125
0.130126953125 -0.1729736328125 0.123001098632813 -0.268630981445313
0.1552734375 -0.186721801757813 0.131744384765625 -0.232254028320313
0.222015380859375 -0.0965423583984375 0.167816162109375 -0.178390502929688
0.222198486328125 0.0660858154296875 0.102035522460938 -0.0969390869140625
0.11981201171875 0.19354248046875 0.0602340698242188 -0.0868988037109375
-0.0978546142578125 0.227096557617188 0.0853729248046875 -0.221755981445312
-0.237548828125 0.153228759765625 0.265716552734375 -0.35357666015625
-0.255859375 0.043365478515625 0.62152099609375 -0.245849609375
-0.455047607421875 0.214324951171875 0.0931396484375 -0.120201110839844
-0.2830810546875 0.376953125 -0.0129661560058594 -0.0399818420410156
-0.0274658203125 0.4337158203125 -0.0103988647460938 0.0804672241210938
0.2347412109375 0.292083740234375 0.116714477539063 0.087982177734375
0.329010009765625 0.079742431640625 0.161773681640625 0.0258331298828125
0.316192626953125 -0.156494140625 0.186721801757813 -0.10870361328125
0.218963623046875 -0.270355224609375 0.140304565429688 -0.191543579101563
0.21539306640625 -0.23944091796875 0.0867919921875 -0.174819946289063
0.25469970703125 -0.2637939453125 0.0839080810546875 -0.140594482421875
0.336883544921875 -0.144287109375 0.0945358276367188 -0.123519897460938
0.350067138671875 0.0908203125 0.0173263549804688 -0.0771484375
0.222564697265625 0.28326416015625 0.000373840332031252 -0.104682922363281
-0.101776123046875 0.389862060546875 0.050811767578125 -0.251602172851563
-0.328216552734375 0.329315185546875 0.23309326171875 -0.339508056640625
-0.4052734375 0.1739501953125 0.530120849609375 -0.241546630859375
-0.526947021484375 0.303497314453125 -0.0531578063964844 -0.062408447265625
-0.31329345703125 0.468170166015625 -0.0740814208984375 0.026458740234375
-0.022308349609375 0.52276611328125 -0.0186309814453125 0.0874404907226563
0.282867431640625 0.365020751953125 0.0682601928710938 0.0642356872558594
0.393707275390625 0.10784912109375 0.0756759643554688 0.0406417846679688
0.392059326171875 -0.17083740234375 0.0983428955078125 -0.03271484375
0.276092529296875 -0.30352783203125 0.0738067626953125 -0.0751419067382813
0.267807006835938 -0.270736694335938 0.0386962890625 -0.0538787841796875
0.314788818359375 -0.301513671875 0.0226097106933594 -0.0222396850585938
0.404266357421875 -0.168060302734375 0.000766754150390647 -0.04376220703125
0.4315185546875 0.105224609375 -0.0799484252929687 -0.0412368774414062
0.298187255859375 0.3365478515625 -0.07196044921875 -0.112022399902344
-0.0904541015625 0.505401611328125 0.00978088378906252 -0.25592041015625
-0.374359130859375 0.463134765625 0.1766357421875 -0.281219482421875
-0.495880126953125 0.275421142578125 0.380523681640625 -0.19403076171875
-0.5152587890625 0.3548583984375 -0.21484375 0.0125885009765625
-0.28558349609375 0.498138427734375 -0.137832641601563 0.107292175292969
0.00253295898437496 0.5389404296875 -0.0287628173828125 0.0965347290039063
0.298004150390625 0.3726806640625 0.00996017456054689 0.0430030822753906
0.402069091796875 0.1123046875 -0.0209693908691406 0.05535888671875
0.4072265625 -0.164306640625 -0.00312042236328123 0.0478706359863281
0.29150390625 -0.29168701171875 -0.00310134887695311 0.0518264770507812
0.280029296875 -0.261123657226563 -0.0171432495117187 0.0746688842773438
0.32757568359375 -0.294189453125 -0.0453720092773437 0.102653503417969
0.41070556640625 -0.162506103515625 -0.0994338989257812 0.0497589111328125
0.44134521484375 0.110443115234375 -0.176040649414063 0.00434875488281248
0.315338134765625 0.338897705078125 -0.1412353515625 -0.103179931640625
-0.07720947265625 0.53106689453125 -0.0316925048828125 -0.226760864257813
-0.369171142578125 0.50628662109375 0.106033325195312 -0.179580688476562
-0.509765625 0.320343017578125 0.194732666015625 -0.116607666015625
-0.42626953125 0.357818603515625 -0.368804931640625 0.0943603515625001
-0.213134765625 0.45367431640625 -0.198165893554688 0.185134887695313
0.033050537109375 0.46051025390625 -0.0401687622070312 0.104644775390625
0.263336181640625 0.31365966796875 -0.0528411865234375 0.0272865295410156
0.341522216796875 0.092529296875 -0.108444213867187 0.070709228515625
0.3526611328125 -0.136474609375 -0.0981979370117187 0.123748779296875
0.259750366210938 -0.236709594726563 -0.0775909423828125 0.168197631835937
0.249542236328125 -0.212478637695313 -0.0707550048828125 0.191268920898438
0.292236328125 -0.23699951171875 -0.111480712890625 0.21282958984375
0.3524169921875 -0.11865234375 -0.190139770507813 0.134674072265625
0.365447998046875 0.11138916015625 -0.252212524414063 0.04437255859375
0.25299072265625 0.289947509765625 -0.190673828125 -0.0899658203125
-0.076416015625 0.447784423828125 -0.0581817626953125 -0.176223754882812
-0.312774658203125 0.43994140625 0.0366706848144531 -0.0663871765136718
-0.43914794921875 0.299591064453125 0.00470924377441403 -0.0282649993896484
-0.273529052734375 0.30767822265625 -0.495361328125 0.1702880859375
-0.1112060546875 0.34051513671875 -0.24798583984375 0.247879028320313
0.057708740234375 0.307037353515625 -0.0495758056640625 0.114852905273438
0.185821533203125 0.197647094726563 -0.098785400390625 0.0234222412109375
0.22296142578125 0.05340576171875 -0.16552734375 0.0799102783203125
0.241378784179688 -0.0897369384765625 -0.167556762695313 0.17828369140625
0.187210083007813 -0.147048950195313 -0.136016845703125 0.255767822265625
0.178558349609375 -0.131576538085938 -0.114990234375 0.277938842773438
0.213836669921875 -0.1444091796875 -0.163177490234375 0.287567138671875
0.241989135742188 -0.0510406494140625 -0.2574462890625 0.193832397460938
0.228240966796875 0.102737426757813 -0.29351806640625 0.0623779296875
0.137954711914063 0.197921752929688 -0.211044311523438 -0.0819854736328125
-0.0768280029296875 0.279434204101563 -0.0643234252929687 -0.127342224121094
-0.209136962890625 0.28680419921875 -0.0195960998535156 0.0261974334716797
-0.296478271484375 0.22161865234375 -0.155853271484375 0.043609619140625
-0.082977294921875 0.214553833007813 -0.575439453125 0.230224609375
0.000991821289062496 0.1881103515625 -0.28106689453125 0.293853759765625
0.0785369873046875 0.119796752929688 -0.0506362915039063 0.131820678710938
0.0877304077148438 0.0541763305664063 -0.116447448730469 0.032470703125
0.0761489868164063 0.0034027099609375 -0.182693481445312 0.0821533203125
0.0929946899414063 -0.0307159423828125 -0.199661254882812 0.202774047851563
0.08587646484375 -0.0354156494140625 -0.167694091796875 0.3013916015625
0.08184814453125 -0.0321121215820313 -0.139984130859375 0.320892333984375
0.104522705078125 -0.0315093994140625 -0.198516845703125 0.321136474609375
0.099456787109375 0.0214920043945313 -0.29583740234375 0.2158203125
0.0659637451171875 0.081085205078125 -0.30169677734375 0.0570068359375
0.011444091796875 0.0806427001953125 -0.205917358398437 -0.0848846435546875
-0.0567779541015625 0.0813751220703125 -0.053497314453125 -0.0930557250976562
-0.0733184814453125 0.101570129394531 -0.0540618896484375 0.079071044921875
-0.106132507324219 0.116012573242187 -0.260879516601563 0.0898590087890626
-0.116554260253906 -0.0178146362304688 0.25994873046875 -0.194381713867188
-0.0835800170898438 0.102348327636719 0.0572433471679687 -0.112701416015625
0.0308685302734375 0.117149353027344 0.0191650390625 0.0826797485351563
0.0989532470703125 0.0322341918945313 0.193572998046875 0.103607177734375
0.0968399047851563 -0.02838134765625 0.2791748046875 -0.0274658203125
0.0457839965820313 -0.0808181762695312 0.275161743164062 -0.234207153320312
0.010467529296875 -0.101852416992188 0.191009521484375 -0.35626220703125
0.0156631469726563 -0.0825271606445313 0.128326416015625 -0.338287353515625
0.0239028930664062 -0.0851593017578125 0.14776611328125 -0.303802490234375
0.0691757202148438 -0.0477104187011719 0.203536987304687 -0.220260620117187
0.0714111328125 0.0217132568359375 0.158111572265625 -0.11529541015625
0.0200119018554687 0.0790023803710938 0.100502014160156 -0.075408935546875
-0.0666275024414063 0.0523643493652344 0.0969085693359375 -0.19403076171875
-0.115478515625 -0.02130126953125 0.264801025390625 -0.355682373046875
-0.0732040405273438 -0.0795135498046875 0.65899658203125 -0.262451171875
-0.31170654296875 0.12078857421875 0.213577270507812 -0.1773681640625
-0.190093994140625 0.264251708984375 0.0381088256835937 -0.0923614501953125
0.00759887695312497 0.295623779296875 0.0050811767578125 0.0769195556640625
0.18505859375 0.168869018554688 0.16265869140625 0.095611572265625
0.231277465820313 0.0196685791015625 0.235458374023438 -0.0038604736328125
0.1925048828125 -0.138534545898438 0.246490478515625 -0.189056396484375
0.117813110351562 -0.2099609375 0.174346923828125 -0.3021240234375
0.120773315429688 -0.18438720703125 0.1143798828125 -0.285430908203125
0.144332885742188 -0.200820922851563 0.126449584960938 -0.248489379882813
0.21832275390625 -0.115753173828125 0.163009643554688 -0.193572998046875
0.23260498046875 0.05108642578125 0.100715637207031 -0.103752136230469
0.136978149414062 0.191513061523438 0.05938720703125 -0.0906143188476562
-0.083343505859375 0.240432739257813 0.07403564453125 -0.230133056640625
-0.23260498046875 0.176483154296875 0.25592041015625 -0.37420654296875
-0.259445190429688 0.0648193359375 0.6297607421875 -0.28802490234375
-0.45758056640625 0.24530029296875 0.105415344238281 -0.132171630859375
-0.266937255859375 0.40277099609375 -0.00645065307617189 -0.0424690246582031
-0.00408935546875002 0.44482421875 -0.00386810302734375 0.0806655883789063
0.25823974609375 0.287811279296875 0.125335693359375 0.0804519653320313
0.341583251953125 0.063812255859375 0.169769287109375 0.01611328125
0.31549072265625 -0.179901123046875 0.187210083007813 -0.124221801757813
0.20849609375 -0.2891845703125 0.133255004882813 -0.20843505859375
0.205581665039063 -0.2589111328125 0.0833740234375 -0.187301635742188
0.24346923828125 -0.288482666015625 0.0836029052734375 -0.151321411132813
0.33648681640625 -0.171234130859375 0.0911788940429688 -0.133316040039063
0.367431640625 0.07049560546875 0.0164337158203125 -0.078155517578125
0.24908447265625 0.280288696289063 -0.00257873535156248 -0.104927062988281
-0.080230712890625 0.410888671875 0.038604736328125 -0.258056640625
-0.316619873046875 0.365386962890625 0.222412109375 -0.359222412109375
-0.410919189453125 0.20623779296875 0.535003662109375 -0.274444580078125
-0.5279541015625 0.34222412109375 -0.0429573059082032 -0.0622406005859375
-0.294708251953125 0.497467041015625 -0.0652084350585938 0.0309829711914063
0.00665283203124997 0.5400390625 -0.0111923217773437 0.089202880859375
0.314483642578125 0.360137939453125 0.0762252807617188 0.0608062744140625
0.412994384765625 0.08966064453125 0.0828094482421875 0.0347824096679688
0.395111083984375 -0.201171875 0.101432800292969 -0.0430831909179688
0.266571044921875 -0.327667236328125 0.07330322265625 -0.0851287841796875
0.261383056640625 -0.294830322265625 0.0402488708496094 -0.061981201171875
0.303497314453125 -0.33270263671875 0.0275115966796875 -0.0271053314208985
0.405731201171875 -0.2008056640625 0.000499725341796898 -0.0462799072265625
0.45458984375 0.080902099609375 -0.0819320678710937 -0.0353469848632812
0.3306884765625 0.333251953125 -0.0754623413085937 -0.106643676757812
-0.063720703125 0.532623291015625 -0.00337219238281248 -0.25836181640625
-0.359100341796875 0.50311279296875 0.1673583984375 -0.29364013671875
-0.5008544921875 0.314117431640625 0.38299560546875 -0.21624755859375
-0.516754150390625 0.3958740234375 -0.208633422851563 0.0250701904296875
-0.270233154296875 0.53082275390625 -0.127662658691406 0.118576049804688
0.035736083984375 0.557464599609375 -0.0200729370117187 0.0999374389648438
0.333587646484375 0.370880126953125 0.0149154663085938 0.0423316955566406
0.42413330078125 0.094482421875 -0.014678955078125 0.0557785034179688
0.412689208984375 -0.197662353515625 0.00293350219726565 0.0462875366210937
0.284820556640625 -0.319122314453125 0.00181961059570314 0.0495834350585937
0.2752685546875 -0.2877197265625 -0.01019287109375 0.0734481811523437
0.3203125 -0.3251953125 -0.0352554321289062 0.105712890625
0.413848876953125 -0.194610595703125 -0.0962295532226562 0.0547714233398438
0.465545654296875 0.087860107421875 -0.178604125976562 0.017303466796875
0.347198486328125 0.335296630859375 -0.146270751953125 -0.09405517578125
-0.05120849609375 0.557525634765625 -0.0437774658203125 -0.226058959960937
-0.351470947265625 0.547332763671875 0.10028076171875 -0.18536376953125
-0.514556884765625 0.358978271484375 0.19189453125 -0.12347412109375
-0.42681884765625 0.39141845703125 -0.365753173828125 0.1201171875
-0.201416015625 0.48260498046875 -0.187149047851562 0.2041015625
0.0589599609375 0.479156494140625 -0.0314483642578125 0.110404968261719
0.296173095703125 0.31341552734375 -0.0498046875 0.0304374694824219
0.361968994140625 0.077423095703125 -0.104652404785156 0.075958251953125
0.36065673828125 -0.165435791015625 -0.0898895263671875 0.130439758300781
0.256942749023437 -0.262344360351563 -0.068572998046875 0.175033569335937
0.2471923828125 -0.237045288085938 -0.060150146484375 0.196380615234375
0.289520263671875 -0.265594482421875 -0.0973663330078125 0.22216796875
0.358154296875 -0.14630126953125 -0.18414306640625 0.148391723632813
0.388397216796875 0.093536376953125 -0.25299072265625 0.062103271484375
0.28057861328125 0.28912353515625 -0.197280883789062 -0.0778350830078125
-0.05560302734375 0.472015380859375 -0.0660858154296875 -0.174896240234375
-0.29974365234375 0.474456787109375 0.0338516235351562 -0.0648422241210937
-0.445068359375 0.32861328125 -0.000762939453125027 -0.0224800109863281
-0.275421142578125 0.329620361328125 -0.49725341796875 0.204742431640625
-0.105438232421875 0.3597412109375 -0.237548828125 0.273681640625
0.074432373046875 0.319915771484375 -0.0412521362304687 0.12188720703125
0.207611083984375 0.1993408203125 -0.0987319946289062 0.0290756225585938
0.238357543945312 0.0452728271484375 -0.16448974609375 0.0898590087890625
0.248977661132812 -0.1097412109375 -0.159576416015625 0.191162109375
0.1884765625 -0.166244506835938 -0.124282836914063 0.270172119140625
0.180252075195313 -0.149444580078125 -0.101104736328125 0.288482666015625
0.215576171875 -0.163970947265625 -0.148406982421875 0.303192138671875
0.24957275390625 -0.0707244873046875 -0.250625610351563 0.21282958984375
0.248001098632812 0.0939483642578125 -0.295806884765625 0.0825195312499999
0.15533447265625 0.201217651367188 -0.21923828125 -0.0692138671875
-0.064727783203125 0.299224853515625 -0.0702667236328125 -0.123748779296875
-0.20391845703125 0.310272216796875 -0.0207977294921875 0.0325279235839844
-0.30462646484375 0.240447998046875 -0.165802001953125 0.06048583984375
-0.0826263427734375 0.222183227539062 -0.5814208984375 0.27044677734375
0.00160217285156251 0.194412231445313 -0.272705078125 0.3226318359375
0.0841598510742188 0.124008178710938 -0.0430374145507812 0.139678955078125
0.0968170166015625 0.0580062866210937 -0.1158447265625 0.0401077270507813
0.0830841064453125 0.0032806396484375 -0.182571411132813 0.0925445556640625
0.0991592407226563 -0.0389785766601563 -0.193191528320313 0.218536376953125
0.0894393920898438 -0.0459442138671875 -0.155975341796875 0.3201904296875
0.0864791870117187 -0.0408401489257812 -0.12725830078125 0.33685302734375
0.110099792480469 -0.0413970947265625 -0.185089111328125 0.33941650390625
0.108116149902344 0.0136566162109375 -0.28826904296875 0.238250732421875
0.07928466796875 0.0803756713867188 -0.304931640625 0.077117919921875
0.019378662109375 0.0875473022460938 -0.2144775390625 -0.072784423828125
-0.056854248046875 0.09429931640625 -0.0589828491210937 -0.0898284912109375
-0.0750961303710937 0.111198425292969 -0.0554351806640625 0.0878753662109375
-0.113151550292969 0.121017456054688 -0.275115966796875 0.114288330078125
-0.11114501953125 -0.0103759765625 0.259368896484375 -0.22161865234375
-0.0702896118164063 0.104034423828125 0.056060791015625 -0.122322082519531
0.0393524169921875 0.10986328125 0.0243072509765625 0.0781173706054688
0.0963363647460937 0.0227203369140625 0.199371337890625 0.0894927978515625
0.09197998046875 -0.0358657836914063 0.276138305664063 -0.048583984375
0.0381088256835938 -0.0826034545898438 0.256683349609375 -0.25433349609375
0.000457763671874995 -0.0996170043945313 0.167205810546875 -0.37176513671875
0.0070953369140625 -0.0812225341796875 0.106689453125 -0.349212646484375
0.0126876831054687 -0.0837554931640625 0.1295166015625 -0.315216064453125
0.06170654296875 -0.0531082153320313 0.187789916992188 -0.2362060546875
0.0704345703125 0.01434326171875 0.15130615234375 -0.125244140625
0.0257797241210938 0.0741348266601563 0.0948867797851563 -0.0839080810546875
-0.0597686767578125 0.0545120239257813 0.081695556640625 -0.20001220703125
-0.112266540527344 -0.0113677978515625 0.24261474609375 -0.3763427734375
-0.0723190307617188 -0.0699615478515625 0.646484375 -0.31097412109375
-0.301177978515625 0.14404296875 0.216110229492188 -0.199188232421875
-0.166702270507812 0.275344848632813 0.0403823852539062 -0.0991287231445313
0.0289306640625 0.29302978515625 0.0116729736328125 0.073333740234375
0.1939697265625 0.155685424804688 0.168289184570313 0.0818939208984375
0.230682373046875 0.0022125244140625 0.235107421875 -0.0220947265625
0.182937622070313 -0.15179443359375 0.233688354492188 -0.207794189453125
0.102706909179687 -0.217666625976563 0.154937744140625 -0.316864013671875
0.105850219726562 -0.191909790039063 0.097869873046875 -0.298187255859375
0.126052856445313 -0.210845947265625 0.113388061523438 -0.260086059570313
0.207061767578125 -0.13421630859375 0.150924682617187 -0.206253051757812
0.23602294921875 0.0313568115234375 0.09466552734375 -0.109840393066406
0.155166625976562 0.180313110351563 0.0555496215820313 -0.0948486328125
-0.0631256103515625 0.249359130859375 0.0568084716796875 -0.233428955078125
-0.215255737304688 0.198806762695313 0.2332763671875 -0.392059326171875
-0.253433227539063 0.0887603759765625 0.61883544921875 -0.331787109375
-0.440032958984375 0.27960205078125 0.111923217773437 -0.144683837890625
-0.237884521484375 0.419036865234375 3.05175781249878E-05 -0.0460433959960937
0.027252197265625 0.44366455078125 0.00325775146484375 0.0777359008789063
0.277908325195313 0.269668579101563 0.131759643554688 0.0697250366210938
0.347320556640625 0.040130615234375 0.171981811523438 0.00213623046875
0.30377197265625 -0.203826904296875 0.180404663085938 -0.139480590820313
0.188140869140625 -0.305084228515625 0.121185302734375 -0.221694946289063
0.188186645507813 -0.275115966796875 0.072296142578125 -0.19854736328125
0.22088623046875 -0.3070068359375 0.076934814453125 -0.16162109375
0.3231201171875 -0.20037841796875 0.0837554931640625 -0.1412353515625
0.3760986328125 0.042572021484375 0.0124588012695313 -0.07763671875
0.274017333984375 0.26416015625 -0.00583648681640623 -0.104034423828125
-0.049591064453125 0.421539306640625 0.021270751953125 -0.258132934570313
-0.290130615234375 0.395751953125 0.201751708984375 -0.370086669921875
-0.399810791015625 0.2408447265625 0.52166748046875 -0.3123779296875
-0.510040283203125 0.38238525390625 -0.03271484375 -0.0628433227539062
-0.261138916015625 0.519134521484375 -0.0538597106933594 0.0337371826171875
0.045440673828125 0.54205322265625 -0.000946044921875 0.0871963500976563
0.343536376953125 0.33990478515625 0.0821533203125 0.0533218383789063
0.423553466796875 0.060089111328125 0.0866165161132813 0.0262451171875
0.382232666015625 -0.23199462890625 0.102653503417969 -0.0525665283203125
0.245758056640625 -0.349884033203125 0.0696563720703125 -0.0940322875976563
0.241424560546875 -0.3162841796875 0.0379295349121094 -0.0700340270996094
0.28033447265625 -0.358184814453125 0.0313796997070313 -0.032461166381836
0.3917236328125 -0.233123779296875 -0.000873565673828104 -0.0487861633300781
0.466522216796875 0.045562744140625 -0.0825271606445312 -0.0269012451171875
0.3612060546875 0.3116455078125 -0.0789947509765625 -0.0996627807617187
-0.024993896484375 0.544647216796875 -0.0199127197265625 -0.254104614257813
-0.322601318359375 0.53582763671875 0.15167236328125 -0.30108642578125
-0.4864501953125 0.35223388671875 0.369873046875 -0.2376708984375
-0.4976806640625 0.435150146484375 -0.194808959960938 0.0384674072265625
-0.235504150390625 0.553802490234375 -0.111221313476563 0.128654479980469
0.07537841796875 0.559173583984375 -0.00835418701171875 0.100364685058594
0.36627197265625 0.35125732421875 0.0204086303710938 0.0387725830078125
0.4359130859375 0.06597900390625 -0.0077400207519531 0.0545883178710938
0.4019775390625 -0.232574462890625 0.0107078552246094 0.0431365966796875
0.265472412109375 -0.343841552734375 0.00740432739257814 0.0468521118164062
0.256317138671875 -0.311798095703125 -0.00310516357421873 0.0683403015136719
0.298187255859375 -0.3529052734375 -0.02392578125 0.105079650878906
0.402496337890625 -0.23052978515625 -0.0905685424804687 0.0595245361328125
0.479461669921875 0.051971435546875 -0.174163818359375 0.0332183837890625
0.37542724609375 0.315673828125 -0.14801025390625 -0.0816650390625
-0.0109252929687501 0.5699462890625 -0.055084228515625 -0.220977783203125
-0.31622314453125 0.57891845703125 0.0909423828125 -0.188079833984375
-0.49859619140625 0.395660400390625 0.18310546875 -0.130783081054687
-0.411163330078125 0.42340087890625 -0.35162353515625 0.145843505859375
-0.17413330078125 0.502471923828125 -0.166259765625 0.220626831054688
0.092742919921875 0.48138427734375 -0.0185089111328125 0.112876892089844
0.326751708984375 0.297821044921875 -0.0463371276855469 0.0330848693847656
0.375091552734375 0.053009033203125 -0.0971603393554687 0.0813751220703125
0.354278564453125 -0.1966552734375 -0.0776519775390625 0.134986877441406
0.240997314453125 -0.287811279296875 -0.0549163818359375 0.178573608398437
0.234298706054687 -0.258438110351562 -0.045623779296875 0.197006225585937
0.273223876953125 -0.29278564453125 -0.077362060546875 0.22637939453125
0.34991455078125 -0.176666259765625 -0.171615600585937 0.159469604492188
0.40234375 0.064971923828125 -0.247238159179687 0.0815582275390625
0.305999755859375 0.27496337890625 -0.198883056640625 -0.0604705810546875
-0.0230712890625 0.484161376953125 -0.0759124755859375 -0.167526245117187
-0.269134521484375 0.501068115234375 0.0319480895996094 -0.0619239807128906
-0.433837890625 0.360504150390625 -0.00665760040283206 -0.0141429901123047
-0.2640380859375 0.349761962890625 -0.48187255859375 0.242156982421875
-0.0882568359375 0.3721923828125 -0.21612548828125 0.29449462890625
0.095489501953125 0.322357177734375 -0.0287704467773437 0.126548767089844
0.228973388671875 0.19110107421875 -0.0942459106445312 0.0353546142578125
0.249191284179688 0.0300445556640625 -0.157241821289062 0.099609375
0.245895385742188 -0.132400512695313 -0.145675659179687 0.200897216796875
0.1788330078125 -0.185592651367188 -0.104568481445312 0.278518676757813
0.174285888671875 -0.16766357421875 -0.08148193359375 0.293182373046875
0.206771850585937 -0.185653686523438 -0.124053955078125 0.312103271484375
0.248260498046875 -0.0924835205078125 -0.232818603515625 0.22967529296875
0.261642456054688 0.074951171875 -0.28826904296875 0.105743408203125
0.173980712890625 0.19525146484375 -0.220626831054688 -0.0509185791015625
-0.0447998046875 0.3115234375 -0.0761184692382812 -0.117324829101563
-0.185699462890625 0.3270263671875 -0.0186729431152344 0.0379676818847656
-0.29931640625 0.260223388671875 -0.168701171875 0.080230712890625
-0.077117919921875 0.226715087890625 -0.56658935546875 0.31536865234375
0.00715637207031252 0.1978759765625 -0.25079345703125 0.347137451171875
0.0895004272460938 0.123268127441406 -0.030242919921875 0.144058227539063
0.105552673339844 0.0562896728515625 -0.113685607910156 0.0476760864257813
0.0877914428710938 -3.814697265625E-05 -0.176300048828125 0.104217529296875
0.101470947265625 -0.0486602783203125 -0.177703857421875 0.230682373046875
0.0882644653320313 -0.0569610595703125 -0.133758544921875 0.33245849609375
0.0877609252929688 -0.05096435546875 -0.103973388671875 0.345672607421875
0.110984802246094 -0.0535812377929688 -0.159820556640625 0.354156494140625
0.112174987792969 0.0021209716796875 -0.268569946289063 0.258392333984375
0.0907821655273438 0.075042724609375 -0.298553466796875 0.100311279296875
0.0280685424804688 0.0905075073242188 -0.218658447265625 -0.0554656982421875
-0.050994873046875 0.104766845703125 -0.0636444091796875 -0.0839309692382813
-0.0721817016601563 0.119903564453125 -0.0520477294921875 0.0957260131835938
-0.114891052246094 0.126533508300781 -0.277435302734375 0.14202880859375
-0.105216979980469 -0.00604248046875001 0.248764038085938 -0.239883422851562
-0.0555419921875 0.101341247558594 0.052093505859375 -0.128929138183594
0.0451736450195313 0.0996322631835937 0.0275497436523438 0.0714035034179688
0.0900192260742188 0.015411376953125 0.198410034179688 0.07208251953125
0.0826568603515625 -0.0418472290039063 0.266708374023438 -0.064849853515625
0.0275039672851563 -0.080535888671875 0.234237670898438 -0.261871337890625
-0.00637054443359375 -0.0956268310546875 0.14044189453125 -0.372650146484375
-0.00084686279296875 -0.076751708984375 0.084136962890625 -0.346588134765625
0.00234222412109375 -0.0797653198242188 0.10858154296875 -0.318145751953125
0.0527992248535156 -0.0560073852539062 0.16802978515625 -0.240829467773438
0.0663375854492188 0.00638961791992188 0.140579223632813 -0.133651733398438
0.0312728881835938 0.068023681640625 0.0895843505859375 -0.085235595703125
-0.0528526306152344 0.0518951416015625 0.066925048828125 -0.198638916015625
-0.105514526367187 -0.00366973876953126 0.216339111328125 -0.380645751953125
-0.0656700134277344 -0.0596351623535156 0.61688232421875 -0.3424072265625
-0.283447265625 0.156097412109375 0.2109375 -0.214492797851562
-0.143280029296875 0.27520751953125 0.0384445190429687 -0.104560852050781
0.0432586669921875 0.280487060546875 0.015655517578125 0.0666694641113281
0.197021484375 0.141891479492188 0.16937255859375 0.0670928955078125
0.222885131835938 -0.0109710693359375 0.228652954101563 -0.03607177734375
0.16748046875 -0.16070556640625 0.215499877929688 -0.218154907226562
0.0850982666015625 -0.217422485351562 0.132049560546875 -0.32086181640625
0.089752197265625 -0.193435668945313 0.0799560546875 -0.298919677734375
0.107452392578125 -0.212127685546875 0.0980072021484375 -0.262557983398438
0.189804077148437 -0.144943237304687 0.133209228515625 -0.212066650390625
0.232742309570313 0.0131988525390625 0.086700439453125 -0.111625671386719
0.164566040039063 0.166305541992188 0.0511398315429687 -0.0958175659179687
-0.0451812744140625 0.247146606445313 0.0421600341796875 -0.230026245117188
-0.192611694335938 0.2103271484375 0.209014892578125 -0.394989013671875
-0.239730834960937 0.1070556640625 0.58795166015625 -0.36346435546875
-0.412750244140625 0.3021240234375 0.114639282226562 -0.155975341796875
-0.203704833984375 0.42193603515625 0.00728607177734373 -0.0499000549316406
0.052459716796875 0.430938720703125 0.00948333740234375 0.0740280151367188
0.290374755859375 0.246063232421875 0.135017395019531 0.0574111938476563
0.339691162109375 0.019989013671875 0.168853759765625 -0.0137939453125
0.28533935546875 -0.223236083984375 0.167861938476563 -0.148727416992187
0.166107177734375 -0.31109619140625 0.105194091796875 -0.228057861328125
0.167755126953125 -0.281829833984375 0.061676025390625 -0.2010498046875
0.192413330078125 -0.31866455078125 0.0701751708984375 -0.165908813476563
0.3018798828125 -0.2193603515625 0.073974609375 -0.14501953125
0.371795654296875 0.0115966796875 0.0108261108398438 -0.0745925903320313
0.28741455078125 0.24212646484375 -0.00698089599609374 -0.0980758666992187
-0.019805908203125 0.41827392578125 0.00863647460937498 -0.25042724609375
-0.25592041015625 0.40625 0.17779541015625 -0.373443603515625
-0.375152587890625 0.26611328125 0.498046875 -0.33428955078125
-0.477081298828125 0.406646728515625 -0.0224494934082031 -0.0658149719238281
-0.221893310546875 0.5220947265625 -0.0407943725585938 0.0311050415039063
0.07708740234375 0.5269775390625 0.00714874267578125 0.0843963623046875
0.3575439453125 0.31463623046875 0.0829925537109375 0.0455093383789063
0.418914794921875 0.032257080078125 0.0904541015625 0.0186309814453125
0.36029052734375 -0.25250244140625 0.0987930297851563 -0.05889892578125
0.220367431640625 -0.35821533203125 0.0634918212890625 -0.100303649902344
0.217437744140625 -0.326934814453125 0.0339584350585938 -0.0752105712890625
0.249969482421875 -0.371490478515625 0.031829833984375 -0.0386886596679688
0.3670654296875 -0.25823974609375 -0.00359344482421873 -0.0489959716796875
0.46173095703125 0.013702392578125 -0.0797042846679687 -0.0200271606445313
0.37506103515625 0.28656005859375 -0.0753021240234375 -0.0899734497070312
0.01104736328125 0.539337158203125 -0.0331573486328125 -0.247146606445312
-0.28314208984375 0.550506591796875 0.132568359375 -0.29852294921875
-0.459259033203125 0.3743896484375 0.348388671875 -0.25
-0.4632568359375 0.457977294921875 -0.173904418945313 0.0425567626953125
-0.198455810546875 0.55615234375 -0.0889053344726563 0.128562927246094
0.106903076171875 0.547943115234375 0.00174713134765625 0.0991363525390625
0.38397216796875 0.32354736328125 0.02392578125 0.0359039306640625
0.434326171875 0.035491943359375 -0.00153350830078123 0.0510482788085938
0.38092041015625 -0.25738525390625 0.0165481567382813 0.037261962890625
0.238372802734375 -0.356781005859375 0.0119285583496094 0.0421600341796875
0.231903076171875 -0.323333740234375 0.00224685668945313 0.0612640380859375
0.2684326171875 -0.367706298828125 -0.0135650634765625 0.0984344482421875
0.377197265625 -0.250244140625 -0.0822525024414062 0.0624237060546875
0.4766845703125 0.0203857421875 -0.166046142578125 0.0449981689453125
0.391937255859375 0.288238525390625 -0.144058227539063 -0.06976318359375
0.02374267578125 0.56280517578125 -0.0629119873046875 -0.20953369140625
-0.2725830078125 0.58837890625 0.07958984375 -0.182662963867188
-0.470367431640625 0.420379638671875 0.172531127929687 -0.1304931640625
-0.382904052734375 0.441650390625 -0.326812744140625 0.162322998046875
-0.145233154296875 0.504302978515625 -0.142333984375 0.225357055664063
0.1202392578125 0.471099853515625 -0.00684356689453124 0.110137939453125
0.3416748046875 0.27569580078125 -0.0393180847167968 0.0340957641601563
0.377227783203125 0.029327392578125 -0.087799072265625 0.0810699462890625
0.3360595703125 -0.21978759765625 -0.0630416870117187 0.130073547363281
0.2213134765625 -0.298736572265625 -0.0418243408203125 0.1746826171875
0.213851928710937 -0.2730712890625 -0.031951904296875 0.191024780273438
0.248565673828125 -0.307891845703125 -0.0603179931640625 0.221954345703125
0.332275390625 -0.197235107421875 -0.155441284179688 0.164764404296875
0.403472900390625 0.0372314453125 -0.23284912109375 0.0958709716796875
0.319580078125 0.2545166015625 -0.19195556640625 -0.0455169677734375
0.00762939453124997 0.482208251953125 -0.07940673828125 -0.157989501953125
-0.23626708984375 0.505462646484375 0.0281524658203125 -0.0560722351074218
-0.413543701171875 0.376373291015625 -0.00894546508789065 -0.00610351562499998
-0.243377685546875 0.36126708984375 -0.451568603515625 0.267059326171875
-0.07232666015625 0.375701904296875 -0.189117431640625 0.30535888671875
0.11175537109375 0.3155517578125 -0.015533447265625 0.122787475585938
0.243576049804688 0.178573608398438 -0.0881271362304687 0.0402297973632813
0.250640869140625 0.0131988525390625 -0.145904541015625 0.105377197265625
0.235244750976563 -0.147933959960938 -0.126419067382812 0.203994750976563
0.167373657226563 -0.19696044921875 -0.0843963623046875 0.278762817382813
0.1634521484375 -0.178146362304688 -0.063232421875 0.289093017578125
0.192642211914062 -0.1998291015625 -0.098541259765625 0.30987548828125
0.240447998046875 -0.110916137695313 -0.210525512695312 0.2366943359375
0.266677856445313 0.0546722412109375 -0.273483276367187 0.121566772460938
0.1868896484375 0.18450927734375 -0.216720581054687 -0.0329132080078125
-0.02667236328125 0.315032958984375 -0.0757904052734375 -0.109970092773437
-0.1669921875 0.3358154296875 -0.0151901245117188 0.0440101623535156
-0.2877197265625 0.2708740234375 -0.16436767578125 0.09765625
-0.06793212890625 0.2266845703125 -0.535736083984375 0.34197998046875
0.0117645263671875 0.192657470703125 -0.223052978515625 0.359222412109375
0.0914688110351562 0.1220703125 -0.0167388916015625 0.143508911132812
0.109825134277344 0.0546646118164063 -0.105140686035156 0.0541610717773437
0.0921707153320313 -0.00164794921875 -0.166961669921875 0.109603881835938
0.0988693237304687 -0.0589828491210938 -0.160293579101563 0.236129760742188
0.0839691162109375 -0.0660552978515625 -0.112518310546875 0.3358154296875
0.0853195190429688 -0.0570526123046875 -0.085357666015625 0.34130859375
0.108207702636719 -0.0635757446289063 -0.133056640625 0.352203369140625
0.113388061523438 -0.00875091552734375 -0.244613647460937 0.267852783203125
0.0976028442382813 0.0655517578125 -0.28253173828125 0.117828369140625
0.0359039306640625 0.09210205078125 -0.2159423828125 -0.03839111328125
-0.0460205078125 0.110572814941406 -0.0665359497070313 -0.0771865844726563
-0.0689239501953125 0.123512268066406 -0.048797607421875 0.100753784179688
-0.114303588867187 0.130172729492188 -0.268585205078125 0.1641845703125
-0.0971145629882812 -0.00344848632812502 0.242202758789062 -0.249649047851562
-0.0460128784179687 0.0943222045898438 0.0511398315429687 -0.13214111328125
0.0459442138671875 0.0921173095703125 0.0270309448242188 0.0662803649902344
0.0835037231445313 0.0110855102539062 0.193527221679687 0.0624847412109375
0.0770797729492188 -0.0424575805664063 0.254913330078125 -0.071075439453125
0.0230178833007812 -0.0785064697265625 0.217010498046875 -0.261428833007813
-0.01202392578125 -0.0896148681640625 0.1234130859375 -0.36767578125
-0.00629425048828124 -0.0719223022460937 0.071075439453125 -0.343170166015625
-0.00318145751953125 -0.07470703125 0.09600830078125 -0.31280517578125
0.0440292358398438 -0.0551567077636719 0.156982421875 -0.239913940429688
0.0630874633789063 0.00389480590820313 0.132003784179688 -0.131782531738281
0.0323371887207031 0.0622291564941406 0.0837936401367188 -0.0866851806640625
-0.0481948852539063 0.0520553588867187 0.0558624267578125 -0.19342041015625
-0.0974197387695312 0.00245666503906251 0.200927734375 -0.378509521484375
-0.0604820251464844 -0.0537490844726563 0.5904541015625 -0.35675048828125
-0.266006469726562 0.1627197265625 0.208511352539062 -0.225082397460938
-0.124679565429687 0.265838623046875 0.0426177978515625 -0.10919189453125
0.052490234375 0.26739501953125 0.0167160034179688 0.0641517639160156
0.193115234375 0.128173828125 0.165252685546875 0.058074951171875
0.214797973632813 -0.018402099609375 0.21875 -0.0446929931640625
0.154693603515625 -0.161666870117187 0.20123291015625 -0.217437744140625
0.074310302734375 -0.214080810546875 0.117034912109375 -0.317626953125
0.0779876708984375 -0.189697265625 0.06781005859375 -0.2962646484375
0.0931243896484375 -0.210617065429688 0.0882110595703125 -0.262496948242188
0.175323486328125 -0.149063110351563 0.123931884765625 -0.210006713867188
0.226348876953125 0.002197265625 0.083160400390625 -0.109519958496094
0.168212890625 0.154037475585938 0.0480117797851563 -0.09405517578125
-0.032806396484375 0.242752075195313 0.0323028564453125 -0.223220825195312
-0.178237915039063 0.21429443359375 0.193817138671875 -0.390533447265625
-0.225631713867188 0.115127563476562 0.5635986328125 -0.37188720703125
-0.390167236328125 0.30645751953125 0.117218017578125 -0.163665771484375
-0.182098388671875 0.412567138671875 0.0128135681152344 -0.0542640686035156
0.0655517578125 0.416656494140625 0.0122947692871094 0.0680313110351563
0.288543701171875 0.230255126953125 0.130790710449219 0.0485000610351563
0.33251953125 0.003936767578125 0.163314819335938 -0.0177154541015625
0.2662353515625 -0.22528076171875 0.159408569335938 -0.152557373046875
0.149688720703125 -0.30938720703125 0.094757080078125 -0.226608276367188
0.150604248046875 -0.280593872070313 0.0540313720703125 -0.20306396484375
0.1746826171875 -0.31512451171875 0.0650482177734375 -0.166946411132813
0.280441284179688 -0.224563598632813 0.066375732421875 -0.143875122070313
0.363983154296875 -0.00433349609375 0.00910186767578128 -0.0714035034179688
0.2935791015625 0.224761962890625 -0.00770568847656248 -0.0964889526367188
-0.00476074218750002 0.411346435546875 0.000228881835937499 -0.2413330078125
-0.2315673828125 0.407501220703125 0.16485595703125 -0.365203857421875
-0.35809326171875 0.271270751953125 0.47235107421875 -0.3370361328125
-0.451202392578125 0.411163330078125 -0.0136146545410156 -0.070281982421875
-0.20013427734375 0.514556884765625 -0.0297336578369141 0.0275402069091797
0.090545654296875 0.51092529296875 0.0110244750976562 0.077178955078125
0.3623046875 0.29150390625 0.0843505859375 0.0382843017578125
0.4107666015625 0.016937255859375 0.086517333984375 0.0125579833984375
0.341064453125 -0.263824462890625 0.0963668823242188 -0.0654067993164063
0.20074462890625 -0.360809326171875 0.0588760375976563 -0.102470397949219
0.1998291015625 -0.327392578125 0.0308456420898438 -0.0800323486328125
0.227203369140625 -0.37139892578125 0.033966064453125 -0.0417366027832031
0.3447265625 -0.2667236328125 -0.00463867187499998 -0.0489730834960938
0.454132080078125 -0.006744384765625 -0.0745697021484375 -0.0145339965820312
0.3807373046875 0.264007568359375 -0.0742721557617187 -0.085784912109375
0.0295104980468749 0.527099609375 -0.03631591796875 -0.234817504882812
-0.252777099609375 0.545989990234375 0.123870849609375 -0.290863037109375
-0.438323974609375 0.38214111328125 0.333038330078125 -0.249420166015625
-0.43829345703125 0.461029052734375 -0.160308837890625 0.0428466796875
-0.178314208984375 0.548004150390625 -0.0762100219726562 0.124763488769531
0.12347412109375 0.528839111328125 0.00768280029296875 0.092041015625
0.390533447265625 0.3011474609375 0.0264434814453125 0.0305442810058594
0.42681884765625 0.0205078125 -0.000366210937499978 0.04779052734375
0.3602294921875 -0.26922607421875 0.0195789337158203 0.0322380065917969
0.2200927734375 -0.359344482421875 0.0125083923339844 0.0364532470703125
0.21624755859375 -0.32708740234375 0.00211334228515627 0.0550994873046875
0.249542236328125 -0.369903564453125 -0.00506591796874999 0.0930252075195312
0.356719970703125 -0.263214111328125 -0.0788726806640625 0.0628814697265625
0.468170166015625 -0.000457763671875 -0.15570068359375 0.051300048828125
0.39678955078125 0.267333984375 -0.137283325195312 -0.062286376953125
0.0447082519531249 0.552215576171875 -0.065216064453125 -0.198318481445312
-0.2447509765625 0.58233642578125 0.0750885009765625 -0.1767578125
-0.452392578125 0.423004150390625 0.163803100585937 -0.127487182617187
-0.362701416015625 0.44329833984375 -0.30474853515625 0.16485595703125
-0.12646484375 0.498870849609375 -0.122589111328125 0.221038818359375
0.134246826171875 0.458282470703125 0.00170898437500001 0.105659484863281
0.351837158203125 0.256256103515625 -0.0365180969238281 0.0325393676757813
0.37066650390625 0.014801025390625 -0.082611083984375 0.08087158203125
0.320068359375 -0.231353759765625 -0.0553359985351562 0.127456665039062
0.203704833984375 -0.304412841796875 -0.0327301025390625 0.168075561523437
0.201004028320312 -0.275650024414063 -0.025390625 0.181320190429688
0.23382568359375 -0.312103271484375 -0.0472259521484375 0.214431762695313
0.315704345703125 -0.209381103515625 -0.14434814453125 0.163604736328125
0.39764404296875 0.01806640625 -0.219451904296875 0.102676391601563
0.3240966796875 0.237030029296875 -0.183502197265625 -0.0382080078125
0.02252197265625 0.47259521484375 -0.0789337158203125 -0.149276733398437
-0.212158203125 0.502899169921875 0.0276679992675781 -0.0544281005859375
-0.397064208984375 0.381561279296875 -0.00916004180908206 0.00327968597412112
-0.23138427734375 0.35797119140625 -0.42706298828125 0.27374267578125
-0.063385009765625 0.36932373046875 -0.1683349609375 0.30145263671875
0.11822509765625 0.307647705078125 -0.00849151611328125 0.121383666992188
0.248641967773438 0.167022705078125 -0.0819473266601562 0.0397415161132813
0.249176025390625 0.00701904296875 -0.138565063476562 0.104698181152344
0.226852416992188 -0.158050537109375 -0.114501953125 0.197799682617188
0.154861450195313 -0.20269775390625 -0.0720062255859375 0.270980834960938
0.153457641601563 -0.18408203125 -0.0515899658203125 0.280120849609375
0.182937622070312 -0.204925537109375 -0.085601806640625 0.302764892578125
0.23016357421875 -0.118896484375 -0.195785522460937 0.235488891601563
0.265167236328125 0.043701171875 -0.25750732421875 0.12750244140625
0.189743041992188 0.175674438476563 -0.205886840820313 -0.0270538330078125
-0.01446533203125 0.309600830078125 -0.0761032104492188 -0.102401733398438
-0.151397705078125 0.332275390625 -0.0150032043457031 0.0457344055175781
-0.279815673828125 0.273040771484375 -0.158676147460938 0.1085205078125
-0.0656585693359375 0.220352172851562 -0.509857177734375 0.35406494140625
0.010498046875 0.193161010742188 -0.20318603515625 0.358428955078125
0.0925216674804688 0.116836547851563 -0.010772705078125 0.139015197753906
0.113967895507812 0.0501861572265625 -0.0998458862304687 0.0542831420898438
0.0923309326171875 -0.00505828857421875 -0.157943725585937 0.111709594726563
0.0962066650390625 -0.0615997314453125 -0.147201538085937 0.231613159179688
0.0817031860351563 -0.0709075927734375 -0.096923828125 0.329620361328125
0.0826492309570313 -0.0635223388671875 -0.070465087890625 0.33538818359375
0.104766845703125 -0.0691757202148438 -0.11669921875 0.34881591796875
0.112464904785156 -0.0150375366210938 -0.226974487304688 0.267501831054687
0.102287292480469 0.059173583984375 -0.267959594726563 0.12353515625
0.040924072265625 0.0887603759765625 -0.2060546875 -0.0292816162109375
-0.0386886596679688 0.113395690917969 -0.0656967163085938 -0.0740966796875
-0.0648345947265625 0.123870849609375 -0.045562744140625 0.1029052734375
-0.11578369140625 0.130050659179688 -0.260452270507812 0.17779541015625
-0.092315673828125 -0.002838134765625 0.240676879882813 -0.256973266601563
-0.0403289794921875 0.0890045166015625 0.0518569946289063 -0.136512756347656
0.0457534790039063 0.086761474609375 0.02587890625 0.0630378723144531
0.0784378051757813 0.0104141235351563 0.188156127929687 0.05743408203125
0.0716171264648438 -0.042572021484375 0.247634887695313 -0.073516845703125
0.0196609497070313 -0.0761871337890625 0.208908081054687 -0.259033203125
-0.0142974853515625 -0.0865936279296875 0.113922119140625 -0.3646240234375
-0.0093841552734375 -0.0679702758789063 0.066925048828125 -0.33941650390625
-0.00755310058593751 -0.0709991455078125 0.0916748046875 -0.310211181640625
0.0383071899414063 -0.0537261962890625 0.151336669921875 -0.238311767578125
0.0597686767578125 0.000629425048828125 0.129127502441406 -0.130722045898437
0.0320625305175781 0.0576667785644531 0.0812225341796875 -0.0866317749023438
-0.0451431274414062 0.0498428344726563 0.051361083984375 -0.189163208007812
-0.090972900390625 0.00561523437500001 0.19482421875 -0.377532958984375
-0.0540237426757812 -0.0515251159667969 0.5789794921875 -0.3614501953125
-0.2568359375 0.161941528320312 0.210067749023437 -0.234451293945312
-0.11590576171875 0.25836181640625 0.0461959838867187 -0.114349365234375
0.0540924072265625 0.260528564453125 0.0166473388671875 0.0600776672363281
0.189773559570313 0.123382568359375 0.161544799804688 0.0538330078125
0.209762573242188 -0.0214080810546875 0.213165283203125 -0.0467071533203125
0.147857666015625 -0.162307739257813 0.195037841796875 -0.217864990234375
0.069000244140625 -0.212356567382812 0.11102294921875 -0.31756591796875
0.07171630859375 -0.187088012695313 0.06243896484375 -0.295013427734375
0.085113525390625 -0.207351684570313 0.08465576171875 -0.261688232421875
0.165267944335938 -0.1500244140625 0.118865966796875 -0.208526611328125
0.22381591796875 -0.00457763671875 0.0812454223632813 -0.1077880859375
0.1705322265625 0.146865844726563 0.0474395751953125 -0.0937652587890625
-0.0271148681640625 0.240280151367188 0.0295867919921875 -0.217437744140625
-0.1678466796875 0.21612548828125 0.188385009765625 -0.387481689453125
-0.217788696289062 0.118621826171875 0.5509033203125 -0.374176025390625
-0.37939453125 0.306182861328125 0.121749877929687 -0.172027587890625
-0.170562744140625 0.404998779296875 0.0190582275390625 -0.0597457885742187
0.070648193359375 0.406951904296875 0.0143203735351563 0.0646820068359375
0.28887939453125 0.2205810546875 0.128311157226563 0.0448532104492188
0.32696533203125 -0.001068115234375 0.158416748046875 -0.020721435546875
0.256378173828125 -0.229354858398437 0.155609130859375 -0.154525756835938
0.141021728515625 -0.309173583984375 0.09014892578125 -0.22784423828125
0.141311645507813 -0.278472900390625 0.048065185546875 -0.204315185546875
0.1634521484375 -0.314666748046875 0.06390380859375 -0.168838500976563
0.268173217773438 -0.22821044921875 0.06341552734375 -0.142379760742188
0.361785888671875 -0.013427734375 0.0106658935546875 -0.0673942565917969
0.296112060546875 0.214630126953125 -0.00550079345703123 -0.0964813232421875
0.00448608398437499 0.407745361328125 -0.00238037109374998 -0.236053466796875
-0.219390869140625 0.4095458984375 0.161865234375 -0.36114501953125
-0.349273681640625 0.274993896484375 0.4625244140625 -0.336273193359375
-0.43670654296875 0.411651611328125 -0.00506591796875003 -0.077667236328125
-0.187774658203125 0.506866455078125 -0.0211429595947266 0.02154541015625
0.097930908203125 0.50213623046875 0.0140151977539063 0.07415771484375
0.365386962890625 0.280517578125 0.0835037231445313 0.034423828125
0.4053955078125 0.009368896484375 0.0847702026367188 0.0100021362304688
0.328338623046875 -0.270233154296875 0.0953445434570313 -0.0689163208007813
0.190338134765625 -0.3623046875 0.0572586059570313 -0.10589599609375
0.189178466796875 -0.328857421875 0.0279541015625 -0.0835800170898438
0.21661376953125 -0.373626708984375 0.0349273681640625 -0.0462417602539063
0.331512451171875 -0.27130126953125 -0.00479888916015623 -0.0471839904785156
0.4493408203125 -0.019195556640625 -0.0714569091796875 -0.0108642578125
0.382781982421875 0.25506591796875 -0.0704803466796875 -0.0854339599609375
0.0388793945312501 0.522064208984375 -0.0361785888671875 -0.229110717773437
-0.23895263671875 0.544097900390625 0.1220703125 -0.28558349609375
-0.43017578125 0.38580322265625 0.326141357421875 -0.2469482421875
-0.428131103515625 0.46051025390625 -0.150619506835938 0.038970947265625
-0.16900634765625 0.542572021484375 -0.0659332275390625 0.119369506835938
0.12896728515625 0.523834228515625 0.0117874145507813 0.0875625610351563
0.3961181640625 0.289642333984375 0.0261917114257813 0.0282669067382813
0.42352294921875 0.011474609375 -0.000740051269531221 0.0444679260253906
0.34832763671875 -0.275909423828125 0.021026611328125 0.0279884338378906
0.209869384765625 -0.3624267578125 0.0141124725341797 0.0325164794921875
0.207244873046875 -0.328643798828125 0.00208663940429689 0.0511016845703125
0.236968994140625 -0.374237060546875 -0.00109100341796873 0.0870742797851562
0.344757080078125 -0.268585205078125 -0.0755615234375 0.0615921020507812
0.464202880859375 -0.013824462890625 -0.1500244140625 0.0538787841796875
0.400054931640625 0.258026123046875 -0.132194519042969 -0.0622787475585937
0.0530700683593751 0.5465087890625 -0.06475830078125 -0.19500732421875
-0.23193359375 0.58013916015625 0.0750579833984375 -0.172134399414062
-0.445526123046875 0.42425537109375 0.16015625 -0.1214599609375
-0.35504150390625 0.4415283203125 -0.29254150390625 0.162994384765625
-0.121337890625 0.49560546875 -0.111907958984375 0.217575073242188
0.138702392578125 0.453094482421875 0.00461578369140627 0.102828979492188
0.356781005859375 0.24688720703125 -0.0332145690917969 0.0311832427978516
0.3695068359375 0.0074462890625 -0.0800552368164062 0.0800018310546875
0.310821533203125 -0.239288330078125 -0.0509185791015625 0.1217041015625
0.195343017578125 -0.30853271484375 -0.02935791015625 0.164382934570312
0.193801879882813 -0.280075073242188 -0.02435302734375 0.176254272460938
0.222320556640625 -0.31658935546875 -0.040802001953125 0.208114624023437
0.305999755859375 -0.21484375 -0.1390380859375 0.161514282226563
0.39654541015625 0.007171630859375 -0.211898803710937 0.105819702148437
0.327301025390625 0.228912353515625 -0.177352905273437 -0.0374755859375
0.032806396484375 0.469818115234375 -0.077392578125 -0.14593505859375
-0.20263671875 0.500274658203125 0.0284805297851562 -0.0497817993164062
-0.393646240234375 0.383148193359375 -0.00887298583984377 0.00989341735839846
-0.22808837890625 0.356719970703125 -0.413665771484375 0.27435302734375
-0.0611572265625 0.36968994140625 -0.156494140625 0.299957275390625
0.120849609375 0.306243896484375 -0.00315856933593749 0.11859130859375
0.254119873046875 0.160507202148437 -0.0787887573242187 0.0406951904296875
0.25042724609375 0.002777099609375 -0.135108947753906 0.103790283203125
0.220458984375 -0.164566040039063 -0.108444213867188 0.192794799804688
0.14935302734375 -0.207550048828125 -0.0665283203125 0.266799926757813
0.14990234375 -0.187881469726563 -0.049072265625 0.274063110351563
0.17730712890625 -0.209136962890625 -0.077606201171875 0.29730224609375
0.224227905273438 -0.124130249023437 -0.1873779296875 0.233245849609375
0.265884399414063 0.0348052978515625 -0.248748779296875 0.131011962890625
0.193389892578125 0.171127319335938 -0.199630737304688 -0.0246429443359375
-0.00765991210937502 0.310211181640625 -0.0755691528320313 -0.100830078125
-0.1474609375 0.331268310546875 -0.0140151977539063 0.0490913391113281
-0.279754638671875 0.274261474609375 -0.156326293945313 0.117721557617188
-0.066558837890625 0.2177734375 -0.4967041015625 0.357025146484375
0.00695800781250001 0.194107055664063 -0.193206787109375 0.356689453125
0.09014892578125 0.117630004882812 -0.00550079345703123 0.137504577636719
0.11761474609375 0.0497055053710937 -0.0957260131835938 0.0551223754882812
0.0944671630859375 -0.0047607421875 -0.154541015625 0.11187744140625
0.0953369140625 -0.0653762817382813 -0.140548706054688 0.228134155273437
0.0794296264648438 -0.0745849609375 -0.090118408203125 0.3253173828125
0.0821075439453125 -0.0679702758789063 -0.065521240234375 0.330780029296875
0.103759765625 -0.0742874145507813 -0.109649658203125 0.34368896484375
0.1121826171875 -0.0205764770507813 -0.216445922851562 0.265060424804688
0.104927062988281 0.05401611328125 -0.259857177734375 0.1268310546875
0.0451278686523438 0.0884780883789063 -0.201065063476563 -0.0257110595703125
-0.0355453491210937 0.116523742675781 -0.0648345947265625 -0.0718307495117187
-0.064239501953125 0.12518310546875 -0.0445556640625 0.106666564941406
-0.120231628417969 0.130363464355469 -0.256393432617188 0.18731689453125
-0.0907821655273438 -0.00263214111328124 0.243743896484375 -0.269515991210938
-0.0361557006835938 0.0847702026367188 0.053802490234375 -0.143081665039063
0.0458984375 0.0833816528320312 0.0255355834960938 0.0624198913574219
0.0753936767578125 0.0096282958984375 0.187744140625 0.0542144775390625
0.0686988830566406 -0.0428886413574219 0.246627807617188 -0.0768585205078125
0.0168685913085938 -0.075408935546875 0.205215454101563 -0.261993408203125
-0.01739501953125 -0.0848846435546875 0.109466552734375 -0.3692626953125
-0.0119895935058594 -0.0654487609863281 0.062652587890625 -0.342926025390625
-0.0118904113769531 -0.0673294067382812 0.08905029296875 -0.314117431640625
0.0340843200683594 -0.05303955078125 0.148666381835938 -0.2408447265625
0.0587577819824219 -0.00103759765625 0.128196716308594 -0.131744384765625
0.0331268310546875 0.0551033020019531 0.0802841186523438 -0.0878982543945313
-0.0439262390136719 0.0493621826171875 0.0484466552734375 -0.189849853515625
-0.0872802734375 0.00830078125000001 0.192352294921875 -0.38427734375
-0.0491142272949219 -0.0504608154296875 0.57806396484375 -0.37298583984375
-0.254074096679688 0.165603637695313 0.213897705078125 -0.246551513671875
-0.110626220703125 0.256942749023438 0.0497512817382812 -0.122726440429688
0.056610107421875 0.259201049804688 0.0178604125976563 0.0587310791015625
0.191207885742188 0.120529174804688 0.161834716796875 0.051025390625
0.208969116210938 -0.0240936279296875 0.212173461914063 -0.0501251220703125
0.143341064453125 -0.165740966796875 0.192413330078125 -0.222305297851563
0.064178466796875 -0.21502685546875 0.10565185546875 -0.323394775390625
0.067535400390625 -0.18798828125 0.058746337890625 -0.29998779296875
0.079345703125 -0.20843505859375 0.0834197998046875 -0.2667236328125
0.159988403320313 -0.153427124023438 0.116928100585938 -0.21002197265625
0.224899291992188 -0.01104736328125 0.0818557739257813 -0.107872009277344
0.175460815429688 0.14288330078125 0.0477981567382813 -0.0960540771484375
-0.0221405029296875 0.24237060546875 0.027587890625 -0.2176513671875
-0.161376953125 0.22259521484375 0.187530517578125 -0.393096923828125
-0.214859008789063 0.123672485351563 0.55126953125 -0.38482666015625
-0.37554931640625 0.3109130859375 0.127944946289063 -0.182479858398438
-0.164947509765625 0.405914306640625 0.0238113403320312 -0.0670547485351562
0.0745849609375 0.4068603515625 0.0156936645507812 0.0620841979980469
0.292755126953125 0.216461181640625 0.129608154296875 0.0420074462890625
0.328460693359375 -0.00653076171875 0.158660888671875 -0.0229644775390625
0.251495361328125 -0.236495971679687 0.154922485351563 -0.158843994140625
0.134857177734375 -0.314727783203125 0.087371826171875 -0.233352661132813
0.135833740234375 -0.283203125 0.044219970703125 -0.209335327148438
0.157012939453125 -0.319671630859375 0.0644378662109375 -0.17401123046875
0.262054443359375 -0.234375 0.0621185302734375 -0.143768310546875
0.3642578125 -0.02349853515625 0.0110893249511719 -0.06683349609375
0.303009033203125 0.209320068359375 -0.00559997558593747 -0.098388671875
0.012481689453125 0.412841796875 -0.00425720214843751 -0.236190795898437
-0.21142578125 0.416015625 0.162200927734375 -0.36395263671875
-0.34893798828125 0.282867431640625 0.46295166015625 -0.342193603515625
-0.435333251953125 0.418792724609375 0.000953674316406229 -0.0856475830078125
-0.1812744140625 0.509552001953125 -0.014979362487793 0.016108512878418
0.105194091796875 0.505615234375 0.0162277221679688 0.0723419189453125
0.374114990234375 0.27349853515625 0.0851898193359375 0.0318069458007813
0.40863037109375 0.001861572265625 0.0846710205078125 0.0084381103515625
0.323760986328125 -0.27984619140625 0.0957183837890625 -0.0744171142578125
0.183807373046875 -0.37066650390625 0.0556411743164063 -0.110435485839844
0.183441162109375 -0.3358154296875 0.0240402221679688 -0.0874557495117188
0.20989990234375 -0.3824462890625 0.0367164611816406 -0.0505638122558594
0.325408935546875 -0.28082275390625 -0.0058021545410156 -0.0478935241699219
0.453369140625 -0.03082275390625 -0.0693244934082031 -0.00814819335937499
0.3927001953125 0.24896240234375 -0.070068359375 -0.0873336791992187
0.04840087890625 0.527374267578125 -0.038665771484375 -0.2288818359375
-0.231536865234375 0.551177978515625 0.123443603515625 -0.287841796875
-0.430999755859375 0.394012451171875 0.326873779296875 -0.247955322265625
-0.426544189453125 0.468292236328125 -0.144241333007813 0.034759521484375
-0.16357421875 0.548797607421875 -0.0592575073242188 0.115432739257813
0.13519287109375 0.5262451171875 0.0151596069335938 0.085418701171875
0.4073486328125 0.282135009765625 0.0281658172607422 0.0269813537597656
0.4293212890625 0.0037841796875 -0.000171661376953101 0.0441665649414063
0.344085693359375 -0.28759765625 0.0235652923583985 0.0237693786621094
0.202972412109375 -0.372589111328125 0.0150260925292969 0.0285263061523437
0.201690673828125 -0.3369140625 -0.000217437744140616 0.047698974609375
0.230133056640625 -0.38446044921875 0.00222778320312501 0.0833740234375
0.338775634765625 -0.276397705078125 -0.0751724243164062 0.0619277954101562
0.46881103515625 -0.026885986328125 -0.147369384765625 0.057464599609375
0.40740966796875 0.2518310546875 -0.131027221679687 -0.0626754760742188
0.0623779296875 0.55218505859375 -0.0657958984375 -0.194534301757812
-0.2254638671875 0.5869140625 0.0771331787109375 -0.171371459960938
-0.4478759765625 0.43365478515625 0.161590576171875 -0.118881225585937
-0.355224609375 0.448486328125 -0.287811279296875 0.163604736328125
-0.11968994140625 0.502593994140625 -0.105484008789063 0.216888427734375
0.1446533203125 0.458831787109375 0.00905609130859377 0.101631164550781
0.368896484375 0.24151611328125 -0.0309276580810547 0.0306911468505859
0.376312255859375 0.000457763671875 -0.0788345336914062 0.0807571411132813
0.3076171875 -0.24957275390625 -0.0481796264648437 0.118804931640625
0.19024658203125 -0.31817626953125 -0.0264739990234375 0.1624755859375
0.18988037109375 -0.28924560546875 -0.0247650146484375 0.174560546875
0.217987060546875 -0.326507568359375 -0.03582763671875 0.205551147460937
0.303466796875 -0.223175048828125 -0.136871337890625 0.16363525390625
0.40081787109375 -0.003570556640625 -0.209060668945312 0.110092163085937
0.33514404296875 0.224884033203125 -0.175857543945312 -0.03765869140625
0.039398193359375 0.473876953125 -0.07818603515625 -0.145721435546875
-0.197296142578125 0.50726318359375 0.0302467346191406 -0.0470657348632812
-0.39886474609375 0.390777587890625 -0.00687694549560549 0.0159425735473633
-0.23004150390625 0.36077880859375 -0.410552978515625 0.279327392578125
-0.061492919921875 0.376953125 -0.15155029296875 0.30291748046875
0.12359619140625 0.311248779296875 0.000617980957031269 0.11798095703125
0.263702392578125 0.157379150390625 -0.0768280029296875 0.041595458984375
0.256378173828125 -0.001312255859375 -0.133842468261719 0.1053466796875
0.218521118164063 -0.173675537109375 -0.105636596679687 0.191726684570313
0.146316528320313 -0.215682983398438 -0.06195068359375 0.268173217773438
0.147613525390625 -0.19512939453125 -0.0470123291015625 0.275527954101563
0.174468994140625 -0.21868896484375 -0.0728759765625 0.296875
0.223220825195313 -0.131668090820313 -0.1837158203125 0.235244750976562
0.270553588867188 0.0271453857421875 -0.24578857421875 0.13519287109375
0.20050048828125 0.169677734375 -0.198257446289063 -0.0236358642578125
-0.00280761718750001 0.314361572265625 -0.076934814453125 -0.101776123046875
-0.144805908203125 0.336090087890625 -0.0127334594726563 0.0536346435546875
-0.285308837890625 0.280364990234375 -0.155471801757813 0.128036499023438
-0.069305419921875 0.218048095703125 -0.49481201171875 0.3663330078125
0.00498962402343749 0.199615478515625 -0.18865966796875 0.36285400390625
0.0902328491210938 0.120681762695313 -0.00177001953124999 0.137504577636719
0.122917175292969 0.0483551025390625 -0.0940399169921875 0.0570831298828125
0.0992889404296875 -0.00559234619140625 -0.153366088867188 0.1138916015625
0.0963897705078125 -0.0697708129882813 -0.1383056640625 0.229461669921875
0.0789337158203125 -0.0793685913085938 -0.08526611328125 0.3287353515625
0.0826797485351563 -0.0729904174804688 -0.06353759765625 0.333251953125
0.103652954101563 -0.0808181762695313 -0.103851318359375 0.34588623046875
0.112968444824219 -0.0257568359375 -0.212265014648438 0.268844604492187
0.109642028808594 0.0503387451171875 -0.257232666015625 0.130462646484375
0.048797607421875 0.0897750854492187 -0.200653076171875 -0.023162841796875
-0.032470703125 0.119422912597656 -0.0655517578125 -0.0714797973632812
-0.0651092529296875 0.127723693847656 -0.04486083984375 0.112045288085938
-0.126472473144531 0.134178161621094 -0.256851196289063 0.199188232421875
-0.0897598266601562 -0.00123596191406251 0.243377685546875 -0.2879638671875
-0.031829833984375 0.08203125 0.0538177490234375 -0.153305053710938
0.0477981567382812 0.079803466796875 0.0266609191894531 0.0623855590820313
0.0728836059570312 0.008758544921875 0.191635131835938 0.049957275390625
0.0662460327148438 -0.04443359375 0.24786376953125 -0.0848388671875
0.0133743286132813 -0.07623291015625 0.200927734375 -0.27154541015625
-0.021820068359375 -0.0843887329101563 0.0987548828125 -0.380767822265625
-0.0164680480957031 -0.0629539489746094 0.053375244140625 -0.35260009765625
-0.0160560607910156 -0.0646743774414063 0.0831298828125 -0.32391357421875
0.0293998718261719 -0.0541801452636719 0.145477294921875 -0.249435424804688
0.057861328125 -0.00421524047851563 0.127418518066406 -0.137100219726563
0.0341911315917969 0.0533905029296875 0.0790634155273438 -0.0922775268554688
-0.0423965454101563 0.0511894226074219 0.04443359375 -0.194183349609375
-0.0842514038085937 0.011474609375 0.186920166015625 -0.399658203125
-0.0471572875976563 -0.0511093139648438 0.578857421875 -0.39984130859375
-0.25244140625 0.175399780273438 0.216171264648437 -0.26544189453125
-0.103469848632812 0.2591552734375 0.05120849609375 -0.133308410644531
0.0634307861328125 0.2601318359375 0.0192794799804687 0.0581512451171875
0.194869995117188 0.118057250976562 0.165725708007813 0.0460662841796875
0.210617065429687 -0.0304107666015625 0.213409423828125 -0.0568389892578125
0.13824462890625 -0.17340087890625 0.18951416015625 -0.232315063476563
0.0555877685546875 -0.220703125 0.097412109375 -0.334808349609375
0.061065673828125 -0.192626953125 0.049041748046875 -0.30908203125
0.0710601806640625 -0.21417236328125 0.077484130859375 -0.276947021484375
0.154144287109375 -0.161834716796875 0.112930297851563 -0.217544555664063
0.228347778320313 -0.0215911865234375 0.0815505981445313 -0.111549377441406
0.183883666992188 0.137802124023438 0.0454483032226563 -0.100746154785156
-0.013885498046875 0.2498779296875 0.02264404296875 -0.22235107421875
-0.153610229492187 0.233810424804688 0.183837890625 -0.408416748046875
-0.213470458984375 0.133056640625 0.552581787109375 -0.409027099609375
-0.37298583984375 0.327423095703125 0.130615234375 -0.198196411132812
-0.154144287109375 0.41259765625 0.0279083251953125 -0.0763320922851562
0.08624267578125 0.412811279296875 0.0179901123046875 0.0617256164550781
0.303680419921875 0.208831787109375 0.132972717285156 0.0381927490234375
0.333709716796875 -0.016937255859375 0.160247802734375 -0.0282745361328125
0.24627685546875 -0.250503540039063 0.153488159179688 -0.168777465820313
0.124481201171875 -0.327362060546875 0.080169677734375 -0.24334716796875
0.12713623046875 -0.292999267578125 0.0367889404296875 -0.216690063476563
0.146240234375 -0.332977294921875 0.0616912841796875 -0.182830810546875
0.256072998046875 -0.247940063476563 0.058868408203125 -0.147705078125
0.370635986328125 -0.039764404296875 0.01251220703125 -0.0671463012695313
0.3172607421875 0.202850341796875 -0.00817871093749998 -0.101921081542969
0.0262451171875 0.422943115234375 -0.010162353515625 -0.238662719726563
-0.200164794921875 0.433380126953125 0.160064697265625 -0.37750244140625
-0.3480224609375 0.299957275390625 0.46368408203125 -0.360870361328125
-0.431854248046875 0.43621826171875 0.00376129150390622 -0.094390869140625
-0.17071533203125 0.521331787109375 -0.00873184204101564 0.0104179382324219
0.11993408203125 0.512939453125 0.01904296875 0.0710601806640625
0.39068603515625 0.264862060546875 0.0884475708007813 0.0288925170898438
0.417266845703125 -0.0115966796875 0.086273193359375 0.00620269775390625
0.317108154296875 -0.297576904296875 0.0958023071289063 -0.0822677612304688
0.17218017578125 -0.387664794921875 0.0523910522460938 -0.117271423339844
0.17413330078125 -0.349456787109375 0.0189895629882813 -0.0921707153320313
0.198333740234375 -0.398529052734375 0.037200927734375 -0.0575904846191407
0.319488525390625 -0.296966552734375 -0.00658798217773435 -0.048614501953125
0.462158203125 -0.050506591796875 -0.0683212280273437 -0.00499725341796875
0.40936279296875 0.238677978515625 -0.0731964111328125 -0.0902023315429687
0.06573486328125 0.539398193359375 -0.0443115234375 -0.231704711914062
-0.21807861328125 0.57122802734375 0.122283935546875 -0.2952880859375
-0.43182373046875 0.41534423828125 0.329559326171875 -0.25921630859375
-0.423736572265625 0.48919677734375 -0.141342163085938 0.0328826904296875
-0.1531982421875 0.563720703125 -0.0518646240234375 0.114906311035156
0.15386962890625 0.536224365234375 0.019500732421875 0.0848541259765625
0.426727294921875 0.2733154296875 0.0313529968261719 0.0257892608642578
0.4404296875 -0.011322021484375 0.0017814636230469 0.0449142456054688
0.33843994140625 -0.306060791015625 0.0255546569824219 0.0187835693359375
0.192291259765625 -0.39031982421875 0.0154266357421875 0.0250186920166015
0.193695068359375 -0.353424072265625 -0.00202560424804687 0.0462913513183594
0.220458984375 -0.402923583984375 0.00554656982421876 0.080596923828125
0.334381103515625 -0.29461669921875 -0.0745773315429687 0.0653457641601562
0.47698974609375 -0.046356201171875 -0.145538330078125 0.0643463134765625
0.4259033203125 0.2427978515625 -0.134513854980469 -0.0632476806640625
0.08050537109375 0.56402587890625 -0.071624755859375 -0.196380615234375
-0.2125244140625 0.6064453125 0.0776214599609375 -0.174957275390625
-0.450653076171875 0.455810546875 0.164398193359375 -0.121826171875
-0.353424072265625 0.467529296875 -0.285125732421875 0.171142578125
-0.10931396484375 0.51751708984375 -0.09747314453125 0.221694946289063
0.16082763671875 0.467926025390625 0.0143585205078125 0.100975036621094
0.387359619140625 0.231658935546875 -0.0290756225585937 0.0308685302734375
0.386260986328125 -0.013031005859375 -0.077911376953125 0.0844268798828125
0.3028564453125 -0.268829345703125 -0.0447769165039062 0.118003845214844
0.182037353515625 -0.334503173828125 -0.0223236083984375 0.162796020507812
0.18408203125 -0.303375244140625 -0.0237274169921875 0.177001953125
0.210906982421875 -0.344696044921875 -0.02960205078125 0.206573486328125
0.30023193359375 -0.239898681640625 -0.134384155273437 0.170120239257812
0.410186767578125 -0.020660400390625 -0.2073974609375 0.118789672851562
0.351318359375 0.218719482421875 -0.179443359375 -0.0351104736328125
0.054046630859375 0.484588623046875 -0.083953857421875 -0.146957397460937
-0.18743896484375 0.52313232421875 0.0328559875488281 -0.0460205078125
-0.402008056640625 0.40924072265625 -0.00482559204101565 0.0213775634765625
-0.229461669921875 0.37451171875 -0.40838623046875 0.2957763671875
-0.0550537109375 0.390228271484375 -0.142974853515625 0.312652587890625
0.134979248046875 0.319366455078125 0.00749206542968751 0.118743896484375
0.278594970703125 0.150711059570313 -0.0752029418945313 0.0440292358398437
0.265487670898438 -0.01123046875 -0.132553100585937 0.111976623535156
0.216842651367188 -0.187408447265625 -0.101776123046875 0.195022583007813
0.141372680664063 -0.227890014648438 -0.0546875 0.273696899414063
0.143875122070313 -0.207611083984375 -0.0423583984375 0.2821044921875
0.1697998046875 -0.234466552734375 -0.06451416015625 0.302459716796875
0.222763061523438 -0.144561767578125 -0.179718017578125 0.24365234375
0.278244018554688 0.0154876708984375 -0.244720458984375 0.144546508789062
0.211563110351563 0.166610717773438 -0.202239990234375 -0.0193939208984375
0.00640869140625002 0.32269287109375 -0.0814895629882813 -0.10137939453125
-0.140228271484375 0.348297119140625 -0.00893783569335939 0.0585098266601563
-0.29144287109375 0.29571533203125 -0.152694702148438 0.140625
-0.0698089599609375 0.224105834960938 -0.49407958984375 0.387481689453125
0.00642395019531248 0.2080078125 -0.18011474609375 0.377349853515625
0.09283447265625 0.125862121582031 0.00420379638671874 0.138755798339844
0.130538940429688 0.045684814453125 -0.0922698974609375 0.0598678588867188
0.104507446289063 -0.00994110107421875 -0.152755737304687 0.11932373046875
0.0965576171875 -0.0760345458984375 -0.134674072265625 0.2354736328125
0.077880859375 -0.0861434936523438 -0.077056884765625 0.338287353515625
0.0824432373046875 -0.08087158203125 -0.055419921875 0.342803955078125
0.103614807128906 -0.089569091796875 -0.0941162109375 0.354339599609375
0.115127563476563 -0.0329666137695313 -0.206649780273438 0.277603149414062
0.114921569824219 0.0457611083984375 -0.255706787109375 0.141311645507812
0.0561447143554688 0.0905380249023437 -0.203628540039063 -0.01837158203125
-0.028839111328125 0.124282836914063 -0.0696792602539063 -0.0709762573242187
-0.0652542114257813 0.133438110351563 -0.0428009033203125 0.119583129882813
-0.132308959960938 0.141998291015625 -0.256134033203125 0.217453002929687
-0.0881729125976562 0.00241088867187502 0.23480224609375 -0.310882568359375
-0.0257415771484375 0.079132080078125 0.0484771728515625 -0.163955688476563
0.0509567260742188 0.0759811401367188 0.0298652648925781 0.0615730285644531
0.0714569091796875 0.0070343017578125 0.195236206054688 0.0404205322265625
0.0626869201660156 -0.04656982421875 0.244842529296875 -0.097991943359375
0.00788116455078124 -0.0761566162109375 0.1885986328125 -0.283294677734375
-0.0290374755859375 -0.0821609497070313 0.078704833984375 -0.3900146484375
-0.0208892822265625 -0.0596885681152344 0.03607177734375 -0.3603515625
-0.0208702087402344 -0.0613937377929688 0.0677490234375 -0.332794189453125
0.0245208740234375 -0.0542259216308594 0.133697509765625 -0.259307861328125
0.0564956665039062 -0.00889205932617188 0.121994018554688 -0.145111083984375
0.0365638732910156 0.0504188537597656 0.0742568969726563 -0.0976181030273438
-0.0393104553222656 0.0531730651855469 0.0354461669921875 -0.19830322265625
-0.0802688598632813 0.0157699584960937 0.168487548828125 -0.4176025390625
-0.0458831787109375 -0.0498428344726563 0.5640869140625 -0.432861328125
-0.244140625 0.187820434570312 0.209197998046875 -0.287384033203125
-0.0897064208984375 0.260696411132813 0.0490570068359375 -0.14398193359375
0.075439453125 0.257614135742188 0.0226402282714844 0.0568008422851563
0.200576782226563 0.10858154296875 0.168975830078125 0.0375518798828125
0.208709716796875 -0.04095458984375 0.21197509765625 -0.068359375
0.12725830078125 -0.18194580078125 0.179443359375 -0.244598388671875
0.0411834716796875 -0.226242065429688 0.080047607421875 -0.34503173828125
0.049530029296875 -0.195510864257813 0.032501220703125 -0.315826416015625
0.058135986328125 -0.2196044921875 0.065338134765625 -0.2864990234375
0.143661499023438 -0.170272827148438 0.103225708007813 -0.225357055664063
0.22796630859375 -0.0373077392578125 0.0782318115234375 -0.116409301757813
0.192855834960938 0.127426147460938 0.0402984619140625 -0.105003356933594
9.15527343750096E-05 0.254364013671875 0.0119476318359375 -0.225357055664063
-0.139968872070313 0.245010375976563 0.165618896484375 -0.425048828125
-0.206695556640625 0.145675659179688 0.53802490234375 -0.440704345703125
-0.36151123046875 0.3477783203125 0.12738037109375 -0.214981079101563
-0.134735107421875 0.419036865234375 0.028717041015625 -0.085662841796875
0.10565185546875 0.4119873046875 0.022430419921875 0.0599746704101563
0.317047119140625 0.1942138671875 0.136154174804688 0.0301513671875
0.335845947265625 -0.03448486328125 0.159866333007813 -0.035491943359375
0.23040771484375 -0.266647338867188 0.146347045898438 -0.180343627929688
0.104827880859375 -0.33831787109375 0.0673065185546875 -0.253097534179688
0.111053466796875 -0.302337646484375 0.023284912109375 -0.222412109375
0.127105712890625 -0.3446044921875 0.053924560546875 -0.191848754882813
0.242141723632812 -0.264419555664062 0.0519866943359375 -0.151458740234375
0.37091064453125 -0.06396484375 0.01116943359375 -0.0674552917480469
0.332794189453125 0.1861572265625 -0.0141525268554687 -0.105033874511719
0.049774169921875 0.42950439453125 -0.0214080810546875 -0.240570068359375
-0.177215576171875 0.450286865234375 0.145965576171875 -0.38958740234375
-0.33807373046875 0.321319580078125 0.45294189453125 -0.38751220703125
-0.415924072265625 0.4613037109375 0.00454711914062497 -0.103607177734375
-0.146759033203125 0.534149169921875 -0.00373578071594239 0.0043737888336182
0.146820068359375 0.51385498046875 0.0248489379882813 0.0689125061035157
0.408782958984375 0.24554443359375 0.0912094116210938 0.0225982666015625
0.421234130859375 -0.0345458984375 0.0874176025390625 0.00218963623046875
0.2999267578125 -0.320159912109375 0.092315673828125 -0.0916748046875
0.15118408203125 -0.401824951171875 0.0454788208007813 -0.124778747558594
0.156158447265625 -0.362213134765625 0.011810302734375 -0.0952529907226563
0.17584228515625 -0.415863037109375 0.035400390625 -0.0646781921386719
0.30413818359375 -0.317596435546875 -0.00919723510742185 -0.0479736328125
0.463165283203125 -0.081878662109375 -0.0664443969726562 -0.000926971435546883
0.428375244140625 0.217376708984375 -0.0791091918945312 -0.0890426635742187
0.0937499999999999 0.545867919921875 -0.0551910400390625 -0.230636596679687
-0.19024658203125 0.59051513671875 0.112274169921875 -0.305328369140625
-0.420074462890625 0.443359375 0.3214111328125 -0.27655029296875
-0.40911865234375 0.511993408203125 -0.136543273925781 0.0340423583984375
-0.12786865234375 0.57781982421875 -0.0419235229492188 0.113517761230469
0.1817626953125 0.53839111328125 0.0257339477539063 0.0823135375976563
0.44671630859375 0.250030517578125 0.0338630676269532 0.021728515625
0.445098876953125 -0.036285400390625 0.00481033325195315 0.0457687377929688
0.32177734375 -0.3310546875 0.0263557434082031 0.0130767822265625
0.17144775390625 -0.407928466796875 0.0160846710205078 0.0212879180908203
0.1748046875 -0.369049072265625 -0.00274658203124999 0.04608154296875
0.19677734375 -0.42352294921875 0.0105133056640625 0.0767059326171875
0.319305419921875 -0.317413330078125 -0.0716781616210937 0.0699996948242187
0.479339599609375 -0.0772705078125 -0.140914916992187 0.0724945068359375
0.444000244140625 0.22210693359375 -0.139663696289062 -0.05902099609375
0.10980224609375 0.5692138671875 -0.0815277099609375 -0.1934814453125
-0.1845703125 0.624755859375 0.07391357421875 -0.179397583007812
-0.4381103515625 0.4842529296875 0.162765502929687 -0.128555297851562
-0.33905029296875 0.4886474609375 -0.2757568359375 0.182723999023437
-0.0881042480468749 0.530853271484375 -0.0832977294921875 0.226226806640625
0.1859130859375 0.470977783203125 0.0220794677734375 0.0989456176757813
0.40673828125 0.210479736328125 -0.0258369445800781 0.0310859680175781
0.392852783203125 -0.035430908203125 -0.0729827880859375 0.089324951171875
0.289337158203125 -0.290313720703125 -0.0395736694335937 0.117111206054688
0.163116455078125 -0.352386474609375 -0.0147705078125 0.163406372070312
0.168060302734375 -0.3187255859375 -0.0174407958984375 0.180282592773437
0.19110107421875 -0.365081787109375 -0.01885986328125 0.207000732421875
0.28851318359375 -0.2598876953125 -0.126708984375 0.1781005859375
0.413421630859375 -0.047210693359375 -0.2008056640625 0.130645751953125
0.3671875 0.2021484375 -0.183731079101562 -0.029083251953125
0.07904052734375 0.48876953125 -0.0916595458984375 -0.143447875976562
-0.163970947265625 0.5391845703125 0.03424072265625 -0.0465621948242187
-0.392242431640625 0.43658447265625 -0.00107574462890627 0.0260372161865235
-0.218658447265625 0.389495849609375 -0.396240234375 0.317413330078125
-0.0391845703125 0.400115966796875 -0.125579833984375 0.323883056640625
0.15185546875 0.322265625 0.0145263671875 0.118293762207031
0.292724609375 0.13604736328125 -0.0715560913085937 0.04656982421875
0.271163940429687 -0.02667236328125 -0.127830505371094 0.119468688964844
0.208770751953125 -0.203338623046875 -0.0936431884765625 0.198654174804687
0.1295166015625 -0.241470336914062 -0.041351318359375 0.2779541015625
0.134017944335938 -0.2208251953125 -0.0306396484375 0.286834716796875
0.157669067382813 -0.250289916992188 -0.04974365234375 0.306304931640625
0.217071533203125 -0.161285400390625 -0.168930053710938 0.25469970703125
0.282958984375 -0.002105712890625 -0.237503051757812 0.158645629882812
0.224395751953125 0.157470703125 -0.2044677734375 -0.0111236572265625
0.023468017578125 0.327362060546875 -0.0872421264648438 -0.0977401733398437
-0.12548828125 0.35931396484375 -0.0047607421875 0.0621757507324219
-0.28509521484375 0.315399169921875 -0.145782470703125 0.154632568359375
-0.064971923828125 0.228347778320313 -0.48162841796875 0.417938232421875
0.0134124755859375 0.213851928710937 -0.1627197265625 0.392608642578125
0.099456787109375 0.127464294433594 0.01226806640625 0.139083862304688
0.136749267578125 0.0389404296875 -0.0888748168945313 0.06365966796875
0.108718872070313 -0.0160140991210938 -0.148269653320313 0.128570556640625
0.0941009521484375 -0.0843276977539063 -0.124908447265625 0.241943359375
0.0741806030273438 -0.0937271118164062 -0.060791015625 0.34503173828125
0.0788726806640625 -0.0891647338867187 -0.039642333984375 0.349822998046875
0.098968505859375 -0.100288391113281 -0.076904296875 0.36224365234375
0.114822387695313 -0.0428543090820313 -0.19403076171875 0.290374755859375
0.120208740234375 0.0372314453125 -0.249542236328125 0.155502319335938
0.0636672973632813 0.0884246826171875 -0.206146240234375 -0.00872802734374995
-0.0225601196289063 0.1282958984375 -0.0750656127929688 -0.0678329467773437
-0.0614776611328125 0.139755249023438 -0.0361328125 0.126731872558594
-0.132156372070313 0.152389526367188 -0.247802734375 0.239395141601562
-0.08447265625 0.0064239501953125 0.217926025390625 -0.327362060546875
-0.0206832885742187 0.0739059448242187 0.0407562255859375 -0.171646118164063
0.0529518127441406 0.0693817138671875 0.0326652526855469 0.0584030151367188
0.0691452026367188 0.00503158569335938 0.194320678710938 0.02886962890625
0.0581207275390625 -0.0473098754882813 0.235397338867188 -0.109542846679688
0.0016632080078125 -0.0748977661132813 0.1707763671875 -0.28857421875
-0.0352401733398437 -0.0771560668945313 0.05560302734375 -0.39080810546875
-0.0246162414550781 -0.0551261901855469 0.015594482421875 -0.359161376953125
-0.0247993469238281 -0.0569839477539063 0.048797607421875 -0.33428955078125
0.0184783935546875 -0.0526885986328125 0.118560791015625 -0.263259887695313
0.0529060363769531 -0.0130538940429687 0.113128662109375 -0.15008544921875
0.0382270812988281 0.0460166931152344 0.067901611328125 -0.100517272949219
-0.0346794128417969 0.0533638000488281 0.0239715576171875 -0.197921752929688
-0.0740585327148437 0.0196151733398437 0.1434326171875 -0.423309326171875
-0.0448074340820312 -0.0479660034179688 0.532806396484375 -0.45953369140625
-0.229888916015625 0.197891235351563 0.194854736328125 -0.30322265625
-0.0740966796875 0.256881713867188 0.043487548828125 -0.152297973632812
0.0871124267578125 0.249282836914063 0.0259628295898438 0.0537261962890625
0.201873779296875 0.0968170166015625 0.169082641601563 0.026641845703125
0.202911376953125 -0.050994873046875 0.205459594726563 -0.0777587890625
0.11285400390625 -0.186813354492188 0.163299560546875 -0.251922607421875
0.0253143310546875 -0.224884033203125 0.05792236328125 -0.346893310546875
0.036651611328125 -0.19415283203125 0.013519287109375 -0.314727783203125
0.04241943359375 -0.219390869140625 0.04931640625 -0.289886474609375
0.129135131835938 -0.175384521484375 0.0899658203125 -0.227996826171875
0.220718383789063 -0.05206298828125 0.0716934204101563 -0.119163513183594
0.197540283203125 0.113479614257813 0.0334701538085938 -0.106483459472656
0.0165252685546875 0.252593994140625 0.000640869140624987 -0.22283935546875
-0.120925903320312 0.250747680664063 0.142608642578125 -0.431243896484375
-0.194961547851563 0.155349731445313 0.50933837890625 -0.4639892578125
-0.33807373046875 0.361480712890625 0.117874145507812 -0.2279052734375
-0.111297607421875 0.415679931640625 0.0273895263671875 -0.0940628051757812
0.12579345703125 0.40118408203125 0.0259208679199219 0.0560646057128907
0.322601318359375 0.172698974609375 0.136260986328125 0.020294189453125
0.328277587890625 -0.052276611328125 0.15606689453125 -0.0435028076171875
0.209182739257813 -0.276885986328125 0.13372802734375 -0.1883544921875
0.0809326171875 -0.340972900390625 0.051055908203125 -0.256149291992188
0.091522216796875 -0.303955078125 0.00889587402343751 -0.2213134765625
0.102386474609375 -0.348876953125 0.042755126953125 -0.195938110351563
0.220993041992188 -0.274154663085938 0.0437164306640625 -0.152008056640625
0.36090087890625 -0.087860107421875 0.00861358642578128 -0.0673561096191406
0.339263916015625 0.164093017578125 -0.0205612182617187 -0.103225708007812
0.0745849609375 0.424407958984375 -0.032623291015625 -0.235671997070312
-0.1478271484375 0.4560546875 0.125244140625 -0.3956298828125
-0.317474365234375 0.33709716796875 0.4281005859375 -0.406280517578125
-0.390106201171875 0.476898193359375 0.00363159179687499 -0.110565185546875
-0.117523193359375 0.530670166015625 0.000882863998413079 -0.00283074378967282
0.172119140625 0.50189208984375 0.0303497314453125 0.0641365051269532
0.416595458984375 0.217864990234375 0.0920867919921875 0.0153045654296875
0.41558837890625 -0.0582275390625 0.087982177734375 -0.00226593017578125
0.27459716796875 -0.333404541015625 0.0863494873046875 -0.09918212890625
0.12249755859375 -0.407745361328125 0.0364608764648438 -0.12969970703125
0.131927490234375 -0.368011474609375 0.0038299560546875 -0.09454345703125
0.145843505859375 -0.42279052734375 0.0309715270996094 -0.0698204040527344
0.2789306640625 -0.33221435546875 -0.0116043090820312 -0.045989990234375
0.450836181640625 -0.110870361328125 -0.0635643005371093 0.0029487609863281
0.435333251953125 0.1915283203125 -0.0837478637695312 -0.0840682983398438
0.123565673828125 0.538543701171875 -0.065948486328125 -0.224380493164062
-0.15557861328125 0.59521484375 0.0987548828125 -0.30853271484375
-0.39404296875 0.461639404296875 0.305206298828125 -0.290191650390625
-0.37896728515625 0.5257568359375 -0.128990173339844 0.0347366333007813
-0.09674072265625 0.57501220703125 -0.0314178466796875 0.108932495117188
0.210113525390625 0.52606201171875 0.0319366455078125 0.078125
0.455413818359375 0.219573974609375 0.0362396240234375 0.0177421569824219
0.439605712890625 -0.0625 0.00896072387695315 0.0450820922851562
0.296356201171875 -0.34832763671875 0.0262451171875 0.00700187683105466
0.142913818359375 -0.415740966796875 0.0156631469726563 0.016794204711914
0.1512451171875 -0.37542724609375 -0.00284576416015624 0.0465583801269531
0.167755126953125 -0.432861328125 0.0139617919921875 0.071258544921875
0.29443359375 -0.33392333984375 -0.0667190551757813 0.0736770629882812
0.468597412109375 -0.1082763671875 -0.132827758789062 0.0791702270507812
0.45111083984375 0.1943359375 -0.141769409179688 -0.052032470703125
0.140899658203125 0.560028076171875 -0.0897369384765624 -0.186264038085937
-0.14837646484375 0.62799072265625 0.067413330078125 -0.181900024414063
-0.410888671875 0.503509521484375 0.1552734375 -0.133956909179687
-0.31365966796875 0.50018310546875 -0.259796142578125 0.191192626953125
-0.059295654296875 0.531036376953125 -0.0659027099609375 0.224929809570312
0.209197998046875 0.462158203125 0.0292205810546875 0.094696044921875
0.41534423828125 0.183441162109375 -0.0221271514892578 0.0300521850585938
0.38885498046875 -0.058868408203125 -0.0656967163085937 0.0927200317382812
0.267242431640625 -0.3060302734375 -0.0334320068359375 0.113548278808594
0.13934326171875 -0.360595703125 -0.00567626953125 0.159454345703125
0.147430419921875 -0.327178955078125 -0.00988769531249997 0.179855346679687
0.163909912109375 -0.375274658203125 -0.00796508789062497 0.201797485351562
0.268264770507813 -0.275344848632813 -0.114532470703125 0.183273315429688
0.40570068359375 -0.072967529296875 -0.188308715820313 0.140457153320312
0.374664306640625 0.17864990234375 -0.183731079101562 -0.019439697265625
0.104705810546875 0.48199462890625 -0.096466064453125 -0.136100769042969
-0.133880615234375 0.542083740234375 0.0349960327148437 -0.0468597412109375
-0.369598388671875 0.455047607421875 0.00205421447753904 0.0282611846923828
-0.2017822265625 0.395782470703125 -0.373199462890625 0.33306884765625
-0.019622802734375 0.401702880859375 -0.103607177734375 0.326019287109375
0.167999267578125 0.316741943359375 0.0228805541992188 0.113639831542969
0.298858642578125 0.1160888671875 -0.0667190551757812 0.0484886169433594
0.269622802734375 -0.0435333251953125 -0.118721008300781 0.12457275390625
0.193283081054688 -0.21514892578125 -0.08203125 0.198471069335938
0.11334228515625 -0.249679565429688 -0.025970458984375 0.275360107421875
0.119781494140625 -0.2281494140625 -0.01611328125 0.285980224609375
0.138687133789063 -0.259841918945313 -0.03204345703125 0.302978515625
0.204269409179688 -0.174301147460938 -0.152023315429687 0.260223388671875
0.27978515625 -0.02130126953125 -0.22332763671875 0.170028686523437
0.231109619140625 0.143234252929688 -0.202972412109375 0.000259399414062501
0.04046630859375 0.32476806640625 -0.0914535522460937 -0.0914535522460937
-0.106048583984375 0.36358642578125 0.00186538696289062 0.0642433166503907
-0.2708740234375 0.329833984375 -0.134628295898438 0.164474487304688
-0.0572509765625 0.229202270507813 -0.4520263671875 0.43780517578125
0.0225830078125 0.214935302734375 -0.1376953125 0.39892578125
0.104927062988281 0.125381469726563 0.02081298828125 0.135482788085938
0.13909912109375 0.0297927856445313 -0.0831527709960937 0.0668563842773438
0.108818054199219 -0.023101806640625 -0.138603210449219 0.134284973144531
0.0886001586914063 -0.0901565551757813 -0.1107177734375 0.24444580078125
0.068511962890625 -0.0998764038085938 -0.039703369140625 0.34423828125
0.07318115234375 -0.0949478149414063 -0.0208740234375 0.349365234375
0.0901870727539063 -0.108146667480469 -0.054718017578125 0.360626220703125
0.111129760742188 -0.0519027709960938 -0.174591064453125 0.296051025390625
0.121833801269531 0.0279922485351563 -0.23553466796875 0.16839599609375
0.0698623657226563 0.0840682983398437 -0.203704833984375 0.00271606445312496
-0.0152664184570313 0.12921142578125 -0.0777816772460938 -0.06170654296875
-0.054840087890625 0.143386840820313 -0.0267257690429688 0.131507873535156
-0.127777099609375 0.1605224609375 -0.2301025390625 0.254135131835938
-0.079193115234375 0.00829315185546874 0.200714111328125 -0.333099365234375
-0.0168647766113281 0.0670738220214844 0.0337066650390625 -0.175003051757813
0.0517692565917969 0.0621337890625 0.0344963073730469 0.0547027587890625
0.0663032531738281 0.00400161743164062 0.189590454101563 0.019561767578125
0.054290771484375 -0.0472869873046875 0.223037719726562 -0.115631103515625
-0.0027313232421875 -0.0715789794921875 0.154327392578125 -0.286224365234375
-0.0385208129882813 -0.07080078125 0.03875732421875 -0.38232421875
-0.0264053344726563 -0.0498313903808594 0.00152587890624998 -0.35101318359375
-0.027313232421875 -0.0519447326660156 0.035186767578125 -0.328582763671875
0.0141487121582031 -0.049957275390625 0.105560302734375 -0.25958251953125
0.0488357543945313 -0.01593017578125 0.1041259765625 -0.1497802734375
0.0375022888183594 0.0412788391113281 0.0616989135742188 -0.100028991699219
-0.0306396484375 0.0523300170898438 0.015838623046875 -0.193206787109375
-0.0670204162597656 0.0212593078613281 0.123016357421875 -0.4208984375
-0.0425186157226563 -0.046142578125 0.501007080078125 -0.46490478515625
-0.216171264648438 0.199188232421875 0.180419921875 -0.310211181640625
-0.0634765625 0.246490478515625 0.0381927490234375 -0.15777587890625
0.092132568359375 0.237747192382812 0.0275611877441406 0.0495758056640625
0.199142456054687 0.087188720703125 0.164993286132813 0.0177764892578125
0.195663452148437 -0.055877685546875 0.196502685546875 -0.0833892822265625
0.0999755859375 -0.185455322265625 0.148757934570313 -0.251541137695313
0.0135345458984375 -0.21771240234375 0.041656494140625 -0.340118408203125
0.0277099609375 -0.188629150390625 0.000183105468750021 -0.307220458984375
0.0306854248046875 -0.213943481445313 0.037353515625 -0.285552978515625
0.11669921875 -0.173858642578125 0.079071044921875 -0.223526000976563
0.210342407226563 -0.061798095703125 0.0660324096679688 -0.11859130859375
0.196014404296875 0.1014404296875 0.027862548828125 -0.105117797851563
0.0270538330078125 0.24658203125 -0.00663757324218751 -0.217544555664062
-0.104446411132812 0.248748779296875 0.1246337890625 -0.428802490234375
-0.183868408203125 0.157699584960937 0.47711181640625 -0.46917724609375
-0.317474365234375 0.3621826171875 0.109420776367187 -0.233840942382812
-0.09271240234375 0.402984619140625 0.0261001586914063 -0.101142883300781
0.13665771484375 0.386138916015625 0.0284080505371094 0.0510406494140625
0.3179931640625 0.1563720703125 0.133155822753906 0.0128402709960938
0.316925048828125 -0.062957763671875 0.15087890625 -0.047821044921875
0.189422607421875 -0.277511596679688 0.122634887695313 -0.19024658203125
0.062530517578125 -0.3343505859375 0.0387420654296875 -0.253616333007812
0.07684326171875 -0.2984619140625 -0.00132751464843748 -0.215362548828125
0.082061767578125 -0.343017578125 0.0334014892578125 -0.195510864257813
0.201278686523438 -0.275360107421875 0.0376739501953125 -0.148590087890625
0.345733642578125 -0.102752685546875 0.0068931579589844 -0.0657501220703125
0.3360595703125 0.145599365234375 -0.0247344970703125 -0.100318908691406
0.089385986328125 0.412567138671875 -0.0394287109375 -0.228195190429687
-0.12408447265625 0.4503173828125 0.110748291015625 -0.391632080078125
-0.299591064453125 0.33990478515625 0.402069091796875 -0.408905029296875
-0.364959716796875 0.47589111328125 0.00254821777343747 -0.115379333496094
-0.098358154296875 0.516510009765625 0.0039682388305664 -0.010807991027832
0.186737060546875 0.483795166015625 0.0324821472167969 0.0589485168457031
0.411285400390625 0.194732666015625 0.0904083251953125 0.00930786132812501
0.4019775390625 -0.072265625 0.0868453979492188 -0.00526428222656251
0.25079345703125 -0.3365478515625 0.0792999267578125 -0.103080749511719
0.100616455078125 -0.403076171875 0.029266357421875 -0.130081176757813
0.113861083984375 -0.362701416015625 -0.00153350830078125 -0.0916290283203125
0.120758056640625 -0.419281005859375 0.0269699096679688 -0.0723114013671875
0.256256103515625 -0.333282470703125 -0.0123443603515625 -0.0438194274902344
0.433746337890625 -0.12744140625 -0.0597610473632812 0.00483322143554686
0.430633544921875 0.169830322265625 -0.0858230590820312 -0.0786666870117187
0.142120361328125 0.521392822265625 -0.070465087890625 -0.215423583984375
-0.12701416015625 0.58563232421875 0.087188720703125 -0.30511474609375
-0.37103271484375 0.465576171875 0.28656005859375 -0.29046630859375
-0.3555908203125 0.524169921875 -0.1212158203125 0.0317459106445313
-0.074127197265625 0.561370849609375 -0.022735595703125 0.100242614746094
0.224456787109375 0.508941650390625 0.0352554321289063 0.0714492797851563
0.451385498046875 0.1951904296875 0.0367889404296875 0.0135002136230469
0.42608642578125 -0.078857421875 0.0120925903320313 0.0435829162597656
0.271575927734375 -0.350250244140625 0.0252494812011719 0.00217628479003904
0.118927001953125 -0.41217041015625 0.0144195556640625 0.0128917694091797
0.133056640625 -0.371307373046875 -0.00280380249023436 0.0457611083984375
0.141082763671875 -0.42938232421875 0.015533447265625 0.0651779174804687
0.271697998046875 -0.336181640625 -0.0608749389648438 0.0741424560546875
0.448944091796875 -0.12615966796875 -0.124259948730469 0.0825271606445312
0.445953369140625 0.171630859375 -0.140945434570312 -0.0446624755859375
0.157379150390625 0.5428466796875 -0.093475341796875 -0.177581787109375
-0.1219482421875 0.61761474609375 0.0619659423828125 -0.180068969726562
-0.387542724609375 0.5057373046875 0.147674560546875 -0.133529663085938
-0.2943115234375 0.49664306640625 -0.243560791015625 0.189849853515625
-0.042083740234375 0.52069091796875 -0.0528411865234375 0.217391967773438
0.22235107421875 0.4473876953125 0.0333709716796875 0.088134765625
0.41168212890625 0.162017822265625 -0.0198497772216797 0.0278167724609375
0.37762451171875 -0.073455810546875 -0.058441162109375 0.0919876098632812
0.245758056640625 -0.310150146484375 -0.0290603637695312 0.10736083984375
0.11865234375 -0.359710693359375 -0.00135803222656249 0.153030395507812
0.13043212890625 -0.325347900390625 -0.0037994384765625 0.176666259765625
0.1407470703125 -0.374176025390625 -0.000442504882812506 0.19366455078125
0.248214721679688 -0.2799072265625 -0.103744506835937 0.181793212890625
0.3900146484375 -0.089630126953125 -0.175857543945313 0.142822265625
0.37164306640625 0.160552978515625 -0.179656982421875 -0.01177978515625
0.11981201171875 0.46856689453125 -0.098480224609375 -0.128807067871094
-0.111541748046875 0.533050537109375 0.0354881286621094 -0.0461959838867187
-0.34967041015625 0.45660400390625 0.00437736511230467 0.0296745300292969
-0.187347412109375 0.392791748046875 -0.350128173828125 0.334197998046875
-0.00665283203125 0.395233154296875 -0.086029052734375 0.3201904296875
0.176727294921875 0.30841064453125 0.0277099609375 0.108261108398438
0.296875 0.100189208984375 -0.0616340637207031 0.0484161376953125
0.262863159179688 -0.05413818359375 -0.108840942382812 0.125785827636719
0.179290771484375 -0.219223022460938 -0.073516845703125 0.192169189453125
0.0985870361328125 -0.250503540039063 -0.015167236328125 0.267547607421875
0.107528686523438 -0.229476928710938 -0.0061187744140625 0.2806396484375
0.121475219726563 -0.260879516601563 -0.02008056640625 0.293701171875
0.18975830078125 -0.17950439453125 -0.137100219726563 0.258392333984375
0.271072387695312 -0.0340728759765625 -0.208633422851562 0.173446655273438
0.231582641601563 0.130203247070313 -0.197433471679687 0.00700378417968753
0.05224609375 0.31671142578125 -0.0915145874023438 -0.0850372314453125
-0.091583251953125 0.358551025390625 0.00649261474609375 0.0640830993652344
-0.25701904296875 0.333526611328125 -0.123123168945313 0.1678466796875
-0.05291748046875 0.22479248046875 -0.42376708984375 0.44189453125
0.0284576416015625 0.212646484375 -0.117523193359375 0.39520263671875
0.107078552246094 0.123672485351563 0.02545166015625 0.129554748535156
0.137619018554688 0.0231475830078125 -0.0772857666015625 0.0676422119140625
0.107215881347656 -0.02752685546875 -0.128753662109375 0.135116577148438
0.08331298828125 -0.0933380126953125 -0.099395751953125 0.239898681640625
0.0626296997070312 -0.102798461914063 -0.02618408203125 0.336456298828125
0.0676422119140625 -0.09796142578125 -0.00723266601562498 0.341064453125
0.0824661254882813 -0.1109619140625 -0.0400390625 0.350982666015625
0.104934692382813 -0.0575408935546875 -0.157806396484375 0.292999267578125
0.120887756347656 0.0208740234375 -0.220535278320313 0.171905517578125
0.0725326538085938 0.0791244506835938 -0.197128295898438 0.010986328125
-0.0102462768554688 0.127845764160156 -0.0782546997070313 -0.0564041137695312
-0.0500030517578125 0.1429443359375 -0.0191726684570313 0.131523132324219
-0.122421264648437 0.1639404296875 -0.212936401367187 0.25909423828125
-0.074920654296875 0.00802612304687502 0.192596435546875 -0.3341064453125
-0.0167160034179687 0.0608787536621094 0.030029296875 -0.178329467773437
0.0488739013671875 0.0575141906738281 0.0348548889160156 0.0518417358398438
0.063934326171875 0.0036773681640625 0.184341430664062 0.015228271484375
0.052032470703125 -0.0463943481445312 0.215316772460937 -0.115524291992187
-0.00558090209960938 -0.0686454772949219 0.1470947265625 -0.280792236328125
-0.0398063659667969 -0.0664443969726563 0.0308837890625 -0.373809814453125
-0.0264892578125 -0.046173095703125 -0.00393676757812499 -0.343505859375
-0.027801513671875 -0.0481758117675781 0.03045654296875 -0.322113037109375
0.01165771484375 -0.0468826293945313 0.0997772216796875 -0.254409790039063
0.0453109741210938 -0.0170059204101563 0.098968505859375 -0.146759033203125
0.036041259765625 0.0382614135742187 0.05859375 -0.0988845825195313
-0.0270881652832031 0.0505332946777344 0.01214599609375 -0.190093994140625
-0.0619354248046875 0.0200920104980469 0.113677978515625 -0.415618896484375
-0.0392990112304688 -0.0457992553710937 0.48291015625 -0.45855712890625
-0.207931518554688 0.195281982421875 0.173248291015625 -0.311798095703125
-0.06103515625 0.235565185546875 0.0352630615234375 -0.1632080078125
0.0915374755859375 0.22967529296875 0.0284271240234375 0.0457000732421875
0.194412231445313 0.0829315185546875 0.160125732421875 0.0132598876953125
0.189773559570313 -0.057159423828125 0.19000244140625 -0.0837249755859375
0.09185791015625 -0.181838989257812 0.140731811523438 -0.247726440429688
0.00779724121093749 -0.211669921875 0.03460693359375 -0.33447265625
0.0243988037109375 -0.182601928710938 -0.00427246093749997 -0.30010986328125
0.023834228515625 -0.207687377929688 0.03277587890625 -0.281341552734375
0.108810424804688 -0.170822143554687 0.0754852294921875 -0.21868896484375
0.202072143554688 -0.064849853515625 0.0623703002929688 -0.115959167480469
0.192611694335938 0.09521484375 0.0248260498046875 -0.103179931640625
0.0317535400390625 0.240554809570313 -0.00836181640625001 -0.212554931640625
-0.095245361328125 0.2440185546875 0.115386962890625 -0.422607421875
-0.176971435546875 0.156036376953125 0.461395263671875 -0.4625244140625
-0.306915283203125 0.355194091796875 0.105148315429687 -0.238037109375
-0.08837890625 0.38885498046875 0.0252532958984375 -0.107048034667969
0.138519287109375 0.37542724609375 0.029144287109375 0.0472221374511719
0.312103271484375 0.147186279296875 0.129684448242188 0.00905609130859376
0.308807373046875 -0.066009521484375 0.146896362304688 -0.0485076904296875
0.17803955078125 -0.273101806640625 0.116104125976563 -0.189559936523438
0.053070068359375 -0.326995849609375 0.032012939453125 -0.250106811523437
0.07086181640625 -0.291900634765625 -0.00440979003906249 -0.210357666015625
0.071746826171875 -0.3363037109375 0.030059814453125 -0.1934814453125
0.18951416015625 -0.271148681640625 0.0355072021484375 -0.144485473632813
0.334197998046875 -0.10784912109375 0.00698852539062501 -0.0642929077148438
0.3304443359375 0.137176513671875 -0.0257034301757812 -0.0968551635742188
0.0953369140625 0.4044189453125 -0.03985595703125 -0.222915649414062
-0.111572265625 0.44110107421875 0.103240966796875 -0.385498046875
-0.2891845703125 0.336181640625 0.38897705078125 -0.4027099609375
-0.35540771484375 0.468231201171875 0.00299835205078124 -0.120048522949219
-0.0909423828125 0.501129150390625 0.00581169128417968 -0.0188617706298828
0.189605712890625 0.47296142578125 0.0330924987792969 0.05419921875
0.404388427734375 0.18316650390625 0.08819580078125 0.00557708740234376
0.3917236328125 -0.076080322265625 0.0865097045898438 -0.00646972656250001
0.23681640625 -0.33270263671875 0.0747756958007813 -0.105255126953125
0.087890625 -0.39581298828125 0.024566650390625 -0.129997253417969
0.106170654296875 -0.35614013671875 -0.00362396240234375 -0.0886383056640625
0.108001708984375 -0.41162109375 0.0244140625 -0.0736770629882813
0.242767333984375 -0.32989501953125 -0.011444091796875 -0.0415725708007813
0.418487548828125 -0.132965087890625 -0.05706787109375 0.00590896606445311
0.4234619140625 0.158966064453125 -0.0848922729492187 -0.0754013061523438
0.14666748046875 0.511688232421875 -0.07049560546875 -0.209762573242187
-0.1142578125 0.57373046875 0.08441162109375 -0.300689697265625
-0.359832763671875 0.458831787109375 0.277801513671875 -0.284454345703125
-0.34765625 0.516387939453125 -0.116157531738281 0.02618408203125
-0.06884765625 0.547698974609375 -0.0184860229492188 0.0919952392578125
0.228271484375 0.498779296875 0.0357131958007813 0.0663948059082032
0.443389892578125 0.18328857421875 0.0360565185546875 0.0102767944335938
0.416595458984375 -0.083709716796875 0.014373779296875 0.0424652099609375
0.2567138671875 -0.346954345703125 0.0232295989990235 -0.00258636474609377
0.1070556640625 -0.40679931640625 0.0126113891601563 0.00972843170166013
0.12408447265625 -0.367034912109375 -0.00302505493164062 0.046234130859375
0.126190185546875 -0.422821044921875 0.0151557922363281 0.060577392578125
0.257049560546875 -0.332611083984375 -0.0568618774414062 0.0736618041992187
0.435546875 -0.13226318359375 -0.118339538574219 0.081329345703125
0.4381103515625 0.162353515625 -0.138099670410156 -0.0417404174804688
0.16241455078125 0.532257080078125 -0.09100341796875 -0.172317504882813
-0.11004638671875 0.60491943359375 0.06097412109375 -0.176742553710937
-0.37786865234375 0.500274658203125 0.14349365234375 -0.12982177734375
-0.2884521484375 0.48907470703125 -0.233657836914063 0.184326171875
-0.0359191894531251 0.509613037109375 -0.0451812744140625 0.208526611328125
0.2259521484375 0.43896484375 0.0341720581054688 0.0833740234375
0.40594482421875 0.150177001953125 -0.0181808471679687 0.0259590148925781
0.36993408203125 -0.0782470703125 -0.0536270141601562 0.0904312133789063
0.233856201171875 -0.3074951171875 -0.02838134765625 0.101066589355469
0.10784912109375 -0.35626220703125 0.000244140625000007 0.1478271484375
0.122711181640625 -0.32232666015625 -0.0017852783203125 0.17364501953125
0.127960205078125 -0.368499755859375 0.00117492675781252 0.186569213867187
0.235824584960938 -0.278610229492188 -0.0978240966796875 0.178787231445312
0.378509521484375 -0.095703125 -0.167831420898438 0.141632080078125
0.36505126953125 0.152435302734375 -0.17559814453125 -0.00904846191406251
0.123931884765625 0.45782470703125 -0.096466064453125 -0.123916625976562
-0.102630615234375 0.524810791015625 0.0365104675292969 -0.0454521179199218
-0.34124755859375 0.452880859375 0.00596618652343748 0.0314693450927735
-0.184814453125 0.385498046875 -0.3358154296875 0.328948974609375
-0.00314331054687501 0.388885498046875 -0.07696533203125 0.312164306640625
0.179168701171875 0.304779052734375 0.0282440185546875 0.103363037109375
0.292510986328125 0.093109130859375 -0.0593490600585937 0.0470695495605469
0.25811767578125 -0.0578460693359375 -0.102142333984375 0.123863220214844
0.170440673828125 -0.218292236328125 -0.069549560546875 0.185821533203125
0.0909271240234375 -0.249740600585937 -0.011383056640625 0.259933471679688
0.102127075195313 -0.22821044921875 -0.00196838378906251 0.274932861328125
0.111572265625 -0.259063720703125 -0.0166015625 0.28509521484375
0.180740356445313 -0.17974853515625 -0.129257202148437 0.252731323242188
0.263961791992188 -0.039398193359375 -0.198135375976563 0.171600341796875
0.228912353515625 0.124313354492188 -0.192413330078125 0.00999450683593754
0.054534912109375 0.309967041015625 -0.0893783569335938 -0.0811080932617187
-0.085723876953125 0.352081298828125 0.0100479125976562 0.0637245178222656
-0.251739501953125 0.330596923828125 -0.116928100585937 0.167999267578125
-0.0546112060546875 0.220046997070313 -0.40679931640625 0.436737060546875
0.029266357421875 0.211471557617187 -0.108001708984375 0.38885498046875
0.107002258300781 0.124710083007812 0.0265655517578125 0.125747680664063
0.135215759277344 0.020538330078125 -0.0737838745117188 0.0666656494140625
0.105995178222656 -0.029541015625 -0.122390747070312 0.133544921875
0.080841064453125 -0.0933685302734375 -0.0951080322265625 0.233993530273438
0.0588455200195312 -0.103355407714844 -0.0201416015625 0.32855224609375
0.0649642944335938 -0.0993118286132813 -0.00216674804687496 0.334503173828125
0.07763671875 -0.111892700195312 -0.0343017578125 0.342987060546875
0.100807189941406 -0.0599365234375 -0.148529052734375 0.28778076171875
0.119155883789062 0.0164642333984375 -0.209976196289063 0.170745849609375
0.0730667114257813 0.0760879516601563 -0.191940307617188 0.0133209228515625
-0.00816345214843749 0.126487731933594 -0.0768508911132813 -0.0530242919921875
-0.0483856201171875 0.141815185546875 -0.0146636962890625 0.130683898925781
-0.121170043945313 0.164352416992188 -0.203628540039063 0.258804321289062
-0.0727462768554688 0.00748443603515625 0.192138671875 -0.33807373046875
-0.0181121826171875 0.0563735961914063 0.027984619140625 -0.184677124023437
0.0459480285644531 0.0558052062988281 0.0346221923828125 0.0496406555175781
0.0625457763671875 0.004119873046875 0.183029174804688 0.013336181640625
0.0517082214355469 -0.0454978942871094 0.213424682617188 -0.114227294921875
-0.00746917724609374 -0.0674057006835937 0.14605712890625 -0.279266357421875
-0.0404281616210937 -0.0639533996582031 0.028564453125 -0.37432861328125
-0.0256881713867187 -0.0438919067382813 -0.00341796874999998 -0.343780517578125
-0.0284996032714844 -0.0460891723632813 0.03167724609375 -0.322998046875
0.0101776123046875 -0.0445671081542969 0.100601196289063 -0.253219604492188
0.0431365966796875 -0.0175323486328125 0.098724365234375 -0.145248413085937
0.0348701477050781 0.0371856689453125 0.0573348999023438 -0.0986862182617187
-0.0258102416992188 0.049163818359375 0.0122222900390625 -0.190963745117188
-0.0584983825683594 0.01904296875 0.11175537109375 -0.41741943359375
-0.0374221801757813 -0.0475273132324219 0.482696533203125 -0.456573486328125
-0.207931518554688 0.193817138671875 0.1729736328125 -0.31817626953125
-0.0637054443359375 0.230255126953125 0.03448486328125 -0.170242309570312
0.0885162353515625 0.22845458984375 0.0286293029785156 0.0433387756347656
0.19232177734375 0.082183837890625 0.158370971679688 0.010955810546875
0.189498901367188 -0.056060791015625 0.188980102539063 -0.082427978515625
0.08941650390625 -0.180740356445313 0.140090942382812 -0.248214721679688
0.00537109375 -0.209732055664062 0.0321044921875 -0.335357666015625
0.024505615234375 -0.181991577148438 -0.00421142578124997 -0.300201416015625
0.0213165283203125 -0.206298828125 0.03375244140625 -0.282867431640625
0.106353759765625 -0.169052124023438 0.0762176513671875 -0.217666625976563
0.199142456054688 -0.0665130615234375 0.0625 -0.115409851074219
0.192031860351563 0.0945587158203125 0.0244903564453125 -0.102920532226562
0.0339813232421875 0.2412109375 -0.00831604003906252 -0.213714599609375
-0.091339111328125 0.243240356445312 0.114898681640625 -0.424285888671875
-0.176544189453125 0.155746459960938 0.462799072265625 -0.45941162109375
-0.30926513671875 0.352264404296875 0.1058349609375 -0.244033813476562
-0.092376708984375 0.38336181640625 0.0255966186523437 -0.116073608398437
0.136474609375 0.376068115234375 0.0286941528320313 0.0446395874023438
0.309844970703125 0.146759033203125 0.128860473632813 0.00654602050781251
0.309478759765625 -0.065673828125 0.147628784179688 -0.0478668212890625
0.173873901367188 -0.272598266601562 0.1151123046875 -0.191787719726563
0.04925537109375 -0.327056884765625 0.0293426513671875 -0.251556396484375
0.0706787109375 -0.291839599609375 -0.00444030761718748 -0.209716796875
0.06787109375 -0.3353271484375 0.0304412841796875 -0.195755004882813
0.186111450195312 -0.270126342773437 0.0362396240234375 -0.143356323242188
0.33050537109375 -0.10980224609375 0.00759124755859377 -0.0633277893066406
0.330352783203125 0.13629150390625 -0.026153564453125 -0.0964584350585938
0.0970458984375 0.405914306640625 -0.0386505126953125 -0.223464965820312
-0.108673095703125 0.44061279296875 0.10430908203125 -0.3883056640625
-0.2911376953125 0.335479736328125 0.389404296875 -0.399505615234375
-0.360382080078125 0.467010498046875 0.00482940673828122 -0.126655578613281
-0.096466064453125 0.497894287109375 0.00722122192382812 -0.0266399383544922
0.189910888671875 0.47467041015625 0.0333328247070313 0.0515899658203125
0.40252685546875 0.181854248046875 0.087921142578125 0.00402832031250001
0.393280029296875 -0.0771484375 0.0875473022460938 -0.00628662109375
0.23187255859375 -0.332275390625 0.072998046875 -0.1085205078125
0.0838623046875 -0.396575927734375 0.0224227905273438 -0.132377624511719
0.1053466796875 -0.358123779296875 -0.00328063964843749 -0.087799072265625
0.102691650390625 -0.41229248046875 0.024169921875 -0.0759506225585938
0.23895263671875 -0.32891845703125 -0.00973510742187499 -0.0413703918457031
0.41546630859375 -0.135223388671875 -0.0556068420410156 0.0062103271484375
0.423309326171875 0.1611328125 -0.0842742919921875 -0.07476806640625
0.149200439453125 0.5147705078125 -0.068328857421875 -0.209136962890625
-0.11309814453125 0.57281494140625 0.086517333984375 -0.30126953125
-0.36346435546875 0.4591064453125 0.278778076171875 -0.280364990234375
-0.352874755859375 0.51458740234375 -0.114425659179688 0.0203094482421875
-0.07342529296875 0.54718017578125 -0.01629638671875 0.08526611328125
0.230560302734375 0.50238037109375 0.0356521606445313 0.0648345947265625
0.443939208984375 0.18206787109375 0.0363388061523438 0.00934600830078126
0.419342041015625 -0.084320068359375 0.0172195434570313 0.0418128967285156
0.2537841796875 -0.34771728515625 0.0218505859375 -0.00685501098632815
0.102508544921875 -0.407684326171875 0.0104074478149414 0.00674629211425779
0.12353515625 -0.368621826171875 -0.00267410278320312 0.0469932556152344
0.121795654296875 -0.423095703125 0.0141220092773438 0.0580558776855468
0.25494384765625 -0.334014892578125 -0.0563125610351562 0.0735321044921875
0.432891845703125 -0.134857177734375 -0.116462707519531 0.0816497802734375
0.439361572265625 0.164031982421875 -0.137474060058594 -0.04107666015625
0.162109375 0.53466796875 -0.089202880859375 -0.171875
-0.10809326171875 0.604248046875 0.0639801025390625 -0.177520751953125
-0.38299560546875 0.500335693359375 0.144744873046875 -0.126388549804687
-0.296112060546875 0.488861083984375 -0.232269287109375 0.1785888671875
-0.03961181640625 0.5098876953125 -0.0430908203125 0.204193115234375
0.229644775390625 0.4444580078125 0.0341644287109375 0.082366943359375
0.405670166015625 0.14910888671875 -0.0172958374023437 0.0251312255859375
0.372161865234375 -0.0787353515625 -0.050323486328125 0.0897445678710937
0.23065185546875 -0.309051513671875 -0.0292434692382812 0.09722900390625
0.104095458984375 -0.35821533203125 -0.000946044921874997 0.144577026367187
0.122344970703125 -0.32513427734375 -0.00204467773437498 0.174468994140625
0.123931884765625 -0.369476318359375 -0.000106811523437504 0.184524536132812
0.232437133789063 -0.278289794921875 -0.096893310546875 0.177825927734375
0.376800537109375 -0.0982666015625 -0.165023803710937 0.14111328125
0.365509033203125 0.153167724609375 -0.174758911132812 -0.0086669921875
0.12359619140625 0.46148681640625 -0.0949478149414062 -0.123504638671875
-0.10333251953125 0.522216796875 0.0396804809570312 -0.0453567504882812
-0.346466064453125 0.453582763671875 0.00706863403320311 0.0341110229492188
-0.193267822265625 0.385833740234375 -0.33416748046875 0.326385498046875
-0.005279541015625 0.390960693359375 -0.073974609375 0.310028076171875
0.18267822265625 0.309722900390625 0.028411865234375 0.10308837890625
0.29400634765625 0.092681884765625 -0.0578346252441406 0.046875
0.260604858398438 -0.0586395263671875 -0.0995407104492188 0.122627258300781
0.169601440429688 -0.220016479492188 -0.0703125 0.182113647460938
0.08892822265625 -0.252593994140625 -0.0113983154296875 0.258087158203125
0.101486206054687 -0.23126220703125 -0.00169372558593751 0.275634765625
0.10858154296875 -0.260910034179688 -0.016632080078125 0.2828369140625
0.178695678710937 -0.18072509765625 -0.128082275390625 0.251449584960938
0.26361083984375 -0.04156494140625 -0.19573974609375 0.17083740234375
0.229812622070312 0.124710083007812 -0.19110107421875 0.0105133056640625
0.05413818359375 0.312744140625 -0.0888748168945313 -0.0803756713867187
-0.086334228515625 0.3529052734375 0.0123825073242187 0.0648231506347657
-0.255523681640625 0.33197021484375 -0.1156005859375 0.169937133789063
-0.060394287109375 0.2205810546875 -0.4061279296875 0.434844970703125
0.0284423828125 0.213592529296875 -0.105255126953125 0.389434814453125
0.108726501464844 0.128776550292969 0.0257949829101563 0.1260986328125
0.136604309082031 0.0211181640625 -0.0727615356445312 0.066802978515625
0.108673095703125 -0.0298614501953125 -0.120658874511719 0.132255554199219
0.0816268920898437 -0.094696044921875 -0.0948486328125 0.2315673828125
0.0580825805664063 -0.106239318847656 -0.01947021484375 0.32720947265625
0.0645675659179688 -0.102279663085938 -0.00170898437499998 0.3348388671875
0.0761489868164062 -0.113861083984375 -0.03436279296875 0.3409423828125
0.0995407104492188 -0.0617446899414063 -0.1480712890625 0.286041259765625
0.1202392578125 0.0149078369140625 -0.207046508789063 0.169281005859375
0.0747756958007813 0.076080322265625 -0.190383911132813 0.0136566162109375
-0.00833892822265626 0.12774658203125 -0.0766525268554688 -0.051513671875
-0.04925537109375 0.143524169921875 -0.0121994018554688 0.133392333984375
-0.124847412109375 0.166595458984375 -0.203216552734375 0.261520385742188
-0.0722198486328125 0.00724792480468749 0.1937255859375 -0.352020263671875
-0.0199470520019531 0.0543479919433594 0.023590087890625 -0.194625854492188
0.0441665649414063 0.0551033020019531 0.03594970703125 0.0486984252929688
0.0636177062988281 0.00453948974609375 0.18597412109375 0.010009765625
0.0522918701171875 -0.0471687316894531 0.216766357421875 -0.117935180664063
-0.00920486450195312 -0.0672149658203125 0.146881103515625 -0.28564453125
-0.0426025390625 -0.0626564025878906 0.024627685546875 -0.383514404296875
-0.0262603759765625 -0.042999267578125 -0.00689697265625002 -0.35321044921875
-0.0299720764160156 -0.045257568359375 0.0308837890625 -0.332855224609375
0.00957107543945313 -0.0438728332519531 0.101593017578125 -0.259628295898438
0.0415763854980469 -0.0187568664550781 0.0994873046875 -0.148712158203125
0.0346717834472656 0.0364990234375 0.0572280883789063 -0.101295471191406
-0.0243873596191406 0.0487174987792969 0.00933837890624998 -0.197036743164063
-0.0564308166503906 0.0183677673339844 0.1090087890625 -0.430267333984375
-0.0367050170898437 -0.0494003295898438 0.492919921875 -0.47003173828125
-0.211029052734375 0.19940185546875 0.1741943359375 -0.332000732421875
-0.0666046142578125 0.2315673828125 0.0312957763671875 -0.181716918945312
0.090362548828125 0.23272705078125 0.0293502807617188 0.0421104431152344
0.196029663085938 0.0828399658203125 0.161422729492188 0.00814819335937501
0.194091796875 -0.059234619140625 0.193130493164063 -0.0849456787109375
0.0869903564453125 -0.184051513671875 0.139434814453125 -0.255340576171875
0.00148010253906249 -0.213363647460938 0.0274658203125 -0.345001220703125
0.023406982421875 -0.186172485351563 -0.00695800781249997 -0.30780029296875
0.0183563232421875 -0.209793090820313 0.03228759765625 -0.2919921875
0.105606079101563 -0.17291259765625 0.077728271484375 -0.222900390625
0.200729370117187 -0.0712127685546875 0.0636520385742188 -0.117515563964844
0.1968994140625 0.0936431884765625 0.0240478515625 -0.105278015136719
0.0396270751953125 0.2469482421875 -0.0101776123046875 -0.220230102539062
-0.0874481201171875 0.24835205078125 0.11285400390625 -0.43829345703125
-0.1795654296875 0.160247802734375 0.47186279296875 -0.472625732421875
-0.31597900390625 0.364654541015625 0.107406616210937 -0.2567138671875
-0.095855712890625 0.3897705078125 0.024169921875 -0.126678466796875
0.143280029296875 0.3839111328125 0.0296669006347656 0.0431404113769531
0.31683349609375 0.146575927734375 0.130584716796875 0.00391387939453126
0.317474365234375 -0.071014404296875 0.151611328125 -0.050140380859375
0.172409057617187 -0.279800415039063 0.114532470703125 -0.198593139648438
0.043853759765625 -0.335205078125 0.0247955322265625 -0.259979248046875
0.0693359375 -0.3006591796875 -0.00683593750000002 -0.215057373046875
0.062652587890625 -0.343963623046875 0.0290679931640625 -0.202850341796875
0.185897827148438 -0.2777099609375 0.0381622314453125 -0.147216796875
0.335296630859375 -0.11669921875 0.00846099853515627 -0.0643157958984375
0.33990478515625 0.137237548828125 -0.0271835327148437 -0.0983352661132812
0.1068115234375 0.417144775390625 -0.03985595703125 -0.22955322265625
-0.10443115234375 0.451690673828125 0.10418701171875 -0.40118408203125
-0.297607421875 0.346710205078125 0.398681640625 -0.409912109375
-0.369873046875 0.48016357421875 0.00520324707031249 -0.136016845703125
-0.09906005859375 0.5074462890625 0.00780487060546875 -0.03546142578125
0.19927978515625 0.486541748046875 0.034088134765625 0.0507164001464844
0.412994384765625 0.1815185546875 0.0896987915039063 0.00195312500000001
0.40277099609375 -0.081634521484375 0.092681884765625 -0.00744628906250001
0.231536865234375 -0.342132568359375 0.0718841552734375 -0.114913940429688
0.07720947265625 -0.408172607421875 0.0188369750976563 -0.138298034667969
0.10406494140625 -0.36883544921875 -0.00396728515625 -0.089447021484375
0.096435546875 -0.42242431640625 0.0230484008789063 -0.0803985595703125
0.238311767578125 -0.338623046875 -0.00902938842773436 -0.0423927307128906
0.422637939453125 -0.14532470703125 -0.0553436279296875 0.00756454467773438
0.436370849609375 0.16033935546875 -0.0864334106445312 -0.0756378173828125
0.160003662109375 0.528106689453125 -0.07025146484375 -0.214569091796875
-0.107666015625 0.58831787109375 0.08795166015625 -0.311737060546875
-0.373016357421875 0.474334716796875 0.2860107421875 -0.28759765625
-0.36456298828125 0.5303955078125 -0.115921020507813 0.0157623291015626
-0.076416015625 0.55938720703125 -0.014404296875 0.0808181762695313
0.2420654296875 0.514556884765625 0.0372734069824219 0.0650482177734375
0.454925537109375 0.1806640625 0.0380020141601563 0.00837326049804689
0.430206298828125 -0.09051513671875 0.0214385986328125 0.0418663024902344
0.253387451171875 -0.36016845703125 0.0199623107910156 -0.0117015838623047
0.097320556640625 -0.4202880859375 0.00903797149658204 0.00443744659423826
0.122406005859375 -0.3814697265625 -0.00251007080078124 0.0490074157714844
0.115509033203125 -0.43463134765625 0.0137596130371094 0.057952880859375
0.254486083984375 -0.343353271484375 -0.0560531616210937 0.0755462646484375
0.440704345703125 -0.143310546875 -0.116714477539062 0.0848159790039063
0.452392578125 0.1644287109375 -0.140266418457031 -0.0401458740234375
0.1728515625 0.549468994140625 -0.0908355712890625 -0.17547607421875
-0.10528564453125 0.6201171875 0.0665130615234375 -0.183547973632813
-0.393310546875 0.51788330078125 0.149581909179687 -0.128204345703125
-0.306304931640625 0.50384521484375 -0.235198974609375 0.180511474609375
-0.038665771484375 0.52398681640625 -0.0406036376953125 0.204376220703125
0.242431640625 0.4580078125 0.03515625 0.0837936401367188
0.417877197265625 0.147979736328125 -0.0161209106445312 0.0258216857910156
0.3836669921875 -0.085174560546875 -0.0475845336914062 0.0910491943359375
0.231414794921875 -0.32025146484375 -0.03094482421875 0.0950698852539063
0.099151611328125 -0.3707275390625 -0.0011444091796875 0.145751953125
0.121856689453125 -0.337188720703125 -0.000289916992187504 0.17999267578125
0.118896484375 -0.381256103515625 0.000396728515624993 0.187469482421875
0.233184814453125 -0.28826904296875 -0.0966339111328125 0.182418823242187
0.383941650390625 -0.105072021484375 -0.165740966796875 0.145477294921875
0.377105712890625 0.154937744140625 -0.177978515625 -0.00663757324218753
0.1324462890625 0.474395751953125 -0.09649658203125 -0.125350952148437
-0.09918212890625 0.53692626953125 0.0433464050292969 -0.046295166015625
-0.356353759765625 0.469329833984375 0.00876998901367186 0.0375175476074219
-0.201416015625 0.398712158203125 -0.3388671875 0.331878662109375
-0.00387573242187498 0.403533935546875 -0.07012939453125 0.316497802734375
0.193267822265625 0.320709228515625 0.02972412109375 0.106353759765625
0.3033447265625 0.091766357421875 -0.0573043823242187 0.0481948852539063
0.269439697265625 -0.0637664794921875 -0.0977859497070313 0.124687194824219
0.171676635742188 -0.228240966796875 -0.0717315673828125 0.183425903320313
0.0861968994140625 -0.261154174804687 -0.00994873046875002 0.262191772460938
0.100616455078125 -0.24114990234375 0.00140380859374999 0.28314208984375
0.105422973632813 -0.269378662109375 -0.016326904296875 0.289764404296875
0.178756713867188 -0.187835693359375 -0.128814697265625 0.257522583007813
0.268630981445313 -0.0465545654296875 -0.196609497070313 0.175811767578125
0.237594604492188 0.126708984375 -0.19482421875 0.012542724609375
0.059234619140625 0.322479248046875 -0.0903396606445313 -0.0805587768554687
-0.085479736328125 0.363311767578125 0.01702880859375 0.0677604675292969
-0.2642822265625 0.344390869140625 -0.116378784179688 0.178314208984375
-0.0658721923828125 0.227188110351563 -0.412261962890625 0.447052001953125
0.03057861328125 0.221939086914062 -0.102020263671875 0.39959716796875
0.1156005859375 0.13531494140625 0.0274429321289063 0.130722045898438
0.141464233398438 0.0211029052734375 -0.072784423828125 0.0695571899414063
0.113533020019531 -0.031982421875 -0.120246887207031 0.134384155273438
0.083282470703125 -0.0993881225585938 -0.0960235595703125 0.234848022460937
0.0580291748046875 -0.111473083496094 -0.01641845703125 0.33502197265625
0.0648117065429688 -0.107719421386719 0.002105712890625 0.343536376953125
0.0757904052734375 -0.119155883789063 -0.033172607421875 0.34942626953125
0.100387573242188 -0.065460205078125 -0.148284912109375 0.29217529296875
0.124076843261719 0.0126495361328125 -0.20831298828125 0.174224853515625
0.0785598754882813 0.0771865844726563 -0.193618774414063 0.0159454345703125
-0.00786590576171876 0.132606506347656 -0.077545166015625 -0.05078125
-0.05010986328125 0.149261474609375 -0.00825500488281252 0.138298034667969
-0.1287841796875 0.17376708984375 -0.204696655273437 0.272613525390625
-0.0717697143554688 0.00885772705078125 0.18719482421875 -0.3729248046875
-0.0204200744628906 0.0532341003417969 0.0146636962890625 -0.205718994140625
0.0450439453125 0.0552520751953125 0.0379676818847656 0.0473899841308594
0.0647430419921875 0.0029144287109375 0.19091796875 0.0022430419921875
0.0521392822265625 -0.0507354736328125 0.219207763671875 -0.128433227539063
-0.0132980346679687 -0.0675277709960938 0.142059326171875 -0.298309326171875
-0.0461997985839844 -0.0605239868164063 0.010833740234375 -0.39593505859375
-0.0280838012695312 -0.0418510437011719 -0.01947021484375 -0.365692138671875
-0.0326690673828125 -0.0439910888671875 0.021514892578125 -0.34735107421875
0.00783157348632813 -0.0440788269042969 0.0981292724609375 -0.270584106445313
0.0401191711425781 -0.0209846496582031 0.0976715087890625 -0.156265258789063
0.0358200073242188 0.0361213684082031 0.0553359985351563 -0.106239318847656
-0.02197265625 0.0493965148925781 0.0013275146484375 -0.204833984375
-0.054901123046875 0.0190048217773437 0.093658447265625 -0.450042724609375
-0.0377464294433594 -0.0510368347167969 0.49383544921875 -0.50238037109375
-0.210769653320312 0.212982177734375 0.168701171875 -0.3531494140625
-0.06451416015625 0.238494873046875 0.0233612060546875 -0.19482421875
0.0997772216796875 0.237472534179688 0.0309906005859375 0.0403594970703125
0.204025268554688 0.0786285400390625 0.166107177734375 0.001068115234375
0.19903564453125 -0.068634033203125 0.196701049804688 -0.094085693359375
0.0813446044921875 -0.192123413085938 0.135055541992188 -0.268814086914063
-0.00781250000000002 -0.218963623046875 0.013702392578125 -0.358245849609375
0.0177154541015625 -0.192657470703125 -0.01806640625 -0.319091796875
0.00901794433593749 -0.21673583984375 0.02447509765625 -0.3056640625
0.101913452148438 -0.181365966796875 0.074493408203125 -0.2330322265625
0.202682495117188 -0.0822906494140625 0.0621719360351563 -0.122505187988281
0.207046508789062 0.0903472900390625 0.0216827392578125 -0.109855651855469
0.0525054931640625 0.2537841796875 -0.01812744140625 -0.228744506835938
-0.0785064697265625 0.257949829101562 0.10089111328125 -0.45904541015625
-0.181106567382813 0.172088623046875 0.472625732421875 -0.5035400390625
-0.317138671875 0.388397216796875 0.102203369140625 -0.274581909179687
-0.090484619140625 0.403472900390625 0.018951416015625 -0.139266967773437
0.15936279296875 0.39349365234375 0.0314445495605469 0.0419387817382813
0.330352783203125 0.140869140625 0.135200500488281 -0.00212860107421874
0.32672119140625 -0.084136962890625 0.156997680664063 -0.057159423828125
0.165191650390625 -0.29461669921875 0.1090087890625 -0.211074829101563
0.030059814453125 -0.3470458984375 0.0139312744140625 -0.270660400390625
0.06005859375 -0.314727783203125 -0.014190673828125 -0.222198486328125
0.04901123046875 -0.3563232421875 0.0234222412109375 -0.21319580078125
0.180419921875 -0.293304443359375 0.03564453125 -0.153717041015625
0.34027099609375 -0.13409423828125 0.0071678161621094 -0.0655708312988281
0.356781005859375 0.13128662109375 -0.0302352905273437 -0.101211547851562
0.127349853515625 0.4288330078125 -0.048614501953125 -0.2369384765625
-0.088226318359375 0.46820068359375 0.0949707031250001 -0.419769287109375
-0.29949951171875 0.36907958984375 0.401275634765625 -0.43365478515625
-0.371856689453125 0.510009765625 0.00119018554687499 -0.146194458007812
-0.08990478515625 0.52685546875 0.00592041015625 -0.0448684692382812
0.2227783203125 0.499267578125 0.0366783142089844 0.050811767578125
0.432830810546875 0.1728515625 0.0936279296875 -0.00274658203124999
0.416259765625 -0.1002197265625 0.09796142578125 -0.0120391845703125
0.22369384765625 -0.3636474609375 0.0672454833984375 -0.124725341796875
0.0618896484375 -0.423858642578125 0.0117340087890625 -0.144943237304688
0.094146728515625 -0.387451171875 -0.00704193115234374 -0.0920028686523438
0.081390380859375 -0.44024658203125 0.020965576171875 -0.0859756469726563
0.232208251953125 -0.35858154296875 -0.00965881347656248 -0.0430831909179688
0.42840576171875 -0.166748046875 -0.0562210083007812 0.0100135803222656
0.457855224609375 0.152374267578125 -0.0906600952148437 -0.0750350952148437
0.18670654296875 0.543121337890625 -0.0782470703125 -0.220779418945312
-0.0885009765625 0.609130859375 0.081634521484375 -0.326141357421875
-0.373870849609375 0.504547119140625 0.288482666015625 -0.3046875
-0.36688232421875 0.56329345703125 -0.118270874023438 0.0147018432617188
-0.06402587890625 0.5823974609375 -0.0119247436523437 0.0763702392578126
0.27154541015625 0.52850341796875 0.0409622192382813 0.065826416015625
0.476470947265625 0.1705322265625 0.0408477783203125 0.00637817382812501
0.444549560546875 -0.10986328125 0.0272140502929688 0.0403938293457031
0.245574951171875 -0.382080078125 0.0162763595581055 -0.0168943405151367
0.081085205078125 -0.439208984375 0.00599241256713868 0.00230503082275388
0.111358642578125 -0.40155029296875 0.000156402587890631 0.0515785217285156
0.1009521484375 -0.4539794921875 0.0156822204589844 0.0575904846191406
0.248199462890625 -0.3643798828125 -0.0543746948242187 0.08038330078125
0.448089599609375 -0.164825439453125 -0.116493225097656 0.0913772583007812
0.474273681640625 0.15631103515625 -0.14556884765625 -0.036468505859375
0.20001220703125 0.565673828125 -0.09771728515625 -0.179000854492187
-0.0843505859375001 0.64190673828125 0.0654296875 -0.192581176757812
-0.394989013671875 0.549835205078125 0.152435302734375 -0.134628295898437
-0.305694580078125 0.5362548828125 -0.236099243164062 0.190536499023438
-0.027099609375 0.544219970703125 -0.0338287353515625 0.207382202148438
0.270294189453125 0.470062255859375 0.0397415161132813 0.0864486694335938
0.438995361328125 0.1378173828125 -0.0141658782958984 0.0264320373535156
0.39739990234375 -0.103057861328125 -0.0422515869140625 0.0935592651367188
0.2259521484375 -0.3411865234375 -0.0322418212890625 0.094940185546875
0.0860595703125001 -0.388092041015625 0.0011138916015625 0.14898681640625
0.112640380859375 -0.356048583984375 0.00665283203124999 0.186386108398437
0.105712890625 -0.398040771484375 0.00590515136718751 0.193435668945312
0.227264404296875 -0.306396484375 -0.0933380126953125 0.191253662109375
0.3927001953125 -0.123779296875 -0.164764404296875 0.155776977539063
0.396697998046875 0.148345947265625 -0.183242797851562 -0.000686645507812488
0.153289794921875 0.4881591796875 -0.102043151855469 -0.126136779785156
-0.0834655761718749 0.557586669921875 0.0468597412109375 -0.0504875183105468
-0.357879638671875 0.498870849609375 0.0119972229003906 0.0409469604492188
-0.20172119140625 0.42291259765625 -0.338043212890625 0.351654052734375
0.007080078125 0.420379638671875 -0.060028076171875 0.326812744140625
0.2144775390625 0.329132080078125 0.03509521484375 0.110595703125
0.3182373046875 0.084564208984375 -0.0551414489746094 0.0522232055664063
0.27960205078125 -0.0767669677734375 -0.0938796997070313 0.129981994628906
0.16778564453125 -0.244216918945313 -0.0714874267578125 0.187652587890625
0.0764617919921875 -0.276641845703125 -0.002593994140625 0.269866943359375
0.0941925048828125 -0.255722045898438 0.0118408203125 0.29388427734375
0.096588134765625 -0.2830810546875 -0.0078125 0.29974365234375
0.175018310546875 -0.201812744140625 -0.12384033203125 0.27008056640625
0.276824951171875 -0.059051513671875 -0.195556640625 0.187301635742188
0.25146484375 0.123321533203125 -0.19970703125 0.0196685791015625
0.072601318359375 0.333709716796875 -0.094268798828125 -0.0795516967773437
-0.075225830078125 0.37847900390625 0.0237846374511719 0.06951904296875
-0.265289306640625 0.367431640625 -0.112930297851562 0.19073486328125
-0.0654449462890625 0.239456176757813 -0.409881591796875 0.47296142578125
0.038299560546875 0.231399536132812 -0.08966064453125 0.41741943359375
0.126754760742188 0.139190673828125 0.0340347290039063 0.136299133300781
0.1490478515625 0.0171356201171875 -0.070098876953125 0.0758285522460937
0.118034362792969 -0.0378799438476563 -0.118515014648437 0.14080810546875
0.08319091796875 -0.107490539550781 -0.0935211181640625 0.242538452148438
0.054595947265625 -0.120033264160156 -0.00579833984375 0.345794677734375
0.0621566772460938 -0.11614990234375 0.014556884765625 0.355743408203125
0.0724639892578125 -0.127372741699219 -0.022308349609375 0.363037109375
0.0998611450195312 -0.0718765258789062 -0.14263916015625 0.3062744140625
0.129295349121094 0.00731658935546875 -0.20697021484375 0.186065673828125
0.085540771484375 0.0776138305664063 -0.198394775390625 0.02392578125
-0.00344085693359375 0.139488220214844 -0.081390380859375 -0.04840087890625
-0.0469207763671875 0.15814208984375 -0.000305175781249997 0.144393920898438
-0.129867553710938 0.186935424804688 -0.201416015625 0.2921142578125
-0.0695953369140625 0.0113449096679687 0.1680908203125 -0.39471435546875
-0.0202903747558594 0.0527572631835938 -0.00189208984375002 -0.213729858398438
0.0474205017089844 0.0531845092773438 0.0412635803222656 0.0442543029785156
0.0651283264160156 -0.00035858154296875 0.192794799804687 -0.0106964111328125
0.0495643615722656 -0.0558662414550781 0.215805053710938 -0.142913818359375
-0.0182914733886719 -0.0658607482910156 0.12847900390625 -0.312225341796875
-0.0505447387695313 -0.0563278198242188 -0.01531982421875 -0.40435791015625
-0.0307464599609375 -0.0394554138183594 -0.042724609375 -0.372344970703125
-0.0361557006835938 -0.0409088134765625 0.00134277343750001 -0.358306884765625
0.00555419921875 -0.0441246032714844 0.08544921875 -0.28228759765625
0.0374565124511719 -0.0234603881835938 0.0908355712890625 -0.163742065429688
0.0375556945800781 0.0342063903808594 0.049713134765625 -0.112030029296875
-0.0181465148925781 0.0494422912597656 -0.01300048828125 -0.209381103515625
-0.0516929626464844 0.0208091735839844 0.064300537109375 -0.4654541015625
-0.040069580078125 -0.050811767578125 0.47467041015625 -0.54132080078125
-0.20123291015625 0.229736328125 0.15081787109375 -0.37371826171875
-0.05523681640625 0.244400024414062 0.00828552246093751 -0.205001831054687
0.114654541015625 0.23626708984375 0.0331344604492188 0.0378341674804688
0.21160888671875 0.0684051513671875 0.167755126953125 -0.0105133056640625
0.199172973632813 -0.0832672119140625 0.196151733398438 -0.107818603515625
0.0686798095703125 -0.198837280273437 0.120391845703125 -0.2822265625
-0.0234527587890625 -0.220458984375 -0.00955200195312501 -0.365692138671875
0.00584411621093748 -0.19732666015625 -0.038055419921875 -0.324615478515625
-0.00581359863281249 -0.219635009765625 0.00585937500000001 -0.315704345703125
0.091522216796875 -0.19024658203125 0.063140869140625 -0.24224853515625
0.1993408203125 -0.0965118408203125 0.056488037109375 -0.126968383789062
0.216903686523438 0.0797271728515625 0.0159530639648438 -0.113555908203125
0.07159423828125 0.25469970703125 -0.03326416015625 -0.23272705078125
-0.061187744140625 0.265533447265625 0.072357177734375 -0.4757080078125
-0.174880981445313 0.187820434570312 0.4541015625 -0.539794921875
-0.300689697265625 0.4161376953125 0.088775634765625 -0.290618896484375
-0.072540283203125 0.416259765625 0.00759887695312499 -0.150299072265625
0.18634033203125 0.39208984375 0.0343399047851563 0.0394744873046875
0.343994140625 0.1226806640625 0.137092590332031 -0.0120468139648437
0.329803466796875 -0.107513427734375 0.158676147460938 -0.0687713623046875
0.14642333984375 -0.309783935546875 0.095794677734375 -0.223480224609375
0.00527954101562504 -0.35467529296875 -0.00588989257812498 -0.276779174804688
0.04095458984375 -0.324737548828125 -0.0278472900390625 -0.22552490234375
0.0242919921875 -0.364837646484375 0.0106201171875 -0.221420288085938
0.16375732421875 -0.308624267578125 0.0282745361328125 -0.158157348632813
0.3359375 -0.158721923828125 0.0045890808105469 -0.06591796875
0.3741455078125 0.111572265625 -0.036407470703125 -0.101524353027344
0.16070556640625 0.430755615234375 -0.063568115234375 -0.240447998046875
-0.05975341796875 0.47979736328125 0.070770263671875 -0.435211181640625
-0.2857666015625 0.397430419921875 0.384246826171875 -0.466888427734375
-0.351348876953125 0.546600341796875 -0.00671386718750003 -0.154266357421875
-0.06475830078125 0.54217529296875 0.00111007690429687 -0.0535011291503906
0.26019287109375 0.49713134765625 0.0408973693847656 0.048370361328125
0.450042724609375 0.14984130859375 0.0959320068359375 -0.0100021362304687
0.42071533203125 -0.129974365234375 0.101936340332031 -0.0199737548828125
0.201385498046875 -0.383575439453125 0.056732177734375 -0.133384704589844
0.03192138671875 -0.4368896484375 -0.000961303710937496 -0.1492919921875
0.069976806640625 -0.4027099609375 -0.0126266479492188 -0.0931015014648438
0.05206298828125 -0.452972412109375 0.0157928466796875 -0.0912399291992188
0.210174560546875 -0.37872314453125 -0.0116310119628906 -0.0430755615234375
0.42645263671875 -0.197662353515625 -0.0552177429199218 0.0144462585449219
0.478546142578125 0.128814697265625 -0.0961074829101562 -0.07171630859375
0.227081298828125 0.545013427734375 -0.0919952392578125 -0.221466064453125
-0.05023193359375 0.6239013671875 0.0650634765625 -0.3402099609375
-0.356597900390625 0.541290283203125 0.27850341796875 -0.3267822265625
-0.34490966796875 0.60113525390625 -0.11907958984375 0.0170974731445313
-0.03466796875 0.598876953125 -0.00904846191406249 0.0720596313476563
0.31146240234375 0.52655029296875 0.0466079711914063 0.0651054382324219
0.496978759765625 0.14404296875 0.0436935424804688 0.00305175781250001
0.4505615234375 -0.1424560546875 0.0330696105957032 0.0372276306152344
0.2237548828125 -0.404541015625 0.010549545288086 -0.0210609436035156
0.049652099609375 -0.45343017578125 0.00269532203674317 0.00123000144958493
0.087188720703125 -0.4189453125 0.00369644165039063 0.0525970458984375
0.0704345703125 -0.469024658203125 0.0184402465820313 0.0561904907226562
0.22747802734375 -0.38604736328125 -0.0502090454101562 0.0849456787109375
0.44464111328125 -0.196929931640625 -0.111892700195312 0.100502014160156
0.496307373046875 0.131988525390625 -0.149383544921875 -0.029449462890625
0.24114990234375 0.56756591796875 -0.10906982421875 -0.1783447265625
-0.04730224609375 0.6591796875 0.05780029296875 -0.202346801757812
-0.3756103515625 0.5887451171875 0.149276733398437 -0.144760131835937
-0.28680419921875 0.57073974609375 -0.22991943359375 0.203598022460938
0.00256347656249999 0.561553955078125 -0.0215606689453125 0.207855224609375
0.30859375 0.466400146484375 0.0477676391601563 0.086639404296875
0.4564208984375 0.113555908203125 -0.00985145568847654 0.02777099609375
0.402435302734375 -0.132537841796875 -0.0347061157226562 0.0950775146484375
0.206207275390625 -0.363311767578125 -0.032745361328125 0.0956573486328125
0.05865478515625 -0.403076171875 0.0070037841796875 0.1510009765625
0.0902099609375 -0.3719482421875 0.01898193359375 0.19073486328125
0.079498291015625 -0.413330078125 0.0167388916015625 0.196273803710937
0.20965576171875 -0.326141357421875 -0.083740234375 0.200363159179687
0.390533447265625 -0.151519775390625 -0.157379150390625 0.168487548828125
0.415924072265625 0.128814697265625 -0.185684204101562 0.00975036621093752
0.187896728515625 0.492431640625 -0.10986328125 -0.123825073242187
-0.05133056640625 0.5723876953125 0.0483131408691406 -0.05523681640625
-0.340087890625 0.53411865234375 0.0166702270507812 0.0433120727539063
-0.186126708984375 0.447265625 -0.324188232421875 0.37646484375
0.03082275390625 0.431671142578125 -0.04083251953125 0.334136962890625
0.2427978515625 0.3272705078125 0.0446395874023438 0.112129211425781
0.331207275390625 0.066558837890625 -0.0499000549316406 0.0569305419921875
0.284332275390625 -0.097259521484375 -0.0860443115234375 0.135910034179687
0.154190063476563 -0.261489868164063 -0.066314697265625 0.192489624023437
0.057464599609375 -0.28851318359375 0.0114288330078125 0.275146484375
0.078857421875 -0.268600463867188 0.03033447265625 0.299713134765625
0.078216552734375 -0.294921875 0.00970458984375002 0.30572509765625
0.164031982421875 -0.21600341796875 -0.110260009765625 0.282012939453125
0.277603149414063 -0.0791168212890625 -0.186355590820312 0.201889038085938
0.265945434570313 0.111602783203125 -0.201263427734375 0.03240966796875
0.094696044921875 0.338104248046875 -0.0992660522460938 -0.0753707885742187
-0.053192138671875 0.390625 0.0320816040039063 0.0687904357910157
-0.252197265625 0.394622802734375 -0.102157592773438 0.203948974609375
-0.0586090087890625 0.251785278320313 -0.391021728515625 0.50518798828125
0.053070068359375 0.236709594726562 -0.06439208984375 0.42987060546875
0.140914916992187 0.137786865234375 0.04541015625 0.139175415039062
0.153961181640625 0.0089569091796875 -0.0636825561523437 0.08197021484375
0.120841979980469 -0.0471038818359375 -0.111373901367188 0.149017333984375
0.0777664184570313 -0.116851806640625 -0.0843048095703125 0.25128173828125
0.04681396484375 -0.1275634765625 0.014190673828125 0.352630615234375
0.0551681518554688 -0.123947143554687 0.03680419921875 0.363433837890625
0.0639266967773437 -0.135086059570312 -0.00128173828125002 0.3726806640625
0.0956497192382813 -0.08056640625 -0.126922607421875 0.320831298828125
0.133224487304688 -0.0024261474609375 -0.198593139648438 0.201278686523437
0.0940780639648438 0.0739364624023438 -0.199920654296875 0.0376129150390625
0.0054931640625 0.14520263671875 -0.083984375 -0.0432281494140625
-0.0375823974609375 0.165985107421875 0.012420654296875 0.14794921875
-0.12353515625 0.200592041015625 -0.186614990234375 0.31256103515625
-0.0657424926757813 0.0139961242675781 0.141937255859375 -0.403228759765625
-0.0192146301269531 0.0517196655273438 -0.019134521484375 -0.213043212890625
0.0476837158203125 0.0494155883789062 0.042236328125 0.0406036376953125
0.063385009765625 -0.0040283203125 0.1878662109375 -0.024139404296875
0.0440635681152344 -0.0584259033203125 0.203994750976563 -0.15509033203125
-0.0228309631347656 -0.0629158020019531 0.10772705078125 -0.316314697265625
-0.0530662536621094 -0.0500068664550781 -0.042388916015625 -0.399566650390625
-0.0321769714355469 -0.03558349609375 -0.06640625 -0.365753173828125
-0.0387458801269531 -0.0366897583007813 -0.021209716796875 -0.357421875
0.00256729125976562 -0.0438079833984375 0.067474365234375 -0.28521728515625
0.0334854125976563 -0.0250129699707031 0.079864501953125 -0.1669921875
0.0381431579589844 0.0318069458007813 0.0415878295898438 -0.113655090332031
-0.0140876770019531 0.0474433898925781 -0.0283355712890625 -0.206451416015625
-0.0474166870117187 0.0213508605957031 0.02978515625 -0.465179443359375
-0.0425376892089844 -0.048583984375 0.43487548828125 -0.5654296875
-0.182891845703125 0.23968505859375 0.126190185546875 -0.383697509765625
-0.04150390625 0.243881225585938 -0.0100250244140625 -0.206573486328125
0.127792358398438 0.227874755859375 0.0342273712158203 0.0344581604003906
0.2122802734375 0.0542755126953125 0.163436889648438 -0.0228271484375
0.19122314453125 -0.0959320068359375 0.188156127929688 -0.120437622070313
0.0529022216796875 -0.19940185546875 0.100341796875 -0.286895751953125
-0.0388946533203125 -0.214889526367188 -0.03533935546875 -0.3604736328125
-0.00706481933593751 -0.194595336914063 -0.058990478515625 -0.31903076171875
-0.0218658447265625 -0.214859008789063 -0.01513671875 -0.31591796875
0.07623291015625 -0.193191528320312 0.0483856201171875 -0.243682861328125
0.188613891601563 -0.108383178710937 0.048431396484375 -0.12835693359375
0.220199584960938 0.064178466796875 0.00848388671875003 -0.113777160644531
0.08978271484375 0.245529174804687 -0.049560546875 -0.229324340820312
-0.0405120849609375 0.26348876953125 0.038299560546875 -0.47589111328125
-0.161407470703125 0.197708129882813 0.41534423828125 -0.56390380859375
-0.271942138671875 0.432220458984375 0.06976318359375 -0.29791259765625
-0.048309326171875 0.415985107421875 -0.00634765625000001 -0.154022216796875
0.210968017578125 0.37841796875 0.0356254577636719 0.03656005859375
0.34710693359375 0.099517822265625 0.134567260742188 -0.0227432250976562
0.31951904296875 -0.129913330078125 0.154037475585938 -0.0803375244140625
0.1217041015625 -0.314544677734375 0.0771636962890625 -0.226898193359375
-0.021636962890625 -0.349853515625 -0.0260009765625 -0.273849487304688
0.01849365234375 -0.32427978515625 -0.0414886474609375 -0.222091674804688
-0.00238037109374998 -0.361175537109375 -0.0047607421875 -0.222991943359375
0.138946533203125 -0.31536865234375 0.018890380859375 -0.1585693359375
0.3194580078125 -0.17962646484375 0.00143432617187502 -0.0644760131835938
0.3787841796875 0.08740234375 -0.0423812866210937 -0.0991134643554688
0.1898193359375 0.414581298828125 -0.0788116455078125 -0.23486328125
-0.02655029296875 0.47607421875 0.041534423828125 -0.436798095703125
-0.2593994140625 0.413116455078125 0.352691650390625 -0.485565185546875
-0.3140869140625 0.56787109375 -0.0156402587890625 -0.157058715820312
-0.032318115234375 0.5426025390625 -0.00588607788085938 -0.0590171813964843
0.292083740234375 0.477691650390625 0.0439605712890625 0.0458335876464844
0.4542236328125 0.119049072265625 0.094635009765625 -0.0180816650390625
0.408660888671875 -0.15887451171875 0.102165222167969 -0.0291213989257813
0.1710205078125 -0.392303466796875 0.04296875 -0.135963439941406
-0.00131225585937503 -0.43280029296875 -0.0143585205078125 -0.147323608398438
0.0418701171875 -0.404296875 -0.0176544189453125 -0.0914840698242188
0.017791748046875 -0.4493408203125 0.00843811035156251 -0.093017578125
0.18170166015625 -0.388641357421875 -0.0133438110351562 -0.0416641235351563
0.40618896484375 -0.223602294921875 -0.0521125793457031 0.0193977355957031
0.484710693359375 0.09649658203125 -0.0988922119140625 -0.06549072265625
0.263153076171875 0.52581787109375 -0.104522705078125 -0.215072631835937
-0.0104980468749999 0.6171875 0.042755126953125 -0.342559814453125
-0.3214111328125 0.5614013671875 0.256591796875 -0.3394775390625
-0.30609130859375 0.6234130859375 -0.116477966308594 0.0200653076171875
0.00134277343749999 0.59857177734375 -0.00687789916992187 0.0660057067871094
0.34722900390625 0.50384521484375 0.0520858764648438 0.0620651245117188
0.5018310546875 0.11029052734375 0.0455780029296875 -0.00173187255859374
0.43927001953125 -0.17437744140625 0.0381622314453125 0.0317878723144531
0.19049072265625 -0.41534423828125 0.00299835205078126 -0.0225486755371094
0.01483154296875 -0.452239990234375 -0.000780820846557616 0.00148427486419675
0.05694580078125 -0.421417236328125 0.00769424438476563 0.0521774291992187
0.03485107421875 -0.467071533203125 0.0212440490722656 0.0529747009277344
0.195556640625 -0.395721435546875 -0.0438156127929687 0.087799072265625
0.4271240234375 -0.225799560546875 -0.10260009765625 0.107879638671875
0.501708984375 0.099212646484375 -0.14849853515625 -0.0201568603515625
0.277862548828125 0.54718017578125 -0.11846923828125 -0.171127319335937
-0.00408935546875001 0.65106201171875 0.045867919921875 -0.206344604492187
-0.33795166015625 0.6103515625 0.141128540039062 -0.150588989257812
-0.25152587890625 0.589599609375 -0.214065551757812 0.212188720703125
0.035980224609375 0.559478759765625 -0.00978088378906249 0.2032470703125
0.3406982421875 0.445037841796875 0.0550384521484375 0.084381103515625
0.460296630859375 0.083099365234375 -0.00498008728027341 0.0263347625732422
0.392791748046875 -0.1607666015625 -0.0263519287109375 0.0930099487304688
0.1771240234375 -0.372955322265625 -0.0326156616210937 0.096282958984375
0.026580810546875 -0.4034423828125 0.01409912109375 0.149032592773437
0.063446044921875 -0.376007080078125 0.0315399169921875 0.188430786132813
0.04827880859375 -0.412567138671875 0.0278472900390625 0.192886352539062
0.183197021484375 -0.334564208984375 -0.070159912109375 0.204330444335937
0.3760986328125 -0.176605224609375 -0.14361572265625 0.177230834960938
0.422607421875 0.100982666015625 -0.182052612304687 0.0213470458984375
0.220367431640625 0.47662353515625 -0.115760803222656 -0.117134094238281
-0.013916015625 0.56689453125 0.0465431213378906 -0.0598487854003906
-0.305267333984375 0.554412841796875 0.0210342407226562 0.0440292358398438
-0.16143798828125 0.46063232421875 -0.297210693359375 0.389556884765625
0.057373046875 0.428955078125 -0.019134521484375 0.330535888671875
0.26678466796875 0.31201171875 0.0544662475585938 0.110771179199219
0.334259033203125 0.044342041015625 -0.0418586730957031 0.0584564208984375
0.278213500976563 -0.117706298828125 -0.0748825073242187 0.136940002441406
0.133056640625 -0.2705078125 -0.058074951171875 0.194625854492187
0.033599853515625 -0.2900390625 0.026763916015625 0.271759033203125
0.0583648681640625 -0.272552490234375 0.049774169921875 0.29541015625
0.0548095703125 -0.296875 0.028900146484375 0.303680419921875
0.145645141601563 -0.223663330078125 -0.091217041015625 0.286041259765625
0.269180297851563 -0.097808837890625 -0.170257568359375 0.211700439453125
0.272735595703125 0.0931549072265625 -0.196548461914062 0.045928955078125
0.11767578125 0.3314208984375 -0.101303100585938 -0.06890869140625
-0.0277099609375 0.388519287109375 0.0397262573242188 0.0643196105957032
-0.22760009765625 0.409454345703125 -0.0862274169921875 0.210556030273438
-0.0454254150390625 0.257278442382813 -0.3555908203125 0.522247314453125
0.0681610107421875 0.234237670898438 -0.034423828125 0.429718017578125
0.15228271484375 0.13043212890625 0.0565567016601563 0.137115478515625
0.1551513671875 -0.000335693359375 -0.0541000366210937 0.0847549438476563
0.118690490722656 -0.0559310913085938 -0.100143432617188 0.152908325195312
0.0683975219726563 -0.122222900390625 -0.0723114013671875 0.254013061523438
0.0354690551757813 -0.131149291992188 0.03533935546875 0.348907470703125
0.0447311401367188 -0.127876281738281 0.059814453125 0.35858154296875
0.05267333984375 -0.138526916503906 0.023895263671875 0.370147705078125
0.08770751953125 -0.0857925415039063 -0.105194091796875 0.324951171875
0.131904602050781 -0.012664794921875 -0.181564331054688 0.210372924804688
0.0993881225585937 0.06640625 -0.194564819335938 0.0505828857421875
0.0157470703125 0.145858764648438 -0.0847244262695313 -0.0368423461914062
-0.025848388671875 0.167068481445313 0.0257568359375 0.145156860351562
-0.111724853515625 0.210052490234375 -0.16259765625 0.32403564453125
-0.0614013671875 0.0132217407226562 0.120330810546875 -0.40057373046875
-0.0186004638671875 0.0501556396484375 -0.0312347412109375 -0.206069946289062
0.0466156005859375 0.0465660095214844 0.0417938232421875 0.0368309020996094
0.0603713989257813 -0.005615234375 0.179183959960938 -0.0319366455078125
0.0394401550292969 -0.0589523315429688 0.191879272460938 -0.159408569335938
-0.0254058837890625 -0.0582542419433594 0.091156005859375 -0.31219482421875
-0.0525550842285156 -0.0436973571777344 -0.0596923828125 -0.384674072265625
-0.031585693359375 -0.0320167541503906 -0.07952880859375 -0.35479736328125
-0.0389480590820313 -0.0322227478027344 -0.035980224609375 -0.348876953125
0.000736236572265623 -0.0416374206542969 0.0548248291015625 -0.280364990234375
0.0296459197998047 -0.0246734619140625 0.0707855224609375 -0.1646728515625
0.0382957458496094 0.0293769836425781 0.0353012084960938 -0.112884521484375
-0.0111236572265625 0.0438270568847656 -0.0380859375 -0.19866943359375
-0.0430183410644531 0.0203475952148438 0.00634765624999997 -0.450958251953125
-0.0418968200683594 -0.0456161499023437 0.3985595703125 -0.56793212890625
-0.166427612304688 0.23919677734375 0.106170654296875 -0.3812255859375
-0.0332794189453125 0.238510131835938 -0.02227783203125 -0.202468872070312
0.133316040039062 0.215896606445313 0.0340023040771484 0.0319595336914063
0.206832885742187 0.044403076171875 0.156417846679687 -0.030242919921875
0.180557250976563 -0.102630615234375 0.177978515625 -0.125686645507813
0.0404510498046875 -0.194534301757812 0.083251953125 -0.2822265625
-0.048431396484375 -0.204132080078125 -0.05218505859375 -0.34857177734375
-0.015380859375 -0.18780517578125 -0.070526123046875 -0.308624267578125
-0.0321807861328125 -0.20611572265625 -0.029083251953125 -0.30902099609375
0.0641937255859375 -0.1900634765625 0.038116455078125 -0.239700317382813
0.176498413085938 -0.113067626953125 0.0426025390625 -0.125587463378906
0.217575073242188 0.053497314453125 0.00337982177734376 -0.112030029296875
0.0995941162109375 0.232666015625 -0.0588531494140625 -0.221176147460938
-0.0268096923828125 0.254592895507813 0.01318359375 -0.463836669921875
-0.148468017578125 0.200286865234375 0.38116455078125 -0.56500244140625
-0.245391845703125 0.432281494140625 0.055389404296875 -0.297637939453125
-0.0335693359375 0.40582275390625 -0.0169219970703125 -0.152359008789063
0.221343994140625 0.35968017578125 0.0367698669433594 0.0344772338867188
0.34033203125 0.083038330078125 0.128532409667969 -0.0296859741210938
0.3046875 -0.141815185546875 0.147201538085938 -0.0863189697265625
0.10076904296875 -0.30865478515625 0.0624237060546875 -0.222976684570313
-0.03973388671875 -0.335845947265625 -0.0399627685546875 -0.264251708984375
0.00311279296875002 -0.3155517578125 -0.0495452880859375 -0.214126586914063
-0.02056884765625 -0.348541259765625 -0.01519775390625 -0.218536376953125
0.1190185546875 -0.310943603515625 0.0130767822265625 -0.154800415039063
0.301055908203125 -0.188018798828125 -0.000247955322265611 -0.0611610412597656
0.37371826171875 0.0687255859375 -0.04510498046875 -0.0956878662109375
0.204376220703125 0.394134521484375 -0.0868682861328125 -0.226654052734375
-0.00299072265625002 0.45947265625 0.01983642578125 -0.426788330078125
-0.236480712890625 0.4163818359375 0.3228759765625 -0.486236572265625
-0.28363037109375 0.56817626953125 -0.021331787109375 -0.157913208007812
-0.013397216796875 0.529205322265625 -0.0120925903320313 -0.0615425109863281
0.307708740234375 0.454132080078125 0.0455703735351563 0.0435523986816407
0.446136474609375 0.09576416015625 0.0916213989257813 -0.0233917236328125
0.391632080078125 -0.17572021484375 0.0994186401367188 -0.0352630615234375
0.144256591796875 -0.387451171875 0.031829833984375 -0.133125305175781
-0.02496337890625 -0.418304443359375 -0.022735595703125 -0.14166259765625
0.02130126953125 -0.39471435546875 -0.02081298828125 -0.0879287719726563
-0.00576782226562496 -0.435089111328125 0.003265380859375 -0.0927276611328125
0.155364990234375 -0.38275146484375 -0.0137863159179687 -0.0390625
0.383575439453125 -0.2357177734375 -0.048126220703125 0.0220375061035156
0.477264404296875 0.074005126953125 -0.0983200073242187 -0.0609054565429687
0.280517578125 0.49810791015625 -0.110687255859375 -0.2069091796875
0.0157470703125 0.59722900390625 0.026123046875 -0.3363037109375
-0.290771484375 0.563720703125 0.238067626953125 -0.33856201171875
-0.2735595703125 0.62347412109375 -0.112251281738281 0.0196075439453125
0.024169921875 0.58319091796875 -0.007110595703125 0.0600662231445313
0.363128662109375 0.477813720703125 0.055389404296875 0.0594406127929688
0.4925537109375 0.086517333984375 0.0459060668945313 -0.00621795654296875
0.421234130859375 -0.19134521484375 0.0400505065917969 0.0256233215332031
0.162872314453125 -0.41058349609375 -0.00279045104980468 -0.021148681640625
-0.010711669921875 -0.439178466796875 -0.00342512130737305 0.00211787223815915
0.03582763671875 -0.412689208984375 0.00979995727539063 0.0518569946289062
0.0103759765625 -0.45367431640625 0.0214614868164063 0.0503349304199219
0.170379638671875 -0.390777587890625 -0.0381927490234375 0.0881729125976562
0.401641845703125 -0.237579345703125 -0.0936050415039062 0.110298156738281
0.494659423828125 0.075042724609375 -0.144454956054687 -0.01416015625
0.296234130859375 0.52099609375 -0.122283935546875 -0.16326904296875
0.02386474609375 0.63018798828125 0.036529541015625 -0.204788208007812
-0.30584716796875 0.61248779296875 0.132217407226562 -0.150924682617187
-0.2227783203125 0.589111328125 -0.199249267578125 0.2120361328125
0.057098388671875 0.544952392578125 -0.0026092529296875 0.19451904296875
0.355926513671875 0.421142578125 0.0608139038085938 0.0806427001953125
0.452545166015625 0.060546875 -0.000717163085937471 0.0234394073486328
0.37701416015625 -0.177276611328125 -0.0190582275390625 0.0880889892578125
0.15093994140625 -0.371002197265625 -0.0322952270507812 0.0962677001953125
0.00238037109375003 -0.39263916015625 0.017730712890625 0.1455078125
0.042724609375 -0.369110107421875 0.038848876953125 0.182449340820313
0.026092529296875 -0.401824951171875 0.0343780517578125 0.186798095703125
0.160675048828125 -0.331512451171875 -0.0593719482421875 0.202301025390625
0.356109619140625 -0.1895751953125 -0.130523681640625 0.178741455078125
0.416961669921875 0.08050537109375 -0.175537109375 0.0280914306640625
0.236053466796875 0.454986572265625 -0.116897583007812 -0.110626220703125
0.00946044921874997 0.54974365234375 0.0441246032714844 -0.0626296997070312
-0.277008056640625 0.55645751953125 0.0240936279296875 0.0434455871582032
-0.13909912109375 0.460601806640625 -0.27197265625 0.389556884765625
0.074127197265625 0.417572021484375 -0.004913330078125 0.320068359375
0.2786865234375 0.29364013671875 0.0609893798828125 0.106063842773438
0.328338623046875 0.0286865234375 -0.034637451171875 0.0570831298828125
0.266876220703125 -0.129547119140625 -0.0659713745117187 0.133293151855469
0.114395141601562 -0.269073486328125 -0.0535888671875 0.192642211914062
0.015167236328125 -0.2833251953125 0.0359039306640625 0.264373779296875
0.0430450439453125 -0.2685546875 0.061279296875 0.286651611328125
0.037811279296875 -0.290283203125 0.040435791015625 0.294952392578125
0.129470825195313 -0.221771240234375 -0.07611083984375 0.282867431640625
0.25640869140625 -0.107986450195312 -0.154342651367187 0.212493896484375
0.270538330078125 0.0787200927734375 -0.188385009765625 0.0529022216796875
0.129547119140625 0.3193359375 -0.100662231445312 -0.0637359619140625
-0.010589599609375 0.37786865234375 0.0433120727539062 0.0587806701660156
-0.206390380859375 0.4110107421875 -0.0733184814453125 0.210189819335938
-0.0365447998046875 0.2562255859375 -0.323883056640625 0.522979736328125
0.0769500732421875 0.227188110351562 -0.0152587890625 0.4180908203125
0.157516479492188 0.122177124023438 0.0646820068359375 0.132255554199219
0.152923583984375 -0.00714111328125 -0.0455551147460938 0.0833206176757813
0.115440368652344 -0.0604400634765625 -0.0901641845703125 0.150802612304687
0.0600204467773437 -0.122772216796875 -0.062530517578125 0.25048828125
0.0256805419921875 -0.12933349609375 0.048736572265625 0.338714599609375
0.0357589721679688 -0.127227783203125 0.074005126953125 0.346832275390625
0.0433273315429687 -0.137252807617188 0.039398193359375 0.3604736328125
0.080078125 -0.086761474609375 -0.0886535644531251 0.3211669921875
0.127838134765625 -0.020263671875 -0.166580200195313 0.211746215820313
0.100456237792969 0.0599746704101563 -0.18597412109375 0.0583343505859375
0.0227508544921875 0.143783569335938 -0.0826950073242187 -0.0319061279296875
-0.0180816650390625 0.164749145507813 0.0338897705078125 0.13812255859375
-0.101608276367188 0.211441040039063 -0.14215087890625 0.3238525390625
-0.0582847595214844 0.0113487243652344 0.110748291015625 -0.395538330078125
-0.0190658569335937 0.0482406616210937 -0.0358428955078125 -0.20025634765625
0.044586181640625 0.0454978942871094 0.0409927368164063 0.0354156494140625
0.0573387145996094 -0.0054779052734375 0.172531127929687 -0.0350799560546875
0.036102294921875 -0.0577583312988281 0.183502197265625 -0.159622192382813
-0.0262794494628906 -0.0551033020019531 0.083404541015625 -0.305389404296875
-0.0506744384765625 -0.040252685546875 -0.066436767578125 -0.374267578125
-0.0304584503173828 -0.0295391082763672 -0.084197998046875 -0.34613037109375
-0.03851318359375 -0.0290489196777344 -0.042236328125 -0.342620849609375
0.000102996826171871 -0.0404891967773438 0.050262451171875 -0.275650024414063
0.02740478515625 -0.0234355926513672 0.065887451171875 -0.160980224609375
0.0374259948730469 0.0283889770507813 0.0317611694335938 -0.11077880859375
-0.0101432800292969 0.0405616760253906 -0.0420684814453125 -0.192230224609375
-0.0392684936523438 0.0181808471679688 -0.00543212890624997 -0.437744140625
-0.0405349731445313 -0.0441436767578125 0.376617431640625 -0.559600830078125
-0.156845092773437 0.23577880859375 0.0966796875 -0.37677001953125
-0.0311737060546875 0.232635498046875 -0.028106689453125 -0.19793701171875
0.133743286132813 0.209228515625 0.0337772369384766 0.031270980834961
0.200790405273438 0.0406951904296875 0.150177001953125 -0.0332794189453125
0.173477172851563 -0.10498046875 0.17156982421875 -0.127410888671875
0.0341644287109375 -0.187911987304688 0.0753326416015625 -0.275772094726563
-0.0526275634765625 -0.195709228515625 -0.05926513671875 -0.33819580078125
-0.0187530517578125 -0.182464599609375 -0.07421875 -0.301025390625
-0.0367431640625 -0.1978759765625 -0.03497314453125 -0.303680419921875
0.057769775390625 -0.185089111328125 0.0343475341796875 -0.23443603515625
0.168197631835937 -0.112655639648437 0.0399703979492188 -0.122123718261719
0.213943481445312 0.047760009765625 0.000129699707031268 -0.110710144042969
0.102218627929688 0.223114013671875 -0.0626068115234375 -0.215225219726563
-0.0201263427734375 0.245529174804688 0.00262451171875005 -0.451568603515625
-0.140060424804688 0.199142456054688 0.35992431640625 -0.55645751953125
-0.23046875 0.426483154296875 0.04852294921875 -0.2955322265625
-0.026702880859375 0.3966064453125 -0.022705078125 -0.151016235351562
0.22406005859375 0.347869873046875 0.0372047424316406 0.0340118408203125
0.33172607421875 0.074493408203125 0.1239013671875 -0.0324935913085937
0.293487548828125 -0.146820068359375 0.143280029296875 -0.08935546875
0.089385986328125 -0.30059814453125 0.053955078125 -0.21746826171875
-0.0478515625 -0.323638916015625 -0.046783447265625 -0.256027221679688
-0.00387573242187498 -0.308197021484375 -0.0514984130859375 -0.208847045898438
-0.02972412109375 -0.337066650390625 -0.0196533203125 -0.21539306640625
0.107940673828125 -0.303009033203125 0.0110015869140625 -0.150466918945313
0.2879638671875 -0.18896484375 0.000495910644531269 -0.0582923889160156
0.367645263671875 0.0594482421875 -0.0461807250976562 -0.0940628051757813
0.207977294921875 0.379058837890625 -0.08990478515625 -0.220260620117187
0.00524902343750005 0.44451904296875 0.00973510742187504 -0.416534423828125
-0.222930908203125 0.41314697265625 0.30694580078125 -0.478729248046875
-0.265869140625 0.562164306640625 -0.0233154296875 -0.158737182617187
-0.0048828125 0.517791748046875 -0.0165824890136719 -0.0630035400390625
0.31109619140625 0.4383544921875 0.0477523803710938 0.0423812866210938
0.4361572265625 0.085418701171875 0.0890884399414063 -0.0269393920898437
0.379058837890625 -0.18255615234375 0.0975799560546875 -0.0398941040039063
0.1298828125 -0.377777099609375 0.0250778198242187 -0.129013061523438
-0.037933349609375 -0.4036865234375 -0.0273818969726562 -0.136619567871094
0.01214599609375 -0.385498046875 -0.020965576171875 -0.0851211547851563
-0.01611328125 -0.422637939453125 0.000282287597656253 -0.0917587280273438
0.141754150390625 -0.37359619140625 -0.0133399963378906 -0.0373458862304688
0.368408203125 -0.237030029296875 -0.0450668334960937 0.02386474609375
0.46942138671875 0.063568115234375 -0.0972747802734375 -0.0588531494140625
0.28521728515625 0.4815673828125 -0.112533569335938 -0.201431274414062
0.02508544921875 0.5789794921875 0.019134521484375 -0.329620361328125
-0.2750244140625 0.5584716796875 0.22735595703125 -0.3336181640625
-0.25787353515625 0.618896484375 -0.1085205078125 0.0160064697265625
0.0313720703125001 0.57183837890625 -0.00883102416992187 0.0559310913085938
0.367828369140625 0.4605712890625 0.0588531494140625 0.0574798583984375
0.4818115234375 0.0740966796875 0.045928955078125 -0.00962066650390625
0.40789794921875 -0.198883056640625 0.0409126281738282 0.0207748413085937
0.1466064453125 -0.4027099609375 -0.00708580017089843 -0.0182113647460938
-0.02520751953125 -0.425140380859375 -0.00535154342651367 0.00395202636718747
0.025360107421875 -0.404876708984375 0.0116195678710938 0.0510025024414062
-0.00158691406249996 -0.441802978515625 0.0206375122070313 0.0484580993652344
0.155853271484375 -0.381378173828125 -0.0346755981445312 0.088104248046875
0.387237548828125 -0.24078369140625 -0.0875778198242187 0.110527038574219
0.487091064453125 0.066009521484375 -0.141311645507812 -0.0123748779296875
0.2999267578125 0.50384521484375 -0.122711181640625 -0.159194946289063
0.03302001953125 0.61199951171875 0.0314788818359375 -0.202041625976562
-0.289794921875 0.60699462890625 0.127716064453125 -0.147735595703125
-0.20751953125 0.58477783203125 -0.1905517578125 0.20660400390625
0.064483642578125 0.53448486328125 -0.00106811523437502 0.18695068359375
0.3614501953125 0.405120849609375 0.064483642578125 0.0785675048828125
0.4443359375 0.0501708984375 0.00179100036621097 0.0203113555908203
0.36627197265625 -0.184173583984375 -0.0159988403320312 0.0832138061523437
0.136199951171875 -0.362762451171875 -0.0338897705078125 0.0962753295898437
-0.010040283203125 -0.38092041015625 0.0177459716796875 0.143630981445312
0.03277587890625 -0.362030029296875 0.0419769287109375 0.179000854492187
0.014190673828125 -0.391632080078125 0.0361480712890625 0.181915283203125
0.1483154296875 -0.322723388671875 -0.05377197265625 0.199981689453125
0.342437744140625 -0.19244384765625 -0.122085571289062 0.177749633789063
0.40997314453125 0.070404052734375 -0.1700439453125 0.030242919921875
0.238983154296875 0.44256591796875 -0.116302490234375 -0.107429504394531
0.016845703125 0.53350830078125 0.0422439575195313 -0.0642318725585937
-0.264007568359375 0.55096435546875 0.0255584716796875 0.04339599609375
-0.12921142578125 0.457427978515625 -0.26055908203125 0.381744384765625
0.079803466796875 0.40948486328125 0.000305175781250018 0.31036376953125
0.282745361328125 0.28277587890625 0.0661773681640625 0.102760314941406
0.32354736328125 0.021026611328125 -0.0302009582519531 0.0533218383789063
0.260452270507813 -0.134674072265625 -0.0605087280273437 0.128738403320313
0.1033935546875 -0.2642822265625 -0.0520172119140625 0.191116333007813
0.00511169433593749 -0.275405883789063 0.0387115478515625 0.258926391601563
0.034454345703125 -0.2637939453125 0.065643310546875 0.280075073242187
0.028350830078125 -0.282623291015625 0.045257568359375 0.288787841796875
0.119735717773437 -0.216995239257812 -0.069305419921875 0.27850341796875
0.2464599609375 -0.111679077148438 -0.145187377929688 0.210235595703125
0.266510009765625 0.071685791015625 -0.18206787109375 0.05523681640625
0.134674072265625 0.310272216796875 -0.0993118286132812 -0.0615921020507812
-0.00418090820312502 0.367431640625 0.0450248718261719 0.0542831420898438
-0.195892333984375 0.40869140625 -0.0657806396484375 0.208053588867188
-0.0335693359375 0.2547607421875 -0.307159423828125 0.513427734375
0.079193115234375 0.22216796875 -0.006256103515625 0.40814208984375
0.159469604492188 0.11724853515625 0.0695114135742188 0.127456665039063
0.151168823242188 -0.0098876953125 -0.0398406982421875 0.0806427001953125
0.112464904785156 -0.0630950927734375 -0.08538818359375 0.146987915039063
0.054840087890625 -0.121559143066406 -0.059295654296875 0.246658325195313
0.0198211669921875 -0.127365112304688 0.05340576171875 0.330657958984375
0.0308761596679688 -0.125526428222656 0.07879638671875 0.338714599609375
0.0375442504882812 -0.134567260742187 0.045440673828125 0.352569580078125
0.0753402709960938 -0.0855178833007813 -0.080169677734375 0.315155029296875
0.123275756835938 -0.0243606567382813 -0.157363891601562 0.208908081054688
0.100349426269531 0.0558700561523437 -0.179107666015625 0.0614776611328125
0.0264892578125 0.142044067382813 -0.0808868408203125 -0.0300216674804687
-0.0145416259765625 0.161392211914063 0.0374679565429688 0.132240295410156
-0.0968017578125 0.210845947265625 -0.131561279296875 0.320068359375
-0.05682373046875 0.00919723510742188 0.107330322265625 -0.397003173828125
-0.0201454162597656 0.0478935241699219 -0.0378570556640625 -0.198776245117187
0.0431251525878906 0.0457534790039062 0.0410957336425781 0.0348396301269531
0.0563316345214844 -0.003662109375 0.169906616210938 -0.036102294921875
0.0344581604003906 -0.05712890625 0.181427001953125 -0.159835815429687
-0.0264701843261719 -0.0531120300292969 0.08111572265625 -0.3035888671875
-0.0489234924316406 -0.0384712219238281 -0.06988525390625 -0.372161865234375
-0.0295982360839844 -0.0282497406005859 -0.086151123046875 -0.346405029296875
-0.0387725830078125 -0.0272750854492187 -0.044158935546875 -0.34454345703125
-0.000904083251953124 -0.039703369140625 0.049896240234375 -0.275665283203125
0.0263175964355469 -0.0220260620117188 0.0651702880859375 -0.159286499023438
0.0377998352050781 0.0282020568847656 0.02996826171875 -0.110824584960938
-0.0105934143066406 0.0378189086914063 -0.0433349609375 -0.190841674804688
-0.037994384765625 0.0151329040527344 -0.00839233398437501 -0.43402099609375
-0.0389595031738281 -0.0440940856933594 0.374664306640625 -0.556488037109375
-0.153564453125 0.232925415039062 0.09417724609375 -0.380340576171875
-0.03228759765625 0.23114013671875 -0.031463623046875 -0.197525024414062
0.133819580078125 0.208877563476563 0.0352745056152344 0.0315399169921875
0.199005126953125 0.0414276123046875 0.147979736328125 -0.034942626953125
0.170989990234375 -0.105880737304687 0.170303344726562 -0.128768920898438
0.0315704345703125 -0.184539794921875 0.072540283203125 -0.273162841796875
-0.05413818359375 -0.191497802734375 -0.062530517578125 -0.335723876953125
-0.0188751220703125 -0.181716918945313 -0.07562255859375 -0.301025390625
-0.0389251708984375 -0.195358276367188 -0.03753662109375 -0.305511474609375
0.0557861328125 -0.182815551757813 0.035003662109375 -0.234375
0.165664672851562 -0.1126708984375 0.040435791015625 -0.120391845703125
0.2144775390625 0.046722412109375 -0.000938415527343739 -0.111236572265625
0.102996826171875 0.219482421875 -0.0645904541015625 -0.21417236328125
-0.0185699462890625 0.24066162109375 -0.000579833984374977 -0.448272705078125
-0.137985229492188 0.2000732421875 0.356964111328125 -0.55426025390625
-0.22674560546875 0.425933837890625 0.046966552734375 -0.29931640625
-0.02825927734375 0.3953857421875 -0.02642822265625 -0.15185546875
0.226165771484375 0.346527099609375 0.039642333984375 0.0340919494628906
0.329437255859375 0.073883056640625 0.1224365234375 -0.0349349975585937
0.290924072265625 -0.15008544921875 0.141845703125 -0.0925140380859375
0.084228515625 -0.2965087890625 0.0508575439453125 -0.214202880859375
-0.052276611328125 -0.318359375 -0.049468994140625 -0.253677368164063
-0.00576782226562503 -0.307373046875 -0.052337646484375 -0.208358764648438
-0.03369140625 -0.333984375 -0.022003173828125 -0.216598510742188
0.104278564453125 -0.29998779296875 0.011962890625 -0.149917602539063
0.28436279296875 -0.189605712890625 0.00167083740234377 -0.0562515258789063
0.36822509765625 0.05712890625 -0.0472259521484375 -0.095184326171875
0.209564208984375 0.375946044921875 -0.0924224853515625 -0.220962524414062
0.00588989257812499 0.438995361328125 0.00610351562500002 -0.414093017578125
-0.219970703125 0.414093017578125 0.3040771484375 -0.47637939453125
-0.2618408203125 0.5634765625 -0.0247344970703125 -0.163330078125
-0.00601196289062506 0.517181396484375 -0.0199241638183594 -0.0653038024902344
0.316741943359375 0.435699462890625 0.0515899658203125 0.0423774719238281
0.43438720703125 0.084014892578125 0.0888214111328125 -0.029632568359375
0.37628173828125 -0.186370849609375 0.0974578857421875 -0.043182373046875
0.123260498046875 -0.373321533203125 0.0218734741210938 -0.125984191894531
-0.045196533203125 -0.398834228515625 -0.0298004150390625 -0.134674072265625
0.00860595703124996 -0.38525390625 -0.0205307006835938 -0.0846786499023438
-0.0218505859375 -0.418212890625 -0.00161743164062501 -0.0922698974609375
0.1370849609375 -0.368621826171875 -0.0117721557617187 -0.0363540649414063
0.363189697265625 -0.237060546875 -0.0424652099609375 0.025726318359375
0.4698486328125 0.061492919921875 -0.0977401733398437 -0.05926513671875
0.286865234375 0.4783935546875 -0.115310668945313 -0.201736450195312
0.0277099609374999 0.57281494140625 0.016326904296875 -0.328369140625
-0.27398681640625 0.56011962890625 0.22564697265625 -0.330963134765625
-0.2545166015625 0.621337890625 -0.108955383300781 0.0117950439453125
0.03277587890625 0.5726318359375 -0.0118827819824219 0.0525970458984375
0.374114990234375 0.458251953125 0.0629730224609375 0.0574378967285157
0.481109619140625 0.070526123046875 0.0470962524414063 -0.0125579833984375
0.406036376953125 -0.2042236328125 0.0416526794433594 0.0165939331054687
0.14056396484375 -0.398284912109375 -0.0099954605102539 -0.0151195526123047
-0.032135009765625 -0.418731689453125 -0.00740337371826172 0.00582885742187497
0.02099609375 -0.40472412109375 0.0130538940429687 0.0519447326660156
-0.00744628906249999 -0.43731689453125 0.0198135375976563 0.0485458374023437
0.15240478515625 -0.376617431640625 -0.0334014892578125 0.0885162353515625
0.382843017578125 -0.240325927734375 -0.0842132568359375 0.111640930175781
0.486602783203125 0.06390380859375 -0.141159057617187 -0.012420654296875
0.302703857421875 0.502044677734375 -0.125091552734375 -0.159332275390625
0.03314208984375 0.60540771484375 0.0295562744140625 -0.2022705078125
-0.286865234375 0.60919189453125 0.1278076171875 -0.146652221679687
-0.2056884765625 0.5888671875 -0.189559936523438 0.203170776367188
0.06488037109375 0.534088134765625 -0.00311279296875002 0.184860229492188
0.3681640625 0.403106689453125 0.0698928833007813 0.0778427124023438
0.444183349609375 0.046539306640625 0.00368499755859378 0.0170650482177734
0.364898681640625 -0.189788818359375 -0.014556884765625 0.0797348022460937
0.130340576171875 -0.360198974609375 -0.0364913940429688 0.0987701416015625
-0.017486572265625 -0.37548828125 0.0171661376953125 0.144500732421875
0.029205322265625 -0.3623046875 0.044219970703125 0.17962646484375
0.00918579101562497 -0.388397216796875 0.036651611328125 0.182998657226563
0.144317626953125 -0.3192138671875 -0.0522003173828125 0.200698852539062
0.3388671875 -0.193359375 -0.118804931640625 0.177902221679688
0.41082763671875 0.069000244140625 -0.16973876953125 0.0307769775390625
0.242767333984375 0.44122314453125 -0.11798095703125 -0.108024597167969
0.01727294921875 0.528594970703125 0.0417137145996094 -0.0649528503417968
-0.26263427734375 0.55419921875 0.0266990661621094 0.0453948974609375
-0.127899169921875 0.461639404296875 -0.2574462890625 0.378662109375
0.0811767578125001 0.409820556640625 0.000244140624999978 0.30853271484375
0.28814697265625 0.281219482421875 0.0717315673828125 0.101760864257813
0.323638916015625 0.01788330078125 -0.0274658203125 0.0511703491210938
0.259078979492188 -0.139175415039063 -0.0593948364257812 0.126449584960938
0.0990753173828125 -0.262969970703125 -0.053985595703125 0.192153930664062
-0.000793457031250022 -0.2728271484375 0.0394134521484375 0.259002685546875
0.0308837890625 -0.264450073242188 0.06768798828125 0.280471801757813
0.0243988037109375 -0.280563354492188 0.0457763671875 0.289794921875
0.11663818359375 -0.21441650390625 -0.067718505859375 0.278961181640625
0.243728637695313 -0.113754272460938 -0.14227294921875 0.210235595703125
0.266815185546875 0.0700225830078125 -0.180435180664062 0.055877685546875
0.136138916015625 0.311248779296875 -0.100563049316406 -0.0620269775390625
-0.00350952148437499 0.36578369140625 0.0449447631835938 0.0518417358398438
-0.195220947265625 0.40997314453125 -0.0636749267578125 0.209915161132813
-0.0340118408203125 0.257766723632812 -0.304901123046875 0.51165771484375
0.0803680419921875 0.222396850585938 -0.00488281249999998 0.40625
0.16357421875 0.116287231445313 0.0741806030273438 0.126091003417969
0.152389526367188 -0.0119476318359375 -0.03692626953125 0.07794189453125
0.112472534179688 -0.0654220581054688 -0.0848388671875 0.145416259765625
0.0524139404296875 -0.121498107910156 -0.0604400634765625 0.2476806640625
0.0160598754882812 -0.126045227050781 0.054412841796875 0.330322265625
0.0285415649414063 -0.125946044921875 0.08099365234375 0.33941650390625
0.0354995727539062 -0.13397216796875 0.047760009765625 0.353546142578125
0.0736083984375 -0.0845108032226563 -0.078277587890625 0.31488037109375
0.12176513671875 -0.02667236328125 -0.154541015625 0.20806884765625
0.101119995117188 0.0548095703125 -0.17730712890625 0.0629119873046875
0.0291900634765625 0.143814086914063 -0.0804977416992188 -0.029693603515625
-0.0136260986328125 0.16180419921875 0.039276123046875 0.129249572753906
-0.0970916748046875 0.213119506835937 -0.127593994140625 0.32135009765625
-0.0570487976074219 0.00732040405273439 0.1046142578125 -0.408294677734375
-0.0217056274414063 0.0487022399902344 -0.0416412353515625 -0.202102661132813
0.0434455871582031 0.0476455688476563 0.043121337890625 0.0350608825683594
0.0568733215332031 -0.00193405151367188 0.171585083007813 -0.0399017333984375
0.033172607421875 -0.057861328125 0.181884765625 -0.165817260742188
-0.0280189514160156 -0.0523948669433594 0.079620361328125 -0.3096923828125
-0.0488243103027344 -0.037384033203125 -0.076873779296875 -0.377960205078125
-0.0289516448974609 -0.0280857086181641 -0.094818115234375 -0.353912353515625
-0.0396499633789063 -0.025634765625 -0.05145263671875 -0.354766845703125
-0.00215530395507812 -0.0402603149414063 0.048980712890625 -0.282989501953125
0.0260276794433594 -0.0214576721191406 0.06475830078125 -0.161575317382813
0.0393600463867188 0.0282516479492187 0.02789306640625 -0.1142578125
-0.0114097595214844 0.0361099243164063 -0.0473785400390625 -0.193862915039063
-0.0378532409667969 0.0131034851074219 -0.016754150390625 -0.4407958984375
-0.0390357971191406 -0.045257568359375 0.37396240234375 -0.5723876953125
-0.153335571289062 0.238571166992188 0.090118408203125 -0.39190673828125
-0.03167724609375 0.236068725585938 -0.0361175537109375 -0.201980590820312
0.139404296875 0.212493896484375 0.0380096435546875 0.03192138671875
0.202407836914062 0.041748046875 0.14892578125 -0.03863525390625
0.171554565429687 -0.110855102539063 0.170578002929687 -0.135101318359375
0.0281829833984375 -0.186187744140625 0.06976318359375 -0.278518676757812
-0.0576629638671875 -0.191879272460938 -0.070068359375 -0.340728759765625
-0.02154541015625 -0.18463134765625 -0.08123779296875 -0.30767822265625
-0.0430908203125 -0.196060180664063 -0.044097900390625 -0.31414794921875
0.0536956787109375 -0.185287475585938 0.033966064453125 -0.239776611328125
0.167037963867187 -0.11578369140625 0.0407867431640625 -0.121810913085938
0.220367431640625 0.0444793701171875 -0.00399017333984373 -0.114036560058594
0.10723876953125 0.221145629882813 -0.0699920654296875 -0.21826171875
-0.0162811279296875 0.242645263671875 -0.00860595703125 -0.455169677734375
-0.137374877929687 0.206207275390625 0.356689453125 -0.5679931640625
-0.2252197265625 0.437774658203125 0.042510986328125 -0.31011962890625
-0.025482177734375 0.4034423828125 -0.0316619873046875 -0.156387329101562
0.2374267578125 0.350738525390625 0.0439910888671875 0.0342597961425781
0.33544921875 0.0728759765625 0.123130798339844 -0.0394134521484375
0.292633056640625 -0.158721923828125 0.142669677734375 -0.097869873046875
0.07989501953125 -0.299652099609375 0.0476531982421875 -0.21722412109375
-0.060028076171875 -0.318756103515625 -0.0551910400390625 -0.256637573242188
-0.0108642578125 -0.312835693359375 -0.055694580078125 -0.213409423828125
-0.040740966796875 -0.3372802734375 -0.027862548828125 -0.2227783203125
0.100982666015625 -0.304412841796875 0.01202392578125 -0.15325927734375
0.286956787109375 -0.195892333984375 0.00266265869140627 -0.0567779541015625
0.37847900390625 0.053985595703125 -0.0510330200195312 -0.0969619750976563
0.218902587890625 0.38043212890625 -0.0994415283203125 -0.22503662109375
0.00924682617187501 0.445098876953125 6.1035156249961E-05 -0.421539306640625
-0.22021484375 0.428009033203125 0.306121826171875 -0.486724853515625
-0.25909423828125 0.57916259765625 -0.028533935546875 -0.171005249023437
0.000915527343749957 0.528900146484375 -0.0246963500976563 -0.0684890747070312
0.330902099609375 0.441070556640625 0.05767822265625 0.0424003601074219
0.44305419921875 0.08001708984375 0.0896148681640625 -0.0343170166015625
0.380218505859375 -0.1976318359375 0.0985031127929688 -0.0485992431640625
0.1165771484375 -0.377655029296875 0.0188140869140625 -0.126258850097656
-0.05487060546875 -0.4012451171875 -0.0342636108398438 -0.134742736816406
0.00234985351562498 -0.393829345703125 -0.0207595825195313 -0.0865020751953125
-0.03021240234375 -0.425018310546875 -0.00383758544921874 -0.0946502685546875
0.133941650390625 -0.37445068359375 -0.0112266540527344 -0.0358657836914063
0.365631103515625 -0.246551513671875 -0.0405921936035156 0.0279045104980469
0.48370361328125 0.0552978515625 -0.101974487304687 -0.0605010986328125
0.299591064453125 0.485565185546875 -0.123138427734375 -0.204971313476562
0.03216552734375 0.58172607421875 0.011260986328125 -0.334136962890625
-0.273193359375 0.57763671875 0.22662353515625 -0.339080810546875
-0.25 0.640380859375 -0.112022399902344 0.00840759277343752
0.0393676757812499 0.58441162109375 -0.0145988464355469 0.05206298828125
0.391387939453125 0.46240234375 0.0705718994140625 0.056915283203125
0.49053955078125 0.06707763671875 0.0479240417480469 -0.0163803100585937
0.409332275390625 -0.218994140625 0.0425682067871094 0.0132827758789062
0.134033203125 -0.404754638671875 -0.0129623413085937 -0.0132837295532227
-0.042449951171875 -0.421600341796875 -0.00899219512939453 0.00736141204833982
0.01458740234375 -0.4134521484375 0.0156478881835937 0.0532112121582031
-0.016326904296875 -0.443206787109375 0.0200462341308594 0.0498733520507812
0.148101806640625 -0.383270263671875 -0.0315093994140625 0.09222412109375
0.385498046875 -0.250579833984375 -0.0821151733398437 0.115219116210937
0.500244140625 0.057220458984375 -0.145187377929687 -0.011688232421875
0.31585693359375 0.509674072265625 -0.132461547851562 -0.161544799804687
0.0380859375 0.61651611328125 0.026397705078125 -0.206756591796875
-0.28839111328125 0.62841796875 0.129440307617187 -0.149002075195312
-0.20281982421875 0.60693359375 -0.192062377929688 0.204696655273438
0.072479248046875 0.547576904296875 -0.00334167480468751 0.186614990234375
0.385040283203125 0.40655517578125 0.0779953002929688 0.0772857666015625
0.45404052734375 0.040679931640625 0.0051231384277344 0.0143814086914063
0.368560791015625 -0.20263671875 -0.01361083984375 0.0780105590820312
0.12548828125 -0.366851806640625 -0.0386123657226562 0.103622436523437
-0.026885986328125 -0.37823486328125 0.018310546875 0.14892578125
0.02239990234375 -0.370635986328125 0.049530029296875 0.183868408203125
0.00119018554687504 -0.39410400390625 0.039520263671875 0.187896728515625
0.141754150390625 -0.324920654296875 -0.0497283935546875 0.207321166992188
0.341217041015625 -0.2025146484375 -0.117218017578125 0.183502197265625
0.421539306640625 0.065277099609375 -0.17352294921875 0.0327606201171875
0.25341796875 0.449737548828125 -0.124618530273437 -0.109169006347656
0.02215576171875 0.5391845703125 0.041290283203125 -0.067596435546875
-0.26226806640625 0.57135009765625 0.0291976928710937 0.0482330322265625
-0.12506103515625 0.476226806640625 -0.259246826171875 0.385894775390625
0.087188720703125 0.41961669921875 0.002716064453125 0.314056396484375
0.302490234375 0.2823486328125 0.0789642333984375 0.101448059082031
0.331512451171875 0.012542724609375 -0.0260505676269531 0.0491981506347656
0.262466430664063 -0.1492919921875 -0.0590133666992187 0.127334594726563
0.095367431640625 -0.267669677734375 -0.0550384521484375 0.199005126953125
-0.00784301757812498 -0.274581909179687 0.042633056640625 0.265029907226563
0.0255889892578125 -0.270538330078125 0.07470703125 0.287322998046875
0.019500732421875 -0.285369873046875 0.051727294921875 0.297454833984375
0.115249633789062 -0.217987060546875 -0.064727783203125 0.286590576171875
0.2451171875 -0.119720458984375 -0.140487670898437 0.215469360351563
0.274551391601562 0.067291259765625 -0.183120727539062 0.0592498779296875
0.144622802734375 0.31768798828125 -0.105133056640625 -0.0619583129882812
-0.000701904296875027 0.372314453125 0.0467567443847656 0.0513687133789063
-0.197479248046875 0.424285888671875 -0.060577392578125 0.216659545898438
-0.0328369140625 0.267257690429688 -0.304779052734375 0.522979736328125
0.084503173828125 0.227462768554688 -0.000213623046874983 0.414459228515625
0.17120361328125 0.116073608398438 0.0805587768554688 0.12542724609375
0.15606689453125 -0.015869140625 -0.034759521484375 0.0776443481445313
0.114433288574219 -0.070281982421875 -0.08453369140625 0.14794921875
0.05072021484375 -0.123649597167969 -0.060821533203125 0.254745483398438
0.0125808715820312 -0.127479553222656 0.059844970703125 0.336822509765625
0.0259933471679688 -0.128684997558594 0.0885009765625 0.34716796875
0.03338623046875 -0.136558532714844 0.054718017578125 0.3629150390625
0.072906494140625 -0.0864715576171875 -0.07513427734375 0.32305908203125
0.122169494628906 -0.0302886962890625 -0.153900146484375 0.213241577148438
0.104904174804687 0.0537109375 -0.179122924804688 0.0672607421875
0.033905029296875 0.147994995117188 -0.0835800170898438 -0.0287094116210938
-0.01165771484375 0.165298461914063 0.0430831909179687 0.130386352539063
-0.097686767578125 0.221893310546875 -0.123687744140625 0.33050537109375
-0.0588531494140625 0.00767135620117188 0.091461181640625 -0.42498779296875
-0.0212516784667969 0.0508003234863281 -0.0505523681640625 -0.205810546875
0.0464706420898438 0.0490875244140625 0.0467453002929687 0.0346298217773438
0.0594825744628906 -0.00175094604492187 0.17315673828125 -0.04766845703125
0.0310249328613281 -0.0593528747558594 0.17889404296875 -0.17724609375
-0.0309219360351562 -0.0510787963867188 0.0703125 -0.320892333984375
-0.0503501892089844 -0.03582763671875 -0.095794677734375 -0.385101318359375
-0.0292549133300781 -0.0274028778076172 -0.112335205078125 -0.361968994140625
-0.0413017272949219 -0.0225563049316406 -0.069732666015625 -0.36578369140625
-0.00393295288085938 -0.0399627685546875 0.040985107421875 -0.29412841796875
0.0260276794433594 -0.0216884613037109 0.0610809326171875 -0.1666259765625
0.0412216186523438 0.0278396606445313 0.0229568481445312 -0.1181640625
-0.01263427734375 0.0358390808105469 -0.0573272705078125 -0.197845458984375
-0.0381622314453125 0.0120315551757812 -0.03631591796875 -0.449371337890625
-0.0401954650878906 -0.0456581115722656 0.35955810546875 -0.59844970703125
-0.147552490234375 0.248565673828125 0.0751037597656249 -0.408599853515625
-0.0253753662109375 0.243484497070313 -0.046051025390625 -0.206710815429687
0.152496337890625 0.214065551757813 0.0434913635253906 0.0310745239257813
0.209335327148438 0.037353515625 0.149398803710938 -0.0467376708984375
0.170547485351563 -0.119674682617188 0.168426513671875 -0.146194458007813
0.021026611328125 -0.1888427734375 0.061767578125 -0.286865234375
-0.0664215087890625 -0.190811157226563 -0.086761474609375 -0.34576416015625
-0.0288238525390625 -0.188827514648438 -0.0970458984375 -0.314849853515625
-0.052764892578125 -0.19720458984375 -0.060638427734375 -0.323974609375
0.046966552734375 -0.19024658203125 0.0272369384765625 -0.249069213867188
0.165847778320313 -0.123886108398438 0.0385055541992187 -0.124732971191406
0.229766845703125 0.036956787109375 -0.0106582641601562 -0.117668151855469
0.118011474609375 0.222061157226563 -0.0827484130859375 -0.2213134765625
-0.00886535644531251 0.247512817382813 -0.02703857421875 -0.465240478515625
-0.133010864257813 0.217605590820312 0.3441162109375 -0.5946044921875
-0.212921142578125 0.4569091796875 0.029205322265625 -0.324737548828125
-0.013092041015625 0.4150390625 -0.041046142578125 -0.161041259765625
0.25927734375 0.351104736328125 0.0511283874511719 0.0327606201171875
0.34619140625 0.063934326171875 0.12371826171875 -0.04742431640625
0.292205810546875 -0.174713134765625 0.14093017578125 -0.107376098632813
0.06890869140625 -0.306243896484375 0.0403594970703125 -0.222335815429688
-0.074310302734375 -0.32073974609375 -0.0686798095703125 -0.2603759765625
-0.0234375 -0.320159912109375 -0.0652923583984375 -0.218185424804688
-0.0567626953125 -0.341888427734375 -0.0389404296875 -0.229263305664063
0.091796875 -0.313812255859375 0.00796508789062501 -0.157958984375
0.28546142578125 -0.21112060546875 0.00268936157226565 -0.0566673278808594
0.392730712890625 0.03955078125 -0.05804443359375 -0.098876953125
0.239654541015625 0.382568359375 -0.112716674804687 -0.226455688476562
0.023895263671875 0.453857421875 -0.017730712890625 -0.429229736328125
-0.20965576171875 0.4495849609375 0.293731689453125 -0.508941650390625
-0.24261474609375 0.60662841796875 -0.0386962890625 -0.180191040039063
0.01806640625 0.544342041015625 -0.0313720703125 -0.0711898803710937
0.36065673828125 0.439849853515625 0.0661582946777344 0.0394668579101563
0.457305908203125 0.065704345703125 0.0902481079101563 -0.041412353515625
0.37939453125 -0.220489501953125 0.0981979370117188 -0.0565872192382813
0.10333251953125 -0.388824462890625 0.0127944946289063 -0.127182006835938
-0.07403564453125 -0.403656005859375 -0.0415420532226563 -0.136238098144531
-0.014434814453125 -0.40447998046875 -0.0237503051757813 -0.0889358520507813
-0.05126953125 -0.431640625 -0.00923919677734376 -0.0976409912109375
0.12359619140625 -0.386688232421875 -0.0106353759765625 -0.0363578796386719
0.36590576171875 -0.267364501953125 -0.0384407043457031 0.0308723449707031
0.50042724609375 0.03790283203125 -0.109031677246094 -0.0587692260742187
0.3272705078125 0.488525390625 -0.137054443359375 -0.205047607421875
0.05084228515625 0.59405517578125 -0.002105712890625 -0.342803955078125
-0.2603759765625 0.60675048828125 0.220489501953125 -0.354034423828125
-0.2315673828125 0.67156982421875 -0.117263793945313 0.00839996337890629
0.060791015625 0.60101318359375 -0.0161018371582031 0.0525894165039063
0.42547607421875 0.458709716796875 0.0805130004882813 0.0528030395507813
0.507659912109375 0.049072265625 0.0485801696777344 -0.0216407775878906
0.40966796875 -0.24273681640625 0.0437240600585938 0.00880050659179686
0.120513916015625 -0.417022705078125 -0.0157089233398437 -0.0101547241210938
-0.062835693359375 -0.42529296875 -0.0102043151855469 0.00983715057373044
-0.00372314453125004 -0.425506591796875 0.0200881958007813 0.0536880493164062
-0.036956787109375 -0.452728271484375 0.0221519470214844 0.0517616271972656
0.137481689453125 -0.39569091796875 -0.0269012451171875 0.0980072021484375
0.384735107421875 -0.272247314453125 -0.0777740478515625 0.122222900390625
0.518890380859375 0.039398193359375 -0.15087890625 -0.00645446777343749
0.345794677734375 0.51361083984375 -0.14544677734375 -0.159896850585937
0.0593872070312501 0.62945556640625 0.0185394287109375 -0.212814331054687
-0.27362060546875 0.66070556640625 0.128646850585937 -0.154296875
-0.18463134765625 0.63531494140625 -0.1912841796875 0.213760375976563
0.09423828125 0.562286376953125 0.00114440917968752 0.191116333007813
0.417022705078125 0.40045166015625 0.0885772705078125 0.0732803344726563
0.467987060546875 0.02362060546875 0.0064964294433594 0.0113334655761719
0.369903564453125 -0.2265625 -0.0108718872070312 0.077484130859375
0.11199951171875 -0.37811279296875 -0.0375747680664062 0.11029052734375
-0.04510498046875 -0.38189697265625 0.02398681640625 0.15386962890625
0.00595092773437503 -0.38165283203125 0.0599365234375 0.187820434570312
-0.016510009765625 -0.403045654296875 0.0494384765625 0.194122314453125
0.1326904296875 -0.3355712890625 -0.04205322265625 0.216384887695312
0.340423583984375 -0.22100830078125 -0.110916137695312 0.192642211914063
0.43731689453125 0.04986572265625 -0.177398681640625 0.0401153564453125
0.280548095703125 0.454498291015625 -0.1351318359375 -0.105934143066406
0.040557861328125 0.55078125 0.0398101806640625 -0.071380615234375
-0.2490234375 0.60076904296875 0.0335197448730469 0.0506515502929688
-0.111175537109375 0.49755859375 -0.253143310546875 0.403594970703125
0.105133056640625 0.4296875 0.012969970703125 0.322540283203125
0.3253173828125 0.2769775390625 0.0895919799804688 0.0980148315429688
0.34124755859375 -0.00177001953125 -0.0238113403320312 0.0494155883789063
0.2633056640625 -0.167266845703125 -0.0553359985351562 0.130035400390625
0.086639404296875 -0.276580810546875 -0.05096435546875 0.208602905273437
-0.0214080810546875 -0.277679443359375 0.053741455078125 0.272048950195313
0.0136260986328125 -0.278701782226563 0.090423583984375 0.294036865234375
0.006744384765625 -0.293182373046875 0.067352294921875 0.30645751953125
0.108993530273437 -0.225830078125 -0.05487060546875 0.298797607421875
0.24481201171875 -0.133377075195313 -0.1353759765625 0.22662353515625
0.285858154296875 0.057525634765625 -0.185684204101562 0.0684967041015625
0.16265869140625 0.322479248046875 -0.112380981445313 -0.0584030151367187
0.01177978515625 0.382110595703125 0.05078125 0.0499191284179688
-0.18609619140625 0.4473876953125 -0.051361083984375 0.226394653320313
-0.0243072509765625 0.278228759765625 -0.29547119140625 0.5447998046875
0.09576416015625 0.23187255859375 0.015106201171875 0.42547607421875
0.181961059570313 0.110580444335938 0.0901031494140625 0.122825622558594
0.160049438476563 -0.0240478515625 -0.0311737060546875 0.0788116455078125
0.115005493164063 -0.07861328125 -0.0808563232421875 0.153091430664063
0.047210693359375 -0.128730773925781 -0.0543365478515625 0.264862060546875
0.00620269775390626 -0.1292724609375 0.073944091796875 0.34539794921875
0.0199050903320313 -0.133415222167969 0.10687255859375 0.35443115234375
0.027679443359375 -0.141586303710938 0.073272705078125 0.373016357421875
0.0708541870117188 -0.0907211303710938 -0.065093994140625 0.335723876953125
0.122123718261719 -0.0368270874023438 -0.149093627929687 0.223480224609375
0.110137939453125 0.0499496459960938 -0.180816650390625 0.0767669677734375
0.0431365966796875 0.15179443359375 -0.087890625 -0.0251998901367187
-0.00602722167968751 0.170822143554688 0.0500411987304687 0.130455017089844
-0.0929412841796875 0.234527587890625 -0.110992431640625 0.345489501953125
-0.0596160888671875 0.00922393798828126 0.064788818359375 -0.437042236328125
-0.0190849304199219 0.0527000427246094 -0.0636444091796875 -0.205978393554688
0.0503883361816406 0.047698974609375 0.051544189453125 0.0308074951171875
0.0611419677734375 -0.00376129150390625 0.170440673828125 -0.0600738525390625
0.0274581909179688 -0.0608940124511719 0.168701171875 -0.189895629882812
-0.03424072265625 -0.0478515625 0.052459716796875 -0.328033447265625
-0.0521049499511719 -0.0326118469238281 -0.12103271484375 -0.38330078125
-0.0303459167480469 -0.0255012512207031 -0.138214111328125 -0.36083984375
-0.0428695678710938 -0.0184173583984375 -0.096710205078125 -0.367706298828125
-0.00696945190429687 -0.0396003723144531 0.02398681640625 -0.30218505859375
0.0249977111816406 -0.0222759246826172 0.0528564453125 -0.170700073242187
0.04376220703125 0.0256729125976562 0.0141525268554688 -0.120796203613281
-0.0124778747558594 0.0358963012695313 -0.072235107421875 -0.197006225585937
-0.0378150939941406 0.012420654296875 -0.063690185546875 -0.448577880859375
-0.0423011779785156 -0.0439949035644531 0.3251953125 -0.6240234375
-0.134063720703125 0.259140014648438 0.04925537109375 -0.41961669921875
-0.01275634765625 0.24835205078125 -0.0608673095703125 -0.207168579101562
0.168701171875 0.207244873046875 0.0488624572753906 0.0272636413574219
0.214462280273438 0.0274505615234375 0.146514892578125 -0.0579376220703125
0.16357421875 -0.130996704101563 0.159652709960937 -0.158279418945312
0.009246826171875 -0.189102172851563 0.045196533203125 -0.2930908203125
-0.0780029296875 -0.186111450195313 -0.109649658203125 -0.343841552734375
-0.0400543212890625 -0.188583374023438 -0.118896484375 -0.313385009765625
-0.0661468505859375 -0.193222045898438 -0.08526611328125 -0.3255615234375
0.03594970703125 -0.194076538085938 0.0134735107421875 -0.2548828125
0.15997314453125 -0.134674072265625 0.0333938598632813 -0.12750244140625
0.235733032226563 0.0230865478515625 -0.0201644897460937 -0.118453979492187
0.131423950195313 0.217544555664063 -0.099822998046875 -0.218551635742188
0.0047760009765625 0.2489013671875 -0.0574951171875 -0.46612548828125
-0.120315551757812 0.229019165039063 0.31170654296875 -0.61810302734375
-0.188323974609375 0.475616455078125 0.00656127929687497 -0.332855224609375
0.00979614257812502 0.421630859375 -0.0540313720703125 -0.160964965820312
0.286651611328125 0.338592529296875 0.0579338073730469 0.0267257690429688
0.355133056640625 0.045257568359375 0.119979858398438 -0.0570602416992188
0.283172607421875 -0.19573974609375 0.134483337402344 -0.119277954101563
0.049896240234375 -0.3101806640625 0.0271759033203125 -0.225509643554688
-0.09515380859375 -0.31494140625 -0.0860748291015625 -0.257980346679688
-0.04443359375 -0.322906494140625 -0.0803985595703125 -0.218353271484375
-0.079437255859375 -0.339019775390625 -0.0558319091796875 -0.230392456054688
0.07305908203125 -0.3206787109375 0.0001678466796875 -0.161376953125
0.276031494140625 -0.230712890625 0.00149917602539064 -0.0560264587402344
0.40283203125 0.015106201171875 -0.0673446655273437 -0.096405029296875
0.266326904296875 0.373443603515625 -0.1314697265625 -0.220901489257812
0.04937744140625 0.4561767578125 -0.044281005859375 -0.431976318359375
-0.184600830078125 0.46990966796875 0.267486572265625 -0.530029296875
-0.20672607421875 0.62933349609375 -0.0536651611328125 -0.1832275390625
0.050537109375 0.5501708984375 -0.0394058227539062 -0.0710601806640625
0.3948974609375 0.422088623046875 0.0742263793945313 0.0316314697265625
0.467132568359375 0.04132080078125 0.0864105224609375 -0.0499038696289062
0.368988037109375 -0.248443603515625 0.0940475463867188 -0.06561279296875
0.0802001953125 -0.39617919921875 0.00440979003906251 -0.127487182617188
-0.098907470703125 -0.39788818359375 -0.052093505859375 -0.134025573730469
-0.04095458984375 -0.408416748046875 -0.0293426513671875 -0.0897598266601563
-0.080230712890625 -0.430816650390625 -0.0163955688476563 -0.0979766845703125
0.100860595703125 -0.39593505859375 -0.0107803344726562 -0.03594970703125
0.352264404296875 -0.292083740234375 -0.0349063873291015 0.0342540740966797
0.51171875 0.0068359375 -0.115951538085937 -0.05316162109375
0.361572265625 0.476898193359375 -0.154800415039063 -0.196609497070312
0.0834350585937501 0.59735107421875 -0.023162841796875 -0.344146728515625
-0.22564697265625 0.63409423828125 0.202789306640625 -0.36767578125
-0.19256591796875 0.69525146484375 -0.121772766113281 0.0108108520507813
0.0971679687500001 0.608642578125 -0.01690673828125 0.0534934997558594
0.463653564453125 0.436767578125 0.09033203125 0.0439987182617188
0.51654052734375 0.018524169921875 0.0468101501464844 -0.0279502868652344
0.398895263671875 -0.274871826171875 0.0435714721679688 0.00336074829101561
0.09423828125 -0.425567626953125 -0.0174589157104492 -0.0064516067504883
-0.09124755859375 -0.420623779296875 -0.0110635757446289 0.0118885040283203
-0.032012939453125 -0.431121826171875 0.0249137878417969 0.0524940490722656
-0.066986083984375 -0.453460693359375 0.0261001586914063 0.0519180297851562
0.114776611328125 -0.405853271484375 -0.0196990966796875 0.101356506347656
0.371551513671875 -0.2996826171875 -0.0688171386718749 0.128471374511719
0.529510498046875 0.008087158203125 -0.1558837890625 0.002716064453125
0.38214111328125 0.501190185546875 -0.160049438476562 -0.150741577148437
0.09344482421875 0.6329345703125 0.00648498535156248 -0.21533203125
-0.23834228515625 0.68853759765625 0.122467041015625 -0.161285400390625
-0.1475830078125 0.656982421875 -0.183929443359375 0.224197387695313
0.12890625 0.56549072265625 0.00970458984375001 0.193252563476563
0.45111083984375 0.37872314453125 0.0985641479492188 0.0643539428710938
0.475341796875 -0.005767822265625 0.00737810134887698 0.00786828994750977
0.359130859375 -0.25506591796875 -0.00745391845703123 0.0763702392578125
0.089447021484375 -0.386871337890625 -0.0332107543945312 0.116912841796875
-0.070556640625 -0.379180908203125 0.0322418212890625 0.155792236328125
-0.019256591796875 -0.38702392578125 0.074310302734375 0.186477661132813
-0.044036865234375 -0.40521240234375 0.063812255859375 0.195816040039062
0.113494873046875 -0.345611572265625 -0.02752685546875 0.223297119140625
0.3284912109375 -0.244598388671875 -0.0988006591796875 0.201431274414062
0.447845458984375 0.022186279296875 -0.178421020507812 0.05157470703125
0.31256103515625 0.446319580078125 -0.145233154296875 -0.0971679687499999
0.07147216796875 0.5548095703125 0.0363006591796875 -0.073822021484375
-0.217529296875 0.62786865234375 0.039093017578125 0.0515594482421875
-0.08251953125 0.514373779296875 -0.233917236328125 0.4205322265625
0.132659912109375 0.4307861328125 0.0306396484375 0.325714111328125
0.348785400390625 0.258819580078125 0.099609375 0.089599609375
0.345458984375 -0.023956298828125 -0.0201568603515625 0.0484046936035156
0.254745483398438 -0.187759399414062 -0.0481338500976562 0.1322021484375
0.069671630859375 -0.2838134765625 -0.041107177734375 0.216537475585937
-0.040313720703125 -0.2762451171875 0.0701904296875 0.274002075195313
-0.004913330078125 -0.2835693359375 0.1116943359375 0.292724609375
-0.01385498046875 -0.295654296875 0.09002685546875 0.308624267578125
0.0966949462890625 -0.233261108398438 -0.03607177734375 0.3076171875
0.236907958984375 -0.150466918945313 -0.121749877929688 0.236480712890625
0.29425048828125 0.039703369140625 -0.184234619140625 0.0809783935546875
0.187255859375 0.318023681640625 -0.118873596191406 -0.0501480102539062
0.033599853515625 0.38543701171875 0.0550613403320313 0.0469436645507813
-0.16168212890625 0.467498779296875 -0.035369873046875 0.233627319335938
-0.00830078124999997 0.28607177734375 -0.265625 0.56939697265625
0.11083984375 0.22967529296875 0.040313720703125 0.431121826171875
0.191635131835938 0.0999908447265625 0.1002197265625 0.1160888671875
0.159805297851563 -0.0354156494140625 -0.025177001953125 0.079620361328125
0.111503601074219 -0.088623046875 -0.0721893310546875 0.157562255859375
0.0394134521484375 -0.133033752441406 -0.0412750244140625 0.273025512695313
-0.00248718261718751 -0.129417419433594 0.095184326171875 0.3470458984375
0.010467529296875 -0.136322021484375 0.132598876953125 0.353912353515625
0.0177764892578125 -0.144851684570313 0.101348876953125 0.375640869140625
0.0653915405273438 -0.094940185546875 -0.044525146484375 0.344940185546875
0.118873596191406 -0.0455398559570313 -0.136032104492188 0.234298706054688
0.114585876464844 0.04248046875 -0.177093505859375 0.0898590087890625
0.0560760498046875 0.151565551757813 -0.0906906127929688 -0.0187911987304688
0.004791259765625 0.17352294921875 0.0591812133789062 0.12799072265625
-0.079833984375 0.24566650390625 -0.087554931640625 0.35760498046875
-0.0583915710449219 0.0116119384765625 0.03515625 -0.433807373046875
-0.0160789489746094 0.0528755187988281 -0.075347900390625 -0.199813842773438
0.053375244140625 0.0443649291992188 0.0538597106933594 0.0256805419921875
0.0615158081054688 -0.00577545166015625 0.161407470703125 -0.0697021484375
0.0231857299804688 -0.0602035522460938 0.15264892578125 -0.19561767578125
-0.0358695983886719 -0.0432052612304688 0.032501220703125 -0.325714111328125
-0.0523719787597656 -0.0278778076171875 -0.143951416015625 -0.368133544921875
-0.0305137634277344 -0.0232353210449219 -0.161163330078125 -0.3463134765625
-0.0419349670410156 -0.0136260986328125 -0.122589111328125 -0.356292724609375
-0.0095672607421875 -0.0373954772949219 0.00540161132812499 -0.2996826171875
0.0241489410400391 -0.0225868225097656 0.0419464111328125 -0.169082641601563
0.0453414916992188 0.0224494934082031 0.00414276123046875 -0.1187744140625
-0.012481689453125 0.0357475280761719 -0.0857086181640625 -0.188262939453125
-0.0371551513671875 0.0128517150878906 -0.09149169921875 -0.432525634765625
-0.0426292419433594 -0.0412483215332031 0.2791748046875 -0.6287841796875
-0.115615844726562 0.26165771484375 0.019775390625 -0.416168212890625
0.00218200683593751 0.244369506835938 -0.073974609375 -0.20037841796875
0.1800537109375 0.192779541015625 0.052215576171875 0.0204811096191406
0.214218139648438 0.015472412109375 0.137779235839844 -0.0667343139648438
0.1513671875 -0.138442993164063 0.144821166992188 -0.164443969726563
-0.00274658203125001 -0.183456420898438 0.027191162109375 -0.2886962890625
-0.0876312255859375 -0.175704956054688 -0.1300048828125 -0.330108642578125
-0.050933837890625 -0.183120727539063 -0.138458251953125 -0.30181884765625
-0.0771331787109375 -0.18310546875 -0.106903076171875 -0.31451416015625
0.022796630859375 -0.191009521484375 -0.00169372558593749 -0.252410888671875
0.148834228515625 -0.141265869140625 0.026580810546875 -0.125740051269531
0.233718872070313 0.0070953369140625 -0.0297012329101562 -0.114265441894531
0.141555786132813 0.206069946289063 -0.113937377929687 -0.207473754882813
0.0181121826171875 0.2430419921875 -0.0850830078125 -0.45001220703125
-0.102890014648438 0.23284912109375 0.26666259765625 -0.62054443359375
-0.1531982421875 0.4781494140625 -0.017822265625 -0.329132080078125
0.0350341796875 0.4150390625 -0.066253662109375 -0.155914306640625
0.3046875 0.31353759765625 0.0619316101074219 0.0185012817382813
0.351715087890625 0.024627685546875 0.111740112304688 -0.0646896362304688
0.2640380859375 -0.209243774414062 0.122688293457031 -0.125877380371094
0.029449462890625 -0.3031005859375 0.013397216796875 -0.221054077148438
-0.11199951171875 -0.299530029296875 -0.102767944335937 -0.246734619140625
-0.064178466796875 -0.314666748046875 -0.09429931640625 -0.2108154296875
-0.10076904296875 -0.32489013671875 -0.071868896484375 -0.222854614257813
0.05169677734375 -0.316864013671875 -0.00845336914062498 -0.159011840820313
0.255706787109375 -0.2427978515625 -6.10351562499817E-05 -0.0546226501464844
0.39752197265625 -0.0113525390625 -0.074432373046875 -0.0902481079101563
0.284423828125 0.352783203125 -0.145050048828125 -0.206085205078125
0.073455810546875 0.445068359375 -0.069305419921875 -0.417633056640625
-0.151641845703125 0.475250244140625 0.22967529296875 -0.53289794921875
-0.16162109375 0.6317138671875 -0.0684814453125 -0.179229736328125
0.08154296875 0.540191650390625 -0.0465431213378906 -0.0675773620605468
0.4178466796875 0.38653564453125 0.0783004760742188 0.0208358764648438
0.4622802734375 0.012176513671875 0.079833984375 -0.056427001953125
0.34246826171875 -0.268402099609375 0.086700439453125 -0.0713043212890625
0.052093505859375 -0.389495849609375 -0.00402832031249999 -0.122756958007813
-0.12188720703125 -0.3790283203125 -0.0608596801757813 -0.126708984375
-0.066009521484375 -0.39923095703125 -0.034454345703125 -0.0879058837890625
-0.107696533203125 -0.414154052734375 -0.0231094360351563 -0.0948257446289063
0.074432373046875 -0.393524169921875 -0.0113735198974609 -0.0345821380615235
0.326751708984375 -0.30804443359375 -0.0295982360839844 0.0364837646484375
0.504791259765625 -0.02740478515625 -0.120025634765625 -0.0441207885742188
0.38629150390625 0.447021484375 -0.165817260742187 -0.1810302734375
0.1158447265625 0.58135986328125 -0.04412841796875 -0.333526611328125
-0.1822509765625 0.638671875 0.17828369140625 -0.369873046875
-0.14422607421875 0.6973876953125 -0.12286376953125 0.0159835815429688
0.13201904296875 0.5928955078125 -0.0167198181152344 0.0539283752441406
0.4857177734375 0.397430419921875 0.0941925048828125 0.0322418212890625
0.50799560546875 -0.01361083984375 0.0429801940917969 -0.03277587890625
0.370330810546875 -0.297698974609375 0.0421257019042969 -0.00148010253906252
0.065185546875 -0.420257568359375 -0.0187511444091797 -0.00210380554199222
-0.114715576171875 -0.401885986328125 -0.0111560821533203 0.0140848159790039
-0.05975341796875 -0.42193603515625 0.0284881591796875 0.0488700866699218
-0.097320556640625 -0.439544677734375 0.0304756164550781 0.0506782531738281
0.086181640625 -0.404205322265625 -0.0110702514648437 0.1015625
0.344635009765625 -0.3167724609375 -0.0579299926757812 0.130805969238281
0.5230712890625 -0.027679443359375 -0.154327392578125 0.012939453125
0.40899658203125 0.471405029296875 -0.168655395507812 -0.134262084960938
0.1273193359375 0.61639404296875 -0.0062408447265625 -0.210159301757812
-0.19158935546875 0.69451904296875 0.112030029296875 -0.163482666015625
-0.10162353515625 0.65692138671875 -0.170166015625 0.229705810546875
0.162261962890625 0.550445556640625 0.0191650390625 0.19049072265625
0.46954345703125 0.342681884765625 0.103485107421875 0.0516433715820313
0.466766357421875 -0.0357666015625 0.00726842880249026 0.00468206405639648
0.332977294921875 -0.276123046875 -0.00325775146484373 0.0721435546875
0.06219482421875 -0.38330078125 -0.0269012451171875 0.119216918945312
-0.094024658203125 -0.362274169921875 0.0409698486328125 0.152862548828125
-0.044891357421875 -0.37957763671875 0.086517333984375 0.178237915039062
-0.071533203125 -0.39288330078125 0.0778656005859375 0.188919067382813
0.09014892578125 -0.34454345703125 -0.01104736328125 0.221527099609375
0.304473876953125 -0.260711669921875 -0.0833282470703125 0.204010009765625
0.44189453125 -0.008087158203125 -0.1729736328125 0.063201904296875
0.337799072265625 0.418914794921875 -0.150192260742187 -0.082916259765625
0.1014404296875 0.53997802734375 0.0316543579101563 -0.0750274658203125
-0.173828125 0.634033203125 0.0447959899902344 0.0490226745605469
-0.047882080078125 0.513275146484375 -0.205596923828125 0.425048828125
0.15625 0.417755126953125 0.048492431640625 0.31927490234375
0.361083984375 0.23089599609375 0.105056762695313 0.07781982421875
0.336517333984375 -0.045074462890625 -0.0162773132324219 0.0459213256835938
0.237106323242188 -0.20281982421875 -0.0392913818359375 0.129920959472656
0.04925537109375 -0.28173828125 -0.028472900390625 0.217529296875
-0.0565948486328125 -0.265045166015625 0.085693359375 0.267364501953125
-0.024322509765625 -0.277725219726563 0.130401611328125 0.280288696289062
-0.034088134765625 -0.2880859375 0.1124267578125 0.29803466796875
0.07940673828125 -0.2333984375 -0.0142822265625 0.305145263671875
0.220870971679687 -0.162338256835937 -0.10418701171875 0.23858642578125
0.291229248046875 0.019195556640625 -0.176300048828125 0.092254638671875
0.206390380859375 0.30120849609375 -0.120368957519531 -0.0393524169921875
0.054534912109375 0.375762939453125 0.0577507019042969 0.0414962768554688
-0.130401611328125 0.47216796875 -0.0167236328125 0.23126220703125
0.008758544921875 0.28350830078125 -0.2269287109375 0.5733642578125
0.122970581054688 0.219955444335938 0.066070556640625 0.421783447265625
0.1942138671875 0.08551025390625 0.105438232421875 0.105178833007812
0.153823852539063 -0.0458221435546875 -0.0184249877929687 0.0773239135742188
0.102874755859375 -0.0948410034179688 -0.061492919921875 0.156570434570312
0.0303802490234375 -0.133049011230469 -0.025787353515625 0.272003173828125
-0.0114974975585938 -0.125473022460938 0.1160888671875 0.33673095703125
0.000488281249999996 -0.134346008300781 0.154449462890625 0.340118408203125
0.00653076171874999 -0.142623901367188 0.128204345703125 0.3624267578125
0.0576019287109375 -0.0967864990234375 -0.0203857421875 0.34326171875
0.111396789550781 -0.0521240234375 -0.119064331054688 0.237716674804688
0.114982604980469 0.0326690673828125 -0.167373657226563 0.100021362304688
0.0675506591796875 0.145370483398438 -0.0898971557617188 -0.0109634399414063
0.0155181884765625 0.1705322265625 0.0668487548828125 0.119773864746094
-0.06304931640625 0.248992919921875 -0.060791015625 0.3543701171875
-0.0567436218261719 0.0126914978027344 0.016021728515625 -0.4205322265625
-0.0137863159179688 0.0514564514160156 -0.081390380859375 -0.191268920898438
0.0539512634277344 0.0405235290527344 0.0535697937011719 0.0199737548828125
0.06085205078125 -0.00734329223632813 0.151016235351563 -0.0738525390625
0.0208396911621094 -0.0579071044921875 0.13836669921875 -0.193313598632813
-0.0353813171386719 -0.0385932922363281 0.019195556640625 -0.315765380859375
-0.0509223937988281 -0.0249977111816406 -0.154205322265625 -0.348388671875
-0.0295066833496094 -0.0214481353759766 -0.17236328125 -0.32830810546875
-0.0399169921875 -0.00967788696289063 -0.135894775390625 -0.3392333984375
-0.0106487274169922 -0.0345134735107422 -0.00659179687499999 -0.290863037109375
0.0228099822998047 -0.0219345092773438 0.0358734130859375 -0.162994384765625
0.0452613830566406 0.0201148986816406 -0.00260162353515626 -0.113777160644531
-0.0126800537109375 0.0356674194335938 -0.0923614501953125 -0.1776123046875
-0.0357704162597656 0.0129127502441406 -0.1055908203125 -0.411590576171875
-0.0414543151855469 -0.0389404296875 0.24517822265625 -0.61065673828125
-0.1014404296875 0.256195068359375 0.000427246093750019 -0.4027099609375
0.01007080078125 0.236007690429688 -0.0810546875 -0.191680908203125
0.182754516601563 0.177825927734375 0.0526504516601563 0.0138969421386719
0.20855712890625 0.0072021484375 0.127708435058594 -0.0705337524414063
0.139976501464844 -0.138313293457031 0.132110595703125 -0.163681030273438
-0.00912475585937501 -0.174148559570313 0.0157928466796875 -0.27862548828125
-0.09014892578125 -0.164398193359375 -0.14013671875 -0.31317138671875
-0.055999755859375 -0.174896240234375 -0.148345947265625 -0.286956787109375
-0.0811920166015625 -0.17108154296875 -0.118682861328125 -0.29937744140625
0.0146026611328125 -0.183670043945313 -0.0108184814453125 -0.245529174804688
0.138320922851563 -0.141510009765625 0.0222854614257813 -0.121002197265625
0.227508544921875 -0.00274658203125 -0.0353164672851562 -0.108673095703125
0.143814086914063 0.194564819335938 -0.11962890625 -0.193923950195313
0.0252838134765625 0.233200073242188 -0.100128173828125 -0.428009033203125
-0.0895843505859375 0.22906494140625 0.2342529296875 -0.60455322265625
-0.130218505859375 0.466522216796875 -0.034332275390625 -0.31756591796875
0.04718017578125 0.399993896484375 -0.0727691650390625 -0.147979736328125
0.308013916015625 0.288330078125 0.062255859375 0.01043701171875
0.341644287109375 0.01031494140625 0.103118896484375 -0.067718505859375
0.244720458984375 -0.212249755859375 0.111854553222656 -0.126495361328125
0.016143798828125 -0.291290283203125 0.00437927246093749 -0.212051391601563
-0.1181640625 -0.280807495117188 -0.110458374023438 -0.233245849609375
-0.074554443359375 -0.301483154296875 -0.101089477539062 -0.201126098632813
-0.110382080078125 -0.306549072265625 -0.07989501953125 -0.212173461914063
0.037384033203125 -0.307098388671875 -0.0134735107421875 -0.154449462890625
0.23675537109375 -0.244491577148438 -0.000167846679687484 -0.0518112182617188
0.384857177734375 -0.027984619140625 -0.0782241821289062 -0.0826187133789063
0.289398193359375 0.330657958984375 -0.149978637695313 -0.19073486328125
0.0867919921875 0.42626953125 -0.082977294921875 -0.39862060546875
-0.1278076171875 0.46527099609375 0.20263671875 -0.5174560546875
-0.130126953125 0.614990234375 -0.0775604248046875 -0.171600341796875
0.09759521484375 0.519012451171875 -0.0515556335449219 -0.0628738403320312
0.421356201171875 0.355316162109375 0.0787887573242188 0.0112457275390625
0.446746826171875 -0.00592041015625 0.0730056762695313 -0.0590972900390625
0.319915771484375 -0.27294921875 0.0796051025390625 -0.0739288330078125
0.034149169921875 -0.375457763671875 -0.00839996337890624 -0.11627197265625
-0.132232666015625 -0.357879638671875 -0.06622314453125 -0.11883544921875
-0.0814208984375 -0.383148193359375 -0.0381240844726562 -0.0846099853515625
-0.121246337890625 -0.3924560546875 -0.0262680053710938 -0.0905685424804688
0.056976318359375 -0.3817138671875 -0.0107879638671875 -0.0333538055419922
0.302032470703125 -0.30963134765625 -0.0254554748535156 0.0371017456054687
0.48773193359375 -0.046875 -0.119918823242187 -0.037017822265625
0.392913818359375 0.41973876953125 -0.168502807617187 -0.1646728515625
0.131591796875 0.557373046875 -0.0538330078125 -0.31878662109375
-0.152099609375 0.6259765625 0.158966064453125 -0.35986328125
-0.110595703125 0.67999267578125 -0.122421264648438 0.0190048217773438
0.1495361328125 0.57049560546875 -0.0168991088867187 0.0540618896484375
0.4871826171875 0.362457275390625 0.0942916870117188 0.0210189819335938
0.48992919921875 -0.033447265625 0.0390815734863282 -0.0360641479492188
0.342926025390625 -0.30194091796875 0.0391082763671875 -0.00555038452148439
0.045318603515625 -0.405303955078125 -0.0185565948486328 0.000909805297851536
-0.12664794921875 -0.3802490234375 -0.0116262435913086 0.0156421661376953
-0.076416015625 -0.4053955078125 0.029510498046875 0.0450096130371093
-0.112335205078125 -0.4169921875 0.0328140258789062 0.0477294921875
0.067779541015625 -0.39141845703125 -0.00446319580078125 0.0982284545898437
0.317291259765625 -0.31866455078125 -0.0493545532226562 0.129020690917969
0.50439453125 -0.048919677734375 -0.150283813476562 0.0199432373046875
0.4161376953125 0.4407958984375 -0.168548583984375 -0.119796752929687
0.1444091796875 0.58990478515625 -0.0131988525390625 -0.201812744140625
-0.158203125 0.68145751953125 0.104324340820312 -0.160003662109375
-0.07269287109375 0.6395263671875 -0.158782958984375 0.226516723632813
0.1767578125 0.52764892578125 0.0241241455078125 0.185089111328125
0.46893310546875 0.309478759765625 0.1036376953125 0.0403823852539063
0.4490966796875 -0.05352783203125 0.00674247741699221 0.00184249877929687
0.30877685546875 -0.28167724609375 -0.00112533569335935 0.0667953491210937
0.043853759765625 -0.37091064453125 -0.0220108032226562 0.119155883789062
-0.10345458984375 -0.343719482421875 0.044921875 0.147689819335937
-0.05999755859375 -0.365203857421875 0.0921173095703125 0.167724609375
-0.086456298828125 -0.3741455078125 0.085113525390625 0.179107666015625
0.07305908203125 -0.334564208984375 0.000228881835937488 0.215484619140625
0.28216552734375 -0.263031005859375 -0.071441650390625 0.200042724609375
0.427032470703125 -0.026824951171875 -0.165618896484375 0.0688629150390625
0.345458984375 0.394134521484375 -0.148284912109375 -0.0709075927734375
0.116546630859375 0.518218994140625 0.0290603637695313 -0.0739059448242187
-0.1439208984375 0.6204833984375 0.0473213195800781 0.0460662841796875
-0.0255126953125 0.4989013671875 -0.184814453125 0.417449951171875
0.167083740234375 0.398956298828125 0.058990478515625 0.3084716796875
0.358673095703125 0.20782470703125 0.105781555175781 0.067413330078125
0.32275390625 -0.057281494140625 -0.013397216796875 0.0425148010253906
0.218475341796875 -0.20587158203125 -0.03338623046875 0.123649597167969
0.0358428955078125 -0.273391723632813 -0.0203399658203125 0.213668823242187
-0.065216064453125 -0.251312255859375 0.093353271484375 0.255706787109375
-0.036163330078125 -0.267684936523438 0.13983154296875 0.265518188476563
-0.045989990234375 -0.275131225585938 0.123992919921875 0.283233642578125
0.0677642822265625 -0.227157592773438 -0.000274658203125015 0.296295166015625
0.203765869140625 -0.165069580078125 -0.0905914306640625 0.234100341796875
0.28173828125 0.005950927734375 -0.166229248046875 0.097412109375
0.213897705078125 0.2828369140625 -0.117362976074219 -0.030975341796875
0.066375732421875 0.36090087890625 0.058349609375 0.036224365234375
-0.108489990234375 0.462249755859375 -0.00459289550781251 0.221771240234375
0.0191192626953125 0.275314331054688 -0.198089599609375 0.560455322265625
0.127059936523438 0.2088623046875 0.08074951171875 0.40692138671875
0.191024780273438 0.074798583984375 0.10614013671875 0.09588623046875
0.14556884765625 -0.0504302978515625 -0.0138626098632812 0.0731735229492188
0.095123291015625 -0.0972824096679688 -0.0532989501953125 0.150909423828125
0.0234909057617188 -0.130302429199219 -0.0158843994140625 0.2659912109375
-0.0160903930664062 -0.119194030761719 0.125946044921875 0.322906494140625
-0.00559234619140624 -0.129287719726563 0.165435791015625 0.322723388671875
-0.000587463378906259 -0.137825012207031 0.142425537109375 0.34417724609375
0.0516738891601563 -0.0941314697265625 -0.00448608398437502 0.332977294921875
0.103012084960938 -0.054962158203125 -0.105728149414063 0.23345947265625
0.111480712890625 0.0262680053710938 -0.156723022460938 0.104049682617188
0.0730514526367188 0.136726379394531 -0.0867538452148438 -0.00550079345703125
0.0217742919921875 0.163482666015625 0.0698928833007812 0.11102294921875
-0.051513671875 0.24456787109375 -0.041961669921875 0.341796875
-0.0549888610839844 0.0115737915039063 0.00854492187500003 -0.408233642578125
-0.0130958557128906 0.04949951171875 -0.0831451416015625 -0.185592651367188
0.0529289245605469 0.0374069213867187 0.0522918701171875 0.0163002014160156
0.0603523254394531 -0.00780105590820313 0.143310546875 -0.073944091796875
0.0194168090820313 -0.0554161071777344 0.131210327148438 -0.187973022460938
-0.03460693359375 -0.036224365234375 0.01513671875 -0.307586669921875
-0.0486106872558594 -0.0233268737792969 -0.156341552734375 -0.335052490234375
-0.0283889770507813 -0.0208358764648438 -0.175323486328125 -0.3157958984375
-0.037261962890625 -0.0077056884765625 -0.14013671875 -0.325775146484375
-0.0107955932617187 -0.0326995849609375 -0.010986328125 -0.2833251953125
0.0225753784179688 -0.0214061737060547 0.0335693359375 -0.157684326171875
0.0448760986328125 0.0186614990234375 -0.00633239746093751 -0.109039306640625
-0.0138950347900391 0.0350589752197266 -0.0947265625 -0.169815063476563
-0.0343570709228516 0.0122146606445313 -0.109405517578125 -0.394134521484375
-0.0395584106445312 -0.0382919311523438 0.23040771484375 -0.58984375
-0.0944061279296875 0.248458862304688 -0.0078125 -0.39080810546875
0.0122222900390625 0.228805541992188 -0.08404541015625 -0.184967041015625
0.180130004882813 0.168212890625 0.0511283874511719 0.00867462158203126
0.203353881835937 0.0046844482421875 0.120742797851563 -0.0704421997070313
0.134033203125 -0.135780334472656 0.125396728515625 -0.1597900390625
-0.0108642578125 -0.1668701171875 0.0121917724609375 -0.2705078125
-0.0885009765625 -0.157180786132813 -0.142425537109375 -0.301177978515625
-0.0567626953125 -0.169281005859375 -0.151016235351562 -0.276260375976563
-0.0804901123046875 -0.162582397460937 -0.122528076171875 -0.28875732421875
0.0113525390625 -0.176895141601563 -0.013824462890625 -0.239273071289062
0.1324462890625 -0.138809204101563 0.0218353271484375 -0.116859436035156
0.221298217773438 -0.00714111328125 -0.0381698608398437 -0.1033935546875
0.14239501953125 0.188796997070312 -0.120803833007812 -0.18438720703125
0.0258941650390625 0.225540161132812 -0.102264404296875 -0.410430908203125
-0.083160400390625 0.22332763671875 0.218017578125 -0.58367919921875
-0.117431640625 0.453033447265625 -0.040679931640625 -0.30755615234375
0.0504150390625 0.387115478515625 -0.075927734375 -0.141998291015625
0.3031005859375 0.272369384765625 0.0609321594238281 0.00352096557617189
0.33221435546875 0.005828857421875 0.0962448120117188 -0.0678939819335938
0.233184814453125 -0.208419799804687 0.105690002441406 -0.123947143554688
0.011627197265625 -0.280029296875 0.00201416015625 -0.204986572265625
-0.117965698242187 -0.268630981445313 -0.112869262695313 -0.223251342773438
-0.077056884765625 -0.29266357421875 -0.103286743164063 -0.1942138671875
-0.111968994140625 -0.293060302734375 -0.08251953125 -0.204696655273438
0.031890869140625 -0.296661376953125 -0.0142974853515625 -0.15093994140625
0.225845336914063 -0.239822387695313 0.00098419189453126 -0.0489692687988281
0.373992919921875 -0.033966064453125 -0.0791168212890625 -0.0777511596679687
0.286346435546875 0.319183349609375 -0.14837646484375 -0.180679321289062
0.08746337890625 0.41253662109375 -0.084869384765625 -0.38330078125
-0.117431640625 0.454559326171875 0.19183349609375 -0.500244140625
-0.11822509765625 0.59820556640625 -0.081451416015625 -0.1650390625
0.10205078125 0.504364013671875 -0.0533561706542969 -0.059600830078125
0.414215087890625 0.335723876953125 0.0771255493164063 0.00385284423828127
0.4332275390625 -0.012847900390625 0.0677719116210938 -0.0598220825195313
0.302642822265625 -0.26934814453125 0.0747604370117188 -0.073944091796875
0.0281982421875 -0.36016845703125 -0.00918579101562499 -0.110885620117188
-0.1318359375 -0.342498779296875 -0.0675201416015625 -0.112968444824219
-0.085235595703125 -0.371795654296875 -0.0393905639648438 -0.08251953125
-0.124267578125 -0.37567138671875 -0.026824951171875 -0.088165283203125
0.049896240234375 -0.368072509765625 -0.00987815856933593 -0.033203125
0.287811279296875 -0.303558349609375 -0.021881103515625 0.0366783142089844
0.473388671875 -0.05474853515625 -0.118515014648437 -0.0330963134765625
0.390411376953125 0.403564453125 -0.166000366210938 -0.154571533203125
0.132720947265625 0.538177490234375 -0.055328369140625 -0.307769775390625
-0.13763427734375 0.6121826171875 0.151092529296875 -0.3480224609375
-0.0962524414062499 0.66082763671875 -0.122329711914063 0.0196609497070313
0.15289306640625 0.552276611328125 -0.0174140930175781 0.0539093017578125
0.48065185546875 0.341522216796875 0.0924301147460938 0.0127639770507813
0.476348876953125 -0.040679931640625 0.0358009338378906 -0.0372467041015625
0.327423095703125 -0.298858642578125 0.0365638732910156 -0.00852584838867189
0.03778076171875 -0.389984130859375 -0.0178089141845703 0.00326156616210935
-0.127410888671875 -0.363800048828125 -0.0122156143188477 0.0170278549194336
-0.08197021484375 -0.392822265625 0.0289993286132812 0.0425071716308593
-0.11712646484375 -0.3992919921875 0.0338783264160156 0.0449752807617187
0.060546875 -0.37835693359375 -0.00180816650390625 0.0953903198242187
0.30364990234375 -0.312530517578125 -0.0443344116210937 0.125900268554687
0.489471435546875 -0.057037353515625 -0.146743774414062 0.0224151611328125
0.41259765625 0.424774169921875 -0.164031982421875 -0.110885620117188
0.1448974609375 0.5704345703125 -0.013946533203125 -0.195159912109375
-0.1446533203125 0.66583251953125 0.101593017578125 -0.154800415039062
-0.05999755859375 0.62408447265625 -0.154159545898438 0.221664428710938
0.178802490234375 0.5126953125 0.0248565673828125 0.181106567382813
0.461639404296875 0.292266845703125 0.102241516113281 0.03302001953125
0.434600830078125 -0.058624267578125 0.00621414184570315 -0.000845432281494144
0.293182373046875 -0.27886962890625 -0.00175857543945311 0.0617599487304687
0.036773681640625 -0.35784912109375 -0.0199966430664063 0.118316650390625
-0.10498046875 -0.32916259765625 0.045440673828125 0.14471435546875
-0.0648193359375 -0.3544921875 0.0924835205078125 0.1612548828125
-0.091278076171875 -0.359100341796875 0.088897705078125 0.171371459960937
0.065582275390625 -0.323333740234375 0.00457763671874998 0.209564208984375
0.267562866210938 -0.258163452148438 -0.064697265625 0.194778442382812
0.41497802734375 -0.033111572265625 -0.160491943359375 0.0702362060546875
0.34344482421875 0.376953125 -0.144256591796875 -0.0638732910156249
0.118316650390625 0.50079345703125 0.02813720703125 -0.0733795166015625
-0.1322021484375 0.60723876953125 0.048004150390625 0.0437049865722657
-0.01727294921875 0.48577880859375 -0.17596435546875 0.4061279296875
0.1676025390625 0.38739013671875 0.06231689453125 0.30072021484375
0.352630615234375 0.195465087890625 0.104415893554688 0.0602569580078125
0.311798095703125 -0.060699462890625 -0.0117378234863281 0.0385322570800781
0.207595825195313 -0.204849243164063 -0.0325241088867188 0.1171875
0.030059814453125 -0.264053344726563 -0.017669677734375 0.209564208984375
-0.0667266845703125 -0.240432739257812 0.09515380859375 0.249221801757812
-0.04034423828125 -0.259841918945313 0.14111328125 0.255218505859375
-0.0503082275390625 -0.263870239257813 0.12799072265625 0.271133422851562
0.0619354248046875 -0.219650268554687 0.00582885742187498 0.288116455078125
0.193679809570312 -0.16180419921875 -0.0840606689453125 0.2283935546875
0.273147583007812 0.00042724609375 -0.159637451171875 0.0972900390625
0.213699340820313 0.270904541015625 -0.113502502441406 -0.0264663696289062
0.068572998046875 0.348846435546875 0.0578956604003906 0.0325508117675781
-0.09930419921875 0.452667236328125 0.000152587890624972 0.213394165039063
0.022247314453125 0.269058227539063 -0.1859130859375 0.544952392578125
0.126373291015625 0.202102661132812 0.085693359375 0.39532470703125
0.187088012695312 0.070770263671875 0.104545593261719 0.0909576416015625
0.139564514160156 -0.050506591796875 -0.0111579895019531 0.0688095092773438
0.0903244018554688 -0.09619140625 -0.050750732421875 0.143722534179688
0.0202713012695312 -0.126617431640625 -0.0133209228515625 0.260452270507813
-0.016876220703125 -0.114128112792969 0.127593994140625 0.313201904296875
-0.00827789306640626 -0.125755310058594 0.16802978515625 0.3114013671875
-0.0035400390625 -0.132606506347656 0.147064208984375 0.330718994140625
0.0484771728515625 -0.0914459228515625 0.00152587890625003 0.3238525390625
0.0967559814453125 -0.0548019409179687 -0.0992279052734375 0.227218627929687
0.107704162597656 0.023284912109375 -0.149154663085938 0.104278564453125
0.0750274658203125 0.130332946777344 -0.0833358764648438 -0.00294494628906249
0.0236053466796875 0.157760620117187 0.06988525390625 0.104759216308594
-0.046417236328125 0.239654541015625 -0.035125732421875 0.3294677734375
-0.05523681640625 0.0109214782714844 0.00729370117187502 -0.403961181640625
-0.0144844055175781 0.0486068725585938 -0.084869384765625 -0.18414306640625
0.0526161193847656 0.036376953125 0.0512962341308594 0.0139427185058594
0.0610122680664062 -0.00797271728515625 0.140403747558594 -0.0738601684570313
0.0197105407714844 -0.0545425415039063 0.12933349609375 -0.185226440429688
-0.0337963104248047 -0.0346794128417969 0.015380859375 -0.305450439453125
-0.0479545593261719 -0.0227394104003906 -0.157012939453125 -0.332275390625
-0.0273933410644531 -0.0204029083251953 -0.176849365234375 -0.312347412109375
-0.0357742309570313 -0.00629043579101562 -0.142578125 -0.322845458984375
-0.0107460021972656 -0.0317821502685547 -0.010498046875 -0.283294677734375
0.023284912109375 -0.0211830139160156 0.0345611572265625 -0.15472412109375
0.0449752807617188 0.0179519653320313 -0.00816345214843749 -0.106613159179688
-0.0150222778320313 0.0357551574707031 -0.09613037109375 -0.16741943359375
-0.0346641540527344 0.0106601715087891 -0.10687255859375 -0.38629150390625
-0.0383338928222656 -0.0391273498535156 0.23138427734375 -0.57818603515625
-0.0941314697265625 0.24462890625 -0.00946044921874997 -0.386077880859375
0.0112457275390625 0.227294921875 -0.08587646484375 -0.18310546875
0.1785888671875 0.16546630859375 0.0505523681640625 0.00467681884765626
0.201934814453125 0.003936767578125 0.117195129394531 -0.0703048706054687
0.131706237792969 -0.134368896484375 0.123611450195313 -0.157852172851563
-0.0103607177734375 -0.1634521484375 0.013214111328125 -0.268722534179688
-0.087005615234375 -0.154312133789062 -0.143035888671875 -0.297454833984375
-0.0563812255859375 -0.169021606445312 -0.152603149414063 -0.27374267578125
-0.079010009765625 -0.159317016601562 -0.123443603515625 -0.286163330078125
0.011383056640625 -0.17474365234375 -0.0139007568359375 -0.23846435546875
0.131881713867188 -0.137557983398438 0.0236740112304688 -0.1146240234375
0.220230102539063 -0.0081634521484375 -0.0402145385742187 -0.101333618164063
0.141403198242188 0.187820434570313 -0.1219482421875 -0.180755615234375
0.0249481201171875 0.22271728515625 -0.099365234375 -0.403778076171875
-0.0808868408203125 0.221389770507813 0.22149658203125 -0.57318115234375
-0.116790771484375 0.447235107421875 -0.043609619140625 -0.3038330078125
0.049713134765625 0.384979248046875 -0.0779953002929687 -0.140251159667969
0.3011474609375 0.2679443359375 0.0599517822265625 -0.00138092041015623
0.329315185546875 0.00457763671875 0.0938034057617188 -0.068359375
0.229934692382813 -0.206756591796875 0.103622436523438 -0.123344421386719
0.0123291015625 -0.274948120117188 0.00326538085937498 -0.202835083007813
-0.115814208984375 -0.264190673828125 -0.113861083984375 -0.219940185546875
-0.07745361328125 -0.291015625 -0.104248046875 -0.192642211914063
-0.110626220703125 -0.287567138671875 -0.0835418701171875 -0.203857421875
0.03167724609375 -0.292572021484375 -0.0139007568359375 -0.15081787109375
0.223342895507813 -0.237167358398438 0.00319290161132814 -0.0481452941894531
0.371002197265625 -0.035247802734375 -0.0807952880859375 -0.0762710571289063
0.28656005859375 0.317413330078125 -0.147903442382813 -0.1768798828125
0.0830078125 0.409088134765625 -0.082122802734375 -0.377532958984375
-0.115264892578125 0.45111083984375 0.19476318359375 -0.490753173828125
-0.114501953125 0.591796875 -0.0839080810546875 -0.162841796875
0.100189208984375 0.50018310546875 -0.0551910400390625 -0.0580253601074218
0.411468505859375 0.32855224609375 0.075897216796875 -0.00174713134765623
0.429595947265625 -0.012908935546875 0.0654411315917969 -0.06072998046875
0.29766845703125 -0.267608642578125 0.0723037719726563 -0.07489013671875
0.028533935546875 -0.35406494140625 -0.00852966308593751 -0.109130859375
-0.12921142578125 -0.336639404296875 -0.0690841674804688 -0.109939575195313
-0.0865478515625 -0.369964599609375 -0.040435791015625 -0.082061767578125
-0.123565673828125 -0.370758056640625 -0.0275115966796875 -0.0886001586914063
0.048919677734375 -0.36322021484375 -0.00884437561035156 -0.0331954956054688
0.284637451171875 -0.300537109375 -0.0194244384765625 0.0365142822265625
0.47027587890625 -0.056060791015625 -0.1195068359375 -0.0320053100585938
0.388031005859375 0.40087890625 -0.164260864257813 -0.15057373046875
0.12762451171875 0.533447265625 -0.05279541015625 -0.30377197265625
-0.13623046875 0.6083984375 0.154632568359375 -0.342071533203125
-0.09405517578125 0.65447998046875 -0.123733520507812 0.0199813842773438
0.152679443359375 0.550933837890625 -0.0184440612792969 0.0551872253417969
0.47698974609375 0.335479736328125 0.0914459228515625 0.00714874267578127
0.47076416015625 -0.040374755859375 0.03448486328125 -0.0392494201660156
0.32177734375 -0.297760009765625 0.0343284606933594 -0.0109672546386719
0.03594970703125 -0.384246826171875 -0.0172872543334961 0.00455284118652342
-0.125335693359375 -0.358642578125 -0.0137042999267578 0.0185680389404297
-0.082916259765625 -0.3909912109375 0.0287513732910156 0.0416336059570312
-0.11669921875 -0.3939208984375 0.0345115661621094 0.042633056640625
0.059356689453125 -0.3736572265625 -0.000694274902343743 0.0940093994140625
0.2978515625 -0.309326171875 -0.0422592163085937 0.124580383300781
0.485931396484375 -0.0584716796875 -0.147247314453125 0.0229644775390625
0.4119873046875 0.421234130859375 -0.162384033203125 -0.1070556640625
0.14202880859375 0.56536865234375 -0.012420654296875 -0.19378662109375
-0.14337158203125 0.66131591796875 0.102828979492188 -0.152877807617187
-0.05908203125 0.6182861328125 -0.154815673828125 0.2193603515625
0.178497314453125 0.510009765625 0.0250396728515625 0.18072509765625
0.458709716796875 0.2879638671875 0.101005554199219 0.0272979736328125
0.430572509765625 -0.058990478515625 0.00583028793334964 -0.00339794158935547
0.28839111328125 -0.277008056640625 -0.00387191772460936 0.0582656860351562
0.035797119140625 -0.352874755859375 -0.019989013671875 0.119163513183594
-0.102996826171875 -0.323822021484375 0.0440673828125 0.145217895507812
-0.066986083984375 -0.35247802734375 0.0929107666015625 0.1585693359375
-0.091217041015625 -0.35394287109375 0.090484619140625 0.167205810546875
0.06488037109375 -0.319671630859375 0.00630187988281251 0.207427978515625
0.263519287109375 -0.254959106445313 -0.0635223388671875 0.192855834960938
0.4102783203125 -0.0340576171875 -0.159286499023437 0.069976806640625
0.343994140625 0.372406005859375 -0.141693115234375 -0.06146240234375
0.114654541015625 0.49615478515625 0.0291976928710938 -0.0741043090820312
-0.1309814453125 0.60369873046875 0.0494842529296875 0.042266845703125
-0.017669677734375 0.482269287109375 -0.176177978515625 0.40130615234375
0.16656494140625 0.3857421875 0.062713623046875 0.298980712890625
0.349609375 0.1937255859375 0.103523254394531 0.056396484375
0.308746337890625 -0.060760498046875 -0.0113677978515625 0.0358543395996094
0.205062866210938 -0.204025268554688 -0.0343017578125 0.113189697265625
0.02978515625 -0.261093139648438 -0.0187225341796875 0.21014404296875
-0.0653076171875 -0.23638916015625 0.0947723388671875 0.249038696289062
-0.041290283203125 -0.258224487304688 0.141952514648438 0.2523193359375
-0.0507659912109375 -0.260482788085938 0.130416870117188 0.266983032226563
0.0611724853515625 -0.216232299804688 0.00717163085937497 0.28643798828125
0.189605712890625 -0.159225463867188 -0.0823822021484375 0.225997924804688
0.270294189453125 -0.00048828125 -0.157638549804687 0.097412109375
0.21514892578125 0.267135620117188 -0.110702514648437 -0.0246963500976562
0.0662841796875 0.345611572265625 0.0576820373535156 0.0298843383789063
-0.09783935546875 0.450042724609375 0.00111389160156247 0.209320068359375
0.022216796875 0.267852783203125 -0.18536376953125 0.53839111328125
0.125198364257813 0.202178955078125 0.086334228515625 0.3922119140625
0.185195922851562 0.0701141357421875 0.104217529296875 0.0882949829101563
0.137611389160156 -0.0500411987304688 -0.0104408264160156 0.065399169921875
0.0887603759765625 -0.0960464477539063 -0.0523910522460938 0.139869689941406
0.0205917358398437 -0.125457763671875 -0.014739990234375 0.2596435546875
-0.0172576904296875 -0.112350463867188 0.12799072265625 0.311676025390625
-0.00955963134765624 -0.124839782714844 0.169464111328125 0.30718994140625
-0.00451660156250001 -0.131340026855469 0.149169921875 0.324981689453125
0.0475845336914062 -0.0901260375976563 0.00299072265625 0.321685791015625
0.0941848754882813 -0.05328369140625 -0.0976409912109375 0.224105834960938
0.105697631835938 0.0221710205078125 -0.14617919921875 0.10369873046875
0.0767288208007812 0.127647399902344 -0.0813980102539063 -0.00237274169921874
0.02362060546875 0.156173706054688 0.0697784423828125 0.100311279296875
-0.045654296875 0.23919677734375 -0.034271240234375 0.3218994140625
-0.0568351745605469 0.0106430053710937 0.00262451171875002 -0.409576416015625
-0.0155601501464844 0.0488700866699219 -0.0901641845703125 -0.18585205078125
0.0520439147949219 0.0362472534179688 0.0519447326660156 0.0114631652832031
0.0622634887695313 -0.00887298583984375 0.139122009277344 -0.076873779296875
0.0194854736328125 -0.0551338195800781 0.130355834960938 -0.188385009765625
-0.0342540740966797 -0.0337753295898438 0.013824462890625 -0.311248779296875
-0.0486869812011719 -0.0226020812988281 -0.164459228515625 -0.335052490234375
-0.0271949768066406 -0.0213146209716797 -0.185455322265625 -0.315582275390625
-0.0349102020263672 -0.00554847717285156 -0.14971923828125 -0.3260498046875
-0.0110816955566406 -0.0315990447998047 -0.013824462890625 -0.29010009765625
0.0238780975341797 -0.0218544006347656 0.035430908203125 -0.1558837890625
0.0462303161621094 0.0173263549804688 -0.011077880859375 -0.106216430664062
-0.0158500671386719 0.0382537841796875 -0.101455688476563 -0.166900634765625
-0.0352706909179687 0.01019287109375 -0.11199951171875 -0.387725830078125
-0.0382766723632812 -0.0404014587402344 0.2333984375 -0.584228515625
-0.0943603515625 0.247634887695313 -0.014801025390625 -0.390289306640625
0.0120086669921875 0.230010986328125 -0.0908050537109375 -0.184173583984375
0.181625366210938 0.164337158203125 0.0505714416503906 0.00078582763671876
0.205581665039063 0.0022735595703125 0.116294860839844 -0.07305908203125
0.132606506347656 -0.136833190917969 0.123733520507813 -0.160980224609375
-0.0114593505859375 -0.164169311523438 0.0110931396484375 -0.273635864257813
-0.088775634765625 -0.155349731445312 -0.15081787109375 -0.300018310546875
-0.0587005615234375 -0.172149658203125 -0.161056518554688 -0.276626586914063
-0.0802154541015625 -0.159942626953125 -0.13043212890625 -0.289520263671875
0.0102081298828125 -0.176284790039062 -0.015869140625 -0.244186401367188
0.132904052734375 -0.141021728515625 0.02520751953125 -0.11663818359375
0.224197387695313 -0.0110015869140625 -0.0436248779296875 -0.101333618164063
0.145278930664063 0.191009521484375 -0.126052856445312 -0.180999755859375
0.02569580078125 0.225753784179688 -0.103057861328125 -0.40728759765625
-0.080474853515625 0.224777221679688 0.22564697265625 -0.57867431640625
-0.115264892578125 0.4530029296875 -0.048828125 -0.306304931640625
0.05224609375 0.3909912109375 -0.0824737548828125 -0.14068603515625
0.306976318359375 0.267181396484375 0.0595855712890625 -0.00645065307617186
0.334075927734375 0.0015869140625 0.0918807983398438 -0.0715560913085938
0.230224609375 -0.2113037109375 0.103530883789063 -0.126251220703125
0.0103912353515625 -0.276519775390625 0.001495361328125 -0.206192016601563
-0.118301391601563 -0.265640258789063 -0.12078857421875 -0.221099853515625
-0.08221435546875 -0.296875 -0.110733032226562 -0.194778442382813
-0.114593505859375 -0.29034423828125 -0.0878448486328125 -0.206878662109375
0.03009033203125 -0.296112060546875 -0.014984130859375 -0.154541015625
0.225570678710938 -0.24249267578125 0.00492858886718752 -0.0489654541015625
0.377838134765625 -0.040252685546875 -0.0854339599609375 -0.07562255859375
0.29498291015625 0.3206787109375 -0.152099609375 -0.175994873046875
0.08575439453125 0.414398193359375 -0.08380126953125 -0.380950927734375
-0.113372802734375 0.459991455078125 0.19793701171875 -0.496185302734375
-0.11114501953125 0.5997314453125 -0.0890045166015625 -0.163482666015625
0.10565185546875 0.5074462890625 -0.0588569641113281 -0.0574798583984375
0.420654296875 0.32891845703125 0.0750274658203125 -0.00788879394531248
0.434600830078125 -0.01715087890625 0.063751220703125 -0.0641288757324219
0.29901123046875 -0.274505615234375 0.0710525512695313 -0.0775222778320313
0.02490234375 -0.357666015625 -0.00976562500000001 -0.109870910644531
-0.134429931640625 -0.3385009765625 -0.0731048583984375 -0.108985900878906
-0.092926025390625 -0.376739501953125 -0.043548583984375 -0.0836639404296875
-0.129608154296875 -0.3740234375 -0.028961181640625 -0.0914688110351563
0.046875 -0.3682861328125 -0.00896072387695312 -0.0348663330078125
0.285064697265625 -0.30792236328125 -0.0174484252929687 0.0372505187988281
0.4771728515625 -0.06195068359375 -0.124755859375 -0.03057861328125
0.4010009765625 0.40362548828125 -0.167129516601563 -0.149261474609375
0.13250732421875 0.542694091796875 -0.054656982421875 -0.307861328125
-0.1329345703125 0.62030029296875 0.156341552734375 -0.34661865234375
-0.09136962890625 0.66473388671875 -0.127731323242188 0.0218658447265625
0.15936279296875 0.5576171875 -0.0192718505859375 0.0567131042480469
0.488494873046875 0.335235595703125 0.0919189453125 0.00075531005859377
0.47796630859375 -0.04510498046875 0.0331382751464844 -0.0426864624023438
0.322540283203125 -0.305908203125 0.0324726104736328 -0.013397216796875
0.034088134765625 -0.388763427734375 -0.0175056457519531 0.00590133666992185
-0.129058837890625 -0.360504150390625 -0.0150394439697266 0.0216217041015625
-0.090484619140625 -0.39935302734375 0.0292472839355469 0.0412254333496093
-0.123199462890625 -0.396942138671875 0.0361785888671875 0.0407829284667968
0.05810546875 -0.37841796875 0.000671386718750005 0.095855712890625
0.300140380859375 -0.31561279296875 -0.0398178100585937 0.126747131347656
0.493408203125 -0.0648193359375 -0.151199340820312 0.0246734619140625
0.42755126953125 0.423675537109375 -0.164230346679687 -0.105819702148437
0.14520263671875 0.57476806640625 -0.0120849609375 -0.197998046875
-0.1397705078125 0.674560546875 0.105560302734375 -0.155593872070312
-0.05517578125 0.6279296875 -0.156723022460938 0.223403930664063
0.18609619140625 0.518707275390625 0.0272369384765625 0.184249877929688
0.46917724609375 0.2860107421875 0.102409362792969 0.0221939086914063
0.4365234375 -0.06329345703125 0.00533199310302737 -0.00675249099731446
0.289947509765625 -0.285919189453125 -0.00592422485351561 0.0565452575683594
0.033203125 -0.357086181640625 -0.01983642578125 0.122421264648437
-0.1065673828125 -0.326568603515625 0.0458831787109375 0.149307250976562
-0.07293701171875 -0.358551025390625 0.0965576171875 0.159652709960937
-0.096435546875 -0.357452392578125 0.095062255859375 0.166748046875
0.06390380859375 -0.322998046875 0.00907897949218752 0.210830688476562
0.263778686523438 -0.260040283203125 -0.061431884765625 0.196319580078125
0.416046142578125 -0.039306640625 -0.162384033203125 0.073272705078125
0.3551025390625 0.3753662109375 -0.142959594726562 -0.059783935546875
0.1182861328125 0.50238037109375 0.0302352905273438 -0.0771713256835937
-0.128173828125 0.6148681640625 0.0517044067382812 0.0417900085449219
-0.0133056640625 0.490264892578125 -0.1767578125 0.408111572265625
0.17315673828125 0.391937255859375 0.06707763671875 0.303680419921875
0.3587646484375 0.19342041015625 0.105682373046875 0.0531692504882813
0.312652587890625 -0.063629150390625 -0.0111351013183594 0.0336284637451172
0.205642700195312 -0.21075439453125 -0.0363845825195312 0.112846374511719
0.0276641845703125 -0.264877319335938 -0.0179901123046875 0.21551513671875
-0.0679168701171875 -0.238296508789062 0.098663330078125 0.25408935546875
-0.0465240478515625 -0.262405395507813 0.148635864257813 0.254501342773438
-0.054840087890625 -0.263900756835938 0.137283325195313 0.267059326171875
0.06085205078125 -0.218475341796875 0.011932373046875 0.291015625
0.189010620117188 -0.161773681640625 -0.081390380859375 0.229629516601562
0.272628784179688 -0.0038299560546875 -0.159027099609375 0.100326538085937
0.222671508789063 0.268173217773438 -0.111007690429687 -0.0226593017578125
0.06829833984375 0.349334716796875 0.0595054626464844 0.0266799926757813
-0.0960693359375 0.4600830078125 0.00276184082031248 0.21026611328125
0.0238494873046875 0.273086547851563 -0.183380126953125 0.545745849609375
0.129302978515625 0.204635620117188 0.09320068359375 0.397857666015625
0.189361572265625 0.0707550048828125 0.107200622558594 0.0876998901367188
0.139663696289063 -0.0509719848632813 -0.00898361206054686 0.0640640258789063
0.0894393920898437 -0.099212646484375 -0.0545654296875 0.140251159667969
0.0188827514648438 -0.127555847167969 -0.0142974853515625 0.265792846679688
-0.0175552368164062 -0.113418579101563 0.1334228515625 0.318389892578125
-0.0124130249023438 -0.126724243164063 0.177825927734375 0.310943603515625
-0.00650024414062499 -0.1329345703125 0.157684326171875 0.3267822265625
0.0473861694335937 -0.0907211303710938 0.008056640625 0.326904296875
0.0931549072265625 -0.0542144775390625 -0.0968475341796875 0.227874755859375
0.106620788574219 0.0211715698242188 -0.146316528320313 0.107009887695312
0.0799713134765625 0.126899719238281 -0.0809173583984375 -0.00118255615234375
0.0254058837890625 0.157470703125 0.0718612670898438 0.097503662109375
-0.0446624755859375 0.244888305664063 -0.0328369140625 0.32489013671875
-0.0583000183105469 0.0129280090332031 -0.00973510742187499 -0.41729736328125
-0.0158500671386719 0.05035400390625 -0.099639892578125 -0.18670654296875
0.0524826049804688 0.0347175598144531 0.0525169372558594 0.00771331787109375
0.0638618469238281 -0.0115737915039062 0.137519836425781 -0.0825729370117188
0.0181846618652344 -0.0571022033691406 0.127548217773438 -0.19647216796875
-0.0357856750488281 -0.0323753356933594 0.00381469726562499 -0.319549560546875
-0.0502433776855469 -0.0216331481933594 -0.179779052734375 -0.338470458984375
-0.0280704498291016 -0.0218563079833984 -0.203399658203125 -0.315521240234375
-0.0345020294189453 -0.00387001037597655 -0.166015625 -0.327239990234375
-0.0124912261962891 -0.0316104888916016 -0.02374267578125 -0.297943115234375
0.02459716796875 -0.0237960815429687 0.0338134765625 -0.159500122070313
0.0483016967773437 0.0155258178710937 -0.0162811279296875 -0.106231689453125
-0.0156402587890625 0.0408554077148438 -0.111465454101562 -0.165756225585938
-0.035980224609375 0.0105552673339844 -0.1256103515625 -0.390289306640625
-0.040069580078125 -0.0422706604003906 0.2259521484375 -0.59869384765625
-0.0900115966796875 0.2554931640625 -0.02874755859375 -0.397003173828125
0.0181121826171875 0.234359741210938 -0.101242065429687 -0.184524536132812
0.189804077148438 0.161422729492188 0.0502967834472656 -0.00449752807617186
0.210159301757813 -0.0048065185546875 0.114151000976563 -0.0787353515625
0.13031005859375 -0.143585205078125 0.12109375 -0.168548583984375
-0.01605224609375 -0.165771484375 0.00331115722656248 -0.281097412109375
-0.094696044921875 -0.155410766601563 -0.16619873046875 -0.30059814453125
-0.066253662109375 -0.175827026367188 -0.176620483398437 -0.277206420898438
-0.0865325927734375 -0.160736083984375 -0.14520263671875 -0.292724609375
0.0048980712890625 -0.1802978515625 -0.0255279541015625 -0.251174926757813
0.131500244140625 -0.148941040039063 0.024444580078125 -0.118980407714844
0.229354858398438 -0.01953125 -0.0507431030273437 -0.100677490234375
0.155288696289062 0.192153930664063 -0.135452270507812 -0.17926025390625
0.0324249267578125 0.229385375976563 -0.11572265625 -0.411834716796875
-0.0754852294921875 0.23193359375 0.216796875 -0.5938720703125
-0.1041259765625 0.465057373046875 -0.061187744140625 -0.309783935546875
0.06451416015625 0.397125244140625 -0.0910110473632813 -0.139785766601562
0.32257080078125 0.26190185546875 0.0586967468261719 -0.0125885009765625
0.341796875 -0.008544921875 0.0893783569335938 -0.07684326171875
0.227920532226563 -0.223495483398438 0.100288391113281 -0.133224487304688
0.00254821777343748 -0.2806396484375 -0.0047149658203125 -0.211624145507813
-0.128555297851562 -0.267105102539063 -0.132080078125 -0.21966552734375
-0.094635009765625 -0.30328369140625 -0.12188720703125 -0.195541381835938
-0.125732421875 -0.292144775390625 -0.0991058349609375 -0.209884643554688
0.02197265625 -0.302825927734375 -0.0207977294921875 -0.158889770507813
0.223251342773438 -0.255584716796875 0.00612258911132814 -0.0501632690429688
0.38623046875 -0.054046630859375 -0.0921249389648437 -0.0736541748046875
0.313232421875 0.3201904296875 -0.160446166992187 -0.173721313476563
0.098785400390625 0.421844482421875 -0.09613037109375 -0.38604736328125
-0.10186767578125 0.47369384765625 0.192138671875 -0.51129150390625
-0.09637451171875 0.614990234375 -0.098114013671875 -0.163375854492187
0.12396240234375 0.516265869140625 -0.0634880065917969 -0.0556297302246093
0.4388427734375 0.320556640625 0.0747833251953125 -0.015716552734375
0.443939208984375 -0.0313720703125 0.0614166259765625 -0.0695419311523438
0.295806884765625 -0.291015625 0.06878662109375 -0.0829315185546875
0.01605224609375 -0.364837646484375 -0.0133438110351563 -0.112648010253906
-0.145477294921875 -0.341278076171875 -0.0798721313476563 -0.106391906738281
-0.108917236328125 -0.385498046875 -0.0490341186523437 -0.084686279296875
-0.1431884765625 -0.3778076171875 -0.0341110229492188 -0.0947723388671875
0.03759765625 -0.3770751953125 -0.010406494140625 -0.036376953125
0.28106689453125 -0.323089599609375 -0.0145988464355469 0.0380020141601562
0.487396240234375 -0.080108642578125 -0.130729675292969 -0.0262908935546875
0.4254150390625 0.401092529296875 -0.174285888671875 -0.146438598632812
0.149749755859375 0.5509033203125 -0.0628662109375 -0.313446044921875
-0.11749267578125 0.63818359375 0.15283203125 -0.35675048828125
-0.071533203125 0.68231201171875 -0.131431579589844 0.0268478393554688
0.180419921875 0.5662841796875 -0.0189781188964844 0.0597343444824219
0.510162353515625 0.3245849609375 0.0920486450195313 -0.00675964355468748
0.486785888671875 -0.0616455078125 0.0320014953613282 -0.0473861694335938
0.31890869140625 -0.32513427734375 0.0307064056396485 -0.0168609619140625
0.0224609375 -0.39630126953125 -0.0183010101318359 0.00662803649902341
-0.142425537109375 -0.3634033203125 -0.0162124633789063 0.024850845336914
-0.107574462890625 -0.40667724609375 0.0311126708984375 0.0405845642089843
-0.139190673828125 -0.40130615234375 0.0376091003417969 0.0375518798828125
0.04730224609375 -0.387603759765625 0.00497436523437501 0.0974502563476562
0.29510498046875 -0.330291748046875 -0.035247802734375 0.130165100097656
0.502716064453125 -0.082305908203125 -0.156173706054687 0.0315399169921875
0.45172119140625 0.418914794921875 -0.169815063476563 -0.10186767578125
0.16375732421875 0.58197021484375 -0.01751708984375 -0.203353881835937
-0.12152099609375 0.69464111328125 0.105636596679687 -0.161819458007812
-0.0357666015625 0.6436767578125 -0.155014038085937 0.232940673828125
0.207733154296875 0.5235595703125 0.0336151123046875 0.188308715820313
0.490997314453125 0.276763916015625 0.104072570800781 0.015716552734375
0.444244384765625 -0.0791015625 0.00539588928222659 -0.0102138519287109
0.285858154296875 -0.302947998046875 -0.00622177124023435 0.0557403564453125
0.0225830078125 -0.365386962890625 -0.0165939331054688 0.127944946289062
-0.118377685546875 -0.32891845703125 0.0514984130859375 0.15411376953125
-0.08935546875 -0.3658447265625 0.104629516601563 0.159088134765625
-0.11138916015625 -0.36126708984375 0.103546142578125 0.164581298828125
0.055755615234375 -0.329925537109375 0.01788330078125 0.215805053710937
0.260940551757812 -0.272125244140625 -0.055389404296875 0.202011108398437
0.424102783203125 -0.053680419921875 -0.1649169921875 0.080322265625
0.37811279296875 0.3704833984375 -0.145843505859375 -0.0557861328125
0.13262939453125 0.510345458984375 0.0288314819335938 -0.0828170776367187
-0.1116943359375 0.635986328125 0.0552864074707031 0.0400047302246094
0.00091552734374999 0.5028076171875 -0.168609619140625 0.420623779296875
0.191070556640625 0.396240234375 0.07965087890625 0.30926513671875
0.374267578125 0.18603515625 0.109428405761719 0.0487747192382813
0.3177490234375 -0.0748291015625 -0.00930786132812498 0.0315685272216797
0.202133178710938 -0.223464965820313 -0.0363922119140625 0.114234924316406
0.019439697265625 -0.2708740234375 -0.0120849609375 0.222824096679688
-0.075469970703125 -0.241073608398438 0.110076904296875 0.258926391601563
-0.057952880859375 -0.267547607421875 0.161956787109375 0.25421142578125
-0.0654449462890625 -0.267074584960938 0.150909423828125 0.265106201171875
0.0556640625 -0.22418212890625 0.02252197265625 0.29833984375
0.187408447265625 -0.170028686523438 -0.0758514404296875 0.23675537109375
0.277938842773438 -0.0122222900390625 -0.159652709960937 0.107986450195313
0.23736572265625 0.265823364257813 -0.112586975097656 -0.0201263427734375
0.078857421875 0.35394287109375 0.0616340637207031 0.0224266052246094
-0.0845947265625 0.474090576171875 0.00843811035156251 0.211990356445313
0.0325775146484375 0.27972412109375 -0.17291259765625 0.56072998046875
0.13873291015625 0.206085205078125 0.10943603515625 0.4039306640625
0.197311401367188 0.0673828125 0.11322021484375 0.0851516723632812
0.141448974609375 -0.0557861328125 -0.00535964965820311 0.0621566772460938
0.0881729125976563 -0.105796813964844 -0.0535125732421875 0.143295288085938
0.0146331787109375 -0.131965637207031 -0.00701904296875 0.275360107421875
-0.0214157104492188 -0.114700317382812 0.14892578125 0.321746826171875
-0.0176620483398437 -0.129219055175781 0.194183349609375 0.310699462890625
-0.0121307373046875 -0.135627746582031 0.173919677734375 0.32647705078125
0.0461044311523437 -0.0933990478515625 0.019866943359375 0.334747314453125
0.091949462890625 -0.0567779541015625 -0.0927581787109375 0.235122680664063
0.10858154296875 0.017852783203125 -0.144851684570313 0.114181518554688
0.0874099731445313 0.124908447265625 -0.0809860229492187 0.00111389160156249
0.030364990234375 0.1591796875 0.0755538940429688 0.0950775146484375
-0.037567138671875 0.253372192382813 -0.025146484375 0.32989501953125
-0.0583038330078125 0.0160713195800781 -0.032257080078125 -0.418914794921875
-0.01495361328125 0.0524024963378906 -0.111862182617188 -0.181838989257813
0.0528678894042969 0.0328826904296875 0.0523223876953125 0.00345230102539063
0.0637702941894531 -0.0150527954101562 0.132087707519531 -0.0901336669921875
0.0156822204589844 -0.0583114624023438 0.118789672851562 -0.204681396484375
-0.0365638732910156 -0.0296707153320312 -0.0123291015625 -0.325439453125
-0.0516433715820313 -0.0190620422363281 -0.2015380859375 -0.330352783203125
-0.0294895172119141 -0.0215377807617187 -0.22369384765625 -0.306884765625
-0.0330238342285156 -0.0018768310546875 -0.186492919921875 -0.3204345703125
-0.0138874053955078 -0.0310268402099609 -0.040130615234375 -0.3017578125
0.0238666534423828 -0.0262489318847656 0.02789306640625 -0.162307739257812
0.0489730834960938 0.012298583984375 -0.023834228515625 -0.104026794433594
-0.0138816833496094 0.0436134338378906 -0.12335205078125 -0.158477783203125
-0.0359916687011719 0.0107994079589844 -0.143463134765625 -0.384765625
-0.0423583984375 -0.0414581298828125 0.2021484375 -0.6114501953125
-0.0775299072265625 0.260940551757812 -0.049407958984375 -0.39691162109375
0.029510498046875 0.234878540039063 -0.113861083984375 -0.1793212890625
0.197158813476563 0.152542114257813 0.0484619140625 -0.00975036621093749
0.211471557617187 -0.015228271484375 0.108268737792969 -0.08551025390625
0.124313354492188 -0.151748657226563 0.113296508789063 -0.17596435546875
-0.02410888671875 -0.164382934570313 -0.011627197265625 -0.285369873046875
-0.102828979492188 -0.151519775390625 -0.184814453125 -0.2926025390625
-0.0770263671875 -0.176254272460938 -0.195938110351563 -0.269821166992187
-0.0945281982421875 -0.157058715820312 -0.1646728515625 -0.287689208984375
-0.00360107421874999 -0.181732177734375 -0.03900146484375 -0.254165649414063
0.125640869140625 -0.157272338867188 0.0207672119140625 -0.121543884277344
0.230911254882813 -0.032257080078125 -0.0589141845703125 -0.0964813232421875
0.168304443359375 0.186996459960938 -0.146743774414063 -0.17181396484375
0.04266357421875 0.229278564453125 -0.135528564453125 -0.4078369140625
-0.0641326904296875 0.237136840820313 0.1929931640625 -0.60711669921875
-0.08135986328125 0.472503662109375 -0.0787353515625 -0.307220458984375
0.084716796875 0.395751953125 -0.100997924804688 -0.1348876953125
0.335418701171875 0.246185302734375 0.0563774108886719 -0.0200653076171875
0.342041015625 -0.0252685546875 0.083892822265625 -0.0830535888671875
0.217437744140625 -0.237503051757812 0.0936279296875 -0.1400146484375
-0.01165771484375 -0.280715942382812 -0.0153961181640625 -0.21392822265625
-0.142501831054688 -0.261917114257813 -0.146270751953125 -0.212783813476563
-0.112701416015625 -0.302764892578125 -0.136016845703125 -0.190414428710938
-0.141387939453125 -0.287994384765625 -0.113449096679688 -0.207748413085938
0.00698852539062503 -0.3057861328125 -0.029449462890625 -0.16046142578125
0.21148681640625 -0.268844604492188 0.00585556030273439 -0.0514450073242188
0.387176513671875 -0.075469970703125 -0.100196838378906 -0.0678558349609375
0.334197998046875 0.306304931640625 -0.170730590820312 -0.165740966796875
0.11865234375 0.42034912109375 -0.115203857421875 -0.38446044921875
-0.07818603515625 0.482025146484375 0.171417236328125 -0.522186279296875
-0.066162109375 0.62518310546875 -0.108062744140625 -0.158065795898437
0.151947021484375 0.512664794921875 -0.0680923461914062 -0.0514488220214843
0.45941162109375 0.29791259765625 0.0722198486328125 -0.02386474609375
0.4451904296875 -0.054412841796875 0.056488037109375 -0.0754165649414063
0.281982421875 -0.309173583984375 0.0633926391601563 -0.0886459350585938
-0.00369262695312499 -0.36676025390625 -0.0196533203125 -0.112495422363281
-0.16326904296875 -0.335784912109375 -0.0875167846679688 -0.100387573242188
-0.131866455078125 -0.384735107421875 -0.055908203125 -0.08270263671875
-0.166229248046875 -0.372344970703125 -0.0417938232421875 -0.0957107543945313
0.017974853515625 -0.380767822265625 -0.0118598937988281 -0.0363807678222656
0.268157958984375 -0.339996337890625 -0.0102386474609375 0.038543701171875
0.48779296875 -0.107269287109375 -0.13629150390625 -0.0180282592773438
0.451995849609375 0.382232666015625 -0.182098388671875 -0.1380615234375
0.175140380859375 0.548858642578125 -0.077362060546875 -0.313446044921875
-0.085205078125 0.6500244140625 0.139404296875 -0.36712646484375
-0.0377807617187501 0.68927001953125 -0.132240295410156 0.03314208984375
0.211669921875 0.56060791015625 -0.0165824890136719 0.0622825622558594
0.53192138671875 0.298828125 0.0903472900390625 -0.0154342651367187
0.486663818359375 -0.086395263671875 0.0282020568847657 -0.0524177551269531
0.303070068359375 -0.344390869140625 0.0279788970947266 -0.0203666687011719
0.00247192382812499 -0.399444580078125 -0.0183181762695312 0.00884437561035154
-0.160797119140625 -0.3583984375 -0.0156421661376953 0.0295028686523437
-0.13177490234375 -0.407379150390625 0.0326385498046875 0.0385246276855468
-0.1632080078125 -0.396392822265625 0.038848876953125 0.0328636169433594
0.029541015625 -0.391754150390625 0.0108871459960937 0.0981597900390625
0.28131103515625 -0.348876953125 -0.0271072387695312 0.132492065429687
0.503021240234375 -0.1103515625 -0.157882690429687 0.040771484375
0.4796142578125 0.39739990234375 -0.174331665039062 -0.0946807861328125
0.192138671875 0.58056640625 -0.0262908935546875 -0.206436157226563
-0.0872192382812499 0.70751953125 0.099945068359375 -0.168548583984375
-0.00445556640625003 0.6494140625 -0.145217895507813 0.241287231445313
0.236358642578125 0.517822265625 0.044036865234375 0.188919067382813
0.5106201171875 0.252838134765625 0.105354309082031 0.00638580322265626
0.444488525390625 -0.10296630859375 0.00427818298339846 -0.0143823623657227
0.27130126953125 -0.322509765625 -0.00603103637695311 0.0546112060546875
0.00393676757812503 -0.368743896484375 -0.0109024047851563 0.130889892578125
-0.135040283203125 -0.32537841796875 0.06060791015625 0.156051635742187
-0.111480712890625 -0.36578369140625 0.114669799804688 0.153671264648437
-0.13177490234375 -0.35784912109375 0.112777709960937 0.156967163085937
0.03997802734375 -0.33538818359375 0.0306396484375 0.217727661132812
0.248992919921875 -0.287628173828125 -0.0449981689453125 0.20562744140625
0.4239501953125 -0.076446533203125 -0.163543701171875 0.090545654296875
0.401885986328125 0.35321044921875 -0.148040771484375 -0.0495147705078125
0.156890869140625 0.508392333984375 0.0250167846679688 -0.088226318359375
-0.08074951171875 0.64697265625 0.0577850341796875 0.0362968444824219
0.024993896484375 0.50762939453125 -0.149261474609375 0.43157958984375
0.211822509765625 0.389495849609375 0.096832275390625 0.30810546875
0.389556884765625 0.16845703125 0.112876892089844 0.0407943725585938
0.317474365234375 -0.09124755859375 -0.00774955749511717 0.0275859832763672
0.1923828125 -0.237350463867188 -0.0331802368164062 0.115226745605469
0.00563049316406252 -0.274124145507813 -0.00160217285156248 0.227996826171875
-0.087249755859375 -0.238937377929688 0.125640869140625 0.258514404296875
-0.0744781494140625 -0.267684936523438 0.178939819335937 0.247100830078125
-0.080780029296875 -0.265914916992188 0.167190551757813 0.256149291992188
0.04510498046875 -0.228500366210938 0.04052734375 0.301055908203125
0.179183959960937 -0.179229736328125 -0.06439208984375 0.242202758789063
0.279373168945313 -0.0266571044921875 -0.155441284179687 0.1177978515625
0.254806518554688 0.25286865234375 -0.112281799316406 -0.0155410766601562
0.095733642578125 0.352325439453125 0.0626678466796875 0.0157432556152344
-0.059417724609375 0.484222412109375 0.0186614990234375 0.211044311523438
0.045806884765625 0.281951904296875 -0.1466064453125 0.57171630859375
0.150772094726563 0.2008056640625 0.132354736328125 0.40179443359375
0.20465087890625 0.058380126953125 0.119140625 0.0792617797851563
0.140670776367188 -0.0639801025390625 -0.00148773193359374 0.0592689514160156
0.0828628540039063 -0.112533569335938 -0.04901123046875 0.14520263671875
0.00748443603515624 -0.133934020996094 0.00509643554687497 0.2816162109375
-0.0258102416992187 -0.11444091796875 0.169158935546875 0.319244384765625
-0.0252532958984375 -0.128662109375 0.21575927734375 0.30255126953125
-0.0205230712890625 -0.136024475097656 0.194610595703125 0.317474365234375
0.0419845581054688 -0.0958786010742188 0.039581298828125 0.3370361328125
0.0891036987304688 -0.0602188110351563 -0.0819549560546875 0.242202758789063
0.109222412109375 0.0122604370117188 -0.138778686523438 0.122596740722656
0.0950546264648438 0.119178771972656 -0.079986572265625 0.00423431396484376
0.0383148193359375 0.158660888671875 0.0798797607421875 0.0882644653320313
-0.024505615234375 0.259109497070313 -0.01055908203125 0.331146240234375
-0.0569267272949219 0.0183944702148437 -0.0521240234375 -0.409393310546875
-0.0131454467773437 0.0525779724121094 -0.120361328125 -0.172332763671875
0.05230712890625 0.0309829711914062 0.0500526428222656 -0.00115585327148437
0.06231689453125 -0.0176773071289063 0.123931884765625 -0.0941238403320313
0.0127601623535156 -0.0575370788574219 0.107162475585938 -0.208099365234375
-0.0367813110351563 -0.0264129638671875 -0.029205322265625 -0.32183837890625
-0.0511589050292969 -0.0157623291015625 -0.217742919921875 -0.313720703125
-0.0303382873535156 -0.0207061767578125 -0.23895263671875 -0.288848876953125
-0.0314579010009766 -0.000459671020507808 -0.203033447265625 -0.30645751953125
-0.0152301788330078 -0.0297374725341797 -0.05694580078125 -0.297119140625
0.0216312408447266 -0.0280933380126953 0.0220947265625 -0.161056518554688
0.0489730834960938 0.00864791870117188 -0.0302734375 -0.0990219116210937
-0.0115509033203125 0.0444145202636719 -0.131546020507812 -0.147186279296875
-0.0349693298339844 0.0109939575195313 -0.15899658203125 -0.369903564453125
-0.0439109802246094 -0.0399971008300781 0.17437744140625 -0.60919189453125
-0.0638275146484375 0.259780883789063 -0.068328857421875 -0.386138916015625
0.0388031005859375 0.229690551757813 -0.122344970703125 -0.16900634765625
0.200897216796875 0.140777587890625 0.045562744140625 -0.0143661499023437
0.207077026367187 -0.0242919921875 0.0997772216796875 -0.0894088745117188
0.1138916015625 -0.15545654296875 0.10205078125 -0.1795654296875
-0.0308990478515625 -0.159149169921875 -0.02593994140625 -0.282257080078125
-0.108428955078125 -0.143798828125 -0.198928833007813 -0.27777099609375
-0.0859527587890625 -0.171005249023438 -0.208892822265625 -0.254013061523438
-0.09991455078125 -0.150299072265625 -0.179367065429688 -0.274948120117187
-0.012451171875 -0.178359985351562 -0.0519561767578125 -0.250473022460938
0.116073608398438 -0.162353515625 0.0168609619140625 -0.121559143066406
0.226394653320313 -0.0443878173828125 -0.0651092529296875 -0.089752197265625
0.176361083984375 0.176605224609375 -0.15447998046875 -0.160079956054688
0.0525665283203125 0.2235107421875 -0.152435302734375 -0.391937255859375
-0.05181884765625 0.235809326171875 0.1658935546875 -0.60443115234375
-0.0576171875 0.46795654296875 -0.09295654296875 -0.296356201171875
0.1025390625 0.384735107421875 -0.107322692871094 -0.125602722167969
0.342620849609375 0.2261962890625 0.0517387390136719 -0.0254325866699219
0.335968017578125 -0.041656494140625 0.076019287109375 -0.087493896484375
0.201004028320312 -0.24468994140625 0.0846099853515625 -0.142715454101563
-0.02386474609375 -0.274749755859375 -0.0262451171875 -0.210784912109375
-0.153152465820313 -0.251113891601562 -0.155960083007813 -0.199630737304687
-0.12921142578125 -0.294830322265625 -0.146408081054688 -0.179824829101563
-0.153640747070313 -0.27703857421875 -0.125411987304688 -0.200180053710938
-0.00836181640624999 -0.30126953125 -0.0374755859375 -0.157806396484375
0.19573974609375 -0.27679443359375 0.00590896606445314 -0.0517463684082031
0.3787841796875 -0.09454345703125 -0.104804992675781 -0.058685302734375
0.347137451171875 0.28466796875 -0.176239013671875 -0.153854370117187
0.13677978515625 0.40948486328125 -0.129150390625 -0.373626708984375
-0.05419921875 0.478546142578125 0.147613525390625 -0.52154541015625
-0.03424072265625 0.6158447265625 -0.114852905273437 -0.149002075195312
0.17413330078125 0.4959716796875 -0.0702476501464843 -0.0453033447265625
0.466827392578125 0.26812744140625 0.0672264099121094 -0.0308456420898437
0.435302734375 -0.07470703125 0.0493698120117188 -0.0794448852539063
0.26123046875 -0.318145751953125 0.0562591552734375 -0.0916976928710938
-0.021026611328125 -0.35894775390625 -0.0254592895507813 -0.109947204589844
-0.177001953125 -0.323150634765625 -0.0913009643554688 -0.0913772583007813
-0.15338134765625 -0.374908447265625 -0.0611495971679687 -0.078399658203125
-0.182403564453125 -0.358367919921875 -0.0494003295898437 -0.0934829711914063
-0.000854492187500029 -0.375701904296875 -0.012969970703125 -0.0359458923339844
0.24798583984375 -0.3475341796875 -0.00680541992187498 0.0374336242675781
0.476318359375 -0.13189697265625 -0.138282775878906 -0.00894165039062499
0.466705322265625 0.352508544921875 -0.184844970703125 -0.1265869140625
0.198944091796875 0.53289794921875 -0.089569091796875 -0.3070068359375
-0.0531005859375001 0.64373779296875 0.122833251953125 -0.368316650390625
-0.00262451171875003 0.6790771484375 -0.129203796386719 0.0397186279296875
0.23675537109375 0.542572021484375 -0.0138320922851562 0.0636215209960938
0.5394287109375 0.266265869140625 0.0867156982421875 -0.023773193359375
0.474945068359375 -0.1102294921875 0.023101806640625 -0.0566329956054688
0.279510498046875 -0.355865478515625 0.0247020721435547 -0.023305892944336
-0.018096923828125 -0.392913818359375 -0.0177497863769531 0.0108280181884765
-0.175537109375 -0.345062255859375 -0.0124607086181641 0.0330657958984375
-0.1539306640625 -0.396148681640625 0.0328330993652344 0.0358352661132812
-0.180999755859375 -0.38311767578125 0.037322998046875 0.0277633666992187
0.00888061523437498 -0.386627197265625 0.0169830322265625 0.0966415405273437
0.261016845703125 -0.356048583984375 -0.0186843872070312 0.131187438964844
0.48992919921875 -0.13409423828125 -0.155990600585938 0.050201416015625
0.4940185546875 0.365997314453125 -0.175491333007812 -0.084930419921875
0.21563720703125 0.563232421875 -0.0359649658203125 -0.20465087890625
-0.04931640625 0.7027587890625 0.0919189453125 -0.171783447265625
0.0286865234375 0.64044189453125 -0.131332397460937 0.24407958984375
0.25848388671875 0.49810791015625 0.0538787841796875 0.18511962890625
0.5181884765625 0.220733642578125 0.102615356445313 -0.00226593017578124
0.4326171875 -0.123779296875 0.00179862976074222 -0.0192375183105469
0.249664306640625 -0.332000732421875 -0.00568771362304686 0.0515937805175781
-0.0146484375 -0.36260986328125 -0.00444030761718751 0.131782531738281
-0.14837646484375 -0.3143310546875 0.0692138671875 0.153472900390625
-0.13153076171875 -0.356170654296875 0.12127685546875 0.144882202148437
-0.150146484375 -0.346160888671875 0.117706298828125 0.145721435546875
0.022918701171875 -0.33148193359375 0.043060302734375 0.213165283203125
0.23150634765625 -0.29376220703125 -0.033203125 0.204742431640625
0.41534423828125 -0.09649658203125 -0.158401489257812 0.0989227294921875
0.413909912109375 0.3253173828125 -0.146881103515625 -0.042877197265625
0.178192138671875 0.492950439453125 0.0199050903320313 -0.091217041015625
-0.04669189453125 0.64129638671875 0.0589447021484375 0.0314140319824219
0.050018310546875 0.499664306640625 -0.126373291015625 0.429901123046875
0.22955322265625 0.373779296875 0.1124267578125 0.299102783203125
0.3944091796875 0.14447021484375 0.113883972167969 0.0321731567382813
0.30938720703125 -0.107757568359375 -0.00691795349121092 0.0231304168701172
0.176681518554688 -0.245193481445313 -0.02972412109375 0.113212585449219
-0.00831604003906249 -0.27032470703125 0.0099945068359375 0.227752685546875
-0.0964202880859375 -0.230880737304688 0.139846801757813 0.250885009765625
-0.088134765625 -0.2603759765625 0.189987182617188 0.2332763671875
-0.0950927734375 -0.256942749023438 0.177169799804688 0.24090576171875
0.0342559814453125 -0.225692749023437 0.057647705078125 0.29522705078125
0.167327880859375 -0.184341430664062 -0.051025390625 0.24188232421875
0.273208618164063 -0.0403289794921875 -0.147140502929687 0.124359130859375
0.2645263671875 0.2335205078125 -0.110000610351562 -0.0110931396484375
0.110748291015625 0.3426513671875 0.0611915588378906 0.00884246826171877
-0.03564453125 0.480194091796875 0.0274200439453125 0.205307006835938
0.059173583984375 0.276565551757813 -0.11700439453125 0.56646728515625
0.158599853515625 0.190841674804688 0.152069091796875 0.38897705078125
0.2061767578125 0.0470123291015625 0.122276306152344 0.0708694458007813
0.135978698730469 -0.0703659057617188 0.00163269042968751 0.0538864135742187
0.0752792358398438 -0.115798950195313 -0.0439453125 0.1436767578125
0.000541687011718746 -0.132637023925781 0.019500732421875 0.280105590820313
-0.030242919921875 -0.11212158203125 0.186431884765625 0.3077392578125
-0.03228759765625 -0.125236511230469 0.22979736328125 0.285675048828125
-0.0287399291992187 -0.131881713867188 0.209197998046875 0.299957275390625
0.0372543334960938 -0.0955886840820313 0.058441162109375 0.33056640625
0.0843658447265625 -0.0618896484375 -0.0689544677734375 0.24285888671875
0.107711791992188 0.0068511962890625 -0.12945556640625 0.127273559570312
0.100204467773438 0.110328674316406 -0.077545166015625 0.00658416748046875
0.044769287109375 0.153778076171875 0.0809478759765625 0.079437255859375
-0.010467529296875 0.257659912109375 0.00384521484374999 0.32427978515625
-0.0541610717773438 0.0194816589355469 -0.063934326171875 -0.3948974609375
-0.0120391845703125 0.052642822265625 -0.123916625976563 -0.161972045898438
0.0509147644042969 0.0305747985839844 0.0474815368652344 -0.0037841796875
0.0607109069824219 -0.0180587768554688 0.115837097167969 -0.0955657958984375
0.0109176635742188 -0.0558815002441406 0.0988922119140625 -0.20654296875
-0.0355644226074219 -0.0240364074707031 -0.039306640625 -0.31451416015625
-0.0499687194824219 -0.0136528015136719 -0.225372314453125 -0.29931640625
-0.0309734344482422 -0.0200557708740234 -0.24432373046875 -0.271759033203125
-0.0294265747070313 -0.000572204589843748 -0.20892333984375 -0.290985107421875
-0.0159244537353516 -0.0281524658203125 -0.066558837890625 -0.2889404296875
0.0198154449462891 -0.0284137725830078 0.019012451171875 -0.157333374023438
0.0480194091796875 0.0066986083984375 -0.0334701538085938 -0.09222412109375
-0.00918197631835938 0.0447044372558594 -0.134681701660156 -0.136016845703125
-0.0341949462890625 0.0101394653320313 -0.163330078125 -0.352691650390625
-0.04437255859375 -0.0389213562011719 0.15814208984375 -0.59490966796875
-0.0543365478515625 0.253860473632812 -0.078399658203125 -0.3709716796875
0.043609619140625 0.222747802734375 -0.124923706054687 -0.158340454101563
0.198989868164063 0.131362915039063 0.041748046875 -0.0176506042480469
0.201629638671875 -0.029541015625 0.0925445556640625 -0.0902328491210938
0.1064453125 -0.154434204101563 0.0944061279296875 -0.178848266601563
-0.0337677001953125 -0.153121948242188 -0.0352325439453125 -0.275772094726562
-0.110008239746094 -0.137115478515625 -0.20452880859375 -0.262496948242187
-0.0914154052734375 -0.165542602539063 -0.214187622070312 -0.23870849609375
-0.101455688476563 -0.144012451171875 -0.186386108398438 -0.26129150390625
-0.018035888671875 -0.172943115234375 -0.0606231689453125 -0.24310302734375
0.108535766601563 -0.162796020507813 0.0148086547851563 -0.118827819824219
0.2198486328125 -0.051361083984375 -0.067901611328125 -0.0824508666992187
0.178741455078125 0.166000366210937 -0.155548095703125 -0.149551391601563
0.0566864013671875 0.21539306640625 -0.157958984375 -0.376617431640625
-0.0435638427734375 0.230224609375 0.1494140625 -0.5919189453125
-0.041900634765625 0.455810546875 -0.099212646484375 -0.284149169921875
0.108856201171875 0.370330810546875 -0.109115600585938 -0.115730285644531
0.339447021484375 0.20794677734375 0.0473213195800781 -0.0294876098632812
0.3253173828125 -0.04962158203125 0.0678329467773438 -0.0876998901367188
0.188079833984375 -0.24468994140625 0.0771331787109375 -0.142929077148438
-0.03076171875 -0.264968872070313 -0.0331268310546875 -0.2052001953125
-0.15582275390625 -0.240188598632813 -0.15960693359375 -0.186996459960938
-0.138031005859375 -0.2850341796875 -0.150482177734375 -0.16900634765625
-0.159133911132813 -0.26544189453125 -0.132583618164062 -0.1907958984375
-0.017181396484375 -0.292572021484375 -0.042510986328125 -0.153717041015625
0.182266235351563 -0.276611328125 0.00605010986328126 -0.0515403747558594
0.366455078125 -0.105316162109375 -0.106765747070313 -0.0515823364257813
0.348968505859375 0.267303466796875 -0.176361083984375 -0.143661499023438
0.1441650390625 0.395294189453125 -0.13543701171875 -0.360565185546875
-0.03851318359375 0.4681396484375 0.134124755859375 -0.511077880859375
-0.01611328125 0.5989990234375 -0.116439819335938 -0.140945434570313
0.183349609375 0.4759521484375 -0.0702323913574219 -0.040130615234375
0.463043212890625 0.245330810546875 0.0624465942382813 -0.0348434448242187
0.421722412109375 -0.085906982421875 0.0428390502929688 -0.0809478759765625
0.24346923828125 -0.319549560546875 0.05096435546875 -0.0921554565429688
-0.0306396484375 -0.3465576171875 -0.0283126831054688 -0.106254577636719
-0.1812744140625 -0.308319091796875 -0.09075927734375 -0.0838241577148438
-0.164886474609375 -0.362274169921875 -0.06353759765625 -0.073333740234375
-0.189727783203125 -0.34326171875 -0.0546875 -0.0905838012695313
-0.01129150390625 -0.365692138671875 -0.0133209228515625 -0.0358085632324219
0.23077392578125 -0.348388671875 -0.00348663330078124 0.035888671875
0.46142578125 -0.14276123046875 -0.137542724609375 -0.00151062011718748
0.467498779296875 0.32904052734375 -0.18377685546875 -0.117691040039062
0.207672119140625 0.51373291015625 -0.095458984375 -0.29840087890625
-0.03240966796875 0.6302490234375 0.11175537109375 -0.362030029296875
0.0191650390625 0.661865234375 -0.125228881835938 0.0424194335937501
0.245513916015625 0.519775390625 -0.00967788696289061 0.0639114379882813
0.5341796875 0.240997314453125 0.081787109375 -0.0292434692382812
0.459228515625 -0.122100830078125 0.0175094604492188 -0.0595703125
0.261383056640625 -0.357574462890625 0.0213871002197266 -0.0242805480957031
-0.029296875 -0.380615234375 -0.017094612121582 0.0122566223144531
-0.1812744140625 -0.331451416015625 -0.00939559936523439 0.0355262756347656
-0.166961669921875 -0.38275146484375 0.0324058532714844 0.0346336364746094
-0.190765380859375 -0.366729736328125 0.0339508056640625 0.0248355865478515
-0.00100708007812501 -0.37640380859375 0.021331787109375 0.0930023193359375
0.243743896484375 -0.35528564453125 -0.0127487182617187 0.127281188964844
0.473968505859375 -0.145843505859375 -0.15313720703125 0.05615234375
0.49432373046875 0.340789794921875 -0.17236328125 -0.0782470703125
0.224945068359375 0.54229736328125 -0.0409393310546875 -0.201644897460937
-0.0272827148437499 0.6861572265625 0.085540771484375 -0.170425415039062
0.04705810546875 0.6219482421875 -0.121551513671875 0.24078369140625
0.26715087890625 0.47857666015625 0.0595550537109375 0.1790771484375
0.5120849609375 0.198577880859375 0.0995712280273438 -0.00812530517578124
0.417938232421875 -0.13458251953125 -0.00153350830078123 -0.0223770141601563
0.231964111328125 -0.33319091796875 -0.00663757324218749 0.0497970581054687
-0.026336669921875 -0.351318359375 0.000373840332031245 0.13043212890625
-0.15289306640625 -0.302154541015625 0.0755615234375 0.14984130859375
-0.14215087890625 -0.34344482421875 0.123291015625 0.13690185546875
-0.158660888671875 -0.330841064453125 0.116973876953125 0.13629150390625
0.013275146484375 -0.321929931640625 0.050750732421875 0.20648193359375
0.217376708984375 -0.29315185546875 -0.02496337890625 0.199737548828125
0.40106201171875 -0.10711669921875 -0.153060913085937 0.103057861328125
0.4151611328125 0.3023681640625 -0.143173217773437 -0.0386962890625
0.187774658203125 0.475006103515625 0.0158004760742188 -0.0927963256835937
-0.026123046875 0.6258544921875 0.0574607849121094 0.02801513671875
0.06402587890625 0.484649658203125 -0.11163330078125 0.420806884765625
0.234771728515625 0.357513427734375 0.121124267578125 0.287994384765625
0.390228271484375 0.12677001953125 0.112403869628906 0.025909423828125
0.298431396484375 -0.11419677734375 -0.00748252868652342 0.0187816619873047
0.163894653320313 -0.245834350585937 -0.02783203125 0.110153198242187
-0.0167236328125 -0.26214599609375 0.0174713134765625 0.224075317382812
-0.100234985351563 -0.223983764648437 0.147720336914063 0.241195678710938
-0.0956268310546875 -0.250961303710938 0.194046020507813 0.22027587890625
-0.1021728515625 -0.245529174804688 0.179656982421875 0.227005004882813
0.0271759033203125 -0.220077514648438 0.06768798828125 0.2852783203125
0.158370971679688 -0.18304443359375 -0.0414276123046875 0.23760986328125
0.265060424804688 -0.0479583740234375 -0.13995361328125 0.126670837402344
0.265243530273438 0.21795654296875 -0.106925964355469 -0.00951385498046874
0.1171875 0.3309326171875 0.0581130981445313 0.00330352783203127
-0.0189208984375 0.470306396484375 0.0307464599609375 0.197525024414063
0.0662078857421875 0.268081665039063 -0.0994262695312499 0.5518798828125
0.159988403320313 0.181381225585938 0.16339111328125 0.373626708984375
0.204696655273438 0.0380706787109375 0.123428344726563 0.063995361328125
0.13104248046875 -0.0742416381835938 0.00238418579101563 0.04913330078125
0.069488525390625 -0.116401672363281 -0.041229248046875 0.14111328125
-0.00425720214843749 -0.129356384277344 0.0281982421875 0.275497436523438
-0.032379150390625 -0.108932495117188 0.1951904296875 0.2947998046875
-0.0358810424804688 -0.120468139648438 0.235565185546875 0.270233154296875
-0.0334701538085938 -0.126693725585938 0.214324951171875 0.282958984375
0.03375244140625 -0.0940093994140625 0.070526123046875 0.32080078125
0.080413818359375 -0.0615768432617187 -0.059539794921875 0.239959716796875
0.104217529296875 0.00373077392578125 -0.12152099609375 0.128517150878906
0.100868225097656 0.102638244628906 -0.0746841430664062 0.00726318359375002
0.0485687255859375 0.147720336914063 0.0796585083007813 0.0721282958984375
-0.00178527832031251 0.252456665039063 0.0107421875 0.31427001953125
-0.0536384582519531 0.0189132690429688 -0.066436767578125 -0.385040283203125
-0.012451171875 0.0525779724121094 -0.123870849609375 -0.15509033203125
0.0501441955566406 0.0305404663085938 0.0455245971679688 -0.00506210327148437
0.0603065490722656 -0.0182342529296875 0.111610412597656 -0.094635009765625
0.010711669921875 -0.0547370910644531 0.0942535400390625 -0.205902099609375
-0.0337867736816406 -0.0228843688964844 -0.044464111328125 -0.31109619140625
-0.0490837097167969 -0.0122871398925781 -0.2279052734375 -0.289276123046875
-0.0317840576171875 -0.0202083587646484 -0.24566650390625 -0.261734008789062
-0.0277976989746094 -0.00141525268554687 -0.2109375 -0.282196044921875
-0.0164718627929687 -0.0276565551757813 -0.070892333984375 -0.2845458984375
0.0183372497558594 -0.0292167663574219 0.018524169921875 -0.155624389648438
0.047576904296875 0.004974365234375 -0.0348281860351562 -0.0876617431640625
-0.00823974609375 0.0441818237304687 -0.134483337402344 -0.128868103027344
-0.0350399017333984 0.00910949707031249 -0.163055419921875 -0.3436279296875
-0.0436019897460938 -0.0382919311523437 0.15557861328125 -0.58416748046875
-0.0510406494140625 0.248672485351563 -0.08013916015625 -0.360870361328125
0.0445404052734375 0.218597412109375 -0.124847412109375 -0.151229858398437
0.196533203125 0.127288818359375 0.0390853881835938 -0.0195083618164062
0.198379516601562 -0.03106689453125 0.0875015258789063 -0.0901947021484375
0.1025390625 -0.152587890625 0.08990478515625 -0.178009033203125
-0.0330810546875 -0.148788452148438 -0.0392303466796875 -0.271926879882813
-0.1090087890625 -0.133041381835938 -0.205825805664063 -0.253753662109375
-0.093597412109375 -0.162765502929688 -0.21575927734375 -0.229766845703125
-0.10125732421875 -0.141494750976563 -0.18927001953125 -0.253753662109375
-0.0198516845703125 -0.169662475585937 -0.06439208984375 -0.239334106445313
0.104385375976563 -0.162811279296875 0.0155563354492188 -0.118362426757813
0.215850830078125 -0.05389404296875 -0.0694122314453125 -0.07733154296875
0.178054809570313 0.1611328125 -0.155014038085937 -0.142593383789063
0.0570068359375 0.211013793945313 -0.155914306640625 -0.36785888671875
-0.0400848388671875 0.226531982421875 0.14678955078125 -0.58331298828125
-0.03680419921875 0.446624755859375 -0.0990142822265625 -0.27490234375
0.110443115234375 0.361541748046875 -0.108352661132812 -0.110115051269531
0.3345947265625 0.20062255859375 0.0435523986816406 -0.0315895080566406
0.32049560546875 -0.05169677734375 0.062744140625 -0.0881729125976563
0.18133544921875 -0.242401123046875 0.0732574462890625 -0.142807006835938
-0.03228759765625 -0.2584228515625 -0.0365142822265625 -0.202102661132813
-0.155120849609375 -0.233535766601562 -0.159042358398438 -0.179946899414063
-0.142959594726562 -0.2801513671875 -0.15234375 -0.162124633789063
-0.159835815429688 -0.258834838867188 -0.136367797851563 -0.184860229492188
-0.0194091796875 -0.28643798828125 -0.04437255859375 -0.151199340820313
0.175811767578125 -0.275177001953125 0.00735092163085938 -0.0521469116210938
0.359832763671875 -0.108489990234375 -0.107551574707031 -0.0453948974609375
0.347015380859375 0.257965087890625 -0.174362182617187 -0.138397216796875
0.144195556640625 0.386993408203125 -0.135101318359375 -0.3536376953125
-0.033660888671875 0.459716796875 0.130645751953125 -0.5037841796875
-0.0079345703125 0.58624267578125 -0.115516662597656 -0.13519287109375
0.1849365234375 0.465118408203125 -0.0682487487792969 -0.0363807678222656
0.456756591796875 0.23480224609375 0.0589866638183594 -0.0375213623046875
0.413665771484375 -0.089447021484375 0.0371475219726563 -0.0814895629882813
0.23455810546875 -0.317291259765625 0.0475387573242188 -0.0925445556640625
-0.0323486328125 -0.338165283203125 -0.0291671752929688 -0.103401184082031
-0.18194580078125 -0.3013916015625 -0.0895233154296875 -0.0788421630859375
-0.16998291015625 -0.35516357421875 -0.0648307800292969 -0.0696144104003907
-0.192230224609375 -0.335113525390625 -0.0588760375976563 -0.0873184204101563
-0.01416015625 -0.357330322265625 -0.0132637023925781 -0.0348911285400391
0.2235107421875 -0.34735107421875 -0.00112152099609374 0.0340538024902343
0.4530029296875 -0.147674560546875 -0.13751220703125 0.00444030761718748
0.464508056640625 0.3160400390625 -0.181991577148438 -0.114471435546875
0.20855712890625 0.504119873046875 -0.0963134765625 -0.29412841796875
-0.026611328125 0.619384765625 0.1094970703125 -0.35748291015625
0.02490234375 0.6466064453125 -0.12200927734375 0.0425872802734375
0.247222900390625 0.50518798828125 -0.00738906860351561 0.0643959045410157
0.5289306640625 0.22698974609375 0.0785598754882813 -0.0327682495117187
0.449676513671875 -0.12481689453125 0.0132255554199219 -0.0608024597167969
0.250091552734375 -0.354644775390625 0.0187549591064453 -0.0257282257080078
-0.0318603515625 -0.37213134765625 -0.0160951614379883 0.0128259658813476
-0.181060791015625 -0.32366943359375 -0.00610733032226564 0.0363922119140625
-0.171875 -0.374908447265625 0.0317306518554687 0.0341777801513672
-0.19281005859375 -0.3570556640625 0.0302314758300781 0.0240631103515625
-0.00552368164062497 -0.368408203125 0.023284912109375 0.0908966064453125
0.235595703125 -0.352874755859375 -0.00946044921874998 0.12481689453125
0.46649169921875 -0.149505615234375 -0.152099609375 0.0603485107421875
0.490753173828125 0.326324462890625 -0.170440673828125 -0.076141357421875
0.225982666015625 0.530670166015625 -0.0429534912109375 -0.200515747070312
-0.02056884765625 0.67449951171875 0.0830535888671875 -0.168991088867187
0.05377197265625 0.61114501953125 -0.116958618164062 0.235275268554688
0.268829345703125 0.466583251953125 0.06268310546875 0.175338745117188
0.506866455078125 0.187347412109375 0.0971908569335938 -0.01190185546875
0.40924072265625 -0.13677978515625 -0.00451278686523435 -0.0253410339355469
0.223388671875 -0.331939697265625 -0.00816726684570311 0.0478668212890625
-0.028350830078125 -0.3436279296875 0.00318908691406251 0.129692077636719
-0.1539306640625 -0.2962646484375 0.0802764892578125 0.147064208984375
-0.14776611328125 -0.3365478515625 0.123291015625 0.133064270019531
-0.16119384765625 -0.321929931640625 0.114662170410156 0.132026672363281
0.011474609375 -0.315887451171875 0.0553741455078125 0.202407836914062
0.2100830078125 -0.2908935546875 -0.020782470703125 0.19659423828125
0.394012451171875 -0.1103515625 -0.150222778320312 0.1055908203125
0.411529541015625 0.2908935546875 -0.141006469726562 -0.0384674072265625
0.18768310546875 0.46484375 0.012939453125 -0.0948257446289062
-0.0186767578125 0.6160888671875 0.0558280944824219 0.0261878967285157
0.0683593750000001 0.47662353515625 -0.10614013671875 0.409881591796875
0.234344482421875 0.349212646484375 0.124420166015625 0.280197143554688
0.386993408203125 0.1187744140625 0.11102294921875 0.0211334228515625
0.291839599609375 -0.11663818359375 -0.00935173034667967 0.0152511596679687
0.156875610351563 -0.245468139648438 -0.0284881591796875 0.108123779296875
-0.0186920166015625 -0.257049560546875 0.0211944580078125 0.222503662109375
-0.10089111328125 -0.2198486328125 0.153289794921875 0.235595703125
-0.0992889404296875 -0.2462158203125 0.19500732421875 0.212936401367187
-0.104461669921875 -0.238632202148438 0.178619384765625 0.219131469726563
0.0253143310546875 -0.215606689453125 0.0737457275390625 0.27899169921875
0.153839111328125 -0.180633544921875 -0.0372772216796875 0.234237670898438
0.259658813476563 -0.04962158203125 -0.136444091796875 0.127571105957031
0.2628173828125 0.20806884765625 -0.104957580566406 -0.0100326538085937
0.1175537109375 0.3236083984375 0.0547447204589844 -0.00066375732421873
-0.012939453125 0.462371826171875 0.0296783447265625 0.193145751953125
0.0679779052734375 0.26397705078125 -0.09307861328125 0.538543701171875
0.15997314453125 0.176300048828125 0.166778564453125 0.36322021484375
0.20220947265625 0.0343780517578125 0.123558044433594 0.0599365234375
0.127372741699219 -0.0746994018554688 0.00200271606445313 0.0451087951660156
0.0665435791015625 -0.116973876953125 -0.0411911010742187 0.139076232910156
-0.0060577392578125 -0.126678466796875 0.0321807861328125 0.272857666015625
-0.0325546264648438 -0.107498168945313 0.200103759765625 0.288116455078125
-0.0367965698242187 -0.117851257324219 0.2369384765625 0.26092529296875
-0.0346832275390625 -0.12200927734375 0.214263916015625 0.27423095703125
0.033203125 -0.0918350219726563 0.07635498046875 0.313995361328125
0.078216552734375 -0.0603561401367188 -0.0550994873046875 0.23773193359375
0.101974487304688 0.00284576416015625 -0.116256713867188 0.127723693847656
0.100296020507813 0.0972366333007813 -0.0731582641601563 0.00585174560546875
0.0493011474609375 0.144515991210938 0.0758514404296875 0.0669937133789063
0.0027313232421875 0.248779296875 0.01019287109375 0.307281494140625
-0.0534324645996094 0.0185470581054687 -0.066497802734375 -0.38201904296875
-0.0126609802246094 0.0539321899414063 -0.124649047851562 -0.152297973632813
0.0504913330078125 0.0313682556152344 0.0444068908691406 -0.00620651245117187
0.0612449645996094 -0.0180702209472656 0.109428405761719 -0.0955123901367188
0.0109329223632813 -0.0546073913574219 0.091583251953125 -0.208633422851562
-0.0323123931884766 -0.0228557586669922 -0.048797607421875 -0.312774658203125
-0.0483436584472656 -0.0118637084960938 -0.23236083984375 -0.287139892578125
-0.0327377319335937 -0.0200443267822266 -0.250564575195312 -0.258407592773438
-0.0274734497070313 -0.00276756286621094 -0.214691162109375 -0.282196044921875
-0.0168952941894531 -0.0272140502929688 -0.075286865234375 -0.2855224609375
0.0178871154785156 -0.0300388336181641 0.0200958251953125 -0.156692504882813
0.0475540161132813 0.00468826293945313 -0.0357894897460938 -0.084503173828125
-0.00808334350585938 0.0442886352539063 -0.136299133300781 -0.124908447265625
-0.0363044738769531 0.00821304321289063 -0.163421630859375 -0.3411865234375
-0.0442085266113281 -0.0394096374511719 0.15777587890625 -0.58734130859375
-0.0506439208984375 0.247726440429688 -0.079986572265625 -0.358428955078125
0.044525146484375 0.218551635742188 -0.125259399414063 -0.147720336914062
0.197967529296875 0.126693725585938 0.0370407104492188 -0.0209999084472656
0.1993408203125 -0.0314483642578125 0.0843353271484375 -0.0903854370117188
0.102508544921875 -0.153305053710938 0.088287353515625 -0.180496215820313
-0.032135009765625 -0.148330688476563 -0.0429229736328125 -0.273239135742187
-0.109748840332031 -0.131904602050781 -0.210235595703125 -0.250869750976563
-0.0973968505859375 -0.163314819335937 -0.220138549804687 -0.22650146484375
-0.102615356445313 -0.14178466796875 -0.194580078125 -0.252243041992188
-0.0204315185546875 -0.1685791015625 -0.067626953125 -0.240631103515625
0.10247802734375 -0.164901733398438 0.0165023803710938 -0.120018005371094
0.21661376953125 -0.0557861328125 -0.0719375610351562 -0.0736083984375
0.180435180664063 0.160430908203125 -0.156707763671875 -0.140151977539062
0.0566864013671875 0.211105346679688 -0.15692138671875 -0.368804931640625
-0.0400390625 0.226715087890625 0.14959716796875 -0.58526611328125
-0.035003662109375 0.445526123046875 -0.0991973876953125 -0.272674560546875
0.11138916015625 0.36181640625 -0.108245849609375 -0.107368469238281
0.336669921875 0.198760986328125 0.0420722961425781 -0.0334320068359375
0.321044921875 -0.05291748046875 0.059539794921875 -0.0891189575195312
0.180099487304687 -0.244415283203125 0.071685791015625 -0.144805908203125
-0.031280517578125 -0.257736206054688 -0.0385284423828125 -0.202606201171875
-0.157333374023437 -0.233261108398438 -0.16162109375 -0.177932739257813
-0.148468017578125 -0.281494140625 -0.155532836914063 -0.159072875976563
-0.163009643554688 -0.259109497070313 -0.140731811523437 -0.182113647460938
-0.020172119140625 -0.2867431640625 -0.0460205078125 -0.15191650390625
0.174880981445313 -0.278640747070313 0.00858306884765626 -0.0536384582519531
0.36126708984375 -0.111724853515625 -0.109947204589844 -0.0412063598632813
0.350860595703125 0.255828857421875 -0.176055908203125 -0.13726806640625
0.14605712890625 0.3873291015625 -0.136016845703125 -0.35418701171875
-0.03265380859375 0.461883544921875 0.133209228515625 -0.505828857421875
-0.00683593749999994 0.586669921875 -0.114967346191406 -0.134208679199219
0.18695068359375 0.4644775390625 -0.0672187805175781 -0.0343742370605468
0.46044921875 0.23114013671875 0.0569114685058594 -0.0407371520996094
0.413970947265625 -0.09039306640625 0.0334930419921875 -0.0835113525390625
0.231475830078125 -0.320343017578125 0.0461196899414063 -0.0944671630859375
-0.031890869140625 -0.33740234375 -0.030059814453125 -0.104209899902344
-0.18292236328125 -0.300811767578125 -0.0893783569335938 -0.0773696899414063
-0.177734375 -0.355865478515625 -0.0668106079101563 -0.0673942565917969
-0.1956787109375 -0.33465576171875 -0.0628433227539063 -0.0854110717773438
-0.015045166015625 -0.358062744140625 -0.013336181640625 -0.0357856750488281
0.22137451171875 -0.349395751953125 0.00025367736816408 0.0328731536865234
0.45440673828125 -0.149932861328125 -0.139678955078125 0.00905609130859377
0.468109130859375 0.312835693359375 -0.182632446289062 -0.113693237304687
0.20880126953125 0.50390625 -0.097869873046875 -0.29656982421875
-0.024658203125 0.62127685546875 0.1104736328125 -0.358734130859375
0.0268554687499999 0.6473388671875 -0.121749877929688 0.0427703857421875
0.2509765625 0.50531005859375 -0.00548934936523436 0.0654067993164063
0.53179931640625 0.224212646484375 0.0775375366210938 -0.0363616943359375
0.451171875 -0.127593994140625 0.00958633422851565 -0.0634002685546875
0.247344970703125 -0.35858154296875 0.0173130035400391 -0.0271759033203125
-0.032867431640625 -0.370697021484375 -0.0151300430297852 0.0133848190307617
-0.18353271484375 -0.324188232421875 -0.00334548950195313 0.0369415283203125
-0.179229736328125 -0.376007080078125 0.0319557189941406 0.034250259399414
-0.19720458984375 -0.35467529296875 0.0283393859863281 0.0256557464599609
-0.004669189453125 -0.367889404296875 0.0251846313476563 0.0903396606445312
0.234375 -0.35650634765625 -0.00753784179687499 0.124015808105469
0.466796875 -0.154022216796875 -0.153518676757812 0.0656585693359375
0.49432373046875 0.32421875 -0.170989990234375 -0.07666015625
0.226715087890625 0.532501220703125 -0.04498291015625 -0.203750610351562
-0.0184326171875 0.676513671875 0.0833892822265625 -0.169479370117187
0.0555419921875001 0.6109619140625 -0.117050170898437 0.234222412109375
0.27117919921875 0.466217041015625 0.0662689208984375 0.175018310546875
0.510589599609375 0.1820068359375 0.0965652465820313 -0.015899658203125
0.409576416015625 -0.139434814453125 -0.00741577148437498 -0.0276737213134766
0.21942138671875 -0.33660888671875 -0.00937652587890624 0.0469245910644531
-0.02886962890625 -0.34326171875 0.00518035888671875 0.131065368652344
-0.155517578125 -0.29742431640625 0.084747314453125 0.146957397460937
-0.152313232421875 -0.337371826171875 0.126045227050781 0.131690979003906
-0.164581298828125 -0.319671630859375 0.113822937011719 0.132369995117187
0.01116943359375 -0.3150634765625 0.058197021484375 0.201614379882813
0.210357666015625 -0.29296875 -0.018646240234375 0.196990966796875
0.3946533203125 -0.112335205078125 -0.150955200195312 0.109695434570313
0.415802001953125 0.2886962890625 -0.141952514648437 -0.0389556884765625
0.190185546875 0.465118408203125 0.0100936889648438 -0.0982894897460937
-0.0169677734375 0.617431640625 0.0552024841308594 0.0261497497558594
0.071533203125 0.477813720703125 -0.106903076171875 0.40789794921875
0.23724365234375 0.348480224609375 0.128814697265625 0.279434204101563
0.38946533203125 0.115325927734375 0.112220764160156 0.0184326171875
0.292327880859375 -0.118682861328125 -0.0110807418823242 0.0124006271362305
0.155075073242188 -0.249008178710938 -0.0297317504882812 0.108222961425781
-0.02056884765625 -0.256622314453125 0.0240478515625 0.22430419921875
-0.102096557617187 -0.220550537109375 0.15960693359375 0.234451293945313
-0.102508544921875 -0.246536254882813 0.199371337890625 0.21112060546875
-0.106491088867188 -0.236892700195313 0.180389404296875 0.218521118164062
0.025848388671875 -0.215576171875 0.0787200927734375 0.279449462890625
0.15374755859375 -0.181594848632813 -0.034942626953125 0.235931396484375
0.260162353515625 -0.050689697265625 -0.135238647460938 0.130424499511719
0.264816284179688 0.206008911132813 -0.105842590332031 -0.0117645263671875
0.118988037109375 0.32305908203125 0.0513153076171875 -0.00467681884765623
-0.010040283203125 0.46575927734375 0.0283966064453125 0.193222045898438
0.0695648193359375 0.265487670898437 -0.0936279296874999 0.53607177734375
0.161224365234375 0.17633056640625 0.169525146484375 0.36138916015625
0.204330444335937 0.032135009765625 0.125717163085938 0.0574569702148438
0.127098083496094 -0.0755462646484375 0.00138473510742188 0.0428581237792969
0.0649795532226563 -0.119026184082031 -0.042144775390625 0.139488220214844
-0.00698089599609375 -0.127143859863281 0.035003662109375 0.275955200195313
-0.03271484375 -0.108932495117188 0.206268310546875 0.286163330078125
-0.037994384765625 -0.117935180664063 0.24267578125 0.258316040039063
-0.0350494384765625 -0.120780944824219 0.2169189453125 0.272232055664062
0.0338363647460937 -0.0919952392578125 0.08160400390625 0.313507080078125
0.078155517578125 -0.0599136352539063 -0.0531768798828125 0.239364624023438
0.102081298828125 0.0029754638671875 -0.1153564453125 0.129570007324219
0.100845336914062 0.095306396484375 -0.0739517211914062 0.00434875488281252
0.05035400390625 0.143630981445313 0.0731735229492187 0.0633697509765625
0.00480651855468749 0.25048828125 0.00881958007812501 0.308380126953125
-0.0550804138183594 0.0194625854492188 -0.072357177734375 -0.386444091796875
-0.0121803283691406 0.0562896728515625 -0.12847900390625 -0.15032958984375
0.0521392822265625 0.0329399108886719 0.0445556640625 -0.00795745849609375
0.0631675720214844 -0.0195884704589844 0.108390808105469 -0.0997238159179688
0.0115852355957031 -0.0555992126464844 0.08837890625 -0.216262817382813
-0.0320835113525391 -0.0229721069335937 -0.05902099609375 -0.318817138671875
-0.04925537109375 -0.0110626220703125 -0.24493408203125 -0.285491943359375
-0.0339260101318359 -0.0203876495361328 -0.262344360351563 -0.256210327148438
-0.0281810760498047 -0.0035400390625 -0.2266845703125 -0.282470703125
-0.0183677673339844 -0.0269985198974609 -0.084716796875 -0.290435791015625
0.0167617797851563 -0.0310554504394531 0.01904296875 -0.16082763671875
0.0492439270019531 0.0028839111328125 -0.0385360717773437 -0.0826034545898438
-0.00749969482421875 0.0459098815917969 -0.141586303710937 -0.121078491210938
-0.03875732421875 0.00844573974609375 -0.169921875 -0.34423828125
-0.0457878112792969 -0.0403213500976563 0.1580810546875 -0.60162353515625
-0.0482940673828125 0.252029418945313 -0.08551025390625 -0.361572265625
0.0482025146484375 0.2225341796875 -0.128738403320313 -0.145736694335938
0.203903198242188 0.125579833984375 0.0361480712890625 -0.0232734680175781
0.202972412109375 -0.0356597900390625 0.0823745727539063 -0.0935745239257813
0.102142333984375 -0.158401489257813 0.0848846435546875 -0.187179565429688
-0.03363037109375 -0.1507568359375 -0.05096435546875 -0.278533935546875
-0.113883972167969 -0.132965087890625 -0.220779418945313 -0.249404907226562
-0.104995727539063 -0.165069580078125 -0.230941772460937 -0.22320556640625
-0.108612060546875 -0.144241333007813 -0.205474853515625 -0.251922607421875
-0.023712158203125 -0.171676635742188 -0.0750732421875 -0.244140625
0.10113525390625 -0.171112060546875 0.0160903930664062 -0.124114990234375
0.221099853515625 -0.0622100830078125 -0.0755767822265625 -0.0696563720703125
0.187576293945313 0.160186767578125 -0.16204833984375 -0.1375732421875
0.0595550537109375 0.21405029296875 -0.163330078125 -0.372528076171875
-0.0370941162109375 0.232009887695313 0.14849853515625 -0.60009765625
-0.02886962890625 0.45318603515625 -0.104110717773438 -0.27423095703125
0.1182861328125 0.367095947265625 -0.109695434570313 -0.104888916015625
0.34674072265625 0.19573974609375 0.0404434204101563 -0.0376167297363281
0.327178955078125 -0.059967041015625 0.0555572509765625 -0.0922393798828125
0.178543090820313 -0.253326416015625 0.0688018798828125 -0.150390625
-0.034423828125 -0.261978149414063 -0.044036865234375 -0.206314086914063
-0.163619995117188 -0.235549926757812 -0.168075561523437 -0.176467895507813
-0.160736083984375 -0.284027099609375 -0.163101196289063 -0.156524658203125
-0.171463012695313 -0.261749267578125 -0.1500244140625 -0.18115234375
-0.024993896484375 -0.291534423828125 -0.0513153076171875 -0.154373168945313
0.172393798828125 -0.2889404296875 0.00884246826171877 -0.0564842224121094
0.3673095703125 -0.12158203125 -0.113861083984375 -0.0351181030273437
0.362945556640625 0.25372314453125 -0.182357788085937 -0.135330200195313
0.153472900390625 0.39202880859375 -0.14373779296875 -0.359466552734375
-0.0262451171875 0.471343994140625 0.129669189453125 -0.51947021484375
0.00335693359374994 0.5960693359375 -0.117782592773437 -0.134201049804688
0.197509765625 0.468292236328125 -0.0668296813964843 -0.0322837829589844
0.47174072265625 0.225067138671875 0.0557861328125 -0.0454025268554687
0.4208984375 -0.100494384765625 0.0291976928710938 -0.0858154296875
0.227630615234375 -0.33099365234375 0.04339599609375 -0.098968505859375
-0.03668212890625 -0.34295654296875 -0.03314208984375 -0.106224060058594
-0.1917724609375 -0.3040771484375 -0.0919723510742188 -0.076446533203125
-0.19256591796875 -0.359527587890625 -0.0699539184570313 -0.0658187866210938
-0.207305908203125 -0.336334228515625 -0.0677337646484375 -0.0836639404296875
-0.020294189453125 -0.36370849609375 -0.0139541625976563 -0.0366783142089844
0.21832275390625 -0.362823486328125 0.00194740295410157 0.0316333770751953
0.46160888671875 -0.163299560546875 -0.142959594726562 0.016754150390625
0.485321044921875 0.310150146484375 -0.188247680664062 -0.11285400390625
0.219818115234375 0.512298583984375 -0.10528564453125 -0.30242919921875
-0.0155029296875 0.63409423828125 0.10955810546875 -0.36785888671875
0.0390014648437501 0.65850830078125 -0.122047424316406 0.0444641113281251
0.262939453125 0.509765625 -0.00173950195312498 0.0665054321289063
0.547088623046875 0.2158203125 0.0771102905273438 -0.04119873046875
0.457611083984375 -0.138458251953125 0.00516510009765628 -0.0658683776855469
0.244293212890625 -0.371734619140625 0.0150470733642578 -0.0306053161621094
-0.037628173828125 -0.377044677734375 -0.0151433944702148 0.0142354965209961
-0.193084716796875 -0.327728271484375 -0.00038909912109376 0.0373497009277344
-0.193603515625 -0.379180908203125 0.0337677001953125 0.035186767578125
-0.20806884765625 -0.35748291015625 0.0274772644042969 0.0268840789794922
-0.00949096679687498 -0.374969482421875 0.028778076171875 0.0911331176757812
0.23126220703125 -0.368927001953125 -0.00445556640625 0.125656127929687
0.474578857421875 -0.164093017578125 -0.155487060546875 0.0741119384765625
0.512237548828125 0.319244384765625 -0.176025390625 -0.0762176513671875
0.23974609375 0.538665771484375 -0.05145263671875 -0.209640502929687
-0.00823974609374995 0.69207763671875 0.0830078125 -0.174087524414062
0.067138671875 0.62213134765625 -0.1158447265625 0.238128662109375
0.284576416015625 0.46875 0.0730133056640625 0.176559448242188
0.525115966796875 0.17376708984375 0.0982666015625 -0.0213851928710937
0.415252685546875 -0.15020751953125 -0.0111598968505859 -0.0300579071044922
0.215423583984375 -0.349456787109375 -0.0104026794433594 0.0460052490234375
-0.0347900390625 -0.349578857421875 0.00872039794921875 0.133659362792969
-0.163055419921875 -0.30047607421875 0.0924835205078125 0.14715576171875
-0.164947509765625 -0.3409423828125 0.131927490234375 0.131507873535156
-0.173980712890625 -0.322509765625 0.118278503417969 0.133476257324219
0.00765991210937504 -0.32196044921875 0.065826416015625 0.204376220703125
0.20806884765625 -0.302032470703125 -0.0145111083984375 0.201202392578125
0.401611328125 -0.122039794921875 -0.151077270507812 0.118438720703125
0.42730712890625 0.283416748046875 -0.146865844726562 -0.039154052734375
0.199676513671875 0.470550537109375 0.00511932373046877 -0.104141235351562
-0.00671386718749998 0.6318359375 0.0558662414550781 0.0261192321777344
0.081298828125 0.486114501953125 -0.10443115234375 0.413848876953125
0.24725341796875 0.349945068359375 0.137359619140625 0.280960083007813
0.400604248046875 0.109100341796875 0.1148681640625 0.01312255859375
0.295928955078125 -0.126373291015625 -0.0127677917480469 0.00992393493652343
0.151580810546875 -0.258651733398438 -0.0299072265625 0.109939575195312
-0.0243682861328125 -0.26165771484375 0.0302734375 0.229415893554687
-0.10809326171875 -0.22467041015625 0.171310424804687 0.234619140625
-0.111099243164063 -0.249420166015625 0.209793090820313 0.209762573242187
-0.112823486328125 -0.238311767578125 0.188400268554688 0.219039916992187
0.0240020751953125 -0.220016479492188 0.088043212890625 0.28289794921875
0.153549194335938 -0.187652587890625 -0.0303955078125 0.241546630859375
0.264785766601563 -0.055389404296875 -0.135673522949219 0.137123107910156
0.2735595703125 0.20318603515625 -0.109771728515625 -0.0121994018554687
0.126251220703125 0.3265380859375 0.0486564636230469 -0.0082435607910156
-0.00225830078125001 0.474945068359375 0.0302886962890625 0.197158813476563
0.075897216796875 0.27001953125 -0.090576171875 0.54425048828125
0.167312622070313 0.1763916015625 0.1815185546875 0.3641357421875
0.2099609375 0.028656005859375 0.130912780761719 0.0546646118164063
0.127922058105469 -0.079620361328125 0.00121688842773438 0.0407752990722656
0.0627212524414063 -0.124671936035156 -0.0415191650390625 0.142929077148438
-0.00939178466796875 -0.128890991210938 0.0426025390625 0.281646728515625
-0.03521728515625 -0.111419677734375 0.22039794921875 0.285858154296875
-0.0406341552734375 -0.119491577148438 0.255508422851563 0.255859375
-0.0374755859375 -0.120429992675781 0.228164672851563 0.271621704101563
0.0342788696289063 -0.093719482421875 0.092132568359375 0.317718505859375
0.0787811279296875 -0.0613861083984375 -0.0489349365234375 0.246902465820312
0.104026794433594 0.0016937255859375 -0.113876342773437 0.134529113769531
0.10455322265625 0.0934906005859375 -0.0770339965820313 0.0034942626953125
0.05438232421875 0.144943237304688 0.0718231201171875 0.0615615844726563
0.01025390625 0.25579833984375 0.01165771484375 0.315185546875
0.0595832174271817 0.0777535901642796 0.294427615597617 -0.287373809409464
0.0704232440817679 -0.0164513461393054 0.0692061236758827 -0.203433580916824
-0.00603726193931964 -0.0622771792006823 0.0181334032750936 0.0450175748688527
-0.0709150710415923 -0.0324925146865996 0.142402944493039 0.0660248944460211
-0.0557375278291614 0.0548143732768661 0.259222236665829 -0.0395951612168477
0.00332498165205299 0.0724432042415853 0.265695054175133 -0.203346762543229
0.0308343540432757 0.0670965221883248 0.189060727616955 -0.340209287004554
0.0275643834631406 0.0541458442627869 0.122084881539448 -0.381432147668225
0.0221821298631491 0.0513653274309086 0.170843841940521 -0.336413107692475
0.00104681014746074 0.0467367994032394 0.211844768927186 -0.212602894635296
-0.0364879209102326 0.0170684180315636 0.163227311314 -0.0560149243511531
-0.0270754709565389 -0.039041855257574 0.0475465873705021 -0.0706012250119265
0.0445453410392767 -0.0178773054741286 0.0147964696804771 -0.186647140556106
0.0376534120764691 0.043902191741126 0.21990459425743 -0.320214440747255
-0.0126001921086346 0.086331078260044 0.566218367607516 -0.231551835536001
0.246047044561827 -0.0537233291251053 0.236317173495273 -0.304907807718511
0.168215849536716 -0.172134293521598 0.0307013474362798 -0.213200121603676
-0.0177456054766752 -0.242919963110714 -0.0095687959315366 0.0520208831472137
-0.182653977377234 -0.143226283672278 0.109965931844223 0.0838980530548576
-0.19831068213785 0.0626363412961071 0.243864446635179 -0.00922655476130223
-0.0944807892157281 0.150441162013961 0.251516425529916 -0.170105987432536
-0.0456402459296143 0.187784543736624 0.184946076770818 -0.294299631484025
-0.0339575980581105 0.198516867025396 0.121947892689084 -0.334929002430817
-0.052887969216879 0.20118401072738 0.168859222827903 -0.297550856157132
-0.111965278531049 0.14284309001605 0.190219885591417 -0.165954685620749
-0.197944899543811 0.049431615806433 0.132186175091964 -0.0180824070104412
-0.189181774260497 -0.14783885583817 0.00144499872210615 -0.0718133666543911
-0.0197739866045153 -0.23017483293751 -0.00367440754878799 -0.206977754741078
0.134553560943412 -0.151749728440969 0.227288697750744 -0.347068747741537
0.196195890173908 -0.0562009450539458 0.55650968828739 -0.266094959012489
0.398774277375892 -0.185804145450408 0.12282907802745 -0.286383329160883
0.238058948841848 -0.325082149352411 -0.0296345142709105 -0.183208565251684
-0.0452916979760507 -0.403199293161342 -0.0260304034227146 0.073324061803865
-0.288557767438708 -0.233404439958538 0.0857417182245118 0.0954855016006087
-0.321814446611522 0.0729409950596939 0.213091992903827 0.0110344040884378
-0.179088000963471 0.213446665621606 0.205783967538221 -0.123060825056142
-0.114149899706504 0.282832093975559 0.150970486632766 -0.20962023388666
-0.0889789515843663 0.311987744495603 0.102868636257394 -0.236208090317006
-0.119562849482634 0.319657240661802 0.140721218007929 -0.209879340358619
-0.209594875065972 0.217506871672931 0.136684242795971 -0.0873069851305199
-0.3334469338957 0.074026232745244 0.0686845865313781 0.0271168579106432
-0.329546259181502 -0.24044563087238 -0.0630347804807144 -0.0669331062005206
-0.0841596362126673 -0.415926041249943 -0.0347064658431123 -0.215377966820778
0.21409754702233 -0.329998349701889 0.209535821521832 -0.338639611461156
0.377076346185322 -0.188842681096856 0.481251692993503 -0.255950700177486
0.497738263342095 -0.3018952292486 -0.0265331021185502 -0.229965494850897
0.265862412144723 -0.460576390109998 -0.102488047455275 -0.107603896347473
-0.0968002647514206 -0.525621427819917 -0.0307005207276098 0.109201851926524
-0.387550312894424 -0.286385197933344 0.0662559662401948 0.103112817781824
-0.415142677995334 0.0888758083559341 0.161401851494594 0.0265902892851133
-0.239764682634137 0.25657459385605 0.131690394947763 -0.0617119239642195
-0.164825630838945 0.338735729022184 0.0947745941457196 -0.09391117686847
-0.131167734831349 0.378887575790916 0.0695854345225495 -0.100658842303693
-0.166704090219975 0.385724242821145 0.0934689086453956 -0.0872058881330592
-0.275028143835893 0.254513447502488 0.0598019192173241 0.0107788571389005
-0.419494041388786 0.0852628236193148 -0.0156409868884378 0.0773073416388456
-0.421009313741495 -0.299455756343442 -0.133387443386896 -0.0524099637032135
-0.13247053252749 -0.539715076674423 -0.0691711516640185 -0.204223672051431
0.260936183964398 -0.455733729238486 0.16532950094564 -0.286413585901701
0.498908564453522 -0.2860411753801 0.349494136488291 -0.199711818575232
0.527327181081604 -0.38695067430456 -0.194567138402983 -0.13474421950192
0.246907940214339 -0.548887780766347 -0.177412549529092 0.00783745961314562
-0.151810446087217 -0.580751222418119 -0.0271763567615623 0.149935636378541
-0.446761191376739 -0.292482678000031 0.0422953266820938 0.105837454892301
-0.453723599312325 0.102133924654849 0.0870074907868906 0.0427663436988612
-0.26578786842883 0.267588726839435 0.0375526077155133 0.0111133548443862
-0.192243690264334 0.346200118530043 0.0232619403785082 0.0374563305276472
-0.152463643541239 0.386665267088603 0.0249056578916393 0.050122849890412
-0.187745438198705 0.388160461388112 0.0320738907597481 0.0515658384364507
-0.294796567830618 0.245594586292734 -0.0288655226318693 0.112441425646636
-0.432379229549812 0.0747290801049908 -0.10795198391505 0.119966203863615
-0.430867200308844 -0.312770218814591 -0.194185302233471 -0.0338128220986833
-0.146442743965014 -0.566553546440402 -0.0949643944334495 -0.173147196188915
0.267890449725774 -0.489604564341679 0.107196993051469 -0.196888065223345
0.540087883901192 -0.329178549644291 0.182976871087779 -0.111501029898171
0.477958783106439 -0.413512444262964 -0.355951671336052 -0.0141528242964397
0.189375278972753 -0.548762174980234 -0.240479432956063 0.141750771821402
-0.178023827783543 -0.540105953930471 -0.0222510768134436 0.181711490954589
-0.425420533848719 -0.250311885286144 0.0109557301619444 0.0993384024873461
-0.415056591376166 0.0978679441495307 -0.00091178098611294 0.0576030677521291
-0.246926211348023 0.234098900522306 -0.0638838833081804 0.0864533248851665
-0.189356513786608 0.29983861586426 -0.0529535249121851 0.164973943560668
-0.15157967575449 0.335302037096958 -0.0242108328207825 0.193474852222212
-0.182286858752691 0.328973743000147 -0.034454118579672 0.181898246532861
-0.268293117937426 0.192213752045049 -0.113753471167362 0.194480162514113
-0.365729937034803 0.0430784970005694 -0.187725001076465 0.139414922081873
-0.347762445671883 -0.278872575785281 -0.227945338284889 -0.0213865790641941
-0.111428942279952 -0.488727970110892 -0.100394238805892 -0.132755469089522
0.238147825270012 -0.424851464284228 0.0504920626326096 -0.0905793229238311
0.493524553507548 -0.311499675302851 0.0114057176214437 -0.0071421158630666
0.35667536887676 -0.372773413562249 -0.485941632556783 0.108546054611906
0.107871543672256 -0.45253018501598 -0.282850180221294 0.264595515691879
-0.15989358505775 -0.39949564729702 -0.0162460126886791 0.195949380600537
-0.320546326921938 -0.166899616785231 -0.0174203048920809 0.0843378598325084
-0.29996702814479 0.0713228487080429 -0.0838600400329648 0.0634014649270984
-0.186371656806381 0.161338355726917 -0.154345416641252 0.145298083004775
-0.155457350080991 0.203739066999358 -0.12240382314222 0.266863594939787
-0.125814245158394 0.230588212304288 -0.0713769634513428 0.30782507824569
-0.148354094245992 0.217836351545124 -0.0963708651516576 0.282311741282859
-0.200843097977963 0.108438561342111 -0.181648130132761 0.241386333268995
-0.241316925841249 0.00332988255361712 -0.239793294332522 0.127509389046785
-0.205593821750783 -0.202162888342506 -0.225341907648044 -0.0203145498295951
-0.0544408075005093 -0.32788916536397 -0.0848850476040926 -0.0938270167693235
0.169403946975506 -0.289019646514236 0.00261586245640573 0.00591492923174866
0.368684309156621 -0.24474480845296 -0.136704128139624 0.0909406434017952
0.181708159549845 -0.269421379972592 -0.563859646339716 0.210890903096583
0.0113363333496437 -0.281716843262287 -0.301683687789596 0.355863923794736
-0.115501423596318 -0.195128801672477 -0.00733060068020015 0.198573568775119
-0.161133562319386 -0.0568170605913808 -0.0286360059895881 0.063446695207527
-0.135231401796715 0.0324385125577221 -0.140063103103253 0.0538606794399846
-0.0938874664967804 0.0598050719469314 -0.21660995994415 0.174185905251899
-0.0959285993987927 0.0744799559266822 -0.175568661432591 0.325555005085609
-0.0809775936370582 0.091268047427095 -0.108835175788858 0.375401721693
-0.0922054662553849 0.079064840789955 -0.14354900243791 0.337999158059692
-0.107813010450037 0.0171696414626979 -0.222403309766828 0.247193379111266
-0.0952470860496428 -0.0284534192510358 -0.258580212033203 0.0929575998554963
-0.0564712377830299 -0.0986421205815412 -0.195328159700462 -0.0254117260575445
-0.00821866172604573 -0.135534019929877 -0.0604286051486166 -0.0631977994076024
0.0723451793718285 -0.130169945091388 -0.030593099993351 0.0764618395299201
0.191558369989565 -0.151855343257481 -0.239139596751412 0.169791391710503
0.0640473924842895 0.0749964260479327 0.281248002672478 -0.300769805286976
0.0700126932771994 -0.0205813034659336 0.0577302774802405 -0.204926311297731
-0.00823807020833547 -0.0627828456540358 0.0206513623181575 0.0430318602349557
-0.0734301561620414 -0.0293463141226413 0.146262400634926 0.0571390121337698
-0.053668759340974 0.0582938307402053 0.257750304533312 -0.0571177426908162
0.00675640044348866 0.0727361956020684 0.254854967092869 -0.221786625115462
0.0345097822798884 0.065338071263358 0.166650584835915 -0.353594125978877
0.0314146610301687 0.0531472729464621 0.095854014700005 -0.390028114730219
0.0256290528032658 0.0515207398729889 0.150367088778667 -0.349147772392306
0.00442807354868118 0.0466078758571959 0.199025899120456 -0.227615075567883
-0.0354828026796144 0.0198177901545713 0.162104318211237 -0.0649212114772178
-0.0298018869367325 -0.0369637013442154 0.040694227220752 -0.0719988257244602
0.0444311689634119 -0.0212515589741061 0.00164526445033468 -0.185897666920674
0.0408727120012523 0.0427833140360977 0.20433381411871 -0.332014331309523
-0.00819852336850841 0.0883371593469373 0.560073914112894 -0.261555911792626
0.244412880863317 -0.0661771431733605 0.220821005163204 -0.316045098011416
0.15926597611706 -0.181611727487239 0.0192678915441957 -0.212332299309067
-0.0309054883127643 -0.243009182092063 -0.00659329132816953 0.0511805440215185
-0.191242322007354 -0.135026640818317 0.113655799691074 0.0755143444414741
-0.19580257456555 0.0745318868639464 0.244237345067272 -0.0258219666456787
-0.0877434910089811 0.15571764671894 0.241767704875596 -0.186283751139422
-0.0355535338116435 0.191491845470031 0.165659256162913 -0.306062128447585
-0.0207210512556273 0.202226278437554 0.0990030804501792 -0.342665759538231
-0.0407051146830756 0.206801276479409 0.149264741713052 -0.310654171144343
-0.104715205609623 0.148972797760219 0.180757148883774 -0.178483236411354
-0.195456591585094 0.0617028253714427 0.133328831321844 -0.0259339466447788
-0.199754560388664 -0.138029315727591 -0.00615254227237769 -0.069726155788198
-0.032204478908159 -0.231390820303174 -0.016793503683582 -0.205637780764277
0.128053118155289 -0.159396317489827 0.211485514003426 -0.359474447514748
0.194350808359554 -0.0667661050528942 0.549136354737222 -0.295764980240568
0.39043760112684 -0.20566509309294 0.109620166835077 -0.292392822014693
0.222598983397073 -0.33713820485303 -0.0387114575296785 -0.179604848543839
-0.0678915077465365 -0.401600703932282 -0.021234644246027 0.0728206564451526
-0.30318463353092 -0.219738298665292 0.0900190028212535 0.0885391550675764
-0.319270745368731 0.0918778783493142 0.213663424660422 -0.00420491115300407
-0.169965871156468 0.223716354924334 0.198983297267582 -0.136748058420517
-0.0996776384218354 0.290853536658974 0.136949971634188 -0.218700350121866
-0.0698684803065654 0.3207848129756 0.0864217748467056 -0.242180782449888
-0.100470246326492 0.329409853644154 0.126759427736801 -0.21952412734486
-0.198775123228454 0.228898856742055 0.131419340240182 -0.0961178147868509
-0.331219899509555 0.0942647076378749 0.0721881891732871 0.0233654062667433
-0.347244926860275 -0.223709162500067 -0.0712743065930848 -0.0605943282872764
-0.107730351149093 -0.414579642123283 -0.0472903672577248 -0.214036215486573
0.198238548633527 -0.342155742219237 0.192662769855455 -0.352527053450644
0.369396917887022 -0.209988009771932 0.472638924821721 -0.281424937656813
0.482752666998796 -0.328889693634725 -0.0372254055037282 -0.229212447413773
0.241498010497061 -0.474833693672489 -0.106957057959423 -0.0994031123212991
-0.126672497876516 -0.520715754289099 -0.0225227564084095 0.10821853967236
-0.405869815011787 -0.266393102805981 0.0711128412248801 0.0968543242509221
-0.411209796340742 0.116022883986173 0.164026485827367 0.0138013463663052
-0.227872892840769 0.270274169617406 0.128066738672921 -0.0706395509394126
-0.147586356975701 0.350346112232131 0.0892005828635967 -0.100016689472579
-0.107366976148155 0.390540419015018 0.0621150483017078 -0.104030860451371
-0.143932773580901 0.39796461922527 0.0859564256585407 -0.0930527949976755
-0.262058646787734 0.26946788392732 0.0602848770763204 0.00790407466679427
-0.416293967471004 0.110341890370526 -0.0109434347787504 0.0782075204514041
-0.442399824053081 -0.278973334043148 -0.141024546495646 -0.0416879981301291
-0.163434890307699 -0.535951078828591 -0.0814863167092358 -0.20223959145991
0.239679907465905 -0.469155319891946 0.151479890784134 -0.299802162525334
0.487329943113355 -0.313513002404299 0.3422645305272 -0.219120330453043
0.507139506365527 -0.415115634568523 -0.201664396481014 -0.126912676627038
0.218502802771084 -0.562506003040739 -0.175206923756668 0.0197572743233128
-0.185924248937144 -0.573932368809676 -0.0163648071641084 0.149465931953837
-0.465251585708327 -0.270834393190173 0.0472886880952774 0.100594945307797
-0.447693891535226 0.130316237078922 0.0911689736556814 0.033565701782089
-0.253291196303697 0.282256250819025 0.037044782972935 0.00900558787533655
-0.174472169353801 0.359980347438537 0.0259450697632348 0.0365226032914564
-0.129320859841496 0.400327026973333 0.0280885030902011 0.0497596041193593
-0.165761889378275 0.40191648231261 0.0332408819378878 0.0506680576163396
-0.28368487917087 0.263609799181388 -0.0224408541601083 0.115909460283026
-0.429357874985846 0.0999755013311933 -0.101155271718731 0.126477936491464
-0.452904594883624 -0.291477496697855 -0.200833766830551 -0.0193751999165997
-0.178128286105954 -0.563167251372548 -0.105557611551732 -0.171104502292396
0.243953940699905 -0.505203886860992 0.0971672391463886 -0.207454078389447
0.526033675157924 -0.360652755574 0.177461606277204 -0.121528609532894
0.458021824236067 -0.440643483772891 -0.357812185215618 0.00102885296634041
0.163275328062138 -0.560341369540884 -0.230338117474168 0.156093293150328
-0.209335525677641 -0.53171187556637 -0.00828406449218581 0.181002451762627
-0.441889088505944 -0.228659741601427 0.0169458400409167 0.0954925856619044
-0.410082459654635 0.124895210435875 0.00261748689296921 0.0542614511390257
-0.235752615999016 0.248553826841813 -0.0600964740510747 0.0900012097704578
-0.174491282372967 0.313363219732473 -0.042033973150739 0.169306542381026
-0.131231501209343 0.347554379412629 -0.0119229113681774 0.195894289188716
-0.163110708356485 0.340530324481253 -0.0246137963600743 0.185847536513597
-0.260782676576297 0.20720398485837 -0.102310638867931 0.203608226586014
-0.364085388463668 0.0649239029761388 -0.18085171468598 0.151183294881502
-0.366609089875791 -0.262753036815115 -0.23231499970728 -0.00520212417702067
-0.139992421620971 -0.484470050786719 -0.109223502555047 -0.130548414211864
0.216209114116123 -0.438823521972094 0.0444723696433926 -0.098578286216314
0.479436694276118 -0.340261091337849 0.00993887251761189 -0.00730782294884227
0.339387381472967 -0.394058909853469 -0.482680846298432 0.129795079842271
0.0841544400497545 -0.460164035489759 -0.267303962068904 0.281035680523511
-0.184644641723124 -0.393060189713696 -0.00209427791744446 0.196001119532198
-0.331489472810495 -0.149849870322682 -0.0112939601204504 0.0818547880554004
-0.296171919416763 0.0908500157602902 -0.0801586501657388 0.065136215558071
-0.179079129623397 0.172379817197999 -0.147936672256313 0.154872006599562
-0.145678473232437 0.215285196504225 -0.104920167984569 0.276191007290053
-0.112397346125982 0.24029194468659 -0.0512134240328409 0.313485341027151
-0.135798933540012 0.227258304021037 -0.0799678706861234 0.290543631896514
-0.197697441918939 0.119369155533964 -0.166806609506751 0.254735216056171
-0.241521792397347 0.0165393758516794 -0.234546920384011 0.14283869075584
-0.218900202455045 -0.193483407022871 -0.229269420941157 -0.00498599352386227
-0.0737300913399229 -0.325718877181185 -0.092009835009708 -0.0929577842274844
0.154284327575456 -0.298302185051445 0.00113725733831182 0.000294391677260318
0.357410615253052 -0.267999627615319 -0.134408325881042 0.0996965855098952
0.169143445622216 -0.281511977664497 -0.554820213957717 0.236614087298972
-0.00342481349976971 -0.283402657788136 -0.280839137740809 0.373989064893031
-0.128168980197188 -0.189535048656882 0.00807993460934677 0.199259889475611
-0.164775273119384 -0.0478556150233527 -0.0235284140446563 0.0624237700316558
-0.133327422118948 0.0427751219789071 -0.137302397910921 0.0596597816631525
-0.0911652281257831 0.0653382435125879 -0.209308922041659 0.188371273804342
-0.0931293252751564 0.0815923118443931 -0.153969565606176 0.338320759856272
-0.0762551402325744 0.09739852558588 -0.0834232460073068 0.382935202003109
-0.0882218086664422 0.0835746884359579 -0.123307523127598 0.34924275541716
-0.108725816371468 0.0226998841687635 -0.206197661581823 0.264528330062109
-0.0967318525004705 -0.0239284769162043 -0.255126488101891 0.109884341522389
-0.0617150452603022 -0.0968635446851019 -0.198023531353654 -0.0141712206151666
-0.0163466682066996 -0.133701911082603 -0.0651893233045458 -0.06329790703825
0.0651089579072548 -0.13320792112587 -0.0287294379905525 0.0737071228071806
0.183925503362385 -0.165085867309823 -0.234214841719071 0.183821108848081
0.0672214475456865 0.0714215493401021 0.262893954648993 -0.307464751095426
0.0674110751218685 -0.024614247654765 0.0464806033536339 -0.201005133491031
-0.0102319224410882 -0.0630046000905985 0.0224920779585339 0.0412090760570069
-0.0744894566493188 -0.0266380568190302 0.146171143505426 0.0476723083112219
-0.0508626240705971 0.0599393943573396 0.249822291106007 -0.0718860425411253
0.00974952780893572 0.0713177017408407 0.237791777725745 -0.233034159693862
0.037029875671677 0.0617887721563902 0.141961827720506 -0.355946421972836
0.0343687963731976 0.0506628101024871 0.0703147194959218 -0.386990642068791
0.0285157279426675 0.0504037336454101 0.126558724482065 -0.353065703413702
0.00705533330342823 0.0453661362327157 0.182267945429351 -0.235431331799167
-0.0334133540469194 0.0214578658332222 0.157723972005224 -0.0721814502837595
-0.0317138236235144 -0.0339375330567032 0.0339781325788478 -0.0703236717292272
0.0435255946280015 -0.0237502940738032 -0.00984347603195544 -0.179544776091777
0.0426179687891878 0.0403501364047667 0.186276408214011 -0.333617330142034
-0.00425878415841237 0.0881545567820891 0.539385274849799 -0.284689237952806
0.23678951448185 -0.0761982909344247 0.203842484818422 -0.319091311575777
0.148347259490815 -0.185391837813716 0.00910634051113607 -0.206569391145802
-0.0416042448863723 -0.237995492307008 -0.0033591934595435 0.0497004740519325
-0.196322089590949 -0.124799562929093 0.114031641007248 0.0674193254134403
-0.188805741129793 0.0836319172499099 0.238217394229281 -0.0407901076706607
-0.0791453065938389 0.157774055455739 0.227433257841742 -0.197627911589971
-0.0260408942959434 0.190234744694317 0.142991480518463 -0.309634093403793
-0.00846374493415682 0.201415563146465 0.0758311431056889 -0.341117435795788
-0.0278502230782381 0.206823386363944 0.127786350027376 -0.313808002033983
-0.0955204693789115 0.152005983708118 0.166489002422135 -0.186327687289436
-0.188779583617544 0.0718027414570071 0.130475252031731 -0.032413768246003
-0.205024738395611 -0.125630936528941 -0.0129318723311835 -0.065372482225316
-0.0436162798977942 -0.226856755647614 -0.0287648084494507 -0.199791297768036
0.118457865498821 -0.162990458052074 0.19183706041888 -0.363926830168563
0.187505068223353 -0.0755335864853792 0.527160736942621 -0.317052009501272
0.373679424912202 -0.221440839704112 0.0946761195845948 -0.291787447294342
0.202439021452113 -0.340443100236853 -0.0449553846499519 -0.171400528029366
-0.0869651583458139 -0.390342657139589 -0.0154569936214734 0.0706508898077486
-0.310125915086003 -0.201944863451662 0.0912929557027333 0.0802418764374885
-0.308259379535606 0.107854750420387 0.209453226302685 -0.0187117480065386
-0.156165627866927 0.228513341214386 0.18786334882037 -0.14580690498343
-0.0841195557454379 0.291754232039401 0.121475921731921 -0.221857915003464
-0.0499578451949227 0.320276289014867 0.0695257530180536 -0.240773588897908
-0.0797064760625356 0.331168845978187 0.109668284180683 -0.222809266907763
-0.185321687676077 0.235356098715852 0.122885384127095 -0.100763467129689
-0.320463760713856 0.11140601232638 0.0726354564136366 0.0190132982693832
-0.355629999501018 -0.202341669609403 -0.0767153333262074 -0.0516394705579775
-0.127102015275684 -0.402867228039678 -0.0583802687558532 -0.207758424083843
0.179416572342414 -0.346048334898769 0.174081714960119 -0.356598681294457
0.353053277528317 -0.226087982154882 0.451603508340856 -0.300241259967717
0.458131645947506 -0.345634180112004 -0.047227802139336 -0.223701952081431
0.216698507942526 -0.477299566849527 -0.107898784165803 -0.091130869703306
-0.150857161843958 -0.503363588465697 -0.0145541042847732 0.104169806835291
-0.411581358416948 -0.24370632479263 0.0728026384684627 0.088198636407326
-0.395410433437989 0.1352226544685 0.161032134994505 0.000465703154172598
-0.2109357667364 0.276940287936112 0.121564192383472 -0.0773048753036913
-0.128390712603835 0.352935964240227 0.0808605845420443 -0.10238786683921
-0.082341575543223 0.391394773741898 0.0540667676116469 -0.104987533242551
-0.118910777554515 0.400275449094612 0.0771347716018888 -0.095102006032092
-0.246303439043527 0.278873643501258 0.0588841646267369 0.00571180052250197
-0.402853583675986 0.130851088998747 -0.0066185454903761 0.077871382340738
-0.452463728391631 -0.251919194850214 -0.144610412447152 -0.029396146698266
-0.188705373297228 -0.519605299719475 -0.0916208907853195 -0.195449071866212
0.212826656923171 -0.473299647988693 0.134343085123457 -0.303945571045899
0.464023008945628 -0.334418709503783 0.325995131086743 -0.231030607312133
0.477552692003207 -0.431919578149118 -0.204079983236151 -0.117063748476695
0.190094471096765 -0.56218823619151 -0.168219300741477 0.02857541433543
-0.21199231506022 -0.5526838478627 -0.00545624095872134 0.144061376863076
-0.469413450896764 -0.244024400512629 0.0501195452488846 0.0919391956332459
-0.431928635224618 0.152959645836624 0.0901148414990312 0.0238417149464021
-0.235482881391004 0.289979777043083 0.0361567619225253 0.00577588066976165
-0.154573597298968 0.364070848557436 0.0274876492837771 0.0340959671847625
-0.103373598838011 0.402821016562517 0.0303609020253778 0.0475986193502727
-0.13910656583075 0.404244951707082 0.0332944582538644 0.0487230179228444
-0.267997197007217 0.27226666056889 -0.015999098879565 0.116875216481771
-0.417246078319115 0.121354516172951 -0.09348160749657 0.130179885050597
-0.461661877481475 -0.265485002072433 -0.201304511386435 -0.00434983838465184
-0.205973445034512 -0.544224591942673 -0.114268236734371 -0.164032526144622
0.216448899926028 -0.507644838650573 0.0836607532119538 -0.212865460600683
0.499987195781509 -0.382773273827887 0.168606091435936 -0.127326409785105
0.428743071009389 -0.45507619324797 -0.352019858967702 0.01493165687647
0.133504334563866 -0.558571091327941 -0.21588241115918 0.165107886317599
-0.234933306661089 -0.510368190471371 0.0042266641263561 0.174766334401409
-0.446239078383252 -0.203522484628076 0.0208215842689443 0.0893867718065474
-0.393981541385774 0.146461192388668 0.00523564621660082 0.0485283707637185
-0.219856980007031 0.256908485065416 -0.0559846643932828 0.0915737189962633
-0.156849647654386 0.319197899060493 -0.0305446255463648 0.168215153423284
-0.108971486644563 0.350161748738122 0.000976029337951344 0.192430821046337
-0.140298646991179 0.343814196842934 -0.014806878554428 0.185019603854039
-0.247491999975491 0.216202577897944 -0.0895191504454762 0.208556890876469
-0.354874131204619 0.0824419738124009 -0.170520228878458 0.159216207327183
-0.376897485267017 -0.241135809073617 -0.231133593999983 0.0107322536857072
-0.1634517101735 -0.467994602821722 -0.115452735848887 -0.125232713108396
0.192204545525036 -0.439933117977595 0.036689633954079 -0.103558732338648
0.45470918372258 -0.360328312239368 0.00817014197764678 -0.00686308290898236
0.314957375733375 -0.403892273345716 -0.470283803575926 0.146374655650173
0.062223315686372 -0.454938140859423 -0.245576361903292 0.288736502635002
-0.203466119692908 -0.376061242722959 0.0114640368081039 0.190279234970285
-0.333006114683726 -0.131153090956705 -0.00713590100515552 0.0775356187701568
-0.28378788342218 0.1077468008594 -0.0758150531592349 0.0648145012870998
-0.167310411132983 0.179362811941307 -0.138465591039556 0.160015508981803
-0.133238358265208 0.220915179855105 -0.0862111204195626 0.277152956667854
-0.0969856827301168 0.244203274470268 -0.0301696307120633 0.309574739576086
-0.120702858099294 0.230308875314214 -0.0622682138780133 0.290688571665567
-0.189615370002981 0.127134860234193 -0.148897121906088 0.261976293608821
-0.236989734587178 0.0285400441372216 -0.223366669891837 0.15441378298488
-0.226252472871736 -0.18036146107083 -0.226657796428758 0.0100245011860238
-0.0897420657382943 -0.315246887954847 -0.0977417783943232 -0.0897382717746567
0.137232191643024 -0.298691752854274 -0.00121516885520043 -0.0044399664375628
0.337626006264981 -0.283390513801623 -0.129100889200416 0.105574751443068
0.152802265731364 -0.285230297288696 -0.536368669693879 0.254402962408653
-0.016090134082456 -0.278106895907551 -0.255971622072732 0.379685886085222
-0.137302162813389 -0.179808820424265 0.0210874331461041 0.193906291064503
-0.163807422449258 -0.038360319691681 -0.0182905848245804 0.0594125303624868
-0.126694744307657 0.0499079122784553 -0.132778176423053 0.0633792356224373
-0.0862592263751367 0.0694048595694522 -0.197681302068755 0.196481429361482
-0.0879401907562465 0.0861764135070766 -0.130274321929053 0.340877548500941
-0.0701714758455904 0.0999654927471945 -0.0578326857783947 0.37952375633963
-0.0826912439674758 0.0857663580025961 -0.100603529368871 0.351437498197888
-0.106500090717887 0.0278484332324133 -0.18701669553779 0.272483848707607
-0.0960050872898468 -0.0191285000308561 -0.245042244980379 0.124424404154873
-0.0656752152080404 -0.0923378751951345 -0.195430018169206 -0.00213770008668283
-0.0238934435754988 -0.129014851686304 -0.0694141923374605 -0.0618663597375011
0.0571776780135419 -0.132756761139714 -0.0274507211874229 0.0699233450495417
0.172181380718053 -0.173433218074144 -0.222383367062936 0.193856441218101
0.0870877443656732 0.0391922779487909 0.140776038064826 -0.368509037997189
0.0529131504587405 -0.0488873052821192 -0.0216842643701961 -0.195278432262706
-0.0303339192466003 -0.0563840650910908 0.0385978837792174 0.0313776619899836
-0.0786734701712571 0.00213307150336998 0.153393034178797 -0.00881950494765966
-0.0247581048452778 0.0708279043246063 0.203268856750024 -0.152411291006461
0.0351808607654909 0.0589540802584636 0.135629441937382 -0.296666236908165
0.0556515341623219 0.0422945411863763 0.00374367605851071 -0.374598093693712
0.0475924310235591 0.0328322484949902 -0.0721929791197465 -0.3733752812307
0.043451771623823 0.036309052074117 -0.00374849642892246 -0.364483292640153
0.0203314940315836 0.0386820530039955 0.0893168003284209 -0.276053043286858
-0.0228399851910739 0.0306499793140061 0.121221411989656 -0.118267382881738
-0.0400930999250826 -0.0198178841912603 0.00761145728346729 -0.07150582466028
0.0315603227326801 -0.0371062664258031 -0.0687391460899134 -0.158579299574097
0.051230595047687 0.0259993886821544 0.0679620272358065 -0.365481184041149
0.0212769327586207 0.0869992144157097 0.410708792866973 -0.42374580879475
0.194171788197433 -0.156969039513459 0.0834456427007737 -0.3514343411895
0.0710386721033682 -0.22622053438023 -0.0528783160920019 -0.180049315890769
-0.120592086265181 -0.204809200207269 0.0282888930587048 0.0476037531669623
-0.224062535143727 -0.0431509349831506 0.137887092731807 0.0140508421615935
-0.142210280070134 0.139053380000358 0.203525459485016 -0.126878976763657
-0.0176065808219913 0.166894655629926 0.13539480572469 -0.264313583587337
0.04021551980714 0.184252531538522 0.0202091114187814 -0.338033408271394
0.0590218616411186 0.184054413448517 -0.0535709794440192 -0.335076388983865
0.0445629022864598 0.197259555705634 0.00801333581008804 -0.329637151434898
-0.0394120934786335 0.170280662511258 0.0905364800411865 -0.227733927332065
-0.148379535659838 0.127254061696898 0.110831559034403 -0.0774026214806475
-0.230513410458739 -0.0473633593942574 -0.0293547287397422 -0.0504573363661653
-0.11416634885867 -0.194220127742634 -0.0917144454867896 -0.167970828640162
0.0539522248244727 -0.18625694445541 0.0600896047059154 -0.395292571392394
0.149140530138423 -0.125848964059025 0.380588222596723 -0.452326246051856
0.271192525644713 -0.338384819209702 -0.00725305650926112 -0.283158658922125
0.0664535319970232 -0.388009880482415 -0.0860448285630531 -0.123799779686603
-0.215089674437522 -0.327937423030849 0.0337163882898248 0.0697039562019284
-0.355083779783698 -0.0731816549911292 0.125558180900665 0.0281693686876339
-0.242801376675184 0.201369512234709 0.18463373051371 -0.102791595291631
-0.0651634199576308 0.257586647625747 0.114569463955696 -0.206335583164505
0.0209623718831796 0.299507839875172 0.0313192247002225 -0.25423687626071
0.0606904106150617 0.306408574818483 -0.0267145431441879 -0.244295947049531
0.0388752015874028 0.327176510209479 0.0198924897522455 -0.240884180536027
-0.094677138095248 0.276076678493316 0.0796420059102739 -0.138213584024505
-0.255099570093725 0.207016705497624 0.0763963258543099 -0.013993977465673
-0.394443266213322 -0.0685086919567214 -0.0802397581024842 -0.0173203190912201
-0.248535680111093 -0.328690229870535 -0.12217131072165 -0.162313200851514
0.0494397515905128 -0.374585578489487 0.039978721173554 -0.382641965925236
0.255432391736079 -0.317956954430642 0.311246851365212 -0.414176281088896
0.306742326925676 -0.484260010396947 -0.116231028901036 -0.169059559677683
0.0329955955996991 -0.5191806571659 -0.112820924162803 -0.0258413566613242
-0.314548375340076 -0.409911485645609 0.0544182325597096 0.0979806180267893
-0.463743684920471 -0.0735276353706375 0.115705005777253 0.0368488764955016
-0.31236970483052 0.256749740101771 0.145708685381496 -0.0736884774341642
-0.100462362817431 0.320362373485618 0.0759479449391627 -0.123221972927401
0.000236535064466636 0.374104125054346 0.0376232601655663 -0.133889098934808
0.0546480769957691 0.382500931454146 0.00436309850217885 -0.117560030970866
0.0265376595800552 0.403224216043807 0.0321356664199414 -0.114430714415597
-0.136813232928323 0.33611057408848 0.0566839162996661 -0.020681055953727
-0.324887241454125 0.253272063944135 0.0250365133350112 0.0631783982833951
-0.500534145993525 -0.0830765269924868 -0.132734991797372 0.0259952150289056
-0.34234506957116 -0.414761140101626 -0.148563475346726 -0.138341557350361
0.0412381144612343 -0.502704221996158 0.0177472922485189 -0.321933993373202
0.325325643373786 -0.456716959372821 0.21206342503883 -0.3141632444015
0.295223957005068 -0.569320913143979 -0.225248854832457 -0.0185241070595087
-0.0221290859733068 -0.58654527443247 -0.124952484142116 0.10478423476999
-0.389236787731812 -0.433941938871647 0.0798099936086417 0.128256637179405
-0.518463759919186 -0.052510817120755 0.0977210617502447 0.0440555479549838
-0.339214614260475 0.284907276898401 0.0882850207362876 -0.0312542537792671
-0.118300942630863 0.34125083650618 0.0251859551545108 -0.0186896675141584
-0.0205213803416046 0.394134166808204 0.0370977262429572 0.00828160188146223
0.038988871076442 0.399912938119022 0.0356520579560361 0.0275838718953932
0.0079759580847446 0.413894062783632 0.0410708822213159 0.0314345632757029
-0.157944274414359 0.338106722954943 0.0256259009302418 0.105339733547252
-0.341040080942711 0.248984468202557 -0.0361410902930619 0.141159953361897
-0.51560312732926 -0.0918452797827387 -0.175564636863141 0.066934203200835
-0.364746008565592 -0.432240050823008 -0.160318720644127 -0.102627400101588
0.0335541380050354 -0.53595046978923 -0.00173331327379183 -0.22258412431474
0.343866639362669 -0.512985865602206 0.0974482782269654 -0.17095082840884
0.242187716038977 -0.57350139224267 -0.319131130691286 0.149874553811995
-0.0734827288070758 -0.564340187057581 -0.124087478690527 0.243190819600178
-0.395109164935553 -0.386115019718722 0.0974905797619343 0.1514241029987
-0.480448317624015 -0.0243580721822881 0.0664880046850095 0.0509614091868752
-0.308054178865887 0.266648165974715 0.0178283666123637 0.021671222551591
-0.116383368691082 0.307331147899409 -0.0290026017109518 0.0924409204960879
-0.03821838243762 0.353806756702241 0.0316157388198373 0.152010783507368
0.0167410208915557 0.355615218367958 0.0612217344764795 0.168932608379033
-0.0131617869015728 0.359710620768671 0.0437826820094964 0.17174030472774
-0.1572520819036 0.279981987913786 -0.010822168746547 0.214106547785186
-0.296505314456533 0.191498197511704 -0.0973383205677824 0.195085672272469
-0.426423638745613 -0.0982000819312861 -0.199251301706523 0.0894486517445439
-0.302600267426487 -0.375428517461016 -0.150119118701582 -0.0683778229938237
0.0324213687730801 -0.466474135469288 -0.011357092374199 -0.107687257075124
0.309494498299531 -0.480546703744042 -0.0114818351141378 -0.0118001282240358
0.152562729444501 -0.484557836306694 -0.384615627101733 0.305532990401084
-0.10207378388152 -0.441874429616403 -0.114217725496974 0.361741911165774
-0.319255272431832 -0.274680902815553 0.100710016763103 0.163855152474967
-0.35111815757314 0.00144519331301145 0.03172824767152 0.0549178343603213
-0.221472298207272 0.195209452521335 -0.0511408535244858 0.0684737850282606
-0.0953141593547337 0.220202291470617 -0.0796569247257424 0.187250584322287
-0.0503062632498128 0.255407150558601 0.0197654083570198 0.273441520208866
-0.00765779905841972 0.255802402363831 0.0761864916472679 0.286300258224384
-0.0341615492085477 0.249496396621455 0.0383153835592238 0.284524821207307
-0.132193216844935 0.178698299749927 -0.047950787163311 0.28480249218404
-0.206302683023897 0.102895490647685 -0.147982781409823 0.211852123748333
-0.268133128588298 -0.0914511000512788 -0.19874349762081 0.0856964269598281
-0.185333239165097 -0.257879347511992 -0.122663570908769 -0.0451044080030947
0.0286230767453503 -0.318686244298519 -0.0127859711053724 -0.00482677629485601
0.22537736703691 -0.372055483873697 -0.0988550425246994 0.133513728899144
0.0432830724803809 -0.316317376358934 -0.410821492367652 0.418376141729089
-0.111257606524789 -0.248678422097747 -0.0996256418406396 0.440212021886586
-0.189297676584926 -0.116165592616596 0.0976765214238983 0.165474924804621
-0.162833179659791 0.0237725379013551 0.00745571938784188 0.0505435298465462
-0.0979254101961288 0.0902403123831195 -0.10382758615246 0.0939210561687857
-0.0582182758318294 0.0945938920564446 -0.117954924533711 0.244742575499922
-0.0534915207115084 0.114051486069819 0.00140044046125132 0.352154841267044
-0.0307687488555448 0.116010100699212 0.0781002715724009 0.360348808699542
-0.0483732082547255 0.105000146894481 0.0255757304860317 0.35238406465089
-0.0882055371205467 0.0598643419585898 -0.0786947844426547 0.309484699384144
-0.0938682040266354 0.0126235210853329 -0.178565508689698 0.194482880917873
-0.091049375247399 -0.0635761022297936 -0.176719547683198 0.0640734192722827
-0.0632578098946179 -0.108410579075788 -0.0883164396073262 -0.0327145921330371
0.00987641716353387 -0.140265274739541 -0.00979219422282358 0.0716325825787332
0.104974577344903 -0.218206549558362 -0.151566886459392 0.244209504785569
0.0865460339226651 0.036471659916958 0.133424045408018 -0.363463203087545
0.0508207719953925 -0.0499367009753327 -0.0226372941266091 -0.189261138736204
-0.0307986708247192 -0.0571128801670968 0.0398140072808779 0.0295558082002187
-0.0787813556799342 0.00394736036427657 0.149696246262083 -0.0140744774392863
-0.0240105855654686 0.0704360363627936 0.194514089877088 -0.156576320561495
0.0351257017585862 0.0569753709550836 0.124792102147183 -0.296317273739814
0.0550136854351205 0.0405222676692791 -0.00676766560166252 -0.367546699253927
0.0477997571241992 0.0309760461863551 -0.0806755898717541 -0.36247065607295
0.0448554424915492 0.0346874141613417 -0.0153650967857459 -0.357602264904036
0.0210048748483552 0.037438949786201 0.0796942346281668 -0.273028904938581
-0.0216058078336706 0.0301161912147852 0.11691752820649 -0.118673908392168
-0.0394506266625022 -0.0184469676066951 0.0047426093658457 -0.066856319500348
0.0303976622411881 -0.0383400414073007 -0.0705659816935019 -0.151724464038462
0.0507595087013136 0.0246713625794017 0.0618403511462009 -0.361507544041075
0.0227127810467965 0.0864377379392841 0.397576169957764 -0.425675183930799
0.187462983826252 -0.157996763323752 0.0773688044023623 -0.346628478437194
0.0661788152371898 -0.224284765323206 -0.0534798608330655 -0.1740927846744
-0.122949145468535 -0.200152396830101 0.0298848153665515 0.0445760795981157
-0.222809934343968 -0.0389491663189089 0.133270772646615 0.00915877193164124
-0.137439792808766 0.139807252560335 0.19452163734138 -0.131195646353585
-0.01453952592576 0.164411536827849 0.124920261696978 -0.264298659708934
0.0438190873312082 0.181159354759373 0.0104319643819245 -0.330137962207156
0.0632335489775798 0.179820436053517 -0.0621072351881325 -0.324266227318477
0.0499424970788129 0.193277700236819 -0.00269891814358602 -0.323046789901882
-0.0355980773277894 0.168502495274216 0.0827148988097796 -0.225498223153848
-0.142382887365363 0.129056925167778 0.107343254375654 -0.0784081346897924
-0.228253649005694 -0.0406191626455482 -0.031548623640342 -0.0456483457371169
-0.117597336080887 -0.189449943917002 -0.0938108486925671 -0.161476244727997
0.0498781959516673 -0.183873796700443 0.0528384208351948 -0.391337559659104
0.143728095335658 -0.12653453720874 0.367651759346742 -0.45149522594494
0.260019211382229 -0.33729610306144 -0.0125108479028374 -0.277997779010852
0.059774561810529 -0.382753865154615 -0.0846120994577036 -0.119317491507956
-0.218503526885894 -0.317862623832756 0.0357232850027751 0.0647574867287454
-0.35152919069632 -0.066032216008303 0.1214065253896 0.0233162215854688
-0.233446512360335 0.202926923249274 0.176410982731739 -0.107960278518571
-0.05971344821837 0.254004263906498 0.105730365743834 -0.206405059467684
0.0273939510072906 0.295097184048276 0.0236055681135362 -0.249045008690962
0.0701325927013922 0.300913189810359 -0.0333669043232488 -0.236786507458952
0.0475516259578772 0.320408166759338 0.0116255171010394 -0.235823260631182
-0.0875053257867934 0.27379824132044 0.0742059779625015 -0.136789460246844
-0.245848079917366 0.209002661886626 0.0743962596551514 -0.0151654720758112
-0.391937568443369 -0.0588606066165363 -0.0797646416637783 -0.0109424289675436
-0.252433527961146 -0.318742615226404 -0.123947552998545 -0.15617374795388
0.0425956331204887 -0.368437460669662 0.0330788358862516 -0.378242137435371
0.244662831194642 -0.318302353876221 0.300532073739347 -0.41148521258307
0.291070941146841 -0.481510223701463 -0.117409554839344 -0.164492259183297
0.0226383848712151 -0.511735822262638 -0.108607362515299 -0.0229029072340968
-0.316772546307586 -0.395860425405936 0.0563797723039701 0.090957599557444
-0.459045973001046 -0.064445317102976 0.111616861439788 0.0315485737381213
-0.299818909168014 0.258420213881059 0.138872638818673 -0.0785290621733207
-0.0924520571145594 0.31668770604201 0.0694232619453369 -0.122633873579324
0.00910377103692385 0.369393813616727 0.0322798281671129 -0.131299070653767
0.0659707508345213 0.375481053509968 0.00115176499322499 -0.113297958539055
0.0372465188055287 0.395139648499198 0.0264953785693098 -0.111442567377408
-0.129912281023876 0.334385647351538 0.0553849145157288 -0.0201171901799666
-0.313946020431811 0.254122719300586 0.0254827845454948 0.0635675872715804
-0.49755981324837 -0.0704235301662076 -0.130558986403375 0.0329591967339099
-0.346193143480886 -0.401463886255919 -0.150482014886841 -0.132769377574168
0.0314657430986285 -0.495455273734009 0.00970647009635302 -0.318267015921656
0.31104913603002 -0.455724874929957 0.20384198086219 -0.31226291713159
0.278410605707205 -0.564270274241534 -0.223729571840242 -0.0150255152385164
-0.0325617063192999 -0.577094240283437 -0.118711580251436 0.105136325616376
-0.391845572470364 -0.416690171785169 0.0821885095208983 0.119444283444565
-0.510108813488615 -0.0415774363924144 0.0939813744768219 0.0387679420349863
-0.325061543082002 0.287399905857564 0.0826599367828959 -0.0356609589274254
-0.109073128976462 0.336663781715421 0.0217758362042971 -0.0184069293575628
-0.010904296252051 0.390138269474159 0.0357809447138397 0.00802483283745463
0.0513578726238852 0.392473913626241 0.0352765439856752 0.0266935044477281
0.0195158030027204 0.405866142624601 0.0401903713984691 0.0313419341132161
-0.14885600206408 0.33650979759754 0.0288739887962377 0.104329106814855
-0.329557732079366 0.252117221512057 -0.0322322338495767 0.141603164884797
-0.511427836960352 -0.0794462247243207 -0.171756671196884 0.0736993074481515
-0.368226380696879 -0.41668073148443 -0.161964473333792 -0.0975795695724098
0.0236765859974973 -0.526661097847623 -0.00943295479891669 -0.219841134676996
0.327546572508486 -0.512891450418064 0.093422691094968 -0.169169139467215
0.225307317882789 -0.567810720860399 -0.314375697877967 0.152551333829872
-0.081612348960406 -0.553247256447206 -0.115237047541686 0.240318434542464
-0.398056523596511 -0.370722663593336 0.100273232567173 0.142311319317292
-0.47391046784502 -0.0149754029383376 0.0642190611550326 0.0465071165662209
-0.294003883673761 0.269668115372801 0.0152499498528577 0.0171414590659124
-0.108122709005619 0.305113285559069 -0.0289601642881815 0.0927614371071541
-0.0287716798887779 0.3512757536725 0.0348307112485348 0.148097295500052
0.0285465293144745 0.350007133514369 0.0640655448671289 0.163240103657766
-0.0048907872151136 0.352550960531607 0.0473213283089033 0.16888403670638
-0.150117585146313 0.279087297536201 -0.00313307254981864 0.212214993446833
-0.286875646781752 0.194121877442113 -0.0914820816262358 0.196566652821733
-0.424354757826609 -0.0872832577012769 -0.1942229126333 0.0961635091195361
-0.306609131559522 -0.363168397616555 -0.152839143286477 -0.0646378709889057
0.0247493591268519 -0.458153267082678 -0.0175085179889264 -0.107501235457477
0.2932124699883 -0.480268927201543 -0.0114227202910783 -0.0101511429607702
0.140400994632174 -0.479687870704002 -0.376523013099334 0.305015312604774
-0.108605071305646 -0.433954908531366 -0.10458850103923 0.355583419674839
-0.321525556491864 -0.261645299678161 0.104317043174441 0.154817411940739
-0.345708424630698 0.00752447464031172 0.0314373120076024 0.0507433126183291
-0.210591316605482 0.196834262842215 -0.0509370800545852 0.0654201600234961
-0.0890150217484589 0.218441271881167 -0.0760115699551039 0.188089053313211
-0.0429507229934822 0.254452437834792 0.0255102739594625 0.267641998840752
0.000648211672472358 0.253040824174881 0.0813427704400902 0.277307806091847
-0.0279588259440051 0.245716161615588 0.046399045060263 0.278696767006374
-0.127520456412929 0.179615949164603 -0.0365859350598712 0.282125205744681
-0.200025530208949 0.104764733762139 -0.139641189346447 0.214119625334416
-0.267696163224483 -0.0841417108439932 -0.193341740896689 0.0919647540613284
-0.187657312592613 -0.247622486777382 -0.125834372811005 -0.0428675772926692
0.0235849462929348 -0.312674799081992 -0.0170921380161465 -0.00605119861208762
0.212845866826397 -0.371493514036814 -0.0942693009996238 0.134366552801425
0.0368868695273667 -0.312138540211087 -0.401396125675349 0.41841407451166
-0.113978375811629 -0.243291168474196 -0.0894206857169648 0.433058253282318
-0.189718030716626 -0.109390412717065 0.100634866851547 0.158231848018217
-0.159073402434294 0.0266506460493582 0.00918566762323054 0.0468702629402104
-0.0917204322536394 0.0909735451698427 -0.101858344372064 0.0927011274354219
-0.0544608476462246 0.0937787465901248 -0.112424141936692 0.246024872478894
-0.0501833142471841 0.115195126954345 0.0111377054278348 0.344154341562881
-0.0271502802495474 0.115477131574565 0.086928703501318 0.349813909601066
-0.0460396117094414 0.104029077832717 0.0373097627887807 0.345743568745458
-0.0859564681162668 0.0611187480780805 -0.0667493921544896 0.306312675921663
-0.0913691954323053 0.0142040682493158 -0.170000702252808 0.197933283155785
-0.0915300160489689 -0.0601630549896681 -0.171688211767588 0.0685553307284778
-0.0645708969405783 -0.103831779424616 -0.0916727622912381 -0.0302580675247602
0.00776950535397743 -0.136665696364684 -0.0125826795786134 0.0693887765419283
0.0981729814554636 -0.218150442737052 -0.143716533734333 0.243868693812135
0.0870643555294461 0.0343067504758796 0.12824271952117 -0.365236078514962
0.0496351998339062 -0.0514306236695232 -0.0239517998377694 -0.187282035237862
-0.0328520861325641 -0.0586169266186454 0.0420007922574854 0.0283696785350401
-0.0804005797256077 0.00504097511848336 0.147475362394458 -0.0195918828641734
-0.0232520230477052 0.071651869327187 0.18790772618834 -0.162217046956398
0.0361491946406542 0.0563280272375095 0.115277394447823 -0.301170991083054
0.0556248124633482 0.0395586606819122 -0.0169168867083785 -0.364283260143853
0.0482514885197924 0.0302266607488395 -0.0895987106795103 -0.356064316124715
0.0464070878806351 0.0334006465069832 -0.0267197651068187 -0.355554979352762
0.0216613823126163 0.036269621082456 0.0712429672711762 -0.273521653717029
-0.0210039570940707 0.0308944449472321 0.115184803490461 -0.120932230057928
-0.0398024009973019 -0.0177348606181426 0.00245740983575317 -0.0637762255853371
0.0291309101292781 -0.0400894292307217 -0.0734879598720863 -0.147645729673833
0.0505602103265866 0.0250854977094834 0.0577323794294271 -0.361921016868728
0.0246042332588576 0.0868790392918516 0.391917341265776 -0.431918549540305
0.183772813802834 -0.161620608793847 0.071059880503035 -0.346228283215626
0.0623869553750524 -0.225558523190077 -0.0538308925484851 -0.1716933024351
-0.126786872062804 -0.198107707631553 0.0317563611677775 0.0416160206292588
-0.224871468670966 -0.0346847200534129 0.13015600280207 0.00465486695546197
-0.134522401486264 0.143151962761145 0.188135482480234 -0.137404281222881
-0.0116636686410562 0.164269379207502 0.116320243425805 -0.268299004881633
0.0481263613762576 0.180901666658815 0.00144500647059293 -0.328248948576222
0.0691658158856624 0.178463504102902 -0.0705035878151449 -0.319525199874255
0.0559843229073968 0.191172197751588 -0.0133447070823113 -0.32094193059031
-0.0324159663707806 0.169423561205269 0.076125425207707 -0.226355323758246
-0.139837042389143 0.131950700058567 0.105603482392141 -0.0799274617903324
-0.230718392235879 -0.0353424405170442 -0.0336628028771956 -0.0412739931967881
-0.12273488791342 -0.188264056433987 -0.0969239337856731 -0.158207209900246
0.0464288887988452 -0.183877428507988 0.0457799300710038 -0.393573861283372
0.140858708048929 -0.128615376459143 0.360722569101556 -0.458194270112156
0.252323556413383 -0.341078555122231 -0.016679176637682 -0.276402984019461
0.0534813274498551 -0.383754916818683 -0.0839646905110892 -0.116713192645815
-0.225717531961677 -0.313588087940754 0.0379015056512242 0.0602279887717853
-0.353669380501178 -0.0590128389040844 0.118382733631457 0.0184478046931019
-0.228054276313793 0.208126117132396 0.17030986876427 -0.113702197759444
-0.0553375133560615 0.253960000763647 0.0980658335389892 -0.208334951646728
0.0340403775915142 0.296468846398159 0.0166539376813288 -0.247232104699031
0.0792310665848883 0.299724316211199 -0.03935080785317 -0.231940357894256
0.0566395084353123 0.318103153403859 0.00293195787004887 -0.234196719144889
-0.0828009390196242 0.276069560805688 0.0703829064569256 -0.137135355679867
-0.241084940394893 0.214520334645712 0.0741957141502648 -0.0152197304007459
-0.39474465904819 -0.0492320344223388 -0.0807639980873816 -0.00587262006547326
-0.260411896119086 -0.313133978025341 -0.127547021474087 -0.15351302426312
0.0367669204166033 -0.368587255064692 0.024576998523461 -0.379389332164803
0.238007959534033 -0.323547636273913 0.294348142291097 -0.416537309171517
0.281811296839886 -0.483493906593954 -0.120994488323834 -0.161711641865528
0.0140208966029368 -0.511769692601549 -0.106452419195146 -0.0208079155621294
-0.325113174580707 -0.387591022229802 0.0583662198330624 0.0845526799669494
-0.459920807608164 -0.0556480000229929 0.108476674616765 0.0268115576864536
-0.293390880616641 0.263744451681889 0.133469559322251 -0.084239900832858
-0.0867312273112985 0.317335716614 0.0635418469972599 -0.123293021919456
0.0172099389837023 0.370306969883175 0.0277503343267887 -0.130245499319302
0.0774683199433251 0.374667992073761 -0.00224834327984858 -0.111247388977242
0.0479628833492566 0.392430719673131 0.0222737440668014 -0.10992992756199
-0.123099101963134 0.336912866895929 0.054794255415057 -0.020117037902688
-0.307543777188276 0.261120994933023 0.0274464726610484 0.0647190781704988
-0.501769076856133 -0.0595043627163404 -0.130115823721758 0.0393883436088784
-0.356322174890587 -0.393222759097937 -0.154439088306166 -0.129977475092008
0.0243414997568819 -0.495079999566695 0.00136233464641203 -0.31947522320307
0.301218753852101 -0.46077861330921 0.199171621077139 -0.314038098965711
0.266358180407397 -0.56821647369157 -0.226217307741417 -0.0107151455346139
-0.041930160597228 -0.577377741468693 -0.114874424840278 0.106568571832722
-0.400437095198893 -0.406389366568491 0.0847580672515897 0.112009545665535
-0.51021438234375 -0.0326519304227019 0.0909449971431301 0.0342502929716276
-0.316785294995554 0.293833096045807 0.0787519868061741 -0.0403637349630555
-0.102784023128887 0.338432225318664 0.0187348216321706 -0.0172355788386378
-0.00102706042562669 0.391358570109635 0.0343059774074061 0.00805279312980839
0.0638111862366557 0.392350597587858 0.035253287102495 0.0267509135688717
0.0297345934335082 0.404568263999007 0.0402231204034731 0.0312990307177953
-0.144245482941113 0.340689918133154 0.0324667186453966 0.104888198601695
-0.323529611308634 0.257979736251281 -0.0288575684704961 0.144325031110983
-0.515959075297517 -0.0676030081366652 -0.170214116407714 0.0817421189252719
-0.379653255903458 -0.408742917117812 -0.167329606013776 -0.0940467221909906
0.0165773121396449 -0.527512940499413 -0.0169030117269687 -0.221478707308099
0.31563693695614 -0.52025753320187 0.0912508605190194 -0.169469995339281
0.213543408831219 -0.571756263952758 -0.314200229099777 0.157333457806935
-0.0913320712775993 -0.553514962674058 -0.109816070860771 0.24171118552833
-0.404859149035835 -0.359875500144346 0.1035824005936 0.134546034331701
-0.474066667452524 -0.00617106258845358 0.0631077101488275 0.0423559819427358
-0.285961951601148 0.27477805567524 0.0124927394991898 0.0136954402442719
-0.10177678218719 0.306939607892685 -0.028874399871879 0.0961751390314378
-0.0196537580623602 0.35386720715734 0.036327040888957 0.146987502980655
0.0389481435210442 0.35002125113555 0.0676686136661928 0.160740121506288
0.00523443679763557 0.351826573200971 0.0522125536422557 0.167802403983871
-0.145746547048111 0.282770051641936 0.0034072898935427 0.212690255087939
-0.281610937142606 0.199134875097216 -0.0860657863529269 0.200872190094609
-0.428963912496146 -0.0769247105812248 -0.191587888808038 0.103456989409268
-0.313910913854564 -0.353439888426505 -0.158177236554406 -0.0615160229201872
0.0188249204136269 -0.457113994419608 -0.0235819423181764 -0.108190575533186
0.282329436970264 -0.48636502254214 -0.0103789065353283 -0.00918508996109583
0.13058305913731 -0.481346044703559 -0.373658533530759 0.311220129715829
-0.116134479101741 -0.433034451244229 -0.0965694038614085 0.357084677815833
-0.327642938035288 -0.252449192846893 0.108087291834543 0.14833184195296
-0.344964505648025 0.0130830052089113 0.0312923377195117 0.0475057803370011
-0.203717769151285 0.201797224794622 -0.0523356328396427 0.064242455621579
-0.0846013740489502 0.220488452296301 -0.0734351605115423 0.192122824778689
-0.0358585797928432 0.256923622051748 0.0312430114345451 0.265842335282369
0.00788565706101424 0.253412868886385 0.0885506844891978 0.273100338507146
-0.0220226535312111 0.245491617034281 0.0546869559577178 0.277585194703687
-0.125449013768181 0.182482075158361 -0.0271021041735529 0.283308171145311
-0.196677066829583 0.107826419770493 -0.133224783142499 0.219636272383272
-0.270835748742496 -0.0775711828451071 -0.190347647581259 0.0983857948052551
-0.193817284097659 -0.241998834464383 -0.131013375697809 -0.0393550184068743
0.0198593195581859 -0.312466530518379 -0.0220294643921452 -0.00620420049556914
0.202658476068513 -0.378007209538124 -0.0908801256272882 0.136054687602727
0.0313966568927443 -0.312941071395762 -0.397725586125092 0.422847400689955
-0.119025612250822 -0.241559004813339 -0.0814590756495984 0.433031188268827
-0.19227509783215 -0.104846345236611 0.105105733962573 0.153035295139022
-0.158151557293476 0.0292248804384155 0.0101760725402532 0.044235480779039
-0.0876980235945529 0.092813946742231 -0.101571197664062 0.0926561716186964
-0.0527578269452218 0.0947698713439052 -0.107827529993658 0.251728135481823
-0.0468289998974413 0.116803062374425 0.0188084905975577 0.343117382628753
-0.0239268740243774 0.116568875283167 0.0949739045618562 0.343912110351868
-0.0447118570638416 0.105534182301608 0.0479355241292487 0.343003347852256
-0.0856038678656447 0.0629728104509403 -0.0558412381629244 0.307913268022248
-0.0898660571255787 0.0142624169072276 -0.163011441518607 0.204218045478326
-0.0934088420630004 -0.0574840146684612 -0.168546946881997 0.0739247862317252
-0.0661936093178158 -0.100325767679398 -0.0965897636791129 -0.0276613703717616
0.00707868840610118 -0.135984561576074 -0.015296302000449 0.0688547515688507
0.0919930272776333 -0.221656446659017 -0.138735091407775 0.246536857444467
0.0879867049656645 0.0313956570976245 0.117071019143447 -0.370538738979581
0.0474827191954656 -0.0540462785899201 -0.0275473687702011 -0.185406399581524
-0.0361477296077962 -0.0599740448844538 0.0450672877282476 0.0252166916434662
-0.0825444946714304 0.00845575033854537 0.145750564936134 -0.0266749900096599
-0.0221794432579289 0.0739904694535261 0.179025157015988 -0.172128753338893
0.0375361779460265 0.0554465639844178 0.101383752058306 -0.308827593328375
0.0566270846962873 0.0384536389610475 -0.0324764237580982 -0.363459460136
0.0498237557966668 0.0284631395069883 -0.103225284913663 -0.351093326096345
0.0485705775728904 0.0315644980581154 -0.0429070658876119 -0.355724297251362
0.0232935834479861 0.0359031474151952 0.0594217248166268 -0.27717653160194
-0.0206996559482141 0.0319297724810531 0.111416841502237 -0.124794652133836
-0.0404928476330171 -0.0164838704009154 -0.00146774551773696 -0.0607962094479759
0.0273480734078456 -0.0427434916976952 -0.0782585962626561 -0.143701161239577
0.0518805355168261 0.0250545163652177 0.0454964586662201 -0.366016143038104
0.0281027160401318 0.0880510051994262 0.379311218097453 -0.447806331373863
0.17785304694566 -0.167301960883868 0.0605786586296944 -0.348723875233622
0.0539447266641932 -0.229591304633154 -0.0573177059554741 -0.169617589910896
-0.13508806704733 -0.195116724863761 0.0342968644250157 0.0379494735498374
-0.22907939717019 -0.0268138826789251 0.127962031791439 -0.00140425373822365
-0.129265075555975 0.149201727910157 0.179668848081005 -0.147319853411523
-0.00735835795261052 0.165777782552284 0.103727891104152 -0.274989401463658
0.0547430106298903 0.180958093941969 -0.0134168173986667 -0.327855201625302
0.0781919784911081 0.177048471381262 -0.082790362800145 -0.314262933433795
0.0650416401251596 0.189042668490338 -0.0284511745628832 -0.319957088565009
-0.0263701066011899 0.171973314524767 0.0664572481963224 -0.228670493064402
-0.135754866096509 0.138134091232553 0.103421208547564 -0.0825094620805317
-0.234024921275491 -0.0264973284508078 -0.0363224256295452 -0.036439639928525
-0.131597563848904 -0.184481899937169 -0.102376480272763 -0.154872400328812
0.0412227000010503 -0.185140526708938 0.032798714788479 -0.396732167272037
0.136587665130693 -0.133475943267588 0.350085374042148 -0.471338362122871
0.240751050889054 -0.349251949552335 -0.0264367365950707 -0.275806989647902
0.0408969764526025 -0.386396052423687 -0.0852205122679032 -0.114131577604724
-0.236660140937341 -0.306337740649122 0.0398927404926179 0.0547729556247093
-0.358556595312132 -0.0477187770773395 0.116034994783219 0.0125995607296375
-0.220934907749274 0.217237986894247 0.163255678892476 -0.122655438078011
-0.0468481159273986 0.257603574644775 0.0873446999852036 -0.213081476610086
0.0462230416361709 0.297375052109551 0.00484136738866956 -0.246612758612938
0.093934526392302 0.298750499119898 -0.0484909431681472 -0.228398525737822
0.0712730793451712 0.316137201329644 -0.00815477451476543 -0.232152116675504
-0.0746840373969411 0.281610977577768 0.0650901229202415 -0.137802375991498
-0.233869253466379 0.225070576588752 0.0742516545888955 -0.0162727377298865
-0.401041143119157 -0.034145812726733 -0.0828364877062455 0.00131550237284217
-0.275890816610651 -0.305391766964485 -0.134559188836437 -0.149517897983115
0.0248755030353827 -0.371600724698638 0.0115619587600975 -0.383141114656478
0.227609633945651 -0.333276160783675 0.283697456768213 -0.4280549450263
0.265510437370196 -0.493236638429419 -0.128113997079857 -0.15780204934516
-0.00307523194141538 -0.513547208269349 -0.105367795554369 -0.0175103804632963
-0.340028428383348 -0.375471670564696 0.0612388032655365 0.0772841871088404
-0.465363097342125 -0.0432231140450242 0.105388124561318 0.0216417357063879
-0.284193580924157 0.275368419171175 0.126971840524678 -0.0916889221285003
-0.0768876345614584 0.321794479392971 0.0566763668081361 -0.124935876866272
0.0333036621919449 0.372778369218998 0.0212521958698716 -0.129982428109881
0.0950878768154467 0.374062763761067 -0.00705851937336784 -0.10872228334563
0.0646116737381659 0.39120363513173 0.016842619519099 -0.108724843789288
-0.112542751355884 0.344989146390401 0.0549689688660564 -0.0203364186520841
-0.299578091337707 0.274775766029973 0.0303442697395559 0.0659420747994807
-0.509094699880586 -0.0392966138752399 -0.129953761234704 0.0483821401752257
-0.374972514198212 -0.38141906541559 -0.161536340593197 -0.124804066131465
0.00932093424749123 -0.498402328481985 -0.0113922192177897 -0.321797833485983
0.285374172262796 -0.475361007104941 0.191338645698389 -0.323486234623527
0.247855208577129 -0.577985221130743 -0.229340394707686 -0.0017627618260753
-0.0622812971634399 -0.579398023459591 -0.110120139798689 0.110308045540911
-0.416741953138739 -0.391871222343924 0.0883399096755271 0.104001284401198
-0.515783965531025 -0.0174277723575928 0.0890049906746927 0.0292929414448072
-0.305128025246648 0.305955458195825 0.0732737666102559 -0.0464393720683918
-0.0917596562635381 0.343436105183021 0.0159529005731913 -0.0156909809361639
0.0149234720060477 0.396187084135948 0.0338568483054934 0.00778344369367117
0.0831065565816916 0.392106794347492 0.0360136673933285 0.0271586270089074
0.0479583538102015 0.404274536962531 0.0404746494835569 0.0313370517447417
-0.134440755000106 0.349565817950715 0.0378162124640744 0.10611802363592
-0.314633115234764 0.269972237651478 -0.0226450099197516 0.148257873407522
-0.523762843134774 -0.0469507084733838 -0.168228382101512 0.0920986729702336
-0.397507096135183 -0.395809500985563 -0.17489275042846 -0.0887116669457339
0.000262710959409886 -0.531234320410052 -0.0278292672898759 -0.222064584340281
0.297641318479713 -0.534380628165217 0.0871123839752363 -0.173192354079107
0.193981327824238 -0.57993998543371 -0.312784954454252 0.169025759139005
-0.111398960299412 -0.552939811798662 -0.100716685510361 0.245966122166898
-0.420876156796753 -0.34352283157143 0.108303508500569 0.125965199445235
-0.476754979128001 0.00886081631540706 0.0617953882152889 0.0382193907681703
-0.272809190021675 0.28695820301578 0.00936873912006531 0.010519496424802
-0.0919612546206059 0.311458212000087 -0.0269513682722432 0.100541771636024
-0.00537123415527123 0.358228009255567 0.0408393837920211 0.146992352779499
0.0560637942869463 0.350325065269361 0.0731063566609302 0.15906798046711
0.0198378956630571 0.352290734887543 0.0590208634544586 0.167358509642362
-0.13802386161033 0.290895308960476 0.0143566700427499 0.214671271629865
-0.275754077983666 0.209615076320362 -0.0770561847463943 0.207363855815844
-0.4362018246521 -0.0597956378583681 -0.18885339335469 0.114476184125399
-0.329664976832436 -0.342669135260908 -0.16520954657082 -0.0549473769688025
0.00432341278056478 -0.461601085284999 -0.0321128666454295 -0.107307693436798
0.264518869794475 -0.501336014375481 -0.00955793027620959 -0.00914019450094166
0.11407305301319 -0.488441417436402 -0.368948299486419 0.325460260266403
-0.132094989815684 -0.431706947518921 -0.0849409385093573 0.361029922152096
-0.339367513950826 -0.239233149767328 0.113622077661407 0.140587993362622
-0.34679610234365 0.0251036147360983 0.0318774945736364 0.0442572780571711
-0.194340637422343 0.209041929226259 -0.0530512594307129 0.0635818960105047
-0.0766122069112861 0.22497817063025 -0.0677569598706357 0.199759597496402
-0.025764049826008 0.261299070099133 0.040586520891744 0.265419698932333
0.0200534425142089 0.253864216134199 0.0988965499312187 0.268559600268752
-0.01171908586319 0.24759417599103 0.0673807633266084 0.275641274750357
-0.120241768804849 0.188919133461359 -0.0137963900210161 0.286015438043878
-0.193559847879317 0.114529624800657 -0.123869725779853 0.228076255642297
-0.275366412964443 -0.0663823840229379 -0.1869390163635 0.108636070910069
-0.203527190923843 -0.233944964971524 -0.137505338875525 -0.0335603851563417
0.0109921506625827 -0.314603832679245 -0.0267316710155441 -0.00516978611388252
0.189015101938803 -0.388549227481682 -0.0861209918652464 0.139946170476907
0.0211857313474565 -0.316091149724235 -0.389386696509047 0.437363589237616
-0.128085275130538 -0.239303943580258 -0.0668874355628345 0.438230914196777
-0.197973052325428 -0.0958681570172068 0.111796998694709 0.146907227973439
-0.157906421209069 0.034010372870354 0.0122472262218065 0.0417599555124989
-0.0818735625100716 0.0955263393080231 -0.100284666854173 0.0949305527250752
-0.0490967291254709 0.0973037696336304 -0.0995132436604714 0.260727357518324
-0.0417415388633839 0.120063017399133 0.0315707801387439 0.343134290116642
-0.0191394162325442 0.118348131336318 0.108465001508185 0.338497194566113
-0.0409856751358714 0.107894514986676 0.0655073287860536 0.340718603052607
-0.0844570535799841 0.0667640145624947 -0.0407668543092153 0.310874204571818
-0.0894434022683917 0.0161116501084408 -0.153478274326498 0.213336140741033
-0.0959448158201452 -0.0532898069962067 -0.165808232148163 0.0830190337618482
-0.0696499005134863 -0.0963667884623885 -0.102681970304701 -0.0224134869034172
0.00267901547155584 -0.136972783326271 -0.0165277306701734 0.0708753855207159
0.0822777239782632 -0.227530682308472 -0.129364012195432 0.252346444118745
0.0886346742520042 0.026858430964288 0.0989182163942264 -0.372892214939023
0.0438947503461351 -0.0566713321589997 -0.033400488191487 -0.182381988350523
-0.0398977972729907 -0.0595664687676358 0.0477174818854898 0.0205596817635587
-0.0833202257804792 0.013274352892875 0.140972226663915 -0.0360349170614306
-0.0189643974065097 0.0761199948558846 0.164844857596476 -0.179930588867149
0.0395136762328032 0.0533896431660121 0.0801804640460518 -0.313315899153224
0.0580215233186476 0.036528011979357 -0.0530843587078716 -0.357717959384437
0.0513578965036427 0.0261790836838865 -0.12043377777367 -0.340006301874144
0.050214554828097 0.0276820453699447 -0.0639016244480828 -0.347974717490344
0.0251675253869026 0.0343109129604836 0.0431531843776504 -0.276494595810783
-0.0191472236026328 0.0329470736793931 0.104639614095923 -0.128309678263191
-0.0409884677220983 -0.0142857848958428 -0.00505795736884691 -0.0560909062625678
0.0244967439739497 -0.0447588292727532 -0.0846939600536538 -0.137403305109224
0.0538314205584004 0.0241789948116006 0.027745222902289 -0.367844197187758
0.0332308953542327 0.0869358400610244 0.357311406678042 -0.461772674298523
0.167569487155609 -0.173456582168699 0.0436104081293792 -0.348166256356725
0.0415968800543095 -0.230035425409268 -0.0622564709795148 -0.164988793534583
-0.144891110760738 -0.187498968603778 0.036653804671073 0.0322498480434482
-0.230113546904801 -0.0160484775164313 0.123635567093109 -0.00967328498051763
-0.120772480477289 0.155723841623168 0.166540668133001 -0.156423351115092
0.000673771641534201 0.165276400595985 0.0843589271630297 -0.277837616224237
0.0651392329539752 0.178562471404199 -0.0324616597239463 -0.323879379138235
0.0880506914053468 0.172550096091465 -0.0976260203323508 -0.303786926064293
0.0768114288988932 0.183304960856798 -0.0479578526651309 -0.313532031102251
-0.017841624899361 0.173129981689411 0.0533868679435701 -0.22868168667192
-0.127432865997244 0.144290226224158 0.0990818707436028 -0.0862466671212833
-0.235147513636543 -0.0131016716962697 -0.0389311540831812 -0.0304955774021057
-0.14171781466874 -0.176648062588052 -0.1102374542738 -0.148280028688262
0.0328588518090993 -0.185154577499692 0.0130503690635362 -0.397156111073575
0.128773157752036 -0.138833049357367 0.325025506319406 -0.484882481195966
0.220677406797599 -0.356134107401446 -0.0390929201489635 -0.271189736943996
0.020414914040434 -0.386894412148504 -0.0880209471751558 -0.108112734805604
-0.251269259946775 -0.291051450735626 0.0423551145360458 0.0478162969872407
-0.360388227661792 -0.031110724855656 0.111355916507948 0.00647517246096975
-0.206064783862121 0.227082718567352 0.150184720717693 -0.131957545546386
-0.0353343342641258 0.258493167787289 0.072602634466733 -0.215079852494551
0.0632250245299701 0.295230783811993 -0.0101725553527197 -0.243535396898129
0.111772025168516 0.291008973110292 -0.0597904513424301 -0.220682495254038
0.0890283566947277 0.309555434013995 -0.0218136884784363 -0.226692016621364
-0.0599018558938087 0.285543840434664 0.0570194117397361 -0.138357451866896
-0.220743056401299 0.234464161073216 0.0729998805428463 -0.0181041450120918
-0.401825759459721 -0.0111554800626195 -0.0831774866360636 0.00947901181026707
-0.290264929953854 -0.288043082726515 -0.142574976532667 -0.141527266166365
0.00796426767791542 -0.369553880283637 -0.00896309358091074 -0.383136888583909
0.208680453617457 -0.341724673488036 0.261749854889669 -0.438264493975599
0.238153828598626 -0.500243727369169 -0.135764396680877 -0.148813173300374
-0.0278628507311551 -0.510250487781929 -0.102806516879156 -0.0122121432164953
-0.357436853670492 -0.354973372958719 0.0637889322071981 0.0689195231191743
-0.465713599338575 -0.0207713640514925 0.101568999095481 0.015469485423089
-0.264352319817951 0.287416630942316 0.115891785394217 -0.100258460143868
-0.0614348845824935 0.323768378430845 0.0471505473127354 -0.124560433325306
0.0540512928808578 0.370969017814722 0.0123928326134087 -0.12895328938898
0.117824613029403 0.365868436615266 -0.011987654202131 -0.104567701435597
0.0866164652085683 0.384482232204406 0.00966679639326976 -0.106488288485151
-0.0950870839508589 0.350155883590837 0.0540839012795211 -0.0207300184531473
-0.283598029927079 0.286657606340388 0.033996457821055 0.066147435850303
-0.509129408058139 -0.011010765308426 -0.127004112884264 0.0587455256175139
-0.392888060612066 -0.358002305235713 -0.169947527250613 -0.115224983157534
-0.0128582664188544 -0.495655473053802 -0.0283615585650758 -0.319761985898667
0.257933343180684 -0.487436083469776 0.17535505851664 -0.329284923232199
0.217136687888399 -0.582995273438243 -0.228967614488784 0.0100768849896463
-0.0898216856249337 -0.571398426364267 -0.102131401428558 0.114013678318089
-0.433575577266054 -0.365458227900981 0.091174753658299 0.0937379224576718
-0.513974756040362 0.00676821981517081 0.0860666774730981 0.0231535938976856
-0.283599165630165 0.318257681122046 0.0649253305465957 -0.0529219475528392
-0.0749988739405196 0.346731508905331 0.0137382446713068 -0.0134526162283091
0.0382289030684772 0.393446719845368 0.0311717482420771 0.0072370783756127
0.105804506446899 0.38405398743211 0.0369132705619565 0.0265673398972646
0.0699053058155198 0.397472008044112 0.0416206537380146 0.0313303218664532
-0.116878955178761 0.355432276610139 0.0451223345636616 0.105230864980884
-0.297497784370485 0.284198347797988 -0.0136041492039625 0.150491298007723
-0.525578147147616 -0.0173270702323697 -0.162296803730973 0.103692308144606
-0.416039611726825 -0.371414250485971 -0.181601847686567 -0.0778632502320177
-0.0249872726888789 -0.527300098065967 -0.041300908776946 -0.218043599398285
0.266205217843767 -0.545968324743327 0.0793830818745017 -0.17639809178023
0.165057427593164 -0.583154156077326 -0.305047731248735 0.183837968060897
-0.139346422889897 -0.544809681508214 -0.0867071176299289 0.248837619597057
-0.437107842917582 -0.31785327940846 0.111758008092815 0.115168595018033
-0.476026361341218 0.0308352002425268 0.0609318933557699 0.0333681360362935
-0.253024288465393 0.296852387493212 0.00531233933657826 0.00718268902390484
-0.0761663949857668 0.314570793809772 -0.0223965666748906 0.105036911380953
0.0159716708504061 0.357586965662204 0.0468070132263987 0.144147697716983
0.0772288251720366 0.344344893722782 0.0802942720083925 0.15449330425834
0.0397865042701269 0.348339139448474 0.0685837714349525 0.16271873332681
-0.122093501790997 0.297765327262173 0.0277219339271788 0.213242190952101
-0.262645277254768 0.220414819238936 -0.0635493175859509 0.211987144703791
-0.437726662118045 -0.0350887548871881 -0.181121477629271 0.127156333806512
-0.345569559689459 -0.32189120894796 -0.171208543690532 -0.0439189646877991
-0.0158393858320086 -0.459200454030149 -0.040658030145731 -0.104135248099951
0.234181699953634 -0.510229335633918 -0.00923266685317956 -0.0087144890435545
0.0904045314120178 -0.489565663822408 -0.353704759048544 0.341520467692546
-0.152237610044865 -0.421997597831088 -0.0654322512389895 0.362009234051971
-0.348577985422927 -0.21738451026888 0.118254076631295 0.129756330526731
-0.345220610950542 0.0404335338637817 0.0328877249864758 0.0401979365446287
-0.178394364750167 0.215939835846776 -0.0525178682390013 0.0639410090524085
-0.0646326936413184 0.226799518171541 -0.0564771254266158 0.205168232236736
-0.0100137979661835 0.262836621124506 0.0535258987346798 0.261389777696641
0.0358752138976632 0.251413553633486 0.111310806070344 0.260250431909575
0.00158435708200177 0.24653876929316 0.0839161235686977 0.26903079750771
-0.110749467717748 0.195230952603269 0.00529339457128247 0.285013742674025
-0.186129992593598 0.122096144752549 -0.107682492976928 0.235043552043551
-0.278814085744957 -0.0502904737262778 -0.178657358731642 0.120458458143623
-0.21347789780201 -0.218611812780981 -0.142472096783388 -0.0236109999184996
-0.00353221702082987 -0.313698976620782 -0.030667270696662 -0.00248059969846694
0.164846067973424 -0.396414731781481 -0.0773446659731268 0.142397432147711
0.00505951622735697 -0.314880082008656 -0.367445054747035 0.453487038318766
-0.13890421276529 -0.231376468644043 -0.0459250869169602 0.437993138145809
-0.201649281106277 -0.083319243219338 0.117893705800603 0.138630559589335
-0.156113871477233 0.0409498364760237 0.0148341756757745 0.0379645487350435
-0.0735325399359503 0.0973492416314422 -0.0967462068144947 0.0977617222949744
-0.0433488403344119 0.0986656358631151 -0.0838422379402663 0.267696244204026
-0.0343220477481286 0.122500308522798 0.0498619098329216 0.338976261329565
-0.0116450378774066 0.11871343213837 0.125256170298048 0.32793813499999
-0.0354037799249851 0.109685777404819 0.0854294042101513 0.331517205295356
-0.0816871903067438 0.0710542335587028 -0.0205206231837746 0.309469499887069
-0.0879875646969528 0.0193348684090317 -0.137756760381542 0.221251585326256
-0.0983517948971183 -0.0473552341590918 -0.158888365921584 0.0928904478601736
-0.0727017567878159 -0.0898997358735907 -0.106660501201352 -0.0135435153206824
-0.00419862184809902 -0.136421274981741 -0.0159746062487484 0.0718557192997654
0.0676288064393678 -0.230944798069106 -0.115240448300617 0.255677146550243
0.0862272311046985 0.00326901255513855 0.0362574220307866 -0.365199595486258
0.0276385889445708 -0.0642388736906279 -0.0549903100448237 -0.166843860509894
-0.0502243409467682 -0.0523620039526434 0.0539283685253092 0.00814032667693223
-0.0765132358912666 0.0260198508272819 0.129132876868493 -0.0615483563586719
-0.00405821189513039 0.0717007137492834 0.123470555294579 -0.200880890000858
0.0423323370848249 0.0375935538851687 0.0214940526071894 -0.308842894244813
0.0592039169715018 0.0224182847312907 -0.110140636682904 -0.333196521015575
0.0480012776155863 0.0161194251561305 -0.164233571001754 -0.303396274244139
0.0487140372091484 0.0162640396023529 -0.10887890082299 -0.324635734562504
0.0260514686387001 0.0284454706752178 0.00476124142335322 -0.272363915258623
-0.0147164060948007 0.0341526452215859 0.0858416951970173 -0.136260004974279
-0.0426776713574092 -0.00765527020002517 -0.0106246057977241 -0.0502870350657973
0.0148817037569777 -0.0447267196554372 -0.0997992425418356 -0.120223849237114
0.0537615933961452 0.0194340339288032 -0.0193374121805983 -0.363264902884756
0.0401914714383505 0.078507082401533 0.292176933674332 -0.486662032477063
0.127303124379103 -0.199452862819465 -0.00737716258108441 -0.325485884215955
-0.00388638508201182 -0.227966980269522 -0.0719982137150831 -0.142922196395448
-0.171798511902895 -0.155932058771034 0.0525076844379964 0.0185928491922236
-0.222440969523467 0.0243629628204461 0.120698646600039 -0.0387494476824099
-0.0886966138765181 0.163507588268376 0.126175386093024 -0.182362736911698
0.0225178224039134 0.150606237399972 0.0289365883725967 -0.276575636899302
0.0913723980038106 0.16051148262558 -0.0863764194350728 -0.307864012943898
0.106125924115966 0.148866357695876 -0.139695042972788 -0.271438285411455
0.099882527894171 0.162501081589748 -0.0894363769180314 -0.292080230337831
0.00705053293457926 0.169630399248211 0.0211653697204802 -0.229107496510348
-0.100946333130252 0.156954967427166 0.0853873333967279 -0.0969272507153486
-0.230742332389282 0.0257197327894775 -0.0351994875046239 -0.0208795878146329
-0.163464588848052 -0.145799320171538 -0.12357613696676 -0.123597957227311
0.00382035054267677 -0.178488271148517 -0.0419816956998705 -0.387739519427994
0.101082980121496 -0.153300295447482 0.253389846615824 -0.503501324474427
0.146767414164662 -0.380062161292891 -0.0689416554663453 -0.233246129158642
-0.0503673029257 -0.371420204261349 -0.0810333043338533 -0.0831712743166772
-0.289560001530581 -0.235824470065023 0.0663647001382393 0.0291988527889217
-0.349857839657549 0.0323847343466317 0.114968672432622 -0.0269917625144128
-0.158307211824759 0.244787443353682 0.111816481209456 -0.161410831547309
0.00336186957386776 0.246686957449607 0.0252761523162956 -0.216728236033394
0.111290822061499 0.27453013492142 -0.0542453137727984 -0.239021183033155
0.147567202602514 0.259096573181143 -0.0927803486694609 -0.197785766571451
0.134253603781329 0.282332653555573 -0.0543374936310813 -0.212633202948707
-0.0148175907095489 0.286092359601377 0.0373698238374194 -0.144174595160021
-0.175974849468049 0.257650160025333 0.07078885844269 -0.0301158740453441
-0.391365183198474 0.0546560134776222 -0.0684927791185095 0.0225966018777991
-0.322899074653736 -0.229407377566775 -0.152722525950601 -0.108395400428509
-0.0459796615507757 -0.353910504494397 -0.0655419191948829 -0.36836650037556
0.150103029076497 -0.361653996306802 0.190670634339713 -0.451056279334361
0.139153702450915 -0.518056921505959 -0.137755242712155 -0.0988282638287465
-0.117826213666596 -0.477815612088005 -0.074816787532977 0.0107886128795993
-0.400745496633965 -0.277447000703077 0.0945149353497149 0.0418224803509472
-0.44901985491599 0.0597631037778757 0.109364778285487 -0.0219709732278252
-0.204568220234251 0.311841982740019 0.080917320932288 -0.128954390512907
-0.0110411159524785 0.315029256219256 0.0142389386255888 -0.128122290895454
0.11690501191588 0.350919142534492 -0.0164787858393977 -0.135855202182011
0.165628084251727 0.329181669727447 -0.0321106166458337 -0.0946075384778434
0.144618082327564 0.356227324085107 -0.00764240098973683 -0.100948835157771
-0.0370137126926421 0.354684106803549 0.0505576674143658 -0.0313630040240214
-0.227396439680422 0.318167231379679 0.0449802678610739 0.0548968794400817
-0.496490650528846 0.0711897503369573 -0.102520874011128 0.0757352476033025
-0.430487484777066 -0.280541219064401 -0.173978733920633 -0.0765223171880242
-0.0843913150174875 -0.47293119927812 -0.0818538305547359 -0.301894415829723
0.178214189825165 -0.506670155147828 0.117525589425917 -0.33624104533561
0.105852374128217 -0.589737807025882 -0.200094869348538 0.0665354649035512
-0.184029643640618 -0.52457084387486 -0.0520834611144704 0.130853408833567
-0.475645871662496 -0.273377592678257 0.127056591194458 0.0574123706755119
-0.491695148677631 0.0946758072936723 0.0958789880165887 -0.0149422445774249
-0.217203755689244 0.344235364883352 0.0382801702327913 -0.0771773226271635
-0.0194595481318825 0.342446535802629 -0.000396454188671126 -0.0177580920480533
0.10695380367565 0.378304616655459 0.023907366613205 -0.010388935753594
0.159053681715993 0.349153177603773 0.0328503273967105 0.0222756553436922
0.133778918149667 0.371874872912723 0.0417666471470095 0.0261939481150421
-0.0561662594685612 0.363461195028183 0.0583743607657965 0.0906752307361554
-0.240796662951971 0.317541393634461 0.0102219897981305 0.141663030688218
-0.510957770806614 0.0695742895723975 -0.130300127835759 0.124275712142524
-0.453433376597007 -0.289710567985482 -0.180777935586171 -0.0366879924523201
-0.0973836624356107 -0.503217871475573 -0.083355919909962 -0.201068049410005
0.180260085040764 -0.565688709288802 0.0397305373258596 -0.178040762844836
0.0556140169799395 -0.577910796904019 -0.245096065642012 0.240193082958926
-0.225077906560966 -0.487531565746107 -0.0173891771510412 0.254793227295937
-0.46835119146155 -0.226035210345804 0.147724671126201 0.0747320083832914
-0.450086780202549 0.1122052279745 0.072353258249199 -0.00146076262917449
-0.191366182736293 0.320174506568486 -0.00866627942503087 -0.00924383906954073
-0.0230945536024047 0.313740256905615 -0.0143997757983676 0.100158184022962
0.0806788316568936 0.347755394272944 0.0609210010403419 0.11946190140786
0.127842870312137 0.316212498020579 0.0930087323215716 0.136316610847155
0.0966950231842576 0.329662722061132 0.0862311539666141 0.147658186776912
-0.0697901914151991 0.307940650754706 0.0574432888855355 0.198661839021353
-0.215286702873935 0.251009785735376 -0.0295892435423468 0.208597260721896
-0.428407860381164 0.0387375106154511 -0.146970850374858 0.148363418693284
-0.376781626025884 -0.252665876704219 -0.16811549909125 -0.00627848887208159
-0.0807673698209868 -0.438234507586159 -0.0668100623702066 -0.0901449162072799
0.153502269857898 -0.527005886133988 -0.024940160203502 -0.00739548410639763
0.000282905897104759 -0.472562760614507 -0.26996582972619 0.392793356893543
-0.215574052944941 -0.366881733142217 0.0142839712236373 0.357710954472586
-0.368147971744297 -0.145068476625259 0.150493510352354 0.0909733115802457
-0.324325501856169 0.0996480806870952 0.0438725932277076 0.0143035789122582
-0.133710625547872 0.233252594883229 -0.0515381521068003 0.0574217261487203
-0.0257816894796442 0.231316110152815 -0.0274206092290351 0.202548332156765
0.0400234118368895 0.260826645050412 0.0879077266831507 0.233057912834265
0.0756455178507182 0.234814417942986 0.139447975882354 0.231502524905937
0.0447898540808324 0.238248408602309 0.116214892219213 0.246152939874683
-0.0726985439718918 0.206511655958208 0.0449013361611828 0.270593768272837
-0.156479836214781 0.144735615880273 -0.0692024309782318 0.238224413056654
-0.27539462742024 -0.00117698676399533 -0.149200438469038 0.141955978997212
-0.235232379750196 -0.174759953192758 -0.140297568977888 0.00688842936892916
-0.0483785872033868 -0.300606226324937 -0.0406939266325182 0.00564465885468589
0.103181215392869 -0.406783607071791 -0.0699114096883608 0.145470019589582
-0.0504243055252459 -0.291404223102744 -0.272801492298302 0.493263717879174
-0.167632855900456 -0.187004577855909 0.0357076134738749 0.424635056914255
-0.20392073086408 -0.0418013560096662 0.142834835661148 0.104418157025568
-0.142527332300508 0.0665714436700076 0.0222606465498083 0.0227057575506242
-0.053744444112052 0.105048878364859 -0.0838561168854317 0.102777162142698
-0.0243102984893128 0.107267621523127 -0.0399160011316959 0.266939831303445
-0.00831008926190275 0.129511194473051 0.0990214721439504 0.312081687916901
0.0110236564338656 0.116738018273062 0.164632664132957 0.291895118437223
-0.0126359460452079 0.112888449771007 0.126957206297533 0.305546285907559
-0.0640860576631162 0.0818377251784008 0.0240666987131184 0.299222844232508
-0.0790973242343324 0.0314446997007296 -0.100016712728904 0.230377173656978
-0.100183795793703 -0.0278334583511122 -0.137397081082589 0.11193948593985
-0.0813840882674942 -0.0723257082890037 -0.10664660555916 0.00764561333744072
-0.0228652166447356 -0.131086228954739 -0.0122267614617938 0.0748591986065473
0.0336002151242693 -0.232736078994041 -0.0879019128179466 0.257709265800542
0.0823258478450672 0.00106756212700193 0.0248828232854795 -0.34841725099995
0.0241764052484377 -0.0615205128685654 -0.0546254112518495 -0.15905883335276
-0.0517187693485651 -0.0492325055869904 0.0528300976420447 0.00260251847499654
-0.0730943832508874 0.0277084955196147 0.118601918781738 -0.0640152158598341
-0.00169592081267338 0.0711749033757325 0.107117800507981 -0.194064299438335
0.0409048149297699 0.0357603577970875 0.00674585316961825 -0.293896173097429
0.0578624721716591 0.0199711124447004 -0.117958657968093 -0.312254411884305
0.0469097038495 0.0143932722997527 -0.164086047125779 -0.282734353841969
0.0467956026323449 0.0139568118009174 -0.114509960540997 -0.30355412429037
0.0260512995557818 0.0257940921061424 -0.00406198179310945 -0.258681657888511
-0.013436738906451 0.0339848035460856 0.0788181602945229 -0.131536617073304
-0.041191231294666 -0.00605440969572085 -0.0108331187891382 -0.0437439712630779
0.0122640921903204 -0.0442647864627289 -0.099603854545263 -0.111087905849072
0.0542677732387012 0.0172997258375139 -0.0290471033639408 -0.347078059235428
0.0417387745545866 0.0744951946202498 0.267587274360288 -0.469761969860661
0.116426654359466 -0.192041864967955 -0.0147157216864919 -0.30844646383407
-0.00993640616428469 -0.216569862061184 -0.0697536123414355 -0.13537063674526
-0.169548225590125 -0.14333001039237 0.049892847186533 0.0118769962599677
-0.213502126106729 0.0297106727713154 0.110582088804895 -0.0406758923561215
-0.079055927924436 0.159730701589674 0.109904522556179 -0.176672983460361
0.0257416180439071 0.144598792418639 0.0153588196326152 -0.263215731497213
0.0936850831092302 0.150682486292177 -0.094552452259375 -0.288400705765373
0.108220336631725 0.13955772478354 -0.139793114372403 -0.253108094796605
0.100763397043177 0.151076011226588 -0.0952760408868027 -0.272844887648993
0.0122599026895107 0.1622556550787 0.0137227418121258 -0.217169791377296
-0.0917750311840533 0.15387444461939 0.0800349597303514 -0.0936488736637996
-0.219924174702229 0.0323902160397866 -0.0341045393732941 -0.0148360144875322
-0.160415399341834 -0.133534836877851 -0.12340988388371 -0.113510845205938
0.000587420926189595 -0.170256056257215 -0.0519030331445227 -0.369924117821935
0.0920892565958797 -0.147592853484619 0.229587688100426 -0.486592154021304
0.129980632307415 -0.365054490929494 -0.0713286867365987 -0.218916093648806
-0.0582843979920237 -0.351614852751256 -0.0767090830277677 -0.0785987005438719
-0.283825545235227 -0.215628420835013 0.0620081427440641 0.0218286124018502
-0.336776049703959 0.0405819554020276 0.105999499952512 -0.0285035215374166
-0.143246876744567 0.237175571599993 0.0961185241294511 -0.156281071669926
0.0100687942674124 0.236772380401754 0.0151365911686358 -0.205413436402738
0.117552456244235 0.259516485909859 -0.0619825624933992 -0.22382502904776
0.151753850697073 0.24296670967076 -0.0925806961389729 -0.183871897618752
0.137401784414283 0.263818004388365 -0.0581605622830502 -0.197785368233162
-0.00549711111700615 0.274061708842338 0.0323769135006928 -0.136636375961548
-0.160043540596712 0.252718267655765 0.0677453946557892 -0.0292021601330098
-0.373186282089168 0.0655908600110689 -0.0653035471619942 0.0283043990568755
-0.314095872169439 -0.208838424109986 -0.151156541572994 -0.0987023199292436
-0.0519413560483942 -0.336728338422857 -0.0749852314595795 -0.350624587635082
0.131891691136511 -0.347502676116675 0.172979531090972 -0.436293126576217
0.119105362345466 -0.49440557864012 -0.13367979229635 -0.0887035824976925
-0.123701037681728 -0.452058770645613 -0.0685056889369145 0.0112300031720459
-0.389128793338013 -0.251100485629819 0.0885254884466675 0.0333551949561517
-0.430960995689593 0.0696985432540109 0.100420140638531 -0.0235580629014173
-0.184305798856444 0.301125435845533 0.0673987478481085 -0.125068808470669
-0.00147924534736218 0.302184118598452 0.00874451143719787 -0.119968228063101
0.125546741206607 0.332350048379307 -0.0215394464513796 -0.126015108327665
0.1715986577313 0.309282210120276 -0.031906136745772 -0.0872783686050275
0.152184769977593 0.333872481445666 -0.0103330103208584 -0.0935300666934228
-0.0248697384145656 0.340773322759917 0.0491115177853081 -0.0296064553516264
-0.207069815815381 0.310160541783696 0.0458348984297455 0.0526764691215387
-0.473541268013961 0.0863313197737451 -0.0957378032516304 0.0799346804026468
-0.418588567163354 -0.255304370331642 -0.171006907127076 -0.0663209727387427
-0.0921849058143198 -0.44929314761719 -0.0877877777633113 -0.286534926009158
0.15481627043718 -0.487335180589847 0.102222201365632 -0.325438118512613
0.0853115166855715 -0.562378002506743 -0.189452433552546 0.070710584322355
-0.190545610036563 -0.49412329741557 -0.0435337958527327 0.125427174197646
-0.459411004866805 -0.245127728977029 0.11938739100367 0.0481328769334338
-0.471305979787423 0.104584535656293 0.0888137618788857 -0.0170211255530997
-0.196168262262003 0.33250240659424 0.0283099987854036 -0.0752422088587944
-0.00778350290494346 0.32861871978726 -0.000824830953119634 -0.0140225835418629
0.117248236356013 0.35805892593501 0.020335121173669 -0.0077990548996558
0.166468311896629 0.327921043946045 0.0326923928916346 0.022198395020627
0.139078568213824 0.348945433017774 0.04117584810672 0.025808580268131
-0.0420878281634348 0.349276966457155 0.0608927724832544 0.0859686351186936
-0.22032257828189 0.309689388649665 0.0156922974997418 0.136922442434312
-0.487307389979096 0.0839515815689991 -0.11985613689819 0.126095475862183
-0.438913356806583 -0.26135391108673 -0.176191492467543 -0.0268539497110235
-0.107075193381253 -0.478584735228598 -0.0869068301597815 -0.188682089827343
0.153245951529265 -0.543327123552686 0.0331159438315111 -0.171811044394567
0.0370829414056581 -0.551191307761105 -0.228846507127448 0.238128344641303
-0.227509801435205 -0.458395989822456 -0.00795527552112674 0.243172727433934
-0.452731141856693 -0.199525250039632 0.140421252528522 0.0645896643609159
-0.430556187451634 0.120757359995091 0.0670538226168461 -0.00447590480228445
-0.1724953473898 0.308015120248067 -0.0139443241343976 -0.00890501002823169
-0.0128489865773457 0.301296358583315 -0.00940598604721182 0.0993993524422429
0.090710873069914 0.330529908195843 0.0606810176800525 0.114420108097617
0.134167700161155 0.297489749451853 0.0929074692155501 0.128398730998884
0.104299775169697 0.309775789173201 0.0870324995698074 0.139002999454925
-0.0566769990996843 0.297313738776634 0.0634233269012448 0.187534557808363
-0.197927326358325 0.245592641017461 -0.0198432114519224 0.201315901140659
-0.408252317855255 0.0529778906282184 -0.134716576025563 0.149877196978659
-0.365748739200551 -0.227116150835614 -0.162956994730678 0.00304199564035874
-0.0885336042239714 -0.41660181884836 -0.0682347943681478 -0.0829050593469444
0.129309953402261 -0.505809823963421 -0.0244753334056582 -0.00721538299118469
-0.0121557832574516 -0.450791490611804 -0.249203110552422 0.382272985301099
-0.215535073509515 -0.344479750263454 0.0250621071071544 0.342027146176189
-0.354005000977253 -0.125399111232941 0.144791118827886 0.0809540433398451
-0.309373092839114 0.10498275406227 0.0412867206161024 0.0104211957541746
-0.119126393948792 0.223409032338997 -0.0517766778267576 0.0551959074192014
-0.0166981064555134 0.22160769618324 -0.0179776319175507 0.196597979733077
0.0487703488812383 0.24803646839273 0.0910025808420848 0.221058946161274
0.0809268054337634 0.22110037333435 0.139800581998522 0.216711129246267
0.0514214258189083 0.225258308294045 0.119089395719263 0.229069328111108
-0.0632915394514495 0.199829955951714 0.0539931786669393 0.25555722610612
-0.14547290571223 0.141972620905433 -0.0556907327552512 0.230580170799809
-0.262299422736992 0.0090326038233077 -0.136432666276679 0.142408506607411
-0.227436812268121 -0.157477096728149 -0.136156180911053 0.0155114918001605
-0.0542880178964094 -0.285869770745891 -0.0409442456191374 0.00853366130051174
0.0842300107284324 -0.389875260758743 -0.0635977656639084 0.138769770418859
-0.055847127331575 -0.27764923621755 -0.250037607007512 0.477831045283354
-0.16517539267382 -0.17516020665614 0.0466147722040321 0.406085326370832
-0.194362144463286 -0.0318987721311337 0.139485287906838 0.0947882453421675
-0.135598934566054 0.0688802995248995 0.0221596631654069 0.0184422917944355
-0.0476533042946535 0.0990325086619537 -0.0797367292047781 0.0990814196081469
-0.0193897931439211 0.102345247096496 -0.0279836326156309 0.258211306995663
-0.00313964864992855 0.124426973539425 0.105338121808658 0.295042239407511
0.0144659698310629 0.110706796445805 0.164436119134031 0.27236071995095
-0.00813735064695547 0.10840943246924 0.131987346344456 0.28378816282374
-0.0590552388452899 0.0800740781971601 0.0353992969493771 0.282779734140996
-0.0749353352640817 0.0307138587819194 -0.0851939149242456 0.223262285618376
-0.0952591562436222 -0.0220952564344326 -0.125682791692837 0.112724071611787
-0.0778450172871991 -0.0649284415655963 -0.103641747554948 0.0155800852758823
-0.0263046631190106 -0.124443803354683 -0.0121905122884835 0.0735601501502797
0.0222382449721686 -0.22272828423623 -0.0770046475123405 0.247230533360195
0.0793703483635786 0.00146883852782024 0.0237920406315046 -0.332539929441
0.023188981634933 -0.0585682528692675 -0.0510254659950914 -0.154688685814645
-0.0523573245135968 -0.0476901711109377 0.0509396502050533 -0.00134546820339252
-0.071663966172002 0.0270277522333137 0.110795541945536 -0.063203852593869
-0.00109817100370058 0.0697479537918698 0.0992248563515758 -0.185567956990003
0.0387263414373751 0.0357790962728347 0.00134625898930504 -0.280585611610443
0.0563464913239 0.0193165337895598 -0.116960038228158 -0.297190418542225
0.0465902755762081 0.0146185394170049 -0.157767819288352 -0.269968664735468
0.0448856172612383 0.0130718243358074 -0.111974873502592 -0.289203323769645
0.0252641038019841 0.0246254127057846 -0.00565704697726698 -0.246804174297631
-0.0122989437360489 0.0334086342313063 0.0772959735296272 -0.125937019824454
-0.0398411103518055 -0.00576858110884244 -0.0103653346456293 -0.0387344116505638
0.0119573505176699 -0.0428361492824772 -0.0971312111667352 -0.104720531194965
0.0542703617339396 0.0166270112969146 -0.0297247056796838 -0.334090559092144
0.0413301901224914 0.0711696321430014 0.259374432543851 -0.451133144553125
0.112082284648961 -0.182446032128711 -0.0134623544723378 -0.293909970156459
-0.00889265089899831 -0.206434351662517 -0.0659304687840563 -0.131908550886346
-0.163770395545593 -0.136928685909571 0.0465316239230868 0.00776796781793699
-0.207304407373426 0.0293832764885987 0.103160266480736 -0.0400775034462735
-0.0746549455399749 0.154132588957633 0.10020393649462 -0.16886541655181
0.0251506611923399 0.140791259208006 0.010730713401997 -0.250307192480255
0.0927464319691835 0.144547786674729 -0.0947635508372121 -0.273102945942896
0.106567162775779 0.133565970303338 -0.133503227572207 -0.2407952552878
0.0980042476931925 0.143472651726244 -0.093029401641508 -0.258810324446054
0.0131296580958473 0.155921711357536 0.0127957345317833 -0.207024805444563
-0.0871754823963402 0.148905274766822 0.0778932087772612 -0.0890321192961567
-0.211997049029809 0.0332220637507501 -0.0323777065824271 -0.0104525537019284
-0.154873642508293 -0.128012492992403 -0.120886321176692 -0.108021371569419
0.00183053976646949 -0.164133450936709 -0.0503905139572908 -0.357127027157636
0.0890608188357415 -0.141488414579818 0.221921218077117 -0.468411195159407
0.126436787261345 -0.347970480811345 -0.0678048454944277 -0.208227833588943
-0.0555261692109724 -0.336727900227046 -0.071296461536154 -0.0769670639757254
-0.272039263309277 -0.20474060752951 0.0572225350991435 0.0172856355840828
-0.326281978146013 0.040410391851742 0.0980469714668087 -0.0277522067763211
-0.136323567011039 0.228436480636125 0.0866215683201248 -0.148908123493938
0.0104126962467457 0.229130264872221 0.0119119815472796 -0.194284186585248
0.116430838377873 0.248777354131842 -0.0627122761880401 -0.210538840932481
0.150196239734838 0.232570171155486 -0.0880978869639645 -0.174107268678764
0.134614049285838 0.250936165730613 -0.0568473355943336 -0.186930560841877
-0.00302475889499202 0.264774065306441 0.0322796160090378 -0.129698818706348
-0.153235334070152 0.243447319223521 0.0666379702810648 -0.0264671650769382
-0.360037923331162 0.0663591203847033 -0.0618501456782407 0.0318414763611491
-0.301914632366411 -0.19917691299669 -0.147474178187354 -0.0927216772689105
-0.0487293253680158 -0.324140592144887 -0.0724091200779613 -0.338397192907841
0.126050786312851 -0.331917340749659 0.166073794683037 -0.420501971367757
0.114717237883769 -0.472344762881572 -0.126941291385802 -0.0829038729388203
-0.119206445836165 -0.432746200146256 -0.0621375235984978 0.00946235574953766
-0.372730759233785 -0.23866132001672 0.0816516605849569 0.0288178531660851
-0.417478700436838 0.0693671018891388 0.0932231541247438 -0.0224095067483786
-0.176002466627299 0.287940521505982 0.0580797023007976 -0.119207839742076
-0.000946283740878368 0.291851748358909 0.00728079882080504 -0.112309350578417
0.125275120053043 0.318404179698777 -0.0239385165005515 -0.116925576297389
0.169859679683861 0.295609251012523 -0.0295809756706028 -0.0815538131336748
0.147479566759792 0.317143734835369 -0.00991045849020129 -0.0868500559499174
-0.0217689741480033 0.330003036769443 0.0500822294423939 -0.0274298550421008
-0.198005928049008 0.29906802507493 0.0463973098467553 0.0526077736074448
-0.455111064122877 0.0867473838535576 -0.0910911274631435 0.0822201158238737
-0.40248769460854 -0.244211414557637 -0.167153747271085 -0.060064408633797
-0.0888180243983584 -0.431773223561877 -0.0858635268268994 -0.275744227472022
0.146830658432925 -0.466558959702939 0.0992100936478638 -0.312489335762432
0.0824022205222543 -0.539436703358979 -0.181048119824251 0.0698238299289408
-0.182185432789241 -0.473244161660011 -0.0381926016599752 0.119147327403957
-0.439834891587873 -0.232368018884871 0.11182703556675 0.0434555979377264
-0.456385978355167 0.102202362474555 0.082651687606316 -0.0167170975663977
-0.18783408602258 0.317269904522654 0.0209453198656097 -0.0709918187396123
-0.00690007276555909 0.315591563639369 -0.000492085093418096 -0.0104858013795952
0.117431487845325 0.343616938619917 0.0180898972131423 -0.00409407124534793
0.164295872325482 0.313771912628103 0.0337579992461202 0.0227993197360743
0.137126905505325 0.332942517089002 0.0402050008739185 0.0261638420090901
-0.0384363095788234 0.337635818976586 0.0624679595155871 0.0832528535170505
-0.210770369260082 0.297921604911095 0.0180798404595249 0.133195512403933
-0.467977747530352 0.0848485496486166 -0.113855254991693 0.126091018267676
-0.421156616442735 -0.247947840517509 -0.171454273991798 -0.0214880491678993
-0.101914667878507 -0.459241047925953 -0.0851515420668632 -0.181397927258673
0.144912242378105 -0.518645702148521 0.0320201633729297 -0.166216839289692
0.0357621761463167 -0.526865160006339 -0.219414735034175 0.229743008631264
-0.218835279061492 -0.439663333667477 -0.00455943082753878 0.233126673380782
-0.43279968085872 -0.189640059825452 0.133261840322013 0.0604101950639249
-0.417047037210408 0.118436066515129 0.0627544141501601 -0.00549043807942214
-0.16389547500544 0.294021478605552 -0.019302812776493 -0.00868085524031527
-0.0112210119439895 0.28951382369501 -0.00736936530233511 0.0977350386608887
0.0925723152248783 0.316478723795927 0.0575534069842813 0.112117787243824
0.132868053560575 0.285089732215793 0.0908293645382798 0.124300511957496
0.102521173684359 0.294948354696575 0.0847938840959459 0.133540017693241
-0.0527327772668666 0.286899371890512 0.0658775701422419 0.17996469923309
-0.189853946541752 0.235679485729076 -0.0157599294395103 0.195517012806944
-0.391355959189763 0.0543834554200128 -0.127738942511224 0.148248827081057
-0.350655246829364 -0.215867020787964 -0.158395964406502 0.00820592169544284
-0.085735632732695 -0.399715450754592 -0.0676490964355254 -0.0788719753568684
0.120528733964005 -0.483844822780148 -0.0245794464848482 -0.00836818547138953
-0.0125472163633452 -0.432955105984598 -0.239883719859089 0.3673576378715
-0.207560666556557 -0.331593374202496 0.0259399466207314 0.328785951242354
-0.337216869576771 -0.117623160513873 0.138641859509148 0.0764740186666051
-0.298927649228718 0.10365353610864 0.0386582225091582 0.00822445544003605
-0.11336653454874 0.212259440082099 -0.0539702385950766 0.0528362757409216
-0.0138823191499161 0.212721169134162 -0.014742379889192 0.190319027195458
0.0505566206420834 0.238957109091726 0.0883056596614302 0.213650214023717
0.0805448466838207 0.211703902819353 0.134741276885737 0.207458841938803
0.0507282742417679 0.214675467014208 0.116210100898724 0.218431557981506
-0.0598028067395843 0.192572461807312 0.0567071682108969 0.243866611179055
-0.140194427081213 0.135279498865938 -0.049570046743852 0.222306551273586
-0.251216016284958 0.0117120722543055 -0.129606878548941 0.140095619571345
-0.217364131977282 -0.149456983336694 -0.132192300520959 0.0201628984196668
-0.0530014600961124 -0.273579144688453 -0.0405723085494112 0.00945369073738411
0.0774963467492308 -0.371695887896623 -0.0616066097942627 0.132117277859911
-0.054374427673001 -0.266740154318196 -0.241825688571827 0.459704554536659
-0.15859469180623 -0.168207898194443 0.0470066078738446 0.390554612799796
-0.185265849824345 -0.029462338636533 0.135348073052489 0.0904673476831966
-0.130977836167112 0.0675089290232426 0.0213786582001015 0.0143645866606561
-0.045003932110561 0.0924315869967357 -0.0792106531166205 0.0948497766787541
-0.0175118157492913 0.097653229711283 -0.0243478156055893 0.248871267088633
-0.0014436077175517 0.120225739137131 0.10380324166559 0.282799256138492
0.015323871849292 0.106216934344089 0.158977207822565 0.260978110798067
-0.00700009775024813 0.10399089070295 0.128867248602666 0.269351193642289
-0.0570011910829629 0.0776458674991999 0.0381681340415657 0.269072124802353
-0.0725881976065761 0.0279360573915907 -0.077396967957208 0.215234686677048
-0.0901394653387988 -0.0198229726636069 -0.118566108414579 0.110368919711526
-0.0733775583539012 -0.0612957011613366 -0.0996752671882546 0.0204552496797823
-0.0261278770192227 -0.118437770453475 -0.012456421056084 0.072348844495322
0.017476802094102 -0.2124684931365 -0.0738653221957901 0.236136411446449
0.0782098548415563 0.00310921612647508 0.0298674837638187 -0.32416383563085
0.0238334654251656 -0.0568645141160035 -0.0467869490370728 -0.153676128165504
-0.0527719344223542 -0.0472818158021298 0.0487810731535361 -0.00486775296367116
-0.0724492659708182 0.0262762420632276 0.106526936299102 -0.0625776727397825
-0.00055094502196628 0.069418984190628 0.0958587408193871 -0.179779479015748
0.0382409537479394 0.0373633666410328 -8.20900923565464E-05 -0.273038075169355
0.0559117693969521 0.0192808356604313 -0.114252704444395 -0.289918881404758
0.0469940753542793 0.0151936657458878 -0.152251620829588 -0.265382047554957
0.0441844887510358 0.0135100280062667 -0.107074356457525 -0.28288591889585
0.0246620476165493 0.0242485220999204 -0.00305942904582156 -0.240996610667867
-0.0122026873421288 0.0334966013419194 0.0791135156765 -0.122097573805354
-0.0396774141615374 -0.00645069561572475 -0.00913053190650192 -0.0347916314283273
0.0120679480643379 -0.0428235847901822 -0.0957237579972015 -0.102718548391053
0.0550493529217111 0.0162224149693833 -0.0267094215599704 -0.32811910045694
0.0418012471169688 0.07057115170395 0.262757881979853 -0.439391884910154
0.113363266115494 -0.176616245436294 -0.00765069516190701 -0.286468521570276
-0.0058846157811699 -0.201640694944305 -0.0608245222671684 -0.131808568976417
-0.160720913206619 -0.135568563378498 0.0435710580235717 0.00480463370673881
-0.206876837355566 0.0280393091296735 0.0986656816752912 -0.0387100631473092
-0.0742326421013497 0.150891772615172 0.0961111436012824 -0.162674565708432
0.0235367979975429 0.140315643724604 0.0102079944139599 -0.242745389136557
0.0915129314629078 0.142252383069549 -0.0924278636281928 -0.265355348253021
0.105979840886402 0.132119836388392 -0.127233809961293 -0.235972945590621
0.0954833241583544 0.141650167764641 -0.0880899874602575 -0.252100517283133
0.0118505231190779 0.153412747402167 0.0154755369686252 -0.201453922469105
-0.0869667470350774 0.145997023795387 0.0794424776835895 -0.0850869423235272
-0.208820120253905 0.0309432620841202 -0.0316855843896623 -0.00678865775190663
-0.150074993502248 -0.127572570548796 -0.119502488091167 -0.106104304588569
0.00584418644942342 -0.16128696383444 -0.0472535758672151 -0.35164617164416
0.0900047756056763 -0.136592279648969 0.226226152591222 -0.456460474535022
0.129655408776234 -0.33713935708681 -0.0617842075689405 -0.203143862097974
-0.048969893266361 -0.329040182884549 -0.0666244224942923 -0.0789113876054788
-0.263960971585325 -0.203650714135562 0.0529261374552477 0.0147141704616583
-0.324641865988437 0.0371501974063231 0.0931872312830565 -0.0257803900262464
-0.136205593538386 0.221792952229578 0.0814384703853012 -0.14338994564184
0.00808685960116368 0.226916974072611 0.0123441554252954 -0.187813098833398
0.114329297553826 0.245118302190498 -0.061069901991347 -0.202596272882759
0.148804843424118 0.229750027109827 -0.0825123513807117 -0.169835138674044
0.129358012306814 0.24643877198034 -0.0531790128319271 -0.18150852544055
-0.00484125453836495 0.260270382957214 0.0348262354920738 -0.125065731086406
-0.152166257766678 0.238315061571007 0.0672012786732595 -0.023317651069421
-0.353915645226461 0.0624639604525073 -0.0611723596374026 0.0347173680330038
-0.293939364520194 -0.198516532677545 -0.146082777366089 -0.0909205113907723
-0.0422727094887248 -0.320310982986393 -0.0678301038235451 -0.334409689466596
0.128457274277633 -0.323185919491177 0.170182195519557 -0.410418730531549
0.120608914125272 -0.459459761799988 -0.121865571856096 -0.0817420258394932
-0.110390857388225 -0.424760359754181 -0.0592130293341727 0.00588716124819063
-0.361673973854914 -0.23893706479936 0.0775090936149515 0.0269215096154695
-0.41597184951522 0.0658225294932347 0.0889034676853446 -0.0209641350433779
-0.176570389274957 0.278530767020701 0.0528762025027895 -0.113979426278855
-0.00314040293904722 0.287730967047914 0.00804914330494224 -0.107782809485181
0.122979777044347 0.313119139884413 -0.0233500650504788 -0.110157025679335
0.167726101200556 0.291429887204938 -0.0257483965000058 -0.0790103576210644
0.142349967836954 0.311414839314424 -0.0080820873134107 -0.0830326107999897
-0.0238017177029342 0.324052223301477 0.052043596694226 -0.0252688055214388
-0.197311402185833 0.292608395552282 0.0466431458682595 0.0539550064457123
-0.449058984417543 0.0829731470440447 -0.0892077743292936 0.0844284918990947
-0.391172606786632 -0.243015810280443 -0.165363096450553 -0.0582460073058671
-0.0795652807287672 -0.42539938692149 -0.0820877086336049 -0.272897293065165
0.149794853329364 -0.454079684050023 0.102348578732673 -0.30639709536985
0.0892035880518377 -0.524705479380277 -0.177485112473809 0.067097864646178
-0.171961370150706 -0.465978859816357 -0.0358245295289869 0.114673721846071
-0.42655549075422 -0.231883640946874 0.106951447574831 0.0418258265761137
-0.453062591346943 0.0977071120754817 0.0784783282520214 -0.0155216538175562
-0.187471037819385 0.306462772299347 0.0151492177513687 -0.068143491256031
-0.0101123314297627 0.310940696910522 0.000862602757905783 -0.008316709280691
0.115553737863889 0.337400299313341 0.0160455736584065 0.000799360191645629
0.161621091857977 0.309489104709571 0.0342476692733345 0.0243063233032386
0.131128760183942 0.325490049998288 0.0401283732791899 0.028002613675249
-0.0404268250802819 0.332373325635808 0.0638297537997032 0.0822230779772565
-0.2106135436678 0.290135192151626 0.0184763370850603 0.133378134496483
-0.461382136359003 0.081188711298449 -0.112245280940333 0.127409511609996
-0.409708172097547 -0.248100246812201 -0.169656023241021 -0.0191645756409089
-0.0939283559584712 -0.452321445983667 -0.0820215318397747 -0.179665374482899
0.148138913554691 -0.505129428901779 0.0331613085229127 -0.163581453458259
0.0431210795389095 -0.515595292358051 -0.21896818529114 0.222503046765285
-0.208360988385377 -0.434167637496495 -0.00440193885035931 0.227766128230206
-0.419081145281946 -0.190625471138084 0.128425056521379 0.0593339566867329
-0.413851493644938 0.114252716676356 0.0599763186539833 -0.00592441522832378
-0.164084470787744 0.283782933238478 -0.0245881817100506 -0.00796044776881525
-0.0129607839300107 0.283918779031773 -0.00659580450600253 0.0974874352199626
0.0903696396008626 0.311677528544193 0.0544808766854745 0.114206396014102
0.130178686653162 0.280351235633383 0.0892728241255074 0.123446973100489
0.0979626024499513 0.288576854641491 0.0825820095633731 0.132522464139469
-0.0544070565088237 0.28219814015743 0.0653205990747901 0.176623656414384
-0.189196072291611 0.228670012208712 -0.014850151780515 0.193580452718464
-0.384458377856533 0.0509377375657951 -0.125310538040507 0.147960509475854
-0.33884100417754 -0.215068065980582 -0.156915566012027 0.0103519856009847
-0.078098304768308 -0.392531727520558 -0.0668584056833212 -0.0773244426850593
0.123459353288397 -0.470815177202438 -0.0250048494063589 -0.00959748797755261
-0.00639573511529776 -0.423049808144876 -0.242018598106242 0.357313629566501
-0.199545655514112 -0.327146720634666 0.0247928175415428 0.322567015751201
-0.328023328641613 -0.11869239512704 0.135551004180237 0.075890984671163
-0.295901234430866 0.100822272048871 0.0370298747495956 0.0059315617563124
-0.113775670839318 0.204804063318333 -0.0588286570859538 0.050912814984553
-0.0162520935296 0.208058215839418 -0.0142794818286226 0.187961165962368
0.0494253414375164 0.235136526272991 0.0845486521315302 0.212263065239142
0.0790777597409601 0.20824198930254 0.131475100814069 0.205558596920654
0.0476490619820385 0.209720432581327 0.11255542194449 0.214714100305205
-0.0610681249966312 0.189402334311204 0.0563186007970657 0.238263376175
-0.139343358620077 0.129661398064348 -0.0482642896861509 0.219012726022953
-0.245806737983057 0.0104599626278342 -0.12630883627407 0.139132062958698
-0.209418290429424 -0.147649000470597 -0.130481576568952 0.023376041911598
-0.0489366920949139 -0.267776321755295 -0.0413795165848404 0.00970155105105304
0.0786979542013706 -0.361613374970982 -0.0634694497328566 0.12690278296949
-0.0510639816931867 -0.26370189753021 -0.245779530326533 0.446463854920373
-0.15472898740676 -0.167875573870483 0.0436151227791059 0.384578308114703
-0.179173723375393 -0.0302459615221236 0.13353438991591 0.0902094644258788
-0.129299735883088 0.0668666348378067 0.0203362020213188 0.0107353984831381
-0.0450501699314236 0.0880706710566103 -0.0823558259864428 0.0913427139783752
-0.0189136680390041 0.0944838055883638 -0.0242695206989676 0.245401853254386
-0.000755915290714733 0.118468143774148 0.0988950502901465 0.279273806341412
0.0138850526136584 0.104154979095995 0.153214360511026 0.257083244127589
-0.00824445870115254 0.101386358136636 0.124318537260805 0.263547271751204
-0.0571726877066015 0.0753893110654178 0.0371653771238419 0.261684111525389
-0.0724142205775236 0.0251270240073056 -0.0751377746246703 0.211097306852495
-0.0871653410982317 -0.0193648981078898 -0.115036030050489 0.109041672846143
-0.0694036752525575 -0.0599444214913611 -0.0985774582758996 0.0232018352808761
-0.0247472496178898 -0.115243777308079 -0.0138743939280548 0.071768696306056
0.0173368057571184 -0.207096119754236 -0.0778016519277611 0.228741810392227
0.0796683055541898 0.0043552055690194 0.034529487444194 -0.323823019680443
0.0253870016197376 -0.0569007958444424 -0.0457574809630485 -0.156338111504759
-0.0547576928342525 -0.0475882854501892 0.0476606966675198 -0.00831450636728038
-0.0752678772664521 0.0273081176978441 0.103759859622779 -0.0633977678396071
-0.000120459077493329 0.0713011260800567 0.0944480206854818 -0.179699151959899
0.0390441675003477 0.039637267011914 -0.00176509839603168 -0.2718704014044
0.0565525741949757 0.0203829440171543 -0.114309329676732 -0.288727118713134
0.0488968133518304 0.0154744345809219 -0.151045631818964 -0.266790594284168
0.0444460591384958 0.0141113642947753 -0.106403703181809 -0.284234430829575
0.0249135830491958 0.0246152603093485 -0.00144021366674775 -0.240294846638615
-0.0118405230461807 0.0343260195520122 0.0820130856916533 -0.121597040584651
-0.0407887495306303 -0.00654970297644382 -0.00791857940331028 -0.0314305392146538
0.0121224357836513 -0.0439749792164957 -0.097766050103664 -0.102738437054349
0.0578713830880867 0.0156061005856193 -0.0263814786195802 -0.330939979143664
0.0424471666110896 0.0713808389690567 0.272042829490663 -0.441826714698476
0.116996056047802 -0.174872761432632 -0.00276746648592536 -0.286416849836507
-0.0029403572835874 -0.202861360951765 -0.0588957211614827 -0.134857924599893
-0.161602440732289 -0.137634866412014 0.0412140774554111 0.00215927806222393
-0.212275477519383 0.0282362424486374 0.0957630767573198 -0.0382339728300073
-0.0754017166137464 0.152153496193972 0.0935620597481484 -0.161232353376081
0.0232113599726653 0.143023594787887 0.00929500638114782 -0.241508459446716
0.0931946234575426 0.143138627364229 -0.0928885032447013 -0.262748796102716
0.109200789862093 0.133365524761745 -0.125115934577931 -0.23718140089192
0.0956219254640605 0.142657466236858 -0.0868567467411089 -0.252719998137547
0.0117417329971737 0.155544553113615 0.0177613040461602 -0.201168428603278
-0.0880773385922032 0.147379141331236 0.0821553388466408 -0.0840601742243307
-0.211642267963472 0.0312884946628118 -0.0313019197015271 -0.00239072984221501
-0.150174696138045 -0.130229482739639 -0.121427896711165 -0.106269478142763
0.00942546475149704 -0.163160647258062 -0.0461258169044962 -0.356207616217364
0.092950553894679 -0.136600018218057 0.234228094362815 -0.459072375951995
0.135275972868187 -0.334972916265777 -0.0573625458536364 -0.203680805573915
-0.0447233431714427 -0.331008390720515 -0.0644640571342113 -0.0823448474208347
-0.264401597421978 -0.206551237571403 0.0504779681354818 0.0128160755828945
-0.330998549793686 0.0370040965935922 0.0902461990068936 -0.0252937740571714
-0.139542859476159 0.222156201406058 0.0777818242048048 -0.141144615055039
0.00701612780587113 0.230175020827497 0.0126936592101277 -0.186330427322486
0.117084934309852 0.246752234690134 -0.0612815072953019 -0.199361178155481
0.152036918272729 0.231240769498586 -0.080642973335556 -0.170502372955796
0.130280376191077 0.248699383427598 -0.0521019939296031 -0.181261281852914
-0.00612672847541964 0.263610967501195 0.0377045417656028 -0.124974888809223
-0.154294039387998 0.239480860681824 0.0703556162351612 -0.02119298999257
-0.358791094066902 0.0630457565495468 -0.0606087351021432 0.0397199505421375
-0.294479885777525 -0.203014995045222 -0.148103680781436 -0.0907310891894876
-0.038724409406262 -0.322080058045904 -0.0670135523969422 -0.339322600154135
0.132929723135975 -0.32363142063045 0.177043433380235 -0.413513181530293
0.12808846315567 -0.459785151615728 -0.120368378740686 -0.0822747732883692
-0.104383184688881 -0.428292398294981 -0.0561930034957138 0.00263998474178867
-0.362290174049463 -0.242403640530913 0.0753795357485932 0.0255339465849286
-0.423592731648184 0.0657907995250134 0.0864699697981263 -0.0205795051776597
-0.180293401153986 0.279116096981359 0.0478298169896686 -0.111790088335808
-0.00492277927113122 0.291525118828824 0.00895716483299774 -0.106147875316134
0.125789017329406 0.315923619517268 -0.0234774331898603 -0.105227020798276
0.171949809922629 0.294654248747422 -0.0226535126803089 -0.0788154043529796
0.142067448866133 0.31380025897996 -0.00652762779169413 -0.0812566367156626
-0.0252861334776009 0.328756050452028 0.0554223359989978 -0.0247111617913393
-0.200414697983121 0.293368940159089 0.0492264150048252 0.0574122799751512
-0.454780021566368 0.0823518480582673 -0.0892569281761785 0.0901054953417805
-0.392260263992974 -0.248101797346036 -0.167438920779677 -0.0568757354919667
-0.0745877204745308 -0.430246320011817 -0.0821988451546408 -0.277347789614098
0.154963372516542 -0.454263432821997 0.105943239745159 -0.308516100898961
0.0967161137038031 -0.526203184515991 -0.178542060528261 0.066283523683654
-0.168302332584903 -0.470756194987615 -0.0344109404438432 0.112245345590141
-0.426324367001976 -0.23792644462113 0.10598919259078 0.0411487871079278
-0.459964594964694 0.0986529709875079 0.0765315701731872 -0.0161418664326864
-0.191465784655455 0.306311373371976 0.00908371102371131 -0.0661525212958736
-0.0122474712625299 0.313844771601265 0.00193765213064 -0.00588238686487175
0.118451537215282 0.340115057473663 0.0162197937143243 0.00594110151620326
0.164896454096809 0.312193798803668 0.0366264706612807 0.0256104736731094
0.130398714310005 0.327143573913114 0.0414956388887138 0.0298701965668156
-0.0422466865250204 0.335350122295635 0.0668217525845719 0.0835456889729425
-0.215551374472901 0.290780688870285 0.0204890804807877 0.13724954169054
-0.46670256019778 0.0810584870200053 -0.112248653558188 0.132419400640214
-0.411172466627898 -0.253691445520751 -0.17182176228435 -0.0162818535553689
-0.0886286240144002 -0.456560799429668 -0.0838892276799378 -0.182406918358097
0.152935181394075 -0.507158696632663 0.0336315554598862 -0.165500200489045
0.0487357216240617 -0.517801657612346 -0.222290813611238 0.222843061835439
-0.206176207514226 -0.438395555566666 -0.00262117457674969 0.227301771334847
-0.41952743227921 -0.195218912332453 0.129495665797348 0.0590926770200354
-0.419467325312505 0.115726723238125 0.0581052789843992 -0.00746500256866584
-0.168271664754743 0.283126841947754 -0.0307867531691835 -0.00635292014480366
-0.0153734314298199 0.28664130157059 -0.00498848204955351 0.0994785727273652
0.093216062554658 0.314765399026356 0.0548974219569295 0.119330515349648
0.133401191896458 0.282980712774503 0.0911368241983941 0.126003550548486
0.0968838287355469 0.29008214745783 0.0838982472397529 0.134648606106248
-0.0564622211802481 0.284536851432365 0.0688598065786273 0.176944665463788
-0.193196305731564 0.228264581513954 -0.0132570913004562 0.197407476467606
-0.388150520809073 0.0507091331873391 -0.125478879427514 0.153000029282853
-0.338536058598524 -0.219233354521263 -0.158708726529525 0.014341131189332
-0.0754525921946215 -0.396459835548294 -0.0686112361166264 -0.0786435500521042
0.126400077971157 -0.470578591475836 -0.0272142772278235 -0.0112334356956346
-0.00208616461953574 -0.427205459488769 -0.248287079136576 0.357722815949956
-0.198912920891915 -0.331021935232437 0.0253216221021993 0.323973199002584
-0.327319180342919 -0.120883130647481 0.137150759369516 0.0760853628080228
-0.300622617532927 0.102794660548685 0.0363842429004093 0.00356160652207156
-0.116923165937042 0.202842552038291 -0.064845538182008 0.052140158162757
-0.0174975213226388 0.209359566309878 -0.0135394091108297 0.190472768361877
0.051038732294291 0.237253899756276 0.0846774147958278 0.217261974919388
0.0800735950655777 0.210309355172345 0.132417435368194 0.208313462857328
0.0460395996106253 0.210596121605858 0.112885686700031 0.216058228305153
-0.0633653114135459 0.190246290333862 0.058123828765087 0.239465214582161
-0.142442508515834 0.128796546460497 -0.0462527583417856 0.22140051874933
-0.246257662355272 0.0101930515587661 -0.126064429800801 0.142536890292615
-0.208341889014258 -0.149052527861384 -0.131807015629758 0.028022507626268
-0.0470220715182402 -0.269191943712669 -0.0435372383292915 0.00990798437745668
0.0795924530979529 -0.361873839241534 -0.0675401353598919 0.126080109995929
-0.0494441580069558 -0.266381556030763 -0.254246765205406 0.447601317119874
-0.15500094324265 -0.170052959539151 0.0440286194279646 0.388221055937964
-0.17902258332242 -0.031139199036798 0.137220832349938 0.0902000511867525
-0.130426255543236 0.0685375301852794 0.0201498859439839 0.00720702872615083
-0.0460787290895708 0.0862452311326398 -0.0878006331506335 0.0907958559631623
-0.0191285120113453 0.0939175827507486 -0.023836776201638 0.247329884927883
-0.000601421637838828 0.119922828149365 0.0994671405017901 0.282607728547303
0.0139854277994894 0.105507743858704 0.152912262278145 0.259715251592358
-0.00935864115454924 0.101773272238615 0.124608159328143 0.26400487040325
-0.0583357021847149 0.0758574871734013 0.0385414667780275 0.261257978990603
-0.0740529539989609 0.0234661753617274 -0.0738264314209722 0.212255799680233
-0.0859179982863236 -0.0204110890346795 -0.114660229372304 0.111014566720919
-0.0675759401442997 -0.0600089211668285 -0.0986308062020825 0.0276540574823889
-0.0245678018510527 -0.114133855148872 -0.0153088937878966 0.0730212649431296
0.0164799150256834 -0.206222262287871 -0.0823035705311952 0.227990394241385
0.0759590999229153 -0.0061719911532452 0.0203591042549975 -0.32360835723167
0.0174945266117605 -0.0603954586846524 -0.0519222555024209 -0.155092491293124
-0.0617837764513025 -0.0421859526654839 0.0501846398063393 -0.018465843193625
-0.0744454830938723 0.0357278553643852 0.0963881029024077 -0.0782657798578958
0.00640645431327585 0.0688251963602327 0.0751257396309731 -0.186504400033897
0.0398548876887272 0.0351792751940277 -0.0250624771168706 -0.269890876522542
0.0586966306314582 0.0127506844671588 -0.143476580270642 -0.278357966988057
0.0495085274402632 0.0116267445906 -0.174350761200403 -0.25822568397167
0.0473838007875635 0.0096493327808082 -0.131044882185763 -0.285781918239902
0.029657721840767 0.0230000697286114 -0.0187026881505434 -0.249575127619675
-0.0074007651697581 0.0374979341829717 0.0788862475077792 -0.132737787856002
-0.0419244571674741 -0.00266021648325468 -0.00795651281485177 -0.0292283680769012
0.00988386010322654 -0.0486745570167018 -0.110437212929972 -0.0953458867104278
0.0690225541198211 0.012937662557323 -0.0548600908712468 -0.347641821533945
0.0559672416907085 0.0752041469398128 0.261790255899525 -0.476783196337932
0.096009760431891 -0.186809014584095 -0.00264967195546243 -0.278710812989051
-0.0241442362622092 -0.202099185306349 -0.055040247130195 -0.133862617838663
-0.177396778314457 -0.120270063423415 0.0524486046688832 -0.0154455799988606
-0.21141030250073 0.0537974976228938 0.0926219490933313 -0.0625852199536292
-0.0617072828501328 0.156356545534738 0.0688897996510731 -0.172305250088324
0.0329752290522391 0.140949922017802 -0.0152701555528182 -0.241400408647682
0.110615838879691 0.133707566314188 -0.127103234048924 -0.256882023678296
0.12017378283212 0.125009183777415 -0.146129565035696 -0.228287346218762
0.111131238047893 0.133377819384852 -0.108153227285443 -0.253112297693453
0.0281666843399616 0.157127898549131 0.00446027185919953 -0.212723783894278
-0.0734028559033904 0.157711261237158 0.0811421245843439 -0.0960702928715443
-0.211651174582928 0.0525954596400133 -0.0253776360590066 -0.00136054095817958
-0.161932093337515 -0.121514399563374 -0.128299629820555 -0.0955446718553485
0.00538995447876955 -0.168592313216655 -0.0812433601079664 -0.36249182889103
0.0948560925870314 -0.144432745963314 0.211404093614107 -0.484684075739198
0.0975288766415743 -0.347646090114081 -0.0429726292606704 -0.190642753465514
-0.077885032555329 -0.32478844009736 -0.0486371460872017 -0.0826118701999672
-0.286101735992936 -0.178986686784605 0.0693349532331213 -0.0131377507411809
-0.328899279789714 0.0762539948633873 0.0894705587829044 -0.0582395700521755
-0.119300231948048 0.231765471610004 0.0486414131089814 -0.153997851883477
0.0247047772957056 0.229840135977923 -0.0119447813241528 -0.186872016645927
0.147100032616755 0.235931916136748 -0.0959946834604726 -0.197788442297208
0.171835989412571 0.220537241406545 -0.0950023595489284 -0.162060343280734
0.15648268905779 0.236804997773253 -0.0662246910578814 -0.182380913593074
0.0197950848741258 0.268824912123532 0.0306914526098292 -0.137553393341274
-0.132637235986275 0.255862816675078 0.0737734018528436 -0.0318911974948873
-0.358295984243144 0.100469726842922 -0.0484202609936926 0.0420399635061381
-0.314831303733968 -0.183063809694674 -0.148262378039533 -0.0750329082684985
-0.0574663246774842 -0.32965882584762 -0.105166517213154 -0.333622966429796
0.124054055914509 -0.342787163696944 0.143599671363362 -0.427077180345782
0.0815868193889508 -0.467467461973578 -0.0917277157553874 -0.0645135838994975
-0.146713548603015 -0.414396223232369 -0.0284712002627787 -0.00110336922078879
-0.386710552497132 -0.206072638611217 0.100124597845597 -0.0097638790178973
-0.417470481075742 0.114210203392231 0.0856969939418872 -0.0617407091405563
-0.156106395480203 0.293095070946178 0.0160792811038611 -0.124561873931568
0.0177576832100568 0.293113458502745 -0.0122443995338534 -0.107157058487999
0.165298305566594 0.305800517824741 -0.0543043429135234 -0.109631311816816
0.19711388597672 0.281583560784184 -0.030055521566384 -0.07194398687067
0.174721488085785 0.300752770138571 -0.0110027657011642 -0.0825817341019725
0.00597284005433848 0.336007211500289 0.0563600313756187 -0.0357876005192292
-0.176304480490051 0.312773945020414 0.0579518098941357 0.0505377119426075
-0.45232721541634 0.129037456716607 -0.0724097383177436 0.0939446468274722
-0.418533333975281 -0.220400692259483 -0.160105192007203 -0.0369719870460639
-0.104729750409043 -0.437910280669766 -0.117922614474517 -0.261100322380664
0.135672935977747 -0.482217580850801 0.0687983684409535 -0.308664779986878
0.0430008470487815 -0.528595706931372 -0.139708858423405 0.0870617845430507
-0.211177693705497 -0.450337264108445 0.00407367434704162 0.105013260083589
-0.449303336001546 -0.193879714832061 0.133286564201665 -0.00162142042038767
-0.45099524623829 0.154084515330171 0.0743703697555366 -0.0620530258674247
-0.1653220943349 0.322091097801876 -0.0223342173524998 -0.0762354531308679
0.0139361154887845 0.317539427941163 -0.0134772975372096 -0.00690721457665521
0.160432647638488 0.332094239714058 -0.00573143636023683 -0.00135337202342589
0.191806412038492 0.299731168861288 0.0384292117601196 0.0289807585868547
0.164048066529287 0.316194969903863 0.0474072954209549 0.0283664697102948
-0.0124493648006551 0.345276067129046 0.0765448987816958 0.0749725008510756
-0.190990805259564 0.310557818764599 0.0339924702726625 0.135046526993884
-0.465083133878593 0.127771444023981 -0.0919464518710594 0.140571060129418
-0.437232669462679 -0.223848652110338 -0.16008229609551 0.00552192221169028
-0.123979153907504 -0.464386872288846 -0.113177189906089 -0.158747546992669
0.128875695996562 -0.536014337796638 -0.00208335781508302 -0.153884300466674
-0.00296610873622283 -0.513764255175046 -0.178454588968534 0.243746668546107
-0.244631461156328 -0.414726470995279 0.0412819718176104 0.217951780125802
-0.437977607394551 -0.151483667974217 0.155975417882282 0.0145704710730803
-0.408370712751892 0.165060519123903 0.054941087315612 -0.049431108005538
-0.143901142743675 0.297457979386807 -0.0572232038631781 -0.0125009578336686
0.00954309298159916 0.290558638053876 -0.0115185271915065 0.100324439881523
0.132811453771522 0.308386594249054 0.044919402654054 0.109828551183244
0.15781168152341 0.273130495461237 0.101845076547789 0.126011825029461
0.125348849266989 0.282228398079593 0.0981706792468564 0.133256738764416
-0.0320448735388953 0.29434673814108 0.0857792207328147 0.172102948219068
-0.1764218042937 0.245308568714247 0.00431234399951801 0.200097694130524
-0.388584295934896 0.0881082057231347 -0.105991649695324 0.164895327487508
-0.361651408888197 -0.194624679482862 -0.146480501802786 0.0370968813617591
-0.104829122743609 -0.40283657340863 -0.0883625586412066 -0.0549808878953419
0.0984712712242198 -0.49729830180628 -0.0552716580143121 0.00879186771813149
-0.043705845650179 -0.417183244164096 -0.206046534097026 0.378017551758905
-0.22603132040604 -0.307664717089777 0.0697337576304797 0.314952516003963
-0.337517947175875 -0.0881540029808809 0.159929157950292 0.0381430668976503
-0.288514950184964 0.139039601944067 0.032372840373429 -0.0285169539424539
-0.0990240906820244 0.214087667647982 -0.0808013135381447 0.051341096985594
0.00193918836330823 0.213468118631238 -0.00941439977356768 0.192204103530835
0.0824636745842401 0.235937430855549 0.0889906877042671 0.206072352396371
0.099041469980665 0.204511966529386 0.149912314739903 0.205047156395674
0.066399038784917 0.207094740804162 0.134331040993979 0.214151021845784
-0.0482916781666824 0.198667210631465 0.0798289415147993 0.238511725196677
-0.134895549374448 0.139627450358271 -0.0274875583084248 0.230195617940803
-0.248148998546013 0.0324363117287257 -0.110388205607149 0.156034510681143
-0.222557309189002 -0.134418561895598 -0.123272985237902 0.0476518241406253
-0.0693829717753892 -0.273460384717443 -0.053009782314156 0.0292755644122793
0.0546582957114317 -0.38072038426556 -0.0842516819330491 0.149416344844332
-0.0733303546426334 -0.253327661865795 -0.219503887790895 0.464321252968147
-0.166036326967446 -0.151236570968628 0.0818877882499497 0.38173263133112
-0.179435378960549 -0.0128277898471309 0.152133802207534 0.0645221816639626
-0.120978279075552 0.0851125566528081 0.0165709039391239 -0.0103992837761552
-0.0389741993162918 0.0915514532113273 -0.092464942475349 0.0958209277779116
-0.00891206647959158 0.0977571348322283 -0.0102843241021071 0.250547281368803
0.0161266732312843 0.122566299182753 0.117464662556796 0.273102015678766
0.0239192328075788 0.105337317282084 0.175388429488724 0.253012074931498
-0.000838681209188931 0.103406573993202 0.149380457407972 0.261595618884466
-0.0548185749354473 0.0810233323740629 0.0606140694531691 0.264639324484434
-0.076676553913963 0.0274899241356126 -0.0561178259103507 0.224009079148095
-0.0880027566019767 -0.0146667393052179 -0.105444917376295 0.125239411849526
-0.0721757990701907 -0.0556689980037165 -0.0954493629863267 0.0425307691910038
-0.0356669646256932 -0.115021408800846 -0.014571079813067 0.084420707270359
-0.00158464528456789 -0.215880905773329 -0.0845716141819771 0.248629604144365
0.0782146551687316 -0.00937625379881958 0.00974569257023699 -0.32633735598164
0.0158703905194738 -0.0627684136785833 -0.0581265610421746 -0.154612286826795
-0.0663072743581649 -0.0392749358604858 0.0480269863530668 -0.0231411026234349
-0.0754641213182369 0.0419979768817083 0.0898025132865149 -0.0834194765358571
0.010447160550554 0.069782208816133 0.0640034407010964 -0.189626862818114
0.0435688038511564 0.0351091100851654 -0.0392918702259609 -0.268006316490024
0.0603783773718012 0.0105905286293037 -0.157381357264512 -0.270948978561342
0.0522722566904684 0.00899515750125199 -0.18684130027723 -0.252297296046397
0.0487802451660197 0.00777003167351002 -0.145322525555202 -0.281037592311087
0.03121994447047 0.0215670205202516 -0.0280121747750714 -0.249644052057656
-0.00506553721914209 0.0391086920760734 0.0764533548514737 -0.137048185577123
-0.0435451936389258 -0.000926133471127082 -0.00707728398828133 -0.0257031552660815
0.00698203418186526 -0.0512501703641862 -0.117161027626955 -0.0875884283592171
0.0713027555958422 0.00766572086857037 -0.0724988949350196 -0.348171103472158
0.0609604999187013 0.072665863194805 0.246333457522875 -0.49436022888961
0.091397640291537 -0.192428382443307 -0.0108591316024829 -0.280411390638219
-0.0312371203655504 -0.203840293872463 -0.0600649482955959 -0.134786938413939
-0.184814286734845 -0.113474878200603 0.0498544372513007 -0.0198563664416544
-0.212949200355072 0.0667037733846275 0.0867474866219335 -0.0662867597552315
-0.0552285766939595 0.161098769962679 0.058523849205174 -0.172880741387136
0.0415722139145197 0.142444881456963 -0.0271327649867436 -0.239549080391971
0.119060465063066 0.129320831387045 -0.138522801564442 -0.248316508484269
0.129667440247253 0.119343411230488 -0.155830395865341 -0.222935320303699
0.11961671697856 0.129202569993151 -0.120068109781907 -0.249905383276147
0.0364019853614653 0.157920079040266 -0.00323951030113156 -0.213846302589157
-0.067010033033147 0.163440189664065 0.0814100956942353 -0.0990359439011312
-0.212368565712572 0.0639879949518158 -0.0240934241148607 0.00418477946045083
-0.169392333314162 -0.117033669690236 -0.135447919181855 -0.0881852521412076
-0.000110159197676169 -0.171981806377018 -0.100072118775395 -0.362353960524358
0.0908060270152015 -0.150151937563482 0.195438275840384 -0.499444222238594
0.0874254146172327 -0.354668122334144 -0.0481042870736607 -0.189288008366665
-0.0899317064813835 -0.324689619155328 -0.0513020997039809 -0.0852633131575607
-0.296878224255817 -0.168849265656212 0.0666986422880597 -0.0181521477441355
-0.331752408134682 0.094803920910744 0.0842993219857101 -0.0612938939196751
-0.111359454435994 0.240382008110398 0.0387805359510338 -0.152647078196327
0.036149646514464 0.232833431703926 -0.0206600320699604 -0.185180600575526
0.161921462832714 0.230074091181917 -0.104063306417192 -0.189798042183636
0.187592422123678 0.212236060720059 -0.101041412070201 -0.159381175464488
0.170092514328177 0.231823264165566 -0.073010281641261 -0.179011557406224
0.0326953759590024 0.271568597650064 0.0273119183369899 -0.139218663606622
-0.123413294667411 0.265131720162198 0.0774462957583194 -0.0340038062343961
-0.35870584125975 0.119123220723341 -0.0448333237824012 0.0497481634994488
-0.325616291325599 -0.172214356187522 -0.154271647112145 -0.0664500305617269
-0.0700327147520949 -0.331390862348843 -0.123719221496224 -0.333801435858832
0.110088867629897 -0.351224570117289 0.127944037147451 -0.438010613563205
0.0645984874988732 -0.473912506682598 -0.0936417970973401 -0.0608314307273305
-0.162921857231394 -0.412133854984483 -0.0277550165294971 -0.00433326562664286
-0.398188944220977 -0.192219980405539 0.0979998285130665 -0.0166675486168731
-0.419497286689708 0.137752429670788 0.0802940753392423 -0.0654244429741293
-0.146165776592768 0.303478473962338 0.00617238395151198 -0.121228328910368
0.0319939885844931 0.296198820995057 -0.0167685542664185 -0.105709037760785
0.183240722277425 0.299359857912956 -0.0566388208034426 -0.102050815273894
0.215716640093196 0.273199034825183 -0.0303810929069775 -0.0714495211267507
0.191560428613825 0.296537973214468 -0.0124450043689426 -0.0815609293402812
0.0213915130869805 0.340255281903096 0.0581174605387308 -0.0389004035186278
-0.164181904724108 0.326031452232274 0.0653690354703099 0.0496839206399182
-0.452757020050814 0.154134541936968 -0.0652300440725814 0.103549247498423
-0.432928646526662 -0.204974230125653 -0.164058553341421 -0.0269878131163265
-0.121881575328865 -0.439891239639028 -0.133963530926339 -0.259311032482265
0.117565213329584 -0.49077507944309 0.055734466222267 -0.315996391199183
0.0249090394453825 -0.534699142545095 -0.13780585798239 0.0939217031328989
-0.231037287740453 -0.445740956978223 0.0104242645231232 0.10140550449538
-0.462199176337352 -0.176863962209008 0.134051012181413 -0.0107960367894559
-0.451287637947471 0.178074969128889 0.0694739475210339 -0.0655128906167102
-0.154870330038098 0.331837569253985 -0.0307224987762517 -0.0706145347543243
0.0276546121513222 0.320497169826591 -0.0123214069676127 -0.00516885540717139
0.180306062532709 0.326229150487931 -0.00262281235725988 0.00443451963518129
0.2121538102203 0.291816954564219 0.0429191197837768 0.0275277607992941
0.179854617153947 0.311855132467585 0.0510081382467134 0.0277244902701794
0.00415673545090938 0.350233687506063 0.0837550676545935 0.0710366744296042
-0.180588094170356 0.323699812003522 0.0454064381914756 0.136432363855769
-0.465509402887401 0.152057494335195 -0.0829523966665965 0.150943183407582
-0.451356705504855 -0.208454541851009 -0.161160949243808 0.0169159069023098
-0.142827162091265 -0.46400908758118 -0.124062341695616 -0.156005081217276
0.103984714584522 -0.545166958916757 -0.010151939396299 -0.155150485338251
-0.0226373866612019 -0.518323929349639 -0.171017770549074 0.25392663330815
-0.263887377881625 -0.408640148395735 0.0533796431398289 0.213849298268666
-0.445913056105536 -0.134006944358884 0.158366387221389 0.00423757570233439
-0.405440200998497 0.188460850044369 0.0498828049805632 -0.0539039573310756
-0.13407006279314 0.305384516117368 -0.0632690164640431 -0.00521846470966789
0.0227434086113349 0.29347428504675 -0.00551905256341512 0.102423959684512
0.151106920015269 0.303230954905347 0.0535002912017724 0.112894915445616
0.175492558571216 0.267143209796121 0.110599852800421 0.121997866136103
0.139048660441035 0.279645663993256 0.107514964124968 0.130039363041442
-0.018846671774548 0.29975817680561 0.0971604755896958 0.168635380861578
-0.169402957352106 0.256028688899472 0.0181550870763481 0.203763323293788
-0.388644077345988 0.108283473633938 -0.0960739296831999 0.174990439257703
-0.372504032594899 -0.180107814496732 -0.144558640345534 0.0477159399267025
-0.122317700205803 -0.401278528356806 -0.0941404562786863 -0.0516370674223485
0.0777403745899073 -0.504793671805826 -0.0585325084729924 0.0109558706059365
-0.0613654537561076 -0.418817831922466 -0.194587278093967 0.391786011088496
-0.24177701471468 -0.300814537007242 0.0866281817106244 0.311756673386059
-0.343380968640796 -0.0744076717462924 0.164800600353023 0.0273620472963917
-0.284313267515712 0.154845365556711 0.0286504015860139 -0.0332234556438931
-0.0922462250148425 0.21870538317977 -0.0840700522057286 0.0591030390605498
0.0109668554242634 0.215022091913931 0.000385000401055837 0.194576820100571
0.0958036577361572 0.233242951624754 0.101390795778973 0.206887660200502
0.111313105713305 0.201666725590863 0.161735170790435 0.19951507677772
0.0768980695313908 0.206127048706644 0.146911743168092 0.208748653286329
-0.0396643516374392 0.203741770955182 0.0936683716357346 0.23430324879896
-0.132523637795277 0.146439965416513 -0.0124612977030758 0.234615391368903
-0.247784125472732 0.0446013137026899 -0.101414728329454 0.165699413708824
-0.228902124085074 -0.125488216201573 -0.12045621147863 0.0571930523202637
-0.0802910247164728 -0.271885701185794 -0.0537025205192803 0.0320048642802097
0.0378995813807807 -0.383694466011514 -0.0818078152144821 0.153587109708388
-0.0866085136750065 -0.252250741338141 -0.205614200061986 0.479011742129711
-0.174453774704497 -0.144737585067564 0.10195466016983 0.379336402035186
-0.180308347418321 -0.00542848635946772 0.159836129421347 0.0540591396919091
-0.116999147453503 0.0917051913745844 0.0138322709116311 -0.0153086791896092
-0.0360407757784582 0.0925020611167792 -0.0930440266353704 0.102609956685017
-0.00559333273329603 0.0982391486061741 0.00195736069237881 0.253047176715717
0.0234877951433058 0.123016575238376 0.131782413139527 0.271024741716364
0.0295203711736935 0.105216245639801 0.189364076511139 0.247418967036307
0.0031739502497451 0.105331950505596 0.162799193199594 0.254978964559169
-0.0522499402408325 0.0853635432545712 0.0750805421002319 0.262137393620359
-0.0776140807323112 0.030425545766083 -0.0421725517377552 0.228379080026691
-0.0874957303562388 -0.0114499031880563 -0.0971463328015354 0.132593427892441
-0.0733905620172592 -0.0525762598889191 -0.0923088094878941 0.0510408120906224
-0.0404563262726015 -0.112649246700661 -0.0121441367978187 0.0862231396485099
-0.0127830770855901 -0.215320619177154 -0.0780637023521584 0.254422577815049
0.0778275644192104 -0.013408210550294 -0.00181397164679988 -0.320211778636015
0.0133733264502897 -0.0635414408525597 -0.0633098506529838 -0.149073776399365
-0.0689691655939178 -0.0345335467920554 0.0438522118682916 -0.0269844609388533
-0.0739668044215209 0.0480288135375417 0.0807635311101058 -0.0860538959576216
0.0142335551161409 0.0688053689681365 0.0512529751539962 -0.186339746762857
0.0462879578948018 0.0333392492262531 -0.0530463258986994 -0.258287088644391
0.0603712207441176 0.00764670206829996 -0.166927969872088 -0.254138342577313
0.0530645436149784 0.00523124373450827 -0.195204906375571 -0.237745610417906
0.0490138511824475 0.00435943187903468 -0.157046617133779 -0.267060026847814
0.0312508679772996 0.0193456557676915 -0.0383752065044086 -0.2428033827007
-0.00279868651730039 0.0394778760909898 0.07102843427126 -0.138453977733003
-0.0437772495223124 0.00173117902265597 -0.00652180229543057 -0.020865625962667
0.00275323898592929 -0.0523531290393563 -0.119618200862547 -0.0763702741484343
0.0711651224926263 0.00284839982438698 -0.0899210039410071 -0.336697929082715
0.064080667273743 0.0680412055818499 0.222448678622165 -0.498605139185667
0.0829350959209327 -0.193589351628217 -0.0211593714550218 -0.274327057481217
-0.0393407407510048 -0.199274192675231 -0.0647385482406151 -0.130391603517624
-0.188783249182474 -0.102173603358584 0.0458747983186539 -0.0232820273917501
-0.207567415089542 0.0799892720481959 0.0785706474495795 -0.068210438818209
-0.0460536118958044 0.162001392297889 0.0467756326855279 -0.168493685882567
0.0497066494973358 0.138807535820618 -0.0392063148186653 -0.231087432066065
0.125163693067727 0.120241626625611 -0.145871303034468 -0.232045620564053
0.135835211025657 0.108754879554499 -0.163249788059214 -0.210673678309955
0.125231172859297 0.120940728844525 -0.129574371577742 -0.237600185272995
0.0436631008584806 0.153660353551694 -0.0112466029107077 -0.208833638540426
-0.0574513845069702 0.164446147813526 0.0783332123802314 -0.100868099604871
-0.206769783017482 0.0747221910957014 -0.0206764502130796 0.00952156326056555
-0.172971319455099 -0.107793362819387 -0.13876241738101 -0.0761903098012259
-0.0071403991007412 -0.171033313899243 -0.119193735123779 -0.350714275207366
0.0827043518500193 -0.151869932438963 0.170469517422345 -0.502236141330969
0.0733211894700462 -0.352862346138026 -0.0540410648635095 -0.183137793224613
-0.101812612895517 -0.3155484540308 -0.0533034218854824 -0.0834452696847977
-0.30101066528872 -0.150926743477771 0.0622774341709507 -0.0232257078890537
-0.322728106561687 0.114551800471292 0.0766386667487953 -0.0627330302092214
-0.0983971391100461 0.242001757787121 0.027537558842402 -0.146390298416654
0.048980093390819 0.227754282368478 -0.0287673931889859 -0.178656499235753
0.171574531899534 0.216037052213025 -0.107280531515026 -0.176235783199692
0.198736605683983 0.197059025840273 -0.10505642171022 -0.15148015701988
0.180104238656918 0.218911824158653 -0.0792389615926504 -0.171055211661192
0.0474909773824308 0.265563566677555 0.0231415645061745 -0.138137818360072
-0.108209899806195 0.267500615328063 0.0783617418851925 -0.036215951392383
-0.346716389475925 0.137387491000979 -0.0385184106030641 0.0558018580587282
-0.329347236727432 -0.15401510981502 -0.156006567482924 -0.0549105498047679
-0.0829629195746548 -0.323207833672663 -0.140656064018981 -0.321722545535096
0.0922026524089064 -0.349453939555152 0.106274207557436 -0.437126694729742
0.0438054657173057 -0.468382806054694 -0.0930814849083649 -0.0550417239378209
-0.177513445962044 -0.397991438542201 -0.026464493744705 -0.00734691887382915
-0.401702693113005 -0.170095518233646 0.0936686014051357 -0.023891514341368
-0.407048275758304 0.160357555438273 0.0721228305574517 -0.0665266831067606
-0.131397766123113 0.304845687460046 -0.00271622823517696 -0.112430140747756
0.0472377701689238 0.29137540850965 -0.0202388406768298 -0.101114954548073
0.196998344339616 0.281730289838115 -0.0559503650520887 -0.0920630628575738
0.229960488717878 0.255402435330784 -0.031724794530631 -0.0688752307791305
0.204317669575096 0.281126248647697 -0.0144099008651057 -0.0780320656815331
0.0403027356852851 0.335407115569623 0.0584250258269226 -0.0418333542158239
-0.146162118978852 0.328790892225989 0.0718927532163002 0.0466843844268102
-0.438023238804555 0.177327924661681 -0.0548141514551305 0.109917997074021
-0.435732729703275 -0.181304486296101 -0.162659399934083 -0.0154211219336318
-0.140292342404201 -0.426823880494633 -0.147390188687122 -0.248544453748444
0.0919390175311018 -0.486385322486435 0.0393769002507626 -0.313170914492351
0.000867952506174932 -0.525608745134555 -0.129733737126521 0.0990795601465952
-0.245680675875619 -0.427928997897157 0.0154123277900394 0.0939303006792524
-0.463122405596964 -0.151927131792114 0.130421367248018 -0.0205583713255633
-0.435281743560212 0.201580532495181 0.0613581975214141 -0.0672002510174983
-0.13833238684976 0.333751578639773 -0.0363498456282559 -0.0608836181459717
0.0442986950195905 0.315007776624047 -0.010885593602659 -0.00321065268488439
0.195638941132442 0.308757845331712 0.00268496857600912 0.00945498527055522
0.227192346261393 0.274191558492483 0.0459731033510054 0.0241799974947921
0.194348792082455 0.297138738545531 0.0539513011070961 0.0253569451412492
0.0227480037167022 0.345502767507639 0.0887615002940831 0.0644104681442423
-0.162250929673181 0.328035392383512 0.0573219247673697 0.132463941061412
-0.448625820189103 0.176199970243012 -0.0693786371993849 0.156778472027923
-0.453184294937618 -0.182283192341176 -0.15636892187717 0.0281929025499464
-0.160132359015404 -0.450108894263925 -0.132631740693855 -0.147921507798317
0.0769577066873604 -0.539355950015698 -0.0193298473421868 -0.152098466214137
-0.0451660177034456 -0.50819279801518 -0.157037735504974 0.258261722686738
-0.277304439022217 -0.387916759760097 0.064412898400006 0.202421377921089
-0.446599484812418 -0.110845229908152 0.155749424806336 -0.00774613766432154
-0.389058605539029 0.20878208205432 0.0429523986089551 -0.0562003206071358
-0.1192585955808 0.306613825541423 -0.0651029212738917 0.00384693283626812
0.0365949497316227 0.287516941738448 0.00127903234018506 0.101101321432151
0.166491648013009 0.288773136502079 0.0622750930560709 0.11233462761057
0.189160150860562 0.251425777611264 0.116483130031665 0.114108254359954
0.151843847156866 0.268201890365736 0.114441319269007 0.121332043756544
-0.00234110719981946 0.296558967191059 0.106438896278647 0.159062860324732
-0.155314004083884 0.260637430150426 0.0339391928606236 0.199273458608929
-0.375342576298803 0.128402710329294 -0.0809342183903413 0.179842607655425
-0.37445444748285 -0.158842151049967 -0.138479623763039 0.0579992593432856
-0.13819219820448 -0.388414831796477 -0.0975770422525604 -0.0458899381235887
0.0514115433458465 -0.49729637596319 -0.05935360167291 0.0141736850353349
-0.0800307705087328 -0.408091765556874 -0.17474029857774 0.394066639038151
-0.251564777863521 -0.282559925215471 0.102264732617151 0.297905617109444
-0.340831382914069 -0.0575109694122958 0.164569116357287 0.0148177440561804
-0.270338412102903 0.16887058395891 0.0230829520265113 -0.0361426455168598
-0.0819826230354049 0.218650461618819 -0.0827630659016564 0.0663395107531591
0.020728821890179 0.210749287720793 0.0114440552061741 0.191060794963327
0.107217097751868 0.221759887964118 0.112527882663399 0.20052175894185
0.121684733794976 0.190955322337085 0.170389152881523 0.187692484986253
0.0850301170884395 0.199630785468259 0.155788768079255 0.196388378440345
-0.0285694712694504 0.203119804855436 0.105581687611548 0.222923170342716
-0.125046481866123 0.150502644700827 0.00420445041331427 0.230404277782005
-0.23981178418439 0.0566718499552171 -0.0867154576186224 0.170316811520697
-0.228439032157801 -0.111745071811864 -0.113270256932422 0.0663253992706263
-0.0902390187045805 -0.261447343083823 -0.0531381134201889 0.0343314155511528
0.0172359227184275 -0.375929967457335 -0.0765546664018622 0.155722953979299
-0.0984044493205685 -0.242769789653132 -0.18385101407774 0.481333982870125
-0.17919391341812 -0.133096993507303 0.121301381022253 0.365297766801305
-0.176356708793662 0.00253792550127001 0.160905544388492 0.0398359954812531
-0.108522286897457 0.0965457548831042 0.00970756658914319 -0.0189968972209917
-0.0321861648685914 0.0912022258702313 -0.0900906140083558 0.107121896780994
-0.00166751238873314 0.0961193882251235 0.0153819185038692 0.248249470868947
0.0297897759184119 0.118937988121893 0.145157329585472 0.261041543453222
0.035008083719186 0.101745717590901 0.198536963794286 0.233645481291716
0.00811640735227274 0.104354614383007 0.173530404907978 0.239682154905103
-0.0476255792762215 0.0868451975687865 0.0880746727924675 0.250501024021677
-0.0769383610661454 0.0333068154370044 -0.0259692111990756 0.225534848225099
-0.0843569396443783 -0.00758908918766842 -0.0848951007554541 0.136867878651843
-0.0723547391511356 -0.047653974420404 -0.0854611933883827 0.0590541274912416
-0.0444746645187168 -0.106944838011098 -0.00922108881204815 0.0853208747184361
-0.0250642877623912 -0.20749796281807 -0.0672321074263004 0.253777490814708
0.0764000753137373 -0.0162097272714631 -0.00786072473333152 -0.307472968436745
0.0111233437153294 -0.062732914315354 -0.0632056236326341 -0.141784787686309
-0.0691789574775069 -0.0299701071332778 0.0405201891601674 -0.0291707113321182
-0.0702983557184974 0.0519987648122869 0.0714378386026437 -0.085159771867139
0.0168128068425155 0.0668244791286411 0.0411773211429946 -0.178573168800074
0.0469431537983641 0.0307812097122602 -0.0595685209858703 -0.244041111559985
0.0593462549912012 0.00626393443645356 -0.167927052587492 -0.236921671873043
0.0520724878303855 0.00230538071624769 -0.195083253588769 -0.222266696536244
0.0480615251300721 0.0023772794494384 -0.159410381416493 -0.251221103468439
0.0308949914723282 0.0175696632558294 -0.0416583600920022 -0.231819474558252
-0.00139020734654866 0.0386937962828053 0.0673754641000959 -0.136074876423867
-0.0438185887424975 0.00330308057699279 -0.00428218702343713 -0.0163239835497089
-0.000675246418664786 -0.0516944148838274 -0.117336892133537 -0.0657122795705981
0.0696367049167414 -0.000880486124676777 -0.098006981932621 -0.320308654603549
0.0642547566522289 0.062851442408438 0.203974353697633 -0.487949773785558
0.0769918770712638 -0.189645802461901 -0.0249318903471747 -0.263563602498653
-0.0426307433094267 -0.192130504437352 -0.0642781130523452 -0.125334556092094
-0.186319524437326 -0.0923207187548036 0.0417647395193545 -0.0255009923953979
-0.198773815309832 0.0874457625115461 0.0708582147028372 -0.066468263556251
-0.0401936621258737 0.158662364939034 0.0380833079706389 -0.159422445123076
0.0532833162694609 0.132866685019013 -0.0445764359088839 -0.218840841417502
0.125433624230695 0.11104882954753 -0.144233122525764 -0.215771541905577
0.136788980521743 0.0984021612538354 -0.162016524221142 -0.198060720770698
0.125562855036821 0.112075681431267 -0.130580638396337 -0.223807637402336
0.0473656442230184 0.145925151174964 -0.0143855836352822 -0.200466638261731
-0.0503971158179843 0.161071568765016 0.0764845750316559 -0.0999053192615628
-0.197395789959964 0.080287227343118 -0.0166588442256681 0.0139965615053885
-0.171808068852988 -0.0996975112558258 -0.136098029995979 -0.0661211426556106
-0.0108103668657487 -0.164935957646283 -0.12663952642632 -0.33390100167993
0.0760122470524201 -0.148602929465555 0.152438541309846 -0.48918912473934
0.0638317270004084 -0.341715607130573 -0.0540039964580679 -0.175437026494205
-0.105824322020064 -0.30195998134612 -0.0536336679919493 -0.0818039708192107
-0.295940930703733 -0.136758373342675 0.0574210020321193 -0.0260918259780161
-0.308916654458897 0.123863145757032 0.0686542999322864 -0.0611489642711199
-0.0888982530210208 0.236695332781405 0.0217532727329386 -0.135122573896372
0.0553850644167105 0.218610786209377 -0.0326041469024579 -0.168975490002197
0.174185978626642 0.201354190081168 -0.104449983470499 -0.162459884858628
0.200106256105196 0.181074634408113 -0.103562078634109 -0.142939983161139
0.182062394572852 0.204660486482995 -0.0793823820374828 -0.161296500521354
0.0547192400742642 0.255040741673646 0.0210775853408546 -0.13391569396271
-0.0957676511295827 0.262114520326217 0.0795620660525228 -0.0372144369635575
-0.330268938215974 0.145385703674754 -0.0315926827366748 0.0587657405804214
-0.32319305850203 -0.139044726122967 -0.152281045881638 -0.0445974730340158
-0.0880955358653741 -0.310707876495619 -0.148167267120153 -0.305725699007378
0.0801710687775994 -0.33784125793183 0.0907946593742413 -0.426504465964146
0.0316396975949402 -0.454308562077716 -0.0894557721381654 -0.0499874469775984
-0.181154694242256 -0.378741411683302 -0.0257215239732338 -0.0105073091765803
-0.393140757054805 -0.152243811820416 0.0870398511125764 -0.0290721490507763
-0.387863359491743 0.170870972988555 0.0643207177568572 -0.0648345177129819
-0.119048763784688 0.299232167973019 -0.0062442941835395 -0.101509612607207
0.0552750758175169 0.279726099751095 -0.0216941563056713 -0.0954227470091737
0.200400286055597 0.263792882205077 -0.050791666299155 -0.0838228618457213
0.232165461464803 0.235104238357026 -0.0304716564025177 -0.0655227796434263
0.207081795946343 0.264749927245527 -0.0138043224486732 -0.0744751991539675
0.0495806523660791 0.321853184258949 0.0582933641746903 -0.0427719705992934
-0.132655212267619 0.323669440211731 0.0769084345957024 0.0429494759930408
-0.41701239075133 0.186458409128431 -0.0451146136858465 0.111360316894525
-0.425776845654186 -0.162343237758128 -0.157632218241374 -0.00643486343173986
-0.146256524749436 -0.408938888229021 -0.152783177895869 -0.234885975259773
0.0742504837198654 -0.470238961625198 0.0291177885899898 -0.302890937254085
-0.0107667194578378 -0.506515654263509 -0.122686427853796 0.0994217479732098
-0.247168952277591 -0.405750802991112 0.0178932038796485 0.0848244690879963
-0.451205230647156 -0.134470194806604 0.122646196338383 -0.0277271699136484
-0.41424500495668 0.21007524881613 0.0537871590207856 -0.0653653219686825
-0.125947312678826 0.327315378143278 -0.0374179580202875 -0.0507561081017555
0.0527210706967946 0.302065713445462 -0.00968221507459768 -0.00248106904768087
0.200084452820523 0.288326340718726 0.00858347816923427 0.0118249725737728
0.229878906509727 0.253882889915695 0.0479168738668142 0.0219650381405229
0.197802172026401 0.280749676464463 0.055326234376476 0.0229022131759989
0.0334183384205749 0.333687270472442 0.0904146385599129 0.0579659094079095
-0.148098811187435 0.322004050078168 0.0655039312762268 0.126083880611739
-0.427868790085085 0.185192853770029 -0.0567635082644544 0.157350384484524
-0.442197972949766 -0.16346441172235 -0.14963722671429 0.0353722439852145
-0.165933874158549 -0.430919462311953 -0.136132533391114 -0.138132015892529
0.0593561778038134 -0.519699884253561 -0.0247961059098887 -0.145449651902117
-0.0563291553184494 -0.488338318368175 -0.145617742846178 0.254352494538277
-0.277065514818639 -0.365726581697028 0.0675293846205984 0.188061746814841
-0.43369388701111 -0.0951406021865189 0.148677427018715 -0.017011823733354
-0.368828363048493 0.215414622137538 0.0367712184987653 -0.055756407700794
-0.107855587534729 0.298929230765525 -0.0643053193661238 0.0119541632554848
0.0442477523467838 0.276534957905238 0.00521275561398927 0.0971983481360607
0.170405127770664 0.269934374725428 0.0684407146909268 0.108839299096738
0.192709008475791 0.234468021529645 0.117731577688109 0.105886832988216
0.155206284730819 0.253699688687552 0.115503441539129 0.112692671422619
0.00697573875795468 0.286852356352543 0.109974653752372 0.147559882593218
-0.143813068449437 0.256483360382121 0.0445317440057645 0.191055830124065
-0.356502332829775 0.137581211032686 -0.0666495414185277 0.178471800887542
-0.365249174636712 -0.142150421280163 -0.129828213280903 0.0633190069715979
-0.141854164045371 -0.3697917822434 -0.0986880940304525 -0.0405222594010229
0.0356591479538775 -0.477714660063782 -0.0596949503435657 0.0162216343105485
-0.0890887985048477 -0.38980439227764 -0.159504760320716 0.385631473140866
-0.249487186463248 -0.264488913432556 0.1075401877278 0.279011497557313
-0.32963963878101 -0.046424492251357 0.158343600412785 0.00365234576971548
-0.254639883728356 0.17155885810876 0.017842044849667 -0.0370879570972691
-0.0743527060393016 0.212620315548477 -0.079423398708041 0.0704725984258917
0.0256194559427654 0.201841259017486 0.0174621273697183 0.183065203380727
0.111704025607017 0.208636608590029 0.118480278010369 0.191261743375465
0.124836815282321 0.179063152594321 0.170948232301163 0.17508408524135
0.0884932513314939 0.190446116010556 0.157096485425057 0.18261458534828
-0.0216472030724884 0.196871304971709 0.110621893989499 0.209044907175773
-0.117964333098771 0.149348776468271 0.0161331978348559 0.220692798422491
-0.228116725414641 0.0618964466763352 -0.0728859072243989 0.16919256697775
-0.221918246972209 -0.101707856255432 -0.104704490578258 0.0702456760087638
-0.092952066476531 -0.247871789815936 -0.0528228540705037 0.0351321644389637
0.00485669767887432 -0.359918148523272 -0.0722242192547777 0.152706043630143
-0.102710656908067 -0.229661402046827 -0.165569543075085 0.47085763002459
-0.176386589825243 -0.122225058612627 0.128139900356877 0.345035823932819
-0.168826887868985 0.00675875728947153 0.156477934543766 0.0278944002257869
-0.0996581538792634 0.0955753476965726 0.00533565484383168 -0.0215116622440819
-0.0298971978754427 0.0872198893633033 -0.0852055075231477 0.108903921772479
8.86407490807706E-06 0.0921550695951743 0.0221422998632239 0.238694910204488
0.0332495623008492 0.112534055684453 0.149582702700601 0.247203855247018
0.0376035372328045 0.0968323580702635 0.198959852398662 0.218111205031351
0.0111067667055928 0.100736713435404 0.174286388364972 0.222560136894256
-0.0435429684051891 0.085539958626052 0.0928101821719395 0.23522098016979
-0.0751755884624722 0.0343572032948662 -0.0134310750148171 0.216174770768586
-0.0800921681954952 -0.00602536826298094 -0.0730897744896506 0.135107174374656
-0.068592018617559 -0.043704789475433 -0.0773447010831424 0.0618011990226619
-0.045163429279687 -0.0996066970786786 -0.0077224221709608 0.0831015062705717
-0.0311062029356994 -0.196121888674159 -0.0615169221987876 0.246753670761324
0.0751920925103566 -0.0179443505998754 -0.00592240845374725 -0.297424131233156
0.0104524756107057 -0.062479754293018 -0.0594699711477865 -0.138433444577741
-0.0685212426153632 -0.0279004516542322 0.0375291714176201 -0.0308807632249762
-0.0681342738050516 0.0538650123144074 0.0650513741463003 -0.0821939040511413
0.0166561523278426 0.0651909304320756 0.0367572201202133 -0.170599463359665
0.0472378855747258 0.0299311500393557 -0.059835211094886 -0.232764865354566
0.0591941269271896 0.00580603628650549 -0.161810722090194 -0.226565575827805
0.0518729601167948 0.00125325691407715 -0.188809702079047 -0.214093460810147
0.047089029787182 0.0014243916226306 -0.154967824877546 -0.24166021508418
0.0296466845960447 0.0168096724406685 -0.0392201192172245 -0.224934006620622
-0.00017893068958218 0.038195982910716 0.0673237145281838 -0.133161477360731
-0.0435647661594993 0.00390990413711175 -0.000934496012897586 -0.0126763161043578
-0.00269660864482309 -0.0505150470035078 -0.113143887639462 -0.0595404596586967
0.0681117656610106 -0.00331130422710582 -0.097645576405614 -0.307565545882195
0.0633675079752823 0.059969105644023 0.199302785757988 -0.475438813738092
0.0760463123866 -0.185175615694418 -0.0216414868507641 -0.255084243186631
-0.0414451361587843 -0.186919410185269 -0.0613378962978664 -0.122730567559682
-0.182282285127337 -0.0874271635727717 0.0384148679662707 -0.0274340686622879
-0.191959783180371 0.089348692855114 0.0646993793532263 -0.0634941652271773
-0.0378543699958427 0.15493295130705 0.0353738389654989 -0.150445626830016
0.0542499790052337 0.128695807667598 -0.0439396889510149 -0.208897901722182
0.123915472629423 0.106213075406683 -0.137493841927557 -0.205969522949093
0.134848497985777 0.0926851659439221 -0.156111819152096 -0.191569524029999
0.123497978047453 0.107054864520379 -0.126381974801655 -0.215055247336709
0.0466250928704604 0.141830386234247 -0.011807805509608 -0.194459411096393
-0.0477106474127944 0.15757604841526 0.0775932492015046 -0.0979153090490911
-0.191492725411067 0.0803152502232565 -0.0123346708204634 0.0171760856820905
-0.168309727492203 -0.097065052621928 -0.13318736720688 -0.0596724171266299
-0.0096769338204938 -0.161861508485013 -0.126960641534969 -0.321497208059778
0.0744999915346566 -0.144006143624936 0.14823489951244 -0.477376629802798
0.0628838485530813 -0.331465344043395 -0.0505675620520528 -0.169321174864747
-0.10108850287776 -0.293451735731688 -0.0519184867069373 -0.0824951616883153
-0.288317406360976 -0.131049279607163 0.0532582593325828 -0.0278317592691771
-0.298259120805034 0.125743192554521 0.0637509008947494 -0.0574192664715218
-0.0861654187092257 0.231667023702771 0.0206361417957479 -0.126038024447718
0.0562803282478853 0.212271779886872 -0.0314063025671617 -0.162376756708604
0.171304026251053 0.19246359171619 -0.0969507115948327 -0.155468835812737
0.197819469062251 0.171262357709063 -0.0997017838930771 -0.13821256503885
0.179363975718885 0.19658791811962 -0.0754956161553281 -0.155425240287866
0.05483608976425 0.247441649452621 0.0227670775781229 -0.130631552611959
-0.0922069672168056 0.255951543193953 0.0821165476273969 -0.0368363519617689
-0.319878293907826 0.144766870551317 -0.0259700223430406 0.0607460450395845
-0.315150309966602 -0.134483984933668 -0.148145481685389 -0.0392380603390414
-0.0844564879471845 -0.301554200835896 -0.147191213011492 -0.29497903056955
0.0771562308196013 -0.327890376928051 0.0881849107542132 -0.413712692565185
0.0327717110879466 -0.439902971932014 -0.085089316320341 -0.0482939576791206
-0.173942478813449 -0.368175391392598 -0.0254276775591154 -0.0135196542710963
-0.381756004479505 -0.14571106495656 0.0816527338687953 -0.0314447974562332
-0.376160310496563 0.171591691906665 0.0597376343523638 -0.0613635909739061
-0.115760449185893 0.29187098429516 -0.0055405611029553 -0.0922943267442553
0.0560704974743254 0.271696548997296 -0.0202673736180765 -0.0914822437320274
0.196546824352461 0.252241390140392 -0.0440208777853098 -0.0786813517269319
0.230019923461935 0.223807726998112 -0.0272993246420501 -0.0638305943324767
0.203902495887211 0.254464514495968 -0.0112946338116086 -0.0718199350928045
0.050121694298439 0.311600439408998 0.0594566116273373 -0.0425140960028289
-0.126709100901725 0.315290977828639 0.0800938151526731 0.0405948805485466
-0.40324480514174 0.185380923470988 -0.0378674528916715 0.111408132659059
-0.41426478101696 -0.156753561962553 -0.152680759558759 -0.00198061854124531
-0.140861854338991 -0.395293190780412 -0.151637314914438 -0.226774333199458
0.0716377450165623 -0.454157834867117 0.0269489643490026 -0.2942176649495
-0.0107118044037484 -0.491539325130603 -0.117403266400086 0.0971035165959816
-0.239652621059933 -0.391854284831643 0.0166177010666673 0.0774962869269624
-0.438149389543256 -0.128486093373223 0.116006448318429 -0.0311729688453151
-0.400817525458475 0.208797860040724 0.0493386868509311 -0.0624816569250225
-0.122449685965818 0.318895764199917 -0.035817769362625 -0.0432547535613569
0.0528605853305404 0.293770410566441 -0.00782665801749618 -0.00218346587968389
0.196122829716343 0.275886105510738 0.0145923660795104 0.0131864227906046
0.227768868364085 0.242165862526793 0.0482438429299577 0.0204670440676258
0.194767321875914 0.270650055288288 0.0561774024869766 0.0216721687560254
0.0348580659132291 0.322641707401005 0.0910039596745993 0.054230166334044
-0.143334442790761 0.313756803795265 0.0704291769805713 0.120829108010479
-0.413101063848771 0.183333771562701 -0.0486241517539922 0.15562812112051
-0.430397726817455 -0.157097918385427 -0.143580983414414 0.0378214008567988
-0.15956745875359 -0.416695415401773 -0.135554578609735 -0.132387146819838
0.0556738619892969 -0.500253703212017 -0.0254293197876124 -0.140285922811504
-0.0542196414652683 -0.471029006425196 -0.140734520462158 0.247001175197899
-0.26888522803227 -0.353435653456961 0.064513132987484 0.177385449559523
-0.420791140903637 -0.0916641751089567 0.141454752458052 -0.0221185749316022
-0.355394332835209 0.213089804356148 0.0325137280716606 -0.05389088318108
-0.106028250224624 0.291299455510411 -0.0616414013185129 0.0170288422967614
0.0438694428927496 0.26804415357077 0.00665512702965194 0.0938597883545966
0.167384373194026 0.258414423697403 0.0725170332755217 0.106137671574228
0.19008175950085 0.223810494771163 0.116880525746543 0.101557184965035
0.153354814573207 0.245547383300543 0.114125861302156 0.10755978471694
0.00867445472856442 0.278326393041134 0.10948276352973 0.140179162153142
-0.139659545402373 0.251224738556336 0.0504496645799868 0.183281712044339
-0.344235730070175 0.135787522949362 -0.0583201369825293 0.175582105966024
-0.3528385085998 -0.137301286184782 -0.123975599713676 0.0649804782274333
-0.137863474109515 -0.358016440055429 -0.0988893949038543 -0.0374084534810648
0.0329050752115492 -0.460319654080372 -0.0602818853728567 0.0173137799045736
-0.08727882092412 -0.375947269492431 -0.154736066541936 0.37582776646201
-0.242605965219589 -0.255234414334195 0.10434152424571 0.266259819624173
-0.319656134614972 -0.0445472638373935 0.151994294435122 -0.00258844638792271
-0.244692686332155 0.168523258432623 0.0140527885847259 -0.0372973899121248
-0.0730303355734688 0.206474749748405 -0.0769870708000925 0.0727393164388549
0.0251368513453414 0.195541261079329 0.0187108563621626 0.176931856789552
0.110097776285579 0.199334384727816 0.120148711007743 0.185435979243565
0.12324994251137 0.171885107371662 0.168042435186873 0.168426856409496
0.0873920873775681 0.184142507839478 0.153429025206488 0.174631314063127
-0.0199603168525421 0.19170950065973 0.109225321686592 0.199497235431299
-0.115189931869243 0.146166980407403 0.0218508535549468 0.211723580094107
-0.218919844336885 0.0612144664850095 -0.0647623061891378 0.165304463606661
-0.213823298291559 -0.0981446480773264 -0.0989790839342113 0.0711679777097659
-0.0892299890626063 -0.238619814689946 -0.0537422380233089 0.0352548085707444
0.00409288937179605 -0.34374414785957 -0.0728814761258362 0.149499141706354
-0.101555307669037 -0.220525493805484 -0.162014645336807 0.458646686693218
-0.171481938834947 -0.116108110766356 0.125456403178446 0.329864094331659
-0.163347943290928 0.00605186508754274 0.15121678749802 0.0215625681351649
-0.0948892487061352 0.0921815241900306 0.00217390242600793 -0.0229840356645907
-0.0302947803418723 0.0835162704449085 -0.0844796106750843 0.107817033494916
-0.00100667639025966 0.0887739095252719 0.02313000744104 0.231268721682421
0.0330958314496016 0.107949548126411 0.148390266168222 0.238634849901225
0.0369680059944159 0.0931210027724764 0.19445854681648 0.209920071365043
0.0113441882067061 0.0985958935396675 0.169233380834021 0.212739993276454
-0.0427146078778431 0.0831962982043671 0.0915270335137501 0.224534555172861
-0.0747940057442617 0.0335964509827259 -0.00791918108572372 0.206958563202194
-0.0763412374829459 -0.00658003299385863 -0.065655496148392 0.131046840742726
-0.0649447018438228 -0.0425729635649681 -0.0721935977860367 0.0629548106110972
-0.0423240541226098 -0.0945138448135891 -0.00920173855253959 0.0810855866513552
-0.0314193746487671 -0.186532045004408 -0.0620828934788409 0.240144404078309
0.0689288483616521 -0.0327362171968956 -0.0528858665752199 -0.297749208018704
-0.00385572684679111 -0.0623726876136433 -0.0793503051159049 -0.132230170855717
-0.0712035259634316 -0.0127099021951636 0.0280028686006307 -0.0454507448233136
-0.0530067567965417 0.0654050482388211 0.0398669759174511 -0.0950262329346882
0.0270475507105053 0.0582309738064379 0.00212966558058965 -0.168419581355546
0.0490620950817719 0.0203723909498248 -0.0995742418958741 -0.213337191453064
0.0563973636412584 -0.00722839340731106 -0.194296720543864 -0.188683437131537
0.0492499054520459 -0.00876328143479124 -0.221486752909739 -0.176059676353083
0.0441409988143628 -0.00930530497777455 -0.197345081019641 -0.211703924979323
0.0316314955372925 0.00866233622614722 -0.0804867739090142 -0.21889296451999
0.00818992618910088 0.0351732945881817 0.0440069778887856 -0.14762161256363
-0.0421180671175808 0.0124368779324956 0.00110858116183125 -0.0110683939521754
-0.0138041469114953 -0.0493905870753492 -0.121338758385034 -0.0341079158471696
0.0682531992056477 -0.0220204263895402 -0.162706928184546 -0.28348084176971
0.0783340082829732 0.0409050421840555 0.109990034587405 -0.514248987766729
0.0419510348517887 -0.190090474331677 -0.0540556148032152 -0.258120751030016
-0.0743746455760615 -0.171134746212544 -0.0761451164485598 -0.122262073677965
-0.189257734937586 -0.0477992963477196 0.0275280627156323 -0.0517826821806012
-0.162312248835577 0.123955235347339 0.0374162628401668 -0.0840958900170163
-0.00912158259730948 0.154624395042359 -0.00149444877434836 -0.145857998841216
0.0728839478908887 0.113776262826797 -0.0835269722262936 -0.189664589052874
0.137063929426816 0.0746334787858641 -0.171722433608717 -0.166197303858092
0.144183355320698 0.0647788016844182 -0.185675396246168 -0.158772045921289
0.13534080402071 0.0785405727128824 -0.164619290826598 -0.192617506676096
0.0699013910785515 0.126140153669125 -0.0489468122135135 -0.196481360651381
-0.0173475825252301 0.155810810351571 0.059688624560127 -0.115296354232705
-0.169643928898251 0.110973353547275 -0.00440475239822933 0.0171663695539813
-0.17844986341555 -0.0642518312576564 -0.137127401782894 -0.0367249875335975
-0.0359298926076392 -0.160870700625173 -0.187055162474376 -0.286487177682266
0.0529235312881379 -0.159215127944588 0.0655177474766025 -0.494986657429348
0.00495288220896038 -0.324754501649519 -0.0617802272749026 -0.174041705270306
-0.149841865870589 -0.260114013565391 -0.0580557358752448 -0.0895465803997868
-0.2963503302095 -0.0699315619190921 0.0387666427150444 -0.0643315247449788
-0.255444854120578 0.179247327042903 0.031486831767763 -0.084681588885856
-0.0412224161166183 0.237713541580748 -0.0168570967397574 -0.118274676903884
0.0895658424443027 0.193900820491787 -0.0661830389282347 -0.143472564440659
0.199093278632925 0.146507244932817 -0.12779707545999 -0.118569554886125
0.217906364620202 0.129023692221581 -0.120380941140137 -0.117375432873025
0.20446699013257 0.155308942596643 -0.103249107458794 -0.143583018901379
0.0956517864061846 0.2266133161877 -0.0040196143153753 -0.140935876940571
-0.0436986811852228 0.257672179133398 0.0752970259113704 -0.0573566584649549
-0.280842391282646 0.195333686752644 -0.00856040366535122 0.0595263755449245
-0.324040711780744 -0.0745904794854422 -0.145977312082448 -0.0192279678121512
-0.13438895636074 -0.282537162207689 -0.195604732179302 -0.251886712159799
0.0206978557008277 -0.338052226495939 0.0216660435188029 -0.411854453439974
-0.0408901484087625 -0.421034514899669 -0.0720581335843861 -0.0505989472866717
-0.231281658674228 -0.317885338832946 -0.0198786173163258 -0.0307548558028206
-0.388252196156103 -0.0681493550366515 0.0627700348896633 -0.0800531763777144
-0.320850427104994 0.236392259470634 0.021359030450221 -0.0917116936608643
-0.0591077993692032 0.301160986458304 -0.0409226457135819 -0.0781252215065741
0.100208496960078 0.250962842484007 -0.0458503644706798 -0.0742452605059097
0.235644051876868 0.198262307753516 -0.0663058353184819 -0.0497119450722016
0.258169557035224 0.17399862106258 -0.0367381046445717 -0.0571446665280506
0.238357937289974 0.206390666170503 -0.0244425539526648 -0.0745180893155376
0.103680309498826 0.290632284631637 0.0482157109775164 -0.0618052639100874
-0.0677218617755399 0.320064184605032 0.0881117657053353 0.0195247053186884
-0.353114199269828 0.248438799261223 -0.0100401560841771 0.109787461079127
-0.422313609519415 -0.0775249991858659 -0.140057091425756 0.0139376546153557
-0.20575296274563 -0.362645663526099 -0.182120315063751 -0.180725359660785
-0.00838400218669835 -0.45859207953796 -0.0145661971449439 -0.27474802409783
-0.090376113608055 -0.459751701337822 -0.0785336507711132 0.0991473066303507
-0.298082465568058 -0.329191140148216 0.0372811031345192 0.0505196297575342
-0.437890546674832 -0.0419457080405048 0.0931133416673436 -0.0896744788813135
-0.335392354888681 0.277855380248486 0.00689739205217504 -0.0931735676225127
-0.0612783480477354 0.328726652142603 -0.0639220359039134 -0.0235064785373065
0.102152132253976 0.272712828247594 -0.0192417711824871 0.0127136146997838
0.239812968623155 0.221847225127509 0.00490356924559264 0.0306713586898548
0.25913300384391 0.192384233290429 0.0525791896660405 0.0116829089002286
0.233146840730902 0.224675971449762 0.0590798195370454 0.00593124612868697
0.089793451999508 0.305399738156846 0.0977624549956628 0.0290401695453782
-0.0842190847814013 0.323732716474831 0.0939798490297021 0.100718975148808
-0.362284424837782 0.248932959873834 -0.011779762839499 0.154127494608348
-0.437434222689526 -0.0744619781549149 -0.122583890680189 0.052551872047552
-0.230180208649361 -0.376975142016139 -0.14524198784814 -0.0882878310592567
-0.0331613589819942 -0.499392161977608 -0.0391255838692657 -0.108360352373192
-0.130300626181224 -0.432108132876414 -0.07794396471295 0.254571680657747
-0.316650530910594 -0.286716970915214 0.101303684024013 0.142243329359155
-0.413308663422554 -0.0101006435457007 0.11866128446869 -0.0830757747562426
-0.292908692199796 0.271285874906022 -0.00741184862326525 -0.0790744956548691
-0.0506192613382699 0.29968817761571 -0.0766530524479948 0.0405430421744544
0.0893966571364322 0.249439206091492 0.0124135128530357 0.103460083081549
0.210002289708041 0.211259503302771 0.0776259529884046 0.109487647663241
0.220884034501214 0.181565350932579 0.133478996393359 0.0789404404061199
0.189662313912927 0.208191295391168 0.132329388760153 0.0810344554762179
0.0560720966387743 0.267710222779131 0.132900953042853 0.112477683630619
-0.0918492134522458 0.262703356752002 0.0862966823853459 0.166938614672147
-0.306021742918643 0.190615352717741 -0.0175903324722605 0.177613577939433
-0.359884304469371 -0.0700502018220396 -0.0987287288230977 0.0784075916964335
-0.197626199666476 -0.32320329848303 -0.0924874934692955 -0.003340264125332
-0.0508570415951563 -0.452434085418108 -0.0466184200879603 0.0534795534405829
-0.144663131475192 -0.336655323063052 -0.0761864209494399 0.389985788228975
-0.273193451019147 -0.197640422771578 0.153607683605043 0.229060820903423
-0.309167682629226 0.0148518085676445 0.134828589696817 -0.0567258101515191
-0.197317521779598 0.20670597958343 -0.0162784743187706 -0.0530745831314716
-0.0334122813796005 0.212023821406979 -0.0774724689120486 0.0956730585420548
0.0588129240066465 0.18304392137776 0.04115011718083 0.180034754864892
0.144496609526506 0.166363932804584 0.139150941562774 0.173853366539962
0.14792689554659 0.143274967878527 0.195083278501673 0.135392253044886
0.11645715680236 0.162236281359955 0.183853912648069 0.141322689204162
0.0136282866054505 0.19008580848832 0.145238129019172 0.172592053453517
-0.0866360944398109 0.160004978344518 0.0642438247999378 0.201662299342676
-0.199917809785273 0.0967481918478365 -0.0263048691815413 0.171347441298794
-0.219728346479544 -0.0562116297621502 -0.0749814384938442 0.0847329485301671
-0.129622747421452 -0.213842219927359 -0.0374465267774571 0.0558556675473224
-0.059881841322701 -0.331472221183795 -0.0377270396407459 0.181200919731506
-0.132399508968462 -0.18666274960829 -0.0773739510312964 0.48075187441587
-0.180337479112735 -0.0779544011013512 0.183421612035019 0.29755447221153
-0.152085244455402 0.0343280911073054 0.143440390143299 -0.0207822562183161
-0.0710349906251296 0.104273557436376 -0.0158372866887545 -0.0294089076420849
-0.0148263596396912 0.0866764214777112 -0.0711297349417234 0.127154824493409
0.0157066423786727 0.0854595300737986 0.0587011027236479 0.228164817327087
0.054071037870082 0.0955446780161288 0.18008743324405 0.213447780086235
0.0522326961690496 0.0839510680200092 0.228109918240607 0.171308958954872
0.0285677774361435 0.0942885971340583 0.20650788950482 0.17766545895992
-0.0272340416486173 0.0900762449944657 0.133826970673155 0.203191393301322
-0.0676507794188581 0.0467767319766418 0.034237584297253 0.203061500067189
-0.0752964275418579 0.00540269158423615 -0.0341596905137603 0.141266369716789
-0.0682904467770727 -0.0299395925835869 -0.0534318234483521 0.0767168289195243
-0.0575540626195293 -0.0812276237078842 0.00995612480948443 0.0868631537422659
-0.0665078850158309 -0.170055618451673 -0.0143213535059409 0.260573581007328
0.0696003128779279 -0.0366830600394042 -0.0513692157621601 -0.30175338572426
-0.00520835357633057 -0.0649532874608071 -0.0790797111008268 -0.136545746456501
-0.0727899642290957 -0.0108945406986991 0.0250366474068147 -0.0480169722284204
-0.0527440057376904 0.0694611250423642 0.0357872587308279 -0.0942277327571542
0.0292124196171238 0.0594145403304963 -3.21698362879332E-05 -0.16707347637404
0.0514468187643626 0.0196880155687696 -0.101721079538414 -0.212008478164809
0.0586993005549215 -0.00871061161460662 -0.196714780906668 -0.188594451882935
0.0503819396621873 -0.010433253742186 -0.224856071891356 -0.177510928156155
0.0448839102530662 -0.0102809787444005 -0.200602082748379 -0.213354124529644
0.0324159872427039 0.00861661444420922 -0.0808531178239234 -0.222875390709282
0.00938876874701419 0.0357883379988425 0.0459312216728633 -0.15136793671048
-0.0439499597904585 0.013755608612706 0.00563464465316182 -0.0096455520711794
-0.0164643063946367 -0.0501156330936893 -0.12076852860326 -0.0306020477835188
0.0689162693328748 -0.024566070744068 -0.165989066404223 -0.283629014364344
0.0798723822121004 0.0403010695769023 0.11261945612057 -0.524559849279276
0.0432846614852542 -0.195144671050277 -0.0516905827900305 -0.26230860239179
-0.0757294959675764 -0.174353602901448 -0.0771845304187971 -0.126990112243629
-0.192773199479419 -0.0463350682784864 0.0242838854181418 -0.0546757936019577
-0.162546542335909 0.130069406903463 0.0341532597622288 -0.0829974845106913
-0.00707205245506758 0.158307103260586 -0.00179104076955874 -0.144503592062227
0.0760404512922418 0.114775375343053 -0.0846935598825869 -0.189272032860891
0.140412977157539 0.0731614095676614 -0.171787073433826 -0.167625721702215
0.147852760158924 0.0620534786881734 -0.187256089654899 -0.161380372410771
0.138342385821967 0.0772533163686751 -0.166260929128231 -0.194644586050513
0.0716664769855474 0.127594289092982 -0.0485876774234019 -0.200663145395979
-0.0155240246326264 0.159059263019886 0.0633496800288319 -0.119828403146058
-0.17139515410722 0.115386806041087 -0.000237013469687911 0.018606234847234
-0.18277656808971 -0.0642881562799005 -0.13870279397434 -0.0332553110922461
-0.0360151703363633 -0.16531248362973 -0.192149626549195 -0.287706735665817
0.0540619511893044 -0.161845846288073 0.0663480286812062 -0.505681112920171
0.00533710209879151 -0.331258999678127 -0.0593206290240308 -0.176164466340655
-0.152197326355662 -0.264323635899711 -0.0598896764855465 -0.0934077321664478
-0.301660613301503 -0.0682736821639209 0.0347393806621288 -0.0676555894269894
-0.25702086877759 0.186111317906447 0.0290602170631504 -0.0835797711399108
-0.0400962633238209 0.243584454330071 -0.0163033290342853 -0.115989078925162
0.0928299706480925 0.19599057683608 -0.066880294680249 -0.143702505947967
0.203284852703915 0.14585679317955 -0.125418869276378 -0.120234357361527
0.222843091298134 0.126257649228733 -0.119982482303267 -0.1198583654904
0.209663613891768 0.154135953452142 -0.103475488680627 -0.146284967953163
0.0985576324382083 0.229874207491291 -0.00184747489846068 -0.14564898802132
-0.0421618642966914 0.262599815742493 0.0803308435218375 -0.0615374838803997
-0.283039401382295 0.202271065533616 -0.00292242376716335 0.0612348743549556
-0.330677345892121 -0.0746427829163999 -0.146878427710463 -0.0149246015327474
-0.135770586904496 -0.288150397363727 -0.201941311614953 -0.252514577573221
0.0220941212985771 -0.341197796705791 0.0203111182579116 -0.419257232131999
-0.0411282578121291 -0.426394818375116 -0.0696995322080173 -0.0512977547976856
-0.233767581327527 -0.321926352496343 -0.0220106912005293 -0.0343976749286327
-0.395501144965019 -0.0666915488520654 0.0587671642542613 -0.0841000187422345
-0.321963587189092 0.245068049377068 0.018580687366045 -0.0915717033066088
-0.0584683860122602 0.30874558798109 -0.0397253287660489 -0.07567828709451
0.103760643928914 0.254865510020676 -0.0458043828743146 -0.0739129710759038
0.239742065373655 0.197179081932265 -0.0619047262725341 -0.0514119345372264
0.264384189668938 0.171089355167652 -0.0348367668372783 -0.059599733564606
0.24516985727021 0.206214577066268 -0.0225685345331109 -0.0760955966931991
0.107236353030555 0.295849827854744 0.0515998337429242 -0.065819197890477
-0.0663648535131468 0.326766208287179 0.0942240453959173 0.0155165770121191
-0.354910441230092 0.25539268454299 -0.00395697141490733 0.110981928377834
-0.430486278104525 -0.0775711671235223 -0.140509592246062 0.0188554985226991
-0.208223186782264 -0.367843018445767 -0.18830829642225 -0.179959840963771
-0.00831178525082093 -0.4644159069483 -0.0172465239197354 -0.278196824581484
-0.0912559174175586 -0.46667112446664 -0.0776766657235543 0.101184259420326
-0.301275643763148 -0.333147431269165 0.0356159277571011 0.0475815724061303
-0.445666860516363 -0.0405043171642573 0.0896301044793198 -0.0943991834450167
-0.338798926833728 0.285222976992772 0.00362237767995031 -0.0932358853297951
-0.0604997814757778 0.336173904667409 -0.0626179109443969 -0.0204528635970849
0.104676581011199 0.27697311337471 -0.0189142076430774 0.0130893134822926
0.244357311498065 0.220952901869919 0.0106381275839918 0.0293540777170442
0.265305422505472 0.189251160166728 0.0558883781541455 0.0102140611376348
0.239041314828248 0.224431477279866 0.0622495784026219 0.0045105006768696
0.0930789512225984 0.310267026837149 0.102154563239705 0.0258871024008991
-0.0839332294353131 0.330601813619547 0.100869570811166 0.0971914320145035
-0.366276981280218 0.257029955695964 -0.00433951414976296 0.155822532240547
-0.444403107863702 -0.07528084954509 -0.12140348709312 0.0567637094854282
-0.233609886221151 -0.382362027724053 -0.150450291095534 -0.0867173935893093
-0.0335193533039049 -0.504087000712455 -0.0418496323425356 -0.10828909540765
-0.130332425986112 -0.436390483741697 -0.0783287593381653 0.258815752150717
-0.320249628991545 -0.288831154668506 0.100381667326756 0.140692059902034
-0.420609397664109 -0.0094178888837157 0.115554713029266 -0.0881188157694576
-0.294172300057322 0.277681913298012 -0.0111640269649449 -0.0800217580630073
-0.0502858302531736 0.30618822986679 -0.0761538160095966 0.0441630872453738
0.0908773337331112 0.253554539295182 0.0133220500873049 0.105084434660955
0.213515769392283 0.210474625866119 0.0845897824909892 0.108901378547889
0.226163244532778 0.179707184882266 0.137742643187925 0.0780163901344648
0.194521470608087 0.209387100056727 0.136650799612924 0.0801503826317853
0.0591348620934727 0.271875160900688 0.137808882485301 0.110065510634873
-0.0922756202442636 0.26953950887443 0.0938065018198896 0.164492902585107
-0.308065907908509 0.19513428920838 -0.0102855902557205 0.179418986067917
-0.365618253171192 -0.0702853319393652 -0.096678629969786 0.0824491379405915
-0.199566182795426 -0.327032283917244 -0.0967768663332108 -0.000616896176538657
-0.0504233190587647 -0.454153895119998 -0.0489013629163569 0.056333076898294
-0.146031369232841 -0.338646387051966 -0.0772938364719847 0.396178395955617
-0.275639247395252 -0.197538895237887 0.154222834369982 0.228704742136771
-0.313895361044109 0.0167277233414752 0.132931358302097 -0.0627720984219075
-0.198222991321132 0.210679605991769 -0.0198281386836206 -0.0542323216978018
-0.0347869383422212 0.21617749988003 -0.0781086370980688 0.0999669660722938
0.059721805476754 0.186597909813587 0.0426657471108665 0.18268170852515
0.146518809021873 0.166319787314852 0.146349439488117 0.173908662565133
0.151451838744877 0.142582923374676 0.200476622886888 0.135404108717436
0.119746556124745 0.164045977946424 0.187562971339916 0.140230862991697
0.0138545416372873 0.19363407455973 0.149531992126701 0.171553520757047
-0.0882358108889236 0.164403669070224 0.0709539959944311 0.19958111753887
-0.201090074668434 0.0983683190918948 -0.0197214784717847 0.172136941793563
-0.222598386366162 -0.0567348240567568 -0.0716154688744751 0.0887751276652404
-0.12957970263507 -0.215672107209384 -0.0403094617882196 0.059284062558378
-0.0609521767276637 -0.332736111036267 -0.0406231489875295 0.18715310730683
-0.134136689784642 -0.1860938602993 -0.0779859364180757 0.488888483728435
-0.181800457699135 -0.0773151521267217 0.185933138656505 0.29803232514538
-0.15430874547392 0.0348039523029549 0.142487430300828 -0.0260906552003759
-0.0708047833932024 0.105051481637218 -0.0192769260842924 -0.0310156297127986
-0.0161928936920485 0.0877002719240592 -0.0730885788462728 0.131395425962287
0.0147796663420325 0.0868573155843613 0.0609642433421172 0.2318301160955
0.0547501728086244 0.0956282203488577 0.186228549104365 0.214863978782076
0.0536832933104606 0.0840029093909525 0.232881677516836 0.172043028325331
0.030254726952509 0.0960460416103857 0.208507723820833 0.176784529893727
-0.0278687011481527 0.0924504962987165 0.136565685044475 0.202915314917681
-0.0692541104251186 0.0486893449035752 0.0385005703285612 0.201541409338166
-0.0754628284273253 0.00394347964836622 -0.0288746135050491 0.141112351018887
-0.068239673519618 -0.0306777250778425 -0.0493344590454963 0.079609900331671
-0.0573330825020782 -0.0808774770064003 0.0080878328298283 0.0896766483025304
-0.0670034733708629 -0.16934252033013 -0.016744810675613 0.267250529183317
0.0685468840336232 -0.042344514683091 -0.0580472503595021 -0.305722877550036
-0.00957222309262223 -0.0668738546664815 -0.0839567614521879 -0.139274041847738
-0.0752944324376631 -0.00739657418267934 0.0201091945560485 -0.0518217330191059
-0.0494226327139641 0.0749906359335357 0.0291565687361146 -0.094353670076457
0.0334098153311779 0.0606112857300232 -0.00712370564725823 -0.166647564966795
0.0545007236851434 0.017982338849815 -0.109882919736156 -0.208815656494579
0.0603002779829956 -0.0121465007287181 -0.205791452655824 -0.183370511469565
0.0516550353180184 -0.0135923165264486 -0.235076329931633 -0.173368250043824
0.0455554849910457 -0.0131453712493087 -0.211408393511707 -0.210322570143447
0.0331632867183193 0.00754895171490979 -0.0882516947718079 -0.225442557322264
0.0117048070649916 0.0362298508474098 0.0434934539828427 -0.158415550695973
-0.0449347524137495 0.0173415213421109 0.00967641262495726 -0.00823076152690205
-0.0201728875099302 -0.0500436315648637 -0.122416075461311 -0.0233641907164672
0.0690080495116748 -0.0292898267467789 -0.177939420522173 -0.279828778328817
0.0832055470824257 0.0376950478202699 0.0976100718458363 -0.542295468179033
0.037196942471206 -0.202597335921615 -0.0565092597422562 -0.267024972052159
-0.0830405005973558 -0.175227431371212 -0.0823484653829269 -0.129850709621773
-0.198207922496138 -0.0384991994031361 0.01859792035689 -0.0577502007977573
-0.159553281994278 0.140277522252268 0.0287840596145053 -0.0823952629514404
-0.000231339302191221 0.163165953118842 -0.00614488497533419 -0.14389568779859
0.0834208410899997 0.113970160442728 -0.0919516480305036 -0.187023704410349
0.146118866905686 0.0679083673541626 -0.177286926681421 -0.164223550059866
0.153762441802857 0.0551920910573195 -0.194938301006706 -0.159367446203246
0.14467290798416 0.0722687510104311 -0.174489275981082 -0.192235521972787
0.0780074370199982 0.127771370933259 -0.0537441984954672 -0.205600972598113
-0.00959814248373496 0.162706284253885 0.0629953524163239 -0.127085568667301
-0.170622315260124 0.125165730801412 0.00502211562741364 0.0199455911814304
-0.190022567758678 -0.0590367560749153 -0.141185095432442 -0.0251157453563463
-0.0415650584598441 -0.168826237705682 -0.206629330387919 -0.283281763349549
0.0506407693157529 -0.166511699242245 0.0506156395047691 -0.519979926911372
-0.00428374158770361 -0.339095818967382 -0.0622912850777371 -0.178697844656255
-0.162437476261776 -0.264403773483804 -0.0649921854387964 -0.0962349771708575
-0.309771360869394 -0.0570425394887691 0.0287651735940277 -0.0719687719197018
-0.253573444174503 0.201698559083395 0.0235484305596352 -0.0827374992475647
-0.0306019658952521 0.251648974026288 -0.0189746448761553 -0.114359164095849
0.102801811844799 0.196276718611051 -0.0719590161841184 -0.141978151958293
0.212348972753541 0.139323351401624 -0.127548082208905 -0.118778497784125
0.23256236545941 0.116734510757671 -0.12458641786075 -0.119820539367609
0.21984238673182 0.147512296705743 -0.108443424744774 -0.145858405031836
0.10936460348255 0.231246433632468 -0.00412751179215461 -0.151597659880785
-0.03330753737255 0.269984786246812 0.0834627356641642 -0.069699659305756
-0.280456080208679 0.21785621663422 0.00421654538229287 0.0629215142534815
-0.341051975459489 -0.0642166925783091 -0.148888073192554 -0.00631127427334964
-0.146099859658606 -0.289939276452089 -0.215709814526287 -0.247670019628559
0.0129534273619696 -0.347647228138674 0.00643536157729313 -0.4288411468244
-0.0549325732971635 -0.434544000855461 -0.0697155264195438 -0.0512322072948077
-0.247415313368355 -0.31969753692768 -0.0257264833459093 -0.0375330273523273
-0.40384492462454 -0.0516199729009292 0.0513393396946287 -0.0898167143816689
-0.318434422010526 0.264226911853045 0.0127095712412569 -0.0911812884920321
-0.048076063114018 0.318975742291012 -0.041059671863582 -0.0723733494302432
0.114627125455059 0.25602417392787 -0.0485109902140222 -0.0720616607833565
0.25090841704345 0.190346192756072 -0.0598552392742306 -0.052293312336844
0.276449401319328 0.160627754668017 -0.0351232957053354 -0.062073451650053
0.258236186103213 0.199052425912296 -0.0235934158282574 -0.0780658391517085
0.120299660381716 0.297663843804547 0.0531940991017817 -0.0722396613030966
-0.0559372302349555 0.33667456158825 0.10152781084299 0.00807276665805727
-0.352305434240949 0.276244476605621 0.00617897006426137 0.112607655109117
-0.441691908600228 -0.0643054475229404 -0.139977296060432 0.0273477111842049
-0.223335097295113 -0.369053448229488 -0.200183077419106 -0.17397856442999
-0.0221050019485158 -0.470666939093852 -0.0274969826745485 -0.282089991437291
-0.105982354895917 -0.472148441973515 -0.0737658617270501 0.104323597901793
-0.314251931793581 -0.328893549971299 0.0349875071271318 0.0446454143245629
-0.456314652425873 -0.0242775158695679 0.0820718825762459 -0.102081182411755
-0.333722497053504 0.304670724100479 -0.00251642866878978 -0.093454296891472
-0.050112328827678 0.348160419543583 -0.0621957337773224 -0.0155793129035622
0.116229819409538 0.279271169227685 -0.0179172293818806 0.0154213306980435
0.255900878944378 0.214293059758495 0.0171676129462215 0.026744645835255
0.278214144511229 0.179369696050677 0.0595733872389629 0.00540665579361328
0.253271477150511 0.218222491996576 0.0654646049873813 0.000529491230869372
0.107096851635761 0.31380027671101 0.107566660654012 0.0193556662889332
-0.0730468697801805 0.341153583883119 0.110814203057633 0.0904024409625433
-0.362731883374461 0.277116523067301 0.00725489488377773 0.157101932271849
-0.455697033219148 -0.0596716763951197 -0.118227773704135 0.0650912872268349
-0.24783269662674 -0.382398766598202 -0.158595872363804 -0.0795478266916773
-0.0500839289294747 -0.510064172021315 -0.0472953608518373 -0.106682273782378
-0.145251969895846 -0.438926528247482 -0.0699977750995742 0.266466962920839
-0.333607986783051 -0.283043981556364 0.104176796154386 0.137202259535952
-0.429481465139238 0.00699703830776128 0.109690837716369 -0.0973200905376557
-0.289403271121161 0.294741611787553 -0.0175634875338922 -0.0802109944663161
-0.0408937581185264 0.316698225483906 -0.0746460191668084 0.0499584790212983
0.100939049052021 0.256149144885568 0.0177475042004495 0.10715234390014
0.223451083978015 0.205234566226262 0.094470814474925 0.105132876894509
0.23771890640017 0.171551462833559 0.146049243733912 0.0722130796623188
0.206469937223275 0.204782836015836 0.143618945539991 0.0752127257775936
0.0698503918189719 0.276326832108259 0.146184356853673 0.104025343773547
-0.0847063935932235 0.279411838895299 0.105941446660997 0.158985996559996
-0.305582126232557 0.210421346940951 0.00200810903085491 0.179865380288055
-0.374330346441835 -0.0582444425099766 -0.0908711091681646 0.0897325114919259
-0.210968744379719 -0.326023249371199 -0.100964166789756 0.00543514462635416
-0.0652989865466412 -0.458561859492917 -0.0495287448141159 0.06297229744516
-0.157305088397041 -0.336553987813468 -0.0659892114158499 0.40680727947279
-0.285462675825701 -0.190715031527303 0.162103905819674 0.225087636506196
-0.319550479840246 0.0285780889613735 0.12820071074644 -0.07202554458958
-0.193397279527942 0.221747051597859 -0.025547479103135 -0.0555729693355931
-0.0279202224403676 0.223277366831553 -0.0758537982551373 0.106585057089505
0.0655924939677493 0.188674556499785 0.0495544377178131 0.185060062891773
0.153598816286055 0.163387861614421 0.158413950563934 0.169855394197232
0.159413203178168 0.137710587994132 0.210904386936918 0.128840530005242
0.129153153143843 0.161992607299215 0.196115391693249 0.13451144692168
0.0215623376784081 0.197664666402894 0.159043482867887 0.166170412548704
-0.0847729299032349 0.171615310312792 0.0829476499195994 0.1950538885748
-0.200371895415755 0.106441723536677 -0.008644283366244 0.173083143052184
-0.227640182550374 -0.0504630594274551 -0.0647807711883583 0.0942617291452304
-0.136298397133745 -0.213860555721236 -0.0414204384525357 0.0641268625343937
-0.0713624991427358 -0.333774077577224 -0.0374660917729089 0.19597684330832
-0.141059118985259 -0.182558723000482 -0.0659582148003868 0.501248762823492
-0.185886427110942 -0.070771089447057 0.197620337134732 0.295233349550414
-0.156535589218436 0.0404622698926254 0.140902471446394 -0.0353691622694348
-0.0674244052009035 0.108175944337393 -0.024701419259657 -0.0323011861838947
-0.0146226279120648 0.0897583064608174 -0.0707803740392115 0.138628516992864
0.0157789329570868 0.0891363150492771 0.0698968043774733 0.23475903174819
0.0581450132380024 0.0953703494390666 0.198842103574196 0.210724795377618
0.0575587846588233 0.083739342600097 0.244289427133381 0.165956098409541
0.0341791964493838 0.0975477610971014 0.217811855245468 0.172191358518303
-0.0256913395247369 0.0961921720360413 0.146838009230842 0.198706056810654
-0.0704672661242873 0.0531084013291749 0.0492514079421813 0.199010671727629
-0.0772189441109584 0.00431901382692144 -0.0197447122771344 0.142554839739592
-0.0690976128938939 -0.0297530042879428 -0.0429040532339312 0.084047572055411
-0.0581771565943933 -0.0790755054132227 0.00961682178199707 0.093281459036331
-0.0729854248850919 -0.167244695063868 -0.0101995618360312 0.27584752846645
0.0639503284006187 -0.0483536787660178 -0.0698684692856973 -0.301992567564817
-0.014610924509196 -0.0663961094444024 -0.0915236113591107 -0.136373748576274
-0.0755529473904214 -0.0014250993400896 0.0127361487123446 -0.0532997403794451
-0.0437742560408921 0.0795768114307763 0.0200350851788946 -0.0914619596295786
0.0374846018190727 0.0584040298253392 -0.0166193970756367 -0.160890236815715
0.0565542389271713 0.0133632055290974 -0.119855279953734 -0.197474214397771
0.0605033957677725 -0.0175284894010087 -0.212624388737556 -0.168678372340889
0.0508591680241158 -0.0175512635322806 -0.242614140631855 -0.158971807439016
0.0444395621805919 -0.0165993369900168 -0.221113535583743 -0.195756290911606
0.0330094309564801 0.00517638562923398 -0.0993905465584457 -0.22119272903484
0.0148727524360264 0.0355552137686569 0.0359458954410124 -0.161592404817091
-0.0435772874176262 0.0220452074233621 0.014050019120794 -0.00812489782961303
-0.0251196015680444 -0.0481890504366877 -0.119437351889922 -0.0123278265271748
0.0657209439224609 -0.0343259908635376 -0.191636141425747 -0.264460227873008
0.0849977398986968 0.0321874028598792 0.0659659169111942 -0.546509895573083
0.0248974200621691 -0.205417177051979 -0.0665383596513543 -0.262770241960302
-0.0929347297799507 -0.170404796528656 -0.0896243640698841 -0.126399888820231
-0.199539614881156 -0.0256122038802228 0.0108872084960063 -0.0588995706493242
-0.14818407990249 0.150720646826781 0.0210084485963936 -0.0798273906394947
0.0113913051088603 0.162726461427986 -0.0136886535716915 -0.138603276848899
0.0905437290507392 0.107335041041809 -0.100103663007412 -0.1779323699537
0.149789751018463 0.0571682341618294 -0.18277333952963 -0.15269614271781
0.155749653278232 0.0440544869291588 -0.200830955605614 -0.148357835529015
0.147884023153225 0.0609908347741362 -0.182497964607705 -0.181558717519371
0.0850392144919336 0.122145991390409 -0.063298993183406 -0.203969064399771
0.00108730763649836 0.16306713675752 0.0575796928429193 -0.132884110419309
-0.16168136507098 0.135736835712563 0.010893567010846 0.0201684964881201
-0.193755089675592 -0.0480425899637242 -0.13894791281779 -0.0125482154692127
-0.0507409209726254 -0.167134852763231 -0.220236478218906 -0.266137012659859
0.0425051592747452 -0.168439112660785 0.020877791585795 -0.521120493191898
-0.0226607935019299 -0.337845808097974 -0.067582182486839 -0.176179321790988
-0.174269995753015 -0.254741649860233 -0.0716438970987087 -0.0947969306813746
-0.31090061581765 -0.037532356826571 0.0192587656701746 -0.072955469141851
-0.237737311240502 0.217319527089364 0.0157245728993817 -0.0808695085144749
-0.0142826932198908 0.252824422586546 -0.024023892728846 -0.109048511712589
0.114146454038107 0.189422602308311 -0.0780390250887336 -0.134699008538183
0.218466492858143 0.124181532235408 -0.129561619355909 -0.112677161421488
0.237898929434639 0.0993916436681043 -0.12926290137905 -0.114755942584786
0.227243325043508 0.131159482558713 -0.114410426149661 -0.140066815134819
0.122440221633618 0.223520890295167 -0.0110331639360334 -0.153622811690493
-0.0162377638092857 0.270813675933697 0.081868669096915 -0.0781491008050145
-0.264251285309595 0.234018415571009 0.012131166334413 0.0617122326571959
-0.343217451661769 -0.0438208094836257 -0.14570569544967 0.00578483882530521
-0.160888292074486 -0.28164825319536 -0.229801544165828 -0.229734802979268
-0.00492157779481803 -0.3456509004238 -0.0180379986799109 -0.427616669065063
-0.0759868157950737 -0.428580151628501 -0.0691704403293755 -0.0490002114481081
-0.260218172788989 -0.304559489078752 -0.0297756546665092 -0.0384399907111842
-0.404334914531965 -0.0275947579438295 0.0401267495498138 -0.0931633385250803
-0.297920073861818 0.28371103423794 0.00427145047882771 -0.0884829957532008
-0.0279046581850548 0.321820799330432 -0.0429070838405956 -0.0669083980278069
0.129565875992603 0.248385060260892 -0.0506512560140307 -0.0677260281342618
0.259367535284765 0.173565114999376 -0.0580917638563016 -0.0513105222569546
0.283285614688218 0.139818254701528 -0.0368716657879351 -0.0627076191720771
0.267973248834399 0.180156132626106 -0.0260526184384603 -0.0778559973172581
0.137120327724349 0.289025273449277 0.0509262202978389 -0.0788272296255625
-0.0344908994107248 0.33924723973191 0.104554878393196 -0.00388504574814989
-0.332022030856024 0.296191858141229 0.0173902607133401 0.109751375222079
-0.443128769124666 -0.0378210091180169 -0.134549730116389 0.0380394877410662
-0.240261782010514 -0.354670629994655 -0.210782150378675 -0.157347874540275
-0.0468945598153898 -0.463822695870779 -0.0436451379741522 -0.277405824249202
-0.129268300654242 -0.461994946858739 -0.0656367986997135 0.106166999776662
-0.328087252468661 -0.309882996224118 0.0340650420907933 0.0396784266381164
-0.453861861962778 0.00341895964069757 0.0693540234905305 -0.107461178269434
-0.311875199897606 0.323741557797973 -0.0111110254953767 -0.0904026799505501
-0.0282887989224553 0.350511995312911 -0.0611315231609841 -0.00953935865406875
0.131579997977125 0.271937180309921 -0.0161075406940293 0.0169388781886971
0.265286369831915 0.197306022508325 0.0232073492139042 0.021768290866831
0.286660784112542 0.158327251008015 0.0610875056462619 -0.00155656265794235
0.264516602297029 0.199550628569706 0.06676175657534 -0.00554895967615989
0.12475623170629 0.305924286072314 0.110100728864774 0.00880264302468434
-0.0523074296737565 0.345292739714922 0.119320653222984 0.0774844428397765
-0.342478128968588 0.29550414455174 0.0212352196200214 0.152672481787477
-0.457311439458256 -0.0333572088435829 -0.109259508320582 0.0736176525405406
-0.265169023738542 -0.36640040880464 -0.164079304135478 -0.0666812300157035
-0.0770670625135713 -0.500656536956477 -0.0531396239180825 -0.100341363772684
-0.164590386070211 -0.427688640631835 -0.0546831006459362 0.267806607303483
-0.342451654699751 -0.261697698665827 0.107565889994567 0.127915008479239
-0.425186175658549 0.0323349390675444 0.0966406856312509 -0.105293573912469
-0.269361001024443 0.309479841960313 -0.0258122231518623 -0.0772651397189336
-0.0217449839961193 0.317847476171393 -0.0696777528956692 0.0563099729957007
0.114550058849963 0.250374071642535 0.02424692641967 0.105916997005922
0.232078761454896 0.189785386366696 0.10418387642512 0.0958050901513811
0.245337628698753 0.153504857370238 0.150682180928036 0.0602958131143304
0.217738066484901 0.190132490905562 0.147626593190312 0.0638120489181037
0.0860285584981125 0.27115224129171 0.152837413320613 0.0904237632978232
-0.067748367131609 0.283358019074691 0.117587675025159 0.145208869957479
-0.289056414311562 0.226936610529575 0.0178573297626945 0.175327238059601
-0.375989233143348 -0.0359326207064455 -0.0805696222805975 0.0959256551731061
-0.224249080416809 -0.311199287471257 -0.101229711067341 0.0148186553415405
-0.0886001372989456 -0.447905255037954 -0.0459438512037329 0.0689507076773549
-0.171354407428231 -0.325007197296811 -0.0437602725703353 0.407129633591642
-0.289253561456206 -0.173353844655656 0.170411157652221 0.211765069789749
-0.315535023332912 0.0469047951498789 0.117932942493638 -0.0826753798560216
-0.177980463396816 0.230150290471711 -0.0332495340550866 -0.0534399325465318
-0.0158160243189992 0.224260218121748 -0.0685370260349586 0.112354167334836
0.0749061522540307 0.184823880273709 0.0607610299916541 0.181274328906437
0.16144893807454 0.153024548419471 0.169955348334171 0.156784363901084
0.166374495573127 0.125812450602509 0.217861764764602 0.113524045153709
0.137550399307511 0.152734622477721 0.202573612384545 0.120246757481186
0.032584912911128 0.196075471110296 0.168115514150573 0.151742907572582
-0.0743005361236061 0.176731616386287 0.0964040377044428 0.18265381576481
-0.191698252304176 0.116265346695597 0.00661231743697032 0.168625536196986
-0.227706039960639 -0.0372486334912922 -0.0542502522818543 0.0981587994324888
-0.144191739708034 -0.204693946903449 -0.039132232505145 0.0693444289553018
-0.0884181546772888 -0.323380692780628 -0.026335340995066 0.20059421323764
-0.147226033073719 -0.172076670518177 -0.0384732446211389 0.502269343974363
-0.186054768597415 -0.0592615501410146 0.209980521609992 0.279602736988267
-0.152362641723373 0.0492303024283848 0.133118567769259 -0.0472163653534865
-0.0600877442576737 0.109211732061486 -0.0310309642459101 -0.0309133919059997
-0.0110967907306367 0.0899677464366769 -0.0633571924460247 0.144035756848854
0.0196532927518254 0.0893515652461659 0.0831160118429271 0.229367745256252
0.0621219538620782 0.0912564264667218 0.211334296364424 0.196654209646645
0.0617193190366562 0.0795517815399321 0.252646213892315 0.149840170744904
0.039917264145649 0.0953007685295997 0.224567312836743 0.156689502271681
-0.0202937755690418 0.0983250732911477 0.156595554997438 0.186129353196077
-0.0684354722267669 0.0571854737534622 0.0620248721452605 0.189297238268669
-0.0762024183957967 0.00686802027834374 -0.00735560816973957 0.138172410814335
-0.0691904123425387 -0.0262265282531601 -0.0328778196141092 0.0858699147492075
-0.0596252952194974 -0.0748275182264935 0.0132890572164368 0.0944540102491854
-0.0802084299617387 -0.159030402324942 0.00382126531667979 0.277822494120784
0.0561113456857904 -0.050941699434522 -0.0769467451482315 -0.286789355295376
-0.0188974067388137 -0.063240187170512 -0.0933240635616373 -0.12851176626701
-0.0729271279728246 0.00300822479513594 0.00638485359103954 -0.05124078702139
-0.0362781172284434 0.0794868959593471 0.0118868224503807 -0.0845142949602114
0.0404657010007253 0.0547616869889815 -0.0242395303048576 -0.148407641287262
0.0560528800096218 0.00918811124197914 -0.121660791421822 -0.180249783279382
0.0574892071202856 -0.0216159076091083 -0.209244172474343 -0.149902363195035
0.0480485892520187 -0.0204077722572109 -0.238666695205732 -0.141406867505317
0.0414559221221533 -0.0186911769357913 -0.21941566087498 -0.176828257836719
0.0320064495240819 0.00358689986135998 -0.104619947860398 -0.208765680243745
0.0171895046383763 0.0329189210912352 0.0275174047146477 -0.158929003433958
-0.0412578759012907 0.0246121813253226 0.0168538112053352 -0.00854539276157346
-0.0280388873620521 -0.0443269013522844 -0.111594567376145 -0.00295449413042739
0.0602314723907621 -0.0374442213978862 -0.193514408350346 -0.241462186799088
0.0828860042997568 0.0255427603980197 0.0371927420122184 -0.528133140222928
0.0131793284815126 -0.198676654882138 -0.0716242874060695 -0.250750234448275
-0.0963653278379302 -0.159208084111419 -0.0923369974153037 -0.118356419651103
-0.19124444472267 -0.0131471813250654 0.00334520414109281 -0.0565919163753708
-0.132891748236688 0.153541176402373 0.0138031893028538 -0.0734869214145919
0.0199291466221959 0.155735125364672 -0.0188971605991235 -0.128102762176983
0.0927104072459343 0.0976638400453228 -0.101789932997405 -0.162609876961411
0.14562174234036 0.045317898400959 -0.179365399356251 -0.137641818574718
0.151187889025959 0.0317743508452377 -0.199287673171767 -0.133997368303067
0.143667334110782 0.0497207828435469 -0.18245308743983 -0.165624204567475
0.0870722310116454 0.112568834273787 -0.0685105479364759 -0.194664884973097
0.00986834179781562 0.155727099638813 0.0506534448563415 -0.133289006942266
-0.146741593001164 0.139150751893929 0.015526821543032 0.018982050431177
-0.188423958210508 -0.0356454923481504 -0.130204554821731 -0.00240082083549137
-0.0554765831513588 -0.158363360111288 -0.223053828702589 -0.240951613798762
0.0345402443435524 -0.162785902354059 -0.00592706404866908 -0.500253747667699
-0.0372231514079181 -0.323136987718931 -0.0696328930959677 -0.168331994755255
-0.17650836606509 -0.236202060620235 -0.0743956914586342 -0.0893301441998912
-0.297657442891346 -0.0194910916635257 0.00939081534353479 -0.0705574672121781
-0.215370024202574 0.221195461341422 0.00967787189551069 -0.0734943543199963
0.000453037342872142 0.243627437708274 -0.0259447980459461 -0.100173276561077
0.119204333716224 0.175309436926406 -0.0790575023833221 -0.123272667484529
0.214160707431636 0.106545482525226 -0.126097455698468 -0.103103293296958
0.231188698544615 0.0801426585636792 -0.127796549995884 -0.105741227118359
0.223391225897618 0.112329489579818 -0.114561060887426 -0.129590489343049
0.128524917537614 0.20751679171203 -0.0160104755376674 -0.150130979988865
-0.00115720119429937 0.260376517723865 0.076339246020215 -0.0833510401878331
-0.239558301313704 0.237541671712898 0.018564648149889 0.057844178041301
-0.331460825053913 -0.0246655394587104 -0.135333065468539 0.0153282908105739
-0.165133811223133 -0.263187612722886 -0.23088188481526 -0.20580460896992
-0.018577603207762 -0.328438080909461 -0.03736693778278 -0.407355171980817
-0.0916614567433502 -0.406139370941046 -0.0659881932822541 -0.0460524005029471
-0.260119194214251 -0.281694588160172 -0.0330844210880323 -0.037507914214653
-0.387804138974679 -0.00536786107276955 0.0277336452464861 -0.0908143150791026
-0.270579239107906 0.285948942105645 -0.00208207753398977 -0.0804513093341864
-0.0092099895665431 0.309847303229386 -0.0420630834856596 -0.0590084781388558
0.136607048425435 0.231834208657951 -0.0499729312612792 -0.0609647948702508
0.255128023105466 0.15214850734267 -0.0546120703856936 -0.0490984017739214
0.277285714587238 0.116218875780349 -0.0369576487540633 -0.0618562358386721
0.265017991632274 0.157095571683841 -0.0272571808175207 -0.0749208112962218
0.146095891589137 0.269642352909561 0.0460347267982428 -0.0816576176192057
-0.015649961472548 0.326955637087037 0.101539082530464 -0.0147022956041934
-0.301515986553543 0.299563978929771 0.0254444843742747 0.102688310135798
-0.426082800336602 -0.0146727604232252 -0.122355914880795 0.045467617443337
-0.243765159847265 -0.330028881892089 -0.209592304830438 -0.136379721801629
-0.0636735118402364 -0.438653061900187 -0.0550010641233147 -0.262126491569299
-0.143212989107984 -0.436510148597446 -0.0565639720770443 0.102661847850929
-0.323494335928952 -0.283748845712563 0.0310953040506805 0.0344985148953555
-0.432752941291537 0.0247022910121827 0.0541730520474839 -0.106550533786303
-0.281505644889701 0.326289070614359 -0.0175663435881643 -0.0824149026620603
-0.00862671249166562 0.337764144388588 -0.0569798350899182 -0.00312415700137741
0.138894100393468 0.25429087607512 -0.0135877432701525 0.0179542008812488
0.26148377419126 0.174403064767774 0.0267114788682084 0.0165621055759946
0.280392937371527 0.13434935155206 0.0594690974121987 -0.0075916540504052
0.26246925696561 0.176240139512767 0.0649834073234161 -0.0107276348485811
0.134786018051876 0.286404704454007 0.10657199718285 -0.00165990876553616
-0.0329192078052833 0.334093443820557 0.119923927884765 0.0615498634587825
-0.310499796356874 0.298849762694013 0.0311250341193669 0.142115199387278
-0.438480281837675 -0.00830469773981109 -0.0964465133197408 0.0766896636041933
-0.267407397900231 -0.338754811557893 -0.161255616214287 -0.0518579204067458
-0.0944350005739643 -0.471672140051296 -0.0548454601910838 -0.0909959796667833
-0.174313808977967 -0.401253669595086 -0.0401622282241938 0.257427136003802
-0.335296515615744 -0.236148090058321 0.105354555884585 0.115646457943941
-0.404989245836252 0.051752349565715 0.0808922557732784 -0.106882701912131
-0.241180598877928 0.309160913463894 -0.0317431429969061 -0.0704469241215147
-0.0048541633352373 0.305698702191694 -0.062935238871936 0.0591232015742126
0.120845050111623 0.235168811401366 0.0293818972842979 0.100977283655063
0.229771312717598 0.170344103586611 0.106809874245526 0.082811266658404
0.241401439819118 0.132827627338784 0.148149365337637 0.0474245956807202
0.217233160922683 0.169366056461235 0.144034600315705 0.051840380882141
0.0959367739107352 0.255409799635186 0.151590863236108 0.07534615781966
-0.0512215996390434 0.275867092235967 0.120916797250765 0.126205380371229
-0.264432213866584 0.229792497322113 0.028556195652557 0.162450036716268
-0.359650594437688 -0.0160154381454247 -0.0673359287994987 0.0954723423228366
-0.226232967290379 -0.287686919233532 -0.0972654481110646 0.0234723053077204
-0.102773102489959 -0.420350289558872 -0.0401219011465215 0.0713691606113148
-0.175772322546129 -0.302159918327613 -0.024788965381784 0.3913154633093
-0.281317859443459 -0.152847424748481 0.169278587682777 0.193651909267569
-0.29900384423585 0.0601649804760571 0.102549953776739 -0.0863221383417345
-0.158504333398975 0.226896594464417 -0.0382940507520234 -0.0478264048771818
-0.00470025674076489 0.215011588926037 -0.0598131964678335 0.112473160191018
0.0796342268315724 0.175032905650876 0.066525798321345 0.171665005714922
0.160025859858168 0.138200746412587 0.172346430844776 0.139094373399663
0.164546935404348 0.1109746153185 0.214354969766813 0.0955130230928895
0.139287507811296 0.138800089467949 0.198759062272796 0.103618275047625
0.0407917064522474 0.186604784884455 0.168042812104914 0.133366290409809
-0.0632789889940847 0.173547164906671 0.101968335494495 0.16402758988769
-0.177217583893222 0.118326769903917 0.017988287402719 0.156420523590786
-0.219107164850559 -0.0256264300460926 -0.0422614822584343 0.096107816495078
-0.144418773752345 -0.189084964785094 -0.0348061529814364 0.0715071374312685
-0.0964832402223732 -0.301782693189634 -0.0158471534269668 0.195855159415656
-0.145726095174803 -0.157004842397823 -0.0167247131395139 0.484359025340245
-0.177092803454721 -0.0478953105587732 0.210586550847028 0.255479393425942
-0.14343146449199 0.0549058921359611 0.120253180303325 -0.0537509648379128
-0.05220805132985 0.105509396817672 -0.0355148178562961 -0.0280791372985545
-0.00695837560885395 0.0866815018053724 -0.0543287895764967 0.142808695638406
0.0216829729519827 0.0855791475355546 0.0904981367949996 0.216269505221917
0.0627372890623153 0.0848385005616595 0.21221163946981 0.175950992867116
0.0625191904912465 0.0726557420379287 0.248712920607768 0.129503022319649
0.0436906600250581 0.089621792975038 0.220814036277127 0.138255034465357
-0.0150895969235623 0.0958891787544652 0.157500878667807 0.167200955211907
-0.0635049465305238 0.059252599288751 0.0685941618810463 0.172025522317281
-0.0727864911902295 0.00832632905722675 0.00293792112702652 0.127923113497337
-0.0662530023593678 -0.02297800913055 -0.0227684930956405 0.0827592835595661
-0.0574707164488122 -0.0683180410470929 0.0165514692305238 0.0924409302658239
-0.0820898860987925 -0.145054630356836 0.0160996095361558 0.268273801595112
0.0387830172780683 -0.0569303762093517 -0.108910885096264 -0.258717129629476
-0.0294792386618427 -0.0543692122142682 -0.108347477208639 -0.111479699881899
-0.0674742989834316 0.01250407127848 -0.00984557271085551 -0.0499180632822151
-0.0219461807040073 0.0778779608952105 -0.00849017729052999 -0.0739529832657192
0.0420090314086121 0.044943903873483 -0.0416668857813771 -0.128033563019723
0.0513668129079153 0.00239754089443454 -0.135240606430224 -0.151228539811909
0.0484726904910647 -0.0270182088758986 -0.214126407334362 -0.114272907834882
0.0411369571020382 -0.0245162907530212 -0.243283235438927 -0.101132092040571
0.0344626627278342 -0.0220288812474336 -0.233231002767021 -0.135496970760408
0.0290610301339636 -0.0012447685319487 -0.130672783517687 -0.18304717198445
0.019445739784722 0.0271435064467388 0.00224819357603502 -0.155713205556734
-0.0348443079010848 0.0298349893744442 0.0195271596518697 -0.0122478780483642
-0.0328167164633472 -0.0369335906155593 -0.0998957732330072 0.0149650655920158
0.0487297344705308 -0.0469729586856387 -0.213760035851291 -0.189981793955991
0.0789523702701607 0.00602201210209172 -0.0361431024245292 -0.495843603950077
-0.0150013883930706 -0.187548086105328 -0.100803566918465 -0.233320851754953
-0.11077739623389 -0.133659083482587 -0.108459593812494 -0.105855757970212
-0.176193260494616 0.0115030103876601 -0.0213624245834894 -0.0568579584108782
-0.0993171927457394 0.157708531301175 -0.0128480456799396 -0.0633031930526008
0.0364471515973493 0.140380671163111 -0.0351717768124828 -0.104022396589006
0.0963642453777235 0.0804381900749123 -0.11259326868623 -0.134092349567973
0.137669907371334 0.0233093526762684 -0.181700711170026 -0.103787775481125
0.141951031865859 0.011657429009811 -0.20516355739071 -0.0998393829986524
0.13826957947085 0.0290870809423201 -0.198447045604366 -0.130980299854249
0.0936990525999797 0.0940378635064044 -0.0979958189541132 -0.174844664149076
0.0252357201700954 0.142096291657187 0.0277037395230002 -0.136354241106856
-0.120340362877575 0.149037043799599 0.0230935669653463 0.0113613170885648
-0.179290542802015 -0.0123881008347628 -0.119841471757726 0.0168323372654874
-0.0725989498596128 -0.145801723774032 -0.238357910574733 -0.185713526061409
0.0137288558767521 -0.164218652603259 -0.0679447778336623 -0.4637040983467
-0.0719139795852409 -0.294802039369838 -0.0888340581664729 -0.163219564061914
-0.19174680780721 -0.195245992855118 -0.0903204766429814 -0.0840881151606304
-0.274521403357692 0.0178432642502421 -0.0254859232968168 -0.0726608809509068
-0.165283941105653 0.230328811864605 -0.024030792801929 -0.0618666861100035
0.029210904133851 0.222680463269306 -0.0391225987121896 -0.07147988770129
0.130302030325001 0.149445770929784 -0.0843886970844248 -0.0968507027405189
0.209688050329698 0.0706442368274752 -0.124970557239219 -0.0743888329015938
0.222143958009636 0.0472054292033564 -0.134111657410662 -0.0818688914512997
0.220374797393523 0.0767942249519276 -0.131417634390256 -0.107305701131915
0.14455905424196 0.177179381394089 -0.0439833320509658 -0.141192081474783
0.0254966568748911 0.241415695740207 0.0594513798666776 -0.0949627677820958
-0.195949833830729 0.252073292494643 0.0323502451212584 0.0444486961067658
-0.308951088046296 0.0125889730477263 -0.123359614139664 0.0315780967818389
-0.185734540838069 -0.228849193894443 -0.23766309978269 -0.151888428239798
-0.0523446796821666 -0.312401331353555 -0.0849225148991002 -0.373342467169146
-0.128166451060297 -0.365123835214479 -0.0696729199293905 -0.0542313852896456
-0.272056285707511 -0.227795799310995 -0.0477208937028766 -0.0437058452944514
-0.353638252481126 0.0407101882007065 -0.0183122571077066 -0.0943979906749059
-0.207400443058837 0.296280415523519 -0.042009297834307 -0.0655605338785293
0.0285178753492398 0.285784133892966 -0.0489370021345712 -0.0267509355807581
0.153577703506124 0.200292756931571 -0.0484194898111822 -0.0395891035689137
0.252620470436122 0.10735424832425 -0.0493261073043562 -0.0307206789500246
0.268677707830718 0.0750608421285114 -0.0426151799402185 -0.052637867448772
0.265126660601298 0.112799574014921 -0.0418446042629358 -0.0683673856329129
0.16923078351682 0.233689598270571 0.0234762355309499 -0.0870855314040932
0.0190981865628641 0.304767177745173 0.0927450239317526 -0.0356499050922777
-0.244490258679343 0.318154377060486 0.0458346886999239 0.0820878372812223
-0.395394185494097 0.0321043544171189 -0.107820252921093 0.0557351429717231
-0.265901885280705 -0.280774909217787 -0.205849092816828 -0.0909441185736755
-0.104841086178804 -0.408698152391229 -0.0804169486424072 -0.234596677236258
-0.17487639607155 -0.384602363751003 -0.0408063832857692 0.0817534724072415
-0.327313205954157 -0.222292631333213 0.0208803349258198 0.0138130399688437
-0.392379382542687 0.0737306610637929 -0.000330871858923377 -0.112104799140622
-0.212811567177599 0.332914925146668 -0.0600068861237603 -0.0629537471888706
0.0339584938034497 0.311248244954005 -0.0551224404276418 0.0294199867495049
0.159334289835588 0.221688278256155 -0.00259048616742791 0.0307604721897072
0.262163664872157 0.127799763008926 0.0362273631724362 0.0219451871599653
0.274139410160769 0.0916441545131121 0.0552478572190439 -0.0151666489960123
0.266079087518793 0.130732350226997 0.053403233625687 -0.0208394583906753
0.162292981219831 0.250861820196951 0.0926938720377483 -0.0207970503938265
0.00430187027605493 0.313653200306126 0.121312209667649 0.0319887320354863
-0.253785126707394 0.318575257892925 0.0565015730819671 0.117469118622323
-0.404790496754125 0.0392014246543757 -0.0789019330657751 0.0800107434105165
-0.28928894952243 -0.284801327338562 -0.147841041914048 -0.0198673125853003
-0.136794067942075 -0.431288237399578 -0.0571091631715151 -0.075070382689073
-0.197698074685357 -0.344525046184696 -0.00409491537826243 0.225699115468849
-0.330207415721275 -0.17809561813523 0.102125578900255 0.0806986807426961
-0.361635331625001 0.0926631895829998 0.0256105877383545 -0.114628459060811
-0.178826459518377 0.31247873999393 -0.0690211840473852 -0.0497402560023099
0.033759358391508 0.28239793460849 -0.0513419022602549 0.0870728994960356
0.141065653532528 0.205750523623233 0.0475466785898751 0.102194885557031
0.233104328776278 0.127742704051659 0.119736656207251 0.0739167317317826
0.238211367715926 0.0942372857674562 0.145612686994287 0.0246909958501336
0.223793596467984 0.129654185924629 0.138283407555552 0.0264701671563284
0.121994785055394 0.22745049096005 0.146767953456312 0.043866169314689
-0.0186592778388073 0.262555297166468 0.132946744309366 0.0929896046267081
-0.219117730524383 0.247398182775558 0.0562954028148498 0.137441851804319
-0.332932809659559 0.0239579291432452 -0.0475770848767656 0.0932090078499241
-0.243265413808925 -0.239308677993831 -0.07853881222708 0.0396401739589398
-0.13915057531945 -0.380052344437221 -0.022807670453403 0.0744699659235993
-0.185665303229501 -0.252774898037422 0.0301332983982689 0.353823847157021
-0.268743017972152 -0.109186673815087 0.175522801682889 0.14774364538727
-0.264204999912384 0.0887990805315204 0.0560038096485661 -0.0971247179762769
-0.114560185882182 0.226349950377381 -0.0646874261389629 -0.0299683911028569
0.0231948862137346 0.198836430507618 -0.0411345542397128 0.130403448839984
0.0960588883230196 0.154605274192917 0.0909247080046425 0.161602462607523
0.165704928860082 0.106661768176598 0.186765904925904 0.1170781915966
0.165464349989656 0.0827497588612012 0.213947299726239 0.0613656502287122
0.14760825796422 0.111556449763954 0.198440450634872 0.0681609020586495
0.0624529531835726 0.169873031133252 0.173223294973048 0.0962226043260502
-0.0403109472559408 0.16908028064104 0.12012916639157 0.131711386327437
-0.152032188304045 0.132210419950046 0.0441053259726947 0.135511126225622
-0.203109036186397 -0.000110292201096094 -0.0227746389555016 0.091179823606949
-0.154963171526867 -0.156535814199155 -0.0160383650295964 0.0748015934258638
-0.119220063507005 -0.267966178362121 0.0147340417182708 0.186959231808338
-0.141758885958672 -0.121928407735877 0.0516515105257302 0.445380492455667
-0.159998981780643 -0.0255393097890551 0.228521773825904 0.204431928057427
-0.12337926691492 0.0649627324102705 0.0886055699144029 -0.0682751999419648
-0.0343698134155082 0.101192664912117 -0.0489218287549005 -0.0156368219705637
0.00543186961074289 0.0818553277854775 -0.0317159200090992 0.149895859244538
0.0323088057489466 0.0775533514603815 0.117067617859576 0.196323978252361
0.0698179904725767 0.0695039927540549 0.226623276477198 0.143291183470134
0.0670152816640751 0.0598948603811486 0.251248072784869 0.088558865219643
0.0529671003967188 0.0768627732115916 0.225514021495577 0.0981804807678602
-0.000938064249439054 0.0927507672647246 0.170164344880506 0.130198105066596
-0.0523701222070145 0.0630634373256179 0.0899582212526784 0.145574510433735
-0.0685642670099758 0.0163009244319174 0.0245828396309754 0.113510237339967
-0.0624926920565112 -0.0147588555030477 -0.00518978175595851 0.0777926546026684
-0.0592859174000892 -0.0550813043455944 0.0316509718356635 0.0856091733017919
-0.0886872520582565 -0.122027291354159 0.0509934289636958 0.249082237770389
0.0363420421521859 -0.0534473418091964 -0.0933674336629347 -0.253279294917531
-0.0285062422589419 -0.0519877812503983 -0.100017247582707 -0.111464892415514
-0.0651149517708152 0.0116813912081075 -0.0112288678580979 -0.0471190342800006
-0.0213166862260949 0.0748968862403841 -0.00777145077057479 -0.0665827994082291
0.0406058230250221 0.043960426057789 -0.0351010333075014 -0.119306153584359
0.0496708305211007 0.00259631221003388 -0.122274416093055 -0.145496337194793
0.0463696563836217 -0.026279641159479 -0.198648056942152 -0.114730919834258
0.0398417542390734 -0.0237574590058549 -0.230152140850877 -0.103380634656162
0.0328098106605959 -0.0206260116803545 -0.219044115825276 -0.135666351048335
0.027251047230816 -0.000275312297706254 -0.119842915847379 -0.179777670060988
0.0183065936873823 0.0258453332341406 0.00685591580558737 -0.150982752599362
-0.033154350970142 0.0293940080795459 0.0229116499299256 -0.0124002364769594
-0.0316776642457974 -0.0351871812728833 -0.0915799082263135 0.0135285524733461
0.0468635888644034 -0.0446877915292085 -0.196589953641367 -0.185313911833505
0.0749773561250713 0.00691359080158814 -0.0204436481636552 -0.476827242140913
-0.0103445415362705 -0.179536548377996 -0.0871230412073371 -0.228292275368657
-0.102827905834327 -0.131184524963382 -0.100874825028432 -0.106351153028777
-0.168851844652924 0.0079035071180357 -0.0224687142098234 -0.0533311027240013
-0.0966249052789395 0.1495668390475 -0.011305006697611 -0.0563341746038335
0.0329258014759857 0.134854094667251 -0.0291093799811106 -0.0967421870587133
0.0906777778667823 0.0788451002364585 -0.101459050506422 -0.129469151054781
0.130286484328823 0.0241250957043116 -0.167659122186743 -0.104473984987466
0.134846299796949 0.0132198840252748 -0.193509996209603 -0.101734515149622
0.130251157816322 0.0302514911659501 -0.185157577874442 -0.130805987889447
0.0872057326209495 0.092459747890999 -0.0888017910353649 -0.172500046662175
0.0213955343544829 0.135803965005556 0.030782273358673 -0.132138238210342
-0.117796479589165 0.140224874076084 0.0255975822008689 0.0107739908026566
-0.172062125013825 -0.0163616923117197 -0.111076181977225 0.0146487430728758
-0.0650201701266336 -0.142871170010184 -0.2208986871397 -0.18064141876112
0.0191364671684324 -0.157053559014948 -0.0527656272127046 -0.445462781653392
-0.060845189407202 -0.283681582609328 -0.0781954698422713 -0.161416765608192
-0.177487407553614 -0.193680681042114 -0.0850004054821376 -0.084199464592527
-0.261494478309487 0.0114155694861138 -0.0263692924723085 -0.067571345671784
-0.162063535901921 0.216840583566718 -0.0217644106744102 -0.0554471224885387
0.0237104332113769 0.214499887913668 -0.0330675829993012 -0.0666570957509986
0.121498677029309 0.146231398014684 -0.0752966093446004 -0.0935659147808364
0.1973672966518 0.0715887149101074 -0.115238180670663 -0.0766049346691959
0.210107939832877 0.0483325913535742 -0.126368783857076 -0.0841454320332079
0.207204936781228 0.0772593228284757 -0.121995113566545 -0.10674065044487
0.133483771234621 0.173626137135778 -0.0377754563596546 -0.139894379406685
0.0191387743046985 0.23051076191332 0.0595692134844572 -0.0928679791269676
-0.191899882468038 0.235979711992838 0.0331933341898019 0.0421364557307637
-0.295839711024334 0.00429431151371932 -0.115039505626178 0.0281082035458951
-0.168979718131126 -0.22629450046487 -0.222651812247343 -0.147626979693017
-0.0382467128258628 -0.299207303939186 -0.0703567215588221 -0.359445632148903
-0.112440940512279 -0.351997259668073 -0.0638625864180723 -0.055883255485521
-0.251475166406188 -0.227604292776734 -0.0465757409319124 -0.0438389324045616
-0.337974808419359 0.031351194604188 -0.0201112155432821 -0.0873420280455498
-0.204184162779461 0.278484920513905 -0.038841888909475 -0.0586845590671698
0.0217002489982959 0.274242994079706 -0.042931222914149 -0.0246343211795512
0.142287799522397 0.195817786149695 -0.0428175842510166 -0.0383284702072278
0.238083823094527 0.108746569371584 -0.0440242842543932 -0.0340307344690974
0.25300690820562 0.0763351899870681 -0.0397168551959492 -0.054071760931369
0.249166943457383 0.112695149140397 -0.0380532779678904 -0.0678622662543024
0.155598251219985 0.22794130574845 0.0247379793093412 -0.0865092153294697
0.0108673373799868 0.291773512165291 0.0902566548894647 -0.0361009171614248
-0.241829866504865 0.296846731247406 0.045001304940361 0.07825355598047
-0.378660598613424 0.0209876257869889 -0.101109260055368 0.0505852095114171
-0.244270827296922 -0.276785440099594 -0.194140967462249 -0.0886833981905948
-0.0861286049835541 -0.391452592325627 -0.0693143284859602 -0.224558913948361
-0.154866895033291 -0.371909558104772 -0.0413655844128448 0.07560695084478
-0.305172601216491 -0.224593879307057 0.0162980570150933 0.0134032757077946
-0.37432211283329 0.0609292307630422 -0.00344244168338864 -0.104636666306762
-0.211448955387099 0.313543949237752 -0.0561541854740491 -0.0573880174613143
0.0249055022129551 0.298913311748734 -0.050159075014348 0.0278849874691575
0.14738932844256 0.216923739348355 -0.00164966585352396 0.02992896598823
0.246677148962899 0.128477852710193 0.0361225468825621 0.0185765245205164
0.258724890458544 0.0921524767590823 0.0533566631151211 -0.015712223621245
0.249942142490769 0.130265953862161 0.0523225876933045 -0.0204236750981864
0.148070881638503 0.244150708132046 0.0887629279178691 -0.021840817226278
-0.00304058247764818 0.300582575587305 0.114865069388441 0.0283406833553138
-0.249588024424108 0.296551471764392 0.053532929182753 0.11136755895978
-0.387636757494044 0.0272095961777058 -0.0734636754320719 0.0731189842629389
-0.265513072238536 -0.281834740909644 -0.140188168853453 -0.0190305456273422
-0.114178217158183 -0.414110071793529 -0.0518097746681619 -0.0713460390205808
-0.176261960546208 -0.335622582569896 -0.011228065339536 0.215044917084486
-0.307204918103938 -0.181972148532175 0.0916283804225917 0.0794720753416941
-0.346903454054116 0.0789092329980865 0.0214660050258702 -0.106279806754394
-0.178464397521074 0.293048872112821 -0.0662089342911167 -0.0454239192935288
0.024944029309142 0.270301765142045 -0.0493620108392608 0.0834179533356844
0.130368562351625 0.200916227321113 0.0438556535506212 0.099869175409148
0.219185089978504 0.128405834597398 0.113461376082917 0.0705088432221196
0.223894799217239 0.0945023889583181 0.13788597094305 0.0244632436201411
0.209752234248198 0.127987919367308 0.131270335570001 0.0271521383721885
0.110768539165086 0.220405579715637 0.138642036150698 0.0417931598483197
-0.0238345955940871 0.250984749603025 0.12343877189647 0.0863521137047061
-0.215356116376988 0.229826560319138 0.0524350050911691 0.129863672726535
-0.316755341511063 0.013627356043144 -0.0440009287681263 0.0855454657433304
-0.222573860262789 -0.237091253478223 -0.0754694033655236 0.038996945748903
-0.11822623559839 -0.364840524794579 -0.0227699798471492 0.07229603154756
-0.16767031211916 -0.247765910319262 0.0169803897500754 0.339030139034836
-0.250389081287958 -0.114131141764982 0.160078862000696 0.145408334780568
-0.254179986525586 0.0770453313925079 0.0504670540096608 -0.0899773143057302
-0.115588915701068 0.212286021122444 -0.0628382904176001 -0.0277907357307488
0.01666217417633 0.190542159180978 -0.0414904508736972 0.125286349664886
0.0882989183254224 0.151196494801276 0.0831050074683664 0.157325384632986
0.155004164643742 0.107095367208556 0.176522598069263 0.113765497828222
0.154974746398269 0.0830746641475172 0.203086173075451 0.0624828187904818
0.138518286341957 0.109430057015421 0.187005053558311 0.0689846010486972
0.0558879691130999 0.164631649621984 0.161836790610364 0.0926344815669235
-0.0426431733932371 0.161407282937497 0.110218012670365 0.123399187161351
-0.148658894614235 0.12128427513464 0.0405137417087335 0.126509275605113
-0.193113497911069 -0.00545661656414372 -0.0202788882776642 0.0837784317243011
-0.140727541296859 -0.15441084988679 -0.0171773553915608 0.0737312477345531
-0.103216598597109 -0.256970363281603 0.00958591587285732 0.181344964582561
-0.130769816718695 -0.120782271167313 0.0348326040352433 0.42931340442785
-0.149706232732989 -0.0301681644035479 0.209478199233798 0.200616360636378
-0.119013646238982 0.0584712770488971 0.0810413139303095 -0.0626514826056203
-0.0362964164373275 0.0944295253572486 -0.0494223862155475 -0.0144188824377798
0.0018232471204037 0.0776787946154825 -0.03400081358597 0.143424498584769
0.0284197272034839 0.0763769610072943 0.106109185268653 0.191824551623501
0.0646417364954685 0.069018946930262 0.212852758038126 0.141637264019186
0.062420299223448 0.0594380420436475 0.237709211462192 0.0894305520976244
0.0493329508256748 0.0754482738562176 0.211572461313139 0.0987120280517359
-0.00334581638708826 0.0893175997323288 0.157582678052858 0.126594005042973
-0.0521414101015178 0.0600276643561811 0.0800490326588204 0.136734407202486
-0.0665846961488654 0.0122608299364449 0.0220288301497761 0.105049738027363
-0.0584381683411326 -0.0160656134679545 -0.00343164868387699 0.0716853487586372
-0.0528873984979098 -0.0542003237344366 0.0287907449536458 0.0847816378421947
-0.0786169920546743 -0.117134241927043 0.0412851745681245 0.241327034494621
0.0359133527738685 -0.0509145521857476 -0.0780249440474763 -0.258027176547526
-0.0272425549570229 -0.0515521940810266 -0.0942187599764901 -0.117850906066945
-0.0653922637958293 0.0105559160019871 -0.0123975532414276 -0.0463156628011619
-0.0224831203727627 0.0746931920045023 -0.00616989535225641 -0.0620785138167895
0.0398555771919187 0.0457845587241469 -0.0280235176786253 -0.11551829089868
0.0497807761673669 0.00393357650776513 -0.111813739177839 -0.148767362888718
0.0462506411591796 -0.0249135869136486 -0.189621751164197 -0.122414184343267
0.0404204798180429 -0.0228574187162491 -0.223516276312252 -0.113228753065839
0.0329420286164503 -0.0191883630614706 -0.209766737384804 -0.144527591033475
0.027413343584409 0.0012533598231789 -0.110601608868044 -0.1862046676139
0.0176646336060658 0.0258110109154407 0.014155443276805 -0.151131391018091
-0.033611699483508 0.0290269028183082 0.0269857095526906 -0.0124355352584119
-0.0316979348115643 -0.0349456457504178 -0.0863621666049153 0.0104041648241106
0.0473547590862351 -0.0431108253408006 -0.182863039531398 -0.189872329434021
0.073388407931802 0.00842804740702546 0.000911264736528477 -0.473350595042462
-0.00325418087698332 -0.17794606698227 -0.0728769256133265 -0.233493016927675
-0.0965746574941319 -0.134588498493425 -0.0954063950165739 -0.112065768696329
-0.167029857005324 0.00169716592115909 -0.0229470910360808 -0.0516358462131438
-0.100017742859667 0.144949737064645 -0.0096623015654087 -0.0517217008628625
0.0282302857451878 0.135461789049049 -0.0214608208724347 -0.0934028915835709
0.0873020466707923 0.0811153768624562 -0.0916290439758096 -0.131915532771624
0.127297903312129 0.0287100245421046 -0.158834595540978 -0.112549599495207
0.132791157649918 0.017269674617539 -0.187668029931091 -0.110697657653946
0.126671910448017 0.0351310866684095 -0.176899970038154 -0.138842562555418
0.0823796555677277 0.0956634273649256 -0.0803847996292943 -0.177356988354145
0.0156869843640298 0.135153783120593 0.0370269166666237 -0.132149787382934
-0.12244156909706 0.134742010871963 0.0285026718554008 0.0111298914975354
-0.170599616614279 -0.022744595627556 -0.106216562585179 0.0108186114908171
-0.0568130144872672 -0.146502757263908 -0.208655423213304 -0.186435975872458
0.0276590235713229 -0.156348042034253 -0.0320252478934696 -0.44360595953776
-0.0471009424471069 -0.283920740908395 -0.0679534662024687 -0.166571168664881
-0.166733527479399 -0.201305349345319 -0.0822988312692346 -0.0885916402058922
-0.259065253177259 0.000477863836183942 -0.0264778505304705 -0.0652571621031598
-0.168466623633865 0.208924799868952 -0.0190873763091917 -0.0511585623062524
0.0156114382927662 0.213557274117798 -0.0255932108679234 -0.0646847452492685
0.114892634439823 0.14964343744352 -0.0681947049191622 -0.0953553765395315
0.191205659361118 0.0784915930337815 -0.107590172090381 -0.0839817001819031
0.205167824174079 0.0545821821773436 -0.122014720608324 -0.0909971590621926
0.200223864178037 0.0849738225998589 -0.114809857270762 -0.112500273001017
0.124654659419889 0.177957134331434 -0.0317595741302645 -0.143613030192686
0.00909791720389515 0.229329590106584 0.0640209243603015 -0.0926997237695712
-0.200031743131188 0.225756662649366 0.0348224339970203 0.0429547189407497
-0.292925994397637 -0.00806165499665672 -0.111217534821487 0.0235644247419192
-0.155212275816186 -0.233842543425638 -0.212080637662513 -0.153200605233233
-0.021109073696928 -0.298955652887441 -0.0522263989192098 -0.357644453646094
-0.0941035131282191 -0.353458757425207 -0.0600405250549194 -0.0608108753450971
-0.237353462504607 -0.239637221659746 -0.046453267812857 -0.0459169955906213
-0.335435980172042 0.0161092996421795 -0.0200957823845947 -0.0846302725285525
-0.212987873073703 0.268115085946798 -0.0349313764462117 -0.0557442063213403
0.0102270552720394 0.273329408826988 -0.0374569978031595 -0.0240867658645548
0.133268890577196 0.201016327253144 -0.0382157967149647 -0.0391434044124766
0.230341946805963 0.117706864257488 -0.0399710362565598 -0.0386247175473863
0.246759042736141 0.0836770705478233 -0.0373235643704519 -0.0579249083903939
0.240465712267012 0.121301687628219 -0.0334431500467559 -0.0705807353333613
0.143743402814961 0.232800318729598 0.0283869746355013 -0.0882415599310011
-0.00122097657780762 0.290263069952183 0.0912826276334274 -0.0363879761719808
-0.252454617565127 0.28270173926236 0.0441529686861127 0.0784044644233197
-0.375348286323683 0.00423857239095651 -0.0982379536791597 0.0449830269643651
-0.226512127229543 -0.288376692507809 -0.187379671771565 -0.0929177343259089
-0.0642151582122609 -0.392809337867974 -0.0571026358625533 -0.224619293460007
-0.133840730783063 -0.375819054957373 -0.0450946836491365 0.071759714984096
-0.28950340069212 -0.23959159573267 0.0123272828799995 0.0142569777032294
-0.372776422383967 0.0432405725996306 -0.00330226309457163 -0.0997127613038385
-0.222077345779417 0.301611591808481 -0.0529896567265439 -0.0555007868997932
0.0112589807358915 0.29790407852692 -0.0482350782204567 0.0274376214813004
0.137089432204442 0.221751879754396 -0.000929835912350536 0.0307958908001153
0.238620929249642 0.137857780978287 0.0363092048249135 0.0165895186442095
0.251459913776108 0.100643781746327 0.0525112163222262 -0.0157272070048405
0.24041171630943 0.13844547777485 0.0534581644932023 -0.0195137159239562
0.135297003897955 0.247898525119222 0.088105609721446 -0.0211265886688717
-0.0153893373400505 0.297856612184311 0.112264304105501 0.0282762191199551
-0.259470152854749 0.28172131522643 0.0510753829401189 0.110586426721776
-0.384010862856733 0.010303859064741 -0.0725444429292353 0.0669278368032236
-0.246130149907228 -0.293011852165426 -0.1371079735686 -0.0213661921935327
-0.0902000338375454 -0.416035209042224 -0.0469629441535254 -0.0714649674163487
-0.156583655017302 -0.340991102022901 -0.0226853522849556 0.212342230501072
-0.293711124518429 -0.198207983576763 0.0839451029425472 0.0839943612785364
-0.347138918777128 0.0631855166517228 0.020671422997175 -0.101638340128312
-0.189976861160999 0.28203706437863 -0.0641400095549606 -0.0448572570766785
0.0121347253795993 0.269903551229455 -0.0502241786880452 0.0813540737543041
0.120179094106431 0.206233927575115 0.0405472860931206 0.101718849487752
0.210732283325307 0.136518860500582 0.110763054517107 0.0722740519629309
0.217080480186194 0.102038997708768 0.13502472618225 0.0289247982046298
0.201392654254145 0.135667315247331 0.129371190281651 0.0321188846000576
0.0997285044524141 0.223242899596396 0.134234053473305 0.0437833249799178
-0.0343454575889327 0.247529829781546 0.117180255078947 0.0857180115830691
-0.223242452574954 0.215980402740359 0.0485317919947175 0.128359424479941
-0.313705759181429 -0.000429855112842901 -0.0443303820890404 0.0804594481519056
-0.206156038025719 -0.246528852688672 -0.0762883528437974 0.038334677021165
-0.0953155914515468 -0.365999878952369 -0.025273369480483 0.0725413691688431
-0.151597331001519 -0.253554411699664 -0.000906597339630752 0.337813522016744
-0.24013993064966 -0.127594162435578 0.149103445072155 0.152400928511037
-0.253738753000112 0.0643903170587801 0.0491763713287433 -0.0845386035025279
-0.124526494892483 0.204164861877368 -0.0637023376235679 -0.0277490874630643
0.00638367874447253 0.189125949575819 -0.0459286415762085 0.123275793481446
0.0808693163206668 0.155110394849934 0.0759786757076775 0.160327189378209
0.149274905518952 0.112852938219618 0.170326871191884 0.118751774186697
0.149521571373311 0.0884592438313657 0.197965439959322 0.068886083505882
0.131913142783687 0.113463718651464 0.181573970170656 0.0759689815619201
0.0474206766491908 0.165854455258444 0.15480563477903 0.0965887611010149
-0.049414544196552 0.158536622875224 0.102163228028175 0.12220110964173
-0.153075380300179 0.111819904371472 0.0357245196503416 0.123603559096317
-0.189496412742998 -0.0144160161919938 -0.0211263020235336 0.0791937211490915
-0.12883199356906 -0.160355301185484 -0.0194931355572187 0.07476224548377
-0.0864997518719065 -0.258080417497803 0.0014997610503664 0.182151047050681
-0.121621913021804 -0.125949971339064 0.0125158182249514 0.429472997070576
-0.14472742370495 -0.0382640246293214 0.195276605131423 0.208833830697091
-0.119482068909819 0.0518422447862138 0.0784035709171853 -0.0579445118866625
-0.0406390609936451 0.0899795607194207 -0.0511734916405496 -0.0147577691395805
-0.00301899050570769 0.0764570657392458 -0.0406455560791781 0.141933441927829
0.0247708106330638 0.0780888568871719 0.097367559685833 0.195778999365588
0.0613281458668314 0.0718488546858816 0.204982153693728 0.148628333909517
0.0593238634043008 0.0617237629213122 0.231644744862204 0.0984525694743112
0.0461608876205509 0.076613207963439 0.204418231282021 0.10627422299721
-0.00687720248746243 0.0890888948364542 0.148881116475679 0.129617271397558
-0.0549975353997683 0.0577691958367294 0.0717308808249994 0.134538474233017
-0.0678823174683928 0.00772956190406976 0.0185160601891779 0.101457607368233
-0.056306369964129 -0.0194436557100154 -0.00348179419596147 0.0683567458557506
-0.0476891740863362 -0.0561010716463534 0.025028022048413 0.0867610820121349
-0.069574664208301 -0.117945324608899 0.0298111016883067 0.242864213130837
0.0369880509538175 -0.0506709567518958 -0.0683873123235476 -0.272379549221004
-0.0272991626410701 -0.0530858541307324 -0.0933063229560667 -0.128023127299565
-0.0676190071735365 0.0102254466475525 -0.0143534538842106 -0.046967051293808
-0.023388002464955 0.0770599944633433 -0.00558699880315005 -0.0587098714609903
0.0420604921403558 0.0488107910958007 -0.0223083577787686 -0.115752768727659
0.051763114214023 0.0047284836322194 -0.106924146246559 -0.156202936878078
0.0475707151438419 -0.0249590798489807 -0.188756273484911 -0.133703726630277
0.0425791886352392 -0.0237746391898111 -0.227173606241152 -0.124860970114469
0.0343854912105755 -0.0188395661291981 -0.210836829790059 -0.15770258091947
0.0282322066563639 0.00246436053132299 -0.108004343122423 -0.197545963356996
0.0175388219188926 0.02705118092788 0.0209045175333237 -0.156691946136466
-0.0346384263979457 0.0300705884186743 0.0317038343972994 -0.0130719698098283
-0.0322688625339308 -0.0355882411916394 -0.0840958684306689 0.00853578393919943
0.0495912980621152 -0.0442474068119151 -0.178631687283003 -0.200165630201063
0.0746528200997651 0.00969401992852714 0.0173220345140219 -0.487272856905969
0.00255528426334288 -0.182832911209837 -0.0650197130457393 -0.247051650943187
-0.0948075128545409 -0.142214092515053 -0.0950650030036178 -0.121026888805521
-0.172021431203038 -0.00255891324369544 -0.0251056052834673 -0.0520037838661891
-0.10590763263633 0.146911164603423 -0.00835118094559842 -0.0488250544829007
0.0262095401455822 0.140689913347081 -0.0157099791971542 -0.094136548115308
0.0880594823731967 0.0856158723041403 -0.0867092185285072 -0.138421086360559
0.129203906748335 0.0333606818002054 -0.157418900813317 -0.123437988328405
0.135683656516634 0.0203723013386742 -0.190135610888138 -0.121701623983456
0.128577156087187 0.0399667422695428 -0.177025107374967 -0.151436497322502
0.0815083529619656 0.102157477140682 -0.0762603736620658 -0.188916339726917
0.0119223923282885 0.139365509419215 0.0434551854371269 -0.137236948820479
-0.130176943236062 0.13535701213813 0.0327987167632348 0.011774835202497
-0.175720715605245 -0.0284059882939121 -0.105418913078221 0.00760646026748464
-0.0527108462647253 -0.155763360957528 -0.2068044288728 -0.196444487001149
0.0351367527672507 -0.161359605386422 -0.0157211551576874 -0.458704812471319
-0.0380089633453902 -0.293768692493776 -0.0632269909691389 -0.176946002198781
-0.164997578442584 -0.214684761743856 -0.0826416114590125 -0.0952707699715025
-0.267458970089092 -0.00731439533063293 -0.0285114034357592 -0.065098267122052
-0.17856571632539 0.210208288495688 -0.0172970859901594 -0.0490893057449774
0.0101803141247467 0.220955123685795 -0.0207135370229486 -0.0651946130552355
0.114416892763456 0.158050067384423 -0.0635726770457969 -0.10027681809726
0.193760672652718 0.0869849275370704 -0.106100126395971 -0.0925291000931297
0.208812252938012 0.061546707443338 -0.123344129991841 -0.0998099736982566
0.202575645977531 0.0935969319826921 -0.113034744601758 -0.122402355041013
0.121629985564684 0.188644700046573 -0.027671730978194 -0.152937163115748
0.00230015989262943 0.235841248315028 0.069865562922888 -0.0969307654650639
-0.213882455982458 0.22558416816036 0.0384901560847717 0.0448140373804074
-0.302352713799597 -0.0178970921610602 -0.111960601534737 0.0202086134171131
-0.15014717046681 -0.249923244457818 -0.211211834211461 -0.161835015524677
-0.00898027645101082 -0.310470440820487 -0.0410484539755021 -0.370324919296992
-0.0827494913283611 -0.36795653782838 -0.0594286132121319 -0.0666877867764674
-0.235454971929869 -0.257826721671965 -0.0483534053623996 -0.0488456600706079
-0.345625138308255 0.00458485723157977 -0.0216256769511093 -0.0840553656810832
-0.228025235063246 0.269088816380505 -0.0339091318584335 -0.0543174455851356
0.0022516536871098 0.282365607833871 -0.034354516593347 -0.0246015368052594
0.131518761186921 0.212108347780786 -0.0351408192621566 -0.041314219967764
0.232981787100162 0.128314071637927 -0.0375963145346502 -0.0442719526861237
0.250345251805319 0.093555325029471 -0.0373210860947351 -0.0631435825530126
0.242656578477686 0.132641185628437 -0.0310880428289283 -0.0756385588660922
0.139486794421081 0.245273315367864 0.0312800834052706 -0.0939418365378414
-0.0106238316457847 0.298388660562202 0.0954476046446966 -0.0379555675991515
-0.270183742919683 0.283004270478364 0.0471003950005822 0.0814624816177548
-0.386450341969281 -0.00689146241096507 -0.10037263447556 0.0418648483918996
-0.220297520719454 -0.30824614582228 -0.18861015432992 -0.0986082284426787
-0.0483098777328709 -0.407864180326774 -0.0491546524348083 -0.232392417806158
-0.122336282946209 -0.392693054487661 -0.0494674468138032 0.0717094919206935
-0.288322417111957 -0.260160655961867 0.0100858420978306 0.0160760596412847
-0.384518647444414 0.0305307296730267 -0.00400271251292006 -0.099385301529012
-0.239343340019833 0.30381706877124 -0.0521990531474613 -0.0558016587187038
0.00109039283457397 0.307195753031849 -0.0471205506785907 0.0279850032954795
0.134831180223563 0.234446656602709 0.000137738926881706 0.0320863070681376
0.240654297414266 0.150029852361723 0.0384760273731145 0.0152701980336108
0.253952260427811 0.11043522160209 0.0545121979277018 -0.0166451789478303
0.242219805868187 0.149922151590591 0.0567147275524232 -0.0200518500149742
0.130758205397679 0.26149143961265 0.0908490241165156 -0.0230774011619768
-0.0257793876219037 0.306250403059306 0.11386920534574 0.0284697491307188
-0.278039493597136 0.281835398952637 0.0522788672841952 0.113595331212639
-0.395155718251265 -0.00305004303827508 -0.0743466300353475 0.0648141126202177
-0.239936609699332 -0.313898563730753 -0.13999052306817 -0.0231622789316905
-0.0729785215816091 -0.431720836691586 -0.0448235725376055 -0.0735172515740363
-0.145832778260439 -0.35879510622923 -0.0318668763145053 0.218944192195411
-0.294332086606029 -0.219514897078161 0.0807026145336128 0.0907743284117259
-0.359869887196978 0.050992975328061 0.0207231042252113 -0.100131416932334
-0.206418699061609 0.28415407378508 -0.0651207909166544 -0.0457939366435496
0.00173313632439618 0.278431887576174 -0.0522948056604623 0.0832241491037769
0.117310827901921 0.218387849795151 0.0395454163456749 0.106825909515683
0.212420781524532 0.148074918904777 0.1126500745909 0.075122679009738
0.219317672135427 0.11069828080862 0.137867183545559 0.0320818992354386
0.201930074137814 0.145629505931619 0.132673486872393 0.0359561753667009
0.094583939578051 0.234247502632433 0.135095056912213 0.0463706991079409
-0.0432517005998493 0.254410020018111 0.116835122178266 0.0875497570939846
-0.238336994613461 0.2144003814062 0.0481612562417512 0.131187054840092
-0.320687258067008 -0.0115964336306397 -0.0463312596426515 0.0787441674987352
-0.199587118843548 -0.262886568560409 -0.0789419758796494 0.0401704905158664
-0.0803898814727967 -0.380394940739512 -0.0279422565890621 0.0760959946620614
-0.145026962414634 -0.267528499987185 -0.0149507817601489 0.350327363310364
-0.241786557460001 -0.143602922633551 0.145677452726043 0.164095771280502
-0.263468333454392 0.0564814186478654 0.0491869053202282 -0.083264758446882
-0.136961548553706 0.204509423883224 -0.0655575759364614 -0.0287093148192056
-0.00162128033597203 0.19523835345958 -0.0509846934005789 0.126327443077834
0.0783491284699197 0.164073091587955 0.0734400426335109 0.169044067007266
0.149162107624455 0.122253651030624 0.172279985027495 0.126283743341925
0.150551338318756 0.0954485027144588 0.201159134192904 0.0766128363672554
0.131692998382372 0.120975759146237 0.184534399948181 0.0833077972368389
0.0426666755407602 0.173347558834449 0.154588340618384 0.101615115438923
-0.0562754688454016 0.16211118587313 0.0993214113308075 0.124405584323191
-0.162071079507015 0.108719000932726 0.0339405537104493 0.124855646671282
-0.193196569173137 -0.0222346687693084 -0.021992877567913 0.0779559415733517
-0.123458864888329 -0.170484676649667 -0.0223798808511241 0.0787902864437774
-0.0756084542172304 -0.268278108954133 -0.00501468344022331 0.190175679447921
-0.119059920345438 -0.135090761691056 -0.00365537291633961 0.443895998991826
-0.14628837564326 -0.0468955911350663 0.191397922734227 0.2237394402786
-0.124108797489389 0.0481028636803598 0.0786475008421374 -0.0561046476605852
-0.0462084502795618 0.0893738642881808 -0.0551274367077414 -0.0151268986944067
-0.00835419286020541 0.0786480662811934 -0.0468769566861218 0.146723623014042
0.022789376257727 0.0826815991186676 0.0933697179099394 0.206435151749399
0.0606995668711924 0.0768448325943182 0.206380608771861 0.160046933153593
0.0589149129903015 0.065504269182212 0.23491238870175 0.108645300509219
0.0450659036784877 0.0802075751296697 0.205783791324891 0.116312191796125
-0.0102761605420854 0.0922350111714338 0.147070473083496 0.136889102617235
-0.0586475563527349 0.0587820972808358 0.0671642724410763 0.136922830427187
-0.0720616948203817 0.00458305858592671 0.0162304561260198 0.100421952852222
-0.0561521478917775 -0.0232130061413326 -0.00378709832944071 0.0673007529587012
-0.0437651177157419 -0.0598017332470924 0.0231202364100715 0.0917358925788991
-0.0642046218536825 -0.123174593640434 0.021008020725202 0.253765043420584
0.0374699090665913 -0.0528913516646541 -0.0700815961649182 -0.291721076347511
-0.0293274392415462 -0.0549577795151489 -0.0997217536747147 -0.138723992846444
-0.0710905052970706 0.0126754182447187 -0.0186627422649401 -0.0483613770628408
-0.0218287901117507 0.0819972029592168 -0.00614536644972719 -0.0564644541234751
0.0460101220858532 0.0508807967735938 -0.0207909142495333 -0.118323425573894
0.0552479968033926 0.00383574237800182 -0.110167984630353 -0.163937748906395
0.0495583707659754 -0.0268942094700144 -0.197281952502793 -0.141622496074812
0.044208692410583 -0.0267470956121777 -0.240881845100936 -0.131383254412246
0.0359662467495064 -0.0204007743270181 -0.222285260838597 -0.167065465130132
0.0301471969943652 0.00297027049065137 -0.114490557312781 -0.210712146670127
0.0188931141584899 0.027738017498116 0.0226923952491131 -0.167492654151608
-0.0355414059568159 0.0332031593158924 0.0372369460030804 -0.0155102440977984
-0.0357562561336702 -0.0364360833193564 -0.0836846186360335 0.00869893249063289
0.0505383075749333 -0.0479625413278057 -0.184002263975897 -0.209282714524705
0.0781465875615054 0.00894283206019399 0.0191069090693072 -0.515680468803801
0.00173126199194006 -0.192574935122528 -0.0668043515604932 -0.263969450796305
-0.100014120339645 -0.150147876237212 -0.10166151982331 -0.129683878298543
-0.181119121241069 -0.000449729876143836 -0.029310499387359 -0.0520280189122375
-0.10923013343806 0.156101810510626 -0.00862256127599018 -0.0466925474680844
0.0299027189155924 0.147748038380579 -0.0129566431244162 -0.0964803005578599
0.0935916680957295 0.0893869616792538 -0.088083623130957 -0.145759629267548
0.135874096315873 0.0340534861291153 -0.164419689731513 -0.132263328003535
0.142357834957142 0.01900307802778 -0.201965159886925 -0.128998316714696
0.135050951641634 0.0415688034970351 -0.186514439963313 -0.160712408740713
0.0859892697355848 0.107884869622998 -0.0813066837124898 -0.202194304356406
0.0128626300097598 0.146219220712284 0.0473997711604633 -0.147579163907635
-0.13670849674931 0.143082013737688 0.0391415369592986 0.0117688107123185
-0.185483054619034 -0.0286811087701398 -0.107116758235208 0.00898943534170508
-0.0562087196157211 -0.166904817039611 -0.214177805584208 -0.203632964393703
0.0374427067432589 -0.171984797299138 -0.0156873376924413 -0.482924735935327
-0.0393786312738813 -0.309515092104577 -0.0650624555939218 -0.189363999898001
-0.172822590912514 -0.227705470052202 -0.0886629017494762 -0.101073274798133
-0.280542800145654 -0.00653162398233199 -0.0333484979125456 -0.0647989971181774
-0.186531513080828 0.223149045882705 -0.0174773225362941 -0.0470702740760504
0.012645907823971 0.233441141588893 -0.0180814414885728 -0.0667584011264243
0.122181038882966 0.165731249679793 -0.0637559297790698 -0.105334127618292
0.203763409675178 0.0911230778473755 -0.109836772923385 -0.100340589624435
0.219297211084784 0.0619144383543795 -0.131028453576246 -0.106258186662712
0.212659285221828 0.0976437975701914 -0.118786137689025 -0.130523073116119
0.128807752022342 0.199276288625484 -0.0305110091412225 -0.164431492365329
0.00272218924904968 0.24819749707477 0.0746585837511416 -0.105361650051486
-0.22551796589966 0.238681602940881 0.0452213565595392 0.0463922283074387
-0.318751234752869 -0.0181314816539034 -0.114605985311324 0.0215500799510067
-0.157065898752849 -0.267533164706567 -0.220981943472341 -0.166836017257571
-0.00761749552006504 -0.329415778056386 -0.0427016757559158 -0.389839363911164
-0.0855643599761472 -0.388753440731611 -0.0616748615877866 -0.0718350457583019
-0.246900267087018 -0.27480276986333 -0.0527292306381719 -0.0513618294500303
-0.36410755783068 0.00645340762129077 -0.0257944095223285 -0.0841142914394512
-0.239270051660351 0.28558509087002 -0.0346718727128465 -0.0539451149388288
0.00319768458580648 0.298976555658841 -0.0320051015033726 -0.0250346267659789
0.140214643115385 0.223422551350148 -0.0341011613577172 -0.0435290953320828
0.245025818038748 0.134307723988425 -0.0381397001075916 -0.0498405825379949
0.263592868664125 0.0955097396777901 -0.0402819181814301 -0.0685322111183358
0.255433614844173 0.138493357092043 -0.0317447772989004 -0.0822927904867815
0.147069431748055 0.260032573652703 0.0321293494243333 -0.103138611398095
-0.0103048723683995 0.314101480200211 0.100671897987295 -0.0447042622710734
-0.284747130819328 0.298762058715662 0.0543081403996951 0.0843060401689597
-0.406220017195726 -0.00702166880493414 -0.103106535591758 0.0433112900986228
-0.229846955794171 -0.329847333477472 -0.197450764655848 -0.0997657698340069
-0.0464737792494035 -0.431459255932943 -0.0515085152009468 -0.244536950990167
-0.126133425604513 -0.414232139428254 -0.0518723804151677 0.0754000029373267
-0.302181948874035 -0.278550311066947 0.00811558696561122 0.0181923960415468
-0.40643208604513 0.0328156922662614 -0.00783998716963449 -0.100369609878484
-0.251425688041439 0.320862315196277 -0.0548687378221211 -0.0556573353894171
0.00111017874196686 0.325832963647133 -0.0460735384860526 0.0295805037578633
0.143587596964822 0.247701898444994 0.00290058678863144 0.0340967166614273
0.253624430525447 0.157668896017871 0.0426263065641223 0.0127398833762391
0.267331794573054 0.113455789031741 0.056369678080297 -0.0195116363855928
0.254426764349968 0.157342534883839 0.0605991910774727 -0.0229761902278138
0.137149031265176 0.276027749117612 0.0941490492687638 -0.0280702258983956
-0.0265071376083646 0.322339038534487 0.119611920015808 0.02502294987305
-0.293521812470495 0.296702027294985 0.0588818903669683 0.117230975888494
-0.414427801078872 -0.00294639696983668 -0.0768612627728525 0.0665573043863015
-0.250099925448946 -0.334654650645359 -0.146266832201685 -0.0207139176172145
-0.0730425903009874 -0.455799958115576 -0.0457232756162119 -0.0752929398004534
-0.151384390072677 -0.378317643463833 -0.03416978227398 0.231707185954597
-0.309018087607898 -0.234674035159377 0.0828434874827832 0.0976293893895605
-0.377725235576157 0.0542083341833306 0.0178407738295657 -0.102063102471635
-0.21802273469251 0.299789196302884 -0.0689208656970103 -0.045017503313429
0.00154319475934793 0.294546624515467 -0.0529309572596672 0.0886473403210812
0.125398422850065 0.230115772546096 0.04356821871317 0.113655751363025
0.224062569176602 0.15553277924959 0.120431767175297 0.0766298496228431
0.230739604583814 0.115386614912535 0.144689858790671 0.0320857715192402
0.212121249366384 0.152778201836379 0.140984774259858 0.0363499322995252
0.099383929860224 0.247718222789984 0.141393206037977 0.0456748716818066
-0.0449239888131231 0.268018741972876 0.121590183580822 0.087082876030459
-0.251890071154431 0.225793080606032 0.053199173492673 0.134625105914232
-0.336662604448412 -0.0119846512564128 -0.0472621603613812 0.080240280513036
-0.207276971383446 -0.281214540963263 -0.0823877475933912 0.046164130580736
-0.0805082369384319 -0.40035947231753 -0.0280859648927558 0.0829942340644355
-0.150661336535859 -0.282528953845633 -0.0163864371608834 0.370638599999769
-0.253209116954167 -0.154912230480629 0.151114687321972 0.174618644788489
-0.276574104617968 0.0585876933036081 0.0475040797017166 -0.0855973159709638
-0.145420891772236 0.214996695873912 -0.0711036237329355 -0.0280102905309718
-0.00362399287024896 0.206695950214193 -0.0522660885093584 0.134152492190271
0.0834733750414482 0.173807260449001 0.0785801922502072 0.179383443987246
0.158171398757634 0.128327413500394 0.181988131541888 0.131320411490928
0.158747788770402 0.0995201805282737 0.212103441688195 0.0785165493480052
0.138907110023651 0.126914162944387 0.194475956494458 0.0867945385453787
0.0449473353128432 0.183039827347574 0.160848672045314 0.104595222691485
-0.0594417487117922 0.1710552973552 0.102752560890127 0.126547728094027
-0.17258546778896 0.114154924169867 0.0382916346598643 0.127609366433087
-0.20179835733305 -0.0237414891387444 -0.0215121018747689 0.0793514161792458
-0.125805789115527 -0.181883829535526 -0.0230089951857806 0.0856644897356577
-0.0764842308006068 -0.281698118898529 -0.00455234032879599 0.203472703410328
-0.124378905624822 -0.143004585053095 -0.0041322069752544 0.471226740758291
-0.153381855637087 -0.0515390268518404 0.19975976257913 0.236294098945565
-0.130206488400721 0.0503815715553491 0.0782040481573923 -0.0581851870129337
-0.0504952707227337 0.0927813325593654 -0.0609409884920222 -0.0140375270306913
-0.0115890794926613 0.0831562166757759 -0.049364418875424 0.156082142670198
0.0244695349478882 0.0884307807738276 0.0993513846904933 0.218441353268591
0.0645007052626032 0.0811470660207094 0.218208958572404 0.166960033662666
0.06265603446469 0.0693820935761637 0.247511862995153 0.113941096567245
0.047702651858874 0.0842835592846131 0.216303657963801 0.122989036425495
-0.0110135336521846 0.0981355149872196 0.152706426917781 0.141918477688883
-0.0622558110398361 0.0625007611182379 0.0680722395966099 0.140414562727556
-0.0768267895149738 0.0040274161378032 0.0174526691375556 0.102214322679198
-0.0578276491589825 -0.0253404335585665 -0.00151307332023774 0.0682412353270354
-0.04261299481057 -0.0637080498602634 0.0242915782684566 0.0978961199377072
-0.0647368628152886 -0.129082356044985 0.0222834706119965 0.270344189441651
0.0407399217486271 -0.0485829594232128 -0.0134159479232651 -0.314007494287386
-0.0222899083056247 -0.0590121164663153 -0.0796221624517295 -0.164782805070713
-0.0748887270392684 0.000517534251021263 -0.0183361307103995 -0.0496890001879356
-0.0357714519497148 0.0784370974371671 5.14397403110437E-05 -0.0492875760429634
0.0363332419841164 0.0595364704912074 0.00467041510322465 -0.119769684982005
0.0543548534815006 0.013449834542602 -0.0807668868593526 -0.188142024097999
0.0543979269697617 -0.0194794102839111 -0.175970643751229 -0.183702922288527
0.0490781089575446 -0.0191630298601975 -0.225422390768572 -0.179587246566296
0.0404981813414792 -0.0143134904182799 -0.202827131587141 -0.212677077973282
0.0299463177210595 0.00780605338493563 -0.0827712415059131 -0.239539257280252
0.0141327441330124 0.0309614516867935 0.052773447169658 -0.171197778809357
-0.0420041519055415 0.0291757409391717 0.0463404799909309 -0.0134821032282568
-0.0309173722923411 -0.0444286817101962 -0.081604963526585 -0.0043042115909551
0.0595092086283326 -0.0446670194634041 -0.149051893102554 -0.242774654746055
0.079068113905941 0.0191502709191459 0.117421753681596 -0.531132547306059
0.0345086748404393 -0.196289757382807 -0.0148529339685291 -0.290975897604377
-0.0746219065257624 -0.169231290443869 -0.0852268566142647 -0.15752257710246
-0.182437985213098 -0.034449417655897 -0.0339072742686568 -0.0557728838348614
-0.1362302755428 0.137741525373291 -0.0111559831530945 -0.0370811804387716
0.00229816252864432 0.154460165252716 0.0101891007025091 -0.0907956176493145
0.0778143152645476 0.108383417468693 -0.0604246013341812 -0.163477646857993
0.13102851939816 0.0587530785090766 -0.143313045986649 -0.16537173697608
0.139098943388249 0.0482480625497619 -0.185877514374925 -0.171109473428054
0.12977362891502 0.0684844998024911 -0.16824662982134 -0.200648772316956
0.0669152592265654 0.127643786511715 -0.0531153809960781 -0.227212672175817
-0.0188890000198717 0.152574571830345 0.0758004058618059 -0.151651931827423
-0.167629675577714 0.123805535398327 0.0472463275878626 0.00750011953687259
-0.186461273930883 -0.0708990943918532 -0.103108120912233 -0.00756693575253174
-0.0238258000944819 -0.191650739681039 -0.177126496646673 -0.235551335309334
0.0768399031689081 -0.18184132007581 0.0726646870036304 -0.49468084412899
0.0184590963142425 -0.32183670403569 -0.0284768369489471 -0.218019043522813
-0.132078117640459 -0.262196487363514 -0.0792000027267762 -0.127729542141279
-0.281447687556669 -0.0602883239479221 -0.0419442176085955 -0.0692367702051828
-0.225810314534047 0.191796768477482 -0.0267752384664094 -0.0378090727807576
-0.0318888778380238 0.238242119481399 0.000123844177427579 -0.0573372830173363
0.0922120171621062 0.19294142738893 -0.0418766756310269 -0.115394657139079
0.189411347228663 0.129421124512384 -0.0917143831703186 -0.119862162925468
0.209511156239685 0.108315103788139 -0.117532594665371 -0.135473735778976
0.198032846170698 0.141585216923638 -0.104633801703157 -0.157643349717395
0.0923895972033169 0.230782805764946 -0.00943139905369686 -0.18099695822105
-0.0518152584334582 0.256559733709564 0.0966769200272804 -0.108346486785511
-0.278604287966007 0.205196270041365 0.0515059169355296 0.0367347036039778
-0.325871759953422 -0.0909107642100211 -0.110264489879451 0.00486185652416638
-0.106517286890971 -0.317514002725725 -0.187653604437329 -0.192792355235128
0.0650059747920413 -0.357423538727105 0.0265713761389372 -0.393325378029331
-0.00777653292967915 -0.408815414894694 -0.0481447013474876 -0.101189306345806
-0.197161285107029 -0.324617982856693 -0.0534414932076777 -0.0710373314723435
-0.368680255609857 -0.0644834700361364 -0.036564002621649 -0.0873866667878109
-0.291389921701571 0.245423547671262 -0.0484778606149688 -0.0461797634892474
-0.0538083725596426 0.303906412609757 -0.0222977776518479 -0.0131439297961761
0.101115724638615 0.255565258005388 -0.0221818121603991 -0.0445033876133202
0.223796846115638 0.181775778566637 -0.0257676494562704 -0.05295810452598
0.24786909390159 0.152491192670432 -0.0298182754749179 -0.0795365885986215
0.232661521868674 0.191993643609881 -0.0235310972726889 -0.0923400128462168
0.100512610576698 0.297672206210855 0.0428731964448988 -0.107615845595292
-0.0797465202726869 0.322502860343312 0.113388816591999 -0.0442201775034352
-0.351454244320047 0.255878355861481 0.0554356714853596 0.0722245142212007
-0.417307736026779 -0.0979241459036268 -0.100749249521817 0.0284647232469904
-0.167287118828848 -0.396148003811323 -0.172426752884358 -0.116485516141776
0.0465097167346852 -0.472029964784113 -0.0121244670559505 -0.237364235015263
-0.0424286247159357 -0.441153600711348 -0.0669238780707826 0.0497858220459038
-0.250106081868456 -0.340311606573814 -0.00444825149857454 0.0119506713497973
-0.416085398238728 -0.0469926067262748 -0.0182425706814498 -0.0992635396265397
-0.311663252305493 0.278798335727434 -0.0713255363857258 -0.0495921203606837
-0.0617701093280752 0.331129941927592 -0.0473342728826027 0.0424548435932194
0.0998276161301945 0.28260972567123 0.00219646500861722 0.0425944348161501
0.228345087223203 0.20749654744962 0.046680187904195 0.0276864596301814
0.248971045374834 0.172448725714463 0.0616766881309096 -0.011047783650555
0.228600537640648 0.210972706388657 0.0622907058937442 -0.0153763614354816
0.0867815905329647 0.313229434372133 0.09421532531206 -0.0194034133234811
-0.0984676357003633 0.328064210261453 0.120895105704707 0.0298439442148113
-0.361364026034953 0.252679433775198 0.0539447404304654 0.105863387792265
-0.426936621696709 -0.0959435029614659 -0.0784866284878099 0.0564502101697715
-0.186478226770577 -0.40445814582024 -0.134486720532618 -0.0259610974089744
0.0248842753432204 -0.502077037290446 -0.0387926358403026 -0.0596931042619543
-0.0712199936858749 -0.408611772025616 -0.0798110184492398 0.213655435785242
-0.263012376421301 -0.297627745660987 0.0572475016230201 0.108709917054726
-0.392194259305727 -0.0215030451368868 0.00961521264705297 -0.0956368681359355
-0.274048332048679 0.262354851217904 -0.0863119829536847 -0.0429397279139856
-0.0550411761067904 0.300478041630888 -0.0659416566238024 0.0996439888972165
0.0853713294154985 0.261559343010739 0.0296994185519301 0.132511504893967
0.19964810330089 0.199938032849669 0.115185086618522 0.107814760270249
0.212585823407423 0.166478414747838 0.144351814543682 0.0583894051682255
0.186570358150652 0.198439136567462 0.135510202915041 0.0600973270109939
0.05351126485114 0.275832193230397 0.130426744464945 0.0649600602406182
-0.106168351226074 0.268755500292049 0.112053628802509 0.0963129057791461
-0.304613331869187 0.186869703130502 0.0435266655066431 0.127244062966518
-0.343541607222411 -0.0880706598222497 -0.0524711423916461 0.0749052545051326
-0.152507598069312 -0.336443595710931 -0.0835796962274886 0.0500320840477374
0.00499900719620254 -0.442410592407248 -0.0505846001625194 0.105115163674072
-0.0878272667533805 -0.30963035042621 -0.0886778004619733 0.362809487436796
-0.220739864963121 -0.20737229518618 0.115662210531318 0.202642329478211
-0.29058162328335 0.00195727148120929 0.042569858665972 -0.074242608368209
-0.186257039476474 0.189456669820706 -0.0859809653412895 -0.0297906748618536
-0.0434152853217453 0.210515716896083 -0.0760883723134496 0.142294722842695
0.0537710536509685 0.19586028550254 0.053146346851171 0.205280186344507
0.137895749624916 0.160457042635792 0.168761825827041 0.174809729736057
0.14276026252682 0.135540967198412 0.205311901099431 0.11924324656483
0.116138704373871 0.157674844153888 0.183734167130608 0.123081142547374
0.0105671410125444 0.199056192839958 0.142592668518575 0.130453183084502
-0.0998471937656434 0.165413340778923 0.0846238350643407 0.137146909536735
-0.201493558369101 0.0858788389614877 0.0255182322012651 0.124186669823389
-0.200919708423292 -0.0706583810014038 -0.029557520926289 0.0774275360716819
-0.0888656897503871 -0.215267141374698 -0.0335555299517791 0.0951389163856899
-0.0152158364729463 -0.313248201167391 -0.0478268110814421 0.228144147123713
-0.0879069811464086 -0.161937228631401 -0.095415619039304 0.471193515998933
-0.138559788545329 -0.0842139947137067 0.157809342383348 0.277352548966652
-0.140811791837747 0.0226525456288079 0.0779962944171153 -0.0426044805033313
-0.069550723716149 0.0839532482089513 -0.0692085037532101 -0.0199167907031479
-0.0272252327044794 0.0843860596333099 -0.0795826953528851 0.159178927087369
0.0102673246988861 0.0966000980323389 0.0649637236796183 0.247993682709261
0.0522916287070339 0.0950572480879995 0.197436834908017 0.216652601114596
0.051379934318086 0.084910467526836 0.236684063493449 0.162527961949147
0.0325809828780452 0.0957296082498901 0.201621424656757 0.164199973606418
-0.0301950265826322 0.100436319216337 0.129840322807205 0.169668231533018
-0.078855715669359 0.0529463073723414 0.0462202063502107 0.150326528845979
-0.0824299304987332 -0.0102645354693117 0.00522763255007039 0.102167403689405
-0.0530234299630801 -0.0398312443164057 -0.0100838830464966 0.0678976219432455
-0.0279215054515158 -0.0741066429020167 0.00807414130597154 0.109593070614833
-0.0373159577712229 -0.147597789348108 -0.0317129339795025 0.294190854862984
0.0362382639589904 -0.0510189663389711 -0.0314988680513885 -0.317487645048792
-0.026530955655833 -0.0567816073528748 -0.0921782303953824 -0.163056795646797
-0.0744652972596455 0.00765048494859336 -0.0231726588888784 -0.0465902811203336
-0.0288522482203768 0.0814805264616743 -0.00295696499135768 -0.0440771539640146
0.0428932300126378 0.0564666465537969 0.000451664793516771 -0.11693661589797
0.0562633346743175 0.00896394060450536 -0.0904381748954787 -0.183303094638207
0.0530255955054998 -0.0234267963573025 -0.18615310845155 -0.174162086873285
0.0477798881599216 -0.0234557480298342 -0.238382282412187 -0.166241234963133
0.0399104271103791 -0.016893724285371 -0.218028125433531 -0.201252854835701
0.0314617659095442 0.0063502242569807 -0.0992356791228658 -0.237386285271628
0.0166134952845746 0.0295641544813143 0.0437842362006007 -0.178151225149144
-0.0391796210263015 0.0330809947692355 0.0488467990489263 -0.0180939266366718
-0.0348335816319455 -0.040800307022038 -0.0775684287908605 0.000195400616155624
0.0549897171251882 -0.0497684517712134 -0.160380891990125 -0.231746951297666
0.0792803967234946 0.0127484369739367 0.0842824700607861 -0.540171229298694
0.0217468724285651 -0.198568047166336 -0.0319080427371872 -0.293670716087945
-0.0854086392574644 -0.165194057232094 -0.0968185624358616 -0.154802061235514
-0.1837608983937 -0.0206886919121023 -0.0397038509398577 -0.0510857506940629
-0.125451639633211 0.148356175612048 -0.01281974811248 -0.031843202131126
0.0145786970192242 0.154985604644717 0.00789690151826778 -0.0899528757959035
0.0859224151689449 0.102399193505327 -0.0680120547362421 -0.160518255174508
0.134525176543027 0.0497868269335911 -0.152188060144784 -0.159107565347812
0.142450453392112 0.0372522985289726 -0.198657920048115 -0.159956149440583
0.133907873417386 0.0601933689925289 -0.181817996891089 -0.191932889431477
0.0754064787014801 0.124699167149807 -0.0687810329539519 -0.227458003708273
-0.00895191832140859 0.153843195198124 0.067781030682945 -0.16029360904875
-0.159725576994456 0.136184965192673 0.0523039223670964 0.0027208706423663
-0.191935740353511 -0.0587336725075325 -0.100424456179532 -0.000479106383279415
-0.0373420799557189 -0.193685937714615 -0.189434267334119 -0.222206349910326
0.0662526897171522 -0.188930146718434 0.0412082482583106 -0.501081773233544
-8.99873329816402E-05 -0.323839634215745 -0.0413438176250334 -0.218986481235158
-0.147984471015302 -0.256179936547266 -0.0886274759448309 -0.124452894109122
-0.284675940375108 -0.0407175356360551 -0.0482492676412132 -0.063324972920321
-0.212720431393844 0.208273813813495 -0.0283226628792869 -0.0317827783896496
-0.0143292088415804 0.241027296907614 0.00041622115937321 -0.0565767356126513
0.106253723223348 0.186232816406402 -0.0462321668214985 -0.114169442678637
0.198711516038745 0.11740164132815 -0.0983536351856279 -0.118213717348277
0.216579835002161 0.0931964106037549 -0.127293870080817 -0.129717222052568
0.2071052698661 0.128860589784864 -0.11532120667713 -0.153996866387788
0.1075321824044 0.226515312874381 -0.0220622595378699 -0.184371032410771
-0.0361153023324617 0.260190722821096 0.0910918765715015 -0.119004807898786
-0.265969323440869 0.22430342123488 0.0586125485154876 0.0321642025581809
-0.331556703188516 -0.0700646537388316 -0.108369420245916 0.0122408270466677
-0.125889381515336 -0.315925965931418 -0.197768906866513 -0.177337156150915
0.044262862058408 -0.363323703762423 0.00290176286580995 -0.394571398900516
-0.032094867683618 -0.410074508033095 -0.0533203040365443 -0.0992705694382801
-0.217132866776494 -0.316026024137742 -0.058966116911621 -0.0681524663073133
-0.372171736977296 -0.0402356850501329 -0.0445769608712085 -0.0808795136376859
-0.274714227872387 0.266342400486026 -0.0507331671765458 -0.0390614179986851
-0.0332905929347031 0.308968100329941 -0.0188080204361993 -0.0118022829123737
0.118743299395586 0.249162146547758 -0.0214953398273508 -0.0439902131911656
0.236249516812155 0.167698499690825 -0.0286715566749116 -0.0557306943764118
0.257820378392597 0.133932676475398 -0.0359378698862422 -0.0793287958468242
0.245556044086351 0.177144947440825 -0.028954106669083 -0.0941854379988811
0.119771426602576 0.292846010270371 0.0346074057733738 -0.11407346987228
-0.0603878270383525 0.328471622052147 0.110964012129112 -0.0563225629013574
-0.336720923315711 0.279860800005208 0.0642851071567025 0.066736393800447
-0.423628286112102 -0.0731022166679214 -0.0975429035963079 0.0355161748920672
-0.190643529849838 -0.390991931391921 -0.178239441976275 -0.101258394397525
0.0204897034487605 -0.475935860237998 -0.0262495830175526 -0.236014034674434
-0.0664772483439375 -0.439880566847736 -0.0637194928774297 0.0540738377550059
-0.27151983396919 -0.328590111136428 -0.00469858532470356 0.0128595068687079
-0.41956686297815 -0.0194228784592305 -0.0272491072846641 -0.093782763656063
-0.293327568636312 0.299944088164109 -0.0749558768185461 -0.0417224390739997
-0.0395997275954526 0.33725922443108 -0.0410542835033431 0.0456448693084954
0.119535639656582 0.276422489493161 0.00762957855191843 0.0424457610455762
0.24267419380086 0.193230338505992 0.0489182923634461 0.0204235311314884
0.26046267087772 0.154300011793726 0.060182158653932 -0.0169451400410339
0.242266045652264 0.195777424561624 0.0619639586597138 -0.0222537330796693
0.107318328976713 0.30926034422303 0.0908939772557497 -0.0290432004136358
-0.0778849001162081 0.335664046933752 0.122061888597295 0.0170051013183447
-0.346448580806098 0.276875727707844 0.0641501831859398 0.100364235563807
-0.432447275101705 -0.0700166615778473 -0.0739482673572865 0.0611200772752568
-0.210037462120756 -0.398878177748892 -0.135207801085664 -0.0126483856334899
-0.00502685671949148 -0.504009366139536 -0.040950229023656 -0.0549041087051542
-0.0938602955188209 -0.405975534971564 -0.0662300437729188 0.220315546713933
-0.280793158433801 -0.286255568296453 0.0635967584830984 0.106466759299895
-0.394174650143787 0.00255413329138854 5.00474547735255E-05 -0.0933521965334631
-0.259150647062008 0.280980750914 -0.0908431017089271 -0.0344702229457511
-0.0372467617292974 0.306118415963469 -0.0576354694937716 0.104860210724856
0.102844287122681 0.257353891865434 0.0404482952890951 0.130955744438732
0.213681556226956 0.187804584289952 0.123104238912996 0.0977511342274418
0.222919626860865 0.151349902500199 0.147587183881914 0.0474061984855155
0.199232955503543 0.186266244942484 0.140129666893977 0.0489038457208232
0.0710122400421556 0.274538720884566 0.133171751977028 0.053715106064674
-0.0891910834283944 0.276731766820403 0.116647078772961 0.0843949147409328
-0.293693432477299 0.206417417617145 0.0543050329469767 0.121199996435847
-0.347048007113051 -0.0679763914479713 -0.0472413811042599 0.076657748249861
-0.17048287537941 -0.331644391296472 -0.0794183079818962 0.0596473594544395
-0.0199067626599929 -0.443359398717937 -0.0430673710636315 0.111345070768515
-0.104766417229211 -0.305763051703831 -0.0670754043948996 0.370640559845561
-0.232199568270103 -0.196476128716452 0.127300535605173 0.196627011002219
-0.290343527174844 0.0199328734384828 0.0337333331532248 -0.0745872598201422
-0.176042265745963 0.201778482995675 -0.0899063594898144 -0.0221418505497147
-0.0318659361765004 0.215198762934419 -0.0667096240064332 0.14869975568229
0.0668230976162686 0.193842241965504 0.0674445173599523 0.203689108570896
0.148772592175788 0.15232411066192 0.180343363328685 0.162464966182712
0.151662144370088 0.125931503488036 0.213333740239831 0.105002151679733
0.126701089843162 0.15055167951484 0.192080571878561 0.109348742012732
0.0226867414796673 0.200299518263803 0.148782416556487 0.119284956508646
-0.0898433704019099 0.172831639336689 0.0915635207933821 0.128283221558531
-0.197616942880273 0.0984001499345184 0.0348131335212909 0.11940466231296
-0.204278437554856 -0.0592726675904546 -0.0238690952970129 0.0774608072334243
-0.0988413964047887 -0.213055855290305 -0.0277045519490495 0.100977501289446
-0.0317078957495429 -0.312957756305367 -0.0330006714457288 0.234762611503826
-0.0966211287583459 -0.157573806229961 -0.0670834024100623 0.481196308028038
-0.142804263795643 -0.0770090328322598 0.17308764520543 0.268616639013524
-0.13895519771318 0.0308166740804576 0.070816940939146 -0.0465140145681081
-0.0660049050423624 0.0873395376692403 -0.0738635780800009 -0.0140487100446121
-0.0240337168122499 0.0872424126201508 -0.0707517411855982 0.16592319547191
0.0161723485545404 0.0974295908660841 0.0817195782816293 0.246008379208407
0.0586365688027589 0.0928119180547442 0.21252412498545 0.203878140186662
0.0575485120147743 0.0813035885286163 0.24745371998986 0.146953549688212
0.038862911175391 0.0941030595003964 0.212403028897116 0.151233107411943
-0.0237530011374169 0.103868291086568 0.138140320424544 0.160259555177449
-0.076290698936524 0.0584937398447562 0.0527198984873001 0.144648627264973
-0.0843519055013236 -0.00609377910154569 0.0120991160408169 0.0974814581167707
-0.054090396715859 -0.0381383130606102 -0.00447220888443546 0.0666246236992678
-0.029052025016064 -0.0739251064114453 0.0148816869344882 0.111392278048305
-0.0439259919925453 -0.145061672615985 -0.0125326241983119 0.300611061605449
0.0322243291136558 -0.0501091194364562 -0.0431732860825158 -0.309745156915036
-0.0285008720941263 -0.0537334297545408 -0.0980419110714933 -0.156896643518479
-0.0706145638787215 0.0113191179164272 -0.0264817335788844 -0.0420898842668479
-0.0228216734383912 0.0804972247047076 -0.00379944429439734 -0.0377542077045574
0.046158088726051 0.0517818411704304 -0.000845767328198002 -0.110728362847236
0.0555802355289492 0.00459317583840469 -0.0931883909362799 -0.174229785268326
0.0507168398312929 -0.0256477231399372 -0.187167942948446 -0.161985312320808
0.0448505859023882 -0.0263525064094117 -0.238257602310709 -0.149713344237102
0.0370129448712668 -0.0184069864257247 -0.21995491803207 -0.186217911493062
0.0306457701616005 0.00470489090226394 -0.107146391944267 -0.228119565611744
0.0177940914287058 0.0279830917193513 0.0356843595956956 -0.176623372298498
-0.0352962973997343 0.0350849589718134 0.0499794175787231 -0.0220435508716506
-0.03599454734998 -0.0359625186088299 -0.0712086811760696 0.00253666927956652
0.0490638922263282 -0.0517169685770312 -0.161131763632768 -0.217524959582281
0.075625180801516 0.00794392418890651 0.0576631831232334 -0.526082679391633
0.0126113843303232 -0.193265169764989 -0.0417359110791595 -0.285337347482602
-0.0893114488805621 -0.156991650211387 -0.10211738025856 -0.147718193642691
-0.177115652469298 -0.0111143348441652 -0.0420904473276628 -0.0451110619331716
-0.112945176032769 0.149577677493184 -0.0119799635800144 -0.0255075009404818
0.0226932997688118 0.148086082724395 0.0080495811405354 -0.0858741560023388
0.0885408175182048 0.093983540000656 -0.0699604239859908 -0.153477842647721
0.13297084209171 0.0412005233444185 -0.153717442001321 -0.150268386173018
0.138907816482709 0.0280977691226316 -0.199681750467337 -0.14653267292974
0.132124880057958 0.0520663323625914 -0.184687209563104 -0.179905077178128
0.0789713443895076 0.117940610395515 -0.0772919747614504 -0.220102646045882
-0.00222998730873895 0.148923013864085 0.0594991325243765 -0.161002259445806
-0.148350671813482 0.139045910244883 0.0546617560789282 -0.000997056526740037
-0.187544728413817 -0.0478374451231271 -0.0941715400160878 0.00380397545787558
-0.0446626662996005 -0.188938647773521 -0.188775507517076 -0.204459945195017
0.0560378002736344 -0.186697750714211 0.0189051088301916 -0.486404166124627
-0.0133242033111733 -0.313674654830151 -0.0473435350871207 -0.212315839989389
-0.153959143975586 -0.243341165410821 -0.092038229805797 -0.118162971054437
-0.276138914060731 -0.0258759311302704 -0.0504439169968879 -0.0559916827029698
-0.194894894821378 0.213131414220345 -0.0278081869444992 -0.0257271409363754
-0.00208104056217602 0.2336146747606 0.00237801040404704 -0.054162308189075
0.111831581881291 0.174566098389271 -0.0468477495047954 -0.110131358317507
0.197712587089342 0.103542774680216 -0.0997085174645027 -0.114107621190485
0.213020342595068 0.0783217225564559 -0.129412497116698 -0.121823336890224
0.2059074640778 0.115511038923192 -0.118940239872577 -0.146917603026658
0.114265809749312 0.215684594961312 -0.030683193048466 -0.180132130233292
-0.0239858528830745 0.252813417261629 0.0833975701704726 -0.123223324910437
-0.247251824098336 0.229366433941137 0.0617544300995617 0.0264324080213739
-0.322962389418736 -0.0540006764591069 -0.101710589167034 0.0167248306956158
-0.135755500477225 -0.305473795668563 -0.1948732779971 -0.15966605950713
0.0288118418870543 -0.354697316348647 -0.0124743422565347 -0.381275128486853
-0.0453852412953335 -0.396561597149139 -0.0556919271433307 -0.0951050660325047
-0.223055134144086 -0.300067702962206 -0.0609838508666082 -0.063648875462454
-0.360577801055593 -0.0211047403523207 -0.0482018559964609 -0.0725584060407734
-0.252206420261755 0.271873508041964 -0.0497494498281894 -0.0314765621387659
-0.0177892925357782 0.30102380574899 -0.0150630204008114 -0.0106124420049323
0.126483241705178 0.235379707613773 -0.0207010202521121 -0.0433910077990352
0.236494357310132 0.151241917102834 -0.0294699637553019 -0.0567304822729508
0.254484621240339 0.116271038348882 -0.0395894376257034 -0.0765533903709831
0.245197108676151 0.160452643282643 -0.032812334279391 -0.0928320036397739
0.128250378158814 0.279822901454992 0.0261591342747627 -0.115042463575724
-0.0440846274051717 0.320153276123293 0.10440000120307 -0.0643968380563549
-0.312726282461124 0.284997537189423 0.0683091588274597 0.0593094510251541
-0.411643148023675 -0.0533679616204662 -0.0909990500333984 0.0385235790843609
-0.200190236704042 -0.376595729458579 -0.173849642221973 -0.0862424504521975
0.00145471273643983 -0.46223975117546 -0.0341661435846345 -0.225915551661185
-0.0802669534444396 -0.425006495125596 -0.0583781021453745 0.0551660236118528
-0.275750637945968 -0.31015201214079 -0.00517470863135916 0.0126452484922528
-0.406376849137598 -0.000458451717987668 -0.0327405087307694 -0.0856556909184003
-0.271218284136542 0.306405270869738 -0.0738181431655155 -0.0335205692213302
-0.0233280107412991 0.329651812371317 -0.0350775137909102 0.0457510764124423
0.128718876349442 0.262839077135748 0.0112623572050192 0.0396826481143548
0.243936688263113 0.176200771250062 0.0483992388441766 0.0139124807747445
0.257685463975193 0.135828777201668 0.0566086647943831 -0.0209703031677979
0.243037341203105 0.179213264664547 0.0582545148705977 -0.0275611785369952
0.117034767520477 0.296448516495278 0.0844809587666018 -0.0349025248254043
-0.0616802310957385 0.329203467407591 0.117147512470115 0.00662834234602665
-0.324014828153323 0.284908780307807 0.0696909942799523 0.0911596037671446
-0.4191372995042 -0.0506138144681154 -0.067891904738348 0.0617107058156631
-0.217314850985029 -0.38181177195833 -0.128815726235342 -0.00226883107206446
-0.0221517955109211 -0.486333160826782 -0.040487004817509 -0.0493798414092696
-0.105414738374546 -0.389507613787421 -0.0543546125529164 0.216990769960077
-0.282449265294798 -0.269547076228864 0.0651806379369423 0.100531990096485
-0.380767083088512 0.0196316587832175 -0.00642361581969663 -0.086276334737951
-0.238900675470149 0.284997884999131 -0.0897466418333446 -0.0267281346564754
-0.0233027906777334 0.299577776213765 -0.0498710293918899 0.10401992722222
0.111196939569927 0.244532801017074 0.0457162762018138 0.125000187093614
0.214874649924831 0.172580326031438 0.123570030054531 0.085766103620625
0.221744794993228 0.135329648505418 0.143898718254893 0.0379959961443452
0.201186061950683 0.171944279292078 0.137299131991473 0.0384963484550703
0.0802586859067307 0.264843102784651 0.128562495080196 0.0438921957877351
-0.0752893767520081 0.271726652255109 0.113992793412481 0.0722275444337043
-0.276262322888816 0.212928085026931 0.0596205778130386 0.111128677094737
-0.337028196121618 -0.0525549257196834 -0.0414640999515617 0.0752863115445695
-0.176383495614425 -0.318296155457633 -0.0729151296988559 0.0652337885279349
-0.0346633219203152 -0.428802458677931 -0.0352008509484015 0.112162558233366
-0.110782284947717 -0.292427615132969 -0.048610346541325 0.363282020628546
-0.232014753316258 -0.184186942756752 0.130285109005578 0.186459066739895
-0.279231395284706 0.0310071034345449 0.0261062409235109 -0.0707370398436205
-0.162771462250237 0.20306994154978 -0.0900637453398152 -0.0153385922766113
-0.0233232442604711 0.210891277173457 -0.0579055109322355 0.148063996871798
0.0732224241465868 0.185711137514531 0.0748274408368237 0.195076057272901
0.151363043064024 0.14107041240653 0.18201606587378 0.14745849206542
0.151827793582311 0.114397672342626 0.210342397461767 0.0915735006907576
0.129067593774982 0.13969770416706 0.190666999365848 0.0958945858960778
0.0309466860771084 0.194052151821733 0.146328144636346 0.107151736642453
-0.0804838657766541 0.171549418036796 0.0913744069796635 0.116709084366786
-0.187892947047335 0.103175439618773 0.0399155689280403 0.110327511855936
-0.19815198495452 -0.0503649145088237 -0.0186716037420466 0.0739451152515521
-0.101736380392735 -0.20580696970196 -0.0220345339881285 0.102056149023884
-0.0415316794308117 -0.300458083348957 -0.0206327574033179 0.231829949735156
-0.0984504168095268 -0.148137206755832 -0.045119076150475 0.469774358441329
-0.140383231845882 -0.0702163271817248 0.177374158795547 0.253683176652753
-0.132652152089615 0.0355303391277965 0.0624613411988014 -0.0454868804288586
-0.0615468463054025 0.0865248632097322 -0.0745837434783905 -0.00833991853636487
-0.0213328257103851 0.0866674489889823 -0.0625853956990366 0.165527254797691
0.0199893759684204 0.0948420276899822 0.0897601270564263 0.236319471800825
0.0607313038719805 0.0877897709158143 0.215240330301198 0.187933825063356
0.0590437353830069 0.0766865954114426 0.245731217413908 0.131153277182772
0.0419336065327858 0.0896181049646624 0.211145315176825 0.136454398995903
-0.0185956627725425 0.102504579516714 0.137712544419109 0.148580737784174
-0.0720830783768561 0.0605891347516153 0.0540118874932619 0.134922788153163
-0.0837217535645512 -0.0030241109949195 0.0161680491243872 0.0898658566682913
-0.0530795619848423 -0.0363382638700716 -0.000114073698190615 0.0615570267738864
-0.0282253719546455 -0.0722983713321292 0.0192073051360264 0.108958835200171
-0.0459090467956451 -0.138631689734277 0.000256919652342758 0.294327176745873
0.0294890232577819 -0.0478983616439122 -0.0428427492615168 -0.301260482242809
-0.0283209866295176 -0.0514189317112761 -0.0983815291013366 -0.152664445650731
-0.0677071815591644 0.0127674846364848 -0.0279534099008977 -0.0381821193249776
-0.0194734702359737 0.0785259218777926 -0.00255996961798353 -0.032102183557005
0.0467141941516627 0.0483204758143338 0.00211388162393282 -0.104563209094085
0.054331232516678 0.00240283960139923 -0.0886209307959236 -0.168284232716814
0.048545513913695 -0.0261724955735521 -0.18093191753401 -0.157115762087072
0.042329958713296 -0.0267397369612176 -0.231217490878453 -0.143673228283374
0.0358932955429439 -0.0176826552783066 -0.214424017567937 -0.17888594913323
0.0304067040196458 0.00428308927543656 -0.105796649452106 -0.2213981496403
0.0176457462416529 0.0267585795226661 0.0340818691528064 -0.173385151337352
-0.0330434467905265 0.0347245747667402 0.0502059912104156 -0.0244451895612208
-0.0347672871767942 -0.0330571172182606 -0.0651167598288082 0.00169473544202385
0.0450419351402113 -0.0502438872433276 -0.152557869830245 -0.208392773679075
0.0712145511100769 0.00644377774581273 0.0520767056732314 -0.508409986328519
0.0109424750204688 -0.185879332691702 -0.0414876850144199 -0.277669712262186
-0.0874400923174313 -0.151522123437241 -0.101075190986864 -0.143406057027367
-0.16983649807083 -0.00787031614736519 -0.0423078647622525 -0.0406417725740653
-0.105345241995256 0.145793896850466 -0.0106085509408653 -0.0211502479872829
0.0248618009276727 0.141904875354308 0.0104990246257791 -0.0819634501326052
0.0865957912377477 0.0883533494734671 -0.066140037632664 -0.149626940630677
0.128495503517457 0.0379421383516377 -0.149218989602041 -0.147280529573313
0.133454303790202 0.0243460195216588 -0.193876988956283 -0.141184631189417
0.128072000325114 0.049503282058109 -0.18047020633216 -0.174291699000426
0.077203570404176 0.113816813608628 -0.0776748618339787 -0.214086308768272
-0.00144332385800363 0.143660957800703 0.0566382737450853 -0.159474134072953
-0.14113934520216 0.136519301215673 0.0559012189278641 -0.00368110155253387
-0.181211739848251 -0.0443137407508102 -0.0879181638305315 0.00429300141029326
-0.0454542012005371 -0.184149224768621 -0.179742631562561 -0.194680392883095
0.052477587302914 -0.181303338572212 0.0169884925087665 -0.468406251819946
-0.013856914144269 -0.302616981858218 -0.0464742686709398 -0.206121931600994
-0.149939014510831 -0.235763687076241 -0.0912672276482032 -0.114265577962385
-0.264584803824248 -0.0222463414441918 -0.0506279359053892 -0.0502424604994157
-0.184007025639435 0.207698081431612 -0.025039599623368 -0.020439228901774
0.00141883487847081 0.22566429101614 0.00557695137524329 -0.0525143126356112
0.109188176129262 0.166241285270799 -0.0436276401829057 -0.107671884131223
0.191794733343288 0.0978909385514329 -0.0976406313231081 -0.113192871080291
0.205109127135221 0.0722840261052139 -0.126840283916775 -0.117087389880405
0.200270538155073 0.109872191490974 -0.116980903255688 -0.143148695696762
0.112409269212835 0.208188726638377 -0.0330164033398158 -0.176341483881213
-0.0215615520193798 0.243996901388186 0.0786931830930252 -0.123301205842779
-0.236392183963711 0.224064127916339 0.0633801910782512 0.0230284200064341
-0.311125425071974 -0.0506742637431459 -0.0957281741087966 0.0171823335078583
-0.132333154914428 -0.297349337008471 -0.185669709540208 -0.150115381782182
0.0271683109941765 -0.34210021613073 -0.0148851055096037 -0.366816353776033
-0.044135069816034 -0.383278331686925 -0.0529363004708156 -0.0924363054489654
-0.216339602485648 -0.290324683086849 -0.0605877875797458 -0.0624099507301995
-0.347629237472969 -0.0178946369587718 -0.0485011013564488 -0.0658694290455462
-0.239588619114721 0.266077735331722 -0.0470745297709857 -0.0262355055711085
-0.0141216077603716 0.291153739865669 -0.0112635112340245 -0.0105092997894391
0.123870866357844 0.224878818556008 -0.0182238388197248 -0.0435490988216608
0.230010556577123 0.14330467405662 -0.0294920846694182 -0.0584864993509641
0.24555464217834 0.108142336620256 -0.0397396984405824 -0.0752476067163153
0.238381485061571 0.152104317261861 -0.0332993104572153 -0.092060045518241
0.126740332503963 0.270722382974311 0.0227078750054325 -0.113528526689766
-0.0411393657314068 0.309676914325123 0.0986023346762975 -0.0671359869569482
-0.300978655271926 0.279331007071576 0.069872953486615 0.0544461414335311
-0.39671719371093 -0.0500689394607662 -0.0860732529712682 0.0378488444951846
-0.195308653062878 -0.366358345255773 -0.164678143530742 -0.0788382525496729
-0.000294173985840831 -0.447409882695843 -0.0330426474424941 -0.215275258547273
-0.0773452608274265 -0.410090047104205 -0.0552867490572857 0.0533099589640672
-0.266417348260105 -0.301327477823912 -0.0057925895343644 0.0120572560953043
-0.39077586441582 0.00106388559672433 -0.0338674317412094 -0.0784457814813779
-0.258796485977226 0.298279918568543 -0.0709533064985557 -0.0285768845214581
-0.0201238358981545 0.319413575842302 -0.0307379936689428 0.0434807158447431
0.126024767145792 0.251948776264615 0.012668542244974 0.0371283992912892
0.237220270194777 0.167678090405858 0.0464678243751996 0.0094346133233302
0.248842244768411 0.127244309228114 0.053128241010939 -0.0219097792471587
0.236001025843142 0.170470050137246 0.0547362134148168 -0.0300194304483759
0.115164707940048 0.287401635154757 0.078740453654759 -0.0362956515408561
-0.0572695633207181 0.317701618787788 0.110807525202194 0.00110003666177862
-0.310229141889188 0.276245170293688 0.0704450268299885 0.0847214619037073
-0.403654288596476 -0.0482970553015275 -0.06400266580561 0.0590911837035205
-0.210359930300353 -0.37173666687115 -0.120864390703798 0.0018298355148569
-0.0210331360846509 -0.469732048970937 -0.0377360110116796 -0.0454283730370293
-0.10122410728482 -0.376361189771292 -0.0508958842287699 0.210413997933948
-0.27279735877578 -0.260798046308018 0.0624946871607933 0.0978628825407205
-0.365801059424942 0.0230329084035802 -0.00954203404596196 -0.0792938398604661
-0.229114332585632 0.276906482863759 -0.0872032226180489 -0.0219149566640887
-0.0209479635998205 0.291038973094848 -0.0457962082019789 0.100805867559335
0.109165583287573 0.236229854185029 0.0464932482973174 0.12053573251817
0.209247517147919 0.164976561348181 0.119599573592638 0.0794776256294079
0.214523918262911 0.127778032043148 0.138247887354682 0.0344137113119752
0.195692789420698 0.163537308759929 0.131702461794847 0.0335577113381331
0.0794974884263414 0.256428848975637 0.121736894277519 0.0397349907144563
-0.0711146951430366 0.263609465601723 0.107512833943084 0.0651066729549384
-0.265599028787511 0.207503027963516 0.0599891032860617 0.103539573723653
-0.323604731907945 -0.0503754895197313 -0.0387844744344539 0.071646601458156
-0.169588220000223 -0.310845933562075 -0.0677000667312719 0.0667531572158627
-0.0322816567400959 -0.412481489564403 -0.031442549412487 0.110798303775429
-0.106521569054217 -0.282223562471077 -0.0446594911265606 0.352010860171373
-0.223677829053514 -0.178936553300101 0.125941558743609 0.179838469594742
-0.268789625109291 0.0309504351419161 0.0218454816357177 -0.0650246167661848
-0.157303245089983 0.197138464703819 -0.0884236595165852 -0.011787257561576
-0.0220807798244829 0.20487311153149 -0.054692550569381 0.144109554562528
0.0716307739141677 0.179302993481489 0.074224121365622 0.188926138925301
0.147286814016214 0.135780014822189 0.17701067104021 0.140091220081124
0.14733685566278 0.108629013225865 0.203186737428511 0.0861339659340416
0.125939625836542 0.133703011222434 0.183221351068258 0.0893862021352206
0.0316787204195099 0.188584459109056 0.139403523637004 0.101524350511222
-0.0765552237415801 0.166833476567039 0.0851908830552615 0.108218876653489
-0.181544102567823 0.100589571417108 0.0398600962930897 0.102483695508951
-0.190266467263775 -0.0491181684633559 -0.0167185654576474 0.0695235192113391
-0.0965520951227253 -0.20113213716725 -0.0193523220596975 0.101540402578157
-0.0382783417526621 -0.289982920071974 -0.0170964640170995 0.225920678912784
-0.0944361167178122 -0.142801094545768 -0.0408712379959303 0.455622015320547
-0.134717310406392 -0.0680162835245745 0.171343886691238 0.244181563442665
-0.12688889922459 0.0342932971152981 0.055747540863212 -0.0425144380958575
-0.0599165968353097 0.0835666899359427 -0.0749261126191425 -0.00593292450961197
-0.0220432194821267 0.0848423100867097 -0.0595412320903451 0.162373338523928
0.0196815976702734 0.0921969896551234 0.0888720797911275 0.229799750572221
0.0598636269679231 0.0848290246838535 0.209230566317745 0.180056619325719
0.0575060948289713 0.0736460374056605 0.237691956693013 0.124664481638491
0.0413015631463434 0.086384726944171 0.204310647059324 0.130010675771781
-0.0166848499777092 0.100662222388581 0.131720064346041 0.142201754524704
-0.0697554565111593 0.060083792995501 0.0504365997526434 0.12765532224813
-0.0816979333398961 -0.00257390365696438 0.0157100506917558 0.0827789570712984
-0.0508734298832099 -0.0365693408668991 0.00124714149001579 0.056803311115343
-0.0251215505941081 -0.072313248077513 0.019379197548098 0.107514248612786
-0.0429318563173837 -0.133318143304403 0.00427364187158429 0.285767058229674
0.0290851544131979 -0.0463945719763403 -0.0368803482136107 -0.301231291438466
-0.0269626206662377 -0.0509218150763334 -0.0975273125245411 -0.154371137474294
-0.0662163278780941 0.012319205008865 -0.0286764426997375 -0.0370457257552077
-0.0189455369820527 0.0775521853833025 -8.12058463737899E-05 -0.0277266057356472
0.0470389765334899 0.0471713589197419 0.00725144090349479 -0.101686047107536
0.0541730260116123 0.00175240504615437 -0.0832837397364806 -0.168760367943719
0.0486484965109844 -0.0256993557799575 -0.175974771079907 -0.16044025673321
0.0416688636236462 -0.0268494480092469 -0.226190555487995 -0.145955257348885
0.0359219085081917 -0.0171685707341896 -0.209549062097727 -0.180616232132619
0.0301525959238746 0.00431084877364882 -0.102263922364047 -0.222166493452235
0.0173992319845491 0.0264289057461077 0.0370727321738964 -0.172977421319054
-0.0315807299232435 0.0346773442777236 0.0520265699468742 -0.0251762632092598
-0.0337845166201386 -0.0319020519842421 -0.0606143725548677 -0.000374919570695837
0.0431195893741774 -0.048987370459429 -0.143550130596857 -0.208357330182457
0.0690237013250579 0.00714687610640897 0.0588547347574008 -0.501595527744014
0.0143714626872705 -0.184062703487721 -0.0357426530780185 -0.276427121656899
-0.083379458130106 -0.15180632531801 -0.0998792515689242 -0.14540142759041
-0.166182193953627 -0.00994789824474355 -0.0417238583513438 -0.0385129080402517
-0.104098280405057 0.143140579060625 -0.0082929870585332 -0.01701049479344
0.0245287308603601 0.139378588111294 0.0158080505291528 -0.0803897350893747
0.0839737666770081 0.0870196744575337 -0.062104294970245 -0.150091868614631
0.126620579619809 0.0385792025373035 -0.145866776524791 -0.150821824807456
0.130807000677977 0.0247145766585287 -0.190630309768546 -0.143439075691435
0.125791065875457 0.0507263324490422 -0.177033107838189 -0.176889454828565
0.0752107924500541 0.114369884935912 -0.0747120780100302 -0.215314110280031
-0.00327272212634217 0.141284379455133 0.0590988858543947 -0.16024114120466
-0.140979357389248 0.133263839367177 0.0579784021552701 -0.00488385740749694
-0.178027606711443 -0.0464980736407245 -0.0839103290913926 0.00332492371630787
-0.0434121195500609 -0.184953629089169 -0.169853083206629 -0.194122282758798
0.0549285545222343 -0.178954750789038 0.0220167201010468 -0.461523627689595
-0.00811427431534765 -0.299658348357015 -0.0420680133900461 -0.206145824537871
-0.144030920076908 -0.237167385020054 -0.08964461791245 -0.115922070188057
-0.260079482794485 -0.024835418483934 -0.0492279533406309 -0.0474445344261677
-0.182076339976903 0.203255312988467 -0.0223265683628696 -0.0167728905330638
-5.91286407748003E-05 0.221857294103531 0.00989114796988869 -0.052225294690288
0.105326146025673 0.164457486944833 -0.0403098901455678 -0.108943506992703
0.18827334566117 0.0989818534751174 -0.0960320979167199 -0.116343730685924
0.200983518995121 0.0724203387691314 -0.12444325633164 -0.11881612859587
0.196271436504364 0.111400685363245 -0.114940862653483 -0.144888327154119
0.108385359736262 0.208572348293287 -0.0317566574624102 -0.176658399998268
-0.0260109841349006 0.241072096982193 0.0793459285567404 -0.124671790745164
-0.237222446291744 0.219202730084737 0.0654705906041027 0.0210891426861486
-0.304729038424321 -0.0553599100534818 -0.0926901735059042 0.0158862291837066
-0.126437162874278 -0.299630934301583 -0.17648160124059 -0.149679262176889
0.0337973866591223 -0.337857130551802 -0.00736159491857467 -0.361426283548114
-0.0363649226557219 -0.378928538099446 -0.0492786845885659 -0.0928642771083989
-0.2082508420473 -0.292810306371004 -0.0601894420360024 -0.0628980851769771
-0.341094454298387 -0.0223075205329431 -0.0472687571615697 -0.0620119432744914
-0.238236122022064 0.259630232333608 -0.0444384835591974 -0.022996030895158
-0.0166535337016892 0.287859355878203 -0.00742719948012644 -0.0117409468196327
0.119210529736591 0.223581484043819 -0.0164963197189889 -0.0448031777726852
0.225440265026496 0.144532143828658 -0.0295073071170467 -0.0615057597244515
0.240503472545224 0.108037005868506 -0.03947385178012 -0.0758317617570596
0.233225576811838 0.154560579534674 -0.0333456958301077 -0.0938085323627443
0.121563656637117 0.271041797571029 0.022124329456763 -0.113945061182126
-0.0454618108842392 0.305215017846727 0.0967045858575879 -0.0690206194998914
-0.301329468620066 0.272380184057958 0.0713385136944417 0.0516204567268036
-0.388629693481821 -0.0578775877245356 -0.0843829280126756 0.035785170873977
-0.187927939230692 -0.37071809067435 -0.157644112972908 -0.0776390847410582
0.0110243649189522 -0.440986456341444 -0.0277066673918832 -0.211932981680581
-0.0663337479561298 -0.408050029519876 -0.053501947604109 0.0515326994715494
-0.257592290505324 -0.305449990228616 -0.00745744541833202 0.012054812037618
-0.384473158956446 -0.00514911741776573 -0.0336369573471043 -0.0738185156341214
-0.258142207819524 0.292041287578144 -0.0690103488362156 -0.0260639780534193
-0.0240414612675135 0.316882926488568 -0.0285747141365326 0.0419854896126547
0.120493082488625 0.25160518470922 0.012652855668967 0.0361665171872062
0.231974418541802 0.168870529279211 0.0445350277939114 0.00690289686658658
0.242918859595645 0.127614028603261 0.0520220894714163 -0.0223737173307725
0.230985215118992 0.171841353167764 0.0532558091300771 -0.031302582883314
0.110401581688867 0.287265287894661 0.0760956389277126 -0.036462377760548
-0.0618984135224555 0.313052030703338 0.106494065231702 -0.00120410017069622
-0.311534137871981 0.269342293886286 0.0700558230096997 0.0816969232167862
-0.396780628148824 -0.0566910424160276 -0.0631405482358139 0.0569828924795348
-0.200853947872069 -0.376293847213338 -0.116500891914199 0.00267868347059425
-0.00987293352527598 -0.463275516763557 -0.0348013578370359 -0.0437203366349183
-0.0901291011883867 -0.375030393972506 -0.052789074422557 0.207155046803471
-0.265298320274284 -0.266488416084801 0.0592113929204841 0.0979337009714288
-0.360197163222117 0.015058599230547 -0.0101780021213425 -0.073748358974567
-0.230409528986406 0.271123691915119 -0.0861972823534986 -0.019900837421368
-0.0247573317803798 0.288852057227491 -0.0458012644057042 0.0987677018817251
0.103914274970505 0.236106177457174 0.0448186364412431 0.119767848175434
0.204800865925701 0.166201193380923 0.116278492905707 0.0782945917193302
0.209264515164718 0.127861302613193 0.134739707003702 0.0357382375228507
0.191249169244127 0.164860005763407 0.128024704579549 0.033012521020672
0.0749692598663561 0.256563231054876 0.117520157585102 0.0398812661334784
-0.0745185825120925 0.259932600016418 0.101768489661784 0.0621615689018522
-0.266555076106007 0.202155237413765 0.0591021175311282 0.100001980868204
-0.31804781387709 -0.0574939811901742 -0.0391103956367874 0.0687307175027813
-0.161228648280711 -0.313528369953599 -0.065061622518452 0.0675806801984086
-0.0223467225407099 -0.407625564016674 -0.0308599802050007 0.1114548524848
-0.0975474682516243 -0.281962442564282 -0.0492705172613978 0.347247361784204
-0.216584359744604 -0.183053915158458 0.120126367453686 0.180695135787156
-0.264684437261133 0.0256564551163853 0.0196899508087409 -0.0602087526693152
-0.158708433491757 0.192825930857895 -0.0882283069798506 -0.0103929517539699
-0.0256958571422523 0.204125675879544 -0.0560277776956398 0.142282050069531
0.0675423815157625 0.179515620510365 0.0710993506416102 0.188641459506635
0.143253915283028 0.136435029140524 0.172604611988143 0.139457028459289
0.144003824480232 0.108786832412008 0.199156359538853 0.0877363750246292
0.122806499116856 0.133892454363472 0.177908147479811 0.0895857645005055
0.0284295213418045 0.188021205754908 0.134017834979616 0.101652041663254
-0.07881359923611 0.164706038237309 0.0791542193974328 0.105708913649971
-0.18162377559936 0.0969590195369748 0.0383957453479017 0.0976999187698757
-0.185778508154434 -0.0533788701660315 -0.0173909182085231 0.0663081409700172
-0.0903439511580267 -0.203810408132475 -0.019130386607206 0.102524471849353
-0.0303617161717418 -0.286836136741475 -0.0186436849884301 0.225375992729993
-0.0886747012840675 -0.142772306279541 -0.048688494343879 0.449031331022096
-0.130590412413196 -0.0715304093647464 0.164089595295463 0.245206701601036
-0.12485936417403 0.0311998343806391 0.0526554316736225 -0.0384940626233566
-0.0619180143640298 0.0812600170830844 -0.0761388301458124 -0.00467955284234699
-0.0243496995406461 0.0850938520113294 -0.0620109047804275 0.161278257114392
0.017789423299543 0.0925126300523248 0.0851086855340011 0.230643421794696
0.0580894777394588 0.0853475023316763 0.204639152388607 0.18111063470161
0.0562743948307826 0.073563986302069 0.233456148082113 0.126927711045542
0.0394842123874142 0.0857218023468723 0.198577413777648 0.13116328903318
-0.0176434515177076 0.100279848763239 0.125568037713434 0.142313034357871
-0.0699858673031678 0.0595204348106508 0.0442823286740943 0.124550252646526
-0.081669544534323 -0.00347720684017609 0.0139117207112655 0.0785788939977328
-0.0495194000727288 -0.038299330780053 0.00110934140035055 0.0537318847787785
-0.0220476393143493 -0.0740609409588568 0.0176708204872573 0.108229734262424
-0.0386033854810009 -0.132207913800985 0.000413509299328434 0.284994231391069
0.0050300472651091 -0.049370151837649 -0.158559366171572 -0.270092990928542
-0.0450563683193589 -0.0323519647391762 -0.160413664019178 -0.102415516738597
-0.055729632752467 0.0377567742996005 -0.0425750653313969 -0.0164269155160175
0.0154150478430185 0.0776947724436074 -0.00662304130806436 -0.0203374613858551
0.0613546288166012 0.0238993210643937 -0.0304975252288561 -0.0992834565676573
0.049494026881096 -0.0208585175576642 -0.146897550412727 -0.123734149909345
0.0341854033320225 -0.044345963726825 -0.232251703354543 -0.0781257417502729
0.0291196026869821 -0.0413523937124075 -0.272192578834172 -0.0389741932260369
0.0264011245792572 -0.0311939233602883 -0.272829109526048 -0.0782138757821028
0.0298965054097319 -0.00871288226509877 -0.191372678238449 -0.162871333406642
0.0268892016163967 0.0169466279742893 -0.0407064388711601 -0.177747014843084
-0.0127828853881821 0.0446253377684527 0.0347390674650565 -0.048653382670622
-0.0452024318157265 -0.0154610080330172 -0.052540551152908 0.0212709870985031
0.0173903553199027 -0.0660751795980164 -0.212745190959898 -0.134005276693656
0.0676890985704568 -0.027928057276102 -0.151310876529512 -0.488110774536143
-0.0604531183688383 -0.172779687536412 -0.152476433252812 -0.250662062187501
-0.136957030953267 -0.104592422457998 -0.160920821729159 -0.0918791028907041
-0.156611269116466 0.0573552044235461 -0.057004173697289 -0.00826262052263373
-0.0349549342268093 0.170792742259015 -0.00921989517244426 -0.00156468788622234
0.0776212820103581 0.117399400248358 -0.0107922469430595 -0.0807458314055441
0.112144058643986 0.0462235559653622 -0.117433241768412 -0.114647576281826
0.132116819109568 -0.0160604504946293 -0.196705518216925 -0.081417618587016
0.133577058380047 -0.0283605696077189 -0.238223634674741 -0.0508266662855994
0.139323518934621 -0.00448464943848797 -0.241512708496573 -0.0863322831598671
0.117506006885203 0.0763406825791913 -0.164549772270656 -0.165462596832442
0.0545653158172974 0.135246050107623 -0.0208894813170917 -0.175217849872021
-0.0725665332213408 0.182315894935713 0.0397426716244712 -0.0366999017454265
-0.187957080544852 0.0282870182146549 -0.0728461464337971 0.0287688257197782
-0.121780931405929 -0.159366028411012 -0.22447896482044 -0.113533525148342
-0.0278255577297237 -0.199113867821575 -0.157553143672415 -0.435487919133528
-0.123890867115615 -0.274392424100721 -0.133220955826363 -0.184037487895902
-0.225811217312059 -0.160918296700581 -0.141527474396043 -0.0669444751743632
-0.249153147310904 0.0798370273194799 -0.0699655387319612 -0.00812193060995765
-0.0815455380456828 0.257014503491346 -0.0233947549363364 0.00958872054634889
0.0886764023303931 0.203048794042956 -0.00170963463801374 -0.051128961468368
0.164028649587211 0.109777117514489 -0.0780945980141796 -0.0852065752292126
0.213402532028842 0.0142352741243082 -0.13288626473374 -0.0693832804123171
0.218294092031198 -0.0117869346747031 -0.166969800036919 -0.0555558455029165
0.230293088546248 0.024197574543206 -0.171810585116532 -0.0829517351969939
0.188168874571602 0.152660989964822 -0.11076956484928 -0.145781133622859
0.074584325846062 0.239572655052564 0.00697792096756088 -0.151124045398035
-0.125771445209549 0.3015985602799 0.0484971395834041 -0.0191376867110751
-0.314259063273086 0.0710249889754455 -0.0766594999140925 0.0399192301529562
-0.248842217006537 -0.233038849800587 -0.205895789378604 -0.0731918605733206
-0.11899448081094 -0.341761051189203 -0.135666205629713 -0.327279130911412
-0.179580915786615 -0.340103266844726 -0.0976867075235312 -0.075726328815664
-0.307084706854389 -0.188657084251837 -0.0930928804201096 -0.0288981804649595
-0.323255248661883 0.113597037347917 -0.074731329051751 -0.0179471847682575
-0.110954610615012 0.331343824793881 -0.0464266615564856 0.0171375936707338
0.100352220231876 0.270853567137203 0.00174714451653891 -0.0048726741308149
0.20170466845965 0.159874052455022 -0.0266421302732279 -0.0347716638153346
0.266740627912624 0.0420614271902176 -0.0459140556383145 -0.0460487496666088
0.2709031742649 0.00683143846108609 -0.0692371463386558 -0.0521384538728419
0.283102110781378 0.0489870555790028 -0.0751437091368748 -0.0695603616181096
0.227132705925531 0.205905724690212 -0.0350949886685482 -0.10858815508649
0.0828980111861848 0.309359893089025 0.0428194841459959 -0.106845563980213
-0.163075939234054 0.379735743684655 0.0603271902965538 0.00376286610177763
-0.394135117787691 0.10418773908952 -0.0612209191359652 0.0512702471738041
-0.334380270355734 -0.274510540587772 -0.154821589851086 -0.0169651708480543
-0.186666027603384 -0.428799331118305 -0.0853309903671569 -0.179118323712657
-0.215931770439535 -0.357103655071077 -0.0443902064434411 0.0623058220622837
-0.358162961350535 -0.183044700972204 -0.0119926277803952 0.0200038829533046
-0.357496750651953 0.146904837676377 -0.0670273218648152 -0.0324791420457239
-0.116466342596069 0.368705101098179 -0.0704073279059609 0.0270134169203552
0.105921897300031 0.301006298762774 0.00539879416212413 0.0552671124676671
0.214364643363863 0.184497209054114 0.0357056046324836 0.0286830079667136
0.282755051408993 0.0622218185461674 0.0530093099846513 -0.0124405991714228
0.280383305167863 0.023507617109764 0.0389284904356297 -0.0406636790278992
0.288638309945576 0.0670915802666794 0.0319931623193383 -0.0481539956069927
0.223518300722365 0.226444717265489 0.0476302036227611 -0.059980839184212
0.0702792720949257 0.324210703231657 0.0794779747888133 -0.0485325054924951
-0.1730259274274 0.380489917916538 0.0707467754867792 0.031089712840288
-0.399976762094426 0.107544489904981 -0.0346403011833041 0.0613222481725542
-0.349395900220419 -0.27198982954725 -0.0833415396786443 0.0401969714059418
-0.214958856128838 -0.441136598844732 -0.0208302030922452 -0.0198493747019396
-0.22226369809927 -0.320117171778533 0.0208127729440856 0.209433508131368
-0.348974613704365 -0.147524470249364 0.0873785595153757 0.0728566746497965
-0.328718477618605 0.154368742287251 -0.0445838801010906 -0.0429284843345263
-0.100244845757674 0.339587500657479 -0.0849511413135402 0.0384637877368512
0.0939950452212595 0.276242996253968 0.0127476069965182 0.116038395922439
0.193105443368419 0.177192530770951 0.100701034705184 0.0934158887793076
0.256561383131227 0.0709832126675694 0.149752908044748 0.0242483493410173
0.248396500549111 0.0370135956939656 0.140821778347393 -0.0234430360918935
0.248055628556082 0.0774604817560361 0.128786819010799 -0.0212530190440407
0.177781237692698 0.211365302610099 0.118861546786664 -0.00732541958996442
0.0368613426936077 0.277990554725713 0.103874461190534 0.0115707891558019
-0.160745032148714 0.299657035028276 0.073230819194304 0.0537277998774197
-0.325859208838242 0.0751192322240154 -0.00745213547492202 0.0645715866575068
-0.285812317814642 -0.230528336486829 -0.0132794071325037 0.0822233684802367
-0.200653128003324 -0.379938061608041 0.0430053958087996 0.12172345856113
-0.191873235595467 -0.231030125133454 0.0835181124420435 0.341828741503786
-0.270992752636255 -0.0908704086687198 0.181591653622381 0.123501367226452
-0.23593718424451 0.125827030806433 -0.00981533965660806 -0.0468242821259069
-0.0675340527475652 0.23996390707146 -0.0853217025085327 0.0428456321837995
0.0599198340695684 0.198707243370713 0.0170875535782962 0.160677501996266
0.136871092559937 0.139677161657409 0.153185669574873 0.147050356916497
0.18864114379993 0.0688075980300133 0.226919905107149 0.0584706482799852
0.179017284794804 0.0447366160889883 0.222451005438672 -0.00224964735266606
0.170837950592852 0.0772634139527777 0.200215742053404 0.00910840396707346
0.105595364127984 0.167115995682664 0.161747037390586 0.0408689753312718
-0.00590663977043891 0.190234795555827 0.105848184121341 0.060812056339046
-0.126716076112321 0.167454146497875 0.0621844573308898 0.0627687489545818
-0.199299476373812 0.0247795009739524 0.0121679127467897 0.0585289728482423
-0.171261775458124 -0.155438136032193 0.0373958904172821 0.0993595288380636
-0.153994750801786 -0.258909216063034 0.0940665881962217 0.220840091269592
-0.12926534952582 -0.105411589240222 0.130442863864393 0.439290593201448
-0.147520214625062 -0.0217853698719766 0.252391589465431 0.163472275772823
-0.104516993329785 0.0761057154173897 0.0306518433173231 -0.0471648551091756
-0.0247202147480933 0.0998513266965533 -0.072910082449003 0.0359053895039887
0.0133731168385395 0.0887338585835493 0.0148759788987923 0.180707614834266
0.056093122710888 0.0785575326942492 0.180632213763998 0.179591579401221
0.0888253770256406 0.0562321854270107 0.271386999135599 0.0829305366553647
0.0816435487847906 0.0463220240317987 0.271318794398457 0.0188589940992348
0.0727125875385751 0.0654261800028167 0.237928548637688 0.0377620719233316
0.0261388945675195 0.102254999577813 0.172421298663626 0.0800895836421854
-0.0412473974903195 0.0864682284473334 0.0872257552633324 0.0936792107245222
-0.0776610998903094 0.0326747481682911 0.0410327301333673 0.0577185969861275
-0.0629395772344539 -0.0164900525469242 0.0233052388163899 0.0439888158970004
-0.0512213902553849 -0.0618705986662669 0.0664231574977554 0.0932475376935495
-0.0937223670972323 -0.107254457041648 0.127470971747391 0.26702386842224
0.00405351475403202 -0.0503061490005392 -0.168168269422346 -0.279739675836163
-0.0472197119341794 -0.0330376882414767 -0.171291562924818 -0.103389446562541
-0.0566055113533035 0.0412020603565983 -0.0440060120716348 -0.0145788264864668
0.0188105082986344 0.0793413029413147 -0.00342639754856798 -0.0191623235172959
0.0643788171934789 0.0216454683424202 -0.0295568088080781 -0.104076599262202
0.0500434036143784 -0.0235358878790919 -0.153556484078455 -0.128640323686434
0.0344513454507032 -0.04762286873928 -0.244074132578895 -0.0787589275036415
0.029043529358456 -0.0437709169344943 -0.283474995831882 -0.0372585761777652
0.0276250751212778 -0.0326795296624188 -0.285419169204296 -0.0776340797270427
0.0310038939188748 -0.0102488537345557 -0.202141190474863 -0.167245694103129
0.0282204051136593 0.0169438572278197 -0.045781098753665 -0.186503997696086
-0.0114549694519346 0.047048874761841 0.0359739482428031 -0.0533938912649735
-0.0465322627500418 -0.0146570774550273 -0.0513140936689137 0.0201415191777776
0.015505379808874 -0.0675830865095669 -0.219005167159333 -0.138573819392139
0.0688057005158233 -0.028752121476642 -0.161871067552235 -0.503156164662381
-0.0647470064962374 -0.177902776002728 -0.16098976864279 -0.259642732765427
-0.143270252837004 -0.107220876909836 -0.170978775741952 -0.0926196846235629
-0.160365524730803 0.0620261994620671 -0.0584418585644522 -0.00570575996394416
-0.0315247970405438 0.176634407747897 -0.00640367619088997 -0.000451172620425331
0.0829431664802964 0.118494515192214 -0.0092646504554708 -0.0865701056782228
0.115695117171916 0.045816582672831 -0.12300342505247 -0.119716437549151
0.136479520199084 -0.0198563343208829 -0.208284622973963 -0.0828055782794525
0.137059889169263 -0.0318357216304361 -0.248770729831644 -0.0498408822844206
0.145352236654977 -0.00703286752513814 -0.253857704772648 -0.0870009462429002
0.123762154248243 0.0780169989731732 -0.175052883408683 -0.17063404057756
0.058021756728947 0.139955253667628 -0.0259203300406831 -0.184193048002599
-0.0719179978034057 0.189988151408495 0.0418163503102979 -0.0414202285702382
-0.194613236172688 0.0310852471728811 -0.0723097020985945 0.0294093696590634
-0.130163141507715 -0.16403721836245 -0.229840551468622 -0.117035392736281
-0.0314085599068804 -0.206251319058211 -0.167641152320585 -0.447936365023859
-0.130968776605937 -0.283015945618097 -0.139920819894613 -0.191022514891898
-0.23653396557509 -0.165136948424868 -0.149647417856212 -0.0671508714718752
-0.254378732833265 0.0862865360356111 -0.0706821705753354 -0.00574778940700791
-0.0787092453173921 0.266913255660582 -0.020206762307431 0.0111958155277262
0.0957088145924899 0.207469609640833 0.00027947023373957 -0.0563841977972845
0.170976989754191 0.111519468091315 -0.0820642623146572 -0.0895451324802681
0.221746719011873 0.0110798049124902 -0.142304638927326 -0.0722281672143302
0.225243092884658 -0.0157488539262947 -0.175102988889791 -0.0556959888578838
0.240051035397396 0.0211781292885843 -0.181791292172247 -0.0839131374848092
0.199097929247363 0.156337293689629 -0.11917253270542 -0.151197892814768
0.0802931108731585 0.247551933826124 0.00255962848136883 -0.159623881413031
-0.125259637656418 0.315145023880308 0.0514691056653391 -0.0243246541185336
-0.323946902552512 0.0759645705697215 -0.0768227216500427 0.041627099474814
-0.261927890930396 -0.240397519953207 -0.209805869844361 -0.0743038066777061
-0.126228185087679 -0.353027407192173 -0.141444724574206 -0.33655437479757
-0.188594399411594 -0.350754745601875 -0.101201708896766 -0.0789046181266495
-0.321620234274869 -0.193993809012398 -0.0982286875664696 -0.0278544952911982
-0.330472224649485 0.121913912554108 -0.0756247561531705 -0.0149395796698638
-0.107999380750437 0.344669952336805 -0.0442444117103736 0.0196787324902303
0.109158076947929 0.277799413068634 0.00330023753931148 -0.00838105206953487
0.210870933409257 0.163198555645712 -0.027775438374519 -0.0378434451588218
0.277449709172797 0.0390682104250554 -0.0512451291449295 -0.0480717676467896
0.278901553155284 0.00194045822562827 -0.0738170154280559 -0.053312662728713
0.294845075885418 0.0460981912550782 -0.0816237152666991 -0.0711624445687982
0.239422835797114 0.211786105249048 -0.0403634781463203 -0.113412713313532
0.0893121292461594 0.320083082077639 0.0391102896876171 -0.11370869997964
-0.161781294072934 0.395304519882474 0.063075980397595 -0.000653918928053641
-0.40814191169004 0.109936159357647 -0.0615516235379652 0.0533282217193386
-0.352188149378829 -0.2835528790317 -0.156018283717979 -0.0163399591462897
-0.195112934440563 -0.443735135779375 -0.0882626456999397 -0.185028683014829
-0.226843044050775 -0.368382084917145 -0.0436657428627476 0.0632650853180737
-0.373085050549015 -0.188661544895352 -0.0126824719235803 0.021450567252867
-0.366256381580856 0.156441313561864 -0.0680626684239772 -0.0299060513319782
-0.113986811480373 0.384644870260468 -0.0700271435592512 0.030578794866576
0.115370941575255 0.3106421670994 0.00815425378060352 0.054088145904333
0.224834880219801 0.189402777210657 0.0379401964943035 0.0279409262253845
0.294926798061852 0.0600636973579295 0.0526012389074609 -0.0149671552745081
0.289617988231457 0.0200989574515268 0.0384600978981114 -0.0431580042973765
0.300071893241362 0.0647567725685251 0.0291936775470881 -0.0503478821688104
0.236087904030886 0.232631326883123 0.0457803820331666 -0.0636393352593484
0.0772419655126581 0.335947549573299 0.0766542476049167 -0.052900828479944
-0.173414240069832 0.398417871390599 0.0741322240682718 0.0265390526197415
-0.412762853124833 0.115428942816208 -0.0346676308548936 0.0632030189543354
-0.367362044965011 -0.280882865333718 -0.081264870323593 0.04270123896899
-0.225111170869167 -0.455790504153925 -0.018731697418693 -0.0197700109301507
-0.233338263608026 -0.331001964100927 0.0250824740509372 0.215227857295333
-0.363136647380441 -0.153192132986074 0.0915326223539311 0.0753792176021274
-0.337449886556809 0.163487722362444 -0.0450823132422796 -0.0404896447659936
-0.0982871963869974 0.353469267128717 -0.0859611154633178 0.043166807617516
0.101585675640724 0.286358046996835 0.0160173647892922 0.118593683055824
0.203330707057147 0.18263964546407 0.106948445211006 0.0949988342434939
0.268139644044347 0.0700112129451478 0.153955137585601 0.0217700680592296
0.25652353195889 0.0347319921123552 0.145012217338547 -0.0264197621060319
0.258229261750435 0.0760297010052854 0.130397248846173 -0.0240630020635723
0.189190107566148 0.218234099865221 0.120312875724137 -0.00970654415772505
0.0417144167335397 0.289170917343362 0.10289826179356 0.00963560211408228
-0.162466513837913 0.313524906184096 0.0761395416642617 0.0503389219439658
-0.336211187323205 0.0795907945011613 -0.00747475688352079 0.0660761399556464
-0.298754830029899 -0.238977461596754 -0.00906949508861651 0.0859630722741385
-0.209905004354263 -0.391426009452971 0.0494858553713953 0.125590438723607
-0.200689275935667 -0.23941665166246 0.091285436829416 0.352942804477327
-0.282442829886967 -0.0943671580588376 0.190057151838404 0.126626701085031
-0.242210981474526 0.132317827624115 -0.0101894919922165 -0.0445900666613152
-0.0673257637218159 0.250563997689153 -0.0870380079831995 0.0487034026036978
0.0646857976426549 0.207336478606066 0.0210713795062249 0.16682683325421
0.144825858366297 0.14414573125572 0.162453723366194 0.151396301816296
0.197167436312494 0.0691984555110454 0.235809686956625 0.0562157458274737
0.184868924050061 0.044566819722902 0.230288127864679 -0.00585553152451711
0.178978753984752 0.0766946212526217 0.205706592674805 0.00684653847663001
0.113912640196502 0.17243899074615 0.165804885354026 0.0405595332681629
-0.0036340206454941 0.198190241837772 0.106532459828114 0.0612462095683473
-0.129428934749595 0.176059966676604 0.063525643490122 0.0602598191017486
-0.20578581106792 0.0264147728879276 0.0116983444571744 0.0586416235397486
-0.179025996478968 -0.162049517907214 0.0428883367975855 0.103326346136143
-0.161323942168823 -0.267104527996731 0.103839930636047 0.228186503258839
-0.134370072520157 -0.108568632060151 0.140152451947936 0.453470078707463
-0.152465008718368 -0.0226199247598056 0.26321657290683 0.166424167715114
-0.106945624124345 0.0787839942885131 0.030631720968224 -0.0454352711036434
-0.0257106908399027 0.104286580057812 -0.0755519395552772 0.0417606779273238
0.0145393512195226 0.0941854710764751 0.0185174216036049 0.188681088815537
0.0593934580608557 0.0820719921749981 0.192357689326576 0.185449446009904
0.0929726853649224 0.0578100680205488 0.28379380613184 0.0820449457192112
0.0849152829555938 0.0472974717511071 0.281768292380883 0.0154809689232785
0.0766775633558805 0.0665713003675661 0.24647312807473 0.0362985788890553
0.029875251376204 0.106513730977204 0.178919068661936 0.0816554794799386
-0.0410923239140824 0.0914978778039991 0.0882398506921958 0.0957690543037025
-0.0809424250101901 0.0353651455294431 0.0409031151323819 0.0556869360016448
-0.0656401861984217 -0.0170083436081599 0.0230048313432195 0.0427606892643036
-0.0536464121016287 -0.0658036603984133 0.0722175873689853 0.0969684069258208
-0.0965329404894574 -0.110210849883801 0.13722231324001 0.274828749617118
0.00159302010233591 -0.0505345368507711 -0.184808527512625 -0.281336795410142
-0.0502490843952124 -0.0312177051903777 -0.182907869501612 -0.0970235807861636
-0.0546937186155323 0.0451435747284967 -0.0457718737832932 -0.011159908249103
0.0243073492571821 0.0788036329990225 -0.00102130885022067 -0.0183409268097682
0.0673012628817315 0.0168285005503976 -0.0325331936800897 -0.10696557190889
0.0494231760080807 -0.0272504168519214 -0.1630823915347 -0.126925890658627
0.0326521449871685 -0.0517116155790983 -0.255490277975582 -0.0706954983277876
0.0273082319530201 -0.0472782985185836 -0.293742761821669 -0.0255332011772317
0.0273827417364031 -0.0349622301332403 -0.297289197131053 -0.0677228862538667
0.0311333444847352 -0.0120614087383588 -0.216788669180027 -0.164419709357661
0.0295615880317831 0.0158424988772576 -0.055865120929026 -0.19166679405151
-0.00823460560427162 0.0485520229890781 0.0352676077557774 -0.0586297209894288
-0.0474859790094439 -0.0125967216389181 -0.0493967249665618 0.0198684555085802
0.0118481432613055 -0.0686564018106026 -0.227581317675294 -0.135728825647716
0.068084032569651 -0.0315072301603077 -0.187481048018964 -0.506904678238041
-0.074169693962106 -0.178812221657632 -0.176233545565708 -0.261157664098848
-0.151889078919665 -0.103994280883105 -0.180985238367003 -0.0865023205405549
-0.1590126121271 0.0707906530159712 -0.0589030208919238 -0.00228239596859064
-0.0228002220294846 0.180772937810589 -0.00269387838703195 0.000454541205663478
0.0904056760205224 0.115809938614013 -0.0116545083938342 -0.0916924707301017
0.120444572499496 0.0417055241337797 -0.132173499321828 -0.119776298197309
0.13840301376947 -0.0276676374151184 -0.219355371611386 -0.0761928882962399
0.137889134344086 -0.0394520147788048 -0.258994872191813 -0.0402637107708212
0.149012836098626 -0.0140948097849615 -0.266183992042578 -0.0778137654439741
0.131170528515089 0.0746966383727636 -0.189187613636894 -0.168779641988941
0.0651557994649734 0.140948340127205 -0.0363445400594023 -0.190259676215519
-0.0643724043441752 0.197879766926862 0.0419657964653176 -0.047228629787494
-0.198194229012663 0.0391122735402335 -0.0702596373715654 0.0317448543045896
-0.141722445598346 -0.162793556260088 -0.237577682727393 -0.112343363259776
-0.0403687931792431 -0.209643800738042 -0.188338115703604 -0.450249170426031
-0.146138412836408 -0.284414185808946 -0.151217548826377 -0.192090729541703
-0.250018389614011 -0.160740307290206 -0.157721853152702 -0.0618372446881643
-0.254618521876299 0.0991512846101409 -0.0706032323283278 -0.00146893617296625
-0.0665427259541512 0.274931964464771 -0.0169522784521407 0.0130503994588701
0.10773901786337 0.207461622396511 -0.00116259345960332 -0.0624699229844557
0.17979094767508 0.107497575304576 -0.0886861381881194 -0.0904382551093446
0.227322167318073 0.000301732715214002 -0.151613390926326 -0.0688503735544574
0.228494225360916 -0.0265197901987677 -0.183430939551849 -0.0494701141846986
0.24769914307907 0.00991391888180173 -0.192797676952395 -0.0779253020906029
0.211554993450896 0.152334062124368 -0.13115032790898 -0.151072962759201
0.0919378395435799 0.250562117248752 -0.00703528583495968 -0.16586162632657
-0.113781888192524 0.328711321434389 0.0524647294042779 -0.0310864628809184
-0.32920014995499 0.0905103002126849 -0.0741867729701067 0.0447117651416529
-0.280010512237784 -0.237242832467796 -0.214451646900991 -0.0686156992804144
-0.141941167918585 -0.357321905618494 -0.157454819491392 -0.339797754405575
-0.208269123910064 -0.351525973277751 -0.105999144190897 -0.0793918840306354
-0.338207032792885 -0.187797598706619 -0.102555238269587 -0.0243917523469021
-0.331623648577916 0.138328660100615 -0.0753026547056846 -0.0109161755945703
-0.0937536431883812 0.357097196573768 -0.0412534743105582 0.0229513801477786
0.124823355432996 0.279649595995673 0.00399406031118064 -0.0137498090771691
0.223639951410625 0.159646835278245 -0.0303908941141468 -0.0395313943501495
0.28634648758138 0.0269599346982458 -0.0575487547143389 -0.0481610514402861
0.283685726748705 -0.00987671964223824 -0.0795313370987478 -0.0521881020927927
0.304209373620434 0.0322686212786898 -0.0894866879649967 -0.0688834824419075
0.256636797007357 0.207055236562727 -0.0494232817441356 -0.115960789661147
0.104198461464698 0.324883596395137 0.0314674102558789 -0.119685134482205
-0.147505303495625 0.413578275709915 0.065386336733521 -0.00779054912186238
-0.413693103347747 0.12746217177008 -0.0600361306866364 0.0569770461726532
-0.373686187021662 -0.277608194769798 -0.157124276477807 -0.011737563562636
-0.2163434957902 -0.446017452296257 -0.0947085189059217 -0.18492662397241
-0.248550888981565 -0.36934762464945 -0.0418524747765113 0.0633991453698046
-0.392619362386837 -0.180755374336715 -0.0123615284858595 0.0223278136760523
-0.36699127705191 0.174699172670851 -0.0681089966415616 -0.0251464943742142
-0.0993915903578288 0.39874449105535 -0.0671829097543563 0.0356623132402901
0.131869781251455 0.313297676044991 0.0113110416903054 0.0512165645873652
0.239745098280172 0.186898251622194 0.0405715083618421 0.0253491291962701
0.305075463821918 0.0483137448555926 0.0506718004591945 -0.0188470610909905
0.296144098012653 0.00808659523039225 0.0366441347592245 -0.0465703755838368
0.31039870601256 0.0515861081197511 0.0254569119282152 -0.0523582019061614
0.254665874333794 0.229353691809579 0.0419021147404203 -0.0678023827757287
0.0927634069278925 0.341497825187367 0.0721757078235927 -0.0584076972847479
-0.159761553254116 0.416484248741435 0.0765190164487512 0.019310861311303
-0.418183117647309 0.132048073196241 -0.0326045479762627 0.066089436548761
-0.387752357084162 -0.276535492739168 -0.0784744671518594 0.0463748251084482
-0.246814322664119 -0.457468453985501 -0.0171638641366534 -0.0199921959504635
-0.251077365735192 -0.331641915619731 0.0356218706166419 0.216861048646509
-0.378311994082179 -0.144016443190869 0.0973932923622527 0.0729504572500512
-0.337830698557524 0.180098336182433 -0.0456492522425174 -0.0369889993372076
-0.0850002423506796 0.367725428081061 -0.0843185691183776 0.0498109484244169
0.116948115027689 0.290076066938198 0.0220793106336 0.118106216432624
0.217351092706853 0.180408292340344 0.115204480388476 0.0923891399045522
0.278122894294758 0.0600794930450193 0.157762415496763 0.0150956729957806
0.262998052097833 0.0250353998190886 0.146539289218956 -0.0340538064793456
0.267546098080618 0.0651444076380614 0.130355527623793 -0.0285928961512786
0.204729722391108 0.216201695144857 0.120786966974416 -0.0153087075705104
0.0553425120567301 0.295461108506574 0.101752889552087 0.00526668828318472
-0.151836187934397 0.329075389505737 0.0787637841706199 0.0436696618463254
-0.341422365497418 0.0937978379170312 -0.00573565118842718 0.0673686165857935
-0.317339882090515 -0.235096583913269 -0.00233633241369357 0.0881702021860474
-0.228775617577057 -0.393483593919257 0.0590459513074498 0.125524358746632
-0.214328164195504 -0.238299668847971 0.108094726432137 0.355949909975608
-0.293167178386882 -0.0887026531458777 0.200391584440466 0.120792020226995
-0.241802402478892 0.143985353792407 -0.0110509116246337 -0.0423559394258416
-0.0582852778398064 0.260438692594545 -0.0864118247557952 0.0563986675636599
0.0751147639504296 0.211913203792084 0.0297410259857416 0.169630614881182
0.155797601617041 0.143704971253672 0.17526601018568 0.148263264939375
0.206095843339428 0.0629036029970407 0.244564081741873 0.0469694399227508
0.190761384693453 0.0376732892288603 0.235814897042712 -0.0168606478294859
0.186044417350525 0.0705751877781512 0.209966376321982 -0.000905666905211394
0.125495267293201 0.172557515669362 0.169990360712375 0.0351289009983551
0.00499962221272982 0.20416091985983 0.107510098939185 0.058673551859534
-0.125059147813555 0.186134422999501 0.0656519341478857 0.0548890215414116
-0.209243823477997 0.0344455971151471 0.0128654964641946 0.0586461147049763
-0.19026716184253 -0.160841512883574 0.0507046236629627 0.103853485603528
-0.173815275445698 -0.267300749337126 0.118435805903342 0.227858397089982
-0.140881298156049 -0.106662853784012 0.161732803514543 0.457490384165951
-0.157081754833275 -0.019256853462137 0.276668238848912 0.159099754565681
-0.106106491717982 0.0839725262866852 0.0295268996620975 -0.0444960898492856
-0.0227187409773851 0.108982961965519 -0.0759319202815789 0.0487265850373835
0.0183165433246531 0.0978851204103175 0.0279721264746089 0.194498888989052
0.0655643496626056 0.0833280965441843 0.207759417438179 0.182872722754035
0.0988378923975609 0.055659664500115 0.295514810125593 0.071361505977056
0.0892108195596969 0.0453907904224003 0.289984874971305 0.00293213716925919
0.0812900264293746 0.0648772680768933 0.253914428114074 0.0272554664774762
0.0363292874657238 0.108158296240451 0.185420389760633 0.077176356775502
-0.0373749964218326 0.0969067123821304 0.0914094530021094 0.0950196365733377
-0.0819735316084526 0.0401985767090337 0.04148864285792 0.0525442512133762
-0.0679130547731053 -0.0155239592712475 0.0235399807798782 0.0410605682623413
-0.0576218040394501 -0.0672670453460902 0.0797320582840905 0.0970507151535241
-0.102378274295798 -0.109985679441258 0.154827262159933 0.27550166262088
-0.00129332291311569 -0.0488802976797117 -0.197594953525183 -0.272446431467873
-0.0520873603263881 -0.0280515067729015 -0.189554071020331 -0.0858371231885673
-0.0511469992237015 0.0483191207327843 -0.0460948127107968 -0.007845185633167
0.029258398668419 0.0759600770777515 0.000592674283435029 -0.0175150716002184
0.0674741585151534 0.0117471777862975 -0.0364473419487233 -0.106561680422912
0.0465398141603985 -0.0303196884605728 -0.1696484341798 -0.119755188748755
0.0288052580717419 -0.0540946579844193 -0.259729016705956 -0.0579334219641179
0.0241102038778682 -0.0490978591884146 -0.294565611512048 -0.0101688203033173
0.0261550209468395 -0.0369549180619822 -0.300869324029683 -0.0514178493306625
0.0306566773591131 -0.0131332806676971 -0.226999889440566 -0.153830433970685
0.0303401816519876 0.0141741414038485 -0.0670382197750002 -0.190729266638431
-0.00509500693771691 0.048023109209167 0.0324392143255977 -0.0625626892611001
-0.0478393062363844 -0.00968808726626751 -0.0454099267822405 0.0189076442250251
0.00766563659241671 -0.0672076609566326 -0.231062953766681 -0.126299157826731
0.0660611647744166 -0.0344603647337582 -0.210218472152978 -0.494011518986339
-0.0831316653923988 -0.173422556505319 -0.18781840276363 -0.252978967622746
-0.157123595258457 -0.0961772649663378 -0.186703690239891 -0.0764455124133855
-0.15276547172454 0.0787305275928812 -0.057855756444891 0.00137348363512495
-0.0117179512546914 0.179494992570154 0.000459275108245734 0.00129625633566629
0.0954778678210663 0.109074022939146 -0.0157866022027921 -0.0939702040818782
0.121237151353154 0.0353471662495564 -0.138529731328321 -0.114672938806743
0.135777634255474 -0.0359287001746921 -0.224513988981961 -0.0654226056370578
0.134528731107852 -0.0471349791907535 -0.261251390732345 -0.0274267996000466
0.147676710010493 -0.0223096227337715 -0.270737194735027 -0.0633284858919895
0.135386362481326 0.0679730547860191 -0.200341346280653 -0.160164997629071
0.0716582622009359 0.13809275077264 -0.0485191519769381 -0.189902959568235
-0.0528172531357419 0.19983787499942 0.0399748893312876 -0.05243334486276
-0.195327451060967 0.048286415694419 -0.065451148079871 0.0326712327256809
-0.149540669820968 -0.155122711460389 -0.238852689906416 -0.102744394945819
-0.0494801887609616 -0.206775863782111 -0.208674491493825 -0.438750395078665
-0.159873971343003 -0.274622371760725 -0.159048026518106 -0.18600048179963
-0.257983930790996 -0.148260818271324 -0.161333506816762 -0.0537403596750204
-0.245504923983704 0.111207345511074 -0.0686827019593129 0.00226233917636985
-0.0501242090122307 0.275797285174931 -0.0129647381268794 0.0139719175894693
0.11758743956876 0.19984698051426 -0.00486978729606019 -0.0658195952141438
0.184473329095499 0.098072821483697 -0.0935220743627517 -0.0877254552599642
0.225473929682566 -0.0122035934908906 -0.156913505940754 -0.0605536813663941
0.225265664318178 -0.0379646107572625 -0.187338261307217 -0.0406723340685496
0.246642770071237 -0.00403679404174873 -0.197417939023448 -0.0665393959563353
0.220720285304522 0.14176816976453 -0.141360383437515 -0.145373479163471
0.103344543255724 0.246336320849507 -0.0188793697219985 -0.167068221729859
-0.0957416986540798 0.332481128441045 0.0507322537190699 -0.0376537270684049
-0.324857446760215 0.104196027155258 -0.0694156098371548 0.0471162734163794
-0.290654262309014 -0.223166473327983 -0.213802450032996 -0.0606694300544885
-0.157145513658311 -0.348549173105334 -0.1712139392867 -0.328399611510571
-0.223681745897709 -0.338353028096058 -0.1092360831487 -0.0770962977029507
-0.347477011182083 -0.171958041280062 -0.104050095691807 -0.0201024127204777
-0.320243849252717 0.153518190172369 -0.0734605218581862 -0.00675252919575819
-0.0731882448689138 0.358886524046127 -0.0367448267892204 0.0249266471435129
0.138723669895075 0.271498436861732 0.00203456241580768 -0.0179400272291454
0.231534932246189 0.148752626484411 -0.0327162872172907 -0.0397783051251813
0.285831418801472 0.0113560415820291 -0.061962327811877 -0.0453635285063835
0.280682346217699 -0.0243426705609743 -0.0829246086191192 -0.048014751440471
0.3041245120252 0.0155837814338256 -0.09406622741797 -0.0631966106096243
0.268246093661012 0.194386993753464 -0.0576533294898271 -0.113795748199956
0.119712729999774 0.319471732970949 0.0212086223559865 -0.12153404298283
-0.126508819248808 0.417954151731888 0.0644117268645616 -0.0154988421571757
-0.407657603610214 0.145727803416563 -0.0547612134814298 0.0588243498266807
-0.386104957547416 -0.260262870556579 -0.153277300513665 -0.005315311036064
-0.234136237230991 -0.432990438949092 -0.101048062822257 -0.18012874809109
-0.264219791228728 -0.356241602851852 -0.037717230361829 0.062028460641539
-0.400381105843891 -0.163975654568832 -0.0117008664088878 0.0213636968955824
-0.354814964604512 0.190916231032957 -0.066231034749067 -0.0210782449209174
-0.0761070672401311 0.401787516769207 -0.0622737591584148 0.0391664435004151
0.147892002277296 0.305492141308215 0.0124793592882392 0.0465822416542689
0.249578653454426 0.175586735449743 0.041940155508677 0.0213412889736772
0.306483180728614 0.0319533469590547 0.0481152428443316 -0.0214907824826294
0.293851059611488 -0.0070096672431839 0.0327021472946101 -0.0486276925123526
0.311055973722288 0.034452055512708 0.020717600078991 -0.0523703338802584
0.267491079043834 0.215431231526603 0.0352696776858411 -0.0705635659231092
0.109563542431194 0.336550519344808 0.0646889035256463 -0.0620353158327887
-0.136672630261906 0.423097808929669 0.0756596743595114 0.0108720278173424
-0.411380241740762 0.150156958539453 -0.0288015457658188 0.0668481697177652
-0.400046436572982 -0.25769281819074 -0.0723275207314751 0.0484963354231093
-0.265223992657203 -0.443177655061296 -0.0151035876457638 -0.0208185123615523
-0.266523817635602 -0.318686813613957 0.0455773933032846 0.211215594666002
-0.38728984057605 -0.128014806051786 0.10062162623137 0.0667044791126233
-0.325520745359467 0.193830787156076 -0.0446496775253278 -0.0333360128549502
-0.0658466447134715 0.370066383146265 -0.0789862038224146 0.0552735846727552
0.131820542812501 0.284799521841379 0.0266962355006389 0.113758014276441
0.227027434169228 0.170627665439805 0.120877271496305 0.0847752351185933
0.280106941047585 0.0456285384327215 0.156910590961076 0.00600673776440158
0.262886702716867 0.0118604141431259 0.143273531220356 -0.0420566641848009
0.269338125590238 0.0501637520480576 0.127031540935361 -0.0343171856804216
0.217129446657311 0.205341854319286 0.11666924382409 -0.0216790855684852
0.0692053479815887 0.292424095618497 0.0974948098499385 0.000824220316060627
-0.134329447290343 0.334967539524556 0.0782375185995342 0.0354614759448479
-0.335385702653446 0.107977309494303 -0.00345852785051104 0.06703169610467
-0.326763817622652 -0.22095697683191 0.00483860540966184 0.0873338720602731
-0.24408923508911 -0.380622665160661 0.0676513450443173 0.120694260715535
-0.223400731697162 -0.227627771188792 0.124551458251789 0.34654425918788
-0.297516125037198 -0.0768172775236012 0.205015333589254 0.109566899374703
-0.233553788515738 0.153793080459182 -0.0116134858514091 -0.0403008365041316
-0.0460926387666892 0.262593507974553 -0.0814105670051264 0.0624948800434487
0.0854777689292004 0.209158522849925 0.0379931728706262 0.166132726673492
0.164018981104709 0.136831378354124 0.184448058984763 0.138687782776628
0.208613331805927 0.0521918003237351 0.246416857339084 0.0343274115624895
0.191596305691776 0.0285893023252047 0.233292418846161 -0.0288758462947766
0.188314117070344 0.0599852459640837 0.208096097356866 -0.0110407360524857
0.135168527668145 0.166001576700069 0.168864383145363 0.0266330700358468
0.015492829426311 0.203935511057309 0.106540401783417 0.0540298906091432
-0.114774715415691 0.192017004098558 0.0648954516775921 0.048123324092403
-0.206869401789846 0.0431042763094089 0.0141071961026756 0.0569763132365091
-0.197902229625624 -0.153610125128801 0.0584360206140618 0.101526151861426
-0.18366026557008 -0.258045270571832 0.130932295352279 0.219785754579031
-0.144661837063476 -0.0999472810382976 0.182128985660885 0.446104013432799
-0.158057251031379 -0.0139595333329955 0.283201952367205 0.144600069231411
-0.101414129340841 0.0870480403863915 0.0280597072323912 -0.0431499273941881
-0.0182457021684541 0.110325119289068 -0.0727546693714115 0.0551019924590623
0.0231495672145957 0.0987849053795627 0.0390413667205722 0.192943369316509
0.0705067425117446 0.0811011286339682 0.21879683664206 0.171545868366058
0.101727850397624 0.0508935188467702 0.299255193262036 0.0556570437232873
0.0913037105617291 0.0418523700134088 0.28900774523435 -0.0122654390865547
0.0840035200599675 0.0607037018607739 0.253698004424275 0.0149560231184889
0.0423616591363332 0.10615917381574 0.187643537153362 0.0683781199068263
-0.0320274738426132 0.0990188656799995 0.093283197767383 0.0911584135466573
-0.0797067694244301 0.0452861483793542 0.0406026937565022 0.0470264461285585
-0.0687344599062162 -0.0126811463261612 0.0234734788511323 0.0382464788484022
-0.0610414370227453 -0.0663356118672141 0.0856871827319639 0.093462353903899
-0.106343202797455 -0.104340721657403 0.169283708934526 0.265680831981744
-0.00276177830266117 -0.0463758403958021 -0.200562202612801 -0.26036151985834
-0.0514050609261504 -0.0253357081788793 -0.18885038645232 -0.0752385355804523
-0.0469904186016546 0.0491564505214806 -0.0448371480195293 -0.00431796186965518
0.0315840512228382 0.0718011993832208 0.00269589523449065 -0.016931938994382
0.0656099129950613 0.0072890828860948 -0.0372503654230733 -0.103605867706764
0.0436160760617186 -0.0314499101606658 -0.169808553911049 -0.112044806295988
0.0256263942372724 -0.0543917996212604 -0.256467804740695 -0.0478367735564491
0.0212096869513334 -0.0493540444166844 -0.288995544426986 -0.000344488846286605
0.0248947144423013 -0.0374696834812164 -0.296029821088015 -0.040381961148314
0.0298702052957427 -0.0136275581212807 -0.228545989979924 -0.143587434376346
0.0300985511101381 0.012949910542664 -0.0735471209234284 -0.185791925976614
-0.00195821731662436 0.0472131772478931 0.0300199053361359 -0.0639477472883398
-0.0466682465255404 -0.00771843262832595 -0.0422172779537806 0.0166085100169798
0.00496080394656398 -0.0641664261210535 -0.227268398274171 -0.119335826476035
0.0626921050336179 -0.0351339920234014 -0.218735652967817 -0.472755738083342
-0.0854370528120137 -0.165043869054753 -0.190273878674713 -0.242718332239484
-0.156646854615022 -0.0888369300830074 -0.185660825849748 -0.0671305160623151
-0.144109836189234 0.0809636512923062 -0.0556361139956994 0.00358468162314704
-0.00460609386107513 0.173541189368315 0.00284365532821412 0.00092664462543465
0.0963938865950212 0.101164557399275 -0.0185585310779891 -0.0929182153832398
0.118629027131012 0.0304373309399846 -0.139980101294574 -0.108236045741785
0.129989436947233 -0.0398229719194496 -0.223195946897334 -0.056360730863439
0.128341359917277 -0.0505124659441136 -0.256636383620949 -0.0182015691270647
0.143674055719643 -0.0277281842599798 -0.266998287373588 -0.0525801156751578
0.135034107268974 0.062346359707774 -0.202924664634578 -0.150649971308976
0.0737244725490901 0.132491029332335 -0.0555844290509575 -0.185176426515319
-0.0447500228931603 0.19644694101356 0.0382918672921645 -0.0554857594726575
-0.189583253561808 0.0527743863743049 -0.0602516555069844 0.031594367928271
-0.150943107151562 -0.146519873830094 -0.23292340359081 -0.0955412626435992
-0.0539316024437621 -0.199959261071002 -0.213582754305539 -0.420242782612533
-0.162656396355599 -0.261944540165329 -0.161082950740723 -0.178645069825864
-0.256387179125417 -0.137204758757112 -0.160449350056359 -0.0467152223514416
-0.233074418116907 0.115125119721849 -0.0657298986107234 0.00431485644649859
-0.0380708930098272 0.26813658478062 -0.00943900778616533 0.0133892937490072
0.120930719590881 0.189371911621883 -0.00814527217732988 -0.0665095650481152
0.182903213251307 0.0902361257452254 -0.095461785778689 -0.0840609723890651
0.21874483985183 -0.0195113401497875 -0.156455264596537 -0.0542360324179118
0.217007963492288 -0.0445695598055953 -0.184393029850722 -0.0335792305572006
0.240021051826396 -0.0131519670848749 -0.196328504334587 -0.0579506932125561
0.220931342060224 0.131109721050889 -0.145431101060065 -0.138737356149289
0.108418899335691 0.237511945391939 -0.0265631681859883 -0.16336209731186
-0.0821373319014104 0.326556869332414 0.0485130796031957 -0.0415332699499626
-0.313622368261727 0.110184896434177 -0.0636680187208853 0.0461692760480421
-0.290994546487979 -0.210568309009014 -0.20707899264583 -0.0541339509353281
-0.161734313716469 -0.334763667363097 -0.173334232161968 -0.314550367869362
-0.227152723599062 -0.323639292836705 -0.108617105929456 -0.0747223622474595
-0.345442568323387 -0.158072292303874 -0.103345594875725 -0.0169103870000177
-0.304442266757167 0.158606586951269 -0.0699656838448006 -0.00475635502025614
-0.0582615198285186 0.350887889396012 -0.0323335365502275 0.0249395918827025
0.143407704780033 0.260578848785055 -0.000692190806988944 -0.0205824611492224
0.231750895967014 0.138429334851159 -0.0345740471305525 -0.0392885206217636
0.278773772016623 0.00154427883997497 -0.0634961122956179 -0.0424919687956198
0.271561547473196 -0.0322658050414763 -0.083861633557017 -0.0450505666888411
0.296125159894934 0.00460034904965034 -0.094954878685694 -0.0573411289455317
0.269490055787688 0.180552961733134 -0.0631594237089514 -0.110165535366933
0.126245775506757 0.308975920004532 0.0132151610521988 -0.119907871070848
-0.10863366952428 0.410643483744104 0.0613825224623787 -0.021404469572079
-0.391919017522157 0.152540366692299 -0.0499266346587227 0.0584244887738451
-0.38366005072444 -0.24408303471029 -0.14671714173758 -0.00271828007723179
-0.238900313336391 -0.415431187707912 -0.101273800549578 -0.173525684314187
-0.266737460742481 -0.338834247069229 -0.035765774234934 0.0585988716899494
-0.397026939344761 -0.150400221480119 -0.0120523280206781 0.0201344102132324
-0.338151756094616 0.194687895870495 -0.0638042946308505 -0.0185797748676177
-0.0603559744582107 0.39300107796341 -0.0571162514285566 0.0401913788069365
0.15444125518433 0.294652362290913 0.0111939124133436 0.0416051438883517
0.250468986764758 0.164144959834813 0.0415644057084528 0.0182535290507161
0.299338559494754 0.0213632261495766 0.0449095438161952 -0.0231471248605098
0.285383241883417 -0.0155165878996523 0.0290703618945486 -0.0491440995055003
0.303149712924429 0.022685076156552 0.0171662234371238 -0.0502348769206843
0.269326348212777 0.202447129269266 0.0290513103333067 -0.0704202360748674
0.116595607937942 0.32594725389241 0.056913436081172 -0.0622272894591198
-0.119619994264075 0.415619885822352 0.0720324847296068 0.00409300651502767
-0.396389743046054 0.156802505847428 -0.0253628131864571 0.0659826048264838
-0.398819732370293 -0.242537976953273 -0.0663964255932408 0.0483295406024687
-0.267683754785439 -0.423148083804055 -0.0129224667912459 -0.0214808066528177
-0.267130274135683 -0.301571659189405 0.0495940742768619 0.201607212398543
-0.38232345094759 -0.116064358091852 0.0984405140392479 0.0599978518784556
-0.310970017150736 0.197695054824795 -0.0431123541455931 -0.0311222131993955
-0.0521067376954823 0.362813521769701 -0.0729539969210243 0.0568126042654293
0.137021817178044 0.275061930834017 0.0280955695532726 0.107883243749566
0.228846456081407 0.160579048951139 0.120992944077121 0.0774932631777521
0.275374658966195 0.0356117217678128 0.152721356264776 0.000230477143218796
0.255778568779689 0.00405569747288491 0.138063756890663 -0.0462648894755802
0.262362080617547 0.0399656419857573 0.121693837262447 -0.0366872819928
0.219971571238063 0.193561415120668 0.110679177694302 -0.0246627053658261
0.0767022211936575 0.284075999572597 0.0907762475176385 -0.00175729808806758
-0.11963129200826 0.330883322049826 0.0743302938620467 0.027919926021897
-0.323233333189582 0.11342764712785 -0.00197522544982905 0.0653298616736605
-0.32491675657704 -0.208050606401811 0.00982580862009509 0.0836650078662758
-0.245823120450575 -0.36272756540576 0.0715086127067808 0.113486169012345
-0.223530449410964 -0.216265471104122 0.130019889235972 0.331672502800324
-0.294037048586667 -0.0687104802921182 0.202548941792387 0.0984630901153345
-0.22340529926423 0.155286892682743 -0.0112120223138309 -0.0377052013148809
-0.0369096068594167 0.258224378399793 -0.0759222206401865 0.0652620038048315
0.0901033684377565 0.203913614266651 0.0416707036646437 0.159605201422984
0.165777118936848 0.130532376761029 0.186015883263749 0.12832879589256
0.206233619592961 0.044314590907857 0.241687215211455 0.0245215146907887
0.187951213208395 0.0230962604113845 0.22692642054406 -0.036911617425723
0.184691312235313 0.0522588096278681 0.202334805157784 -0.0158628678699544
0.138367219008533 0.157100663848915 0.164165601322888 0.0212406191898513
0.0217410466421941 0.19905295182726 0.101981758287341 0.0501648063308471
-0.105206336224923 0.191376618295347 0.0615674033474354 0.0415791431446595
-0.20016983878168 0.0469788014476781 0.0139552504711762 0.0548140280992087
-0.197631064243475 -0.146137915908718 0.0617011718161305 0.0967434777462757
-0.184458337017952 -0.244507678714049 0.136297127618848 0.208373557255212
-0.143117244912585 -0.0940545328250417 0.187446691208418 0.427740167208364
-0.154987638710082 -0.0110125996948679 0.278768006612669 0.131286936878742
-0.0969656582135044 0.086016965840895 0.0268081839128435 -0.0408078855384216
-0.0150683866092675 0.108753319521262 -0.0682931559613712 0.0582815995654725
0.0259143077989878 0.0977841280994353 0.0445738310167838 0.186737395124839
0.0722047253896902 0.0778017289457771 0.221145576164614 0.160636343097372
0.101902494300493 0.0467361445835991 0.29446177797759 0.0442009105607064
0.0909569019924992 0.038677896264602 0.282137984772256 -0.0223529950218177
0.0832688134409404 0.0566652585041473 0.248031048528155 0.007351948452344
0.0454662124008577 0.101963081201989 0.184419940934504 0.0618705241165727
-0.0273847623027551 0.0980327263644786 0.0911246360214185 0.0865300475676279
-0.0764263065523443 0.047265087330816 0.0378995807397657 0.0421470009650007
-0.0669764035476395 -0.0108883968299098 0.0217575305405085 0.0359683683358111
-0.0620236603046525 -0.0645034188297284 0.0883685167641224 0.0884900159834504
-0.105046026018754 -0.0982113148572955 0.174252120963674 0.25277404987809
-0.00109178542844353 -0.0415942719358199 -0.182638392471796 -0.266837001399945
-0.0481659298900307 -0.0253624405533177 -0.182211759882939 -0.0782880004477436
-0.0479265692775314 0.0459545517220349 -0.0411392208856198 -0.00301595447313627
0.0274232612720078 0.0699416434103755 0.00828902137094986 -0.0148327850165987
0.0617722991727932 0.0100121715375391 -0.028609085728799 -0.104938540463291
0.0424146435694274 -0.0280062772625963 -0.16006840457568 -0.11714403605073
0.0239721316124749 -0.0529449077987796 -0.250261690899329 -0.0573671539218325
0.0220125876366868 -0.0492461391646174 -0.281532252677062 -0.00922839085099222
0.0238548204616157 -0.0368832285432348 -0.288217983211106 -0.048704207836375
0.0286122460391539 -0.0129234233034247 -0.220137817915743 -0.146587769386303
0.0283383115826373 0.013042579083468 -0.0660765866979753 -0.183629819325638
-0.00275962171610506 0.044110966616183 0.031024174491436 -0.0613540469393373
-0.0458919789087563 -0.0087490850955657 -0.0402929052370059 0.00890623256708081
0.00395869327126967 -0.0642546776343909 -0.210545882870757 -0.129450097750187
0.0569942178194539 -0.0357135214581428 -0.179549065862405 -0.466493462181962
-0.0739389156890125 -0.165233610002787 -0.17949022273571 -0.247917584514471
-0.147247798070628 -0.0951606856105606 -0.181044865291219 -0.0679274034369886
-0.144429708821892 0.0705831920221116 -0.0505755729531608 0.0068956332617884
-0.0126114119505678 0.166007241184325 0.0103555586778427 0.0055904046205097
0.08628247847438 0.103108299703857 -0.00799827226469803 -0.0927253319674666
0.113753196283764 0.0364660425631771 -0.128705682999335 -0.113195676476261
0.126343259285162 -0.0335986041287781 -0.215225320870222 -0.0662395757185552
0.128692156964512 -0.0441976622867182 -0.249090025839072 -0.0256230386938488
0.140955538775876 -0.0229138281677845 -0.259114338395498 -0.0569918245749839
0.13083891567052 0.0665536029879051 -0.195920700444954 -0.150361591267772
0.0669686375224678 0.134426352820916 -0.052815892989454 -0.179614893225131
-0.0497535676033559 0.187796613384745 0.0317637277533259 -0.0492963348533042
-0.19000107626291 0.0436209105394854 -0.0624786300070265 0.0204022340741163
-0.146047391359956 -0.152549557820014 -0.215378429890709 -0.111423532026887
-0.0509919389847633 -0.199740210726445 -0.17391725422591 -0.420047465361025
-0.143768886122697 -0.267174501356561 -0.159665361983833 -0.183016100592746
-0.242638824253607 -0.149655543079066 -0.158785846658732 -0.0450750408193173
-0.233388461786849 0.0980853747284585 -0.0583141255910139 0.0101715777564788
-0.0497532194883243 0.255749353550164 0.000343986470952835 0.0204845137432597
0.105619235921142 0.190825502720959 0.00333484055869666 -0.0660261983662552
0.174544668506876 0.0987916949425681 -0.0849543676416165 -0.0889407428411544
0.212452361380929 -0.00904000552965601 -0.148792217270451 -0.0632897947508209
0.216706242843337 -0.0332013072412622 -0.17718817674753 -0.0388768845064491
0.235515084349565 -0.00431860380009108 -0.189258770423605 -0.0589107436564516
0.214350996243651 0.137377688769984 -0.140781480592838 -0.134803946954632
0.0970213876399409 0.240816473823372 -0.0287901019284099 -0.154086844989429
-0.0912105434030109 0.313701807447054 0.0355002422221882 -0.0329018395452505
-0.31526273298854 0.0938067765211982 -0.0699756792620087 0.0328755724479638
-0.280888214807986 -0.220527723159353 -0.190177007019814 -0.0743177128508379
-0.150559697698089 -0.333296505206275 -0.137837242446311 -0.321508617142494
-0.202442063827745 -0.335017751390948 -0.118552974515503 -0.0773071647794727
-0.328687703966051 -0.176940197918352 -0.104815019852875 -0.0107574845194283
-0.307434913026317 0.135499309353674 -0.0601630906322919 0.0045698345417507
-0.0732590099122428 0.334901651124808 -0.020130910728556 0.0337462911944975
0.124274767161735 0.260953504987233 0.0112953139493996 -0.0205031986761947
0.219790855808804 0.148185443936665 -0.0257267100380542 -0.0438349945019635
0.271749197724352 0.0154017311180459 -0.0566619233186517 -0.0490665776454444
0.271028705864812 -0.0183757284307638 -0.0775462758790709 -0.0471521012644728
0.290621466225562 0.014902475075265 -0.0908626943161832 -0.0546291635661661
0.261016738276801 0.18885963004478 -0.0620425554282136 -0.103342173410086
0.112464011269008 0.312537924824097 0.00552417332868565 -0.108249994641556
-0.118586941951575 0.39531277000819 0.0421866101370004 -0.0110309773738621
-0.392894478909228 0.13292333480416 -0.0606099836837889 0.0443465736954445
-0.369663172736695 -0.257984712430302 -0.133861850145649 -0.0233446944314116
-0.221641638515118 -0.414047361725961 -0.0748913051607667 -0.183253538927438
-0.23846352526855 -0.353958425995814 -0.0562626694396901 0.0578750956098469
-0.381034444123671 -0.174476676019805 -0.0177120024690865 0.0305944416138935
-0.342545203913164 0.168906106239011 -0.0516638910936555 -0.00666838586057218
-0.0776383463260306 0.376558240237002 -0.0433756837560846 0.0490148433255065
0.133280991871402 0.295059756312903 0.0215400197432849 0.0409995873818648
0.237964527342695 0.17396916898193 0.0465090493300662 0.0151199123270583
0.292582074197323 0.0362494897803273 0.0500458026266105 -0.0268186902834849
0.283851111598408 1.95701720068788E-05 0.0325323421482156 -0.0481751806270991
0.297928328615837 0.0340292232385534 0.0186905786288598 -0.0443222853442272
0.261029092926231 0.209807146722198 0.0269670660798169 -0.0618061559778508
0.103303944643777 0.329124068410543 0.0451902775770621 -0.0502182109717793
-0.130383193632044 0.400034605058924 0.0506114697582905 0.0149082699471862
-0.397208861898184 0.136517249394348 -0.0385244621690973 0.053592318249976
-0.381513724782716 -0.256239688313529 -0.0586633414899346 0.0295965108891562
-0.247448640728321 -0.421678277415844 0.0012606333683881 -0.0329417606575542
-0.240898430604577 -0.320725287833689 0.0203244243392684 0.203480300762932
-0.370129399657325 -0.141680087693108 0.0884343274355791 0.0739673353533385
-0.318060053169418 0.172896847393695 -0.0312402270294913 -0.0185700078435393
-0.0690146045909545 0.347462311336391 -0.060907110222104 0.0641148744377886
0.119043508237977 0.275139663180798 0.0347708569388667 0.105867236750383
0.217527152742645 0.16881088382132 0.121170005355116 0.0757345398339243
0.26922484872991 0.0495419771615977 0.154666114799043 0.000987118997309797
0.254598396979539 0.0180970817374489 0.138045965845571 -0.0415211716430391
0.257940282781425 0.0495255174698451 0.119810541345237 -0.0279528935374689
0.213498501194104 0.199445766651838 0.105421226038251 -0.0155104103518273
0.0660084765299038 0.286128991670665 0.0769026311408794 0.00843513975525487
-0.127152820880657 0.317156060200593 0.0535399045209688 0.0352617599451039
-0.322926816283564 0.0966823764603119 -0.0141026866607456 0.0558789713695213
-0.310936135723408 -0.218405425955589 0.0124461047841407 0.0705441228293158
-0.2264076806841 -0.361254902762699 0.0726615629322751 0.103043838264989
-0.20257823334782 -0.23386463359489 0.0940928550180439 0.33483822438695
-0.286304079164417 -0.0909349198138398 0.18904410481768 0.11442348676687
-0.230659203358707 0.135968442750605 -0.00219422102935997 -0.0263879124224918
-0.0492441826343888 0.248025209875218 -0.0678442944863824 0.0694404977351381
0.0776691065408276 0.203550534050957 0.0426921026431442 0.15796541185042
0.157748781949802 0.135159549560575 0.180930712735094 0.128990656174328
0.201784342881286 0.0551171800873214 0.239668524858603 0.028329069354614
0.186198612382267 0.0334556409726319 0.223946057599034 -0.0299116127987046
0.181071203785399 0.0591002596011708 0.197083333957754 -0.00628256138446656
0.133819215016131 0.160161417205326 0.156227034519959 0.0295138450123884
0.0149647656084737 0.199602619238215 0.0884805984838816 0.0563065970844669
-0.108563956204306 0.182565083649961 0.0449563064029842 0.0438515631557404
-0.197683542781438 0.0366188764483567 0.0048664373220514 0.0488951107222586
-0.187883394238473 -0.151495357489415 0.060775133996325 0.0903130021769454
-0.16911534861856 -0.243673085975553 0.126192612889005 0.201067506173447
-0.130673064274907 -0.108359384135846 0.151761373794869 0.430438094370726
-0.15334190283119 -0.0257331607261229 0.2632351067635 0.145946955278907
-0.102394088467357 0.0766934263284336 0.0315979548548263 -0.0321403240110683
-0.0205142898199494 0.105101803667342 -0.0646100008298813 0.0588903888187753
0.021425701980786 0.0971169502174344 0.0399013899460632 0.185011667527817
0.0687090689855442 0.0788114936488066 0.212333782790744 0.163211175583488
0.100449654465254 0.0522917872621195 0.289760987992548 0.052206986954777
0.089689252411046 0.0439788312307747 0.276291839661916 -0.0139379215095638
0.0816149345527556 0.0599847300928912 0.24160447916856 0.0159800189068341
0.043283033828298 0.102338199695005 0.175846097726109 0.067785364068536
-0.0295737244887464 0.0969223209312742 0.0794862667291929 0.0884048910605797
-0.0754314385016269 0.044150540325009 0.0271581040825292 0.0397612571995104
-0.0649282768766381 -0.0137249797083733 0.0170113460383236 0.033457911791201
-0.057867198548202 -0.0655601793566382 0.084583507255623 0.0883878275322617
-0.0959746019782716 -0.0969910091571134 0.156375804067864 0.249268233176911
7.69795991290164E-05 -0.0404096213748569 -0.177384315063907 -0.269756449993836
-0.0473723328756563 -0.025134856306853 -0.181579854979001 -0.0780111071688559
-0.0472027607971112 0.0455070035648141 -0.0410914527513044 -0.00237852606047751
0.0266430537080236 0.0690205369802661 0.0107859780511513 -0.014240637704091
0.0612681104750515 0.00930689255117346 -0.0259777686799908 -0.105452909721409
0.0419403711639172 -0.027536310676521 -0.159256363099622 -0.119022275307194
0.0234889627364886 -0.0536636650185917 -0.251213941037059 -0.0590878277757575
0.0211600702471714 -0.0497515267214117 -0.281712149740538 -0.0112125254573286
0.0248008705612146 -0.0378713223418529 -0.288565379993313 -0.0510038007209013
0.0294452259005906 -0.0122889884821729 -0.220752713245831 -0.149154185575021
0.028284235653596 0.0133494471002553 -0.065322849754436 -0.186066861642432
-0.00240462218186077 0.0440030618590916 0.0320197653244103 -0.0629637095451278
-0.0456404412056344 -0.00850008468428797 -0.0389089021747186 0.0051793220076239
0.00437251144493077 -0.0631327904728202 -0.207118748113832 -0.134032661449779
0.0570733657001137 -0.0345727245471013 -0.172091303936264 -0.465978623864697
-0.0709660810112381 -0.164094187265316 -0.175170040397668 -0.251363449364091
-0.145531995209879 -0.0962884639777619 -0.180329560578294 -0.0680754963516365
-0.142820213870637 0.0682021435297012 -0.0505046676331081 0.00657965138754666
-0.0133101589481463 0.164211571328858 0.012300789129011 0.00572210494399787
0.0843877359934221 0.102755914350308 -0.00709150331080356 -0.093926518272609
0.112980262304484 0.0378215086361747 -0.128083522710473 -0.115094668985708
0.125387643896763 -0.0326348902547731 -0.216324214007902 -0.0675777463047408
0.128322122532778 -0.043535134986794 -0.2492624287973 -0.0282181459884507
0.141006869822702 -0.0221752919677842 -0.259370307394155 -0.0595132234862082
0.131352377007426 0.0682818239131297 -0.196384854138485 -0.153357365969208
0.0650248573502732 0.136008431296257 -0.0519756358238517 -0.181661995638117
-0.0511852868653926 0.186858215820089 0.0330045387494303 -0.0517821092439589
-0.190903742805194 0.0410402309625618 -0.060062061182279 0.0170706042143435
-0.144403725176202 -0.154821664163222 -0.21131757138504 -0.116200076728621
-0.047151670626894 -0.201024812857572 -0.167313647269816 -0.420912950326005
-0.137983680222402 -0.266274803226769 -0.156610393865243 -0.187051991371574
-0.241154519825923 -0.152422695955695 -0.158616367510588 -0.0459990224822606
-0.231205585703402 0.0937806202606792 -0.058438286446689 0.00881835162164623
-0.0510292866461193 0.253663098530366 0.0021372977388727 0.0200526560014935
0.103192095860047 0.191730672146295 0.00282714380424727 -0.0670423743616075
0.173544430305135 0.10087273913836 -0.0845843557473471 -0.0900197176942587
0.21201573659166 -0.00724012651982155 -0.149667167695864 -0.0648372626558374
0.215524943501311 -0.0311015479118627 -0.177609191061044 -0.0409829903712754
0.235284835143971 -0.00248679073779189 -0.189118586457939 -0.0608134801930237
0.214116319403841 0.140091616354796 -0.142337214780023 -0.136774492173247
0.0938065923532034 0.243514907776682 -0.029454587624194 -0.155378467646405
-0.0949064302919562 0.312035573957754 0.0350930343626947 -0.0361449013673127
-0.316289749436745 0.088728321436839 -0.0681511345104731 0.0298525985859188
-0.277160896009449 -0.22601504658729 -0.18640813162955 -0.0787617023548065
-0.143288131043434 -0.336391644269741 -0.131445639849058 -0.321757932580002
-0.195646110697457 -0.334768592903699 -0.117782446372952 -0.08123061927963
-0.327590606649578 -0.182194985545237 -0.106482921068119 -0.0121457263619145
-0.306496303287552 0.129308400350444 -0.060496309246968 0.00252921741011375
-0.0751934796925186 0.332141621208536 -0.0181300158062946 0.0333968836046971
0.121914987852151 0.262148120218653 0.00883151960095661 -0.0215217496765022
0.219235760707135 0.150690217684862 -0.026190646356049 -0.044737517737897
0.270489687107528 0.0179473787577527 -0.0570210775221756 -0.0500649640784719
0.270056937068421 -0.0150743059483451 -0.0785030188255293 -0.0486089543558344
0.2889540695857 0.0177273812377253 -0.09063730890642 -0.055358274720067
0.26021092014834 0.191945000384097 -0.0639875014314252 -0.104495352323914
0.108158791296072 0.314862101901618 0.00430127734063917 -0.108343364888827
-0.124091995980333 0.392009774397401 0.0413171478053639 -0.0139080146642486
-0.395348228410133 0.125117070382783 -0.0591562737432033 0.0425096716476231
-0.366459960164257 -0.26439714274417 -0.13055880242505 -0.0275012785184345
-0.211788237325151 -0.417085991731604 -0.0695176994617722 -0.184741438644626
-0.230721566686247 -0.355868425266472 -0.0582597475088193 0.0543948063251776
-0.380456807622333 -0.1801459890513 -0.0206435880804972 0.0297426643532848
-0.344549026108234 0.162822300675715 -0.0512770693517262 -0.00864404722361072
-0.0809083088042854 0.374948388883412 -0.0420350590360257 0.0484491692448658
0.130716096553706 0.297383314980591 0.0186749039142286 0.0400601928829578
0.237622959756829 0.17755894288168 0.0459136718515433 0.0147379602223452
0.292419948529397 0.0390958519511159 0.0499465573696551 -0.0271704003071908
0.283242007681653 0.00359420818611439 0.0322208084774397 -0.0488646246865236
0.295731600597874 0.0369661844186303 0.0185383647047981 -0.0433528575931751
0.259396712134731 0.213381588268599 0.0249390706606581 -0.0614112249803677
0.0990004639610361 0.331034107332581 0.0429473074657778 -0.0491447119093919
-0.1345611212154 0.397908705843812 0.0482235340509222 0.0116385919631209
-0.399272135284736 0.128595107524046 -0.0380079999154374 0.0525305438524299
-0.379053407294105 -0.262693979067272 -0.0563221370886953 0.0272099668620899
-0.237490855255371 -0.425404037365853 0.00339166152126818 -0.0339241183319265
-0.23372728092494 -0.322274722518567 0.0149752501604354 0.200522579903653
-0.370152204389596 -0.148017932035963 0.085049096640831 0.0740484815435433
-0.31981224723771 0.166678666410387 -0.0311636755110723 -0.0195079569556344
-0.0721783183917524 0.347126499165922 -0.0597957968892904 0.0633201043508272
0.116644119057568 0.278003742904534 0.0308335632059259 0.105781355850494
0.217904981393807 0.172736158273898 0.120844077356768 0.0768753814292977
0.26926445404411 0.0526659572943979 0.154995153254847 0.000778815457717888
0.2539437462251 0.0213284645882977 0.137962945782937 -0.0416889293562965
0.25579909032131 0.0525258259083817 0.119850125563369 -0.0257193333886126
0.210848762170311 0.201881653564064 0.102732748382754 -0.0141773661623216
0.0621919915814835 0.287297765646867 0.0739580322690609 0.0102146365206388
-0.129872398654524 0.315155344506634 0.0500641343887852 0.0330778057077828
-0.324069565601846 0.090117221500097 -0.0141485008389636 0.0560821615738905
-0.308222578990248 -0.224767361645865 0.0140083460643775 0.0693140140931546
-0.216866233049196 -0.363623372318783 0.0728352658680061 0.10240572008226
-0.197606539308299 -0.236765390122473 0.086511465530792 0.334118131793527
-0.286738181188907 -0.0966868131495763 0.184546429325475 0.115487813535202
-0.232027237126874 0.130668268113639 -0.00150267446603863 -0.0259808214329334
-0.0518953599625605 0.24769648322981 -0.0675044721163143 0.0695502476852276
0.0755534680992645 0.20569794160957 0.0394852907600622 0.158619055795893
0.158365762914162 0.138088868145097 0.181198614219647 0.130099510394505
0.202315288925699 0.0573933461989835 0.23999931367597 0.029942623680957
0.186786432210517 0.036256488526503 0.223533361337169 -0.0282597282343016
0.179190504948631 0.061750522029109 0.197543222713581 -0.0036902314987
0.13159124618132 0.161685361773849 0.154434378332202 0.0317323003443764
0.0123316613040259 0.20013407558353 0.0849755968934426 0.0580310443245561
-0.109667457612462 0.181280258546158 0.0412039894544374 0.041673287414809
-0.198851552728066 0.0326922795756377 0.00356403748500068 0.0491856425541044
-0.185725398057416 -0.156261994501996 0.0619085254301996 0.0904926852470366
-0.161897319579608 -0.245316296000488 0.12479272936566 0.200940202673873
-0.128350946991271 -0.110835504663937 0.14279090853069 0.430300225234651
-0.154232114992339 -0.0288678525505657 0.257922180152349 0.148250850290097
-0.104481177820457 0.0743219283626784 0.0318421675061692 -0.0306439647922449
-0.022074217292371 0.10580342866675 -0.064588536779263 0.0597361878513176
0.0209133902183349 0.0994523109946055 0.0381373524843583 0.185901711860815
0.0689899149481593 0.0805229878473419 0.212587096505942 0.165466399933989
0.100691450739041 0.053233670534444 0.290156813639959 0.0538774922358177
0.0901510464883471 0.0455945974681231 0.276374541222616 -0.0124227210777066
0.0805373338181823 0.0613715532856111 0.241493941092429 0.0191013193904643
0.0421432069668175 0.10278953280829 0.174333981644211 0.0707119538058217
-0.030578573807875 0.0966039456474989 0.0765101134254401 0.0903192544810876
-0.0761456262552128 0.0437263559663802 0.0238878677934246 0.0387595092468565
-0.0651151222789478 -0.0156682659003506 0.0153373421857524 0.0337986272156385
-0.0569259952899577 -0.0675729488080101 0.0851828427984923 0.0895006866190859
-0.0924906263808923 -0.0982732466196143 0.153824527437079 0.250435986974941
0.000991639227841399 -0.0405507002837864 -0.1788275937904 -0.279515771305993
-0.0483472067619042 -0.0262924586006512 -0.184983384053704 -0.0795023128213962
-0.0473626079299795 0.0459437301060182 -0.0419553719267861 -0.00113097513185335
0.027146009025229 0.070177687661107 0.0130816866487845 -0.0138262859152211
0.0613055263852604 0.00851265737682062 -0.0243386047810406 -0.108702148844269
0.0421311551041113 -0.0277697177895271 -0.162871744057179 -0.12306748558781
0.0231702186699343 -0.0545107156990893 -0.258677795955879 -0.0613044979017234
0.0204868988559016 -0.0508204263368512 -0.289280931426267 -0.0129462593814493
0.0260634529442865 -0.0400533876974648 -0.296063179654031 -0.0540909058316557
0.0312721524524712 -0.0127415422017005 -0.227325138184169 -0.155442760882013
0.0288280270730571 0.01440047275564 -0.0671997549968662 -0.19294771962433
-0.00181321750675279 0.0448003169705454 0.0335242412668112 -0.0663337777952197
-0.046536168447433 -0.00873138626690623 -0.0382646031293632 0.00111701538766423
0.00510118688632066 -0.0638531837763458 -0.209918150677598 -0.14210300428364
0.0579806791747433 -0.0349792361926097 -0.17000235200034 -0.477672645918282
-0.0696093901578136 -0.166854320097872 -0.176776814986512 -0.260689680363325
-0.148708966163978 -0.0999651126513468 -0.184711775542791 -0.0699352220837518
-0.144880533196734 0.0675374217737737 -0.0520312535699728 0.00663586387104328
-0.013918462503369 0.166950791938891 0.0142832536046415 0.00596862017573309
0.0853019071992974 0.105040920989078 -0.00649265358903749 -0.0966429328752476
0.115168924554219 0.0399400836897543 -0.131748402685057 -0.119049818369818
0.128065996540195 -0.0323054777232507 -0.222793888083616 -0.0699998022576166
0.130206863378788 -0.0439349471985208 -0.256591522501495 -0.0300785157307781
0.144395135896611 -0.0229970462866832 -0.265744912984142 -0.0621981757435651
0.135694664689335 0.0710199690608787 -0.203446669923039 -0.158656475418134
0.0651018877486871 0.141066888753418 -0.0540199897844287 -0.188572929344206
-0.0531494914748263 0.191184229742826 0.0342200313059496 -0.0557740768519269
-0.19599630853813 0.0400860528634057 -0.0596441008996715 0.0138407634920061
-0.147261242513097 -0.160769986484384 -0.21398704843277 -0.122749100023584
-0.0452704364336018 -0.206702273789258 -0.164362329406833 -0.431644365582906
-0.13633763012963 -0.272214402143873 -0.158909523137646 -0.194804090856104
-0.245759658530952 -0.158670704003294 -0.163823571961195 -0.0479011693297093
-0.235527747459051 0.0927015008487525 -0.0601470168922427 0.00748017400323951
-0.0528210052303173 0.257345000975858 0.00400972252280428 0.0203424468663443
0.104442621113538 0.196127519422732 0.00232211125987579 -0.0692197547561355
0.178467317080059 0.104891933234875 -0.0867107113686966 -0.093347003448187
0.216103807201979 -0.00581798010312653 -0.154162439982897 -0.066835372135125
0.220370487122372 -0.0305131729883163 -0.183321123164097 -0.0432929096160125
0.240541239174424 -0.00165837071566687 -0.193768363688202 -0.0628625107343993
0.219280280353648 0.145965999024565 -0.148689347311566 -0.141628792110417
0.0934380829734227 0.25177785340649 -0.0309785506688769 -0.16069522490645
-0.0983567654671071 0.319066096204682 0.0362555316947131 -0.0403775787951799
-0.326150466663447 0.0875561404389332 -0.0669914808469011 0.0280497670355313
-0.282985821875757 -0.237271556709225 -0.188507999540309 -0.0845823503747999
-0.141212607815933 -0.347000225644101 -0.128619057588622 -0.332097732258605
-0.193329683812085 -0.342413763401865 -0.120832380844151 -0.0868869170538856
-0.334791065702071 -0.190508655400278 -0.1112385907533 -0.013635153663556
-0.312564957046016 0.128417663889936 -0.0619909119835331 0.00130990091570742
-0.078091048128177 0.338220922858934 -0.0167881659186165 0.0329917145733933
0.123164516507614 0.269503979038942 0.00770170073329001 -0.0224845176190805
0.225692367031132 0.156765427326371 -0.0266381836921413 -0.0467712869138586
0.277218738907811 0.0202233456430789 -0.0591655732530597 -0.0527135257213206
0.275995619998669 -0.0136010478843662 -0.0809717938386111 -0.0511389449107747
0.295807085520135 0.020469117060207 -0.0928820331770718 -0.0568522970528132
0.267279088538508 0.198866181445939 -0.0674988154082443 -0.107704399352356
0.107518515437123 0.325899807563919 0.00286572119643277 -0.111470121936
-0.129953650785164 0.40157584142038 0.0410375731243067 -0.0179657457257215
-0.408167735858469 0.122759198586867 -0.0586527207286936 0.0418990350765706
-0.373319271472399 -0.277721261455027 -0.131362889586179 -0.030932504673968
-0.209535654330414 -0.43037439651494 -0.0676401337722834 -0.190885575994956
-0.230054527482903 -0.366577173994455 -0.0616803198834506 0.052580834644562
-0.390066692464838 -0.189362000830498 -0.0243852087439448 0.029921656030303
-0.352295007467311 0.16036207264671 -0.0530691886974932 -0.00976368669273223
-0.0847541623949401 0.382006352175725 -0.0415765394151153 0.0487015385383297
0.13210568937932 0.306885942764259 0.0160326716227135 0.0410554492047614
0.24467864423668 0.184137216265218 0.0471146625047641 0.0145637331400392
0.299441686136348 0.0427978679226058 0.0505990339309844 -0.0290726053687698
0.290412586626379 0.00565209372108413 0.0316213961470373 -0.0508052799813983
0.302417020914112 0.0411184537733739 0.0192578309916406 -0.0442267611490856
0.265187919849251 0.220830227788368 0.0226997737702163 -0.0625540402037443
0.098189594350443 0.342608286211631 0.0418710271746329 -0.0496335377231198
-0.140413070614046 0.405950962364049 0.0471597854446218 0.00866589897213684
-0.411019626560988 0.126401659414281 -0.0379457225280374 0.0531298391437335
-0.384431969566664 -0.277160111963856 -0.0561799290354593 0.0256630581869519
-0.236088582275748 -0.438930779171296 0.00652112647567169 -0.0364967171522175
-0.234475405560741 -0.333536723683449 0.011347070345002 0.203654149719877
-0.378865143289556 -0.157543729396847 0.0835494202042496 0.0764514773019307
-0.328839180533732 0.165143521101793 -0.0323870276213451 -0.0203205339304638
-0.0761341609960118 0.354811264996379 -0.0600828559988659 0.0641828517987797
0.118396984013693 0.288075053646938 0.0289693871684911 0.109629683435342
0.224217375950465 0.179273612049944 0.124216837899366 0.0789509762319623
0.276712301670421 0.0557104356776576 0.159280482255102 0.000760683296679844
0.260972643210249 0.0244147638832163 0.140336596144334 -0.0433506173830224
0.260791337688222 0.0564435090639762 0.123128696001838 -0.025298243851853
0.215919483000945 0.209157574372157 0.102883769037394 -0.0132518239343791
0.0617255598010451 0.296574422153469 0.0729747522376228 0.0119720720217681
-0.134795518568263 0.321974400728802 0.0484551107478631 0.031478251946085
-0.334283243424449 0.0879523684336809 -0.0147724213156251 0.057380326159667
-0.31365318901554 -0.236322417169289 0.0156023802872479 0.0701234441110099
-0.214563009691603 -0.374761015027399 0.0748238186446435 0.103430532260871
-0.198419426678348 -0.244743645791825 0.0826899991987624 0.341559188378014
-0.294487092686638 -0.102894780197643 0.184699894786026 0.120026466092322
-0.239865209969554 0.130454886773572 -0.00205408903047661 -0.0260475934162488
-0.055757226460082 0.253372757250513 -0.0680125192726509 0.0714611444592763
0.0767726204851682 0.214351643493025 0.0375786386574359 0.163608016685173
0.16297896331011 0.143234854732461 0.185999218155936 0.134542002147214
0.20836698329821 0.0603922158870573 0.247699750993955 0.0304471718491244
0.191323757211266 0.0388595739853677 0.228839792202013 -0.029134298955415
0.182354668819804 0.06571154771145 0.202000947676382 -0.0020162771664102
0.134364222679919 0.167847695994201 0.156417990840815 0.0344329686483683
0.0111522639640656 0.206079018138703 0.084064451607373 0.061212963614188
-0.113562616753231 0.18517635190494 0.0388511957409059 0.0415229498310945
-0.204171874994881 0.0298798952306698 0.00318007387773348 0.0508518095492417
-0.188804112257146 -0.164080140620891 0.0643201270984156 0.092873714111887
-0.161167596803478 -0.253435454639077 0.126844569221615 0.205932540412234
-0.129466279198298 -0.114775005250784 0.137427059794572 0.442484288287904
-0.158483346744619 -0.0325153626989249 0.260002577693017 0.154094545486393
-0.108786750703415 0.0742765172361187 0.0321341943659503 -0.0294191123918799
-0.0240174272142501 0.108308352520354 -0.0657268659935721 0.0620487988602921
0.0212842273486922 0.103993313783888 0.0379900328980587 0.192686115938301
0.0716375952093151 0.0834298432826129 0.218591447960549 0.170293896132238
0.104401585136812 0.0556018454867177 0.299558528327025 0.0553031907836187
0.0928508060397577 0.0474652275427213 0.282784794678558 -0.0115371213444246
0.0817637995237798 0.0641580443662361 0.247289358365588 0.0217673332966024
0.042398121985556 0.10595318279505 0.177804884383881 0.0747078892573001
-0.0318819329079526 0.0993732382522747 0.0754108830149044 0.0938204627193251
-0.0783025027831415 0.044169410960999 0.0206041704502976 0.0388241502091196
-0.0665496155321247 -0.0176039090763264 0.0142461399243441 0.034798872341291
-0.0582978218365008 -0.0711769669348016 0.0886089451591021 0.0922206550332865
-0.0917834854512792 -0.101745815547549 0.156663660532295 0.256262761708282
0.00118981449277406 -0.0416686281703694 -0.188645869423821 -0.289701248410701
-0.0507154530598427 -0.0269988270098893 -0.193743510810891 -0.0777695776363552
-0.0474228479465202 0.0477647760369137 -0.0429383799310477 0.000566786820737836
0.0294879425095697 0.071848589297622 0.0154312579042174 -0.0141294178711618
0.0626986175644513 0.00695290366121345 -0.0254588515008405 -0.11337531899585
0.0427948547407509 -0.0298219108762865 -0.171610958544272 -0.125323852592624
0.0218592837815708 -0.0570319856024872 -0.27189087759776 -0.0576206725191209
0.0191871435230516 -0.0539232949492623 -0.302135267257918 -0.00758119314430628
0.0261778180360053 -0.0437993102039102 -0.309889182899567 -0.0509456840426578
0.033099026070883 -0.0142848683601735 -0.240570033707682 -0.158366328750505
0.0308634995236767 0.0149527759550197 -0.074119596214471 -0.201296117282805
-0.000215800493710248 0.046595415005588 0.0340236219314892 -0.0717313172454795
-0.048251424597511 -0.00742460157417728 -0.0390964761274407 -0.00214379360655367
0.00338593452087455 -0.0654057603867499 -0.218989297126586 -0.146196972722005
0.058419603899489 -0.0369903977306483 -0.181162753193837 -0.493600719320445
-0.0726623697957273 -0.17219914852948 -0.186607939287766 -0.27075696577399
-0.156702697881595 -0.102487177955222 -0.193709044651746 -0.0681744957425964
-0.147393519899461 0.0707300989120046 -0.0540322126244361 0.00770331659841649
-0.0110300862907643 0.172750389950865 0.016965732361299 0.006131567336593
0.0893490287376502 0.107371953326886 -0.00813174503812146 -0.100709797756596
0.120690118611165 0.0398315050241135 -0.138975000597079 -0.121982186583535
0.131420766727117 -0.0362274543651464 -0.234629174561246 -0.0677279155916409
0.133814015531547 -0.0484711478641359 -0.268280548200129 -0.0261495530163121
0.149764467983787 -0.0276283198790148 -0.27886393487385 -0.0600748790421104
0.143441816685016 0.0721142435026182 -0.217518597550307 -0.162303600420726
0.0705029539557188 0.147210688061677 -0.060759135337665 -0.196850932104532
-0.051260994798865 0.199922802954804 0.034625976765115 -0.061727288971752
-0.203898313710728 0.0447186857349168 -0.0599271819744948 0.0120324974110488
-0.156172194107866 -0.166211045136698 -0.223186775408986 -0.127175820571067
-0.0496682571471772 -0.214830896466979 -0.174065159036228 -0.446600134128228
-0.142480780879169 -0.280335553231237 -0.167896218370648 -0.202553170373341
-0.258698326841317 -0.161776029214004 -0.17229456333166 -0.0462058858586358
-0.24165463083735 0.0979474244865588 -0.06334808351239 0.00883763168059203
-0.0496574057817436 0.26759449773269 0.00643964897512783 0.0205265662741784
0.111515161478685 0.202944518581561 0.000830129600643442 -0.0723794831701211
0.188072377579437 0.106531293792504 -0.092268015226832 -0.0960237931534137
0.224822263152133 -0.01002250739323 -0.162913638488463 -0.0668627832508507
0.227724849735949 -0.0359587186634226 -0.192308921426881 -0.0419174464525783
0.249306471638475 -0.00652335109554789 -0.204044187277664 -0.0619162100059705
0.232339551582628 0.148652832248339 -0.159740099066611 -0.145096659395464
0.101106679377458 0.263099802977863 -0.0370537408208624 -0.167587665442249
-0.0975522161335323 0.333462451063921 0.0362268498914647 -0.0457853351404772
-0.339359549469466 0.0952952204860583 -0.0675914213577661 0.0276629871582945
-0.297911761431731 -0.24484433194483 -0.195686715077566 -0.0881084773945086
-0.149812107651666 -0.360823122180527 -0.136465070260891 -0.342707307274415
-0.203655484463386 -0.353121560956491 -0.12769862654181 -0.0905920969537151
-0.351373120904096 -0.193902228645056 -0.118229096349116 -0.0117205273184046
-0.321570133155593 0.135284302113919 -0.0655900603255349 0.00172851079062272
-0.0744721741241282 0.352750119406435 -0.0153539690007132 0.0340420639623754
0.133016825808777 0.279310355056267 0.00611990363670766 -0.0237244016122841
0.23925270165983 0.159236962390402 -0.028854489729526 -0.0490834165147988
0.288953729578887 0.0163690661511088 -0.0632345502968865 -0.054409112383524
0.286452952451673 -0.0187861627126579 -0.0871966824326741 -0.0523224706141886
0.307226392764466 0.0165629212854553 -0.0981607428801046 -0.0573481271078847
0.282855983588337 0.203698232396033 -0.0756577070253176 -0.110929568373605
0.116383472094047 0.339828436470801 -0.00107262010149622 -0.116821393304646
-0.127841006977099 0.421402699922541 0.0404510178616691 -0.0229580830400397
-0.423639099453301 0.132729002651403 -0.0586943880329558 0.0422880917545522
-0.392819654133567 -0.288564405684664 -0.135426903611052 -0.0329637325386314
-0.219411201359565 -0.445903119945606 -0.0701820796401417 -0.199340343815407
-0.241719765025334 -0.377289072079686 -0.0656501009054696 0.0539333913660568
-0.408794821248584 -0.192917009321797 -0.0276289045225378 0.0319887284749638
-0.363837918165844 0.170122669132594 -0.0565626832115863 -0.00987975507621078
-0.0814132613355362 0.398163148800574 -0.0403396348630323 0.0507178948903983
0.143505862637526 0.318606661431212 0.0153744200836714 0.0427241038465798
0.260042550357622 0.188698816263636 0.049470139470027 0.013521323315607
0.312869708690839 0.0388921833302221 0.0516840947240303 -0.0320426403574706
0.302278632445289 0.00184741224491607 0.0304984685409482 -0.0545381518924846
0.314466183610809 0.0380766322796149 0.0191747422907136 -0.0457656549171596
0.2818865882806 0.226683393919356 0.0192579934956917 -0.064752596113664
0.106378975803264 0.357583632232829 0.0406606203162907 -0.0523953693746206
-0.140435611185169 0.424462049743919 0.0466946448848967 0.00435339012318563
-0.428072794298574 0.135398146681231 -0.0372032838830407 0.0556179353752949
-0.406661361862645 -0.287195758623539 -0.0558395306549766 0.0258749351570198
-0.246220207996765 -0.456368250625358 0.0074654350356989 -0.0397891874547696
-0.246575419385386 -0.342616657048785 0.0119422198845079 0.210304592587705
-0.398142241725772 -0.16015978293052 0.0842954010589986 0.078872397842958
-0.339929067018887 0.174713642243576 -0.0348932989060866 -0.0206512733542701
-0.073649365747197 0.370629606835106 -0.0598312615136078 0.0684081536196067
0.128690417779378 0.299576516296828 0.029664688355976 0.11374622631442
0.23885475316186 0.183231207384302 0.131677130978946 0.0792835527261466
0.290160622117839 0.0538365943772485 0.166281030284205 -0.00453793506502086
0.271874544410324 0.0206569791941908 0.143838663028078 -0.0483220256537676
0.272057485043974 0.0558928551143162 0.127735478658349 -0.027499323111938
0.22909396116428 0.215312101785294 0.104777576075618 -0.0144546978403752
0.0672870042897868 0.310368586236947 0.0738960194527163 0.0120188108490123
-0.134590387330248 0.337295133094164 0.0475728114732666 0.029127589138063
-0.346994481952592 0.0947868100662736 -0.0135103117582043 0.0598057948698198
-0.330397076848958 -0.24564907676862 0.0190735463487718 0.0717027800093998
-0.223292020637975 -0.389166679720933 0.0807830934933021 0.104824162441146
-0.208067094688336 -0.252075103055517 0.0872048673924506 0.353982467265235
-0.309630522213233 -0.104991703917044 0.190570155417197 0.122787562374413
-0.248171835051732 0.138111127659223 -0.00376090796383538 -0.0263038550662149
-0.0540533498680484 0.264764809838838 -0.068792008747252 0.0758335883803383
0.0848514127010378 0.223455233934804 0.041031183252724 0.171137640746593
0.174189328016935 0.14688983041887 0.197692914800381 0.136046143896316
0.218674487586018 0.058406795312982 0.259039907693184 0.0248414424060747
0.200234068292381 0.0367111969408129 0.236887300368681 -0.0354340562425863
0.190977558629588 0.0663231439665106 0.210883546462123 -0.0050799415481025
0.142647397552496 0.173037065968628 0.161870858836521 0.0343246547553343
0.0151258689259282 0.215843729092575 0.0868003745803136 0.0634589937913271
-0.114937104838854 0.194248204331448 0.0375292611388005 0.0406165069579754
-0.212600490207266 0.0331236960136397 0.00406114351365233 0.0530520652275457
-0.199028022050711 -0.171059434444942 0.0696888705411621 0.0947138019009748
-0.166896798520857 -0.262311794058577 0.135862360733819 0.209679220082688
-0.135709061456134 -0.118181266009732 0.145066760733247 0.458722382131094
-0.165905690935749 -0.031850985971316 0.269226643586193 0.157416477655953
-0.1129029553593 0.0788548484451116 0.032508167668975 -0.0290783339736404
-0.024212834090379 0.113004018309262 -0.0667029139351484 0.0671106765603719
0.0247808425666704 0.109108386325226 0.0423281220351447 0.201212125168806
0.0768407052841702 0.0860686269735241 0.233306968790766 0.173034720720234
0.110360403047705 0.0553089650685249 0.314164032181613 0.0500242069029091
0.098342533982086 0.0476599086305096 0.294301563224692 -0.0181980129154934
0.0859394279780824 0.0665004941599203 0.258360580753787 0.0189397723364024
0.0456906631654263 0.110548432756705 0.186181867240373 0.0760000613261322
-0.0313635649434097 0.104609217984142 0.0786110545787501 0.0980308727917907
-0.0805933824621879 0.0476150981796787 0.0187871177264038 0.0389962903696434
-0.0694571437169598 -0.0179019465125504 0.014586833109003 0.0365709369396636
-0.0619520426482496 -0.0747220148592884 0.0950959413402535 0.0942150793093773
-0.0945925054726143 -0.104885074878088 0.167258537682631 0.263204952157645
8.87551111741092E-05 -0.0433218077695167 -0.207420766645735 -0.293450659878924
-0.0538258541633384 -0.0256127237315876 -0.203148164329362 -0.0698461333187395
-0.0462672231071855 0.0507455798937809 -0.0434916975178535 0.00295875944186307
0.0344500448729089 0.0727243140913591 0.0170604128162456 -0.0154441736870042
0.0642231205267865 0.00361478021627242 -0.0301916950236091 -0.116974496728631
0.0423926950559261 -0.0327851642347675 -0.182935814438965 -0.121120386476989
0.0185590706860539 -0.0596632618053643 -0.283930640754278 -0.0435730664890241
0.0161308695303486 -0.0565950388934145 -0.313095041363431 0.00729174461531233
0.0243534624191115 -0.0476079373533631 -0.323970644071874 -0.0373453139942748
0.034261683149216 -0.0170335936546769 -0.260114992070017 -0.152027571718973
0.0332916893789662 0.0141198640438088 -0.0876293659885971 -0.207235981829658
0.00283306781536195 0.0477677058016666 0.0317735506097714 -0.0780000759295243
-0.0498915570810715 -0.00490328004660871 -0.0396818647284537 -0.00428959377920049
-6.76964824135023E-05 -0.0666070417346395 -0.231901929019897 -0.14338061648326
0.0580787834198288 -0.0404082261385541 -0.206131177166187 -0.500730451033095
-0.0811244159310392 -0.174323554090704 -0.205202449813801 -0.273641645162177
-0.16699495914672 -0.0989242453687343 -0.203265427324933 -0.0604456155043063
-0.147946462078077 0.0785841733073604 -0.0554365065410246 0.0108702049221292
-0.00242060121493014 0.178493171941826 0.0192732623728342 0.00485108425081914
0.0969271231378795 0.106174679555121 -0.012516882999636 -0.104411487434616
0.126989151469623 0.035541862565945 -0.150425707540123 -0.119704368634715
0.13280985772447 -0.0434210742452978 -0.246619208992641 -0.0575270958972485
0.135033729687718 -0.0566163958450062 -0.279211881516421 -0.0140364577068939
0.152747396803221 -0.0364474024878464 -0.292143935691258 -0.0486264184556441
0.153414480015589 0.0668669314850349 -0.2354443138906 -0.158139874550822
0.0798942685634028 0.150181018737619 -0.0739934310783464 -0.202685009719214
-0.0428807825581386 0.208677245460038 0.0324369326142166 -0.0684719350188494
-0.209725937575951 0.0550257106918587 -0.0597359355815514 0.0118070401020043
-0.170010021969201 -0.16543357294226 -0.234498282099034 -0.123448812375209
-0.060070736298303 -0.22065174728837 -0.19870806861334 -0.453975971540653
-0.15682123165666 -0.282902008441273 -0.183218380736402 -0.204036100042007
-0.275192013405518 -0.155672018820242 -0.180754039242628 -0.039281808879313
-0.243452264189093 0.109644504532546 -0.0652854304110397 0.0117385929638089
-0.037367884900713 0.278319575206854 0.00905895736816522 0.0202265465977062
0.124800075701835 0.204156897072069 -0.00347061975475671 -0.0746845750236342
0.200714135489124 0.101250766538615 -0.100829469101249 -0.0954329239846073
0.231904554966171 -0.0209154903694188 -0.173037923119146 -0.0601290447385636
0.233551526198298 -0.048257655923296 -0.201885783769521 -0.0338264197454314
0.257113145617535 -0.0194116487979178 -0.213589790965497 -0.054064579970845
0.249235386696716 0.142922289615436 -0.175432164691954 -0.142397275289017
0.117129246896954 0.269364168234741 -0.0481661836465295 -0.173671787772562
-0.0842305736322557 0.349354695939129 0.0338475238626979 -0.0526619594755137
-0.347656050539082 0.11330156806324 -0.0664794957371797 0.0285814156509853
-0.320996637417508 -0.242572158604335 -0.205005841339688 -0.0837253339258424
-0.168481802891988 -0.366747279547709 -0.153710199361081 -0.348758169213491
-0.221366800741093 -0.35429903496055 -0.136952792413426 -0.0899650521811358
-0.373562069013544 -0.18525168756158 -0.124196109043781 -0.00578461465239629
-0.324632281836998 0.151901842364844 -0.0687046712598016 0.0051769084853823
-0.0600067046024313 0.367619719043604 -0.0127665526512676 0.0351722334301545
0.150901041396058 0.28292186363209 0.0036384933862703 -0.0246309868498633
0.255919136927945 0.154142504437559 -0.0324716711040905 -0.0495581530771537
0.299966313941905 0.00310325996989176 -0.0697269611142181 -0.0535226053080281
0.295176749811215 -0.0335544964116079 -0.0944054319074729 -0.050082381280134
0.317995710366953 0.0022352557717936 -0.104193628894463 -0.0547222291669224
0.303148147473069 0.197479036240133 -0.0868030131470558 -0.110373550791849
0.136692984471161 0.349577085918537 -0.00925277926424153 -0.12189771330837
-0.112253674899004 0.439924948507511 0.0386067896597161 -0.0289757482782323
-0.434115204243157 0.155942263071435 -0.0564415285820514 0.044515463755162
-0.420621221243788 -0.284357683895593 -0.140616002301354 -0.0295379637954711
-0.2434542700385 -0.453239316814894 -0.0791910735838526 -0.204147214154794
-0.262607384288689 -0.378539921791462 -0.0672052257478193 0.05710204967155
-0.435282559515255 -0.182257592384475 -0.0299065504148757 0.0355247156906667
-0.366944733693003 0.190443472199787 -0.0602426827544652 -0.00699967498699695
-0.0654364202133544 0.414705862578234 -0.0375354589029693 0.0537037952372151
0.164511637670183 0.323454462701624 0.0166217295348451 0.0442920014729508
0.279853174900207 0.182507250797648 0.0519872348404698 0.011041305678221
0.326817770285509 0.0243884653093314 0.0509443683330125 -0.0371839439290847
0.312918626031764 -0.0133784579271206 0.0270945402826038 -0.0583801403337318
0.325931214012654 0.0247476880272319 0.0176720609800127 -0.0479240353650979
0.303798993261471 0.22252812276589 0.0141746696311734 -0.0673816206103641
0.126949153000096 0.367647414579251 0.037051679592674 -0.0563243786552396
-0.123482897414933 0.445468404948091 0.0448980055414756 -0.000610568607523357
-0.437192181060616 0.158569120413566 -0.0346026098956684 0.0577558264535734
-0.432568549110344 -0.282693359787583 -0.0552468378965854 0.0271908231377359
-0.270219983476858 -0.462774615008104 0.00789988363535703 -0.0432507233759298
-0.264881665065428 -0.343292637658356 0.0192876317803634 0.216502119302613
-0.420406873972881 -0.149172576519929 0.0882780272523035 0.078713325707016
-0.343552248873634 0.19412530124896 -0.0388753013427984 -0.0185847136953275
-0.0587260414412892 0.385556251435203 -0.0577536805706055 0.0733176476997505
0.148205071236666 0.305053795710984 0.0344896228206586 0.117887178219504
0.25795008503743 0.178605263924969 0.140408625894989 0.0749626874126791
0.304102631904504 0.0406173477237452 0.170583977903264 -0.0148525579270202
0.282253810969895 0.00811990572983663 0.14494016919097 -0.0577828916665865
0.284081823256124 0.0456602952794474 0.130782822484441 -0.0344220586520096
0.248460692014018 0.213013921052256 0.105101812301436 -0.0187086783571681
0.0846030429138506 0.320033074075898 0.0751018732181714 0.00950641189221534
-0.122680125988533 0.355328027142751 0.0468969461899134 0.0254174179572806
-0.356062525877992 0.112172436206222 -0.010789366674152 0.0630681594947328
-0.353939469459532 -0.24273063994294 0.0243789086689269 0.07203708910426
-0.243594365396168 -0.395020019618961 0.0893567520067633 0.10233394993385
-0.223821478314257 -0.2517480490364 0.102860576967681 0.361686974567488
-0.325540538996599 -0.0963738924272653 0.199945983242177 0.12011518448201
-0.251201067910848 0.152960142716442 -0.00642910013889575 -0.0254021864930478
-0.0439551833900154 0.27603484026244 -0.0662605753281115 0.0825758080359369
0.0987405749665322 0.228895412094918 0.0494802923039028 0.176602108596997
0.188791862501139 0.143854407474764 0.212697768108097 0.131053258543609
0.230881057402017 0.0499340871204381 0.269439342007874 0.0110563172279315
0.209675320327424 0.0281816443308607 0.242328593979972 -0.0489133077796109
0.200733740016839 0.0607307262506879 0.218920495509853 -0.0151465965335297
0.156732081933559 0.173320325195598 0.167923831274266 0.0291567692889722
0.0254312458487151 0.224150502639368 0.09061029738822 0.0630131528046769
-0.109355633092156 0.206607364884816 0.0370206397693997 0.038664847887546
-0.218754090900632 0.0427529179913452 0.00628602187601698 0.0552287601552224
-0.214353373307761 -0.170695091726756 0.0781555890751539 0.093936540536758
-0.181632161886248 -0.265557164480916 0.150997906895861 0.209169738283088
-0.144663863185319 -0.116305135772626 0.167113606870141 0.468168589085072
-0.174064470212727 -0.0266555220643992 0.283124962848444 0.152353852391616
-0.113882034038445 0.0864349528037646 0.0314197884438199 -0.0292317544615326
-0.0202511422489362 0.117952546359341 -0.0647554920081283 0.0738524208678153
0.0313876113277305 0.112843040130367 0.0532079951442003 0.206744951115955
0.0847059042534205 0.0848114080786103 0.2516394208303 0.167522692536723
0.117640097612047 0.0513095181347999 0.328237109784341 0.0341207637574096
0.104800104924225 0.0441852342973225 0.302789945487137 -0.0339852161694906
0.0927724267702767 0.0657294771543385 0.268314184213228 0.00749108781225326
0.0524023801926559 0.112893471456508 0.195616510607233 0.0705199406980407
-0.0273297127414758 0.109851490703405 0.0841350035690357 0.099336100137016
-0.0816865284390825 0.0532536679738293 0.0184183468975023 0.0390125649471545
-0.0727062163945399 -0.0161459162111243 0.016059892974823 0.0383121487554174
-0.0676141405014891 -0.0764260661710072 0.104339274834137 0.0928281636942296
-0.100706612046449 -0.104803769498455 0.185256609689554 0.263100093248575
0.0183562160575172 -0.0346884522345182 -0.0592007093069929 -0.363617599805481
-0.0371378885866123 -0.0448076989283119 -0.153425666848421 -0.151443323853969
-0.0638381122308969 0.0253643919876294 -0.0384787594810777 -0.015770587328029
-0.000320016144708424 0.0805784191210179 0.025726023130103 -0.00671584982433666
0.0545593833889917 0.0322671475674828 0.0267163541283571 -0.122643360117908
0.0516168368910993 -0.00952223586443036 -0.112933293769258 -0.193125502628732
0.0394455815561915 -0.0458715127768963 -0.239078752143374 -0.163523702071221
0.0382354453886605 -0.0447683996151194 -0.286802307850727 -0.128008587885749
0.0409660949056207 -0.0327466347237241 -0.278128091839925 -0.172284406854481
0.0368517012522669 -0.00129576736503993 -0.169961849620628 -0.248763394066377
0.0234600202165164 0.0267593648161242 0.0099219629539397 -0.227024165910192
-0.0171543169650842 0.0424370058197557 0.0640022112424106 -0.0567570956629359
-0.0435706509391442 -0.0262232442365882 -0.0322798314856265 -0.0267456830287345
0.0250394054844682 -0.0620231607833712 -0.142589292883303 -0.239104208109013
0.0677165450152434 -0.0114979439819672 0.0538594932389299 -0.549997629338454
0.00501689021125486 -0.190656222003751 -0.0690320160766684 -0.342140677577452
-0.107987719967088 -0.161980504111041 -0.156792837105864 -0.138989957092494
-0.168706965592058 0.0052781792727824 -0.0507406600711454 -0.0130032381258355
-0.078582433178181 0.159439605187147 0.0214102037834994 0.0134290308232983
0.0389828938134043 0.139716152640654 0.0413470050689023 -0.104817757617494
0.0993734962682091 0.0893755050141761 -0.0821793808831756 -0.179946607119126
0.138113531963568 0.0192061502047826 -0.198547215016 -0.161744486580901
0.147854178308823 0.00794778712878771 -0.246482952547673 -0.132705168695687
0.153250326048239 0.0330454667540899 -0.243783997736299 -0.168044715358241
0.110178387392679 0.126463165149903 -0.147917804111643 -0.241023989044777
0.00670855377858467 0.172734935686065 0.0169735570910504 -0.213871071744451
-0.127881083901711 0.168115916015394 0.0551864819086389 -0.0460740260678004
-0.215820432060507 -0.0443691679297495 -0.0596100799696142 -0.0239052400918637
-0.0857835609891723 -0.227718350358982 -0.149161508554337 -0.224698633792511
0.0408530344990382 -0.226889386371751 0.0435619461835677 -0.50284175536322
-0.013931553683829 -0.323458922198417 -0.0832062842441567 -0.266841611644572
-0.181492514427728 -0.262742821587275 -0.144734721343514 -0.106275479894699
-0.269665093509392 -0.00897910128165872 -0.05785419404269 -0.0147097240702659
-0.152704412206817 0.233841281300384 0.00877770833359316 0.023736238686026
0.0216002244936346 0.240245966087835 0.0408016511037662 -0.0747160783373896
0.138542927351256 0.180946630916856 -0.0468305477597332 -0.138001730575859
0.219281933330707 0.0822887774121703 -0.130317562419977 -0.133850990155886
0.234939919729892 0.05869644788086 -0.167953530203651 -0.119385586517832
0.240953896007081 0.0939605788287382 -0.17086821304729 -0.138810641574402
0.166680138069872 0.237034688240834 -0.101076828206425 -0.199878279135193
-0.0111471076610767 0.299538223559578 0.0242620543450299 -0.173654866551993
-0.225644977678947 0.277711950135118 0.0442864250248791 -0.0307463181096044
-0.366773848327123 -0.0541660939413496 -0.0765511715382031 -0.0133653557958718
-0.188269467791869 -0.365276666325551 -0.136101697926379 -0.176813993654259
0.00841605378899894 -0.40803689525875 0.0375505885160171 -0.388014253976471
-0.0386583065497832 -0.41944654111478 -0.0948241485117667 -0.140384242126138
-0.259567839957727 -0.333913651500494 -0.107115406777845 -0.0486876454448105
-0.363364456089158 -0.00606827968662218 -0.0552259816773088 -0.0200865146768898
-0.211797592990853 0.304107973919324 -0.0144971767553176 0.0288636555354621
0.0112642624653714 0.323729904473151 0.0280642183595868 -0.0263610390637466
0.167021003227324 0.253427746211913 -0.00431585959724887 -0.0677746867004234
0.272379956348351 0.134007957248071 -0.0391595356862976 -0.0832195557544871
0.286091917207045 0.100746317299918 -0.0629253859444685 -0.0877934214267791
0.287335389622507 0.139439645850487 -0.0713352115107007 -0.0920029691980691
0.193653713905348 0.311432595859437 -0.0353562793767435 -0.132596439101689
-0.0271093039915028 0.381115725155698 0.0347562990140181 -0.107600523431783
-0.290464926881534 0.348667869282844 0.0342607329770587 -0.00649964093669462
-0.463514441614963 -0.0548344842934212 -0.0769298672079932 0.00480509143182244
-0.259034045398112 -0.446436515121633 -0.100627478032542 -0.0994940499872771
-0.0200612423710749 -0.518771799834644 0.0366257784137872 -0.222133530789791
-0.0639576171875576 -0.462213809333627 -0.0983144959820983 0.0271783578098241
-0.315898899698497 -0.359373321877236 -0.0377009060522022 0.0314895406569981
-0.419010434289054 0.00942610338465712 -0.040557098308275 -0.0269251582332472
-0.238989216857118 0.346074693659826 -0.0445451073037046 0.0350522513801967
0.00586781869037576 0.365606397682808 0.0114043818963284 0.0418133258874778
0.176632099851583 0.289407666021386 0.0462709781857847 0.0239726581904976
0.289690996202565 0.165066233275178 0.0629377429678954 -0.0162119749766889
0.294031180310957 0.126404781507468 0.0501963077897832 -0.0439596916669103
0.285850850587349 0.163466799280066 0.0360906314306736 -0.0337753828602507
0.184096933814823 0.333093704799056 0.0364920400790306 -0.0497125216256813
-0.0427722035749992 0.394184805825534 0.047112044477446 -0.0275074201640837
-0.303170743995661 0.347980753274013 0.0261434930855412 0.0225132608114509
-0.468606632591852 -0.0530867548261377 -0.0636339630476317 0.027548899098573
-0.270620888158172 -0.451028852285238 -0.0496483493437191 -0.00774701481370653
-0.0391119749647985 -0.538245257870485 0.0386128723115991 -0.0354459266918476
-0.0825406069980155 -0.433999495134243 -0.0906395126150474 0.212172342619548
-0.319880337032019 -0.325111448433874 0.0501081023742308 0.123007664081029
-0.401070935466444 0.0232210046965467 -0.0166047863666285 -0.0273712767484218
-0.22053377275233 0.322515997115481 -0.0722138753425665 0.0447310938639011
-0.000275358154066754 0.342944418565953 -0.00593927726546006 0.118410354124502
0.158551926435888 0.27580389956666 0.0985479813794029 0.122354120834825
0.262721810932414 0.169838993609511 0.162093141412168 0.0568329124660705
0.257623616274011 0.133232497606252 0.156277185626687 0.00770706878925632
0.238475114910591 0.163778178032148 0.132849735977394 0.0267621946525919
0.137660995575494 0.301295858015909 0.0982688181176614 0.0325873822579211
-0.0611536692865984 0.331919219173075 0.0534312595347211 0.0473547433597518
-0.262733330868021 0.266671503500142 0.0176631419808987 0.0446397115044909
-0.372919613280012 -0.0582700577777136 -0.0433216004669323 0.045284873144249
-0.212950525096545 -0.377696761087457 0.000420214198607371 0.0715239980560314
-0.0462000363658214 -0.466445577170423 0.0412057197239715 0.135744098216872
-0.0851896957305297 -0.33376835883819 -0.0776642307498307 0.383001240177393
-0.257456204680856 -0.236322027452153 0.132817734615721 0.206415771437123
-0.2986645888889 0.027055850360482 0.0129201514187341 -0.0199087176921965
-0.159449999486513 0.229675869255726 -0.0878145404235155 0.0493753876156567
-0.0106393678583728 0.251140769064928 -0.0221284730837267 0.180757476273518
0.111011208474226 0.212274783313171 0.138912617791104 0.207357879678731
0.192794300160301 0.145948303029879 0.241141952399752 0.124491739744135
0.181857533492994 0.119172813319445 0.240968917154534 0.0576905958246096
0.15744287958266 0.141905035134926 0.203801200692379 0.0815117106271507
0.0710756583420522 0.22610094502897 0.13583145940836 0.101844518379852
-0.0731056832074394 0.218008522698002 0.046587033899242 0.100554111022087
-0.186277535656388 0.139114352808921 0.006607978846859 0.0503702451731807
-0.217789300872304 -0.0600180976860354 -0.0226012109455296 0.0493127134476508
-0.118241662249608 -0.250391997425781 0.0362503656420123 0.119378921062181
-0.0456690917125872 -0.320289822177068 0.0436469688213747 0.260942113131715
-0.0745317157457982 -0.1762013146823 -0.0623086390558585 0.508775348651087
-0.148692538750042 -0.106013553463542 0.191715110511324 0.268605383183893
-0.143297830510886 0.02748247590065 0.0441711492858802 -0.00844480410369478
-0.0691757792262853 0.0970430063555826 -0.0875586597764785 0.0417918110554276
-0.0194928263851992 0.115334195749202 -0.0374222419150977 0.212531723438185
0.041820000104863 0.113151116769324 0.156665262701187 0.261411075263529
0.0893127089793808 0.0976757083753479 0.284293134473431 0.173268772874212
0.0780586537736254 0.0869940980607793 0.288819766508996 0.0982907330725003
0.0569562629648298 0.0994609293644412 0.239846990790763 0.122644239605394
0.00154115939919662 0.1260427877145 0.144397162570467 0.14902199569354
-0.0719298939815584 0.0897581297183495 0.0276518535030522 0.127491280897183
-0.0954070694509853 0.0136519622222232 -0.00632432528956777 0.040238604421909
-0.0586154890388077 -0.0474506974838914 -0.00390019834351251 0.0402262165967932
-0.0265218354997742 -0.0995019807767732 0.0566627251595654 0.132710089004487
-0.0427695438683534 -0.139425562363989 0.0454144141439866 0.326261353600253
0.016694375041604 -0.0358221099152489 -0.075902713983817 -0.357227641787401
-0.0399243269350754 -0.0426248140829112 -0.158356083658852 -0.139345886923191
-0.0616562124401839 0.0276875290718782 -0.0390200840587708 -0.0132182576039243
0.00502080478499478 0.0791235361882489 0.0256738510277142 -0.00726310168071952
0.0547824034232069 0.0282832201261268 0.0215346004238443 -0.122558249164372
0.0502566291404064 -0.0120724926061736 -0.120937678750901 -0.184333438678329
0.0362178370901237 -0.0472233184827672 -0.244196431935659 -0.14652096338053
0.0342950006544325 -0.0467752986678383 -0.288885268785269 -0.10959887250925
0.0381083884076811 -0.0359368714681967 -0.283096206571523 -0.155057857094946
0.0368262243585807 -0.00371927056634805 -0.18279283966465 -0.236807911968015
0.0249809293400212 0.025448111376093 -0.00300760979850278 -0.226665488205579
-0.0136589195109633 0.0426851443843296 0.0616888358806117 -0.0607445788176997
-0.0445719249199598 -0.0236143876123143 -0.0314846200714719 -0.0284569212540278
0.0208259275140382 -0.0611635195549226 -0.150157688002479 -0.229425089028468
0.0652743666464623 -0.0139221582481504 0.0292795977274555 -0.541651931687059
-0.00299432337703507 -0.187279989246435 -0.0841674917033813 -0.334602225838421
-0.115649913210275 -0.15408832390784 -0.161075608275737 -0.127103717211389
-0.164615945872562 0.0129358602020904 -0.0506140088457832 -0.010280482436909
-0.0675098816762648 0.160816778262872 0.022769177856896 0.0127673747875491
0.0454318421233918 0.134941361845703 0.0357729071855272 -0.105950636293369
0.102962868860825 0.0827865316966448 -0.0905131801205315 -0.172526962649995
0.136764223726628 0.0112928800974516 -0.204218932987222 -0.147009291392797
0.145095284435019 -0.000705298270354301 -0.250483255771903 -0.117762607922016
0.151708401777321 0.0232325523321681 -0.248974820139441 -0.152743343067394
0.11593737691385 0.119133639436045 -0.160905542228743 -0.230687413388022
0.0162386675385675 0.171780866820557 0.00425784540892459 -0.214866253060508
-0.116303035141352 0.171912665120155 0.0524835361710307 -0.0512470473175337
-0.215635295123114 -0.0330516633456043 -0.0578350335277424 -0.0236681569669869
-0.0968849629149255 -0.221017511102037 -0.156904976344916 -0.214274636294166
0.029006718688851 -0.225595532006323 0.0204117737890329 -0.495765115289569
-0.0266105962763353 -0.317525161618886 -0.0947576135412781 -0.25969438318708
-0.192952734351938 -0.24987830533947 -0.148954222570063 -0.0961023365656355
-0.264467547233122 0.00346003044298751 -0.0586947938062366 -0.0113376671987007
-0.136946287492941 0.237548017134872 0.0111804116548471 0.0230734862704852
0.0339238384090677 0.235969903445249 0.0357935740493483 -0.0762378965870911
0.146513078582208 0.171473795479943 -0.0534909896705759 -0.133650883400409
0.220067031229268 0.0684811058775722 -0.135785376686926 -0.124080713834725
0.233970567729649 0.045149318743524 -0.1721367789986 -0.108440900379316
0.241562562038304 0.0789594431860891 -0.175135177963837 -0.127600595330028
0.177662760833837 0.226101508937356 -0.112932694333783 -0.192191317590885
0.00543222675690257 0.297756906553513 0.0128012849973822 -0.174973375008586
-0.207593078720976 0.284489182252273 0.0416029365540785 -0.0356388226867214
-0.364755977555728 -0.0358044740223935 -0.0733036263524984 -0.0112067388326658
-0.204499981503067 -0.352648529427593 -0.141683898904283 -0.168168797169114
-0.00929858356494312 -0.402054251871836 0.0194415112796834 -0.384162617183085
-0.0548918406195991 -0.410844162019561 -0.100823702097502 -0.135285797318177
-0.272472760442592 -0.31716083271632 -0.109332895397774 -0.0418023216224971
-0.356074267723552 0.0110341874351893 -0.0567221934540554 -0.0173452269518587
-0.190881278140553 0.310483323432194 -0.0112746909528334 0.0290258379239193
0.0284626204188329 0.319390021178966 0.0252135735983095 -0.027660184523862
0.179207530182265 0.240675656164727 -0.00741009438096044 -0.0670172115116389
0.275675240108788 0.116539349518622 -0.0437130053895038 -0.0801861580064758
0.286995836265814 0.083192530548934 -0.0679753847554486 -0.0838560546650048
0.289599859877288 0.121451274583746 -0.0749423519007502 -0.0866828934051251
0.208451939284315 0.297897697923333 -0.0452541182212188 -0.129040266415453
-0.00698698952020147 0.380506017202901 0.0267067048160251 -0.109659607042725
-0.26869806991622 0.357699530352257 0.0317386145423795 -0.0116150869536086
-0.460622945843056 -0.0317028334088981 -0.0729128459981693 0.00750854360900578
-0.278089623267825 -0.431442440062537 -0.103130494090019 -0.0930055836638655
-0.0416743393135298 -0.510814188431027 0.0279997098345372 -0.22113540909498
-0.0812246615860141 -0.45120702328045 -0.0966335975887245 0.0295433779992036
-0.331558026266751 -0.339345038631265 -0.0380574064739038 0.0339443902432136
-0.411633166073935 0.0288213005281559 -0.0427903938198575 -0.0232527114620484
-0.214909168385371 0.353235808065251 -0.0406478116666453 0.0374618899479306
0.0250029955835525 0.362214113797389 0.0116177912635152 0.040855660914725
0.191028736559817 0.276734793730514 0.047548749095749 0.0209365325562489
0.294562174970819 0.146923973011873 0.0608991194612241 -0.0204847440604119
0.296128758585436 0.108155490897928 0.0460625997555616 -0.0461724952004587
0.289409115096912 0.146340156820662 0.0341531545405655 -0.0353802915637867
0.199641500555606 0.320664131002752 0.0305987117967688 -0.0505056380277314
-0.0222852816807527 0.393631121540627 0.0427671246591347 -0.0306288437188659
-0.279620312011799 0.358507901149931 0.0242112739053561 0.0172922091340965
-0.464646587651101 -0.0302602908410324 -0.0594927263942843 0.0301241726145857
-0.288577224046053 -0.434755197995394 -0.0475850749082007 -0.00506125885176832
-0.0620055056518214 -0.529180866837173 0.0383009901720574 -0.0382807872982162
-0.0979474586203754 -0.421520565904391 -0.0808939652794409 0.212562528990248
-0.331948493768919 -0.306495147293143 0.052606740516138 0.119022982915037
-0.393085982937912 0.0419155483826321 -0.0190448669743354 -0.0245615641171875
-0.20015078165407 0.328186527190008 -0.0674344247489731 0.0482513116218802
0.0183415651792485 0.339173138362111 -0.000916921890955452 0.117090809832416
0.172699447978703 0.263939177520856 0.1043798264946 0.115386825075362
0.269338797736387 0.15257080361467 0.163045111135684 0.0459064965141532
0.260985383698979 0.116752485144095 0.152936855033039 -0.00151982297186239
0.243914319825223 0.149947538851571 0.132858943264665 0.0191045985329437
0.152627117514747 0.291606830786053 0.0967081505200495 0.0273884114727731
-0.0427301467030224 0.332675645300443 0.0528156532496633 0.0434938134088939
-0.244372949504781 0.276341220829209 0.0163576744306888 0.0403757469537632
-0.370492165829773 -0.0395374617212251 -0.03968262578467 0.0474954951592392
-0.230008847051091 -0.36569311790055 0.0060668145862352 0.0705453611347155
-0.0653162110266767 -0.456401721707717 0.0491318306937502 0.129433875700725
-0.0977317620306799 -0.32384688658629 -0.0604829968882395 0.380509852648182
-0.265958833427274 -0.221896722130565 0.137910844106891 0.198440712398525
-0.291799484740638 0.0400858356764153 0.0107399491252501 -0.0183537506945117
-0.145857426269577 0.234364741663149 -0.0828399883143098 0.0540819161322542
0.00304668335319898 0.249811879456681 -0.0138170453622543 0.18051250170218
0.121735305659026 0.204625840408158 0.148998793961305 0.197264994500955
0.198658920128731 0.132668011308097 0.244187774688712 0.107540888917051
0.185654164583472 0.106531454894919 0.238822889708853 0.0435611714785596
0.162498547264979 0.132184803091135 0.205650308826422 0.0696225436582725
0.0826148240085482 0.220084249254908 0.137559419707381 0.0938591265135797
-0.0605061645422825 0.220058663995207 0.0494045706124741 0.0967795206904183
-0.175545642965634 0.146415509849608 0.00572933381561619 0.0469040334141839
-0.21714147593494 -0.0485067451086412 -0.0199632640697364 0.0504104890626183
-0.129852740026232 -0.243320047483343 0.0437112293832842 0.115947573614621
-0.0586067368921614 -0.313454205740143 0.0573187332223679 0.252972778716034
-0.080491030608462 -0.169028398955032 -0.0401192765657494 0.5050292434305
-0.15178280962158 -0.0984429969901968 0.199435926210855 0.255810493954767
-0.139158563259906 0.0340603626262025 0.0421041518908658 -0.00785634986771266
-0.0642639932774238 0.0994248548748072 -0.0835650482617094 0.0466437370501738
-0.0130763996365366 0.116099908487611 -0.0263002405382531 0.213343779859211
0.0472492367879836 0.109594949356405 0.170303941606296 0.250003282308661
0.093525165905368 0.0904465394414205 0.289745933399832 0.15291399132871
0.0821561870458141 0.0814089878973018 0.28924642830178 0.0804150950360435
0.0615353112923075 0.0961655165106145 0.243508512961673 0.108034168568057
0.00851700686969138 0.124586697107779 0.149668957073196 0.139851691810935
-0.0657880527298533 0.0929192263164406 0.0324812898750345 0.125326110515678
-0.0931899082995126 0.0182500703084472 -0.00688544103022971 0.0386395775448121
-0.0597442001099254 -0.0444338814717202 -0.00228216892890171 0.0409193830377296
-0.0314740576463807 -0.0980515809016686 0.0647721368581228 0.127875390592689
-0.0475828213741332 -0.135418437863881 0.0619387102950315 0.3171266844224
0.0151016619930603 -0.036036711262985 -0.0843743949559301 -0.346144622203378
-0.0414993556876501 -0.0399674140292496 -0.15806284507556 -0.130320830373852
-0.0592380437052762 0.0291604939246396 -0.038635106290263 -0.0113493107974335
0.00790787786738729 0.0768776590943813 0.025667988755133 -0.00680773428178636
0.0539199261295192 0.0253004687322683 0.0183020272853158 -0.121134948798191
0.0490563568459427 -0.0135067807363573 -0.124042044281244 -0.175974401914838
0.0332155282973536 -0.0472122369925565 -0.242789298950621 -0.132999423679366
0.0309610510844242 -0.0467896897649762 -0.285245801236014 -0.096522955278767
0.0351718409508664 -0.037491387101049 -0.282370395229139 -0.141052646844377
0.0362057656822059 -0.00534820638182687 -0.188293862731105 -0.225729991708777
0.0256985671466221 0.0241651982015747 -0.0117669656457499 -0.223290992657587
-0.0117545429842016 0.0416277724723226 0.0589830149925815 -0.0637638771123415
-0.044305173842107 -0.0206306379008647 -0.0305259131749825 -0.0305623245320982
0.0179338859785046 -0.0592956748174111 -0.152607752614687 -0.219865687879138
0.0621105026934531 -0.0155568585235735 0.0125225705405109 -0.527522459339031
-0.00726116397939081 -0.183175603977371 -0.0926233571775361 -0.325088100095416
-0.118661406278167 -0.1468866056468 -0.161696614001747 -0.117807160289506
-0.159688763954748 0.0169616318006894 -0.0507328843849104 -0.00839102684437342
-0.0588977121161175 0.15840011710138 0.0235034690195081 0.0121026922431545
0.048995243308508 0.130055695027799 0.032284219696312 -0.104729790670653
0.103981274593297 0.0773509177575862 -0.0939326614209596 -0.165457469059702
0.133254971873261 0.00558158141706593 -0.204418279423442 -0.135695789635387
0.14083968602283 -0.00648190285465196 -0.248998223666063 -0.105784686211734
0.148490095201511 0.0161962465684871 -0.248559568236204 -0.140522038672564
0.118492856865538 0.112431692789933 -0.167705348304731 -0.220080806932492
0.0218538290264278 0.168608750418887 -0.00522302535199461 -0.212247808472553
-0.108029274595853 0.171347922449944 0.0493808493954484 -0.0542727808757927
-0.212022031480722 -0.0253729294628595 -0.0549651588010314 -0.0246040587046196
-0.102209223879505 -0.213540770645178 -0.15839352277005 -0.204842117256121
0.0222574894826332 -0.221540812593289 0.00690479371952786 -0.485144797238145
-0.0320353673658625 -0.308224716449125 -0.100509391730081 -0.252043213706984
-0.197345077279918 -0.237848889551657 -0.14941931809539 -0.0879858199359988
-0.25648283061515 0.0103625234542998 -0.0583487907556548 -0.00964545712463612
-0.123331225760031 0.235363856826334 0.0125484110376143 0.0228834801998669
0.0415090778743763 0.229455651200397 0.0322304327080327 -0.075900838690333
0.149925627185043 0.162562777799059 -0.0569040381734345 -0.12896957444121
0.217547774184761 0.0590369712453014 -0.137206038377734 -0.11623817068213
0.229176011175811 0.0354157428984489 -0.173404908049655 -0.0997588000229995
0.238149436025276 0.0678030449745118 -0.175239773840299 -0.119254511759032
0.18206124861987 0.215022036617416 -0.120134963244246 -0.184520214521329
0.0150890515127844 0.292902266484759 0.00474867175418462 -0.173330975571185
-0.192594676463459 0.284315445988347 0.0384550310846964 -0.0389824407436569
-0.358493389053522 -0.0244586662342703 -0.0695933841188635 -0.0112576929033545
-0.211023690358645 -0.340683409337201 -0.141691507046615 -0.160232530817149
-0.0191323796378646 -0.393000650235266 0.0105274158391304 -0.376556986987586
-0.062108724786866 -0.398844071341167 -0.103253754931312 -0.130450756789736
-0.276449472553874 -0.300933932571739 -0.110221539179854 -0.0357865529793772
-0.346300006361238 0.0190971743945363 -0.0574000211465759 -0.0151010910710811
-0.173527993629886 0.308983509311136 -0.00876022438681673 0.0290448018540419
0.0391604635486899 0.311701327833814 0.0232714719025611 -0.0279896359585231
0.184257300556156 0.229606979067883 -0.00933182757893479 -0.065645347572476
0.273618123957731 0.103410047259689 -0.0453100383727975 -0.0770564797791111
0.281837551839838 0.0705628721639501 -0.0706240618744674 -0.0798046422768217
0.286226140880266 0.109240422755328 -0.0754104638797663 -0.0826070151476567
0.214610658351625 0.284703422710472 -0.051552913046808 -0.124173244091315
0.00592009880424573 0.374486599163687 0.0192325915805902 -0.109670719486775
-0.248305865665483 0.357010627758285 0.0282840138771255 -0.0153376716701182
-0.450629725581329 -0.0183952587559607 -0.0692382852586089 0.00855263202836914
-0.286012629327725 -0.416054734081153 -0.101874023399851 -0.0883103692149858
-0.0527452839494189 -0.497049096557164 0.0222737170903172 -0.21839677125194
-0.0886667429204712 -0.4381020526265 -0.0950622449685703 0.0303550803265388
-0.333427261277503 -0.323388905422059 -0.039124458310491 0.0360150241007593
-0.399336070372911 0.038643989446364 -0.0441069701726385 -0.0208003615621631
-0.196937164924659 0.350867920427761 -0.0367161574723902 0.0381320223241488
0.0378888814959212 0.354098662153022 0.0113405046175093 0.0400549631952452
0.197354027940588 0.264301045282997 0.0472856151064391 0.0183098531206396
0.293338401893949 0.132521131469156 0.0583884984996722 -0.0232405517884347
0.292120977767316 0.0940659573142312 0.0412965995432871 -0.0472010376196816
0.287632282305351 0.133245211616227 0.0327144944156921 -0.0361917034735233
0.206909292874181 0.307469524038304 0.0250909166379998 -0.0499905720082483
-0.0085866231219681 0.388034558847071 0.0376376994318968 -0.032446072001167
-0.259561956718122 0.359757811144937 0.0208993381177496 0.0132404340023149
-0.455057528507114 -0.0167808563026708 -0.0557937220356533 0.0313213655548586
-0.297197341990023 -0.419712513169616 -0.0452739591576224 -0.0039097400866573
-0.0726013515573659 -0.515132524699081 0.037829490935605 -0.0408002700159401
-0.104069487629319 -0.409922087315939 -0.0748524478200181 0.208553790504218
-0.334216279218885 -0.289914783067235 0.0518077592608809 0.116609321083018
-0.381475530764871 0.0512235005706572 -0.0202671222359895 -0.0222272424505142
-0.183702084157348 0.32787970709667 -0.0625315060307963 0.0498793700672624
0.0302292566250456 0.332614438814365 0.00123829716764882 0.115406386130762
0.178521561814326 0.2525983502274 0.106522166017043 0.109551161161322
0.268475706978651 0.138791453066838 0.1607017123756 0.0373604107964797
0.258649540553551 0.104061384951238 0.147801304628513 -0.00721914812487718
0.243310966164121 0.138108240684424 0.130658598424983 0.0140699673554249
0.159776363265268 0.280858443191356 0.0928094696470405 0.0241068400456816
-0.0302196021190439 0.32847441881311 0.0504638645399349 0.0405501110232824
-0.22815070242753 0.27774582942327 0.0136105838379107 0.0367638910200385
-0.363436219835421 -0.0281800771839541 -0.0358103927608781 0.0483507720582957
-0.236561138551602 -0.35425418214651 0.0100703431801111 0.068481188323728
-0.0749436582273982 -0.443409504113831 0.0534513728951656 0.122363225195378
-0.101586471883743 -0.312256501128601 -0.0495664848411761 0.372462985798839
-0.266655561309094 -0.21008484014879 0.137713950474793 0.190495419906154
-0.283233965485149 0.0471724679156253 0.00844627525956671 -0.0166982731145219
-0.135083779457241 0.234114088458347 -0.0777826063447418 0.0562732569742666
0.0123437313952428 0.24599364606724 -0.00864339313057057 0.177965247358787
0.126381776394148 0.196226592399212 0.153762025551283 0.187966275472954
0.198945636993993 0.121815855029289 0.242502795922689 0.0950627605856283
0.185231543757975 0.097794460299938 0.233801310467239 0.0337210523993068
0.163994333664143 0.124314959150622 0.203611218717719 0.0605593153789107
0.0885970784320612 0.213258877788404 0.136594288172117 0.0872476173316901
-0.0507181015778744 0.218333820081222 0.0492158325912367 0.0935673813584516
-0.16520946844365 0.149026576767049 0.00351713176088437 0.0439957534592161
-0.213075992500086 -0.0413891334630139 -0.0174712254597536 0.0515447686780227
-0.135441015010384 -0.235987075456941 0.0490285902964946 0.111851554090566
-0.0646160690252442 -0.304404227351861 0.0644305457911009 0.243191003946366
-0.0814755729511166 -0.161689913163038 -0.0258666298792645 0.492962523232431
-0.150638867764426 -0.0923746199210411 0.198840017889122 0.245185625239727
-0.134404959394115 0.0368826929488164 0.0403704731838923 -0.00699337196352532
-0.0605049489670789 0.0990376472005708 -0.0789510949614561 0.0495798529299533
-0.00868709496328673 0.115132585510558 -0.0191543969282188 0.210957104739235
0.0503716892251641 0.106184225345033 0.176468170021928 0.238207794254641
0.0950194610683654 0.0844404905234225 0.288975771161762 0.138074660939085
0.0834455178997915 0.0765099228926847 0.283983312251674 0.0681705238924211
0.0649264209855202 0.092837147344108 0.241459068942969 0.0966500106063729
0.012773779090169 0.122497805359 0.150750498152803 0.132255873232881
-0.0608625633135055 0.0928694841484315 0.0341080755203541 0.122182665452046
-0.0901216774653939 0.0211263431015983 -0.00856539913558058 0.0370746356959918
-0.0593917818857266 -0.041582071377574 -0.00162100433708235 0.0413049986520929
-0.0342105685407863 -0.0965057490662718 0.0691068193952123 0.122731619212311
-0.0489625093642976 -0.130836201417412 0.0711827490627308 0.305962456302243
0.0136133313477229 -0.0363048300220443 -0.088295187323445 -0.339855841260373
-0.042912953585574 -0.0380140098151811 -0.157564712208518 -0.123986317217076
-0.0579356782393882 0.029954644925008 -0.0384926607624721 -0.00979053127791881
0.0097598285624688 0.074738374750886 0.025918318675607 -0.00575149839128713
0.0528950620278322 0.023305057567184 0.016913406730285 -0.120100060947339
0.0482226931948532 -0.0144837268752108 -0.12524407847365 -0.170508499591843
0.0309384742822629 -0.0468731241803337 -0.241114784761876 -0.124608751661298
0.028455381932501 -0.046672560541736 -0.281669297833615 -0.0883402325463191
0.0324610303884189 -0.0385271990642524 -0.281007971643211 -0.133146577533815
0.0359386260129647 -0.00649932483159378 -0.192383993913037 -0.218263224851768
0.0258854886356953 0.0237652297608653 -0.0175197484800376 -0.22118033208089
-0.0102684870025831 0.040971802096673 0.0572492143728561 -0.0659931520981414
-0.0444663692659886 -0.0193647860489858 -0.0297286125563613 -0.03316069930295
0.0161052890389193 -0.0577890212167789 -0.1526998014454 -0.214013120819057
0.0599050318686256 -0.016115459269239 0.00602448929994076 -0.517178556099571
-0.00867605459759858 -0.179747410255435 -0.0953335606890974 -0.31854320026109
-0.120423140638326 -0.141204230567388 -0.160938335263484 -0.11225386346133
-0.156266314522979 0.0192451596468188 -0.0509231578857171 -0.00755169475524988
-0.0534564882684439 0.156033147954419 0.0239912768149966 0.0129860461176689
0.0507706117293213 0.127231731316598 0.0300686610573574 -0.104055640188342
0.104406095890319 0.0739390122300047 -0.0957284835372611 -0.160481044970635
0.130890023245709 0.00260306273636799 -0.203237843088618 -0.128425652707435
0.136888309358311 -0.00931513404391419 -0.24588790272369 -0.0985020445866876
0.145480108976975 0.012396846405863 -0.246888409773554 -0.133424733965564
0.119584383167514 0.10871346723044 -0.171958053054649 -0.213682586096029
0.0249597997833603 0.166279464864135 -0.0114000038626787 -0.210667539166232
-0.102764050615447 0.169964631640583 0.0477410994294835 -0.056613873685801
-0.2095912703009 -0.0215422838798625 -0.0533000998979705 -0.0261905195917382
-0.104988107742454 -0.208605004391471 -0.157201288982657 -0.198842183849793
0.0190214680151599 -0.218067846985734 0.00106758739597882 -0.475592358217957
-0.0339259535124283 -0.302665385769299 -0.103022880109583 -0.246966766301656
-0.198783268743896 -0.229826415504101 -0.148659265427373 -0.0824011138612327
-0.250293681028423 0.0132732656235571 -0.0590056323079878 -0.00852349563795505
-0.114536640322371 0.232444427548297 0.014138422509996 0.0225334775810066
0.0459222895715223 0.224439742200119 0.0297932754147413 -0.0755339355044556
0.151321175688293 0.156040062740634 -0.05841029075708 -0.125351702229401
0.2148603282677 0.0526257440187097 -0.136558879115306 -0.111428270703491
0.224232115894047 0.0293433641186459 -0.171989919761775 -0.0944262507785981
0.234390118402546 0.0609106876084002 -0.174828521657594 -0.114206034032703
0.185042607280114 0.20886034557841 -0.125360495615741 -0.178445784713673
0.0215232326412002 0.289767918567982 -0.00183064754827217 -0.172380654595647
-0.183685274614745 0.282941278893439 0.0355022325139902 -0.0415640405105703
-0.353203391247861 -0.01872874822637 -0.0667932427138866 -0.011830671325247
-0.214768904844473 -0.333376627329234 -0.140131267859557 -0.15536151759084
-0.0237911931388454 -0.386305784122993 0.00655105840424245 -0.370867259214559
-0.062709464166748 -0.390413906354086 -0.104341219104696 -0.127497078758197
-0.277351106144771 -0.290991712738271 -0.110301532256964 -0.0316154003274941
-0.338320522895154 0.022850346279025 -0.0576793575724244 -0.0136422346848226
-0.162852968138934 0.305180002153305 -0.00667191616953027 0.0289851214344874
0.0457123302419205 0.306037753150875 0.0212853022014366 -0.0276726106269982
0.186725160995113 0.221922480026594 -0.0106063631336456 -0.0642834674336392
0.27066510086258 0.0956426944434333 -0.0461870825501304 -0.0756441369219789
0.276655126017463 0.0626248534967552 -0.072335330045571 -0.0767683102940016
0.283578844849689 0.101325727438166 -0.0758434053401774 -0.0805921816840744
0.21821881090303 0.276683457734922 -0.0564462941113059 -0.120488692526292
0.014207954587114 0.370341979359528 0.0141066160099844 -0.109565531970181
-0.236651496463192 0.354225591021083 0.0251271130936257 -0.0175299707041329
-0.444780524186487 -0.0113338653378552 -0.0655023413054666 0.00805306350876977
-0.288560362505275 -0.406627129558071 -0.0994348406525202 -0.0855267740156497
-0.0579954741863684 -0.488232262365075 0.0206182203466906 -0.216570961486542
-0.0882443409194273 -0.428818823545908 -0.0944772919461285 0.0302185640245813
-0.333427733220181 -0.311376274991945 -0.0398225156820221 0.0381352707816916
-0.391624359914707 0.0430085649751217 -0.0448849781977597 -0.0189960739018515
-0.185880511474983 0.348569664525015 -0.0340440686575045 0.0382524964669633
0.0451712718663366 0.348591654663424 0.0105610194873103 0.0395045947483444
0.199992129142269 0.255998052534066 0.0475462908728071 0.0172432142134849
0.290292473117958 0.123079717813797 0.0569430144807173 -0.0253949006866932
0.287939901014372 0.0866494995600085 0.0383969030687938 -0.0470054710117522
0.285591109669617 0.125497507685175 0.0314380043637613 -0.0370979859724155
0.211230543487758 0.299733076809789 0.0201611800847627 -0.0488581712259695
0.000379476837142124 0.38403616139682 0.0334365024279552 -0.0334305764024803
-0.247918095152869 0.357323532583811 0.0173174695258827 0.0107044753915226
-0.447966864988248 -0.00986398862263914 -0.0522890301375572 0.0311493741448644
-0.30085161028163 -0.411327256179337 -0.0429613827731223 -0.00336528986331608
-0.076872905152736 -0.505495425667736 0.0377184649825419 -0.0429334230093516
-0.104809203325523 -0.400226841862291 -0.0719221863923501 0.205093327695948
-0.333717874121488 -0.28134261178226 0.050194474801881 0.115712717246639
-0.374016831329095 0.0533573888809314 -0.0217804174319799 -0.0201145678365812
-0.174323334115828 0.325531489368636 -0.0592311010339342 0.0501664962879548
0.0374681328158353 0.327932549417823 0.00195343430110411 0.114749590581737
0.181822216255023 0.245781157342576 0.10787972278625 0.104595850552511
0.267171711527615 0.129708059801568 0.158513479423055 0.0318945968235326
0.255595758061141 0.0959226556541558 0.143554020840621 -0.00983492767100531
0.242752384405914 0.131149559184216 0.129032405301508 0.0102218850223963
0.164507715667865 0.274286107073734 0.0893039075505828 0.0225961181360631
-0.0221683164401601 0.325628618714022 0.0476936362748433 0.039095537077716
-0.217273227914919 0.276140874029406 0.010285079235017 0.034463615974491
-0.357093408874095 -0.0224386574481398 -0.0331050013492366 0.0485001247131348
-0.239814369905669 -0.346503519558064 0.012872641948787 0.0667036863303573
-0.0780286853536822 -0.436090016534841 0.0547623736099391 0.116758019513191
-0.100891115659025 -0.305408382359714 -0.045029879544124 0.36640936877623
-0.265129486718196 -0.203188551917415 0.135578115270571 0.18666094384879
-0.276987027765712 0.0492838716787288 0.00741061929264385 -0.0146927917029408
-0.128772407737141 0.231494594314182 -0.0743896940456076 0.0569217995780991
0.0174789592171376 0.242487666868938 -0.00628776249429777 0.176608288818967
0.129281115632893 0.1911324416639 0.155910807550609 0.181461538493954
0.198328032841859 0.114529053673611 0.240543837983245 0.0864668137450107
0.184296568395749 0.0915904087876816 0.228657633400412 0.0276985185248967
0.164649359250839 0.119570146726974 0.201521891135731 0.0546864703673258
0.0932510280637744 0.209581337351563 0.134023871066749 0.0837996002655053
-0.04515971285627 0.216891982862305 0.0483213315411024 0.0912689558273296
-0.158725124910644 0.148703730177381 0.000356385213889021 0.0423462594795498
-0.209489344465091 -0.0376475162063619 -0.0154233728844337 0.0523515471098706
-0.137971107773683 -0.232384566649802 0.0519330526418364 0.10833547960538
-0.0657165493064797 -0.297964682530877 0.067963903633668 0.235560293830733
-0.0803991503827695 -0.156958114999679 -0.020002544543384 0.484671942989586
-0.148467964746173 -0.0893146962990292 0.197272635124712 0.238743499806251
-0.130207192960462 0.0373503150778139 0.0387918433246017 -0.00541596258140327
-0.0583429918618887 0.0984461826279328 -0.0765883539716182 0.0504046121815443
-0.00564719827479499 0.114742822185799 -0.0153805494727588 0.208779444494567
0.0518701786529171 0.103545070961266 0.179798157680118 0.231297940407484
0.0950567735022129 0.0808075565770371 0.286974260923001 0.127539076024633
0.0838885917532263 0.0730157032433719 0.27968898197757 0.0598943014277492
0.0664146934837019 0.0901665136631839 0.239306004796616 0.0898019415409872
0.0161018096343338 0.120826463639347 0.150468305166704 0.127255730177045
-0.0573149254903293 0.0927342849715662 0.0346053981204149 0.120249902022701
-0.0873035787682509 0.0222485284659254 -0.0107617573440381 0.0356899912478696
-0.0584573347554573 -0.0402743042765045 -0.000786813748287535 0.0421596011847214
-0.0358956064569128 -0.0957460547006011 0.0719411022298538 0.118877495088777
-0.0487963345582444 -0.127588836215768 0.075272850374483 0.297993820354282
0.0122657669852723 -0.0365403762667074 -0.0917197829153845 -0.33567179663044
-0.0440537582181518 -0.0359852668496366 -0.157032243905936 -0.120481754459566
-0.0572799774461183 0.0307226743417245 -0.0386172911574034 -0.00892635819126102
0.0114995378970041 0.0741310592355702 0.0270920104428549 -0.00459682428526873
0.0522688256952031 0.0223115814818349 0.0169599306659562 -0.118894860226588
0.0475199310483206 -0.0153350230216899 -0.126310710710085 -0.166788045876684
0.0295898760082176 -0.0468576481949098 -0.240095024539653 -0.118768436652421
0.0267324852103598 -0.0470130460750444 -0.280391333389778 -0.0823231963712837
0.0303876327958483 -0.0394406834644112 -0.281372016687577 -0.127490976572827
0.0355360445701318 -0.00752264237314133 -0.196863909591798 -0.21317362518342
0.0268589314413652 0.0231400395122489 -0.0228530509023509 -0.221535881488545
-0.00950206639760457 0.0409243647451405 0.0561640948203562 -0.0685693253788955
-0.0446065777449742 -0.0173613689098684 -0.0296433990220164 -0.0354574947374676
0.0146856611038154 -0.056398470992743 -0.153085924747911 -0.20958808211463
0.0582064611960793 -0.0162419696122006 0.00216303343981065 -0.513664283463256
-0.0101053137304526 -0.178561174958761 -0.0987777908435288 -0.314866107819536
-0.122031052201391 -0.137721102239923 -0.160786818531158 -0.108112710538137
-0.153435676915254 0.0206406519379166 -0.0514318716463753 -0.00633826688438158
-0.0492066388903203 0.154650970675796 0.0259222046215445 0.0132961646332092
0.0522892350727651 0.125053676296685 0.0286869768397855 -0.104241277858966
0.105383577401516 0.0713983773367936 -0.0976861263856933 -0.157801494351666
0.129661922389725 0.000179111074329587 -0.203236827115481 -0.123076160291936
0.134801043458319 -0.0122018055382271 -0.246223397281863 -0.0929064838231155
0.143391588920256 0.00931836863334801 -0.248112460151137 -0.128331826007586
0.121398902771255 0.105527524240268 -0.177496571842925 -0.208857659911536
0.0282668382241346 0.166362607037693 -0.0171545869544867 -0.210589919032683
-0.098525160414477 0.170442582383042 0.0455357240651654 -0.0590995490851547
-0.208560054342627 -0.0181763012967664 -0.0516222837885802 -0.0281125501970012
-0.10828776965106 -0.206037785970706 -0.157235327165202 -0.195522336850432
0.0158707429748365 -0.21669967963902 -0.00279793307503384 -0.471194935637203
-0.0346474545924325 -0.299519561871488 -0.105387889067538 -0.244201617724993
-0.200470564458866 -0.224533396491212 -0.14917608583517 -0.0780732793444419
-0.246955729735252 0.0160020651234704 -0.0602844700155638 -0.00757989598318875
-0.108333465040046 0.231399722453622 0.0151288825006677 0.0228362565614147
0.050523433843123 0.221997854659135 0.0278093528942263 -0.0757509700643573
0.153935185211751 0.152354347206702 -0.0601446970113592 -0.123616617346444
0.213312706636143 0.048329758246695 -0.136981429877743 -0.10813857318448
0.221603425407213 0.0247561306647067 -0.17299909570725 -0.0902602462476869
0.233192477881052 0.0559751732839228 -0.175916503262702 -0.111407129234114
0.188307263989406 0.204695300036834 -0.130470056584226 -0.174576331535616
0.0263251781159982 0.2895121281959 -0.00718177102739005 -0.172535955330289
-0.177064019526237 0.282583783943122 0.0331459257345965 -0.0439461712651416
-0.351301947839046 -0.0135961334152144 -0.065080333313806 -0.0140223133960225
-0.219813456154431 -0.330233093458675 -0.139629353444213 -0.152317724670087
-0.0275418504014328 -0.382208590892615 0.0043589147021217 -0.36772940560678
-0.062269465251571 -0.387751983408427 -0.106278798162445 -0.126100664901648
-0.280584100893796 -0.285371591278316 -0.111240009159765 -0.0278780883816746
-0.333546971013029 0.0260168561283761 -0.0590408714231526 -0.012141275939519
-0.154806557416989 0.305612319739955 -0.00537747890456774 0.0291971855464267
0.051648915124587 0.303367986241152 0.019835029699962 -0.0277188111329753
0.190127039873394 0.217302302524197 -0.0111728059933628 -0.0637387569215494
0.269937262759462 0.0893900047222815 -0.0470771072483631 -0.0754166597917847
0.274120517857065 0.0571808739317608 -0.0734767051108837 -0.0744781311212039
0.282376715992063 0.0942677448548032 -0.0770741613434056 -0.0797156785695621
0.223280135392878 0.272878468855236 -0.061593544473885 -0.117767696767338
0.0207579210570409 0.369113072748531 0.0087181434002439 -0.110058294516157
-0.228975738982523 0.355947704594056 0.0216624482379146 -0.0196189638028722
-0.441393002563603 -0.00601594684343264 -0.0640409758837315 0.00739484404383854
-0.295500695839506 -0.402983918524846 -0.0982629163368175 -0.0830334990248197
-0.0616487189121366 -0.483650532982961 0.0182895489849098 -0.216266316867295
-0.0894095504203605 -0.424419332029626 -0.0955213877628358 0.0307157528778829
-0.336751003476956 -0.305595429044612 -0.0413603357405363 0.0407473993744909
-0.385431962023122 0.0444815833277141 -0.0466294278726647 -0.0170985849014486
-0.177067424470708 0.346335616923973 -0.032122376635678 0.0381151406645893
0.0532650108332098 0.346545168679461 0.00907306014010618 0.0394829231384494
0.204257289481255 0.250435710231899 0.0475910795782347 0.0159950660553701
0.291101691613684 0.116298115423822 0.0561970737448082 -0.0280444833165343
0.286258688879128 0.0802830550407196 0.0361959145603721 -0.0472611149904442
0.28603374352681 0.118387803194899 0.0303286306712575 -0.0380798332067516
0.216789022235813 0.29568339108821 0.0164660718534404 -0.0477949292924398
0.00696256224834924 0.382570255113266 0.0297601633564905 -0.0338433609955375
-0.238063158164637 0.357250065111535 0.0135353864814825 0.00884737387883994
-0.444388465943742 -0.00564189795514368 -0.0498052058085943 0.0311456996933844
-0.305875408505474 -0.406611266481607 -0.0403944936330371 -0.00289399089872502
-0.0792103259838276 -0.500285651790203 0.036800505847644 -0.0455358234243122
-0.104721825166511 -0.396741760322111 -0.071621839538311 0.204135310945062
-0.335174039827659 -0.277472627590057 0.0484492092704535 0.116978084903063
-0.369749047844335 0.0559847702519438 -0.0230123569305668 -0.0187313917488284
-0.165849954690826 0.323316832316288 -0.057049834442936 0.0503348587122399
0.0437152837431269 0.326559620047136 0.00231642773941061 0.114896186538646
0.186171676670157 0.241213530306712 0.109592561076213 0.101980851838372
0.267262153103356 0.123221000478991 0.15768773215692 0.0265897495934667
0.25489809074958 0.0904387268965453 0.140923616560625 -0.0115445466219132
0.243593899743241 0.125560311677161 0.127877538754033 0.00760393688223172
0.170027545050923 0.271187476538766 0.0859283898412398 0.0224613636201839
-0.0157701449315251 0.324790950326265 0.0452357412127895 0.0383643296828873
-0.209655874601334 0.277211954035354 0.0062291443451716 0.0325592765328304
-0.354438142734591 -0.018522622372321 -0.0306532121558365 0.0491806160877526
-0.244391567034533 -0.344114710284116 0.0149973251494961 0.0653920047944839
-0.0794732735815086 -0.430433505539432 0.0564781642753168 0.112984713522255
-0.100395098852704 -0.302186710410801 -0.0431707550227283 0.364370729954616
-0.265173528911126 -0.200145370820675 0.134159218365021 0.18594728785426
-0.2737015559927 0.0498003192044174 0.00598088626927334 -0.0128443314409688
-0.123831074632523 0.231568461014265 -0.0725228572493 0.0575222635760383
0.0225788857095832 0.241961063133224 -0.00493966978190493 0.17695078987107
0.131971448948297 0.187794062615093 0.15909038969895 0.176909573529096
0.199420003377819 0.109655145890371 0.240425175166908 0.0789092820615965
0.184006690671301 0.087183616311382 0.225871521440711 0.0234359756469876
0.166403810710188 0.115066354930212 0.200792673848539 0.0499596863974874
0.0978698523275723 0.206893104825431 0.133290960198506 0.0815982533464673
-0.0403264790151464 0.216443933880725 0.0475538805554732 0.0907543385169648
-0.153717517009898 0.149746920594214 -0.00281273330129977 0.0408631077218052
-0.207595032676088 -0.0358255102075084 -0.0136086418256075 0.0531740762205094
-0.142011539807341 -0.230047724026233 0.0551244487388001 0.105701532673721
-0.0670312474113808 -0.293909471301233 0.0707453515013923 0.230226772549766
-0.0789644308971975 -0.154379733271095 -0.0176760353489624 0.481155924657691
-0.147736860998712 -0.0881568819536593 0.196297345962389 0.236504304274469
-0.128314398287832 0.0373220588191925 0.0375691818914733 -0.00393593749279165
-0.056907549201825 0.0978280285661415 -0.0750179926666048 0.0512818366843281
-0.00338097310803338 0.114954212196463 -0.0127790924349607 0.208830887601917
0.05388581643999 0.102513646995573 0.183533762958343 0.226335841083141
0.0961168522662724 0.0777162188039482 0.28719215794917 0.120157451181951
0.0845895379702691 0.0708859376063527 0.277425908688831 0.054762799732925
0.0686689766931669 0.088504640443024 0.239373305603184 0.0836135287287445
0.0185880997484231 0.120750300971249 0.151059443129117 0.124129175068024
-0.0549890039306986 0.0932312479769634 0.0356496306405324 0.11955170111432
-0.0852223436165067 0.0224701927167122 -0.0134771131225925 0.03519716936225
-0.0578070040032267 -0.0396836844645715 0.000339329327527765 0.0429117339221704
-0.0376884774371109 -0.0955952587086307 0.0751140099930993 0.11564580947649
-0.0486958114566516 -0.125590501490849 0.0792344019821216 0.292033934920194
0.0226595476074119 -0.0303536000478912 -0.0249993619538007 -0.346737302331587
-0.0334315710509172 -0.0424634223701482 -0.129220798999917 -0.147424444926642
-0.0597734838509592 0.0187804893085279 -0.0363842853834696 -0.017342192630833
-0.00284918589510557 0.0725837527527597 0.0269009568701482 0.00236877457229411
0.0461660947975046 0.032590087164902 0.0391386566903714 -0.113981451229442
0.0500454129946439 -0.00449352460172714 -0.0906947098020834 -0.187097620212635
0.0365796928576298 -0.0378835067654227 -0.211268807216515 -0.164589866862654
0.0355629140629934 -0.0407088835142188 -0.254767885244969 -0.136268211548273
0.0377183904969065 -0.0313641749070367 -0.247882389823054 -0.180138301790878
0.0359749777872526 0.000449161887948689 -0.147662183719405 -0.246278439091702
0.0213459296105072 0.0289420653336079 0.0216306230763974 -0.220269059615583
-0.0181403946319468 0.0369502991169688 0.0691103073280489 -0.0554339366290481
-0.0402994794192902 -0.0266127511052056 -0.022710834546085 -0.0453122026506436
0.0239871341922081 -0.0503824175009773 -0.107416802443674 -0.241446128523415
0.0593909835688359 -0.00308087100640478 0.117431533466413 -0.512534709260721
0.0312326007155668 -0.170529307687726 -0.035092069005594 -0.329797264866477
-0.0897422753693259 -0.153382602407671 -0.130871471874124 -0.137948428617935
-0.149665641251797 -0.00974912383359232 -0.0496596989375972 -0.020907852956775
-0.0742321663649385 0.136305728569783 0.0201604459914187 0.0179596327031238
0.0268891779526833 0.131318862510602 0.0466744786567615 -0.0984430813584108
0.0892603166418533 0.0902335584208738 -0.0671429338563371 -0.17299672035416
0.124685134016329 0.025422917261266 -0.173876875221789 -0.160855519819997
0.134950167276473 0.0151720649740647 -0.219567061897632 -0.139628933009175
0.136857808495613 0.0381123206118975 -0.214974807267462 -0.173825879565426
0.0970239994425838 0.127298529179624 -0.129822113184474 -0.234942797216963
-0.00679114893156792 0.168160738090703 0.0245229902913711 -0.204162253334004
-0.131039890786862 0.141139629206663 0.0543197759806176 -0.0451154646947911
-0.20017817768763 -0.0656065576173991 -0.0506714245762006 -0.0413102797864617
-0.0641748633196235 -0.224164025713419 -0.11246536927863 -0.230602338265763
0.0629178438625182 -0.206266737502281 0.103754002253644 -0.474052636473974
0.0320685183540508 -0.292520933029799 -0.0555664946528503 -0.26325732859449
-0.148794195438967 -0.250830641593411 -0.122000711319025 -0.108885682054825
-0.237941546904749 -0.0325140635645755 -0.057103342754802 -0.0258866768467224
-0.143477776600552 0.196920128648259 0.00716031802212951 0.0229245790732813
0.00655674399673313 0.223787331538105 0.0395782516325213 -0.0721074931856129
0.120157973551129 0.177759290738904 -0.0393589718331504 -0.132767794449495
0.197243323576502 0.0872289405839982 -0.111825810076453 -0.132681937842907
0.212770036629783 0.0685562499291197 -0.150137886349465 -0.123102979879887
0.213976015213131 0.102511534110603 -0.148483126470473 -0.142274403058375
0.141990327687383 0.236534917703108 -0.0923069680587812 -0.189778950223453
-0.0344979589278485 0.287620558043412 0.0252485203465497 -0.160754309528171
-0.230292937391588 0.231253370318293 0.0352580389107884 -0.0283652728179581
-0.340917431550475 -0.0945451231075967 -0.069815878962268 -0.0290062212934068
-0.145155093748635 -0.369105353403049 -0.103585581390552 -0.187497704192198
0.0577724058977703 -0.377456922856383 0.0846578892310786 -0.369968657027835
0.0224754407405264 -0.3834921964986 -0.0793409387817037 -0.14862118930597
-0.214076123516244 -0.3258861050219 -0.0918272647355643 -0.0538888525964719
-0.322753593472509 -0.0415834449154464 -0.0558628562028892 -0.0330300533349706
-0.2010083186229 0.256877374163824 -0.0157962756653836 0.0237072881287158
-0.00793114288743488 0.302423304889725 0.0222739836596547 -0.0286264363766644
0.142555818286512 0.247410876213833 -0.00517311392115894 -0.0648471272331718
0.24483063609223 0.137455734208289 -0.03086273509313 -0.0821332673044666
0.25787415725944 0.110956996186049 -0.0576055734562715 -0.0876475795712378
0.254147810887944 0.150096453362873 -0.0593122943328719 -0.0914779441573286
0.16276649709888 0.309279573127901 -0.0372441040016153 -0.119429814435892
-0.0558712810112127 0.364528560518861 0.0278849517259897 -0.0942250315922976
-0.294419797792785 0.289181018270189 0.0167708718262592 -0.00537969322592622
-0.430718189684005 -0.107673946569376 -0.0760314325741081 -0.00631830705752579
-0.202698655469923 -0.457862761693209 -0.0763907314767909 -0.111418991860981
0.0481243337941657 -0.482913070150672 0.0655661517791342 -0.216562313921419
0.00399936358161876 -0.424814952449465 -0.0993297731433838 0.00580948092955782
-0.265451829484956 -0.355469704647782 -0.0360873024041085 0.0246359607128148
-0.377208716874623 -0.0328413768940447 -0.0422280964329799 -0.0365477754180349
-0.230473274688199 0.291831530529946 -0.0441126328330677 0.0270460953652678
-0.0152760069754118 0.342869517383719 -0.0010357394345873 0.0343279928031124
0.149626850353854 0.281933925338438 0.0361965444441566 0.0244908788701639
0.260418908242096 0.166893481243605 0.0606611504084837 -0.0146834885721969
0.26478227977591 0.135559729284316 0.0430399195327719 -0.0391032496312353
0.252234678070671 0.173880630393875 0.0366292327226605 -0.0294840031227497
0.152238643818678 0.330114075717388 0.0235953474439788 -0.0352641521642381
-0.0711726748257844 0.375381291340132 0.0312985938496282 -0.0144594371712615
-0.30332808276446 0.288931085947134 0.00132970952082117 0.0218956809936398
-0.433785171851815 -0.1072850387046 -0.0675773451690933 0.0208758939070039
-0.211188183819536 -0.463851001072796 -0.0353261274773973 -0.0201751459968049
0.0330713899913816 -0.50450541235127 0.0460642663991249 -0.040676302066568
-0.017115543530409 -0.402979377143152 -0.110570049554731 0.180148403158056
-0.270004357312528 -0.328112580918683 0.036392746896316 0.115785985015533
-0.363317337681891 -0.0175509893301944 -0.0201922096920271 -0.0327179660260237
-0.217301576459095 0.273221936859724 -0.0707797983805871 0.03420206130741
-0.0204786111658143 0.322302143912983 -0.0219880887372018 0.107118103504672
0.132857265372531 0.269288939163507 0.0803798364698708 0.12104794907726
0.236432558747708 0.168836976908479 0.149487257787971 0.0595087139249939
0.23192537932207 0.139607889051571 0.137208189350662 0.0156540509266393
0.210079941672279 0.171862237312145 0.122808485724015 0.0338306095376252
0.111652046952185 0.296711819048511 0.0771395895220814 0.0458959726333922
-0.0825538249425796 0.313692135899808 0.0326534385335258 0.0570238052372745
-0.25867732315968 0.218463233935139 -0.0102129331393022 0.0412716948842165
-0.340893291788812 -0.099452497171359 -0.0499229892827651 0.0428628416775482
-0.164399709253238 -0.388790091611852 0.0058527785500372 0.0607227614817733
0.0173475465678133 -0.435870883376161 0.030245311536678 0.121850551467843
-0.0354664076964564 -0.312509539929482 -0.114116206081927 0.342416198701538
-0.219902922579899 -0.241784203502297 0.103266562136466 0.200581509751722
-0.271467078678538 -0.00587119659244881 0.0064623433034231 -0.0182997839942221
-0.160195821931603 0.19377489519256 -0.0858440958855217 0.0390400800637199
-0.0250177364823847 0.235298475056237 -0.0400613629838078 0.168208543187084
0.0905323827426647 0.206765443719204 0.116279648995559 0.203935084310408
0.173304737378115 0.142003694312843 0.219858592786309 0.126848194096146
0.163158909267118 0.121609032528053 0.212855297957969 0.0673819903106613
0.137611679309072 0.145902447352311 0.184743261939657 0.0900542009011861
0.0543666817467165 0.22013664653167 0.110376008092318 0.110996375010482
-0.0826939919684064 0.202732207031913 0.023978428756194 0.105295254800585
-0.177220033935145 0.10900382432047 -0.0188319257984851 0.0437436848882792
-0.19388283550954 -0.0822196643791138 -0.0297516623272291 0.0500150729019494
-0.0884484987834447 -0.255461517748659 0.0367385087793411 0.111156898337481
0.000126225021461129 -0.300416166840735 0.0193968717940357 0.243184159328458
-0.0464094296381494 -0.167316503512604 -0.112644653891499 0.464875857089529
-0.128816561312969 -0.113197597322361 0.148965200461279 0.264715322928265
-0.129392419982468 0.0103987089267278 0.0358410679614048 0.00113078187077884
-0.071769128844308 0.080013920616215 -0.0854833117908243 0.0345427555815995
-0.0255014539448884 0.108015276450473 -0.0525961393687651 0.20082782006481
0.0310146991767033 0.108201895909272 0.134557590092164 0.256457344525553
0.0791235604654227 0.0915683803848469 0.257961220833734 0.176513059850031
0.0687508926629249 0.0858249785612938 0.256209294893728 0.108184470862452
0.0483122568171502 0.0998079052019975 0.214948880590014 0.130081405629725
-0.00525773546182341 0.120181157802074 0.119770019683539 0.15273983148055
-0.0719961783330825 0.0786272612497426 0.00775871238995445 0.126870312437993
-0.0859466783871658 0.00303696304988227 -0.0259733876311127 0.031911622925678
-0.0460821392529096 -0.0520426167645714 -0.00993974834536631 0.0420913044611362
-0.0150696353971043 -0.101994295085105 0.0536581968721077 0.127717042272674
-0.0186986785907283 -0.132869421191301 0.0142990534019035 0.308578207509727
0.0210770118768576 -0.0308066503790586 -0.0272727671907817 -0.342178073853834
-0.0338471773044185 -0.0400107657649516 -0.13016866759079 -0.143061071563888
-0.0587352411428072 0.0196869750545513 -0.0365861808724519 -0.0163060902442636
-0.000350640741901716 0.0716585197664298 0.0285077009083046 0.00374601174632229
0.0460661294459714 0.0313229078389429 0.0381886853437403 -0.114082393921959
0.0497217143729096 -0.00597631524182487 -0.092488016797502 -0.184121258743735
0.0355304473556296 -0.0382794511157547 -0.210580750589896 -0.158016811575664
0.0335869882340216 -0.0412528216290661 -0.253555915542561 -0.129427332208667
0.0361339155995694 -0.0317805794734213 -0.24883929836826 -0.174293372082995
0.0357252666546147 -0.000609751190043426 -0.152585105787441 -0.241167097164344
0.0222183408030277 0.0285799635562839 0.0166274593529166 -0.220090188627432
-0.0167947885285284 0.0368949710345781 0.0681648935547118 -0.0576640317546221
-0.040873073139357 -0.0242101376082659 -0.0230046150342728 -0.047537467721485
0.0220936452352221 -0.0493901948290573 -0.10747461835165 -0.236754414470245
0.0577119238283697 -0.00255635765076341 0.109835690780657 -0.505481592975713
0.0289669110289981 -0.16948195881343 -0.0380235249090494 -0.325074320660788
-0.0908688673138014 -0.14904860299717 -0.131588938971572 -0.133064886643829
-0.146761963734459 -0.0079522022674706 -0.0506215669025281 -0.0198189512727054
-0.0695038111951215 0.13539860395212 0.0220778998311206 0.018355815796616
0.0293301324789737 0.129183862993876 0.045111225706198 -0.0982552277067103
0.090433549521824 0.0868621713292073 -0.0690443540602046 -0.170280964200944
0.123298168304055 0.0228948285283898 -0.174246974843906 -0.155742467101244
0.132038297824542 0.0124487013258321 -0.218974314457702 -0.134116077095162
0.13529572648091 0.0356979963947584 -0.216054416981131 -0.169246533693754
0.0991738153786785 0.123940063995085 -0.135327985113308 -0.229419221657287
-0.00362852107727218 0.167966152487409 0.0189979565837321 -0.203983320947063
-0.12704623228571 0.141230839045937 0.052450891138604 -0.0466468043395901
-0.199304981436443 -0.0614480265919131 -0.0496750278900869 -0.0428052881511486
-0.0672114172051642 -0.220277260220919 -0.112771026985201 -0.225666660883183
0.0596845925160049 -0.203365501201079 0.0972079327896822 -0.467531621082844
0.0299313333297791 -0.289578757610377 -0.0583183044058062 -0.258934698116964
-0.151075319805464 -0.245082541116734 -0.122264949550859 -0.103751920053838
-0.234081374828718 -0.0296634569393456 -0.0586854701062274 -0.0250982641573796
-0.136903894215435 0.195296793616389 0.00850114645820021 0.023909498789098
0.0106453634909217 0.221342742994648 0.0376494265011108 -0.0721259819990778
0.12309180543166 0.174029087244191 -0.0409214211239018 -0.130643360695648
0.196307209772983 0.0825596728161781 -0.113403380595602 -0.130194269881468
0.210355974256491 0.0638242978655152 -0.150411855188704 -0.118750215589292
0.212623560899445 0.0968339291589422 -0.149711249838942 -0.138822730832947
0.14597150443296 0.231423799340476 -0.0973187998584385 -0.185106339434247
-0.0289512116402337 0.287266026812435 0.0201894525033602 -0.160875007558287
-0.222494504785429 0.232040166408338 0.0329024507126395 -0.0302851532318759
-0.337860768968763 -0.0900961758899779 -0.0682804590465813 -0.02879672381995
-0.149379311106747 -0.364981148087599 -0.103521503068886 -0.182734193850824
0.0540091382602357 -0.372481120772376 0.0813031292713599 -0.366989461487396
0.0214670548626268 -0.379281584345601 -0.0809284584550846 -0.145941605584564
-0.216488348275935 -0.318415051321818 -0.0924739826180492 -0.0501919037181622
-0.317728904464979 -0.0369635795454078 -0.0575143654086484 -0.0316179776527888
-0.192795674055094 0.255092823972831 -0.0139139689082997 0.0242057858389686
-0.00188650962923618 0.298107776213129 0.0199647393060625 -0.028393453834615
0.146738208666449 0.243126402267953 -0.00578105062781529 -0.0646254484599587
0.243992041158305 0.131099105567005 -0.0318991001269965 -0.0825085768150807
0.255617109178985 0.105388268582374 -0.0588984146852211 -0.0856888516915136
0.252830332138519 0.14344327008154 -0.0603555770021449 -0.0899920807624851
0.16720226743349 0.304093435327622 -0.0420461292284969 -0.115862473496833
-0.0496544203283753 0.364544077657905 0.0229516975748871 -0.094688733292278
-0.285576111267396 0.289544008098972 0.0138634937814742 -0.00665780494077867
-0.427245914401624 -0.102575474585266 -0.0732846022146577 -0.00638532696002844
-0.20654772299627 -0.451061683321342 -0.0755080228159694 -0.109119176390927
0.0450388644637161 -0.47705818983822 0.0624945019025966 -0.216659510955905
0.00227118413090528 -0.419589288071421 -0.0996535415159487 0.00738680361343129
-0.267590254935339 -0.348384399581119 -0.0365411621156787 0.02746060039487
-0.371643758648204 -0.0289661509827025 -0.0441810459750836 -0.0352559400186878
-0.221842692831357 0.289821276120624 -0.0424211234840611 0.0273946356372034
-0.00864803337608896 0.339387671230804 -0.00245657518144413 0.035009987459561
0.153716314829695 0.277186752720041 0.0366470840140216 0.0235510613896527
0.260308377871344 0.15946880596359 0.0589214025323962 -0.0177144087094705
0.263457989967254 0.129167272231303 0.0406641482080101 -0.0388151714448866
0.252163233362921 0.166832884888363 0.0354402930874534 -0.0305785062087885
0.15856830510424 0.32288641412986 0.0198254407424453 -0.033316822777454
-0.0638325139566664 0.374407436701553 0.0284232673413005 -0.0151815883642984
-0.294481692131188 0.289604981587705 -0.00203933763041045 0.0202681885626356
-0.4283181068538 -0.101296073687728 -0.064725555675467 0.0211784848489374
-0.214887929595462 -0.458524821350098 -0.0349155507323939 -0.0195363426133115
0.0311325255131012 -0.497086234870541 0.0450586946164265 -0.043339032551332
-0.0185893888757234 -0.399071060297268 -0.109634935499128 0.179858255352319
-0.273065061485705 -0.322923529262477 0.0360725377611432 0.116854125481614
-0.357957569409652 -0.0144027504295783 -0.0222902172681309 -0.0311496331973502
-0.210108803623358 0.272211640856884 -0.0692791827558627 0.0350901862889541
-0.0136906204281653 0.319056331164541 -0.0224162802041187 0.10808283159398
0.137511244188416 0.265015143955135 0.0821496726697916 0.118191324016421
0.237147019864775 0.161744441259499 0.147853987119438 0.053087378374437
0.230939572664585 0.133980921091474 0.134781460318557 0.013709563626189
0.210694242974968 0.166031931162788 0.121036411405651 0.0309134224262361
0.11810735565528 0.291542090014116 0.0745895937885037 0.0454740492815106
-0.074459182927599 0.312346059949889 0.0306213270831995 0.0556385835881483
-0.250174913525369 0.219048638167033 -0.0125577716314803 0.039948076912468
-0.337210243972659 -0.0944942308637457 -0.0475559649802468 0.0439144598904901
-0.169478496814605 -0.384070131908156 0.00792115559143555 0.0592447962324782
0.0158076296367793 -0.42885504913371 0.0308600652449994 0.117392458406862
-0.0351829503440226 -0.308580481437124 -0.111471817475006 0.340578122962426
-0.220249511677534 -0.237799918047544 0.103365493828277 0.199473568134414
-0.267884710766162 -0.00404106622268283 0.00468224859722637 -0.0167927824613266
-0.155529489628554 0.192261764671179 -0.0844347499407362 0.0402867800572689
-0.0197825787207635 0.234562252884169 -0.038280734290057 0.168972387580295
0.0938274982915361 0.203701308695156 0.119387753551625 0.200111778929547
0.173553655782013 0.13718073212081 0.219102123157416 0.118634091929383
0.163107371178299 0.117324008662895 0.210048590206361 0.063004207713913
0.138869498901407 0.140943746058669 0.183408197184907 0.0849195626990086
0.059249530189909 0.21681396980686 0.109494500236632 0.108814707883229
-0.0772310312720379 0.202248756033326 0.023975091025374 0.103691501151766
-0.172248890582015 0.109351658186123 -0.0217656646879282 0.0429147843966845
-0.191507353152938 -0.0789605175543214 -0.0276166724063886 0.0510124488453387
-0.09202242872744 -0.252394064747474 0.0391261877228898 0.108089917556738
-0.00145080147758194 -0.295431946412704 0.0226122973214662 0.237515344192172
-0.045720154652541 -0.164461682219901 -0.108121872587749 0.460284196755952
-0.128911197488275 -0.11163294884412 0.148273079826373 0.260918476300814
-0.127245536945376 0.010366039330412 0.0339728631877672 0.00261276159597363
-0.0708320710116042 0.0799008537679603 -0.0842556873103985 0.0360506396948892
-0.0232314548313686 0.107566646344501 -0.0504604050792809 0.200902173413065
0.0324426424219345 0.107358282177891 0.137542527785667 0.251872428043283
0.0800136163591264 0.0883887439584662 0.257018320205977 0.167411232828928
0.0696879026755134 0.0840266034154915 0.254282347001973 0.102072530285192
0.0500020807043067 0.097889202365538 0.21387486942597 0.12428140234286
-0.00147869505658803 0.119707374502053 0.120630764243891 0.149515506901698
-0.0693655633733063 0.0789933990764878 0.00863081812950491 0.126120442538185
-0.0841366610036505 0.00378833687566553 -0.028030559403878 0.0313765010229954
-0.0455023494140731 -0.0518118705354828 -0.00909553121297277 0.0431175634901928
-0.017422850200437 -0.101423584560105 0.0563250011572365 0.123952320821875
-0.0189121802608368 -0.130322903483372 0.0193735706264844 0.301910785664728
0.0198692320664715 -0.0306807621014151 -0.0265216458786035 -0.337916512492381
-0.0344550121978971 -0.0388611014987068 -0.128814432083864 -0.140829452271514
-0.0575211189716201 0.0201821839158001 -0.0360583124489523 -0.0166619588377463
0.00106971515929207 0.0708321523640295 0.0294925429751115 0.00390854338058108
0.0459456977038948 0.0305132674358575 0.0381077781773917 -0.114128112757384
0.0494481069578045 -0.00645384657267988 -0.0921837965040933 -0.181412602734953
0.0347779312249672 -0.03830428334806 -0.207798492166303 -0.153502680338313
0.0321024530338152 -0.0410636051476448 -0.251088056185316 -0.126611786832993
0.0351928386813066 -0.0318203995412298 -0.247919936977206 -0.171006318757454
0.0355898980406601 -0.00162720959534245 -0.153581090101589 -0.236742484959054
0.0229253062889609 0.0285055817734927 0.0138337190421445 -0.219444880778225
-0.0157926716794353 0.0368268655704245 0.0676157347658015 -0.0593831447093025
-0.0407073853525213 -0.022554772439004 -0.022362915186076 -0.0499117162897666
0.0219897146474878 -0.0472658637450663 -0.105374094675158 -0.233566865460318
0.0561294425538107 -0.00191747789428627 0.109485837143519 -0.497406544772165
0.0291289014949848 -0.168144513457833 -0.0369990556883862 -0.321111485831994
-0.0908436397553126 -0.146445449257026 -0.130294749716922 -0.129781833364385
-0.144057689021631 -0.00727619113928564 -0.0508660414142206 -0.0191283176535484
-0.0668771915496938 0.133216324879798 0.023110144038484 0.0188177533475801
0.0300319742349965 0.12717213168797 0.0437863895666772 -0.0974173007141115
0.0910293074378567 0.0851208255485783 -0.0688533888068139 -0.167742751400108
0.121910180057536 0.0216099524627446 -0.172747752718414 -0.153196232884463
0.130135245923165 0.0110427727391196 -0.217613383884121 -0.1311656357926
0.13365900309114 0.0336716566063762 -0.215584643301467 -0.166561574499184
0.0994712592443132 0.121622299062042 -0.137561333391303 -0.225092576995568
-0.00174334284186504 0.167566365382994 0.0156697403173965 -0.203741213735216
-0.123288447688168 0.14004131337409 0.0506697812949919 -0.0479937651996753
-0.197990574842507 -0.0602311137788081 -0.0480841070331399 -0.0450494551667365
-0.0671788425732364 -0.217364140344727 -0.110120174421486 -0.223053461539491
0.059955859696886 -0.200006712738567 0.0967332267060674 -0.462044573664216
0.0317587196562885 -0.287296968164036 -0.0574982888978334 -0.255013642666293
-0.150336863683245 -0.241755706485916 -0.120754670626941 -0.100287794167977
-0.229933364378213 -0.030270507542967 -0.0595787811167768 -0.024581426240803
-0.132575378875766 0.19214338866678 0.00920190498748021 0.0237299182092981
0.0129699373461566 0.217461367256517 0.0362494167540967 -0.0711878183378357
0.123982412815026 0.171377043715107 -0.0406789603413723 -0.128499350957695
0.194436388205623 0.0797593367319413 -0.113255812701448 -0.128899170955019
0.208153977516074 0.0617062161320759 -0.150337710159702 -0.116677835206425
0.210213373119431 0.0937880867259432 -0.149674266010408 -0.136928145690159
0.146852487887221 0.227280576557582 -0.10031501390383 -0.180842351334161
-0.026383180911627 0.285332004202929 0.0160844762926289 -0.161061152470893
-0.217881564552927 0.229769538020078 0.030244974332953 -0.0315028428269302
-0.334714274209073 -0.0891651474861365 -0.0656296269096592 -0.0312749251147054
-0.149780136114319 -0.360615234475848 -0.101267365081636 -0.180398638173785
0.0576018112053366 -0.365996803664396 0.0804138274353222 -0.363209683214538
0.0239112464401029 -0.375548406856786 -0.080062932164775 -0.143369839440526
-0.214384710900583 -0.314412743208258 -0.0919522815334683 -0.0466351674041205
-0.312929312881283 -0.037126141769615 -0.0589272603956685 -0.0303483724210665
-0.187772072718715 0.251016402777813 -0.0122870748293246 0.0249197311546595
0.00122925314005131 0.294876669633881 0.0184834852525098 -0.0270084412043417
0.147926204986772 0.239422587837812 -0.00599187415040729 -0.0634681473369384
0.242239475391157 0.126806504734002 -0.0328089618435687 -0.0826693462848237
0.253402897374526 0.102641805964604 -0.0597110026236412 -0.0844624641508318
0.251187425619191 0.139783779091048 -0.0612031230556913 -0.0899929455477935
0.169360305814378 0.299251774622622 -0.0452528236173768 -0.11205123576133
-0.0461171846626751 0.362988296708722 0.0194054683371074 -0.0942572876286859
-0.27929976473171 0.286846401436194 0.0108567809672537 -0.00737855470831638
-0.422507461914521 -0.101254111661602 -0.071204954263056 -0.00751729087415976
-0.206428001815636 -0.447248360989882 -0.0742630342577346 -0.107959589409941
0.0473667291538035 -0.4698095106397 0.0615204426614812 -0.215444794926371
0.0071852658682107 -0.417078806191397 -0.0996770832778433 0.00849620263869451
-0.266343137745827 -0.3455977817602 -0.0369038482059866 0.030642559146492
-0.365988514682829 -0.0306915896242414 -0.0466304024479954 -0.0339180813832374
-0.217803438153454 0.286500217607561 -0.0408243710560665 0.027168000683341
-0.00486638674682313 0.3362886646583 -0.0041467431756293 0.0364084576478944
0.155595793776972 0.2736065859137 0.0369886265310881 0.023227869630067
0.258208708872959 0.154953789759943 0.0571646250546277 -0.0204470063300798
0.261064822642217 0.126378194984101 0.038905588031606 -0.0385468171785189
0.250246577841418 0.162977794457171 0.0334858190863969 -0.0312695661048679
0.160286706976425 0.31991059204092 0.0167617563891584 -0.0306674271376982
-0.060056398384976 0.372574099714561 0.0250109966752296 -0.0163141870581876
-0.28850151865098 0.285917705017534 -0.0053290077945241 0.019880134556385
-0.423897301105531 -0.100628006956634 -0.0625992160396731 0.0209329122926094
-0.215090614009539 -0.4538975678842 -0.0332049241803223 -0.0198036749461017
0.032803912445036 -0.488535893550547 0.0438727813201029 -0.0446486438598203
-0.0144682036529327 -0.394777937637244 -0.109457013339845 0.179123361564726
-0.27207796280361 -0.319377064162359 0.0346294272202601 0.118389847687687
-0.353262222306632 -0.0174367998184302 -0.0241528975894962 -0.0288481850620948
-0.205502872600656 0.268906564351215 -0.0682905732275839 0.0356201560233742
-0.00963752236409018 0.316222286663756 -0.0235650299143044 0.108577268916449
0.139070525559886 0.262193177569318 0.0821641963230524 0.116594406985518
0.235453335027784 0.157531960436715 0.146073497769044 0.0490452870521967
0.229314692761232 0.130901863596992 0.132241865917589 0.0122597069603722
0.209340842347486 0.162314772579206 0.119039176418111 0.0292688832828911
0.120322486462444 0.288006861265312 0.0719483188037173 0.0469436262225304
-0.070999867825349 0.310508839249695 0.0282487415243651 0.0547952191698416
-0.245386767769465 0.216620623306036 -0.0164218625159983 0.0395378393619903
-0.333065556365851 -0.0947239369690571 -0.0452870996959541 0.0440607409988142
-0.169298763731591 -0.380004165837902 0.00911449378089372 0.0575004654432282
0.0180999862851535 -0.421972242916282 0.030658290291466 0.113499473246123
-0.031510787695886 -0.305225775126059 -0.112582954748642 0.337607134392335
-0.219918164949264 -0.236164110886107 0.100783794059402 0.199418514930848
-0.264068551706785 -0.00547872819567155 0.00286978024085633 -0.0145323037846151
-0.153270312634826 0.190932242095769 -0.0836643819099489 0.0407616813964752
-0.0178522460569969 0.232404113895694 -0.0391412995153684 0.169530736507031
0.0949423914204327 0.202091184802092 0.119724317209683 0.197706636897577
0.17231050775354 0.132714311402149 0.215995004734999 0.113418759801417
0.162252037484851 0.115086602424295 0.207339432761495 0.0608222318300633
0.138026674019988 0.1378177226442 0.181585960660681 0.0827540376947484
0.0623104534207755 0.214179387554054 0.107895979655424 0.107832694544729
-0.0743089723330302 0.200774427360369 0.022450531636652 0.102984335875021
-0.168339504296157 0.108437892098189 -0.0245241203146234 0.042711466089792
-0.188469392238198 -0.0788078490589224 -0.0259718293977566 0.0513863988650331
-0.0922282397830595 -0.250179739214013 0.0401724225965439 0.105172870366206
-0.000180902314388246 -0.29082591743259 0.0232765761983495 0.231447273181424
-0.0432993591894894 -0.162257463453532 -0.110441279992005 0.456348228168638
-0.127718207953434 -0.110936815212068 0.145438961995847 0.259162276530005
-0.125321723075625 0.00925091486741975 0.0324698615733839 0.00486995010776127
-0.0705296666463455 0.078196598977123 -0.0837508477497414 0.03673676984618
-0.0217828119040855 0.107167389295172 -0.0496296443899579 0.201414616504625
0.0330647679876866 0.107149420947028 0.138622369905911 0.248406101246175
0.0797282606721604 0.0865429604239698 0.25494873010269 0.161229260477678
0.0697443057687495 0.0829823809868095 0.251612966154139 0.0990901240737485
0.050387997406651 0.0959082194950863 0.212514487716899 0.121936308099439
-0.00018311769753356 0.118211252634328 0.119588063127473 0.146734396694568
-0.0680382263181337 0.0786189187211493 0.00823984426801407 0.124979186930744
-0.0830900448224196 0.00410619971070654 -0.0297686539451029 0.0311686762163613
-0.0439205469652559 -0.0519024549037835 -0.00778390453642284 0.0438107775841481
-0.0180511638453021 -0.101001409052002 0.0574553696669528 0.120968608285861
-0.0178377699257836 -0.128465334632206 0.019819865547221 0.296105279341517
0.0192888069097062 -0.0300528250415991 -0.022188481583388 -0.338093247418985
-0.034334331478696 -0.0381783874284924 -0.127042285241102 -0.140530521227129
-0.0573298404476561 0.0199026482794445 -0.0361990247252449 -0.0160117189967096
0.00166701321894542 0.0707404301396273 0.0309340166126462 0.00473721364368023
0.0452491510540927 0.0302656269233821 0.0395475945526368 -0.114694868227117
0.0495680199167665 -0.00715431207242472 -0.0908653631661846 -0.182919321187602
0.0349274079226824 -0.0381768398012839 -0.206324080813054 -0.153683012978792
0.031925941714334 -0.040922073565549 -0.249925738045561 -0.127821091188574
0.0348969519641556 -0.0318454507263125 -0.247815424406597 -0.172755431737554
0.0355348717093382 -0.00168739853364982 -0.154851248826171 -0.236536656358558
0.0229996991824448 0.0291336064669977 0.0132401688719415 -0.220332816246972
-0.0151136337509237 0.0371283369250482 0.0676632780669319 -0.0599010137663275
-0.0400399062818261 -0.0222833739051059 -0.0219034635692761 -0.0530381740238709
0.0223160433666796 -0.0456895879041725 -0.101291673145248 -0.233230875745941
0.056061082310055 -0.00067365658495659 0.114250497928151 -0.494517110534223
0.0306685761065655 -0.167472302787998 -0.0330654218672271 -0.320368393600423
-0.0898139132446686 -0.145821322084082 -0.128548778849039 -0.128992299646647
-0.142752191045321 -0.0087065681352752 -0.0512980706137319 -0.0192347621940233
-0.0656279929051797 0.131633496926945 0.0240044039077954 0.0193091083660422
0.0297615784543836 0.12661282683563 0.0442479579202104 -0.0976504924018275
0.0911494933652566 0.0850251802389058 -0.0672996028524456 -0.168843900588039
0.122400381771438 0.0215890917700633 -0.171409998734377 -0.153162592400246
0.129715822391417 0.0118908320019221 -0.216655382769097 -0.132164252333649
0.133226609507222 0.0339113361840701 -0.215559073128638 -0.167992317296466
0.0996211160844963 0.121474470185754 -0.138239606703443 -0.224653260607373
-0.00118470969682038 0.168011487962928 0.0143794371294475 -0.204692084422916
-0.123372577119494 0.138531505296468 0.0505831744359204 -0.0484894847656515
-0.197513141981881 -0.0618291949905016 -0.0468202164805015 -0.0480178658270712
-0.0655204006408942 -0.218004866227923 -0.10710437978826 -0.223226162051135
0.0636041324574035 -0.198148875967416 0.10266498329468 -0.459999701033932
0.0363218336067843 -0.286652427750112 -0.053933429906796 -0.255056779919792
-0.148551030891652 -0.241959602009301 -0.119976950579282 -0.0983265084495945
-0.22815913097616 -0.0327006103901708 -0.0613003936823263 -0.0242576377746668
-0.132091216397337 0.189895941131658 0.0105533665478334 0.0245570966811862
0.0125050510493881 0.217511013129576 0.0362167041849292 -0.0703062167458855
0.124021785431512 0.171531870089436 -0.0397343674364941 -0.12956602431619
0.194061006261812 0.0800679547781257 -0.112031135805168 -0.129745831872443
0.207569675423105 0.0622755601757707 -0.149717608389783 -0.116496748121734
0.209779068414876 0.094589147746517 -0.1497500031 -0.138570628647094
0.14687382181995 0.22818924390584 -0.101190160045974 -0.179260619406744
-0.0262134140206836 0.287016220310042 0.0142064021981758 -0.162119502185035
-0.218776831780076 0.227407213686905 0.0286001607241214 -0.031776475112183
-0.334284365136775 -0.0917673963646358 -0.0641907247758482 -0.0340640820870483
-0.146324388178894 -0.362737553006279 -0.0985506029538454 -0.180831558325902
0.0640109289036767 -0.3641922942686 0.0836191628912642 -0.361643626136826
0.030852722018666 -0.376689436058646 -0.0782940360685521 -0.14310209063055
-0.213793872724679 -0.315238192099769 -0.0909028542092356 -0.0440555166884028
-0.31085487108839 -0.0415400162752293 -0.0607320277968451 -0.0298918121612543
-0.188338360723982 0.248270541173867 -0.0116602471497127 0.0241402017375916
0.000629862372417442 0.294785120579408 0.0172089702644711 -0.0257097831952114
0.148310790132077 0.240187154632132 -0.0053815730140852 -0.0633996940948659
0.240837698797654 0.127908900664183 -0.0334919756848864 -0.0842900756494918
0.252379499809537 0.103573964074104 -0.059923211595472 -0.0842502639720355
0.250012124348367 0.141155057438138 -0.0616364014137785 -0.0908523955164099
0.169073103235516 0.299876731808806 -0.0477319039722227 -0.109253882976822
-0.0470333598623874 0.363132030991828 0.0165307070422243 -0.0948245417488674
-0.279980580666771 0.284059528983495 0.00783619668584793 -0.00742982252135393
-0.421619446535223 -0.106471726897868 -0.0690497257101052 -0.00966994411577711
-0.203493178867802 -0.449709559678396 -0.0720555189331304 -0.107860586454529
0.0564558016508109 -0.467999622077768 0.0625772999300447 -0.215335972938792
0.0143232986532952 -0.417578111739533 -0.0998018811862719 0.00874211322238327
-0.264199900045165 -0.346706129211681 -0.0369122156730111 0.0329060161563891
-0.364606199689873 -0.0357221803504394 -0.0483871404184081 -0.0324254978782019
-0.218397697112556 0.283610964369096 -0.0406374673537815 0.0278071431559211
-0.00460034561065149 0.335622065546353 -0.00576206379996109 0.0383754727738643
0.156153597427165 0.275368217549927 0.0372122508947706 0.023988573900283
0.257449887271865 0.156081434968013 0.0564712079065186 -0.0225244859528576
0.260350333448027 0.12790209670163 0.0382588999506137 -0.0384921715028573
0.249332583956715 0.164072111246403 0.0327962666470527 -0.0313744734884878
0.160553275085827 0.320370565642646 0.0145675594794809 -0.0278915112056423
-0.0608661102948868 0.373524805836721 0.0218897755718362 -0.0163521201025863
-0.288274978358706 0.280990180058219 -0.00874048723099463 0.0198836114657039
-0.422331664218082 -0.106029290452537 -0.0610557209869831 0.0193406028954639
-0.212282811401645 -0.4566895741102 -0.0320981640209878 -0.0201942133400961
0.0431269344908581 -0.485690145822173 0.0430599661376762 -0.0467600620681272
-0.00657960176313584 -0.395679775224238 -0.112535892750077 0.17921438476919
-0.2691020107236 -0.321769909044225 0.0335974288733632 0.121511736122595
-0.35230753270402 -0.0221383184742677 -0.0262797939772048 -0.0273115202812472
-0.208537736276913 0.26522263551514 -0.0674309514078001 0.0354344337044109
-0.010412429751481 0.316766762165505 -0.0254966757464457 0.111322924184343
0.139537509298612 0.264091820258999 0.082298044071531 0.11767086314209
0.234378114234655 0.15780182833936 0.144272929054342 0.0468704786355557
0.22861893061877 0.13138099009171 0.132127412611828 0.0134920721383095
0.208249499997724 0.162544820687435 0.117800284702883 0.0291066446568936
0.120256539931341 0.2884899683153 0.0697822230952454 0.0493610674748281
-0.0714056573541825 0.311022834971558 0.0248999269730791 0.0548183417936155
-0.244665742866605 0.213213170359301 -0.0206271527221509 0.0397925348317756
-0.331969855901357 -0.0987467975759116 -0.0440444842512933 0.0437008273229929
-0.165965267339099 -0.383314705579598 0.00936990320072584 0.057155692366194
0.0257304251746213 -0.419386201640812 0.028496646099945 0.110577743142007
-0.0250391981833345 -0.305899561137102 -0.117624415432817 0.337168009532147
-0.218029780125145 -0.239072325578453 0.097901857978462 0.202889012016244
-0.263738276251662 -0.0104927700642549 0.00120250143667364 -0.0128186518157886
-0.155464398158131 0.188236360966162 -0.0833537614274364 0.0408196079464332
-0.0181315887159791 0.232711698837295 -0.0408078327799736 0.171841134251901
0.0952848250442884 0.203914378064304 0.119962290373488 0.199089091079743
0.172265102072876 0.133463791145788 0.214390479072213 0.111461814790853
0.161462603940129 0.116082985287798 0.207019987010785 0.0613995566198498
0.13759284289313 0.138301057092625 0.180154142054516 0.0827894746238975
0.0615364876411954 0.214413023969773 0.106099716154577 0.109912621585993
-0.0745826730659777 0.200429267970872 0.0201603321386442 0.102967452978343
-0.167785947822896 0.106817531243755 -0.0277976943070492 0.0419477804106046
-0.187019106771517 -0.0817539683854592 -0.025184722341732 0.0519783245957701
-0.0910551849658135 -0.251248381566509 0.040291964180489 0.10397335063152
0.00575164514729927 -0.288798161422247 0.0200829918940151 0.228777168644083
-0.0387846538489943 -0.162442071853829 -0.11629522781688 0.454657829417702
-0.127407409182288 -0.113012777702715 0.142449195386995 0.26170773210507
-0.125069470601235 0.00650947719181961 0.0311949442074833 0.00673668702665488
-0.0719852884896234 0.077626267117081 -0.0841074751841606 0.0369889281551719
-0.0221752621912783 0.108133190877718 -0.0512595166148205 0.203151423907156
0.033290883447757 0.108134606805708 0.138164344734664 0.249364024293859
0.0788021983915223 0.0868812730049113 0.25320812141571 0.160097763492689
0.0695055404620442 0.0831734548323834 0.250910446425454 0.0998170573215847
0.0501777825137835 0.0959784883200562 0.210631196491952 0.122216609187215
0.000419679558064007 0.118423562163321 0.118894323618573 0.147767902708196
-0.0678028941444656 0.0778145844013628 0.00695788606402174 0.124918571975235
-0.0824856164058426 0.00293455050402126 -0.0324449288403234 0.030652798535749
-0.0428409911687031 -0.0531498538330764 -0.0075123543503369 0.045420837713349
-0.0181250788910768 -0.101315060523745 0.0570316409271175 0.119361136848443
-0.0152654203898438 -0.127874277371116 0.0173607220602318 0.292768552764718
0.0192888761284456 -0.0304374782268373 -0.0177413531062376 -0.345901722955365
-0.0351557716244129 -0.0384588766477249 -0.127973605493071 -0.143881483140394
-0.058255930654142 0.0201730498165974 -0.03684605308587 -0.0167595762611222
0.00226940188654524 0.0722994247847202 0.0324515166148324 0.0057625613652367
0.0460193822231373 0.0306794221144548 0.0412604815422887 -0.117322515572144
0.0504973382311738 -0.00799861133219754 -0.0916844114793425 -0.187589661609366
0.0358374937192818 -0.0389218336623642 -0.207974693902754 -0.15697709128254
0.0323819222853941 -0.0415092735336863 -0.253952894339733 -0.131218452717242
0.0355316170640576 -0.0327638396585053 -0.252565932277362 -0.177218681126797
0.0364007860466821 -0.00188811162409878 -0.157199901319087 -0.242547143452415
0.024276028459924 0.0302728646882919 0.013081921336817 -0.225829447094175
-0.015334883379923 0.0381675361440461 0.0696357855609391 -0.0619720449576909
-0.0405728229451987 -0.021788190330436 -0.0222362444824415 -0.0573528365032627
0.0235866447921201 -0.0458159113758344 -0.0993846619649964 -0.23890206417577
0.057261699250023 0.000420347340496161 0.123778156042967 -0.500070312473961
0.0337905111660191 -0.171001223406362 -0.0286716148555319 -0.326558137799006
-0.0907447366031345 -0.148351945321641 -0.129238609570125 -0.1314732004035
-0.144443448370674 -0.0111587802790082 -0.0533141711283347 -0.0200662788847574
-0.0664662517497406 0.132430688326388 0.0253440488988306 0.0201598161555069
0.0302224971258335 0.128545115577734 0.0455159141674638 -0.098786058792184
0.092618846951229 0.0864939869315798 -0.0678310394800385 -0.173234893953699
0.124758960598777 0.0224725041530886 -0.173559555310015 -0.157345874067921
0.131284270075397 0.0124173287281218 -0.219675999308254 -0.136058558103083
0.13582196968364 0.0351004633829388 -0.219573548853187 -0.172804613123565
0.101022343039259 0.125032681040003 -0.141469857237906 -0.22759032838991
-0.00130015490178885 0.172102509990011 0.0133232286554356 -0.209816999759898
-0.126506493016914 0.139888769211544 0.0512734827475835 -0.0498032618027126
-0.200721813271277 -0.0647220010454548 -0.0469847086018219 -0.0520181656775697
-0.0645172252499742 -0.222190585637094 -0.1047207114544 -0.228064642200182
0.0696039656560416 -0.200550178713467 0.110628522867985 -0.465335812968023
0.0420873112581853 -0.293092816752535 -0.0504348475145369 -0.260064030591392
-0.149144456020093 -0.247033772226399 -0.120736321140738 -0.0998819208923006
-0.23144707984587 -0.0370935919268644 -0.0636164110365113 -0.0245701841563443
-0.134778064917545 0.191411285394134 0.0120401341884943 0.0248248504755437
0.0121293351548862 0.221201681859384 0.0363303774475444 -0.0709487756436456
0.126795436031283 0.174968663299834 -0.0394604250138005 -0.133118822466971
0.197210118535269 0.0824126519247359 -0.114297105916016 -0.13414897690023
0.210871152593823 0.0650530544367459 -0.152071788253838 -0.119786279427356
0.213015561006267 0.0974975261355744 -0.153311278802686 -0.143186936248487
0.148689075294261 0.233970174418614 -0.103754358650499 -0.180920278016426
-0.0275028350443948 0.293882263776131 0.0126342517910258 -0.166169088283938
-0.223973598394962 0.228819885858989 0.0283032736691653 -0.0321720862823455
-0.340144799998262 -0.0984793990532754 -0.063644444886375 -0.0373406043519762
-0.144653822741547 -0.372324142174877 -0.0970510749210547 -0.185061249702541
0.0731901011416913 -0.36965192226924 0.0889653103534643 -0.367888384691229
0.0394131403606023 -0.385599227913123 -0.0777488003894028 -0.145126799252527
-0.214749070181574 -0.323360891690607 -0.0919430200680879 -0.0435023109802069
-0.315907953632994 -0.0469876870942818 -0.0635257218428726 -0.0298991719122307
-0.192931617136112 0.250528324771742 -0.01075915693339 0.0251304258211339
-0.000323525948317801 0.300337965578484 0.0165553808996906 -0.0245634468119512
0.151446705565904 0.246605008134812 -0.00418036702573802 -0.064900942060842
0.246021179368644 0.131082138784088 -0.0344420303751005 -0.0878610208324114
0.256862729451279 0.107116476401903 -0.0608992932826145 -0.0865637409704427
0.254261888660156 0.144647968943442 -0.0634810472632836 -0.0937897436966724
0.171568346516728 0.307048605452518 -0.0496598309022821 -0.108547163447451
-0.0489854187227485 0.372129310014609 0.0146546124496495 -0.0973827346621315
-0.286148346707579 0.285194594743978 0.0054650848231676 -0.00721236210130531
-0.428861665665683 -0.114513485888922 -0.0693654948985193 -0.0121595494896594
-0.203995273164016 -0.462618702142369 -0.0707967279738746 -0.110852532711642
0.0680687727381762 -0.475026134488741 0.0654264105160237 -0.219571965780093
0.0242871512293414 -0.427459099930045 -0.10165070591265 0.0086137749727364
-0.266074286169013 -0.35695780136537 -0.0373948391894287 0.0365225384691561
-0.370484726974419 -0.0420740026638758 -0.0512159012338702 -0.0321644414289414
-0.2243046980549 0.285398839524168 -0.0402795652240197 0.0280270362348901
-0.00740990554594961 0.343807296443033 -0.00732311868269935 0.0411009623375853
0.159539032735619 0.282657866145382 0.0384466347137529 0.0249614003620143
0.262182122342023 0.160135048628325 0.0562354469730862 -0.0248642995375737
0.264802061774602 0.131535436123269 0.0387329956589439 -0.0389355539894365
0.253499242830861 0.168135158726441 0.0322395494397936 -0.0330206235769781
0.162804703015628 0.32850040588507 0.0136384150860638 -0.0256290351129518
-0.0637347411476392 0.38093476971421 0.0188561399459584 -0.0166110621488165
-0.295585379742697 0.284208012562917 -0.0126322518452188 0.0207956802086048
-0.430423172928273 -0.114996074641261 -0.0604797891039253 0.019017764180938
-0.213061288253364 -0.469133862273726 -0.0319601912125213 -0.0207068705999377
0.0543949446337174 -0.493515845075897 0.043462974601128 -0.0483854945058695
0.00243929253790741 -0.404941535722268 -0.117559729835062 0.182953063114205
-0.272214304557997 -0.33247019613707 0.0335478386104582 0.127513560150402
-0.359324087454519 -0.0285411445094034 -0.028422763305745 -0.0258259285566669
-0.214706354433092 0.267650928515644 -0.0677388349809493 0.0356282952696777
-0.0117877002296175 0.323418528808085 -0.0278328185690491 0.116041055912376
0.142522592133961 0.2715451569496 0.0851100841086706 0.121592144746709
0.238784556898949 0.161743555069438 0.145006359619845 0.0461333400882522
0.232033900519263 0.135459857040881 0.133476055886901 0.0140329898292444
0.211960973898832 0.166835416154029 0.119296357979876 0.0301592408381009
0.122119678281046 0.294581285308173 0.070139204729536 0.0533824756550111
-0.0735079657217776 0.317601017796703 0.0222575053230943 0.0563001259787303
-0.249871165159841 0.213655695647062 -0.0245929351608189 0.0410787158987925
-0.337676311517805 -0.103805986810314 -0.0434776641922691 0.0445802946981133
-0.168145386080321 -0.392140150223645 0.00933504189071063 0.0571508749775712
0.0358782210868824 -0.425607975998185 0.0265049043480554 0.110629737375524
-0.0184394131401841 -0.313725128338761 -0.125496931167951 0.344557379219158
-0.220223931808331 -0.246914199255446 0.097538323572482 0.210210326385421
-0.268679908674012 -0.0152093920617613 -0.000335608188603454 -0.0103527348685973
-0.160934709135316 0.189795244208572 -0.0848021277962589 0.041600623555813
-0.0189858979654144 0.238303357321473 -0.0434481225302817 0.177886447711164
0.0973298255485126 0.209197029758978 0.12303322636017 0.204403628942292
0.174842246874321 0.136594171835685 0.216446118329171 0.11279720334198
0.164707648846809 0.118913865276481 0.209397978503335 0.0632030058554409
0.139609885703677 0.141921527526848 0.182811485134333 0.085259782180996
0.0628578511565341 0.219284900441635 0.106735867383091 0.114395706926211
-0.0763446936364283 0.203803810709281 0.0181862229771825 0.105000282499899
-0.170991698892577 0.105690872105364 -0.0322564620216744 0.0437547948696468
-0.189229377145771 -0.0860313546598402 -0.0242611543491355 0.0542922485202974
-0.0917528508097467 -0.257547083938074 0.0406764030406464 0.105058331068841
0.0119928229670098 -0.293158106273427 0.0166776935578986 0.230362268673766
-0.0345528560562393 -0.166855256517182 -0.127163087486501 0.463064702110979
-0.128358420384076 -0.117424208406545 0.140743906466281 0.269975466530746
-0.127432173735769 0.00378612001160368 0.0305750838827636 0.00998506110868635
-0.075247826148336 0.0783675247153593 -0.0856102192897308 0.038088631100397
-0.0223444974747055 0.111065814816171 -0.0537683672007037 0.209009822385849
0.0339532999149821 0.111728833503128 0.141564881363844 0.25656007465585
0.0797639605401737 0.0887307081040999 0.256821865920883 0.162974630357163
0.0705126793580105 0.0851691992002384 0.253575344155578 0.102777746293083
0.0508828819592045 0.0987740600038912 0.214758088672588 0.125081700172171
0.000238618889338543 0.121161566482175 0.119672639700514 0.151672827873729
-0.0698314079768674 0.0783994443216497 0.00597955514515071 0.127515739683818
-0.0832586787723995 0.00163351033661515 -0.0353180921717535 0.0313388394302736
-0.0428233891742216 -0.0551119258640373 -0.00623304290246031 0.0468533189266878
-0.0185067299413649 -0.10336605095297 0.0577000587657097 0.120477949246571
-0.013139290907103 -0.128854387209949 0.0142826198774339 0.295836132663112
-0.00346793850178621 -0.0377800586771135 -0.229886445507949 -0.275612403373587
-0.0519497643656469 -0.00994519763261134 -0.196163140016646 -0.0388224764896125
-0.0363369088036884 0.0509559511626821 -0.0420576625474641 0.0111181871698072
0.043682374479583 0.0566218591293165 0.0349183641793053 -0.0136421882318964
0.0546388354751058 -0.00139074921472213 -0.0379031045517251 -0.122382616369176
0.0358460496779693 -0.0368555610889083 -0.191739202722832 -0.0981745060343538
0.00529781029604416 -0.0525686325011739 -0.271200491172922 -3.04945432141939E-05
-0.000693992880067507 -0.0544863152733738 -0.289778920669401 0.050188064659132
0.0064164921553508 -0.0499539057109739 -0.320159344952238 0.0142716721384984
0.0278364781178022 -0.0245022509669141 -0.283890692380588 -0.101180489146066
0.0390926120086674 0.00846076978479483 -0.132865497205362 -0.19429766352184
0.0103545544470368 0.0405431263817857 0.018571607304427 -0.0968331419757178
-0.0495172734058445 0.00768763963535185 -0.0563159788295603 -0.0351282225752419
-0.0124873637460803 -0.055148113491844 -0.233316371033029 -0.132802360334114
0.0504808530912547 -0.0435594362805775 -0.218307327837918 -0.498167358500298
-0.0707418097332036 -0.166010334772483 -0.236194904328339 -0.252950822840968
-0.160724641252763 -0.0674434901861102 -0.193837835056403 -0.0289745567787645
-0.126545450748623 0.0755733074499408 -0.0602270483361621 0.0219997545878067
0.0232848782621958 0.145234197945435 0.0386138229933172 0.00698695935195837
0.100255824949948 0.0871775127680782 -0.0210168272395712 -0.108058740960954
0.128369247264704 0.0144556480971181 -0.160577689038737 -0.0988689980654199
0.114936461735423 -0.0567600404195327 -0.241732885852013 -0.0226431701310803
0.115474021413146 -0.0719948395022639 -0.265730628091606 0.0258080695151355
0.132783819161551 -0.0566658775950307 -0.291654313036398 -0.00187216867951045
0.162610433718386 0.0401349456774797 -0.261724779584368 -0.099188072345661
0.108151978060847 0.144980903756168 -0.121595655276703 -0.181618558486291
-0.0202421140165864 0.196753470459765 0.0114447172220574 -0.0757258581429535
-0.216495664719643 0.0747583413506847 -0.0706522682321093 -0.015193650112348
-0.201781812799233 -0.148799934662077 -0.226131297537031 -0.123772330647371
-0.0683460099140327 -0.225180317467294 -0.200330165604911 -0.454161994539755
-0.133251471389283 -0.275635642408046 -0.221472369837736 -0.182862968703551
-0.265203416733014 -0.115381395495691 -0.171126418362263 -0.00902067598525339
-0.213467264113554 0.104599908543035 -0.0752184537856803 0.0284004767005928
0.00132372641165363 0.231987508251045 0.0310243184242038 0.0234307762395436
0.141854895491741 0.172785343455754 -0.00909843217383689 -0.0772226098128524
0.210514331504832 0.0664083400733894 -0.110037264458812 -0.0812441825180708
0.211394279830372 -0.053039612501003 -0.177463509139952 -0.0422591481826701
0.214396553633397 -0.0781858809989846 -0.201250927081223 -0.00358353826875682
0.237744451783909 -0.0530296370680183 -0.219772009113383 -0.0184358619532797
0.272236021716889 0.100321004508411 -0.201231356897381 -0.0829945769931301
0.164753266490443 0.264778400770518 -0.0937919609953239 -0.145172677694485
-0.0481059386890885 0.333374759146871 0.00476902473220891 -0.0466723661063414
-0.359411241413948 0.136072120542172 -0.0729581572631964 0.00704535633862834
-0.367269752711976 -0.223101716128856 -0.187840620413267 -0.0961882666438232
-0.174272407920282 -0.371857451678716 -0.148054191833942 -0.353084868275761
-0.187983416502307 -0.352439311760921 -0.179542652086117 -0.0702759144103945
-0.363503006581531 -0.139382075983883 -0.116784543400311 0.019658805983076
-0.29036416758927 0.145164258748435 -0.0807396758827601 0.0275065930940806
-0.0127062541841228 0.31423543326469 0.0130800665754712 0.0412551268062182
0.178918857149913 0.245848536391081 0.00444593169048479 -0.0260766806881853
0.274564490208891 0.109026651826072 -0.0371199374277213 -0.0457386383872834
0.280241871865672 -0.0439358692949378 -0.0815825552862948 -0.0542956712018436
0.279636601976911 -0.0727739049618782 -0.105114694637862 -0.0321445190841538
0.302848276893611 -0.0395281281553702 -0.115491028546818 -0.034057133694748
0.338944664896669 0.147514324954046 -0.110564488692686 -0.0569537726862306
0.196186135400415 0.344369818153269 -0.0488254884378906 -0.0900753189801731
-0.0660001146715504 0.420438615127733 0.00140377379905228 -0.0114424830731827
-0.448274069018066 0.179425802793886 -0.0595156410346481 0.03071830659301
-0.474548840514753 -0.26204389825532 -0.116119085253684 -0.0544046118450205
-0.246253575480768 -0.456681723766806 -0.0689692912470613 -0.211651579442472
-0.224679605449629 -0.379829523772146 -0.10723326522118 0.0741619542275545
-0.424661776681652 -0.137209249698116 -0.0245557671309955 0.0525807188925921
-0.333657689229987 0.18184860508798 -0.0724501392883185 0.021002630740454
-0.0181095624708739 0.362785438048876 -0.00925280112459271 0.063584315380221
0.199279232954175 0.285431679403764 0.027291629178785 0.0437997754691977
0.303707691395006 0.133598783585049 0.0560052549073937 0.00168698462237029
0.311254459244484 -0.0308623283574354 0.0337706029777753 -0.0586874937930163
0.301305866164635 -0.0571205052682237 0.00617025572384908 -0.0556317611265859
0.318048341089154 -0.0192348443334714 0.00218781751801926 -0.0443397492484387
0.345798914064577 0.170194649612693 -0.00511800686116749 -0.026662477139856
0.190172473336753 0.362120406813463 0.0063754231013712 -0.026409951322478
-0.07403888672552 0.42403613321563 0.00360198069568129 0.0239095412137939
-0.447384724448786 0.179077529245373 -0.0321495972534355 0.0519633175871689
-0.486305557138914 -0.261364732939371 -0.0257506872652544 -0.0058386881029513
-0.26953363639649 -0.462256790089854 0.0227612318303616 -0.0540338766144912
-0.228782851632186 -0.347996031790814 -0.0110627389408441 0.228543433775348
-0.414849302201717 -0.113593063474646 0.0903966893945164 0.0852426732727432
-0.316212622433339 0.185956138612764 -0.0492671336605629 0.0122973847186548
-0.0210659975590357 0.344064067488856 -0.0284292832200811 0.0867696023527137
0.183796141098826 0.271686598665765 0.0563737618188315 0.117624944924824
0.283941093477482 0.135232079147167 0.154034627055264 0.0519314876606005
0.292977741700862 -0.0149747927320572 0.152132169278856 -0.0560225049885343
0.27761718953829 -0.0331780069717304 0.117147127287656 -0.0705326422904277
0.282996465752697 0.00584373020110932 0.11404998183748 -0.0480762664158177
0.291017986928604 0.168268415110505 0.091486146114626 0.00292789561492791
0.141979789039085 0.314129005212381 0.0549462902383623 0.0317754817374383
-0.0786645830804197 0.337195562043233 0.00647240058575237 0.0499332936590158
-0.360379631570725 0.126072088858902 -0.00203811885941428 0.063315364826119
-0.395258532344849 -0.224680516216693 0.0562359107051364 0.0335563816512481
-0.242417498768965 -0.388175004551428 0.10938228240703 0.0872092020474364
-0.192688787266695 -0.256814805368733 0.0881473938379381 0.366582649609294
-0.322089352647168 -0.075015122503557 0.198199483738386 0.114186233971042
-0.233168890384652 0.144065710217605 -0.0126942127189711 0.00486248658814679
-0.0227268010744044 0.249620115560545 -0.0410278905537622 0.0987114330005289
0.127661718943004 0.206014870509278 0.0803298678900174 0.177591933481703
0.209543032012152 0.11173442471707 0.235659759310752 0.095100319702517
0.225122710619288 0.00275822595876378 0.253125572104582 -0.046124653652607
0.210855653876573 -0.00445789901367041 0.211027704453559 -0.0780959365164912
0.207506160231295 0.0301522946683531 0.201643545131917 -0.0436359571762785
0.19340334595316 0.141942775630225 0.160010141913464 0.0292144239948924
0.0666516336163648 0.220894776320683 0.0825643231371162 0.0746614178535508
-0.0787964783879838 0.195333498576774 0.00115598952322977 0.0574667696815001
-0.219136781106433 0.0480756630757989 0.0186806276663149 0.059658662467269
-0.243356085458899 -0.157535273613312 0.108426270482804 0.0551904291807144
-0.176488556184935 -0.255838408235765 0.173517791465986 0.188183101328338
-0.122001763993887 -0.120991935901308 0.170259991705332 0.465003054474573
-0.171457740281493 -0.0228260577154707 0.275625498393571 0.137606346400045
-0.104145173402012 0.0764923539348852 0.0296437781221707 -0.00303558627265855
-0.017240433224212 0.108812975282275 -0.0468451007918787 0.0904861024148093
0.0491627726757833 0.104142363966958 0.0885272674977299 0.207983457935352
0.0973328597518291 0.0698071636053313 0.280719502402745 0.124673971737857
0.11879919268602 0.0219399828760473 0.316607988052187 -0.0282069563471995
0.112616428983022 0.0263328497138744 0.271339894086055 -0.0740753604755049
0.106380117956248 0.0504508694727331 0.253967059210573 -0.0317806307104137
0.0787234572944922 0.0999736732912164 0.194489870089652 0.0502638902117346
-0.0076301255178205 0.1105530232729 0.0863272323181195 0.101369606589733
-0.0699590322710631 0.053543608911417 -0.0107992652626051 0.0497061583120763
-0.0725447408895469 -0.0206323271376783 0.0270741004146611 0.0436148506802971
-0.0809948949675368 -0.0742428901653936 0.128357812458011 0.059209003072067
-0.0933875094872491 -0.0984823327603116 0.207136383473739 0.239620549313064
-0.00534050997268279 -0.0383148609665161 -0.248146033206006 -0.280391129843324
-0.0537575384018962 -0.00746402927166703 -0.205184594643929 -0.0330191992307867
-0.0358263207955183 0.0543165960986834 -0.0444315811098291 0.0133156800282176
0.0482056237858054 0.0560658402113011 0.0376747863522936 -0.0160768109535142
0.0567773729928387 -0.0036590245326946 -0.0438538257507083 -0.126490051422632
0.0351853514203537 -0.0403600189191431 -0.204840497591176 -0.0957255351580343
0.00309956909114662 -0.0554573480970942 -0.281855858538247 0.00917978647616697
-0.00371342303891207 -0.0568812880444163 -0.300074285838506 0.0630870427997416
0.00410717786218721 -0.0525210073023015 -0.334460553613494 0.0272966080493324
0.027963495623734 -0.0262190642163323 -0.300363220343492 -0.0937656194979496
0.0426080694515566 0.00657802686253811 -0.148155181582114 -0.197396646529746
0.0131919232190075 0.0416018538043123 0.0153730335675102 -0.102717480891922
-0.0508002253939841 0.0101650969175494 -0.0622934602438367 -0.0362253712575921
-0.0150089735528095 -0.0567878497003333 -0.245738944403246 -0.13194846086644
0.0509802628819253 -0.0472280578846197 -0.240468563372551 -0.511769303071806
-0.0790267659013044 -0.171879143787898 -0.254289315977687 -0.256819206071201
-0.169510741082222 -0.0639510523254254 -0.200927170629367 -0.0233523874747392
-0.129128967615194 0.0818632568151976 -0.0633712348409328 0.0260505419407277
0.029683566121862 0.148896583577992 0.0419810238665506 0.00526201626485389
0.107492502242952 0.0868641317191007 -0.0256671057490237 -0.111702970749456
0.134192119612127 0.00934401815503856 -0.172256089639392 -0.0975475596750901
0.117096796575506 -0.0645894741138596 -0.253721695406956 -0.0148860557867745
0.116925235191264 -0.0794576961177347 -0.27619267694731 0.0364077847088807
0.135232064473283 -0.0645392107674588 -0.305217285716466 0.0101879698404802
0.171375664881482 0.0354235476442245 -0.276649159080121 -0.0916075238835047
0.120284100392866 0.146531643831334 -0.136442778856581 -0.184349882157644
-0.0141883597632689 0.205044318760937 0.00925026582890182 -0.0793715143806926
-0.224390041205313 0.0847455329803129 -0.0766419606756179 -0.015565038793453
-0.216180222660364 -0.149208534680146 -0.23807313295293 -0.122538357873335
-0.0768819338874114 -0.234218826385991 -0.22136008927733 -0.466969324852929
-0.147158684064143 -0.286013439853463 -0.235068236032131 -0.18423995343356
-0.280234330950854 -0.10966097085585 -0.176068524021913 -0.00312935702361723
-0.219142521122746 0.115059806644284 -0.0781581496155126 0.0334389317970829
0.00941229760241061 0.240538514336238 0.0347544865452314 0.0223462032272724
0.153666270100264 0.1745455056133 -0.0123757804395543 -0.0802308449208982
0.222987161276545 0.0595419637359349 -0.118139746636994 -0.0813214175248975
0.217709752365641 -0.0650835848939634 -0.187625505384852 -0.0370060075874635
0.219395053300147 -0.0895866171843064 -0.209894490758902 0.00368059198865483
0.244508718740468 -0.0655921565922488 -0.230365755831861 -0.0104538010042721
0.289200115494986 0.0942286247460539 -0.212347861041812 -0.0763481035658668
0.182446934532175 0.269852841533765 -0.106556667620309 -0.146570957924597
-0.0391029998484526 0.348084747781451 0.00288017621240735 -0.0476276991793457
-0.372107256543245 0.153268375101109 -0.0773937464189393 0.00816675803055903
-0.391824379184626 -0.221437868926223 -0.197221088127861 -0.0950264521796757
-0.190506332720266 -0.386751913656018 -0.165692922297803 -0.364500823268178
-0.206220103211881 -0.365343861238169 -0.187891321994201 -0.068362355495838
-0.383466166064517 -0.133377116662681 -0.117926280821955 0.0243422950901703
-0.299210504708137 0.159820859982814 -0.0840069654365053 0.0334090123267236
-0.00258231397753242 0.326950736168236 0.0155691895712919 0.0409040878493482
0.195831634221666 0.248609805007613 0.00384745728820904 -0.0263740748036115
0.292283594206582 0.101685753988067 -0.0397675489270108 -0.0474944307126668
0.289668165104227 -0.057222099979057 -0.0898880597381141 -0.0540841872537063
0.287546306266332 -0.0861428837515597 -0.111677619252849 -0.0297941505449747
0.31306403365623 -0.0536590980700212 -0.123172394917348 -0.0301256470298241
0.360589992798347 0.141017462615385 -0.115665484910489 -0.0525141034716794
0.219796266845475 0.352290803346871 -0.0573027242364942 -0.0898607709042323
-0.0546763148723472 0.440618279303523 0.000349170437034202 -0.0102468470528947
-0.462549229971116 0.202946432296739 -0.0610604596731886 0.0322788385582478
-0.505325390873214 -0.259379505757046 -0.12147635831786 -0.0520859549405319
-0.266537430689608 -0.47370334916329 -0.0793727702663336 -0.217285579750322
-0.245552194252601 -0.393996293030207 -0.107964979477852 0.080712815610674
-0.448830884854462 -0.129444174470835 -0.020397316423469 0.0565506849866892
-0.343952301687745 0.198189937249553 -0.0752235021676998 0.0268847575531085
-0.00739587985331415 0.378027900835227 -0.00621835856146798 0.0658004879529384
0.219485635651874 0.288710681743469 0.0302567801025754 0.0459921542512156
0.324609644871369 0.126569388700293 0.0597230301560223 -0.00113696990002357
0.32276260123968 -0.0448227059144548 0.030059945368638 -0.0627640937192725
0.31184728425812 -0.0706378707203388 0.00368131071167965 -0.0580315021434066
0.329715627633563 -0.0332587317894127 -0.000420886438079402 -0.0448714148636073
0.36876899768041 0.163937043090566 -0.00461893041949624 -0.025383991049528
0.214624534624434 0.369926047309629 0.0024935901644207 -0.0247261827583032
-0.0634723098500261 0.44406027451971 0.00406594736445963 0.028159428301952
-0.462285132645374 0.201478273156768 -0.0307064125376573 0.0535888311873698
-0.516557078181861 -0.257816755593887 -0.0268147665877161 -0.00551893661881298
-0.291114544365949 -0.477532580005699 0.0205409172116557 -0.0561368234357572
-0.248504529573276 -0.361329479391043 -0.00286748019653957 0.239682371142157
-0.437735144685661 -0.105294846663445 0.100105737596847 0.086497775130229
-0.32603166774603 0.20264213461793 -0.0502661687439277 0.0177010269111634
-0.0105572397189409 0.35942034886589 -0.0259220949904123 0.0911196267732065
0.202285178457058 0.276174292257703 0.0643668085501541 0.122826712547336
0.303937166369279 0.128862929875841 0.165017561016541 0.0470931346567718
0.304650263929292 -0.027791826058993 0.154078341872179 -0.064444744695999
0.287764210161386 -0.0453457383522199 0.11905935244719 -0.0779706046436204
0.294568159100979 -0.00551501046882157 0.115800358853204 -0.0536931998861689
0.311410746718983 0.163048967813201 0.0973196872400342 0.00172066964995923
0.160309763475456 0.323234850126438 0.0570768726347296 0.0332837183913157
-0.0709312277645362 0.352291524634221 0.00740465712863442 0.054658312374853
-0.372491219065106 0.145208094406701 0.00187756940529023 0.0647933438826113
-0.422093956196957 -0.220561933366934 0.0601238941832885 0.0326182157636056
-0.26036309101122 -0.40055611342995 0.114045512162445 0.0882819052505791
-0.207701276440318 -0.265134234463286 0.10380216235933 0.381963480037723
-0.339294771339831 -0.0681019862256667 0.212318164376075 0.114108864765722
-0.240401245907581 0.15629753785884 -0.0123600664837085 0.0083289045147499
-0.0152160831750296 0.261696924043973 -0.0393366023279585 0.104591229060991
0.141668019385885 0.209921145778448 0.0919339830205963 0.184048105748496
0.225128111634076 0.108188286999891 0.251670691595928 0.0902705180591732
0.234497596563598 -0.00568816452015882 0.259489289350238 -0.0572970948548775
0.220236971569086 -0.0127616858624536 0.21626502070653 -0.0893966792881472
0.217677183325928 0.0233093429309046 0.208187857426543 -0.0527251562745234
0.208537498235806 0.140178780357787 0.169347377785015 0.0250403585566457
0.0782129104290332 0.228150994678757 0.0875335587058906 0.0767963641696522
-0.0756874227565651 0.204917988289075 0.00165686426297716 0.0626009786011587
-0.227718228935399 0.0562756767086904 0.0236095124047074 0.0611347077522877
-0.259960167221525 -0.156100154514126 0.114372579220725 0.0530496706659753
-0.187838944050563 -0.264135482042567 0.182838421677386 0.190515912414204
-0.129752041128293 -0.124932958087893 0.190954585222561 0.48261357875619
-0.179398868750703 -0.0183098271133531 0.292940543957364 0.135563899744161
-0.107747736578513 0.0822720291634896 0.0325526165305972 -0.00152448967262087
-0.0150013215301124 0.114790567804691 -0.0455385063763998 0.0962598119149732
0.0554662796662943 0.106625553048785 0.10143851483952 0.21513679606577
0.105763258017318 0.0696653548404997 0.299517515606515 0.118733212943046
0.124711732127454 0.018454269486265 0.327845257245598 -0.0410203722919572
0.118972448682597 0.0230040563442316 0.279751467108803 -0.0869729243406763
0.11331011861428 0.048178971592807 0.263504856245111 -0.0428152936578235
0.0867994998088683 0.100658081448936 0.204931615338355 0.045552801470223
-0.00459814257230398 0.116284433243734 0.093301582641122 0.102846015344394
-0.0715716038814149 0.0573766029131833 -0.0107693867778089 0.0543893246891782
-0.0764257140830104 -0.019837836338398 0.0321365526043533 0.0438947153585622
-0.0879983747331229 -0.0736133019986982 0.134865404505327 0.0554706094451245
-0.0982294148636851 -0.0999869335924854 0.221016689937473 0.241615519948194
-0.00784891844873318 -0.0387433234659981 -0.269537762207515 -0.275236742375146
-0.0550839672865758 -0.00408292082285243 -0.211161838259753 -0.0214062435478915
-0.0333888643207503 0.0577100282023491 -0.045260413439543 0.0166157707383518
0.052667573865109 0.054303367065466 0.0392625183027812 -0.01937229980279
0.0575291160150057 -0.00662381165611161 -0.0514563775330493 -0.127608425406398
0.0324294203769177 -0.0434366068658526 -0.216306081815566 -0.0849062333903182
-0.000889608652066776 -0.0577513529439442 -0.287870186662193 0.0263949203779604
-0.00781074396514781 -0.057774033276261 -0.302744750737119 0.082083125663745
4.66063907782759E-05 -0.0543303401156685 -0.340833002669044 0.0499869467392719
0.0272024118399058 -0.0286925403335994 -0.313676789191526 -0.0764423001659406
0.0447738753632479 0.0033419295982357 -0.165383445528452 -0.192894705358468
0.0165932996715938 0.0419804280719907 0.00934261468399454 -0.107453137227574
-0.0508616592340989 0.0134142483611686 -0.068690062532698 -0.0350189200040675
-0.0176008420931415 -0.0573111536343899 -0.257315941567562 -0.122295752824843
0.0502611613938255 -0.0514007353868125 -0.273066457847464 -0.511869853610983
-0.0911357897800614 -0.17263673185815 -0.273010637044016 -0.250423290676527
-0.176641589858898 -0.0547676393608931 -0.20549605989989 -0.0116002004535605
-0.127288004175086 0.0912622261042973 -0.064470560402141 0.0313833911785546
0.0393574750680807 0.149028249367029 0.0449737692077995 0.00176249055198934
0.115091253360856 0.0821315066436174 -0.0323828032966172 -0.11237148094112
0.137380511501867 0.000348983707307419 -0.183185100886889 -0.0893369333123862
0.114488325047941 -0.0741244708281366 -0.26095678990727 3.46447044379818E-05
0.113503433785158 -0.0889809056275293 -0.2799471701002 0.0538477935942132
0.133374426823531 -0.0743051432273446 -0.312673195184322 0.0306014397385535
0.178070924883392 0.0247992509646777 -0.288552858380341 -0.0754440759401367
0.133509504727587 0.143086078508749 -0.153217618238877 -0.179290980430244
-0.00263405790926797 0.210555009337564 0.00516686093059488 -0.0819166657815838
-0.225536946639977 0.0998476736441439 -0.08120221254184 -0.0134171113748037
-0.229981228153144 -0.140187947116511 -0.248250235423756 -0.112724894663431
-0.0906129809022986 -0.238176176699961 -0.249755416108663 -0.465490999591483
-0.167109702622706 -0.287257883893016 -0.249407991256608 -0.177400121638861
-0.293355134984277 -0.0947346818597573 -0.177509639481101 0.0067286382154852
-0.218138301194379 0.128259257576348 -0.0798527176524179 0.0407183134849436
0.0242210582883971 0.243500239005899 0.0382406597225247 0.0194235282288836
0.168514325630392 0.168464929091568 -0.0174055671563996 -0.0801210641022563
0.232222481637942 0.0458835389173467 -0.126501928178951 -0.0762274790796688
0.217285509252022 -0.0804038943278865 -0.196625637658683 -0.0263722069814216
0.218554757180043 -0.106055622449239 -0.21412704297985 0.0167471744250352
0.245153975789972 -0.082315483633809 -0.237797083628693 0.00535389760741132
0.303038478521085 0.0786819992275797 -0.220738211130606 -0.0638507036254399
0.204526824055274 0.266242943172857 -0.120706276232419 -0.140911450602173
-0.0203797108582399 0.358071952932845 2.79209027184238E-05 -0.0477969509907464
-0.37379279388614 0.177974112936078 -0.0796685217546158 0.0108108138023511
-0.415269371693704 -0.205590829574957 -0.205454633751254 -0.0865103350494282
-0.213108263174242 -0.38976000731156 -0.188444384664543 -0.36252525872458
-0.23271844990969 -0.366254404895551 -0.194197949543025 -0.0604036393457905
-0.400890387857718 -0.112597660229579 -0.115728243615499 0.0319467537054328
-0.298836754147468 0.178689722427544 -0.0847095027282706 0.0418749736049929
0.017743336608431 0.332919131142585 0.0200675303870031 0.0396286132983286
0.216301895892163 0.242223054610114 0.00351544270539592 -0.0260909970769575
0.306891393235834 0.0843101277590646 -0.0433873766788095 -0.0466070204946119
0.29286090215751 -0.0777689671434307 -0.0979451616794604 -0.0494234482928994
0.288772194360657 -0.106076275767788 -0.116121108033595 -0.0236850639026225
0.314627127128419 -0.0746613610148086 -0.128497435844268 -0.0215672609657331
0.378756854930403 0.121322672938531 -0.119820032796924 -0.045314156500107
0.24704900703283 0.347375625491115 -0.0665813820430056 -0.085559155997364
-0.0312983161461781 0.453437593605329 -6.63513084219367E-05 -0.0076266339038626
-0.463959738297555 0.232346590943475 -0.0607893725107976 0.035613064428576
-0.533988926346167 -0.237825790974313 -0.12499698253498 -0.0468239865983619
-0.296021348203142 -0.478012012964275 -0.0939937488872334 -0.217181702275734
-0.273817317591021 -0.394637233689877 -0.104011783500368 0.0882470572385053
-0.467013516890978 -0.105637298116116 -0.0141506716899581 0.0580135638355494
-0.342702261608915 0.22294660934523 -0.0754639363975461 0.0351845628167198
0.0150222445700039 0.388000804897794 -0.00184894096216144 0.06623688532693
0.242978072404698 0.281229617469799 0.0344697212988561 0.0468346244045368
0.341754823978542 0.10836069324605 0.0615134672449838 -0.00640816622418494
0.327071558447133 -0.0667276008674105 0.0234535553736753 -0.0657312655536283
0.314397866811507 -0.0923770736730085 -4.8966138618038E-05 -0.0591562643696858
0.333705526292637 -0.0546837756271043 -0.00383559072060723 -0.0450245729375969
0.390482823134666 0.14434204005641 -0.0039005944937663 -0.0238179279118581
0.243226840779697 0.366314415696043 -0.000902372494443996 -0.0225397350395422
-0.0393343504386986 0.457073967837259 0.00558608134905107 0.0316787644558013
-0.463588202399057 0.232108176378188 -0.0273516228083005 0.0557008113654274
-0.546103033042435 -0.233285879549913 -0.0253199921189703 -0.00412716602640454
-0.322191283380383 -0.480251577049277 0.01683899686539 -0.0571857079930329
-0.274373976718561 -0.359964798019908 0.011942998186964 0.246435032357265
-0.455593195500284 -0.0836583171126641 0.110892357701313 0.081830174407877
-0.324738972117126 0.225192015175166 -0.0501694118449088 0.0241096160917899
0.0101658005350663 0.369858507504589 -0.0209460014843757 0.0940854370299098
0.225404940864472 0.270300065571709 0.0744621878791798 0.123410131596181
0.321093785939479 0.111869129818565 0.173243644826566 0.036289299265841
0.30959085415003 -0.0472137114110817 0.150057101243999 -0.0748393575749727
0.291412990184486 -0.0641204555627327 0.116361154030348 -0.0867850989901677
0.300455740493099 -0.0241598892629685 0.114669166789087 -0.0608106807197899
0.330567179173245 0.1474718864993 0.101697623060723 -0.00377837507438965
0.18458489710263 0.321459959473724 0.0583370458137165 0.0335127058426426
-0.0528176736663241 0.363681946728595 0.00994090145772473 0.0586233797294282
-0.37374143312684 0.168202522807584 0.0071143568477276 0.0648102609153888
-0.44650585165865 -0.200306368705947 0.0640180421549595 0.0294527565336705
-0.285562467036905 -0.401028878015967 0.119675693728564 0.084703722538281
-0.227616955555613 -0.263326136356029 0.128522586744789 0.387109034091379
-0.35280993601163 -0.050113317795081 0.226594377519836 0.103870542855373
-0.239856068059684 0.173197182290845 -0.0107672913341204 0.0119456572381364
-0.00113221201300844 0.269436721073098 -0.033846524793565 0.108130735901257
0.158076049871963 0.206713610434634 0.106800617449457 0.184716988132312
0.239569621802401 0.0956533966132737 0.265006062853267 0.0740249636201942
0.23977581359219 -0.020788724673018 0.25982645346115 -0.0743370065067613
0.224521182992689 -0.0267025799868596 0.214639000781693 -0.103637549109215
0.22320253276059 0.0103387165779991 0.209203195670741 -0.0666655118881288
0.223043046544857 0.130028198263053 0.176406635997905 0.0155325210387358
0.0944778167229361 0.228658035573662 0.0929752545137779 0.0747952183502734
-0.0658364736617481 0.213055223899442 0.00484707105619814 0.0670405789943881
-0.230342200370987 0.0698265181565596 0.0305490753409291 0.0596917912816994
-0.275617736182926 -0.144568434940965 0.119487374476109 0.0470967606653801
-0.204354325800338 -0.262535057953996 0.195498039551488 0.184824536272964
-0.139248872601734 -0.122382073608553 0.221354676538987 0.487414753928518
-0.186181685742853 -0.00908091475848513 0.308065795216327 0.122895393858931
-0.106937799247199 0.0895173187678903 0.0352031137946358 -0.00118904144604349
-0.00890030282342127 0.119380595388559 -0.0405541755273594 0.101558300280075
0.0637122787864058 0.105649033066622 0.11901946327762 0.215677488847585
0.114002748225203 0.0638143190708433 0.315889336920009 0.102048614202927
0.129018737865867 0.0115489416207669 0.331449291377947 -0.0629824102660461
0.123758184729851 0.0170788686023641 0.280366740382753 -0.104972310258115
0.119549736412237 0.0421985878977468 0.266182877062266 -0.0594060308282247
0.0954569259389078 0.0972462308400951 0.2130719652225 0.0339716026862008
0.00218395080704064 0.119666537233923 0.100714486102007 0.100766084476309
-0.0701665674309265 0.0619311878111154 -0.0087505782444406 0.0584548011021033
-0.079581383712087 -0.0165303722106051 0.038020606904142 0.0423239220585191
-0.0937378355718096 -0.0699169323839634 0.1400790986115 0.0478558067437649
-0.104077155250056 -0.0975473312945868 0.236472433615174 0.234186384747583
-0.0108394218890172 -0.0376395927076475 -0.283913899549522 -0.260410650304455
-0.0552303840891984 -2.87760057631249E-05 -0.21049841202947 -0.00819221445677405
-0.0295490519301561 0.0591087343742623 -0.0453374801980193 0.019371905873006
0.0561057679856012 0.049319363265202 0.0389391353509433 -0.0226346129301681
0.0573313967642047 -0.0101269508241018 -0.0595810210696246 -0.124396183395859
0.0286479526725694 -0.0453306035688693 -0.222198015376434 -0.0703379307692486
-0.00556055697666399 -0.0574726240078798 -0.284610996876334 0.0444081124619477
-0.0128511559021193 -0.057036674129191 -0.296461949017604 0.0994415386194303
-0.00467433204033285 -0.0537067426155389 -0.335934602336761 0.073137427589388
0.0251746563520891 -0.0307581658939459 -0.318641344901735 -0.0557726368767269
0.0451856459110184 -0.000643564755996973 -0.178583110398337 -0.181050604187158
0.0199478477918779 0.040516971122915 0.00251683564294206 -0.109052025826565
-0.0495999584594184 0.0167326449182624 -0.073623823126036 -0.0311808327972248
-0.0208428028217255 -0.0559359845202968 -0.261802476995594 -0.108768216636491
0.0466974963898816 -0.0543851128089557 -0.29744966411275 -0.495267041546142
-0.101483000324888 -0.167537417574499 -0.285080728234659 -0.234969189382434
-0.178831072270775 -0.0433451958469999 -0.203153285465771 0.0007009709314782
-0.121679467172109 0.0978596074945096 -0.0633319796168352 0.0364911456209652
0.048376376047132 0.144383882010642 0.0457958710575973 -0.00242617894558254
0.119987768395448 0.0745602614231674 -0.0391591138897084 -0.109127362905269
0.136691564074666 -0.00953767812066166 -0.189151148413579 -0.0771131436433138
0.108323187081291 -0.0821672480755175 -0.261069545529849 0.0164604832606227
0.106588050187623 -0.095934581817027 -0.275806460850316 0.0704494834471981
0.126245153726107 -0.0826164776673552 -0.309729893782823 0.0522192834685325
0.179967407251112 0.0128262901771263 -0.292366636970202 -0.0557326402759928
0.142650016088082 0.133210803046966 -0.16594995605654 -0.167070575802957
0.0101261849974694 0.210403796475432 0.000407684751381172 -0.0823415742969705
-0.2194062296416 0.113353473249481 -0.0835014943355743 -0.00988287490676525
-0.238206331163095 -0.126295234883953 -0.251419974967899 -0.0989420773643085
-0.103573808191704 -0.23595540195248 -0.275334638966928 -0.449946148089112
-0.184553373283832 -0.278266683388767 -0.257212255226302 -0.163524974138888
-0.297086315607608 -0.0763748930220667 -0.174073161759002 0.0162137081996977
-0.210872135964113 0.140106878275044 -0.0772899643847624 0.0471243063090483
0.0389878085088655 0.239659866689099 0.0404535365842396 0.0151774756959215
0.178622977642244 0.157608559432799 -0.0210498198327023 -0.0778835115847291
0.234112009595622 0.0290954443379186 -0.132242931113924 -0.0683541837081784
0.209961378359925 -0.0947241370239311 -0.199624390665343 -0.0131654065973155
0.210397406548954 -0.119462183752863 -0.213107808200939 0.0291768691528742
0.236779952692179 -0.0973939028980815 -0.236085951142599 0.0216578880825056
0.30808864563563 0.0586012470229374 -0.222639382902614 -0.0483121852304458
0.22247379926353 0.252388039882223 -0.13090336470245 -0.130831411279982
0.00113983610084051 0.357766958661127 -0.00198950924672876 -0.0470025927029009
-0.365188627465725 0.199392756916919 -0.0794442939838243 0.0144301174076871
-0.427232149633621 -0.181042803587123 -0.206688719281593 -0.0748934656012681
-0.233913347647349 -0.381917388048814 -0.206718616745979 -0.350722028815541
-0.255043190374299 -0.355988178250533 -0.194928209505747 -0.0506335871302122
-0.406638491077349 -0.0885191354814417 -0.110470270714624 0.0374755664929058
-0.288509134237975 0.195100113706145 -0.0819072152641886 0.0497108215313726
0.0372615887561134 0.330022655536784 0.0232797419250749 0.0360656389140452
0.230935723794418 0.227387122506671 0.0016990944533731 -0.024771968964912
0.311393684141442 0.0629933768257926 -0.046513095709059 -0.0451051560007618
0.285269958493514 -0.0966874919306277 -0.103773202258684 -0.0417234951616332
0.280210372546362 -0.124053524494158 -0.117711350863378 -0.0166105317518511
0.307450865016668 -0.093923118920663 -0.129247312882149 -0.0118508635525602
0.387689347215139 0.0958997628224821 -0.120773017058906 -0.0363419003697764
0.269721416602198 0.332938427785228 -0.0740274307513212 -0.0776420043692432
-0.00444275695163063 0.452756946070957 0.00025981896719752 -0.00553957585798557
-0.45213665091024 0.260030343652689 -0.0580113884154686 0.0370668016497211
-0.548147142892916 -0.205791256442145 -0.125345570131335 -0.0397824627128946
-0.32147881814148 -0.46440234061362 -0.105511610106931 -0.210929912879286
-0.296755309412997 -0.381705919642222 -0.0959670219281881 0.0926299143195995
-0.471553468997326 -0.0772769145038893 -0.00743796990975851 0.0573878381800193
-0.331428518015888 0.241152247674232 -0.0723373526282263 0.0429217018049653
0.0385594900132928 0.384489219769642 0.00307968660565759 0.0643840441240809
0.259485940737926 0.266020754209484 0.0386379661797083 0.0465240664693065
0.349550121523506 0.0829979248720922 0.0615867281857975 -0.0122265206505165
0.3202485850494 -0.0877619148632467 0.0159162164753975 -0.0664323054090363
0.306727765654299 -0.111489760515168 -0.00429867670415607 -0.0587470520779491
0.327864604004089 -0.0755698399179153 -0.00678277640250019 -0.0427805185498082
0.398873610785891 0.117940408508959 -0.00300287813152562 -0.0228860931101581
0.26630425177326 0.351168037693574 -0.00378486145683189 -0.0187222639224625
-0.0118397128204421 0.457014808511516 0.00839882992596276 0.0344126655739343
-0.451068615891468 0.259726030865614 -0.0224655113836515 0.0551446005898992
-0.561504281806625 -0.201476267808288 -0.0240667135884682 -0.00264224676271306
-0.345705368714045 -0.466077737812717 0.0123080030013698 -0.0569832352086741
-0.295284496122642 -0.346442118015222 0.0277201774802084 0.24467780765753
-0.46003622861999 -0.0547906066402573 0.118071327934911 0.0741097908962747
-0.313292306716367 0.24240376231497 -0.0470315169192276 0.0302749745344438
0.0326380332332499 0.368319570749325 -0.014354525659834 0.0936786133032429
0.24177322063762 0.255066438087381 0.0830581203713288 0.120635887073709
0.329029309776841 0.0888141100051251 0.176301446047503 0.0233648706830794
0.30471229211399 -0.0676544855749615 0.14156525790448 -0.0837459586862591
0.28681056245421 -0.0826201955160318 0.109238074747645 -0.0936433092612074
0.295817514687936 -0.0419657037276624 0.110932626073801 -0.0667318079590683
0.340072294344181 0.124576558946764 0.103381599962075 -0.0096679939613421
0.205567603080579 0.309382046015824 0.0588385797041132 0.0335055821980266
-0.0313511472113749 0.363951364202755 0.0143314177232751 0.0615865140210065
-0.363672031783647 0.18916914966847 0.0132083913023888 0.0627082777492209
-0.45836291541416 -0.17450604632553 0.0662794808729393 0.0252396989192948
-0.30456185791364 -0.388528482742493 0.122162412271785 0.0783913646205193
-0.242295367944707 -0.253609109665962 0.150046148476805 0.379482674579569
-0.355593596281438 -0.0290537702928941 0.233888483296521 0.0898278455485784
-0.231786022452712 0.185715613858842 -0.00831181807060431 0.0154727503401108
0.0150521302938437 0.269665808958428 -0.0262626393996933 0.109844506384363
0.171289506221552 0.195866302824549 0.119361654051418 0.17941156992644
0.246717008427793 0.0780160210030029 0.270850793864236 0.0549618313466751
0.237438322365271 -0.0355326980230838 0.250962795725545 -0.0906223480239694
0.222521466651319 -0.0404180265233945 0.206692131810985 -0.11626898392915
0.222325386666638 -0.00362155148762832 0.203600085837069 -0.0792555701468245
0.230998237292122 0.114771033141564 0.178480434437993 0.00428162209465504
0.108494166965622 0.222527795216749 0.0969864539841183 0.071336115038755
-0.0537505308135198 0.215564901956738 0.00922054976969215 0.0690899268041087
-0.225905300111708 0.0828774056261115 0.0362004741661672 0.0556605355828038
-0.283063672817159 -0.126128017957275 0.121316333481912 0.0386922356246965
-0.216367858627722 -0.252633249813926 0.203364451698587 0.17301857857649
-0.14507708978257 -0.115762442691732 0.247805800480961 0.472591609297149
-0.186485249801654 0.00148898364213222 0.315294660796227 0.104626819312582
-0.10301362657394 0.0947135560360851 0.0372178023432105 -0.00138441289508065
-0.00241013989839769 0.120624148156856 -0.0340889001187702 0.104183069339152
0.0705664789565221 0.101088528611059 0.133261750185287 0.208558559410941
0.119278247297312 0.055748543755772 0.323478037690996 0.0789453622153081
0.129806808444503 0.00400717784840821 0.324745070345752 -0.0832199057254569
0.125147542092818 0.00894106221908371 0.271487453195628 -0.121506341186861
0.121114216862983 0.0343945481483348 0.260836665208307 -0.0760522401978292
0.101897655137401 0.0902608252405284 0.215170163065147 0.0193415567372883
0.00962708854855714 0.119552949713333 0.10636848576393 0.0947606313560975
-0.0666760854859858 0.0659165571012743 -0.00567699917990169 0.0606191675086092
-0.080927617345133 -0.0128706295219125 0.0429548439875789 0.0382289985703553
-0.0974835739152039 -0.0632514909745207 0.141215709254165 0.0377820500827402
-0.107183573880782 -0.0922146833106726 0.246290572224119 0.219242698743024
-0.0129501828932529 -0.0356700582682607 -0.288178995886301 -0.243615234161944
-0.0526505650462276 0.00305906790109458 -0.2056858507701 0.0012837508924472
-0.0261963466751121 0.0592156162729558 -0.0448364306831152 0.0218869398483954
0.0569513451375042 0.0450050757576441 0.0381259711007253 -0.0248811424802295
0.0555938855249811 -0.0122155747393074 -0.0634660348808921 -0.119000737262016
0.0253164431956435 -0.0453404680871948 -0.221124009530017 -0.0575105907071755
-0.00947216651036599 -0.0562648401297939 -0.276033309571622 0.0569000467325985
-0.0161342850445368 -0.0551421039866053 -0.284979814652127 0.110527305123147
-0.00796361991088149 -0.0525704106351721 -0.325583385162215 0.0878742512557941
0.0233065209660742 -0.0313920051225567 -0.3145914707685 -0.0381200674278205
0.0445854096597587 -0.00394968896898045 -0.184373095376978 -0.168752397727059
0.0220311477965088 0.0382018704620533 -0.00238512157722992 -0.107953156951805
-0.0470751511308661 0.0192520759821286 -0.0760300201863408 -0.0272492872170301
-0.0225168995723927 -0.0537474909162163 -0.259205493786601 -0.0971164818300882
0.0431042923878894 -0.0552610852829275 -0.309734119013601 -0.47340506538395
-0.107777201742999 -0.160324586133682 -0.286851194667069 -0.220458732707243
-0.175993442968398 -0.0340156706543127 -0.197057975263047 0.00844785280944573
-0.114841219297054 0.100644270265802 -0.0613220884272663 0.0397400716541229
0.0540312991213603 0.137598084140288 0.0452857182068997 -0.00578292860577563
0.121527061576996 0.0666779842111112 -0.0426842704995225 -0.10538924380775
0.132804964297245 -0.0157050976095751 -0.188773533915886 -0.0658738367816036
0.100406412521518 -0.085045468818051 -0.255531470678041 0.0292552164177271
0.0988622099693278 -0.0984619268241585 -0.266244974425198 0.0804326992334388
0.118050736878426 -0.0860740303662864 -0.30013365273027 0.0667411610931565
0.177015198882896 0.00442658817040598 -0.288525012354232 -0.0393738392409278
0.146897338170838 0.123551520929162 -0.172077134428719 -0.154825013414418
0.0190754874807309 0.204743217462705 -0.00269221041328997 -0.0814925238272954
-0.210243489837982 0.120593893396496 -0.0837716331420339 -0.00682689237940374
-0.239328838389732 -0.114656468818382 -0.248050334898687 -0.0871403261486352
-0.110098704859517 -0.229467801919827 -0.284317744436961 -0.430122268854496
-0.193966863070811 -0.266555270665929 -0.256482317665198 -0.151694173198167
-0.293326866497876 -0.0607276411753324 -0.167143930658069 0.0221422550960854
-0.201377160693544 0.145572736242006 -0.073444084138889 0.0521794244846308
0.0487799154998763 0.230890338322064 0.0403843490959807 0.0114676494982112
0.182207758676079 0.145088943181574 -0.0241972250437158 -0.0742980520691665
0.230249780493701 0.0166422599784946 -0.132459397178074 -0.0604852890926915
0.199094518708413 -0.102694398101757 -0.197389722287668 -0.00222944017766693
0.198695421266057 -0.126581529411506 -0.207108732098495 0.038320108589706
0.224977648943092 -0.106091314466795 -0.229404655184317 0.0338353270174597
0.304605261172576 0.0418620075735319 -0.219772229391339 -0.0355036616721673
0.230743058562783 0.237348550968214 -0.13552084775824 -0.118857331844228
0.0168290537417164 0.349902856382927 -0.00347748753641567 -0.0455722053432763
-0.349592587500793 0.21117487894607 -0.0778944027609833 0.0161668019597089
-0.426970422263689 -0.160554127443855 -0.202569395532921 -0.065003149495403
-0.243981949468817 -0.369544318626009 -0.215269022885693 -0.33329001848252
-0.265299054058858 -0.341364093574166 -0.190267573190063 -0.0435583174599369
-0.400823771826136 -0.067675694919714 -0.103495020051461 0.0389341144594044
-0.275174821914145 0.202319331765921 -0.0771506046235677 0.0554129063266558
0.0513986410230801 0.319899078216067 0.0249001901859114 0.0326640371516105
0.237065710909811 0.211368162261127 0.00152908868034381 -0.0224966103150794
0.308118962357456 0.0447438671300919 -0.0480516978310626 -0.0421578348463886
0.273121489193128 -0.107822137773185 -0.105663342048391 -0.034062873978278
0.268073030082408 -0.134997395934675 -0.116162217605355 -0.010733731966589
0.293984254645839 -0.105874820652069 -0.126256155683543 -0.00440114064490252
0.385059693549672 0.075559931906839 -0.117812197565497 -0.0290877663243952
0.281789923166819 0.312794012809612 -0.0770641151335705 -0.0688786765585628
0.014640055332946 0.443591580884479 0.00116032639506117 -0.00425770714450762
-0.43308774485019 0.274794575562712 -0.0551111843997213 0.0366906946047141
-0.547479718876617 -0.180748454713837 -0.121997968216269 -0.0343004321691755
-0.33187282973997 -0.448785039957601 -0.111404565762567 -0.201326229492746
-0.308808621553347 -0.364724118583418 -0.0879442066852385 0.0935252553166641
-0.466062161148216 -0.0546238336334885 -0.00200537841980839 0.0539222487213257
-0.316743064182953 0.248977602065576 -0.0679471992874289 0.048886969022526
0.0553354644028622 0.374523935036947 0.00574573501737903 0.0612909512138168
0.267796421263671 0.248153942848054 0.0412046255160399 0.0456138524551762
0.346587671914452 0.0629642779540179 0.0601029283393624 -0.0158805344511986
0.308538849424521 -0.101573661689336 0.00963530282680192 -0.0636200412209897
0.294478554688159 -0.123919140299672 -0.00732626602187276 -0.0569077074219254
0.314848731463289 -0.0878714618330274 -0.00764632863878984 -0.0405158985750226
0.397818830918116 0.0964324150460232 -0.00216500319293017 -0.0222991244912571
0.279354270821683 0.332750104873784 -0.00597370777560225 -0.0143193483085186
0.00761706465745612 0.447849955169667 0.0115967248001234 0.0355192725976138
-0.433093707135351 0.274384127550249 -0.0182349864892127 0.0527319733761288
-0.558450313644168 -0.17423949696208 -0.0217730427292979 -0.00223618594030136
-0.354764100011392 -0.44747796234794 0.00928441520974256 -0.0551361348168533
-0.305698640535229 -0.331490229102583 0.0387447674065386 0.237948187563165
-0.452664936185595 -0.0342121961825947 0.120930523836833 0.0655395787995178
-0.299632725520872 0.250868235046583 -0.0427235238696952 0.0345734321798154
0.047214500669427 0.359282598065698 -0.00982489195508706 0.0909792739001916
0.24938303377401 0.238982976521089 0.0881565143800785 0.115979390835295
0.327207069856786 0.0690713275959902 0.174176238181094 0.0133951739872327
0.294655158805733 -0.0805354345104204 0.132026192586364 -0.0869170698053626
0.27567676770965 -0.0948730888460631 0.102419759144502 -0.096355994741911
0.286057020138595 -0.0552588251195356 0.105836544841014 -0.0697018880275439
0.339396679024916 0.105230455737555 0.102092534414898 -0.0150033924303385
0.217425040922153 0.293580815168618 0.0584481825856731 0.0331271440277656
-0.0156344533216968 0.357161140078569 0.0178067006484581 0.0621938861391074
-0.350518602864901 0.201074938901074 0.018149126863537 0.0581351440963753
-0.457258734417763 -0.150898003460377 0.0669609637495083 0.0214155411802526
-0.311737171783796 -0.37361107417243 0.121171098572996 0.0728086421752166
-0.248070143810248 -0.241036693731732 0.164779933200799 0.365406400778876
-0.349953452822064 -0.0132792970443823 0.234189356795256 0.0767393435843852
-0.221211030352813 0.190880648717124 -0.00537595948183813 0.0180334135595092
0.0263417324608995 0.264082915253244 -0.020787124996152 0.108465457979857
0.176836090837698 0.184239161124103 0.126916818096704 0.172032385843569
0.245096533039407 0.0629326606654617 0.268868422966335 0.0395509249567458
0.229992284809419 -0.0458368466539083 0.239318533591356 -0.0991437952258816
0.215909018613478 -0.0504955415388752 0.196139361143998 -0.12197026112965
0.21664747808021 -0.0130845637597074 0.196225038460923 -0.0862897517975301
0.232228994748107 0.0999122049750485 0.175691284954465 -0.00534074039198919
0.117400259683171 0.213603622301091 0.0976132834931945 0.0670639196223898
-0.0439621597875855 0.212103883986359 0.0126825657588941 0.069908140497227
-0.218420330940599 0.0902634650286044 0.0406534651651892 0.0510707428569829
-0.28210025767033 -0.111215791490166 0.120412566624574 0.0318263267866981
-0.219800796058169 -0.241378678314449 0.203888374213348 0.161978329172665
-0.146647929323119 -0.10964161278101 0.263090829703384 0.454734218883018
-0.18264282238456 0.00892735453762966 0.313158728267035 0.0889940589003333
-0.0984420600825072 0.0965499879590365 0.0383305634801141 -0.00066692547840955
0.00289512980161563 0.119159453226883 -0.0284995923972773 0.104266387735336
0.0732147783704415 0.096480711624758 0.141426617482573 0.199214323838308
0.119777713617879 0.0473179451877215 0.322227953086647 0.0608943629200091
0.127250721418855 -0.00161312290737923 0.312514520350004 -0.0974341294289522
0.123690238028614 0.00291723995143592 0.259455113244825 -0.130430835403551
0.120609292318932 0.028448693697314 0.251415890014924 -0.0870221499171058
0.104135359647864 0.0829142058159086 0.211319019947665 0.00823636836033301
0.0154103931198936 0.117155135414624 0.108165740076477 0.0883317198528917
-0.0630457711357135 0.0667912772419837 -0.00268968482220182 0.0614626708918348
-0.0803413568455505 -0.00940956100185538 0.0461509426983372 0.0337633983113056
-0.0976673130463427 -0.0572982229551413 0.138634575319427 0.0299714100751493
-0.107050848146433 -0.0871019842123978 0.247760726533061 0.204097913432046
0.00265966175058876 -0.0379701513431459 -0.163475697724709 -0.336103484745821
-0.0476932900110969 -0.0187690171562285 -0.185276587198328 -0.07838943363433
-0.0475965705684711 0.0421907142749672 -0.0467891931445116 0.00426235970801996
0.0309550818016687 0.0627545479310802 0.0488806422399213 -0.010643675812404
0.0547525483720554 0.0132270056065961 -0.00841589694179983 -0.135786726574052
0.0412751733479631 -0.0292884021859039 -0.175899462248078 -0.14138920255309
0.0130792354857915 -0.0538182438262873 -0.272035301428249 -0.0607877942553508
0.00515729047621414 -0.0558566547618756 -0.298641621566133 -0.0151421416336291
0.0111712157151661 -0.0489353987164512 -0.325295698116767 -0.0484514534577811
0.0322501988957687 -0.01720942759077 -0.269062281129799 -0.157913993049021
0.039184874210465 0.0131389010281473 -0.0983045114136445 -0.222881303320207
0.00461517168111479 0.0422258684497958 0.0411744753458352 -0.0986756636809241
-0.0510483565998658 0.00111504101435278 -0.0588616666305617 -0.0560265915517838
-0.00502989693126467 -0.0550142527119862 -0.190395607816138 -0.19051374259008
0.0531141623515535 -0.0416522154170736 -0.0836737766380463 -0.547916809415803
-0.0285566467877344 -0.194977975568343 -0.183383006254812 -0.301040372156925
-0.139971927665163 -0.103721059340766 -0.181988409523277 -0.0624206143413203
-0.144757033204376 0.04134226038037 -0.0670325172520247 0.0205407695030584
-0.0107242372162544 0.141481091449 0.053149119276544 0.0115270882897013
0.0798421839295851 0.110046603157582 0.00983899665059513 -0.116786707656816
0.124158833765942 0.0390893253822814 -0.140526108044816 -0.138867362206683
0.12114421044295 -0.0361245556950441 -0.241440938556928 -0.0768953149137366
0.12615477731501 -0.0504394709761303 -0.270941736952346 -0.0345715266198917
0.137335609888457 -0.030691750205999 -0.292512709001304 -0.0563235876154875
0.157402438618496 0.072298207219282 -0.243293059322229 -0.146827198431061
0.0837754236761354 0.167811909922089 -0.0921365935595185 -0.203191850934083
-0.0615912277492311 0.191189758777662 0.0278517983141613 -0.0727517456561708
-0.240031196989836 0.0344265552229776 -0.0769662018487538 -0.0437975628831235
-0.180149807381093 -0.189772124543766 -0.183984428554926 -0.18861478547426
-0.0241691174628955 -0.258744549046789 -0.0683246633797085 -0.502331635934803
-0.0598257014231649 -0.331980897036405 -0.192584608816283 -0.21573285573947
-0.23227245808806 -0.177819469398236 -0.162556391424268 -0.0324739804915414
-0.241349346573818 0.0450212437211976 -0.080446456954708 0.0331261286572444
-0.0539591564700902 0.220870492644395 0.0475288446733869 0.0264108372392427
0.101234503205762 0.204067591051218 0.0193369092700171 -0.0827824697773966
0.197089580033271 0.106752081608346 -0.0882208221728866 -0.114501141665868
0.215689896183307 -0.0122260863039242 -0.176484690701664 -0.0834473504209262
0.227766528200291 -0.0371215300762391 -0.20099206620997 -0.0494756859619497
0.240884680655832 -0.00641320180586523 -0.216182616939825 -0.0555603537124129
0.258692677150737 0.154401492492159 -0.182068934306065 -0.113139664056556
0.118218959469688 0.302317992262655 -0.0746193513030128 -0.155353298992415
-0.119965342620843 0.322005189631822 0.011400332299079 -0.0384554689408906
-0.403048614243878 0.067743551120716 -0.0830558993454667 -0.0236804036719479
-0.333474330431599 -0.301340098562363 -0.151703785747046 -0.16075358354903
-0.0938414009525613 -0.437524537165499 -0.0360604844067366 -0.391078535467854
-0.0918245933741858 -0.432937250069128 -0.182968547425605 -0.0820781466911146
-0.324910499869526 -0.230520176461434 -0.11274690385147 0.0135169783005488
-0.332880310470008 0.064486226823391 -0.0813287274534713 0.0404762739132115
-0.0884958106321381 0.300316046662126 0.0303394982915864 0.0411242114491043
0.122216473457193 0.285016883029277 0.024784286158062 -0.0270880694742634
0.254897932882183 0.162105466496633 -0.0167573498178135 -0.0661606891658906
0.283073012805532 0.012197545216105 -0.0808110041338662 -0.0767200780380974
0.293860000416008 -0.0168532052192664 -0.100824570206468 -0.0561789278392734
0.30385780552676 0.0195035401847379 -0.10832941755173 -0.0473362232654391
0.318734682143414 0.214180395763447 -0.092581182544288 -0.0656697593109746
0.137300891361892 0.390948253088539 -0.0430257905709868 -0.0853341706847886
-0.156944569485931 0.404696955101982 -0.00212322448750826 0.00209896683020627
-0.503300727557788 0.0921012932671477 -0.071536035708846 0.00339187464410715
-0.434659931787143 -0.362444719124758 -0.0920729968747722 -0.106602022854588
-0.143869777596024 -0.542578196021669 0.00852980308541969 -0.23169866401331
-0.119084982397037 -0.473665285635679 -0.148317664408073 0.0885551767577651
-0.387745207934404 -0.248393559724535 -0.0268159688392242 0.0714305812676708
-0.388894645999712 0.0889580663328203 -0.066647132432476 0.0419979351911744
-0.108836444659635 0.350649857250714 0.0049180896085536 0.0602644888003919
0.134940812732693 0.330128657410077 0.035283827373093 0.0491369477591944
0.281761147375951 0.193741714718905 0.0717991800211446 -0.000183549430970435
0.312113889433552 0.0327065213621963 0.0348528273471557 -0.056998008811088
0.313583291290328 0.00336982030610975 0.0143826059287718 -0.0543837674332266
0.316203406344304 0.0429063204388605 0.0119638805448392 -0.0330185856900237
0.32294080027794 0.236372975862234 0.00868652583771829 -0.0132143677462033
0.128762344250452 0.405834750496091 -0.000960097677686706 -0.00791344711945746
-0.165566268486535 0.404941706164164 -0.00975465197744391 0.0423835280697258
-0.502936063688065 0.0917336669606246 -0.0445343337144486 0.0318838655917819
-0.444387248368889 -0.362444664236627 -0.0150762068529472 -0.0389227380234082
-0.161383232863819 -0.548070240847975 0.0577259219446431 -0.0533325302215713
-0.131303216187623 -0.442274799028106 -0.0894918181848629 0.270199025710375
-0.385546670810147 -0.225223137323544 0.0802455059623115 0.131033559335773
-0.37477457677517 0.0962907442111514 -0.0373062214388371 0.0389087275651389
-0.108907389908361 0.334259152360698 -0.0224105900554617 0.0821274095825813
0.120983231293154 0.313403010289341 0.0490977690398725 0.133168606045722
0.26207498855206 0.190892309006979 0.16265505828068 0.0714978616688885
0.291534135689816 0.0450673672082778 0.154900905124866 -0.0287169103896218
0.2870027723823 0.0227148649783266 0.128340747141384 -0.0452452013619353
0.277707366074656 0.061558465401096 0.124028023805212 -0.0150112853972543
0.266990765366277 0.221110858404993 0.0994609662823808 0.0334347784613544
0.0874339965309742 0.34766414201045 0.0377855565746853 0.058774027443266
-0.150499088040096 0.315221975901489 -0.0141590534841756 0.0687190876839019
-0.39719002556523 0.0555675359546004 -0.0113698466883635 0.0523048038961871
-0.357829445209325 -0.304293469887903 0.0542984348765405 0.0215706317696831
-0.147749697250418 -0.459455829648738 0.101955002624036 0.107353642532254
-0.118067399281461 -0.332622470953269 -0.0210304735800096 0.429254604481751
-0.30360653548143 -0.162370138204096 0.177874528241595 0.182297112700845
-0.279983992737066 0.0765684426231125 0.000654280181455507 0.0328944365359776
-0.0880998908685015 0.242607680780642 -0.0454933459988269 0.093610232321574
0.0794304007337604 0.235051813957045 0.0571473700457268 0.200723749388464
0.19139687362365 0.153241584373575 0.234765294577083 0.135640677572972
0.221363731815935 0.0512254775593448 0.256340029730848 0.00326768200548814
0.215127669318347 0.0393362761718447 0.22283397834411 -0.0308246216023093
0.200393906287725 0.0712917706306024 0.209897912292469 0.003828873395475
0.171653717726136 0.175970398855177 0.160609396870773 0.0695582429374442
0.0275359086854421 0.236868777527835 0.0589714649737485 0.102741915641187
-0.120881276465271 0.173584400131312 -0.0203313247515351 0.0714283877216122
-0.234283720442495 0.00201727234071807 0.014834293044586 0.0565685915367049
-0.212998000884847 -0.203911877568007 0.0978906320125612 0.0596789664896646
-0.109248451434689 -0.302255813032951 0.13198487989044 0.22166239272882
-0.0828664137875578 -0.167301718991186 0.0424217041115993 0.53677935979863
-0.165533741613224 -0.0713665788387861 0.24465344535569 0.217639110798373
-0.129404815894869 0.044111867736737 0.0424747421278744 0.0241354601981966
-0.0475218920260923 0.105898350573396 -0.0603582771063701 0.0861970172042729
0.0243793115439788 0.113488836446007 0.0531707364968152 0.235639926867779
0.0858586899606048 0.0892331251558773 0.270159674139642 0.179550040637884
0.112681561741221 0.0497030924473803 0.321045634355385 0.036079188158505
0.111318473260377 0.0513130893239772 0.282895670081697 -0.0133057740185093
0.0988775289136464 0.071641235950155 0.25886167539678 0.0233493320745701
0.0631567970111472 0.111876645957488 0.186619058452447 0.0925599444667505
-0.0286477229823779 0.112108476967169 0.0605695688831771 0.123242388454936
-0.0826983854939175 0.0358721715359178 -0.0295559616848767 0.0554656548610866
-0.0695864887626919 -0.0390532152883487 0.0296965334211717 0.0453335838756638
-0.065786211270379 -0.0877639838802827 0.113388934305277 0.0744737229798357
-0.0611488511310172 -0.117082220679067 0.145223751798682 0.279414409653421
0.00114433332458882 -0.0370597999379059 -0.167185361781793 -0.332838994407129
-0.047524269497011 -0.0174635485329436 -0.185294780445262 -0.073493997947596
-0.0466348088266326 0.0429644248447412 -0.0482792790639256 0.00573043617968197
0.0328101504780827 0.0611726968568339 0.0486908935315218 -0.0117889419622533
0.0552230720312265 0.0119856002336144 -0.0107871039069345 -0.135742637540301
0.0402913356385073 -0.0300537608594136 -0.179965882165187 -0.135793257085122
0.0112857774994562 -0.054249662719501 -0.271517819171824 -0.0530442095300191
0.00322957691081309 -0.0552173603121822 -0.297678067984763 -0.00994398034311375
0.00878276897480237 -0.0487081505309624 -0.324779469943729 -0.0403345198651153
0.0321001333499678 -0.0180531793966666 -0.271864208971789 -0.149763316459861
0.0400113051112342 0.0117025313656047 -0.104078308360771 -0.2200464844843
0.00606356298857003 0.0417139154998431 0.039166744959724 -0.10098600920018
-0.0506599076945074 0.00285609248769873 -0.061937449443543 -0.0556674475199459
-0.00623746795605611 -0.0547703020187571 -0.191335641839102 -0.187404013625806
0.0519708269586694 -0.0429086872648275 -0.0903460832797777 -0.545047257709235
-0.0329903160823635 -0.194158996220959 -0.185631481945898 -0.298872552138772
-0.140973393238187 -0.0999580952337626 -0.180843192484299 -0.0589316497688134
-0.143622003674792 0.0437954972663113 -0.0673385114144274 0.0230301186843519
-0.0071959876464847 0.140259334702047 0.0539836320099121 0.00953379028343342
0.0822661087857872 0.107732112481411 0.00790328324616241 -0.115930027111891
0.124903942823714 0.0355832214185624 -0.143798830540577 -0.133956565130545
0.119086197744829 -0.0390468103486785 -0.242781838289338 -0.0703975389733621
0.123055814496866 -0.0529278573591579 -0.270674836638801 -0.02874252877529
0.134502468960962 -0.0336415432584557 -0.292670507266751 -0.0480463005178127
0.159013604368728 0.0684464937469246 -0.246130570237275 -0.139016076070264
0.0885266204643204 0.165376444838998 -0.0980901789988178 -0.199272471270765
-0.0570006743598885 0.191681963481274 0.0272296152920325 -0.0740318354206989
-0.23961505424795 0.0394103200103734 -0.0778999052472134 -0.0435178549588825
-0.18328872709575 -0.186720815483786 -0.183485260008672 -0.185172696181621
-0.0285891847241448 -0.260975525424605 -0.0745203071744281 -0.499544656439762
-0.0678811170736163 -0.330892191645882 -0.192811655021835 -0.213764971390386
-0.234205914958317 -0.172007330793012 -0.159861070565598 -0.0309889868244696
-0.240494325871549 0.0489375374587455 -0.08004666896469 0.0370986805917508
-0.0485128803371901 0.219760799605282 0.0482103311872516 0.0240941438649822
0.106425147665152 0.201053717513615 0.0177806106324351 -0.0814270457581634
0.199051785575669 0.100587349965509 -0.0911780134364775 -0.110601116692383
0.212814872856488 -0.0175910940999927 -0.178812823256298 -0.0770925844587434
0.224964434498006 -0.0416685595490624 -0.202173146398926 -0.0449508529667221
0.238258432839911 -0.0118505468919366 -0.215297967734153 -0.0489697749735728
0.262149038401649 0.147591020827507 -0.183573276444778 -0.107494695694776
0.126051365643541 0.299355429567088 -0.0800365483276601 -0.150544307355648
-0.113665089514368 0.323092461505479 0.0120999153399878 -0.0384092994597483
-0.402019942349116 0.0741558590305289 -0.0830545145029554 -0.0236073460338935
-0.33931002686332 -0.294397249283459 -0.150958295470114 -0.157440508203256
-0.0997842480498245 -0.439255684349315 -0.0392518974849481 -0.389505603743919
-0.100517532614605 -0.432587749426163 -0.181174558658161 -0.0805311075499483
-0.327138354814917 -0.221709525499995 -0.109562581643189 0.0139031899676228
-0.332289528138978 0.069985080833259 -0.0801974257503354 0.0454324963417039
-0.0819305387381509 0.299881923440299 0.0307924370428722 0.038014646127314
0.129392830551922 0.280719832750455 0.0253218722483809 -0.0254839040047623
0.257882393172672 0.154245772584418 -0.0181884861757532 -0.0657828620556966
0.280861662424205 0.00569844883253946 -0.0841776650869251 -0.0722346978493857
0.291051925096724 -0.0242171301456014 -0.102225824935001 -0.0542626785129781
0.300573348951089 0.0138361101366862 -0.108102716952999 -0.0431385511778137
0.323539365549093 0.205952265297252 -0.0925026360842921 -0.0627121432763895
0.146748825864476 0.388980305138617 -0.0459753349977864 -0.0813044853657669
-0.15000479499705 0.406042194213217 -0.00037144675799066 0.00323487748946833
-0.502153031385891 0.102091070718636 -0.0697125963885801 0.00270381568942118
-0.441430891021023 -0.356193097624422 -0.0905484463230712 -0.105082461979577
-0.151745386996438 -0.544654095912544 0.00610650792876791 -0.230702398990687
-0.129151143616621 -0.474366659494166 -0.143888346837464 0.0892233148740106
-0.391626373437524 -0.238694000304027 -0.0230924242060673 0.0695680732087515
-0.38947256869449 0.0944358011847483 -0.064387975107169 0.0470147018151647
-0.100896268957451 0.350902260449009 0.00634974803094676 0.0579397281303062
0.141642998277644 0.325690293930225 0.0370617185650232 0.0509117413225381
0.285670925883764 0.184367994215812 0.0720889614378735 -0.0023952559992314
0.310953835962859 0.0252014135840202 0.0321323307758311 -0.0552172219664936
0.312431510988167 -0.00420169583963394 0.0131096904295037 -0.0547332122042505
0.313832715381436 0.036997786331565 0.0122408379759566 -0.0322097597995431
0.328228552716286 0.227919930462003 0.00957003043794328 -0.0129383811457161
0.140123547288142 0.403788726448481 -0.00261565150724455 -0.00355504801802808
-0.157464499243098 0.406745865712958 -0.00712290240487986 0.0447721684852183
-0.499482769471911 0.101195342383253 -0.0407095673467382 0.0307913590300069
-0.45214530189895 -0.353484454712438 -0.0135659917532735 -0.039273707010281
-0.169204094407108 -0.549001375514937 0.0567326451505425 -0.0532248317044621
-0.138943713631264 -0.441390372929615 -0.082754791504184 0.269972079895418
-0.388328795460269 -0.217121358165052 0.0838622308365837 0.127122162376262
-0.37548390986447 0.103037265803313 -0.034713100023107 0.0434466201771708
-0.102505334295595 0.335695832816842 -0.0203797547058371 0.0809751978313739
0.127851383689101 0.310795718979204 0.0535942366169594 0.134152793078155
0.265968064102856 0.182510121667783 0.16541137700766 0.0660776896803148
0.290257845811642 0.0388389266335326 0.151406393762092 -0.0308249018928008
0.28507678986452 0.015580031230814 0.127009833828823 -0.0478344569764819
0.276638228268574 0.0557933430609897 0.124177576115753 -0.0176700896587144
0.272870423982026 0.21385423545811 0.10132013094453 0.0314239347543949
0.0964551705524647 0.345501766912032 0.0385618838597804 0.0615115866114889
-0.143974980835853 0.31561371094694 -0.0113204076245689 0.0712959985512842
-0.395508939260645 0.0624305673558881 -0.0071958889636384 0.0498581977928186
-0.363803754947967 -0.295837055303036 0.0560812868981315 0.0197604345105196
-0.153402447974775 -0.460934847458707 0.102590036677844 0.106474390720067
-0.123067470933376 -0.332019667298717 -0.0132602799860146 0.428126478263291
-0.305754491325762 -0.157052697711629 0.181977377683975 0.177105272139502
-0.280117805572437 0.0810990584255413 0.00339635964627396 0.0360274668350703
-0.0834979349733209 0.244422231963619 -0.0431455561863747 0.0938360791578448
0.0845346790284275 0.232690146914542 0.062957498968211 0.201975573196165
0.194807773917268 0.146858920861196 0.238638117605331 0.127971372832881
0.221311499623912 0.0460333703341606 0.253909593279835 -0.00215133928480444
0.215155408435035 0.033291252051992 0.220962006692509 -0.0354619783516393
0.200343392334919 0.0674147510735282 0.209732646011227 -0.000569667698767053
0.176412496263727 0.170126379343069 0.161852659692245 0.064764793535751
0.0334693488265562 0.236093544569399 0.0605432103251012 0.103035193156443
-0.117745000701251 0.174649291787586 -0.0181775004252275 0.0735138717617101
-0.233997245886343 0.00606441175034654 0.0190679238642279 0.0537596766928287
-0.216673263924428 -0.199122129459059 0.0986227806655513 0.0570029470359975
-0.111703705930177 -0.302521752169035 0.133528797117957 0.219079454378747
-0.0846326957644419 -0.166598090222853 0.0493497310243147 0.534277885513578
-0.166426307453872 -0.0686755328744288 0.247603213641442 0.211713696828555
-0.130223808788403 0.0454022349696175 0.0447554555050406 0.025950759358708
-0.0456859900998473 0.107282335540117 -0.0580626796678747 0.0868877301734679
0.0264067509959291 0.113132033105612 0.0593865324958529 0.235238800151306
0.0876076069742245 0.0856114271181782 0.275239149290125 0.171043371138623
0.113714398282272 0.04678611381859 0.319177753060555 0.0274274230150162
0.112625713650825 0.0481099845484721 0.281265970007197 -0.0179794441886533
0.10034234664735 0.0690835274827545 0.258322207770839 0.0169018159856536
0.0661091655141567 0.109342274854116 0.18735219848527 0.0872029025450931
-0.0257617747078251 0.112207531535512 0.0626944271839429 0.122351089148215
-0.082736991679037 0.0373707824867938 -0.0280382061943865 0.0570682863996925
-0.0699863870682781 -0.0380861905204795 0.0332165089963657 0.0429764656220298
-0.0664020645320005 -0.0859967046981137 0.113734073499723 0.070147985067977
-0.0607775252184833 -0.116391947638068 0.146576146456231 0.27523675787075
0.000267198758235559 -0.0364902811245124 -0.177607406851885 -0.332606652018442
-0.048030156102108 -0.015668717596155 -0.187630657466612 -0.0676902085609397
-0.0457352404577323 0.0447883175952991 -0.0497205276216413 0.00798906029412802
0.035025454426137 0.0597457460106904 0.0493497888448316 -0.0134513827221672
0.0561637033187589 0.00978199996635576 -0.0150412742340423 -0.135869095040732
0.0399229108964584 -0.0319111676560808 -0.185448763224619 -0.128887753347204
0.00846638263817397 -0.0549708746849027 -0.273786872582606 -0.0433810409427772
7.08994995758877E-05 -0.0550014421134317 -0.299951006732982 6.9943022544249E-06
0.00603526055532984 -0.0494014612508301 -0.327286144092945 -0.0282490064901433
0.0317459329318631 -0.019448691087352 -0.278980259402851 -0.140397270527535
0.0411823780110495 0.0094818138412179 -0.113902730331185 -0.217614859957083
0.00841051660489759 0.0411369683464255 0.0355556357540218 -0.104549671321968
-0.0507953729097623 0.00451883263830802 -0.0653588636346711 -0.0544358737059469
-0.00798024496675165 -0.0552087484158807 -0.195807007849407 -0.183502953836104
0.0499229551790282 -0.0459209849426557 -0.104082583709151 -0.547545938402262
-0.0403611878505175 -0.193437130736105 -0.194122085354669 -0.297343791052429
-0.144096466346488 -0.0949624155980755 -0.182346433804545 -0.0539894192895383
-0.144114285737815 0.0481392531183223 -0.0677197219329463 0.0270826222978304
-0.00213637349869301 0.140001748517054 0.0546599515414881 0.00690897948337673
0.0870668108807731 0.10481955149649 0.0043842515810769 -0.115929287763985
0.126886752484806 0.0302566755696048 -0.149327848672484 -0.128136601494247
0.116919441753383 -0.0435166981830073 -0.246135682976086 -0.0606442108552536
0.120463292596447 -0.0571269008586046 -0.27366378681771 -0.0210498689447121
0.132238643426815 -0.0380489327489723 -0.295202598653704 -0.0375662548583732
0.162735256664954 0.0628233696897106 -0.251498940159547 -0.13040329800945
0.0961687412159279 0.162897616306716 -0.10703451473985 -0.194679097221517
-0.0509018370412974 0.193676246028199 0.0259927141318233 -0.0768845853676677
-0.24027101486019 0.0475804632760906 -0.0810741292713361 -0.0422542274377213
-0.19137261024288 -0.183008854618805 -0.187748488880559 -0.181470374753892
-0.0374222511197211 -0.265250623900526 -0.0871309737002394 -0.50128863155064
-0.079379212166172 -0.33152393989539 -0.197864127457191 -0.211964532156719
-0.240015486619673 -0.164324098919265 -0.159944279461192 -0.0271147138317983
-0.242200541543968 0.0570348206116814 -0.0789876248721951 0.0419193705530073
-0.0407224225907123 0.22140485940012 0.0488190637871194 0.0211162532891441
0.114740980672987 0.197287632921028 0.0161194002326639 -0.0812683042573778
0.203781413470073 0.0923187265396627 -0.0960213506685553 -0.107111012309998
0.212413248187151 -0.0249974724688913 -0.182780991632295 -0.0694818400614392
0.223418135685198 -0.049970424389275 -0.204803821691409 -0.0388486907505017
0.237216411892282 -0.0186644544016904 -0.217602786903977 -0.041583668655095
0.269854445042826 0.138907547752134 -0.187535778411355 -0.101498483048154
0.139394935414262 0.297444165183974 -0.0870545224064279 -0.1461269317371
-0.104098668792305 0.326870812858409 0.0128139014654998 -0.0396374095939342
-0.403187717263073 0.0885627393172671 -0.0840231711122398 -0.0232546259278341
-0.352333615793589 -0.287880875390077 -0.153353018895661 -0.155117007597886
-0.114576874885654 -0.445060267367977 -0.0496599066125381 -0.391901264079805
-0.116836816554671 -0.43347323886306 -0.182492455073386 -0.0786967247275914
-0.335221124662804 -0.212997819940487 -0.108195279938891 0.0150846817038481
-0.33412110251702 0.0807218640920231 -0.0776795169592252 0.0511401004818402
-0.0728583657144683 0.302880120026159 0.0322576345923132 0.0352214334194864
0.140224800851609 0.277416647409324 0.0255459565169916 -0.0243144120028562
0.2646567689302 0.144598635154413 -0.0200411347714625 -0.0650966813297575
0.281516657508096 -0.00413266914347177 -0.0881422934322034 -0.0669767672045111
0.291056144536442 -0.0345232362050475 -0.105314762859153 -0.051362517349699
0.301383652532891 0.00509334920060481 -0.109100487437399 -0.0393434861188354
0.334576135515702 0.195125399850156 -0.0945560542785473 -0.0588837675498717
0.163960257484087 0.384985235990807 -0.0506244147479614 -0.0760134337139616
-0.137489195450909 0.412605154229772 0.0013973811589747 0.00374735089330533
-0.502684215754728 0.119267116721419 -0.0697125779056148 0.00217805861758907
-0.45701492168904 -0.345676778262206 -0.0912228360163703 -0.103658161490788
-0.168185388007103 -0.548238574006998 0.000900028224734981 -0.232083234080486
-0.145505607755826 -0.475052773975918 -0.139519730892691 0.0918609362874574
-0.400628893080014 -0.228755801616925 -0.0198243427302209 0.0686750725978184
-0.392389341795767 0.108589832161849 -0.0606330887157385 0.0524363703551666
-0.0898922351599418 0.355642436998192 0.00776892205683667 0.0560662544265219
0.155174735984453 0.322368049370986 0.0410014270599209 0.0528950610336416
0.293544628169008 0.174147709300912 0.0730453697027118 -0.00586144689995483
0.312109639655366 0.0144564237207426 0.0285531768555621 -0.0545473289274098
0.312382718437901 -0.0162207386377094 0.0108228658413741 -0.0554159701437245
0.315206226704436 0.0278183459319649 0.0122023673517685 -0.0322122753047106
0.34009405334425 0.216496610656433 0.0107305940889038 -0.0127759309643704
0.156336837981137 0.401389040620485 -0.00298640941225018 0.000533650461068534
-0.146340512599366 0.413130412717684 -0.00361478843403477 0.0462748304319223
-0.502015560463148 0.119382090864774 -0.0382108557160603 0.0293556487101453
-0.465529337567843 -0.343549599875728 -0.0127506985904192 -0.0396659745128488
-0.186872682119198 -0.553615598156946 0.0562642056143927 -0.0538728741840152
-0.155759467794933 -0.443234385550651 -0.0735692867525846 0.273650532291516
-0.398267067938448 -0.206306793327052 0.0895743589880518 0.123504496895409
-0.377758180603277 0.115078584690243 -0.030736027957484 0.0479508852764522
-0.0916374132055833 0.341054685899726 -0.0186935994775326 0.080251676870867
0.1400956088453 0.307803817317712 0.0602412218134357 0.136008970562464
0.273586843772824 0.172313327024074 0.169836401675906 0.0598186267388857
0.293421162987975 0.0288883617041996 0.14956716043451 -0.0345751705325565
0.28682445447664 0.0043869068160498 0.125785985244458 -0.0519328587358242
0.279051394839683 0.0479135430674842 0.125200918206924 -0.0218757012448204
0.282910451341882 0.204649268555554 0.103904575727639 0.0275462778056723
0.110662937724001 0.344043235506069 0.0400586905414448 0.0638818846877059
-0.135282567955918 0.321303203877374 -0.00739268767993376 0.0732668142179095
-0.398336521403878 0.0753937589623102 -0.00328681342217024 0.0479375987624155
-0.377225512728928 -0.287172430594227 0.0584421876535055 0.017308338400234
-0.167090693899203 -0.464934538611129 0.10600765590819 0.105927830303254
-0.133766838340712 -0.332822731122393 0.000708081005010594 0.431692694639752
-0.312368350544379 -0.148750324490523 0.188500736448092 0.171417095986152
-0.282132004627123 0.0893991493854573 0.00728031336945188 0.0385356182657188
-0.0767639007152904 0.248788047314725 -0.0408149475664418 0.0947755435140351
0.0933532724383825 0.231887131042403 0.0723467936942712 0.202888559722586
0.200186197737555 0.139804939377906 0.24695473660271 0.118055523906021
0.223921782070009 0.0386586531582836 0.253847144838395 -0.0103326063091389
0.217188073554045 0.0254545823001656 0.22090660566333 -0.0428672048647646
0.203640546105854 0.0612746116690881 0.210712962955608 -0.00822067442545695
0.184551143732788 0.164563782599819 0.165227556806424 0.059296980497075
0.0435105982071127 0.236325288001063 0.0642426715892563 0.103806047693317
-0.113544995502585 0.179177617552061 -0.0144999852403629 0.0759142297748416
-0.235111800279799 0.0137931747332273 0.0235517744862279 0.0507615700827145
-0.224091046814869 -0.193607960068069 0.100850583186211 0.0529870053714161
-0.120359212197635 -0.304193458928104 0.138923093456549 0.21798933272737
-0.0893590466151197 -0.16637624550117 0.0659292141577826 0.538056983452473
-0.169339816052448 -0.0639269145463031 0.255154148628403 0.205602638660212
-0.131111617764794 0.0493346067499431 0.0483206290550306 0.026310442150724
-0.0430755880864089 0.110014728848433 -0.0552362509070356 0.0893189640674292
0.0303776191516282 0.113532547936818 0.0696967483227042 0.236337129757977
0.0906404840018988 0.0830489629465521 0.283988705867445 0.159512845812021
0.11579762726235 0.0434393544661329 0.32119703953551 0.0165147460699484
0.115218459098786 0.0436698817903056 0.282273780155755 -0.0267689034154561
0.103709901434863 0.0665426264799194 0.259827806482097 0.00771485195144846
0.0707547492930718 0.106992371101643 0.190929348419903 0.0804743795241558
-0.0221140964278066 0.114221702949618 0.0673203837242583 0.121330087909393
-0.0821015957533695 0.0402080230636053 -0.02613817179741 0.0603107604054719
-0.0722816386882421 -0.0363508972040287 0.037043547807365 0.0395937088503341
-0.0689025527416372 -0.0837654301385892 0.115744442530035 0.0660946510784393
-0.0635342843608975 -0.116571421018404 0.153459281582312 0.273316834984906
-0.00211163448019278 -0.0355032004457005 -0.192104164265472 -0.323489998784154
-0.0478387484550907 -0.0127580204551953 -0.188791893349718 -0.0577054351332775
-0.0430962910012463 0.0466939583464609 -0.0502509008077198 0.0122544013298719
0.0380715365878135 0.0570754362460032 0.0489567835410665 -0.0164794064508125
0.0565895420698431 0.0061320641389332 -0.0217461114820974 -0.13437565623225
0.0377919402172951 -0.0346998341138016 -0.191216088965103 -0.116163606681592
0.00449363663641495 -0.0548676986176526 -0.272999834961944 -0.0281333752404644
-0.00350689336241759 -0.0540143771712129 -0.298072235555694 0.0151270402361251
0.00207805715288168 -0.0488697914706225 -0.32549925416118 -0.00929304687305664
0.030948878111519 -0.0214328039382031 -0.285172273145819 -0.123694302433086
0.0418382048622214 0.00664036202840016 -0.126113985489944 -0.20956233563992
0.0111686656323832 0.0396876080757688 0.0294878003012068 -0.106975864107772
-0.0499503772848404 0.0083150643305051 -0.0693046969614274 -0.0507821312023709
-0.0109099705819199 -0.0541412234464334 -0.201096617397664 -0.172832246806764
0.0466821720510337 -0.0485319937493109 -0.127426382824223 -0.539632395074888
-0.0501892337162773 -0.190591366931011 -0.206951767360315 -0.289114197129454
-0.147321580746033 -0.086805635516625 -0.182183529789735 -0.0449605472879811
-0.141008857423576 0.0554434911084145 -0.0659589350808094 0.0323724629067268
0.00510191152163359 0.137698737256963 0.0545360418146685 0.00321983859747706
0.0925859915746564 0.0985438994274907 -0.000941145331094926 -0.1150464324605
0.126904564082909 0.0220790455962196 -0.154555595549007 -0.117534268520902
0.112180675079101 -0.0490460804931573 -0.246692440095077 -0.0456626287704181
0.115550246282024 -0.0631085425074393 -0.273645339899829 -0.00722144613096962
0.128169998635885 -0.0434995806154628 -0.29423100177954 -0.0210373834022612
0.166354367277094 0.0529675799744099 -0.256922221757792 -0.115206406873921
0.105281693442165 0.156456519341218 -0.118552789301316 -0.186369418803591
-0.0404629344401845 0.194253078714793 0.0223998359880258 -0.0787593495915321
-0.237078920922984 0.0604390415305096 -0.0834038706928796 -0.0393788997918169
-0.200614928451663 -0.172301250161981 -0.191550234872281 -0.171550055580719
-0.0513340236113276 -0.264737710745035 -0.107908696904009 -0.496093420949639
-0.0965071723724534 -0.326360529232773 -0.20562656132869 -0.20441773251145
-0.245743125563808 -0.150936635149257 -0.159022959870208 -0.0202753758628485
-0.237854795868682 0.0694948110812449 -0.0756895736398087 0.0479163687268124
-0.0294502444628035 0.220283421110364 0.0485898610129484 0.0173436814229303
0.124483836636723 0.188877604951257 0.0126489139985323 -0.0796559390495563
0.20685028545648 0.0791145038578824 -0.100250940872663 -0.100678122383017
0.20812171765529 -0.0361312817333693 -0.184869172409222 -0.0571162817915939
0.217478611878677 -0.0612910472160863 -0.207225044173957 -0.028354202676972
0.232887291594498 -0.0299577782277371 -0.217347935855136 -0.0284410045936621
0.277062457123775 0.122480167890307 -0.191085119915416 -0.0895039656825154
0.154966108461934 0.287652736967074 -0.0948824857956414 -0.137383826065155
-0.0869767007517491 0.329969997136927 0.0119720131730484 -0.0409247359816259
-0.398537492851716 0.108796748836179 -0.0847288669004557 -0.0208638999527774
-0.36631119298924 -0.269593444187901 -0.157365318392616 -0.146549338745943
-0.137919175322385 -0.440659063520492 -0.0663789645535671 -0.387300745940009
-0.139506215444687 -0.426512039531159 -0.182966900888257 -0.0727135511764639
-0.343812992423776 -0.194444700332848 -0.104970708272138 0.0186848659050001
-0.330298171818326 0.0978821963906914 -0.0728023500011806 0.0568074360376847
-0.0561601110797158 0.303310233003051 0.0326940890387265 0.0320260293620476
0.155053123628936 0.267837788253286 0.026183811066467 -0.0237837804927051
0.270736173723903 0.127159835802076 -0.0226305189508598 -0.063347764647031
0.278444937429138 -0.0193653981176254 -0.0912520766582332 -0.0602038379633581
0.28572642644884 -0.0503834920756589 -0.108113218615736 -0.0451898892010514
0.297933406088579 -0.00990625821414623 -0.109397977456122 -0.0328744793179805
0.344531333294001 0.175171979376596 -0.0954200458960349 -0.0529730401202183
0.185424986996646 0.375051377460397 -0.0546382240481769 -0.0694834869590371
-0.115987354285059 0.417246974596206 0.00399891109169072 0.00382827615075906
-0.497039384941609 0.144440842217565 -0.0681602497312068 0.00268312861777233
-0.474434626375625 -0.321773262982624 -0.0922916901167997 -0.0993927523848536
-0.196817382559273 -0.543970906402888 -0.00848122618880026 -0.23059625390933
-0.170200916264321 -0.467061388361286 -0.132110221269533 0.095199578043584
-0.410915740408936 -0.207284376070735 -0.0146377409377936 0.0672154864583839
-0.386081533007594 0.127650189867597 -0.0550004100007441 0.0583717114047019
-0.0719396956904122 0.357624543621367 0.00903084458515853 0.0538036272121475
0.171587323455886 0.312450334913347 0.0461936476732574 0.0529148329837679
0.301044492325874 0.155803416659192 0.0737762939431832 -0.0102240344252387
0.310282333271241 -0.00164067620775983 0.0246747289257732 -0.0541039308260006
0.308326582378988 -0.0325396950991276 0.00774756563374697 -0.055277418490177
0.313622932782885 0.0121845317923344 0.0114639893346342 -0.0322910987634923
0.350708382888572 0.195942942904959 0.0110274279342659 -0.0128185486364919
0.179653954396336 0.390275024591126 -0.00306366014730452 0.00398519765812053
-0.124577858972366 0.416567016963781 0.000676798199742261 0.0468342787341647
-0.49396647423211 0.144667651703991 -0.0353326289055478 0.0279427312947549
-0.482881852159579 -0.318768367238565 -0.0124846584899975 -0.0395192926371613
-0.214471946717859 -0.548866833838356 0.0542398403126641 -0.0544696944830329
-0.177138945062097 -0.434030952185209 -0.0583317890240094 0.273653451599095
-0.406811769829358 -0.18503134555496 0.0958022748872993 0.116548402541452
-0.37301291291188 0.134080187245463 -0.0246429725078085 0.052531250451942
-0.0751765118606088 0.343901060407933 -0.015416410857077 0.0796025327768289
0.156763744872778 0.298142532122132 0.0693751149206685 0.134148881474279
0.280919049977156 0.155276497095415 0.173172389135029 0.0484088051027771
0.292362461111657 0.0127343357397644 0.144934648632624 -0.0415710943700279
0.28439155741032 -0.0111283024715428 0.121569208026145 -0.0575471586299169
0.279133232743057 0.0340396560728104 0.123330958792685 -0.0284456368456
0.292894035928221 0.186870601990251 0.105162890435656 0.022030885249692
0.130139453170976 0.336300703103963 0.0438828411722503 0.0645843332685701
-0.11920419485946 0.326020913606609 -0.00133429214594117 0.0742020130538193
-0.392867069265344 0.0951383171853357 0.00128839044418101 0.044248968061511
-0.389095291459886 -0.266800120434377 0.0596279628450604 0.0135315509288938
-0.188964902313177 -0.458397774992586 0.110400525685387 0.101491064031519
-0.150162883761255 -0.326751108828717 0.0218333888283214 0.428701354750218
-0.317579900194014 -0.133036174624514 0.195807496174979 0.159446439969622
-0.278457678493833 0.104025918343724 0.0127356540135023 0.040495738527387
-0.0641571538641101 0.251843348862194 -0.0366235103199559 0.0956891068263545
0.105301233676361 0.226229004498428 0.0842254721409595 0.199973037689231
0.206036552883189 0.127335121082263 0.252751154330142 0.102050748125573
0.223922626355215 0.0272552306869984 0.250421373238895 -0.0235151788536666
0.216504888744725 0.0134441137951752 0.216646896657313 -0.0528697177380429
0.205105368669187 0.0512124414408619 0.208487228685397 -0.0195334671737847
0.192467009771131 0.152676965853603 0.167666941913051 0.0489988773062777
0.056704167612186 0.232447299274394 0.0695418172458008 0.101722579830311
-0.103518514065805 0.183227102486459 -0.00913978278298539 0.0779817456151288
-0.232904638324108 0.024942381746292 0.0283173027841536 0.0463271851586618
-0.232849168094788 -0.180939080880627 0.103218228557343 0.0471979996429042
-0.133814899236157 -0.299794980909432 0.147965055485394 0.211313711650219
-0.0970743429212708 -0.161888172603886 0.090947437475284 0.534368661813206
-0.171521025185077 -0.0560994449588875 0.262412192552836 0.191313947835493
-0.129299411701506 0.0559070694638493 0.052449388533428 0.0253220369139091
-0.0379168269283303 0.111794287663789 -0.0504186870706391 0.0916668927501547
0.0356477813172606 0.112034763648647 0.083778247396974 0.23254303422636
0.0934820356986581 0.0775532212350927 0.292530112033535 0.141025781420393
0.117834313767405 0.0374996058819374 0.318467613658495 -0.00102276526606895
0.116704891255053 0.0374061720878529 0.279354971226617 -0.0410318289849778
0.107438621719667 0.060243338656729 0.257762240003747 -0.00664586445341174
0.0756858377345176 0.10163764828062 0.193868826088713 0.0688559960214237
-0.0156610323132154 0.115038619097999 0.0738438906805357 0.117274082436549
-0.0809160393796672 0.0443361412206447 -0.0222453462347204 0.0624328959798354
-0.0742455405241928 -0.0330263063710808 0.0409959192664522 0.0349048152427751
-0.0731284128044887 -0.0794357128096372 0.116605067688036 0.0590422017934252
-0.0677721790919241 -0.114032064433998 0.164458233427741 0.265278379434141
-0.00394009260427282 -0.0336074921035957 -0.200998199911197 -0.305011806308068
-0.0470136740940931 -0.00942293155109578 -0.18365668061538 -0.045807691906307
-0.0385670380940067 0.0474286862718869 -0.0490600437889991 0.0161997425586425
0.0397236790514018 0.0520611855979624 0.0470263233331536 -0.0186301295325857
0.0556262488660749 0.00266814183851025 -0.0275045940907677 -0.128723704681208
0.0345234708112123 -0.0361993808463861 -0.189874301582298 -0.100124236722799
0.000682639459867622 -0.0527484027658304 -0.26456432930135 -0.011826012200491
-0.00688479575840706 -0.0512040728829643 -0.287550024072143 0.0285319471962861
-0.00130460687657799 -0.0466005224520851 -0.313325017374776 0.00753748061056405
0.0290248261354997 -0.0224232066365512 -0.281438094953519 -0.103134260120716
0.0409333468925231 0.00336059652611215 -0.133598429811895 -0.194922269964596
0.0129959991938785 0.0371025180196635 0.0221618497680426 -0.106020839858343
-0.0476479652986879 0.0103220772441957 -0.0706067976489791 -0.0459786317229064
-0.0134623513621516 -0.051247380982795 -0.199785368874066 -0.158650925016766
0.0414933937124775 -0.0495068498955601 -0.147596408577959 -0.51807168610334
-0.058861276108441 -0.180682998645374 -0.212525743657485 -0.272238294572514
-0.146212227353861 -0.0760550888070343 -0.176838864646077 -0.0345729585060939
-0.133412811428264 0.0606782929457107 -0.0627532812295276 0.0359662970102986
0.0118753118166205 0.131540392465738 0.0523003936430604 -0.000326012584582066
0.0942293450273188 0.0891521949556971 -0.00546658491560614 -0.110498078687594
0.122961359319414 0.0139599948412358 -0.154067802023475 -0.104175260028671
0.104797495342531 -0.0530135991086635 -0.239498107397467 -0.0301892330747315
0.107434011103744 -0.0664406731652371 -0.265093317194844 0.00698213281530803
0.119958600787805 -0.0470611261450169 -0.283571937940075 -0.00471954302516964
0.163904956039793 0.042048719392703 -0.252632857027738 -0.096741016866852
0.110648154830154 0.143992893335284 -0.124537197257035 -0.172060682612911
-0.0294842240878255 0.188950151918044 0.0175596534684322 -0.0784715416190281
-0.226121943005106 0.0703276006072064 -0.0834649382142993 -0.0345781543846145
-0.202803791561165 -0.157617133899585 -0.190256552751461 -0.158993120746735
-0.0636594143202865 -0.254790090947553 -0.126080511680532 -0.474846345457055
-0.110389328997971 -0.309883053892518 -0.207166299018611 -0.191463461477089
-0.244329448768176 -0.133280889162709 -0.152905529271569 -0.0132145899502497
-0.22720913110362 0.0795956768401126 -0.0697929431594066 0.0520832153864791
-0.0171667517591261 0.212609097999544 0.0468968799221559 0.0134352811849154
0.130478382287501 0.1745201959056 0.0101730968432327 -0.076638372548786
0.202962266999716 0.0645304881488437 -0.100619357332715 -0.091380847739234
0.198013157355861 -0.0456898854961137 -0.181690374554805 -0.0444942052370683
0.206143921619142 -0.0705608486736871 -0.201645814892676 -0.0170810333174467
0.22160251314872 -0.038934191501153 -0.20962956658568 -0.0165909228921837
0.274996738379195 0.103544488170729 -0.188390060211189 -0.0758821000160139
0.166714778101057 0.269072256461133 -0.0993780633754359 -0.125362606289358
-0.0680784574405193 0.322156162931379 0.0103850452661134 -0.040844956456127
-0.379908204326093 0.125934670056385 -0.083442241631877 -0.018045713813039
-0.368667975106498 -0.242587790367863 -0.155499068499535 -0.135680270182573
-0.156204833485817 -0.424044014214 -0.0803204609479614 -0.372377203101251
-0.156827896364648 -0.40644943925388 -0.179035359280321 -0.0651902169982473
-0.34157472083875 -0.169507560542793 -0.0988675196318757 0.0210750069372542
-0.314893515314045 0.112400683029657 -0.0652113665457457 0.0601632945188788
-0.0393402943282688 0.295295937590685 0.0306823345804927 0.0283794615620126
0.164426607725545 0.249277464031658 0.0264133089716856 -0.0229689114889493
0.266871385695025 0.107500030037229 -0.0238212280664805 -0.0599458152925716
0.266628439999265 -0.0331362790579105 -0.0914306119579376 -0.0515303660574031
0.272000149876947 -0.0638260493177329 -0.107763220692464 -0.0382399589094844
0.286246291643712 -0.023340866924802 -0.106130330242017 -0.0256796735114593
0.342620472482605 0.149408940855944 -0.0945727539762433 -0.0454827402714069
0.200815703572697 0.352409708218669 -0.056272412208375 -0.0609215907016987
-0.0932753221923747 0.408269676548968 0.00548948895667211 0.0025974596363708
-0.472524716336302 0.164655791976886 -0.0654932364861153 0.00392364074837772
-0.475402467218386 -0.288575141416231 -0.0917263280133833 -0.0927036974282345
-0.219274704582096 -0.5227506147585 -0.0170696645874491 -0.222137998554708
-0.188428644527006 -0.444365893960903 -0.122067154277491 0.0950183041613413
-0.406279800289459 -0.179959983611885 -0.00982374109746551 0.0632512497465356
-0.368754767564084 0.144762405127229 -0.0473633172371223 0.0603059867948534
-0.0511449702231717 0.348793842143985 0.010058085717017 0.0502865644746126
0.182668783552946 0.291365906611798 0.0500513511269405 0.0501274864010643
0.298283439789898 0.133213091607879 0.0717872849310235 -0.0152078360211693
0.297731076073009 -0.0184241474821727 0.0202564413133434 -0.0524409072511999
0.295206440918424 -0.0477702607548093 0.00340791120602423 -0.0530368654709998
0.302885160947363 -0.00276836992649699 0.0104139847659234 -0.032233890629617
0.349309211951557 0.169719305457783 0.0111481383057619 -0.0126465100217005
0.195038763564926 0.368382232544835 -0.00254793237186255 0.00755908711152637
-0.100001801385733 0.408066909369193 0.00509062965167788 0.0453124755793473
-0.471880042997726 0.164664880968097 -0.0322124997986582 0.0254845881750212
-0.484894908016685 -0.283703798032091 -0.011370101208637 -0.0384539422341285
-0.23541270922428 -0.524938090222755 0.0517382433000553 -0.0553660446719971
-0.191911930677834 -0.41353427327253 -0.0427343014536712 0.264706340642891
-0.401357589455978 -0.160667981455827 0.0985762904854853 0.106099667766235
-0.356675544216466 0.14909159237983 -0.0178548897098004 0.0527465824491882
-0.0551130679261899 0.335077617274112 -0.0121386701646801 0.0766887028096249
0.16741805757969 0.280661103335825 0.0773937415981624 0.12788728473514
0.278220295592224 0.133920719183675 0.170762153708547 0.0355991287373104
0.282619602483189 -0.00268532247852994 0.13764657022668 -0.046378630080454
0.273234742374037 -0.0258725855535308 0.114288720162115 -0.0611338525386159
0.270782224206846 0.0194062587901001 0.118652562674279 -0.0337093587108576
0.293410276637053 0.163203011016534 0.103658524618679 0.0158699339758959
0.144707427466493 0.317055082213504 0.0460391157937066 0.0628466836464645
-0.0990098210933049 0.319836767295396 0.00459627829988453 0.0726149264120495
-0.374130311556491 0.112295881372838 0.0047339538786989 0.0393284987350998
-0.390719011178367 -0.239054998411394 0.0598857905360401 0.0091461118337233
-0.20540515560374 -0.437638074474382 0.11215143473489 0.0934198503047482
-0.160524902010393 -0.310270303964157 0.041975001739192 0.411977431188459
-0.313474861717156 -0.113919019154987 0.196887400425095 0.14367202810641
-0.266169606955289 0.114248183101309 0.0176572800412862 0.0400266051422011
-0.0493111477331085 0.246985656853819 -0.03161831109999 0.0937044730109097
0.113694096135014 0.213409927369626 0.0944775942545899 0.190006031439107
0.204720845396559 0.111716486233058 0.250145962214127 0.0830710605225061
0.217235015416426 0.0145040786882406 0.239346189506774 -0.0348180270114704
0.20852353272788 0.000893631154741931 0.206440390849266 -0.0612775706270765
0.201343431184512 0.0390004700471696 0.200172476146286 -0.0297875143671396
0.193684994206802 0.136177899397432 0.164494964651475 0.0382280893339437
0.0679366790143277 0.221135402977244 0.0728171273267617 0.0956794857570872
-0.0920194991684688 0.181930356244558 -0.00377729863949219 0.076530817786408
-0.223914306362897 0.0358805708816174 0.0309340712592659 0.0395844023655727
-0.233889150305428 -0.163515955310931 0.101537014735353 0.0396462282554994
-0.143035777807882 -0.285630661175134 0.152540393598361 0.197908622076486
-0.10060842322712 -0.153394569576443 0.113591864518978 0.512468975618794
-0.16827659543457 -0.0465943233001504 0.261102446891762 0.172805339675081
-0.123944238479325 0.0599861802399819 0.0546053934030121 0.0228688883809402
-0.0314923888568033 0.110483011926103 -0.0443724921234934 0.0911310591924947
0.0405958654042904 0.107023469607806 0.094427488908825 0.22118434295722
0.0935590110533697 0.0701428914813638 0.290247073646876 0.11845126144289
0.115490214698619 0.0302956290490136 0.30633884553318 -0.0179209396377393
0.114389093749452 0.0294864593928783 0.26774926942496 -0.0530759958660101
0.107119711965763 0.0525167904769869 0.247256180615152 -0.0196146973601572
0.0785032657689444 0.0938072382245935 0.190072968644083 0.0561627833865717
-0.00927726952055117 0.112022558671402 0.0772221612610594 0.109533067189901
-0.0764160287457284 0.0468250623405537 -0.0179535549174859 0.0625883950887244
-0.0729012320238086 -0.0283274161915086 0.0424356351553706 0.0288959447406474
-0.0742688417853104 -0.073120953487903 0.114339829963945 0.050503133747185
-0.0699813266769654 -0.107611374408443 0.170333763515866 0.248439230923216
-0.0111107975377438 -0.0324047568391503 -0.223685196662773 -0.263280496817728
-0.045559786682192 -0.00333148312619478 -0.175993383523699 -0.0205607332170027
-0.0312294248685359 0.0490978006207995 -0.0430769634744117 0.0205135200797229
0.0427501451258625 0.043898610272763 0.0418485314515204 -0.0262924639815656
0.0527936200329012 -0.00436063902967948 -0.0439878383170912 -0.119748159030759
0.028002376140278 -0.0376049239634267 -0.191952621514139 -0.0719740060104971
-0.00675475013949396 -0.0482399368271747 -0.253905789535185 0.0183554190775531
-0.012406530715372 -0.0464430318414235 -0.266515940351374 0.0597269775779863
-0.00617120144623182 -0.0415947482327718 -0.29356703199636 0.0423933038536238
0.0259271474488115 -0.0238167565647811 -0.276321509293016 -0.0624006091229179
0.0394321078181732 -0.000782308364598244 -0.147361900082256 -0.168975740879563
0.0152732792403099 0.0326997234267025 0.00951862970426721 -0.104342507641666
-0.0421857805265627 0.0171743291769677 -0.0739497022434794 -0.0335203525385787
-0.0194429314791535 -0.042342811620813 -0.206616829087346 -0.12883778276033
0.0241244772388252 -0.049029247665006 -0.19760359050524 -0.476214554001117
-0.0824920410450599 -0.167933685736698 -0.223520340529385 -0.219673290374294
-0.145564250192277 -0.0554039464379746 -0.164490075437173 -0.010361603083836
-0.118148713132216 0.0729802381883569 -0.0485993009464488 0.0413877533110738
0.0244830096332076 0.120601101978755 0.0510568174852722 -0.0113067352123358
0.09841506967134 0.0725924939379387 -0.0194655428830475 -0.108631611053152
0.116053385953453 -0.000621530735463325 -0.159172796194041 -0.0835120511985362
0.0902381208288463 -0.0596025367677384 -0.231512551878404 -0.00417969916556745
0.092622179083056 -0.0734330743326213 -0.247405594073782 0.0366901508643563
0.106582247062565 -0.056091145658765 -0.264699698815935 0.0257951558874784
0.158691619467508 0.0202269417852911 -0.245744169036407 -0.0610529403648422
0.120944236970362 0.122055731029569 -0.132776728546117 -0.148246582100613
-0.00796954747809618 0.178672283078668 0.0121264778156761 -0.074275096169147
-0.201213866237576 0.0947261651642505 -0.0868256473646711 -0.0161436251542066
-0.205155048708425 -0.118365491269229 -0.206830249949306 -0.12871630915394
-0.0982343535352819 -0.22590041147937 -0.174546568106262 -0.445114581820428
-0.14954321570473 -0.28584959347502 -0.203592282939248 -0.134870959022025
-0.244144127785491 -0.0995890925875475 -0.136529068529977 0.0081720562798601
-0.204777044776905 0.101452516198136 -0.0487489833050329 0.0568040613438458
0.00517358836399973 0.199326653376488 0.0494180991307864 -8.65813690939945E-05
0.141006357578033 0.148416111305219 0.000744775164972221 -0.0825061222927063
0.195808580293652 0.0382627541703822 -0.107518566115392 -0.0818480317622892
0.177286538605055 -0.0627852856853408 -0.177638772158267 -0.0261304789338705
0.184414389801166 -0.0891825313618242 -0.191162860817014 0.00715616014690897
0.203088617498481 -0.0603541129763031 -0.195579546490362 0.0044006004105819
0.268347636925194 0.0637857220953378 -0.17913199862509 -0.050829326417757
0.188683921815037 0.231984198677709 -0.0995781794142113 -0.106988240576094
-0.0292454056663093 0.306294009557433 0.0133434240856256 -0.035681188182127
-0.336681081027344 0.164507070104138 -0.0862778177089703 0.00409578886640199
-0.36805507970029 -0.178494117849925 -0.180074228318047 -0.110865952060051
-0.202755202857016 -0.370705475378778 -0.122159701078439 -0.357153017684173
-0.205566003099366 -0.372910587079975 -0.157163715546996 -0.0121411723357157
-0.339453181328404 -0.124814544883778 -0.0787149830589437 0.0345953598627633
-0.284940774502883 0.141824270628132 -0.038433152409195 0.0630790835237506
-0.00663392335455693 0.278572484720937 0.0380216748856887 0.0138135158342454
0.180910877429987 0.214290940207353 0.0243531050152882 -0.0364301438508935
0.261055040440783 0.0718355322957323 -0.0319359280547092 -0.0647777116649714
0.24323126555357 -0.059127751372165 -0.0922413254048552 -0.0458795213016331
0.24629327621782 -0.090530752986964 -0.105041136827539 -0.0240474397760944
0.265450429535012 -0.0538304308171663 -0.0981684850862037 -0.0170304126902197
0.336584116963635 0.0977936077713479 -0.0847967792447722 -0.0341645958394813
0.230020977242857 0.304594932502665 -0.0493006397639263 -0.0512675746467567
-0.0412819833839952 0.388735229290575 0.0157440363908065 0.00907747785875302
-0.42014297282591 0.214183149682562 -0.0675118144660256 0.0249756359568744
-0.473181571483686 -0.209209912646382 -0.121353672814493 -0.0773258271027942
-0.269844211925086 -0.454512013930203 -0.0463374443668394 -0.225138620922351
-0.239218952410826 -0.406221645040805 -0.0817111886024898 0.135654156406443
-0.401052924059086 -0.126947891917618 0.0119881387610337 0.0636434835885674
-0.332711609642939 0.179372125887201 -0.0179594839720375 0.0592675004749502
-0.0132149662865835 0.331119082129793 0.0223967261176704 0.0366673120630483
0.202431588667725 0.253359759540058 0.0563243039032052 0.0277805952097761
0.293292149102103 0.0923466594887147 0.0640144920057731 -0.0356613842523925
0.27482578973357 -0.0495485749948507 0.0140514733572648 -0.060256167601442
0.26977045982706 -0.0790184072723858 -0.00227987314274669 -0.0518731972329114
0.283417936845279 -0.0366625308725225 0.0108741184782442 -0.0354611558108885
0.345497352800849 0.114918121765948 0.0183960072612229 -0.0166336646512848
0.226821687810505 0.318900948639601 0.0096252106130088 0.00727254920664722
-0.0488748097789043 0.389859232308727 0.0202186797038191 0.0495868402891286
-0.417601599732373 0.211789266239612 -0.0329389092866568 0.0409487579363987
-0.4796425266729 -0.206352355379344 -0.0402323508866033 -0.0351987834666464
-0.285287398071971 -0.456054215594674 0.0378084300511689 -0.0742992219648035
-0.238232577936215 -0.375988457225992 0.0132071221843683 0.285489113170092
-0.394301819842737 -0.109535416606862 0.118539377129245 0.0911834488210951
-0.320240967718016 0.181100118167922 0.00911845717643146 0.0475993535573609
-0.017910946956448 0.32008040040346 0.00545517825716438 0.0653059122106581
0.186837716193794 0.244817963924964 0.0916851288877382 0.0987906145959688
0.274626691507775 0.0960880265904837 0.163615192737279 0.000661135496164723
0.262505654206831 -0.0328034545940193 0.126555836097433 -0.0682111573444458
0.252068818233597 -0.0556644988410856 0.100261199403327 -0.0716578375124623
0.256400300428471 -0.0120633754898569 0.111291646366448 -0.0486072626347472
0.290617375169313 0.116387657963495 0.107570183726664 -2.98156944118243E-07
0.173443964807248 0.276422728867891 0.0601658071316083 0.0544096371137489
-0.0569296550187546 0.306697551612423 0.020738987000957 0.07486802934675
-0.334142825464383 0.151676891885761 0.0041861805761935 0.0458912379323683
-0.386706258530851 -0.175686176939707 0.0360881019846565 0.00143379678808845
-0.24519024215504 -0.380324166169553 0.113043602509917 0.0630225302149065
-0.192692955029089 -0.279116642546783 0.106044808764761 0.408205591719138
-0.305663660888736 -0.0758395902774329 0.212199689403526 0.11519252249158
-0.239108529530639 0.137878851891039 0.0369850620515798 0.0316833384951769
-0.0223141575907658 0.236385701988202 -0.0119666647299925 0.086208730905914
0.129094235231839 0.188320504180534 0.116509135568947 0.15922813453283
0.204058267068408 0.0824112689761464 0.24476494227618 0.0389589735568809
0.205029820611095 -0.0104416454571894 0.224677488156309 -0.0674994835168357
0.19507474742899 -0.0229430963558671 0.187082366730271 -0.0826898470839132
0.192601020759574 0.0132214684463804 0.18786659862793 -0.0528263057159888
0.194048408063571 0.10232337888187 0.164714538892285 0.015154224196676
0.0895540842695422 0.196858567363401 0.0861740734692982 0.0830658031227042
-0.0654587083379633 0.177810151512444 0.00928619274168977 0.0778882039301421
-0.203061683046037 0.0601127944645004 0.0306376697910287 0.0378231102211272
-0.233152751631339 -0.125187556741125 0.0862654646860249 0.0236649416019717
-0.165407016454931 -0.24763368720466 0.164446036415002 0.162037288228804
-0.112838438290832 -0.134716536535107 0.175965579624765 0.482551241810647
-0.16154211742017 -0.0271433761035462 0.271819985011822 0.133926829160943
-0.110317205754902 0.0703305499175933 0.062660896950881 0.0134817467749907
-0.0188813484220532 0.106986686805345 -0.026932289385354 0.0896483834132005
0.0487967227116932 0.0968128704981354 0.119138078619154 0.193424520078483
0.0958102400252566 0.0555722983951196 0.287619321627249 0.0719854250509142
0.112270766142208 0.0153959788816985 0.289939695998727 -0.0558681855775934
0.109997722501539 0.01396753057507 0.244760335897209 -0.0811925230888111
0.106604591626496 0.0357196046491544 0.231582829331329 -0.0473206216490815
0.0825001098895893 0.0764943576446988 0.187408480793013 0.0296505927317454
0.00489264870874276 0.104216019878241 0.0879527608604649 0.0958568880437675
-0.0651044676982843 0.0516348684901919 -0.0091459356335797 0.0639058941301923
-0.0712680806592792 -0.01810640481681 0.0414570776136476 0.0209913945502382
-0.0756375750441968 -0.0602168362035892 0.107225075864432 0.0324672608928125
-0.0737968959484711 -0.092416672616965 0.187688263331778 0.213739327427326
-0.0103192112670309 -0.0301853774821167 -0.209172752274511 -0.25584874026146
-0.0430184422733312 -0.00346209641459823 -0.165875011657985 -0.0225563508594191
-0.0301405262513969 0.0463675978166834 -0.0408630636172903 0.0205086798335289
0.0402175139666295 0.0417006782556568 0.0407076035289816 -0.0252930646354101
0.0500316788462 -0.00351010087915542 -0.0398822238096112 -0.11466178432043
0.0265502601557549 -0.0358462563746702 -0.18065539853925 -0.0700925671660235
-0.00616326821639273 -0.0452253257325072 -0.239331073966455 0.0146406546077302
-0.0113150945781703 -0.0439330399016278 -0.254604489277309 0.053145568270306
-0.00609766037965912 -0.0387553080672367 -0.279049908371544 0.0367597792334489
0.0249164064189199 -0.0228113423725339 -0.261537345752228 -0.0616068792045822
0.0373292363925138 -0.000629925550623462 -0.139115161348167 -0.161227772098432
0.0146103827112169 0.0304264333996505 0.0103627708285279 -0.0999834078244824
-0.0398900704488014 0.0158784194149869 -0.0709371091017969 -0.0323236974117143
-0.0177952665288398 -0.0399424197315411 -0.192392445049398 -0.126527731816488
0.0226374940204448 -0.0452105615389225 -0.17801901700409 -0.455814559429215
-0.0765975471892767 -0.159620380082904 -0.209314508001335 -0.215742334504895
-0.137319813610103 -0.0546387082925879 -0.154875795532458 -0.0132596509966317
-0.113034227515158 0.0681195041434038 -0.0464273667323089 0.0403927955250791
0.0218987995567027 0.113762498149845 0.0480440871752727 -0.0103037841528728
0.0925342403576349 0.0697417045436133 -0.0163874336023846 -0.104120448756337
0.109789218047339 0.000506371415305927 -0.149692037597429 -0.081185998843639
0.085605966310572 -0.0554736331494884 -0.219304680213895 -0.00568347554883719
0.0882517797137404 -0.0683182151905581 -0.236299713135098 0.0318384520567576
0.102237848556055 -0.0504496242751427 -0.25115602245883 0.0203803962977946
0.150588096176577 0.0201521404350765 -0.231550675008118 -0.0609516542505445
0.114097155767076 0.1166513651079 -0.124452603060881 -0.14155997816237
-0.0106429323341708 0.168961777798499 0.012532622860191 -0.0720150748773061
-0.1924094647323 0.0873308913798295 -0.0834691213541678 -0.0173520950648767
-0.194429039187565 -0.115472341449891 -0.192232891231322 -0.127710242443443
-0.0913321873384678 -0.216599505102971 -0.156475844024355 -0.426542698119912
-0.138896873251854 -0.273758170382864 -0.191996312878717 -0.134700321530377
-0.23006189197813 -0.0973586893198983 -0.128724254924556 0.00430291548754206
-0.19484603259339 0.094305558607815 -0.0460424343466171 0.0540748994251285
0.00301452399275437 0.187783561266767 0.0458000618237559 0.00119869741530379
0.132492443279416 0.142332949323173 0.00393418174224165 -0.0788535462076738
0.185491328357526 0.0379323315104508 -0.0999997566997381 -0.0796691791059062
0.168510416055093 -0.0572131639573203 -0.16750272921506 -0.0265851462451596
0.174917665124835 -0.0817473130573453 -0.182132171549914 0.00458325409491678
0.194182874316835 -0.0530384791382508 -0.184880508530358 0.00138846462981925
0.254325556606676 0.0629763943551181 -0.168581961476836 -0.0495703992571687
0.17783442648357 0.221009705914734 -0.0933095926497065 -0.100661676768143
-0.0324107218536247 0.289982262041456 0.0134492467710887 -0.0350497746798656
-0.323098834757602 0.152132603539738 -0.0829883973082121 0.00160885446013496
-0.348935276065995 -0.176590022209516 -0.166577809337011 -0.1105117981331
-0.18933870019051 -0.357852550824843 -0.108425504896247 -0.342369084332945
-0.192016032653814 -0.355751728605051 -0.149172660418098 -0.0173434321954583
-0.320770397951127 -0.123424508360633 -0.0748031150496939 0.0291809642082492
-0.271896919910777 0.131968569628776 -0.0359761842458978 0.0602096672973222
-0.0103196608635696 0.263448123762356 0.0344772992689153 0.0148486377346811
0.169985544247802 0.205379739782333 0.0257517863302062 -0.0339427844944051
0.246157009316335 0.0706679233050461 -0.0288729226935999 -0.0630557034588913
0.230863345960311 -0.0528739444268032 -0.087346920936603 -0.0433694306201252
0.233970293665903 -0.0828577541895125 -0.100261697128287 -0.0235236000091799
0.252900954348561 -0.0456806739218932 -0.0925199640539327 -0.0174956136557646
0.319320246736305 0.0960325191271345 -0.079350125782434 -0.0334094002788413
0.21731271482283 0.291409147149786 -0.0453370945634857 -0.0466172572501441
-0.0456022315937561 0.368650083713624 0.0154167472670162 0.00713860737932577
-0.40111573244149 0.197760055238674 -0.0654320294570178 0.0205532191775166
-0.448084239771926 -0.206885918615148 -0.111416024153491 -0.0768664965163547
-0.252826181005862 -0.438534968078417 -0.0392683775292689 -0.215886758786868
-0.224134082401987 -0.390630460178081 -0.0798542466735421 0.12525931775585
-0.378825969083004 -0.12630122449882 0.010981126627536 0.0584463428135653
-0.319105688761574 0.166573135304863 -0.0155061685711139 0.0563658602476987
-0.0163165063651645 0.31414714563144 0.0191941598875474 0.035931842702122
0.1894213882991 0.2419007001754 0.0559202479203648 0.0275045486723259
0.276548609826988 0.090325187321351 0.061017223246713 -0.0349202489546771
0.260901236293841 -0.0432586184769964 0.013333005186454 -0.0551357391050656
0.256304779826002 -0.0717893466122779 -0.00186468361298093 -0.0481922519447512
0.269940274657629 -0.0303288894781419 0.0113368644532795 -0.0338808437604008
0.327052496861739 0.111735376007989 0.0187513709193961 -0.0154733393376585
0.213442138986688 0.305767861390676 0.0105203422541969 0.00968403575369737
-0.0529663776089868 0.369340402508492 0.019986535288772 0.0468880758650327
-0.400539485719649 0.195752422408767 -0.0327602064791297 0.0359786409026287
-0.454596799364709 -0.20252422666586 -0.0363300882593336 -0.035827810119207
-0.265227233515371 -0.439752178006214 0.0374513876774057 -0.0706739200930857
-0.222054854810629 -0.362092240286868 0.00783537103064514 0.269863950750992
-0.373955682438276 -0.110449324435237 0.111264599857968 0.0866070334971319
-0.307401988266543 0.169343765808865 0.0112469216572067 0.045404045915614
-0.0220768245579191 0.304396787984589 0.00224364165485779 0.062799311083497
0.174692460430944 0.235291085524006 0.0893199537987689 0.0952427454341174
0.259473079542704 0.0946515265725404 0.155701605814018 0.000459483346060554
0.248984974604991 -0.027596357645556 0.119205551513382 -0.0623144701498634
0.239317918205982 -0.0500921456382051 0.0960046712040487 -0.0660563405408749
0.243961896872257 -0.0079673314010501 0.107138478848423 -0.0451532780710531
0.275169394211439 0.112344342163684 0.102414022860354 0.000709375549037971
0.162887120498974 0.263910902015779 0.0572015309898361 0.0548945418798598
-0.0587096000717763 0.289625033010862 0.0198787747250009 0.0710190739745505
-0.31870649969378 0.138971667001639 0.00354852902471002 0.0405637587214497
-0.367235144684664 -0.173631234669733 0.0352879752497325 0.000930831755715237
-0.22766810078263 -0.365783407947194 0.106405192874822 0.061257113444096
-0.179192819952272 -0.26948210265786 0.0939841033796602 0.389700565484938
-0.289887159016758 -0.0773221608396937 0.19886698600883 0.11240385589055
-0.229926148693946 0.128555644732714 0.0374373758437069 0.0308915104876241
-0.0245986345169643 0.225032517850774 -0.0132463385964583 0.0829472359822261
0.120257096480261 0.18062135479824 0.111645220687576 0.15319982201194
0.192219054123173 0.0809322377840618 0.231800194632985 0.0380720749725456
0.194415984694619 -0.00742266490746408 0.212265181600556 -0.0603634773183115
0.184906915482393 -0.0200184740445586 0.178959094921365 -0.0756348323511027
0.183159997773308 0.0149550160488461 0.178920207840215 -0.0479256070819762
0.183263160401685 0.0983485036424746 0.156281593582391 0.0155386392475377
0.0835747281784281 0.187405840517114 0.0813502236536168 0.0812561949556652
-0.0648087551469188 0.167666874234703 0.00866486649210862 0.0742852193072497
-0.193863722570072 0.0540153187302034 0.0288517176529039 0.0329082124148929
-0.220490283228843 -0.121953289809266 0.0810279065977175 0.0230908535373373
-0.153559164901086 -0.239367656339305 0.152849372647255 0.156828463169281
-0.105195426407535 -0.131184750467754 0.159384664173785 0.464705776950796
-0.153202247256755 -0.0291795944807193 0.254943324010813 0.131670884929727
-0.106958522452925 0.0658563642826616 0.0616484159232784 0.0129451988273935
-0.019958988246846 0.101832752988497 -0.0272334284228772 0.0862908285829593
0.04469114269302 0.0930595803528179 0.112816012475615 0.185853391908154
0.0898501521595799 0.0549286601344086 0.271796151487877 0.0700003217379386
0.106585131760913 0.0159527658605658 0.273754282960243 -0.0495082028430312
0.104455775773885 0.0147637147763948 0.234127275223294 -0.0736311335221284
0.100842152155086 0.0345133385937432 0.219510868896348 -0.0411748090904204
0.0767553754900289 0.073496856078677 0.176820745141723 0.0299718649393492
0.00344306194005341 0.0990839331747367 0.08203804633027 0.092193727249736
-0.0630158799885507 0.0481631433951334 -0.0086633833156188 0.0613884262398829
-0.0673231033868874 -0.0189986271865918 0.0399984326059959 0.0180490998632589
-0.0713469257404162 -0.0581289025046887 0.100222700284507 0.0323206169277186
-0.0681164093225044 -0.0895491785975436 0.174324815574981 0.206712585510765
-0.00920762051752275 -0.0291470560312687 -0.19498580815213 -0.260320261383351
-0.0413639796010327 -0.00436128731515778 -0.159935852302705 -0.0288069754569138
-0.0310839604146556 0.0441186175958325 -0.0417585053241628 0.0202710317491283
0.0377525694439544 0.0420355902977289 0.0409553450970567 -0.0235818111939707
0.0496206998204366 -0.0015651384663497 -0.03453273326621 -0.114530202777583
0.0271003202478054 -0.03478001082462 -0.173441959332576 -0.0749962771878697
-0.00467243163106967 -0.0447668057461145 -0.234007510156866 0.00483866371709624
-0.00952405315926114 -0.0434504448506857 -0.251619969996237 0.0411841053013867
-0.00404013399802834 -0.0369730914107014 -0.273370215417247 0.0245803927577025
0.0253865895815019 -0.0215081432886041 -0.253193449581974 -0.0688964490054421
0.0367882859145237 -0.000272088881050736 -0.130466600142351 -0.16241370499651
0.013143262554731 0.029934310916783 0.0127146790229413 -0.0981446283528289
-0.0393631494236324 0.0143864371508489 -0.069046233866491 -0.0340177234736326
-0.0155926311556642 -0.0392292265504458 -0.18105822293117 -0.133536294430965
0.0228249479370697 -0.0429690662550253 -0.15481185303118 -0.454540500983016
-0.0691445457520092 -0.158541794743768 -0.197050946788891 -0.222662588938986
-0.130966284166017 -0.0581087387301121 -0.149619435734384 -0.0209580563152145
-0.112485052922854 0.0621684154299531 -0.0471342279734766 0.0390402373824854
0.0169559125379189 0.111085686756864 0.0477373472560726 -0.00799301683376722
0.0884020063094948 0.0713058369125753 -0.0113639102661704 -0.102918622717434
0.107057766699099 0.00411583243770991 -0.142537573805905 -0.0852521147426948
0.0850243050389353 -0.0503935254680023 -0.212795019192761 -0.0145089904005577
0.0883400679748219 -0.0631052462966571 -0.233089098507364 0.0217082040963517
0.101911626995717 -0.0439460971973327 -0.246220251488557 0.0100115930236023
0.146759885755622 0.0251768276079541 -0.224078291208091 -0.0675286393753974
0.107952917545845 0.117961301517963 -0.115993767895987 -0.141150616602196
-0.017121820454513 0.164027875987829 0.0145144006560224 -0.0710344494515987
-0.191950674254829 0.07810467735447 -0.081896151947673 -0.021028271348369
-0.185845479398637 -0.121183558975221 -0.180299482926122 -0.135277652091589
-0.0820435086682154 -0.216267082684688 -0.135218967849683 -0.425300832399593
-0.126318622773713 -0.273029153042222 -0.182866074429614 -0.143189576508867
-0.220351001839464 -0.103803754733747 -0.125437997450268 -0.00395229667000175
-0.194184484780805 0.0846835053098007 -0.0466994944251514 0.0525173617213105
-0.00458374518163609 0.182403277144194 0.0438243475760817 0.00354742137091488
0.124251343306352 0.143480809641034 0.00785218878040012 -0.0768674872171389
0.179392126268056 0.0440182243300159 -0.0944095350427423 -0.0823497726472521
0.166168757953252 -0.0491474575747309 -0.162531848666926 -0.0313569286189786
0.173064923841346 -0.0736944118739267 -0.179087731172842 -0.00278716954241746
0.192400142754244 -0.0428889418888265 -0.180809396756272 -0.00640463995105232
0.248330216512038 0.0704608287163886 -0.162098713413827 -0.0542684044360526
0.166679979730537 0.222205255636828 -0.0873468012019296 -0.100002067506596
-0.0436147299365446 0.282879925439488 0.0146836156793844 -0.0353293303610915
-0.322007971540652 0.135451467407153 -0.0820837434438565 -0.00355810585557147
-0.335402363702087 -0.186689356436846 -0.156545796197287 -0.117228516864157
-0.172628808056458 -0.359232613118414 -0.0931754543912209 -0.341556680329701
-0.175206392424898 -0.357261995453227 -0.146508875078997 -0.0262727650210896
-0.307528382002001 -0.132871731650159 -0.0732240190322068 0.0227745155639496
-0.270993355580405 0.119743903220494 -0.0362820457541125 0.0577361591582528
-0.0200003179582109 0.255986335319741 0.0319013139442331 0.0159955435291704
0.158239108072437 0.207407612108516 0.0289295683103358 -0.0327497839317194
0.238268967031941 0.0784577297993381 -0.0251911512215154 -0.0645252818784599
0.227161382688681 -0.043163420740794 -0.0835905878242177 -0.0443757486628753
0.231643551617645 -0.0722544448455027 -0.0976822684860173 -0.0265938445854115
0.250290061673446 -0.0338080253360927 -0.0887408053938467 -0.0211121300244673
0.309977796140856 0.105205457630054 -0.0757229929515635 -0.0354171520624664
0.202656200139898 0.291873038303555 -0.0423869935626005 -0.0439775243195237
-0.0596492716332047 0.358525352864937 0.0155909616008316 0.00672278344703138
-0.401119812192237 0.176916943689332 -0.0654789044572962 0.0157762059588814
-0.431610990036741 -0.220873371499692 -0.10438871186877 -0.0825635440107138
-0.231710683058973 -0.441269009271026 -0.0292485785539783 -0.214277817884069
-0.20414115738672 -0.392555285327934 -0.0842228541945066 0.116594573211128
-0.367153509870854 -0.138825473973993 0.00877498462833849 0.0549196751008489
-0.317871067189427 0.152055161022942 -0.0151120082014831 0.0545916957545244
-0.0291034341354178 0.304822288507243 0.0165936356246984 0.037034397107626
0.177146176286277 0.243648883136274 0.0570825114284396 0.0285670030654175
0.26731217322248 0.0992874164652091 0.0618414405171285 -0.0333775761601624
0.256243135124064 -0.0320747275008887 0.0146426856008046 -0.0522108564653787
0.252417014646559 -0.0609220676820078 -0.000185653131518847 -0.0466840545199133
0.265750675568003 -0.0182198161282341 0.0126690090470497 -0.0335611701663049
0.316689764820063 0.1214934708103 0.0195001338617222 -0.0143128905441546
0.199178056023922 0.305712206298796 0.0107073432153581 0.0127897407411877
-0.0650919329013929 0.358793132863523 0.0183211193261404 0.0459954556421027
-0.399556778245337 0.175221889346998 -0.0337602428590974 0.0313751881602818
-0.437872455641207 -0.218001893426453 -0.0326370750168784 -0.0379060923245021
-0.243051838262825 -0.443516201666919 0.0394417161057909 -0.0686835050801949
-0.204234369039746 -0.364429365553796 -0.00367269317443754 0.262646824977469
-0.361573566781675 -0.123526123132417 0.105777727359065 0.0874069416275397
-0.308317943367958 0.153809932385557 0.0111154386800533 0.0446194436826007
-0.032333137214433 0.295942605826835 -0.00115425414192676 0.0629497380551358
0.162352006517051 0.236781018334094 0.0866951286206926 0.0966999292379787
0.250328334514601 0.102359987747689 0.152105329368769 0.00423465181928198
0.244919882637566 -0.0176250825859959 0.118262333670434 -0.0543437231874944
0.2348263714837 -0.0399538498687127 0.0966476244200464 -0.0602923485546896
0.239338524358773 0.0019617596337311 0.10642260895141 -0.0403550777375751
0.2657679563946 0.119426681596631 0.100878746265646 0.00476881031331588
0.150844998114906 0.263920461194996 0.0554694101002582 0.0582688774623283
-0.0696846706567553 0.281161197623544 0.0175492480306265 0.0700940221895026
-0.317193593658469 0.12253125254609 0.000895614132918316 0.0368514638596776
-0.350985780153727 -0.183918104138746 0.0347284095887733 0.000338822725160024
-0.208443630666174 -0.369894125021454 0.101833753932045 0.0643676030463487
-0.164431556060396 -0.272374464590178 0.0752205246811312 0.384638599336134
-0.281223593043513 -0.0885971988312671 0.190137181333673 0.116855100113144
-0.230499576832485 0.117262149183907 0.0377855867988824 0.0306921376235809
-0.0330300961870514 0.21899901269371 -0.0173065196462224 0.0817257038049174
0.110818476822791 0.181968450919112 0.105451273846577 0.154584569440345
0.184775141947918 0.0879470882103671 0.2252967041456 0.043402109132471
0.19074762475312 0.000463767202075848 0.208661998464641 -0.0496476169729781
0.181214303353864 -0.0126603394945576 0.177886418004615 -0.0665619291707416
0.178715355308311 0.0220315255199029 0.176742404418734 -0.0400282236176286
0.175996913862099 0.103161756057143 0.152526123962829 0.0209478763651242
0.0756223407748183 0.185843779071077 0.0772787997054675 0.0839566601376675
-0.0700651102394796 0.160760206798383 0.00651931349938436 0.0732505110182735
-0.191294148021373 0.044331955456707 0.0269169665349342 0.0305048291820461
-0.211304740484065 -0.12772217729882 0.0782248125592385 0.0251120971396165
-0.140159734042836 -0.241814868971112 0.142599531685548 0.160017510406743
-0.097097731939124 -0.133862983617297 0.136055114519125 0.4615383478187
-0.149005224606149 -0.0358894090537034 0.242569145180785 0.140225357216433
-0.107548339139748 0.0598957573955461 0.0618454596524477 0.0145906221205777
-0.0233671530336699 0.0993158674091856 -0.0300397353997465 0.0844984422244037
0.0405496052303218 0.0932789344500967 0.105062420738407 0.186490889917697
0.0860340225082802 0.0580347881442005 0.262591987569541 0.0778153246013163
0.104108447089394 0.0199045424435904 0.268468328893445 -0.0370065012674876
0.101555430949767 0.0180677727845499 0.231864116776238 -0.0630816697239755
0.0975797171803407 0.0372154035272377 0.216040414520423 -0.0317611420235435
0.072593305453435 0.0746827381577937 0.171187465937348 0.0359121657699542
0.000142529222374466 0.0976298630578305 0.0766845670784433 0.0933513706487973
-0.0638037760370265 0.0448982501904059 -0.010270575783629 0.0602095940739633
-0.0649911521018445 -0.0208694350280773 0.038230990012 0.0165886811284578
-0.067046891793227 -0.0598188068987449 0.0955980288070989 0.0355155542558703
-0.062098768053201 -0.0913218802517168 0.160809220627629 0.209816759070603
-0.00812764748152135 -0.0292384725228235 -0.188050221002288 -0.276198019883245
-0.0410265924274162 -0.00565348202960513 -0.160635748194284 -0.036851880263178
-0.0332261233208815 0.0440826277633422 -0.0430665729981177 0.0206854275212593
0.0369417336732535 0.0433532478127594 0.0422823310156547 -0.0228469733041649
0.0508695299017679 -0.000443429043852704 -0.0307037291527577 -0.11869414836961
0.0285223669921376 -0.0351178397234606 -0.172867946127592 -0.0828957500022406
-0.00350229262875434 -0.0452908863563006 -0.237587575352525 -0.00599171363265659
-0.00807639110035045 -0.0438263516394711 -0.259161595590788 0.0319304731356881
-0.00280038045787878 -0.0373953313751108 -0.279927863632016 0.0139678736027793
0.027398406590376 -0.021423925951889 -0.255013885511927 -0.0796145547910845
0.0377772057542563 0.00061198139507209 -0.126736881326054 -0.170487664889732
0.012107201599561 0.0304953133044526 0.0162675242051924 -0.100670301161249
-0.0402502217893254 0.0131970894961145 -0.0698117803987107 -0.0379739565600833
-0.0142408562994676 -0.0406320626117747 -0.175774498583208 -0.145881836176222
0.0240228091172287 -0.0422284922122106 -0.137634488153404 -0.47090536748205
-0.0645642860318644 -0.163059478234629 -0.19197488666118 -0.237660327862012
-0.130223231179406 -0.0641388914746584 -0.150692736448921 -0.0296877432665902
-0.116112413089676 0.0590817168149284 -0.0489301157463913 0.0386213834722725
0.0127266375277995 0.112719333391541 0.0480568235509613 -0.00597558440999385
0.086809558018721 0.0759003180898774 -0.00669417784495124 -0.10551757734143
0.108539115249095 0.00801173093987119 -0.140867031301064 -0.0929322386655601
0.0880434735844593 -0.0476430542693036 -0.215473669784868 -0.0236507929978876
0.0919894135207574 -0.0602904416329925 -0.2395363576366 0.0129346758930152
0.106513032248188 -0.039632548588616 -0.250438986967964 -0.000510168524369065
0.14939571636149 0.0309974119548379 -0.225139603836549 -0.0771328157824182
0.105977437069144 0.123263045239645 -0.112980449149872 -0.147074334202944
-0.0244176866096456 0.166508488456065 0.0177800534133059 -0.0733634391070509
-0.19861336479174 0.0717435654853028 -0.0831213662315452 -0.0251530293388808
-0.185352059276337 -0.131019299823567 -0.174760214578083 -0.147676872794345
-0.075397924435065 -0.223953039597269 -0.11887705894537 -0.441732559018509
-0.117676669197683 -0.281820149651587 -0.181280251743767 -0.156395611796046
-0.219570013063436 -0.114646687507103 -0.126459970468248 -0.0120972892977941
-0.200928557363849 0.0786006731544153 -0.0492057835490586 0.052191371034716
-0.0125660810485521 0.18419338214711 0.0437983645751347 0.00583910178844769
0.121146925712667 0.151346915196898 0.0120648941879102 -0.0788901987032392
0.181016173843831 0.0518757888948894 -0.0927837973681056 -0.0884574563601272
0.170914675964337 -0.0431758838254536 -0.163157215274599 -0.0382492789063528
0.178932150253861 -0.0670931620593196 -0.183137274178091 -0.0090668587567443
0.19837746547325 -0.0349712350608597 -0.18336779934862 -0.0140568169820629
0.250573639166125 0.0807432132724581 -0.162036854729617 -0.0618106220468575
0.162560817210759 0.23251605532765 -0.084216600869839 -0.103010933906018
-0.0566995464723488 0.285147383596885 0.0165521997588436 -0.0368526582519682
-0.334198569453386 0.124725690887853 -0.0846393466477493 -0.00853771030716934
-0.335603402911814 -0.204144441595698 -0.151317841483699 -0.129086853910141
-0.161927088505705 -0.374298798248702 -0.0785684963363029 -0.354835781110767
-0.164796234815329 -0.370708545534653 -0.149095216787054 -0.0357304710892763
-0.308538651724598 -0.147822804030447 -0.0754481715916187 0.0163750061681944
-0.28023919008501 0.111206939765625 -0.038270985005646 0.0584904602582767
-0.0311510434175669 0.258374454513047 0.0313031099141212 0.0192033022450324
0.153429235370905 0.216920077625059 0.0327934919127682 -0.0329490693241558
0.239999166470686 0.0895110534869895 -0.0236019151719944 -0.0680045482828255
0.233145435003293 -0.033727106325396 -0.0828752661496988 -0.0477627152979934
0.237314874258467 -0.0642033638015314 -0.0988344643501837 -0.0306559488980405
0.256528368554973 -0.0233223676438537 -0.0890580756537059 -0.0262400020208503
0.312265245524745 0.11926418109123 -0.0744041794303599 -0.0384666291509596
0.196470170380004 0.304675679278042 -0.0404381973385903 -0.0442140198969257
-0.0761740055615945 0.361507070316786 0.0158887315257617 0.00652273956728029
-0.417452094683974 0.162309740467424 -0.0686693969958092 0.0108326587116279
-0.431693596864308 -0.241475605059494 -0.100931790646491 -0.0912722542058585
-0.218668154976908 -0.459526213260434 -0.0202916473382958 -0.221896373683212
-0.194258380029859 -0.407791650543173 -0.0910601630909501 0.112617124566162
-0.368334474252583 -0.157764842440128 0.00633185042556552 0.0533794797315353
-0.330278220363524 0.142075918988558 -0.0158795461081383 0.0552275607666283
-0.0416407237250533 0.30911619598009 0.0143930109932293 0.039711438708751
0.171705387482932 0.255870544691581 0.0595505186436101 0.0309167382784746
0.268660919813244 0.112512085692789 0.0642601005046717 -0.0334843041542972
0.262593019595764 -0.0217187837866437 0.0166500265158703 -0.0515330227464552
0.258501849707946 -0.0515122901183107 0.00115715490634121 -0.0470297806393769
0.272414400416325 -0.00648094720508584 0.0153004800033343 -0.0340900157411681
0.319203188523798 0.134868799892614 0.0215983105179977 -0.0141000623141716
0.194655480569653 0.318046355719961 0.011489702791354 0.0166680533306353
-0.0833146801974015 0.362866260935493 0.0180167634119122 0.0468236066273445
-0.414077005729339 0.162720452805026 -0.0362773754260489 0.0273733101442644
-0.439678757153329 -0.239012405174183 -0.0302311727931961 -0.0427249026790761
-0.231023926713078 -0.462989587575921 0.0441131178492418 -0.0685215976988424
-0.192476270861002 -0.379512214929958 -0.0152460714044738 0.266009222109011
-0.364059998271596 -0.141689294270808 0.103500380502581 0.0913682926475732
-0.32043672265749 0.145468380429961 0.0118095266019385 0.0457603005746137
-0.0458038764200006 0.299827488421202 -0.00423028322012668 0.0656242966123641
0.156085512705208 0.248298064556595 0.0874488278543979 0.102191191678628
0.251373916888817 0.115581854941545 0.154873391175037 0.00814375758855665
0.249984496446578 -0.0078090610279711 0.122140833363684 -0.0490221501608265
0.239819423435791 -0.0312355183804012 0.100599137401993 -0.0573048657967101
0.244457412048777 0.0123726275456984 0.110548150504936 -0.037009857660447
0.266768296150951 0.131863951946602 0.103305207177719 0.00885304152233119
0.144370190904482 0.274289042899825 0.0546167380167962 0.0638321333957763
-0.083429615439787 0.283434659144784 0.0158957911604827 0.0716746557883753
-0.328240147544315 0.110551232175584 -0.000604635286532019 0.0346947986234735
-0.352775996066238 -0.201321527058411 0.0359174254815971 0.000124869443721595
-0.197900411848441 -0.38619220576765 0.101315723278978 0.0697746244102638
-0.155901238079702 -0.285888300391668 0.0605042465364372 0.394840545700601
-0.283949517775312 -0.102382123394743 0.187653495174617 0.125685190370593
-0.240488134715694 0.110591934157533 0.0389821996774472 0.0319703527564134
-0.0428053261937398 0.222024628959908 -0.0211225017381784 0.0840452424961086
0.106038686773625 0.190598007192563 0.103993561186744 0.161778409239765
0.185387121221795 0.0978135627520844 0.227878541410914 0.0520004669221652
0.194378774254482 0.00864677480523159 0.213168049494501 -0.0401955849136228
0.184404738528788 -0.00525008358339969 0.184509004769444 -0.0601200707263641
0.181762305048931 0.0292358282325577 0.181721708590846 -0.0334331596212423
0.175239979044835 0.111273329418575 0.153992830086463 0.0277093641452922
0.0704369782688692 0.192062119374498 0.0756324704797823 0.0902299590318862
-0.078814945561002 0.161030127614367 0.00460314073172072 0.074747987806212
-0.196000829501282 0.0365803321957201 0.0253322046171766 0.0297169098971649
-0.210218756951489 -0.138814543273869 0.0778428220273043 0.0278533174067562
-0.132476542201007 -0.252634586914009 0.138997799020193 0.16933815099892
-0.0927082302565226 -0.142057706025763 0.118764071892415 0.478943018315644
-0.150779855038296 -0.0433651470281372 0.240549980104903 0.15389441931104
-0.112752650216171 0.0564901715938223 0.0637023303950435 0.0165056669724751
-0.0288276124271287 0.100369737214776 -0.0344607065748917 0.0853291405263223
0.037477011247106 0.0971839638749187 0.101667212635304 0.194941930068748
0.0855709046942031 0.0640963588301126 0.2647728397383 0.0879904413547115
0.105637207338104 0.0254549911845968 0.274085342554737 -0.0258994789395901
0.10247959211416 0.0227348520904841 0.238825109507814 -0.0541103310990735
0.0983402637903728 0.0416636428312223 0.221388870489713 -0.0237095497655505
0.070556676646582 0.078743293383117 0.172317575670574 0.0426368007748689
-0.00313478804063062 0.0995700589942165 0.0744170051213222 0.0988755469332848
-0.0670024407943585 0.0432898660836152 -0.0124638675672798 0.0611300187189053
-0.0647324451288613 -0.0248816518547972 0.0378854088602046 0.0165829872040039
-0.0658665992085283 -0.0636493930526462 0.0948051197996149 0.0392978819473159
-0.0585817302894862 -0.0966413753633564 0.154546683262031 0.220938170012123
-0.00828968446148545 -0.0301417078924788 -0.194220409103223 -0.296248935252835
-0.0423436761798188 -0.00673323817181644 -0.168178437735048 -0.0425994433633496
-0.0356580782148131 0.0458752416191469 -0.0455983269603323 0.0225692663691066
0.0382419275729035 0.0462767654923134 0.0451198055341129 -0.0234545773890149
0.0538192965101654 -1.53899755488205E-05 -0.0311778600235032 -0.12622427378318
0.0300461734914101 -0.0371878376636843 -0.180727874643302 -0.0893389744704232
-0.00375072432293154 -0.0480860767774101 -0.249544925432678 -0.0110805541871307
-0.0075133575083936 -0.0461187992872549 -0.274554252245671 0.028965384489614
-0.00191842857783257 -0.0386662576967178 -0.295009275039001 0.010351581332157
0.029605444377328 -0.0224484148195306 -0.26777122711532 -0.0875185963027882
0.0397432333585153 0.000153061643688245 -0.131815725714913 -0.181256914658315
0.0126651765328444 0.0319648230879548 0.0181532885260199 -0.107419035233439
-0.042370862468618 0.0136947908205771 -0.0738856193292944 -0.0405875602528709
-0.0145476795027183 -0.042540646290809 -0.18022131754553 -0.159978388913819
0.0253854017921869 -0.0434941604546932 -0.134968611661646 -0.501740119063179
-0.0660574230197186 -0.172241381404713 -0.199374325955486 -0.256513840186278
-0.135331859773477 -0.0691773534930444 -0.157726737016571 -0.0358135219646451
-0.123284469966085 0.0605357863485062 -0.0517895363626196 0.0418717734481424
0.0118096027087763 0.117816875620832 0.0502967937174449 -0.00576926653830621
0.0911126508488664 0.081146423092348 -0.00533593147326306 -0.112634559573218
0.114020624153479 0.00961978115936699 -0.147617880253303 -0.100589060451876
0.0925694432896541 -0.0483984696940971 -0.226350451428531 -0.0291192348030316
0.0973328250067386 -0.0618308852846702 -0.253035238192341 0.00906828026225561
0.113001926089601 -0.0388122819921519 -0.264084327058715 -0.0047659775453128
0.157761502937078 0.034582521146967 -0.235379812212409 -0.0843981228489925
0.110403066824062 0.131300367780019 -0.116759934879491 -0.155848254519281
-0.0288795929194105 0.174655453935058 0.0194138964224997 -0.0786850125245444
-0.21058239182913 0.0720878736019492 -0.0885198494621889 -0.0289893465590608
-0.193886785031946 -0.141023504992841 -0.18005270423495 -0.162692414880627
-0.0762149441901532 -0.23832631249393 -0.116888168962669 -0.471065386819511
-0.120805563652741 -0.298348479291354 -0.189991666899466 -0.171724596967823
-0.228423981195936 -0.123967898456818 -0.132772277248457 -0.0185093306183039
-0.211607269187551 0.0801137647026257 -0.0515720675082908 0.0549731861653006
-0.0158274236771305 0.192901759970241 0.0457628474616349 0.0074322030877553
0.125704750127146 0.16131736447056 0.0150361451669382 -0.083792169200738
0.190325185610011 0.0570138102779774 -0.0969548289210422 -0.0952660107517296
0.18071614661235 -0.0427151564573067 -0.171231468757544 -0.0427243722851934
0.188386498084066 -0.0681792537188615 -0.193361065234241 -0.0125612097453639
0.2101259703063 -0.032503330939009 -0.193470091620941 -0.0190683265745222
0.263459152788225 0.0884969263409365 -0.16956497699836 -0.0664852903013303
0.168676106719272 0.247172516324723 -0.0863088509427337 -0.10738314714368
-0.065700459031183 0.300290324893122 0.0180010739479318 -0.0399308956052187
-0.355652772095932 0.125902038012959 -0.0904770557813589 -0.0121309899014738
-0.351926313993142 -0.220985495993563 -0.155426571944632 -0.142243247408793
-0.165248257441027 -0.398210228916441 -0.0753713371331941 -0.378125612970474
-0.169075243298667 -0.393230882422121 -0.156763497662054 -0.0436590546388986
-0.323148021448143 -0.161465974830693 -0.0801613783377696 0.0123546429051481
-0.296258034205083 0.113527357625627 -0.0398857963447975 0.0608697495139554
-0.0366206397655864 0.270425046203263 0.0325803901153236 0.0215112402840308
0.159276314344006 0.231634032983875 0.0367375751278168 -0.0356779091276012
0.252593258656958 0.0981369567963599 -0.0239680600055562 -0.0735732702225093
0.246217206536123 -0.03152775162686 -0.0867344055438851 -0.0505092680953254
0.250184456983245 -0.0633198322505848 -0.103528043425221 -0.0336026298864987
0.272598766460513 -0.0193831923354197 -0.0933118085474829 -0.0300162421100383
0.329233215323245 0.129465244929297 -0.0771069109584282 -0.0421694129804981
0.203875636988966 0.323532526637598 -0.040347995695315 -0.0444991803069901
-0.0867390038116289 0.379933091669827 0.0174970151833553 0.00568956106403398
-0.444184935266331 0.165630320580975 -0.0733618513627522 0.00797592485728397
-0.452866025869462 -0.262632088171186 -0.102718011245876 -0.100792257678162
-0.224306002529247 -0.490825105022405 -0.0175068755210919 -0.235263259161683
-0.199405096805177 -0.432597669371063 -0.0980800008827636 0.114943664837072
-0.385546802555617 -0.172852609320234 0.00510963628901623 0.051961463628682
-0.350655938683667 0.144193129172856 -0.0166314302221629 0.057775812153106
-0.048837433541136 0.324237622527092 0.0143374131307189 0.043490681312242
0.177161239934452 0.27285435740903 0.064341216514666 0.0322830414494638
0.283001894839593 0.122476542499881 0.0673985289267311 -0.0367594454951069
0.277937127737803 -0.0190947476861683 0.0186122656633898 -0.0520710545058582
0.272047498546453 -0.0497242086576116 0.00212561657614941 -0.0495567696627448
0.288737740807523 -0.00213815233885086 0.0171056453362165 -0.0364896576695495
0.336194649807157 0.145759516821262 0.0235569974974817 -0.0141866893265552
0.20068420315407 0.337632056087744 0.0140446533984126 0.0203387285421731
-0.0934919324663043 0.381239089560419 0.0190403358145793 0.0485007435606025
-0.440214954352882 0.163519203472204 -0.0397807485634927 0.0258175343833051
-0.461044324328751 -0.259321565932936 -0.0299758319613903 -0.0483180213170252
-0.237211909764221 -0.494047653412243 0.0479442615997112 -0.0731032546809226
-0.199098845983983 -0.404892160603034 -0.0209923716931136 0.279483607411996
-0.382223107468474 -0.155880480040533 0.106606860152446 0.0952542148016858
-0.340354802538844 0.148630452974667 0.0131885497364545 0.0477971203428358
-0.0530318600193242 0.315612377282927 -0.00548853011511418 0.0699470492212133
0.161692395928808 0.265396732496055 0.0935098825505384 0.107688908276561
0.265356627100186 0.125874577596568 0.162664402243722 0.00903520293504651
0.264199261618733 -0.00387708689026053 0.128897411065065 -0.0480231701555859
0.252681584090353 -0.0285260458787349 0.107771180103504 -0.0580449746300324
0.258702064627566 0.0167301501241629 0.117935119340988 -0.0380515792926699
0.280455089407592 0.142051608681008 0.109293845040294 0.0101266678100564
0.149722567141531 0.290873975531503 0.0585749190452801 0.0707057028929285
-0.0928888372079515 0.296707364471885 0.0162984915544945 0.0754346538969188
-0.347816817818769 0.110758337599097 -0.00227241629812588 0.0331096263763168
-0.369871396327948 -0.217624071538538 0.0378748057303704 -0.000578746275324656
-0.202067143965811 -0.412429097221945 0.105507163847607 0.0746566093508372
-0.159798841858662 -0.305860670741307 0.0568335991715361 0.418651266005065
-0.297905230961236 -0.113540209297417 0.194869997075814 0.134722082606252
-0.25607115891745 0.112325493315869 0.0425696486483903 0.0336309566381973
-0.0497350247838515 0.233808622520901 -0.0238956922497601 0.0894905906166829
0.1086784820346 0.203755155246299 0.110007410026117 0.171982089023663
0.195425300674868 0.107161711339495 0.23945772454369 0.0550111128415093
0.205563302257381 0.0130775030895363 0.225074219150807 -0.0378951750727897
0.193916836389744 -0.0021227233550858 0.19531879188946 -0.0597791026883593
0.191763300594145 0.0337541480491681 0.192196997560007 -0.0325805206814725
0.184224684301253 0.119417221159584 0.162168200821346 0.0308149962400762
0.0723002453303079 0.203314120918567 0.0788956676523085 0.0977306796560393
-0.0864169337516737 0.167888704186724 0.00496085395178379 0.0788626040468395
-0.206770748803858 0.0350526016528022 0.0257965632807391 0.0291259404447593
-0.219644578065424 -0.149504043551671 0.0811542663027876 0.0299042472328632
-0.134738938996007 -0.269892704102179 0.143287174431647 0.181237728821102
-0.0946011558422148 -0.153098831312368 0.117343876069489 0.507436751185964
-0.158403091920775 -0.049218385958187 0.249678017191824 0.167524153489808
-0.119929122610616 0.0579794685708221 0.0682243411364754 0.0180037653662998
-0.0327914331456502 0.105572971940685 -0.0371617483159777 0.0904732571368748
0.0381601081202326 0.103269879850636 0.105790857690917 0.207550005619796
0.0903637914890611 0.0699139457200056 0.278338381406354 0.0955215113183579
0.11185593409838 0.0284749678643973 0.288216475004105 -0.0220543276384459
0.107555478860208 0.0259703946569619 0.253595419546079 -0.0531581867876528
0.102751064734491 0.0448127720316166 0.233727521164693 -0.0205029984634114
0.0733440869397157 0.0837481309861795 0.179981221320452 0.0477311459058423
-0.0047037115553853 0.105597659404052 0.0767891943951592 0.105404995067113
-0.0717462056850982 0.0443003494531045 -0.0137482580469921 0.064655050202193
-0.0677735467380474 -0.0283874482553277 0.0396066271373014 0.0153519800836154
-0.0678033698392355 -0.0677345902125241 0.097979252182729 0.0436142515020021
-0.0588445072818206 -0.103371461099079 0.158398019216415 0.237098595500685
-0.00957494433386075 -0.0296356241355728 -0.254818260344485 -0.283696380757769
-0.0440688298565212 -0.002405805967329 -0.182960804505529 -0.0208732258320138
-0.030949316657874 0.0528573253159208 -0.0432393158759049 0.0295904365910824
0.0461835016172557 0.0435170547631348 0.0412980976215056 -0.0351529124670066
0.0585018367383706 -0.00793744710675365 -0.0570493304671832 -0.127628147996737
0.0267601799223318 -0.0439989528600298 -0.206627214556126 -0.0649849693061814
-0.0105332572627628 -0.0506836140287924 -0.269725838309998 0.0300811869661036
-0.0143617110162808 -0.0490201583367258 -0.284151830717148 0.0714030377691959
-0.00776159554936513 -0.0412321368554128 -0.31094406961991 0.0539278427206366
0.0291281639494639 -0.0302060164531356 -0.295483186666104 -0.0526510633130462
0.0441073973083969 -0.00688815583677272 -0.166987944951246 -0.172288794263093
0.0170830341493112 0.0322272555424088 0.00257250509363193 -0.11856427606534
-0.0415606496109407 0.0211672852252183 -0.0845252871873458 -0.0313111443885691
-0.0196988654964342 -0.040097274103756 -0.213352848467251 -0.143878130286323
0.0176734273735688 -0.0448170661585219 -0.213477597066424 -0.514435864432865
-0.0952112310098812 -0.17309305394101 -0.24087835854361 -0.235708514306358
-0.151231865325008 -0.0562520011405477 -0.166315604446834 -0.0162489236424898
-0.121244824052073 0.0814018012254223 -0.0425416088920304 0.0462699514610647
0.0275691100003316 0.122359909524267 0.0508826500536509 -0.0199801616902554
0.108782541898538 0.0726417126152615 -0.0296737690110232 -0.122151457229264
0.122416805727149 -0.00648725079807376 -0.177161423201323 -0.0826959722982855
0.091083455283738 -0.0636935440482829 -0.249788285224515 0.00662435029828604
0.0936772199533771 -0.0801383916751375 -0.264992638515571 0.0474813385832465
0.113033780762079 -0.0586212486551488 -0.280668759518464 0.0330636141414359
0.171431780761045 0.010762049360593 -0.260470280924267 -0.0547883058070646
0.136677337844559 0.118696872668784 -0.146829689862583 -0.149670515165007
-0.0077148094723807 0.18706873660931 0.010569246042836 -0.09057585563604
-0.209025928102696 0.107828407718933 -0.0958240823161982 -0.0155539169748232
-0.220437999256575 -0.117088147548287 -0.214486331018171 -0.143389841001577
-0.116116994338364 -0.232939893782838 -0.189019204535954 -0.485655084433258
-0.176564636275439 -0.29909545776462 -0.204603029638191 -0.142360466770598
-0.258720348943136 -0.100767733175662 -0.13303633295324 -0.00191299114412526
-0.211751538934361 0.115061696253198 -0.0358712213518847 0.0571748388804454
0.00793535260439297 0.2046180637048 0.0493743328742936 -0.00870404381863691
0.155974502911079 0.152075875781926 -0.00546427343120456 -0.0998065783273889
0.209891053376927 0.0332419123517837 -0.127550933340526 -0.0883039655111898
0.184268334795675 -0.0685634501325237 -0.195130945117551 -0.0189096474322811
0.188797542210505 -0.0988985545103127 -0.206042283582539 0.0164739406946891
0.216626512810693 -0.0660000906864907 -0.207517545754386 0.00704557728464548
0.290473358300469 0.052815267627521 -0.187453759699286 -0.0484236088568465
0.214329266933079 0.230982605799006 -0.107169743467974 -0.1035338563878
-0.0291108180668454 0.32379183109398 0.0168122460691034 -0.0515814495876091
-0.351634186273171 0.186055067568141 -0.0928104408314753 0.00370755439672432
-0.396707893074747 -0.178055862152797 -0.18890077646185 -0.121465672834737
-0.231474186934915 -0.386868404539696 -0.135184187617611 -0.392715851328167
-0.246548633355617 -0.391863433135256 -0.139911290268567 -0.00907307333407048
-0.364241474453728 -0.125599744761913 -0.0674920664311043 0.0207297018020926
-0.296998937418178 0.163261308839426 -0.0184605934624859 0.056148661318037
-0.00366625779042396 0.289399195790145 0.0386808293500609 0.00448559757436708
0.199998257885004 0.222023070591436 0.0241819970619181 -0.0563601510817502
0.281396103871889 0.067413332499101 -0.0504756012714209 -0.0784184232739197
0.255860007079305 -0.0662650265195127 -0.107548625885402 -0.0418541461580832
0.254022834476179 -0.10237767884668 -0.115050042827313 -0.0189448841275141
0.283169828133303 -0.0614585348959377 -0.104184068526154 -0.0197394496479939
0.363850781071046 0.0852802009095276 -0.0853888241615996 -0.0361856924945088
0.26137103886783 0.305209763329303 -0.0483730010967712 -0.043924241467532
-0.0414507865699189 0.410488401333337 0.0245291257958068 -0.00426242211645483
-0.436952451114652 0.240473323872353 -0.0710726824447477 0.0223978859606516
-0.509714432627889 -0.20705330802464 -0.12804750975064 -0.0827926192111461
-0.304920472077175 -0.475316330749484 -0.0539645778118403 -0.250604539923217
-0.286247341502262 -0.43420173277485 -0.0470272399765569 0.151830898184732
-0.434614579951404 -0.128178687981117 0.0319718120964197 0.0488257646974557
-0.35024845012839 0.20473102857351 0.00805046448903638 0.0449681164080908
-0.00945626716711298 0.347349707515921 0.0237887124672409 0.027615069643865
0.223967790154144 0.263463056165945 0.0643293870723017 0.008886710210197
0.316538550207924 0.090487658812645 0.0499599622312595 -0.0554126343286697
0.290448824394773 -0.0575845091742634 0.00367070992350967 -0.0620707773505694
0.279677680450649 -0.0911578196289688 -0.00639449184021569 -0.0507131574782906
0.302880046233228 -0.0446177002002771 0.0121176539611992 -0.0431669976060375
0.372947040495003 0.102723240679331 0.0248036637935505 -0.0221585279175628
0.259308153994449 0.320830060615757 0.0183265028601374 0.016261964293237
-0.0471613505172615 0.411852207626618 0.0329564271099243 0.0419599755621994
-0.43349324927392 0.237585033521632 -0.0323098799627134 0.0357175297806226
-0.516752107138267 -0.202524129107701 -0.0442764632349709 -0.0372167938129203
-0.319876545063833 -0.478373325610561 0.0380140253094639 -0.0868511147443647
-0.283131655629531 -0.403371322164293 0.0615292080810609 0.312662336241477
-0.429777279944305 -0.112701972489378 0.145924316700722 0.0789340923107458
-0.341088805086458 0.206864841017262 0.0374442441777405 0.0292521553394838
-0.0157754654221474 0.339624566637344 0.0080876965336808 0.0601441158105933
0.204992650933629 0.258356851214499 0.108177220970063 0.0844567432675492
0.297954120443047 0.0968735176885827 0.159098240906754 -0.0230899044201107
0.278154029172025 -0.0390441148980141 0.123353629671354 -0.0760152056179658
0.261096396055009 -0.0647545929289193 0.102796948910844 -0.0761362233708428
0.274020232750706 -0.0199225934084264 0.118782476555991 -0.0595071187053612
0.31306561246989 0.107284798752523 0.118312998081506 -0.00933916147094666
0.199356173824347 0.279972633933384 0.0734016488558095 0.0629519999619752
-0.0574407567753969 0.322988372216637 0.0341280241147367 0.0731881841365665
-0.34549226548228 0.167642776506406 0.00675134446187544 0.0374905654379451
-0.416491423016536 -0.173620388966626 0.0346724318246183 0.00131864879231841
-0.268628989989867 -0.39944557537689 0.120329350844444 0.062569874933082
-0.226137964004252 -0.305125751108168 0.157957743059835 0.445963316393682
-0.33593053963283 -0.0790688269311627 0.242071395468986 0.109729519058046
-0.256828588455542 0.156793707068882 0.0624215887491893 0.0143908558377942
-0.022975158143773 0.253384855534329 -0.00712524514102993 0.0873165290525866
0.139954561531009 0.201449014276377 0.139945587280642 0.152126024601855
0.221009683378334 0.0874016278409928 0.251199868901858 0.0154312211323028
0.219153017540914 -0.0140070381087241 0.229628877573061 -0.0804342985961855
0.203156421627059 -0.0275489274331452 0.195575123429289 -0.0918181599542281
0.206109432468793 0.0080488413472329 0.1990961150503 -0.0636365826118391
0.208756492469653 0.0985888971888154 0.17620809614812 0.00597667340161618
0.104680877839838 0.201382154384027 0.0993286017609984 0.0896990845375121
-0.068103365278334 0.18686573602639 0.0208431679042839 0.0808779229315934
-0.210348245806456 0.0665752636526204 0.033714262258302 0.026368104923661
-0.250241060673308 -0.12340630684764 0.0859074909494022 0.024843427019266
-0.178153407626565 -0.26201068082607 0.175282701393218 0.170718758495052
-0.131834498586716 -0.152257455244967 0.223198169343709 0.52773840482207
-0.17862094848953 -0.0300336597324756 0.29804396037243 0.137929023916599
-0.12029753064803 0.0794754015224321 0.0815325940759385 4.44375429942755E-05
-0.0217148039676381 0.115472693872557 -0.0221065320573903 0.0965540740564474
0.0511694582890254 0.1057335804124 0.145320391958465 0.195396501329791
0.104579592872092 0.0631742520436857 0.304554264982365 0.0534740375585447
0.121802347840867 0.0159550751412721 0.301923214968628 -0.0736332199533885
0.116776861632609 0.0142051866238885 0.257280566085144 -0.0926883034076297
0.114603145473719 0.0325868850227922 0.244922992613759 -0.0563143961658292
0.0879643328654019 0.0776734072590615 0.197497151916171 0.022398569889557
0.00974771906798168 0.11103966284 0.0971893589376855 0.099270821608238
-0.0691335860780787 0.0562347232683048 -0.00273992999784289 0.0712473122139804
-0.0748942863862126 -0.0198428540151887 0.0444108059018417 0.00958867796272898
-0.0809234490987272 -0.0612169967993305 0.106534827743714 0.033881406337352
-0.074694864537747 -0.101075795785688 0.200359033294342 0.228897125121633
-0.0111097894484867 -0.0289925102780522 -0.285070320105245 -0.274370579946847
-0.0446390783025021 0.000218173140328024 -0.18953301525988 -0.00877995565481242
-0.0279924178230474 0.0561666438895838 -0.0413874627191258 0.034633274424116
0.0505393264589076 0.0406189231298072 0.0391786661345886 -0.038939530649337
0.0596391367613947 -0.0130042892021895 -0.0692919753409909 -0.126452780907834
0.0228193763936251 -0.0472342353572546 -0.216463124142281 -0.049235880005811
-0.0156991889835051 -0.0508819893282054 -0.274255750719764 0.0504859952174448
-0.0186636307070379 -0.0490424659323869 -0.287261622592118 0.0947957227194061
-0.0105656718078885 -0.0418276970335244 -0.315845088819633 0.0785948922073469
0.0276213615178904 -0.0337742511837397 -0.306854453594884 -0.0316057822257507
0.0443768861227511 -0.0117193159977207 -0.18527954545061 -0.164014094888931
0.019961741994213 0.0313572206742104 -0.00807981108063681 -0.122337840438524
-0.0405958113345361 0.026000759795588 -0.0901472053706149 -0.0252167323699902
-0.0226553740133152 -0.0392344098270533 -0.227812419938944 -0.135886110153552
0.0140690093474568 -0.0462415840096962 -0.257348521848452 -0.512842903498269
-0.110594237686757 -0.168247530877386 -0.266939351990868 -0.226030030250359
-0.158010121811189 -0.0456279312138731 -0.172490225252969 -0.00685302868546448
-0.117360520140003 0.0920790710109677 -0.0382405329593601 0.0516121004536049
0.036994658576134 0.122899923024895 0.0505480252290847 -0.0241654182745195
0.117546694142898 0.0658374246886801 -0.0403265982873058 -0.12300782069504
0.124599198542223 -0.0161172763059243 -0.189131834010539 -0.071478571736738
0.0882393676657848 -0.0720939359692585 -0.255312307011865 0.0248530928975953
0.0897583959552504 -0.0886202655420845 -0.270083729849531 0.0690790483215656
0.113352686081774 -0.0686412309107132 -0.28637599298263 0.0547040126293272
0.176946043169258 -0.00289702962647573 -0.270563099618323 -0.0368989573476023
0.149471890544072 0.110990978873174 -0.161158621841656 -0.140901206067067
0.0058899362509651 0.193383617877749 0.00232535232452681 -0.0953805221622185
-0.206273451437292 0.127004913821193 -0.100658505858893 -0.00871711548607529
-0.234838959157967 -0.10329366129952 -0.229872078314953 -0.135371644816863
-0.1371864037267 -0.229685087768015 -0.231556514072287 -0.486008312650403
-0.203759271144051 -0.291128953715656 -0.223866994323356 -0.13361924494931
-0.271037739281623 -0.0833208076306644 -0.138238437923515 0.00415610464877284
-0.207020330341212 0.133552187141475 -0.0316324466306709 0.0616558518148904
0.0234217867044957 0.207996151651727 0.0501994320884628 -0.0121084189120931
0.172785701074829 0.143740595797026 -0.0131659963448476 -0.103078649842039
0.21899102655295 0.017867362481003 -0.13821287508686 -0.0812925558653724
0.183819860179331 -0.084199920516458 -0.201211002278711 -0.004084852996561
0.185228063135491 -0.11486750956508 -0.210279031631159 0.0325718665599837
0.218350613868218 -0.0840061338294513 -0.212794934532369 0.0217257054161309
0.302118877563004 0.0299436838956936 -0.194719536779388 -0.0355688753173773
0.238240364719583 0.220234397061023 -0.116249208905115 -0.0966553331840301
-0.00615914068886502 0.334743664584836 0.0125005715855568 -0.0556133321292004
-0.346650127010552 0.217270105725985 -0.0965935530055521 0.00952443942833001
-0.420050771560577 -0.152412679062485 -0.202167734216208 -0.114884996076378
-0.26744591786791 -0.380403072216407 -0.168553706493868 -0.395978424800407
-0.282841068139833 -0.382299409323671 -0.146592451846566 -0.00187575937353097
-0.381433769230811 -0.100394206656026 -0.0709664447956918 0.0221684733955701
-0.290560111106832 0.190264399138081 -0.0139665085355083 0.0595134521635856
0.0179629516335999 0.296214862979347 0.0401891757151318 0.00235657398545082
0.224130498269518 0.212563529934764 0.0205657433376252 -0.0611722696568705
0.295624691998128 0.0468674634069371 -0.0595598476368429 -0.0778932338262684
0.257099706242348 -0.0877201895500846 -0.113353648793802 -0.0344218203660516
0.251371361022525 -0.123543064804105 -0.119491244293811 -0.0104237264902927
0.287391760410063 -0.0839558362159694 -0.108412785897633 -0.014055038073429
0.381224848379828 0.0573347864500353 -0.0894496336943803 -0.0309961294240555
0.29282080834284 0.292541431288826 -0.0503616741187113 -0.0392504745150363
-0.0119247789063995 0.424942313634803 0.0245225536273163 -0.0076733679431934
-0.431216121504381 0.279090032104364 -0.0726371034622562 0.0266324341931777
-0.53778471164591 -0.171207711073588 -0.137375765724415 -0.0796742713170952
-0.349869031618739 -0.465286944774847 -0.0758485530299807 -0.25500019653733
-0.328535197308299 -0.419657482289899 -0.0378683643100366 0.156069875979695
-0.455217861808572 -0.0990148203971039 0.0332797012556814 0.0440318401254623
-0.341813371957414 0.237877228041967 0.012663186105742 0.0445625935019851
0.0167344246028175 0.356613675817201 0.0267062068421595 0.0272378440447358
0.251849699579839 0.254065416359949 0.0681016770992307 0.00125167136215045
0.334070214060527 0.0672239701455459 0.0458883968514247 -0.0627545118683951
0.293836878954692 -0.0808197855403855 -0.000385022753561538 -0.0630695127536262
0.278714002504811 -0.113600029349091 -0.0101030799871102 -0.0518287773018043
0.309023132944595 -0.0696797336224251 0.00902238134339935 -0.0470726882835126
0.391617222076966 0.0745883743690241 0.0249338707782926 -0.0253854615578221
0.293143852935255 0.308706862445814 0.023269558071571 0.0179058276178703
-0.0179322088695378 0.425827751103431 0.0372121852639525 0.0390846964255681
-0.427987486671453 0.275888006581148 -0.0323536099116592 0.0368520343958807
-0.54656537725592 -0.165988036980003 -0.0488917225530599 -0.0378754382054
-0.363557143342431 -0.466710763510321 0.0309561464056636 -0.0936280325741229
-0.322201591919024 -0.392664048381737 0.0859968589452551 0.314162272643267
-0.450137299395088 -0.0832396848144302 0.152937475190071 0.0676749929745355
-0.331957712837976 0.239155495643909 0.0416860711135687 0.0254806992599309
0.00918078579837636 0.349761222538893 0.0136148275942218 0.0612972379033979
0.232035901671021 0.249815151133884 0.119736336459487 0.0755423174861621
0.315541505812637 0.0756549004405703 0.160709156670546 -0.0379014116778004
0.283208154425007 -0.0617997289764594 0.121164198867918 -0.086139949837169
0.262450204013706 -0.0851683921388975 0.100660429513143 -0.0865089318333069
0.280288606830609 -0.0418881435953382 0.11795001232542 -0.0714767907561679
0.331457726882929 0.0847096207374434 0.121207218268128 -0.0193512335697522
0.228374864652123 0.270216953839752 0.0826375864398405 0.0613553582148756
-0.0355461716005969 0.335678197995234 0.0405068916174913 0.0711347054028765
-0.341695577501978 0.197963784301921 0.00789832402082306 0.0349962238241638
-0.440102509072282 -0.143940928507157 0.0347200334648122 -0.00358235706729465
-0.305780554058481 -0.38944171525705 0.127152702956697 0.0541725267883706
-0.256704620282329 -0.296178095912231 0.196064281052399 0.444509209698409
-0.350793798483067 -0.0568153879512383 0.255006458243409 0.0936390432835047
-0.251572877838193 0.181348703648875 0.0660243230526815 0.00848890950662972
-0.00445853060479544 0.261385813997873 -0.000446040429661579 0.0907165003585488
0.1601557203056 0.197321241073469 0.15735206646274 0.143764994784208
0.235938553201982 0.0727241698362281 0.257778764014683 -0.00493268094704292
0.224730036137776 -0.0306519318761432 0.229137853210721 -0.099509992451892
0.206459036128244 -0.0427283122706471 0.194219352208378 -0.109477051909524
0.212357321101281 -0.00783463786772675 0.199066035163376 -0.0819864276383678
0.223105626672 0.0838873909465138 0.181179882405297 -0.00838079852983438
0.123991549238837 0.197838837704637 0.109833263579578 0.0857880681626332
-0.0562835647430474 0.198047921755468 0.0280403586440381 0.0809586970845809
-0.210701377497651 0.0835574146777295 0.0344629700397995 0.021585701039254
-0.265957839450776 -0.106176356267067 0.0881362776696766 0.0178419395725896
-0.201633024736427 -0.256719720310422 0.192683658179614 0.161880385973616
-0.147608448712315 -0.147956739462092 0.269661633655927 0.525630559790531
-0.185969147866541 -0.0180984816444591 0.316121582265231 0.120739613426924
-0.116802372646898 0.0908582522840133 0.0832771427406458 -0.0069231061456784
-0.0141232768318514 0.120960752863859 -0.0146513265828464 0.100774805969054
0.060414458620171 0.105741188327253 0.166269605715038 0.188830910640724
0.113836549408981 0.0573472620388686 0.316084730629922 0.0304328957674586
0.127244672097652 0.00735783737883257 0.304309284360084 -0.0969405013309511
0.121354539161433 0.00596169260307442 0.257507714943572 -0.114660654158806
0.120190991429966 0.0246843445448965 0.246621421589939 -0.0771459593964975
0.0964300013222843 0.0729579339897939 0.204236435597606 0.00794698705196623
0.0200249755051561 0.113133117783255 0.107634750377473 0.0953294257606774
-0.0663589938203493 0.0633244398501231 0.00334296670173867 0.0732158574436481
-0.0782914218399963 -0.0159218197119219 0.0447178593115788 0.00352766397208324
-0.0871811511048137 -0.05586204654025 0.110335899908268 0.0265027880353693
-0.0823492304867638 -0.098977140379779 0.221939976018844 0.220083379941448
-0.0122056415576431 -0.0269501026790995 -0.298790674178737 -0.248113545684133
-0.0428548990863844 0.00317722272393667 -0.18610179157157 0.00357313391190836
-0.0237169490713763 0.0572843964962061 -0.0365413307792909 0.0374829839181079
0.0519256891875718 0.0355269653835396 0.0356662398685386 -0.0408422662776722
0.0572228294940138 -0.0175080267068242 -0.0771320376889238 -0.117752676207116
0.0178307144778824 -0.047381520750536 -0.215426638895364 -0.0327714012234401
-0.0194177516063202 -0.0481194560930727 -0.265419827106838 0.0678438383872261
-0.0221058170022451 -0.0465185585990194 -0.274841150424453 0.112470138210879
-0.0123471718193892 -0.0396663853692123 -0.303626204715909 0.0988871021885834
0.0246813479145546 -0.0356719388072671 -0.302336917531274 -0.00886964415979099
0.041563809002364 -0.015196390428831 -0.192728030718374 -0.147068829071536
0.0211313140148403 0.0285204994948659 -0.0174642009868149 -0.119505042473313
-0.0367570373815367 0.0286644400823852 -0.0899457527550901 -0.0177447800923081
-0.0247520452147692 -0.0363430241670501 -0.23041557708495 -0.120533915998229
0.00939928135208001 -0.0448450641191161 -0.288657918798758 -0.484181902897173
-0.118749515288485 -0.155265627719576 -0.278961638280685 -0.204079592923924
-0.156604355869713 -0.0341326599322085 -0.171109527874872 0.00260188255531112
-0.108056472366651 0.0976033675222423 -0.032978155950459 0.0536645272729411
0.0440712920192845 0.116263352539383 0.0481211465685201 -0.0272736299245462
0.120025448405805 0.055347183269604 -0.0492649868728026 -0.117203561813734
0.120360754056877 -0.0249311277581726 -0.189921883080885 -0.0563085007554952
0.0806127778457511 -0.0754106882584177 -0.248406248226954 0.041623060838015
0.0809238828449816 -0.0922851393066484 -0.259438103614491 0.0854436454474447
0.106570084235088 -0.0747303118493103 -0.277154081640263 0.0725120371376411
0.173727667757029 -0.01613575071991 -0.267021713840879 -0.0171762708540887
0.153583260587804 0.0965319047377379 -0.166851427542967 -0.125354733054687
0.0189240265121151 0.188435005920321 -0.00503801403197889 -0.0944685548454546
-0.191447497189407 0.13888566863084 -0.0994875944471429 -0.00170280280440185
-0.236661481855224 -0.0842595270249353 -0.233209976516784 -0.120276745024024
-0.150800251935176 -0.214662098098567 -0.261399196526222 -0.460279632814553
-0.21877643129755 -0.267696529345225 -0.230335923059621 -0.117057405612104
-0.269104653019674 -0.0616980380020477 -0.137454523258663 0.0105945415444679
-0.192175221961931 0.144333529656183 -0.0245024712098232 0.062817111282381
0.0367566627693793 0.200578103699614 0.0485540358147595 -0.0151268418401623
0.180128027382001 0.127645082042456 -0.0209510250783818 -0.100160336786604
0.21535844633798 0.00118116435253688 -0.141308595297387 -0.0697937749712034
0.173245409740314 -0.0949836527533134 -0.196715103038416 0.0101647718934619
0.172829705994118 -0.124181129596364 -0.203852246821589 0.0453702472607355
0.208752548793195 -0.0969333267834348 -0.207528654198443 0.035554312870728
0.29877920994028 0.00645649876525387 -0.192394506064725 -0.0218265837563381
0.248702753876133 0.196783006618619 -0.117996490774585 -0.0846939263235053
0.0159335436996931 0.327500180251304 0.00720776330128384 -0.0572830569819198
-0.32365579947535 0.237195559998393 -0.0954340610563635 0.014801296315782
-0.421254322742342 -0.11759645273802 -0.205446732376566 -0.102495632859251
-0.287486003654991 -0.352831608803682 -0.194800707100036 -0.374810492469572
-0.304452473542992 -0.351486509321666 -0.145865970433603 0.00578299474414869
-0.3783812097237 -0.0716268907204426 -0.0709788766435305 0.0231757878659821
-0.269066702536116 0.204284920479992 -0.00794943877912421 0.0586636972211717
0.0376137667055872 0.287495144095334 0.0406092088684131 -0.000132204904234607
0.235481858917361 0.191280161357499 0.0157867076200869 -0.063034423691044
0.293734591257129 0.0238037634109631 -0.0646018979576895 -0.0725990031867309
0.244843017607254 -0.103443978253564 -0.112443814332974 -0.0252767632948839
0.237458032612029 -0.137121970797221 -0.117810566215158 -0.00251950337907033
0.27547164138528 -0.102981988415328 -0.10735377361016 -0.00738479130847911
0.377577925920682 0.0274942941235543 -0.0889343213290769 -0.0253433668954104
0.308139662732113 0.263354639984026 -0.0493946333783387 -0.0330025185616775
0.0168654193941792 0.41666234437793 0.0216928918096892 -0.0115374561683105
-0.401718416571495 0.302702411984356 -0.0713032543543105 0.0294852395038156
-0.536038633485756 -0.128472528189584 -0.140361411596015 -0.0722363058721822
-0.374373282700691 -0.430683417644811 -0.0937351222486704 -0.244340706373124
-0.351067704116667 -0.384962774342782 -0.0282055900539877 0.151116710342063
-0.449972573600894 -0.0643307636619331 0.0317388373982354 0.0373556023260412
-0.315993733961348 0.255670888219438 0.0170593375065642 0.0418745453324271
0.0398858646542187 0.347293656800762 0.029114153020587 0.0250920964659214
0.266505829826997 0.230119583197735 0.066805236702377 -0.00536815312627365
0.333429966848599 0.0405049331426982 0.0389895660231838 -0.0655655029302788
0.281048392061939 -0.0999328358848234 -0.00375352217556689 -0.0612311372058272
0.264153923844831 -0.129186553832747 -0.0133710547860306 -0.0506007353886369
0.296717958652198 -0.0902593743988859 0.00552533273957085 -0.0481877633612714
0.388948448089967 0.0438266010390255 0.0231542378124822 -0.028315458945069
0.309859259835369 0.278662847432845 0.0280399700465199 0.0170933132328404
0.0118985141229673 0.418349877972446 0.0383994090648017 0.0336528357303133
-0.399159448599575 0.299743765832857 -0.0314809134881441 0.0355834047995265
-0.543958421007007 -0.122500364517339 -0.0511295632369913 -0.03648934643641
-0.387273116049758 -0.431883997836516 0.0220950422820022 -0.0937537912429172
-0.342170481680394 -0.360343530740825 0.104485327428975 0.297797014349981
-0.444146378154129 -0.0497563397467825 0.150540227506401 0.0529742566652009
-0.307224805698145 0.256378311830378 0.0431097079758122 0.0214293277782833
0.0333138297814156 0.341691372055709 0.0184623321903789 0.0590698183582068
0.246419415376492 0.228790035619849 0.123274597390153 0.0629513242335786
0.316582920105237 0.0513310165364723 0.152922251437907 -0.0502247915146187
0.272594492280419 -0.0808867115846363 0.113018597714991 -0.0921784380542904
0.250020099368044 -0.100727885596727 0.0922187612289467 -0.0919578020070428
0.271335632073926 -0.0609564974905106 0.11031456839574 -0.0797562660659302
0.330738008904383 0.057903085116507 0.117664015355763 -0.0285318296948657
0.243019221496678 0.246578342069623 0.0885082116951312 0.0551726392275698
-0.0115301120687095 0.331273654914483 0.044498763123378 0.065171639605772
-0.319142191507588 0.216464504042212 0.00781588283965776 0.0302945465427397
-0.438160484344614 -0.107168926740727 0.0318931407320971 -0.00808208677717868
-0.323239750551112 -0.360972293361292 0.126219135477159 0.0437814816205622
-0.271971988036939 -0.271575533579773 0.222081013260962 0.419563679668336
-0.346473315677268 -0.0313453508782025 0.252917832136549 0.0729882363103426
-0.232647504035241 0.193855685892465 0.0651767492850381 0.00285526116894851
0.0134813779570817 0.257147777374187 0.00603049121586299 0.0886030934764178
0.171939180437192 0.182146145332116 0.165357001614451 0.127566937197748
0.23839384198633 0.0538360546013125 0.251092557580039 -0.0246848786812353
0.217927360027426 -0.0456653396796663 0.217925865401572 -0.112411931680621
0.199077890296511 -0.0551669987037868 0.18245993492324 -0.120264403833456
0.207547172217976 -0.0230307016690405 0.189239476300705 -0.094895598091911
0.223716904094821 0.0656016310421539 0.176497020374237 -0.0213285177511695
0.136638760338794 0.183496226487337 0.115466864355629 0.0770134983596826
-0.0412572637073301 0.197574137036751 0.032816573697138 0.0758147968246675
-0.19975972685188 0.09525946424915 0.0334931462026503 0.0156631295999048
-0.26587801296932 -0.0843954300819805 0.0852380879957584 0.0101815862917449
-0.212665678134732 -0.237860531380074 0.198721848474197 0.144680329500739
-0.155153336754638 -0.13457203078214 0.299310727467179 0.493828965143804
-0.183264471290871 -0.00552630000645104 0.315958102937703 0.0973385334339162
-0.107674192817988 0.0962191364894883 0.0807618181700437 -0.0134546874706762
-0.00542791234833877 0.120039719268406 -0.00710904574194651 0.100031936701107
0.0677276078416285 0.100331444269834 0.176993736539041 0.171831783291277
0.11736113028797 0.047987049239894 0.311420642707344 0.00533741973114737
0.125815117469616 -0.0021019469571387 0.290552462261206 -0.115822418963815
0.119390034950288 -0.00247157409507714 0.244111577892884 -0.130307003060339
0.118679182379171 0.014989307180487 0.23618509565628 -0.0919220510079208
0.0998560813550292 0.0642178567845204 0.199637212173149 -0.0063486556964343
0.0283187906976235 0.109598307837339 0.112523238468176 0.0861328173171871
-0.0609030990494117 0.0674276229363989 0.00883657318449778 0.0702030089258307
-0.0778018024639816 -0.0113436382252387 0.0424222704379968 -0.00234559734055626
-0.0883063309169857 -0.048427942535506 0.107929404839258 0.0186846835739047
-0.0857427613765652 -0.0919649146553104 0.232330884164155 0.199696125084683
-0.0119205251671213 -0.0252405980468666 -0.295447051032734 -0.226521076534901
-0.0402603370784189 0.00371049427720688 -0.177949025122369 0.00780104762008194
-0.0215492187082843 0.0554833946432151 -0.0321454636536647 0.0363870291621539
0.0504146910491471 0.0316076987615028 0.0326472550043528 -0.0399567427731943
0.0541587774838666 -0.0194419586784226 -0.0779540199747269 -0.109316489231544
0.0143648508154445 -0.0456406715452363 -0.206045346570599 -0.0222310386511859
-0.0210502369983726 -0.0446280756683441 -0.25171947060601 0.0728600853314895
-0.0227586578866266 -0.0435232656657985 -0.260683919945711 0.115754457860621
-0.0128657428707539 -0.0374565559218532 -0.287319455668183 0.104466013207216
0.02247529259846 -0.0356490353135467 -0.289290840197659 0.00140866935688093
0.0385188979599271 -0.0161480902816585 -0.189302248220397 -0.134228612484644
0.0206352399301398 0.0264890677233041 -0.0217661583416362 -0.113961060509652
-0.0331969154188722 0.0290336505029432 -0.0862400725865125 -0.013335652598983
-0.024473679275516 -0.0332262531777263 -0.222398734081583 -0.111071139183269
0.00727621306273905 -0.0413836391310921 -0.287695501253709 -0.45493257065573
-0.117127406748312 -0.143395900218642 -0.275049506879988 -0.186425430201346
-0.149381064736657 -0.0279006874605225 -0.165189890247078 0.00620835558992022
-0.100096678124837 0.0956761137351976 -0.0278379742797148 0.0514115621938806
0.0453060037648852 0.109145040534518 0.0452121022765795 -0.0273182321059845
0.117572575878027 0.0479873977930342 -0.051252613725505 -0.110052403927377
0.11366199106335 -0.027704698520663 -0.183284301300374 -0.0466060646470023
0.0736041078963251 -0.0740730799347673 -0.235930763039622 0.0472958809073568
0.0747909676326062 -0.0897997436715864 -0.246193036628858 0.0893772390345446
0.100144311596896 -0.0747091282142043 -0.262490949461253 0.0776466795203242
0.165617275849872 -0.0216784272366164 -0.255639769889093 -0.00776885442963022
0.14933750651902 0.0873510198207417 -0.162052407085223 -0.114126271572003
0.0227598127091424 0.179406857155139 -0.00920701794885808 -0.0909264948800782
-0.178174976028354 0.137825330841186 -0.0964418975062922 0.000948970082844586
-0.22696247599094 -0.0729990867909122 -0.225411276602292 -0.112160423763126
-0.150494576806255 -0.199635425218865 -0.264893078528148 -0.431163727031064
-0.216363369811634 -0.24680979673897 -0.22637704582945 -0.106761350686778
-0.25710644574428 -0.0513913214518674 -0.134515231121921 0.0120366202677852
-0.177034437584665 0.142791346645903 -0.0200255146833227 0.0596668659389591
0.0406413068892108 0.189290818329033 0.0465741582762578 -0.015866370414871
0.177751091815801 0.11504744194498 -0.023319277031453 -0.0952775993010255
0.206101719955013 -0.00675026127030201 -0.137790025535649 -0.0622613963082572
0.162127619725501 -0.095444272411741 -0.187471263712866 0.0159029376364036
0.160901741778699 -0.122970829917168 -0.194858983474421 0.0495133845184749
0.196895176431293 -0.0998524467742941 -0.197667389009222 0.0391184470897914
0.285454826742551 -0.00433834084465749 -0.184280658805293 -0.0153129549523757
0.244178786784997 0.178859157702076 -0.113351469532653 -0.0764696075106134
0.0243675193102442 0.313628024325018 0.00311059029020928 -0.0560413988149389
-0.30128575569581 0.235685661458772 -0.0922259530666113 0.0166058268172903
-0.404010849918332 -0.0992152119266519 -0.198995999771944 -0.0951994632365644
-0.285808747986584 -0.32827531249739 -0.198400965341313 -0.351797613107254
-0.298669859176384 -0.322051121724258 -0.141939150659414 0.00659178106149652
-0.361560644938918 -0.0575629428759893 -0.0715005191655943 0.0221072013602512
-0.248883232374548 0.203100935459472 -0.00427635921334932 0.055116258269745
0.0447797794359217 0.272384618410098 0.0389424991805096 -0.00168886329262305
0.232914060859968 0.174186500621675 0.0127874116918922 -0.0612546539439092
0.281899217681968 0.0115890940461353 -0.0649389648302264 -0.0679010030514907
0.229888079032345 -0.1063499380903 -0.107883924188733 -0.0206261535364422
0.221456283119983 -0.137590078195241 -0.113410940905552 0.00123585684208876
0.260677152774634 -0.106995968005542 -0.103004152806876 -0.0054918616741647
0.362306985710417 0.0129314251325174 -0.0848006377681241 -0.0225570175598983
0.304167644266928 0.239951308506785 -0.0442049892035022 -0.029650964083868
0.0282955208081762 0.398365076550561 0.0195012728806161 -0.0129088194419179
-0.373902417637305 0.299769256469043 -0.0693063074708036 0.028687853847426
-0.514599684187742 -0.105139287640058 -0.137505386374546 -0.0677953504151026
-0.370088835059653 -0.400562061133608 -0.098996904187042 -0.231050372022476
-0.345935894318917 -0.354621132027184 -0.0247055597082627 0.142079578255888
-0.42993647226853 -0.0471796242275113 0.027181977972331 0.0327280976951632
-0.292040869661523 0.252563602540356 0.0186975953391419 0.0383681441591866
0.0488324130893409 0.330338982947493 0.0290860424430019 0.0228978911079499
0.263536597688907 0.21113081785861 0.0633502529180714 -0.00899913408623281
0.321329111926172 0.0260955932973631 0.0342539079574749 -0.0653070910400126
0.26500304853221 -0.104386049737206 -0.00523632208425843 -0.0576401312882781
0.247956288833942 -0.130043812507255 -0.0146859698225047 -0.0482982146321065
0.281316179823035 -0.0948204177884401 0.00350236618981175 -0.0477869184301149
0.37274801681279 0.0277525287341859 0.0216926772684375 -0.0293016765112195
0.304656361504378 0.254692417338945 0.0310796542020973 0.0167198705358752
0.0237030747429318 0.398493678907613 0.0368120103221206 0.0293277624981758
-0.371132667713801 0.295677262388067 -0.0320386744271625 0.0323447681906092
-0.520816798905505 -0.0980722777798431 -0.0521038272834308 -0.0364381643293182
-0.38125193118972 -0.401423339867393 0.0156667933554545 -0.090124966703854
-0.33795831456102 -0.329813046210974 0.107421215458089 0.277911467592309
-0.424957422679949 -0.0343126672685894 0.141630360100543 0.0448601431556699
-0.28391620269738 0.252177577457151 0.0424143993929306 0.0179110622433205
0.0418987049188978 0.324959325701299 0.0196275544730836 0.0554574417866996
0.244775744680727 0.210361279120783 0.120184101502591 0.0542929787025464
0.306013087658693 0.0371305148582237 0.143352018756267 -0.0545256205760801
0.258241908290092 -0.0857658531776692 0.105033699674965 -0.0915589752799154
0.235646663161319 -0.102281930029615 0.0845993032464017 -0.0911279926041332
0.257450366441664 -0.066454413594186 0.101945254053339 -0.0816825592500407
0.317561208865393 0.0431073669658694 0.111359376230438 -0.0322724448125223
0.240873179107396 0.22622071805365 0.0901795606494599 0.0502313282459198
-0.000571639835119341 0.316863737041266 0.0436934027715923 0.0593270107536295
-0.298146217375287 0.214682364878285 0.00591884255270852 0.0259271553480871
-0.419058890075188 -0.0883725652985061 0.0278533266604584 -0.00977364430023438
-0.31867493135475 -0.335902178170471 0.120652064002214 0.03791404069435
-0.267345109452088 -0.250070630744601 0.223437609440497 0.390686926157779
-0.330960222804032 -0.0202361179164297 0.240652501202151 0.0620352647484135
-0.215528611303326 0.191336767161446 0.0623517333981679 0.000257734414772545
0.0200372116052904 0.246334097363491 0.00927420193830616 0.0841916604050571
0.171569712335927 0.169500525426766 0.162478090944086 0.114564486122039
0.231496717528672 0.0429980612320244 0.238139822958953 -0.0338386828040554
0.207641549007727 -0.0506541928219874 0.204662521982501 -0.113754673272693
0.188465840517209 -0.0582246393043538 0.170425168376998 -0.12054091707041
0.197222833856144 -0.0286557946837056 0.177740165653036 -0.0972876355773357
0.216078762937024 0.0548791313867415 0.167610107142596 -0.0261286228380079
0.137102305890297 0.169864278232695 0.114923816864752 0.0704186362798405
-0.0329670840210876 0.190001926098226 0.0338785831220633 0.0703543667438116
-0.187641645560534 0.0955103755110926 0.0299962959724384 0.0112692813094346
-0.254693342269103 -0.0718087396710546 0.0796454132463525 0.00724202256514164
-0.208909502754323 -0.222384501457728 0.193091598462356 0.132126662297556
-0.152221011043555 -0.124141010004506 0.301355569109343 0.46176097437787
-0.174930886187082 -0.00064327472421515 0.303472951246289 0.0848340526555287
-0.0997367827258076 0.0940136681082902 0.0764955990490682 -0.0153332953454496
-0.00179343683770506 0.115383702568436 -0.00333444394308418 0.0957773395355008
0.0684873170009984 0.0949619844138733 0.175157934397082 0.157029808904124
0.115796267213273 0.0414134638434142 0.296182099351612 -0.00676763683062497
0.121231625371407 -0.00624043226355115 0.274138265320893 -0.119195491475057
0.113996858779865 -0.00518720085039584 0.229859590683174 -0.131137905579925
0.113139415568184 0.0111278361444067 0.223116195476105 -0.0964231741755122
0.0973794804210019 0.058281922111908 0.189961983608982 -0.0125827775112693
0.0317955257908557 0.103338602380321 0.111154106397069 0.0784404782187304
-0.0557358732775551 0.0666149265370403 0.0111013962734485 0.0662769799318275
-0.0752274996609215 -0.00924777628216125 0.0387561682396359 -0.005834207779316
-0.0849196294574396 -0.0428434944815201 0.102328766567915 0.0155567105622364
-0.0836154004087256 -0.0872876670621923 0.228067636493634 0.184192244859706
-0.011170321269436 -0.0250171978086248 -0.285052021735249 -0.22117071189978
-0.0389918536505784 0.0027975643751567 -0.174302385112228 0.00568874013075969
-0.0212072062905415 0.0535563449341644 -0.0307002354312588 0.0344410741330088
0.0485627193796291 0.030922600978046 0.0319486716638129 -0.0382921917993053
0.0524227728087202 -0.019643768366136 -0.0746768171970562 -0.105257931740087
0.0138875130716853 -0.0433750254350767 -0.199622899129365 -0.0225097204596121
-0.021000402870911 -0.0423019013656631 -0.245190975759138 0.0693193527898788
-0.0219218247642667 -0.0425075407843063 -0.255865172670953 0.110031133422271
-0.0114640241460367 -0.0362996305720694 -0.280232314021124 0.0996506258323396
0.0220222734262427 -0.0347843688037418 -0.280612388602618 0.000593494228354577
0.0370059703637264 -0.0159879494065059 -0.183536985530613 -0.131194392252031
0.0197129738548936 0.0258161508454163 -0.0213284845286132 -0.110663376377258
-0.0311572488149829 0.0277453855303537 -0.0829793756314858 -0.0128515495173684
-0.0225686266909404 -0.0327216243145119 -0.213980314448422 -0.113431168598267
0.00708612004272557 -0.0386991585590078 -0.276774764197335 -0.442417766499877
-0.111788374375699 -0.138783844315876 -0.267488164763741 -0.182983680346144
-0.144166147305837 -0.0288624116571952 -0.162257751838042 0.00364128384893138
-0.0973273134053208 0.0922833664278908 -0.0265550555264163 0.0488227016313033
0.0428982738485215 0.105322228145968 0.0435226806366541 -0.0257902236169873
0.113898726445462 0.0459417426426727 -0.0488978934148626 -0.106026700036946
0.110712306389436 -0.0264532562092398 -0.178259313191178 -0.046195091553952
0.0717819960789467 -0.0703912563655478 -0.229921007755057 0.0442264114645736
0.0728591533679897 -0.086072290609045 -0.241228890494242 0.0845672536656059
0.0980535436391455 -0.0717187564040242 -0.25654546288151 0.0734422929352181
0.161321813122317 -0.0210637959903093 -0.248009390295805 -0.00974023553169434
0.144402854806313 0.0851053578042434 -0.155925676237864 -0.111433147593517
0.0203556116027935 0.17463123263664 -0.0100252609660757 -0.0884666924132566
-0.173455601780542 0.132109311632167 -0.0940767690986116 0.000422627259391248
-0.219124774237029 -0.0731780827260084 -0.218201093203759 -0.114506489159766
-0.145097246447803 -0.194342297790988 -0.252986518083043 -0.420272867243979
-0.206692856682093 -0.238378056208787 -0.220928163153782 -0.106197296988659
-0.247977814749268 -0.0517319746121439 -0.133491407931814 0.00871307256196797
-0.172657079118944 0.135970432241023 -0.0185891255040543 0.0568256119125615
0.0379295006181951 0.183508694505093 0.0447323045136657 -0.0153749524157449
0.17285067001012 0.11135785533822 -0.0227084802323611 -0.092163565999318
0.20024093237313 -0.00613933017329153 -0.134686911187844 -0.060534773460539
0.157452153004276 -0.0910474321472608 -0.182386328832619 0.0141680618994284
0.157019809552581 -0.117060585653283 -0.190287802880848 0.0463128082969861
0.192309038595527 -0.0957151742888334 -0.193114589685773 0.0357055628820797
0.278372091559918 -0.00365042086264513 -0.178205992144604 -0.0163569153636989
0.235853544167515 0.174383943850081 -0.106847368792802 -0.074404653801637
0.0211301548601697 0.305154208621239 0.00202035168822586 -0.0551128048447107
-0.293458924250427 0.22522675748392 -0.0914091479266843 0.0143639495079221
-0.389410878924056 -0.100788786874592 -0.193059836019071 -0.0979167078449925
-0.274572239607771 -0.321042206061823 -0.191380221318057 -0.342009160623536
-0.286472539313633 -0.311316486948298 -0.139899086673524 0.00302086547244344
-0.348834630099107 -0.0582065260487677 -0.0733629160600306 0.01888623210223
-0.242008164123024 0.193370220301599 -0.0034237816893859 0.0520845047969891
0.0405341585329811 0.263894445929682 0.0373933168814215 -0.00137076955608092
0.227416966703609 0.16949558867249 0.0125454270773384 -0.0595390428655803
0.274789860455731 0.0113415199702684 -0.0634865093233855 -0.0667527937284083
0.223561731398108 -0.101585990835541 -0.104014034355631 -0.0205485731338941
0.216850663481086 -0.130663210903763 -0.110756948281847 -0.000719263805017904
0.254047888737333 -0.101671118021452 -0.100756263453262 -0.00662174806484727
0.352121448244815 0.0132923918382158 -0.0818871756301095 -0.0232023018176531
0.293142758830543 0.234030076758375 -0.0393219547340259 -0.0281349168382087
0.0244924471386465 0.387154229174499 0.0174544935401941 -0.0133771513207514
-0.36496722531619 0.28737462948318 -0.0702636253415206 0.0250428889872448
-0.496454840034792 -0.106780149440851 -0.134723408052562 -0.069607067648262
-0.35557485211304 -0.393272291207403 -0.096625116775316 -0.223201488945476
-0.329709573048129 -0.343144008551209 -0.0277988049098767 0.134781801277041
-0.414504445587339 -0.0501767363015557 0.0210615811776167 0.0304254994035433
-0.284775325538307 0.240986245294913 0.0187570981470301 0.0366304853725797
0.0444276152440784 0.320387065189031 0.0281585139321436 0.0220026730072394
0.257117220586594 0.205045356090418 0.060736143889738 -0.00942891000397133
0.313288445253258 0.0249034589913753 0.0320427208497719 -0.0646392947496169
0.258433086989946 -0.0994181796602005 -0.00431464273158291 -0.0560217332179439
0.242003571284062 -0.123164256098968 -0.0143631890521082 -0.0473652871474103
0.273691149490911 -0.090513645411031 0.0024857113437032 -0.0480433381263166
0.362740732514196 0.0283267013912415 0.0212971987994143 -0.0291421574157345
0.29584407619714 0.246286577696027 0.0340799792193321 0.0164692273546143
0.0199261463656081 0.388130224218536 0.034135877562473 0.027733551303683
-0.361327479652366 0.284658421086834 -0.0343938246253727 0.0286609479400131
-0.5017779479452 -0.099721266253664 -0.0527678975837195 -0.0372573708111179
-0.366241760864105 -0.393543942072956 0.0137206342760295 -0.0871226595899762
-0.323411710024128 -0.320831637726544 0.0995691459245365 0.267205406583234
-0.411107479572652 -0.0361324661964376 0.132906106934473 0.0434810979669034
-0.276865859640785 0.241428427367035 0.0413719153890594 0.0174184412403173
0.0379260480298141 0.316594253207445 0.0188011984759573 0.0538871421938067
0.238275772792153 0.206185769473471 0.115640688165055 0.0515654224374493
0.298379770378502 0.0353816461217292 0.137755388663378 -0.0543914396513849
0.251906748325518 -0.0820955602641284 0.103276736103531 -0.0880054856478032
0.229791038507505 -0.0967218271279206 0.0832118939183062 -0.0879658930854621
0.250644525383036 -0.0631999714108973 0.0985983228961019 -0.0791109673724996
0.308625474679043 0.0420858579607748 0.108304233577627 -0.0315389211813266
0.233414978770259 0.219257409522107 0.0901680755574364 0.0492224597611257
-0.00279555366224594 0.308113425079191 0.0415193338233105 0.0568393478658794
-0.290335024571811 0.205175924931504 0.00145326652161699 0.0223233875622536
-0.402904855970279 -0.0889503879308748 0.0241441144253097 -0.00991820790117515
-0.307363460626901 -0.330038057413786 0.114383502953486 0.0374078274322317
-0.25621507361924 -0.24395121386874 0.212746784984345 0.378919784534987
-0.321284735987901 -0.0224023395691224 0.230423927025208 0.0622919645557513
-0.21008173823997 0.182190885326623 0.0605187764961727 0.000391908256263117
0.0172893768620277 0.239878588203709 0.0084649377093789 0.0817611198800019
0.167575413246267 0.166247216175513 0.156623834664663 0.110331742185693
0.226080536190753 0.0417683998571773 0.229885288893989 -0.0332547958585665
0.202573430719749 -0.0480955637255625 0.199342443243838 -0.109383656179896
0.184086956475198 -0.0537858077285173 0.167300140350498 -0.115785561886379
0.191361105399102 -0.0264672153947413 0.172675603945009 -0.0949180095946174
0.209780703949847 0.0540009740601419 0.162545325227708 -0.025696344984153
0.133119170790294 0.164754548598149 0.113265159265117 0.0689562394193752
-0.0337896905971495 0.184374547218896 0.0324200280223159 0.0674802703331351
-0.183511403166023 0.08971315090744 0.0257330309445338 0.00849205031394203
-0.244788992156392 -0.0710224735848853 0.0748838812308569 0.00828051899427167
-0.200533238735531 -0.219208052975268 0.184910938210844 0.129320397865791
-0.146600683248665 -0.121280737931515 0.287141074708155 0.449517515251184
-0.169902770481591 -0.00186767878967058 0.29280393642971 0.0863112209200124
-0.0972357381571205 0.0892737014295116 0.0742013440935384 -0.0133962189758905
-0.0026480548725954 0.113037687236769 -0.00457212983512501 0.0931777835425012
0.0668051537065804 0.0934369214711222 0.168716821522389 0.152638529034732
0.113493413291546 0.0398615625042348 0.287415986473422 -0.00597731938972334
0.11868245143002 -0.00552265220111569 0.267809217898482 -0.113063674453792
0.111560477928172 -0.00385318096898622 0.225247700624698 -0.125349872290398
0.109418069029673 0.0111879511825131 0.21693234878507 -0.0922453803721848
0.0943358301860818 0.0569233662046643 0.184517198487532 -0.0110657466062357
0.0313518098687879 0.100293265233349 0.108401498754218 0.0770863719317049
-0.0539585277409902 0.0649168205984919 0.0108804300091901 0.0640175915851516
-0.0737419344510662 -0.00989331784074539 0.0354005098862338 -0.00775673993375925
-0.0814510444661596 -0.0422930622092624 0.09731105606456 0.0168598001344357
-0.0795720341229514 -0.0875692984846916 0.219126110602467 0.179578025526239
-0.00642867207378927 -0.0261056483339967 -0.251901487015027 -0.260550062837165
-0.0385116881051439 -0.00467566324578987 -0.175855504176874 -0.0224032796036703
-0.029452791731869 0.0505806885081699 -0.0373407395426614 0.0263012468919469
0.0422586497602998 0.0380373478586856 0.0344819011009382 -0.0329288541287565
0.0546785747001767 -0.0113179433515306 -0.0604087135798342 -0.112394491903665
0.0207796145709432 -0.0387705192130343 -0.194619313904401 -0.0498984989309116
-0.015078785432195 -0.0435724342666754 -0.25503298187001 0.0363191322268904
-0.0163403165342116 -0.0448769903769616 -0.272677693378069 0.067216246577497
-0.00572626874432157 -0.0344846676863006 -0.296318082119408 0.0534411804481741
0.0257018380262572 -0.0293073235206819 -0.279648930267263 -0.0456671194521558
0.035915575453523 -0.00930137710435231 -0.161317465594983 -0.161151462272917
0.0129056277093436 0.0286549808112215 -0.00369944581837337 -0.114741085056578
-0.0352768159309089 0.0235411536533363 -0.0790028688869191 -0.0259354173734887
-0.0187929947732878 -0.0333367483474555 -0.193456795753369 -0.151376987589168
0.00633618742527259 -0.0331001442573202 -0.199128586789632 -0.492060036606787
-0.0890830845656002 -0.152144023391734 -0.229265893322649 -0.221243538251248
-0.136516510761127 -0.0517874766498326 -0.160147628376855 -0.0267018453716391
-0.110094724213872 0.0751684635062281 -0.0343557225694556 0.0352158399007423
0.0239464614235574 0.110148347751748 0.04274408149524 -0.0227609141269466
0.104506663597828 0.0633485289678939 -0.0382395372085328 -0.111780827822198
0.113800453468873 -0.00694499568297978 -0.174058061031382 -0.068017068872223
0.0824306294576158 -0.0567815028024469 -0.238276092676095 0.0131644291429846
0.0852831174625683 -0.0715506901520291 -0.253873071482715 0.0439415102544517
0.107216747075742 -0.0511292449909856 -0.268949674111853 0.0287270203885013
0.160285316559308 0.00662778212929552 -0.244872715430917 -0.0535669233787924
0.124622327472983 0.107057810867059 -0.13445307676813 -0.139517275053421
-0.0122879893140536 0.175872108425992 0.00495569545919958 -0.0930586702503923
-0.191994817435272 0.102421960254396 -0.0907233055138459 -0.0136692300081102
-0.204607678480754 -0.107130878233525 -0.195953476378932 -0.147707074811266
-0.115189389301936 -0.214367188484945 -0.182979678139644 -0.463715072128756
-0.168223174955966 -0.262534070047548 -0.183950952781211 -0.141838852917873
-0.234924009425395 -0.0911676491015237 -0.1293781074786 -0.0209898689721426
-0.190510503595167 0.105907684209445 -0.0277502922302102 0.0387601596596006
0.00490318570114611 0.185557355018876 0.0406306946383216 -0.0157237149933841
0.15108086897541 0.137296033078805 -0.0177686031291032 -0.096173300857928
0.199452851617862 0.0262893400696304 -0.132538454947063 -0.0747793686485268
0.171486434713974 -0.0632171209584206 -0.188023757035225 -0.0103705886091732
0.174034120936865 -0.0886079908540672 -0.196408463266069 0.0143852591212901
0.203145904240552 -0.0601553924187392 -0.199280451808213 0.00143502712528933
0.27299430708198 0.0423052766814998 -0.174065407201557 -0.0519175089050009
0.199930770528609 0.209432988158431 -0.0899308620433811 -0.0963810600795353
-0.033393467627619 0.304875056401266 0.0122902991724796 -0.0597264395918902
-0.32557016873598 0.173519385650277 -0.0888804565947165 0.00119933675895238
-0.366828821186194 -0.163531813470214 -0.174572645871857 -0.122141898674692
-0.21952268289201 -0.36336246400604 -0.133771431137311 -0.371478488827691
-0.236878121313561 -0.344872642245975 -0.110581700935971 -0.0252382627408413
-0.333014406113476 -0.112557113951603 -0.0683517159338829 -0.00556158221902068
-0.26735787516355 0.150898077394648 -0.0116329364624733 0.0315812757457236
-0.00545583469175424 0.26491988403358 0.0289176720742826 -0.0061951814745003
0.193975448656654 0.2025434243545 0.00856513718020601 -0.0620658068092342
0.270371407271505 0.0545319419026095 -0.0653336660229502 -0.0692660892860418
0.239444955614519 -0.0635158788643165 -0.106745736482644 -0.0343323060221991
0.235633151567361 -0.0917268385024267 -0.109617074514186 -0.0187758589809087
0.265170004290941 -0.0568840297502571 -0.100561676374516 -0.0272152634679709
0.343164090109924 0.0698223805279418 -0.0768707677993543 -0.0441500638741471
0.248090024835354 0.275359296178471 -0.0286510453434202 -0.0401428660882931
-0.0430053866712327 0.385499479527603 0.0218432599191769 -0.0166470058699064
-0.405407714424953 0.221200454479867 -0.0693787448513259 0.0162427497927942
-0.468977254152741 -0.18853850729385 -0.120824746783833 -0.0800623962665138
-0.285671150025628 -0.448960921442142 -0.0597815414497143 -0.233246756541904
-0.276730285237962 -0.384693198875608 -0.0138376101278927 0.119268952275272
-0.400378322238145 -0.115672891167463 0.0269355374301917 0.0171844689285103
-0.318242840462783 0.190937870198525 0.0118490394901807 0.015230193786109
-0.0113357419792905 0.321362497875898 0.015217218830839 0.0132905872731973
0.21732563861325 0.244389746573924 0.0475160025274951 -0.00642376323249859
0.306305456597958 0.0738488182404784 0.0276895698980052 -0.0529883605096095
0.274126783815063 -0.0558120983899989 -0.00216597828367198 -0.0559774742833926
0.260436438745273 -0.0811666550762994 -0.00603740165644149 -0.0496075886103749
0.282896806651808 -0.0433595101865426 0.00929422982854942 -0.0513289091708251
0.351373338991613 0.084591663703513 0.0271610356875081 -0.0338195948975655
0.248236530924403 0.288007500548541 0.0377941016189796 0.0156439892653286
-0.0474460136648837 0.385628291401679 0.0316947314107128 0.0272827812537884
-0.401342319863969 0.218113221319149 -0.0352345936439364 0.0253802534838968
-0.474740527888247 -0.182501010485873 -0.0454479948647256 -0.0323649008724975
-0.294255058242942 -0.45283299818004 0.0274053878239891 -0.0774753559834481
-0.272444781952997 -0.362508147760043 0.0925569379890822 0.269048752001464
-0.399764189255312 -0.102055641733818 0.13716263191349 0.0471015118418163
-0.312367286374147 0.193197302466661 0.0372943413723114 0.000234093968581842
-0.0176246271370084 0.316725782577502 0.00233570479935805 0.0429491485704318
0.198900129181239 0.243188425869899 0.0934030902363123 0.0608308843948323
0.289314194729385 0.0817316634753361 0.131951955907204 -0.0274851012636983
0.265063976705439 -0.0403851592720336 0.109851928726452 -0.0726650870427807
0.245468443841227 -0.0559612049361459 0.0974161429919481 -0.0733053771514329
0.255533850097559 -0.021018837612288 0.110466563094381 -0.0661403371312919
0.296377395422415 0.0895362142013394 0.113927641449564 -0.0207339479220301
0.193127969442881 0.250892451311967 0.087501826862457 0.0590976011917266
-0.0553933830304297 0.302144653410539 0.034407909086173 0.0588648032786999
-0.317925662978889 0.151930164715303 1.24489234799518E-05 0.0235559666553213
-0.378566880616759 -0.155362570815529 0.0258866424740216 0.00562059190509611
-0.244901236842557 -0.381334550901453 0.106771111947818 0.0636966397462277
-0.21885966433468 -0.277894075344708 0.182597460057733 0.397988522860461
-0.314057422484628 -0.0738717064793341 0.230339449726277 0.0849090993452264
-0.236555884994365 0.14504293880708 0.0593554394001893 -0.00781986862663477
-0.0245521954840291 0.238683211923453 -0.00927487825574113 0.0723572755912072
0.135727087958237 0.193770399916912 0.12990349186797 0.125574442864539
0.216849036240849 0.0757446313145195 0.224216988979272 0.0052015569873554
0.211191032538924 -0.0157628871061015 0.2098875886876 -0.0808241394936287
0.192909579675991 -0.0223075264737681 0.185974655768764 -0.0867351154880513
0.191906963446375 0.00435360643418488 0.187289681072208 -0.0690830410855703
0.197325294328902 0.085565563450764 0.166960281686328 -0.00361507619138756
0.105709971187399 0.181204462419436 0.106048295124778 0.084554713681381
-0.0630030811899258 0.176091054186691 0.0229706166749698 0.0704233003580914
-0.194861397638867 0.0564833091415534 0.0240314057677022 0.0130225256427981
-0.225764103542606 -0.111951251754723 0.071809161666135 0.0288749917985582
-0.157240218838886 -0.253759252956596 0.162279758506518 0.165460340221565
-0.127729603592257 -0.142260807405487 0.234687445890452 0.482300870315109
-0.168515154361576 -0.0294347043701848 0.285516301233401 0.124188726138011
-0.110676545961621 0.0713908063778349 0.0761622671311977 -0.00984775819839119
-0.0228032809988386 0.111004860903367 -0.0195747202041507 0.086827590691722
0.0495168807527288 0.105069771413395 0.141453000589439 0.171542382224178
0.105412002176362 0.05611314223422 0.28180337299306 0.0375119001739615
0.120555543130042 0.0126494243547406 0.281025747131952 -0.0760899878806713
0.112979850171327 0.0145932943948844 0.244445720375888 -0.0866605044189133
0.106300868344352 0.0271616331868208 0.232551170831798 -0.0580281870196311
0.0841240792015548 0.0698618157447576 0.186186040366444 0.0162358328105734
0.0165780498064005 0.101990202466157 0.0979981543350938 0.0935091643124423
-0.062693405228422 0.0546993414929313 0.00141300173310624 0.0650107104856613
-0.0711514710677975 -0.0228518850608838 0.0348813273961674 -0.00253902171566442
-0.0708862968575447 -0.0560762554925756 0.0923118582857467 0.0377581221007169
-0.0595750072494233 -0.103834602273421 0.188461564725494 0.220045776803947
-0.006870818553643 -0.0269468467552748 -0.260760648074116 -0.267949434003988
-0.0396420752655927 -0.0055292859481672 -0.182865226822776 -0.0232262473708439
-0.0308296248879127 0.0529026149459781 -0.0390498210995023 0.0266547506673674
0.0436243064318485 0.0385878686796896 0.0351039875090196 -0.0337692624127893
0.0565481864293833 -0.0127514022191531 -0.0614597624841125 -0.115999419658377
0.0213452891303621 -0.0392940116063714 -0.200785033255512 -0.0496078437023343
-0.0161803482136332 -0.0439555333794832 -0.264660123322241 0.0376259386096524
-0.0176723251776723 -0.0465484848951741 -0.28451085055122 0.0689874005096537
-0.00550310296916358 -0.036139564149347 -0.307624031319673 0.0557066125384664
0.026686639823621 -0.0317487575953934 -0.28930471093008 -0.0467208531024708
0.0358896946039512 -0.0100580841819678 -0.168215301345357 -0.16691905301392
0.0137289427429596 0.0298760351526635 -0.00499468047093121 -0.119210854410014
-0.035273028961253 0.0241925766664569 -0.0812709328117963 -0.0266158843128988
-0.0194468495502011 -0.0344301967443478 -0.199867462978062 -0.160842649445564
0.00654506769560848 -0.0331635782469803 -0.206001953455548 -0.508650905168997
-0.0907183300886538 -0.156458693427558 -0.238539189199067 -0.228959149110264
-0.140588094588172 -0.0546475095968187 -0.168192400653926 -0.0274855799611373
-0.113543204983762 0.0776836529703651 -0.0361590543267687 0.035333328775961
0.024362103231437 0.11283728524831 0.0435084039188493 -0.0226585245224782
0.109011841663936 0.0638375514701851 -0.0387221623644459 -0.114987985229679
0.118406416927527 -0.00811546536092417 -0.179987299632067 -0.0689808235354775
0.0846290900291201 -0.0579236723525791 -0.247141704218991 0.0138620248294223
0.088171786882692 -0.0742196247643936 -0.265697680966316 0.0450790964081844
0.112000692476846 -0.0531301301826777 -0.279172526548369 0.0295513156001021
0.166733931754768 0.00573327908625481 -0.25361601911748 -0.0550426110372217
0.128259982913523 0.109851775723553 -0.138631858584283 -0.144419869588403
-0.0132484666406556 0.18225522695735 0.00445991995866039 -0.0965730903405533
-0.198575267107512 0.104426368676931 -0.0943327719347829 -0.0137392461861548
-0.210532064850283 -0.112193536226101 -0.202836903142383 -0.156454375867603
-0.120045924792827 -0.221357882845674 -0.188458952192756 -0.477289821832874
-0.171157434062476 -0.270025033102143 -0.192377939080718 -0.147612585952309
-0.241722520391984 -0.0949789056799772 -0.137206203844275 -0.0211662614561792
-0.19662666879069 0.108548507590839 -0.0281805462679469 0.0383348849408302
0.0050495925138056 0.190993188255811 0.0414818498625529 -0.0154593815728717
0.157892033972763 0.140002564052203 -0.0183972747902388 -0.0993519427321505
0.207591678237353 0.0256094301015245 -0.1383207161968 -0.0765970928392194
0.177518121336439 -0.0650833355712019 -0.194655167513344 -0.0112688901095858
0.180425172092616 -0.0914934196713242 -0.205412955458478 0.0148554388817298
0.211348266317997 -0.0618437777657674 -0.208489462036322 0.000267603642698954
0.284045640895258 0.0420698310410122 -0.180085467027498 -0.0537568379435823
0.206992006918312 0.215961459884115 -0.0907823987250675 -0.100068484776351
-0.0354410875438441 0.315840914923438 0.0115374274108463 -0.0621905998829422
-0.338121473192321 0.177197107100136 -0.0946940859027986 0.0011023843442792
-0.377676147691411 -0.171236459089958 -0.181545924691342 -0.129379194786823
-0.227483289427918 -0.376624119647005 -0.140148930235751 -0.382472414795369
-0.241174677979164 -0.355302595243989 -0.117970328666938 -0.0275037745195273
-0.342687054430855 -0.117957747395315 -0.0752472056363585 -0.00605163774484752
-0.276855322015156 0.153762752494078 -0.0112274177477109 0.0311866128964067
-0.00611713733446251 0.273545242815508 0.0300724664436593 -0.00565981205872622
0.202945792530317 0.207737176358751 0.00872081628054267 -0.0632827458196762
0.280442482616891 0.0540286948318083 -0.0686544098475798 -0.0714564601060213
0.247530591866435 -0.0652912081567164 -0.110541815388791 -0.0348029940508981
0.244291933728556 -0.0936505838367701 -0.114326322416995 -0.0197814137123337
0.27501678839297 -0.0581575706459698 -0.105619361561861 -0.0286925194765461
0.356334707669768 0.0702754325958925 -0.0793291983643202 -0.0466061668459563
0.255902116809033 0.285289490702356 -0.0259479484134834 -0.0417330696045149
-0.0449289517797586 0.399142995776766 0.0206544422630923 -0.0174061322581295
-0.419806354309822 0.22722372471362 -0.0753973916132819 0.0156365855391187
-0.483001013105497 -0.197115679128453 -0.12678367351926 -0.0837061930588511
-0.294650547700727 -0.464868677609724 -0.0643254914935612 -0.238632680983681
-0.28055778162719 -0.395078326236906 -0.0189687726740073 0.120568148703486
-0.412457627005579 -0.120609822778552 0.0227937153296147 0.0178265725800195
-0.329435272172889 0.193942850397317 0.0130903173669641 0.014570733311619
-0.0121505637636719 0.331714455991986 0.015125994824539 0.014075770464622
0.227800009462806 0.251173932191531 0.0484003544015612 -0.00679510504713045
0.317356562226906 0.0736785026078536 0.0268205320341028 -0.0555283488386092
0.284268821400723 -0.0585589692966506 -0.00260432123753001 -0.0574691035837874
0.269699276091011 -0.0820039552886299 -0.00681079855173796 -0.0518393596363347
0.292750619697579 -0.0444252565290878 0.00842824058818305 -0.0542022736926217
0.364410162419612 0.0856130709863507 0.0281097718971154 -0.0357617206046034
0.257400682829074 0.296214013359525 0.042688265929438 0.0161837829201155
-0.0484491975809994 0.398928104708877 0.0312974401484883 0.0274526651763541
-0.417070555478164 0.223119374876104 -0.0410506649047757 0.024607713204633
-0.48897304030711 -0.191639096704463 -0.0489980397421832 -0.0335622033245937
-0.304026741199278 -0.469131403034144 0.0248229430370246 -0.0783535147027119
-0.277664523925721 -0.371966336616691 0.0914053017738258 0.274316663220227
-0.412021430568372 -0.106339947284166 0.137697221311037 0.049658943615595
-0.32247464952018 0.196248450946076 0.0398864428679416 -0.000320723920224945
-0.0184896571059041 0.327671798855049 0.00203882502937481 0.0451432192038292
0.208828908100941 0.251242698786838 0.0959342049058405 0.0622254540440467
0.30086730237584 0.0816387180005799 0.134613591783967 -0.0294164641548491
0.275558724809109 -0.0422316773215294 0.113627925905137 -0.0755705544078199
0.253753545421586 -0.0568393607492301 0.100899301030144 -0.0763467963914105
0.264662590923648 -0.0213274657171149 0.113191074798954 -0.0701286761894352
0.30762061222086 0.0915361840353402 0.117833979662007 -0.02278534602163
0.200007630909121 0.258488079574319 0.0937451521378049 0.0605217655521779
-0.0565575600829501 0.312734477622873 0.0343831334831708 0.0602206624172951
-0.329834929170924 0.155011667809544 -0.00515033186964672 0.023477023453448
-0.390454154482778 -0.161656493695953 0.024190145375591 0.00704489522300758
-0.252303186603253 -0.396356142067203 0.107277744678994 0.0673377732983227
-0.22309498975948 -0.2867426967003 0.184675081745035 0.409191129020648
-0.324197178101964 -0.0780398574936449 0.235234068977036 0.089566664209134
-0.246033076519584 0.147283016412901 0.0631074589819037 -0.00814173134261527
-0.0253977539212207 0.247791986021714 -0.00991377237177825 0.0747306651447605
0.142694427397761 0.200845843010279 0.133427846520124 0.129981032237977
0.225910028280749 0.0762998286192682 0.229697117290359 0.003108291467362
0.219851695003307 -0.0168454725168062 0.21779615882658 -0.0834957768791283
0.201098224473702 -0.0220751828269004 0.193126291769995 -0.0897966012451663
0.198782168467917 0.00465874849115722 0.193323611570438 -0.0721651036072431
0.205654573049925 0.0876421649856083 0.172320828181102 -0.00446366642146472
0.109930195725606 0.187016843310206 0.112627281667412 0.0867548450642842
-0.0654107021912685 0.181712834457986 0.0233922775427289 0.0719687555611521
-0.202131254287412 0.0577266271587911 0.0205788584769501 0.0121144085601128
-0.231714948453695 -0.116388701368629 0.0723371748847498 0.0312218663580771
-0.161622060305903 -0.264942684373026 0.165394619466144 0.171591686295582
-0.130151331293193 -0.146768206450542 0.239408615749722 0.496809985630654
-0.174029290463799 -0.0310952725034534 0.294482565803504 0.130759561604155
-0.115390322915301 0.0717844967157427 0.0797986453287759 -0.00935406485142526
-0.0236572728107763 0.115795868256383 -0.0202049111153226 0.089620758251727
0.0524337951016314 0.109452961905329 0.146250036451271 0.177438897428128
0.110488956261474 0.0570284657351655 0.290950231835698 0.0378756412373713
0.126239482301422 0.0119218965412585 0.291034815257179 -0.0790364638042667
0.118002440607522 0.0159576134633977 0.255301626687574 -0.0898240202341426
0.109729124396418 0.0281794203341406 0.240774503386611 -0.0599535682877078
0.0876119387296673 0.072216883151484 0.192079203155612 0.0164899832881635
0.0179940523745566 0.105101495068539 0.102299421247564 0.0967793484277299
-0.0647630432205242 0.0568806733291215 0.00182310109973048 0.0667002485391818
-0.0743802363707174 -0.024167721242797 0.0329708181877041 -0.00452195029465757
-0.0723689781766539 -0.0581013106251237 0.0942851745919301 0.0404591826657159
-0.0613454054858212 -0.109428737280394 0.194092350202526 0.227373565934793
-0.0077550063460379 -0.0279567775078123 -0.280935922130378 -0.265516480994374
-0.0414571577006581 -0.00497530642870327 -0.192373542746362 -0.0154524110469571
-0.0290081140601594 0.0567302380968711 -0.0411519593834331 0.0293264044779853
0.046039633081351 0.0373008253288555 0.0355930123283998 -0.0361398243378512
0.0573818906347096 -0.0167936290859595 -0.0677128177378988 -0.118195371389142
0.0207720440964747 -0.0415193308507869 -0.209219115260339 -0.0423207914957738
-0.0192108460095891 -0.0443666618456033 -0.273310757921089 0.0498682472811884
-0.0211389497712946 -0.0475828291258504 -0.295663591385582 0.0844142624946916
-0.00650469826436446 -0.0381305372854501 -0.318963913333041 0.0704596312183819
0.0265628610368285 -0.034688570840298 -0.302832162418311 -0.035759901734816
0.0370413368948624 -0.0126089448410844 -0.182199445029608 -0.16661291867429
0.0150583070827655 0.0301583346292021 -0.00968782717634082 -0.12362876382032
-0.0346920031230935 0.0256088435465577 -0.0840427498617703 -0.024650774533413
-0.0213159765329367 -0.0346747277620591 -0.212084170976958 -0.162969049988493
0.00586544836826842 -0.0331872195918373 -0.231923697844975 -0.519289919706574
-0.098770113841724 -0.15777806823753 -0.256537469657493 -0.228030302541239
-0.147603451562567 -0.0518036835798692 -0.178265266780627 -0.0213021128554113
-0.114245092165012 0.0848800790927154 -0.0372754751546569 0.037091021495441
0.0293520074881396 0.115451874777606 0.0445627846314469 -0.0249737605792577
0.11540351349925 0.0595735066880551 -0.0438717853408453 -0.117216333455723
0.122881510172597 -0.013541366574901 -0.189802751246795 -0.0627189167044264
0.0850223323172663 -0.062649353729385 -0.256166291362372 0.0246858103962204
0.0882527821693048 -0.0800790617577053 -0.276225255161607 0.0580754843338723
0.114940850682046 -0.0603991102509342 -0.290565679386026 0.0419574921545696
0.174238070673707 -0.00246024538542434 -0.266196978572817 -0.0468877919815734
0.137519336070896 0.108633363281751 -0.148890989729418 -0.144635950849947
-0.00632684951535296 0.190201108021417 -0.000228420011489393 -0.100644913004075
-0.202066260397724 0.114759610866639 -0.099637068313613 -0.0110022941828941
-0.22286474545268 -0.109328007866778 -0.217644889238864 -0.15782250499938
-0.132683486170548 -0.224664094242917 -0.214219541149222 -0.485955412913123
-0.18504965859018 -0.272441921883231 -0.207882879568154 -0.145856343198092
-0.25350497875767 -0.0895794097283412 -0.147160691235772 -0.0165585021353611
-0.200156341023993 0.119134528078818 -0.0285435424447174 0.0399613303276303
0.0131795848816843 0.197193028472358 0.0424164973731312 -0.0172421901367884
0.169508802982517 0.136303784709174 -0.0227079043289274 -0.101271858221188
0.217205580569638 0.0159976059552486 -0.147087806367386 -0.0729292922624113
0.181466010279985 -0.0744068421756874 -0.202511649118643 -0.00291638561267131
0.184370447833622 -0.101685757393646 -0.215690242405868 0.0234185981028898
0.218092043975344 -0.0725935555065925 -0.218019959328406 0.00838042080450576
0.29732416965322 0.0301592402597313 -0.188987525429148 -0.0491682070416533
0.223812035333717 0.215604799354042 -0.0958450293427445 -0.100864880504379
-0.0233893463600705 0.329656576887956 0.00845941957776073 -0.0649127285164109
-0.345047738282971 0.194615583183504 -0.100939484415439 0.00473758211613705
-0.399263209923936 -0.165934092771863 -0.193968844559601 -0.128870971070314
-0.250409915999757 -0.382399562328638 -0.162003037623474 -0.386372045294711
-0.259321812592053 -0.357683043331826 -0.127273046570659 -0.0253653642331818
-0.359484779913288 -0.110479274209336 -0.0820236486388566 -0.00224393169968996
-0.281710060305237 0.169019929514779 -0.010980650862388 0.0310305601523546
0.0047711727195078 0.28338151173139 0.0309080704458878 -0.0064504493782067
0.220799256302219 0.205305382814442 0.00699920179953722 -0.0655211585712555
0.293303753346429 0.0422104990992831 -0.0758347902282767 -0.0708368016509745
0.254641617710256 -0.0787360566047491 -0.115895465351757 -0.0313534719500961
0.250426671072166 -0.106429777545015 -0.121673908944903 -0.0164035774252694
0.28384056028126 -0.0714153736013385 -0.11259491532698 -0.0272477773761057
0.374241673111429 0.0557047655561415 -0.0839808368615736 -0.0459424753577281
0.278507934357652 0.284744034829673 -0.0247918032663923 -0.0437164402560884
-0.032138714216595 0.416730482261648 0.0196493873855644 -0.0186914352770343
-0.430013796016817 0.2488846919472 -0.0821411340401588 0.0194754194952523
-0.507831849545228 -0.188111433678895 -0.136736900407133 -0.0823774030218729
-0.325279885467349 -0.472891483326713 -0.0770725775303278 -0.241991004234558
-0.301230570644554 -0.398030792987373 -0.0182374041925854 0.123772137000189
-0.431471469690493 -0.110612803523207 0.0206445687628544 0.0194266530373395
-0.335591257308204 0.212293211320866 0.0150663538334314 0.0133623416370653
0.000555456310079023 0.344960202370481 0.0163798878919856 0.0147524181743787
0.247800698038443 0.250323039700809 0.0497937597815168 -0.00838374324460179
0.3325653785587 0.0607508470945304 0.023497890796557 -0.0585926716195118
0.293234611041328 -0.0737719427990493 -0.00513686403795405 -0.0594457784156303
0.278053083335312 -0.0946478648525502 -0.0105077883648925 -0.0534541896930109
0.302290732746551 -0.0575554979449965 0.00483679806733236 -0.0572637163854634
0.383714151244602 0.0716095570840554 0.0275877636554987 -0.0395956486658341
0.27885436961245 0.29637766387601 0.0487521448303063 0.0136732769457048
-0.0356314177870274 0.415397420144316 0.0329159929070377 0.028472857237864
-0.42500675193289 0.245240494470491 -0.0472033955305266 0.0276120848886017
-0.51272681653546 -0.180578843795358 -0.054782421202586 -0.032209048171293
-0.333280873879936 -0.47664767105061 0.0200946908033415 -0.0783922818589027
-0.298262626764658 -0.375055260710615 0.101204853374751 0.278771845387984
-0.431115883061388 -0.0964596742272715 0.141279744476401 0.0470933063569659
-0.329959177386398 0.213878030407258 0.0429818464244854 -0.00342754195606326
-0.00612319580750523 0.342395412433189 0.00350537082504211 0.0469653400282973
0.228390969035225 0.251634167183966 0.101487119358664 0.0621461550164966
0.315961497813577 0.0698269953261222 0.135598709898414 -0.0366253764393316
0.284769443898459 -0.0561350870445696 0.115260424585539 -0.0825609922661552
0.263146639896354 -0.0672863054107469 0.101955749626201 -0.0834350837054722
0.274000958275359 -0.0321591702117413 0.113368444188545 -0.0778531376583241
0.324207955865102 0.0803703282283087 0.121012085101913 -0.0295672930739297
0.219041856375023 0.258604352499976 0.103193046372327 0.0577482307392933
-0.0460722611385525 0.326564572366711 0.0368572115456623 0.0608149610099594
-0.338195268994733 0.171821809188257 -0.00966185607698306 0.0236436611598063
-0.408949319690747 -0.154392057990907 0.0226909408353222 0.00795320401192331
-0.277345921332992 -0.401999892525466 0.111283603707063 0.0676629455311449
-0.239370266868854 -0.288712736813487 0.203924862276357 0.415479688289853
-0.339086215324379 -0.0694086424601458 0.245892985749148 0.0848668477597125
-0.25148374247203 0.160753439475039 0.0666121140109026 -0.0112746070529491
-0.0166794382767585 0.259807299843136 -0.00781715158012319 0.0782667327167048
0.158365358923264 0.202674754436329 0.143582976944084 0.130768835788792
0.238156180925164 0.0683515902464835 0.237785972048494 -0.00752466998200379
0.228696868000148 -0.0283630765298698 0.223932601425925 -0.0950097473544999
0.209112575882916 -0.029822993035923 0.198160864171761 -0.10089792006471
0.206548938626559 -0.00228134505925169 0.197000105416194 -0.0829666024847248
0.21720656454222 0.0812048475208902 0.178109705732979 -0.0130366483326764
0.122365764572987 0.188831637606715 0.122572945257974 0.0844202458666294
-0.0601639716120967 0.191269599888903 0.0263107057534993 0.0730082766481263
-0.209115323261566 0.0670167976001984 0.0176369176278355 0.0104310954712357
-0.243874235490691 -0.112071439913351 0.0744224999446339 0.0325123376875502
-0.178017181266213 -0.269151227630161 0.176584793711481 0.172813106902984
-0.138973215078628 -0.147792532789204 0.266755687233055 0.50513671887356
-0.18235177697673 -0.0266774496990398 0.310765364675406 0.126056309009095
-0.118462632903916 0.0780202521245502 0.0843532540380284 -0.0124932809309379
-0.0197450561646797 0.122778408363873 -0.0177740175371152 0.093667955911723
0.06051645441379 0.112259001896373 0.158348905076238 0.178929016086608
0.11786586286201 0.0538165351444758 0.302511078213367 0.0256241204636039
0.132339884252656 0.00632023213161712 0.299489755236813 -0.0937306102485631
0.12442606830726 0.0124058637899337 0.263432301736127 -0.102999776026939
0.114783792985009 0.025583237967895 0.247228930647176 -0.0725891011571836
0.0940819560028732 0.070899869658685 0.199859390611796 0.00904374640190464
0.024195918580929 0.108320116733091 0.111431860085399 0.095434848139424
-0.0644927730046937 0.0618423384814827 0.00411028999554345 0.068009316292477
-0.0791965044239013 -0.0223502594400713 0.0306315730194859 -0.00681447764209105
-0.0765999657731546 -0.0576597138647813 0.0986914779974266 0.0407493586836417
-0.067666037219046 -0.111913692109048 0.208848366616769 0.227352503037631
-0.00984315662719222 -0.0275517751804467 -0.299502137198524 -0.248173233792688
-0.0423686711037989 -0.00302865793060399 -0.195642997502713 -0.00189128033256576
-0.0250714668983084 0.0588415298332956 -0.0406102475010428 0.0319118471988611
0.0481866133217857 0.0341306888865203 0.0336241351233494 -0.0384842943834811
0.0555119290130569 -0.0215214860015379 -0.0752928764972797 -0.114492424008554
0.0185208031784009 -0.0428811001638507 -0.212261725481127 -0.0274907557350985
-0.0224015246741887 -0.0413457780086568 -0.272244670322036 0.0685199228024835
-0.0251251417645826 -0.0461703106781021 -0.295507576691002 0.105237879342268
-0.00853950215353384 -0.0391267449547821 -0.316980355118971 0.0927463392656146
0.0240147541662119 -0.0374656647726003 -0.307827842630603 -0.015250878101995
0.0356258528693282 -0.0153983512032849 -0.196067247857166 -0.155827894760386
0.0169118663884773 0.0296066461336341 -0.0183526426050968 -0.123961780582768
-0.0323102493613337 0.0273236318386366 -0.0859629605782365 -0.0197335968350613
-0.0233429496216898 -0.0338708746272207 -0.22428375390528 -0.15435192007263
0.00431799086994374 -0.0318528761875683 -0.26443715978586 -0.506595199906054
-0.10834436295329 -0.152419678710176 -0.274041276876516 -0.211622417615571
-0.15176246264551 -0.043213245292071 -0.182791301559661 -0.00750260804389436
-0.109470292987995 0.0923404319302134 -0.0369520237738745 0.039548954526277
0.036879675970608 0.113265400148225 0.0434502383674171 -0.0273197004513514
0.119672756645132 0.0506941561776996 -0.0511021559969331 -0.114662515649444
0.122867426544374 -0.0230213638792628 -0.194627221253624 -0.0494953449037473
0.0816119266397785 -0.0679541686998629 -0.256007363007178 0.042504154048636
0.0833977341492258 -0.0863113442551695 -0.277915917105265 0.0774208887166273
0.113137068860255 -0.068849450936894 -0.291718950759214 0.0617008990618895
0.175540420487331 -0.0149145977571101 -0.271089932790937 -0.0297401399925082
0.145747141531696 0.100599098178789 -0.159010006957975 -0.136420821658174
0.00593962558900597 0.192102538736923 -0.00765252351033045 -0.10092306163456
-0.197404563295569 0.127146564384709 -0.102525148266566 -0.00423230806427341
-0.231710624032825 -0.0965995748176988 -0.2302527164101 -0.147133105390029
-0.148050830525505 -0.21664159841614 -0.244984962485882 -0.471654571748782
-0.200851419424821 -0.262263217226113 -0.220401974817817 -0.133467882690044
-0.26019807507026 -0.0741254574195333 -0.152732058405497 -0.00497471548873209
-0.193036686530657 0.132125712776388 -0.0278682170032474 0.0406875569096902
0.0258331901745605 0.196645070975558 0.0417433251570538 -0.018785676698098
0.180889495487914 0.12388487804917 -0.0282219100885374 -0.100314765260612
0.218878054946109 -0.000323877087083758 -0.153434491927035 -0.062315902184699
0.177132778037493 -0.0869980479439267 -0.204056863225683 0.0108350989989234
0.178960218621024 -0.113180374763369 -0.218427647447459 0.0378295628390456
0.216280526582889 -0.0881272434230516 -0.220726979881295 0.0232064673131926
0.302477829085617 0.00819042857349379 -0.194688443904395 -0.037272999487714
0.239649478952631 0.202771716213351 -0.100934946297138 -0.0966959496552621
-0.00273934851903226 0.334034423383558 0.00318659838603728 -0.065744791787001
-0.336735555602605 0.216991246115918 -0.103866586751316 0.0125394454405265
-0.412105302343248 -0.142592559874808 -0.20598748906908 -0.118615263759587
-0.277709871228916 -0.368079100247569 -0.186886163620062 -0.374964185032449
-0.279396565521823 -0.342970308080538 -0.133410692945904 -0.0182165181211614
-0.367304079362305 -0.0880553065183749 -0.0866688510982195 0.00482864858267937
-0.272916584488418 0.186342849958299 -0.0103648174610841 0.0301486479130344
0.0226581316539726 0.284504684585391 0.0311081579360961 -0.0080143123521757
0.236558413300536 0.189865956100558 0.00300423733756222 -0.0650689166955024
0.298283727014732 0.0205011021470972 -0.0818435875646803 -0.0657241299212144
0.251184394898902 -0.0967026738327989 -0.118580549730275 -0.0231793942724074
0.246488957496204 -0.122080273411825 -0.125605242028635 -0.00824236915258948
0.282421817875115 -0.090918065898383 -0.11741436950976 -0.0199313625860288
0.381221027152551 0.0294301794036003 -0.0883405582739018 -0.0416423740375393
0.300331732105979 0.268071161784584 -0.0253180629217504 -0.0447932729948767
-0.00454721890692398 0.422475158395318 0.0168805746586042 -0.0195913880985184
-0.41909522341792 0.276685914872773 -0.0861584621756206 0.0266046133846703
-0.523250232248941 -0.160272897226284 -0.143772654384223 -0.0740168719326216
-0.356394096242252 -0.453710351217968 -0.0941209565371896 -0.232756647710069
-0.324442280342523 -0.381283897366333 -0.0157453447135333 0.124157291648543
-0.441947537145941 -0.0854695650116179 0.0181492543219936 0.0188813699874561
-0.324742139878129 0.233819894880478 0.0152305662834 0.0106975222854521
0.0238732527524937 0.347096966421858 0.0174949326749513 0.0143382774005608
0.2679333500685 0.233225609547609 0.0503432431297381 -0.010486103416026
0.338796091340584 0.036467999835774 0.0183080890707099 -0.0600443812240207
0.289399160739065 -0.0939263379047629 -0.00821877044766156 -0.0588090973715084
0.275741627184145 -0.112302581380782 -0.0145049422098717 -0.0533129372482942
0.302612238430368 -0.0769201817304565 -0.000481000307614876 -0.0585759368830589
0.391596284412816 0.043824971444756 0.024441481222444 -0.0425852316412812
0.3016753675489 0.278996595742513 0.0531576590715757 0.00803248890670473
-0.00797608261634773 0.420984314267345 0.0335081359260876 0.0255529905968862
-0.414953077098679 0.272379677884751 -0.0505741230561582 0.0328143284386638
-0.527201844891404 -0.152087877196254 -0.0583351354339765 -0.0271203526210346
-0.367196001468722 -0.458084711345687 0.0142171674244693 -0.0757239938984274
-0.320870372065709 -0.359667678006204 0.115021898583172 0.273441155565963
-0.438998207348384 -0.0709390978050729 0.142286602453416 0.0401824607622858
-0.319978298649752 0.235931706261802 0.0427258277486446 -0.00769810865210724
0.0169781421524329 0.345637645858975 0.00634535735146214 0.0476185334668967
0.249298626414536 0.237026125710101 0.107129052641247 0.0575091007679052
0.323556442366693 0.0471528710023595 0.132747640090889 -0.0459177805223524
0.283235076600142 -0.0766725258073939 0.111378532708572 -0.0898679166546567
0.262248415611701 -0.0844947706014778 0.0973640005549841 -0.0911743491492732
0.274568642503308 -0.0493556943989394 0.107520451111181 -0.0866606919952569
0.332547701588226 0.0575692602236995 0.119164898985417 -0.0385013773013202
0.239033184147074 0.245194165885372 0.111218371083743 0.0490530998439992
-0.0253839210905287 0.331730553019085 0.0403092811686938 0.0590009956201518
-0.331229220387142 0.19386496211415 -0.013034268074294 0.0263526237115552
-0.419742349153124 -0.130532636150622 0.0225831560368682 0.00974518397981342
-0.304020044292527 -0.386001935094256 0.114798556605869 0.064475103830378
-0.255939346702918 -0.276554595649694 0.226905400872895 0.403033764954949
-0.345906828260873 -0.0490656636174338 0.252002820754656 0.0702435655293251
-0.245631852233131 0.176707680976212 0.0676864818304857 -0.0168912050564006
0.000914744170137755 0.263160508861086 -0.00269571368664704 0.0798217798346047
0.17584346600448 0.193144482116505 0.153579359776519 0.123462407533584
0.245333759684832 0.0508259092419409 0.237103302849267 -0.0235581719375302
0.228316692448321 -0.044624760798651 0.218957930075989 -0.109788396668948
0.211111718397232 -0.043416241070432 0.193914786073384 -0.115185240105379
0.208281248746669 -0.0147288844744398 0.192199459538711 -0.0977796413187102
0.225201258574868 0.0653171262224344 0.177814680909249 -0.0259958081543546
0.13686789903061 0.181310667232123 0.131601103253079 0.0743967965119739
-0.0475040420365702 0.196451945815522 0.0306031273329799 0.071860332230645
-0.207106614035905 0.0798718401950044 0.0139235659702901 0.0106145777926546
-0.251398336709956 -0.0979027976672553 0.07644568046391 0.0302973981402124
-0.197220465328079 -0.26018224482943 0.187153663189458 0.164122007624977
-0.147586794853853 -0.14125638085329 0.29631686869441 0.490671708089002
-0.185130023164988 -0.0154514955031537 0.320895869227697 0.108220582950484
-0.115870017320889 0.0853803071041082 0.0861816385719293 -0.0186079137451512
-0.0110457746676899 0.125400280946434 -0.0125051427965212 0.0965058714592773
0.0702753176270933 0.109569699794739 0.171779818866566 0.171305489788678
0.122122961707174 0.0454345551737745 0.304789045903966 0.00522428380840057
0.13432786588728 -0.00382498746188561 0.295615591170047 -0.113529704778113
0.128098408834038 0.00421909186957832 0.260622081673993 -0.122098315004217
0.116874180906359 0.0190992666058172 0.245204738918173 -0.0898032327649946
0.0996621066509517 0.0645490824471374 0.201410078573114 -0.00447137550342304
0.0320816617474855 0.106851787582534 0.119758578524594 0.0873624900094178
-0.0605466486190898 0.0664961737033574 0.00820926059461635 0.0683738047106303
-0.0819241362334146 -0.0169742386035978 0.0275384516200086 -0.00886847772816055
-0.0798470173402269 -0.0532563878714517 0.102026578360508 0.0372291709930205
-0.0758612430837119 -0.110473346887225 0.224293728740297 0.215285414735628
-0.011487474484514 -0.0261643340889251 -0.302635268510114 -0.222410924058203
-0.0416190460257342 -0.000890085940054883 -0.189615791301017 0.0110127753070684
-0.0208230917148071 0.0585125069320095 -0.039114157256701 0.0343569095489477
0.0469497207830603 0.0302275878795784 0.030287618110513 -0.0387444283476811
0.051082340183653 -0.0239377964480601 -0.0791151987178707 -0.107377751744504
0.0154914903282949 -0.0423752177527569 -0.205675774918505 -0.0138268539949664
-0.0240826535864115 -0.0375211259214754 -0.259899515404341 0.0827706583070393
-0.0276590584068089 -0.0425965877034389 -0.283060752783189 0.120761458715693
-0.0101571618971184 -0.0381309695454189 -0.302275394034613 0.108229763415693
0.0211028773572052 -0.0384746541408225 -0.298795371307254 0.00368253955976798
0.0325943435705851 -0.0169037934949282 -0.199970287026358 -0.137773386933965
0.0180499827050623 0.0273142257798356 -0.0255008232350825 -0.119327803669628
-0.0294140050593913 0.0265458604363567 -0.0834606685117413 -0.0153592057201075
-0.0245269555109265 -0.0308838192354003 -0.226184799682839 -0.140347928926324
0.002926012456443 -0.0298233064254975 -0.283222887625352 -0.473072101572082
-0.111926750149212 -0.141678622370691 -0.277279305371574 -0.188488041592109
-0.14900897506091 -0.0339048829087976 -0.179259342996727 0.00456213864612981
-0.100165997190948 0.0954586827448077 -0.0359617784286613 0.040940186711794
0.0405456461220211 0.106847167272204 0.0405406072418326 -0.0285986378900297
0.118028988944158 0.0409843044267739 -0.0553366071847747 -0.108172011473707
0.117175085827987 -0.0305170501658785 -0.190604511823032 -0.0356497875681531
0.074950730974757 -0.0693946328818613 -0.246271968970262 0.0564647600646827
0.075943447881832 -0.0873492379546457 -0.267281895984628 0.092905117698442
0.105938330540281 -0.0742906337069038 -0.2801547421073 0.0769815777795423
0.169174771045115 -0.0266145080416879 -0.264865341852392 -0.0126721053248153
0.1470395656522 0.0886600539532732 -0.161900348073131 -0.124165669573099
0.0163004534921475 0.185745678502074 -0.0132496545238665 -0.0980470033406302
-0.18413207889225 0.132730694043219 -0.0993539719404875 0.00237024948604139
-0.229985175399938 -0.0822910861472768 -0.231212950897466 -0.132144911766575
-0.154636535449961 -0.200507174780236 -0.261656071416608 -0.43927073327445
-0.206041588909812 -0.242627198310336 -0.222877576512596 -0.116106845591749
-0.255335627100275 -0.058138202750437 -0.150163551528246 0.00461537401244818
-0.179578585774337 0.137860431849739 -0.026566968736978 0.0409938964906889
0.0356997100736446 0.187879213301996 0.0393131585017799 -0.0206443173433903
0.181107243246431 0.107238900768083 -0.031794316286178 -0.0947724377088415
0.211766568777355 -0.0149853087017422 -0.151842837776613 -0.0504851304490447
0.166844455319114 -0.0939905930378976 -0.197239666582559 0.0228317672260004
0.167991729951708 -0.118919504781148 -0.211363992238544 0.0510778787256123
0.204561979434189 -0.0976239911489756 -0.213592966469218 0.0354493640266183
0.293768372080982 -0.0110272490571746 -0.191076877406158 -0.0255624891961702
0.244810907714994 0.182431449403022 -0.102124117137825 -0.090119158865191
0.015849727311621 0.323849721253241 -0.00153976472138005 -0.063157425229036
-0.316213586479314 0.226578243487959 -0.102294173606904 0.0200131460079904
-0.4056703988462 -0.117515484290222 -0.205758732405754 -0.10370012157551
-0.288322216416676 -0.33966143591933 -0.19853126026527 -0.346914157199682
-0.286198370562721 -0.318375330850926 -0.133526177999755 -0.0101863019138283
-0.359454484321506 -0.0653758044442562 -0.086559375163527 0.0107559383436302
-0.254276426035126 0.194020836287454 -0.00975206694152623 0.0296720622744489
0.0379097075761047 0.272301031824415 0.0298622455189642 -0.00853186186988974
0.239567109796196 0.167379883789711 0.000967002434087237 -0.0626579528387976
0.289051587157553 0.000555904906846542 -0.0838402814478311 -0.0578233720835628
0.236503900932469 -0.107210640167302 -0.115410229129541 -0.0154807086239257
0.233390059200631 -0.131644054162752 -0.124091539911035 -0.000129459068591582
0.26962172774876 -0.103368730184746 -0.116046003689289 -0.0121186555677747
0.370983968522929 0.00402342498378086 -0.0882950115213227 -0.0362333064177591
0.307517429886524 0.241391887099219 -0.0255547616742503 -0.0445316919779835
0.0183448816882201 0.408593395262229 0.0149447402421828 -0.0199685376182309
-0.393239099125082 0.289550035141587 -0.0845145086329871 0.0333123298092397
-0.51552832825428 -0.128120261430738 -0.143473162888757 -0.0622703074881473
-0.370453946118833 -0.419334291411505 -0.102033284834705 -0.214904960900706
-0.329597730891307 -0.352712830624755 -0.0131046397497917 0.12063697229025
-0.430967672290121 -0.0584528287840415 0.0154733814278879 0.0188136645487599
-0.303081115179013 0.243076671590935 0.0145614106894451 0.00830131595225261
0.0422599647077881 0.334273784471162 0.0184041774972941 0.0133142362121369
0.273962318261023 0.208478248894325 0.0494504843913492 -0.0123405960263202
0.329808647576597 0.013950348400622 0.0130246319234907 -0.0584573436018222
0.274218825540815 -0.107694509258764 -0.0105269285391749 -0.0565443806868814
0.261925426402682 -0.124019457570129 -0.0181847912167875 -0.0503424206135553
0.288885629884576 -0.0912201312409267 -0.00559116152510563 -0.0567732733030145
0.38130381299533 0.0176497861767043 0.0200909866588332 -0.0440305446945896
0.309156369666745 0.252863922502014 0.0544269253628236 0.00132382231306146
0.0150653010812961 0.407782978617626 0.0320657326851232 0.0240805135732201
-0.388933954632479 0.285178644732777 -0.0513535284125246 0.0378648866700435
-0.517194776897957 -0.120132171559612 -0.0584478082289291 -0.0202893126537634
-0.379510254262736 -0.423120282064057 0.0107051329853499 -0.0683274564614124
-0.325883307359104 -0.332705503050621 0.120970733176907 0.257454286171658
-0.42848570871063 -0.0452289165336438 0.137462521767792 0.0314397797700858
-0.298773843080251 0.244865285251955 0.0411554974036255 -0.0113817344147323
0.0364506713501623 0.332629294466997 0.00936095005689765 0.0465783741563947
0.256737575979167 0.212862617803752 0.108022451451909 0.0508627271797185
0.314928407467873 0.0249838233307202 0.123965075390947 -0.0516584652935297
0.26917126010923 -0.0910170279875047 0.102817734751419 -0.0932250829248857
0.251856162153617 -0.0961397051750418 0.0889469514269284 -0.0938764680452019
0.264333547537188 -0.0625003982077436 0.0981699276061167 -0.0903617228323468
0.325019412338559 0.0343068423847438 0.112024057903212 -0.0451340288596793
0.246751678176241 0.221695992368832 0.11221528149631 0.0379897897512972
-0.00622388640203829 0.321579649797065 0.0412346539032884 0.0556783035132018
-0.312208048968084 0.204470610972541 -0.0148910453481534 0.0298189450069036
-0.412334018561927 -0.104425513462232 0.0221205282684101 0.0111619206595259
-0.316330186576163 -0.356962821472409 0.114692521197464 0.0590787837799523
-0.259719719325159 -0.255781609444247 0.236387680888413 0.376715342466499
-0.336899390869549 -0.0287754967595089 0.245759608625759 0.0550501083293183
-0.228850487717773 0.184058432853177 0.0652390722116349 -0.0211884678408154
0.0163814906023497 0.254436306732444 0.00212957135682061 0.0783240170605929
0.182904287675586 0.175781403811236 0.15669553380356 0.112485691606345
0.240058028113482 0.0341072172081287 0.226331495834002 -0.0364236063474957
0.218124864415327 -0.0574093734051965 0.206670987260911 -0.118505339671603
0.204050907617379 -0.0539826513964021 0.182393930510045 -0.123836288537969
0.201171498425539 -0.0253094694686665 0.17969435981357 -0.10525875018609
0.221984605912705 0.0486493505331411 0.169575290646697 -0.0357241432289769
0.14374630374814 0.165557964348843 0.132982557220806 0.0622851692904458
-0.0345054767800883 0.192355872109685 0.0329809390543866 0.0681433179741602
-0.19751400946329 0.0888319708548786 0.0104700573956208 0.0115491734935373
-0.247265127088872 -0.0816638938096056 0.0757101321901584 0.0278759421429049
-0.205084005286198 -0.24205065610192 0.189617668328453 0.149993933120085
-0.148345479705203 -0.129736385127375 0.309567039094465 0.457218382615955
-0.179814339715634 -0.00492605706914008 0.315765507637627 0.0869124750127981
-0.108935631554772 0.0883268601463273 0.0838329240638066 -0.0231949692513222
-0.00302799965964091 0.12225577880752 -0.00631434771397088 0.094493157291365
0.0759051908766104 0.101870258417714 0.177535586703864 0.157184156556163
0.120732504962208 0.0362977014833169 0.295032880062541 -0.013437810030556
0.129704430753174 -0.0130471578779463 0.280946979794431 -0.126761393771049
0.126028720900799 -0.00351382725235885 0.247436590805896 -0.134039836502767
0.114611917947004 0.013068524704348 0.231743793607722 -0.10161389609421
0.100133180013539 0.056265566005832 0.194120530708339 -0.017190774309633
0.0384070033310674 0.100440152387512 0.121669798427893 0.0755386605345072
-0.0538176412580355 0.0677633149929412 0.0114065851119179 0.0660638973583447
-0.0811230673411732 -0.0111944724067816 0.0236085568819322 -0.00955008516607879
-0.0792569455177114 -0.0473838354837202 0.101611551050746 0.0325895987692766
-0.0802099697734838 -0.103412647286496 0.228558141449977 0.195168708312389
-0.00832445707439795 -0.0251936016046955 -0.255876126139292 -0.237015105270458
-0.0391252618718894 -0.00686018007442136 -0.179809264291418 -0.00923364362354727
-0.0267310023316012 0.051861428790735 -0.0447214106830012 0.0295553885624813
0.039022211881631 0.035054812599654 0.0307202202371768 -0.0303854544178055
0.050637192214838 -0.0151452607918559 -0.0618169941073133 -0.106177164105089
0.0220315124317884 -0.0384133732090724 -0.188092551092676 -0.0335411287548867
-0.0175300287895264 -0.0363025888556785 -0.253088523990129 0.0515657599807236
-0.0225271178637092 -0.0424462319886154 -0.283698998145134 0.083934366977602
-0.00391408608375693 -0.0376760749843633 -0.301539841331609 0.0707243372068622
0.0260436862054504 -0.0336606248747332 -0.286262510154402 -0.0282059180202088
0.0333677111207475 -0.0101681554843827 -0.177262684339856 -0.154510817963312
0.0133379715247946 0.0303581807044369 -0.0118670470480337 -0.119004954911547
-0.0298516315344053 0.0225853686005687 -0.0767472902058085 -0.0261600199395696
-0.0190000683260736 -0.0302463097989327 -0.201579906949718 -0.162048926923133
0.00681138930776859 -0.023657059082443 -0.220216279937244 -0.488671919957297
-0.0855438002035539 -0.143883340551546 -0.232324352485399 -0.213078375386599
-0.133169400226666 -0.0501741235240149 -0.172029249176228 -0.0195425448475536
-0.105081573135411 0.0752125219240769 -0.0460086232721698 0.0317086749296937
0.0227598139305791 0.10485000964381 0.035887696081051 -0.020110630062013
0.104383604470055 0.0543117869261899 -0.0435714866434963 -0.102798465100693
0.115275516663204 -0.0151322500255783 -0.171750729920483 -0.0481375266838464
0.0798125293435343 -0.055519201567881 -0.238258295918296 0.0293372527785222
0.0823396522345076 -0.0727050612130816 -0.266616370725585 0.0580280390428244
0.111347003272124 -0.0572183840805701 -0.278807822573832 0.0423154725595878
0.165296231908026 -0.00552081397110466 -0.256261772290185 -0.0441050868606193
0.129325181015798 0.103446993498913 -0.145080080027423 -0.142419341039676
-0.00711838335662606 0.181535889727905 -0.00344001188721787 -0.101455394324816
-0.190565127119488 0.105867181857141 -0.0891605074780325 -0.0114985335118649
-0.209726937274371 -0.102777549734755 -0.198047801326318 -0.152288975275839
-0.126382380041522 -0.205763601820199 -0.192082589224897 -0.448676652322949
-0.160241484371311 -0.248471802267547 -0.186901608965002 -0.14858102445414
-0.22776985711756 -0.0853599213481751 -0.14777454632843 -0.0216133513792263
-0.183973138198714 0.103766960584816 -0.0421459456476362 0.0294788607856547
0.00655721102425539 0.178976026046096 0.0308398908391232 -0.013425937106993
0.154659985819897 0.124731187380623 -0.0258753699666474 -0.0862771835694576
0.200696666850958 0.011445574910307 -0.134395355945961 -0.0541898391909441
0.169047152383482 -0.068639840198705 -0.189230875291787 0.00290782212420455
0.174995736750801 -0.0925194332394829 -0.208205904645669 0.0229648473562311
0.208001934129393 -0.067520711246486 -0.213407838136946 0.00841895438717308
0.281007336180654 0.022756020733041 -0.18727309440901 -0.0504674984665754
0.210705194226032 0.204320162038393 -0.0937284291361496 -0.109123653823333
-0.0245677317812351 0.312019982567909 0.0043875826031105 -0.0702955922166472
-0.327269249220083 0.181967388606391 -0.0894134554014006 0.00449572129174541
-0.375269525683426 -0.157537377018887 -0.167811917575913 -0.119523578160877
-0.239141844461634 -0.355389974020373 -0.13486949261967 -0.350343902320491
-0.222896850450319 -0.327377691596456 -0.112932059322487 -0.0487546494124985
-0.322172422268514 -0.105665293120211 -0.0923154446305614 -0.0140764874547044
-0.261449908591393 0.146401905170884 -0.0295627568749191 0.0169434703534348
-0.00254987914600831 0.258241772474952 0.0173928151618414 -0.00446819431956997
0.200981383192818 0.189320801229424 -0.00205638292503895 -0.0519830538231536
0.269932227694809 0.0346116177294067 -0.0703978566568147 -0.0508936188136088
0.236691828889658 -0.0735001868396272 -0.109507824206918 -0.0238777202602369
0.239715118832437 -0.0971258738867038 -0.11894446358494 -0.0158605447335676
0.269872180141236 -0.0651561366569102 -0.115621997840176 -0.0265037446365757
0.351776843903377 0.0460834719621844 -0.0905224962709548 -0.0514416914118175
0.263354441789108 0.266802303510265 -0.025358986439939 -0.0605762382951167
-0.0316934070521689 0.392911078402546 0.0139561488655728 -0.0287335174831299
-0.407323843181131 0.233774011678486 -0.0728716217300876 0.0190441749454761
-0.476326478518929 -0.180553529388077 -0.108603418041818 -0.0717488342839381
-0.30847183564295 -0.441759120251791 -0.0510362320814725 -0.208456644421671
-0.259799140332902 -0.365523113621063 -0.0143903215266795 0.0806804087701644
-0.389125870077745 -0.109887714873202 -7.80070837299753E-05 0.00120374067231444
-0.312826360919142 0.185278227690326 -0.0079523073640869 -0.0017320823524916
-0.00732221187539877 0.316009725874122 0.00209659727454481 0.0145903419976645
0.227212142843578 0.232818699475449 0.0358141701630914 0.00143974070713687
0.305502858477403 0.0528784381195709 0.019950959726079 -0.0405054620685448
0.271989344143288 -0.0706373105501297 -0.00639201881623131 -0.0503247107150223
0.26707599959391 -0.086365544374016 -0.0125485859976233 -0.0526337724477655
0.286555290105309 -0.050193406858022 -0.00461310357384474 -0.057349953000842
0.358890004220814 0.0598079421902025 0.0140924337114498 -0.0470148584924256
0.263167622917025 0.276078461754474 0.0462043932216975 -0.0080069992042539
-0.0347756893711904 0.390826540116465 0.026248652259727 0.0156550320059845
-0.404834208812603 0.230301443206579 -0.0408814011005254 0.0278990934868284
-0.480518319187286 -0.175183636011536 -0.0303878050692441 -0.0204059363579196
-0.318732586244282 -0.448091690639236 0.0423186524635375 -0.0547226369332837
-0.258645459803463 -0.346897245744905 0.0936835338944226 0.222071094096456
-0.389306559652157 -0.0962907729526699 0.112455189490836 0.0264165299052864
-0.310452436358092 0.186668144723234 0.0197940965874042 -0.0170949802412044
-0.0128231369795781 0.314948820912432 -0.00969658973991944 0.043614762144197
0.210720834918027 0.235550379313251 0.0835405838644921 0.0650046502423571
0.289781322277011 0.0624100923275841 0.122759860695938 -0.0231730847824783
0.264284531055226 -0.0556550636651888 0.105345495839128 -0.0729840085057064
0.254328920940052 -0.0617853767004043 0.0951957773917332 -0.0810317680213683
0.258559302963877 -0.0264680591439026 0.0988339424733477 -0.0771994778600807
0.302881732139963 0.0690751152662968 0.102850967947035 -0.0376245867235244
0.20724505690529 0.238552164080941 0.0990059264707499 0.0353762566181105
-0.0440188413463404 0.305825162157479 0.0328018697141796 0.0492996631869432
-0.321398084641563 0.161274337415456 -0.00842138599256024 0.0262913477545766
-0.382419023102432 -0.14749621430238 0.0398306552660297 0.019196674647529
-0.263427195618976 -0.379453883492743 0.124432643425554 0.0799045923803069
-0.207157607831689 -0.268148045880947 0.186508219167538 0.35183730173772
-0.306807189366334 -0.0703334532927953 0.214422981285132 0.0626839622575889
-0.237782200059421 0.140381779430829 0.0489378846410456 -0.0220250866844504
-0.020942754201554 0.239134205603722 -0.0164526120167784 0.0722042216507244
0.146777983915248 0.190350920217715 0.124613382175284 0.125592791454381
0.217748574357646 0.0617908910677701 0.215782408039865 -0.00105907829420921
0.212335110511888 -0.0306792436591138 0.20554963435566 -0.0877298479589866
0.203175751645906 -0.0277948749403922 0.188531997399708 -0.0987658363417928
0.193848045731819 0.00064010898256159 0.180768551835415 -0.0824449543880091
0.203255080405945 0.0704584547064663 0.159817770501316 -0.0205063878925056
0.117671273779515 0.17304231620402 0.118653251045339 0.0644302133324947
-0.0560152374116905 0.178086999432079 0.0241476969353224 0.064486719185681
-0.19900699488805 0.063654833910893 0.0131939586774007 0.0136441165537247
-0.226630207083192 -0.10655388445198 0.0818683901760951 0.0411521858303068
-0.172030407041726 -0.256683723246442 0.180446871419554 0.172422774415209
-0.120198803689926 -0.138931424351619 0.242411772272751 0.444845666912594
-0.164710853453031 -0.0278585482211234 0.281830105042278 0.106567982127372
-0.113421851700645 0.0671242283682859 0.0749030425558892 -0.0176630841212554
-0.0197824768902788 0.113268508575537 -0.0204339301406707 0.0859813541672699
0.0573996442050199 0.106216870261827 0.143730015919743 0.166932898587024
0.105678699671724 0.0492192580597218 0.276490275711895 0.0223348018098167
0.123022659768183 0.00107775755647749 0.277529647706873 -0.0892085033058704
0.122236021820514 0.00994189231670379 0.252303056514305 -0.101061279331974
0.10600505136102 0.0258862215115371 0.231514838422175 -0.0728662147589071
0.0870051129104748 0.0639427918005985 0.18451458407864 0.00172516185465807
0.0247781451539154 0.0986430510802906 0.108678110584132 0.0813266220464592
-0.0586342400996562 0.0570269992846188 0.00538320873813684 0.0622730297269349
-0.0771527115463444 -0.0190604306588979 0.0241162267833303 -0.00451930551982893
-0.0703978638568743 -0.0550922091131819 0.0990151380137619 0.0461137273291816
-0.067037031642557 -0.110913456994459 0.20498739065053 0.21666119430654
-0.0082849436554229 -0.0241197472109311 -0.242112172265512 -0.233487392820629
-0.0383515464080972 -0.00724107067818258 -0.173405401777623 -0.0104828731318957
-0.0259826354482456 0.0505695050719004 -0.0449175255334573 0.0293680365013951
0.0366982319688927 0.0346164087469614 0.0298600207636506 -0.0285662900658183
0.0489164218704014 -0.013587649446468 -0.0585269201580551 -0.104267175100734
0.0218825908920277 -0.037139931039202 -0.180440318860285 -0.0344196261866585
-0.0154018580974919 -0.0342136561041221 -0.246323439331674 0.0470800851203448
-0.0218759768453838 -0.0404522886799647 -0.279033716891806 0.0801720490810892
-0.00373873233104652 -0.0371797700936104 -0.29450446053094 0.0641528431179122
0.0257428303871431 -0.0329455775221023 -0.276970898334531 -0.0305469935585458
0.0323553460238522 -0.00959585367267964 -0.171029145308875 -0.151243354926011
0.0129454682270834 0.0295719981825161 -0.0106466441686264 -0.116317028295162
-0.02897890156235 0.0206314863980215 -0.0734999208367485 -0.0275968485259704
-0.0176879364464636 -0.0290343945894811 -0.193796173092655 -0.16434024456633
0.00755827626808808 -0.0222568993356585 -0.201807436282204 -0.47480978002007
-0.080103750563805 -0.141127818152708 -0.221280035801336 -0.208719469923132
-0.128001288698581 -0.0503126119140074 -0.166896764102162 -0.0199225205146143
-0.102598912758251 0.0715819716981519 -0.0472237850221128 0.0315775902883792
0.0203392313112874 0.101408227508425 0.0352806321813952 -0.0191341811929
0.10007907675671 0.0539318882591851 -0.040501243657397 -0.100569227537646
0.111429424516776 -0.0136824959705953 -0.165259555303432 -0.0479598991064664
0.078770150065417 -0.0517630450265613 -0.23134221541999 0.0255688071853281
0.0809166170454712 -0.0690020620472459 -0.262165559560838 0.0552986550311148
0.10864880298163 -0.0547652692666187 -0.273010560582627 0.0371662328752916
0.160116186328242 -0.00464697958750319 -0.247613005686153 -0.0455810485787524
0.123787034785938 0.10239999656872 -0.139331858252474 -0.140961367155979
-0.00962063025205038 0.175921855595245 -0.00248346136494178 -0.0985429453566703
-0.187895131058995 0.0994042522016007 -0.0861173803282188 -0.0127194899533612
-0.202621259661096 -0.103461406444369 -0.189477262191659 -0.15303158178128
-0.118492873310943 -0.200348555183371 -0.17591416235042 -0.43570214035239
-0.149363943193329 -0.243298474944197 -0.178864334132271 -0.14694686444052
-0.217753013681597 -0.0860255869858929 -0.144859991753961 -0.0216422843511585
-0.179776018976796 0.0982063449721562 -0.0428212796720216 0.0284576367730598
0.00324775736952725 0.172580818319873 0.030676976833598 -0.0118791988186722
0.148627635418274 0.121342218004374 -0.0230775827754922 -0.0844468353192714
0.193316882714778 0.012215747004564 -0.129602517809704 -0.0536493346691338
0.164379559588806 -0.0632489943490155 -0.183521803204835 0.000913860285656683
0.172108927193503 -0.0864608686911093 -0.205274632144664 0.0221619092325868
0.203200610397101 -0.0636184533998342 -0.208234928051977 0.00459836269668768
0.272566493138974 0.0246351105639346 -0.181372177687799 -0.0515351982854872
0.202407064403806 0.200247516619485 -0.0891492929570541 -0.108335091331826
-0.0286174905017885 0.303441169095783 0.00418546965725773 -0.0680077976578124
-0.322668555818983 0.170961453490791 -0.0871404803685218 0.00464210670021615
-0.362282560375069 -0.160878542500022 -0.160465775154624 -0.119446098422329
-0.224478367064062 -0.347657713832742 -0.121783258795694 -0.337807181528438
-0.209192384064182 -0.322128225685834 -0.110676577635585 -0.0492038751094803
-0.309847641035687 -0.108315936851254 -0.0920426504966878 -0.013677856181124
-0.255911486133965 0.137193933177072 -0.0304406236843681 0.0162664708548769
-0.00706013294947921 0.248268441407697 0.017314668584151 -0.00407225808109181
0.192846962342002 0.184620111739498 0.000789649303309983 -0.0503932596940921
0.260733342284207 0.0361393364098693 -0.0682160202452954 -0.0499457518047092
0.230799147507896 -0.067971352562771 -0.105529766738358 -0.0243143577394356
0.236060308552269 -0.0902570173864306 -0.117189063162301 -0.0155204043728018
0.26377810826661 -0.0596636175865321 -0.11317512380198 -0.0275873697425948
0.34028991111813 0.047499207524239 -0.0881953116527971 -0.0512048604912167
0.251800878139146 0.261340562818546 -0.0237270433109442 -0.0613865393748831
-0.0376186990914157 0.380951219047253 0.0135014723912423 -0.0265573969205809
-0.402495893846066 0.219221245970991 -0.0717594519516937 0.0208082155382365
-0.460875848852155 -0.184525927872636 -0.101939077312058 -0.0707949598520388
-0.292626350886757 -0.432430124806533 -0.0421279937652407 -0.199469797644782
-0.244520903217839 -0.36094046743823 -0.018613651547206 0.0779823098138545
-0.373479336775446 -0.112852849788278 -0.00356362565283426 0.00214368307580754
-0.308342463163146 0.173696304212207 -0.00836046158101989 -0.00216430286772147
-0.0125580779288048 0.30448466241717 0.00238481255639154 0.0140650626618509
0.217724673866643 0.22641899067569 0.0369151770412535 0.00152996747832908
0.295298298592705 0.0534301870522486 0.0184197743440615 -0.0386539705692045
0.264964957878302 -0.064277327160382 -0.00494419066013689 -0.0493742654206401
0.262226147931293 -0.0796117774131617 -0.0120835056120131 -0.0506334438584797
0.280026277535813 -0.0444530002886811 -0.00489627093739724 -0.0560240015414106
0.347650676459924 0.0613352041569461 0.0129861851196977 -0.0461695637087271
0.252696180407729 0.269857613929677 0.0449328578626859 -0.0101893480642016
-0.0397424798177222 0.377747134566057 0.0248515788249431 0.0162155035917257
-0.397454864892251 0.216616577064703 -0.0414593473976154 0.0299224836131592
-0.462661756811937 -0.1791856675325 -0.0273243013198519 -0.0184111854478473
-0.300659747052057 -0.438963491521498 0.0446487057452579 -0.0483849120876715
-0.241391812365268 -0.34379052951728 0.0836031238809982 0.217218006821259
-0.374529036901344 -0.100664220016826 0.1053466628406 0.0281422783752635
-0.305626075286398 0.175520139097419 0.0193129151061871 -0.0171367406947144
-0.0182369784139603 0.303604751009642 -0.00940881557573694 0.0418933926255034
0.202683035502887 0.229686183661964 0.0825582479300306 0.0643214667088072
0.280174639997412 0.063155466701634 0.118065426397662 -0.020577652741849
0.257243029661205 -0.0508701095674555 0.103472358825203 -0.0700953493767505
0.250088565082415 -0.0565512261291798 0.0935548776624827 -0.0771599348164138
0.252203064867631 -0.0216252537705763 0.0966651975546217 -0.0732965519186461
0.292448928009476 0.0693989649375821 0.0989452121044297 -0.0356266191484769
0.199006846223452 0.232734599885978 0.0955189834879986 0.0326581018957658
-0.0476385200470379 0.294695899930775 0.0305457721673154 0.0495851836442768
-0.31579305283553 0.151720907337525 -0.0109270510787945 0.0283217296730932
-0.367991363846448 -0.150086975741051 0.0401563391493323 0.0217586964850609
-0.25024365981177 -0.371740149895131 0.120896819322858 0.0817984080393994
-0.194123542473694 -0.265296411926632 0.171115412535589 0.344132708694903
-0.295125773298282 -0.0741461189115422 0.204399334362 0.0652561915691621
-0.234775915479114 0.130753833141308 0.0476845861243432 -0.0220251235706379
-0.0238453369336463 0.231233361839284 -0.0164489606528534 0.0696755107551587
0.141316483150815 0.185516190589759 0.12115731113837 0.12466657560186
0.210268147561812 0.061582228802962 0.207714745761914 0.00183676226424032
0.206234096605561 -0.0276843560352546 0.201721099613701 -0.0831189796415977
0.199619606441018 -0.0246174737511113 0.184610265425995 -0.0943537506279885
0.189282552623118 0.0041409126158252 0.176093578470933 -0.0777958010257783
0.195229480805367 0.0696459626259812 0.154255027433733 -0.0188722009038087
0.113068637737802 0.167086728946731 0.114082386522449 0.0619908904611198
-0.0559478378753065 0.171028130824864 0.0226373193913127 0.0635018443062772
-0.194443167209414 0.0596142641190004 0.0110761885787374 0.0152951320642874
-0.217942693801459 -0.10778541421529 0.0808841811172272 0.0435072869223522
-0.161995070192619 -0.250722215729159 0.172305703042679 0.170348403394345
-0.112707433793271 -0.138469842455899 0.223560176138859 0.434661503366223
-0.158589211817898 -0.0300634322816915 0.269762259178144 0.108491445480503
-0.112505799204115 0.0620961513672517 0.0735560223189203 -0.0168490604989108
-0.0212268814276592 0.109256858668657 -0.0209830032661947 0.0834623108091011
0.055043036523014 0.103013945761566 0.138404957431757 0.1645818002985
0.101973988201193 0.0491562823255948 0.266913920946599 0.0246694115745707
0.119433347951948 0.00153887749210022 0.270770015498828 -0.082879930691214
0.119833846043814 0.0111000415487085 0.247629556388092 -0.096066570428646
0.103516115239968 0.0278203604273207 0.226156509788052 -0.0677223030087908
0.0833695455767415 0.0629286804676859 0.177853065857462 0.00338247299138315
0.0235742015254805 0.0945659304692761 0.104285674555953 0.0785599109448727
-0.0573234305628759 0.0540344017531931 0.00454978818886365 0.0610810346645598
-0.0741346980080438 -0.0187868894836977 0.0217490553602452 -0.00288712793503241
-0.0672802547575805 -0.0551500274943618 0.0970374095928842 0.0475415707209471
-0.0641123118661075 -0.108561510275262 0.195318741570776 0.211618623979865
-0.00768954993009567 -0.0234952661770226 -0.236001112957677 -0.240590852142058
-0.0392113126941663 -0.00778101527646708 -0.173673223404157 -0.0144925091489879
-0.0267049165033028 0.0506877426052735 -0.0463921174475991 0.0299403302142424
0.0361420831763568 0.0362614085871792 0.0306943645004861 -0.0276934935871235
0.0489518035275066 -0.0118194883847232 -0.0571852800053523 -0.106620541458569
0.0231762377061267 -0.0366618634574405 -0.178851035279707 -0.0384845115219341
-0.0135483401983206 -0.0335853849322523 -0.248583841225606 0.0417444138707847
-0.0211388346695901 -0.0404991078485874 -0.283542264758871 0.0755154983173288
-0.0033681141085239 -0.038064433763228 -0.298662134351786 0.0572787365004754
0.0264933809413746 -0.0336034030652996 -0.276816520145943 -0.0373033494454268
0.0320597214876056 -0.0084358660787321 -0.168556790222105 -0.155631445421929
0.011985788156017 0.030375648319464 -0.00791654630254284 -0.117344839823106
-0.030008818115651 0.0190206626819665 -0.0725317975282422 -0.0309026372710883
-0.0166913090157947 -0.0295979003868583 -0.190676873866498 -0.17209421237113
0.00864161682500112 -0.0219041877143492 -0.187222300811484 -0.480833446065743
-0.0765092080632343 -0.142602337530107 -0.216221730444089 -0.215795675114629
-0.126940460217703 -0.0532123466735874 -0.167598645823826 -0.0240759137839054
-0.104124991413196 0.0697085294405825 -0.0491937070812448 0.0314832329972457
0.0172526289888016 0.102267830463258 0.0358733842421811 -0.0182498139610576
0.099201052105045 0.0556829655038431 -0.0377949653350859 -0.102186830099954
0.111721558811945 -0.0113146954201097 -0.163576286130196 -0.0517176226431967
0.0808562975873761 -0.0491915327785634 -0.233739387871804 0.0204049829212936
0.0840456738042189 -0.0661872218494255 -0.266293185399555 0.051098175832394
0.110017300843823 -0.0532292451626915 -0.276605900793128 0.029967519991669
0.161790339888387 -0.00203957771274673 -0.248060895305454 -0.0519754648950952
0.122433429987351 0.106000467327596 -0.136755110508848 -0.144621087078918
-0.0150900927635414 0.176657907979981 -0.000130031703355055 -0.0991349271512713
-0.192481500579428 0.094294638851302 -0.0862048460438254 -0.0145526596495372
-0.200804946918605 -0.109972454620488 -0.18588118262739 -0.161677782356743
-0.112242443204435 -0.203829414880675 -0.160129168069682 -0.440094160701566
-0.142168753823834 -0.248254215501819 -0.17682358469489 -0.151459212053064
-0.215104765157885 -0.0922823930436665 -0.147190608950808 -0.0241971873610015
-0.182884542784985 0.0931097879834251 -0.0451025797125555 0.0285237720082924
-0.00171318699330512 0.172521312906749 0.0307075445065005 -0.012115032828355
0.146495309727606 0.124892202523775 -0.0202959808025494 -0.0855721674328257
0.19344349626055 0.0161614402256477 -0.128402579497231 -0.0564305786362452
0.167409129527323 -0.0583139317133724 -0.184445038223305 -0.00336299511309229
0.176143430362888 -0.0819891727944213 -0.208194054983788 0.018748466088182
0.2062107691036 -0.0578519982768065 -0.211161118901265 8.82971001708128E-05
0.273154863033221 0.0287520609030623 -0.181652769169113 -0.0567303880675619
0.199132240425501 0.205796822170729 -0.0872100511603834 -0.112209371148738
-0.0373846838773294 0.303776639984896 0.00584504001286895 -0.0682968865718326
-0.330722430469621 0.161626850308083 -0.0880934447272204 0.00451954222297717
-0.360279417736155 -0.171913325181311 -0.156910521964189 -0.125983115576978
-0.214849670273023 -0.354271885777011 -0.10851747371653 -0.339762944191499
-0.199803787527659 -0.329455608390098 -0.111480040737213 -0.0521054523780052
-0.305729371128932 -0.116160538474561 -0.0946097522952689 -0.0150663691878823
-0.261875751856909 0.130496889054699 -0.0320594147667659 0.0162229676173089
-0.0144719000255037 0.248429505873169 0.0174897634911689 -0.00378087399239186
0.18944613361237 0.188792575648271 0.00365804434678167 -0.0508939935807006
0.2604651819938 0.0414960343303352 -0.067337504847028 -0.0513828148507413
0.233906596008233 -0.0615267987854336 -0.105078906425354 -0.0274345464304287
0.24101626171185 -0.0844326632529652 -0.119495282406874 -0.0171414966707661
0.267744637697456 -0.052868785428634 -0.114118933664542 -0.0313317339347193
0.34117538742027 0.0541227916421266 -0.0880274450057571 -0.054260161529338
0.247908188956357 0.268792324469138 -0.02290312556879 -0.0642705824535853
-0.0481954642864304 0.381752648083209 0.0139740128664791 -0.0258794966595367
-0.413273672523364 0.210134698776648 -0.0722380403982189 0.0215851144826904
-0.458288735691248 -0.199648627881345 -0.0987682044589708 -0.0744387680463711
-0.279852590333404 -0.441517581280036 -0.0324520984086568 -0.197846032210512
-0.23275285717885 -0.370769492057765 -0.0235712835942142 0.0778846611687157
-0.370814984294819 -0.125289741695151 -0.00632690163893764 0.00427529030128411
-0.314884834207448 0.164946462468945 -0.009809859888263 -0.00261301987774032
-0.0217441067935006 0.304897032446761 0.00175198156662707 0.0135046546803752
0.213919458938773 0.232184693468233 0.0393207347551626 0.00182822575935897
0.294839771334771 0.0602778691571165 0.0187316184176627 -0.0378745150550587
0.267999421493316 -0.0575580586049907 -0.00377122372927162 -0.0500087386411169
0.268508001090307 -0.0733525641201657 -0.0117379176003032 -0.0500680028021601
0.28349832890645 -0.0374473393282031 -0.00438711504276084 -0.0560868053684047
0.347282983362463 0.0678925014138986 0.0132696197382876 -0.0462925972572386
0.248359097394383 0.277128383947939 0.0452376681409783 -0.0115087209939522
-0.0506286941694192 0.37823965271907 0.0242273285233096 0.0173005833430487
-0.408021053379607 0.206233629736615 -0.0427973431279189 0.0327242849063899
-0.461753403729959 -0.193651962836966 -0.0237077248934631 -0.0185783785793011
-0.289115989459568 -0.449232701715972 0.0492316416316508 -0.0446045655582457
-0.230247423277895 -0.353313285752151 0.0747043651422655 0.220264680927318
-0.371656919203691 -0.112085917783267 0.102472522324724 0.0324834198052836
-0.314021163681411 0.166708887806397 0.0190921822145526 -0.0177654334623697
-0.026528955727975 0.304313265998775 -0.0107641104275839 0.0416526770038333
0.198598633039684 0.234425715765553 0.0837253852648954 0.0675187604002046
0.279072442625012 0.069366093691932 0.117713984917043 -0.0178587759240116
0.259551105991439 -0.0448876672398018 0.106084972311983 -0.0684479050324268
0.255143412157607 -0.0506128979613905 0.0961859574242857 -0.0754324373461991
0.2556753919722 -0.0143791457303055 0.0981965791428637 -0.0717259217033402
0.291351729434775 0.0748865825030971 0.0993109299713971 -0.0330252543211235
0.19543596554965 0.236649689759524 0.0948522593284214 0.0335373694504342
-0.0557230125621164 0.294508436646988 0.0299584843351425 0.0509716273526597
-0.322663999911396 0.144361047657778 -0.0123577631824015 0.031471319260864
-0.364836601252565 -0.161505418905191 0.0421040149001814 0.0244346662489531
-0.24110628551131 -0.377824604560277 0.121184248817424 0.0872667857113683
-0.186436697653706 -0.274367121747418 0.159147420494123 0.350536592300465
-0.2934685560135 -0.083922336171514 0.201710455952841 0.0725289892072324
-0.241557516786598 0.124048584101011 0.0490192852606427 -0.0215739604502464
-0.0307671388648633 0.230619987735664 -0.0186694329304069 0.0700522615306336
0.138379397301581 0.188939947543866 0.121199848120017 0.12792328865193
0.209877562781072 0.0667563877763342 0.20779825079362 0.00662983431528466
0.207408825274535 -0.0230266085873378 0.205093782897934 -0.078257880937761
0.203766306892251 -0.0204280806554002 0.189184019374016 -0.0901382395840734
0.191358472936814 0.00991417111130542 0.178700095825926 -0.0734767176583525
0.19407746886691 0.0743050362657722 0.154217510141642 -0.0148738133721805
0.109691209604492 0.168771458206205 0.112891361499964 0.0632314782100987
-0.0605201990824267 0.169507065153017 0.0210607005314415 0.0646086229372371
-0.19775929741858 0.0553551446022348 0.0098888474228813 0.0187733755010599
-0.216170518516761 -0.114206185444978 0.0826938363881084 0.0471418771447007
-0.156098323151199 -0.255585952275997 0.168345615428771 0.175767111988086
-0.1084523255774 -0.144172413906457 0.209263212095361 0.4437073984156
-0.157866443473063 -0.0358792604590358 0.266497368032386 0.117051176863148
-0.116586919805504 0.0583238815014755 0.0749650085236818 -0.0160687452509853
-0.0239301756474759 0.108506235403776 -0.0236253637092315 0.0834281411539514
0.0535232920976487 0.10389450438375 0.137078102154782 0.169425316689268
0.10117565105149 0.0514686252147222 0.266901491598917 0.0321163324752194
0.119397007099705 0.00420447323208517 0.274772002792089 -0.0773797355615491
0.121426078707058 0.0133952955132147 0.252556211491789 -0.0910340555234386
0.104618279374443 0.0313587749956393 0.229264776188692 -0.0624790905357213
0.0813235028350304 0.0651662530744524 0.177884699177903 0.00753151444620959
0.0219033318808875 0.0939979634931314 0.102806420167295 0.0797851201461769
-0.0585188554176565 0.0523846059884854 0.00340408502690251 0.0615372692060668
-0.0738579349119073 -0.0201468660718876 0.021334295196787 -0.000543886468680833
-0.066018034603877 -0.0573432529575349 0.0980015205825078 0.051760500871561
-0.0613992119415238 -0.110331431718723 0.189036715325572 0.216971394565245
