TRXV5
3
4
4
9
string Extension=J
integer IsArchMeasurement=1
integer IsSpherical=1
string Generator=SPM
string GeneratorVersion=1.3.1 Dev
double ArchRadius=0.449999988079071
integer FrequencyAxisIndex=0
integer AzimuthAxisIndex=1
integer ElevationAxisIndex=2
Frequency
5 136 690000000 960000000 LIN
Azimuth
7 8 0 2.74889357189107 LIN
Elevation
7 15 -2.74889357189107 2.74889357189107 LIN
Polar H Real Part
13
Polar H Imaginary Part
14
Polar V Real Part
13
Polar V Imaginary Part
14
Polar H Magnitude (dB)
12 0xC0000002 0 1
Polar H Phase
7 0xC0000003 0 1
Polar V Magnitude (dB)
12 0xC0000002 2 3
Polar V Phase
7 0xC0000003 2 3
0.126274108886719 -0.0422744750976563 0.325927734375 0.039642333984375
0.075164794921875 -0.115150451660156 0.176666259765625 -0.0599212646484375
-0.0571823120117187 -0.0907516479492188 -0.0747833251953125 -0.0378875732421875
-0.0884628295898438 -0.0111465454101562 -0.108238220214844 0.137161254882813
-0.064422607421875 0.0254402160644531 0.0209503173828125 0.219436645507812
-0.0521697998046875 0.0502967834472656 0.181976318359375 0.225326538085937
-0.0230026245117188 0.0535469055175781 0.2958984375 0.15179443359375
-0.0365982055664062 0.0447883605957031 0.318206787109375 0.097076416015625
-0.0586814880371094 0.0377655029296875 0.284332275390625 0.109283447265625
-0.0692329406738281 0.00679397583007813 0.20404052734375 0.1644287109375
-0.0507736206054688 -0.0390853881835937 0.109268188476563 0.155044555664063
-0.0140228271484375 -0.0688018798828125 0.0329666137695312 0.103416442871094
0.0684127807617187 -0.0601005554199219 0.078399658203125 0.0534133911132813
0.136322021484375 0.0089874267578125 0.290435791015625 0.13043212890625
0.137977600097656 0.08038330078125 0.31146240234375 0.401519775390625
-0.0398712158203125 -0.162246704101563 0.33453369140625 0.027374267578125
-0.09613037109375 -0.169464111328125 0.183639526367187 -0.069732666015625
-0.191879272460938 -0.0641021728515625 -0.0426025390625 -0.0447196960449219
-0.177398681640625 0.0796966552734375 -0.0751800537109375 0.11376953125
-0.081878662109375 0.1387939453125 0.0343170166015625 0.177566528320313
0.012603759765625 0.16705322265625 0.183319091796875 0.188461303710938
0.0795211791992187 0.130401611328125 0.280548095703125 0.11407470703125
0.0547409057617188 0.113227844238281 0.3018798828125 0.061920166015625
0.0420074462890625 0.120681762695313 0.278305053710938 0.077880859375
0.00600433349609374 0.119972229003906 0.2110595703125 0.142303466796875
-0.0400543212890625 0.0861129760742188 0.121841430664063 0.133979797363281
-0.068115234375 0.05401611328125 0.0586166381835937 0.0962677001953125
-0.070556640625 -0.000679016113281252 0.125686645507813 0.0675506591796875
-0.0453681945800781 -0.027801513671875 0.317901611328125 0.1602783203125
-0.0439224243164062 -0.0203018188476562 0.327972412109375 0.432708740234375
-0.20367431640625 -0.252166748046875 0.301971435546875 -0.01605224609375
-0.259918212890625 -0.187530517578125 0.161544799804687 -0.087554931640625
-0.298858642578125 -0.016510009765625 -0.0150299072265625 -0.0488739013671875
-0.23602294921875 0.1661376953125 -0.0352020263671875 0.0796966552734375
-0.08197021484375 0.233657836914063 0.0459365844726562 0.115470886230469
0.0782318115234375 0.258132934570313 0.162445068359375 0.123611450195313
0.168853759765625 0.18658447265625 0.224655151367188 0.0586700439453125
0.137985229492188 0.165313720703125 0.23980712890625 0.016754150390625
0.138198852539063 0.189697265625 0.228271484375 0.0336151123046875
0.077392578125 0.222442626953125 0.18621826171875 0.09619140625
-0.0311431884765625 0.20782470703125 0.11993408203125 0.0881118774414063
-0.1265869140625 0.174362182617188 0.0850830078125 0.0729827880859375
-0.213165283203125 0.0492706298828125 0.16632080078125 0.0798187255859375
-0.22509765625 -0.0746307373046875 0.305694580078125 0.1824951171875
-0.218307495117188 -0.128433227539063 0.294281005859375 0.420379638671875
-0.3468017578125 -0.293731689453125 0.221298217773437 -0.074676513671875
-0.394805908203125 -0.158416748046875 0.108963012695312 -0.100944519042969
-0.363861083984375 0.0554504394531251 0.00699615478515623 -0.0453224182128906
-0.24896240234375 0.24468994140625 0.00600051879882811 0.0351066589355469
-0.05718994140625 0.297607421875 0.0480499267578125 0.0381622314453125
0.141265869140625 0.3079833984375 0.115921020507813 0.0434188842773438
0.235687255859375 0.212051391601563 0.135810852050781 -0.00369262695312499
0.199172973632813 0.193115234375 0.140899658203125 -0.0319976806640625
0.212081909179688 0.232589721679688 0.141983032226563 -0.01885986328125
0.13555908203125 0.29498291015625 0.130760192871094 0.0282363891601563
-0.022003173828125 0.30133056640625 0.101676940917969 0.0191879272460938
-0.173934936523438 0.271011352539063 0.105903625488281 0.0313262939453125
-0.331817626953125 0.0871887207031251 0.192581176757812 0.0799560546875
-0.371856689453125 -0.11846923828125 0.25250244140625 0.184616088867188
-0.35833740234375 -0.219268798828125 0.212646484375 0.36090087890625
-0.44610595703125 -0.289276123046875 0.103622436523437 -0.133941650390625
-0.4803466796875 -0.1002197265625 0.03497314453125 -0.10150146484375
-0.380096435546875 0.132110595703125 0.0205497741699218 -0.0367698669433594
-0.22125244140625 0.29742431640625 0.0372848510742187 -0.0149307250976562
-0.0152587890625 0.3211669921875 0.0349311828613281 -0.041534423828125
0.189483642578125 0.3106689453125 0.0492286682128906 -0.0374603271484375
0.269790649414063 0.204086303710938 0.025146484375 -0.0613212585449219
0.229415893554688 0.19061279296875 0.0199432373046875 -0.075714111328125
0.25164794921875 0.239273071289062 0.03076171875 -0.07379150390625
0.16949462890625 0.318115234375 0.0541267395019531 -0.0534172058105469
-0.01318359375 0.343841552734375 0.0678062438964844 -0.0640754699707031
-0.194183349609375 0.3199462890625 0.114128112792969 -0.0236129760742187
-0.393585205078125 0.106689453125 0.19598388671875 0.066619873046875
-0.45294189453125 -0.14410400390625 0.163665771484375 0.162796020507812
-0.44024658203125 -0.272430419921875 0.09759521484375 0.2615966796875
-0.47674560546875 -0.249603271484375 -0.03460693359375 -0.186859130859375
-0.4908447265625 -0.039947509765625 -0.051727294921875 -0.0904541015625
-0.345306396484375 0.17938232421875 0.023050308227539 -0.025360107421875
-0.165313720703125 0.30584716796875 0.0512924194335937 -0.0631446838378906
0.0264892578125 0.300323486328125 0.00458526611328125 -0.109504699707031
0.20855712890625 0.26910400390625 -0.0314788818359375 -0.103096008300781
0.263992309570312 0.165573120117187 -0.0901565551757812 -0.10382080078125
0.225051879882813 0.160400390625 -0.103263854980469 -0.107376098632813
0.247024536132813 0.20849609375 -0.0842742919921875 -0.121124267578125
0.17169189453125 0.28399658203125 -0.0276947021484375 -0.132301330566406
-0.00100708007812501 0.318359375 0.028533935546875 -0.141632080078125
-0.17498779296875 0.305084228515625 0.111488342285156 -0.0770034790039062
-0.375701904296875 0.10491943359375 0.176651000976562 0.046112060546875
-0.448760986328125 -0.14105224609375 0.0539398193359375 0.125091552734375
-0.449951171875 -0.274932861328125 -0.031219482421875 0.141357421875
-0.42803955078125 -0.186004638671875 -0.172088623046875 -0.236099243164063
-0.42578125 0.00296020507812503 -0.138435363769531 -0.0813217163085938
-0.269134521484375 0.181640625 0.00806427001953123 -0.015228271484375
-0.10015869140625 0.262054443359375 0.0448379516601563 -0.09942626953125
0.054901123046875 0.236770629882813 -0.03472900390625 -0.154953002929687
0.193206787109375 0.192977905273437 -0.11151123046875 -0.146087646484375
0.216903686523438 0.10614013671875 -0.192337036132812 -0.12646484375
0.18463134765625 0.105072021484375 -0.210372924804688 -0.123153686523438
0.201385498046875 0.142578125 -0.182769775390625 -0.15240478515625
0.14678955078125 0.196945190429688 -0.09832763671875 -0.194610595703125
0.015777587890625 0.231719970703125 -0.004974365234375 -0.19732666015625
-0.115798950195313 0.231536865234375 0.101211547851562 -0.114639282226562
-0.279281616210938 0.092926025390625 0.139877319335937 0.026824951171875
-0.363739013671875 -0.0991821289062501 -0.0522689819335938 0.0818939208984375
-0.393310546875 -0.219970703125 -0.152099609375 0.0229949951171875
-0.310333251953125 -0.10693359375 -0.282470703125 -0.2825927734375
-0.29425048828125 0.023406982421875 -0.211669921875 -0.08465576171875
-0.166229248046875 0.13818359375 -0.021942138671875 -0.00997543334960936
-0.038330078125 0.176528930664063 0.0239486694335938 -0.12060546875
0.062469482421875 0.142410278320313 -0.0719146728515625 -0.175155639648438
0.140777587890625 0.0968475341796875 -0.177215576171875 -0.163833618164063
0.136756896972656 0.0347671508789063 -0.266021728515625 -0.129318237304688
0.114738464355469 0.0349349975585938 -0.284088134765625 -0.121368408203125
0.12445068359375 0.0535964965820313 -0.248489379882813 -0.1619873046875
0.10467529296875 0.07769775390625 -0.143463134765625 -0.224868774414063
0.0405654907226563 0.109809875488281 -0.026031494140625 -0.21856689453125
-0.0274429321289062 0.129608154296875 0.0892105102539063 -0.128494262695313
-0.137382507324219 0.0835342407226563 0.0970458984375 0.0156936645507813
-0.227691650390625 -0.0250396728515625 -0.134109497070313 0.047576904296875
-0.28631591796875 -0.12030029296875 -0.245529174804688 -0.0659942626953125
0.132476806640625 -0.0633697509765625 0.327728271484375 -9.15527343750039E-05
0.0640335083007812 -0.138748168945313 0.170578002929688 -0.085052490234375
-0.0761795043945313 -0.0926132202148437 -0.081329345703125 -0.034210205078125
-0.10076904296875 -0.000480651855468769 -0.0992584228515625 0.147567749023437
-0.0690803527832031 0.04022216796875 0.0371856689453125 0.219161987304688
-0.04840087890625 0.0691490173339844 0.20245361328125 0.21173095703125
-0.0150184631347656 0.0694999694824219 0.31134033203125 0.125244140625
-0.0310249328613281 0.0599822998046875 0.32757568359375 0.065582275390625
-0.0574951171875 0.0562629699707031 0.295928955078125 0.08050537109375
-0.07666015625 0.023101806640625 0.221054077148438 0.144729614257813
-0.0648155212402344 -0.0332412719726563 0.127593994140625 0.146499633789063
-0.0294036865234375 -0.0746994018554688 0.0464553833007812 0.106208801269531
0.0656356811523438 -0.078460693359375 0.0815353393554688 0.05706787109375
0.150588989257813 -0.0139923095703125 0.29412841796875 0.1099853515625
0.163330078125 0.0624847412109375 0.335540771484375 0.38031005859375
-0.044189453125 -0.167678833007813 0.3408203125 -0.01470947265625
-0.110946655273437 -0.177032470703125 0.178253173828125 -0.0975494384765625
-0.207107543945313 -0.055694580078125 -0.0489044189453125 -0.0466575622558594
-0.180526733398438 0.0982818603515625 -0.0677032470703125 0.1187744140625
-0.075439453125 0.154052734375 0.0481414794921875 0.172637939453125
0.0274810791015625 0.177337646484375 0.199050903320312 0.169464111328125
0.093505859375 0.133308410644531 0.289764404296875 0.0836181640625
0.0660781860351562 0.117744445800781 0.306427001953125 0.027252197265625
0.05230712890625 0.128273010253906 0.28717041015625 0.0458984375
0.0108184814453125 0.126625061035156 0.229202270507813 0.117691040039063
-0.0412521362304687 0.0899658203125 0.141159057617188 0.121780395507812
-0.069580078125 0.0535697937011719 0.075714111328125 0.0958099365234375
-0.0660820007324219 -0.00572967529296875 0.134269714355469 0.0654525756835938
-0.0337123870849609 -0.0318470001220703 0.32928466796875 0.136810302734375
-0.0295906066894531 -0.0190410614013672 0.360198974609375 0.410400390625
-0.217086791992188 -0.240280151367187 0.30792236328125 -0.05682373046875
-0.2742919921875 -0.175460815429687 0.156570434570312 -0.115203857421875
-0.307098388671875 0.00210571289062501 -0.0212554931640625 -0.0555000305175781
-0.228439331054687 0.188735961914063 -0.0302734375 0.0788116455078125
-0.0654296875 0.246353149414063 0.0549087524414062 0.106437683105469
0.102371215820312 0.258499145507812 0.170745849609375 0.102340698242188
0.1883544921875 0.177627563476563 0.226974487304688 0.03057861328125
0.15478515625 0.15966796875 0.238876342773438 -0.015228271484375
0.155670166015625 0.185211181640625 0.23321533203125 0.00289916992187501
0.0945281982421875 0.220596313476563 0.201309204101562 0.071258544921875
-0.0185089111328125 0.210617065429687 0.137886047363281 0.073394775390625
-0.114547729492188 0.17987060546875 0.103080749511719 0.0685348510742188
-0.203628540039063 0.0585479736328125 0.18023681640625 0.072357177734375
-0.220458984375 -0.0612640380859375 0.324188232421875 0.160430908203125
-0.216766357421875 -0.110488891601563 0.331024169921875 0.4002685546875
-0.366943359375 -0.26422119140625 0.227264404296875 -0.109832763671875
-0.404815673828125 -0.1298828125 0.1051025390625 -0.125686645507813
-0.362091064453125 0.0816650390625 0.00143432617187498 -0.0568008422851562
-0.230804443359375 0.26611328125 0.00761413574218749 0.0285053253173828
-0.03253173828125 0.30413818359375 0.0511512756347656 0.0261802673339844
0.169525146484375 0.29473876953125 0.116973876953125 0.0231399536132813
0.256423950195313 0.192123413085937 0.130340576171875 -0.0254898071289062
0.21844482421875 0.177597045898437 0.134162902832031 -0.0567245483398437
0.234939575195313 0.216049194335938 0.140899658203125 -0.0449981689453125
0.1624755859375 0.28399658203125 0.141098022460938 0.00552368164062502
0.00167846679687503 0.30364990234375 0.114295959472656 0.00383758544921877
-0.1502685546875 0.283905029296875 0.121177673339844 0.0230026245117188
-0.32025146484375 0.10968017578125 0.210250854492188 0.0677947998046875
-0.375091552734375 -0.089874267578125 0.275772094726563 0.1668701171875
-0.370758056640625 -0.1878662109375 0.249114990234375 0.349822998046875
-0.468963623046875 -0.246307373046875 0.10858154296875 -0.1588134765625
-0.484161376953125 -0.056854248046875 0.0338287353515625 -0.11920166015625
-0.367279052734375 0.162841796875 0.0169906616210937 -0.052032470703125
-0.19390869140625 0.316314697265625 0.0355796813964844 -0.025634765625
0.014251708984375 0.321044921875 0.0316200256347656 -0.0528984069824219
0.217803955078125 0.28704833984375 0.042755126953125 -0.0534210205078125
0.287841796875 0.17449951171875 0.014068603515625 -0.0735855102539062
0.248580932617187 0.168716430664063 0.00879669189453126 -0.0890045166015625
0.275177001953125 0.214004516601563 0.0239334106445313 -0.0898590087890625
0.2010498046875 0.30145263671875 0.0561294555664063 -0.0705108642578125
0.018463134765625 0.345001220703125 0.0727386474609375 -0.0788650512695312
-0.162445068359375 0.337677001953125 0.125175476074219 -0.0351638793945312
-0.3802490234375 0.138275146484375 0.214401245117188 0.0506591796875
-0.464141845703125 -0.1036376953125 0.187332153320312 0.153640747070313
-0.46148681640625 -0.230224609375 0.128341674804688 0.261444091796875
-0.500732421875 -0.201202392578125 -0.0321197509765625 -0.197372436523438
-0.492828369140625 0.0119323730468751 -0.049530029296875 -0.0986404418945313
-0.324310302734375 0.213714599609375 0.0206642150878906 -0.0405616760253906
-0.13134765625 0.320556640625 0.0446624755859375 -0.0758895874023438
0.058502197265625 0.293487548828125 -0.00469970703124999 -0.117965698242187
0.236373901367188 0.239837646484375 -0.0428085327148437 -0.111320495605469
0.278427124023437 0.132705688476562 -0.104774475097656 -0.104011535644531
0.240371704101563 0.13458251953125 -0.117027282714844 -0.107261657714844
0.269195556640625 0.17864990234375 -0.0961532592773438 -0.1251220703125
0.202651977539062 0.261734008789063 -0.034759521484375 -0.141616821289062
0.032501220703125 0.31671142578125 0.0244598388671875 -0.153610229492187
-0.14068603515625 0.3211669921875 0.116004943847656 -0.09075927734375
-0.36090087890625 0.14044189453125 0.19244384765625 0.0298614501953125
-0.462127685546875 -0.0968017578125001 0.0753860473632812 0.124794006347656
-0.478546142578125 -0.227996826171875 -0.0106658935546875 0.15325927734375
-0.4522705078125 -0.140655517578125 -0.173690795898438 -0.231353759765625
-0.4276123046875 0.05255126953125 -0.135261535644531 -0.0789947509765625
-0.249679565429687 0.212615966796875 0.00722122192382811 -0.0280189514160156
-0.068511962890625 0.27398681640625 0.0345993041992188 -0.1107177734375
0.084442138671875 0.227584838867187 -0.0478515625 -0.157623291015625
0.214813232421875 0.162200927734375 -0.12652587890625 -0.143798828125
0.226455688476563 0.0732879638671875 -0.2083740234375 -0.113693237304688
0.19482421875 0.0797882080078125 -0.224838256835938 -0.1104736328125
0.216262817382813 0.113555908203125 -0.197860717773437 -0.143463134765625
0.16943359375 0.173446655273438 -0.112060546875 -0.194625854492188
0.043426513671875 0.226806640625 -0.01617431640625 -0.20489501953125
-0.085205078125 0.242401123046875 0.100044250488281 -0.127212524414062
-0.2635498046875 0.12200927734375 0.15228271484375 0.012420654296875
-0.37481689453125 -0.058929443359375 -0.036102294921875 0.09246826171875
-0.42156982421875 -0.17578125 -0.142974853515625 0.0470123291015625
-0.33184814453125 -0.0720520019531251 -0.292083740234375 -0.2642822265625
-0.298065185546875 0.061065673828125 -0.21014404296875 -0.0734405517578125
-0.1539306640625 0.163894653320313 -0.0217056274414063 -0.0184593200683594
-0.013671875 0.186050415039063 0.0103988647460937 -0.128677368164063
0.084869384765625 0.133514404296875 -0.0890960693359375 -0.172409057617188
0.155548095703125 0.070892333984375 -0.193771362304688 -0.151229858398438
0.140411376953125 0.00836944580078125 -0.280624389648438 -0.104827880859375
0.1182861328125 0.014678955078125 -0.297271728515625 -0.09698486328125
0.129844665527344 0.0302963256835938 -0.264007568359375 -0.142852783203125
0.116294860839844 0.0552902221679688 -0.1610107421875 -0.217742919921875
0.057708740234375 0.0991439819335938 -0.04168701171875 -0.221115112304688
-0.00412750244140625 0.130859375 0.0842361450195312 -0.138069152832031
-0.120796203613281 0.102867126464844 0.10595703125 0.00614929199218751
-0.232940673828125 0.00773620605468748 -0.123092651367187 0.0675506591796875
-0.308624267578125 -0.08245849609375 -0.2467041015625 -0.0323028564453125
0.130096435546875 -0.084869384765625 0.309967041015625 -0.0369873046875
0.044952392578125 -0.15557861328125 0.153472900390625 -0.1058349609375
-0.0940704345703125 -0.0878753662109375 -0.0851974487304688 -0.0293197631835937
-0.108245849609375 0.0130233764648438 -0.088531494140625 0.15191650390625
-0.0679206848144531 0.055084228515625 0.05023193359375 0.210769653320313
-0.0370635986328125 0.0844192504882813 0.210922241210938 0.190353393554688
-0.0021209716796875 0.0801773071289063 0.30914306640625 0.094940185546875
-0.020782470703125 0.0718460083007813 0.319915771484375 0.0335693359375
-0.0477447509765625 0.07379150390625 0.291748046875 0.050872802734375
-0.0771331787109375 0.0412445068359375 0.226348876953125 0.119583129882812
-0.0767364501953125 -0.0227203369140625 0.139060974121094 0.130172729492188
-0.0449676513671875 -0.0738677978515625 0.0589828491210938 0.10272216796875
0.0550537109375 -0.0938491821289063 0.0841293334960938 0.05926513671875
0.155853271484375 -0.039703369140625 0.284881591796875 0.090606689453125
0.17901611328125 0.0380706787109375 0.343292236328125 0.346893310546875
-0.0469512939453125 -0.169952392578125 0.324066162109375 -0.0556640625
-0.12506103515625 -0.177505493164062 0.160491943359375 -0.121047973632813
-0.215713500976563 -0.0427703857421875 -0.0546951293945313 -0.0463218688964844
-0.176712036132813 0.11334228515625 -0.0596771240234375 0.11798095703125
-0.065155029296875 0.163986206054688 0.056610107421875 0.160858154296875
0.0437469482421875 0.180252075195313 0.2025146484375 0.145614624023438
0.106742858886719 0.131477355957031 0.281585693359375 0.053924560546875
0.07720947265625 0.117973327636719 0.292877197265625 -0.00506591796874999
0.0629119873046875 0.131668090820313 0.278274536132813 0.012420654296875
0.01544189453125 0.130714416503906 0.2322998046875 0.088775634765625
-0.042327880859375 0.0922698974609375 0.152740478515625 0.1029052734375
-0.0711822509765625 0.051513671875 0.0895004272460938 0.0885543823242188
-0.0626792907714844 -0.0140380859375 0.139274597167969 0.0614852905273438
-0.0223350524902344 -0.0413970947265625 0.325958251953125 0.112518310546875
-0.0118694305419922 -0.0232620239257813 0.3756103515625 0.373199462890625
-0.218719482421875 -0.222030639648437 0.293792724609375 -0.09686279296875
-0.277496337890625 -0.1607666015625 0.139251708984375 -0.138511657714844
-0.304718017578125 0.0190429687500001 -0.0300445556640625 -0.0594482421875
-0.2142333984375 0.20220947265625 -0.0262985229492188 0.0741119384765625
-0.0469512939453125 0.24822998046875 0.0572891235351563 0.0925064086914063
0.120010375976562 0.248199462890625 0.167739868164063 0.0795440673828125
0.1988525390625 0.161758422851563 0.214324951171875 0.00512695312500001
0.164779663085938 0.148788452148438 0.22271728515625 -0.043426513671875
0.167068481445313 0.173507690429688 0.221847534179688 -0.0274658203125
0.1058349609375 0.210952758789063 0.20391845703125 0.042510986328125
-0.00839233398437498 0.205673217773437 0.147171020507813 0.0532379150390625
-0.101776123046875 0.178085327148438 0.116424560546875 0.0577163696289063
-0.188461303710938 0.060943603515625 0.187957763671875 0.0618743896484375
-0.20623779296875 -0.0524139404296875 0.32733154296875 0.13531494140625
-0.202301025390625 -0.09442138671875 0.35223388671875 0.367218017578125
-0.36474609375 -0.229583740234375 0.21636962890625 -0.143692016601563
-0.3966064453125 -0.100738525390625 0.09197998046875 -0.145965576171875
-0.345245361328125 0.100250244140625 -0.00788879394531252 -0.0651016235351563
-0.206573486328125 0.274948120117188 0.00646972656249999 0.0205917358398438
-0.0103759765625 0.29705810546875 0.0480117797851562 0.0135612487792969
0.185104370117188 0.2725830078125 0.108261108398438 0.00405883789062502
0.262680053710938 0.166091918945313 0.115280151367188 -0.0433120727539062
0.226119995117188 0.156936645507813 0.116966247558594 -0.0756378173828125
0.245101928710938 0.19207763671875 0.127693176269531 -0.06756591796875
0.1783447265625 0.261932373046875 0.140213012695313 -0.0196380615234375
0.022216796875 0.293548583984375 0.119255065917969 -0.0151214599609375
-0.124298095703125 0.28179931640625 0.131858825683594 0.00968933105468752
-0.295654296875 0.12188720703125 0.219345092773437 0.050750732421875
-0.36090087890625 -0.064483642578125 0.286163330078125 0.143280029296875
-0.35955810546875 -0.15252685546875 0.275177001953125 0.32403564453125
-0.46435546875 -0.198455810546875 0.10369873046875 -0.181732177734375
-0.464080810546875 -0.0170288085937499 0.02581787109375 -0.134620666503906
-0.33935546875 0.180511474609375 0.00745391845703123 -0.0624122619628906
-0.16143798828125 0.31683349609375 0.0287303924560547 -0.034433364868164
0.038543701171875 0.304168701171875 0.02362060546875 -0.0622329711914062
0.23114013671875 0.254196166992187 0.0299186706542969 -0.0647697448730469
0.290679931640625 0.14190673828125 -0.000625610351562479 -0.0800857543945312
0.252365112304688 0.140655517578125 -0.00680541992187498 -0.09649658203125
0.282440185546875 0.18017578125 0.0104141235351563 -0.101509094238281
0.218719482421875 0.270278930664063 0.0512237548828125 -0.0865478515625
0.045196533203125 0.330078125 0.0716629028320313 -0.0928878784179688
-0.12652587890625 0.33575439453125 0.130783081054688 -0.0491790771484375
-0.351715087890625 0.15850830078125 0.22296142578125 0.0300445556640625
-0.449798583984375 -0.0669860839843751 0.202789306640625 0.1348876953125
-0.45770263671875 -0.182159423828125 0.15399169921875 0.246536254882813
-0.49578857421875 -0.14776611328125 -0.030517578125 -0.206619262695313
-0.46697998046875 0.0560913085937501 -0.049896240234375 -0.107826232910156
-0.292144775390625 0.229766845703125 0.0131568908691406 -0.053375244140625
-0.096649169921875 0.31671142578125 0.0347900390625 -0.0836334228515625
0.082763671875 0.271453857421875 -0.01568603515625 -0.121269226074219
0.24407958984375 0.201553344726563 -0.0563812255859375 -0.113494873046875
0.273666381835937 0.0969390869140625 -0.116546630859375 -0.0985107421875
0.240570068359375 0.105072021484375 -0.128684997558594 -0.101333618164063
0.272430419921875 0.142684936523437 -0.107955932617188 -0.123916625976562
0.217849731445313 0.227783203125 -0.042572021484375 -0.146987915039062
0.059417724609375 0.298583984375 0.0171661376953125 -0.161407470703125
-0.103363037109375 0.31842041015625 0.115715026855469 -0.103012084960937
-0.32916259765625 0.16192626953125 0.199615478515625 0.00854492187500001
-0.450347900390625 -0.0535278320312501 0.0928573608398437 0.115280151367188
-0.47845458984375 -0.173675537109375 0.0128326416015625 0.154205322265625
-0.4505615234375 -0.0899658203124999 -0.168014526367188 -0.225250244140625
-0.4039306640625 0.096405029296875 -0.127998352050781 -0.0786666870117188
-0.217132568359375 0.230316162109375 0.00221633911132811 -0.0399055480957031
-0.03472900390625 0.269317626953125 0.0222549438476562 -0.116401672363281
0.105621337890625 0.203872680664062 -0.0597991943359375 -0.153732299804688
0.2193603515625 0.125045776367187 -0.136528015136719 -0.135635375976563
0.21893310546875 0.0403289794921875 -0.214340209960938 -0.096435546875
0.190872192382813 0.0526275634765625 -0.230453491210937 -0.092376708984375
0.215042114257812 0.0805816650390625 -0.206161499023437 -0.13055419921875
0.177947998046875 0.141387939453125 -0.122360229492187 -0.18914794921875
0.0655517578125 0.207046508789062 -0.0276641845703125 -0.205154418945313
-0.0521697998046875 0.235794067382813 0.0943069458007813 -0.136360168457031
-0.235061645507812 0.140182495117188 0.156585693359375 -0.00524902343749999
-0.36480712890625 -0.01708984375 -0.017242431640625 0.0942535400390625
-0.42266845703125 -0.122100830078125 -0.12310791015625 0.0646133422851563
-0.33441162109375 -0.032562255859375 -0.28521728515625 -0.244781494140625
-0.283905029296875 0.097564697265625 -0.19940185546875 -0.06494140625
-0.1304931640625 0.18072509765625 -0.0257606506347656 -0.0268039703369141
0.0125885009765625 0.182968139648438 -0.00449371337890626 -0.130218505859375
0.101417541503906 0.115119934082031 -0.101119995117188 -0.160812377929687
0.157272338867188 0.0411224365234375 -0.200851440429687 -0.132492065429688
0.130096435546875 -0.01702880859375 -0.28125 -0.078277587890625
0.111862182617188 -0.0059051513671875 -0.295562744140625 -0.070068359375
0.123565673828125 0.00585174560546875 -0.266860961914063 -0.120986938476562
0.115280151367188 0.0298995971679688 -0.171630859375 -0.203811645507812
0.0696182250976563 0.0809173583984375 -0.054412841796875 -0.215606689453125
0.018341064453125 0.121269226074219 0.076141357421875 -0.144699096679688
-0.096466064453125 0.11285400390625 0.109535217285156 -0.00545501708984374
-0.22174072265625 0.03924560546875 -0.104019165039063 0.0799331665039062
-0.309906005859375 -0.0384521484375 -0.231460571289063 -0.000122070312499962
0.123184204101563 -0.101692199707031 0.28094482421875 -0.0579833984375
0.0247344970703125 -0.16534423828125 0.131538391113281 -0.116127014160156
-0.108245849609375 -0.079193115234375 -0.0873641967773438 -0.0247421264648437
-0.112358093261719 0.027130126953125 -0.0798797607421875 0.150222778320312
-0.064056396484375 0.0675621032714844 0.054595947265625 0.200210571289063
-0.0235671997070312 0.0952987670898438 0.208175659179688 0.173583984375
0.0123519897460938 0.0860748291015625 0.295440673828125 0.075927734375
-0.00811767578124999 0.07891845703125 0.30157470703125 0.014373779296875
-0.03436279296875 0.0864944458007812 0.2774658203125 0.031646728515625
-0.0722885131835938 0.056884765625 0.219894409179688 0.100204467773438
-0.0839385986328125 -0.0108413696289062 0.141754150390625 0.115402221679688
-0.0584754943847656 -0.0689582824707031 0.067352294921875 0.0968780517578125
0.0431060791015625 -0.10455322265625 0.08660888671875 0.0634307861328125
0.152664184570313 -0.06280517578125 0.268341064453125 0.0832061767578125
0.184036254882813 0.0133056640625 0.329345703125 0.322662353515625
-0.0459136962890625 -0.172119140625 0.29559326171875 -0.080230712890625
-0.133468627929688 -0.177383422851563 0.137687683105469 -0.133232116699219
-0.219924926757813 -0.0334625244140625 -0.0601387023925781 -0.0452194213867187
-0.171798706054688 0.122695922851562 -0.05438232421875 0.113922119140625
-0.05706787109375 0.16839599609375 0.0573883056640625 0.1485595703125
0.0554962158203125 0.179702758789063 0.194183349609375 0.1278076171875
0.114990234375 0.127723693847656 0.26312255859375 0.0356292724609375
0.0850906372070313 0.1175537109375 0.270736694335938 -0.0239410400390625
0.0713348388671875 0.13385009765625 0.2596435546875 -0.00773620605468749
0.0186080932617188 0.135299682617188 0.224639892578125 0.0655517578125
-0.0459518432617187 0.09454345703125 0.154647827148438 0.083343505859375
-0.0760116577148437 0.0484771728515625 0.098358154296875 0.079498291015625
-0.0614128112792969 -0.0250663757324219 0.141571044921875 0.0594940185546875
-0.0133056640625 -0.0556068420410156 0.31201171875 0.099365234375
0.00329399108886719 -0.0342197418212891 0.368621826171875 0.342315673828125
-0.20806884765625 -0.21148681640625 0.26837158203125 -0.122039794921875
-0.272994995117188 -0.153167724609375 0.118270874023437 -0.151580810546875
-0.297027587890625 0.027069091796875 -0.0383453369140625 -0.061187744140625
-0.200531005859375 0.205352783203125 -0.0259132385253906 0.068084716796875
-0.0365753173828125 0.243820190429688 0.0539474487304688 0.0809097290039063
0.127471923828125 0.2362060546875 0.155807495117188 0.063385009765625
0.2000732421875 0.150787353515625 0.194259643554688 -0.00973510742187499
0.16668701171875 0.140121459960938 0.199050903320313 -0.0593414306640625
0.169601440429688 0.165283203125 0.201171875 -0.0473785400390625
0.108489990234375 0.201889038085938 0.194305419921875 0.0183868408203125
-0.00645446777343751 0.197586059570313 0.148666381835938 0.0336761474609375
-0.0955963134765625 0.168289184570313 0.124824523925781 0.0463943481445313
-0.17559814453125 0.0523223876953125 0.190750122070313 0.0539093017578125
-0.18756103515625 -0.0554656982421875 0.31964111328125 0.118194580078125
-0.1798095703125 -0.089202880859375 0.351104736328125 0.336517333984375
-0.346099853515625 -0.206329345703125 0.197357177734375 -0.166305541992188
-0.37774658203125 -0.08709716796875 0.074249267578125 -0.158843994140625
-0.327362060546875 0.10345458984375 -0.0184555053710938 -0.0698165893554688
-0.188690185546875 0.269149780273437 0.00166702270507811 0.0141134262084961
-0.000183105468749972 0.28369140625 0.0405044555664063 0.00416564941406252
0.18743896484375 0.25286865234375 0.0929412841796875 -0.00781249999999999
0.256668090820313 0.146743774414063 0.0962295532226563 -0.05169677734375
0.222702026367188 0.141281127929688 0.0959548950195313 -0.085357666015625
0.242019653320313 0.17413330078125 0.108268737792969 -0.0821914672851563
0.179656982421875 0.242095947265625 0.1309814453125 -0.0390472412109375
0.0293426513671875 0.276824951171875 0.118827819824219 -0.0321044921875
-0.10882568359375 0.267913818359375 0.138359069824219 -0.00353240966796873
-0.27313232421875 0.116836547851563 0.221099853515625 0.0377960205078125
-0.33770751953125 -0.055023193359375 0.28466796875 0.123931884765625
-0.334716796875 -0.13226318359375 0.281463623046875 0.297088623046875
-0.437774658203125 -0.16595458984375 0.0950164794921875 -0.199508666992188
-0.43310546875 0.000427246093749971 0.0157470703125 -0.146896362304688
-0.311492919921875 0.180450439453125 -0.0034751892089844 -0.0702629089355469
-0.139892578125 0.304779052734375 0.0202140808105469 -0.0408363342285156
0.046905517578125 0.283203125 0.0142593383789063 -0.0676383972167969
0.224960327148438 0.227508544921875 0.016204833984375 -0.0707015991210938
0.276107788085938 0.119140625 -0.0151290893554687 -0.080963134765625
0.24383544921875 0.121185302734375 -0.0223617553710937 -0.0981292724609375
0.2735595703125 0.155181884765625 -0.00432586669921874 -0.107818603515625
0.218185424804687 0.242630004882812 0.0428237915039063 -0.0992813110351563
0.057037353515625 0.306732177734375 0.06829833984375 -0.104911804199219
-0.104339599609375 0.319122314453125 0.132911682128906 -0.0618515014648437
-0.320343017578125 0.15771484375 0.224151611328125 0.0137939453125
-0.42449951171875 -0.0478515625 0.208114624023437 0.1180419921875
-0.431427001953125 -0.151153564453125 0.167510986328125 0.228408813476562
-0.46844482421875 -0.10992431640625 -0.027618408203125 -0.2164306640625
-0.4298095703125 0.0771789550781251 -0.04998779296875 -0.117698669433594
-0.25921630859375 0.228317260742188 0.00345611572265624 -0.0626411437988281
-0.073883056640625 0.299224853515625 0.0242767333984375 -0.0880126953125
0.0889739990234375 0.244979858398438 -0.0242691040039062 -0.121627807617187
0.233322143554688 0.169708251953125 -0.0666580200195313 -0.112846374511719
0.255767822265625 0.071868896484375 -0.123291015625 -0.0918045043945312
0.2283935546875 0.0838165283203125 -0.135986328125 -0.0967559814453125
0.259429931640625 0.115005493164063 -0.116104125976562 -0.121101379394531
0.21343994140625 0.197357177734375 -0.0498504638671875 -0.151336669921875
0.07147216796875 0.273681640625 0.012054443359375 -0.166900634765625
-0.077728271484375 0.30078125 0.113388061523438 -0.112480163574219
-0.2960205078125 0.165374755859375 0.199111938476563 -0.00827026367187499
-0.424560546875 -0.027587890625 0.104721069335937 0.102668762207031
-0.453765869140625 -0.135345458984375 0.0322113037109375 0.14801025390625
-0.428436279296875 -0.05255126953125 -0.15478515625 -0.2242431640625
-0.370819091796875 0.12042236328125 -0.118881225585938 -0.0846023559570313
-0.185806274414062 0.230560302734375 -0.00438308715820314 -0.0491981506347656
-0.0111083984375 0.252273559570313 0.0109786987304687 -0.117515563964844
0.112228393554688 0.177963256835938 -0.066802978515625 -0.147445678710938
0.206787109375 0.09521484375 -0.1407470703125 -0.1279296875
0.19854736328125 0.01849365234375 -0.212203979492187 -0.0841522216796875
0.1768798828125 0.0339508056640625 -0.228652954101563 -0.0801544189453125
0.200103759765625 0.0566558837890625 -0.206893920898438 -0.120223999023437
0.171737670898438 0.1131591796875 -0.126632690429688 -0.18365478515625
0.0742645263671875 0.183303833007813 -0.0335235595703125 -0.203338623046875
-0.0296173095703125 0.2188720703125 0.0892333984375 -0.14154052734375
-0.204925537109375 0.142425537109375 0.155364990234375 -0.0196075439453125
-0.339996337890625 0.00979614257812494 -0.00084686279296878 0.0886383056640625
-0.403533935546875 -0.082855224609375 -0.0991439819335938 0.0712966918945313
-0.3236083984375 -0.00207519531249998 -0.265869140625 -0.233169555664063
-0.261016845703125 0.11993408203125 -0.18389892578125 -0.0657196044921875
-0.106521606445313 0.185882568359375 -0.0295505523681641 -0.0343265533447265
0.03240966796875 0.171875 -0.015960693359375 -0.127288818359375
0.108169555664063 0.0949859619140625 -0.105392456054688 -0.148101806640625
0.14739990234375 0.0172119140625 -0.197967529296875 -0.117630004882812
0.112998962402344 -0.0340118408203125 -0.27093505859375 -0.060455322265625
0.0982589721679688 -0.0198440551757813 -0.285247802734375 -0.0529479980468751
0.108367919921875 -0.0112380981445313 -0.26019287109375 -0.104843139648438
0.104766845703125 0.0084991455078125 -0.171859741210937 -0.192031860351563
0.0720596313476563 0.06134033203125 -0.0594635009765625 -0.207901000976563
0.0333251953125 0.10479736328125 0.0704193115234375 -0.14508056640625
-0.072418212890625 0.111618041992188 0.109268188476563 -0.0148468017578125
-0.202011108398437 0.0616455078125 -0.0839004516601563 0.0826492309570313
-0.295135498046875 -0.003875732421875 -0.205215454101563 0.0183258056640625
0.11614990234375 -0.115020751953125 0.252853393554688 -0.0648345947265625
0.00698852539062498 -0.171981811523438 0.112541198730469 -0.118026733398438
-0.120040893554688 -0.0711135864257813 -0.089508056640625 -0.0218429565429688
-0.114959716796875 0.0398330688476563 -0.0786590576171875 0.1478271484375
-0.0594100952148437 0.07843017578125 0.0518341064453125 0.194137573242188
-0.0107345581054688 0.102210998535156 0.200958251953125 0.167266845703125
0.0259933471679687 0.0897979736328125 0.281402587890625 0.06988525390625
0.003814697265625 0.0837554931640625 0.28448486328125 0.00924682617187501
-0.0212249755859375 0.095458984375 0.262374877929688 0.0238494873046875
-0.065460205078125 0.070892333984375 0.210525512695312 0.0904693603515625
-0.0892105102539063 0.00163269042968748 0.139450073242188 0.1048583984375
-0.0696144104003906 -0.0637397766113281 0.0729293823242188 0.0930862426757813
0.0324478149414063 -0.111961364746094 0.0904006958007813 0.0698013305664063
0.14794921875 -0.0831451416015625 0.25360107421875 0.0897369384765625
0.185287475585938 -0.0066680908203125 0.307830810546875 0.316680908203125
-0.0410308837890625 -0.180252075195313 0.268234252929688 -0.09124755859375
-0.140548706054687 -0.182159423828125 0.1171875 -0.137229919433594
-0.22467041015625 -0.0289154052734375 -0.0658035278320313 -0.044586181640625
-0.170547485351563 0.129959106445313 -0.055084228515625 0.10986328125
-0.052581787109375 0.172637939453125 0.051727294921875 0.141189575195313
0.0632781982421875 0.182281494140625 0.1822509765625 0.12042236328125
0.121635437011719 0.128501892089844 0.24615478515625 0.0312957763671875
0.0917739868164063 0.119216918945313 0.249954223632813 -0.028900146484375
0.078826904296875 0.137832641601563 0.240127563476563 -0.01654052734375
0.0200347900390625 0.142044067382813 0.213348388671875 0.0524749755859375
-0.052642822265625 0.0985565185546875 0.152664184570313 0.0703277587890625
-0.0840072631835938 0.044952392578125 0.104438781738281 0.0723495483398438
-0.0634269714355469 -0.0381660461425781 0.144256591796875 0.0618438720703125
-0.00756072998046875 -0.0735092163085938 0.299407958984375 0.100738525390625
0.0161895751953125 -0.0490913391113281 0.35040283203125 0.33184814453125
-0.193435668945313 -0.213134765625 0.244003295898438 -0.134918212890625
-0.268951416015625 -0.157394409179688 0.098876953125 -0.157470703125
-0.293609619140625 0.0252685546875001 -0.0452003479003906 -0.0623397827148438
-0.197418212890625 0.205413818359375 -0.0297813415527344 0.0626449584960938
-0.0350799560546875 0.242080688476562 0.0457992553710938 0.0736465454101563
0.128890991210938 0.232421875 0.141433715820313 0.0569305419921875
0.198928833007812 0.146987915039063 0.174774169921875 -0.013092041015625
0.166213989257813 0.137725830078125 0.17755126953125 -0.0635833740234375
0.1693115234375 0.163589477539063 0.181411743164062 -0.0560302734375
0.104965209960938 0.199539184570313 0.182113647460938 0.00390625000000001
-0.012359619140625 0.194747924804688 0.146499633789063 0.018798828125
-0.09912109375 0.1591796875 0.129646301269531 0.0369110107421875
-0.169708251953125 0.0367431640625 0.193328857421875 0.0516357421875
-0.1739501953125 -0.0693817138671875 0.310516357421875 0.11328125
-0.159255981445313 -0.0975341796875 0.3408203125 0.322662353515625
-0.323333740234375 -0.201141357421875 0.1798095703125 -0.182403564453125
-0.360870361328125 -0.090576171875 0.0586700439453125 -0.166778564453125
-0.318756103515625 0.0964660644531249 -0.028533935546875 -0.0721588134765625
-0.183517456054687 0.25927734375 -0.00496864318847658 0.00927829742431642
-0.00216674804687499 0.2742919921875 0.0310688018798828 -0.00223731994628905
0.179794311523437 0.24334716796875 0.078643798828125 -0.0124130249023437
0.247909545898438 0.14044189453125 0.0786895751953125 -0.051788330078125
0.215316772460937 0.13653564453125 0.0757980346679688 -0.087921142578125
0.234603881835938 0.167129516601563 0.0908432006835938 -0.0883941650390625
0.17315673828125 0.232467651367188 0.12017822265625 -0.0534896850585937
0.0255889892578125 0.266021728515625 0.115737915039063 -0.0459747314453125
-0.106491088867188 0.253189086914063 0.142654418945313 -0.0141143798828125
-0.260589599609375 0.101791381835938 0.224395751953125 0.0318145751953125
-0.3172607421875 -0.061767578125 0.281646728515625 0.117279052734375
-0.308135986328125 -0.132354736328125 0.277496337890625 0.28167724609375
-0.4090576171875 -0.15679931640625 0.0873107910156249 -0.214889526367188
-0.406005859375 -0.00231933593750002 0.00746154785156248 -0.158096313476562
-0.296356201171875 0.167877197265625 -0.0136642456054688 -0.0760345458984375
-0.132537841796875 0.28790283203125 0.01177978515625 -0.0452537536621094
0.04217529296875 0.268325805664063 0.00566864013671875 -0.0715866088867187
0.210968017578125 0.213638305664063 0.00290679931640626 -0.0731735229492187
0.259063720703125 0.1107177734375 -0.0278396606445312 -0.079833984375
0.23162841796875 0.114028930664063 -0.0364913940429687 -0.0981597900390625
0.260879516601563 0.145309448242188 -0.0175857543945312 -0.111709594726562
0.208480834960938 0.2264404296875 0.0340652465820313 -0.109992980957031
0.05523681640625 0.28973388671875 0.06475830078125 -0.116050720214844
-0.09808349609375 0.299713134765625 0.134880065917969 -0.071868896484375
-0.30364990234375 0.14385986328125 0.224411010742187 0.00425720214843751
-0.401153564453125 -0.047149658203125 0.209182739257812 0.106658935546875
-0.402099609375 -0.142425537109375 0.173553466796875 0.21533203125
-0.440521240234375 -0.0966796875 -0.0238189697265625 -0.23187255859375
-0.399169921875 0.078399658203125 -0.052398681640625 -0.131019592285156
-0.239730834960937 0.215408325195313 -0.00648498535156251 -0.0697479248046875
-0.0640106201171875 0.278457641601563 0.0153732299804687 -0.0908584594726563
0.0840606689453125 0.22552490234375 -0.0295257568359375 -0.122489929199219
0.215255737304687 0.1541748046875 -0.0743331909179688 -0.112533569335938
0.234573364257813 0.0635833740234375 -0.127792358398438 -0.0893096923828125
0.212554931640625 0.0758056640625 -0.141738891601563 -0.0940704345703125
0.242507934570313 0.102615356445313 -0.123252868652344 -0.121604919433594
0.201614379882813 0.179000854492188 -0.0555877685546875 -0.157318115234375
0.0699920654296875 0.2542724609375 0.00939941406250001 -0.172653198242187
-0.0667724609375 0.279861450195313 0.113479614257812 -0.119598388671875
-0.276199340820313 0.153228759765625 0.198410034179687 -0.0196685791015625
-0.39886474609375 -0.0212402343750001 0.111679077148437 0.0927886962890625
-0.42523193359375 -0.117950439453125 0.046783447265625 0.140144348144531
-0.40374755859375 -0.034210205078125 -0.139617919921875 -0.235610961914063
-0.3409423828125 0.1268310546875 -0.112777709960938 -0.0981979370117187
-0.165878295898437 0.221786499023437 -0.0132675170898438 -0.056976318359375
-0.000183105468749997 0.233169555664062 0.0024871826171875 -0.117141723632812
0.1085205078125 0.158203125 -0.068939208984375 -0.144790649414063
0.1893310546875 0.0787200927734375 -0.14166259765625 -0.1241455078125
0.176956176757812 0.009552001953125 -0.209259033203125 -0.079681396484375
0.160415649414063 0.0254669189453125 -0.226394653320313 -0.0753021240234374
0.182022094726563 0.0452117919921875 -0.20697021484375 -0.117172241210938
0.156784057617188 0.09527587890625 -0.128021240234375 -0.184188842773438
0.07354736328125 0.163482666015625 -0.035369873046875 -0.204010009765625
-0.0200958251953125 0.198638916015625 0.088592529296875 -0.146560668945313
-0.1829833984375 0.134109497070313 0.154571533203125 -0.0288238525390625
-0.31707763671875 0.020111083984375 0.011749267578125 0.0813980102539063
-0.37774658203125 -0.0609130859375 -0.0782089233398438 0.0704421997070312
-0.31109619140625 0.0165100097656251 -0.2454833984375 -0.23870849609375
-0.240966796875 0.131149291992188 -0.172576904296875 -0.0765533447265625
-0.0892791748046875 0.185699462890625 -0.0358123779296875 -0.0419731140136719
0.045501708984375 0.159652709960938 -0.0235977172851563 -0.123344421386719
0.10833740234375 0.0780029296875 -0.10546875 -0.141281127929688
0.134010314941406 0.00112152099609375 -0.19158935546875 -0.112411499023438
0.0947952270507812 -0.0420455932617188 -0.26068115234375 -0.0554351806640625
0.0836563110351563 -0.0262680053710938 -0.274459838867188 -0.04791259765625
0.0913009643554688 -0.0198135375976563 -0.252151489257813 -0.099945068359375
0.0904769897460937 -0.0058135986328125 -0.16851806640625 -0.187759399414063
0.0691032409667969 0.0442276000976563 -0.0583953857421875 -0.205673217773438
0.03997802734375 0.0883712768554687 0.06927490234375 -0.145706176757813
-0.05413818359375 0.104705810546875 0.108833312988281 -0.0212860107421875
-0.182327270507813 0.0734405517578125 -0.0669479370117188 0.0794754028320312
-0.2757568359375 0.0189361572265625 -0.178970336914063 0.0248260498046875
0.111846923828125 -0.129379272460938 0.230728149414062 -0.0638885498046875
-0.0113983154296875 -0.178451538085938 0.0963668823242188 -0.116500854492188
-0.131790161132813 -0.063079833984375 -0.0941238403320313 -0.0194549560546875
-0.117881774902344 0.053985595703125 -0.0804901123046875 0.148956298828125
-0.0546798706054687 0.09033203125 0.0479583740234375 0.195144653320313
0.00263977050781249 0.110748291015625 0.196701049804688 0.169525146484375
0.040191650390625 0.092803955078125 0.274581909179688 0.0727386474609375
0.0160980224609375 0.089019775390625 0.275863647460938 0.010406494140625
-0.00640106201171876 0.102798461914063 0.253326416015625 0.025177001953125
-0.0590057373046875 0.0836181640625 0.204483032226563 0.0880126953125
-0.0937042236328125 0.0146408081054688 0.138282775878906 0.10015869140625
-0.0809555053710937 -0.0574569702148438 0.0780258178710938 0.0902099609375
0.0204925537109375 -0.121688842773437 0.0968856811523437 0.078155517578125
0.142242431640625 -0.10302734375 0.249176025390625 0.103347778320313
0.186981201171875 -0.026885986328125 0.293609619140625 0.327667236328125
-0.0389404296875 -0.194915771484375 0.245895385742188 -0.0948028564453125
-0.151718139648438 -0.192962646484375 0.0997772216796875 -0.138374328613281
-0.234939575195312 -0.025787353515625 -0.0726165771484375 -0.0438079833984375
-0.17431640625 0.13897705078125 -0.059906005859375 0.109390258789063
-0.050872802734375 0.1820068359375 0.0447845458984375 0.140411376953125
0.0715179443359375 0.188583374023438 0.173995971679688 0.12176513671875
0.131034851074219 0.131637573242188 0.234237670898437 0.0338592529296875
0.0993881225585938 0.124565124511719 0.235931396484375 -0.027496337890625
0.087371826171875 0.146163940429687 0.226715087890625 -0.017669677734375
0.0225830078125 0.152633666992187 0.203277587890625 0.045440673828125
-0.0600814819335938 0.107612609863281 0.15032958984375 0.06121826171875
-0.095855712890625 0.0452728271484375 0.110359191894531 0.0654373168945312
-0.0716094970703125 -0.052764892578125 0.152099609375 0.0663909912109375
-0.00563812255859374 -0.096343994140625 0.2957763671875 0.109527587890625
0.0265655517578125 -0.06878662109375 0.339080810546875 0.337921142578125
-0.18365478515625 -0.227294921875 0.223846435546875 -0.145309448242188
-0.27294921875 -0.169403076171875 0.0811920166015625 -0.162338256835938
-0.300567626953125 0.022491455078125 -0.0551910400390625 -0.0633964538574219
-0.201629638671875 0.208145141601563 -0.0363807678222656 0.0608596801757813
-0.0369415283203125 0.246780395507813 0.03662109375 0.0713043212890625
0.130783081054688 0.23699951171875 0.129623413085938 0.05804443359375
0.202285766601563 0.149703979492188 0.160064697265625 -0.0103607177734375
0.169036865234375 0.141494750976563 0.160476684570313 -0.0613555908203125
0.172714233398438 0.16949462890625 0.165176391601563 -0.05816650390625
0.10345458984375 0.20709228515625 0.172225952148438 -0.00596618652343749
-0.02056884765625 0.199325561523438 0.14410400390625 0.00663757324218751
-0.1094970703125 0.154159545898438 0.1373291015625 0.0273590087890625
-0.173995971679688 0.0198516845703125 0.20208740234375 0.051513671875
-0.168075561523438 -0.0889892578125 0.311248779296875 0.11761474609375
-0.143447875976563 -0.11444091796875 0.33489990234375 0.323699951171875
-0.3056640625 -0.21295166015625 0.16455078125 -0.196319580078125
-0.356414794921875 -0.10479736328125 0.042816162109375 -0.175674438476563
-0.32183837890625 0.08758544921875 -0.0390167236328125 -0.0754013061523438
-0.188079833984375 0.256668090820313 -0.013427734375 0.00687885284423829
-0.00790405273437502 0.274795532226563 0.0205440521240234 -0.00571823120117186
0.1756591796875 0.246444702148438 0.0650749206542969 -0.0120582580566406
0.24359130859375 0.143585205078125 0.0630989074707031 -0.0505523681640625
0.212844848632813 0.139480590820313 0.059661865234375 -0.08636474609375
0.231460571289063 0.170150756835938 0.0726547241210938 -0.0918197631835938
0.16705322265625 0.233993530273438 0.109024047851563 -0.0649948120117188
0.0183563232421875 0.265396118164063 0.113609313964844 -0.0597610473632812
-0.114227294921875 0.245208740234375 0.148574829101563 -0.0263824462890625
-0.261184692382813 0.084564208984375 0.231491088867187 0.02740478515625
-0.308685302734375 -0.0796813964843749 0.283782958984375 0.11492919921875
-0.28857421875 -0.144378662109375 0.277313232421875 0.278350830078125
-0.388702392578125 -0.16278076171875 0.0789031982421874 -0.234756469726562
-0.393585205078125 -0.0138854980468751 -0.00544738769531254 -0.170486450195312
-0.293914794921875 0.154510498046875 -0.0256729125976563 -0.0800399780273437
-0.136810302734375 0.278793334960938 0.00286102294921874 -0.0480728149414062
0.03387451171875 0.263534545898437 -0.00360870361328124 -0.075469970703125
0.2003173828125 0.214080810546875 -0.00894927978515624 -0.0737075805664062
0.248794555664063 0.112808227539063 -0.0407257080078125 -0.0783920288085938
0.224258422851563 0.115509033203125 -0.05078125 -0.0981521606445312
0.25201416015625 0.14532470703125 -0.0329742431640625 -0.115814208984375
0.198226928710938 0.222793579101563 0.0235214233398438 -0.120803833007812
0.048095703125 0.284423828125 0.0625228881835937 -0.129989624023437
-0.102203369140625 0.288848876953125 0.140251159667969 -0.0854263305664063
-0.30010986328125 0.129913330078125 0.230453491210937 -0.00387573242187499
-0.388214111328125 -0.0582275390625 0.214202880859375 0.101287841796875
-0.381561279296875 -0.1466064453125 0.180450439453125 0.209426879882813
-0.41845703125 -0.095428466796875 -0.0234375 -0.254302978515625
-0.3814697265625 0.0711669921875 -0.0582733154296875 -0.148300170898438
-0.232009887695313 0.2015380859375 -0.0185317993164063 -0.0766525268554687
-0.06512451171875 0.26470947265625 0.00630950927734375 -0.0935592651367187
0.074310302734375 0.2154541015625 -0.0366058349609375 -0.12518310546875
0.200027465820313 0.14990234375 -0.0819473266601562 -0.113372802734375
0.219894409179688 0.0640869140625 -0.136131286621094 -0.0876007080078125
0.2010498046875 0.075347900390625 -0.151290893554688 -0.0938262939453125
0.229263305664062 0.100799560546875 -0.134025573730469 -0.124526977539062
0.189254760742188 0.171981811523438 -0.0634002685546875 -0.166580200195312
0.0637054443359375 0.24322509765625 0.00585937500000002 -0.184371948242187
-0.0674896240234375 0.266098022460937 0.115669250488281 -0.131095886230469
-0.266281127929688 0.141098022460937 0.201828002929688 -0.0289764404296875
-0.385162353515625 -0.0247802734375 0.11749267578125 0.0837554931640625
-0.40484619140625 -0.114959716796875 0.0594482421875 0.132835388183594
-0.38751220703125 -0.0275573730468751 -0.131179809570313 -0.2586669921875
-0.323486328125 0.126251220703125 -0.113014221191406 -0.11798095703125
-0.153778076171875 0.214019775390625 -0.0237388610839844 -0.0644989013671875
0.00422668457031249 0.220046997070313 -0.00415802001953126 -0.118293762207031
0.102081298828125 0.145034790039063 -0.0720062255859375 -0.146713256835938
0.173324584960938 0.0708160400390625 -0.1453857421875 -0.125762939453125
0.15972900390625 0.0071868896484375 -0.211166381835937 -0.0798797607421875
0.14666748046875 0.02349853515625 -0.230575561523437 -0.0765380859375
0.165679931640625 0.040802001953125 -0.212005615234375 -0.11968994140625
0.142486572265625 0.0858306884765625 -0.132003784179687 -0.191726684570313
0.066680908203125 0.149368286132813 -0.0365142822265625 -0.211349487304688
-0.0169830322265625 0.183624267578125 0.0894622802734375 -0.153915405273437
-0.170181274414063 0.124221801757812 0.156082153320313 -0.0374755859375
-0.29876708984375 0.023223876953125 0.0201187133789062 0.0725326538085938
-0.358123779296875 -0.0505065917968751 -0.0599822998046875 0.0655784606933594
-0.302581787109375 0.029266357421875 -0.230621337890625 -0.258560180664062
-0.227447509765625 0.139404296875 -0.1689453125 -0.0942535400390625
-0.0755615234375 0.184005737304688 -0.045684814453125 -0.0488433837890625
0.0541229248046875 0.149429321289062 -0.029632568359375 -0.1217041015625
0.107406616210938 0.065032958984375 -0.10418701171875 -0.137687683105469
0.121208190917969 -0.00926971435546875 -0.189544677734375 -0.111373901367187
0.0776290893554688 -0.0456314086914063 -0.256027221679688 -0.0560760498046875
0.0703125 -0.0288619995117188 -0.271881103515625 -0.04876708984375
0.075531005859375 -0.023956298828125 -0.25079345703125 -0.102249145507813
0.075469970703125 -0.0153656005859375 -0.168167114257813 -0.19281005859375
0.0631065368652344 0.0304145812988281 -0.056976318359375 -0.209365844726563
0.043975830078125 0.0717086791992188 0.07110595703125 -0.150802612304688
-0.0396041870117188 0.0970535278320313 0.111167907714844 -0.0270843505859375
-0.165084838867188 0.0806884765625 -0.055084228515625 0.0739059448242188
-0.25897216796875 0.034332275390625 -0.155776977539063 0.02337646484375
0.104171752929688 -0.147216796875 0.212921142578125 -0.0613250732421875
-0.0329437255859375 -0.185897827148438 0.081329345703125 -0.113449096679688
-0.146377563476563 -0.0516815185546875 -0.10125732421875 -0.0153656005859375
-0.119758605957031 0.0711898803710938 -0.082305908203125 0.155853271484375
-0.0478744506835938 0.103385925292969 0.048095703125 0.202133178710938
0.0193634033203125 0.117271423339844 0.19976806640625 0.1761474609375
0.0570755004882813 0.094451904296875 0.276885986328125 0.0773468017578125
0.0308609008789063 0.0918807983398438 0.27496337890625 0.0132293701171875
0.0113296508789063 0.109710693359375 0.251358032226563 0.02471923828125
-0.048492431640625 0.0983123779296875 0.2021484375 0.08660888671875
-0.097015380859375 0.0299453735351563 0.140129089355469 0.0965042114257813
-0.0935287475585938 -0.049163818359375 0.0852508544921875 0.0880584716796875
0.00516510009765626 -0.129783630371094 0.109550476074219 0.0849533081054687
0.133331298828125 -0.125251770019531 0.255279541015625 0.11865234375
0.188125610351563 -0.0488739013671875 0.291351318359375 0.349273681640625
-0.0442657470703125 -0.215927124023437 0.225860595703125 -0.098876953125
-0.173171997070313 -0.20263671875 0.083221435546875 -0.138023376464844
-0.250198364257813 -0.018218994140625 -0.0811996459960938 -0.0413742065429688
-0.17822265625 0.155624389648438 -0.0651397705078125 0.112113952636719
-0.046722412109375 0.195541381835938 0.0399017333984375 0.144760131835938
0.0864410400390625 0.196868896484375 0.17138671875 0.126922607421875
0.14569091796875 0.134414672851563 0.229705810546875 0.039306640625
0.113113403320312 0.129096984863281 0.228790283203125 -0.0245361328125
0.103118896484375 0.154098510742188 0.21905517578125 -0.0185394287109375
0.0296173095703125 0.166641235351563 0.197280883789062 0.040802001953125
-0.066864013671875 0.122428894042969 0.149993896484375 0.053314208984375
-0.110649108886719 0.0513381958007812 0.118049621582031 0.058868408203125
-0.0862350463867187 -0.0659637451171875 0.165252685546875 0.0681915283203125
-0.012603759765625 -0.121955871582031 0.30377197265625 0.120025634765625
0.03076171875 -0.0931625366210938 0.339630126953125 0.351165771484375
-0.184661865234375 -0.24786376953125 0.2047119140625 -0.154495239257813
-0.289154052734375 -0.181915283203125 0.0621185302734375 -0.165969848632813
-0.3167724609375 0.02471923828125 -0.0659866333007813 -0.0635261535644531
-0.20849609375 0.219955444335938 -0.0444412231445313 0.0627937316894531
-0.037078857421875 0.259384155273438 0.0281143188476563 0.072723388671875
0.141616821289063 0.24676513671875 0.122169494628906 0.0623626708984375
0.213287353515625 0.154556274414063 0.15081787109375 -0.00559997558593749
0.179824829101563 0.148666381835938 0.147064208984375 -0.05902099609375
0.183929443359375 0.178268432617188 0.150802612304688 -0.0597991943359375
0.106887817382813 0.21893310546875 0.16217041015625 -0.01513671875
-0.028228759765625 0.210494995117188 0.141632080078125 -0.00636291503906249
-0.123184204101562 0.157852172851562 0.145034790039063 0.0159149169921875
-0.186004638671875 0.00527954101562499 0.215774536132813 0.0491943359375
-0.173065185546875 -0.113616943359375 0.31982421875 0.12274169921875
-0.137542724609375 -0.137413024902344 0.339752197265625 0.330413818359375
-0.302581787109375 -0.230438232421875 0.146224975585937 -0.213104248046875
-0.365631103515625 -0.1182861328125 0.0238494873046875 -0.184219360351562
-0.334503173828125 0.0833740234375001 -0.052642822265625 -0.0773773193359375
-0.19659423828125 0.263351440429688 -0.0235805511474609 0.00688743591308595
-0.012420654296875 0.28363037109375 0.00992870330810547 -0.0057239532470703
0.179336547851563 0.255035400390625 0.0536270141601563 -0.00905227661132811
0.248291015625 0.1497802734375 0.0507087707519531 -0.0453872680664063
0.218292236328125 0.145278930664063 0.043701171875 -0.0840606689453125
0.237945556640625 0.17620849609375 0.0558090209960938 -0.0938568115234375
0.167953491210938 0.242752075195312 0.096038818359375 -0.0753631591796875
0.011566162109375 0.273223876953125 0.108863830566406 -0.0760726928710937
-0.125564575195313 0.246780395507812 0.154098510742187 -0.0421295166015625
-0.270904541015625 0.0717620849609375 0.244232177734375 0.0187530517578125
-0.311981201171875 -0.097808837890625 0.293914794921875 0.114288330078125
-0.28173828125 -0.161865234375 0.28765869140625 0.278961181640625
-0.3804931640625 -0.174774169921875 0.06488037109375 -0.257659912109375
-0.39483642578125 -0.027191162109375 -0.0235748291015625 -0.184799194335938
-0.302978515625 0.145965576171875 -0.0410003662109375 -0.0838241577148437
-0.144851684570312 0.277664184570313 -0.00775909423828126 -0.0494918823242187
0.0256500244140625 0.266616821289063 -0.0148468017578125 -0.0779266357421875
0.19683837890625 0.220962524414062 -0.0224456787109375 -0.07257080078125
0.247024536132812 0.11859130859375 -0.0547866821289062 -0.0746841430664063
0.223846435546875 0.12139892578125 -0.0670700073242188 -0.094635009765625
0.251190185546875 0.150222778320313 -0.0507888793945312 -0.117408752441406
0.195343017578125 0.227340698242188 0.00865173339843752 -0.132057189941406
0.042083740234375 0.286651611328125 0.0543975830078125 -0.1458740234375
-0.108734130859375 0.287109375 0.141998291015625 -0.101394653320312
-0.3050537109375 0.117645263671875 0.24017333984375 -0.01629638671875
-0.390167236328125 -0.0690917968750001 0.223068237304688 0.0944061279296875
-0.3734130859375 -0.158721923828125 0.191116333007813 0.204940795898438
-0.408599853515625 -0.0989074707031249 -0.032470703125 -0.28228759765625
-0.37451171875 0.063262939453125 -0.0726318359375 -0.16644287109375
-0.232177734375 0.192840576171875 -0.032562255859375 -0.0821380615234375
-0.068511962890625 0.258560180664063 -0.00273132324218751 -0.0953369140625
0.0658416748046875 0.213241577148438 -0.04669189453125 -0.129135131835938
0.190216064453125 0.15240478515625 -0.0950241088867188 -0.114433288574219
0.2108154296875 0.0695037841796875 -0.149383544921875 -0.08697509765625
0.195724487304688 0.0795440673828125 -0.16656494140625 -0.09130859375
0.2220458984375 0.103302001953125 -0.149734497070313 -0.126922607421875
0.180389404296875 0.17041015625 -0.0784149169921875 -0.176528930664062
0.0584716796875 0.239959716796875 -0.00193786621093749 -0.198486328125
-0.069976806640625 0.259597778320312 0.115631103515625 -0.147506713867187
-0.266647338867188 0.131240844726563 0.207046508789062 -0.0420379638671875
-0.37945556640625 -0.02947998046875 0.125892639160156 0.0745849609375
-0.3939208984375 -0.119293212890625 0.0727386474609375 0.124786376953125
-0.37969970703125 -0.0209655761718751 -0.134521484375 -0.287841796875
-0.311767578125 0.12664794921875 -0.123115539550781 -0.138702392578125
-0.146316528320312 0.207931518554688 -0.03692626953125 -0.0711517333984375
0.00704956054687502 0.209945678710937 -0.01318359375 -0.12066650390625
0.0953445434570313 0.1365966796875 -0.0780487060546875 -0.148834228515625
0.160247802734375 0.0675506591796875 -0.154129028320313 -0.128509521484375
0.145904541015625 0.009613037109375 -0.22039794921875 -0.080352783203125
0.136474609375 0.0262832641601563 -0.240234375 -0.0751800537109375
0.153076171875 0.04241943359375 -0.224075317382812 -0.121475219726563
0.129432678222656 0.082183837890625 -0.1444091796875 -0.199951171875
0.05938720703125 0.140960693359375 -0.043731689453125 -0.223464965820313
-0.0169830322265625 0.171600341796875 0.0890960693359375 -0.167953491210938
-0.162811279296875 0.11431884765625 0.159072875976562 -0.0492095947265625
-0.286865234375 0.0247802734375 0.0288009643554687 0.0641288757324219
-0.34320068359375 -0.04443359375 -0.0437049865722656 0.0569114685058594
-0.2977294921875 0.04534912109375 -0.229705810546875 -0.286712646484375
-0.215911865234375 0.149581909179687 -0.17510986328125 -0.115737915039062
-0.0633087158203125 0.185379028320313 -0.05694580078125 -0.0552482604980469
0.063201904296875 0.139175415039063 -0.0365142822265625 -0.121574401855469
0.105247497558594 0.0523223876953125 -0.107818603515625 -0.138908386230469
0.107933044433594 -0.0178756713867188 -0.194198608398437 -0.1138916015625
0.0614242553710938 -0.0462760925292969 -0.259689331054687 -0.0576629638671875
0.0579795837402344 -0.0291328430175781 -0.277328491210938 -0.04876708984375
0.0602531433105469 -0.024658203125 -0.257614135742188 -0.106292724609375
0.0582008361816406 -0.022003173828125 -0.175888061523437 -0.20037841796875
0.0549659729003906 0.0166282653808594 -0.060638427734375 -0.21820068359375
0.0452308654785156 0.05682373046875 0.07183837890625 -0.160537719726563
-0.0280227661132812 0.0883636474609375 0.113456726074219 -0.0357894897460937
-0.147567749023438 0.0872344970703125 -0.0442314147949219 0.0670280456542969
-0.244171142578125 0.048797607421875 -0.136505126953125 0.0183334350585938
0.08929443359375 -0.166000366210938 0.195907592773438 -0.0581512451171875
-0.0634918212890625 -0.186798095703125 0.0661468505859375 -0.109130859375
-0.159927368164063 -0.0346832275390625 -0.107940673828125 -0.00617980957031249
-0.115081787109375 0.092926025390625 -0.0794219970703125 0.167449951171875
-0.0351181030273438 0.117774963378906 0.0541839599609375 0.210372924804687
0.04083251953125 0.119674682617187 0.211944580078125 0.179306030273438
0.0778350830078125 0.0900344848632813 0.284942626953125 0.076812744140625
0.0484771728515625 0.0907974243164063 0.278167724609375 0.00997924804687501
0.0330429077148438 0.112586975097656 0.25262451171875 0.0222625732421875
-0.0327072143554688 0.112068176269531 0.20477294921875 0.084075927734375
-0.0963668823242188 0.0491409301757813 0.143280029296875 0.091156005859375
-0.105873107910156 -0.0347976684570312 0.093963623046875 0.082122802734375
-0.015625 -0.135673522949219 0.125686645507813 0.0873870849609375
0.116226196289063 -0.149566650390625 0.272232055664063 0.1280517578125
0.18328857421875 -0.0755615234375 0.30487060546875 0.367156982421875
-0.0594635009765625 -0.23736572265625 0.205734252929687 -0.0999908447265625
-0.204193115234375 -0.205459594726562 0.0641632080078125 -0.134101867675781
-0.2677001953125 -0.00135803222656247 -0.0912628173828125 -0.0346755981445312
-0.174697875976563 0.178451538085937 -0.0670623779296875 0.121200561523438
-0.03521728515625 0.212203979492188 0.039337158203125 0.151138305664063
0.108978271484375 0.200515747070312 0.17559814453125 0.132659912109375
0.166290283203125 0.13165283203125 0.230255126953125 0.04229736328125
0.132438659667969 0.130462646484375 0.225341796875 -0.023834228515625
0.12652587890625 0.157699584960938 0.212081909179688 -0.0200958251953125
0.0450592041015625 0.180160522460938 0.192733764648438 0.03448486328125
-0.0672454833984375 0.14166259765625 0.149826049804688 0.0430145263671875
-0.124420166015625 0.0636367797851562 0.12640380859375 0.0479278564453125
-0.106704711914063 -0.0746002197265625 0.181625366210938 0.0651702880859375
-0.0300750732421875 -0.14666748046875 0.3212890625 0.122467041015625
0.0269241333007813 -0.122123718261719 0.355438232421875 0.3626708984375
-0.197158813476563 -0.26751708984375 0.1793212890625 -0.163116455078125
-0.31597900390625 -0.1861572265625 0.040283203125 -0.16607666015625
-0.333892822265625 0.03662109375 -0.0799484252929688 -0.0579986572265625
-0.209625244140625 0.24127197265625 -0.0510902404785156 0.0696487426757813
-0.028106689453125 0.275192260742188 0.0224456787109375 0.0764083862304688
0.160858154296875 0.253189086914063 0.119667053222656 0.0672378540039063
0.231704711914063 0.154525756835938 0.145111083984375 0.00158691406250001
0.198074340820313 0.15008544921875 0.135589599609375 -0.054534912109375
0.204269409179688 0.18280029296875 0.137962341308594 -0.0611801147460937
0.119918823242188 0.229354858398438 0.149856567382813 -0.0226898193359375
-0.0274658203125 0.227951049804688 0.136154174804688 -0.0209732055664062
-0.134796142578125 0.169876098632813 0.149978637695313 -0.00166320800781249
-0.20611572265625 -0.00213623046875001 0.231292724609375 0.0374908447265625
-0.188552856445312 -0.135101318359375 0.33770751953125 0.119171142578125
-0.140472412109375 -0.162384033203125 0.35699462890625 0.330963134765625
-0.311004638671875 -0.24664306640625 0.1197509765625 -0.227157592773438
-0.38580322265625 -0.12457275390625 -0.00335693359375001 -0.189910888671875
-0.3516845703125 0.088287353515625 -0.0688247680664063 -0.0736618041992188
-0.2025146484375 0.279830932617188 -0.0335731506347656 0.0108375549316406
-0.00845336914062498 0.297637939453125 -0.00160646438598633 -0.00389575958251951
0.192596435546875 0.261627197265625 0.045440673828125 -0.00366973876953123
0.259674072265625 0.15057373046875 0.0396308898925781 -0.0373077392578125
0.230987548828125 0.14776611328125 0.0281448364257813 -0.0776596069335937
0.252273559570313 0.180648803710938 0.0379104614257813 -0.0916976928710938
0.179901123046875 0.251449584960938 0.0787277221679688 -0.084014892578125
0.012969970703125 0.28643798828125 0.0981826782226563 -0.0930557250976562
-0.133041381835938 0.255996704101563 0.155929565429688 -0.0615081787109375
-0.286865234375 0.06671142578125 0.258468627929688 0.00244140625
-0.32672119140625 -0.111297607421875 0.3094482421875 0.104248046875
-0.28521728515625 -0.178985595703125 0.3050537109375 0.2745361328125
-0.38348388671875 -0.18365478515625 0.039031982421875 -0.279159545898438
-0.40472412109375 -0.03106689453125 -0.0499725341796875 -0.19580078125
-0.313690185546875 0.147857666015625 -0.05950927734375 -0.0822677612304688
-0.149261474609375 0.28619384765625 -0.0199813842773438 -0.0471343994140625
0.02398681640625 0.277359008789063 -0.0287322998046875 -0.0792922973632812
0.203033447265625 0.227157592773438 -0.0364418029785156 -0.0670852661132812
0.251419067382813 0.122650146484375 -0.0698699951171875 -0.0675239562988281
0.23046875 0.124679565429688 -0.0872726440429687 -0.0858993530273437
0.257965087890625 0.152496337890625 -0.0719451904296875 -0.113754272460937
0.20037841796875 0.231048583984375 -0.0132827758789062 -0.140571594238281
0.04241943359375 0.29412841796875 0.0412750244140625 -0.16229248046875
-0.11151123046875 0.29437255859375 0.139358520507813 -0.124580383300781
-0.31451416015625 0.114837646484375 0.248062133789063 -0.0367889404296875
-0.400054931640625 -0.078338623046875 0.23504638671875 0.0807037353515625
-0.37481689453125 -0.167083740234375 0.207427978515625 0.194107055664063
-0.406005859375 -0.097625732421875 -0.0562744140625 -0.307342529296875
-0.37164306640625 0.063018798828125 -0.09686279296875 -0.181121826171875
-0.233917236328125 0.189544677734375 -0.0505142211914063 -0.08197021484375
-0.0707244873046875 0.256484985351563 -0.015106201171875 -0.097381591796875
0.0599212646484375 0.214340209960938 -0.0597457885742188 -0.130470275878906
0.187286376953125 0.155776977539063 -0.110267639160156 -0.11126708984375
0.208297729492188 0.0733642578125 -0.1663818359375 -0.079833984375
0.195419311523438 0.082183837890625 -0.184677124023438 -0.083770751953125
0.219482421875 0.10675048828125 -0.1712646484375 -0.121536254882813
0.176925659179688 0.171646118164063 -0.101394653320312 -0.18389892578125
0.0557708740234375 0.2396240234375 -0.0182037353515625 -0.2139892578125
-0.07305908203125 0.257034301757813 0.1097412109375 -0.16741943359375
-0.26885986328125 0.126678466796875 0.210235595703125 -0.062225341796875
-0.38037109375 -0.028045654296875 0.134803771972656 0.0620651245117188
-0.390380859375 -0.11737060546875 0.08642578125 0.111549377441406
-0.37457275390625 -0.01031494140625 -0.154632568359375 -0.3170166015625
-0.3006591796875 0.132354736328125 -0.144744873046875 -0.155120849609375
-0.138870239257812 0.204696655273438 -0.0543746948242188 -0.0735092163085938
0.00868225097656248 0.200210571289062 -0.0246963500976562 -0.12176513671875
0.0901870727539063 0.130531311035156 -0.0899810791015625 -0.150741577148438
0.15032958984375 0.0661163330078125 -0.168014526367187 -0.126617431640625
0.135299682617188 0.0145416259765625 -0.234100341796875 -0.0745391845703125
0.12957763671875 0.0291976928710938 -0.25634765625 -0.067535400390625
0.143295288085938 0.0449981689453125 -0.242462158203125 -0.118453979492187
0.118927001953125 0.0807266235351563 -0.164688110351563 -0.205154418945313
0.0521011352539063 0.133079528808594 -0.0594329833984375 -0.235198974609375
-0.017791748046875 0.160614013671875 0.0822906494140625 -0.185440063476563
-0.156753540039062 0.108123779296875 0.15948486328125 -0.0664215087890625
-0.279541015625 0.0289154052734375 0.0369186401367187 0.0519447326660156
-0.33282470703125 -0.036468505859375 -0.0292625427246094 0.04498291015625
-0.289337158203125 0.066192626953125 -0.24530029296875 -0.311279296875
-0.200164794921875 0.161819458007813 -0.191131591796875 -0.131423950195313
-0.048187255859375 0.186233520507813 -0.0729217529296875 -0.05615234375
0.0725479125976563 0.128326416015625 -0.0457229614257812 -0.120841979980469
0.101692199707031 0.0397720336914063 -0.114837646484375 -0.137924194335938
0.0941238403320313 -0.024658203125 -0.202484130859375 -0.114166259765625
0.0443649291992188 -0.0447158813476563 -0.268341064453125 -0.0519256591796875
0.0441322326660156 -0.0271873474121094 -0.286346435546875 -0.042999267578125
0.0450592041015625 -0.0212440490722656 -0.270889282226563 -0.103713989257812
0.0405616760253906 -0.023162841796875 -0.192520141601563 -0.204864501953125
0.0437049865722656 0.00451278686523438 -0.07269287109375 -0.22625732421875
0.0424842834472656 0.0418128967285156 0.0672760009765625 -0.173858642578125
-0.0167083740234375 0.0768814086914062 0.114303588867188 -0.0480117797851562
-0.127525329589844 0.0931930541992188 -0.0356178283691406 0.0582046508789063
-0.225982666015625 0.0635833740234375 -0.120048522949219 0.00963592529296878
0.0645294189453125 -0.180023193359375 0.179031372070312 -0.0516510009765625
-0.09228515625 -0.177810668945313 0.0512313842773438 -0.0978851318359375
-0.1668701171875 -0.00941467285156248 -0.111412048339844 0.00592803955078124
-0.103057861328125 0.115226745605469 -0.0704193115234375 0.177291870117188
-0.0151290893554687 0.126388549804687 0.0666046142578125 0.21307373046875
0.0649337768554688 0.113052368164062 0.22625732421875 0.174789428710938
0.0958175659179688 0.0766754150390625 0.295257568359375 0.068115234375
0.0670318603515625 0.0808486938476563 0.28192138671875 0.000183105468750005
0.0569000244140625 0.105270385742188 0.25201416015625 0.015655517578125
-0.010955810546875 0.118736267089844 0.204788208007812 0.0792694091796875
-0.0881195068359375 0.0695571899414063 0.14605712890625 0.0823516845703125
-0.113967895507813 -0.0168533325195312 0.102188110351562 0.0731201171875
-0.0418014526367188 -0.134933471679688 0.14288330078125 0.081695556640625
0.08807373046875 -0.167343139648438 0.292388916015625 0.126190185546875
0.1671142578125 -0.102157592773438 0.32952880859375 0.3756103515625
-0.0868988037109375 -0.250213623046875 0.182449340820313 -0.095184326171875
-0.234481811523438 -0.19366455078125 0.0444488525390625 -0.128486633300781
-0.277069091796875 0.022796630859375 -0.0966796875 -0.0224685668945312
-0.163619995117187 0.200637817382813 -0.064239501953125 0.133773803710938
-0.014007568359375 0.221694946289062 0.0446319580078125 0.155426025390625
0.135696411132812 0.194427490234375 0.183502197265625 0.128372192382813
0.18804931640625 0.119216918945313 0.23291015625 0.042236328125
0.152450561523438 0.11944580078125 0.220321655273437 -0.023651123046875
0.149856567382813 0.149627685546875 0.204971313476563 -0.0238800048828125
0.06634521484375 0.187667846679688 0.18707275390625 0.0285186767578125
-0.0565185546875 0.161285400390625 0.145172119140625 0.0293121337890625
-0.13104248046875 0.0845947265625 0.129783630371094 0.0309982299804688
-0.132087707519531 -0.0736618041992188 0.196853637695313 0.0515594482421875
-0.05621337890625 -0.164230346679688 0.337982177734375 0.112823486328125
0.010772705078125 -0.144454956054688 0.37640380859375 0.35968017578125
-0.221237182617188 -0.276870727539062 0.14605712890625 -0.165191650390625
-0.3446044921875 -0.173004150390625 0.0144805908203125 -0.157119750976563
-0.3453369140625 0.0598754882812499 -0.0909652709960938 -0.0464401245117188
-0.198928833007812 0.26239013671875 -0.052032470703125 0.0781097412109375
-0.01092529296875 0.285980224609375 0.0188674926757812 0.0825347900390625
0.186065673828125 0.248687744140625 0.118682861328125 0.0701522827148438
0.2470703125 0.142257690429688 0.14111328125 0.00820922851562501
0.214767456054688 0.141998291015625 0.127792358398438 -0.0496826171875
0.226058959960938 0.173828125 0.124626159667969 -0.0569839477539062
0.142013549804688 0.233230590820313 0.135025024414062 -0.0273590087890625
-0.0179443359375 0.242630004882813 0.124725341796875 -0.0363693237304687
-0.137130737304688 0.186264038085938 0.147613525390625 -0.021148681640625
-0.225967407226562 -0.00260925292968752 0.2435302734375 0.0147247314453125
-0.210891723632812 -0.148666381835938 0.352508544921875 0.100189208984375
-0.154098510742188 -0.180740356445313 0.376373291015625 0.319610595703125
-0.32598876953125 -0.25299072265625 0.0865936279296875 -0.2347412109375
-0.40521240234375 -0.116363525390625 -0.0323638916015625 -0.183197021484375
-0.360687255859375 0.1068115234375 -0.0852203369140625 -0.0641708374023438
-0.19268798828125 0.296173095703125 -0.0438499450683594 0.0183792114257813
0.00668334960937501 0.309661865234375 -0.013096809387207 0.000993728637695333
0.212203979492188 0.257980346679688 0.0369071960449219 0.00322723388671877
0.275253295898437 0.143142700195312 0.0303897857666016 -0.0247821807861328
0.246139526367188 0.14227294921875 0.0127029418945313 -0.0646400451660156
0.268173217773438 0.175186157226563 0.0170364379882813 -0.0849533081054687
0.19464111328125 0.253768920898438 0.058074951171875 -0.0887374877929687
0.02130126953125 0.297637939453125 0.0798416137695313 -0.108512878417969
-0.131149291992188 0.270919799804688 0.14703369140625 -0.0841064453125
-0.2998046875 0.073822021484375 0.262924194335937 -0.0229949951171875
-0.34295654296875 -0.11700439453125 0.319732666015625 0.0821533203125
-0.295928955078125 -0.188018798828125 0.322784423828125 0.25714111328125
-0.389068603515625 -0.184295654296875 6.10351562499496E-05 -0.292083740234375
-0.4117431640625 -0.026763916015625 -0.0794219970703125 -0.191787719726563
-0.3228759765625 0.15435791015625 -0.0786819458007813 -0.0750961303710938
-0.14794921875 0.293609619140625 -0.0292243957519531 -0.0423240661621093
0.029205322265625 0.28472900390625 -0.0450057983398438 -0.073028564453125
0.21466064453125 0.228302001953125 -0.0487518310546875 -0.0596275329589844
0.258102416992188 0.120574951171875 -0.0830841064453125 -0.0529403686523437
0.237258911132813 0.12139892578125 -0.10150146484375 -0.0697021484375
0.268310546875 0.149856567382813 -0.0916061401367187 -0.10198974609375
0.21044921875 0.229248046875 -0.0397186279296875 -0.140792846679687
0.0491943359375 0.297943115234375 0.019073486328125 -0.171066284179687
-0.10784912109375 0.29718017578125 0.12530517578125 -0.146011352539063
-0.320037841796875 0.121490478515625 0.247329711914062 -0.06427001953125
-0.4080810546875 -0.072357177734375 0.241165161132813 0.0594635009765625
-0.375701904296875 -0.16680908203125 0.220962524414062 0.172393798828125
-0.4012451171875 -0.09454345703125 -0.0933227539062501 -0.32354736328125
-0.368438720703125 0.065399169921875 -0.128158569335938 -0.181655883789063
-0.231170654296875 0.186767578125 -0.0697174072265625 -0.0774917602539062
-0.0727996826171875 0.2559814453125 -0.028778076171875 -0.0906448364257812
0.0597076416015625 0.21563720703125 -0.077667236328125 -0.1259765625
0.186920166015625 0.157257080078125 -0.122772216796875 -0.102447509765625
0.205245971679688 0.074798583984375 -0.18170166015625 -0.06475830078125
0.196182250976563 0.0818939208984375 -0.2001953125 -0.0634613037109375
0.223037719726563 0.106674194335938 -0.191131591796875 -0.107009887695313
0.177352905273438 0.169708251953125 -0.126434326171875 -0.178390502929688
0.0561981201171875 0.239425659179688 -0.0433197021484375 -0.218734741210937
-0.0702667236328125 0.255264282226563 0.09613037109375 -0.185623168945312
-0.26806640625 0.128829956054688 0.203109741210937 -0.08624267578125
-0.37628173828125 -0.02301025390625 0.136604309082031 0.04302978515625
-0.383148193359375 -0.1131591796875 0.0998611450195312 0.090972900390625
-0.362457275390625 0.00317382812500006 -0.18634033203125 -0.331329345703125
-0.28375244140625 0.13800048828125 -0.172454833984375 -0.161834716796875
-0.126052856445313 0.19805908203125 -0.0697517395019532 -0.0701484680175781
0.0139923095703125 0.187362670898438 -0.0391387939453125 -0.118721008300781
0.0831527709960937 0.122627258300781 -0.105361938476563 -0.1478271484375
0.141159057617188 0.0677642822265625 -0.180374145507813 -0.118392944335938
0.126091003417969 0.0217666625976563 -0.246627807617188 -0.0612640380859375
0.123886108398438 0.0317459106445313 -0.268203735351563 -0.0489349365234375
0.135879516601563 0.0476531982421875 -0.258224487304688 -0.104202270507813
0.107589721679687 0.0816802978515625 -0.189498901367188 -0.19940185546875
0.0435028076171875 0.130470275878906 -0.0813446044921875 -0.239913940429687
-0.021087646484375 0.150955200195313 0.0650634765625 -0.198837280273438
-0.152023315429688 0.100875854492187 0.152191162109375 -0.083099365234375
-0.265411376953125 0.030853271484375 0.0381126403808594 0.0383949279785156
-0.318389892578125 -0.02783203125 -0.0172367095947266 0.0296821594238281
-0.275421142578125 0.086029052734375 -0.269989013671875 -0.325531005859375
-0.176193237304688 0.17156982421875 -0.21337890625 -0.139251708984375
-0.0283203125 0.182403564453125 -0.0905838012695313 -0.0541305541992187
0.07989501953125 0.111106872558594 -0.058258056640625 -0.117271423339844
0.0926513671875 0.0243911743164062 -0.122184753417969 -0.134239196777344
0.0781707763671875 -0.0287246704101562 -0.210861206054687 -0.10540771484375
0.0292472839355469 -0.0346279144287109 -0.274551391601563 -0.0415802001953125
0.0357017517089844 -0.0229949951171875 -0.2943115234375 -0.0306701660156251
0.0316085815429687 -0.0127925872802734 -0.284637451171875 -0.092681884765625
0.0201187133789063 -0.0198001861572266 -0.2103271484375 -0.200592041015625
0.02685546875 -0.00372123718261719 -0.09185791015625 -0.231033325195312
0.0359878540039063 0.0265464782714844 0.0551605224609375 -0.183181762695313
-0.00887680053710937 0.0606498718261719 0.110702514648437 -0.064056396484375
-0.106056213378906 0.09197998046875 -0.0282974243164063 0.0490341186523438
-0.202438354492188 0.0757904052734375 -0.103912353515625 -0.00510406494140623
0.0366973876953125 -0.184005737304688 0.160491943359375 -0.03790283203125
-0.115036010742188 -0.156036376953125 0.0410232543945312 -0.0838851928710938
-0.16412353515625 0.0134429931640625 -0.107093811035156 0.019378662109375
-0.0841217041015625 0.127204895019531 -0.0583648681640625 0.182937622070312
0.00366973876953124 0.1258544921875 0.07818603515625 0.2110595703125
0.0826950073242188 0.099945068359375 0.235000610351563 0.163070678710938
0.106414794921875 0.0604476928710938 0.295562744140625 0.05633544921875
0.0799484252929688 0.0690536499023438 0.275726318359375 -0.0064697265625
0.0742874145507813 0.0901412963867188 0.249313354492188 0.010986328125
0.0109786987304687 0.114875793457031 0.202239990234375 0.072906494140625
-0.0720367431640625 0.0828857421875 0.141586303710938 0.07281494140625
-0.112106323242188 0.00208282470703127 0.103607177734375 0.0613555908203125
-0.0607528686523438 -0.121162414550781 0.155975341796875 0.070709228515625
0.058380126953125 -0.170501708984375 0.304412841796875 0.118377685546875
0.144271850585938 -0.1175537109375 0.345550537109375 0.366485595703125
-0.112579345703125 -0.250320434570313 0.15606689453125 -0.0841217041015625
-0.255538940429688 -0.170761108398437 0.0301437377929687 -0.110435485839844
-0.2734375 0.0468292236328125 -0.100593566894531 -0.0105819702148437
-0.142974853515625 0.214981079101563 -0.0570144653320313 0.137771606445313
0.00579833984374999 0.221908569335937 0.048370361328125 0.156356811523438
0.154388427734375 0.178451538085938 0.186843872070313 0.12493896484375
0.1961669921875 0.1011962890625 0.233261108398438 0.0385589599609375
0.164016723632812 0.106170654296875 0.2125244140625 -0.0243988037109375
0.168365478515625 0.134979248046875 0.19561767578125 -0.0208587646484375
0.0875244140625 0.183151245117188 0.173385620117188 0.0257110595703125
-0.0435333251953125 0.173904418945313 0.135078430175781 0.0206680297851563
-0.129180908203125 0.0984649658203125 0.124488830566406 0.0170440673828125
-0.151382446289062 -0.06573486328125 0.202621459960938 0.035003662109375
-0.0828399658203125 -0.168838500976563 0.3446044921875 0.100189208984375
-0.00825500488281249 -0.16094970703125 0.387420654296875 0.344757080078125
-0.241546630859375 -0.278106689453125 0.119216918945312 -0.153671264648438
-0.361053466796875 -0.154388427734375 -0.00378417968750003 -0.140243530273437
-0.344207763671875 0.080322265625 -0.0968093872070313 -0.0333328247070312
-0.183074951171875 0.275726318359375 -0.0503692626953125 0.0854721069335938
0.00793457031249999 0.288238525390625 0.0175628662109375 0.0877151489257813
0.2039794921875 0.233169555664063 0.117942810058594 0.0721359252929688
0.258132934570313 0.1265869140625 0.137359619140625 0.0123672485351563
0.226119995117188 0.129241943359375 0.116813659667969 -0.0404129028320312
0.2418212890625 0.160964965820313 0.110504150390625 -0.048583984375
0.157119750976563 0.229827880859375 0.118080139160156 -0.027984619140625
-0.00619506835937501 0.253280639648438 0.108474731445313 -0.04290771484375
-0.135284423828125 0.198287963867188 0.138839721679688 -0.038848876953125
-0.240524291992188 0.00547790527343749 0.242156982421875 -0.003814697265625
-0.233963012695313 -0.149200439453125 0.355682373046875 0.081878662109375
-0.16815185546875 -0.190673828125 0.383514404296875 0.29931640625
-0.340057373046875 -0.252960205078125 0.0496063232421875 -0.224884033203125
-0.41650390625 -0.101318359375 -0.054412841796875 -0.165435791015625
-0.361480712890625 0.121307373046875 -0.0943069458007813 -0.0501708984375
-0.182159423828125 0.3070068359375 -0.0459098815917969 0.0272331237792969
0.016815185546875 0.311004638671875 -0.0187854766845703 0.0105133056640625
0.226730346679688 0.249771118164063 0.033071517944336 0.012359619140625
0.282318115234375 0.13385009765625 0.0245094299316406 -0.0132770538330078
0.253494262695312 0.131729125976563 0.00488281250000002 -0.0475845336914062
0.2784423828125 0.161102294921875 0.00469207763671877 -0.0713729858398437
0.2056884765625 0.245315551757813 0.0365142822265625 -0.0821151733398438
0.030792236328125 0.3009033203125 0.0591583251953125 -0.111900329589844
-0.126861572265625 0.2763671875 0.132888793945313 -0.101425170898438
-0.309173583984375 0.078399658203125 0.257720947265625 -0.04864501953125
-0.357818603515625 -0.11151123046875 0.32086181640625 0.059295654296875
-0.30206298828125 -0.192962646484375 0.3267822265625 0.23126220703125
-0.38970947265625 -0.184417724609375 -0.034088134765625 -0.284637451171875
-0.41412353515625 -0.0193786621093749 -0.107162475585938 -0.17706298828125
-0.31964111328125 0.1588134765625 -0.089141845703125 -0.0610427856445312
-0.142059326171875 0.2998046875 -0.0404891967773437 -0.0349273681640625
0.035003662109375 0.28668212890625 -0.0541877746582031 -0.0625038146972656
0.220306396484375 0.22216796875 -0.0560493469238281 -0.0476303100585937
0.261505126953125 0.116165161132813 -0.088775634765625 -0.033447265625
0.242294311523438 0.116104125976563 -0.110359191894531 -0.0490951538085938
0.27105712890625 0.1409912109375 -0.106796264648437 -0.083740234375
0.21246337890625 0.224594116210937 -0.05902099609375 -0.129425048828125
0.0538330078125 0.2978515625 -0.00608825683593751 -0.1739501953125
-0.10498046875 0.301025390625 0.105117797851563 -0.157928466796875
-0.32257080078125 0.122406005859375 0.236724853515625 -0.0859222412109375
-0.4114990234375 -0.0674133300781249 0.2386474609375 0.039520263671875
-0.3763427734375 -0.1661376953125 0.222442626953125 0.151092529296875
-0.390289306640625 -0.0915527343749999 -0.1260986328125 -0.32037353515625
-0.3583984375 0.0662536621093751 -0.15460205078125 -0.173187255859375
-0.228897094726563 0.184066772460938 -0.0839920043945313 -0.0654525756835937
-0.0723876953125 0.250946044921875 -0.0399093627929688 -0.083526611328125
0.0556640625 0.216720581054688 -0.0887374877929688 -0.117355346679687
0.185226440429688 0.15625 -0.134445190429688 -0.0886688232421875
0.20458984375 0.0805511474609375 -0.183578491210938 -0.044097900390625
0.194625854492187 0.0834197998046875 -0.205337524414063 -0.0424041748046875
0.219940185546875 0.1053466796875 -0.202545166015625 -0.0876922607421875
0.175048828125 0.169357299804688 -0.147476196289063 -0.164779663085938
0.0533294677734375 0.236251831054688 -0.0644989013671875 -0.21539306640625
-0.0696258544921875 0.2509765625 0.07244873046875 -0.194534301757813
-0.26385498046875 0.125 0.189407348632812 -0.103424072265625
-0.372344970703125 -0.021484375 0.133529663085937 0.0254974365234375
-0.371856689453125 -0.108306884765625 0.100837707519531 0.071929931640625
-0.341552734375 0.00942993164062494 -0.2154541015625 -0.332550048828125
-0.264678955078125 0.134078979492187 -0.195419311523437 -0.156280517578125
-0.118545532226563 0.185806274414062 -0.0851211547851563 -0.0604248046875
0.00856018066406248 0.177413940429688 -0.0482864379882813 -0.11016845703125
0.0736160278320313 0.117408752441406 -0.112815856933594 -0.139060974121094
0.130172729492188 0.0672531127929688 -0.190093994140625 -0.105743408203125
0.117904663085937 0.0299072265625 -0.248641967773437 -0.044769287109375
0.118255615234375 0.0376434326171875 -0.268707275390625 -0.0312347412109375
0.129409790039062 0.0560531616210937 -0.26666259765625 -0.08587646484375
0.098541259765625 0.0853195190429688 -0.205703735351563 -0.18408203125
0.0341873168945312 0.124504089355469 -0.0998382568359375 -0.231979370117188
-0.0256195068359375 0.142303466796875 0.0468902587890625 -0.205535888671875
-0.147384643554688 0.0882568359375 0.138633728027344 -0.0980224609375
-0.250152587890625 0.0285797119140626 0.0368537902832031 0.0244102478027344
-0.2974853515625 -0.024200439453125 -0.0104846954345703 0.00899124145507812
-0.249053955078125 0.0949554443359375 -0.295196533203125 -0.324615478515625
-0.150527954101562 0.166885375976562 -0.236465454101563 -0.13580322265625
-0.0123748779296875 0.166397094726563 -0.0999603271484375 -0.0413284301757812
0.0760498046875 0.0893630981445313 -0.0640487670898437 -0.10650634765625
0.0806961059570313 0.0164031982421875 -0.127586364746094 -0.124832153320313
0.0610160827636719 -0.0242881774902344 -0.214706420898438 -0.095458984375
0.0185890197753906 -0.0228862762451172 -0.274887084960938 -0.030548095703125
0.0252590179443359 -0.0108871459960938 -0.29278564453125 -0.0147705078125
0.0212154388427734 -0.00112724304199219 -0.2882080078125 -0.0776062011718751
0.005889892578125 -0.0114145278930664 -0.2236328125 -0.188858032226562
0.00933456420898438 -0.00407886505126953 -0.10369873046875 -0.22503662109375
0.0240497589111328 0.0135059356689453 0.0406494140625 -0.18963623046875
-0.00235366821289062 0.0432472229003906 0.100654602050781 -0.072235107421875
-0.0854263305664063 0.081390380859375 -0.0266704559326172 0.0331439971923828
-0.175827026367188 0.07427978515625 -0.09393310546875 -0.021453857421875
0.01519775390625 -0.17779541015625 0.149093627929688 -0.0184173583984375
-0.126815795898437 -0.135108947753906 0.0379447937011719 -0.0684585571289063
-0.155975341796875 0.0301055908203125 -0.101303100585938 0.02716064453125
-0.0655136108398437 0.130973815917969 -0.0485687255859375 0.182220458984375
0.019195556640625 0.120330810546875 0.0838775634765625 0.20635986328125
0.0929946899414063 0.0829086303710938 0.23626708984375 0.155014038085938
0.110267639160156 0.0449752807617188 0.293914794921875 0.051727294921875
0.0856170654296875 0.054779052734375 0.270584106445313 -0.0075836181640625
0.0833587646484375 0.0744094848632813 0.242813110351563 0.0117340087890625
0.0268936157226562 0.107719421386719 0.19573974609375 0.0728607177734375
-0.056243896484375 0.0883026123046875 0.13543701171875 0.0689239501953125
-0.105033874511719 0.0161895751953125 0.0996322631835938 0.0528640747070313
-0.0728225708007813 -0.107048034667969 0.160858154296875 0.0606231689453125
0.03436279296875 -0.165252685546875 0.310638427734375 0.111480712890625
0.121612548828125 -0.123046875 0.34893798828125 0.36346435546875
-0.129959106445313 -0.246383666992187 0.140113830566406 -0.0644302368164063
-0.264877319335937 -0.150192260742188 0.0232696533203125 -0.0916061401367188
-0.26513671875 0.0622100830078125 -0.0978851318359375 -5.34057617187582E-05
-0.125534057617187 0.216964721679688 -0.0511703491210937 0.138938903808594
0.020355224609375 0.216964721679688 0.04998779296875 0.15643310546875
0.163955688476563 0.162246704101563 0.18621826171875 0.122222900390625
0.200439453125 0.0867156982421875 0.230941772460938 0.0391082763671875
0.169509887695313 0.093017578125 0.208084106445313 -0.01910400390625
0.177078247070313 0.120452880859375 0.1893310546875 -0.0141143798828125
0.101318359375 0.176284790039063 0.163665771484375 0.030303955078125
-0.0313873291015625 0.17962646484375 0.124107360839844 0.0181198120117188
-0.125869750976563 0.110336303710938 0.116073608398437 0.00817871093750001
-0.164535522460937 -0.0561065673828125 0.203140258789063 0.0231781005859375
-0.105560302734375 -0.166610717773438 0.346038818359375 0.08953857421875
-0.0262298583984375 -0.168869018554688 0.386383056640625 0.335052490234375
-0.255203247070313 -0.276443481445312 0.0977325439453125 -0.132110595703125
-0.367279052734375 -0.138580322265625 -0.0143356323242188 -0.120498657226563
-0.338409423828125 0.091766357421875 -0.097869873046875 -0.021087646484375
-0.166671752929688 0.278579711914063 -0.0502700805664063 0.0906448364257813
0.0198974609375 0.284912109375 0.0157470703125 0.0923004150390625
0.211334228515625 0.218597412109375 0.116828918457031 0.0745391845703125
0.26171875 0.115432739257813 0.136810302734375 0.0212249755859375
0.230117797851562 0.118011474609375 0.112815856933594 -0.0282669067382812
0.247604370117187 0.147689819335938 0.103294372558594 -0.0371017456054687
0.16790771484375 0.22283935546875 0.105155944824219 -0.0199661254882812
0.00314331054687499 0.257354736328125 0.0941848754882813 -0.0446624755859375
-0.133575439453125 0.205474853515625 0.125556945800781 -0.0473251342773437
-0.25146484375 0.01190185546875 0.23748779296875 -0.0186004638671875
-0.250228881835938 -0.148513793945312 0.352081298828125 0.0699462890625
-0.17926025390625 -0.1981201171875 0.37982177734375 0.28656005859375
-0.34381103515625 -0.25482177734375 0.0263214111328125 -0.20611572265625
-0.418212890625 -0.09234619140625 -0.0676727294921875 -0.144866943359375
-0.359466552734375 0.12579345703125 -0.0980911254882813 -0.0369644165039063
-0.175048828125 0.307952880859375 -0.0457801818847656 0.0348091125488281
0.025421142578125 0.310546875 -0.0230598449707031 0.0189495086669922
0.230865478515625 0.239212036132813 0.0298728942871094 0.0186939239501953
0.283050537109375 0.12579345703125 0.0250720977783203 0.000770568847656258
0.255035400390625 0.125717163085938 0.00151252746582033 -0.0323429107666016
0.28143310546875 0.15411376953125 -0.00191879272460936 -0.0545997619628906
0.210250854492188 0.240386962890625 0.0222625732421875 -0.0711822509765625
0.03509521484375 0.30322265625 0.0429763793945313 -0.110694885253906
-0.126129150390625 0.27838134765625 0.115577697753906 -0.108802795410156
-0.31591796875 0.0781555175781249 0.245956420898437 -0.0626373291015625
-0.36566162109375 -0.113037109375 0.3121337890625 0.04583740234375
-0.304107666015625 -0.200286865234375 0.318389892578125 0.21527099609375
-0.3870849609375 -0.18975830078125 -0.059600830078125 -0.268508911132813
-0.412078857421875 -0.021270751953125 -0.123275756835938 -0.159042358398438
-0.32049560546875 0.158111572265625 -0.095916748046875 -0.0478897094726562
-0.141876220703125 0.2987060546875 -0.0432243347167969 -0.0236358642578125
0.035552978515625 0.28778076171875 -0.0603675842285156 -0.0523681640625
0.21990966796875 0.218551635742188 -0.0579338073730469 -0.036224365234375
0.262359619140625 0.116424560546875 -0.0872573852539062 -0.0186004638671875
0.242324829101562 0.114486694335938 -0.109718322753906 -0.03155517578125
0.270980834960938 0.13983154296875 -0.111228942871094 -0.0664215087890625
0.21282958984375 0.222442626953125 -0.072021484375 -0.115547180175781
0.0533447265625 0.298004150390625 -0.022369384765625 -0.16815185546875
-0.1053466796875 0.297027587890625 0.087982177734375 -0.162857055664062
-0.324432373046875 0.118988037109375 0.220794677734375 -0.0982818603515625
-0.41119384765625 -0.0711669921875001 0.2275390625 0.0245819091796875
-0.368743896484375 -0.173370361328125 0.2152099609375 0.131149291992188
-0.378082275390625 -0.098114013671875 -0.1500244140625 -0.310150146484375
-0.350830078125 0.0559082031250001 -0.171585083007813 -0.159530639648438
-0.2315673828125 0.174972534179688 -0.0921478271484375 -0.0526123046875
-0.0774078369140625 0.247146606445313 -0.0452804565429688 -0.07464599609375
0.050140380859375 0.217880249023438 -0.0944595336914063 -0.106132507324219
0.1810302734375 0.159393310546875 -0.136543273925781 -0.077056884765625
0.2037353515625 0.085723876953125 -0.18212890625 -0.03082275390625
0.192855834960937 0.087860107421875 -0.203216552734375 -0.02667236328125
0.21636962890625 0.109329223632813 -0.204437255859375 -0.0706787109375
0.16851806640625 0.171310424804688 -0.157241821289063 -0.150161743164062
0.04754638671875 0.23406982421875 -0.0786895751953125 -0.207122802734375
-0.07342529296875 0.243988037109375 0.0552215576171875 -0.1959228515625
-0.263946533203125 0.114532470703125 0.173263549804687 -0.112686157226562
-0.364837646484375 -0.0257873535156249 0.122871398925781 0.0128707885742187
-0.358612060546875 -0.11419677734375 0.09674072265625 0.052581787109375
-0.322784423828125 0.00360107421875006 -0.233856201171875 -0.326416015625
-0.250381469726563 0.120391845703125 -0.2117919921875 -0.147262573242188
-0.117080688476562 0.171875 -0.0936508178710938 -0.0482940673828125
1.01352918443795E-17 0.16552734375 -0.0532455444335937 -0.102256774902344
0.0620346069335938 0.118453979492187 -0.116897583007813 -0.129142761230469
0.120079040527344 0.0747604370117188 -0.19036865234375 -0.095123291015625
0.115737915039063 0.0411148071289063 -0.246124267578125 -0.0327301025390626
0.115180969238281 0.0470809936523437 -0.26544189453125 -0.017303466796875
0.126045227050781 0.065155029296875 -0.2666015625 -0.07177734375
0.0878677368164062 0.0929641723632812 -0.21282958984375 -0.171539306640625
0.0223007202148437 0.126625061035156 -0.111465454101562 -0.223281860351563
-0.0352401733398438 0.134124755859375 0.033477783203125 -0.202911376953125
-0.146942138671875 0.0745697021484375 0.12493896484375 -0.104209899902344
-0.237564086914063 0.0172576904296875 0.0293502807617187 0.0125179290771484
-0.27764892578125 -0.032012939453125 -0.0117712020874024 -0.00889968872070313
-0.226486206054688 0.0929107666015625 -0.306182861328125 -0.323150634765625
-0.132080078125 0.154617309570312 -0.248764038085938 -0.131179809570313
-0.00677490234375 0.149627685546875 -0.106193542480469 -0.0318679809570313
0.0684051513671875 0.0764694213867187 -0.0670089721679688 -0.0990753173828125
0.0664100646972656 0.0133171081542969 -0.126091003417969 -0.118232727050781
0.0472984313964844 -0.0159454345703125 -0.214019775390625 -0.087890625
0.0134954452514648 -0.00856399536132813 -0.270843505859375 -0.0249786376953125
0.0207557678222656 -0.000484466552734375 -0.288330078125 -0.00714111328125002
0.0169010162353516 0.0117225646972656 -0.2874755859375 -0.0697021484375
-0.00444793701171875 0.00164413452148438 -0.228683471679688 -0.178817749023438
-0.00577974319458008 -0.000672817230224609 -0.111572265625 -0.2183837890625
0.00958061218261719 0.00614261627197266 0.0293426513671875 -0.1876220703125
-0.00544166564941406 0.0272331237792969 0.0910873413085938 -0.0773391723632813
-0.0713729858398438 0.064910888671875 -0.0285682678222656 0.0233669281005859
-0.152496337890625 0.0655517578125 -0.087646484375 -0.039794921875
0.000366210937500011 -0.170486450195313 0.144866943359375 0.00405883789062499
-0.132560729980469 -0.117332458496094 0.0389747619628906 -0.0535659790039063
-0.147872924804688 0.04119873046875 -0.0961761474609375 0.0309982299804687
-0.052032470703125 0.131622314453125 -0.04388427734375 0.180267333984375
0.0284500122070312 0.114791870117188 0.084381103515625 0.205642700195313
0.0980300903320313 0.0703506469726563 0.236419677734375 0.153610229492187
0.111343383789063 0.032745361328125 0.2947998046875 0.05303955078125
0.0885238647460938 0.0444259643554687 0.269760131835938 -0.003204345703125
0.0885391235351563 0.061431884765625 0.242782592773438 0.01666259765625
0.0370559692382813 0.099884033203125 0.194107055664063 0.0781707763671875
-0.0440902709960938 0.0905685424804688 0.129669189453125 0.0703659057617188
-0.0987777709960938 0.0252914428710937 0.0961761474609375 0.0484237670898438
-0.078948974609375 -0.0942611694335938 0.1650390625 0.0537872314453125
0.0186004638671875 -0.157302856445313 0.3165283203125 0.11090087890625
0.105926513671875 -0.123367309570313 0.35064697265625 0.369384765625
-0.142257690429688 -0.243881225585938 0.132217407226563 -0.0418624877929688
-0.270309448242188 -0.136688232421875 0.0228118896484375 -0.074066162109375
-0.2596435546875 0.070770263671875 -0.094024658203125 0.00666046142578126
-0.115005493164062 0.217758178710938 -0.0483856201171875 0.140373229980469
0.02838134765625 0.213134765625 0.0486297607421875 0.158782958984375
0.166976928710938 0.151092529296875 0.186264038085937 0.12384033203125
0.201614379882813 0.0777587890625 0.23321533203125 0.045166015625
0.17254638671875 0.0856170654296875 0.207595825195312 -0.00991821289062499
0.181915283203125 0.110107421875 0.188446044921875 -0.00364685058593749
0.110321044921875 0.172271728515625 0.158981323242188 0.0394134521484375
-0.0226593017578125 0.184829711914062 0.115257263183594 0.02008056640625
-0.124191284179688 0.118843078613281 0.10888671875 0.00437927246093751
-0.17449951171875 -0.0485687255859375 0.202667236328125 0.0164794921875
-0.122390747070312 -0.165084838867188 0.347900390625 0.088623046875
-0.0395355224609375 -0.176681518554688 0.3826904296875 0.33953857421875
-0.264968872070313 -0.279953002929687 0.0869903564453125 -0.110733032226563
-0.371978759765625 -0.1324462890625 -0.016571044921875 -0.10260009765625
-0.337646484375 0.09600830078125 -0.09637451171875 -0.0131607055664063
-0.161712646484375 0.279129028320313 -0.04888916015625 0.0948944091796875
0.024993896484375 0.283599853515625 0.0132064819335938 0.0979843139648438
0.213470458984375 0.21136474609375 0.115913391113281 0.0798263549804688
0.263336181640625 0.111114501953125 0.1407470703125 0.0307769775390625
0.23297119140625 0.11444091796875 0.115119934082031 -0.0159683227539062
0.252365112304688 0.142379760742188 0.101737976074219 -0.0248260498046875
0.173858642578125 0.2216796875 0.0980072021484375 -0.00844573974609374
0.00730895996093751 0.262802124023438 0.0826034545898438 -0.0408401489257812
-0.136138916015625 0.212020874023438 0.115188598632813 -0.0510025024414062
-0.26422119140625 0.0133209228515625 0.232528686523438 -0.025665283203125
-0.264801025390625 -0.15185546875 0.349395751953125 0.066375732421875
-0.188247680664062 -0.209762573242188 0.371337890625 0.28570556640625
-0.348968505859375 -0.26458740234375 0.0139312744140625 -0.186065673828125
-0.424041748046875 -0.0950012207031251 -0.0726776123046875 -0.127616882324219
-0.364288330078125 0.1253662109375 -0.0991439819335938 -0.0263442993164062
-0.1748046875 0.308929443359375 -0.0461235046386719 0.0412635803222656
0.025299072265625 0.313690185546875 -0.0251426696777344 0.0267219543457031
0.23260498046875 0.237197875976562 0.0295486450195313 0.0261878967285156
0.285736083984375 0.126220703125 0.0285720825195313 0.0121688842773438
0.257888793945313 0.12628173828125 0.00434112548828127 -0.0185718536376953
0.28448486328125 0.153594970703125 -0.00296020507812498 -0.0424118041992187
0.212997436523438 0.242660522460938 0.0149459838867188 -0.058197021484375
0.03582763671875 0.30816650390625 0.0311355590820313 -0.105743408203125
-0.131988525390625 0.28228759765625 0.103767395019531 -0.110511779785156
-0.3272705078125 0.0754699707031249 0.237655639648437 -0.0694427490234375
-0.377044677734375 -0.12115478515625 0.305145263671875 0.041107177734375
-0.307830810546875 -0.214874267578125 0.30963134765625 0.210693359375
-0.3870849609375 -0.204986572265625 -0.0729827880859376 -0.254226684570313
-0.415863037109375 -0.03082275390625 -0.131210327148438 -0.144912719726563
-0.3299560546875 0.15362548828125 -0.09857177734375 -0.0373001098632813
-0.148681640625 0.299774169921875 -0.0451774597167969 -0.0163688659667969
0.032562255859375 0.29364013671875 -0.062408447265625 -0.0443954467773437
0.218841552734375 0.222915649414063 -0.0589942932128906 -0.02783203125
0.265853881835938 0.121688842773438 -0.0834197998046875 -0.00733184814453124
0.244171142578125 0.119796752929688 -0.106590270996094 -0.0185089111328125
0.27252197265625 0.14532470703125 -0.112236022949219 -0.053375244140625
0.211929321289063 0.227554321289063 -0.0792160034179687 -0.102973937988281
0.0482177734375 0.303466796875 -0.0329437255859375 -0.162841796875
-0.113555908203125 0.2978515625 0.0750579833984375 -0.163192749023437
-0.334136962890625 0.11077880859375 0.209014892578125 -0.103378295898438
-0.416473388671875 -0.081085205078125 0.218399047851563 0.019195556640625
-0.366912841796875 -0.18963623046875 0.205657958984375 0.123214721679687
-0.37310791015625 -0.11480712890625 -0.162750244140625 -0.30352783203125
-0.351654052734375 0.040771484375 -0.182540893554687 -0.149185180664063
-0.2425537109375 0.164932250976562 -0.0968780517578125 -0.0429916381835937
-0.088897705078125 0.245513916015625 -0.0482368469238282 -0.0672721862792969
0.04193115234375 0.224685668945313 -0.0965805053710938 -0.0993499755859375
0.1773681640625 0.16790771484375 -0.136756896972656 -0.0698623657226563
0.2059326171875 0.0955657958984375 -0.179107666015625 -0.022216796875
0.194915771484375 0.095428466796875 -0.1993408203125 -0.0161895751953125
0.216659545898437 0.11865234375 -0.206100463867188 -0.0613555908203125
0.16448974609375 0.179946899414063 -0.162155151367188 -0.13934326171875
0.0375518798828125 0.240066528320312 -0.0879974365234375 -0.202178955078125
-0.084442138671875 0.24200439453125 0.0443115234375 -0.193618774414062
-0.271942138671875 0.102890014648438 0.162582397460937 -0.115676879882813
-0.363555908203125 -0.040740966796875 0.113777160644531 0.006866455078125
-0.349212646484375 -0.131439208984375 0.0880661010742187 0.0397720336914063
-0.311431884765625 -0.010498046875 -0.244598388671875 -0.32708740234375
-0.246963500976563 0.102981567382812 -0.223281860351563 -0.142623901367188
-0.124221801757812 0.158172607421875 -0.099029541015625 -0.0391998291015625
-0.01373291015625 0.161148071289063 -0.0547409057617187 -0.0948944091796875
0.051055908203125 0.123779296875 -0.117095947265625 -0.125106811523438
0.114028930664063 0.085174560546875 -0.190780639648437 -0.0912017822265625
0.116737365722656 0.0535125732421875 -0.243560791015625 -0.02825927734375
0.115493774414063 0.0570220947265625 -0.262313842773438 -0.011749267578125
0.125259399414063 0.0765762329101563 -0.267074584960938 -0.0652923583984375
0.0827865600585938 0.105201721191406 -0.216018676757812 -0.164291381835938
0.0100173950195312 0.132133483886719 -0.116409301757812 -0.219467163085938
-0.0485382080078125 0.131767272949219 0.0255889892578125 -0.200637817382812
-0.153427124023438 0.0612945556640625 0.115310668945313 -0.104629516601563
-0.233551025390625 0.00138854980468754 0.0223350524902344 0.00536155700683594
-0.265762329101563 -0.0481109619140625 -0.0152931213378906 -0.0248813629150391
-0.211639404296875 0.084716796875 -0.313140869140625 -0.328094482421875
-0.123291015625 0.140365600585938 -0.259384155273438 -0.130447387695313
-0.00783538818359376 0.135429382324219 -0.109214782714844 -0.024322509765625
0.0573081970214844 0.0675315856933594 -0.0672836303710937 -0.0944061279296875
0.0542526245117188 0.0146713256835938 -0.12335205078125 -0.116493225097656
0.03887939453125 -0.00571060180664063 -0.212356567382812 -0.08782958984375
0.0130462646484375 0.00395679473876953 -0.26959228515625 -0.0260009765625
0.0199832916259766 0.0106048583984375 -0.2864990234375 -0.00671386718750002
0.0159492492675781 0.0240345001220703 -0.28802490234375 -0.0678710937499999
-0.0106658935546875 0.0148849487304687 -0.2310791015625 -0.175567626953125
-0.0194797515869141 0.00531387329101563 -0.114273071289063 -0.216964721679687
-0.00328826904296875 0.00347042083740234 0.024749755859375 -0.18707275390625
-0.0115032196044922 0.0134077072143555 0.08367919921875 -0.0791473388671875
-0.0649223327636719 0.0480270385742188 -0.0330791473388672 0.0134639739990234
-0.139015197753906 0.0508270263671875 -0.0857696533203125 -0.0599365234375
-0.0104217529296875 -0.164642333984375 0.146804809570313 0.0255584716796875
-0.137100219726563 -0.105796813964844 0.0439071655273437 -0.0417518615722656
-0.143096923828125 0.0503692626953125 -0.093231201171875 0.0340728759765625
-0.0411834716796875 0.133132934570312 -0.042510986328125 0.181900024414063
0.0373992919921875 0.11163330078125 0.0865631103515625 0.210113525390625
0.1026611328125 0.0595321655273438 0.242294311523438 0.157058715820313
0.114334106445312 0.0232696533203125 0.303558349609375 0.056671142578125
0.0918045043945313 0.0348739624023438 0.277496337890625 0.0012359619140625
0.092803955078125 0.0509262084960938 0.249847412109375 0.0226287841796875
0.0452499389648437 0.0941848754882813 0.198089599609375 0.086700439453125
-0.0344085693359375 0.0927810668945313 0.128555297851563 0.0749053955078125
-0.09423828125 0.03192138671875 0.0940628051757812 0.0481109619140625
-0.08380126953125 -0.0850143432617188 0.172119140625 0.050384521484375
0.00781250000000001 -0.152084350585938 0.329132080078125 0.11407470703125
0.0953369140625 -0.124435424804688 0.35882568359375 0.3876953125
-0.156509399414062 -0.247100830078125 0.131675720214844 -0.020111083984375
-0.278793334960938 -0.12945556640625 0.0261878967285156 -0.061492919921875
-0.261489868164063 0.07672119140625 -0.0932846069335938 0.0109710693359375
-0.109451293945312 0.221511840820312 -0.0482635498046875 0.14495849609375
0.0346832275390625 0.214202880859375 0.0501251220703125 0.16571044921875
0.1729736328125 0.144866943359375 0.190383911132813 0.130126953125
0.207733154296875 0.0720977783203125 0.242401123046875 0.05194091796875
0.17913818359375 0.08013916015625 0.215927124023438 -0.0025787353515625
0.190048217773438 0.104827880859375 0.193405151367187 0.00436401367187501
0.119827270507813 0.17181396484375 0.161056518554687 0.050445556640625
-0.01531982421875 0.192718505859375 0.111061096191406 0.0256576538085938
-0.125946044921875 0.128463745117188 0.104774475097656 0.00308227539062501
-0.187606811523438 -0.042510986328125 0.20745849609375 0.0122222900390625
-0.139205932617188 -0.166183471679687 0.35675048828125 0.090667724609375
-0.0528106689453125 -0.185653686523438 0.387786865234375 0.354766845703125
-0.27874755859375 -0.290496826171875 0.083404541015625 -0.0909881591796875
-0.384521484375 -0.131134033203125 -0.0151290893554688 -0.08837890625
-0.3460693359375 0.100433349609375 -0.0964431762695313 -0.00601196289062499
-0.160888671875 0.28546142578125 -0.0489425659179688 0.0999221801757813
0.028961181640625 0.2899169921875 0.0128021240234375 0.105972290039063
0.219284057617188 0.210556030273438 0.118148803710938 0.0867919921875
0.27239990234375 0.110748291015625 0.148773193359375 0.0390167236328125
0.242218017578125 0.113983154296875 0.122138977050781 -0.00563812255859374
0.261627197265625 0.141860961914063 0.105628967285156 -0.0145492553710937
0.1832275390625 0.226226806640625 0.0969390869140625 0.00307464599609376
0.011871337890625 0.27490234375 0.0765762329101563 -0.03668212890625
-0.142105102539062 0.223236083984375 0.108627319335937 -0.05291748046875
-0.282440185546875 0.01593017578125 0.234619140625 -0.03082275390625
-0.285400390625 -0.159454345703125 0.354644775390625 0.06695556640625
-0.202239990234375 -0.226226806640625 0.373046875 0.29644775390625
-0.364410400390625 -0.2816162109375 0.00718688964843748 -0.171188354492188
-0.43817138671875 -0.10009765625 -0.0746002197265625 -0.114646911621094
-0.378875732421875 0.128631591796875 -0.100006103515625 -0.0190811157226562
-0.17999267578125 0.317901611328125 -0.0469474792480469 0.0475807189941406
0.026885986328125 0.324615478515625 -0.0266304016113281 0.0342903137207031
0.237808227539063 0.242752075195313 0.0310401916503906 0.0327167510986328
0.296112060546875 0.1309814453125 0.035064697265625 0.0216655731201172
0.267837524414062 0.13018798828125 0.00936412811279298 -0.00753116607666015
0.2955322265625 0.158355712890625 -0.00282096862792967 -0.0309085845947266
0.220962524414063 0.250869750976563 0.0111656188964844 -0.0478515625
0.035675048828125 0.322540283203125 0.0236434936523438 -0.102088928222656
-0.1419677734375 0.293243408203125 0.0958480834960937 -0.11334228515625
-0.347564697265625 0.0749206542968749 0.235824584960937 -0.0749359130859375
-0.395965576171875 -0.13165283203125 0.306304931640625 0.039703369140625
-0.319580078125 -0.2352294921875 0.30792236328125 0.215850830078125
-0.3985595703125 -0.22515869140625 -0.0825042724609375 -0.246856689453125
-0.432647705078125 -0.041259765625 -0.138397216796875 -0.133682250976563
-0.349639892578125 0.15118408203125 -0.101249694824219 -0.0279006958007812
-0.159210205078125 0.30841064453125 -0.0462684631347656 -0.0101699829101562
0.029754638671875 0.307891845703125 -0.0654716491699219 -0.0384712219238281
0.22344970703125 0.233291625976562 -0.0599250793457031 -0.0223274230957031
0.2762451171875 0.129608154296875 -0.08062744140625 0.00165557861328127
0.253814697265625 0.12762451171875 -0.104217529296875 -0.00897979736328124
0.2825927734375 0.154815673828125 -0.114250183105469 -0.0443344116210937
0.216094970703125 0.239944458007812 -0.084136962890625 -0.0949783325195312
0.04498291015625 0.317779541015625 -0.04119873046875 -0.16070556640625
-0.1253662109375 0.307220458984375 0.0681915283203125 -0.165023803710938
-0.353912353515625 0.1072998046875 0.204757690429687 -0.108062744140625
-0.434051513671875 -0.093414306640625 0.21502685546875 0.016937255859375
-0.375885009765625 -0.210906982421875 0.201553344726562 0.121063232421875
-0.380401611328125 -0.133270263671875 -0.175567626953125 -0.30377197265625
-0.3660888671875 0.0267333984375 -0.1937255859375 -0.142562866210938
-0.259994506835938 0.160903930664063 -0.101364135742188 -0.034423828125
-0.102859497070312 0.252349853515625 -0.04925537109375 -0.0622406005859375
0.0357666015625 0.239364624023438 -0.100044250488281 -0.09637451171875
0.1796875 0.181716918945313 -0.140144348144531 -0.0659484863281249
0.214767456054688 0.107711791992188 -0.179641723632813 -0.0162200927734375
0.202163696289063 0.10540771484375 -0.200088500976563 -0.0093536376953125
0.224517822265625 0.130889892578125 -0.2093505859375 -0.0550537109375
0.166976928710938 0.194564819335938 -0.168746948242188 -0.134063720703125
0.03094482421875 0.253433227539063 -0.0952911376953125 -0.202041625976562
-0.0982208251953125 0.248550415039063 0.037353515625 -0.196502685546875
-0.2879638671875 0.095367431640625 0.156265258789062 -0.118911743164063
-0.37567138671875 -0.0552062988281249 0.107147216796875 0.00293731689453125
-0.35382080078125 -0.153106689453125 0.0823440551757812 0.0311279296875
-0.312347412109375 -0.027191162109375 -0.257965087890625 -0.336334228515625
-0.253372192382813 0.0887908935546875 -0.23736572265625 -0.14129638671875
-0.13702392578125 0.150527954101563 -0.103202819824219 -0.0321121215820312
-0.0273590087890625 0.163803100585938 -0.0564422607421875 -0.0914459228515625
0.0425491333007812 0.134254455566406 -0.1195068359375 -0.124710083007812
0.112396240234375 0.0991134643554688 -0.194717407226563 -0.0911865234375
0.12249755859375 0.065277099609375 -0.24810791015625 -0.0265960693359375
0.120712280273438 0.0680007934570313 -0.265945434570312 -0.00872802734375
0.1304931640625 0.0903167724609375 -0.273941040039063 -0.063079833984375
0.0815887451171875 0.119491577148438 -0.22381591796875 -0.163040161132812
0.000869750976562508 0.143234252929687 -0.122634887695312 -0.221237182617188
-0.0620498657226563 0.1343994140625 0.02056884765625 -0.203842163085937
-0.165939331054688 0.050750732421875 0.110107421875 -0.107658386230469
-0.2384033203125 -0.0150299072265625 0.014643669128418 0.000741958618164062
-0.263381958007812 -0.06683349609375 -0.0209197998046875 -0.0410919189453125
-0.206527709960938 0.0758819580078125 -0.326202392578125 -0.343841552734375
-0.121978759765625 0.128257751464844 -0.274276733398438 -0.132293701171875
-0.0112075805664063 0.1270751953125 -0.114028930664063 -0.0182876586914062
0.0469818115234375 0.0646324157714844 -0.0681228637695312 -0.0921783447265625
0.0450019836425781 0.0193824768066406 -0.1241455078125 -0.118942260742187
0.0341949462890625 0.00565910339355469 -0.216354370117188 -0.09075927734375
0.0145120620727539 0.0155010223388672 -0.275970458984375 -0.02752685546875
0.0212230682373047 0.0196647644042969 -0.291961669921875 -0.00756835937500003
0.0181198120117188 0.0369644165039063 -0.296417236328125 -0.0692749023437501
-0.0143928527832031 0.0278568267822266 -0.239471435546875 -0.1788330078125
-0.0297183990478516 0.0136890411376953 -0.118865966796875 -0.220870971679688
-0.0155878067016602 0.00314235687255859 0.021881103515625 -0.191574096679688
-0.0189285278320313 0.00262641906738282 0.080078125 -0.0815277099609375
-0.0642623901367188 0.0331535339355469 -0.0398406982421875 0.00638961791992189
-0.132301330566406 0.0364532470703125 -0.0907974243164063 -0.0816879272460938
-0.0217437744140625 -0.161163330078125 0.15618896484375 0.0453948974609375
-0.144821166992188 -0.0937042236328125 0.0515708923339844 -0.0326347351074219
-0.139030456542969 0.0610122680664062 -0.0915908813476563 0.0394287109375
-0.03070068359375 0.136024475097656 -0.0389862060546875 0.188201904296875
0.0466766357421875 0.109268188476562 0.0956573486328125 0.217926025390625
0.107765197753906 0.0488204956054688 0.256683349609375 0.159149169921875
0.11834716796875 0.01220703125 0.320037841796875 0.054718017578125
0.09600830078125 0.0259857177734375 0.29180908203125 0.000213623046875002
0.0982818603515625 0.0408401489257813 0.264373779296875 0.02294921875
0.0550384521484375 0.0889816284179687 0.210159301757813 0.0927276611328125
-0.0243301391601563 0.0954437255859375 0.132766723632813 0.0795135498046875
-0.0912399291992188 0.0396347045898437 0.0949172973632812 0.0480728149414062
-0.0905227661132813 -0.076507568359375 0.182754516601563 0.044036865234375
-0.0039215087890625 -0.15020751953125 0.35028076171875 0.111846923828125
0.085205078125 -0.127891540527344 0.383758544921875 0.4051513671875
-0.176376342773437 -0.249313354492188 0.137008666992188 -0.000152587890625015
-0.294097900390625 -0.1201171875 0.0319747924804687 -0.0510063171386719
-0.266342163085938 0.0896759033203125 -0.0922012329101563 0.0169830322265625
-0.101806640625 0.230148315429687 -0.045654296875 0.1514892578125
0.045318603515625 0.21868896484375 0.0554656982421875 0.17510986328125
0.182861328125 0.139389038085938 0.201751708984375 0.13531494140625
0.218719482421875 0.0640869140625 0.258865356445313 0.0535888671875
0.190185546875 0.0738983154296875 0.230072021484375 0.000106811523437505
0.2025146484375 0.09759521484375 0.205245971679688 0.00938415527343751
0.1346435546875 0.17156982421875 0.169769287109375 0.0588226318359375
-0.00425720214843751 0.203170776367188 0.111587524414063 0.029876708984375
-0.126449584960937 0.142471313476563 0.102775573730469 0.00191497802734376
-0.203536987304687 -0.033233642578125 0.216018676757813 0.0042724609375
-0.161026000976563 -0.167938232421875 0.375244140625 0.088043212890625
-0.0708160400390625 -0.196395874023437 0.410125732421875 0.37249755859375
-0.305145263671875 -0.29925537109375 0.0839004516601562 -0.075439453125
-0.406829833984375 -0.125396728515625 -0.0140228271484375 -0.0777359008789063
-0.360198974609375 0.1134033203125 -0.0973968505859375 0.00170135498046878
-0.160430908203125 0.29949951171875 -0.047943115234375 0.108360290527344
0.039520263671875 0.302032470703125 0.0159225463867188 0.115562438964844
0.233154296875 0.211532592773438 0.125518798828125 0.0935211181640625
0.287933349609375 0.106109619140625 0.1614990234375 0.0445709228515625
0.25787353515625 0.110733032226563 0.132965087890625 0.000221252441406257
0.279464721679688 0.139007568359375 0.112983703613281 -0.00724029541015624
0.201080322265625 0.231781005859375 0.101310729980469 0.0125503540039063
0.021697998046875 0.29107666015625 0.073394775390625 -0.03363037109375
-0.145965576171875 0.242446899414063 0.104148864746094 -0.0567779541015625
-0.30535888671875 0.0254516601562499 0.239959716796875 -0.04022216796875
-0.31414794921875 -0.16278076171875 0.367218017578125 0.062713623046875
-0.22509765625 -0.241836547851563 0.388916015625 0.308258056640625
-0.392547607421875 -0.295867919921875 0.00128173828124997 -0.160568237304688
-0.464141845703125 -0.097686767578125 -0.0779876708984375 -0.104179382324219
-0.399566650390625 0.140716552734375 -0.102218627929688 -0.00927734375
-0.184539794921875 0.336395263671875 -0.0467491149902344 0.0547523498535156
0.034637451171875 0.341888427734375 -0.0270729064941406 0.0432472229003907
0.253433227539063 0.24908447265625 0.0331573486328125 0.0407638549804688
0.3165283203125 0.130828857421875 0.0439033508300782 0.0293769836425781
0.2861328125 0.131622314453125 0.0166215896606446 0.000701904296875008
0.315185546875 0.159942626953125 -0.00119972229003904 -0.0226230621337891
0.238800048828125 0.260482788085938 0.010589599609375 -0.0380821228027344
0.04388427734375 0.342315673828125 0.0157012939453125 -0.100784301757812
-0.148345947265625 0.314361572265625 0.0889358520507812 -0.118415832519531
-0.3729248046875 0.0837402343749999 0.237380981445312 -0.0850067138671875
-0.427734375 -0.1357421875 0.31494140625 0.034454345703125
-0.345123291015625 -0.252655029296875 0.316314697265625 0.220458984375
-0.423797607421875 -0.240936279296875 -0.0959320068359375 -0.242660522460938
-0.459716796875 -0.04302978515625 -0.1475830078125 -0.124282836914062
-0.373382568359375 0.161834716796875 -0.105186462402344 -0.0182418823242188
-0.167205810546875 0.3289794921875 -0.0473594665527344 -0.00355148315429685
0.035797119140625 0.32763671875 -0.0695304870605469 -0.0321502685546875
0.238204956054687 0.244873046875 -0.0630416870117187 -0.0159454345703125
0.29595947265625 0.134063720703125 -0.0780181884765625 0.00997161865234376
0.272628784179688 0.13201904296875 -0.102325439453125 0.00123596191406252
0.302703857421875 0.161041259765625 -0.118080139160156 -0.0351943969726562
0.232223510742188 0.2528076171875 -0.0904693603515625 -0.0870361328125
0.05059814453125 0.338348388671875 -0.0518341064453125 -0.1612548828125
-0.133880615234375 0.32708740234375 0.0586700439453125 -0.171401977539062
-0.37908935546875 0.113189697265625 0.203170776367187 -0.116531372070313
-0.46234130859375 -0.1004638671875 0.21661376953125 0.01251220703125
-0.398406982421875 -0.229766845703125 0.202362060546875 0.11962890625
-0.400909423828125 -0.14910888671875 -0.194793701171875 -0.307220458984375
-0.387115478515625 0.02099609375 -0.209304809570313 -0.135818481445312
-0.282257080078125 0.166290283203125 -0.106590270996094 -0.0249557495117187
-0.113967895507813 0.269134521484375 -0.0519180297851563 -0.0578231811523437
0.0374755859375 0.258514404296875 -0.106071472167969 -0.0931777954101563
0.190933227539063 0.195938110351563 -0.147842407226563 -0.0621337890625
0.23260498046875 0.115692138671875 -0.18414306640625 -0.00794982910156248
0.218338012695312 0.113067626953125 -0.203903198242188 -0.000228881835937521
0.24176025390625 0.140243530273438 -0.219085693359375 -0.0467376708984375
0.177764892578125 0.20892333984375 -0.180389404296875 -0.128646850585938
0.031005859375 0.2725830078125 -0.108062744140625 -0.204452514648437
-0.108657836914062 0.263336181640625 0.0285491943359375 -0.203018188476562
-0.310333251953125 0.097137451171875 0.152175903320312 -0.1260986328125
-0.3988037109375 -0.0636596679687501 0.103126525878906 -0.000556945800781254
-0.370758056640625 -0.17095947265625 0.07781982421875 0.0220184326171875
-0.322998046875 -0.038177490234375 -0.281707763671875 -0.3475341796875
-0.266464233398438 0.0817413330078125 -0.257888793945312 -0.137939453125
-0.152130126953125 0.150527954101563 -0.109428405761719 -0.0238571166992187
-0.037872314453125 0.172103881835938 -0.0599517822265625 -0.0898971557617187
0.0396881103515625 0.148193359375 -0.127418518066406 -0.125900268554688
0.117454528808594 0.113731384277344 -0.205215454101563 -0.0896759033203125
0.134605407714844 0.0764617919921875 -0.258102416992188 -0.0208587646484375
0.131149291992188 0.0764999389648438 -0.275436401367188 -0.00143432617187505
0.142669677734375 0.101089477539062 -0.287078857421875 -0.05706787109375
0.0869598388671875 0.134811401367188 -0.23760986328125 -0.160263061523438
-0.00473022460937501 0.15936279296875 -0.135208129882813 -0.226333618164063
-0.0734100341796875 0.142471313476562 0.0125274658203125 -0.211166381835938
-0.1824951171875 0.0464324951171875 0.105598449707031 -0.113395690917969
-0.25177001953125 -0.0262908935546875 0.00831985473632811 -0.003448486328125
-0.27215576171875 -0.08233642578125 -0.0301856994628906 -0.05511474609375
-0.205810546875 0.0715179443359375 -0.35113525390625 -0.358917236328125
-0.123527526855469 0.122390747070313 -0.296630859375 -0.132415771484375
-0.0158157348632813 0.121536254882813 -0.120101928710938 -0.0113449096679688
0.0389404296875 0.0638198852539063 -0.0703582763671875 -0.0912246704101563
0.0393447875976563 0.025238037109375 -0.1302490234375 -0.122390747070312
0.0318527221679688 0.0161685943603516 -0.2269287109375 -0.091217041015625
0.0183086395263672 0.0256614685058594 -0.2890625 -0.025390625
0.0256385803222656 0.0287494659423828 -0.30523681640625 -0.002838134765625
0.0236854553222656 0.048065185546875 -0.312469482421875 -0.065826416015625
-0.0148506164550781 0.0417289733886719 -0.255172729492188 -0.180618286132812
-0.0384407043457031 0.0241889953613281 -0.12982177734375 -0.22796630859375
-0.0268917083740234 0.00546836853027343 0.01513671875 -0.19927978515625
-0.0284748077392578 -0.00639915466308593 0.0764312744140625 -0.0858993530273438
-0.0674819946289063 0.0216331481933594 -0.0479354858398438 0.001312255859375
-0.131072998046875 0.025390625 -0.100944519042969 -0.100624084472656
-0.0359649658203125 -0.15606689453125 0.170806884765625 0.0598907470703125
-0.152755737304688 -0.0780487060546875 0.0589752197265625 -0.0266304016113281
-0.132820129394531 0.0753326416015625 -0.0884780883789063 0.0456695556640625
-0.01617431640625 0.138259887695312 -0.0303955078125 0.196136474609375
0.0583877563476563 0.104171752929688 0.110794067382813 0.221969604492188
0.112289428710938 0.0355377197265625 0.276031494140625 0.153350830078125
0.120887756347656 -0.00211334228515625 0.33935546875 0.04168701171875
0.0992202758789063 0.0136337280273438 0.30670166015625 -0.0120849609375
0.102958679199219 0.0280914306640625 0.279937744140625 0.0156402587890625
0.0655975341796875 0.0815200805664063 0.227386474609375 0.091094970703125
-0.0121078491210937 0.0968856811523438 0.140960693359375 0.08038330078125
-0.0861892700195313 0.0489730834960938 0.0977096557617188 0.04541015625
-0.096923828125 -0.0648727416992188 0.193954467773438 0.0316162109375
-0.0184326171875 -0.146255493164063 0.374725341796875 0.09930419921875
0.0726699829101563 -0.132774353027344 0.4219970703125 0.411285400390625
-0.20147705078125 -0.245742797851563 0.146820068359375 0.01373291015625
-0.31158447265625 -0.101654052734375 0.0377197265625 -0.043792724609375
-0.268341064453125 0.109222412109375 -0.0908432006835938 0.0251846313476562
-0.089447021484375 0.2408447265625 -0.039276123046875 0.160308837890625
0.0610809326171875 0.220565795898438 0.0673065185546875 0.182144165039062
0.195419311523438 0.1287841796875 0.217742919921875 0.134536743164063
0.230575561523438 0.049652099609375 0.276748657226563 0.0464019775390625
0.202072143554688 0.060943603515625 0.244888305664062 -0.0064544677734375
0.217697143554688 0.08428955078125 0.218399047851563 0.00613403320312501
0.154251098632813 0.16754150390625 0.183258056640625 0.0608367919921875
0.0118865966796875 0.212600708007813 0.11492919921875 0.0307540893554688
-0.122650146484375 0.160476684570313 0.102005004882812 -0.00151062011718749
-0.21881103515625 -0.0169677734375 0.224395751953125 -0.009979248046875
-0.18707275390625 -0.162246704101563 0.396331787109375 0.073638916015625
-0.09454345703125 -0.2039794921875 0.442779541015625 0.377410888671875
-0.339263916015625 -0.2974853515625 0.0854873657226562 -0.0615463256835938
-0.431488037109375 -0.105926513671875 -0.0117340087890625 -0.0680694580078125
-0.370880126953125 0.137603759765625 -0.0965957641601563 0.0113449096679688
-0.14947509765625 0.318023681640625 -0.0433502197265625 0.117057800292969
0.0579833984375 0.3118896484375 0.0232086181640625 0.12469482421875
0.252243041992188 0.205718994140625 0.137619018554688 0.0968399047851563
0.307952880859375 0.09130859375 0.177474975585938 0.0420684814453125
0.276382446289063 0.0986480712890625 0.146514892578125 -0.000518798828124994
0.301422119140625 0.12738037109375 0.121223449707031 -0.00450134277343749
0.225860595703125 0.230056762695313 0.10906982421875 0.0177001953125
0.041534423828125 0.306854248046875 0.0698699951171875 -0.0327987670898437
-0.14111328125 0.266372680664063 0.099029541015625 -0.0618667602539062
-0.32611083984375 0.04656982421875 0.243743896484375 -0.05633544921875
-0.3477783203125 -0.154022216796875 0.384918212890625 0.04742431640625
-0.257675170898438 -0.248336791992188 0.415985107421875 0.308197021484375
-0.429107666015625 -0.2960205078125 -0.00596618652343752 -0.149627685546875
-0.49542236328125 -0.078521728515625 -0.0817184448242188 -0.0921630859375
-0.416046142578125 0.1663818359375 -0.102714538574219 0.00189971923828125
-0.1788330078125 0.361663818359375 -0.0445365905761719 0.0633392333984375
0.054962158203125 0.358306884765625 -0.02496337890625 0.0521583557128906
0.277084350585938 0.248703002929688 0.0385589599609375 0.0477104187011719
0.340667724609375 0.119964599609375 0.0544509887695313 0.0328941345214844
0.30938720703125 0.1224365234375 0.0254783630371094 0.00619888305664063
0.342376708984375 0.15118408203125 0.00117301940917971 -0.0146322250366211
0.265121459960938 0.261642456054688 0.0106925964355469 -0.0310249328613281
0.0640869140625 0.361572265625 0.00659942626953127 -0.0996856689453125
-0.14288330078125 0.34130859375 0.0794601440429687 -0.125251770019531
-0.396331787109375 0.107025146484375 0.236618041992187 -0.1015625
-0.46514892578125 -0.125 0.32415771484375 0.021209716796875
-0.38043212890625 -0.259674072265625 0.33355712890625 0.21783447265625
-0.461151123046875 -0.242767333984375 -0.114181518554688 -0.235687255859375
-0.488677978515625 -0.0302734375 -0.158126831054688 -0.111541748046875
-0.392852783203125 0.18682861328125 -0.107406616210938 -0.00636291503906249
-0.165252685546875 0.354522705078125 -0.0482711791992188 0.00341033935546877
0.05364990234375 0.3475341796875 -0.0729598999023438 -0.0235061645507812
0.261703491210938 0.248855590820313 -0.0654945373535156 -0.00708007812499997
0.321441650390625 0.1278076171875 -0.0742950439453125 0.0187606811523437
0.296356201171875 0.126953125 -0.0992813110351562 0.0121002197265625
0.3289794921875 0.1556396484375 -0.122528076171875 -0.0227737426757812
0.257278442382813 0.257171630859375 -0.0974578857421875 -0.07659912109375
0.067535400390625 0.358856201171875 -0.0666961669921875 -0.15966796875
-0.130401611328125 0.35211181640625 0.0462646484375 -0.17822265625
-0.40167236328125 0.134490966796875 0.198623657226562 -0.130767822265625
-0.497314453125 -0.0912475585937501 0.218658447265625 0.00302124023437499
-0.429962158203125 -0.234344482421875 0.207839965820312 0.113327026367187
-0.4287109375 -0.15216064453125 -0.222747802734375 -0.3043212890625
-0.4114990234375 0.0305175781249999 -0.227203369140625 -0.122711181640625
-0.301544189453125 0.1834716796875 -0.110214233398438 -0.0139617919921875
-0.116455078125 0.291717529296875 -0.0561904907226563 -0.0526580810546875
0.0499725341796875 0.27789306640625 -0.11553955078125 -0.0873031616210938
0.210617065429688 0.205245971679688 -0.1566162109375 -0.052734375
0.254959106445313 0.114166259765625 -0.187942504882812 0.00379943847656251
0.23876953125 0.112289428710938 -0.20745849609375 0.0140533447265625
0.265289306640625 0.140838623046875 -0.229400634765625 -0.031341552734375
0.19830322265625 0.217514038085938 -0.194137573242187 -0.117828369140625
0.04180908203125 0.2916259765625 -0.125595092773438 -0.202835083007812
-0.1102294921875 0.283966064453125 0.0142822265625 -0.20953369140625
-0.330413818359375 0.110595703125 0.145294189453125 -0.136795043945313
-0.42449951171875 -0.0585937499999999 0.0994949340820312 -0.00507354736328125
-0.396514892578125 -0.17657470703125 0.0728836059570312 0.0143966674804687
-0.337615966796875 -0.039459228515625 -0.317596435546875 -0.3487548828125
-0.27960205078125 0.085052490234375 -0.280868530273438 -0.1265869140625
-0.164321899414063 0.157608032226563 -0.114967346191406 -0.0130767822265625
-0.043182373046875 0.184555053710938 -0.0656204223632812 -0.086639404296875
0.044158935546875 0.162200927734375 -0.138496398925781 -0.122291564941406
0.129478454589844 0.124702453613281 -0.218185424804688 -0.08056640625
0.150665283203125 0.0805511474609375 -0.267578125 -0.00743103027343747
0.145919799804688 0.079833984375 -0.2843017578125 0.01434326171875
0.1597900390625 0.106857299804688 -0.302764892578125 -0.0409240722656251
0.099609375 0.146713256835938 -0.256851196289063 -0.150909423828125
-0.00239562988281248 0.176071166992188 -0.154190063476563 -0.225982666015625
-0.0798797607421875 0.156219482421875 -0.0015411376953125 -0.218124389648438
-0.19921875 0.0492095947265625 0.0985031127929687 -0.120262145996094
-0.268356323242188 -0.0283660888671874 0.000477313995361312 -0.00508260726928711
-0.285614013671875 -0.0900573730468749 -0.04266357421875 -0.0672035217285156
-0.204879760742188 0.072265625 -0.388946533203125 -0.364501953125
-0.124732971191406 0.120513916015625 -0.322235107421875 -0.12176513671875
-0.0184478759765625 0.11859130859375 -0.125251770019531 -0.000953674316406253
0.0323257446289062 0.0642318725585938 -0.0761947631835938 -0.0889129638671875
0.0363731384277344 0.0308036804199219 -0.141128540039063 -0.122100830078125
0.03314208984375 0.0268096923828125 -0.240859985351563 -0.08526611328125
0.0250339508056641 0.0349483489990234 -0.302886962890625 -0.013092041015625
0.0310897827148438 0.0354118347167969 -0.317474365234375 0.011383056640625
0.03167724609375 0.0570793151855469 -0.331268310546875 -0.052154541015625
-0.0120887756347656 0.0561790466308594 -0.27801513671875 -0.1739501953125
-0.0449943542480469 0.0369720458984375 -0.148788452148438 -0.231002807617188
-0.0374984741210938 0.0103302001953125 0.00413513183593751 -0.206985473632813
-0.0390281677246094 -0.0121841430664062 0.0696182250976563 -0.0917816162109375
-0.072021484375 0.0127334594726562 -0.0561714172363281 -0.000804901123046865
-0.131729125976563 0.0188369750976563 -0.117225646972656 -0.115921020507813
-0.0491943359375 -0.145523071289063 0.18634033203125 0.0673675537109375
-0.155410766601563 -0.0581207275390625 0.0664100646972656 -0.0230178833007813
-0.119873046875 0.0865859985351562 -0.0824050903320313 0.0517349243164062
0.000190734863281237 0.135520935058594 -0.017303466796875 0.198516845703125
0.068939208984375 0.094482421875 0.128433227539063 0.217147827148438
0.112457275390625 0.0206222534179688 0.2908935546875 0.135986328125
0.118217468261719 -0.0175399780273438 0.34991455078125 0.019866943359375
0.0989761352539062 -0.0002288818359375 0.3134765625 -0.031158447265625
0.103706359863281 0.0124588012695313 0.28900146484375 -0.000885009765624999
0.0743179321289063 0.0697174072265625 0.241607666015625 0.0796051025390625
0.00103759765625 0.0948028564453125 0.1480712890625 0.0754852294921875
-0.07794189453125 0.057464599609375 0.0998001098632813 0.0405044555664063
-0.100502014160156 -0.0508193969726563 0.1995849609375 0.0143585205078125
-0.0333786010742187 -0.137809753417969 0.389923095703125 0.07403564453125
0.0562210083007813 -0.134208679199219 0.458709716796875 0.3984375
-0.225494384765625 -0.230239868164062 0.156661987304688 0.02435302734375
-0.31982421875 -0.073974609375 0.0433578491210937 -0.037322998046875
-0.260284423828125 0.13031005859375 -0.0852127075195313 0.0331954956054688
-0.070159912109375 0.246475219726563 -0.0282135009765625 0.165451049804688
0.080078125 0.215591430664063 0.0816192626953125 0.182113647460938
0.204055786132813 0.112106323242188 0.2320556640625 0.124069213867188
0.236129760742188 0.027435302734375 0.28912353515625 0.02899169921875
0.208282470703125 0.0419464111328125 0.253814697265625 -0.0209197998046875
0.2266845703125 0.0634307861328125 0.227264404296875 -0.004150390625
0.17138671875 0.154098510742188 0.19500732421875 0.054534912109375
0.0332794189453125 0.214431762695313 0.117286682128906 0.0287704467773438
-0.110137939453125 0.176040649414063 0.0992507934570313 -0.00639343261718749
-0.226760864257813 0.00532531738281251 0.224990844726562 -0.028472900390625
-0.210556030273438 -0.146438598632813 0.407501220703125 0.0496826171875
-0.121307373046875 -0.20111083984375 0.47552490234375 0.360809326171875
-0.370208740234375 -0.2784423828125 0.0875167846679687 -0.049560546875
-0.446868896484375 -0.0736694335937499 -0.00856018066406253 -0.0589447021484375
-0.367828369140625 0.166412353515625 -0.0922698974609375 0.0214462280273437
-0.12939453125 0.331787109375 -0.0344161987304688 0.123992919921875
0.08319091796875 0.31072998046875 0.0340576171875 0.128616333007813
0.269607543945313 0.188827514648438 0.1480712890625 0.093414306640625
0.31964111328125 0.0677490234375 0.189895629882813 0.0336761474609375
0.2891845703125 0.0777587890625 0.155319213867188 -0.0067901611328125
0.31829833984375 0.1043701171875 0.127639770507813 -0.00634765624999999
0.249191284179688 0.216033935546875 0.116439819335938 0.018280029296875
0.068206787109375 0.31207275390625 0.066925048828125 -0.03155517578125
-0.126068115234375 0.28546142578125 0.0908889770507812 -0.0662155151367187
-0.335784912109375 0.0747985839843751 0.239822387695312 -0.0761566162109375
-0.37530517578125 -0.131744384765625 0.38995361328125 0.0234375
-0.289642333984375 -0.24090576171875 0.439453125 0.29144287109375
-0.4630126953125 -0.27618408203125 -0.0142059326171875 -0.135589599609375
-0.51263427734375 -0.0472412109375001 -0.0832061767578125 -0.078399658203125
-0.41815185546875 0.20013427734375 -0.0992965698242188 0.0133056640625
-0.15924072265625 0.38092041015625 -0.0390853881835938 0.0703201293945313
0.083099365234375 0.363006591796875 -0.01934814453125 0.0597648620605469
0.2994384765625 0.235321044921875 0.0446739196777344 0.0512123107910156
0.358184814453125 0.0963134765625 0.0648155212402344 0.032867431640625
0.325439453125 0.10137939453125 0.0340290069580078 0.00873756408691407
0.3626708984375 0.12884521484375 0.00471878051757815 -0.0069589614868164
0.292236328125 0.24908447265625 0.0125656127929688 -0.023895263671875
0.09271240234375 0.368621826171875 -0.00331878662109375 -0.095733642578125
-0.12591552734375 0.362579345703125 0.0659942626953125 -0.128555297851562
-0.406463623046875 0.138275146484375 0.227569580078125 -0.119384765625
-0.49249267578125 -0.098663330078125 0.3240966796875 0.00131225585937499
-0.413055419921875 -0.248199462890625 0.34552001953125 0.202850341796875
-0.490264892578125 -0.225555419921875 -0.132568359375 -0.220001220703125
-0.506927490234375 0.00085449218749994 -0.165023803710938 -0.093170166015625
-0.3995361328125 0.217926025390625 -0.105697631835938 0.00661468505859375
-0.150421142578125 0.377899169921875 -0.0468635559082031 0.00996780395507814
0.079864501953125 0.356353759765625 -0.0738677978515625 -0.014129638671875
0.287811279296875 0.240478515625 -0.0649299621582031 0.00315093994140626
0.3419189453125 0.1087646484375 -0.0674171447753906 0.0269088745117188
0.314117431640625 0.1097412109375 -0.0928497314453125 0.0218658447265625
0.35089111328125 0.1375732421875 -0.122512817382812 -0.00768280029296876
0.283203125 0.248291015625 -0.101676940917969 -0.0634613037109375
0.093109130859375 0.368408203125 -0.0813751220703125 -0.151519775390625
-0.11517333984375 0.37249755859375 0.028472900390625 -0.179458618164062
-0.41180419921875 0.162933349609375 0.186080932617188 -0.144271850585938
-0.521331787109375 -0.0648193359374999 0.214675903320313 -0.00987243652343751
-0.46063232421875 -0.223236083984375 0.210739135742187 0.101593017578125
-0.44976806640625 -0.138580322265625 -0.25079345703125 -0.2886962890625
-0.424530029296875 0.0503845214843749 -0.239288330078125 -0.101791381835938
-0.308258056640625 0.20721435546875 -0.1097412109375 0.00031280517578128
-0.1080322265625 0.31109619140625 -0.0586929321289063 -0.045379638671875
0.06976318359375 0.288238525390625 -0.121681213378906 -0.0766143798828125
0.23223876953125 0.202667236328125 -0.161224365234375 -0.037567138671875
0.274093627929688 0.10247802734375 -0.185836791992187 0.0189056396484375
0.255874633789063 0.100860595703125 -0.204254150390625 0.0312957763671875
0.286407470703125 0.12921142578125 -0.232986450195313 -0.0104522705078125
0.219375610351563 0.215179443359375 -0.203414916992188 -0.100341796875
0.0611572265625 0.30364990234375 -0.14453125 -0.192672729492187
-0.0994873046875 0.30108642578125 -0.00451660156249999 -0.210311889648437
-0.340789794921875 0.130889892578125 0.131942749023437 -0.144851684570312
-0.444000244140625 -0.0402526855468751 0.092742919921875 -0.0109634399414063
-0.417724609375 -0.1690673828125 0.0652542114257812 0.00494003295898436
-0.346923828125 -0.03106689453125 -0.352294921875 -0.3336181640625
-0.2867431640625 0.0937194824218751 -0.297760009765625 -0.104888916015625
-0.170059204101563 0.168289184570313 -0.115341186523438 -0.000297546386718756
-0.0423126220703125 0.196548461914063 -0.07086181640625 -0.079803466796875
0.0540924072265625 0.171218872070313 -0.148529052734375 -0.112884521484375
0.143280029296875 0.128524780273438 -0.226791381835938 -0.06475830078125
0.165084838867188 0.07745361328125 -0.270263671875 0.0118408203125
0.158523559570313 0.07666015625 -0.285491943359375 0.0347595214843751
0.176345825195313 0.103286743164063 -0.3099365234375 -0.01715087890625
0.114212036132812 0.151519775390625 -0.271835327148437 -0.130645751953125
0.00631713867187499 0.189956665039063 -0.174407958984375 -0.216262817382813
-0.079498291015625 0.168441772460938 -0.019195556640625 -0.218048095703125
-0.210189819335938 0.0585479736328125 0.0859298706054687 -0.125633239746094
-0.280792236328125 -0.0217132568359375 -0.00659608840942385 -0.00562334060668945
-0.2972412109375 -0.085968017578125 -0.0575942993164063 -0.0741424560546875
-0.20068359375 0.075408935546875 -0.426025390625 -0.349578857421875
-0.121589660644531 0.119659423828125 -0.340606689453125 -0.099456787109375
-0.0204086303710937 0.115653991699219 -0.12548828125 0.0113067626953125
0.0270919799804687 0.06585693359375 -0.0816116333007813 -0.0833511352539063
0.0343437194824219 0.0359725952148438 -0.150741577148438 -0.115554809570313
0.0377273559570313 0.0353927612304688 -0.251480102539062 -0.0716400146484375
0.0329971313476563 0.0406837463378906 -0.3106689453125 0.00610351562499997
0.0389328002929688 0.0398025512695313 -0.32171630859375 0.0332641601562501
0.0418128967285156 0.0627555847167969 -0.341827392578125 -0.0284423828125
-0.00531005859375001 0.0674400329589844 -0.296966552734375 -0.154937744140625
-0.0464134216308594 0.0509681701660156 -0.169097900390625 -0.222732543945312
-0.044921875 0.0177993774414063 -0.0131683349609375 -0.208984375
-0.0503883361816406 -0.0146369934082031 0.0606689453125 -0.0951309204101563
-0.0769195556640625 0.00608062744140624 -0.0635032653808594 -0.000152587890625006
-0.131423950195313 0.0146942138671875 -0.135505676269531 -0.123077392578125
-0.0570526123046875 -0.131607055664063 0.197357177734375 0.07122802734375
-0.150543212890625 -0.0396881103515625 0.0717926025390625 -0.0208969116210938
-0.105201721191406 0.0921859741210937 -0.0752182006835937 0.0549468994140625
0.0136337280273438 0.126899719238281 -0.00532531738281251 0.195571899414062
0.0742721557617188 0.0826416015625 0.139312744140625 0.205123901367188
0.107528686523438 0.00762176513671875 0.29486083984375 0.116455078125
0.110336303710938 -0.0301971435546875 0.346923828125 -0.0013427734375
0.0936050415039063 -0.0116195678710938 0.3101806640625 -0.048309326171875
0.09979248046875 -0.00101470947265625 0.28826904296875 -0.016693115234375
0.0782241821289063 0.0570068359375 0.246322631835937 0.065673828125
0.0115890502929687 0.0881423950195313 0.1507568359375 0.06903076171875
-0.0672645568847656 0.0617523193359375 0.0986251831054687 0.03570556640625
-0.0983047485351562 -0.037017822265625 0.196533203125 -0.0013427734375
-0.04302978515625 -0.124778747558594 0.39111328125 0.050262451171875
0.0405502319335937 -0.129165649414063 0.477996826171875 0.37176513671875
-0.237945556640625 -0.208953857421875 0.165512084960937 0.0315399169921875
-0.316314697265625 -0.048492431640625 0.0488700866699219 -0.0326881408691406
-0.244979858398438 0.143768310546875 -0.07818603515625 0.0384140014648438
-0.0517730712890625 0.24249267578125 -0.0175933837890625 0.164352416992188
0.0920257568359375 0.203140258789063 0.092620849609375 0.176116943359375
0.205230712890625 0.094085693359375 0.238357543945313 0.110382080078125
0.231674194335938 0.008026123046875 0.29107666015625 0.01239013671875
0.206893920898438 0.023590087890625 0.253646850585938 -0.0335235595703125
0.226715087890625 0.0435638427734375 0.228851318359375 -0.013916015625
0.181167602539062 0.136734008789062 0.200424194335938 0.04583740234375
0.051361083984375 0.20849609375 0.116600036621094 0.0257110595703125
-0.095733642578125 0.18310546875 0.093963623046875 -0.00900268554687499
-0.225448608398437 0.0256500244140625 0.217620849609375 -0.044189453125
-0.222915649414063 -0.126296997070313 0.404144287109375 0.02569580078125
-0.140411376953125 -0.1903076171875 0.49066162109375 0.3355712890625
-0.384979248046875 -0.25286865234375 0.0908660888671875 -0.0373077392578125
-0.444427490234375 -0.0426635742187501 -0.00447082519531252 -0.0498390197753906
-0.353424072265625 0.18682861328125 -0.0846099853515625 0.0287094116210938
-0.107879638671875 0.33282470703125 -0.0254592895507812 0.124916076660156
0.101654052734375 0.299346923828125 0.0425262451171875 0.127471923828125
0.276046752929688 0.168853759765625 0.154510498046875 0.087310791015625
0.319854736328125 0.0439453125 0.194580078125 0.0233001708984375
0.290496826171875 0.055816650390625 0.159088134765625 -0.0134735107421875
0.321533203125 0.079376220703125 0.130615234375 -0.00843048095703124
0.262130737304688 0.196640014648438 0.121124267578125 0.0159759521484375
0.089691162109375 0.3062744140625 0.0623283386230469 -0.0305633544921875
-0.107086181640625 0.29443359375 0.0811538696289063 -0.0677337646484375
-0.33331298828125 0.0975341796875 0.227645874023437 -0.0901641845703125
-0.3876953125 -0.105743408203125 0.383697509765625 0.00234985351562499
-0.309234619140625 -0.224884033203125 0.447998046875 0.269683837890625
-0.47735595703125 -0.250091552734375 -0.0173110961914063 -0.118690490722656
-0.511138916015625 -0.015716552734375 -0.080352783203125 -0.0652542114257813
-0.40679931640625 0.224365234375 -0.091217041015625 0.0227279663085938
-0.136962890625 0.3875732421875 -0.03204345703125 0.0738143920898438
0.105682373046875 0.353912353515625 -0.0136680603027344 0.0640907287597657
0.3109130859375 0.215972900390625 0.0507698059082031 0.0527801513671875
0.361572265625 0.072174072265625 0.0723342895507813 0.0298614501953125
0.330108642578125 0.0789794921875 0.0405616760253906 0.00844192504882813
0.3697509765625 0.104339599609375 0.00922393798828127 -0.00154590606689453
0.30670166015625 0.229827880859375 0.0160369873046875 -0.0184478759765625
0.1158447265625 0.3642578125 -0.0108718872070312 -0.08843994140625
-0.105377197265625 0.37017822265625 0.0524978637695312 -0.125999450683594
-0.401214599609375 0.16229248046875 0.21234130859375 -0.129440307617188
-0.5032958984375 -0.0701599121093751 0.314727783203125 -0.015045166015625
-0.431488037109375 -0.227264404296875 0.348419189453125 0.1832275390625
-0.503387451171875 -0.202850341796875 -0.142425537109375 -0.198944091796875
-0.5078125 0.02569580078125 -0.164291381835938 -0.0753631591796875
-0.390533447265625 0.2418212890625 -0.0988693237304688 0.016937255859375
-0.130950927734375 0.386993408203125 -0.0432395935058594 0.0160598754882813
0.1015625 0.352264404296875 -0.0715713500976563 -0.00532531738281248
0.30181884765625 0.2244873046875 -0.0603141784667969 0.0122413635253906
0.3485107421875 0.08697509765625 -0.0587081909179687 0.0321006774902344
0.32012939453125 0.0906982421875 -0.0842361450195312 0.028717041015625
0.360687255859375 0.115936279296875 -0.1170654296875 0.00586700439453124
0.299407958984375 0.23223876953125 -0.100189208984375 -0.0511398315429687
0.11376953125 0.3646240234375 -0.0916824340820312 -0.139167785644531
-0.095611572265625 0.380523681640625 0.0135955810546875 -0.1739501953125
-0.40771484375 0.1854248046875 0.169631958007812 -0.150634765625
-0.528411865234375 -0.03839111328125 0.205108642578125 -0.01910400390625
-0.473968505859375 -0.203155517578125 0.20648193359375 0.0896453857421875
-0.456146240234375 -0.12017822265625 -0.265579223632813 -0.263259887695313
-0.4251708984375 0.0689086914062501 -0.241607666015625 -0.0802307128906251
-0.304779052734375 0.224761962890625 -0.104965209960938 0.0110549926757813
-0.096099853515625 0.320465087890625 -0.0580940246582031 -0.0382118225097656
0.086639404296875 0.28717041015625 -0.123710632324219 -0.0644073486328125
0.245651245117188 0.193328857421875 -0.1588134765625 -0.023162841796875
0.282989501953125 0.086669921875 -0.177536010742188 0.0308837890625
0.262863159179688 0.08734130859375 -0.194549560546875 0.043548583984375
0.29730224609375 0.11285400390625 -0.228866577148438 0.0082550048828125
0.233993530273438 0.205245971679688 -0.20404052734375 -0.08148193359375
0.07696533203125 0.3050537109375 -0.155563354492188 -0.176605224609375
-0.08721923828125 0.308380126953125 -0.0204925537109375 -0.202316284179688
-0.340423583984375 0.147552490234375 0.116119384765625 -0.146682739257813
-0.450286865234375 -0.0218811035156251 0.0847625732421875 -0.0141067504882813
-0.426666259765625 -0.153778076171875 0.0559654235839843 -0.00142288208007813
-0.347076416015625 -0.022216796875 -0.37066650390625 -0.307159423828125
-0.285400390625 0.100311279296875 -0.302154541015625 -0.0821533203124999
-0.17059326171875 0.175933837890625 -0.111557006835938 0.0101242065429688
-0.0397491455078125 0.202911376953125 -0.0725326538085937 -0.0721588134765625
0.0617218017578125 0.173049926757813 -0.152786254882813 -0.099761962890625
0.1536865234375 0.126617431640625 -0.22613525390625 -0.048095703125
0.174545288085938 0.0713348388671875 -0.264053344726563 0.027587890625
0.166580200195313 0.0702972412109375 -0.275848388671875 0.051727294921875
0.186477661132813 0.095916748046875 -0.305816650390625 0.004364013671875
0.126510620117188 0.150588989257813 -0.274795532226563 -0.10888671875
0.0161895751953125 0.19647216796875 -0.18524169921875 -0.200119018554688
-0.0749664306640625 0.17596435546875 -0.03472900390625 -0.210220336914062
-0.21478271484375 0.06658935546875 0.0737075805664063 -0.123931884765625
-0.285614013671875 -0.01385498046875 -0.0131044387817383 -0.00469303131103516
-0.300262451171875 -0.080322265625 -0.0704803466796875 -0.07684326171875
-0.192337036132812 0.07568359375 -0.44677734375 -0.323089599609375
-0.117164611816406 0.115409851074219 -0.346343994140625 -0.076995849609375
-0.0225601196289062 0.111671447753906 -0.122329711914063 0.021331787109375
0.0221786499023438 0.0669593811035156 -0.0827713012695312 -0.07586669921875
0.032867431640625 0.0398826599121094 -0.155380249023437 -0.10443115234375
0.0423393249511719 0.041351318359375 -0.252578735351563 -0.056640625
0.0412712097167969 0.0440940856933594 -0.306121826171875 0.023162841796875
0.0449256896972656 0.0420036315917969 -0.3148193359375 0.051361083984375
0.0503807067871094 0.0644454956054688 -0.3406982421875 -0.00570678710937497
0.0033111572265625 0.0755233764648438 -0.3031005859375 -0.1322021484375
-0.0442466735839844 0.0627250671386719 -0.181732177734375 -0.209091186523438
-0.0502357482910156 0.0246162414550781 -0.0267486572265625 -0.203216552734375
-0.060150146484375 -0.0147476196289062 0.051513671875 -0.0945358276367188
-0.0819473266601562 0.00158691406249998 -0.0684318542480469 0.00181579589843751
-0.128425598144531 0.0111007690429688 -0.150421142578125 -0.124954223632812
-0.0591888427734375 -0.118789672851563 0.205734252929688 0.076385498046875
-0.143142700195313 -0.0279541015625 0.0777130126953125 -0.0173263549804687
-0.0928421020507812 0.0916366577148438 -0.0682792663574219 0.0544509887695313
0.02020263671875 0.116836547851563 0.000167846679687511 0.189620971679687
0.0747299194335937 0.0729598999023437 0.141586303710938 0.195388793945312
0.100547790527344 0.00019073486328125 0.291717529296875 0.104400634765625
0.101699829101562 -0.0364608764648437 0.34039306640625 -0.011688232421875
0.0871658325195313 -0.0191879272460938 0.30322265625 -0.055694580078125
0.0938644409179688 -0.0095977783203125 0.283905029296875 -0.023590087890625
0.0779571533203125 0.0466537475585938 0.245590209960938 0.0579071044921875
0.0174179077148437 0.081268310546875 0.150131225585938 0.0652313232421875
-0.05926513671875 0.06201171875 0.0958404541015625 0.0339202880859375
-0.0931625366210937 -0.0274810791015625 0.190902709960938 -0.010162353515625
-0.0472030639648437 -0.112892150878906 0.384857177734375 0.037200927734375
0.030059814453125 -0.121864318847656 0.480987548828125 0.3560791015625
-0.239105224609375 -0.192825317382813 0.171463012695312 0.040740966796875
-0.306182861328125 -0.032958984375 0.0539131164550781 -0.0269699096679688
-0.231353759765625 0.146759033203125 -0.0712203979492188 0.03985595703125
-0.04217529296875 0.23297119140625 -0.01141357421875 0.16082763671875
0.09576416015625 0.191055297851563 0.0960540771484375 0.169662475585938
0.1998291015625 0.0831146240234375 0.236984252929687 0.102310180664062
0.22320556640625 -0.00323486328125 0.2882080078125 0.00390625
0.200393676757813 0.0135650634765625 0.250518798828125 -0.0394287109375
0.221633911132813 0.0304718017578125 0.226638793945313 -0.017425537109375
0.182388305664062 0.123291015625 0.201522827148438 0.0414276123046875
0.0598602294921875 0.201034545898438 0.114410400390625 0.025146484375
-0.085479736328125 0.184600830078125 0.0888824462890625 -0.00885009765624999
-0.220046997070312 0.0369873046875 0.208984375 -0.0513458251953125
-0.227554321289063 -0.111557006835937 0.3956298828125 0.0145263671875
-0.150558471679687 -0.179306030273438 0.4892578125 0.32049560546875
-0.386871337890625 -0.235687255859375 0.0949478149414062 -0.0247344970703125
-0.43365478515625 -0.0269775390625 0.00107955932617185 -0.0423355102539063
-0.340484619140625 0.193450927734375 -0.0774002075195313 0.0306854248046875
-0.096221923828125 0.327362060546875 -0.0196762084960938 0.123672485351563
0.10882568359375 0.287384033203125 0.0470657348632813 0.124977111816406
0.27392578125 0.155609130859375 0.156997680664063 0.083709716796875
0.312713623046875 0.03045654296875 0.196319580078125 0.01751708984375
0.285064697265625 0.043243408203125 0.159896850585938 -0.0166168212890625
0.318695068359375 0.063568115234375 0.132049560546875 -0.00850677490234375
0.266159057617188 0.182281494140625 0.123260498046875 0.0153961181640625
0.100860595703125 0.297882080078125 0.0592231750488281 -0.0265350341796875
-0.096405029296875 0.295501708984375 0.073822021484375 -0.0637741088867187
-0.327606201171875 0.10992431640625 0.215713500976562 -0.09490966796875
-0.390625 -0.0896606445312501 0.371490478515625 -0.00653076171875
-0.3177490234375 -0.21331787109375 0.443603515625 0.256988525390625
-0.478515625 -0.232879638671875 -0.0150070190429688 -0.10284423828125
-0.5028076171875 -0.00109863281249993 -0.07470703125 -0.0549697875976563
-0.395233154296875 0.234222412109375 -0.0845184326171875 0.0262603759765625
-0.124298095703125 0.3851318359375 -0.0268478393554688 0.07537841796875
0.1141357421875 0.3438720703125 -0.00867462158203124 0.0663871765136719
0.31146240234375 0.2021484375 0.0552711486816406 0.0538673400878906
0.356964111328125 0.0567626953125 0.077728271484375 0.02752685546875
0.326080322265625 0.066009521484375 0.0448036193847656 0.00859832763671875
0.36810302734375 0.0887451171875 0.013941764831543 0.00339508056640626
0.311553955078125 0.21563720703125 0.0195579528808594 -0.0145301818847656
0.127593994140625 0.356842041015625 -0.01373291015625 -0.08135986328125
-0.09405517578125 0.370697021484375 0.044097900390625 -0.119903564453125
-0.396209716796875 0.173583984375 0.198486328125 -0.130905151367188
-0.502410888671875 -0.0530700683593749 0.302581787109375 -0.02105712890625
-0.43499755859375 -0.216522216796875 0.341796875 0.174072265625
-0.5029296875 -0.190093994140625 -0.141830444335938 -0.180343627929687
-0.5006103515625 0.0377197265625 -0.158706665039063 -0.062896728515625
-0.384185791015625 0.25103759765625 -0.0916519165039063 0.021697998046875
-0.121124267578125 0.388519287109375 -0.0387306213378906 0.0199089050292969
0.11065673828125 0.344573974609375 -0.0678634643554688 0.000556945800781263
0.3050537109375 0.213836669921875 -0.054534912109375 0.0177764892578125
0.347137451171875 0.07330322265625 -0.0509414672851562 0.0338287353515625
0.319244384765625 0.079132080078125 -0.0755157470703125 0.0314102172851563
0.361541748046875 0.101165771484375 -0.109893798828125 0.0140151977539062
0.304046630859375 0.220977783203125 -0.09539794921875 -0.0425643920898437
0.1248779296875 0.3604736328125 -0.0942306518554687 -0.128410339355469
-0.087646484375 0.37939453125 0.00463867187499998 -0.165145874023437
-0.402099609375 0.1934814453125 0.15618896484375 -0.148544311523438
-0.529266357421875 -0.0247497558593749 0.1944580078125 -0.0217437744140625
-0.474365234375 -0.194915771484375 0.197555541992187 0.0833740234375
-0.45391845703125 -0.11627197265625 -0.2684326171875 -0.245254516601563
-0.422119140625 0.0736083984375 -0.23712158203125 -0.0671844482421875
-0.30316162109375 0.23162841796875 -0.099212646484375 0.0168380737304688
-0.09051513671875 0.32379150390625 -0.0553207397460938 -0.0326194763183594
0.093658447265625 0.2840576171875 -0.120491027832031 -0.0561294555664062
0.252029418945313 0.186431884765625 -0.152877807617187 -0.0149993896484375
0.28533935546875 0.07745361328125 -0.1683349609375 0.035614013671875
0.264556884765625 0.0790863037109375 -0.185043334960937 0.0489654541015625
0.299652099609375 0.10321044921875 -0.21978759765625 0.0193023681640625
0.240203857421875 0.198089599609375 -0.198959350585937 -0.0698394775390625
0.085540771484375 0.303558349609375 -0.158187866210938 -0.164505004882812
-0.082061767578125 0.30950927734375 -0.02783203125 -0.192794799804687
-0.338775634765625 0.152313232421875 0.105087280273437 -0.1424560546875
-0.4500732421875 -0.0146484375 0.07666015625 -0.0133209228515625
-0.424407958984375 -0.149139404296875 0.0464210510253906 -0.00421524047851563
-0.34173583984375 -0.0240478515625 -0.374359130859375 -0.288726806640625
-0.28277587890625 0.099090576171875 -0.299468994140625 -0.068756103515625
-0.172698974609375 0.177337646484375 -0.106742858886719 0.015594482421875
-0.0402069091796875 0.20648193359375 -0.0716552734375 -0.0662841796875
0.0651092529296875 0.174697875976562 -0.1507568359375 -0.0914154052734375
0.159408569335938 0.1260986328125 -0.221176147460938 -0.03857421875
0.17919921875 0.0671539306640625 -0.25531005859375 0.0339202880859375
0.17010498046875 0.0668182373046875 -0.266036987304688 0.0581512451171875
0.1915283203125 0.0908660888671875 -0.298065185546875 0.017059326171875
0.133148193359375 0.150100708007813 -0.27044677734375 -0.0950927734375
0.022003173828125 0.200210571289063 -0.188629150390625 -0.187484741210937
-0.074249267578125 0.17938232421875 -0.04150390625 -0.201614379882812
-0.218154907226562 0.069244384765625 0.0657272338867188 -0.119560241699219
-0.2880859375 -0.013336181640625 -0.0183792114257813 -0.00371170043945313
-0.297576904296875 -0.081390380859375 -0.079986572265625 -0.0790481567382813
-0.185791015625 0.0693817138671875 -0.449371337890625 -0.30780029296875
-0.116622924804687 0.107902526855469 -0.343841552734375 -0.0650634765624999
-0.0266265869140625 0.108184814453125 -0.116729736328125 0.025604248046875
0.0163688659667969 0.0693359375 -0.08148193359375 -0.0706863403320313
0.0312080383300781 0.0441207885742188 -0.154052734375 -0.09747314453125
0.0459518432617188 0.0459976196289063 -0.248031616210938 -0.048248291015625
0.0477142333984375 0.045562744140625 -0.29901123046875 0.030670166015625
0.0496330261230469 0.0437889099121094 -0.305999755859375 0.0584716796875
0.0572547912597656 0.064666748046875 -0.33349609375 0.00637817382812497
0.0104751586914063 0.0799789428710938 -0.300628662109375 -0.117584228515625
-0.0414962768554687 0.0703277587890625 -0.184524536132813 -0.19677734375
-0.0529327392578125 0.0302848815917969 -0.033233642578125 -0.195846557617188
-0.0675888061523438 -0.0146255493164062 0.045379638671875 -0.0906600952148438
-0.0861587524414062 -0.00287628173828126 -0.0722503662109375 0.001983642578125
-0.125732421875 0.00390625000000003 -0.1602783203125 -0.127197265625
-0.0576095581054688 -0.110557556152344 0.215438842773438 0.0861053466796875
-0.136398315429688 -0.0207901000976563 0.0837631225585937 -0.0136260986328125
-0.0862808227539063 0.08929443359375 -0.0643424987792969 0.0537681579589844
0.0233917236328125 0.109130859375 0.0012969970703125 0.18731689453125
0.074005126953125 0.066925048828125 0.1405029296875 0.191146850585938
0.0959854125976563 -0.00362396240234375 0.289459228515625 0.100860595703125
0.0960617065429688 -0.0406723022460938 0.338470458984375 -0.014129638671875
0.0820999145507813 -0.02325439453125 0.301727294921875 -0.056182861328125
0.0895233154296875 -0.016265869140625 0.283721923828125 -0.023895263671875
0.076812744140625 0.0399398803710938 0.24591064453125 0.056396484375
0.0204620361328125 0.076080322265625 0.150161743164063 0.066253662109375
-0.0539779663085938 0.0617408752441406 0.0938034057617188 0.0356826782226563
-0.0880355834960938 -0.0226669311523438 0.187469482421875 -0.0134735107421875
-0.0478363037109375 -0.105522155761719 0.3829345703125 0.034912109375
0.0236740112304688 -0.113876342773438 0.481109619140625 0.35638427734375
-0.23846435546875 -0.185943603515625 0.180130004882812 0.0526275634765625
-0.300140380859375 -0.0265197753906249 0.0607223510742187 -0.0218734741210938
-0.225067138671875 0.146820068359375 -0.0667800903320313 0.0392684936523438
-0.0396881103515625 0.226898193359375 -0.0101470947265625 0.159896850585938
0.09564208984375 0.185623168945313 0.09686279296875 0.168365478515625
0.196136474609375 0.07891845703125 0.237213134765625 0.100753784179688
0.217788696289062 -0.0077056884765625 0.288421630859375 0.0015869140625
0.1962890625 0.0093231201171875 0.25067138671875 -0.039825439453125
0.219223022460938 0.0234527587890625 0.228591918945312 -0.01708984375
0.183074951171875 0.116989135742188 0.20391845703125 0.040252685546875
0.0646514892578125 0.19775390625 0.114036560058594 0.027587890625
-0.081207275390625 0.18603515625 0.0861587524414063 -0.00569152832031249
-0.219100952148438 0.043060302734375 0.20416259765625 -0.053070068359375
-0.231201171875 -0.104141235351562 0.39208984375 0.01385498046875
-0.157684326171875 -0.174423217773438 0.488372802734375 0.323272705078125
-0.3858642578125 -0.231353759765625 0.102455139160156 -0.011749267578125
-0.429290771484375 -0.0218200683593749 0.00703430175781247 -0.0362701416015625
-0.336456298828125 0.195098876953125 -0.071685791015625 0.0312118530273437
-0.093841552734375 0.3236083984375 -0.0164642333984375 0.123489379882813
0.109161376953125 0.28350830078125 0.0488510131835938 0.125564575195313
0.272262573242188 0.152114868164063 0.158981323242188 0.083953857421875
0.309295654296875 0.025177001953125 0.19921875 0.0158843994140625
0.282867431640625 0.0386962890625 0.162826538085938 -0.0165863037109375
0.317169189453125 0.058258056640625 0.135322570800781 -0.00559234619140625
0.267807006835938 0.176895141601563 0.126701354980469 0.01605224609375
0.10546875 0.29608154296875 0.05841064453125 -0.023193359375
-0.093414306640625 0.297607421875 0.0704345703125 -0.05950927734375
-0.329559326171875 0.116302490234375 0.209671020507812 -0.0947113037109375
-0.396484375 -0.0827941894531251 0.3665771484375 -0.00494384765625001
-0.323638916015625 -0.2113037109375 0.43963623046875 0.25860595703125
-0.479522705078125 -0.232818603515625 -0.0100326538085938 -0.0908660888671875
-0.501708984375 0.00195312500000002 -0.068878173828125 -0.0484848022460938
-0.396026611328125 0.238037109375 -0.0792160034179688 0.0272445678710938
-0.123138427734375 0.3853759765625 -0.0237960815429688 0.0766067504882813
0.116363525390625 0.341552734375 -0.00610733032226561 0.0686225891113282
0.312591552734375 0.199798583984375 0.0593299865722656 0.055572509765625
0.355621337890625 0.052276611328125 0.0823974609375 0.0270919799804688
0.3265380859375 0.062744140625 0.0499649047851563 0.00838851928710938
0.3685302734375 0.08258056640625 0.0185680389404297 0.00760841369628907
0.314361572265625 0.21124267578125 0.023824691772461 -0.0120983123779297
0.132080078125 0.357330322265625 -0.015167236328125 -0.0759124755859375
-0.0933837890625001 0.37335205078125 0.039642333984375 -0.114494323730469
-0.399627685546875 0.1776123046875 0.191253662109375 -0.129348754882813
-0.50927734375 -0.048553466796875 0.296539306640625 -0.018402099609375
-0.441253662109375 -0.218597412109375 0.3363037109375 0.1751708984375
-0.504730224609375 -0.19293212890625 -0.1392822265625 -0.169525146484375
-0.502227783203125 0.038482666015625 -0.154754638671875 -0.0570831298828125
-0.38702392578125 0.25750732421875 -0.08721923828125 0.023193359375
-0.12109375 0.392486572265625 -0.0358085632324219 0.0222625732421875
0.113555908203125 0.344879150390625 -0.0655593872070312 0.00437545776367189
0.308441162109375 0.2137451171875 -0.0489768981933594 0.0207710266113281
0.348297119140625 0.07037353515625 -0.04608154296875 0.0340156555175781
0.321624755859375 0.076385498046875 -0.0707168579101562 0.0326919555664063
0.36370849609375 0.097625732421875 -0.104904174804687 0.0191497802734375
0.308197021484375 0.218994140625 -0.0910568237304687 -0.0389328002929687
0.12896728515625 0.36224365234375 -0.0944290161132813 -0.122879028320312
-0.087188720703125 0.383636474609375 0.00100708007812501 -0.159652709960937
-0.407806396484375 0.19635009765625 0.149276733398437 -0.14532470703125
-0.5341796875 -0.0228881835937499 0.188034057617187 -0.0187225341796875
-0.47808837890625 -0.199005126953125 0.1912841796875 0.083465576171875
-0.455413818359375 -0.1224365234375 -0.267303466796875 -0.236434936523438
-0.425079345703125 0.070892333984375 -0.235183715820313 -0.0617828369140625
-0.308837890625 0.23651123046875 -0.0960845947265625 0.0185394287109375
-0.092498779296875 0.329986572265625 -0.052734375 -0.0302009582519531
0.09564208984375 0.287841796875 -0.118194580078125 -0.0521087646484375
0.256912231445313 0.187789916992188 -0.148468017578125 -0.0118408203125
0.288360595703125 0.07623291015625 -0.16400146484375 0.03582763671875
0.268310546875 0.078369140625 -0.179153442382812 0.050262451171875
0.304046630859375 0.10113525390625 -0.214447021484375 0.02471923828125
0.244979858398438 0.198776245117188 -0.19464111328125 -0.06488037109375
0.08831787109375 0.308197021484375 -0.1580810546875 -0.158538818359375
-0.08404541015625 0.3128662109375 -0.0312652587890625 -0.186996459960938
-0.346038818359375 0.153045654296875 0.10040283203125 -0.138229370117188
-0.456207275390625 -0.0144958496093751 0.0709762573242187 -0.0114364624023438
-0.425567626953125 -0.155975341796875 0.0387420654296875 -0.00587844848632813
-0.343170166015625 -0.0325012207031249 -0.376708984375 -0.28466796875
-0.2874755859375 0.0930786132812501 -0.29949951171875 -0.064544677734375
-0.180160522460938 0.179641723632813 -0.104385375976563 0.01727294921875
-0.044677734375 0.212692260742188 -0.0690269470214844 -0.06378173828125
0.0657501220703125 0.179397583007813 -0.149307250976563 -0.0878143310546875
0.164596557617188 0.129318237304688 -0.217575073242188 -0.0355072021484374
0.183822631835938 0.0675201416015625 -0.251983642578125 0.03485107421875
0.173797607421875 0.0675201416015625 -0.262039184570312 0.0585479736328125
0.196258544921875 0.0912322998046875 -0.29327392578125 0.021575927734375
0.138458251953125 0.15234375 -0.267181396484375 -0.089599609375
0.0237274169921875 0.206192016601563 -0.188735961914062 -0.1817626953125
-0.0777435302734375 0.183731079101563 -0.0440521240234375 -0.19677734375
-0.225448608398437 0.0694427490234375 0.0616607666015625 -0.115188598632812
-0.293792724609375 -0.016326904296875 -0.0231800079345703 -0.00252532958984375
-0.297515869140625 -0.08953857421875 -0.0883712768554688 -0.082977294921875
-0.18389892578125 0.0598602294921875 -0.453765869140625 -0.306976318359375
-0.119888305664063 0.100677490234375 -0.344879150390625 -0.0623779296875
-0.0336990356445312 0.106178283691406 -0.115608215332031 0.0271453857421875
0.0106964111328125 0.0738143920898437 -0.0798492431640625 -0.0688400268554688
0.0303535461425781 0.0491485595703125 -0.153335571289063 -0.0964813232421875
0.0501708984375 0.051055908203125 -0.246536254882812 -0.04693603515625
0.0529594421386719 0.0480003356933594 -0.29754638671875 0.0308837890625001
0.0539283752441406 0.0462417602539063 -0.303558349609375 0.059326171875
0.0623931884765625 0.066650390625 -0.33026123046875 0.0111083984375
0.0157928466796875 0.0846328735351563 -0.29901123046875 -0.11163330078125
-0.0396499633789063 0.078369140625 -0.185623168945313 -0.19195556640625
-0.0565338134765625 0.0350914001464844 -0.035980224609375 -0.192489624023438
-0.0755996704101563 -0.0153121948242187 0.0432662963867187 -0.0873947143554688
-0.092041015625 -0.00797271728515625 -0.0765457153320313 0.00209808349609376
-0.125038146972656 -0.00534820556640624 -0.168914794921875 -0.133880615234375
-0.0569686889648438 -0.10589599609375 0.231109619140625 0.0984954833984375
-0.134048461914063 -0.0161285400390625 0.0934600830078125 -0.009246826171875
-0.0824127197265625 0.0890121459960938 -0.0629844665527344 0.0530891418457031
0.0250778198242187 0.105056762695313 0.00141906738281252 0.189483642578125
0.0738449096679688 0.0640869140625 0.1424560546875 0.194076538085937
0.094268798828125 -0.00601959228515625 0.2940673828125 0.1029052734375
0.0936813354492188 -0.0442962646484375 0.346435546875 -0.014556884765625
0.0801849365234375 -0.0269699096679688 0.3092041015625 -0.056304931640625
0.0875701904296875 -0.02056884765625 0.2908935546875 -0.024169921875
0.0771942138671875 0.0349044799804688 0.251678466796875 0.05694580078125
0.02294921875 0.0731201171875 0.15350341796875 0.068817138671875
-0.0510177612304687 0.0617866516113281 0.0952529907226563 0.0376663208007813
-0.0852432250976563 -0.0192031860351563 0.189666748046875 -0.0163421630859375
-0.049346923828125 -0.101318359375 0.39105224609375 0.035614013671875
0.02032470703125 -0.109382629394531 0.492950439453125 0.370025634765625
-0.242279052734375 -0.1873779296875 0.193954467773437 0.0659942626953125
-0.302276611328125 -0.0239868164062501 0.0686149597167969 -0.0164985656738281
-0.227081298828125 0.148681640625 -0.0643959045410156 0.0388641357421875
-0.0399169921875 0.226837158203125 -0.0088653564453125 0.16156005859375
0.0971527099609375 0.186248779296875 0.0995025634765625 0.171844482421875
0.197265625 0.0787506103515625 0.243408203125 0.103164672851563
0.218826293945313 -0.0109710693359375 0.296905517578125 0.0020751953125
0.197952270507812 0.00604248046875 0.258255004882813 -0.03924560546875
0.2215576171875 0.0194091796875 0.236419677734375 -0.0146331787109375
0.188583374023438 0.114364624023438 0.210342407226562 0.0420074462890625
0.069244384765625 0.199172973632813 0.116119384765625 0.0307159423828125
-0.080596923828125 0.191787719726563 0.0868682861328125 -0.00256347656249999
-0.224288940429688 0.0477294921875 0.205413818359375 -0.05419921875
-0.240554809570313 -0.100372314453125 0.3990478515625 0.0166015625
-0.167312622070313 -0.174957275390625 0.498779296875 0.3363037109375
-0.393157958984375 -0.2369384765625 0.112403869628906 -0.000289916992187515
-0.435150146484375 -0.02117919921875 0.0135040283203125 -0.0319728851318359
-0.343109130859375 0.20001220703125 -0.0696830749511719 0.0320243835449219
-0.0965576171875 0.329132080078125 -0.0147171020507813 0.126930236816406
0.111328125 0.287139892578125 0.0515899658203125 0.129432678222656
0.277374267578125 0.155105590820313 0.164932250976563 0.0861968994140625
0.31341552734375 0.02398681640625 0.206436157226563 0.0154266357421875
0.288360595703125 0.037628173828125 0.169952392578125 -0.0160675048828125
0.324371337890625 0.054962158203125 0.14300537109375 -0.0028076171875
0.276031494140625 0.176727294921875 0.132781982421875 0.0176849365234375
0.111480712890625 0.303466796875 0.0591239929199219 -0.0200576782226562
-0.095367431640625 0.307708740234375 0.0693359375 -0.0565223693847656
-0.340118408203125 0.122039794921875 0.209457397460937 -0.0958709716796875
-0.411590576171875 -0.080108642578125 0.371673583984375 -0.000762939453125005
-0.336212158203125 -0.216949462890625 0.44964599609375 0.2713623046875
-0.491485595703125 -0.241363525390625 -0.00341033935546878 -0.08123779296875
-0.511993408203125 0.00180053710937505 -0.0658073425292969 -0.044189453125
-0.405548095703125 0.24530029296875 -0.0774612426757813 0.0276947021484375
-0.12701416015625 0.395782470703125 -0.0219573974609375 0.07958984375
0.118988037109375 0.3492431640625 -0.00395202636718749 0.0719528198242188
0.32196044921875 0.20452880859375 0.0652084350585938 0.0587272644042969
0.363006591796875 0.051971435546875 0.0878448486328125 0.0272216796875
0.3349609375 0.062744140625 0.055511474609375 0.00960922241210938
0.3782958984375 0.082427978515625 0.0244026184082031 0.0116081237792969
0.325103759765625 0.214996337890625 0.0276985168457031 -0.0105819702148437
0.138427734375 0.3681640625 -0.0154495239257812 -0.0731353759765625
-0.096405029296875 0.386566162109375 0.0380935668945312 -0.112106323242187
-0.4151611328125 0.1845703125 0.19097900390625 -0.129074096679688
-0.528228759765625 -0.0471801757812501 0.298126220703125 -0.01470947265625
-0.455963134765625 -0.22772216796875 0.3385009765625 0.1832275390625
-0.51849365234375 -0.204010009765625 -0.138275146484375 -0.16455078125
-0.51611328125 0.0369262695312499 -0.154327392578125 -0.0528717041015625
-0.400390625 0.265350341796875 -0.0870132446289063 0.0247344970703125
-0.125885009765625 0.40576171875 -0.0339450836181641 0.0243377685546875
0.1175537109375 0.3558349609375 -0.0634346008300781 0.00751113891601564
0.319305419921875 0.220428466796875 -0.0460281372070312 0.02301025390625
0.3582763671875 0.071075439453125 -0.04296875 0.0339851379394531
0.3309326171875 0.078704833984375 -0.0675888061523437 0.0336074829101563
0.375030517578125 0.09759521484375 -0.101875305175781 0.0222702026367187
0.319488525390625 0.223663330078125 -0.089019775390625 -0.0385971069335937
0.133880615234375 0.37518310546875 -0.0972518920898438 -0.121330261230469
-0.0916748046875 0.3963623046875 -0.00079345703125001 -0.157791137695312
-0.425140380859375 0.2022705078125 0.148529052734375 -0.143844604492187
-0.553741455078125 -0.024566650390625 0.18719482421875 -0.014739990234375
-0.491485595703125 -0.211395263671875 0.188400268554688 0.0876007080078125
-0.469635009765625 -0.134979248046875 -0.272048950195313 -0.237411499023438
-0.44110107421875 0.067626953125 -0.239486694335938 -0.0589904785156249
-0.322540283203125 0.245269775390625 -0.0952301025390625 0.0203094482421875
-0.0987548828125001 0.34466552734375 -0.05108642578125 -0.0283775329589843
0.0985107421875 0.298095703125 -0.117752075195312 -0.0500564575195312
0.267379760742188 0.19635009765625 -0.147506713867187 -0.01031494140625
0.298583984375 0.077392578125 -0.164199829101563 0.03558349609375
0.277511596679688 0.0812530517578125 -0.17999267578125 0.0508880615234375
0.31561279296875 0.102783203125 -0.21527099609375 0.0283050537109375
0.255294799804688 0.205032348632813 -0.1956787109375 -0.06439208984375
0.092010498046875 0.320404052734375 -0.161590576171875 -0.158889770507812
-0.089996337890625 0.325042724609375 -0.0338592529296875 -0.186614990234375
-0.36273193359375 0.157806396484375 0.0986862182617187 -0.137100219726563
-0.472564697265625 -0.0172729492187499 0.0681991577148437 -0.00812911987304688
-0.4375 -0.16912841796875 0.0318069458007812 -0.00712203979492189
-0.353790283203125 -0.042510986328125 -0.386810302734375 -0.2911376953125
-0.300140380859375 0.089019775390625 -0.308349609375 -0.06427001953125
-0.193099975585937 0.185989379882813 -0.105056762695313 0.0181427001953125
-0.050933837890625 0.22479248046875 -0.0691757202148438 -0.0634307861328125
0.067474365234375 0.188827514648438 -0.1497802734375 -0.0888519287109375
0.172592163085938 0.137252807617188 -0.21942138671875 -0.0351104736328125
0.192794799804688 0.07049560546875 -0.255996704101563 0.034027099609375
0.180419921875 0.071441650390625 -0.264938354492188 0.0599517822265625
0.205535888671875 0.093536376953125 -0.29681396484375 0.025421142578125
0.14727783203125 0.158828735351563 -0.269699096679688 -0.0895233154296875
0.0257568359375 0.216964721679688 -0.1925048828125 -0.183120727539063
-0.0833282470703125 0.192001342773438 -0.0464630126953125 -0.198410034179688
-0.239395141601563 0.0712890625 0.0610809326171875 -0.11376953125
-0.30712890625 -0.020599365234375 -0.0279197692871094 -0.00145530700683593
-0.30535888671875 -0.10284423828125 -0.0992507934570313 -0.089111328125
-0.188385009765625 0.05206298828125 -0.465240478515625 -0.31640625
-0.126823425292969 0.0959014892578125 -0.35540771484375 -0.0650634765625
-0.0414505004882813 0.107917785644531 -0.117218017578125 0.0275039672851562
0.00548553466796876 0.07977294921875 -0.0793838500976563 -0.0697250366210937
0.0291633605957031 0.0549125671386719 -0.155136108398438 -0.0983428955078125
0.0558395385742188 0.0570106506347656 -0.251312255859375 -0.048431396484375
0.0596122741699219 0.05084228515625 -0.303863525390625 0.0300598144531249
0.05804443359375 0.0493659973144531 -0.309478759765625 0.05877685546875
0.0681953430175781 0.0696983337402344 -0.3359375 0.012908935546875
0.0223159790039062 0.090240478515625 -0.303924560546875 -0.111419677734375
-0.0394744873046875 0.0863723754882813 -0.189987182617188 -0.194732666015625
-0.0611038208007812 0.0403175354003906 -0.03839111328125 -0.194076538085938
-0.0842514038085937 -0.0156173706054687 0.042572021484375 -0.0862350463867188
-0.0997314453125 -0.012481689453125 -0.0832595825195313 -0.000129699707031265
-0.128250122070313 -0.01483154296875 -0.1820068359375 -0.143768310546875
-0.0587921142578125 -0.1031494140625 0.254135131835938 0.107757568359375
-0.133308410644531 -0.00952148437499999 0.105079650878906 -0.0066070556640625
-0.080230712890625 0.0923690795898438 -0.0610008239746094 0.0547447204589844
0.0276260375976563 0.102684020996094 0.00466918945312502 0.195968627929687
0.07733154296875 0.0619277954101562 0.150115966796875 0.199325561523437
0.0943984985351562 -0.0107498168945312 0.307525634765625 0.10101318359375
0.0914306640625 -0.0495529174804688 0.36151123046875 -0.02105712890625
0.0789337158203125 -0.0326156616210938 0.32257080078125 -0.0633544921875
0.0861968994140625 -0.0273971557617188 0.303741455078125 -0.02886962890625
0.0795745849609375 0.03033447265625 0.265045166015625 0.05523681640625
0.0273818969726562 0.0718307495117188 0.160964965820313 0.0698394775390625
-0.0486793518066406 0.0648422241210937 0.100296020507813 0.0391921997070313
-0.0851669311523437 -0.0161590576171875 0.195098876953125 -0.021759033203125
-0.05267333984375 -0.09820556640625 0.408477783203125 0.031585693359375
0.0160446166992188 -0.107032775878906 0.5233154296875 0.382171630859375
-0.255111694335938 -0.187179565429688 0.214431762695312 0.0765838623046875
-0.31024169921875 -0.016326904296875 0.0787506103515625 -0.0140533447265625
-0.231063842773437 0.15802001953125 -0.063140869140625 0.0410690307617188
-0.037506103515625 0.233413696289062 -0.00451660156250002 0.16876220703125
0.103042602539063 0.190475463867188 0.1060791015625 0.177490234375
0.205902099609375 0.0769805908203125 0.255783081054688 0.102615356445313
0.224029541015625 -0.01629638671875 0.3118896484375 -0.00445556640625
0.20489501953125 0.00128173828125 0.271499633789063 -0.04498291015625
0.228912353515625 0.012115478515625 0.249542236328125 -0.017333984375
0.199050903320313 0.11151123046875 0.22210693359375 0.0400543212890625
0.0785675048828125 0.204788208007813 0.122703552246094 0.0322723388671875
-0.078125 0.202774047851563 0.0896759033203125 -0.000701904296874988
-0.23187255859375 0.0585174560546875 0.210540771484375 -0.059844970703125
-0.256317138671875 -0.093658447265625 0.4151611328125 0.013763427734375
-0.183029174804687 -0.176300048828125 0.52777099609375 0.348724365234375
-0.416656494140625 -0.23992919921875 0.126663208007812 0.00913238525390624
-0.45196533203125 -0.0123596191406251 0.0202083587646484 -0.0268573760986328
-0.35260009765625 0.215057373046875 -0.0691261291503907 0.033538818359375
-0.095458984375 0.3427734375 -0.0110015869140625 0.131965637207031
0.119842529296875 0.2977294921875 0.0568618774414063 0.134880065917969
0.291839599609375 0.15521240234375 0.176315307617188 0.087860107421875
0.325836181640625 0.017425537109375 0.219757080078125 0.0125579833984375
0.300018310546875 0.031219482421875 0.181060791015625 -0.01776123046875
0.33941650390625 0.04791259765625 0.152938842773438 -0.0020599365234375
0.293212890625 0.1759033203125 0.141632080078125 0.0171661376953125
0.125640869140625 0.315338134765625 0.062286376953125 -0.0187492370605469
-0.093231201171875 0.32568359375 0.0696334838867188 -0.054534912109375
-0.355194091796875 0.13763427734375 0.213165283203125 -0.101058959960938
-0.4365234375 -0.0723876953125 0.385589599609375 -0.004791259765625
-0.36029052734375 -0.220306396484375 0.47149658203125 0.27972412109375
-0.519378662109375 -0.246490478515625 0.00222778320312497 -0.073394775390625
-0.5340576171875 0.0112915039062501 -0.0637550354003907 -0.0396537780761719
-0.41973876953125 0.265899658203125 -0.0778045654296875 0.0312728881835938
-0.126495361328125 0.41729736328125 -0.0183334350585938 0.08355712890625
0.13037109375 0.36260986328125 -0.000839233398437499 0.07672119140625
0.34075927734375 0.2078857421875 0.0719833374023438 0.0610122680664063
0.380157470703125 0.0462646484375 0.096343994140625 0.025146484375
0.3515625 0.05859375 0.0629768371582031 0.00989913940429688
0.39837646484375 0.0758056640625 0.030242919921875 0.0137271881103516
0.347137451171875 0.215545654296875 0.0321846008300781 -0.0104522705078125
0.153900146484375 0.384063720703125 -0.0175323486328125 -0.0733718872070312
-0.095550537109375 0.40869140625 0.036590576171875 -0.111793518066406
-0.43438720703125 0.2030029296875 0.193328857421875 -0.134902954101563
-0.5570068359375 -0.0366210937500001 0.307403564453125 -0.017333984375
-0.48382568359375 -0.233673095703125 0.353515625 0.190155029296875
-0.54736328125 -0.21063232421875 -0.14385986328125 -0.16070556640625
-0.540191650390625 0.0455932617187499 -0.1595458984375 -0.048492431640625
-0.41644287109375 0.290252685546875 -0.0874557495117188 0.0281143188476563
-0.124542236328125 0.431243896484375 -0.0323238372802735 0.0275020599365235
0.1298828125 0.371826171875 -0.0632820129394531 0.0105056762695313
0.34051513671875 0.224395751953125 -0.0436019897460937 0.026336669921875
0.3770751953125 0.067291259765625 -0.0402297973632812 0.0346183776855469
0.349578857421875 0.07470703125 -0.0652008056640625 0.0365066528320313
0.396453857421875 0.093719482421875 -0.100814819335937 0.0282211303710938
0.341888427734375 0.2269287109375 -0.0902175903320312 -0.0368499755859375
0.14971923828125 0.392578125 -0.103248596191406 -0.121543884277344
-0.0914306640625 0.420013427734375 -0.00599670410156251 -0.158920288085937
-0.44720458984375 0.22100830078125 0.149276733398437 -0.148406982421875
-0.58447265625 -0.01336669921875 0.190277099609375 -0.014862060546875
-0.520965576171875 -0.218902587890625 0.193161010742187 0.090576171875
-0.49737548828125 -0.141510009765625 -0.28759765625 -0.237152099609375
-0.464599609375 0.0747985839843749 -0.251754760742188 -0.0536499023437499
-0.337921142578125 0.2655029296875 -0.0990219116210938 0.0242385864257813
-0.0989990234375 0.3677978515625 -0.0515365600585938 -0.0277061462402343
0.110565185546875 0.313934326171875 -0.12091064453125 -0.0481491088867187
0.287322998046875 0.20257568359375 -0.151031494140625 -0.00694274902343746
0.3172607421875 0.0755615234375 -0.167770385742187 0.03955078125
0.29541015625 0.080108642578125 -0.18316650390625 0.0557098388671875
0.334930419921875 0.10064697265625 -0.219039916992187 0.035675048828125
0.275848388671875 0.209762573242188 -0.199813842773437 -0.061798095703125
0.104736328125 0.338775634765625 -0.170394897460938 -0.15960693359375
-0.09149169921875 0.3450927734375 -0.0396728515625 -0.189407348632812
-0.3819580078125 0.171905517578125 0.0996017456054687 -0.139404296875
-0.500030517578125 -0.0110778808593751 0.0663375854492187 -0.00641250610351563
-0.461578369140625 -0.177734375 0.0264225006103515 -0.00852394104003907
-0.37261962890625 -0.0489807128906249 -0.410308837890625 -0.294921875
-0.317718505859375 0.09197998046875 -0.32501220703125 -0.060028076171875
-0.20501708984375 0.199371337890625 -0.109428405761719 0.022430419921875
-0.052642822265625 0.242416381835938 -0.0707244873046875 -0.0646209716796875
0.07293701171875 0.201278686523438 -0.155914306640625 -0.0880126953125
0.188156127929688 0.142990112304688 -0.226837158203125 -0.033050537109375
0.207717895507813 0.0712432861328125 -0.265121459960938 0.0387725830078125
0.195205688476563 0.0716094970703125 -0.271865844726563 0.0669403076171875
0.2218017578125 0.094879150390625 -0.30615234375 0.032928466796875
0.162139892578125 0.164459228515625 -0.280349731445313 -0.086212158203125
0.033599853515625 0.2320556640625 -0.204666137695313 -0.183685302734375
-0.0883636474609375 0.20623779296875 -0.052947998046875 -0.20245361328125
-0.25677490234375 0.0793914794921875 0.061614990234375 -0.116157531738281
-0.3262939453125 -0.017608642578125 -0.0335941314697266 0.000797271728515619
-0.321441650390625 -0.1124267578125 -0.113197326660156 -0.0948944091796875
-0.197097778320313 0.0485076904296875 -0.496612548828125 -0.325469970703125
-0.136589050292969 0.0957260131835938 -0.376800537109375 -0.0620422363281251
-0.046630859375 0.112762451171875 -0.122543334960937 0.0307464599609375
0.00360870361328125 0.0886306762695313 -0.0836334228515625 -0.0716781616210938
0.0307388305664063 0.0607566833496094 -0.162155151367188 -0.0992279052734375
0.0627784729003906 0.0625534057617188 -0.26153564453125 -0.046630859375
0.0672874450683594 0.0544395446777344 -0.31756591796875 0.03570556640625
0.0664024353027344 0.0518684387207031 -0.321746826171875 0.067108154296875
0.0762863159179688 0.0727767944335938 -0.349273681640625 0.02056884765625
0.0292129516601562 0.096771240234375 -0.317901611328125 -0.1080322265625
-0.036773681640625 0.0962905883789062 -0.201980590820313 -0.1971435546875
-0.066131591796875 0.0477294921875 -0.0442962646484375 -0.199371337890625
-0.0954971313476563 -0.0139846801757812 0.0422134399414062 -0.089141845703125
-0.109832763671875 -0.0146102905273438 -0.091064453125 0.00139617919921874
-0.135360717773437 -0.0231475830078125 -0.202789306640625 -0.152801513671875
-0.062408447265625 -0.0987167358398438 0.28265380859375 0.109039306640625
-0.132194519042969 0.000465393066406265 0.117431640625 -0.0102462768554688
-0.0751571655273437 0.0973663330078125 -0.058013916015625 0.0576629638671875
0.0334091186523438 0.100349426269531 0.0142059326171875 0.201934814453125
0.080963134765625 0.0576171875 0.163803100585938 0.200485229492188
0.0949172973632813 -0.0175399780273438 0.322845458984375 0.091827392578125
0.0881729125976563 -0.056488037109375 0.375213623046875 -0.03875732421875
0.0763702392578125 -0.0388946533203125 0.333343505859375 -0.07916259765625
0.0846633911132813 -0.0362319946289062 0.31683349609375 -0.042816162109375
0.0826034545898438 0.0233993530273438 0.279891967773438 0.0455322265625
0.0325813293457031 0.0694465637207031 0.171432495117188 0.06640625
-0.0441970825195313 0.0680084228515625 0.106399536132813 0.0381317138671875
-0.0849075317382813 -0.0106887817382813 0.200241088867188 -0.032684326171875
-0.0591354370117187 -0.09381103515625 0.427825927734375 0.015045166015625
0.00909423828125001 -0.103965759277344 0.56591796875 0.37939453125
-0.273162841796875 -0.181259155273437 0.238784790039062 0.08087158203125
-0.318450927734375 -0.000610351562500021 0.0894927978515625 -0.0138626098632813
-0.22998046875 0.172897338867188 -0.0609855651855469 0.0439567565917969
-0.0303497314453125 0.241867065429688 0.00282287597656248 0.174118041992188
0.114578247070313 0.191070556640625 0.119064331054688 0.18035888671875
0.216629028320313 0.0701751708984375 0.27197265625 0.095794677734375
0.228866577148438 -0.02801513671875 0.32666015625 -0.019073486328125
0.210525512695313 -0.010650634765625 0.284515380859375 -0.056793212890625
0.236785888671875 -0.0016021728515625 0.2625732421875 -0.027984619140625
0.212997436523438 0.10247802734375 0.235275268554688 0.0316925048828125
0.0938720703125 0.208404541015625 0.128997802734375 0.0293121337890625
-0.0693817138671875 0.216934204101563 0.0932998657226563 -0.00189208984374999
-0.238082885742187 0.0751953125 0.213729858398437 -0.0713348388671875
-0.273818969726563 -0.0809173583984375 0.4326171875 -0.002197265625
-0.2030029296875 -0.171905517578125 0.5665283203125 0.34521484375
-0.446624755859375 -0.23199462890625 0.143203735351562 0.015106201171875
-0.46832275390625 0.00900268554687501 0.0270881652832031 -0.0244712829589844
-0.35614013671875 0.239776611328125 -0.0675697326660157 0.0377960205078125
-0.08489990234375 0.361114501953125 -0.00406646728515626 0.137290954589844
0.137908935546875 0.303741455078125 0.0670242309570313 0.13922119140625
0.31158447265625 0.147918701171875 0.18896484375 0.0843048095703125
0.338592529296875 0.002410888671875 0.231979370117188 0.002105712890625
0.313568115234375 0.01849365234375 0.19171142578125 -0.027099609375
0.35528564453125 0.031036376953125 0.1641845703125 -0.0072174072265625
0.316314697265625 0.166015625 0.1513671875 0.0112152099609375
0.148651123046875 0.322784423828125 0.063446044921875 -0.0200080871582031
-0.080902099609375 0.34832763671875 0.070556640625 -0.0556259155273437
-0.366180419921875 0.164093017578125 0.214691162109375 -0.11285400390625
-0.46197509765625 -0.0502929687500001 0.398773193359375 -0.0177001953125
-0.39080810546875 -0.213348388671875 0.502655029296875 0.275665283203125
-0.5552978515625 -0.23565673828125 0.00704193115234372 -0.0668830871582032
-0.556793212890625 0.0369873046874999 -0.0635452270507813 -0.0325088500976562
-0.42620849609375 0.2977294921875 -0.0767059326171875 0.0366287231445313
-0.112823486328125 0.442962646484375 -0.0130996704101563 0.0873184204101563
0.153839111328125 0.374725341796875 0.005126953125 0.0815658569335938
0.367645263671875 0.20086669921875 0.0811538696289063 0.0612106323242188
0.3980712890625 0.030670166015625 0.105552673339844 0.0210189819335938
0.370147705078125 0.044403076171875 0.0705032348632813 0.00701904296875
0.420318603515625 0.057708740234375 0.0375938415527344 0.01568603515625
0.374237060546875 0.20648193359375 0.0361213684082031 -0.0123100280761719
0.18316650390625 0.3948974609375 -0.0224990844726562 -0.0723114013671875
-0.081146240234375 0.436431884765625 0.0324325561523437 -0.112953186035156
-0.449127197265625 0.236602783203125 0.19244384765625 -0.145095825195312
-0.58892822265625 -0.0093994140625 0.316497802734375 -0.0264892578125
-0.51910400390625 -0.2261962890625 0.373687744140625 0.18682861328125
-0.58538818359375 -0.199951171875 -0.151718139648438 -0.151397705078125
-0.56591796875 0.070556640625 -0.165634155273438 -0.0372161865234375
-0.4222412109375 0.323883056640625 -0.087493896484375 0.0348587036132813
-0.11053466796875 0.460235595703125 -0.0296001434326172 0.029348373413086
0.153778076171875 0.3846435546875 -0.062957763671875 0.0153350830078125
0.370697021484375 0.2198486328125 -0.0405731201171875 0.030517578125
0.398651123046875 0.05224609375 -0.0363807678222656 0.0368537902832031
0.37017822265625 0.062744140625 -0.0610275268554687 0.0407600402832031
0.421783447265625 0.07818603515625 -0.09796142578125 0.03692626953125
0.37103271484375 0.218719482421875 -0.0920257568359375 -0.0335617065429687
0.177947998046875 0.405853271484375 -0.112831115722656 -0.11883544921875
-0.078582763671875 0.4471435546875 -0.0137481689453125 -0.160308837890625
-0.46270751953125 0.255218505859375 0.146774291992187 -0.155990600585937
-0.61370849609375 0.0137939453124999 0.194854736328125 -0.0192718505859375
-0.55548095703125 -0.21142578125 0.199966430664062 0.0873870849609375
-0.52947998046875 -0.13201904296875 -0.308837890625 -0.22833251953125
-0.486907958984375 0.0968322753906251 -0.264083862304688 -0.0399169921875
-0.34539794921875 0.296875 -0.0999984741210938 0.0313644409179688
-0.0860595703125 0.3961181640625 -0.0532760620117188 -0.0261764526367187
0.1309814453125 0.327423095703125 -0.125045776367188 -0.0429458618164062
0.315704345703125 0.199310302734375 -0.153717041015625 0.000717163085937504
0.3380126953125 0.065032958984375 -0.169891357421875 0.047821044921875
0.315216064453125 0.071533203125 -0.183792114257812 0.0665435791015625
0.358306884765625 0.088958740234375 -0.222259521484375 0.0494384765625
0.3016357421875 0.20550537109375 -0.20965576171875 -0.05413818359375
0.128814697265625 0.35284423828125 -0.186325073242188 -0.155502319335937
-0.081878662109375 0.369964599609375 -0.050262451171875 -0.190261840820312
-0.3988037109375 0.199615478515625 0.0958404541015625 -0.145095825195312
-0.52606201171875 0.010528564453125 0.064849853515625 -0.00591278076171875
-0.493011474609375 -0.174713134765625 0.0192298889160156 -0.0101966857910156
-0.39556884765625 -0.0437622070312499 -0.443328857421875 -0.287078857421875
-0.3345947265625 0.105499267578125 -0.3443603515625 -0.045166015625
-0.210281372070313 0.220077514648438 -0.113639831542969 0.029754638671875
-0.044708251953125 0.262664794921875 -0.0752105712890625 -0.0630950927734375
0.0879058837890625 0.211776733398438 -0.164794921875 -0.083282470703125
0.209152221679687 0.143508911132812 -0.2366943359375 -0.0238494873046875
0.225906372070313 0.06549072265625 -0.274063110351563 0.051727294921875
0.210952758789063 0.06768798828125 -0.278427124023438 0.0813751220703125
0.240020751953125 0.0889739990234375 -0.31396484375 0.048797607421875
0.182464599609375 0.165390014648438 -0.2939453125 -0.076141357421875
0.0484619140625 0.24554443359375 -0.22113037109375 -0.180831909179688
-0.0849151611328125 0.223861694335938 -0.0650634765625 -0.204315185546875
-0.2708740234375 0.095794677734375 0.0577850341796875 -0.119270324707031
-0.34637451171875 -0.00717163085937499 -0.0389785766601563 0.00387573242187501
-0.343353271484375 -0.113037109375 -0.131309509277344 -0.0960540771484375
-0.205368041992188 0.05072021484375 -0.535797119140625 -0.318817138671875
-0.143890380859375 0.100204467773438 -0.39984130859375 -0.04718017578125
-0.0497894287109375 0.120071411132813 -0.126258850097656 0.0388565063476563
0.00434112548828126 0.0974502563476563 -0.0893707275390625 -0.0709991455078125
0.0349273681640625 0.0669937133789063 -0.1722412109375 -0.09600830078125
0.072906494140625 0.0652542114257813 -0.274276733398438 -0.0373992919921875
0.0775146484375 0.0539398193359375 -0.329925537109375 0.0504150390625
0.07611083984375 0.0532379150390625 -0.33056640625 0.082855224609375
0.0885467529296875 0.0737457275390625 -0.36151123046875 0.037078857421875
0.0405426025390625 0.100830078125 -0.333740234375 -0.0958557128906249
-0.0313034057617188 0.107276916503906 -0.219863891601563 -0.194381713867187
-0.0696487426757813 0.0564842224121094 -0.0561981201171875 -0.204254150390625
-0.106353759765625 -0.00965118408203124 0.0395431518554687 -0.0923385620117188
-0.119796752929687 -0.0129928588867188 -0.0994873046875 0.00518035888671876
-0.143600463867188 -0.0272979736328125 -0.228836059570313 -0.155364990234375
-0.0649948120117187 -0.0929107666015625 0.307464599609375 0.099151611328125
-0.12762451171875 0.011077880859375 0.12774658203125 -0.0152435302734375
-0.0668563842773437 0.101531982421875 -0.0528450012207031 0.0597763061523437
0.03790283203125 0.0959701538085938 0.02655029296875 0.203506469726563
0.085205078125 0.0511932373046875 0.1793212890625 0.19378662109375
0.0926666259765625 -0.0248794555664063 0.33392333984375 0.0745849609375
0.0829544067382813 -0.0628280639648438 0.38153076171875 -0.063262939453125
0.0709228515625 -0.0452804565429688 0.337615966796875 -0.10064697265625
0.0790328979492188 -0.04608154296875 0.32275390625 -0.061676025390625
0.0829544067382813 0.0145034790039063 0.2882080078125 0.0289306640625
0.0386924743652344 0.0651512145996094 0.179153442382813 0.0571441650390625
-0.0380439758300781 0.0700531005859375 0.11102294921875 0.0338668823242188
-0.083160400390625 -0.00463104248046873 0.199691772460938 -0.0464630126953125
-0.0641250610351563 -0.0868377685546875 0.436981201171875 -0.00903320312500001
0.00250244140625 -0.099151611328125 0.60406494140625 0.357177734375
-0.288543701171875 -0.166595458984375 0.262481689453125 0.0760955810546875
-0.320037841796875 0.021453857421875 0.0994949340820312 -0.0142593383789062
-0.222198486328125 0.188888549804688 -0.0577468872070313 0.0471649169921875
-0.016693115234375 0.246292114257813 0.014434814453125 0.176223754882813
0.1282958984375 0.187088012695313 0.13262939453125 0.17669677734375
0.22406005859375 0.057403564453125 0.28448486328125 0.081878662109375
0.229965209960938 -0.0433807373046875 0.335418701171875 -0.03863525390625
0.212936401367188 -0.0255126953125 0.289794921875 -0.075531005859375
0.239517211914063 -0.0198516845703125 0.269058227539063 -0.0430908203125
0.223983764648437 0.0869293212890625 0.244125366210938 0.0172882080078125
0.112014770507813 0.206298828125 0.133819580078125 0.0243377685546875
-0.0548248291015625 0.227142333984375 0.0970611572265625 -0.00544738769531249
-0.237228393554688 0.0942840576171875 0.211944580078125 -0.084381103515625
-0.2855224609375 -0.059539794921875 0.43963623046875 -0.02557373046875
-0.22137451171875 -0.156356811523437 0.60186767578125 0.32330322265625
-0.471527099609375 -0.2095947265625 0.159347534179687 0.01739501953125
-0.472564697265625 0.0390319824218749 0.0344314575195312 -0.0204315185546875
-0.348419189453125 0.265350341796875 -0.0642547607421875 0.0422935485839844
-0.064910888671875 0.372802734375 0.00508880615234376 0.1392822265625
0.158905029296875 0.301849365234375 0.0766372680664063 0.139175415039063
0.329071044921875 0.131622314453125 0.200698852539063 0.076171875
0.345458984375 -0.017059326171875 0.239471435546875 -0.013885498046875
0.320648193359375 -0.0018310546875 0.198638916015625 -0.0399932861328125
0.364715576171875 0.0048828125 0.172256469726563 -0.015899658203125
0.33551025390625 0.146240234375 0.157012939453125 0.00250244140625001
0.176177978515625 0.320892333984375 0.0624961853027344 -0.0218162536621094
-0.0599365234375 0.364776611328125 0.0683708190917969 -0.0571708679199218
-0.36663818359375 0.1934814453125 0.209625244140625 -0.12548828125
-0.47735595703125 -0.0172729492187499 0.40283203125 -0.037139892578125
-0.416778564453125 -0.193115234375 0.52947998046875 0.25494384765625
-0.58343505859375 -0.21075439453125 0.0132026672363281 -0.0579452514648438
-0.5654296875 0.07049560546875 -0.0592498779296875 -0.0240554809570313
-0.41632080078125 0.3314208984375 -0.0732040405273438 0.0424957275390625
-0.08740234375 0.461578369140625 -0.00689697265625001 0.090301513671875
0.180755615234375 0.37347412109375 0.0132827758789063 0.08331298828125
0.3912353515625 0.18304443359375 0.0898895263671875 0.0593643188476563
0.4105224609375 0.006011962890625 0.112380981445313 0.0134506225585938
0.382415771484375 0.02191162109375 0.077545166015625 0.0026397705078125
0.4345703125 0.030670166015625 0.0453681945800781 0.0152015686035156
0.397857666015625 0.184112548828125 0.039642333984375 -0.013885498046875
0.215118408203125 0.39447021484375 -0.0271415710449219 -0.0691413879394531
-0.055206298828125 0.454620361328125 0.0264129638671875 -0.11138916015625
-0.44775390625 0.2724609375 0.18634033203125 -0.154800415039062
-0.606201171875 0.029296875 0.317596435546875 -0.040191650390625
-0.547698974609375 -0.201263427734375 0.39154052734375 0.169921875
-0.6134033203125 -0.17364501953125 -0.157485961914063 -0.137374877929687
-0.57598876953125 0.10626220703125 -0.166824340820313 -0.0223236083984375
-0.414947509765625 0.35845947265625 -0.08343505859375 0.0420150756835938
-0.0848388671875 0.4820556640625 -0.0267276763916016 0.0327568054199219
0.183074951171875 0.385894775390625 -0.0606803894042969 0.0208206176757813
0.397979736328125 0.200836181640625 -0.0366859436035156 0.03509521484375
0.413665771484375 0.02838134765625 -0.031494140625 0.0379981994628906
0.384918212890625 0.040985107421875 -0.0544166564941406 0.0453109741210938
0.43890380859375 0.051055908203125 -0.0917434692382812 0.044525146484375
0.39642333984375 0.198883056640625 -0.0932769775390625 -0.0289382934570313
0.2119140625 0.4063720703125 -0.122444152832031 -0.110496520996094
-0.05352783203125 0.4656982421875 -0.023773193359375 -0.15594482421875
-0.46197509765625 0.292449951171875 0.138885498046875 -0.1641845703125
-0.6312255859375 0.052734375 0.19403076171875 -0.0246429443359375
-0.58709716796875 -0.18768310546875 0.204818725585937 0.0790863037109375
-0.555084228515625 -0.109710693359375 -0.325469970703125 -0.206756591796875
-0.497161865234375 0.12640380859375 -0.271347045898438 -0.019439697265625
-0.338653564453125 0.32647705078125 -0.100212097167969 0.0393447875976563
-0.063201904296875 0.41650390625 -0.0546035766601563 -0.02337646484375
0.156005859375 0.330535888671875 -0.127449035644531 -0.034210205078125
0.340240478515625 0.18499755859375 -0.152786254882812 0.0109710693359375
0.353485107421875 0.045379638671875 -0.167755126953125 0.0572357177734375
0.3299560546875 0.05352783203125 -0.179183959960937 0.07769775390625
0.375946044921875 0.067657470703125 -0.2186279296875 0.064544677734375
0.324462890625 0.187835693359375 -0.21435546875 -0.043304443359375
0.156585693359375 0.3558349609375 -0.19927978515625 -0.144317626953125
-0.06280517578125 0.38800048828125 -0.06146240234375 -0.185226440429687
-0.4019775390625 0.23077392578125 0.0885925292968749 -0.149215698242187
-0.54168701171875 0.0433349609375001 0.0630416870117187 -0.00515365600585937
-0.519012451171875 -0.158233642578125 0.0127792358398437 -0.00993442535400392
-0.41064453125 -0.029144287109375 -0.470947265625 -0.263092041015625
-0.342376708984375 0.124908447265625 -0.357025146484375 -0.0210571289062501
-0.207626342773438 0.238861083984375 -0.115226745605469 0.0401229858398438
-0.03173828125 0.277313232421875 -0.0785446166992188 -0.0594711303710937
0.105026245117188 0.216339111328125 -0.170806884765625 -0.0749664306640625
0.229568481445313 0.136627197265625 -0.240737915039062 -0.00959777832031248
0.2406005859375 0.0529937744140625 -0.275238037109375 0.0693206787109376
0.224929809570313 0.0572509765625 -0.277023315429688 0.098480224609375
0.255905151367188 0.0756072998046875 -0.314849853515625 0.0702209472656251
0.200698852539063 0.156570434570313 -0.301361083984375 -0.058563232421875
0.0677642822265625 0.251632690429688 -0.235916137695312 -0.168899536132812
-0.0756988525390625 0.239944458007812 -0.07720947265625 -0.200653076171875
-0.27703857421875 0.116897583007813 0.051513671875 -0.122138977050781
-0.357452392578125 0.013458251953125 -0.0435600280761719 0.00832748413085938
-0.3607177734375 -0.104156494140625 -0.149551391601563 -0.09100341796875
-0.209274291992188 0.057769775390625 -0.57110595703125 -0.29364013671875
-0.146835327148438 0.105987548828125 -0.416961669921875 -0.0210266113281249
-0.04888916015625 0.126998901367187 -0.127906799316406 0.048675537109375
0.00869750976562499 0.104278564453125 -0.0944290161132813 -0.066741943359375
0.040924072265625 0.0695877075195313 -0.180526733398437 -0.0890350341796874
0.083221435546875 0.0651473999023438 -0.28155517578125 -0.022216796875
0.0884017944335938 0.0514755249023438 -0.335723876953125 0.0703124999999999
0.0848159790039063 0.052398681640625 -0.331451416015625 0.10308837890625
0.098663330078125 0.0717391967773438 -0.365631103515625 0.060211181640625
0.0546188354492188 0.10150146484375 -0.345123291015625 -0.07525634765625
-0.0230789184570313 0.115089416503906 -0.236160278320313 -0.182220458984375
-0.0694847106933594 0.0651664733886719 -0.070037841796875 -0.203384399414063
-0.114654541015625 -0.000183105468749978 0.034881591796875 -0.0960540771484375
-0.128044128417969 -0.00906372070312499 -0.105255126953125 0.0116958618164062
-0.1527099609375 -0.0291595458984375 -0.252822875976563 -0.149551391601562
-0.0645065307617187 -0.0852584838867188 0.325592041015625 0.0858154296875
-0.119888305664062 0.0208053588867187 0.136428833007813 -0.0231704711914063
-0.0578765869140625 0.10150146484375 -0.0483894348144531 0.0582313537597656
0.042633056640625 0.0891799926757813 0.0362396240234375 0.2010498046875
0.0854263305664063 0.0440292358398438 0.1854248046875 0.184890747070313
0.088348388671875 -0.0293121337890625 0.337158203125 0.055938720703125
0.0750198364257812 -0.0666885375976563 0.37811279296875 -0.084747314453125
0.0640029907226563 -0.049591064453125 0.33245849609375 -0.118072509765625
0.0732879638671875 -0.0518112182617188 0.320648193359375 -0.077362060546875
0.0813446044921875 0.0063323974609375 0.2889404296875 0.012969970703125
0.0432586669921875 0.0597076416015625 0.183074951171875 0.0508575439453125
-0.0328903198242187 0.0707244873046875 0.114212036132812 0.028900146484375
-0.0795974731445312 0.000801086425781258 0.195465087890625 -0.056915283203125
-0.0692214965820313 -0.0750885009765625 0.437255859375 -0.031097412109375
-0.00166320800781251 -0.0904464721679688 0.6246337890625 0.3267822265625
-0.292999267578125 -0.14862060546875 0.2802734375 0.0663909912109375
-0.310699462890625 0.036956787109375 0.106620788574219 -0.01922607421875
-0.209030151367188 0.19683837890625 -0.0524215698242188 0.0479888916015625
-0.00538635253906251 0.244552612304688 0.024810791015625 0.174545288085938
0.137771606445313 0.179580688476563 0.141799926757812 0.1695556640625
0.223358154296875 0.04180908203125 0.2869873046875 0.066436767578125
0.226608276367188 -0.0550689697265625 0.332489013671875 -0.05657958984375
0.207565307617188 -0.034912109375 0.28863525390625 -0.0916748046875
0.234832763671875 -0.0367584228515625 0.27032470703125 -0.052764892578125
0.227127075195313 0.0703125 0.245635986328125 0.0060577392578125
0.124099731445313 0.195846557617188 0.132843017578125 0.0195999145507813
-0.03887939453125 0.230300903320313 0.0960845947265625 -0.00510406494140624
-0.22900390625 0.10760498046875 0.206710815429688 -0.09381103515625
-0.28643798828125 -0.039642333984375 0.43994140625 -0.041778564453125
-0.231292724609375 -0.141815185546875 0.62091064453125 0.2926025390625
-0.47686767578125 -0.184478759765625 0.172744750976562 0.016632080078125
-0.4647216796875 0.0645751953125001 0.0405006408691406 -0.0203742980957031
-0.330352783203125 0.282440185546875 -0.0569229125976563 0.0443878173828125
-0.045013427734375 0.377777099609375 0.0127944946289063 0.137779235839844
0.173980712890625 0.290252685546875 0.08404541015625 0.133087158203125
0.33673095703125 0.11224365234375 0.203872680664063 0.065704345703125
0.34423828125 -0.039886474609375 0.243301391601563 -0.0265045166015625
0.319915771484375 -0.01837158203125 0.200454711914063 -0.05035400390625
0.3634033203125 -0.016845703125 0.175521850585938 -0.0239105224609375
0.340606689453125 0.123504638671875 0.157440185546875 -0.00871276855468749
0.19488525390625 0.31121826171875 0.0606193542480469 -0.0210838317871094
-0.03680419921875 0.369781494140625 0.0672187805175781 -0.0571861267089844
-0.356414794921875 0.215667724609375 0.199356079101562 -0.132339477539063
-0.4794921875 0.0142211914062499 0.397857666015625 -0.053558349609375
-0.4290771484375 -0.171142578125 0.54254150390625 0.2308349609375
-0.59442138671875 -0.17974853515625 0.0202178955078125 -0.0524482727050781
-0.560150146484375 0.10009765625 -0.0526237487792969 -0.0143623352050781
-0.397430419921875 0.35247802734375 -0.06756591796875 0.0451889038085938
-0.0620727539062499 0.468231201171875 0.00290679931640624 0.0884017944335938
0.20440673828125 0.365447998046875 0.0185394287109375 0.08258056640625
0.40167236328125 0.160491943359375 0.0941619873046875 0.0548553466796875
0.410400390625 -0.0157470703125 0.116783142089844 0.0070343017578125
0.384979248046875 0.00189208984375 0.081878662109375 -0.0029144287109375
0.438690185546875 0.00335693359375 0.0530433654785157 0.013458251953125
0.40972900390625 0.157806396484375 0.039947509765625 -0.01861572265625
0.240478515625 0.38201904296875 -0.0323066711425781 -0.0647544860839843
-0.0277099609375 0.4595947265625 0.0236892700195313 -0.108314514160156
-0.43402099609375 0.300048828125 0.176589965820312 -0.161483764648437
-0.60369873046875 0.0638427734374999 0.31298828125 -0.053070068359375
-0.56219482421875 -0.17559814453125 0.3963623046875 0.153717041015625
-0.6278076171875 -0.14471435546875 -0.15350341796875 -0.121475219726563
-0.5672607421875 0.1351318359375 -0.159698486328125 -0.00689697265624999
-0.3935546875 0.380950927734375 -0.0821914672851563 0.0490264892578125
-0.05682373046875 0.488037109375 -0.0216751098632812 0.0358810424804688
0.20574951171875 0.37664794921875 -0.0566215515136719 0.0243721008300781
0.41302490234375 0.179229736328125 -0.0297470092773437 0.0368423461914063
0.41668701171875 0.005035400390625 -0.0271186828613281 0.0394477844238281
0.38873291015625 0.018646240234375 -0.04730224609375 0.044830322265625
0.443450927734375 0.026580810546875 -0.0850753784179687 0.0520706176757812
0.406768798828125 0.17254638671875 -0.0926284790039062 -0.0242767333984375
0.23626708984375 0.39642333984375 -0.128105163574219 -0.0994720458984375
-0.026519775390625 0.47601318359375 -0.026611328125 -0.147994995117187
-0.4482421875 0.319183349609375 0.12982177734375 -0.166839599609375
-0.62969970703125 0.0891723632812501 0.19061279296875 -0.0291900634765625
-0.59735107421875 -0.16302490234375 0.20147705078125 0.071014404296875
-0.56549072265625 -0.0847778320312501 -0.331878662109375 -0.183868408203125
-0.494384765625 0.150146484375 -0.26702880859375 0.00141906738281245
-0.326263427734375 0.349334716796875 -0.094818115234375 0.048065185546875
-0.038360595703125 0.424957275390625 -0.053009033203125 -0.0195770263671875
0.176727294921875 0.32537841796875 -0.127914428710938 -0.0281143188476562
0.356964111328125 0.1649169921875 -0.14874267578125 0.01910400390625
0.359771728515625 0.023406982421875 -0.162796020507812 0.0646820068359375
0.335601806640625 0.03558349609375 -0.172042846679687 0.085418701171875
0.383544921875 0.0472412109375 -0.212188720703125 0.0786895751953125
0.336578369140625 0.17041015625 -0.212265014648437 -0.03070068359375
0.181060791015625 0.350067138671875 -0.20269775390625 -0.131011962890625
-0.041778564453125 0.394561767578125 -0.0690460205078125 -0.176788330078125
-0.3914794921875 0.253509521484375 0.082672119140625 -0.150588989257812
-0.540802001953125 0.0745849609374999 0.0583114624023437 -0.00487518310546875
-0.526031494140625 -0.13531494140625 0.0033164024353027 -0.00734949111938477
-0.41790771484375 -0.0136108398437501 -0.485870361328125 -0.2347412109375
-0.340728759765625 0.139251708984375 -0.35791015625 0.00201416015624994
-0.197891235351563 0.253494262695313 -0.1123046875 0.0498275756835938
-0.017120361328125 0.285064697265625 -0.0827407836914063 -0.0529632568359375
0.117279052734375 0.212738037109375 -0.171661376953125 -0.065765380859375
0.242462158203125 0.122222900390625 -0.2401123046875 0.00337219238281252
0.247772216796875 0.0392913818359375 -0.269607543945313 0.084075927734375
0.230743408203125 0.0456085205078125 -0.268783569335938 0.109710693359375
0.261245727539063 0.06146240234375 -0.307586669921875 0.0869140625000001
0.213790893554687 0.146102905273437 -0.3017578125 -0.0426025390624999
0.08575439453125 0.250137329101563 -0.244522094726562 -0.153167724609375
-0.06512451171875 0.250808715820313 -0.08892822265625 -0.1929931640625
-0.275283813476563 0.133499145507813 0.046234130859375 -0.122314453125
-0.359771728515625 0.03118896484375 -0.0441741943359375 0.0127983093261719
-0.367584228515625 -0.0936279296875 -0.162765502929688 -0.082550048828125
-0.20721435546875 0.0579376220703125 -0.59130859375 -0.26458740234375
-0.147232055664063 0.110427856445313 -0.420166015625 0.00357055664062507
-0.0437774658203125 0.130165100097656 -0.124290466308594 0.055145263671875
0.0139312744140625 0.109687805175781 -0.0987777709960937 -0.0616455078125
0.0440559387207031 0.0702400207519531 -0.18328857421875 -0.076324462890625
0.0919723510742188 0.0640716552734375 -0.28179931640625 -0.00622558593750002
0.0960845947265625 0.0441741943359375 -0.333831787109375 0.089447021484375
0.0907058715820313 0.045928955078125 -0.326934814453125 0.119598388671875
0.1080322265625 0.0650863647460938 -0.361175537109375 0.079681396484375
0.0638046264648438 0.0970840454101563 -0.346588134765625 -0.05572509765625
-0.0139007568359375 0.12164306640625 -0.244461059570313 -0.16644287109375
-0.0660171508789063 0.0774154663085937 -0.078399658203125 -0.195327758789063
-0.120101928710938 0.0083770751953125 0.0303497314453125 -0.0941848754882813
-0.13067626953125 -0.00596618652343749 -0.107284545898438 0.0176467895507812
-0.154586791992187 -0.030792236328125 -0.270889282226563 -0.136398315429687
-0.0636978149414062 -0.080718994140625 0.3369140625 0.07550048828125
-0.111747741699219 0.0231170654296875 0.141632080078125 -0.02691650390625
-0.0529937744140625 0.1002197265625 -0.0452346801757813 0.0577430725097656
0.043243408203125 0.0861053466796875 0.0423583984375 0.196487426757813
0.083740234375 0.0400390625 0.190414428710938 0.176605224609375
0.0830764770507813 -0.0343475341796875 0.33367919921875 0.04571533203125
0.0694732666015625 -0.0686454772949219 0.372894287109375 -0.093658447265625
0.0590744018554688 -0.0527458190917969 0.326995849609375 -0.126861572265625
0.0649566650390625 -0.0550689697265625 0.318084716796875 -0.08636474609375
0.07928466796875 0.0005950927734375 0.28863525390625 0.00457763671875
0.0445938110351562 0.0547866821289062 0.181793212890625 0.04351806640625
-0.0263442993164063 0.0694999694824219 0.113365173339844 0.025390625
-0.0749893188476563 0.0028228759765625 0.19012451171875 -0.0610809326171875
-0.0677680969238281 -0.0702133178710938 0.43377685546875 -0.0401611328125
-0.00391387939453125 -0.0838394165039063 0.63177490234375 0.30670166015625
-0.292999267578125 -0.13739013671875 0.2918701171875 0.06121826171875
-0.3011474609375 0.048980712890625 0.114891052246094 -0.0197067260742188
-0.19976806640625 0.19921875 -0.0478363037109375 0.0480842590332031
0.00132751464843749 0.2403564453125 0.030242919921875 0.1724853515625
0.140533447265625 0.171463012695313 0.14501953125 0.163162231445313
0.223251342773438 0.0340118408203125 0.28790283203125 0.058013916015625
0.221328735351563 -0.0618743896484375 0.33050537109375 -0.068817138671875
0.203323364257813 -0.0449066162109375 0.28662109375 -0.100341796875
0.229522705078125 -0.045013427734375 0.269012451171875 -0.06317138671875
0.227554321289063 0.0589141845703125 0.243881225585938 -0.002777099609375
0.132431030273438 0.189437866210938 0.134330749511719 0.016693115234375
-0.02850341796875 0.23065185546875 0.0977020263671875 -0.00806427001953123
-0.223739624023437 0.117706298828125 0.198959350585938 -0.0980377197265625
-0.287567138671875 -0.025848388671875 0.435028076171875 -0.053466796875
-0.2337646484375 -0.129150390625 0.626220703125 0.2752685546875
-0.481292724609375 -0.167816162109375 0.185775756835937 0.0148162841796875
-0.45782470703125 0.0767822265625001 0.0492095947265625 -0.0159339904785156
-0.319549560546875 0.287689208984375 -0.0547294616699219 0.0452384948730469
-0.031494140625 0.37451171875 0.0183181762695312 0.13623046875
0.1829833984375 0.283660888671875 0.0902786254882813 0.130638122558594
0.33782958984375 0.09710693359375 0.207763671875 0.0587921142578125
0.340576171875 -0.04754638671875 0.24078369140625 -0.0359039306640625
0.31719970703125 -0.0303955078125 0.201141357421875 -0.0590972900390625
0.360870361328125 -0.030517578125 0.17852783203125 -0.0284271240234375
0.343994140625 0.10662841796875 0.157180786132813 -0.01251220703125
0.207977294921875 0.30059814453125 0.0598335266113281 -0.0215530395507812
-0.02362060546875 0.3704833984375 0.0677452087402344 -0.0544700622558594
-0.3470458984375 0.227020263671875 0.195465087890625 -0.134979248046875
-0.47552490234375 0.030731201171875 0.3956298828125 -0.05877685546875
-0.4337158203125 -0.155853271484375 0.54644775390625 0.216400146484375
-0.5977783203125 -0.162353515625 0.0315971374511718 -0.0456581115722656
-0.549041748046875 0.114990234375 -0.043304443359375 -0.00884628295898437
-0.38616943359375 0.361358642578125 -0.06292724609375 0.0492286682128906
-0.045654296875 0.46832275390625 0.00502777099609374 0.0886383056640625
0.2127685546875 0.35626220703125 0.0225601196289063 0.082183837890625
0.408599853515625 0.142181396484375 0.0991897583007813 0.05145263671875
0.410369873046875 -0.030029296875 0.11859130859375 0.00150299072265625
0.383087158203125 -0.01300048828125 0.0848159790039063 -0.00921630859375
0.434295654296875 -0.01275634765625 0.0550079345703125 0.0129432678222656
0.410247802734375 0.140228271484375 0.0403938293457032 -0.0193557739257812
0.255615234375 0.3740234375 -0.0324058532714844 -0.0595970153808594
-0.012451171875 0.46417236328125 0.0226974487304688 -0.102546691894531
-0.42486572265625 0.313323974609375 0.16900634765625 -0.16046142578125
-0.59814453125 0.0853271484375001 0.309234619140625 -0.054290771484375
-0.564208984375 -0.1610107421875 0.39593505859375 0.143341064453125
-0.63018798828125 -0.12811279296875 -0.147567749023438 -0.110671997070313
-0.561553955078125 0.150238037109375 -0.1531982421875 0.0021209716796875
-0.384979248046875 0.39324951171875 -0.0746002197265625 0.0509567260742188
-0.03985595703125 0.491729736328125 -0.0195083618164063 0.0349006652832031
0.21868896484375 0.37115478515625 -0.0536880493164062 0.0270843505859375
0.420257568359375 0.161773681640625 -0.0252037048339844 0.0391082763671875
0.418609619140625 -0.0081787109375 -0.0221290588378906 0.0392189025878906
0.389678955078125 0.003936767578125 -0.04241943359375 0.0421829223632812
0.44329833984375 0.0074462890625 -0.0777969360351562 0.0537872314453125
0.412322998046875 0.155731201171875 -0.0914230346679687 -0.0223007202148437
0.2529296875 0.3887939453125 -0.129959106445312 -0.0928115844726562
-0.00946044921874996 0.4761962890625 -0.029144287109375 -0.14312744140625
-0.438018798828125 0.333526611328125 0.124160766601562 -0.165252685546875
-0.6214599609375 0.1083984375 0.187347412109375 -0.0294647216796875
-0.59967041015625 -0.14935302734375 0.199615478515625 0.068817138671875
-0.5684814453125 -0.07208251953125 -0.329559326171875 -0.168731689453125
-0.488006591796875 0.16363525390625 -0.26153564453125 0.0128326416015625
-0.315673828125 0.357330322265625 -0.0898284912109375 0.0519332885742188
-0.02386474609375 0.4290771484375 -0.0512428283691406 -0.0164527893066406
0.188385009765625 0.319610595703125 -0.123214721679687 -0.02374267578125
0.365997314453125 0.15093994140625 -0.144195556640625 0.02447509765625
0.364776611328125 0.011566162109375 -0.158416748046875 0.068389892578125
0.33990478515625 0.02276611328125 -0.162994384765625 0.0861358642578125
0.385406494140625 0.03106689453125 -0.202499389648437 0.0839385986328125
0.34259033203125 0.155670166015625 -0.2110595703125 -0.0236663818359375
0.194732666015625 0.344451904296875 -0.207870483398438 -0.120101928710937
-0.028900146484375 0.39892578125 -0.071624755859375 -0.16961669921875
-0.384735107421875 0.268768310546875 0.077606201171875 -0.146621704101562
-0.537017822265625 0.0875854492187499 0.0580787658691406 -0.00169372558593749
-0.53173828125 -0.128021240234375 -0.000955104827880891 -0.00699901580810548
-0.4178466796875 -0.00634765625000003 -0.48553466796875 -0.2156982421875
-0.3404541015625 0.14666748046875 -0.353546142578125 0.018798828125
-0.193084716796875 0.25860595703125 -0.106842041015625 0.052978515625
-0.00595092773437498 0.288909912109375 -0.0803756713867187 -0.0509567260742188
0.126998901367188 0.212997436523437 -0.170318603515625 -0.0585174560546875
0.249771118164062 0.114105224609375 -0.234329223632812 0.0104827880859375
0.251785278320313 0.029205322265625 -0.264678955078125 0.08966064453125
0.236846923828125 0.0361785888671875 -0.261627197265625 0.116714477539063
0.268341064453125 0.0511932373046875 -0.29827880859375 0.0947570800781251
0.220184326171875 0.135421752929688 -0.29742431640625 -0.030548095703125
0.09844970703125 0.249526977539063 -0.246734619140625 -0.143081665039062
-0.0550994873046875 0.252532958984375 -0.090362548828125 -0.18414306640625
-0.274276733398438 0.143936157226562 0.0422210693359375 -0.119865417480469
-0.35955810546875 0.04132080078125 -0.0470352172851563 0.0172576904296875
-0.373626708984375 -0.0908203125 -0.171630859375 -0.0757293701171875
-0.209930419921875 0.0617523193359375 -0.59368896484375 -0.24249267578125
-0.14727783203125 0.109832763671875 -0.41949462890625 0.0191650390625
-0.0452804565429687 0.131538391113281 -0.122566223144531 0.0624160766601562
0.0160369873046875 0.111228942871094 -0.0979461669921875 -0.0575180053710937
0.0480575561523438 0.07391357421875 -0.182113647460937 -0.072479248046875
0.0974960327148438 0.0581817626953125 -0.277130126953125 -0.000823974609374947
0.100433349609375 0.0386886596679688 -0.32806396484375 0.096527099609375
0.097900390625 0.043792724609375 -0.3189697265625 0.12786865234375
0.112808227539063 0.0608673095703125 -0.354461669921875 0.0918579101562499
0.0704421997070313 0.094818115234375 -0.343597412109375 -0.043548583984375
-0.00534820556640625 0.122520446777344 -0.247283935546875 -0.15576171875
-0.0667724609375 0.0799331665039062 -0.086395263671875 -0.188629150390625
-0.122772216796875 0.0145111083984375 0.026397705078125 -0.0928878784179688
-0.13348388671875 0.000312805175781229 -0.111137390136719 0.0210418701171875
-0.161148071289063 -0.03216552734375 -0.2825927734375 -0.12701416015625
-0.061187744140625 -0.0789871215820313 0.35052490234375 0.0714111328125
-0.106636047363281 0.0257492065429688 0.148269653320313 -0.03033447265625
-0.0488128662109375 0.0985031127929688 -0.04425048828125 0.0564498901367188
0.0425338745117188 0.082366943359375 0.045806884765625 0.195999145507813
0.0840606689453125 0.0376358032226563 0.192306518554688 0.174972534179688
0.0806503295898438 -0.03662109375 0.334503173828125 0.040679931640625
0.0675239562988281 -0.0701446533203125 0.37432861328125 -0.1004638671875
0.0547142028808594 -0.0539207458496094 0.328155517578125 -0.132904052734375
0.0597038269042969 -0.0573310852050781 0.3214111328125 -0.091949462890625
0.0764312744140625 -0.00424957275390625 0.29022216796875 0.000335693359375
0.0448989868164063 0.0513496398925781 0.1826171875 0.04180908203125
-0.0231246948242187 0.0687294006347656 0.115089416503906 0.024139404296875
-0.072418212890625 0.00379943847656249 0.189254760742188 -0.0634918212890625
-0.0673637390136719 -0.065948486328125 0.437286376953125 -0.04534912109375
-0.00325775146484375 -0.0782318115234375 0.64501953125 0.3031005859375
-0.296356201171875 -0.132659912109375 0.30670166015625 0.059967041015625
-0.297882080078125 0.0524597167968751 0.123863220214844 -0.0215682983398438
-0.197052001953125 0.201751708984375 -0.0455894470214844 0.0469818115234375
0.00469970703125003 0.241043090820312 0.0334014892578125 0.170913696289063
0.142425537109375 0.169692993164063 0.147811889648437 0.162094116210937
0.22515869140625 0.0294036865234375 0.289764404296875 0.053863525390625
0.221099853515625 -0.0665435791015625 0.33258056640625 -0.07489013671875
0.202438354492187 -0.0489959716796875 0.2880859375 -0.107391357421875
0.227737426757813 -0.05169677734375 0.273849487304688 -0.0674591064453125
0.227432250976563 0.0508575439453125 0.245040893554688 -0.0073394775390625
0.138519287109375 0.186996459960938 0.133987426757813 0.0159378051757813
-0.0231170654296875 0.233963012695313 0.100318908691406 -0.00818634033203124
-0.222808837890625 0.122573852539063 0.19781494140625 -0.0986785888671875
-0.289276123046875 -0.0159606933593751 0.439483642578125 -0.05523681640625
-0.237518310546875 -0.123550415039063 0.6370849609375 0.27191162109375
-0.48675537109375 -0.1614990234375 0.198257446289062 0.015533447265625
-0.453155517578125 0.083953857421875 0.0597496032714843 -0.0163230895996094
-0.31787109375 0.293701171875 -0.0508537292480469 0.04473876953125
-0.025390625 0.377410888671875 0.022216796875 0.135917663574219
0.18951416015625 0.2828369140625 0.0928497314453125 0.129570007324219
0.342376708984375 0.089324951171875 0.211196899414063 0.0556640625
0.3436279296875 -0.0556640625 0.244552612304688 -0.040435791015625
0.318817138671875 -0.0384521484375 0.2037353515625 -0.0652313232421875
0.3609619140625 -0.0399169921875 0.182815551757813 -0.03131103515625
0.34747314453125 0.097625732421875 0.159164428710938 -0.0149383544921875
0.218475341796875 0.299163818359375 0.0595436096191406 -0.0199089050292969
-0.014862060546875 0.375640869140625 0.071044921875 -0.0538482666015625
-0.347320556640625 0.23675537109375 0.193267822265625 -0.13555908203125
-0.47955322265625 0.0439758300781251 0.398101806640625 -0.060791015625
-0.44024658203125 -0.150970458984375 0.55181884765625 0.21392822265625
-0.60491943359375 -0.1566162109375 0.0423927307128906 -0.0427284240722656
-0.547943115234375 0.123779296875 -0.03533935546875 -0.00536346435546874
-0.384002685546875 0.36920166015625 -0.0587921142578125 0.0489044189453125
-0.0372314453125 0.473297119140625 0.00698852539062501 0.0902328491210938
0.22210693359375 0.35516357421875 0.0252685546875 0.0819778442382813
0.416107177734375 0.133453369140625 0.103630065917969 0.0495758056640625
0.41534423828125 -0.039093017578125 0.121246337890625 -0.00226593017578125
0.386627197265625 -0.0225830078125 0.0894699096679688 -0.0138473510742188
0.438690185546875 -0.023956298828125 0.0614547729492188 0.0127525329589844
0.416351318359375 0.12896728515625 0.0405158996582031 -0.0210189819335937
0.26776123046875 0.37139892578125 -0.03424072265625 -0.0567779541015625
-0.00204467773437497 0.4691162109375 0.0252838134765625 -0.102005004882812
-0.425933837890625 0.325103759765625 0.167068481445312 -0.160751342773437
-0.60272216796875 0.0982055664062501 0.310699462890625 -0.05291748046875
-0.57379150390625 -0.15570068359375 0.39727783203125 0.1434326171875
-0.63739013671875 -0.12060546875 -0.1417236328125 -0.105392456054688
-0.56524658203125 0.1590576171875 -0.1470947265625 0.008087158203125
-0.38385009765625 0.401580810546875 -0.0704803466796875 0.053619384765625
-0.029052734375 0.49945068359375 -0.0180282592773438 0.0355148315429688
0.2296142578125 0.37060546875 -0.0509033203125 0.0271797180175781
0.42999267578125 0.152313232421875 -0.0203132629394531 0.0384330749511719
0.426177978515625 -0.019561767578125 -0.0193214416503906 0.037200927734375
0.396270751953125 -0.003692626953125 -0.0385055541992187 0.0391845703125
0.4500732421875 -0.00213623046875 -0.0723495483398437 0.0553131103515625
0.418792724609375 0.14556884765625 -0.0909347534179687 -0.020721435546875
0.26654052734375 0.387542724609375 -0.132164001464844 -0.0879821777343749
-0.00134277343749996 0.482147216796875 -0.0274658203125 -0.141250610351562
-0.440673828125 0.34454345703125 0.123626708984375 -0.163726806640625
-0.62591552734375 0.119384765625 0.1883544921875 -0.0272979736328125
-0.61004638671875 -0.14935302734375 0.198410034179687 0.06976318359375
-0.57659912109375 -0.06683349609375 -0.3280029296875 -0.160888671875
-0.49383544921875 0.170257568359375 -0.258193969726563 0.0219573974609376
-0.315216064453125 0.366943359375 -0.0870361328125 0.0549240112304688
-0.015899658203125 0.4366455078125 -0.0507278442382813 -0.0148773193359375
0.198760986328125 0.321746826171875 -0.122573852539062 -0.0223464965820312
0.377044677734375 0.14208984375 -0.140525817871094 0.026519775390625
0.371002197265625 0.001953125 -0.155868530273437 0.0711212158203125
0.345794677734375 0.015289306640625 -0.161056518554687 0.08575439453125
0.3934326171875 0.022369384765625 -0.198654174804687 0.08734130859375
0.350921630859375 0.148193359375 -0.21099853515625 -0.0220794677734375
0.20648193359375 0.3453369140625 -0.20953369140625 -0.114517211914063
-0.021514892578125 0.40692138671875 -0.070953369140625 -0.167160034179687
-0.386993408203125 0.278289794921875 0.077392578125 -0.146072387695312
-0.539642333984375 0.0960693359374999 0.0579643249511718 0.00173187255859376
-0.5426025390625 -0.128662109375 -0.00756120681762699 -0.00350427627563477
-0.427154541015625 -0.005401611328125 -0.4903564453125 -0.206817626953125
-0.345794677734375 0.15179443359375 -0.35406494140625 0.02789306640625
-0.19427490234375 0.2659912109375 -0.105384826660156 0.05755615234375
1.81702761605359E-17 0.2967529296875 -0.0811309814453125 -0.0491104125976562
0.133804321289062 0.215240478515625 -0.170944213867188 -0.0572509765625
0.260208129882813 0.109146118164063 -0.232925415039062 0.013671875
0.259185791015625 0.0213775634765625 -0.265151977539063 0.0943450927734375
0.243545532226562 0.031341552734375 -0.259429931640625 0.11773681640625
0.277008056640625 0.0455169677734375 -0.2972412109375 0.1011962890625
0.226943969726563 0.1319580078125 -0.29864501953125 -0.0277404785156249
0.107009887695313 0.252182006835938 -0.248779296875 -0.136474609375
-0.0510101318359375 0.259902954101563 -0.09130859375 -0.180755615234375
-0.27642822265625 0.150604248046875 0.0429763793945312 -0.119400024414062
-0.363983154296875 0.04534912109375 -0.0495529174804688 0.0211143493652344
-0.3822021484375 -0.0935668945312499 -0.180343627929688 -0.0720977783203125
-0.213577270507812 0.059326171875 -0.6041259765625 -0.23565673828125
-0.152511596679688 0.1123046875 -0.42352294921875 0.028228759765625
-0.0470504760742187 0.132980346679688 -0.121971130371094 0.066314697265625
0.0180130004882812 0.115501403808594 -0.0991668701171875 -0.0567245483398437
0.050689697265625 0.0768814086914063 -0.183792114257813 -0.0715179443359375
0.103759765625 0.05767822265625 -0.278732299804688 0.00344848632812503
0.10552978515625 0.03668212890625 -0.3291015625 0.1025390625
0.102806091308594 0.041473388671875 -0.319061279296875 0.131317138671875
0.118949890136719 0.0599746704101563 -0.3546142578125 0.09771728515625
0.075439453125 0.0950393676757812 -0.342987060546875 -0.0391845703125
-0.000160217285156261 0.126235961914063 -0.25042724609375 -0.151229858398438
-0.0646743774414063 0.0847930908203125 -0.0882415771484375 -0.186080932617188
-0.125450134277344 0.018890380859375 0.0264053344726562 -0.0934982299804688
-0.138328552246094 -6.10351562499822E-05 -0.114433288574219 0.0241165161132813
-0.166580200195313 -0.0370025634765625 -0.295654296875 -0.122589111328125
-0.0620346069335937 -0.0792236328125 0.3687744140625 0.066741943359375
-0.103950500488281 0.028167724609375 0.157272338867188 -0.0350799560546875
-0.0470199584960938 0.100479125976562 -0.0440330505371094 0.0572853088378906
0.044036865234375 0.0818557739257813 0.050140380859375 0.199386596679688
0.0851516723632813 0.03533935546875 0.199295043945313 0.17645263671875
0.079803466796875 -0.0395965576171875 0.34320068359375 0.03704833984375
0.0657806396484375 -0.0732803344726563 0.382904052734375 -0.111480712890625
0.0522499084472656 -0.0568466186523438 0.335235595703125 -0.142547607421875
0.0551643371582031 -0.0607147216796875 0.330352783203125 -0.09991455078125
0.0752182006835938 -0.00827789306640625 0.29803466796875 -0.004730224609375
0.04730224609375 0.0496253967285156 0.188369750976563 0.040557861328125
-0.0209846496582031 0.0689353942871094 0.118728637695312 0.023101806640625
-0.07220458984375 0.00525665283203124 0.191574096679688 -0.067901611328125
-0.068756103515625 -0.062042236328125 0.451385498046875 -0.052825927734375
-0.00197601318359375 -0.0748977661132813 0.6708984375 0.2998046875
-0.30517578125 -0.13043212890625 0.325408935546875 0.056884765625
-0.299560546875 0.0591735839843751 0.134819030761719 -0.0249176025390625
-0.198501586914063 0.209243774414063 -0.0450782775878906 0.0469398498535156
0.00950622558593752 0.245330810546875 0.0377349853515625 0.174636840820313
0.148788452148438 0.170318603515625 0.153457641601563 0.16351318359375
0.231338500976563 0.023406982421875 0.29925537109375 0.050811767578125
0.226165771484375 -0.0739898681640625 0.34130859375 -0.0845947265625
0.20513916015625 -0.0556182861328125 0.295684814453125 -0.116485595703125
0.229736328125 -0.05963134765625 0.2845458984375 -0.074676513671875
0.231613159179688 0.0444793701171875 0.252288818359375 -0.0119476318359375
0.148361206054688 0.187332153320313 0.137588500976563 0.0155868530273438
-0.0166473388671875 0.240066528320313 0.104209899902344 -0.00994110107421874
-0.227249145507812 0.131454467773438 0.201324462890625 -0.103408813476563
-0.297332763671875 -0.00735473632812495 0.4522705078125 -0.060791015625
-0.245895385742188 -0.1201171875 0.66058349609375 0.27020263671875
-0.501678466796875 -0.15838623046875 0.214752197265625 0.014862060546875
-0.459869384765625 0.0926818847656249 0.06964111328125 -0.0168724060058594
-0.32073974609375 0.3057861328125 -0.0492897033691407 0.0454025268554688
-0.01824951171875 0.387908935546875 0.0259857177734375 0.13848876953125
0.200103759765625 0.2860107421875 0.0971755981445313 0.131492614746094
0.354339599609375 0.08160400390625 0.21990966796875 0.05401611328125
0.35205078125 -0.06646728515625 0.252899169921875 -0.047760009765625
0.32586669921875 -0.047576904296875 0.20947265625 -0.0740966796875
0.3695068359375 -0.051025390625 0.192901611328125 -0.035614013671875
0.35760498046875 0.08990478515625 0.163131713867188 -0.018646240234375
0.23468017578125 0.301300048828125 0.0610198974609375 -0.0183296203613281
-0.00555419921875004 0.38714599609375 0.0748748779296875 -0.0564498901367187
-0.354400634765625 0.25213623046875 0.195892333984375 -0.14068603515625
-0.49298095703125 0.05694580078125 0.4105224609375 -0.063934326171875
-0.457122802734375 -0.147796630859375 0.5711669921875 0.212158203125
-0.62493896484375 -0.15179443359375 0.0528373718261718 -0.0418739318847656
-0.55963134765625 0.13385009765625 -0.0274448394775391 -0.00398063659667968
-0.3887939453125 0.38494873046875 -0.0566940307617188 0.0504875183105469
-0.0264892578125 0.48724365234375 0.0103073120117187 0.0915069580078125
0.235809326171875 0.360687255859375 0.0279922485351563 0.0840225219726563
0.432098388671875 0.123870849609375 0.110343933105469 0.0486907958984375
0.42864990234375 -0.052276611328125 0.126556396484375 -0.00609588623046875
0.398406982421875 -0.032470703125 0.0926361083984375 -0.019989013671875
0.45196533203125 -0.035797119140625 0.0679817199707031 0.0112266540527344
0.42938232421875 0.1212158203125 0.0418968200683594 -0.0219535827636719
0.287017822265625 0.373931884765625 -0.0360031127929687 -0.0542984008789062
0.00909423828125003 0.48480224609375 0.0283050537109375 -0.1041259765625
-0.434967041015625 0.34356689453125 0.170364379882813 -0.165939331054687
-0.6192626953125 0.1146240234375 0.319854736328125 -0.05419921875
-0.59527587890625 -0.15496826171875 0.40814208984375 0.144744873046875
-0.65826416015625 -0.1163330078125 -0.138351440429688 -0.102760314941406
-0.57818603515625 0.169921875 -0.142745971679688 0.012939453125
-0.389434814453125 0.420318603515625 -0.068817138671875 0.0561103820800782
-0.017852783203125 0.51580810546875 -0.0155372619628906 0.0371589660644532
0.2437744140625 0.37677001953125 -0.0509147644042969 0.0290985107421875
0.447845458984375 0.142486572265625 -0.0164260864257812 0.0392074584960938
0.44024658203125 -0.031494140625 -0.0167694091796875 0.0362281799316406
0.40911865234375 -0.013946533203125 -0.0376815795898437 0.03662109375
0.464996337890625 -0.0146484375 -0.068511962890625 0.0571327209472656
0.43328857421875 0.13824462890625 -0.0926437377929687 -0.0207977294921875
0.286224365234375 0.393402099609375 -0.136283874511719 -0.0852432250976563
0.00994873046874997 0.49884033203125 -0.026336669921875 -0.143508911132813
-0.449554443359375 0.363861083984375 0.125411987304687 -0.168060302734375
-0.64263916015625 0.1356201171875 0.19293212890625 -0.0261383056640625
-0.63330078125 -0.14703369140625 0.201141357421875 0.0723724365234375
-0.5966796875 -0.0635986328125001 -0.33319091796875 -0.157470703125
-0.505828857421875 0.17999267578125 -0.259841918945313 0.0294189453125
-0.32159423828125 0.384368896484375 -0.0860137939453125 0.0588455200195313
-0.00491333007812501 0.452423095703125 -0.0504837036132813 -0.0135154724121094
0.212738037109375 0.328582763671875 -0.12567138671875 -0.0204544067382812
0.3936767578125 0.13427734375 -0.140220642089844 0.028411865234375
0.3856201171875 -0.008758544921875 -0.156478881835937 0.073699951171875
0.359527587890625 0.0068359375 -0.162948608398438 0.087005615234375
0.40875244140625 0.01263427734375 -0.198455810546875 0.0925750732421874
0.36480712890625 0.143035888671875 -0.215301513671875 -0.0193634033203125
0.22265625 0.35076904296875 -0.215713500976562 -0.110641479492187
-0.012664794921875 0.42010498046875 -0.072265625 -0.169525146484375
-0.3966064453125 0.2943115234375 0.0780792236328125 -0.15045166015625
-0.553314208984375 0.10687255859375 0.0589256286621093 0.00490188598632813
-0.5633544921875 -0.1317138671875 -0.0124645233154297 0.000529289245605461
-0.441558837890625 -0.00134277343750002 -0.50439453125 -0.201629638671875
-0.356842041015625 0.159759521484375 -0.3609619140625 0.0378723144531251
-0.19952392578125 0.278793334960938 -0.104804992675781 0.0611419677734375
0.00683593750000001 0.308990478515625 -0.0831680297851562 -0.0484619140625
0.145004272460937 0.220626831054688 -0.17608642578125 -0.0561981201171875
0.274322509765625 0.103713989257813 -0.23651123046875 0.0173492431640625
0.269577026367188 0.0137481689453125 -0.270187377929687 0.100555419921875
0.255401611328125 0.02508544921875 -0.263946533203125 0.123046875
0.290740966796875 0.03863525390625 -0.300689697265625 0.108795166015625
0.238418579101562 0.129348754882813 -0.3055419921875 -0.023223876953125
0.119400024414062 0.2581787109375 -0.257080078125 -0.131866455078125
-0.0464324951171875 0.271377563476563 -0.0936431884765625 -0.182968139648437
-0.28399658203125 0.163238525390625 0.04315185546875 -0.122146606445312
-0.3748779296875 0.0513916015624999 -0.0527992248535156 0.0247573852539063
-0.399505615234375 -0.0965881347656249 -0.194183349609375 -0.0673675537109375
-0.220779418945313 0.059844970703125 -0.6253662109375 -0.22900390625
-0.1588134765625 0.115203857421875 -0.43505859375 0.038818359375
-0.0496368408203125 0.137115478515625 -0.122489929199219 0.071533203125
0.0200347900390625 0.12225341796875 -0.102943420410156 -0.0552978515625
0.0554046630859375 0.0804901123046875 -0.189437866210938 -0.071136474609375
0.112251281738281 0.0561904907226563 -0.285491943359375 0.00683593749999996
0.111793518066406 0.0335159301757813 -0.336700439453125 0.111572265625
0.110237121582031 0.0392379760742187 -0.325225830078125 0.139068603515625
0.128578186035156 0.0578536987304688 -0.3612060546875 0.1068115234375
0.0822296142578125 0.094818115234375 -0.350555419921875 -0.033172607421875
0.00595092773437499 0.131698608398438 -0.258590698242187 -0.148300170898438
-0.0650100708007812 0.0929412841796875 -0.0921478271484375 -0.187423706054688
-0.130645751953125 0.0243759155273437 0.0263900756835937 -0.0958404541015625
-0.14453125 0.00141906738281249 -0.121337890625 0.0279083251953125
-0.176834106445313 -0.0410614013671875 -0.3134765625 -0.118072509765625
-0.0652313232421875 -0.0785751342773438 0.393341064453125 0.054779052734375
-0.101051330566406 0.0334625244140625 0.16839599609375 -0.043243408203125
-0.0429534912109375 0.104583740234375 -0.0444259643554688 0.0586700439453125
0.0467529296875 0.0806045532226563 0.059600830078125 0.203781127929688
0.0883026123046875 0.033050537109375 0.212615966796875 0.175643920898438
0.0790328979492187 -0.0448837280273437 0.356414794921875 0.025970458984375
0.0630722045898438 -0.079620361328125 0.3939208984375 -0.131256103515625
0.0483055114746094 -0.0602378845214844 0.343048095703125 -0.1605224609375
0.0503578186035156 -0.0648155212402344 0.341094970703125 -0.116790771484375
0.0744705200195313 -0.0141220092773438 0.3094482421875 -0.01519775390625
0.0507011413574219 0.0470466613769531 0.196182250976563 0.035614013671875
-0.0182647705078125 0.0703659057617188 0.124931335449219 0.020050048828125
-0.0730819702148438 0.00803375244140625 0.196319580078125 -0.076446533203125
-0.0723342895507813 -0.0583038330078125 0.469451904296875 -0.071319580078125
-0.001922607421875 -0.072967529296875 0.71112060546875 0.2852783203125
-0.32025146484375 -0.124267578125 0.35089111328125 0.04644775390625
-0.303955078125 0.071624755859375 0.147171020507813 -0.0315093994140625
-0.197036743164062 0.223068237304688 -0.0444107055664063 0.0484199523925781
0.0184173583984375 0.252273559570313 0.046295166015625 0.178237915039063
0.160171508789063 0.170379638671875 0.165206909179688 0.1649169921875
0.239395141601563 0.0132293701171875 0.31329345703125 0.04205322265625
0.230255126953125 -0.0887451171875 0.353271484375 -0.101837158203125
0.208511352539062 -0.0668792724609375 0.30242919921875 -0.13397216796875
0.233871459960937 -0.0723114013671875 0.295654296875 -0.08917236328125
0.2403564453125 0.033905029296875 0.261215209960938 -0.0216827392578125
0.163848876953125 0.185562133789063 0.143722534179688 0.0130767822265625
-0.00592041015625 0.248947143554688 0.10955810546875 -0.0144195556640625
-0.231002807617188 0.145889282226563 0.204025268554688 -0.113479614257812
-0.308837890625 0.00830078125000002 0.472686767578125 -0.07861328125
-0.260498046875 -0.113204956054688 0.69769287109375 0.2564697265625
-0.5263671875 -0.147125244140625 0.234832763671875 0.00854492187499999
-0.47003173828125 0.11224365234375 0.0810317993164062 -0.0194473266601562
-0.32269287109375 0.329498291015625 -0.0477561950683594 0.0476188659667969
-0.003509521484375 0.401641845703125 0.03399658203125 0.142257690429688
0.21923828125 0.28863525390625 0.105430603027344 0.134239196777344
0.371307373046875 0.067108154296875 0.231475830078125 0.04705810546875
0.364105224609375 -0.086456298828125 0.26202392578125 -0.061370849609375
0.3365478515625 -0.06365966796875 0.21551513671875 -0.087799072265625
0.3807373046875 -0.07080078125 0.202484130859375 -0.0448760986328125
0.372772216796875 0.075408935546875 0.168228149414063 -0.0260009765625
0.2587890625 0.3018798828125 0.06268310546875 -0.0184593200683594
0.0125732421875 0.40283203125 0.077972412109375 -0.0608673095703125
-0.360992431640625 0.27679443359375 0.198074340820312 -0.1510009765625
-0.5106201171875 0.080780029296875 0.428009033203125 -0.079345703125
-0.4825439453125 -0.13763427734375 0.59967041015625 0.20440673828125
-0.653076171875 -0.13671875 0.0631484985351562 -0.0439491271972656
-0.5732421875 0.1580810546875 -0.0197639465332032 -0.00291061401367186
-0.392242431640625 0.414764404296875 -0.0551834106445313 0.0527801513671875
-0.00765991210937498 0.506591796875 0.0161895751953125 0.0944061279296875
0.2596435546875 0.365509033203125 0.0317916870117188 0.086334228515625
0.4547119140625 0.1068115234375 0.119972229003906 0.046173095703125
0.443695068359375 -0.07452392578125 0.134254455566406 -0.0132980346679688
0.412322998046875 -0.0518798828125 0.0960159301757813 -0.0277786254882813
0.468353271484375 -0.059478759765625 0.0761489868164063 0.00748443603515625
0.4501953125 0.106048583984375 0.0421867370605469 -0.0250778198242187
0.31756591796875 0.37646484375 -0.0381393432617187 -0.0512886047363281
0.0303344726562501 0.504180908203125 0.0285263061523437 -0.10986328125
-0.441070556640625 0.374603271484375 0.170013427734375 -0.176162719726562
-0.6390380859375 0.1427001953125 0.332244873046875 -0.063385009765625
-0.62646484375 -0.14324951171875 0.428436279296875 0.13934326171875
-0.689208984375 -0.1005859375 -0.138191223144531 -0.100593566894531
-0.5947265625 0.1968994140625 -0.140220642089844 0.0198135375976563
-0.39154052734375 0.451629638671875 -0.0673065185546875 0.059661865234375
0.00314331054687499 0.537384033203125 -0.0134201049804688 0.0402946472167969
0.27020263671875 0.38232421875 -0.0521812438964844 0.0327949523925782
0.473419189453125 0.123870849609375 -0.0123786926269531 0.0403823852539063
0.457733154296875 -0.0543212890625 -0.0141220092773437 0.0369186401367188
0.42657470703125 -0.033905029296875 -0.0379524230957031 0.0350608825683594
0.48565673828125 -0.036773681640625 -0.0654258728027343 0.060882568359375
0.45556640625 0.12481689453125 -0.096649169921875 -0.01849365234375
0.317657470703125 0.3955078125 -0.144134521484375 -0.079681396484375
0.03076171875 0.519317626953125 -0.0291900634765625 -0.14935302734375
-0.455657958984375 0.3968505859375 0.124221801757812 -0.177108764648437
-0.6644287109375 0.16204833984375 0.2005615234375 -0.0292510986328125
-0.6668701171875 -0.1383056640625 0.2091064453125 0.0724639892578125
-0.6253662109375 -0.0490722656250001 -0.34521484375 -0.149932861328125
-0.522125244140625 0.20562744140625 -0.263275146484375 0.0415802001953125
-0.3245849609375 0.412750244140625 -0.085418701171875 0.0640487670898438
0.015167236328125 0.47247314453125 -0.0518684387207031 -0.0116424560546875
0.236083984375 0.334075927734375 -0.130378723144531 -0.0161666870117188
0.41839599609375 0.120025634765625 -0.141799926757812 0.0332489013671875
0.403472900390625 -0.0284423828125 -0.1588134765625 0.081695556640625
0.376861572265625 -0.00970458984375 -0.166046142578125 0.092987060546875
0.429412841796875 -0.007598876953125 -0.198837280273437 0.1021728515625
0.385162353515625 0.131805419921875 -0.223983764648437 -0.0124053955078125
0.250885009765625 0.35498046875 -0.227676391601562 -0.103530883789063
0.00311279296875002 0.43994140625 -0.0778350830078125 -0.1746826171875
-0.403778076171875 0.322906494140625 0.076446533203125 -0.157806396484375
-0.572998046875 0.13018798828125 0.0609397888183593 0.00696563720703126
-0.59490966796875 -0.123046875 -0.016937255859375 0.00518226623535155
-0.462158203125 0.00885009765625006 -0.5269775390625 -0.190032958984375
-0.369171142578125 0.178131103515625 -0.37200927734375 0.05499267578125
-0.202239990234375 0.297882080078125 -0.105155944824219 0.0687942504882813
0.02178955078125 0.324127197265625 -0.0869140625 -0.0458221435546875
0.160858154296875 0.2264404296875 -0.18377685546875 -0.051513671875
0.292572021484375 0.093353271484375 -0.242202758789062 0.02484130859375
0.283782958984375 0.00067138671875 -0.275787353515625 0.114212036132813
0.268844604492188 0.0133819580078125 -0.26995849609375 0.134765625
0.307891845703125 0.02520751953125 -0.306549072265625 0.12457275390625
0.254745483398437 0.12298583984375 -0.316925048828125 -0.013427734375
0.137344360351563 0.263946533203125 -0.270706176757813 -0.125274658203125
-0.036590576171875 0.28607177734375 -0.101760864257813 -0.186325073242187
-0.29193115234375 0.181060791015625 0.041656494140625 -0.128791809082031
-0.390350341796875 0.0666198730468749 -0.0561141967773438 0.0311164855957031
-0.424407958984375 -0.0929870605468751 -0.209060668945313 -0.0596160888671875
-0.228973388671875 0.064910888671875 -0.65728759765625 -0.2147216796875
-0.165145874023437 0.123992919921875 -0.452789306640625 0.0588073730468749
-0.050506591796875 0.143722534179687 -0.124382019042969 0.0798187255859375
0.0266571044921875 0.129570007324219 -0.107742309570313 -0.05206298828125
0.0623016357421875 0.08441162109375 -0.198028564453125 -0.0674896240234375
0.122016906738281 0.0517959594726562 -0.295745849609375 0.0164184570312501
0.120124816894531 0.0295028686523438 -0.346527099609375 0.128936767578125
0.119491577148438 0.0345077514648437 -0.332977294921875 0.156280517578125
0.140457153320312 0.0532150268554687 -0.37005615234375 0.125823974609375
0.09246826171875 0.0946044921875 -0.364715576171875 -0.0214233398437501
0.014984130859375 0.13763427734375 -0.272781372070313 -0.143310546875
-0.06256103515625 0.102493286132813 -0.100753784179687 -0.190185546875
-0.136367797851563 0.0311050415039062 0.0240478515625 -0.100898742675781
-0.153121948242188 0.00567626953124998 -0.128692626953125 0.0357742309570313
-0.190628051757813 -0.04217529296875 -0.337615966796875 -0.10870361328125
-0.0696487426757813 -0.0750961303710938 0.41510009765625 0.03155517578125
-0.0967025756835938 0.040252685546875 0.176498413085937 -0.056427001953125
-0.0362091064453125 0.108467102050781 -0.0420608520507812 0.0618820190429688
0.0509796142578125 0.0783157348632813 0.0738372802734375 0.204605102539063
0.0909805297851563 0.0275726318359375 0.228790283203125 0.1676025390625
0.07586669921875 -0.0510787963867187 0.366455078125 0.0052490234375
0.0577621459960937 -0.08648681640625 0.396697998046875 -0.16009521484375
0.0427322387695313 -0.0642738342285156 0.342926025390625 -0.186553955078125
0.0432624816894531 -0.0687294006347656 0.344451904296875 -0.142791748046875
0.0716476440429688 -0.020843505859375 0.317291259765625 -0.034088134765625
0.0548973083496094 0.0419998168945313 0.203475952148437 0.0249786376953125
-0.0129776000976563 0.071533203125 0.129783630371094 0.01251220703125
-0.073577880859375 0.012725830078125 0.196426391601563 -0.089996337890625
-0.0755462646484375 -0.0513916015625 0.480377197265625 -0.1038818359375
-0.00337982177734375 -0.0714340209960938 0.7479248046875 0.24835205078125
-0.334442138671875 -0.10687255859375 0.372222900390625 0.026397705078125
-0.302093505859375 0.090240478515625 0.1571044921875 -0.0424346923828125
-0.188690185546875 0.239822387695313 -0.0426559448242188 0.05133056640625
0.0340118408203125 0.25592041015625 0.058868408203125 0.178604125976563
0.174148559570313 0.163406372070313 0.178543090820313 0.159774780273438
0.244705200195312 -0.0046539306640625 0.3243408203125 0.02392578125
0.22900390625 -0.108047485351563 0.357391357421875 -0.128265380859375
0.2071533203125 -0.0815582275390625 0.30218505859375 -0.157440185546875
0.232833862304688 -0.0909881591796875 0.30072021484375 -0.11090087890625
0.246017456054688 0.0170135498046875 0.2662353515625 -0.037811279296875
0.181167602539063 0.177291870117188 0.148178100585938 0.00695800781250001
0.0110626220703125 0.255462646484375 0.1124267578125 -0.022125244140625
-0.22882080078125 0.165924072265625 0.20361328125 -0.127365112304688
-0.31549072265625 0.03155517578125 0.4830322265625 -0.108795166015625
-0.273727416992188 -0.0985107421875 0.734130859375 0.22296142578125
-0.54742431640625 -0.120880126953125 0.251632690429687 -0.00483703613281251
-0.471771240234375 0.14208984375 0.0909042358398437 -0.0260238647460937
-0.312225341796875 0.356903076171875 -0.0457382202148438 0.0504798889160156
0.02117919921875 0.41082763671875 0.0444793701171875 0.142959594726563
0.242340087890625 0.280838012695313 0.116287231445313 0.131431579589844
0.3841552734375 0.0416259765625 0.243316650390625 0.0338897705078125
0.3673095703125 -0.115264892578125 0.267074584960938 -0.08087158203125
0.33941650390625 -0.0880126953125 0.215286254882813 -0.105148315429688
0.38568115234375 -0.099822998046875 0.208786010742188 -0.0606842041015625
0.384918212890625 0.0509033203125 0.170486450195313 -0.03643798828125
0.287994384765625 0.290802001953125 0.0645713806152344 -0.0201454162597656
0.039520263671875 0.41265869140625 0.0777130126953125 -0.0690689086914062
-0.355499267578125 0.309417724609375 0.19415283203125 -0.165420532226563
-0.519744873046875 0.117462158203125 0.437774658203125 -0.10430908203125
-0.504913330078125 -0.11285400390625 0.630126953125 0.1748046875
-0.68017578125 -0.10626220703125 0.0731964111328125 -0.0482864379882813
-0.5765380859375 0.1956787109375 -0.0116138458251953 -0.00170993804931639
-0.38134765625 0.450042724609375 -0.0521011352539063 0.0569953918457031
0.025970458984375 0.5206298828125 0.0235366821289063 0.0958480834960938
0.29052734375 0.35833740234375 0.0380172729492188 0.0886383056640625
0.473236083984375 0.076171875 0.128822326660156 0.0398101806640625
0.451904296875 -0.110595703125 0.138481140136719 -0.0244598388671875
0.4200439453125 -0.081573486328125 0.09564208984375 -0.0375747680664063
0.479248046875 -0.096435546875 0.0828933715820313 0.00127410888671874
0.4681396484375 0.077484130859375 0.0406303405761719 -0.0281181335449219
0.352935791015625 0.3643798828125 -0.0414199829101562 -0.0473823547363281
0.0642395019531249 0.516143798828125 0.0242385864257813 -0.115882873535156
-0.43267822265625 0.41448974609375 0.164382934570312 -0.189010620117188
-0.648681640625 0.1861572265625 0.340362548828125 -0.0809326171875
-0.65753173828125 -0.112548828125 0.4471435546875 0.120391845703125
-0.7159423828125 -0.0679321289062501 -0.139556884765625 -0.094268798828125
-0.59967041015625 0.23675537109375 -0.135581970214844 0.0291061401367188
-0.379730224609375 0.488433837890625 -0.0642318725585938 0.0650596618652344
0.0386962890625 0.55255126953125 -0.00954437255859375 0.0415725708007813
0.302764892578125 0.376068115234375 -0.0506515502929687 0.03839111328125
0.49468994140625 0.09307861328125 -0.00641250610351559 0.0405387878417969
0.468353271484375 -0.089874267578125 -0.0102272033691406 0.036041259765625
0.436065673828125 -0.06341552734375 -0.0374603271484375 0.0349845886230469
0.498626708984375 -0.074981689453125 -0.0587158203125 0.0646247863769531
0.475128173828125 0.096771240234375 -0.101547241210937 -0.0130081176757812
0.355987548828125 0.38372802734375 -0.150604248046875 -0.06976318359375
0.066253662109375 0.53167724609375 -0.0372467041015625 -0.152694702148437
-0.4481201171875 0.43572998046875 0.117431640625 -0.188186645507812
-0.67327880859375 0.20703125 0.205825805664062 -0.0384674072265625
-0.69873046875 -0.10650634765625 0.217559814453125 0.0652008056640625
-0.64697265625 -0.0183715820312501 -0.3570556640625 -0.133056640625
-0.526214599609375 0.24078369140625 -0.263168334960938 0.0592041015625
-0.31317138671875 0.44561767578125 -0.0817794799804688 0.0716094970703125
0.04681396484375 0.48583984375 -0.0518989562988281 -0.0080146789550781
0.26678466796875 0.32952880859375 -0.134552001953125 -0.00727081298828123
0.438629150390625 0.09130859375 -0.139991760253906 0.0413665771484375
0.41436767578125 -0.0587158203125 -0.15728759765625 0.0917510986328125
0.388580322265625 -0.037353515625 -0.1658935546875 0.102401733398437
0.444366455078125 -0.041748046875 -0.1949462890625 0.116256713867188
0.40533447265625 0.107879638671875 -0.230911254882813 -0.000198364257812473
0.285247802734375 0.34759521484375 -0.237808227539063 -0.0892486572265625
0.032379150390625 0.452423095703125 -0.0883026123046875 -0.17547607421875
-0.3985595703125 0.357086181640625 0.069061279296875 -0.165679931640625
-0.5838623046875 0.16888427734375 0.0637588500976562 0.00730895996093751
-0.62493896484375 -0.0979614257812501 -0.019430160522461 0.00961303710937499
-0.478118896484375 0.031158447265625 -0.5491943359375 -0.163604736328125
-0.372467041015625 0.203521728515625 -0.376556396484375 0.0799255371093749
-0.19464111328125 0.319915771484375 -0.102195739746094 0.078338623046875
0.04461669921875 0.333709716796875 -0.0909423828125 -0.040557861328125
0.181686401367187 0.223968505859375 -0.191543579101563 -0.0413665771484374
0.30938720703125 0.073883056640625 -0.245635986328125 0.0391387939453125
0.293701171875 -0.02056884765625 -0.276351928710938 0.133804321289063
0.2791748046875 -0.0057373046875 -0.270309448242188 0.15283203125
0.3223876953125 0.0015869140625 -0.304290771484375 0.146087646484375
0.271347045898438 0.108078002929688 -0.32562255859375 0.00552368164062496
0.162643432617188 0.261642456054688 -0.28326416015625 -0.11029052734375
-0.0181884765625 0.298065185546875 -0.11370849609375 -0.185867309570312
-0.290374755859375 0.206146240234375 0.0340118408203125 -0.134361267089844
-0.399658203125 0.091461181640625 -0.056793212890625 0.0384559631347656
-0.44720458984375 -0.076507568359375 -0.22235107421875 -0.045257568359375
-0.234359741210938 0.0756530761718751 -0.6878662109375 -0.17974853515625
-0.167190551757813 0.135665893554687 -0.46221923828125 0.09014892578125
-0.048095703125 0.151473999023438 -0.1217041015625 0.0905838012695313
0.0371856689453125 0.133445739746094 -0.112640380859375 -0.0464935302734375
0.070556640625 0.08428955078125 -0.20660400390625 -0.0578460693359375
0.131057739257812 0.0441131591796875 -0.30145263671875 0.034027099609375
0.127334594726563 0.0204010009765625 -0.349029541015625 0.15399169921875
0.127212524414063 0.0261077880859375 -0.333648681640625 0.1795654296875
0.1517333984375 0.0423126220703125 -0.371185302734375 0.15252685546875
0.10400390625 0.0900421142578125 -0.373779296875 0.000488281250000011
0.027862548828125 0.14068603515625 -0.287628173828125 -0.1282958984375
-0.055999755859375 0.111114501953125 -0.114044189453125 -0.189208984375
-0.139137268066406 0.0426025390625 0.017425537109375 -0.104911804199219
-0.159423828125 0.013946533203125 -0.13287353515625 0.0478973388671875
-0.204086303710938 -0.0359039306640625 -0.358642578125 -0.08642578125
-0.0731277465820312 -0.0693893432617188 0.42425537109375 0.00323486328125
-0.088623046875 0.0448684692382813 0.179702758789063 -0.0707550048828125
-0.0267410278320313 0.108047485351562 -0.0381393432617187 0.0638771057128906
0.0543289184570313 0.073577880859375 0.08758544921875 0.199142456054688
0.0918121337890625 0.0205078125 0.239059448242188 0.152313232421875
0.070526123046875 -0.0572738647460938 0.36639404296875 -0.018280029296875
0.0487442016601562 -0.0910186767578125 0.38568115234375 -0.1876220703125
0.0357246398925781 -0.0662574768066406 0.331298828125 -0.209259033203125
0.0350494384765625 -0.0702781677246094 0.337158203125 -0.1663818359375
0.0665779113769531 -0.0268173217773438 0.314178466796875 -0.05572509765625
0.0574722290039063 0.0355949401855469 0.204574584960938 0.0124664306640625
-0.00772857666015624 0.0704421997070313 0.130943298339844 0.00368499755859375
-0.071533203125 0.0182266235351563 0.190460205078125 -0.102432250976563
-0.076171875 -0.0429458618164063 0.47650146484375 -0.13726806640625
-0.00484466552734376 -0.0680809020996094 0.76690673828125 0.1983642578125
-0.340087890625 -0.0859985351562499 0.383331298828125 0.000427246093749995
-0.29046630859375 0.10797119140625 0.162979125976562 -0.0557861328125
-0.1719970703125 0.251327514648437 -0.0384635925292969 0.0533294677734375
0.049713134765625 0.251251220703125 0.0713348388671875 0.174636840820313
0.18408203125 0.15106201171875 0.188888549804687 0.148513793945312
0.242233276367188 -0.023101806640625 0.32666015625 0.0023193359375
0.219284057617187 -0.126052856445313 0.349578857421875 -0.15411376953125
0.198822021484375 -0.0955047607421875 0.292144775390625 -0.17779541015625
0.224044799804688 -0.108123779296875 0.296112060546875 -0.1339111328125
0.24462890625 -0.001983642578125 0.263626098632813 -0.0555877685546875
0.1944580078125 0.1617431640625 0.149765014648438 -0.00216674804687499
0.029541015625 0.253570556640625 0.11175537109375 -0.0303802490234375
-0.218353271484375 0.1829833984375 0.195419311523438 -0.13934326171875
-0.312225341796875 0.056427001953125 0.479339599609375 -0.140350341796875
-0.280227661132813 -0.0799407958984375 0.74884033203125 0.17523193359375
-0.556488037109375 -0.086639404296875 0.262527465820312 -0.0225982666015625
-0.457763671875 0.16912841796875 0.098419189453125 -0.0338821411132812
-0.2911376953125 0.37750244140625 -0.0415115356445313 0.0523300170898438
0.048431396484375 0.40771484375 0.0549163818359375 0.138633728027344
0.26123046875 0.263748168945313 0.125022888183594 0.12554931640625
0.384521484375 0.012176513671875 0.247711181640625 0.01666259765625
0.357635498046875 -0.1439208984375 0.263336181640625 -0.101760864257813
0.33282470703125 -0.11163330078125 0.207199096679688 -0.121200561523438
0.37774658203125 -0.130615234375 0.207916259765625 -0.0765838623046875
0.38653564453125 0.022552490234375 0.16754150390625 -0.04705810546875
0.3087158203125 0.26788330078125 0.0641021728515625 -0.022125244140625
0.06890869140625 0.40997314453125 0.0739212036132813 -0.0751571655273437
-0.338287353515625 0.335723876953125 0.183761596679688 -0.176162719726562
-0.512786865234375 0.154296875 0.433929443359375 -0.131744384765625
-0.515045166015625 -0.082061767578125 0.64044189453125 0.13531494140625
-0.68853759765625 -0.06500244140625 0.0805206298828125 -0.0539398193359375
-0.561920166015625 0.2301025390625 -0.0032296180725098 -0.00266981124877928
-0.353302001953125 0.477325439453125 -0.046539306640625 0.05889892578125
0.060638427734375 0.516387939453125 0.031951904296875 0.0932388305664063
0.31536865234375 0.338104248046875 0.044708251953125 0.0879440307617188
0.47711181640625 0.03985595703125 0.13458251953125 0.029052734375
0.44439697265625 -0.14447021484375 0.139045715332031 -0.0361328125
0.41412353515625 -0.110870361328125 0.0925979614257813 -0.0464096069335938
0.473052978515625 -0.133880615234375 0.0863037109375 -0.00617218017578126
0.4730224609375 0.04302978515625 0.0384559631347657 -0.0296669006347656
0.3807373046875 0.336944580078125 -0.0427093505859375 -0.0421295166015625
0.098876953125 0.512847900390625 0.0171890258789063 -0.119125366210937
-0.410614013671875 0.44671630859375 0.152450561523438 -0.1982421875
-0.63824462890625 0.2314453125 0.33837890625 -0.10107421875
-0.6688232421875 -0.0738525390624999 0.45550537109375 0.09368896484375
-0.724365234375 -0.02679443359375 -0.136932373046875 -0.085845947265625
-0.58367919921875 0.2728271484375 -0.126434326171875 0.0371170043945313
-0.351287841796875 0.5174560546875 -0.058074951171875 0.0687484741210938
0.0782775878906251 0.549560546875 -0.00481414794921875 0.0421333312988282
0.330535888671875 0.3568115234375 -0.0470466613769531 0.0434951782226563
0.501556396484375 0.05511474609375 -0.000740051269531221 0.0387077331542969
0.463653564453125 -0.126068115234375 -0.00632858276367185 0.0342521667480469
0.432647705078125 -0.095245361328125 -0.0373344421386719 0.0356559753417969
0.494476318359375 -0.11663818359375 -0.0509223937988281 0.0666275024414062
0.482269287109375 0.061309814453125 -0.102615356445312 -0.00582885742187501
0.384124755859375 0.357666015625 -0.153350830078125 -0.057373046875
0.1026611328125 0.527435302734375 -0.04669189453125 -0.15185546875
-0.424468994140625 0.47003173828125 0.1046142578125 -0.19439697265625
-0.661376953125 0.2537841796875 0.206710815429687 -0.0486602783203125
-0.71136474609375 -0.06658935546875 0.220993041992187 0.0540924072265625
-0.65289306640625 0.01806640625 -0.3594970703125 -0.1102294921875
-0.513824462890625 0.2740478515625 -0.254104614257813 0.0773010253906251
-0.28961181640625 0.4688720703125 -0.0753097534179688 0.0769500732421875
0.083099365234375 0.4844970703125 -0.0506248474121094 -0.00477218627929685
0.290740966796875 0.31201171875 -0.13446044921875 0.00286865234375
0.44580078125 0.056610107421875 -0.13433837890625 0.0483551025390625
0.411865234375 -0.09197998046875 -0.149307250976563 0.100616455078125
0.387542724609375 -0.06512451171875 -0.160858154296875 0.111083984375
0.444244384765625 -0.077423095703125 -0.183502197265625 0.12725830078125
0.414306640625 0.07806396484375 -0.230758666992187 0.0159912109375
0.311676025390625 0.326141357421875 -0.241119384765625 -0.0716400146484375
0.0635986328125 0.451446533203125 -0.0995941162109375 -0.170974731445312
-0.378204345703125 0.386932373046875 0.058380126953125 -0.16949462890625
-0.57489013671875 0.20709228515625 0.0655517578125 0.00652694702148439
-0.63739013671875 -0.06268310546875 -0.0207557678222657 0.0143260955810547
-0.479949951171875 0.057098388671875 -0.556640625 -0.127410888671875
-0.363861083984375 0.22637939453125 -0.369659423828125 0.106781005859375
-0.179931640625 0.3359375 -0.0957794189453125 0.0854263305664063
0.068511962890625 0.33251953125 -0.0921478271484375 -0.0342864990234375
0.198577880859375 0.2132568359375 -0.1934814453125 -0.02801513671875
0.316192626953125 0.049652099609375 -0.240997314453125 0.0535736083984375
0.294891357421875 -0.04376220703125 -0.267623901367188 0.15179443359375
0.28118896484375 -0.02691650390625 -0.261627197265625 0.1689453125
0.32525634765625 -0.0260009765625 -0.291961669921875 0.165740966796875
0.281021118164063 0.0867156982421875 -0.324981689453125 0.0274658203125
0.184371948242188 0.24957275390625 -0.288787841796875 -0.0889892578125
0.003021240234375 0.30078125 -0.12579345703125 -0.179519653320312
-0.28009033203125 0.226821899414062 0.02496337890625 -0.13604736328125
-0.3956298828125 0.1168212890625 -0.0544509887695313 0.0456275939941406
-0.459716796875 -0.05157470703125 -0.228179931640625 -0.02667236328125
-0.233123779296875 0.0861663818359375 -0.699951171875 -0.134033203125
-0.162857055664063 0.146331787109375 -0.45654296875 0.122314453125
-0.0436553955078125 0.155868530273438 -0.113983154296875 0.0996093750000001
0.0464630126953125 0.13275146484375 -0.114578247070313 -0.038482666015625
0.0786972045898438 0.0809326171875 -0.210540771484375 -0.0446014404296875
0.135513305664063 0.0337142944335938 -0.2994384765625 0.0523681640625
0.130966186523438 0.0113449096679688 -0.33935546875 0.178192138671875
0.13140869140625 0.0164871215820313 -0.32293701171875 0.20068359375
0.157455444335938 0.028533935546875 -0.359832763671875 0.17889404296875
0.112579345703125 0.0810317993164062 -0.372467041015625 0.0256042480468751
0.0399627685546875 0.13922119140625 -0.29473876953125 -0.10723876953125
-0.047149658203125 0.117294311523438 -0.126434326171875 -0.181350708007813
-0.138046264648437 0.0528564453125 0.0093841552734375 -0.106338500976563
-0.1611328125 0.0239105224609375 -0.132347106933594 0.060394287109375
-0.21234130859375 -0.0268402099609375 -0.36907958984375 -0.059661865234375
-0.0733413696289063 -0.0637969970703125 0.423431396484375 -0.02032470703125
-0.0798797607421875 0.045928955078125 0.179244995117188 -0.081939697265625
-0.0189743041992187 0.104522705078125 -0.0339279174804688 0.0638542175292969
0.0554428100585938 0.0685653686523438 0.096435546875 0.18994140625
0.09051513671875 0.0153732299804687 0.240982055664063 0.137863159179688
0.0650634765625 -0.0601577758789063 0.35797119140625 -0.036407470703125
0.04046630859375 -0.0927276611328125 0.370025634765625 -0.205078125
0.0294876098632813 -0.0655899047851563 0.316162109375 -0.221710205078125
0.0281524658203125 -0.0697212219238281 0.3232421875 -0.18115234375
0.0609321594238281 -0.030426025390625 0.30548095703125 -0.07000732421875
0.0569801330566406 0.0299072265625 0.201644897460938 0.0029754638671875
-0.00329208374023438 0.0677642822265625 0.128974914550781 -0.00298309326171875
-0.0676155090332031 0.0211372375488281 0.182174682617188 -0.109771728515625
-0.0739669799804688 -0.0352935791015625 0.463775634765625 -0.159149169921875
-0.00501632690429687 -0.0643157958984375 0.76153564453125 0.15875244140625
-0.337127685546875 -0.068634033203125 0.384521484375 -0.020294189453125
-0.275131225585938 0.1160888671875 0.165313720703125 -0.0660858154296875
-0.155441284179687 0.25262451171875 -0.0343437194824219 0.0531997680664063
0.06060791015625 0.243057250976562 0.0793304443359375 0.166488647460938
0.187393188476563 0.13848876953125 0.192123413085938 0.137039184570312
0.234329223632813 -0.0373687744140625 0.321075439453125 -0.0145263671875
0.206451416015625 -0.136550903320312 0.336334228515625 -0.17083740234375
0.189071655273438 -0.103622436523438 0.278228759765625 -0.189529418945313
0.211639404296875 -0.118621826171875 0.28558349609375 -0.146392822265625
0.236404418945313 -0.01605224609375 0.25537109375 -0.065643310546875
0.199722290039063 0.145828247070313 0.147308349609375 -0.00825500488281249
0.042144775390625 0.246444702148438 0.108161926269531 -0.0359268188476562
-0.206192016601562 0.19342041015625 0.185440063476563 -0.145050048828125
-0.30224609375 0.073333740234375 0.466522216796875 -0.16156005859375
-0.27789306640625 -0.06396484375 0.7425537109375 0.13818359375
-0.550537109375 -0.0613403320312501 0.26556396484375 -0.0363922119140625
-0.436279296875 0.184234619140625 0.103553771972656 -0.0417938232421875
-0.26776123046875 0.384979248046875 -0.0373077392578125 0.0526275634765625
0.067230224609375 0.39569091796875 0.06231689453125 0.132354736328125
0.268783569335938 0.245819091796875 0.129356384277344 0.118156433105469
0.376312255859375 -0.010711669921875 0.24566650390625 0.0027923583984375
0.341522216796875 -0.162750244140625 0.254959106445313 -0.115325927734375
0.319488525390625 -0.1259765625 0.19720458984375 -0.128875732421875
0.361907958984375 -0.15130615234375 0.203033447265625 -0.0874786376953125
0.378265380859375 -0.00042724609375 0.161331176757813 -0.0531005859375
0.3187255859375 0.242584228515625 0.063079833984375 -0.0237770080566406
0.08721923828125 0.399078369140625 0.0686416625976563 -0.0779190063476562
-0.317169189453125 0.35052490234375 0.172348022460937 -0.17950439453125
-0.49615478515625 0.1800537109375 0.42340087890625 -0.14825439453125
-0.511199951171875 -0.0570373535156249 0.6348876953125 0.10272216796875
-0.68133544921875 -0.034912109375 0.0855865478515625 -0.0584793090820313
-0.5386962890625 0.248016357421875 0.00478363037109372 -0.00470924377441405
-0.326446533203125 0.4874267578125 -0.042236328125 0.0594558715820313
0.0856628417968749 0.502471923828125 0.0374221801757813 0.0892105102539063
0.325714111328125 0.317413330078125 0.048828125 0.08551025390625
0.46881103515625 0.010833740234375 0.136123657226563 0.01934814453125
0.4278564453125 -0.168670654296875 0.136436462402344 -0.0450668334960938
0.4010009765625 -0.130340576171875 0.086639404296875 -0.0509567260742188
0.455841064453125 -0.159576416015625 0.0870895385742188 -0.013092041015625
0.46429443359375 0.0147705078125 0.0360603332519532 -0.030029296875
0.39227294921875 0.308013916015625 -0.0419540405273437 -0.0376548767089844
0.1224365234375 0.49810791015625 0.0106201171875 -0.118545532226562
-0.38421630859375 0.461578369140625 0.140213012695312 -0.199508666992188
-0.615966796875 0.26007080078125 0.330902099609375 -0.112762451171875
-0.66485595703125 -0.0446777343750001 0.4493408203125 0.072235107421875
-0.71575927734375 0.00207519531249987 -0.129974365234375 -0.0791778564453125
-0.561065673828125 0.291473388671875 -0.115501403808594 0.0406646728515625
-0.32550048828125 0.529327392578125 -0.0524749755859375 0.0698776245117188
0.105712890625 0.5338134765625 -0.000698089599609368 0.0405921936035157
0.341827392578125 0.334686279296875 -0.042938232421875 0.0470314025878906
0.493255615234375 0.02447509765625 0.00409317016601565 0.0360450744628906
0.448577880859375 -0.15234375 -0.00289154052734372 0.0317001342773437
0.420684814453125 -0.116119384765625 -0.0365180969238281 0.0356864929199219
0.479156494140625 -0.143798828125 -0.0434455871582031 0.0651893615722656
0.475799560546875 0.032928466796875 -0.100509643554687 0.000381469726562493
0.397857666015625 0.32843017578125 -0.15057373046875 -0.047607421875
0.125213623046875 0.512969970703125 -0.053375244140625 -0.147491455078125
-0.397674560546875 0.48443603515625 0.0944671630859375 -0.193862915039062
-0.6395263671875 0.28155517578125 0.203018188476563 -0.0554351806640625
-0.7083740234375 -0.0359497070312501 0.217788696289062 0.0446319580078125
-0.64324951171875 0.0430297851562499 -0.3526611328125 -0.0922241210937501
-0.494140625 0.290618896484375 -0.242141723632813 0.087554931640625
-0.267059326171875 0.48046875 -0.0683135986328125 0.0783233642578125
0.10565185546875 0.471893310546875 -0.0476837158203125 -0.00266647338867184
0.30242919921875 0.294464111328125 -0.130279541015625 0.0109786987304688
0.440521240234375 0.02923583984375 -0.126808166503906 0.0517807006835938
0.40020751953125 -0.115386962890625 -0.141159057617187 0.104019165039062
0.37811279296875 -0.08526611328125 -0.154983520507812 0.115463256835937
0.4322509765625 -0.10504150390625 -0.171371459960937 0.131988525390625
0.410064697265625 0.052978515625 -0.225387573242188 0.02783203125
0.32568359375 0.302032470703125 -0.23736572265625 -0.0568084716796875
0.085235595703125 0.4405517578125 -0.105743408203125 -0.163619995117187
-0.356536865234375 0.400634765625 0.0490570068359375 -0.16717529296875
-0.55645751953125 0.23089599609375 0.0665550231933593 0.00582504272460939
-0.6351318359375 -0.03497314453125 -0.0211467742919922 0.0171031951904297
-0.4732666015625 0.0745849609374999 -0.550537109375 -0.099700927734375
-0.350067138671875 0.238922119140625 -0.356170654296875 0.123870849609375
-0.1658935546875 0.3428955078125 -0.0886077880859375 0.088348388671875
0.08502197265625 0.3253173828125 -0.090576171875 -0.0297164916992187
0.207778930664063 0.200729370117188 -0.190399169921875 -0.0175323486328125
0.312744140625 0.029266357421875 -0.232437133789062 0.0628051757812499
0.289459228515625 -0.0606689453125 -0.254913330078125 0.16168212890625
0.276748657226563 -0.0419769287109375 -0.250167846679688 0.17791748046875
0.318878173828125 -0.047271728515625 -0.276092529296875 0.176239013671875
0.28125 0.068328857421875 -0.315521240234375 0.042816162109375
0.196640014648438 0.233978271484375 -0.28472900390625 -0.072052001953125
0.01837158203125 0.296356201171875 -0.132110595703125 -0.170440673828125
-0.266830444335937 0.237823486328125 0.0177383422851562 -0.133064270019531
-0.384857177734375 0.1329345703125 -0.0514411926269531 0.0502204895019531
-0.459686279296875 -0.0333862304687499 -0.227890014648438 -0.012725830078125
-0.227386474609375 0.0915374755859375 -0.6917724609375 -0.0999145507812501
-0.157974243164063 0.150177001953125 -0.44384765625 0.144927978515625
-0.0406036376953125 0.15704345703125 -0.106231689453125 0.103347778320313
0.0522079467773438 0.130035400390625 -0.113487243652344 -0.0318832397460938
0.0819015502929687 0.077362060546875 -0.20819091796875 -0.032928466796875
0.136497497558594 0.0244140625 -0.290740966796875 0.0653381347656249
0.131141662597656 0.0029144287109375 -0.32501220703125 0.19287109375
0.131912231445313 0.0074462890625 -0.30902099609375 0.212371826171875
0.15765380859375 0.0158538818359375 -0.342132568359375 0.192840576171875
0.1173095703125 0.0719451904296875 -0.36297607421875 0.0441284179687501
0.049102783203125 0.134063720703125 -0.2921142578125 -0.0889892578125001
-0.0386734008789063 0.118629455566406 -0.1326904296875 -0.171478271484375
-0.134193420410156 0.0597457885742187 0.00341796874999999 -0.103691101074219
-0.159713745117188 0.0304107666015625 -0.128189086914063 0.0679550170898437
-0.215728759765625 -0.019012451171875 -0.367706298828125 -0.037811279296875
-0.0718917846679688 -0.0604095458984375 0.421173095703125 -0.03314208984375
-0.0729141235351563 0.044219970703125 0.180206298828125 -0.089813232421875
-0.014739990234375 0.0998001098632813 -0.0313606262207031 0.0628089904785156
0.055206298828125 0.0648574829101563 0.1005859375 0.182815551757813
0.089019775390625 0.0115509033203125 0.240188598632813 0.129302978515625
0.0602951049804688 -0.0618515014648438 0.3497314453125 -0.0435791015625
0.0335540771484375 -0.0921401977539063 0.358062744140625 -0.212066650390625
0.0251655578613281 -0.063690185546875 0.306732177734375 -0.224639892578125
0.0238838195800781 -0.0682640075683594 0.313507080078125 -0.185638427734375
0.055938720703125 -0.0319671630859375 0.29864501953125 -0.07470703125
0.0562057495117188 0.0255851745605469 0.197906494140625 -0.0016021728515625
-0.000980377197265622 0.0655517578125 0.12664794921875 -0.00649261474609375
-0.0644607543945312 0.0233726501464844 0.177108764648437 -0.112014770507813
-0.0705490112304688 -0.0303421020507812 0.451629638671875 -0.169036865234375
-0.00365447998046875 -0.0616378784179688 0.75091552734375 0.14007568359375
-0.331787109375 -0.059967041015625 0.384674072265625 -0.031707763671875
-0.26220703125 0.115707397460938 0.167572021484375 -0.0735626220703125
-0.146377563476562 0.249740600585938 -0.0313758850097656 0.0521888732910156
0.0643310546875 0.235641479492188 0.0834503173828125 0.15972900390625
0.186920166015625 0.131362915039063 0.192535400390625 0.129791259765625
0.226959228515625 -0.04449462890625 0.315887451171875 -0.02288818359375
0.195846557617188 -0.140792846679688 0.327056884765625 -0.178924560546875
0.181610107421875 -0.106002807617187 0.268386840820313 -0.192962646484375
0.202545166015625 -0.12347412109375 0.278854370117188 -0.152191162109375
0.228500366210938 -0.02301025390625 0.2490234375 -0.069580078125
0.19989013671875 0.134780883789063 0.14520263671875 -0.010650634765625
0.0482635498046875 0.24090576171875 0.105476379394531 -0.0381546020507812
-0.197830200195313 0.1973876953125 0.179443359375 -0.146133422851563
-0.29229736328125 0.083587646484375 0.458099365234375 -0.170318603515625
-0.27435302734375 -0.0566558837890625 0.73199462890625 0.1185302734375
-0.541748046875 -0.0499267578125001 0.2684326171875 -0.0448150634765625
-0.421539306640625 0.1856689453125 0.109336853027344 -0.0476608276367187
-0.254730224609375 0.383514404296875 -0.0334396362304688 0.0512542724609375
0.07501220703125 0.38519287109375 0.065521240234375 0.127655029296875
0.2694091796875 0.234771728515625 0.130569458007813 0.114234924316406
0.3665771484375 -0.022735595703125 0.243209838867188 -0.004913330078125
0.329010009765625 -0.171478271484375 0.249176025390625 -0.122528076171875
0.310577392578125 -0.13201904296875 0.190582275390625 -0.131851196289063
0.34906005859375 -0.16058349609375 0.198867797851563 -0.092681884765625
0.3702392578125 -0.0120849609375 0.157302856445313 -0.054229736328125
0.3206787109375 0.22747802734375 0.0630073547363281 -0.023895263671875
0.09600830078125 0.390655517578125 0.06524658203125 -0.0784759521484375
-0.305816650390625 0.355987548828125 0.166122436523437 -0.17852783203125
-0.480621337890625 0.191314697265625 0.415985107421875 -0.15582275390625
-0.50567626953125 -0.0469970703125 0.62469482421875 0.091064453125
-0.671142578125 -0.0223388671875 0.0913314819335937 -0.0621261596679687
-0.52197265625 0.249786376953125 0.0131940841674804 -0.00809192657470702
-0.311309814453125 0.488525390625 -0.0380821228027344 0.0583763122558594
0.096221923828125 0.49188232421875 0.0405044555664063 0.0857925415039063
0.328460693359375 0.303497314453125 0.0514755249023438 0.0850601196289063
0.45916748046875 -0.004730224609375 0.136573791503906 0.0134506225585938
0.414306640625 -0.1807861328125 0.134262084960938 -0.0509872436523438
0.39111328125 -0.13848876953125 0.0835418701171875 -0.0522384643554688
0.44024658203125 -0.173095703125 0.08837890625 -0.01751708984375
0.45416259765625 0.000823974609375 0.0348224639892578 -0.0288143157958984
0.39569091796875 0.2879638671875 -0.0404052734375 -0.0345420837402344
0.13330078125 0.487518310546875 0.0073089599609375 -0.116447448730469
-0.36968994140625 0.466522216796875 0.134002685546875 -0.197341918945313
-0.59771728515625 0.27166748046875 0.325225830078125 -0.117431640625
-0.6585693359375 -0.03192138671875 0.4427490234375 0.06304931640625
-0.7069091796875 0.01446533203125 -0.121772766113281 -0.0771713256835938
-0.5443115234375 0.29345703125 -0.106338500976563 0.0411148071289063
-0.30975341796875 0.532379150390625 -0.0484390258789063 0.0691795349121094
0.1158447265625 0.5224609375 0.00189971923828126 0.0390548706054688
0.3448486328125 0.321441650390625 -0.0394287109375 0.048736572265625
0.485107421875 0.007720947265625 0.00750541687011722 0.0326404571533203
0.436492919921875 -0.164825439453125 -0.000867843627929659 0.0283927917480469
0.41253662109375 -0.125274658203125 -0.0362930297851562 0.0353164672851562
0.46533203125 -0.158355712890625 -0.0386276245117187 0.0623741149902344
0.467071533203125 0.018646240234375 -0.098785400390625 0.00440216064453127
0.40118408203125 0.30987548828125 -0.147048950195312 -0.0414276123046874
0.13580322265625 0.50238037109375 -0.056854248046875 -0.143539428710937
-0.382354736328125 0.489349365234375 0.088775634765625 -0.189956665039062
-0.62261962890625 0.2913818359375 0.20037841796875 -0.0572052001953125
-0.7027587890625 -0.02447509765625 0.21380615234375 0.0416717529296875
-0.6365966796875 0.0531005859375 -0.342803955078125 -0.08453369140625
-0.481292724609375 0.29412841796875 -0.230865478515625 0.0909881591796875
-0.253814697265625 0.48333740234375 -0.0638504028320313 0.0783767700195313
0.115875244140625 0.462371826171875 -0.045501708984375 -0.0023078918457031
0.305389404296875 0.283233642578125 -0.1263427734375 0.0155105590820312
0.43310546875 0.014495849609375 -0.12115478515625 0.0520477294921875
0.391204833984375 -0.126922607421875 -0.134559631347656 0.104293823242187
0.372039794921875 -0.09442138671875 -0.150192260742187 0.116729736328125
0.421142578125 -0.119171142578125 -0.1624755859375 0.131378173828125
0.403594970703125 0.039337158203125 -0.219680786132812 0.0333709716796875
0.3289794921875 0.285858154296875 -0.232070922851563 -0.0481719970703124
0.0941162109375 0.431976318359375 -0.10784912109375 -0.158203125
-0.343658447265625 0.404327392578125 0.0449676513671875 -0.163604736328125
-0.541717529296875 0.24017333984375 0.0666084289550781 0.00647735595703126
-0.63043212890625 -0.02508544921875 -0.0222911834716797 0.0197486877441406
-0.46771240234375 0.0783691406250001 -0.539520263671875 -0.086334228515625
-0.342803955078125 0.24139404296875 -0.345001220703125 0.131500244140625
-0.15966796875 0.345703125 -0.08367919921875 0.0887908935546875
0.092132568359375 0.318939208984375 -0.0884246826171875 -0.0269622802734375
0.2103271484375 0.194534301757812 -0.186004638671875 -0.0112762451171875
0.308624267578125 0.018951416015625 -0.224868774414063 0.0663909912109375
0.284149169921875 -0.070037841796875 -0.2452392578125 0.165252685546875
0.272964477539063 -0.0491180419921875 -0.2427978515625 0.180267333984375
0.3116455078125 -0.0592041015625 -0.2645263671875 0.177566528320313
0.2789306640625 0.057373046875 -0.307830810546875 0.05035400390625
0.201370239257812 0.222900390625 -0.279327392578125 -0.0618896484375
0.02587890625 0.291473388671875 -0.133804321289063 -0.163375854492187
-0.2581787109375 0.243072509765625 0.01385498046875 -0.129989624023438
-0.376220703125 0.1397705078125 -0.0487518310546875 0.0538368225097656
-0.457366943359375 -0.025238037109375 -0.225906372070313 -0.00512695312500004
-0.225112915039063 0.090972900390625 -0.68072509765625 -0.08251953125
-0.155593872070313 0.151702880859375 -0.43310546875 0.15484619140625
-0.0407257080078125 0.15863037109375 -0.101486206054688 0.104019165039062
0.0547943115234375 0.128196716308594 -0.11212158203125 -0.0285491943359375
0.0828781127929687 0.0760498046875 -0.204391479492188 -0.0276641845703125
0.135658264160156 0.0199127197265625 -0.283966064453125 0.0712280273437501
0.131584167480469 -0.001953125 -0.314208984375 0.198333740234375
0.132270812988281 0.00301361083984375 -0.299102783203125 0.2161865234375
0.156143188476562 0.0087890625 -0.329559326171875 0.1961669921875
0.118194580078125 0.06610107421875 -0.35308837890625 0.052032470703125
0.0547027587890625 0.129920959472656 -0.286224365234375 -0.0783996582031249
-0.0341339111328125 0.118934631347656 -0.134796142578125 -0.163497924804688
-0.131385803222656 0.0629425048828125 -0.000167846679687518 -0.100975036621094
-0.158035278320313 0.03326416015625 -0.125099182128906 0.0729827880859375
-0.21636962890625 -0.0164031982421875 -0.364471435546875 -0.0263671875000001
-0.0712966918945313 -0.0587921142578125 0.4261474609375 -0.038970947265625
-0.0687217712402344 0.0409774780273437 0.1839599609375 -0.09747314453125
-0.0129013061523437 0.0968856811523438 -0.0298843383789062 0.0620918273925781
0.0548019409179687 0.063568115234375 0.102798461914062 0.180282592773438
0.0891571044921875 0.0107269287109375 0.241378784179687 0.127304077148438
0.0575714111328125 -0.0632133483886719 0.349151611328125 -0.0477294921875
0.02978515625 -0.0922622680664063 0.35614013671875 -0.217529296875
0.0229339599609375 -0.0630760192871094 0.306976318359375 -0.2281494140625
0.0208091735839844 -0.0680770874023438 0.31414794921875 -0.188568115234375
0.0528526306152344 -0.0329017639160156 0.298126220703125 -0.07598876953125
0.0557785034179687 0.0226974487304687 0.197586059570313 -0.0031890869140625
-0.000370025634765624 0.0644989013671875 0.126983642578125 -0.00824737548828125
-0.0622634887695313 0.0247535705566406 0.17791748046875 -0.1142578125
-0.0672149658203125 -0.027191162109375 0.45361328125 -0.17523193359375
-0.00107574462890625 -0.0603866577148438 0.75372314453125 0.13580322265625
-0.332916259765625 -0.05841064453125 0.390899658203125 -0.038970947265625
-0.258697509765625 0.112991333007812 0.17315673828125 -0.08123779296875
-0.144180297851562 0.249801635742188 -0.0298728942871094 0.0511093139648438
0.0653076171875 0.233901977539063 0.08612060546875 0.156784057617188
0.188262939453125 0.129348754882813 0.1943359375 0.129257202148438
0.224197387695312 -0.048583984375 0.31536865234375 -0.0272216796875
0.19158935546875 -0.145172119140625 0.32568359375 -0.184722900390625
0.18017578125 -0.1072998046875 0.268997192382812 -0.195083618164063
0.198623657226563 -0.126815795898438 0.280014038085938 -0.15625
0.22601318359375 -0.0269927978515625 0.24908447265625 -0.0710601806640625
0.20135498046875 0.129501342773437 0.145706176757813 -0.0112762451171875
0.0509490966796875 0.24078369140625 0.105133056640625 -0.0391387939453125
-0.1959228515625 0.202438354492188 0.18017578125 -0.146896362304688
-0.28955078125 0.08868408203125 0.459625244140625 -0.175201416015625
-0.274627685546875 -0.0549774169921875 0.733154296875 0.115234375
-0.544952392578125 -0.0474548339843751 0.276611328125 -0.0508270263671875
-0.418121337890625 0.1822509765625 0.116004943847656 -0.0543060302734375
-0.252471923828125 0.386932373046875 -0.0319786071777344 0.0501289367675781
0.0780029296875 0.38348388671875 0.068450927734375 0.125076293945313
0.272354125976563 0.233657836914062 0.13311767578125 0.114700317382813
0.36419677734375 -0.029388427734375 0.244827270507813 -0.0083465576171875
0.326080322265625 -0.178253173828125 0.248825073242188 -0.128036499023438
0.310394287109375 -0.136016845703125 0.190643310546875 -0.133895874023438
0.346588134765625 -0.167266845703125 0.201492309570313 -0.0963134765625
0.3675537109375 -0.017852783203125 0.157760620117188 -0.0540924072265625
0.32293701171875 0.221160888671875 0.0634994506835938 -0.0234031677246094
0.100555419921875 0.391082763671875 0.0647125244140625 -0.0784912109375
-0.30450439453125 0.36431884765625 0.166854858398438 -0.179107666015625
-0.4775390625 0.19757080078125 0.418304443359375 -0.159576416015625
-0.509185791015625 -0.04425048828125 0.62579345703125 0.088623046875
-0.676025390625 -0.02154541015625 0.0989532470703125 -0.066253662109375
-0.520599365234375 0.248443603515625 0.020395278930664 -0.0125770568847656
-0.30987548828125 0.49462890625 -0.0372657775878906 0.0575180053710938
0.101409912109375 0.49053955078125 0.0419845581054688 0.083953857421875
0.33209228515625 0.3037109375 0.053985595703125 0.0868453979492188
0.458587646484375 -0.012481689453125 0.1390380859375 0.0099639892578125
0.412109375 -0.18792724609375 0.135047912597656 -0.05572509765625
0.391571044921875 -0.14337158203125 0.0829620361328125 -0.0527801513671875
0.4385986328125 -0.18157958984375 0.0904769897460938 -0.0202713012695313
0.454132080078125 -0.0059814453125 0.0354423522949219 -0.02764892578125
0.39898681640625 0.281951904296875 -0.039276123046875 -0.033294677734375
0.136749267578125 0.4888916015625 0.00611114501953127 -0.116065979003906
-0.36962890625 0.475921630859375 0.13409423828125 -0.196823120117187
-0.59783935546875 0.27947998046875 0.327362060546875 -0.119720458984375
-0.663818359375 -0.0322875976562499 0.4427490234375 0.064300537109375
-0.712646484375 0.01416015625 -0.115921020507813 -0.0801620483398437
-0.54461669921875 0.29345703125 -0.0994644165039063 0.0389480590820313
-0.309783935546875 0.539337158203125 -0.0470466613769531 0.0684776306152344
0.12164306640625 0.522918701171875 0.00329589843750001 0.0385589599609375
0.349639892578125 0.32269287109375 -0.0371055603027344 0.0521049499511719
0.484893798828125 0.001190185546875 0.0110702514648438 0.0302276611328125
0.436614990234375 -0.172607421875 0.000587463378906276 0.0253009796142578
0.414459228515625 -0.130401611328125 -0.0366973876953125 0.0354652404785156
0.463653564453125 -0.167572021484375 -0.0361366271972656 0.0605316162109375
0.467987060546875 0.0113525390625 -0.0979156494140625 0.00567626953124998
0.40582275390625 0.303741455078125 -0.145858764648438 -0.039276123046875
0.140411376953125 0.5040283203125 -0.05792236328125 -0.142623901367188
-0.381317138671875 0.498046875 0.0882110595703125 -0.189010620117187
-0.6217041015625 0.29803466796875 0.20245361328125 -0.0575408935546875
-0.70928955078125 -0.0238037109375001 0.212493896484375 0.0429840087890625
-0.6422119140625 0.0522460937500001 -0.338958740234375 -0.0847778320312499
-0.4844970703125 0.2957763671875 -0.22613525390625 0.0928497314453125
-0.254974365234375 0.49267578125 -0.0631637573242188 0.0788955688476563
0.121612548828125 0.464080810546875 -0.0452537536621094 -0.00199508666992185
0.309814453125 0.283203125 -0.124153137207031 0.0189361572265625
0.43377685546875 0.008148193359375 -0.117950439453125 0.050445556640625
0.392059326171875 -0.1343994140625 -0.132965087890625 0.104103088378906
0.3741455078125 -0.100067138671875 -0.151031494140625 0.118148803710937
0.418792724609375 -0.127838134765625 -0.159820556640625 0.130569458007813
0.404998779296875 0.033233642578125 -0.218276977539062 0.035552978515625
0.33392333984375 0.280609130859375 -0.23101806640625 -0.0460968017578125
0.096923828125 0.433685302734375 -0.109405517578125 -0.156600952148437
-0.34375 0.41070556640625 0.0438079833984375 -0.162811279296875
-0.54180908203125 0.245819091796875 0.0680351257324218 0.00870132446289064
-0.63818359375 -0.0246582031249999 -0.0245914459228516 0.02264404296875
-0.4718017578125 0.0775146484375001 -0.538299560546875 -0.0839233398437499
-0.345703125 0.243377685546875 -0.342071533203125 0.13568115234375
-0.161041259765625 0.353271484375 -0.082733154296875 0.0897140502929688
0.09625244140625 0.321380615234375 -0.08880615234375 -0.02587890625
0.214218139648438 0.1954345703125 -0.185073852539063 -0.00761413574218746
0.310455322265625 0.01446533203125 -0.222015380859375 0.066436767578125
0.2857666015625 -0.075469970703125 -0.2435302734375 0.167160034179688
0.276214599609375 -0.053680419921875 -0.2440185546875 0.183013916015625
0.311676025390625 -0.0672607421875 -0.261489868164063 0.179428100585937
0.280014038085938 0.0531158447265625 -0.306304931640625 0.052734375
0.205459594726563 0.220535278320313 -0.277618408203125 -0.0587005615234375
0.0284423828125 0.2926025390625 -0.134872436523438 -0.16143798828125
-0.258865356445313 0.246505737304688 0.0126571655273437 -0.128395080566406
-0.377197265625 0.143310546875 -0.0480232238769531 0.0568275451660156
-0.46533203125 -0.0252685546875 -0.228530883789063 -0.000671386718749984
-0.228118896484375 0.0885009765625 -0.68157958984375 -0.07757568359375
-0.158538818359375 0.152847290039062 -0.432159423828125 0.161712646484375
-0.0436553955078125 0.1632080078125 -0.101608276367187 0.105339050292969
0.0563201904296875 0.130142211914063 -0.112785339355469 -0.0270614624023438
0.0851287841796875 0.0780105590820313 -0.203414916992188 -0.0248870849609375
0.137275695800781 0.0188369750976562 -0.282318115234375 0.073333740234375
0.134132385253906 -0.0042572021484375 -0.312286376953125 0.20269775390625
0.134742736816406 0.00034332275390625 -0.2984619140625 0.2197265625
0.157791137695313 0.005035400390625 -0.326904296875 0.199066162109375
0.120437622070313 0.0633087158203125 -0.351470947265625 0.054290771484375
0.0576934814453125 0.129379272460938 -0.284759521484375 -0.0751647949218751
-0.0324249267578125 0.120704650878906 -0.135574340820313 -0.161773681640625
-0.133193969726563 0.06475830078125 -0.00211334228515625 -0.0998764038085938
-0.161026000976563 0.034332275390625 -0.125564575195313 0.078094482421875
-0.222320556640625 -0.0157318115234375 -0.367340087890625 -0.0203857421875
-0.07275390625 -0.0576095581054687 0.43994140625 -0.049102783203125
-0.0669898986816406 0.039276123046875 0.18988037109375 -0.109939575195313
-0.01092529296875 0.0959930419921875 -0.0283355712890625 0.0631599426269531
0.0560569763183594 0.0632171630859375 0.109329223632813 0.180389404296875
0.0912017822265625 0.008026123046875 0.248626708984375 0.12591552734375
0.0547332763671875 -0.0663566589355469 0.3548583984375 -0.053375244140625
0.0255661010742188 -0.0945205688476563 0.36138916015625 -0.23016357421875
0.0209236145019531 -0.0641212463378906 0.312225341796875 -0.2381591796875
0.0185585021972656 -0.0690689086914063 0.32049560546875 -0.19830322265625
0.051116943359375 -0.0341987609863281 0.305084228515625 -0.081329345703125
0.0565109252929688 0.0194511413574219 0.20166015625 -0.0055999755859375
0.00131988525390625 0.0645294189453125 0.130104064941406 -0.0104446411132812
-0.0615158081054688 0.0271987915039063 0.181549072265625 -0.121017456054687
-0.0658454895019531 -0.0253562927246094 0.46319580078125 -0.190521240234375
0.000251770019531247 -0.061004638671875 0.7750244140625 0.1268310546875
-0.3421630859375 -0.0552978515625001 0.405609130859375 -0.048675537109375
-0.260833740234375 0.113540649414063 0.181228637695313 -0.0933837890625
-0.1439208984375 0.256607055664063 -0.0293388366699219 0.0514869689941406
0.069976806640625 0.237167358398438 0.0918731689453125 0.157073974609375
0.194931030273438 0.129257202148438 0.201919555664063 0.130035400390625
0.225982666015625 -0.05523681640625 0.3228759765625 -0.03302001953125
0.19061279296875 -0.153076171875 0.33050537109375 -0.197357177734375
0.18218994140625 -0.1129150390625 0.274215698242188 -0.205169677734375
0.199172973632813 -0.135116577148438 0.286773681640625 -0.164642333984375
0.228485107421875 -0.0322113037109375 0.255142211914062 -0.0748443603515625
0.208282470703125 0.127059936523438 0.1488037109375 -0.0130767822265625
0.05670166015625 0.246063232421875 0.107643127441406 -0.0415267944335937
-0.195953369140625 0.214126586914062 0.184341430664062 -0.154098510742188
-0.292236328125 0.097930908203125 0.47137451171875 -0.189971923828125
-0.282958984375 -0.052642822265625 0.75433349609375 0.1092529296875
-0.561553955078125 -0.0438842773437501 0.28887939453125 -0.0595703125
-0.42535400390625 0.18707275390625 0.124351501464844 -0.0638656616210937
-0.2532958984375 0.400054931640625 -0.0318145751953125 0.0509490966796875
0.085357666015625 0.390380859375 0.0729827880859375 0.125068664550781
0.283477783203125 0.2352294921875 0.139205932617188 0.116813659667969
0.37127685546875 -0.03863525390625 0.25164794921875 -0.014801025390625
0.328216552734375 -0.190093994140625 0.253326416015625 -0.138839721679688
0.31610107421875 -0.145843505859375 0.194320678710938 -0.140609741210938
0.349395751953125 -0.18048095703125 0.207733154296875 -0.103591918945313
0.3739013671875 -0.026092529296875 0.161590576171875 -0.0562896728515625
0.3349609375 0.218536376953125 0.0656890869140625 -0.0239410400390625
0.108978271484375 0.400177001953125 0.0657119750976563 -0.0804214477539062
-0.30609130859375 0.382965087890625 0.16973876953125 -0.185012817382812
-0.483917236328125 0.212554931640625 0.429473876953125 -0.169952392578125
-0.526153564453125 -0.0402832031250001 0.64312744140625 0.08648681640625
-0.69793701171875 -0.0167236328125001 0.107192993164062 -0.073028564453125
-0.530975341796875 0.257904052734375 0.0275535583496093 -0.0183963775634765
-0.31201171875 0.514801025390625 -0.0369338989257813 0.0588417053222657
0.111236572265625 0.501251220703125 0.0455780029296875 0.084197998046875
0.345916748046875 0.306640625 0.0590896606445313 0.090606689453125
0.468017578125 -0.0234375 0.145294189453125 0.0055389404296875
0.4173583984375 -0.2030029296875 0.1376953125 -0.0629119873046875
0.40069580078125 -0.1552734375 0.0845870971679688 -0.0556488037109375
0.443603515625 -0.197723388671875 0.0947799682617188 -0.0242080688476563
0.462188720703125 -0.016387939453125 0.0371246337890625 -0.0280838012695312
0.415863037109375 0.280487060546875 -0.0396347045898437 -0.0329322814941406
0.147857666015625 0.499481201171875 0.00511169433593752 -0.118370056152344
-0.372283935546875 0.499114990234375 0.136444091796875 -0.201873779296875
-0.60565185546875 0.29779052734375 0.336944580078125 -0.126556396484375
-0.68646240234375 -0.02581787109375 0.4541015625 0.06353759765625
-0.7354736328125 0.0201416015624999 -0.114349365234375 -0.0841217041015625
-0.557220458984375 0.304656982421875 -0.094818115234375 0.0382003784179688
-0.30987548828125 0.56317138671875 -0.0472946166992188 0.0711135864257813
0.134552001953125 0.535064697265625 0.00492095947265626 0.0390892028808594
0.36639404296875 0.326995849609375 -0.0343742370605468 0.0565376281738282
0.496551513671875 -0.01068115234375 0.0148239135742188 0.0273838043212891
0.444488525390625 -0.188690185546875 0.00186920166015627 0.0228252410888672
0.424224853515625 -0.1434326171875 -0.0376815795898437 0.0373191833496094
0.470672607421875 -0.184051513671875 -0.0340652465820312 0.0602226257324219
0.476287841796875 0.00128173828125 -0.09930419921875 0.00828552246093751
0.421600341796875 0.301910400390625 -0.147796630859375 -0.03729248046875
0.150726318359375 0.51763916015625 -0.06146240234375 -0.143524169921875
-0.385772705078125 0.521697998046875 0.08935546875 -0.193145751953125
-0.63043212890625 0.3162841796875 0.208847045898438 -0.0600433349609375
-0.7349853515625 -0.01947021484375 0.216949462890625 0.0446929931640625
-0.6641845703125 0.0578613281250001 -0.3446044921875 -0.085601806640625
-0.495452880859375 0.3072509765625 -0.225601196289063 0.0969390869140625
-0.25640869140625 0.514984130859375 -0.0646133422851563 0.08197021484375
0.133941650390625 0.47552490234375 -0.0457801818847656 -0.000167846679687479
0.325592041015625 0.2891845703125 -0.123641967773437 0.0234451293945313
0.445068359375 -0.00177001953125 -0.117195129394531 0.05072021484375
0.400299072265625 -0.1475830078125 -0.133819580078125 0.106536865234375
0.3843994140625 -0.111083984375 -0.154022216796875 0.123443603515625
0.4256591796875 -0.142578125 -0.160400390625 0.134353637695313
0.4149169921875 0.024169921875 -0.22235107421875 0.0403594970703125
0.347412109375 0.28070068359375 -0.235015869140625 -0.0430908203124999
0.1060791015625 0.444671630859375 -0.11480712890625 -0.15679931640625
-0.349395751953125 0.43060302734375 0.0434722900390625 -0.164962768554687
-0.55206298828125 0.260009765625 0.0710296630859375 0.00999450683593751
-0.6610107421875 -0.0195312499999999 -0.0269126892089844 0.0261554718017578
-0.488983154296875 0.0816955566406249 -0.55108642578125 -0.0805053710937499
-0.3553466796875 0.25311279296875 -0.34613037109375 0.14556884765625
-0.162322998046875 0.3709716796875 -0.0847396850585938 0.09405517578125
0.10504150390625 0.329681396484375 -0.0912933349609375 -0.0243148803710937
0.2254638671875 0.200790405273438 -0.186904907226563 -0.00376892089843751
0.319915771484375 0.007781982421875 -0.224273681640625 0.069549560546875
0.294036865234375 -0.0850830078125 -0.24578857421875 0.174819946289063
0.284576416015625 -0.06231689453125 -0.2484130859375 0.191558837890625
0.31793212890625 -0.077484130859375 -0.265045166015625 0.186141967773437
0.28839111328125 0.047271728515625 -0.312042236328125 0.0586547851562499
0.215133666992187 0.220870971679687 -0.28289794921875 -0.055328369140625
0.03436279296875 0.301849365234375 -0.1407470703125 -0.161697387695312
-0.263427734375 0.259994506835938 0.0107955932617187 -0.129440307617187
-0.38604736328125 0.152740478515625 -0.0483283996582032 0.0622291564941406
-0.48284912109375 -0.0225219726562501 -0.237228393554688 0.00546264648437498
-0.237152099609375 0.0900421142578125 -0.69879150390625 -0.0706787109375002
-0.163970947265625 0.159210205078125 -0.439788818359375 0.17425537109375
-0.0457000732421875 0.172332763671875 -0.103248596191406 0.110664367675781
0.0606307983398438 0.135040283203125 -0.116256713867187 -0.0236282348632813
0.090484619140625 0.0813827514648438 -0.207656860351563 -0.0219573974609375
0.1429443359375 0.016937255859375 -0.285003662109375 0.077911376953125
0.14013671875 -0.00841522216796875 -0.31585693359375 0.213592529296875
0.14056396484375 -0.003631591796875 -0.30462646484375 0.23046875
0.162017822265625 -0.0002288818359375 -0.332275390625 0.2091064453125
0.125556945800781 0.0609283447265625 -0.358184814453125 0.060394287109375
0.0632247924804687 0.131744384765625 -0.2900390625 -0.071380615234375
-0.0311050415039062 0.125762939453125 -0.140838623046875 -0.161697387695313
-0.137191772460938 0.069793701171875 -0.00476074218750001 -0.099853515625
-0.166519165039062 0.0381927490234375 -0.128105163574219 0.085662841796875
-0.2330322265625 -0.014556884765625 -0.37994384765625 -0.01300048828125
-0.0755081176757812 -0.055084228515625 0.455413818359375 -0.069183349609375
-0.065460205078125 0.0391464233398437 0.193740844726563 -0.126388549804688
-0.00750732421875001 0.0972976684570313 -0.0257415771484375 0.0645599365234375
0.0596771240234375 0.0615653991699219 0.120498657226563 0.178268432617188
0.094696044921875 0.003082275390625 0.26068115234375 0.120849609375
0.0516357421875 -0.0706253051757813 0.3638916015625 -0.067840576171875
0.0186309814453125 -0.0973281860351563 0.363311767578125 -0.252838134765625
0.0174102783203125 -0.0655937194824219 0.315032958984375 -0.2587890625
0.0145416259765625 -0.0713043212890625 0.325927734375 -0.217803955078125
0.0490455627441406 -0.0363998413085938 0.313812255859375 -0.093902587890625
0.0583152770996094 0.0155868530273437 0.208099365234375 -0.0118255615234375
0.00431060791015625 0.0653228759765625 0.134109497070312 -0.0159988403320312
-0.0593719482421875 0.0311241149902344 0.18267822265625 -0.133285522460938
-0.0653839111328125 -0.0218391418457031 0.471405029296875 -0.2174072265625
0.000286102294921877 -0.0626220703125 0.8055419921875 0.10418701171875
-0.35528564453125 -0.044036865234375 0.4207763671875 -0.068267822265625
-0.264144897460938 0.122100830078125 0.186981201171875 -0.109481811523437
-0.139785766601563 0.269073486328125 -0.027099609375 0.0531158447265625
0.0802154541015625 0.241073608398438 0.101425170898438 0.156036376953125
0.20654296875 0.125106811523438 0.213836669921875 0.127090454101563
0.228424072265625 -0.0670623779296875 0.332000732421875 -0.047149658203125
0.187286376953125 -0.166030883789063 0.333282470703125 -0.218475341796875
0.182662963867188 -0.124664306640625 0.276504516601562 -0.22308349609375
0.198013305664063 -0.147720336914063 0.29241943359375 -0.182586669921875
0.233001708984375 -0.0421142578125 0.262466430664063 -0.084930419921875
0.219284057617187 0.12005615234375 0.153274536132813 -0.0178375244140625
0.0685272216796875 0.251953125 0.110336303710938 -0.046142578125
-0.192123413085937 0.230972290039063 0.1856689453125 -0.166854858398438
-0.295013427734375 0.1143798828125 0.480682373046875 -0.217071533203125
-0.29583740234375 -0.04412841796875 0.7855224609375 0.08843994140625
-0.58489990234375 -0.0250244140625001 0.30145263671875 -0.074798583984375
-0.432525634765625 0.202667236328125 0.131065368652344 -0.07733154296875
-0.247100830078125 0.424224853515625 -0.0304145812988281 0.0525970458984375
0.1029052734375 0.3992919921875 0.0807342529296875 0.124893188476563
0.302490234375 0.233001708984375 0.150558471679688 0.116989135742188
0.37847900390625 -0.056915283203125 0.260818481445312 -0.0271453857421875
0.32861328125 -0.212005615234375 0.255905151367188 -0.15582275390625
0.32049560546875 -0.163787841796875 0.196029663085938 -0.15283203125
0.3507080078125 -0.202392578125 0.213241577148438 -0.116485595703125
0.38348388671875 -0.042449951171875 0.16595458984375 -0.0629119873046875
0.354156494140625 0.20989990234375 0.0667991638183594 -0.0260391235351562
0.12835693359375 0.410491943359375 0.0658493041992188 -0.0847320556640625
-0.301177978515625 0.412078857421875 0.17059326171875 -0.19720458984375
-0.48931884765625 0.24029541015625 0.44000244140625 -0.194183349609375
-0.549102783203125 -0.024078369140625 0.667724609375 0.06890869140625
-0.72735595703125 0.00659179687499987 0.113426208496094 -0.08294677734375
-0.541046142578125 0.278839111328125 0.0329475402832031 -0.0260448455810547
-0.304534912109375 0.54644775390625 -0.0355682373046875 0.0623703002929688
0.13330078125 0.51318359375 0.0511322021484375 0.0848388671875
0.371917724609375 0.305328369140625 0.0683441162109375 0.0931854248046875
0.480560302734375 -0.04541015625 0.152359008789063 -0.004119873046875
0.42205810546875 -0.22943115234375 0.140464782714844 -0.0738983154296875
0.409271240234375 -0.178314208984375 0.0853042602539063 -0.0607070922851563
0.44952392578125 -0.225677490234375 0.0998764038085938 -0.0308380126953125
0.4766845703125 -0.03485107421875 0.0383186340332032 -0.0286674499511719
0.43951416015625 0.2706298828125 -0.0417137145996093 -0.0309829711914062
0.172760009765625 0.514129638671875 0.00212097167968752 -0.12066650390625
-0.367462158203125 0.536163330078125 0.135696411132812 -0.212005615234375
-0.61285400390625 0.33221435546875 0.34600830078125 -0.14239501953125
-0.71728515625 -0.00463867187499987 0.470184326171875 0.051727294921875
-0.76751708984375 0.04302978515625 -0.116973876953125 -0.0856857299804688
-0.569580078125 0.3311767578125 -0.091522216796875 0.0381546020507813
-0.3021240234375 0.599609375 -0.0473098754882813 0.0755615234375
0.160064697265625 0.549163818359375 0.00722503662109376 0.0406417846679688
0.393798828125 0.326934814453125 -0.02899169921875 0.0617027282714844
0.51123046875 -0.033966064453125 0.0187206268310547 0.0231761932373047
0.451080322265625 -0.2159423828125 0.0026969909667969 0.0205249786376953
0.43487548828125 -0.16650390625 -0.0382308959960937 0.040130615234375
0.476593017578125 -0.21331787109375 -0.031005859375 0.0611190795898437
0.492401123046875 -0.019683837890625 -0.101425170898437 0.0124359130859375
0.448211669921875 0.292755126953125 -0.152603149414062 -0.03240966796875
0.17413330078125 0.5322265625 -0.0679473876953125 -0.144699096679687
-0.38043212890625 0.55731201171875 0.0866546630859375 -0.201248168945312
-0.63897705078125 0.35125732421875 0.217071533203125 -0.06787109375
-0.7672119140625 0.00427246093749987 0.225311279296875 0.041046142578125
-0.6925048828125 0.07940673828125 -0.355224609375 -0.0783996582031249
-0.507568359375 0.3314208984375 -0.225448608398438 0.106704711914062
-0.24713134765625 0.54925537109375 -0.0645065307617188 0.08892822265625
0.157440185546875 0.488616943359375 -0.0471076965332031 0.00300216674804691
0.351318359375 0.289581298828125 -0.123306274414062 0.0310592651367188
0.460296630859375 -0.0223388671875 -0.116462707519531 0.0527572631835938
0.4083251953125 -0.172607421875 -0.133811950683594 0.113273620605469
0.3944091796875 -0.132568359375 -0.155654907226563 0.134490966796875
0.43255615234375 -0.16778564453125 -0.159347534179687 0.142715454101563
0.4287109375 0.007080078125 -0.227279663085937 0.049652099609375
0.370758056640625 0.275482177734375 -0.242462158203125 -0.0353546142578125
0.126129150390625 0.457763671875 -0.12298583984375 -0.156845092773437
-0.346435546875 0.462432861328125 0.04010009765625 -0.169662475585937
-0.56146240234375 0.2913818359375 0.0760345458984375 0.0110549926757813
-0.69293212890625 6.10351562501408E-05 -0.0281124114990235 0.0314674377441406
-0.509857177734375 0.0987548828124999 -0.57025146484375 -0.0646362304687501
-0.36224365234375 0.2728271484375 -0.3497314453125 0.1632080078125
-0.156463623046875 0.395782470703125 -0.0848541259765625 0.102493286132813
0.12249755859375 0.339202880859375 -0.0949859619140625 -0.0185012817382812
0.243545532226562 0.201553344726562 -0.19000244140625 0.00518798828125001
0.331695556640625 -0.0067138671875 -0.226318359375 0.077178955078125
0.30169677734375 -0.103240966796875 -0.24676513671875 0.1881103515625
0.293304443359375 -0.077789306640625 -0.250411987304688 0.2083740234375
0.324127197265625 -0.095458984375 -0.266006469726563 0.20013427734375
0.299957275390625 0.035675048828125 -0.3192138671875 0.071380615234375
0.233306884765625 0.219070434570313 -0.29156494140625 -0.0464477539062499
0.046630859375 0.312164306640625 -0.150711059570313 -0.160308837890625
-0.265182495117187 0.280792236328125 0.00647735595703124 -0.131401062011719
-0.3927001953125 0.17364501953125 -0.0459671020507813 0.0707550048828125
-0.50732421875 -0.0064697265625 -0.246734619140625 0.0175323486328125
-0.246475219726563 0.0982818603515625 -0.72418212890625 -0.0478515625000001
-0.167953491210938 0.171112060546875 -0.446868896484375 0.19830322265625
-0.0434722900390625 0.184326171875 -0.103569030761719 0.120002746582031
0.0685806274414063 0.139518737792969 -0.121253967285156 -0.0177536010742187
0.0981292724609375 0.083251953125 -0.21337890625 -0.014190673828125
0.150039672851563 0.0109100341796875 -0.2901611328125 0.0888977050781251
0.147003173828125 -0.016143798828125 -0.317840576171875 0.23358154296875
0.147018432617188 -0.0105743408203125 -0.307647705078125 0.250640869140625
0.168075561523437 -0.0088348388671875 -0.334259033203125 0.227294921875
0.133338928222656 0.0569229125976562 -0.366790771484375 0.07537841796875
0.072540283203125 0.133377075195313 -0.299041748046875 -0.062469482421875
-0.0270462036132813 0.13250732421875 -0.1512451171875 -0.1610107421875
-0.141265869140625 0.0788116455078125 -0.00913238525390625 -0.100257873535156
-0.172409057617187 0.04656982421875 -0.128677368164062 0.0982589721679688
-0.24652099609375 -0.00854492187499998 -0.394744873046875 0.00250244140624994
-0.0786056518554688 -0.0497360229492187 0.463531494140625 -0.09912109375
-0.0631065368652344 0.0405158996582031 0.189834594726562 -0.146453857421875
-0.00183868408203125 0.0970077514648438 -0.0215988159179687 0.0657272338867187
0.0634002685546875 0.058135986328125 0.133193969726563 0.1708984375
0.0965423583984375 -0.0038604736328125 0.272659301757813 0.106643676757813
0.0461959838867187 -0.0747604370117188 0.366180419921875 -0.089874267578125
0.0096435546875 -0.0981597900390625 0.353912353515625 -0.280517578125
0.0124893188476563 -0.0667762756347656 0.306671142578125 -0.2841796875
0.00823211669921875 -0.0727157592773437 0.3221435546875 -0.242462158203125
0.0460777282714844 -0.0396347045898438 0.315582275390625 -0.113494873046875
0.0582008361816406 0.0104446411132813 0.211151123046875 -0.02349853515625
0.00862503051757813 0.0653343200683594 0.135971069335938 -0.0247802734375
-0.0558319091796875 0.0350456237792969 0.178436279296875 -0.149642944335938
-0.0649070739746094 -0.0168991088867188 0.466583251953125 -0.253936767578125
-0.00119781494140625 -0.0630264282226563 0.82757568359375 0.05859375
-0.366241455078125 -0.0217590332031249 0.4290771484375 -0.0965576171875
-0.26165771484375 0.135528564453125 0.18560791015625 -0.12969970703125
-0.1259765625 0.281982421875 -0.0244560241699219 0.0540390014648438
0.0954437255859375 0.239547729492188 0.1129150390625 0.149490356445313
0.219406127929687 0.11431884765625 0.226821899414063 0.1170654296875
0.2257080078125 -0.08380126953125 0.335235595703125 -0.06964111328125
0.176742553710937 -0.180389404296875 0.325592041015625 -0.24554443359375
0.177322387695313 -0.13751220703125 0.269760131835938 -0.244781494140625
0.189254760742188 -0.163894653320313 0.29010009765625 -0.2056884765625
0.232574462890625 -0.058197021484375 0.26446533203125 -0.101058959960937
0.229721069335938 0.10638427734375 0.154739379882813 -0.02569580078125
0.086334228515625 0.253143310546875 0.110633850097656 -0.0534286499023437
-0.178802490234375 0.250595092773438 0.180130004882813 -0.182144165039062
-0.288970947265625 0.13543701171875 0.4774169921875 -0.25274658203125
-0.305511474609375 -0.0275268554687499 0.8056640625 0.04449462890625
-0.6002197265625 0.01055908203125 0.307525634765625 -0.09716796875
-0.430419921875 0.227752685546875 0.132255554199219 -0.093475341796875
-0.2261962890625 0.448272705078125 -0.0279388427734375 0.0546913146972657
0.1278076171875 0.400390625 0.0901336669921875 0.120147705078125
0.325531005859375 0.218505859375 0.163299560546875 0.111068725585938
0.379638671875 -0.08416748046875 0.263626098632813 -0.04620361328125
0.31805419921875 -0.237823486328125 0.249832153320313 -0.177505493164063
0.3157958984375 -0.18804931640625 0.191787719726563 -0.168365478515625
0.341461181640625 -0.231414794921875 0.213577270507813 -0.1334228515625
0.38629150390625 -0.068145751953125 0.167098999023438 -0.07330322265625
0.37371826171875 0.189239501953125 0.0665855407714844 -0.0291786193847656
0.157073974609375 0.41259765625 0.0631027221679688 -0.0894622802734375
-0.27911376953125 0.44146728515625 0.163955688476563 -0.211929321289063
-0.4814453125 0.27593994140625 0.4378662109375 -0.22601318359375
-0.56634521484375 0.00836181640625001 0.68658447265625 0.033203125
-0.7484130859375 0.0496826171874999 0.115402221679687 -0.0938949584960938
-0.540313720703125 0.31298828125 0.03668212890625 -0.035186767578125
-0.27752685546875 0.58013916015625 -0.0331611633300781 0.0660934448242188
0.16754150390625 0.515960693359375 0.0580902099609375 0.08258056640625
0.402069091796875 0.29052734375 0.079132080078125 0.0916595458984375
0.484100341796875 -0.080108642578125 0.155487060546875 -0.0176544189453125
0.4141845703125 -0.264404296875 0.13751220703125 -0.086273193359375
0.405670166015625 -0.20904541015625 0.0836639404296875 -0.0673904418945313
0.439208984375 -0.26092529296875 0.102531433105469 -0.0401229858398438
0.480865478515625 -0.067230224609375 0.03851318359375 -0.0306968688964844
0.46533203125 0.24578857421875 -0.043670654296875 -0.0281524658203125
0.207916259765625 0.516693115234375 -0.00391387939453123 -0.122245788574219
-0.33941650390625 0.57415771484375 0.128433227539062 -0.224044799804687
-0.60235595703125 0.37628173828125 0.347015380859375 -0.166748046875
-0.739013671875 0.0354003906249999 0.483673095703125 0.027587890625
-0.787109375 0.0899658203125 -0.12005615234375 -0.0842819213867187
-0.5657958984375 0.36700439453125 -0.087066650390625 0.0398101806640625
-0.27349853515625 0.6346435546875 -0.0441741943359375 0.0823822021484375
0.196319580078125 0.550933837890625 0.0113945007324219 0.0422325134277344
0.42584228515625 0.31048583984375 -0.0214958190917968 0.0662498474121094
0.517181396484375 -0.070587158203125 0.0212783813476563 0.0171051025390625
0.44549560546875 -0.252349853515625 0.00336265563964847 0.0181102752685547
0.4334716796875 -0.19952392578125 -0.0370674133300781 0.0436210632324219
0.46929931640625 -0.25103759765625 -0.0268783569335937 0.0618896484375
0.49920654296875 -0.05255126953125 -0.102264404296875 0.0197372436523438
0.474517822265625 0.268707275390625 -0.157363891601562 -0.022918701171875
0.210662841796875 0.534027099609375 -0.076751708984375 -0.141937255859375
-0.3548583984375 0.5975341796875 0.079193115234375 -0.20855712890625
-0.6287841796875 0.3978271484375 0.21978759765625 -0.0809783935546875
-0.79095458984375 0.0463867187500001 0.231979370117187 0.0328521728515625
-0.70989990234375 0.120361328125 -0.364227294921875 -0.0607910156249999
-0.50213623046875 0.3680419921875 -0.220489501953125 0.119842529296875
-0.22235107421875 0.58197021484375 -0.0612030029296875 0.0977630615234375
0.19158935546875 0.490386962890625 -0.0459785461425781 0.00828933715820316
0.379974365234375 0.276092529296875 -0.119186401367187 0.0404815673828125
0.467315673828125 -0.055938720703125 -0.114555358886719 0.0555953979492187
0.405853271484375 -0.206787109375 -0.130210876464844 0.120933532714844
0.39544677734375 -0.162261962890625 -0.151168823242187 0.14739990234375
0.428955078125 -0.20208740234375 -0.153350830078125 0.153457641601563
0.436614990234375 -0.02154541015625 -0.22882080078125 0.06488037109375
0.39593505859375 0.255706787109375 -0.24810791015625 -0.0207672119140625
0.157318115234375 0.462493896484375 -0.13385009765625 -0.150619506835938
-0.326141357421875 0.496795654296875 0.032958984375 -0.173095703125
-0.551544189453125 0.3302001953125 0.081207275390625 0.00900268554687502
-0.7132568359375 0.0391845703125001 -0.0275192260742188 0.0370292663574219
-0.5211181640625 0.129547119140625 -0.5831298828125 -0.03350830078125
-0.35888671875 0.300689697265625 -0.344696044921875 0.186553955078125
-0.13836669921875 0.419830322265625 -0.081390380859375 0.112960815429688
0.146697998046875 0.341217041015625 -0.0967254638671875 -0.009735107421875
0.264877319335938 0.193130493164063 -0.190032958984375 0.0167236328125
0.33843994140625 -0.030548095703125 -0.224822998046875 0.0868988037109375
0.302825927734375 -0.128021240234375 -0.240310668945312 0.206069946289063
0.2957763671875 -0.100311279296875 -0.244171142578125 0.229156494140625
0.32305908203125 -0.12066650390625 -0.259323120117188 0.22027587890625
0.3072509765625 0.015167236328125 -0.32147216796875 0.0916442871093751
0.252151489257813 0.208297729492187 -0.298095703125 -0.029388427734375
0.066497802734375 0.31787109375 -0.162277221679688 -0.153091430664062
-0.25506591796875 0.304901123046875 0.00029754638671872 -0.131256103515625
-0.39013671875 0.201507568359375 -0.0401763916015625 0.0786666870117188
-0.523712158203125 0.0220031738281249 -0.251708984375 0.0353546142578126
-0.250686645507812 0.112335205078125 -0.74041748046875 -0.00830078125000002
-0.164627075195313 0.185272216796875 -0.444091796875 0.23175048828125
-0.0362091064453125 0.195281982421875 -0.0996856689453125 0.132301330566406
0.0791473388671875 0.140243530273438 -0.123146057128906 -0.00710296630859372
0.108169555664062 0.0814895629882812 -0.216400146484375 -0.00225830078125003
0.155197143554688 0.0003814697265625 -0.289459228515625 0.1046142578125
0.15142822265625 -0.0286407470703125 -0.310028076171875 0.256805419921875
0.150787353515625 -0.0218963623046875 -0.29998779296875 0.2750244140625
0.170791625976563 -0.0216522216796875 -0.328216552734375 0.252105712890625
0.139938354492188 0.047607421875 -0.3692626953125 0.0985107421875
0.0843124389648438 0.131660461425781 -0.30645751953125 -0.0455932617187499
-0.0190887451171875 0.138504028320313 -0.163558959960938 -0.153121948242188
-0.141952514648437 0.091033935546875 -0.0151443481445313 -0.098236083984375
-0.17437744140625 0.05950927734375 -0.123786926269531 0.112518310546875
-0.25732421875 0.00610351562500005 -0.40460205078125 0.0300292968749999
-0.0787811279296875 -0.0423049926757813 0.455230712890625 -0.1260986328125
-0.0589485168457031 0.0408592224121094 0.17791748046875 -0.161041259765625
0.00417327880859374 0.0933990478515625 -0.0175819396972656 0.064697265625
0.0655403137207031 0.0527229309082031 0.141128540039063 0.157867431640625
0.094512939453125 -0.0117721557617188 0.275863647460938 0.0889892578125
0.0393829345703125 -0.07623291015625 0.35650634765625 -0.110626220703125
0.000297546386718749 -0.0949783325195312 0.33233642578125 -0.300689697265625
0.00623321533203125 -0.0653495788574219 0.28765869140625 -0.301513671875
0.001983642578125 -0.0707550048828125 0.3060302734375 -0.261871337890625
0.04168701171875 -0.0410346984863281 0.307525634765625 -0.131500244140625
0.0563430786132813 0.00489425659179688 0.207962036132813 -0.0345611572265625
0.0125999450683594 0.0633125305175781 0.134078979492188 -0.0334091186523437
-0.0494003295898438 0.0381698608398437 0.165802001953125 -0.161605834960938
-0.0616722106933594 -0.0116767883300781 0.44390869140625 -0.283355712890625
-0.00336074829101562 -0.0618782043457031 0.82550048828125 0.008056640625
-0.363372802734375 0.00299072265625007 0.4228515625 -0.12396240234375
-0.25115966796875 0.146575927734375 0.17626953125 -0.146087646484375
-0.10693359375 0.285858154296875 -0.0211982727050781 0.0539779663085938
0.108062744140625 0.230575561523437 0.120338439941406 0.138633728027344
0.225021362304688 0.0988006591796875 0.232254028320313 0.102081298828125
0.215103149414063 -0.0984649658203125 0.32696533203125 -0.09039306640625
0.160446166992188 -0.18927001953125 0.305816650390625 -0.264312744140625
0.16619873046875 -0.14678955078125 0.253128051757813 -0.260910034179688
0.174057006835938 -0.174407958984375 0.277481079101563 -0.22406005859375
0.22528076171875 -0.07269287109375 0.257415771484375 -0.11590576171875
0.232818603515625 0.088226318359375 0.1519775390625 -0.0337982177734375
0.102218627929687 0.245574951171875 0.108039855957031 -0.0599212646484375
-0.158096313476562 0.261138916015625 0.16741943359375 -0.193588256835937
-0.274185180664062 0.153121948242188 0.45599365234375 -0.283111572265625
-0.305938720703125 -0.00750732421875004 0.80108642578125 -0.005126953125
-0.59576416015625 0.04901123046875 0.303070068359375 -0.11785888671875
-0.41436767578125 0.247833251953125 0.126922607421875 -0.107200622558594
-0.19708251953125 0.46044921875 -0.0244102478027344 0.056427001953125
0.150726318359375 0.387359619140625 0.0966949462890625 0.111404418945313
0.33740234375 0.196014404296875 0.170455932617188 0.099456787109375
0.367279052734375 -0.11041259765625 0.257736206054688 -0.065399169921875
0.29638671875 -0.2579345703125 0.235427856445313 -0.193893432617188
0.300811767578125 -0.20635986328125 0.180435180664063 -0.179107666015625
0.31939697265625 -0.251220703125 0.205169677734375 -0.148529052734375
0.376068115234375 -0.0933837890625 0.162826538085938 -0.0816497802734375
0.381744384765625 0.16162109375 0.0644302368164063 -0.0306854248046875
0.183349609375 0.400421142578125 0.0587997436523438 -0.09210205078125
-0.2469482421875 0.458465576171875 0.150985717773437 -0.2198486328125
-0.45550537109375 0.3033447265625 0.419769287109375 -0.251708984375
-0.56475830078125 0.0435791015625001 0.68310546875 -0.0081787109375
-0.74346923828125 0.0968017578125001 0.113265991210937 -0.1029052734375
-0.51837158203125 0.339447021484375 0.0366287231445312 -0.0430374145507812
-0.23895263671875 0.59710693359375 -0.0289039611816406 0.0693550109863282
0.19793701171875 0.5009765625 0.0638580322265625 0.07855224609375
0.419891357421875 0.26275634765625 0.08770751953125 0.0865707397460938
0.472412109375 -0.113922119140625 0.152191162109375 -0.03167724609375
0.38934326171875 -0.2911376953125 0.129188537597656 -0.0957870483398438
0.38958740234375 -0.233978271484375 0.0781936645507813 -0.0714492797851563
0.415557861328125 -0.288909912109375 0.100242614746094 -0.0485458374023438
0.469970703125 -0.09912109375 0.036834716796875 -0.0321884155273438
0.474365234375 0.2137451171875 -0.0447769165039062 -0.0232162475585937
0.238372802734375 0.501922607421875 -0.00965118408203124 -0.119682312011719
-0.2987060546875 0.593994140625 0.115478515625 -0.229293823242188
-0.56866455078125 0.40960693359375 0.335235595703125 -0.187713623046875
-0.73590087890625 0.0801391601562502 0.4822998046875 0.00213623046875
-0.78094482421875 0.13629150390625 -0.120109558105469 -0.0776443481445313
-0.543701171875 0.39752197265625 -0.0811767578125 0.0399169921875
-0.23211669921875 0.65362548828125 -0.0383453369140625 0.0870895385742188
0.229156494140625 0.53497314453125 0.0147743225097656 0.0422096252441407
0.445831298828125 0.28265380859375 -0.0129585266113281 0.0668754577636719
0.504791259765625 -0.106658935546875 0.0215110778808594 0.0104961395263672
0.423004150390625 -0.28369140625 0.00305747985839846 0.0150671005249023
0.418121337890625 -0.22747802734375 -0.0337753295898437 0.0467987060546875
0.445068359375 -0.28082275390625 -0.0217399597167968 0.06060791015625
0.4879150390625 -0.085357666015625 -0.0993804931640625 0.0265579223632813
0.488067626953125 0.23455810546875 -0.156982421875 -0.0116119384765625
0.24432373046875 0.519287109375 -0.0823822021484375 -0.134605407714844
-0.313232421875 0.61962890625 0.06878662109375 -0.210906982421875
-0.59552001953125 0.43182373046875 0.21502685546875 -0.0931243896484375
-0.78948974609375 0.0949707031249999 0.23187255859375 0.0213775634765625
-0.70489501953125 0.1624755859375 -0.363037109375 -0.040618896484375
-0.48028564453125 0.394744873046875 -0.20849609375 0.128738403320313
-0.18524169921875 0.5968017578125 -0.0537948608398438 0.104454040527344
0.2215576171875 0.476043701171875 -0.0430946350097656 0.0133857727050782
0.39874267578125 0.251953125 -0.111434936523437 0.0471267700195313
0.457916259765625 -0.0885009765625 -0.110763549804687 0.0558700561523438
0.3876953125 -0.235137939453125 -0.122207641601562 0.126838684082031
0.38287353515625 -0.187896728515625 -0.142868041992187 0.156509399414062
0.4095458984375 -0.23089599609375 -0.141876220703125 0.159927368164062
0.4290771484375 -0.051666259765625 -0.223098754882812 0.0784454345703125
0.409393310546875 0.226531982421875 -0.2467041015625 -0.00471496582031248
0.18511962890625 0.45220947265625 -0.140838623046875 -0.139190673828125
-0.29345703125 0.516357421875 0.0249176025390625 -0.1712646484375
-0.5252685546875 0.3590087890625 0.084075927734375 0.00617218017578127
-0.71331787109375 0.0816040039062501 -0.0255470275878907 0.0411834716796875
-0.51507568359375 0.159271240234375 -0.57928466796875 8.0691797145251E-17
-0.342071533203125 0.320037841796875 -0.328033447265625 0.20513916015625
-0.11297607421875 0.4317626953125 -0.0730743408203125 0.121444702148438
0.167388916015625 0.33148193359375 -0.0938262939453125 -0.00128173828124998
0.278945922851563 0.176681518554688 -0.183486938476562 0.028594970703125
0.332275390625 -0.05517578125 -0.218353271484375 0.0955963134765625
0.29193115234375 -0.150909423828125 -0.22552490234375 0.217941284179687
0.28802490234375 -0.1201171875 -0.228713989257813 0.2432861328125
0.310272216796875 -0.14227294921875 -0.2440185546875 0.233871459960938
0.303619384765625 -0.006072998046875 -0.3126220703125 0.11175537109375
0.26446533203125 0.189620971679687 -0.29669189453125 -0.0103759765624999
0.085662841796875 0.312591552734375 -0.16961669921875 -0.139450073242187
-0.234710693359375 0.321441650390625 -0.00531768798828126 -0.127937316894531
-0.37298583984375 0.222869873046875 -0.0317230224609375 0.0826644897460938
-0.524627685546875 0.0531921386718751 -0.248336791992188 0.0538787841796875
-0.246353149414063 0.124221801757812 -0.7342529296875 0.0368041992187501
-0.1552734375 0.195388793945313 -0.423492431640625 0.258392333984375
-0.025115966796875 0.201034545898437 -0.08935546875 0.140960693359375
0.0876998901367188 0.136543273925781 -0.120368957519531 0.00336456298828124
0.115219116210938 0.0755538940429688 -0.212646484375 0.0108184814453126
0.153976440429688 -0.011322021484375 -0.280776977539063 0.117233276367188
0.1497802734375 -0.0414276123046875 -0.2913818359375 0.272705078125
0.14892578125 -0.033416748046875 -0.280426025390625 0.293243408203125
0.167984008789063 -0.034393310546875 -0.309722900390625 0.27032470703125
0.141250610351563 0.0364227294921875 -0.359954833984375 0.121124267578125
0.0937271118164063 0.124488830566406 -0.304779052734375 -0.0264892578125
-0.00917816162109376 0.139144897460938 -0.171066284179688 -0.14044189453125
-0.13671875 0.101509094238281 -0.0194091796875 -0.093505859375
-0.169708251953125 0.0699005126953125 -0.11279296875 0.122756958007813
-0.259323120117187 0.022247314453125 -0.40093994140625 0.0577087402343751
-0.0759124755859375 -0.0362930297851563 0.443634033203125 -0.141876220703125
-0.0555305480957031 0.0401573181152344 0.165786743164063 -0.166549682617188
0.00737762451171876 0.0885848999023438 -0.0149497985839844 0.0622978210449219
0.0644073486328125 0.0476608276367187 0.141845703125 0.146484375
0.0914535522460937 -0.0168609619140625 0.271331787109375 0.0753326416015625
0.033416748046875 -0.0756759643554688 0.341827392578125 -0.119964599609375
-0.00559234619140626 -0.089508056640625 0.31134033203125 -0.306488037109375
0.00277709960937499 -0.0615272521972656 0.26995849609375 -0.30657958984375
-0.002471923828125 -0.0679244995117188 0.290435791015625 -0.26904296875
0.0373306274414063 -0.0407638549804688 0.296661376953125 -0.138916015625
0.052764892578125 0.00159072875976563 0.202392578125 -0.0411376953125
0.0156898498535156 0.0604896545410156 0.129791259765625 -0.037841796875
-0.0439300537109375 0.0374870300292969 0.153366088867188 -0.164810180664062
-0.0572662353515625 -0.00806808471679688 0.417236328125 -0.294281005859375
-0.00445938110351562 -0.0591506958007813 0.8023681640625 -0.02337646484375
-0.3531494140625 0.019287109375 0.4114990234375 -0.138580322265625
-0.240310668945312 0.149169921875 0.16607666015625 -0.153579711914063
-0.093475341796875 0.2823486328125 -0.0194282531738281 0.0536994934082031
0.11279296875 0.219482421875 0.121353149414062 0.128669738769531
0.223953247070313 0.08642578125 0.231674194335937 0.0898895263671875
0.20257568359375 -0.104476928710938 0.3134765625 -0.10028076171875
0.145065307617188 -0.1903076171875 0.2869873046875 -0.27105712890625
0.155548095703125 -0.148880004882813 0.237335205078125 -0.264480590820313
0.159698486328125 -0.176315307617188 0.263885498046875 -0.23150634765625
0.213851928710938 -0.0799560546875 0.247772216796875 -0.121826171875
0.228347778320312 0.0753631591796875 0.147506713867188 -0.036407470703125
0.109832763671875 0.235824584960937 0.103836059570313 -0.06268310546875
-0.140823364257813 0.26031494140625 0.155593872070312 -0.196243286132812
-0.257247924804687 0.16021728515625 0.431884765625 -0.29400634765625
-0.29974365234375 0.00488281249999996 0.78179931640625 -0.03411865234375
-0.58135986328125 0.0722045898437501 0.296417236328125 -0.128173828125
-0.396759033203125 0.25445556640625 0.120384216308594 -0.115089416503906
-0.1739501953125 0.458404541015625 -0.0222702026367188 0.0571479797363282
0.161468505859375 0.371826171875 0.0985183715820313 0.103981018066406
0.338470458984375 0.1773681640625 0.172943115234375 0.090423583984375
0.3489990234375 -0.123504638671875 0.246490478515625 -0.075408935546875
0.274627685546875 -0.263778686523438 0.220718383789063 -0.199569702148438
0.28497314453125 -0.2130126953125 0.169647216796875 -0.181564331054688
0.297607421875 -0.25836181640625 0.196243286132813 -0.154998779296875
0.359710693359375 -0.10687255859375 0.15692138671875 -0.0846099853515625
0.376708984375 0.140777587890625 0.0616455078125 -0.0309524536132812
0.195526123046875 0.384918212890625 0.0553207397460938 -0.0918045043945312
-0.218505859375 0.45806884765625 0.139984130859375 -0.221694946289062
-0.428466796875 0.3115234375 0.398773193359375 -0.26324462890625
-0.55401611328125 0.0656127929687499 0.6651611328125 -0.0322265625
-0.72406005859375 0.1234130859375 0.111289978027344 -0.106903076171875
-0.4959716796875 0.348907470703125 0.0359382629394531 -0.0491790771484375
-0.20965576171875 0.59466552734375 -0.025634765625 0.0713729858398438
0.212615966796875 0.48052978515625 0.0665054321289063 0.0741119384765625
0.422576904296875 0.23895263671875 0.0923995971679688 0.0803070068359375
0.45013427734375 -0.1318359375 0.144638061523438 -0.03961181640625
0.36431884765625 -0.30303955078125 0.120567321777344 -0.100776672363281
0.37091064453125 -0.243865966796875 0.0741729736328125 -0.0718231201171875
0.38836669921875 -0.29974365234375 0.0972824096679688 -0.053558349609375
0.450714111328125 -0.11773681640625 0.0354423522949219 -0.0310554504394531
0.472015380859375 0.1875 -0.044525146484375 -0.01861572265625
0.254180908203125 0.482330322265625 -0.0110702514648437 -0.115585327148437
-0.26629638671875 0.59393310546875 0.10614013671875 -0.228073120117187
-0.536376953125 0.418060302734375 0.320220947265625 -0.196014404296875
-0.72320556640625 0.108154296875 0.470550537109375 -0.014373779296875
-0.7637939453125 0.163818359375 -0.116813659667969 -0.0740890502929688
-0.519317626953125 0.40771484375 -0.075714111328125 0.037017822265625
-0.20123291015625 0.6524658203125 -0.0336380004882813 0.0900497436523438
0.244903564453125 0.5150146484375 0.0187187194824219 0.0418930053710938
0.4498291015625 0.257080078125 -0.0060005187988281 0.0654792785644532
0.48468017578125 -0.127471923828125 0.0188121795654297 0.00502967834472655
0.3961181640625 -0.297637939453125 0.00247573852539065 0.0132255554199219
0.39910888671875 -0.24005126953125 -0.03204345703125 0.0479850769042969
0.419403076171875 -0.294342041015625 -0.018524169921875 0.0577278137207031
0.468841552734375 -0.1046142578125 -0.0961532592773437 0.0311737060546875
0.483642578125 0.208831787109375 -0.153656005859375 -0.00328063964843752
0.258514404296875 0.500396728515625 -0.0839157104492187 -0.127273559570312
-0.28167724609375 0.61785888671875 0.0621337890625 -0.207916259765625
-0.5604248046875 0.440582275390625 0.208145141601562 -0.099212646484375
-0.7730712890625 0.122802734375 0.227020263671875 0.0146636962890625
-0.68634033203125 0.1859130859375 -0.35357666015625 -0.0289916992187499
-0.460235595703125 0.403106689453125 -0.196807861328125 0.130279541015625
-0.157958984375 0.59747314453125 -0.0480117797851563 0.108207702636719
0.2347412109375 0.458465576171875 -0.0383110046386719 0.0160903930664063
0.40447998046875 0.230224609375 -0.10302734375 0.0498886108398438
0.439453125 -0.10736083984375 -0.1085205078125 0.054656982421875
0.3662109375 -0.249603271484375 -0.115959167480469 0.126510620117187
0.366363525390625 -0.200653076171875 -0.133575439453125 0.160140991210938
0.38714599609375 -0.24200439453125 -0.133041381835938 0.160018920898437
0.412811279296875 -0.06903076171875 -0.21453857421875 0.086517333984375
0.408416748046875 0.204803466796875 -0.240402221679688 0.00614929199218751
0.199005126953125 0.436492919921875 -0.140434265136719 -0.129005432128906
-0.2652587890625 0.517669677734375 0.0211639404296875 -0.167694091796875
-0.49591064453125 0.36846923828125 0.0849151611328125 0.00276947021484377
-0.7000732421875 0.106201171875 -0.0239982604980469 0.043975830078125
-0.503631591796875 0.174041748046875 -0.56390380859375 0.0196533203125001
-0.327301025390625 0.326080322265625 -0.310699462890625 0.211456298828125
-0.09326171875 0.432708740234375 -0.0645065307617188 0.125755310058594
0.17791748046875 0.318572998046875 -0.088287353515625 0.00455474853515626
0.28240966796875 0.162445068359375 -0.175445556640625 0.033416748046875
0.320220947265625 -0.0693359375 -0.211563110351562 0.0966796875
0.276168823242187 -0.163558959960937 -0.213180541992188 0.221389770507812
0.2763671875 -0.130844116210938 -0.21533203125 0.247909545898438
0.294830322265625 -0.15301513671875 -0.22955322265625 0.23675537109375
0.294219970703125 -0.0206298828125 -0.301483154296875 0.12103271484375
0.266204833984375 0.172897338867188 -0.28857421875 0.00143432617187497
0.0970458984375 0.30389404296875 -0.1693115234375 -0.128250122070313
-0.217254638671875 0.325103759765625 -0.00673675537109375 -0.122947692871094
-0.354217529296875 0.2298583984375 -0.0243682861328125 0.0832748413085938
-0.5145263671875 0.0718383789062499 -0.241409301757813 0.063995361328125
-0.241317749023437 0.128707885742188 -0.71539306640625 0.0612182617187502
-0.148178100585938 0.197311401367188 -0.402740478515625 0.267974853515625
-0.0179290771484375 0.2021484375 -0.0801849365234375 0.14495849609375
0.0919113159179688 0.131752014160156 -0.114067077636719 0.0102691650390625
0.117393493652344 0.07073974609375 -0.206100463867188 0.017913818359375
0.149993896484375 -0.0184783935546875 -0.271209716796875 0.121841430664063
0.143783569335938 -0.050018310546875 -0.273284912109375 0.277175903320312
0.144454956054687 -0.040435791015625 -0.26361083984375 0.297821044921875
0.161224365234375 -0.041656494140625 -0.29248046875 0.27587890625
0.138435363769531 0.0288619995117188 -0.345733642578125 0.131317138671875
0.09814453125 0.117134094238281 -0.29718017578125 -0.01385498046875
-0.00279235839843749 0.137924194335938 -0.171279907226562 -0.128204345703125
-0.131484985351563 0.106307983398438 -0.0202484130859375 -0.0884552001953125
-0.163192749023438 0.0751800537109375 -0.101600646972656 0.125717163085938
-0.256088256835938 0.03253173828125 -0.389923095703125 0.073883056640625
-0.0719375610351563 -0.0330581665039062 0.437347412109375 -0.14501953125
-0.0537033081054688 0.0380058288574219 0.159332275390625 -0.168426513671875
0.0077972412109375 0.085205078125 -0.0146865844726563 0.0610084533691406
0.0619888305664062 0.0449600219726562 0.13958740234375 0.139625549316406
0.0877304077148437 -0.0193023681640625 0.266632080078125 0.070587158203125
0.029815673828125 -0.0738601684570313 0.3330078125 -0.12060546875
-0.00821685791015625 -0.0843429565429688 0.300506591796875 -0.304779052734375
0.00126266479492188 -0.0590057373046875 0.262786865234375 -0.30535888671875
-0.00488662719726563 -0.0655555725097656 0.284149169921875 -0.269439697265625
0.0353012084960938 -0.0398025512695313 0.29083251953125 -0.14019775390625
0.0493545532226563 0.000110626220703125 0.19830322265625 -0.041748046875
0.0162239074707031 0.0583915710449219 0.127159118652344 -0.0396347045898437
-0.0391120910644531 0.0357818603515625 0.146224975585938 -0.163253784179688
-0.0521888732910156 -0.00662231445312499 0.4029541015625 -0.295654296875
-0.00390243530273437 -0.0569381713867188 0.78692626953125 -0.03179931640625
-0.344146728515625 0.0243530273437499 0.407073974609375 -0.142333984375
-0.234024047851563 0.146316528320313 0.159622192382812 -0.156478881835938
-0.08837890625 0.277145385742188 -0.0187873840332031 0.0536079406738281
0.111907958984375 0.212692260742188 0.11993408203125 0.12286376953125
0.2208251953125 0.0795135498046875 0.229248046875 0.085205078125
0.193130493164063 -0.105743408203125 0.3048095703125 -0.102294921875
0.13641357421875 -0.18701171875 0.276153564453125 -0.269699096679688
0.150527954101563 -0.147018432617188 0.23101806640625 -0.263427734375
0.150909423828125 -0.174880981445313 0.258102416992188 -0.232421875
0.206298828125 -0.0811614990234375 0.243255615234375 -0.122146606445313
0.223007202148438 0.0699615478515625 0.144546508789062 -0.03619384765625
0.111923217773438 0.229873657226563 0.102264404296875 -0.0634536743164063
-0.13177490234375 0.256423950195313 0.149459838867188 -0.194839477539062
-0.246536254882812 0.1585693359375 0.416748046875 -0.2952880859375
-0.295166015625 0.01007080078125 0.7669677734375 -0.0419921875
-0.56951904296875 0.0802612304687501 0.2933349609375 -0.13232421875
-0.387359619140625 0.251708984375 0.116775512695312 -0.119453430175781
-0.16424560546875 0.452117919921875 -0.0213737487792969 0.0580635070800781
0.162200927734375 0.36181640625 0.0986709594726563 0.0997695922851563
0.336456298828125 0.1673583984375 0.172988891601563 0.08587646484375
0.335968017578125 -0.12701416015625 0.238616943359375 -0.0780487060546875
0.261444091796875 -0.264266967773438 0.212020874023438 -0.19976806640625
0.276443481445313 -0.213409423828125 0.165252685546875 -0.18035888671875
0.28472900390625 -0.25811767578125 0.192169189453125 -0.1575927734375
0.348175048828125 -0.11041259765625 0.154067993164063 -0.0838470458984375
0.370025634765625 0.131439208984375 0.0607376098632813 -0.0282974243164062
0.1978759765625 0.376739501953125 0.055633544921875 -0.0919189453125
-0.206512451171875 0.452392578125 0.135009765625 -0.220169067382812
-0.413055419921875 0.308990478515625 0.3863525390625 -0.26263427734375
-0.54541015625 0.0718994140625001 0.6524658203125 -0.0377197265625
-0.71258544921875 0.13287353515625 0.11236572265625 -0.109100341796875
-0.486328125 0.347076416015625 0.0349845886230468 -0.0537948608398437
-0.19744873046875 0.5887451171875 -0.0237503051757813 0.0738601684570313
0.214508056640625 0.4696044921875 0.06793212890625 0.0712432861328125
0.42144775390625 0.22967529296875 0.0952301025390625 0.0767440795898438
0.433929443359375 -0.13739013671875 0.138557434082031 -0.0428466796875
0.34735107421875 -0.30462646484375 0.11541748046875 -0.101943969726563
0.360687255859375 -0.246429443359375 0.07244873046875 -0.0710372924804688
0.372802734375 -0.300537109375 0.095306396484375 -0.0565643310546875
0.436431884765625 -0.1220703125 0.034994125366211 -0.0295505523681641
0.463958740234375 0.17559814453125 -0.0434379577636718 -0.0150833129882812
0.256683349609375 0.471588134765625 -0.01007080078125 -0.1136474609375
-0.25372314453125 0.58721923828125 0.10321044921875 -0.226531982421875
-0.5179443359375 0.41400146484375 0.312164306640625 -0.1968994140625
-0.71185302734375 0.11590576171875 0.460723876953125 -0.016632080078125
-0.7528076171875 0.17242431640625 -0.112159729003906 -0.0737991333007812
-0.512481689453125 0.40509033203125 -0.0730743408203125 0.032928466796875
-0.1871337890625 0.649169921875 -0.030426025390625 0.0931015014648438
0.247650146484375 0.502685546875 0.0215682983398438 0.041015625
0.4512939453125 0.246063232421875 -0.000694274902343726 0.0632209777832031
0.46917724609375 -0.1334228515625 0.0146837234497071 0.00240612030029296
0.37835693359375 -0.302032470703125 0.000577926635742212 0.0112543106079101
0.39013671875 -0.24322509765625 -0.0309906005859375 0.0486183166503906
0.40423583984375 -0.295989990234375 -0.0176849365234375 0.0545997619628906
0.456298828125 -0.110626220703125 -0.0936203002929687 0.0331954956054687
0.478424072265625 0.197052001953125 -0.15008544921875 0.000976562500000003
0.26129150390625 0.49053955078125 -0.0814743041992188 -0.123741149902344
-0.26727294921875 0.61187744140625 0.060882568359375 -0.206130981445313
-0.5438232421875 0.435150146484375 0.204376220703125 -0.100418090820312
-0.76300048828125 0.13177490234375 0.22296142578125 0.0137481689453125
-0.677978515625 0.192138671875 -0.34527587890625 -0.026153564453125
-0.452301025390625 0.400299072265625 -0.190338134765625 0.127761840820313
-0.145751953125 0.595458984375 -0.0424118041992188 0.111679077148438
0.239715576171875 0.448944091796875 -0.0344867706298828 0.0175762176513672
0.404388427734375 0.22100830078125 -0.0974655151367187 0.0493621826171875
0.425506591796875 -0.113311767578125 -0.109397888183594 0.0518264770507813
0.352020263671875 -0.254913330078125 -0.113739013671875 0.124900817871094
0.357635498046875 -0.20416259765625 -0.130157470703125 0.160415649414062
0.37274169921875 -0.245849609375 -0.129409790039062 0.157241821289063
0.400634765625 -0.07452392578125 -0.20941162109375 0.088531494140625
0.40338134765625 0.193603515625 -0.235183715820312 0.0109710693359375
0.2015380859375 0.4268798828125 -0.137893676757813 -0.124641418457031
-0.255523681640625 0.512847900390625 0.0212249755859375 -0.165771484375
-0.4814453125 0.3641357421875 0.085113525390625 0.00156402587890627
-0.6910400390625 0.1148681640625 -0.0237236022949219 0.045166015625
-0.49761962890625 0.177642822265625 -0.553619384765625 0.0242614746093749
-0.321533203125 0.3255615234375 -0.30120849609375 0.2105712890625
-0.085540771484375 0.43206787109375 -0.0591583251953125 0.128448486328125
0.1805419921875 0.313201904296875 -0.08294677734375 0.00712585449218751
0.284210205078125 0.15576171875 -0.169647216796875 0.0344390869140625
0.310455322265625 -0.074005126953125 -0.209854125976562 0.094818115234375
0.266464233398438 -0.169052124023437 -0.207809448242187 0.218856811523437
0.270355224609375 -0.134765625 -0.209274291992188 0.248153686523437
0.284912109375 -0.1556396484375 -0.2235107421875 0.23345947265625
0.28570556640625 -0.024627685546875 -0.29412841796875 0.123321533203125
0.264633178710938 0.164398193359375 -0.282501220703125 0.00692749023437504
0.09954833984375 0.2989501953125 -0.16644287109375 -0.122695922851562
-0.210845947265625 0.3233642578125 -0.00485992431640625 -0.120849609375
-0.34478759765625 0.2286376953125 -0.01983642578125 0.082305908203125
-0.510040283203125 0.077880859375 -0.235931396484375 0.0675811767578125
-0.240158081054688 0.128326416015625 -0.70172119140625 0.0669555664062502
-0.146087646484375 0.197540283203125 -0.390106201171875 0.268585205078125
-0.0146484375 0.203384399414062 -0.07373046875 0.146530151367188
0.0932998657226563 0.130088806152344 -0.10882568359375 0.0127029418945313
0.11871337890625 0.06842041015625 -0.200286865234375 0.018707275390625
0.14569091796875 -0.0213165283203125 -0.266830444335938 0.120162963867187
0.140029907226563 -0.0544967651367188 -0.266281127929688 0.275634765625
0.141586303710938 -0.043304443359375 -0.256134033203125 0.297821044921875
0.157730102539063 -0.0445556640625 -0.284759521484375 0.275146484375
0.135490417480469 0.0249099731445313 -0.3377685546875 0.13348388671875
0.0997695922851563 0.11224365234375 -0.290618896484375 -0.00973510742187499
-0.000442504882812505 0.137260437011719 -0.169403076171875 -0.122146606445313
-0.129325866699219 0.109512329101562 -0.0182952880859375 -0.0854568481445312
-0.160125732421875 0.075958251953125 -0.0951995849609375 0.125869750976563
-0.254409790039063 0.03546142578125 -0.3824462890625 0.0798645019531249
-0.0688323974609375 -0.0318527221679687 0.44189453125 -0.146026611328125
-0.0536575317382813 0.0360565185546875 0.159210205078125 -0.170150756835938
0.006500244140625 0.0830230712890625 -0.0153732299804688 0.0613746643066406
0.060089111328125 0.0444259643554688 0.138267517089844 0.138641357421875
0.0868988037109375 -0.0209274291992188 0.267745971679688 0.0709381103515625
0.0283203125 -0.073944091796875 0.333984375 -0.118682861328125
-0.0091705322265625 -0.0815200805664062 0.30126953125 -0.306671142578125
0.00107192993164063 -0.05712890625 0.2666015625 -0.308502197265625
-0.006744384765625 -0.0641937255859375 0.2880859375 -0.272552490234375
0.0346260070800781 -0.0393905639648438 0.294342041015625 -0.140106201171875
0.0474739074707031 5.7220458984375E-05 0.19940185546875 -0.0407562255859375
0.0166587829589844 0.0583229064941406 0.128158569335938 -0.0405349731445312
-0.0373077392578125 0.0340614318847656 0.145217895507813 -0.162826538085938
-0.0487174987792969 -0.00638198852539063 0.401611328125 -0.29437255859375
-0.00255584716796875 -0.0560455322265625 0.78924560546875 -0.03021240234375
-0.342926025390625 0.0252685546875 0.413726806640625 -0.14483642578125
-0.235687255859375 0.14404296875 0.159454345703125 -0.160247802734375
-0.0894775390625 0.27777099609375 -0.019439697265625 0.0554656982421875
0.109817504882812 0.213119506835938 0.119720458984375 0.122169494628906
0.220672607421875 0.07855224609375 0.230972290039063 0.0848236083984375
0.190521240234375 -0.106231689453125 0.30419921875 -0.101043701171875
0.13385009765625 -0.18524169921875 0.276626586914062 -0.271438598632813
0.150985717773438 -0.147064208984375 0.234756469726562 -0.265090942382813
0.149154663085938 -0.174880981445313 0.261581420898438 -0.236648559570313
0.204421997070313 -0.08148193359375 0.246536254882813 -0.122100830078125
0.221221923828125 0.06951904296875 0.145889282226563 -0.0343780517578125
0.113311767578125 0.23223876953125 0.104484558105469 -0.064849853515625
-0.130447387695312 0.25653076171875 0.149246215820313 -0.195785522460937
-0.244827270507813 0.158035278320313 0.4169921875 -0.295684814453125
-0.29730224609375 0.01068115234375 0.76995849609375 -0.0386962890625
-0.57135009765625 0.08087158203125 0.2998046875 -0.1356201171875
-0.39190673828125 0.24981689453125 0.116981506347656 -0.123687744140625
-0.16497802734375 0.45538330078125 -0.0209770202636719 0.0617904663085938
0.161834716796875 0.362518310546875 0.099884033203125 0.0990829467773438
0.33837890625 0.16754150390625 0.175735473632813 0.08502197265625
0.331939697265625 -0.12744140625 0.237289428710938 -0.0779571533203125
0.256790161132813 -0.264724731445312 0.2119140625 -0.201004028320313
0.278594970703125 -0.214141845703125 0.167633056640625 -0.181182861328125
0.282470703125 -0.259246826171875 0.194488525390625 -0.160903930664063
0.345550537109375 -0.1103515625 0.156295776367188 -0.0828399658203125
0.369476318359375 0.13055419921875 0.0616569519042969 -0.0261688232421875
0.199981689453125 0.380218505859375 0.0578460693359375 -0.0925216674804687
-0.20770263671875 0.454010009765625 0.1361083984375 -0.222396850585937
-0.413055419921875 0.3067626953125 0.388336181640625 -0.264007568359375
-0.552215576171875 0.072601318359375 0.6552734375 -0.034912109375
-0.718505859375 0.13397216796875 0.117347717285156 -0.11260986328125
-0.492889404296875 0.346466064453125 0.0355186462402343 -0.0581893920898437
-0.19775390625 0.59503173828125 -0.0219573974609375 0.07855224609375
0.215423583984375 0.472381591796875 0.0696029663085938 0.0708847045898438
0.425994873046875 0.228607177734375 0.0985946655273438 0.0764541625976563
0.430999755859375 -0.1385498046875 0.136001586914063 -0.0436859130859375
0.343170166015625 -0.3067626953125 0.114463806152344 -0.10369873046875
0.36285400390625 -0.24932861328125 0.0734024047851563 -0.070404052734375
0.37139892578125 -0.301483154296875 0.0962142944335938 -0.0588455200195313
0.434844970703125 -0.12164306640625 0.0368232727050782 -0.0276222229003906
0.46478271484375 0.17529296875 -0.0428848266601562 -0.0124320983886719
0.258544921875 0.47723388671875 -0.00798797607421874 -0.115219116210937
-0.25482177734375 0.59033203125 0.104278564453125 -0.230514526367187
-0.52008056640625 0.409271240234375 0.313720703125 -0.197509765625
-0.720458984375 0.11566162109375 0.4635009765625 -0.0147705078125
-0.7618408203125 0.17413330078125 -0.109832763671875 -0.07763671875
-0.519073486328125 0.405853271484375 -0.073272705078125 0.029266357421875
-0.18798828125 0.6553955078125 -0.0279083251953125 0.0994338989257813
0.250335693359375 0.508544921875 0.0245857238769531 0.0412139892578125
0.457366943359375 0.24700927734375 0.00201797485351566 0.0626907348632813
0.4659423828125 -0.134735107421875 0.0109939575195313 0.000728607177734367
0.375579833984375 -0.306610107421875 -0.00186634063720701 0.0106639862060547
0.3917236328125 -0.246337890625 -0.0315093994140625 0.0505714416503906
0.401275634765625 -0.2979736328125 -0.0183181762695312 0.0530014038085937
0.4544677734375 -0.109588623046875 -0.093475341796875 0.0348739624023437
0.478729248046875 0.195556640625 -0.150177001953125 0.00341796875000004
0.262664794921875 0.4962158203125 -0.0794601440429687 -0.1248779296875
-0.271728515625 0.61578369140625 0.06256103515625 -0.209701538085937
-0.548309326171875 0.43310546875 0.206024169921875 -0.101425170898437
-0.774169921875 0.13018798828125 0.223464965820312 0.0153045654296875
-0.68658447265625 0.193359375 -0.34454345703125 -0.028900146484375
-0.461151123046875 0.4041748046875 -0.191619873046875 0.125259399414063
-0.14508056640625 0.60430908203125 -0.0392990112304688 0.11724853515625
0.241851806640625 0.452880859375 -0.0306568145751953 0.0175304412841797
0.410491943359375 0.221038818359375 -0.094818115234375 0.0483322143554688
0.42376708984375 -0.114837646484375 -0.113487243652344 0.0500946044921875
0.3480224609375 -0.25994873046875 -0.116195678710937 0.125068664550781
0.360382080078125 -0.207122802734375 -0.131668090820312 0.163284301757813
0.3712158203125 -0.24737548828125 -0.131622314453125 0.156723022460937
0.39849853515625 -0.07470703125 -0.21112060546875 0.089874267578125
0.405181884765625 0.192718505859375 -0.235366821289063 0.0124969482421876
0.2030029296875 0.43243408203125 -0.136650085449219 -0.125251770019531
-0.259429931640625 0.517852783203125 0.023651123046875 -0.169586181640625
-0.485137939453125 0.36138916015625 0.0871124267578125 0.00128936767578127
-0.699951171875 0.114013671875 -0.0247917175292969 0.04644775390625
-0.5072021484375 0.177581787109375 -0.555267333984375 0.0226135253906251
-0.329376220703125 0.32818603515625 -0.3031005859375 0.209381103515625
-0.08477783203125 0.440338134765625 -0.0556182861328125 0.133163452148438
0.183685302734375 0.316253662109375 -0.07940673828125 0.00761413574218753
0.28912353515625 0.158233642578125 -0.168075561523437 0.0332794189453125
0.308837890625 -0.074737548828125 -0.214141845703125 0.0918426513671875
0.263641357421875 -0.17333984375 -0.211288452148437 0.21923828125
0.2716064453125 -0.137542724609375 -0.211990356445313 0.251190185546875
0.2835693359375 -0.15826416015625 -0.227081298828125 0.235275268554687
0.2833251953125 -0.02545166015625 -0.2967529296875 0.124755859375
0.26629638671875 0.163619995117188 -0.28216552734375 0.00735473632812498
0.100006103515625 0.3021240234375 -0.165695190429688 -0.122528076171875
-0.213958740234375 0.3275146484375 -0.00283050537109375 -0.1239013671875
-0.3466796875 0.22528076171875 -0.0181961059570313 0.0823440551757813
-0.517669677734375 0.077850341796875 -0.238845825195313 0.069610595703125
-0.246566772460938 0.127365112304687 -0.706787109375 0.06634521484375
-0.150482177734375 0.199432373046875 -0.39373779296875 0.270294189453125
-0.0146026611328125 0.209030151367187 -0.0703582763671875 0.149749755859375
0.0953521728515625 0.132980346679688 -0.106224060058594 0.013671875
0.121307373046875 0.0702056884765625 -0.201339721679688 0.0178070068359375
0.145675659179688 -0.0209503173828125 -0.2703857421875 0.118576049804687
0.138534545898438 -0.0584945678710938 -0.269012451171875 0.276931762695312
0.142608642578125 -0.0453033447265625 -0.259429931640625 0.30126953125
0.157333374023438 -0.0460357666015625 -0.287994384765625 0.27655029296875
0.133796691894531 0.0240554809570312 -0.3394775390625 0.133514404296875
0.101425170898437 0.111244201660156 -0.29052734375 -0.00973510742187506
5.34057617187637E-05 0.139076232910156 -0.1697998046875 -0.1212158203125
-0.131546020507813 0.112060546875 -0.016448974609375 -0.0860671997070313
-0.161880493164063 0.0753631591796875 -0.093353271484375 0.126716613769531
-0.25970458984375 0.0362091064453125 -0.38531494140625 0.081390380859375
-0.0676307678222656 -0.0320167541503906 0.4588623046875 -0.15655517578125
-0.0547103881835938 0.0358085632324219 0.162429809570313 -0.177642822265625
0.00613403320312501 0.0845794677734375 -0.015655517578125 0.0632514953613281
0.0597000122070313 0.0454254150390625 0.142196655273438 0.140121459960938
0.0872726440429688 -0.0238876342773437 0.275833129882813 0.0702667236328125
0.0258712768554687 -0.0759811401367188 0.343414306640625 -0.123016357421875
-0.0102691650390625 -0.08050537109375 0.308013916015625 -0.3194580078125
0.000534057617187498 -0.0572471618652344 0.274566650390625 -0.3228759765625
-0.00933837890625 -0.0647354125976563 0.298004150390625 -0.286468505859375
0.0344352722167969 -0.0405998229980469 0.30487060546875 -0.146026611328125
0.0471839904785156 -0.000301361083984375 0.2047119140625 -0.0433349609375
0.0184707641601562 0.0591659545898438 0.13201904296875 -0.0443878173828125
-0.0361328125 0.03253173828125 0.147964477539063 -0.16864013671875
-0.0468597412109375 -0.00696945190429687 0.408447265625 -0.306182861328125
-0.00200271606445313 -0.0565376281738281 0.8123779296875 -0.0357666015625
-0.3511962890625 0.028717041015625 0.427886962890625 -0.15582275390625
-0.243408203125 0.147125244140625 0.16302490234375 -0.168350219726563
-0.090606689453125 0.28668212890625 -0.0189476013183594 0.0594940185546875
0.1131591796875 0.217941284179688 0.123771667480469 0.123039245605469
0.227752685546875 0.076690673828125 0.238983154296875 0.0848541259765625
0.19134521484375 -0.1099853515625 0.312164306640625 -0.105316162109375
0.133148193359375 -0.190048217773438 0.282012939453125 -0.283416748046875
0.154052734375 -0.152130126953125 0.242034912109375 -0.276748657226563
0.149368286132813 -0.180984497070313 0.27008056640625 -0.249481201171875
0.207748413085937 -0.0844879150390625 0.255142211914063 -0.126022338867188
0.226776123046875 0.069549560546875 0.150558471679688 -0.034332275390625
0.119613647460937 0.238555908203125 0.107444763183594 -0.0696792602539062
-0.132080078125 0.26397705078125 0.151611328125 -0.2034912109375
-0.248886108398438 0.161590576171875 0.425079345703125 -0.307159423828125
-0.307159423828125 0.01409912109375 0.79339599609375 -0.04547119140625
-0.58843994140625 0.0890502929687501 0.311859130859375 -0.14532470703125
-0.404632568359375 0.2576904296875 0.119178771972656 -0.131645202636719
-0.166717529296875 0.470367431640625 -0.0192031860351563 0.0677680969238282
0.1676025390625 0.3731689453125 0.103805541992188 0.0996246337890625
0.351318359375 0.167388916015625 0.18316650390625 0.0850372314453125
0.33612060546875 -0.133514404296875 0.242095947265625 -0.081298828125
0.257736206054688 -0.273269653320313 0.215560913085938 -0.209762573242188
0.28460693359375 -0.224273681640625 0.172409057617188 -0.18853759765625
0.284698486328125 -0.26922607421875 0.200897216796875 -0.17144775390625
0.351959228515625 -0.115020751953125 0.162826538085938 -0.08526611328125
0.38006591796875 0.131561279296875 0.064239501953125 -0.0247535705566406
0.21051025390625 0.392974853515625 0.059967041015625 -0.0978775024414062
-0.210968017578125 0.4688720703125 0.137222290039063 -0.231216430664063
-0.421356201171875 0.3160400390625 0.39642333984375 -0.2745361328125
-0.57183837890625 0.07904052734375 0.6763916015625 -0.0396728515625
-0.74169921875 0.1451416015625 0.123184204101562 -0.120964050292969
-0.510498046875 0.358551025390625 0.0361328125 -0.0641937255859375
-0.1981201171875 0.61968994140625 -0.0185317993164063 0.085784912109375
0.224822998046875 0.484588623046875 0.07464599609375 0.0712203979492188
0.444366455078125 0.230133056640625 0.104263305664063 0.0756683349609375
0.437896728515625 -0.146270751953125 0.136642456054688 -0.0464401245117188
0.343658447265625 -0.3211669921875 0.115455627441406 -0.108169555664063
0.37274169921875 -0.261383056640625 0.0762100219726563 -0.0728378295898438
0.37762451171875 -0.315673828125 0.099273681640625 -0.064666748046875
0.4429931640625 -0.126983642578125 0.038787841796875 -0.0277900695800781
0.4794921875 0.17657470703125 -0.0432662963867187 -0.00958633422851562
0.271759033203125 0.493072509765625 -0.00765228271484373 -0.119712829589844
-0.2586669921875 0.6126708984375 0.105194091796875 -0.240234375
-0.532379150390625 0.4224853515625 0.320770263671875 -0.20599365234375
-0.7470703125 0.12701416015625 0.47637939453125 -0.01727294921875
-0.78826904296875 0.18609619140625 -0.110733032226563 -0.081329345703125
-0.53802490234375 0.423736572265625 -0.0753326416015625 0.0272140502929688
-0.18695068359375 0.6839599609375 -0.0226287841796875 0.107688903808594
0.263427734375 0.52215576171875 0.0280113220214844 0.0417900085449219
0.477508544921875 0.250030517578125 0.00543975830078127 0.0625724792480469
0.47412109375 -0.14288330078125 0.00842761993408206 9.72747802734288E-05
0.376617431640625 -0.319000244140625 -0.00385189056396482 0.010716438293457
0.403228759765625 -0.2601318359375 -0.0317153930664062 0.05419921875
0.409698486328125 -0.310546875 -0.01959228515625 0.0537910461425781
0.462127685546875 -0.11602783203125 -0.0955657958984375 0.0380401611328125
0.494598388671875 0.1971435546875 -0.153549194335938 0.00802612304687504
0.277801513671875 0.5137939453125 -0.081024169921875 -0.129280090332031
-0.27679443359375 0.6392822265625 0.0621795654296875 -0.219314575195312
-0.56280517578125 0.44500732421875 0.212112426757812 -0.10565185546875
-0.8037109375 0.1424560546875 0.229248046875 0.016021728515625
-0.71405029296875 0.2037353515625 -0.35418701171875 -0.0291748046875
-0.4779052734375 0.420257568359375 -0.197418212890625 0.128524780273438
-0.14166259765625 0.630126953125 -0.034332275390625 0.125999450683594
0.255096435546875 0.4666748046875 -0.0285778045654297 0.01824951171875
0.4298095703125 0.22418212890625 -0.0950469970703125 0.0494003295898438
0.432159423828125 -0.122467041015625 -0.120246887207031 0.0512771606445312
0.349822998046875 -0.272796630859375 -0.121017456054687 0.129776000976562
0.369720458984375 -0.219696044921875 -0.134994506835937 0.172531127929688
0.37774658203125 -0.258514404296875 -0.136749267578125 0.1632080078125
0.40618896484375 -0.079437255859375 -0.216827392578125 0.0952301025390625
0.419647216796875 0.193603515625 -0.241424560546875 0.0168609619140625
0.213043212890625 0.44818115234375 -0.140403747558594 -0.128608703613281
-0.26556396484375 0.538909912109375 0.022705078125 -0.17724609375
-0.49945068359375 0.372344970703125 0.0907669067382812 0.00110626220703127
-0.72747802734375 0.123291015625 -0.0273628234863282 0.0502738952636719
-0.52655029296875 0.187347412109375 -0.5712890625 0.0251464843749999
-0.3411865234375 0.342987060546875 -0.310882568359375 0.2176513671875
-0.082183837890625 0.459075927734375 -0.05133056640625 0.141036987304688
0.194610595703125 0.3251953125 -0.0793685913085937 0.00866699218750002
0.30352783203125 0.16009521484375 -0.171661376953125 0.0347900390625
0.315948486328125 -0.079071044921875 -0.223159790039062 0.0958404541015625
0.265487670898438 -0.1832275390625 -0.2176513671875 0.227798461914063
0.279647827148438 -0.146728515625 -0.217132568359375 0.264175415039062
0.289886474609375 -0.16607666015625 -0.234512329101563 0.245269775390625
0.2891845703125 -0.02764892578125 -0.304901123046875 0.13128662109375
0.275802612304688 0.164520263671875 -0.2900390625 0.011077880859375
0.1063232421875 0.31390380859375 -0.17022705078125 -0.125076293945312
-0.22039794921875 0.342041015625 -0.00402069091796877 -0.12957763671875
-0.357208251953125 0.23260498046875 -0.0169219970703125 0.085052490234375
-0.537353515625 0.0844726562500001 -0.247482299804688 0.0750579833984375
-0.259185791015625 0.133163452148438 -0.7275390625 0.0728759765625
-0.15716552734375 0.209259033203125 -0.402557373046875 0.2816162109375
-0.0120697021484375 0.219528198242188 -0.067047119140625 0.156295776367188
0.102088928222656 0.137016296386719 -0.106246948242188 0.0151748657226563
0.127899169921875 0.0722122192382813 -0.206527709960938 0.019561767578125
0.14910888671875 -0.0230255126953125 -0.281951904296875 0.123199462890625
0.140106201171875 -0.0628433227539063 -0.27764892578125 0.287811279296875
0.147064208984375 -0.050018310546875 -0.267333984375 0.315673828125
0.160675048828125 -0.0499420166015625 -0.297393798828125 0.290374755859375
0.137954711914062 0.0236129760742187 -0.349822998046875 0.140655517578125
0.106857299804688 0.111358642578125 -0.297576904296875 -0.00784301757812496
0.00187683105468751 0.145263671875 -0.174468994140625 -0.12237548828125
-0.135910034179687 0.119964599609375 -0.0170974731445313 -0.0906524658203125
-0.1669921875 0.0783538818359375 -0.0933685302734375 0.131683349609375
-0.270477294921875 0.0393524169921875 -0.397552490234375 0.088623046875
-0.0682411193847656 -0.03143310546875 0.474365234375 -0.18145751953125
-0.0551033020019531 0.0367507934570312 0.162200927734375 -0.191162109375
0.00765228271484375 0.08685302734375 -0.0140037536621094 0.0675239562988281
0.0610847473144531 0.0458335876464844 0.151519775390625 0.138839721679688
0.0870742797851563 -0.0292587280273438 0.28863525390625 0.062408447265625
0.0215988159179687 -0.0793304443359375 0.35321044921875 -0.136871337890625
-0.0133209228515625 -0.0809173583984375 0.30828857421875 -0.342498779296875
-0.00123977661132813 -0.058074951171875 0.275665283203125 -0.348907470703125
-0.0136222839355469 -0.0653915405273438 0.30242919921875 -0.313262939453125
0.0333175659179688 -0.0429191589355469 0.31494140625 -0.163055419921875
0.0472526550292969 -0.000732421875 0.2117919921875 -0.05133056640625
0.0211601257324219 0.0598640441894531 0.134895324707031 -0.0518341064453125
-0.0349845886230469 0.0320243835449219 0.148086547851563 -0.17987060546875
-0.0457687377929688 -0.00682449340820312 0.41241455078125 -0.332275390625
-0.00238037109375 -0.0579299926757812 0.843017578125 -0.066162109375
-0.36224365234375 0.041900634765625 0.44171142578125 -0.18157958984375
-0.249435424804688 0.159637451171875 0.163070678710937 -0.182327270507813
-0.08514404296875 0.3017578125 -0.0163345336914063 0.0651321411132813
0.122909545898438 0.223403930664063 0.132400512695313 0.122039794921875
0.237838745117188 0.069854736328125 0.251388549804688 0.0772247314453125
0.190643310546875 -0.1202392578125 0.320281982421875 -0.118194580078125
0.128997802734375 -0.19976806640625 0.2825927734375 -0.3050537109375
0.15460205078125 -0.163253784179688 0.24365234375 -0.299102783203125
0.145278930664063 -0.192657470703125 0.2744140625 -0.2733154296875
0.210800170898438 -0.094573974609375 0.264297485351562 -0.139755249023437
0.236846923828125 0.0644073486328125 0.155654907226563 -0.039154052734375
0.1334228515625 0.244766235351563 0.109916687011719 -0.0783309936523437
-0.127593994140625 0.277496337890625 0.150665283203125 -0.217803955078125
-0.251617431640625 0.174530029296875 0.429779052734375 -0.333221435546875
-0.320098876953125 0.02691650390625 0.822021484375 -0.073486328125
-0.6087646484375 0.1136474609375 0.32196044921875 -0.166778564453125
-0.414947509765625 0.27996826171875 0.118881225585937 -0.143966674804687
-0.154754638671875 0.497802734375 -0.0135040283203125 0.0749359130859375
0.18560791015625 0.3824462890625 0.11187744140625 0.0978012084960938
0.37200927734375 0.159576416015625 0.194290161132813 0.0796356201171875
0.33892822265625 -0.14971923828125 0.2476806640625 -0.0920867919921875
0.25323486328125 -0.291748046875 0.215484619140625 -0.2269287109375
0.287933349609375 -0.24395751953125 0.174697875976563 -0.204071044921875
0.283721923828125 -0.290252685546875 0.203598022460938 -0.189010620117188
0.359527587890625 -0.13092041015625 0.168167114257813 -0.0934600830078125
0.39910888671875 0.1229248046875 0.0672264099121094 -0.0251731872558594
0.2342529296875 0.4034423828125 0.05987548828125 -0.106353759765625
-0.20330810546875 0.496246337890625 0.133804321289062 -0.247329711914063
-0.428314208984375 0.339019775390625 0.401397705078125 -0.298736572265625
-0.594970703125 0.105224609375 0.700927734375 -0.0645751953125
-0.769775390625 0.17779541015625 0.127052307128906 -0.133995056152344
-0.521820068359375 0.390655517578125 0.0349655151367187 -0.0718994140625
-0.18255615234375 0.6541748046875 -0.01123046875 0.0948486328125
0.250518798828125 0.496246337890625 0.0814361572265625 0.0691986083984375
0.47320556640625 0.22076416015625 0.113006591796875 0.0731353759765625
0.44488525390625 -0.167388916015625 0.138397216796875 -0.052581787109375
0.3414306640625 -0.343017578125 0.114334106445313 -0.117485046386719
0.377899169921875 -0.287384033203125 0.0784149169921875 -0.0781326293945313
0.376739501953125 -0.343292236328125 0.100433349609375 -0.072967529296875
0.454193115234375 -0.1475830078125 0.0404930114746094 -0.0293045043945313
0.5040283203125 0.165069580078125 -0.0438880920410156 -0.00589752197265625
0.30413818359375 0.50689697265625 -0.0114822387695312 -0.126823425292969
-0.25079345703125 0.64849853515625 0.09918212890625 -0.255340576171875
-0.54217529296875 0.455230712890625 0.325469970703125 -0.22479248046875
-0.77874755859375 0.1588134765625 0.4935302734375 -0.032440185546875
-0.81756591796875 0.2236328125 -0.115707397460938 -0.0847320556640625
-0.55072021484375 0.4600830078125 -0.077545166015625 0.028076171875
-0.16680908203125 0.72454833984375 -0.0129623413085938 0.116905212402344
0.294342041015625 0.5345458984375 0.0339889526367188 0.0407981872558594
0.510772705078125 0.240264892578125 0.0102653503417969 0.06280517578125
0.48370361328125 -0.165435791015625 0.00539064407348636 -0.000806331634521494
0.373687744140625 -0.345550537109375 -0.0048246383666992 0.0106801986694336
0.409637451171875 -0.28692626953125 -0.0296401977539062 0.0597343444824219
0.410614013671875 -0.340423583984375 -0.0203895568847656 0.0558929443359375
0.47418212890625 -0.1348876953125 -0.09771728515625 0.0451431274414063
0.520355224609375 0.185394287109375 -0.15802001953125 0.0167083740234375
0.308868408203125 0.528106689453125 -0.0881881713867187 -0.133453369140625
-0.26904296875 0.678466796875 0.054840087890625 -0.232742309570312
-0.5711669921875 0.47869873046875 0.215728759765625 -0.11639404296875
-0.8359375 0.17730712890625 0.236663818359375 0.010894775390625
-0.73919677734375 0.2412109375 -0.36871337890625 -0.02008056640625
-0.487213134765625 0.45611572265625 -0.200881958007813 0.138946533203125
-0.12432861328125 0.6656494140625 -0.0239334106445312 0.135520935058594
0.283660888671875 0.475250244140625 -0.0255203247070312 0.0188522338867188
0.4605712890625 0.216583251953125 -0.0948867797851562 0.05303955078125
0.44140625 -0.1416015625 -0.126380920410156 0.0565338134765625
0.34820556640625 -0.295928955078125 -0.123306274414062 0.139823913574219
0.37652587890625 -0.244781494140625 -0.133773803710938 0.18756103515625
0.381011962890625 -0.284515380859375 -0.139236450195313 0.175430297851562
0.417510986328125 -0.095550537109375 -0.222915649414062 0.108917236328125
0.44256591796875 0.1846923828125 -0.2489013671875 0.0287933349609376
0.239166259765625 0.462127685546875 -0.149032592773437 -0.12982177734375
-0.259765625 0.5714111328125 0.0157623291015625 -0.187423706054687
-0.509613037109375 0.400634765625 0.0946884155273437 -0.00164031982421873
-0.758544921875 0.15399169921875 -0.0287818908691407 0.0553131103515625
-0.546478271484375 0.215545654296875 -0.59271240234375 0.04693603515625
-0.3472900390625 0.371856689453125 -0.315948486328125 0.236572265625
-0.067108154296875 0.48614501953125 -0.041717529296875 0.1502685546875
0.216400146484375 0.3321533203125 -0.0787887573242187 0.0109786987304688
0.325775146484375 0.155242919921875 -0.175689697265625 0.04052734375
0.324127197265625 -0.093292236328125 -0.232269287109375 0.106094360351562
0.264724731445313 -0.200775146484375 -0.219635009765625 0.246261596679688
0.285736083984375 -0.164276123046875 -0.21746826171875 0.28631591796875
0.29376220703125 -0.183990478515625 -0.237945556640625 0.26611328125
0.297821044921875 -0.03839111328125 -0.313018798828125 0.147979736328125
0.2919921875 0.158660888671875 -0.2998046875 0.0225830078125
0.12353515625 0.324951171875 -0.180313110351563 -0.123870849609375
-0.218353271484375 0.367431640625 -0.00968933105468751 -0.136642456054687
-0.365020751953125 0.2509765625 -0.0128326416015625 0.0896682739257813
-0.560302734375 0.106658935546875 -0.256622314453125 0.0897216796875
-0.270370483398437 0.148193359375 -0.75372314453125 0.10040283203125
-0.157943725585938 0.22509765625 -0.40869140625 0.3072509765625
-0.00315856933593749 0.231002807617188 -0.05877685546875 0.164093017578125
0.112991333007813 0.138664245605469 -0.107261657714844 0.0195999145507813
0.138900756835938 0.07061767578125 -0.2135009765625 0.0272369384765625
0.15484619140625 -0.0288848876953125 -0.290802001953125 0.1358642578125
0.140640258789063 -0.072479248046875 -0.280303955078125 0.30999755859375
0.151138305664063 -0.058349609375 -0.268524169921875 0.34161376953125
0.1651611328125 -0.058807373046875 -0.301666259765625 0.31524658203125
0.142868041992188 0.0196533203125 -0.3597412109375 0.158782958984375
0.115371704101562 0.110160827636719 -0.308319091796875 0.00228881835937498
0.00854492187499998 0.152145385742188 -0.184661865234375 -0.119674682617188
-0.138641357421875 0.133125305175781 -0.0219879150390625 -0.0945892333984375
-0.172775268554688 0.086700439453125 -0.0906906127929688 0.139869689941406
-0.283905029296875 0.05047607421875 -0.41229248046875 0.109039306640625
-0.0691452026367188 -0.0290756225585937 0.47723388671875 -0.218292236328125
-0.0553359985351563 0.0399169921875 0.1556396484375 -0.206527709960938
0.0121002197265625 0.088348388671875 -0.00941467285156249 0.0713043212890625
0.0636100769042969 0.0450363159179688 0.161605834960938 0.132125854492188
0.08441162109375 -0.0353927612304687 0.298309326171875 0.04644775390625
0.015045166015625 -0.08050537109375 0.354461669921875 -0.159149169921875
-0.0180435180664063 -0.0798110961914063 0.29571533203125 -0.37115478515625
-0.00465774536132812 -0.0583763122558594 0.261627197265625 -0.37957763671875
-0.0196952819824219 -0.064605712890625 0.2923583984375 -0.345367431640625
0.0303192138671875 -0.0456428527832031 0.31591796875 -0.186492919921875
0.0472869873046875 -0.00241851806640625 0.213211059570313 -0.0637664794921875
0.0251922607421875 0.0595321655273438 0.134635925292969 -0.0634231567382812
-0.0339641571044922 0.0320053100585938 0.140487670898438 -0.194046020507813
-0.0454025268554688 -0.00518035888671874 0.400299072265625 -0.36444091796875
-0.00470733642578125 -0.0575408935546875 0.85882568359375 -0.1199951171875
-0.368743896484375 0.0648193359375001 0.44464111328125 -0.216522216796875
-0.248565673828125 0.176742553710938 0.156005859375 -0.199432373046875
-0.06964111328125 0.315765380859375 -0.00862884521484375 0.070404052734375
0.137496948242188 0.2242431640625 0.1417236328125 0.115081787109375
0.24676513671875 0.0565643310546875 0.261428833007812 0.0628814697265625
0.1846923828125 -0.13299560546875 0.321075439453125 -0.1387939453125
0.119140625 -0.2095947265625 0.271759033203125 -0.33111572265625
0.149200439453125 -0.176467895507813 0.2327880859375 -0.325164794921875
0.134979248046875 -0.20526123046875 0.265380859375 -0.302459716796875
0.209197998046875 -0.1085205078125 0.266189575195313 -0.15924072265625
0.24505615234375 0.0528411865234375 0.158004760742188 -0.0475921630859375
0.152862548828125 0.24371337890625 0.107315063476563 -0.0887298583984375
-0.11492919921875 0.29144287109375 0.139862060546875 -0.233291625976562
-0.246856689453125 0.19171142578125 0.418609619140625 -0.36627197265625
-0.32763671875 0.048553466796875 0.8372802734375 -0.125732421875
-0.61712646484375 0.15496826171875 0.321502685546875 -0.19482421875
-0.4127197265625 0.312469482421875 0.114166259765625 -0.158340454101563
-0.128997802734375 0.52276611328125 -0.00361633300781252 0.080535888671875
0.212127685546875 0.382232666015625 0.1209716796875 0.0915451049804688
0.39111328125 0.138153076171875 0.203964233398438 0.0678863525390625
0.334381103515625 -0.171539306640625 0.247222900390625 -0.1072998046875
0.238250732421875 -0.311309814453125 0.206939697265625 -0.246978759765625
0.281158447265625 -0.268524169921875 0.168197631835938 -0.2225341796875
0.269500732421875 -0.314788818359375 0.196563720703125 -0.209991455078125
0.35845947265625 -0.154815673828125 0.170028686523438 -0.106002807617188
0.4154052734375 0.10211181640625 0.0689506530761719 -0.0272064208984375
0.267059326171875 0.402069091796875 0.0551834106445313 -0.115470886230469
-0.180450439453125 0.522369384765625 0.11962890625 -0.262741088867187
-0.41998291015625 0.37060546875 0.391632080078125 -0.329345703125
-0.608154296875 0.145263671875 0.7137451171875 -0.10693359375
-0.78179931640625 0.232177734375 0.1241455078125 -0.150161743164062
-0.51739501953125 0.4322509765625 0.0314483642578125 -0.07891845703125
-0.14532470703125 0.68572998046875 0.00279998779296873 0.100051879882813
0.286376953125 0.4947509765625 0.0893173217773438 0.0637588500976563
0.50067138671875 0.1922607421875 0.121246337890625 0.0663299560546875
0.4422607421875 -0.196380615234375 0.1363525390625 -0.0620193481445313
0.32379150390625 -0.37042236328125 0.109344482421875 -0.128593444824219
0.3709716796875 -0.31927490234375 0.0775299072265625 -0.085235595703125
0.3626708984375 -0.374359130859375 0.09759521484375 -0.0831756591796875
0.454193115234375 -0.176849365234375 0.0423583984375 -0.0309371948242188
0.52587890625 0.1385498046875 -0.0435600280761718 -0.000720977783203114
0.34454345703125 0.505126953125 -0.0187835693359375 -0.131607055664062
-0.21990966796875 0.68365478515625 0.08245849609375 -0.269119262695312
-0.5313720703125 0.495452880859375 0.31878662109375 -0.24945068359375
-0.79486083984375 0.21282958984375 0.50396728515625 -0.061065673828125
-0.82965087890625 0.2823486328125 -0.121864318847656 -0.0832901000976563
-0.5418701171875 0.50811767578125 -0.0783004760742188 0.0301437377929688
-0.12432861328125 0.75836181640625 0.0028228759765625 0.122314453125
0.335601806640625 0.5316162109375 0.0394515991210938 0.0376091003417969
0.541778564453125 0.211517333984375 0.0159034729003907 0.0620994567871094
0.482757568359375 -0.198638916015625 0.00288844108581546 -0.00132751464843751
0.358154296875 -0.375518798828125 -0.00601673126220701 0.0111207962036133
0.403839111328125 -0.32196044921875 -0.0257034301757812 0.0642814636230469
0.397430419921875 -0.375030517578125 -0.0188369750976562 0.0590362548828125
0.4761962890625 -0.166839599609375 -0.0969009399414062 0.0535354614257813
0.545379638671875 0.1571044921875 -0.158523559570313 0.02825927734375
0.353485107421875 0.526947021484375 -0.0982589721679687 -0.133575439453125
-0.2369384765625 0.71820068359375 0.0386505126953125 -0.242767333984375
-0.56243896484375 0.52264404296875 0.2138671875 -0.131744384765625
-0.85546875 0.23358154296875 0.24176025390625 -0.000747680664062486
-0.750244140625 0.2945556640625 -0.377899169921875 -0.00228881835937495
-0.478912353515625 0.50146484375 -0.19793701171875 0.152542114257812
-0.08392333984375 0.6954345703125 -0.0080718994140625 0.140945434570313
0.323516845703125 0.4713134765625 -0.0224552154541015 0.019500732421875
0.49029541015625 0.19091796875 -0.09271240234375 0.0584640502929688
0.442291259765625 -0.171630859375 -0.129920959472656 0.0648956298828125
0.33441162109375 -0.324859619140625 -0.120452880859375 0.151153564453125
0.37322998046875 -0.276824951171875 -0.125213623046875 0.203475952148438
0.370849609375 -0.317626953125 -0.133804321289063 0.191329956054687
0.42083740234375 -0.12200927734375 -0.222061157226562 0.126617431640625
0.464569091796875 0.15924072265625 -0.251541137695312 0.0459747314453125
0.27740478515625 0.462310791015625 -0.1602783203125 -0.12518310546875
-0.23431396484375 0.60784912109375 0.00128173828124997 -0.194610595703125
-0.50006103515625 0.43817138671875 0.0972824096679687 -0.00636291503906247
-0.77532958984375 0.20703125 -0.0279808044433594 0.0623054504394531
-0.55377197265625 0.254669189453125 -0.6043701171875 0.0804443359375001
-0.337738037109375 0.405364990234375 -0.310333251953125 0.261383056640625
-0.0369873046875 0.50714111328125 -0.026611328125 0.155868530273438
0.243896484375 0.328033447265625 -0.0768585205078125 0.0148391723632813
0.34783935546875 0.136871337890625 -0.17626953125 0.05194091796875
0.325714111328125 -0.11529541015625 -0.235153198242187 0.121612548828125
0.255844116210938 -0.221710205078125 -0.213653564453125 0.267227172851563
0.283233642578125 -0.18841552734375 -0.205230712890625 0.31097412109375
0.288421630859375 -0.2083740234375 -0.22991943359375 0.291351318359375
0.3011474609375 -0.056640625 -0.313629150390625 0.171478271484375
0.308441162109375 0.143280029296875 -0.304107666015625 0.0418090820312499
0.148406982421875 0.32763671875 -0.191925048828125 -0.116012573242187
-0.204254150390625 0.393798828125 -0.0202255249023438 -0.140289306640625
-0.363250732421875 0.27703857421875 -0.00699615478515627 0.0929412841796875
-0.57452392578125 0.1439208984375 -0.258514404296875 0.111373901367188
-0.27313232421875 0.169921875 -0.76812744140625 0.14776611328125
-0.150283813476562 0.242752075195312 -0.40130615234375 0.33978271484375
0.0112152099609375 0.238998413085938 -0.04608154296875 0.169662475585938
0.125579833984375 0.135124206542969 -0.106063842773438 0.0258941650390625
0.15008544921875 0.063690185546875 -0.216354370117188 0.040435791015625
0.15802001953125 -0.0386810302734375 -0.293701171875 0.154388427734375
0.137947082519531 -0.0830078125 -0.27142333984375 0.337738037109375
0.15191650390625 -0.07080078125 -0.254852294921875 0.370758056640625
0.165512084960938 -0.0714569091796875 -0.291046142578125 0.34686279296875
0.146957397460938 0.01171875 -0.361175537109375 0.185760498046875
0.124832153320312 0.103134155273437 -0.314605712890625 0.0204467773437499
0.0198974609375 0.156845092773438 -0.19573974609375 -0.110305786132812
-0.134017944335938 0.148239135742187 -0.0289535522460938 -0.0957489013671875
-0.17340087890625 0.098876953125 -0.0828857421875 0.149139404296875
-0.29278564453125 0.06927490234375 -0.4168701171875 0.13970947265625
-0.0694580078125 -0.0254936218261719 0.461395263671875 -0.249603271484375
-0.0531387329101562 0.0421028137207031 0.142440795898437 -0.216751098632812
0.0171279907226562 0.0872802734375 -0.00262451171875 0.0729446411132813
0.0654296875 0.043212890625 0.167510986328125 0.119796752929688
0.0792617797851563 -0.0400772094726563 0.29730224609375 0.026214599609375
0.00704193115234375 -0.07916259765625 0.3453369140625 -0.178802490234375
-0.0225982666015625 -0.07647705078125 0.270050048828125 -0.391204833984375
-0.00854110717773438 -0.0568084716796875 0.235748291015625 -0.399017333984375
-0.0261039733886719 -0.0609016418457031 0.2686767578125 -0.36859130859375
0.0264892578125 -0.0468902587890625 0.30609130859375 -0.207733154296875
0.0463447570800781 -0.00433731079101563 0.20806884765625 -0.0755462646484375
0.0289878845214844 0.0576057434082031 0.128555297851563 -0.0732955932617188
-0.0324821472167969 0.0315952301025391 0.126541137695313 -0.203475952148438
-0.0437545776367188 -0.00284576416015626 0.37298583984375 -0.38653564453125
-0.00670242309570312 -0.0558204650878906 0.8455810546875 -0.17120361328125
-0.3624267578125 0.08770751953125 0.42919921875 -0.24700927734375
-0.238815307617188 0.19061279296875 0.143280029296875 -0.210586547851563
-0.0489501953125 0.319976806640625 0.000587463378906254 0.0716171264648438
0.150238037109375 0.216827392578125 0.147369384765625 0.103408813476563
0.247650146484375 0.039703369140625 0.262542724609375 0.0452423095703125
0.172149658203125 -0.14178466796875 0.31207275390625 -0.156219482421875
0.1036376953125 -0.213653564453125 0.248626708984375 -0.348846435546875
0.137939453125 -0.18487548828125 0.21063232421875 -0.343231201171875
0.118026733398438 -0.211669921875 0.243377685546875 -0.323516845703125
0.199737548828125 -0.120025634765625 0.25823974609375 -0.17706298828125
0.247299194335938 0.0375823974609375 0.155105590820313 -0.055999755859375
0.169723510742188 0.233642578125 0.100151062011719 -0.0973358154296875
-0.097686767578125 0.29742431640625 0.121734619140625 -0.241744995117188
-0.23406982421875 0.205520629882813 0.3922119140625 -0.389556884765625
-0.324249267578125 0.0709838867187501 0.82177734375 -0.17645263671875
-0.60498046875 0.19378662109375 0.308441162109375 -0.21905517578125
-0.394744873046875 0.336212158203125 0.10272216796875 -0.168289184570313
-0.092926025390625 0.531768798828125 0.00875854492187499 0.0810317993164063
0.235748291015625 0.368438720703125 0.125411987304688 0.0809249877929688
0.398193359375 0.1107177734375 0.20648193359375 0.052978515625
0.317840576171875 -0.19140625 0.238021850585938 -0.12127685546875
0.21527099609375 -0.32269287109375 0.189590454101563 -0.26123046875
0.26361083984375 -0.286590576171875 0.154266357421875 -0.234542846679688
0.244873046875 -0.33026123046875 0.181427001953125 -0.22607421875
0.345550537109375 -0.17620849609375 0.165618896484375 -0.116241455078125
0.41876220703125 0.0753173828125 0.0684394836425782 -0.0299110412597656
0.295379638671875 0.384613037109375 0.0466766357421875 -0.120925903320312
-0.14764404296875 0.534454345703125 0.099456787109375 -0.268798828125
-0.397796630859375 0.393524169921875 0.36688232421875 -0.351409912109375
-0.59930419921875 0.18402099609375 0.7008056640625 -0.150146484375
-0.76348876953125 0.2825927734375 0.114715576171875 -0.1622314453125
-0.49163818359375 0.46533203125 0.02557373046875 -0.0848770141601562
-0.09759521484375 0.69622802734375 0.0179061889648437 0.0992507934570313
0.319580078125 0.47564697265625 0.0926742553710938 0.0556869506835938
0.511322021484375 0.155792236328125 0.125213623046875 0.0555572509765625
0.422637939453125 -0.223541259765625 0.129966735839844 -0.0693817138671875
0.293670654296875 -0.388427734375 0.099090576171875 -0.136634826660156
0.35015869140625 -0.34356689453125 0.0734634399414063 -0.09161376953125
0.332427978515625 -0.39794921875 0.0912246704101563 -0.0910186767578125
0.43927001953125 -0.204803466796875 0.0419082641601563 -0.0328483581542969
0.532318115234375 0.104278564453125 -0.0414695739746093 0.00425720214843751
0.379364013671875 0.482879638671875 -0.0282974243164062 -0.132522583007812
-0.17730712890625 0.6993408203125 0.061737060546875 -0.272613525390625
-0.501251220703125 0.525543212890625 0.300994873046875 -0.266387939453125
-0.78424072265625 0.265380859375 0.4962158203125 -0.091644287109375
-0.81280517578125 0.3377685546875 -0.125801086425781 -0.0792312622070312
-0.512237548828125 0.541595458984375 -0.0769805908203125 0.0321884155273438
-0.0721435546874999 0.76971435546875 0.0198898315429688 0.120262145996094
0.369720458984375 0.50860595703125 0.0428504943847656 0.032379150390625
0.556182861328125 0.1715087890625 0.021026611328125 0.0587310791015625
0.464569091796875 -0.228607177734375 -0.000912785530090304 -0.0012640953063965
0.327423095703125 -0.3961181640625 -0.00716781616210936 0.0109806060791015
0.381561279296875 -0.350341796875 -0.0189895629882812 0.0664749145507812
0.36785888671875 -0.400634765625 -0.0154190063476562 0.0608024597167968
0.460235595703125 -0.194793701171875 -0.0920333862304687 0.0609130859375
0.55230712890625 0.1199951171875 -0.154510498046875 0.040008544921875
0.39013671875 0.50396728515625 -0.106864929199219 -0.127914428710938
-0.19158935546875 0.73590087890625 0.0189971923828125 -0.243560791015625
-0.52960205078125 0.553558349609375 0.204757690429687 -0.142547607421875
-0.84259033203125 0.290283203125 0.238662719726562 -0.01275634765625
-0.732666015625 0.3446044921875 -0.375732421875 0.019866943359375
-0.448699951171875 0.532928466796875 -0.188735961914063 0.162490844726563
-0.035400390625 0.7037353515625 0.00952148437500001 0.138710021972656
0.353790283203125 0.4503173828125 -0.019287109375 0.0188560485839844
0.50482177734375 0.154815673828125 -0.0865554809570312 0.062286376953125
0.42724609375 -0.199554443359375 -0.129241943359375 0.0730209350585937
0.3076171875 -0.343841552734375 -0.111892700195312 0.15869140625
0.353546142578125 -0.302703857421875 -0.109176635742187 0.213165283203125
0.345794677734375 -0.34075927734375 -0.1207275390625 0.2022705078125
0.40887451171875 -0.1475830078125 -0.213088989257813 0.142730712890625
0.470916748046875 0.128143310546875 -0.245407104492187 0.0623626708984375
0.30914306640625 0.4443359375 -0.168304443359375 -0.115493774414062
-0.19598388671875 0.6260986328125 -0.0140380859375 -0.192779541015625
-0.474609375 0.46661376953125 0.0977706909179687 -0.0116119384765625
-0.7655029296875 0.25640869140625 -0.0248908996582032 0.0676383972167969
-0.540985107421875 0.29193115234375 -0.595947265625 0.11712646484375
-0.31396484375 0.42730712890625 -0.29339599609375 0.27899169921875
-0.00363159179687503 0.51068115234375 -0.0103912353515625 0.154037475585938
0.266143798828125 0.311065673828125 -0.0731277465820312 0.0186080932617188
0.3582763671875 0.11138916015625 -0.17047119140625 0.0614013671875
0.316864013671875 -0.135772705078125 -0.230941772460938 0.135498046875
0.237167358398438 -0.2371826171875 -0.196929931640625 0.280975341796875
0.269943237304687 -0.2083740234375 -0.18353271484375 0.326812744140625
0.271957397460938 -0.22747802734375 -0.209228515625 0.3101806640625
0.295074462890625 -0.07470703125 -0.30206298828125 0.193206787109375
0.315093994140625 0.1199951171875 -0.298004150390625 0.06103515625
0.17144775390625 0.31756591796875 -0.198135375976563 -0.10333251953125
-0.178314208984375 0.41107177734375 -0.0318145751953125 -0.137191772460937
-0.345977783203125 0.297698974609375 0.000473022460937485 0.0934677124023438
-0.56817626953125 0.1827392578125 -0.25030517578125 0.1309814453125
-0.265609741210938 0.188247680664063 -0.75408935546875 0.19476318359375
-0.13519287109375 0.253555297851563 -0.37939453125 0.364013671875
0.0270843505859375 0.23919677734375 -0.0320892333984375 0.168563842773438
0.135391235351563 0.125503540039063 -0.101371765136719 0.031585693359375
0.155776977539063 0.0527801513671875 -0.210769653320313 0.0531158447265625
0.155868530273438 -0.0491790771484375 -0.287200927734375 0.17095947265625
0.130027770996094 -0.091796875 -0.25048828125 0.35595703125
0.146377563476563 -0.0822601318359375 -0.229217529296875 0.39056396484375
0.16046142578125 -0.0835418701171875 -0.26629638671875 0.368743896484375
0.146377563476563 0.0025787353515625 -0.349700927734375 0.2098388671875
0.130287170410156 0.092559814453125 -0.311248779296875 0.040252685546875
0.0325469970703125 0.155899047851563 -0.201248168945312 -0.0966339111328125
-0.123947143554687 0.160369873046875 -0.0360183715820313 -0.0936508178710937
-0.168869018554688 0.109146118164063 -0.07086181640625 0.154266357421875
-0.290313720703125 0.0891418457031249 -0.405120849609375 0.169219970703125
-0.067626953125 -0.0226325988769531 0.440948486328125 -0.2642822265625
-0.050750732421875 0.0438079833984375 0.13104248046875 -0.220352172851562
0.0203170776367188 0.0845489501953125 0.00347900390625 0.0712051391601563
0.0658111572265625 0.0412673950195312 0.166702270507813 0.109054565429688
0.0741119384765625 -0.0416259765625 0.28936767578125 0.013946533203125
0.0027618408203125 -0.0754470825195313 0.333648681640625 -0.188629150390625
-0.0252456665039062 -0.0723724365234375 0.247406005859375 -0.396148681640625
-0.0104408264160156 -0.0548019409179688 0.211761474609375 -0.4051513671875
-0.0289535522460937 -0.0559463500976563 0.244415283203125 -0.377471923828125
0.0226669311523438 -0.0467109680175781 0.293182373046875 -0.2188720703125
0.0453071594238281 -0.00579452514648438 0.200592041015625 -0.0808563232421875
0.0307388305664063 0.0551528930664063 0.12091064453125 -0.0781173706054687
-0.0317363739013672 0.0302715301513672 0.113937377929688 -0.205795288085938
-0.0411911010742188 -0.00205993652343751 0.346405029296875 -0.393218994140625
-0.0072479248046875 -0.0538177490234375 0.81475830078125 -0.20269775390625
-0.350067138671875 0.101806640625 0.4078369140625 -0.261749267578125
-0.228179931640625 0.1971435546875 0.131439208984375 -0.215423583984375
-0.03326416015625 0.316558837890625 0.008636474609375 0.0692481994628906
0.155914306640625 0.206924438476563 0.146530151367188 0.0932769775390625
0.2432861328125 0.0277252197265625 0.2569580078125 0.03302001953125
0.1597900390625 -0.144180297851563 0.3001708984375 -0.164825439453125
0.0910491943359375 -0.211822509765625 0.22796630859375 -0.3546142578125
0.127059936523438 -0.187850952148438 0.19091796875 -0.348846435546875
0.104339599609375 -0.209869384765625 0.2236328125 -0.331634521484375
0.189193725585938 -0.125320434570313 0.247848510742188 -0.185760498046875
0.243820190429688 0.0269317626953125 0.150497436523438 -0.0588836669921875
0.177703857421875 0.222259521484375 0.0923309326171875 -0.101318359375
-0.08404541015625 0.295928955078125 0.107192993164062 -0.241714477539062
-0.221160888671875 0.209976196289063 0.365020751953125 -0.39697265625
-0.31549072265625 0.084564208984375 0.79425048828125 -0.20501708984375
-0.58392333984375 0.21685791015625 0.2913818359375 -0.230987548828125
-0.375396728515625 0.346038818359375 0.092132568359375 -0.172988891601562
-0.0667724609375 0.526885986328125 0.0193634033203125 0.077056884765625
0.246917724609375 0.352447509765625 0.124839782714844 0.072540283203125
0.393890380859375 0.090057373046875 0.202850341796875 0.042694091796875
0.29937744140625 -0.1978759765625 0.227798461914063 -0.127670288085938
0.194244384765625 -0.322662353515625 0.172592163085938 -0.266632080078125
0.246490478515625 -0.292938232421875 0.141342163085938 -0.240005493164063
0.22161865234375 -0.332305908203125 0.166885375976562 -0.232177734375
0.328887939453125 -0.186065673828125 0.15972900390625 -0.122146606445313
0.413360595703125 0.05584716796875 0.0673141479492188 -0.0299606323242188
0.30865478515625 0.365081787109375 0.0387496948242188 -0.121849060058594
-0.123992919921875 0.532623291015625 0.08306884765625 -0.2662353515625
-0.37548828125 0.400665283203125 0.343475341796875 -0.358123779296875
-0.58184814453125 0.2086181640625 0.67584228515625 -0.17279052734375
-0.7374267578125 0.3123779296875 0.1048583984375 -0.167770385742187
-0.465362548828125 0.477783203125 0.02020263671875 -0.0881576538085937
-0.06207275390625 0.68853759765625 0.0297698974609375 0.0926132202148438
0.3343505859375 0.4534912109375 0.0931854248046875 0.04815673828125
0.508697509765625 0.128662109375 0.124649047851563 0.048065185546875
0.4012451171875 -0.235382080078125 0.122695922851563 -0.0722274780273438
0.267608642578125 -0.3897705078125 0.0894317626953125 -0.139678955078125
0.32861328125 -0.35528564453125 0.068450927734375 -0.0941314697265625
0.30389404296875 -0.4033203125 0.0848007202148438 -0.0942230224609375
0.41888427734375 -0.217864990234375 0.0419158935546875 -0.0341720581054688
0.52520751953125 0.077880859375 -0.0380859375 0.00768661499023438
0.396575927734375 0.457366943359375 -0.0345230102539062 -0.130210876464844
-0.14453125 0.69696044921875 0.0460968017578125 -0.267242431640625
-0.472015380859375 0.533477783203125 0.28314208984375 -0.27203369140625
-0.7611083984375 0.29510498046875 0.47796630859375 -0.105926513671875
-0.78216552734375 0.36968994140625 -0.126594543457031 -0.0759124755859374
-0.482513427734375 0.555450439453125 -0.075927734375 0.03118896484375
-0.0330200195312499 0.75885009765625 0.032318115234375 0.112594604492188
0.38531494140625 0.48309326171875 0.0444068908691407 0.0279197692871094
0.5540771484375 0.139556884765625 0.0239791870117188 0.055511474609375
0.441070556640625 -0.242767333984375 -0.00381064414978025 8.39233398437354E-05
0.30047607421875 -0.399017333984375 -0.00853824615478514 0.0104274749755859
0.3587646484375 -0.363067626953125 -0.0149688720703125 0.0655059814453125
0.338348388671875 -0.40887451171875 -0.012115478515625 0.0609207153320312
0.44171142578125 -0.210205078125 -0.0861740112304687 0.0642929077148437
0.544219970703125 0.0936279296875 -0.146942138671875 0.0469818115234375
0.40692138671875 0.4781494140625 -0.110679626464844 -0.122230529785156
-0.15704345703125 0.7337646484375 0.00559997558593749 -0.237197875976562
-0.499359130859375 0.561920166015625 0.195220947265625 -0.14727783203125
-0.81719970703125 0.32208251953125 0.231918334960937 -0.0185699462890625
-0.705810546875 0.3729248046875 -0.36676025390625 0.032379150390625
-0.4202880859375 0.5445556640625 -0.179595947265625 0.165008544921875
0.000488281249999933 0.69439697265625 0.0214920043945313 0.130722045898438
0.36822509765625 0.4256591796875 -0.0164060592651367 0.0169239044189453
0.50341796875 0.12481689453125 -0.0804595947265625 0.0636138916015625
0.40704345703125 -0.21356201171875 -0.127815246582031 0.0778350830078125
0.2835693359375 -0.347991943359375 -0.104904174804687 0.161712646484375
0.33355712890625 -0.314727783203125 -0.0956573486328125 0.214691162109375
0.3211669921875 -0.348968505859375 -0.1080322265625 0.206146240234375
0.3924560546875 -0.16131591796875 -0.202529907226562 0.15057373046875
0.465850830078125 0.102874755859375 -0.23590087890625 0.072265625
0.32574462890625 0.422027587890625 -0.169342041015625 -0.107070922851562
-0.1649169921875 0.6270751953125 -0.024810791015625 -0.1859130859375
-0.448699951171875 0.475189208984375 0.096649169921875 -0.0143508911132812
-0.74346923828125 0.288330078125 -0.0206527709960938 0.0706863403320313
-0.51947021484375 0.312530517578125 -0.57891845703125 0.13836669921875
-0.292083740234375 0.433746337890625 -0.277496337890625 0.284942626953125
0.02252197265625 0.503173828125 0.000137329101562503 0.146514892578125
0.27490234375 0.291534423828125 -0.0691680908203125 0.0196952819824219
0.35858154296875 0.0908203125 -0.161834716796875 0.0662994384765625
0.3031005859375 -0.1466064453125 -0.225296020507812 0.142593383789063
0.219329833984375 -0.240997314453125 -0.183197021484375 0.285888671875
0.256103515625 -0.218017578125 -0.163970947265625 0.3306884765625
0.25439453125 -0.236099243164063 -0.1888427734375 0.31634521484375
0.28424072265625 -0.085205078125 -0.28839111328125 0.20416259765625
0.31243896484375 0.103485107421875 -0.2877197265625 0.0724792480468751
0.185333251953125 0.3043212890625 -0.197769165039062 -0.09332275390625
-0.155731201171875 0.414794921875 -0.0389633178710938 -0.13153076171875
-0.329193115234375 0.305267333984375 0.00679779052734373 0.0920867919921875
-0.5526123046875 0.205047607421875 -0.237625122070313 0.141815185546875
-0.254470825195313 0.196182250976562 -0.728515625 0.221923828125
-0.122573852539063 0.254745483398438 -0.356689453125 0.372894287109375
0.03729248046875 0.235000610351563 -0.0239105224609375 0.162643432617188
0.137741088867188 0.116020202636719 -0.0960159301757812 0.0345916748046875
0.156967163085938 0.0437774658203125 -0.201766967773438 0.059417724609375
0.150985717773438 -0.054779052734375 -0.278091430664063 0.179580688476562
0.121940612792969 -0.0955047607421875 -0.232086181640625 0.362060546875
0.139602661132813 -0.0882339477539062 -0.20654296875 0.39642333984375
0.152679443359375 -0.0904083251953125 -0.242584228515625 0.37774658203125
0.143569946289062 -0.0039520263671875 -0.334197998046875 0.222442626953125
0.1302490234375 0.0834732055664063 -0.301788330078125 0.0508422851562501
0.040008544921875 0.150222778320313 -0.20013427734375 -0.085205078125
-0.112930297851562 0.166213989257813 -0.0401535034179688 -0.08843994140625
-0.162521362304688 0.113937377929688 -0.060699462890625 0.154022216796875
-0.283782958984375 0.1021728515625 -0.385833740234375 0.18548583984375
-0.0659141540527344 -0.0216789245605469 0.427734375 -0.269439697265625
-0.0486793518066406 0.0433120727539063 0.125 -0.2218017578125
0.02142333984375 0.0827102661132813 0.00771713256835938 0.0685882568359375
0.0655937194824219 0.0406417846679688 0.163925170898438 0.103103637695313
0.07061767578125 -0.0416717529296875 0.282073974609375 0.009124755859375
-0.0003814697265625 -0.0724105834960937 0.32635498046875 -0.19158935546875
-0.02618408203125 -0.0692787170410156 0.23516845703125 -0.396453857421875
-0.0114936828613281 -0.0526199340820312 0.198974609375 -0.4063720703125
-0.0301284790039063 -0.0517387390136719 0.231109619140625 -0.38037109375
0.020538330078125 -0.0463104248046875 0.285980224609375 -0.223297119140625
0.044281005859375 -0.00614547729492188 0.195953369140625 -0.0816802978515625
0.0317535400390625 0.0535354614257813 0.115249633789063 -0.0802459716796875
-0.0322818756103516 0.0284500122070313 0.106124877929688 -0.206069946289063
-0.03851318359375 -0.00147247314453125 0.32977294921875 -0.3917236328125
-0.00672531127929688 -0.0520973205566406 0.7939453125 -0.212890625
-0.340911865234375 0.10638427734375 0.395172119140625 -0.26593017578125
-0.221099853515625 0.198959350585937 0.124267578125 -0.217559814453125
-0.02496337890625 0.312164306640625 0.0147247314453125 0.0657196044921875
0.158065795898438 0.201141357421875 0.143966674804688 0.0876007080078125
0.238235473632813 0.021881103515625 0.2506103515625 0.0285491943359375
0.152008056640625 -0.142166137695313 0.2935791015625 -0.16656494140625
0.085235595703125 -0.208038330078125 0.216156005859375 -0.355682373046875
0.121780395507813 -0.188003540039062 0.17987060546875 -0.35113525390625
0.096343994140625 -0.206680297851563 0.21087646484375 -0.33453369140625
0.181991577148437 -0.126602172851563 0.2420654296875 -0.189773559570313
0.23968505859375 0.0218963623046875 0.148056030273438 -0.0585174560546875
0.180328369140625 0.215240478515625 0.08685302734375 -0.102790832519531
-0.0787353515625 0.29351806640625 0.098968505859375 -0.239822387695312
-0.213470458984375 0.209197998046875 0.34844970703125 -0.395263671875
-0.30914306640625 0.0907287597656249 0.7713623046875 -0.21307373046875
-0.569091796875 0.2255859375 0.280288696289062 -0.234771728515625
-0.36431884765625 0.3492431640625 0.08624267578125 -0.175262451171875
-0.051971435546875 0.518890380859375 0.0263671875 0.0713577270507813
0.2503662109375 0.34161376953125 0.122840881347656 0.0670623779296875
0.388427734375 0.078399658203125 0.1995849609375 0.0379638671875
0.2869873046875 -0.198638916015625 0.222427368164063 -0.128341674804688
0.18292236328125 -0.3189697265625 0.16302490234375 -0.26763916015625
0.237060546875 -0.295379638671875 0.13311767578125 -0.241424560546875
0.2088623046875 -0.330108642578125 0.15869140625 -0.234588623046875
0.3173828125 -0.18865966796875 0.156234741210938 -0.124847412109375
0.406524658203125 0.0472412109375 0.0675125122070313 -0.0284461975097656
0.31268310546875 0.353179931640625 0.0344467163085938 -0.1221923828125
-0.111724853515625 0.5291748046875 0.0746307373046875 -0.261688232421875
-0.363555908203125 0.399749755859375 0.329833984375 -0.35650634765625
-0.5694580078125 0.2191162109375 0.6580810546875 -0.17852783203125
-0.71722412109375 0.32391357421875 0.098602294921875 -0.169876098632812
-0.45025634765625 0.482818603515625 0.0157699584960937 -0.0907363891601562
-0.0435180664062501 0.67919921875 0.03741455078125 0.0854034423828125
0.337005615234375 0.43817138671875 0.0923309326171875 0.043731689453125
0.502655029296875 0.111785888671875 0.123908996582031 0.0443038940429688
0.386810302734375 -0.237579345703125 0.118194580078125 -0.0717315673828125
0.253173828125 -0.3865966796875 0.082855224609375 -0.140762329101563
0.316009521484375 -0.3575439453125 0.0660629272460938 -0.0958786010742188
0.287200927734375 -0.401092529296875 0.081787109375 -0.0957412719726563
0.40625 -0.22125244140625 0.0417327880859375 -0.0346908569335938
0.516021728515625 0.0662841796875 -0.035125732421875 0.0096721649169922
0.401397705078125 0.442169189453125 -0.036895751953125 -0.129203796386719
-0.12847900390625 0.69415283203125 0.0381927490234375 -0.260772705078125
-0.456634521484375 0.53277587890625 0.272506713867187 -0.271163940429687
-0.74505615234375 0.30914306640625 0.466400146484375 -0.109130859375
-0.761474609375 0.38165283203125 -0.127410888671875 -0.07513427734375
-0.46722412109375 0.558441162109375 -0.0758132934570313 0.0298690795898438
-0.0123291015625 0.748779296875 0.04010009765625 0.104667663574219
0.389129638671875 0.46539306640625 0.0450286865234375 0.0240325927734375
0.549224853515625 0.122344970703125 0.0260581970214844 0.0520286560058594
0.425689697265625 -0.246002197265625 -0.00557184219360349 0.00214004516601561
0.28466796875 -0.395965576171875 -0.0105142593383789 0.010772705078125
0.34521484375 -0.367279052734375 -0.0118598937988281 0.0641365051269531
0.3216552734375 -0.408966064453125 -0.00936126708984373 0.0608787536621093
0.428466796875 -0.2138671875 -0.0821533203125 0.0656356811523437
0.535369873046875 0.08074951171875 -0.141708374023437 0.0503387451171875
0.412139892578125 0.461212158203125 -0.111183166503906 -0.119636535644531
-0.1390380859375 0.73052978515625 -0.000198364257812532 -0.230575561523437
-0.48345947265625 0.562042236328125 0.18988037109375 -0.147003173828125
-0.801513671875 0.33648681640625 0.2279052734375 -0.018829345703125
-0.68701171875 0.3819580078125 -0.3602294921875 0.03668212890625
-0.406585693359375 0.5460205078125 -0.175338745117188 0.164093017578125
0.01727294921875 0.6844482421875 0.0281448364257812 0.123367309570313
0.37042236328125 0.410736083984375 -0.0141382217407226 0.0154609680175782
0.49932861328125 0.110015869140625 -0.0757293701171875 0.0618057250976563
0.394134521484375 -0.217681884765625 -0.127304077148437 0.0806961059570313
0.269866943359375 -0.346527099609375 -0.101531982421875 0.162078857421875
0.3228759765625 -0.31982421875 -0.08837890625 0.214553833007812
0.305633544921875 -0.351104736328125 -0.0993652343749999 0.206298828125
0.38134765625 -0.164794921875 -0.19482421875 0.153350830078125
0.457611083984375 0.092071533203125 -0.228607177734375 0.0756988525390625
0.331268310546875 0.407806396484375 -0.16766357421875 -0.102691650390625
-0.14935302734375 0.62542724609375 -0.0290374755859375 -0.179397583007812
-0.435546875 0.47467041015625 0.096527099609375 -0.0152435302734375
-0.72930908203125 0.30078125 -0.0179901123046875 0.0727157592773438
-0.506317138671875 0.318695068359375 -0.56658935546875 0.14434814453125
-0.28082275390625 0.43487548828125 -0.268524169921875 0.285614013671875
0.0340576171875 0.495361328125 0.00492858886718751 0.140167236328125
0.276763916015625 0.280136108398438 -0.0657920837402344 0.0190887451171875
0.356781005859375 0.079498291015625 -0.155593872070312 0.0653076171875
0.294342041015625 -0.150390625 -0.2230224609375 0.145980834960937
0.209854125976563 -0.240768432617187 -0.17657470703125 0.28729248046875
0.247955322265625 -0.222183227539063 -0.152099609375 0.33123779296875
0.24407958984375 -0.237899780273438 -0.17706298828125 0.31829833984375
0.277557373046875 -0.088714599609375 -0.279495239257813 0.208663940429687
0.307769775390625 0.0938720703125 -0.280136108398438 0.0761871337890626
0.18988037109375 0.29473876953125 -0.195709228515625 -0.0879669189453125
-0.143798828125 0.415313720703125 -0.041229248046875 -0.126213073730469
-0.32061767578125 0.305755615234375 0.0101776123046875 0.0901718139648438
-0.5435791015625 0.216766357421875 -0.229019165039063 0.145263671875
-0.248306274414062 0.19903564453125 -0.70977783203125 0.22979736328125
-0.117263793945312 0.253982543945312 -0.34478759765625 0.374969482421875
0.041656494140625 0.231063842773438 -0.020538330078125 0.1572265625
0.137092590332031 0.110748291015625 -0.0914154052734375 0.0341262817382813
0.156845092773438 0.038787841796875 -0.195632934570313 0.059661865234375
0.1478271484375 -0.057952880859375 -0.274322509765625 0.183120727539063
0.118186950683594 -0.0959091186523438 -0.2220458984375 0.364288330078125
0.135704040527344 -0.0908203125 -0.19281005859375 0.3968505859375
0.14764404296875 -0.0933380126953125 -0.22821044921875 0.3797607421875
0.140190124511719 -0.00617218017578125 -0.324005126953125 0.227142333984375
0.12847900390625 0.0783538818359375 -0.294677734375 0.054901123046875
0.043060302734375 0.146484375 -0.197250366210937 -0.07977294921875
-0.105926513671875 0.16839599609375 -0.0414047241210937 -0.0847015380859375
-0.159271240234375 0.115524291992188 -0.0542449951171875 0.15240478515625
-0.279693603515625 0.108596801757812 -0.3724365234375 0.189544677734375
-0.0659713745117187 -0.0213546752929688 0.426788330078125 -0.27471923828125
-0.0480270385742188 0.0435523986816406 0.123184204101562 -0.226593017578125
0.0227737426757813 0.0822830200195312 0.010345458984375 0.0667915344238281
0.0661277770996094 0.0407562255859375 0.163421630859375 0.10101318359375
0.0693359375 -0.04217529296875 0.280715942382813 0.0094451904296875
-0.00180816650390625 -0.07110595703125 0.32861328125 -0.195709228515625
-0.0268669128417969 -0.0679969787597656 0.23046875 -0.4029541015625
-0.012420654296875 -0.05218505859375 0.193206787109375 -0.4129638671875
-0.0318984985351563 -0.0495338439941406 0.226348876953125 -0.386444091796875
0.0185813903808594 -0.0461387634277344 0.28704833984375 -0.228973388671875
0.0443572998046875 -0.00667190551757813 0.19659423828125 -0.08111572265625
0.0324897766113281 0.0536308288574219 0.112808227539063 -0.0812835693359375
-0.0340862274169922 0.0279006958007813 0.102294921875 -0.208038330078125
-0.0371170043945313 -0.0016632080078125 0.325531005859375 -0.392547607421875
-0.00575637817382813 -0.051849365234375 0.78924560546875 -0.2149658203125
-0.339752197265625 0.10919189453125 0.393341064453125 -0.27081298828125
-0.220611572265625 0.201416015625 0.121475219726562 -0.222076416015625
-0.0205078125 0.313079833984375 0.0189552307128906 0.0620994567871094
0.16082763671875 0.201126098632813 0.143692016601563 0.0854644775390625
0.238143920898437 0.0186309814453125 0.250274658203125 0.02825927734375
0.149612426757813 -0.141403198242188 0.295440673828125 -0.168670654296875
0.0821685791015625 -0.2069091796875 0.211883544921875 -0.361480712890625
0.12060546875 -0.190444946289063 0.17572021484375 -0.356903076171875
0.0936279296875 -0.205963134765625 0.207275390625 -0.340423583984375
0.1800537109375 -0.127822875976563 0.243148803710938 -0.195220947265625
0.240829467773438 0.019989013671875 0.149688720703125 -0.0578155517578125
0.18438720703125 0.214569091796875 0.0845565795898438 -0.105155944824219
-0.077239990234375 0.296875 0.0944366455078125 -0.240921020507812
-0.213226318359375 0.210784912109375 0.344451904296875 -0.396453857421875
-0.31005859375 0.094757080078125 0.769287109375 -0.21240234375
-0.56732177734375 0.2308349609375 0.278427124023437 -0.238937377929687
-0.364654541015625 0.353668212890625 0.082763671875 -0.180160522460937
-0.045135498046875 0.5213623046875 0.0320014953613281 0.0659523010253906
0.25396728515625 0.340667724609375 0.123291015625 0.0642623901367188
0.38934326171875 0.0728759765625 0.2001953125 0.03759765625
0.283538818359375 -0.1983642578125 0.22271728515625 -0.128997802734375
0.178436279296875 -0.319183349609375 0.158920288085938 -0.27178955078125
0.23565673828125 -0.300384521484375 0.131011962890625 -0.246902465820313
0.204193115234375 -0.33013916015625 0.15704345703125 -0.239273071289063
0.31585693359375 -0.19036865234375 0.157699584960938 -0.128250122070313
0.40838623046875 0.043975830078125 0.0693817138671875 -0.0270614624023438
0.318572998046875 0.352325439453125 0.032379150390625 -0.124809265136719
-0.107696533203125 0.536102294921875 0.0707550048828125 -0.261871337890625
-0.36224365234375 0.402496337890625 0.326690673828125 -0.357940673828125
-0.57275390625 0.22662353515625 0.65545654296875 -0.17803955078125
-0.71630859375 0.330810546875 0.0961761474609374 -0.173309326171875
-0.451934814453125 0.48846435546875 0.0127716064453125 -0.0938949584960937
-0.0343017578125 0.68267822265625 0.04302978515625 0.0792770385742188
0.342864990234375 0.43621826171875 0.09295654296875 0.0410614013671875
0.504791259765625 0.1051025390625 0.125022888183594 0.0424423217773438
0.381927490234375 -0.238433837890625 0.117942810058594 -0.07080078125
0.248565673828125 -0.388031005859375 0.0792388916015625 -0.143142700195313
0.31402587890625 -0.3658447265625 0.0657806396484375 -0.0988616943359375
0.281951904296875 -0.404815673828125 0.0815963745117188 -0.0982742309570313
0.40277099609375 -0.225189208984375 0.0430679321289063 -0.0362663269042969
0.516021728515625 0.06280517578125 -0.0329322814941406 0.0120563507080078
0.40875244140625 0.440643310546875 -0.0386199951171875 -0.131515502929687
-0.12237548828125 0.70208740234375 0.0347747802734375 -0.259628295898437
-0.4573974609375 0.537139892578125 0.271514892578125 -0.272628784179687
-0.74835205078125 0.31744384765625 0.46453857421875 -0.1090087890625
-0.76068115234375 0.38934326171875 -0.128372192382813 -0.0766754150390625
-0.4674072265625 0.56756591796875 -0.0785140991210938 0.0283279418945313
-0.00207519531249997 0.7520751953125 0.0448760986328125 0.0986709594726563
0.39697265625 0.462188720703125 0.0456390380859375 0.0221366882324219
0.5513916015625 0.115447998046875 0.0282173156738282 0.050262451171875
0.422576904296875 -0.24835205078125 -0.00769948959350583 0.00385904312133788
0.278961181640625 -0.398223876953125 -0.0124044418334961 0.0103082656860351
0.345458984375 -0.375396728515625 -0.0102386474609375 0.0641250610351562
0.315338134765625 -0.410980224609375 -0.00650024414062498 0.0604896545410156
0.42510986328125 -0.2164306640625 -0.0802383422851563 0.0666732788085937
0.53778076171875 0.076019287109375 -0.139320373535156 0.0524139404296875
0.42138671875 0.458831787109375 -0.112564086914062 -0.121185302734375
-0.13177490234375 0.73779296875 -0.00340270996093752 -0.228164672851562
-0.48394775390625 0.5655517578125 0.190444946289062 -0.147842407226562
-0.80548095703125 0.3482666015625 0.22833251953125 -0.0173187255859375
-0.6866455078125 0.38995361328125 -0.361297607421875 0.038055419921875
-0.40545654296875 0.5550537109375 -0.176910400390625 0.165756225585938
0.02734375 0.68914794921875 0.0318603515625 0.117538452148438
0.3770751953125 0.40771484375 -0.0123310089111328 0.0133094787597656
0.5037841796875 0.10260009765625 -0.0738601684570312 0.0597076416015625
0.3914794921875 -0.2197265625 -0.129585266113281 0.083740234375
0.265533447265625 -0.348297119140625 -0.101730346679688 0.16497802734375
0.32135009765625 -0.327545166015625 -0.084228515625 0.217010498046875
0.3017578125 -0.35540771484375 -0.0955810546875 0.20947265625
0.379119873046875 -0.167572021484375 -0.193344116210937 0.156997680664063
0.45831298828125 0.088043212890625 -0.226394653320312 0.0780029296875
0.33837890625 0.406890869140625 -0.168563842773437 -0.10296630859375
-0.141845703125 0.63299560546875 -0.0303497314453125 -0.176925659179687
-0.436431884765625 0.47833251953125 0.098297119140625 -0.01629638671875
-0.73193359375 0.310791015625 -0.0161895751953126 0.074737548828125
-0.506988525390625 0.324462890625 -0.566650390625 0.14776611328125
-0.28070068359375 0.4417724609375 -0.268890380859375 0.289154052734375
0.03973388671875 0.499298095703125 0.00743865966796875 0.136390686035156
0.279998779296875 0.279464721679688 -0.0637588500976563 0.0180091857910156
0.35943603515625 0.075103759765625 -0.154205322265625 0.063751220703125
0.293121337890625 -0.15252685546875 -0.22613525390625 0.149566650390625
0.2073974609375 -0.24249267578125 -0.174835205078125 0.2926025390625
0.24786376953125 -0.228164672851563 -0.147064208984375 0.336456298828125
0.242294311523438 -0.241439819335938 -0.171142578125 0.3231201171875
0.276092529296875 -0.0901031494140625 -0.277084350585938 0.214340209960937
0.30792236328125 0.0921630859375 -0.279083251953125 0.0782318115234376
0.19451904296875 0.2935791015625 -0.195831298828125 -0.0875244140625
-0.138824462890625 0.421417236328125 -0.0424728393554688 -0.124427795410156
-0.3212890625 0.309478759765625 0.0141677856445312 0.0904312133789063
-0.54547119140625 0.223968505859375 -0.226089477539063 0.147506713867187
-0.249313354492187 0.202377319335938 -0.70941162109375 0.2344970703125
-0.116851806640625 0.256484985351563 -0.343780517578125 0.379364013671875
0.043365478515625 0.232421875 -0.0208282470703125 0.15625
0.138023376464844 0.110130310058594 -0.0900802612304688 0.03369140625
0.158493041992188 0.0369720458984375 -0.194046020507813 0.05731201171875
0.148162841796875 -0.0600128173828125 -0.2784423828125 0.186203002929687
0.116889953613281 -0.0973052978515625 -0.220458984375 0.372589111328125
0.13580322265625 -0.0946884155273437 -0.188629150390625 0.403839111328125
0.147354125976563 -0.095703125 -0.222625732421875 0.38507080078125
0.140357971191406 -0.00778961181640625 -0.323394775390625 0.233123779296875
0.128486633300781 0.0769500732421875 -0.2943115234375 0.055816650390625
0.04534912109375 0.145675659179688 -0.196762084960938 -0.0774993896484375
-0.102447509765625 0.17205810546875 -0.0421981811523438 -0.0825881958007812
-0.160079956054687 0.117385864257813 -0.0509490966796875 0.152252197265625
-0.28131103515625 0.112548828125 -0.369354248046875 0.192169189453125
-0.0670089721679688 -0.0206489562988281 0.43304443359375 -0.28863525390625
-0.0483856201171875 0.0441474914550781 0.121139526367187 -0.23822021484375
0.0256423950195313 0.082733154296875 0.0137290954589844 0.065338134765625
0.0688133239746094 0.0409965515136719 0.16748046875 0.100082397460937
0.0687789916992188 -0.0442924499511719 0.2872314453125 0.007476806640625
-0.00370025634765625 -0.07135009765625 0.336578369140625 -0.2060546875
-0.0287017822265625 -0.06787109375 0.227508544921875 -0.4197998046875
-0.0138359069824219 -0.0526847839355469 0.188385009765625 -0.43096923828125
-0.0339775085449219 -0.0479774475097656 0.223388671875 -0.40484619140625
0.0174751281738281 -0.0473518371582031 0.2908935546875 -0.24346923828125
0.0451087951660156 -0.00705337524414063 0.201705932617187 -0.084625244140625
0.0347251892089844 0.05377197265625 0.112045288085938 -0.0854110717773438
-0.0358657836914062 0.0288887023925781 0.09857177734375 -0.215911865234375
-0.0364303588867188 -0.00228118896484374 0.322845458984375 -0.406097412109375
-0.006103515625 -0.0528411865234375 0.80352783203125 -0.227783203125
-0.345703125 0.117767333984375 0.39764404296875 -0.285430908203125
-0.222518920898437 0.210159301757813 0.118560791015625 -0.23394775390625
-0.013397216796875 0.320343017578125 0.0232429504394531 0.0579757690429688
0.168777465820313 0.202835083007813 0.147445678710938 0.08367919921875
0.24346923828125 0.01434326171875 0.257369995117188 0.0262298583984375
0.149276733398438 -0.145233154296875 0.302978515625 -0.178009033203125
0.0800933837890625 -0.212127685546875 0.208404541015625 -0.377593994140625
0.120437622070313 -0.198471069335937 0.171630859375 -0.373504638671875
0.09136962890625 -0.210174560546875 0.2054443359375 -0.3570556640625
0.18194580078125 -0.132919311523438 0.24810791015625 -0.20733642578125
0.247161865234375 0.016387939453125 0.154617309570313 -0.05975341796875
0.1947021484375 0.216537475585938 0.083251953125 -0.110939025878906
-0.075286865234375 0.307373046875 0.090423583984375 -0.24774169921875
-0.214752197265625 0.218170166015625 0.344970703125 -0.408294677734375
-0.316497802734375 0.104034423828125 0.7838134765625 -0.2257080078125
-0.57574462890625 0.2452392578125 0.2801513671875 -0.250411987304688
-0.367340087890625 0.3704833984375 0.0787811279296875 -0.18975830078125
-0.03424072265625 0.5355224609375 0.0366477966308594 0.0611381530761719
0.26702880859375 0.342376708984375 0.126693725585938 0.0622482299804688
0.39959716796875 0.06585693359375 0.2064208984375 0.0357208251953125
0.28582763671875 -0.205657958984375 0.227294921875 -0.136001586914063
0.17633056640625 -0.327545166015625 0.154388427734375 -0.284149169921875
0.236297607421875 -0.315704345703125 0.1285400390625 -0.259323120117188
0.20233154296875 -0.341278076171875 0.15594482421875 -0.2515869140625
0.319671630859375 -0.200164794921875 0.161392211914063 -0.136337280273438
0.4190673828125 0.038238525390625 0.0739974975585938 -0.026947021484375
0.336212158203125 0.35552978515625 0.0290451049804688 -0.130928039550781
-0.101959228515625 0.555084228515625 0.06695556640625 -0.267822265625
-0.365966796875 0.418487548828125 0.32855224609375 -0.368896484375
-0.585205078125 0.2447509765625 0.66961669921875 -0.18817138671875
-0.72723388671875 0.35028076171875 0.0948638916015625 -0.180740356445312
-0.455535888671875 0.51019287109375 0.00862121582031247 -0.0986175537109375
-0.0186157226562501 0.70074462890625 0.0487518310546875 0.0741424560546876
0.35986328125 0.43927001953125 0.0955276489257813 0.037841796875
0.518890380859375 0.096466064453125 0.129920959472656 0.0411453247070313
0.384735107421875 -0.24871826171875 0.120147705078125 -0.0737838745117188
0.245361328125 -0.400390625 0.0759735107421875 -0.149505615234375
0.316864013671875 -0.38482666015625 0.0654830932617188 -0.104759216308594
0.281341552734375 -0.41827392578125 0.082550048828125 -0.105239868164063
0.4080810546875 -0.236053466796875 0.0456314086914063 -0.0390815734863281
0.530548095703125 0.055084228515625 -0.0300884246826172 0.0136966705322266
0.43115234375 0.44366455078125 -0.0434494018554687 -0.137313842773437
-0.1123046875 0.72625732421875 0.030853271484375 -0.264358520507812
-0.464080810546875 0.555511474609375 0.27484130859375 -0.28143310546875
-0.764404296875 0.3416748046875 0.475189208984375 -0.11309814453125
-0.77197265625 0.413330078125 -0.133415222167969 -0.0779800415039062
-0.4688720703125 0.5928955078125 -0.0819473266601563 0.0291824340820313
0.0138549804687499 0.77264404296875 0.0507278442382813 0.0935516357421875
0.41473388671875 0.4658203125 0.0481338500976563 0.0194587707519531
0.5687255859375 0.104248046875 0.0313339233398438 0.0496940612792969
0.42724609375 -0.259063720703125 -0.00837326049804685 0.00536584854125975
0.278076171875 -0.411468505859375 -0.0150890350341797 0.0108633041381836
0.34814453125 -0.395660400390625 -0.00793075561523435 0.0652275085449219
0.315643310546875 -0.42669677734375 -0.00388717651367185 0.0609283447265625
0.43096923828125 -0.22906494140625 -0.0793991088867187 0.0700531005859375
0.55047607421875 0.067901611328125 -0.139007568359375 0.056884765625
0.44183349609375 0.4625244140625 -0.118247985839844 -0.125495910644531
-0.11895751953125 0.76422119140625 -0.00680541992187499 -0.230178833007812
-0.4896240234375 0.58612060546875 0.193710327148438 -0.153411865234375
-0.82196044921875 0.373291015625 0.234237670898437 -0.0182952880859375
-0.6993408203125 0.41119384765625 -0.369354248046875 0.04364013671875
-0.40789794921875 0.57781982421875 -0.17987060546875 0.173614501953125
0.0404052734375 0.7086181640625 0.0370101928710938 0.115135192871094
0.394073486328125 0.410064697265625 -0.0110731124877929 0.0119562149047852
0.519073486328125 0.09375 -0.0732269287109375 0.0595779418945313
0.39617919921875 -0.23150634765625 -0.133995056152344 0.0903778076171875
0.264068603515625 -0.360809326171875 -0.102874755859375 0.171920776367187
0.324920654296875 -0.346527099609375 -0.0809173583984375 0.225143432617188
0.30133056640625 -0.3690185546875 -0.0904693603515625 0.215850830078125
0.385467529296875 -0.1767578125 -0.194503784179688 0.165390014648438
0.470458984375 0.0823974609375 -0.228759765625 0.084075927734375
0.355926513671875 0.409210205078125 -0.1751708984375 -0.104843139648438
-0.131103515625 0.6568603515625 -0.0340423583984375 -0.178756713867187
-0.441925048828125 0.497650146484375 0.102500915527344 -0.0179595947265625
-0.748291015625 0.33392333984375 -0.0139846801757813 0.0782089233398438
-0.515045166015625 0.341644287109375 -0.5767822265625 0.159912109375
-0.28118896484375 0.459625244140625 -0.271514892578125 0.30291748046875
0.050201416015625 0.514312744140625 0.0105056762695313 0.136566162109375
0.291259765625 0.281524658203125 -0.063323974609375 0.0180892944335938
0.37200927734375 0.068115234375 -0.156448364257812 0.0645294189453125
0.29827880859375 -0.161163330078125 -0.231643676757813 0.159347534179688
0.20770263671875 -0.251419067382813 -0.17413330078125 0.3060302734375
0.250457763671875 -0.242691040039063 -0.14166259765625 0.3499755859375
0.242996215820313 -0.252334594726563 -0.1663818359375 0.336029052734375
0.281143188476563 -0.0960235595703125 -0.279541015625 0.226821899414063
0.315521240234375 0.088134765625 -0.283599853515625 0.0838012695312501
0.205291748046875 0.29681396484375 -0.201828002929687 -0.08734130859375
-0.131805419921875 0.43756103515625 -0.044677734375 -0.124099731445312
-0.327362060546875 0.32135009765625 0.018646240234375 0.0919418334960938
-0.557281494140625 0.2406005859375 -0.226821899414063 0.15533447265625
-0.254440307617187 0.211456298828125 -0.72216796875 0.24908447265625
-0.116714477539062 0.264862060546875 -0.34515380859375 0.397247314453125
0.0477752685546875 0.23919677734375 -0.0193939208984375 0.159332275390625
0.142959594726563 0.109756469726563 -0.0902862548828125 0.0356369018554687
0.165374755859375 0.0338897705078125 -0.198257446289062 0.0590972900390625
0.151702880859375 -0.0637664794921875 -0.287109375 0.19720458984375
0.11724853515625 -0.101799011230469 -0.218780517578125 0.388946533203125
0.138328552246094 -0.101455688476563 -0.182525634765625 0.421661376953125
0.149490356445313 -0.101181030273438 -0.2174072265625 0.40185546875
0.143585205078125 -0.00933837890625 -0.3271484375 0.247955322265625
0.132064819335938 0.0759658813476563 -0.30035400390625 0.0610351562500001
0.050048828125 0.147247314453125 -0.201797485351563 -0.07537841796875
-0.098846435546875 0.18011474609375 -0.042510986328125 -0.082366943359375
-0.162506103515625 0.123641967773437 -0.04644775390625 0.156524658203125
-0.287139892578125 0.122161865234375 -0.3734130859375 0.201568603515625
-0.0696601867675781 -0.0180130004882812 0.433074951171875 -0.314910888671875
-0.046661376953125 0.0468482971191406 0.1123046875 -0.252731323242188
0.0305404663085938 0.0818557739257813 0.017730712890625 0.0632057189941406
0.0730972290039063 0.039520263671875 0.17486572265625 0.0948028564453125
0.0676994323730469 -0.0483551025390625 0.29791259765625 -0.0018310546875
-0.00772094726562499 -0.0720062255859375 0.341064453125 -0.227447509765625
-0.0314712524414063 -0.0676498413085937 0.21514892578125 -0.44342041015625
-0.0161514282226563 -0.0530204772949219 0.172119140625 -0.45654296875
-0.0369644165039063 -0.0451774597167969 0.21014404296875 -0.42962646484375
0.0150985717773437 -0.0491371154785156 0.29119873046875 -0.266326904296875
0.0463333129882813 -0.00972366333007813 0.205886840820313 -0.0936126708984375
0.0398979187011719 0.0533523559570313 0.1097412109375 -0.0929031372070313
-0.0369110107421875 0.0315170288085938 0.0887908935546875 -0.226058959960937
-0.0355339050292969 -0.00135421752929687 0.31494140625 -0.428253173828125
-0.00681304931640625 -0.0534286499023438 0.81549072265625 -0.25933837890625
-0.3499755859375 0.13446044921875 0.39715576171875 -0.30841064453125
-0.220535278320313 0.224853515625 0.109237670898437 -0.248504638671875
0.00109863281250001 0.328338623046875 0.0281944274902344 0.0536994934082031
0.182205200195313 0.201675415039063 0.153427124023438 0.0787811279296875
0.24951171875 0.0042877197265625 0.26654052734375 0.017913818359375
0.146408081054688 -0.153961181640625 0.3060302734375 -0.19647216796875
0.073699951171875 -0.220321655273437 0.195526123046875 -0.399627685546875
0.116134643554688 -0.210830688476563 0.158294677734375 -0.39520263671875
0.085113525390625 -0.218429565429688 0.1944580078125 -0.38018798828125
0.180130004882813 -0.144256591796875 0.247802734375 -0.227020263671875
0.254714965820313 0.0067138671875 0.159271240234375 -0.0665283203125
0.211288452148438 0.214324951171875 0.0782241821289063 -0.118537902832031
-0.0650634765625 0.3214111328125 0.0807037353515625 -0.2576904296875
-0.212890625 0.232315063476563 0.33734130859375 -0.433135986328125
-0.3212890625 0.121307373046875 0.79681396484375 -0.2574462890625
-0.58245849609375 0.27496337890625 0.276779174804687 -0.269332885742188
-0.36309814453125 0.3961181640625 0.0705413818359374 -0.200942993164062
-0.0110168457031251 0.54974365234375 0.0424461364746094 0.0551185607910157
0.288970947265625 0.341094970703125 0.131874084472656 0.0566787719726563
0.412567138671875 0.049591064453125 0.214813232421875 0.028594970703125
0.28399658203125 -0.22174072265625 0.23101806640625 -0.149459838867187
0.167388916015625 -0.3427734375 0.144073486328125 -0.29998779296875
0.230560302734375 -0.337921142578125 0.119888305664063 -0.275711059570313
0.1939697265625 -0.359222412109375 0.149459838867188 -0.269989013671875
0.319244384765625 -0.21746826171875 0.161468505859375 -0.14971923828125
0.43341064453125 0.022247314453125 0.0780105590820313 -0.0301437377929688
0.362701416015625 0.351318359375 0.0223236083984375 -0.138542175292969
-0.08099365234375 0.57861328125 0.057220458984375 -0.27587890625
-0.361236572265625 0.4427490234375 0.3214111328125 -0.38946533203125
-0.59283447265625 0.27825927734375 0.68109130859375 -0.21307373046875
-0.73272705078125 0.39117431640625 0.0891571044921874 -0.190460205078125
-0.4481201171875 0.545440673828125 0.00226593017578123 -0.104415893554687
0.0119628906250001 0.72076416015625 0.055267333984375 0.0676422119140625
0.38818359375 0.43572998046875 0.100212097167969 0.03302001953125
0.537628173828125 0.073455810546875 0.135932922363281 0.0360183715820313
0.38397216796875 -0.2703857421875 0.121719360351563 -0.0808181762695313
0.235809326171875 -0.41937255859375 0.0689544677734375 -0.158218383789063
0.310821533203125 -0.414459228515625 0.0627517700195313 -0.113441467285156
0.270660400390625 -0.44244384765625 0.0814895629882813 -0.11474609375
0.40948486328125 -0.258087158203125 0.0461082458496094 -0.0430068969726563
0.548828125 0.035491943359375 -0.0276451110839843 0.0162792205810547
0.462921142578125 0.439453125 -0.052764892578125 -0.142623901367187
-0.08306884765625 0.75604248046875 0.0219573974609375 -0.271240234375
-0.45654296875 0.59039306640625 0.272216796875 -0.29833984375
-0.773193359375 0.38623046875 0.486419677734375 -0.132354736328125
-0.77838134765625 0.4561767578125 -0.140464782714844 -0.0768203735351562
-0.45977783203125 0.6317138671875 -0.085540771484375 0.032562255859375
0.0499267578125 0.79638671875 0.0577850341796875 0.0876770019531251
0.447479248046875 0.461212158203125 0.0517158508300781 0.015533447265625
0.58941650390625 0.0799560546875 0.0350456237792969 0.0474700927734375
0.42706298828125 -0.282806396484375 -0.00820732116699216 0.00757455825805662
0.2679443359375 -0.433349609375 -0.0172367095947265 0.0125465393066406
0.342193603515625 -0.42791748046875 -0.00407409667968748 0.0660820007324218
0.3060302734375 -0.454315185546875 0.000720977783203145 0.05999755859375
0.433685302734375 -0.25152587890625 -0.078338623046875 0.074920654296875
0.56939697265625 0.0479736328125 -0.137977600097656 0.0631942749023438
0.476776123046875 0.4576416015625 -0.12884521484375 -0.127532958984375
-0.0892944335937501 0.79681396484375 -0.0145416259765625 -0.234695434570312
-0.48382568359375 0.624267578125 0.195159912109375 -0.16510009765625
-0.8326416015625 0.4237060546875 0.242202758789062 -0.0262603759765625
-0.702880859375 0.4505615234375 -0.37744140625 0.057373046875
-0.39788818359375 0.614501953125 -0.179779052734375 0.18609619140625
0.0747680664062499 0.73028564453125 0.043426513671875 0.112449645996094
0.4229736328125 0.405792236328125 -0.00900459289550779 0.0108709335327149
0.5396728515625 0.071380615234375 -0.0722122192382812 0.06158447265625
0.398406982421875 -0.2532958984375 -0.135513305664062 0.100021362304687
0.256805419921875 -0.380767822265625 -0.100021362304687 0.183624267578125
0.319732666015625 -0.3751220703125 -0.0709228515625 0.235366821289062
0.29437255859375 -0.39453125 -0.0813446044921875 0.225494384765625
0.389007568359375 -0.19683837890625 -0.19171142578125 0.178802490234375
0.486541748046875 0.064300537109375 -0.229766845703125 0.0946197509765625
0.3837890625 0.407745361328125 -0.184967041015625 -0.103652954101563
-0.10479736328125 0.68438720703125 -0.0403594970703125 -0.179946899414062
-0.43768310546875 0.52838134765625 0.107864379882812 -0.02264404296875
-0.759033203125 0.3775634765625 -0.0092849731445313 0.0819244384765625
-0.518585205078125 0.3719482421875 -0.58514404296875 0.1845703125
-0.27337646484375 0.48553466796875 -0.268157958984375 0.323486328125
0.0743713378906249 0.530670166015625 0.0162734985351563 0.137413024902344
0.312530517578125 0.27728271484375 -0.0618553161621094 0.0193901062011719
0.388153076171875 0.05224609375 -0.1583251953125 0.0697784423828125
0.300994873046875 -0.17877197265625 -0.235748291015625 0.1761474609375
0.201797485351563 -0.267227172851563 -0.167388916015625 0.3258056640625
0.2479248046875 -0.264617919921875 -0.128173828125 0.368743896484375
0.239105224609375 -0.27215576171875 -0.1529541015625 0.35302734375
0.285888671875 -0.109619140625 -0.27825927734375 0.246673583984375
0.32757568359375 0.077545166015625 -0.28802490234375 0.09686279296875
0.2247314453125 0.2965087890625 -0.210647583007813 -0.0829315185546875
-0.114166259765625 0.45751953125 -0.0484771728515625 -0.124298095703125
-0.3251953125 0.343597412109375 0.0255889892578125 0.0926361083984375
-0.56475830078125 0.27276611328125 -0.225204467773438 0.16729736328125
-0.255340576171875 0.22747802734375 -0.7315673828125 0.28265380859375
-0.110321044921875 0.278564453125 -0.33990478515625 0.42437744140625
0.0593719482421875 0.247802734375 -0.0142974853515625 0.164840698242188
0.15057373046875 0.108612060546875 -0.0891189575195312 0.0388565063476563
0.17388916015625 0.026885986328125 -0.202316284179688 0.0656890869140625
0.154312133789063 -0.0728912353515625 -0.291290283203125 0.217071533203125
0.116928100585938 -0.109542846679688 -0.208282470703125 0.413909912109375
0.139144897460938 -0.11248779296875 -0.166839599609375 0.444488525390625
0.149429321289063 -0.113296508789062 -0.203338623046875 0.42510986328125
0.14825439453125 -0.014984130859375 -0.325439453125 0.27069091796875
0.138107299804687 0.0724334716796875 -0.3070068359375 0.07373046875
0.0574188232421875 0.149185180664062 -0.209182739257812 -0.0701904296875
-0.0918731689453125 0.19146728515625 -0.0449066162109375 -0.081634521484375
-0.162750244140625 0.133697509765625 -0.0386199951171875 0.16119384765625
-0.291900634765625 0.139404296875 -0.373992919921875 0.22015380859375
-0.0701751708984375 -0.0129241943359375 0.4202880859375 -0.34295654296875
-0.0439872741699219 0.0490989685058594 0.09552001953125 -0.264251708984375
0.03509521484375 0.078094482421875 0.0214729309082031 0.0591545104980469
0.0766677856445313 0.0348052978515625 0.180038452148438 0.0842437744140625
0.0640830993652344 -0.0520744323730469 0.30181884765625 -0.018096923828125
-0.0133514404296875 -0.0710678100585938 0.33441162109375 -0.25335693359375
-0.0351524353027344 -0.0662193298339844 0.188079833984375 -0.4644775390625
-0.0193748474121094 -0.051788330078125 0.142578125 -0.475250244140625
-0.0400314331054688 -0.0414009094238281 0.18353271484375 -0.451324462890625
0.0111656188964844 -0.0502204895019531 0.27935791015625 -0.291259765625
0.0465087890625 -0.013153076171875 0.204971313476563 -0.10516357421875
0.0442657470703125 0.0507125854492188 0.103050231933594 -0.0998992919921875
-0.0370521545410156 0.0348701477050781 0.0726318359375 -0.233047485351563
-0.0344009399414063 -0.00052833557128907 0.29144287109375 -0.44854736328125
-0.00881958007812501 -0.0529861450195313 0.8087158203125 -0.30572509765625
-0.3448486328125 0.15771484375 0.382843017578125 -0.33544921875
-0.208709716796875 0.24041748046875 0.0924835205078125 -0.2606201171875
0.0213623046875 0.329986572265625 0.0322227478027344 0.0483207702636719
0.196090698242188 0.192245483398438 0.15863037109375 0.06884765625
0.251190185546875 -0.0117950439453125 0.272384643554688 0.0034942626953125
0.137344360351563 -0.162307739257813 0.300811767578125 -0.219970703125
0.0622406005859375 -0.226104736328125 0.170318603515625 -0.418243408203125
0.105087280273438 -0.222625732421875 0.132049560546875 -0.413787841796875
0.0731964111328125 -0.225875854492188 0.17132568359375 -0.401275634765625
0.17266845703125 -0.15582275390625 0.238174438476563 -0.248428344726563
0.259780883789063 -0.0084991455078125 0.1605224609375 -0.0755462646484375
0.229385375976563 0.204238891601562 0.0700912475585938 -0.12591552734375
-0.0455322265625 0.33209228515625 0.064971923828125 -0.263931274414063
-0.201507568359375 0.247390747070312 0.31549072265625 -0.454498291015625
-0.318023681640625 0.1441650390625 0.791015625 -0.30279541015625
-0.572021484375 0.31353759765625 0.262939453125 -0.2899169921875
-0.343292236328125 0.423370361328125 0.054962158203125 -0.209274291992187
0.023223876953125 0.556884765625 0.0466537475585938 0.0469322204589844
0.311492919921875 0.326934814453125 0.136024475097656 0.0472412109375
0.420318603515625 0.022979736328125 0.219940185546875 0.0159149169921875
0.27294921875 -0.239852905273438 0.226577758789063 -0.166015625
0.14862060546875 -0.3560791015625 0.123748779296875 -0.31439208984375
0.213623046875 -0.36065673828125 0.102630615234375 -0.289642333984375
0.17401123046875 -0.37420654296875 0.133575439453125 -0.287261962890625
0.30975341796875 -0.238983154296875 0.155258178710938 -0.163742065429688
0.440704345703125 -0.00372314453125 0.0806503295898438 -0.03472900390625
0.391204833984375 0.333953857421875 0.011688232421875 -0.143173217773437
-0.0447998046875 0.59405517578125 0.0411224365234375 -0.280914306640625
-0.342681884765625 0.469818115234375 0.30487060546875 -0.411224365234375
-0.583984375 0.31866455078125 0.67864990234375 -0.251953125
-0.719482421875 0.438232421875 0.078277587890625 -0.19915771484375
-0.42120361328125 0.581787109375 -0.00811767578125002 -0.107406616210937
0.05902099609375 0.72998046875 0.06024169921875 0.0584068298339844
0.418731689453125 0.41717529296875 0.103630065917969 0.0244979858398438
0.54815673828125 0.039886474609375 0.141677856445313 0.0274810791015625
0.371917724609375 -0.294921875 0.118888854980469 -0.0886154174804688
0.21319580078125 -0.437957763671875 0.0565185546875 -0.163681030273438
0.28985595703125 -0.44305419921875 0.0561904907226563 -0.121292114257813
0.246673583984375 -0.464202880859375 0.075775146484375 -0.126235961914063
0.3988037109375 -0.284027099609375 0.0447425842285157 -0.0478630065917969
0.559051513671875 0.00323486328125 -0.0233535766601562 0.0177822113037109
0.4979248046875 0.41656494140625 -0.0645599365234375 -0.144027709960937
-0.0364990234375 0.7735595703125 0.00697326660156249 -0.273971557617187
-0.4296875 0.6246337890625 0.2596435546875 -0.3157958984375
-0.76043701171875 0.4400634765625 0.4859619140625 -0.1568603515625
-0.762451171875 0.5076904296875 -0.146942138671875 -0.070648193359375
-0.42919921875 0.6719970703125 -0.0874786376953125 0.0373153686523438
0.1029052734375 0.80438232421875 0.063751220703125 0.0801849365234376
0.480804443359375 0.4390869140625 0.0541152954101563 0.0095481872558594
0.6033935546875 0.04150390625 0.0390129089355469 0.0441398620605469
0.415863037109375 -0.310943603515625 -0.00757694244384763 0.00923728942871092
0.24444580078125 -0.454498291015625 -0.0192184448242187 0.0147285461425781
0.320648193359375 -0.460296630859375 0.000843048095703148 0.0656547546386718
0.28192138671875 -0.480316162109375 0.00621795654296876 0.0571365356445312
0.423614501953125 -0.280242919921875 -0.0737991333007812 0.0801925659179687
0.57977294921875 0.01507568359375 -0.132736206054687 0.0725021362304688
0.51263427734375 0.43463134765625 -0.13983154296875 -0.124374389648437
-0.03753662109375 0.81549072265625 -0.026824951171875 -0.235092163085937
-0.45513916015625 0.65972900390625 0.190460205078125 -0.17767333984375
-0.81866455078125 0.4796142578125 0.246200561523437 -0.0390625
-0.6875 0.50018310546875 -0.378021240234375 0.0779418945312501
-0.36614990234375 0.64825439453125 -0.172332763671875 0.198989868164063
0.12310791015625 0.73858642578125 0.051300048828125 0.107101440429688
0.452484130859375 0.38629150390625 -0.00622558593749997 0.00870180130004885
0.552337646484375 0.035491943359375 -0.0691299438476562 0.0640487670898438
0.38824462890625 -0.280853271484375 -0.132499694824219 0.112289428710938
0.236968994140625 -0.399932861328125 -0.0911102294921875 0.194122314453125
0.299957275390625 -0.405731201171875 -0.0546417236328125 0.242645263671875
0.27374267578125 -0.420166015625 -0.0648193359375 0.231048583984375
0.38275146484375 -0.222259521484375 -0.182159423828125 0.193771362304688
0.49664306640625 0.03692626953125 -0.225738525390625 0.1087646484375
0.41558837890625 0.387939453125 -0.195465087890625 -0.096588134765625
-0.0606689453125 0.70123291015625 -0.048919677734375 -0.178787231445312
-0.414398193359375 0.560821533203125 0.111068725585937 -0.0298919677734375
-0.7462158203125 0.431396484375 -0.00280761718750005 0.0829315185546875
-0.50604248046875 0.40692138671875 -0.58074951171875 0.2193603515625
-0.249237060546875 0.5113525390625 -0.252288818359375 0.344970703125
0.10955810546875 0.53631591796875 0.024871826171875 0.136383056640625
0.33251953125 0.26263427734375 -0.0591964721679687 0.0214614868164063
0.397918701171875 0.02691650390625 -0.156341552734375 0.0772552490234375
0.294525146484375 -0.1988525390625 -0.230941772460937 0.194915771484375
0.189239501953125 -0.280990600585937 -0.148712158203125 0.344207763671875
0.234283447265625 -0.287628173828125 -0.10302734375 0.38232421875
0.225555419921875 -0.29266357421875 -0.128662109375 0.3665771484375
0.28314208984375 -0.127532958984375 -0.265045166015625 0.268417358398438
0.336029052734375 0.05889892578125 -0.28515625 0.11419677734375
0.24566650390625 0.28594970703125 -0.218902587890625 -0.0735015869140625
-0.0841064453125 0.472198486328125 -0.0541152954101563 -0.122398376464844
-0.310638427734375 0.36700439453125 0.034698486328125 0.0912094116210938
-0.5550537109375 0.312713623046875 -0.216293334960938 0.1810302734375
-0.247207641601563 0.245025634765625 -0.7218017578125 0.3267822265625
-0.097015380859375 0.289154052734375 -0.31829833984375 0.451934814453125
0.0751800537109375 0.250808715820313 -0.0054168701171875 0.167892456054688
0.158782958984375 0.102493286132813 -0.0850906372070313 0.0434112548828125
0.17962646484375 0.0149688720703125 -0.202728271484375 0.0757904052734375
0.152847290039063 -0.084075927734375 -0.285430908203125 0.241241455078125
0.111686706542969 -0.117713928222656 -0.184967041015625 0.435546875
0.133186340332031 -0.125495910644531 -0.136932373046875 0.464263916015625
0.143722534179688 -0.12646484375 -0.174530029296875 0.443695068359375
0.150009155273438 -0.0242767333984375 -0.31170654296875 0.2962646484375
0.14361572265625 0.06512451171875 -0.306854248046875 0.09185791015625
0.0675048828125 0.14739990234375 -0.215484619140625 -0.059295654296875
-0.0787200927734375 0.199859619140625 -0.0475234985351562 -0.0797119140625
-0.158538818359375 0.1453857421875 -0.026214599609375 0.163604736328125
-0.287628173828125 0.1591796875 -0.363861083984375 0.242095947265625
-0.0677528381347656 -0.00792312622070313 0.396820068359375 -0.3602294921875
-0.0398674011230469 0.0493965148925781 0.0759124755859375 -0.267974853515625
0.0377578735351563 0.07281494140625 0.0232772827148438 0.0538063049316406
0.0776748657226563 0.0299758911132813 0.179901123046875 0.072845458984375
0.0590705871582031 -0.0552597045898437 0.29803466796875 -0.033203125
-0.0180854797363281 -0.0679893493652344 0.318267822265625 -0.2720947265625
-0.0381011962890625 -0.0632820129394531 0.155670166015625 -0.47265625
-0.0214004516601562 -0.0499801635742187 0.10784912109375 -0.479217529296875
-0.0401687622070312 -0.0359840393066406 0.15093994140625 -0.45941162109375
0.00720977783203125 -0.0493507385253906 0.260009765625 -0.3074951171875
0.0450706481933594 -0.0162315368652344 0.199188232421875 -0.115447998046875
0.0474281311035156 0.0458984375 0.0945510864257813 -0.1036376953125
-0.0348167419433594 0.0371055603027344 0.054931640625 -0.231948852539063
-0.0315456390380859 -0.000288009643554683 0.26123046875 -0.45660400390625
-0.00982666015625001 -0.0514259338378906 0.7813720703125 -0.34075927734375
-0.33013916015625 0.176025390625 0.358856201171875 -0.352020263671875
-0.191497802734375 0.249298095703125 0.0723114013671875 -0.26263427734375
0.03985595703125 0.32293701171875 0.0332450866699219 0.0409965515136719
0.203964233398437 0.178176879882812 0.158401489257813 0.0580291748046875
0.24603271484375 -0.0267333984375 0.270782470703125 -0.0111541748046875
0.125503540039063 -0.166458129882813 0.286865234375 -0.235565185546875
0.0489349365234375 -0.2261962890625 0.14111328125 -0.424530029296875
0.0910491943359375 -0.228408813476563 0.102996826171875 -0.41986083984375
0.0593109130859375 -0.22601318359375 0.141693115234375 -0.41070556640625
0.161300659179688 -0.163345336914063 0.220901489257813 -0.262405395507813
0.256149291992188 -0.0243988037109375 0.158126831054688 -0.083526611328125
0.2391357421875 0.187637329101562 0.0590591430664063 -0.128013610839844
-0.025390625 0.331939697265625 0.04705810546875 -0.2623291015625
-0.184951782226562 0.2547607421875 0.285369873046875 -0.46295166015625
-0.304229736328125 0.160614013671875 0.76470947265625 -0.33831787109375
-0.546600341796875 0.34161376953125 0.24249267578125 -0.299957275390625
-0.313018798828125 0.436981201171875 0.0382080078125 -0.210418701171875
0.0585021972656251 0.546905517578125 0.0477218627929688 0.0382766723632813
0.325347900390625 0.304718017578125 0.135940551757813 0.036224365234375
0.4151611328125 -0.0040283203125 0.220046997070313 0.00274658203125
0.254959106445313 -0.249465942382812 0.215652465820313 -0.17840576171875
0.127685546875 -0.358673095703125 0.10107421875 -0.31787109375
0.1903076171875 -0.37261962890625 0.081451416015625 -0.295135498046875
0.15032958984375 -0.38037109375 0.1123046875 -0.296295166015625
0.291107177734375 -0.252838134765625 0.144180297851563 -0.17364501953125
0.436431884765625 -0.028900146484375 0.0818710327148438 -0.0392684936523438
0.407745361328125 0.306427001953125 -0.00077819824218748 -0.14349365234375
-0.00756835937499998 0.59197998046875 0.02471923828125 -0.277664184570312
-0.3133544921875 0.48199462890625 0.2786865234375 -0.421051025390625
-0.557403564453125 0.350006103515625 0.658203125 -0.28253173828125
-0.6842041015625 0.4730224609375 0.0652923583984375 -0.20074462890625
-0.380859375 0.59832763671875 -0.0173416137695313 -0.105720520019531
0.10357666015625 0.71759033203125 0.06146240234375 0.0489158630371094
0.4375 0.386077880859375 0.1031494140625 0.0154495239257813
0.5419921875 0.00482177734375 0.142715454101563 0.0175323486328125
0.350341796875 -0.31024169921875 0.114189147949219 -0.0948944091796875
0.1861572265625 -0.443115234375 0.044464111328125 -0.163665771484375
0.258941650390625 -0.462158203125 0.0469512939453125 -0.1259765625
0.215118408203125 -0.474639892578125 0.0658340454101563 -0.133636474609375
0.37738037109375 -0.303466796875 0.0429306030273438 -0.0512771606445313
0.552825927734375 -0.0303955078125 -0.0185394287109375 0.0182819366455078
0.51910400390625 0.38311767578125 -0.0759124755859375 -0.140129089355469
0.01226806640625 0.77001953125 -0.00796508789062499 -0.268905639648437
-0.39276123046875 0.64031982421875 0.240570068359375 -0.32586669921875
-0.7257080078125 0.480712890625 0.472503662109375 -0.18017578125
-0.724365234375 0.5447998046875 -0.149505615234375 -0.0620880126953124
-0.38311767578125 0.6895751953125 -0.0868988037109375 0.0422821044921875
0.15264892578125 0.79034423828125 0.0673294067382813 0.0701713562011719
0.497894287109375 0.4063720703125 0.055267333984375 0.00282669067382815
0.597412109375 0.00213623046875 0.0427818298339844 0.0395927429199219
0.39141845703125 -0.330810546875 -0.00730991363525388 0.010232925415039
0.215789794921875 -0.460693359375 -0.019296646118164 0.0181961059570312
0.2872314453125 -0.480224609375 0.00590515136718752 0.0626602172851562
0.247802734375 -0.492584228515625 0.00999069213867189 0.0516166687011718
0.40374755859375 -0.29888916015625 -0.0669631958007812 0.0836257934570312
0.57525634765625 -0.0177001953125 -0.124870300292969 0.0781936645507813
0.532867431640625 0.399993896484375 -0.1488037109375 -0.117263793945312
0.0131835937499999 0.80902099609375 -0.0383148193359375 -0.2293701171875
-0.4168701171875 0.6761474609375 0.18133544921875 -0.185928344726562
-0.779296875 0.52239990234375 0.241897583007812 -0.0512847900390625
-0.65380859375 0.53399658203125 -0.36932373046875 0.09625244140625
-0.3238525390625 0.66424560546875 -0.159713745117188 0.208297729492188
0.16961669921875 0.7230224609375 0.0564804077148438 0.0994338989257813
0.468994140625 0.35430908203125 -0.00409603118896482 0.00525093078613284
0.548431396484375 -0.000244140625 -0.0641403198242187 0.0652580261230469
0.367431640625 -0.299407958984375 -0.124870300292969 0.120735168457031
0.211181640625 -0.40765380859375 -0.0794525146484375 0.200698852539062
0.27105712890625 -0.42376708984375 -0.037506103515625 0.241729736328125
0.243743896484375 -0.43328857421875 -0.048583984375 0.228057861328125
0.36480712890625 -0.2401123046875 -0.16741943359375 0.202850341796875
0.493133544921875 0.008148193359375 -0.21502685546875 0.1199951171875
0.434051513671875 0.360809326171875 -0.200698852539062 -0.086761474609375
-0.0150756835937501 0.6982421875 -0.0559234619140625 -0.173248291015625
-0.3795166015625 0.5765380859375 0.111167907714844 -0.0366592407226562
-0.711669921875 0.4693603515625 0.0034866333007812 0.08148193359375
-0.480010986328125 0.429901123046875 -0.561004638671875 0.247039794921875
-0.218048095703125 0.519927978515625 -0.22979736328125 0.35748291015625
0.1412353515625 0.527099609375 0.0327224731445313 0.132095336914063
0.34368896484375 0.24102783203125 -0.0547294616699218 0.0213890075683594
0.395751953125 3.0517578125E-05 -0.150924682617187 0.0825653076171875
0.2802734375 -0.213134765625 -0.218902587890625 0.209869384765625
0.17108154296875 -0.287994384765625 -0.12603759765625 0.35162353515625
0.213775634765625 -0.30157470703125 -0.075286865234375 0.384124755859375
0.203948974609375 -0.30462646484375 -0.103057861328125 0.36749267578125
0.272674560546875 -0.14208984375 -0.244476318359375 0.281768798828125
0.33465576171875 0.0391845703125 -0.274826049804688 0.128158569335937
0.26025390625 0.268234252929688 -0.221328735351563 -0.0615386962890625
-0.05230712890625 0.47125244140625 -0.057403564453125 -0.117973327636719
-0.2879638671875 0.379180908203125 0.0426559448242187 0.0851974487304688
-0.5316162109375 0.341094970703125 -0.201675415039063 0.18804931640625
-0.233963012695313 0.255020141601563 -0.6932373046875 0.3590087890625
-0.08074951171875 0.29205322265625 -0.287445068359375 0.46612548828125
0.0903472900390625 0.245956420898438 0.00477600097656249 0.166961669921875
0.163238525390625 0.0927734375 -0.0788803100585937 0.04541015625
0.179656982421875 0.0033111572265625 -0.197158813476563 0.084014892578125
0.147445678710938 -0.0921478271484375 -0.271835327148438 0.258285522460938
0.104393005371094 -0.121917724609375 -0.15496826171875 0.445404052734375
0.123519897460938 -0.133232116699219 -0.1041259765625 0.467041015625
0.133804321289063 -0.135597229003906 -0.142913818359375 0.448211669921875
0.147064208984375 -0.0321197509765625 -0.28936767578125 0.312225341796875
0.145156860351563 0.056671142578125 -0.298919677734375 0.108184814453125
0.0750732421875 0.14166259765625 -0.2159423828125 -0.046783447265625
-0.0637664794921875 0.201614379882813 -0.0491714477539063 -0.0759506225585937
-0.148529052734375 0.152603149414063 -0.0135498046875 0.160018920898438
-0.275985717773438 0.174911499023437 -0.344451904296875 0.25653076171875
-0.0632858276367188 -0.00560760498046874 0.374786376953125 -0.36383056640625
-0.0368156433105469 0.0473060607910156 0.0618438720703125 -0.264602661132813
0.0373268127441406 0.0682029724121094 0.0227394104003906 0.0490798950195313
0.0764007568359375 0.0267333984375 0.175796508789063 0.0655059814453125
0.0538673400878906 -0.0553054809570313 0.2921142578125 -0.043060302734375
-0.0209541320800781 -0.0639152526855469 0.301849365234375 -0.27923583984375
-0.0395088195800781 -0.05999755859375 0.130828857421875 -0.467376708984375
-0.0223655700683594 -0.0477333068847656 0.08306884765625 -0.473358154296875
-0.0391464233398437 -0.0325126647949219 0.126678466796875 -0.45611572265625
0.00484848022460937 -0.0475502014160156 0.241546630859375 -0.313018798828125
0.0434150695800781 -0.0181617736816406 0.193435668945313 -0.11956787109375
0.0481986999511719 0.0419540405273437 0.0866775512695313 -0.103202819824219
-0.0324440002441406 0.0378875732421875 0.043121337890625 -0.2259521484375
-0.0289402008056641 -0.00160789489746093 0.23773193359375 -0.4512939453125
-0.00959396362304687 -0.0493621826171875 0.7493896484375 -0.35321044921875
-0.312957763671875 0.182373046875 0.337738037109375 -0.35302734375
-0.17626953125 0.247299194335937 0.0574798583984375 -0.25836181640625
0.051025390625 0.31207275390625 0.0322284698486328 0.0347576141357422
0.204864501953125 0.16632080078125 0.15472412109375 0.0498199462890625
0.237350463867187 -0.0362548828125 0.265472412109375 -0.01995849609375
0.11480712890625 -0.16546630859375 0.27264404296875 -0.24285888671875
0.0389404296875 -0.2218017578125 0.11846923828125 -0.420562744140625
0.079864501953125 -0.228378295898437 0.07958984375 -0.414947509765625
0.0500640869140625 -0.221923828125 0.1199951171875 -0.4091796875
0.15057373046875 -0.1641845703125 0.205810546875 -0.266754150390625
0.249969482421875 -0.0334014892578125 0.154373168945313 -0.08746337890625
0.242019653320313 0.173141479492188 0.0503692626953125 -0.126686096191406
-0.011505126953125 0.3260498046875 0.035736083984375 -0.254653930664063
-0.170761108398438 0.253997802734375 0.26220703125 -0.4588623046875
-0.289520263671875 0.169158935546875 0.73516845703125 -0.34814453125
-0.518341064453125 0.35211181640625 0.22503662109375 -0.29925537109375
-0.288177490234375 0.437103271484375 0.0261993408203125 -0.206146240234375
0.077239990234375 0.529876708984375 0.0458946228027344 0.0309295654296875
0.32733154296875 0.2847900390625 0.131973266601563 0.0286865234375
0.402618408203125 -0.01995849609375 0.216476440429688 -0.005218505859375
0.238418579101563 -0.251388549804688 0.20587158203125 -0.183334350585938
0.111053466796875 -0.354736328125 0.08404541015625 -0.312896728515625
0.170562744140625 -0.37530517578125 0.064666748046875 -0.292877197265625
0.132110595703125 -0.377044677734375 0.094970703125 -0.297607421875
0.274734497070313 -0.255752563476563 0.135025024414063 -0.176040649414063
0.4261474609375 -0.044525146484375 0.0814895629882813 -0.0416946411132813
0.411773681640625 0.283935546875 -0.00885009765624998 -0.140716552734375
0.0157470703125 0.57958984375 0.014190673828125 -0.269317626953125
-0.29022216796875 0.4815673828125 0.258941650390625 -0.417449951171875
-0.52972412109375 0.361419677734375 0.63092041015625 -0.29150390625
-0.64923095703125 0.48541259765625 0.0556640625 -0.197296142578125
-0.34735107421875 0.59637451171875 -0.0243453979492188 -0.101325988769531
0.1297607421875 0.6954345703125 0.0609664916992188 0.0409393310546875
0.4400634765625 0.36224365234375 0.100517272949219 0.00799560546875002
0.52838134765625 -0.017333984375 0.14129638671875 0.010711669921875
0.32867431640625 -0.313751220703125 0.108200073242188 -0.0970535278320313
0.165435791015625 -0.43988037109375 0.0351409912109375 -0.15985107421875
0.233612060546875 -0.46453857421875 0.0394363403320313 -0.12701416015625
0.19012451171875 -0.47222900390625 0.0563278198242188 -0.137374877929688
0.35760498046875 -0.30810546875 0.0409278869628906 -0.0525360107421875
0.53997802734375 -0.049560546875 -0.0144252777099609 0.0178470611572266
0.52252197265625 0.35406494140625 -0.0830001831054687 -0.135330200195313
0.0449829101562501 0.7510986328125 -0.01531982421875 -0.260498046875
-0.36297607421875 0.638427734375 0.225860595703125 -0.324310302734375
-0.69073486328125 0.49359130859375 0.45562744140625 -0.19024658203125
-0.68756103515625 0.55670166015625 -0.147598266601563 -0.055755615234375
-0.34820556640625 0.68682861328125 -0.08563232421875 0.0462722778320313
0.18133544921875 0.7647705078125 0.0678062438964844 0.062103271484375
0.502532958984375 0.378448486328125 0.0537796020507813 -0.00274276733398435
0.5821533203125 -0.022216796875 0.0438499450683594 0.0351638793945312
0.36932373046875 -0.33428955078125 -0.00589656829833982 0.0112142562866211
0.192352294921875 -0.45697021484375 -0.0188350677490234 0.021280288696289
0.26055908203125 -0.483734130859375 0.00798797607421877 0.0592842102050781
0.220794677734375 -0.49114990234375 0.00976181030273439 0.0454025268554687
0.38134765625 -0.306396484375 -0.06060791015625 0.0837860107421875
0.560943603515625 -0.03857421875 -0.116409301757812 0.080078125
0.5367431640625 0.370819091796875 -0.153778076171875 -0.110641479492187
0.04754638671875 0.7906494140625 -0.0432586669921875 -0.221878051757812
-0.384521484375 0.67449951171875 0.17340087890625 -0.188690185546875
-0.74212646484375 0.537841796875 0.235275268554687 -0.057342529296875
-0.618408203125 0.54364013671875 -0.356414794921875 0.106231689453125
-0.29193115234375 0.6624755859375 -0.149093627929688 0.2108154296875
0.1971435546875 0.70172119140625 0.0591506958007813 0.0921859741210938
0.470855712890625 0.328887939453125 -0.00303697586059567 0.00119757652282717
0.536285400390625 -0.023773193359375 -0.0594825744628906 0.0637588500976562
0.347412109375 -0.304351806640625 -0.117813110351562 0.124160766601562
0.19171142578125 -0.405670166015625 -0.0685577392578125 0.202301025390625
0.247772216796875 -0.4285888671875 -0.0252838134765625 0.2357177734375
0.218780517578125 -0.432861328125 -0.038177490234375 0.22119140625
0.3466796875 -0.246612548828125 -0.154251098632813 0.205322265625
0.481292724609375 -0.008453369140625 -0.204071044921875 0.123794555664063
0.438262939453125 0.33563232421875 -0.20159912109375 -0.0786590576171875
0.0155029296875 0.68182373046875 -0.0576171875 -0.16656494140625
-0.352783203125 0.5755615234375 0.110809326171875 -0.0415420532226562
-0.677978515625 0.4830322265625 0.00698852539062497 0.07818603515625
-0.455108642578125 0.436767578125 -0.537506103515625 0.258819580078125
-0.194061279296875 0.51666259765625 -0.209808349609375 0.358001708984375
0.1619873046875 0.51043701171875 0.0368118286132813 0.127227783203125
0.34423828125 0.22332763671875 -0.0513877868652344 0.0187568664550781
0.387451171875 -0.015899658203125 -0.145172119140625 0.0839385986328125
0.26556396484375 -0.218231201171875 -0.207107543945312 0.21575927734375
0.15771484375 -0.28704833984375 -0.107574462890625 0.351837158203125
0.195892333984375 -0.305633544921875 -0.055511474609375 0.377227783203125
0.18487548828125 -0.30633544921875 -0.08404541015625 0.360076904296875
0.261337280273438 -0.1474609375 -0.2265625 0.28607177734375
0.327606201171875 0.026458740234375 -0.263092041015625 0.135025024414062
0.2645263671875 0.252212524414063 -0.218994140625 -0.0526275634765625
-0.03057861328125 0.461944580078125 -0.0573654174804688 -0.113304138183594
-0.268707275390625 0.3804931640625 0.04766845703125 0.07904052734375
-0.506744384765625 0.352508544921875 -0.190444946289063 0.1881103515625
-0.221893310546875 0.25799560546875 -0.662353515625 0.37164306640625
-0.068603515625 0.289154052734375 -0.2608642578125 0.465972900390625
0.099273681640625 0.238967895507813 0.01123046875 0.162857055664063
0.162521362304688 0.08477783203125 -0.0736770629882812 0.0443649291992188
0.17718505859375 -0.005279541015625 -0.191757202148438 0.0869598388671875
0.14117431640625 -0.095733642578125 -0.257492065429688 0.266143798828125
0.0985565185546875 -0.122650146484375 -0.13140869140625 0.44488525390625
0.114845275878906 -0.136016845703125 -0.078399658203125 0.4605712890625
0.12359619140625 -0.1383056640625 -0.11956787109375 0.44232177734375
0.142730712890625 -0.0366973876953125 -0.268646240234375 0.316741943359375
0.143325805664063 0.049530029296875 -0.288299560546875 0.115386962890625
0.0791091918945313 0.135154724121094 -0.211624145507813 -0.038055419921875
-0.052032470703125 0.198898315429688 -0.0485000610351563 -0.0738677978515625
-0.141098022460938 0.15447998046875 -0.00497436523437501 0.153411865234375
-0.263351440429688 0.18145751953125 -0.32757568359375 0.258544921875
-0.0596351623535156 -0.005035400390625 0.3642578125 -0.3612060546875
-0.0364761352539062 0.0448112487792969 0.05267333984375 -0.260330200195313
0.0357627868652344 0.0654792785644531 0.0211715698242188 0.0471153259277344
0.0756607055664063 0.0251083374023437 0.172531127929688 0.062164306640625
0.0508499145507813 -0.0543670654296875 0.2890625 -0.046295166015625
-0.0226554870605469 -0.0606346130371094 0.29364013671875 -0.28192138671875
-0.0398139953613281 -0.0579910278320313 0.118682861328125 -0.4635009765625
-0.0227317810058594 -0.0473251342773438 0.069183349609375 -0.467010498046875
-0.0374832153320313 -0.0307540893554688 0.114349365234375 -0.45166015625
0.003265380859375 -0.0469627380371094 0.231658935546875 -0.31402587890625
0.0426216125488281 -0.01910400390625 0.19091796875 -0.120315551757813
0.0489997863769531 0.0392417907714844 0.0829086303710938 -0.10211181640625
-0.031524658203125 0.0382003784179688 0.0369720458984375 -0.21966552734375
-0.0265388488769531 -0.00308799743652343 0.22705078125 -0.443145751953125
-0.00867843627929688 -0.0485610961914063 0.73443603515625 -0.35052490234375
-0.303009033203125 0.183685302734375 0.326416015625 -0.349853515625
-0.169631958007813 0.244308471679688 0.0489959716796875 -0.253738403320313
0.054901123046875 0.3048095703125 0.0303115844726563 0.0316028594970703
0.203262329101562 0.160629272460937 0.150680541992188 0.045867919921875
0.2314453125 -0.0386810302734375 0.263351440429688 -0.02423095703125
0.109542846679688 -0.161270141601562 0.265975952148438 -0.2451171875
0.034698486328125 -0.21875 0.106689453125 -0.415008544921875
0.074371337890625 -0.228530883789063 0.067108154296875 -0.410491943359375
0.04669189453125 -0.218673706054688 0.107574462890625 -0.40673828125
0.145370483398437 -0.163330078125 0.197799682617187 -0.268661499023437
0.2462158203125 -0.0378265380859375 0.15411376953125 -0.089263916015625
0.24188232421875 0.16595458984375 0.0454635620117188 -0.125106811523438
-0.004302978515625 0.32135009765625 0.03045654296875 -0.248489379882812
-0.16387939453125 0.25018310546875 0.25299072265625 -0.45111083984375
-0.281112670898438 0.170379638671875 0.72021484375 -0.34661865234375
-0.50286865234375 0.35186767578125 0.216949462890625 -0.29510498046875
-0.27557373046875 0.43280029296875 0.019073486328125 -0.201202392578125
0.086883544921875 0.518035888671875 0.044647216796875 0.0266799926757813
0.325439453125 0.275604248046875 0.128517150878906 0.024749755859375
0.393829345703125 -0.02703857421875 0.214797973632813 -0.0090179443359375
0.229095458984375 -0.24774169921875 0.200881958007813 -0.184585571289063
0.103302001953125 -0.349700927734375 0.075469970703125 -0.308685302734375
0.15924072265625 -0.375823974609375 0.055572509765625 -0.289886474609375
0.12347412109375 -0.37249755859375 0.084564208984375 -0.29681396484375
0.265914916992188 -0.254302978515625 0.130615234375 -0.177536010742188
0.419952392578125 -0.051361083984375 0.0828018188476563 -0.0431900024414063
0.41143798828125 0.272552490234375 -0.0145721435546875 -0.1378173828125
0.02716064453125 0.57086181640625 0.011138916015625 -0.263229370117187
-0.2801513671875 0.4769287109375 0.25091552734375 -0.413238525390625
-0.516265869140625 0.362396240234375 0.62005615234375 -0.29254150390625
-0.63226318359375 0.48699951171875 0.051605224609375 -0.194000244140625
-0.3319091796875 0.591552734375 -0.0281829833984375 -0.0967407226562499
0.1446533203125 0.68084716796875 0.059356689453125 0.035980224609375
0.437164306640625 0.348419189453125 0.0976028442382813 0.00379943847656252
0.5179443359375 -0.02764892578125 0.1416015625 0.0076141357421875
0.317138671875 -0.31072998046875 0.105987548828125 -0.0976104736328125
0.15478515625 -0.432281494140625 0.0317840576171875 -0.156387329101563
0.218658447265625 -0.464935302734375 0.034515380859375 -0.126518249511719
0.1798095703125 -0.46746826171875 0.0499267578125 -0.139617919921875
0.346710205078125 -0.30517578125 0.040069580078125 -0.0535850524902344
0.5323486328125 -0.0579833984375 -0.0107393264770508 0.0164651870727539
0.52032470703125 0.3399658203125 -0.088165283203125 -0.1314697265625
0.0581054687500001 0.739501953125 -0.0172576904296875 -0.253921508789063
-0.35009765625 0.6326904296875 0.220428466796875 -0.321685791015625
-0.67254638671875 0.49542236328125 0.447113037109375 -0.18939208984375
-0.66864013671875 0.55706787109375 -0.146102905273438 -0.0532684326171875
-0.33038330078125 0.68072509765625 -0.084320068359375 0.0491790771484375
0.19500732421875 0.7496337890625 0.0667648315429688 0.0572547912597657
0.497100830078125 0.36492919921875 0.0516204833984375 -0.00752258300781248
0.572021484375 -0.0335693359375 0.0451736450195313 0.0321273803710938
0.35821533203125 -0.33349609375 -0.00552272796630857 0.0117712020874023
0.185455322265625 -0.4527587890625 -0.0173969268798828 0.0232734680175781
0.2447509765625 -0.484771728515625 0.00842285156250001 0.0571098327636718
0.20745849609375 -0.486114501953125 0.00857162475585938 0.0409469604492187
0.3701171875 -0.304107666015625 -0.0567703247070312 0.0832290649414062
0.551361083984375 -0.04718017578125 -0.110702514648437 0.0794143676757813
0.534271240234375 0.355926513671875 -0.156539916992188 -0.106201171875
0.0625610351562501 0.77593994140625 -0.043914794921875 -0.216796875
-0.3695068359375 0.6680908203125 0.171463012695312 -0.188674926757812
-0.72174072265625 0.5399169921875 0.23175048828125 -0.0592803955078125
-0.601806640625 0.5438232421875 -0.34820556640625 0.1080322265625
-0.27691650390625 0.65582275390625 -0.143463134765625 0.211532592773438
0.2088623046875 0.687255859375 0.0593185424804688 0.0872955322265626
0.4669189453125 0.316314697265625 -0.00325608253479001 -0.0027792453765869
0.52557373046875 -0.035247802734375 -0.0580673217773437 0.0613937377929687
0.33709716796875 -0.30340576171875 -0.113861083984375 0.126144409179688
0.183319091796875 -0.401763916015625 -0.0620880126953125 0.202789306640625
0.23394775390625 -0.428802490234375 -0.019134521484375 0.231765747070312
0.20623779296875 -0.430145263671875 -0.0346832275390625 0.214813232421875
0.336761474609375 -0.245147705078125 -0.146087646484375 0.204788208007812
0.473602294921875 -0.016937255859375 -0.196990966796875 0.123672485351562
0.436981201171875 0.323486328125 -0.20361328125 -0.0740966796875
0.0286254882812499 0.67010498046875 -0.057037353515625 -0.163421630859375
-0.340576171875 0.571533203125 0.110946655273437 -0.0453643798828125
-0.6588134765625 0.48492431640625 0.00773620605468747 0.0750656127929688
-0.444091796875 0.438079833984375 -0.523284912109375 0.25836181640625
-0.18341064453125 0.512939453125 -0.199432373046875 0.35772705078125
0.17218017578125 0.501220703125 0.0393295288085938 0.123001098632813
0.3414306640625 0.21551513671875 -0.0501747131347656 0.0160102844238281
0.381256103515625 -0.025177001953125 -0.142547607421875 0.083282470703125
0.259201049804688 -0.218841552734375 -0.201553344726562 0.21893310546875
0.152374267578125 -0.2847900390625 -0.096588134765625 0.351318359375
0.186370849609375 -0.30657958984375 -0.044586181640625 0.37139892578125
0.174530029296875 -0.304534912109375 -0.075347900390625 0.352935791015625
0.253997802734375 -0.147598266601563 -0.215179443359375 0.28607177734375
0.32330322265625 0.02105712890625 -0.256790161132813 0.13616943359375
0.263961791992188 0.24468994140625 -0.218765258789062 -0.0485839843749999
-0.020355224609375 0.45440673828125 -0.0556564331054688 -0.111610412597656
-0.26055908203125 0.378692626953125 0.0509872436523437 0.0733413696289063
-0.4932861328125 0.35400390625 -0.184814453125 0.184524536132812
-0.217437744140625 0.257980346679687 -0.64556884765625 0.37066650390625
-0.0633544921875 0.287200927734375 -0.2469482421875 0.4637451171875
0.104782104492187 0.235397338867188 0.0151824951171875 0.159866333007813
0.161407470703125 0.08148193359375 -0.07147216796875 0.0423431396484375
0.174575805664063 -0.0093231201171875 -0.188995361328125 0.087371826171875
0.139015197753906 -0.0969390869140625 -0.250808715820313 0.269210815429688
0.0971221923828125 -0.121879577636719 -0.11712646484375 0.44281005859375
0.110115051269531 -0.137237548828125 -0.06671142578125 0.454803466796875
0.117652893066406 -0.138465881347656 -0.10748291015625 0.435821533203125
0.139732360839844 -0.0372390747070312 -0.25689697265625 0.31719970703125
0.141159057617188 0.047088623046875 -0.28289794921875 0.1182861328125
0.0795516967773438 0.132179260253906 -0.20843505859375 -0.0341186523437499
-0.045684814453125 0.195907592773437 -0.0463409423828125 -0.0727767944335937
-0.13726806640625 0.1549072265625 -0.000610351562499994 0.147201538085937
-0.257080078125 0.18267822265625 -0.31964111328125 0.2542724609375
-0.0572700500488281 -0.00579452514648438 0.363922119140625 -0.362945556640625
-0.0369796752929688 0.0437850952148438 0.048675537109375 -0.259490966796875
0.0340995788574219 0.0655746459960938 0.0199737548828125 0.0465965270996094
0.0761184692382813 0.0251617431640625 0.171585083007813 0.061981201171875
0.0494041442871094 -0.0536766052246094 0.291778564453125 -0.049285888671875
-0.0237197875976562 -0.0581932067871094 0.2945556640625 -0.287872314453125
-0.0409317016601563 -0.0567245483398437 0.11199951171875 -0.467254638671875
-0.0226860046386719 -0.0477409362792969 0.061065673828125 -0.46844482421875
-0.0364761352539063 -0.0303535461425781 0.10723876953125 -0.455291748046875
0.00228500366210938 -0.0464935302734375 0.229095458984375 -0.319366455078125
0.0425567626953125 -0.0204696655273438 0.192779541015625 -0.1221923828125
0.0497779846191406 0.0381507873535156 0.0818634033203125 -0.102684020996094
-0.0304336547851563 0.0386848449707031 0.034149169921875 -0.217178344726562
-0.0256786346435547 -0.00566482543945312 0.22503662109375 -0.441192626953125
-0.0074920654296875 -0.0482902526855469 0.73736572265625 -0.34765625
-0.29998779296875 0.18377685546875 0.32635498046875 -0.35064697265625
-0.16937255859375 0.244293212890625 0.043914794921875 -0.252548217773438
0.057830810546875 0.303955078125 0.0290164947509766 0.029531478881836
0.20440673828125 0.1602783203125 0.149734497070312 0.044677734375
0.230010986328125 -0.0399932861328125 0.266525268554688 -0.0272369384765625
0.10821533203125 -0.159896850585937 0.267257690429688 -0.251174926757813
0.0332183837890625 -0.218902587890625 0.1002197265625 -0.41815185546875
0.0718841552734375 -0.231842041015625 0.06005859375 -0.412353515625
0.0455474853515625 -0.220458984375 0.100921630859375 -0.411376953125
0.144058227539063 -0.163711547851563 0.1966552734375 -0.273818969726562
0.247314453125 -0.0408172607421875 0.157485961914063 -0.0919036865234375
0.245040893554688 0.163986206054688 0.0421066284179688 -0.12481689453125
-0.000946044921874972 0.323760986328125 0.028717041015625 -0.246292114257812
-0.163726806640625 0.249710083007813 0.251739501953125 -0.450164794921875
-0.280914306640625 0.173049926757813 0.72515869140625 -0.345947265625
-0.50164794921875 0.355712890625 0.2161865234375 -0.29473876953125
-0.273529052734375 0.43377685546875 0.0151824951171875 -0.198318481445312
0.0925598144531249 0.517852783203125 0.0435371398925781 0.0244941711425782
0.32769775390625 0.274139404296875 0.126914978027344 0.0224151611328125
0.39312744140625 -0.03125 0.21832275390625 -0.0115509033203125
0.227890014648438 -0.246566772460938 0.201461791992188 -0.188644409179688
0.101654052734375 -0.35052490234375 0.0721435546875 -0.30999755859375
0.15509033203125 -0.3814697265625 0.049407958984375 -0.29241943359375
0.121063232421875 -0.37530517578125 0.077606201171875 -0.3011474609375
0.264862060546875 -0.255950927734375 0.13018798828125 -0.181442260742188
0.422027587890625 -0.056243896484375 0.0872268676757813 -0.04534912109375
0.415283203125 0.26983642578125 -0.0187835693359375 -0.137100219726562
0.033935546875 0.572265625 0.0102996826171875 -0.261932373046875
-0.278717041015625 0.47918701171875 0.251373291015625 -0.413177490234375
-0.516937255859375 0.36669921875 0.62274169921875 -0.29248046875
-0.62994384765625 0.4915771484375 0.0510406494140625 -0.192520141601562
-0.32830810546875 0.5946044921875 -0.030303955078125 -0.093994140625
0.1527099609375 0.67974853515625 0.0583915710449219 0.0327568054199219
0.439056396484375 0.34844970703125 0.095977783203125 0.000602722167968771
0.517364501953125 -0.03253173828125 0.144607543945313 0.0048980712890625
0.3162841796875 -0.31060791015625 0.107223510742188 -0.0992584228515625
0.15301513671875 -0.4361572265625 0.0299530029296875 -0.155441284179688
0.2130126953125 -0.4737548828125 0.0310745239257813 -0.128082275390625
0.175048828125 -0.4710693359375 0.0446319580078125 -0.14324951171875
0.345703125 -0.306884765625 0.040863037109375 -0.0558319091796875
0.532806396484375 -0.063568115234375 -0.00714969635009763 0.0151042938232422
0.526458740234375 0.33770751953125 -0.0930252075195313 -0.1304931640625
0.06524658203125 0.7420654296875 -0.0169219970703125 -0.253463745117187
-0.34954833984375 0.63726806640625 0.221954345703125 -0.323760986328125
-0.6719970703125 0.4993896484375 0.450164794921875 -0.18939208984375
-0.667236328125 0.56298828125 -0.146148681640625 -0.0511016845703125
-0.3265380859375 0.6844482421875 -0.0848770141601563 0.0522537231445313
0.20782470703125 0.74896240234375 0.0668754577636719 0.0542259216308594
0.500457763671875 0.364166259765625 0.04986572265625 -0.0106430053710937
0.5726318359375 -0.03955078125 0.0470733642578125 0.0307693481445312
0.3564453125 -0.334716796875 -0.00442314147949217 0.0129480361938476
0.18218994140625 -0.454559326171875 -0.0157680511474609 0.026041030883789
0.238922119140625 -0.492523193359375 0.00832748413085939 0.0560150146484375
0.202301025390625 -0.491363525390625 0.00555419921875001 0.0387153625488281
0.369171142578125 -0.30584716796875 -0.0546493530273437 0.0834197998046875
0.55419921875 -0.050628662109375 -0.107696533203125 0.0788192749023437
0.54217529296875 0.354644775390625 -0.162567138671875 -0.1041259765625
0.0714111328125 0.7799072265625 -0.0425262451171875 -0.217300415039062
-0.37078857421875 0.67266845703125 0.17303466796875 -0.192184448242187
-0.7213134765625 0.5445556640625 0.23284912109375 -0.060272216796875
-0.60333251953125 0.55145263671875 -0.34783935546875 0.109832763671875
-0.27386474609375 0.66082763671875 -0.141998291015625 0.2152099609375
0.2205810546875 0.688720703125 0.06024169921875 0.08514404296875
0.471466064453125 0.31646728515625 -0.0040788650512695 -0.00573492050170897
0.52685546875 -0.041717529296875 -0.0572433471679687 0.0612106323242188
0.336578369140625 -0.305633544921875 -0.11334228515625 0.129776000976563
0.18218994140625 -0.403961181640625 -0.0576324462890625 0.206192016601562
0.228759765625 -0.435882568359375 -0.016265869140625 0.23175048828125
0.201416015625 -0.433349609375 -0.0341796875 0.213455200195312
0.336761474609375 -0.245819091796875 -0.14276123046875 0.206329345703125
0.475616455078125 -0.021331787109375 -0.195404052734375 0.125030517578125
0.44378662109375 0.322265625 -0.207839965820313 -0.0719146728515625
0.036376953125 0.67156982421875 -0.0557861328125 -0.164459228515625
-0.34014892578125 0.57452392578125 0.113792419433594 -0.0491485595703125
-0.65777587890625 0.49072265625 0.00849914550781245 0.0736770629882813
-0.4454345703125 0.4427490234375 -0.523468017578125 0.258087158203125
-0.1802978515625 0.51690673828125 -0.196807861328125 0.36126708984375
0.1810302734375 0.5003662109375 0.0402908325195313 0.121620178222656
0.344146728515625 0.215087890625 -0.0508651733398437 0.013397216796875
0.38262939453125 -0.0299072265625 -0.143218994140625 0.08331298828125
0.259552001953125 -0.220977783203125 -0.200424194335938 0.224624633789062
0.15203857421875 -0.287628173828125 -0.08935546875 0.3551025390625
0.182861328125 -0.311370849609375 -0.03887939453125 0.372222900390625
0.170928955078125 -0.3067626953125 -0.0718994140625 0.353851318359375
0.2547607421875 -0.147872924804688 -0.21142578125 0.288482666015625
0.32476806640625 0.0191650390625 -0.255538940429688 0.13824462890625
0.267486572265625 0.243759155273438 -0.221359252929687 -0.0461883544921875
-0.015350341796875 0.45513916015625 -0.0539779663085938 -0.112968444824219
-0.2607421875 0.381256103515625 0.0538558959960937 0.0698585510253907
-0.49432373046875 0.35772705078125 -0.185791015625 0.182327270507813
-0.219482421875 0.261520385742188 -0.644287109375 0.37103271484375
-0.062835693359375 0.288360595703125 -0.24383544921875 0.467041015625
0.108993530273438 0.2354736328125 0.016448974609375 0.16033935546875
0.161666870117188 0.0823211669921875 -0.0714187622070312 0.0400619506835938
0.1763916015625 -0.0119476318359375 -0.19171142578125 0.08856201171875
0.139549255371094 -0.0991134643554688 -0.250991821289063 0.276824951171875
0.0981292724609375 -0.123970031738281 -0.1103515625 0.44757080078125
0.108711242675781 -0.139358520507813 -0.056549072265625 0.456756591796875
0.115470886230469 -0.139701843261719 -0.101531982421875 0.437896728515625
0.140975952148438 -0.03778076171875 -0.2530517578125 0.3218994140625
0.14166259765625 0.04681396484375 -0.283172607421875 0.12158203125
0.0811614990234375 0.132537841796875 -0.209762573242188 -0.0317535400390625
-0.04248046875 0.196533203125 -0.0450363159179688 -0.0745697021484375
-0.137588500976563 0.15740966796875 0.00224304199218749 0.143569946289063
-0.258209228515625 0.185836791992188 -0.32147216796875 0.252593994140625
-0.0568161010742188 -0.00708389282226562 0.36846923828125 -0.37420654296875
-0.0382843017578125 0.0453910827636719 0.043304443359375 -0.263519287109375
0.0349502563476563 0.0667762756347656 0.0200462341308594 0.0467185974121094
0.07879638671875 0.0236663818359375 0.175521850585938 0.0605621337890625
0.0485572814941406 -0.0540695190429688 0.29840087890625 -0.057037353515625
-0.0254364013671875 -0.0566520690917969 0.296051025390625 -0.303558349609375
-0.0426254272460937 -0.0562934875488281 0.10150146484375 -0.478912353515625
-0.0244712829589844 -0.0487098693847656 0.048370361328125 -0.479400634765625
-0.036773681640625 -0.0305061340332031 0.099639892578125 -0.468963623046875
0.000793457031250005 -0.0476608276367188 0.22662353515625 -0.33331298828125
0.0426483154296875 -0.0226631164550781 0.197418212890625 -0.129501342773438
0.0522994995117188 0.0365943908691406 0.0800323486328125 -0.10565185546875
-0.0297126770019531 0.0400161743164063 0.0299072265625 -0.219512939453125
-0.0255947113037109 -0.00783348083496094 0.22216796875 -0.45025634765625
-0.00669479370117188 -0.0488128662109375 0.75079345703125 -0.3609619140625
-0.301788330078125 0.19146728515625 0.32928466796875 -0.361541748046875
-0.167938232421875 0.251571655273438 0.0380859375 -0.255218505859375
0.06475830078125 0.307861328125 0.0284309387207031 0.0284500122070313
0.211868286132813 0.159698486328125 0.152206420898438 0.0427093505859375
0.232666015625 -0.0442047119140625 0.27386474609375 -0.0339813232421875
0.107696533203125 -0.16217041015625 0.268585205078125 -0.264144897460938
0.02978515625 -0.223037719726563 0.09210205078125 -0.428436279296875
0.06793212890625 -0.240081787109375 0.048370361328125 -0.422698974609375
0.042633056640625 -0.226470947265625 0.090850830078125 -0.423583984375
0.143753051757813 -0.168426513671875 0.194488525390625 -0.286163330078125
0.25225830078125 -0.04779052734375 0.162338256835938 -0.0986328125
0.254379272460938 0.162155151367188 0.0383758544921875 -0.128067016601563
0.00598144531249997 0.33062744140625 0.0256500244140625 -0.249282836914062
-0.16375732421875 0.256179809570313 0.251068115234375 -0.46044921875
-0.284088134765625 0.18109130859375 0.73699951171875 -0.35931396484375
-0.50445556640625 0.369354248046875 0.2176513671875 -0.301605224609375
-0.269683837890625 0.44671630859375 0.0104827880859375 -0.199569702148437
0.107391357421875 0.523590087890625 0.0427589416503906 0.0218505859375
0.3385009765625 0.275604248046875 0.127738952636719 0.0190811157226563
0.3988037109375 -0.038116455078125 0.2254638671875 -0.0176849365234375
0.228363037109375 -0.252105712890625 0.20318603515625 -0.19805908203125
0.0975341796875 -0.359130859375 0.06561279296875 -0.317352294921875
0.14837646484375 -0.3970947265625 0.041412353515625 -0.29931640625
0.115692138671875 -0.386688232421875 0.069091796875 -0.310302734375
0.265960693359375 -0.2640380859375 0.129806518554688 -0.19012451171875
0.430938720703125 -0.066192626953125 0.0916671752929688 -0.0502548217773438
0.431304931640625 0.269256591796875 -0.025177001953125 -0.13824462890625
0.04638671875 0.5849609375 0.00746154785156248 -0.265579223632812
-0.278228759765625 0.492156982421875 0.252197265625 -0.423431396484375
-0.52105712890625 0.383270263671875 0.6348876953125 -0.304443359375
-0.63360595703125 0.51153564453125 0.050445556640625 -0.195083618164062
-0.3226318359375 0.61029052734375 -0.032806396484375 -0.0919265747070312
0.171875 0.6884765625 0.0591049194335938 0.0301132202148438
0.45361328125 0.3480224609375 0.0952835083007813 -0.00234222412109373
0.527099609375 -0.045013427734375 0.150253295898438 0.000930786132812497
0.3177490234375 -0.318878173828125 0.108787536621094 -0.104316711425781
0.14892578125 -0.447357177734375 0.028106689453125 -0.159332275390625
0.20672607421875 -0.490814208984375 0.0270004272460938 -0.131904602050781
0.1680908203125 -0.484771728515625 0.0381317138671875 -0.148590087890625
0.348297119140625 -0.3182373046875 0.0418930053710938 -0.0593528747558594
0.546630859375 -0.076171875 -0.0044307708740234 0.013493537902832
0.5469970703125 0.336395263671875 -0.101753234863281 -0.129142761230469
0.0820922851562499 0.75653076171875 -0.0194244384765625 -0.25732421875
-0.346923828125 0.65484619140625 0.22344970703125 -0.33343505859375
-0.6800537109375 0.5233154296875 0.45855712890625 -0.198486328125
-0.6710205078125 0.58782958984375 -0.148284912109375 -0.0492401123046875
-0.31915283203125 0.70428466796875 -0.0857162475585938 0.0580596923828125
0.22979736328125 0.75726318359375 0.0680160522460938 0.0521697998046876
0.518157958984375 0.36395263671875 0.0496482849121094 -0.0139389038085937
0.58343505859375 -0.05462646484375 0.0508460998535157 0.0285682678222656
0.35888671875 -0.34527587890625 -0.00371837615966795 0.014317512512207
0.17803955078125 -0.467620849609375 -0.0132217407226562 0.0276374816894531
0.232879638671875 -0.512176513671875 0.00941467285156252 0.0564651489257812
0.19573974609375 -0.50555419921875 0.00284957885742189 0.0379981994628906
0.3739013671875 -0.315032958984375 -0.0529327392578125 0.0855178833007812
0.56610107421875 -0.0640869140625 -0.10626220703125 0.080963134765625
0.5604248046875 0.353759765625 -0.171188354492188 -0.1014404296875
0.08831787109375 0.79290771484375 -0.0442962646484375 -0.220932006835937
-0.3685302734375 0.69390869140625 0.1763916015625 -0.201171875
-0.73016357421875 0.570068359375 0.237350463867187 -0.0651092529296875
-0.60809326171875 0.57373046875 -0.35272216796875 0.116912841796875
-0.26593017578125 0.67950439453125 -0.13946533203125 0.225341796875
0.24151611328125 0.69677734375 0.06231689453125 0.0843353271484375
0.485504150390625 0.316314697265625 -0.00585508346557614 -0.0078616142272949
0.5382080078125 -0.055419921875 -0.0557098388671875 0.0620880126953125
0.34033203125 -0.316619873046875 -0.112174987792969 0.136642456054688
0.17962646484375 -0.416748046875 -0.0507354736328125 0.2122802734375
0.22314453125 -0.453521728515625 -0.0100250244140625 0.235824584960938
0.195587158203125 -0.447296142578125 -0.0327911376953125 0.219467163085938
0.341033935546875 -0.254791259765625 -0.140045166015625 0.212631225585938
0.487091064453125 -0.0303955078125 -0.1956787109375 0.13031005859375
0.459625244140625 0.322052001953125 -0.21636962890625 -0.0674591064453125
0.05072021484375 0.6846923828125 -0.0568389892578125 -0.167556762695312
-0.33892822265625 0.59307861328125 0.118194580078125 -0.0557479858398437
-0.66693115234375 0.5118408203125 0.0082321166992187 0.0733489990234375
-0.449615478515625 0.462127685546875 -0.528533935546875 0.269989013671875
-0.1748046875 0.529266357421875 -0.1929931640625 0.37298583984375
0.19610595703125 0.507843017578125 0.04351806640625 0.122283935546875
0.354461669921875 0.21575927734375 -0.0522880554199218 0.0127220153808594
0.3914794921875 -0.03985595703125 -0.144668579101563 0.0882110595703125
0.263214111328125 -0.229766845703125 -0.200485229492188 0.237106323242187
0.152557373046875 -0.297637939453125 -0.079559326171875 0.366302490234375
0.1798095703125 -0.32427978515625 -0.029266357421875 0.380126953125
0.1668701171875 -0.31610107421875 -0.066864013671875 0.3623046875
0.2591552734375 -0.15380859375 -0.20843505859375 0.299163818359375
0.331756591796875 0.014068603515625 -0.258926391601563 0.146072387695313
0.278167724609375 0.2452392578125 -0.228240966796875 -0.04083251953125
-0.00448608398437503 0.4647216796875 -0.0551376342773438 -0.116500854492187
-0.2598876953125 0.394134521484375 0.0579566955566406 0.06549072265625
-0.499755859375 0.375152587890625 -0.19000244140625 0.186538696289063
-0.223037719726563 0.273483276367187 -0.65203857421875 0.3856201171875
-0.058837890625 0.29534912109375 -0.23797607421875 0.48175048828125
0.117355346679688 0.238037109375 0.01947021484375 0.163101196289063
0.165802001953125 0.0832061767578125 -0.0718612670898437 0.0403594970703125
0.180343627929688 -0.01690673828125 -0.195281982421875 0.0941314697265625
0.141952514648438 -0.104888916015625 -0.251861572265625 0.2913818359375
0.0999069213867188 -0.130126953125 -0.09930419921875 0.4605712890625
0.108612060546875 -0.145217895507812 -0.044403076171875 0.4666748046875
0.114013671875 -0.14410400390625 -0.092620849609375 0.448486328125
0.144485473632812 -0.0399932861328125 -0.250396728515625 0.3341064453125
0.145706176757812 0.0452728271484375 -0.2882080078125 0.1300048828125
0.0851669311523438 0.134597778320313 -0.2147216796875 -0.0267791748046875
-0.03814697265625 0.2005615234375 -0.0456695556640625 -0.0779800415039062
-0.13751220703125 0.164291381835937 0.0063629150390625 0.141799926757812
-0.261123657226563 0.195037841796875 -0.327728271484375 0.259429931640625
-0.0140664152724268 0.0989049131653304 0.540066559101367 0.102536094870136
0.0646669669036375 0.0293062342280947 0.266776540898542 -0.103403100384825
0.0326783637538956 -0.0727973573291389 -0.0537233049776833 0.0433689243295291
-0.0519822462241427 -0.0876052799382356 0.0168871696606946 0.208734693886029
-0.103431192045326 0.0140624831040372 0.231563131810499 0.25629072713827
-0.0610894160026649 0.0812867887351713 0.421564371145353 0.129973069706528
-0.0335007766841161 0.0970202028800065 0.504399447479349 -0.0734861450949738
-0.0188079567168602 0.0829133397847742 0.495058460156313 -0.188461378822518
-0.0220050754652411 0.0794522281960523 0.489221888630391 -0.108983808366073
-0.0442307994489629 0.0537110092803736 0.401744618561061 0.0391272431438657
-0.0570599228074757 -0.0101933234466913 0.218867111601253 0.129810718262847
-0.00757874062759721 -0.0616695387746373 0.12635740365774 0.0220963627248444
0.0421658658229332 0.00510466068795367 0.195436938932567 -0.101535950780334
-0.00570676308179997 0.048468506173288 0.505823959859757 -0.0279379093881074
-0.069258955876025 0.0510041493576311 0.727978702463899 0.376867796658147
0.282609775980067 0.19199177767701 0.501272052552853 0.0276550776726639
0.317360619116612 0.00229435108647794 0.240908356200117 -0.150683140738543
0.216929727047285 -0.239766867464821 -0.0900338803474469 0.0211601008222125
-0.0257816674328965 -0.299483600512426 -0.0307814892092615 0.195322693884738
-0.230819425514609 -0.130949867218068 0.189886971798496 0.274467233188053
-0.223633375255797 0.0405921883384361 0.379545717558055 0.149456662969727
-0.221721065285909 0.117534044862077 0.460662563020589 -0.0346063267613248
-0.219845506473909 0.137509132859088 0.452030310854338 -0.143074797169096
-0.237779389857768 0.122835454860974 0.452633989140648 -0.0730711532269625
-0.232827612050191 0.0147749667357937 0.34020824398923 0.061870169908256
-0.218006181278474 -0.151327354921791 0.153648077387997 0.135132539528352
-0.0223974418422999 -0.315982146057905 0.0859075784896886 -0.0234230995566418
0.211992682924301 -0.228535606993966 0.193015720128035 -0.137602801028266
0.276864346326674 -0.00366880983822383 0.532231782576147 -0.0423155284563117
0.249671803479596 0.153579565567149 0.74625434416291 0.342615225489531
0.548130049528761 0.252782190448767 0.381526980494876 -0.0767799957139787
0.544592921834669 -0.0452678340050088 0.156084732536177 -0.190261618829395
0.371921705945617 -0.403298191113997 -0.130161055591248 0.0161754825530863
-0.012932166376215 -0.491323633553144 -0.0684299182022954 0.179542046454937
-0.345585733755709 -0.259614730291419 0.140953001244796 0.263532308335192
-0.362857509425339 -0.00219510543157215 0.29443990566308 0.143613130520796
-0.378714287660159 0.121814601897988 0.34965272172868 0.00567098195363799
-0.38768951672555 0.171192614288577 0.340571581666723 -0.0767288501305582
-0.416248376583148 0.146205061721539 0.34338503158279 -0.0254198515848433
-0.386235140681054 -0.0284300350901263 0.22088914835897 0.0740024338521358
-0.350690097960842 -0.273602425450931 0.0565256349963016 0.111542783347315
-0.0355634564160784 -0.535811475718412 0.0289797936109475 -0.0827858110833174
0.356494844886281 -0.439581764750774 0.175432637680237 -0.176102359770786
0.525648223386893 -0.0593066128841834 0.50165901694302 -0.0516878052755225
0.530688945831519 0.23631754916949 0.667566479888705 0.273255723085623
0.749759526274901 0.269401829272544 0.188190942296786 -0.190493315669926
0.7164373189852 -0.120044875202196 0.0134427168889349 -0.207124079629149
0.468502440808381 -0.55692628790945 -0.174690890999417 0.0324617206074736
-0.0276962115299094 -0.643116041043854 -0.0981273028313915 0.159719860650225
-0.436806551183706 -0.351820800282004 0.0785993017014266 0.223535867359314
-0.460852524651596 -0.0363914125336113 0.169798930566868 0.118932074667496
-0.483332275001249 0.112819719680436 0.187456290872429 0.0443916050670014
-0.495211344470716 0.179450783332888 0.176272472532868 0.000909476214267114
-0.527672467424634 0.148206101964812 0.180214438665674 0.0275711674077779
-0.478358867412623 -0.0685428263728846 0.0609408195282104 0.0756081254843774
-0.430252911756815 -0.355431896630905 -0.0616928422466652 0.0644992755300042
-0.0436406037936733 -0.678088374763025 -0.039690392125292 -0.146400732217909
0.448016578434225 -0.587450811351099 0.140451138784309 -0.204354501274167
0.692337843482727 -0.106834355609328 0.411263611647191 -0.0535829399137108
0.726702566217289 0.283256956248755 0.497067526722791 0.181651590138155
0.854333160653919 0.239504059091171 -0.0571846372040114 -0.293271168352236
0.793116455785958 -0.199046877375435 -0.169351652384572 -0.193269803562085
0.492083600633535 -0.650516762555294 -0.21294842428292 0.0595223345409156
-0.0567005823187708 -0.70916610357439 -0.122737120146184 0.126951444183856
-0.477151694143457 -0.391573741899284 -0.00453836732192455 0.156660512016636
-0.494527616302877 -0.0618643867031111 0.0121662092261129 0.079345413620583
-0.517090922191734 0.0862550645152164 -0.007246286753693 0.0778424439923753
-0.527052240699823 0.160057747656221 -0.0138996516500307 0.0793910027533906
-0.554992844622501 0.123667632950943 -0.0114539335635767 0.0776387148888154
-0.492121707933092 -0.100596373496171 -0.112835242883156 0.0661216745637626
-0.431011244727276 -0.381645954976039 -0.17957784340528 0.00227815092120947
-0.031746223460439 -0.702717630401591 -0.104603553292911 -0.197247141629572
0.472064897173007 -0.620054976094793 0.0933798708568383 -0.207111726989563
0.735471628853074 -0.122376544438026 0.272029822439973 -0.0344401368216633
0.797778306725483 0.295288424010455 0.266215594677923 0.0839236755656749
0.831084980530876 0.172676965766938 -0.319713715728134 -0.36759648560627
0.739199382824144 -0.244300754355163 -0.35737243113462 -0.149780344900582
0.434043610816819 -0.626566973602331 -0.234057172083912 0.0821026627215996
-0.0693290458211889 -0.649911627468354 -0.139748218516578 0.0772994187770035
-0.435965413004271 -0.362191374828965 -0.09578651976325 0.0687187358841562
-0.448348513435622 -0.0767344859916985 -0.152642075221589 0.0310717284948565
-0.471069522902862 0.0472377980369551 -0.202792728634591 0.10277645604862
-0.479952134454105 0.115752445340118 -0.20273974231456 0.145746043502965
-0.496090708670916 0.0780592526233496 -0.200290246464516 0.115743530396119
-0.41988765161253 -0.122090790956699 -0.267325004330492 0.0426482709110249
-0.345010185607235 -0.34681976739349 -0.266112917192988 -0.0688743352383292
0.00631813317410962 -0.596958992319419 -0.141288290969218 -0.228563564503831
0.426244164343772 -0.519138888214802 0.054967065171037 -0.184142073377868
0.647254309132626 -0.0920067549739957 0.118710635320042 -0.00302970382950619
0.732523601707624 0.265491552387716 0.0160901972623812 -0.00698663023337898
0.675169341082486 0.0840411642307223 -0.552404657216006 -0.404813681660733
0.559224897482961 -0.238539190389279 -0.511827945840237 -0.0930954890926294
0.302234607154538 -0.480534683912624 -0.231871010242863 0.0966415018628927
-0.0586750174932928 -0.467305850790846 -0.138806825027696 0.0234540352766645
-0.307103221688913 -0.270030251208188 -0.169304567043773 -0.0232620535308995
-0.322288090161408 -0.0805329875661057 -0.291469586621099 -0.0200193975898094
-0.346871935357216 -0.00158123619248836 -0.369056206819204 0.111934660097848
-0.356042476337218 0.0538380719343922 -0.361634502467463 0.18840654822875
-0.361784684689363 0.0177386305306998 -0.358008722018664 0.132373343495282
-0.28423912227515 -0.128450980373602 -0.373043081028784 0.00677041548642167
-0.203475431135369 -0.262132520281268 -0.301596313366502 -0.14011837325355
0.054470577314786 -0.392773442465738 -0.139006000468609 -0.235268462682854
0.317702231510599 -0.32523920444907 0.0340341635298943 -0.143694580720739
0.452249076833201 -0.0410231616786075 -0.015484314702765 0.0287663298280151
0.551904218367206 0.196893578130689 -0.206430001922601 -0.0793292717550447
0.412924068329592 -0.0174898066199127 -0.715779758143687 -0.402127770516902
0.293112873898139 -0.192913136889976 -0.612716068927212 -0.033601439864703
0.125042015476937 -0.255369272548882 -0.21268593333641 0.108480709328391
-0.0394223578305348 -0.210184965241899 -0.115599031464095 -0.0126830833426239
-0.129321287204358 -0.133343151151027 -0.202122612262794 -0.100469176456807
-0.143491380946135 -0.0697053467826554 -0.375628418277396 -0.0672366214008894
-0.166243805141354 -0.0494040062068557 -0.47629934763533 0.100744966889512
-0.178658272471311 -0.0177184961316488 -0.467581012684988 0.201676322852137
-0.176502238178184 -0.0435698813843098 -0.46035396378386 0.125846117461159
-0.117646581008604 -0.114056438691054 -0.420529839461951 -0.036888548994856
-0.0505378790916706 -0.144419225648131 -0.285929201333123 -0.197605383511509
0.0771150549871485 -0.157132408488685 -0.107111388422647 -0.220314308915844
0.163586260257569 -0.114128574765189 0.0295613544351388 -0.0989093848969873
0.207455257763109 -0.00105161772913352 -0.109951926534429 0.0502273874846011
0.298165863317116 0.09393538716999 -0.36957153585482 -0.124582037899155
-0.0110922867261175 0.100955773109491 0.549889888711387 0.0781318318099436
0.0675161236781654 0.0259333458065975 0.261274315083244 -0.118016200859227
0.0296319813614537 -0.0742081341264645 -0.0522077559539858 0.0451949016228067
-0.0570137315775758 -0.0855557964408327 0.0262721239808639 0.209617743127986
-0.102127067418334 0.0194359595667498 0.249170821541058 0.245663806013775
-0.0564867621725787 0.0838654614238313 0.435231546890108 0.107669677117966
-0.0280649956276633 0.0993910055907215 0.503991100207001 -0.104343603041273
-0.0136637118092943 0.0850621564224554 0.485172744474094 -0.220183355238682
-0.0180972990435413 0.0819742848391198 0.488544747525503 -0.13904000651953
-0.0405755328853279 0.0574774639011847 0.409996827183209 0.0156354351781848
-0.0585165881517944 -0.00601661205601548 0.230633373436428 0.120290366295827
-0.012856636022777 -0.0607271987684834 0.127013503482184 0.0151299098093939
0.0423715467005479 0.00242873050175511 0.188301415426082 -0.110161547877528
-0.0040317100363836 0.0505657145897236 0.505702739720509 -0.0495156201039036
-0.0680214391734783 0.0532211876459528 0.754060486966003 0.349815951909204
0.293041551948205 0.179537057646763 0.50633905744025 0.00581939342919733
0.319588313254216 -0.0138208437413872 0.231494067376539 -0.162921696506752
0.205197660415842 -0.252403406515967 -0.089902036880399 0.0243852235334055
-0.0406214932910666 -0.300740374184413 -0.022132348944044 0.196912247412422
-0.238576195777612 -0.119530073967798 0.209192196819346 0.26704491855046
-0.22226170801718 0.0507392496843772 0.393393192503884 0.129643429034813
-0.217789278547631 0.129423388327806 0.461527505708083 -0.061818224573093
-0.213581636783588 0.152630331878629 0.445086494453562 -0.172623036288069
-0.233890768209012 0.138004340890324 0.451601466142338 -0.102788021132619
-0.233762890226604 0.0263991480368184 0.348559169440357 0.0420060013560673
-0.229297203582411 -0.139204023199352 0.16537607724547 0.129316544134168
-0.0406053919014799 -0.317993597508004 0.0819238768068517 -0.0277693871464895
0.202000408257939 -0.242999553025901 0.18578028545334 -0.146606263654445
0.279683378737895 -0.0158785419390893 0.532807269980458 -0.0644977681726601
0.260357269001547 0.141670744228767 0.77192697674093 0.311610993566463
0.565712524502985 0.229191615942003 0.380612815709081 -0.0929438626153907
0.545115522024756 -0.072416792074936 0.144801369858565 -0.196659799431713
0.351387352526424 -0.426150688597939 -0.13047831556828 0.0215837406973769
-0.0370954934171957 -0.495837972895307 -0.060582039016804 0.183141503014055
-0.361337566235087 -0.242760216948158 0.160181219471848 0.258744371862713
-0.365854045075729 0.0151753890884019 0.306887431415124 0.129280391662207
-0.376211931203251 0.142354411748119 0.352695870796891 -0.0152173910920032
-0.381839393405057 0.197209939278079 0.336242694647611 -0.0990872070302451
-0.412549753348273 0.172006695429228 0.344207167235976 -0.0491396108159785
-0.390977936248496 -0.0106025910674637 0.228056772166727 0.0614161598415518
-0.369993096747613 -0.256135417441241 0.0669667721066944 0.10962971216886
-0.0651634598534573 -0.541113231487567 0.0201719777366501 -0.0857092620452285
0.337409912064767 -0.463921268707698 0.168051756124221 -0.183782065694369
0.528673885011155 -0.0838254728273544 0.504276916257694 -0.0765793755458433
0.54893057348432 0.211461681225282 0.687920249687413 0.246492716994382
0.770668320878067 0.233559914947381 0.180587213688564 -0.198205899586535
0.712608298249465 -0.156790483523707 0.00152660353220937 -0.20565922296505
0.439001196380657 -0.585814194318751 -0.173284704330781 0.0414472035819453
-0.0592689343009117 -0.648759658891652 -0.0916261621191198 0.163859332622474
-0.461340193843475 -0.329399337106518 0.0960907359010536 0.221608576496143
-0.467959864663508 -0.0159832110450092 0.178831955579957 0.111481931153586
-0.482269079410664 0.138186360223372 0.191427135190822 0.0340827791832567
-0.491247740902947 0.212406948144186 0.176922308294157 -0.0104976063646794
-0.52487821852357 0.179866483618317 0.181631373642591 0.0137564758216849
-0.488474953541173 -0.0463444138281861 0.0664829495418947 0.0714515832514271
-0.455361296709703 -0.336949739186327 -0.0554878750663443 0.0684710056331591
-0.0815654169842649 -0.685399251094416 -0.0533045607225328 -0.144856100427178
0.422270806060335 -0.616737509559742 0.132412520632103 -0.210590501204473
0.696887134963035 -0.141695167693644 0.413718222918429 -0.0738463802760695
0.750724358177072 0.25149761200277 0.511468688151172 0.160889308948531
0.876091373423897 0.198379015864277 -0.071331897855655 -0.290800753101416
0.786979997730602 -0.239725160051339 -0.181437407513719 -0.181658942386655
0.458925596059271 -0.681060029947516 -0.210411669206981 0.0704265567848343
-0.0892043308504063 -0.715513765419038 -0.117839934655548 0.131113072996502
-0.502660390055629 -0.36766203387753 0.0086983746226701 0.157838854122306
-0.503212355852438 -0.040167434079257 0.0166698212748705 0.0806118982405887
-0.519247128378939 0.114297507584396 -0.00125141493951653 0.080217424914906
-0.524612235036246 0.195826837559893 -0.00945491383297282 0.0802628347869942
-0.552297073239718 0.157557684113002 -0.00871148923747363 0.0764977153891899
-0.501569243789626 -0.0795232818458501 -0.110048444897527 0.0716569684615719
-0.455221229105379 -0.361992767898602 -0.178696574673016 0.0109275777773043
-0.0708981011612157 -0.710930914942704 -0.120385732053274 -0.193288301093798
0.443219867445212 -0.65252762209544 0.0859238465635357 -0.212908384464938
0.737960951499266 -0.158567136669111 0.276351866263159 -0.049464611748417
0.823848325830129 0.256397516454784 0.272288285009983 0.070538823899081
0.849734303950399 0.132415427614928 -0.339389188553834 -0.354642646856084
0.731983707632081 -0.282077272145741 -0.367760064609248 -0.128957107230102
0.40127564320413 -0.655386062757993 -0.230315937238636 0.0956328190231198
-0.100601513258721 -0.655338786140376 -0.136651238455605 0.0821695186255142
-0.461407804674599 -0.34014048084507 -0.0888212439101795 0.0742714132766369
-0.45822022178275 -0.0561409987021474 -0.1532893651341 0.0419323220930617
-0.474923197858117 0.0716112621819504 -0.197451448394902 0.117329405701375
-0.479057440846655 0.147725584194976 -0.195296772642866 0.158887532763881
-0.496860190633853 0.107001815833249 -0.197527255600356 0.126524740277758
-0.431039062786806 -0.105483535819766 -0.266864446862143 0.0575016240188482
-0.367352555710106 -0.332054135675233 -0.271516160691682 -0.0570451274534064
-0.0248992117802445 -0.606110997793354 -0.158558770784114 -0.222135005283377
0.401511609679051 -0.546858477373976 0.0485174658956561 -0.188855117242804
0.649790541163215 -0.124847824869862 0.124089290850908 -0.0113650862696973
0.756396984386491 0.230694686721419 0.0142686379001617 -0.0105249273795303
0.688643232566547 0.0503822839335517 -0.575582525852119 -0.382214377078469
0.550775476865474 -0.267339115723926 -0.519703929186218 -0.063797213197497
0.27876399830275 -0.500741053924705 -0.22753083123843 0.109513473097425
-0.0815568243266494 -0.471052544068167 -0.138162030617493 0.0288825518423475
-0.325752340870904 -0.253945258697852 -0.169309386245019 -0.0153249066306469
-0.331823315361454 -0.0649169338625296 -0.297559879043005 -0.00186588467106861
-0.353246535319336 0.0172190538837992 -0.36378288124725 0.136310634650531
-0.358200324135366 0.0766054307542893 -0.352091967347279 0.212253996231778
-0.36408516575897 0.0372352550213246 -0.354411108282952 0.153364451304756
-0.29452769708229 -0.118064882576646 -0.377002471167019 0.0272314106843359
-0.218720274617483 -0.254307309919411 -0.311611941245494 -0.125782856534525
0.0347845879499116 -0.401257040597329 -0.154995220837601 -0.228689356229724
0.302345402844803 -0.345181893073902 0.0302091259537798 -0.147260039603256
0.454568197009207 -0.0636098351912452 -0.00873083451852493 0.0263346280114266
0.568506824514534 0.169136478063825 -0.214353656648637 -0.0745891664399869
0.417639863457916 -0.0380604602059212 -0.739275535178449 -0.372417707777985
0.285219645557373 -0.207015438746759 -0.618543030791745 -0.000182045860367677
0.11313965235515 -0.26492810932182 -0.20811112281471 0.120859688442363
-0.0485612217056299 -0.212068439930685 -0.116523108900725 -0.00875506919192318
-0.139028946243862 -0.126996469029873 -0.208775289342617 -0.091396121638777
-0.150363677480019 -0.063538112831811 -0.385866557886746 -0.0462811855450118
-0.17358110637108 -0.0407959019328761 -0.473644659477347 0.130878399914275
-0.182807069214815 -0.00703706628671299 -0.45707288018032 0.23216895873226
-0.181326014907903 -0.0339811878839327 -0.456734224403722 0.153712235203352
-0.126656825378868 -0.109990322271476 -0.426260951667225 -0.0130893428473276
-0.0575085932580483 -0.143589050975275 -0.300528301894675 -0.184867428767934
0.0704707915443211 -0.163658649757411 -0.119863821698501 -0.215086400356407
0.1587482546103 -0.123994023601193 0.0278493168713902 -0.103442539989617
0.209433016628885 -0.0124449757123275 -0.104657337338145 0.0525233710543568
0.307786452051059 0.0792209602608838 -0.382393596900535 -0.112249613278381
-0.00751700885178609 0.101255353885115 0.548766538253362 0.054926383706776
0.0675325268041104 0.0221699240861348 0.249254088797652 -0.127955805691813
0.0260414024346343 -0.0738529748966877 -0.0510100322712918 0.0465759373999514
-0.0596126951331057 -0.0813712937432691 0.0352922104675785 0.206590515641126
-0.0989838285935749 0.0229014924128709 0.259354519104803 0.231547144679236
-0.0502978538959009 0.0844910085591462 0.437425161942497 0.0842217357760548
-0.022155383021134 0.0991544035162051 0.49058566542339 -0.130215014263569
-0.00900346289871498 0.085181732852144 0.466335974333401 -0.24445188839307
-0.0131953326153836 0.0824990368623867 0.476400309263746 -0.166530273501814
-0.0357601968322904 0.0594337229858941 0.408422405362656 -0.00738683359895767
-0.0583306879746735 -0.00139702919050462 0.236562574244686 0.108898253294835
-0.0166164969453427 -0.0578750912057618 0.124368663881083 0.00841140924167525
0.0416554771450533 -0.000145897393291624 0.179090788246566 -0.115084225556144
-0.00233206315275477 0.0511975768649599 0.496165600861103 -0.0672877519527817
-0.0661146850324951 0.0542282576711027 0.765243024720432 0.316835576297188
0.297298600008571 0.164949736892008 0.50186796800266 -0.0121145163297918
0.314437464992822 -0.0279365893258161 0.218341968358269 -0.16947290381103
0.18970046095937 -0.257437192675006 -0.0879140687358217 0.027724611287649
-0.0530385915982288 -0.296424759697379 -0.0136917726754584 0.195894181481469
-0.239740675203753 -0.106914449290595 0.222031455764028 0.253093712268142
-0.216613055026137 0.0586397880143486 0.39743678393867 0.108341929152577
-0.208629306707255 0.138314952563796 0.452166409032677 -0.0871137563349712
-0.204254663314242 0.164012227308082 0.428379208744572 -0.195574958291836
-0.224118657200124 0.149907320463737 0.442190489855564 -0.127807818264429
-0.228867565835589 0.0359585686423106 0.348467117313248 0.0216132804542705
-0.233783300173712 -0.125225234860475 0.173854549901223 0.119670531691131
-0.0572350943801047 -0.313589236376067 0.0763083449002883 -0.0314533220098341
0.18887200066971 -0.2514132036041 0.176173735487764 -0.15015777839892
0.276822287437298 -0.0276120277989556 0.524166142013333 -0.084434734384394
0.26499518948095 0.126349237229173 0.779715153300414 0.280007561804087
0.568600797186415 0.199830524943688 0.372719669955557 -0.104962809875484
0.533937640664728 -0.0943851670348714 0.132873870784261 -0.198255101338885
0.324650233794353 -0.436174634933788 -0.127347020072088 0.0272102719616654
-0.0572091968549466 -0.489792313031212 -0.0526168830072328 0.181798477353528
-0.367981306719653 -0.22149790902007 0.174797924026504 0.247249872382663
-0.360323429316026 0.030163732166583 0.312352271602142 0.112450828377982
-0.365530594437075 0.158687600882808 0.347265305770082 -0.0346548060635747
-0.367962543852407 0.21827276151567 0.325834599753718 -0.117172612821522
-0.399652590608731 0.192747872392716 0.33615949398613 -0.0689802268615742
-0.388535293099113 0.00607081109593199 0.229689630954109 0.0474283441045646
-0.379170652311175 -0.234631899625766 0.0752378580155352 0.104688775525268
-0.0913614550081103 -0.533431749416843 0.0122158879282371 -0.0849042743759205
0.31151372779836 -0.475711420058912 0.157789896477588 -0.187199635759856
0.521042055448418 -0.105696005203718 0.496549641520977 -0.09481684968728
0.555533985378281 0.184589336298923 0.692352270275251 0.216102399119209
0.7729932364865 0.196824053546605 0.171274654921967 -0.201392532419517
0.696052268287818 -0.184421052816685 -0.00882904561529965 -0.199738685430323
0.405092431435002 -0.598520144005794 -0.168756213574922 0.0485602149110389
-0.086807809884359 -0.641982114268713 -0.0843575558375727 0.164012193734205
-0.470814045429254 -0.303679259649205 0.109960581985409 0.213418452123621
-0.464365391732494 0.00445566899037344 0.183905990787337 0.101676772806562
-0.47207174954665 0.158963367707009 0.191118510541127 0.0227170684951136
-0.476958389297629 0.238357573000816 0.172846332332539 -0.0210963760375281
-0.51085718404289 0.206195400794582 0.179045365558497 0.00186877501915534
-0.486589293892615 -0.0255025399816533 0.0696181476385998 0.0660742673329724
-0.46613275581726 -0.310213101613153 -0.0487189806124967 0.0693970868882321
-0.112666038341351 -0.679004142103486 -0.0636036636938288 -0.139889733370885
0.387888351305742 -0.632523099786931 0.121765248272128 -0.212885214715817
0.684687063533288 -0.169013467563948 0.40977593824595 -0.0916549812469845
0.75526791152755 0.213626734720954 0.513131907808479 0.13802464827991
0.875204337988226 0.155507926969956 -0.0815255052883043 -0.282768180471881
0.765559637650349 -0.268211873790852 -0.18685385774475 -0.167374698072266
0.41973147809273 -0.694905510535536 -0.203337996478063 0.0793230777440521
-0.120900172175436 -0.708914121315579 -0.112322891678805 0.132931291373675
-0.515633414579536 -0.335847559430752 0.0211975208377833 0.153640809113997
-0.502078644820356 -0.017821631126127 0.0215163793793674 0.0798924203051634
-0.510411006446378 0.138183099759569 0.00397509898270594 0.0790131079889295
-0.508262989289609 0.224068146424891 -0.00539420469092734 0.0786836079648438
-0.53929498696831 0.18603302593311 -0.00573287789492485 0.0737411522289924
-0.502081575503164 -0.0574407602460434 -0.105675837009496 0.075640211729168
-0.468959702411081 -0.334420137463992 -0.174023480553743 0.0182053033273928
-0.103898822276233 -0.704877408205842 -0.132786324019334 -0.183895737668327
0.407349146765451 -0.666811203289384 0.0770139056857161 -0.213707103422402
0.724717507559127 -0.187143019745505 0.274273085930166 -0.0637896574987551
0.829220550430005 0.217603671983684 0.271447472670147 0.057398098613717
0.84869149187479 0.0914277477071704 -0.348535309071658 -0.335990783567532
0.710450533476113 -0.30890188573117 -0.366783515613689 -0.106567840224113
0.364636196585913 -0.667166919326003 -0.222039586998814 0.105109947824686
-0.127771059968908 -0.649497494792089 -0.132878427427392 0.0847130722563876
-0.473181515698899 -0.312886695266482 -0.0807580833698548 0.0761899628049397
-0.458979772895661 -0.0353037660166307 -0.149928494586143 0.0503662081696318
-0.469987779930348 0.0937089927131902 -0.187459900272848 0.126596234156644
-0.46714201147341 0.174465331839268 -0.182938325452198 0.166632361098108
-0.486988123764688 0.131661931797711 -0.189940603245182 0.134844510874403
-0.433941903189255 -0.0873157945201155 -0.262118303145136 0.0699473359482478
-0.378502881189353 -0.310561303183655 -0.269766246232345 -0.0441151660154016
-0.052754917350447 -0.602587953829418 -0.170174887487738 -0.210436643640934
0.371832734450833 -0.56192289434932 0.0416103060064377 -0.189314614767178
0.638484844808453 -0.152134422566103 0.126223065370949 -0.0208898890103209
0.762049235179636 0.194455338366696 0.0113239157540278 -0.0128346453211843
0.685957087963752 0.016600643881149 -0.583978904343565 -0.354406815581438
0.533716759996413 -0.285971357004525 -0.513944709340554 -0.0364507218189105
0.252173227122134 -0.509069909162268 -0.219813103701218 0.119325870394662
-0.100168087272545 -0.466982014371121 -0.136324361732812 0.0321279143937264
-0.336456505464668 -0.235461357733719 -0.166665668137819 -0.00903857788070827
-0.334583767393456 -0.049936721930433 -0.295594868128607 0.0138817525257203
-0.352385545955597 0.0342797211352849 -0.350358477264924 0.154880544123455
-0.351583234012836 0.095061106696458 -0.335101913550569 0.228643050549016
-0.359163544599412 0.0560045990970904 -0.343367156778046 0.17082178417748
-0.298932142362788 -0.105043222717764 -0.372901629973535 0.0462415313366836
-0.227750114262617 -0.241607016088887 -0.31406463650146 -0.110369359796462
0.0148417358812086 -0.402104859950914 -0.165165691016204 -0.216479244687348
0.282126154961062 -0.357126137234391 0.0255352934804402 -0.149204699187677
0.447039657930091 -0.083668876181507 -0.00413614480488173 0.0216612575950613
0.573395222040926 0.141989655004411 -0.218847554775021 -0.0671555266161002
0.41349800964448 -0.0566906546793673 -0.7454246085496 -0.33911458113321
0.274002172447813 -0.215062142428589 -0.608088862011754 0.0280441961539958
0.099735140674138 -0.268080845474422 -0.199482440100097 0.129718096860342
-0.0564309605348274 -0.209964265545575 -0.115773237440696 -0.00543983875472191
-0.145534069046899 -0.117817518301948 -0.210479447397286 -0.0827479482172698
-0.154289193929992 -0.0557613258900472 -0.38620247957768 -0.0252944733643707
-0.176486441018463 -0.0315800888808964 -0.459999094981687 0.156297922420936
-0.182113323260065 0.00298397891603708 -0.437181732779699 0.254369944913056
-0.181737335525739 -0.0253163741783334 -0.443870769031373 0.178181061384596
-0.132507667511943 -0.104475253572992 -0.424281855073057 0.00970029260977377
-0.0633376316792879 -0.140153791066054 -0.307866807348114 -0.168470638897667
0.0621170450854324 -0.167668571211113 -0.128305602029172 -0.205331618543948
0.149747773046295 -0.129911944526099 0.0248473178954089 -0.106254888539265
0.206798950373224 -0.021091609831071 -0.0982200405902178 0.0520997064719682
0.31054731798783 0.0641688480378869 -0.387603716490304 -0.0972372970351509
0.0311088368476262 0.0952774519978373 0.528118144691962 -0.126980061634536
0.0709029626477516 -0.00607062311420149 0.186163598817738 -0.194894253052777
0.00021770496819451 -0.0763017654698616 -0.029511909300206 0.0632826575752908
-0.0830918215577746 -0.0517114004210876 0.107385092426127 0.180848724611193
-0.0796588565038957 0.0543902756747819 0.319071017357693 0.125997568485279
-0.011959757054167 0.093633062027058 0.433358382352112 -0.0746169623365266
0.0167221748013619 0.0992230020474918 0.408095296483229 -0.292603697943429
0.0218009306964748 0.0792872779270983 0.339499114773172 -0.383671272272621
0.0169687658989043 0.0803925322444215 0.382940829237887 -0.313430833195116
-0.0129008786440441 0.0646792291337414 0.376150299426789 -0.142301873719611
-0.0532619592487472 0.0198748877346627 0.256297316150701 0.0217943123229428
-0.0353203992032662 -0.0458300508472886 0.116643986763929 -0.0294774447096313
0.0375801024226368 -0.013869919826632 0.127425558781855 -0.160262662728616
0.00996221641999281 0.0488705879863652 0.442203669927187 -0.214574854289094
-0.0516745450823895 0.0708341486421651 0.804736401728743 0.0659428435685467
0.341310911472047 0.0484035333557439 0.454250399149564 -0.165530887308127
0.284017659550411 -0.138690008305249 0.139969777317225 -0.211744846458117
0.0868668644861155 -0.304224871272692 -0.0623086467929603 0.0708465828595405
-0.15415396243486 -0.253155132479494 0.0685895697325502 0.190346809843166
-0.253101703703313 -0.0169823988310442 0.299198021212611 0.153926239526175
-0.174567559822726 0.124598289418851 0.407113880999487 -0.043686926213689
-0.146408953086175 0.198776252725359 0.391655416462607 -0.244155539974577
-0.130994165698803 0.215901190047159 0.321349018010756 -0.332185430993476
-0.156417032594835 0.212493544200272 0.362508910527868 -0.268944463993454
-0.200335120688404 0.106087169923274 0.334578144487654 -0.0980929232380637
-0.256022796849774 -0.0370327555023516 0.207978735768143 0.0503271849022563
-0.156099066764998 -0.271555655704851 0.0610653014491356 -0.0459093693852038
0.0924314634245673 -0.294077602052711 0.109900671602293 -0.189253096519602
0.244866830924267 -0.115384600199746 0.459428903211262 -0.244444362058765
0.283647944203982 0.0357376068613517 0.802634555155598 0.0172890834183931
0.610267330977736 -0.0127570002396087 0.296049958355338 -0.203386287308874
0.464642184472485 -0.278801565280028 0.048738113082323 -0.198593604877469
0.149545857007745 -0.516385371407649 -0.0905278944518717 0.0942532823257493
-0.228156706078977 -0.431551030958515 0.0380915257493746 0.192728773187729
-0.409466679265919 -0.0809657791605246 0.260055217727457 0.159425955833486
-0.318427659064992 0.145959207152504 0.331866584017298 -0.0151933255242099
-0.2893193257135 0.27243369383053 0.319001574194247 -0.161459960317508
-0.264202356960242 0.319847460146224 0.254402301789673 -0.228636900109482
-0.303509061821207 0.310507102678117 0.284377899288863 -0.182615445805398
-0.358832814194216 0.129454824018876 0.235353635701987 -0.0374988378023772
-0.426018509828848 -0.0912286380281412 0.11640428830178 0.0677716351381522
-0.261340291205413 -0.466124784956619 -0.013405399470365 -0.0695169477109147
0.134174497644063 -0.542408565078885 0.0777866427743198 -0.215378281479403
0.447608075060908 -0.268191259059978 0.426527088453895 -0.249637463012576
0.5782432302955 -0.00170131983178129 0.698701227781707 -0.0257267735347215
0.798937947741155 -0.0861857685698512 0.0719400097632945 -0.221713615445957
0.586917530755836 -0.419071246437498 -0.0836012628670516 -0.145019605871947
0.165720948968166 -0.694096792114664 -0.113026114792601 0.135462193873782
-0.310460787314156 -0.561227413776968 0.0110999958176713 0.186604616199664
-0.531949101551134 -0.120251354143482 0.193637602197243 0.144620548385352
-0.424300686357183 0.156964054995951 0.211237666151887 0.0146796213727789
-0.392193781558632 0.309910634965981 0.197771400956606 -0.0560983924922739
-0.356648041155088 0.375773139015106 0.148804968939237 -0.0910329404115864
-0.400358859509065 0.358367024298429 0.162810055414075 -0.0659189252157353
-0.461194676329841 0.131538444341098 0.0940170591431574 0.0319294296074318
-0.532634207035885 -0.132054141300474 -0.00672295491865353 0.0750153971043654
-0.329619982512114 -0.594431192031499 -0.0991856843543453 -0.0932278410862149
0.156158838673148 -0.712388841266336 0.0335020804604057 -0.225581199496879
0.579238760946304 -0.379945111075979 0.343661771983407 -0.222143272714193
0.777651572956647 -0.0357470440359954 0.505284685174253 -0.0491962277780151
0.881594662737831 -0.15771044515276 -0.191487281444927 -0.213282221465646
0.624733206405775 -0.519978492356785 -0.236900248565154 -0.0533700156368932
0.146365188813666 -0.791250229803526 -0.130731695830632 0.177908152348209
-0.366793461776385 -0.61249391844543 -0.0211282701345008 0.166270859661514
-0.587379502032469 -0.136121234999552 0.0939522497620593 0.116171496567414
-0.469920133832166 0.149381395121768 0.054305121120394 0.0486888401394537
-0.436788052602061 0.301983447417211 0.0455435699396283 0.0608859911154464
-0.393403731805321 0.373172529429605 0.0210425162870237 0.0606582431379651
-0.434795755447498 0.349906429454667 0.016403875154697 0.0617088248684298
-0.486224067432973 0.107632563387666 -0.0645324951740984 0.0983207166105985
-0.541837299653585 -0.156191590711381 -0.138658959570892 0.0699638151594459
-0.327381709729644 -0.623591075366452 -0.17669359564041 -0.111763624356054
0.16195657326921 -0.752023052476506 -0.00920956525094029 -0.213424380708815
0.612019311201277 -0.410202762632901 0.225901012406964 -0.157519034472958
0.84906776889035 -0.0565013995457378 0.25540401663858 -0.052923869608943
0.833491533044248 -0.208519523889589 -0.456458573368331 -0.176853583889235
0.556179276051585 -0.536638176447688 -0.381806721358765 0.059242773715908
0.104921535517783 -0.747209502786084 -0.139931381714386 0.204948678645548
-0.351534390616843 -0.554683459226931 -0.0597436275309611 0.125873208179628
-0.541119047346072 -0.12774116993436 -0.028877199270739 0.0780659999515432
-0.438781172991579 0.119258995223224 -0.115125308426546 0.0821348644679694
-0.415570210701228 0.248458274305202 -0.11447194841029 0.172936731080077
-0.372037461182921 0.31469271418275 -0.110135729346827 0.203079306204223
-0.404075521505773 0.282537699437292 -0.130935671634901 0.179472225486447
-0.431393886414425 0.059271633363948 -0.211775313360066 0.146095671679035
-0.450189682289509 -0.163462443624853 -0.250485985009422 0.0460086161008438
-0.246556292136659 -0.543934815460405 -0.220171432816402 -0.126540016444602
0.162024730682017 -0.639294366110301 -0.0332366414463288 -0.183369746856473
0.54362694112423 -0.348058775619391 0.102483566341326 -0.0715616064368066
0.782346283154448 -0.057569027904128 -0.00566527870800604 -0.0381907585668331
0.652305722309398 -0.219813684322165 -0.676345719361175 -0.123319130001227
0.400233346076095 -0.450729262802567 -0.492725715208623 0.163389659060049
0.0554339399601884 -0.560828986343585 -0.140237992391428 0.207630297239626
-0.262718280853343 -0.397371802754403 -0.0907737028696047 0.0762311690039962
-0.391648107502526 -0.101600047828898 -0.141890184347484 0.032296945263023
-0.329737641363493 0.0653705332568569 -0.264710287038393 0.10228016027001
-0.326695629611235 0.153756939546901 -0.258419218519629 0.259897073340432
-0.293577868104725 0.205578710312979 -0.226491416670736 0.314584266926977
-0.313321110631248 0.170444624102479 -0.259581334650603 0.265967020510193
-0.312912424719593 -0.000301307234623689 -0.324647722034387 0.161684052070902
-0.288633090830633 -0.149844079303608 -0.31796497215403 0.00221518193514887
-0.117364829081468 -0.381158655632693 -0.219308953107014 -0.138299401271618
0.145815670043815 -0.420426655178813 -0.0318817329222081 -0.145358013881041
0.389210936739138 -0.224112935496194 -0.00301868059488244 0.0105910113348331
0.587400436763624 -0.047713701623941 -0.23308290951583 -0.0129940805446283
0.368282224469826 -0.194094346448102 -0.814092360433083 -0.0651571277881024
0.180089588960644 -0.291178724289863 -0.555246498141104 0.239304003426356
0.000189120800077358 -0.283844390968728 -0.130023295314402 0.197273346175221
-0.128515934380131 -0.17600965548729 -0.0991792165313523 0.0324498754003598
-0.176454955482824 -0.0588549392592089 -0.216608741271104 -0.0150437494060665
-0.166658125617406 0.000695554656205452 -0.364515812477543 0.103402233428017
-0.182540842743925 0.0325686925393603 -0.363489793381185 0.303841417763465
-0.169199886040683 0.0648279210430582 -0.309183692809744 0.37915095780953
-0.176930555915062 0.0371753470396027 -0.348371871296679 0.308778758749279
-0.157664200332657 -0.0527446934551848 -0.386738817282544 0.147896499320822
-0.104506531870184 -0.110074385802152 -0.33533954463728 -0.0513634847730165
0.00264547145089002 -0.177948602680753 -0.18278577756465 -0.144359272493504
0.0962298678996118 -0.168885369521726 -0.0146350804646607 -0.108921174403469
0.185986430537384 -0.0876656402997852 -0.0768819331854516 0.0716084932625212
0.316900542045919 -0.0379852237385928 -0.395344058841295 0.0173365304813647
0.0318545482383777 0.0946297533804226 0.525018181123937 -0.131706915046335
0.0697616097920973 -0.00755778367919488 0.180920483491459 -0.193491881828141
0.000352321338048561 -0.0756500181341963 -0.0287576670040402 0.064513992760722
-0.082799129690487 -0.0502198763241882 0.111295617081355 0.177376899440077
-0.0777314189726169 0.054084296443393 0.320875288234781 0.118400772543635
-0.00954980803341115 0.0913540368232229 0.431277001185502 -0.0846184997748457
0.0192905906332545 0.0971420115872237 0.396556115436436 -0.300358393145589
0.0243921366096129 0.0780907259668674 0.325713631976166 -0.388539673253784
0.0196863533959544 0.0794931751851782 0.371270700606936 -0.322415290976051
-0.0100748104320193 0.0640225991262315 0.371380638861799 -0.152241432964631
-0.0514228154099714 0.021417693535321 0.257411546538456 0.0153325701591633
-0.0359068018445651 -0.043112280032538 0.113332281730942 -0.0302331228710712
0.0364938318794848 -0.014449707702827 0.124135763691865 -0.158412778709862
0.00953405298014502 0.048572587828737 0.436688687533821 -0.21527068051968
-0.0523382159915772 0.070273129823131 0.804309578926946 0.055823170110573
0.340079368362292 0.0428806918501934 0.450845055555584 -0.169664375493306
0.279174947427213 -0.141769403800207 0.13566545128818 -0.208479758240115
0.0805829098380993 -0.302721846564624 -0.0602824568715902 0.0718016378346535
-0.156543576068202 -0.25017314054206 0.0718801865673293 0.186631426779513
-0.251204315099428 -0.01323202709348 0.30267732789001 0.145070180041555
-0.17155401134724 0.125495176467841 0.405278839959809 -0.0538090086192219
-0.14244794991332 0.200335381286406 0.382157122360076 -0.25060076934634
-0.125138139474659 0.218808416149273 0.308602179854359 -0.336320087713814
-0.148791502917939 0.215530459008023 0.351816963824407 -0.278610395267749
-0.197643928057876 0.107752607689946 0.329957960258135 -0.107319414102424
-0.254420658793959 -0.0314481761318229 0.2087510104992 0.0447264871553121
-0.160974265734014 -0.266916327219789 0.0585658128277178 -0.0447607996035785
0.0860211538875974 -0.296247353436686 0.107392904565632 -0.186606422503423
0.242171891950412 -0.11877158097753 0.454348450713736 -0.24701819833663
0.28300725066564 0.0301298702408018 0.800849423965193 0.00657492202886491
0.606414955107051 -0.0228853647809518 0.293036898289867 -0.204920673160137
0.45906614591694 -0.283001386957581 0.0454362336004443 -0.195095499853245
0.137888021292526 -0.513375090403396 -0.0872219258586246 0.0955966658936027
-0.234603604325237 -0.42714197334619 0.0399355657227206 0.189683406710602
-0.40720716410231 -0.072970128723881 0.263702059673531 0.150242779980912
-0.314373171251579 0.148845179748984 0.331258049107401 -0.0232036800016928
-0.282951477991099 0.276077955281105 0.311295136566293 -0.168332069842457
-0.255153027037209 0.325804110634591 0.244791025810599 -0.232264437211942
-0.293279540914017 0.316735209907193 0.276464074375264 -0.189277189620436
-0.355945315044193 0.133255449655875 0.231628067024817 -0.0443245447042567
-0.424569620253393 -0.0826347641133691 0.117933276085544 0.0636100917488602
-0.269303561681971 -0.460025503505851 -0.01583923650817 -0.0663849864072351
0.123788437355602 -0.5433021594344 0.0756634772192359 -0.212467963797902
0.443740953007946 -0.27335728550498 0.420768035449706 -0.254206830256728
0.577148639934425 -0.0133718185682371 0.695728470806066 -0.0336886760224821
0.795205177643472 -0.0987223786980597 0.0695876590413139 -0.220794780959505
0.577846133565094 -0.422165041141162 -0.0831004060475266 -0.140852149715904
0.151184846250467 -0.69172273057455 -0.108368834651019 0.136508336772509
-0.317664758811196 -0.557398228585024 0.0120440296107933 0.184874232188195
-0.53030979042198 -0.110843288053945 0.197695397614548 0.136610895790212
-0.419518219324941 0.161028499100065 0.210797457534033 0.00975416261340821
-0.385326732249481 0.315687472558825 0.193907026630268 -0.061053730021297
-0.345939344477978 0.384029761327102 0.143803654873565 -0.0937339983697948
-0.389355368794253 0.367345562481939 0.157942462179178 -0.0711928395876406
-0.458134570097483 0.137137804681543 0.0932716346967886 0.0285903078565752
-0.530167796072808 -0.122752023152623 -0.00489344819251866 0.0729812271643248
-0.339984224295902 -0.589006780602771 -0.101817835709491 -0.0884800545680565
0.139836907933982 -0.711331891590772 0.0319011472924998 -0.224737361104938
0.572682628140502 -0.38726186556381 0.338407818768004 -0.227290684522045
0.776067278746516 -0.0506285541967195 0.502066915981117 -0.0542416603917569
0.874921819473512 -0.171747755906187 -0.1929048102599 -0.211030848341551
0.614154049666283 -0.524776482002081 -0.233864160074319 -0.048393175545452
0.130999744338847 -0.786176543625506 -0.124836927563282 0.179615697773888
-0.37556292644126 -0.606866069214714 -0.0212058114493992 0.164434984712089
-0.585122218355161 -0.123439383145038 0.0969533167069997 0.109719562239785
-0.465147105631427 0.156526638752412 0.0546476398399937 0.0467415987976094
-0.431562780212675 0.310340867234985 0.0465243027114263 0.0587163242999856
-0.384131313664915 0.383054837014461 0.0214115468547709 0.058455344013222
-0.423834705842528 0.359206186997999 0.0160362126876228 0.0597595855954397
-0.484184198552767 0.114277098297662 -0.0626049116138703 0.0981464170716008
-0.540773808479026 -0.145748540540293 -0.137152425730078 0.0703869681962314
-0.33906959862598 -0.616399234774108 -0.178271041293765 -0.105943667422312
0.146350738185844 -0.750442772831334 -0.0105736999748057 -0.21271070522812
0.604500298521324 -0.417682812099839 0.222241014534296 -0.162551822498758
0.847439555151662 -0.0707586111013575 0.251744616094873 -0.0560645358355596
0.8253726721728 -0.222424259738991 -0.456265792251071 -0.170983485140078
0.549219161558688 -0.540318970637381 -0.376568948566231 0.0649413669134052
0.0902590170393477 -0.741902003036538 -0.13366829970027 0.205718323315966
-0.360038978794884 -0.551437225476613 -0.0604600877958545 0.126388966581319
-0.542050882594074 -0.114822928257515 -0.0253140395891961 0.0744740233389891
-0.435624812343324 0.126893667324859 -0.113564277455059 0.083560423788257
-0.410662620360792 0.257771017569302 -0.109458099197945 0.173252389811103
-0.364023581514625 0.324500799018292 -0.10383536499249 0.202404389337771
-0.39494153999874 0.292006263657654 -0.126912158778203 0.180976690274243
-0.431343870014761 0.065311190181398 -0.208313591517754 0.150173914051374
-0.449768689516874 -0.154783190364635 -0.248221052546085 0.0497069945180309
-0.257568371308032 -0.539644606989258 -0.221990678468531 -0.120223922343754
0.149845675972824 -0.640554675002309 -0.0354063809991711 -0.183932073021697
0.537504137088584 -0.352873542555611 0.100291151705543 -0.0767300776406702
0.778002870546102 -0.0720704368979245 -0.00879162780353101 -0.0379965071771069
0.645433543891213 -0.231132090999288 -0.67456509307113 -0.115983543051257
0.394037391799079 -0.451519277004028 -0.484619294476184 0.168454807513154
0.0457722719622722 -0.5594027824729 -0.134489151390881 0.208958864903116
-0.268129174128879 -0.394711690470573 -0.0923585203641358 0.0775621730052403
-0.390843912258514 -0.0926324563245018 -0.140485932088924 0.0319471190175374
-0.328728992745331 0.0720411177162559 -0.262761624579067 0.107863834312114
-0.32416368524453 0.161425209285647 -0.249828739199042 0.26285785412383
-0.286932296097091 0.213497620418786 -0.216039964622504 0.316516276945757
-0.307203513183225 0.177307636042707 -0.250944420183332 0.270792537863208
-0.314027256269879 0.00430516562173565 -0.318526858526329 0.168359660835055
-0.289967214905511 -0.144053694704193 -0.316573823709942 0.00777782614813729
-0.125799817766484 -0.379425253370439 -0.219699570696973 -0.132389762044697
0.135574810836729 -0.422899849796074 -0.0340099895229419 -0.146343234576433
0.385941728021723 -0.226078393650769 -0.00301006582258547 0.00521347760464076
0.58612663243032 -0.0588668144720597 -0.235612631829079 -0.0101118677499788
0.363494616302732 -0.199611125727061 -0.81172266755353 -0.0564905468922976
0.178163996351401 -0.291497046463454 -0.54678358086656 0.24410576928898
-0.00442104247409745 -0.28235377328113 -0.125974047169001 0.197970821609083
-0.131808382306619 -0.175022174262614 -0.0998774796003291 0.0342380486373272
-0.176959995419074 -0.0532856142744218 -0.216412784205654 -0.0127429696371017
-0.16673685816656 0.00531867849217816 -0.363019466333681 0.111394649598322
-0.183513855158171 0.0377501928110562 -0.352666919307247 0.30963407388094
-0.167418641321592 0.0698819507906553 -0.296575611189599 0.381923778132494
-0.175997376469542 0.0412595461242306 -0.336353936839108 0.316100313224429
-0.15987255272842 -0.0495690634564449 -0.379907309736315 0.157319160561751
-0.105686693624956 -0.108225443332765 -0.335561045479853 -0.0444968426016989
-0.00205870103822167 -0.178958518453551 -0.183216035248604 -0.139816087758404
0.0916062308844781 -0.170267480020366 -0.0173509954842119 -0.111385148398421
0.184512793738172 -0.0889399490955266 -0.076221376575375 0.0680184258823723
0.316581441615816 -0.0445482417218714 -0.396794426546463 0.0229455702321417
0.0338152336622032 0.0958441530382484 0.533021797568812 -0.139475318021694
0.0696824630611245 -0.00928705069216604 0.178919545827237 -0.195192119119386
0.000480758944558725 -0.0769762539567357 -0.0285788500397127 0.0664961286386596
-0.0842250281564273 -0.0495356336721421 0.117502802243197 0.175935361705888
-0.0778708939232601 0.0548166610112355 0.328550257640504 0.111284402420563
-0.00755306121756016 0.0902922450775259 0.437431027100623 -0.0968961802538842
0.0221062497212226 0.0966939049331323 0.393449317421219 -0.311394017858426
0.026964370281355 0.0781144653901867 0.318440906377239 -0.397567515445913
0.0232856827151042 0.0796445366441413 0.36714571094765 -0.337987218420717
-0.00783896465790292 0.0639977760363276 0.371432050916668 -0.164774340728919
-0.050054695454182 0.0232551455205241 0.262116321317098 0.00972816107004796
-0.0372553916685595 -0.0410169195413332 0.113039914042265 -0.0314642798528148
0.0359583037035309 -0.0150197463771029 0.123841876067122 -0.159066309588169
0.00876425752956279 0.0492727919990354 0.441375343638503 -0.22232613987763
-0.0541211059093825 0.0714957705424865 0.817824136078563 0.0451249651636611
0.343755334603264 0.0368626727237511 0.455603185344099 -0.176716141701406
0.280195835384257 -0.147309927720347 0.134680091197808 -0.210374666876329
0.0767012697726056 -0.306369132957238 -0.0587247932196108 0.0738779634855727
-0.162949956845637 -0.2518219701146 0.075801222621759 0.185348883738627
-0.25427014031538 -0.0100390522323148 0.310601642455112 0.138646477292129
-0.171455158681407 0.127835497738012 0.411106868113595 -0.0651427091407275
-0.140567939999545 0.205316734587284 0.379743660723435 -0.262305441702769
-0.120261099108255 0.225318054552529 0.301095909410265 -0.34494536109729
-0.143989797127348 0.221853009022583 0.347072023954439 -0.292104994041777
-0.197847113482111 0.111809073031633 0.330306436701569 -0.117870895061509
-0.25674854955599 -0.0269484532168276 0.213065115329603 0.0397363503347478
-0.168619304450903 -0.267213472924351 0.0571306660388114 -0.0441961043541121
0.0803427727770719 -0.301614689113152 0.107279371164591 -0.188114786999418
0.243075671689621 -0.123937546169607 0.456759347837956 -0.255075766140238
0.28628004707798 0.0235490485379159 0.812695706655635 -0.00275440750340538
0.611098091417463 -0.0338678493683569 0.294962351907967 -0.20908420096204
0.460002907441748 -0.292417672013795 0.0439832002479087 -0.195352722895304
0.130469100319611 -0.52021327300539 -0.0850420752121078 0.0974327428254897
-0.24468772358988 -0.43071239415497 0.0422666118274147 0.190186140475477
-0.412947885105355 -0.0659363775119697 0.272067798429259 0.143798523832852
-0.31590843837994 0.154943727507387 0.335846825859235 -0.0319825922964118
-0.282376043151546 0.285792761200592 0.309211499462488 -0.178139817986884
-0.249171408640679 0.33894500398394 0.239128467707527 -0.239745188826409
-0.288133892216689 0.327869863468284 0.271777312687159 -0.200796806773282
-0.359404342673933 0.140451196783589 0.232918082606507 -0.0513427354178982
-0.430987162016951 -0.0752341344559935 0.121632008981146 0.0609217509315846
-0.282321969764074 -0.462479152039512 -0.0183185623321866 -0.0648246822277199
0.114193360212511 -0.555797738923782 0.0752389838429014 -0.214419556970968
0.44565743767768 -0.284113955296846 0.423246514228908 -0.26249524932396
0.584780268015131 -0.0238138275471633 0.706796202227247 -0.0439157928530068
0.801788717950963 -0.115493395761647 0.0669361591196309 -0.223614571495783
0.579957575658462 -0.435624548600019 -0.0846070833453933 -0.139561418194132
0.1400854038206 -0.699444804047069 -0.105271896937437 0.138867701178268
-0.332710719236514 -0.562371962966413 0.0126987874054501 0.185547819890608
-0.537954995820562 -0.101911054113232 0.204285341824864 0.130695887874559
-0.423081095159382 0.170590844267188 0.21388117722144 0.00434304676508646
-0.386544729626767 0.32901881484293 0.194179380724649 -0.0666711174636277
-0.34025344893609 0.399239923860639 0.140400954656957 -0.098777068762256
-0.384315659332169 0.381825450305717 0.155485045708511 -0.0771050821570097
-0.464667583571545 0.145190352662662 0.0938849117723804 0.0259126282227157
-0.538721036743537 -0.11287675043352 -0.00339140054624133 0.0725053440155222
-0.355658519551976 -0.591639842027038 -0.105315387292844 -0.0862723804153577
0.127774234776736 -0.726725344128018 0.0307809606730224 -0.226912100764431
0.575642733646633 -0.401027474474514 0.338445564935931 -0.236881140131113
0.786626732073687 -0.0666474020998969 0.506562705546188 -0.0630991963217906
0.882664290780902 -0.189368324387855 -0.19913455264931 -0.210070497940285
0.61660690042558 -0.540842621551265 -0.236003503392298 -0.0445482491953653
0.115925336560821 -0.795461922894565 -0.120866168724028 0.183081750039123
-0.392158961702524 -0.611105181526676 -0.0214374599971044 0.166913321601741
-0.594604820156803 -0.112006789173645 0.102148953058014 0.105649338912668
-0.469913192551197 0.166197712113094 0.0556166612348041 0.0457208139482594
-0.433877945523128 0.324383602264075 0.0475992591787567 0.0575688385301232
-0.378251213476077 0.400771277663354 0.0217071482780502 0.0578609989435669
-0.420035350578798 0.373846356595935 0.0154374163007239 0.0589931608237504
-0.491838708774454 0.123121782368639 -0.0630372965637947 0.101011429831912
-0.548792850449218 -0.138531843186466 -0.138143590679213 0.0728373992570975
-0.357453196342432 -0.622364469278725 -0.182391656718864 -0.101915187228345
0.132929378867701 -0.764134326094049 -0.0133315769219897 -0.215783739903836
0.608970266696813 -0.431281876509062 0.221296984822533 -0.171050831958794
0.858938584446006 -0.0881363862013683 0.252815754142048 -0.0602091049448565
0.831169145162332 -0.240259614825302 -0.465126002456626 -0.167650583581075
0.550805650424934 -0.553857842941259 -0.37780960985269 0.0716576847804416
0.0756542856754025 -0.753220848838334 -0.129216393015031 0.210191189110238
-0.377605043338956 -0.555200159803378 -0.0615915516521517 0.129230489962064
-0.548806040866202 -0.105637852272787 -0.0242234996264526 0.0723470624283148
-0.44002162562488 0.137284425895573 -0.114903805032027 0.0868279172202937
-0.414149757808698 0.272182179693304 -0.107053977508416 0.176439795150824
-0.359119679474736 0.340005922396166 -0.100670012201712 0.205355360672407
-0.392717757731049 0.304698337137605 -0.124750398682042 0.184719752095277
-0.439264131631247 0.073184052481785 -0.208627007004072 0.156915113714524
-0.459316705054131 -0.148603179445591 -0.251346212531459 0.0546660698884885
-0.272228918267664 -0.543890006173088 -0.225741965313737 -0.116387898054239
0.136931328826712 -0.65364001055162 -0.0381517525376968 -0.187471299549005
0.541294318524274 -0.365006175627252 0.0992120143299965 -0.0835201255196
0.788050465884961 -0.0885197374460614 -0.0123154667110984 -0.0377891561795179
0.650882471269162 -0.245879650392364 -0.686569866698377 -0.109837580721784
0.396093737114834 -0.463630396066735 -0.48606842414488 0.176032391244111
0.035236814848167 -0.565925552968084 -0.131384028532084 0.213474344284633
-0.279406300471301 -0.39865448541897 -0.0946683366264092 0.0808960580987267
-0.39800554906186 -0.084820575531577 -0.143053555951863 0.0325807034550971
-0.333718368803584 0.0804503843002009 -0.266416908527865 0.115164923439041
-0.327812423278524 0.172852575032351 -0.245758800498425 0.270295027558545
-0.285428314936936 0.225931474206887 -0.209437552371759 0.322496204862012
-0.307158109538543 0.187824908474669 -0.245986606461545 0.279344531603932
-0.321212062287866 0.0103502335445126 -0.319803713004707 0.179230982136086
-0.29573921114138 -0.140956436289035 -0.321138494924811 0.0143274346627836
-0.136390286220896 -0.384880611307389 -0.224372179782413 -0.129678584951963
0.127903380891367 -0.430348185778177 -0.0370475810245412 -0.150492085290275
0.388005579427062 -0.23514736477275 -0.0048479648639219 0.00122414335935956
0.59442391025808 -0.0713555373886745 -0.241973734468699 -0.0064918007909869
0.365899493208001 -0.208999240887142 -0.822950011940074 -0.0497037752573823
0.179099156634807 -0.296754500810108 -0.550305489007673 0.25296827278191
-0.0100126172664486 -0.286645279846293 -0.123323149419528 0.202954302258125
-0.136912710726751 -0.176888105355402 -0.102144570629092 0.0381987793754973
-0.180045629329173 -0.049213803645427 -0.221324851432345 -0.0100675651289899
-0.169416478829682 0.010262807758621 -0.367806122369382 0.121459406290466
-0.187274351977453 0.0444615005035113 -0.348441614851646 0.320758748339043
-0.168166111210311 0.0764013065402221 -0.288249984377978 0.391852996047529
-0.178403598027257 0.0466536486008631 -0.330694395801872 0.327977629734307
-0.164759863172517 -0.046704520068125 -0.381485771154264 0.168484365289044
-0.109968381133663 -0.10816877841769 -0.341328343143731 -0.0369769487137218
-0.00698029467139178 -0.183139792171047 -0.187616935627714 -0.137506201538754
0.0887688863441617 -0.173532855202129 -0.020660129254447 -0.115743025240617
0.186548560098927 -0.0925032314001998 -0.0773417419590174 0.0667024372944286
0.32235641361729 -0.051154238163225 -0.40387249913443 0.0300286790613295
0.0380990610141898 0.0960811471423952 0.540510370035255 -0.159612085654607
0.0696123556556912 -0.0119469384811755 0.176670215904358 -0.202223735091823
-0.00182632023403508 -0.0791894149633512 -0.0262208018260016 0.070313172850961
-0.0876239790976955 -0.0481270349687922 0.12623386917718 0.172700162579552
-0.0778516842232606 0.0579845759577808 0.341208551979908 0.0992221596189898
-0.00471355948864189 0.0904057698840219 0.443648810125539 -0.118540330196018
0.0262823535309212 0.096944913435938 0.386719307938421 -0.332307269309058
0.0311654509820013 0.0776250913352735 0.304770439890966 -0.414433882114808
0.0283383620837082 0.0792054183456502 0.357507668185263 -0.361595298243452
-0.00432073176464907 0.0650005560709948 0.37238336188255 -0.185745329558805
-0.049022962739234 0.0258074418602296 0.268686727012175 -0.000842708049490963
-0.0388959324499319 -0.0383385454820286 0.113602541880655 -0.0350559804374573
0.035317646221342 -0.0160077922910203 0.121659637732538 -0.16353794536135
0.00856963293112675 0.0502219875765825 0.443268214635357 -0.238216239467814
-0.0553198292603539 0.0745744967927006 0.837995216713602 0.019717137505902
0.351365712430916 0.0243789136266288 0.460520396611325 -0.192738613306867
0.279476819498423 -0.16030782225958 0.130316331350112 -0.215444449195727
0.067145250989836 -0.313844960985524 -0.0559091175265444 0.0771800239752664
-0.175048785329758 -0.252414139331769 0.0831132070727625 0.184262844320819
-0.259075896455484 -0.00140933150286048 0.32320120273576 0.125534835268752
-0.170754576613248 0.134686538525412 0.418156910699259 -0.0847730867560066
-0.135732020140085 0.215471226553475 0.374402036238038 -0.282998005577116
-0.112040201846053 0.235889716595615 0.289833734546243 -0.361586383230917
-0.136219589728029 0.231987568417693 0.337612069406361 -0.314263254840829
-0.198614542992805 0.120289899753117 0.331154078042485 -0.135017751534839
-0.262363024520037 -0.0177993037721013 0.220032073186224 0.031524182206779
-0.183203978938862 -0.265981080378929 0.0558355605941681 -0.0455808480166422
0.0696162692037612 -0.310977812092359 0.105572330433764 -0.192259453310708
0.243542205994137 -0.134999335262924 0.458144547582095 -0.272955402462334
0.292152470189697 0.0129060990744371 0.83128824380071 -0.0307985105145509
0.621555898368625 -0.0585773296742755 0.294354952410904 -0.220124845319636
0.459374554613761 -0.314067942149406 0.0398406088486175 -0.199220757614461
0.113740787235451 -0.532663501089125 -0.0813864859787526 0.101571812895658
-0.265152583724497 -0.432042822550363 0.047526212398609 0.190396953378395
-0.422212284300871 -0.0523969848183372 0.284181716456715 0.132041100832311
-0.317497277348258 0.166900290075944 0.341527233748532 -0.0473069767296026
-0.279536119284389 0.303115389389214 0.306908191401758 -0.193373979577937
-0.238812570031761 0.357723784773602 0.230835479973305 -0.252588727855219
-0.279053071268619 0.347246342073473 0.266077081371918 -0.218026513071506
-0.363889999465511 0.15617401053353 0.234009318357862 -0.0631782236873257
-0.441048316949536 -0.0614672662510888 0.126356765280021 0.055694262407318
-0.306130590429172 -0.464908494377556 -0.0217979210149043 -0.0640437884780926
0.093655233932468 -0.571075517939369 0.0714430246669032 -0.219918902399391
0.446872681137626 -0.304840901213742 0.423166233684007 -0.281102878574343
0.595095955150053 -0.0476222787589133 0.718325181310351 -0.0672603618744931
0.811247148183742 -0.146970548295826 0.0611108117378406 -0.227703770596395
0.57691759506185 -0.465342433517268 -0.0900491448383786 -0.137786036010125
0.11646975340091 -0.715368138604373 -0.0998154624243437 0.143976117937983
-0.360154348664998 -0.563684830460912 0.0169257083739872 0.188419014820922
-0.551221123595875 -0.0826332887481391 0.214442178002951 0.120909328217726
-0.426597347016385 0.188093635493628 0.217980742211661 -0.00547323698052064
-0.382768991524109 0.352934100036876 0.193792292761246 -0.0764287380011579
-0.328951232471794 0.423922624004322 0.136752663469566 -0.105790339378027
-0.374838687770462 0.405653705876374 0.151914326957832 -0.0867466707146596
-0.472352640845995 0.166118538832422 0.0948306143432064 0.0219163141945937
-0.552350793275182 -0.0980048964992986 -0.00121032721226593 0.0732087739181734
-0.387918462547377 -0.593387311753304 -0.110383768488243 -0.0823881651549901
0.101892409211315 -0.747719145671467 0.0253517534772141 -0.232212613512381
0.577821482268727 -0.428320704999649 0.337475945035495 -0.252336339462704
0.801818060770306 -0.0988149690523703 0.514401756141854 -0.0803853663379147
0.891090810509434 -0.226278932411188 -0.210489623856642 -0.206103191400551
0.612770307845046 -0.572669299184988 -0.239973048856535 -0.036519106966908
0.0902078177685577 -0.813316827437758 -0.114049704765087 0.188642934011376
-0.422413354713734 -0.61400898798727 -0.0192306645377172 0.171456926309816
-0.610210739624202 -0.0916368598637813 0.108394114794677 0.0994476891420306
-0.474780796577513 0.18712915106745 0.0580730510390491 0.0444786543466162
-0.432076729719447 0.350153573344234 0.0495435370931172 0.0556062978856363
-0.366662148854092 0.427957905952926 0.0222292125229463 0.0570659339284383
-0.4117027435062 0.398664083333839 0.0162305127333938 0.0582379460776104
-0.501514432633364 0.14258101056577 -0.0618378724451113 0.105640442453222
-0.564454930960379 -0.121993321031134 -0.138534335276484 0.079014733564205
-0.388944205908421 -0.624215000478801 -0.189805780396335 -0.0966220352304682
0.106358027925327 -0.786350271240678 -0.0196213231883708 -0.22058864897795
0.61010096174335 -0.461121401968349 0.218298487190493 -0.183342771155
0.87529081252385 -0.124546206456078 0.253565809089666 -0.069883350096456
0.839561905160302 -0.273321011095187 -0.481315527584737 -0.156167014311506
0.545728890058693 -0.586656983029666 -0.382368527900504 0.08512658587568
0.0496015303962419 -0.769748120072502 -0.122168494574823 0.217315069169064
-0.405811091973505 -0.556292094114951 -0.061091065281332 0.135779168033787
-0.563699936368316 -0.0848305539123909 -0.0217239219208956 0.0714554278031787
-0.445953663902781 0.1570469718089 -0.115896123816998 0.0943054199590383
-0.414747850953451 0.296300396514253 -0.102086878014663 0.182680327592973
-0.3503501634421 0.365513858797444 -0.0952833981385139 0.211456161862041
-0.386033646171005 0.328455277378877 -0.120068027256177 0.192651880077239
-0.449585442491896 0.0907377711117054 -0.207473176527746 0.168826611177029
-0.472081988866934 -0.135979803592676 -0.255072804156101 0.064840724169527
-0.300729398362387 -0.548577948924062 -0.234350652696953 -0.109369905169557
0.113648780657103 -0.671748484001644 -0.0453619460454862 -0.191407165581773
0.540254466571195 -0.392386397320543 0.095672040806507 -0.0910101600215256
0.804750017922988 -0.122552783191456 -0.0165753632130083 -0.0388130933840003
0.653643940523919 -0.274107768110872 -0.704886463157166 -0.0908647334606412
0.392249096040661 -0.486991510521089 -0.48985134905829 0.194639952373145
0.0170523577848335 -0.578246873555137 -0.124371499867718 0.220665282359017
-0.301003918226027 -0.39969680204561 -0.0950610845130914 0.0889385568815871
-0.408343188930919 -0.0688276461609083 -0.144760583588487 0.0367785613506211
-0.338387973136053 0.0967006342370303 -0.269436261519533 0.130221848569247
-0.330332899707533 0.192406011660046 -0.240191601330227 0.284052926157082
-0.281802657051446 0.244847100372261 -0.198650880033803 0.334321425307964
-0.305810083013722 0.205609332471259 -0.238686376994319 0.293843847304875
-0.330047971119324 0.0226048540424484 -0.319097098386299 0.197280335744239
-0.307015103251949 -0.134382485248356 -0.328337073932453 0.0277364078443859
-0.156081283421164 -0.389633175827193 -0.232675592589701 -0.12373719742235
0.11291533775953 -0.443838437609121 -0.0442045821307348 -0.155116337080444
0.390522234408162 -0.252772378841976 -0.00721185472187033 -0.00167735028944779
0.606615448985134 -0.0965454185814558 -0.249607630922627 0.00183873754451285
0.36649392477083 -0.226088279260142 -0.842625181391474 -0.0256489904547136
0.177286085417891 -0.308751038385801 -0.552266289110275 0.275087560947817
-0.0190382495719532 -0.292223260732269 -0.118266548071454 0.210395637547748
-0.14612666218906 -0.177865956909212 -0.103909328164143 0.0455669821158738
-0.185155600408318 -0.0421141056604788 -0.227832625811724 -0.00265995696504425
-0.173323937982169 0.0187591164819743 -0.373523393918898 0.141029129873068
-0.191576306250302 0.0552766731917082 -0.340923740678644 0.33988497085487
-0.169254896846665 0.0866181021985745 -0.276049249980426 0.407536365885904
-0.181048685690513 0.0559680850224359 -0.321656626115107 0.348289963448707
-0.172526500435095 -0.0407477784835347 -0.382145639234954 0.188742947731245
-0.116342092248056 -0.106550278820037 -0.349873074854505 -0.0227118355079269
-0.016529962529034 -0.188386957489515 -0.194923798815828 -0.134226676515696
0.0825892917876217 -0.181337237122352 -0.0268628729639645 -0.119373923859057
0.18895985756919 -0.100732375004422 -0.0783207791483342 0.0672857422633337
0.328781128009525 -0.0669537574196412 -0.415024593046407 0.045207730479923
0.0429863841722723 0.094259120385773 0.539716445206424 -0.186938030267919
0.0684607460651062 -0.0161034798085658 0.168827962474517 -0.209594931735894
-0.00527830469346273 -0.0801322471327091 -0.0219104528697057 0.0730663061820024
-0.0905175251503598 -0.0438222705465248 0.13556584984784 0.165260601394375
-0.0756197924385985 0.0611725739060506 0.349099971208265 0.0780962473090012
-0.0005257411188538 0.0884149052031495 0.442580489088227 -0.148722416883524
0.0320446355440375 0.0963500625925397 0.371145230242145 -0.357649720746755
0.0358236599002494 0.0761823250905665 0.283192636902844 -0.432373193092899
0.0342663611371739 0.0767310317022433 0.334873293744213 -0.385778883441437
8.90001371901305E-05 0.064934261193879 0.363144282900794 -0.21063430025362
-0.047342518290301 0.0288456565687566 0.271988422264765 -0.0160547805692402
-0.0398854715787323 -0.0346626114416697 0.111820670972363 -0.0401851660951547
0.0339184391058255 -0.0170358144359594 0.116573665544728 -0.168501692478496
0.00957309916059373 0.052242833197815 0.437272014798548 -0.260964140450828
-0.0539346004462623 0.0786734986762958 0.847750391677686 -0.02291048012714
0.352977745943634 0.00553166009292184 0.457859599582674 -0.215796706384221
0.272622961139625 -0.176174741158384 0.121823860028978 -0.221245295067363
0.0509022635231897 -0.31924990283464 -0.0511175119422999 0.0806141828299467
-0.190107444471211 -0.246060794994899 0.0918014067744185 0.179593968403543
-0.260977909938038 0.0118102827776417 0.33359809075324 0.104974754761003
-0.166396329030558 0.142191565672237 0.417653123197171 -0.112532804203656
-0.125796149545127 0.225513625798745 0.360861521836247 -0.307238866476968
-0.0987476940231678 0.244863637982114 0.268819594907355 -0.377392679108652
-0.121757837466412 0.24024934165556 0.317423115211994 -0.337946766711982
-0.194992026951402 0.131645693679898 0.324327305227236 -0.157079275376144
-0.265293239031481 -0.00381658421051766 0.22475408293183 0.0186843687747835
-0.199544073216792 -0.258350755823884 0.0538297866349583 -0.048566599017578
0.0526589815477249 -0.316801713742126 0.099287897031486 -0.198631026337077
0.237757653417496 -0.148125531815228 0.450182386828552 -0.297034914337557
0.293413217022214 -0.003830499889292 0.836677976169116 -0.0719720737990632
0.620906933449256 -0.092660406956093 0.287367888268209 -0.233925775305465
0.446409496582519 -0.341518072381067 0.0315955116732691 -0.199643875154779
0.0858351456795349 -0.540301555067657 -0.0745597206217523 0.105195371290993
-0.290850890560178 -0.424704892037643 0.0553663513634991 0.188401530266897
-0.428235925921731 -0.0301742072029511 0.293867951063588 0.112809050899948
-0.312960165006091 0.184002698232894 0.342010753183654 -0.0696462243195695
-0.26668565544644 0.324416965275828 0.297529777436788 -0.212901481436755
-0.218483134167929 0.376096688664304 0.215434535249549 -0.264675585420993
-0.258593087788026 0.364506203887167 0.250064847512312 -0.23639289835057
-0.361501365289113 0.177361494124251 0.22995767417234 -0.0775643961736539
-0.44880026911584 -0.0382349990037921 0.13070816653293 0.0483098900083884
-0.338018448539355 -0.45312853487727 -0.0256139756857077 -0.0623181081497988
0.061841135069814 -0.581246414883469 0.0641218033309645 -0.224470418392886
0.435021653713923 -0.330205763226909 0.414667573850925 -0.304286474425844
0.597618509457651 -0.0815703638104268 0.722197444765679 -0.10439537698214
0.807174412600634 -0.191302199988754 0.0513314006222747 -0.229536065744745
0.558354424212328 -0.499144150095683 -0.0956617992979923 -0.13275763174694
0.0807604347800604 -0.726559071472632 -0.0917120065178209 0.147830619330945
-0.393683194367605 -0.553275331610014 0.024037179308221 0.189887386733167
-0.559750142070826 -0.0537191187669634 0.223115392401756 0.10573865255272
-0.42188859044452 0.209672932317637 0.219156676629101 -0.017604935008663
-0.369086021500291 0.380312709152016 0.189764133963176 -0.0886680523839164
-0.304638109601207 0.449373855257275 0.128760690658337 -0.112472788769727
-0.351847364609559 0.43126850789033 0.143748428606275 -0.0974499340579819
-0.471281625582073 0.193390127965117 0.0941245667180381 0.0168527761536637
-0.563798037900608 -0.0691335484205344 0.00293919838696713 0.0733589043179669
-0.425701807427981 -0.581477354999783 -0.11672277830275 -0.0767405145978534
0.0609033435858958 -0.761399386719446 0.0154600304476519 -0.236234857535901
0.561900391554524 -0.464010255074477 0.326831916988603 -0.272145819700639
0.80412193785941 -0.144116880702333 0.513483414036334 -0.10743324120742
0.885781233613835 -0.275057100555235 -0.222748572215991 -0.19492292643124
0.590536396684988 -0.610109812765858 -0.243328454174463 -0.0243497107023629
0.0473384096015755 -0.822883844410601 -0.103252628979382 0.19378939185928
-0.459901277069857 -0.601288483711226 -0.0129771006538529 0.175853996325564
-0.618805771019899 -0.060187193061233 0.114838473973078 0.090520410911087
-0.471257469006272 0.214168261614131 0.0594585215910623 0.0424604790157503
-0.419046074415357 0.382530155045717 0.0526114309047059 0.0516521201013825
-0.34396160847199 0.455332898334898 0.0237767546295244 0.0562777111742761
-0.389579641847429 0.426146118920692 0.0169418865448068 0.0562842093772528
-0.503021009484789 0.172245119250072 -0.0579621934682556 0.111106928223223
-0.575781443370653 -0.0937041780335987 -0.135692257173698 0.0864912481465067
-0.430151574541562 -0.611984560913817 -0.196591471215907 -0.0873719125266646
0.0633038086038747 -0.799824378952901 -0.0312370044712331 -0.223126472264237
0.595210645880665 -0.49781421142139 0.208718042645992 -0.196362531010059
0.876428246989072 -0.174588533334059 0.250635737941175 -0.0832877164928848
0.83040553924101 -0.321107277881678 -0.493591658740704 -0.131638610896219
0.52471274420297 -0.620975216356731 -0.381755205167395 0.104420965196091
0.0100361649573479 -0.778281597768114 -0.110644951996675 0.223140784770931
-0.440897188560829 -0.546665771967865 -0.0568611595934082 0.143284419423785
-0.57073986057189 -0.0541763945373366 -0.0186557287458406 0.0699416602231473
-0.44253423956627 0.184269307073459 -0.113439814348688 0.103167034011118
-0.40438961664748 0.325885278475484 -0.0934878369283941 0.188611883994052
-0.330239505341984 0.391870733241735 -0.0854906484825923 0.217417619686387
-0.368312597205339 0.354496163887716 -0.111577604562927 0.199836488940854
-0.452683314737299 0.116738902340235 -0.200627367372535 0.18328829027251
-0.483188159123372 -0.113457026541348 -0.254019222204158 0.0793059477291695
-0.339456558314093 -0.540670334566959 -0.241662319223383 -0.097652076630317
0.0763401874104214 -0.682796901639907 -0.0560521017538083 -0.193072560136296
0.52813175674605 -0.423124496659935 0.0898025571241724 -0.0981987397219564
0.805598750495544 -0.169099875087258 -0.0205665197219628 -0.0380808539003336
0.643866210649168 -0.309459787843299 -0.715559549752587 -0.0560707380192235
0.375391993086258 -0.513346967823599 -0.485889789804069 0.220736471126273
-0.0130105370920631 -0.584305720569066 -0.113478755442286 0.227829050091698
-0.325635431838136 -0.392176843233174 -0.0925424844558487 0.0971181031554396
-0.415014902935906 -0.0463326299177995 -0.144959839118171 0.0434929553818764
-0.337549203908679 0.117441227622638 -0.267589439050564 0.149357018568742
-0.325390019013117 0.216892711784908 -0.225434111283607 0.299035002025657
-0.269525621508937 0.266324432501788 -0.181957586736301 0.346230373332602
-0.295862153265742 0.226212694079459 -0.222791876787021 0.309843786578919
-0.335819822951369 0.0418159567424649 -0.310697045769047 0.218926605655488
-0.316414340785998 -0.120248556194885 -0.329811940122844 0.0472128956804792
-0.182513918815929 -0.386968117265926 -0.240654095671891 -0.112324478401275
0.0878050033392799 -0.453729975338407 -0.0547765746419645 -0.156241016352429
0.382472402679123 -0.277484389172306 -0.00978099484891015 -0.00370151715578898
0.608066216675348 -0.133993060204383 -0.255636610101204 0.0149443949172687
0.358366723394851 -0.246306670299907 -0.853568343213365 0.0138026821045033
0.16592121183011 -0.320885817585387 -0.543844249859582 0.302452238497913
-0.0340574020237729 -0.294785562842902 -0.108058273899113 0.217918876769075
-0.157688666760613 -0.175042608431902 -0.102150590064844 0.0535049140036429
-0.188433062577784 -0.0309897673666047 -0.231001645057783 0.00967869230160375
-0.173915391455647 0.0301200052607163 -0.372120516829235 0.167516421540985
-0.19163017887129 0.0691967673622669 -0.324175214883329 0.361398477786712
-0.165798162604365 0.0991821571214045 -0.252279482928475 0.423533184987235
-0.179769879771406 0.0687357969912736 -0.299916497319111 0.369019291945464
-0.178682792196504 -0.030209347184699 -0.372698986754599 0.213509838343711
-0.122420078693259 -0.102403603908404 -0.354111976781305 -0.00217909695335386
-0.0296954284650253 -0.190083426387133 -0.202905663783432 -0.125080321981476
0.0720530999788126 -0.187140712676136 -0.0364482926973271 -0.121979219283865
0.186940119418657 -0.112767182357603 -0.0779327834407367 0.0690481872080913
0.330132754799547 -0.0875230858072116 -0.418451160579926 0.0673061556150013
0.0648744334762174 0.0732018121221412 0.489785686671036 -0.263743993488708
0.0609761289223852 -0.0338502529809974 0.133113883945066 -0.224762055186927
-0.0188166780075364 -0.0760786093164464 -0.00359303231056467 0.076318335092377
-0.0917590202035505 -0.0238749192883281 0.161725454122002 0.134117860154528
-0.0555187501245072 0.0693969646470453 0.351007283917419 0.0131525235024181
0.0198112626282737 0.0736489570919952 0.39991118258142 -0.218458715167145
0.0496859579337806 0.0799266506544072 0.299114535898265 -0.409880437355453
0.0446290026761173 0.0595577257914675 0.204036523848612 -0.457795906725485
0.044657189458111 0.0609751173584497 0.269642240620897 -0.423144177274102
0.00863603011435736 0.0579351831201489 0.326322631873571 -0.259277697194167
-0.0409210826192173 0.0326799527218144 0.264476735433913 -0.0538725230532258
-0.0446974911563841 -0.0272313354499695 0.105809200009393 -0.0521572446089533
0.0265530883507895 -0.0217418130802494 0.0942345580425625 -0.178395719003234
0.00946060962520843 0.0503841675166949 0.400130019547082 -0.313903021506157
-0.0461047931180716 0.0780932702873407 0.827050313755961 -0.123127077715293
0.347347010759623 -0.0679340274818902 0.402584343645977 -0.263432784309624
0.228756356795417 -0.225140052853819 0.0886054482320412 -0.216925806328129
-0.00691901000344472 -0.317489806223372 -0.0199307898942996 0.0955862683869869
-0.225811929999014 -0.201611464118281 0.132437124158904 0.156669107541153
-0.24243529645007 0.0527526920462807 0.34390713828587 0.0332447792939695
-0.131732421368414 0.153712481964997 0.381512415140356 -0.184885953569687
-0.0827259050620373 0.238608982161441 0.301307623997244 -0.366681897580433
-0.0583382549238105 0.24455501623227 0.196363233969608 -0.405096723778469
-0.0793285897431349 0.248942984069212 0.257271925240163 -0.375812002757134
-0.172555696175612 0.156367877753475 0.297644764056066 -0.202860731577063
-0.257266280983961 0.0358014018987435 0.225736853571198 -0.0156784858801208
-0.23978327629982 -0.222510343333337 0.0522015140637562 -0.0474220704253778
-0.00233940263787061 -0.316752494434357 0.0706317014709196 -0.198663621602342
0.202804676841066 -0.179734882694563 0.401495444640993 -0.35372297203788
0.283906592673231 -0.0535380026068657 0.804575602242792 -0.176723395350361
0.585643042844045 -0.207161747794221 0.232935762932595 -0.24272711822447
0.365787685374791 -0.413442548177475 0.00788600226618259 -0.171676344777294
-0.0112015058990136 -0.537300058063067 -0.0284571308525341 0.128391478903275
-0.357571058298448 -0.356992508083563 0.110830438702041 0.172458499477822
-0.411540564795683 0.0413024452421046 0.310035486058509 0.0399709362269061
-0.268502668899684 0.219810303321963 0.315960443710762 -0.136077307123098
-0.204680457759663 0.365147647988105 0.259398258719226 -0.271172521132334
-0.153358456958834 0.392301958274761 0.159552960348437 -0.290222008658449
-0.191389184531495 0.396174493957843 0.205984863591767 -0.267996879756452
-0.329074737336924 0.230325979122105 0.218273437342876 -0.112840050637711
-0.441303756801916 0.0324043445115818 0.140539685507805 0.025062456271548
-0.40930407259168 -0.389804740076632 -0.0232695661036185 -0.0462960514856068
-0.0342273600976058 -0.575321165653646 0.0296844039195472 -0.214678992437052
0.369975603628377 -0.388955509889708 0.356768081009212 -0.360812117737448
0.571565144236762 -0.173605115230526 0.681571250694065 -0.200867576742962
0.745016984759374 -0.333802808836973 0.00451212382681806 -0.191875461149233
0.448058063084192 -0.584381635792903 -0.100653727857644 -0.0796616729262043
-0.0485119565889649 -0.717320608792684 -0.0287664786004557 0.176240280733556
-0.481780440039831 -0.465595124153054 0.0891223312757717 0.178981258558587
-0.54355310519288 0.0421830481438491 0.243044372391909 0.0383839050485377
-0.370984578453348 0.26687032215336 0.205750305290336 -0.0698802111328006
-0.296802606265733 0.443386629337065 0.178413209732841 -0.136978551742163
-0.222938496209854 0.479983044023197 0.0984401144235722 -0.132578642863977
-0.270820195567643 0.477840028611131 0.120862185977916 -0.118109419021264
-0.43439608747344 0.266149498121454 0.099689797086917 -0.00146416295754268
-0.557152139230718 0.0207035864971266 0.0210276855494793 0.066218266073073
-0.520227529390794 -0.501590193809045 -0.11131816305708 -0.0456440748993242
-0.0621883523203535 -0.749379918157524 -0.022171430462239 -0.216078119334183
0.474845422349509 -0.535605799793956 0.269850056859878 -0.319968549746572
0.767785758524482 -0.263925288411724 0.471182521700353 -0.183438588677158
0.802061522651575 -0.425494734266133 -0.254195629741321 -0.111088680561508
0.456651044331147 -0.693719205143995 -0.223190784059738 0.0525150037462972
-0.0975383487461078 -0.804937699642581 -0.0273531193273581 0.223170466550912
-0.55702250060553 -0.500042601176453 0.0556978616422252 0.17016286132777
-0.605519842204192 0.0483114683844947 0.135284526568859 0.0391883478349362
-0.420732705436104 0.28104230322364 0.0609260323668364 0.0142218382464816
-0.346781631939837 0.458281331308925 0.0693929987179596 0.0200701940164885
-0.260585007298754 0.493418866449125 0.0228745569222202 0.0454194135467876
-0.307369448907219 0.483483434221207 0.0185901028454183 0.0490830152957871
-0.468243569978461 0.25278994061707 -0.0370748088858278 0.112469077702762
-0.574313150003231 0.00064257350093906 -0.112100848515867 0.0985325980102275
-0.529070275141991 -0.530065031021135 -0.191968204658795 -0.0455723372706196
-0.0651417142533391 -0.786886641625221 -0.0678658970165725 -0.196759282019904
0.502985056913481 -0.575507833691024 0.16172098555046 -0.232209432348192
0.835133158103762 -0.302060774251868 0.215225805832914 -0.129545286847733
0.737552814911087 -0.45638880222879 -0.503998182843166 -0.0103583527134786
0.390930789455505 -0.68989279372512 -0.336644634273444 0.196615840485027
-0.125264378931099 -0.755542832445441 -0.0317715761769914 0.250524499090584
-0.529176204398888 -0.450574389674373 0.00549462608508873 0.145237081616166
-0.559917049396527 0.0443076561466069 0.000840330395457841 0.0436476123095352
-0.400505942001626 0.253228774383935 -0.0959226190126917 0.103478064107139
-0.341688605308769 0.404428662396736 -0.0499675211990436 0.178691360594065
-0.258022254555383 0.434415488973302 -0.0556907221458175 0.215791380815468
-0.298685491620056 0.412860319454568 -0.0835714543217024 0.207074214903262
-0.426222421794969 0.192459268403092 -0.166925842404157 0.204876952269159
-0.4877025282264 -0.0322953958481777 -0.22988873717219 0.109497601417772
-0.425926052832762 -0.473614718565688 -0.240152634113798 -0.052106738511808
-0.0327032286103651 -0.673627550045839 -0.0891724254072047 -0.166936448991827
0.453901547054968 -0.493472714728199 0.0576583186604723 -0.119564373452041
0.767152003838287 -0.285767204080008 -0.0436788183735423 -0.0511615919024452
0.557340477548266 -0.410113585808595 -0.703723587156552 0.0904463362547356
0.266614776916349 -0.554963000752835 -0.42219004219064 0.316312855890608
-0.114201443385599 -0.562485307200097 -0.0434584544063167 0.25014844444689
-0.390563406937006 -0.322894397746002 -0.0458329280461031 0.107818441909224
-0.410863685040224 0.0278160494359517 -0.128873910092614 0.0464556176899932
-0.311547634526337 0.17606427667262 -0.23587840420922 0.178618957500551
-0.283112115803673 0.282384128616429 -0.161951049122739 0.313158726027877
-0.217097542504416 0.305579408199593 -0.12646551586892 0.355133939279571
-0.249167113741703 0.277462152593391 -0.174611856344826 0.330363006907402
-0.321482111779272 0.101574639758238 -0.269730963534879 0.25560996532501
-0.326754917324115 -0.0631186275424537 -0.309440740367803 0.0897886478998633
-0.247471856537572 -0.347628202187962 -0.245169274313769 -0.0700515215922969
0.0120907598739092 -0.45297983043955 -0.0828798903514349 -0.13682410986728
0.333373953264125 -0.327690130147543 -0.0229684199262109 -0.0110165707152683
0.580313306447756 -0.21952129975052 -0.261120439426932 0.0324687942913344
0.290793105812795 -0.292267211759133 -0.821781388819107 0.16397880465752
0.100013397734576 -0.328901965746378 -0.471182181675351 0.391928681851689
-0.0840639078194209 -0.277747292049185 -0.054628155058882 0.232887778035962
-0.187949093099677 -0.142732090294691 -0.076139546715408 0.0686080513023879
-0.190840606375511 0.00421670410898749 -0.221044905649805 0.0388544775394124
-0.168712938982488 0.066892812913099 -0.332985350931044 0.219213496747321
-0.177635059924815 0.113192830875578 -0.250164717574919 0.398113767297312
-0.14302767621778 0.1300792176356 -0.180708972466217 0.442413866323649
-0.16296212760607 0.104924855654258 -0.240322690927352 0.399256905850389
-0.178559294496322 0.0054430060612178 -0.332903325371046 0.262244980157543
-0.136636820434891 -0.0769525117583967 -0.343150199465055 0.0475369673624615
-0.0648425538390649 -0.178746834095248 -0.214335669632313 -0.0917406567750466
0.0385492153497567 -0.191265675400737 -0.0588350854906624 -0.111525839721087
0.16782220861305 -0.139688781088439 -0.0746873968870749 0.0735456829507313
0.313568430509969 -0.132441151726312 -0.408629801796249 0.109785303056715
0.0643234652770994 0.0685088367046696 0.468612405615334 -0.272296828104615
0.0559418667670762 -0.0333969758298906 0.123915999498074 -0.222614156936261
-0.0215831700736307 -0.0734667942334806 0.000361705582006643 0.0743280818189611
-0.0886100563628029 -0.019562408878805 0.160308892879262 0.12293116741335
-0.0517743924799363 0.0689997514638698 0.338698795446937 -0.00326133096901096
0.0194134003201874 0.0690492517712659 0.377916387323835 -0.232069503656091
0.0514075837350067 0.0749881034168425 0.272590278305908 -0.409453451892081
0.045253688184753 0.0555461603547171 0.177907539113122 -0.447483092577801
0.0451717967629071 0.0555697638205581 0.241002335027684 -0.418983257660187
0.0109112123359314 0.0541299559002285 0.303125456030119 -0.265835374832842
-0.038078873322791 0.0333982645085176 0.254515513497453 -0.0634479546477614
-0.0426253749181149 -0.024366248593469 0.100227157014655 -0.053738678820013
0.0243061372790219 -0.0207269807608103 0.0883405425323263 -0.175764890741127
0.0104089235520578 0.0508621332715322 0.379847129176566 -0.317827568062361
-0.0439870805582681 0.0780214038976143 0.799405098166838 -0.144723825835616
0.331986454069482 -0.0774897537508075 0.381822845943343 -0.268553879142403
0.211241470517448 -0.224675259037304 0.0804404790465289 -0.212442877389348
-0.0184393226012004 -0.305999917543149 -0.0148957569034266 0.0919504302602233
-0.226400898143623 -0.188397295473245 0.132561402005921 0.14689641011106
-0.232802469584533 0.0598978536031224 0.331689744743022 0.0152691432172415
-0.124980955889797 0.153253864152294 0.361697903258193 -0.197973946685067
-0.0703793777989618 0.235865202246629 0.274767935391271 -0.368426270632935
-0.0456845634564997 0.240184202168448 0.173819830079487 -0.396616693710946
-0.0664680049517513 0.242731839922186 0.230251815687405 -0.372909438574756
-0.162308838902048 0.158478533951144 0.278948163091559 -0.208941098266569
-0.248957305834187 0.0439660268770954 0.218788084808579 -0.0245495695541347
-0.241682854698565 -0.205643728141942 0.0484096289425097 -0.0467757610855306
-0.0151203911718658 -0.305800598017337 0.0648375790596474 -0.195034615736068
0.190796782793678 -0.179890145472978 0.378676272912071 -0.356379964558277
0.27092020892905 -0.0619427164568763 0.773953202142 -0.198284279721709
0.555743611086992 -0.222346174812614 0.220265573757182 -0.239714613153719
0.338390659208481 -0.412307232500999 0.00458216598696688 -0.165167061263307
-0.0313833588037133 -0.518929602914559 -0.0224482757853589 0.123678503162832
-0.360787323813635 -0.336327891753882 0.111756187927377 0.164183711202298
-0.396697799780786 0.0547248311812269 0.299524061374466 0.0225424103429756
-0.254731979956198 0.222680526522132 0.300332842617783 -0.146672990387506
-0.182259848984847 0.364694102009717 0.237432732628304 -0.275680232284041
-0.130806987934214 0.38830260066748 0.142421351669161 -0.284008747872175
-0.167029746920865 0.390121366144202 0.183461316073716 -0.266478074770851
-0.312502202490501 0.237108526986378 0.205356841101979 -0.117714042388609
-0.427249779990905 0.0470555677283258 0.137442287988025 0.0175862122717205
-0.413366995959907 -0.363227534696252 -0.0253506111142966 -0.0441735945925346
-0.0538413443400895 -0.556679618315564 0.0230589007049798 -0.210110754060404
0.347276204156553 -0.389915474239208 0.336504237691863 -0.360252413345649
0.546707074852855 -0.188853735928016 0.652106232267565 -0.216993605564201
0.70836428319601 -0.348471898119136 0.000424611670854421 -0.182929113259065
0.412257999445943 -0.58135287558738 -0.0985659505718306 -0.0722686595524331
-0.0718041843053237 -0.692160220005575 -0.0218547835680136 0.169488217371034
-0.486515004139716 -0.437995640520717 0.0915969668717731 0.171963397875327
-0.524653190024504 0.0596135447567745 0.234358323014321 0.0242425136857376
-0.352359780301699 0.273680362426114 0.196358845565219 -0.0762954828609299
-0.268679668100171 0.446420802446242 0.163857427589109 -0.142393195030091
-0.195906336797383 0.476444947639679 0.0889168998106138 -0.129056986972325
-0.241170095604028 0.473517276006377 0.107965488821724 -0.118985335841772
-0.413607279819947 0.276762114038477 0.0954332281115061 -0.00367558747089934
-0.541268962265563 0.0411822794689794 0.0229875971949915 0.0621589532341078
-0.527390940549801 -0.468207229652797 -0.111526810112359 -0.040586932396458
-0.0885015619462958 -0.723196309901369 -0.0280885517943729 -0.209169932099616
0.444689435942488 -0.536330870259075 0.252690000052447 -0.318080586951571
0.732465554744342 -0.283960569925003 0.450565237109011 -0.192402799043532
0.760840385899865 -0.438502082696401 -0.247759546471977 -0.0965894247381123
0.419662823906224 -0.690663976253777 -0.213780470455185 0.0597516000662921
-0.121793331861959 -0.776917000543006 -0.0195449156094698 0.21485806470906
-0.562995891597663 -0.47060143402447 0.0597186611643994 0.166468196646142
-0.581866556326136 0.0681565326782555 0.130023890323076 0.0287408964480779
-0.398245063307079 0.289978038973155 0.0596381479997975 0.0129409338440704
-0.316490463488383 0.46242494981971 0.0646871342553023 0.0149369235862203
-0.230553998627291 0.491386399622507 0.0223708513677599 0.0449312575472297
-0.277399655409872 0.48035381911497 0.0164104644753607 0.0473030307428714
-0.445364267505954 0.264936792253239 -0.0318142814042376 0.112183685484736
-0.559168287408903 0.0198207529593343 -0.10556884998637 0.0991763245959842
-0.538680924817589 -0.495139783139476 -0.18869678382915 -0.037818193460073
-0.0933317357562622 -0.759830842617951 -0.0736539528212105 -0.189478092178965
0.469896205453515 -0.575180985614532 0.148949863940672 -0.23001846494096
0.798602042492484 -0.324618041049347 0.202159685778477 -0.132131552110029
0.696995966930983 -0.46489845456352 -0.487262259499565 0.00980430678758304
0.35860401689308 -0.68201155204908 -0.319648054782851 0.20339587520608
-0.146689497072009 -0.728303228016358 -0.0232056990265133 0.241858821555173
-0.534753127481975 -0.423543545682369 0.0109746868250988 0.143914583933426
-0.541165223670398 0.0649711018061325 0.000703341101724661 0.0397743664455368
-0.380325548559951 0.262357423292744 -0.0888826553448357 0.107731378045265
-0.31417666831242 0.410054431901698 -0.0439646765865344 0.173375865643389
-0.231215279625604 0.434346751232013 -0.0472140284775949 0.211764615221808
-0.270608346551263 0.411172363770291 -0.0753143676746771 0.203423475156997
-0.40811990319777 0.205408358694408 -0.153518924421345 0.207639671108037
-0.475098129064048 -0.0151227539838117 -0.219900276017562 0.114263925483943
-0.435055784135012 -0.44402992172005 -0.236500815446474 -0.0431018269178216
-0.0571921589479582 -0.652543127633906 -0.0955839330429135 -0.159280005689664
0.42242075266851 -0.49490356287912 0.0510146044770464 -0.117536109116223
0.73142388829728 -0.305018149383194 -0.0468405025322939 -0.0470272637398102
0.525425661234187 -0.414097913025525 -0.678704970277923 0.111317963798928
0.242507640110217 -0.549359417334756 -0.400402703488175 0.322485345601575
-0.129717786411979 -0.543457704202039 -0.0344827792530073 0.242990738053441
-0.396036301087802 -0.30396839140634 -0.0396794433624084 0.109804296987085
-0.395381666134645 0.0415108108074761 -0.124483717211591 0.0489710446348342
-0.295259639002157 0.182975490462587 -0.221779598065265 0.187105945207124
-0.26342913101653 0.290425918446169 -0.145526107593649 0.308664038159625
-0.196860002689727 0.307396277188699 -0.10948243531588 0.347880273382221
-0.227557173863359 0.279277761762617 -0.156722189902135 0.325014829744851
-0.30987938357108 0.11328705092672 -0.249544814201985 0.260744959767812
-0.319608283269705 -0.0502258348282921 -0.296556741431419 0.0984686081039145
-0.257139686807798 -0.326974845589238 -0.240398036552547 -0.0599363974840863
-0.00551944124515962 -0.437964160471257 -0.0883724080749288 -0.130800529737089
0.31257503705237 -0.331855702216175 -0.0240839099666614 -0.0102670903594589
0.552731143689803 -0.236201827509025 -0.255583298687068 0.0415017200338412
0.272563219151954 -0.292792314035862 -0.790802599702751 0.183435698283583
0.0892388002217211 -0.323969352192329 -0.446310078808276 0.397052805091495
-0.0900807364606908 -0.267312425160379 -0.0455629272910891 0.227677542408373
-0.190993050455793 -0.134794687930891 -0.0696323997300227 0.0713862145301376
-0.184038238335606 0.0107406228353627 -0.213890965975159 0.0468374742436256
-0.160467180705773 0.0725460475812876 -0.314322109281423 0.23092606112822
-0.167780044056193 0.120519254938468 -0.226162047230338 0.395059440807883
-0.13294285440965 0.133605906980476 -0.157261676999683 0.432226368458227
-0.152167236922652 0.109692633464063 -0.2150778886636 0.39551383418509
-0.174309513174358 0.0139226297053862 -0.309815477670388 0.268517680275913
-0.135728950081127 -0.0703602836379907 -0.33054202397397 0.0601593869481093
-0.0729954735717756 -0.170615129620277 -0.210638971488438 -0.0811962891570616
0.0297526851453998 -0.185743617049501 -0.0642959340107368 -0.10652485683063
0.157817066504725 -0.143573986538727 -0.0712575343613794 0.073488900379206
0.299310114904355 -0.141532390326069 -0.394706914616645 0.121623027022856
0.0628699316063481 0.0653681429577038 0.45478896078339 -0.270930311848717
0.0523940411983655 -0.0316657183944579 0.120926614471375 -0.21794285449719
-0.0222524459871271 -0.0717387480844079 0.00225302264357684 0.0722467506931435
-0.0854464571477322 -0.0187825505088475 0.156262457607183 0.116939131968661
-0.0505039614233939 0.067698397504606 0.328110188049852 -0.00938364916353071
0.017380412490983 0.0664858626389032 0.363030101303769 -0.235850971370344
0.0519808348084608 0.0712211884819437 0.256595613044554 -0.403663249529097
0.0451875322973962 0.0533800888180257 0.169611775942648 -0.437116324745226
0.044115770233019 0.0521075015051838 0.225568029966087 -0.411423552903872
0.0124054958170944 0.0520460373419442 0.289815982515303 -0.264955102686303
-0.035591475570645 0.0335532888831395 0.247516499735114 -0.0656999108462805
-0.0401072560537913 -0.0228723822532837 0.0975439619944829 -0.0526148741095715
0.0234952223835582 -0.0184739153415534 0.0871341204032428 -0.172746057159991
0.0111148436484516 0.0521920054296015 0.369627345782983 -0.313290651761186
-0.0431448611517244 0.0776844252352598 0.779271309379973 -0.147130419388509
0.319705335481346 -0.0789219315055575 0.372566679246323 -0.263800833246231
0.201782203227316 -0.218450734156394 0.0792980209535333 -0.208236911042861
-0.0215305392528706 -0.297065850947791 -0.0130749592505453 0.08894503039326
-0.223241928735479 -0.183150738335681 0.12932442258479 0.141791774801082
-0.225443601944133 0.0608448376757918 0.321279111751251 0.00721857969292431
-0.12171622113613 0.15063181661859 0.347112950011795 -0.20185116078563
-0.0634808428058012 0.232364400238222 0.258898388842936 -0.36416057878316
-0.0403540457149537 0.236660722361882 0.162952496854133 -0.386405407069666
-0.0605807750193525 0.236272816120824 0.215086168365318 -0.365407739969019
-0.156460960840362 0.156734280036684 0.265716052137676 -0.207963289282403
-0.241504870636593 0.0459823019265741 0.212633264742402 -0.0281736110974889
-0.23846329422009 -0.197983218497559 0.0460676427334614 -0.0459743684921738
-0.018182088643028 -0.29650772555634 0.0636783505002991 -0.191892544163395
0.185173403892063 -0.175567364038182 0.369923202172704 -0.350453637398133
0.261860331680098 -0.0623202605301984 0.755507577707426 -0.198675173606857
0.537375520459781 -0.21980380100799 0.215036912186583 -0.234157007084459
0.324547074456412 -0.404754543977503 0.00508948042995991 -0.160789123822987
-0.0356374553570215 -0.505144569195515 -0.0206826218917213 0.119653263950376
-0.358511709818931 -0.325992088964337 0.109696153942483 0.159561029251719
-0.38485648947432 0.0581765368749469 0.289944398827165 0.014627526861451
-0.247718204756801 0.220918714383024 0.289086612206425 -0.149647121334321
-0.170874235068045 0.360520890393703 0.222503808745882 -0.272610895707108
-0.119901348514578 0.382388700532186 0.134398933244517 -0.275198477218984
-0.156388825627875 0.381788451372148 0.170823508301062 -0.260805773072003
-0.302057496391206 0.236061548321233 0.196594828625356 -0.116526320665523
-0.417076248442402 0.0506956774038653 0.133324298366167 0.0149277745856678
-0.411063296190254 -0.348771336934505 -0.0263454850341449 -0.042249137621583
-0.0600238400468715 -0.540325669670234 0.0224038599130433 -0.205690635209719
0.334463840425777 -0.382920880371368 0.327205225838651 -0.353080208319863
0.528751689276054 -0.19051739416269 0.634520281581105 -0.215200864533764
0.683304122482839 -0.343724458641064 0.00256365885804925 -0.175570255857222
0.396136577222679 -0.571756113543046 -0.0943603600945157 -0.0683437001130951
-0.078215878387183 -0.673812868792939 -0.0201488928629315 0.164144344695375
-0.484916245965954 -0.424237146929451 0.0909114209882313 0.169444953204467
-0.50866747749172 0.0646728813534617 0.225447300244728 0.0162200490956394
-0.341582529095262 0.271428140645613 0.189875480009024 -0.0775845302184963
-0.252578056021854 0.443001240394272 0.152898584568771 -0.142649859585641
-0.181660653766557 0.470753400608707 0.0843099113001054 -0.123729956843801
-0.22611689032483 0.462750679590078 0.0988683504291236 -0.115394051002687
-0.401664987931416 0.276194258326101 0.091838481580536 -0.00317235841694396
-0.528776554372499 0.0456355061885079 0.0220286334859169 0.059374473668561
-0.523181469928771 -0.45085690895581 -0.110777627175948 -0.0380000636301192
-0.0930948349440928 -0.70496025923831 -0.0286776542935001 -0.204589265151753
0.427999120815692 -0.528080208797754 0.245560913803549 -0.311407099962538
0.710392782253221 -0.285130715765723 0.436009574353911 -0.190988867834583
0.73401194077143 -0.432985024447283 -0.239194828662434 -0.0888816115986762
0.40233160918098 -0.678717884672264 -0.206477431278119 0.0624314934869227
-0.127469498584209 -0.757103873289388 -0.0185154293907808 0.208296297241254
-0.560761601256488 -0.455560227155125 0.0608265252938381 0.164695756495332
-0.566208803511005 0.0735406814740977 0.124219777300492 0.0231258637009937
-0.38638897562434 0.289933561057245 0.0586210627832103 0.0127763310323501
-0.298867294725865 0.46106064181323 0.059371888183881 0.01203559359324
-0.215399193396629 0.486868799208457 0.0217837136437485 0.045849887531681
-0.259918482097871 0.469540883711164 0.013150359731218 0.0466318746244062
-0.43330097603637 0.266679050810009 -0.0292257717486811 0.112507161272536
-0.545775724967819 0.0257674835969669 -0.102957969779298 0.0970982602534038
-0.536597604929497 -0.476087565980765 -0.186979235711804 -0.0343642673281264
-0.0986112403123341 -0.739667240520372 -0.0744336627138285 -0.183902562618019
0.452810229941373 -0.567219260663698 0.143660761161677 -0.224739428964629
0.771619006850103 -0.325640584506729 0.193364626582897 -0.128262022661227
0.674818018287757 -0.459094179659414 -0.47314149002013 0.0160124807220613
0.344546644780763 -0.673392906736686 -0.309287371222325 0.203927384607836
-0.150538777156086 -0.710383158184711 -0.0214494090567798 0.235298228568168
-0.533113085267206 -0.410972076505727 0.0138318017062046 0.143502334381304
-0.524874630044243 0.0698099542736424 -0.00130340380524273 0.0365322433047721
-0.368117745350824 0.26111082858129 -0.0845873995137837 0.109418039805598
-0.298688474766016 0.410665297392278 -0.0429739357516666 0.169013951791278
-0.215828724820608 0.429996157159711 -0.0435592807166377 0.208972931767136
-0.255005531033025 0.403985122950369 -0.0723779483176266 0.199559110241739
-0.396912556326597 0.208416718401734 -0.145506802039821 0.206670506746004
-0.464256574143242 -0.00878905293030498 -0.213151532713626 0.113392534675832
-0.436387582434279 -0.426295310436336 -0.232640317814914 -0.0393657245730931
-0.0648909363528102 -0.633817093288384 -0.0962246081055667 -0.154131000619658
0.40761108152066 -0.488451229398381 0.0483799816721969 -0.114642596629579
0.708208577839749 -0.306454536262577 -0.0490162967891807 -0.0437176175854746
0.508133643962283 -0.407560121972505 -0.659791912055491 0.114662329094694
0.233898660862898 -0.540693894372269 -0.388069721904337 0.320157103930973
-0.131035141324795 -0.530863844948607 -0.0328559589544246 0.236967159336757
-0.395794686239294 -0.295508479507304 -0.0361414773336365 0.110047164388356
-0.384550434746734 0.0451873906600965 -0.122444481338899 0.0485399978111449
-0.284953788247797 0.184070234592997 -0.212284738070693 0.189448307891699
-0.251193465530364 0.290743928950331 -0.1397910746888 0.302221121631122
-0.185454672512294 0.305310228594185 -0.103092178331057 0.340494867996133
-0.215677093135419 0.275793717786102 -0.14787958365225 0.318316090918653
-0.301582868882725 0.116662963198033 -0.237483637551158 0.259512269840835
-0.313195150029904 -0.0468121146706976 -0.288555057714819 0.100326011557298
-0.259343926062375 -0.31567470581463 -0.236910657005967 -0.0552137558814662
-0.0109764951857629 -0.426031963567241 -0.0904525597681641 -0.125743887645668
0.300162553507284 -0.328245453272638 -0.0242541618092492 -0.00978254013243685
0.535214582198999 -0.237856738473062 -0.251011241003305 0.044042149299484
0.263256330430623 -0.286969388148687 -0.770088151530742 0.186731946913626
0.0870754128937409 -0.319014788347552 -0.433435762653753 0.393834826318352
-0.0890497184593347 -0.261967192682323 -0.0435127186266556 0.222844935641936
-0.19128581075028 -0.130583892216117 -0.0650814361372013 0.07189455149971
-0.178007997212148 0.0135925749873322 -0.208264230835507 0.0485852468701882
-0.153568150044414 0.0732245260356418 -0.301563111054599 0.233333665176163
-0.161476992939198 0.122985113397902 -0.214383540737314 0.389022102012768
-0.127689894621037 0.13486356867762 -0.147136314640759 0.423618447916985
-0.145705348618161 0.110681267953178 -0.201953760930735 0.386171900689351
-0.169902354696745 0.0180421700636187 -0.295148024632312 0.268210175820997
-0.133791133891096 -0.067313906270719 -0.320359305595626 0.0631896752616623
-0.0757635341452765 -0.163824370430578 -0.206796015842538 -0.076539098500492
0.0261079694567807 -0.181595043721676 -0.0673886307411084 -0.10234876020389
0.152287281366958 -0.143124362348903 -0.0697441453784078 0.0718349701111452
0.289932914500954 -0.144073903558797 -0.386585137717379 0.123007508998053
0.0606893210893798 0.0644796725289903 0.453980253775202 -0.264975522722021
0.0506603850476669 -0.0286766115149232 0.121922897731147 -0.217530191766574
-0.0225421049865064 -0.0706844178133374 0.00282994106623079 0.0716955614323061
-0.0842788987882072 -0.0199960972866493 0.154547376711841 0.115188139060197
-0.0502317194881987 0.0671062174743097 0.324500472282875 -0.0120188469875249
0.015041738169232 0.0661563652452335 0.358187939407099 -0.238279582423751
0.0520056615466351 0.069563334626776 0.252511430033553 -0.401518237689551
0.0451747016254886 0.0533300406654033 0.167345227838573 -0.432666213390786
0.0430295628263699 0.050264635138584 0.220381811568484 -0.408181123066497
0.0127442538586923 0.05034946482364 0.284338944208601 -0.264736789938425
-0.0342355713847071 0.0335937896901284 0.246061900277748 -0.0660265842642401
-0.0391420630071512 -0.0222694521871741 0.0961802788488785 -0.0518443701271803
0.0234254190454659 -0.0167291638672117 0.0895168810274691 -0.172676990780934
0.0117211102539796 0.0543005117630637 0.36987685032862 -0.31026147667863
-0.0441827806469728 0.0781562252468709 0.776424479169256 -0.143543065170343
0.315561090802751 -0.076449919563979 0.373653276116521 -0.257509341702998
0.199516852902856 -0.214405613316303 0.0813603293388 -0.206515033525924
-0.0208454027215596 -0.294779248218642 -0.0131287486197367 0.0875977174741755
-0.222920374225442 -0.18414966425801 0.127568718279606 0.140942308364569
-0.224679978848481 0.0604066475154626 0.31605023260427 0.00449475758926125
-0.123781701485106 0.149846920416741 0.342603744746041 -0.204567547345703
-0.0609887996961366 0.23069780412082 0.252482279809624 -0.362581308921537
-0.0377301275983372 0.236236974495729 0.162828944879447 -0.38120826162373
-0.0599960655870563 0.23316808208575 0.209358509426433 -0.36171937536381
-0.15556293309859 0.156912229074248 0.262000436624096 -0.208245171297331
-0.240308306858616 0.0463135475901862 0.211328191757013 -0.0291477395631554
-0.238863257064595 -0.196963810223181 0.0454050085522804 -0.0449720741806232
-0.0171684718028705 -0.294490750481426 0.0667246664610384 -0.192115658917785
0.185683649777615 -0.172494219327718 0.370961448782885 -0.347717621333615
0.259497670022468 -0.0608210855595279 0.753271896510394 -0.19253565443124
0.531722574809633 -0.21528364101059 0.218745867874149 -0.229377924246372
0.321142228448819 -0.397432847555676 0.00849693308113802 -0.159501166529023
-0.0338747246637148 -0.501265376567976 -0.0215784370692624 0.117412867268883
-0.360176225849339 -0.326888680277645 0.108208011216815 0.160354712894772
-0.382304833051703 0.0571638696416056 0.283882903611791 0.0114011288063278
-0.24772427014818 0.219997389135338 0.285406597157278 -0.150692374764785
-0.165741356311753 0.360891450117237 0.215660609303689 -0.272464737528419
-0.115515291878061 0.383898841599769 0.133908773773794 -0.271299538673825
-0.154283328797331 0.378422223458472 0.165694308072289 -0.256972670121979
-0.302009312191775 0.236955018096724 0.194077197907375 -0.11542054821183
-0.414977544025399 0.0502647703494487 0.132633720281817 0.0139578629033169
-0.412113437387376 -0.347677893691847 -0.027685581403885 -0.0411546435255239
-0.0584828956906471 -0.538775109363772 0.0245952736403891 -0.205130028535158
0.334213013963605 -0.379207910178992 0.329688939141216 -0.35059425330645
0.525276673794426 -0.187956468337318 0.632588707716193 -0.210536380776672
0.677742761585353 -0.337857907277662 0.00755672657891636 -0.171985616821388
0.39270680502304 -0.565986294556969 -0.0901892980899127 -0.0670533853507761
-0.0759173205045944 -0.671304477362902 -0.021462684158389 0.162442080007434
-0.487408682846168 -0.426054959536889 0.090080876332326 0.170925581155349
-0.505810666388804 0.0641731634317982 0.220728788730348 0.0132623055717698
-0.341950990792226 0.270888793935594 0.188002520376956 -0.0776147583860496
-0.24768653539081 0.44340516891911 0.146475193616444 -0.142657347087083
-0.177526919662167 0.472085522924474 0.0844091204892002 -0.120277425442371
-0.222536612723076 0.459704257466527 0.0951940859171642 -0.113367249544026
-0.400818727960786 0.277063084384258 0.0911692253987593 -0.00200844501168038
-0.525970996381792 0.0436123916117908 0.02008426980384 0.0584587909863458
-0.524999292079616 -0.447910821683674 -0.112812045475335 -0.0375528593881188
-0.0916308403067232 -0.700434183451895 -0.0269468441781187 -0.203839663929252
0.428583528486956 -0.52309165168558 0.247574783547822 -0.30965858710332
0.706106394770644 -0.281638689725813 0.433693113173433 -0.186458637002159
0.729799396333952 -0.425866156835558 -0.2332887586287 -0.087592063115264
0.401489214229769 -0.673618290766984 -0.202589603236331 0.0629935220234295
-0.122812937550393 -0.755412149200006 -0.0202541204382429 0.207218023742407
-0.564165663119894 -0.457106606716204 0.0611596740339967 0.167320372042035
-0.564041706226719 0.072678662972051 0.120331220764236 0.021059599560092
-0.387268453554811 0.288432378937042 0.0587652410565876 0.0141778529180624
-0.293664629491218 0.462905993486273 0.0537636748896517 0.0110984287382116
-0.20987566774543 0.488916916412967 0.021974394954857 0.0478814941439132
-0.255850503554892 0.467792632476007 0.0103491624631699 0.0477611299154122
-0.433351899238971 0.26760638053909 -0.0276519894293143 0.113379818979817
-0.544045144971364 0.0245593026934203 -0.103929162651642 0.0957676376080832
-0.537351470984567 -0.473967273770458 -0.189000064663967 -0.0340491564780518
-0.0969466207385699 -0.73499049492299 -0.0733890095307766 -0.182755657361396
0.452157513688815 -0.562774405320217 0.146529979291525 -0.222869323902417
0.769484625789574 -0.322695636643526 0.190507117894232 -0.12564135209493
0.670461150522964 -0.451573194513897 -0.466666942176216 0.0142652206266538
0.345951565537131 -0.669274900678444 -0.306306687865548 0.203445087028113
-0.147117851711234 -0.709125353767136 -0.0235978263375684 0.234201986930265
-0.537588192969124 -0.412430647085949 0.0152309309879599 0.146609106913704
-0.522288086795087 0.0694992270117739 -0.00396775111149453 0.0347183230802083
-0.366633372621433 0.260632333985299 -0.0823735566497866 0.111837733132961
-0.293614725333931 0.413454719935286 -0.0465937838963707 0.167543704574463
-0.212011842029586 0.432051298536912 -0.0429689780382423 0.20824750612717
-0.252190449073841 0.401684887265402 -0.0741147520795943 0.199616590410086
-0.396043978231315 0.209451737153867 -0.142076413033384 0.207167667637656
-0.463532018697426 -0.0108032885289986 -0.213962365849699 0.112212181322721
-0.436767343952199 -0.42381009496976 -0.233780360638239 -0.0392660907440272
-0.0633242992822695 -0.631405208617596 -0.0968282045117335 -0.152817376019964
0.406846322449978 -0.48372798974513 0.0496990922803747 -0.114119340277577
0.70460512292389 -0.304389441115081 -0.0513235986571757 -0.0427376693667533
0.506534239805344 -0.40264162028967 -0.654862905207557 0.111993404493163
0.237678093291837 -0.538579654072568 -0.386647885080766 0.319005328976685
-0.127252550852573 -0.530529183339421 -0.0350153782794776 0.236784806586132
-0.399088989155303 -0.296576490716504 -0.033344240049654 0.112243612169824
-0.381533965353172 0.0447125368201517 -0.123367124730161 0.0471076643432619
-0.283751631189366 0.183286748820621 -0.209000790209656 0.192731258322836
-0.246854979533744 0.294782932129752 -0.140531380748785 0.301193439186071
-0.182228012606151 0.308026045362685 -0.102406624686929 0.338836080280097
-0.211712303809239 0.274248363607374 -0.147400749342037 0.315799016129342
-0.301131181550989 0.117693749749587 -0.233532493699437 0.25944370569214
-0.31245503529155 -0.0472227934978126 -0.287301042675307 0.0996208431879601
-0.261210279607976 -0.311637395383335 -0.237221341160241 -0.0558912520358258
-0.0111363785794393 -0.423310215808974 -0.0917506022901553 -0.123740636713333
0.29969119157076 -0.326045193000089 -0.0245408678548251 -0.00995311057355645
0.531214793147854 -0.23800079250009 -0.253566472639919 0.0437333148382043
0.264196694846623 -0.283963748918665 -0.76559081753671 0.180892125936981
0.0905209958935842 -0.318764629403388 -0.433571280089088 0.390230172529383
-0.0870613023842081 -0.262838999925769 -0.0446175519855864 0.222535524349106
-0.193920076327854 -0.131640973827566 -0.0623650916540266 0.073773759619497
-0.176792539869321 0.0124277154652808 -0.208194195380169 0.0489572502500821
-0.152183975651825 0.0732371227245428 -0.298063525331706 0.238010512387908
-0.160098052800396 0.125969004451757 -0.21294931116225 0.38716265024812
-0.126060350282332 0.135870998608239 -0.146105208772202 0.418710466716358
-0.143226854297446 0.110645692822196 -0.198652681789414 0.383231887459861
-0.169863431516821 0.0193100379757828 -0.289534452055698 0.266969608215088
-0.134393799391961 -0.0672675897330541 -0.318523399111566 0.0636269900215939
-0.077507099542594 -0.161782633125695 -0.20596708290769 -0.076624436587123
0.024992032927352 -0.18110681543371 -0.0695948541995943 -0.099932685420389
0.150908156953339 -0.143695229887757 -0.0695273329093955 0.070944152480801
0.287699438143449 -0.144311313211764 -0.387682675877848 0.121862913219985
0.0610134832330095 0.0652127062011093 0.464549748115317 -0.269042092548412
0.0506907110448048 -0.027305247362312 0.124472624588903 -0.223342164643281
-0.0236144096084804 -0.0708473846106122 0.00379522547918795 0.0731265171402312
-0.0854315005729259 -0.0214929770749002 0.156583027748838 0.116299936294853
-0.0508050887378838 0.0685679524707458 0.3283858716928 -0.0158414033580469
0.0135577721843305 0.0679612084292041 0.359092704148558 -0.249620984445557
0.0539075264249391 0.0691523529402131 0.251798793009027 -0.412177188314398
0.0473483355793084 0.0538746823156138 0.167834422105176 -0.440492997785081
0.0431249156323944 0.0502097366763112 0.219038735543172 -0.415657717187758
0.0142614987896289 0.0503322778024679 0.284439436761353 -0.272621002220681
-0.0335437133035913 0.0344023902311624 0.25123782430169 -0.0689007980855199
-0.0389741460506029 -0.0224202467259464 0.0989115688590071 -0.052717656800667
0.0244972397098113 -0.0151839193816266 0.0919554219967064 -0.178337631147559
0.0133937514329309 0.0570142527101555 0.377811715124813 -0.316572984076311
-0.0456429063758082 0.0809556346472777 0.796090113417347 -0.146324557939605
0.320066458947846 -0.0775019800224527 0.38200936567125 -0.262222406056614
0.201505180743401 -0.216666906117712 0.0835241303644604 -0.211354560846097
-0.022853623383122 -0.299514301929399 -0.0130180773946282 0.0892235739377362
-0.230303462008507 -0.188564898136288 0.129198002624735 0.143037101172982
-0.227851051507017 0.0620658842492544 0.31821236872852 0.00047420666601824
-0.127343913763069 0.154253645758845 0.34430892030645 -0.213143114568148
-0.0590673382987764 0.234622611291699 0.24967439683622 -0.371021616274153
-0.0342853851853059 0.243340282403623 0.164136607475991 -0.387251245623862
-0.0594769130878068 0.237439747306572 0.208328580795808 -0.367974674404155
-0.157561478252978 0.160390726997091 0.262883577413229 -0.21387788142568
-0.244448705356021 0.0481614356879804 0.215038210520961 -0.0310271264632682
-0.245506907725534 -0.200051599246918 0.0452947901604642 -0.0452802632989922
-0.0184414718786667 -0.298953137157661 0.0697170307349446 -0.197418603320039
0.190569877413752 -0.175595446502232 0.379878540876553 -0.355615432713121
0.264641555952639 -0.0625736787349172 0.770114910823912 -0.196428134504841
0.539630042513144 -0.218588922915272 0.226536347903101 -0.232146920144099
0.324758510109472 -0.403871599506221 0.0108385524318371 -0.162733260718343
-0.0368180968805588 -0.510618106592882 -0.0218982393918565 0.119933358488371
-0.372397897657116 -0.334104100529338 0.110570601963599 0.164330534314776
-0.388592244464161 0.0597284735445477 0.28513818472999 0.0074429883051526
-0.254050104680376 0.227044489063178 0.288123241634117 -0.157244250286503
-0.163288015574041 0.37010567646984 0.211684827192111 -0.27870560383108
-0.111900798012589 0.395636523196246 0.135662964064615 -0.274840663358741
-0.154674382615486 0.385645446270413 0.163628953884193 -0.261002431146037
-0.307302678223536 0.24373559815114 0.195782389318772 -0.118664527174306
-0.423897865152174 0.0537385526340827 0.133993649296554 0.0130047798908764
-0.424857311738764 -0.354403728836853 -0.0303759825711278 -0.0407370919472355
-0.0610285896625359 -0.549374745763222 0.0272764591736106 -0.211000002975487
0.343006161738494 -0.385564835582468 0.338100649136231 -0.359710389819776
0.535801472166831 -0.192526865913626 0.646151395653783 -0.213515176239431
0.689386168897831 -0.343756560393653 0.0115875192357203 -0.173762836827534
0.398841921060695 -0.576162290243044 -0.0898313174588344 -0.0683553656404622
-0.0816684624401956 -0.684655018946369 -0.0223028249878643 0.166103639989906
-0.505956426855041 -0.433509645537137 0.0945198830517476 0.176362598827319
-0.514720739858959 0.0676380397234937 0.2205954150329 0.0100924453323187
-0.34828187844859 0.280136296413083 0.190490676228823 -0.0808180914492429
-0.24552642594116 0.457001212203766 0.141747910334458 -0.145805012569249
-0.172338346989054 0.486772691026322 0.0866442929392156 -0.120835272347449
-0.222869660858084 0.469763693142712 0.0930462909898234 -0.113324472977803
-0.409559057304572 0.286244928714458 0.0927488786112929 -0.0018314075367849
-0.538569120073342 0.0473056443529729 0.0195127279409576 0.0591170128791956
-0.542101624112001 -0.454934130303203 -0.118074410956101 -0.0363238202561809
-0.097149756736962 -0.715183486170221 -0.0263140497913806 -0.208195017126526
0.437883855045464 -0.533908225689954 0.254610100148403 -0.317460368598051
0.719596377115843 -0.289644122636934 0.441587633821789 -0.188729834110605
0.742119912671159 -0.433223432679785 -0.233451386328619 -0.0874974391431415
0.409231538314371 -0.68960053874332 -0.203795503721866 0.0652550448037131
-0.128916639297842 -0.771756171372624 -0.0211348124113344 0.211859701161072
-0.586591471716099 -0.465477047942902 0.0656064869216024 0.173465242963132
-0.573285306410794 0.0771715629929084 0.118814857411219 0.0193531686071352
-0.394815900778011 0.297017546181321 0.0608868235164734 0.015963054843669
-0.292252544854145 0.477494519233498 0.048740717967086 0.0124121497177144
-0.207066076118919 0.50525540385452 0.0241492826394275 0.0508150312543015
-0.256326058704084 0.47758283107994 0.0081778631959807 0.0516055007194568
-0.442538344651553 0.27788448497617 -0.0265410717809374 0.117318781911854
-0.557001059258945 0.0274384670388945 -0.107582286223845 0.0985352650461272
-0.556005070541576 -0.480173621657049 -0.195698145076098 -0.033107933382921
-0.103536361872837 -0.751228757791032 -0.0750402240202967 -0.185701167914071
0.46095328822859 -0.574543621504377 0.150740839211299 -0.229417625792259
0.782841043919451 -0.332333178607753 0.191812055676594 -0.12666698229653
0.682758826087359 -0.459646827091188 -0.471886745207236 0.0151230350306361
0.350945720859078 -0.685347928111386 -0.309919030759265 0.209443495251045
-0.153986068215089 -0.726065481544765 -0.0244247185896121 0.240572941840632
-0.558408970507744 -0.419586302388203 0.0194680018688979 0.152792850433402
-0.531064317281695 0.0731545938527029 -0.00634235980556013 0.0349824064131334
-0.374174957595565 0.270485295607636 -0.0810670698147905 0.117298649575325
-0.294034557953243 0.427161611966962 -0.0510114642787039 0.17277189618592
-0.210245755399396 0.447370873509492 -0.0417300519684873 0.214221882629988
-0.252437011185263 0.411297397701676 -0.0755004983977822 0.205186510681855
-0.403669291426883 0.217877449103087 -0.141667066594539 0.21361235503765
-0.474822059939985 -0.0100529608059128 -0.219469197065285 0.116536963620373
-0.452843131768281 -0.429562404690157 -0.241641260198339 -0.0381712285928557
-0.0675799385430031 -0.644030057480941 -0.0994914034653934 -0.153959549269446
0.413127594664762 -0.493706345585521 0.0520648540293661 -0.117353567454118
0.716653125913333 -0.313901207029151 -0.0555020019842108 -0.042016447014366
0.516707389113672 -0.409908052477872 -0.664295680064015 0.112126250051044
0.24243368636067 -0.551966270583588 -0.39245714724447 0.327694005890904
-0.132451720537343 -0.544892968222581 -0.0359247494585889 0.242987353274027
-0.415652788664302 -0.302183948997033 -0.0295251070827526 0.117666526442145
-0.388766269108155 0.047333895615238 -0.12663263719491 0.0498128147498938
-0.288730888362796 0.189471575672529 -0.209597955979447 0.201730278938351
-0.247134496805237 0.306490907860334 -0.143197654539894 0.308688542147689
-0.181567083998918 0.319001148900453 -0.101784340617111 0.345834758702129
-0.213407004998637 0.281251982314773 -0.14814769037484 0.322850732083081
-0.307179619586475 0.123785178808765 -0.232827582844749 0.266990012190558
-0.320181642370014 -0.0473157888107295 -0.293994286409128 0.103532808331548
-0.271056059915486 -0.314960886244783 -0.244015781711814 -0.055225663594391
-0.0142569987163729 -0.432532756358113 -0.0951690683113408 -0.124503780280489
0.303189166880985 -0.333087485016824 -0.0236393402106436 -0.0106539377168965
0.540347575777905 -0.246012401345882 -0.261285180275078 0.0459299689317736
0.270793173798701 -0.289530097778574 -0.77984795280344 0.181500581593534
0.0933077288647502 -0.328470590691119 -0.44112428597858 0.400941948560398
-0.0893339902300149 -0.271545823283817 -0.045957430301023 0.229087707244414
-0.201673017820336 -0.133694780288124 -0.0597679211268817 0.0769152873471359
-0.179274636105315 0.0139038313822553 -0.21109496297975 0.0524034249893536
-0.154649537728952 0.0754791482541418 -0.299840881354858 0.249104283048863
-0.160986952051404 0.133515058618867 -0.213890257514944 0.396542071322014
-0.126153649399796 0.141901217575277 -0.145991674835749 0.42773561360831
-0.144318919376143 0.113807966282461 -0.199082696823393 0.39026936536905
-0.173997372379781 0.0224272755916309 -0.289967764018764 0.274726531505699
-0.138633937262332 -0.0681531525739697 -0.324571806404121 0.0675509048621669
-0.0818843782520095 -0.16253491454721 -0.212027766584469 -0.0771854416447003
0.0236598497998505 -0.185009769418418 -0.0732607203998504 -0.0999906054766721
0.152129972584804 -0.147529719829908 -0.0701933174997986 0.0722007071855133
0.292353696293851 -0.150635854674319 -0.39744391715447 0.125737740797628
0.0664890120240302 0.049729287353684 0.456653031663315 -0.300155662790577
0.0449135587457289 -0.0351444310015012 0.112366774351325 -0.235129296454592
-0.0315249073067448 -0.0671467825924095 0.0167252975066468 0.0734136649065572
-0.0864964891533757 -0.0129400788904961 0.170279832301584 0.0999576921149146
-0.0404943245663383 0.0693760155273379 0.327636584006896 -0.0486755852000945
0.0185980146120278 0.0608502077422078 0.338525148728406 -0.285638840121321
0.0634139997719696 0.0581787329963446 0.209869603492839 -0.443829699021859
0.0513614747750874 0.0472319859771133 0.132470834499661 -0.464508150997341
0.0496745993190627 0.0455621501085247 0.190412973161083 -0.452601002215499
0.0213198450281051 0.0520313742895432 0.272385099905163 -0.31160656838763
-0.0296407219620231 0.0413216419771217 0.258767328306453 -0.0958549280080799
-0.0407796262310672 -0.0164309263690211 0.101303672119675 -0.0645526312222095
0.0276034094030537 -0.0142167832061363 0.0811574380406354 -0.196361945380505
0.0234356369413894 0.0681188433645653 0.376131605095766 -0.368617237284454
-0.0409290170406524 0.10095268010357 0.830050621378731 -0.206086519186925
0.306991183840499 -0.122174869333008 0.383543364316016 -0.266849190688136
0.17415758546028 -0.241481795046754 0.0831698371354457 -0.209967538256205
-0.0580254373417895 -0.297528593840183 0.0199258458637509 0.0936981117370657
-0.25544422162681 -0.162051824573668 0.162131772409862 0.12182600416044
-0.21933058161718 0.082678186312235 0.317552015124599 -0.0428768051901553
-0.115851283777408 0.163047245646422 0.323280404730955 -0.254377876456165
-0.0297439509873299 0.243701684255792 0.20668503827789 -0.415117888355732
-0.0123089005943026 0.246347149549456 0.129772952717513 -0.40835082114537
-0.0336877444433284 0.247542004513754 0.183387801095879 -0.40064357563472
-0.143380782566789 0.183179251277846 0.257517630449379 -0.251687909978684
-0.242471811659826 0.0769059167525606 0.226513397411279 -0.0556559045021912
-0.273561336866352 -0.175140480554753 0.0554559626073513 -0.049822519009877
-0.0452200074445588 -0.301816556166024 0.0628291626408145 -0.202752040664325
0.188116327826887 -0.190376617971743 0.359026293034655 -0.404377025130262
0.274231649257125 -0.0764774601201715 0.776549055834497 -0.26029133599944
0.511081681076883 -0.285992918226433 0.235337351621869 -0.209036163846147
0.277942116975604 -0.441843009733233 0.0244536089152453 -0.146116954036885
-0.0987008963610023 -0.509873973025464 0.0319283786819709 0.126150153937652
-0.419210165614768 -0.289249067341341 0.160887529464708 0.13623539282288
-0.381128084924826 0.0976183391278108 0.283311817730623 -0.0445519181761091
-0.237681134125461 0.249594204633757 0.268510938323583 -0.199584487523048
-0.119148805576877 0.39673339108962 0.17375875168678 -0.328632130580729
-0.0759480204161079 0.409284114207743 0.108362506058749 -0.290220076619363
-0.112683305610066 0.408222226876847 0.145623248124861 -0.28454490798669
-0.287867478885305 0.284866291806028 0.197422388167046 -0.148543430403823
-0.424656573291322 0.0994702674644937 0.147572649844994 -0.00565616451442906
-0.473829676182514 -0.312039007338016 -0.0158059993945785 -0.0368189297897443
-0.11487643553398 -0.555077646500423 0.0225142124063414 -0.201508477283343
0.328510849692052 -0.424719646725226 0.299995186151748 -0.399534189096562
0.549417135683573 -0.238564905786265 0.625961353406958 -0.274182473529893
0.645594083707295 -0.425998687218635 0.028026527205458 -0.125433295111993
0.332790191985287 -0.623471368842884 -0.0606507555358723 -0.0368553586720158
-0.162854223684211 -0.680559419050394 0.0507323997979851 0.171448785677695
-0.567611746546278 -0.372089146895228 0.157660001109791 0.141002547098856
-0.50871483119153 0.119574077880104 0.216969918024528 -0.0444212251111472
-0.329086160679266 0.313946485883997 0.175244091798887 -0.116879323542698
-0.190951551779742 0.499261837173217 0.113656037984815 -0.195196118465389
-0.128819865778981 0.509840480377173 0.0701288845982791 -0.128063555595587
-0.173265332804478 0.501529299694441 0.0852547819878395 -0.123903503436899
-0.38766999061714 0.339403173521134 0.102689830421492 -0.0185803266250258
-0.541279380742812 0.10455180960665 0.0324054119193379 0.0504795656056597
-0.607183298408555 -0.405027836809133 -0.103085952838014 -0.0226479586643774
-0.169002581540463 -0.724506369543293 -0.0308764113902824 -0.186222583510177
0.41311547456555 -0.589638943738011 0.205530079261262 -0.343580437608423
0.735920182038739 -0.359313423323986 0.399884118031788 -0.234784309991699
0.690448165102281 -0.51718118880756 -0.213028842942879 -0.019245654442931
0.333610638089832 -0.736406013721663 -0.161500716878684 0.10921336625031
-0.224078343124299 -0.7647421320513 0.0639885079208977 0.215819465618246
-0.655945445577449 -0.395433163419567 0.13406931244975 0.134697465286707
-0.568367758237948 0.135922528168649 0.113783663435458 -0.029644873118656
-0.373201369824055 0.340168446124747 0.0516769568438902 -0.0096593994089726
-0.235174715121293 0.529522519485744 0.0348728814845408 -0.0298372284171038
-0.160862596964954 0.531384807715733 0.0210936950335172 0.0529971364654698
-0.206875133015751 0.513539602139013 0.0113140458518524 0.0555442379680149
-0.422693813569384 0.331601354829069 -0.0119373608842952 0.116764494531522
-0.563917631171453 0.0832918280881051 -0.0974018606700374 0.103417934170924
-0.623388964955643 -0.42937821590512 -0.184674836420844 -0.0117454000969926
-0.178424006202583 -0.761795888629386 -0.0792660630505475 -0.156388502538914
0.432994681138593 -0.6370871488949 0.0989695818683922 -0.241030197521772
0.798062405879676 -0.413789023343263 0.136529609252304 -0.154751680208835
0.629568574479313 -0.532365385256888 -0.450931918418564 0.0959244354256222
0.279221063379919 -0.724758007599934 -0.260006925138482 0.26187925218345
-0.240341272414423 -0.716627485590372 0.0587731065696078 0.242537602646632
-0.622612892315787 -0.350814747064288 0.0827496951354097 0.117839793022398
-0.528574121250875 0.130349019256921 -0.0117184753744004 -0.000139149114147112
-0.35479278544858 0.313061039745558 -0.0827610850115514 0.108305501839339
-0.243355387780992 0.480469093646082 -0.0491472162915716 0.145670538561795
-0.168947463181376 0.475306299305879 -0.0306700964779436 0.22552193258096
-0.209101503824858 0.445334845837174 -0.061675777931114 0.222105182678784
-0.391384029478166 0.265536462801256 -0.12425199077156 0.22906931368829
-0.48439887391877 0.0361729110347292 -0.213624801383334 0.13377593379735
-0.510572082500738 -0.38907906019274 -0.238274445394547 -0.0132716274226923
-0.133039844161703 -0.65511488805927 -0.106210187349507 -0.125146144285805
0.389212442737987 -0.550377685502578 0.00892673848689343 -0.117358024183683
0.728903122322697 -0.393190335125448 -0.114741344995841 -0.0484420645571803
0.468284789226798 -0.460011296811484 -0.646734271787587 0.193760931890168
0.185019982051234 -0.578341588394272 -0.344822699898066 0.381850919225588
-0.197020332292158 -0.536239277420457 0.0316428697307546 0.245918376992521
-0.462445823618428 -0.249125889971094 0.0169604864341547 0.0946412551793414
-0.38804745334861 0.0914211821793064 -0.130287230864556 0.0352588353671608
-0.274353645400008 0.226194140405228 -0.202752138567733 0.210400517535418
-0.210915462627557 0.352398807767238 -0.124370305784832 0.301178534772572
-0.151686977538186 0.343702873748971 -0.0779884665680322 0.365045980829405
-0.184350862147727 0.308914651940492 -0.125938729326524 0.350857326122448
-0.301775762663786 0.158335729796583 -0.216012448891706 0.295719721412682
-0.331331349951384 -0.0185931140412152 -0.294778558642292 0.130234985876767
-0.311681536628798 -0.292687619950444 -0.249543486226835 -0.0315857039807168
-0.0566408847161502 -0.443985684429422 -0.105140273864091 -0.102236263007931
0.286710372768286 -0.375739466188928 -0.0522912344662806 -0.00310691111325914
0.547301250303797 -0.308793698654709 -0.312083282848498 0.0598492439974676
0.236522946564768 -0.309252130381826 -0.770093542980244 0.252184994944367
0.0615122584950095 -0.3331971051139 -0.40357973054775 0.450753901725723
-0.120938116568774 -0.264588704174461 -0.00390144574370788 0.233360027616478
-0.224802919208283 -0.107380573305723 -0.0349625329657811 0.0691632327536945
-0.181572139806819 0.0362676171634658 -0.212406194191354 0.0604676588445329
-0.148829396976839 0.0980317738347713 -0.284833131882074 0.273913234497451
-0.14628379868834 0.163295149323293 -0.180894470780236 0.409794641061772
-0.113006788590094 0.159586538048692 -0.113359614145974 0.451620933451657
-0.133478697613669 0.13229137975137 -0.172051531685204 0.424088356268035
-0.176237902981787 0.039407517780237 -0.276050292756201 0.310316247398158
-0.148251612824015 -0.0590048396600783 -0.332193697884912 0.0977887303577636
-0.101205902293441 -0.157845745646678 -0.225259621632205 -0.0585871145633776
0.00588106118986497 -0.193525845439714 -0.0852329128490894 -0.0887783719223536
0.143269260887011 -0.170652347467944 -0.0810194590897123 0.0844668522643176
0.293399895322953 -0.190557106556263 -0.431425009335632 0.155678296260645
0.0690050038165067 0.0465866993132813 0.452433982139995 -0.328703040181884
0.0434816123341606 -0.0360987665404139 0.100990183975177 -0.244567834771078
-0.0353524335273972 -0.0659090865242439 0.0218330183319233 0.0751419664791985
-0.0901861698689984 -0.00943099202848335 0.178413136093911 0.0920792428207786
-0.037662540819087 0.0726232377340274 0.327153900607443 -0.0677565313433417
0.0212032631495478 0.0618814412242051 0.322658157922578 -0.310677860195908
0.0668774561259331 0.0536607986949342 0.184644391759862 -0.462338835136398
0.0553125151960133 0.0439576199997759 0.108342392138962 -0.479593998690115
0.0526507354151846 0.0428117534923504 0.165607091970147 -0.470780550153378
0.0247891600443142 0.049826474852018 0.255642341551351 -0.330816182466737
-0.0264870650834471 0.0431960993628381 0.258141460100734 -0.112753591086422
-0.0414937089719314 -0.0139839255224037 0.0994042224167831 -0.0719565250309179
0.0296468908970878 -0.0144093499232802 0.0728521958809894 -0.206340070381852
0.0277276633681636 0.0685596921063783 0.364191898398711 -0.39414017916747
-0.0368415608034322 0.105959334081801 0.835933037633173 -0.253699064788675
0.3049133764294 -0.140071464428188 0.382288869262343 -0.290812906833126
0.164083912138742 -0.251240670704522 0.0740078823642432 -0.217947776903182
-0.0760041667376704 -0.298981545512226 0.0263709094716489 0.0954455458560706
-0.272215404079206 -0.15020023371119 0.171520280679841 0.115298549855106
-0.218468693681327 0.0952458394580781 0.316394648958692 -0.061140094537541
-0.110068648840009 0.173828022819863 0.31055304880677 -0.277772871491825
-0.014804235795302 0.248390637896095 0.182574701046441 -0.42945108619972
0.00468137297202439 0.251983810860477 0.109271563811752 -0.421924925796526
-0.0192657972834864 0.253460846941001 0.159746215340449 -0.415900420256113
-0.135604501188272 0.194926716387425 0.245015290630402 -0.269330934894046
-0.242759775646144 0.0921701889107402 0.22693472371066 -0.0702429671441025
-0.289589004612929 -0.162132019636351 0.0530667841541447 -0.0532948226159302
-0.061773697552425 -0.305046778433766 0.0542839094959575 -0.212732212129295
0.182403766301301 -0.204066520304061 0.344640041849391 -0.431237769695299
0.274806433310712 -0.0926850355565695 0.778449809286247 -0.306089512024922
0.502901764850077 -0.317110061775409 0.234373917366881 -0.225272696558533
0.258569472687035 -0.462811300221824 0.018383888950929 -0.150269829339377
-0.13031881254549 -0.511530926378735 0.0402537244772353 0.127851033984863
-0.448394833563844 -0.269456608845625 0.172051671249605 0.130857788542212
-0.382678350141105 0.119286374503801 0.281677426543098 -0.0605431811184695
-0.229106694595246 0.270093674556387 0.259997966340674 -0.218793137589847
-0.0953070109363033 0.410294743949852 0.153279424492068 -0.339079912705752
-0.0481519725187314 0.423165207184608 0.0946517448933653 -0.299582478157023
-0.0905921231211669 0.422205237796905 0.129088902654605 -0.294936497427088
-0.27724583183318 0.3080970880388 0.191297183200439 -0.161645717327117
-0.428236194542102 0.125296895656888 0.149344582776001 -0.0136133933702574
-0.50469258606881 -0.291205653794004 -0.0189320483589844 -0.0346939822069862
-0.146837222930969 -0.559672936586224 0.0143926848644969 -0.209462692079473
0.313370574225333 -0.450281923049573 0.287098370139127 -0.424313235805202
0.547479686674893 -0.273915637299818 0.62403164689075 -0.311438987281226
0.63428739786912 -0.464768830366611 0.0268968130107179 -0.130152371012278
0.304673522609729 -0.649951147432051 -0.0609101712021583 -0.0343387490695229
-0.20708772381047 -0.684105118335328 0.0626269188425371 0.173416009859014
-0.607261535873984 -0.346115556419064 0.170854010061077 0.135099650115422
-0.510349314428021 0.148555744075686 0.214023929336309 -0.0561393853532081
-0.31767878215807 0.341214172852371 0.171898935380316 -0.129381008794885
-0.160927856790127 0.518595133456331 0.098565244222685 -0.199602351815514
-0.0954822738885302 0.528597233694205 0.065677166233658 -0.133166937581369
-0.146335082718499 0.521398065173782 0.0777414943900703 -0.127975185086048
-0.376723332861628 0.369124702668546 0.102427737037859 -0.0241966801125922
-0.549012107531138 0.136691337056485 0.0343197108880995 0.0513666127570326
-0.647044359206369 -0.376270293669017 -0.10720666710595 -0.0150204047242874
-0.212747502473449 -0.729529606805361 -0.0383350297783899 -0.19083657631504
0.390281281793142 -0.623555723525866 0.192706250188559 -0.36362631487162
0.729751248690672 -0.408502671754744 0.393731078084352 -0.259637535562444
0.675084026396612 -0.560676554917087 -0.213864547869751 -0.00944290422696654
0.299107607636165 -0.765644719814138 -0.154353983180558 0.119795572910046
-0.271990612982553 -0.768530768593194 0.0779851585441759 0.217998426414849
-0.69725634008885 -0.362387661375817 0.14744907186817 0.12967720696602
-0.570467706711718 0.170723846201352 0.111211719063521 -0.0362836286421648
-0.360187348047881 0.370724984932316 0.0546724248560119 -0.0124595658871609
-0.202889659029099 0.554353674330206 0.0288073343719098 -0.0266433950371122
-0.126258840096272 0.553295216774069 0.026415083352119 0.0527852134974842
-0.178997010856684 0.535374259107985 0.0145439675771865 0.0580841618910023
-0.411784752450828 0.366479607864857 -0.00462890475641997 0.119703160177826
-0.571740070700268 0.117217123871217 -0.0956068976505676 0.112727358671473
-0.665028922809374 -0.398778141345647 -0.19007124142173 0.00121310213518034
-0.225954167568175 -0.767904655728297 -0.086987299690262 -0.156347364123121
0.408472535313937 -0.671106222465409 0.0901052962476719 -0.254033235581442
0.788597880401488 -0.467282756797349 0.128671118942066 -0.16184834985445
0.612039332372792 -0.574634527714258 -0.451453281629894 0.119542279900796
0.245554419568043 -0.754321980941522 -0.247627690285044 0.280904533745082
-0.287495649945667 -0.72180568778311 0.0742591376403696 0.246707929539614
-0.66152320954426 -0.32091142630324 0.0948244829133036 0.115134269195278
-0.53048998167008 0.160885077178413 -0.013752131138189 0.00213702753129124
-0.34420821810331 0.341591441084688 -0.0733202506838755 0.116108784511194
-0.214664352892877 0.505291910915087 -0.0448765709317687 0.156496666181683
-0.137795498372398 0.497301066117375 -0.0167989190721367 0.2314086866456
-0.186104925658558 0.465894353496454 -0.0497983316111664 0.231879230628582
-0.382839934916484 0.296566515723102 -0.111546928388883 0.239614091386134
-0.49361990536459 0.0649808831756648 -0.212135180022164 0.150542758072647
-0.548301175587156 -0.366181490783469 -0.244850436816938 0.00296093155944105
-0.174411256606263 -0.661276820411248 -0.11294466629579 -0.121900537406833
0.36482890896488 -0.582610253854264 0.00324035809739575 -0.12287436320119
0.717831076082124 -0.444065421394334 -0.121956661707882 -0.040551240765879
0.454371629789007 -0.490829156080845 -0.649519768235276 0.22832613332651
0.158231009005881 -0.600346101031201 -0.327569836127942 0.408954973719405
-0.233585985316254 -0.539174360308897 0.0469375371908748 0.251677522794868
-0.49052767168246 -0.227033602098625 0.0267386171974929 0.0941900781389206
-0.389925380012922 0.114949323486236 -0.130726879311381 0.0436973774464052
-0.266648496230087 0.247148728894993 -0.188677809740946 0.228396778607601
-0.189753837818973 0.373943426393796 -0.110951783592196 0.316771801079401
-0.129878670923218 0.361695809161896 -0.056946126184389 0.375248849110003
-0.169620158602727 0.326326467933246 -0.107164556703458 0.364971328321541
-0.298787955117065 0.181679619204207 -0.200033534659834 0.312406511876074
-0.340521899345839 -0.00048852292377153 -0.29445130292214 0.150982733492499
-0.337861917213294 -0.277393865650634 -0.257052447717369 -0.0159304076753907
-0.0859236035687462 -0.448054621786262 -0.111246270811659 -0.0975009948663317
0.269985651935722 -0.397831498194657 -0.0525194269805259 -0.00268000398339437
0.538153169443311 -0.348338751652795 -0.317799329844829 0.080203109927612
0.226202155254788 -0.328114955937056 -0.773319902582979 0.292080106615711
0.0459951508394386 -0.346026168754228 -0.384212950095169 0.482236437069451
-0.139254029507309 -0.266182207076412 0.00946469854028919 0.239883267473569
-0.237090380183918 -0.0963583990356986 -0.0282090106032812 0.0704786068227513
-0.181990738461654 0.0460910180174935 -0.211869976716478 0.0725317145790537
-0.145855570336752 0.108495428577682 -0.269666418885365 0.297185053541204
-0.13597205518149 0.177959410064378 -0.159585411500315 0.427910809327893
-0.102596131151404 0.172130913090735 -0.0895341073096084 0.465512916087267
-0.127987158369902 0.144039930847365 -0.149387558524946 0.440827362250365
-0.176679215027284 0.0530726546704263 -0.259822562271683 0.330256125960255
-0.156013077578446 -0.0516356821384962 -0.333649657278831 0.120796156762502
-0.113696605830488 -0.153278149088665 -0.233533599966372 -0.045595074515476
-0.00788421893812671 -0.197031669615114 -0.0916302194518519 -0.083925785945591
0.135922839824589 -0.180758542132427 -0.0768237333830546 0.0878900719844525
0.286309892936538 -0.212814505384156 -0.434079753771496 0.184051682619376
0.0692114043445765 0.0416329879325748 0.433164895587319 -0.350949625166701
0.0406762810011618 -0.0360948436407265 0.0848905529828203 -0.247649075433037
-0.0386804413031962 -0.0620404746707169 0.0284109693827637 0.0743479482715477
-0.091033617042917 -0.00369092217064584 0.181845218563595 0.0815277360859707
-0.0331304857735241 0.074075501198056 0.317126997409306 -0.0867185966112542
0.0236108917172093 0.0606311605918924 0.295612106908588 -0.327081728592569
0.0677745422906042 0.0475275281097835 0.151143391087631 -0.465266696237033
0.0579124830598852 0.038828869971792 0.0770654281610328 -0.478931492849286
0.0541591044148106 0.0384025212125136 0.131124063011608 -0.473175963879676
0.0275717930876543 0.0456322905640759 0.230063447263407 -0.340833184047551
-0.0226624152941446 0.0441027215190068 0.248694372616908 -0.128290807574339
-0.0408974592530969 -0.0114316761290169 0.092691745887976 -0.0776894751671396
0.0305671911290509 -0.0161062989752412 0.0587534408349609 -0.209702342189826
0.0323434017334367 0.0667215545507818 0.336570546222699 -0.412331404654397
-0.0302342690528244 0.107816382231715 0.813397869347049 -0.300698556501081
0.291651447321816 -0.155765844442908 0.364891887520201 -0.308893941993392
0.146833975073639 -0.255190444598328 0.0606667990306113 -0.219312097987157
-0.0939954643993842 -0.290257705621882 0.0340962088160943 0.0943021427200518
-0.281543862228269 -0.131500299190344 0.177046664427882 0.104587310091176
-0.21114602480944 0.106383381042235 0.305675820615577 -0.0786099814418989
-0.0989242250554203 0.18060359528003 0.287112693632573 -0.293890459558593
0.00155474012165566 0.245124696801297 0.150078705371943 -0.430633925929641
0.0232284373962911 0.248052352285491 0.0826845333702035 -0.422182311359842
-0.00303910345195284 0.251730654608253 0.129303470337644 -0.418200761029149
-0.121948425759734 0.200577958003876 0.222773944501173 -0.279778914158968
-0.234708558219793 0.105370721206396 0.219818956086324 -0.0836133256631925
-0.29794084494313 -0.14122055328003 0.0491392411294181 -0.055609269955187
-0.0780971439777289 -0.298569738359531 0.0418707919947196 -0.215840432916749
0.169519944812372 -0.212751563344704 0.317093373511435 -0.448763959817604
0.265143826529107 -0.108702837952461 0.754594733613968 -0.347401033422972
0.477182856877153 -0.340569910240239 0.224023050729614 -0.236588032135323
0.227272839237047 -0.469088018317523 0.0117785404961817 -0.150808897732962
-0.161033527243245 -0.500005721113113 0.0497783898942652 0.12547568428926
-0.463977754874081 -0.237409846845015 0.179184033807396 0.119264484392443
-0.372389589283386 0.140402497447505 0.271521280002382 -0.0752828276025559
-0.210286849834468 0.283717782866672 0.242721957828901 -0.232163551565601
-0.0660219582474818 0.410411055782539 0.126857750259558 -0.338118152541667
-0.0159989951485155 0.42193004026627 0.0762024074363286 -0.301585163771457
-0.0615212168593691 0.423901090309875 0.107813270837656 -0.296366630815461
-0.255523995458397 0.322463223895937 0.177847968536135 -0.170067365553906
-0.417522447179655 0.150278382206696 0.146536363146959 -0.0214516399912917
-0.521091915380667 -0.254658549777672 -0.0214194961475519 -0.0317473568058778
-0.179993457376585 -0.546241972911215 0.00356005498180987 -0.210907715450529
0.284020390842435 -0.465075450325637 0.260239187230116 -0.438446177540139
0.523661022267505 -0.304297264714415 0.599363319243012 -0.342417075996692
0.59954177103585 -0.495528779164793 0.0242821173898589 -0.131045656036588
0.264613146274013 -0.658918001771104 -0.0595465703714799 -0.0322711558338219
-0.248313041682717 -0.664915790299331 0.0744692497779656 0.169348546031396
-0.62702670359431 -0.30286519748641 0.179368373924278 0.124283296767732
-0.497158519727471 0.178120519965517 0.205211682077285 -0.0666435717665165
-0.294005961945854 0.360545837296398 0.162565609334543 -0.138723036685734
-0.122925875329819 0.523119603953094 0.0822784348500753 -0.195798424356858
-0.0530779954158455 0.529985435238698 0.0584329160418224 -0.135577483606882
-0.11099520710281 0.525817542025876 0.0681943098821586 -0.128325569066419
-0.34981122217933 0.391825436278001 0.0994373977692102 -0.0291481193152803
-0.536522222088278 0.169467104393176 0.0364669682297785 0.0508873195770944
-0.668455866557241 -0.330543134467553 -0.107313619754586 -0.00600708192786322
-0.255799012524827 -0.71184426012449 -0.0476266547910023 -0.188826210932805
0.353135812911063 -0.640912259417796 0.170677513922245 -0.374314375647817
0.693684286234914 -0.45119847002068 0.372842733134047 -0.275250877994562
0.635744851911817 -0.591222606976089 -0.208822013682827 0.00100969227115183
0.250265406625988 -0.7760940812646 -0.142542292878245 0.127009198313178
-0.319828295420935 -0.746975859752295 0.0924110014628236 0.213847388243011
-0.719212663423952 -0.312761855987729 0.156497355876066 0.119150156863218
-0.555980684986537 0.201375497735767 0.105096399348232 -0.0400369553487953
-0.335392200682505 0.392604075967596 0.0561415284513292 -0.0164303613671639
-0.161900803060891 0.562511627589415 0.0251001987806358 -0.020365057030144
-0.0813857095321755 0.558139943635057 0.0307004939694025 0.050685817669077
-0.142160492111543 0.542051668997471 0.0177085438036473 0.0593852454665643
-0.385187966138351 0.391015442785341 0.0036495153784361 0.119184114702786
-0.562243365335509 0.151172432249541 -0.0882968909276824 0.119978933812171
-0.686845707292906 -0.351522584228221 -0.189070233584475 0.0154064983201141
-0.272566696443232 -0.745893276132093 -0.0931804585321353 -0.152270563622349
0.366841295052995 -0.69004660903437 0.0751102477995951 -0.260885205185973
0.748898932257619 -0.511800852350464 0.115926483422021 -0.165106006034474
0.574320644610867 -0.60570602151172 -0.438976186871376 0.142744657200225
0.199126497056373 -0.762368650286879 -0.226201214102956 0.291582344273797
-0.330327662556118 -0.698167380202441 0.0902463301551179 0.240686851050552
-0.679935419306111 -0.274468617311069 0.10360675402234 0.107594062813511
-0.515761134232557 0.190186421925269 -0.0147299276547972 0.0043341678138778
-0.318508900965605 0.361760156512141 -0.0605701627160649 0.118868919726885
-0.174630504611027 0.514152284851285 -0.036436105206299 0.163579701811971
-0.0974883674126595 0.504102429714557 -0.000706184557415667 0.229807110487082
-0.154304421434023 0.474414326712951 -0.0338757805363228 0.233710368270398
-0.360363248414098 0.319803482642493 -0.0945366495880207 0.243607268691233
-0.487850004346835 0.0955783211186271 -0.202294771013783 0.164679141031576
-0.569330995693411 -0.323819828800685 -0.242437709375121 0.0206272060243762
-0.215189306264554 -0.64358566565826 -0.117174838219699 -0.115454017137137
0.328692709959089 -0.598001272807484 -0.00317687617778099 -0.12532356881905
0.68050704475835 -0.48254348345102 -0.125052074678762 -0.0296243761979167
0.421703861194935 -0.513565667934813 -0.629988068533495 0.261466801754193
0.122091301511804 -0.605304149722055 -0.298395543203516 0.42286755406021
-0.265044240874927 -0.5217909296301 0.0624537189683955 0.24715327772006
-0.507228365319682 -0.193231195508864 0.0361462296046678 0.0902747303610542
-0.378571344061806 0.135753954084818 -0.12719756883914 0.0524508894852845
-0.249324346039499 0.262947968108121 -0.16683508218733 0.237879805284041
-0.159059321784095 0.383744517246903 -0.0901059567304988 0.32438948439426
-0.100627455361821 0.368600239354078 -0.0325292747048285 0.373745573381221
-0.145710025175233 0.336017282284637 -0.0813463908532001 0.367881685280933
-0.283295617822154 0.201196119044128 -0.176489166847213 0.319752677182974
-0.339237522554514 0.0213511602114265 -0.282472018397607 0.170373287195374
-0.353628131002241 -0.250938067557918 -0.255758483036526 0.00188001050499829
-0.114731489454048 -0.437585153850286 -0.115063174417397 -0.090240494154006
0.243493810998436 -0.409484628885934 -0.0518238743990778 -0.00270194258675376
0.508425406158177 -0.37941879620516 -0.311822840306687 0.10028976827519
0.205737762213163 -0.337547795529732 -0.750185822637807 0.333247206907489
0.0268073666608043 -0.347658402265113 -0.351525433522994 0.499457573177428
-0.155314345305762 -0.257226125469087 0.024958709115219 0.23775137654966
-0.242867200915239 -0.0795680644817596 -0.0209531599001806 0.0696996177296953
-0.176690464880321 0.0563118552342097 -0.20452887702314 0.0857062734319494
-0.137111114595768 0.116692063675331 -0.243982810964019 0.311481137929971
-0.119477465105691 0.186540766648673 -0.130946176613251 0.435088828751752
-0.0876978951030744 0.178497577607271 -0.0588912939402046 0.462594712370193
-0.117107360366969 0.152255733353583 -0.116990151879094 0.443833120437474
-0.171142358530061 0.0657156661191562 -0.234207798502503 0.341104952779534
-0.159304290081825 -0.0410188896155039 -0.321507235695707 0.142487786219492
-0.123580779862131 -0.141598639391081 -0.234033880961358 -0.0296511993834323
-0.0221383531958578 -0.193847502447625 -0.0955131165346846 -0.0769524762540195
0.123115114504368 -0.187632383393789 -0.0701843658328134 0.0891306940020686
0.267758532536137 -0.230206561849868 -0.421506059941272 0.209392838856501
0.0666775037639631 0.0377275158231031 0.411057590313916 -0.357989314450782
0.0377442274897322 -0.0342974316621262 0.0733746569196586 -0.24192612131664
-0.0402814596761099 -0.0578575084217169 0.0342772523491481 0.0725603210001103
-0.0891528611259962 9.5391377462492E-05 0.180387068687616 0.0716549440647777
-0.0302625251364543 0.0734639896673827 0.301757728546812 -0.0961066527298969
0.0241776241877249 0.0589096679493563 0.269658369909034 -0.329101262187015
0.0660671170508036 0.0416774861168085 0.126989328966322 -0.454461050027511
0.0573036335909599 0.0342740442735675 0.0564629483163513 -0.466465817503446
0.0535462605556534 0.0340728879749388 0.105636163831714 -0.460403397508893
0.0276522211477735 0.0413647691986727 0.207110479942196 -0.338267635350816
-0.0193060488920197 0.0429643382261636 0.236029450481526 -0.135648256240642
-0.0383382279906032 -0.00960983801160241 0.0861647390816223 -0.0788246586336471
0.0309039884170233 -0.0169612398858837 0.0487610905847307 -0.206197494888005
0.0340056715763803 0.0640416006016543 0.311694340312154 -0.411575544042924
-0.0253188981552336 0.105790639047689 0.778240222449571 -0.321750216287654
0.274669596080165 -0.160759612337806 0.347024883497033 -0.314044008251293
0.132381742238306 -0.249930718662792 0.0516008856714251 -0.214906212744225
-0.103639993314816 -0.275393134363088 0.0397857107466584 0.0904687628293394
-0.280706457218941 -0.114680000025303 0.177373683478991 0.0952530915615115
-0.201203114164972 0.110898489433027 0.291276616750312 -0.0866620900310241
-0.0886253589047939 0.180164362935514 0.262730829811315 -0.296587273875289
0.0114347180334499 0.236184863082444 0.127109787348204 -0.418713762616221
0.0349857516743595 0.238566090315443 0.063438613176566 -0.411836019862015
0.00789122413048536 0.243830597269298 0.105935022951052 -0.407070106307801
-0.110259562606618 0.198665828951643 0.203544132167398 -0.277942946776806
-0.224018953306024 0.111955693349781 0.210640908820333 -0.0898117208934513
-0.295614515943218 -0.123739400448357 0.0454833957015427 -0.0551548260168866
-0.0865226556655171 -0.286997208844535 0.03266929617855 -0.212657604224451
0.157499867481048 -0.212874978088951 0.292088318799188 -0.447122473942477
0.252005273076747 -0.116011483982058 0.719957218111618 -0.363362734214508
0.449739250169389 -0.347303634604449 0.213646101071244 -0.238097323298413
0.2018334480023 -0.460058899730614 0.00672722007741128 -0.146765154555073
-0.177920058783759 -0.476314701264379 0.0566986107899427 0.120677300161187
-0.463260152372153 -0.208737944660709 0.180791533289534 0.108987132785035
-0.356659622195089 0.149066354565008 0.257624363702082 -0.0799328842838836
-0.192108912236631 0.285387815144746 0.224069658357433 -0.235836275649765
-0.0447704612154443 0.399308980673932 0.108007521581932 -0.326026501009654
0.00755226208110792 0.408238898462485 0.0635757901804717 -0.29444934515343
-0.0415643291661614 0.414069974191786 0.0911711460720515 -0.288763625430496
-0.2341237219763 0.323944871386189 0.163983881734373 -0.170254085977898
-0.400001325765026 0.163319243075087 0.141436977799043 -0.0261972713799189
-0.518834321639861 -0.223997415215278 -0.0213551416490323 -0.02881620219589
-0.196387160051779 -0.523823962148114 -0.00356925806338758 -0.207096929810339
0.259990849381693 -0.462226531867062 0.236561847014613 -0.438205887772309
0.493684295613986 -0.317471592241243 0.568848042188952 -0.351635600434714
0.563225438887825 -0.501202242799894 0.022701946331563 -0.129379296980387
0.230736541199132 -0.647033729356966 -0.0566540682460095 -0.030268667864761
-0.26987434068211 -0.633757518513089 0.0820520551972349 0.162539939527778
-0.625896235450423 -0.263592445007272 0.181742311001914 0.113460951499037
-0.477115719703133 0.190896159464919 0.194987239444947 -0.0695301159636419
-0.271646386007667 0.364721681153516 0.153157661161109 -0.142430019449014
-0.0928949914590717 0.511665698316304 0.0710631404119381 -0.185734435359872
-0.0227785852926374 0.515865376873194 0.0521843538948515 -0.133317846160175
-0.0845048606145197 0.515255471064817 0.0601033137750977 -0.123266984351087
-0.323002072263498 0.396104769397406 0.0953400137522292 -0.0306065971767373
-0.516282165768081 0.18720547262757 0.0373499651055413 0.0499246168896982
-0.666181467987132 -0.289752173852321 -0.104462056000813 0.00117537895133081
-0.277179654833652 -0.680785635608254 -0.0518728164578433 -0.184988731966708
0.317282822643241 -0.635250517432072 0.152215928683143 -0.372254945834519
0.654770905165077 -0.465805444864111 0.351553016176984 -0.279562547435362
0.594842960322382 -0.599545965273556 -0.199638001778695 0.00758433777232337
0.214562127809173 -0.760715258878234 -0.131062188962263 0.126639669354616
-0.343061429325082 -0.71180144825884 0.101114443642189 0.204455720949189
-0.716640608755075 -0.271616900167412 0.160156954102908 0.109738052053301
-0.532874083366187 0.216056883408754 0.0998103112219412 -0.0398018895379126
-0.308511561957874 0.397523294861328 0.0572647443522842 -0.0194537303609315
-0.12807667539385 0.550183108248862 0.0226184418251251 -0.0128520614403079
-0.0481310205379647 0.545366945430345 0.0328069628886798 0.0479099773688876
-0.113069570144531 0.533076125953579 0.0199606171543757 0.0592320800727437
-0.356577184099773 0.397389592340772 0.00813729762340597 0.116281091183239
-0.5423918245763 0.169932653273124 -0.0813209366462007 0.123618126682388
-0.686295054833347 -0.308559767754825 -0.182493970610822 0.0259282282495887
-0.295837836198299 -0.713952807423429 -0.0950694160504904 -0.146984304016261
0.329921218093225 -0.683465346063971 0.0625144755169242 -0.258144882025071
0.702390959415234 -0.528665147531526 0.10522330933927 -0.160896692546911
0.53346777483337 -0.605429362790609 -0.419083289060532 0.15318292061583
0.164917666939495 -0.746800118055872 -0.205170445930556 0.29020223083402
-0.352729551173989 -0.666592627047715 0.0989834715322882 0.231491603846558
-0.677085493557588 -0.235892642794661 0.108271404079323 0.0999581496032769
-0.494260836396509 0.203529072138 -0.0135531605921578 0.00810713222623074
-0.294469424277602 0.366991536078176 -0.0494056080595533 0.116215854044043
-0.142183317940858 0.507063376855794 -0.0281159145147904 0.166249949772554
-0.0667667881360132 0.492182433885582 0.0091768221015677 0.221282176745661
-0.128271783034256 0.468042485608333 -0.0219323100309511 0.229214675984199
-0.335721273233389 0.327101324047345 -0.0809496071270495 0.240143155590762
-0.473038707372517 0.112388547794047 -0.189268128150465 0.171494582500998
-0.568416886537359 -0.286521832938222 -0.23437660160641 0.0322265302736797
-0.237418020816834 -0.614051856376572 -0.116386937021348 -0.109655658168079
0.295170102704009 -0.592477670952552 -0.00843096438899597 -0.12456175720022
0.638581708165763 -0.496214744122006 -0.12440485462758 -0.0209245787048035
0.393104328776501 -0.513637564978117 -0.602100191544292 0.275249957189917
0.0970903798006462 -0.595656471163953 -0.272275154640545 0.420967250465464
-0.280831845923202 -0.499148892238466 0.0718277364124872 0.238971234848843
-0.502870824134957 -0.164858121028674 0.040629283622854 0.0854218184109442
-0.363459326643949 0.145618810153542 -0.120033913779381 0.0573998820848677
-0.230697301521088 0.266764989275581 -0.147089850705435 0.236030078883402
-0.134207885721778 0.379411818328457 -0.0733244352128778 0.322145771129752
-0.0753851656599834 0.363086347421426 -0.0160315073623311 0.361845358961694
-0.12610665061328 0.332394572497994 -0.0624669278685185 0.358681117552802
-0.265080849812796 0.208760140329962 -0.156609381705135 0.315906486703169
-0.330538468225859 0.0353863652604796 -0.266603583612238 0.179401680371235
-0.356144998150513 -0.224934655139115 -0.247355058766361 0.0147045149803487
-0.131123624990605 -0.418304520836361 -0.114372908844431 -0.0845204533574007
0.22032242793677 -0.405098442289836 -0.0503310130432264 -0.00372414660486784
0.474223534881307 -0.388581668864627 -0.301163879703825 0.111799518709755
0.188053283266826 -0.335657510658629 -0.717873446055369 0.347411904582854
0.0139555293643166 -0.341276298302117 -0.322254096659224 0.496290172125509
-0.162602928255687 -0.246318679960395 0.0337090641081515 0.231175590412809
-0.241428045374396 -0.0665590065678293 -0.0154097185305503 0.0668120052524476
-0.168608504758548 0.0604568775227758 -0.194313123525886 0.0913473605117394
-0.127971422697066 0.118830126957463 -0.218561513957025 0.311333181098259
-0.104637632159236 0.186578553075567 -0.10803806742514 0.4281243876454
-0.0738071362569995 0.17857931835494 -0.0391706048084349 0.448308670776696
-0.105423645415406 0.153811020494041 -0.093809721397586 0.431980482610015
-0.162191398776142 0.0724549166184906 -0.211466778829192 0.338416813294148
-0.157896512972003 -0.0324743266588138 -0.305658009438501 0.153549344415176
-0.12738844271216 -0.129707877806679 -0.228198029577537 -0.0177596270480549
-0.0314848591943157 -0.18528301074577 -0.0954785725629732 -0.0708213667322261
0.111402085721448 -0.186679377328243 -0.0648031596283292 0.0867637925346067
0.247646663325329 -0.235458652367309 -0.402762408540988 0.221495264520679
0.0635909739769321 0.0358355655943063 0.399421613125791 -0.354687087455992
0.0362157143398939 -0.0310181378685048 0.0696436418116147 -0.23502608421274
-0.0396587810891897 -0.0543608583398379 0.0381850093470778 0.0693554274592315
-0.0879976415529575 0.00137080157297644 0.177308515143677 0.0669053594808396
-0.0289954280510561 0.0719366368216099 0.291563581721567 -0.0970852721032948
0.023646478629315 0.0582422118390891 0.254170831065926 -0.322786779684524
0.0633627177875866 0.0390705480595967 0.116121167880035 -0.443210349638122
0.0559815606952942 0.031675858053638 0.0489071023911731 -0.453293993054433
0.0525387615188849 0.0318910661883276 0.0946161038654471 -0.448480196450159
0.0264476472794247 0.0383785135667207 0.195535365918489 -0.330402371574787
-0.0175774285979093 0.0407736786843271 0.227570754418224 -0.136565552894306
-0.0354512686225082 -0.00928849759015 0.0819722845489903 -0.0788779837744162
0.0316138378780038 -0.0172449728940047 0.044674912579246 -0.20213038095473
0.0340980119391637 0.0627617857767449 0.300217374924722 -0.403756083138291
-0.023724815615696 0.103688512382286 0.757342188090882 -0.32067566502043
0.264267707987204 -0.158745475504372 0.340341143785214 -0.311802714561755
0.12643118761307 -0.241749305923864 0.0490809233295316 -0.209461008415563
-0.105084840421492 -0.265409279200798 0.0442057006993852 0.0874004767468643
-0.276595045933615 -0.105587725520197 0.175376019750588 0.0895769966767002
-0.196591523955465 0.110896576790135 0.281316076743139 -0.086442818362595
-0.0844755068691379 0.179334651983936 0.249874981492189 -0.292176601680824
0.014859253086816 0.229326892392901 0.117701136898284 -0.40613119312459
0.0403368499908412 0.231226770584619 0.0579955592129528 -0.400390652416662
0.0120939452920287 0.237540135981508 0.0963152765307614 -0.394952973990607
-0.104860629899948 0.194457955952626 0.193494512465948 -0.271582104329001
-0.217031818698478 0.111947842783996 0.204166410396202 -0.0910484094581221
-0.289963919151244 -0.115507341100309 0.0431358343535863 -0.0541039476437165
-0.0877382701440513 -0.278742046583318 0.0299329012526178 -0.210148810022429
0.151496670301998 -0.208562273956773 0.280332145251834 -0.439283173161301
0.24214491470999 -0.11642264976284 0.701272194108713 -0.360958074656649
0.431613015672212 -0.342418300378343 0.210191325441638 -0.23697402643557
0.192914728412773 -0.447420479915691 0.00701037250927595 -0.144215722757911
-0.181703169372718 -0.458990472101993 0.0609368595019397 0.116646113964513
-0.456638750505 -0.192857886285852 0.180185707319702 0.10338893033073
-0.347268738347087 0.149815935869069 0.249847489331427 -0.0787883434167964
-0.183409167077818 0.283667968792336 0.213971436098866 -0.23335707389322
-0.0356320368852976 0.387807696036876 0.101141081973204 -0.313417400633469
0.0181252062395504 0.396829863196724 0.0588002826405766 -0.287179486460246
-0.0327808117615115 0.40459647224599 0.0838752143534195 -0.279011182422293
-0.224662596164699 0.318965436785961 0.157499576529534 -0.165958248655092
-0.389411500850259 0.16570146251396 0.137689462216117 -0.0265636573963609
-0.511145489162045 -0.208281714677064 -0.0207726351508403 -0.0259967577773585
-0.19809036650311 -0.507756709024308 -0.00518136540369031 -0.206283618693068
0.248920338695937 -0.45361737075187 0.226210711481925 -0.430286858783148
0.474418496428303 -0.316979941171769 0.553449892814781 -0.346977321866803
0.542852778863911 -0.494745104686228 0.0251528192824186 -0.126917776602049
0.217942667813525 -0.631287290548724 -0.0542205843738465 -0.0301382026939785
-0.273802791346987 -0.613438507560072 0.0860692567117237 0.157985378848669
-0.618837428973313 -0.243920759672901 0.182128986577197 0.108430165339564
-0.464635323793272 0.19141516313637 0.189627378384348 -0.0670055839364552
-0.259500900987478 0.360849853919831 0.148327925663877 -0.143037602214305
-0.0801118021376208 0.499826774822169 0.0685348762793621 -0.175151439238091
-0.00783412437348732 0.502818465912358 0.0501221248743786 -0.130611943803031
-0.0724006298197586 0.504397085740425 0.0571601533040089 -0.118338955119158
-0.308093315624281 0.391710108071976 0.0922634838155591 -0.0298531214524749
-0.502638221029124 0.190348163035298 0.0381516172661303 0.0501402748257195
-0.656728746130917 -0.269069980967042 -0.101196520660601 0.00440689581923843
-0.282217224693923 -0.660491556195646 -0.0516323050940095 -0.182797228809605
0.303169041223914 -0.623241211800766 0.144515050489025 -0.366650568514064
0.628393747006857 -0.462833234779869 0.340247341201095 -0.273672318028655
0.572121330462623 -0.58949607049165 -0.190905949697394 0.0085640063475586
0.201051547002569 -0.745102120253373 -0.124575570337241 0.123277437146652
-0.347401215420207 -0.689680447553186 0.104766911025035 0.198776856428551
-0.708042795467911 -0.250417003373722 0.161803792810007 0.105449788562714
-0.517513041767824 0.217459372160009 0.0986926232110014 -0.036384276948136
-0.294055911008546 0.3938566323011 0.0576562736720739 -0.022484251582207
-0.113933885625242 0.537823597745453 0.0241653284618941 -0.00600215824321978
-0.0309101213587878 0.531725164902616 0.0336108050375192 0.0456623107913618
-0.100940129241805 0.522247288475128 0.0208344271466044 0.0601364685298193
-0.341935868670948 0.393276443452012 0.00971751917854483 0.114640691415141
-0.530098500103909 0.17505882840543 -0.0762530985311456 0.12428398807849
-0.676463846130382 -0.285757567021199 -0.176220491818833 0.0306378898522314
-0.299787621411951 -0.691137802851596 -0.0938930406477252 -0.145594045855795
0.314584678886241 -0.671679883995413 0.0572191011419879 -0.255536756681012
0.67421589259791 -0.524960352230628 0.100173707456832 -0.155107544663488
0.514621628641051 -0.598248905792822 -0.405363484415219 0.15291158174538
0.154847673771944 -0.732651464445939 -0.195661199662522 0.284213330527678
-0.356724206758842 -0.646235235247742 0.103181396984035 0.226085023353971
-0.668421831710208 -0.216629125575003 0.111051931256321 0.0958693372040318
-0.481421432897268 0.205239997813681 -0.0113546168896287 0.0102920059615401
-0.28104625208584 0.364194765756248 -0.0421806260104145 0.111471646689957
-0.125338954098344 0.495864018828186 -0.0228358711509406 0.16794092012387
-0.050898571806619 0.481341712001621 0.0133358506856413 0.214575678220426
-0.114029910846391 0.458618302873263 -0.0172992790478628 0.224356135725684
-0.321225867711131 0.325288111315448 -0.0734763367131533 0.235239779043833
-0.460783483870606 0.118164860527528 -0.180921643445789 0.1727570381601
-0.561737137667103 -0.265264448941338 -0.227018730548832 0.0372739914222494
-0.242381958095043 -0.593900247761584 -0.114815336808516 -0.107899737980804
0.28086133089584 -0.581327222861985 -0.00999375329935316 -0.124126190737649
0.609765072895228 -0.492657896630181 -0.123560098466319 -0.0151730120565054
0.376350892350559 -0.504286311191624 -0.583376586443486 0.274070986881585
0.0891265273121616 -0.585058212558893 -0.259597066363145 0.412631920390266
-0.283324150324156 -0.484831570347507 0.075271249997458 0.233701505988038
-0.495951608837122 -0.151261948615436 0.0441143722607166 0.0822618149606621
-0.353582839356815 0.145396396655181 -0.11423744458836 0.0591749404084135
-0.219312515744465 0.264530667142025 -0.135113405999098 0.229527254513
-0.120070445445287 0.371428123430841 -0.065232542831652 0.319453816710661
-0.0619711394132903 0.354391289259456 -0.010148474354746 0.35192770068181
-0.11467043367525 0.327067399929253 -0.0544360318372164 0.34956316038537
-0.25485865358625 0.208605334857976 -0.146540166147015 0.310192285372325
-0.323952377452577 0.0406907498772129 -0.256306085324667 0.182642097352851
-0.352660843120019 -0.209853118628258 -0.241195281765969 0.0201442023418832
-0.136204932915321 -0.404743511370741 -0.112291100101773 -0.0820078772070984
0.208559805127943 -0.398550135297466 -0.0494127717959296 -0.00548824887686689
0.452797638520915 -0.386334197617976 -0.293943740060268 0.115838130065139
0.180317379048986 -0.329378427284709 -0.698838000037873 0.347237535013099
0.0105822197856077 -0.336141661038291 -0.306890025863919 0.487866370487548
-0.163670458065893 -0.240928093122137 0.0364320095552897 0.226373115523016
-0.237973758722463 -0.0609719248922763 -0.0122980927141748 0.0642277545857841
-0.164108542210212 0.0597453321426956 -0.185860771220228 0.091290615317765
-0.122625083300931 0.118125695771058 -0.203411415146747 0.305144273074355
-0.0957502194101319 0.18381230575815 -0.0977165566597748 0.419647909919221
-0.0655809392208396 0.175366212801651 -0.0321624626544546 0.436374301827282
-0.0987243414593733 0.152820059842182 -0.0829512715657309 0.419632384465138
-0.155574402515488 0.0741529655086654 -0.199051495482658 0.331716175015689
-0.155440542924129 -0.0281540751548651 -0.295263832585049 0.157012525356625
-0.127158092332718 -0.121951518781423 -0.222554226045398 -0.0118735177966593
-0.0354827729016169 -0.179063089933384 -0.0945093580650666 -0.0680180529038248
0.104892484819449 -0.183887942509864 -0.0622056035962324 0.0824216663415551
0.235682845410244 -0.232633667421745 -0.391417411394922 0.222364996294781
0.0658243367147253 0.0228179728570846 0.342999532816835 -0.434211556714933
0.027597548213084 -0.0343197747141087 0.0299606403884273 -0.250429931396394
-0.0461216595305411 -0.0420535074903028 0.055330773855712 0.0544981965166599
-0.0806391612875373 0.0187748296297009 0.186867152725154 0.0265361855033484
-0.0135363452814384 0.0708527440909714 0.266832040572588 -0.148740088173471
0.0294450017321386 0.0491789828167908 0.189228316269469 -0.362191468722322
0.0645502792433752 0.0210935769413162 0.0329900871313773 -0.450536228339507
0.0574810634080357 0.0182509211322858 -0.0355678012137895 -0.453417112378006
0.0551815588443076 0.0169384092272407 0.00839563010877452 -0.462383905735857
0.0336046331756957 0.0287372273753425 0.129298245157034 -0.369683337047666
-0.00648189712492721 0.0400373741269923 0.199585561919649 -0.184551766626049
-0.033039376446741 -0.00361449734140072 0.065250245204068 -0.0963013264744469
0.0306754948768024 -0.0245489501416734 0.00419326212811965 -0.211295378685811
0.0536015830637201 0.0553585656903151 0.216886114701455 -0.470934541383502
0.00762326358483078 0.107085827414572 0.698461733424109 -0.469429050348453
0.220884920935061 -0.195775601515129 0.307942865801639 -0.379430099386857
0.0735006049117266 -0.251971090036619 0.0256256660801308 -0.223371028758292
-0.149383421036127 -0.228080096905424 0.076122971946332 0.0573242784405806
-0.281794223316458 -0.0420020956259528 0.191597159837046 0.0315657131931726
-0.16638042265883 0.140253271251032 0.249349016429385 -0.143016592872572
-0.0520792085972392 0.185579347166989 0.181625528633934 -0.332486595794017
0.0591725309888184 0.210524899350416 0.0266176127499674 -0.411342967107883
0.0788220823556558 0.212228036119637 -0.0175409102555855 -0.403709528698023
0.0541356344204425 0.221596360482149 0.0217695605604378 -0.412817097232833
-0.0651339855942317 0.204172013312637 0.139082807472854 -0.31555626673416
-0.183700402361685 0.142598876936824 0.184088932038033 -0.136391622660937
-0.297808857272758 -0.0576409568560791 0.0369630619229629 -0.0683152140305357
-0.132590618026822 -0.251995272264253 0.000828495077651462 -0.219612374904712
0.115358885266153 -0.232908998712491 0.191458588659335 -0.485664303482824
0.224538427090107 -0.160271151444895 0.629259403596966 -0.479318177843585
0.348795089426328 -0.399118399846706 0.206089784075813 -0.278750812466374
0.0968781142051226 -0.46218548790774 0.00576540712764478 -0.153057836952928
-0.261237622187784 -0.396916085056457 0.107596886799682 0.0687937960642053
-0.470858982720983 -0.0861682706328702 0.201410582821556 0.0277614736613786
-0.304584054630928 0.206458901381763 0.211148023177634 -0.135106916263133
-0.126488269383417 0.304341330585612 0.148925599020012 -0.270735974196992
0.0454972163760487 0.373567742930307 0.0155624086307999 -0.317225391229794
0.0887322059438593 0.375658819495097 0.00333619431370383 -0.292504898859847
0.0422271623687232 0.389960759958327 0.0317771306552969 -0.297826081394992
-0.156930212906588 0.347796791805238 0.124419774106802 -0.207101586926822
-0.339720366049898 0.224336200417431 0.13184019198584 -0.0607132001351884
-0.528210547809019 -0.105924070075425 -0.0159786731696179 -0.0310483037657739
-0.281792159031768 -0.450715170609047 -0.0221358702896058 -0.212298757191796
0.162243801417734 -0.492348516550752 0.140882200982621 -0.452324686254102
0.411522721131284 -0.401129992684575 0.48010841449375 -0.418775463854754
0.422452919524705 -0.562476465168799 0.0504029411251027 -0.134237925380455
0.0869619825367211 -0.643067297473813 -0.0262982285648678 -0.0312675504036008
-0.380917105423362 -0.52498239809806 0.147013108537264 0.0919692060429756
-0.635319276946186 -0.100273613134306 0.204147151457376 0.0180998657075381
-0.409578804036718 0.269649886264332 0.146382206892364 -0.115510332794743
-0.182698625180232 0.393767899908941 0.0949773685013534 -0.170957174283777
0.0273553949149569 0.487002693449906 -0.00100341550758922 -0.175536295554263
0.0838874969963625 0.481978463161694 0.0229266520551282 -0.136847025082359
0.0227042487242353 0.494346167314259 0.0366559910384305 -0.133708686574733
-0.226484462477601 0.43403531243877 0.0872546470810454 -0.0600460293544294
-0.444438588632366 0.269304984921553 0.0471224768183594 0.0352080870882081
-0.682262455887931 -0.136787901963094 -0.0861354241819935 0.0141884703921394
-0.387381246874735 -0.579305158790822 -0.0575348228558544 -0.182370114281354
0.181021139065927 -0.667800125330446 0.0734073212491743 -0.36305608559246
0.529845025689652 -0.575295573784249 0.275859211145177 -0.292660340737243
0.436464252012895 -0.657894840154686 -0.138694761654039 0.0429944139425165
0.0525368516961474 -0.748063325403673 -0.0656209048962449 0.132682924096604
-0.464396047459021 -0.584050800547086 0.174679267487596 0.121904176594335
-0.722533617973991 -0.0863796899057978 0.181153213834712 0.0111544145458701
-0.456651596972656 0.305904611865667 0.05812262011588 -0.0703064913155553
-0.209079076480436 0.43479861036054 0.025812531553478 -0.0360382310796813
0.00636331918071268 0.533290600267347 -0.0179453493187118 -0.00301615365006298
0.0676161705161436 0.515450534152636 0.0393592742740292 0.0391669865497586
0.000496777683831008 0.518215904123339 0.0355708055802462 0.0492033717868383
-0.259436243807594 0.443548751270724 0.0336531526465595 0.100082119650517
-0.474563386159798 0.260086846205932 -0.0515192106872754 0.13315909032736
-0.705537477276205 -0.148858513874863 -0.156007259813326 0.0557129029781109
-0.41449810480396 -0.604619452298531 -0.0899528741395751 -0.135755411262563
0.180507678262412 -0.71662964162175 0.00974174991890263 -0.230780850379217
0.5598231853254 -0.643380321115935 0.0563525981405302 -0.123351821363285
0.379216182205999 -0.654309914618231 -0.332756632329647 0.228920905002197
0.00814767399113017 -0.729416812743066 -0.109368090820356 0.307993493102533
-0.464652573703503 -0.54487982220308 0.173798028713014 0.152523503719497
-0.679823722556923 -0.0631634094410898 0.127435295121358 0.015700521258818
-0.424184446793226 0.289279900911922 -0.0399306896967001 -0.00180014068229967
-0.200765259229095 0.403466145542172 -0.0464130334718223 0.114852023901755
-0.013742296844624 0.497415077658467 -0.030012925207063 0.17488065012433
0.0408777520610973 0.47122796038809 0.0493578300429483 0.209319753327758
-0.0253329623366727 0.461836100997677 0.0285717840682254 0.220350781051486
-0.252052304719691 0.374599067968807 -0.026282251686843 0.240203850290643
-0.421194341375445 0.1949716806353 -0.145749351048253 0.204277382797426
-0.589412544197366 -0.150510727774998 -0.206715390958625 0.075613061090998
-0.340607817069282 -0.521781764836385 -0.109375020775251 -0.0918131032621171
0.162026581815108 -0.622633326856157 -0.032908267017529 -0.0900064801151166
0.498453526995835 -0.601171704328109 -0.140930917755763 0.0546735545294866
0.26513375538074 -0.542215305610224 -0.502955379848346 0.385617537906666
-0.0247491882215398 -0.575974356223279 -0.159068402861572 0.45270058638074
-0.365104703723663 -0.406628231905294 0.139247745116877 0.178618809355613
-0.503614272950661 -0.0387962670294314 0.0580387715683052 0.0299039493795889
-0.312626161134752 0.207867867520642 -0.124568810156586 0.0687567834393938
-0.159556650218159 0.297688997797276 -0.109312466800751 0.248726365258667
-0.0325578263940812 0.379966689547433 -0.035755943012402 0.326776307959081
0.00722298525680272 0.353170599467897 0.0521788610066895 0.347352605254494
-0.0489843665914084 0.336818091503593 0.0150434927062996 0.353269991325568
-0.208780845251419 0.249848456334999 -0.0840024265169318 0.331974474837939
-0.304106279290844 0.0980611353946101 -0.217922807564486 0.23031220049043
-0.379462747095804 -0.135703163976292 -0.22785701644903 0.0651591444710522
-0.205967627976034 -0.359621332870531 -0.110645838344645 -0.0631426874016544
0.126035816781295 -0.42775032467558 -0.0498781276113418 0.0263515520303043
0.361622866369676 -0.463370201725004 -0.284321313253701 0.208510372686423
0.11032474842443 -0.342679643296806 -0.624332577683737 0.481754735232299
-0.0506013181411123 -0.322640273988996 -0.206516695360914 0.542375590417222
-0.20240623160436 -0.198893810725748 0.0878388265968963 0.199315009351669
-0.239759480790962 -0.00722876704296066 -0.00158326834856398 0.0453114647194262
-0.147088785952394 0.0898133602854638 -0.177607306740716 0.120204804515373
-0.0927904456441668 0.138567875974376 -0.15299187255364 0.336677873700001
-0.0488605983754776 0.197466404789553 -0.0357887226481873 0.427876661706234
-0.028704528278477 0.181244843253999 0.0475341371366399 0.433029882598081
-0.0654720455813148 0.167826034357671 -0.000764212529522517 0.430093526201058
-0.13849597154487 0.102935066615468 -0.132275786407781 0.368149629788259
-0.156808253922102 0.00281068904101612 -0.26100458187932 0.215492691181348
-0.146537765895747 -0.0932185044798762 -0.220374480997525 0.0327893848604881
-0.0685222031373428 -0.16335245815015 -0.100757266764538 -0.0486861464214097
0.0638592075770998 -0.199165327886271 -0.0452071870628516 0.1045233910688
0.176890158087231 -0.272309871190377 -0.356765555842641 0.317987186459073
0.065421331818162 0.023310755288568 0.347709967486954 -0.448600692088338
0.0292949266951182 -0.0328614679304644 0.0292546204685659 -0.255484703184051
-0.0454960695501278 -0.040242756295972 0.0597806816739315 0.0520489062239324
-0.0818042595695372 0.0204198695718691 0.190076282939789 0.0233604615187944
-0.0123989763797086 0.0727686485234307 0.26924256752015 -0.154385628067959
0.031045176898158 0.051541378325977 0.185627060283681 -0.37036878323528
0.0647864630172127 0.0213187233201294 0.0275544974220843 -0.457652076141484
0.0581075950997392 0.0174263270354267 -0.0400176384917889 -0.46222512481175
0.0558306348922168 0.016357473827676 0.00221868132258145 -0.469176058163382
0.0334990620828437 0.0282018056637377 0.126372832968381 -0.377060828290408
-0.00550861426571454 0.0404863257731615 0.199747602277963 -0.191646358921365
-0.032562173304536 -0.00525489211292674 0.0632896619851166 -0.0991049145385439
0.032920500883545 -0.0267684984898609 0.00130010717938061 -0.216496685041314
0.0556655426061313 0.0563578398877889 0.216319596346543 -0.480572836450383
0.00787022271068576 0.10996440713992 0.71214663779173 -0.487866130395126
0.22193338513517 -0.20044379922652 0.313081887208793 -0.393068183994954
0.0737361833311737 -0.254088654097756 0.025872821800426 -0.228485708134348
-0.154823897971442 -0.227958818193592 0.0816939829129613 0.0539918106353022
-0.288346235248032 -0.0362157085213703 0.197332436164818 0.0280513838064789
-0.169124112157532 0.145659738159481 0.253055587160274 -0.147981973509978
-0.0501495503856304 0.19116037359952 0.178116877600157 -0.341377329997041
0.0626209977793358 0.213499441426535 0.0236613512234946 -0.417721798530601
0.0850178927063439 0.213686259916708 -0.0215068717991438 -0.411491118529591
0.05886079885333 0.224444083000235 0.0172027467342343 -0.418398399990802
-0.0646603594205268 0.209326555811264 0.137628590170622 -0.322071584059627
-0.185761100501709 0.148709127387513 0.186530065728789 -0.142343256691326
-0.304550673544304 -0.0542634725782927 0.0372341578719237 -0.0714592916364035
-0.137655743229137 -0.256762863378441 -0.00225109696398069 -0.227041749897955
0.115568307782192 -0.238487376747848 0.192298938664191 -0.497086993274159
0.225317625613365 -0.164827702040216 0.640678559611624 -0.496276419629689
0.348708658754168 -0.408661810713229 0.21148202761029 -0.289187058853547
0.0952578457055693 -0.468475238090875 0.00579823494604178 -0.157354655750323
-0.271037151850953 -0.397438810881493 0.114667163196782 0.0656181056449438
-0.482666248775143 -0.0778136100221833 0.207997821930617 0.023328532242916
-0.309730721614041 0.216502667726296 0.215257921219507 -0.140773373020884
-0.123921683898388 0.313647838032812 0.146877118382438 -0.278775305000703
0.0528415587036723 0.378139803383555 0.0142097050139698 -0.320449901877818
0.0991110806140442 0.379408717330307 0.00143839930003233 -0.297958973162776
0.0510711059980535 0.397456978928614 0.029868387536473 -0.301030165735006
-0.157040026037375 0.358468124617267 0.125461613239204 -0.210537791894172
-0.344710739593824 0.235558869356854 0.134562819333834 -0.0637132999442906
-0.541586014319079 -0.0969722023845063 -0.0151506899756045 -0.0326607465067593
-0.293415643208723 -0.457653035709837 -0.0250387225595411 -0.219531673022199
0.161185013290669 -0.502950063783846 0.140243245404378 -0.464282000551844
0.411466154727637 -0.41330598488876 0.488924118604824 -0.432840023249816
0.425529845395736 -0.57581008072526 0.0540134588556806 -0.13998138258305
0.0820268981317255 -0.654346798698517 -0.0251798283710652 -0.0326969596519962
-0.397341949950655 -0.527379087561031 0.155964459315585 0.0888353046963892
-0.650634528509994 -0.0897085344873857 0.212114069645454 0.0129343098342549
-0.417491102240305 0.283455432231851 0.151517676456098 -0.120747329487507
-0.180381493459848 0.405367088584662 0.0938176754150267 -0.178359147382052
0.0370647494567195 0.494875679871325 0.000985083317347863 -0.174356473936903
0.0977103098460581 0.487917546800822 0.0228430447869795 -0.13929360710468
0.0336879758093588 0.503842090953939 0.0371240266721486 -0.134891149345904
-0.226325899496051 0.447596796806755 0.0889618287275306 -0.0604271623487601
-0.453726785461523 0.282816026490444 0.0508795344972236 0.0358584094740454
-0.697974380734508 -0.125003030742234 -0.0854360628885562 0.0149589873389792
-0.406518498894724 -0.587096181000131 -0.0615625969137922 -0.189248868852979
0.178906148251241 -0.684909042399729 0.0707311822555853 -0.374185891643125
0.529949124672491 -0.591056804093918 0.280723181991633 -0.300596613175584
0.43829288782591 -0.673580875178056 -0.137714432702636 0.0437911609041063
0.0411944750880354 -0.763897888585715 -0.0633465061578082 0.135402564919385
-0.486610087616984 -0.588506795781298 0.184787030728254 0.12040408874958
-0.742010572351313 -0.0747341003921558 0.189361893000906 0.005923514412072
-0.464996349198305 0.320673774088994 0.062363200731362 -0.0741092617357368
-0.2058873691319 0.44694484361806 0.0258934206498845 -0.0415079438622336
0.0178282155437383 0.541815720591777 -0.0129148415331032 0.00140520894852827
0.0833012971995786 0.522077291160455 0.0409100596919987 0.0406006190356861
0.010970353567121 0.528269332916353 0.0379704580340946 0.0514870135504589
-0.258717903516391 0.458504999719547 0.0371378229919375 0.10293767246117
-0.483909011996223 0.275986667130658 -0.0483008356749286 0.137929330598898
-0.724128079218017 -0.138291889153706 -0.155638411633521 0.0586698226783455
-0.433108424888327 -0.61139457448917 -0.0940919572512315 -0.141121962253079
0.174334777293914 -0.732736183941349 0.006557233882113 -0.238287072964173
0.559439272041337 -0.66344111461011 0.0563813202576684 -0.123818788784771
0.380390838200445 -0.672180216729439 -0.335441388966637 0.235972766757637
-0.00193392121954703 -0.745362316417028 -0.107392269813863 0.314720376280803
-0.48764539301484 -0.549588569671795 0.184431388065861 0.15239476990358
-0.69770561314963 -0.0511954320143242 0.134694178222564 0.0105800297110259
-0.432010045976287 0.301256793983166 -0.0365881608375346 -0.00363182878046346
-0.198854203812789 0.414522608900694 -0.0445179839900042 0.112307242874386
-0.00225741927741757 0.505757705727614 -0.0234044534042849 0.182067322920854
0.0539072861258017 0.474907944779379 0.0532102533753798 0.21316020575266
-0.0154894712045021 0.471752211639345 0.0324332829526049 0.225167977852807
-0.25236852986414 0.386715717522115 -0.0223518321902762 0.245778632423951
-0.428001171117447 0.207367181912566 -0.143208171955329 0.212298643203016
-0.605524372809194 -0.138874377670953 -0.207787289363585 0.0802017218913053
-0.357156470151673 -0.526282088672946 -0.113129048314137 -0.095328649519782
0.15832213694948 -0.637234596772282 -0.0360672533960333 -0.0944626767490435
0.496568696369086 -0.617604411679113 -0.144097021226506 0.0614891002247315
0.266896510010967 -0.555686973569377 -0.509600037999247 0.397182169923774
-0.0314452265609198 -0.590817195906196 -0.157099500403734 0.464363315166297
-0.382781390738153 -0.412373440049969 0.147889401585569 0.180692645653578
-0.516895444570803 -0.0313196597714551 0.0629904065330214 0.0272114768055533
-0.318981396643926 0.216441958689414 -0.123007839709536 0.0699686111213844
-0.157711097177688 0.305150802503305 -0.10630610409267 0.250617338790098
-0.0245279095955984 0.386345566074657 -0.027803607841533 0.336663395147626
0.0172265940461938 0.357791469639432 0.0578725762688102 0.354583516833832
-0.0424611895669663 0.344158260395801 0.0201669278586812 0.358976427228045
-0.208943339648304 0.258873633291475 -0.0807821941318369 0.339212373082409
-0.310454278496491 0.105760431893649 -0.217414779607462 0.240707403843298
-0.389157442333729 -0.128490862203112 -0.228976637912544 0.0706656286324782
-0.217617778349589 -0.362441494645939 -0.115013005263022 -0.0646075785184607
0.122306830342431 -0.439188772267011 -0.052548735790183 0.02429733968938
0.359388384445347 -0.477205264018393 -0.289381799100173 0.219816579037088
0.109549215713285 -0.350257148376795 -0.633415682248276 0.496591777575242
-0.0572916417943106 -0.332466158705332 -0.205443916917628 0.556049993850977
-0.21273305514692 -0.202719009557672 0.0936278932192837 0.202840222092091
-0.247206638245499 -0.00333626525947256 0.0011646888504401 0.0439831242525593
-0.150786840075675 0.0924908944694935 -0.177938087013266 0.122519148089214
-0.0925488915019407 0.142230820340118 -0.149118691280245 0.342440902076498
-0.0441674703179717 0.200896195994113 -0.0285248948652893 0.438328365067354
-0.0233719971947602 0.184532422413713 0.0539943765991589 0.441836542131224
-0.0620452376369777 0.17282773379953 0.00397911517916074 0.436532575481826
-0.138612787580154 0.10738763870046 -0.129483640477189 0.375867729791843
-0.160025479400701 0.00618820877917339 -0.2617943182065 0.224373786301965
-0.150689448790804 -0.0900942469734646 -0.222840904905238 0.0382297739777403
-0.0744878170838045 -0.16341406116826 -0.104001507224619 -0.0486264901097179
0.0621261338226221 -0.204369696705673 -0.0468252852910743 0.1033122330502
0.175890388957892 -0.280073394706872 -0.363046019459169 0.331726244012856
0.0661700333078106 0.0225494711592982 0.341815891249346 -0.476534082535535
0.0311538455978111 -0.0320050362607926 0.0199773793771597 -0.264324047807686
-0.0455254026646177 -0.0383210262245202 0.0645021688145978 0.0475770297674584
-0.0822234482363091 0.0255482943821738 0.196099894109456 0.0154485799653324
-0.00910581549167885 0.0756772321259345 0.269477135059037 -0.169057315888199
0.0346835139667761 0.0526687035008768 0.173055399574999 -0.384797358848943
0.0659283227400108 0.0198810944468102 0.0073067417401842 -0.469836692726618
0.0591415434944478 0.0150986576109273 -0.0600253834662075 -0.473595256642033
0.0571002629040022 0.013972370078865 -0.018072995252632 -0.479705064074254
0.0341535960998203 0.0267611468838601 0.112480685984229 -0.388800050020109
-0.00416643160537584 0.0410264825478785 0.194644038134345 -0.205652921917408
-0.0336121725916476 -0.00561831144996115 0.0584464484884616 -0.104140964095542
0.0338493904258509 -0.0303942901064147 -0.00769690313521457 -0.222587354761576
0.0595996091656929 0.0567980306827618 0.204893460963232 -0.500928924270085
0.0115697357393624 0.11318925557628 0.712237072796499 -0.532110388680313
0.217475812329221 -0.212366550353935 0.309203587945589 -0.416883515527882
0.0668287960661404 -0.259881995671688 0.0178763028873099 -0.236034489481242
-0.165846734018059 -0.224922917672626 0.0879181389084508 0.0480733446123407
-0.296346251376665 -0.0231087532768985 0.203437547966325 0.0177750995240743
-0.167155939161909 0.157966252022547 0.253819897821664 -0.162499613489316
-0.0420798578929017 0.199253004261095 0.166484501175745 -0.356975385007425
0.0735164231429716 0.21537985915408 0.0077317081403676 -0.42735642433315
0.0979181638788588 0.213183027864023 -0.0384117979307683 -0.420485749599268
0.071727063987455 0.226963576446481 0.000926027333465703 -0.428242496789321
-0.0585975070929145 0.218387647051349 0.127974079539076 -0.33351805876629
-0.184255196218826 0.16102832649487 0.184785262612802 -0.154302763756145
-0.314806383083234 -0.0418099491772492 0.0336425875942342 -0.0756412333660592
-0.152161414677173 -0.258605850643995 -0.0120217154714 -0.235397991457155
0.109324409375367 -0.248831828920436 0.178065638527539 -0.518774167604418
0.221694052264529 -0.177297354278088 0.638855768147458 -0.536266628130718
0.339687776529524 -0.431259721314313 0.210801091160932 -0.308266162115928
0.080058568160808 -0.480320373918384 0.00128900671058097 -0.162427525541812
-0.294776736341429 -0.3922788247175 0.123304386192745 0.0578562907151926
-0.499266410256593 -0.0554398699326354 0.215265958183092 0.010946066563218
-0.308562679771021 0.23699078030817 0.21644258410503 -0.154443287544651
-0.112217820270062 0.327703581255427 0.136185497909587 -0.293271892994303
0.0715287044702244 0.383878705180117 0.00458837028603744 -0.326843944901415
0.120628687931309 0.381286316899207 -0.00920714296180019 -0.30551918451514
0.0716374637225539 0.403572944360487 0.0192023264623316 -0.307917601897935
-0.145525895088657 0.374973453609238 0.12025820894951 -0.220133366694967
-0.344802369040268 0.258247122114848 0.136373379308592 -0.0712160487597524
-0.558635802531315 -0.0733598797383621 -0.0174435491898678 -0.0349119529225478
-0.32209102928826 -0.457075055897595 -0.0363380052337333 -0.227403398417262
0.145699650499293 -0.522726175201236 0.125866891082263 -0.484213322593594
0.401684884870903 -0.438563086712479 0.486315364899208 -0.465196091844412
0.411727158702607 -0.60651514677448 0.0551718410996041 -0.148162496415665
0.0570077825858734 -0.670872633846299 -0.0254850743686698 -0.034240944655628
-0.4311993421487 -0.520854408024342 0.166943471365539 0.0800838480651256
-0.672879698933999 -0.0584654840177085 0.220492552449866 -0.00123510358692377
-0.416527404383484 0.310934160925136 0.15233308607423 -0.132555595869236
-0.16579947621484 0.42500904816791 0.0861183348144024 -0.189565531492651
0.0617851322690878 0.503607567220695 -0.00182711520543078 -0.176167221090819
0.125889290749943 0.490262454476154 0.0189682950602403 -0.143443157801683
0.0595100868918836 0.513659512388175 0.0337031556507399 -0.137729660511549
-0.213182798106367 0.470210823241286 0.0902305565091977 -0.0646321416004948
-0.452999692021835 0.312260053280236 0.0558226248574324 0.0354081737469495
-0.722000042942884 -0.094646186561929 -0.0858247745644251 0.016449707305998
-0.444667070447414 -0.584243120350429 -0.0717775665292409 -0.195489581603045
0.155342579488416 -0.707975657322326 0.0579302448241622 -0.389413106795646
0.514766443081801 -0.628661338687968 0.277813511182345 -0.317343750524582
0.420609655131516 -0.707456320613914 -0.13481120708397 0.0482382705008668
0.0117483380697458 -0.783021331066111 -0.0575418999679322 0.139678951378845
-0.528320067227978 -0.581168976382938 0.199934038509579 0.112059026276754
-0.765385160561238 -0.0388993941220578 0.197480871889162 -0.00710342823678901
-0.46601565120101 0.351633356789212 0.0642934645677396 -0.082497359466139
-0.190864536289013 0.467503075963239 0.0236024043363211 -0.0475416914637364
0.044053774450701 0.551308591509976 -0.00776106662186877 0.0057216426323208
0.113193992221248 0.526191988880727 0.0456533849903447 0.039979110471222
0.0384246676866727 0.540074752230069 0.0424997829476266 0.0523934820541102
-0.244271849264268 0.483593471957362 0.0445186935917447 0.104738696204862
-0.484296775864669 0.305142698639528 -0.0406436438718217 0.14484232629875
-0.749122925777716 -0.104006100904631 -0.154337419945796 0.0652197647587949
-0.473070914473155 -0.606490845406326 -0.103344662307438 -0.144856452379588
0.150131441709745 -0.757690644380823 -0.00386889497572983 -0.248204538652148
0.539679549388714 -0.702452535194636 0.0533155755793106 -0.125329862184517
0.363087366282093 -0.702600034983143 -0.331596128743599 0.253949998069652
-0.0338047077878683 -0.764814102203358 -0.0950624683851788 0.326599249399287
-0.528543372117595 -0.54193338760705 0.200052655385574 0.146212592623986
-0.720501376719256 -0.0182503154984085 0.141994839044811 0.000428013445657934
-0.433387003308162 0.329643742355948 -0.0344355975196604 -0.00622191326340665
-0.183710139044031 0.434021837234961 -0.0415548895592519 0.112949104587389
0.0235752490612528 0.514048424721424 -0.0108342419956295 0.191117922226471
0.0832691571534382 0.482025801201964 0.0648822537126918 0.217131676807346
0.00842107862045148 0.481879803854895 0.04354980165522 0.229394607003145
-0.240981392814424 0.409298952011653 -0.0102901034968371 0.253814741232254
-0.431334691549592 0.234919221227745 -0.134267565221495 0.225231033878624
-0.627177671098503 -0.111496664154477 -0.205929454473859 0.0899970223470271
-0.392698704374985 -0.521879606629934 -0.121326982887738 -0.0956675166109448
0.136250056888216 -0.658347105124838 -0.043268412870505 -0.0986469302256483
0.478518276819407 -0.653733264738749 -0.145288350311486 0.0737369950077763
0.250446965939079 -0.580525677496321 -0.506725677595477 0.428446411225822
-0.0589396238742328 -0.605123969285909 -0.140719871474285 0.482409871105387
-0.416157975271756 -0.406416065105625 0.163448686759154 0.1787577337708
-0.534809880610334 -0.00492959324205766 0.0689961473136378 0.0207522820445131
-0.320876050313555 0.237847773037504 -0.12108265593197 0.0733543053159509
-0.148592823548357 0.319649163012469 -0.0977178687203214 0.256994120525898
-0.00478048219787637 0.394144021967638 -0.00990439861880628 0.347787482326567
0.0380321888389776 0.362725499755173 0.0750511596917968 0.361485020746686
-0.0248851164015863 0.354283851168667 0.0367954396648539 0.366149443643106
-0.202387175646251 0.276472224807424 -0.0659896265128208 0.351138228965787
-0.31383746564562 0.124366817220819 -0.208896162221724 0.257519780310093
-0.404864518770426 -0.10883897297738 -0.229391695753865 0.0825309917613494
-0.240379808607909 -0.358324224866201 -0.121974624171711 -0.0630866609956589
0.107654909766025 -0.453727976668145 -0.0553569008941953 0.0236041299043425
0.34562234155842 -0.503391821918463 -0.288271027930928 0.24232618232688
0.0991741064074543 -0.363332702795028 -0.632559192115814 0.534495559919448
-0.0737711082186158 -0.341020882113754 -0.188841724570344 0.579472931287974
-0.231440613035068 -0.200750544461682 0.108120368088079 0.204724691743834
-0.255686958338396 0.00848241726825705 0.00505583009371033 0.0424654992431531
-0.152766258672903 0.101218479062817 -0.176973259087682 0.130618881573047
-0.090018137119157 0.148761475356136 -0.137323472583287 0.353854151213479
-0.0342368350225381 0.205757009879166 -0.00771147269866154 0.451739159541986
-0.0129097134086182 0.18882285437064 0.0731046223363907 0.451946474448658
-0.0538153084493069 0.178916564228454 0.0227546780735318 0.445648757408367
-0.136463330742927 0.117248580897865 -0.11541008710154 0.390253124747168
-0.163880870554341 0.0152356703985588 -0.254650398301957 0.244191494168686
-0.157653915495293 -0.082361204966464 -0.224853415599479 0.0500599541297658
-0.0852529363758009 -0.161850588526516 -0.110161744065835 -0.0456200706623738
0.0538177429510286 -0.211274379671537 -0.0464426985557021 0.104532663202934
0.165781142038589 -0.294493772624687 -0.360333943318599 0.359482166464458
0.0658834943041224 0.0201634671171206 0.312245254077529 -0.500964575650222
0.0314510792930625 -0.0314855917073374 0.00345777481653354 -0.265663623850864
-0.0437921087475311 -0.0352189079235468 0.067044144456945 0.0411797751818151
-0.0800986365353408 0.0308011756647416 0.19620873484632 0.00100228935421399
-0.00386037546362639 0.0761251104544977 0.258577553391576 -0.186669873413315
0.0391239228174153 0.0513812387349644 0.146283818072511 -0.394298246714162
0.0665817900160665 0.0161452269722761 -0.0245363952710973 -0.469401604177729
0.0594329936281406 0.0111756580511886 -0.0908069883582964 -0.469581865460201
0.0576229262535152 0.00978566410967405 -0.048231619062731 -0.476209184243834
0.0348994268205202 0.0241958042260252 0.0873724054360349 -0.394006493861081
-0.0011977622919787 0.0413481522656938 0.179926730830078 -0.218872514516376
-0.0335343554635836 -0.00510677978579989 0.0491013804248027 -0.106814611334236
0.0327420818493574 -0.0344176919139347 -0.0231662731923218 -0.22279038284752
0.0637645160753656 0.0541119965939987 0.17648033498438 -0.512916844440852
0.0178541466670572 0.114412231863602 0.681845148389195 -0.577100712834849
0.201862063768294 -0.223953847593816 0.287185792101076 -0.440905108559507
0.0539479671976442 -0.260379477641363 0.00340929833561556 -0.238405610373554
-0.17827836836779 -0.211047248017659 0.0912704966937276 0.0384250411823284
-0.297218504552362 -0.00180555234249839 0.204061331484071 0.00230262832126676
-0.156828937606495 0.169671453361274 0.243452915954468 -0.180257276783337
-0.0281375981705318 0.202733391894235 0.141277919500362 -0.366179194455832
0.0874719598425459 0.209799968687237 -0.0193553973056893 -0.42592345736205
0.112853035505833 0.20502446417659 -0.0628139434383199 -0.418872280189721
0.0873600392649893 0.220612957181016 -0.0259284338742805 -0.425460636887878
-0.0446239465965165 0.222318645051574 0.10689538663817 -0.340298409865199
-0.173436257573602 0.173924561733005 0.173930797428966 -0.167489852802588
-0.317270212370885 -0.020367137307137 0.026948031459018 -0.0786973416511443
-0.169353493772835 -0.249533495142257 -0.0284001625866015 -0.236731434144204
0.0944179108022553 -0.255138501785369 0.14734164118385 -0.530522428517193
0.207321450353456 -0.188796945208763 0.607960356426257 -0.57977199732119
0.310048596877365 -0.449770374157527 0.195715619284132 -0.325170177635833
0.0525252853174213 -0.480661962190546 -0.0076980422566777 -0.164519632383244
-0.320446809071181 -0.368934583049185 0.128779291640423 0.0447313970025546
-0.501600121504606 -0.0194057809942078 0.216125569061815 -0.00689206751547063
-0.293858383184771 0.258467441414459 0.206786154985793 -0.170930207657948
-0.090049822500687 0.335685487822611 0.114855979039892 -0.302323369536391
0.0972282507970757 0.377271952024789 -0.0136697803163459 -0.324846240575199
0.14831171000258 0.368361042563114 -0.0271739327586455 -0.305270657009729
0.100316018200782 0.397644369743775 0.000922344474883186 -0.307060136253727
-0.12162104042343 0.386265292236535 0.107717983113472 -0.226056165479617
-0.327584450795748 0.282139461116429 0.132170262914235 -0.0809238594985259
-0.564222846606957 -0.0331564274350067 -0.0199908047659438 -0.0352916958591333
-0.35228602082595 -0.435917221981113 -0.0524003106995008 -0.228479399444801
0.112497466188217 -0.530941378462411 0.0956039869866183 -0.49385621285474
0.368396714474592 -0.462637152664427 0.458751131813495 -0.494153209675185
0.372858443368506 -0.629673466452271 0.0500285943749291 -0.155901971364885
0.0172544325628319 -0.669613143617253 -0.0258066331441505 -0.0346004777938231
-0.467557010104884 -0.487739659840851 0.174935612410678 0.0636955000620122
-0.676792896409857 -0.00823248552609015 0.220548199509629 -0.0208702402423884
-0.396957125504729 0.339686078846876 0.144679125616446 -0.146025030553686
-0.136694153740365 0.436355504091392 0.0714301926260261 -0.196373053378987
0.0967620020145927 0.496241960062404 -0.00824246089269008 -0.174427315243081
0.162345315706184 0.477661821544084 0.0124048276430935 -0.145295657787716
0.0960244088505146 0.507339418957658 0.0262622494173498 -0.138458755000955
-0.181605099038711 0.486574252821421 0.0879655614506756 -0.0693758270254367
-0.432513066533909 0.344615787102858 0.0596272655535365 0.0310521694785894
-0.727133387252466 -0.0411778039887068 -0.0843493482360572 0.019194032583642
-0.484775035100059 -0.554290437679494 -0.0860620872704299 -0.194138320221642
0.109807239080109 -0.718222597489736 0.032419461187437 -0.394529523850228
0.468338617871727 -0.657556983806887 0.258673575495889 -0.333030587830302
0.375033908228375 -0.731981406256733 -0.127886013907479 0.0535761862155466
-0.0381030984025231 -0.780606676164132 -0.0464788077135684 0.141797079697199
-0.569586520407332 -0.539624531337986 0.210258812089435 0.0931657280802828
-0.768236716700086 0.0155829700463994 0.197925326280723 -0.0251671106371923
-0.442603818340074 0.383337624512287 0.0600980427766271 -0.0907034877646735
-0.160756967435406 0.480508292478131 0.0183049617760333 -0.0517591166463326
0.0829451760060246 0.546299398300721 -0.00118656085489089 0.00745437908814867
0.151994879893445 0.513977468457739 0.0502187731618614 0.0369410831588197
0.0757192627771054 0.533947787729568 0.0473984694092196 0.0505611109941056
-0.213886724279412 0.500406632335913 0.0535875181236148 0.102594220106895
-0.464539165107836 0.340915358276851 -0.0282580417887506 0.147105362997953
-0.753892901707123 -0.0485470551583255 -0.149775822757624 0.0719607503148198
-0.516875530927113 -0.571730286314069 -0.11412718950704 -0.140952407320351
0.101604469950977 -0.766968539664229 -0.0221416496957689 -0.249888616275513
0.488810430734716 -0.732605793442075 0.047150490503977 -0.125038112793568
0.319679357354499 -0.723391860487006 -0.312564662945392 0.272642655572757
-0.0822252293781435 -0.761705474090173 -0.0722989975438149 0.331672484342276
-0.568877504707714 -0.503812066847411 0.213277419850756 0.128964736553196
-0.724240516274786 0.0336821629446444 0.143016275232117 -0.0138444123924172
-0.413729848581593 0.36211949635521 -0.0339018767599172 -0.00846310484240307
-0.155381273002937 0.447294633509955 -0.0357094379115087 0.112093029757728
0.059501984101836 0.51060984139564 0.00798808117777809 0.192110771937668
0.118286327027568 0.469973583808791 0.0805200144630544 0.213314760758012
0.0440214286558878 0.47964272012688 0.059776687948158 0.226570890062374
-0.213228492459369 0.42777454530154 0.00869522090875837 0.253885862929104
-0.416884337142461 0.265337440030672 -0.116494635239876 0.23513387977502
-0.631485521964215 -0.0647792176671681 -0.198891477439064 0.101034838210969
-0.428827165147772 -0.492078328196758 -0.128910038144073 -0.0899009153874458
0.0952041357299228 -0.665032278534107 -0.0521685013664868 -0.0982510524317016
0.430398295368301 -0.681236378451325 -0.139731147530223 0.0884530591335929
0.217423764283733 -0.595127124648292 -0.479790434235563 0.457761402736309
-0.0987428427069725 -0.602409174345818 -0.10877101549953 0.491007746653343
-0.448963717577311 -0.378528069696583 0.178294284000461 0.165279156202611
-0.537496663556282 0.0329963584303533 0.0712904323623097 0.0122539318680839
-0.307598935176331 0.260895565364677 -0.115784327352652 0.0773049422477468
-0.127875501535422 0.329227028802715 -0.0815082186564855 0.260248865690308
0.0233658991210342 0.391324030628111 0.0182050304306459 0.349263827563431
0.0657724915971278 0.356074692845372 0.098629932331548 0.357065840989902
0.00122835634159962 0.354957840463061 0.0614215070316559 0.363143503007913
-0.183107614596189 0.290632744684749 -0.0415729053026089 0.354162236663317
-0.305367686894042 0.146893568458834 -0.18850740022072 0.271935047327786
-0.409669427737712 -0.0779831380300977 -0.2223420650981 0.0955748214209636
-0.265575533836339 -0.33780818887608 -0.126759312218143 -0.0563363051155137
0.0780699590892195 -0.459229252066832 -0.0572449237826767 0.0245412652177929
0.307025491693306 -0.523238797530314 -0.272288993587223 0.266121184769734
0.0789606202158553 -0.36867683319416 -0.599780643021213 0.572723546498882
-0.0964679674740248 -0.337155347819522 -0.150265082753532 0.593086300422776
-0.250066490840777 -0.18593509083452 0.12326569302984 0.197439463029682
-0.257415506409462 0.0267923128722527 0.00863812825116804 0.0390194183409303
-0.148101060658944 0.111886050792916 -0.168771711700628 0.139980514109024
-0.0811947367485231 0.154326881652762 -0.113833582736567 0.359073553509148
-0.0183966030275359 0.206971873766446 0.0248731776317482 0.452031483044842
0.00179185075503253 0.187485645741375 0.101333295362993 0.447000760102604
-0.0394633137442163 0.1824414013091 0.0497095216455247 0.441889932782292
-0.127569201729491 0.127193976998806 -0.0885899486363912 0.395770855946492
-0.162904087026954 0.0269569346257602 -0.235568214139692 0.261796282181234
-0.161892413180404 -0.0687175397386116 -0.219473946273947 0.0648373430450538
-0.0970993396773763 -0.15285021620192 -0.114349110927577 -0.0382294475443124
0.0391713626171479 -0.214803599366004 -0.0431100354745573 0.105810523293683
0.144064807609219 -0.304044222285288 -0.336794534550689 0.386906926141699
0.0627725550940536 0.0179729401657881 0.275438221937592 -0.501693767578378
0.0317770994386596 -0.0301246255579684 -0.0126050355824911 -0.256118673059135
-0.0403288109706449 -0.0323743117700282 0.0666843141700656 0.0340922334219634
-0.074371247952488 0.0336528220230838 0.188971505188685 -0.0115477843878078
0.000630862665709525 0.0731399225071667 0.237930217674498 -0.19471803280558
0.0417376650329479 0.0478775766604772 0.117743941640901 -0.386156300002503
0.064186284900795 0.0128159534180493 -0.0509672686382734 -0.448863619426421
0.0577593375881264 0.00748055322428685 -0.112443098639826 -0.448063188420979
0.0550764909234025 0.00562797020919299 -0.0715297307070501 -0.453628470503983
0.0338054855971315 0.0212382511958592 0.0620278812983192 -0.382321754720791
0.00211729330862966 0.0391441057285845 0.158618519917036 -0.220154338856321
-0.0329318090363973 -0.00438047164386473 0.0392069288521039 -0.103886782616122
0.0301070722474079 -0.0367056914757059 -0.0356213391234592 -0.213990778169291
0.065389840501015 0.0504317732598148 0.145042566460118 -0.505541509850889
0.0232391893226065 0.111175403108344 0.624389537084632 -0.595297001371973
0.18047865319933 -0.22362950594902 0.255442142809295 -0.444822311492051
0.0416440494395595 -0.25105273889266 -0.00919757612540778 -0.23003077848978
-0.180325587383094 -0.192598186555264 0.0903067147586143 0.0290347474945396
-0.285838397223411 0.0159115044376396 0.196119881395503 -0.0115597576337726
-0.141444807103947 0.173058400600804 0.224088640962508 -0.188231652614412
-0.0144068764956198 0.197248659112673 0.113172408981386 -0.359791341101958
0.0959901163653992 0.196947403598655 -0.040760727853436 -0.408293510081381
0.120255952868991 0.188909002232609 -0.0831703086364149 -0.401427690880932
0.09651062374069 0.206533653724334 -0.0470621803753308 -0.406318524484362
-0.0311404609998248 0.217132234136234 0.0851320440536059 -0.331747622330211
-0.157135341457585 0.178092142461186 0.15726570256211 -0.171494544390563
-0.30725090708228 -0.00104199129327717 0.0193438207579336 -0.0772057368839776
-0.177517520131366 -0.232042915935593 -0.0417916643220708 -0.228151106671287
0.0775366400929187 -0.248903741072195 0.115920890455119 -0.52100662191298
0.188030936229661 -0.189956609792266 0.556408657959213 -0.591222761906845
0.273485218121729 -0.447399756139156 0.175142060429419 -0.328364695261916
0.0284602753845203 -0.463352025689881 -0.015552063576993 -0.159141624587186
-0.326547516755703 -0.334513808159216 0.126865257165809 0.0314448095572858
-0.483749073247981 0.0124881415756342 0.206838334128253 -0.0216582535108884
-0.268273830685456 0.266971773662868 0.189557673927042 -0.178809051420614
-0.0674914214115431 0.328452630989188 0.0911632668266245 -0.297492073153183
0.115100645588274 0.355694784778668 -0.0286502306793382 -0.310523752241207
0.16501931431457 0.343798535064225 -0.0408004404230978 -0.294357657397584
0.120957609592027 0.374214776745783 -0.0153532816062909 -0.293974388136798
-0.0956554911469538 0.379816309637556 0.0920573680696643 -0.222933149968233
-0.299584080432791 0.291336012724126 0.122938432006397 -0.0859479920442189
-0.544187827408923 0.00117122398550925 -0.0242322340867922 -0.0345631359416237
-0.364591701048267 -0.399163272476547 -0.0651755180641595 -0.220449620693845
0.0812896055400103 -0.514641560664148 0.0672554240927905 -0.484302758453281
0.326471313957951 -0.462460988153907 0.416603121516779 -0.500687739640696
0.324314392355213 -0.625249481822892 0.0445309086732924 -0.157664146507181
-0.0181835437857933 -0.644821994152645 -0.0252451565643007 -0.0338537334511633
-0.477348717348364 -0.437731031023148 0.173239107148844 0.0461346924234708
-0.652476214405838 0.0354611259114723 0.210547726532285 -0.0364029776955886
-0.364366233169524 0.351521384394769 0.130363206455904 -0.152066169837041
-0.106458946750736 0.429871697124719 0.0546063414946114 -0.194650955031338
0.121216162386679 0.469246670694273 -0.0131241625272081 -0.166460714792833
0.186225476184394 0.446355763774182 0.00632103917910047 -0.141752515500632
0.123751285932327 0.480429157630493 0.018596095332507 -0.133900561416606
-0.147416490549593 0.480893995058411 0.0829468344516871 -0.070830854713237
-0.397957830060072 0.35929207132334 0.0613166540060989 0.0258247227447768
-0.701951220863659 0.00565294793808528 -0.0822684161357996 0.0209375329809715
-0.50068323334087 -0.50391106006695 -0.0947019772243861 -0.185049977020917
0.0687346283584764 -0.696498338125783 0.00921778533802304 -0.38399264831688
0.410284394630348 -0.653943112755598 0.233872336731483 -0.33286303718171
0.320914406061011 -0.723675945704428 -0.11616797180113 0.0543500424360977
-0.0789105813443731 -0.747955358992768 -0.0349848234522986 0.137300402991661
-0.581638690436014 -0.48302453263214 0.20934414145827 0.0729378332222949
-0.741873826985621 0.063934044764909 0.189100135741024 -0.0400275711016591
-0.407036333406977 0.398248832155354 0.0522297940072159 -0.094651719861518
-0.126633091462109 0.472946772470282 0.0119442843931775 -0.0529139691664805
0.112704742798877 0.518431340689634 0.0049783730010341 0.00762862193629116
0.177491523239361 0.480568005688633 0.0528947388640693 0.032523390521555
0.106087678845956 0.507553351263001 0.0493549540597712 0.046723425541407
-0.176016742191428 0.495293219655183 0.0589937479544884 0.0961940795864005
-0.427500763044581 0.356525327817909 -0.0169639557204572 0.143290485117846
-0.727090000662576 0.00174607818160072 -0.140722601936441 0.0748730570804797
-0.53220103283547 -0.520446924200869 -0.119288129567387 -0.131819643195957
0.0578352924280673 -0.743523137996807 -0.0368465058207311 -0.241726430413806
0.42425576218866 -0.727341357546081 0.0401946576165109 -0.119172829516223
0.270255870739897 -0.714573631145177 -0.284092778031599 0.276547430502545
-0.119761830358526 -0.728304453945395 -0.0499421544072403 0.321909476781286
-0.580307872342483 -0.448159493703458 0.214340875621644 0.10764816123104
-0.699135873166929 0.079188639279138 0.136882884766286 -0.0254133024159084
-0.380217416515426 0.373839175506817 -0.0339974638857688 -0.00991470370589215
-0.124721131149808 0.438856070837129 -0.0302555296296066 0.107260092999061
0.0874575827845372 0.484977843476833 0.0242309548806277 0.185854758331647
0.143464457814656 0.441560775271133 0.0909710484223521 0.200526179878969
0.0727710049596356 0.457752403843239 0.0708712479179079 0.214279595604639
-0.180027576029074 0.424664806343307 0.0243164440466836 0.243441590363489
-0.385549087824895 0.281407111388806 -0.0956984902155308 0.232676730225045
-0.609661870723194 -0.022525857038781 -0.186082286884027 0.106527743161676
-0.442056766526044 -0.445474586116528 -0.130354502546736 -0.0816749356143552
0.0541790075485862 -0.64531841859172 -0.0581971873505021 -0.0929190607687758
0.371364507481467 -0.676189241661861 -0.127662525894289 0.0973056313955126
0.17868616918235 -0.583945742253462 -0.436501772566888 0.465177295914357
-0.126646891821044 -0.576860594815173 -0.0764391448356985 0.47743098097276
-0.457391681370777 -0.33601187554533 0.182685241543578 0.146696966566479
-0.519157819888636 0.0656314248119398 0.069261882212307 0.00418747324075348
-0.283393466930609 0.270516001660229 -0.108515427580924 0.0778960503549512
-0.106207033355138 0.325213817893124 -0.0651707351378307 0.252455629764803
0.0462392626830948 0.373463114915175 0.0417172167504365 0.335477578122255
0.0854866716581162 0.335471062334485 0.115714263002485 0.338766853923264
0.0239147018127052 0.339244131874698 0.0786597902397635 0.345530639576047
-0.159004825880429 0.291063293588708 -0.0184260574400784 0.343002541457218
-0.28663837990501 0.160853256605834 -0.162923387360591 0.272636333729229
-0.397007833877464 -0.0481951719435963 -0.207759974055632 0.103057500854452
-0.275423395488848 -0.30675248761694 -0.126287090286381 -0.0483212959948109
0.0485945800904407 -0.446087897316704 -0.0569454008088034 0.0255175564712751
0.262245181163811 -0.517387521778662 -0.246482513732016 0.275932996778969
0.05836416743588 -0.359994033628227 -0.548576011786916 0.584556348503497
-0.112545786710992 -0.321162978066514 -0.112168989443734 0.57734154405337
-0.256238068716515 -0.163709166477167 0.13133906039484 0.182402810702688
-0.248641888089733 0.0420385681881592 0.0105256996360896 0.035303852613641
-0.138164848537568 0.116976969733452 -0.155618915283875 0.141788705201271
-0.0704787056303837 0.154189999271553 -0.0901173710577708 0.35054597884577
-0.00552042411141771 0.198742537417259 0.0526375042034371 0.433605421268024
0.0137474798721741 0.178411865792482 0.123650819302708 0.426002648963645
-0.0259819131985665 0.177252415711873 0.0720818957985709 0.421811665092704
-0.114151839401152 0.130399224825209 -0.0618754908826604 0.384330838404304
-0.155721009365236 0.0365498560057401 -0.208599837639997 0.265406570345748
-0.158168484631361 -0.0539707155397992 -0.205508820359 0.0738215690318132
-0.102800125390704 -0.138557245554509 -0.112959019825072 -0.0299501864036897
0.0247715856620971 -0.208885684556826 -0.0393340249939699 0.102772572559861
0.118088068318283 -0.299898993179033 -0.304367989422186 0.396445994763409
0.0565888036326229 0.00126513023126649 0.178057245998477 -0.517038355977192
0.0247694435698901 -0.0323240461521947 -0.0522927644230547 -0.24021851943635
-0.037478227914891 -0.0277329223356992 0.0664580449315973 0.0176100651256843
-0.0615768653638153 0.0366505683490921 0.17155330835732 -0.0423584866960983
0.00748337737363497 0.0610447320383056 0.194250984218862 -0.218294778652649
0.0408025605484585 0.0383327384646167 0.0555095311650456 -0.381938202591022
0.0570545768441569 0.00352680696573975 -0.110732022572641 -0.420852520529769
0.051061066712412 0.000264391784505198 -0.171142214025903 -0.409416350273894
0.0478108482812135 -0.00209182322245667 -0.137707469238255 -0.42070164334473
0.0325659466282804 0.0131287128632595 -0.00256577486568402 -0.37191509492441
0.00689427468194915 0.0328701013966417 0.112747356149743 -0.23312529156465
-0.0318396835969963 -0.00216501987390738 0.0205972603095261 -0.10166538390353
0.0240742647718475 -0.0407538013815355 -0.0677877864768902 -0.196437403152505
0.0733065225233336 0.0334860537457147 0.0554005819657275 -0.496857844026823
0.0412792147068929 0.0926821739673785 0.502172665882899 -0.645919881795172
0.138019707931943 -0.234927418520162 0.176550819348907 -0.470965116073861
0.0055689886042337 -0.236857726521214 -0.0429097099261507 -0.225079227182797
-0.186221448880787 -0.154626538601453 0.0807035544582897 -0.00543642323599274
-0.256515181492332 0.0517987341287006 0.165172854171208 -0.0537156165915213
-0.110446675163063 0.172230023900037 0.170975376358285 -0.204241362176262
0.00648400976112461 0.185143153858889 0.0525215420327117 -0.349777141984355
0.111188075795123 0.169037048212807 -0.0968013453962605 -0.375173015326084
0.131791526303082 0.160835574813779 -0.136352654285564 -0.36821769592497
0.113795547106875 0.179893645609459 -0.110281692194218 -0.381935986243189
-0.00266381344616199 0.206459718324062 0.023195631928897 -0.330361118952825
-0.126740714245016 0.181185633530542 0.11995870451703 -0.188553249695706
-0.289654881130822 0.0374629014757502 0.0096042833089564 -0.0765973579456042
-0.190616811889197 -0.198145403586425 -0.0766257980167709 -0.214857841069869
0.0456031080777248 -0.248267821426794 0.0293073067885685 -0.50326504808243
0.159910070633826 -0.209907726162604 0.440434329803179 -0.63093923150629
0.198928972562786 -0.450749582590077 0.125762512676207 -0.360252079207991
-0.0339756923695815 -0.428651738131284 -0.0357726157929135 -0.166650777926615
-0.338673478438235 -0.263674848992094 0.108297703989557 -0.0219273261095433
-0.438131973997069 0.0783955793555045 0.161466260882258 -0.073294491537451
-0.215321318724039 0.277666154300068 0.129599114413986 -0.185422243045839
-0.0251599967996471 0.315464251224372 0.0367799149509105 -0.281952862823007
0.152234066021836 0.314233488138907 -0.0723379434002315 -0.277402076386994
0.193288370476791 0.298249073248483 -0.0826691260238617 -0.271774098726911
0.159814006271829 0.33411632297594 -0.0650506161292909 -0.281978484168587
-0.0409363122696575 0.369648335247778 0.045345662808357 -0.231687229526116
-0.247312610967119 0.304845251448422 0.102863650883756 -0.103685162143137
-0.514812736042511 0.0728968640159671 -0.0196985056954276 -0.0332596476034167
-0.385414130573948 -0.330182762383722 -0.096687194309295 -0.208348219404337
0.0108245983206994 -0.498642214934548 -0.00662835981614046 -0.455781239403142
0.257355571764887 -0.48064161726456 0.326553371302743 -0.523588576339559
0.222270056034193 -0.617507628773152 0.0357119333016357 -0.187424189012476
-0.0988212716027321 -0.589404634961672 -0.024017934820072 -0.0543048256313103
-0.491544111758952 -0.33741572031471 0.145970568707462 -0.0257352429318204
-0.590979960795355 0.123960703996179 0.151154539978102 -0.0928524710481705
-0.292426411187295 0.371699679757004 0.0713307494605781 -0.147013609720365
-0.0480237103048355 0.415258985623747 0.0152026538864569 -0.175140338160502
0.174446752976593 0.418745378458215 -0.0385729243830424 -0.136645651737787
0.226439405278669 0.390789267339319 -0.0164128490651851 -0.132401291995194
0.178554862008344 0.433404691474087 -0.00977260045717611 -0.135638073913709
-0.0743733876443492 0.47233838357224 0.058563490840307 -0.0882292396205668
-0.332438850872497 0.38181463254863 0.0641327399314062 0.0112284642289775
-0.662199326648769 0.0984041955399516 -0.0637003677752729 0.0261365439399266
-0.521424431934833 -0.410790838811654 -0.120344205412926 -0.174330558919204
-0.0254663276733056 -0.664451826062555 -0.0422968943205495 -0.352411333374534
0.311375382699368 -0.66789195874119 0.179578428933179 -0.337442370373783
0.213883313802076 -0.704978720975287 -0.0806944486130411 0.0328227904663232
-0.165606288734741 -0.677294915422222 -0.00705129547551672 0.103914133131436
-0.593685032836853 -0.366292479064864 0.178213725201599 -0.0109725997449036
-0.668248187279255 0.16681200657612 0.12392735811814 -0.0949539948370619
-0.324541295629377 0.421918415821908 0.00261651701952606 -0.0779005985498333
-0.0588932677190794 0.459994263504805 -0.00546512292149438 -0.0324781883572429
0.174862011131019 0.462460229132338 0.00296790027616365 0.0305450264573841
0.223943907052203 0.422989427124909 0.0523704498215407 0.0259085295820826
0.168311945841985 0.461325194815819 0.0468225157666527 0.031071258041758
-0.0993267417862136 0.491584111993372 0.0625902869191142 0.0732137097214567
-0.362150140552172 0.384612110944395 0.0103976052166704 0.134988580790185
-0.685319718025094 0.0976389665668887 -0.109458146062239 0.0857071820585931
-0.553633384958711 -0.420898233847838 -0.134666176829196 -0.119801149677405
-0.043157373163372 -0.704197751134712 -0.0631589057445785 -0.210908090728042
0.311780416435036 -0.735682488211082 0.0293279410436742 -0.108798250652038
0.169042521183857 -0.683673714136272 -0.203796105158407 0.270019456102788
-0.200333042780341 -0.653237760569479 0.00736256515021997 0.282092522852989
-0.590816114257446 -0.333686711233217 0.18851416245417 0.024039403610642
-0.629021187428479 0.17454080880718 0.0793407117022027 -0.0703800183003317
-0.300279358297963 0.399646746593055 -0.0634394889604341 0.0148147369413822
-0.0598223370823821 0.428435126477008 -0.0211596835987945 0.12472770744207
0.149899195063976 0.436070216029649 0.0466689844997462 0.196363427786617
0.189087510751227 0.392175334249609 0.113305372969143 0.180608158405387
0.129500091751168 0.418330554237105 0.0937722494872394 0.188445989892722
-0.111675645234874 0.425741784968342 0.0546168101421269 0.219003167713054
-0.331044138754659 0.309048287805257 -0.0493646415880112 0.232745719808322
-0.578440847732492 0.0620883719376215 -0.148070710242863 0.122460626877043
-0.4617435310998 -0.361373433965497 -0.136979449061159 -0.0682769750538226
-0.0351127794742283 -0.609780738795852 -0.0615712467842602 -0.0690040009733143
0.266849439764433 -0.674314938811523 -0.0978611910044016 0.118199494094613
0.0994983723822408 -0.549815571853138 -0.320653892405809 0.479083609307672
-0.186813794279549 -0.511757679268981 0.00557549333155343 0.440470121986601
-0.463436669980151 -0.247436118805158 0.1710363185342 0.0764782363552449
-0.467050459583036 0.137200680122279 0.0314207609061422 -0.0249354124102394
-0.22536362552088 0.290824200184093 -0.112834282737718 0.10417524441592
-0.0550252160464594 0.319459910066256 -0.0308149936595967 0.263028584484919
0.0973220361644912 0.338644789764612 0.0850429623794648 0.332832094230656
0.123250662060295 0.301140370573134 0.156736851007259 0.307443450121751
0.07005573837195 0.313458764153219 0.121857148589534 0.312566997936765
-0.108576736792669 0.298086581871043 0.0325955042502715 0.3218268017175
-0.250713055729405 0.185647594466225 -0.106171613548081 0.281972090716062
-0.380339891108125 0.00917412064805011 -0.17134407133857 0.125403829751926
-0.291227605722322 -0.25086919916008 -0.127037357573255 -0.0325425758257201
-0.0144623889608613 -0.421442992546859 -0.0449926292237528 0.0388886086126127
0.182649986838433 -0.511530205613187 -0.186033881323307 0.300369251025693
0.0146709208714143 -0.326054285842577 -0.415578284755086 0.620938777537187
-0.138362147437572 -0.277894823657 -0.0159289318934822 0.552386897945587
-0.255649901956278 -0.115409700410886 0.138918405857403 0.135722583664073
-0.223347281980222 0.0768414836652908 -0.00202608024980323 0.0229727162996386
-0.111521468461673 0.130841636038778 -0.136165934495961 0.163700029849589
-0.0428645350395667 0.154437280708064 -0.0371578278470462 0.35211096529691
0.0270856618769927 0.184207162691051 0.108926605116234 0.417503627743995
0.0379876643609558 0.164329918103581 0.177309947725862 0.38892213774602
0.00360701874712358 0.169656829326227 0.130661081549164 0.387882541361373
-0.0882731668927601 0.140676580625946 0.000848134012221129 0.371214204194755
-0.142095521035722 0.0552630583743079 -0.151235732392412 0.283590974089851
-0.156393411598719 -0.0280734745400836 -0.178142378509419 0.100581590782587
-0.111822414865452 -0.113932904504361 -0.111464986222355 -0.0128486818042798
-0.00655878800920274 -0.196942356158275 -0.0200624380846838 0.105373337635925
0.0722079404901098 -0.288569309091418 -0.225303113746821 0.418996324026076
0.0537688824181337 0.00548994762288644 0.181641231953903 -0.498280123343766
0.027377222109577 -0.030565806096718 -0.0453901630743457 -0.22996018040644
-0.0337130851720155 -0.0301200817400801 0.0647556456255451 0.016750530615168
-0.0589831546232186 0.0332615445983134 0.165159496892816 -0.0398738753926047
0.00578466672588933 0.0589469056084727 0.189509982119127 -0.20836908013643
0.0393172131703721 0.0379414250455449 0.0590036022638114 -0.366161211485353
0.0540905314768544 0.00523298303031152 -0.09957732146326 -0.406209491049253
0.0485915857614176 0.00132137900881676 -0.157927933806763 -0.399900531104794
0.0447333595430358 -0.00105304140604184 -0.125094285435677 -0.407636148276645
0.0295262348145075 0.0127022110255505 0.00477154285953054 -0.356900308748988
0.00635880847992051 0.0303314673397845 0.110697578124209 -0.221099448801518
-0.031353432145757 -0.00323425493585322 0.0212503551141258 -0.0953619069829773
0.0231243038677787 -0.0404858317179923 -0.0626134715584661 -0.189898484505663
0.0718798930218817 0.0343781590230212 0.061951080236381 -0.480327445516801
0.0388384281366401 0.091153099739897 0.495920811391297 -0.615357205612797
0.135889922309288 -0.220315714814056 0.179502754601049 -0.453642505593151
0.0135026877156146 -0.227580623075152 -0.0363173856377039 -0.217151426783191
-0.17464335112106 -0.152770029120074 0.0782590546209656 -0.00590423229278892
-0.247016603520157 0.0463694080658359 0.158747215440275 -0.0507309788614908
-0.109715336850514 0.165120450170711 0.167414216284918 -0.195056797547946
0.00365267950633969 0.1791958543693 0.0548048573992258 -0.334644407285988
0.103829419386885 0.164730487200302 -0.0861111733481163 -0.36250447925042
0.124418612118483 0.155833655804439 -0.126331344624271 -0.359184837659511
0.105917147606275 0.174129194426813 -0.0989472197372233 -0.368153123127822
-0.00646856295941449 0.199578757614073 0.0295684504462757 -0.317717542472274
-0.124384034204216 0.172448971477309 0.117578589023924 -0.178739240426575
-0.28026696338731 0.0313749829829897 0.00904688239874504 -0.0723605355187419
-0.182412033733028 -0.194554882775362 -0.0713660960274228 -0.209746925873683
0.0513748658750992 -0.238012566093846 0.0375858636100664 -0.487150547986433
0.158413800842104 -0.196398880669951 0.436253873285206 -0.600470953849332
0.19721352433507 -0.427654776042722 0.129360974355614 -0.350088260529494
-0.021563073946131 -0.414070826173589 -0.0302614196296757 -0.161733643558289
-0.319719762098032 -0.258031327324729 0.103711285848965 -0.0217816720441688
-0.422795563391099 0.0708078222838261 0.155262347025827 -0.0695095783379043
-0.212505123076081 0.264649651219086 0.126800497059275 -0.177243444009642
-0.0292611494948053 0.304278439037108 0.0379233767523403 -0.269602943554032
0.140986645154419 0.303514869665559 -0.0627503460634218 -0.268510190711272
0.182072755338122 0.288093391261484 -0.0745281145119761 -0.265177028096691
0.148735100400715 0.323182046054764 -0.0570185909777445 -0.270845512746771
-0.0446759810785746 0.356091135139039 0.0490422798063775 -0.222562129751435
-0.243727892941099 0.290954590573068 0.100608522188124 -0.0979932389060594
-0.495265351241206 0.0627275783417016 -0.0213907900381745 -0.0313740994034823
-0.366602239593106 -0.325850959842498 -0.0918406642184466 -0.204381975512392
0.0227653426122205 -0.478581554944478 0.000940988656783522 -0.44317165550523
0.255526631552271 -0.453567654946928 0.325159177073787 -0.497439880849856
0.224746728745508 -0.588465061930784 0.0393283818803528 -0.186247227360606
-0.0814211892900892 -0.569262988972738 -0.0211655730820998 -0.0552206093625925
-0.466879425746883 -0.329188001970832 0.139892918359351 -0.0259314580226643
-0.572003162947415 0.113908995406232 0.146216338166316 -0.0884439529853524
-0.287392553683387 0.354690501642969 0.068998657099415 -0.141955454933002
-0.0534669284793664 0.399685300893461 0.0152178326045125 -0.167650301857732
0.163038013226795 0.403658131752764 -0.0314838363770712 -0.132774820358976
0.212063363974911 0.377001648105944 -0.0127760799873173 -0.129547813657217
0.165079367434516 0.417542285540014 -0.00593172612198988 -0.129594820462491
-0.0790856418302873 0.45518992613579 0.0597064299531162 -0.0836134631004966
-0.32687873236109 0.363830851302723 0.061786264411211 0.0118687463304975
-0.63743578410098 0.085062164988516 -0.0650666957779077 0.0243359333846494
-0.496939360290297 -0.403899024088712 -0.114023288961271 -0.173119628942684
-0.0109235728269581 -0.640223987281981 -0.0360968150858283 -0.341413470790226
0.310138871393443 -0.632511721705105 0.181921173657406 -0.320663951996006
0.217704671113305 -0.673572424025783 -0.0763766852984735 0.0250125695487965
-0.147133487849797 -0.656167679072804 -0.00794912480335306 0.097638855684304
-0.566409682347461 -0.356984220103061 0.170974505012948 -0.0110312320285956
-0.646646801517778 0.157338404753892 0.120024948115633 -0.0915078640813006
-0.319053140590983 0.403298990824483 0.00159177143483097 -0.0764011074751013
-0.0643756813028287 0.443030646145356 -0.00717606563956537 -0.0314995959779957
0.16160646670916 0.44635204503349 0.0076212075491877 0.028645738965719
0.211076086797638 0.408777304523001 0.0512448746022253 0.0250669136149354
0.155535077280296 0.444657909497769 0.0454113297621292 0.0317384218332743
-0.102275574793022 0.472783685331486 0.0613232950563703 0.0716962117379864
-0.35451911090993 0.36738363143561 0.00948192951712262 0.128927355631756
-0.659984069791843 0.0865859873100175 -0.110714070986448 0.0799014197894066
-0.526202796354984 -0.410783926452667 -0.129603154323351 -0.121017993500139
-0.0273945142153429 -0.678410683740616 -0.0589412213999572 -0.205236234401688
0.311257641770688 -0.696810251542227 0.0336717992515108 -0.101754976969524
0.173966183697114 -0.656946866715294 -0.199904194771266 0.252847237974223
-0.182212857474524 -0.635668737561507 0.00219297674756043 0.269364837438497
-0.565055177077566 -0.326561352160645 0.181397905834163 0.024129240097525
-0.610001507088017 0.164022163117196 0.077364664556421 -0.0674800066261129
-0.297314798508772 0.381999006119689 -0.0629401235402771 0.0115230726733464
-0.0653910753794135 0.412135094265012 -0.0240887681161537 0.118648759692948
0.138759513323587 0.421588062779214 0.0462393611457933 0.188389334059082
0.176923857699503 0.376938198765673 0.107450971046717 0.175924214474064
0.120394735761843 0.401021040233564 0.0874523796899354 0.183969986041302
-0.113020549564558 0.409802084052448 0.0511306529759655 0.211938113737984
-0.32273812897173 0.29536350210185 -0.0493389849553803 0.22240914870644
-0.554216791605549 0.0521943683684373 -0.148190361969418 0.115084941885591
-0.438451486203591 -0.350440428009547 -0.132335489832857 -0.070688990195459
-0.0222029968179033 -0.58626213182281 -0.0603659006354265 -0.0687864338815232
0.266469264844092 -0.638980242183324 -0.0932683555026169 0.114585386704562
0.106776128996125 -0.530835019071743 -0.317913771770618 0.454171268443508
-0.170472210660745 -0.498556714094855 -0.00349415460003046 0.423017186825609
-0.444672904534036 -0.24101180310954 0.164295746818584 0.075082500364021
-0.454613252032983 0.130390245411566 0.0309166356786038 -0.0242651547280563
-0.222527473297468 0.279513293015209 -0.111663320101261 0.0973920149869059
-0.0591218558050094 0.308022544444808 -0.0349011303890825 0.250443626299279
0.0894877903015418 0.325780462101617 0.0804149148003187 0.320597544677797
0.115208288952569 0.289570701644598 0.147496255716648 0.300088883259382
0.0649856121240036 0.301659232468888 0.112359518925568 0.303838626172034
-0.107691708657762 0.285656598882058 0.0265981509997978 0.310026762388435
-0.244051771954712 0.177322571997221 -0.104813546734714 0.268792289397313
-0.3637283138913 0.00474118035795858 -0.169502504550128 0.117460181706644
-0.27581619287027 -0.241669175618871 -0.12348754656852 -0.0347458967984928
-0.00777100112205639 -0.40483223641249 -0.0459282256082071 0.0366007749528744
0.182598552072786 -0.484447975769105 -0.182140471768533 0.288876306945114
0.0217977324217887 -0.316094244075647 -0.413530562356938 0.589620114285491
-0.129133310499242 -0.270749234157431 -0.0264101549448591 0.53135106582136
-0.247540552280278 -0.113143379179529 0.132303387417452 0.13241967415784
-0.218140140953337 0.0738720325686422 -0.0014351610586663 0.0216544693049431
-0.110050199564147 0.125600308914199 -0.134811827517129 0.154713812269128
-0.0441145718874297 0.148956058041102 -0.0414856326730077 0.337558929284012
0.0242808190745011 0.176797624939728 0.101825823122145 0.402114868007302
0.035372901879343 0.157596024143265 0.165377984913528 0.379615127745835
0.00301973896638812 0.161841373042642 0.118703414007838 0.376506073031843
-0.0854871605531954 0.13413943992959 -0.00519039328899189 0.356015587707892
-0.137242616663399 0.053461659430373 -0.14772769509637 0.269291544901788
-0.148171002109239 -0.0276265038872776 -0.173562460739012 0.0930578866318372
-0.106094279059054 -0.108521528403523 -0.108067847227277 -0.0131094730805714
-0.00529764996267837 -0.189210316185768 -0.0236201590794804 0.101268784282851
0.0724494448745786 -0.274304591990466 -0.222341131733719 0.402410947401878
0.0535220962539833 0.0106753735502047 0.199055002606934 -0.494092238669433
0.0317625738090081 -0.0297248854809316 -0.035965538217154 -0.229544611612024
-0.0317215166910729 -0.0340786861730391 0.0650331350896993 0.0169511386618052
-0.0605242396167292 0.0299143630894034 0.164433412049942 -0.0367132487661942
0.00341040207541169 0.0589243989963301 0.195644597528901 -0.202749346068481
0.0390094422086674 0.0392819623244703 0.0715599184810391 -0.362880094345656
0.0537473785244167 0.00772646118773734 -0.0874011332476311 -0.408188891120763
0.0482095888498039 0.00310787508900944 -0.146252809511245 -0.40701075651892
0.0432713863083283 0.000625834011819448 -0.111094980677546 -0.411553769614009
0.0277743105051356 0.0143390318425707 0.0170952892974628 -0.355357470250098
0.00477627495262027 0.0288964478899298 0.117024073042535 -0.21559596644178
-0.0320082450547386 -0.00513625675153251 0.0241090169059137 -0.0934392899487324
0.024112191965248 -0.0410457888701765 -0.0569015693814962 -0.192275983920762
0.0727365362456597 0.0372349964830674 0.0793786981558469 -0.478735104659003
0.0360220114456294 0.0928858609756787 0.516746589666036 -0.598856596491417
0.143069253318402 -0.211849465878374 0.196592703948408 -0.453345632466367
0.0245104424495364 -0.226992563269859 -0.0275408325358676 -0.217183678315819
-0.167909608763474 -0.158556956580933 0.0787051250675841 -0.00591927841246727
-0.248845057740352 0.0387407566121111 0.158489348191601 -0.0473444191910633
-0.11581337149562 0.162217301031674 0.172206085816497 -0.190244730318512
-0.00147510727288553 0.17982378376078 0.0652185457027036 -0.330981392766437
0.0984798467667252 0.167977898792118 -0.0745060496485819 -0.363931020812079
0.119442687591906 0.158539924369192 -0.114661006761552 -0.365798132955748
0.0984635388290366 0.17650375645079 -0.0851754668810205 -0.370993424077196
-0.0142300814295147 0.200038708460577 0.0417038794523532 -0.316445731176785
-0.130368625961205 0.167583886437509 0.12318891527305 -0.173580282654031
-0.281365562202603 0.022217014750796 0.00997683667386221 -0.0708959342182359
-0.176128388050691 -0.200194834462175 -0.0653450983072066 -0.21341945422636
0.0616946782195567 -0.235209811102659 0.0551760343876373 -0.488179679323056
0.165295076083026 -0.188323615795724 0.458723776710391 -0.585511928507352
0.209665694782847 -0.417881459037619 0.142790703943889 -0.351717907504599
-0.00518237865225992 -0.414587899545026 -0.023010346161153 -0.163085399315072
-0.310258260565997 -0.266749720058319 0.104821228887111 -0.0208534247561818
-0.424071382333558 0.05902358372613 0.156034776742829 -0.0663928535380156
-0.221130279281868 0.260287254967244 0.13110841323658 -0.172922997583874
-0.0387108857651021 0.304578441176638 0.0449139429852742 -0.266484181503691
0.130720676089621 0.306808835295657 -0.0514517245372304 -0.270026299012442
0.172998898092438 0.292052192515063 -0.0662734948689904 -0.269381737168368
0.137373804556417 0.326703445789439 -0.0468580107178041 -0.272316574519411
-0.0572669241398204 0.356011716264694 0.0581126236427093 -0.220258495244042
-0.252255568939697 0.283393104104292 0.103330686142721 -0.0943047260953106
-0.497226533892481 0.046244536313584 -0.0242262363545431 -0.0310295204395702
-0.356582114844315 -0.33632834081543 -0.08657595057041 -0.210588646243759
0.0424945733054218 -0.478310153207188 0.0161727997747002 -0.443936116383111
0.270749157060249 -0.440616275534132 0.344359633643211 -0.486758708008316
0.243046672389235 -0.578805024215334 0.0467077593568564 -0.190762621350288
-0.0606019293480304 -0.57225676417933 -0.018411212723396 -0.0571760953744267
-0.454050290204879 -0.341493006726306 0.141004446942498 -0.0237717455864095
-0.57476012501768 0.0997462694150121 0.148748826820306 -0.084979404718283
-0.298458145723413 0.347621587954507 0.0728063908512293 -0.139381768655545
-0.0655451771741827 0.400277042951073 0.0182799239514348 -0.166115716647606
0.148858474470118 0.406873921496925 -0.0235567498191489 -0.134411970347958
0.201821551760282 0.380591725943113 -0.00828619515745734 -0.131321695560929
0.151249178755287 0.421395342086774 0.000180792322525584 -0.128428431518912
-0.0934110139236842 0.454452373913035 0.0649731784769715 -0.0820620573046331
-0.337623700548518 0.355569541345956 0.0623312198585813 0.0137726059757395
-0.639634414483944 0.0668924836198903 -0.0697475841095156 0.0233943863443854
-0.48483432183896 -0.418243792128768 -0.111106763119186 -0.179832545812181
0.0145773573063412 -0.638264292500434 -0.0258696370944523 -0.345600838161919
0.329203620519539 -0.614393694962152 0.195799374546014 -0.313833338592781
0.238722092395885 -0.665475047660369 -0.0761364230345927 0.0171323957264605
-0.122767979195195 -0.662847835160967 -0.0105591915117493 0.0952892624499761
-0.554791544461659 -0.36993286684543 0.171703175034397 -0.00801606529321868
-0.653117651253252 0.14048405782841 0.123950271865872 -0.0885321436757772
-0.332028094656413 0.397438795841317 0.0031234294352701 -0.0763036399635931
-0.0795298864893805 0.442855198619632 -0.00809388446505247 -0.0314377127057638
0.148781208956238 0.449916295814387 0.0107960774752156 0.0272427656892193
0.200480522849974 0.411010441944776 0.0510488676459255 0.0264578971433722
0.14236658873522 0.44542507918165 0.0457689233926774 0.0350790498499026
-0.118011198335549 0.471391595195522 0.0611893536430552 0.0731158757617075
-0.364938231156215 0.357687091684234 0.00618621383175308 0.128958392908585
-0.660156238181617 0.0650857484846423 -0.117296632565798 0.0776087163520566
-0.513160147403375 -0.424773114909438 -0.128330595576668 -0.12849592798382
-0.0017221307211922 -0.677431685692328 -0.0530761963896907 -0.209152200216573
0.333427513712364 -0.679520577709183 0.0403649050535242 -0.0984896677526941
0.19617094615525 -0.651264345105146 -0.208213174505127 0.241357841828011
-0.158595833847405 -0.642637695232799 -0.00723608262913336 0.267361641739369
-0.55450679840327 -0.340780206405223 0.180824751150094 0.0279616773491776
-0.617233216384892 0.150081160315604 0.0805616606412252 -0.0658539106496777
-0.309846285073532 0.374823380047299 -0.0645887987436679 0.00929137211581806
-0.0790951606103267 0.413285228224767 -0.0298788938722559 0.117040088563712
0.125209812662005 0.421471121929938 0.0450905863532014 0.188808874215566
0.16602481825662 0.379969754219589 0.10305941418918 0.179263723242484
0.108007203697857 0.403310757511131 0.0819751182588051 0.187969201997194
-0.12638143669443 0.40675593121068 0.0454894362625727 0.212554554709204
-0.331199642054406 0.287693901269304 -0.0545997031355906 0.220026765196708
-0.554700149384305 0.0370790780116547 -0.15513167327058 0.110310843292548
-0.426154302037251 -0.362024502640617 -0.132310248048043 -0.0778511810069482
-0.00105639789241912 -0.584860994610131 -0.0597711205191811 -0.0718941175617108
0.286622570619205 -0.623129638496024 -0.0942024952481399 0.11367055653263
0.125804979750363 -0.528022283204704 -0.334771145549499 0.441231250084937
-0.15306690272259 -0.505401761353249 -0.0195729341569472 0.421885477251882
-0.438941900491835 -0.252491623618126 0.162448834769042 0.0802963639847512
-0.460009881057873 0.120527207507404 0.0329951865633682 -0.0239907668633616
-0.232688590539173 0.274143643622593 -0.115293141842128 0.0936449013067255
-0.0694024457963826 0.307299741766478 -0.0447289280112347 0.248465888234463
0.0812964982429337 0.326924111762089 0.0744283673738887 0.321210076304704
0.107798196910756 0.290304349060513 0.1386096772335 0.30579759473355
0.0568269686055373 0.300772276116349 0.102159328688987 0.308877099550902
-0.116353453672777 0.282185194884901 0.0182180131316104 0.309726932447207
-0.24834868912491 0.17212008026909 -0.111534978207553 0.264791417891844
-0.361555454142213 -0.00537506742100842 -0.175467551559811 0.112046246925307
-0.267818725653621 -0.246777744945431 -0.123791348150572 -0.0406654204879958
0.00647985373165215 -0.402607515808856 -0.0492275039055395 0.0341250886004803
0.196889308792038 -0.474459526495418 -0.190264753991137 0.285243663403172
0.0337526498569513 -0.31723675848919 -0.435196115290728 0.57549054103625
-0.120644242890461 -0.277060423843135 -0.0455150825353452 0.531408598318431
-0.245404662022898 -0.118539732715643 0.128705144635708 0.137268899100899
-0.221444001654666 0.0705511135902654 -0.000409929158459814 0.0212332529773168
-0.115052118050102 0.123222624777779 -0.139881901643724 0.150649778763052
-0.0498840590339135 0.14804978792293 -0.0541411606777732 0.334214677745128
0.0198106636158723 0.175572731429298 0.0902684549363095 0.404333118776502
0.0313886812795889 0.156973667191903 0.154028704726334 0.386945661374706
-0.000612982773817985 0.160391698530322 0.104449750464871 0.380788118451346
-0.0881970786455259 0.131436378405659 -0.0164376973977724 0.355468069642033
-0.138098066301455 0.051075218630255 -0.153972264708804 0.263491972276304
-0.145530090103763 -0.030943660421507 -0.177071002531924 0.0875309340496329
-0.101908598075741 -0.108652600185905 -0.108423810703741 -0.0170993383612615
-0.000770184933616752 -0.187705403160628 -0.0284919085948936 0.0998333367714019
0.0801242417494872 -0.269251774872927 -0.235441536910176 0.398055785381801
0.0563668158131038 0.0156622317332433 0.217289224513437 -0.513145002010924
0.0366322541707564 -0.0296829413773804 -0.0299777051813946 -0.238277923096194
-0.0310805165639012 -0.0384538655706099 0.0680652327912799 0.0176387240078212
-0.0635026538051801 0.0280885664556893 0.169240161900151 -0.0366795485994654
0.00219603324243702 0.0612890038316507 0.206893313133517 -0.206683713160542
0.0404738994685592 0.0417689276936474 0.0822470553480968 -0.375431800358639
0.0545830460979287 0.0100567604697594 -0.0830551681662838 -0.42485360148048
0.0496413031763428 0.00460342480922186 -0.146257101058771 -0.428228443259759
0.0433395379293041 0.00256617405408808 -0.105161207002427 -0.428559876219287
0.0274689435776407 0.0157318035204429 0.0259060885053684 -0.368315747300976
0.0045485255443707 0.028709686897964 0.124630902524556 -0.220067271204873
-0.033778566448211 -0.00601157858557064 0.0267088541071078 -0.0957628813541545
0.0258319191438423 -0.0430615058659478 -0.056011674323235 -0.200253339126141
0.0773145948553935 0.0401917709123437 0.0951305313811374 -0.4980499632151
0.0355153452291825 0.0979345651791394 0.552230840652792 -0.612008071109446
0.153215373099187 -0.212959993614827 0.216015823990032 -0.471013845134149
0.0334578533605999 -0.235388914768962 -0.0206121847427846 -0.226320991914646
-0.169312535905014 -0.168801276823866 0.0818767091074576 -0.00620489590905259
-0.258785405163398 0.0357306890220367 0.164188106578415 -0.0472549682762267
-0.124099771718036 0.166979818361693 0.181255319106581 -0.194740162157424
-0.00437332703919938 0.187383995184324 0.0738807268955528 -0.341512063066018
0.0980113123404604 0.176133928323529 -0.0679741351669536 -0.37875240627465
0.121236328120209 0.166297615463199 -0.11333643717855 -0.385188034624839
0.0982426990977214 0.185692570182386 -0.0796528576850581 -0.387673343914816
-0.0199207134894143 0.20854180054608 0.0518748590498432 -0.327157958990033
-0.139359814055026 0.170812484973433 0.130401498064008 -0.176443518466679
-0.293231488706837 0.0173704017568615 0.00988830019513637 -0.0727803861420664
-0.179168192182216 -0.212897851368946 -0.06492977798367 -0.224386373976597
0.072275123369695 -0.243874354225082 0.0693244887369894 -0.507143389449946
0.176389256105244 -0.190080957560072 0.491758041054797 -0.600405987332939
0.226772825231319 -0.424530152677462 0.155796108581355 -0.368242837636578
0.0068946423111647 -0.430856584829609 -0.0187933044291204 -0.171382132144653
-0.31496622127152 -0.282016320447316 0.109031799041897 -0.0221484467169118
-0.441753108050946 0.0555337336963696 0.162948162578087 -0.0670612318603959
-0.235590743285208 0.267169868214227 0.138770575542512 -0.177209237370209
-0.0460584311626055 0.316738073128421 0.0513938305015543 -0.274891400422421
0.129107019473848 0.320870311670696 -0.0454166842339219 -0.281656248620061
0.175250772454575 0.304819329929485 -0.0638017154692794 -0.283404805562697
0.135341038971739 0.340515108138592 -0.0406546476982545 -0.282593521626145
-0.0677986740941516 0.369991269543651 0.0676821724577813 -0.228253759899952
-0.267755360634703 0.289562943865008 0.109728726760129 -0.094639165869873
-0.518981113121487 0.0390062249510535 -0.0270044632282026 -0.0307926076732655
-0.364362092017377 -0.355362546828918 -0.0879897425716756 -0.223275000779421
0.0584478792361098 -0.496446403015192 0.0249369369843369 -0.462418882370466
0.29135439811601 -0.448339337894597 0.369194920786509 -0.501076482901059
0.264559513574258 -0.592727554084765 0.0533467401357466 -0.203193904779173
-0.0483801569079313 -0.596396165690793 -0.0170521390365925 -0.0613070958042462
-0.462692529488507 -0.359772854444719 0.146212321772228 -0.024234962995649
-0.598521622539827 0.0963912022709374 0.156352614658022 -0.0869907125800937
-0.31806927806187 0.355588425395627 0.07819489287613 -0.143576936832071
-0.0759586401062615 0.41549924620458 0.0212365816287945 -0.171327782134874
0.146984208714861 0.424448406158066 -0.0175136341562637 -0.140650958833605
0.202713035052052 0.395941973312532 -0.00538975370520385 -0.137698826823421
0.148317953620101 0.438116982040814 0.00478525954425743 -0.131113073420287
-0.107106842867627 0.470800945898578 0.0713084020536692 -0.0850753879457584
-0.356827004132324 0.362860348784785 0.0649388170356242 0.0161694269774761
-0.665461397576309 0.054541155813344 -0.0771111338651031 0.0251309582355268
-0.495258975381709 -0.441894250613782 -0.114652456599749 -0.192871190258986
0.0318862873022335 -0.664226287054513 -0.0207387298047176 -0.360913141723938
0.355466269518112 -0.627328590759685 0.21191915659323 -0.321393490186041
0.261214180399473 -0.685019194138613 -0.0791572979963154 0.0107718432360211
-0.110915506029254 -0.692250527452373 -0.0129724282788968 0.0972038921366345
-0.567988771525848 -0.392348152986863 0.179137693554714 -0.00679061271760566
-0.680318759567246 0.138645933704003 0.131475824640806 -0.0908349757855667
-0.355284259751511 0.407848082903593 0.0049116763425136 -0.0802231268235958
-0.0911343344139906 0.460435536939946 -0.00973732933847181 -0.0324099842282314
0.144991234756582 0.467335008465182 0.0155270220529213 0.0270452495107288
0.201445525005414 0.428355292593906 0.0542995017771714 0.0280292075915372
0.137722133523598 0.463965423636848 0.0483785762852479 0.0396841893870912
-0.131947705203558 0.487316060005158 0.0641791338674117 0.076814575011898
-0.386227632443123 0.36608339984927 0.00467470395045421 0.133951765855244
-0.686518632875983 0.0556749190930203 -0.128295679749528 0.0806876116687216
-0.524582944210652 -0.449121380881401 -0.133593353822044 -0.140967401684123
0.0157650837690601 -0.703681079428372 -0.0534014509865907 -0.21967493950167
0.362392265586248 -0.694159245049077 0.046188249135073 -0.100373893013748
0.219084038507385 -0.672460640378431 -0.222019331362074 0.242961208420439
-0.150700470761987 -0.674030385172252 -0.0142448013464929 0.277343277742347
-0.569718404606347 -0.362256782644276 0.188573881430073 0.0317611295948372
-0.643950356339108 0.149468266621296 0.0876781369757047 -0.0685227050580399
-0.329848920756892 0.387154680650437 -0.0667377916683697 0.00770640650429873
-0.0906168625126948 0.429911921359557 -0.0355836158015221 0.121023633695163
0.12220344273839 0.438707431127545 0.0480287804488441 0.194940101512528
0.167256904240088 0.394104744045278 0.104706595644963 0.188893072673221
0.105535679434507 0.417438215434087 0.0820761380195916 0.200052269958395
-0.137950932919087 0.420549809174596 0.0444353833880492 0.221086847889108
-0.349526654606155 0.294015453936503 -0.0602940598670809 0.227417620511432
-0.575761948774601 0.0277192235117741 -0.166939599147997 0.113124071181534
-0.437031644242082 -0.379610543950595 -0.137988401840979 -0.0866436803283244
0.0146067078225804 -0.606857022957753 -0.0632035894226009 -0.0771636114751145
0.311103750106462 -0.635993259868592 -0.0981845028501034 0.118339045996708
0.143432556597786 -0.547127659584203 -0.358608178050773 0.449880507328296
-0.148897918882936 -0.532419320921223 -0.0314945730146092 0.438575200678578
-0.453090625810622 -0.268862001487313 0.168901335689404 0.0860173102450565
-0.480805582959041 0.12114802187722 0.0372936943161258 -0.0253117582350921
-0.248225585947671 0.282665270954036 -0.121694431689513 0.0936683061646874
-0.0794482032577361 0.319703240530783 -0.0531933687501794 0.256347297515434
0.077875215761955 0.338332250999037 0.0736120728767151 0.334120201994168
0.108240746988079 0.301236139162068 0.139774819706089 0.321722747699544
0.053845403692311 0.311752636587741 0.100043076695057 0.324772535014118
-0.125410629955335 0.291256843867171 0.013591707321334 0.321135941964047
-0.260156262646196 0.175280711114305 -0.119627753173979 0.271439363391866
-0.373624787250302 -0.0114559271219471 -0.186867727476368 0.113196319971582
-0.27149592707932 -0.257294615965695 -0.129841965582197 -0.0465494597786635
0.0150638876225287 -0.415548784277473 -0.0546756659792612 0.0328339487677527
0.214115269619559 -0.48316129542237 -0.201563178318326 0.295070852525267
0.0426089724570235 -0.331944784949026 -0.4673651646673 0.58993636203177
-0.120049666817239 -0.292545272278698 -0.0623094471416674 0.551322135496664
-0.255236315098864 -0.125630343424302 0.132607628969484 0.145862503837781
-0.231379352088306 0.0725946300699556 0.000434572826396789 0.0211297232931033
-0.122766398715572 0.127107744936297 -0.148807786448617 0.152686777180528
-0.055669977275641 0.154260213263187 -0.0642612079315223 0.34520201896701
0.0180019427464212 0.181743985252392 0.0885279293364923 0.420515758795931
0.0312761657405784 0.161921662431843 0.15336848792147 0.406231211337628
-0.00159066414142829 0.165226269638 0.0994639786169613 0.399192664569859
-0.0929715627298689 0.134529398982606 -0.0238915729731218 0.367865859008878
-0.142780056628866 0.0522089900075286 -0.1647586606085 0.268646949459153
-0.148566215539486 -0.0332388145452202 -0.186942520616785 0.0881607026279607
-0.103666505337999 -0.111424223490779 -0.113411656838669 -0.0204536334697631
0.00241811789507653 -0.192875499292534 -0.0335056125857744 0.101431167481782
0.0883092040413607 -0.275490215856733 -0.251270897340792 0.411324685003614
0.0615250589959399 0.0184337409477311 0.222604913748855 -0.551942711152599
0.0419808979798327 -0.032274968457887 -0.0328894118533585 -0.252070748969522
-0.0334161915089617 -0.0426305449189478 0.073175907990761 0.0163039054049546
-0.0670706180508267 0.0296728533417337 0.176370867841023 -0.0430512529996604
0.00296817038608832 0.0647963039202681 0.214318350879851 -0.224555059536818
0.0446114624807775 0.0435963582522379 0.0812266121263843 -0.399577705999664
0.0582429560546374 0.0106473607121859 -0.09583652805191 -0.447509691928693
0.0525383784322739 0.00411981695889685 -0.166226462177323 -0.453226237689706
0.0450291339268329 0.00278655789152534 -0.120009952180724 -0.455024414604192
0.0282799479806197 0.0166322706470104 0.0225729784962009 -0.390381463775702
0.00406692478034924 0.028650644061744 0.128902872707382 -0.232745835947943
-0.036315102857269 -0.00658934718477095 0.0256460175493931 -0.100887995307822
0.0261463906371391 -0.047294916866908 -0.0629721121512715 -0.211213001811335
0.083848617717144 0.0408616881904442 0.0937180361701208 -0.529935613601317
0.039240025522518 0.103995696891588 0.575473631315309 -0.659512375378533
0.159560506519168 -0.224679762979048 0.219235447889176 -0.508483510096812
0.0345451604233262 -0.250267443210383 -0.0239410040730202 -0.240299155714866
-0.181537414887496 -0.177196393671929 0.0867612786829492 -0.00953160375399084
-0.274153221289954 0.0425329318941368 0.171083446449836 -0.0544738411028443
-0.128827078865148 0.180227889100149 0.188222218399213 -0.209115643415921
-5.62546063139612E-05 0.199783109803115 0.0718818859175166 -0.362732367644421
0.107283778122032 0.185986513601844 -0.0768433170415912 -0.40120472127963
0.131625297992561 0.17383481114116 -0.128908210787983 -0.407722171936849
0.106763850431492 0.196112612155875 -0.0892915078918579 -0.41035715212716
-0.0189841767805708 0.222932430161027 0.0507170436960419 -0.348222752589307
-0.145691660715702 0.182951112543354 0.135451344616257 -0.187707478092032
-0.311899642716234 0.0240989442232814 0.00675824472087199 -0.0749623015368593
-0.195070463651676 -0.221719726794428 -0.074612583051162 -0.238502598947154
0.0759922981708158 -0.261706078230567 0.0647348191600314 -0.539775541097123
0.184513338601146 -0.202840983438192 0.511716804576203 -0.646519994528293
0.232188990867118 -0.449687881802959 0.15873762833002 -0.399360404875375
0.00294353633524765 -0.456693110987112 -0.0212954179642683 -0.182464484737691
-0.337583954569358 -0.290789135879725 0.11500639898922 -0.027718036945615
-0.46729833647488 0.0698359804956024 0.170498122925319 -0.0758740211908287
-0.245661014851974 0.289926954494595 0.143888542903226 -0.190803781784585
-0.0415137914652984 0.338524320156789 0.0493397024186055 -0.291393613023361
0.143072240460169 0.337168036326738 -0.0506276074480305 -0.298937160636533
0.192299815863556 0.317728187415054 -0.0738733572274602 -0.301882401500525
0.14917231963754 0.358428738432766 -0.0462078591999739 -0.298428805679456
-0.0661208702074215 0.395580942197167 0.069550094915068 -0.243947672503581
-0.279231477939485 0.311852396680808 0.115612608262437 -0.101504045146192
-0.549644775979569 0.0511082503059561 -0.0327992884741616 -0.0290783687219264
-0.393427323636303 -0.370463134840794 -0.100442549584247 -0.238797931517199
0.0572207294061614 -0.530592982394184 0.0175267789434457 -0.492748307160803
0.30181374375547 -0.477353615953336 0.386055323335666 -0.537004051555942
0.269445470863734 -0.628706373893386 0.0525930767320642 -0.222175288401562
-0.0593181039482957 -0.631637789465154 -0.0182500004745737 -0.0669253944507008
-0.495468059471341 -0.370475752942513 0.155370192820756 -0.0309585517333687
-0.631505188449518 0.118306903878571 0.16485550822848 -0.0973261173815565
-0.331311174270781 0.388446802059356 0.0801910670740124 -0.154320762119993
-0.0710456556481754 0.44451730321892 0.0181024780862422 -0.180935659345766
0.163668321474735 0.445570891965052 -0.0169636532164989 -0.150779989829026
0.224767270305788 0.412399952514567 -0.00784004799699058 -0.14756613584041
0.166778349697389 0.461445534546839 0.00487028855323528 -0.138225528282612
-0.105923933573312 0.50403326737512 0.07592132976044 -0.0921167620441358
-0.371739526207547 0.392434683491089 0.0700782779076408 0.0167110552326024
-0.707259564147973 0.0731830435797081 -0.0848660319831144 0.0314141823393151
-0.533797622594609 -0.457099604182052 -0.129293683418822 -0.206898796116
0.0281840421851111 -0.706007037857781 -0.0305717534189176 -0.384257264455122
0.368172132995275 -0.668063807159699 0.221971348855346 -0.343099960213326
0.263406504993727 -0.727048973547984 -0.0842398565136868 0.00853929958107237
-0.129428511326122 -0.733812512816535 -0.0121689933457563 0.102324592444586
-0.60885225414873 -0.403235621744331 0.191066458649651 -0.0133743715687008
-0.719327461610605 0.165924937810237 0.13998475342818 -0.101553329471738
-0.36912928451411 0.44404012651318 0.00441022115876826 -0.0858993031216316
-0.0878632582852766 0.492749882328225 -0.0121921217975202 -0.0336295887711865
0.162739776685786 0.490927772608984 0.0214968343617903 0.0257553769234904
0.222987035900691 0.446386813927683 0.0591968942409719 0.0277784817514822
0.155367049654167 0.488016353650942 0.0546768908126137 0.0428571606502833
-0.130384730166942 0.52115084431646 0.0705367028223618 0.0788594934838654
-0.402314467284362 0.396574172933892 0.00925777478093541 0.14261591734218
-0.728340466230575 0.0725211185200953 -0.138001020503244 0.0908757302198656
-0.563986374503705 -0.462799891522892 -0.149458747818051 -0.151079940102907
0.00880362947905129 -0.746053301793314 -0.063068494006921 -0.233305887696554
0.372097603580968 -0.736099586568273 0.0501934734938744 -0.105065601563111
0.219806890872768 -0.716030573396817 -0.23225034764877 0.258846352162193
-0.171867162617364 -0.715556440259843 -0.0104918227316358 0.294225349850614
-0.611849885914124 -0.369531545684429 0.202527435828807 0.027825449833578
-0.679487256748411 0.178725000130292 0.0942932308091469 -0.0774214385186345
-0.345105403386887 0.42022946148009 -0.0700971608622987 0.00762971138257685
-0.0872466631182916 0.459914785587335 -0.0370660747128564 0.129033680347404
0.139504825208327 0.461812832448688 0.0585953606412278 0.202324087417037
0.188129463425244 0.412306159781865 0.117601624259148 0.198550652628221
0.118706490539782 0.439369394150572 0.0934134015910438 0.212744729719632
-0.13876057427445 0.449132329506709 0.0520854536096624 0.232033366284403
-0.364394944854183 0.319773176799979 -0.057965920807978 0.241415124485884
-0.608245589237657 0.0416529609651959 -0.178180194976533 0.126474968503333
-0.465868138065168 -0.391054079851601 -0.153255500976245 -0.0934870867568462
0.00854390279047321 -0.642665353683944 -0.0720926115214057 -0.0827353228420444
0.319583029828594 -0.676007748887291 -0.0996416536549014 0.130347410873662
0.142244890439896 -0.585096851772339 -0.373946424962694 0.482660987310579
-0.16882263639375 -0.564038524562898 -0.0259897438799898 0.46748095193835
-0.486799756730478 -0.274169920648711 0.182957825270367 0.0869378623309678
-0.507835982465423 0.144387091202591 0.0420309859437038 -0.0305065191459399
-0.258614013113949 0.30843227798616 -0.12722738789191 0.0999886076173146
-0.0782291993934539 0.344157087533967 -0.0541816495034905 0.272643891837873
0.089907905822765 0.355936134221527 0.0878784995517771 0.350436780799751
0.122214059686534 0.314665740441935 0.157752707867314 0.339299884179181
0.0634902211484827 0.327317644122304 0.112898264791668 0.345381807229316
-0.127113024935661 0.310820657975877 0.0202853428082987 0.340054999124729
-0.27117067155991 0.192717575603269 -0.120171598823611 0.289915097738843
-0.394389231951601 -0.00342039115673905 -0.198526638356744 0.125663145064751
-0.291441998492608 -0.263916172937153 -0.1424219335674 -0.0497052926262328
0.0112587176508711 -0.439153421596267 -0.0605061523918221 0.0342252915333405
0.219287444716312 -0.513730842488414 -0.207651787235584 0.320868385527004
0.0400984089960336 -0.355137350759198 -0.487366638730801 0.635900951968071
-0.133923507671667 -0.311606585755469 -0.0585317281729927 0.589110079236839
-0.274652896579989 -0.126604019440931 0.145374000880231 0.151885334807696
-0.24487715412493 0.0856871540486211 0.00381803882359037 0.0198689955696866
-0.129244193986067 0.138808171252989 -0.155049600109292 0.163477508629025
-0.0562956175984642 0.166371900095577 -0.0634659596231022 0.366258198095949
0.023413394452111 0.190584434503146 0.103906290431491 0.442915232508494
0.038130605383808 0.170020559277603 0.17480172018396 0.430546294072649
0.0030767020469146 0.173447499851006 0.113316024689109 0.423617911676506
-0.0944749321599298 0.144249683240212 -0.0198381890527685 0.390678933696225
-0.148578221948357 0.0600499537684371 -0.168170690376745 0.286866661781919
-0.156487362842668 -0.0310142028004698 -0.197121342631559 0.0979702863399787
-0.1107621777825 -0.112429860495732 -0.122248995893151 -0.020114277826282
-0.00224598403733482 -0.202236209487732 -0.0367876772310375 0.106914747972487
0.0887674314675795 -0.291622475105911 -0.258660041377735 0.444723293706273
0.0541360892186977 0.0212027199707016 0.321016192181271 -0.529242078697207
0.047760629594399 -0.0262773624358355 0.0105033904577044 -0.267581516842897
-0.0241116757924329 -0.0526111743319741 0.0720050365704578 0.0249862313311297
-0.0732076418216289 0.0133474341469895 0.183867492212573 -0.0160734660991927
-0.0120179419756164 0.0608085558420098 0.258704732524633 -0.197295921791712
0.0355074560857085 0.0483000197289474 0.148734194772533 -0.402608326019065
0.0564656823387613 0.0204220717189448 -0.0276581363939602 -0.482253699543432
0.0497160926051465 0.0135031867404423 -0.0998605284610666 -0.502546992683829
0.0451703892428132 0.0118993779736388 -0.0553311240288815 -0.496760878316971
0.024386142293697 0.0207863970970588 0.085398072873116 -0.402341385520216
-0.00127736391619151 0.0274071272253416 0.1687651496754 -0.220811428394898
-0.0360741154492481 -0.014851346009287 0.0438699346318192 -0.099679696611514
0.0375681343099274 -0.0476838118858674 -0.033491425077347 -0.227228318160432
0.0858881883491352 0.0516806620676772 0.180533335748458 -0.532547582864604
0.0260784488873384 0.111913585602795 0.716909341735355 -0.590442758039892
0.19861062241889 -0.206537397844164 0.315246474363023 -0.494764354960969
0.0779756439613232 -0.247924889274052 0.0169553297546168 -0.260955742597735
-0.150579188161559 -0.213177926872109 0.0810060153680887 -0.00855292084290403
-0.283828139778922 -0.00472211456078175 0.167139532701144 -0.0337568493695392
-0.166723493099901 0.156898047703358 0.223018759552797 -0.177424830134889
-0.0380273810630192 0.202960521699341 0.13213294069606 -0.361804140120454
0.0767807015814233 0.206479433728994 -0.0168318205925929 -0.425863726448169
0.0980862131422424 0.202990603443769 -0.0689846778628456 -0.449073136681564
0.0731692310812239 0.221739963468321 -0.0326616531888244 -0.447355596079475
-0.0609540809547944 0.226547121578951 0.106061230716558 -0.360527009593203
-0.189353795501792 0.158106358492579 0.175497595597766 -0.178364906374142
-0.329865105685735 -0.0305349417060411 0.0343642039356293 -0.0821781302791027
-0.155483578712479 -0.27436609796446 -0.0379491274405404 -0.253901388181533
0.137321944023542 -0.266622224615055 0.151535350968816 -0.534449653831934
0.241861254418957 -0.186052755860692 0.63450569753458 -0.574671975499932
0.313983365645569 -0.418217299809975 0.240872249782596 -0.402848794989741
0.080702171706862 -0.461128034629599 0.0093667640832933 -0.207917995023275
-0.28692896573721 -0.355847155720648 0.104285549623212 -0.0303456715591502
-0.482394546039499 -0.00629730775626747 0.157791180768784 -0.0604652702226182
-0.30368651025473 0.250488715131586 0.168177224048088 -0.157693478031176
-0.104579092489024 0.34012214311945 0.0941205099906588 -0.287133836375591
0.08883842088693 0.368771845629276 -0.0069730534041477 -0.310556399765381
0.133599208547371 0.362572050947875 -0.028820019358947 -0.327322522786177
0.0882071061877089 0.397358395397651 -0.006761689062718 -0.324258975467955
-0.141177627736999 0.398265392697567 0.106254268399772 -0.253115174458859
-0.355303822585251 0.26669641270679 0.147319770989842 -0.0968495257522694
-0.583592130225194 -0.0425900646319119 -0.00191931164271943 -0.0472375810537759
-0.332238369209384 -0.467319666488689 -0.0621833329946826 -0.254682783495768
0.169944842934812 -0.549387178716866 0.095819595136819 -0.481927984995313
0.422343205459858 -0.453124566312018 0.473007443293974 -0.470697400015777
0.384364808573469 -0.591019568372062 0.105886670923782 -0.245670408374656
0.0482937431598841 -0.65055910756036 -0.00741470244015979 -0.0924435264502892
-0.434505904705678 -0.46456020553593 0.136429534055345 -0.0334557425707288
-0.657108218281078 0.0185917514362619 0.145806528294229 -0.0854597603234902
-0.408205160175118 0.337392209813946 0.0930439974056727 -0.124352083317499
-0.153576209986272 0.445916537348443 0.0429395114937435 -0.173726696800506
0.0919553473730497 0.482492426502485 0.0028072942834223 -0.147508531668573
0.149653472987088 0.467424147621884 0.0160942395582004 -0.156240502179644
0.087116738700494 0.50622551795167 0.0208146995161281 -0.148220622421433
-0.200873971541482 0.504335519695605 0.0885193212211605 -0.0962328220748735
-0.469416090618995 0.332640363433185 0.086869969239503 0.0162761083337665
-0.751292873046315 -0.046713425372276 -0.057891448360062 0.00319479383644322
-0.45869442378503 -0.586492922514223 -0.0957082763713587 -0.224573131951068
0.17309094699267 -0.737711038720356 0.0263995806957499 -0.368825118692903
0.528855177356131 -0.640422391767626 0.260438214130788 -0.289536894621397
0.400566556080861 -0.688721692904423 -0.0705414326342167 -0.0354523533064208
-0.00333742571900305 -0.766298358728524 -0.0305161264167465 0.0808786878218037
-0.542648191008036 -0.515717001081727 0.164123737477498 -0.011321438315125
-0.752987539401884 0.0545440990758265 0.114543176026951 -0.0934260850846668
-0.454944430705065 0.389734374459737 0.00191738994718121 -0.0617585507586295
-0.176769375250616 0.493744994203116 -0.013528707876782 -0.0245974943745624
0.0833260680038323 0.529804908438237 0.0149762421553156 0.0444795480632413
0.14234283885979 0.500905780675992 0.0588653658802001 0.0389560964713826
0.0718751114794153 0.531175154046473 0.045099517804469 0.0500276615247716
-0.229572047656122 0.520095523981597 0.0565136390401326 0.0808658931349286
-0.500218277493555 0.332484197182104 0.00514074108192849 0.136626299975235
-0.774440858717038 -0.0478449783390815 -0.121423586407388 0.0562513717555776
-0.487925443388895 -0.597512067017135 -0.124841112603942 -0.168895641976823
0.157932213710531 -0.77945112496557 -0.0325816425268807 -0.217796680630312
0.546273254106858 -0.709940410726307 0.0375713703588651 -0.0693211518881799
0.354629788160673 -0.679823316116964 -0.265523693057352 0.197058957348058
-0.0466742396882676 -0.753819661396145 -0.0619203393916574 0.281134124459707
-0.551844625768297 -0.484368751818827 0.169770126336579 0.0352846645222984
-0.716495217633678 0.0737123945908921 0.0663238758813978 -0.0742543504612385
-0.425624960776272 0.371175078525417 -0.0896678768577339 0.0218951542640737
-0.171467542570568 0.463343186515738 -0.0652599226882597 0.139862356673277
0.0645661351339923 0.494873625277619 0.0255840385443747 0.234742444541073
0.114352285232279 0.460536913307434 0.0920486998123752 0.227653998148553
0.0429966109388511 0.474095561398243 0.059874828576788 0.234468131076525
-0.22525319799126 0.443378361398318 0.0145733504202919 0.240155503246522
-0.445269522531738 0.261791337687408 -0.0813805695703143 0.231234453322496
-0.643660417064055 -0.0606094568906675 -0.174584463255603 0.089874136440813
-0.401972350742594 -0.500326293554232 -0.139970281390819 -0.111927602838405
0.1333100371111 -0.668086213973375 -0.0665978823820769 -0.0684744865847535
0.476254464680547 -0.653536235719015 -0.1568151548263 0.147449842330119
0.25435167196284 -0.556279937573538 -0.451931389194701 0.407730768201355
-0.0674835057610506 -0.600867528922061 -0.105628689674095 0.464240116098241
-0.442416758365468 -0.364714182469782 0.147471855424556 0.0998488031950732
-0.537841598724445 0.0673644460550958 0.0156987710476745 -0.0310683595461635
-0.317650070956254 0.274042081880196 -0.160148693868651 0.102419469270034
-0.139450093787345 0.345915055394194 -0.105459198348335 0.284179783680175
0.0333401986796316 0.379841272448243 0.0331058005146228 0.390177135058481
0.0676607048654857 0.348155075767043 0.111370509243568 0.381636765168548
0.00640924507478769 0.34713908191442 0.0603542834367975 0.37856877855883
-0.186870175841715 0.302252710537342 -0.0342234391011642 0.349605160439475
-0.322838659458533 0.148800881052575 -0.157443613455204 0.27543537497285
-0.413550331576788 -0.0694195588037558 -0.20574806235819 0.0920968567867484
-0.247464628659723 -0.330876994204702 -0.137958532548098 -0.0677934255071311
0.0965491358224482 -0.453591303649461 -0.0737421200982241 0.0436552417263861
0.336345637266563 -0.497264303559272 -0.293824852431044 0.320355365651006
0.109254573900366 -0.338309442610108 -0.598869597311822 0.555434751444706
-0.074240362215317 -0.337177687422252 -0.158480154179664 0.593802406362811
-0.254284309447971 -0.176938231687698 0.110950070140646 0.171268909445865
-0.260308241779968 0.0513104776520201 -0.0143275312721135 0.0182918080305002
-0.154540513220551 0.124334115317005 -0.193390527714881 0.15314105163638
-0.085213101673785 0.166785727729306 -0.128057165008664 0.375822365931467
-0.00671338607240118 0.199799478068799 0.0354047843302983 0.486295379142849
0.0100368379675343 0.183177075073438 0.113457709569342 0.479566317167051
-0.0273442953615556 0.177491864292685 0.0513117005041171 0.461427312119827
-0.122697412758773 0.13407672031813 -0.0818177088927378 0.399868282756426
-0.167545468103353 0.0354932461780793 -0.212263130194127 0.269309329713208
-0.159346895689185 -0.0563857765924786 -0.211277733279147 0.0695111929264742
-0.0915758560203317 -0.137268466182238 -0.124277217411609 -0.0372022569057933
0.0346552029754831 -0.207105969253297 -0.058677689195574 0.111254258803588
0.151524323676453 -0.286904493145711 -0.358758089835954 0.432609769361421
0.0577424196983741 0.0188823853240265 0.275205506427105 -0.559590657228879
0.0496660125837145 -0.0314476222696212 -0.00939980505975277 -0.269734147528251
-0.0280654291465378 -0.0534376054497825 0.0766975151264585 0.0178597322606215
-0.0736388135431573 0.0174556082145247 0.181992183547807 -0.0317993327898083
-0.0085130658909523 0.0613513263691325 0.242057399588458 -0.220944834779283
0.0398010255735707 0.044925062342607 0.116542812177415 -0.418141859995036
0.0586195637774917 0.0166436358280675 -0.0664938237921245 -0.480987907035657
0.0507722422098327 0.0105356408643158 -0.144987392870102 -0.496364048143332
0.0450459477084154 0.00877516323144112 -0.0978809534280686 -0.494432984980113
0.0249034995666907 0.0195009216268486 0.0542921779702508 -0.411244205148791
-0.000774732893346878 0.0261766866530207 0.151386725930536 -0.233363752766339
-0.0381439536607119 -0.0126749273710233 0.0342456339610081 -0.102621746000231
0.0325444976082017 -0.0516698775899082 -0.0516710513838575 -0.22569445382121
0.0912984257692057 0.0442164571402991 0.139863436735151 -0.550490764323455
0.0353665736514182 0.110615902988736 0.669072289716702 -0.652092183379875
0.183146785958525 -0.219348053018417 0.274630210292369 -0.526952274250097
0.0617570096091397 -0.254493313343876 -0.00192762600812908 -0.264529909542115
-0.166662196669137 -0.202183059602592 0.0823288021400612 -0.016853325133133
-0.285370974210332 0.0188996928263643 0.163010038048078 -0.0490834563635703
-0.154537749231964 0.172118021750912 0.209067461313655 -0.197923833858429
-0.0201402454358425 0.206995943038625 0.10283042346018 -0.373327568004189
0.0945183858637112 0.20203081133011 -0.0497382360659023 -0.426182703523485
0.1156868516239 0.194683394900913 -0.109750817936615 -0.44681732288017
0.0914832102613759 0.21683763107711 -0.06950024736187 -0.446446104166533
-0.0437299829083518 0.234124408760978 0.0772718446665969 -0.37095828897158
-0.177836720998244 0.173479263804943 0.162783287597181 -0.192320214043158
-0.334822125561086 -0.00355851923492123 0.025990826359097 -0.0831074303249777
-0.178940736850941 -0.262314891078912 -0.0611976658336017 -0.253275415776971
0.118011128598998 -0.279914131468372 0.108901916272501 -0.549074691545913
0.22787946366381 -0.203901458234609 0.591183460697249 -0.630614443049642
0.281070632896448 -0.442306572157252 0.207477346311257 -0.428122343008767
0.0463858861035516 -0.469836772960813 -0.00598538761411403 -0.210211848246515
-0.316547923385675 -0.330438660192901 0.102416801476853 -0.0418018767245443
-0.484387655677407 0.0358540810251117 0.152206994525658 -0.0758639934428482
-0.284164257807489 0.278172274264145 0.156175697851176 -0.173423069179647
-0.0756727457465686 0.350380977973931 0.0709695217501081 -0.295316616914032
0.119250824624494 0.362565976073261 -0.0301081721532654 -0.313491908611265
0.164641647935032 0.350947553425969 -0.0569195744895709 -0.327250064050105
0.121411180380776 0.391378787091751 -0.0321495791172551 -0.325503794886021
-0.110406460872344 0.412859394014547 0.0872757323313036 -0.263825119499542
-0.335909844365565 0.296276035797192 0.141063694303211 -0.109276590146601
-0.59105153132735 0.00675137185750589 -0.007750464958325 -0.0441015789500879
-0.370819451735312 -0.440058766788218 -0.0878840939259767 -0.253545964130477
0.130100787837662 -0.566730603551082 0.0543613126341352 -0.492344073342775
0.385689459013431 -0.486186280295858 0.437325040287264 -0.510204488119317
0.337859390107684 -0.619867193639428 0.0854791237852936 -0.260396921442308
-0.00289862880199757 -0.655533161503277 -0.0143434432465285 -0.0935746848157071
-0.47202002496939 -0.425843412336677 0.134534424122619 -0.0476104835797072
-0.656468737028355 0.0778536653360831 0.138334644804088 -0.101360505631773
-0.381405226829751 0.376124971532377 0.0836562389590664 -0.133957086784194
-0.115266535364026 0.461720451909589 0.027784801836311 -0.177134009093467
0.133144588868795 0.476676798562503 -0.00574878398703755 -0.151576163260439
0.190318110036934 0.453032249508506 0.00292861000186504 -0.159540459621976
0.129972876273109 0.500376246721045 0.0113552173952506 -0.150753610348856
-0.161899040631572 0.525765271440514 0.0818712983385247 -0.104902821813988
-0.444245812635933 0.373161663258185 0.0901155491525012 0.00808076527409689
-0.758600273844819 0.0184663513425845 -0.0605070942420979 0.0116600246840162
-0.508006156071935 -0.547409964016328 -0.120122864517302 -0.220775775874116
0.116609315418773 -0.757227622927233 -0.00637823849664631 -0.371984598842137
0.477473149920652 -0.681415914011082 0.239135510367533 -0.311185502731515
0.345238950727482 -0.71967661963074 -0.0742871000701942 -0.0338655730923412
-0.0659200651805772 -0.76899480759217 -0.0229828858442191 0.0821777112684779
-0.586063507211001 -0.468474934806141 0.163687843130231 -0.028496587305555
-0.748230482341788 0.121871340355281 0.107624328926587 -0.107636663224928
-0.424063589158784 0.432958799915344 -0.00240194517920802 -0.0643358377991434
-0.134624514237304 0.513577446728808 -0.0166612722460375 -0.0228817718693795
0.129237358440174 0.52240176159772 0.021916291484924 0.039275281376734
0.186718143916467 0.487316823048943 0.0628412896102611 0.0325759223800263
0.116417496500952 0.52570246533678 0.0527556774584123 0.0466710416266594
-0.188846958162172 0.541048166817738 0.0635211197248036 0.0760610686480387
-0.473686159025538 0.37628415203646 0.0182339843045693 0.135630346138094
-0.779894535537747 0.0177907026474713 -0.119173941505488 0.0705244504444361
-0.537110891374484 -0.553608839991416 -0.146206277151142 -0.162713381935785
0.0993563417644345 -0.796174279049618 -0.0542743736466877 -0.216006956929328
0.487806742654044 -0.749920504853408 0.0346630201863224 -0.0697503347343883
0.301404092838758 -0.709433614165354 -0.249273364923039 0.216759272533992
-0.108595372597776 -0.75384934781477 -0.0380010852025597 0.286756084070552
-0.594281815615908 -0.437597519674518 0.173660745167874 0.0183986391062986
-0.712231693602367 0.139461085283835 0.0614947894934847 -0.0835487955277283
-0.395989919288013 0.413159864738942 -0.0870375391265388 0.0277422677922572
-0.132011842769649 0.481513760913838 -0.0554605783764217 0.146213795735138
0.106495696229696 0.490509418899554 0.0480796179325549 0.229382812392123
0.155921433872602 0.448000684636447 0.113327201607452 0.218658373971764
0.0828494156447965 0.470135060674482 0.0827441920339676 0.23139143874551
-0.189432419362826 0.464205346023348 0.0332363389625474 0.239215333427635
-0.424356511257049 0.300691550512062 -0.0607553256466262 0.238674378808289
-0.649511511145231 -0.00357715470265546 -0.170392637421568 0.108333004404272
-0.440950047134885 -0.464165579056199 -0.156701066496575 -0.103604375915314
0.083564000659284 -0.681237531015359 -0.0768590668738885 -0.063634283313546
0.424004056382746 -0.688904717776686 -0.141827528390854 0.163993375527086
0.210547165951981 -0.57730921195615 -0.418880874374037 0.445702246163307
-0.118533783001964 -0.599250491782549 -0.067925658813871 0.475265891391671
-0.477106673786146 -0.325421682066335 0.156978453315973 0.0861383426316736
-0.532999845142351 0.11811420888156 0.0151661870202596 -0.0365105677514924
-0.295699523535133 0.304803877161032 -0.151362016979827 0.114701039817975
-0.109759371572558 0.361006293819112 -0.0837622119471096 0.294153397875927
0.0656844982017677 0.376542134789416 0.068362403622725 0.3862955369454
0.0994660825003746 0.339561967316346 0.145183477311651 0.37338976477835
0.0369347014969686 0.346038239431663 0.0953417588825756 0.376266595382095
-0.162126267757945 0.318937175349072 -0.00665914238553033 0.353498391567037
-0.31060667663111 0.177080419130235 -0.133499361381776 0.288456059988905
-0.41830749865875 -0.0326446523784432 -0.20036874295944 0.112788718896995
-0.27238206377761 -0.307816443963108 -0.150054829629206 -0.0578974780289727
0.0606797847434433 -0.460743256735847 -0.0744424217093897 0.0495370085929561
0.294857997893298 -0.521580149848523 -0.266191844087612 0.349379665382026
0.0825315256589684 -0.349845103345856 -0.554569514644073 0.606789907355012
-0.104833369817959 -0.334039821490232 -0.110619386930913 0.612208135096963
-0.271412115686073 -0.154133273474607 0.126433335870029 0.161155643119731
-0.256129174227654 0.0774992044893243 -0.0118907588661028 0.0168264856002319
-0.144439750489524 0.139894444870902 -0.182411314546965 0.169258693266075
-0.0717708282161556 0.17640468417563 -0.0992629437580245 0.387458061045628
0.0105326844119499 0.200469579527745 0.0770902483366041 0.482481024077392
0.0277477146670714 0.180265234969355 0.155761442220834 0.470608094997654
-0.0107738296776623 0.179152251787051 0.0900500687204832 0.459872527836633
-0.111197211506478 0.14388849056991 -0.0509570163485713 0.408676717840291
-0.163033011388188 0.0502109379586465 -0.189564355021047 0.287301258734221
-0.161889144112059 -0.0412740836682272 -0.2073529995694 0.0885255534318918
-0.101106425137492 -0.126693401328514 -0.131309190215839 -0.026916536747929
0.0180933780648846 -0.208944599850047 -0.0539899965533358 0.115516715174413
0.12782403067134 -0.297790632905275 -0.321346807997749 0.465547119065049
0.0588524713630224 0.0166032216003016 0.231360069591975 -0.560485462587231
0.0497423950766554 -0.0348097221996807 -0.0232459826707272 -0.260787863202786
-0.0293422367003619 -0.0518611182985609 0.076724625263036 0.011438725088157
-0.0723569559427156 0.019542200637788 0.172659066382019 -0.0420342077276786
-0.00543265078099114 0.0598945327694872 0.220102194512846 -0.228723249552405
0.0412007550107457 0.040635904370115 0.0876389961305936 -0.412975128643935
0.057707488858903 0.0134950365749893 -0.0939371438879645 -0.46032778216076
0.049456837385124 0.00815160202414533 -0.173181727346687 -0.470832269646185
0.0434111820630891 0.00765926352738306 -0.124100133675193 -0.474555529025
0.0243245127072735 0.0182173716094482 0.0297274236414757 -0.402944549133424
-0.000644734099867943 0.0247242741175553 0.132676528638709 -0.232852796004779
-0.0380843529723771 -0.0107770144253801 0.025779674460959 -0.0994739095898929
0.0277188613449889 -0.0518407578890588 -0.0630617949321106 -0.21556851933762
0.0915384518935727 0.0377089869384685 0.104747336734395 -0.542174923538535
0.0409593342543847 0.105477854107039 0.609616714134107 -0.671991396726242
0.165560329595432 -0.220664828434121 0.230896418006216 -0.52998381278318
0.0479274283958939 -0.250939945300971 -0.0157443697700748 -0.25733676479246
-0.172057886369379 -0.185204112311123 0.0794466627390185 -0.0235490173560526
-0.275098768474894 0.0360024531678935 0.153094210579759 -0.0583245197357536
-0.139181694734714 0.176824676805512 0.188695427136947 -0.204749207362277
-0.00602423448082304 0.201169960371944 0.0766929065090673 -0.368576976791528
0.103724349372597 0.18997048823188 -0.0737213229203098 -0.410861827848163
0.124434750840747 0.180585019970931 -0.135257164091334 -0.424873368945365
0.101549871426847 0.205672647733238 -0.0941202999041938 -0.42921408720606
-0.0290283132776128 0.230606493974134 0.0533950938213204 -0.365226899125758
-0.163474402533779 0.177734496050635 0.146183256112123 -0.194780918407976
-0.324723158225349 0.0173445162536826 0.0177778688474637 -0.0796672811463253
-0.188786666812868 -0.242075900821459 -0.0766567118641642 -0.242120844253649
0.099550511595441 -0.278825373972734 0.0732527091104924 -0.539385891417171
0.208177061080891 -0.20795393431875 0.533022147402387 -0.644472969269947
0.246050788494955 -0.439766473557491 0.171745815892841 -0.430320110770068
0.0199200495338903 -0.456252561819376 -0.0170756781310129 -0.205203399520459
-0.32277255958736 -0.297967266244664 0.0961919708935523 -0.0491722182644813
-0.464310509336604 0.0677090078541876 0.139982808260721 -0.0847578355255311
-0.257901748115233 0.288314234961823 0.140315588314575 -0.178763078251419
-0.0502608190394902 0.343731351920405 0.0504173645475817 -0.290102889319375
0.137609773221323 0.3427547629886 -0.0465466717038166 -0.304190779781971
0.181127163387619 0.327441551138131 -0.0767960009223924 -0.315149557615203
0.141107920737034 0.372004872285857 -0.0499855108582446 -0.314192471100026
-0.0825294874482755 0.408325958258634 0.0696782059757899 -0.261481612196038
-0.308207838152987 0.306961686980999 0.13055942913834 -0.114440104652948
-0.572425521963729 0.0427071988464877 -0.0124743203986302 -0.0390077724508699
-0.383318394206902 -0.403025024635174 -0.104355308484277 -0.241126543889125
0.0935524078357969 -0.558503650243592 0.0228166967447754 -0.479336142586293
0.343199743289965 -0.488996704475159 0.391709446849623 -0.51908476676971
0.288764606172671 -0.615399884397304 0.064927396154493 -0.260090816763776
-0.0400919483831053 -0.632293197122669 -0.0181646783975323 -0.0921007280201126
-0.480464128138259 -0.37907392952737 0.126565018356694 -0.0574100677902548
-0.62723007315874 0.119118423480274 0.125939885406575 -0.109597585342271
-0.343382692850323 0.388780702069298 0.0732562993370324 -0.136307401214644
-0.0804558685565028 0.454686876169178 0.0156695245196861 -0.172805784776849
0.157692437102335 0.452253760187444 -0.0128673721255456 -0.150503208742004
0.212181801381946 0.422983994401165 -0.00775773251733072 -0.155468014590022
0.156772768350021 0.474487096966615 0.003920874887882 -0.147513149471383
-0.123944111632937 0.518157318206879 0.0723115671860313 -0.107318897927634
-0.407782687552175 0.389250146087443 0.0886280741689057 0.00124119871269531
-0.733469774050118 0.0653516530197334 -0.0596935035142485 0.0192849988098781
-0.52143533790881 -0.496609854005467 -0.136512121754386 -0.20813463152066
0.0722828414782729 -0.740867448996197 -0.0300313816593369 -0.359291874906309
0.421150260682564 -0.680832868067841 0.21352593413129 -0.314149906937185
0.292681275825876 -0.712737408879611 -0.0744488644368701 -0.0315920581104544
-0.107614386918205 -0.7380368512643 -0.0166356176088371 0.0788047648101025
-0.593077063290869 -0.412823141306425 0.156014566072456 -0.0398381891246001
-0.714039419834122 0.170218150840144 0.0968610032446694 -0.114145381353625
-0.380746297308365 0.448776604307501 -0.00558600229805923 -0.0634815124965562
-0.0963142906206416 0.504997958429897 -0.0188042304545974 -0.0209415047686917
0.157648654133138 0.496615744037302 0.0255857891618573 0.0317036669890335
0.212112732720554 0.453925889678882 0.0629409661914146 0.0258457060844967
0.146048902844981 0.500872399427738 0.0557112778603205 0.0410519692245109
-0.149796834752655 0.53729169103296 0.0658045106171072 0.0693267182302123
-0.436012948806943 0.393736402140322 0.0272720520662633 0.128424059211142
-0.754049285287872 0.0672743389064804 -0.113475641292328 0.0804921429378054
-0.547337361861214 -0.501409603667087 -0.159192914283981 -0.149957863208131
0.052437715237677 -0.779398231304452 -0.0682521722697759 -0.204197293614398
0.42679257560151 -0.747453149711658 0.032753396085973 -0.0679644148148297
0.247968585731207 -0.701575765534541 -0.228473036386893 0.221794062828979
-0.15132240253346 -0.724005360423101 -0.0186260829014175 0.278649887138076
-0.600521661685502 -0.380083846601353 0.167731531838337 0.00477702296351645
-0.676469412749873 0.185933069435702 0.054085978342398 -0.0888474167394039
-0.355333693057812 0.427723472862096 -0.0814300939708204 0.030940599220664
-0.0959140705249495 0.475058372239877 -0.0463029351208853 0.144670569096982
0.133807256004696 0.466598028397787 0.062358177167893 0.21391939115061
0.179315220473289 0.418769030123044 0.12328487288633 0.20390739961905
0.110929640536011 0.448649111411735 0.0962976348671428 0.218231659291286
-0.154799555654637 0.460814544520242 0.0460875868343681 0.229905720366797
-0.392195951749753 0.317557175749264 -0.0430334465495034 0.232140736714223
-0.629290181818286 0.0389561741914646 -0.159348867480206 0.119930097587825
-0.450937968708496 -0.419505354369243 -0.164699574158083 -0.0909825496770794
0.0439486707137155 -0.663886956104324 -0.0822545095444353 -0.0559145662995248
0.367066417485902 -0.683806197600158 -0.123919939769378 0.169752621676847
0.168500895715342 -0.57213529533494 -0.377060146661885 0.454672748211584
-0.151272991710182 -0.572775901736039 -0.0372000807495849 0.464093581562038
-0.480211789584799 -0.281984386115241 0.156776312487539 0.0715730880425069
-0.505906111377793 0.152200787182573 0.0129750793224585 -0.0394266662100952
-0.266052914146528 0.316310274248291 -0.138915343580364 0.118584432918602
-0.0825572057931761 0.357305874066713 -0.0639818885813187 0.289538726665245
0.0872824186190979 0.359240757992989 0.0908134045645066 0.366174444641457
0.118627196794233 0.318514115653081 0.164382278903459 0.351231014179778
0.0581033603625937 0.331013069181747 0.116532210898364 0.357826813359031
-0.13697531735139 0.31831341959689 0.0135865308331443 0.343188034192742
-0.288111401388645 0.190616042262666 -0.111076102994022 0.286234408806517
-0.40382336730055 -0.00355383657269071 -0.18802667053934 0.123968600940108
-0.277664946581785 -0.278438436250888 -0.153870504576009 -0.0462670620186751
0.0327689683479525 -0.449157318977519 -0.073288831315789 0.0527936740129002
0.253942899966912 -0.516958745423888 -0.232823724540146 0.355906997304275
0.0589623203719651 -0.344644191597093 -0.497778927988111 0.619661183278003
-0.123819713059251 -0.317416055149514 -0.0712212069882115 0.599946553292382
-0.273301353493223 -0.130116251396331 0.132138483730339 0.148231577958233
-0.240753434573553 0.0940230273711043 -0.0091072855444603 0.0148062585831328
-0.130353548529023 0.145664787414256 -0.165428167231758 0.17369194096859
-0.057726111801618 0.175848108520399 -0.0738569339478578 0.381465207246526
0.0229612450372608 0.191935887412594 0.104458813343254 0.461111477070549
0.0386143032689827 0.169275579696887 0.181471986672482 0.444726757707997
0.00211364203081289 0.171492916633882 0.117251471301005 0.440881328581906
-0.0977409105676512 0.145787974724962 -0.0248391139892345 0.400043229240665
-0.152806950523177 0.0593799592423064 -0.16483981948229 0.288241878241999
-0.156463239738205 -0.028366747165431 -0.195763594120264 0.100847319559118
-0.103038639335298 -0.11413977295404 -0.131630888181112 -0.0168534305517992
0.0057459734254506 -0.201787264724691 -0.049118783416649 0.114198727541225
0.105428105800613 -0.293001550592573 -0.278879492269263 0.474825468389592
0.0586904838041191 0.016113594054369 0.20400455063838 -0.546254407342105
0.0499768852518971 -0.0363492840932932 -0.0272401514489172 -0.251340482833279
-0.0285591986235384 -0.0520048253236487 0.0760052364843138 0.0066670111062375
-0.0700639042832801 0.0194874870234158 0.163566148710545 -0.0443509652159171
-0.0050422509173767 0.0581277436671926 0.203995877180175 -0.227425818495426
0.0409433435906452 0.0384140804529515 0.0733583375056789 -0.400747180178724
0.0566297162811652 0.0123642174270731 -0.100582756211048 -0.440837666393574
0.0479501395570683 0.00733471442408114 -0.179095595617383 -0.447839215808183
0.0410555994209643 0.00802911044901343 -0.131798264851381 -0.454064614346335
0.022951310915274 0.018026518996398 0.0204980628655229 -0.388917747024537
-0.00149054447954559 0.0232783481132849 0.122912382148471 -0.225101484020242
-0.0370503023765826 -0.0107249635491612 0.0208399925120248 -0.0952882041125433
0.0252859375955447 -0.0501312030066051 -0.066009312922602 -0.206369146146369
0.0893990470216531 0.0339882285097353 0.0913210623330124 -0.525270046659463
0.0420705579701282 0.101093466604897 0.568422343595159 -0.660332875383469
0.155905845151956 -0.21294599254124 0.205062559088764 -0.515635812237696
0.0436389367477035 -0.24268662670153 -0.0210602391106458 -0.248677600248317
-0.168422190141078 -0.17457267031931 0.0762703909205257 -0.0264711773679596
-0.26333514055033 0.0421792041093988 0.143586442540791 -0.0601005022377848
-0.129624690225533 0.174689749111023 0.175749252954122 -0.202208551100474
-0.000768850045441966 0.193304521413089 0.0637553087019542 -0.357523350876045
0.104526352254387 0.180113248392557 -0.0800335892618001 -0.394966452015392
0.124307985013783 0.170747603079017 -0.142772035565852 -0.406552368739798
0.101972964407968 0.19634727236621 -0.10095497210392 -0.41096327960661
-0.0231605431389687 0.224794100066033 0.0431922601284758 -0.353452987134014
-0.154241894166488 0.175241414621827 0.136561092443109 -0.190277191998677
-0.311743894905413 0.0249492121027413 0.0131244464583659 -0.0751261247527975
-0.185868995245585 -0.227721462399282 -0.0824892831502709 -0.232332402301233
0.0910979586458434 -0.272004654543809 0.058901575743354 -0.521785357582388
0.195082304797175 -0.202816044496723 0.496306582638163 -0.632081977639441
0.226827350895448 -0.426171623081437 0.151773686454981 -0.41963419132717
0.0110282092162612 -0.438136224907794 -0.0212415191717232 -0.198904443956024
-0.314547671404081 -0.27797984109101 0.0907871936091304 -0.0512270616374307
-0.443091663297538 0.0784726308001188 0.130579961413801 -0.0860174686303938
-0.239762870137178 0.284728018707157 0.129747934436951 -0.176472433501435
-0.0387055182070867 0.331036711270096 0.0406664200795182 -0.280912536475072
0.141162655528153 0.326396198053959 -0.0512811439113128 -0.294359765694939
0.183686834628644 0.308542290990249 -0.0839159498404375 -0.302125984156433
0.145402224259385 0.355068056968448 -0.0552944557228343 -0.301897549456337
-0.070293898220242 0.397505412273157 0.0599599964402787 -0.254369542421016
-0.290476475669596 0.303660628667343 0.12381119669693 -0.113525493841848
-0.550164652722892 0.0558793189500764 -0.0146737521399239 -0.0337830743281149
-0.375206161628107 -0.377408506440484 -0.111223284485063 -0.231007485115653
0.0795302899845391 -0.540730022119151 0.0120301370247592 -0.461433573073007
0.318677508329182 -0.473468391805396 0.365427100939941 -0.507436415557377
0.264952629696908 -0.594338325551163 0.0541216097511396 -0.254584705077973
-0.050454508025773 -0.608040601083429 -0.0197230666617871 -0.0902992352249852
-0.466069106288323 -0.349032821321385 0.118285103228685 -0.0596989446680781
-0.596245792111303 0.135067431439432 0.116287933898127 -0.109648271393261
-0.320081739713069 0.384948463404782 0.0673673140196623 -0.134409921552081
-0.0653974865552212 0.438890296450669 0.00987523399963146 -0.167184130008531
0.163204680478201 0.429769344005416 -0.0151084376285186 -0.148018905653636
0.215365522104692 0.398983491845722 -0.0123479273872195 -0.150722287020115
0.163452576145885 0.453165354202196 0.000854096808592948 -0.143236530887439
-0.107636084122291 0.505510493002447 0.0671347778223066 -0.104921643461588
-0.383353037770574 0.384459329174754 0.0857149784897073 -0.00256147201996895
-0.704008142374037 0.0821764160241138 -0.0589957284981005 0.0245025567259192
-0.509856903155357 -0.465224826506605 -0.14288091872383 -0.197322678825327
0.0548423188419093 -0.717132549050611 -0.0386021942897085 -0.343499422147291
0.387604857699695 -0.65890145723952 0.200703558631763 -0.305749992335498
0.263994388545356 -0.688542207780164 -0.0733239390201142 -0.0320591473833176
-0.12058021233029 -0.706818902829367 -0.0139988840037975 0.0743571928138157
-0.578345481841389 -0.37737309774322 0.147640570360995 -0.0437408952422885
-0.678765266577692 0.187647357791716 0.0892833136966797 -0.114720569130036
-0.354621219596848 0.443116051424512 -0.00589252634078188 -0.0636825619226923
-0.0783859722050456 0.488668390276104 -0.0193711936068637 -0.0202282434990208
0.164125646564229 0.472177465008268 0.0262152080543046 0.0253021186544426
0.216676477403796 0.42857978181538 0.0604594004524022 0.022651557855458
0.153949611163372 0.477881786238341 0.0565427198122271 0.0367018768987267
-0.131109086666968 0.521925961490339 0.0648922687124371 0.0656402028306022
-0.409749637825294 0.390220283563363 0.0294148584025791 0.120837433257437
-0.722275825664516 0.0864140448987653 -0.109043440421524 0.0844086487505527
-0.534419901061891 -0.466708876753783 -0.163498435262143 -0.140939971660262
0.0349603594933065 -0.751070673725677 -0.0726598338075933 -0.193689084001443
0.393731512111026 -0.724163091404074 0.0320575823282121 -0.063789187888513
0.223173794285147 -0.679002961748587 -0.21307358816133 0.216435862333549
-0.162476667057979 -0.6915548797626 -0.0113051392361106 0.267158226398485
-0.585515968994432 -0.347134369017513 0.160993590774224 -0.00076686164935349
-0.642690356472966 0.200009489772388 0.0500296363596232 -0.0901007033651992
-0.329484063666411 0.422763709249725 -0.0768789144264092 0.0290670780329226
-0.0793796150743836 0.460197657686904 -0.0423858299407987 0.140514119648692
0.14069434875779 0.44388039466059 0.0664263224471231 0.200578464141704
0.183795982094087 0.394025975798331 0.124218250627454 0.191798960112967
0.118863826079185 0.427420843433764 0.0995112358790226 0.206571214442034
-0.138117070023448 0.44993906084356 0.0501763759905974 0.22123818269177
-0.368979855707206 0.316086931249958 -0.0350781155536727 0.22244105710124
-0.600624003815807 0.0549104025596439 -0.152424596375625 0.123026669284199
-0.439145302798271 -0.390864732577614 -0.167786559226899 -0.0836379374607266
0.0298377462493962 -0.64017795944031 -0.083015491134651 -0.0511582087049576
0.33630743986164 -0.661450910417686 -0.111762514283301 0.168502004164145
0.149495393250908 -0.554517529364698 -0.351393796284953 0.444003381710183
-0.160558778971806 -0.548167174176414 -0.0240174889624216 0.446818690471419
-0.469849033689503 -0.257449844114688 0.151999166798567 0.0646391043307393
-0.478733240361447 0.162344946550353 0.0127934066692704 -0.0409640930127951
-0.246606233268691 0.312897767328105 -0.130030089089306 0.115695409194931
-0.0701060869265193 0.347132356068442 -0.0564715669626262 0.280235098586436
0.0931360113746628 0.342158276474551 0.0970898484737291 0.347363741842951
0.122582566567618 0.299411096708975 0.168465944434545 0.332717233594035
0.0657307931552225 0.314149304088025 0.121671812154771 0.3412626513629
-0.123860977624165 0.309931660721017 0.0221909802288367 0.331973537683931
-0.271125827955279 0.190981719579912 -0.0997408896415452 0.276138164140706
-0.386763939995235 0.00781461416196203 -0.17850024313195 0.127888174744957
-0.271037483924433 -0.259182910196916 -0.154466638632343 -0.039968967337225
0.0246721095149948 -0.432235345897306 -0.0727929210100648 0.0529817643964695
0.231984516543716 -0.498213324446302 -0.211778161445916 0.349929012045927
0.0485853845579589 -0.334431203601805 -0.462564097135069 0.607091258799955
-0.127992020924981 -0.302432966155039 -0.0536022840506987 0.580823653400491
-0.266928581551487 -0.115681533897437 0.130414478919622 0.139077953324204
-0.226532296084856 0.0989209557197192 -0.0063925748553334 0.0117510247175279
-0.121099016007279 0.144567449009775 -0.154576720067097 0.169409051967303
-0.0506117773548365 0.171827665959475 -0.0618068107542959 0.369031842588135
0.0275469163477855 0.182917105508239 0.112326193751996 0.439165333183109
0.0418375721326538 0.158714452532543 0.187294971127728 0.424376556292806
0.00740690756427152 0.162382275813939 0.124145848733331 0.421110158044814
-0.0899154910438986 0.14236579104113 -0.0140938506534992 0.386349884412582
-0.144017018167585 0.0613371171561078 -0.152034452029747 0.281029848681996
-0.148820277746632 -0.0216879779213418 -0.185235108487285 0.103893050971967
-0.100533765687215 -0.105304915638698 -0.129767856261742 -0.0116273538086639
0.00125794500485877 -0.192545734067096 -0.0479728523751168 0.110825670672561
0.094538132249497 -0.282953890876256 -0.254126911465235 0.464034628312756
0.059825328440322 0.0171492512109561 0.196630566290019 -0.536643297550236
0.0518693284789598 -0.0376182270074598 -0.0256545210932988 -0.248256824560056
-0.0280245142182798 -0.0538510876717467 0.0758138903764847 0.00474074871707552
-0.0710743117172541 0.018073854583105 0.159942932624906 -0.0437939616564749
-0.00577961802766802 0.0572158875691684 0.199324430014592 -0.223902586191678
0.0400412409794724 0.036888229260385 0.0706181922978915 -0.394419811292523
0.0555397878827526 0.0125738626922351 -0.0996498420453222 -0.434610390737084
0.0479196461375358 0.00848165240736768 -0.179713362272513 -0.441448609675164
0.040252041902507 0.00940533342119387 -0.131233384673107 -0.445043451752506
0.0221837704255977 0.0185899881926297 0.0201669855717188 -0.383314628611698
-0.00312469299081596 0.0217244163264905 0.120971467166036 -0.219211789179397
-0.0373646536210133 -0.0118031852905069 0.0181500353483659 -0.0921192917987365
0.0250807949020781 -0.0489396624453839 -0.06551244520109 -0.204110411539677
0.0888028992355041 0.0339953271961019 0.0893421955682581 -0.516501276117694
0.040850877996676 0.0999783804443269 0.554859863659002 -0.64840714032273
0.154668078129812 -0.206654219135582 0.197852789542357 -0.507727917247264
0.0459236724257557 -0.23964414373048 -0.020447661117698 -0.245502532960349
-0.163507478172245 -0.171206666518101 0.0755643573711752 -0.0275358815238235
-0.258636677004383 0.042632427423703 0.139522196900167 -0.059458478822596
-0.126984837881485 0.173217688198387 0.171635507365 -0.199862167459581
-0.000122463441674653 0.189527835471611 0.061537220708459 -0.352142351543464
0.103265480875717 0.177504687298944 -0.0790147506084908 -0.390745121462436
0.123097408206482 0.167275529161945 -0.143983327752912 -0.399404001851966
0.100862925537631 0.194657265266717 -0.10059924802768 -0.404306000112829
-0.0235323338861175 0.223128126124905 0.0420796291124959 -0.348344409585426
-0.153346777031158 0.172400112901335 0.134388138679338 -0.186653841385368
-0.307328316571875 0.025146126457811 0.011104910352765 -0.0712509798346769
-0.181033195578319 -0.223845452717941 -0.0836840981493554 -0.230296811042178
0.0903582919925402 -0.268382202898942 0.0612287330689728 -0.512351563000765
0.192072432682629 -0.197022835327724 0.486709891388577 -0.619711037290232
0.224709046735733 -0.414675039387871 0.146280033902742 -0.413908484943398
0.0134722324930849 -0.430914542797175 -0.0208652975294926 -0.197021674730274
-0.307335374162833 -0.270993276240847 0.0893034019401223 -0.0513025281267383
-0.43196565683723 0.0802808970931353 0.12629241328605 -0.0849911316212887
-0.234072011659235 0.282164116371408 0.12770384919067 -0.174121409434751
-0.0370265877078486 0.324732540145595 0.0382855335071732 -0.276341925283794
0.139466511675204 0.320169036935226 -0.0516934800897034 -0.291563247165062
0.181369001091047 0.3014480523291 -0.0853747776921977 -0.296805710977456
0.144242107839457 0.349279821748524 -0.0551475750236946 -0.29810694123341
-0.0693000503100823 0.393461777458428 0.0585482847104686 -0.250629910760593
-0.286143389712462 0.299262967089956 0.121273513563474 -0.11285463731521
-0.540738272378336 0.0585951333401443 -0.0164407169956109 -0.0299428595398691
-0.366857004978345 -0.36989691346379 -0.114398686797709 -0.228152508435957
0.0797252603129602 -0.534362183132862 0.0120769699244147 -0.452899564268374
0.314494605017052 -0.461048854259087 0.358154755780156 -0.499129899459029
0.261050050790618 -0.579908824081293 0.051540156007602 -0.252108294462869
-0.0463639160633774 -0.594965921821994 -0.0197573541970285 -0.0905593409139677
-0.457179898617541 -0.341251271469329 0.115839575104484 -0.0590866088976312
-0.581100132221238 0.136371772840287 0.112939010179626 -0.109592866601998
-0.311643661373443 0.381670849617474 0.0663027084315343 -0.13442621936337
-0.0626344042215087 0.429772385179308 0.00777512694228867 -0.1649005290382
0.161913288012901 0.421014350576877 -0.0160143294322052 -0.149442372389425
0.212601356328889 0.388666128971448 -0.0136286070114759 -0.148804202997424
0.163669413007719 0.445738526009109 0.000555554487668637 -0.14190696299591
-0.106436988335388 0.499176033335181 0.0661452598785826 -0.102969206768993
-0.377297668069042 0.379557045841717 0.0839560059812516 -0.00420020960704646
-0.693053567488553 0.0849069003802145 -0.0591457893791965 0.0282102876467706
-0.497484924510038 -0.456423289887975 -0.147394258828373 -0.194697674340095
0.0561837498222602 -0.706966052719539 -0.0384441718825852 -0.336748655418779
0.382088093801499 -0.641137467536229 0.198903678338524 -0.299328603450008
0.2613340603032 -0.674054601961646 -0.0717868063894045 -0.0340461661339959
-0.117319184592312 -0.692588237347426 -0.0138761341684927 0.0713967819449818
-0.564356224226326 -0.368429137864025 0.144157298900192 -0.0436779450043219
-0.660795955219441 0.18918362630495 0.0869564886269597 -0.115218238205598
-0.34489533101123 0.438495419715538 -0.0048262386346601 -0.0651077076184719
-0.0765882541495162 0.479804433336567 -0.0213833511848326 -0.0205136487891575
0.163607933961257 0.463074840499135 0.0254491582711047 0.020862336668182
0.21308583009834 0.416417562352535 0.0592027588218567 0.0212954123262058
0.152953398190766 0.467504458353979 0.0559714706489073 0.034891884948821
-0.128862731275832 0.516503258856455 0.064093895909117 0.065096383911162
-0.402838808913148 0.385643927820261 0.0283977996354397 0.117053436348855
-0.7089692024593 0.0873735037296367 -0.107246929018497 0.0874612177792648
-0.520178830976563 -0.458367599905301 -0.168306686560494 -0.138797458332853
0.0361504527748374 -0.739496336049007 -0.0718709491983668 -0.189281076962148
0.386539002164153 -0.70387516636537 0.0342079912775626 -0.0612362402921445
0.220173043413804 -0.667098736419336 -0.207984523667029 0.209451694630957
-0.160094589452558 -0.680099537276943 -0.0111220760974337 0.262044673813421
-0.57357068410995 -0.337122010633314 0.157704809295743 -0.00119285074539584
-0.627024242528874 0.201928004607228 0.0497404989736501 -0.0911243063979363
-0.321794350892733 0.418377787518644 -0.074159546844183 0.0253204074924529
-0.0758589478066554 0.452533792647264 -0.0429111898237403 0.137519253254707
0.139816297349134 0.434934198931503 0.0656396777271945 0.192948443519803
0.180699894730877 0.382835285669935 0.122569110006435 0.187524173880914
0.118459654305206 0.418429739212533 0.0998685566885331 0.202188540182499
-0.135091499735867 0.443441700106802 0.0498317511403992 0.218551915349409
-0.361654286671299 0.312193883820438 -0.0345433050038961 0.216805479711208
-0.589992371146618 0.0568398023486041 -0.149405170794094 0.126012615213516
-0.427581446398497 -0.383262848639574 -0.171150291078311 -0.0815103028448875
0.0308788371065914 -0.629406565266705 -0.0833666260963551 -0.0494600515338515
0.331685967138585 -0.643524918733575 -0.106748507276477 0.167094843111554
0.146892886008919 -0.543892240089551 -0.341729768626422 0.434139573593485
-0.158347957134662 -0.539738542830472 -0.0231029058288454 0.439810228862396
-0.460544543034676 -0.247580597107725 0.149411723073728 0.0634569930576919
-0.467346138588056 0.163492259548963 0.0136680384295661 -0.0433903377785364
-0.241203791165835 0.309481598021539 -0.126734797957088 0.110717589377931
-0.0676072657104018 0.342062197000785 -0.057008998619443 0.276000559750976
0.0926075990884142 0.334800922473654 0.0964153451001731 0.337820560604036
0.120919485647965 0.289894302241573 0.166800970713148 0.326499431236708
0.0658723334856601 0.307255394117242 0.122199491521743 0.335418545166063
-0.121548136344341 0.305344910532522 0.0223485249595772 0.328086769801283
-0.26482690103455 0.189067702717303 -0.0978567636753789 0.27037260741153
-0.37762086118812 0.0105336602814472 -0.174974191397196 0.129048811710475
-0.262710809440729 -0.253134219906632 -0.156959708980205 -0.0380080773323409
0.0248198878979317 -0.424436295260912 -0.0740533728400039 0.052725146365029
0.227548933157734 -0.485786559092315 -0.204250721391078 0.346646721663506
0.0473515114242494 -0.329173484181057 -0.451387314395016 0.594878851359916
-0.127698254701958 -0.297593823023734 -0.0514081602335232 0.573034032431562
-0.262765778552434 -0.110220990189917 0.128333980489194 0.136312452656381
-0.220394650480127 0.0994858467706392 -0.0044484020576102 0.00925467033056898
-0.118361976896653 0.143634536498438 -0.150980275710017 0.16417205518482
-0.0492863191990471 0.170177317772179 -0.06305905003193 0.362331985875437
0.0279798722417882 0.178806896431905 0.111754776779789 0.430488151073359
0.0414562701798402 0.152993925609291 0.186142733820763 0.416982539643328
0.00820749049425167 0.156984742421617 0.123726523629476 0.414909943461098
-0.0871233030310861 0.139720419197468 -0.0125211377904541 0.382527412645431
-0.139499560758289 0.0609093277416984 -0.14838039870934 0.275937438031201
-0.143918677566838 -0.0194765035059919 -0.181354909487442 0.104771022647933
-0.0977609601157278 -0.102277365331028 -0.129802263685794 -0.00970396694593752
0.00165985329562776 -0.188280439711575 -0.0502984386059207 0.108968126571634
0.0929848411899813 -0.276153763710557 -0.246477475669704 0.45826869607416
0.0544630776482046 -0.00365892269816648 -0.0430859133686113 -0.575475453620735
0.03143579873537 -0.0539260339740743 -0.131549396418685 -0.218752963555181
-0.049222677833277 -0.0418266428976287 0.0686753758660869 -0.0303425592834628
-0.0607685044931963 0.0438187859050006 0.126033498474635 -0.10620349010594
0.013053304173891 0.0559667256314215 0.084189895117433 -0.290424449174949
0.0487253961520074 0.0183760228700461 -0.107788041194192 -0.391928824506406
0.056737654159831 -0.0111571155093461 -0.278457615783375 -0.356101411033321
0.049177731434653 -0.00788291396950831 -0.359333815211897 -0.324224436573304
0.0418664030807624 -0.00791491087055918 -0.316643121451345 -0.350047897005264
0.0269769063292979 0.00804497157878071 -0.150339482977977 -0.35946219860559
0.00412867543046111 0.0210633680312271 0.0164044665240484 -0.250051848975881
-0.0402703754891036 0.00366230937194988 -0.0241778093746109 -0.0918606070457614
0.00392361730589832 -0.0595412094843659 -0.145590708414963 -0.155860006081525
0.100876348006261 -0.0131099019968961 -0.135733774724962 -0.508616535320197
0.0876344575736425 0.0700942573750781 0.231535776208604 -0.829614239325379
0.0542257684653809 -0.245614042308439 -0.0374610240513571 -0.559055638014441
-0.0544901896577956 -0.233418924966236 -0.131573116417673 -0.219436504017211
-0.218284065814288 -0.0933191055722295 0.0465827007185856 -0.0537474210927425
-0.216120342517401 0.142959995412208 0.0941316787558714 -0.104284262884263
-0.0483959017002508 0.210080136168072 0.0727476933223274 -0.250237533181583
0.0756719521997332 0.175050439138795 -0.094431290272212 -0.345298843720291
0.168529967633473 0.118739091213675 -0.238032681066085 -0.320692178535191
0.184513186626784 0.108872782863315 -0.308857970125665 -0.299551397559373
0.176491608291158 0.138492530034287 -0.273659872948024 -0.323134196483226
0.0719273400779561 0.218160971124792 -0.119839810866709 -0.334006341622355
-0.0726535626128504 0.226269199043094 0.0334607873534476 -0.232008417216435
-0.271382761248363 0.154113041432842 -0.0330344362440557 -0.0855788695671148
-0.262426326632166 -0.136775845413593 -0.169940985923667 -0.180144667404011
-0.0285527369389515 -0.29621947108913 -0.147406978673367 -0.491556737526552
0.0950884670997667 -0.276384763650722 0.195477656011952 -0.762532250284166
0.0386701701938583 -0.463345884900653 -0.0518545868636139 -0.459052921138896
-0.158751920782498 -0.394301391456689 -0.116725731271875 -0.175295058689338
-0.38706740816945 -0.1251638421206 0.0418605020838855 -0.0761900737205081
-0.353751574667327 0.247866748962986 0.0666757862619416 -0.114366694178136
-0.0987349343603987 0.353005452669117 0.0462399286503761 -0.202219101062685
0.0995671589444639 0.31440721058901 -0.0805489573766261 -0.262550770826152
0.260269503134422 0.233539526314647 -0.165799372630736 -0.238463912323786
0.293603095780683 0.20860680384701 -0.210769163907987 -0.230612589627982
0.281995121691561 0.263509751390298 -0.186458895573754 -0.24440760609424
0.101806297221329 0.396261932726324 -0.0667096943907588 -0.249590122885182
-0.143550461156998 0.402836604846637 0.0462629534328717 -0.165168599746176
-0.468828147040767 0.285200658668336 -0.0501076013236035 -0.0489124493217307
-0.499605123891276 -0.197004862915079 -0.194286839118717 -0.172600559060568
-0.153736934933499 -0.53791440822878 -0.150596755586766 -0.417060433278528
0.0895522064712057 -0.577799901224186 0.143136560935483 -0.585013604528102
0.0098481181630721 -0.629889080164561 -0.0745463709641211 -0.276226687388921
-0.278765491927014 -0.520028417676404 -0.0741932610520815 -0.0773020049216147
-0.549767504636249 -0.126560645734138 0.0574068057233845 -0.0877973753796324
-0.462274639475618 0.360442965300412 0.0410654933770143 -0.124455999458582
-0.126163606923036 0.474475647148268 0.0107344108199959 -0.136285100902147
0.122230615004329 0.421228322937602 -0.0579428772042805 -0.144375965467211
0.321595280337867 0.316504363762366 -0.068971967973668 -0.120946641440165
0.358399643149577 0.275311500943497 -0.0802211927843244 -0.125203944304712
0.339280154723714 0.344639990494248 -0.0680564643301471 -0.12566828435797
0.112903691216914 0.510392283393441 0.00206216790544061 -0.11669536387425
-0.193466971548877 0.516425668785264 0.0541844062223399 -0.0541877823973302
-0.594593014504907 0.376593840044083 -0.0710665523524704 0.013854020039969
-0.656728691611049 -0.220534363487636 -0.208479763782432 -0.133879655801103
-0.250884615945803 -0.6850690894589 -0.14010290256618 -0.291411147795502
0.071911461960635 -0.774455588750532 0.0900077102211166 -0.329520400008644
-0.0246774968483329 -0.718276893404207 -0.0999876806433283 -0.0278767141185858
-0.381158802180996 -0.583118957654813 -0.00178005271313672 0.0694672139457557
-0.660729638669305 -0.108705506042653 0.0870714097185205 -0.0811939010336619
-0.511505486036731 0.441508969430697 0.0142644299743403 -0.115176493337934
-0.130352489508503 0.542414372492225 -0.0220884955636838 -0.0400854457861331
0.13186651394294 0.473124936352229 -0.0211226928800319 0.0016739211749627
0.341231704173451 0.352160271642167 0.0436833347551053 0.0183728627391038
0.369524717541667 0.299420721854255 0.0621889005312582 -0.00217308642869054
0.339336367693971 0.369342095536116 0.0602984975103954 0.0119874755683057
0.0991542974015393 0.536203527407495 0.074447178426924 0.0375044117033704
-0.213710587993705 0.533366561224595 0.0554966630263438 0.0781007672177571
-0.608692747393478 0.388738593517571 -0.0896723319506416 0.0874471505691995
-0.679992000523161 -0.211851017774788 -0.203518253408145 -0.0742833497007374
-0.284300837134899 -0.706828478842203 -0.108558950228718 -0.141489947399668
0.0465363800869893 -0.833581837574294 0.0432507331108216 -0.0398768509932056
-0.0545010677252622 -0.698612537293734 -0.123307635461843 0.253923847543965
-0.414914910217201 -0.555121363718544 0.0838939592588715 0.244142331186282
-0.658280902969728 -0.0765489257084014 0.119039751316366 -0.0479249172604181
-0.475874373845689 0.439138686969812 -0.00763792988701139 -0.0782914407063759
-0.11692822908463 0.514504499609968 -0.0461720680568687 0.0711299474702045
0.121148907510533 0.447309222734403 0.0269984454581101 0.154556998739454
0.307204111951154 0.336959560191942 0.154878161252679 0.158452747634363
0.3252162976625 0.278844576877824 0.193673348508954 0.120933037835862
0.284948519601441 0.336742342191094 0.174770246283212 0.145176177203123
0.0628915158098555 0.471205178164372 0.130668143035383 0.183072399796991
-0.203337782991246 0.447323543267113 0.0444352262610856 0.197698365439577
-0.512215671566326 0.309160662202097 -0.105278367068413 0.14666329782625
-0.560442901988948 -0.179736426908145 -0.183153824663893 -0.0161825251064757
-0.242038323236822 -0.599842489983667 -0.0662621490000382 -0.00807257711118421
0.0193553313412126 -0.749123553262937 0.00817444568335149 0.225777684520003
-0.0696969051873788 -0.559497835428452 -0.148888090003765 0.52021673516713
-0.356124945333431 -0.431844575259732 0.154125174445716 0.414064595077869
-0.519655055910358 -0.0421075595518375 0.1452388113456 0.0111442161061087
-0.348359021056734 0.339606018024249 -0.01597847888367 -0.0270845485711097
-0.0867790077613007 0.381972778939332 -0.0592633742194394 0.167575729575682
0.0844885103134155 0.341427055659334 0.0730766303133309 0.284373972243899
0.222827553952549 0.266021046220621 0.244407814223298 0.275798088034549
0.231040320685671 0.216738465561527 0.296120838992911 0.227035576412632
0.18955944743025 0.256532473327583 0.255621960539447 0.255522300516282
0.0178931411479369 0.337089989252973 0.156956151704008 0.292916455225685
-0.166251092424357 0.291252643049534 0.0178577170969351 0.277068296560409
-0.338568676599624 0.175477630349454 -0.116478629196145 0.171338465474529
-0.352157520090124 -0.126420226304426 -0.153684417428714 0.0238847531676086
-0.160604518740305 -0.40380461421066 -0.0260825081176239 0.0811703714293332
-0.00817267971071748 -0.555772103092095 -0.0135158849415317 0.424545055854863
-0.0735437366734734 -0.323858921034815 -0.178364519402347 0.721957768036526
-0.229967455255163 -0.225297405969221 0.192839085646149 0.549197163419316
-0.283351044658488 0.00453116617577383 0.167046468955283 0.0793544481346979
-0.153145853578274 0.179816017399588 -0.00361049705402147 0.0180664397857829
-0.0442707394095868 0.179023505757741 -0.0625798037617351 0.219805139134153
0.030406045973508 0.176019839841058 0.102886389765292 0.362225874676863
0.0988311571541375 0.151225594971159 0.293863769135193 0.351010575847168
0.0995267539645318 0.121159478455762 0.354745489026696 0.300019745785423
0.0727773501299371 0.141428093136618 0.295570263012859 0.325663752102613
-0.0206963033745842 0.166874729111006 0.153120823168882 0.355771371664305
-0.102728353252769 0.118299311409454 -0.0192636191200868 0.309096467041578
-0.138466337065071 0.0466819588453404 -0.122299635664045 0.164484689981554
-0.135494126346335 -0.0536674687413587 -0.119495024296479 0.0445782115745792
-0.0801908349833087 -0.173122141449575 0.00657119091028366 0.121853898374244
-0.039834418583398 -0.297378616415572 -0.0153879094288726 0.535338929927746
0.0582556301756057 -0.00534486264377003 -0.0615184314140771 -0.585758276537559
0.0321283069839956 -0.058956069448797 -0.140669066215991 -0.2210373516589
-0.0537287533368897 -0.0440754741208523 0.0703011786728528 -0.0346074823453475
-0.0632151632712204 0.0464337533178358 0.126278155995407 -0.113616115719046
0.014501494488044 0.0581822462955082 0.0770452450633149 -0.301632525445886
0.0500291239478819 0.0176879202244481 -0.123209745093117 -0.401083805282911
0.0588282586049262 -0.0131747041204452 -0.297683933817331 -0.358419669056186
0.0518075124563069 -0.00828282152270189 -0.380003626855893 -0.32118056944387
0.0437005152837489 -0.00750908328365126 -0.334935058306996 -0.349804405088951
0.0275401950068117 0.00848308794507987 -0.164308555516301 -0.364491360539302
0.00275424422058267 0.021728542051978 0.0124900055114878 -0.255531028032915
-0.0422937501838942 0.0042853333972354 -0.0280830807786636 -0.0902858450114467
0.00362692206086613 -0.0620969194764056 -0.154865304667384 -0.156700285870955
0.10392303896181 -0.0165751661013117 -0.152054018037815 -0.521561287308743
0.0920587564343399 0.0711893974978415 0.216038938098165 -0.854432419360001
0.0520266452934102 -0.251773784320167 -0.0550559388711453 -0.570818146875354
-0.0593972091145094 -0.240458654105586 -0.141234284913223 -0.222394974370948
-0.226310876077137 -0.0916762026270212 0.0473326185022619 -0.0584851307160003
-0.216914871267351 0.152295192568222 0.0939325597894787 -0.109697279368816
-0.0426699276998301 0.217895962082011 0.0664188619107371 -0.261075251941123
0.0826251181053156 0.178262262867845 -0.107784469489282 -0.352465276996412
0.177351876296868 0.118428089823328 -0.254819430090533 -0.323469774214207
0.192891033382192 0.106198750208303 -0.326901322836808 -0.297667527831398
0.186327398859196 0.138058003183445 -0.290460935720212 -0.32384642846904
0.0803727521458774 0.223681212528129 -0.132367594817703 -0.34027844931406
-0.0704238216060546 0.235144040105314 0.0293108830543656 -0.238603575628229
-0.274086217100739 0.166747812901213 -0.0366397746419787 -0.0832290322930425
-0.272039347992037 -0.13560470006008 -0.181731812702499 -0.179188529081837
-0.0360069435407758 -0.303646824886003 -0.161698125080737 -0.50279361351029
0.0918857042814949 -0.282988977780571 0.178884013702692 -0.785968123367566
0.0292800575039917 -0.473655721951519 -0.0662913020403186 -0.46904162987897
-0.169879845134121 -0.401068758761414 -0.124526785106402 -0.177281450568823
-0.39753251028279 -0.118754026773392 0.0422556501397534 -0.0805124301020087
-0.352902986426088 0.263745325536955 0.0648784014896322 -0.120268609168097
-0.0893818319667389 0.365395857265405 0.0412484719683993 -0.212274782752423
0.11026294133657 0.321133669322951 -0.0908931991838423 -0.266955035072305
0.274535688010138 0.232124651519203 -0.179754923789047 -0.242108493156266
0.307113297662665 0.204426487702787 -0.223096275732814 -0.229716343034573
0.298515044063941 0.262917205381388 -0.199563650538009 -0.246064567060033
0.117318219344249 0.408053521096451 -0.0749473828021979 -0.254130558279575
-0.137735352980233 0.4186356245965 0.04273769054975 -0.170839649405939
-0.472493935021864 0.307960836650572 -0.0525563747963107 -0.0455253551376252
-0.514190358702855 -0.191079106160004 -0.209353841591531 -0.169277153905627
-0.17025534936394 -0.550666942152816 -0.165511854976877 -0.426861681568468
0.0791995837576227 -0.590379367343107 0.133963147517154 -0.603404134617439
-0.00437699712341593 -0.643980305464537 -0.0854290374286718 -0.283968843358744
-0.297640354988194 -0.527008214106269 -0.0789788345124199 -0.0784561338973551
-0.563351913821366 -0.114953691073308 0.0581766135352538 -0.0935426496714796
-0.460632826920589 0.382108183966033 0.0382707582725974 -0.131226886600819
-0.113525134472311 0.491118303091663 0.00702450982892865 -0.143926494907024
0.135646558814152 0.430768716894066 -0.0652744239044043 -0.146304699451399
0.33952476074094 0.31563073351585 -0.077237340697482 -0.124538112036438
0.373095014638357 0.270255815251911 -0.0868050674400213 -0.125772494888613
0.359238233744071 0.34486849354937 -0.074092031825664 -0.127144726525073
0.131492283254899 0.524965702484465 0.000112775520388005 -0.120452254457665
-0.184442733654967 0.53723402839064 0.0523892470071329 -0.0572473270287218
-0.598160701276822 0.405232904912581 -0.0707929645232587 0.0202057256645852
-0.676249055672635 -0.213423691533817 -0.223546596517904 -0.127005996676765
-0.274196704057116 -0.699142269157484 -0.151355956971332 -0.297017644664866
0.0569390768117393 -0.791843256126168 0.0875333361973637 -0.337754636622354
-0.0415750886561994 -0.733390792574637 -0.103696047317902 -0.0304323996294573
-0.404222190579586 -0.588882225049601 -0.00092024144163037 0.070335999965721
-0.675462951889714 -0.0929798799090462 0.088688041282875 -0.0874145547154049
-0.506579718642857 0.467221566415885 0.0110692291914157 -0.121441283581772
-0.11717567791682 0.559662042744744 -0.0245867624907224 -0.0460567487500502
0.148878443286096 0.482793668840202 -0.0231012037756657 0.00302679507473128
0.358727858668431 0.352901256661851 0.042238536622393 0.0159589176841751
0.383943169382302 0.29374581051513 0.0630408087801393 -0.00376957349024132
0.360009272053765 0.367443937891417 0.0616666167116548 0.0105546981440198
0.11900301256784 0.55109173956782 0.0782425383710422 0.0362335159443192
-0.205258769120324 0.554536524097649 0.0570134616172786 0.078284842368129
-0.612568761070589 0.416124118315939 -0.0871573537247172 0.0963416130529319
-0.699359796239761 -0.203165795906322 -0.217516286360235 -0.0651592869685811
-0.307327058017988 -0.717370351244779 -0.115875959994819 -0.143129215173941
0.0309876312650374 -0.85178399422135 0.0476632402454685 -0.0418186009967328
-0.0735058639414301 -0.713538659279868 -0.12018237969367 0.257799588735784
-0.437261899794297 -0.559088655026375 0.0923105479127573 0.246509540144842
-0.674671724864297 -0.0599342082247501 0.122357237898695 -0.0533616124937299
-0.471150274341319 0.463752537149643 -0.0103160191041659 -0.0845508235755549
-0.103945082764592 0.530644213262494 -0.0462414478591976 0.0691080708197289
0.138110567228127 0.456923947906414 0.0299999061595302 0.159570255110387
0.324768400886624 0.337648015597867 0.160254608109118 0.157026497525347
0.339846932820142 0.273920259131227 0.202569332653233 0.118365618754254
0.302549850979223 0.336689100757926 0.183634680983625 0.1449770570621
0.0792590656171853 0.485937200837656 0.140888399536523 0.184721603194393
-0.196224025881099 0.466776562289889 0.0491786255473103 0.200990563993819
-0.513513729189814 0.331942752411761 -0.101792432221451 0.156152082921331
-0.57575363840527 -0.171089961718639 -0.193319018818601 -0.00701398580334571
-0.262200137021395 -0.608809024550577 -0.0697574328953673 -0.00729984359391903
0.00610001974996524 -0.764978744458664 0.0189997204326168 0.231022435240311
-0.0871064264451378 -0.571195680657754 -0.13955839566963 0.532336750830551
-0.3763903106002 -0.433548309485138 0.169058701312881 0.420238096786428
-0.532273916713855 -0.0268850025989337 0.149943225827892 0.00657759075777329
-0.343270703284926 0.359232787622732 -0.0172941275447241 -0.0313659688385184
-0.0769365660372188 0.395040035848351 -0.0569989565346061 0.169332149682225
0.0971266613064653 0.349952372502132 0.080960907156571 0.291654696751281
0.23586181369109 0.266399850692524 0.256497966177418 0.27497718530744
0.24017380112323 0.213689173948324 0.311442900245463 0.224538786640093
0.201543580693198 0.255091960353181 0.271229055741981 0.255297602544479
0.0297303993867368 0.346494932881732 0.171234296956018 0.297594496243638
-0.160766396208261 0.304087423641118 0.0234894285121356 0.283860442255229
-0.338680383883159 0.190251365590033 -0.112370688221752 0.180941476833271
-0.362940151084794 -0.119876342400664 -0.159898644298326 0.0319701525147312
-0.173810728979132 -0.409286036809757 -0.0272176211401844 0.0845533350705782
-0.0192251154265807 -0.566157145784028 0.00198261070966517 0.435657015943988
-0.0855577486642291 -0.330372701932842 -0.16353893529709 0.739541018245499
-0.242350413765315 -0.225226178602661 0.213068363738664 0.556612008235307
-0.289518978645278 0.0144348443874314 0.174286390107712 0.0773153113380472
-0.149664609899138 0.188841759761956 -0.00359027126667258 0.0149211555257819
-0.0402139975169803 0.185998664295054 -0.0591829848498251 0.224931710441134
0.0370831890292946 0.181068630489058 0.114001860483329 0.370740200418941
0.10469683068588 0.151858660031858 0.311918234907714 0.351488790348889
0.10313033845644 0.119783287351319 0.374017017720713 0.297458435762064
0.0772248068695301 0.140019686305884 0.314010948000248 0.328079121330304
-0.0152573527763409 0.171504308870421 0.169076900987624 0.361993677188264
-0.0996465372860728 0.123759456264869 -0.0116161580159263 0.317795508523749
-0.137407208701872 0.0522230485036084 -0.118700068552813 0.173005131660557
-0.139311114098874 -0.049255424946075 -0.122488998815609 0.0509558132255899
-0.0858088436665964 -0.17439522303163 0.00674223428270815 0.126280643961843
-0.0486900537563873 -0.304108558560351 0.00396649667571751 0.550286121549103
0.0604337830429597 -0.00941629822529549 -0.0939100846409193 -0.58761581771607
0.0307129073135165 -0.0643709923679609 -0.154257463894967 -0.216824181441983
-0.0584863643425095 -0.0436866842069568 0.0703128228014047 -0.0419387748537734
-0.0640743550927626 0.0501204972572072 0.121480385929635 -0.123041995872613
0.0183181255220035 0.0591322711258389 0.0600858989463083 -0.311024165763171
0.0512560716169104 0.0157146397480008 -0.148893228121832 -0.402405961177319
0.0602309834745778 -0.0156453762737727 -0.322194435641016 -0.349719878396536
0.0535397354872901 -0.0108830199046518 -0.404619836793029 -0.303878011491236
0.0450180934020807 -0.00806898768707534 -0.360482337947111 -0.336215808539039
0.0281793979816326 0.00808804801897339 -0.186063216458925 -0.361666508225005
0.00227015486905587 0.0228959383188626 0.00186754646841656 -0.259417051660893
-0.0441059105147286 0.00655028450944964 -0.0338152080723803 -0.0868851048053554
0.00168143956606071 -0.0650037112815882 -0.166033393004114 -0.150286185089388
0.105582485155449 -0.0219402311303777 -0.180224557843609 -0.524091468454169
0.097662621633833 0.0694386882179362 0.17119234050935 -0.875394978703154
0.0410126128337338 -0.257133174038773 -0.0866584272362954 -0.57246838017129
-0.0702680110051174 -0.242653913538067 -0.154689179714782 -0.217389825580244
-0.233598764903786 -0.0812873257206666 0.0463912397129067 -0.0652534401468724
-0.211998050424172 0.16539498965959 0.0888920901755548 -0.118300338273504
-0.0304351346494611 0.224189973297638 0.0515666340524762 -0.271122167862764
0.0928897259080642 0.177325922989175 -0.130269369857385 -0.352083111210733
0.186965973685241 0.110636528959577 -0.277171139070364 -0.315638864655777
0.202225880407429 0.0976796124513652 -0.348747396802243 -0.282951406831433
0.198767113277888 0.130692403179271 -0.31402580183212 -0.312671865535456
0.0944052008312723 0.224677944035839 -0.151860431251297 -0.338703170737525
-0.0603616708629242 0.24425872889104 0.0178193980781191 -0.243156018385856
-0.269702322433037 0.184044214886353 -0.0408455878241473 -0.0787431712891013
-0.281323136763679 -0.125031559645307 -0.196743590493896 -0.169544129346593
-0.0514581313509312 -0.307414576909877 -0.189507229124019 -0.504235643393472
0.0803093262672783 -0.287950131029393 0.140966433774464 -0.804249502006392
0.00613829836726315 -0.478247734515718 -0.0934877546788998 -0.471495803302739
-0.189752882830198 -0.399177724194844 -0.13634452743572 -0.172968623595714
-0.406016103192294 -0.0991381376884317 0.0401106881733395 -0.0870387336313427
-0.340922173152381 0.285963751936653 0.0588408863490365 -0.1274970463763
-0.069012923885401 0.375379351133988 0.0288037462521278 -0.221352565264635
0.128875976522164 0.320946835907171 -0.108310449074276 -0.266381695435095
0.291255937324516 0.221257759693617 -0.197986600045531 -0.236815719239386
0.321040050280644 0.189990949221438 -0.240233844772045 -0.219789573689798
0.319307518376391 0.249756939029923 -0.216917632081728 -0.237673817567975
0.142586945314974 0.409746336045697 -0.0887649428255336 -0.255501855144818
-0.118418885654765 0.43371522437019 0.0335846346919952 -0.17525152947634
-0.462613404458415 0.339599911350454 -0.0535860255538123 -0.0397563868114152
-0.531099230933693 -0.169016775344565 -0.224583843145687 -0.156430572468895
-0.199665112558956 -0.548864269239044 -0.190881279384067 -0.427457242131689
0.0543294968397948 -0.59804579440714 0.104234771036312 -0.617541776136187
-0.0363674145507702 -0.648617785364114 -0.102553824804574 -0.285126066392403
-0.326463414614502 -0.518737971038747 -0.084601425505369 -0.0758042235593569
-0.572184277472018 -0.0860723746793213 0.0561767415557273 -0.100811911869822
-0.440992922689112 0.41136785526331 0.0307128571142005 -0.138088619726548
-0.087029265890002 0.504045383692517 -0.0021826408679259 -0.152018848499546
0.160559793804114 0.430217411509657 -0.0753872765750933 -0.143792379655152
0.362198105870432 0.30151264393407 -0.0878000246672289 -0.122122585792028
0.391621810640159 0.252538792165835 -0.0949219036790772 -0.122155907027297
0.384778418342929 0.327189773988031 -0.082991207660733 -0.12411062291142
0.164634186747998 0.528152651016555 -0.00520281621900612 -0.122597971369015
-0.159868443334436 0.556514578711053 0.0484173915222272 -0.0608377440137811
-0.58194549535883 0.442368903273497 -0.0687940939722203 0.027391185411499
-0.695854110645105 -0.183419761838031 -0.237674843443733 -0.111726607961057
-0.312321448589377 -0.696363408833826 -0.169264570904301 -0.295113698416057
0.0197760252785287 -0.800742926234676 0.0733270549316856 -0.346452383238098
-0.0807660343595115 -0.738435001706849 -0.108406712278829 -0.0299385266865212
-0.436975106909262 -0.575817750498305 0.00226201520422087 0.0702573776780328
-0.686185912647495 -0.0558422983294513 0.0869001224448389 -0.0957620215650223
-0.484690161176328 0.499070292723148 0.00415552420897737 -0.128310196227609
-0.0861954147726776 0.5742833334909 -0.0293919597757893 -0.0517676878621405
0.177145800669567 0.484310317916418 -0.0250751593321952 0.00581500379426371
0.383072045078868 0.339588597140685 0.040906957112088 0.0135845401048726
0.403705427595126 0.275469535975024 0.0637460423808767 -0.00719228967978595
0.385900462932672 0.351528411857273 0.0630749133132948 0.00765677244075676
0.152955640128607 0.555037606630991 0.0830487479935817 0.0318203438096576
-0.178823507953201 0.573474826978855 0.0601590252210343 0.0768938168449573
-0.595218752944029 0.455847545696454 -0.0807503101660748 0.105287736938425
-0.719430984933743 -0.17114121581238 -0.228094754915981 -0.0484379894185819
-0.346742458257915 -0.713183913740897 -0.126758117837905 -0.140336821520014
-0.0104854982398178 -0.858527094595419 0.0505286954754722 -0.0457386305052473
-0.11168274871317 -0.714540003677603 -0.110125403202111 0.26133913099447
-0.471081498008583 -0.544548035037803 0.106211730765328 0.244837861331868
-0.681758703033887 -0.0231612830176002 0.122889745613371 -0.0626066841606711
-0.448031868127663 0.495683629865062 -0.0157874593059066 -0.0899262438090257
-0.0735534306218062 0.544612881605004 -0.0453546051670162 0.0659937599742394
0.165796483445167 0.458178086441216 0.0380679680815437 0.16183251468626
0.347472435137565 0.324582219023364 0.168715197938439 0.149439245934279
0.354638327516499 0.25794664862393 0.212414391382748 0.108474301886224
0.325258852911341 0.321964390514286 0.193837949216879 0.13642987864689
0.109112863483365 0.489797193915041 0.154653329020261 0.178947013158493
-0.174759797628751 0.483573560862983 0.0582020623937027 0.201808268801531
-0.498305702305371 0.365336338705629 -0.0917919175549795 0.165837430660642
-0.590455024841491 -0.144237335732068 -0.201031816429139 0.00930669852218479
-0.295739839653023 -0.604377837546018 -0.0739718777462072 -0.00342220570691829
-0.0301746249447068 -0.77129677122824 0.0364637676933452 0.231868547446747
-0.117791460370444 -0.572057493204169 -0.114649952722438 0.538746445403931
-0.404719451850047 -0.419425982821056 0.193962553009153 0.416412194533231
-0.538356656195822 0.0030845627658634 0.154094796086786 -0.00240259378224123
-0.325292702704947 0.383316235642246 -0.0199598798128964 -0.0356199198505456
-0.0555561100861643 0.406219518450069 -0.0507011822049431 0.169546150515947
0.118636228013502 0.350841331936283 0.0960100557269107 0.293925235039668
0.252982526746837 0.256888283342747 0.273350790474484 0.26417343882542
0.251120566206771 0.202203632105066 0.329497264802492 0.209635927869178
0.217286220821566 0.24487126241444 0.289580030163386 0.244624630579987
0.0503626075808933 0.350408123941444 0.192122192247798 0.291851960033364
-0.1453102876857 0.31722110880702 0.0379443630198211 0.286414337882508
-0.328771539456992 0.211864900686539 -0.101119852791392 0.190395601664802
-0.37286931575235 -0.100797616752996 -0.163430847456499 0.0448304321601693
-0.19537366201751 -0.405772380811674 -0.0262359670010369 0.0881580384670907
-0.048171252999256 -0.569649977455461 0.0310854698722423 0.439547339599703
-0.105261743925765 -0.329641393691311 -0.128610454148972 0.752562680188385
-0.258508975774488 -0.214904016620901 0.246697065860014 0.553231263207776
-0.291322558243709 0.0318453355426231 0.181712019074736 0.0692351934255107
-0.138784311700616 0.20000284969121 -0.00306232037773765 0.0113749395252608
-0.0301574992620888 0.191453969141701 -0.0497492822803873 0.227881158172785
0.0477998973928525 0.182270440213874 0.134042738315173 0.372529673214375
0.114062336935976 0.147412901957545 0.335522942050048 0.338972622884845
0.108497632825088 0.114338415452586 0.395321233425134 0.278969811755841
0.0843684139264518 0.134890341664318 0.337788379443404 0.315004957558832
-0.00530607731555587 0.174536803820504 0.193902364880275 0.358437212860029
-0.0930842440927848 0.130169384900696 0.00533132436555409 0.323393717609676
-0.132825348400093 0.0606309026757675 -0.108765321403571 0.181738703788637
-0.142796094327459 -0.0398613666150648 -0.122349167286263 0.0603712362530062
-0.0961737141036617 -0.171013132123163 0.0109627306087948 0.129387915994008
-0.065400019482545 -0.304509151491577 0.0394110628160836 0.555948852433356
0.0603019866357181 -0.0136236556974606 -0.124903477144959 -0.567983281063385
0.0276317340397071 -0.0678759973637351 -0.164399671504189 -0.204623875214167
-0.0626290572901173 -0.0415795399576141 0.0682189916958538 -0.0486194113227739
-0.0632892200084811 0.0536499775215732 0.111908134908779 -0.129815728793386
0.021741005870522 0.0575387378137148 0.0373640858620548 -0.311416624454165
0.0512806198980906 0.0128075267529601 -0.173620411546649 -0.388430499334
0.0598373394484089 -0.0194666041601344 -0.34021514862633 -0.326749539344159
0.0539251421296861 -0.0136924135087468 -0.416146469384283 -0.273248397413758
0.0463999723288766 -0.0090757241756901 -0.376235516371868 -0.307940679847213
0.0279481292201603 0.00762031258224622 -0.204142387075725 -0.345359664362955
0.00182601674395657 0.0234402706428088 -0.0104716288801238 -0.255249045514333
-0.0447675632273796 0.00935174509426481 -0.0377149654754903 -0.0799755838683045
-0.00185057559920774 -0.066584935758165 -0.172455488996197 -0.13754139727657
0.103551994691832 -0.0272200577616646 -0.207764121464163 -0.508838764620412
0.101713660085231 0.064022752186213 0.11680196247643 -0.866518163474248
0.0272548322541959 -0.252661415084218 -0.120000905473355 -0.555429407870314
-0.0809170254655792 -0.237249069968754 -0.164758047832119 -0.205024347716898
-0.233960337843909 -0.0672687271235544 0.0432840898138997 -0.0698979387115704
-0.199522928374606 0.17530860330565 0.0795781816197136 -0.123520221011421
-0.0164400725899576 0.222641506463063 0.032161479231316 -0.2721572166545
0.101469263282825 0.170169775668424 -0.151309525779064 -0.34049194823323
0.191526487945337 0.0973643912202897 -0.294160847508382 -0.295436217364685
0.205632815518255 0.0839492043638512 -0.360303305356096 -0.256336804389827
0.205193737283007 0.117108529910594 -0.328960996693315 -0.288317130209081
0.107121830868714 0.218187269454513 -0.169020756408128 -0.325200436154903
-0.0469707832114232 0.245365156089197 0.00470916042895769 -0.239878771245824
-0.255460078190068 0.197904806705297 -0.0436740871770825 -0.0716253925646212
-0.284206466752425 -0.10991183741523 -0.20535719799411 -0.153626792101681
-0.0671684925022896 -0.29941000525905 -0.215356104468082 -0.490015561644771
0.0663109830005076 -0.284534330551731 0.0941967630952559 -0.795584655983695
-0.0196778502140207 -0.467488982553174 -0.119726005976572 -0.457893689281837
-0.206784537544633 -0.38349958975478 -0.143877587868815 -0.162404306788542
-0.402113018586108 -0.0738322853475606 0.0363277316622375 -0.09168840644443
-0.317047522267875 0.299826035554635 0.0490098667640723 -0.131720131441732
-0.0452098931019226 0.373963165351784 0.01247035816351 -0.224091432884609
0.146157580243869 0.309816237092322 -0.123645782304677 -0.256044261807564
0.300262084438957 0.200351694630689 -0.210344833861729 -0.222005086327293
0.327133073020862 0.167516173480386 -0.249654460706957 -0.200959258405578
0.329694181581223 0.225654122014937 -0.22782602257062 -0.219964495863719
0.166176591752311 0.397070257532762 -0.101887597647415 -0.247302474539496
-0.093173839987783 0.435572928945346 0.0226993588520531 -0.173084958220798
-0.435468382383995 0.360665838873234 -0.0534615676386828 -0.0324904432159561
-0.532248124749282 -0.1392838983395 -0.23310236888797 -0.137122388209658
-0.226046002990446 -0.529953447467104 -0.210617163924402 -0.414403699589332
0.0250401761137642 -0.587561741215623 0.0685478987169088 -0.611945705901143
-0.0718129851191571 -0.630260834664911 -0.119241190640593 -0.277040606783935
-0.346000318208669 -0.493341534880945 -0.0879118394931435 -0.0697963902992877
-0.562979058471756 -0.0531914979756252 0.0512774010901322 -0.106249947649586
-0.405485943059666 0.427874051467213 0.0207327758690831 -0.141266585818605
-0.0542853255221841 0.500562135081066 -0.015039537494809 -0.155578045131237
0.183977593449797 0.416166511186358 -0.0837488528353189 -0.137438482273187
0.374683008816008 0.275235612736753 -0.0951727324015804 -0.115049242996356
0.399401878525365 0.22483358668332 -0.100588021691959 -0.114095175491287
0.399719523043274 0.297607754088839 -0.0888438414739252 -0.11620778520154
0.194344972463287 0.513493796985401 -0.0112622967094392 -0.121735679698455
-0.126814309688052 0.558819859581858 0.042946138917482 -0.0615175181394723
-0.547520120602342 0.470912311862236 -0.0630366656665575 0.0336837647889206
-0.694285608384514 -0.145825196270083 -0.244621123347783 -0.090248380667635
-0.344176363129268 -0.668924511100335 -0.184697126217998 -0.283267599199411
-0.0199342534236954 -0.781384643049562 0.056170323768309 -0.346280972853453
-0.121650710636734 -0.715392014057299 -0.110816381336315 -0.0281680372438745
-0.458562408818668 -0.542826455056989 0.00575668751427602 0.068244221653208
-0.671583140544219 -0.0157227418308041 0.0825129554353666 -0.102573843630579
-0.442186133083016 0.518570736576665 -0.00488803018858748 -0.131569335128876
-0.0496936081044637 0.569287667337889 -0.0354293396377607 -0.0566089610164992
0.202197445143144 0.468731056864833 -0.025701735627877 0.00776889125904568
0.396853518633456 0.310730072840002 0.0398556986320799 0.0103088526932071
0.410277754568956 0.246567312877356 0.0632083108561342 -0.0106221578667946
0.401065700891022 0.322589032766829 0.0628813753834631 0.00497544419319562
0.186016653446826 0.540802920042001 0.0850734483762439 0.0252009472190546
-0.141982909587387 0.577062861611818 0.0608588365750732 0.0733973229584772
-0.555150056608712 0.48367264711842 -0.0703411925434418 0.109597507589386
-0.716400747750563 -0.130368493976629 -0.231431353030765 -0.0279539087097089
-0.378295121450834 -0.684563237179707 -0.135157936127019 -0.132286670002284
-0.050441781739961 -0.837105732543165 0.0511130433142441 -0.0499680104213463
-0.150076745995894 -0.692665208988409 -0.0963401340846428 0.25604129478729
-0.493274362420341 -0.509684651236712 0.117989369165334 0.23365752342843
-0.666876598178239 0.0186331113672641 0.119321184445937 -0.0713696266264199
-0.408225197392621 0.51353935438049 -0.0220281216767388 -0.0932622437338406
-0.0393430774995268 0.542578023776111 -0.044583976821618 0.0603349072096576
0.190591256613572 0.442852095715299 0.0456323759430187 0.159324383459107
0.361093990836412 0.298568672712273 0.174016932236718 0.137567189744553
0.361582510235017 0.233249217980564 0.216506556677103 0.093743277520263
0.337741469974606 0.294898365909378 0.200189453496308 0.123784084719031
0.136763941058139 0.478020518333753 0.164350799169146 0.165898892491543
-0.142685061690557 0.486825989862314 0.0665199486692773 0.196549085005723
-0.466534333802062 0.388229017150905 -0.0775791347222459 0.169428548685941
-0.588690267089113 -0.108959641139243 -0.20042654887404 0.0260990974637895
-0.322847123757092 -0.579370445722066 -0.0761659401532381 0.00136852736621231
-0.0701076630773141 -0.751716063119758 0.0543554987920899 0.222825430399844
-0.150695908342231 -0.553763817169345 -0.0861930502789781 0.529223199919387
-0.421531390250579 -0.39000822733 0.215071735285742 0.397538404760811
-0.526194198393222 0.0358052713524675 0.153122130911413 -0.0129982025316992
-0.293671244410039 0.395719111096868 -0.022904183297457 -0.0392363239120584
-0.0302307016286375 0.404074398125123 -0.0431816405115698 0.164219756271299
0.138961995178033 0.340416617178153 0.111123213934507 0.286104363895678
0.264434473152924 0.238927532552257 0.28398610630627 0.244454134325211
0.256139716519306 0.183101354762715 0.33744629692448 0.18662665839619
0.226229259381077 0.225103682098494 0.301567890756371 0.223904103545162
0.0714592007558989 0.341802806130897 0.207524304082682 0.275681718336525
-0.123369322212206 0.320850364721223 0.053085318445063 0.280985267008191
-0.30771009802112 0.227738761390404 -0.0863062869045993 0.193735008527426
-0.370429148545526 -0.076436307469319 -0.160198698977384 0.0576314555826917
-0.213520395667121 -0.38713993510108 -0.0240076125313386 0.0895553526021457
-0.0791404738899119 -0.554282759422105 0.0613904841376308 0.426986894882711
-0.122902816191097 -0.31859595577374 -0.087067372889527 0.738609001105146
-0.267387795735457 -0.1965695713552 0.273430000428722 0.530155501993949
-0.282781406919083 0.0500200828822587 0.1843069371402 0.0581499937025799
-0.122287669395504 0.205073998315066 -0.00325416949164306 0.00705770998380148
-0.0179960459966038 0.191795536856174 -0.0378201480681828 0.223881907366314
0.0585921937146157 0.176869183473128 0.153837879715971 0.361337430297012
0.120584988100754 0.138207384627896 0.350171770416846 0.314670570014406
0.110837598527791 0.106249209196572 0.409276882406041 0.24985368198058
0.0880035800685924 0.125116287035157 0.353117962329933 0.289325683821615
0.00604398810565603 0.170730105747242 0.213113519978011 0.341537311208657
-0.0820528003896826 0.132763446053605 0.0241465561583412 0.318954986739762
-0.123744717043031 0.0672085532519478 -0.094813310825472 0.185427848633938
-0.14115720684635 -0.0283510018240773 -0.118300980938875 0.0686069517933754
-0.103419561818315 -0.162169552997224 0.0153939487951768 0.12863020534818
-0.0827173791309461 -0.294918439835763 0.0749381375498232 0.540663616553069
0.0585954459455837 -0.0155326763132606 -0.140592700975901 -0.540104871634798
0.0245599979757152 -0.0696943899351557 -0.165394981592383 -0.190922430218906
-0.0641354369474638 -0.0383064591266018 0.0643720896639817 -0.0529991917591707
-0.0621367701997368 0.0557216153231242 0.102120010261249 -0.131228919721935
0.0226842492869148 0.0552259802229145 0.0214339951239885 -0.302053511281121
0.0497557257747532 0.0110160518003261 -0.18623070967564 -0.368881960442295
0.0576481617584488 -0.0212510943731712 -0.34251865293652 -0.303143130954442
0.0531376313623109 -0.015657034029182 -0.412855594093717 -0.24802147516142
0.0463171060426668 -0.00928357175053584 -0.373910171766785 -0.28400784745177
0.0271305160771218 0.00805798130246136 -0.208958440192741 -0.326423551097796
0.000905886333194401 0.0246231510638581 -0.0169378192464852 -0.246258432458211
-0.0443032225651758 0.0104471664942314 -0.0382746251159445 -0.0711247956766389
-0.00396763176320991 -0.0660738743647645 -0.17199852486892 -0.125283984019941
0.100561444627832 -0.0293503614758518 -0.2187822628784 -0.487199794075395
0.102004793215575 0.0586230837792686 0.0814765279827592 -0.834796938439315
0.0190413524437177 -0.242330928807717 -0.133764922518011 -0.52844413236706
-0.0847300749703457 -0.22833326709194 -0.165820713139148 -0.19090221558012
-0.226997928328843 -0.057050472876384 0.0401183167523697 -0.0738009197535629
-0.187150465829594 0.176464054787342 0.0705770161786846 -0.124463289809092
-0.00752323691624661 0.215202345676726 0.0166442731024267 -0.266219579447702
0.104711376490842 0.161326725727906 -0.162089828344547 -0.32301451614296
0.188913093613741 0.0867662249151698 -0.296691738395246 -0.273724847281073
0.202281784454567 0.0725502865151727 -0.358157862618697 -0.232975625110893
0.204148596653416 0.105227198852686 -0.328326969068021 -0.26501930830874
0.112552538084692 0.208642150160375 -0.175236477479414 -0.308199971964941
-0.0379328104069799 0.240763701568605 -0.00372674877385486 -0.231287391238701
-0.239734475811101 0.200426824722912 -0.0437020239380959 -0.0644558281424146
-0.278043139150168 -0.0985328993663172 -0.204236761329928 -0.138442970647676
-0.0730019007654505 -0.286206080416954 -0.225764889021081 -0.46857741718375
0.0570540995080626 -0.27421474549841 0.0637761644264519 -0.766207660689886
-0.0321505782269076 -0.444053369953266 -0.133299400736888 -0.436890022803429
-0.209700703471769 -0.364330760578903 -0.144141621407852 -0.151037336588872
-0.386504320494837 -0.0569327577073441 0.0330773221170227 -0.0951195350476604
-0.293783987850029 0.299849329656961 0.0401028067751579 -0.132200080063304
-0.0284915125351658 0.361842663006747 -0.00160882523212815 -0.220745463824032
0.152991837093702 0.2961149545428 -0.13149410594633 -0.242887808564924
0.297439448482361 0.182020833738894 -0.213087426967754 -0.206410234805001
0.321411257551889 0.14914865056528 -0.247712475698804 -0.183820132808696
0.32809013481695 0.204770890408857 -0.227770318317749 -0.202246194989747
0.17671309589401 0.379781542059351 -0.106534447519129 -0.236156221587917
-0.0740930929864289 0.426391730781227 0.0151533430798188 -0.167278376036484
-0.405437003759904 0.365157532294057 -0.0508307664187339 -0.026795718120863
-0.518288822398422 -0.118696736655133 -0.230775810466987 -0.119744835867979
-0.234204473927528 -0.504827258341863 -0.219108308216689 -0.393854151132884
0.00873465308751559 -0.561693060325983 0.0483851415320993 -0.590565164284245
-0.0888404432712705 -0.598996180247988 -0.126735994509666 -0.265084925176203
-0.347768571159526 -0.463460654887446 -0.0865027471898345 -0.0648799445373073
-0.540080023838364 -0.0284296824519616 0.0471171956020036 -0.10947842121705
-0.372488900671757 0.42632574363354 0.0122188403516827 -0.141600083772472
-0.0331608886477296 0.485815163757507 -0.026863674185858 -0.154526686401843
0.193310028302602 0.396743688653777 -0.087864506451307 -0.129343641110277
0.370688009956641 0.251791992018809 -0.0979377567487643 -0.107414342210911
0.391991965629472 0.201736256682048 -0.10054783376694 -0.106719897088528
0.395605233777012 0.270970677802327 -0.0890659392442674 -0.106827547630015
0.208798424233466 0.490672238440121 -0.0149832398863766 -0.11879850100075
-0.101450958181419 0.545322514934653 0.0377204170217477 -0.0590698236719225
-0.507395827188279 0.473835894242635 -0.0570472025190801 0.0363857845236114
-0.674417949540202 -0.117540614444829 -0.241255087503822 -0.0728340805527803
-0.351242518811157 -0.63445709534093 -0.190274395404309 -0.268837500820597
-0.0406436624599875 -0.748515198642137 0.0453612583741303 -0.335572396499948
-0.138467294656752 -0.678802864313055 -0.111209164922963 -0.0281882522341847
-0.459154727200728 -0.507629603351363 0.00780517871055265 0.0643586052143875
-0.644419569819633 0.00994241862648806 0.0773080163487981 -0.106995391787169
-0.404268550899875 0.514247620503303 -0.0123220035184474 -0.131823199768479
-0.0254238015042796 0.552457231061877 -0.0427709293741137 -0.0597425042149921
0.213306068488453 0.447315456355843 -0.0260139973141176 0.00884752212128992
0.393326046619366 0.286152167322518 0.0376712412253058 0.00842426740985645
0.402666530717765 0.222053169630038 0.0613842066808169 -0.0138646087844395
0.396889249119093 0.292645345648118 0.0615632514790338 0.00369152097245303
0.201363648628282 0.515788590873621 0.0835264988083927 0.0197926879495143
-0.116835649783151 0.56352793490489 0.06014742153068 0.0706121950472774
-0.51564593948885 0.487790258626203 -0.0611079124473872 0.109366285360254
-0.693066781838257 -0.101121043004521 -0.227160654883425 -0.013610355304322
-0.386183854371479 -0.647181752623146 -0.137060646304926 -0.123150075831897
-0.0742684360403643 -0.799332088691228 0.0517616578527537 -0.0520312966987798
-0.169106893305359 -0.657238433977524 -0.0879160438455565 0.243879244048793
-0.49180267809257 -0.475115848308712 0.122608700089704 0.21983597899939
-0.638706221787527 0.0427801302848916 0.113948090950742 -0.076658891335064
-0.368957218507856 0.508127159906256 -0.0277125823032937 -0.0949414685853868
-0.0157720199046596 0.523951215037185 -0.0465834708071362 0.0535520852477496
0.201704830486592 0.423301633843079 0.0488414638962824 0.152718451561844
0.357854070756563 0.275156174210291 0.172130572023209 0.126079393970882
0.353712099817099 0.211213645487799 0.212874134969565 0.0810886188098672
0.335602506486558 0.26917586791501 0.198909950562762 0.113099276250347
0.152760759530185 0.456732316396075 0.165500456941946 0.152569704008368
-0.118697899085006 0.476051767334873 0.0704469232076393 0.188911734970691
-0.431342580986112 0.389545779330497 -0.0663628992028414 0.167388488976481
-0.568553238320564 -0.082076521517791 -0.194906071171243 0.0375158401702376
-0.328491764010392 -0.54695363560213 -0.0762749768988128 0.00481269171643348
-0.0901411778345596 -0.71695451538719 0.0645308622370148 0.209451692311681
-0.163757282266714 -0.525323168966436 -0.0692006300618109 0.505660681663322
-0.419689338991171 -0.360766342669667 0.22130034259565 0.3734243664181
-0.502882085711289 0.0535643186571789 0.14889648897844 -0.0203472933264688
-0.264897975834994 0.391443626214254 -0.025918169780092 -0.0419809711532524
-0.0119347264206016 0.391682039730511 -0.0398401895336197 0.154393475303444
0.147587520713941 0.325092549004679 0.117861161042559 0.272782643959122
0.263184346051193 0.220449529495671 0.283136731756922 0.225716546897564
0.251009311349626 0.167890335142678 0.333922974305221 0.165143799987041
0.223337710517639 0.206743347808587 0.300971371241829 0.204960025521968
0.0834037121550978 0.326896569640334 0.212028113150031 0.257110202293607
-0.105089803431698 0.314389209994034 0.0606087219492801 0.270569027630223
-0.283466672474095 0.230495276102243 -0.0744267144343812 0.189915353942035
-0.357020420528854 -0.0588784380131267 -0.154840588802683 0.0654891310646662
-0.216594625497263 -0.366593073202425 -0.0227404842319444 0.089099888945629
-0.0940563894793457 -0.527944706247736 0.0792576867103276 0.405590042231016
-0.130692222466169 -0.301098720881027 -0.061019271339119 0.707389937533206
-0.26454393912013 -0.180237858190929 0.284316718656219 0.500134776762903
-0.269613633355657 0.0589948803134952 0.1807088932974 0.0496893020957915
-0.10746807136478 0.201660402680402 -0.00439104298364902 0.00283806937913881
-0.00908501622812317 0.186725631117854 -0.0307985889541675 0.213380926350149
0.0641831312749291 0.169264316257138 0.162210677108697 0.344626634663276
0.120493403861123 0.128994548448629 0.3501477455012 0.289782160411744
0.107923476142363 0.0984413219848728 0.404554657176448 0.223910246966949
0.0861836535903473 0.115908354676169 0.35407221055979 0.265075407473301
0.0124342990797919 0.162862851348382 0.220100496657611 0.320208997460682
-0.0713113022120225 0.130098286998305 0.0360893987108721 0.307088141138129
-0.113462030408869 0.0688429320772976 -0.0824414640369299 0.181262513705125
-0.135059317606784 -0.0192594806636471 -0.113076284783927 0.0728088369532812
-0.105157844047466 -0.152543479233586 0.0169906690871294 0.126027538096691
-0.0912259028835599 -0.278712930489323 0.0974627523761426 0.515094583795258
0.0546885967413554 -0.00722960462631692 -0.106802445632529 -0.527309905488893
0.027959965944503 -0.0662125044644078 -0.151723375255656 -0.190567423076814
-0.0626175413515318 -0.0431861935191771 0.0629163096774886 -0.0489841878309117
-0.0672828759161563 0.050904450297061 0.101944064483492 -0.121195115047865
0.0146888847950104 0.0561336522326889 0.0300496150892376 -0.288189870103879
0.0453220101150938 0.0147810878215121 -0.167015240477588 -0.35962683634205
0.0549148649922149 -0.0212628373397405 -0.321791337245455 -0.304431319790156
0.0538343990123796 -0.0140549513519762 -0.391512550210561 -0.246955738806777
0.0448088332666434 -0.00916902465695109 -0.355128102619534 -0.283025895709023
0.0236305380201186 0.00906292005612013 -0.192973969189653 -0.320692622795461
-0.00237007420807578 0.024274954186138 -0.00669482629362519 -0.236603185936814
-0.0457413257686372 0.00735738824417747 -0.0345125801259343 -0.0676889326166559
-0.00418454546757438 -0.069224854603594 -0.157036545979977 -0.129030296911948
0.0991414685115836 -0.0326627321744914 -0.187969198391325 -0.477199265884267
0.0949324155230212 0.0519869631586651 0.122998884156193 -0.78512673267154
0.0316738040967354 -0.22962798856306 -0.111896440522883 -0.520182931954838
-0.0675184399020155 -0.226211940284728 -0.156705831957761 -0.187295900768688
-0.217845546973165 -0.0699063329354326 0.0396808454876646 -0.0639981258491456
-0.190314094018331 0.159510531626265 0.0717959727869974 -0.10844800200598
-0.0210882657179292 0.208359527109339 0.0285510121629673 -0.249619818958401
0.092339137803142 0.163375184295424 -0.140451085265821 -0.314683723293326
0.177194851534426 0.0907712567877453 -0.274079977469379 -0.275860715688862
0.196156799562638 0.0801411621763191 -0.336380975340825 -0.231175583402525
0.19511021315668 0.108481757279061 -0.310746339093779 -0.260348203331942
0.102957504499626 0.20937509390603 -0.16300600907561 -0.298960513083213
-0.0480907401000427 0.236629731828952 -0.00295424332016204 -0.220152595585814
-0.239675615743414 0.18452982073032 -0.0525283962979738 -0.0612216956926107
-0.270040133014617 -0.112240067646492 -0.191824206354779 -0.149612543685164
-0.0604815544915514 -0.289461318507815 -0.189165555521921 -0.467927194424071
0.0614246021004217 -0.269219497661917 0.112536679945913 -0.725077056844769
-0.00335340890444433 -0.429406870299323 -0.124651696470703 -0.433038802937728
-0.179667116148385 -0.365543548033838 -0.141532093445179 -0.144409623288149
-0.371197761551056 -0.0790552553553105 0.0336155318104458 -0.0783172871436586
-0.296020697379866 0.271569585989621 0.0433181532778546 -0.111214611490832
-0.0481209168427133 0.348083461692908 0.013119707028947 -0.203603572736843
0.133705007950691 0.296126602560525 -0.11020682287959 -0.235508729446355
0.277557399858221 0.18955346900168 -0.191034839387217 -0.208053453939157
0.309060884975094 0.162093215667665 -0.229949572419541 -0.181194131940287
0.312598741546814 0.209779608069974 -0.215480917268889 -0.195302681166664
0.162985979651626 0.379366039359439 -0.102104716267542 -0.224366440914819
-0.0901681209057001 0.41884921603657 0.00556388965037461 -0.155966544993935
-0.404450966179821 0.338760273813426 -0.0715268787694212 -0.0256592425885208
-0.503518033973271 -0.14039130523468 -0.222164682744668 -0.138079295178251
-0.209018889638055 -0.505263041558145 -0.180599391831473 -0.400000469314542
0.0212925961520752 -0.546734041461631 0.0977482941547004 -0.563397312824417
-0.046451329966873 -0.5837385454165 -0.13546825262799 -0.26901146977638
-0.306796898951749 -0.470200850164336 -0.0931069834650686 -0.0553999385031406
-0.520610607254089 -0.0610676501496973 0.0486410852632977 -0.08545662591813
-0.375678290978317 0.388073157884962 0.0183093607337062 -0.116300923444042
-0.0570581864194623 0.46584168600855 -0.00887700110043241 -0.139111710086191
0.170614417071736 0.396444357724821 -0.0693084552070428 -0.124726816891686
0.346718545195131 0.26141910386417 -0.0800321318638517 -0.10983728901228
0.375691616299998 0.218727720594956 -0.0885309415462412 -0.10288068946059
0.37653222731127 0.27743831680359 -0.0835379489283231 -0.0985546965109168
0.192830709273284 0.490062555837831 -0.0171565076152264 -0.108261520866519
-0.12059490117373 0.536407728385089 0.0197523927525459 -0.0496468284279852
-0.505426828211121 0.441057194124517 -0.0872240518675791 0.0352745742008507
-0.655118774550556 -0.144252884329768 -0.237401125803516 -0.0967379798158064
-0.318448478611838 -0.634844557346657 -0.15523604913493 -0.280907377025212
-0.0194068020130819 -0.724468195518134 0.0866148289698416 -0.324078863616898
-0.0883586369551374 -0.667770347081488 -0.137767800823902 -0.0410482935787951
-0.412824200559766 -0.521166161453556 -0.00879180958867743 0.0767771452284428
-0.625160369838684 -0.03024759950711 0.0788908064476431 -0.0763731282235675
-0.410232142861745 0.470318165918633 -0.00404242357426786 -0.105380740009425
-0.0507442045934816 0.530495767939074 -0.0265593658156582 -0.048784418345553
0.188208704837237 0.445376178008277 -0.0132210708752969 0.0101507511435992
0.367710137967847 0.296012135657152 0.0479722382283233 0.00734681907305993
0.38461773624479 0.23915446552151 0.065469716468954 -0.0099966041863227
0.377110142872522 0.298338010366263 0.059688506730901 0.0124343590269164
0.184397157993093 0.514909653444622 0.0741515960276413 0.0287172024720926
-0.133102049198949 0.552452727493674 0.0354800898988213 0.0759272540935294
-0.512140818498466 0.453811320154069 -0.0942898245489803 0.10490679037004
-0.672734834600692 -0.128217543970237 -0.227812911218474 -0.0385707477775612
-0.351354727366569 -0.645737929245076 -0.111357341735953 -0.138473275277994
-0.0490273061166532 -0.773294937722942 0.0776375861809386 -0.0560727191220192
-0.11777976606426 -0.652278295330265 -0.129602356742997 0.222254442378934
-0.44764006661018 -0.493351534841886 0.0948792282971687 0.232671623438742
-0.622488043731662 0.00165972107958199 0.114058627478405 -0.0451545415170714
-0.377336273220764 0.466582921123124 -0.0189951261045501 -0.0717808150402746
-0.0398494028095501 0.504295707808027 -0.0337926055110787 0.0583117982582155
0.178961553372112 0.421424204239005 0.0527463388191124 0.150504237290599
0.336935859879654 0.285433018351664 0.173276005552606 0.125165033301782
0.336938279747647 0.226222228673121 0.208578547344161 0.0855792155286403
0.31698142583754 0.275090845731325 0.190069753038764 0.120238162765459
0.139942206122496 0.45472098810584 0.150827174459004 0.158147900459612
-0.131068765936748 0.466260528164908 0.0446031209809507 0.188790613383422
-0.426832685860494 0.364655393264416 -0.0953340787223115 0.158394394241175
-0.551153168077356 -0.105145000977527 -0.198188106948827 0.0152614782239766
-0.299041783533838 -0.543508783871926 -0.0609994526013864 -0.00962973756132988
-0.0664042247305988 -0.690741991966733 0.0733979404850024 0.193341352647233
-0.120145707267057 -0.525089490828328 -0.119784048136446 0.477157806023123
-0.383761057298728 -0.381049570527799 0.187058130879813 0.383056850217634
-0.491774337487328 0.0210573393118664 0.145681569411193 0.00710955101228631
-0.270082841730695 0.360117712615967 -0.0198232333586522 -0.0270079896119789
-0.027842499588897 0.37698235198352 -0.0351620831685364 0.152713639604995
0.131024356481117 0.321802908684372 0.112431446580089 0.267392251607964
0.246422709792642 0.228868669766482 0.275872091637546 0.225401686160455
0.237081928422191 0.178169415845747 0.321841349722034 0.168584795261969
0.211087303759254 0.210607916025836 0.287150905898664 0.209976248459915
0.0750937343335917 0.323876318309795 0.194378952443731 0.257450660031701
-0.111604648360678 0.306718838209234 0.0384961876738889 0.265216655577594
-0.277502973073828 0.215762513148034 -0.0942273711365502 0.17918959500716
-0.344607786008469 -0.068880208537123 -0.157965583751295 0.0491156008837927
-0.19826613592595 -0.362463104322261 -0.0182443710070394 0.0789647803878405
-0.0760259602577435 -0.507117689760496 0.0715855271021918 0.381788669999242
-0.101194220417183 -0.306589753851457 -0.116863036381185 0.674464426550178
-0.244824833708678 -0.196279338649302 0.245152693290805 0.503129983460397
-0.265036338808952 0.0403995818716996 0.174580554010776 0.0672578293149524
-0.109836267052706 0.186292100602089 -0.00190080542421136 0.00802515879668434
-0.0148589121723565 0.178825767610002 -0.0339535081935888 0.205530941731192
0.0568889289728571 0.165827259495857 0.147470646911196 0.337521275672894
0.113154494151962 0.133487299644682 0.333663070385943 0.291048490323835
0.0998576759247885 0.103783237114361 0.386944266886786 0.226813124108592
0.0800341632294192 0.117422427109172 0.336968064771379 0.266565336900956
0.00989467816329272 0.159988134305925 0.204023557586633 0.316153452818678
-0.0720983520468738 0.125876840870503 0.0204879492898719 0.297419812599786
-0.108355173010396 0.0653367092049624 -0.0908098603580308 0.170348994228921
-0.130096728709359 -0.0198699590858587 -0.11467234420099 0.0626813498047281
-0.0978500272546875 -0.149219955341151 0.0130260570930615 0.121054553797437
-0.0800552696446381 -0.266673496387241 0.0760830698168952 0.48899289047265
0.0550907287871643 -0.00650146665771998 -0.0978219504060903 -0.519845679424607
0.0289195203015665 -0.0680650392187865 -0.147470274347506 -0.189161510144951
-0.0634757305285493 -0.0444460619555417 0.0633093951667157 -0.0520555056176064
-0.0697694381113265 0.0518110871336564 0.100561453255176 -0.121434018606409
0.0127346377507277 0.0566723641581939 0.0278515206717981 -0.285031420331871
0.0439828283729886 0.0152932644930919 -0.165940388797757 -0.357258232037468
0.054725156363896 -0.0206310092666574 -0.31861713485041 -0.304193223211292
0.0546857167057597 -0.0142201024040093 -0.387494359713929 -0.246474433004212
0.0468961591447882 -0.00815863840947249 -0.349630004364128 -0.281769654647722
0.0237117588926826 0.01132958902783 -0.18804689907029 -0.320249389173406
-0.00384809393556247 0.026174276070652 -0.00231157601531368 -0.235019594063939
-0.0471082429094209 0.00733404624596785 -0.0325457670549096 -0.0640518342608412
-0.00416941479772937 -0.070110456202199 -0.153946902918964 -0.129532197768465
0.100746438679478 -0.0314757467879503 -0.182358110303447 -0.478376188279581
0.0950092509899136 0.0525947372312145 0.130727832274362 -0.77274282571195
0.0367054339747983 -0.223832920523667 -0.104511202751908 -0.512142808135303
-0.0626273688750586 -0.226735780104836 -0.152191249010255 -0.186973372222009
-0.213654884926482 -0.0717598833417159 0.0402690426638216 -0.0682600596348474
-0.190798820705186 0.157954108814942 0.0693872799452278 -0.109595936566803
-0.023085711801058 0.206803866027567 0.0248479523722956 -0.247675725978707
0.090182325635466 0.163960500180703 -0.140464467961908 -0.312769752276575
0.174757498548783 0.0915317189693652 -0.272023459128631 -0.275929047526652
0.19476185282999 0.0806008911818467 -0.332280737383088 -0.230619145977255
0.194043506720388 0.10862933502706 -0.305406941876444 -0.25873556761974
0.101986227535794 0.211174980708101 -0.15924228563164 -0.299001189454803
-0.0504803569977728 0.236978606461304 0.000406517734718346 -0.217917086723084
-0.240309434444169 0.181318162881173 -0.0501855184876697 -0.0585063777762349
-0.267110608989456 -0.116435971499672 -0.188349775519281 -0.148762193701833
-0.0537609842063819 -0.288436519544705 -0.182688217240767 -0.468213873164879
0.0673188186664724 -0.264788420850965 0.119174094713888 -0.713914125267919
0.00545339644793206 -0.419524616823597 -0.119671618403133 -0.429422464873489
-0.171350283878229 -0.364993705986295 -0.136952464357475 -0.145001539521006
-0.362692335829966 -0.0823896840283287 0.0343420734960983 -0.083437482021776
-0.29440032536803 0.265793427490073 0.0406111878622293 -0.112639825487865
-0.0499553643022937 0.344779101215961 0.00803802041357382 -0.20344857454923
0.131984795579378 0.295635762941952 -0.110586033668221 -0.233536178632228
0.274841835204858 0.190785529163598 -0.18959304734017 -0.207914912085802
0.304660487408375 0.16290344326431 -0.225829638819517 -0.18113321820762
0.308531889636629 0.209995027920516 -0.210566331138555 -0.194236587438296
0.160747767074822 0.380711029368624 -0.0991019512898819 -0.225393099312428
-0.0942467027268138 0.41669835220344 0.00780511736405441 -0.15286397756996
-0.40453386798888 0.332550058731068 -0.0688749574224204 -0.0244127389393017
-0.497947192679507 -0.146343692921472 -0.219277739417306 -0.136106128646136
-0.199003025583288 -0.50636071375053 -0.176214665025179 -0.4007154456476
0.0320211062128718 -0.538397044730199 0.104651490543982 -0.555848120300639
-0.0357316441890838 -0.571884182100988 -0.133169349272641 -0.26969209468793
-0.294814257283718 -0.469748132032747 -0.0908978767764713 -0.0566136950164551
-0.510026243353105 -0.0671048643610608 0.0492296063006894 -0.0908350855659289
-0.372746007704475 0.379640731256573 0.0155696721719926 -0.117961420995162
-0.0594006656262329 0.461252565297041 -0.0151839463203426 -0.140666940067501
0.167370840248351 0.39599719119521 -0.0704458176242652 -0.123443121621457
0.341235421319805 0.263193005169794 -0.0796191147523249 -0.109721090745228
0.369154723053587 0.219610771311058 -0.0866742389278526 -0.103936405582533
0.370570885020778 0.276797026135527 -0.0800413972686634 -0.0980855698495195
0.19008486291457 0.489372504046687 -0.0163125664763085 -0.108055178901348
-0.124991145426166 0.531389922985035 0.0203577146461846 -0.0470815538701385
-0.503994977188043 0.432807504221946 -0.0845328133567334 0.0348759456549324
-0.647737930434888 -0.152033413293427 -0.235997299620361 -0.093599008244567
-0.305245476085314 -0.634891120503541 -0.1522545110348 -0.281775564073513
-0.00432325728985415 -0.713803918846469 0.0924880219927876 -0.322312140241876
-0.0759089916861737 -0.654840204474738 -0.13956395139123 -0.0464849803785319
-0.401176728858947 -0.521826722288163 -0.00975431334970775 0.0747539504057118
-0.613004121928965 -0.0351197671775421 0.079513518178111 -0.0810306750708406
-0.407536888175386 0.459377490944357 -0.00691540962314546 -0.108392533882883
-0.0541718090863059 0.52485944186812 -0.0334751898274115 -0.0519520797257015
0.185246899073042 0.445114655376621 -0.0153011920647411 0.0113746726296706
0.36282675847857 0.299144834181049 0.0464436313919282 0.00713023696865315
0.377569114942151 0.241612874069768 0.0654136396564227 -0.0111702296607797
0.370540517746919 0.298864940965229 0.0611656094007829 0.0128899132862441
0.180185371780813 0.513957127589577 0.0735459536271926 0.0281560547210964
-0.136546241779302 0.547352197009601 0.0344374350043504 0.0780098811770716
-0.509582601854554 0.445247530553997 -0.0919339938468908 0.103103623610662
-0.663709068737795 -0.135448628863598 -0.226985497460153 -0.0348382304182731
-0.337238610418341 -0.6467881928335 -0.111307662970956 -0.139130346141707
-0.0331286358174224 -0.760794512842689 0.0808719644322837 -0.0573772830729099
-0.104891260678816 -0.639234124265495 -0.136006422168949 0.213256633591798
-0.434690591514219 -0.495519336325933 0.0908346407164294 0.229483568780141
-0.613014164421835 -0.00437008515435954 0.113992575582763 -0.0478330815180114
-0.373607342038673 0.457092273705016 -0.0222158249597133 -0.0757352410320905
-0.0411847207844298 0.500800858999756 -0.0417406131132545 0.0536591079185742
0.176794613411965 0.420935849494364 0.0498181906580199 0.150789504055065
0.331136365560975 0.287652886352468 0.17080738633003 0.125340626494881
0.330127770524402 0.227151799190733 0.206753133531793 0.0837570651279267
0.308922113987066 0.275592649834747 0.190115385836947 0.120539980368635
0.135754407262782 0.451737997067869 0.148115616862045 0.157138109669346
-0.133912348846363 0.46126326483045 0.042732861185531 0.190543315496363
-0.421058437988027 0.358126383247817 -0.0946035505732453 0.156121151621504
-0.543256487657085 -0.108707702128963 -0.198683674572277 0.018842535069203
-0.288135570903893 -0.544099269387419 -0.0628149858945318 -0.00878425891478176
-0.0537825503635027 -0.680588383407316 0.074177041538893 0.188876699381164
-0.111331414858069 -0.517302408911655 -0.129874630135939 0.464261886176733
-0.376249086631654 -0.382361024907857 0.17947364841697 0.380585342646668
-0.485022904052907 0.0180955825071161 0.145206585059429 0.00539388156625433
-0.268273264712511 0.352440235964924 -0.0226867745651207 -0.0311187541777999
-0.028901278354157 0.373338210924887 -0.0419962791901947 0.146996572692289
0.129858649583197 0.321894944493189 0.108794031333651 0.267902723676838
0.24268125158752 0.229427191138176 0.271934162641568 0.226105189645697
0.231361297720505 0.178806044502707 0.319016925664921 0.166834548215433
0.203993121504037 0.210510740286686 0.284704306889537 0.209392678550492
0.0729263122913919 0.321375717367577 0.192021123813471 0.256947100603182
-0.111192703586179 0.301458100172345 0.0364684779053607 0.265133808214824
-0.272283236153111 0.210873862227141 -0.0934207668597826 0.176594294803366
-0.337734492287718 -0.0701502057767248 -0.159030003009961 0.0510175083711961
-0.192420975374115 -0.361796307558983 -0.0209989066193825 0.0801531386937713
-0.0681358461029483 -0.499295658057731 0.0711899503584113 0.375275501946476
-0.0971372408701588 -0.302546946244557 -0.126710591721038 0.659786128165372
-0.241124248863497 -0.196392345343559 0.237111195690397 0.500368207800029
-0.261764533008969 0.0375035293491731 0.173426093303356 0.0678565623198847
-0.108804691070718 0.18184355490513 -0.00380438114185302 0.00429341013000759
-0.0149126188457084 0.177584286023151 -0.0387423818172197 0.200279795016914
0.0568530064977164 0.165691888252903 0.143966232196987 0.336791890027273
0.110770902369603 0.133566108645305 0.329449586303926 0.291266789787125
0.0965503723118855 0.104022931294191 0.383770154097896 0.225595031877511
0.0747666412147955 0.117108454504395 0.333216218893425 0.265646483253575
0.00864771806518232 0.156923757408546 0.201346267093582 0.315775018982841
-0.0703550626205961 0.121996606296958 0.0196162852849396 0.295895503819232
-0.103967371387979 0.0624391937684249 -0.0899951843266218 0.168595847104393
-0.125624875820355 -0.0180261124828918 -0.115924244329711 0.0642545385327654
-0.0962025003599581 -0.148193408555621 0.0100590145053269 0.122256815331273
-0.0768375409950324 -0.261751869627341 0.073996162656608 0.480211476393927
0.0573946022377963 -0.00612292298747516 -0.0942771933622174 -0.526838369192541
0.0300777823175765 -0.0719063549536987 -0.14674687798127 -0.192735399823428
-0.0656182155079966 -0.0468193796448592 0.0651830546274189 -0.0573849165440629
-0.0738126697794951 0.0551300262696597 0.100172643077581 -0.125713236661083
0.0112821650740862 0.0588623704672829 0.0248956234356072 -0.289307640568967
0.0437761622257909 0.0164733704063454 -0.172233979463815 -0.364370831447259
0.0554425490853373 -0.0206579130578248 -0.327014384592089 -0.311663430292338
0.0576250302233813 -0.0148556214192309 -0.392360090361665 -0.250664326357235
0.0501438992465719 -0.00855185195086737 -0.354161654705304 -0.287345993191024
0.0248068706566371 0.013853893774249 -0.189564654086454 -0.328260985863133
-0.00523267711900954 0.0286997675258888 0.00109990301587191 -0.239610522786206
-0.0503905988411374 0.00752913039710534 -0.030879642282135 -0.0622108226609112
-0.00457829259836631 -0.0736426181340089 -0.156264309810935 -0.133702828066423
0.105460283910311 -0.0319396739576304 -0.18357793576315 -0.490522110259147
0.0975166421865221 0.0547785597920051 0.139950664907008 -0.780573024914993
0.0423377206204391 -0.224567390602929 -0.100342488736381 -0.519201437721897
-0.060676193970662 -0.233371460644293 -0.151528916836005 -0.190758403372686
-0.215911901528929 -0.0758619467516671 0.0411892916519308 -0.0750445530660507
-0.196023162666184 0.160999009821215 0.0686006497998783 -0.113758338980684
-0.025005283666505 0.211824890712214 0.021136059496508 -0.25163882780026
0.091682475056823 0.169092388178359 -0.145732715219765 -0.317391004508538
0.17833813620452 0.0950042258706496 -0.277864988385124 -0.281498295275982
0.198531473450393 0.0830972137642493 -0.337712952391448 -0.235626109178727
0.198875004383744 0.111419483865939 -0.30942267879486 -0.265413770327824
0.10460374308344 0.217549762714307 -0.160521295628538 -0.307168217686837
-0.0541499209757383 0.243389826950381 0.00305866902232315 -0.221068966964366
-0.246304762526238 0.184673288831582 -0.049208254177239 -0.0581191535878086
-0.272378849205363 -0.122587876257347 -0.191537577763607 -0.151990258013794
-0.0492717867000932 -0.296382159054332 -0.184752843601604 -0.481849232591569
0.0744967229343499 -0.26685505292578 0.128738247510737 -0.723489265550522
0.0136170789961982 -0.421298975903952 -0.118906784372338 -0.436671637176633
-0.169456688534225 -0.375163297781143 -0.137777269451227 -0.1492755857095
-0.364432642340125 -0.0873892360167788 0.0346734743587114 -0.0918474686020846
-0.300140906899575 0.268872635862785 0.0382029642343424 -0.116882670670869
-0.0527571817438712 0.350965946903484 0.00266793302282219 -0.206691381043899
0.134073784813637 0.303695565271801 -0.114550131372215 -0.237311252919835
0.279504329099221 0.196594015181694 -0.194469617115463 -0.212407095191372
0.309730698843322 0.167561666110621 -0.229458567729887 -0.185632511440675
0.314457989487018 0.215301742792914 -0.211612810088745 -0.197808632591384
0.163974178641381 0.390844656162877 -0.0997072210701758 -0.230730349739764
-0.100348459230889 0.426887195774582 0.0105398528785462 -0.154460141262805
-0.414021014569188 0.337985366941776 -0.0687232748871507 -0.0248002215116011
-0.506406626338981 -0.155394145079038 -0.223512450833729 -0.138218259861306
-0.195388511980737 -0.51866365339056 -0.178221958739022 -0.41242339202263
0.0425146649384558 -0.544514888257186 0.11406738237315 -0.564656664090951
-0.0265939216647713 -0.575339041202833 -0.13619551448477 -0.27695342281946
-0.29427000172333 -0.48299969180614 -0.0916144466910031 -0.0590768737669383
-0.512989193543823 -0.072004221050706 0.0492407902009535 -0.0993887755622186
-0.379620017556183 0.382921149466219 0.0120878506303046 -0.123781256655661
-0.0610892565672392 0.469485848871409 -0.0221481024324588 -0.145192640559501
0.171318232972961 0.405877758252657 -0.0735815581796615 -0.124746842607223
0.347979700567258 0.271033829447676 -0.0819777319494688 -0.111745561494125
0.374728522501553 0.224661602181126 -0.0877697046545996 -0.10723768154661
0.375144456797257 0.284481447763848 -0.0790132734422175 -0.100183346923641
0.194123952052343 0.502443015292412 -0.0160248741102667 -0.111634619012515
-0.132355783832858 0.544487743255228 0.0221005828606034 -0.0457863335584815
-0.515815213696415 0.43935755820433 -0.0847709902661248 0.0350163909738207
-0.657366756539416 -0.162411228205014 -0.240623525159056 -0.0934120057585517
-0.301806162285015 -0.652420399189813 -0.155210347320245 -0.290398411404218
0.0081120034307189 -0.720684292184715 0.0991148795842998 -0.328717880426488
-0.0665001020021997 -0.658795397926454 -0.146116079426269 -0.0518914224540965
-0.400769270150949 -0.535213271005325 -0.0106767576728333 0.0741014320729915
-0.618668681321748 -0.0411162215148837 0.0804282454016805 -0.0884130978132328
-0.414176066239405 0.46369723608842 -0.0101309455346525 -0.11470486912585
-0.055779069404441 0.533747021422574 -0.0419362021514419 -0.0562696993410861
0.189213122982525 0.456672718921284 -0.0173718002737355 0.0124743276944279
0.369835967937525 0.307432841986054 0.0467883401678658 0.00737063117593676
0.383108066720951 0.247184854758017 0.0663623403929018 -0.0125594186093554
0.374256563711265 0.306278831160807 0.0649994989447337 0.0132881404378445
0.183137432497585 0.525260723901396 0.0750002688059736 0.0282467938112945
-0.144155248272619 0.558893534428616 0.0357759185030392 0.0826300762972545
-0.519781871771488 0.45124154614342 -0.0931164408337531 0.104118247760874
-0.672942330353253 -0.144554601720507 -0.231959948394041 -0.0318117848829828
-0.333813530618407 -0.66475488597565 -0.114911928423143 -0.143312941898312
-0.0223432098461078 -0.768619284498042 0.0865638709353654 -0.0610202984189423
-0.0962363873803556 -0.647037999672699 -0.146292062274621 0.210654576329948
-0.437899313183019 -0.508985572722983 0.0901207644960184 0.233532147175728
-0.619712877321661 -0.00804922939108554 0.116799648468505 -0.0535286978277266
-0.380412033769189 0.461428137299651 -0.0253102404405236 -0.0812741356288009
-0.0425452350411756 0.50940908442891 -0.0507971040237203 0.050748802945603
0.181749550988102 0.431529010422382 0.0493854745327066 0.155509853237786
0.336536789101252 0.294860818343136 0.173680423544924 0.127989150498372
0.334664116336745 0.233369320813938 0.210657396694961 0.0836872428990661
0.312504900916269 0.281410491195247 0.194894288446551 0.123157297210656
0.138788692612504 0.461453198456769 0.1509814135871 0.161021306183876
-0.137548908956944 0.469570521429404 0.0433532005814624 0.197040183999569
-0.428161570988894 0.362588235648606 -0.0956980620724902 0.158357951559924
-0.549784307371148 -0.11438808727963 -0.204449532216348 0.0236336575208649
-0.287316312087025 -0.558194807157712 -0.0662025895957306 -0.00880876055142164
-0.0458156328765987 -0.687477614910131 0.0783429687083597 0.188351581677681
-0.106799279674657 -0.52389790290424 -0.142446602940291 0.466429458996123
-0.37907226365121 -0.392936217275532 0.178720927653597 0.38794361196824
-0.492643352947583 0.0151420627964672 0.148897177030572 0.00394211372163132
-0.273169034867372 0.356252768761405 -0.0256819805941493 -0.035631185452499
-0.0292338522799727 0.379878242636003 -0.049662478689024 0.146232502514271
0.134098007335248 0.329648837011985 0.109601462355254 0.274826547245565
0.247728045380116 0.23555019643175 0.276065561266268 0.231800318062267
0.233670168602488 0.183895578871003 0.324329074716185 0.16865913255818
0.204415486776736 0.214947205309572 0.29110160588763 0.213411515347325
0.0733001743252474 0.326928639317136 0.195805791731086 0.263675002999944
-0.113951845546499 0.305506254296698 0.0374477051416142 0.27277255675561
-0.274287308021916 0.211894178844637 -0.0948722279077329 0.179743970875445
-0.340310356244125 -0.0718919000382316 -0.16415441039138 0.0556973746725818
-0.192502944017601 -0.368983640083803 -0.0238516710716098 0.0827918926304697
-0.0633487009702101 -0.502940143621575 0.0741185662481362 0.376924829077272
-0.0951958042877884 -0.307611800052905 -0.141176222926659 0.665010701376199
-0.244523314397901 -0.202412070346187 0.236805363137156 0.510877443990679
-0.266128102389983 0.037664881296313 0.1780115870618 0.0698346260785154
-0.110026012947476 0.182946060274079 -0.00514483403920299 0.000973345128345014
-0.0140839063406464 0.180272690039412 -0.044535705081917 0.200837288572229
0.0584774098656973 0.169793252010798 0.146031787889526 0.345259743946026
0.112989009688175 0.136512544142925 0.335680824679436 0.298252328767927
0.0958883572635767 0.107116344994564 0.388839000065896 0.228312194878339
0.0723381058972927 0.119224609309009 0.340900352587614 0.271000373846179
0.0073469509874631 0.157566945136927 0.205387854188269 0.322984062513633
-0.0708376083629387 0.122069154403879 0.0205136122620386 0.302893016147045
-0.101983684495617 0.0625369705153559 -0.0911035959710312 0.170964733083941
-0.124776035277927 -0.0165051606181459 -0.120304406085938 0.0684876441835114
-0.0977359332597979 -0.150762631119146 0.00815409319923961 0.127066148229786
-0.0764449298162574 -0.264742782858344 0.0755132623071105 0.48586340473053
0.061014484752317 -0.00751032579400208 -0.102333864373044 -0.541079993613543
0.0301959121989716 -0.0776804029580752 -0.152585531168145 -0.197215713255659
-0.0709921349263151 -0.0483335987816717 0.0658686734267924 -0.0661000944896518
-0.0780503069748051 0.0611667930134158 0.0989149797206925 -0.134714464102853
0.0117472194209522 0.0629867212268746 0.0168010671836652 -0.297654268182133
0.0446422534456367 0.0178541065442359 -0.190504147895732 -0.372160107589393
0.0566350384461277 -0.0216260084450755 -0.348564956379917 -0.315070632602821
0.0602660614411073 -0.0173738731950828 -0.413041834675234 -0.250255098386332
0.0540856002875514 -0.0101532691945285 -0.374468240875875 -0.288299802336852
0.0270123941302805 0.0155379287226067 -0.201658970002137 -0.338450357412134
-0.00578283449138919 0.0317835389076951 -0.000361699846316593 -0.248634043283464
-0.053792498615626 0.00929950535020188 -0.0310901237168022 -0.0608825586629557
-0.00717822925927981 -0.0788000448110509 -0.164744270404144 -0.136089740105126
0.111727572497025 -0.0360344156513203 -0.20123753246372 -0.507744068260744
0.103001030026325 0.0549523794965551 0.133219585364592 -0.805177906291934
0.0440281865930224 -0.230914092505703 -0.110370402506801 -0.534416786995308
-0.0652035219380266 -0.244237926887774 -0.158050802183525 -0.195348381253305
-0.223426048290649 -0.0762015439063985 0.0400706889785836 -0.084956741149292
-0.201263387302726 0.172105039285831 0.0648302981480692 -0.121408811454457
-0.0229756961445483 0.220822704691636 0.0122913689829194 -0.259714055514772
0.0980001295764146 0.175024139289343 -0.160025192306977 -0.324157053711842
0.187339208498711 0.0957431896512064 -0.296672301142751 -0.285533377754876
0.208368346489093 0.0814970826465388 -0.353831172817844 -0.236532532890823
0.210169933992145 0.111512700053563 -0.324192070136389 -0.267027561209617
0.114773523054861 0.22619374670801 -0.172245001486886 -0.316500226086458
-0.053403460703763 0.256490539209176 0.00221740677816983 -0.228916115415181
-0.253584773431162 0.196561362200236 -0.050682415525999 -0.0574392528488758
-0.285420520325439 -0.124628232137332 -0.202151932437374 -0.154479158773172
-0.0531374664991632 -0.308562642282501 -0.201138065348806 -0.499623556130159
0.0765745172317983 -0.276682949514642 0.124615917500676 -0.749170755783846
0.0140927118882423 -0.431831468535067 -0.130054246924993 -0.450133719452761
-0.178319399200049 -0.386917306845124 -0.142844941510124 -0.152882322623601
-0.374475950091865 -0.0855244703402438 0.032652283011869 -0.102911761580356
-0.305918150612247 0.284428301038333 0.033571361252097 -0.124422802079203
-0.0484283640350392 0.364980340212196 -0.00714623110195664 -0.214132669571658
0.145361831786288 0.313437397123588 -0.125804072859681 -0.24192405563266
0.294381107888586 0.199339072391382 -0.20754405933794 -0.215663665232042
0.324526508358874 0.167371320268124 -0.242108685295179 -0.187864973746926
0.33125048354217 0.216992484524114 -0.222032396067845 -0.200857616291348
0.181079590176631 0.404510399205162 -0.107285542056481 -0.238521176417046
-0.0977715012680757 0.447147531318875 0.0101792897219755 -0.15917154235994
-0.422849835516994 0.358200209524974 -0.0702723423230164 -0.0231984842143766
-0.529124779286002 -0.155734419430848 -0.234016421444165 -0.137151198589995
-0.207626853076997 -0.538064648297466 -0.194057392489758 -0.428442381930028
0.0422229287748043 -0.562017346290386 0.112112637044765 -0.586059815050654
-0.0288387607066872 -0.588257233723071 -0.148081351499763 -0.286231481000407
-0.3094640624324 -0.498093327796517 -0.0945776993559705 -0.0613422277041655
-0.526059293884768 -0.0671830198192327 0.0481236536348745 -0.111206702184534
-0.385204007365614 0.402948072248059 0.00642173461789365 -0.131612776398178
-0.0550037123271984 0.487829504988044 -0.0335602244695989 -0.151261757790425
0.186751848041186 0.419373781519149 -0.0811887888699456 -0.125927922708429
0.367499806117259 0.275367404306274 -0.0882746482431554 -0.113632547666056
0.392675152265705 0.227199891582404 -0.0938752780341414 -0.110401828010079
0.395267179005413 0.286960886276169 -0.0820117596689761 -0.101749000588125
0.213020518425457 0.519375463233876 -0.0185327351649076 -0.116189017052704
-0.127764872919238 0.56919118454443 0.0238728165071228 -0.0459507219299941
-0.525867888997751 0.465144142457172 -0.0864794295708185 0.0380086622402689
-0.683624881494438 -0.159088031731833 -0.250925345599057 -0.0890395493787412
-0.320654310453278 -0.674995176133883 -0.16769600048356 -0.300642968572063
0.00383630657636067 -0.744328388608776 0.099985599375139 -0.343873351084828
-0.0709382355479854 -0.676607615212368 -0.157119632048013 -0.0546129088916574
-0.421531397176974 -0.551791986615744 -0.0098410356086056 0.0761486936596253
-0.634539478273429 -0.0329277322509552 0.0806348736809156 -0.099467952303145
-0.419212232422867 0.485183210932038 -0.0168640171859295 -0.122620658784419
-0.0485770197189663 0.555644543759371 -0.0532321258901946 -0.0593383684053603
0.208535995455918 0.471097306093303 -0.0194157585736235 0.0155815109234207
0.389427477350787 0.311607844334036 0.0481478767400157 0.00696892069353032
0.400051295364299 0.250197277965649 0.0681381315967914 -0.0163214258564131
0.39103430387726 0.309995390270438 0.0696278594690339 0.0127783777245481
0.202487540742441 0.544144591237758 0.0791568197818667 0.0280260532725046
-0.140562245296032 0.584410975466298 0.0406123013464655 0.0873462560676428
-0.52693912341633 0.476354658554949 -0.0941744090758244 0.109820457612535
-0.698974389969141 -0.140628193384134 -0.243039719171183 -0.0237401008903886
-0.354992869763298 -0.685751296283799 -0.123720321165914 -0.146581030160674
-0.0266622998746658 -0.79254943887508 0.0912460604552268 -0.0682120759591315
-0.105433797488918 -0.663896882792384 -0.155252917197636 0.215632540941268
-0.459631677803043 -0.521677786928182 0.0960571901623709 0.239335452673672
-0.637433813551646 0.00187813788276649 0.119311858761241 -0.0624741023240992
-0.384600781606182 0.483670737719341 -0.0320818694975405 -0.0876161860119788
-0.033605543003732 0.526622990833388 -0.0599630170500544 0.0505291483187226
0.19893400170305 0.444968406946461 0.0529126592396314 0.161552712654486
0.35731926196933 0.299989887696952 0.182657417977571 0.129508863153506
0.348500230843301 0.236611056178634 0.219006822746347 0.0802523858087692
0.326608915833815 0.285362964353575 0.206816238101758 0.123788508255371
0.153908167416394 0.476101843657345 0.161632403828009 0.164548565357154
-0.135794673113385 0.489425204115668 0.0508966767006372 0.206419350104724
-0.432496484098014 0.381601412017773 -0.0960754301042199 0.165451568270035
-0.568930406042447 -0.110987673773469 -0.213232491699332 0.0338421767253869
-0.303248005819403 -0.575002191101572 -0.0715086161507561 -0.00693990492813156
-0.0524224791085476 -0.707133397910581 0.0869857966711097 0.188959109807863
-0.115288881150844 -0.538469251161329 -0.147885848926078 0.479497704182101
-0.398170878040668 -0.401343878782666 0.190103655203861 0.398777408129141
-0.506395470326423 0.0249651356412128 0.155361548209002 -0.0014289134270776
-0.273900226392449 0.372380219598724 -0.03001453038523 -0.0404078808951074
-0.0214663841107432 0.393839708127456 -0.056221270688885 0.149023794752948
0.148342910742518 0.34003101216771 0.118223540917556 0.283955593211899
0.263022902331165 0.239208866855064 0.29225165487376 0.234051500988814
0.24469270389952 0.186907962654553 0.338046423190772 0.167346979392578
0.212873821799776 0.219310213421931 0.307709487254295 0.214929010043378
0.0817599228926198 0.336097627286059 0.209890628209323 0.269590180080964
-0.112258873198046 0.317562048823925 0.0457390976132741 0.284348863089886
-0.276369475517316 0.223137591717823 -0.0941505279513736 0.188023243039195
-0.350734216775191 -0.0678786160465333 -0.171012009283692 0.0665628206559461
-0.205496287086096 -0.377831753495952 -0.0244056850524776 0.0879487040995915
-0.0699284697450157 -0.516924295655904 0.0856009617315055 0.384419155002323
-0.103551072860404 -0.316669961625987 -0.143629675977591 0.686034973581177
-0.256940624783998 -0.205997178410754 0.252988392703082 0.5258451221646
-0.274510252903345 0.0454218789505072 0.187926469144595 0.0689159609983953
-0.10966808565595 0.189762085325301 -0.00721173234098533 -0.00241951522967443
-0.00949795730127467 0.186190266625146 -0.0476444540517213 0.205629638561429
0.0656896232389194 0.174844463642508 0.158027794418937 0.355771640662456
0.120695519323903 0.138756711289571 0.354636673131163 0.30234161165278
0.100483014289358 0.109762115872846 0.408443733169029 0.227493293121763
0.074300701852163 0.122918718156736 0.359759411468727 0.272773792107274
0.00899287229724975 0.161904989031951 0.221584109168988 0.330772997455504
-0.0700535387640185 0.12505666926688 0.0285721164183585 0.315260765477177
-0.100071663033232 0.0644477677330348 -0.0904408874279709 0.179121422805777
-0.126227711053419 -0.0123483876547906 -0.125240260536604 0.0773994257205056
-0.104785909156218 -0.152726687858671 0.00945794041423395 0.133997822359593
-0.0836563462901651 -0.270641491409752 0.0895470446569019 0.494400301166361
0.064165533692876 -0.0109795250148113 -0.126765995734246 -0.550467260742042
0.0282259202365281 -0.0848618841669605 -0.164490012555731 -0.195989262097132
-0.077434253378975 -0.0479522880519833 0.0637971540954021 -0.0767186166147923
-0.0791975704964522 0.0700618171327895 0.0907791910767985 -0.145887190927436
0.0139360254014547 0.0665384132325986 -0.00105094995878517 -0.304718793427497
0.0463838481238154 0.0179171556825729 -0.218687513441005 -0.370433309730611
0.0574528812625965 -0.0241116734939875 -0.377238739400672 -0.304366902645487
0.0622603296193013 -0.022016358229443 -0.437488649265234 -0.236087187013338
0.0571292930348533 -0.0140305073208745 -0.399176942657601 -0.278332738852258
0.0301662281893388 0.0166102140841945 -0.224413461846731 -0.339318351825734
-0.00484837168310022 0.0358082487390455 -0.00982453464504827 -0.257030070943309
-0.0570768832170002 0.0133159201528168 -0.0327928309038122 -0.0579222839462824
-0.0126030499289819 -0.0829070747011487 -0.176914067790875 -0.133208827789922
0.116211135931646 -0.0443087067087256 -0.23623092396358 -0.51733153166794
0.109770914716501 0.052029640583254 0.100370595837767 -0.830513123710212
0.0389293411449068 -0.23797325721672 -0.13643526291445 -0.543411575680158
-0.0775600424985725 -0.250980428824449 -0.169624764476335 -0.194303116092929
-0.23217359038798 -0.0698233681172746 0.035221705716919 -0.0964170621349578
-0.199012366254223 0.188818413425022 0.0558996033950131 -0.130759045691502
-0.0133839717002681 0.230592603621922 -0.00524480613031953 -0.265374416233613
0.110179301449157 0.177025683488586 -0.185105652335844 -0.323582557019722
0.198679682889277 0.0904759142747454 -0.321803610155166 -0.276469632663867
0.219904758715382 0.0730954677337721 -0.37659803100496 -0.224874494136176
0.223489853620589 0.103344418621238 -0.346644341412392 -0.258378611079729
0.13198287991017 0.229152239458571 -0.193424902786459 -0.318702978270733
-0.0433497724899871 0.270595224951523 -0.00682273725981913 -0.236436036535451
-0.25248370287201 0.216871512228123 -0.0539202453305428 -0.0549784573312986
-0.301885154110417 -0.117299566633871 -0.215649751088856 -0.14880210278798
-0.0672561050482557 -0.318676823613431 -0.235175280590717 -0.508144486449379
0.069343848173399 -0.286508568459391 0.0948829795313703 -0.773244824398393
0.000391365838755988 -0.441557308986144 -0.155271822865294 -0.457384961924918
-0.200127332936117 -0.394755873999999 -0.152765199681733 -0.152269897703873
-0.386158351346141 -0.0730993194591386 0.025495178669131 -0.114663658608138
-0.300261166787161 0.308664750450298 0.0230136686482267 -0.133087983183931
-0.0325635828462672 0.379811243744049 -0.0249971978351467 -0.219448411988233
0.166469708793097 0.317723707897464 -0.145133554205081 -0.240608474242056
0.315226324682745 0.191762936225159 -0.226055475159592 -0.21001534330168
0.343909031029826 0.156565648568306 -0.259235114072107 -0.180859152766711
0.352712594086153 0.206482186061639 -0.236826179430695 -0.194639192470767
0.208873738840197 0.409421960281414 -0.122455863159242 -0.241728180266504
-0.0794506459670294 0.470816900592508 0.00533225143490827 -0.16438868230735
-0.417764466807309 0.391962383440071 -0.0731665070495406 -0.0194915618372729
-0.553574806670554 -0.13739128151924 -0.248683608047057 -0.127776104338281
-0.237500783132405 -0.550105499754571 -0.223442440359174 -0.434844526534098
0.0222904457906445 -0.578507224390597 0.0901180622593595 -0.607129726135744
-0.0498949840861817 -0.600105949085484 -0.168872009955561 -0.288769054777857
-0.338778164002395 -0.501208692736952 -0.0995521467062753 -0.0606358030109929
-0.539047404700661 -0.0468230041230149 0.0413662616104336 -0.123892868237022
-0.376282672385792 0.432921312599759 -0.00490327208014653 -0.139307767506045
-0.033159684779738 0.504680827059555 -0.0503230354055387 -0.154576092005853
0.215963314559965 0.424921426409048 -0.0925743954821672 -0.123914693117059
0.395171435860673 0.266145296662234 -0.0974028011294848 -0.112118149434242
0.416335590989129 0.214371122629059 -0.10303691936499 -0.109324924247634
0.42002526037375 0.276535448706954 -0.0871483179215357 -0.100479878347436
0.249407607403596 0.526296595838233 -0.0244247671194326 -0.119225401610883
-0.106304788269309 0.596237695269897 0.0251976480582331 -0.0473692221593448
-0.517761602191686 0.505518501919139 -0.0870979493653475 0.044440415694521
-0.71445813722804 -0.134439907511991 -0.26376480898108 -0.0753245172222013
-0.360424783325238 -0.685095056288696 -0.190749925989865 -0.303742755964727
-0.0221501302914767 -0.764265226289722 0.0901705260179671 -0.359473082885469
-0.0985311552648334 -0.688180194738418 -0.170384215992765 -0.0511009509540274
-0.457895259879622 -0.550172507035662 -0.00644229423576657 0.0772005847421952
-0.651026870829216 -0.00555028657268917 0.0755298503138927 -0.113197278229147
-0.40661839036083 0.519754680245776 -0.0288507397456542 -0.129152382475162
-0.021407920728535 0.574006512640604 -0.0676806273490836 -0.0601178641949438
0.241106791672836 0.475563219382568 -0.0212248271485633 0.018996470556497
0.420703474197748 0.302970277569837 0.0503371923206439 0.00499137618233392
0.42507858517533 0.239068883979146 0.0679049848095523 -0.0208491156250798
0.418815804137735 0.299972362393427 0.075208743627282 0.00969152100915139
0.238627792658048 0.552011230587036 0.0834931706883559 0.0246295383301113
-0.117486524298395 0.612206463928487 0.0496848715453648 0.0905134178035641
-0.518493832510801 0.517857284197802 -0.0919601125686824 0.118047698341222
-0.726480422214722 -0.113038176988529 -0.252215806622452 -0.0066311288593647
-0.397434529205563 -0.694506167368746 -0.138533692956232 -0.145357435824795
-0.0582725096101921 -0.812587093533837 0.0939389481813309 -0.0785823503923429
-0.134053895330021 -0.673710030197491 -0.157660951583754 0.226441943668911
-0.499250646569886 -0.518663259878264 0.109386808037846 0.241604734574731
-0.651659369080692 0.030637741993693 0.11836584973565 -0.0752391308851905
-0.37059948283663 0.515140777448437 -0.0422373634071117 -0.0927378094463792
-0.0079359050022542 0.544517637042714 -0.0689890228232572 0.0531245246802776
0.231570996457596 0.448406142314558 0.061556703043451 0.166391011057934
0.385149137473471 0.289480875676668 0.194793143410231 0.123620645452804
0.371620227683368 0.226940926976427 0.228190298180512 0.0713121136049975
0.348571022848512 0.278522736227021 0.221701455287773 0.116998990099532
0.183703932215383 0.48373858799021 0.175716205827062 0.161910442950582
-0.115128223426815 0.511706927357325 0.0659222164516445 0.212685049161045
-0.423391588630988 0.414007216457226 -0.0904985391742713 0.175643497741206
-0.58849552955004 -0.0863151717751783 -0.219487499542888 0.0511681657991987
-0.338818211817431 -0.579761738380677 -0.0757525749682108 -0.00321246873888525
-0.0802748933668309 -0.721503468170223 0.101212722010987 0.184420424967826
-0.14100928155591 -0.54621564952862 -0.139824860498793 0.497108921525659
-0.430584316626496 -0.395869747688319 0.214434735326417 0.402312458155737
-0.517406710669946 0.0499887631797123 0.159836618875162 -0.0117483286231708
-0.263443192646521 0.394269597120736 -0.03677602987514 -0.0440232040262617
-0.00200990506054935 0.405428576918485 -0.0588020375878121 0.153921766335256
0.172820977780213 0.342599675241298 0.136218000043588 0.288050959466959
0.284251353819256 0.231978768915785 0.314331637574616 0.225452225814118
0.260396437048562 0.180878443257731 0.356131203358269 0.153073804188389
0.227166935273118 0.215418781330976 0.329242402436496 0.205651030612969
0.101051341038583 0.34180160946898 0.231987703280196 0.267520626659983
-0.100019059135933 0.33202689556285 0.0650793002513664 0.293196171601436
-0.268771388544288 0.240970552289008 -0.0877541564449053 0.19860911111359
-0.360889696074697 -0.0515476368781467 -0.17517793356 0.0834879550214633
-0.229143634904461 -0.380465528863375 -0.0228029264500113 0.0942501876752834
-0.0926927642170108 -0.525218111813592 0.109148974522955 0.384106682516119
-0.121782182418172 -0.320972932572881 -0.126994803158661 0.710261049548208
-0.275824640483669 -0.199735059747742 0.282732408797616 0.531101808972136
-0.279438858808721 0.0612168459522273 0.198761390699886 0.0609605151438227
-0.101642788851226 0.198227094337512 -0.00979534832967546 -0.00535511424091042
-0.000121471000428808 0.190832715952841 -0.0453798439226002 0.211746400212195
0.078560084219174 0.176116349888187 0.180619276365998 0.358602505578763
0.131632933719817 0.135971727597484 0.382932667400859 0.292472070206943
0.107802538115725 0.108425168203063 0.430990152466431 0.21204626985433
0.0796182007625686 0.12383542499823 0.384615525320383 0.261269158073874
0.0165494977064846 0.164468648224892 0.247878344579678 0.329952167015733
-0.0650196075182979 0.129352905875202 0.0476733370037518 0.325329772848112
-0.0957681662126424 0.0685639778904689 -0.0834395846645556 0.190505168906215
-0.127246725381561 -0.00445885664809365 -0.126392574652756 0.091452533855717
-0.116114511678748 -0.150583216822665 0.0152425683696122 0.140103924507257
-0.0986789810570808 -0.272242115247181 0.118792701242727 0.498287929544502
0.0606270880610837 0.0244042045023938 0.130645316115315 -0.559141036450997
0.0643481279067805 -0.0649031732271231 -0.0648117090145074 -0.249012419910368
-0.0529340140648453 -0.0805122423040023 0.0932851582946742 -0.0446038485093479
-0.107043538508219 0.032261933858739 0.14570118724889 -0.0950763733445519
-0.021846294646588 0.0705090246322263 0.131143941940419 -0.276122517418654
0.0299314128655824 0.0402531977313106 -0.0375708129267695 -0.431787803101717
0.0588594658733313 0.00221850819165152 -0.210278448039784 -0.440732956263068
0.065842154009972 0.00737011776058032 -0.2929589489544 -0.396961165089901
0.0567876743919319 0.0122723199711682 -0.242079972060676 -0.418758781856913
0.0180331179456048 0.0290694663845716 -0.0581185641894905 -0.400102214019325
-0.0228206797564914 0.0316072076441085 0.103334089047665 -0.235969523562252
-0.0597154883455182 -0.0126609431535951 -0.00511748221123931 -0.0639796789330696
0.0228353019794492 -0.0852115190204872 -0.0994683848454366 -0.203071755231743
0.124077838794365 0.00148147910782262 0.0179971267070489 -0.57984048773686
0.0761194231715023 0.0941800867662402 0.482618283938322 -0.698890375157942
0.139778008061683 -0.191240887576333 0.111512704602494 -0.558673469758361
0.0420191355679712 -0.261962330986342 -0.0703337691588833 -0.244333667170298
-0.181959562828739 -0.167699069010614 0.0772527375717032 -0.0709483522123979
-0.263985123803161 0.087245036136289 0.110052801675039 -0.0926459336456164
-0.117115611156459 0.206479243455659 0.117155422445982 -0.241572622485103
0.0205181432918837 0.212490084214516 -0.0247594444213279 -0.37749253223835
0.140070187408776 0.168185217787983 -0.171548000987189 -0.392151399658196
0.169342826435093 0.164226094362266 -0.243386026186249 -0.361778509133114
0.158667882799863 0.189530896092976 -0.204096142088553 -0.37769052165625
0.0233687410296718 0.266548076085574 -0.0414994378613493 -0.366268467926619
-0.158946387802817 0.231720398425764 0.0893505507273949 -0.213773808486637
-0.322490785696475 0.0871784282302939 -0.0346178972231703 -0.0710068993824732
-0.224337417635201 -0.244948755576553 -0.129755084035038 -0.240765943396851
0.0772962853850032 -0.327140613576173 0.0218195175057658 -0.573393949199019
0.188033911988594 -0.228958066902027 0.456588160850266 -0.648945220034609
0.197079376065776 -0.392522773537618 0.0486559550262082 -0.487796473331767
-0.00593279238682767 -0.444873728961723 -0.0724536856881692 -0.193877560130339
-0.319301131841928 -0.237268496288798 0.0790425882568646 -0.0886412752101958
-0.404350106317889 0.150146118083763 0.0837440798041994 -0.106421257278655
-0.199276753334388 0.332150127499456 0.0856357153428241 -0.207166962904626
0.0126794605924323 0.36468611883622 -0.0201573486047215 -0.286748642798317
0.204181784320983 0.311367838085905 -0.111324384163555 -0.291078624834882
0.246893170814518 0.296091860255779 -0.153860706737955 -0.272946706395009
0.231021342012082 0.338448397042016 -0.131435702890482 -0.273596338573875
0.019245568108178 0.464051448756397 -0.0127734594419948 -0.265259803246114
-0.277811383372433 0.398814069861959 0.0632332235818563 -0.141502942028909
-0.545014948802102 0.174168266005097 -0.076124528469497 -0.049248266533983
-0.442905129445667 -0.373706742030969 -0.171851042384483 -0.241055109530635
0.0240851938285609 -0.610027695184331 0.00724306099845975 -0.502549195156471
0.274112567842968 -0.510947351933943 0.378534123078137 -0.500209042602066
0.225006402684144 -0.559042747729354 -0.0447280104140183 -0.340373800671233
-0.0878462736600773 -0.606778592118974 -0.0632779595333729 -0.081920764489232
-0.469027039176726 -0.280723444594113 0.100067009515518 -0.0859620320320351
-0.525376737944989 0.230121221228656 0.0643888277985325 -0.122553153622384
-0.253985100480374 0.444224544488669 0.0381940081550303 -0.1604105827112
0.0125106797980932 0.482055092264086 -0.0215268717282013 -0.159540695457668
0.246467214459379 0.414126988676579 -0.0362688805897738 -0.146927588399927
0.288608595216657 0.381919215398884 -0.0428321869952432 -0.14279927311837
0.264552665830185 0.43076993321054 -0.0361861019602296 -0.124358727760499
0.00607421407247902 0.586229859131203 0.0225558921526465 -0.112562035812448
-0.355503046082326 0.505287061890771 0.0275401361989186 -0.0251681709731341
-0.680264562525081 0.234433251423403 -0.121606332927702 0.00200879619550119
-0.589438540943775 -0.441880195908618 -0.211800943286997 -0.201714537870771
-0.0276282980738211 -0.785043965805077 -0.018249739482578 -0.368753619793719
0.314382900778243 -0.699178055741296 0.265860859834858 -0.276936564411571
0.221666798226914 -0.662963942169068 -0.155798833933192 -0.124324058095417
-0.175742876313968 -0.705224537685091 -0.0371020916480553 0.0881592995521093
-0.588919720345715 -0.292011425300979 0.130258222648102 -0.0579497304455919
-0.590660286218538 0.29455252648551 0.0406793004664513 -0.12308560224484
-0.272007650754394 0.510589317609855 -0.015850009330336 -0.0837003932105763
0.0164674858227405 0.540708742095509 -0.0182310603567896 4.20102609375247E-05
0.25668971164042 0.459094110425758 0.0468255855795296 0.0224191616839201
0.286054320419836 0.409296960386712 0.0735220108460851 0.00933048967324168
0.250631255002296 0.45138793077723 0.0637430091604145 0.0438162194910893
-0.0117082161968474 0.605952073836279 0.0590595896268996 0.0625600692383618
-0.372141463457077 0.512970895279045 -0.0106207146688307 0.109768993148849
-0.685726301517866 0.246888857150216 -0.157896698373782 0.0662574185244879
-0.610479578261389 -0.426908085909744 -0.233254011819256 -0.132486029637193
-0.0580652534701005 -0.805613380860534 -0.0412292885326129 -0.19875691193663
0.304216323963519 -0.755428142659131 0.135931438880701 -0.0227068729529687
0.184399282708551 -0.669287113968179 -0.269022137404898 0.134954085812735
-0.227170144835949 -0.697222759796802 -0.00299526860252183 0.290167926627634
-0.608665225929424 -0.258360659447226 0.153886051582095 -0.00376419996899206
-0.55465043953321 0.304724366508094 0.0136160898586994 -0.0968597223249336
-0.244023375007901 0.488897424600813 -0.0681727969703672 0.0166644701033674
0.0198342863470518 0.509727064272883 -0.0083666355196137 0.169891334368111
0.230992086256015 0.432851500238361 0.126563969344604 0.194287487948198
0.241419380240837 0.373747072161581 0.178426957899816 0.160038101725379
0.197440205416218 0.401640106988183 0.151593206133607 0.202108802286266
-0.0339329441284791 0.520901478413351 0.0852775209724241 0.224833813706981
-0.324933395607866 0.421056351325274 -0.0452328091185904 0.226760764816876
-0.55540222250732 0.193792885803509 -0.177757466131709 0.11898262598426
-0.495339300163104 -0.338508488626644 -0.230066695185899 -0.060586520682017
-0.0568584394519999 -0.673310327463716 -0.053659446482739 -0.0391082360517411
0.241389527109882 -0.68387189235296 0.0181112808380484 0.216820479836322
0.12073098614653 -0.561269827300938 -0.371579101807473 0.390741408294053
-0.219289654294367 -0.559816265663076 0.0226032331280405 0.478907987719747
-0.494987854955989 -0.181333121645594 0.162510323489898 0.0703009879403531
-0.406564565356747 0.241775680399963 -0.00574425906344034 -0.0524712550722431
-0.176539811362538 0.364717038983596 -0.10845691632899 0.112080830653052
0.0137550643695571 0.385588001974849 0.00297655095059413 0.315511112931892
0.164939183712741 0.336021087947168 0.189132040341424 0.339169325100175
0.160422939533165 0.282150956731044 0.258440687083848 0.287527321511309
0.114062263250345 0.292113007759968 0.211351078639077 0.326989343393794
-0.0485962324591401 0.35469150905375 0.0934520823082524 0.341950895941929
-0.231349899679606 0.262197181022509 -0.0755198590673789 0.296758164458323
-0.339066613599889 0.105361185885634 -0.177838198977254 0.140734639025155
-0.303139546586945 -0.203388281329142 -0.202502026194262 -0.005520963737613
-0.0421506428279481 -0.442560953466655 -0.0550724284220789 0.0751161154883285
0.145094368056097 -0.513789520818767 -0.0709519579990764 0.399341018227444
0.0405388752942138 -0.350340711131237 -0.447059481669811 0.59216078049702
-0.164462604438849 -0.312637961653723 0.0268130659555755 0.620907166702556
-0.283837155798177 -0.0674414741325985 0.161389488143257 0.149615859562153
-0.176125075664472 0.133514994799735 -0.00200572071690455 -0.00932826577500848
-0.0800208328035713 0.170564303173383 -0.129832016416836 0.169793069562897
-0.000119244302112882 0.192297215931212 0.00837392997527714 0.402278146218877
0.0671391861469623 0.18160863225442 0.22047975164882 0.430617442933644
0.0513211130370606 0.147639366154172 0.299752563087321 0.371769389698475
0.019754731275374 0.145523303278413 0.238182009202695 0.399452804050231
-0.0521805524912854 0.155957156374448 0.0831273222089936 0.402946066157408
-0.111546188762302 0.0904596404571837 -0.0980008437307872 0.316439850471577
-0.110404518157881 0.0229286809485518 -0.161665934986739 0.135675772557288
-0.111687441772126 -0.054952642174684 -0.161050504266751 0.0283128214775485
-0.0409620818677247 -0.182329041700638 -0.0467312008374388 0.134946271181489
0.0285404407855635 -0.287461946463002 -0.118879285454787 0.504613848113535
0.0620576517234461 0.0201153134253842 0.100029341736067 -0.554907181659693
0.0606876208077163 -0.0705445526958372 -0.0752006478416937 -0.240549519924534
-0.0586343367710249 -0.0784708840876156 0.0891530653096285 -0.0549102250779568
-0.105330240488423 0.0403899700466366 0.134063142950785 -0.105021874435857
-0.0186491456696404 0.0735265271713591 0.110176503392295 -0.277372325462379
0.0310818991101366 0.0404216732451916 -0.0664676378640565 -0.420077542155393
0.0581742552443095 0.000940886655928851 -0.235388387265146 -0.417406331341774
0.0665637729873011 0.00319242166807205 -0.311009790249906 -0.371439534330575
0.0585997395074015 0.00791734700275821 -0.26135531830022 -0.396210871380557
0.0204977650006421 0.02918422282519 -0.0800141255994025 -0.391171622710254
-0.0220901549450599 0.0348194770329772 0.0903538415724162 -0.237982925673865
-0.061664851825981 -0.00872565656618774 -0.00709699581197207 -0.059188950230249
0.0165265267451719 -0.0875405368223081 -0.109947091200698 -0.195429376874845
0.124702277844484 -0.00667187743596083 -0.0184955163225084 -0.571211672222318
0.0806659877846889 0.0891708959732728 0.435941743393151 -0.705851680599451
0.130345801730846 -0.192815815176746 0.0784632955152094 -0.553511070284567
0.0279048219928428 -0.262044187290467 -0.0808685219114718 -0.236538948395008
-0.186074347354555 -0.157134621600418 0.0709883877760588 -0.0811362349248269
-0.255179948499555 0.103075435837645 0.0975964821758599 -0.10106468092809
-0.105154783234698 0.211830828352018 0.0962298604599846 -0.243359272001916
0.0326438483039554 0.210504546184476 -0.0493082404369835 -0.367034244021737
0.148622891926146 0.158806479215069 -0.193001634988845 -0.373027726640311
0.177417968904133 0.1514428528387 -0.258758978614425 -0.339742308051274
0.168347847148649 0.176208642421294 -0.220385977647528 -0.357326269512686
0.0389859629124966 0.26274388373432 -0.0618524247337612 -0.358134414635092
-0.144625973182921 0.240339716529076 0.0782001049611442 -0.214682759978065
-0.313083055927933 0.104286358829512 -0.0379465448970009 -0.0657902064506626
-0.23577003844715 -0.230819125964373 -0.142125330254668 -0.229650361108106
0.0610653305244987 -0.328340622403096 -0.0136121768723616 -0.567958069384732
0.175550456164895 -0.232548403163972 0.412929273236543 -0.658769967101417
0.178030265578876 -0.390532127471686 0.0205768818867057 -0.482069504618946
-0.0288506361793033 -0.43880536234044 -0.0811820781531665 -0.186661091204748
-0.322332299482239 -0.217543536200228 0.0716662555661893 -0.0988922193852252
-0.387607451808155 0.171710853508163 0.0710278387675018 -0.113101339860942
-0.178101648365177 0.339309457998281 0.0642293790555145 -0.209577969745936
0.0347688489420285 0.359869339404246 -0.0408325371456797 -0.27773113009542
0.220855643463176 0.294966710194326 -0.127588472759464 -0.277423608591391
0.261499864054989 0.276273825424387 -0.166852320064977 -0.25813283075851
0.248348159209171 0.318285238945864 -0.142983253184691 -0.259329803059447
0.0471224492083852 0.456606598157609 -0.0283619511444492 -0.260552213607971
-0.252326653717985 0.413145598208333 0.0563369723984421 -0.141997270621438
-0.527012381303244 0.203974646351667 -0.0782641925507624 -0.0421222711693695
-0.457469555915776 -0.345478764724281 -0.184076150591352 -0.226056377128481
-0.00657473685907242 -0.605010570898945 -0.0244043089796728 -0.497598061278485
0.247901032844817 -0.513224750935438 0.347703243631037 -0.51140676238616
0.196448691098935 -0.55365243141771 -0.0657554895609376 -0.334329515059122
-0.115796929820909 -0.592559722215925 -0.0668064385930994 -0.0782410543582199
-0.470771810877646 -0.250909996469039 0.0928077456488692 -0.0972198212934125
-0.500554614996732 0.255819904709311 0.0508533965463705 -0.128167782422631
-0.224847592829143 0.451974085115267 0.0192336461585294 -0.161521578852598
0.0422234436385977 0.474538157872409 -0.0337139199113445 -0.152994695049038
0.268858025582948 0.393601648526734 -0.0447401774301728 -0.141130348854488
0.305847516676054 0.358332811579064 -0.0509592339601353 -0.136807758471365
0.284382034340987 0.407391207438225 -0.0401332112210519 -0.1183202198422
0.0417833652048504 0.578329997876301 0.0158511589334377 -0.112659733072521
-0.322278788269596 0.520977695784852 0.0278607535840186 -0.0258087334984125
-0.655538417824702 0.271677876169324 -0.120957774416198 0.010197368597684
-0.603716749251294 -0.403624202162462 -0.221563963130936 -0.182859618020086
-0.0684839143413343 -0.7732028061569 -0.0421868584333217 -0.364714750255714
0.276515057644054 -0.697017458851433 0.248811493726246 -0.287470088573565
0.187236015983995 -0.657221901857199 -0.164817205815037 -0.116972260022272
-0.208957537138857 -0.684380073078266 -0.032287781107395 0.0872447736048893
-0.587687331696607 -0.253595421190644 0.123924037576868 -0.0706737932251598
-0.561626220479563 0.323702714249072 0.0279952415266951 -0.127285114621359
-0.237380006261363 0.518372370063565 -0.0302578745636068 -0.0841997123685065
0.0501089979975838 0.530468068805205 -0.0212192484516152 0.003087839356445
0.28169496796474 0.435053187581629 0.0473388570384807 0.0202915787781243
0.305380121392144 0.38414865780691 0.071965042914476 0.00471588969732316
0.271294435254475 0.429054026831455 0.0678571655347143 0.040474924719947
0.0239580185415486 0.596031460206702 0.0618844897868294 0.0585896106367217
-0.337144296114998 0.529759467241706 -0.00174841442075025 0.11003341256754
-0.657215720900428 0.281177065138443 -0.153155234633284 0.075849512632792
-0.620956001441456 -0.386482443994162 -0.238945452656895 -0.111552513919023
-0.0970588376941926 -0.792156205917119 -0.0559487371067232 -0.195055621517947
0.263441856362841 -0.752492266882727 0.136523470162496 -0.0324193437691889
0.149132504782264 -0.661510205507185 -0.263318820638601 0.142859979003935
-0.259602761491352 -0.674770838635711 0.0120847033515229 0.284471400007973
-0.606387426919049 -0.220419366088677 0.150899696359525 -0.0162787225816634
-0.525713838943948 0.330460051161491 0.00383750411414126 -0.100096205434076
-0.212609376041459 0.494549048543096 -0.0763505947485329 0.0167516530178818
0.052225773580482 0.500832701107339 -0.000988143614406923 0.169354737248202
0.254248845222949 0.410563704940255 0.136172103703791 0.183804689882659
0.258884054637926 0.353898717971253 0.183850201501949 0.146900886722148
0.215146607641114 0.382244820425956 0.16280635613333 0.190803497999714
-0.00296126404989799 0.511541954567517 0.0978032946594261 0.216504339029666
-0.295797500862757 0.434403390047206 -0.0293898097384063 0.227778523842911
-0.52990623987575 0.221866401341252 -0.169454368946317 0.128717421942178
-0.503041882166368 -0.304496816742137 -0.232070481061045 -0.0393120521238707
-0.0911391157922033 -0.660093926057528 -0.0583104510866333 -0.0356386918472636
0.204243154155221 -0.67920676496616 0.033027459474458 0.206805875950469
0.0913336829454938 -0.553825402158271 -0.350998389339751 0.399467995523533
-0.248132053839368 -0.538108318805339 0.0470545165533779 0.4708062682534
-0.492621293237687 -0.151194167919016 0.164162639273939 0.0580754466590926
-0.38382018224823 0.259829601963073 -0.0106658999466267 -0.0546212219466569
-0.152443633136082 0.368018225575334 -0.109153871796788 0.112842872267124
0.0386610501790406 0.378195190696226 0.019573559284584 0.312123505811648
0.183651517805305 0.318615158434295 0.206370130400398 0.32217092894139
0.172796077789356 0.267541018339146 0.269708896190766 0.266761478881521
0.127015760791954 0.280443496113326 0.228496287524879 0.309237033583775
-0.0281224439101191 0.350111629842366 0.11366844729626 0.33206266463482
-0.211928209177622 0.27033079691053 -0.0546949378021974 0.298943503442181
-0.322132289078445 0.121472639683649 -0.167174027084973 0.150725847339432
-0.305004081744873 -0.180089743220541 -0.201975238817149 0.012610203512992
-0.0653427496390494 -0.431027278131684 -0.0526048187270087 0.0773455135101526
0.115736591177212 -0.506503057686045 -0.0439439681614168 0.389699354754739
0.0198378727278777 -0.344796689888582 -0.414481900858931 0.600681564336951
-0.17953779040071 -0.298729053812122 0.0598073898656488 0.609515507605479
-0.280531725726541 -0.047799648753841 0.169710023740589 0.138386202908983
-0.164006793349411 0.140012556751668 -0.00283334357516838 -0.0125534385799766
-0.0681171725300613 0.171302627975842 -0.12430674489514 0.171327330322978
0.0131959136850199 0.187451631504019 0.0297422728475012 0.395522800593199
0.0771514750053685 0.172464871820254 0.24194840929724 0.409267640000192
0.0585786667041785 0.142180506598838 0.315366671983638 0.346846602784326
0.0251724171091864 0.141916179249033 0.258564423168951 0.37751192596936
-0.0439423814983333 0.154641757724816 0.10823968408255 0.392506835693638
-0.102621809054725 0.0923072050386969 -0.0757117848334021 0.318561337384824
-0.102059052692983 0.0273716589624189 -0.15036028746029 0.144867922696357
-0.109803232062036 -0.0442523189205067 -0.159159982989017 0.0429805582715508
-0.0514643512231981 -0.174720925605492 -0.0402765080541956 0.136381420202501
0.0118324934795545 -0.281522608943942 -0.0864314501136528 0.496857910882649
0.0618024223727487 0.0174048374058436 0.0781190436266032 -0.541176897215315
0.0564953792006491 -0.0743797065628374 -0.0804625926178436 -0.230996437832399
-0.0628451343026229 -0.076088060702246 0.0845194919345399 -0.0627817546311129
-0.103223630305181 0.0467982088481407 0.121873467571481 -0.110583530432498
-0.016137178786428 0.0751542904974943 0.0937484820779134 -0.273285365800801
0.0312099061472086 0.041095851722042 -0.0852792297199752 -0.404159232215661
0.0580078344174604 0.000351702021332147 -0.248144548896739 -0.395052158071244
0.0662672155478249 0.000165207173719326 -0.316055100793956 -0.347067006695806
0.0579799187370807 0.0047118313492713 -0.267675539575083 -0.373865836654065
0.0217514240742743 0.029172778271247 -0.0927591133175689 -0.378558596637718
-0.0215212527662277 0.0372438986414337 0.08027946181685 -0.235103573063246
-0.0628875576604388 -0.00532940692316139 -0.00784339032678156 -0.0539252937996404
0.0110737811428257 -0.0880206012870095 -0.115802914496835 -0.187722058032267
0.123769790360332 -0.0123451530504734 -0.0438274683090175 -0.556962127182458
0.0829705757505111 0.0848624828646214 0.400283495737588 -0.696648344147333
0.122602909331811 -0.189451852019838 0.0562857319394187 -0.540782111829685
0.0186815653797943 -0.258800932691269 -0.0872363432802 -0.22712083152213
-0.18678982582522 -0.148001911355284 0.0645090338442883 -0.08865572398788
-0.243547534178733 0.112596299470933 0.0857349801760377 -0.105182801837657
-0.0939103912212795 0.212798069894044 0.0791859177106964 -0.240047955676661
0.0407850093497993 0.205957800563715 -0.0670422414507458 -0.351723119634095
0.152779691413375 0.14929537370768 -0.204596996617252 -0.352928902337007
0.179839842356612 0.140193833263224 -0.264386898620655 -0.318119253508392
0.17192254951233 0.164233930075495 -0.226697895471553 -0.337163244962738
0.0503630127307754 0.255595013906956 -0.074958079209002 -0.34660876311512
-0.132437272273706 0.243818093027523 0.0691859721521574 -0.212462593501205
-0.301643604714996 0.115335930033686 -0.0399849949393532 -0.0599534235317168
-0.239484282357011 -0.218577903755637 -0.148614724785117 -0.218506867716241
0.0494209880532215 -0.324509679824757 -0.0400667099709239 -0.553163276808218
0.165419029064108 -0.230523640658143 0.379470046276197 -0.651076347288858
0.16300832069971 -0.381712908435166 0.000360327989485532 -0.469268413134387
-0.0424041692171313 -0.428372715024587 -0.0857000574810488 -0.17975406687297
-0.317840721344865 -0.201164280603032 0.0640136026985395 -0.106256335435927
-0.368889859013565 0.184079448578688 0.0591376350468755 -0.115529684108216
-0.159456831879615 0.339755761430913 0.0477093514726827 -0.206249378719739
0.0494191084415183 0.351067759520584 -0.0543882504423684 -0.266084831553804
0.22875049052464 0.278210081887038 -0.135753257637561 -0.263133362899499
0.267172716898899 0.258694831672372 -0.172205669687446 -0.242801632256202
0.254744624645933 0.298493304955933 -0.146020257039357 -0.244684848613758
0.0662553081942159 0.445344815501387 -0.0382726394858386 -0.253589392363467
-0.230089925140637 0.416498398750746 0.0505702800046423 -0.140244943706916
-0.503962094363464 0.219551629206982 -0.0787324004038184 -0.035381051575252
-0.459242157383062 -0.321505900797157 -0.189591737536888 -0.211843861985173
-0.0260224777199545 -0.591458082008702 -0.0480421239511799 -0.485785283763087
0.226244515340855 -0.50602645205047 0.320215231838968 -0.509471143491444
0.176608037521734 -0.539332945137558 -0.0793682371974388 -0.323801009282371
-0.133689504256943 -0.572708618646586 -0.0682141606429821 -0.074825945618084
-0.461265339243363 -0.22992500241801 0.0849024889213491 -0.105413651817958
-0.474578479005541 0.269888838518312 0.0391567235402416 -0.130325161101001
-0.200678607369459 0.451709904665224 0.00329340725934124 -0.159230413384458
0.0622994829186795 0.462031159102085 -0.0420841715697542 -0.144831785297404
0.280112453304719 0.370233068119277 -0.0493045908438504 -0.133934745998263
0.313076401130508 0.336260109211597 -0.054799075132606 -0.130348591517946
0.293713002992099 0.385227792092427 -0.0407635782420609 -0.112289297633717
0.0651122434527137 0.563685414001134 0.0108041392137595 -0.110292277475786
-0.292570748707474 0.524037208248636 0.0274103488578005 -0.025262042066748
-0.62748691666564 0.288325197414129 -0.118881571280322 0.0170866261433151
-0.603090399073391 -0.371002269670609 -0.224796384485146 -0.166283584191324
-0.0920539111880637 -0.753847400516922 -0.0606560805323836 -0.353923509228958
0.250331123654482 -0.685204952066199 0.234412797799938 -0.290466194718308
0.165145332486357 -0.639399526495882 -0.170139118324665 -0.109966042065197
-0.227279513513337 -0.661911986394002 -0.0295280267117406 0.0854464857971072
-0.575770356984115 -0.227353349612967 0.116435454943238 -0.0792945428428233
-0.530229246367987 0.337796533822265 0.017657188864414 -0.128847063279292
-0.210764574148665 0.515436107251272 -0.0432263197504425 -0.0827157686312379
0.0721030238477514 0.514977816972205 -0.0236193267830138 0.00684311313393547
0.2949775090451 0.410220826491454 0.0472908086392041 0.0184104950743523
0.312502863295273 0.361623515477359 0.0700671675527737 0.00193195073874505
0.282133063009124 0.405627250579765 0.07082433096453 0.0377828860904779
0.0488247706717936 0.582205198057635 0.0630187268166002 0.0547508497673607
-0.308133472266833 0.531514959758958 0.00459246366871876 0.108743332416969
-0.626116640197437 0.299885995997034 -0.14859853853038 0.0817588132244255
-0.619811192841195 -0.353275099868513 -0.239157784606604 -0.0941623228481702
-0.122034229921088 -0.769546579831066 -0.0670052318434263 -0.188851919705408
0.233310047638581 -0.737956104292159 0.134505403399182 -0.0408291560007964
0.126470941223142 -0.643080103786036 -0.257925020349477 0.145899153027937
-0.277342906751655 -0.648486550495743 0.0204955288985629 0.276064452745925
-0.594210036886143 -0.19227290942853 0.146283164800771 -0.0257549960271093
-0.496531818279584 0.341097280565482 -0.00333782607750037 -0.101841486645127
-0.186362335905318 0.490384451431105 -0.084208163892777 0.016909534737374
0.0735488534334932 0.483950712729385 0.0032924753772166 0.167785863145685
0.26728730485945 0.387401174601692 0.140746833274999 0.173782803067371
0.265424375315999 0.33308009824491 0.184070898059921 0.134422260638376
0.223529104070303 0.364546021718524 0.169375513783711 0.179915916151284
0.0185933309746585 0.499977545410931 0.105263255078914 0.207113998786754
-0.26956338231199 0.436690815653132 -0.0171878298535564 0.224661605684822
-0.502917084825353 0.236429563961132 -0.161001448567307 0.134932942518057
-0.499380291553522 -0.276421003782421 -0.229343565198103 -0.0219293756178899
-0.110759498820145 -0.639649048187854 -0.0621095076993744 -0.0329770576325856
0.17758538251393 -0.664186496555238 0.0432777265512697 0.194257490243542
0.0719699393306154 -0.538026084286832 -0.33364476009726 0.396963620377571
-0.261155770695329 -0.515323459817231 0.0623279795903457 0.456867008585613
-0.481434749654616 -0.12681378314129 0.163376726482494 0.0484415808432095
-0.360934685616322 0.268294528081241 -0.0147663890419976 -0.056789096512055
-0.133138075423854 0.363925108828109 -0.110953703672993 0.111848142993412
0.0551426984063553 0.364835408138233 0.0299114497939085 0.304613379588501
0.192446346045641 0.299469217368182 0.214857836676833 0.30492690710765
0.178034564005787 0.252817678141145 0.271994280734771 0.248541194038437
0.13258452653922 0.268902648236383 0.238232962724116 0.29261513130732
-0.0133965490844562 0.341527581770979 0.126035239114602 0.318924517773184
-0.193795957993079 0.271426648380859 -0.0386388984289918 0.294832369932983
-0.303140585017698 0.128569543014836 -0.157320114668232 0.156074453826322
-0.300627906015521 -0.161587871664322 -0.198383972551053 0.027370981013923
-0.079408412313604 -0.41545725090207 -0.0508588639998199 0.0780000718857213
0.0957678806153212 -0.493974530740747 -0.0250259261104159 0.374453854124755
0.00702078892067622 -0.334139559033806 -0.387962557380288 0.595482582815854
-0.186521682953605 -0.284001956487307 0.0802076605527677 0.592889165183163
-0.272841777307473 -0.0341322874989335 0.172703247625898 0.128788484247698
-0.152886556096021 0.140941104290111 -0.00374463688364335 -0.0151372578499021
-0.0587793234219553 0.168654546019392 -0.121525880815192 0.169286970612671
0.0214254059875593 0.180640361278868 0.0443465195381551 0.385948011148187
0.0814785996690061 0.162685626469014 0.253337186121825 0.388088312477057
0.0612805589559339 0.135703850079148 0.319252579425188 0.32388776146288
0.0279709824290621 0.138139375774767 0.26762120363511 0.356937091624631
-0.0377001392076351 0.15119501734016 0.123654310321703 0.377257173616116
-0.0944828605041787 0.0918606335347875 -0.0578722534047011 0.314989567933756
-0.0928656361438751 0.0284123797822299 -0.139809758689264 0.149163861931614
-0.105044210977978 -0.0346676244212986 -0.155051986005621 0.0541065942987887
-0.0570161722861556 -0.165822333081822 -0.0356756196090032 0.135501517286337
0.000719271870606376 -0.271875660710327 -0.0616558642418684 0.479213031436153
0.0619423992587832 0.015280653680955 0.0638104437318021 -0.531311706814998
0.0536787439836594 -0.0774043039248572 -0.0823052013874356 -0.222407957699386
-0.0661227110938666 -0.0740520825363813 0.0803195525042326 -0.0694222356098496
-0.101450674570253 0.050833624448752 0.11129647855766 -0.114107473960834
-0.0142584135603012 0.076844444333444 0.0807708481038535 -0.268554272935725
0.0323276378283509 0.0426548508148267 -0.0979909903265786 -0.389645979647345
0.0583671955168278 0.000696846854892737 -0.254635947917078 -0.375575174756459
0.0661632910239914 -0.00187458277115118 -0.317148451345247 -0.328382493152868
0.0576777011896581 0.0020998075111815 -0.271336353285824 -0.356670354844911
0.0231995569879976 0.0294765013323075 -0.100338237976338 -0.367959628921747
-0.0211060795545892 0.0401246019471108 0.0750656733806484 -0.231856487528371
-0.0639210646833036 -0.00291200169040689 -0.00752794299697633 -0.049590468563149
0.00737604599420006 -0.0885015383823243 -0.119174466580819 -0.18194648560951
0.123028018919752 -0.0172311834606742 -0.0598498197424885 -0.544472714755935
0.0841904759635477 0.0818603637353002 0.376383328953343 -0.684064933241596
0.118756975270758 -0.185920702631019 0.0403402465743728 -0.528994357073948
0.0131789970316065 -0.256061075703186 -0.0899220059287299 -0.219246529754198
-0.186155650910194 -0.142193534227267 0.0593530624670502 -0.0946601632882923
-0.235024552855219 0.11856574441589 0.0755733966300798 -0.10737178584377
-0.0857593590158169 0.214239894273262 0.0660220949431765 -0.23585168356298
0.0465165059379136 0.202728121313778 -0.0780197520677742 -0.339301251026421
0.155628826258949 0.142417468289818 -0.210547665475185 -0.337266423940961
0.18102764884853 0.131301742396121 -0.265987517428837 -0.302770992796066
0.172916149761089 0.154953995408806 -0.228101214728825 -0.322600796445076
0.0580320643313243 0.251306284740786 -0.082529864080377 -0.33776993123168
-0.123268413575031 0.245993026567482 0.0634631162157302 -0.209823594030301
-0.293634445651517 0.121879215340539 -0.0406190285544617 -0.0548098811014981
-0.240883304986808 -0.209698490229373 -0.152869635728092 -0.210839327628319
0.0432073002141653 -0.321206065059997 -0.0552629449767479 -0.541888167093848
0.159052189640197 -0.22692013014323 0.359183596322546 -0.64280249280318
0.156852608895124 -0.372080118822192 -0.0138811241830986 -0.458585625768131
-0.0492229384222964 -0.419532938525667 -0.0884719908163205 -0.173668286062874
-0.311695735658305 -0.192130463826562 0.0577561536035213 -0.112751433837316
-0.353813687216406 0.190543752069766 0.0490768267921607 -0.117348189137053
-0.145972472638588 0.339207595582162 0.034074052074118 -0.202276125807178
0.0596094592397743 0.343795528930072 -0.0632091286789952 -0.25515130510562
0.233520851289954 0.265295686951091 -0.140578107030539 -0.252078163150583
0.269398396217968 0.244829134193827 -0.173345935700408 -0.232093760688013
0.257889836948021 0.28510442078292 -0.146513613848847 -0.234936764833598
0.0787906255957047 0.435573700534716 -0.0444921759597767 -0.246942720380585
-0.214211897804956 0.417920461897024 0.0470486954721269 -0.138205515542675
-0.489253995087778 0.228140608221605 -0.0793374531007112 -0.0298255164413496
-0.458110136895311 -0.304593209538258 -0.19260476626648 -0.201925561509876
-0.0374583555382075 -0.58128226284238 -0.0634822073674695 -0.474138707482289
0.214304733470729 -0.496203101368755 0.305294718911684 -0.50495769631499
0.168077439561702 -0.526879320331805 -0.08940183179287 -0.314195966809997
-0.14249791674954 -0.558809247563774 -0.0692821441745895 -0.0715780873484784
-0.451448246612386 -0.215256151254847 0.0779523644649774 -0.111972724125446
-0.453842957581116 0.275657022458295 0.029337340043651 -0.131626424988018
-0.183141566709884 0.448448756934226 -0.00961425519350293 -0.155233879411034
0.0749824917824642 0.452003565818238 -0.048084893108204 -0.136655972421907
0.286180336445447 0.352979682409227 -0.0517221675448058 -0.128517004438438
0.316225494655599 0.320908525987199 -0.056086889408109 -0.125237709058098
0.29782129852505 0.367118044877566 -0.0396951885689013 -0.10779292366283
0.0815089431119142 0.552148049074535 0.0073423238886456 -0.107932255382953
-0.273666379949234 0.524517293042425 0.0275783059591352 -0.0245695222446477
-0.60526073545316 0.299235146180915 -0.117807374259459 0.0223988098714775
-0.600001262541478 -0.350661070941843 -0.225744723279726 -0.153969413850167
-0.105805784075052 -0.738702700003582 -0.0736408880939633 -0.346243001598029
0.233458453765837 -0.673354527828468 0.224910386060365 -0.291814994451938
0.153026290153897 -0.621938097044252 -0.17483251075341 -0.105074907417627
-0.236049566981729 -0.640948161992402 -0.0283848958702492 0.0847204232265084
-0.563915734201015 -0.210656201952815 0.111168470171813 -0.086474561737567
-0.505477239322771 0.342147207158992 0.00972636931189319 -0.130470336713352
-0.192522650857481 0.510759614156627 -0.0552969184105049 -0.0802043603301515
0.0872652024571825 0.501147661546625 -0.0253305561017119 0.0109936297406558
0.300144426218303 0.391295238355296 0.0477601862563762 0.0177734501574985
0.315476858888702 0.345029707512118 0.0684737021396678 0.000584049380489903
0.28537183771325 0.38962852088108 0.073869808637894 0.0354940625062866
0.0652315686336942 0.568870013397262 0.0631907571138091 0.0522678686839406
-0.287355265443959 0.531562565342257 0.00945698284000478 0.107320825063301
-0.602910323707032 0.307710083662479 -0.144619428448956 0.0872392065025995
-0.61342386626436 -0.331365102191213 -0.238171943162467 -0.0813060312270953
-0.136751354476679 -0.75192410395858 -0.0747269591608692 -0.183710213109718
0.216405101999491 -0.722685760350285 0.132575842492481 -0.0478376841676698
0.114352899336433 -0.627032944648601 -0.256489822463543 0.146157622172513
-0.286844848131402 -0.627302342492316 0.0257191668422355 0.270796883387907
-0.579948748894528 -0.174611461231943 0.142062511470361 -0.0335731605990127
-0.473535993237874 0.346749381985439 -0.00976358460017194 -0.102916027985251
-0.167617639441519 0.486226818143441 -0.0924386677442819 0.0178448345212984
0.0867079801291891 0.471090706381504 0.00583595268567442 0.167896992328424
0.271335460018787 0.367840056019995 0.143378239758818 0.166486322438379
0.268727080747152 0.318427185265454 0.18270385276777 0.127686483838319
0.228199590362742 0.350836224242402 0.173025429299813 0.171800295679921
0.031865157111191 0.489475276620203 0.109563420191229 0.200560353308923
-0.251442539791118 0.435989490145025 -0.0087213006292221 0.222078616347582
-0.481260893141425 0.242461570075936 -0.155653234000768 0.138554541476797
-0.491957287588023 -0.257260336006142 -0.226778332032906 -0.0101424159002263
-0.121965316305514 -0.624651348728785 -0.0657790212608595 -0.0302559682360393
0.16193448176344 -0.649701258632847 0.0492964117366429 0.182760739921169
0.0606331073988062 -0.524400286021232 -0.324312154708339 0.393508184697872
-0.268551898049777 -0.498255519288556 0.0704440422349574 0.446702459348176
-0.470686266962802 -0.112797445814995 0.16254484146003 0.0412316475457188
-0.344308255899917 0.269625473095891 -0.0180871713728811 -0.0590410747359623
-0.119107270235245 0.359296419600646 -0.115102253386093 0.110650122429398
0.0658859541662519 0.354152229882539 0.036050608472704 0.299629113893106
0.196852955667708 0.284745373976248 0.219305503593801 0.292208578485367
0.180776197260863 0.241954839204953 0.271129309628538 0.234381300111433
0.135988461291295 0.260090386829018 0.243024514633185 0.27865775550179
-0.00403291523262389 0.334743532618781 0.133927042870435 0.308926215580919
-0.180350827212201 0.269991905258673 -0.0268135945478452 0.291100272178267
-0.288443937344933 0.131019814821522 -0.149518072296433 0.159166835553613
-0.293716200770327 -0.147803198851636 -0.195344883005541 0.0387026800282171
-0.087031213611119 -0.404481412801156 -0.0506214144482072 0.0781998157275225
0.0831018182324601 -0.481155915507912 -0.0126524350755087 0.359636112379403
-0.000392270709542813 -0.324745847151718 -0.373476473563438 0.589383414232601
-0.1905674034131 -0.272476502696917 0.092476086072601 0.580145651453135
-0.264537810418347 -0.0254431044260926 0.17501950755018 0.121579975920069
-0.144495847697349 0.139961220810445 -0.00472981220779159 -0.0191514891744694
-0.0519706337996299 0.165595199448305 -0.120985160808342 0.167270086338816
0.027101407448518 0.17453041496373 0.0527875888072672 0.377018818578493
0.0836300210331008 0.154559370400086 0.259208316724332 0.372150379667573
0.0629860173098619 0.13143872474864 0.319602933509805 0.306700803627259
0.0293348620779381 0.135338361372929 0.273220613446466 0.341894883181731
-0.0342053973787086 0.14769031518308 0.134069152357148 0.36574062013877
-0.0886383647114141 0.0898410794926487 -0.0448682037610875 0.311452343478879
-0.08531408377684 0.0275620333800819 -0.131622379489194 0.151978376477369
-0.0992944106378862 -0.0282667349079031 -0.151859812839514 0.062918052193413
-0.0603157475327998 -0.158958409741466 -0.0333394394851718 0.134370344420159
-0.00682165378718202 -0.264014077021522 -0.0467107367437231 0.464093919285137
0.0622718514668373 0.0141265535039066 0.0510776656023137 -0.520998300626901
0.0508915711621609 -0.0800552530787941 -0.084099219811008 -0.21651368488418
-0.0698511505504681 -0.0721755305844295 0.0759286884823185 -0.0758843259538502
-0.100335443415942 0.0558928048541123 0.101386839921283 -0.11687130390798
-0.0113847534300206 0.0791358346332666 0.0709795174451838 -0.265513291208452
0.0336691404206956 0.0446299521183251 -0.109948736764017 -0.379202378752752
0.0596889521454866 -0.000216874787428965 -0.262424297457124 -0.363465746349208
0.0664479620561433 -0.00353783792768201 -0.317749449193236 -0.313964351754539
0.0572162363735639 0.000645049549800795 -0.272193988357835 -0.345179483098007
0.0244787105140314 0.0297238048669317 -0.108269038942426 -0.361538406722511
-0.020252242569079 0.0430490341723051 0.0716770329689695 -0.230845600110176
-0.0652984419005847 2.3595418210294E-06 -0.00681786641738305 -0.0458850883101865
0.00261626990637288 -0.0896068173751979 -0.123601864402137 -0.178141458123645
0.122847562289138 -0.0213808513172037 -0.0737646720658759 -0.534559119915562
0.0860215378150655 0.0794513815511616 0.357727206313303 -0.67781306583584
0.116900205093874 -0.183216216365772 0.026873153508604 -0.517551976778494
0.00760182748862212 -0.254875541866721 -0.0919065614512734 -0.213758931387979
-0.186545359234712 -0.137877784841125 0.0535796630861131 -0.101333235158214
-0.228380640943574 0.124294370425168 0.0662166922343413 -0.109327207028297
-0.0782902575420496 0.215812407567981 0.0547156634076672 -0.232704643151122
0.0525092101496872 0.202081312950145 -0.0880874600048903 -0.329795748341362
0.158869056968172 0.136291891692122 -0.216234072943124 -0.32641903045043
0.183726258725729 0.124921355778227 -0.266906139721361 -0.291642998458388
0.175430442303768 0.148714862633749 -0.230221561888594 -0.311629093674941
0.0647148649189165 0.247863411746746 -0.0906104476170656 -0.331287161574191
-0.115898938053421 0.249604785635127 0.0593039373998588 -0.208713429659964
-0.288566689158887 0.128642097086668 -0.0413679739565687 -0.0501358252400852
-0.243913449153922 -0.203354114625648 -0.157420122419086 -0.205840261462026
0.0370902135276281 -0.320522898173935 -0.0714527442033461 -0.532828991317303
0.155170275555946 -0.225096670691197 0.34136165706853 -0.638047257213022
0.153153316147606 -0.365850164615457 -0.026787591177171 -0.448984928678326
-0.0569899270331111 -0.413894489639478 -0.0904969956930298 -0.168323819463561
-0.309351335402073 -0.184124528527084 0.0514636083755547 -0.119650242770202
-0.342712452608921 0.197776937944391 0.0393737761493735 -0.118328507006057
-0.135575843191668 0.33995943615176 0.0212051171544436 -0.198885986055001
0.068895328700628 0.339968144477751 -0.0709249403499278 -0.246286371499592
0.239181250182757 0.254751000945517 -0.145222905773193 -0.2435679380057
0.273009526583029 0.234849684708724 -0.175388500432182 -0.223450017766398
0.262750378244809 0.27390049492958 -0.147225837376587 -0.227804540805397
0.0897122690442087 0.429548287076722 -0.0502710659307933 -0.242143360804588
-0.20075205077506 0.420225672165341 0.0443784257373906 -0.136967358333529
-0.475815448167288 0.238540689586919 -0.0803193579869053 -0.0244491025718429
-0.460369111376112 -0.292758538196587 -0.197646420654195 -0.194051166874554
-0.047937732862281 -0.575681250768607 -0.0780916696542717 -0.467637586997662
0.20372789749209 -0.489558583354725 0.292322169375052 -0.502673556642068
0.161535403526465 -0.518283499686597 -0.0992831340019884 -0.30719357101667
-0.149757675146211 -0.54865132169224 -0.0707693511495745 -0.0682355564368907
-0.446505950785164 -0.205401529895827 0.0721270271264229 -0.119675749985122
-0.438640209906647 0.280609695862119 0.0201286722008522 -0.132503937794041
-0.16820877728715 0.448160808280555 -0.0228544974356061 -0.15186819274048
0.0870591620360607 0.444533732736709 -0.0523826044466119 -0.129637325896001
0.290966253860921 0.340385122936317 -0.0535859888086958 -0.125216094496077
0.318949539581122 0.307437163463547 -0.057739799210314 -0.121747648035406
0.302997869718603 0.355712907030204 -0.0380645410970668 -0.10642516650282
0.0955572040664903 0.544007257302114 0.0038440361226697 -0.106065476632056
-0.25821449248232 0.5276786869738 0.027875674128269 -0.0240823650712641
-0.587952005191213 0.309842332676123 -0.117267589344356 0.0286742037848494
-0.597610353569305 -0.332290542564561 -0.228650725295274 -0.144232025978442
-0.118124387090277 -0.729183284341054 -0.0847971798500555 -0.341478290414213
0.222013033662584 -0.661955636315415 0.216649656257732 -0.295868717907258
0.144538892863105 -0.610960892258194 -0.180592872020657 -0.100124314077239
-0.246615540624099 -0.628038578975305 -0.0269870918812731 0.0857739092538899
-0.555460198351784 -0.198128813772551 0.105965943523732 -0.0937405723556151
-0.487292920034715 0.347940366732716 0.0010581143540916 -0.132106080079849
-0.175381544298629 0.509064708219466 -0.0672312861899688 -0.0770258790251152
0.100465050932973 0.49271132146567 -0.0264068137516988 0.0161964991833629
0.30499613306359 0.37561846946163 0.048531665938898 0.0164553890515731
0.320258345861125 0.331486166131291 0.0667578597293017 -0.000431367573326032
0.29223950832283 0.378358394849276 0.0775601509285386 0.032650222388263
0.0790553261875535 0.561677750657431 0.0633245231500039 0.051173397319131
-0.268839238536303 0.535836005979177 0.0127790236249901 0.10701026707153
-0.584859939644298 0.315707331459532 -0.142482157777025 0.0928457129060235
-0.60963157896107 -0.313000391744463 -0.239264943203143 -0.0690727400631933
-0.148070989710544 -0.740906535812575 -0.0837412747560206 -0.17915188509247
0.201513305614585 -0.711674470542559 0.131567231591896 -0.0549654710158418
0.105634953500668 -0.615947883597995 -0.256642331691136 0.147954177672076
-0.295271540541863 -0.612318566980995 0.0303549358526241 0.268116531146498
-0.57127310263438 -0.162851393434454 0.139745061701748 -0.040788848023517
-0.456705748983477 0.351731888837663 -0.0160866979036991 -0.105486742921693
-0.152381510045262 0.483892973915624 -0.101534729075349 0.019889171447642
0.0995989086608991 0.460960970732672 0.00888475960639295 0.169002987314727
0.27862436228651 0.353410270988762 0.1468246436436 0.15956945467271
0.273836257508781 0.306118678524298 0.181736272739911 0.121234761092752
0.232417570596893 0.341261203804224 0.178275528141663 0.164156838099706
0.045088903393693 0.482598755951757 0.113913657878248 0.196446828543122
-0.236156273180962 0.437458251044063 -0.000997848925956211 0.220245257911064
-0.465073918598599 0.247151338613338 -0.150621601670823 0.144119046842771
-0.486510351024955 -0.242178594153217 -0.225645538332313 0.00223347577062945
-0.133235653861325 -0.613516493909354 -0.0700089383589417 -0.0280613855980552
0.149496090727861 -0.638423575977055 0.0538281732421199 0.172335792718734
0.0523318212647091 -0.514637649440957 -0.318774950744924 0.39260882525676
-0.274661956048249 -0.485219160289862 0.0779197006147111 0.44265345389099
-0.462524051650921 -0.10224700565566 0.163030656820283 0.0338012081871102
-0.330537432900638 0.272060628182283 -0.0215883151767529 -0.0626127932920787
-0.107192840241629 0.35712522331268 -0.119980739070294 0.111710578052735
0.0751334989123938 0.344828946577565 0.0427800987820835 0.297448325224669
0.2008408266571 0.273498870299334 0.224893721379181 0.28291662224331
0.183667935021006 0.234194639322934 0.271900307139255 0.224918368708964
0.139885996012093 0.253687266301601 0.248463284893218 0.268358055730755
0.00287087557772363 0.33071142594309 0.141460603675426 0.301262546680953
-0.170038432620553 0.26919926296073 -0.0168884590649636 0.289075500188862
-0.276448735694387 0.133966998802743 -0.143907574883624 0.163645471844016
-0.288521410400172 -0.136617792846869 -0.193236970059948 0.0492939722251814
-0.0935959657921334 -0.394456035482266 -0.0512244246335149 0.0789053124087439
0.0728340769805653 -0.471848553796119 -0.00311265512622645 0.34720081515138
-0.00641543545485324 -0.318715518796098 -0.362371773652527 0.584656979833367
-0.193834512952299 -0.264510374677035 0.105406203032446 0.572821547135741
-0.258512587690798 -0.0192341581923394 0.178569541477982 0.114546979712677
-0.138195959448372 0.139539970803835 -0.00635926196977612 -0.0232316368338116
-0.0470511795997348 0.163265384587023 -0.12203275075692 0.166502757427836
0.0319693970848824 0.169634416997818 0.062188648172617 0.37303440585684
0.0856791375760879 0.14879378466597 0.265099710531602 0.358894704639163
0.0643870703052297 0.128251879714108 0.321079973675913 0.294320768613655
0.0307102309950726 0.13322413816763 0.278375220039375 0.330436319518522
-0.0307768476608485 0.146382913087121 0.145564648421524 0.357415908217383
-0.0834831552519998 0.0869410060636877 -0.0336266507716443 0.309415248992271
-0.0787053015855546 0.0256140781659979 -0.124381067117848 0.155001860338424
-0.0934424393924078 -0.0224025669435147 -0.148969393890396 0.0720450258884296
-0.0635504808095511 -0.152730155238121 -0.0322596520245853 0.134055303808551
-0.0124502874785702 -0.257996669636668 -0.0337432296733673 0.451357457938785
0.0627458445587662 0.0312384865931764 0.145024380299347 -0.4951639318566
0.0661041181396871 -0.0685323347297175 -0.0388751710877391 -0.221626701009037
-0.0560450888314375 -0.0801460308465965 0.0888148577856849 -0.0671498678368473
-0.105496029494727 0.0396848783890821 0.113723811583632 -0.098944697295867
-0.0254542972257711 0.0803888003060409 0.113520503036942 -0.245670018717091
0.0257187600105276 0.0548508401030086 -0.0388808066766603 -0.387156434133035
0.0573925960534594 0.0132845811516635 -0.186868812686894 -0.403584548289985
0.0674956801941611 0.0100754950665604 -0.243269285607389 -0.363005446619949
0.0565970141785271 0.013427079422677 -0.195559739596201 -0.384962693828648
0.0177357213772376 0.0359256035980832 -0.030729726134994 -0.367470102829916
-0.0295088235146463 0.0402902702580525 0.114998092709502 -0.207834623367992
-0.065383155887476 -0.0125629389736413 0.00128684637619467 -0.0427032252374221
0.0196323365339071 -0.0890317538929595 -0.0892672654786249 -0.20225986236804
0.121229084531964 0.00135838250016239 0.0285747252771653 -0.540745521209814
0.0670607558726355 0.096503620465085 0.504291816397016 -0.593031328858611
0.154138917314651 -0.143691395752965 0.121563515216233 -0.498468954913777
0.0561423357683222 -0.241197843669108 -0.0408371175629265 -0.220050262946032
-0.152142206345488 -0.164374410326858 0.0734800833085349 -0.0993503819889596
-0.23575319826734 0.0798993508315891 0.0763186532160325 -0.100006602854378
-0.113037718664661 0.197219772389574 0.090244966429818 -0.218519317960951
0.0151414648181524 0.208659762969407 -0.0307114072801324 -0.33665676585143
0.128489468049149 0.161695892329069 -0.149851747434469 -0.356561795329272
0.157677660900952 0.157677255896586 -0.200118012985716 -0.332915763138243
0.140956683930913 0.178751384754202 -0.160590891929069 -0.343466516678486
0.0161847111172983 0.253680224102283 -0.0222583511256687 -0.330992134704381
-0.162551728586061 0.221821762329697 0.0941205483761089 -0.18129083869087
-0.30275966859803 0.0640007480225308 -0.0390593769070021 -0.0491402170273892
-0.195974691849463 -0.253398408254238 -0.125742255535547 -0.238229501185772
0.0999180308082752 -0.3060138437298 0.0333528776400035 -0.544828225271515
0.199123332537878 -0.182582109291521 0.477080142967403 -0.56252122219047
0.225606812487666 -0.310587655941146 0.0566889484084336 -0.443044683306482
0.0225218595076692 -0.402584046962717 -0.0416581200048797 -0.177310772606078
-0.259323429586389 -0.230704293057153 0.0768317293603432 -0.120760069621672
-0.355080301956795 0.125802273843615 0.0499586578957632 -0.116672348670855
-0.190910198448505 0.304091688428234 0.0511211387823145 -0.194266049164345
0.00527871366869672 0.34263930250484 -0.0316004934261474 -0.253017286075286
0.184394675271815 0.290129373143277 -0.0951898807716574 -0.261261581803443
0.224096906080091 0.280908973255146 -0.124700291143993 -0.249618095842584
0.199892971839665 0.317190557890206 -0.0962363758628465 -0.245247930246264
0.00466382991929024 0.43377594527018 -0.00335724734153409 -0.234933323678971
-0.279934464608326 0.370632978770121 0.0629347311696262 -0.109642822293922
-0.503333037712218 0.12964739417105 -0.0891002652050036 -0.0276718939790644
-0.386100565958375 -0.385731714971126 -0.173728207493485 -0.236043236725881
0.0711846800933047 -0.569625995804767 0.0158093223061789 -0.485167959521751
0.30227754106115 -0.427356073687673 0.399137326599543 -0.441431754943254
0.262901686077393 -0.453693571916756 -0.0402964419044676 -0.322009991793194
-0.0439130579007089 -0.546636457987058 -0.0349391984163257 -0.0785555273054906
-0.383007412869814 -0.276644850001949 0.0974152024875241 -0.120462620066035
-0.457590123183089 0.187000155356844 0.0326318172965097 -0.136994337958231
-0.241560057036459 0.398438781562791 -0.000940858565561517 -0.159008625926191
0.00354074522490526 0.444506687046569 -0.0381027391524233 -0.136676560842606
0.219466228651881 0.378438320996036 -0.0294031769977118 -0.127292093141577
0.254997205705872 0.361690441785334 -0.0316897163913789 -0.128618118710008
0.222896452084762 0.404264309076093 -0.0150938183736553 -0.106227766328066
-0.0120137925153739 0.543380836866966 0.0216835600760914 -0.0908306253546605
-0.354115725365828 0.461898356841685 0.0233601420982722 -0.000141070587004896
-0.624056341449003 0.175521648777993 -0.139284788902384 0.0190626545969812
-0.509570090032644 -0.45547988016051 -0.2186350535433 -0.191190646449574
0.0372578880513901 -0.732061352240792 -0.0148201050498553 -0.364448121664473
0.355901869791131 -0.590470582681388 0.279891712537396 -0.254899313469117
0.263446497772182 -0.549174688320679 -0.15752961373538 -0.137732032979525
-0.12328245236477 -0.638706051869301 -0.0171924825878917 0.0761896008074451
-0.488366286501283 -0.287918645850725 0.127317530240039 -0.0921538458194358
-0.5163851981627 0.240861776743448 0.0136758580761482 -0.14219384061885
-0.259310212490042 0.454705291364188 -0.0586145846954806 -0.0959396217796077
0.00694237983500457 0.490884048962599 -0.0397495947765255 0.00869155225924456
0.227413039003802 0.414592421001988 0.042305560819048 0.0308216816122622
0.249873606250119 0.383474078633608 0.0642152567157869 0.0120142788235462
0.206147344208509 0.422431097493794 0.0697033046691484 0.0492621290845427
-0.0309340570382317 0.557201786160986 0.0484949573154631 0.0719699532323723
-0.366566636694276 0.464975595821163 -0.0155885353925087 0.124437547666334
-0.620185763043416 0.182321841653375 -0.175580620225527 0.0775094950200212
-0.524930139041095 -0.43642998421991 -0.243348671694627 -0.117923106691171
0.00969488743219809 -0.747615125107453 -0.0443174357361166 -0.20340906408914
0.345738371798854 -0.642302607985528 0.143157287745459 -0.0353798703837278
0.223973346227647 -0.564800598568914 -0.277686491711025 0.0894211189579993
-0.177328233659294 -0.63433512150364 0.00581881302261063 0.262149502686183
-0.511775534074883 -0.256954670195529 0.15020990228055 -0.0342895074837019
-0.488287427701606 0.247982011760884 -0.00640004308994689 -0.119819621897636
-0.231799053150772 0.430988900796087 -0.10940405821807 -0.00821464252676422
0.0116268074220924 0.457867861393692 -0.0336562840926841 0.164018839765541
0.205375600946897 0.385591730317868 0.111408448920167 0.189924905260313
0.210341965662287 0.350460916166361 0.15071415670137 0.151307923343851
0.15660406285851 0.374387032682267 0.141819683505855 0.19514485662396
-0.0484764317745762 0.473732355290569 0.0693674735364283 0.219504993970133
-0.31509257983574 0.375250992501256 -0.0488684146809049 0.228968284769377
-0.488664077997192 0.138453621484032 -0.190376473718011 0.122473923154326
-0.417798629690104 -0.338042325065341 -0.240104485433515 -0.041457240614468
-0.00284469893826045 -0.619435173710589 -0.0612870692991059 -0.0493814306427375
0.277476078582039 -0.583418559755487 0.017672543608681 0.173676292649049
0.150791306685497 -0.482199625178309 -0.385419167777074 0.315910478026571
-0.181916446232157 -0.51182346026554 0.0169806013843658 0.440376410051033
-0.421451886288599 -0.179628119516676 0.158254166855239 0.0472668846042142
-0.356532801843452 0.19659722255714 -0.0167517919029507 -0.0761235378771594
-0.167282202484571 0.317792075461329 -0.143564250853374 0.0785729626962053
0.00890160366712162 0.341674526357676 -0.0224050054363405 0.29556663142346
0.145043802870747 0.295278186830919 0.163860745552327 0.322971993223172
0.134490535671474 0.262420461527358 0.217073481739198 0.268624292359898
0.0828500613652155 0.271367464696009 0.189755913553233 0.308093735038936
-0.0592132284970952 0.317474005764968 0.0768313182056257 0.323704390706701
-0.2158298618963 0.224394896326875 -0.0741745992628163 0.28666009588652
-0.284003519627583 0.0690483707269775 -0.18019125018574 0.13828418238457
-0.246015812416881 -0.191184654878201 -0.209820111814913 0.0143237502117988
-0.00852125941538057 -0.397473833431888 -0.064855224217702 0.062813462356817
0.168849475209131 -0.437933430116667 -0.0752046710031384 0.335934825915625
0.0528847714957104 -0.311097986275196 -0.462535404290203 0.495880282803425
-0.146921467459359 -0.288222721261834 0.0127336022545217 0.572629478757456
-0.244506690774485 -0.0633703979926754 0.156338341106926 0.135692129782518
-0.153477879129168 0.104930157884047 -0.00462699206280553 -0.0316134418464421
-0.0736159178366221 0.142934341396163 -0.153897926622711 0.134496154302212
-0.000861847623226994 0.163860724397787 -0.0137723734084775 0.371759629714331
0.0562438258832147 0.154565360225934 0.188837132692818 0.404369534868914
0.0376479407600664 0.136353433282123 0.251067380862876 0.343940179504814
0.00116183075344139 0.134837724661648 0.206164678411651 0.371904534722825
-0.0576363095764469 0.132789257315227 0.0708260979794843 0.373598028487349
-0.0965084024618458 0.0641006876471961 -0.0902110443847292 0.296170016556892
-0.0745702835949919 0.00676488736147222 -0.152385498642305 0.129686641001843
-0.0820036870212585 -0.0365755774112653 -0.164543693844891 0.0477585729928426
-0.0302844124391267 -0.157933440125505 -0.0584199477120523 0.124157240832817
0.0403041607528807 -0.251290500665788 -0.126855814927869 0.434035371678551
0.0635041640315768 0.0300891123635946 0.13193247358128 -0.482283004768044
0.0638199254989286 -0.0711135837548898 -0.0408033260450994 -0.214747319263794
-0.0576014680868485 -0.0771802549990061 0.0842227129940059 -0.0732236735996144
-0.103122845667449 0.0444888191429417 0.104213781525539 -0.101075994684899
-0.02190386599445 0.0824572166833953 0.102438193647408 -0.242154336882195
0.0282353918319796 0.0562111712904739 -0.0508511870852376 -0.37572435559387
0.0579966040342391 0.0131744215523725 -0.194764827320885 -0.387543884945796
0.0683704233240093 0.00773041655565913 -0.245523392679249 -0.351137964796127
0.0564982691638935 0.0126540906162141 -0.197322479310451 -0.371667661664303
0.0186587441590601 0.0363415354937216 -0.0390951042827439 -0.35895924911956
-0.0285051621817026 0.0431507330686332 0.110226047966874 -0.206334670220802
-0.0668351209991979 -0.00928460389528374 0.00132544713587897 -0.0391353523225935
0.0149948164130326 -0.0892917002097791 -0.0940763522262109 -0.196776850637733
0.121474930001897 -0.00245002613880402 0.0151622125752726 -0.528378473521406
0.068742915502783 0.0939265340825399 0.482776214713324 -0.585820264846694
0.151972881155004 -0.141169729887359 0.106418165970796 -0.485965214107135
0.0513340331487962 -0.238096144502523 -0.0435167006063154 -0.212630281685293
-0.151758582667387 -0.158339703276836 0.067376443038645 -0.105544169887085
-0.22842015233082 0.0850190056356431 0.0655940562143252 -0.100977365464278
-0.105120156604155 0.198330777486791 0.0782084193042819 -0.214127281143445
0.0213418863167545 0.206590870463691 -0.0406089088318422 -0.325520337048149
0.131414832374179 0.156063079558997 -0.156255864193712 -0.343122905012869
0.159532235312633 0.149557668821787 -0.201258037564489 -0.321138681146029
0.143175473765328 0.172031848226189 -0.16146698248855 -0.331524691734499
0.022584211371672 0.248922629574822 -0.0306819609438251 -0.323851868051862
-0.154404433499767 0.224429834315066 0.0897649395678321 -0.17991876976762
-0.29576053090405 0.0710791745861614 -0.0404515447786933 -0.0442458557580701
-0.198404722515058 -0.245502797762848 -0.130934384565343 -0.230658535182271
0.0934861239115447 -0.302865980874622 0.0151898035982892 -0.532614930007025
0.19319735961798 -0.178595210474236 0.45728283216229 -0.556242017180536
0.21951715826673 -0.303413532789334 0.0442995062731301 -0.431756243536105
0.0159167979984427 -0.394437489691522 -0.043187186709442 -0.170782362943929
-0.254173199035549 -0.221752614231709 0.0695962726154181 -0.127480629631031
-0.341628761516808 0.131490089536441 0.0402582641766981 -0.117059367047257
-0.177634609885071 0.303079740238891 0.0376199935834702 -0.1890461138144
0.0147948790292259 0.337260918887406 -0.0395172041156562 -0.243382437834396
0.188371023096404 0.278146170434054 -0.100161759491227 -0.252398132940939
0.227183307082358 0.268110817142257 -0.126923938110171 -0.241025498325028
0.203983894951957 0.306549484136922 -0.0964854102426582 -0.238204372250642
0.0163739291755896 0.426239715317969 -0.00955161449859789 -0.22900782735864
-0.264749692073016 0.372696199670224 0.0603454703006835 -0.107926876670208
-0.488313915566073 0.139990151517938 -0.0899359809306894 -0.0216392869546949
-0.385699960003138 -0.371287476975307 -0.177839146841575 -0.22584121700568
0.0597975587652784 -0.561262663880479 -0.000472324561991078 -0.47554595146072
0.290601376591967 -0.419471007258788 0.382824268801164 -0.439409679048458
0.255065601794731 -0.445093049490133 -0.0498894839487607 -0.311468314592079
-0.0522503275113029 -0.533657944364975 -0.0351760540840376 -0.0735457972069938
-0.375446409966773 -0.263407654544136 0.0907459035870647 -0.127905927502019
-0.440680542469224 0.19219955771522 0.0225958608709032 -0.137439096401003
-0.224838762629157 0.396346829725304 -0.0144813346359557 -0.153629219250525
0.0158287875967357 0.436050311551266 -0.0417367281424374 -0.129563853030368
0.224277291685232 0.364130252753993 -0.0308950845872829 -0.123408647521501
0.259715468855341 0.347489939148804 -0.0336548251099092 -0.124741176242978
0.228494239085031 0.389615746892069 -0.0136536184586313 -0.104479323665469
0.00335957727766479 0.534724087643479 0.0184480387842083 -0.0880481009195218
-0.336850407771977 0.463812360809765 0.0246375096362174 0.000726862141681731
-0.603286619707983 0.186440392800425 -0.137952705583618 0.0257706618735718
-0.508305758174193 -0.434722674266883 -0.220603047604695 -0.179456013874381
0.0228092285427044 -0.719547578521927 -0.0275398370910578 -0.355359637819003
0.340674817091566 -0.578127542651876 0.269904614263552 -0.258720957987078
0.253295381118817 -0.538522070574572 -0.162470711140097 -0.130001590262716
-0.131568457619504 -0.623821700425138 -0.0144688464056407 0.0768190167632801
-0.478009677161896 -0.274491147797055 0.121884929835386 -0.100464412432903
-0.496558885915612 0.245735144823174 0.00493614654001817 -0.142893161095545
-0.241492934335747 0.450529035757748 -0.0704810698697491 -0.0917064604413031
0.0205178705494962 0.479740632711429 -0.0396859119020882 0.0125478880062371
0.233071494705621 0.399663634862875 0.0442267099433977 0.0286424586501333
0.254680134968653 0.370367360034532 0.0630073492568439 0.0110268552581155
0.213031613672743 0.408227490572712 0.0723995584542822 0.0457910985216024
-0.0159255130907144 0.548187649360161 0.0495111491369059 0.0706778296407128
-0.346954597558237 0.466972129363318 -0.0109512113957516 0.123786699192019
-0.598510804841944 0.192843960510823 -0.172640925827309 0.0840187353318749
-0.51960770138349 -0.415418669335917 -0.243323708198149 -0.104992484424279
-0.0046294832688716 -0.733676222263367 -0.0533070982015794 -0.198561344992232
0.328882005826617 -0.627994837068834 0.140533104703709 -0.0432220167772122
0.212468926452634 -0.552018215991211 -0.276975070510295 0.0925693829740663
-0.185792865359262 -0.617442289901738 0.0117063360736039 0.259089679536958
-0.503110040101543 -0.243414015432162 0.147225022938234 -0.0425709588262831
-0.469557454424336 0.253086132349148 -0.013701826757289 -0.121050024586549
-0.216238604377345 0.425905409750491 -0.119073931444153 -0.00542678774607082
0.0240716544645325 0.446856328498112 -0.0294530794209629 0.164334859688913
0.210226511229331 0.370962673595696 0.115453350885334 0.182856344369523
0.213403610272878 0.337579820690269 0.150293117087296 0.145962249749854
0.161506934742885 0.362970684898927 0.146357094743564 0.186484206725464
-0.0355169398187322 0.465831516053561 0.0742224554937238 0.214796216632101
-0.298207913015202 0.375829253473284 -0.0396251407250884 0.227178230462456
-0.470583266511809 0.145672482399269 -0.184908644364383 0.128122437734801
-0.412887650911385 -0.320678381331008 -0.237612483982254 -0.0288426435555894
-0.0136970641410492 -0.605812099456532 -0.0657745856492069 -0.0467116770970344
0.263917375305137 -0.569439491152006 0.0217458465126273 0.162679197068413
0.141374786253382 -0.471757316794396 -0.377941803714168 0.315508288894325
-0.189949222122261 -0.497499507129155 0.0271789520721283 0.432430061362105
-0.413963235995494 -0.16811588942272 0.158141996938064 0.0379480195405051
-0.342760857359345 0.199070407193202 -0.0213904040557195 -0.0792034822389871
-0.15506082796785 0.313343251744093 -0.148309886520324 0.0797701215180543
0.0187878059351833 0.332658441297136 -0.0151127780841073 0.29163137320474
0.147898053223433 0.283136834854406 0.17029273867692 0.311131027141437
0.137332409818738 0.253199746669975 0.216661983004601 0.258853633530445
0.086947148846463 0.264279699218289 0.194458947528786 0.294969794091622
-0.050842067787673 0.312910576166156 0.0860557541664996 0.31576535659179
-0.204860875428544 0.223085113327104 -0.0616185976158607 0.283499742647516
-0.271099521221419 0.0719937851364125 -0.172622866051163 0.143124160367166
-0.240045514914222 -0.179032267227541 -0.2063111718557 0.0259169659618526
-0.0161365715049101 -0.387520334804642 -0.0664069576807463 0.061863440986039
0.156905224703197 -0.428041183436192 -0.0658812946854614 0.322363727241745
0.0456895147552937 -0.303754854186534 -0.449441531235601 0.490588121109155
-0.151031094861194 -0.27967062614923 0.0248085347186138 0.561192537239127
-0.239808691047513 -0.0566453046724876 0.160234655291233 0.126796980484368
-0.146811950945722 0.105097781822488 -0.00679123465323056 -0.0357120651538169
-0.0678140633611175 0.139846940126179 -0.154100329900334 0.133206804641916
0.00323236492141273 0.157733556085796 -0.00506229785415856 0.365753816371161
0.0576118270094338 0.148404849582581 0.195385554819288 0.389798942779275
0.0397719621656006 0.132176858142212 0.251503157787646 0.331621540181997
0.00331101342272589 0.132590489451761 0.212806363135068 0.357179795654017
-0.0542373054359454 0.131269237102274 0.0811063043331291 0.363311395914898
-0.0913421857871214 0.0621643403579373 -0.0770473319302325 0.293168585680511
-0.0683309770733804 0.00505828552790447 -0.144636743934588 0.133651339792952
-0.0763483994352212 -0.0304635459994385 -0.160854410907131 0.0571111079977565
-0.0328393631674526 -0.150773882505774 -0.0568885407355089 0.122624540025864
0.0333049757402987 -0.244690491379449 -0.11272962248143 0.419626619323789
0.0638471739267084 0.0293167906565769 0.124590329858333 -0.468880945959763
0.0630220956146744 -0.0721266523707776 -0.0395076286460737 -0.207410858332902
-0.0572478078656619 -0.0752170730821403 0.0801723128290772 -0.0774193087402452
-0.101273863811005 0.0469827793165887 0.096238563812114 -0.101211638012002
-0.0200069841726043 0.0830542616830757 0.0944003235798223 -0.238858204525399
0.0304529196944577 0.0577539804410777 -0.0565218785577408 -0.364489752547679
0.0586587481453739 0.0131175478406014 -0.197390667199198 -0.375261629093078
0.0687450491951982 0.00620123075222693 -0.241354499943588 -0.341788943827685
0.0567371753716984 0.0120517012209796 -0.195530420198028 -0.361148596858988
0.0200631861101379 0.0366236017809566 -0.0421580143269462 -0.350117536567102
-0.028111977517807 0.0461713325311061 0.107189904446998 -0.20290895655341
-0.067419769865908 -0.00694159425140539 0.00146394666284284 -0.0359938682846282
0.0115868755664546 -0.0889403307721707 -0.096766181321082 -0.193215392417548
0.120689787239772 -0.00541300620935558 0.00620848874916816 -0.516968770269661
0.0690792328255465 0.0929218331317567 0.46980233733287 -0.570771192977785
0.152156048669701 -0.137228797392903 0.100041254048933 -0.471248653799608
0.0499895952958108 -0.235399828032454 -0.0426901105507379 -0.205215624055876
-0.147660792275594 -0.154505520021383 0.0619564382697844 -0.109587499963677
-0.221345227021803 0.0869281966867014 0.0579716073283137 -0.100389816219029
-0.0994592017254331 0.196444230304481 0.0684115625932126 -0.209228871865641
0.025514191264998 0.204102812271892 -0.0458694295902546 -0.314156705736795
0.131641986418557 0.151485681309097 -0.156778253270475 -0.332653097252956
0.159864243718877 0.144643084110892 -0.19874346199857 -0.311266143485587
0.143033134551311 0.166611765973051 -0.159013387870675 -0.323477276826911
0.0269118273745051 0.244838448313772 -0.0332086632769562 -0.313761001978782
-0.148504005970785 0.225241430432392 0.0860850279626029 -0.176434438296615
-0.288736272675869 0.0749457805492938 -0.0412903067875031 -0.039093122368298
-0.197651549227258 -0.238906078777125 -0.133368172747647 -0.22468500473961
0.0905583410051216 -0.298664368525067 0.00717434992623736 -0.520334497297571
0.190414837771351 -0.172211279426817 0.444085905199303 -0.545157796846907
0.219721726453073 -0.294995199942623 0.0370122800576034 -0.417837300742394
0.0145847031197573 -0.387509870890701 -0.0422751322597156 -0.164455043357451
-0.246420340752529 -0.216678928465012 0.0635541431902615 -0.132436795149816
-0.329919665617415 0.131121687091362 0.0318716715544208 -0.116347942311534
-0.168871571098308 0.299407977972078 0.0270198034470318 -0.182689092253125
0.0209415607129019 0.331122734137844 -0.042533580524743 -0.233998387003241
0.187617939388646 0.270166963898814 -0.100694198611176 -0.244416471660144
0.227161362492973 0.259683308419174 -0.125218144889314 -0.23478702280671
0.204634541597985 0.296370428721936 -0.0942694883419275 -0.232588936629356
0.0234850923889468 0.418248731172259 -0.0123517097678226 -0.221322519189941
-0.254276235982884 0.372138598116934 0.058417821182035 -0.106211867639425
-0.475702837115373 0.14417424440715 -0.0900982437096648 -0.0163245179030676
-0.379784068645149 -0.36157104911411 -0.179846217391708 -0.217710341421615
0.0558916169290872 -0.550473081909316 -0.00970528714219998 -0.464591210745704
0.286548145379067 -0.405229990809039 0.371891543793909 -0.433432958785123
0.253449504855108 -0.432681433866943 -0.0546444506385888 -0.300617726740107
-0.0533140390088501 -0.522248641819198 -0.0334127041274748 -0.0697577540818228
-0.365239640067101 -0.258206688449293 0.0843419397478667 -0.13444094244853
-0.426090147192588 0.191759981706376 0.0146993942338202 -0.136642623949027
-0.214876107704982 0.390058651427064 -0.0254123569485749 -0.147287822028495
0.0207433388384557 0.426287131409007 -0.0437404096101021 -0.123231828446484
0.223714971774331 0.352921864951109 -0.0304501719359786 -0.120064262154886
0.258406473445937 0.336334675413292 -0.0341832738719385 -0.12052405554376
0.227732305553419 0.379117184700735 -0.0111300391630953 -0.102835971727077
0.0121125921256738 0.5238121036693 0.0165391614104394 -0.0844255792499119
-0.323875470952297 0.461541684982076 0.0254655158747415 0.000829957010410249
-0.586963729504226 0.189523104743972 -0.137240822318564 0.0305429927713731
-0.498795941386468 -0.421277819464671 -0.221038040597171 -0.169360037190421
0.0190936867999365 -0.704966208959395 -0.0360447933503638 -0.347832642138059
0.333940843941274 -0.560788784397025 0.261321977450136 -0.257235246989482
0.251181204620217 -0.522636175453856 -0.165597035528751 -0.123902374731402
-0.132435690252611 -0.60769824451161 -0.0118048192102453 0.0774653676298524
-0.465631158292233 -0.26668318446273 0.115705395875705 -0.107233895904142
-0.480471242436563 0.244606996547418 -0.00306438555379096 -0.142774880319584
-0.230113824354743 0.442249352652306 -0.0808009773977097 -0.0861211247009972
0.0265558071875892 0.468638270463884 -0.0393760669846171 0.0159825362356401
0.232270661837354 0.384947518471918 0.0461492866281666 0.0273212253895526
0.254773826307259 0.358939369993971 0.0622708187095316 0.0109513958768821
0.213418091058923 0.395764995472216 0.0741783080705318 0.0432901765587352
-0.00809770031983183 0.536982901090698 0.0495919875904023 0.0708116291721084
-0.334212897960442 0.463813137080052 -0.00644226410726658 0.121981787322893
-0.579523652162276 0.193004462682503 -0.169639958623849 0.0882490536060119
-0.50799106015617 -0.401057987608519 -0.241623692017125 -0.0945508704357561
-0.00862848279873873 -0.716556998909196 -0.060690287474288 -0.193367603240581
0.322200024284952 -0.609411591673291 0.136386552313121 -0.0490962849354896
0.211019457839573 -0.538258784998614 -0.276780393563699 0.0930361482572224
-0.18803215872611 -0.603083044096596 0.0158471800026207 0.255495680087236
-0.489957265166866 -0.234355237150938 0.142904544348694 -0.0507533721094979
-0.452521876583943 0.251081651476112 -0.0197077778793781 -0.122626826591668
-0.206468366064855 0.418421505584598 -0.127046996569383 -0.00185563644749733
0.0277434602281502 0.435562980545383 -0.0271479744565644 0.163322730334705
0.209374575189971 0.35937680224973 0.117407196922751 0.175839483414127
0.213221680617341 0.326963655391963 0.148442544229102 0.142080915629031
0.162360171885385 0.352830307977392 0.147543750698294 0.179389990859374
-0.029046530655761 0.457029398269522 0.0776622750356485 0.2112003000617
-0.286038248998912 0.371254857117921 -0.0329459502363986 0.223252498382008
-0.453118301887179 0.145272745572878 -0.179685301159427 0.131448294034989
-0.40118172739576 -0.307703707215608 -0.234319327136483 -0.0190285820459311
-0.0162588973657179 -0.591990740269442 -0.07076099338688 -0.0451178367909871
0.256662887671801 -0.551824827436516 0.0221647739473754 0.151295688196274
0.138252995747656 -0.459777738150101 -0.373394157581867 0.310553096270304
-0.192080711465246 -0.484378393545234 0.0329641777554235 0.424326701978054
-0.40358057030343 -0.159718271777509 0.156477000927 0.0302127499333386
-0.331222833373759 0.196812880035118 -0.0253737128315723 -0.0821816648622992
-0.147807621257931 0.306836059009108 -0.153784764393439 0.0803400300321998
0.0207850493797738 0.322425307455878 -0.0119745329897168 0.286036300749037
0.147356844868806 0.273519828806522 0.172455407792628 0.299995356775523
0.136661391616601 0.245470021640216 0.21440994636565 0.251819302557346
0.0871209889517334 0.256631741406137 0.195884243991842 0.285772247131892
-0.0454808438494863 0.306090152250155 0.0907852157149029 0.307671833260531
-0.196853477473889 0.219127071151846 -0.0533530677030227 0.278907705517638
-0.259724762759559 0.0698933098263244 -0.166442711889982 0.144599438259255
-0.23049998175697 -0.16990063349583 -0.202900609487999 0.0343607477833313
-0.0184800630267109 -0.376336775539227 -0.06835413996723 0.0615491558859936
0.150019820245574 -0.413718727908859 -0.0610855337457503 0.30741774807085
0.0429038845599983 -0.295610532659429 -0.44313618398027 0.481477309967596
-0.153003739082811 -0.272260362940697 0.0317499018468779 0.550196449889684
-0.234318519278583 -0.0519386810046625 0.160792223307438 0.119077025955572
-0.14172024757113 0.103684013098469 -0.00963862026068239 -0.039498954777802
-0.0655917391941749 0.136036075651593 -0.156759908985429 0.131539719539234
0.00412162779213212 0.152013919155692 -0.00147950126193423 0.356919786515191
0.057033205987353 0.143267349053301 0.196699070206872 0.37642584941645
0.0396358451522585 0.128422939911302 0.24878657092697 0.3228093216216
0.00384116228089658 0.12961940334977 0.212964775030292 0.347977996349849
-0.0521712748196366 0.128137846688058 0.0886840282204137 0.352965733412825
-0.0881358959225964 0.0583050463272688 -0.0676039461069148 0.289003418828448
-0.0626037569141353 0.00202226304070581 -0.137137098638622 0.134624755208492
-0.0693660241762016 -0.0256140588898105 -0.15722764148978 0.0643463130444193
-0.0342707338844965 -0.145180683111886 -0.0573999669853327 0.120637046121673
0.0286771324864821 -0.237895276504538 -0.105748570557708 0.403446806635255
0.0647919986854057 0.0289710314242278 0.125373984241788 -0.456845382637645
0.0636956140305588 -0.074369371216875 -0.0351731671528396 -0.203602972855655
-0.0566950093362677 -0.0756797134337758 0.0780851195825561 -0.081229116201031
-0.100113843541633 0.0485242026173427 0.0908054569270144 -0.100835596174187
-0.0185696893694077 0.0842904762842138 0.0896109076097747 -0.235010809663076
0.0329846060487266 0.0600023712583435 -0.0588312076937124 -0.355895668197912
0.0603908384530656 0.0135426904475997 -0.194924380383923 -0.367129210227647
0.0690310829067117 0.00570112468088349 -0.237545574426576 -0.338299113664604
0.0579077105757773 0.0126768306994001 -0.189978914532894 -0.357420412808609
0.0204434057771487 0.0377662557615634 -0.0399550177505085 -0.344892182479051
-0.0276655326234447 0.0491648415610569 0.107672881374722 -0.200174265236277
-0.0684422989889819 -0.00465195882317779 0.0021653466740868 -0.0319262015884145
0.00995897770849264 -0.0886939492841398 -0.0973057685909205 -0.191160160429502
0.121056666957561 -0.00694096492385506 0.00576434580518912 -0.508099973258264
0.0692950829399596 0.093692501371808 0.468089140806441 -0.55539247154696
0.154349058413219 -0.132598528258925 0.0997571203597254 -0.459230351200093
0.0519309123409617 -0.233788217354892 -0.0381575751497557 -0.20049716771561
-0.143620567339873 -0.154680545342077 0.0590760583401606 -0.114097126975993
-0.217389448287746 0.0866401929146287 0.0524457219297043 -0.0990330682984736
-0.0967676968804186 0.195782399604158 0.0620360482667547 -0.204689828544268
0.0280707677976796 0.203880615378643 -0.0471483064865367 -0.307286975930879
0.131483525125711 0.150220407972597 -0.155653803197414 -0.325333793800271
0.158871753360697 0.141808370851925 -0.19495358129772 -0.308286915722245
0.142818597936325 0.164327790754716 -0.154050312707901 -0.320826152320498
0.0278309936731633 0.242709809210842 -0.0332608688677126 -0.308985239387808
-0.146095604242601 0.225923108354239 0.0868077599630424 -0.173056288277587
-0.285184136158432 0.0756665397840298 -0.0417893813563394 -0.0356497402960447
-0.194900728989651 -0.237747019983374 -0.134647370071288 -0.222327967176754
0.0932338700815923 -0.296160579862732 0.00613344889428805 -0.513324977682853
0.192687065761969 -0.164650008441503 0.441745271368315 -0.533122846406935
0.223303009269348 -0.286768185869924 0.0367943894196646 -0.407287612018808
0.0176385353992764 -0.382737190759217 -0.0388445830323005 -0.160898975284194
-0.239747932882334 -0.216378509992525 0.0592637705869132 -0.137567864462305
-0.323310375700711 0.128819790065695 0.0254636502972632 -0.115002653626022
-0.166443058365477 0.29622534523978 0.0195440009003631 -0.177374509644075
0.0212269699213863 0.328702716710456 -0.0436566612693949 -0.227772037731103
0.18694892802855 0.267142494657691 -0.09866571910697 -0.240083178268824
0.224532531750196 0.257106768941392 -0.122405923843732 -0.231471572576915
0.203017293549722 0.29199965455111 -0.0894478841656109 -0.230753233708529
0.0252051551124475 0.414222331019293 -0.0118433774807686 -0.21666200789447
-0.251434499832197 0.37151260527691 0.0589142711884093 -0.103828971435236
-0.468204414510011 0.14265933155161 -0.0910817079755425 -0.0116975380789078
-0.374755937155781 -0.35810261544807 -0.179495033635725 -0.213648494803584
0.0585997454507673 -0.544578582577265 -0.0127001936900357 -0.457992178957778
0.288507137008918 -0.392549232616528 0.370859559080614 -0.426549953831919
0.258849881413848 -0.421513839601392 -0.055914214013463 -0.293622485544932
-0.0487126105089557 -0.515078667109358 -0.030621551854634 -0.0668272426625649
-0.354376162432318 -0.258326500642525 0.0795921455283111 -0.139768193568929
-0.417384667540352 0.187210451209226 0.00841584889467569 -0.136362434718374
-0.212083286875219 0.385655631851469 -0.0337435355420281 -0.141672191997703
0.0222172718979187 0.421808380399385 -0.0435983726663627 -0.118109779201162
0.221570726382977 0.34916213117229 -0.0289080636242069 -0.119075518050786
0.256222126527332 0.332870173400903 -0.0323950647650661 -0.118823745079051
0.22641512817106 0.372031648937185 -0.0085668258989242 -0.102658690178884
0.0123630379069533 0.518760787865042 0.0170088213240549 -0.0810314249760883
-0.3192212697662 0.459502509865815 0.026533727639203 0.0016975364070975
-0.576124043981072 0.185116914898671 -0.137618280818413 0.0354470571357055
-0.489884188576601 -0.418774644736243 -0.220736157680899 -0.164692148563653
0.0239367384410149 -0.697091582538552 -0.0400238085110193 -0.341517828013862
0.337897661619722 -0.544222830946289 0.259490215799855 -0.25624655103794
0.257377567023483 -0.511800114515195 -0.166921180368405 -0.120905486254996
-0.127797444071568 -0.601145075392096 -0.0102237588715417 0.0791667884537629
-0.455508895452858 -0.2667819204823 0.111386419600398 -0.1139457517724
-0.470275506662798 0.237469742635743 -0.00851234233690509 -0.142820778952892
-0.2260075063507 0.436061395682477 -0.0893629805101121 -0.0815914449463412
0.0252649696810336 0.4629556174204 -0.0397715404871726 0.0182861347636065
0.229376972227493 0.379163630675683 0.0472529905725684 0.0253235980131571
0.251721427571451 0.354080559523242 0.0615816522100669 0.0120394324202611
0.209466559459311 0.391099773608576 0.0758846470786618 0.0407360698177067
-0.00595502251822309 0.531248057896602 0.0497442621229062 0.0721409853810387
-0.328099575759968 0.460403706070794 -0.00495602573593874 0.121286491046282
-0.569761542606888 0.187314133755763 -0.168968352009563 0.0917778309061043
-0.496615055453869 -0.397419732090136 -0.24093607403592 -0.0885778045715059
-0.00285912496447779 -0.709551625072151 -0.0649232780545788 -0.190160059238618
0.326109713902117 -0.590624934944516 0.134605438281353 -0.0527309710152347
0.215214312327634 -0.526911843087843 -0.279584260558923 0.0922586855541163
-0.18205667837388 -0.595434427150782 0.0165886965285391 0.254828578477972
-0.480217024237253 -0.23514740008758 0.139251308890589 -0.0567444543095187
-0.445716450678208 0.24436719263185 -0.0243540694603992 -0.123884475152758
-0.204364238659418 0.411048909559414 -0.135523067420568 0.00125869125128553
0.0270977442759624 0.429224353074542 -0.027489208047873 0.162518769645773
0.204488568393494 0.354063892118525 0.118274386586532 0.171178330010127
0.210240125046231 0.322542716020968 0.146810657385669 0.142189090791197
0.15892939847477 0.348387312153327 0.147849007156808 0.176301577849111
-0.0266471187017215 0.450903732686717 0.0774999206908294 0.209554190402362
-0.280244604880448 0.367281692381154 -0.0297822420748239 0.221052755230197
-0.443693285521613 0.140575055801045 -0.177673805245074 0.133787643144547
-0.388943123616847 -0.305659063391005 -0.232796869494401 -0.012663948362164
-0.0128753695416195 -0.58288944994134 -0.0748769241928441 -0.0440895544805601
0.257872463496559 -0.535443897771964 0.0204204230609444 0.142684156026774
0.141627496481848 -0.450337281258776 -0.376902326362369 0.303445505808498
-0.188873988191237 -0.477804747624656 0.0319599117393215 0.421050290673259
-0.39741344817769 -0.160003998638183 0.154016237549566 0.0248781226337282
-0.326193008379181 0.192909585291405 -0.0287337950306966 -0.0842549623529377
-0.14694651961227 0.302244381510871 -0.161088649673884 0.08084419480062
0.0179402796206218 0.317049313672801 -0.0122867739485774 0.283018016973371
0.143071635036371 0.268672236921658 0.172058139450159 0.293708802611458
0.134320333858358 0.241381093731641 0.211443712459738 0.250839548035534
0.0847687018893867 0.253086658288721 0.194511047017171 0.280817027598032
-0.0450386870097947 0.302460959061246 0.0914250287877927 0.304059096871592
-0.192687246023124 0.215005093996603 -0.0486403970237607 0.275699362551544
-0.251728705378603 0.0651810549277569 -0.163300309082262 0.147017262650945
-0.221140380869004 -0.166615029552622 -0.200843195808039 0.0399618558082748
-0.0161677536666995 -0.370896468651624 -0.0724445122508609 0.0612148526411399
0.151546569356531 -0.402568192850535 -0.0616898906706639 0.295061997768853
0.0447553730861755 -0.289591783793283 -0.445283449646655 0.469300256776021
-0.151877339931317 -0.267685277040351 0.0291015950509032 0.544773402126609
-0.230345782100306 -0.050799903503554 0.160598491720663 0.11517583176919
-0.139631480372829 0.101187590394527 -0.011898811080112 -0.043645622943344
-0.0655538128556526 0.132611967687771 -0.162220995781583 0.12984324078441
0.00236476711176367 0.148681897370397 -0.00296489847364873 0.351589385880307
0.054399532047928 0.139826210252617 0.195997823157221 0.370214714111934
0.0376683334943356 0.12658603694399 0.24657482896903 0.319920533268517
0.00242916108066948 0.128221534882304 0.211483068603418 0.341716967024901
-0.0518697798843104 0.125741691330734 0.0895122043141015 0.348280971928193
-0.0861886789867531 0.0544050692912788 -0.0614701355652393 0.28460683402576
-0.058429377009577 -0.00148203741654949 -0.13289009864417 0.135295713662533
-0.0632747385326836 -0.0228640742937796 -0.154731663300242 0.0692038206410756
-0.0339214124765596 -0.140768425637238 -0.0603810603540439 0.119044604976757
0.026810873783407 -0.232194919508044 -0.105534323483863 0.389145748521295
0.0672418339445115 0.0303314897934611 0.131565137795227 -0.455100367423412
0.0654759797401881 -0.0782417400992786 -0.0302130196326398 -0.20398444236338
-0.0569045144752284 -0.0789060132062344 0.0782982277319392 -0.0867789095881908
-0.101409393508564 0.0500085638944482 0.0876203714382283 -0.102370720495789
-0.017780463630955 0.0867800078435561 0.0863695122641044 -0.236283463901814
0.036202591258555 0.0618883140376578 -0.0610120878509109 -0.356203009096832
0.0631410096359792 0.0146006027144412 -0.197516435765461 -0.367221051054896
0.0712399635085403 0.0051917226865974 -0.23668786986506 -0.342630950114643
0.0605823721024236 0.0130674747311551 -0.187284272339388 -0.362482597566083
0.0214447706940483 0.0398031162274863 -0.0373546991946137 -0.346943709012625
-0.0278206351098179 0.0531427726386734 0.110505700228429 -0.200572046257031
-0.0704551319334923 -0.00252402715380988 0.0023648654399903 -0.0292199280307779
0.00866645074215599 -0.0902501292917162 -0.0994762787732552 -0.193472185244032
0.123719591175249 -0.00823910308476592 0.00597622923861848 -0.509851122989907
0.0716042256397439 0.0962885117027675 0.479561720383228 -0.550409236625154
0.161007852759724 -0.130994387343816 0.104449889066616 -0.456012610286207
0.0559139757455851 -0.237368159178189 -0.0340070426684659 -0.200864725841575
-0.141830545473203 -0.159557256582674 0.0568476453312426 -0.120649763853135
-0.217784918819637 0.0870871717981853 0.0479288601288356 -0.100209993967969
-0.097177871001224 0.198179082654273 0.057888341064156 -0.203476748841775
0.0299408177572684 0.207271270593525 -0.048098481043289 -0.305294638228883
0.134023208800042 0.152046887047151 -0.155441880515994 -0.325738572477787
0.161112261401451 0.142465546115027 -0.194278968084336 -0.311947434621365
0.144863417744318 0.165664035595563 -0.150865850912255 -0.324985756260452
0.0285410782425995 0.246157060674236 -0.0311559054366299 -0.308625443615015
-0.147429439348746 0.231099713685049 0.0889462887155461 -0.173276430205647
-0.287413569922962 0.0756447322807435 -0.0428363395528228 -0.0321259623499056
-0.195313237877813 -0.241893610532033 -0.136891434673268 -0.223988261040593
0.0987114816289333 -0.299612627412819 0.0046434833167367 -0.514174509025417
0.200638599901213 -0.159907237517275 0.452070551111266 -0.529649581969729
0.23330399886041 -0.284200136016142 0.0386680046844218 -0.404059981470183
0.0227376799341581 -0.385624417108142 -0.0344137717750827 -0.159147868608017
-0.235729448322681 -0.223847434577399 0.0563203473084291 -0.144985131190302
-0.323093270951376 0.126977843317773 0.0209009326258601 -0.116575984842197
-0.167417741901302 0.297701854599013 0.0134960287449393 -0.174789532255659
0.0235626254644202 0.331926708664547 -0.0441701139621791 -0.225996257997696
0.188696648459673 0.269350835583454 -0.0975555353290014 -0.241057247534456
0.227886102698819 0.259458416497405 -0.1218773014721 -0.233079572682821
0.204612533877871 0.294420325143469 -0.0860503727804819 -0.234233008096932
0.024692230415596 0.418197101016668 -0.0105255107074007 -0.215300046605253
-0.252414534314813 0.376386241001404 0.0604233185386865 -0.103163159526794
-0.470229849128838 0.141212847393761 -0.0929696488338567 -0.00708204539631171
-0.373682645130244 -0.365105312023522 -0.182922262508786 -0.213986627178574
0.0685191513988386 -0.549923129280669 -0.0140936925229186 -0.459426914889741
0.300917623139036 -0.384565583413729 0.376648933260161 -0.425173672893951
0.271312933852538 -0.41874150948324 -0.0559447974939973 -0.291172072727111
-0.0426875193970958 -0.517814740587628 -0.027434663233412 -0.06547171897312
-0.350399206242995 -0.264770516027304 0.0761169845853342 -0.148090975714706
-0.417288601309186 0.183372508150196 0.00322050812637604 -0.137958221994947
-0.214445875812641 0.38700006925355 -0.0417148206142193 -0.138088421789365
0.021959708750643 0.426444241836306 -0.0445529860646903 -0.115767450837463
0.222153325927299 0.35128096231447 -0.0272367377464346 -0.121110490694367
0.258441760005104 0.334370994914524 -0.03087876111258 -0.119019049904559
0.227725482558832 0.375004048734267 -0.00548437256811418 -0.10505230303792
0.0115729231445198 0.523657550984831 0.0184050648747338 -0.0788436597248782
-0.320468621549736 0.464167324747636 0.0274648208583858 0.0022064131463187
-0.578398372837527 0.183775588932778 -0.139715523357416 0.0401728583241636
-0.48625882656451 -0.426583051003021 -0.224419540886172 -0.163717281499126
0.0334581690589957 -0.701678240106757 -0.0448477767016951 -0.343480344969488
0.352542056204287 -0.536271547614391 0.261592790730607 -0.25706146874915
0.272581007984882 -0.508031992326734 -0.170248982390765 -0.119264009938437
-0.122242555054327 -0.604154814285694 -0.00753678255618393 0.0818357942596448
-0.451995007594241 -0.274985889927545 0.108383916641745 -0.12081151934616
-0.472672118732904 0.234823491730328 -0.0132773529222652 -0.146012198661704
-0.230416753074628 0.437756815888423 -0.0983129222389682 -0.077876539336729
0.0247227431428947 0.467071494656027 -0.0407389833507478 0.0210911284306824
0.22962717562029 0.383385324181776 0.0496278134936597 0.0234467466841437
0.253072759346586 0.356618428223787 0.0635539959308489 0.0139050038763315
0.21041895336388 0.393902729970894 0.0789007694840589 0.0405086763066557
-0.00812246323928162 0.535910884239818 0.0514212376578452 0.0756064566219843
-0.331291140375627 0.46344217209379 -0.00319769879592551 0.122413562338097
-0.570195753393698 0.184076696478061 -0.171648796623733 0.097288753555365
-0.494859616723159 -0.405630904968151 -0.243565449322057 -0.0850925990729336
0.00432329708982222 -0.714210706167489 -0.0712256077338052 -0.189022317762804
0.339367621768816 -0.583579325256464 0.133988574351702 -0.0569359488950355
0.228058386600799 -0.524641870639059 -0.286725447021223 0.0919450347333033
-0.178501205308999 -0.597355071505801 0.0178053781502422 0.258177491972119
-0.477142059392033 -0.240408342776925 0.137431841879722 -0.0627830280232938
-0.447248777865015 0.241987865782931 -0.0286741314193223 -0.12754943244373
-0.208643864022052 0.412677125996555 -0.145743986588299 0.00489278974681658
0.0241236969835557 0.431999050804385 -0.0291362536068897 0.165339111135286
0.204348441464544 0.355380160346287 0.120420350990207 0.169057637982137
0.210028761905374 0.324275054363791 0.14827841514754 0.145816593430625
0.158686578446974 0.351089962271099 0.149904860415003 0.176815586283826
-0.0287056754250227 0.454514236640575 0.0796183395859682 0.21324618855859
-0.283550931009704 0.368352247718387 -0.0281448875932531 0.222335625289721
-0.443414071259842 0.136768545780003 -0.179526320264271 0.138849663994823
-0.385093853210697 -0.308440697039974 -0.235945942282809 -0.00802792179592095
-0.00597729689694002 -0.587257197848981 -0.0813749659112199 -0.042969627862177
0.267732573180271 -0.52915410420941 0.0183272139824063 0.13656320387321
0.150478795726561 -0.448963584554838 -0.386425707685095 0.303435719476834
-0.187486522807749 -0.480193974853694 0.032304864068196 0.425113145416109
-0.395145936600591 -0.162954934018675 0.153644351010332 0.0212895029424098
-0.328631295390019 0.18991336533353 -0.0320340104671408 -0.0887093857385449
-0.150460504990563 0.302097552221736 -0.171014578409528 0.0838338873862484
0.0161786118925218 0.318539162886961 -0.0146105950735465 0.285994816590302
0.141218049488532 0.27019258184197 0.172995947668311 0.292005013555991
0.133003713977285 0.242949575636415 0.213468979769192 0.254175142869462
0.0835021072820324 0.255748788274338 0.196627500893023 0.282765487364732
-0.0467013801841719 0.303384203862241 0.093796136102132 0.306728236626822
-0.194293018939376 0.213056405434649 -0.0467216408491848 0.277043170664209
-0.249355132651095 0.0604284510622303 -0.16331679727437 0.150232708674256
-0.216139765200313 -0.167381627407265 -0.202913461144636 0.0462023295917027
-0.0141828224445623 -0.369756316005786 -0.0779268596169617 0.0622887929862582
0.155603044552826 -0.399030139673144 -0.065068729856134 0.287246343735433
0.0490261378190434 -0.289195637162184 -0.457982692576627 0.467257794018482
-0.152971786647855 -0.268923162611871 0.0295748505851267 0.549079328549089
-0.229982445766841 -0.0501807272272244 0.162206088405703 0.114050391755679
-0.140532539925739 0.100522667936457 -0.0141312578107437 -0.0477098683964649
-0.0674941916897281 0.132033369067768 -0.170698158173044 0.129847666287865
6.80712907163592E-06 0.14873168457545 -0.00618838538188646 0.354163993631233
0.0516496122182773 0.140340744691975 0.1956994910777 0.370562361921555
0.0356977815164662 0.126696563595997 0.246584677107518 0.325448429825654
0.000412050541805023 0.129449275859457 0.212110023129815 0.343957781118999
-0.0538592894309618 0.126579454190044 0.0925928539923546 0.348736266454174
-0.0871305975390982 0.0510580711406342 -0.0580104436891046 0.285327519915862
-0.0555423154771996 -0.00518582232077675 -0.130143679332624 0.137659655576683
-0.0578117824862497 -0.0208021327420371 -0.156265651862812 0.0754343783777344
-0.0335001406171435 -0.139289508767961 -0.0647082797163435 0.12028507191257
0.0266291285468505 -0.230343210977575 -0.108033487860673 0.381793210928541
0.0740149305868272 -0.0164067297852326 -0.166500117129692 -0.451967867589863
0.00508866119717477 -0.104763645940524 -0.146015980894319 -0.153324339548191
-0.0950962194834572 -0.0337537866124458 0.00278004874850378 -0.122450513831364
-0.0530603588472781 0.0992285332981624 0.00358496658286106 -0.13117364694691
0.0373863271372355 0.0823196540842453 -0.0766369280218758 -0.238674172674124
0.0685341179590776 0.0288602253327091 -0.267282854901372 -0.245158554845944
0.0611946957598375 -0.0256429647777221 -0.387414255548192 -0.176141995881579
0.0613255879236069 -0.041772840138533 -0.403231734176915 -0.134181824041532
0.0567113517694458 -0.0296095782062755 -0.37828616723275 -0.180491684313314
0.0425970140843491 0.019469285957499 -0.243935405824332 -0.262012725117789
0.011790438761129 0.0617846572996901 -0.0318921817917967 -0.231753111470349
-0.0610805138762165 0.0435480057915157 -0.0129205297916046 -0.0233047758335786
-0.05562705058919 -0.0840740724994694 -0.205034905175606 -0.0913536956241385
0.0933200542881418 -0.0937402172867096 -0.322404777173358 -0.412610356897879
0.130531311703637 0.0264324545570205 0.044410403109027 -0.758754296862756
0.0642585832224928 -0.20500701480315 -0.200189577196522 -0.440057009815735
-0.091927223771087 -0.227342927134632 -0.151455152133116 -0.151612677581832
-0.210533033271448 -0.0516457613692587 -0.0413894824254747 -0.134530220485933
-0.126360448932872 0.193118725636472 -0.0293748245394406 -0.0984348961326439
0.038069129992865 0.218101500177333 -0.0770594071709101 -0.190675342058863
0.150395852750777 0.150307935931183 -0.223069949488019 -0.208722544565954
0.201062286647465 0.041899440557386 -0.325486180183498 -0.168253526077187
0.220026241096498 0.0145869289706439 -0.34980317633307 -0.133886952407043
0.22092917461258 0.044275734538095 -0.325907739161846 -0.172380305212867
0.177966822732944 0.185796406714813 -0.21491617386734 -0.235088820481754
0.02520369648015 0.285667392554767 -0.0299862822290952 -0.195980465272769
-0.194545635695923 0.241712963222573 -0.049681595264544 0.00379013010372491
-0.327015080053397 -0.0825383476158555 -0.251698427393181 -0.0915847766626957
-0.112792541537613 -0.322132637787894 -0.318987032903113 -0.417896591738913
0.0779958088393906 -0.272709057010501 0.0400549209398079 -0.713261966932095
0.0392441615169384 -0.374329678881764 -0.233614523044153 -0.360791074820129
-0.20137169304237 -0.326166995861664 -0.132990404625096 -0.121330262184122
-0.323866742604083 -0.0515257214624182 -0.06270625897652 -0.151320321091384
-0.188306618800835 0.286205793444178 -0.0625314216161955 -0.0892907037435104
0.0390019066129174 0.340398885913019 -0.0942154582261764 -0.136749550100564
0.21865797633572 0.256479253217846 -0.169174701955011 -0.143150741655627
0.31469320559118 0.103172240040912 -0.223744912568596 -0.136937122309498
0.344542759370266 0.0688040820019465 -0.242652616135223 -0.115627560429956
0.350883944162052 0.114439047455695 -0.218232283451033 -0.138427054793516
0.283231670441821 0.330297272411854 -0.141157129304037 -0.170662220503527
0.0287299787023291 0.472658933142529 -0.0073989593848167 -0.122426118035276
-0.307699532970134 0.407137996418114 -0.0737285788884031 0.0551325607599228
-0.557355487530147 -0.0738500135658882 -0.279742106434264 -0.0531021504733273
-0.298333830913288 -0.511177521405903 -0.293602266637832 -0.360929887457333
0.0192684176429639 -0.525606541107584 0.0493881271277689 -0.570610586482459
-0.00462047551109944 -0.508549815885344 -0.253205003097938 -0.21227205942953
-0.327369408365979 -0.395436388402308 -0.0748356422744325 -0.0504840883751239
-0.440919222156024 -0.0195990428737168 -0.0529336621055408 -0.161529572259072
-0.232084933751284 0.38331341773107 -0.0903531382790053 -0.0918679416540271
0.0528000893725079 0.439871955628218 -0.115601465353642 -0.0706365499126582
0.273578074514409 0.333037427159682 -0.100390670488315 -0.0513489044084336
0.391288931729394 0.149694467108683 -0.0900149685871547 -0.0835179506801611
0.41857393309388 0.112095707423379 -0.0986364600302371 -0.0778901294948939
0.419943199251241 0.167430104915068 -0.073322500127554 -0.0828510556193061
0.337669246094096 0.424521743085033 -0.0326229133271172 -0.0758832108316013
0.0272860532174244 0.588418669707621 0.032552976349133 -0.016500875412317
-0.372660474296537 0.511044325733425 -0.0802528470323575 0.123034309355238
-0.690715384070532 -0.0544661366985387 -0.277551540967629 0.0161885531705031
-0.42293055593969 -0.615527747916978 -0.239192947265847 -0.247853188335927
-0.0335760183115861 -0.682718864882359 0.0629937005079101 -0.354162335473102
-0.054337650550613 -0.582363109261682 -0.24901585958612 -0.00173050562434477
-0.440722584396976 -0.417859388878688 0.0262311545072888 0.0570697540125262
-0.526644252930833 0.0321084032183188 -0.0127589614057907 -0.155573007735733
-0.246711707013182 0.454538492731352 -0.108774647203402 -0.0855838852775228
0.0692240534028782 0.490562706258055 -0.125021759562257 0.0146867913252447
0.299179297977628 0.363960593004604 -0.0132908610960052 0.0576950328536578
0.415030695594369 0.170388385943296 0.0620000024430074 -0.0133277341770879
0.42645294126483 0.134962718130398 0.0602595760884527 -0.0276070061809349
0.419027034170442 0.194968337919974 0.0849448409693209 -0.0163498528679525
0.33064175233529 0.445762097752308 0.0897468127816557 0.0296498392012415
0.0183987369777091 0.594517151591838 0.0819959846366191 0.0988960021350117
-0.363814864849032 0.504614059702614 -0.0707177378207765 0.188483721777367
-0.681160140381716 -0.0295861753888535 -0.24250490844827 0.0922492026148814
-0.452044818534969 -0.605643404196939 -0.160461424600907 -0.105084822940946
-0.0764463820569493 -0.711274213222687 0.0857938439798795 -0.107484412140734
-0.0999475756248217 -0.569644079821283 -0.21624270766214 0.242986715007473
-0.481975841435502 -0.378539256318077 0.152801145413255 0.187012553536048
-0.528788807468411 0.0776617139443188 0.0492193708134667 -0.123167266724726
-0.223216051066186 0.448706771311684 -0.10916340514187 -0.0625214882136232
0.0726065687575184 0.457134345885262 -0.113375011850759 0.109742710794111
0.278582804360702 0.336281157992032 0.0841227463582903 0.165761735294591
0.376552966382597 0.162536712394144 0.21041776244599 0.06112351383933
0.371628939419853 0.136553946177737 0.210489689532593 0.0267543398729142
0.34870583591397 0.191464336210098 0.227919722035443 0.0500860716153808
0.261600412804506 0.393792009731802 0.198143045560888 0.123724872078747
-0.00285750033162611 0.484983655438649 0.123596746352219 0.195580999585202
-0.286829520704054 0.384287950260336 -0.0517920081849173 0.226720021788924
-0.523703283886071 -0.0169162371271798 -0.187306303447667 0.15070696065515
-0.37896430504696 -0.486051294077509 -0.0792388345060067 0.0203101029666507
-0.106255811797486 -0.614049958613327 0.111781452189987 0.120793314951426
-0.123702226617161 -0.460785186793211 -0.165680483829072 0.47961975064812
-0.42351848643096 -0.278353116264639 0.269287486655547 0.316647879077959
-0.414812881825964 0.0951609100841932 0.120801146236175 -0.0664092323804246
-0.155542120017711 0.339732988009669 -0.0865493461701112 -0.0351493645088934
0.0545267273545093 0.333637872834782 -0.0873862394760072 0.1855698978553
0.203246907796131 0.249327094230834 0.166633617316049 0.250705499176234
0.274744358933031 0.131291293800149 0.32801607758039 0.128917139797437
0.257893920747215 0.116941975653307 0.329827881615162 0.0764970722262118
0.228494159564502 0.161073858644596 0.333223463236414 0.106828593157244
0.153023710165022 0.279891640246694 0.268256226944673 0.19076997398451
-0.0265925916727124 0.298616396654706 0.140496775020192 0.250034187732734
-0.171060291105542 0.201356324879056 -0.0326084726191189 0.225253238828403
-0.28648641446846 -0.00506189395003243 -0.128435158824302 0.17251166163074
-0.246096089403519 -0.29847240144085 -0.015328730871105 0.103716588976933
-0.121244370535805 -0.428633180338307 0.137426941117306 0.290370569928804
-0.121741495762048 -0.265342384761084 -0.111524232841867 0.662180173955717
-0.273636582581887 -0.126020205272254 0.349665365288176 0.423047210361889
-0.213295544286813 0.0944630379817152 0.194500381796226 0.000623438279737377
-0.0560644986168895 0.160266676625343 -0.0443140812829747 -0.0234640543299723
0.0224330619789128 0.14696096811012 -0.0614998798208407 0.217003850352883
0.0877703106445105 0.120967636890206 0.211062704572527 0.297245229380479
0.125134619796594 0.0800722911889753 0.392557293061356 0.178840987820731
0.105898332651022 0.0825479847197882 0.399712608763618 0.111930443382418
0.0824340976374728 0.108889694588853 0.386136430856238 0.146577370933519
0.0353881071128718 0.137704734581333 0.292921765147834 0.226479590970352
-0.0416293664450561 0.0965022194290739 0.134942118111416 0.264012948341554
-0.0490010809472459 0.026876578699012 -0.0165108802132108 0.192850392882995
-0.0566057407151469 0.0199246122295079 -0.0738134831299636 0.165293540401921
-0.11540538932507 -0.0902581709704236 0.0269737792727776 0.141120038558912
-0.127323462515174 -0.201580204789037 0.158633683833474 0.385265808537597
0.0783915107363823 -0.0205833488666067 -0.180143140231322 -0.45679381521563
-0.000500858119629253 -0.111477340701783 -0.152136919708214 -0.155143752625905
-0.102262429468933 -0.0329263521435488 -0.00716200011714833 -0.130840121125061
-0.0510856450399342 0.106071083352961 -0.0062660648035602 -0.132622833325759
0.0426309300693869 0.0839485380890359 -0.0901225166959966 -0.238977378511444
0.0748897806062748 0.0261163269406414 -0.282466642942187 -0.238966118106783
0.064188091533442 -0.030852958645988 -0.401948168155738 -0.166673791710503
0.0625413729328048 -0.0475385012634244 -0.420239891910963 -0.125078264644809
0.0589301276503743 -0.0341843512187235 -0.396013879418004 -0.176827279057925
0.0464632910849902 0.0193699673598952 -0.257208228601657 -0.263376502143
0.0184073180914157 0.0656460226450211 -0.0384004462185317 -0.238411328172116
-0.0615641843309606 0.0496197612876988 -0.0109611529870971 -0.0202107637461832
-0.0625420504986759 -0.0841776676828628 -0.217346883746504 -0.0857389824273472
0.0930165297159842 -0.103578904398237 -0.347309052243221 -0.411863898128358
0.138407245608637 0.0215074146791553 0.0294376091911473 -0.779851438229262
0.0648874319320807 -0.21570395001007 -0.215519704082412 -0.44362485112922
-0.103100068571289 -0.234451793397404 -0.157009119477273 -0.153413723428018
-0.22094521480369 -0.0502041750286789 -0.0548112668343294 -0.140210406163582
-0.123393578152525 0.202944571721108 -0.0385364960248087 -0.0973823272269123
0.0482798871218368 0.223742125079235 -0.0885121507115194 -0.18756777926432
0.163083924745822 0.148155416436029 -0.235135517063505 -0.203327619756264
0.209466630539202 0.034276907396164 -0.338988650235056 -0.160953580807063
0.22742621502396 0.00555450808827034 -0.363722338586492 -0.126950384169697
0.23023676607857 0.0360541300030635 -0.34098872655629 -0.170627421970661
0.191668162937461 0.18517345224005 -0.226288199092824 -0.234685443228178
0.0398632315912761 0.294052315141012 -0.0351876628436056 -0.201414975801489
-0.191877172080583 0.255624953801 -0.0477986896885369 0.0105135782900394
-0.341501895145948 -0.0767481162726166 -0.26489100191798 -0.083434661100465
-0.125216058928912 -0.332631587382831 -0.344431569016242 -0.416978771644694
0.0790675691644629 -0.284682369309919 0.0245786947869962 -0.733336689409981
0.0364846199514693 -0.390681590651304 -0.247856095883735 -0.360828018299425
-0.215937193104188 -0.333531140882199 -0.1352500368045 -0.121809297596588
-0.336427471003768 -0.0480241343770995 -0.0782944760482276 -0.156038543436596
-0.185426760156219 0.297352298922511 -0.0728978164672652 -0.087102255005463
0.0528799416565458 0.349107387832345 -0.103668416474465 -0.130168449705916
0.236776953399066 0.254933646426463 -0.176793567600122 -0.138434724935126
0.328545392641137 0.094166521075117 -0.233734051311942 -0.133832932457159
0.359062319500135 0.0565593010837024 -0.25191026865063 -0.111151337134562
0.364473519316336 0.103736088158802 -0.229343903589015 -0.137959510771207
0.305062725597993 0.330317473616787 -0.147031368318186 -0.170037955490768
0.0508416452932667 0.487292503813861 -0.0100864648040561 -0.12574395755016
-0.303899541112874 0.430060749952493 -0.070112079005827 0.0649852421591485
-0.577060467361826 -0.0614214361331384 -0.291391713245238 -0.0409716507313961
-0.321049010723151 -0.521452471350103 -0.316150112067555 -0.356508701960581
0.0152958371739364 -0.54266719912396 0.0333275940409924 -0.587238209982335
-0.0114942062920213 -0.526878637659414 -0.263858523835656 -0.206798953193413
-0.34800901149575 -0.400087940899991 -0.0732793305077538 -0.051897950655048
-0.454102386635634 -0.0128075955317919 -0.0684436812055019 -0.166678607412447
-0.226582382525928 0.39980733794118 -0.101623267039793 -0.0882167707595865
0.0703089823621819 0.45139700187127 -0.124177265415789 -0.0606083772148057
0.294640512661353 0.333434245504355 -0.102902818194193 -0.0462870268300419
0.40771643092584 0.138913503463606 -0.0956181225340317 -0.0843278482684881
0.434505477382925 0.0988137612146759 -0.102558655871896 -0.0775721700200281
0.437763292948228 0.155591644831372 -0.0774816637133971 -0.0848049196571577
0.364759834949535 0.425450413138426 -0.0317564793355405 -0.0764196392937388
0.0502983701485832 0.605581592824089 0.0349215762214633 -0.0181754019110087
-0.366778249902375 0.535468182963878 -0.0749887586537529 0.134838008070756
-0.713180985429508 -0.0374756577917267 -0.285179642282511 0.0309509700915122
-0.453523902472813 -0.624615901127604 -0.255870597688392 -0.240341849242143
-0.0417601730057812 -0.702519299764141 0.0528615225091369 -0.366909318538654
-0.067232396015757 -0.601836740109247 -0.254914937996833 0.00979284561246549
-0.464824721509677 -0.418623806971057 0.0345423971596165 0.0555455572205589
-0.540754528040228 0.0448036398195866 -0.0260155109116592 -0.162216239947075
-0.240892573674563 0.473564373230273 -0.12032565639138 -0.0822589914487373
0.0889996577005293 0.505074375998848 -0.131190202263312 0.0288756984081168
0.321670277688631 0.366139656432031 -0.0103636602990997 0.0622235461848954
0.431472329939074 0.16119992475899 0.0616395100763463 -0.0186939045408656
0.443132456031843 0.124125225511151 0.0629865481082904 -0.0310127616240739
0.436302397222513 0.18495535221005 0.0878885018418043 -0.0213775562916475
0.358872246585778 0.449392165693579 0.0986925415338226 0.0274775949328419
0.0408874577847555 0.611281565095379 0.0895792630925332 0.0990554691113839
-0.357913071252775 0.526855831138097 -0.0618530674369385 0.201737895343108
-0.70020791505358 -0.0153461197347524 -0.244776806207416 0.110563038182993
-0.484520069279618 -0.613127534763991 -0.171542044893666 -0.0961753250290318
-0.0888466807973124 -0.729049215615902 0.0794116447044913 -0.114459685289533
-0.113819798822675 -0.587662583384645 -0.216367154113628 0.261426060528511
-0.507757078534518 -0.376778203080827 0.168750587182836 0.184821054947748
-0.537992628741486 0.0913828540259957 0.0404089900582992 -0.130535395141711
-0.216545607580522 0.466564833781726 -0.11947042229654 -0.0597612654537686
0.0900208395772141 0.470433026188545 -0.11679384619683 0.125329009009552
0.297430428910003 0.33835306557568 0.0923870484699788 0.170874557956263
0.393100492853356 0.154158383673073 0.216061472379187 0.0524411996153554
0.386289819438712 0.127312061828824 0.219526580734084 0.0202713566038804
0.364233370027282 0.185679478406694 0.237789643612549 0.0418678029397506
0.283948464142833 0.397019493987805 0.212767770664508 0.120658354165432
0.0141467239341215 0.497705443487423 0.135111182392973 0.19449968138381
-0.282768963942595 0.399845737185971 -0.0419762105172341 0.23907353948409
-0.535185752451264 -0.00600253977610163 -0.183750398024533 0.168056181350245
-0.402257151305526 -0.490653362734608 -0.0836074766510966 0.0302017566351728
-0.116732455873142 -0.627234847649858 0.111383779134158 0.118024271084497
-0.138498878213437 -0.471668684346117 -0.159461673857845 0.501730220288624
-0.442818831759941 -0.273005441035501 0.291052974152684 0.316252473810335
-0.422164720952971 0.109794203932971 0.119037070773672 -0.0747568093148188
-0.148756832226941 0.353963648286717 -0.0939794875775754 -0.0332944879547547
0.0664484100891146 0.343363738998629 -0.0878388413653492 0.200439859194897
0.217457920819625 0.251415990153766 0.179226606984524 0.255499934188116
0.285886790243083 0.125641148339989 0.338924668958426 0.118616907033785
0.267709670658649 0.113119932558758 0.343464119954588 0.0670315398734572
0.23956798720142 0.158694635816908 0.347360243900454 0.0968324869105982
0.166829699236582 0.283933250220494 0.285469184871492 0.185807303023344
-0.0191938923185077 0.307029302690937 0.155392635235125 0.249752009675088
-0.170030730904631 0.206844589056986 -0.0220280438308875 0.234175654856294
-0.288946564248088 -0.000215025477350413 -0.121817893809494 0.189186898789612
-0.260253999591193 -0.298193857854747 -0.0137050101773085 0.112686600768493
-0.131159007071044 -0.431959897857221 0.141353576496082 0.289267390199982
-0.132514619805317 -0.269900015590736 -0.100549497399849 0.687288124421447
-0.286114768050683 -0.118794472702069 0.375970836865782 0.421819107674801
-0.212714822203911 0.103503109928186 0.200161698043875 -0.00833814169538044
-0.051721332635519 0.166217637942623 -0.0497696934952642 -0.0232800001525268
0.0272006543045786 0.15149762140325 -0.059507518096077 0.230841415934291
0.0937020894568062 0.122316918434378 0.225982483463813 0.300207014884824
0.129686742880101 0.0794720316074449 0.406749069212161 0.169676340264217
0.110629874125218 0.0834767817810434 0.415604013808315 0.102869026674946
0.0869089594273405 0.110915909954743 0.402143414122339 0.136935919752774
0.0397989281483073 0.140371060144206 0.311664727470099 0.218919472818809
-0.0421757327022207 0.0980009553887432 0.15065861782518 0.262778966675233
-0.0496993610342691 0.0238705819336334 -0.0061243120490687 0.198250998006105
-0.0512503824806848 0.0196791983575417 -0.0648203104911096 0.178905036653774
-0.120546814616434 -0.0855865184884126 0.0317355030804507 0.147980033226442
-0.136883604610676 -0.198189090736766 0.168522795732349 0.385189295353994
0.0807196669065635 -0.0275748360759963 -0.201028101076635 -0.450989244780062
-0.00977131054002327 -0.116617525458533 -0.15863337440759 -0.151021940253212
-0.109460855267593 -0.0292674492935191 -0.0210286737586865 -0.135148551685031
-0.0463952655496707 0.112214296355976 -0.018754165137705 -0.1306034926608
0.0495845960521487 0.0832515696037495 -0.108104679870544 -0.231252138818044
0.0800247287216232 0.0206010755665356 -0.298654837329875 -0.221891956657355
0.0647818836883705 -0.0368341333443947 -0.413803048544888 -0.143415068119123
0.061060334442134 -0.0545344673112949 -0.431543288353679 -0.10393217902941
0.0591231339376999 -0.0399917378946681 -0.41034061196874 -0.159253412908633
0.0499836386383381 0.0173452289261574 -0.273820608720506 -0.253484786745746
0.0257665313615375 0.0662982212649764 -0.0485390456758933 -0.24070114445886
-0.0591525041122967 0.056052186853103 -0.00807714628009621 -0.0168181399369142
-0.0702827395304374 -0.0821695682234235 -0.228571313358532 -0.0729059448022046
0.0882380378147456 -0.113286342547023 -0.373822629713715 -0.39457071618532
0.143914703913201 0.012894004574214 -0.00292712779624207 -0.789414282630247
0.0590642384238389 -0.22587009519231 -0.23556285627246 -0.434103870249095
-0.117912730160044 -0.235858090826526 -0.162724630838348 -0.14906496523588
-0.229871133915525 -0.042522435682164 -0.071107527173261 -0.141437960963002
-0.114051154401351 0.212882274262212 -0.0500124804325504 -0.0931435166717543
0.0628307448522374 0.22459426295861 -0.102149659130432 -0.178048672669556
0.176247385658012 0.14040088194306 -0.247206395089559 -0.189338342476645
0.215569338738007 0.0206200593546938 -0.350106506338478 -0.144123908557932
0.230731273930345 -0.00967384608130118 -0.374723940454296 -0.109904787547626
0.235540525889478 0.0210216986576046 -0.354680984923742 -0.155446517847079
0.206887097469725 0.176379375590205 -0.238802018197669 -0.22589378926022
0.0595580874165457 0.296028861100061 -0.0441722585046899 -0.201862924941813
-0.180172132758624 0.271117189779382 -0.0442810122345619 0.0176575496885424
-0.351998772678423 -0.0605813568397953 -0.275862880389093 -0.0664091687627368
-0.144710659029571 -0.333884044102402 -0.371045050444518 -0.398323748710843
0.0721570453516624 -0.295504053687366 -0.00883531031717569 -0.742454558798115
0.0222226189263839 -0.40275676231067 -0.264707565893126 -0.349022880238858
-0.236472453236778 -0.330288146581415 -0.138900103986808 -0.119990156451183
-0.345212529281597 -0.0356499995831082 -0.0968030569652765 -0.155330577213474
-0.171732396354345 0.311012542789683 -0.0833938956956748 -0.0798273249578343
0.0751974035363426 0.350669657922079 -0.114219787150742 -0.117906120276572
0.257946205239813 0.244515806273546 -0.184317774293452 -0.12757301713938
0.338660588824468 0.0743105585228526 -0.243762036922402 -0.12283507535208
0.366362316557029 0.0360072755270122 -0.259351468037401 -0.10035147328522
0.37533447791026 0.0821442473962494 -0.238845231184056 -0.129167718669835
0.329943869476597 0.317699846864938 -0.154218939916247 -0.164701866024517
0.0791225430689543 0.490432274321762 -0.0148570609019864 -0.126860393592059
-0.284416603745953 0.450415025681211 -0.0628036649563171 0.0757900818504532
-0.588860916992064 -0.0342869646267444 -0.298842796767844 -0.0206675082814713
-0.35363091760472 -0.513646423779052 -0.340047196772148 -0.338804397848551
-0.00278598367329851 -0.553969782603492 0.00527655188306494 -0.595459384496344
-0.0321689192353883 -0.538314301641713 -0.274535894493424 -0.192022795606998
-0.372500091832546 -0.389103134826263 -0.0710622007616163 -0.052774237919055
-0.462800482863286 0.00602721685790203 -0.087880750875549 -0.166477023558575
-0.208697019681734 0.415066425498241 -0.112692385527364 -0.0804920357976702
0.0975634100018344 0.454367538674516 -0.131340925214732 -0.045799184437937
0.320129912061445 0.322249513775596 -0.104617922592128 -0.0387134789050602
0.420152344813339 0.115928059534503 -0.102689744327639 -0.0813368280866095
0.445077134208852 0.0752164216520609 -0.105452420520648 -0.0740029772512516
0.451373329123984 0.13193707136497 -0.0819839676302887 -0.084134020933163
0.396292953513802 0.410664439559292 -0.0315288128265542 -0.0757755081724637
0.0859823750016163 0.610636857938439 0.0363872753238636 -0.0202041950890481
-0.343492607391326 0.559588062830399 -0.0634971780176642 0.147139334312864
-0.725792925477163 -0.00525900630952027 -0.285894144579523 0.0536723433224194
-0.492133246396903 -0.612774740963529 -0.272867158133884 -0.222582516851355
-0.0663394684155717 -0.713053669219974 0.0325033546821999 -0.373130919385662
-0.0927400771596065 -0.610996177295924 -0.255993228832821 0.0264631459125084
-0.490642609181993 -0.401395985164315 0.0435670057625526 0.0493171700015543
-0.545801548566847 0.0671272448596983 -0.0432879469861847 -0.163819423761146
-0.219044661670729 0.491108816595398 -0.131131308195595 -0.0753645899668617
0.117596236785308 0.507492125934625 -0.134714145517974 0.0452675227060229
0.348200072567317 0.354337243614623 -0.00523331976152111 0.0664145769454948
0.44536573723453 0.137007448010372 0.0583740033997886 -0.024463601139937
0.454342912123161 0.10001365173353 0.064449502883862 -0.0356048943230607
0.451252134073704 0.161690315164112 0.089127805357298 -0.0286583682121624
0.390012376872656 0.434877078506866 0.106635385838304 0.0215688075139008
0.0746237636364808 0.617202452646465 0.0986451373672072 0.0943237215620897
-0.335055959732424 0.549541845728251 -0.0470983478647073 0.212022245928984
-0.708491119480362 0.0168779559364563 -0.238184919345818 0.132735123928651
-0.520177935888746 -0.597769629438235 -0.179684973080652 -0.0806743901299849
-0.11390334823287 -0.73684421922909 0.0690413886992564 -0.120335854789691
-0.141892000821057 -0.59347324196862 -0.205464180498373 0.279312351724087
-0.532592019673342 -0.355806992232737 0.185897309488718 0.173619848186602
-0.540991206567083 0.116227972262439 0.027370533300772 -0.136401313612932
-0.192605530547812 0.482162409541455 -0.128287096122855 -0.05271576139461
0.118028443357179 0.47226235718664 -0.114850069260354 0.142129387225709
0.322277179646138 0.327529831552531 0.103863555415293 0.169679062790977
0.404131518164251 0.13512649895447 0.217387513292131 0.0387432302089079
0.395940594191946 0.10764461528543 0.225513416242472 0.00786736861147906
0.377947443442338 0.167149590418846 0.244849436722871 0.0276775155856275
0.311219578170291 0.386995100333013 0.2274551052634 0.108254402600023
0.0419955501661293 0.501296504509804 0.150196900116101 0.188215258077682
-0.265921501844793 0.415233115056968 -0.0240441633804462 0.247071806446329
-0.539928293361674 0.0151091092497568 -0.171582382339342 0.187873392521814
-0.43052325310068 -0.475711561670265 -0.0839270664835282 0.0421935793936625
-0.139668355106661 -0.627788922587767 0.111135993922075 0.111080640913246
-0.162268489056137 -0.472648119852053 -0.137514255961104 0.520831409715757
-0.462648464678562 -0.250413592380289 0.316256927255373 0.297503985252956
-0.41833230280651 0.130781020237181 0.113529143032504 -0.0842372769492159
-0.131472523536845 0.363626823227198 -0.100739468496247 -0.0288255635682571
0.0860576744386276 0.343688397559482 -0.0815443485169382 0.21550879124306
0.234319595608423 0.244520549465032 0.195413677945726 0.251829090713677
0.294870950786369 0.113190392830293 0.345128875445026 0.0996919427258667
0.276817737248674 0.101231447759518 0.352697035319674 0.0483048027102336
0.250129005438642 0.148950622057985 0.358805499622349 0.0765873924287439
0.184296489451784 0.278826866439075 0.303769770412595 0.169642766985528
-0.00452301132935976 0.310700264781002 0.173766917574378 0.241122186140663
-0.162148769577903 0.213083631339923 -0.0051709758006168 0.239101947680711
-0.28758933251302 0.0103731925896977 -0.105688468759996 0.205305554839002
-0.276452063388929 -0.286433148777261 -0.00878770096611005 0.119611393311054
-0.14735917206939 -0.426247467954621 0.149075747860932 0.281209548014419
-0.147887565693618 -0.26660881938526 -0.0709839539771268 0.702987554098069
-0.29524653029107 -0.10326660636246 0.405304092067338 0.403059746812246
-0.205990993231923 0.115856355707502 0.201617108175235 -0.022211204869909
-0.0420343628023889 0.169797484884326 -0.0546294692271939 -0.0220059841907888
0.0354067624173146 0.151665172848939 -0.0517060081760465 0.24163909664718
0.101211260444213 0.120045379468765 0.243423804348609 0.296308086672947
0.134033195582804 0.0746708656281174 0.417782756271874 0.148120152754686
0.114783100608975 0.0804336666746663 0.426949516667879 0.0806014914323959
0.0935935959514824 0.108781382857328 0.415650174684002 0.113064718857654
0.0470099991327788 0.140511114567093 0.329968935524832 0.202184012739517
-0.040733635460775 0.100554074837188 0.169680888442634 0.254257379445607
-0.0503356954018507 0.0215582678684412 0.00917380713923849 0.199073396216424
-0.0452408426609572 0.01855485731176 -0.0488650906600834 0.190245983496991
-0.124449706598045 -0.0770395381494032 0.0391499417855536 0.151378968364334
-0.146598539149441 -0.188048336243247 0.181372632293767 0.375802097785645
0.0802856628304576 -0.0350398425425492 -0.216745064236995 -0.432766761474985
-0.0196950201523391 -0.118464960468043 -0.16136811615475 -0.143706180695706
-0.113998202447734 -0.0230849782351093 -0.0357770081983574 -0.135068984859973
-0.0394933360398581 0.116004055867102 -0.0308101497213073 -0.124045820550069
0.055135246350548 0.0807718089756642 -0.121411267537065 -0.215778399285819
0.082836726033682 0.0136082816690399 -0.306519287051444 -0.199839975131715
0.0634488557903442 -0.0426959693694685 -0.413936504162568 -0.117659802654058
0.057076565825516 -0.060031318185411 -0.432784341896256 -0.0802666391153454
0.0565465975871434 -0.0457142738526078 -0.413618529036363 -0.137193295398572
0.0531852856918679 0.0142014434897618 -0.282744553373514 -0.237330022239848
0.0325882556073699 0.0644076050773897 -0.0584923629228121 -0.236611322211916
-0.054459433419836 0.061279929138556 -0.00440471258018637 -0.0138840088779571
-0.0765756949400845 -0.077548623973166 -0.232710245511983 -0.0552728046294829
0.0794574254463615 -0.119787726574909 -0.390700134680919 -0.364494414119261
0.145192120668874 0.00271783609659431 -0.036192104440006 -0.780011675278046
0.0502800943282034 -0.230909580567735 -0.247730736432397 -0.412814647111341
-0.131830587468395 -0.230487669032705 -0.164326269793887 -0.141653537749735
-0.233597305552461 -0.0316966398531132 -0.0868546253826044 -0.136872869047286
-0.10143417406732 0.2179648605956 -0.0588558365979465 -0.0842273548233723
0.0758825399833437 0.219139003278984 -0.112339454116089 -0.162631568127031
0.184516448343846 0.126080238078891 -0.253173352987705 -0.170422570527057
0.214739250612397 0.00524288993036051 -0.35267768942597 -0.123179459230937
0.227044729230492 -0.025810442899477 -0.374877821187253 -0.0898161174810732
0.232952838956419 0.00506680242325967 -0.359308917237959 -0.136444122532225
0.216445319165304 0.162563526053983 -0.245494303529653 -0.211548386938428
0.0785566973852046 0.29026220004588 -0.0519596254409731 -0.197986327247157
-0.16243763299901 0.278587120001483 -0.0378533907592271 0.024384553720519
-0.353473639544321 -0.0420973228540998 -0.278926215006336 -0.0455452724652608
-0.161154140087679 -0.32618540290195 -0.3876279797317 -0.367573785748675
0.0622739927557021 -0.299713032932294 -0.0433942648100565 -0.731657157459292
0.00519745998540695 -0.403961774861072 -0.272351483525815 -0.327326352391021
-0.251684741439478 -0.31639612690694 -0.138616811917538 -0.114757570672879
-0.346058708139174 -0.020858251039404 -0.114131561884834 -0.147924893784244
-0.153398913178832 0.315207011765726 -0.0910084744204987 -0.0702276974794075
0.0950333248989736 0.343346650464615 -0.120989614247234 -0.101512380329108
0.269899068776615 0.225957137458917 -0.186758354006515 -0.112973465624894
0.338670551846404 0.0524752204351434 -0.247876576199368 -0.108048649277534
0.363714544296346 0.0129743858099421 -0.260170395362361 -0.0859217068471458
0.373351563838821 0.0581934604461021 -0.242580371743975 -0.11643426336618
0.346213684741343 0.295159615374711 -0.15660193128033 -0.155598254090483
0.107753457305501 0.480380393399501 -0.019244950060929 -0.124148522736691
-0.255969490050658 0.460683236269007 -0.0530484616217658 0.0829527908463181
-0.586214718210406 -0.00486184664701743 -0.296218466396527 0.00217764382709549
-0.37620785956604 -0.49501912239864 -0.353405059880269 -0.308723439999391
-0.0211619644862844 -0.553706013070586 -0.0252100185678896 -0.58594148752481
-0.0545061835659931 -0.538032274029434 -0.276010981191796 -0.173447012374161
-0.388314614698709 -0.36729296563126 -0.068149289777843 -0.0538761337029806
-0.458046563521965 0.0251194889361519 -0.105899660807403 -0.158934293743502
-0.184901574081058 0.418239360517766 -0.120847728635588 -0.0704236877482828
0.121832912289937 0.444176063542445 -0.133348227338305 -0.0277912141518421
0.335876753839581 0.299732334135301 -0.103497083077093 -0.0299750609129364
0.420479508492624 0.0898667109062459 -0.108280902407682 -0.0755191634593723
0.442420189498 0.0487480385114757 -0.106180177825792 -0.0690065001844645
0.451328993577819 0.104514131992239 -0.0841190046335796 -0.0801885219881467
0.416132261702152 0.384640479634502 -0.029527588212111 -0.0750217847150358
0.120583891470887 0.599364120258298 0.0372350184500513 -0.0225374644941605
-0.309260754970851 0.568207948086489 -0.0483878759132142 0.154347769143878
-0.720363819157587 0.029642336510748 -0.277065029918796 0.0753223299667679
-0.516788917284433 -0.582470322476452 -0.280624852185603 -0.198035535878839
-0.0919748692775617 -0.706579105499071 0.00928222467374746 -0.36908914837586
-0.117681978976036 -0.60422053141631 -0.247829776960775 0.041914224583587
-0.503947629231689 -0.373032732315467 0.0496857434057443 0.0406094489401862
-0.536705324484454 0.0896170659193144 -0.060653021134929 -0.159265304740096
-0.189120301284411 0.495757059813759 -0.138389936368067 -0.0641889792926515
0.144676520215588 0.494487724859386 -0.132223975180723 0.062026593997325
0.365826184472912 0.330425219824103 -6.71501506618505E-05 0.0688262066092819
0.445542260084275 0.110390358313095 0.0526963585829264 -0.0288722943162575
0.454546671663886 0.072256780121841 0.0639381472118703 -0.0404142164576801
0.452395366884655 0.134230750320336 0.0886294891994974 -0.0343222666098026
0.410252336471905 0.409407017407456 0.111944218087731 0.0133143857764216
0.109304997293549 0.605663493190167 0.104296189884964 0.0867034011705086
-0.302189070610809 0.558231522151748 -0.0280725604624261 0.217018892575446
-0.700197155908991 0.0488857748259052 -0.222441263626528 0.151222788808308
-0.544605553902485 -0.565185871684171 -0.18134085106411 -0.0626556220215586
-0.138897603572876 -0.726205851123746 0.0560959169316805 -0.121428302742527
-0.166854226984319 -0.581581684217635 -0.188078483794965 0.287777120889464
-0.542665931338226 -0.322689381918752 0.196293591032231 0.155005633179561
-0.5275944871209 0.140318337408988 0.0131207360002507 -0.136955198843733
-0.164089293765535 0.484406054849669 -0.133913667230953 -0.0453077026841472
0.143060324022257 0.46062321255347 -0.108275158307371 0.155405295085419
0.337927528802248 0.305699361240329 0.112661778647713 0.165295356702802
0.404834152052715 0.110460034272857 0.212756065270793 0.0247142066764115
0.3959192314098 0.0846704115743454 0.225239407074169 -0.00604108303724246
0.381507001519474 0.145435380906804 0.244813784254629 0.0124480330304232
0.330429893881293 0.365721458154408 0.235093442304192 0.0909572414878746
0.0668569638553687 0.494251820423125 0.160631416427578 0.175338127151117
-0.240851878846044 0.419368286643329 -0.00452306917285716 0.248523478097383
-0.530203492311591 0.0390328149102403 -0.151127414285157 0.202931610601313
-0.448971377765621 -0.449831671290249 -0.0803641333333263 0.0528312602623184
-0.158448911714059 -0.615205495167381 0.106612901664493 0.104316881221542
-0.182876014675103 -0.459849698371731 -0.109923985451692 0.52357315474587
-0.469240553961917 -0.221099841166058 0.330666471797446 0.272129751826159
-0.404989704225813 0.149058507651584 0.103255812592353 -0.0913110874444087
-0.109187355528026 0.364690645491024 -0.104394169777527 -0.0234396882460822
0.104614434343145 0.336258932356404 -0.0710899445351001 0.225756118118914
0.246006365720452 0.229272697229754 0.206584155826985 0.241363170379133
0.295354669534176 0.0958414833619125 0.342153238240295 0.0786311521627078
0.276620823991814 0.0861167983831115 0.352974903832289 0.0274322083764711
0.253434157463953 0.134579916899081 0.359885753333714 0.0545731386118928
0.198270740920108 0.266793710397443 0.313407159074331 0.145982491913145
0.0100653757329181 0.306779091217166 0.187059141672859 0.225128997410206
-0.150117394295555 0.214037830753668 0.0125910826444452 0.237422076852921
-0.279401252417772 0.0204170701073018 -0.0843239668238698 0.215028093428838
-0.286087122698477 -0.26675342662719 -0.00213089104072744 0.123322123355066
-0.161521965584845 -0.413469906238861 0.152998021818443 0.268392765360621
-0.15953906306709 -0.254938627535063 -0.0386064468261637 0.702255258935549
-0.296375461569986 -0.0829036944658539 0.421952964534107 0.372632012461009
-0.194411938054321 0.123682322147581 0.198418035456549 -0.0362226239454068
-0.0304433319456152 0.168380203080789 -0.0577336618081461 -0.0207566867046081
0.0423929662282125 0.14774234734869 -0.0408924265579619 0.2479563678151
0.106369116181655 0.113588593443183 0.256820377857613 0.282527674822597
0.134260574966171 0.067685450931668 0.417764754266336 0.12328946264685
0.117043458576596 0.0758101668572945 0.427804373575527 0.0571872913912348
0.0974947325893176 0.104840547836333 0.419604032542188 0.0870560116583408
0.052864925593606 0.136715485856643 0.339248149237027 0.175596246028305
-0.0381853216324071 0.10044020654464 0.18388513216103 0.236457769601241
-0.0507537071184256 0.0191805605620242 0.0231412396619481 0.19426348142979
-0.0381896428977811 0.0169006767805769 -0.0289226612501133 0.195191329174565
-0.124379925602535 -0.0657611566793145 0.0471852020497606 0.149828582632962
-0.151752043064693 -0.173231392991964 0.190555780585891 0.356830486625887
0.0776162409272088 -0.0405314302040108 -0.218092720478378 -0.410733867983539
-0.0283767694436373 -0.116559733124057 -0.157958923398735 -0.137429734823973
-0.116646509942369 -0.0178142911920943 -0.0471268953541316 -0.131523041163821
-0.0335766835435879 0.117151767622868 -0.0396372623798524 -0.114979780955469
0.0580956805058227 0.0778448731348503 -0.127784452270916 -0.197832286936897
0.0831257418321564 0.00769071763003526 -0.304276646554074 -0.178274296172104
0.0612827512495968 -0.0471400432810917 -0.404959014472256 -0.0981677376803395
0.0525766617931195 -0.0627277820078345 -0.422605418225779 -0.0621797695759372
0.0530516210434678 -0.0495678799534691 -0.409118912997847 -0.119438340414729
0.054608879583097 0.0108300957551764 -0.282125208956482 -0.222656248859272
0.0374606107347604 0.0610128331705292 -0.0625466425512017 -0.230224469890444
-0.0493533717818419 0.063804363977602 0.000239652322216727 -0.0114065793453972
-0.0800649898495064 -0.0719200591129229 -0.231298387567582 -0.0400864245194079
0.0709099588806052 -0.122529063822332 -0.392576720138968 -0.33516329915624
0.142688471728895 -0.00519217358542115 -0.0578107030386027 -0.756621771322475
0.0426785675292051 -0.23156348159587 -0.248769327266492 -0.391685132933405
-0.139677516908067 -0.221534134136632 -0.160230018468968 -0.135546685109321
-0.233232180116431 -0.0237941800973526 -0.0976769073488934 -0.129647672640487
-0.0904842174715459 0.216888603612884 -0.063640440418719 -0.0743966108529801
0.083458149627904 0.211155370831798 -0.115620583587706 -0.145880998324496
0.186991588137147 0.113810594947664 -0.250749336824798 -0.15299360927473
0.209048706857581 -0.00547554024589592 -0.346339266686314 -0.105109023495993
0.21851292875485 -0.0357246696554503 -0.366279113669158 -0.0744508777679378
0.22528307015888 -0.00582728433447431 -0.354114395485835 -0.120936566505896
0.219259493505899 0.149147230252 -0.242674462772699 -0.198989672718961
0.0900607854120892 0.279291116353916 -0.0552236472120017 -0.191299018966008
-0.146949560298696 0.277458392150029 -0.0306688932810926 0.0290276219637785
-0.34774430782657 -0.0292620434527746 -0.274529231161984 -0.0282280590776648
-0.169215865522374 -0.31541587092061 -0.389926179790485 -0.336856980554104
0.0561518383580496 -0.29828217168547 -0.0628899661999444 -0.70964334936959
-0.00565556894598787 -0.398709933093009 -0.269591467681584 -0.306790192771792
-0.257426594383418 -0.300011302600794 -0.134146951229762 -0.11121077327185
-0.341079501402553 -0.0111600623139931 -0.125294483784183 -0.138289089313447
-0.137193870469749 0.311997539160704 -0.0948629681855011 -0.0597176169416318
0.105934212793983 0.330942911873164 -0.121504312194059 -0.0846882784583505
0.273880888383625 0.208726408641819 -0.183577067043835 -0.100191146939102
0.329654604729415 0.0364587493192111 -0.244718511559236 -0.0959220045854051
0.35235225725339 -0.00386765210404121 -0.254972826864848 -0.0768410179271573
0.363028966947122 0.0408684525659027 -0.239229530362181 -0.106096062130986
0.350010015808587 0.273589937363976 -0.153487046592017 -0.147851238504695
0.125521101411976 0.464952959783748 -0.0206516545515349 -0.120709708209377
-0.232275781138027 0.456867431404388 -0.0414168670156051 0.0878705287836469
-0.57149563795184 0.0128738550979207 -0.287635770881547 0.0195263547251858
-0.383178918439675 -0.470877873851705 -0.353278285888419 -0.280560671158746
-0.0307106472781351 -0.543591713107047 -0.042686047249545 -0.567553729737782
-0.0686020843012973 -0.525423199800965 -0.268390247857694 -0.156483864347361
-0.390213417798972 -0.345661380572243 -0.0646793899325006 -0.0553373311426219
-0.447340486157932 0.036061250322358 -0.117324521057885 -0.149117136796396
-0.163778307625592 0.412173138874302 -0.124448763457246 -0.0597129296230402
0.136216655435606 0.427540904772611 -0.131646308995347 -0.0123050668935458
0.341210661659978 0.276384230648821 -0.0992391678812143 -0.0222690189195645
0.410208446625877 0.0706410743729305 -0.110353100169678 -0.0690458431897277
0.43082664529574 0.0281273748910235 -0.103508223291867 -0.0649482751006072
0.440100619930795 0.0837429284904401 -0.0836090705963608 -0.0768438363913816
0.421415383722337 0.357401314687749 -0.0267541584032708 -0.0743977049328239
0.141900695805397 0.579850045163339 0.0371319718512911 -0.0236888826348915
-0.281504953882396 0.562736534862253 -0.0338243507129123 0.156612587679634
-0.699421027091093 0.0515625904021814 -0.26304826472076 0.090289941822429
-0.523773720309744 -0.551148818728637 -0.279933137956328 -0.176223538878574
-0.102288844831226 -0.690130352000657 -0.00486947714136809 -0.357548449767364
-0.132055016946689 -0.588482668238925 -0.235898715699544 0.050877074814845
-0.503245732079287 -0.345866791761835 0.0529350008445824 0.0305365974559695
-0.520722621760015 0.100827857178054 -0.0731856445386957 -0.150925064939842
-0.165703575206024 0.485214479136427 -0.140612844206011 -0.0547402859176991
0.159935766109123 0.475550988061487 -0.126868991160002 0.0754659191341389
0.37002993709639 0.30623514870688 0.00461076367485686 0.0698418959963593
0.435451767587449 0.0917364648055297 0.0470170754308245 -0.030104446885745
0.444004479625405 0.0525207286890208 0.0634057292365351 -0.0442669652434181
0.442413153461087 0.113654857071771 0.08641338623613 -0.03966920589803
0.416288574128918 0.384100840505167 0.114375313618787 0.00523550783181401
0.129910178881007 0.585749050757193 0.106843479582724 0.0793379544372943
-0.276576993219416 0.550062240025037 -0.0125752602014681 0.216279783221985
-0.6804974835198 0.0689738632635708 -0.203667840031109 0.161524955374607
-0.545881583371088 -0.533522359003468 -0.178343329843082 -0.0468084352894079
-0.147914198257655 -0.70439360411377 0.0454397904584185 -0.11900777382251
-0.180372515447247 -0.563142831477646 -0.17187554330428 0.288564297959952
-0.537714088404131 -0.294121878900549 0.1979311344657 0.136286676009965
-0.509019553986459 0.149221452261486 0.000922498713031836 -0.133683834818484
-0.141557057692785 0.473312896816253 -0.135589703972412 -0.0379539285093627
0.156440116730863 0.442461084377093 -0.100736403650379 0.16549368133502
0.341636059639625 0.28335091562007 0.11654536169747 0.159756649430316
0.395454477862346 0.0938500595791077 0.203430094801426 0.0171305138087116
0.387485442885443 0.0684971672709297 0.220952664525001 -0.0168477342898405
0.373090981192409 0.128359832603453 0.241517530352661 0.000473561876085709
0.335830395774709 0.343919312725053 0.236733843819267 0.0746021167270953
0.0831476364559942 0.478131417400882 0.164633901666861 0.162668431635068
-0.222020092082988 0.413380045435226 0.0119262678047134 0.24453211980744
-0.512190030419622 0.0513051538048145 -0.130742394706211 0.207655882664392
-0.450132009176233 -0.421180083598675 -0.0755113105040956 0.0602506209112083
-0.166747133861689 -0.592954924530015 0.100364459777781 0.0979623798103033
-0.191512755658785 -0.441278860676466 -0.0916253668324827 0.514624420698599
-0.461830304950392 -0.195793421762054 0.331332779637542 0.247166562996115
-0.38695067120506 0.155193684046931 0.0931233903252146 -0.0933664979914688
-0.0915677583781992 0.356053737107665 -0.105283377046165 -0.019873668453626
0.113921122198914 0.32251144978931 -0.0624034856621208 0.229147007767249
0.248723929777855 0.213122841476261 0.210103803872049 0.230345063299805
0.288615915808412 0.0841579955350065 0.331274660935407 0.0638783890086775
0.271879824717173 0.0755699911735227 0.346018433031778 0.0122270946930602
0.249875709156019 0.123124221609399 0.353600310640153 0.0369087895683753
0.202938857370243 0.252073789139422 0.312710541576413 0.125295374672416
0.0194985309858924 0.297719100403472 0.191846214344843 0.208474515029795
-0.140577812740425 0.209519621639262 0.0260436512838759 0.23023672748032
-0.268453629768366 0.0246789189245688 -0.0635794228015963 0.21634133946175
-0.285234646569769 -0.247442417121978 0.00261239976130285 0.124701050610204
-0.164508163257291 -0.393802415905165 0.149515068344811 0.254545129478508
-0.163660815430887 -0.24077872781928 -0.0186433430629843 0.685987385892225
-0.289059776985134 -0.0664820779771702 0.422527888872163 0.34157642890508
-0.181361893297987 0.124658024667115 0.190441636102192 -0.0455102640177782
-0.0232531508550099 0.161823128447514 -0.0593554514126332 -0.0198434190377407
0.0464063024101371 0.141746130653181 -0.0333347390627016 0.247917257097899
0.107784800046916 0.107450982194489 0.259360737452607 0.268580135295953
0.131316147592177 0.0626096905766774 0.407720624804571 0.105139520594028
0.115681936793748 0.0715506521908065 0.417589889425278 0.0401209760979747
0.0979287346591182 0.100427999526664 0.411036125321123 0.0661906669941041
0.0558914713203669 0.13158114177904 0.337310985334698 0.152655556657933
-0.0364358054726189 0.0987108307260541 0.189726182669462 0.218719835437749
-0.0503242533393486 0.0170467193170286 0.0336004731555898 0.186369112985241
-0.0322115892031125 0.0135914959119455 -0.0106944788508865 0.194111452416564
-0.121324812659379 -0.0563771763772817 0.0512646739074337 0.14599417682175
-0.150392946448469 -0.158127581494882 0.188737445917701 0.33856400886832
0.0901772416030052 -0.00538229017756149 -0.0274551431042392 -0.459537306784443
0.0217067090304144 -0.118196190315836 -0.0879200123504014 -0.188069166847749
-0.101014155276814 -0.0657875410769013 0.00330038984568334 -0.133558199559004
-0.0797996543461842 0.091694974006886 0.0114190772469553 -0.112752487610334
0.0205705440829235 0.0967869728585394 -0.03100759762203 -0.225020519727438
0.073190554537057 0.0394794859526419 -0.194405419470991 -0.281058671202731
0.0746318372001507 -0.0196087562750317 -0.319489423021117 -0.251842778317721
0.0710748944766748 -0.0382034678990639 -0.350679268132134 -0.225299989350038
0.0653393741815619 -0.0249793126468162 -0.314687894369436 -0.271955200715404
0.0442291295838406 0.0320983968657664 -0.160007918261156 -0.313775546527041
0.00996340938621756 0.0693266777647777 0.0411830268684657 -0.228883498931445
-0.0690022897817254 0.0403417804291769 0.00732346284646913 -0.00683835382261589
-0.0517634537748987 -0.0944904618741796 -0.191051241520657 -0.127350092425142
0.1001827038922 -0.0875709594574002 -0.212694990640432 -0.447952415770735
0.131902090046573 0.0346294229002587 0.261203551159235 -0.692824403373602
0.145134969005 -0.193763253011459 -0.0813150230415212 -0.445267341279858
-0.0282893584514072 -0.256628158592581 -0.0958568774308741 -0.182913752130737
-0.200954419535558 -0.121514449832906 -0.0453008804699558 -0.144041158979669
-0.171220272248429 0.152719018300611 -0.0227076519677951 -0.0806914468202859
-0.0129898396196319 0.223419729864049 -0.0347405734162505 -0.171217005893321
0.12075334741862 0.175280358724886 -0.150718772306983 -0.236813643371472
0.186732590759904 0.0764770342164217 -0.263349711590657 -0.236016438601853
0.209424679422595 0.0524686314246435 -0.294708942988925 -0.215545586660832
0.201095393135608 0.0817751269054915 -0.264434907982234 -0.247133970840398
0.13771416857427 0.218506526483589 -0.134331048043301 -0.272771312946452
-0.0262375026638207 0.285561080417058 0.0311589505614792 -0.18886305497488
-0.239191514721197 0.192841429750571 -0.0402528780985142 0.0195081937532359
-0.312742500405462 -0.156650309162216 -0.23583082850457 -0.137874473980786
-0.0437088129503537 -0.349661390330466 -0.203615231344495 -0.461221916328881
0.163481528230958 -0.265088916802402 0.249456240353091 -0.649904775048518
0.17748424823535 -0.365811974767608 -0.152302677046583 -0.371395597432616
-0.0951831052548964 -0.376128674053206 -0.0873317230064445 -0.145950005304271
-0.300744452580283 -0.157486837974801 -0.0675712218817836 -0.154878307921363
-0.251382391297423 0.212739471463484 -0.0520887156547977 -0.0754935807818561
-0.0438319843707214 0.337052246360376 -0.0585819789026033 -0.117719674502773
0.158126920066134 0.294030727860675 -0.107910609836981 -0.163233202678859
0.275868119572815 0.162564528478483 -0.175165210566963 -0.187486416980586
0.317078177363233 0.134291176743237 -0.193823007067335 -0.172701722713453
0.30574166529206 0.17818374340059 -0.167853810215443 -0.185659915379505
0.207951923009729 0.378741698271661 -0.0757909396716064 -0.188427050012579
-0.0649524098652414 0.465319699489648 0.0324142037907848 -0.110502867035638
-0.384975298174563 0.318799592013474 -0.0765804467491213 0.0681644181372874
-0.533332085881496 -0.202950687773643 -0.268069841224737 -0.104174796584322
-0.176573766052671 -0.568911239332932 -0.188502910936259 -0.407666655501651
0.1762032625865 -0.51942425229976 0.221178221437672 -0.514998369371255
0.180072938045863 -0.509785935622186 -0.227811074241262 -0.229132800532188
-0.190627738686276 -0.471606947533385 -0.0517458123318015 -0.0615429241606954
-0.413128427775104 -0.163057294465233 -0.0545440660313889 -0.154181084610563
-0.317306096700218 0.287659308139586 -0.0728613345379954 -0.0846005063436435
-0.057636764954797 0.433082495997271 -0.0923985354437716 -0.0567217503678775
0.188138988466883 0.381170835156408 -0.0608510797874613 -0.0604763815856619
0.331515664355292 0.226295883740201 -0.0651157599401235 -0.109954394787047
0.373804530512781 0.195308789808862 -0.0637359228090817 -0.102549735563351
0.358086030833684 0.246751875496206 -0.0408727649142969 -0.0955712176595985
0.239473476166289 0.481554829226248 0.00824749228177784 -0.0703061675572531
-0.0931041365878096 0.574649737129536 0.0435733137560987 -0.000368668250311118
-0.468275922089103 0.394121616404917 -0.0996927918081519 0.133466917231951
-0.661730702053513 -0.215849142810712 -0.27365525890842 -0.0317554235384765
-0.270150652674525 -0.693107211668174 -0.162073106256731 -0.291353497960213
0.168660326684903 -0.675940947698448 0.173904799444588 -0.311612043613363
0.149380288802975 -0.594260637307117 -0.291253842303719 -0.0233365298025449
-0.289196347019058 -0.519496191399023 0.0163781048020273 0.0688265725865377
-0.504560835788416 -0.135877581609865 -0.00891465707111253 -0.133159160747331
-0.350686370465371 0.34827159273572 -0.0855224569971618 -0.0869995988422064
-0.0573825964503612 0.483173483084619 -0.122895604218105 0.0228714808636282
0.200618991483826 0.419649325930382 -0.00441646023142923 0.0638581214939217
0.34376889090477 0.254658353856846 0.0582459638538715 -0.010822801304421
0.37492634485697 0.222935262367377 0.0755831798631949 -0.0163146407311434
0.348990759685327 0.275326216796134 0.0952653697387568 0.00607035039327719
0.226743619136039 0.501240259895952 0.102001944635051 0.0578579672804048
-0.105933153068851 0.574561425726433 0.0634517869695961 0.118213459217722
-0.458471292178518 0.384491922453123 -0.103985572606974 0.193429685605551
-0.646866662217634 -0.195152612167979 -0.247896492181971 0.0560719680137658
-0.2949094582692 -0.681884785777975 -0.123394325050488 -0.137627032228838
0.132938125281609 -0.702301485703158 0.119872606971196 -0.08066015220298
0.0935411027162926 -0.590003318856368 -0.329776268933734 0.218713331824382
-0.342374640626864 -0.488088417851137 0.104536574904326 0.224917282690025
-0.513613809025636 -0.0869288859659374 0.0559814350541702 -0.0870395080888277
-0.323310087790112 0.349821998938804 -0.0869142874146578 -0.0737429806419448
-0.0473215979966263 0.451060992827758 -0.137616261814631 0.112697352757208
0.184003456777221 0.389794389139477 0.0567113793411968 0.190054586962593
0.306679723794443 0.241875050177776 0.177463628074768 0.0947806549764196
0.319563329945603 0.217551243241837 0.204368244809092 0.0721550012791534
0.281128053280054 0.262092404466601 0.215366464333339 0.101964602300966
0.170066036308249 0.435028795746144 0.182318380289494 0.167243775028722
-0.106041020256561 0.461007672319558 0.0806217469745271 0.213358031428838
-0.358620085487339 0.281035451350087 -0.092397165244222 0.226732651917689
-0.483847918445598 -0.147539744356587 -0.197588417158516 0.129758148085429
-0.247813638784023 -0.543455447054325 -0.0782874206558772 0.00370432758745791
0.0760592466679223 -0.601859414058238 0.0737271070641475 0.1307871690786
0.0267618742093612 -0.483265076630697 -0.339996022897006 0.451635601924427
-0.318628506794859 -0.368711404530573 0.182395063299784 0.374260970890313
-0.405236857768591 -0.0284972650924798 0.126626155315007 -0.0223653959997189
-0.229302529640173 0.267720978385354 -0.0717478754915215 -0.0512190131190671
-0.0345585225383769 0.32833831488881 -0.136237260577091 0.184168382008021
0.129891405459605 0.287903630526191 0.105155908728146 0.292490079057906
0.216656433867396 0.191300292730747 0.271390906750837 0.190330912469335
0.212204107358679 0.177051789938344 0.303299490754839 0.148596330224695
0.174923802666251 0.209145741403669 0.30067655118455 0.176693621500271
0.0858811265585586 0.301263245836114 0.230031406026347 0.239682713468349
-0.094974380197158 0.27283716957055 0.08697197781603 0.262053793021116
-0.205374869628733 0.128936612066995 -0.0703219101786921 0.217575316054355
-0.248108412057581 -0.0799565272685411 -0.13802350197801 0.167539934734718
-0.160450987957484 -0.32330526965763 -0.0405191093607253 0.0997987268469065
0.00309855022620928 -0.413254393789226 0.0435521472559539 0.285367086001902
-0.0393123338552903 -0.288919132309184 -0.324694430183808 0.625911140411956
-0.224104764822069 -0.181194072138473 0.234077281650613 0.489306960680782
-0.209529013842176 0.0327508648429573 0.196784393664511 0.0465076012865118
-0.0870122842999155 0.128478418867069 -0.0386186347893171 -0.0417023032821589
-0.0183964912896919 0.140503485788444 -0.127605137542683 0.211370971794158
0.0489321519785284 0.137111814572209 0.12521366753038 0.348638709857354
0.087841762099488 0.109778381049362 0.319602754056339 0.259578020562909
0.074482038562029 0.112108144312508 0.356821886638305 0.201650684499939
0.049406488928393 0.12931847240524 0.337540384848495 0.222447278120713
0.00026836871391554 0.137092523304742 0.240650394494252 0.271120239807761
-0.0702576784459755 0.0725049439867529 0.0816601870851481 0.266195263918949
-0.0502752148121831 -0.00898232138152266 -0.0426423610020558 0.178229584187112
-0.026627845294895 -0.000552926607048849 -0.0800001943424922 0.171772518839768
-0.0844786698225073 -0.0898022478210266 -0.0120060249856724 0.146940188598149
-0.0740122960360205 -0.189887482647588 0.033698024597712 0.370858865712291
0.0909136709894905 -0.00988447497277059 -0.0255022004661043 -0.452051459667706
0.0164694494571715 -0.120481193339203 -0.0848902617401629 -0.188950664472381
-0.106552152086947 -0.0648019637860847 -0.00562029981495479 -0.136272148251815
-0.0781804998071441 0.0959774597912114 0.00414239359297753 -0.108780646803281
0.0239714393266661 0.0983365037117735 -0.0377171276133347 -0.216728675065868
0.0751267847997153 0.0367328681432417 -0.197473536483326 -0.271646095249285
0.0750656778546162 -0.0236031961318551 -0.319431974185548 -0.244855849208138
0.0699918890075721 -0.0413868191706788 -0.351888024033618 -0.22007517707301
0.0646294585040041 -0.0283910272702195 -0.317056839297617 -0.266550933527624
0.0463674656266143 0.0312455682277073 -0.160676147455215 -0.312334148574578
0.0136441840178931 0.0699955932956655 0.0415997864254633 -0.229486878797139
-0.0670704374229577 0.0437797658840042 0.0112612347646485 -0.00360141180409778
-0.0555081274953995 -0.0933059223670764 -0.19426726615608 -0.118880130959475
0.0978801352220283 -0.0915624788013143 -0.216717765796373 -0.435838490689138
0.134206177612973 0.0296170811940871 0.258408290829646 -0.689999996470829
0.144597937880232 -0.197066842161501 -0.0783853201175765 -0.438685025170179
-0.0334400642619016 -0.257677037871035 -0.0926897672525796 -0.18415182984913
-0.205842423736475 -0.120476666819548 -0.0551697786223241 -0.143985762586272
-0.16778950620268 0.155659659033222 -0.0286790570682355 -0.0756706472129312
-0.00777439183737182 0.224030923392304 -0.0400399835985463 -0.161657963250532
0.125085902824509 0.171089813652039 -0.153261947427265 -0.229157627729672
0.187685026937041 0.0713768882986524 -0.264489378302641 -0.229055589468255
0.208476024402171 0.0463284361402208 -0.294770137595071 -0.211435995540377
0.200890499695624 0.075967379255038 -0.265861621716785 -0.24343589419307
0.14247408057895 0.216004100344529 -0.133765640923993 -0.271167956829954
-0.0187275930122074 0.28532304927759 0.0314088148814667 -0.188419170176868
-0.234652108255226 0.195870861930434 -0.0344534557164628 0.0253989529979107
-0.315993697785694 -0.15326418375964 -0.23850789489733 -0.12802305044703
-0.047876571100702 -0.351060154906418 -0.208286362829311 -0.449055536157062
0.165695406607072 -0.269212344359985 0.2466102218949 -0.645994477850855
0.175726605564478 -0.36842915923899 -0.148582711294175 -0.364455132883084
-0.10035950492273 -0.374929764452711 -0.0835268913815093 -0.148260413395776
-0.30408214494013 -0.156834240751291 -0.0781518128158299 -0.152621107609952
-0.247091082786847 0.214642604293386 -0.058204581001553 -0.0703134072908161
-0.0374667699653593 0.336859352360513 -0.0623825812757609 -0.106260413228307
0.163577650429081 0.288926552678135 -0.108970008867013 -0.156547067750247
0.276354278229381 0.156147248891042 -0.177638967530316 -0.182413609445763
0.316063783700307 0.127118936924415 -0.193046407718091 -0.170615742939719
0.304875786506834 0.171662292948434 -0.167160802965587 -0.184214535045554
0.214927902611807 0.374873455402567 -0.0733239550044815 -0.188226417080816
-0.0551416624106195 0.464254787027743 0.0334454042970707 -0.109801214465691
-0.378396815342999 0.321172122368791 -0.0691826703572636 0.0755193503386907
-0.534861676104985 -0.19631196494835 -0.267633216992552 -0.0934215559309322
-0.181216472715347 -0.567296823696923 -0.192705457176679 -0.395540574561922
0.179355026995418 -0.522702933073442 0.216269663248175 -0.510996871879381
0.175190394218886 -0.511054078893275 -0.22396103354832 -0.221788941701887
-0.193200483926403 -0.467858219967509 -0.047567405535778 -0.0663073337895935
-0.414423897834165 -0.16147128725636 -0.0645924561997834 -0.151507377071278
-0.311176334700848 0.288491385405236 -0.0794217595942954 -0.0807665998797226
-0.051173242907784 0.431615609539208 -0.0962124983886519 -0.0444674726251282
0.194625795096918 0.376028773578267 -0.0604911699492774 -0.0552721810741071
0.331472191542303 0.219793627178483 -0.0681969478968996 -0.106701730270814
0.373233230879053 0.186686320679528 -0.0626282539772389 -0.103396030257019
0.357736286938123 0.240031318298007 -0.0388929877480925 -0.0965056441479073
0.247822150935116 0.475892228184735 0.0125041266063608 -0.0719550589301087
-0.0828464346201461 0.573919474501903 0.0461807430177321 -0.000226230626550468
-0.460714280509673 0.39573563881143 -0.0908787219463236 0.140394120900402
-0.661883239512408 -0.211604430150947 -0.269182705747098 -0.0208425966340624
-0.274541716973301 -0.68884212511224 -0.165487603370191 -0.280101320702171
0.17065792139641 -0.677341098887431 0.167188524141483 -0.309217479060099
0.144462374741408 -0.592572648201177 -0.286557642696032 -0.0178117185791217
-0.290873593263731 -0.512421103863463 0.0204169549795066 0.0622982762519639
-0.504361448736187 -0.134618473536409 -0.0184913121192159 -0.131231670019616
-0.342205004372096 0.348066547100821 -0.0921579796588715 -0.0850748288241448
-0.0495469360883166 0.482837507050059 -0.125078335006584 0.0355392329951937
0.207368841716007 0.413019321827557 -0.00297719535775454 0.0681263262232781
0.343638304353834 0.24902334606297 0.0547657180560933 -0.0104360139011941
0.374890412018301 0.214679237722977 0.0773001612454402 -0.019822536322264
0.347625929995085 0.270254642998345 0.0983427085899897 0.00214822391689568
0.234672126662911 0.496770706052867 0.107790074379278 0.0530659121375113
-0.0967411935015224 0.574383984192893 0.0674247723136115 0.117016297166985
-0.451785596305997 0.38509436782316 -0.0937392365749913 0.20035775848821
-0.646036846582543 -0.189187149522738 -0.239755988700972 0.0665468189962853
-0.29896902658226 -0.678527901058012 -0.124838164839902 -0.127809155113735
0.135722262272863 -0.703446922966869 0.114098482552366 -0.0803333705906425
0.0895221094676385 -0.588877548886982 -0.325526882402027 0.221530418445527
-0.342991322158552 -0.480563741532878 0.107246714650845 0.215934357915099
-0.510830036363798 -0.0851253619837647 0.0486638574634175 -0.0877609361640834
-0.315438331016345 0.347907566490964 -0.0924909341733586 -0.0730071868894867
-0.0414396270985239 0.448483554136033 -0.138907610614585 0.123783210708089
0.189380511914321 0.382493103860768 0.058609906570985 0.192658642763202
0.30742649095572 0.237435316869375 0.174417693755313 0.0926816878846683
0.318954752649862 0.211198405666626 0.207255898447796 0.0666207422840106
0.281974798977009 0.257851352726942 0.218982535122893 0.0949371041374835
0.177255412816265 0.429699331262453 0.187957237814617 0.160712645294977
-0.0987813418071058 0.460041445903818 0.0861598047796262 0.209864152744149
-0.353399714016013 0.279989709780518 -0.081874579085106 0.231308091398596
-0.48268799481672 -0.145365977789007 -0.186691537398323 0.139123027498053
-0.24930191810875 -0.538909271497563 -0.0789845416704809 0.0111962576683689
0.0780981955089118 -0.599604333458585 0.0679481570453458 0.129138745381581
0.0232683366396254 -0.481031421257294 -0.336847694754147 0.451181578619741
-0.318862741337598 -0.359075090185511 0.185922295072198 0.364283624073002
-0.402142228811877 -0.0265648482501098 0.122115686072314 -0.0251985397871582
-0.223487906445339 0.265637484181318 -0.0753140294112182 -0.0534364221589073
-0.0306832880910463 0.325916935650094 -0.136864476336899 0.192817429395668
0.132919800319836 0.283771433314428 0.108791184571329 0.2937809585155
0.215946808649689 0.188249972578305 0.268925354782238 0.185871254732776
0.212377257732934 0.173821391725667 0.305276842979431 0.142672982394447
0.175717953070462 0.207640826112782 0.303851786083291 0.168428818989806
0.0908177952518875 0.298666948024598 0.235962608055071 0.230704623715469
-0.0914512644410211 0.271858575758011 0.0932262950220114 0.256813727478778
-0.203257499664952 0.127067053604058 -0.0610048579364202 0.220088860002994
-0.243435828404636 -0.0799289811453758 -0.125980291125195 0.174745861210294
-0.161713391859024 -0.317793115392693 -0.0400022880922431 0.104186538149685
0.00430786974575334 -0.407654119242257 0.0381898092156261 0.281244098248203
-0.0422180777368314 -0.283846115917696 -0.322234462032899 0.625051604208792
-0.2232934694584 -0.173316247193731 0.235946556271763 0.47780138170395
-0.204703807678785 0.0337322422871838 0.196488241526267 0.0400703461032493
-0.0834082531727568 0.125224601162798 -0.0416663527957043 -0.0451368465601987
-0.0175273432350778 0.139135098365224 -0.128177283543863 0.216648210188614
0.0494151966813403 0.13477705340273 0.12834540313632 0.348469937911212
0.0863676421936931 0.109327160445121 0.320392622731674 0.255521488838462
0.0740437964935404 0.112630395646339 0.358459602115612 0.196342109556567
0.0502238939880731 0.129434791547154 0.341355782471044 0.213491472551835
0.00161230213504557 0.135955352840201 0.245030566839049 0.259880535544358
-0.0713872002749814 0.0718335273076784 0.0891637233730287 0.259828047200305
-0.0510596271412147 -0.012506297826886 -0.0351147756258337 0.177437813266218
-0.0216373847218505 -0.00323112285871988 -0.0683947126992519 0.176531316253831
-0.0828572029232849 -0.0840162387464909 -0.0114118167277503 0.14806779369682
-0.0740187389044784 -0.182692861149132 0.0300190446558033 0.363983930298786
0.0926618391941551 -0.014982925004158 -0.0280374717746995 -0.450791829162896
0.00878685086863118 -0.12443758419739 -0.0862902709372292 -0.190823657332993
-0.114229456119008 -0.0614166613654332 -0.0165635808337676 -0.138675356407575
-0.0753540438284225 0.102524213125206 -0.00443922752417859 -0.105030386970602
0.0300807655638188 0.100222420585471 -0.0463241721934092 -0.209521318920658
0.078864045202377 0.0332999786400195 -0.206399838708664 -0.262981873991845
0.0753979788581549 -0.0287459874195601 -0.32738874465141 -0.234036842276937
0.0686640018595279 -0.0455809952058358 -0.360588150443691 -0.212830200504434
0.0639563183202686 -0.0324558205693951 -0.326124525699403 -0.260933003150302
0.0494503401215475 0.030297298905884 -0.16839690812693 -0.312237949170215
0.018386323609453 0.071057591643109 0.0384751214778596 -0.233459363250891
-0.0654121701121191 0.047809284736524 0.0154874977085351 -0.00101009029171946
-0.0620681190709101 -0.092432981545061 -0.200886967217518 -0.108787955868931
0.0951789489207734 -0.098090525637965 -0.229684932348572 -0.426453779822819
0.137198330361717 0.0233283397532449 0.247213689004887 -0.698631618935008
0.143156460555118 -0.204971093931207 -0.0823165531732529 -0.434811163873918
-0.0428048247281051 -0.260154893816353 -0.0932454016557974 -0.18608633760656
-0.214968703594894 -0.116518359854105 -0.0673800096413558 -0.143982274869609
-0.164169782855642 0.16350225892028 -0.0367136649477718 -0.070737736860598
0.00159065538565438 0.227659825271897 -0.0465552147067748 -0.152212322009975
0.133453416642735 0.166971560542457 -0.159794075887922 -0.220617084122707
0.190570732010957 0.0632133466406752 -0.271312891553866 -0.221282580941215
0.209324824087325 0.0380927947536856 -0.301271989631541 -0.205806611102916
0.202474643058697 0.069191699261139 -0.273330683875464 -0.239814533926894
0.151408016937852 0.212855171854501 -0.138246092854461 -0.271817231353523
-0.00848129141543549 0.288354328031941 0.0295193102192322 -0.19055391833126
-0.229928090762307 0.204334335175946 -0.028471817347879 0.0315121327377978
-0.324395645924369 -0.146236079270424 -0.24502631046133 -0.115986154461761
-0.0563031152602319 -0.355944949898712 -0.220345190466778 -0.440192240918074
0.164343163490712 -0.279635301824421 0.236562597244117 -0.653317610478666
0.171348698532977 -0.377836102782529 -0.151298981133439 -0.359330051621959
-0.110666524751428 -0.37514826593933 -0.0832394940481793 -0.151717827233662
-0.313359713781282 -0.152300509239132 -0.0913829350718814 -0.15123187989068
-0.242262483301966 0.224639198849898 -0.0655427777615785 -0.0649511329886596
-0.0254126036057863 0.340716509100154 -0.0672516562868458 -0.0946042517995911
0.174919542928424 0.284242390990756 -0.112541702741148 -0.14924421499531
0.282106340157141 0.147513182160569 -0.184298380900234 -0.17642678031275
0.320340185703867 0.115549337801202 -0.197512863528921 -0.169128936679189
0.30966482986291 0.162843768377696 -0.171661953988118 -0.182679030083795
0.229017430023687 0.371029026722104 -0.0743483952572584 -0.190106979381503
-0.0409600180283568 0.470333928753895 0.033345316489046 -0.11109323227629
-0.372207592258986 0.332036867050962 -0.061021629207902 0.0837843372662985
-0.545558212305788 -0.186270669525974 -0.270869125245321 -0.0794398109828209
-0.194796094810932 -0.569901951313018 -0.20354971070423 -0.386543103945173
0.174933926265203 -0.535813232826573 0.205861714020809 -0.517780034261765
0.168812273468466 -0.519576136930151 -0.224911387113587 -0.216134854994882
-0.203789452412801 -0.466007295069132 -0.0464294152113306 -0.0714854788543179
-0.424142851696918 -0.155935071722951 -0.0772856980485433 -0.149732342177576
-0.305674024698086 0.295405638844119 -0.0878782298047629 -0.0764255427820712
-0.0369048396311796 0.435518348308995 -0.0992817891502046 -0.0302446483459316
0.206412866566133 0.37115830929121 -0.0607459644741942 -0.0479098373303973
0.339411986247458 0.211820560196187 -0.0729238450737366 -0.103176060410646
0.380027765611911 0.176705276219734 -0.0635505195535649 -0.105521322484467
0.362164617838991 0.231244822067735 -0.0386186334923565 -0.099012440235559
0.265396486601561 0.471939780012804 0.0154421338918771 -0.0762721591161543
-0.0658555974969161 0.581318697745527 0.0489920286706913 -0.00152951258567758
-0.455014255745901 0.409481026164043 -0.0797261127137602 0.149861600728155
-0.674210069480837 -0.19830712863466 -0.267217490101387 -0.00658604609293623
-0.292359067361577 -0.689785617119099 -0.172873327623776 -0.270287243483818
0.164547270383698 -0.691911737144754 0.159455619142994 -0.313729668633067
0.13525126373783 -0.602541706356787 -0.286430161043955 -0.0104734008234089
-0.301670132002512 -0.509336088728218 0.0241019759276716 0.0558503365281836
-0.51174089647145 -0.127149685441069 -0.0291317559536922 -0.130892270688193
-0.336974988647619 0.356122959612782 -0.100667924761814 -0.0820781197965148
-0.0354424427846583 0.487045049689328 -0.127096811786029 0.0508903189552311
0.220817234835505 0.408591326205265 -9.19145738941463E-05 0.0738674648763777
0.352313878416042 0.242100251344207 0.0524800089103103 -0.00988869419190019
0.381391928305801 0.204942525527589 0.079155335264659 -0.0248041872113379
0.355804692464664 0.261630811441731 0.101625459202892 -0.00394703936366209
0.25306029762646 0.492572630720477 0.114467910547654 0.0465556496040569
-0.0803019260638944 0.582220034824417 0.0733931067833341 0.115754915537424
-0.446078858948987 0.396409862701615 -0.0804901201736957 0.209270545433723
-0.654623437222064 -0.177619861328147 -0.232412725244309 0.0806172469302778
-0.317277150698526 -0.676770618674479 -0.129132601487366 -0.118149691389902
0.128152154502021 -0.713728168443048 0.109092831068197 -0.0813235147074887
0.0780657107422972 -0.594099909587164 -0.323188158602887 0.231353032393931
-0.353154778483128 -0.471771908261159 0.11430585017316 0.208686896139539
-0.515423114950983 -0.0771047093145667 0.0406018703369635 -0.0897766103035206
-0.308245056345169 0.353889008214653 -0.0997293835531918 -0.0722507357915671
-0.028666933185339 0.452740671947514 -0.139456017020137 0.139012788374199
0.201163777385562 0.37925939699779 0.0663131616142966 0.197123738319331
0.312953749505309 0.231529091357268 0.174419914321212 0.0903679879216409
0.324111610592541 0.202963035811872 0.211541798517453 0.0596880536615098
0.288750753512989 0.253748470451389 0.226713880449237 0.0862984015385679
0.193500836589191 0.427303558389947 0.198364528178285 0.151574400674423
-0.0878911898765754 0.465912107563807 0.0952003191281182 0.207779584001606
-0.349635431383339 0.286704501929048 -0.0687886564720047 0.237946278442995
-0.487302140645261 -0.137915100705171 -0.174587849718385 0.150438388352985
-0.261638714438709 -0.534434708753555 -0.079910759870512 0.0196709940110301
0.0728560016688664 -0.605894583870835 0.0649554319540255 0.128923413296451
0.0135250799048858 -0.482204812581602 -0.331149826224324 0.461597055598139
-0.326794399411102 -0.351062423741201 0.195384661342057 0.35609341877068
-0.402450948367895 -0.0190664551643307 0.1188444451781 -0.0306116142664139
-0.216031462201443 0.268823105604437 -0.0822463393460419 -0.0544765177226253
-0.0224908785744635 0.328117984267048 -0.136334839983685 0.20525281701926
0.141483673483867 0.281260319135937 0.118170735643664 0.296636502645181
0.219955739990808 0.185777032050292 0.272365242696383 0.180960662943528
0.217010250384419 0.170448969431369 0.312395716780482 0.13413094546217
0.180922014393466 0.205649399162612 0.311971753168872 0.157255526055892
0.100622690836549 0.297725186546558 0.246397328503699 0.22045358134029
-0.0855414444696273 0.275868265256322 0.104433110815608 0.253011132259695
-0.203128466482177 0.128891801252918 -0.0489946801278627 0.224603794545069
-0.243879255398032 -0.0782433244857748 -0.111787525801573 0.183574569386483
-0.166774751966341 -0.312280489092409 -0.0385419907769471 0.111210418897362
0.000314426810081766 -0.40938069571859 0.0378304661310636 0.281027781143015
-0.0488538835449387 -0.281608215388157 -0.316386162181219 0.63709075405035
-0.226340752379365 -0.165165607808823 0.248225494616079 0.471785022441337
-0.201909381645879 0.0368585618854906 0.197177324306673 0.0317007336069174
-0.0805468243123054 0.124274720379574 -0.0463808197388989 -0.0491783994514601
-0.0156516666479284 0.139036932858029 -0.126581363480117 0.226149514655921
0.0517953442019928 0.134213271959305 0.139245215159972 0.351614068408837
0.0881779210140617 0.109964995459748 0.325277575238785 0.249479886970156
0.0767562935212289 0.113024479874984 0.365442364454209 0.187659667522328
0.0537229898879768 0.130964788235944 0.349051891900124 0.202940628672906
0.00513655136425958 0.136257675127413 0.255031304218972 0.249279983108081
-0.0724702099479383 0.0732753529463027 0.10031512702614 0.254133288950018
-0.0529079062066643 -0.0148709696971144 -0.0258295906163627 0.178705931649437
-0.0170683680572768 -0.0064115249248998 -0.0539852514470101 0.182198561035369
-0.0832566702879965 -0.0782078532342616 -0.00974501516213826 0.151761853920607
-0.0760692920245141 -0.176361166327487 0.031677023167784 0.362925790022305
0.0922913588070462 -0.0223554385094847 -0.0394746117027447 -0.445300122782812
-0.001436266426085 -0.125973504162263 -0.0901579965669729 -0.189959253964806
-0.121776945598328 -0.0539818658759273 -0.0306831938590389 -0.138754861956934
-0.0684613771662301 0.109395498032213 -0.013424108731334 -0.0991235533101385
0.0385573113886232 0.099843202573666 -0.0572385187736273 -0.198579666346249
0.0823323030290898 0.027659922286087 -0.216862742965415 -0.245946292255387
0.0738653753061057 -0.0347776012891446 -0.336375353772808 -0.214232559731423
0.0655506372117993 -0.0510548877161921 -0.366731010721364 -0.194667039149965
0.0613333195166319 -0.0380514115306049 -0.337666924222706 -0.244534354359294
0.0525063820441046 0.0277058832754294 -0.180197182214373 -0.304941466106831
0.0248458276553207 0.0699779221670185 0.030046489717543 -0.236382774379342
-0.0618529157953814 0.0525065481825996 0.0203911880157765 0.000765730525129757
-0.06903448293114 -0.0889623409058532 -0.206903329872901 -0.0932317728330008
0.0884535804752272 -0.10548719783567 -0.246204749164888 -0.407884152876729
0.138980433158627 0.0132146689501583 0.220609899715905 -0.706070248296525
0.135500837625567 -0.21369662828738 -0.0908108909259725 -0.428166037649299
-0.0570463075393729 -0.258468828937226 -0.0973645287341712 -0.18547438633305
-0.224144599156288 -0.104921260490472 -0.0814043784623354 -0.138561247332184
-0.154550844497392 0.172778544843511 -0.043951956945032 -0.0631499879723894
0.0154587004463109 0.227138381614955 -0.0533686240572387 -0.13981939516091
0.142890057968497 0.157682961435141 -0.167494441568579 -0.206719093206258
0.192883645912554 0.0517612304596491 -0.279098310703364 -0.20480585274113
0.209945753892863 0.0259839896377052 -0.30872132125396 -0.192617059174523
0.203078711055783 0.0577487595184248 -0.282370030498299 -0.226890608073804
0.163323280612941 0.203653361616181 -0.148051956177662 -0.26696843531983
0.00829489357879008 0.287201969686956 0.022500652113578 -0.191881659224481
-0.218870969610158 0.214376058642367 -0.0208301161865965 0.0358320442588353
-0.332492631541551 -0.131382435340663 -0.249322521753925 -0.097549956906109
-0.0731140682035459 -0.355790562315193 -0.238386521226445 -0.422164786426933
0.155625365847241 -0.29057257043244 0.209425181541534 -0.660314039139751
0.157133922402254 -0.386292296937329 -0.158766851632477 -0.35003209115456
-0.126066128348587 -0.370139748177999 -0.0869698953976954 -0.152548039668999
-0.32375120024072 -0.137897622845714 -0.104655035579916 -0.144492210971698
-0.230793248812656 0.23343749198704 -0.0734334065714927 -0.0572709440251032
-0.00680622077640413 0.340515225103723 -0.0703579528570548 -0.0801287268525297
0.190311495376651 0.2721669286134 -0.11627143825056 -0.13782326152865
0.287236363602761 0.132223242323896 -0.190610134167123 -0.164498074429206
0.322159290674247 0.0976721423677254 -0.203797514916142 -0.16190270939691
0.3132122276093 0.146135053845209 -0.177407797231635 -0.176359751987086
0.247035892839574 0.356821954991025 -0.0791415720617446 -0.188993536570596
-0.0162903985535732 0.470169179838873 0.0308092043248044 -0.112218799641534
-0.354428457186516 0.348624155330675 -0.0492147432900424 0.0911420775004039
-0.554143476618981 -0.161218949641135 -0.270580282083578 -0.0600576811049276
-0.220463639570831 -0.562995747825398 -0.218433764278719 -0.368506374480973
0.157031239360098 -0.546807828883753 0.185361413859375 -0.52268918328684
0.147135638954505 -0.526594748013245 -0.22723150166984 -0.203744105976444
-0.221944046748425 -0.456778307265657 -0.0465109997251607 -0.0742618343892773
-0.432421644266842 -0.138450682919132 -0.0915362523992302 -0.143313151557559
-0.289639953803096 0.30669175395887 -0.0964430589738614 -0.0683114099893889
-0.0148259784416658 0.436238031938906 -0.100292731588599 -0.0127573385017771
0.225718232030164 0.357610622279567 -0.0603589505638201 -0.0395265429170978
0.347142075757727 0.194530746808447 -0.0778504611755486 -0.0969755703373774
0.385884054023816 0.154444227978889 -0.0677636238094925 -0.104941746605267
0.370852474216831 0.212388271943217 -0.0414371857869805 -0.0999494132470129
0.288591388471647 0.45755848345096 0.0157817528436064 -0.0804347924992658
-0.0358975242865397 0.581813164658654 0.0520633409047529 -0.00388197362020172
-0.434026328311196 0.426413098548245 -0.063157641110441 0.157488060722848
-0.682055120735739 -0.16857232926852 -0.261651141193815 0.0124854595536562
-0.3197157619606 -0.678425126993411 -0.18381163761042 -0.252820614702979
0.140724377209199 -0.7026034640857 0.145221156011262 -0.317330207088205
0.111150591158139 -0.606020176761148 -0.282496458110502 0.00307226067143051
-0.320367444311421 -0.493788434155704 0.0278586634281934 0.0489789139545715
-0.518681732287233 -0.108834690985289 -0.0420958361975134 -0.127221591678208
-0.318097820678909 0.367188311929444 -0.110450211076585 -0.0759426613733741
-0.0121545709696006 0.486255468487242 -0.12471648044198 0.0685456519988959
0.240309355978969 0.395307324050505 0.00719482660332792 0.0785719998535902
0.361181414284033 0.22457760352599 0.0501373583224797 -0.0102896068516261
0.38731755291232 0.184619904632697 0.0785752004467892 -0.0317253866752559
0.365109032160824 0.244146317320145 0.10372741521844 -0.0121759627723202
0.279115553318303 0.476858754416449 0.119911536076765 0.036128636768479
-0.0506012886113446 0.58291270675791 0.0813912010653456 0.1111404662192
-0.427002014164559 0.414010653073895 -0.0616431939862469 0.215657285903888
-0.6622221448675 -0.151264584673887 -0.218707652818918 0.0967335972039102
-0.34214812893627 -0.662252479797504 -0.133584896795206 -0.103922275293813
0.104659429239314 -0.719962990886765 0.101365905517951 -0.0838509375209874
0.0535278615512766 -0.594182322372304 -0.311045627342886 0.244674674069969
-0.369092109988672 -0.453817752510113 0.122517751493055 0.197076063534107
-0.517671005364354 -0.0566668703031123 0.0315333169127684 -0.0900896906545749
-0.289474919893724 0.362785127173601 -0.109619243796378 -0.0683941541744146
-0.00746764213562605 0.452162462661379 -0.133233203617714 0.155769786559042
0.217956815194361 0.366761164613454 0.0773943796884048 0.198521240193066
0.322249096034992 0.217202944882608 0.175912319321514 0.0835547199439577
0.331065974053722 0.186438407398674 0.213728726081187 0.0464387779149915
0.297674769646666 0.239731936071969 0.230837547923522 0.0706868892977568
0.213728376737817 0.416218240576535 0.2079970243382 0.136290114609477
-0.0643673659534492 0.468327184921543 0.107917702343912 0.200117974548053
-0.334266379182155 0.299439048245368 -0.0481849465784012 0.243166746037773
-0.490806589378649 -0.118207737877129 -0.156409693317788 0.162848083912333
-0.280666404462288 -0.52017377884942 -0.0787312731283508 0.0294908462582979
0.052645304365539 -0.607935317066378 0.0642662015835847 0.127679435248034
-0.00773594908726069 -0.478593023022391 -0.313758696701939 0.476331860815234
-0.337282545332486 -0.332296071334445 0.20859373680446 0.341916430700058
-0.401169816198868 -0.00387276693612629 0.114466708195429 -0.0364645708210056
-0.203189600175973 0.274187301595323 -0.0899883408894797 -0.0536478298871547
-0.00830302612808954 0.327451131001777 -0.127182568903927 0.219216009149791
0.153392820482208 0.272490724702425 0.132582080157795 0.294382920051836
0.22691648979288 0.175756426978623 0.277519811613134 0.169212845468247
0.222195746891978 0.160297493991722 0.317074964627518 0.116551013244649
0.1891401956498 0.198262674149258 0.318932322764635 0.136429494910092
0.114590705495053 0.289897061905927 0.258215764470956 0.201742846440642
-0.0736889572712708 0.27730935660412 0.119481145952257 0.243293008654913
-0.196781031165743 0.133584032305559 -0.0309198917204364 0.226385595765017
-0.242935496417212 -0.0704910366163824 -0.0915285427844945 0.191330060108493
-0.176846525639791 -0.300707470802892 -0.0340071938876655 0.116135866245759
-0.0115377607748941 -0.403768777240928 0.042225750565881 0.27879461234332
-0.0606211815713126 -0.274825830266718 -0.293407921568017 0.648190121147587
-0.229860887908708 -0.15043537683503 0.264175658234249 0.45610420514834
-0.196716211170668 0.0433667969468603 0.196765448341158 0.0190529674599375
-0.0748896629087519 0.123655978234003 -0.0532685033521301 -0.0514782139362663
-0.0101097242999479 0.13925550243436 -0.118064754130945 0.235718542044123
0.0563731695279548 0.131126578745085 0.156021645172778 0.347415815500626
0.0916829914859137 0.107335393342897 0.332508471016472 0.234547001403399
0.080324121765334 0.110970463232198 0.374301844893501 0.168663133655901
0.0592665439678601 0.129709418053291 0.35647728802111 0.178763789589717
0.0106814181141236 0.134976813711001 0.267151194627867 0.22978918289172
-0.071215263676828 0.0755222968483305 0.114764129425514 0.242808734081409
-0.0552325214092961 -0.0155095460093816 -0.0120226246600985 0.177635064472161
-0.01291160897039 -0.00933426479826337 -0.0348405228801098 0.186348848919428
-0.0829870746367778 -0.0689788365296891 -0.00409559707440949 0.154131108870726
-0.0800687432115886 -0.166890710002197 0.039835331918067 0.357930557510833
0.0891226022773308 -0.0303785426448039 -0.0506928671215352 -0.429607894884651
-0.0120568484102375 -0.122996692568797 -0.0921946852353907 -0.184599506063446
-0.124552727420059 -0.0435976117342575 -0.0439232606133251 -0.133133713948809
-0.0590485882948144 0.112968138608591 -0.0213178231670382 -0.0897521497247302
0.0451097569291342 0.0948502975411977 -0.0647156153866788 -0.181854209503836
0.082371814547006 0.020461588680712 -0.219674776784434 -0.223047117289095
0.0693081120080716 -0.039770657278569 -0.333299713275681 -0.188381279472704
0.0599901802808048 -0.0545854279432514 -0.36356539596669 -0.171627913404054
0.0560677919823023 -0.0415175583598429 -0.337091945210462 -0.221916911115966
0.0546671267974879 0.0238453487234279 -0.18837118678584 -0.289349800082264
0.0301743854064218 0.0662456783515486 0.0202722144936701 -0.232466534339641
-0.0562099588877815 0.0560797355604242 0.0246826871154588 0.00173785063017235
-0.0742609562489612 -0.0817271448081856 -0.205703714432325 -0.0738669728460939
0.0782468796026463 -0.109126243962497 -0.255970236136526 -0.375636634086056
0.135686841639683 0.00343027674920579 0.185984513638775 -0.693097745694991
0.122855548145195 -0.216461001039767 -0.0989900119404687 -0.410365886616317
-0.069076016279974 -0.248766579293828 -0.100002288099448 -0.180561386409052
-0.225420940409991 -0.0889616440034418 -0.0923902375054616 -0.129313748625236
-0.139065786622477 0.176749313001838 -0.0493406624719485 -0.0538755149900097
0.0294212487677893 0.219362745841523 -0.0559702378413619 -0.123839320716522
0.147816301356965 0.143234150175126 -0.169241071199883 -0.187096331905046
0.188472292452162 0.0387756069221923 -0.278191760197171 -0.182323494494792
0.202952521710781 0.0130683542497238 -0.307611421350059 -0.173605958163752
0.197437343040043 0.0451180686965783 -0.282022257565854 -0.208263578946378
0.169897787644892 0.188394196349771 -0.15355681190998 -0.254239746935798
0.0250115991092765 0.277362785871128 0.0155349951875612 -0.187420089376161
-0.200570554760238 0.218944784264161 -0.0121257195169843 0.0392033145680286
-0.330998349373919 -0.111042767090447 -0.245926002839945 -0.0760301151348654
-0.0874890880789275 -0.343604879288957 -0.246720528180908 -0.389129588802407
0.140811891086091 -0.292850251369224 0.178293138391706 -0.648253082427625
0.136753107519299 -0.383783141201278 -0.16124582428321 -0.33148248548628
-0.13981817946092 -0.354282752112142 -0.0875964951445318 -0.148774233805863
-0.32321652385972 -0.118833312869152 -0.115509646949346 -0.133299343313997
-0.210057239742014 0.23748599080775 -0.078705346396181 -0.0470142185529324
0.0135795947468034 0.329939516551886 -0.0699150598729525 -0.063967485962072
0.198683043991315 0.251282242945245 -0.115435011185698 -0.123158713271816
0.284281538524318 0.112133217091646 -0.192089122322008 -0.148249583019541
0.315222914449139 0.0772524312049828 -0.205127530042217 -0.149633653848648
0.307841849339876 0.12642863139181 -0.178077882981193 -0.165448540723135
0.258199458538792 0.331410868907209 -0.0823331297674843 -0.18245597906706
0.0102482018833038 0.456301217767806 0.0272232882023886 -0.110287619032167
-0.324888686054975 0.353299872236419 -0.0351261445334549 0.0934615822021081
-0.54545462691441 -0.130797365825187 -0.262179965640631 -0.0392606268791916
-0.237961367120671 -0.537496656577127 -0.226485807812948 -0.338221804308994
0.132370045365591 -0.541811707773191 0.158047542559624 -0.512519912230242
0.122219058664137 -0.517859116639236 -0.223532738298719 -0.187700657609018
-0.234100480680414 -0.433305134046218 -0.0464543014273912 -0.0761836183532984
-0.428646277843589 -0.116399660136454 -0.101820646844075 -0.131781212161807
-0.266509249531051 0.308494020190175 -0.102691624490482 -0.0578473387655721
0.00815900732582726 0.423412708984867 -0.0945684133709579 0.00293055734893312
0.237725015153554 0.333579684122977 -0.0550053841026434 -0.0311129795608231
0.343882689191294 0.171306433696199 -0.0796640882976829 -0.0881688820378673
0.378225312245398 0.130125952986856 -0.0706041143163014 -0.101471920393205
0.367271889343572 0.187189389230927 -0.0430867505860852 -0.0990876245612263
0.303059464511517 0.425401023508397 0.0147927080642566 -0.0829711042657144
-0.00466760632565209 0.565798042125278 0.0524006079535976 -0.00652214282291503
-0.399928281079345 0.433241249484662 -0.0445804095497677 0.15798783108122
-0.669327410045958 -0.133516191086406 -0.246948848225001 0.0295429442786188
-0.3403702234054 -0.644249662227215 -0.187362746328542 -0.230212126619636
0.110071010060381 -0.69128119551486 0.127009862483142 -0.310018927233304
0.0831330680588587 -0.590456525974419 -0.269905087962437 0.0154514157781821
-0.328339759905042 -0.463643912342387 0.029542905016564 0.0402008420357537
-0.508104996129025 -0.0824136674446588 -0.0524825375903471 -0.118851367077426
-0.290594569438642 0.367362207738959 -0.116957272894773 -0.0664616865660753
0.0131579686037598 0.470935806269004 -0.114861983740887 0.0837620749564411
0.251886585881564 0.36951337084353 0.014570929759741 0.0806596051309451
0.360271730696099 0.200017477351362 0.0472406956747615 -0.0101642421358084
0.380844073627187 0.160064936687351 0.0743907237332374 -0.0373462160318935
0.362724110145765 0.219990652592162 0.101276461601216 -0.0218191247592572
0.294467501956458 0.446531467132546 0.121180154533191 0.0244309113177305
-0.0198787539393767 0.565902101571414 0.0868628958304138 0.102470546065585
-0.394733084040456 0.418208848989037 -0.0393865818121413 0.214377477427357
-0.647194265192128 -0.117445705956006 -0.199727212624451 0.108132356152878
-0.358980135125657 -0.626494878089541 -0.132084168963972 -0.0882394775215193
0.0751093702127879 -0.705699419727945 0.0921055636278703 -0.0829199348408746
0.0285344652167172 -0.576217957637828 -0.290649998336733 0.251166005485767
-0.374273320815624 -0.420670934627194 0.12788328540432 0.181145308927714
-0.504493680172777 -0.0340398145628055 0.0216578861796861 -0.0878165961646323
-0.265293112451491 0.361222480739682 -0.116117141995943 -0.061440760530377
0.0139345195236461 0.438599633364222 -0.120847206801305 0.167232544405544
0.228762175378425 0.344295667790804 0.0880934134190387 0.192830626712662
0.321177073790251 0.196643541803936 0.172977108156733 0.0743778015002091
0.328042686952393 0.165350585923562 0.209017676701908 0.0326329437073131
0.299820606481794 0.218781343704023 0.227285784946954 0.0522088198313118
0.228414073374518 0.390619633476457 0.210506874874898 0.116515374342257
-0.0392556964373076 0.455700483539215 0.11737083196784 0.186600539692888
-0.312147664464601 0.302961771138311 -0.0266638401500114 0.238184775736442
-0.478558116668358 -0.0944429104109401 -0.133971884762994 0.168346962035409
-0.29332334118474 -0.4913121017257 -0.0741051540569289 0.0384347558922077
0.0309348101143424 -0.592139597170072 0.0629044588267627 0.122879032138662
-0.024184084087174 -0.459613230651523 -0.28505983459031 0.475067013142476
-0.337420522179076 -0.304694155345071 0.215931330470462 0.318863064216113
-0.388510228947894 0.011670751981409 0.10577869505549 -0.0413817487581028
-0.185624497077681 0.269429159723805 -0.0959981968637455 -0.0508980885268476
0.00777416962133314 0.316050715559312 -0.114152957529191 0.225927188342975
0.159720021839937 0.255965912929119 0.145422549575072 0.28265455956232
0.227476387745659 0.161414501427421 0.274538714868158 0.152568300074946
0.221632505493523 0.145975022097936 0.312527972421915 0.0960454629021763
0.192440903511983 0.18403965977975 0.315114499280488 0.112664733550187
0.124985289851178 0.273812182507002 0.261319868930347 0.17718521929011
-0.0592346337566821 0.272137568614211 0.129685634144803 0.226163208023065
-0.185350623532271 0.135910422365833 -0.012097107854681 0.219232899410916
-0.235245109250267 -0.0607157139925577 -0.0692652987223725 0.191012041493675
-0.180305807146382 -0.280889392780446 -0.0281877298607433 0.119122544372201
-0.0234370693359323 -0.38962121448986 0.0468981171192887 0.26964506436221
-0.0693904544133948 -0.258891117868242 -0.261566437063778 0.642531302577555
-0.225439945097427 -0.13198448034834 0.27454168539139 0.425867485872223
-0.186895828867102 0.0491480019621629 0.19034994820867 0.006985338897554
-0.0678543287280572 0.1193833154285 -0.0595449206039498 -0.050672923456437
-0.00445400842966777 0.134727642463856 -0.105882794680033 0.239390558444474
0.059209330483267 0.12435435583548 0.168680105837081 0.333604485308695
0.0931421322091659 0.101647604954506 0.332205847589102 0.211848301599146
0.0825104123142431 0.10592406761544 0.369745301562419 0.144775958784912
0.0640554965919991 0.12387904249765 0.352752082311513 0.152061955108135
0.0153118125826286 0.129055062315756 0.269750246069139 0.204158540325905
-0.0676305642122723 0.0757436581863984 0.125253509259264 0.22299011635705
-0.0552094987958567 -0.0163613341409563 0.00215665571895749 0.1704920869496
-0.00911195900786724 -0.0123622716387275 -0.0149264575265244 0.181558706572305
-0.0788889060907005 -0.0589176293673019 0.00162575836063394 0.152617643870562
-0.0813819261500666 -0.153665009411784 0.0467634788551288 0.344157239996121
0.0796155419830772 -0.0463034390853356 -0.0964508024612604 -0.397323828935425
-0.0297303316210115 -0.115707317050302 -0.107621857897825 -0.164536450908311
-0.126240561399634 -0.0245648951599315 -0.0588455261689623 -0.117994152219911
-0.0413865972296767 0.114334004198148 -0.0307748159584531 -0.0795900767187906
0.0565807272137014 0.0836595120132617 -0.0816111722151202 -0.161697876775278
0.0799366855330579 0.00863420508532127 -0.231749175637662 -0.185004681837739
0.0575744105634762 -0.0463195945258374 -0.338758061499611 -0.143546350538108
0.0488249946923061 -0.0590065972083423 -0.361552439155829 -0.11998042641337
0.0466552093545919 -0.0453850956817569 -0.342747559936494 -0.172847206898376
0.0557525940823015 0.0174239539585922 -0.209953440193342 -0.253273558063859
0.0378339016036953 0.059649727730155 -0.00253012133667748 -0.225292250135154
-0.0450184513506094 0.0587811728638649 0.0297520580017829 0.00241272467773767
-0.0819743836067113 -0.0635705740821975 -0.205535303128521 -0.0401416595880911
0.0544946226495011 -0.106472997157665 -0.280354189049693 -0.324525147134119
0.116937027011817 -0.0190975683315271 0.105836864386151 -0.680739813999955
0.0905777771336721 -0.230487080467399 -0.140149123251156 -0.358147735012838
-0.0948316080890542 -0.229008884118734 -0.11051157773521 -0.156062763720903
-0.227183118825164 -0.056689746259358 -0.10011443647117 -0.104151400584192
-0.110807475643991 0.180620326348234 -0.0488349293490262 -0.0417731925461857
0.0540039530391226 0.201931723071084 -0.0622428168490621 -0.110895968118864
0.154286989524348 0.116398231628208 -0.176937719660002 -0.162416227774137
0.177140224228424 0.0151859683167172 -0.282668162316117 -0.147559983448105
0.189753075663757 -0.0122122014304339 -0.307795036880894 -0.129587873301935
0.188625257062027 0.0207427129196248 -0.286212897490618 -0.168848689523336
0.181502833142454 0.156788374055195 -0.167538362039463 -0.224565719407068
0.0568182208590299 0.2569790992253 0.00422792031245146 -0.179374006692197
-0.161391567057684 0.225217004744818 0.00238444904922735 0.04867639069243
-0.32366911056585 -0.0590163208352378 -0.249329163078157 -0.0318783759261615
-0.124259097397301 -0.30482486987441 -0.287341871827347 -0.342332871259743
0.0873437755888846 -0.293658603548667 0.101860410156258 -0.64359248996557
0.0846695606218072 -0.392503989373522 -0.190161778911201 -0.261621226519202
-0.170040576094585 -0.32174764311789 -0.0939599563262635 -0.1252971509068
-0.321077262526177 -0.0751977764917924 -0.118101128616699 -0.101556431222241
-0.172172116112818 0.243456206680921 -0.0731266258953119 -0.031520926336062
0.0499256172164546 0.308164954581031 -0.0631471770619809 -0.0553520849101889
0.213893300726233 0.213963728670093 -0.116106648135574 -0.111593122614183
0.274714902781996 0.0742061231203208 -0.193112039104144 -0.126635966773585
0.3024999609203 0.036068250236041 -0.208001074071648 -0.119923768115178
0.302985027291809 0.0834501264770605 -0.179906724701532 -0.141412889522977
0.279504422340863 0.279184377038352 -0.0872030058630313 -0.164969583074584
0.0647972279062971 0.423513665056479 0.0279760634598904 -0.106345112402017
-0.264071779346685 0.363102514709843 -0.0103242878401723 0.108090547781843
-0.525675838761497 -0.051941782836002 -0.26387934382139 0.0103108127194778
-0.281991963940072 -0.467142138969171 -0.272863587244233 -0.301458542636804
0.0525536422314821 -0.522462130777859 0.0989406353396832 -0.517677361754959
0.0552854546605326 -0.517884046809483 -0.230571532915851 -0.106977155232961
-0.26462165809528 -0.385862126488905 -0.04399622186126 -0.0586615976796788
-0.420922100204104 -0.0623256141556046 -0.0998231109907183 -0.10172699490544
-0.219375134611498 0.31377101257531 -0.095843050861433 -0.0407159502167796
0.0541009396159399 0.39395612458173 -0.0762516303539444 0.00917657191218559
0.258750371757626 0.287807437914124 -0.0466471927245411 -0.0345665790773182
0.338885185627777 0.12284969390092 -0.07823856493999 -0.0840248600755786
0.367882674607033 0.079315091072872 -0.0764738202619606 -0.0904274951693773
0.365090853493341 0.135234435197418 -0.0434807413441202 -0.0943774971788872
0.331227124669612 0.360896803207687 0.0184320308590903 -0.0832432320678596
0.0626255575112101 0.528005454975286 0.0660286666621148 -0.00959465171714068
-0.324230669987227 0.44447637026647 -0.00997515378833454 0.172211133444866
-0.639821102357723 -0.0420236985686525 -0.24273010805098 0.0755920870098971
-0.386163204271921 -0.554699471732775 -0.230826302332786 -0.203928038678031
0.0171174832885798 -0.656579785302205 0.0900388132937114 -0.327640244367634
0.00898539728249484 -0.582216125653895 -0.249886132948542 0.0961915900247276
-0.354617956147698 -0.403922707261747 0.0435279203747053 0.0439946081269879
-0.489929709240081 -0.0241148104332868 -0.0471222439987011 -0.09742208518835
-0.238532312242129 0.370533484257314 -0.110207139018555 -0.0492546050572747
0.0615759620993442 0.440385459317585 -0.0844941842244143 0.0861651068107731
0.275540638153719 0.320600171800864 0.0325781312688017 0.0622457983782556
0.356622960114603 0.148854186182964 0.0515749225414785 -0.0236566214699498
0.375521385611068 0.107017580224417 0.0670710156606579 -0.0467957887874116
0.365546619689287 0.165098631276758 0.100536732405528 -0.037542603385266
0.325691612623295 0.380456681546368 0.131561477125945 0.00495153712434896
0.0479689745153924 0.530329665799672 0.1107230667971 0.0892244840957721
-0.320355418354602 0.42823292009319 0.0002444438982692 0.223453381764934
-0.616186122140995 -0.030466869735305 -0.185441630064372 0.14227858206236
-0.400246918475688 -0.53730713550265 -0.162838873808166 -0.0759768953104331
-0.0137112056719099 -0.665038512799025 0.0802679951613006 -0.106419719387433
-0.0403914724825922 -0.558607161702858 -0.240645298796343 0.320919471127107
-0.391303780304229 -0.358929544289423 0.152907523900439 0.165123384258709
-0.479137348791985 0.0217584154145701 0.0281089311550935 -0.079426489512151
-0.215600868850849 0.363045045221848 -0.109986087118829 -0.0474545304224116
0.058146538034766 0.408678426324753 -0.0816045876485997 0.165616795058157
0.250914852747308 0.299215852573159 0.1138015789477 0.161497421804508
0.322172520952691 0.151469267402932 0.180771360128767 0.0449982693556609
0.324842450912336 0.119754318517581 0.201201721635391 0.0037948666123687
0.306102638843152 0.17202786479082 0.226307198476857 0.0187197805556649
0.255865221188032 0.335207063748771 0.223704099691802 0.0808240570345977
0.0156152522490982 0.428535146222593 0.145004960981616 0.164189327343308
-0.255316398405776 0.311797495221689 0.0130272007839278 0.240349596827995
-0.454416152775879 -0.0321997467295988 -0.110984037321863 0.184740257714444
-0.320552160105998 -0.420064462428664 -0.0875909966189404 0.0389688258125604
-0.0378609502418911 -0.551532034822995 0.0731856518969201 0.0956089523064641
-0.0768647811284937 -0.435198200398272 -0.210381969794361 0.523281358126351
-0.343586691238754 -0.250767246218322 0.250450837724626 0.282080903563362
-0.363224616936557 0.0520547843216196 0.110665291183899 -0.0502603240334464
-0.150489574525678 0.268999044399821 -0.0938247000677513 -0.0405959745977909
0.0390389279350745 0.296025759174949 -0.0720067966352592 0.223582088773363
0.177407964696443 0.224434171485744 0.176531939337349 0.243967075447347
0.230521308181399 0.128574869385004 0.284392646008501 0.111017846362675
0.22403535689084 0.114039671320725 0.305513196354865 0.0526252506076193
0.201591446680181 0.150597174232935 0.31241268657721 0.0672833110933631
0.146340251459989 0.237922490274384 0.274269215491924 0.13199394469382
-0.0249258394865061 0.257791001157323 0.15598870012462 0.197523045943116
-0.156726307953972 0.141929113646781 0.0204684027653277 0.21444763492151
-0.22229588248572 -0.0323396179094782 -0.0406450901190632 0.192435133345891
-0.19220300705081 -0.238730551262424 -0.0264841425812953 0.113158197833755
-0.0615784462422351 -0.354649406465665 0.0709557137428665 0.241653342688403
-0.0954634931802106 -0.234404517248625 -0.168964116482451 0.660585366538611
-0.220374543667285 -0.0985123572878645 0.315224643428979 0.372304631955507
-0.168837619113264 0.0643445364862385 0.188146516399782 -0.0192776153086145
-0.0538463160235622 0.115460584100478 -0.0650786774011664 -0.0443464945462658
0.00739739373645354 0.1265348611295 -0.0689342246328568 0.239541117232461
0.0683264139432061 0.11112370190941 0.201606517189587 0.295638749367643
0.0993027539230482 0.0872530908199571 0.343457599723916 0.164975945216134
0.0895772392764839 0.0921199562990278 0.36336724955196 0.092788663397736
0.0742029884230243 0.10915606946327 0.349785026715273 0.101911952543924
0.0265074935817806 0.116374954705711 0.279861303191134 0.155701627460512
-0.0570008642083913 0.07662367660725 0.145795244341665 0.192585689230814
-0.0535350113459083 -0.0136203129021546 0.0245475933327446 0.159471730938046
-0.00540477948363615 -0.0151001127236704 0.0148741464789791 0.17128370167603
-0.07265744843444 -0.0436952789880576 0.0149563809408774 0.146309587125831
-0.0850615681646707 -0.12871920917281 0.0757748188628672 0.318472146480335
0.0752341073792929 -0.0466995876637428 -0.07846155024409 -0.382406624762408
-0.0311827241366638 -0.109832078805433 -0.0983785900722516 -0.163298902060134
-0.122417379474183 -0.021505357706375 -0.061382381958364 -0.112038003619114
-0.0376321589720187 0.110520552518414 -0.0303209669764578 -0.0719217319580426
0.0555534010136059 0.0804316210841258 -0.0738980410350059 -0.148261795368049
0.0769252960121959 0.00718801492808422 -0.215823152543863 -0.175273934901769
0.0546483108338397 -0.0450937820536479 -0.317407361163671 -0.139782222004233
0.0461221131125011 -0.0569019068951255 -0.341655447708079 -0.120616251639147
0.0433158663196571 -0.0435014818486208 -0.322933917801169 -0.171035594864206
0.0549925867716231 0.0171141536871316 -0.196002953622227 -0.247237928353902
0.0378715793612555 0.0566126193259257 0.0021303398432834 -0.216610849817481
-0.0424112778034863 0.057069650121317 0.0329298189803512 0.00385908691632923
-0.0795982495473869 -0.0595448334388528 -0.193137643219281 -0.0353054076493766
0.0506647095978746 -0.10258081746772 -0.256469189458474 -0.306477365159353
0.111109460207522 -0.0195895726226328 0.115269465536102 -0.644343465400511
0.0893481217800343 -0.220493918303173 -0.121383885759621 -0.343797653977725
-0.0898937645838589 -0.219026771028192 -0.101717491753849 -0.155300199762286
-0.217638504678651 -0.0543705729907748 -0.100159199821269 -0.0976599948737403
-0.10522328452958 0.171039984840368 -0.0482175819360524 -0.0355443571960026
0.0521823913469723 0.192076545370239 -0.0542576580125943 -0.0996624114123009
0.146568118988092 0.110464853917632 -0.162856362441489 -0.154159303818666
0.167526080662796 0.0148875656352079 -0.265610910464531 -0.142723401014278
0.179598700187263 -0.0104725425882333 -0.290970524284362 -0.129468170437556
0.178048272734472 0.0215795243359421 -0.268851270748559 -0.166886381065053
0.172362590125761 0.150353638736083 -0.155531505458955 -0.219208180198275
0.0536743748679011 0.24451710530532 0.00791554877258688 -0.171938284239509
-0.155407509210538 0.212218859607103 0.00806460286570812 0.0473749910648291
-0.308660456897982 -0.0597424286726213 -0.234117457773122 -0.0273118559831569
-0.114374183616231 -0.294035728578336 -0.26366267447929 -0.323697788141962
0.0892784466857209 -0.281913530078137 0.110921253548289 -0.610140443354726
0.0889722364399827 -0.375136884306494 -0.17097893778928 -0.254077877513324
-0.15690818530798 -0.308962957039405 -0.0869188822370105 -0.126318361055106
-0.306553232005701 -0.074104202246996 -0.117161035653593 -0.0951685623667094
-0.165850100976899 0.228548398976645 -0.0726149637561858 -0.0253648372178479
0.0462760678375051 0.291817574864284 -0.0547283372862045 -0.0455558765696498
0.201030409289583 0.204060662155672 -0.104756822944648 -0.105400660510808
0.259999826578724 0.0733179300194131 -0.181047604655137 -0.122503963848668
0.286014228082812 0.0368729889114565 -0.196969285562485 -0.118400267017332
0.284590849142394 0.0838161140733707 -0.169023450522186 -0.140114024099181
0.264286745341793 0.268099841151939 -0.0796712413607893 -0.162874408599292
0.057772698367749 0.404328090162361 0.0305850002838132 -0.101441133673511
-0.254130644638453 0.342170018204782 -0.00378273643409381 0.103586593895133
-0.499922821953914 -0.0575949845731042 -0.246920943891 0.0104433848250543
-0.260726074910816 -0.451730576319781 -0.251928814656875 -0.285306477532183
0.0605744670543442 -0.501281504458058 0.105713801224559 -0.490423587272484
0.0635846921245573 -0.493692810443191 -0.21379267155271 -0.107146280947578
-0.244324980680276 -0.37251272158339 -0.0405099962411926 -0.0620808836105221
-0.400696637767955 -0.0645041036709623 -0.0992569670038781 -0.0953310211888543
-0.212782647626465 0.295743616776112 -0.0954974036518462 -0.0342616194689276
0.048054765040577 0.37635462247334 -0.0680564103315162 0.0163627061295796
0.242771663934403 0.274906889556851 -0.0391912729422913 -0.0314141971347686
0.319516754997532 0.120902060569463 -0.0730231525299702 -0.0793123809901117
0.347036019638523 0.0798420892619617 -0.0727205805834666 -0.0892435110457744
0.344037273019348 0.133419601190761 -0.0398765711476857 -0.0945901214628373
0.312043817274663 0.346780045275098 0.019695232910783 -0.0835902607425572
0.0542497585532076 0.503113164932614 0.0654806862643458 -0.00955338746611221
-0.314407019995202 0.416569355666987 -0.003451200364127 0.164285771200125
-0.608076433947958 -0.0499869921775123 -0.2254594990758 0.0714051752029854
-0.358165070189378 -0.536265111679072 -0.213501047639136 -0.191066084685836
0.031007121610861 -0.62986205359048 0.0919768703920025 -0.309813215686772
0.021517773105512 -0.555269301890731 -0.237857721735369 0.086818630881753
-0.328351309987279 -0.391345986074717 0.0411582130918776 0.0365977091541808
-0.467132577274438 -0.0306726463515493 -0.0485267539384944 -0.0901125204610904
-0.23216139348393 0.347306287779466 -0.110334183980028 -0.0434634353122437
0.0542566107554903 0.417792233311815 -0.0778243674814046 0.0903250840612189
0.259260950340217 0.307477543038133 0.0352766688358296 0.0616984322601801
0.33700437717298 0.146063207779866 0.0494239746440097 -0.0199925160650867
0.354952867718648 0.107229908033776 0.0633821534906405 -0.0457259891929916
0.345084091200636 0.162519618795295 0.0957884889971897 -0.0388796391064963
0.306773387882285 0.365131956585369 0.125655388577805 0.00163783328871639
0.0407097851530123 0.50496295315286 0.105891198756935 0.0845156042502188
-0.310879868403242 0.401620456259574 0.00602193724195373 0.211803785760631
-0.585318473313533 -0.040846012125262 -0.16992653450553 0.134089875274525
-0.369964658316593 -0.519117203346797 -0.151658390763888 -0.0690325892604306
0.00245025352096892 -0.63688638662741 0.0770062828204735 -0.098779475978902
-0.0247263185196148 -0.530185602432255 -0.234953270586552 0.30126885594428
-0.362428351424223 -0.347794113583241 0.142582072779686 0.154947829584408
-0.456850725986787 0.0124875460951086 0.0241039492626841 -0.0736202342086477
-0.210514964336663 0.338838207228099 -0.111772034771104 -0.0437023885863605
0.0518974725738625 0.388178748952962 -0.0762761124966138 0.16479618235421
0.2344700009779 0.287855950276904 0.110902059593548 0.157840485966705
0.304613054892158 0.149156067924092 0.169881659759778 0.0471935042241236
0.306826234053467 0.11980998296819 0.190855784564649 0.003934776054333
0.288890728736878 0.168598029159575 0.213944728249817 0.0170838537402199
0.240374874452764 0.319500518944395 0.21248266404727 0.0739131481261557
0.0102963250185689 0.407743225672199 0.137674826831584 0.154952506591337
-0.247996194169323 0.290450760902267 0.0178576468590803 0.22624579589274
-0.431107882322791 -0.0411541473892447 -0.0989797025725125 0.173635375631288
-0.295899281025229 -0.405375339122003 -0.0825092861412444 0.0412176463224627
-0.0220495389588857 -0.527697771675433 0.0652194719315915 0.0945125736243589
-0.0614133514617036 -0.414435555739424 -0.212186348289316 0.494686928989693
-0.317193899748988 -0.242789091020196 0.232795055072597 0.26894250796885
-0.345107307708882 0.0418307189721989 0.102965988614545 -0.04657435911956
-0.147469171561328 0.250475629952052 -0.0966950349548673 -0.0387335019948083
0.0330577483429311 0.281198845002578 -0.070285762556009 0.218962876315649
0.164733830236429 0.215854015067578 0.168108874678512 0.237756180790409
0.217297289386688 0.126767447982337 0.267341026518584 0.111255118853916
0.211779506253375 0.113037568758553 0.289350715793213 0.0529801010625684
0.189671763917055 0.147070965132103 0.294588467559889 0.0654390002342534
0.135269855486663 0.227425729071052 0.258789911053812 0.122900065874547
-0.0281647618871132 0.245093228162233 0.147424558368034 0.18560518332478
-0.152513220755315 0.129996112807655 0.0229332319838031 0.201315335527749
-0.208848551329872 -0.0374074966223541 -0.0318691827168029 0.179925139650251
-0.174122518969352 -0.22888174716092 -0.0263613507625297 0.112485175659327
-0.0476847302690706 -0.337264572462879 0.0596383376941171 0.232741743520562
-0.0836732353829346 -0.221762306974892 -0.173974437915382 0.628434394509334
-0.203500720255667 -0.0948774784886549 0.292626513519643 0.357340080035843
-0.159804639817127 0.0573172410155718 0.177409655069749 -0.0186041158151205
-0.0550610269516775 0.107179323849801 -0.0682020915565892 -0.0448726535442616
0.00456689682498631 0.119876916562218 -0.0700245388254354 0.232209092723338
0.0621202520044994 0.107368840625261 0.189575121396335 0.285902367429411
0.0930108160029719 0.086022456757994 0.323571494415362 0.163345790762704
0.0845713976940441 0.090989220342925 0.34477275684154 0.0926058369098491
0.0696760124950673 0.105785508391357 0.328362771896743 0.100226935324157
0.0219306491774755 0.110378503507063 0.262942451678109 0.146150424822757
-0.0581786591817779 0.0719049664051087 0.136396528819624 0.179622848480488
-0.0528339103072351 -0.0166508108164746 0.0251463614518585 0.148732938212084
-0.00205745058626282 -0.0188792905659927 0.0198609725904217 0.160672418898363
-0.0637185789764965 -0.0406739870568628 0.0116141355712033 0.143384342218741
-0.0747736723241315 -0.120209029603133 0.0625915008172719 0.304445928672937
0.0737777740656983 -0.0455511318186028 -0.0561627090984013 -0.379480417957374
-0.0304657020247765 -0.107408201373743 -0.0894933584883101 -0.168081199040642
-0.12161145399235 -0.0224817956012561 -0.0620181136861116 -0.110228624610611
-0.0378381857030019 0.108101280090907 -0.0291117911669463 -0.0674923474713741
0.0541670571996278 0.0795555116886955 -0.0641675483431383 -0.141966907164017
0.0761541569264971 0.00760731308219068 -0.201954872488549 -0.17643284793469
0.054860766836118 -0.0433891646385385 -0.303256972890151 -0.146669150969435
0.046082755149353 -0.0556222254844233 -0.329410167803546 -0.131808727027654
0.0430755077253728 -0.0413109804356537 -0.309395012498962 -0.181537972375921
0.0552538215285589 0.0180223732445984 -0.182578490379558 -0.252914764521891
0.0377552086336421 0.0563722918580214 0.0114054124639157 -0.214318643061562
-0.0424830452885515 0.056060545728204 0.037332881242976 0.005654787161664
-0.0779125395409205 -0.0593499408421331 -0.185238410875914 -0.0357476417108528
0.0511249724574631 -0.10096115995052 -0.235988515430126 -0.305311165087285
0.108711781795467 -0.0178194706969265 0.140707970474004 -0.62749431658996
0.0963215787001834 -0.215418777087946 -0.0993697133424976 -0.344935709356443
-0.0816107962021959 -0.217453601945311 -0.0932351204990247 -0.160801864221792
-0.212129750485565 -0.0591946105227468 -0.0995726194566342 -0.0974012609501864
-0.106903259521297 0.164573823223434 -0.0480248947139733 -0.0312479428785457
0.046560856129964 0.189107452124964 -0.0458045915575181 -0.093086316142188
0.140186430936892 0.111729042953503 -0.150483885493405 -0.154531252683246
0.163256939881231 0.0196401910875707 -0.252264566905904 -0.149367507206181
0.17467995371139 -0.00513455823734431 -0.280609076555056 -0.138699778557768
0.172302588708903 0.0277781077258248 -0.25653939499647 -0.176397408046909
0.164933977435718 0.153366684393483 -0.143051549204881 -0.223908412823099
0.0455273223443255 0.240628695811109 0.0161999316076779 -0.16918657440703
-0.159076201226776 0.202750435797383 0.0130976503208639 0.0479488821106787
-0.301545990988645 -0.0693383339607777 -0.225143687333135 -0.0311227431335977
-0.102151153844105 -0.2959817874573 -0.241506270664073 -0.323021271577266
0.0992339165193755 -0.275722569761025 0.137173807534318 -0.592044465250632
0.102575045618956 -0.36603231679707 -0.15187819489688 -0.258231427626447
-0.142085061202981 -0.309374632224825 -0.0790166934246271 -0.132690896404841
-0.298667885133766 -0.083473910837981 -0.116185741992358 -0.0949241731421136
-0.169171788422833 0.217097508933362 -0.0737487797161029 -0.0218762790698047
0.0369536364400307 0.28660289501197 -0.0472070607667449 -0.0394529333931331
0.190663424842132 0.205564482869192 -0.0944381403116053 -0.105274511052146
0.251832814708395 0.0802673559976206 -0.171730443807978 -0.125811191185033
0.276997874359496 0.0457437404893013 -0.18953417939007 -0.125582049933342
0.274686724382879 0.0944505528706303 -0.160210066872189 -0.14698593904723
0.250203987104635 0.271880862225945 -0.0709992214365474 -0.166612723060707
0.0434285058924307 0.396862332399808 0.0358343718649036 -0.0989992767012299
-0.261220338007855 0.324222830365815 0.000197493711874235 0.102101434314246
-0.489042206914 -0.0750695303231054 -0.238176123946496 0.00542136437648851
-0.239223849342984 -0.456440418731209 -0.231478679962354 -0.283040813636308
0.0819456634137755 -0.492258815434638 0.124315168133467 -0.477523335177501
0.0844751586858883 -0.484266829831954 -0.202064065264728 -0.115083820177087
-0.223235310653897 -0.375729194161078 -0.0368254727826196 -0.0685744299895096
-0.389349700894148 -0.0791950312838382 -0.0990835692324236 -0.094255548246902
-0.219992300348016 0.27995182327109 -0.096507957616625 -0.0309601745247692
0.034397169290166 0.369369763834241 -0.0618953554161687 0.0215307841505569
0.227251101912811 0.2769255103774 -0.032844850845633 -0.0306941785841282
0.308968810667799 0.129085301559979 -0.0687958260686802 -0.0793701677265094
0.335420067732554 0.0899678592929888 -0.0684408392727998 -0.092387668225258
0.330968040807065 0.145462911020176 -0.0354477591856388 -0.098382990926781
0.295655887261716 0.35015690753912 0.0228736367446571 -0.0860255360994562
0.0369955121426404 0.493726108985341 0.0659537708647058 -0.00775463591942404
-0.321988232722462 0.395074852862659 -0.000828403188858891 0.160149033008968
-0.594209153646978 -0.0732475543026631 -0.217392169867996 0.0637780827912407
-0.329709231921349 -0.542789637100496 -0.197647332106764 -0.189813520503411
0.059655516056606 -0.61878846798526 0.103571256597273 -0.298256555006226
0.0488850196273868 -0.543139240773815 -0.235115253435517 0.0745968144584342
-0.302141493545894 -0.397458218084127 0.0386270270493184 0.0314332402216781
-0.456460319143208 -0.0477090600034973 -0.0484541077881512 -0.0878368339035352
-0.241588782885851 0.328601839758778 -0.112939599316884 -0.0420154145666753
0.0383411762306918 0.41114671762068 -0.0744730906956887 0.0933595911916434
0.241918275324375 0.31046896314223 0.0368084604806692 0.0636477688808775
0.324840511697899 0.157088343500227 0.048377009114198 -0.0163134301802213
0.342122364644025 0.119307825932682 0.063440694568303 -0.0442179221547413
0.330584050222438 0.173297269439276 0.0945091350890157 -0.0377497134623633
0.286792326722841 0.366797780534714 0.123563124463633 0.000812068291971115
0.0213524302679502 0.495690552478913 0.102259040737272 0.0852604647792317
-0.319683067920721 0.379802483303413 0.00631768146138808 0.206179384169772
-0.570306440590986 -0.0653577419308434 -0.164602731400185 0.124546995239991
-0.342159773819199 -0.525591816086536 -0.142019826627445 -0.067871899585306
0.0318073882790211 -0.625955126377469 0.0787483505512748 -0.0922381292778999
0.00286954858252569 -0.520100621784379 -0.243085523593321 0.285691998807694
-0.335578158186239 -0.354441961691353 0.133031377300573 0.152542607525183
-0.446163141797324 -0.00789727965396395 0.0228982754791883 -0.0707116008257811
-0.22082101310309 0.322194891704758 -0.115296803850876 -0.0434738943134704
0.0348535149631209 0.382675613503573 -0.0783219317822434 0.166582176949278
0.218340839946994 0.29098880511712 0.106583965313519 0.161014957229117
0.291955096011466 0.158323712974743 0.163360106695659 0.0544418966196751
0.295189002870547 0.129309512149284 0.185902375702455 0.00994926831230915
0.275592759797844 0.176732996619918 0.208334476525511 0.0217809944581434
0.223350234991941 0.321770778546759 0.205051529712556 0.0748732149242491
-0.00551580973475456 0.399537026433037 0.129708015345287 0.153933025181026
-0.255472990492036 0.27175569989604 0.0153632550110043 0.219361705071344
-0.418564019520542 -0.0592981225037833 -0.0953584513677573 0.165237099169056
-0.271222399076424 -0.409645792597584 -0.0800004095948802 0.042527938857789
0.00433938884402854 -0.517842929631157 0.0575994727899745 0.0965091077806084
-0.0398163702405311 -0.406784036836721 -0.230251259825812 0.47766626203481
-0.295549936258873 -0.250546465838359 0.216220200871598 0.269025491753726
-0.337673392226013 0.026808076681147 0.100189251491148 -0.0429895157207095
-0.155454718232547 0.237351192757545 -0.100610213758617 -0.0405977191117585
0.0203346915710233 0.276151596997885 -0.0766175394349505 0.217761961623377
0.151919464627854 0.21871504843071 0.15853959968164 0.242368367525119
0.208313737627837 0.134394910940086 0.255797247538867 0.121920890777047
0.202978720802175 0.120959364403936 0.280430572095838 0.0622400701136875
0.180658817985383 0.152568956649631 0.284623734070758 0.0727345300280947
0.123026013658557 0.227114311188134 0.247838550702968 0.12425183908777
-0.0373472779738906 0.238990669985198 0.137721998277299 0.182741038409217
-0.155222181952567 0.118060948383938 0.0198646291805462 0.194297179290252
-0.200634039364064 -0.0488210585545549 -0.0308917647591384 0.172482229064617
-0.158057794449125 -0.231045433420415 -0.0289160837659412 0.113498163853807
-0.0278295335271368 -0.331808533059366 0.0451443212225269 0.231396686439259
-0.0692831458888437 -0.217900631174099 -0.201816206542127 0.611223793738773
-0.191258597351242 -0.100000713015883 0.271522988612739 0.359383962406691
-0.155866395506373 0.0481179651736429 0.172816536792817 -0.0147973167341222
-0.0598711635285009 0.100803444172832 -0.0716854519304783 -0.046834601598539
-0.00215948819062505 0.117407685157638 -0.0783073503844397 0.230028505956713
0.0544548808684734 0.108943289218379 0.176151596390933 0.290840707572862
0.0881000641216706 0.0897168946673464 0.308731669012054 0.174266897588761
0.0799594389730838 0.0948853287759063 0.333638918669137 0.103803194779188
0.0643243850169641 0.107387472371791 0.315773997769835 0.108806700932529
0.0156109739463918 0.109208384695949 0.249399223663008 0.147851796346945
-0.0615898236511762 0.068826403101484 0.127174262373405 0.174608972050611
-0.0529004198128703 -0.0213952809786813 0.0222911474825351 0.142488263230138
0.00136848466059848 -0.022729267462464 0.0206611345491351 0.154811682477898
-0.0556912606951484 -0.0411420666681098 0.00558429959136813 0.143895776053935
-0.0632822440573663 -0.117622697025459 0.0431627368002607 0.301501398845072
0.0751465998050969 -0.0459297049348321 -0.0357079569161988 -0.392015303432981
-0.0301889905234238 -0.109781412002036 -0.0837655668454756 -0.179454841989615
-0.125373963427419 -0.0238249542181264 -0.0647092186098739 -0.113091757269994
-0.0400594454306402 0.110269068213876 -0.0300019015565597 -0.0658466337167123
0.0546429504163044 0.082451806643695 -0.0579725323134335 -0.141376946035808
0.0778285519928311 0.00818958131887032 -0.196596446997929 -0.184560654356757
0.0572352272999021 -0.0439527486005297 -0.300951179517655 -0.160600814353103
0.0477160840164946 -0.0554607269817119 -0.330447510680762 -0.148697566655677
0.0438203799133316 -0.0407463913295241 -0.308610791557008 -0.199132695868257
0.058154865764511 0.0197699571425967 -0.176590998429181 -0.267874261655216
0.0386219060528556 0.0577505420993577 0.022223180505693 -0.219761698955961
-0.0436932206265577 0.0567954297385977 0.043538720390073 0.00790927975917609
-0.0795838537499197 -0.0613085711626318 -0.184668177454537 -0.0387937581438609
0.0534193439166465 -0.102558536562502 -0.222477622730859 -0.316141347620456
0.110527392133569 -0.0163783245633428 0.174496644824137 -0.633216452492379
0.106070223847096 -0.218048042338299 -0.0806020236053892 -0.358184716372369
-0.0762207624788729 -0.224786528512437 -0.0871052347441573 -0.172438754793523
-0.216062100562299 -0.0654229837453044 -0.103193597887835 -0.10056961920079
-0.112945863716611 0.163818793500382 -0.0506423636677618 -0.0290197084024068
0.0425310381208654 0.193589135290585 -0.0387412950501893 -0.0908228586350651
0.139638247480602 0.116460015592621 -0.143800318109509 -0.161871793040721
0.165839840263292 0.0247149030157124 -0.248628077091248 -0.161334992197343
0.176643906555625 0.00099469444360248 -0.280329050665488 -0.154901318741531
0.173239946414822 0.0356942961420651 -0.254163439199116 -0.193357879738126
0.163673565039674 0.161936801358545 -0.136435909912337 -0.237381479068386
0.0390696015148123 0.245316262915384 0.0260189675588462 -0.172866018850761
-0.168442090875746 0.200434667167038 0.0178099890103403 0.0501455421452511
-0.306262377217975 -0.0816425332534075 -0.224366083589965 -0.0358238961083661
-0.0936713570599511 -0.307877282850516 -0.227919541784287 -0.334268334249577
0.114061963572826 -0.280700574039076 0.16677949219626 -0.597126951390106
0.120650535909769 -0.3720186688247 -0.139373165039161 -0.271798647319521
-0.131335499316289 -0.322207003070282 -0.0746193675597395 -0.144644028016225
-0.301380963096049 -0.0950641296409792 -0.119877265793804 -0.0973812948391544
-0.179355170866517 0.213174751530763 -0.0770016343790033 -0.0191544148234553
0.0275262242682472 0.29320079125495 -0.0416819828861688 -0.0353898471398594
0.186339385168147 0.21491483272879 -0.0879418258737291 -0.109622940467628
0.25329271590577 0.0904989505156612 -0.168655109876611 -0.133978567147148
0.278593908308887 0.0567131306854179 -0.187588208860313 -0.137349866824916
0.274235264790935 0.107576654711176 -0.157213770222964 -0.160437701573926
0.24530669952198 0.286637737607998 -0.0658871344310494 -0.176628333160103
0.0301686266816114 0.404615315050864 0.0426612826872359 -0.100179655132862
-0.277674542027319 0.317866923225387 0.00402588225901558 0.10413927713786
-0.494128064870051 -0.0970615065274402 -0.237932208731201 -0.000838717521236047
-0.225950883226314 -0.477770847692454 -0.221349883661746 -0.293601656313938
0.106995188955956 -0.500392915301984 0.148297109420797 -0.482201166017566
0.109654685574603 -0.490087514268863 -0.197162161483435 -0.127586239915066
-0.209980134881589 -0.393209037197603 -0.0342882772341504 -0.0780817599332376
-0.393755410840422 -0.0960281016142872 -0.102456246253755 -0.0966733412159839
-0.233931213357529 0.274818704238593 -0.101842663036189 -0.0290602629214795
0.0221942293408642 0.376302313181627 -0.0578739282292131 0.0268974513313243
0.221739866840827 0.291457235426535 -0.0275338149394485 -0.0316689193272876
0.309716413952087 0.143823667817916 -0.0660272526179819 -0.0823620041535032
0.336480377601858 0.105211462872259 -0.0668639201069169 -0.098538892723271
0.33026108929561 0.162366870197612 -0.0331087521252153 -0.104992611988316
0.28752225281843 0.368224505792446 0.0269834476043386 -0.0914646680126548
0.0215962453153589 0.504309663411546 0.0697651849313488 -0.00656999889088251
-0.343032319872374 0.386793785594755 0.00047643702643374 0.161873602674047
-0.601388230409103 -0.100439354200644 -0.217700538903956 0.0583656043410657
-0.313415844608746 -0.569795156378663 -0.189645788844826 -0.196598643176024
0.0901453253714946 -0.630546828773401 0.117991403513456 -0.299243719103119
0.0761105072547874 -0.551755314463746 -0.240918566297022 0.0654901823897754
-0.287803499598063 -0.417893865882127 0.0379140649220886 0.0272340188759973
-0.461956962293687 -0.0685564382181111 -0.0509024411718591 -0.0892617544505222
-0.259337894198379 0.32278398289031 -0.118621467252013 -0.0414553795789235
0.0232565165288762 0.420749962625954 -0.0738583577955416 0.099596152538161
0.233759915380724 0.326869598074649 0.0398350699650121 0.0675406870074393
0.324035355317455 0.17414149592416 0.0494361102601241 -0.0127227691730848
0.342152981014258 0.134019575273603 0.0654443196075212 -0.0441704291727168
0.329798840960883 0.19217520620431 0.0969379316297696 -0.0387427791409166
0.278715893587837 0.385190102745531 0.125488600490409 0.000475813655115661
0.00409050251543401 0.50671117475113 0.102463555607809 0.0889442234384675
-0.340262581318043 0.370199173518925 0.00645294461713216 0.208201619526373
-0.578976692460773 -0.0917900678669019 -0.165394501412431 0.121351842765073
-0.3244491791219 -0.553663654277564 -0.139141437081811 -0.0693766124999596
0.0638777986192075 -0.639154212270155 0.0828268669413587 -0.0894573810983593
0.0279916742443497 -0.528794472818411 -0.260025722972519 0.281978957011532
-0.322051645928219 -0.377174831532607 0.127611491013741 0.155356475821991
-0.452286735819734 -0.0271225406381059 0.0223596753407155 -0.07014690980114
-0.238028801947566 0.316220035259414 -0.12249890413526 -0.0448126656338616
0.0210153289751741 0.390054378329844 -0.0819310147753106 0.174039020473011
0.209907212653211 0.305701109413893 0.106884540513781 0.170244508522293
0.291130930589064 0.173669037005201 0.163169310948732 0.0645152560395966
0.295203552436602 0.143492343997346 0.188329318261462 0.0163215137684224
0.273985115253273 0.192785289132265 0.21001116013656 0.0271445125713499
0.21515025760603 0.334855016275375 0.20487643128494 0.0791769847019312
-0.0200327161479182 0.40469088695665 0.127415658383476 0.1584864074473
-0.27003371533512 0.264389093856923 0.0139467880507004 0.220908691085031
-0.422947875989143 -0.0810610911539941 -0.0955782557686038 0.162673637023682
-0.256462889164266 -0.430570165057352 -0.0806854431217671 0.0450092356140069
0.0316059451422034 -0.528690763619372 0.0519787763358814 0.102450061391716
-0.0187354895342361 -0.414538551940369 -0.256441638706508 0.479793960735178
-0.285336293761143 -0.267958591719408 0.207275025914225 0.279160935964101
-0.342596553947089 0.0110148247409271 0.101034735542085 -0.0405940074174303
-0.169165759950699 0.233236255903148 -0.10746748796043 -0.0429854819152439
0.00887397542652902 0.281398502581708 -0.0848087859214654 0.224965814717238
0.144386242289955 0.229587621092687 0.15598949065899 0.255593680125158
0.20643353316609 0.146875713164257 0.254594410020852 0.137265582081527
0.202537901539727 0.13257074044873 0.283130307687216 0.0726116922749943
0.177981980708353 0.163932255628533 0.285027926140851 0.0827537942096714
0.115828533347205 0.235840021758478 0.245303914813868 0.131393699500873
-0.0481477550282316 0.241678985827678 0.133681076192013 0.186457977473202
-0.163910311111456 0.11063196315069 0.0182235435208954 0.195077012864934
-0.199880275872227 -0.0616897449307049 -0.0303366229720495 0.17159840135774
-0.147595234528396 -0.241774192522322 -0.0327707506696057 0.118826764532125
-0.00894915196817025 -0.337978564975272 0.0318278718759084 0.238591931899663
-0.0566599510550032 -0.223465999688341 -0.234794918294774 0.61761172362624
-0.185327876286208 -0.108311694873287 0.260412696036946 0.373413708741969
-0.158039919924413 0.041649072191524 0.174743883117765 -0.0109359966515065
-0.0663938075961627 0.0981498014994068 -0.0778087461011179 -0.0510231972008577
-0.00739928609162137 0.119307793255235 -0.0896961338963506 0.23559887801027
0.0498453278759117 0.114752948688275 0.170637867025951 0.306015627134344
0.0855628468358888 0.0972218145628433 0.3067160000945 0.192077424209479
0.0784277252778734 0.101961068323058 0.334954569921618 0.118163188022155
0.0617204234148176 0.112960153343288 0.314341247413908 0.122203458808601
0.00913064462499028 0.112355298405399 0.246100867079492 0.154707838823754
-0.0683337654827483 0.0681741555277024 0.12207889564459 0.176551305887694
-0.0553056339412373 -0.0264360460406292 0.0210316707246321 0.141873923515105
0.00527186271853143 -0.0275505568270152 0.0215859414099644 0.155645809345553
-0.0499756115262554 -0.042944118091065 7.14505154291796E-05 0.150622893296503
-0.0544874887466997 -0.119647852383203 0.0260640282400681 0.30886156668108
0.0782445570712231 -0.0494983279024549 -0.0259377434732515 -0.415827220030114
-0.0338697044864451 -0.114436617431398 -0.0844959700809209 -0.194882668557161
-0.134226759565366 -0.0232170894970678 -0.0727441818837027 -0.118543782968159
-0.0409865386714308 0.116814948345923 -0.0330367766837983 -0.0652116809794727
0.0588013386271248 0.0872576953805727 -0.0558781117327876 -0.144259859236708
0.0821316057204169 0.0071277248258837 -0.201561640613169 -0.194917431935484
0.0609839375024022 -0.047102651309821 -0.311463362145545 -0.173698253819158
0.0497939519708188 -0.0593783866730628 -0.345611740506077 -0.161800435377724
0.0463421887316387 -0.042407263130496 -0.322136185050626 -0.217078448593439
0.0632345908568598 0.0203849530883487 -0.182147423155141 -0.287593243682912
0.0424663867165153 0.0604958902189359 0.0286573272850393 -0.23359204087239
-0.0452687704671738 0.0609332307018188 0.0524993674954256 0.00903375689653685
-0.0852276184344487 -0.0627659904030058 -0.189995484403191 -0.0377414464154019
0.0540029090276751 -0.108591626994625 -0.223924817601273 -0.33162718216457
0.11563524638062 -0.0176885748239689 0.198229851357352 -0.663654899539528
0.116053753570925 -0.229973460888801 -0.0733548866301954 -0.381097151106198
-0.078879898589239 -0.237020764110307 -0.0878767067891738 -0.189120215226562
-0.227215520536308 -0.0692303046581611 -0.113141130024868 -0.103900629283512
-0.118745953320675 0.171196457293605 -0.0547235555701518 -0.0259444509854198
0.0443385189592558 0.20379476658459 -0.0353146146343469 -0.0898972767321104
0.145263807802234 0.122943476505831 -0.144914444859426 -0.169888345088408
0.173937804439 0.0267604435126056 -0.257598390237801 -0.172753178681283
0.184099669127055 0.00268298266632365 -0.293519850915912 -0.168801775451389
0.180415192958169 0.0406435262690903 -0.265508223945507 -0.209860820688535
0.172135902625026 0.171885370891987 -0.140161311887926 -0.255945435285401
0.040795043281615 0.258130390490205 0.0319577660933527 -0.182946974190837
-0.178521018362661 0.208567685299571 0.0249907726968521 0.0534559689682304
-0.321525752713876 -0.0896377644570192 -0.232080964312029 -0.0364186823504569
-0.0956104051298032 -0.328646571664655 -0.229132134835316 -0.351357406647298
0.12617346446293 -0.296707953006263 0.189796982242646 -0.626554664676857
0.135572646373458 -0.390225582465685 -0.13689995373288 -0.291317138122132
-0.134394493266793 -0.341430188653141 -0.0754209463258328 -0.159256703755276
-0.316748598896788 -0.103558121399289 -0.130124854485507 -0.101148778287169
-0.190206260563142 0.222132556747136 -0.0838777634291898 -0.0150992797367855
0.0268351715768514 0.308024375503926 -0.0374627042666757 -0.0314744488938648
0.193623227795638 0.227320174673252 -0.0864864642658454 -0.115783902939511
0.26500250536409 0.0976495469690706 -0.17401744311357 -0.143123338342099
0.290049201163905 0.0637755222783427 -0.19583429102246 -0.14914974451684
0.286463717317564 0.118690471726841 -0.163579344848884 -0.175079545751037
0.255775649031072 0.304009293351879 -0.0655624412430103 -0.190940110593955
0.0294446223883083 0.426337269182372 0.0489348453694983 -0.106000635168493
-0.296629329957755 0.329414419252846 0.0115026932989821 0.109288404858116
-0.519169004367523 -0.108683445013017 -0.245817428991867 -0.000603771587105037
-0.231771711447541 -0.508834578092838 -0.222562377750247 -0.30893657669505
0.122814131937271 -0.529418743563624 0.16635689824859 -0.504502275184249
0.12527546830919 -0.51693483209871 -0.201725176083613 -0.139608374460011
-0.213289948706634 -0.419663550319637 -0.0355958785062927 -0.0901077755746485
-0.412501411919759 -0.108808267685416 -0.111675307960339 -0.100040165407139
-0.249032540873941 0.284086311645818 -0.110308630959574 -0.0253195075386944
0.0192509443759772 0.396212360338412 -0.0546059218233453 0.0340399206260188
0.229376167556159 0.309192261478356 -0.0235029797058988 -0.0321548571348006
0.324491719692394 0.155086668664392 -0.0677108508195783 -0.0863966489048236
0.351697727742521 0.115636235339929 -0.0692400911913297 -0.106619093399827
0.344598094947087 0.178234216341522 -0.0338472353932461 -0.115257316102683
0.300333723419442 0.389540684902595 0.0300331431413767 -0.100353323311264
0.0163924511768668 0.530721309484115 0.0763667708775662 -0.00710702911820289
-0.367622128243741 0.399678884020107 0.00758446289482182 0.168766389720221
-0.632507892893153 -0.116413220568963 -0.223575412164464 0.0597898048582974
-0.320320660240318 -0.606942464934231 -0.192492473165561 -0.204531227582046
0.110402070521764 -0.666079065544212 0.130216388494234 -0.313019074643009
0.0923851526961109 -0.58125182943345 -0.253040677390202 0.0646379546184989
-0.291711019607825 -0.447862831938869 0.0380489695317173 0.0226699992758258
-0.483574816204926 -0.0819951775068515 -0.0569501306175577 -0.0929386513957989
-0.277850499473183 0.333633208065418 -0.129252877823778 -0.0385319169166004
0.0190880728971963 0.44220028473874 -0.0727991723321407 0.111245035190078
0.241960150104467 0.347648584998211 0.045956960690237 0.0733052478180319
0.340264862085577 0.188342013011746 0.0526457259699036 -0.010335639291883
0.357726999675565 0.147102548566059 0.0686814011249791 -0.0475984278793486
0.344027021608647 0.208567113884039 0.102276220957628 -0.0429663585301442
0.288396915574745 0.40950615509794 0.131993014552398 -0.00295047101807341
-0.000673177331458461 0.532070856439686 0.108985454822722 0.0934413917462899
-0.364517532291809 0.382627160047964 0.0118884513885034 0.216139632342168
-0.606997534211124 -0.108108426340014 -0.168146972538916 0.124749769534601
-0.332573414451645 -0.589018959149847 -0.141386635314334 -0.0699737329397456
0.083311285349147 -0.674389943675605 0.0869769817634596 -0.0927485025698151
0.0429810149416722 -0.557773968103131 -0.278996870702837 0.293668447757114
-0.328005903087081 -0.404789988987061 0.130490878780741 0.159919082567538
-0.474902950673524 -0.038273539836021 0.0207279826112582 -0.0728039978048819
-0.256738420765531 0.326533592951752 -0.134250799105057 -0.0439963932158131
0.0154424646737508 0.410611730508184 -0.0845326101234798 0.188880413448699
0.216320539333328 0.327342458559912 0.114992834778078 0.182882763419795
0.304315038371095 0.188648655442453 0.170362498545585 0.0732636109281395
0.308683231868193 0.157087278690998 0.196864886276205 0.018571312844478
0.285923442839935 0.208268785690812 0.219705891644756 0.0279735749759457
0.222742614735445 0.355887713312061 0.213667735816066 0.0808665321017635
-0.0265475968491711 0.426537571584411 0.133185921629522 0.165855630693815
-0.289057342784153 0.271147802811524 0.018468321549842 0.22939481432827
-0.441657675996578 -0.0950234746128475 -0.0955674892493924 0.167652223375276
-0.261152875252865 -0.457153456010485 -0.0821829805833844 0.051696082693817
0.0484255447623039 -0.557143816426389 0.0500671174054834 0.109827100369891
-0.00875733424232108 -0.436281851052862 -0.279724682055758 0.504742099435072
-0.290544038279754 -0.286693867311152 0.212456240778887 0.293247254345919
-0.356829773924726 0.00340723622872655 0.104040888804796 -0.0427821021943911
-0.182077604563515 0.239784725208952 -0.119601454024927 -0.0448960475573048
0.00383787056451796 0.295660574352182 -0.0910541250219187 0.24154387512422
0.148514453656822 0.246497745772692 0.164348809032371 0.273349126758807
0.215751863716202 0.159708585672039 0.26581693058199 0.151130034415798
0.211028220365434 0.144634404338425 0.296085046154625 0.0800663188706866
0.184702381105807 0.176515052705571 0.297560375450876 0.0887450260685203
0.11780464408601 0.25025399834234 0.25455275096975 0.135866299275256
-0.0555868382230506 0.254056409067023 0.137972884880755 0.193123044726124
-0.176490941143811 0.11062597818539 0.0213534704813919 0.201403919031039
-0.206788335709281 -0.0725764072511831 -0.0268918967641739 0.176911400247672
-0.147865884188457 -0.25635060055053 -0.0343170514906479 0.128872818656853
0.00275418827220113 -0.355238748895539 0.0250190723343144 0.253318674594113
-0.052262082657226 -0.233860991255173 -0.260667091827897 0.650177146964469
-0.18759480789111 -0.116787684764026 0.264654211432752 0.396682380392433
-0.163578034985437 0.0385561449915551 0.181808088288064 -0.0125982245900037
-0.0727823827882222 0.10017188677265 -0.0879139394146832 -0.0546401838657266
-0.0116396439201275 0.125039293375292 -0.0985835247456636 0.250660790271711
0.0497072910748979 0.123721119251291 0.178388690926926 0.329007293000678
0.0893036409914347 0.105593960425715 0.318698402743303 0.210765669197536
0.0822383803301932 0.111578345295257 0.349971717072492 0.129763872474794
0.0626703544764327 0.12113100753322 0.327626037850689 0.131968292280774
0.00637979336546089 0.119807819459068 0.253637093155401 0.160763372831605
-0.0751176250916328 0.0719361331553544 0.124689031331265 0.180925719478231
-0.0605277185238955 -0.0317697703857669 0.022300569242226 0.145608007737179
0.0085518371113922 -0.0333943825445736 0.0275206395743588 0.160333911174706
-0.0468715010215773 -0.0447324862967514 -0.00128668242748526 0.162142377721432
-0.0503326960702755 -0.124345303213895 0.0172711421450063 0.326603161833048
0.0769674645618636 -0.0652648188615676 -0.0926498224093058 -0.433610232880544
-0.0525359996376163 -0.114329180791631 -0.116353186373493 -0.194937626160048
-0.14519370315806 -0.00047957798353016 -0.0937472886375594 -0.113507294367841
-0.023454911004183 0.129707986005306 -0.0460160948507158 -0.0629834824979222
0.0781694338240378 0.0816717973112271 -0.0827221313270163 -0.141418930676452
0.089158921934656 -0.0064861701863684 -0.243444834436211 -0.17120032221822
0.0577727709603002 -0.0601146255132771 -0.36021410317322 -0.133335000286831
0.0440846258304401 -0.0721693798238083 -0.385171028013747 -0.119409233192581
0.0416193261546586 -0.0529032231581966 -0.372672484141805 -0.183522254717108
0.0732160678644116 0.00909888783662187 -0.23577528267013 -0.278636492752
0.0573545551840282 0.0559224231832487 -0.00212790611569824 -0.25522301684411
-0.0364784821273852 0.0707236955378432 0.064326723080947 -2.24871523626944E-05
-0.0990750479404221 -0.0492617959677483 -0.201965088561826 -0.0053343986035924
0.0378353147251493 -0.11839142776779 -0.280421409183801 -0.312834609007616
0.111637097446131 -0.0347360307109857 0.121102260782276 -0.728659860108996
0.0893268082881087 -0.265005668011173 -0.127729119431154 -0.374492510658624
-0.116558829073095 -0.238928880041642 -0.114739830312978 -0.185224036586578
-0.250121668207002 -0.0374492438204595 -0.126703133706473 -0.0915424420609009
-0.0984371414131585 0.195590031376001 -0.0585193320884363 -0.0206508666487886
0.0785013886977617 0.205259051661783 -0.0497652011334134 -0.094530427867348
0.171510048840441 0.10642784450774 -0.183603013584589 -0.160638612282091
0.186308595305554 0.00217843475392876 -0.30560483593389 -0.145555654173759
0.193992019466249 -0.0255943554278549 -0.332772515933996 -0.13467320580268
0.194987719501009 0.0147997369751745 -0.31323917065545 -0.186697776471025
0.207883496494084 0.152035526849334 -0.184967208689238 -0.253917093526815
0.0838417991319604 0.261546407299684 0.0111816925255087 -0.204607058709341
-0.156794558163831 0.240757655372046 0.0474071775026418 0.0494329085761075
-0.34825122003547 -0.0423625505469297 -0.242919580973654 0.00626822893237272
-0.146883844355191 -0.324726830905728 -0.294564292770936 -0.329383727581792
0.0841119219538535 -0.325482964708404 0.11499043584316 -0.693349388440471
0.0840698340578706 -0.440721182238868 -0.1724626371342 -0.25654608629856
-0.188439497151576 -0.343971192062151 -0.0927661963412113 -0.153705494539514
-0.34815718089411 -0.0618094025327461 -0.138981580597992 -0.0857677171922161
-0.168597780650463 0.256756931447854 -0.0832489753597538 -0.0054576374104669
0.0724482274370123 0.316705243498986 -0.0406964787823411 -0.0380105801825922
0.237030020979854 0.210695208089639 -0.115240215288218 -0.118135425797679
0.291933151500624 0.0662039563943595 -0.212772813501708 -0.129881156484688
0.313796318678966 0.0241204208993146 -0.229636515239539 -0.128915488587636
0.317104268169359 0.0807931508963426 -0.200626422888392 -0.165270099240678
0.31421935094851 0.278063529457607 -0.0962624845592765 -0.198450640114066
0.0948952979813366 0.437658700010703 0.0414924768192872 -0.127034038959872
-0.264088001106218 0.381667526688518 0.0447236186502742 0.108604761139518
-0.556564246204242 -0.0356712896824752 -0.249299175400149 0.0482987422435906
-0.311698063476942 -0.493998354075032 -0.284921985046833 -0.280939205815256
0.051305619384566 -0.566522403728299 0.10689069750223 -0.560647160693989
0.0548959279528601 -0.576744457658924 -0.209901206775221 -0.0762595736137002
-0.282008920899483 -0.417062951788804 -0.0349313850228052 -0.0851405818227882
-0.451107719818609 -0.0547522295523459 -0.113264057072047 -0.0905408469576574
-0.224300826100225 0.327826558299389 -0.110977773719692 -0.0142203588587276
0.073341819288071 0.409307163446355 -0.0472108334116442 0.0301143314549685
0.286322949770463 0.29207649403315 -0.0376368743050495 -0.0442592804844691
0.3618630269875 0.1192803747385 -0.0909662556885028 -0.0889645519996673
0.384760491553966 0.0715650926128169 -0.0914843333385485 -0.103086228726323
0.385872404544151 0.135420695001178 -0.0549782876519818 -0.122099942774096
0.369656894075248 0.36217780800962 0.018895446496263 -0.118058160418337
0.0955475472258713 0.548654399295568 0.0849581409419019 -0.0283186445071358
-0.33037276700164 0.463286916395103 0.0512958281170972 0.171238800576241
-0.671701137953347 -0.025758865181481 -0.215196136418097 0.109047603666617
-0.416852920911765 -0.584764454450982 -0.241426942262467 -0.173627055572829
0.0193989073486086 -0.706412737038849 0.0921180844454222 -0.352926068752943
0.00750457485903519 -0.641518305100616 -0.226136765673283 0.152457749920569
-0.369307470922459 -0.437714934715764 0.0637505523062968 0.0223512273343351
-0.521633334515313 -0.0169321772718316 -0.0503090754172196 -0.0951216787239128
-0.24909553185503 0.383982152084592 -0.133493526558164 -0.0279970187104955
0.0767898859082963 0.457617044007266 -0.0543891522841657 0.111570989190579
0.303375465050468 0.331824718707154 0.0519521700570285 0.0539727013789581
0.382638089563644 0.153535135700593 0.0492631410980024 -0.0277770926823058
0.396246872728723 0.105637745557625 0.0612622749540485 -0.0614372714504129
0.389743663583529 0.168002584489734 0.0998503409518601 -0.0663502257571442
0.359694612605724 0.383375491293594 0.140664510768238 -0.0306807965379355
0.0777977699004007 0.55319977117829 0.132941157017248 0.0721405896854168
-0.330357170244111 0.444348879488105 0.062346181728053 0.218932160045619
-0.646386060738808 -0.0227523999904188 -0.145967180459014 0.16624824948534
-0.425124401928865 -0.565003230283193 -0.167583748536977 -0.0390463505663581
-0.00764035883892843 -0.712330322230016 0.0767065111230902 -0.111372213585778
-0.040889518514912 -0.610601619095644 -0.216489634228618 0.396944376453811
-0.401609338730441 -0.386179795029773 0.183746860076585 0.151828804848611
-0.505095284415883 0.0262404712595603 0.033800382747219 -0.0911682077568775
-0.22757972224404 0.372073193553734 -0.14272461782316 -0.032665059948555
0.0678733770432564 0.426148131768097 -0.0550732273017835 0.196350731413338
0.272689317699792 0.313922927796014 0.143104389024762 0.161050755530788
0.345304330195211 0.159313847767059 0.189846788342383 0.0435881287749503
0.345377562255168 0.123995831181778 0.205388005325823 -0.0116129271279477
0.329176068219098 0.177670429383317 0.233877514035199 -0.00755963015529863
0.281052083310481 0.339962339633553 0.237134064940372 0.0450892247540946
0.0325275457435694 0.447419791267718 0.168313129594061 0.145952347170709
-0.267464612956727 0.316691694327173 0.0672139658924813 0.233710733767783
-0.471680945994041 -0.035722502286672 -0.0647269962272966 0.196021885814138
-0.331272391287464 -0.438915028915278 -0.0859937030813762 0.0771615412724204
-0.0253498771947029 -0.584858822305271 0.0648569404029609 0.108298990627755
-0.0758749202532942 -0.471127885683675 -0.191298981767435 0.609123061881991
-0.34639419323665 -0.266245991031518 0.286478424953963 0.277542373084319
-0.376050090042348 0.0529313608250588 0.119535317506404 -0.0733585984370174
-0.161858745060517 0.272524807845986 -0.130648818547337 -0.0338914627635924
0.0393935300384009 0.306493757595351 -0.0542332713690244 0.25866115214961
0.187650440646312 0.23891222047311 0.213048311327076 0.253581108685623
0.248252979957708 0.141261174245843 0.305505393470655 0.113460756164957
0.241611163645302 0.125594408801911 0.318700682054016 0.0392693543373168
0.219932103308839 0.160207008992622 0.324597848577666 0.045421115636915
0.15506670512636 0.245578953075308 0.286896188376415 0.098251915813367
-0.0233742242021175 0.273180800325021 0.175794715553218 0.175621296539517
-0.171929314474122 0.135047207074504 0.0606110670520548 0.204058703519697
-0.224392910239856 -0.0492416573019966 0.00605036206473544 0.190260640438909
-0.184802854716761 -0.245586575424345 -0.0203603788581206 0.148128366507741
-0.042236888898704 -0.368941856976904 0.0580377436167375 0.264720078907995
-0.0937024224806536 -0.247778265838444 -0.156437653847897 0.747915611075236
-0.214770644762463 -0.0998011916516531 0.350594763946612 0.375909494371108
-0.166421463489263 0.0624822642588268 0.195512659445755 -0.0513797825303503
-0.0649785956353023 0.112367996077141 -0.105065679979998 -0.0457417182934865
0.000252548650556359 0.130154054505706 -0.0616990789396784 0.279315949225828
0.0664875081296835 0.124858914956165 0.240482065053489 0.315898615449412
0.108122843072737 0.102733134355563 0.37441248402682 0.171152683557169
0.102517301355026 0.109710900752812 0.383812129735471 0.0823880830551192
0.0836486965763625 0.120610236332258 0.363081063562725 0.0884404835977757
0.0198257211565301 0.126638684571873 0.287652255299824 0.127303365204721
-0.0717183670406426 0.0879740553379651 0.157039920136614 0.16599320791514
-0.0707300624481068 -0.0280374616437018 0.0486281380180059 0.146305258412189
0.00505416133156873 -0.0416052243619351 0.0588564649144922 0.160387541759183
-0.0492295308104437 -0.0407645411548006 0.0234604888583249 0.175276951554065
-0.0625206535301642 -0.121327477481354 0.0586043525919837 0.343425472873643
0.0712570814658087 -0.074415997539042 -0.122617329718548 -0.44132720655146
-0.0654269827645943 -0.109912779825439 -0.135035234905327 -0.197818038662409
-0.14924988261151 0.0147984569725812 -0.110008399741685 -0.104915787375134
-0.0106334489309865 0.134254886442176 -0.0541069794790646 -0.0544749693396809
0.0886748720007476 0.0763624748168771 -0.0907901707221439 -0.133568822972651
0.0897934990181824 -0.0155357354376103 -0.258581391064142 -0.155366358129004
0.0528123486201761 -0.0681458256495423 -0.37544547844051 -0.109627511330269
0.0383084012248038 -0.0777123338573024 -0.402839437202927 -0.0947906564758752
0.0384334823334116 -0.0568913669673552 -0.396734323874758 -0.161336445146112
0.0776021076336827 0.0020291581096708 -0.263254597121024 -0.270114012766737
0.0651238231277669 0.0506361484835487 -0.0202402482027759 -0.264616233402781
-0.0303103558174217 0.0753368786065545 0.0719071766481617 -0.00771719420514897
-0.106453174692268 -0.0392655609313082 -0.201375956392838 0.0129498118455642
0.0257711505107721 -0.123320037571705 -0.302453555721405 -0.295708470565295
0.108811999002967 -0.0465666638662931 0.0725642637452255 -0.756718576014528
0.0698810028830789 -0.280015864197385 -0.15444083421463 -0.378956094433009
-0.139414064410425 -0.234406272072888 -0.13211505655072 -0.187439623233817
-0.258524500916709 -0.0162227384577256 -0.141003653948659 -0.0794276698451139
-0.0831171378719692 0.20675977628189 -0.0614752332125046 -0.00949343296505414
0.0981664656208572 0.202900185596248 -0.0526492106956864 -0.0892416447532403
0.183004863858349 0.0942117061605875 -0.195810982354033 -0.150780281928223
0.189481549770984 -0.0137649201926763 -0.320530777685098 -0.12614239574649
0.193930791054929 -0.0413996472629641 -0.350837298177728 -0.115005795919131
0.19992279306406 0.00157793423713243 -0.33609027094463 -0.170215900537243
0.225311534878385 0.137985907588779 -0.208390005385219 -0.248752077636189
0.106415193157352 0.258911277007262 -0.000882947686021149 -0.212304216820373
-0.141072290247878 0.256182309540493 0.0596183760515567 0.0441123472213559
-0.359066135050622 -0.0152588620991163 -0.242182020109118 0.0283502129217541
-0.177357872543194 -0.32065753989549 -0.317988873188735 -0.310253812991207
0.0624148505180685 -0.342244659345051 0.0697548277360744 -0.716611704126212
0.0521432528788061 -0.460331142482714 -0.191673707455801 -0.253759652742756
-0.217629939648555 -0.338280557926659 -0.10868101682074 -0.158006826890684
-0.360652151467475 -0.0350455725520224 -0.152553780661879 -0.072182019785297
-0.150937775323021 0.272716711117504 -0.0851800737968869 0.00820734341653274
0.100143163885819 0.316926290989059 -0.036936732448421 -0.0323496630444471
0.258822431844409 0.196757984179408 -0.122577425781072 -0.11380815653243
0.30242640211355 0.043549726063403 -0.225545179052587 -0.116815841848665
0.320880377990769 0.00149929443488315 -0.245788411007923 -0.116890961330168
0.330882987338137 0.0598851544370515 -0.21993551262383 -0.157423784230456
0.342632147974187 0.259628865787958 -0.113662290290983 -0.199682796210373
0.132205626848931 0.438833527430561 0.0357610616370945 -0.135621902577093
-0.241199402516013 0.40738314502182 0.0619236319607857 0.103380102197133
-0.570757412389109 0.00463693868245753 -0.245617425383762 0.0692012091005354
-0.356629721418058 -0.481922116495266 -0.305391266842303 -0.262066352244554
0.0129693063085483 -0.58696948773828 0.0691123687586011 -0.581499705839971
0.0140974523589885 -0.596009754223405 -0.216497943757091 -0.0656024272724447
-0.317995269421923 -0.406246175290097 -0.0446665588494788 -0.0923633357214393
-0.463869705402932 -0.022701065118723 -0.126496100594425 -0.0783713154545417
-0.204711475360423 0.349384285381625 -0.114793668551506 0.0020141466565316
0.107688705096662 0.41262702567386 -0.0373558003287488 0.0373927482515003
0.314792590909154 0.277148267080424 -0.0361458644172527 -0.0439257555928431
0.379046608660065 0.0936339350575689 -0.0977313813162833 -0.0834182480963244
0.398428902524244 0.0443104492164091 -0.102713158190311 -0.100877213752964
0.40526993950039 0.110414857707413 -0.0669878042023355 -0.124860578914296
0.405329965398462 0.34280737775141 0.00984587011540275 -0.127034527799541
0.141170916176837 0.552572039277054 0.0871453984549353 -0.0377291068512667
-0.303323832545497 0.495612794191036 0.0734271771833576 0.165118237571716
-0.689462604208415 0.0202687967546944 -0.205193804607627 0.126674964249927
-0.46924734980236 -0.566046361762474 -0.253277788431271 -0.156063752602742
-0.0280225841952067 -0.727150528969523 0.0673427896087091 -0.367188244554554
-0.0357860383661824 -0.658887766861113 -0.21748712012149 0.170987028323873
-0.408440497570894 -0.423759985929009 0.0633338910102015 0.0108512784461486
-0.533135793970525 0.0174964011955608 -0.0625999976820786 -0.0896998411810015
-0.226355531933457 0.407137014685266 -0.140726976118137 -0.0104601371682754
0.11418272388224 0.461623044500021 -0.0396777383488409 0.12189489770261
0.335664207075416 0.316548386599262 0.0631414245350277 0.0500904208141662
0.404090178261405 0.126602632936479 0.0507603527985574 -0.0300876737651109
0.411814138255003 0.0787457557607914 0.0571096450439786 -0.0695691153069859
0.412676396034737 0.144876532472516 0.0948544547976753 -0.0785230721269141
0.398463509995683 0.363821413727572 0.139314821605204 -0.0468016439698366
0.122807457864226 0.559671803582957 0.142529937763789 0.0611254597641188
-0.305564362736668 0.475075129911347 0.0869280459542276 0.211904555133955
-0.661912412062095 0.0214274439251323 -0.129528767763388 0.177094742744653
-0.477231415212077 -0.545723424209617 -0.167583539128803 -0.0242835157740023
-0.0554203308147512 -0.730383418583335 0.0676635916514391 -0.119291856721143
-0.0822618442697544 -0.620760681313395 -0.190846890619745 0.421734834844295
-0.435332810540061 -0.369327656093669 0.195245129261138 0.136391566483157
-0.512893682448914 0.0613316690857155 0.0238757649914269 -0.0934365947028468
-0.206684515874737 0.394500006421488 -0.151375322218771 -0.0163717043429495
0.100355687674173 0.429291454341134 -0.0353446420747862 0.209351427605751
0.30337047084932 0.301438368870316 0.164893332488423 0.152825310457207
0.36582444723287 0.137104807064528 0.200106721937465 0.0328801716479281
0.362922959458232 0.102218544360033 0.208160933944143 -0.0281297227921366
0.35047174008994 0.158443961693814 0.235293263508275 -0.0282382660174916
0.313561809070701 0.324736196797324 0.243097158098121 0.0227387626349131
0.0690864757240243 0.455232103295393 0.183158879671323 0.131997202329278
-0.253864557980313 0.340426682617191 0.0918352390439491 0.226385770184852
-0.484692685992854 -0.0065722934507877 -0.0438405385316343 0.199550524977596
-0.370205819945417 -0.424349325263993 -0.0765840535232691 0.0888798155528724
-0.0641541109056682 -0.597920510524839 0.0713555440950877 0.107155878391208
-0.108012104471989 -0.476138417514334 -0.148702885507357 0.640993003090943
-0.367629168475428 -0.250165797840427 0.310779680808723 0.259341017948376
-0.376488812912537 0.0789239885629026 0.113337734874608 -0.0845060115931809
-0.147480760416503 0.288202592346524 -0.141872712970402 -0.0205702205700766
0.0618302916885877 0.310668016033492 -0.0317742539923989 0.272898229250367
0.210734112688315 0.233106012529851 0.242434772826623 0.24357649633684
0.265848420298776 0.127466210615546 0.323573411498921 0.096985909041514
0.257937418436383 0.112497664231083 0.327857406310892 0.0163147418568515
0.237445302395419 0.148926457819341 0.333194782281359 0.0198095212102256
0.176841014037863 0.23957629178946 0.296389394814099 0.0738665666264318
-0.00334309921723646 0.282278967300601 0.190838717934885 0.160986036746101
-0.168891640428534 0.148349078050958 0.0809955265572966 0.197881028406367
-0.231558135683736 -0.0386814112785631 0.0272764485981768 0.187657824370541
-0.202505996724278 -0.238198140167349 -0.00640192518056878 0.155462812228682
-0.0643940174526511 -0.374193116250159 0.0747288862430451 0.267876346984147
-0.110006849325892 -0.246239546893466 -0.106836809415778 0.780244172733467
-0.221657307957772 -0.0884546847553562 0.383573343130832 0.354572490952131
-0.162808025699351 0.072943278688979 0.191607338918567 -0.0705795554457549
-0.0602092887689352 0.11830407085061 -0.117208550280528 -0.0368079993698661
0.00738246921800699 0.134013647962526 -0.0422868858146176 0.294598908168174
0.0776489806888744 0.125123144462151 0.275025054322477 0.305515747871292
0.11980627170488 0.0991235971633956 0.398231321855409 0.150086944795975
0.115072263283075 0.106228422090792 0.39714281104586 0.0566753830689877
0.095196311402583 0.11795519243196 0.374496368028691 0.0629594393029836
0.0283090420561415 0.12968629430661 0.297950433683797 0.104088673656929
-0.0683598714557683 0.0975349503230863 0.168554593209897 0.15212454038647
-0.0785897764265266 -0.0252222093533788 0.0624776071798767 0.141083838400281
0.00268613899465938 -0.0488532154087796 0.0774679058706851 0.152857007345488
-0.0476205597479916 -0.0387926495905335 0.0388177674653141 0.179629436775327
-0.067487837465819 -0.11860717402039 0.0807548442057624 0.349226365737536
0.0617399417923884 -0.0785487012708845 -0.145601029654551 -0.425482011417208
-0.0730377014928034 -0.0996240948244567 -0.147386318618318 -0.189835844051547
-0.144440528136701 0.0292128675980175 -0.118877183634244 -0.0895265416567182
0.00190795368808666 0.130921873210073 -0.0565778163114197 -0.0432697465583005
0.0939496000604149 0.0665214210654339 -0.0927936219684768 -0.11988753171224
0.0846803548873325 -0.0225497908387872 -0.258866881968811 -0.131944261876629
0.0443493756836867 -0.0717759767094822 -0.370803567845937 -0.0825769914231175
0.0300359207893604 -0.078342470869129 -0.399151615806814 -0.0673856363748697
0.0330813167747029 -0.0570514593232359 -0.398536838357728 -0.132193833359038
0.0767728815740686 -0.00550872702419804 -0.275375117794355 -0.248017722759315
0.0681212546853944 0.0425591936123857 -0.0363030384535142 -0.26019640406029
-0.0223641373212355 0.0747359899392261 0.0748633671247139 -0.015712838015415
-0.106721910935141 -0.0267245441501595 -0.189759700562897 0.0292106247307643
0.0134317667047622 -0.120357864630106 -0.3062995723343 -0.265497054451951
0.100235803223788 -0.0539289119722745 0.0240347555046034 -0.740400452816691
0.0474848885848062 -0.279345679219763 -0.172997502806796 -0.362998940501892
-0.15248884196438 -0.215939918219731 -0.144532055518825 -0.180747846394746
-0.252081557482222 0.00535421246547303 -0.146160697686613 -0.0624034835251118
-0.0641213536188481 0.205536966601077 -0.0602580274094169 0.00140681147605993
0.111538109041328 0.188786413610271 -0.0507462164991109 -0.0801309950926829
0.184216618340495 0.0778206806268391 -0.197653736396133 -0.133362124581611
0.181197923641209 -0.0275268127843755 -0.318567012276586 -0.102635391892758
0.184306046101786 -0.0529951783065856 -0.350608043882559 -0.0905142993117287
0.194790682023028 -0.0108497869226043 -0.340039537252014 -0.146436990485199
0.229185519862205 0.117181223889677 -0.221191378622251 -0.232413529777578
0.123028280595684 0.242512728015771 -0.0129750346004535 -0.210251854081229
-0.119508955757173 0.25682052089779 0.0674951978718294 0.0352504228424848
-0.350166982341138 0.011218996026112 -0.22827113656351 0.0454042842678805
-0.195895026156781 -0.29891022248261 -0.323701127406774 -0.279419417970735
0.0378430792964579 -0.339631933558287 0.0212909370003993 -0.703287301843502
0.0202750100408663 -0.453682572392432 -0.199943743687673 -0.239059532731976
-0.235467425104503 -0.313307372216696 -0.119766515833533 -0.153674232051274
-0.352268132328134 -0.00839470455381721 -0.156043298862155 -0.0546529184715186
-0.128073401206752 0.274449977060073 -0.0813276517006401 0.0208250600617309
0.121158288098571 0.30053851491455 -0.0303711221629914 -0.0274600709830726
0.26540325497746 0.17272292933463 -0.123213402748529 -0.103492090239956
0.296171666066055 0.0206615415892408 -0.225160848962436 -0.0997332744495074
0.310458240957874 -0.0190737957711857 -0.248130358184757 -0.100083907161651
0.326156508951333 0.0375563635275998 -0.226900572639107 -0.141118678879395
0.352520475587754 0.228406690126179 -0.125694141899292 -0.191770056344511
0.160394184736556 0.416385387611812 0.0286464375202486 -0.13716652174817
-0.208362654182223 0.410278873217498 0.0741103221403375 0.0919385418563941
-0.554430488415875 0.0434452654909844 -0.227238595914708 0.0851237430344404
-0.378600646251257 -0.444911421690956 -0.307774749915405 -0.233217722691014
-0.0239675069143123 -0.575901174279949 0.0285136769651135 -0.571325067109352
-0.0256154212451554 -0.582157274898951 -0.21208093399012 -0.0533522535477473
-0.336088091619364 -0.37604247764143 -0.0546698343618829 -0.0936044898631738
-0.451806783893235 0.0085288952942497 -0.131517834886287 -0.063241737350781
-0.176578490678811 0.352913668199571 -0.110536676128364 0.0171845456748261
0.134531047289488 0.393876907156251 -0.0257015992742462 0.0401908411290727
0.327188127525823 0.247276551234525 -0.0333693776386117 -0.0426903866503392
0.374579536962832 0.0637076297935691 -0.0982587894383705 -0.0752201912139975
0.389319278249299 0.0169275215268672 -0.10799983495597 -0.093829962684465
0.402243310046484 0.0819314658240807 -0.076554671639549 -0.120402365510123
0.419115726729405 0.304864229935798 -0.00104624345364062 -0.12896163874532
0.176408463026403 0.52748316179592 0.0845051720829993 -0.0450741759068271
-0.263707736457964 0.500681242222796 0.0891940851586151 0.149021183710639
-0.668211548148852 0.0653101532055235 -0.183623182193098 0.135627054179343
-0.494660439610168 -0.520408574077852 -0.249495142073948 -0.133207345706002
-0.0720591435492474 -0.710042507103207 0.039464001043386 -0.36200738008916
-0.0770779886351375 -0.639469392275914 -0.198243420082941 0.178192661684644
-0.422430910376867 -0.38814887787291 0.0577634786898772 -0.0004969794962414
-0.516143400311513 0.0504282269547467 -0.0704909132434213 -0.0793674769742223
-0.194564221118955 0.410533526661725 -0.137027664043811 0.00695194849527793
0.142418485808584 0.442491714224355 -0.0217200018858802 0.123049056338439
0.351333130214276 0.284821437579339 0.070913531154442 0.0414398340447669
0.402406039853541 0.0961493918549654 0.0502749774662332 -0.0327795576728039
0.406239670295809 0.0511144852027561 0.0495271312159483 -0.0728365184480839
0.410977191536752 0.114191799307008 0.084842692019054 -0.0863885958391678
0.413547080688708 0.326585505046548 0.13004201893589 -0.0599507755091336
0.159494338123653 0.533605427905639 0.144844872964085 0.0465007365599121
-0.268001209705263 0.480789476416037 0.104376140618676 0.193440642148847
-0.640173924726755 0.0608653111543789 -0.107304368705993 0.17693133658213
-0.498750082845584 -0.498811074744948 -0.158786916625086 -0.0110646388116152
-0.096333070284053 -0.70935186445324 0.055867125675096 -0.120477179390146
-0.120100288073919 -0.59999523084022 -0.156714664442244 0.422795622637196
-0.445206787513005 -0.333291523238791 0.195038940219249 0.113981490946881
-0.492538850105491 0.0893287393574719 0.0135501325818689 -0.091204333143047
-0.177807933677433 0.395565583995344 -0.15047456314753 0.000727764803205381
0.127120871079073 0.412816565666606 -0.0135541706331261 0.20829696215391
0.31716074082776 0.273943900480513 0.17672383513175 0.135070177730382
0.366308374121967 0.108594922015096 0.199551725434249 0.0204976927691025
0.360770934973266 0.0769868256496325 0.199636495615438 -0.0424608390271835
0.352470396261233 0.132288667552151 0.225741081538825 -0.0466233907832627
0.326305238724033 0.295412323936053 0.234112960527247 0.000791085071332958
0.100492434082505 0.439342356942018 0.186808263904405 0.112882031627577
-0.225779343989752 0.345931117477931 0.108459464367953 0.206171596034344
-0.471164443772106 0.0214281403434806 -0.0230735988273456 0.191041275609489
-0.386242617871244 -0.388997360338363 -0.0631120325522936 0.0934962366956496
-0.0941635613753969 -0.58006427008169 0.0729439687596756 0.100723255712566
-0.133845279254014 -0.456492245422959 -0.10258502556289 0.633208843431779
-0.370109225474012 -0.223356773650514 0.315787958874994 0.227361419886989
-0.358763475272751 0.096545762794679 0.100183115300187 -0.0899978290530845
-0.126676376977865 0.287751983622936 -0.143904279449 -0.00503703688225525
0.0789185886474281 0.299165836048314 -0.00847763570421446 0.271713251805849
0.222029499226231 0.214789392744225 0.258026052493095 0.219042531029788
0.268230960541292 0.107027511455501 0.323924452381389 0.0741477785896607
0.260034734567513 0.093526395361182 0.318938726593533 -0.00617676154154407
0.241439690574193 0.130064284638461 0.323003250134851 -0.00465539094270813
0.187792845935629 0.22200773037255 0.288443551104363 0.0477096152130439
0.0163367382322555 0.276354194148066 0.194385998916112 0.139704665678255
-0.157676763936925 0.153770924360438 0.0948616393206741 0.180487277162148
-0.227519021176589 -0.0275313362466971 0.0443203594822489 0.173748813470642
-0.208690767770835 -0.219000415988986 0.00800092145655446 0.15369818466479
-0.0808233800627046 -0.3610763496337 0.0872888662439316 0.257928420769832
-0.119143831104435 -0.23232584440733 -0.0523901526044859 0.770022156811666
-0.216896778885628 -0.074581166328296 0.39268304507594 0.318501538345539
-0.150917902093715 0.0769853903800571 0.177515127589608 -0.083685453328489
-0.052640798086287 0.117992853019679 -0.122510026654354 -0.0243261354672361
0.0144111519036312 0.130666447533558 -0.0208859752656584 0.293606125690711
0.0851702873586974 0.118878864275278 0.293425256649821 0.279347452950584
0.125379913042274 0.0899109782806482 0.400229095895563 0.121872982402538
0.121233463787544 0.0971482539525032 0.390646264706725 0.0299616178131179
0.100879323178349 0.110397943215857 0.366743155356199 0.0355451692490188
0.0358999531014974 0.126150787942783 0.291689926189008 0.0786249786461418
-0.0600100368185371 0.102242193492636 0.17031375943146 0.131717862808511
-0.0819899339197153 -0.0201509556903143 0.0714562965396399 0.127033538213243
-0.000884055838708217 -0.0534867246547282 0.0902120868270289 0.136461824206681
-0.0437619911480529 -0.0365243835611184 0.0515716281579139 0.174489231946874
-0.0672927913665268 -0.110586341299331 0.097848221625961 0.336607347064006
0.0536687910200245 -0.0774954299279305 -0.147115711450778 -0.403934325737926
-0.0733943190972916 -0.0891797212033818 -0.150080913398785 -0.181288935266107
-0.135943611754711 0.0358832608359809 -0.119306524873371 -0.0776667408764664
0.00810726645651449 0.124248474751639 -0.0549670121100953 -0.0334879668437777
0.093616165328462 0.0583594740606223 -0.0870375999063459 -0.108338012749786
0.0785958922086125 -0.0253681772659135 -0.247804243841641 -0.116735421000185
0.0375434666885364 -0.0706861378525504 -0.352760668828984 -0.0694094419210662
0.0251925790535624 -0.0757819642374934 -0.381477481471599 -0.0555699026161105
0.0299142253962964 -0.0551628387981199 -0.384088175970118 -0.116291855482012
0.0739620444926881 -0.00975181384175936 -0.270120530813893 -0.23132797223054
0.0666873151696702 0.0360747392248063 -0.0416180763551969 -0.250242947297827
-0.0177070973029007 0.0721007131568873 0.0758659908549392 -0.0207507614222514
-0.101509200858594 -0.0181927492304756 -0.173306683483102 0.0343906115781705
0.00628647502703829 -0.113375993894923 -0.289677471047847 -0.243134165186699
0.0909909928247497 -0.0550751740482291 0.00696482779882077 -0.705605795348712
0.0360651757633379 -0.266769695240032 -0.170810265709113 -0.344434773260533
-0.151381951420038 -0.19988344148743 -0.146410230249811 -0.17303059181554
-0.238614157873071 0.0145292882360373 -0.142851633716877 -0.0510627893251186
-0.0537348544960207 0.195734293674963 -0.0560792486606656 0.00839656852614206
0.113694737130754 0.174557516834343 -0.0451124409069375 -0.0731446460075407
0.1765966764634 0.0673710485293223 -0.189328873344227 -0.121090270694468
0.169481190050117 -0.0324297822312772 -0.304933710252308 -0.0901618435437386
0.172287090735448 -0.0548635398381265 -0.33643969770544 -0.0799852949704797
0.184692529706553 -0.0152676152639161 -0.329599001349138 -0.132483755963987
0.222232197041211 0.104018260181772 -0.217542462593672 -0.218668074352783
0.123433113527797 0.224370491911323 -0.0158283382071419 -0.202793252022399
-0.107156745452288 0.246418831530334 0.0705064519708571 0.0272134972319602
-0.331535788344152 0.0211983634559263 -0.209749879914775 0.0503200830977725
-0.194794098828638 -0.278470260567575 -0.30711435809935 -0.254891462388283
0.0264198560016832 -0.326459323027013 0.00465135057447766 -0.670345275987784
0.00504765676593768 -0.431865022353293 -0.193646966180813 -0.225928280064084
-0.232591860082725 -0.290362258492891 -0.122646348852481 -0.149151677581191
-0.333866796809858 0.00219453557589468 -0.152434910223446 -0.0424132033267008
-0.113858566076939 0.26256368366241 -0.0751337113729593 0.0281227865560385
0.12589542420869 0.281568288364226 -0.0229550289112534 -0.024134497619582
0.257893462329623 0.156265621870629 -0.116284520603893 -0.0966932495075168
0.279782098818214 0.0106851252843976 -0.215134427592372 -0.0896044476919102
0.293899923933492 -0.0265057540664161 -0.240417912737297 -0.0911175562980345
0.311231607344202 0.0283104372731461 -0.221204127540183 -0.131313082527821
0.341975836208289 0.206945632572672 -0.12617003247094 -0.182521971507954
0.163060661556058 0.390520594124703 0.0255118932282383 -0.13453086210313
-0.188490361345619 0.392839509966865 0.0787954714157889 0.0796479515425804
-0.524701247303814 0.0546348597805449 -0.207943549516519 0.0863798203239663
-0.370336454264382 -0.413544454929822 -0.291059342231707 -0.211451397650113
-0.0353985998104724 -0.549667558361506 0.0123041049905787 -0.544036424006623
-0.0399408393626193 -0.551836240497534 -0.20016100531529 -0.0493777929732835
-0.328736055893971 -0.349818245534029 -0.0588931896161949 -0.0943085103956062
-0.427783292960218 0.0185310010898049 -0.12944693367196 -0.0512640278581418
-0.15918008572498 0.338127054641363 -0.10370134046451 0.0258425999506153
0.139885434486333 0.369748160730991 -0.0152894724584852 0.0396744448493509
0.31963602691986 0.22656580229287 -0.0288645470319269 -0.0427306476031384
0.356369150550703 0.0501129019533395 -0.0934341277019059 -0.0695919904288085
0.369369910537102 0.00703431745857708 -0.107089630719483 -0.0877003834340698
0.384824795165674 0.0685375920493707 -0.0782109624920242 -0.115370303798617
0.407572574584497 0.277162824021337 -0.00652256150623258 -0.127035916996506
0.183583046989751 0.494148621012059 0.0814180705883204 -0.0477928264227434
-0.239920882082417 0.479713949107484 0.0933650631568202 0.132624207789472
-0.633043787094682 0.0764140092692459 -0.164626311681264 0.13076447773065
-0.480196654955737 -0.48257423423265 -0.234727804131595 -0.119142610928067
-0.0838597852049965 -0.67718020459828 0.0259966521926923 -0.34498806714404
-0.0894821765513643 -0.605765484650983 -0.180801962866143 0.171584555390879
-0.409735280655732 -0.359761855207906 0.0490545705281469 -0.00790072539158545
-0.488193438844135 0.0573990719173261 -0.0719727400787129 -0.0698361791230299
-0.176290532244344 0.393455779629746 -0.130426683232506 0.0164310253539427
0.148658389788363 0.416711247311775 -0.00998876686882378 0.118696748912273
0.342678206134226 0.262393005888444 0.0735267482745611 0.0339240028331458
0.384202474365776 0.0797136398324724 0.0492216780044215 -0.0325805589314437
0.387157369475685 0.0377212197801666 0.0435515407615319 -0.0721481160222673
0.394191195555817 0.0972716282296521 0.0756299634260036 -0.0875203310482163
0.403377113214848 0.299466546954199 0.118850268267002 -0.0648099430773088
0.166882382219571 0.502809770403795 0.140223608088039 0.0380263395763557
-0.245159849877277 0.462897731157694 0.108622659852158 0.17358887363537
-0.607375140910874 0.0710425158406758 -0.0911996332186402 0.165919565729072
-0.484704790641274 -0.462149464033499 -0.145396090050799 -0.00482998073455013
-0.106319933357775 -0.675932454432398 0.047038869829237 -0.11459603950679
-0.125055592665788 -0.568558063692472 -0.136688510110791 0.403979103447173
-0.42705450917912 -0.309508837843527 0.183603435543233 0.0979307732847836
-0.464541922241123 0.0918983454826856 0.00665960434478996 -0.0849713885037769
-0.162270253651016 0.379421868769556 -0.145222646169967 0.0107138072346668
0.130207642415134 0.389660944426539 -0.00092054551203105 0.199880913736081
0.311251433706209 0.252666923751354 0.177412478371703 0.120070222073584
0.351805459761145 0.0941822886656774 0.193135805762331 0.014408793736767
0.345765603155196 0.0643099201809416 0.18740299865396 -0.0459535409846709
0.339603556960244 0.117594142924616 0.210689812108723 -0.0527450944361864
0.32007979942404 0.272593822554282 0.219209618966378 -0.00950710350233806
0.108764596151115 0.413942125340647 0.180243149720295 0.099024322788136
-0.207943115035403 0.333419092125194 0.111722089395237 0.18569547212249
-0.44661765479576 0.028699574949781 -0.0116094375506767 0.175907150011123
-0.371065846532359 -0.358508256073711 -0.05331273973512 0.0903371667185867
-0.100421139688837 -0.55291535777606 0.0698080193364747 0.0953968998075256
-0.136019941170503 -0.43008268978815 -0.0797829018033524 0.604184089165831
-0.35387274384432 -0.206206096302304 0.301190459080035 0.204039190684142
-0.337710001880055 0.0949389756446831 0.0883746222918337 -0.0885136014638139
-0.115906390797094 0.274609058401831 -0.140582258604153 0.00383410878294091
0.0814536283767592 0.283778837932761 0.0022379099223493 0.260724705682942
0.218353646799557 0.199054150464476 0.25665347279739 0.198557763753815
0.25998590207807 0.0955918260305603 0.312543974278054 0.0631516174315137
0.251491116694371 0.0835845232640215 0.302970103980062 -0.0141249538572184
0.234035379178836 0.118892218771916 0.304964306981783 -0.0138021376504455
0.184568855223151 0.207863807262819 0.270908911630061 0.0337329330237374
0.0233016873475971 0.262763908269389 0.186111153613313 0.124147389413304
-0.149289691842489 0.149724182080825 0.0968939709082018 0.161907884333032
-0.216734346736967 -0.0252420000225277 0.0509319058430788 0.156645024291122
-0.199445327940485 -0.203434160976027 0.0147382899455101 0.147033335626437
-0.080335097173662 -0.343054602987714 0.0861076219599365 0.245003032629702
-0.115784136846117 -0.217757059010484 -0.0301026137987339 0.732650113477339
-0.204833128414051 -0.0689035031000593 0.377907192887666 0.289795603314944
-0.140212862953473 0.0717878340967239 0.160855577662285 -0.0858735627587373
-0.0493564565432541 0.112542659793502 -0.122447103482277 -0.0166813036808884
0.0151891152704072 0.124786779709854 -0.0107959564737709 0.283475238610674
0.0852075288005676 0.112745072999681 0.29028645327396 0.256731653402509
0.123288351777981 0.0831230539170779 0.387414453016878 0.106980536447788
0.120282626544595 0.0899108938529465 0.371592783947574 0.0197370643684367
0.100140877378793 0.103598456264432 0.347039893930728 0.0241853522385534
0.0366302339444349 0.122027901830637 0.274231586554368 0.0641487358968818
-0.0550189501309577 0.100545801537187 0.161596041184565 0.117113870006481
-0.081451398297384 -0.0172897925069819 0.0725774252400594 0.113389716747698
-0.00294004969991405 -0.0564065864295634 0.092245297189969 0.119775502650013
-0.0381847005109237 -0.0349812865316481 0.0558110461394176 0.165790181127177
-0.0608171940146105 -0.104004233452777 0.0986595628587828 0.319681820767079
0.0500266305539521 -0.0744736748519084 -0.134739641877881 -0.395309210657462
-0.0701694581873525 -0.0849640410171395 -0.147215228521518 -0.18065792735833
-0.131116642333412 0.0372754816833888 -0.117068145573395 -0.0714774112776438
0.00923757316676879 0.119337406827214 -0.0523377395777151 -0.0275733754013274
0.0914604742317464 0.0551161307362763 -0.0782584697927802 -0.102399550952418
0.0752984999830993 -0.0240065843290951 -0.235134476218766 -0.1138473017605
0.0351229184208499 -0.0685193258893705 -0.339487836860557 -0.0724642551000728
0.0234975375213266 -0.0729627983602705 -0.369851980887051 -0.06148746037767
0.0293828896267518 -0.052909026714211 -0.372342108185443 -0.118956409683749
0.0722624493092084 -0.0104680064621716 -0.261016227504796 -0.228948706308029
0.0648067814815138 0.0336190844885026 -0.0369684131235816 -0.246026260540373
-0.0169811712449505 0.0687509843922477 0.0779702158632263 -0.022735236755788
-0.0968784078668939 -0.0163995924061612 -0.162701319955513 0.0329680444374705
0.00537718194652054 -0.10764688983373 -0.268953310037561 -0.238541314379833
0.0856490031250325 -0.0527333434827867 0.0178063447096739 -0.681122500737283
0.0354389594520469 -0.257690467513803 -0.158642440142766 -0.339059587286717
-0.143524812817043 -0.193035352496054 -0.14406888675312 -0.174317341195033
-0.229689440463135 0.0134507422542205 -0.139421870629501 -0.0455652660347275
-0.052963872728896 0.187610784188142 -0.0533284060391226 0.0133937131013977
0.109835947658746 0.168297466806409 -0.037294845094094 -0.0685132212361535
0.169991662522647 0.0664711984310188 -0.178942353479651 -0.119239684515395
0.161798291472992 -0.0295422234468657 -0.291893703413331 -0.0917210587693477
0.166155049276498 -0.0509352245646408 -0.3271619017275 -0.0836352048635484
0.179368591185053 -0.0118929448161811 -0.318901926378625 -0.134297687371449
0.215281810023922 0.101980121518985 -0.209662688065156 -0.218038714150286
0.117242471428054 0.216031654524057 -0.0116010849420401 -0.200192296055536
-0.106808051341719 0.235440203533867 0.0732374531445998 0.0227416600562399
-0.318998886085229 0.0170290050059147 -0.198394346577824 0.0465103414872102
-0.185193197261143 -0.271863417279568 -0.285822198298952 -0.250793748547407
0.0299199834662515 -0.317935245323168 0.0143152066560261 -0.6481597352928
0.0105012336920682 -0.417392310543837 -0.181719778692282 -0.224690874485386
-0.220693044377956 -0.283129987043014 -0.121371708357961 -0.151685597565496
-0.322141367333875 -0.00168589121025353 -0.147984288709402 -0.0377820999635998
-0.113117460034113 0.251123002307097 -0.0717770054408129 0.0324846516908518
0.119354036555507 0.271793034585562 -0.0156791163640267 -0.0226064042138505
0.24802266838539 0.152511406925163 -0.108568677711643 -0.0963838545148663
0.26911111660191 0.0130618248505391 -0.20646465728463 -0.0909992594303996
0.283088647493248 -0.0209005527701292 -0.233159235740881 -0.0938390159908053
0.300740074782555 0.0311063656306072 -0.214784011203896 -0.133013789448159
0.328671100860688 0.203406736759337 -0.12233506572168 -0.18180879413306
0.153675819826728 0.377117241243204 0.0288754951890313 -0.132376214282545
-0.189120173669032 0.376378517378727 0.0801274742478004 0.0726256968909528
-0.505541043052097 0.0453887052163455 -0.196229191685702 0.0788519244485434
-0.351193574409759 -0.404665748221137 -0.271950678563802 -0.208827736457542
-0.0267804406279369 -0.534775167925947 0.0174866103751975 -0.525369482750673
-0.0315277529708574 -0.533683958949527 -0.190721844658509 -0.0546318110347935
-0.31151064129452 -0.343012505525447 -0.0616289566088878 -0.0981689134096679
-0.414148256399499 0.00981465509871282 -0.126275505146398 -0.046287966026965
-0.159734230523101 0.322717918462052 -0.0995514767572449 0.0298142030679976
0.132237029913533 0.359607927455231 -0.00863139336783487 0.0380350277888973
0.306947874013325 0.222122337041396 -0.0237136934359697 -0.0447693528312932
0.343169553707914 0.0530344079520751 -0.0883637416291398 -0.0695617266039859
0.356737105748345 0.0129774875823785 -0.103606852117853 -0.0883442939236974
0.37195260618001 0.0716378118578821 -0.0763624956635988 -0.116210868675223
0.392845303510431 0.273805874110065 -0.00748310192621389 -0.126968569616022
0.172331660314156 0.478299379152841 0.0814394216776827 -0.0483579811977177
-0.240902230227614 0.459823804310153 0.0931118488851257 0.122670270397152
-0.611647101162159 0.0625263200604684 -0.155836627008467 0.120692838361957
-0.455922392438021 -0.472291326491867 -0.22016675257542 -0.118183126262367
-0.0691426822560493 -0.658825320314285 0.0281008757619106 -0.331811647616685
-0.0753156880833969 -0.58505449136848 -0.174683369521001 0.159790879845382
-0.3896645393062 -0.355976637841461 0.0416732442325663 -0.0128329045241959
-0.472693416405697 0.0447710593529124 -0.0711873805649656 -0.0639900062587863
-0.178825475182993 0.375488192693935 -0.126606857004582 0.0204858671662246
0.139271073005767 0.405425612000016 -0.00486739130003737 0.114399772017982
0.330327927838086 0.257994850942412 0.0749062381711841 0.0298682842678181
0.370061117263375 0.0818705275972671 0.0499934467489683 -0.0314069798454539
0.37461508046717 0.0432509930523949 0.0414619303283018 -0.0705417098330919
0.380711797560901 0.100527386167877 0.0715558835033099 -0.0857433689295275
0.38585435022295 0.295477716126714 0.113082261391973 -0.0655425139187951
0.156280521543539 0.486283552443066 0.135753515711059 0.0349615044831996
-0.245597087585279 0.443119743997012 0.105704964877094 0.161854058453045
-0.588411870976101 0.0570728731649031 -0.0858287490426393 0.153271312888196
-0.457645949584744 -0.453157643828628 -0.136453822251025 -0.00681840515657615
-0.0895282884605424 -0.658955329203324 0.0438093586520289 -0.108634015088828
-0.110281523584822 -0.547454006395138 -0.135677296656136 0.385630103821363
-0.405861558105987 -0.308860427721183 0.169853543917298 0.0923746455928024
-0.449262104171485 0.0768710576870041 0.00365132085098058 -0.079624315441247
-0.165429642881668 0.362658146045757 -0.142135541261896 0.0146975292226472
0.121180420819032 0.379913395982895 0.000985946063095024 0.194697790422701
0.299977613569722 0.249026686868358 0.174330007520189 0.114127417161521
0.33928948365057 0.0960444041584073 0.189252274835225 0.0159629030643758
0.334128691158373 0.0679938131949425 0.181435931686374 -0.0425441176327169
0.327309016847909 0.118722131857257 0.202155372695186 -0.0502717302321898
0.30580204232239 0.268153674826786 0.208131743701485 -0.00987554521732137
0.100511425763813 0.398938839466631 0.172998960935509 0.0948103771988551
-0.20943556520863 0.317966119629477 0.107650594828733 0.17370266848062
-0.431214057897607 0.0168859401638213 -0.0098852302130639 0.162132802634963
-0.35003486099162 -0.352858036456328 -0.0494458072214961 0.0880489861603898
-0.0844084933952714 -0.53827024648829 0.0619638194363411 0.0945888722910056
-0.119762484804314 -0.416301287185959 -0.0847489238029789 0.580952943926558
-0.335508230877532 -0.208986023181801 0.284192037400499 0.198145777151613
-0.326376048718515 0.0811251288494192 0.0818062534941806 -0.0830775493578499
-0.119440580763804 0.262794894934672 -0.139773506417693 0.00680603655282539
0.0745443626245294 0.277058001976089 0.00174148464631884 0.254428960345249
0.211040099864721 0.197457984129019 0.249919258719708 0.192346377603993
0.250811011945111 0.0964910169534552 0.304739662990053 0.0649538664646724
0.243728243026025 0.0846732573377026 0.293059743393826 -0.00894183349269203
0.225294277596808 0.118857992746369 0.293085534880569 -0.0108207397817418
0.176120010890836 0.20473130532535 0.256821734055306 0.0334789088509978
0.0201268499629685 0.254597054465599 0.176712263642948 0.118661898213143
-0.149493243049955 0.14192721645251 0.0925782591924492 0.151901444589168
-0.210043648011353 -0.031787740553057 0.0509956821716495 0.14433801143196
-0.185206757155332 -0.200792337779377 0.0146530169776432 0.143614826234559
-0.0672985522566619 -0.334854956906653 0.0768862296757822 0.239505904106532
-0.105070127697015 -0.211341039752359 -0.0389199247113127 0.708001002254476
-0.194337105167442 -0.0721250765538953 0.359071494018951 0.284950976165767
-0.135871427955832 0.0630282685343389 0.15146960256621 -0.0822282937684517
-0.0523774644524525 0.106758039802081 -0.123746349061845 -0.0141219729647989
0.0112789359341001 0.122911623925136 -0.0135092651106101 0.277607627489135
0.0823245775953515 0.11201251579056 0.281952730453261 0.251335482955204
0.119910437222712 0.0829045926584185 0.375559878957287 0.109277634430172
0.11682696824788 0.0889192224434031 0.360117175500334 0.0257725288211565
0.0965952082131095 0.101972396665929 0.334575460790188 0.0277522494489982
0.0336984692658905 0.120651997469442 0.259809574160922 0.0641768585042335
-0.0541314776576704 0.0985316795369205 0.150864351353818 0.111117426308086
-0.0816435924789982 -0.0177237561536206 0.0692698994743385 0.105239394282646
-0.00321785275295544 -0.0590929552524543 0.0906720695452356 0.110596245524877
-0.0327510583685772 -0.0361613759234074 0.0538062763490114 0.163150127318833
-0.0518560894898424 -0.10302238475608 0.0873050322734867 0.312895461781521
0.0590987315306186 -0.0661618656184236 -0.0693946667966667 -0.410143822168488
-0.0547888368294987 -0.093046843263442 -0.117754739510085 -0.206789752104738
-0.133972487732392 0.0188042232977601 -0.106186034256827 -0.0936297676673253
-0.00923264895645899 0.117786350629079 -0.050888107709167 -0.0331219744431791
0.0813004653194027 0.0682765709385904 -0.0623695526572473 -0.109730758164546
0.0776816362220189 -0.0102091484748867 -0.215104158252548 -0.145321862139366
0.0432645671185124 -0.0617501614121751 -0.328729198116598 -0.122018836019617
0.03285993896446 -0.0684650190099182 -0.355467111325009 -0.126063596316442
0.0342714054473865 -0.0444190943278492 -0.35142728844254 -0.184414719963584
0.0704875998763718 0.000298853304272745 -0.220750508653679 -0.275628877165581
0.0548775876470413 0.0398285786999013 0.0071204089412008 -0.254978047545685
-0.0279368808898331 0.0632985639345284 0.0867732278929451 -0.0126775430983494
-0.0927840823020802 -0.0263918043778473 -0.160413298069251 0.00833541250127484
0.0173784238725383 -0.101043146554713 -0.219166811895152 -0.282031181461147
0.0824933829313493 -0.0397053640335214 0.144726860866727 -0.679839389015782
0.0731829545896229 -0.248729417296913 -0.0892744149824314 -0.350653906479672
-0.108739450084211 -0.212638328423355 -0.108998357343749 -0.200641454245636
-0.226483214595299 -0.0217582766602465 -0.126012265567446 -0.0754767204116167
-0.0832224559808658 0.173187643757976 -0.055703036587886 0.00266554034480317
0.0788077165213269 0.180573979594626 -0.028445146595354 -0.0767721432338838
0.155974476105279 0.0943031705434099 -0.164790016443342 -0.144150579418673
0.162520324418983 -0.00114822786538538 -0.281002917413338 -0.136216247574368
0.170185524475419 -0.0211304192140774 -0.309044010081163 -0.140736478938687
0.174487032558344 0.0212557841953965 -0.295285333860478 -0.191859400333361
0.190936131590156 0.13464014838345 -0.170190634593193 -0.258883879650881
0.0746906818819312 0.227673673414135 0.0284940209053809 -0.206185122983894
-0.147316069301462 0.210654613667964 0.0772861169845112 0.0299680728033025
-0.314762323429522 -0.0334565855189219 -0.196408881471831 0.0188568959002422
-0.137326705215427 -0.295539162623309 -0.236621875584841 -0.290810406618897
0.0776772392295956 -0.310158004082663 0.129622419596914 -0.642826532153657
0.0736555159554113 -0.408520169817136 -0.117824797437162 -0.236667389821552
-0.168901917268696 -0.315556840201172 -0.0849145379660349 -0.175654323722007
-0.314828069996367 -0.0536051758114965 -0.131600421144501 -0.0726832546907348
-0.154805986796073 0.224207299928913 -0.0755412887219151 0.0141634115875814
0.0694252891625639 0.285004992993033 -0.0151829045009164 -0.0328714435381987
0.219007664798493 0.192640143246483 -0.102770281397201 -0.113072152208242
0.262509701080028 0.0601764889632194 -0.197200361453598 -0.124495916834381
0.281498080364459 0.0290852957783932 -0.215150369693886 -0.134107017506346
0.28492671955597 0.0843618164261387 -0.191784987363575 -0.174482258828685
0.286342891377531 0.253211556837143 -0.0874123774389839 -0.21148261113044
0.0827893592850608 0.389679890399351 0.0596442508938349 -0.133412524808431
-0.254247896295372 0.332314732473188 0.0783032544765078 0.0783567535401968
-0.502074629957212 -0.0404293013448168 -0.199088130197053 0.0525424937126111
-0.274248370608647 -0.456900942488971 -0.233574065295301 -0.24068852209728
0.0664335996262772 -0.534587878596207 0.107176695376502 -0.515807124939144
0.0511410567657464 -0.529602743139048 -0.142629075171814 -0.0672844988591908
-0.248005771997895 -0.390681975805764 -0.0277038439225338 -0.115354595277032
-0.406907568101659 -0.0589382612901706 -0.106447491616155 -0.082280416225315
-0.214237619354261 0.285682995350447 -0.102421878507026 0.00385887914034649
0.0651691106991139 0.372863440904767 -0.0199085661145441 0.023428343928377
0.266701424061778 0.269735590605712 -0.0308099551362065 -0.0512076587887356
0.33026036553628 0.112728796525773 -0.0839045773872958 -0.0866371247610881
0.348984630780621 0.0747322312011221 -0.0878996187551782 -0.105736990693372
0.348879060428391 0.134997765517276 -0.0570899421852635 -0.133795704800941
0.33604667780541 0.333854471556221 0.0181577292957481 -0.137981457213027
0.085682455185351 0.492455598575572 0.0984955137953632 -0.0415465794063437
-0.321515419359405 0.404839793054077 0.0836740414786357 0.12932224246677
-0.606864440581634 -0.0431915585622435 -0.164935018460733 0.0996021949916475
-0.359836345859479 -0.54169879987896 -0.199026051370957 -0.138171703614899
0.0510689502309545 -0.663136728597186 0.0807188587258074 -0.319324705752391
0.0154760383553546 -0.586644540350179 -0.154968985314418 0.146415317501581
-0.321941488245231 -0.417560046137102 0.0647736468620422 -0.0169504040479378
-0.471402668130585 -0.0367215736201296 -0.0488909515632974 -0.0965322062360843
-0.242306737243395 0.332320233169824 -0.129982715680516 -0.0114470738866059
0.061171216056378 0.419624174758763 -0.0286305207389374 0.0970755295512959
0.282159842154387 0.30870029331642 0.0541178906764583 0.0379072992569167
0.352855776820337 0.145712601233451 0.0481388560476569 -0.0285335254183065
0.362180247443643 0.108582447404185 0.0528882397202071 -0.0619746702086527
0.3535981212562 0.164351001411205 0.085662302557518 -0.0789768899529418
0.327666991652727 0.353080425801753 0.125719419754544 -0.056551136778505
0.0705989676165722 0.497985434164992 0.138006005357164 0.0509789633671376
-0.322377338292799 0.387980494920539 0.0890822193287486 0.169621543215007
-0.582462173853235 -0.0451921659666845 -0.101719616022666 0.142253684879088
-0.361657911799328 -0.523880677393283 -0.136991770580173 -0.0125425222442833
0.0339938758642516 -0.667816844553311 0.0552096461845563 -0.0919734169952982
-0.0231206615062534 -0.557367286530759 -0.151699186253838 0.374276166845481
-0.346543625000598 -0.374507444985196 0.175287326590768 0.10712073749567
-0.45423287081436 -0.00378830293642073 0.024859780427008 -0.100965149810367
-0.228503408442638 0.322226776431449 -0.146282488215451 -0.0193552408291706
0.0480592143279596 0.392684878570333 -0.035298363501876 0.17777464070867
0.254591406175687 0.295573752963889 0.140910799514659 0.137295891283074
0.321299897861411 0.155509062902022 0.182293753163011 0.0394518690415739
0.319750141606198 0.125721573630277 0.185889132378859 -0.00981481738359086
0.300257983156669 0.171526444207116 0.208911912571058 -0.0197173750930895
0.254774224025162 0.312910746845182 0.209832818867506 0.0164229086390663
0.031225344157505 0.403643980501809 0.161408160427758 0.117737044163862
-0.26332279624403 0.272722530244774 0.0853172100099888 0.183168637531267
-0.422600388526295 -0.0593696751455717 -0.0307348359161175 0.160197616156213
-0.274164083854249 -0.406646815734445 -0.0677826638059082 0.0927144538548134
0.0183715465795693 -0.546772897292304 0.0373640439484065 0.113773109185499
-0.0536382777344843 -0.429153139847224 -0.139516314918483 0.57151476866816
-0.293824513704384 -0.263489130550286 0.267397513625977 0.231439196495543
-0.333212137098155 0.0204978726991308 0.0979783972992722 -0.0888772653154228
-0.166908090737732 0.23307820571023 -0.143327153644748 -0.0231735121637289
0.0188866946031672 0.284242862940654 -0.0421418303408783 0.24272205655547
0.17509118581191 0.229159145840692 0.208568119752163 0.22794442269188
0.234816664755288 0.140928492975131 0.292280078753605 0.106744932344949
0.228870886417385 0.127037955089915 0.290583305988785 0.0436437587797337
0.202794712877393 0.153665082986842 0.291890878865813 0.0372892924016281
0.139092570732386 0.230432454015154 0.248815546970597 0.0708838915791553
-0.0214457048361939 0.25080224774135 0.15743151351034 0.143186806993498
-0.173304173561887 0.110808411562564 0.071327743767348 0.161288721624492
-0.197173178833872 -0.071802133302471 0.0284777782411872 0.148828804043104
-0.139491818807666 -0.229535419538725 -0.0119228216947264 0.153423075843228
0.00306015648096821 -0.342708863566631 0.0272309062289607 0.259036959484754
-0.0689858191733642 -0.22585758548713 -0.12893194974557 0.697480253895246
-0.178343952599152 -0.105881281885846 0.319501923885553 0.329909569751199
-0.143134835618414 0.035191784739726 0.159664809854258 -0.0677545461435711
-0.0731225090483421 0.0934871544854432 -0.124554622046155 -0.0347239810795491
-0.0150341531116779 0.123042636907532 -0.057065856738542 0.27020950443675
0.0619649220253967 0.123403203998487 0.2376796370669 0.292804445278752
0.107429815149609 0.103362790551609 0.358546039012408 0.164023917697471
0.103952961819598 0.108954768420497 0.35157970643555 0.089689333222707
0.0809289073291144 0.115285573592508 0.326699339267702 0.0850228002212427
0.0140242890149375 0.124281365086253 0.243873802875414 0.105161002126464
-0.0676210888048629 0.0872059358536616 0.128672334974579 0.133743299140993
-0.0785988267015894 -0.0327524657193276 0.0526035226391791 0.112932384200735
0.00834064840907222 -0.0630771354488407 0.0724167058463095 0.119768325343343
-0.0189516066507235 -0.0425761814374163 0.0250695567627207 0.174062341474109
-0.0226453970731159 -0.111290586316093 0.0269107393332684 0.332393373165151
0.0591786786894528 -0.0686196348110328 -0.0656169700189676 -0.426741065570558
-0.0561026043572946 -0.0951084535353971 -0.124549994124886 -0.218375848946617
-0.137675060439028 0.0223456140219963 -0.112257088234471 -0.0940768932276816
-0.00770856261208649 0.120882968874135 -0.0519816453244121 -0.0282512355025918
0.0856674637647306 0.0688518230010236 -0.0583485627664156 -0.109473140565421
0.080045411341908 -0.0103919670055101 -0.218695407084971 -0.148891567916513
0.042877827321549 -0.0648302460741666 -0.337573445785874 -0.129017641453758
0.0335459251979455 -0.0710540365949075 -0.369415841263111 -0.136163295282091
0.0364727113458093 -0.0462663828285719 -0.364860190109308 -0.194988301693093
0.0738518174740269 -0.00155089428414335 -0.228443207769433 -0.290324267230338
0.0567279408292522 0.0397394104428403 0.00915872860835496 -0.268269517078215
-0.0287038914705717 0.0653896430298228 0.093537235478279 -0.0149771779326739
-0.0943112592297667 -0.0253750935287063 -0.161132374721281 0.00917228138866357
0.0167189290180946 -0.102735937796055 -0.215122305482233 -0.293965725033881
0.0838552307682156 -0.0404975974467868 0.15580521718117 -0.70018261820785
0.0773419659636853 -0.255417883097674 -0.0864633361409118 -0.367249187857937
-0.11085146524876 -0.219920692493318 -0.116092188650469 -0.213441825566022
-0.232868197106017 -0.0217045880944807 -0.132000744296679 -0.0754890907393317
-0.0857072114223279 0.178005268411679 -0.0574299070026365 0.00840379677895942
0.0829940356637509 0.185855028025808 -0.0237369532971686 -0.076853408320359
0.161343603552177 0.0981481053111222 -0.166713990366738 -0.149960225675843
0.166487909566191 -0.00135351100568783 -0.289652981386597 -0.14401452350992
0.175229153134683 -0.0197483277028862 -0.32067770735728 -0.151494056810004
0.180238104946385 0.024277753886636 -0.307028684557584 -0.204374440398493
0.197716733003295 0.139693922458477 -0.175349622208973 -0.272852450308958
0.07477141239446 0.234261402849976 0.0330017957615872 -0.216680632859622
-0.155091429005278 0.215583764536331 0.0845191502250166 0.028689238945355
-0.324394758380561 -0.0382165715105873 -0.198471938245783 0.0185175767262857
-0.138801047798843 -0.308142831370991 -0.236274596469305 -0.302666573939694
0.083885654587419 -0.323074557506706 0.141981813754753 -0.660688191749973
0.0808459984634853 -0.419307562697714 -0.117171024843204 -0.250643851527501
-0.170779542930757 -0.327106947647636 -0.0919884840298934 -0.187362008062348
-0.324316700089607 -0.0587135860880136 -0.136956949710275 -0.0727857511764682
-0.16155699739665 0.229971787717329 -0.0777955382473129 0.0205039355004186
0.0716693005531875 0.293724168188898 -0.0104489748823674 -0.0331534520206945
0.226357269382797 0.199652522043663 -0.103784888583616 -0.119216504406502
0.270105012639833 0.0637379871250281 -0.202188167847402 -0.130773343197952
0.289734669560392 0.0324779548510273 -0.223542345714651 -0.143002120667251
0.294766478708716 0.0913701967649122 -0.199796713589916 -0.185650854751183
0.295681441497822 0.265470578197506 -0.0911450279998144 -0.222882098997615
0.083378979191486 0.402519027692237 0.0655258156097271 -0.141136196562367
-0.267558849037523 0.341632371733335 0.0847778076488133 0.0771096274650255
-0.516868578713539 -0.0506513308987923 -0.20231448303056 0.0514186531557887
-0.276708300871836 -0.476130203978984 -0.233579809286128 -0.250126981065145
0.0751042538338104 -0.555485625949556 0.114435506043551 -0.529569734737921
0.0619803727307973 -0.543660068651168 -0.145051812432238 -0.0757940958591977
-0.250613982380184 -0.408108147513582 -0.0354185282932936 -0.125317325304839
-0.420190423666776 -0.0675993953724375 -0.110313477285377 -0.0823519343413237
-0.226487746672364 0.291194554400089 -0.10564767821608 0.0104377450286781
0.0661082591267972 0.385771195295912 -0.0157583105186828 0.0255577685667327
0.273856534221724 0.281124537128468 -0.0290668594349646 -0.0557051449209738
0.340413438166217 0.119122701699753 -0.084913761263213 -0.0909519727246713
0.359181194701764 0.0811693096850727 -0.0918031067184586 -0.112180549057455
0.36006711924844 0.144130548722794 -0.060465659615567 -0.142208023128769
0.348356197563337 0.347817707003574 0.0169772726037992 -0.146494601449559
0.0825564244433452 0.508991083892711 0.105629700249003 -0.0447967813117074
-0.337449401300235 0.414992151300773 0.0897945297759705 0.128604114781649
-0.626882138102249 -0.0549808030638256 -0.16758106956127 0.098251882973679
-0.363132092902432 -0.567330438016511 -0.20098151437034 -0.143457597405979
0.0642624921379752 -0.691395209218912 0.0826878567577118 -0.326174558130466
0.0278564941035771 -0.603390012082678 -0.16054830102927 0.145634552582158
-0.326501288105912 -0.438566878716595 0.059668923183789 -0.0216048283933386
-0.486363947512274 -0.0472001247489261 -0.0519022026297537 -0.0961153372553848
-0.257931275066754 0.340353462401776 -0.134252648507499 -0.0065628285031567
0.0599875462624285 0.434954651747834 -0.0264847943868142 0.102092762701452
0.292458500433047 0.321580567921311 0.0581648322251554 0.0354002209341234
0.364166569488879 0.154035358941557 0.051794108124035 -0.0297948393279101
0.373249642484391 0.115597732808962 0.0541031984011619 -0.065320421977881
0.365301513404281 0.174021557127796 0.0868010572556416 -0.083643463429811
0.337489147853743 0.369287728542153 0.127776976256395 -0.0609227181150636
0.0677581693371563 0.514475444934628 0.144079818513848 0.0507471014385356
-0.339257953279074 0.397934202201509 0.093436029188522 0.169674886586286
-0.60151230242634 -0.0601367914423181 -0.103592334213085 0.14014613193711
-0.36514104830391 -0.549066223096759 -0.139212490121129 -0.0129277232500886
0.0466706739126291 -0.693408910496416 0.0525166085106836 -0.0918504564081152
-0.0117627079032835 -0.573562687675575 -0.160611339197971 0.38192021429023
-0.350940570862161 -0.394404442418998 0.173557121313357 0.1082554090465
-0.469932302247119 -0.0138686356120795 0.023954901241375 -0.100903911781386
-0.243769726345004 0.329277419605041 -0.152862808529176 -0.0152088451723532
0.0455214196758166 0.406608584905036 -0.0349825537000125 0.186420656673194
0.263024966246435 0.30711971326074 0.147226499589291 0.138744177609857
0.331845797238574 0.163818480710418 0.189432275272201 0.0420777840890914
0.33070793172027 0.134533928813954 0.191898658926479 -0.00879046761430002
0.310154078747036 0.18157271965791 0.213918204180838 -0.0212295693216635
0.261332323120566 0.328557306075446 0.213056331898208 0.0156192476878289
0.0290901369861807 0.417837552548511 0.166241350469006 0.119391384994843
-0.278240688123718 0.278850714744019 0.0893130401315016 0.18393953820058
-0.436826227129912 -0.0713820333900067 -0.0311596758944458 0.158407480223611
-0.274553372250104 -0.426065359628156 -0.0689662287256887 0.0961812780495235
0.0313469445860535 -0.568443710067388 0.0321957785367723 0.12034941560663
-0.0452902328499981 -0.443767444824357 -0.150035083361307 0.586369465946528
-0.298048756771349 -0.278655660356342 0.268994507659092 0.238220207525961
-0.344415565538878 0.0115167234080639 0.0983297572611243 -0.0893706686617103
-0.17884431395434 0.237993588193623 -0.1525534206077 -0.0194598543826989
0.0152351260276111 0.295590823067203 -0.0446039404973622 0.252767605991601
0.18043028935004 0.239117950940515 0.216322034553563 0.234222778904719
0.242859477781878 0.148756378512258 0.303323889909518 0.114402942500284
0.236770243022225 0.134530773971385 0.300711615860673 0.0478577696937398
0.208745848454844 0.162767706108489 0.300190905789871 0.0391531617710162
0.142060625514083 0.241318402993687 0.252232525895894 0.0728021783276087
-0.0242718265363383 0.258897348567416 0.15964488297441 0.146319718419978
-0.183842724963333 0.112601292912255 0.0745918755680877 0.161051643647069
-0.204087402460763 -0.0813792226848936 0.0301076668291837 0.14700497630454
-0.136994733415314 -0.241009224007953 -0.0130951441443667 0.160427538976484
0.0112215575552196 -0.35676619833762 0.0216892798312245 0.270280358012087
-0.0640596190194785 -0.232991659558815 -0.140883545302415 0.718669064723772
-0.180389880633106 -0.113978940894273 0.323793188179913 0.344405318663082
-0.148209689014559 0.0294427048663818 0.16069995946998 -0.0681611488837321
-0.0792811831582941 0.0952664582209626 -0.13387123234701 -0.0331372038255638
-0.0187222283877397 0.1284392533098 -0.0620301269539235 0.283056229608141
0.0644556200037935 0.129572356984415 0.246475947133764 0.303329199312813
0.112006425506517 0.109374326374707 0.372319603435135 0.174073958555665
0.108120777830638 0.114741013006067 0.365110336521127 0.0978016330216268
0.0832629880755439 0.121176788922482 0.336164075057971 0.0909393846741563
0.0134635382432384 0.131731818874433 0.247124630644016 0.110098032284987
-0.0708239914615847 0.090425031063039 0.129031297086052 0.135845011108352
-0.0836613278402259 -0.0342042176043743 0.0546239816748083 0.111263091167327
0.0074514464795271 -0.0694446314358634 0.0754259131448714 0.117160123682181
-0.0150435113620079 -0.0458291999763476 0.0254241211431147 0.18237094997928
-0.0179198118174458 -0.116342610651694 0.0214107464660729 0.345667919616619
0.0569946863172311 -0.0740417231082847 -0.0792086015147192 -0.443837022044334
-0.061630804141098 -0.0962096447823528 -0.142040373736826 -0.225013247293806
-0.140768946968359 0.0319284951970752 -0.123594015066152 -0.0911281759461076
-0.00173294366870717 0.124716755610455 -0.054403529792038 -0.0212048827662378
0.0931554818573673 0.0660684780047591 -0.0582565014175499 -0.108245976958208
0.082999865367991 -0.0136421311426412 -0.22918423117725 -0.144961348883378
0.0403992376520488 -0.0693655363153733 -0.354094557049549 -0.123341690248832
0.0313679164545726 -0.0760835590122451 -0.391816045287722 -0.133523816179795
0.037293601519995 -0.0491325211910139 -0.387977124142858 -0.193992697499487
0.0775926815843866 -0.00659419121597269 -0.249774760205021 -0.297061861953459
0.0606895698144623 0.038077149705252 0.00176726300697325 -0.283666909700086
-0.0265612226399731 0.0692795766502971 0.101047715242128 -0.0218852807926241
-0.0975955105710545 -0.0213426200151913 -0.160885704430636 0.0155918626905667
0.0120332018162055 -0.106030725268556 -0.225641581419128 -0.300389535717487
0.0834772997171061 -0.0453906259912365 0.143431297458939 -0.731246726724321
0.0729381433518718 -0.267624867153492 -0.0987239474230815 -0.381880304052092
-0.121129778468495 -0.224589099092131 -0.133587239600609 -0.22069534023801
-0.241378449109322 -0.0127132105462877 -0.142462999090284 -0.0713580000368759
-0.0815366082090067 0.18631775394837 -0.058383019687461 0.0172954979856161
0.0943435947560206 0.188105594738941 -0.0209988909025767 -0.0761377642447536
0.171943987787477 0.0958432512228552 -0.176061975841906 -0.149436563411192
0.171398380266478 -0.00700214435484486 -0.304947391519507 -0.14100751573947
0.18058266167029 -0.0270705164880826 -0.342145532807763 -0.150771014131039
0.188993745997603 0.0199706207689099 -0.329044002382202 -0.206107938976567
0.211909245420042 0.138185737605812 -0.194463130618168 -0.28193200450991
0.0846494677640988 0.239859467502866 0.0292211333228563 -0.230331546950897
-0.15449230957781 0.228864158159442 0.0928634127833951 0.0238693048358103
-0.337190012437209 -0.0307966836279052 -0.201154839376876 0.0261021504331082
-0.153479888493477 -0.317003021214503 -0.248777398012447 -0.308799336727544
0.0767611396084591 -0.340879737577788 0.125336396935761 -0.68860871201759
0.07368181214652 -0.437769066139691 -0.127777640946054 -0.260815867132213
-0.18683332894648 -0.335982421245213 -0.108730375733218 -0.195566933043092
-0.338234966933169 -0.0505954148452124 -0.146416883526486 -0.0670180421159036
-0.160553275082381 0.243570337800417 -0.0787477590297242 0.0310047961401636
0.0866450845599211 0.30048423009343 -0.00645050189803611 -0.0320105590239108
0.243719472596448 0.199200645644866 -0.110448801356974 -0.121552475721788
0.281673459838622 0.0571026768936348 -0.213973024162718 -0.130013009681612
0.301933013170965 0.0255267438485909 -0.24060082328077 -0.144948429193
0.310573995594456 0.0869658393159234 -0.217237194453531 -0.189940303210316
0.317135199585018 0.26529243545382 -0.104376113644582 -0.233193395687746
0.0973902288648503 0.41572359980267 0.066660779368038 -0.152578587695108
-0.270831021886073 0.362242062249342 0.0950521489455499 0.0736098171287391
-0.538678726343879 -0.0409312672647608 -0.205624336286396 0.0583516663722608
-0.298832838213267 -0.489117376757109 -0.245993305019452 -0.25251286473754
0.0629977197215196 -0.58438668488278 0.0999269026430009 -0.550487722594747
0.0523394478214378 -0.567024340546556 -0.152322279502251 -0.0785556045161846
-0.271757952486485 -0.418902519854345 -0.0483201202922129 -0.132556197937941
-0.439587962278401 -0.0603107669111486 -0.11923465473288 -0.0776484830879776
-0.227181419403473 0.310306909663004 -0.109026136404526 0.0215971308757283
0.0822060225305329 0.397276896744144 -0.0100141649925209 0.0279820617141129
0.29824568369322 0.281491836326301 -0.0309370938282645 -0.0596810242789204
0.357292094515382 0.112722207584246 -0.0905975310788121 -0.0926405594081537
0.376379468114275 0.0745885259542041 -0.101443482084719 -0.115903864903751
0.38016641974937 0.14013701380889 -0.0710285620129174 -0.150057798022985
0.374071021607806 0.350764525953893 0.0096031901999908 -0.156854245882651
0.101702683546655 0.524852174514845 0.110560546925307 -0.0538598009243534
-0.341220934212147 0.440987895904566 0.100132303392901 0.125462982920251
-0.654619918095719 -0.0449533670254372 -0.169246958252403 0.103667124275602
-0.39060411204776 -0.584163204486949 -0.2099288664486 -0.141440109935092
0.0476707406835818 -0.724263561001306 0.0717368853224235 -0.337624616033868
0.0176154417150147 -0.627942349750986 -0.162856351265648 0.151289736361548
-0.349231658774904 -0.4496566655326 0.0531671191751842 -0.0278100922033085
-0.508975559362501 -0.038350413846649 -0.0587684408881369 -0.094612841069746
-0.261602942073121 0.362647267859362 -0.140309081658559 0.00626262233572191
0.0774007875982363 0.450503022562509 -0.0202101355448815 0.109082806078194
0.316365963403068 0.32390545385085 0.0630371551714118 0.0318689252241597
0.384832678258538 0.149064575141869 0.0541979596862413 -0.0335069897968523
0.391854152408065 0.110316187954204 0.0524773573090342 -0.0709925797762593
0.386257213398799 0.172412297398766 0.0843640717304839 -0.0930895128192131
0.366716316146862 0.373292061546068 0.126761481714972 -0.0711985337021924
0.0866454402586627 0.532289244498106 0.152941501405605 0.044887332979317
-0.343994597711014 0.423776650017057 0.104512701432173 0.167160603426582
-0.628316688561771 -0.0511467285112456 -0.102541016968925 0.142881255412487
-0.391085319206728 -0.564138141012262 -0.143240872301986 -0.00736391248554123
0.0305170702007651 -0.726458876997397 0.0472128351699333 -0.0922184857832406
-0.0218639111317042 -0.594496819090468 -0.156692848999163 0.397514198217193
-0.372775333189519 -0.40332502907432 0.176465611844041 0.104412515065572
-0.489897222522053 -0.00832820824273307 0.0193419943908672 -0.102439309574196
-0.246648732619741 0.351221910498138 -0.161463532905433 -0.00361454421256601
0.0585550559091285 0.424170760670645 -0.0287533345992858 0.197890307650288
0.285135429257663 0.31159195601905 0.158944193588568 0.135843925252206
0.352110533367816 0.160617005060905 0.200238913185292 0.0380269489918727
0.348254042296684 0.131547675653983 0.199138338481395 -0.0152322606956548
0.328626603877666 0.18075865363805 0.219549837223867 -0.0304498603528503
0.284594874819169 0.333780507794844 0.217425784265532 0.00612015361829783
0.0432153061265611 0.43344457201366 0.176732119664725 0.115573343152789
-0.283270996132401 0.298429673023694 0.1003819225954 0.181875168542565
-0.45731039342848 -0.0686669215892122 -0.0275261895443069 0.159334717093608
-0.291981505074531 -0.438613187368977 -0.0680559473957459 0.1049881183886
0.0194580792223296 -0.59450589433173 0.032510608627423 0.127841065740071
-0.0524426083603913 -0.459455748301637 -0.142796180157371 0.611573641930917
-0.31401247474913 -0.28484901425875 0.281336149106149 0.237647241702759
-0.359947896901557 0.0147682866923132 0.0968465518736781 -0.0936866816074599
-0.183235514786464 0.253289359486879 -0.162630431942094 -0.0100748391420174
0.0234464505786281 0.308775661311342 -0.0379351345414146 0.269079847901741
0.196696260147073 0.242840468277082 0.235258664512512 0.233407923540465
0.259431700796623 0.147989930797963 0.32186703435179 0.109042873350908
0.251266464322913 0.134994395344638 0.316286556869112 0.0425416226555879
0.223367860914655 0.163771165438068 0.311974410428819 0.0304889333374201
0.156759160531501 0.248359697154373 0.259616272006363 0.0663818382733354
-0.0173741449286178 0.270511891795866 0.168841051440286 0.143923707167442
-0.190376422324378 0.122613770507335 0.0829172363412408 0.158587272202326
-0.216639536887278 -0.0840661700676584 0.0365479120018899 0.145136451977688
-0.144791449413193 -0.2493995932363 -0.00745821576737598 0.170243647569997
0.00397022527543814 -0.373989341797561 0.0268488416122757 0.283037542153905
-0.0683274095901636 -0.240870105410574 -0.128225128369793 0.751143236718194
-0.188478469506544 -0.115840073282816 0.34287466150354 0.346495806573588
-0.153346549163399 0.029016248380053 0.161698612560709 -0.0743964651300018
-0.0832835604334724 0.102115021944942 -0.145165039892904 -0.0256939283271603
-0.0173579534332445 0.13621778003204 -0.0569788908742308 0.301271790718871
0.0723023836360146 0.132895638549084 0.269032238073108 0.305906737616857
0.12246205232417 0.111974613476964 0.396188799433063 0.169883698968903
0.117728425211639 0.116925609542782 0.384698525191223 0.0923773809513701
0.0910970371430025 0.125472299500998 0.351871895213732 0.084210881853954
0.0190195853342994 0.139036092050585 0.256482030723925 0.105765267464307
-0.071520223558871 0.097913266180144 0.135057796455612 0.135095154873088
-0.0911259184677338 -0.033117248550959 0.0608791405565513 0.108607769885721
0.00397127595977767 -0.0767294458715098 0.0831061133113779 0.11401857013925
-0.0127426476952306 -0.0501604988226544 0.0329517199702089 0.191932092346745
-0.0187070050695584 -0.121561790840432 0.0300797643996575 0.360462846579601
0.0514620195945507 -0.0780694572962517 -0.102224098833601 -0.446188365583474
-0.0682623538746726 -0.0931238431421557 -0.160852207615835 -0.220600316818549
-0.137846343727714 0.0439850049199671 -0.1335223807754 -0.0816655874511318
0.00806164432758683 0.124807351919002 -0.0537395587104658 -0.0121209905331939
0.0995282219677852 0.0583752572298146 -0.0589580232390794 -0.104415462639767
0.0833130769638778 -0.0190933605919642 -0.236069265004984 -0.131204232426824
0.0341430291010867 -0.0725529405150836 -0.364675714940011 -0.105521795953591
0.0257427258111922 -0.079719822394453 -0.408174577946594 -0.114801369518532
0.0357040860390626 -0.0532883566488347 -0.407590843533278 -0.174817592002092
0.0780144508215367 -0.014200049001113 -0.27329925502879 -0.288392795356269
0.0635853392824617 0.0333244138797071 -0.0158220568648518 -0.291064413732671
-0.0210677957545969 0.0717518614213601 0.10464713670825 -0.0311141979344264
-0.0978458060592834 -0.0143459155246138 -0.155243517600319 0.0259803191998892
0.00432165102011146 -0.10673016706435 -0.237434818275335 -0.292752819505162
0.0804194847589487 -0.051236503884503 0.107915647168074 -0.74465581635161
0.0580904782275957 -0.275069027787117 -0.119263873450473 -0.383332353565512
-0.135287886823209 -0.219334848664089 -0.153364431243593 -0.21722674900632
-0.242694006270311 0.00321986710452201 -0.151140330589943 -0.0608251517412162
-0.0697676248576303 0.192158672992119 -0.0552468198291347 0.0276497028608844
0.108008913817862 0.18164440045088 -0.020203310985362 -0.0745448691675878
0.180567142836191 0.085357921888676 -0.184312446260671 -0.139816823919804
0.17059079780886 -0.0169433414072337 -0.31708946820723 -0.125690583672039
0.180030353684128 -0.0378199040237916 -0.360261417820865 -0.135606334559004
0.193808660595698 0.00927272608573989 -0.349347879967944 -0.192281824273427
0.223826679545703 0.125208875097357 -0.216416718954174 -0.276844746265017
0.0986285906975575 0.236997150850812 0.0172379967510717 -0.239310573336494
-0.14342634057088 0.240228028858433 0.0995548773534459 0.0150180099641572
-0.342011347781793 -0.0139400043583952 -0.197612216614323 0.0380322100427983
-0.173097480645667 -0.313210456658538 -0.262787828130863 -0.297920307042483
0.0583144226352848 -0.351048068899177 0.0875797361792359 -0.699286503972582
0.0527023519483465 -0.446426849329294 -0.142071825333441 -0.26022473488306
-0.207348483155969 -0.329587755978595 -0.127832141310527 -0.194028977195623
-0.343707932546313 -0.032078783516471 -0.154018638611327 -0.0569172677289882
-0.147465033752113 0.254337030044283 -0.0749092041212647 0.0431487898091714
0.107401663164169 0.297013640434015 -0.0025322797180203 -0.0307851645636269
0.259601302124702 0.185107658868552 -0.116543688954074 -0.117143055681937
0.286770170318843 0.0410021096578863 -0.223789026255674 -0.119622218128849
0.306179166133048 0.00912726163277981 -0.255242749787056 -0.135527725530697
0.320938508952998 0.0704687058324231 -0.235207190431287 -0.182996919686469
0.340256861314683 0.248221914798778 -0.122789925432107 -0.233301332252069
0.122497654547221 0.415913615685553 0.0602792593029536 -0.163315380711157
-0.25377385937373 0.382385765211638 0.103821499566314 0.06393853545807
-0.548507394963747 -0.016449402707035 -0.20152448009505 0.0697247834281806
-0.32759741975422 -0.481697834491447 -0.259546191924941 -0.240354567644275
0.0333602641411681 -0.596685940516969 0.0680226539802107 -0.555980298643344
0.0253634439404677 -0.576423553739847 -0.157827442049843 -0.0753935680125872
-0.297507813238635 -0.409943143564438 -0.06340243369234 -0.133220356081511
-0.44729384365414 -0.0386824055511142 -0.126489934434619 -0.0682322115377792
-0.21318125529973 0.326099235891314 -0.105981437825167 0.036379423618707
0.108370255477949 0.396225289458327 -0.00346467023088302 0.0313829307712656
0.319335237116102 0.26490414753344 -0.0333926993248473 -0.0605371980828832
0.367246230087409 0.0924196524770608 -0.0965609717358323 -0.0889539560232122
0.385598006092298 0.0549882583264262 -0.11256329400481 -0.114082998578055
0.393300617047529 0.121349647056808 -0.084197194587445 -0.14971981454536
0.401736841714803 0.33291230888408 -0.00284302598293277 -0.161821766343042
0.131181718276743 0.525770681279463 0.111147986271322 -0.0648771444914983
-0.322681563192337 0.464893529684901 0.110996627497034 0.115044649098623
-0.667109319106676 -0.0148866423923005 -0.165100501288694 0.111228983356842
-0.424974739460761 -0.57259675353886 -0.21726883821636 -0.129032679081494
0.00938118913680899 -0.738959102678353 0.0503170486900739 -0.33886426320557
-0.00923629527879799 -0.637349764136927 -0.158012088607316 0.158066317643965
-0.378218618994662 -0.437357199041398 0.045499300244258 -0.0327460323915101
-0.518694576643723 -0.0170655451780621 -0.0657717606675471 -0.0887496569722797
-0.246716147615964 0.382683222048628 -0.140343144799796 0.0229745080662799
0.104453132627965 0.451673883643752 -0.0102332071305257 0.114000697632941
0.341683395759171 0.307355531534849 0.0662099472864696 0.0247832451677933
0.397528066742719 0.128578703108237 0.0540387701410133 -0.0365649290669486
0.403123486276727 0.0917950598544051 0.0480795941914305 -0.0761740545314376
0.402054143146659 0.153643027735444 0.0764364578844281 -0.101173060392928
0.392291549530844 0.355835690073033 0.120100720390239 -0.0816683568601644
0.117712430369758 0.534237668078883 0.159116952519364 0.0325893776906587
-0.327080369944486 0.447409972268407 0.116791539062385 0.156603146653538
-0.640707599298138 -0.0218184878593116 -0.0965815613623879 0.147188706528681
-0.424166136440477 -0.553282512701457 -0.14243121392586 0.00442091797119301
-0.00497586298560658 -0.738601752088016 0.0382103159391823 -0.0904321840942317
-0.047684229137622 -0.60110445195577 -0.139205382412781 0.407565466025938
-0.39937927121943 -0.390610952854043 0.178172224185809 0.0935514840350315
-0.498067781879065 0.0126774734181079 0.0127129652145009 -0.102090825005223
-0.233623025600875 0.36983933756089 -0.163827920194566 0.0142033102682196
0.0836633141036464 0.426584198687217 -0.0148174373244474 0.205590663872379
0.306630976036625 0.296632491871618 0.170248105764386 0.125348621456017
0.36640918332984 0.142951775813055 0.206456356872178 0.0262903391109698
0.361188758026973 0.115317778644811 0.201185961642949 -0.0273897339081726
0.343487551731598 0.166152559564053 0.217560035877609 -0.0450570175671307
0.310075554791532 0.321559005934263 0.215714850362717 -0.00793814216024903
0.0686646759438289 0.436694725332687 0.186127195707866 0.103583311919952
-0.272311444625069 0.318021737098322 0.112704390740408 0.170862932363358
-0.469597123139126 -0.0486633973455699 -0.019254473448527 0.157484989704152
-0.315926880875305 -0.430817111801868 -0.0611499591145739 0.113982115121577
-0.0112079180417386 -0.60622042870921 0.0357921452086071 0.133048270897229
-0.071230905292366 -0.462686778141132 -0.113888448239291 0.623909634287013
-0.331972926152543 -0.274679225913763 0.292667551798892 0.222710986414182
-0.365689278576605 0.0283025432900382 0.0904590428430182 -0.097473203358289
-0.174442960472755 0.26716973230322 -0.166691871051087 0.0062952292771395
0.0401543168192664 0.313447302275656 -0.0210360970584568 0.279944239167608
0.213555412379503 0.234258630959438 0.252718291663313 0.219808669830917
0.273252592664608 0.135349753459625 0.334328274031903 0.0931542234698456
0.263223424096192 0.123417767462044 0.324327271705139 0.0248640039048503
0.235821897773579 0.154827625524688 0.316062274703242 0.0125291787725857
0.174874607525153 0.243437691953453 0.26251065925272 0.0503120130185784
-0.00241465228085979 0.27475418163764 0.177685553345584 0.132965473983675
-0.188086947753936 0.13539142811819 0.0930589121884174 0.149084081077044
-0.226260918279379 -0.0776142915874808 0.0442382825812187 0.139108726584941
-0.156317483375435 -0.2473335174253 0.00305136263367852 0.175982018906239
-0.0130651329950043 -0.379877715276273 0.0389327546102383 0.287842214772489
-0.0770879438844956 -0.240798923514884 -0.0925615442965311 0.763523405621182
-0.1954618802317 -0.109869968333686 0.362823010321124 0.328504457403962
-0.155934394858376 0.032431763641004 0.156019915028028 -0.0826609768576537
-0.0809888216098108 0.108258173609693 -0.153203238790776 -0.012242367711486
-0.0114249647950758 0.141328703153863 -0.0405854186753671 0.314483452430416
0.0809267047803785 0.131111141957784 0.292001482092609 0.292700312781818
0.133233602569666 0.106190029530443 0.41393111604214 0.149365662165268
0.127177171205833 0.112753233042577 0.397488919506711 0.0722916950030058
0.100240111137959 0.122421666161435 0.361161980328334 0.06541976850051
0.0279085835304624 0.141502172026336 0.260888636121336 0.0914096164426541
-0.0664025547652982 0.104188784340744 0.140516179368862 0.125646192719597
-0.0975305274095566 -0.0273057667470323 0.0668731869360421 0.100201196836553
-0.00296300469760412 -0.0812581882878329 0.0902464847141099 0.103948382427607
-0.0121524986049408 -0.0525499680800505 0.046404957639671 0.194674529350693
-0.0221872524913362 -0.123380629179244 0.0482746764064186 0.363829888047762
0.0434506171992606 -0.0788284148853941 -0.118976988690771 -0.431704321621333
-0.0714270781336989 -0.0865021596830047 -0.173136754836344 -0.207427726945638
-0.128697526945087 0.0518928018490511 -0.137773137548519 -0.0687039365224285
0.0151791979235676 0.119382589710474 -0.0504124920265317 -0.00324588900042811
0.100571569688493 0.0486894366352086 -0.0570969128020178 -0.0978700322479377
0.0809064858108359 -0.0237800575775539 -0.232386665267809 -0.113525750892
0.0268870064911189 -0.0715806658291945 -0.360394495881534 -0.0850665887971442
0.0196729866883916 -0.0790951926361086 -0.4081344731574 -0.0924605632992402
0.0322687572356237 -0.0548508141604188 -0.409079978491722 -0.15127665442048
0.0748570794316257 -0.0197005683312345 -0.28380012295511 -0.268607004225151
0.0637839909093095 0.0279258755927882 -0.0311002341948226 -0.286418421220909
-0.0150975908410088 0.0704165803306001 0.104293038940742 -0.0386139522832022
-0.0944039632020086 -0.00818922218466867 -0.143314558490943 0.0322727694533078
-0.00258494359449066 -0.102602708234759 -0.239370163697196 -0.276354275237791
0.0733481269169899 -0.0543564095576085 0.0693384742369209 -0.728821339992959
0.0433308529825195 -0.2712016411814 -0.134071121729531 -0.369607624242442
-0.142534202676348 -0.207129507456367 -0.165991047834041 -0.204333961079879
-0.233975659458043 0.0161294230338804 -0.15251494893024 -0.0486370809950667
-0.0564472253007203 0.188587363704402 -0.0492763184702424 0.0354499127903726
0.116111422783639 0.168173985737407 -0.0174789898445632 -0.0709622249917006
0.181031592132164 0.0723924736762132 -0.183433517230232 -0.125627522047122
0.16301172925256 -0.0246848424479303 -0.314804319250974 -0.10669463210828
0.17200644776081 -0.045774564356586 -0.362840435826999 -0.115399528967847
0.190605829777209 -0.00154347797180775 -0.353726562132689 -0.171103529125416
0.224463198935837 0.108943309387565 -0.227790591404565 -0.261276809717521
0.108323249232882 0.225439621206502 0.00586801682272143 -0.238624569260449
-0.127255070768142 0.240364214690658 0.101753343804518 0.00483635837740082
-0.332987083086224 0.00176933443573961 -0.185957483023077 0.0470244103039391
-0.182995234539898 -0.298005779704875 -0.264381510014715 -0.277820442241435
0.0387105430991791 -0.346455308718188 0.0537309819994538 -0.680451871307075
0.0309174705266662 -0.438741943159476 -0.149645535195858 -0.249815494683521
-0.217722428685279 -0.311099562803476 -0.139999233426674 -0.183329021764567
-0.335220246329998 -0.0144987676339505 -0.154903579838159 -0.0446245336534454
-0.130098037894596 0.25406441706616 -0.0667552011374588 0.0519147024078603
0.120541373956161 0.280868807026539 0.00163070228226251 -0.0289393187925803
0.263431624939846 0.164981617925345 -0.117842720836716 -0.108378789932524
0.279027653068736 0.0255942663661167 -0.224428677568908 -0.106272382567255
0.298370424433025 -0.00593536657631386 -0.26102893452209 -0.120482145705044
0.317000677382688 0.0527807653209122 -0.242780268680413 -0.167701472944288
0.34521203670014 0.224883176502155 -0.135170159433601 -0.223216716421679
0.13940371649075 0.398244355403128 0.0523103211591924 -0.166789718977708
-0.229131247124226 0.383802901888368 0.10709176584037 0.0521791874020015
-0.535779954536175 0.00873060446618245 -0.190487584639535 0.0777031388515405
-0.340827221569876 -0.4580334062853 -0.259047349383846 -0.219827988648297
0.00222716623464005 -0.583067721374042 0.0392368972828495 -0.538937077861937
0.00405625942945558 -0.563400695109712 -0.158549302667331 -0.0694704418522702
-0.309047894902371 -0.386174174445444 -0.0751450702492437 -0.128091949410605
-0.439370506099759 -0.0175442597665749 -0.127792684567852 -0.0577151031876538
-0.191769320728622 0.328675162575279 -0.097779611785408 0.0480882989796912
0.125896579454415 0.37864725105771 0.0044065828411572 0.0320635617256713
0.324586886528061 0.239629660501951 -0.0348661171424325 -0.0590212042925282
0.362153718859375 0.0715384571264445 -0.0978113995658095 -0.0820830974605489
0.378236331176921 0.0358668008644129 -0.118880306250093 -0.107111342525238
0.391129675249658 0.100570451567555 -0.0942959302801447 -0.143673037604914
0.411380007386708 0.302928210578439 -0.0153424725150162 -0.160199583260345
0.155095360770938 0.506459234444492 0.106191522255411 -0.0740243081345782
-0.293376066946648 0.469195541757011 0.115470931410888 0.100507615012742
-0.653943390129368 0.0126375193823377 -0.154213566528492 0.116070920803124
-0.439363934751685 -0.542985790504734 -0.214032026352183 -0.111923503399266
-0.0247493125678913 -0.723182737896788 0.0304140712581251 -0.322410540174531
-0.0326756380194903 -0.620479621814495 -0.147744891321847 0.157506188641363
-0.387803116980391 -0.410990573398282 0.0360327752255057 -0.0358165738770681
-0.509046134820087 0.00463455644789584 -0.0686274303448628 -0.0807633518822788
-0.222429786676548 0.385056686260315 -0.132520951041163 0.0362936649168171
0.124813977629152 0.433426023191586 0.000730438336561508 0.114501828131716
0.347278301660393 0.279998684998208 0.0662954894333866 0.0189221137733141
0.395687964921364 0.104186554374753 0.0519953123888527 -0.0395087027642978
0.398794723752609 0.070830170202845 0.0411290149681055 -0.0774117147471031
0.400162622820442 0.130505914132791 0.0655208177181939 -0.103714352284633
0.404579947549431 0.326606113342053 0.108634406207619 -0.0879680200304175
0.141455062033261 0.514688459499737 0.157861756883766 0.0188861628763215
-0.297584141879566 0.451975793412423 0.122019737770033 0.140546504585743
-0.629195844177804 0.0038038068643565 -0.0880540613208404 0.145639532930288
-0.436938482343756 -0.524099034730138 -0.13559498864943 0.0154665492861632
-0.0407132725243624 -0.722181683902237 0.0297442140333843 -0.0812313926176415
-0.0665251729673144 -0.585091013696575 -0.119962653686289 0.399745043831787
-0.405727410367511 -0.366330379927541 0.171134632666078 0.0813064530063764
-0.489240695481839 0.031314188838694 0.00666885519022397 -0.097533291554481
-0.211194401786772 0.3724901836803 -0.157189903334087 0.0292040811946651
0.101832269820327 0.412473207165336 0.000221370668724733 0.205890559004843
0.314110730763567 0.273784635414876 0.172495587144627 0.111015913725904
0.365070247737249 0.120267830013976 0.204774707657906 0.015140617706985
0.358395159580233 0.0959705260908306 0.194693560548109 -0.0365485803595698
0.344600505691263 0.14624451266081 0.206739256827225 -0.0560983760343341
0.319973604776639 0.297806215049846 0.205081375683232 -0.0198338347771411
0.0878636335271149 0.421819587611466 0.186083230225496 0.0876701464132154
-0.251287242625608 0.322940672465503 0.11678529685968 0.154565861133707
-0.462762552759513 -0.0296311267968324 -0.0133935857869644 0.150700713557715
-0.326212503204975 -0.40913708172545 -0.051124344444194 0.117981062190199
-0.0362561375669716 -0.590968437607129 0.0381224617580863 0.134013781314625
-0.084307046116525 -0.448423874800538 -0.0835068626212818 0.60984080078107
-0.334572245967525 -0.256485596288406 0.290488536001782 0.202245229336068
-0.358111284522971 0.0398423584923636 0.0819823890848244 -0.0986699511663612
-0.158736615098696 0.269920624068833 -0.163392549857866 0.0215645645735057
0.0535046832765923 0.305921708826957 -0.00418353852220557 0.279299277855361
0.220065199634656 0.217802245046929 0.258246792392561 0.200195389079927
0.274964688535407 0.117835271580563 0.332841324756194 0.0732480817698394
0.26482785290793 0.108510733757882 0.319027168946695 0.00875797575286993
0.238841561015134 0.140305636422245 0.306107043075904 -0.003579993801585
0.184401918343776 0.228738493658523 0.254059070057076 0.0358227666332768
0.0118716023238935 0.268713619935126 0.177606765583399 0.117123247239839
-0.178759383572972 0.142226489792122 0.0966186529490915 0.134116622534688
-0.227400165663272 -0.0682522425710118 0.0484626951595732 0.128673444545475
-0.160976590658989 -0.237179363089477 0.0140201939704589 0.175063767865212
-0.0276599392392962 -0.37151414549653 0.0489526085712596 0.282752883735705
-0.0825804435420559 -0.232046587021216 -0.055589886332309 0.748654137462319
-0.194208505031443 -0.100023394906019 0.364821824111538 0.301091346567131
-0.153091107806817 0.0356241548268125 0.14551172541467 -0.0880278270159716
-0.0754669990308709 0.110807848095336 -0.152003854122969 0.00113952534366886
-0.00470854261661281 0.141250296267173 -0.0211720310278976 0.31519815435586
0.0852098734609573 0.123965988648857 0.300724754372778 0.268964378457584
0.137592100792355 0.0962875873251447 0.413588025613552 0.12522288985318
0.131532727053301 0.104273585322154 0.395280511834717 0.0519470541085236
0.104595214555475 0.115360384559774 0.355045148433121 0.0461340659316849
0.0357050357589357 0.138180879675867 0.255481925400322 0.0757742629940237
-0.0597068177566754 0.106570014696512 0.139801591485682 0.113107873828043
-0.0983334978567259 -0.0202512500162868 0.068801240251283 0.0892122468493715
-0.00969758750270462 -0.0816321789628388 0.0923153340915857 0.0919668403697952
-0.0112462625312166 -0.0534123810692509 0.0573874097697365 0.190674604306752
-0.0235927153586782 -0.120159116718866 0.0625546481987221 0.354548218325843
0.0486048559965274 -0.0681945891520295 -0.056164334232186 -0.417056948292127
-0.0559189124459622 -0.0898556993419875 -0.143146781858494 -0.219329598947559
-0.123701311011082 0.0333817216560297 -0.131017083072614 -0.0819594137385064
-0.0016102326721305 0.112927334082411 -0.0490660667001231 -0.00392083325831313
0.0880883196204646 0.0583653536027313 -0.0407147946245207 -0.093981238491557
0.0821363084119062 -0.0123350210840278 -0.200984525315588 -0.128221920104988
0.0332803546462546 -0.0628436029994107 -0.331512567435327 -0.119031436135573
0.0254504116264647 -0.0733792064423781 -0.382660602914387 -0.138753953398065
0.0385841653369215 -0.0468936676717234 -0.379844996394593 -0.195152652329098
0.0747498018848691 -0.00906279333460332 -0.245981461077491 -0.294394663497528
0.0563005278660626 0.0357328424434455 0.00174280959369627 -0.285766905437951
-0.0240743131353442 0.065705946949868 0.110015065305778 -0.0316870609449076
-0.0864212861764399 -0.0164404220375289 -0.134404955757122 0.014714598467627
0.00766145927287016 -0.093687992992471 -0.193552244075893 -0.293310189681506
0.0720968215674258 -0.0398178771542198 0.156665202701809 -0.695810269824419
0.0740956529653042 -0.246736244574689 -0.0652721287623109 -0.366695265278845
-0.105489438889492 -0.210846641451248 -0.133747217035481 -0.223156022620904
-0.217796560996717 -0.0150483655246915 -0.146513947781402 -0.0718834442132887
-0.0792228065997991 0.168424061558012 -0.0540461962830104 0.0285825006439935
0.0840134340271769 0.172767471179037 -0.0114349099305386 -0.0657800914687461
0.163711464136488 0.0902791564897873 -0.157566435887381 -0.129730792505241
0.156885308384585 -0.00223560832364398 -0.287739343963411 -0.134307201129511
0.168843282951866 -0.0218939569846453 -0.334905182606583 -0.156663601363392
0.183077531697868 0.024865286045992 -0.326237504198831 -0.21130958578965
0.201721905372283 0.132426759195829 -0.19582734500895 -0.286936786947981
0.073326879402176 0.23090664843101 0.0343910187072294 -0.243368795868576
-0.154304485907159 0.214586962324835 0.105406428152269 0.00554470691250157
-0.317803098416521 -0.0370455314504982 -0.170544493910241 0.0266439873763433
-0.140753834690102 -0.305895974028632 -0.208438210208162 -0.288536829756846
0.074604241243839 -0.326897698124328 0.142047232278094 -0.640255152284174
0.0862841627261363 -0.405089433806706 -0.0839298213490148 -0.261004902256024
-0.160684424944494 -0.318690875262846 -0.110631209958962 -0.207265138626536
-0.309205870841363 -0.0579129079488134 -0.14807504799001 -0.0742182983065216
-0.158375156833447 0.218408647145733 -0.073958341447191 0.0398768564267404
0.07198883223779 0.280309914800339 -0.00313522098581536 -0.0265887587517249
0.227960740567713 0.187706293942235 -0.101277530244663 -0.103708780412366
0.261916609777962 0.0593366396959883 -0.203953379956284 -0.123775440058195
0.286439990405057 0.032983162368463 -0.236575372026358 -0.150551342772759
0.297364930107301 0.0938006229939196 -0.22048698549443 -0.197190012918904
0.30230615242387 0.256691103468746 -0.112002873474757 -0.244682056213484
0.0802032080719071 0.399712692548795 0.0725145757829954 -0.175559100401945
-0.272224793572399 0.338452100323815 0.107731068233977 0.0470589277010679
-0.515580970526621 -0.0569921866653215 -0.173880397227818 0.0569157112010637
-0.272258600034161 -0.480479940753987 -0.203958998754002 -0.223039243295746
0.0706415651194237 -0.564620220077282 0.116060804537354 -0.494116667289973
0.0777237826960111 -0.525828171292367 -0.104662083137168 -0.0986675267555935
-0.234555704296195 -0.401274632847303 -0.0556790916422929 -0.154530196273107
-0.406706184129944 -0.0775395209760255 -0.12360738995149 -0.0894983207214244
-0.228227535963491 0.278794158299879 -0.104875501110375 0.0302364460202873
0.0615541392521336 0.375254366431527 -0.0114700157591092 0.0296075107904847
0.274662626800584 0.266490874421951 -0.031610436444507 -0.0459620974018483
0.335142706914515 0.113187075377734 -0.087953161704578 -0.0875979794173384
0.35875470733431 0.0830154022534453 -0.101320472379925 -0.120393031157846
0.361760968597026 0.147594135859225 -0.0805010756816194 -0.156635101118285
0.355335456426487 0.340645143807343 -0.0045095674445725 -0.173057440297085
0.0816168901171249 0.505965700252297 0.114499145213883 -0.0836560542631839
-0.343803517342057 0.412013313045318 0.110495814261259 0.0922194967448695
-0.62774080174206 -0.06734711911406 -0.141094432262628 0.0985517102988207
-0.353815943173613 -0.575589473774425 -0.169624209060185 -0.10716253310754
0.0609645849245548 -0.702687050811643 0.084011833376114 -0.279085928491102
0.0531170211936127 -0.583537127776716 -0.118895448095421 0.110457207157069
-0.304612023268911 -0.43641537442933 0.0374679562585597 -0.0590146237040784
-0.477999474013869 -0.0670214356731397 -0.0688584055080748 -0.108001403448077
-0.266430090796485 0.328849386169132 -0.138341117925041 0.0141118442578569
0.0522248465564819 0.428619581046913 -0.0261327761163712 0.106358532751113
0.29017056577128 0.309071093342037 0.0532677599148689 0.0390690070665363
0.362362154746269 0.148183082882218 0.0487917373991719 -0.0306607534306828
0.37473123677706 0.119192952219195 0.0490201030958225 -0.0722872810666348
0.366879901942804 0.179405129436538 0.0691437783783972 -0.0996639782843648
0.345837617606118 0.361610803153705 0.105707755719833 -0.0885696673685285
0.0668947916242522 0.510890784675942 0.152886039723355 0.0129846268007207
-0.348427068826777 0.394692968066118 0.111121021481757 0.131584000681858
-0.605653465642937 -0.0734496879143455 -0.0823569408679333 0.134591772751803
-0.35289719874084 -0.55930133563609 -0.108377423960639 0.024720266804182
0.0481501534233585 -0.704623659867116 0.0551789841607892 -0.0428591407703074
0.0175397550163924 -0.553097343806858 -0.122725651612721 0.338665174837686
-0.326425630796747 -0.397234873398525 0.151008704935632 0.0672295527684574
-0.463514461844002 -0.0404582835582335 0.00390102989491699 -0.114884174605055
-0.254534002606926 0.31722778058172 -0.162202457946415 0.00500468686915269
0.0324011007148437 0.404832139498354 -0.0367397532802917 0.192973797321431
0.256789464555202 0.297895661665343 0.14339129717024 0.136324109662849
0.333831896367892 0.158902832959797 0.18804639052049 0.0384069672675439
0.335003502012985 0.138916790143701 0.192235660688066 -0.0138542719286264
0.311105397309179 0.184361968543647 0.200446399276326 -0.0354395739007732
0.269297931490164 0.322958049212833 0.192358773845753 -0.00928422837737345
0.0290163604697259 0.413692417531191 0.170914712578739 0.0870857352239091
-0.286514403553472 0.277948095254658 0.102088507648216 0.148282835245214
-0.44261636556587 -0.087258218150276 -0.0171206459820634 0.1473130941787
-0.260353387755433 -0.436442510526879 -0.0445913119500006 0.13018324110631
0.0370539042268446 -0.579033765847803 0.0336643374687868 0.16257978983107
-0.0173077747532838 -0.428423417490392 -0.122559080131708 0.541685626917969
-0.275981774147786 -0.283832288610881 0.248175791863161 0.199248475681691
-0.342391380291734 -0.0146629822353882 0.0762541502476188 -0.100923069919035
-0.190236247943405 0.228684074250577 -0.164322517857367 -0.00160353342844567
0.0024243516577864 0.29802125423565 -0.0450575235547288 0.261827348883635
0.174863040080962 0.233429901488359 0.215389066040539 0.226375415460341
0.248381890061909 0.144071540343783 0.304786150875992 0.107286116068162
0.243186871978622 0.137930126169167 0.30689637646629 0.0454329609336397
0.210352411611948 0.16466655613639 0.292866693739148 0.0291103418729703
0.147517832005699 0.240334483948435 0.23444437822281 0.0545312253036036
-0.023419190572268 0.257411280812625 0.158757741732371 0.121823793991943
-0.19275927342372 0.112968181272355 0.0825730955761736 0.132399823953411
-0.212484785964103 -0.0966906207227885 0.0371142080806144 0.131908151596136
-0.122174612388641 -0.251603839101434 0.00347018231158888 0.186154473253616
0.0212242740496636 -0.365490425481482 0.0215770048783348 0.299795876744693
-0.0442037447641143 -0.227032396219379 -0.125596429106022 0.681147431303059
-0.166287214978531 -0.12031515821366 0.306710895700487 0.310963849671635
-0.149989375567288 0.00957526759423711 0.138544384940297 -0.0731127136250814
-0.0885335158046602 0.0923196208722764 -0.148039403906054 -0.0154614366461178
-0.028387884938821 0.134244987386791 -0.0594196168437694 0.295238453526239
0.059772089400286 0.127553477605032 0.251217357780145 0.291785374143882
0.12013455607074 0.106775239841411 0.378035750119357 0.164588158323406
0.116109928348211 0.11711548168035 0.375020415631905 0.0973423611610693
0.0852395109670937 0.122488530606632 0.33589346818232 0.0847646851502279
0.0169505758250812 0.136386610771563 0.234259831948923 0.0985887811565663
-0.0709293622100097 0.09408595966096 0.121312001244974 0.121203569485458
-0.0945845876591559 -0.0326703556871271 0.0582325296838689 0.0897109440602246
-0.00226779837810224 -0.0842288916256979 0.0773373473973587 0.0990037379907728
-0.00114489582833866 -0.0575784607713212 0.0365409462063531 0.197493493120158
-0.00453111719362747 -0.122915585584242 0.0210074236528022 0.359967025194712
0.0459324022069558 -0.0663117758991636 -0.0445502141892628 -0.41045678620109
-0.0540965639641173 -0.0886487335130505 -0.14007550892963 -0.217243382792958
-0.119589249075814 0.0318292873230652 -0.130047526455699 -0.0785351911265477
-0.001726371852156 0.110025228417608 -0.0456265000494597 -0.000366818009430658
0.0859871494665952 0.0565076788995032 -0.033182785290106 -0.0916584060080593
0.0814055573543128 -0.0119735977591156 -0.189945588014798 -0.126999148935189
0.0315620496385784 -0.0599066752285853 -0.32110991263381 -0.122332745467837
0.0242829060820841 -0.0714616413251017 -0.376515311163911 -0.142810084175614
0.0389763791360742 -0.0465921611584936 -0.370760436930943 -0.198467852699219
0.0737411329780735 -0.00917255202014917 -0.238795838655877 -0.293261108658493
0.0548745323039483 0.0350296212077236 0.00583169933020612 -0.282673501105882
-0.0237808004806333 0.0635212221644698 0.11166059011978 -0.0322255173119001
-0.0833840102166915 -0.0169397117363958 -0.125541554673361 0.0107925750704871
0.00779368107547656 -0.0902552953855413 -0.178389993853992 -0.292646514635939
0.0687274008235169 -0.0370492574723878 0.168339511882667 -0.674241100979089
0.0761751606744654 -0.240920624227517 -0.054362644116081 -0.361813077141609
-0.099744151814415 -0.208104328299398 -0.131340101393133 -0.221058146438882
-0.211327136143431 -0.0182507265598386 -0.14417883309362 -0.0692558234654824
-0.0783870023226531 0.161294102153094 -0.0501692504057543 0.0320241802660619
0.079955988995984 0.168659400724691 -0.00435745059073999 -0.063966032878684
0.159070958381837 0.0894465578567235 -0.148398555913818 -0.12908659447263
0.151782244290601 0.00129518930952104 -0.279000171568242 -0.136306043881795
0.164674166649989 -0.0176823967001886 -0.330663133566016 -0.160022202546573
0.179431061953592 0.0266974382053524 -0.318795030704861 -0.213574728146081
0.196409018368176 0.131969528047558 -0.18972644266746 -0.286019595769535
0.0682954856332895 0.227347092951403 0.0375895877725049 -0.241525717376322
-0.155985646835799 0.205943531200613 0.107148545699325 0.0038058816591602
-0.310762906611034 -0.0443470060315539 -0.162528801022458 0.0236673467734411
-0.132259862961074 -0.303313686521446 -0.194052187745877 -0.285654126981483
0.078405050609591 -0.319382155669611 0.153011239649157 -0.618675646122292
0.0931186372631227 -0.395219983550323 -0.0760570117142924 -0.259697795493487
-0.150074714489507 -0.313971221019023 -0.109158730742856 -0.205484863184334
-0.300391418777397 -0.0632303923797982 -0.146745126234383 -0.0729576310646294
-0.157237653693438 0.209631517125918 -0.0688293954836399 0.0421971914093747
0.0659409607076525 0.274544838930247 0.00413081421553263 -0.0248593923874265
0.220320627104641 0.186303026210572 -0.094966236229963 -0.102987902838533
0.253845862060465 0.0641189058267448 -0.196950112580683 -0.125616919661881
0.279055128979176 0.0389018463400154 -0.234138583141548 -0.151602212663987
0.290459433235743 0.096987188845813 -0.215770203097842 -0.197495780477259
0.293092078562469 0.255351170877188 -0.109698161961514 -0.243048950309603
0.0727940283052282 0.393498437106821 0.0744873477870249 -0.175331514557571
-0.273001831049248 0.32566024724972 0.107353865222132 0.0439901493733782
-0.504477593465935 -0.0683824866031575 -0.167744914672246 0.0541336690823292
-0.255482319545823 -0.480303681014432 -0.1900115242019 -0.219896874273202
0.0799718181110059 -0.550681634434334 0.125579799757452 -0.473204983160303
0.0898958413725163 -0.513063841407145 -0.100676042515171 -0.102249384530128
-0.22189525330942 -0.396938440198904 -0.0567092850683885 -0.153707280574977
-0.397870476097553 -0.0848895860014597 -0.120670249124383 -0.0881598049574613
-0.227387416951269 0.267192585966268 -0.098927407205317 0.0327567027856495
0.0543900132780251 0.366777018453078 -0.00633104304436725 0.0307104295513665
0.265583570665966 0.265071891172071 -0.0287736632474154 -0.0464058259496484
0.324533994437446 0.117235966634407 -0.0840783852973023 -0.0884926559113994
0.349616067489255 0.0902098621928395 -0.100894626879373 -0.120557871902641
0.352474812016958 0.152216119729972 -0.0792524203172738 -0.156136352982748
0.344638148848751 0.337096254521171 -0.00613459050278118 -0.17090959648546
0.0724545539295069 0.497580421020325 0.113374700162789 -0.0853500499930537
-0.345948719079476 0.397212817475736 0.10902847514979 0.0870806219621486
-0.61727004406931 -0.0845458326192731 -0.13877331076533 0.0955400199951814
-0.333726413745853 -0.576296072853268 -0.158659280373873 -0.104493546502075
0.075453826483465 -0.685704481972746 0.0912744245797335 -0.263594157941868
0.068500016706869 -0.571218010041634 -0.11889262948431 0.103481808443685
-0.288778303383997 -0.432937276175946 0.0326889348169253 -0.0583523718000436
-0.467349629585071 -0.0780248285910283 -0.0667953888032358 -0.10550073445607
-0.266656498418093 0.3150315455025 -0.131814557911441 0.0167727623650152
0.0430440771236052 0.420306726744994 -0.021227172712502 0.106523398501992
0.278002229397626 0.307956131659123 0.0525084425540928 0.0375364636338697
0.350564146683335 0.152480769109467 0.0491890857349669 -0.02968126162161
0.365777574174943 0.127456584176058 0.0472556254099425 -0.0707925269413309
0.355763736135926 0.183459763221666 0.0666050272239196 -0.0974493313070999
0.334406502094692 0.358759391082277 0.100958654062554 -0.0861713370754164
0.0584227256078933 0.502010868809234 0.14826115628304 0.0102372132985326
-0.348816497393285 0.37935471221907 0.106346334400197 0.12510988089387
-0.595254826399097 -0.0883093760263647 -0.0833686571381643 0.130471936689416
-0.332488481596426 -0.558954157627237 -0.101804924215238 0.0272489539216926
0.0644128959366939 -0.690636115035004 0.0549141376781368 -0.0323893584207339
0.0351607615923895 -0.543456270737115 -0.129809575183454 0.327208524007489
-0.309990588634995 -0.396672415872721 0.141096783062876 0.0667990326847247
-0.454512638288385 -0.0534212515535459 0.00371758474938254 -0.111611470671842
-0.258083968822169 0.303585451879761 -0.156223537302385 0.00740304401613198
0.0248146600329226 0.398911220996558 -0.034686448427092 0.191309245540119
0.245151545941647 0.296482847688172 0.138298113574443 0.134219091767202
0.323606685330143 0.162087152297395 0.185203713702229 0.0404989747960859
0.326706749921796 0.144330079364618 0.188186369584975 -0.0106598259492849
0.301848528929171 0.188352797032769 0.195036166645627 -0.0316290083317165
0.25922982936623 0.320304284273623 0.184040048827965 -0.00701674994139414
0.0228031647600171 0.40670058071082 0.164613029274097 0.0834574057612072
-0.286310863827348 0.267047284893955 0.0978389388765918 0.141809315707865
-0.434728636349294 -0.097396725021658 -0.0207787907593167 0.14292818477783
-0.243287297604627 -0.43681560004629 -0.0418211693843893 0.131872368905243
0.0510159138908323 -0.568112786229819 0.0282802157626148 0.166709550655597
-0.00221147270446049 -0.421827443771978 -0.135176006546491 0.526602975055839
-0.261053585599475 -0.286462371396199 0.234280513310378 0.198213995907041
-0.336975220791174 -0.0254224380792774 0.0740319631957067 -0.0967592598842061
-0.192378097367879 0.21953887140323 -0.160673460620861 0.000801258199208111
-0.00362624295570454 0.293835329055661 -0.0460331134938866 0.26060565631789
0.166333894111882 0.232384628517026 0.207176066733392 0.223786276859157
0.241362947645211 0.146416444453506 0.298330598764484 0.110132951346865
0.237869288907948 0.142024080894024 0.300657624741578 0.0499586787213332
0.203827634376186 0.16627251218674 0.284125792537861 0.0328246560192881
0.141666215196001 0.237836793787601 0.224971241750221 0.0565430298136349
-0.0273301664051765 0.252082141182358 0.150601432559661 0.118391904676958
-0.1916365116039 0.107369473434286 0.0772048714856236 0.125533026524758
-0.208254220736547 -0.101425535098083 0.0329075989683646 0.12754616607964
-0.111866996679556 -0.252361722608515 0.0037196025600291 0.186810994782047
0.0304668260449731 -0.357804525384917 0.0130945852537956 0.297376303697968
-0.033731878088362 -0.223904078531899 -0.141518759507873 0.66154292237666
-0.158274592049482 -0.121470221142107 0.289679130855215 0.308507826670646
-0.148585519134714 0.00357556243823279 0.1340740438038 -0.0685920453123673
-0.0897969675093924 0.0881468466688949 -0.146505861908614 -0.013159480412859
-0.0308406730183286 0.132874824545622 -0.0617202015704809 0.292513502268255
0.0554538633637599 0.127052061538318 0.241637532646269 0.288414566355289
0.117061895351714 0.106385957270808 0.369937870569699 0.168456309962465
0.11333794470631 0.117872691008547 0.368375760194761 0.102073792682785
0.081900775830748 0.122275946289849 0.326489174787615 0.0895239994211795
0.014548916892549 0.134340056123029 0.223541688068853 0.1006870953489
-0.071155336865214 0.0915034729496547 0.113544867795565 0.117802979038256
-0.0932795362437322 -0.0326898103935742 0.053870774701597 0.084402571660595
-0.00285173190337039 -0.0841129849539396 0.0736803631910144 0.0949740347816809
0.00298678339841155 -0.0592425923256115 0.0357090543618306 0.196816219753825
0.00173623320365456 -0.12157708836988 0.0118470371993557 0.353740641080339
0.0459707177537524 -0.0656919678184734 -0.0295788196621743 -0.419008391979319
-0.0537868604509269 -0.0901178648663694 -0.139030131993642 -0.224252615851398
-0.120484050811253 0.0298721809720652 -0.132995474351517 -0.0791205919999794
-0.00365723566891246 0.110150935498229 -0.0436309277122687 0.00222164020142514
0.0853294393980961 0.0577484917979049 -0.0261262063840569 -0.0936326251637004
0.0831199996886202 -0.01111793850704 -0.183632741006521 -0.132564231049257
0.03224190816607 -0.058585237045238 -0.322207771086919 -0.133716353029175
0.0246390876602304 -0.0717764591994333 -0.382510829184493 -0.155605416703633
0.0399634734193636 -0.047952544692629 -0.373776740828935 -0.212572168852868
0.0752156398863014 -0.00945934365969321 -0.237082362016389 -0.305149468621745
0.0554691521587027 0.0359735868924537 0.0119768826052346 -0.289334335571517
-0.0247095459869245 0.0639508861077691 0.117535643237203 -0.0333683177862779
-0.0832061226074283 -0.0187575731406152 -0.122662591310584 0.00633855597611844
0.00962560791256534 -0.0897799927493765 -0.166244272012974 -0.303200270889423
0.0685587064137416 -0.0358854857888231 0.196663076167983 -0.674704957252066
0.0839730129873608 -0.242244217495535 -0.0425318648799412 -0.369797518824373
-0.0957369772956619 -0.212342026484343 -0.130730019237581 -0.228001176718832
-0.211851072742208 -0.0230547679324252 -0.147362500170865 -0.0719620679129834
-0.0825560399359501 0.159902654933326 -0.0483287898694889 0.0339706962187709
0.0777069060919753 0.171611984430764 0.00254239730834576 -0.0647948763310303
0.159327749220639 0.0932369633379417 -0.143278409205068 -0.13375801774136
0.152533324022252 0.00731462564434811 -0.278442214121226 -0.147188510017459
0.16649945795744 -0.0118194318283743 -0.336663855657572 -0.171133366751095
0.181455808340556 0.0315690848974678 -0.321550392872778 -0.227192450933975
0.1963487514125 0.137266103033202 -0.187902942748896 -0.296142185426747
0.0625325123703586 0.231600618621021 0.0442565410752099 -0.248091679363543
-0.163632305447357 0.203648406425489 0.11239961995558 0.00302018709024121
-0.314877914745796 -0.0557999226276942 -0.16097875471078 0.0198701049203614
-0.125235508916363 -0.312681089300529 -0.182029830331324 -0.293956776852812
0.088647660190871 -0.320869178155205 0.17790747993831 -0.616525776850406
0.10671859107679 -0.398535428237132 -0.0678765023015939 -0.267930676581676
-0.143603313932319 -0.321659754845548 -0.109783469833828 -0.212560754178909
-0.302636645799059 -0.0734005844570244 -0.148396855047384 -0.0757816939180399
-0.163663876045773 0.206233127781068 -0.0665152850505606 0.044314207603372
0.0603005629297426 0.278388001901867 0.0108244649688503 -0.0243518851640404
0.219329619835876 0.192590377056479 -0.0906998834542145 -0.107216395176514
0.253917799407431 0.0740422277572798 -0.196326711352341 -0.133016573070409
0.281928921248986 0.04905114893813 -0.237575580609614 -0.160878740889307
0.292466357603867 0.106781208001135 -0.217673695158627 -0.208706918797069
0.290760567025643 0.266106406450325 -0.107275327998965 -0.251394954719313
0.0628924287365708 0.401672843507585 0.0799914284524166 -0.180843677230726
-0.287628602676609 0.32135095942982 0.110925045563144 0.0430807667213234
-0.511855952353532 -0.0872504647492954 -0.168321742713433 0.0516602118688306
-0.244659417538817 -0.496375521645901 -0.17940437064699 -0.226279736235906
0.0986724360931203 -0.55725896369386 0.143880492416154 -0.467826050953533
0.110174696479126 -0.519610227392279 -0.0983583570085468 -0.108728823834763
-0.211518997935127 -0.410620104806061 -0.0581939611683842 -0.158754556687634
-0.401853269493273 -0.0986169794671926 -0.122678256593736 -0.0907340379609882
-0.237138282362069 0.263243910298796 -0.0966585848543564 0.0345416481814931
0.0462291779560355 0.373760458862187 -3.7144680261094E-05 0.0316610901619763
0.261321537719269 0.273570736784873 -0.0262885390751865 -0.0482884695362049
0.324857344914306 0.130123340949403 -0.0821421735748244 -0.0926089722665166
0.352805229955895 0.103341459979646 -0.102735696448644 -0.125761747410924
0.355389263660094 0.165551595016017 -0.0795238811748537 -0.162622817507462
0.343255804871902 0.350657966161894 -0.0054507829419134 -0.175605211302137
0.0592891467206037 0.507258578873164 0.116823258942355 -0.0887920581139096
-0.363704463373251 0.391171900448668 0.109733413635956 0.0862871561735012
-0.626926405701241 -0.105548396869871 -0.140613803302496 0.0945098205525408
-0.321407897406427 -0.59875522616266 -0.150185974672195 -0.106229474807486
0.100677076191329 -0.693416364928449 0.100777216473698 -0.256215169548796
0.0912961172970166 -0.579312758029869 -0.124862523147187 0.0984144555324066
-0.274962757691221 -0.450284095412996 0.0286382612961859 -0.0600269448343952
-0.473788846243632 -0.0958268082148487 -0.0671797825903411 -0.107355601436799
-0.280596964635119 0.310019593196842 -0.13097895496248 0.0181211093305086
0.032314748721565 0.428176706429674 -0.0185459404421876 0.109769297241524
0.272115955745409 0.319558639835411 0.0532994155737545 0.0381423906800998
0.350254437888337 0.1664735009652 0.0520817476067689 -0.0290889486908335
0.369203843565354 0.142543001661171 0.0479581025422575 -0.0710246841762218
0.358908807399746 0.197155485405126 0.0673036012609001 -0.0982190112075931
0.331760643219335 0.373118705246128 0.100335709145337 -0.0861783433125365
0.0462975527434289 0.510933789037687 0.148819641552497 0.00959018294078514
-0.365008372930005 0.373695199145462 0.104907830851543 0.124868927945135
-0.60440225552565 -0.110791629321919 -0.0866210544612899 0.131272987056515
-0.319898968124086 -0.583098758335964 -0.09752266925021 0.0297197734545949
0.0873695407267227 -0.698852961382398 0.057697204074674 -0.0245300045134924
0.0573650263269216 -0.553171661471639 -0.14359885796156 0.326112582849148
-0.299311465759337 -0.413888062373326 0.135769178715558 0.0704360687046055
-0.46219010947086 -0.0718181134153394 0.00429711854754037 -0.112048357004974
-0.270298955584833 0.300476627974175 -0.15624887531588 0.00823213350669014
0.0141067839416346 0.407293813894838 -0.0347378110041183 0.196773722354025
0.241601002807324 0.307825068113393 0.136921612544384 0.138582865976734
0.32341007337641 0.174715816724139 0.187874637220075 0.04586560261184
0.329765358990248 0.158653483571143 0.191330732641392 -0.00635763050824258
0.30207419231536 0.200689568401704 0.196205201216878 -0.0275881105529125
0.255530909638124 0.330187996301276 0.182864380334826 -0.00230491612547974
0.0140239149775121 0.413987082954177 0.162280718737459 0.0843431321438088
-0.298705179336933 0.261430413310459 0.0935248178752091 0.14133843060092
-0.440447949093244 -0.114733178352303 -0.024934180764193 0.14515884934334
-0.231886390986329 -0.454786528445153 -0.0405076550371717 0.136935169549383
0.0712430987586088 -0.574307687059565 0.0242045455621132 0.174674589712783
0.016349379649847 -0.429559825978206 -0.155844824173757 0.528477565762906
-0.253315487480986 -0.299136570933605 0.22613989321383 0.206224658330251
-0.341891887192199 -0.040095574249703 0.074951351803366 -0.095902763099372
-0.203387035471539 0.215945862660201 -0.162189866223502 0.00133195640867452
-0.0126255997951432 0.300594934638621 -0.04921384695883 0.268268081048133
0.162246430210186 0.242481074670131 0.205643763677919 0.232195798110334
0.241044975293536 0.155625101394284 0.302591671698455 0.120463714875182
0.239996775750604 0.152181725629435 0.305617653218058 0.0584626444952566
0.203126014494664 0.176112897600868 0.286829382920404 0.0408185972606777
0.13882177631996 0.244687253409189 0.22272059684607 0.0634527282270836
-0.0330692203931497 0.254992876764676 0.147102346853299 0.120865667726948
-0.198636007179471 0.104095117237887 0.0734264574461255 0.124509827767086
-0.210878596916326 -0.111609075251611 0.0292024113842481 0.12985586716469
-0.105459925720409 -0.262674514660584 0.00320314428207801 0.193100404166438
0.0448354492191608 -0.362885358692928 0.00436568729978343 0.304671606098686
-0.0235636568862586 -0.229398851232078 -0.167273765062612 0.66601126710087
-0.154042615599547 -0.129435871394981 0.279082473971441 0.319804500579986
-0.151935623051521 -0.00449746739947855 0.13502616255988 -0.065448767278281
-0.0944343966329782 0.0861209629798656 -0.149868523717679 -0.0140393540404376
-0.035411688716054 0.13611854554838 -0.0685450040559639 0.300603705305671
0.0528162752152554 0.132344461265681 0.237629186406192 0.299331715589167
0.116492061042093 0.110736930785177 0.372656701502341 0.180493397641372
0.114504262548334 0.123844456260538 0.374249038714823 0.114088850606327
0.0805565735435356 0.12829639696288 0.328797179225167 0.0999883685291493
0.0118082915891769 0.137271920463076 0.220744580152685 0.10770107770025
-0.0743677765273496 0.0921837566369493 0.109100985639515 0.120136072828464
-0.0946682792203025 -0.0348414597388895 0.0507735600921837 0.083521064498129
-0.00249654872279153 -0.08730321595035 0.0721747614365802 0.0963556317430341
0.00681941864071372 -0.0626350542494164 0.0344070122317324 0.203700403899351
0.00811879658686426 -0.124480898721317 0.00120185642732053 0.359613110351207
