TRXV5
3
4
4
9
string Extension=J
integer IsArchMeasurement=1
integer IsSpherical=1
string Generator=SPM
string GeneratorVersion=1.3.1 Dev
double ArchRadius=0.449999988079071
integer FrequencyAxisIndex=0
integer AzimuthAxisIndex=1
integer ElevationAxisIndex=2
Frequency
5 136 690000000 960000000 LIN
Azimuth
7 8 0 2.74889357189107 LIN
Elevation
7 15 -2.74889357189107 2.74889357189107 LIN
Polar H Real Part
13
Polar H Imaginary Part
14
Polar V Real Part
13
Polar V Imaginary Part
14
Polar H Magnitude (dB)
12 0xC0000002 0 1
Polar H Phase
7 0xC0000003 0 1
Polar V Magnitude (dB)
12 0xC0000002 2 3
Polar V Phase
7 0xC0000003 2 3
0.134452819824219 -0.0843963623046875 0.396240234375 -0.07598876953125
0.0557861328125 -0.1539306640625 0.185028076171875 -0.13836669921875
-0.0911712646484375 -0.0846405029296875 -0.092010498046875 -0.0227127075195312
-0.104766845703125 0.010528564453125 -0.0653533935546875 0.190826416015625
-0.0662574768066406 0.041473388671875 0.10748291015625 0.240005493164063
-0.0422172546386719 0.0698127746582031 0.2872314453125 0.18939208984375
-0.0109977722167969 0.0693397521972656 0.3916015625 0.062103271484375
-0.0314216613769531 0.0629692077636719 0.40020751953125 -0.006317138671875
-0.0586509704589844 0.0609207153320313 0.368682861328125 0.022918701171875
-0.080291748046875 0.028533935546875 0.292572021484375 0.112152099609375
-0.0722427368164063 -0.031646728515625 0.180862426757813 0.139511108398438
-0.0378875732421875 -0.0771942138671875 0.0727157592773438 0.110176086425781
0.0611114501953125 -0.0934219360351563 0.104347229003906 0.0312728881835937
0.164306640625 -0.0354461669921875 0.3734130859375 0.040985107421875
0.190750122070312 0.046295166015625 0.49859619140625 0.338775634765625
-0.0982666015625 -0.163116455078125 0.4024658203125 -0.092071533203125
-0.1610107421875 -0.154876708984375 0.188919067382813 -0.149490356445313
-0.23480224609375 -0.00506591796875005 -0.060089111328125 -0.0409889221191406
-0.17242431640625 0.148300170898438 -0.0386810302734375 0.15277099609375
-0.0451202392578125 0.179290771484375 0.10955810546875 0.188568115234375
0.073272705078125 0.180191040039063 0.278244018554688 0.1466064453125
0.133277893066406 0.118507385253906 0.3621826171875 0.0245361328125
0.0984573364257813 0.106796264648438 0.369903564453125 -0.04107666015625
0.0872955322265625 0.118858337402344 0.35101318359375 -0.01055908203125
0.0473251342773437 0.130966186523438 0.293731689453125 0.085784912109375
-0.0138168334960937 0.108970642089844 0.1885986328125 0.111846923828125
-0.0560531616210937 0.08416748046875 0.100723266601563 0.0940170288085938
-0.0765762329101563 0.0255661010742187 0.163665771484375 0.031890869140625
-0.0576286315917969 -0.011474609375 0.4166259765625 0.063690185546875
-0.0548477172851563 -0.00337982177734376 0.531219482421875 0.367431640625
-0.31951904296875 -0.207672119140625 0.345611572265625 -0.129241943359375
-0.354583740234375 -0.115692138671875 0.154556274414062 -0.159027099609375
-0.339324951171875 0.09051513671875 -0.0321922302246094 -0.0517997741699219
-0.20452880859375 0.271881103515625 -0.00793457031250002 0.101837158203125
-0.00939941406249999 0.289306640625 0.100112915039063 0.113197326660156
0.181365966796875 0.259521484375 0.23406982421875 0.081268310546875
0.257843017578125 0.148269653320313 0.280258178710938 -0.01788330078125
0.214065551757812 0.135574340820313 0.283172607421875 -0.071502685546875
0.224685668945313 0.162994384765625 0.277862548828125 -0.04443359375
0.16864013671875 0.22247314453125 0.249740600585938 0.0435333251953125
0.040863037109375 0.245803833007813 0.170639038085937 0.0611114501953125
-0.0777587890625 0.243377685546875 0.122962951660156 0.0582427978515625
-0.222000122070313 0.136550903320313 0.214553833007813 0.0316925048828125
-0.281524658203125 0.000915527343750037 0.41070556640625 0.09100341796875
-0.2952880859375 -0.0628662109375 0.48724365234375 0.36651611328125
-0.499603271484375 -0.20440673828125 0.232421875 -0.163619995117188
-0.501434326171875 -0.0351867675781249 0.090667724609375 -0.152099609375
-0.386383056640625 0.197174072265625 -0.00669097900390627 -0.0540924072265625
-0.191009521484375 0.368865966796875 0.0206718444824219 0.0370140075683594
0.042755126953125 0.357208251953125 0.0744476318359375 0.0245513916015625
0.26904296875 0.294342041015625 0.154159545898438 0.00703430175781252
0.344268798828125 0.15283203125 0.156753540039063 -0.0539398193359375
0.295867919921875 0.145172119140625 0.152069091796875 -0.0895538330078125
0.326416015625 0.185272216796875 0.159652709960938 -0.0735626220703125
0.2618408203125 0.28570556640625 0.162857055664063 -0.0126800537109375
0.083709716796875 0.3511962890625 0.12518310546875 -0.00994873046874998
-0.097320556640625 0.37237548828125 0.131538391113281 0.00385284423828127
-0.343719482421875 0.222625732421875 0.243194580078125 0.0231781005859375
-0.46630859375 0.00302124023437502 0.350128173828125 0.115814208984375
-0.4892578125 -0.11572265625 0.371795654296875 0.330352783203125
-0.61114501953125 -0.16558837890625 0.0758972167968749 -0.18597412109375
-0.580078125 0.0611572265624999 0.00471496582031246 -0.121604919433594
-0.378082275390625 0.28863525390625 0.0112991333007812 -0.0476112365722656
-0.13909912109375 0.420684814453125 0.0366477966308594 -0.0303230285644531
0.099700927734375 0.373046875 0.0288619995117188 -0.0601539611816406
0.325531005859375 0.279998779296875 0.0492668151855469 -0.0594673156738281
0.379974365234375 0.129730224609375 0.0101547241210938 -0.07763671875
0.33306884765625 0.1326904296875 -0.00260925292968747 -0.0940322875976562
0.375579833984375 0.179656982421875 0.012908935546875 -0.0962982177734375
0.31024169921875 0.301849365234375 0.0465469360351563 -0.0759811401367187
0.111297607421875 0.396942138671875 0.0581893920898438 -0.0923309326171875
-0.102569580078125 0.43780517578125 0.122413635253906 -0.0616073608398437
-0.4078369140625 0.266571044921875 0.242172241210938 0.00863647460937502
-0.57049560546875 0.00292968749999989 0.239471435546875 0.124679565429687
-0.60443115234375 -0.14892578125 0.201904296875 0.259735107421875
-0.63348388671875 -0.113525390625 -0.104507446289063 -0.19305419921875
-0.5765380859375 0.1339111328125 -0.0906677246093751 -0.0741348266601562
-0.3231201171875 0.332855224609375 0.0169486999511719 -0.0335197448730468
-0.073638916015625 0.413604736328125 0.0330963134765625 -0.090545654296875
0.1407470703125 0.336944580078125 -0.0324478149414063 -0.126693725585937
0.334075927734375 0.228363037109375 -0.0671539306640625 -0.104721069335938
0.360992431640625 0.087799072265625 -0.137847900390625 -0.082275390625
0.317840576171875 0.099334716796875 -0.156097412109375 -0.0846710205078125
0.3614501953125 0.146820068359375 -0.135879516601562 -0.109565734863281
0.30364990234375 0.2635498046875 -0.0759506225585938 -0.135704040527344
0.11541748046875 0.36749267578125 -0.01434326171875 -0.167556762695312
-0.087982177734375 0.413421630859375 0.100563049316406 -0.121536254882812
-0.3902587890625 0.261138916015625 0.212295532226562 -0.00688171386718748
-0.56634521484375 0.0039672851562499 0.1005859375 0.121612548828125
-0.6182861328125 -0.148193359375 0.00932312011718745 0.170639038085938
-0.55609130859375 -0.06195068359375 -0.281524658203125 -0.197662353515625
-0.488800048828125 0.15399169921875 -0.185836791992188 -0.0292510986328125
-0.240875244140625 0.305267333984375 0.00441646575927733 -0.0152139663696289
-0.017974853515625 0.34185791015625 0.0120849609375 -0.129440307617187
0.148101806640625 0.257339477539063 -0.0951995849609375 -0.165206909179688
0.2869873046875 0.15020751953125 -0.175552368164062 -0.123947143554687
0.288330078125 0.03936767578125 -0.263916015625 -0.070068359375
0.254104614257813 0.051910400390625 -0.28472900390625 -0.062347412109375
0.2864990234375 0.08770751953125 -0.260452270507813 -0.10943603515625
0.245025634765625 0.174514770507813 -0.178787231445312 -0.178970336914063
0.105224609375 0.262161254882813 -0.0731658935546875 -0.219085693359375
-0.046630859375 0.30999755859375 0.076141357421875 -0.162750244140625
-0.286163330078125 0.212249755859375 0.164306640625 -0.016265869140625
-0.457366943359375 0.0196533203125 -0.0364761352539063 0.111335754394531
-0.535003662109375 -0.107940673828125 -0.172286987304688 0.0814056396484375
-0.392547607421875 -0.01580810546875 -0.426361083984375 -0.207977294921875
-0.33355712890625 0.126953125 -0.269760131835938 -0.00654602050781254
-0.141571044921875 0.21759033203125 -0.0257549285888672 0.0017986297607422
0.019989013671875 0.220535278320312 -0.019775390625 -0.145523071289063
0.1220703125 0.148178100585938 -0.147735595703125 -0.175872802734375
0.1944580078125 0.0621337890625 -0.259628295898438 -0.121551513671875
0.171875 -0.0111083984375 -0.35101318359375 -0.0461730957031249
0.150131225585938 -0.00238037109375 -0.36883544921875 -0.031036376953125
0.166778564453125 0.0142974853515625 -0.34173583984375 -0.095489501953125
0.153213500976563 0.0533294677734375 -0.243392944335938 -0.197921752929687
0.0886688232421875 0.115036010742188 -0.107254028320313 -0.236190795898438
0.0164947509765625 0.163009643554688 0.0562896728515625 -0.175521850585938
-0.12939453125 0.14947509765625 0.112541198730469 -0.0137786865234375
-0.276153564453125 0.054443359375 -0.142181396484375 0.102554321289062
-0.37664794921875 -0.0349426269531251 -0.311920166015625 0.0128784179687499
0.136192321777344 -0.11175537109375 0.385589599609375 -0.125152587890625
0.0362396240234375 -0.17919921875 0.166488647460938 -0.16705322265625
-0.112419128417969 -0.081268310546875 -0.100303649902344 -0.01739501953125
-0.116226196289063 0.0261306762695313 -0.05255126953125 0.19781494140625
-0.0690765380859375 0.0597801208496094 0.126754760742188 0.233749389648438
-0.0330810546875 0.08837890625 0.306610107421875 0.16766357421875
0.001922607421875 0.0835647583007812 0.3983154296875 0.0245361328125
-0.0216751098632812 0.0788040161132813 0.3997802734375 -0.04815673828125
-0.051177978515625 0.0826873779296875 0.373138427734375 -0.016937255859375
-0.0844192504882813 0.0493392944335938 0.305877685546875 0.083587646484375
-0.087249755859375 -0.0211334228515625 0.200408935546875 0.123519897460937
-0.056671142578125 -0.0793838500976563 0.0900039672851562 0.1092529296875
0.0522003173828125 -0.113395690917969 0.108871459960938 0.03375244140625
0.17462158203125 -0.06646728515625 0.3729248046875 0.01324462890625
0.2139892578125 0.0181884765625 0.522491455078125 0.302703857421875
-0.104537963867188 -0.167892456054688 0.394287109375 -0.144500732421875
-0.180419921875 -0.157958984375 0.171173095703125 -0.1806640625
-0.248611450195312 0.00947570800781248 -0.06915283203125 -0.0409584045410156
-0.169174194335938 0.170394897460937 -0.0291595458984375 0.155364990234375
-0.033447265625 0.195465087890625 0.124343872070313 0.176422119140625
0.0932464599609375 0.185272216796875 0.29180908203125 0.1190185546875
0.150833129882813 0.116348266601563 0.3631591796875 -0.014404296875
0.113258361816406 0.108955383300781 0.3634033203125 -0.084442138671875
0.102203369140625 0.123825073242188 0.351348876953125 -0.053131103515625
0.0552978515625 0.137046813964844 0.306610107421875 0.052215576171875
-0.014190673828125 0.113250732421875 0.20855712890625 0.091766357421875
-0.0570907592773438 0.083587646484375 0.120506286621094 0.0878677368164063
-0.0729904174804688 0.019073486328125 0.1717529296875 0.026397705078125
-0.0458641052246094 -0.0204200744628906 0.422027587890625 0.030792236328125
-0.0377693176269531 -0.00617599487304687 0.56298828125 0.3280029296875
-0.330657958984375 -0.18743896484375 0.338623046875 -0.179901123046875
-0.367950439453125 -0.09765625 0.138351440429688 -0.189544677734375
-0.341094970703125 0.11474609375 -0.0427398681640625 -0.0573616027832031
-0.188873291015625 0.295166015625 -0.00215911865234377 0.0980682373046875
0.01422119140625 0.299102783203125 0.107826232910156 0.0985183715820313
0.207839965820313 0.250946044921875 0.238021850585938 0.0523681640625
0.276443481445313 0.130477905273438 0.273208618164063 -0.0518798828125
0.231292724609375 0.1236572265625 0.271560668945313 -0.109222412109375
0.243362426757812 0.150253295898438 0.273529052734375 -0.083282470703125
0.188430786132813 0.213531494140625 0.26007080078125 0.00895690917968751
0.0569610595703125 0.244476318359375 0.187973022460937 0.0390472412109375
-0.0610198974609375 0.246826171875 0.142440795898438 0.04754638671875
-0.20758056640625 0.144866943359375 0.22662353515625 0.017913818359375
-0.272048950195313 0.0155181884765625 0.424346923828125 0.05828857421875
-0.287322998046875 -0.04168701171875 0.52569580078125 0.330169677734375
-0.51287841796875 -0.162750244140625 0.226608276367187 -0.2064208984375
-0.5032958984375 0.00234985351562495 0.076873779296875 -0.178070068359375
-0.37628173828125 0.226318359375 -0.0167808532714844 -0.0645332336425781
-0.16143798828125 0.38739013671875 0.0201053619384766 0.029348373413086
0.07452392578125 0.357666015625 0.0728836059570313 0.00962066650390627
0.298065185546875 0.271453857421875 0.149749755859375 -0.01837158203125
0.36077880859375 0.121612548828125 0.144271850585938 -0.078399658203125
0.313568115234375 0.120574951171875 0.136772155761719 -0.116096496582031
0.34722900390625 0.15667724609375 0.150314331054688 -0.103759765625
0.29052734375 0.263153076171875 0.16851806640625 -0.0419464111328125
0.11419677734375 0.346343994140625 0.135887145996094 -0.0319900512695312
-0.066070556640625 0.38031005859375 0.147628784179687 -0.0104217529296875
-0.322906494140625 0.245697021484375 0.2587890625 0.00352478027343752
-0.461181640625 0.039306640625 0.369842529296875 0.08721923828125
-0.49359130859375 -0.0725708007812499 0.411041259765625 0.304840087890625
-0.624755859375 -0.10809326171875 0.072052001953125 -0.214447021484375
-0.5706787109375 0.1142578125 -0.00154876708984377 -0.139915466308594
-0.35284423828125 0.320831298828125 0.00263977050781248 -0.0614891052246094
-0.099609375 0.433685302734375 0.0299224853515625 -0.0412712097167968
0.13482666015625 0.36279296875 0.02069091796875 -0.0733642578125
0.35113525390625 0.246063232421875 0.0378494262695313 -0.0774307250976562
0.391937255859375 0.091217041015625 -0.00537872314453123 -0.0880279541015625
0.34765625 0.0986328125 -0.0190200805664062 -0.105171203613281
0.395965576171875 0.1405029296875 -0.000717163085937486 -0.111900329589844
0.342498779296875 0.269927978515625 0.044769287109375 -0.0958633422851562
0.149871826171875 0.386993408203125 0.0591201782226563 -0.11065673828125
-0.060638427734375 0.447235107421875 0.131889343261719 -0.07879638671875
-0.381805419921875 0.30084228515625 0.257476806640625 -0.01568603515625
-0.57080078125 0.053466796875 0.262405395507812 0.106033325195313
-0.61651611328125 -0.0904541015625 0.2369384765625 0.249740600585937
-0.646484375 -0.0474853515625 -0.10498046875 -0.204299926757812
-0.561798095703125 0.194183349609375 -0.0889358520507813 -0.082061767578125
-0.2899169921875 0.363555908203125 0.0107383728027344 -0.0489578247070312
-0.02874755859375 0.419891357421875 0.0217742919921875 -0.101058959960937
0.175628662109375 0.31854248046875 -0.046295166015625 -0.1339111328125
0.355621337890625 0.186004638671875 -0.0820083618164062 -0.111274719238281
0.366485595703125 0.0455322265625 -0.15264892578125 -0.0770111083984375
0.32818603515625 0.062286376953125 -0.1715087890625 -0.078643798828125
0.376983642578125 0.10247802734375 -0.152175903320313 -0.108291625976562
0.331878662109375 0.22705078125 -0.085052490234375 -0.143798828125
0.15606689453125 0.353057861328125 -0.023162841796875 -0.17987060546875
-0.04290771484375 0.421844482421875 0.10174560546875 -0.139701843261719
-0.3624267578125 0.296539306640625 0.224990844726563 -0.031524658203125
-0.56915283203125 0.0623779296874999 0.123802185058594 0.115447998046875
-0.636474609375 -0.0819702148437499 0.0366363525390624 0.178909301757813
-0.5709228515625 -0.000427246093750049 -0.281036376953125 -0.189178466796875
-0.475677490234375 0.214508056640625 -0.178604125976563 -0.025726318359375
-0.207733154296875 0.334991455078125 0.00164413452148436 -0.0286388397216797
0.02410888671875 0.344085693359375 -0.00318145751953124 -0.138145446777344
0.180191040039063 0.237396240234375 -0.112411499023438 -0.16375732421875
0.303131103515625 0.110931396484375 -0.191421508789062 -0.117294311523438
0.2880859375 -0.000732421875 -0.27642822265625 -0.049285888671875
0.257659912109375 0.018280029296875 -0.296478271484375 -0.04052734375
0.29345703125 0.04864501953125 -0.276565551757812 -0.09307861328125
0.264358520507813 0.138671875 -0.1937255859375 -0.174407958984375
0.136749267578125 0.246261596679687 -0.089508056640625 -0.223602294921875
-0.00674438476562503 0.312713623046875 0.0704498291015625 -0.176773071289062
-0.259109497070313 0.241683959960938 0.173126220703125 -0.0364227294921875
-0.457763671875 0.0717773437499999 -0.0150833129882813 0.119003295898437
-0.551971435546875 -0.0457763671875001 -0.154678344726563 0.107208251953125
-0.408355712890625 0.0312805175781251 -0.429840087890625 -0.1812744140625
-0.327880859375 0.17486572265625 -0.260910034179688 0.00782775878906246
-0.117996215820312 0.243148803710938 -0.0269603729248047 -0.00709342956542967
0.0522918701171875 0.22296142578125 -0.0379180908203125 -0.149383544921875
0.14752197265625 0.131179809570313 -0.167007446289062 -0.165359497070313
0.20416259765625 0.029296875 -0.27386474609375 -0.100967407226563
0.167068481445313 -0.04180908203125 -0.359954833984375 -0.0123291015624999
0.147491455078125 -0.0280914306640625 -0.37579345703125 0.00271606445312504
0.165634155273438 -0.014617919921875 -0.354217529296875 -0.06671142578125
0.16009521484375 0.0239105224609375 -0.259933471679688 -0.183395385742188
0.106353759765625 0.097625732421875 -0.126327514648437 -0.23455810546875
0.043975830078125 0.157394409179688 0.0469207763671875 -0.186492919921875
-0.104049682617187 0.16693115234375 0.119209289550781 -0.0272293090820312
-0.271896362304688 0.0943145751953125 -0.123863220214844 0.123321533203125
-0.3900146484375 0.0171508789062499 -0.303680419921875 0.0550231933593749
0.127899169921875 -0.136566162109375 0.350433349609375 -0.163604736328125
0.00936889648437501 -0.195648193359375 0.137619018554687 -0.18536376953125
-0.131416320800781 -0.0706939697265625 -0.105384826660156 -0.00971221923828123
-0.120323181152344 0.0452194213867187 -0.0395050048828125 0.197555541992188
-0.0646209716796875 0.0768814086914063 0.1387939453125 0.218063354492188
-0.0177459716796875 0.102188110351563 0.311431884765625 0.14019775390625
0.019927978515625 0.0924453735351562 0.385040283203125 -0.00924682617187499
-0.00539398193359375 0.0902252197265625 0.3800048828125 -0.084869384765625
-0.0352783203125 0.099365234375 0.35906982421875 -0.05224609375
-0.079345703125 0.0706405639648437 0.303497314453125 0.05224609375
-0.097412109375 -0.00535583496093752 0.208816528320312 0.101547241210937
-0.075775146484375 -0.0742263793945313 0.104667663574219 0.10113525390625
0.0359573364257813 -0.128128051757813 0.111846923828125 0.0351333618164062
0.171539306640625 -0.098358154296875 0.355010986328125 -0.00808715820312501
0.223678588867187 -0.01617431640625 0.519195556640625 0.259552001953125
-0.1080322265625 -0.1693115234375 0.35931396484375 -0.18853759765625
-0.19598388671875 -0.156204223632813 0.14178466796875 -0.200942993164063
-0.25408935546875 0.026702880859375 -0.0778579711914063 -0.037628173828125
-0.159683227539063 0.1873779296875 -0.0202789306640625 0.151275634765625
-0.0196380615234375 0.20306396484375 0.12994384765625 0.159072875976563
0.110443115234375 0.183212280273438 0.28875732421875 0.089752197265625
0.164443969726563 0.109390258789063 0.34356689453125 -0.046173095703125
0.126182556152344 0.106269836425781 0.33807373046875 -0.119537353515625
0.114395141601562 0.124107360839844 0.330291748046875 -0.0908203125
0.0622100830078125 0.139755249023438 0.302093505859375 0.016204833984375
-0.0151443481445312 0.116317749023438 0.21624755859375 0.0652008056640625
-0.0593795776367187 0.081329345703125 0.135658264160156 0.0747146606445312
-0.0705642700195312 0.00864410400390626 0.175201416015625 0.019378662109375
-0.0359153747558594 -0.0345420837402344 0.409149169921875 0.002105712890625
-0.0199928283691406 -0.0167598724365234 0.567138671875 0.27960205078125
-0.32733154296875 -0.16741943359375 0.30804443359375 -0.222137451171875
-0.36883544921875 -0.0785217285156249 0.110610961914062 -0.209518432617188
-0.331939697265625 0.13336181640625 -0.0536575317382813 -0.0583953857421875
-0.164764404296875 0.305999755859375 0.000267028808593748 0.0913009643554688
0.03509521484375 0.29638671875 0.106208801269531 0.080657958984375
0.2242431640625 0.232254028320313 0.227874755859375 0.02496337890625
0.28375244140625 0.10906982421875 0.251022338867188 -0.0785064697265625
0.2398681640625 0.1064453125 0.242416381835938 -0.137191772460938
0.252853393554688 0.132461547851563 0.250198364257813 -0.1168212890625
0.198455810546875 0.197967529296875 0.253494262695312 -0.02630615234375
0.0680389404296875 0.234695434570313 0.192977905273438 0.010894775390625
-0.045623779296875 0.239608764648437 0.155807495117188 0.0305328369140625
-0.188003540039062 0.143081665039063 0.231597900390625 0.00305175781250001
-0.253005981445313 0.0225372314453126 0.4188232421875 0.027069091796875
-0.266433715820313 -0.0254211425781251 0.53814697265625 0.283721923828125
-0.50140380859375 -0.1217041015625 0.202133178710937 -0.241897583007813
-0.487457275390625 0.0347900390625001 0.0551605224609375 -0.196365356445312
-0.350250244140625 0.24407958984375 -0.029937744140625 -0.0706024169921875
-0.128509521484375 0.3892822265625 0.016815185546875 0.0209503173828125
0.09881591796875 0.34234619140625 0.0651512145996094 -0.00552368164062498
0.30938720703125 0.23895263671875 0.132804870605469 -0.03875732421875
0.3599853515625 0.08917236328125 0.121856689453125 -0.0938491821289063
0.31585693359375 0.09295654296875 0.110610961914063 -0.133308410644531
0.351348876953125 0.1243896484375 0.127403259277344 -0.127174377441406
0.30255126953125 0.231048583984375 0.159469604492188 -0.0710601806640625
0.136474609375 0.326141357421875 0.136283874511719 -0.0561676025390625
-0.032958984375 0.368743896484375 0.15673828125 -0.030517578125
-0.290283203125 0.253662109375 0.262664794921875 -0.0184783935546875
-0.43768310546875 0.0658569335937501 0.37457275390625 0.055877685546875
-0.470733642578125 -0.03387451171875 0.43109130859375 0.265655517578125
-0.60516357421875 -0.0527343749999999 0.0583343505859374 -0.238662719726563
-0.53717041015625 0.15423583984375 -0.0137786865234375 -0.154403686523438
-0.315032958984375 0.333160400390625 -0.00969696044921877 -0.071014404296875
-0.06024169921875 0.423980712890625 0.0207748413085937 -0.0485267639160156
0.158294677734375 0.33673095703125 0.00794219970703125 -0.0821304321289062
0.355804443359375 0.202850341796875 0.0195236206054688 -0.0882110595703125
0.38275146484375 0.050872802734375 -0.0237197875976562 -0.0911178588867188
0.342376708984375 0.064178466796875 -0.0390472412109375 -0.108345031738281
0.392486572265625 0.0987548828125 -0.0196990966796875 -0.121635437011719
0.354705810546875 0.22747802734375 0.0346527099609375 -0.113533020019531
0.17724609375 0.3602294921875 0.0537338256835938 -0.12738037109375
-0.018218994140625 0.434112548828125 0.133827209472656 -0.097442626953125
-0.341949462890625 0.3138427734375 0.261077880859375 -0.04150390625
-0.543121337890625 0.0949707031250001 0.273605346679687 0.0800018310546875
-0.59600830078125 -0.0347290039062499 0.262237548828125 0.225341796875
-0.62518310546875 0.0158081054687499 -0.1064453125 -0.213470458984375
-0.517242431640625 0.240234375 -0.0883865356445313 -0.0913848876953125
-0.243988037109375 0.3739013671875 0.000900268554687489 -0.0607147216796875
0.0125732421875 0.402923583984375 0.00796508789062501 -0.106521606445312
0.197357177734375 0.28558349609375 -0.0603866577148438 -0.13433837890625
0.35406494140625 0.14141845703125 -0.0977249145507812 -0.110687255859375
0.35125732421875 0.00555419921875 -0.162857055664062 -0.0665283203125
0.318267822265625 0.026885986328125 -0.18182373046875 -0.0674896240234375
0.368408203125 0.059783935546875 -0.1656494140625 -0.102218627929688
0.340240478515625 0.181488037109375 -0.095489501953125 -0.147308349609375
0.1827392578125 0.322967529296875 -0.0343780517578125 -0.186935424804687
0.00158691406250004 0.40667724609375 0.09661865234375 -0.154647827148437
-0.317169189453125 0.312591552734375 0.226272583007812 -0.056976318359375
-0.54339599609375 0.109375 0.141448974609375 0.0999755859375
-0.61895751953125 -0.01800537109375 0.065338134765625 0.17376708984375
-0.553497314453125 0.0589599609375 -0.27105712890625 -0.180038452148437
-0.43548583984375 0.259033203125 -0.165618896484375 -0.0276641845703125
-0.165191650390625 0.344696044921875 -0.00547790527343751 -0.0404624938964843
0.0638427734375 0.326812744140625 -0.0186996459960937 -0.138359069824219
0.199050903320313 0.203781127929688 -0.125946044921875 -0.15521240234375
0.297454833984375 0.0673828125 -0.200531005859375 -0.104949951171875
0.268585205078125 -0.0364227294921875 -0.276351928710938 -0.02691650390625
0.244308471679687 -0.0128631591796875 -0.29559326171875 -0.0164489746093749
0.282012939453125 0.0107421875 -0.281646728515625 -0.0725402832031251
0.264892578125 0.0976104736328125 -0.202468872070313 -0.16558837890625
0.156539916992188 0.217117309570313 -0.103103637695313 -0.22125244140625
0.030242919921875 0.295623779296875 0.0600433349609375 -0.186798095703125
-0.21929931640625 0.255172729492188 0.173583984375 -0.057586669921875
-0.432373046875 0.117462158203125 0.00729370117187498 0.116905212402344
-0.53790283203125 0.0179443359375 -0.125633239746094 0.124069213867188
-0.400177001953125 0.078887939453125 -0.414031982421875 -0.158447265625
-0.30023193359375 0.21441650390625 -0.2418212890625 0.0139923095703126
-0.085968017578125 0.255462646484375 -0.0301380157470703 -0.01641845703125
0.0827178955078125 0.21099853515625 -0.053863525390625 -0.145462036132812
0.161590576171875 0.104873657226563 -0.17828369140625 -0.146957397460938
0.198150634765625 -0.004058837890625 -0.27630615234375 -0.0774993896484375
0.148757934570312 -0.06781005859375 -0.350067138671875 0.0195922851562499
0.132484436035156 -0.0506668090820313 -0.364349365234375 0.0346679687500001
0.150039672851563 -0.040435791015625 -0.350433349609375 -0.0369873046875
0.151718139648438 -0.00665283203125 -0.266998291015625 -0.164306640625
0.114883422851563 0.0729217529296875 -0.13995361328125 -0.224563598632813
0.0675506591796875 0.139305114746094 0.034698486328125 -0.190933227539063
-0.0726470947265625 0.170730590820313 0.12005615234375 -0.0414810180664062
-0.249832153320313 0.129974365234375 -0.097442626953125 0.133598327636719
-0.376800537109375 0.0715637207031249 -0.274948120117188 0.0886993408203125
0.11505126953125 -0.15521240234375 0.30828857421875 -0.181182861328125
-0.0182952880859375 -0.201400756835938 0.106964111328125 -0.188262939453125
-0.14501953125 -0.0573883056640625 -0.108299255371094 -0.00239562988281251
-0.120323181152344 0.0631027221679688 -0.0322418212890625 0.193023681640625
-0.0572738647460937 0.0908279418945313 0.140960693359375 0.2032470703125
-0.00156402587890624 0.1102294921875 0.30438232421875 0.1195068359375
0.0383834838867187 0.0951995849609375 0.364532470703125 -0.028411865234375
0.0118255615234375 0.094940185546875 0.352447509765625 -0.10247802734375
-0.016265869140625 0.110244750976563 0.334808349609375 -0.07171630859375
-0.0694046020507813 0.0882644653320313 0.290985107421875 0.031982421875
-0.10272216796875 0.0111312866210938 0.2083740234375 0.082550048828125
-0.08978271484375 -0.064666748046875 0.112991333007813 0.091705322265625
0.0192108154296875 -0.137153625488281 0.115325927734375 0.0389633178710937
0.160568237304688 -0.126113891601563 0.3338623046875 -0.013336181640625
0.222320556640625 -0.04754638671875 0.496795654296875 0.234710693359375
-0.107864379882813 -0.173507690429688 0.317138671875 -0.2091064453125
-0.207595825195312 -0.154434204101563 0.109634399414062 -0.2064208984375
-0.255752563476562 0.0396881103515625 -0.084747314453125 -0.0328598022460937
-0.150299072265625 0.19769287109375 -0.016845703125 0.145095825195313
-0.00871276855468752 0.206924438476562 0.1268310546875 0.143997192382812
0.122589111328125 0.179290771484375 0.274993896484375 0.0700531005859375
0.172943115234375 0.102828979492188 0.31695556640625 -0.062591552734375
0.135223388671875 0.10260009765625 0.304901123046875 -0.135772705078125
0.125244140625 0.123687744140625 0.302032470703125 -0.11236572265625
0.067108154296875 0.143020629882812 0.285980224609375 -0.00872802734374999
-0.0182952880859375 0.119552612304688 0.213775634765625 0.0417938232421875
-0.0645751953125 0.0791015625 0.143264770507813 0.060455322265625
-0.0723037719726563 -0.00497436523437499 0.17694091796875 0.0164337158203125
-0.0301933288574219 -0.0536308288574219 0.3895263671875 -0.00885009765625
-0.006072998046875 -0.0335121154785156 0.548980712890625 0.2462158203125
-0.312896728515625 -0.157135009765625 0.26885986328125 -0.243118286132813
-0.36279296875 -0.0703125 0.0815429687499999 -0.216552734375
-0.32171630859375 0.14019775390625 -0.0641975402832031 -0.0571136474609375
-0.14935302734375 0.3062744140625 -0.00140380859375001 0.084716796875
0.046356201171875 0.288787841796875 0.0975494384765625 0.0676422119140625
0.229415893554688 0.217529296875 0.208084106445313 0.00918579101562502
0.281890869140625 0.0941162109375 0.222702026367188 -0.0906219482421875
0.239959716796875 0.0952301025390625 0.2098388671875 -0.14886474609375
0.252914428710937 0.120635986328125 0.2203369140625 -0.133987426757813
0.198348999023438 0.185897827148438 0.236343383789063 -0.0517120361328125
0.0687255859375 0.225341796875 0.188674926757812 -0.0126190185546875
-0.041290283203125 0.226638793945313 0.162109375 0.013397216796875
-0.174850463867188 0.129440307617188 0.231338500976562 -0.00648498535156249
-0.233261108398437 0.0151214599609375 0.403564453125 0.00897216796875
-0.239654541015625 -0.025390625 0.52874755859375 0.247100830078125
-0.471527099609375 -0.0984191894531251 0.172286987304687 -0.2623291015625
-0.459197998046875 0.0457763671874999 0.03204345703125 -0.204498291015625
-0.328338623046875 0.24334716796875 -0.0430374145507813 -0.0713043212890625
-0.107757568359375 0.378143310546875 0.0100030899047851 0.0152072906494141
0.107208251953125 0.324493408203125 0.0525665283203125 -0.014739990234375
0.306243896484375 0.215240478515625 0.111961364746094 -0.0489654541015625
0.346771240234375 0.0687255859375 0.0972671508789063 -0.0994949340820312
0.30670166015625 0.074737548828125 0.0828781127929688 -0.137977600097656
0.34149169921875 0.10302734375 0.101158142089844 -0.137840270996094
0.29974365234375 0.2060546875 0.143585205078125 -0.0922393798828125
0.141693115234375 0.30450439453125 0.130119323730469 -0.0762939453125
-0.018646240234375 0.348175048828125 0.1591796875 -0.048248291015625
-0.264404296875 0.2420654296875 0.2603759765625 -0.0341339111328125
-0.408050537109375 0.07086181640625 0.36572265625 0.03448486328125
-0.435211181640625 -0.0163269042968749 0.431732177734375 0.231475830078125
-0.5654296875 -0.0198974609374999 0.0422210693359375 -0.256683349609375
-0.49530029296875 0.167877197265625 -0.0273895263671875 -0.165145874023438
-0.282806396484375 0.324859619140625 -0.0233154296875 -0.076446533203125
-0.037261962890625 0.4017333984375 0.009613037109375 -0.0527534484863281
0.163604736328125 0.310302734375 -0.00563812255859374 -0.0862503051757812
0.34197998046875 0.173126220703125 0.000518798828125027 -0.091583251953125
0.360260009765625 0.028167724609375 -0.0403518676757812 -0.0886459350585938
0.3270263671875 0.043121337890625 -0.0573348999023437 -0.105445861816406
0.37469482421875 0.070953369140625 -0.0384521484375 -0.123771667480469
0.346405029296875 0.1934814453125 0.0220565795898438 -0.126678466796875
0.18646240234375 0.331939697265625 0.0448760986328125 -0.140670776367187
0.00378417968749996 0.407379150390625 0.132179260253906 -0.112861633300781
-0.30682373046875 0.3056640625 0.256988525390625 -0.0607147216796875
-0.50823974609375 0.11224365234375 0.274871826171875 0.0590057373046875
-0.556427001953125 -0.00274658203124988 0.273895263671875 0.20074462890625
-0.58331298828125 0.05224609375 -0.10565185546875 -0.224945068359375
-0.4693603515625 0.255828857421875 -0.0897369384765625 -0.103904724121094
-0.20806884765625 0.36212158203125 -0.0116920471191406 -0.0687332153320312
0.035400390625 0.374908447265625 -0.0043792724609375 -0.10699462890625
0.2003173828125 0.252578735351563 -0.0717544555664062 -0.131744384765625
0.33319091796875 0.10870361328125 -0.110511779785156 -0.107215881347656
0.323028564453125 -0.017608642578125 -0.168212890625 -0.0583343505859375
0.297088623046875 0.005157470703125 -0.187652587890625 -0.0576171875
0.345916748046875 0.030487060546875 -0.174331665039063 -0.0955963134765625
0.327392578125 0.14501953125 -0.103927612304688 -0.150238037109375
0.191497802734375 0.290191650390625 -0.042938232421875 -0.190750122070312
0.0274658203125 0.378326416015625 0.0906982421875 -0.165069580078125
-0.279510498046875 0.306304931640625 0.220596313476562 -0.076446533203125
-0.504150390625 0.13360595703125 0.15155029296875 0.082977294921875
-0.57781982421875 0.0225219726562501 0.086273193359375 0.161514282226563
-0.517822265625 0.0972595214843749 -0.255294799804688 -0.183670043945313
-0.389190673828125 0.27850341796875 -0.15496826171875 -0.039398193359375
-0.12823486328125 0.337066650390625 -0.0137939453125 -0.0500717163085937
0.08740234375 0.299285888671875 -0.0309371948242187 -0.135261535644531
0.201202392578125 0.171493530273438 -0.132720947265625 -0.14544677734375
0.277450561523438 0.036529541015625 -0.204238891601562 -0.0952606201171875
0.239852905273437 -0.0557403564453125 -0.269546508789063 -0.0128936767578125
0.221710205078125 -0.0320892333984375 -0.28863525390625 -0.00125122070312494
0.256988525390625 -0.013580322265625 -0.279434204101563 -0.058807373046875
0.248764038085938 0.0655059814453125 -0.205703735351562 -0.158950805664063
0.160507202148438 0.186935424804688 -0.11016845703125 -0.21649169921875
0.0518035888671875 0.268951416015625 0.051605224609375 -0.191818237304687
-0.182342529296875 0.248092651367188 0.168045043945313 -0.073699951171875
-0.396209716796875 0.142852783203125 0.0257568359375 0.107505798339844
-0.50140380859375 0.061004638671875 -0.0949325561523438 0.125541687011719
-0.3795166015625 0.11334228515625 -0.389892578125 -0.1510009765625
-0.265457153320312 0.235244750976563 -0.222686767578125 0.00730895996093756
-0.057281494140625 0.25421142578125 -0.0360374450683594 -0.0253639221191406
0.102554321289063 0.192169189453125 -0.06488037109375 -0.137641906738281
0.164627075195313 0.07867431640625 -0.180221557617188 -0.131118774414062
0.182037353515625 -0.028900146484375 -0.269577026367188 -0.0610809326171874
0.123390197753906 -0.0824737548828125 -0.331085205078125 0.0376281738281249
0.112373352050781 -0.0627059936523438 -0.345245361328125 0.052825927734375
0.128288269042969 -0.0553741455078125 -0.338104248046875 -0.0197448730468751
0.133956909179688 -0.02880859375 -0.2635498046875 -0.15093994140625
0.113052368164063 0.0489959716796875 -0.144317626953125 -0.213623046875
0.0807952880859375 0.116127014160156 0.02606201171875 -0.190383911132813
-0.0451202392578125 0.163299560546875 0.11688232421875 -0.05255126953125
-0.219924926757813 0.150390625 -0.0716552734375 0.132331848144531
-0.349029541015625 0.108062744140625 -0.237625122070313 0.103683471679688
0.103195190429688 -0.17010498046875 0.271499633789063 -0.181854248046875
-0.041900634765625 -0.205108642578125 0.08319091796875 -0.182266235351563
-0.155715942382813 -0.0444183349609375 -0.11090087890625 0.00425720214843751
-0.119949340820313 0.0782546997070312 -0.03094482421875 0.190093994140625
-0.04888916015625 0.103118896484375 0.137039184570312 0.19659423828125
0.0147552490234375 0.117019653320313 0.294342041015625 0.113494873046875
0.05499267578125 0.09576416015625 0.34698486328125 -0.030487060546875
0.028045654296875 0.0971145629882813 0.329254150390625 -0.105560302734375
0.00209808349609374 0.116897583007813 0.31463623046875 -0.07867431640625
-0.0579376220703125 0.101959228515625 0.27764892578125 0.022216796875
-0.105361938476563 0.0275955200195313 0.204071044921875 0.0712127685546875
-0.101768493652344 -0.054473876953125 0.118942260742188 0.0841522216796875
0.00326538085937499 -0.143356323242188 0.121131896972656 0.0452041625976563
0.148696899414063 -0.1480712890625 0.318817138671875 -0.00476074218750001
0.217605590820312 -0.0724945068359375 0.474029541015625 0.23291015625
-0.107040405273438 -0.184494018554687 0.281494140625 -0.2137451171875
-0.219635009765625 -0.1563720703125 0.0856170654296875 -0.203903198242187
-0.260589599609375 0.0453948974609375 -0.0908050537109375 -0.0287399291992187
-0.146728515625 0.206146240234375 -0.0190277099609375 0.141357421875
-0.002593994140625 0.212356567382813 0.118003845214844 0.135818481445313
0.131622314453125 0.180313110351563 0.260421752929688 0.063140869140625
0.181060791015625 0.0994873046875 0.294891357421875 -0.06475830078125
0.143783569335938 0.102691650390625 0.2781982421875 -0.136688232421875
0.134735107421875 0.126113891601563 0.276290893554688 -0.1168212890625
0.0714263916015625 0.149856567382813 0.268783569335937 -0.0213623046875
-0.0239639282226562 0.126068115234375 0.207916259765625 0.0254669189453125
-0.0748367309570312 0.0779800415039063 0.148727416992188 0.0494384765625
-0.0793304443359375 -0.019287109375 0.181060791015625 0.0177154541015625
-0.0292892456054688 -0.0757598876953125 0.375030517578125 -0.006591796875
0.00372695922851562 -0.0545845031738281 0.5279541015625 0.23699951171875
-0.297882080078125 -0.161651611328125 0.235931396484375 -0.251998901367188
-0.3599853515625 -0.0743408203125 0.0567626953125 -0.216964721679688
-0.3211669921875 0.13970947265625 -0.0726470947265625 -0.0550384521484375
-0.1444091796875 0.305908203125 -0.00751495361328126 0.080841064453125
0.048797607421875 0.286468505859375 0.0863494873046875 0.0615234375
0.2301025390625 0.213211059570313 0.188919067382813 0.00439453125000001
0.2801513671875 0.0895843505859375 0.199569702148438 -0.0889434814453125
0.239059448242188 0.092254638671875 0.1826171875 -0.14825439453125
0.252670288085938 0.1192626953125 0.194122314453125 -0.139205932617188
0.195068359375 0.184219360351563 0.218032836914062 -0.0661468505859375
0.062652587890625 0.222885131835938 0.182159423828125 -0.0295257568359375
-0.046875 0.216659545898437 0.166580200195313 -0.000717163085937487
-0.172607421875 0.110366821289062 0.234573364257812 -0.0103607177734375
-0.221237182617188 -0.00387573242187503 0.392791748046875 0.006317138671875
-0.217864990234375 -0.0385894775390625 0.514068603515625 0.232421875
-0.44610595703125 -0.099884033203125 0.146728515625 -0.275604248046875
-0.444000244140625 0.0395812988281249 0.01153564453125 -0.20965576171875
-0.3201904296875 0.2333984375 -0.0540542602539063 -0.071563720703125
-0.103363037109375 0.367034912109375 0.000887870788574212 0.0118904113769531
0.1058349609375 0.3140869140625 0.0390052795410156 -0.0190048217773437
0.29803466796875 0.2060546875 0.0923080444335938 -0.0504531860351562
0.33514404296875 0.063262939453125 0.0758819580078125 -0.096038818359375
0.29827880859375 0.0697021484375 0.058868408203125 -0.134727478027344
0.33184814453125 0.094482421875 0.07684326171875 -0.140159606933594
0.289337158203125 0.196533203125 0.126991271972656 -0.107185363769531
0.1353759765625 0.292938232421875 0.123062133789063 -0.0928192138671875
-0.019195556640625 0.33074951171875 0.16131591796875 -0.063232421875
-0.254669189453125 0.222946166992188 0.262313842773438 -0.0438690185546875
-0.387237548828125 0.0605468750000001 0.36090087890625 0.025543212890625
-0.405242919921875 -0.0213623046874999 0.426971435546875 0.2138671875
-0.532012939453125 -0.0157470703125001 0.0280303955078125 -0.272903442382813
-0.466461181640625 0.160308837890625 -0.0401763916015625 -0.175857543945312
-0.268707275390625 0.30706787109375 -0.0361404418945313 -0.079132080078125
-0.032745361328125 0.3818359375 1.14440917968672E-05 -0.0546531677246094
0.15667724609375 0.29315185546875 -0.01861572265625 -0.087738037109375
0.3258056640625 0.161590576171875 -0.0170440673828125 -0.0909347534179687
0.340423583984375 0.022186279296875 -0.0545730590820312 -0.0833663940429687
0.31121826171875 0.037017822265625 -0.0732269287109375 -0.101387023925781
0.35845947265625 0.060882568359375 -0.0562973022460937 -0.124755859375
0.33172607421875 0.17633056640625 0.00773620605468753 -0.137351989746094
0.180877685546875 0.313079833984375 0.0381011962890625 -0.153244018554687
0.00881958007812497 0.384765625 0.131439208984375 -0.127098083496094
-0.288482666015625 0.287841796875 0.254959106445313 -0.07330322265625
-0.482269287109375 0.108184814453125 0.274520874023437 0.046234130859375
-0.51995849609375 0.00177001953125002 0.278594970703125 0.184097290039063
-0.546630859375 0.0632629394531249 -0.106796264648438 -0.243301391601563
-0.43243408203125 0.250091552734375 -0.0951690673828125 -0.120231628417969
-0.18963623046875 0.3433837890625 -0.0240554809570313 -0.0753860473632812
0.042694091796875 0.34912109375 -0.0138702392578125 -0.107185363769531
0.190826416015625 0.231491088867188 -0.0800704956054688 -0.130126953125
0.31146240234375 0.09466552734375 -0.120925903320312 -0.104179382324219
0.297149658203125 -0.022491455078125 -0.173721313476562 -0.052490234375
0.276535034179688 -0.001861572265625 -0.193511962890625 -0.0521697998046875
0.322906494140625 0.017791748046875 -0.182815551757812 -0.0931854248046875
0.3082275390625 0.125762939453125 -0.112686157226563 -0.15606689453125
0.185745239257813 0.267837524414063 -0.04815673828125 -0.198974609375
0.03436279296875 0.352203369140625 0.087158203125 -0.1756591796875
-0.258270263671875 0.28936767578125 0.216552734375 -0.0889739990234375
-0.473724365234375 0.137054443359375 0.156982421875 0.06964111328125
-0.540771484375 0.0362548828125001 0.1019287109375 0.1483154296875
-0.487060546875 0.11322021484375 -0.243011474609375 -0.200668334960938
-0.3536376953125 0.28192138671875 -0.150177001953125 -0.0578765869140625
-0.10882568359375 0.32391357421875 -0.0239982604980469 -0.0587043762207031
0.0946502685546875 0.275146484375 -0.0390625 -0.133377075195312
0.193344116210938 0.14898681640625 -0.135879516601562 -0.140335083007813
0.254470825195313 0.0211639404296875 -0.205703735351562 -0.0905609130859375
0.21282958984375 -0.0617523193359375 -0.263946533203125 -0.00816345214843755
0.200225830078125 -0.0381011962890625 -0.28369140625 0.00408935546875
0.232803344726563 -0.02337646484375 -0.278228759765625 -0.054656982421875
0.228378295898437 0.0473175048828125 -0.208816528320312 -0.159942626953125
0.155120849609375 0.163528442382813 -0.11334228515625 -0.217117309570313
0.0584564208984375 0.243820190429688 0.047576904296875 -0.1971435546875
-0.160568237304687 0.234176635742188 0.16455078125 -0.0850830078125
-0.365386962890625 0.15155029296875 0.0384292602539062 0.0948638916015625
-0.46624755859375 0.0802307128906249 -0.0690841674804688 0.118782043457031
-0.358734130859375 0.1337890625 -0.3675537109375 -0.163116455078125
-0.239013671875 0.245697021484375 -0.21136474609375 -0.0104522705078125
-0.037567138671875 0.250015258789063 -0.0447425842285156 -0.0340194702148437
0.1142578125 0.174240112304688 -0.0714035034179688 -0.132133483886719
0.161483764648437 0.0578460693359375 -0.178359985351563 -0.121917724609375
0.164794921875 -0.043701171875 -0.2623291015625 -0.0547027587890625
0.100448608398437 -0.086700439453125 -0.316925048828125 0.0418701171875
0.0929946899414063 -0.067169189453125 -0.3311767578125 0.0577392578125
0.105949401855469 -0.0620651245117188 -0.326690673828125 -0.014007568359375
0.113960266113281 -0.0427703857421875 -0.259307861328125 -0.147903442382812
0.106216430664063 0.0292892456054687 -0.143890380859375 -0.21051025390625
0.0851058959960937 0.0946884155273437 0.022674560546875 -0.190719604492187
-0.025604248046875 0.150115966796875 0.1151123046875 -0.0600967407226563
-0.193405151367188 0.160110473632812 -0.0526275634765625 0.124771118164063
-0.31866455078125 0.1319580078125 -0.204986572265625 0.104934692382813
0.0922088623046875 -0.187225341796875 0.245803833007813 -0.175918579101563
-0.0665435791015625 -0.207809448242188 0.0648040771484375 -0.174224853515625
-0.168075561523438 -0.0310821533203125 -0.116050720214844 0.0102462768554687
-0.119148254394531 0.097259521484375 -0.033172607421875 0.193801879882813
-0.04071044921875 0.11749267578125 0.134078979492188 0.198318481445312
0.0317535400390625 0.123153686523437 0.2930908203125 0.114837646484375
0.0727157592773438 0.0945281982421875 0.340606689453125 -0.028533935546875
0.04400634765625 0.0987319946289063 0.319732666015625 -0.102142333984375
0.0215988159179687 0.121673583984375 0.303497314453125 -0.078887939453125
-0.044219970703125 0.116340637207031 0.270370483398438 0.01910400390625
-0.107780456542969 0.0448837280273437 0.203659057617187 0.0635528564453125
-0.114158630371094 -0.0443267822265625 0.125724792480469 0.0783920288085938
-0.0146942138671875 -0.151077270507813 0.131881713867188 0.0525588989257813
0.13482666015625 -0.171432495117188 0.317108154296875 0.011016845703125
0.212478637695313 -0.096771240234375 0.461822509765625 0.24749755859375
-0.10986328125 -0.201568603515625 0.253158569335938 -0.214080810546875
-0.2379150390625 -0.16326904296875 0.064727783203125 -0.19915771484375
-0.270965576171875 0.0545196533203125 -0.0982666015625 -0.0249862670898438
-0.146713256835938 0.219573974609375 -0.0231781005859375 0.14288330078125
0.00413513183593752 0.223434448242188 0.110893249511719 0.136878967285156
0.144821166992188 0.185317993164063 0.250869750976563 0.06500244140625
0.194580078125 0.100479125976563 0.282318115234375 -0.06109619140625
0.156005859375 0.104629516601563 0.26092529296875 -0.133193969726563
0.148971557617188 0.13165283203125 0.258804321289063 -0.117507934570312
0.0778350830078125 0.1612548828125 0.25714111328125 -0.029388427734375
-0.028533935546875 0.139076232910156 0.20391845703125 0.01470947265625
-0.0880508422851563 0.0831298828125 0.154922485351562 0.039398193359375
-0.09283447265625 -0.0326004028320312 0.190994262695313 0.019927978515625
-0.0361099243164063 -0.101417541503906 0.37506103515625 0.00271606445312499
0.00861358642578124 -0.0798110961914063 0.520294189453125 0.2425537109375
-0.2928466796875 -0.17889404296875 0.208282470703125 -0.258407592773438
-0.3695068359375 -0.0838623046875001 0.0354156494140625 -0.216354370117188
-0.328460693359375 0.141082763671875 -0.0833892822265625 -0.0524444580078125
-0.14605712890625 0.312408447265625 -0.0146636962890625 0.0813522338867188
0.05108642578125 0.292877197265625 0.0741653442382813 0.0608596801757813
0.236618041992188 0.216262817382813 0.17657470703125 0.00791931152343751
0.286407470703125 0.090576171875 0.183212280273438 -0.0832366943359375
0.24639892578125 0.094329833984375 0.161895751953125 -0.143463134765625
0.258758544921875 0.12225341796875 0.173049926757813 -0.139862060546875
0.19671630859375 0.191085815429688 0.202682495117188 -0.0766143798828125
0.055877685546875 0.229812622070313 0.1768798828125 -0.044647216796875
-0.0585784912109375 0.215560913085938 0.171234130859375 -0.015228271484375
-0.18218994140625 0.094329833984375 0.243865966796875 -0.01416015625
-0.2216796875 -0.027435302734375 0.39453125 0.007293701171875
-0.20648193359375 -0.0605010986328125 0.51019287109375 0.230712890625
-0.431549072265625 -0.113037109375 0.1236572265625 -0.288543701171875
-0.444091796875 0.0272216796875001 -0.00938415527343752 -0.215530395507813
-0.324859619140625 0.227203369140625 -0.0670700073242188 -0.0718994140625
-0.106109619140625 0.366455078125 -0.00838947296142579 0.0117778778076172
0.101318359375 0.31671142578125 0.0251636505126953 -0.0194778442382812
0.293914794921875 0.209716796875 0.0763168334960938 -0.047454833984375
0.333648681640625 0.063812255859375 0.0593719482421875 -0.0891952514648438
0.297027587890625 0.072113037109375 0.0395660400390625 -0.1295166015625
0.330963134765625 0.09735107421875 0.055816650390625 -0.141326904296875
0.285247802734375 0.19732666015625 0.110267639160156 -0.117149353027344
0.128204345703125 0.2930908203125 0.116020202636719 -0.108840942382813
-0.027252197265625 0.3250732421875 0.164154052734375 -0.0796356201171875
-0.259048461914062 0.205337524414063 0.270050048828125 -0.05194091796875
-0.381927490234375 0.04278564453125 0.364349365234375 0.02099609375
-0.38812255859375 -0.037567138671875 0.42877197265625 0.20831298828125
-0.512115478515625 -0.023895263671875 0.0101318359375 -0.2928466796875
-0.455963134765625 0.147613525390625 -0.058258056640625 -0.188278198242188
-0.270355224609375 0.29541015625 -0.0510330200195313 -0.0820083618164063
-0.03778076171875 0.373016357421875 -0.0116729736328125 -0.0561485290527343
0.149749755859375 0.29010009765625 -0.0310592651367187 -0.0879592895507812
0.315582275390625 0.16217041015625 -0.0317153930664062 -0.0881729125976562
0.329742431640625 0.024566650390625 -0.0684051513671875 -0.07928466796875
0.304290771484375 0.0386962890625 -0.0894775390625 -0.0952606201171875
0.3485107421875 0.061065673828125 -0.0747909545898437 -0.124031066894531
0.32196044921875 0.17205810546875 -0.00851440429687499 -0.148544311523438
0.1741943359375 0.30596923828125 0.030059814453125 -0.16802978515625
0.00521850585937496 0.3740234375 0.1314697265625 -0.143997192382812
-0.2867431640625 0.271331787109375 0.259445190429688 -0.0858917236328125
-0.471832275390625 0.0991210937499999 0.279464721679687 0.0363922119140625
-0.49920654296875 -0.00491333007812502 0.286163330078125 0.17236328125
-0.5247802734375 0.0640869140624999 -0.11444091796875 -0.268234252929688
-0.41400146484375 0.2425537109375 -0.107421875 -0.137992858886719
-0.183502197265625 0.32843017578125 -0.0387344360351563 -0.0811767578125
0.040283203125 0.332855224609375 -0.0243377685546875 -0.108047485351562
0.179763793945312 0.221694946289062 -0.0907974243164063 -0.13128662109375
0.295074462890625 0.09173583984375 -0.133567810058594 -0.102561950683594
0.2811279296875 -0.0193328857421875 -0.18310546875 -0.0495147705078125
0.263641357421875 0.0001373291015625 -0.205047607421875 -0.04754638671875
0.306488037109375 0.01910400390625 -0.195816040039062 -0.092498779296875
0.294036865234375 0.1180419921875 -0.127059936523438 -0.164901733398438
0.178817749023438 0.256118774414063 -0.0569915771484375 -0.21002197265625
0.033294677734375 0.33709716796875 0.0851287841796875 -0.189224243164063
-0.250213623046875 0.27557373046875 0.217422485351562 -0.103240966796875
-0.4578857421875 0.135589599609375 0.163864135742188 0.057037353515625
-0.516998291015625 0.0389404296875001 0.116340637207031 0.136764526367187
-0.467864990234375 0.123260498046875 -0.240402221679688 -0.227752685546875
-0.330841064453125 0.28094482421875 -0.156478881835938 -0.0805816650390625
-0.0948486328125 0.311492919921875 -0.0377960205078125 -0.0666732788085938
0.0979461669921875 0.257781982421875 -0.047515869140625 -0.133460998535156
0.185638427734375 0.134414672851563 -0.140960693359375 -0.139602661132813
0.236572265625 0.0145263671875 -0.213043212890625 -0.0902099609375
0.192413330078125 -0.0596466064453125 -0.266265869140625 -0.00671386718749997
0.184432983398437 -0.0369415283203125 -0.28717041015625 0.00613403320312498
0.2130126953125 -0.0243377685546875 -0.284576416015625 -0.053558349609375
0.209091186523438 0.0394744873046875 -0.216827392578125 -0.166580200195313
0.145736694335938 0.149703979492188 -0.120101928710937 -0.224655151367188
0.0601654052734375 0.2247314453125 0.0442352294921875 -0.207504272460937
-0.1484375 0.219589233398438 0.164108276367188 -0.0967864990234375
-0.34417724609375 0.1551513671875 0.04876708984375 0.0838851928710938
-0.4400634765625 0.0909423828125 -0.048797607421875 0.108406066894531
-0.347198486328125 0.150543212890625 -0.358612060546875 -0.18682861328125
-0.217514038085938 0.255233764648438 -0.212677001953125 -0.033294677734375
-0.0215911865234375 0.247604370117188 -0.0565414428710938 -0.041595458984375
0.122955322265625 0.15887451171875 -0.0783538818359375 -0.1300048828125
0.158477783203125 0.0415496826171875 -0.17901611328125 -0.117935180664062
0.148086547851562 -0.054718017578125 -0.262466430664063 -0.0534210205078126
0.0793838500976562 -0.0877761840820313 -0.311920166015625 0.041778564453125
0.0761795043945313 -0.0677642822265625 -0.32598876953125 0.057586669921875
0.0867843627929688 -0.063079833984375 -0.3253173828125 -0.0147705078125
0.0931930541992188 -0.05059814453125 -0.263046264648437 -0.1519775390625
0.0950546264648438 0.013519287109375 -0.145736694335938 -0.214492797851562
0.0856857299804688 0.0747222900390625 0.021575927734375 -0.197616577148437
-0.0106658935546875 0.1376953125 0.114944458007812 -0.069549560546875
-0.169326782226563 0.167312622070312 -0.03802490234375 0.115257263183594
-0.2928466796875 0.14532470703125 -0.17779541015625 0.098419189453125
0.0760345458984375 -0.2078857421875 0.22357177734375 -0.168609619140625
-0.097808837890625 -0.210235595703125 0.0477294921875 -0.166885375976563
-0.18255615234375 -0.0137176513671875 -0.121917724609375 0.0192794799804688
-0.11572265625 0.118629455566406 -0.0315399169921875 0.20318603515625
-0.0281524658203125 0.132858276367187 0.13873291015625 0.203659057617188
0.05419921875 0.12750244140625 0.30059814453125 0.116302490234375
0.0933609008789063 0.0906753540039062 0.344024658203125 -0.028472900390625
0.0636367797851562 0.097747802734375 0.316680908203125 -0.103546142578125
0.0453338623046875 0.124015808105469 0.29998779296875 -0.0811767578125
-0.0276336669921875 0.130081176757813 0.269546508789063 0.015869140625
-0.106460571289063 0.0653610229492188 0.204635620117188 0.0563507080078125
-0.127105712890625 -0.0294876098632813 0.134422302246094 0.0721282958984375
-0.036651611328125 -0.1573486328125 0.148513793945313 0.0566558837890625
0.115570068359375 -0.196945190429688 0.328033447265625 0.023651123046875
0.20684814453125 -0.125198364257813 0.4681396484375 0.265594482421875
-0.124404907226563 -0.223587036132813 0.22698974609375 -0.213363647460938
-0.267044067382813 -0.16668701171875 0.0443878173828125 -0.194671630859375
-0.28717041015625 0.07025146484375 -0.107841491699219 -0.0168380737304687
-0.143966674804687 0.241119384765625 -0.026611328125 0.14984130859375
0.01580810546875 0.238677978515625 0.108184814453125 0.1412353515625
0.16571044921875 0.19024658203125 0.2509765625 0.068267822265625
0.213958740234375 0.0975494384765625 0.278167724609375 -0.05633544921875
0.175384521484375 0.10400390625 0.250946044921875 -0.130111694335937
0.170028686523438 0.135284423828125 0.24749755859375 -0.118911743164062
0.0924072265625 0.174285888671875 0.249053955078125 -0.036163330078125
-0.030975341796875 0.159210205078125 0.202133178710938 0.00244140625000001
-0.102851867675781 0.094268798828125 0.161697387695313 0.0264739990234375
-0.114768981933594 -0.0434341430664063 0.207183837890625 0.0177001953125
-0.0512466430664063 -0.128334045410156 0.385711669921875 0.00778198242187499
0.00614166259765625 -0.109275817871094 0.525848388671875 0.25225830078125
-0.303375244140625 -0.19964599609375 0.180679321289062 -0.263870239257813
-0.394012451171875 -0.08782958984375 0.012481689453125 -0.2161865234375
-0.343505859375 0.1514892578125 -0.0965652465820313 -0.0472412109375
-0.14532470703125 0.330047607421875 -0.0220184326171875 0.0854034423828125
0.05889892578125 0.30810546875 0.0650558471679688 0.0645179748535156
0.25335693359375 0.223068237304688 0.169021606445313 0.01177978515625
0.3009033203125 0.08929443359375 0.173477172851563 -0.0762786865234375
0.260940551757813 0.095367431640625 0.146484375 -0.13690185546875
0.275482177734375 0.124893188476563 0.15435791015625 -0.139633178710938
0.207778930664063 0.2001953125 0.188522338867188 -0.08636474609375
0.053955078125 0.244537353515625 0.170013427734375 -0.0613555908203125
-0.0706329345703125 0.22418212890625 0.176651000976562 -0.0336151123046875
-0.200668334960938 0.0823822021484375 0.259841918945313 -0.0233612060546875
-0.234481811523438 -0.04962158203125 0.406829833984375 0.006317138671875
-0.205795288085938 -0.0857086181640625 0.521514892578125 0.23114013671875
-0.434661865234375 -0.1285400390625 0.0950927734375 -0.301971435546875
-0.456268310546875 0.019561767578125 -0.03448486328125 -0.219070434570313
-0.33935546875 0.229522705078125 -0.0840530395507813 -0.0702056884765625
-0.110198974609375 0.37628173828125 -0.02001953125 0.0137748718261719
0.10467529296875 0.32672119140625 0.0122261047363281 -0.0172481536865234
0.305450439453125 0.215362548828125 0.0626907348632813 -0.0417861938476562
0.34075927734375 0.06646728515625 0.0446014404296875 -0.081939697265625
0.305938720703125 0.073760986328125 0.0196304321289063 -0.121086120605469
0.339691162109375 0.0997314453125 0.0343475341796875 -0.139694213867188
0.290863037109375 0.20306396484375 0.0907211303710938 -0.128204345703125
0.127716064453125 0.30279541015625 0.105766296386719 -0.127944946289062
-0.035491943359375 0.3304443359375 0.165969848632813 -0.101699829101562
-0.271194458007813 0.196212768554687 0.282135009765625 -0.067169189453125
-0.39056396484375 0.027130126953125 0.375244140625 0.01177978515625
-0.384368896484375 -0.0548706054687499 0.4407958984375 0.201080322265625
-0.50701904296875 -0.03338623046875 -0.01416015625 -0.313507080078125
-0.457763671875 0.139068603515625 -0.08355712890625 -0.198944091796875
-0.278839111328125 0.28985595703125 -0.0701446533203125 -0.0834274291992187
-0.041961669921875 0.37432861328125 -0.02362060546875 -0.0552024841308594
0.144989013671875 0.29473876953125 -0.046722412109375 -0.0873565673828125
0.315185546875 0.167999267578125 -0.0482711791992187 -0.0828018188476563
0.32940673828125 0.02874755859375 -0.0851287841796875 -0.0703201293945312
0.305267333984375 0.040771484375 -0.108619689941406 -0.0864105224609375
0.34881591796875 0.06341552734375 -0.096923828125 -0.120170593261719
0.320343017578125 0.17340087890625 -0.03057861328125 -0.158447265625
0.171600341796875 0.307952880859375 0.0153045654296875 -0.185379028320312
0.00189208984375003 0.37359619140625 0.128250122070313 -0.165771484375
-0.295562744140625 0.265228271484375 0.2666015625 -0.104248046875
-0.4735107421875 0.0918273925781251 0.28948974609375 0.0228271484375
-0.49188232421875 -0.0138854980468749 0.300323486328125 0.16064453125
-0.51483154296875 0.0624694824218749 -0.135284423828125 -0.296478271484375
-0.405059814453125 0.23773193359375 -0.12933349609375 -0.155914306640625
-0.183380126953125 0.32098388671875 -0.0579147338867188 -0.0850601196289062
0.037384033203125 0.325836181640625 -0.0379791259765625 -0.109230041503906
0.17413330078125 0.2188720703125 -0.104911804199219 -0.130874633789063
0.28778076171875 0.093841552734375 -0.149810791015625 -0.0991058349609375
0.272140502929688 -0.0154571533203125 -0.197097778320312 -0.042236328125
0.258071899414063 0.0034942626953125 -0.220916748046875 -0.0393524169921875
0.2996826171875 0.019500732421875 -0.215850830078125 -0.088134765625
0.2847900390625 0.1158447265625 -0.148391723632812 -0.172866821289063
0.174591064453125 0.251235961914063 -0.0729522705078125 -0.223480224609375
0.032989501953125 0.33038330078125 0.078521728515625 -0.209609985351562
-0.24951171875 0.268722534179688 0.219985961914062 -0.122543334960937
-0.45172119140625 0.135406494140625 0.171859741210938 0.0424041748046875
-0.50445556640625 0.0378112792968751 0.132133483886719 0.122100830078125
-0.454559326171875 0.13311767578125 -0.25506591796875 -0.25799560546875
-0.313507080078125 0.28436279296875 -0.174102783203125 -0.101882934570313
-0.085296630859375 0.3045654296875 -0.0564498901367188 -0.0720977783203125
0.102081298828125 0.243789672851563 -0.0594635009765625 -0.134437561035156
0.1781005859375 0.123001098632812 -0.1522216796875 -0.140396118164062
0.222152709960938 0.01165771484375 -0.225662231445313 -0.0881805419921875
0.177490234375 -0.0554046630859375 -0.276962280273438 -0.0024566650390625
0.172317504882812 -0.03375244140625 -0.29815673828125 0.013427734375
0.199813842773438 -0.0218048095703125 -0.29931640625 -0.05029296875
0.193115234375 0.0357513427734375 -0.2362060546875 -0.171539306640625
0.137725830078125 0.138381958007813 -0.134475708007812 -0.235275268554688
0.05859375 0.210372924804688 0.0381622314453125 -0.222869873046875
-0.139801025390625 0.209335327148438 0.162826538085937 -0.1131591796875
-0.328704833984375 0.15869140625 0.0564651489257812 0.0710067749023438
-0.422119140625 0.0983276367187501 -0.0302352905273438 0.0955352783203125
-0.3350830078125 0.170684814453125 -0.3673095703125 -0.215728759765625
-0.197418212890625 0.267074584960938 -0.226272583007813 -0.055023193359375
-0.00350952148437501 0.24664306640625 -0.0737991333007813 -0.0469818115234375
0.133560180664062 0.143402099609375 -0.0891494750976563 -0.128990173339844
0.153762817382813 0.0247039794921875 -0.183975219726563 -0.115524291992188
0.131576538085938 -0.0641098022460938 -0.268142700195312 -0.0515747070312501
0.060089111328125 -0.0853958129882812 -0.315338134765625 0.04412841796875
0.0608406066894531 -0.0638771057128906 -0.33099365234375 0.0616455078124999
0.06805419921875 -0.0599021911621094 -0.334136962890625 -0.013275146484375
0.07147216796875 -0.0541000366210937 -0.276153564453125 -0.156692504882812
0.0823593139648438 -0.00061798095703125 -0.155471801757813 -0.222366333007813
0.083465576171875 0.0558700561523438 0.016693115234375 -0.209213256835937
0.00200653076171876 0.125030517578125 0.115409851074219 -0.0810546875
-0.145431518554688 0.1728515625 -0.0270538330078125 0.104583740234375
-0.270065307617187 0.160552978515625 -0.155624389648438 0.0883331298828125
0.0490570068359375 -0.227691650390625 0.201095581054688 -0.159652709960938
-0.135345458984375 -0.202285766601563 0.030914306640625 -0.156936645507812
-0.193435668945312 0.011138916015625 -0.125289916992188 0.0350570678710938
-0.103668212890625 0.143539428710938 -0.02288818359375 0.214813232421875
-0.00828552246093751 0.146743774414062 0.150222778320313 0.207595825195312
0.0811538696289063 0.125228881835938 0.3138427734375 0.111053466796875
0.116676330566406 0.0789337158203125 0.35406494140625 -0.037139892578125
0.0855255126953125 0.0898895263671875 0.316650390625 -0.111297607421875
0.0725631713867188 0.120429992675781 0.2979736328125 -0.087554931640625
-0.00285339355468749 0.140762329101563 0.270797729492188 0.00811767578125001
-0.0991287231445312 0.0893630981445313 0.207839965820313 0.0457611083984375
-0.137901306152344 -0.00880432128906253 0.143142700195313 0.0610198974609375
-0.0648193359375 -0.157241821289063 0.1685791015625 0.052886962890625
0.08447265625 -0.220321655273438 0.3487548828125 0.025177001953125
0.191192626953125 -0.157135009765625 0.490447998046875 0.274169921875
-0.1539306640625 -0.241973876953125 0.198974609375 -0.210723876953125
-0.305267333984375 -0.15673828125 0.023101806640625 -0.185150146484375
-0.300018310546875 0.0964355468749999 -0.115478515625 -0.00432586669921874
-0.132156372070313 0.268875122070313 -0.025604248046875 0.16094970703125
0.03729248046875 0.253921508789063 0.110214233398438 0.146743774414063
0.194503784179687 0.187820434570312 0.258560180664063 0.0653076171875
0.235824584960938 0.0855712890625 0.2783203125 -0.0584716796875
0.197113037109375 0.096527099609375 0.24237060546875 -0.130706787109375
0.197311401367188 0.130889892578125 0.235702514648437 -0.121322631835937
0.116683959960938 0.184463500976562 0.240005493164063 -0.0452880859375
-0.0222015380859375 0.182586669921875 0.198135375976563 -0.012725830078125
-0.112747192382812 0.114036560058594 0.167327880859375 0.00810241699218751
-0.142623901367188 -0.0457305908203125 0.2254638671875 0.00628662109375
-0.080810546875 -0.150863647460938 0.4034423828125 0.00158691406249999
-0.00768280029296874 -0.138557434082031 0.54876708984375 0.248992919921875
-0.327667236328125 -0.212493896484375 0.146484375 -0.268310546875
-0.426605224609375 -0.078704833984375 -0.015106201171875 -0.209320068359375
-0.35748291015625 0.174224853515625 -0.110923767089844 -0.0368804931640625
-0.135955810546875 0.354156494140625 -0.0272903442382813 0.0951080322265625
0.079315185546875 0.321502685546875 0.0599136352539063 0.0705108642578125
0.280899047851562 0.219146728515625 0.164718627929688 0.014739990234375
0.32086181640625 0.078125 0.1644287109375 -0.069854736328125
0.279739379882813 0.0883026123046875 0.131698608398438 -0.130485534667969
0.30078125 0.11944580078125 0.136589050292969 -0.138046264648438
0.228775024414063 0.206100463867188 0.170394897460938 -0.0966796875
0.062347412109375 0.262451171875 0.157989501953125 -0.080535888671875
-0.0770111083984375 0.2410888671875 0.176971435546875 -0.05731201171875
-0.22235107421875 0.0817413330078125 0.274795532226562 -0.0430450439453125
-0.259445190429688 -0.0646820068359375 0.4246826171875 -0.008453369140625
-0.217208862304688 -0.109466552734375 0.542633056640625 0.219757080078125
-0.45086669921875 -0.137481689453125 0.0571289062499999 -0.311126708984375
-0.479461669921875 0.0248718261718751 -0.068084716796875 -0.218032836914062
-0.349578857421875 0.243804931640625 -0.102035522460938 -0.0607147216796875
-0.10498046875 0.394256591796875 -0.0295906066894531 0.0207176208496094
0.1190185546875 0.339263916015625 -0.00106525421142577 -0.00987815856933592
0.326263427734375 0.2147216796875 0.0523643493652344 -0.0341033935546875
0.3558349609375 0.058258056640625 0.0318450927734375 -0.0689964294433594
0.321624755859375 0.067535400390625 0.00260925292968753 -0.108314514160156
0.356353759765625 0.0946044921875 0.0102310180664063 -0.132194519042969
0.306396484375 0.204254150390625 0.0656051635742188 -0.135231018066406
0.137298583984375 0.313720703125 0.086334228515625 -0.147506713867188
-0.0362548828125 0.34112548828125 0.159378051757813 -0.128448486328125
-0.28643798828125 0.199310302734375 0.29168701171875 -0.09454345703125
-0.408233642578125 0.019989013671875 0.389801025390625 -0.009765625
-0.390869140625 -0.0686035156249999 0.4615478515625 0.1822509765625
-0.5120849609375 -0.0360717773437499 -0.0549011230468751 -0.330810546875
-0.46746826171875 0.145294189453125 -0.118331909179688 -0.201568603515625
-0.284637451171875 0.29925537109375 -0.0914154052734375 -0.0775070190429687
-0.040679931640625 0.383331298828125 -0.0380134582519531 -0.0505332946777344
0.15179443359375 0.30126953125 -0.0651626586914062 -0.0823898315429687
0.327178955078125 0.168609619140625 -0.0665283203125 -0.07391357421875
0.336395263671875 0.027008056640625 -0.0998077392578125 -0.0558547973632812
0.31195068359375 0.0380859375 -0.127403259277344 -0.0696334838867187
0.35638427734375 0.058929443359375 -0.122322082519531 -0.108177185058594
0.327362060546875 0.17156982421875 -0.0601959228515625 -0.160385131835937
0.179534912109375 0.31280517578125 -0.00875854492187499 -0.201202392578125
0.00460815429687503 0.37982177734375 0.114639282226563 -0.192718505859375
-0.300933837890625 0.26837158203125 0.2681884765625 -0.13427734375
-0.480743408203125 0.0950622558593749 0.299560546875 -0.00115966796874999
-0.4935302734375 -0.0167846679687499 0.316925048828125 0.139190673828125
-0.5081787109375 0.0700988769531249 -0.172607421875 -0.317779541015625
-0.396087646484375 0.242095947265625 -0.1632080078125 -0.1658935546875
-0.180572509765625 0.3209228515625 -0.08062744140625 -0.081390380859375
0.03912353515625 0.32318115234375 -0.055084228515625 -0.107086181640625
0.171905517578125 0.21771240234375 -0.124755859375 -0.127464294433594
0.28546142578125 0.093719482421875 -0.17010498046875 -0.088531494140625
0.268905639648438 -0.01239013671875 -0.213104248046875 -0.0265960693359375
0.25762939453125 0.003173828125 -0.237762451171875 -0.0200958251953125
0.2977294921875 0.01873779296875 -0.23876953125 -0.0743255615234375
0.28131103515625 0.112518310546875 -0.177993774414063 -0.172225952148437
0.174560546875 0.248001098632812 -0.09979248046875 -0.23486328125
0.035552978515625 0.32708740234375 0.0621490478515625 -0.230789184570312
-0.24749755859375 0.267288208007813 0.21502685546875 -0.149169921875
-0.4478759765625 0.142578125 0.1778564453125 0.0222015380859375
-0.49591064453125 0.0446166992187501 0.148590087890625 0.100875854492188
-0.440399169921875 0.150238037109375 -0.2852783203125 -0.281707763671875
-0.29241943359375 0.29052734375 -0.204177856445313 -0.114715576171875
-0.070281982421875 0.298736572265625 -0.0800094604492188 -0.0715255737304687
0.10540771484375 0.230224609375 -0.075531005859375 -0.132232666015625
0.1717529296875 0.11236572265625 -0.167800903320313 -0.135513305664062
0.210037231445313 0.008453369140625 -0.2432861328125 -0.078399658203125
0.165512084960938 -0.0499725341796875 -0.289337158203125 0.0115966796875
0.16387939453125 -0.02972412109375 -0.311431884765625 0.029388427734375
0.189117431640625 -0.0179443359375 -0.319000244140625 -0.035888671875
0.179641723632812 0.032806396484375 -0.263168334960938 -0.16802978515625
0.129257202148438 0.129364013671875 -0.158584594726562 -0.2421875
0.057342529296875 0.197052001953125 0.022216796875 -0.239273071289063
-0.131134033203125 0.201385498046875 0.156524658203125 -0.134384155273438
-0.312530517578125 0.164581298828125 0.0618476867675781 0.0551567077636719
-0.4041748046875 0.110443115234375 -0.0137176513671875 0.0776214599609375
-0.317413330078125 0.19635009765625 -0.393157958984375 -0.2352294921875
-0.170883178710938 0.279739379882813 -0.252700805664063 -0.0676422119140624
0.0183563232421875 0.243148803710938 -0.0953750610351562 -0.0444488525390625
0.14300537109375 0.123046875 -0.102531433105469 -0.122383117675781
0.146438598632813 0.0062713623046875 -0.194976806640625 -0.109375
0.111892700195312 -0.07208251953125 -0.279403686523438 -0.04290771484375
0.0413970947265625 -0.0789566040039063 -0.322021484375 0.05462646484375
0.0467033386230469 -0.0594863891601563 -0.338775634765625 0.0756835937500001
0.0503196716308594 -0.0535392761230469 -0.347900390625 -0.00244140625000001
0.0464248657226562 -0.0530776977539062 -0.297760009765625 -0.15362548828125
0.0649261474609375 -0.0128898620605469 -0.17449951171875 -0.225555419921875
0.0769882202148438 0.0361328125 0.00460815429687502 -0.221511840820313
0.0144882202148438 0.108856201171875 0.111839294433594 -0.0983505249023438
-0.117691040039062 0.174331665039063 -0.0170822143554688 0.0921096801757813
-0.243331909179688 0.175491333007812 -0.136322021484375 0.0753860473632813
0.010772705078125 -0.235275268554688 0.177383422851562 -0.1455078125
-0.171401977539063 -0.176956176757813 0.0142669677734375 -0.139137268066406
-0.194046020507813 0.044342041015625 -0.122291564941406 0.0509262084960938
-0.080810546875 0.163742065429688 -0.00570678710937499 0.222518920898437
0.0200958251953125 0.151016235351563 0.164688110351563 0.203414916992188
0.108985900878906 0.110054016113281 0.32745361328125 0.09405517578125
0.133132934570313 0.0586929321289063 0.355010986328125 -0.05322265625
0.103012084960937 0.0754623413085937 0.311767578125 -0.12249755859375
0.099884033203125 0.104705810546875 0.2908935546875 -0.09918212890625
0.02545166015625 0.141983032226563 0.265884399414063 -0.00453186035156249
-0.0824050903320313 0.110595703125 0.205337524414063 0.031219482421875
-0.139335632324219 0.0182571411132812 0.149566650390625 0.045257568359375
-0.093841552734375 -0.144683837890625 0.18829345703125 0.037933349609375
0.0428466796875 -0.232757568359375 0.366607666015625 0.0142822265625
0.162445068359375 -0.183563232421875 0.516693115234375 0.26934814453125
-0.187484741210937 -0.244186401367188 0.167449951171875 -0.197250366210938
-0.337188720703125 -0.126373291015625 -0.000518798828125006 -0.168365478515625
-0.29937744140625 0.13177490234375 -0.11968994140625 0.0121612548828125
-0.10467529296875 0.28729248046875 -0.018951416015625 0.1700439453125
0.0661163330078125 0.259918212890625 0.116317749023438 0.147323608398438
0.226364135742188 0.167709350585938 0.261611938476563 0.059295654296875
0.254913330078125 0.0600128173828125 0.2744140625 -0.06158447265625
0.217025756835938 0.0780029296875 0.232376098632813 -0.131378173828125
0.22515869140625 0.111541748046875 0.222305297851563 -0.12396240234375
0.1444091796875 0.181686401367188 0.22705078125 -0.0545654296875
-0.004974365234375 0.199066162109375 0.18658447265625 -0.0286865234375
-0.11199951171875 0.136810302734375 0.164810180664063 -0.0113372802734375
-0.169158935546875 -0.034576416015625 0.238052368164063 -0.014801025390625
-0.116134643554687 -0.160018920898438 0.415069580078125 -0.019378662109375
-0.036224365234375 -0.162490844726563 0.56744384765625 0.23077392578125
-0.35150146484375 -0.212158203125 0.107406616210937 -0.259307861328125
-0.45269775390625 -0.052215576171875 -0.04150390625 -0.190521240234375
-0.358795166015625 0.205291748046875 -0.122200012207031 -0.0194778442382812
-0.11328125 0.373870849609375 -0.0221481323242188 0.106239318847656
0.108001708984375 0.326416015625 0.05474853515625 0.07659912109375
0.30889892578125 0.202545166015625 0.163101196289063 0.0189666748046875
0.33740234375 0.05841064453125 0.157318115234375 -0.0655059814453125
0.29827880859375 0.0697021484375 0.117576599121094 -0.118812561035156
0.321563720703125 0.0994873046875 0.117317199707031 -0.127838134765625
0.251953125 0.198379516601563 0.1466064453125 -0.0973663330078125
0.080078125 0.275177001953125 0.139045715332031 -0.094970703125
-0.0718231201171875 0.26080322265625 0.169570922851562 -0.08111572265625
-0.243545532226563 0.0915985107421874 0.280487060546875 -0.07598876953125
-0.285247802734375 -0.0667724609375 0.432952880859375 -0.03973388671875
-0.233551025390625 -0.122955322265625 0.557647705078125 0.190521240234375
-0.466705322265625 -0.133056640625 0.0111083984375 -0.307037353515625
-0.492919921875 0.0504455566406251 -0.102691650390625 -0.200057983398437
-0.3531494140625 0.272216796875 -0.119606018066406 -0.0432586669921875
-0.087188720703125 0.411376953125 -0.0344123840332031 0.0322093963623047
0.14019775390625 0.343414306640625 -0.0116043090820312 -0.00151824951171873
0.347412109375 0.201446533203125 0.041961669921875 -0.0248794555664062
0.365234375 0.04229736328125 0.0237808227539063 -0.0560111999511719
0.33331298828125 0.0540771484375 -0.0149993896484375 -0.0892791748046875
0.370452880859375 0.077117919921875 -0.0125503540039062 -0.118240356445313
0.323974609375 0.194854736328125 0.035736083984375 -0.135902404785156
0.153717041015625 0.318572998046875 0.0575103759765625 -0.157302856445313
-0.027435302734375 0.35247802734375 0.142547607421875 -0.152069091796875
-0.29583740234375 0.210968017578125 0.286529541015625 -0.126708984375
-0.42498779296875 0.0286254882812501 0.39508056640625 -0.042755126953125
-0.4000244140625 -0.0720520019531251 0.471221923828125 0.1492919921875
-0.514495849609375 -0.0242919921874999 -0.100830078125 -0.33087158203125
-0.468841552734375 0.156463623046875 -0.154510498046875 -0.1888427734375
-0.285888671875 0.310699462890625 -0.111900329589844 -0.0603713989257812
-0.03021240234375 0.388427734375 -0.0516319274902344 -0.0400619506835937
0.163116455078125 0.304595947265625 -0.0807952880859375 -0.068084716796875
0.33905029296875 0.157989501953125 -0.08197021484375 -0.0565109252929687
0.339874267578125 0.018218994140625 -0.11138916015625 -0.034332275390625
0.317626953125 0.026580810546875 -0.142135620117187 -0.0438079833984375
0.362091064453125 0.04840087890625 -0.143646240234375 -0.0849456787109375
0.33416748046875 0.15960693359375 -0.0914764404296875 -0.15234375
0.191009521484375 0.30877685546875 -0.039031982421875 -0.20574951171875
0.013458251953125 0.38177490234375 0.0910491943359375 -0.214309692382812
-0.30133056640625 0.27703857421875 0.257125854492188 -0.168167114257812
-0.485565185546875 0.10699462890625 0.297454833984375 -0.02899169921875
-0.492828369140625 -0.0108947753906249 0.3253173828125 0.107696533203125
-0.493988037109375 0.0788269042968749 -0.220977783203125 -0.320648193359375
-0.384735107421875 0.248687744140625 -0.20068359375 -0.158218383789062
-0.174346923828125 0.317626953125 -0.104652404785156 -0.0691375732421875
0.042999267578125 0.31878662109375 -0.0717620849609375 -0.09637451171875
0.17364501953125 0.213363647460938 -0.141036987304688 -0.11114501953125
0.2840576171875 0.090240478515625 -0.182846069335937 -0.0692291259765625
0.2625732421875 -0.012664794921875 -0.2210693359375 -0.00480651855468745
0.255142211914063 -0.00067138671875 -0.246841430664062 0.00755310058593752
0.294830322265625 0.014617919921875 -0.256637573242188 -0.046234130859375
0.279067993164063 0.10638427734375 -0.209762573242187 -0.15667724609375
0.176055908203125 0.240249633789063 -0.130661010742187 -0.230209350585937
0.0418701171875 0.31939697265625 0.0343170166015625 -0.245925903320313
-0.2425537109375 0.268096923828125 0.197799682617188 -0.176498413085937
-0.438446044921875 0.15435791015625 0.1746826171875 -0.00384521484374999
-0.4835205078125 0.0532531738281249 0.154861450195313 0.0709228515625
-0.415771484375 0.166961669921875 -0.32720947265625 -0.2877197265625
-0.262542724609375 0.293060302734375 -0.240402221679688 -0.114654541015625
-0.0565185546875 0.2879638671875 -0.101882934570313 -0.0587081909179688
0.105911254882813 0.212966918945313 -0.09063720703125 -0.124649047851563
0.165206909179688 0.0997314453125 -0.183258056640625 -0.120468139648438
0.197967529296875 0.0067596435546875 -0.255157470703125 -0.059478759765625
0.154251098632813 -0.0418548583984375 -0.29620361328125 0.035003662109375
0.154510498046875 -0.025390625 -0.31585693359375 0.057586669921875
0.178451538085938 -0.0124053955078125 -0.3309326171875 -0.01055908203125
0.165451049804687 0.03369140625 -0.290618896484375 -0.15045166015625
0.118576049804688 0.122085571289063 -0.183929443359375 -0.233108520507812
0.0529937744140625 0.184219360351563 -0.00535583496093751 -0.247222900390625
-0.122879028320312 0.190353393554688 0.139083862304688 -0.154327392578125
-0.29071044921875 0.166229248046875 0.0623321533203125 0.0349655151367188
-0.375396728515625 0.11871337890625 -0.00444412231445315 0.0522003173828125
-0.2843017578125 0.215789794921875 -0.42413330078125 -0.237213134765625
-0.13433837890625 0.28173828125 -0.279495239257813 -0.0697174072265625
0.0435333251953125 0.225570678710937 -0.113533020019531 -0.0348358154296875
0.144607543945313 0.096832275390625 -0.115196228027344 -0.113975524902344
0.131729125976563 -0.0113372802734375 -0.202194213867188 -0.095123291015625
0.0888824462890625 -0.0713348388671875 -0.284454345703125 -0.0265197753906251
0.0248794555664063 -0.0652885437011719 -0.323394775390625 0.0714111328125
0.0313796997070313 -0.04718017578125 -0.33642578125 0.09619140625
0.0347175598144531 -0.0410919189453125 -0.35589599609375 0.0160522460937499
0.0245704650878906 -0.0434799194335938 -0.319915771484375 -0.13714599609375
0.04449462890625 -0.019744873046875 -0.194793701171875 -0.221038818359375
0.0631675720214844 0.0169830322265625 -0.0168914794921875 -0.23284912109375
0.0208969116210938 0.0870361328125 0.0993118286132813 -0.113754272460938
-0.0881500244140625 0.165573120117188 -0.01068115234375 0.0749359130859375
-0.207443237304688 0.180145263671875 -0.121498107910156 0.0552139282226563
-0.0245513916015625 -0.227890014648438 0.161117553710938 -0.1239013671875
-0.192062377929688 -0.14202880859375 0.00803375244140624 -0.117332458496094
-0.181976318359375 0.0722808837890625 -0.112442016601563 0.0640335083007812
-0.0509033203125 0.173675537109375 0.010223388671875 0.222885131835937
0.0452423095703125 0.144790649414063 0.1754150390625 0.193084716796875
0.125595092773438 0.0870437622070313 0.32965087890625 0.075653076171875
0.142318725585938 0.0317840576171875 0.35052490234375 -0.06768798828125
0.113922119140625 0.0521392822265625 0.29998779296875 -0.130523681640625
0.115165710449219 0.0796432495117188 0.280059814453125 -0.103073120117188
0.0506362915039063 0.129997253417969 0.257904052734375 -0.0107421875
-0.055694580078125 0.119949340820312 0.197463989257813 0.0185394287109375
-0.130142211914063 0.0405731201171875 0.145767211914063 0.028472900390625
-0.115524291992188 -0.12030029296875 0.197601318359375 0.0208282470703125
0.0034942626953125 -0.223251342773438 0.3734130859375 -0.00213623046875001
0.124526977539063 -0.19482421875 0.52752685546875 0.2506103515625
-0.219284057617187 -0.234176635742188 0.14031982421875 -0.175399780273438
-0.354766845703125 -0.0897216796875 -0.0117340087890625 -0.143280029296875
-0.28594970703125 0.159759521484375 -0.115257263183594 0.0277938842773438
-0.0750732421875 0.29595947265625 -0.0061187744140625 0.172454833984375
0.0947418212890625 0.24774169921875 0.119903564453125 0.143234252929688
0.243804931640625 0.140975952148438 0.261260986328125 0.048553466796875
0.260269165039063 0.034637451171875 0.2703857421875 -0.065765380859375
0.223587036132812 0.05377197265625 0.221633911132813 -0.128204345703125
0.238906860351562 0.0852508544921875 0.207427978515625 -0.117904663085938
0.167221069335938 0.168670654296875 0.210052490234375 -0.0543060302734375
0.0173797607421875 0.2076416015625 0.1689453125 -0.0394134521484375
-0.104080200195313 0.15460205078125 0.152877807617188 -0.0292816162109375
-0.186935424804688 -0.0182647705078125 0.238723754882813 -0.0385284423828125
-0.150619506835938 -0.154037475585937 0.41455078125 -0.041290283203125
-0.06243896484375 -0.172531127929688 0.57257080078125 0.20635986328125
-0.37750244140625 -0.199462890625 0.0719757080078124 -0.232757568359375
-0.460357666015625 -0.0185852050781251 -0.0608062744140625 -0.163040161132812
-0.34674072265625 0.233612060546875 -0.121566772460938 -0.000732421875000005
-0.08270263671875 0.379669189453125 -0.0215072631835937 0.111579895019531
0.132354736328125 0.316314697265625 0.05426025390625 0.081787109375
0.323638916015625 0.17425537109375 0.159225463867188 0.0169677734375
0.33978271484375 0.032135009765625 0.154266357421875 -0.055755615234375
0.303741455078125 0.047119140625 0.109962463378906 -0.105674743652344
0.330718994140625 0.075927734375 0.100898742675781 -0.115066528320313
0.267593383789063 0.184646606445313 0.126716613769531 -0.0922012329101562
0.0982513427734375 0.277313232421875 0.114875793457031 -0.100357055664063
-0.06353759765625 0.268722534179688 0.14715576171875 -0.0979766845703125
-0.254745483398438 0.104965209960938 0.268936157226563 -0.0989837646484375
-0.30963134765625 -0.060455322265625 0.423858642578125 -0.063232421875
-0.253448486328125 -0.130599975585938 0.555450439453125 0.1602783203125
-0.47625732421875 -0.125885009765625 -0.028472900390625 -0.28106689453125
-0.495635986328125 0.070098876953125 -0.123794555664063 -0.1705322265625
-0.3428955078125 0.28863525390625 -0.123970031738281 -0.023040771484375
-0.065765380859375 0.412811279296875 -0.0387992858886719 0.0429153442382813
0.158966064453125 0.334442138671875 -0.017862319946289 0.0128059387207031
0.357421875 0.176544189453125 0.0373687744140625 -0.0132865905761719
0.367431640625 0.02410888671875 0.020751953125 -0.0360946655273438
0.333770751953125 0.03656005859375 -0.0179977416992187 -0.0650978088378906
0.37322998046875 0.057281494140625 -0.025787353515625 -0.094512939453125
0.331756591796875 0.177337646484375 0.012847900390625 -0.119659423828125
0.165008544921875 0.314208984375 0.0308685302734375 -0.15716552734375
-0.018524169921875 0.3548583984375 0.11407470703125 -0.167877197265625
-0.299652099609375 0.217559814453125 0.268661499023438 -0.155517578125
-0.43408203125 0.035125732421875 0.378448486328125 -0.068511962890625
-0.4061279296875 -0.072357177734375 0.465301513671875 0.11602783203125
-0.509429931640625 -0.021942138671875 -0.143829345703125 -0.308349609375
-0.4595947265625 0.1651611328125 -0.183258056640625 -0.16290283203125
-0.277679443359375 0.31591796875 -0.123008728027344 -0.0404205322265625
-0.020233154296875 0.388671875 -0.0582389831542969 -0.0267677307128906
0.17144775390625 0.297027587890625 -0.0912857055664063 -0.0501327514648437
0.340667724609375 0.145172119140625 -0.0853500366210937 -0.0389785766601563
0.337432861328125 0.009246826171875 -0.112159729003906 -0.00989532470703123
0.315643310546875 0.018402099609375 -0.143035888671875 -0.017608642578125
0.360137939453125 0.035064697265625 -0.1534423828125 -0.059112548828125
0.334747314453125 0.148895263671875 -0.112579345703125 -0.13079833984375
0.19610595703125 0.302978515625 -0.0690155029296875 -0.19720458984375
0.021514892578125 0.376312255859375 0.059295654296875 -0.22076416015625
-0.295562744140625 0.281158447265625 0.23187255859375 -0.189422607421875
-0.479095458984375 0.114044189453125 0.2813720703125 -0.056671142578125
-0.4835205078125 -0.0083618164062501 0.318389892578125 0.07330322265625
-0.47772216796875 0.0847473144531249 -0.258758544921875 -0.30267333984375
-0.36456298828125 0.241851806640625 -0.230133056640625 -0.136093139648437
-0.167327880859375 0.310394287109375 -0.118804931640625 -0.0499649047851562
0.041351318359375 0.307373046875 -0.0821151733398438 -0.0807342529296875
0.1688232421875 0.20989990234375 -0.153778076171875 -0.0937347412109375
0.278030395507813 0.0843658447265625 -0.1890869140625 -0.047119140625
0.260452270507813 -0.011810302734375 -0.220016479492187 0.0207366943359375
0.25128173828125 -0.001251220703125 -0.24346923828125 0.0322265625
0.2891845703125 0.012603759765625 -0.260986328125 -0.019500732421875
0.271209716796875 0.101974487304688 -0.2261962890625 -0.131301879882812
0.171661376953125 0.23291015625 -0.1563720703125 -0.216964721679687
0.041900634765625 0.3070068359375 0.00514221191406252 -0.247360229492187
-0.23150634765625 0.261917114257813 0.17181396484375 -0.192184448242187
-0.419677734375 0.15386962890625 0.161834716796875 -0.023101806640625
-0.45965576171875 0.0565490722656249 0.151504516601562 0.041656494140625
-0.3843994140625 0.169525146484375 -0.360015869140625 -0.2728271484375
-0.23614501953125 0.278915405273438 -0.266311645507813 -0.0994415283203124
-0.046417236328125 0.269943237304688 -0.116798400878906 -0.0433425903320312
0.099151611328125 0.193878173828125 -0.103263854980469 -0.106430053710937
0.14892578125 0.094635009765625 -0.1917724609375 -0.1031494140625
0.181915283203125 0.0089111328125 -0.2584228515625 -0.0384521484375
0.145919799804688 -0.029876708984375 -0.290924072265625 0.055267333984375
0.149810791015625 -0.0201263427734375 -0.308868408203125 0.0783996582031249
0.17108154296875 -0.005859375 -0.33087158203125 0.0148010253906249
0.151870727539063 0.0392913818359375 -0.302001953125 -0.124603271484375
0.105270385742187 0.118385314941406 -0.206253051757812 -0.217636108398438
0.0460357666015625 0.170272827148438 -0.0297393798828125 -0.247817993164062
-0.11737060546875 0.175155639648438 0.116500854492187 -0.16595458984375
-0.266143798828125 0.157958984375 0.0551376342773437 0.0185966491699219
-0.345703125 0.11724853515625 -0.00210762023925784 0.0266895294189453
-0.248077392578125 0.2215576171875 -0.448486328125 -0.22845458984375
-0.100372314453125 0.265777587890625 -0.302154541015625 -0.0572509765624999
0.0584259033203125 0.204757690429687 -0.124984741210937 -0.0165023803710938
0.136161804199219 0.0732040405273438 -0.122352600097656 -0.0973358154296875
0.110931396484375 -0.01806640625 -0.203460693359375 -0.0800018310546875
0.0666084289550781 -0.0642509460449219 -0.282379150390625 -0.009002685546875
0.0139846801757812 -0.0465850830078125 -0.3133544921875 0.08636474609375
0.0260295867919922 -0.0347537994384766 -0.327484130859375 0.110260009765625
0.0264949798583984 -0.0245189666748047 -0.352752685546875 0.0382080078125001
0.00842857360839844 -0.0275936126708984 -0.32666015625 -0.11590576171875
0.0208797454833984 -0.0160293579101563 -0.211639404296875 -0.205520629882813
0.0449943542480469 0.00489425659179688 -0.0349578857421875 -0.22613525390625
0.02197265625 0.0632247924804688 0.0837173461914063 -0.121856689453125
-0.0630035400390625 0.145492553710937 -0.0112648010253906 0.0590400695800781
-0.169677734375 0.172500610351563 -0.110542297363281 0.0311965942382813
-0.049041748046875 -0.211135864257813 0.153411865234375 -0.0957183837890625
-0.197418212890625 -0.109756469726562 0.00905609130859373 -0.09625244140625
-0.165481567382813 0.0897369384765625 -0.101364135742188 0.071533203125
-0.0266876220703125 0.171218872070313 0.021514892578125 0.216445922851563
0.0620498657226563 0.132431030273437 0.177337646484375 0.183074951171875
0.132850646972656 0.0625076293945313 0.324554443359375 0.06292724609375
0.140342712402344 0.01153564453125 0.3414306640625 -0.073944091796875
0.11688232421875 0.0330734252929687 0.289794921875 -0.130462646484375
0.120552062988281 0.0567092895507812 0.26959228515625 -0.101303100585938
0.0673294067382812 0.114494323730469 0.249267578125 -0.0102996826171875
-0.0350570678710938 0.121124267578125 0.18560791015625 0.01324462890625
-0.116737365722656 0.0553665161132813 0.138145446777344 0.01788330078125
-0.123649597167969 -0.0975112915039063 0.199111938476563 0.00523376464843749
-0.0234222412109375 -0.206451416015625 0.375701904296875 -0.013092041015625
0.094573974609375 -0.193252563476563 0.52874755859375 0.239013671875
-0.239532470703125 -0.218948364257813 0.126861572265625 -0.14508056640625
-0.3541259765625 -0.060577392578125 -0.0138473510742188 -0.118804931640625
-0.268112182617188 0.1756591796875 -0.108558654785156 0.0387344360351563
-0.05023193359375 0.291961669921875 0.0018768310546875 0.170989990234375
0.111740112304688 0.234222412109375 0.120498657226563 0.141937255859375
0.246902465820313 0.115829467773438 0.255462646484375 0.0439300537109375
0.256149291992188 0.0144195556640625 0.266189575195313 -0.0639801025390625
0.225051879882813 0.0350341796875 0.214630126953125 -0.118606567382813
0.241546630859375 0.0637664794921875 0.1988525390625 -0.107391357421875
0.179580688476563 0.153762817382813 0.197036743164063 -0.046630859375
0.0353240966796875 0.2086181640625 0.1527099609375 -0.0394287109375
-0.0952301025390625 0.167007446289063 0.139495849609375 -0.0387039184570312
-0.1986083984375 -0.00045776367187498 0.232711791992188 -0.0531463623046875
-0.174301147460938 -0.142684936523438 0.40887451171875 -0.052093505859375
-0.0868377685546875 -0.175537109375 0.563720703125 0.19207763671875
-0.390289306640625 -0.190093994140625 0.0542755126953125 -0.20086669921875
-0.45733642578125 0.00433349609375003 -0.0654373168945313 -0.135063171386719
-0.33123779296875 0.243804931640625 -0.117668151855469 0.0137100219726563
-0.063018798828125 0.375946044921875 -0.0172042846679687 0.116661071777344
0.14520263671875 0.304779052734375 0.0534286499023438 0.08734130859375
0.325531005859375 0.150665283203125 0.156234741210938 0.0216064453125
0.33526611328125 0.01458740234375 0.154861450195313 -0.0457611083984375
0.301361083984375 0.03240966796875 0.107551574707031 -0.0890426635742188
0.331451416015625 0.0582275390625 0.0943222045898438 -0.098236083984375
0.275466918945313 0.171249389648438 0.111892700195313 -0.079071044921875
0.1109619140625 0.275405883789063 0.0936431884765625 -0.09722900390625
-0.0579376220703125 0.2757568359375 0.12646484375 -0.10491943359375
-0.26300048828125 0.115875244140625 0.254959106445313 -0.11505126953125
-0.325897216796875 -0.0538940429687499 0.4102783203125 -0.077972412109375
-0.267852783203125 -0.134918212890625 0.54052734375 0.14306640625
-0.479888916015625 -0.123687744140625 -0.05029296875 -0.248550415039063
-0.49169921875 0.0815734863281249 -0.132064819335938 -0.140777587890625
-0.3343505859375 0.292510986328125 -0.123565673828125 -0.00563812255859371
-0.0538330078125 0.4093017578125 -0.0372161865234375 0.0527572631835938
0.166168212890625 0.326507568359375 -0.0205116271972656 0.0246562957763672
0.3572998046875 0.16070556640625 0.0366287231445313 -0.00219345092773437
0.36260986328125 0.013458251953125 0.0246524810791016 -0.0201416015625
0.33270263671875 0.02618408203125 -0.0157394409179687 -0.0457420349121094
0.372711181640625 0.044952392578125 -0.0287322998046875 -0.0728607177734375
0.33135986328125 0.16851806640625 -0.00077056884765623 -0.100967407226562
0.1707763671875 0.310699462890625 0.010040283203125 -0.1474609375
-0.015594482421875 0.35491943359375 0.0907440185546875 -0.169265747070312
-0.302032470703125 0.220703125 0.248260498046875 -0.16766357421875
-0.438446044921875 0.037628173828125 0.3614501953125 -0.083770751953125
-0.408172607421875 -0.0780029296875 0.446868896484375 0.095611572265625
-0.50250244140625 -0.02862548828125 -0.167221069335938 -0.278350830078125
-0.45343017578125 0.163848876953125 -0.194839477539063 -0.134613037109375
-0.276702880859375 0.31292724609375 -0.125900268554688 -0.0213241577148438
-0.017059326171875 0.382904052734375 -0.0599937438964844 -0.0122337341308594
0.171173095703125 0.293609619140625 -0.0932235717773437 -0.034881591796875
0.33734130859375 0.13726806640625 -0.084197998046875 -0.0223541259765625
0.334381103515625 0.00750732421875 -0.104530334472656 0.00766754150390627
0.313720703125 0.0157470703125 -0.135429382324219 0.00457000732421874
0.35736083984375 0.031768798828125 -0.152587890625 -0.0361328125
0.3299560546875 0.14385986328125 -0.12408447265625 -0.108863830566406
0.19244384765625 0.297210693359375 -0.0876312255859375 -0.183013916015625
0.02020263671875 0.368377685546875 0.0356597900390625 -0.217575073242187
-0.296295166015625 0.274078369140625 0.206390380859375 -0.19732666015625
-0.4744873046875 0.111572265625 0.263412475585937 -0.0681304931640625
-0.4732666015625 -0.017364501953125 0.301971435546875 0.052490234375
-0.45843505859375 0.0738525390625 -0.280807495117188 -0.281112670898438
-0.3533935546875 0.22772216796875 -0.24505615234375 -0.11346435546875
-0.1707763671875 0.29766845703125 -0.124153137207031 -0.0298309326171875
0.034515380859375 0.2999267578125 -0.0849838256835938 -0.065704345703125
0.160903930664063 0.2091064453125 -0.154754638671875 -0.075347900390625
0.271041870117188 0.086151123046875 -0.187698364257813 -0.0301666259765625
0.257095336914062 -0.0045623779296875 -0.211959838867188 0.038604736328125
0.248641967773438 0.002899169921875 -0.233718872070312 0.0531005859375
0.283782958984375 0.016937255859375 -0.256988525390625 0.00201416015624997
0.26202392578125 0.104141235351563 -0.232986450195312 -0.107345581054687
0.162643432617188 0.230148315429688 -0.171142578125 -0.200363159179688
0.03460693359375 0.298828125 -0.0169219970703125 -0.2403564453125
-0.231475830078125 0.248870849609375 0.148056030273437 -0.19573974609375
-0.40789794921875 0.1424560546875 0.145278930664063 -0.034942626953125
-0.440673828125 0.0452575683593751 0.138038635253906 0.020172119140625
-0.359466552734375 0.15826416015625 -0.379425048828125 -0.25946044921875
-0.221405029296875 0.25689697265625 -0.28228759765625 -0.0824584960937499
-0.048553466796875 0.249267578125 -0.123130798339844 -0.0250625610351562
0.0847015380859375 0.181320190429687 -0.106391906738281 -0.0915374755859375
0.133110046386719 0.0958786010742188 -0.19073486328125 -0.0885009765625
0.170333862304688 0.0186004638671875 -0.253753662109375 -0.023345947265625
0.143356323242188 -0.01739501953125 -0.280975341796875 0.0668487548828125
0.146682739257812 -0.009979248046875 -0.296539306640625 0.092803955078125
0.166946411132813 0.0051727294921875 -0.324981689453125 0.032135009765625
0.141845703125 0.05157470703125 -0.30535888671875 -0.10400390625
0.0894699096679688 0.121162414550781 -0.216018676757812 -0.201751708984375
0.0314483642578125 0.16326904296875 -0.046356201171875 -0.238784790039062
-0.120681762695312 0.157302856445313 0.09698486328125 -0.166397094726563
-0.252792358398438 0.139602661132813 0.0438652038574219 0.00656890869140626
-0.3204345703125 0.100799560546875 -0.00848722457885744 0.00431060791015626
-0.218521118164063 0.2122802734375 -0.4609375 -0.218841552734375
-0.0798492431640625 0.242813110351562 -0.315826416015625 -0.04522705078125
0.060577392578125 0.180068969726562 -0.129753112792969 -0.001129150390625
0.119438171386719 0.0570755004882812 -0.12255859375 -0.082977294921875
0.0915908813476563 -0.0189971923828125 -0.197906494140625 -0.06964111328125
0.0519027709960938 -0.0495834350585938 -0.27545166015625 -0.000137329101562475
0.0110416412353516 -0.02825927734375 -0.30328369140625 0.09173583984375
0.0240535736083984 -0.0204563140869141 -0.31591796875 0.118133544921875
0.0259437561035156 -0.00660324096679688 -0.34619140625 0.0501708984374999
-0.000162601470947265 -0.00864696502685547 -0.327667236328125 -0.1004638671875
0.00321865081787109 -0.00633573532104492 -0.216384887695312 -0.19244384765625
0.0256938934326172 0.00225448608398438 -0.0482330322265625 -0.218841552734375
0.0130577087402344 0.0443191528320313 0.0688629150390625 -0.122726440429688
-0.0507049560546875 0.119705200195312 -0.0167121887207031 0.0452194213867188
-0.14471435546875 0.152114868164063 -0.108283996582031 0.00685119628906251
-0.0636749267578125 -0.19451904296875 0.1553955078125 -0.068359375
-0.196243286132813 -0.0861663818359375 0.0167770385742187 -0.0795364379882813
-0.150436401367188 0.100265502929688 -0.0931167602539063 0.0740280151367187
-0.00990295410156251 0.166900634765625 0.025634765625 0.212127685546875
0.0724868774414063 0.121101379394531 0.177261352539063 0.18023681640625
0.133880615234375 0.0439071655273437 0.321380615234375 0.0587158203125
0.137504577636719 -0.00463104248046875 0.340240478515625 -0.07342529296875
0.115249633789063 0.0183944702148438 0.2877197265625 -0.125152587890625
0.121627807617188 0.0391311645507813 0.267959594726563 -0.09429931640625
0.0770111083984375 0.100578308105469 0.246139526367187 -0.00401306152343749
-0.0187454223632813 0.118621826171875 0.177963256835938 0.016387939453125
-0.105110168457031 0.0638885498046875 0.130683898925781 0.0135574340820313
-0.125892639160156 -0.0793991088867188 0.20098876953125 -0.00437927246093751
-0.0391693115234375 -0.189773559570312 0.3798828125 -0.01593017578125
0.073211669921875 -0.187026977539063 0.530181884765625 0.244842529296875
-0.251739501953125 -0.208175659179687 0.125709533691406 -0.114761352539063
-0.352752685546875 -0.0411376953125 -0.00793457031250001 -0.0981369018554688
-0.256439208984375 0.182662963867187 -0.101882934570313 0.0448532104492187
-0.0355224609375 0.286865234375 0.00553894042968749 0.1708984375
0.1197509765625 0.224411010742187 0.119003295898438 0.144607543945312
0.24554443359375 0.0986328125 0.252487182617188 0.0473480224609375
0.253799438476563 0.0016937255859375 0.267974853515625 -0.05780029296875
0.225189208984375 0.023162841796875 0.217147827148438 -0.108200073242188
0.243453979492188 0.0485992431640625 0.198959350585938 -0.0952301025390625
0.187774658203125 0.143569946289063 0.192535400390625 -0.03485107421875
0.0473175048828125 0.209060668945313 0.1419677734375 -0.033721923828125
-0.0893096923828125 0.175521850585938 0.127662658691406 -0.0409164428710937
-0.206832885742188 0.012969970703125 0.228790283203125 -0.062225341796875
-0.193618774414062 -0.13421630859375 0.40716552734375 -0.05426025390625
-0.105911254882813 -0.176956176757813 0.5577392578125 0.196563720703125
-0.400604248046875 -0.187896728515625 0.0489044189453125 -0.170150756835938
-0.457794189453125 0.0156249999999999 -0.0620803833007813 -0.11279296875
-0.325592041015625 0.24810791015625 -0.111717224121094 0.0241165161132813
-0.054168701171875 0.37054443359375 -0.0148849487304687 0.120834350585938
0.15093994140625 0.2972412109375 0.0526885986328125 0.0952987670898438
0.324310302734375 0.13897705078125 0.15545654296875 0.0282745361328125
0.332977294921875 0.006988525390625 0.160781860351563 -0.0355987548828125
0.301971435546875 0.024322509765625 0.112968444824219 -0.0752792358398438
0.333282470703125 0.049224853515625 0.095611572265625 -0.0826263427734375
0.28082275390625 0.16571044921875 0.105987548828125 -0.0632553100585937
0.11773681640625 0.278961181640625 0.0808792114257813 -0.0889511108398437
-0.057220458984375 0.28271484375 0.111572265625 -0.105545043945312
-0.275115966796875 0.122894287109375 0.245941162109375 -0.1224365234375
-0.3424072265625 -0.052032470703125 0.404449462890625 -0.08074951171875
-0.282440185546875 -0.143096923828125 0.52825927734375 0.1441650390625
-0.487457275390625 -0.129425048828125 -0.0578155517578125 -0.220687866210938
-0.494964599609375 0.08282470703125 -0.131324768066406 -0.118484497070312
-0.337188720703125 0.2939453125 -0.120201110839844 0.00755310058593753
-0.05133056640625 0.408203125 -0.0350151062011719 0.0616531372070313
0.16748046875 0.32635498046875 -0.0207138061523437 0.036224365234375
0.355926513671875 0.155548095703125 0.0384750366210938 0.00793838500976563
0.36248779296875 0.011505126953125 0.0326328277587891 -0.00805473327636719
0.333892822265625 0.023956298828125 -0.00754737854003904 -0.0307693481445313
0.37396240234375 0.043670654296875 -0.0269241333007812 -0.0557174682617187
0.333221435546875 0.167755126953125 -0.00603485107421874 -0.0824966430664062
0.171844482421875 0.314666748046875 -0.00324249267578123 -0.136848449707031
-0.01922607421875 0.3587646484375 0.07421875 -0.16619873046875
-0.314727783203125 0.22161865234375 0.233795166015625 -0.17303466796875
-0.450775146484375 0.03436279296875 0.349884033203125 -0.0877685546875
-0.4166259765625 -0.09259033203125 0.432861328125 0.09136962890625
-0.503631591796875 -0.042633056640625 -0.178558349609375 -0.25579833984375
-0.457122802734375 0.154144287109375 -0.19927978515625 -0.113388061523437
-0.285491943359375 0.309722900390625 -0.125625610351563 -0.00617980957031247
-0.023651123046875 0.38250732421875 -0.0589103698730469 -0.000854492187499965
0.168365478515625 0.29779052734375 -0.093017578125 -0.0221176147460937
0.33453369140625 0.1400146484375 -0.0818710327148437 -0.0106353759765625
0.33575439453125 0.011016845703125 -0.0959014892578125 0.0197677612304688
0.31561279296875 0.018341064453125 -0.125556945800781 0.0186538696289062
0.3568115234375 0.035430908203125 -0.149169921875 -0.0197906494140625
0.32861328125 0.14898681640625 -0.128173828125 -0.09185791015625
0.1871337890625 0.302642822265625 -0.0989227294921875 -0.171676635742187
0.01092529296875 0.3701171875 0.020355224609375 -0.212005615234375
-0.307342529296875 0.26739501953125 0.190200805664062 -0.199066162109375
-0.4803466796875 0.1009521484375 0.2491455078125 -0.071380615234375
-0.47259521484375 -0.0350341796875 0.285675048828125 0.0433349609375
-0.45550537109375 0.0530700683593751 -0.29437255859375 -0.26605224609375
-0.357025146484375 0.21124267578125 -0.254241943359375 -0.0962371826171875
-0.183135986328125 0.2896728515625 -0.125411987304688 -0.0145416259765625
0.02142333984375 0.299835205078125 -0.08428955078125 -0.0543136596679688
0.1527099609375 0.216567993164063 -0.152908325195313 -0.0636444091796875
0.267547607421875 0.096282958984375 -0.18438720703125 -0.019989013671875
0.261062622070313 0.0054931640625 -0.203948974609375 0.0472412109375
0.250808715820313 0.0110931396484375 -0.225357055664062 0.0630035400390625
0.286041259765625 0.0263671875 -0.253341674804688 0.015045166015625
0.25811767578125 0.114349365234375 -0.234893798828125 -0.0930023193359375
0.152847290039063 0.237625122070313 -0.178421020507812 -0.188919067382813
0.021240234375 0.29815673828125 -0.0292816162109375 -0.233123779296875
-0.241455078125 0.237808227539063 0.132293701171875 -0.194534301757812
-0.408966064453125 0.12786865234375 0.130996704101562 -0.038543701171875
-0.434326171875 0.023468017578125 0.123802185058594 0.007171630859375
-0.348419189453125 0.1385498046875 -0.39202880859375 -0.2540283203125
-0.220458984375 0.235000610351563 -0.294921875 -0.071014404296875
-0.0595855712890625 0.235061645507812 -0.125320434570312 -0.0109176635742188
0.067840576171875 0.17877197265625 -0.104530334472656 -0.0809173583984375
0.120651245117188 0.104736328125 -0.18743896484375 -0.07965087890625
0.164459228515625 0.033294677734375 -0.249923706054688 -0.0163116455078125
0.146652221679688 -0.003265380859375 -0.274871826171875 0.0717926025390625
0.149505615234375 0.0017852783203125 -0.289642333984375 0.09857177734375
0.1693115234375 0.0184478759765625 -0.3212890625 0.040679931640625
0.137786865234375 0.0665435791015625 -0.305816650390625 -0.0924377441406249
0.07720947265625 0.131202697753906 -0.220046997070313 -0.1927490234375
0.015838623046875 0.162506103515625 -0.0554962158203125 -0.231903076171875
-0.131271362304688 0.142745971679687 0.08367919921875 -0.16363525390625
-0.25079345703125 0.118804931640625 0.0322208404541016 0.000349044799804695
-0.31060791015625 0.0778198242187501 -0.0182590484619141 -0.0152912139892578
-0.201263427734375 0.196304321289063 -0.468780517578125 -0.221405029296875
-0.073760986328125 0.220809936523438 -0.328887939453125 -0.0400390624999999
0.0550689697265625 0.163040161132813 -0.131523132324219 0.01025390625
0.102912902832031 0.0502548217773438 -0.119117736816406 -0.0742340087890625
0.0770263671875 -0.0129165649414063 -0.192062377929688 -0.0653839111328125
0.0445632934570313 -0.0337944030761719 -0.271347045898438 0.00103759765624998
0.0134811401367187 -0.0122194290161133 -0.300140380859375 0.0911560058593751
0.0258884429931641 -0.00802230834960938 -0.31170654296875 0.11883544921875
0.0281753540039063 0.00852394104003906 -0.343719482421875 0.0531311035156251
-0.00319385528564453 0.00921821594238281 -0.3275146484375 -0.0938720703125
-0.0101737976074219 0.00597381591796875 -0.218597412109375 -0.186599731445312
0.00899696350097656 0.00364589691162109 -0.05364990234375 -0.2142333984375
0.00189018249511719 0.0297603607177734 0.059051513671875 -0.121284484863281
-0.0483551025390625 0.0974655151367188 -0.0250778198242188 0.0357017517089844
-0.131500244140625 0.129371643066406 -0.113761901855469 -0.017578125
-0.074371337890625 -0.18267822265625 0.166656494140625 -0.044158935546875
-0.196044921875 -0.0684051513671875 0.0264854431152344 -0.0677833557128906
-0.140670776367188 0.108657836914063 -0.0877838134765625 0.0770263671875
0.00433349609374998 0.16351318359375 0.02850341796875 0.214065551757813
0.0815811157226563 0.112464904785156 0.179718017578125 0.18402099609375
0.133399963378906 0.02947998046875 0.326416015625 0.059295654296875
0.135200500488281 -0.0177001953125 0.347412109375 -0.0728759765625
0.115837097167969 0.0066070556640625 0.295379638671875 -0.122802734375
0.122055053710937 0.0251388549804688 0.276290893554688 -0.0903472900390625
0.0847549438476563 0.0898666381835938 0.252410888671875 0.00347900390625001
-0.00641632080078124 0.116096496582031 0.177215576171875 0.0213470458984375
-0.096588134765625 0.0707626342773438 0.127029418945313 0.0133132934570313
-0.12689208984375 -0.0654144287109375 0.205184936523438 -0.01300048828125
-0.05084228515625 -0.178085327148438 0.392364501953125 -0.017913818359375
0.059295654296875 -0.1817626953125 0.54376220703125 0.257843017578125
-0.267166137695313 -0.203903198242188 0.132926940917969 -0.0887985229492188
-0.35797119140625 -0.02685546875 0.000404357910156234 -0.083831787109375
-0.253524780273438 0.191558837890625 -0.0971908569335938 0.0511398315429688
-0.025543212890625 0.286285400390625 0.0075531005859375 0.175521850585938
0.127960205078125 0.220489501953125 0.120742797851563 0.152236938476563
0.248123168945313 0.087066650390625 0.257553100585938 0.05126953125
0.255935668945313 -0.008209228515625 0.278762817382813 -0.0533294677734375
0.229095458984375 0.0139007568359375 0.22698974609375 -0.101943969726563
0.2489013671875 0.03839111328125 0.207489013671875 -0.0872650146484375
0.198150634765625 0.1380615234375 0.197113037109375 -0.0233001708984375
0.0589141845703125 0.213043212890625 0.1370849609375 -0.0263290405273437
-0.086395263671875 0.186508178710937 0.121490478515625 -0.041229248046875
-0.21759033203125 0.0251007080078125 0.230087280273438 -0.0689849853515625
-0.212554931640625 -0.127120971679688 0.415863037109375 -0.055389404296875
-0.125457763671875 -0.1802978515625 0.56689453125 0.2093505859375
-0.419158935546875 -0.19134521484375 0.052490234375 -0.14556884765625
-0.468536376953125 0.0237731933593751 -0.0555953979492188 -0.096343994140625
-0.32977294921875 0.256195068359375 -0.108322143554688 0.0323028564453125
-0.0487060546875 0.37493896484375 -0.0119094848632813 0.127944946289063
0.15765380859375 0.29974365234375 0.0550308227539063 0.104827880859375
0.32861328125 0.133514404296875 0.159988403320313 0.03558349609375
0.339996337890625 0.001739501953125 0.171920776367188 -0.029052734375
0.309783935546875 0.0191650390625 0.123130798339844 -0.0662612915039063
0.34222412109375 0.0430908203125 0.102630615234375 -0.0715255737304687
0.291015625 0.16546630859375 0.107894897460938 -0.050140380859375
0.126678466796875 0.287567138671875 0.0740814208984375 -0.0809860229492187
-0.058868408203125 0.29656982421875 0.102180480957031 -0.105087280273437
-0.29144287109375 0.132110595703125 0.243331909179687 -0.129959106445313
-0.366424560546875 -0.05047607421875 0.406829833984375 -0.082305908203125
-0.30401611328125 -0.154327392578125 0.531158447265625 0.15216064453125
-0.507049560546875 -0.13885498046875 -0.06134033203125 -0.199996948242188
-0.510498046875 0.085052490234375 -0.129463195800781 -0.10198974609375
-0.348297119140625 0.302581787109375 -0.118011474609375 0.0186080932617188
-0.053070068359375 0.415924072265625 -0.0329551696777344 0.069732666015625
0.173309326171875 0.333648681640625 -0.0179634094238281 0.0468559265136719
0.360137939453125 0.156341552734375 0.0418815612792969 0.0175056457519531
0.37353515625 0.0107421875 0.0428047180175781 0.000774383544921876
0.344268798828125 0.023468017578125 0.00243186950683596 -0.0198783874511719
0.38519287109375 0.04302978515625 -0.022979736328125 -0.0434112548828125
0.343536376953125 0.1729736328125 -0.00670623779296873 -0.0688514709472656
0.17578125 0.327911376953125 -0.0120925903320312 -0.129066467285156
-0.0242919921875 0.37322998046875 0.0633697509765625 -0.166030883789062
-0.334625244140625 0.226959228515625 0.226821899414062 -0.178741455078125
-0.47430419921875 0.0303955078125001 0.3482666015625 -0.089447021484375
-0.435516357421875 -0.10760498046875 0.429962158203125 0.09375
-0.521636962890625 -0.0591430664062499 -0.188018798828125 -0.241119384765625
-0.475341796875 0.14935302734375 -0.203079223632813 -0.0970306396484375
-0.305206298828125 0.31549072265625 -0.124191284179688 0.00699615478515628
-0.031646728515625 0.395355224609375 -0.0566291809082031 0.00749588012695314
0.1708984375 0.311248779296875 -0.0914154052734375 -0.0117721557617187
0.341796875 0.14837646484375 -0.079986572265625 -0.00193023681640626
0.34869384765625 0.014739990234375 -0.0890426635742187 0.02838134765625
0.327484130859375 0.02294921875 -0.118637084960937 0.0288543701171875
0.369598388671875 0.0399169921875 -0.148361206054687 -0.00767517089843751
0.335357666015625 0.158905029296875 -0.130912780761719 -0.0785140991210937
0.188873291015625 0.31781005859375 -0.108963012695312 -0.164505004882812
0.002410888671875 0.381500244140625 0.00892639160156249 -0.211135864257812
-0.327484130859375 0.268829345703125 0.18115234375 -0.201904296875
-0.4993896484375 0.0921325683593751 0.241973876953125 -0.07391357421875
-0.488922119140625 -0.054656982421875 0.2786865234375 0.0403900146484375
-0.466064453125 0.0345764160156249 -0.309234619140625 -0.25994873046875
-0.37359619140625 0.199249267578125 -0.265426635742188 -0.0830230712890625
-0.20428466796875 0.290740966796875 -0.126441955566406 -0.000877380371093728
0.00891113281250003 0.31103515625 -0.08221435546875 -0.0466842651367187
0.15106201171875 0.232162475585938 -0.153549194335938 -0.0563507080078125
0.273345947265625 0.10888671875 -0.184982299804687 -0.0119476318359375
0.273208618164063 0.0138092041015625 -0.200759887695312 0.0546875
0.26165771484375 0.0181121826171875 -0.221328735351562 0.0714111328125
0.297119140625 0.035491943359375 -0.254486083984375 0.0256805419921876
0.263275146484375 0.127975463867188 -0.240814208984375 -0.0822906494140624
0.148452758789062 0.25274658203125 -0.187210083007813 -0.183853149414062
0.00955200195312498 0.30804443359375 -0.0387725830078125 -0.23162841796875
-0.260757446289063 0.233383178710937 0.122909545898437 -0.19464111328125
-0.424102783203125 0.11572265625 0.1219482421875 -0.0406951904296875
-0.44329833984375 0.00106811523437506 0.112266540527344 -0.00250244140625
-0.35211181640625 0.12030029296875 -0.410858154296875 -0.25531005859375
-0.22979736328125 0.219619750976563 -0.310394287109375 -0.0620727539062499
-0.0753631591796875 0.230270385742188 -0.128097534179688 0.000724792480468745
0.0519866943359375 0.184402465820312 -0.103164672851562 -0.0747146606445312
0.114311218261719 0.117835998535156 -0.187515258789062 -0.07623291015625
0.166732788085938 0.04876708984375 -0.252410888671875 -0.0125885009765625
0.15606689453125 0.009429931640625 -0.276702880859375 0.07513427734375
0.157669067382813 0.0111846923828125 -0.29022216796875 0.1041259765625
0.178726196289062 0.0302886962890625 -0.325164794921875 0.048431396484375
0.14111328125 0.0832061767578125 -0.31219482421875 -0.0867309570312499
0.06988525390625 0.146255493164063 -0.226791381835938 -0.190109252929687
0.00183105468749998 0.169570922851563 -0.06268310546875 -0.230514526367188
-0.148040771484375 0.134567260742188 0.07562255859375 -0.163665771484375
-0.259658813476563 0.102279663085938 0.0223274230957031 -0.00323486328124999
-0.31219482421875 0.0566101074218751 -0.0305156707763672 -0.0306377410888672
-0.19549560546875 0.18365478515625 -0.488372802734375 -0.23065185546875
-0.0750885009765625 0.206008911132813 -0.34710693359375 -0.034332275390625
0.04742431640625 0.152297973632813 -0.133842468261719 0.0201263427734375
0.0893707275390625 0.0487899780273437 -0.117324829101563 -0.070159912109375
0.0677680969238281 -0.00505447387695313 -0.191329956054688 -0.0668792724609375
0.0422782897949219 -0.0184783935546875 -0.273757934570313 0.000854492187499962
0.0192279815673828 0.000547409057617188 -0.30474853515625 0.090087890625
0.0298728942871094 0.00137710571289063 -0.31549072265625 0.11993408203125
0.0349693298339844 0.0216312408447266 -0.35076904296875 0.0556945800781251
-0.00164222717285156 0.0263214111328125 -0.33636474609375 -0.0925903320312501
-0.0196399688720703 0.0198116302490234 -0.224838256835938 -0.188140869140625
-0.00494575500488281 0.00805807113647461 -0.05859375 -0.2147216796875
-0.0106315612792969 0.0208358764648437 0.0522003173828125 -0.121536254882812
-0.0520248413085938 0.0797576904296875 -0.0349102020263672 0.0291423797607422
-0.12823486328125 0.110137939453125 -0.125938415527344 -0.0397109985351563
-0.0867156982421875 -0.173202514648438 0.184219360351562 -0.0266265869140625
-0.199020385742188 -0.0503082275390625 0.0381317138671875 -0.0601005554199219
-0.131004333496094 0.120010375976563 -0.0833358764648438 0.0819168090820313
0.0190887451171875 0.162109375 0.03515625 0.219497680664063
0.0923080444335938 0.104957580566406 0.19036865234375 0.18829345703125
0.134834289550781 0.0144271850585938 0.3394775390625 0.056793212890625
0.134223937988281 -0.0319900512695313 0.3621826171875 -0.081024169921875
0.115959167480469 -0.006591796875 0.30859375 -0.1298828125
0.123588562011719 0.0105438232421875 0.290191650390625 -0.094451904296875
0.0936737060546875 0.0792465209960938 0.266220092773438 0.00450134277343751
0.00612640380859374 0.115257263183594 0.181549072265625 0.0237884521484375
-0.0883026123046875 0.0775909423828125 0.127334594726563 0.011749267578125
-0.130546569824219 -0.052032470703125 0.213699340820312 -0.0237274169921875
-0.0628814697265625 -0.169509887695313 0.412994384765625 -0.027374267578125
0.044952392578125 -0.180938720703125 0.57537841796875 0.26605224609375
-0.2890625 -0.197509765625 0.145736694335937 -0.0699310302734375
-0.368865966796875 -0.00875854492187493 0.0103683471679687 -0.0738525390625
-0.252487182617187 0.207366943359375 -0.0932388305664063 0.0581817626953125
-0.013946533203125 0.29180908203125 0.0138092041015625 0.182693481445313
0.1409912109375 0.219284057617187 0.130218505859375 0.16058349609375
0.25579833984375 0.076385498046875 0.269515991210938 0.052947998046875
0.262939453125 -0.0226287841796875 0.29541015625 -0.05828857421875
0.237091064453125 0.001434326171875 0.241607666015625 -0.105056762695312
0.259521484375 0.0244903564453125 0.218948364257813 -0.08636474609375
0.213943481445313 0.131591796875 0.208602905273438 -0.01763916015625
0.0737152099609375 0.219940185546875 0.138252258300781 -0.0228118896484375
-0.0805206298828125 0.201751708984375 0.117622375488281 -0.0424957275390625
-0.22998046875 0.0421295166015625 0.234786987304687 -0.0810394287109375
-0.2364501953125 -0.11846923828125 0.432464599609375 -0.06488037109375
-0.14971923828125 -0.18463134765625 0.59423828125 0.2158203125
-0.4483642578125 -0.190185546875 0.0585098266601562 -0.12677001953125
-0.486572265625 0.0406494140625001 -0.0493621826171875 -0.08465576171875
-0.33770751953125 0.2769775390625 -0.105270385742188 0.0420150756835938
-0.0423583984375 0.38714599609375 -0.00682830810546874 0.135833740234375
0.17352294921875 0.305816650390625 0.0611648559570313 0.115020751953125
0.341278076171875 0.126983642578125 0.169815063476563 0.0413970947265625
0.35394287109375 -0.01055908203125 0.1876220703125 -0.028228759765625
0.323944091796875 0.008514404296875 0.137153625488281 -0.0640411376953125
0.359039306640625 0.032196044921875 0.111434936523438 -0.0648269653320313
0.310516357421875 0.16357421875 0.114707946777344 -0.0415802001953125
0.143524169921875 0.3001708984375 0.0699615478515625 -0.0758209228515625
-0.0550537109375 0.316558837890625 0.0949859619140625 -0.10699462890625
-0.310577392578125 0.1519775390625 0.2435302734375 -0.142227172851563
-0.39703369140625 -0.0420837402343749 0.418060302734375 -0.092529296875
-0.333740234375 -0.16033935546875 0.5491943359375 0.155120849609375
-0.53875732421875 -0.1429443359375 -0.063629150390625 -0.183242797851563
-0.534820556640625 0.097564697265625 -0.128761291503906 -0.0865402221679687
-0.36419677734375 0.3238525390625 -0.115402221679688 0.0304183959960938
-0.050048828125 0.435150146484375 -0.02850341796875 0.0780715942382813
0.1883544921875 0.34619140625 -0.0144729614257812 0.05792236328125
0.378204345703125 0.15606689453125 0.0478477478027344 0.0255966186523438
0.39227294921875 0.001556396484375 0.0551834106445313 0.00515365600585938
0.3621826171875 0.01556396484375 0.013031005859375 -0.0129232406616211
0.406768798828125 0.03570556640625 -0.0177688598632812 -0.031890869140625
0.364013671875 0.1741943359375 -0.00545883178710936 -0.0577964782714844
0.192535400390625 0.344024658203125 -0.0212554931640625 -0.123893737792969
-0.0220947265625 0.3963623046875 0.0528106689453125 -0.167617797851562
-0.35687255859375 0.24676513671875 0.222732543945312 -0.189849853515625
-0.50830078125 0.03857421875 0.352691650390625 -0.098052978515625
-0.46820068359375 -0.1175537109375 0.43780517578125 0.094482421875
-0.55224609375 -0.065521240234375 -0.200668334960938 -0.228744506835937
-0.501739501953125 0.158447265625 -0.210861206054688 -0.0812530517578125
-0.3223876953125 0.33660888671875 -0.123878479003906 0.0202484130859375
-0.031341552734375 0.4171142578125 -0.0549545288085937 0.0151405334472657
0.184661865234375 0.3280029296875 -0.0913619995117188 -0.00193023681640622
0.360565185546875 0.15399169921875 -0.0791549682617187 0.00781250000000001
0.369842529296875 0.012054443359375 -0.0818252563476562 0.0365982055664062
0.3460693359375 0.019439697265625 -0.11236572265625 0.0389480590820313
0.3919677734375 0.037689208984375 -0.148223876953125 0.00633239746093753
0.35638427734375 0.166412353515625 -0.135459899902344 -0.0661697387695312
0.2010498046875 0.335845947265625 -0.120376586914062 -0.158905029296875
0.00238037109375 0.40435791015625 -0.00325012207031251 -0.212631225585937
-0.35052490234375 0.285430908203125 0.173904418945312 -0.210906982421875
-0.532073974609375 0.096923828125 0.24053955078125 -0.0793914794921875
-0.5185546875 -0.0656433105468749 0.276870727539062 0.03680419921875
-0.49005126953125 0.0268554687499999 -0.33245849609375 -0.252777099609375
-0.396453857421875 0.202301025390625 -0.280029296875 -0.0671234130859374
-0.22357177734375 0.30523681640625 -0.127922058105469 0.0115890502929688
0.00244140624999997 0.329681396484375 -0.0828628540039063 -0.0402145385742188
0.159210205078125 0.250289916992188 -0.157028198242188 -0.0487060546874999
0.289764404296875 0.1195068359375 -0.188690185546875 -0.00267028808593752
0.293304443359375 0.01641845703125 -0.200927734375 0.064422607421875
0.279037475585938 0.019256591796875 -0.220916748046875 0.0834197998046875
0.317169189453125 0.03851318359375 -0.260528564453125 0.040191650390625
0.279708862304688 0.138885498046875 -0.250274658203125 -0.0709381103515625
0.155349731445313 0.271835327148438 -0.201934814453125 -0.179595947265625
0.00509643554687503 0.32623291015625 -0.0516815185546875 -0.2332763671875
-0.28314208984375 0.24298095703125 0.113662719726562 -0.200698852539062
-0.449951171875 0.113311767578125 0.115921020507812 -0.043365478515625
-0.466033935546875 -0.0111083984374999 0.102928161621094 -0.010833740234375
-0.364654541015625 0.11187744140625 -0.441375732421875 -0.255340576171875
-0.243209838867187 0.216140747070313 -0.33160400390625 -0.048248291015625
-0.0901641845703125 0.234695434570313 -0.131141662597656 0.0130844116210938
0.042327880859375 0.19586181640625 -0.105194091796875 -0.0716705322265625
0.115020751953125 0.131996154785156 -0.1923828125 -0.072662353515625
0.177017211914063 0.062469482421875 -0.260604858398438 -0.00480651855468754
0.17132568359375 0.0159149169921875 -0.283355712890625 0.083953857421875
0.170028686523437 0.0160369873046875 -0.2950439453125 0.115234375
0.19390869140625 0.03765869140625 -0.335906982421875 0.062042236328125
0.151565551757813 0.0966644287109375 -0.32745361328125 -0.077117919921875
0.070037841796875 0.164337158203125 -0.241668701171875 -0.187774658203125
-0.00688171386718752 0.182342529296875 -0.074249267578125 -0.234024047851563
-0.165863037109375 0.1353759765625 0.067840576171875 -0.166946411132813
-0.275863647460938 0.094024658203125 0.0132503509521484 -0.00498962402343749
-0.32452392578125 0.04248046875 -0.0462379455566407 -0.0445098876953125
-0.194473266601563 0.178298950195312 -0.52142333984375 -0.234649658203125
-0.07708740234375 0.198455810546875 -0.37042236328125 -0.0233154296875001
0.0415496826171875 0.147247314453125 -0.137031555175781 0.03076171875
0.0784225463867188 0.05023193359375 -0.119071960449219 -0.0675506591796875
0.0621337890625 0.0025482177734375 -0.195770263671875 -0.066375732421875
0.0445022583007813 -0.0053253173828125 -0.28314208984375 0.00466918945312494
0.0267772674560547 0.0113143920898437 -0.31658935546875 0.0972900390625
0.03680419921875 0.0101127624511719 -0.325592041015625 0.1307373046875
0.0434837341308594 0.0313949584960938 -0.36566162109375 0.06744384765625
0.00182723999023438 0.0417556762695312 -0.354583740234375 -0.0855102539062499
-0.0260200500488281 0.0354270935058594 -0.23919677734375 -0.188949584960937
-0.0166702270507813 0.0149574279785156 -0.0689697265625 -0.21978759765625
-0.0243568420410156 0.013641357421875 0.046630859375 -0.124656677246094
-0.0591468811035156 0.0661125183105469 -0.0449295043945313 0.0258560180664063
-0.129684448242188 0.096588134765625 -0.143875122070313 -0.057708740234375
-0.100509643554688 -0.160873413085938 0.204727172851563 -0.0165863037109375
-0.200836181640625 -0.028411865234375 0.0495223999023437 -0.0564956665039063
-0.117637634277344 0.132682800292969 -0.0756912231445313 0.08843994140625
0.0361328125 0.158401489257813 0.048919677734375 0.22412109375
0.103515625 0.093719482421875 0.207611083984375 0.187362670898437
0.134223937988281 -0.0021209716796875 0.35650634765625 0.04302978515625
0.130020141601563 -0.0487442016601563 0.375579833984375 -0.10260009765625
0.114768981933594 -0.02215576171875 0.318084716796875 -0.147186279296875
0.123779296875 -0.00710296630859375 0.3018798828125 -0.1083984375
0.10223388671875 0.0664291381835937 0.2823486328125 -0.004547119140625
0.0202560424804688 0.111602783203125 0.189407348632813 0.0203704833984375
-0.0786895751953125 0.0863800048828125 0.128204345703125 0.00827026367187501
-0.132575988769531 -0.0365676879882812 0.220199584960938 -0.041229248046875
-0.07720947265625 -0.158721923828125 0.432098388671875 -0.0509033203125
0.028167724609375 -0.179702758789063 0.61700439453125 0.25677490234375
-0.314849853515625 -0.18133544921875 0.161483764648437 -0.0574798583984375
-0.378662109375 0.0201416015625 0.0205421447753906 -0.0673103332519531
-0.244247436523437 0.230194091796875 -0.086944580078125 0.06622314453125
0.00567626953124998 0.29638671875 0.024749755859375 0.189788818359375
0.159957885742188 0.213394165039062 0.145751953125 0.163742065429688
0.26422119140625 0.0592041015625 0.285491943359375 0.045989990234375
0.267776489257813 -0.0441436767578125 0.3099365234375 -0.073516845703125
0.243988037109375 -0.018310546875 0.252883911132813 -0.117584228515625
0.26873779296875 0.0027313232421875 0.231124877929688 -0.0937957763671875
0.232101440429688 0.118209838867188 0.2216796875 -0.0213623046875
0.0966033935546875 0.223220825195312 0.1407470703125 -0.02301025390625
-0.06854248046875 0.219772338867188 0.114654541015625 -0.0458984375
-0.238937377929688 0.0663604736328125 0.236419677734375 -0.099853515625
-0.2615966796875 -0.101242065429687 0.4481201171875 -0.0894775390625
-0.178573608398438 -0.181045532226563 0.629150390625 0.20477294921875
-0.4825439453125 -0.171112060546875 0.0646896362304687 -0.112030029296875
-0.503631591796875 0.0718688964843751 -0.0435333251953125 -0.0740203857421875
-0.3350830078125 0.305908203125 -0.0992507934570313 0.0522613525390625
-0.0223388671875 0.40191650390625 0.00280761718750001 0.143630981445313
0.1973876953125 0.305267333984375 0.0735397338867188 0.123405456542969
0.357940673828125 0.111175537109375 0.182113647460938 0.041015625
0.36669921875 -0.033538818359375 0.202545166015625 -0.036407470703125
0.3375244140625 -0.01312255859375 0.150192260742188 -0.069305419921875
0.376800537109375 0.0084228515625 0.120147705078125 -0.0642776489257813
0.33563232421875 0.15179443359375 0.12335205078125 -0.0391311645507813
0.170745849609375 0.308074951171875 0.0661773681640625 -0.073455810546875
-0.039337158203125 0.339324951171875 0.0861434936523438 -0.110694885253906
-0.323822021484375 0.181396484375 0.2403564453125 -0.1611328125
-0.428314208984375 -0.018585205078125 0.426910400390625 -0.115142822265625
-0.3699951171875 -0.1553955078125 0.5755615234375 0.144287109375
-0.577880859375 -0.1263427734375 -0.0687713623046876 -0.16717529296875
-0.555908203125 0.13092041015625 -0.128730773925781 -0.0718841552734375
-0.367279052734375 0.35882568359375 -0.111610412597656 0.0433425903320313
-0.03125 0.45672607421875 -0.021331787109375 0.0863037109375
0.215301513671875 0.3531494140625 -0.00756454467773437 0.0681991577148438
0.40142822265625 0.144775390625 0.0555686950683594 0.0312309265136719
0.411163330078125 -0.01953125 0.0671539306640625 0.00574874877929687
0.380645751953125 -0.0047607421875 0.024129867553711 -0.0103549957275391
0.429962158203125 0.014556884765625 -0.0124683380126953 -0.0227527618408203
0.393035888671875 0.165191650390625 -0.0032997131347656 -0.0491256713867187
0.2220458984375 0.355316162109375 -0.0315093994140625 -0.118453979492187
-0.00564575195312498 0.42108154296875 0.038604736328125 -0.170730590820312
-0.371490478515625 0.278839111328125 0.21478271484375 -0.207687377929688
-0.54144287109375 0.064361572265625 0.354705810546875 -0.11700439453125
-0.5050048828125 -0.108612060546875 0.45245361328125 0.08355712890625
-0.58782958984375 -0.05145263671875 -0.218353271484375 -0.211746215820313
-0.524261474609375 0.185791015625 -0.216567993164063 -0.0611114501953125
-0.33148193359375 0.368927001953125 -0.121208190917969 0.0342636108398438
-0.0198974609375001 0.442138671875 -0.0513114929199219 0.0231971740722657
0.210205078125 0.339324951171875 -0.090972900390625 0.00907135009765628
0.386505126953125 0.147247314453125 -0.0768280029296875 0.0193862915039062
0.39288330078125 -0.005157470703125 -0.0745315551757812 0.0449981689453125
0.36669921875 0.003662109375 -0.104293823242187 0.0495223999023438
0.4163818359375 0.020599365234375 -0.147750854492187 0.0231170654296875
0.3836669921875 0.160125732421875 -0.14019775390625 -0.0520477294921875
0.225860595703125 0.3487548828125 -0.135986328125 -0.150177001953125
0.015045166015625 0.428741455078125 -0.02056884765625 -0.213363647460937
-0.36590576171875 0.315185546875 0.161117553710937 -0.224472045898438
-0.561859130859375 0.1212158203125 0.237503051757812 -0.0907135009765625
-0.5516357421875 -0.0585632324218751 0.277999877929687 0.0262908935546875
-0.516998291015625 0.0359497070312501 -0.361602783203125 -0.237060546875
-0.414947509765625 0.22027587890625 -0.294281005859375 -0.0443115234375
-0.232696533203125 0.3316650390625 -0.1273193359375 0.026763916015625
0.00827026367187496 0.352142333984375 -0.0841903686523438 -0.0328369140625
0.177764892578125 0.263198852539063 -0.16119384765625 -0.037872314453125
0.313140869140625 0.120513916015625 -0.192581176757812 0.011444091796875
0.31494140625 0.0069580078125 -0.200042724609375 0.0780487060546875
0.298309326171875 0.00933837890625 -0.21722412109375 0.100341796875
0.340972900390625 0.02862548828125 -0.26422119140625 0.06219482421875
0.303192138671875 0.1396484375 -0.26153564453125 -0.052459716796875
0.17340087890625 0.287445068359375 -0.220199584960938 -0.169418334960938
0.01190185546875 0.34674072265625 -0.0710906982421875 -0.233306884765625
-0.297943115234375 0.26373291015625 0.101104736328125 -0.20843505859375
-0.474365234375 0.128753662109375 0.108757019042969 -0.048126220703125
-0.493194580078125 -0.00814819335937507 0.0922393798828125 -0.0201950073242188
-0.37689208984375 0.11688232421875 -0.47918701171875 -0.241546630859375
-0.253570556640625 0.223220825195312 -0.351776123046875 -0.0247802734374999
-0.0981292724609375 0.246444702148438 -0.131446838378906 0.0272750854492188
0.0407562255859375 0.209945678710937 -0.109291076660156 -0.0653152465820312
0.124069213867188 0.143447875976563 -0.200927734375 -0.0631866455078125
0.192642211914063 0.068634033203125 -0.26922607421875 0.00968933105468756
0.189682006835938 0.01580810546875 -0.287750244140625 0.101531982421875
0.1851806640625 0.013916015625 -0.296112060546875 0.135833740234375
0.213348388671875 0.036224365234375 -0.344268798828125 0.0860900878906249
0.168548583984375 0.105224609375 -0.34344482421875 -0.056854248046875
0.0776824951171875 0.180831909179688 -0.262786865234375 -0.178878784179688
-0.00914001464843751 0.1973876953125 -0.092681884765625 -0.234054565429688
-0.182113647460938 0.1448974609375 0.05621337890625 -0.170806884765625
-0.29345703125 0.09796142578125 0.00461339950561522 -0.00541162490844726
-0.3394775390625 0.040863037109375 -0.0654106140136719 -0.05377197265625
-0.190963745117187 0.178802490234375 -0.56475830078125 -0.22088623046875
-0.076171875 0.195236206054688 -0.39404296875 -0.000244140625000001
0.03887939453125 0.144256591796875 -0.138267517089844 0.0450515747070312
0.0710525512695313 0.0526809692382813 -0.122848510742188 -0.0625534057617188
0.0589714050292969 0.0093841552734375 -0.204238891601563 -0.0611114501953125
0.0496788024902344 0.0058746337890625 -0.294219970703125 0.0167236328125
0.0369338989257813 0.0202674865722656 -0.32611083984375 0.114990234375
0.0451850891113281 0.0162200927734375 -0.33111572265625 0.150726318359375
0.0552635192871094 0.0377464294433594 -0.376708984375 0.090606689453125
0.0101585388183594 0.0562705993652344 -0.374969482421875 -0.067779541015625
-0.0275650024414062 0.0518836975097656 -0.260208129882813 -0.182296752929688
-0.0268688201904297 0.0237483978271484 -0.0845489501953125 -0.22235107421875
-0.0383949279785156 0.0103378295898438 0.0374526977539062 -0.127914428710938
-0.0669975280761719 0.0574913024902344 -0.0542564392089844 0.0261268615722656
-0.1314697265625 0.0884246826171875 -0.16766357421875 -0.0690155029296875
-0.111343383789063 -0.1424560546875 0.224105834960938 -0.0147857666015625
-0.195526123046875 -0.003997802734375 0.0593681335449219 -0.0558128356933594
-0.098785400390625 0.141357421875 -0.0648040771484375 0.092498779296875
0.0533294677734375 0.14752197265625 0.0655670166015625 0.222763061523438
0.111618041992188 0.0791854858398438 0.224411010742188 0.176162719726563
0.127952575683594 -0.0185317993164063 0.36456298828125 0.02001953125
0.120361328125 -0.0649795532226563 0.37713623046875 -0.129608154296875
0.108200073242188 -0.03741455078125 0.315765380859375 -0.1707763671875
0.118583679199219 -0.0248870849609375 0.303985595703125 -0.130523681640625
0.107414245605469 0.0497589111328125 0.291900634765625 -0.021881103515625
0.0342178344726563 0.104377746582031 0.194015502929687 0.0123443603515625
-0.0662384033203125 0.0925445556640625 0.127662658691406 0.00192260742187501
-0.129554748535156 -0.01898193359375 0.218612670898438 -0.06201171875
-0.0901641845703125 -0.142868041992188 0.438201904296875 -0.083984375
0.00878906249999998 -0.173690795898437 0.649658203125 0.22528076171875
-0.334716796875 -0.153900146484375 0.1759033203125 -0.0504913330078125
-0.37518310546875 0.0544128417968751 0.0290184020996094 -0.0630912780761719
-0.224319458007812 0.2496337890625 -0.0765533447265625 0.0725860595703125
0.02899169921875 0.292694091796875 0.0398712158203125 0.19012451171875
0.177032470703125 0.198043823242188 0.161758422851563 0.159317016601563
0.265838623046875 0.0358734130859375 0.296478271484375 0.0299072265625
0.263290405273437 -0.0693359375 0.3157958984375 -0.096038818359375
0.2420654296875 -0.0416412353515625 0.255111694335938 -0.13531494140625
0.270339965820312 -0.023681640625 0.235244750976563 -0.107315063476562
0.2459716796875 0.09661865234375 0.231216430664063 -0.032012939453125
0.120315551757813 0.2161865234375 0.141220092773438 -0.0271453857421875
-0.0485076904296875 0.231048583984375 0.108062744140625 -0.0501480102539062
-0.238784790039062 0.09326171875 0.229324340820313 -0.120986938476563
-0.280319213867188 -0.0754241943359374 0.448638916015625 -0.12005615234375
-0.2054443359375 -0.166793823242188 0.6546630859375 0.17474365234375
-0.506744384765625 -0.138946533203125 0.0714950561523437 -0.098846435546875
-0.50341796875 0.11297607421875 -0.0365333557128907 -0.0641860961914063
-0.31805419921875 0.335418701171875 -0.08966064453125 0.0614013671875
0.00598144531250001 0.406219482421875 0.0155181884765625 0.147323608398438
0.22222900390625 0.2923583984375 0.0884475708007813 0.123924255371094
0.367828369140625 0.08544921875 0.193374633789063 0.03363037109375
0.36834716796875 -0.06451416015625 0.2110595703125 -0.0507965087890625
0.340545654296875 -0.041473388671875 0.156051635742188 -0.0789947509765625
0.383270263671875 -0.0240478515625 0.12640380859375 -0.0669097900390625
0.355743408203125 0.126312255859375 0.129547119140625 -0.0409774780273437
0.20098876953125 0.302734375 0.0611419677734375 -0.07147216796875
-0.0147705078125 0.35369873046875 0.0745773315429688 -0.112197875976562
-0.323760986328125 0.21588134765625 0.22650146484375 -0.18096923828125
-0.4481201171875 0.01641845703125 0.42193603515625 -0.14251708984375
-0.400299072265625 -0.133087158203125 0.5916748046875 0.11456298828125
-0.6043701171875 -0.09130859375 -0.0717926025390625 -0.147323608398438
-0.55865478515625 0.172698974609375 -0.124481201171875 -0.054962158203125
-0.3536376953125 0.3927001953125 -0.101509094238281 0.0546875
-0.00283813476562501 0.46844482421875 -0.01214599609375 0.0918045043945313
0.24554443359375 0.34454345703125 0.00238800048828126 0.0749893188476563
0.419189453125 0.119964599609375 0.0648612976074219 0.033966064453125
0.4189453125 -0.052703857421875 0.0777435302734375 0.00156402587890625
0.3883056640625 -0.0333251953125 0.0334358215332031 -0.0107135772705078
0.441741943359375 -0.019744873046875 -0.00557136535644529 -0.0145292282104492
0.41534423828125 0.140411376953125 0.000511169433593775 -0.0415458679199219
0.2537841796875 0.351165771484375 -0.0409698486328125 -0.109634399414062
0.02166748046875 0.43572998046875 0.02154541015625 -0.168930053710937
-0.36895751953125 0.31622314453125 0.195770263671875 -0.222885131835937
-0.55828857421875 0.105224609375 0.3472900390625 -0.1385498046875
-0.5343017578125 -0.0840759277343751 0.460296630859375 0.0594482421875
-0.6109619140625 -0.0209350585937501 -0.231781005859375 -0.185836791992188
-0.52984619140625 0.22186279296875 -0.2174072265625 -0.0373992919921875
-0.32183837890625 0.405029296875 -0.113365173339844 0.0481491088867188
0.00512695312499999 0.4588623046875 -0.0467987060546875 0.0306816101074219
0.239410400390625 0.33538818359375 -0.0855865478515625 0.0212631225585938
0.408294677734375 0.128021240234375 -0.0709991455078125 0.0301513671875
0.40472412109375 -0.033050537109375 -0.0647010803222656 0.0510787963867187
0.377410888671875 -0.0225830078125 -0.0938491821289062 0.0581130981445313
0.4315185546875 -0.008758544921875 -0.140335083007812 0.04132080078125
0.406646728515625 0.13909912109375 -0.139968872070312 -0.03515625
0.256103515625 0.34716796875 -0.149703979492187 -0.134994506835937
0.04107666015625 0.443267822265625 -0.0404510498046875 -0.208251953125
-0.362457275390625 0.349273681640625 0.141387939453125 -0.233367919921875
-0.576416015625 0.1575927734375 0.22760009765625 -0.103729248046875
-0.5770263671875 -0.03314208984375 0.273406982421875 0.0110015869140625
-0.532684326171875 0.0578918457031251 -0.38421630859375 -0.20562744140625
-0.41973876953125 0.2459716796875 -0.299224853515625 -0.0153198242187499
-0.228759765625 0.356597900390625 -0.121604919433594 0.0414276123046875
0.024322509765625 0.36822509765625 -0.0834274291992188 -0.0237503051757812
0.201187133789063 0.26458740234375 -0.1617431640625 -0.023468017578125
0.333984375 0.1082763671875 -0.190032958984375 0.0296478271484375
0.32916259765625 -0.013214111328125 -0.19219970703125 0.0926666259765625
0.310211181640625 -0.0089111328125 -0.206756591796875 0.117202758789063
0.356536865234375 0.00775146484375 -0.25836181640625 0.0882110595703125
0.324676513671875 0.12811279296875 -0.264633178710938 -0.027587890625
0.1961669921875 0.29119873046875 -0.236358642578125 -0.149505615234375
0.029266357421875 0.360198974609375 -0.0908203125 -0.22552490234375
-0.299713134765625 0.2889404296875 0.081695556640625 -0.212142944335938
-0.484588623046875 0.156097412109375 0.0992813110351562 -0.0526962280273437
-0.509552001953125 0.0109252929687501 0.0792312622070312 -0.0279998779296875
-0.380828857421875 0.128692626953125 -0.5096435546875 -0.208404541015625
-0.25390625 0.232894897460937 -0.361328125 0.00738525390625008
-0.0992889404296875 0.257644653320313 -0.128005981445312 0.0426177978515625
0.0449371337890625 0.220550537109375 -0.111625671386719 -0.0559539794921875
0.135009765625 0.14788818359375 -0.205734252929687 -0.0491790771484375
0.208328247070313 0.0667877197265625 -0.270050048828125 0.0303802490234375
0.20379638671875 0.0075225830078125 -0.28326416015625 0.121826171875
0.196212768554688 0.00579833984375 -0.287811279296875 0.158172607421875
0.227981567382813 0.0263519287109375 -0.340911865234375 0.11572265625
0.186065673828125 0.104095458984375 -0.35101318359375 -0.027923583984375
0.0915069580078125 0.19171142578125 -0.279510498046875 -0.157821655273437
-0.00413513183593751 0.209320068359375 -0.112167358398438 -0.226959228515625
-0.189682006835938 0.158065795898438 0.04046630859375 -0.171463012695312
-0.303436279296875 0.1085205078125 -0.00399780273437502 -0.004136323928833
-0.34869384765625 0.0473632812499999 -0.0855178833007813 -0.0570755004882813
-0.182113647460938 0.178924560546875 -0.59759521484375 -0.1904296875
-0.0712432861328125 0.190750122070313 -0.405670166015625 0.032745361328125
0.0372085571289062 0.139633178710938 -0.134773254394531 0.0597000122070313
0.0640106201171875 0.0549430847167969 -0.125648498535156 -0.05401611328125
0.0570602416992188 0.0153121948242188 -0.210006713867187 -0.04962158203125
0.0570220947265625 0.0138816833496094 -0.29779052734375 0.0363159179687499
0.0481719970703125 0.0238876342773438 -0.32537841796875 0.1373291015625
0.0536880493164063 0.0186309814453125 -0.3255615234375 0.17523193359375
0.0677452087402344 0.0397567749023438 -0.376708984375 0.12091064453125
0.022491455078125 0.0661430358886719 -0.38653564453125 -0.037933349609375
-0.0240707397460938 0.0668601989746094 -0.277816772460938 -0.164138793945313
-0.0328807830810547 0.0347766876220703 -0.1033935546875 -0.2169189453125
-0.0514678955078125 0.0115203857421875 0.0255661010742187 -0.127685546875
-0.0743484497070313 0.0518951416015625 -0.0616035461425781 0.0287437438964844
-0.131050109863281 0.0823974609375 -0.190887451171875 -0.070770263671875
-0.115165710449219 -0.122634887695312 0.238067626953125 -0.0157928466796875
-0.182937622070313 0.0158538818359375 0.0668754577636719 -0.0559806823730469
-0.079345703125 0.142120361328125 -0.0538482666015625 0.0924835205078125
0.065032958984375 0.132652282714844 0.0788421630859375 0.214569091796875
0.113250732421875 0.0634994506835938 0.233230590820313 0.160552978515625
0.117538452148438 -0.0305099487304688 0.362457275390625 -0.002593994140625
0.1070556640625 -0.0753173828125 0.366058349609375 -0.151092529296875
0.0974502563476563 -0.0485916137695313 0.303436279296875 -0.18682861328125
0.108100891113281 -0.03875732421875 0.295867919921875 -0.146759033203125
0.106460571289063 0.0332107543945313 0.29095458984375 -0.04010009765625
0.04376220703125 0.0923995971679688 0.19293212890625 0.00354003906250001
-0.05206298828125 0.0925064086914063 0.124114990234375 -0.00263214111328124
-0.12213134765625 -0.00497436523437502 0.20965576171875 -0.0786590576171875
-0.0964584350585937 -0.124099731445312 0.42913818359375 -0.11029052734375
-0.0069580078125 -0.160964965820313 0.66119384765625 0.1895751953125
-0.339447021484375 -0.125 0.187850952148437 -0.0453338623046875
-0.359283447265625 0.082550048828125 0.0361900329589843 -0.060089111328125
-0.2008056640625 0.258697509765625 -0.0657501220703125 0.074371337890625
0.047027587890625 0.279937744140625 0.053314208984375 0.184616088867188
0.18585205078125 0.1781005859375 0.172088623046875 0.148712158203125
0.25946044921875 0.0164947509765625 0.297576904296875 0.013458251953125
0.249954223632812 -0.087921142578125 0.310638427734375 -0.113861083984375
0.23187255859375 -0.0606536865234375 0.248977661132813 -0.148849487304688
0.2608642578125 -0.0471649169921875 0.231719970703125 -0.117202758789063
0.249618530273438 0.0732574462890625 0.232452392578125 -0.0440216064453125
0.1370849609375 0.202621459960938 0.137985229492187 -0.0298080444335937
-0.0294647216796875 0.23321533203125 0.101020812988281 -0.0511550903320312
-0.22967529296875 0.114776611328125 0.214920043945312 -0.134475708007813
-0.28582763671875 -0.047760009765625 0.434783935546875 -0.142822265625
-0.2225341796875 -0.145660400390625 0.6610107421875 0.141357421875
-0.51300048828125 -0.103546142578125 0.0796051025390625 -0.0869674682617187
-0.48687744140625 0.145538330078125 -0.0288047790527344 -0.0561256408691406
-0.29254150390625 0.351531982421875 -0.0780563354492188 0.0654983520507813
0.02899169921875 0.39697265625 0.02679443359375 0.145126342773438
0.236679077148438 0.2716064453125 0.0985946655273438 0.119834899902344
0.36639404296875 0.060882568359375 0.198440551757813 0.02581787109375
0.357421875 -0.088897705078125 0.2117919921875 -0.0637054443359375
0.33160400390625 -0.06494140625 0.1563720703125 -0.08795166015625
0.37652587890625 -0.0528564453125 0.128829956054688 -0.0697250366210938
0.36187744140625 0.09912109375 0.132835388183594 -0.0441436767578125
0.221435546875 0.286468505859375 0.0560722351074219 -0.0672225952148437
0.008941650390625 0.355712890625 0.063018798828125 -0.109001159667969
-0.310882568359375 0.2406005859375 0.207412719726562 -0.190902709960937
-0.450897216796875 0.04974365234375 0.405670166015625 -0.161773681640625
-0.41497802734375 -0.1068115234375 0.59014892578125 0.087158203125
-0.6092529296875 -0.0546875000000001 -0.0687713623046875 -0.12628173828125
-0.544342041015625 0.204833984375 -0.116241455078125 -0.0404586791992187
-0.3297119140625 0.41424560546875 -0.0898208618164063 0.0616378784179688
0.022308349609375 0.46533203125 -0.00269317626953124 0.0933303833007813
0.26416015625 0.32550048828125 0.0124053955078125 0.0776824951171875
0.42242431640625 0.093231201171875 0.0727157592773438 0.0332260131835938
0.412200927734375 -0.078948974609375 0.0842437744140625 -0.00436401367187501
0.3824462890625 -0.058563232421875 0.0404586791992188 -0.01275634765625
0.436431884765625 -0.04913330078125 0.00255393981933596 -0.00895500183105469
0.422332763671875 0.112884521484375 0.00479125976562503 -0.0358123779296875
0.27642822265625 0.335968017578125 -0.0480499267578125 -0.0982513427734375
0.046630859375 0.43603515625 0.00740051269531252 -0.161163330078125
-0.354095458984375 0.341522216796875 0.173690795898437 -0.228485107421875
-0.55792236328125 0.139495849609375 0.3302001953125 -0.15155029296875
-0.5450439453125 -0.0567626953125 0.451416015625 0.0379638671875
-0.61456298828125 0.00982666015625005 -0.233734130859375 -0.15692138671875
-0.516448974609375 0.24993896484375 -0.209442138671875 -0.0170745849609375
-0.301239013671875 0.424896240234375 -0.102287292480469 0.0571823120117188
0.028533935546875 0.459503173828125 -0.03924560546875 0.03564453125
0.25860595703125 0.32110595703125 -0.0778884887695312 0.0297622680664063
0.415740966796875 0.105377197265625 -0.061737060546875 0.038482666015625
0.402679443359375 -0.0584716796875 -0.0546035766601562 0.0533866882324219
0.3753662109375 -0.045013427734375 -0.0809097290039062 0.0627670288085938
0.4315185546875 -0.035797119140625 -0.128135681152344 0.0549850463867188
0.4166259765625 0.115814208984375 -0.133880615234375 -0.0201644897460937
0.278045654296875 0.336090087890625 -0.155990600585937 -0.116912841796875
0.06427001953125 0.441680908203125 -0.055816650390625 -0.195571899414062
-0.348663330078125 0.3699951171875 0.119033813476562 -0.233535766601563
-0.57342529296875 0.19073486328125 0.21240234375 -0.110336303710937
-0.58306884765625 -0.00823974609375005 0.2623291015625 -0.000488281250000001
-0.53173828125 0.0793457031250001 -0.39166259765625 -0.171722412109375
-0.410400390625 0.262359619140625 -0.293701171875 0.0107727050781251
-0.216094970703125 0.37274169921875 -0.112274169921875 0.0526809692382813
0.0394287109375 0.37322998046875 -0.0799102783203125 -0.0161972045898437
0.21630859375 0.256683349609375 -0.156463623046875 -0.0104827880859375
0.3441162109375 0.09307861328125 -0.18096923828125 0.043609619140625
0.332427978515625 -0.03204345703125 -0.180282592773437 0.102981567382812
0.311309814453125 -0.0260009765625 -0.191085815429688 0.127243041992188
0.359588623046875 -0.0130615234375 -0.243011474609375 0.107345581054687
0.33502197265625 0.111846923828125 -0.258758544921875 -0.00553894042968753
0.214691162109375 0.2857666015625 -0.242645263671875 -0.127456665039062
0.04498291015625 0.36273193359375 -0.106170654296875 -0.211074829101562
-0.292083740234375 0.30535888671875 0.0634307861328125 -0.207717895507812
-0.4820556640625 0.1781005859375 0.0886306762695312 -0.0529632568359375
-0.511016845703125 0.0271606445312501 0.0644264221191406 -0.0321617126464844
-0.375396728515625 0.137054443359375 -0.519744873046875 -0.1710205078125
-0.248428344726563 0.2374267578125 -0.35809326171875 0.0356140136718751
-0.0959930419921875 0.263916015625 -0.120407104492187 0.0535202026367188
0.0491790771484375 0.225921630859375 -0.110305786132813 -0.0468673706054688
0.14227294921875 0.1474609375 -0.20281982421875 -0.0346221923828125
0.21820068359375 0.0609893798828125 -0.262603759765625 0.04766845703125
0.210464477539063 -0.0022430419921875 -0.272064208984375 0.137496948242188
0.201004028320313 -0.00274658203125 -0.271240234375 0.172393798828125
0.235260009765625 0.014190673828125 -0.325347900390625 0.1392822265625
0.198394775390625 0.098968505859375 -0.345001220703125 -0.00137329101562497
0.104522705078125 0.195358276367187 -0.285675048828125 -0.135589599609375
0.00291442871093751 0.215988159179688 -0.125885009765625 -0.211471557617188
-0.192245483398438 0.168289184570313 0.02667236328125 -0.165695190429688
-0.30450439453125 0.118865966796875 -0.0108890533447266 -0.00111198425292968
-0.34832763671875 0.0531005859375 -0.101524353027344 -0.0552520751953125
-0.170700073242188 0.174819946289062 -0.6085205078125 -0.1527099609375
-0.0673980712890625 0.182327270507813 -0.402740478515625 0.0618896484375001
0.0331954956054687 0.134384155273437 -0.126815795898438 0.0700836181640625
0.0579681396484375 0.057769775390625 -0.12432861328125 -0.04498291015625
0.0561256408691406 0.0200347900390625 -0.208511352539063 -0.038055419921875
0.0640144348144531 0.0186996459960937 -0.292388916015625 0.052642822265625
0.0582084655761719 0.0256462097167969 -0.314849853515625 0.153289794921875
0.0603256225585937 0.0197830200195312 -0.3106689453125 0.190704345703125
0.0776443481445313 0.0391845703125 -0.36395263671875 0.14453125
0.0340194702148438 0.0710525512695313 -0.384002685546875 -0.00933837890624992
-0.0173721313476563 0.07916259765625 -0.284881591796875 -0.142578125
-0.035552978515625 0.0442543029785156 -0.11669921875 -0.20477294921875
-0.0621414184570312 0.0151290893554688 0.0151138305664062 -0.123283386230469
-0.0814208984375 0.0478591918945312 -0.0665855407714844 0.0311203002929688
-0.12908935546875 0.0755996704101562 -0.208297729492188 -0.06732177734375
-0.112442016601563 -0.106651306152344 0.249038696289063 -0.013824462890625
-0.168548583984375 0.0273895263671875 0.0735244750976562 -0.055389404296875
-0.0650482177734375 0.137443542480469 -0.0465240478515625 0.0890731811523438
0.0692825317382813 0.118743896484375 0.084442138671875 0.2052001953125
0.110313415527344 0.0513458251953125 0.232650756835938 0.148239135742188
0.107589721679687 -0.0369338989257812 0.35443115234375 -0.014678955078125
0.0941162109375 -0.0797805786132813 0.35430908203125 -0.159515380859375
0.0870513916015625 -0.0538101196289063 0.293121337890625 -0.191497802734375
0.0970611572265625 -0.0465545654296875 0.2877197265625 -0.15252685546875
0.101905822753906 0.021728515625 0.286407470703125 -0.0482177734375
0.0480194091796875 0.0822219848632813 0.189544677734375 -0.000122070312499995
-0.0422439575195313 0.089752197265625 0.120468139648438 -0.00399017333984374
-0.111282348632813 0.00357055664062502 0.200103759765625 -0.086395263671875
-0.096466064453125 -0.109298706054688 0.41729736328125 -0.122283935546875
-0.0162200927734375 -0.14727783203125 0.65765380859375 0.1690673828125
-0.33428955078125 -0.104339599609375 0.19830322265625 -0.0387115478515625
-0.340850830078125 0.095733642578125 0.0440902709960937 -0.0571975708007813
-0.18377685546875 0.2572021484375 -0.0575027465820313 0.07257080078125
0.0552520751953125 0.265914916992188 0.05963134765625 0.178314208984375
0.184967041015625 0.16290283203125 0.1754150390625 0.141006469726563
0.249252319335938 0.0054473876953125 0.29364013671875 0.0050048828125
0.2359619140625 -0.0975799560546875 0.303375244140625 -0.122955322265625
0.220062255859375 -0.0706939697265625 0.242538452148438 -0.152847290039063
0.249053955078125 -0.0603485107421875 0.228790283203125 -0.1207275390625
0.24591064453125 0.056976318359375 0.2308349609375 -0.04949951171875
0.144744873046875 0.189804077148438 0.13470458984375 -0.02899169921875
-0.016845703125 0.231201171875 0.0954513549804688 -0.0485153198242187
-0.21905517578125 0.125991821289062 0.202743530273438 -0.13916015625
-0.285003662109375 -0.0281982421875 0.42156982421875 -0.152069091796875
-0.229904174804688 -0.130050659179687 0.65301513671875 0.1241455078125
-0.50628662109375 -0.0830688476562501 0.0892410278320312 -0.07464599609375
-0.466278076171875 0.15924072265625 -0.0197906494140625 -0.0502700805664062
-0.274200439453125 0.35333251953125 -0.0687828063964844 0.0652236938476563
0.04022216796875 0.385711669921875 0.0338592529296875 0.141143798828125
0.238693237304687 0.2550048828125 0.104568481445313 0.115516662597656
0.3582763671875 0.047393798828125 0.200408935546875 0.02020263671875
0.343536376953125 -0.101654052734375 0.209686279296875 -0.070220947265625
0.3199462890625 -0.076934814453125 0.155532836914063 -0.090484619140625
0.365386962890625 -0.06915283203125 0.130996704101563 -0.0697097778320313
0.35882568359375 0.080810546875 0.134262084960938 -0.0450515747070313
0.231842041015625 0.273773193359375 0.0532684326171875 -0.0620460510253906
0.021697998046875 0.35211181640625 0.0556259155273437 -0.103034973144531
-0.299835205078125 0.25244140625 0.192276000976562 -0.191360473632812
-0.4478759765625 0.0697326660156249 0.39093017578125 -0.167877197265625
-0.41937255859375 -0.0908203124999999 0.57977294921875 0.0743408203125
-0.60235595703125 -0.0371093749999999 -0.0594482421875 -0.109840393066406
-0.526092529296875 0.218658447265625 -0.105461120605469 -0.0319671630859375
-0.31121826171875 0.420318603515625 -0.080596923828125 0.0623550415039063
0.0353698730468749 0.4569091796875 0.0049285888671875 0.092559814453125
0.269378662109375 0.310302734375 0.0200881958007813 0.0776443481445313
0.418426513671875 0.077362060546875 0.0788421630859375 0.0328826904296875
0.400726318359375 -0.093505859375 0.0875625610351563 -0.00827789306640626
0.37274169921875 -0.07171630859375 0.045562744140625 -0.0141716003417969
0.428466796875 -0.06646728515625 0.010706901550293 -0.00514793395996094
0.422393798828125 0.094879150390625 0.0104160308837891 -0.0323886871337891
0.286163330078125 0.32220458984375 -0.0491790771484375 -0.0880661010742187
0.059814453125 0.430938720703125 -0.00096130371093751 -0.150466918945312
-0.343292236328125 0.352081298828125 0.1573486328125 -0.224563598632812
-0.5517578125 0.158660888671875 0.315093994140625 -0.1536865234375
-0.544464111328125 -0.041107177734375 0.438934326171875 0.03021240234375
-0.60955810546875 0.02093505859375 -0.226638793945312 -0.136383056640625
-0.503753662109375 0.25946044921875 -0.199554443359375 -0.00430297851562498
-0.289398193359375 0.431671142578125 -0.092620849609375 0.0604629516601563
0.040252685546875 0.457611083984375 -0.0333099365234375 0.0378189086914063
0.265869140625 0.309478759765625 -0.069305419921875 0.0339736938476563
0.415191650390625 0.091064453125 -0.0533905029296875 0.042633056640625
0.397247314453125 -0.071563720703125 -0.0465278625488281 0.0529327392578125
0.369049072265625 -0.056976318359375 -0.0719223022460937 0.0632705688476563
0.425262451171875 -0.051422119140625 -0.115638732910156 0.0609970092773438
0.4176025390625 0.100311279296875 -0.125991821289062 -0.0122833251953125
0.287841796875 0.325469970703125 -0.155303955078125 -0.103805541992187
0.0738220214843749 0.438140869140625 -0.0627593994140625 -0.182846069335937
-0.339935302734375 0.380218505859375 0.105316162109375 -0.226333618164062
-0.56640625 0.2049560546875 0.200714111328125 -0.109161376953125
-0.5791015625 0.00268554687499999 0.24945068359375 -0.0046844482421875
-0.52752685546875 0.0834960937499999 -0.38616943359375 -0.1484375
-0.4034423828125 0.26617431640625 -0.284454345703125 0.0260009765625
-0.210205078125 0.377899169921875 -0.1038818359375 0.0569534301757813
0.046661376953125 0.375030517578125 -0.0743408203125 -0.0113067626953125
0.222991943359375 0.250473022460937 -0.148681640625 -0.00283813476562497
0.347503662109375 0.08294677734375 -0.17095947265625 0.051361083984375
0.33135986328125 -0.0423583984375 -0.169342041015625 0.1055908203125
0.3094482421875 -0.0340576171875 -0.1781005859375 0.12933349609375
0.3590087890625 -0.02545166015625 -0.227554321289062 0.1158447265625
0.339202880859375 0.101959228515625 -0.247543334960938 0.00682067871093755
0.223297119140625 0.281280517578125 -0.239852905273438 -0.111618041992188
0.0521240234375 0.36083984375 -0.111831665039063 -0.197052001953125
-0.287994384765625 0.310943603515625 0.0531768798828125 -0.199356079101562
-0.477996826171875 0.187530517578125 0.0802230834960937 -0.0500411987304687
-0.508880615234375 0.03265380859375 0.0519065856933593 -0.0318527221679688
-0.370697021484375 0.132537841796875 -0.51763916015625 -0.14697265625
-0.247177124023438 0.23284912109375 -0.350433349609375 0.05145263671875
-0.0965728759765625 0.265411376953125 -0.113090515136719 0.0587844848632813
0.048919677734375 0.230758666992188 -0.106536865234375 -0.0408782958984375
0.145416259765625 0.147567749023438 -0.19696044921875 -0.0267486572265625
0.224166870117188 0.0581207275390625 -0.25262451171875 0.0563354492187501
0.21514892578125 -0.0081787109375 -0.260513305664063 0.142608642578125
0.202911376953125 -0.006744384765625 -0.257369995117188 0.176406860351562
0.238677978515625 0.0074310302734375 -0.309295654296875 0.149139404296875
0.205184936523438 0.0948486328125 -0.334503173828125 0.0144958496093751
0.112213134765625 0.196701049804688 -0.28338623046875 -0.11932373046875
0.00498962402343751 0.218292236328125 -0.131103515625 -0.199478149414063
-0.193893432617188 0.17279052734375 0.0185699462890625 -0.157363891601563
-0.3057861328125 0.120361328125 -0.0163021087646485 0.0013866424560547
-0.3460693359375 0.049713134765625 -0.114715576171875 -0.0534744262695313
-0.16595458984375 0.163787841796875 -0.606689453125 -0.1312255859375
-0.06964111328125 0.172103881835937 -0.3953857421875 0.077545166015625
0.0266342163085938 0.12969970703125 -0.120185852050781 0.0749893188476563
0.051025390625 0.0630378723144531 -0.12127685546875 -0.0404891967773438
0.0548362731933594 0.0258255004882812 -0.20361328125 -0.0313873291015625
0.0702247619628906 0.0216598510742188 -0.28424072265625 0.059783935546875
0.06646728515625 0.0251350402832031 -0.3048095703125 0.160064697265625
0.0668144226074219 0.0200996398925781 -0.29730224609375 0.196136474609375
0.0842742919921875 0.0374755859375 -0.3494873046875 0.1558837890625
0.04461669921875 0.0734786987304688 -0.374420166015625 0.00811767578125007
-0.0107269287109375 0.0875167846679688 -0.2835693359375 -0.127471923828125
-0.0370368957519531 0.0519371032714844 -0.121124267578125 -0.193954467773438
-0.0708999633789063 0.0183334350585938 0.00949096679687501 -0.117515563964844
-0.0878143310546875 0.04400634765625 -0.0707855224609375 0.0327224731445313
-0.128829956054688 0.06640625 -0.221389770507813 -0.065826416015625
-0.107658386230469 -0.0970611572265625 0.263687133789063 -0.00914001464843751
-0.157485961914063 0.033966064453125 0.0817642211914063 -0.05523681640625
-0.0563430786132812 0.132858276367188 -0.0420150756835938 0.0854568481445313
0.0707855224609375 0.108329772949219 0.0872955322265625 0.201400756835938
0.107795715332031 0.0447540283203125 0.232635498046875 0.14349365234375
0.100479125976563 -0.0397262573242188 0.352020263671875 -0.018768310546875
0.085662841796875 -0.08099365234375 0.35247802734375 -0.163055419921875
0.079620361328125 -0.05718994140625 0.29083251953125 -0.191864013671875
0.0893096923828125 -0.051483154296875 0.28631591796875 -0.153564453125
0.0980758666992188 0.0138397216796875 0.285888671875 -0.05218505859375
0.0499725341796875 0.0748367309570312 0.189620971679687 1.52587890625046E-05
-0.0366363525390625 0.0872955322265625 0.119461059570313 -0.00218200683593749
-0.104789733886719 0.00748443603515624 0.195480346679688 -0.09027099609375
-0.094573974609375 -0.0997467041015625 0.413970947265625 -0.12603759765625
-0.0198593139648437 -0.136131286621094 0.6595458984375 0.16717529296875
-0.330810546875 -0.09619140625 0.212570190429687 -0.0310821533203125
-0.3299560546875 0.1014404296875 0.0528068542480468 -0.0547409057617187
-0.175399780273438 0.253936767578125 -0.0525016784667969 0.0702400207519532
0.0569610595703125 0.258056640625 0.0627288818359375 0.17559814453125
0.183013916015625 0.156005859375 0.177764892578125 0.137725830078125
0.243423461914063 0.001983642578125 0.2940673828125 0.001922607421875
0.227462768554687 -0.1005859375 0.303497314453125 -0.125701904296875
0.213348388671875 -0.07470703125 0.242904663085938 -0.1533203125
0.2432861328125 -0.0670013427734375 0.230331420898438 -0.121612548828125
0.244964599609375 0.0481109619140625 0.232467651367188 -0.0519866943359375
0.149337768554688 0.184295654296875 0.134330749511719 -0.0269851684570312
-0.010467529296875 0.230606079101562 0.0938262939453125 -0.0445632934570312
-0.214035034179688 0.1331787109375 0.196502685546875 -0.140640258789063
-0.28656005859375 -0.016998291015625 0.417083740234375 -0.15350341796875
-0.237106323242188 -0.120864868164062 0.653564453125 0.12384033203125
-0.50518798828125 -0.075775146484375 0.102035522460937 -0.064300537109375
-0.4588623046875 0.16400146484375 -0.0113372802734375 -0.0464286804199219
-0.26715087890625 0.354339599609375 -0.0639991760253906 0.0640029907226563
0.041534423828125 0.3809814453125 0.0383224487304688 0.139457702636719
0.239059448242188 0.249862670898438 0.108726501464844 0.114463806152344
0.35455322265625 0.041412353515625 0.203292846679688 0.0185699462890625
0.33782958984375 -0.1068115234375 0.212814331054688 -0.0733489990234375
0.315948486328125 -0.08233642578125 0.158798217773438 -0.09112548828125
0.36138916015625 -0.076568603515625 0.136062622070313 -0.0687942504882812
0.36016845703125 0.072174072265625 0.138275146484375 -0.0460128784179687
0.237747192382813 0.26953125 0.0532112121582031 -0.0574607849121094
0.026885986328125 0.353271484375 0.0528640747070313 -0.0969924926757812
-0.298431396484375 0.26092529296875 0.184402465820312 -0.189422607421875
-0.45111083984375 0.0809020996093751 0.384307861328125 -0.1658935546875
-0.42620849609375 -0.084564208984375 0.5772705078125 0.07586669921875
-0.6043701171875 -0.0324707031250001 -0.0493392944335938 -0.0981597900390625
-0.521820068359375 0.22174072265625 -0.09796142578125 -0.0262832641601562
-0.307037353515625 0.423492431640625 -0.074371337890625 0.061981201171875
0.037750244140625 0.458282470703125 0.00910949707031249 0.0919342041015625
0.2713623046875 0.305450439453125 0.025848388671875 0.07818603515625
0.4180908203125 0.072967529296875 0.0845870971679688 0.0329818725585938
0.398193359375 -0.099822998046875 0.0922698974609375 -0.0105972290039063
0.3707275390625 -0.0771484375 0.0514335632324219 -0.0153350830078125
0.4267578125 -0.074127197265625 0.0181846618652344 -0.00326156616210938
0.4239501953125 0.087982177734375 0.0152339935302735 -0.0311336517333984
0.293609619140625 0.31988525390625 -0.0495147705078125 -0.0820770263671875
0.06365966796875 0.434234619140625 -0.00418090820312499 -0.143234252929688
-0.3443603515625 0.359588623046875 0.1497802734375 -0.220626831054687
-0.556793212890625 0.16912841796875 0.30841064453125 -0.1517333984375
-0.553253173828125 -0.038818359375 0.432861328125 0.0325927734375
-0.61151123046875 0.0220336914062499 -0.219329833984375 -0.123870849609375
-0.503021240234375 0.26092529296875 -0.192245483398438 0.0030670166015625
-0.2877197265625 0.43896484375 -0.0870590209960938 0.0613784790039063
0.042266845703125 0.461456298828125 -0.0287666320800781 0.0385818481445313
0.2694091796875 0.30780029296875 -0.0637321472167969 0.035858154296875
0.420379638671875 0.087371826171875 -0.0456771850585937 0.0444068908691406
0.3963623046875 -0.078033447265625 -0.0409507751464843 0.0522994995117187
0.370147705078125 -0.06103515625 -0.0651626586914062 0.0628433227539063
0.4266357421875 -0.058563232421875 -0.107086181640625 0.0641403198242188
0.421142578125 0.095428466796875 -0.119491577148437 -0.00921630859375002
0.29400634765625 0.32611083984375 -0.154693603515625 -0.095855712890625
0.077178955078125 0.441986083984375 -0.0657196044921875 -0.17401123046875
-0.34332275390625 0.385772705078125 0.0987243652343749 -0.220321655273437
-0.57049560546875 0.21270751953125 0.193939208984375 -0.105316162109375
-0.58636474609375 -0.000244140625000017 0.241378784179688 -0.0028839111328125
-0.531494140625 0.080291748046875 -0.38397216796875 -0.13690185546875
-0.40789794921875 0.264617919921875 -0.280044555664063 0.0337371826171875
-0.21392822265625 0.38616943359375 -0.09918212890625 0.0594024658203125
0.046905517578125 0.383392333984375 -0.0710067749023438 -0.00977325439453121
0.225921630859375 0.252410888671875 -0.142959594726563 -0.000198364257812474
0.35394287109375 0.08154296875 -0.16485595703125 0.0543365478515625
0.3359375 -0.047454833984375 -0.164398193359375 0.1063232421875
0.312591552734375 -0.037017822265625 -0.171310424804688 0.129501342773437
0.362884521484375 -0.030364990234375 -0.218704223632812 0.120574951171875
0.345001220703125 0.098724365234375 -0.241363525390625 0.0111083984375
0.229705810546875 0.28399658203125 -0.238677978515625 -0.10406494140625
0.051788330078125 0.365875244140625 -0.113983154296875 -0.18853759765625
-0.2938232421875 0.31671142578125 0.0480804443359375 -0.19244384765625
-0.484039306640625 0.190185546875 0.0749282836914062 -0.0458145141601562
-0.511627197265625 0.025360107421875 0.0414085388183593 -0.0301780700683594
-0.373382568359375 0.12457275390625 -0.518585205078125 -0.138580322265625
-0.253494262695313 0.228469848632812 -0.347808837890625 0.0597229003906251
-0.103759765625 0.270172119140625 -0.10919189453125 0.061614990234375
0.046844482421875 0.23919677734375 -0.103530883789063 -0.0390243530273437
0.14764404296875 0.152145385742188 -0.192596435546875 -0.024505615234375
0.23114013671875 0.058746337890625 -0.248291015625 0.0599822998046875
0.221420288085938 -0.01019287109375 -0.257125854492188 0.144058227539063
0.207916259765625 -0.0074920654296875 -0.251388549804688 0.176483154296875
0.243896484375 0.0047760009765625 -0.301239013671875 0.153350830078125
0.2125244140625 0.0939483642578125 -0.3280029296875 0.0205078125
0.1180419921875 0.202484130859375 -0.28204345703125 -0.112030029296875
0.0040435791015625 0.225067138671875 -0.133132934570312 -0.19183349609375
-0.201736450195312 0.177200317382812 0.015716552734375 -0.151443481445313
-0.312713623046875 0.1204833984375 -0.0212688446044922 0.00398445129394532
-0.350189208984375 0.040740966796875 -0.126800537109375 -0.0535812377929688
-0.16766357421875 0.15252685546875 -0.60986328125 -0.125
-0.0760498046875 0.163742065429688 -0.394744873046875 0.0831909179687501
0.0184173583984375 0.129913330078125 -0.116653442382813 0.0772247314453125
0.0462112426757813 0.0703964233398438 -0.118736267089844 -0.0389251708984375
0.0547218322753906 0.0313377380371094 -0.202117919921875 -0.030364990234375
0.0773544311523438 0.0251998901367188 -0.281494140625 0.061859130859375
0.0747451782226563 0.0257568359375 -0.303924560546875 0.16192626953125
0.0720443725585938 0.0215530395507813 -0.293212890625 0.19598388671875
0.0909957885742188 0.0373153686523438 -0.34356689453125 0.159515380859375
0.0529251098632813 0.0762176513671875 -0.36962890625 0.0158386230468749
-0.00582885742187501 0.0947723388671875 -0.2830810546875 -0.1209716796875
-0.0393142700195313 0.0593223571777344 -0.123367309570313 -0.188735961914063
-0.0793609619140625 0.0213241577148438 0.00727844238281249 -0.113380432128906
-0.0958175659179688 0.0410995483398438 -0.0763168334960938 0.033050537109375
-0.133003234863281 0.0556716918945313 -0.235260009765625 -0.0674896240234375
-0.104209899902344 -0.0917816162109375 0.284423828125 -0.00485229492187501
-0.151199340820313 0.0380401611328125 0.092193603515625 -0.0560073852539063
-0.0510787963867187 0.1312255859375 -0.0394363403320313 0.084625244140625
0.0720443725585938 0.102546691894531 0.0909271240234375 0.20281982421875
0.107765197753906 0.0407333374023438 0.2386474609375 0.144744873046875
0.0972671508789063 -0.042266845703125 0.358428955078125 -0.022125244140625
0.0799484252929688 -0.0842437744140625 0.358917236328125 -0.16973876953125
0.0742645263671875 -0.0607757568359375 0.29705810546875 -0.19696044921875
0.0847930908203125 -0.0564651489257813 0.29205322265625 -0.157257080078125
0.096893310546875 0.00820159912109375 0.2923583984375 -0.05572509765625
0.0519638061523438 0.0701370239257813 0.193771362304688 0.000564575195312504
-0.0320816040039062 0.08636474609375 0.122276306152344 -0.00180816650390624
-0.0996627807617188 0.00986480712890626 0.196456909179688 -0.0957183837890625
-0.0950164794921875 -0.094024658203125 0.422515869140625 -0.129791259765625
-0.0222854614257813 -0.127777099609375 0.67999267578125 0.16937255859375
-0.335205078125 -0.0920715332031249 0.23211669921875 -0.02435302734375
-0.328125 0.106781005859375 0.0625648498535156 -0.0545692443847656
-0.173858642578125 0.258010864257813 -0.0502281188964844 0.0695686340332032
0.0579681396484375 0.258209228515625 0.0672607421875 0.17669677734375
0.184646606445313 0.15576171875 0.183914184570312 0.139694213867188
0.245773315429687 -0.0007171630859375 0.302398681640625 -0.0003662109375
0.226913452148438 -0.10516357421875 0.311309814453125 -0.131011962890625
0.21356201171875 -0.07940673828125 0.250457763671875 -0.157470703125
0.24310302734375 -0.07373046875 0.23876953125 -0.1240234375
0.249053955078125 0.0418701171875 0.24029541015625 -0.0544586181640625
0.156417846679688 0.184158325195313 0.137771606445313 -0.0255508422851562
-0.00587463378906249 0.235122680664062 0.0955123901367188 -0.0427932739257812
-0.216461181640625 0.142471313476563 0.1966552734375 -0.143814086914063
-0.29473876953125 -0.00784301757812499 0.424530029296875 -0.15570068359375
-0.247543334960938 -0.11541748046875 0.67095947265625 0.13055419921875
-0.516448974609375 -0.0745544433593751 0.118263244628906 -0.0562896728515625
-0.464385986328125 0.17120361328125 -0.00282669067382815 -0.0440177917480469
-0.26861572265625 0.36260986328125 -0.0605888366699219 0.063629150390625
0.044647216796875 0.387664794921875 0.0424346923828125 0.140655517578125
0.243057250976563 0.25238037109375 0.114662170410156 0.115554809570313
0.36212158203125 0.0404052734375 0.211776733398438 0.01788330078125
0.34088134765625 -0.112152099609375 0.220748901367188 -0.077239990234375
0.3199462890625 -0.087646484375 0.166824340820313 -0.094329833984375
0.36737060546875 -0.08502197265625 0.144683837890625 -0.06915283203125
0.369415283203125 0.066741943359375 0.144699096679688 -0.0470733642578125
0.2486572265625 0.272994995117188 0.0546607971191406 -0.0555038452148437
0.03265380859375 0.365386962890625 0.0534286499023438 -0.0932235717773437
-0.305084228515625 0.274871826171875 0.184600830078125 -0.192001342773437
-0.466033935546875 0.0933837890625 0.39105224609375 -0.168212890625
-0.4434814453125 -0.0830688476562499 0.590576171875 0.0814208984375
-0.62127685546875 -0.03326416015625 -0.0399551391601563 -0.08990478515625
-0.532623291015625 0.22894287109375 -0.0928726196289063 -0.021881103515625
-0.312408447265625 0.437164306640625 -0.0725326538085938 0.0634994506835938
0.04132080078125 0.469757080078125 0.0126953125 0.093292236328125
0.2784423828125 0.311676025390625 0.0312423706054688 0.080169677734375
0.4300537109375 0.07122802734375 0.092498779296875 0.0335922241210938
0.404571533203125 -0.10504150390625 0.0992813110351563 -0.0127029418945313
0.3792724609375 -0.081451416015625 0.0581283569335938 -0.0168266296386719
0.436065673828125 -0.083160400390625 0.025930404663086 -0.001373291015625
0.437774658203125 0.08282470703125 0.0203304290771485 -0.0306892395019531
0.30682373046875 0.3272705078125 -0.0490646362304687 -0.0785446166992187
0.0677490234375 0.44915771484375 -0.00463104248046874 -0.139495849609375
-0.356414794921875 0.37701416015625 0.148696899414062 -0.220977783203125
-0.57440185546875 0.182861328125 0.31134033203125 -0.15045166015625
-0.57147216796875 -0.0383911132812501 0.439422607421875 0.03631591796875
-0.63372802734375 0.01910400390625 -0.217056274414063 -0.116043090820313
-0.517242431640625 0.266693115234375 -0.191055297851563 0.00866699218750004
-0.29620361328125 0.455535888671875 -0.0846633911132813 0.0639495849609375
0.04559326171875 0.477447509765625 -0.0257301330566406 0.0397109985351563
0.278106689453125 0.316436767578125 -0.0604171752929687 0.0381698608398438
0.434478759765625 0.086517333984375 -0.0407295227050781 0.046173095703125
0.4075927734375 -0.083984375 -0.0376243591308593 0.0523796081542969
0.380859375 -0.065399169921875 -0.0608367919921875 0.0629730224609375
0.439117431640625 -0.06573486328125 -0.101936340332031 0.0675735473632813
0.43597412109375 0.0931396484375 -0.117088317871094 -0.00675964355468748
0.30804443359375 0.335479736328125 -0.15771484375 -0.0916900634765625
0.079986572265625 0.458099365234375 -0.0693206787109375 -0.17120361328125
-0.3555908203125 0.40338134765625 0.09619140625 -0.218963623046875
-0.589599609375 0.2210693359375 0.193695068359375 -0.102554321289062
-0.60626220703125 -0.00286865234375004 0.2396240234375 0.001007080078125
-0.551788330078125 0.0751037597656249 -0.38909912109375 -0.13079833984375
-0.42364501953125 0.269622802734375 -0.28399658203125 0.041473388671875
-0.222198486328125 0.400390625 -0.0980606079101563 0.0636596679687501
0.0491943359375 0.4019775390625 -0.069305419921875 -0.0087471008300781
0.234420776367187 0.2628173828125 -0.142669677734375 0.00108337402343753
0.368804931640625 0.08184814453125 -0.163360595703125 0.0574798583984375
0.347747802734375 -0.05255126953125 -0.1641845703125 0.10845947265625
0.32330322265625 -0.039825439453125 -0.16925048828125 0.131820678710938
0.37548828125 -0.035614013671875 -0.216400146484375 0.125198364257813
0.359527587890625 0.097930908203125 -0.2406005859375 0.0148773193359376
0.241851806640625 0.294525146484375 -0.2431640625 -0.100326538085937
0.053436279296875 0.380462646484375 -0.117538452148438 -0.186325073242187
-0.306488037109375 0.3297119140625 0.0460205078125 -0.19024658203125
-0.502227783203125 0.197052001953125 0.07177734375 -0.0430374145507812
-0.5318603515625 0.0183715820312499 0.0324363708496093 -0.0284061431884766
-0.38922119140625 0.11810302734375 -0.532745361328125 -0.13616943359375
-0.268417358398437 0.229171752929688 -0.35516357421875 0.0671997070312501
-0.113494873046875 0.281951904296875 -0.110115051269531 0.065521240234375
0.04547119140625 0.255722045898438 -0.1033935546875 -0.038360595703125
0.15380859375 0.161041259765625 -0.194656372070313 -0.0233917236328125
0.24462890625 0.0605926513671875 -0.249435424804688 0.063018798828125
0.233200073242188 -0.01361083984375 -0.260467529296875 0.1488037109375
0.219161987304688 -0.0082550048828125 -0.252883911132813 0.179718017578125
0.255020141601563 0.0028076171875 -0.302215576171875 0.15985107421875
0.224517822265625 0.096221923828125 -0.330810546875 0.0255126953125
0.126266479492188 0.212387084960938 -0.28741455078125 -0.10894775390625
0.00254821777343752 0.236221313476563 -0.137496948242188 -0.190811157226562
-0.214157104492188 0.185531616210937 0.014007568359375 -0.14971923828125
-0.3277587890625 0.123046875 -0.0263347625732422 0.00642013549804689
-0.36431884765625 0.03228759765625 -0.141845703125 -0.05517578125
-0.174850463867188 0.147125244140625 -0.62939453125 -0.12591552734375
-0.085479736328125 0.161392211914063 -0.40618896484375 0.089385986328125
0.01141357421875 0.134414672851563 -0.118270874023438 0.081451416015625
0.0436553955078125 0.0799407958984375 -0.120124816894531 -0.0385360717773438
0.0564041137695313 0.0377197265625 -0.20526123046875 -0.03131103515625
0.085784912109375 0.0284042358398438 -0.28643798828125 0.0642089843750001
0.084625244140625 0.0240020751953125 -0.31060791015625 0.167205810546875
0.0799407958984375 0.0231857299804688 -0.298004150390625 0.200714111328125
0.0992202758789062 0.0381317138671875 -0.347991943359375 0.16632080078125
0.0615997314453125 0.0792465209960938 -0.3746337890625 0.0211181640625
-0.00067901611328124 0.103683471679688 -0.289642333984375 -0.11968994140625
-0.041778564453125 0.0671882629394531 -0.128097534179688 -0.18939208984375
-0.0892486572265625 0.02508544921875 0.0061798095703125 -0.112411499023438
-0.105720520019531 0.0395889282226563 -0.0835647583007813 0.0348434448242188
-0.14129638671875 0.0472259521484375 -0.255172729492188 -0.0711669921875
-0.105384826660156 -0.0867691040039063 0.3123779296875 -0.008056640625
-0.146697998046875 0.046356201171875 0.103530883789063 -0.0597305297851563
-0.0451812744140625 0.1339111328125 -0.0364456176757813 0.0852890014648438
0.0761184692382813 0.0965957641601563 0.100799560546875 0.205657958984375
0.110237121582031 0.0350570678710938 0.250396728515625 0.1435546875
0.0961151123046875 -0.047637939453125 0.3709716796875 -0.033447265625
0.07525634765625 -0.0886306762695312 0.370208740234375 -0.185150146484375
0.0700912475585938 -0.0661354064941406 0.306304931640625 -0.21148681640625
0.0800018310546875 -0.064208984375 0.303253173828125 -0.170166015625
0.097137451171875 0.00025177001953125 0.30328369140625 -0.066314697265625
0.055389404296875 0.0655784606933594 0.201705932617187 -0.0032806396484375
-0.0282363891601563 0.088043212890625 0.127517700195313 -0.0035552978515625
-0.097412109375 0.0134048461914062 0.199264526367188 -0.10638427734375
-0.098724365234375 -0.088409423828125 0.437957763671875 -0.1458740234375
-0.0264511108398438 -0.122650146484375 0.7171630859375 0.16571044921875
-0.349822998046875 -0.08453369140625 0.257919311523437 -0.0229644775390625
-0.332977294921875 0.11993408203125 0.072723388671875 -0.0555038452148437
-0.170303344726562 0.269515991210937 -0.0472259521484375 0.0705108642578125
0.06561279296875 0.26239013671875 0.0758819580078125 0.180709838867188
0.194625854492188 0.154769897460938 0.196090698242188 0.139633178710938
0.252639770507813 -0.008026123046875 0.316162109375 -0.008758544921875
0.229278564453125 -0.115631103515625 0.32305908203125 -0.146575927734375
0.216659545898438 -0.089141845703125 0.261245727539063 -0.169784545898438
0.24749755859375 -0.0868682861328125 0.249603271484375 -0.133697509765625
0.25909423828125 0.031890869140625 0.25067138671875 -0.063751220703125
0.16998291015625 0.1822509765625 0.144119262695313 -0.027374267578125
0.00341796875000001 0.246444702148437 0.0996170043945312 -0.043548583984375
-0.218521118164063 0.157791137695313 0.1981201171875 -0.153915405273438
-0.308197021484375 0.00756835937499998 0.438385009765625 -0.169403076171875
-0.264862060546875 -0.107223510742188 0.7071533203125 0.12420654296875
-0.541290283203125 -0.0645751953125001 0.136878967285156 -0.052398681640625
-0.474395751953125 0.188262939453125 0.0043830871582031 -0.041961669921875
-0.268646240234375 0.38360595703125 -0.0589103698730469 0.0669631958007813
0.054962158203125 0.40228271484375 0.050537109375 0.144561767578125
0.258865356445313 0.256256103515625 0.124931335449219 0.117195129394531
0.377777099609375 0.031982421875 0.225128173828125 0.012542724609375
0.349639892578125 -0.12677001953125 0.231491088867188 -0.0878448486328125
0.32952880859375 -0.0997314453125 0.1767578125 -0.102828979492188
0.37933349609375 -0.101165771484375 0.155029296875 -0.0742034912109375
0.387481689453125 0.054962158203125 0.152587890625 -0.05389404296875
0.27105712890625 0.27630615234375 0.0562019348144531 -0.0553398132324219
0.045623779296875 0.38262939453125 0.0530242919921875 -0.0926895141601562
-0.312347412109375 0.299102783203125 0.183303833007812 -0.20111083984375
-0.487579345703125 0.1162109375 0.40167236328125 -0.1800537109375
-0.470733642578125 -0.0724792480468751 0.61895751953125 0.07611083984375
-0.65228271484375 -0.02130126953125 -0.0297393798828125 -0.0828018188476563
-0.549774169921875 0.251953125 -0.0893173217773438 -0.0159683227539062
-0.314453125 0.4658203125 -0.0692787170410156 0.0671577453613281
0.054840087890625 0.492523193359375 0.0191574096679688 0.09588623046875
0.298004150390625 0.318084716796875 0.0376052856445313 0.0812759399414063
0.45257568359375 0.06298828125 0.102096557617188 0.03216552734375
0.42022705078125 -0.122314453125 0.107048034667969 -0.018218994140625
0.393402099609375 -0.09588623046875 0.0653572082519532 -0.0197257995605469
0.45318603515625 -0.100311279296875 0.0338764190673828 -0.00180435180664063
0.460205078125 0.07135009765625 0.0238742828369141 -0.0323219299316406
0.333465576171875 0.3349609375 -0.0520477294921875 -0.07672119140625
0.083831787109375 0.471923828125 -0.00823211669921874 -0.138740539550781
-0.36444091796875 0.407867431640625 0.14599609375 -0.228240966796875
-0.5986328125 0.20947265625 0.317413330078125 -0.15911865234375
-0.60430908203125 -0.0300903320312499 0.456207275390625 0.031768798828125
-0.66473388671875 0.0303344726562501 -0.220001220703125 -0.107803344726563
-0.537506103515625 0.28924560546875 -0.193023681640625 0.01959228515625
-0.300048828125 0.487152099609375 -0.0839080810546875 0.0692825317382813
0.061004638671875 0.50494384765625 -0.0219535827636719 0.0421943664550782
0.30072021484375 0.326416015625 -0.058258056640625 0.0416259765625
0.46002197265625 0.07867431640625 -0.0354957580566406 0.049163818359375
0.4246826171875 -0.09918212890625 -0.0330772399902344 0.0539512634277344
0.399017333984375 -0.07940673828125 -0.0563125610351562 0.0653839111328125
0.4583740234375 -0.08282470703125 -0.0958938598632812 0.0743179321289063
0.4613037109375 0.083251953125 -0.117080688476562 -0.00345611572265627
0.3349609375 0.344696044921875 -0.16455078125 -0.0882415771484375
0.094268798828125 0.48150634765625 -0.0750274658203125 -0.169723510742187
-0.366485595703125 0.43438720703125 0.093048095703125 -0.223907470703125
-0.6156005859375 0.25140380859375 0.196823120117187 -0.106277465820313
-0.640380859375 0.00451660156249994 0.24462890625 -0.000457763671875
-0.581298828125 0.0844116210937499 -0.404754638671875 -0.1202392578125
-0.44451904296875 0.289581298828125 -0.291107177734375 0.056365966796875
-0.22607421875 0.431060791015625 -0.0989913940429688 0.06951904296875
0.062469482421875 0.427490234375 -0.069305419921875 -0.00649261474609374
0.254013061523437 0.27288818359375 -0.14483642578125 0.00422668457031252
0.393951416015625 0.075408935546875 -0.162887573242187 0.0636138916015625
0.36590576171875 -0.065399169921875 -0.16485595703125 0.11688232421875
0.341705322265625 -0.050018310546875 -0.169662475585938 0.139617919921875
0.39520263671875 -0.04803466796875 -0.216232299804687 0.136001586914062
0.382568359375 0.09124755859375 -0.245758056640625 0.022552490234375
0.2642822265625 0.305450439453125 -0.253997802734375 -0.094329833984375
0.06390380859375 0.40155029296875 -0.127456665039062 -0.185394287109375
-0.319488525390625 0.35711669921875 0.0423431396484375 -0.193618774414062
-0.5255126953125 0.21881103515625 0.0703353881835937 -0.041748046875
-0.5614013671875 0.0241394042968749 0.024087905883789 -0.0278434753417969
-0.41070556640625 0.1251220703125 -0.558837890625 -0.124603271484375
-0.2843017578125 0.24151611328125 -0.369903564453125 0.0846252441406251
-0.11785888671875 0.30145263671875 -0.111579895019531 0.0741348266601563
0.05340576171875 0.275833129882813 -0.107444763183594 -0.0362167358398437
0.165939331054688 0.17138671875 -0.200531005859375 -0.0208892822265625
0.262939453125 0.0582275390625 -0.25518798828125 0.0712890625
0.249649047851563 -0.0217437744140625 -0.266937255859375 0.160934448242187
0.2333984375 -0.0139007568359375 -0.256439208984375 0.191970825195313
0.2720947265625 -0.0047454833984375 -0.306427001953125 0.17315673828125
0.24249267578125 0.09393310546875 -0.338958740234375 0.036376953125
0.14251708984375 0.2239990234375 -0.30133056640625 -0.1029052734375
0.00793457031249999 0.253067016601563 -0.148681640625 -0.190444946289063
-0.226821899414063 0.2021484375 0.01141357421875 -0.1510009765625
-0.34613037109375 0.135772705078125 -0.0315322875976563 0.0114860534667969
-0.38653564453125 0.0314331054687501 -0.16168212890625 -0.0526275634765625
-0.184188842773437 0.148361206054688 -0.66265869140625 -0.11492919921875
-0.0945587158203125 0.16473388671875 -0.423614501953125 0.10638427734375
0.007659912109375 0.141998291015625 -0.121307373046875 0.0894927978515626
0.044342041015625 0.0907516479492188 -0.124526977539062 -0.0372238159179687
0.0603103637695313 0.0440902709960938 -0.213638305664063 -0.029296875
0.0956039428710938 0.0287551879882812 -0.296600341796875 0.07373046875
0.0946044921875 0.022552490234375 -0.320648193359375 0.1817626953125
0.0901412963867188 0.022125244140625 -0.305328369140625 0.213897705078125
0.109703063964844 0.0371932983398438 -0.355865478515625 0.181793212890625
0.073028564453125 0.0821380615234375 -0.38616943359375 0.033477783203125
0.00673675537109376 0.113815307617188 -0.30401611328125 -0.114227294921875
-0.0433273315429688 0.077484130859375 -0.138580322265625 -0.1900634765625
-0.0994644165039062 0.0318069458007813 0.00306701660156249 -0.113754272460938
-0.116943359375 0.041412353515625 -0.0915374755859375 0.0395355224609375
-0.152252197265625 0.0419769287109375 -0.28125 -0.069610595703125
-0.107582092285156 -0.0802536010742187 0.34051513671875 -0.021697998046875
-0.140640258789063 0.0570526123046875 0.113334655761719 -0.0677261352539063
-0.0356979370117187 0.136405944824219 -0.0317535400390625 0.0864486694335938
0.0812835693359375 0.0897598266601563 0.115264892578125 0.204605102539063
0.113754272460938 0.0266036987304688 0.267166137695313 0.1343994140625
0.0927200317382812 -0.0561981201171875 0.382232666015625 -0.0552978515625
0.0684661865234375 -0.0955886840820313 0.37432861328125 -0.2144775390625
0.0639724731445313 -0.0726470947265625 0.308868408203125 -0.2352294921875
0.0727920532226563 -0.0717010498046875 0.308502197265625 -0.1915283203125
0.0965423583984375 -0.0096588134765625 0.31231689453125 -0.085113525390625
0.0613632202148437 0.060821533203125 0.209915161132812 -0.012786865234375
-0.0208740234375 0.0900497436523438 0.1337890625 -0.00968170166015624
-0.09539794921875 0.019561767578125 0.198410034179688 -0.121627807617188
-0.103858947753906 -0.0800628662109375 0.448883056640625 -0.173553466796875
-0.0323562622070313 -0.116165161132813 0.76031494140625 0.1353759765625
-0.3646240234375 -0.066802978515625 0.283203125 -0.03271484375
-0.332061767578125 0.14324951171875 0.0827178955078125 -0.05926513671875
-0.159912109375 0.285400390625 -0.0427017211914063 0.0734405517578125
0.0800933837890625 0.264938354492188 0.089111328125 0.179611206054688
0.208145141601562 0.148269653320313 0.21142578125 0.133102416992188
0.259963989257813 -0.0229644775390625 0.3284912109375 -0.027130126953125
0.228378295898438 -0.1314697265625 0.330413818359375 -0.170989990234375
0.216079711914063 -0.104904174804688 0.266159057617188 -0.190658569335937
0.248153686523438 -0.107513427734375 0.257369995117188 -0.151321411132813
0.268783569335938 0.0138092041015625 0.2587890625 -0.07989501953125
0.18902587890625 0.17816162109375 0.149154663085938 -0.033538818359375
0.020111083984375 0.257659912109375 0.101593017578125 -0.0469436645507812
-0.216827392578125 0.179031372070312 0.195999145507813 -0.16876220703125
-0.32000732421875 0.032989501953125 0.44891357421875 -0.196319580078125
-0.28326416015625 -0.0914306640625 0.74700927734375 0.0963134765625
-0.56622314453125 -0.0380859375 0.15618896484375 -0.0544891357421875
-0.48004150390625 0.221954345703125 0.0121383666992187 -0.0399971008300781
-0.258026123046875 0.412200927734375 -0.0540695190429688 0.071136474609375
0.077606201171875 0.41375732421875 0.062347412109375 0.145492553710938
0.28155517578125 0.251739501953125 0.138565063476563 0.115165710449219
0.39434814453125 0.01202392578125 0.236724853515625 0.000442504882812501
0.355804443359375 -0.15069580078125 0.239028930664063 -0.106063842773438
0.335968017578125 -0.12420654296875 0.182876586914063 -0.117568969726563
0.385986328125 -0.12908935546875 0.163543701171875 -0.0853271484375
0.405975341796875 0.03070068359375 0.158966064453125 -0.0642547607421875
0.299957275390625 0.2718505859375 0.0569114685058594 -0.0565109252929687
0.070037841796875 0.398406982421875 0.0519866943359375 -0.0946121215820312
-0.309539794921875 0.33258056640625 0.17730712890625 -0.215011596679687
-0.501983642578125 0.155364990234375 0.406341552734375 -0.20343017578125
-0.499755859375 -0.0474853515625001 0.64788818359375 0.05255126953125
-0.68359375 0.00933837890624989 -0.02142333984375 -0.0769195556640625
-0.556915283203125 0.289642333984375 -0.0848770141601563 -0.00747680664062497
-0.301361083984375 0.502685546875 -0.0656280517578125 0.0734100341796875
0.085052490234375 0.51171875 0.0278701782226562 0.0976409912109375
0.328826904296875 0.31756591796875 0.0478973388671875 0.0832290649414063
0.47552490234375 0.0386962890625 0.112503051757813 0.0269699096679688
0.430908203125 -0.150665283203125 0.113990783691406 -0.0270233154296875
0.405731201171875 -0.122528076171875 0.0731964111328125 -0.0261764526367188
0.4656982421875 -0.132476806640625 0.0424728393554688 -0.00300979614257813
0.4857177734375 0.044891357421875 0.0269241333007813 -0.0358619689941406
0.3695068359375 0.329132080078125 -0.0576171875 -0.0726089477539062
0.114593505859375 0.49005126953125 -0.0145111083984375 -0.137237548828125
-0.360260009765625 0.448822021484375 0.137680053710937 -0.239837646484375
-0.61553955078125 0.2562255859375 0.31988525390625 -0.17620849609375
-0.63897705078125 -0.000793457031250119 0.474517822265625 0.01715087890625
-0.69744873046875 0.064697265625 -0.223159790039063 -0.0922393798828125
-0.547821044921875 0.331298828125 -0.19287109375 0.0363006591796875
-0.286224365234375 0.5281982421875 -0.0798187255859375 0.0786895751953125
0.092315673828125 0.527374267578125 -0.0178260803222656 0.0455474853515625
0.33245849609375 0.327423095703125 -0.0528335571289062 0.0457839965820313
0.487640380859375 0.054351806640625 -0.0290985107421875 0.0528717041015625
0.439453125 -0.129058837890625 -0.0274810791015625 0.0551528930664062
0.413665771484375 -0.104949951171875 -0.0489273071289062 0.0685234069824219
0.47454833984375 -0.114166259765625 -0.0895156860351562 0.082183837890625
0.486968994140625 0.0570068359375 -0.117881774902344 0.002655029296875
0.373016357421875 0.34320068359375 -0.174057006835937 -0.0781707763671875
0.12493896484375 0.502105712890625 -0.0848388671875 -0.165283203125
-0.36328125 0.47857666015625 0.0839080810546875 -0.232208251953125
-0.6307373046875 0.29742431640625 0.196487426757812 -0.114059448242188
-0.67425537109375 0.0315551757812499 0.248153686523437 -0.0071563720703125
-0.60870361328125 0.1112060546875 -0.42236328125 -0.0964355468749999
-0.454193115234375 0.321807861328125 -0.296142578125 0.07940673828125
-0.217041015625 0.466552734375 -0.0955886840820313 0.0814285278320313
0.089385986328125 0.450958251953125 -0.0698966979980469 -0.00252532958984373
0.282623291015625 0.27630615234375 -0.146331787109375 0.012359619140625
0.420166015625 0.055694580078125 -0.161605834960937 0.0754241943359375
0.382049560546875 -0.090576171875 -0.162307739257812 0.129119873046875
0.358489990234375 -0.072662353515625 -0.163833618164062 0.1517333984375
0.41229248046875 -0.075042724609375 -0.210845947265625 0.153457641601562
0.408447265625 0.07196044921875 -0.249725341796875 0.037200927734375
0.29803466796875 0.307281494140625 -0.267410278320313 -0.0804595947265624
0.087860107421875 0.421478271484375 -0.140228271484375 -0.179275512695312
-0.31976318359375 0.39410400390625 0.0344085693359375 -0.1966552734375
-0.540283203125 0.2579345703125 0.0678787231445312 -0.0414924621582031
-0.59136962890625 0.0452880859375001 0.0147113800048828 -0.0252361297607422
-0.430206298828125 0.142669677734375 -0.5865478515625 -0.09710693359375
-0.29388427734375 0.2628173828125 -0.3800048828125 0.112945556640625
-0.112030029296875 0.324615478515625 -0.109840393066406 0.086090087890625
0.071014404296875 0.2935791015625 -0.111198425292969 -0.0308609008789062
0.185440063476563 0.175277709960938 -0.206802368164063 -0.0107421875
0.28399658203125 0.045867919921875 -0.2586669921875 0.08795166015625
0.264617919921875 -0.038665771484375 -0.267501831054688 0.181503295898437
0.248565673828125 -0.0290679931640625 -0.25408935546875 0.210540771484375
0.287384033203125 -0.021209716796875 -0.305267333984375 0.196990966796875
0.263992309570313 0.083648681640625 -0.3470458984375 0.0575561523437499
0.166030883789062 0.228485107421875 -0.317047119140625 -0.08795166015625
0.0202789306640625 0.269439697265625 -0.1627197265625 -0.184982299804687
-0.23223876953125 0.229263305664063 0.00428771972656248 -0.153488159179687
-0.35882568359375 0.15972900390625 -0.0370445251464844 0.0160903930664063
-0.407806396484375 0.04278564453125 -0.1820068359375 -0.0435638427734375
-0.190338134765625 0.15484619140625 -0.69989013671875 -0.0841064453125
-0.0990753173828125 0.1719970703125 -0.43878173828125 0.137725830078125
0.00958251953124999 0.150253295898437 -0.119735717773438 0.102409362792969
0.0499954223632812 0.0997467041015625 -0.129936218261719 -0.031005859375
0.0659637451171875 0.0489578247070312 -0.22186279296875 -0.01971435546875
0.106307983398437 0.0255889892578125 -0.3031005859375 0.0921630859375
0.105728149414063 0.0160751342773438 -0.3238525390625 0.206207275390625
0.100662231445313 0.0177764892578125 -0.30535888671875 0.236846923828125
0.122314453125 0.0322341918945313 -0.35791015625 0.207855224609375
0.0869903564453125 0.0816879272460937 -0.3955078125 0.056610107421875
0.0187301635742188 0.12164306640625 -0.3214111328125 -0.099853515625
-0.0415191650390625 0.0883255004882813 -0.154190063476562 -0.186920166015625
-0.108634948730469 0.0437164306640625 -0.0029754638671875 -0.115989685058594
-0.126953125 0.0489578247070313 -0.0992965698242188 0.0475234985351563
-0.16253662109375 0.04248046875 -0.30999755859375 -0.056976318359375
-0.108306884765625 -0.0701141357421875 0.36016845703125 -0.04595947265625
-0.129066467285156 0.0683364868164062 0.119338989257812 -0.0781631469726563
-0.0235061645507812 0.135887145996094 -0.0249862670898438 0.0862503051757813
0.0855178833007813 0.0798263549804688 0.130859375 0.196533203125
0.11444091796875 0.015869140625 0.279327392578125 0.116241455078125
0.086334228515625 -0.0632476806640625 0.381622314453125 -0.0841064453125
0.0591583251953125 -0.100982666015625 0.365875244140625 -0.2454833984375
0.0540390014648437 -0.0777664184570313 0.29974365234375 -0.259521484375
0.063140869140625 -0.0800628662109375 0.302154541015625 -0.215972900390625
0.091796875 -0.020416259765625 0.31182861328125 -0.108673095703125
0.0650138854980469 0.0520782470703125 0.213287353515625 -0.0257110595703125
-0.0125503540039063 0.0893783569335938 0.134384155273438 -0.0179595947265625
-0.0897140502929687 0.0256881713867188 0.188949584960938 -0.137664794921875
-0.107040405273437 -0.0681076049804687 0.444183349609375 -0.205230712890625
-0.0380477905273438 -0.107368469238281 0.78741455078125 0.0880126953125
-0.372100830078125 -0.04180908203125 0.304046630859375 -0.049774169921875
-0.32025146484375 0.16876220703125 0.090667724609375 -0.0652694702148438
-0.140716552734375 0.29736328125 -0.035888671875 0.0753936767578125
0.096832275390625 0.261688232421875 0.102996826171875 0.173751831054688
0.219100952148438 0.133926391601563 0.225204467773437 0.119476318359375
0.260116577148438 -0.0435638427734375 0.332000732421875 -0.050994873046875
0.219024658203125 -0.1497802734375 0.325775146484375 -0.198211669921875
0.208511352539062 -0.122512817382812 0.261001586914063 -0.213088989257813
0.23968505859375 -0.127349853515625 0.254226684570313 -0.171295166015625
0.271530151367188 -0.0094757080078125 0.257797241210938 -0.10089111328125
0.206924438476563 0.165328979492188 0.150436401367188 -0.042510986328125
0.042022705078125 0.259933471679688 0.101005554199219 -0.0523147583007812
-0.205795288085938 0.199310302734375 0.183334350585937 -0.183837890625
-0.321319580078125 0.06396484375 0.4439697265625 -0.225738525390625
-0.295806884765625 -0.065643310546875 0.76788330078125 0.0513916015625
-0.57904052734375 0.00115966796875011 0.172348022460937 -0.0613861083984375
-0.4678955078125 0.25628662109375 0.0209503173828125 -0.0387992858886719
-0.231536865234375 0.435028076171875 -0.0469436645507813 0.0736541748046875
0.1075439453125 0.412750244140625 0.0747833251953125 0.139968872070313
0.30377197265625 0.23590087890625 0.150604248046875 0.106552124023438
0.4017333984375 -0.018035888671875 0.243484497070313 -0.0169219970703125
0.350555419921875 -0.177276611328125 0.238510131835938 -0.126190185546875
0.331878662109375 -0.14996337890625 0.183914184570313 -0.134445190429688
0.38092041015625 -0.161865234375 0.166427612304688 -0.097869873046875
0.413848876953125 -0.002685546875 0.15887451171875 -0.0775604248046875
0.328033447265625 0.253387451171875 0.0543403625488281 -0.0575103759765625
0.1029052734375 0.403594970703125 0.0490875244140625 -0.0965042114257812
-0.2919921875 0.365631103515625 0.163726806640625 -0.226943969726562
-0.498687744140625 0.1993408203125 0.400177001953125 -0.228240966796875
-0.513092041015625 -0.0117492675781249 0.66510009765625 0.01202392578125
-0.69842529296875 0.0568847656249999 -0.0104217529296875 -0.07147216796875
-0.54559326171875 0.333221435546875 -0.0761566162109375 0.00269317626953128
-0.27178955078125 0.530792236328125 -0.0568923950195313 0.0797805786132813
0.122222900390625 0.516754150390625 0.0374374389648438 0.0966339111328125
0.357635498046875 0.30181884765625 0.0577468872070313 0.08026123046875
0.48699951171875 0.00396728515625 0.119773864746094 0.0193939208984375
0.42919921875 -0.18414306640625 0.119087219238281 -0.0376815795898438
0.405426025390625 -0.15496826171875 0.0766983032226563 -0.0353164672851563
0.466400146484375 -0.170257568359375 0.0494842529296875 -0.00620269775390626
0.498199462890625 0.005615234375 0.0277061462402344 -0.0389900207519531
0.40496826171875 0.310455322265625 -0.0608024597167968 -0.0661354064941406
0.154510498046875 0.49664306640625 -0.0214080810546875 -0.131935119628906
-0.337310791015625 0.487213134765625 0.122894287109375 -0.247940063476562
-0.60693359375 0.30767822265625 0.31256103515625 -0.193634033203125
-0.65472412109375 0.04010009765625 0.48291015625 -0.01055908203125
-0.7127685546875 0.11151123046875 -0.221755981445313 -0.0736541748046875
-0.537689208984375 0.373138427734375 -0.185211181640625 0.055206298828125
-0.256072998046875 0.558258056640625 -0.0707015991210938 0.086761474609375
0.133880615234375 0.535430908203125 -0.0121726989746094 0.0468406677246094
0.364105224609375 0.31121826171875 -0.047271728515625 0.0489006042480469
0.50396728515625 0.017181396484375 -0.0207862854003906 0.0542678833007813
0.4405517578125 -0.16375732421875 -0.0195159912109375 0.0563812255859375
0.4150390625 -0.1380615234375 -0.03900146484375 0.0674896240234375
0.47662353515625 -0.1527099609375 -0.0790176391601562 0.088958740234375
0.501007080078125 0.018798828125 -0.116844177246094 0.00975799560546876
0.41131591796875 0.323638916015625 -0.18084716796875 -0.0636444091796875
0.161529541015625 0.507598876953125 -0.09478759765625 -0.156524658203125
-0.33941650390625 0.516937255859375 0.07012939453125 -0.235397338867188
-0.62457275390625 0.3502197265625 0.18994140625 -0.122604370117187
-0.68841552734375 0.07403564453125 0.245819091796875 -0.0189208984375
-0.62152099609375 0.15179443359375 -0.42742919921875 -0.0636901855468749
-0.448089599609375 0.357391357421875 -0.289276123046875 0.107513427734375
-0.192169189453125 0.49371337890625 -0.0860366821289063 0.0915374755859376
0.125701904296875 0.459381103515625 -0.0677223205566406 0.00240325927734379
0.31109619140625 0.264801025390625 -0.144210815429687 0.0217132568359375
0.43792724609375 0.02557373046875 -0.153564453125 0.0858001708984375
0.38616943359375 -0.12158203125 -0.153274536132813 0.141128540039062
0.363525390625 -0.0986328125 -0.152114868164062 0.161285400390625
0.41937255859375 -0.1082763671875 -0.197357177734375 0.169631958007813
0.4244384765625 0.041534423828125 -0.247055053710937 0.0549621582031251
0.32989501953125 0.293182373046875 -0.275466918945313 -0.0602569580078125
0.1187744140625 0.429107666015625 -0.151580810546875 -0.167282104492187
-0.302642822265625 0.427398681640625 0.023529052734375 -0.1971435546875
-0.534210205078125 0.30133056640625 0.063568115234375 -0.0408554077148437
-0.6068115234375 0.0786132812499999 0.00477981567382809 -0.0215244293212891
-0.4366455078125 0.169708251953125 -0.60296630859375 -0.0537719726562499
-0.29010009765625 0.2862548828125 -0.37786865234375 0.14703369140625
-0.098480224609375 0.34381103515625 -0.102851867675781 0.098175048828125
0.0955810546875 0.30267333984375 -0.114097595214844 -0.0233840942382812
0.204071044921875 0.170745849609375 -0.20892333984375 0.00369262695312501
0.297760009765625 0.024871826171875 -0.25213623046875 0.107879638671875
0.272018432617187 -0.0612030029296875 -0.25762939453125 0.203048706054688
0.255050659179688 -0.0481414794921875 -0.241668701171875 0.229339599609375
0.29620361328125 -0.04388427734375 -0.29241943359375 0.220001220703125
0.279586791992188 0.0644378662109375 -0.34368896484375 0.082366943359375
0.190475463867187 0.2239990234375 -0.325714111328125 -0.0641784667968751
0.03924560546875 0.27899169921875 -0.176376342773438 -0.172714233398437
-0.224868774414062 0.254043579101563 -0.00488281250000001 -0.151565551757813
-0.35919189453125 0.18798828125 -0.03948974609375 0.0227012634277344
-0.4210205078125 0.062591552734375 -0.198806762695313 -0.0272674560546875
-0.190093994140625 0.163070678710938 -0.7208251953125 -0.0381469726562499
-0.09771728515625 0.17974853515625 -0.4375 0.1739501953125
0.0147857666015625 0.155410766601563 -0.112075805664063 0.114326477050781
0.058837890625 0.10540771484375 -0.131752014160156 -0.024261474609375
0.0723800659179688 0.050689697265625 -0.22637939453125 -0.00556945800781247
0.115921020507813 0.0198974609375 -0.301849365234375 0.11322021484375
0.113090515136719 0.00583648681640625 -0.315673828125 0.2327880859375
0.108154296875 0.0101242065429688 -0.295440673828125 0.26080322265625
0.131881713867188 0.0218124389648438 -0.347747802734375 0.235321044921875
0.09881591796875 0.0748672485351563 -0.393218994140625 0.0861206054687501
0.033599853515625 0.125022888183594 -0.331512451171875 -0.0756225585937499
-0.0351333618164063 0.097381591796875 -0.169113159179688 -0.174087524414063
-0.112693786621094 0.0556869506835938 -0.0104446411132813 -0.114463806152344
-0.131004333496094 0.0574111938476563 -0.102531433105469 0.0569000244140625
-0.17010498046875 0.04541015625 -0.3326416015625 -0.0345458984374999
-0.105392456054688 -0.063385009765625 0.3663330078125 -0.068603515625
-0.11444091796875 0.0725479125976562 0.119636535644531 -0.08624267578125
-0.0126724243164062 0.133621215820313 -0.0199508666992187 0.0814132690429688
0.0851821899414063 0.0706558227539063 0.140792846679688 0.183975219726562
0.109169006347656 0.0056304931640625 0.2821044921875 0.096588134765625
0.0784225463867188 -0.0706634521484375 0.369720458984375 -0.10650634765625
0.0491714477539063 -0.101692199707031 0.34619140625 -0.264923095703125
0.0461349487304688 -0.08270263671875 0.283050537109375 -0.27569580078125
0.0505523681640625 -0.083740234375 0.28753662109375 -0.23199462890625
0.08770751953125 -0.0290985107421875 0.30072021484375 -0.12646484375
0.0665702819824219 0.044708251953125 0.208755493164063 -0.0384521484375
-0.00636291503906249 0.0868988037109375 0.13275146484375 -0.026397705078125
-0.0846405029296875 0.0316238403320313 0.178009033203125 -0.145614624023438
-0.105865478515625 -0.0547561645507813 0.431732177734375 -0.231475830078125
-0.0375137329101562 -0.0972900390625 0.79290771484375 0.03863525390625
-0.36822509765625 -0.0160827636718749 0.313323974609375 -0.069549560546875
-0.298828125 0.182586669921875 0.0934219360351562 -0.0701446533203125
-0.1220703125 0.300537109375 -0.03106689453125 0.0709609985351563
0.110733032226562 0.249801635742188 0.112960815429688 0.162796020507813
0.222671508789063 0.120712280273438 0.232589721679688 0.10394287109375
0.252471923828125 -0.058197021484375 0.327850341796875 -0.070068359375
0.209579467773438 -0.1597900390625 0.310211181640625 -0.217254638671875
0.197189331054687 -0.13525390625 0.248123168945313 -0.231201171875
0.22528076171875 -0.1407470703125 0.245437622070312 -0.185699462890625
0.265289306640625 -0.030914306640625 0.248733520507813 -0.113357543945313
0.215164184570313 0.147872924804688 0.145492553710938 -0.049285888671875
0.061676025390625 0.255538940429688 0.100875854492188 -0.0564651489257812
-0.18896484375 0.213623046875 0.1702880859375 -0.192413330078125
-0.3138427734375 0.0883483886718749 0.427398681640625 -0.24920654296875
-0.29913330078125 -0.0421142578125 0.7679443359375 0.00732421875
-0.57281494140625 0.0372314453125001 0.185562133789062 -0.0685577392578125
-0.443450927734375 0.283203125 0.0312461853027344 -0.037353515625
-0.201904296875 0.442840576171875 -0.0393295288085938 0.0731735229492188
0.13116455078125 0.4039306640625 0.0842361450195313 0.131828308105469
0.3162841796875 0.214599609375 0.15826416015625 0.09271240234375
0.396881103515625 -0.04486083984375 0.246063232421875 -0.0331268310546875
0.3370361328125 -0.197540283203125 0.23095703125 -0.142578125
0.318695068359375 -0.17041015625 0.175445556640625 -0.146636962890625
0.3636474609375 -0.1844482421875 0.163009643554688 -0.106597900390625
0.40618896484375 -0.032440185546875 0.153060913085938 -0.0874481201171875
0.342254638671875 0.22735595703125 0.0523529052734375 -0.058013916015625
0.131622314453125 0.3973388671875 0.04620361328125 -0.0940628051757812
-0.26611328125 0.38525390625 0.148712158203125 -0.229034423828125
-0.480255126953125 0.23443603515625 0.384796142578125 -0.2445068359375
-0.513885498046875 0.02239990234375 0.658447265625 -0.0218505859375
-0.69317626953125 0.0975341796875002 0.00351715087890621 -0.0681343078613281
-0.518707275390625 0.361114501953125 -0.0659446716308594 0.00897979736328128
-0.236968994140625 0.542633056640625 -0.0483551025390625 0.0807113647460938
0.157684326171875 0.507598876953125 0.0465545654296875 0.091583251953125
0.37554931640625 0.276275634765625 0.0635604858398438 0.0753021240234375
0.4866943359375 -0.030670166015625 0.12286376953125 0.00872802734375
0.411865234375 -0.212158203125 0.119712829589844 -0.0466461181640625
0.3935546875 -0.179443359375 0.076568603515625 -0.0439453125
0.450164794921875 -0.2021484375 0.0533103942871094 -0.0108146667480469
0.495361328125 -0.029693603515625 0.0261955261230469 -0.0403251647949219
0.427001953125 0.2818603515625 -0.0627899169921875 -0.0546913146972656
0.18621826171875 0.485015869140625 -0.025115966796875 -0.125556945800781
-0.305023193359375 0.509796142578125 0.106491088867188 -0.247589111328125
-0.5853271484375 0.34564208984375 0.299346923828125 -0.20208740234375
-0.65191650390625 0.07861328125 0.473968505859375 -0.0340576171875
-0.70489501953125 0.1519775390625 -0.208038330078125 -0.0570220947265625
-0.512847900390625 0.400604248046875 -0.1712646484375 0.06683349609375
-0.2239990234375 0.57073974609375 -0.0605926513671875 0.0864562988281251
0.16925048828125 0.531341552734375 -0.00664138793945312 0.0460090637207032
0.38323974609375 0.288604736328125 -0.0381011962890625 0.0510368347167969
0.504669189453125 -0.016448974609375 -0.0123558044433594 0.0513153076171875
0.4320068359375 -0.191558837890625 -0.0131301879882812 0.0547370910644531
0.406341552734375 -0.161834716796875 -0.0304069519042968 0.0671806335449219
0.465606689453125 -0.18731689453125 -0.0654220581054687 0.0910491943359375
0.499481201171875 -0.017852783203125 -0.11285400390625 0.0170974731445313
0.431793212890625 0.293365478515625 -0.177520751953125 -0.0457611083984375
0.195526123046875 0.498046875 -0.0989990234374999 -0.142379760742187
-0.308868408203125 0.538726806640625 0.05841064453125 -0.231781005859375
-0.59765625 0.384765625 0.179153442382813 -0.126190185546875
-0.6868896484375 0.1090087890625 0.240585327148437 -0.0288238525390625
-0.611083984375 0.18511962890625 -0.420440673828125 -0.03460693359375
-0.42919921875 0.384552001953125 -0.274948120117188 0.126922607421875
-0.162872314453125 0.506561279296875 -0.0763778686523438 0.096832275390625
0.1573486328125 0.455169677734375 -0.0623588562011719 0.0074424743652344
0.328277587890625 0.248443603515625 -0.138839721679688 0.0269393920898438
0.440399169921875 -0.006805419921875 -0.14105224609375 0.0942535400390625
0.378448486328125 -0.150390625 -0.139511108398437 0.147186279296875
0.35919189453125 -0.123870849609375 -0.138031005859375 0.164474487304688
0.410980224609375 -0.13568115234375 -0.180892944335937 0.178817749023438
0.427001953125 0.01080322265625 -0.237075805664062 0.0671539306640625
0.352294921875 0.271484375 -0.272109985351563 -0.03778076171875
0.1463623046875 0.42333984375 -0.155517578125 -0.151763916015625
-0.274810791015625 0.4468994140625 0.014495849609375 -0.1917724609375
-0.514617919921875 0.33203125 0.0587577819824218 -0.0397758483886719
-0.6043701171875 0.10888671875 -0.0028629302978516 -0.0168867111206055
-0.42950439453125 0.192413330078125 -0.5972900390625 -0.01361083984375
-0.278167724609375 0.29937744140625 -0.3597412109375 0.1729736328125
-0.07830810546875 0.3505859375 -0.091766357421875 0.105789184570313
0.1170654296875 0.3021240234375 -0.1124267578125 -0.0156097412109375
0.217926025390625 0.161819458007813 -0.205276489257813 0.011871337890625
0.3006591796875 0.002532958984375 -0.240951538085937 0.120391845703125
0.27093505859375 -0.0838775634765625 -0.241592407226562 0.216842651367188
0.255950927734375 -0.0655059814453125 -0.223297119140625 0.237518310546875
0.295013427734375 -0.067108154296875 -0.272171020507812 0.235702514648438
0.28729248046875 0.043670654296875 -0.334930419921875 0.101165771484375
0.2103271484375 0.211868286132813 -0.3240966796875 -0.04302978515625
0.0570220947265625 0.279464721679688 -0.179885864257813 -0.1566162109375
-0.210922241210938 0.271041870117187 -0.01055908203125 -0.1474609375
-0.347625732421875 0.2076416015625 -0.0405807495117188 0.0281143188476563
-0.421539306640625 0.0824279785156251 -0.208358764648438 -0.0109405517578125
-0.186309814453125 0.168624877929687 -0.72113037109375 0.00866699218749989
-0.096588134765625 0.18011474609375 -0.423370361328125 0.20697021484375
0.018218994140625 0.15496826171875 -0.104461669921875 0.121894836425781
0.066619873046875 0.109260559082031 -0.134933471679688 -0.014007568359375
0.0768356323242188 0.0537872314453125 -0.2222900390625 0.00666809082031251
0.121139526367188 0.0104522705078125 -0.286651611328125 0.131103515625
0.118148803710938 -0.0024566650390625 -0.298370361328125 0.2493896484375
0.113136291503906 0.0021209716796875 -0.272109985351562 0.275665283203125
0.135650634765625 0.0146942138671875 -0.327117919921875 0.255279541015625
0.107536315917969 0.066436767578125 -0.381103515625 0.109100341796875
0.0450973510742187 0.127815246582031 -0.328277587890625 -0.053680419921875
-0.0302505493164063 0.104667663574219 -0.1754150390625 -0.15899658203125
-0.112770080566406 0.0670700073242188 -0.0160293579101562 -0.111038208007812
-0.131401062011719 0.0649337768554688 -0.102912902832031 0.0658187866210937
-0.175384521484375 0.048431396484375 -0.3453369140625 -0.0104980468749999
-0.101318359375 -0.057098388671875 0.3720703125 -0.084503173828125
-0.102737426757812 0.0759353637695313 0.125297546386719 -0.0926742553710938
-0.00487518310546875 0.124992370605469 -0.0157012939453125 0.0791473388671875
0.0832443237304688 0.0625762939453125 0.143142700195313 0.17303466796875
0.105987548828125 0.00115966796875 0.28070068359375 0.0852813720703125
0.0711212158203125 -0.070037841796875 0.357879638671875 -0.116363525390625
0.0417556762695312 -0.100852966308594 0.33258056640625 -0.273712158203125
0.0367584228515625 -0.0798568725585938 0.27056884765625 -0.28106689453125
0.0415573120117187 -0.0825347900390625 0.277557373046875 -0.238937377929688
0.0796279907226562 -0.032958984375 0.29193115234375 -0.13531494140625
0.0665702819824219 0.0379791259765625 0.204620361328125 -0.04388427734375
0.0002593994140625 0.083282470703125 0.1298828125 -0.0298385620117187
-0.0786285400390625 0.0310516357421875 0.165618896484375 -0.149505615234375
-0.101844787597656 -0.0476760864257813 0.41717529296875 -0.240447998046875
-0.03656005859375 -0.0860366821289062 0.78387451171875 0.00903320312499999
-0.359466552734375 -0.001068115234375 0.32147216796875 -0.081298828125
-0.28240966796875 0.189453125 0.10162353515625 -0.075103759765625
-0.1046142578125 0.294952392578125 -0.0240859985351563 0.0702781677246094
0.116439819335937 0.24072265625 0.117691040039063 0.155059814453125
0.223907470703125 0.106491088867187 0.22991943359375 0.0913848876953125
0.244522094726563 -0.07049560546875 0.317291259765625 -0.08148193359375
0.196380615234375 -0.166641235351562 0.29901123046875 -0.226043701171875
0.18695068359375 -0.1405029296875 0.239974975585938 -0.23583984375
0.211380004882812 -0.151962280273437 0.240097045898438 -0.193405151367187
0.2564697265625 -0.0440826416015625 0.243331909179688 -0.123214721679688
0.220565795898438 0.133743286132813 0.142379760742187 -0.0516510009765625
0.0746612548828125 0.249359130859375 0.0987548828125 -0.0569992065429687
-0.176376342773438 0.219009399414063 0.158782958984375 -0.1915283203125
-0.30413818359375 0.103729248046875 0.41424560546875 -0.2569580078125
-0.29302978515625 -0.026031494140625 0.75982666015625 -0.02130126953125
-0.561126708984375 0.05999755859375 0.19476318359375 -0.0771026611328125
-0.419921875 0.292083740234375 0.03851318359375 -0.0397377014160156
-0.18243408203125 0.440765380859375 -0.032623291015625 0.0717926025390625
0.14404296875 0.3935546875 0.0885848999023438 0.126029968261719
0.318084716796875 0.198455810546875 0.159500122070313 0.085113525390625
0.388702392578125 -0.061767578125 0.238983154296875 -0.0409698486328125
0.32318115234375 -0.211517333984375 0.226394653320313 -0.149932861328125
0.306915283203125 -0.181243896484375 0.172088623046875 -0.154830932617187
0.350830078125 -0.2017822265625 0.163055419921875 -0.113784790039063
0.39801025390625 -0.0518798828125 0.148773193359375 -0.091796875
0.352294921875 0.210540771484375 0.049407958984375 -0.0548057556152344
0.14892578125 0.38568115234375 0.0463409423828125 -0.0918960571289062
-0.24615478515625 0.391265869140625 0.137542724609375 -0.228591918945312
-0.465240478515625 0.254669189453125 0.371673583984375 -0.25091552734375
-0.508331298828125 0.0448303222656249 0.65155029296875 -0.0445556640625
-0.67681884765625 0.1221923828125 0.0129203796386718 -0.0676345825195312
-0.495819091796875 0.373382568359375 -0.0503196716308594 0.01031494140625
-0.21295166015625 0.545379638671875 -0.0405502319335938 0.08062744140625
0.175048828125 0.494903564453125 0.0502700805664063 0.0870590209960938
0.380523681640625 0.258636474609375 0.0676918029785157 0.0688362121582031
0.479156494140625 -0.052093505859375 0.127105712890625 0.00403594970703125
0.40179443359375 -0.22613525390625 0.118118286132813 -0.0534744262695313
0.38031005859375 -0.1961669921875 0.077850341796875 -0.0498275756835938
0.435333251953125 -0.222076416015625 0.0597343444824219 -0.0149688720703125
0.484466552734375 -0.052032470703125 0.027557373046875 -0.0417442321777344
0.436767578125 0.2589111328125 -0.0631027221679687 -0.0496482849121094
0.20623779296875 0.47412109375 -0.023040771484375 -0.120368957519531
-0.28253173828125 0.517791748046875 0.097808837890625 -0.242324829101562
-0.5633544921875 0.36846923828125 0.288421630859375 -0.204559326171875
-0.64556884765625 0.1031494140625 0.465606689453125 -0.044677734375
-0.6905517578125 0.1746826171875 -0.196060180664063 -0.04449462890625
-0.4942626953125 0.415924072265625 -0.155029296875 0.07513427734375
-0.19732666015625 0.5750732421875 -0.051513671875 0.0902557373046876
0.193084716796875 0.51751708984375 -0.00158691406249998 0.0442619323730469
0.392822265625 0.2701416015625 -0.0350303649902344 0.0484085083007813
0.498748779296875 -0.041961669921875 -0.00475692749023435 0.0521240234375
0.418365478515625 -0.208709716796875 -0.0080146789550781 0.0511474609375
0.396820068359375 -0.17999267578125 -0.0265312194824218 0.0611038208007812
0.45318603515625 -0.204559326171875 -0.0546722412109375 0.0899734497070312
0.490966796875 -0.040863037109375 -0.107872009277344 0.0189056396484375
0.4420166015625 0.272064208984375 -0.177474975585938 -0.0365447998046875
0.216644287109375 0.4857177734375 -0.0966949462890625 -0.134132385253906
-0.284759521484375 0.5462646484375 0.0518646240234375 -0.22613525390625
-0.57672119140625 0.40576171875 0.174835205078125 -0.125152587890625
-0.67974853515625 0.1318359375 0.23077392578125 -0.029144287109375
-0.60369873046875 0.203857421875 -0.40667724609375 -0.0181579589843749
-0.413970947265625 0.39404296875 -0.256942749023437 0.138336181640625
-0.145050048828125 0.509185791015625 -0.0680465698242188 0.0989151000976563
0.178497314453125 0.448944091796875 -0.0611190795898437 0.0087699890136719
0.3394775390625 0.233245849609375 -0.133049011230469 0.0321884155273438
0.43768310546875 -0.028076171875 -0.130477905273437 0.096588134765625
0.37127685546875 -0.165985107421875 -0.128036499023437 0.1484375
0.3516845703125 -0.1402587890625 -0.128799438476562 0.161468505859375
0.4034423828125 -0.15625 -0.165969848632812 0.180221557617188
0.42120361328125 -0.010345458984375 -0.229598999023437 0.07525634765625
0.363983154296875 0.252838134765625 -0.268478393554688 -0.0256500244140625
0.163299560546875 0.41497802734375 -0.154617309570313 -0.140975952148438
-0.25787353515625 0.45770263671875 0.0097503662109375 -0.186355590820313
-0.49591064453125 0.346710205078125 0.0569801330566406 -0.0359153747558594
-0.5986328125 0.12359619140625 -0.00766801834106449 -0.00852775573730468
-0.423919677734375 0.200225830078125 -0.583740234375 0.01116943359375
-0.27252197265625 0.30718994140625 -0.344879150390625 0.18719482421875
-0.068695068359375 0.352081298828125 -0.0836639404296875 0.10723876953125
0.130645751953125 0.299163818359375 -0.107963562011719 -0.0113067626953125
0.224395751953125 0.155349731445313 -0.19818115234375 0.0207977294921875
0.30352783203125 -0.010406494140625 -0.22808837890625 0.126083374023437
0.266464233398438 -0.094635009765625 -0.2276611328125 0.221221923828125
0.253082275390625 -0.0772857666015625 -0.211959838867187 0.238906860351563
0.29302978515625 -0.0806884765625 -0.256332397460938 0.240432739257812
0.285736083984375 0.028564453125 -0.320281982421875 0.11175537109375
0.2208251953125 0.200958251953125 -0.31707763671875 -0.026885986328125
0.0697174072265625 0.278060913085938 -0.180160522460937 -0.143417358398438
-0.200607299804688 0.280075073242188 -0.0140228271484375 -0.142669677734375
-0.33819580078125 0.218048095703125 -0.0412979125976563 0.033172607421875
-0.4212646484375 0.0897216796875 -0.213623046875 0.00350952148437505
-0.181732177734375 0.168014526367188 -0.7088623046875 0.0394287109375002
-0.096160888671875 0.1812744140625 -0.410858154296875 0.2200927734375
0.0199737548828125 0.154083251953125 -0.0926742553710937 0.125343322753906
0.0707626342773438 0.108406066894531 -0.129814147949219 -0.0086212158203125
0.0823974609375 0.0507736206054688 -0.218505859375 0.0131988525390625
0.124031066894531 0.00475311279296875 -0.277374267578125 0.136962890625
0.118675231933594 -0.0131301879882813 -0.2847900390625 0.258209228515625
0.115715026855469 -0.00576019287109375 -0.262039184570313 0.27960205078125
0.139945983886719 0.00418853759765625 -0.3115234375 0.2618408203125
0.113388061523438 0.0599822998046875 -0.369354248046875 0.1224365234375
0.0555267333984375 0.122573852539062 -0.324737548828125 -0.03857421875
-0.0225982666015625 0.107749938964844 -0.179168701171875 -0.148223876953125
-0.109451293945313 0.0753936767578125 -0.0188064575195313 -0.108253479003906
-0.131263732910156 0.069549560546875 -0.102462768554688 0.0700302124023438
-0.178680419921875 0.0493011474609375 -0.3487548828125 0.00787353515624994
-0.0979995727539062 -0.0534515380859375 0.379730224609375 -0.09588623046875
-0.0938262939453125 0.0746612548828125 0.129074096679688 -0.0981292724609375
-0.00132751464843751 0.121002197265625 -0.0147933959960938 0.0762863159179688
0.08026123046875 0.0582809448242187 0.144866943359375 0.167007446289063
0.102180480957031 -0.00412750244140625 0.279525756835938 0.078582763671875
0.0664138793945313 -0.0718536376953125 0.35333251953125 -0.122161865234375
0.0365447998046875 -0.100608825683594 0.3258056640625 -0.28277587890625
0.0308685302734375 -0.078826904296875 0.264190673828125 -0.28662109375
0.034271240234375 -0.0811309814453125 0.273330688476563 -0.2452392578125
0.0730209350585937 -0.0365753173828125 0.288177490234375 -0.140289306640625
0.0654067993164063 0.0343551635742188 0.202606201171875 -0.046630859375
0.00399017333984375 0.0799407958984375 0.129981994628906 -0.0326919555664062
-0.07440185546875 0.031585693359375 0.16009521484375 -0.150894165039062
-0.0993728637695313 -0.0409622192382812 0.41461181640625 -0.247772216796875
-0.03302001953125 -0.0806961059570313 0.7838134765625 -0.00750732421875001
-0.355804443359375 0.00701904296874999 0.332427978515625 -0.09014892578125
-0.2696533203125 0.193267822265625 0.109466552734375 -0.0797576904296875
-0.09930419921875 0.293487548828125 -0.0224876403808594 0.0678215026855469
0.1185302734375 0.235702514648437 0.1197509765625 0.1494140625
0.222915649414063 0.100799560546875 0.229110717773438 0.086334228515625
0.241622924804688 -0.0762786865234375 0.315673828125 -0.088653564453125
0.191055297851563 -0.170989990234375 0.29547119140625 -0.234283447265625
0.180206298828125 -0.144821166992188 0.236236572265625 -0.243133544921875
0.205642700195313 -0.156707763671875 0.238967895507813 -0.19854736328125
0.251205444335937 -0.052978515625 0.23883056640625 -0.127761840820313
0.224258422851563 0.125518798828125 0.14208984375 -0.051055908203125
0.0826416015625 0.245758056640625 0.0989532470703125 -0.0587615966796875
-0.169876098632813 0.223678588867188 0.154296875 -0.192092895507813
-0.297119140625 0.11474609375 0.412445068359375 -0.26019287109375
-0.29119873046875 -0.016143798828125 0.76043701171875 -0.03509521484375
-0.557403564453125 0.0706787109375 0.206161499023437 -0.0836029052734375
-0.40899658203125 0.296600341796875 0.04791259765625 -0.0428848266601562
-0.17236328125 0.441436767578125 -0.029205322265625 0.0705718994140625
0.1536865234375 0.389007568359375 0.0909576416015625 0.121421813964844
0.320953369140625 0.19097900390625 0.158843994140625 0.080078125
0.385650634765625 -0.074798583984375 0.239334106445313 -0.0476531982421875
0.31829833984375 -0.218902587890625 0.22247314453125 -0.158065795898437
0.30133056640625 -0.189300537109375 0.169525146484375 -0.162841796875
0.342987060546875 -0.210601806640625 0.164581298828125 -0.11981201171875
0.3936767578125 -0.06561279296875 0.14703369140625 -0.09478759765625
0.35968017578125 0.1986083984375 0.0494766235351563 -0.0532455444335937
0.16058349609375 0.383392333984375 0.047454833984375 -0.0916290283203125
-0.238525390625 0.39910888671875 0.1331787109375 -0.2283935546875
-0.458343505859375 0.26678466796875 0.368682861328125 -0.25201416015625
-0.50885009765625 0.055023193359375 0.64935302734375 -0.052978515625
-0.6722412109375 0.13543701171875 0.0250968933105468 -0.0685882568359375
-0.485260009765625 0.381683349609375 -0.0403976440429688 0.0112953186035156
-0.202911376953125 0.54718017578125 -0.0358123779296875 0.0791854858398438
0.1878662109375 0.490325927734375 0.0521011352539063 0.0835800170898438
0.38836669921875 0.24951171875 0.0686454772949219 0.0656890869140625
0.477142333984375 -0.067230224609375 0.130233764648438 -0.000564575195312504
0.39739990234375 -0.239166259765625 0.119255065917969 -0.0589141845703125
0.376251220703125 -0.206207275390625 0.0787506103515625 -0.0577163696289063
0.42706298828125 -0.234588623046875 0.0642471313476563 -0.0181045532226563
0.48095703125 -0.067596435546875 0.0261383056640625 -0.0431365966796875
0.4444580078125 0.2452392578125 -0.0622825622558593 -0.0461158752441406
0.220184326171875 0.470703125 -0.0210800170898437 -0.118705749511719
-0.270477294921875 0.52655029296875 0.0948333740234375 -0.241592407226562
-0.554412841796875 0.380859375 0.285003662109375 -0.205810546875
-0.64703369140625 0.11358642578125 0.463134765625 -0.048492431640625
-0.68878173828125 0.1868896484375 -0.185882568359375 -0.0446624755859375
-0.485443115234375 0.42205810546875 -0.142913818359375 0.07781982421875
-0.18817138671875 0.57861328125 -0.0455322265625 0.0902862548828125
0.20855712890625 0.514892578125 0.000778198242187513 0.044158935546875
0.401611328125 0.262451171875 -0.0341453552246093 0.0485267639160156
0.498260498046875 -0.05780029296875 0.000999450683593776 0.0485420227050781
0.415313720703125 -0.2235107421875 -0.00323486328124998 0.0483169555664062
0.393585205078125 -0.192352294921875 -0.0243873596191406 0.055572509765625
0.44915771484375 -0.218719482421875 -0.0479965209960937 0.088409423828125
0.4884033203125 -0.05474853515625 -0.106048583984375 0.0199737548828125
0.45391845703125 0.25982666015625 -0.176101684570313 -0.030242919921875
0.22979736328125 0.482574462890625 -0.0931625366210937 -0.131637573242188
-0.274200439453125 0.555572509765625 0.0482177734375 -0.224227905273438
-0.5670166015625 0.41851806640625 0.172744750976562 -0.1229248046875
-0.682373046875 0.14056396484375 0.2281494140625 -0.026336669921875
-0.60296630859375 0.2138671875 -0.3968505859375 -0.0104980468749999
-0.409423828125 0.402008056640625 -0.246047973632813 0.144073486328125
-0.136962890625 0.514068603515625 -0.0605697631835938 0.0997467041015625
0.193389892578125 0.446563720703125 -0.0583419799804687 0.00994873046875002
0.34796142578125 0.22735595703125 -0.131233215332031 0.0339584350585938
0.44000244140625 -0.0433349609375 -0.123687744140625 0.0952377319335938
0.3704833984375 -0.17767333984375 -0.12274169921875 0.14892578125
0.351470947265625 -0.151214599609375 -0.124557495117188 0.15997314453125
0.401947021484375 -0.169097900390625 -0.157745361328125 0.18017578125
0.421295166015625 -0.021697998046875 -0.225692749023437 0.0788726806640625
0.37384033203125 0.244171142578125 -0.265960693359375 -0.017730712890625
0.1748046875 0.413665771484375 -0.151275634765625 -0.135665893554687
-0.249847412109375 0.466094970703125 0.00889587402343747 -0.184783935546875
-0.490753173828125 0.356292724609375 0.0558090209960937 -0.0321807861328125
-0.60467529296875 0.1295166015625 -0.0131778717041016 -0.000541687011718742
-0.42498779296875 0.204742431640625 -0.5797119140625 0.0228271484375
-0.2728271484375 0.312225341796875 -0.336578369140625 0.1961669921875
-0.0667724609375 0.35723876953125 -0.0769882202148438 0.110237121582031
0.1434326171875 0.300933837890625 -0.10595703125 -0.0081787109375
0.232818603515625 0.152297973632813 -0.19720458984375 0.0228424072265625
0.30682373046875 -0.021453857421875 -0.221649169921875 0.127761840820313
0.26702880859375 -0.105361938476563 -0.22100830078125 0.225112915039063
0.255905151367188 -0.0865325927734375 -0.206329345703125 0.2392578125
0.29498291015625 -0.090850830078125 -0.246902465820312 0.24310302734375
0.2877197265625 0.019287109375 -0.31500244140625 0.117340087890625
0.229690551757813 0.19512939453125 -0.315093994140625 -0.017486572265625
0.0774688720703125 0.279464721679688 -0.178955078125 -0.138626098632813
-0.196258544921875 0.2869873046875 -0.0147247314453125 -0.140823364257812
-0.336334228515625 0.22369384765625 -0.0425262451171875 0.03851318359375
-0.42791748046875 0.093353271484375 -0.218429565429688 0.014862060546875
-0.1829833984375 0.166641235351563 -0.70635986328125 0.05291748046875
-0.100326538085937 0.18292236328125 -0.404022216796875 0.2296142578125
0.0171356201171875 0.155731201171875 -0.0877532958984375 0.1270751953125
0.0763320922851563 0.111190795898438 -0.128257751464844 -0.00498962402343749
0.0865554809570313 0.0527801513671875 -0.21826171875 0.0166778564453125
0.126754760742188 0.0003204345703125 -0.272232055664063 0.140335083007812
0.12066650390625 -0.017669677734375 -0.2791748046875 0.26397705078125
0.119491577148437 -0.0101852416992188 -0.257415771484375 0.28179931640625
0.144775390625 -0.002105712890625 -0.30426025390625 0.26751708984375
0.118431091308594 0.055267333984375 -0.362396240234375 0.1300048828125
0.0628509521484375 0.120346069335938 -0.32244873046875 -0.0297241210937501
-0.0187835693359375 0.112388610839844 -0.178466796875 -0.14190673828125
-0.108718872070313 0.0819320678710938 -0.01953125 -0.107017517089844
-0.132896423339844 0.0713424682617187 -0.105308532714844 0.0751800537109375
-0.186065673828125 0.0485992431640625 -0.355010986328125 0.022186279296875
-0.0976943969726563 -0.0514984130859375 0.3927001953125 -0.11016845703125
-0.0871047973632813 0.0743637084960937 0.136322021484375 -0.105949401855469
0.00292205810546874 0.119056701660156 -0.0145187377929688 0.0761642456054688
0.0785369873046875 0.0551300048828125 0.148468017578125 0.165328979492188
0.100662231445313 -0.00727081298828125 0.28369140625 0.074371337890625
0.06298828125 -0.0734176635742187 0.355316162109375 -0.13116455078125
0.0313720703125 -0.102142333984375 0.325347900390625 -0.293853759765625
0.0257034301757812 -0.0788116455078125 0.26446533203125 -0.2984619140625
0.02850341796875 -0.081573486328125 0.274627685546875 -0.254730224609375
0.06890869140625 -0.0401115417480469 0.290008544921875 -0.148529052734375
0.0663299560546875 0.0304908752441406 0.205429077148438 -0.050689697265625
0.006805419921875 0.0784149169921875 0.131019592285156 -0.0354995727539063
-0.0735702514648438 0.0334625244140625 0.158721923828125 -0.155654907226563
-0.0982589721679688 -0.0350494384765625 0.41973876953125 -0.261566162109375
-0.0301742553710938 -0.0771865844726563 0.797607421875 -0.023681640625
-0.3590087890625 0.01434326171875 0.3470458984375 -0.103118896484375
-0.264190673828125 0.197952270507813 0.118011474609375 -0.0870132446289063
-0.09381103515625 0.2969970703125 -0.0219078063964844 0.0677261352539063
0.1241455078125 0.233749389648438 0.12347412109375 0.14776611328125
0.226593017578125 0.0960693359375 0.233474731445313 0.08221435546875
0.241073608398438 -0.0851898193359375 0.319091796875 -0.09625244140625
0.18804931640625 -0.179718017578125 0.2957763671875 -0.246826171875
0.17694091796875 -0.151168823242188 0.235519409179688 -0.254638671875
0.200439453125 -0.164825439453125 0.241912841796875 -0.208709716796875
0.250289916992187 -0.062469482421875 0.240097045898438 -0.133346557617188
0.232177734375 0.119415283203125 0.143447875976563 -0.0526885986328125
0.091949462890625 0.24658203125 0.101654052734375 -0.0618896484375
-0.16644287109375 0.232101440429687 0.152557373046875 -0.195510864257812
-0.29705810546875 0.1279296875 0.41827392578125 -0.27392578125
-0.294281005859375 -0.00646972656250006 0.77471923828125 -0.05023193359375
-0.563720703125 0.0821533203125001 0.220870971679687 -0.0927581787109375
-0.4053955078125 0.307647705078125 0.0583343505859375 -0.0478744506835937
-0.1668701171875 0.451019287109375 -0.02703857421875 0.0703125
0.1658935546875 0.389251708984375 0.0946807861328125 0.120040893554688
0.33087158203125 0.1861572265625 0.16259765625 0.0782928466796875
0.38775634765625 -0.08837890625 0.244277954101563 -0.054840087890625
0.316497802734375 -0.233367919921875 0.224609375 -0.1683349609375
0.300201416015625 -0.2010498046875 0.169692993164063 -0.173080444335938
0.3419189453125 -0.225830078125 0.168685913085938 -0.12738037109375
0.395782470703125 -0.07818603515625 0.147262573242188 -0.0986480712890625
0.37274169921875 0.18963623046875 0.0507431030273438 -0.0521659851074219
0.174957275390625 0.385345458984375 0.0490570068359375 -0.09454345703125
-0.23419189453125 0.414520263671875 0.130828857421875 -0.232269287109375
-0.457550048828125 0.2852783203125 0.372802734375 -0.260162353515625
-0.517791748046875 0.0684814453124999 0.65972900390625 -0.06292724609375
-0.682861328125 0.14947509765625 0.0358047485351562 -0.073883056640625
-0.4849853515625 0.39422607421875 -0.0315380096435547 0.00922393798828127
-0.19708251953125 0.560943603515625 -0.0325088500976563 0.079437255859375
0.206268310546875 0.493408203125 0.0557098388671875 0.0831146240234375
0.401947021484375 0.244171142578125 0.070892333984375 0.0648956298828125
0.482757568359375 -0.084686279296875 0.135040283203125 -0.00551605224609375
0.3968505859375 -0.256134033203125 0.121902465820313 -0.0655746459960938
0.377471923828125 -0.2197265625 0.07928466796875 -0.0649185180664063
0.427642822265625 -0.251434326171875 0.0698356628417969 -0.0231895446777344
0.482421875 -0.083251953125 0.0257492065429688 -0.0441741943359375
0.462005615234375 0.234466552734375 -0.0617408752441406 -0.0418014526367188
0.23876953125 0.474700927734375 -0.0201416015625 -0.120407104492187
-0.266510009765625 0.5443115234375 0.0923919677734375 -0.245758056640625
-0.556304931640625 0.403778076171875 0.28851318359375 -0.209320068359375
-0.6588134765625 0.12713623046875 0.46929931640625 -0.054046630859375
-0.6982421875 0.20086669921875 -0.17987060546875 -0.04364013671875
-0.48760986328125 0.439605712890625 -0.134864807128906 0.080474853515625
-0.18218994140625 0.5938720703125 -0.041595458984375 0.0913696289062501
0.228912353515625 0.518951416015625 0.00336074829101564 0.0445137023925782
0.41766357421875 0.257476806640625 -0.0341453552246093 0.0489883422851563
0.5054931640625 -0.0762939453125 0.00599670410156254 0.0462837219238281
0.418548583984375 -0.241302490234375 -4.95910644531038E-05 0.045806884765625
0.396270751953125 -0.209442138671875 -0.0242729187011718 0.0522232055664062
0.451904296875 -0.238677978515625 -0.0423126220703125 0.0868606567382812
0.49517822265625 -0.070770263671875 -0.106704711914062 0.0224761962890625
0.47186279296875 0.25054931640625 -0.176681518554687 -0.023956298828125
0.248077392578125 0.4869384765625 -0.0935211181640625 -0.133277893066406
-0.26776123046875 0.57427978515625 0.0468292236328125 -0.22802734375
-0.56842041015625 0.43792724609375 0.174301147460937 -0.123153686523437
-0.69671630859375 0.154541015625 0.230804443359375 -0.0248260498046875
-0.6121826171875 0.2255859375 -0.396820068359375 -0.00363159179687494
-0.41339111328125 0.417083740234375 -0.240646362304688 0.15069580078125
-0.132781982421875 0.5291748046875 -0.0563583374023438 0.102073669433594
0.214019775390625 0.451080322265625 -0.0560722351074219 0.0119285583496094
0.36370849609375 0.224365234375 -0.131904602050781 0.0366134643554688
0.4476318359375 -0.0595703125 -0.120025634765625 0.096221923828125
0.3739013671875 -0.195343017578125 -0.120162963867187 0.151168823242187
0.355712890625 -0.165283203125 -0.123580932617187 0.160812377929688
0.406463623046875 -0.185577392578125 -0.152130126953125 0.18377685546875
0.427398681640625 -0.035064697265625 -0.2254638671875 0.0839996337890625
0.3912353515625 0.236083984375 -0.267868041992188 -0.0103302001953124
0.18951416015625 0.419342041015625 -0.151702880859375 -0.135726928710938
-0.245819091796875 0.4818115234375 0.00703430175781248 -0.1875
-0.492828369140625 0.371917724609375 0.0565452575683593 -0.0287742614746094
-0.6195068359375 0.1407470703125 -0.0154619216918946 0.00655364990234376
-0.432708740234375 0.213836669921875 -0.58477783203125 0.0361938476562501
-0.277862548828125 0.324371337890625 -0.3349609375 0.20672607421875
-0.0653076171875 0.36920166015625 -0.0725173950195312 0.113960266113281
0.15753173828125 0.305328369140625 -0.105842590332031 -0.005462646484375
0.244888305664063 0.151397705078125 -0.199996948242187 0.0263824462890625
0.31402587890625 -0.03338623046875 -0.219680786132812 0.131378173828125
0.270751953125 -0.117645263671875 -0.218276977539062 0.231307983398438
0.260986328125 -0.0977783203125 -0.20587158203125 0.24444580078125
0.300933837890625 -0.10430908203125 -0.242935180664063 0.250289916992187
0.2947998046875 0.009674072265625 -0.31494140625 0.124420166015625
0.242950439453125 0.19189453125 -0.31817626953125 -0.00991821289062495
0.0880126953125 0.284820556640625 -0.180740356445313 -0.136810302734375
-0.1944580078125 0.299346923828125 -0.016632080078125 -0.14300537109375
-0.34039306640625 0.23388671875 -0.0443916320800781 0.0440521240234375
-0.44195556640625 0.0997314453125 -0.225921630859375 0.0272979736328126
-0.187286376953125 0.169052124023438 -0.71759033203125 0.0707397460937501
-0.105758666992188 0.18902587890625 -0.407470703125 0.24346923828125
0.015594482421875 0.160110473632813 -0.0840530395507813 0.131057739257812
0.0831832885742188 0.115180969238281 -0.128868103027344 -0.00187683105468748
0.092987060546875 0.0542678833007812 -0.220916748046875 0.0211639404296875
0.131355285644531 -0.0044097900390625 -0.273117065429688 0.145645141601563
0.124130249023438 -0.0237579345703125 -0.278182983398437 0.275146484375
0.124343872070312 -0.015411376953125 -0.256439208984375 0.291290283203125
0.150604248046875 -0.0091552734375 -0.3016357421875 0.27752685546875
0.124885559082031 0.0503463745117188 -0.361907958984375 0.138580322265625
0.0705795288085938 0.121131896972656 -0.326385498046875 -0.022552490234375
-0.014617919921875 0.118522644042969 -0.181503295898438 -0.14013671875
-0.108932495117188 0.0882720947265625 -0.0214614868164063 -0.107955932617188
-0.137214660644531 0.0753555297851562 -0.109901428222656 0.0826339721679687
-0.19610595703125 0.0502777099609375 -0.367279052734375 0.0362548828125
-0.0998764038085937 -0.0481033325195313 0.40826416015625 -0.132843017578125
-0.0809555053710937 0.0766143798828125 0.142822265625 -0.11834716796875
0.00830841064453125 0.118278503417969 -0.0128555297851562 0.0776824951171875
0.0786361694335938 0.0521621704101562 0.157379150390625 0.163116455078125
0.0999832153320313 -0.011962890625 0.29290771484375 0.06488037109375
0.0590667724609375 -0.0784912109375 0.358154296875 -0.146759033203125
0.0250701904296875 -0.105674743652344 0.322052001953125 -0.316375732421875
0.019561767578125 -0.0803756713867188 0.26092529296875 -0.317108154296875
0.0214385986328125 -0.082244873046875 0.273895263671875 -0.273895263671875
0.0644912719726563 -0.0443382263183594 0.292633056640625 -0.16278076171875
0.0678558349609375 0.0259780883789063 0.20965576171875 -0.0587158203125
0.011016845703125 0.0783309936523438 0.133575439453125 -0.0417022705078125
-0.0722503662109375 0.0369491577148438 0.156494140625 -0.164825439453125
-0.0978851318359375 -0.0287399291992187 0.42437744140625 -0.286956787109375
-0.0287704467773438 -0.075927734375 0.822998046875 -0.05712890625
-0.36663818359375 0.028717041015625 0.3634033203125 -0.124053955078125
-0.259017944335938 0.209457397460938 0.126937866210937 -0.0973587036132812
-0.085479736328125 0.30609130859375 -0.0193328857421875 0.0690040588378906
0.1343994140625 0.234176635742187 0.1318359375 0.146514892578125
0.2342529296875 0.0885009765625 0.24078369140625 0.07586669921875
0.24114990234375 -0.0992279052734375 0.32379150390625 -0.11102294921875
0.18408203125 -0.19390869140625 0.2952880859375 -0.2679443359375
0.172454833984375 -0.162261962890625 0.232757568359375 -0.273605346679688
0.19622802734375 -0.177597045898438 0.2430419921875 -0.226333618164063
0.249710083007813 -0.075958251953125 0.241958618164062 -0.14544677734375
0.24530029296875 0.109329223632812 0.14739990234375 -0.058074951171875
0.106048583984375 0.248260498046875 0.102439880371094 -0.06866455078125
-0.161361694335938 0.247329711914063 0.149642944335938 -0.205596923828125
-0.29730224609375 0.147064208984375 0.424346923828125 -0.296783447265625
-0.302032470703125 0.00665283203125004 0.79547119140625 -0.08056640625
-0.57501220703125 0.1058349609375 0.233871459960937 -0.10772705078125
-0.402069091796875 0.327301025390625 0.0673866271972656 -0.0548019409179687
-0.1566162109375 0.46844482421875 -0.0243148803710938 0.0716171264648438
0.186798095703125 0.391510009765625 0.101722717285156 0.119026184082031
0.34637451171875 0.1768798828125 0.16943359375 0.0743255615234375
0.39337158203125 -0.11029052734375 0.250259399414063 -0.0673675537109375
0.31427001953125 -0.256103515625 0.225387573242188 -0.184967041015625
0.298675537109375 -0.219329833984375 0.166885375976563 -0.187362670898438
0.339263916015625 -0.24871826171875 0.173126220703125 -0.140579223632813
0.399810791015625 -0.09912109375 0.147552490234375 -0.107070922851563
0.394500732421875 0.1763916015625 0.0525741577148438 -0.0528182983398437
0.1990966796875 0.38848876953125 0.04962158203125 -0.100540161132812
-0.22430419921875 0.43951416015625 0.126068115234375 -0.241470336914063
-0.4588623046875 0.3157958984375 0.378509521484375 -0.279144287109375
-0.531524658203125 0.0896911621093749 0.67828369140625 -0.08740234375
-0.69598388671875 0.17742919921875 0.0443267822265625 -0.0807647705078125
-0.481353759765625 0.42132568359375 -0.0226726531982422 0.00855445861816409
-0.18231201171875 0.5850830078125 -0.028045654296875 0.0823516845703125
0.2330322265625 0.49755859375 0.0618438720703125 0.082489013671875
0.423248291015625 0.23419189453125 0.0746383666992188 0.0648574829101563
0.490814208984375 -0.112060546875 0.1419677734375 -0.01458740234375
0.39874267578125 -0.28424072265625 0.124313354492188 -0.0759429931640625
0.3782958984375 -0.243927001953125 0.0772018432617188 -0.0739593505859375
0.429931640625 -0.28057861328125 0.075103759765625 -0.029693603515625
0.490753173828125 -0.108428955078125 0.0245399475097657 -0.045623779296875
0.48870849609375 0.21826171875 -0.0632705688476562 -0.0383949279785156
0.267242431640625 0.477447509765625 -0.0222396850585937 -0.125236511230469
-0.25384521484375 0.57373046875 0.08660888671875 -0.254074096679687
-0.555206298828125 0.437530517578125 0.293670654296875 -0.22161865234375
-0.6785888671875 0.15460205078125 0.48126220703125 -0.06756591796875
-0.71282958984375 0.22943115234375 -0.177749633789063 -0.040863037109375
-0.48626708984375 0.468780517578125 -0.128623962402344 0.0859146118164063
-0.1683349609375 0.622802734375 -0.0368194580078125 0.0943908691406251
0.26123046875 0.521881103515625 0.00659942626953127 0.0448417663574219
0.443145751953125 0.24859619140625 -0.0325355529785156 0.0520248413085938
0.51611328125 -0.103668212890625 0.0115966796875 0.0441513061523437
0.420013427734375 -0.2706298828125 0.0043907165527344 0.0434417724609375
0.399810791015625 -0.2342529296875 -0.0247879028320312 0.0508308410644531
0.45452880859375 -0.268768310546875 -0.0364913940429687 0.0880584716796875
0.50360107421875 -0.09588623046875 -0.10748291015625 0.0271835327148438
0.499359130859375 0.23492431640625 -0.179718017578125 -0.0154571533203125
0.276580810546875 0.49322509765625 -0.0983428955078124 -0.135017395019531
-0.25408935546875 0.6043701171875 0.0395050048828125 -0.234603881835937
-0.56817626953125 0.4730224609375 0.17779541015625 -0.128936767578125
-0.7183837890625 0.182373046875 0.23602294921875 -0.02911376953125
-0.62445068359375 0.2513427734375 -0.402130126953125 0.010528564453125
-0.412872314453125 0.44525146484375 -0.236740112304688 0.164093017578125
-0.1199951171875 0.55316162109375 -0.0504608154296875 0.106742858886719
0.24432373046875 0.456756591796875 -0.0551834106445312 0.01409912109375
0.38775634765625 0.21649169921875 -0.1337890625 0.0433120727539063
0.4576416015625 -0.08428955078125 -0.116493225097656 0.0995559692382813
0.377349853515625 -0.220977783203125 -0.115493774414062 0.15753173828125
0.3604736328125 -0.18902587890625 -0.123428344726562 0.167678833007812
0.412567138671875 -0.215118408203125 -0.145950317382813 0.191452026367188
0.438385009765625 -0.057373046875 -0.228179931640625 0.0944366455078125
0.416290283203125 0.223663330078125 -0.27239990234375 0.00196838378906252
0.21392822265625 0.424163818359375 -0.157958984375 -0.135299682617187
-0.235321044921875 0.5086669921875 0.000488281249999967 -0.192123413085937
-0.495269775390625 0.4012451171875 0.0585289001464844 -0.0267829895019531
-0.64154052734375 0.1661376953125 -0.0160980224609375 0.0130167007446289
-0.440704345703125 0.23114013671875 -0.59735107421875 0.0581054687499999
-0.280517578125 0.346771240234375 -0.33465576171875 0.226776123046875
-0.057708740234375 0.38677978515625 -0.0675582885742188 0.1192626953125
0.17919921875 0.310211181640625 -0.107383728027344 -0.00187683105468747
0.2630615234375 0.1473388671875 -0.204238891601562 0.035308837890625
0.322845458984375 -0.05029296875 -0.218643188476562 0.140243530273437
0.275314331054688 -0.135879516601563 -0.213729858398437 0.245529174804688
0.2664794921875 -0.115020751953125 -0.203887939453125 0.25750732421875
0.307769775390625 -0.1246337890625 -0.237869262695312 0.2646484375
0.306365966796875 -0.00543212890625 -0.31689453125 0.138824462890625
0.26129150390625 0.184860229492187 -0.32452392578125 0.00421142578125006
0.10333251953125 0.291839599609375 -0.188018798828125 -0.134628295898437
-0.189727783203125 0.31768798828125 -0.0219573974609375 -0.146286010742187
-0.344146728515625 0.252716064453125 -0.0447616577148438 0.0517044067382813
-0.459442138671875 0.116912841796875 -0.233779907226563 0.0428619384765625
-0.191238403320312 0.17620849609375 -0.7359619140625 0.10015869140625
-0.108200073242188 0.200057983398437 -0.408966064453125 0.268524169921875
0.0174102783203125 0.167083740234375 -0.0796051025390625 0.13818359375
0.0937118530273437 0.117469787597656 -0.130577087402344 0.00286102294921877
0.101242065429687 0.054443359375 -0.22674560546875 0.0289459228515625
0.137321472167969 -0.0109939575195313 -0.274871826171875 0.158401489257813
0.128379821777344 -0.031646728515625 -0.274810791015625 0.292816162109375
0.13006591796875 -0.0244140625 -0.254180908203125 0.30914306640625
0.157379150390625 -0.0191802978515625 -0.298614501953125 0.29681396484375
0.133773803710937 0.0446548461914062 -0.365142822265625 0.15606689453125
0.08062744140625 0.120391845703125 -0.334686279296875 -0.00991821289062502
-0.00827026367187501 0.125030517578125 -0.18988037109375 -0.136016845703125
-0.109588623046875 0.097686767578125 -0.0268936157226563 -0.109771728515625
-0.142166137695313 0.0823822021484375 -0.112236022949219 0.09295654296875
-0.207717895507813 0.0566864013671875 -0.380645751953125 0.058197021484375
-0.101364135742188 -0.0417633056640625 0.415191650390625 -0.1644287109375
-0.0719757080078125 0.0784149169921875 0.14385986328125 -0.134307861328125
0.0157470703125 0.115463256835938 -0.00894927978515625 0.0789947509765625
0.0793914794921875 0.0484848022460938 0.169082641601563 0.155364990234375
0.0974655151367187 -0.0176162719726562 0.29925537109375 0.04833984375
0.0527114868164063 -0.083221435546875 0.353759765625 -0.170654296875
0.0154037475585937 -0.108039855957031 0.3065185546875 -0.342315673828125
0.0121002197265625 -0.080169677734375 0.2467041015625 -0.33966064453125
0.0133285522460938 -0.0831832885742188 0.263885498046875 -0.295745849609375
0.0581512451171875 -0.0487136840820313 0.2880859375 -0.1832275390625
0.0697402954101563 0.0198860168457031 0.210281372070313 -0.0719146728515625
0.0165863037109375 0.0756301879882813 0.132652282714844 -0.0506210327148437
-0.0692596435546875 0.0421867370605469 0.149871826171875 -0.176193237304688
-0.0969619750976563 -0.0204696655273438 0.415496826171875 -0.31939697265625
-0.029266357421875 -0.073699951171875 0.83209228515625 -0.1092529296875
-0.36834716796875 0.050628662109375 0.371795654296875 -0.15313720703125
-0.245147705078125 0.223373413085937 0.130508422851562 -0.111534118652344
-0.06866455078125 0.313720703125 -0.0150909423828125 0.0709228515625
0.1485595703125 0.22869873046875 0.142410278320312 0.140045166015625
0.241287231445312 0.076141357421875 0.2486572265625 0.06298828125
0.23553466796875 -0.117752075195313 0.322967529296875 -0.133453369140625
0.170700073242188 -0.210113525390625 0.282958984375 -0.29229736328125
0.162246704101563 -0.174575805664063 0.219024658203125 -0.29412841796875
0.184799194335937 -0.193389892578125 0.235824584960938 -0.246673583984375
0.245193481445313 -0.0939788818359375 0.237045288085938 -0.162521362304688
0.25579833984375 0.091583251953125 0.147735595703125 -0.0664215087890625
0.125686645507813 0.243408203125 0.101287841796875 -0.0769119262695312
-0.148269653320313 0.264312744140625 0.140060424804688 -0.2164306640625
-0.2901611328125 0.17205810546875 0.41632080078125 -0.32818603515625
-0.305084228515625 0.0264892578125 0.80694580078125 -0.12896728515625
-0.577880859375 0.139892578125 0.241958618164062 -0.128494262695312
-0.384765625 0.352996826171875 0.0741195678710937 -0.064453125
-0.131378173828125 0.48651123046875 -0.0184402465820313 0.0734481811523438
0.212005615234375 0.384796142578125 0.111427307128906 0.11376953125
0.362152099609375 0.158294677734375 0.175552368164063 0.0657501220703125
0.388580322265625 -0.13958740234375 0.252243041992188 -0.0856170654296875
0.30145263671875 -0.283477783203125 0.218887329101563 -0.205657958984375
0.286865234375 -0.242645263671875 0.157028198242188 -0.203353881835938
0.32696533203125 -0.2769775390625 0.170166015625 -0.157196044921875
0.39605712890625 -0.12799072265625 0.14398193359375 -0.116790771484375
0.412933349609375 0.149261474609375 0.0521659851074219 -0.0543861389160156
0.227813720703125 0.38214111328125 0.0450973510742188 -0.107078552246094
-0.20074462890625 0.463958740234375 0.114517211914062 -0.25103759765625
-0.446197509765625 0.351898193359375 0.372772216796875 -0.3070068359375
-0.5372314453125 0.12396240234375 0.685791015625 -0.12774658203125
-0.6982421875 0.2191162109375 0.0500946044921875 -0.088958740234375
-0.462677001953125 0.4547119140625 -0.013331413269043 0.00588226318359378
-0.15350341796875 0.60919189453125 -0.0217514038085938 0.083282470703125
0.269561767578125 0.489227294921875 0.0690155029296875 0.0796127319335938
0.446136474609375 0.212371826171875 0.0803909301757813 0.0621185302734375
0.489410400390625 -0.14825439453125 0.145904541015625 -0.0261688232421875
0.38507080078125 -0.317901611328125 0.122932434082031 -0.089508056640625
0.367218017578125 -0.273590087890625 0.0719528198242188 -0.0824356079101563
0.416351318359375 -0.317718505859375 0.0777053833007813 -0.0393753051757813
0.48944091796875 -0.143341064453125 0.0230751037597657 -0.0476112365722656
0.512664794921875 0.18768310546875 -0.0639724731445312 -0.0323257446289062
0.301544189453125 0.468841552734375 -0.0294418334960937 -0.127662658691406
-0.2235107421875 0.6026611328125 0.0734710693359375 -0.261245727539063
-0.538177490234375 0.481536865234375 0.28961181640625 -0.240325927734375
-0.6845703125 0.197509765625 0.488006591796875 -0.095611572265625
-0.713623046875 0.27081298828125 -0.175308227539063 -0.0338897705078125
-0.46722412109375 0.504364013671875 -0.118392944335938 0.0927734375
-0.13616943359375 0.647216796875 -0.0286941528320313 0.0969619750976563
0.298614501953125 0.51416015625 0.0118598937988281 0.0443458557128907
0.4691162109375 0.224578857421875 -0.0293197631835937 0.0562705993652344
0.516265869140625 -0.142608642578125 0.0171470642089844 0.0398712158203125
0.408905029296875 -0.308502197265625 0.00764846801757815 0.0396156311035156
0.391021728515625 -0.266265869140625 -0.0247726440429687 0.0503883361816406
0.444091796875 -0.3079833984375 -0.028564453125 0.08746337890625
0.504669189453125 -0.13018798828125 -0.107627868652344 0.0342941284179688
0.5240478515625 0.203277587890625 -0.180908203125 -0.00247192382812501
0.313995361328125 0.4815673828125 -0.107093811035156 -0.133941650390625
-0.22552490234375 0.63409423828125 0.0269927978515625 -0.238861083984375
-0.550872802734375 0.515960693359375 0.177108764648437 -0.137161254882812
-0.724853515625 0.226806640625 0.239471435546875 -0.0395050048828125
-0.62548828125 0.2891845703125 -0.4022216796875 0.03143310546875
-0.397369384765625 0.47784423828125 -0.22528076171875 0.180618286132813
-0.0928955078125 0.5767822265625 -0.0421142578125 0.110481262207031
0.279571533203125 0.449005126953125 -0.0528068542480469 0.0172500610351563
0.4112548828125 0.196136474609375 -0.133224487304687 0.0531005859375
0.45953369140625 -0.119110107421875 -0.109710693359375 0.1038818359375
0.3701171875 -0.253143310546875 -0.10601806640625 0.163528442382812
0.354644775390625 -0.218353271484375 -0.117706298828125 0.17510986328125
0.404876708984375 -0.250244140625 -0.133499145507812 0.199859619140625
0.44140625 -0.089202880859375 -0.225204467773438 0.109512329101562
0.439056396484375 0.19805908203125 -0.274093627929688 0.0201416015625
0.245452880859375 0.41851806640625 -0.16827392578125 -0.130279541015625
-0.210845947265625 0.533447265625 -0.00982666015625003 -0.194610595703125
-0.481964111328125 0.439361572265625 0.059783935546875 -0.0263557434082031
-0.6490478515625 0.20489501953125 -0.0153656005859375 0.019643783569336
-0.440826416015625 0.256683349609375 -0.6021728515625 0.09332275390625
-0.2694091796875 0.371429443359375 -0.323394775390625 0.252593994140625
-0.03955078125 0.40277099609375 -0.0584793090820313 0.124855041503906
0.206085205078125 0.30487060546875 -0.106292724609375 0.00461578369140626
0.281494140625 0.134185791015625 -0.204910278320313 0.04949951171875
0.32568359375 -0.0745849609375 -0.211471557617187 0.152053833007813
0.273162841796875 -0.159835815429687 -0.20159912109375 0.260910034179688
0.265365600585938 -0.137176513671875 -0.1942138671875 0.273025512695313
0.30572509765625 -0.153076171875 -0.223892211914063 0.279983520507813
0.31109619140625 -0.027374267578125 -0.312744140625 0.15985107421875
0.281051635742188 0.168930053710937 -0.3272705078125 0.02471923828125
0.1256103515625 0.29046630859375 -0.198532104492188 -0.127243041992187
-0.17510986328125 0.336669921875 -0.0312347412109375 -0.14697265625
-0.33746337890625 0.278350830078125 -0.0417594909667969 0.0602912902832031
-0.4683837890625 0.14385986328125 -0.236160278320313 0.0637054443359375
-0.189132690429688 0.186187744140625 -0.74249267578125 0.1451416015625
-0.104598999023438 0.212966918945313 -0.400604248046875 0.30133056640625
0.0231781005859375 0.173202514648438 -0.0707550048828125 0.1441650390625
0.105239868164063 0.114494323730469 -0.13067626953125 0.0107040405273438
0.110435485839844 0.0505828857421875 -0.227935791015625 0.0436248779296875
0.140899658203125 -0.0216827392578125 -0.269363403320312 0.175125122070313
0.131095886230469 -0.042633056640625 -0.26025390625 0.315399169921875
0.132843017578125 -0.0356979370117188 -0.240753173828125 0.32965087890625
0.160308837890625 -0.0344390869140625 -0.284454345703125 0.319671630859375
0.140533447265625 0.0336761474609375 -0.359649658203125 0.178863525390625
0.093170166015625 0.116004943847656 -0.339111328125 0.011871337890625
0.00162506103515626 0.128715515136719 -0.200531005859375 -0.127243041992187
-0.106124877929688 0.107551574707031 -0.0345840454101563 -0.1099853515625
-0.142501831054687 0.0923614501953125 -0.110580444335938 0.106529235839844
-0.214828491210938 0.0687103271484375 -0.385986328125 0.08740234375
-0.100288391113281 -0.0346450805664062 0.4073486328125 -0.1953125
-0.0620040893554687 0.077178955078125 0.139755249023438 -0.148269653320313
0.023223876953125 0.109580993652344 -0.00424194335937499 0.0783843994140625
0.0788803100585938 0.0434646606445313 0.176666259765625 0.143478393554688
0.0931930541992188 -0.0230484008789063 0.29974365234375 0.028564453125
0.0441055297851563 -0.0857620239257813 0.338958740234375 -0.19049072265625
0.00443267822265626 -0.106903076171875 0.2813720703125 -0.360992431640625
0.00414276123046875 -0.0779495239257813 0.2236328125 -0.353759765625
0.00469970703125001 -0.081146240234375 0.243682861328125 -0.3114013671875
0.05108642578125 -0.0519180297851562 0.273971557617188 -0.199371337890625
0.06878662109375 0.0121574401855469 0.204421997070313 -0.0845947265625
0.0211181640625 0.0715789794921875 0.128494262695313 -0.0591659545898437
-0.0645484924316406 0.0462913513183594 0.137222290039063 -0.183624267578125
-0.0926437377929688 -0.0115280151367188 0.39447021484375 -0.347259521484375
-0.0299835205078125 -0.0704269409179688 0.81817626953125 -0.16192626953125
-0.360321044921875 0.07281494140625 0.36688232421875 -0.180755615234375
-0.225250244140625 0.231307983398438 0.130165100097656 -0.12554931640625
-0.049041748046875 0.313385009765625 -0.00946044921875 0.0699844360351563
0.15960693359375 0.216766357421875 0.150283813476563 0.128143310546875
0.2430419921875 0.0601806640625 0.25006103515625 0.04766845703125
0.222198486328125 -0.132781982421875 0.31121826171875 -0.153289794921875
0.15191650390625 -0.2198486328125 0.26141357421875 -0.3114013671875
0.1473388671875 -0.182022094726563 0.198211669921875 -0.307830810546875
0.167144775390625 -0.20489501953125 0.220077514648437 -0.262985229492188
0.233489990234375 -0.110000610351563 0.225265502929688 -0.176284790039063
0.259521484375 0.0699920654296875 0.143524169921875 -0.07440185546875
0.140792846679687 0.231094360351563 0.0949020385742188 -0.0832290649414062
-0.128860473632813 0.273468017578125 0.126068115234375 -0.223098754882812
-0.272857666015625 0.192703247070312 0.395263671875 -0.35382080078125
-0.300201416015625 0.046539306640625 0.7901611328125 -0.18017578125
-0.56463623046875 0.17364501953125 0.241134643554687 -0.14825439453125
-0.3555908203125 0.367584228515625 0.0784225463867187 -0.0745391845703125
-0.101593017578125 0.491058349609375 -0.0120391845703125 0.0726470947265625
0.233917236328125 0.3653564453125 0.11846923828125 0.104644775390625
0.369049072265625 0.132904052734375 0.17877197265625 0.0550994873046875
0.372894287109375 -0.165771484375 0.245590209960938 -0.102798461914063
0.27691650390625 -0.3033447265625 0.203353881835938 -0.221908569335938
0.267120361328125 -0.259109497070313 0.141220092773438 -0.213394165039063
0.302459716796875 -0.29925537109375 0.161056518554688 -0.170639038085938
0.381591796875 -0.154510498046875 0.135330200195313 -0.124565124511719
0.420745849609375 0.115478515625 0.0506820678710938 -0.0565643310546875
0.251434326171875 0.361846923828125 0.0374526977539063 -0.110153198242187
-0.170654296875 0.477142333984375 0.098602294921875 -0.254745483398437
-0.418121337890625 0.38116455078125 0.353729248046875 -0.328399658203125
-0.527496337890625 0.156646728515625 0.67279052734375 -0.16754150390625
-0.68011474609375 0.25640869140625 0.0531234741210937 -0.095855712890625
-0.43145751953125 0.475738525390625 -0.00409626960754397 0.00241231918334964
-0.1168212890625 0.61602783203125 -0.0136642456054688 0.0829238891601563
0.299530029296875 0.46514892578125 0.075469970703125 0.073394775390625
0.4561767578125 0.17999267578125 0.084197998046875 0.057647705078125
0.472442626953125 -0.183868408203125 0.145004272460938 -0.0391998291015625
0.3583984375 -0.344329833984375 0.116561889648438 -0.100997924804688
0.3458251953125 -0.296966552734375 0.0633926391601563 -0.08746337890625
0.389739990234375 -0.34710693359375 0.0769424438476563 -0.048583984375
0.473175048828125 -0.175750732421875 0.0199928283691407 -0.0476531982421875
0.52130126953125 0.146942138671875 -0.0626449584960937 -0.0267257690429687
0.33062744140625 0.445465087890625 -0.0378036499023437 -0.126022338867187
-0.184326171875 0.61651611328125 0.057525634765625 -0.261917114257812
-0.504180908203125 0.514739990234375 0.276641845703125 -0.25457763671875
-0.6732177734375 0.23846435546875 0.478973388671875 -0.122589111328125
-0.695068359375 0.31036376953125 -0.168243408203125 -0.0267486572265625
-0.43377685546875 0.52642822265625 -0.103561401367188 0.096527099609375
-0.09649658203125 0.6556396484375 -0.020111083984375 0.0966720581054688
0.33233642578125 0.48907470703125 0.0169296264648438 0.0419464111328125
0.481842041015625 0.192138671875 -0.0244941711425781 0.0594596862792969
0.500946044921875 -0.180206298828125 0.0217723846435547 0.0338268280029297
0.3848876953125 -0.33636474609375 0.0112075805664063 0.0353469848632812
0.369781494140625 -0.28997802734375 -0.0236892700195312 0.04998779296875
0.418701171875 -0.3406982421875 -0.0202255249023437 0.0836868286132812
0.489593505859375 -0.166259765625 -0.104019165039062 0.041046142578125
0.533905029296875 0.162017822265625 -0.176971435546875 0.0102386474609375
0.343536376953125 0.457855224609375 -0.114860534667969 -0.127464294433594
-0.18365478515625 0.64593505859375 0.0131378173828125 -0.23675537109375
-0.513641357421875 0.548370361328125 0.171218872070313 -0.144699096679687
-0.71221923828125 0.26824951171875 0.235519409179687 -0.0508575439453125
-0.60748291015625 0.3212890625 -0.39239501953125 0.053497314453125
-0.367706298828125 0.500640869140625 -0.206314086914063 0.193191528320312
-0.0580444335937501 0.58551025390625 -0.0318832397460938 0.111404418945313
0.31085205078125 0.4261474609375 -0.0489730834960937 0.0196151733398438
0.42486572265625 0.16748046875 -0.127059936523437 0.0624160766601563
0.447662353515625 -0.15289306640625 -0.100395202636719 0.105506896972656
0.35089111328125 -0.280670166015625 -0.0940704345703124 0.165939331054687
0.338226318359375 -0.2418212890625 -0.108184814453125 0.180740356445312
0.38372802734375 -0.281097412109375 -0.118453979492187 0.203033447265625
0.43212890625 -0.120574951171875 -0.215713500976562 0.12310791015625
0.451019287109375 0.164337158203125 -0.267837524414062 0.039093017578125
0.27191162109375 0.400634765625 -0.174484252929688 -0.12030029296875
-0.17620849609375 0.545684814453125 -0.022125244140625 -0.190673828125
-0.450592041015625 0.466552734375 0.0604019165039062 -0.0264205932617187
-0.63897705078125 0.24163818359375 -0.0137557983398438 0.0237560272216797
-0.427459716796875 0.279449462890625 -0.58868408203125 0.1300048828125
-0.248992919921875 0.387969970703125 -0.301605224609375 0.272186279296875
-0.017578125 0.409210205078125 -0.0476150512695313 0.1263427734375
0.227203369140625 0.28814697265625 -0.103195190429687 0.0106048583984375
0.2921142578125 0.11517333984375 -0.198638916015625 0.0628662109375
0.319732666015625 -0.09881591796875 -0.1990966796875 0.161285400390625
0.261138916015625 -0.181472778320313 -0.182022094726563 0.2705078125
0.2552490234375 -0.1561279296875 -0.17730712890625 0.2838134765625
0.292449951171875 -0.176513671875 -0.202545166015625 0.290130615234375
0.307708740234375 -0.051483154296875 -0.298858642578125 0.177734375
0.291900634765625 0.146514892578125 -0.32098388671875 0.0468750000000001
0.14459228515625 0.281158447265625 -0.203628540039063 -0.1138916015625
-0.153656005859375 0.34735107421875 -0.040313720703125 -0.14239501953125
-0.319427490234375 0.29718017578125 -0.0359840393066406 0.0671920776367188
-0.464752197265625 0.17083740234375 -0.231338500976563 0.082611083984375
-0.181381225585937 0.192794799804688 -0.726318359375 0.19012451171875
-0.095184326171875 0.220672607421875 -0.377105712890625 0.326202392578125
0.0298919677734375 0.175445556640625 -0.0589752197265625 0.146926879882813
0.113883972167969 0.106697082519531 -0.127830505371094 0.0186309814453125
0.116226196289062 0.043365478515625 -0.222763061523438 0.058074951171875
0.140701293945313 -0.032135009765625 -0.255477905273437 0.1888427734375
0.12908935546875 -0.0534439086914062 -0.237335205078125 0.33013916015625
0.131950378417969 -0.0468368530273438 -0.21856689453125 0.342864990234375
0.157684326171875 -0.0488739013671875 -0.2598876953125 0.33380126953125
0.143753051757813 0.0210418701171875 -0.34344482421875 0.200164794921875
0.10247802734375 0.108016967773438 -0.33331298828125 0.0347900390625
0.0118179321289063 0.129379272460938 -0.205963134765625 -0.113006591796875
-0.0995864868164063 0.114959716796875 -0.04193115234375 -0.106246948242188
-0.139450073242187 0.101119995117188 -0.102638244628906 0.117355346679688
-0.21636962890625 0.0813140869140625 -0.37945556640625 0.116943359375
-0.096435546875 -0.0284042358398438 0.3946533203125 -0.214447021484375
-0.0535736083984375 0.0729141235351563 0.134140014648438 -0.157440185546875
0.0276718139648437 0.101806640625 4.57763671874996E-05 0.0755386352539063
0.0770492553710938 0.039398193359375 0.178939819335937 0.130020141601563
0.0886154174804688 -0.02606201171875 0.29168701171875 0.014434814453125
0.0363998413085937 -0.0856781005859375 0.321044921875 -0.199371337890625
-0.0037384033203125 -0.102241516113281 0.25653076171875 -0.36566162109375
-0.00201416015625001 -0.0733489990234375 0.20208740234375 -0.35589599609375
-0.00135040283203125 -0.0773391723632812 0.22381591796875 -0.315155029296875
0.0437240600585938 -0.0518531799316406 0.257705688476563 -0.206146240234375
0.0658950805664063 0.0062103271484375 0.194992065429687 -0.091461181640625
0.0240020751953125 0.0664558410644531 0.121841430664063 -0.0638046264648438
-0.0579986572265625 0.0479164123535156 0.125930786132812 -0.185745239257812
-0.08599853515625 -0.00605010986328123 0.369171142578125 -0.359130859375
-0.0285987854003906 -0.066650390625 0.7880859375 -0.1932373046875
-0.346282958984375 0.085784912109375 0.356597900390625 -0.199432373046875
-0.206283569335938 0.22882080078125 0.127845764160156 -0.135818481445312
-0.034271240234375 0.304656982421875 -0.00440597534179688 0.0673065185546875
0.163650512695313 0.202804565429688 0.152587890625 0.116806030273438
0.238357543945313 0.047882080078125 0.245040893554688 0.035125732421875
0.207000732421875 -0.140701293945312 0.2962646484375 -0.164459228515625
0.13433837890625 -0.220870971679688 0.240447998046875 -0.31787109375
0.133453369140625 -0.183212280273438 0.178497314453125 -0.3094482421875
0.149459838867188 -0.207962036132813 0.203598022460937 -0.268417358398438
0.218170166015625 -0.118392944335938 0.21148681640625 -0.1802978515625
0.254653930664063 0.052154541015625 0.136886596679688 -0.0787353515625
0.148330688476563 0.216934204101563 0.0889892578125 -0.0861358642578125
-0.11212158203125 0.274887084960938 0.114715576171875 -0.221832275390625
-0.253890991210938 0.201812744140625 0.371795654296875 -0.36541748046875
-0.289093017578125 0.0592346191406251 0.7640380859375 -0.20843505859375
-0.543701171875 0.190704345703125 0.236297607421875 -0.16156005859375
-0.32989501953125 0.36688232421875 0.0802993774414062 -0.0833663940429687
-0.077667236328125 0.481903076171875 -0.00619506835937501 0.0695419311523438
0.244781494140625 0.34478759765625 0.121246337890625 0.0943679809570313
0.3653564453125 0.112823486328125 0.17706298828125 0.0469207763671875
0.351837158203125 -0.181304931640625 0.2349853515625 -0.114273071289063
0.252532958984375 -0.310455322265625 0.1883544921875 -0.22894287109375
0.246841430664063 -0.264419555664063 0.126220703125 -0.215591430664063
0.2767333984375 -0.308197021484375 0.150650024414063 -0.176834106445313
0.361328125 -0.170257568359375 0.126838684082031 -0.126152038574219
0.413787841796875 0.089019775390625 0.0480422973632813 -0.0568580627441406
0.262420654296875 0.340606689453125 0.0317153930664063 -0.109107971191406
-0.144744873046875 0.47625732421875 0.0861358642578125 -0.251541137695312
-0.38739013671875 0.392120361328125 0.334503173828125 -0.335479736328125
-0.5096435546875 0.176513671875 0.64801025390625 -0.1912841796875
-0.656005859375 0.2763671875 0.05535888671875 -0.101600646972656
-0.399017333984375 0.4775390625 0.00453472137451169 -0.00334501266479489
-0.08709716796875 0.60821533203125 -0.00742340087890625 0.0789642333984375
0.31341552734375 0.43719482421875 0.0779571533203125 0.0655364990234375
0.45355224609375 0.155517578125 0.0863494873046875 0.0533218383789063
0.448760986328125 -0.2034912109375 0.140731811523438 -0.0486907958984375
0.330108642578125 -0.355712890625 0.109306335449219 -0.107025146484375
0.32305908203125 -0.305908203125 0.0560455322265625 -0.0888595581054688
0.360382080078125 -0.360565185546875 0.0743331909179688 -0.0544891357421875
0.45037841796875 -0.19744873046875 0.0181732177734375 -0.0467872619628906
0.514739990234375 0.11474609375 -0.0599555969238281 -0.0220565795898437
0.34271240234375 0.4178466796875 -0.0422515869140625 -0.121841430664062
-0.1533203125 0.61334228515625 0.046417236328125 -0.256256103515625
-0.46624755859375 0.5272216796875 0.261917114257812 -0.260009765625
-0.65069580078125 0.26055908203125 0.4603271484375 -0.136993408203125
-0.6712646484375 0.32843017578125 -0.1583251953125 -0.023590087890625
-0.40118408203125 0.529144287109375 -0.0892410278320313 0.0945892333984375
-0.0664672851562499 0.6494140625 -0.0125579833984375 0.0933303833007813
0.346771240234375 0.460784912109375 0.0202980041503906 0.038330078125
0.4801025390625 0.164642333984375 -0.0187797546386718 0.0600929260253906
0.477264404296875 -0.201385498046875 0.0245914459228516 0.0272712707519531
0.357666015625 -0.35003662109375 0.0122394561767578 0.0296916961669922
0.3486328125 -0.302337646484375 -0.0230293273925781 0.0499763488769531
0.38714599609375 -0.356658935546875 -0.0143356323242187 0.078369140625
0.468475341796875 -0.188140869140625 -0.0986404418945312 0.0454483032226562
0.52874755859375 0.128326416015625 -0.1688232421875 0.0190582275390625
0.354461669921875 0.4320068359375 -0.118064880371094 -0.118972778320312
-0.15301513671875 0.6419677734375 0.00427246093749999 -0.229827880859375
-0.4781494140625 0.559112548828125 0.163803100585938 -0.147232055664062
-0.689453125 0.29034423828125 0.22723388671875 -0.0570831298828125
-0.5853271484375 0.33587646484375 -0.37548828125 0.06689453125
-0.340087890625 0.503662109375 -0.18701171875 0.195053100585937
-0.03289794921875 0.580322265625 -0.023529052734375 0.107627868652344
0.32366943359375 0.398956298828125 -0.0452156066894531 0.0195693969726563
0.42413330078125 0.143402099609375 -0.119010925292969 0.0677871704101563
0.42889404296875 -0.172607421875 -0.0916290283203125 0.103347778320312
0.328399658203125 -0.294830322265625 -0.0835723876953125 0.163070678710938
0.32000732421875 -0.2537841796875 -0.099853515625 0.181121826171875
0.358306884765625 -0.2978515625 -0.10467529296875 0.19921875
0.413909912109375 -0.140167236328125 -0.203689575195312 0.129409790039063
0.4481201171875 0.1346435546875 -0.25634765625 0.0509033203125
0.283599853515625 0.37884521484375 -0.17535400390625 -0.109237670898437
-0.15032958984375 0.54302978515625 -0.0287017822265625 -0.18359375
-0.4208984375 0.4749755859375 0.0608863830566406 -0.0256919860839843
-0.61981201171875 0.26318359375 -0.0124282836914063 0.026845932006836
-0.4111328125 0.28631591796875 -0.5662841796875 0.15167236328125
-0.229278564453125 0.390899658203125 -0.27880859375 0.278976440429688
-0.00100708007812503 0.406951904296875 -0.0389251708984375 0.123382568359375
0.236984252929688 0.270370483398438 -0.0978469848632812 0.0136871337890625
0.293121337890625 0.098663330078125 -0.188919067382812 0.0704803466796875
0.307647705078125 -0.113983154296875 -0.185897827148437 0.162216186523438
0.2467041015625 -0.1927490234375 -0.164703369140625 0.2706298828125
0.24334716796875 -0.167129516601563 -0.161590576171875 0.2857666015625
0.275588989257813 -0.1915283203125 -0.183197021484375 0.28851318359375
0.297576904296875 -0.067291259765625 -0.281707763671875 0.186767578125
0.293701171875 0.127288818359375 -0.30792236328125 0.060699462890625
0.154220581054688 0.268585205078125 -0.204086303710938 -0.10174560546875
-0.136077880859375 0.346893310546875 -0.0447006225585938 -0.13592529296875
-0.30059814453125 0.3045654296875 -0.03076171875 0.0703048706054688
-0.45086669921875 0.18658447265625 -0.222137451171875 0.09466552734375
-0.173233032226563 0.192398071289063 -0.70025634765625 0.21728515625
-0.0872650146484375 0.222488403320313 -0.352691650390625 0.336273193359375
0.0334625244140625 0.175140380859375 -0.0507354736328125 0.144058227539063
0.117294311523437 0.0994491577148438 -0.122673034667969 0.0232162475585938
0.118186950683594 0.0367202758789063 -0.212921142578125 0.0661163330078125
0.137107849121094 -0.0396499633789063 -0.240814208984375 0.19293212890625
0.125404357910156 -0.0612258911132813 -0.216552734375 0.33245849609375
0.128189086914063 -0.0544281005859375 -0.198760986328125 0.345977783203125
0.152008056640625 -0.05865478515625 -0.237091064453125 0.33612060546875
0.142181396484375 0.0105438232421875 -0.32373046875 0.210174560546875
0.107841491699219 0.0992279052734375 -0.31951904296875 0.049713134765625
0.0196609497070313 0.126174926757813 -0.204986572265625 -0.100265502929688
-0.0928802490234375 0.117835998535156 -0.0460357666015625 -0.100334167480469
-0.134017944335938 0.105117797851562 -0.094818115234375 0.123542785644531
-0.21282958984375 0.0888214111328125 -0.3658447265625 0.1358642578125
-0.09185791015625 -0.025665283203125 0.384796142578125 -0.2222900390625
-0.0486984252929688 0.0660057067871094 0.131698608398438 -0.16497802734375
0.028045654296875 0.0945968627929688 0.00252532958984375 0.0726852416992187
0.0747756958007813 0.0372848510742188 0.176361083984375 0.12176513671875
0.0849380493164063 -0.027435302734375 0.28338623046875 0.00830078125
0.0306320190429688 -0.0839462280273438 0.308319091796875 -0.20086669921875
-0.0089111328125 -0.0977096557617188 0.242950439453125 -0.3636474609375
-0.00477218627929687 -0.0694389343261719 0.190887451171875 -0.352752685546875
-0.005157470703125 -0.0730972290039063 0.21405029296875 -0.313629150390625
0.0387802124023438 -0.05023193359375 0.247604370117188 -0.205276489257813
0.0621910095214844 0.00231170654296875 0.18768310546875 -0.093170166015625
0.0249252319335938 0.0615692138671875 0.117454528808594 -0.0642013549804688
-0.0535659790039062 0.0471916198730469 0.119705200195313 -0.184402465820313
-0.079742431640625 -0.0031280517578125 0.353485107421875 -0.360015869140625
-0.0262184143066406 -0.0640487670898438 0.7664794921875 -0.2027587890625
-0.33624267578125 0.0899047851562501 0.34979248046875 -0.20794677734375
-0.195968627929688 0.220108032226562 0.126922607421875 -0.143783569335938
-0.027923583984375 0.296356201171875 -0.00198745727539063 0.0640640258789063
0.163070678710938 0.194168090820312 0.150970458984375 0.10858154296875
0.2327880859375 0.04229736328125 0.239303588867188 0.0293426513671875
0.195938110351562 -0.143218994140625 0.286041259765625 -0.166595458984375
0.123580932617187 -0.21826171875 0.227447509765625 -0.31732177734375
0.125091552734375 -0.179458618164063 0.168182373046875 -0.306182861328125
0.13873291015625 -0.206344604492187 0.195037841796875 -0.2685546875
0.207366943359375 -0.120346069335937 0.20330810546875 -0.1793212890625
0.248733520507813 0.0416259765625 0.13287353515625 -0.0794677734375
0.150039672851562 0.20709228515625 0.0845947265625 -0.0861892700195313
-0.101516723632812 0.272369384765625 0.108306884765625 -0.218887329101562
-0.239715576171875 0.20379638671875 0.3577880859375 -0.36627197265625
-0.28143310546875 0.063232421875 0.74169921875 -0.21612548828125
-0.5294189453125 0.1956787109375 0.234573364257812 -0.169082641601563
-0.314971923828125 0.358673095703125 0.083343505859375 -0.091217041015625
-0.067108154296875 0.471649169921875 -0.0031890869140625 0.065460205078125
0.244049072265625 0.329833984375 0.120819091796875 0.087493896484375
0.35821533203125 0.10235595703125 0.17431640625 0.042633056640625
0.336700439453125 -0.185821533203125 0.228195190429688 -0.118820190429688
0.236572265625 -0.31060791015625 0.178604125976563 -0.230453491210938
0.235565185546875 -0.263595581054688 0.118408203125 -0.213058471679688
0.259246826171875 -0.3087158203125 0.144866943359375 -0.179153442382813
0.346527099609375 -0.175262451171875 0.122200012207031 -0.124435424804688
0.4046630859375 0.07440185546875 0.0466804504394532 -0.0560035705566406
0.26409912109375 0.3267822265625 0.0277633666992188 -0.107177734375
-0.131561279296875 0.4722900390625 0.0810546875 -0.24609375
-0.367950439453125 0.3936767578125 0.322784423828125 -0.336517333984375
-0.496612548828125 0.1817626953125 0.63018798828125 -0.19622802734375
-0.6392822265625 0.27850341796875 0.0595932006835937 -0.106521606445312
-0.381805419921875 0.46917724609375 0.0110397338867187 -0.0106401443481445
-0.07366943359375 0.59893798828125 -0.00373840332031251 0.0747833251953125
0.31549072265625 0.4193115234375 0.0784530639648438 0.06048583984375
0.4476318359375 0.141571044921875 0.0866851806640625 0.0514755249023438
0.4312744140625 -0.211334228515625 0.137420654296875 -0.0546493530273438
0.312347412109375 -0.357208251953125 0.104179382324219 -0.110801696777344
0.310089111328125 -0.306488037109375 0.0520477294921875 -0.0880279541015625
0.3414306640625 -0.36260986328125 0.0725936889648438 -0.0585174560546875
0.432769775390625 -0.203216552734375 0.0175399780273438 -0.0450439453125
0.504241943359375 0.097076416015625 -0.0575485229492187 -0.0197029113769531
0.343292236328125 0.40185546875 -0.0446319580078125 -0.118049621582031
-0.1383056640625 0.6083984375 0.0414886474609375 -0.249603271484375
-0.445770263671875 0.5247802734375 0.253509521484375 -0.259414672851562
-0.63592529296875 0.26617431640625 0.447265625 -0.139923095703125
-0.65509033203125 0.32958984375 -0.149581909179688 -0.0247344970703125
-0.384124755859375 0.523101806640625 -0.0787734985351563 0.0892181396484376
-0.0531005859375 0.6414794921875 -0.00887298583984376 0.0885620117187501
0.349822998046875 0.44219970703125 0.0209465026855469 0.03570556640625
0.4744873046875 0.150482177734375 -0.0148162841796875 0.0607643127441406
0.4598388671875 -0.209259033203125 0.0257568359375 0.0214157104492187
0.340179443359375 -0.3548583984375 0.0127582550048828 0.0254058837890625
0.33447265625 -0.304107666015625 -0.0226402282714844 0.0498123168945312
0.36859130859375 -0.361053466796875 -0.0121078491210937 0.0727615356445312
0.451568603515625 -0.195709228515625 -0.0940628051757812 0.0468368530273437
0.519195556640625 0.1112060546875 -0.16253662109375 0.0225830078125
0.3553466796875 0.415313720703125 -0.11737060546875 -0.11395263671875
-0.1383056640625 0.63507080078125 0.00126647949218751 -0.223434448242188
-0.4566650390625 0.557098388671875 0.16058349609375 -0.145538330078125
-0.67572021484375 0.2958984375 0.22088623046875 -0.0568084716796875
-0.57269287109375 0.33447265625 -0.360382080078125 0.06890869140625
-0.32568359375 0.49859619140625 -0.173507690429688 0.19232177734375
-0.02117919921875 0.575439453125 -0.0195693969726563 0.103347778320313
0.326324462890625 0.3836669921875 -0.0425987243652344 0.0190010070800781
0.421051025390625 0.1309814453125 -0.112007141113281 0.0699005126953125
0.415130615234375 -0.18133544921875 -0.0856475830078125 0.0983810424804687
0.312713623046875 -0.299957275390625 -0.078033447265625 0.1585693359375
0.309234619140625 -0.257049560546875 -0.0950469970703125 0.180068969726562
0.340667724609375 -0.30206298828125 -0.0980529785156249 0.193496704101563
0.400238037109375 -0.148468017578125 -0.19464111328125 0.130905151367187
0.441162109375 0.118896484375 -0.2467041015625 0.05523681640625
0.284149169921875 0.365081787109375 -0.173507690429688 -0.1021728515625
-0.137237548828125 0.53790283203125 -0.0301361083984375 -0.177444458007812
-0.403045654296875 0.4735107421875 0.0618705749511719 -0.0241165161132812
-0.60687255859375 0.2677001953125 -0.0121574401855469 0.029510498046875
-0.40435791015625 0.284423828125 -0.54681396484375 0.156341552734375
-0.220703125 0.38812255859375 -0.263168334960938 0.279312133789063
0.00567626953125001 0.4049072265625 -0.0351638793945313 0.119735717773438
0.238876342773437 0.259918212890625 -0.0946731567382812 0.0154953002929688
0.291351318359375 0.090606689453125 -0.1807861328125 0.0735626220703125
0.29779052734375 -0.119781494140625 -0.176971435546875 0.159408569335938
0.23687744140625 -0.198196411132813 -0.154586791992187 0.26580810546875
0.235794067382813 -0.17132568359375 -0.15301513671875 0.28277587890625
0.263931274414063 -0.196640014648438 -0.17242431640625 0.28326416015625
0.28839111328125 -0.075469970703125 -0.269546508789063 0.187423706054687
0.289947509765625 0.115325927734375 -0.295989990234375 0.0668029785156251
0.157211303710938 0.261032104492188 -0.200393676757813 -0.0948638916015625
-0.1279296875 0.344970703125 -0.046142578125 -0.130889892578125
-0.289825439453125 0.30419921875 -0.026611328125 0.0727005004882813
-0.443695068359375 0.191192626953125 -0.215438842773438 0.100006103515625
-0.172271728515625 0.187911987304688 -0.67816162109375 0.2259521484375
-0.0847015380859375 0.22161865234375 -0.3360595703125 0.3408203125
0.0343017578125 0.176589965820313 -0.0468292236328125 0.141036987304688
0.117027282714844 0.095977783203125 -0.118492126464844 0.0256881713867188
0.118270874023438 0.0341033935546875 -0.206451416015625 0.0692596435546875
0.134902954101563 -0.0418624877929688 -0.230804443359375 0.191802978515625
0.122802734375 -0.0659332275390625 -0.203948974609375 0.329193115234375
0.125732421875 -0.0583877563476563 -0.18804931640625 0.342376708984375
0.147491455078125 -0.0637054443359375 -0.224517822265625 0.33123779296875
0.139846801757813 0.00441741943359375 -0.309661865234375 0.210601806640625
0.108924865722656 0.0937118530273437 -0.3087158203125 0.0562744140625
0.0230484008789063 0.124603271484375 -0.201568603515625 -0.0928497314453125
-0.0897216796875 0.118415832519531 -0.0470199584960938 -0.0962982177734375
-0.131736755371094 0.106452941894531 -0.0894241333007813 0.127204895019531
-0.212295532226563 0.09130859375 -0.355682373046875 0.143035888671875
-0.0896759033203125 -0.0244903564453125 0.386505126953125 -0.2288818359375
-0.0471458435058594 0.0612831115722656 0.131942749023438 -0.173263549804688
0.0271759033203125 0.09033203125 0.003662109375 0.070587158203125
0.0736465454101562 0.0365066528320313 0.176513671875 0.118362426757812
0.0843429565429688 -0.0276641845703125 0.281219482421875 0.006744384765625
0.027252197265625 -0.0838623046875 0.305572509765625 -0.20086669921875
-0.0111312866210937 -0.0953598022460938 0.23870849609375 -0.365936279296875
-0.00637817382812499 -0.0666046142578125 0.18896484375 -0.3551025390625
-0.00766754150390625 -0.0713424682617188 0.213714599609375 -0.314666748046875
0.0355415344238281 -0.0492134094238281 0.246627807617188 -0.205108642578125
0.0601806640625 -0.00037384033203125 0.186721801757813 -0.09326171875
0.0244598388671875 0.0593109130859375 0.116828918457031 -0.0655136108398438
-0.0504951477050781 0.0472526550292969 0.118865966796875 -0.185638427734375
-0.0750045776367188 -0.00228118896484375 0.351287841796875 -0.366180419921875
-0.023590087890625 -0.0636863708496094 0.76287841796875 -0.20513916015625
-0.33465576171875 0.0902709960937501 0.35211181640625 -0.215911865234375
-0.194686889648437 0.214187622070313 0.129119873046875 -0.152328491210938
-0.028350830078125 0.29376220703125 -0.000762939453125005 0.0617942810058594
0.162521362304688 0.192092895507813 0.151153564453125 0.105224609375
0.232345581054688 0.0410308837890625 0.23870849609375 0.0291595458984375
0.190948486328125 -0.144241333007813 0.28436279296875 -0.1690673828125
0.1185302734375 -0.218704223632813 0.223846435546875 -0.321014404296875
0.1234130859375 -0.179092407226563 0.16644287109375 -0.307159423828125
0.133651733398438 -0.2061767578125 0.195083618164063 -0.271133422851563
0.20404052734375 -0.121078491210937 0.202957153320313 -0.17864990234375
0.2464599609375 0.0374298095703125 0.13214111328125 -0.0791702270507812
0.150634765625 0.205078125 0.0838088989257813 -0.0857467651367187
-0.0977783203125 0.274703979492188 0.10833740234375 -0.219528198242188
-0.234451293945312 0.2064208984375 0.35675048828125 -0.370697021484375
-0.280593872070313 0.0648040771484375 0.7403564453125 -0.21624755859375
-0.5286865234375 0.19451904296875 0.238662719726562 -0.176300048828125
-0.313507080078125 0.353424072265625 0.0876922607421875 -0.100059509277344
-0.06689453125 0.472625732421875 -0.00195693969726564 0.0631752014160157
0.24462890625 0.326629638671875 0.120750427246094 0.0844573974609375
0.359588623046875 0.101318359375 0.175125122070313 0.0430145263671875
0.330657958984375 -0.189117431640625 0.227218627929688 -0.12310791015625
0.2313232421875 -0.31231689453125 0.176284790039063 -0.234329223632813
0.233657836914063 -0.265167236328125 0.11712646484375 -0.213851928710938
0.25335693359375 -0.311798095703125 0.144760131835938 -0.181854248046875
0.341644287109375 -0.177093505859375 0.122703552246094 -0.124069213867188
0.403594970703125 0.067779541015625 0.0477790832519532 -0.0546188354492187
0.265380859375 0.326019287109375 0.027679443359375 -0.106681823730469
-0.12744140625 0.4764404296875 0.081573486328125 -0.246047973632812
-0.36358642578125 0.396270751953125 0.32373046875 -0.338653564453125
-0.498016357421875 0.183624267578125 0.6285400390625 -0.19573974609375
-0.64312744140625 0.27874755859375 0.0644836425781249 -0.112480163574219
-0.380523681640625 0.462738037109375 0.0165519714355469 -0.0182876586914062
-0.07147216796875 0.60150146484375 -0.00254058837890625 0.072540283203125
0.315643310546875 0.41619873046875 0.0788726806640625 0.0581207275390625
0.448822021484375 0.14007568359375 0.0889205932617188 0.0524368286132813
0.42510986328125 -0.214691162109375 0.137504577636719 -0.0591583251953125
0.30706787109375 -0.36297607421875 0.103218078613281 -0.115257263183594
0.30810546875 -0.30889892578125 0.0512542724609375 -0.0878372192382813
0.33294677734375 -0.367279052734375 0.07318115234375 -0.0617599487304688
0.42755126953125 -0.20794677734375 0.0189552307128906 -0.04412841796875
0.504119873046875 0.090423583984375 -0.0557899475097656 -0.0187568664550781
0.346588134765625 0.4013671875 -0.0445632934570312 -0.1163330078125
-0.13446044921875 0.6129150390625 0.0426483154296875 -0.248367309570312
-0.44000244140625 0.5272216796875 0.2552490234375 -0.260360717773437
-0.638671875 0.26702880859375 0.4459228515625 -0.136993408203125
-0.660400390625 0.3275146484375 -0.144271850585938 -0.0293731689453125
-0.3858642578125 0.520111083984375 -0.0723953247070313 0.08331298828125
-0.0491943359375 0.6461181640625 -0.00727081298828125 0.0865554809570313
0.352142333984375 0.438446044921875 0.0219860076904297 0.0342082977294922
0.477447509765625 0.1500244140625 -0.0112953186035156 0.0618858337402344
0.4559326171875 -0.2138671875 0.027425765991211 0.016082763671875
0.33465576171875 -0.360626220703125 0.0130500793457031 0.0216407775878906
0.3343505859375 -0.308197021484375 -0.0230255126953125 0.0508460998535156
0.36077880859375 -0.36614990234375 -0.0120697021484375 0.0699996948242187
0.44683837890625 -0.199066162109375 -0.092315673828125 0.0475540161132812
0.51861572265625 0.105072021484375 -0.159759521484375 0.0241851806640625
0.357666015625 0.414520263671875 -0.117393493652344 -0.112380981445313
-0.13653564453125 0.63934326171875 0.00216674804687501 -0.222213745117187
-0.45330810546875 0.559051513671875 0.163619995117187 -0.144668579101563
-0.67779541015625 0.296875 0.220245361328125 -0.0545654296875
-0.5797119140625 0.33349609375 -0.356201171875 0.066650390625
-0.3280029296875 0.497650146484375 -0.166976928710938 0.189697265625
-0.01763916015625 0.5823974609375 -0.0185928344726562 0.102409362792969
0.329254150390625 0.38128662109375 -0.0413475036621094 0.019134521484375
0.424163818359375 0.12957763671875 -0.108009338378906 0.072021484375
0.41253662109375 -0.185089111328125 -0.0841445922851562 0.0938568115234375
0.30963134765625 -0.306182861328125 -0.0766448974609375 0.155548095703125
0.30889892578125 -0.262420654296875 -0.094024658203125 0.181671142578125
0.33612060546875 -0.30712890625 -0.0969696044921875 0.191116333007813
0.395751953125 -0.153167724609375 -0.192230224609375 0.131393432617188
0.44036865234375 0.11358642578125 -0.242965698242187 0.0573272705078125
0.28643798828125 0.36370849609375 -0.173141479492187 -0.100555419921875
-0.13726806640625 0.53973388671875 -0.02972412109375 -0.175872802734375
-0.4012451171875 0.475189208984375 0.0643539428710937 -0.022064208984375
-0.613037109375 0.26849365234375 -0.0122222900390625 0.0326042175292969
-0.408538818359375 0.28228759765625 -0.541900634765625 0.157989501953125
-0.222442626953125 0.390869140625 -0.258392333984375 0.280258178710938
0.00787353515625002 0.412261962890625 -0.03509521484375 0.11944580078125
0.242355346679688 0.258697509765625 -0.0937423706054687 0.016143798828125
0.295318603515625 0.089569091796875 -0.177536010742188 0.0759429931640625
0.29736328125 -0.123504638671875 -0.1751708984375 0.156051635742188
0.2359619140625 -0.203659057617188 -0.152725219726563 0.264984130859375
0.237045288085938 -0.17559814453125 -0.151458740234375 0.2847900390625
0.26092529296875 -0.201858520507813 -0.171905517578125 0.281768798828125
0.286651611328125 -0.07958984375 -0.26739501953125 0.186752319335937
0.291259765625 0.112274169921875 -0.2919921875 0.06817626953125
0.159469604492188 0.26123046875 -0.199630737304687 -0.0926971435546875
-0.12744140625 0.3475341796875 -0.0456161499023438 -0.1287841796875
-0.2901611328125 0.30596923828125 -0.0239105224609375 0.0760498046875
-0.447784423828125 0.1923828125 -0.215469360351563 0.10357666015625
-0.177032470703125 0.186203002929687 -0.67559814453125 0.229248046875
-0.0857696533203125 0.22515869140625 -0.3326416015625 0.343017578125
0.0339813232421875 0.182586669921875 -0.046783447265625 0.14068603515625
0.118392944335937 0.096588134765625 -0.117645263671875 0.0266647338867188
0.121147155761719 0.03509521484375 -0.202316284179688 0.070465087890625
0.136093139648438 -0.0434951782226562 -0.228485107421875 0.190460205078125
0.122611999511719 -0.0697021484375 -0.200927734375 0.329864501953125
0.127113342285156 -0.0622634887695312 -0.185302734375 0.3438720703125
0.147430419921875 -0.0673828125 -0.222198486328125 0.330718994140625
0.140045166015625 0.00138092041015625 -0.306915283203125 0.210601806640625
0.112319946289063 0.09234619140625 -0.303955078125 0.058319091796875
0.0257492065429687 0.125663757324219 -0.200042724609375 -0.090850830078125
-0.0906143188476563 0.12066650390625 -0.0474853515625 -0.0936050415039062
-0.133499145507813 0.107765197753906 -0.0873489379882813 0.131431579589844
-0.216262817382813 0.092620849609375 -0.35565185546875 0.147369384765625
-0.0888595581054688 -0.0231552124023437 0.39410400390625 -0.24365234375
-0.0471839904785156 0.0583343505859375 0.13275146484375 -0.186187744140625
0.0268707275390625 0.0890884399414063 0.00545501708984375 0.0706405639648438
0.0747756958007813 0.0360794067382813 0.180877685546875 0.115814208984375
0.0853042602539063 -0.0297393798828125 0.286468505859375 0.004150390625
0.0238800048828125 -0.0850067138671875 0.309051513671875 -0.20721435546875
-0.0152816772460938 -0.0949325561523438 0.237396240234375 -0.377410888671875
-0.00799179077148437 -0.0658454895019531 0.189361572265625 -0.3663330078125
-0.0107192993164062 -0.0710372924804687 0.217193603515625 -0.326446533203125
0.0337562561035156 -0.0491676330566406 0.25042724609375 -0.211654663085938
0.0589485168457031 -0.0033721923828125 0.189346313476563 -0.0969696044921875
0.0251388549804688 0.0584678649902344 0.118629455566406 -0.0682525634765625
-0.0482826232910156 0.048065185546875 0.11907958984375 -0.192626953125
-0.0725021362304688 -0.000709533691406254 0.3533935546875 -0.382568359375
-0.0221900939941406 -0.0649490356445313 0.7808837890625 -0.21722412109375
-0.341064453125 0.095672607421875 0.361053466796875 -0.2301025390625
-0.196884155273437 0.215652465820313 0.131622314453125 -0.166290283203125
-0.026947021484375 0.298797607421875 0.000476837158203124 0.0612335205078125
0.16717529296875 0.192123413085938 0.15533447265625 0.103683471679688
0.23834228515625 0.0384368896484375 0.243927001953125 0.0278778076171875
0.18927001953125 -0.150344848632813 0.287811279296875 -0.1767578125
0.115142822265625 -0.224960327148437 0.22381591796875 -0.333282470703125
0.123382568359375 -0.184402465820312 0.16607666015625 -0.31707763671875
0.130340576171875 -0.21270751953125 0.197784423828125 -0.28216552734375
0.203720092773438 -0.126968383789063 0.207138061523438 -0.184066772460938
0.250625610351563 0.032135009765625 0.134246826171875 -0.0811843872070313
0.156936645507813 0.207260131835938 0.0855865478515625 -0.0887680053710938
-0.093780517578125 0.2840576171875 0.108993530273438 -0.226531982421875
-0.233016967773438 0.215728759765625 0.3619384765625 -0.38555908203125
-0.28668212890625 0.069091796875 0.75506591796875 -0.22821044921875
-0.541748046875 0.2042236328125 0.246047973632813 -0.189224243164063
-0.318359375 0.358734130859375 0.0926742553710937 -0.11273193359375
-0.063446044921875 0.484100341796875 -0.00116729736328126 0.0623703002929688
0.25341796875 0.3291015625 0.124702453613281 0.0830001831054688
0.370269775390625 0.0989990234375 0.18121337890625 0.043182373046875
0.331939697265625 -0.198699951171875 0.23028564453125 -0.131210327148438
0.228057861328125 -0.32464599609375 0.17620849609375 -0.245742797851563
0.235992431640625 -0.2757568359375 0.1170654296875 -0.220260620117188
0.251434326171875 -0.322235107421875 0.147445678710938 -0.1907958984375
0.34320068359375 -0.18731689453125 0.125732421875 -0.127853393554688
0.411346435546875 0.06097412109375 0.0485267639160157 -0.0554428100585938
0.276702880859375 0.329986572265625 0.0277557373046875 -0.108795166015625
-0.120880126953125 0.49365234375 0.08233642578125 -0.252761840820312
-0.3634033203125 0.41070556640625 0.328887939453125 -0.352294921875
-0.510467529296875 0.192291259765625 0.64300537109375 -0.20330810546875
-0.66046142578125 0.289306640625 0.0694351196289062 -0.12127685546875
-0.388214111328125 0.474761962890625 0.0220298767089844 -0.0267982482910156
-0.06622314453125 0.6195068359375 -0.00164794921875 0.0719146728515625
0.328460693359375 0.419769287109375 0.0820083618164063 0.05767822265625
0.464263916015625 0.138031005859375 0.0947265625 0.0543289184570313
0.42913818359375 -0.22772216796875 0.140113830566406 -0.0666656494140625
0.3048095703125 -0.377593994140625 0.10321044921875 -0.123260498046875
0.311920166015625 -0.323089599609375 0.05133056640625 -0.0899887084960938
0.331451416015625 -0.382080078125 0.0749435424804688 -0.0673599243164063
0.43231201171875 -0.218475341796875 0.0202789306640625 -0.04449462890625
0.51580810546875 0.08251953125 -0.0557365417480468 -0.0169105529785156
0.359130859375 0.4078369140625 -0.0454025268554687 -0.117607116699219
-0.1298828125 0.6328125 0.04290771484375 -0.253860473632812
-0.440948486328125 0.545379638671875 0.261215209960938 -0.270477294921875
-0.6549072265625 0.27996826171875 0.456451416015625 -0.14111328125
-0.67962646484375 0.3414306640625 -0.143463134765625 -0.0325469970703125
-0.393341064453125 0.533660888671875 -0.067840576171875 0.0795822143554688
-0.04229736328125 0.66748046875 -0.00672149658203125 0.0876541137695313
0.3665771484375 0.443267822265625 0.0244369506835938 0.0345096588134766
0.49371337890625 0.146392822265625 -0.00703430175781247 0.06475830078125
0.460906982421875 -0.228271484375 0.0284709930419922 0.0106716156005859
0.335906982421875 -0.377777099609375 0.0129795074462891 0.0177116394042969
0.338897705078125 -0.3228759765625 -0.0231781005859375 0.0529899597167968
0.36151123046875 -0.382537841796875 -0.0109405517578125 0.0687904357910156
0.45111083984375 -0.21136474609375 -0.09234619140625 0.0501785278320312
0.531829833984375 0.0975341796875 -0.16107177734375 0.0270843505859375
0.370849609375 0.422027587890625 -0.119979858398437 -0.11187744140625
-0.1307373046875 0.66253662109375 0.00180053710937501 -0.225845336914062
-0.45416259765625 0.57763671875 0.168014526367187 -0.149383544921875
-0.69830322265625 0.3116455078125 0.224746704101562 -0.0542449951171875
-0.59808349609375 0.3450927734375 -0.35968017578125 0.068878173828125
-0.3343505859375 0.513458251953125 -0.163772583007813 0.191940307617188
-0.00952148437500005 0.6031494140625 -0.0188140869140625 0.104606628417969
0.343902587890625 0.386016845703125 -0.0409698486328125 0.0206527709960938
0.4383544921875 0.1280517578125 -0.105621337890625 0.07598876953125
0.418121337890625 -0.197784423828125 -0.0841522216796875 0.0912933349609375
0.309906005859375 -0.3221435546875 -0.07666015625 0.156402587890625
0.313629150390625 -0.27593994140625 -0.094451904296875 0.188125610351562
0.337005615234375 -0.3231201171875 -0.0978851318359375 0.194900512695313
0.40069580078125 -0.164093017578125 -0.19415283203125 0.135635375976562
0.452850341796875 0.10870361328125 -0.245346069335937 0.0618896484375
0.298583984375 0.373626708984375 -0.176300048828125 -0.0999603271484375
-0.1348876953125 0.5594482421875 -0.030731201171875 -0.177536010742187
-0.404083251953125 0.49176025390625 0.0691452026367187 -0.0213165283203125
-0.63031005859375 0.28076171875 -0.0127487182617188 0.0372581481933594
-0.4234619140625 0.2911376953125 -0.5513916015625 0.164703369140625
-0.22686767578125 0.40350341796875 -0.2567138671875 0.288665771484375
0.013092041015625 0.428955078125 -0.0345382690429687 0.123252868652344
0.251907348632813 0.263565063476563 -0.094451904296875 0.0185089111328125
0.30712890625 0.08905029296875 -0.176300048828125 0.0794525146484375
0.3031005859375 -0.132537841796875 -0.176406860351562 0.1568603515625
0.237030029296875 -0.215988159179687 -0.152023315429688 0.270065307617188
0.24072265625 -0.186691284179688 -0.151641845703125 0.29425048828125
0.262054443359375 -0.212966918945312 -0.172607421875 0.289306640625
0.290435791015625 -0.087677001953125 -0.269821166992188 0.19354248046875
0.30059814453125 0.109405517578125 -0.295196533203125 0.07379150390625
0.166763305664063 0.2667236328125 -0.203811645507813 -0.0916748046875
-0.127044677734375 0.360198974609375 -0.0470199584960938 -0.129150390625
-0.293365478515625 0.31793212890625 -0.0209426879882813 0.0809173583984375
-0.4622802734375 0.2010498046875 -0.219802856445313 0.111419677734375
-0.185653686523438 0.190185546875 -0.68682861328125 0.24169921875
-0.08740234375 0.233413696289063 -0.3328857421875 0.356536865234375
0.0374298095703125 0.191696166992188 -0.0479583740234375 0.145858764648438
0.123733520507813 0.0988311767578125 -0.1195068359375 0.0302276611328125
0.127128601074219 0.0346221923828125 -0.204025268554688 0.073638916015625
0.141143798828125 -0.0477752685546875 -0.230804443359375 0.194229125976563
0.125839233398438 -0.0752944946289063 -0.199981689453125 0.33856201171875
0.130424499511719 -0.0677566528320313 -0.18548583984375 0.35552978515625
0.149734497070313 -0.07373046875 -0.22357177734375 0.341217041015625
0.143173217773438 -0.0025787353515625 -0.309783935546875 0.21807861328125
0.117782592773438 0.0919189453125 -0.307403564453125 0.06329345703125
0.0288543701171875 0.129463195800781 -0.204498291015625 -0.0895538330078125
-0.0929031372070312 0.126518249511719 -0.0499114990234375 -0.0932388305664063
-0.137466430664062 0.114234924316406 -0.0854949951171875 0.139663696289063
-0.225311279296875 0.0982513427734375 -0.36376953125 0.158843994140625
-0.08941650390625 -0.0196456909179687 0.400726318359375 -0.268585205078125
-0.0461502075195313 0.0574073791503906 0.12933349609375 -0.203765869140625
0.028717041015625 0.0887451171875 0.00814056396484375 0.0697593688964844
0.0764617919921875 0.0337677001953125 0.190322875976563 0.11114501953125
0.0865859985351563 -0.0345382690429688 0.29461669921875 -0.00445556640625
0.01922607421875 -0.0877151489257813 0.311187744140625 -0.222991943359375
-0.0214157104492188 -0.0945663452148438 0.22906494140625 -0.398681640625
-0.0114860534667969 -0.0658302307128906 0.181854248046875 -0.3857421875
-0.0156478881835938 -0.0711593627929688 0.215057373046875 -0.347015380859375
0.0315818786621094 -0.0505294799804688 0.253173828125 -0.226425170898437
0.0583000183105469 -0.00702667236328125 0.19146728515625 -0.105117797851563
0.027008056640625 0.0578575134277344 0.119659423828125 -0.0746917724609375
-0.0451087951660156 0.0500106811523437 0.115188598632813 -0.204681396484375
-0.0702743530273438 0.0016937255859375 0.349517822265625 -0.410308837890625
-0.0231742858886719 -0.066253662109375 0.800048828125 -0.25079345703125
-0.348907470703125 0.11181640625 0.36737060546875 -0.254486083984375
-0.197921752929688 0.223968505859375 0.13165283203125 -0.185226440429688
-0.0186767578125 0.308319091796875 0.00302505493164062 0.0605888366699219
0.177764892578125 0.1923828125 0.163345336914063 0.098968505859375
0.248001098632812 0.030792236328125 0.253082275390625 0.0213623046875
0.187118530273438 -0.161834716796875 0.29046630859375 -0.192718505859375
0.107315063476562 -0.235549926757813 0.21746826171875 -0.35430908203125
0.12005615234375 -0.194854736328125 0.16046142578125 -0.334136962890625
0.124099731445313 -0.22344970703125 0.196624755859375 -0.299835205078125
0.203536987304687 -0.13763427734375 0.209060668945313 -0.1968994140625
0.257369995117188 0.021514892578125 0.136451721191406 -0.0877914428710938
0.169937133789062 0.208297729492187 0.0857315063476563 -0.0949554443359375
-0.08355712890625 0.29827880859375 0.105300903320313 -0.239181518554687
-0.228286743164063 0.231292724609375 0.358428955078125 -0.4154052734375
-0.29498291015625 0.081756591796875 0.77276611328125 -0.25994873046875
-0.555877685546875 0.22869873046875 0.251007080078125 -0.20855712890625
-0.319549560546875 0.375640869140625 0.0936431884765625 -0.128730773925781
-0.048095703125 0.5040283203125 0.00148391723632812 0.062408447265625
0.272552490234375 0.328460693359375 0.132049560546875 0.0794906616210938
0.387298583984375 0.088348388671875 0.190460205078125 0.0395965576171875
0.331390380859375 -0.218994140625 0.232589721679688 -0.146774291992188
0.219085693359375 -0.344940185546875 0.170669555664062 -0.263229370117187
0.23284912109375 -0.294189453125 0.114166259765625 -0.232177734375
0.243316650390625 -0.3433837890625 0.14697265625 -0.205123901367188
0.34552001953125 -0.2059326171875 0.127029418945313 -0.135429382324219
0.4256591796875 0.044891357421875 0.0493202209472657 -0.0576858520507813
0.298553466796875 0.332305908203125 0.02618408203125 -0.112602233886719
-0.10455322265625 0.51739501953125 0.0775299072265625 -0.263885498046875
-0.354949951171875 0.438385009765625 0.329376220703125 -0.3779296875
-0.5245361328125 0.217254638671875 0.65692138671875 -0.23046875
-0.67901611328125 0.32012939453125 0.0710220336914062 -0.132179260253906
-0.38812255859375 0.499053955078125 0.0254287719726562 -0.037689208984375
-0.0445556640625 0.6446533203125 0.000854492187499993 0.0736846923828125
0.352783203125 0.419830322265625 0.0873489379882813 0.0562057495117188
0.488037109375 0.125457763671875 0.103286743164063 0.0538177490234375
0.430572509765625 -0.25177001953125 0.141204833984375 -0.0791473388671875
0.297698974609375 -0.404571533203125 0.0995330810546875 -0.135223388671875
0.309722900390625 -0.347900390625 0.049957275390625 -0.0947799682617188
0.32379150390625 -0.40924072265625 0.076080322265625 -0.0749053955078125
0.434844970703125 -0.24285888671875 0.0206565856933594 -0.0467987060546875
0.534332275390625 0.064727783203125 -0.0562973022460937 -0.0144767761230469
0.387603759765625 0.41058349609375 -0.049774169921875 -0.1195068359375
-0.10943603515625 0.66412353515625 0.037628173828125 -0.2635498046875
-0.4322509765625 0.580322265625 0.2630615234375 -0.288787841796875
-0.67388916015625 0.31243896484375 0.46685791015625 -0.15985107421875
-0.69970703125 0.3759765625 -0.14544677734375 -0.03350830078125
-0.39324951171875 0.56378173828125 -0.0628662109375 0.076904296875
-0.01898193359375 0.69580078125 -0.00347137451171874 0.0909576416015625
0.396270751953125 0.443115234375 0.0278072357177735 0.0348663330078125
0.520477294921875 0.134307861328125 -0.000583648681640597 0.0682716369628907
0.465728759765625 -0.255645751953125 0.0285282135009766 0.00445556640624998
0.3280029296875 -0.4061279296875 0.0122299194335938 0.0133953094482422
0.33843994140625 -0.3505859375 -0.0215797424316406 0.0562934875488281
0.354522705078125 -0.41162109375 -0.0081977844238281 0.0689926147460937
0.45648193359375 -0.23724365234375 -0.0920944213867187 0.0546417236328125
0.552886962890625 0.0794677734375 -0.163284301757812 0.03466796875
0.39947509765625 0.425201416015625 -0.126808166503906 -0.110603332519531
-0.11102294921875 0.6927490234375 -0.00361633300781249 -0.232513427734375
-0.44842529296875 0.61370849609375 0.172760009765625 -0.15936279296875
-0.71734619140625 0.34515380859375 0.231155395507812 -0.0609893798828125
-0.61529541015625 0.37750244140625 -0.3663330078125 0.0808410644531251
-0.332550048828125 0.543182373046875 -0.1580810546875 0.1988525390625
0.0128173828125 0.62890625 -0.0152816772460938 0.110092163085938
0.3704833984375 0.38507080078125 -0.03955078125 0.0237693786621094
0.463623046875 0.116943359375 -0.101669311523437 0.0818710327148438
0.4228515625 -0.2232666015625 -0.084869384765625 0.0907745361328125
0.306365966796875 -0.34881591796875 -0.0749359130859375 0.161361694335937
0.3143310546875 -0.300933837890625 -0.090179443359375 0.198455810546875
0.331024169921875 -0.3480224609375 -0.09381103515625 0.202301025390625
0.405029296875 -0.185699462890625 -0.193893432617187 0.146987915039062
0.471527099609375 0.09344482421875 -0.249618530273437 0.0725860595703125
0.322509765625 0.375518798828125 -0.184310913085937 -0.0960235595703124
-0.11834716796875 0.5865478515625 -0.0355072021484375 -0.181289672851562
-0.3994140625 0.52294921875 0.074493408203125 -0.0224990844726562
-0.64788818359375 0.31201171875 -0.0119552612304688 0.0418930053710938
-0.43768310546875 0.315216064453125 -0.560516357421875 0.1876220703125
-0.224029541015625 0.426788330078125 -0.251678466796875 0.305267333984375
0.030609130859375 0.44970703125 -0.03204345703125 0.130500793457031
0.271591186523438 0.2633056640625 -0.09503173828125 0.0246734619140625
0.324737548828125 0.081268310546875 -0.175765991210938 0.087615966796875
0.308502197265625 -0.15093994140625 -0.177536010742187 0.162368774414062
0.236160278320313 -0.236160278320313 -0.14739990234375 0.281982421875
0.242568969726562 -0.205581665039063 -0.144989013671875 0.310272216796875
0.260879516601563 -0.232467651367187 -0.168853759765625 0.303955078125
0.294952392578125 -0.103302001953125 -0.270538330078125 0.2088623046875
0.315399169921875 0.09991455078125 -0.29937744140625 0.085662841796875
0.183853149414063 0.272125244140625 -0.212631225585937 -0.086639404296875
-0.120513916015625 0.380096435546875 -0.0517501831054688 -0.129966735839844
-0.292327880859375 0.338623046875 -0.0149993896484375 0.0875244140625
-0.47796630859375 0.225494384765625 -0.224319458007813 0.12640380859375
-0.192184448242187 0.201858520507813 -0.69976806640625 0.272216796875
-0.0849456787109375 0.247146606445312 -0.328765869140625 0.3817138671875
0.045654296875 0.202377319335938 -0.0450286865234375 0.154815673828125
0.132354736328125 0.099212646484375 -0.120429992675781 0.0376510620117188
0.135978698730469 0.0328292846679688 -0.205642700195313 0.0820770263671875
0.145843505859375 -0.056304931640625 -0.232192993164063 0.204574584960937
0.127899169921875 -0.0859527587890625 -0.194000244140625 0.356201171875
0.132858276367188 -0.078643798828125 -0.178619384765625 0.37408447265625
0.151214599609375 -0.083953857421875 -0.219818115234375 0.360382080078125
0.1473388671875 -0.0101776123046875 -0.3114013671875 0.2353515625
0.127304077148438 0.08917236328125 -0.311676025390625 0.0759277343750001
0.0361099243164063 0.134796142578125 -0.213531494140625 -0.0844268798828125
-0.0924530029296875 0.136848449707031 -0.0537567138671875 -0.092437744140625
-0.140312194824219 0.124671936035156 -0.080596923828125 0.150909423828125
-0.233367919921875 0.110504150390625 -0.370513916015625 0.18017578125
-0.0884780883789063 -0.0145645141601563 0.3935546875 -0.299835205078125
-0.0445060729980469 0.0570831298828125 0.1168212890625 -0.220947265625
0.0329513549804688 0.086822509765625 0.0120887756347656 0.0688400268554688
0.07891845703125 0.0295486450195313 0.198410034179687 0.09918212890625
0.0854568481445313 -0.0418319702148438 0.299560546875 -0.021331787109375
0.0121307373046875 -0.0890045166015625 0.304779052734375 -0.24420166015625
-0.0289382934570312 -0.0928573608398438 0.2081298828125 -0.42047119140625
-0.0159873962402344 -0.0640487670898438 0.163299560546875 -0.405609130859375
-0.0216636657714844 -0.0694847106933594 0.19970703125 -0.369232177734375
0.0283889770507813 -0.0519599914550781 0.24627685546875 -0.24566650390625
0.0567703247070313 -0.0117950439453125 0.189407348632812 -0.117996215820312
0.0302925109863281 0.0558929443359375 0.117950439453125 -0.0835418701171875
-0.03997802734375 0.0522384643554688 0.103622436523437 -0.217056274414063
-0.06744384765625 0.00568389892578126 0.32867431640625 -0.441436767578125
-0.0259513854980469 -0.0662422180175781 0.8004150390625 -0.302978515625
-0.347991943359375 0.135711669921875 0.361480712890625 -0.28497314453125
-0.190185546875 0.235885620117187 0.12152099609375 -0.2041015625
-0.00158691406249997 0.315460205078125 0.00682067871093749 0.0594367980957031
0.191558837890625 0.184158325195312 0.17193603515625 0.0890655517578125
0.255844116210938 0.0154571533203125 0.261199951171875 0.007720947265625
0.177017211914063 -0.176101684570313 0.283966064453125 -0.215087890625
0.0914459228515625 -0.245162963867188 0.197723388671875 -0.375457763671875
0.109878540039063 -0.204986572265625 0.143463134765625 -0.3511962890625
0.109390258789063 -0.2353515625 0.184112548828125 -0.321380615234375
0.196670532226563 -0.153091430664063 0.203369140625 -0.212905883789063
0.261322021484375 0.00421142578125 0.134422302246094 -0.0962142944335938
0.186325073242188 0.201309204101563 0.0830078125 -0.101913452148438
-0.06341552734375 0.309722900390625 0.09271240234375 -0.251312255859375
-0.213714599609375 0.248931884765625 0.33929443359375 -0.44635009765625
-0.296600341796875 0.101654052734375 0.77484130859375 -0.31036376953125
-0.555694580078125 0.268157958984375 0.2469482421875 -0.231887817382812
-0.30755615234375 0.3995361328125 0.088531494140625 -0.145797729492187
-0.01947021484375 0.517242431640625 0.00490188598632812 0.0623779296875
0.295257568359375 0.3179931640625 0.139976501464844 0.0720596313476563
0.4033203125 0.06573486328125 0.200164794921875 0.0289306640625
0.320648193359375 -0.24432373046875 0.2261962890625 -0.165985107421875
0.197235107421875 -0.365142822265625 0.155487060546875 -0.280990600585938
0.218170166015625 -0.31463623046875 0.102447509765625 -0.243438720703125
0.222686767578125 -0.365509033203125 0.139358520507813 -0.221450805664063
0.33642578125 -0.23211669921875 0.123031616210938 -0.145538330078125
0.434722900390625 0.01763916015625 0.0480308532714844 -0.060455322265625
0.32568359375 0.321685791015625 0.02178955078125 -0.116943359375
-0.072906494140625 0.536590576171875 0.0652008056640625 -0.274581909179687
-0.33197021484375 0.4681396484375 0.312896728515625 -0.406768798828125
-0.5252685546875 0.253662109375 0.6583251953125 -0.27178955078125
-0.67822265625 0.36993408203125 0.0688476562499999 -0.14349365234375
-0.37103271484375 0.53057861328125 0.0252342224121093 -0.04937744140625
-0.00640869140625005 0.6649169921875 0.005767822265625 0.0746307373046875
0.38568115234375 0.407470703125 0.093902587890625 0.050567626953125
0.5084228515625 0.0965576171875 0.113319396972656 0.0485763549804688
0.420257568359375 -0.2855224609375 0.1363525390625 -0.0937118530273438
0.27374267578125 -0.4334716796875 0.090179443359375 -0.146728515625
0.293853759765625 -0.375885009765625 0.0458755493164063 -0.0995941162109375
0.3011474609375 -0.43768310546875 0.0734024047851563 -0.0839385986328125
0.42626953125 -0.274566650390625 0.0199241638183594 -0.0484428405761719
0.546661376953125 0.030181884765625 -0.0575790405273437 -0.00953292846679686
0.421295166015625 0.39605712890625 -0.055633544921875 -0.11834716796875
-0.06927490234375 0.6865234375 0.02496337890625 -0.271072387695312
-0.40216064453125 0.6163330078125 0.253387451171875 -0.3114013671875
-0.67449951171875 0.359375 0.468902587890625 -0.18719482421875
-0.69818115234375 0.42724609375 -0.146316528320313 -0.0297088623046875
-0.371826171875 0.59930419921875 -0.0567626953125 0.0748977661132813
0.024169921875 0.71826171875 0.00231170654296874 0.0935516357421875
0.431182861328125 0.4285888671875 0.0331668853759766 0.0337944030761719
0.543243408203125 0.1038818359375 0.0079460144042969 0.0693206787109375
0.456329345703125 -0.29229736328125 0.0257072448730469 -0.0032329559326172
0.305023193359375 -0.438018798828125 0.0101842880249024 0.0101261138916015
0.32330322265625 -0.380889892578125 -0.0185127258300781 0.0590629577636719
0.332061767578125 -0.442596435546875 -0.00446701049804686 0.0686988830566406
0.446197509765625 -0.2708740234375 -0.0902938842773437 0.0613937377929687
0.56695556640625 0.04443359375 -0.162841796875 0.0464324951171875
0.43572998046875 0.41217041015625 -0.133758544921875 -0.105117797851563
-0.0703125000000001 0.71649169921875 -0.0151824951171875 -0.23602294921875
-0.41741943359375 0.65216064453125 0.169845581054687 -0.173675537109375
-0.71978759765625 0.3970947265625 0.233352661132812 -0.0721435546875
-0.616455078125 0.42333984375 -0.3660888671875 0.0996093750000001
-0.31146240234375 0.5751953125 -0.146743774414063 0.207717895507813
0.0524902343749999 0.64910888671875 -0.0085601806640625 0.114799499511719
0.402191162109375 0.372283935546875 -0.0359153747558593 0.0279655456542969
0.48663330078125 0.090240478515625 -0.0939788818359375 0.0889511108398437
0.415618896484375 -0.256195068359375 -0.0848464965820312 0.092041015625
0.2867431640625 -0.378570556640625 -0.068756103515625 0.166336059570312
0.301177978515625 -0.32904052734375 -0.0800018310546875 0.208740234375
0.313262939453125 -0.3778076171875 -0.0847625732421875 0.21063232421875
0.398406982421875 -0.216094970703125 -0.189010620117187 0.160858154296875
0.486602783203125 0.06573486328125 -0.247817993164062 0.089752197265625
0.35296630859375 0.367431640625 -0.19256591796875 -0.0863952636718749
-0.08599853515625 0.61029052734375 -0.0441436767578125 -0.181900024414062
-0.373565673828125 0.55657958984375 0.0788421630859375 -0.0267562866210937
-0.6500244140625 0.357421875 -0.00947570800781255 0.0474205017089844
-0.4376220703125 0.34967041015625 -0.559051513671875 0.2227783203125
-0.20635986328125 0.45159912109375 -0.235748291015625 0.323760986328125
0.060211181640625 0.463226318359375 -0.024383544921875 0.138435363769531
0.293731689453125 0.253204345703125 -0.0927734375 0.0331344604492188
0.34100341796875 0.06329345703125 -0.17059326171875 0.0991668701171875
0.304840087890625 -0.175994873046875 -0.175140380859375 0.170761108398437
0.224349975585938 -0.259185791015625 -0.135162353515625 0.29510498046875
0.2342529296875 -0.228286743164063 -0.129547119140625 0.326507568359375
0.248916625976563 -0.2554931640625 -0.154327392578125 0.32012939453125
0.29205322265625 -0.124908447265625 -0.2628173828125 0.228042602539063
0.328857421875 0.080718994140625 -0.2978515625 0.105438232421875
0.205276489257813 0.268386840820313 -0.220687866210937 -0.074859619140625
-0.100494384765625 0.39862060546875 -0.0582962036132813 -0.127830505371094
-0.27655029296875 0.363922119140625 -0.00535583496093751 0.0920181274414063
-0.478607177734375 0.258514404296875 -0.22088623046875 0.145538330078125
-0.19195556640625 0.217437744140625 -0.696044921875 0.315673828125
-0.073577880859375 0.259552001953125 -0.312103271484375 0.408843994140625
0.059814453125 0.209197998046875 -0.0356597900390625 0.1644287109375
0.14190673828125 0.094940185546875 -0.118255615234375 0.0480804443359375
0.143524169921875 0.0255584716796875 -0.203292846679688 0.094818115234375
0.146087646484375 -0.06829833984375 -0.227020263671875 0.218032836914063
0.124443054199219 -0.0990142822265625 -0.177642822265625 0.3741455078125
0.130828857421875 -0.090667724609375 -0.15924072265625 0.39373779296875
0.148544311523438 -0.0968475341796875 -0.202880859375 0.381805419921875
0.148300170898438 -0.02081298828125 -0.303436279296875 0.258148193359375
0.137214660644531 0.0820388793945313 -0.311492919921875 0.0955200195312501
0.0469894409179688 0.136116027832031 -0.222610473632813 -0.0724029541015625
-0.088226318359375 0.14862060546875 -0.0592193603515625 -0.08868408203125
-0.135635375976562 0.137657165527344 -0.068756103515625 0.161605834960938
-0.234970092773438 0.127655029296875 -0.367431640625 0.209228515625
-0.0847549438476563 -0.00878906249999999 0.374053955078125 -0.32476806640625
-0.0415458679199219 0.0560417175292969 0.098388671875 -0.230377197265625
0.0361404418945313 0.0819320678710937 0.0156478881835938 0.0660972595214844
0.078887939453125 0.0240707397460938 0.200775146484375 0.0834808349609375
0.080841064453125 -0.048065185546875 0.294891357421875 -0.03985595703125
0.00423431396484375 -0.0875778198242188 0.28692626953125 -0.259918212890625
-0.0359420776367188 -0.0860061645507813 0.179840087890625 -0.42926025390625
-0.0202255249023437 -0.0606307983398438 0.13714599609375 -0.412506103515625
-0.0272674560546875 -0.0653076171875 0.176513671875 -0.38079833984375
0.0241127014160156 -0.0524139404296875 0.230712890625 -0.2578125
0.052459716796875 -0.0159263610839844 0.180038452148437 -0.127517700195313
0.0326385498046875 0.0531463623046875 0.111930847167969 -0.0909500122070312
-0.033782958984375 0.0515632629394531 0.087249755859375 -0.222061157226563
-0.0621566772460938 0.00921249389648439 0.292083740234375 -0.4595947265625
-0.0283775329589844 -0.0637588500976563 0.7734375 -0.34942626953125
-0.334503173828125 0.15765380859375 0.343353271484375 -0.30767822265625
-0.175537109375 0.24224853515625 0.105239868164063 -0.216064453125
0.018096923828125 0.312652587890625 0.00918579101562499 0.0575027465820313
0.199539184570313 0.169876098632813 0.17486572265625 0.0751953125
0.2542724609375 -0.002838134765625 0.260208129882813 -0.009521484375
0.16082763671875 -0.18524169921875 0.265426635742188 -0.231246948242188
0.0718841552734375 -0.247650146484375 0.170196533203125 -0.386474609375
0.0947418212890625 -0.209426879882812 0.121337890625 -0.357635498046875
0.089813232421875 -0.238265991210938 0.16363525390625 -0.333709716796875
0.18280029296875 -0.163803100585937 0.189788818359375 -0.2237548828125
0.25665283203125 -0.014007568359375 0.127593994140625 -0.101898193359375
0.198135375976563 0.188232421875 0.0766372680664063 -0.106285095214844
-0.03955078125 0.310150146484375 0.0760498046875 -0.255874633789063
-0.191024780273437 0.258392333984375 0.3055419921875 -0.465789794921875
-0.28900146484375 0.12152099609375 0.749755859375 -0.3548583984375
-0.535400390625 0.303497314453125 0.234817504882812 -0.2493896484375
-0.28253173828125 0.411895751953125 0.0767669677734375 -0.157989501953125
0.0138244628906249 0.51513671875 0.00845718383789063 0.0613594055175782
0.312255859375 0.29595947265625 0.143081665039063 0.0605621337890625
0.40509033203125 0.037078857421875 0.20233154296875 0.015380859375
0.297454833984375 -0.262786865234375 0.210952758789063 -0.18084716796875
0.16778564453125 -0.37469482421875 0.13360595703125 -0.289794921875
0.195953369140625 -0.3271484375 0.0867767333984375 -0.248245239257813
0.19256591796875 -0.376556396484375 0.124801635742188 -0.231582641601563
0.314727783203125 -0.251861572265625 0.11407470703125 -0.151336669921875
0.4290771484375 -0.011688232421875 0.044586181640625 -0.0614585876464844
0.34454345703125 0.298828125 0.0159454345703125 -0.117713928222656
-0.033905029296875 0.537078857421875 0.0478668212890625 -0.277145385742187
-0.295013427734375 0.48150634765625 0.284637451171875 -0.423797607421875
-0.509368896484375 0.286468505859375 0.636962890625 -0.30975341796875
-0.65228271484375 0.413330078125 0.0632781982421875 -0.1510009765625
-0.34002685546875 0.548431396484375 0.0220069885253906 -0.0584335327148437
0.0367431640624999 0.66326904296875 0.0106582641601563 0.0741500854492188
0.40753173828125 0.3787841796875 0.09783935546875 0.0437545776367188
0.513763427734375 0.062103271484375 0.119285583496094 0.0396728515625
0.39324951171875 -0.311492919921875 0.124771118164063 -0.103767395019531
0.238006591796875 -0.448760986328125 0.0763702392578125 -0.152923583984375
0.265533447265625 -0.393707275390625 0.0394363403320313 -0.101142883300781
0.26483154296875 -0.4541015625 0.0673370361328125 -0.0907974243164063
0.4000244140625 -0.300689697265625 0.0172805786132813 -0.0487747192382813
0.542144775390625 -0.005828857421875 -0.0562782287597656 -0.00461196899414064
0.4459228515625 0.36883544921875 -0.0601806640625 -0.114013671875
-0.02239990234375 0.68798828125 0.00959777832031253 -0.270919799804687
-0.3563232421875 0.63330078125 0.233001708984375 -0.325103759765625
-0.65252685546875 0.40106201171875 0.453521728515625 -0.212554931640625
-0.67327880859375 0.470458984375 -0.1435546875 -0.0240478515625
-0.33660888671875 0.6168212890625 -0.0515289306640625 0.0707168579101563
0.0722045898437499 0.71533203125 0.00878906250000001 0.0948486328125
0.454315185546875 0.39654541015625 0.037200927734375 0.0315208435058594
0.550384521484375 0.066314697265625 0.0171127319335938 0.0664520263671875
0.428497314453125 -0.320831298828125 0.0201683044433594 -0.00869560241699221
0.267730712890625 -0.457305908203125 0.00724411010742189 0.00775957107543943
0.29522705078125 -0.401123046875 -0.0139732360839844 0.0609359741210937
0.29681396484375 -0.459716796875 -0.000770568847656228 0.06597900390625
0.4217529296875 -0.296356201171875 -0.0852584838867187 0.0666885375976563
0.5645751953125 0.00579833984375 -0.157058715820313 0.0574798583984375
0.4598388671875 0.38348388671875 -0.136680603027344 -0.095947265625
-0.0220336914062499 0.71875 -0.0274200439453125 -0.23443603515625
-0.36920166015625 0.66839599609375 0.160415649414062 -0.183319091796875
-0.69525146484375 0.44183349609375 0.227752685546875 -0.08349609375
-0.591552734375 0.46295166015625 -0.354400634765625 0.118408203125
-0.27618408203125 0.5924072265625 -0.13238525390625 0.209381103515625
0.09710693359375 0.64727783203125 0.000396728515624997 0.117401123046875
0.42388916015625 0.345703125 -0.0305919647216797 0.0300102233886719
0.493255615234375 0.05731201171875 -0.083221435546875 0.0925369262695312
0.391876220703125 -0.28375244140625 -0.0835723876953125 0.0927505493164063
0.2550048828125 -0.396942138671875 -0.0606689453125 0.167526245117187
0.276641845703125 -0.3489990234375 -0.0658416748046875 0.212738037109375
0.28216552734375 -0.395477294921875 -0.0708160400390625 0.213226318359375
0.377197265625 -0.24066162109375 -0.177154541015625 0.170989990234375
0.485931396484375 0.031951904296875 -0.237991333007813 0.105026245117187
0.37481689453125 0.343048095703125 -0.194061279296875 -0.0733489990234375
-0.04608154296875 0.61334228515625 -0.05291748046875 -0.177703857421875
-0.33392333984375 0.5703125 0.0805511474609375 -0.0318679809570312
-0.62835693359375 0.3975830078125 -0.00593948364257816 0.0507278442382813
-0.420440673828125 0.378082275390625 -0.53857421875 0.25250244140625
-0.179656982421875 0.465179443359375 -0.211517333984375 0.333984375
0.091522216796875 0.462249755859375 -0.013580322265625 0.1419677734375
0.30963134765625 0.233734130859375 -0.0860061645507812 0.0397262573242188
0.346343994140625 0.040008544921875 -0.160018920898437 0.10760498046875
0.2896728515625 -0.196929931640625 -0.167449951171875 0.177001953125
0.202239990234375 -0.2752685546875 -0.1177978515625 0.29962158203125
0.2166748046875 -0.243133544921875 -0.10791015625 0.33203125
0.227493286132813 -0.27069091796875 -0.1337890625 0.3272705078125
0.279251098632813 -0.1429443359375 -0.246429443359375 0.242111206054688
0.3319091796875 0.057281494140625 -0.2861328125 0.123443603515625
0.22247314453125 0.25457763671875 -0.222152709960938 -0.0595703125
-0.0745849609375 0.40484619140625 -0.0633544921875 -0.122772216796875
-0.251068115234375 0.37713623046875 0.00461578369140624 0.0923004150390625
-0.4644775390625 0.28875732421875 -0.209457397460938 0.161727905273438
-0.183700561523437 0.229354858398438 -0.66986083984375 0.35595703125
-0.0580596923828125 0.265121459960938 -0.281158447265625 0.42572021484375
0.073944091796875 0.207931518554687 -0.0229034423828125 0.1688232421875
0.148330688476563 0.087249755859375 -0.1102294921875 0.0568008422851563
0.1468505859375 0.01611328125 -0.193893432617187 0.10455322265625
0.140823364257813 -0.0790863037109375 -0.215042114257813 0.228317260742188
0.115699768066406 -0.108856201171875 -0.1536865234375 0.381256103515625
0.123268127441406 -0.101165771484375 -0.133331298828125 0.40155029296875
0.139083862304688 -0.107254028320313 -0.177398681640625 0.392364501953125
0.144866943359375 -0.030670166015625 -0.284149169921875 0.273468017578125
0.142623901367188 0.0711212158203125 -0.300201416015625 0.113433837890625
0.0572586059570313 0.133232116699219 -0.224044799804688 -0.0555572509765625
-0.0791778564453125 0.156356811523438 -0.0625381469726563 -0.0824508666992187
-0.126861572265625 0.14593505859375 -0.05389404296875 0.165863037109375
-0.229232788085937 0.14300537109375 -0.3507080078125 0.23455810546875
-0.0792999267578125 -0.00635528564453125 0.3541259765625 -0.334259033203125
-0.0396690368652344 0.0542221069335937 0.0833282470703125 -0.23114013671875
0.0370712280273438 0.0775299072265625 0.0171432495117188 0.0628242492675781
0.0757522583007813 0.0198822021484375 0.19677734375 0.07147216796875
0.0751800537109375 -0.0512847900390625 0.285491943359375 -0.05078125
-0.00169372558593749 -0.0836105346679688 0.2686767578125 -0.264007568359375
-0.0387725830078125 -0.0792617797851563 0.155426025390625 -0.426727294921875
-0.0222930908203125 -0.0560035705566406 0.1177978515625 -0.4090576171875
-0.0303802490234375 -0.0605278015136719 0.158355712890625 -0.381256103515625
0.0203475952148438 -0.051483154296875 0.216094970703125 -0.260635375976563
0.0481491088867187 -0.0174942016601563 0.170745849609375 -0.130416870117187
0.0336799621582031 0.0503692626953125 0.105484008789063 -0.0935211181640625
-0.0283012390136719 0.049072265625 0.07464599609375 -0.220230102539063
-0.0561408996582031 0.0102272033691406 0.2623291015625 -0.4600830078125
-0.0287513732910156 -0.0599021911621094 0.73858642578125 -0.37298583984375
-0.31689453125 0.167083740234375 0.32513427734375 -0.317840576171875
-0.163833618164062 0.240554809570313 0.090545654296875 -0.218841552734375
0.02862548828125 0.303802490234375 0.0105094909667969 0.0552330017089844
0.198928833007813 0.156448364257812 0.172409057617188 0.0641021728515625
0.247299194335938 -0.0156097412109375 0.2540283203125 -0.0206146240234375
0.144866943359375 -0.186141967773438 0.248748779296875 -0.235488891601562
0.05633544921875 -0.24163818359375 0.147003173828125 -0.383636474609375
0.0831756591796875 -0.206939697265625 0.104583740234375 -0.3546142578125
0.0752105712890625 -0.234451293945312 0.147216796875 -0.335235595703125
0.168563842773438 -0.166336059570313 0.177581787109375 -0.225555419921875
0.246963500976563 -0.0253143310546875 0.120956420898438 -0.103103637695313
0.20147705078125 0.175460815429688 0.0709228515625 -0.107986450195312
-0.022552490234375 0.302734375 0.06329345703125 -0.252700805664062
-0.171554565429688 0.257247924804688 0.274444580078125 -0.467559814453125
-0.2764892578125 0.131362915039063 0.7152099609375 -0.37506103515625
-0.50909423828125 0.319549560546875 0.22186279296875 -0.2568359375
-0.2611083984375 0.4119873046875 0.0660552978515625 -0.16278076171875
0.0347900390625 0.503997802734375 0.0101203918457031 0.0594749450683594
0.313720703125 0.274017333984375 0.141586303710938 0.0509033203125
0.39697265625 0.016876220703125 0.200668334960938 0.0059051513671875
0.27386474609375 -0.2681884765625 0.194915771484375 -0.18524169921875
0.142974853515625 -0.371307373046875 0.1153564453125 -0.288299560546875
0.175994873046875 -0.32672119140625 0.07513427734375 -0.2457275390625
0.167938232421875 -0.37432861328125 0.112350463867188 -0.233627319335938
0.2926025390625 -0.2579345703125 0.1064453125 -0.151199340820313
0.415557861328125 -0.03076171875 0.0418319702148438 -0.0593185424804688
0.350860595703125 0.27813720703125 0.0124740600585938 -0.116195678710937
-0.00833129882812503 0.52532958984375 0.036376953125 -0.27337646484375
-0.263763427734375 0.477508544921875 0.258087158203125 -0.42620849609375
-0.488372802734375 0.302978515625 0.6094970703125 -0.32568359375
-0.6221923828125 0.43231201171875 0.0594482421875 -0.15374755859375
-0.312347412109375 0.547332763671875 0.0172080993652344 -0.0647926330566406
0.06573486328125 0.64935302734375 0.0135650634765625 0.073455810546875
0.412628173828125 0.35174560546875 0.0986557006835938 0.0366592407226563
0.5068359375 0.035491943359375 0.121200561523438 0.0323028564453125
0.3656005859375 -0.3206787109375 0.113739013671875 -0.107627868652344
0.206268310546875 -0.446685791015625 0.0652313232421875 -0.152679443359375
0.24212646484375 -0.39581298828125 0.0349349975585938 -0.0999069213867188
0.234710693359375 -0.453643798828125 0.0623626708984375 -0.0939178466796875
0.37249755859375 -0.309539794921875 0.0159835815429688 -0.0477294921875
0.526580810546875 -0.029693603515625 -0.0537757873535156 -0.000148773193359385
0.451385498046875 0.342864990234375 -0.0622634887695312 -0.109413146972656
0.00976562499999995 0.671875 0.000228881835937504 -0.266143798828125
-0.3189697265625 0.62921142578125 0.214324951171875 -0.32794189453125
-0.62548828125 0.41998291015625 0.433746337890625 -0.223419189453125
-0.64306640625 0.49151611328125 -0.137565612792969 -0.0211181640625
-0.3067626953125 0.6171875 -0.0480270385742188 0.0644569396972657
0.10333251953125 0.7003173828125 0.0138702392578125 0.0940933227539063
0.4599609375 0.369598388671875 0.0401153564453125 0.0278434753417969
0.542388916015625 0.039031982421875 0.0232925415039063 0.0623092651367187
0.3994140625 -0.333099365234375 0.0140914916992188 -0.0107231140136719
0.23590087890625 -0.45794677734375 0.004544734954834 0.00661706924438474
0.269287109375 -0.4051513671875 -0.01080322265625 0.0603790283203125
0.264556884765625 -0.4617919921875 0.00119018554687501 0.0626449584960937
0.393646240234375 -0.306304931640625 -0.0802383422851562 0.0691909790039062
0.547454833984375 -0.0184326171875 -0.149063110351562 0.0642242431640625
0.46539306640625 0.356475830078125 -0.135429382324219 -0.08782958984375
0.00927734374999998 0.703857421875 -0.0338897705078125 -0.228408813476562
-0.3319091796875 0.6617431640625 0.150527954101562 -0.186553955078125
-0.66571044921875 0.459716796875 0.219345092773438 -0.0873565673828125
-0.5654296875 0.47857666015625 -0.338043212890625 0.1268310546875
-0.25006103515625 0.5916748046875 -0.119674682617187 0.204513549804688
0.12493896484375 0.63311767578125 0.00740814208984377 0.117500305175781
0.429168701171875 0.318939208984375 -0.0251102447509765 0.0304889678955078
0.48724365234375 0.032379150390625 -0.074005126953125 0.0913238525390625
0.36737060546875 -0.29486083984375 -0.0835952758789062 0.0922470092773437
0.226043701171875 -0.400238037109375 -0.0556182861328125 0.166000366210937
0.254364013671875 -0.353851318359375 -0.0555572509765625 0.21160888671875
0.25537109375 -0.398529052734375 -0.061767578125 0.210433959960938
0.35357666015625 -0.2489013671875 -0.166168212890625 0.174346923828125
0.472412109375 0.008331298828125 -0.225936889648438 0.113128662109375
0.38226318359375 0.3212890625 -0.190460205078125 -0.0635223388671875
-0.01904296875 0.60235595703125 -0.05633544921875 -0.172348022460937
-0.30364990234375 0.5670166015625 0.0800704956054687 -0.03558349609375
-0.60186767578125 0.41619873046875 -0.00344085693359379 0.0516586303710938
-0.401397705078125 0.390167236328125 -0.515716552734375 0.264678955078125
-0.158599853515625 0.460845947265625 -0.1925048828125 0.33160400390625
0.111785888671875 0.4530029296875 -0.00433349609375 0.14178466796875
0.31365966796875 0.216400146484375 -0.078125 0.0424118041992188
0.34393310546875 0.02301025390625 -0.14874267578125 0.109390258789063
0.271896362304687 -0.206253051757812 -0.160934448242187 0.178115844726563
0.180740356445313 -0.27874755859375 -0.104705810546875 0.296905517578125
0.200454711914063 -0.248825073242188 -0.092041015625 0.330078125
0.207992553710937 -0.2740478515625 -0.118255615234375 0.32489013671875
0.262542724609375 -0.151168823242188 -0.231109619140625 0.246383666992188
0.32537841796875 0.0401611328125 -0.272476196289063 0.132171630859375
0.229568481445313 0.240524291992188 -0.217864990234375 -0.0481109619140625
-0.056060791015625 0.400543212890625 -0.0647964477539063 -0.11767578125
-0.23028564453125 0.37664794921875 0.0125885009765625 0.0891952514648438
-0.443939208984375 0.301544189453125 -0.197311401367188 0.1688232421875
-0.175888061523438 0.233154296875 -0.6385498046875 0.37237548828125
-0.0475616455078125 0.263214111328125 -0.25604248046875 0.42486572265625
0.0831756591796875 0.204238891601563 -0.0122833251953125 0.168121337890625
0.150238037109375 0.08062744140625 -0.101799011230469 0.0607070922851562
0.146530151367188 0.00958251953125 -0.183914184570313 0.1087646484375
0.133766174316406 -0.0853118896484375 -0.204666137695312 0.230239868164062
0.106498718261719 -0.113716125488281 -0.13531494140625 0.378875732421875
0.115196228027344 -0.105812072753906 -0.1143798828125 0.399078369140625
0.130317687988281 -0.112213134765625 -0.1573486328125 0.391448974609375
0.137939453125 -0.0375747680664063 -0.266281127929688 0.278060913085938
0.143600463867188 0.0612030029296875 -0.2857666015625 0.122833251953125
0.06304931640625 0.127784729003906 -0.219482421875 -0.0437164306640625
-0.071441650390625 0.159103393554688 -0.0624542236328125 -0.0774917602539062
-0.117828369140625 0.14837646484375 -0.0412750244140625 0.16473388671875
-0.220733642578125 0.150741577148437 -0.332366943359375 0.24591064453125
-0.074188232421875 -0.00621032714843751 0.34149169921875 -0.335906982421875
-0.0390129089355469 0.0521087646484375 0.0749969482421875 -0.228607177734375
0.0353775024414063 0.0743408203125 0.0166740417480469 0.060791015625
0.0725173950195312 0.0184173583984375 0.192398071289062 0.066375732421875
0.070556640625 -0.0521011352539063 0.2786865234375 -0.0543670654296875
-0.00467681884765625 -0.0799179077148438 0.259506225585938 -0.26165771484375
-0.0391006469726563 -0.074310302734375 0.143890380859375 -0.42138671875
-0.0220260620117187 -0.0522842407226563 0.1090087890625 -0.404327392578125
-0.0317535400390625 -0.0568313598632813 0.149658203125 -0.379638671875
0.0180130004882813 -0.0503883361816406 0.208969116210938 -0.25921630859375
0.0444068908691406 -0.0174064636230469 0.164901733398438 -0.129714965820313
0.0335617065429687 0.0482978820800781 0.101730346679688 -0.0940475463867188
-0.0251541137695313 0.0453376770019531 0.068359375 -0.2164306640625
-0.050872802734375 0.00936508178710937 0.245391845703125 -0.453155517578125
-0.02716064453125 -0.0575828552246094 0.7166748046875 -0.37548828125
-0.305877685546875 0.16937255859375 0.316192626953125 -0.319610595703125
-0.158279418945312 0.23663330078125 0.0824432373046875 -0.218841552734375
0.032562255859375 0.297698974609375 0.010833740234375 0.0546150207519531
0.195205688476563 0.150146484375 0.168075561523438 0.0590057373046875
0.240890502929688 -0.0211029052734375 0.25006103515625 -0.0249786376953125
0.134979248046875 -0.1827392578125 0.238739013671875 -0.234375
0.0482635498046875 -0.234893798828125 0.13604736328125 -0.37860107421875
0.0780029296875 -0.2034912109375 0.098114013671875 -0.3504638671875
0.066680908203125 -0.229660034179688 0.13916015625 -0.334075927734375
0.159896850585938 -0.165054321289063 0.172164916992188 -0.223159790039063
0.238662719726563 -0.0287933349609375 0.117385864257813 -0.101348876953125
0.201126098632812 0.168731689453125 0.0681381225585938 -0.1082763671875
-0.01495361328125 0.29486083984375 0.0572509765625 -0.249603271484375
-0.161087036132812 0.252120971679688 0.260040283203125 -0.461212158203125
-0.26934814453125 0.135421752929688 0.6939697265625 -0.3792724609375
-0.491943359375 0.32269287109375 0.217071533203125 -0.259506225585938
-0.251739501953125 0.406219482421875 0.059844970703125 -0.16522216796875
0.044525146484375 0.493438720703125 0.0113639831542969 0.0599174499511719
0.3106689453125 0.2630615234375 0.139389038085938 0.0457992553710938
0.38970947265625 0.006927490234375 0.199005126953125 0.0004119873046875
0.258529663085938 -0.266769409179688 0.185470581054688 -0.184127807617188
0.12835693359375 -0.3642578125 0.105499267578125 -0.2852783203125
0.16552734375 -0.323211669921875 0.0707244873046875 -0.242874145507813
0.154388427734375 -0.367919921875 0.106781005859375 -0.23431396484375
0.278472900390625 -0.256317138671875 0.103103637695313 -0.149200439453125
0.404296875 -0.037353515625 0.0411567687988281 -0.056793212890625
0.35009765625 0.2679443359375 0.0111007690429688 -0.115486145019531
0.00299072265624996 0.515289306640625 0.031158447265625 -0.269912719726562
-0.249603271484375 0.46905517578125 0.244476318359375 -0.42266845703125
-0.47564697265625 0.30712890625 0.59271240234375 -0.327392578125
-0.60540771484375 0.43792724609375 0.0597076416015625 -0.156539916992188
-0.29998779296875 0.541839599609375 0.0142097473144531 -0.0691108703613281
0.07757568359375 0.6375732421875 0.0158767700195313 0.07415771484375
0.407867431640625 0.33709716796875 0.098602294921875 0.0329437255859375
0.498779296875 0.022491455078125 0.122451782226563 0.027679443359375
0.345550537109375 -0.3193359375 0.105178833007813 -0.10748291015625
0.187255859375 -0.441253662109375 0.05853271484375 -0.150833129882813
0.2303466796875 -0.393035888671875 0.0337600708007813 -0.0981826782226563
0.2178955078125 -0.448028564453125 0.0587387084960938 -0.0951766967773438
0.355255126953125 -0.307952880859375 0.0157508850097656 -0.0462875366210938
0.513214111328125 -0.038482666015625 -0.0507164001464843 0.00302124023437501
0.451934814453125 0.329803466796875 -0.06103515625 -0.108406066894531
0.0224609375 0.65985107421875 -0.00360107421875002 -0.262802124023438
-0.30181884765625 0.61627197265625 0.205108642578125 -0.325775146484375
-0.6092529296875 0.425537109375 0.422454833984375 -0.223541259765625
-0.62518310546875 0.49700927734375 -0.132125854492188 -0.0233688354492187
-0.294677734375 0.6104736328125 -0.0473709106445313 0.0588150024414063
0.1168212890625 0.68988037109375 0.0174560546875 0.0952377319335938
0.457305908203125 0.354217529296875 0.0424156188964844 0.0256919860839844
0.536346435546875 0.026153564453125 0.0274543762207032 0.0586128234863281
0.38134765625 -0.33331298828125 0.0089693069458008 -0.0101804733276367
0.2166748046875 -0.4522705078125 0.00145101547241212 0.00700521469116208
0.256195068359375 -0.40362548828125 -0.00891113281249999 0.0606842041015625
0.24725341796875 -0.457183837890625 0.000862121582031272 0.0603790283203125
0.374298095703125 -0.30560302734375 -0.0768814086914062 0.0705184936523438
0.535552978515625 -0.028289794921875 -0.143310546875 0.0670166015625
0.4664306640625 0.344085693359375 -0.1326904296875 -0.0854415893554687
0.02154541015625 0.69268798828125 -0.036468505859375 -0.225692749023437
-0.315673828125 0.6502685546875 0.145767211914062 -0.186859130859375
-0.65008544921875 0.4637451171875 0.213821411132813 -0.08721923828125
-0.54974365234375 0.48455810546875 -0.327545166015625 0.1263427734375
-0.24029541015625 0.58563232421875 -0.115066528320313 0.199386596679688
0.1373291015625 0.62335205078125 0.0123138427734375 0.118148803710938
0.428253173828125 0.30682373046875 -0.0204887390136719 0.0291919708251953
0.481781005859375 0.020721435546875 -0.0676040649414062 0.0888519287109375
0.3489990234375 -0.297088623046875 -0.0852279663085937 0.0918731689453125
0.20819091796875 -0.3970947265625 -0.0541534423828125 0.163848876953125
0.24139404296875 -0.353240966796875 -0.0510711669921875 0.209732055664062
0.238800048828125 -0.3963623046875 -0.058929443359375 0.207229614257813
0.338165283203125 -0.248565673828125 -0.160354614257813 0.174789428710937
0.463897705078125 0.00042724609375 -0.217849731445313 0.115966796875
0.383026123046875 0.31024169921875 -0.1861572265625 -0.0596160888671875
-0.00927734374999995 0.593017578125 -0.05706787109375 -0.170425415039062
-0.288330078125 0.55670166015625 0.0798416137695313 -0.0370941162109375
-0.58953857421875 0.41839599609375 -0.00253295898437503 0.0533218383789063
-0.391204833984375 0.392608642578125 -0.497283935546875 0.26702880859375
-0.150726318359375 0.458770751953125 -0.183685302734375 0.32537841796875
0.121612548828125 0.4462890625 0.001708984375 0.141525268554688
0.31304931640625 0.207733154296875 -0.0721054077148437 0.0422439575195313
0.34112548828125 0.01483154296875 -0.141647338867188 0.107803344726562
0.259658813476563 -0.2078857421875 -0.15966796875 0.177169799804688
0.167648315429688 -0.278549194335938 -0.09954833984375 0.293670654296875
0.19085693359375 -0.249923706054687 -0.085174560546875 0.32659912109375
0.195755004882812 -0.27288818359375 -0.111572265625 0.321502685546875
0.252243041992188 -0.15142822265625 -0.2222900390625 0.245513916015625
0.319549560546875 0.0316162109375 -0.263031005859375 0.134536743164063
0.230056762695313 0.232467651367188 -0.212905883789063 -0.043182373046875
-0.048492431640625 0.3975830078125 -0.0643997192382812 -0.115264892578125
-0.21966552734375 0.37078857421875 0.0157394409179687 0.085906982421875
-0.436004638671875 0.304901123046875 -0.1903076171875 0.17138671875
-0.173126220703125 0.234390258789062 -0.61865234375 0.3729248046875
-0.04339599609375 0.260665893554687 -0.242828369140625 0.421234130859375
0.0876007080078125 0.202667236328125 -0.00630187988281249 0.167236328125
0.150909423828125 0.0777587890625 -0.0950088500976562 0.0603408813476563
0.146728515625 0.0063629150390625 -0.177871704101563 0.108688354492187
0.128639221191406 -0.0867919921875 -0.1998291015625 0.22882080078125
0.0995025634765625 -0.115928649902344 -0.127593994140625 0.374786376953125
0.110649108886719 -0.107460021972656 -0.10626220703125 0.3941650390625
0.124176025390625 -0.113105773925781 -0.148834228515625 0.3876953125
0.133262634277344 -0.0386581420898437 -0.256942749023438 0.276809692382812
0.1424560546875 0.055511474609375 -0.276077270507813 0.123825073242188
0.0656204223632813 0.124961853027344 -0.214889526367188 -0.0383758544921875
-0.0671539306640625 0.160659790039063 -0.0614776611328125 -0.074676513671875
-0.114044189453125 0.147964477539062 -0.0349578857421875 0.161224365234375
-0.2174072265625 0.152191162109375 -0.321197509765625 0.24884033203125
-0.0710601806640625 -0.00767517089843751 0.34466552734375 -0.339691162109375
-0.0395317077636719 0.0509452819824219 0.0737152099609375 -0.229385375976563
0.0340957641601563 0.0740127563476563 0.0167999267578125 0.0610885620117188
0.0705795288085938 0.0190505981445313 0.191497802734375 0.065093994140625
0.068389892578125 -0.0525741577148438 0.278823852539063 -0.0550537109375
-0.00589752197265625 -0.0781326293945313 0.259353637695313 -0.262130737304688
-0.0386199951171875 -0.0712814331054688 0.14068603515625 -0.421630859375
-0.022064208984375 -0.0506973266601563 0.108917236328125 -0.408599853515625
-0.0330543518066406 -0.0550880432128906 0.1502685546875 -0.385040283203125
0.0171012878417969 -0.0496826171875 0.211563110351563 -0.260467529296875
0.042694091796875 -0.0166549682617188 0.165237426757812 -0.12957763671875
0.03363037109375 0.0483131408691406 0.101554870605469 -0.0953292846679688
-0.0240974426269531 0.0424346923828125 0.0663604736328125 -0.216506958007813
-0.0478858947753906 0.00713348388671876 0.241180419921875 -0.453948974609375
-0.0252761840820313 -0.0567207336425781 0.71551513671875 -0.3778076171875
-0.30328369140625 0.169342041015625 0.3177490234375 -0.325164794921875
-0.159896850585938 0.236358642578125 0.079833984375 -0.221405029296875
0.033477783203125 0.298309326171875 0.0110855102539063 0.0558547973632813
0.193466186523438 0.150283813476563 0.167816162109375 0.0569000244140625
0.2396240234375 -0.023590087890625 0.250640869140625 -0.026885986328125
0.131256103515625 -0.181915283203125 0.236495971679688 -0.233840942382813
0.0449066162109375 -0.232955932617188 0.133148193359375 -0.3795166015625
0.077423095703125 -0.203125 0.0975341796875 -0.35369873046875
0.0640106201171875 -0.22821044921875 0.138580322265625 -0.33917236328125
0.157180786132813 -0.164291381835938 0.17425537109375 -0.224075317382812
0.2373046875 -0.02911376953125 0.118316650390625 -0.100349426269531
0.203338623046875 0.168594360351563 0.0688552856445313 -0.110153198242187
-0.01239013671875 0.293792724609375 0.0553436279296875 -0.250839233398438
-0.158462524414063 0.249664306640625 0.2562255859375 -0.462982177734375
-0.269439697265625 0.137527465820313 0.69390869140625 -0.380126953125
-0.4913330078125 0.3267822265625 0.219924926757812 -0.26483154296875
-0.254547119140625 0.40692138671875 0.0577850341796875 -0.169418334960937
0.04779052734375 0.4964599609375 0.0133781433105469 0.0620231628417969
0.310516357421875 0.262176513671875 0.139839172363281 0.0441207885742188
0.390411376953125 0.0029296875 0.200592041015625 -0.00164794921875
0.25311279296875 -0.265594482421875 0.182327270507813 -0.18341064453125
0.1220703125 -0.36322021484375 0.10296630859375 -0.2862548828125
0.164215087890625 -0.32440185546875 0.0713043212890625 -0.244094848632813
0.149810791015625 -0.367767333984375 0.1058349609375 -0.238204956054688
0.27459716796875 -0.25537109375 0.104583740234375 -0.14910888671875
0.40252685546875 -0.0389404296875 0.0427093505859375 -0.0552711486816406
0.353424072265625 0.268035888671875 0.0110244750976563 -0.118049621582031
0.006378173828125 0.515869140625 0.0303497314453125 -0.272247314453125
-0.247711181640625 0.4666748046875 0.2415771484375 -0.422607421875
-0.4779052734375 0.311920166015625 0.59307861328125 -0.326904296875
-0.60699462890625 0.444580078125 0.0623931884765625 -0.162460327148437
-0.302398681640625 0.5433349609375 0.01239013671875 -0.0736770629882812
0.08380126953125 0.64080810546875 0.0191116333007813 0.0765228271484375
0.41064453125 0.33660888671875 0.100318908691406 0.0306854248046875
0.501739501953125 0.017791748046875 0.125503540039063 0.0245437622070312
0.3402099609375 -0.321319580078125 0.1015625 -0.106559753417969
0.17919921875 -0.440948486328125 0.0556182861328125 -0.151382446289063
0.2274169921875 -0.395904541015625 0.03460693359375 -0.0979232788085938
0.212188720703125 -0.44903564453125 0.0581283569335938 -0.0977325439453125
0.350738525390625 -0.30645751953125 0.0172882080078125 -0.0449180603027344
0.510650634765625 -0.042938232421875 -0.0489234924316406 0.00494003295898438
0.45513916015625 0.330108642578125 -0.0605392456054687 -0.109970092773438
0.02459716796875 0.66192626953125 -0.00492858886718753 -0.265731811523438
-0.30120849609375 0.6138916015625 0.203582763671875 -0.3280029296875
-0.61358642578125 0.429931640625 0.42315673828125 -0.22357177734375
-0.6295166015625 0.5032958984375 -0.129928588867188 -0.0277023315429687
-0.297119140625 0.61566162109375 -0.0487289428710938 0.0545082092285157
0.12481689453125 0.69464111328125 0.0217208862304687 0.0983505249023438
0.46087646484375 0.3531494140625 0.0445899963378907 0.023651123046875
0.540191650390625 0.0191650390625 0.0308609008789063 0.0554580688476563
0.374237060546875 -0.334686279296875 0.00483036041259768 -0.00942993164062502
0.206451416015625 -0.45379638671875 -0.00062131881713866 0.00765943527221677
0.253631591796875 -0.407684326171875 -0.00849914550781249 0.0626182556152343
0.241943359375 -0.4588623046875 0.000278472900390646 0.0601348876953125
0.371368408203125 -0.304962158203125 -0.07647705078125 0.0723037719726562
0.5350341796875 -0.031463623046875 -0.141098022460937 0.0689849853515625
0.47027587890625 0.344970703125 -0.132232666015625 -0.0866546630859375
0.0260009765625 0.69580078125 -0.0370941162109375 -0.228439331054687
-0.3157958984375 0.6502685546875 0.145294189453125 -0.1881103515625
-0.65576171875 0.47003173828125 0.21331787109375 -0.08575439453125
-0.555389404296875 0.4920654296875 -0.325408935546875 0.123382568359375
-0.2412109375 0.588623046875 -0.116119384765625 0.19610595703125
0.14410400390625 0.6298828125 0.0172271728515625 0.121177673339844
0.431610107421875 0.305633544921875 -0.0174636840820312 0.0276966094970703
0.485931396484375 0.01513671875 -0.06500244140625 0.08673095703125
0.346099853515625 -0.297698974609375 -0.0895462036132812 0.0930099487304687
0.20068359375 -0.398681640625 -0.05633544921875 0.1654052734375
0.240478515625 -0.357177734375 -0.049835205078125 0.212799072265625
0.235107421875 -0.3968505859375 -0.059326171875 0.2093505859375
0.33489990234375 -0.248046875 -0.159759521484375 0.1766357421875
0.46368408203125 -0.00262451171875 -0.216400146484375 0.11798095703125
0.385345458984375 0.311279296875 -0.18621826171875 -0.05999755859375
-0.00653076171874995 0.59942626953125 -0.058624267578125 -0.172576904296875
-0.28851318359375 0.5576171875 0.0806961059570312 -0.0388946533203125
-0.59423828125 0.42181396484375 -0.00205993652343754 0.0561103820800782
-0.397003173828125 0.399932861328125 -0.498626708984375 0.2650146484375
-0.15191650390625 0.46240234375 -0.183502197265625 0.32421875
0.127960205078125 0.45172119140625 0.0067138671875 0.144821166992188
0.31744384765625 0.2076416015625 -0.06878662109375 0.0410842895507813
0.344879150390625 0.010833740234375 -0.140464782714844 0.106399536132812
0.255859375 -0.209320068359375 -0.163131713867188 0.178848266601563
0.161270141601562 -0.280029296875 -0.10028076171875 0.296295166015625
0.189163208007813 -0.253021240234375 -0.084228515625 0.3310546875
0.19244384765625 -0.274124145507813 -0.11248779296875 0.325042724609375
0.248947143554688 -0.15142822265625 -0.222763061523438 0.24798583984375
0.319488525390625 0.028533935546875 -0.261138916015625 0.135879516601562
0.233795166015625 0.232528686523438 -0.212417602539062 -0.0428466796875
-0.047454833984375 0.401885986328125 -0.0646438598632813 -0.116424560546875
-0.22064208984375 0.370574951171875 0.0183334350585937 0.0849609375
-0.441192626953125 0.307769775390625 -0.190811157226562 0.174713134765625
-0.177200317382813 0.238265991210938 -0.61956787109375 0.375244140625
-0.0440673828125 0.263137817382813 -0.242828369140625 0.422607421875
0.09173583984375 0.20550537109375 -0.0016632080078125 0.168121337890625
0.153640747070313 0.07733154296875 -0.0917587280273437 0.0603408813476562
0.149581909179688 0.00531005859375 -0.177154541015625 0.1080322265625
0.127281188964844 -0.087921142578125 -0.20367431640625 0.2303466796875
0.0967025756835937 -0.1173095703125 -0.127532958984375 0.3778076171875
0.109199523925781 -0.109855651855469 -0.105255126953125 0.398101806640625
0.122398376464844 -0.114707946777344 -0.14862060546875 0.39178466796875
0.13226318359375 -0.0394973754882813 -0.256912231445313 0.278762817382813
0.143569946289063 0.0527801513671875 -0.274948120117188 0.125030517578125
0.0676193237304688 0.124893188476563 -0.213851928710938 -0.0365753173828125
-0.0656280517578125 0.165267944335938 -0.061431884765625 -0.0745086669921875
-0.114593505859375 0.1490478515625 -0.03167724609375 0.161178588867188
-0.222015380859375 0.154861450195313 -0.32122802734375 0.253143310546875
-0.0710220336914062 -0.00904083251953125 0.35101318359375 -0.355438232421875
-0.0405311584472656 0.0517463684082031 0.0721282958984375 -0.23638916015625
0.0343551635742188 0.0763702392578125 0.0182151794433594 0.0631294250488281
0.07098388671875 0.0204696655273437 0.196075439453125 0.0632171630859375
0.0674171447753906 -0.0552139282226562 0.284759521484375 -0.060760498046875
-0.00862884521484374 -0.0787506103515625 0.263824462890625 -0.270523071289063
-0.040283203125 -0.0702362060546875 0.139495849609375 -0.434783935546875
-0.0224075317382812 -0.0500755310058594 0.1068115234375 -0.42315673828125
-0.0356407165527344 -0.0538101196289063 0.14898681640625 -0.402496337890625
0.0159492492675781 -0.0508308410644531 0.21630859375 -0.270645141601563
0.0418243408203125 -0.0167579650878906 0.167999267578125 -0.132965087890625
0.0352439880371094 0.0486068725585938 0.102882385253906 -0.100257873535156
-0.0238113403320313 0.0403633117675781 0.06549072265625 -0.223220825195313
-0.0460052490234375 0.00539779663085938 0.23785400390625 -0.467529296875
-0.0245170593261719 -0.05718994140625 0.72833251953125 -0.396240234375
-0.30743408203125 0.176727294921875 0.3245849609375 -0.341583251953125
-0.162979125976562 0.243301391601562 0.077606201171875 -0.230239868164062
0.0379638671875 0.306915283203125 0.0137252807617187 0.0591239929199219
0.197982788085938 0.153335571289063 0.17181396484375 0.0550079345703125
0.244064331054687 -0.0283050537109375 0.257339477539063 -0.0319976806640625
0.129241943359375 -0.185791015625 0.239013671875 -0.241241455078125
0.0409088134765625 -0.236465454101563 0.1298828125 -0.3914794921875
0.0768280029296875 -0.208969116210938 0.096649169921875 -0.36651611328125
0.0597076416015625 -0.233200073242188 0.1380615234375 -0.354583740234375
0.157058715820313 -0.169387817382813 0.178146362304687 -0.23223876953125
0.2410888671875 -0.032135009765625 0.1207275390625 -0.102462768554688
0.212509155273438 0.171463012695312 0.0692214965820313 -0.115699768066406
-0.00894165039062497 0.29998779296875 0.0534515380859375 -0.2589111328125
-0.158203125 0.254913330078125 0.2550048828125 -0.4771728515625
-0.274307250976563 0.146743774414063 0.7064208984375 -0.39678955078125
-0.500457763671875 0.341400146484375 0.224517822265625 -0.2811279296875
-0.258575439453125 0.420379638671875 0.055023193359375 -0.178375244140625
0.056793212890625 0.509765625 0.0179290771484375 0.0655784606933594
0.318817138671875 0.266387939453125 0.14385986328125 0.0414276123046875
0.40020751953125 -0.0048828125 0.207122802734375 -0.0067138671875
0.251541137695313 -0.273834228515625 0.183151245117188 -0.188674926757813
0.11505126953125 -0.369873046875 0.099395751953125 -0.295013427734375
0.16455078125 -0.336273193359375 0.0713043212890625 -0.25238037109375
0.14501953125 -0.3775634765625 0.1051025390625 -0.249069213867188
0.275344848632813 -0.262664794921875 0.108154296875 -0.153518676757813
0.4119873046875 -0.045074462890625 0.0448760986328125 -0.05487060546875
0.369140625 0.271484375 0.01031494140625 -0.122848510742187
0.013275146484375 0.527923583984375 0.025543212890625 -0.281402587890625
-0.2490234375 0.47857666015625 0.241546630859375 -0.43682861328125
-0.487335205078125 0.328338623046875 0.60394287109375 -0.34051513671875
-0.61773681640625 0.4674072265625 0.0650177001953125 -0.174087524414062
-0.30767822265625 0.56329345703125 0.00934600830078122 -0.0808868408203125
0.0971069335937499 0.66021728515625 0.025665283203125 0.0813369750976563
0.4224853515625 0.339630126953125 0.104202270507813 0.0273208618164063
0.515869140625 0.008544921875 0.131423950195313 0.0203781127929688
0.340179443359375 -0.332275390625 0.100288391113281 -0.109375
0.17193603515625 -0.45147705078125 0.052886962890625 -0.155838012695313
0.227508544921875 -0.411102294921875 0.036163330078125 -0.101066589355469
0.20880126953125 -0.46258544921875 0.0571136474609375 -0.102470397949219
0.352752685546875 -0.316375732421875 0.0180320739746094 -0.0454444885253906
0.52337646484375 -0.0501708984375 -0.0479316711425781 0.00793838500976562
0.47412109375 0.335418701171875 -0.063934326171875 -0.113685607910156
0.0341796875 0.68145751953125 -0.00999450683593749 -0.274246215820312
-0.3037109375 0.63116455078125 0.204498291015625 -0.337982177734375
-0.62738037109375 0.45263671875 0.430633544921875 -0.231231689453125
-0.64288330078125 0.5296630859375 -0.130729675292969 -0.0324935913085937
-0.30059814453125 0.6373291015625 -0.0517463684082031 0.0526809692382813
0.1416015625 0.71539306640625 0.0294342041015625 0.103111267089844
0.477935791015625 0.356903076171875 0.04852294921875 0.0215911865234375
0.555999755859375 0.009307861328125 0.0346488952636719 0.05364990234375
0.37469482421875 -0.345733642578125 0.000968933105468774 -0.00803375244140627
0.199859619140625 -0.465484619140625 -0.00281906127929686 0.00889396667480466
0.254180908203125 -0.424468994140625 -0.00552749633789061 0.0652732849121093
0.2386474609375 -0.4732666015625 -0.000118255615234364 0.06170654296875
0.374847412109375 -0.313323974609375 -0.0770111083984375 0.07684326171875
0.547760009765625 -0.039398193359375 -0.141357421875 0.0743865966796875
0.48992919921875 0.350006103515625 -0.136505126953125 -0.0887985229492187
0.03375244140625 0.7171630859375 -0.043426513671875 -0.235763549804687
-0.31903076171875 0.6671142578125 0.146560668945313 -0.194900512695312
-0.6727294921875 0.492919921875 0.217636108398437 -0.0875244140625
-0.56695556640625 0.5169677734375 -0.331298828125 0.125946044921875
-0.24365234375 0.61273193359375 -0.118865966796875 0.200119018554688
0.16156005859375 0.6484375 0.0253829956054688 0.126228332519531
0.447998046875 0.307861328125 -0.0153770446777344 0.0266056060791016
0.50164794921875 0.005523681640625 -0.063629150390625 0.0873031616210938
0.345489501953125 -0.309112548828125 -0.0947341918945312 0.0985794067382812
0.1934814453125 -0.409759521484375 -0.0570526123046875 0.171737670898437
0.240142822265625 -0.373046875 -0.046966552734375 0.221038818359375
0.232879638671875 -0.409698486328125 -0.0599517822265625 0.217376708984375
0.337982177734375 -0.2557373046875 -0.162307739257812 0.185272216796875
0.475250244140625 -0.010650634765625 -0.218093872070313 0.124649047851562
0.40277099609375 0.316192626953125 -0.19146728515625 -0.06048583984375
-0.000122070312499998 0.6190185546875 -0.0633544921875 -0.177871704101562
-0.2926025390625 0.5723876953125 0.0826492309570312 -0.04083251953125
-0.611572265625 0.444091796875 -0.00204849243164066 0.0605964660644532
-0.4053955078125 0.419158935546875 -0.506683349609375 0.274749755859375
-0.15411376953125 0.47821044921875 -0.185821533203125 0.33447265625
0.14111328125 0.464385986328125 0.014007568359375 0.148712158203125
0.329986572265625 0.207763671875 -0.0674552917480469 0.0415725708007813
0.357513427734375 0.003448486328125 -0.140853881835937 0.108871459960938
0.257736206054688 -0.2181396484375 -0.169296264648437 0.186813354492188
0.1566162109375 -0.28851318359375 -0.10064697265625 0.3070068359375
0.189666748046875 -0.2647705078125 -0.08203125 0.34356689453125
0.191558837890625 -0.285064697265625 -0.11199951171875 0.33770751953125
0.251785278320313 -0.1573486328125 -0.226043701171875 0.259002685546875
0.327850341796875 0.023590087890625 -0.265029907226563 0.14227294921875
0.244415283203125 0.237335205078125 -0.217666625976563 -0.041473388671875
-0.0438232421875 0.417510986328125 -0.0692291259765625 -0.11993408203125
-0.224456787109375 0.381256103515625 0.0212173461914062 0.0863800048828125
-0.45318603515625 0.3243408203125 -0.193145751953125 0.18487548828125
-0.182418823242188 0.248825073242188 -0.63201904296875 0.3895263671875
-0.0434112548828125 0.271621704101563 -0.24383544921875 0.4351806640625
0.0993194580078125 0.210479736328125 0.00440979003906252 0.172882080078125
0.160308837890625 0.07684326171875 -0.091552734375 0.0618743896484375
0.155471801757813 0.001922607421875 -0.179656982421875 0.112014770507813
0.129501342773438 -0.0922088623046875 -0.208877563476563 0.2391357421875
0.09454345703125 -0.121772766113281 -0.127044677734375 0.390533447265625
0.109153747558594 -0.115776062011719 -0.103271484375 0.41253662109375
0.123153686523437 -0.120437622070313 -0.147308349609375 0.408203125
0.134147644042969 -0.041168212890625 -0.261016845703125 0.290374755859375
0.147430419921875 0.049713134765625 -0.279510498046875 0.131027221679687
0.0728759765625 0.128028869628906 -0.219329833984375 -0.033782958984375
-0.0647125244140625 0.174713134765625 -0.0646820068359375 -0.0763626098632812
-0.116958618164062 0.154922485351563 -0.0291748046875 0.165084838867188
-0.229263305664062 0.164199829101563 -0.32635498046875 0.2662353515625
-0.0718841552734375 -0.0084228515625 0.349761962890625 -0.384246826171875
-0.0404510498046875 0.0545768737792969 0.0648956298828125 -0.2481689453125
0.0378799438476562 0.0784225463867188 0.0222930908203125 0.064788818359375
0.072967529296875 0.020660400390625 0.203521728515625 0.056854248046875
0.0655975341796875 -0.0591087341308594 0.290802001953125 -0.074127197265625
-0.0138626098632813 -0.0791015625 0.26318359375 -0.28912353515625
-0.0431327819824219 -0.068939208984375 0.1246337890625 -0.45635986328125
-0.0242996215820312 -0.0496406555175781 0.093353271484375 -0.44573974609375
-0.0399246215820312 -0.0517311096191406 0.1376953125 -0.42755126953125
0.0129165649414063 -0.05242919921875 0.21533203125 -0.290283203125
0.0413131713867188 -0.0176239013671875 0.168243408203125 -0.142471313476563
0.0394020080566406 0.0487594604492188 0.101387023925781 -0.108924865722656
-0.0236015319824219 0.0397720336914063 0.0585174560546875 -0.23394775390625
-0.0453720092773438 0.00470733642578125 0.227081298828125 -0.490020751953125
-0.025970458984375 -0.0576286315917969 0.737548828125 -0.43621826171875
-0.3095703125 0.19366455078125 0.32293701171875 -0.370330810546875
-0.160812377929687 0.25689697265625 0.071014404296875 -0.24322509765625
0.05181884765625 0.31756591796875 0.0193138122558594 0.0615425109863281
0.209304809570313 0.152603149414063 0.179031372070313 0.0481109619140625
0.24945068359375 -0.039947509765625 0.264373779296875 -0.044830322265625
0.123138427734375 -0.193817138671875 0.237808227539063 -0.256637573242188
0.0314178466796875 -0.242584228515625 0.11798095703125 -0.410125732421875
0.07098388671875 -0.218719482421875 0.08563232421875 -0.3856201171875
0.04986572265625 -0.241424560546875 0.127471923828125 -0.377899169921875
0.15362548828125 -0.179473876953125 0.177764892578125 -0.247955322265625
0.246902465820313 -0.0422515869140625 0.122116088867188 -0.108833312988281
0.227752685546875 0.168426513671875 0.06536865234375 -0.124092102050781
0.00225830078125002 0.30902099609375 0.04327392578125 -0.271087646484375
-0.15362548828125 0.26666259765625 0.242218017578125 -0.5010986328125
-0.278213500976563 0.163650512695313 0.7119140625 -0.43756103515625
-0.50341796875 0.373016357421875 0.22161865234375 -0.3052978515625
-0.2528076171875 0.4432373046875 0.0474395751953125 -0.189788818359375
0.081268310546875 0.527191162109375 0.0251731872558594 0.0687637329101563
0.33935546875 0.2646484375 0.150360107421875 0.0351409912109375
0.411102294921875 -0.02325439453125 0.214828491210938 -0.0178680419921875
0.24444580078125 -0.28936767578125 0.180740356445313 -0.200332641601563
0.100982666015625 -0.38275146484375 0.089111328125 -0.308380126953125
0.155609130859375 -0.35498046875 0.064971923828125 -0.265960693359375
0.13140869140625 -0.39508056640625 0.09759521484375 -0.265853881835938
0.273422241210938 -0.280364990234375 0.107559204101563 -0.163162231445313
0.422943115234375 -0.063018798828125 0.0466270446777344 -0.0570411682128906
0.395263671875 0.267578125 0.00482940673828128 -0.130157470703125
0.03265380859375 0.547332763671875 0.013519287109375 -0.29278564453125
-0.240264892578125 0.501373291015625 0.2305908203125 -0.460052490234375
-0.4942626953125 0.36126708984375 0.6099853515625 -0.37420654296875
-0.621826171875 0.51019287109375 0.0610809326171875 -0.188262939453125
-0.29803466796875 0.594970703125 0.00437927246093748 -0.0883102416992187
0.13055419921875 0.6807861328125 0.0356674194335938 0.0839080810546875
0.45037841796875 0.33660888671875 0.108932495117188 0.022186279296875
0.531982421875 -0.017333984375 0.137725830078125 0.0127487182617187
0.332366943359375 -0.35382080078125 0.0973129272460938 -0.114791870117188
0.1544189453125 -0.468414306640625 0.046722412109375 -0.163162231445313
0.216583251953125 -0.43603515625 0.0353012084960938 -0.106887817382813
0.1925048828125 -0.48504638671875 0.0538101196289063 -0.11004638671875
0.35107421875 -0.338775634765625 0.0188484191894531 -0.046478271484375
0.53790283203125 -0.072509765625 -0.04705810546875 0.0119895935058594
0.508270263671875 0.329254150390625 -0.0706634521484374 -0.117782592773438
0.06097412109375 0.70703125 -0.024383544921875 -0.284454345703125
-0.29278564453125 0.661376953125 0.19659423828125 -0.35650634765625
-0.636474609375 0.4954833984375 0.436004638671875 -0.25311279296875
-0.6461181640625 0.5771484375 -0.135452270507813 -0.0340652465820312
-0.28997802734375 0.6744384765625 -0.05401611328125 0.0528144836425782
0.1812744140625 0.73712158203125 0.04150390625 0.105606079101563
0.508697509765625 0.350006103515625 0.0519866943359375 0.0175361633300781
0.57666015625 -0.018798828125 0.0400199890136719 0.0507965087890625
0.369171142578125 -0.370513916015625 -0.00208759307861326 -0.00704097747802737
0.18182373046875 -0.4847412109375 -0.00484657287597655 0.00908851623535153
0.2442626953125 -0.45062255859375 -0.00165176391601561 0.0692214965820312
0.22393798828125 -0.49810791015625 0.00119781494140626 0.0648040771484375
0.37451171875 -0.337005615234375 -0.075531005859375 0.0844650268554688
0.56329345703125 -0.0626220703125 -0.141311645507812 0.084014892578125
0.52435302734375 0.34466552734375 -0.144882202148437 -0.0885009765625
0.0627441406249999 0.74481201171875 -0.0572052001953125 -0.242630004882812
-0.30804443359375 0.699462890625 0.143692016601562 -0.206649780273437
-0.6822509765625 0.53948974609375 0.2213134765625 -0.0955810546875
-0.56939697265625 0.561767578125 -0.337005615234375 0.138458251953125
-0.23162841796875 0.64727783203125 -0.11773681640625 0.209259033203125
0.1990966796875 0.6676025390625 0.0380935668945313 0.129638671875
0.47637939453125 0.300689697265625 -0.0126705169677734 0.0258903503417969
0.520965576171875 -0.01885986328125 -0.0601348876953125 0.0900726318359375
0.342742919921875 -0.331817626953125 -0.097625732421875 0.107231140136719
0.1778564453125 -0.4288330078125 -0.0536041259765625 0.1810302734375
0.23260498046875 -0.3970947265625 -0.0384063720703125 0.2335205078125
0.22003173828125 -0.434173583984375 -0.05364990234375 0.230056762695313
0.337646484375 -0.275787353515625 -0.1607666015625 0.200149536132812
0.489471435546875 -0.0333251953125 -0.217987060546875 0.13787841796875
0.431671142578125 0.312225341796875 -0.200668334960937 -0.056060791015625
0.02447509765625 0.6439208984375 -0.075958251953125 -0.182266235351562
-0.28375244140625 0.6016845703125 0.0845108032226563 -0.045562744140625
-0.6190185546875 0.48760986328125 0.000217437744140581 0.0664863586425782
-0.405914306640625 0.451812744140625 -0.5130615234375 0.301727294921875
-0.142730712890625 0.5035400390625 -0.1807861328125 0.350921630859375
0.16876220703125 0.477508544921875 0.0262298583984375 0.152938842773438
0.351593017578125 0.201446533203125 -0.0659561157226562 0.0440330505371094
0.37152099609375 -0.014495849609375 -0.139877319335938 0.116302490234375
0.255783081054688 -0.235244750976563 -0.170928955078125 0.201217651367187
0.146697998046875 -0.302520751953125 -0.09368896484375 0.32330322265625
0.183837890625 -0.283355712890625 -0.069183349609375 0.36175537109375
0.18438720703125 -0.302947998046875 -0.101318359375 0.3582763671875
0.252716064453125 -0.17059326171875 -0.224761962890625 0.278076171875
0.33905029296875 0.009613037109375 -0.266342163085937 0.157821655273438
0.264434814453125 0.236282348632813 -0.22686767578125 -0.034393310546875
-0.0283203125 0.436767578125 -0.0783004760742188 -0.121009826660156
-0.219207763671875 0.402618408203125 0.0262222290039062 0.0880889892578125
-0.460693359375 0.355560302734375 -0.1920166015625 0.202407836914063
-0.183059692382812 0.266738891601563 -0.63824462890625 0.4259033203125
-0.035797119140625 0.284698486328125 -0.238006591796875 0.461944580078125
0.113494873046875 0.214431762695313 0.0149688720703125 0.176742553710938
0.171051025390625 0.0724334716796875 -0.0898513793945312 0.0663528442382813
0.162338256835938 -0.0058746337890625 -0.180892944335937 0.121505737304687
0.130058288574219 -0.100486755371094 -0.2093505859375 0.256256103515625
0.090240478515625 -0.129234313964844 -0.116943359375 0.410888671875
0.107200622558594 -0.125663757324219 -0.090057373046875 0.434906005859375
0.121696472167969 -0.130355834960938 -0.1356201171875 0.43280029296875
0.136398315429688 -0.0485305786132813 -0.259613037109375 0.3116455078125
0.154296875 0.04327392578125 -0.28228759765625 0.14495849609375
0.0813980102539063 0.128791809082031 -0.227828979492188 -0.025787353515625
-0.0590057373046875 0.186309814453125 -0.0704803466796875 -0.075408935546875
-0.11590576171875 0.1654052734375 -0.0219573974609375 0.170989990234375
-0.234115600585938 0.1807861328125 -0.32635498046875 0.292327880859375
-0.0723800659179688 -0.00584411621093751 0.332000732421875 -0.415252685546875
-0.0377922058105469 0.0575294494628906 0.0514068603515625 -0.258590698242188
0.0437469482421875 0.078338623046875 0.02880859375 0.0646591186523438
0.0756759643554688 0.019195556640625 0.209396362304688 0.043365478515625
0.0609207153320313 -0.0630836486816406 0.290802001953125 -0.094146728515625
-0.0205459594726563 -0.0768814086914062 0.251922607421875 -0.309814453125
-0.0476455688476563 -0.0654869079589844 0.097503662109375 -0.47259521484375
-0.0271797180175781 -0.0480613708496094 0.0653076171875 -0.46392822265625
-0.0451164245605469 -0.0470619201660156 0.110504150390625 -0.448944091796875
0.00852584838867188 -0.05316162109375 0.20367431640625 -0.311126708984375
0.0405197143554688 -0.0194206237792969 0.162918090820313 -0.153594970703125
0.0429534912109375 0.0470504760742187 0.0950469970703125 -0.11834716796875
-0.0226478576660156 0.0395278930664063 0.043609619140625 -0.243698120117187
-0.0447921752929688 0.00537872314453126 0.197662353515625 -0.51080322265625
-0.027801513671875 -0.0565452575683594 0.71942138671875 -0.48968505859375
-0.302032470703125 0.216644287109375 0.305694580078125 -0.4013671875
-0.148681640625 0.271484375 0.0550384521484375 -0.254348754882813
0.074859619140625 0.320953369140625 0.0276908874511719 0.0617599487304688
0.222259521484375 0.145004272460938 0.183425903320313 0.035552978515625
0.2493896484375 -0.056976318359375 0.265350341796875 -0.0634765625
0.110626220703125 -0.2022705078125 0.227218627929688 -0.274566650390625
0.0155029296875 -0.245468139648438 0.092803955078125 -0.42486572265625
0.0586395263671875 -0.22711181640625 0.06170654296875 -0.40155029296875
0.0328216552734375 -0.246109008789063 0.10333251953125 -0.396636962890625
0.144119262695313 -0.19049072265625 0.168548583984375 -0.264968872070312
0.248306274414063 -0.057830810546875 0.11907958984375 -0.116950988769531
0.245452880859375 0.157455444335938 0.0574417114257813 -0.132225036621094
0.020965576171875 0.314056396484375 0.0251312255859375 -0.279891967773438
-0.139572143554688 0.279067993164063 0.213226318359375 -0.52301025390625
-0.273208618164063 0.186569213867188 0.6973876953125 -0.487548828125
-0.488861083984375 0.413787841796875 0.205230712890625 -0.33050537109375
-0.231231689453125 0.468658447265625 0.0345306396484375 -0.199462890625
0.1187744140625 0.535186767578125 0.0361480712890625 0.0683708190917969
0.361480712890625 0.25 0.154373168945313 0.023712158203125
0.415985107421875 -0.051910400390625 0.216705322265625 -0.0338897705078125
0.2274169921875 -0.306304931640625 0.171188354492188 -0.213043212890625
0.075897216796875 -0.391845703125 0.06964111328125 -0.3206787109375
0.13494873046875 -0.3720703125 0.0497589111328125 -0.278228759765625
0.105072021484375 -0.408172607421875 0.08056640625 -0.280136108398438
0.25885009765625 -0.300201416015625 0.10235595703125 -0.173797607421875
0.4259033203125 -0.090545654296875 0.0463027954101563 -0.0587539672851563
0.422607421875 0.2484130859375 -0.00474548339843746 -0.134315490722656
0.067047119140625 0.556884765625 -0.007965087890625 -0.29949951171875
-0.215606689453125 0.52349853515625 0.204803466796875 -0.4801025390625
-0.48291015625 0.40380859375 0.5946044921875 -0.416259765625
-0.60064697265625 0.562255859375 0.0500030517578125 -0.202392578125
-0.27044677734375 0.627197265625 -0.00521087646484376 -0.0935211181640624
0.1826171875 0.68768310546875 0.0484848022460938 0.08282470703125
0.480926513671875 0.316497802734375 0.112342834472656 0.0126190185546875
0.540618896484375 -0.054656982421875 0.141143798828125 0.0020294189453125
0.31298828125 -0.37896728515625 0.0898818969726563 -0.120903015136719
0.1243896484375 -0.481292724609375 0.0351104736328125 -0.169021606445313
0.193389892578125 -0.458953857421875 0.0298995971679687 -0.11279296875
0.16070556640625 -0.505645751953125 0.0467071533203125 -0.116554260253906
0.33392333984375 -0.36444091796875 0.0181884765625 -0.04754638671875
0.54278564453125 -0.109344482421875 -0.0444755554199218 0.0164642333984375
0.5426025390625 0.3046875 -0.0814361572265625 -0.116584777832031
0.108154296875 0.71929931640625 -0.046600341796875 -0.287200927734375
-0.26007080078125 0.6890869140625 0.17620849609375 -0.37213134765625
-0.62078857421875 0.55120849609375 0.42828369140625 -0.282257080078125
-0.624267578125 0.6351318359375 -0.141204833984375 -0.031982421875
-0.25482177734375 0.70806884765625 -0.0558929443359375 0.0544166564941407
0.2366943359375 0.742431640625 0.0562515258789063 0.104049682617188
0.540130615234375 0.325836181640625 0.0549468994140625 0.0116081237792969
0.58721923828125 -0.06097412109375 0.0450515747070313 0.0465316772460937
0.350006103515625 -0.39862060546875 -0.00478792190551756 -0.00389099121093752
0.150543212890625 -0.500335693359375 -0.00597763061523436 0.0105133056640625
0.218414306640625 -0.4769287109375 0.00476455688476564 0.0701103210449218
0.19244384765625 -0.522796630859375 0.00494003295898439 0.0671844482421875
0.358489990234375 -0.364959716796875 -0.0703125 0.0924072265625
0.56829833984375 -0.10296630859375 -0.1358642578125 0.0954360961914063
0.5595703125 0.3170166015625 -0.15521240234375 -0.0825347900390625
0.1119384765625 0.760498046875 -0.0774078369140625 -0.242172241210937
-0.2728271484375 0.7298583984375 0.132949829101562 -0.217849731445312
-0.66473388671875 0.60009765625 0.21990966796875 -0.107376098632812
-0.54632568359375 0.614013671875 -0.335845947265625 0.158447265625
-0.19677734375 0.6754150390625 -0.109970092773438 0.219345092773438
0.25079345703125 0.66790771484375 0.0537033081054688 0.127777099609375
0.50628662109375 0.27630615234375 -0.00989151000976559 0.0243320465087891
0.531341552734375 -0.058868408203125 -0.0544204711914062 0.0925827026367188
0.32470703125 -0.358245849609375 -0.09527587890625 0.117095947265625
0.150726318359375 -0.44415283203125 -0.0449066162109375 0.18902587890625
0.209716796875 -0.42230224609375 -0.0215911865234375 0.241409301757812
0.193206787109375 -0.457611083984375 -0.0382843017578125 0.240875244140625
0.326202392578125 -0.30035400390625 -0.150039672851563 0.216583251953125
0.494873046875 -0.06585693359375 -0.211456298828125 0.154312133789063
0.46331787109375 0.29046630859375 -0.208938598632812 -0.0450897216796875
0.0672607421874999 0.66009521484375 -0.0922088623046875 -0.179214477539062
-0.25537109375 0.629638671875 0.0833511352539062 -0.0510101318359375
-0.6041259765625 0.54095458984375 0.00550079345703121 0.0711441040039063
-0.3878173828125 0.49127197265625 -0.504852294921875 0.335418701171875
-0.115966796875 0.5247802734375 -0.16461181640625 0.369049072265625
0.205657958984375 0.475677490234375 0.040863037109375 0.152252197265625
0.3719482421875 0.18255615234375 -0.0621719360351562 0.0469627380371094
0.37872314453125 -0.0421142578125 -0.133636474609375 0.124885559082031
0.244842529296875 -0.255279541015625 -0.1644287109375 0.21746826171875
0.126129150390625 -0.3154296875 -0.076019287109375 0.337158203125
0.16802978515625 -0.302825927734375 -0.045074462890625 0.376251220703125
0.166229248046875 -0.320892333984375 -0.078155517578125 0.37640380859375
0.246673583984375 -0.1885986328125 -0.211395263671875 0.30047607421875
0.343719482421875 -0.013885498046875 -0.2593994140625 0.176589965820313
0.287139892578125 0.223876953125 -0.233673095703125 -0.0203857421875
0.000732421874999995 0.45172119140625 -0.08953857421875 -0.117599487304687
-0.200469970703125 0.424041748046875 0.03369140625 0.0879898071289063
-0.452301025390625 0.395263671875 -0.180892944335938 0.221664428710938
-0.1722412109375 0.286834716796875 -0.624755859375 0.47314453125
-0.02008056640625 0.29400634765625 -0.212646484375 0.4852294921875
0.129837036132813 0.210952758789063 0.029266357421875 0.176910400390625
0.17877197265625 0.06109619140625 -0.0854644775390625 0.0721893310546875
0.166976928710938 -0.018035888671875 -0.17535400390625 0.133865356445312
0.12652587890625 -0.111473083496094 -0.200775146484375 0.274215698242188
0.081695556640625 -0.136848449707031 -0.094696044921875 0.428558349609375
0.10076904296875 -0.135887145996094 -0.06207275390625 0.452545166015625
0.11456298828125 -0.1419677734375 -0.10723876953125 0.4534912109375
0.135215759277344 -0.0576324462890625 -0.244903564453125 0.33551025390625
0.158447265625 0.032318115234375 -0.277374267578125 0.164230346679688
0.0926055908203125 0.126205444335938 -0.233139038085938 -0.011138916015625
-0.0457305908203125 0.196762084960938 -0.0774917602539062 -0.0715789794921875
-0.108551025390625 0.176559448242188 -0.00901794433593749 0.175277709960938
-0.22991943359375 0.202285766601562 -0.30999755859375 0.321197509765625
-0.0712432861328125 -0.00228881835937499 0.301910400390625 -0.435638427734375
-0.0336761474609375 0.0585403442382813 0.0337066650390625 -0.260955810546875
0.049713134765625 0.07513427734375 0.0349845886230469 0.061553955078125
0.0769119262695313 0.0155410766601563 0.207870483398437 0.0284423828125
0.0548896789550781 -0.0650711059570313 0.2789306640625 -0.111740112304688
-0.0261077880859375 -0.0720443725585937 0.23028564453125 -0.321807861328125
-0.0509376525878906 -0.0604362487792969 0.06402587890625 -0.473968505859375
-0.0295066833496094 -0.0447463989257813 0.030487060546875 -0.466339111328125
-0.0476646423339844 -0.0406227111816406 0.07525634765625 -0.456451416015625
0.00389862060546875 -0.0519027709960938 0.18243408203125 -0.324371337890625
0.0383148193359375 -0.0204811096191406 0.151901245117188 -0.160995483398438
0.0465240478515625 0.043487548828125 0.0843353271484375 -0.123878479003906
-0.0214424133300781 0.0385704040527344 0.0247955322265625 -0.244247436523438
-0.0431404113769531 0.00647735595703124 0.157989501953125 -0.516693115234375
-0.0293617248535156 -0.0531578063964844 0.6734619140625 -0.5264892578125
-0.283416748046875 0.23443603515625 0.2744140625 -0.421112060546875
-0.129730224609375 0.278244018554688 0.036773681640625 -0.25787353515625
0.097900390625 0.312835693359375 0.0357856750488281 0.0574417114257813
0.230026245117188 0.130355834960938 0.18206787109375 0.0220184326171875
0.240646362304687 -0.07275390625 0.256591796875 -0.079986572265625
0.09442138671875 -0.203536987304688 0.20684814453125 -0.28533935546875
-0.00128173828125002 -0.2396240234375 0.062957763671875 -0.427337646484375
0.0430755615234375 -0.2281494140625 0.033294677734375 -0.404449462890625
0.014739990234375 -0.242218017578125 0.07244873046875 -0.4029541015625
0.128692626953125 -0.196578979492188 0.150497436523438 -0.2750244140625
0.24078369140625 -0.07275390625 0.111785888671875 -0.121475219726563
0.254013061523438 0.139511108398437 0.0458526611328125 -0.135940551757813
0.039947509765625 0.3092041015625 0.00334167480468752 -0.277603149414063
-0.121002197265625 0.28289794921875 0.174835205078125 -0.527435302734375
-0.25726318359375 0.204116821289063 0.65435791015625 -0.523193359375
-0.455108642578125 0.44244384765625 0.180023193359375 -0.344329833984375
-0.19873046875 0.478729248046875 0.0177764892578125 -0.202850341796875
0.15655517578125 0.520263671875 0.0455894470214844 0.062591552734375
0.37359619140625 0.22509765625 0.152236938476563 0.010772705078125
0.405548095703125 -0.080780029296875 0.210739135742188 -0.0489959716796875
0.202789306640625 -0.3140869140625 0.155181884765625 -0.219940185546875
0.04803466796875 -0.3868408203125 0.04595947265625 -0.32220458984375
0.108673095703125 -0.377105712890625 0.03009033203125 -0.281494140625
0.073944091796875 -0.407684326171875 0.05828857421875 -0.284515380859375
0.234832763671875 -0.31243896484375 0.0912017822265625 -0.17901611328125
0.41424560546875 -0.116790771484375 0.0438041687011719 -0.0601272583007813
0.436676025390625 0.216583251953125 -0.015899658203125 -0.133888244628906
0.10345458984375 0.548370361328125 -0.03131103515625 -0.29400634765625
-0.180419921875 0.5296630859375 0.16912841796875 -0.4840087890625
-0.45159912109375 0.432037353515625 0.55938720703125 -0.445556640625
-0.5550537109375 0.59649658203125 0.033355712890625 -0.208984375
-0.227294921875 0.63946533203125 -0.0145339965820313 -0.0944747924804687
0.23040771484375 0.66754150390625 0.059814453125 0.07525634765625
0.496185302734375 0.28118896484375 0.11083984375 0.00263977050781252
0.528900146484375 -0.093170166015625 0.139564514160156 -0.00983428955078126
0.281158447265625 -0.390777587890625 0.0802154541015625 -0.123092651367188
0.08856201171875 -0.479156494140625 0.02142333984375 -0.169265747070313
0.158355712890625 -0.468048095703125 0.0228805541992188 -0.115226745605469
0.1209716796875 -0.5091552734375 0.0374221801757813 -0.11907958984375
0.305908203125 -0.38018798828125 0.0170669555664063 -0.04779052734375
0.529205322265625 -0.143951416015625 -0.0406532287597656 0.0202178955078125
0.558929443359375 0.264312744140625 -0.0902481079101562 -0.111328125
0.154052734375 0.708740234375 -0.06878662109375 -0.278564453125
-0.2156982421875 0.6973876953125 0.14959716796875 -0.3779296875
-0.580078125 0.58868408203125 0.404144287109375 -0.302581787109375
-0.5745849609375 0.67205810546875 -0.14434814453125 -0.0272979736328125
-0.20849609375 0.71832275390625 -0.0551834106445313 0.0561599731445313
0.2882080078125 0.71734619140625 0.0690155029296875 0.0957489013671875
0.556396484375 0.286407470703125 0.05517578125 0.00538253784179689
0.5748291015625 -0.1025390625 0.0482444763183594 0.0404510498046875
0.3154296875 -0.4144287109375 -0.00680065155029295 -0.00170803070068362
0.112060546875 -0.500762939453125 -0.00691986083984374 0.0112247467041015
0.182861328125 -0.48779296875 0.0111656188964844 0.0685386657714844
0.150604248046875 -0.527191162109375 0.0101470947265625 0.0670852661132812
0.3287353515625 -0.38214111328125 -0.0615692138671875 0.097076416015625
0.553955078125 -0.139312744140625 -0.126052856445313 0.103805541992187
0.578857421875 0.27569580078125 -0.160491943359375 -0.0716247558593749
0.1612548828125 0.748779296875 -0.0958099365234375 -0.231719970703125
-0.22552490234375 0.73870849609375 0.11749267578125 -0.222091674804687
-0.6204833984375 0.6396484375 0.210906982421875 -0.117080688476562
-0.50054931640625 0.64691162109375 -0.322509765625 0.17510986328125
-0.1533203125 0.68450927734375 -0.0978240966796875 0.223724365234375
0.29669189453125 0.64459228515625 0.0662689208984375 0.118850708007813
0.519287109375 0.240570068359375 -0.00720596313476559 0.0227222442626953
0.52020263671875 -0.096923828125 -0.0460205078125 0.0919952392578125
0.29449462890625 -0.375152587890625 -0.089202880859375 0.124725341796875
0.11663818359375 -0.444061279296875 -0.0335235595703125 0.19110107421875
0.176300048828125 -0.433349609375 -0.00291442871093747 0.240997314453125
0.15704345703125 -0.46441650390625 -0.0193023681640625 0.242584228515625
0.30108642578125 -0.316497802734375 -0.132431030273437 0.225570678710938
0.48431396484375 -0.098541259765625 -0.196929931640625 0.166824340820313
0.480621337890625 0.255767822265625 -0.211135864257812 -0.031402587890625
0.11114501953125 0.65277099609375 -0.105560302734375 -0.168304443359375
-0.214599609375 0.638916015625 0.080322265625 -0.05523681640625
-0.56475830078125 0.57843017578125 0.011993408203125 0.0730667114257813
-0.354339599609375 0.5142822265625 -0.4796142578125 0.361785888671875
-0.0828552246093751 0.52838134765625 -0.140625 0.37701416015625
0.238311767578125 0.458251953125 0.054443359375 0.144332885742188
0.37982177734375 0.1552734375 -0.0571136474609375 0.0487480163574219
0.3717041015625 -0.069427490234375 -0.122184753417969 0.130043029785156
0.223831176757813 -0.268112182617188 -0.151443481445313 0.2274169921875
0.1015625 -0.31768798828125 -0.053375244140625 0.339874267578125
0.14434814453125 -0.31170654296875 -0.016448974609375 0.3763427734375
0.140045166015625 -0.328826904296875 -0.0489501953125 0.380523681640625
0.229629516601563 -0.202285766601563 -0.18841552734375 0.312835693359375
0.33740234375 -0.037689208984375 -0.243484497070312 0.191146850585937
0.300537109375 0.201263427734375 -0.232376098632812 -0.00389099121093746
0.0331726074218751 0.450164794921875 -0.0977401733398438 -0.108161926269531
-0.172210693359375 0.431915283203125 0.0409164428710937 0.0848922729492188
-0.422454833984375 0.424713134765625 -0.1611328125 0.233383178710937
-0.153228759765625 0.297576904296875 -0.58685302734375 0.5074462890625
-0.00158691406250001 0.2930908203125 -0.179595947265625 0.495635986328125
0.142852783203125 0.200729370117188 0.041351318359375 0.17041015625
0.180511474609375 0.0482025146484375 -0.0777435302734375 0.075653076171875
0.164581298828125 -0.0312957763671875 -0.163177490234375 0.141632080078125
0.117332458496094 -0.118507385253906 -0.183502197265625 0.286407470703125
0.0706024169921875 -0.139984130859375 -0.0650634765625 0.43255615234375
0.089385986328125 -0.141998291015625 -0.028839111328125 0.454376220703125
0.10247802734375 -0.149703979492188 -0.07135009765625 0.459747314453125
0.129188537597656 -0.0658035278320313 -0.2198486328125 0.349273681640625
0.157180786132813 0.019622802734375 -0.262466430664063 0.178878784179687
0.101188659667969 0.116874694824219 -0.230377197265625 0.00535583496093748
-0.029296875 0.200164794921875 -0.0814590454101563 -0.063568115234375
-0.0961151123046875 0.182952880859375 0.00526428222656251 0.172714233398438
-0.215911865234375 0.217208862304688 -0.281951904296875 0.339385986328125
-0.0684394836425781 -0.000457763671875003 0.273773193359375 -0.43853759765625
-0.0301475524902344 0.0574798583984375 0.0202484130859375 -0.257843017578125
0.0521392822265625 0.0699348449707031 0.0382270812988281 0.0561943054199219
0.07672119140625 0.0126495361328125 0.201004028320312 0.017578125
0.0491256713867188 -0.0641250610351563 0.264236450195313 -0.119293212890625
-0.0288467407226563 -0.0663108825683594 0.210693359375 -0.322845458984375
-0.0511550903320313 -0.0551376342773437 0.040557861328125 -0.46435546875
-0.0298728942871094 -0.041259765625 0.00637817382812502 -0.457305908203125
-0.0477752685546875 -0.034332275390625 0.048095703125 -0.449615478515625
0.000663757324218755 -0.0495719909667969 0.163665771484375 -0.324920654296875
0.0364227294921875 -0.0204353332519531 0.141708374023438 -0.161407470703125
0.0475082397460937 0.0397720336914062 0.0744705200195312 -0.124900817871094
-0.0212326049804688 0.0371932983398437 0.0110931396484375 -0.23895263671875
-0.0408821105957031 0.006927490234375 0.1297607421875 -0.504547119140625
-0.0284385681152344 -0.0498771667480469 0.62890625 -0.537353515625
-0.263656616210937 0.239273071289063 0.246551513671875 -0.42333984375
-0.115249633789062 0.2757568359375 0.02197265625 -0.255630493164063
0.11077880859375 0.298431396484375 0.0405769348144531 0.0514793395996094
0.230392456054687 0.117874145507812 0.175445556640625 0.011932373046875
0.228912353515625 -0.08026123046875 0.244293212890625 -0.088623046875
0.081451416015625 -0.19830322265625 0.19049072265625 -0.285125732421875
-0.011322021484375 -0.230133056640625 0.039154052734375 -0.418548583984375
0.0321197509765625 -0.22344970703125 0.01165771484375 -0.39764404296875
0.00256347656250001 -0.232925415039063 0.049591064453125 -0.396942138671875
0.115524291992188 -0.193984985351563 0.13592529296875 -0.276885986328125
0.230010986328125 -0.080230712890625 0.105125427246094 -0.121261596679688
0.25543212890625 0.123748779296875 0.0366439819335938 -0.134407043457031
0.051544189453125 0.299652099609375 -0.01190185546875 -0.268966674804688
-0.106842041015625 0.278732299804688 0.14453125 -0.516632080078125
-0.240371704101563 0.211441040039063 0.60919189453125 -0.53009033203125
-0.420074462890625 0.450042724609375 0.1568603515625 -0.345703125
-0.175201416015625 0.473785400390625 0.005279541015625 -0.200332641601563
0.178985595703125 0.49749755859375 0.0519752502441406 0.0544357299804688
0.37286376953125 0.203521728515625 0.145980834960938 0.00228881835937501
0.3873291015625 -0.096771240234375 0.2020263671875 -0.0569000244140625
0.18072509765625 -0.310394287109375 0.141555786132813 -0.218841552734375
0.029266357421875 -0.373748779296875 0.02838134765625 -0.315643310546875
0.08843994140625 -0.3714599609375 0.01519775390625 -0.277313232421875
0.05157470703125 -0.396392822265625 0.0422821044921875 -0.2803955078125
0.213226318359375 -0.3121337890625 0.0827178955078125 -0.179962158203125
0.396087646484375 -0.131622314453125 0.0419387817382813 -0.0586624145507813
0.438079833984375 0.189971923828125 -0.0237503051757812 -0.130584716796875
0.125091552734375 0.531005859375 -0.0455322265625 -0.281982421875
-0.155517578125 0.521881103515625 0.14178466796875 -0.474884033203125
-0.420013427734375 0.44232177734375 0.523101806640625 -0.452728271484375
-0.5130615234375 0.60723876953125 0.0202484130859375 -0.208023071289062
-0.19476318359375 0.634033203125 -0.0225372314453125 -0.0929641723632812
0.260009765625 0.63702392578125 0.0665817260742188 0.0659103393554688
0.493560791015625 0.252044677734375 0.1068115234375 -0.00471496582031248
0.5072021484375 -0.11480712890625 0.134994506835938 -0.0175018310546875
0.253448486328125 -0.3896484375 0.071807861328125 -0.120841979980469
0.064605712890625 -0.464630126953125 0.0108642578125 -0.16607666015625
0.13214111328125 -0.463653564453125 0.0169448852539062 -0.115478515625
0.091827392578125 -0.496063232421875 0.0307083129882812 -0.118270874023438
0.2783203125 -0.380889892578125 0.0165748596191406 -0.0478630065917969
0.505126953125 -0.163238525390625 -0.0362358093261719 0.0221099853515625
0.55914306640625 0.230743408203125 -0.0948257446289062 -0.104660034179687
0.18218994140625 0.68548583984375 -0.080291748046875 -0.264495849609375
-0.18310546875 0.6851806640625 0.12847900390625 -0.3707275390625
-0.5379638671875 0.6021728515625 0.379364013671875 -0.306854248046875
-0.52691650390625 0.681396484375 -0.143997192382813 -0.023529052734375
-0.173828125 0.71063232421875 -0.0552177429199219 0.0564079284667969
0.31585693359375 0.6839599609375 0.0762481689453125 0.0847930908203125
0.555450439453125 0.25238037109375 0.0533981323242188 0.00027847290039064
0.553192138671875 -0.127838134765625 0.0491828918457032 0.0339584350585937
0.285430908203125 -0.414794921875 -0.007875919342041 0.00162935256958005
0.084564208984375 -0.485931396484375 -0.00824165344238281 0.0115880966186523
0.15399169921875 -0.4844970703125 0.0151176452636719 0.0644950866699218
0.11907958984375 -0.51702880859375 0.0145339965820313 0.0650253295898437
0.30169677734375 -0.38421630859375 -0.0534896850585937 0.0976715087890625
0.531005859375 -0.16058349609375 -0.115821838378906 0.10662841796875
0.578369140625 0.24200439453125 -0.160873413085937 -0.062774658203125
0.19134521484375 0.724609375 -0.105224609375 -0.217376708984375
-0.19244384765625 0.72711181640625 0.10565185546875 -0.218963623046875
-0.57843017578125 0.65185546875 0.200592041015625 -0.119476318359375
-0.45831298828125 0.654296875 -0.308807373046875 0.180816650390625
-0.1217041015625 0.67486572265625 -0.0880889892578125 0.223114013671875
0.3209228515625 0.6136474609375 0.0743560791015625 0.108665466308594
0.516387939453125 0.20904541015625 -0.00549888610839841 0.0202388763427735
0.499267578125 -0.120391845703125 -0.0400924682617187 0.0884323120117187
0.2679443359375 -0.374908447265625 -0.0825881958007813 0.128005981445312
0.092559814453125 -0.433135986328125 -0.0253143310546875 0.188446044921875
0.152496337890625 -0.43115234375 0.00999450683593752 0.233474731445313
0.12823486328125 -0.45794677734375 -0.00453186035156247 0.238754272460937
0.278289794921875 -0.31964111328125 -0.117263793945313 0.22637939453125
0.463287353515625 -0.1181640625 -0.182479858398438 0.1702880859375
0.4805908203125 0.22601318359375 -0.206863403320312 -0.020782470703125
0.1402587890625 0.632568359375 -0.111114501953125 -0.155517578125
-0.1829833984375 0.6287841796875 0.0776824951171875 -0.0556411743164062
-0.52703857421875 0.5892333984375 0.016754150390625 0.0722732543945313
-0.321563720703125 0.51837158203125 -0.44952392578125 0.371063232421875
-0.059417724609375 0.521270751953125 -0.122711181640625 0.374053955078125
0.253143310546875 0.4342041015625 0.0613632202148438 0.13531494140625
0.375762939453125 0.133544921875 -0.0518379211425781 0.0476341247558594
0.35821533203125 -0.087677001953125 -0.11181640625 0.128456115722656
0.20465087890625 -0.27020263671875 -0.1397705078125 0.230255126953125
0.084228515625 -0.310791015625 -0.03790283203125 0.335174560546875
0.124847412109375 -0.3109130859375 0.00296020507812499 0.367767333984375
0.119384765625 -0.32586669921875 -0.02593994140625 0.373992919921875
0.2137451171875 -0.204940795898438 -0.167633056640625 0.313934326171875
0.324005126953125 -0.052581787109375 -0.227493286132813 0.195770263671875
0.302093505859375 0.181365966796875 -0.226150512695312 0.00662231445312501
0.055267333984375 0.438995361328125 -0.100181579589844 -0.097991943359375
-0.150390625 0.42669677734375 0.0460662841796875 0.0799560546875
-0.393585205078125 0.43310546875 -0.143218994140625 0.23333740234375
-0.13824462890625 0.297332763671875 -0.54730224609375 0.516021728515625
0.00946044921874998 0.28570556640625 -0.154815673828125 0.4912109375
0.146652221679688 0.188919067382813 0.0478363037109375 0.162094116210938
0.176895141601563 0.0384368896484375 -0.0701370239257813 0.0757064819335938
0.158645629882813 -0.038787841796875 -0.1517333984375 0.142486572265625
0.109413146972656 -0.121696472167969 -0.168792724609375 0.287567138671875
0.0619125366210937 -0.138259887695313 -0.045196533203125 0.425811767578125
0.0794830322265625 -0.143173217773437 -0.00469970703124997 0.44451904296875
0.0911865234375 -0.15093994140625 -0.04425048828125 0.45172119140625
0.122138977050781 -0.06964111328125 -0.197845458984375 0.351593017578125
0.151687622070313 0.0108642578125 -0.246383666992188 0.184677124023438
0.103897094726563 0.108345031738281 -0.222549438476563 0.01702880859375
-0.0168304443359375 0.197235107421875 -0.0820541381835938 -0.05615234375
-0.0861663818359375 0.182846069335938 0.0147552490234375 0.166336059570313
-0.201995849609375 0.222930908203125 -0.25531005859375 0.340057373046875
-0.0660552978515625 -0.000179290771484374 0.2589111328125 -0.433013916015625
-0.0273971557617188 0.0556106567382813 0.0133209228515625 -0.254150390625
0.0530509948730469 0.0660247802734375 0.0393791198730469 0.0513267517089844
0.0757904052734375 0.0111923217773438 0.194107055664063 0.01300048828125
0.0462455749511719 -0.0624275207519531 0.2547607421875 -0.11962890625
-0.0298576354980469 -0.0618972778320313 0.2020263671875 -0.319671630859375
-0.0503997802734375 -0.0514183044433594 0.02960205078125 -0.45477294921875
-0.0287857055664062 -0.0392303466796875 -0.00683593749999997 -0.448150634765625
-0.0466957092285156 -0.0297317504882813 0.035064697265625 -0.440673828125
-0.00117874145507812 -0.0469207763671875 0.1544189453125 -0.322998046875
0.0349960327148438 -0.019866943359375 0.136703491210938 -0.158462524414063
0.0477142333984375 0.0376663208007813 0.0678787231445312 -0.123153686523437
-0.0219459533691406 0.0363845825195312 0.00344848632812501 -0.232406616210938
-0.0394859313964844 0.0062255859375 0.114227294921875 -0.490142822265625
-0.0263481140136719 -0.047943115234375 0.59979248046875 -0.52899169921875
-0.2518310546875 0.237197875976563 0.23046875 -0.4189453125
-0.107711791992188 0.270675659179688 0.01361083984375 -0.251617431640625
0.115570068359375 0.28704833984375 0.0427474975585938 0.0459785461425781
0.22723388671875 0.11114501953125 0.16937255859375 0.00773620605468751
0.220535278320312 -0.08245849609375 0.235687255859375 -0.0900421142578125
0.0745086669921875 -0.19158935546875 0.181976318359375 -0.28155517578125
-0.0146484375 -0.221954345703125 0.02801513671875 -0.409942626953125
0.0273284912109375 -0.218795776367188 0.00155639648437498 -0.3905029296875
-0.00224304199218751 -0.2244873046875 0.036773681640625 -0.390106201171875
0.107620239257813 -0.190414428710938 0.129180908203125 -0.27447509765625
0.22247314453125 -0.0819854736328125 0.102104187011719 -0.11865234375
0.252105712890625 0.115066528320312 0.0313262939453125 -0.132308959960938
0.05499267578125 0.29296875 -0.0190582275390625 -0.260711669921875
-0.0994415283203125 0.27294921875 0.13153076171875 -0.5025634765625
-0.229415893554687 0.211669921875 0.58428955078125 -0.52203369140625
-0.4000244140625 0.446380615234375 0.143646240234375 -0.342529296875
-0.162384033203125 0.46636962890625 -0.00265502929687501 -0.197280883789063
0.186065673828125 0.478607177734375 0.0544624328613281 0.0470504760742188
0.369842529296875 0.1915283203125 0.141159057617188 -0.00195312499999999
0.37432861328125 -0.10211181640625 0.194793701171875 -0.05975341796875
0.167816162109375 -0.302490234375 0.135391235351563 -0.214752197265625
0.021453857421875 -0.361572265625 0.019073486328125 -0.3089599609375
0.07952880859375 -0.36541748046875 0.00730895996093748 -0.273681640625
0.040435791015625 -0.383819580078125 0.0339813232421875 -0.276199340820312
0.201446533203125 -0.30712890625 0.078857421875 -0.17828369140625
0.383087158203125 -0.1357421875 0.0419502258300782 -0.0570106506347656
0.43255615234375 0.17669677734375 -0.0276565551757812 -0.127349853515625
0.133026123046875 0.519134521484375 -0.0511474609375 -0.27117919921875
-0.145477294921875 0.51129150390625 0.130889892578125 -0.46136474609375
-0.401214599609375 0.442047119140625 0.501007080078125 -0.44451904296875
-0.48724365234375 0.6016845703125 0.01226806640625 -0.205169677734375
-0.17919921875 0.62353515625 -0.0273284912109375 -0.0910797119140624
0.2669677734375 0.61578369140625 0.069915771484375 0.0569610595703125
0.488555908203125 0.236083984375 0.102912902832031 -0.00821685791015624
0.490325927734375 -0.12359619140625 0.131027221679688 -0.0215072631835938
0.237701416015625 -0.3812255859375 0.0679244995117188 -0.117233276367188
0.052398681640625 -0.45111083984375 0.00534057617187501 -0.161483764648438
0.119720458984375 -0.45758056640625 0.0134811401367188 -0.115242004394531
0.07763671875 -0.4837646484375 0.0276641845703125 -0.117111206054688
0.263427734375 -0.375030517578125 0.0165596008300781 -0.0481834411621094
0.489044189453125 -0.169219970703125 -0.0328540802001953 0.0231895446777344
0.55255126953125 0.213104248046875 -0.0955352783203125 -0.101150512695313
0.19281005859375 0.66900634765625 -0.0846710205078125 -0.252853393554687
-0.167236328125 0.672119140625 0.1199951171875 -0.362091064453125
-0.51568603515625 0.59814453125 0.364288330078125 -0.3018798828125
-0.50152587890625 0.6763916015625 -0.144195556640625 -0.022918701171875
-0.15667724609375 0.69903564453125 -0.0555191040039063 0.056304931640625
0.326171875 0.65966796875 0.0796890258789063 0.0753173828125001
0.545806884765625 0.234832763671875 0.052093505859375 -0.00225448608398436
0.53460693359375 -0.1378173828125 0.0487174987792969 0.0290603637695312
0.268096923828125 -0.407928466796875 -0.00785827636718748 0.00385475158691404
0.073211669921875 -0.473541259765625 -0.0101156234741211 0.0127067565917968
0.14093017578125 -0.477691650390625 0.0162315368652344 0.0614700317382812
0.10302734375 -0.504730224609375 0.0174560546875 0.0625839233398437
0.287109375 -0.37872314453125 -0.0488357543945312 0.0960540771484375
0.5125732421875 -0.16644287109375 -0.108634948730469 0.107093811035156
0.5701904296875 0.22344970703125 -0.15899658203125 -0.0589599609375
0.2042236328125 0.70758056640625 -0.10723876953125 -0.20672607421875
-0.1768798828125 0.71209716796875 0.100616455078125 -0.21435546875
-0.5531005859375 0.6510009765625 0.1949462890625 -0.117401123046875
-0.4332275390625 0.64947509765625 -0.299713134765625 0.18060302734375
-0.1082763671875 0.66546630859375 -0.084075927734375 0.22027587890625
0.3277587890625 0.591552734375 0.0780258178710938 0.0996322631835938
0.508026123046875 0.194976806640625 -0.00376319885253903 0.0177497863769531
0.4832763671875 -0.12969970703125 -0.0371246337890625 0.0834426879882812
0.25189208984375 -0.370574951171875 -0.0793685913085937 0.128761291503906
0.08062744140625 -0.421875 -0.021759033203125 0.186279296875
0.13800048828125 -0.425750732421875 0.0157928466796875 0.227371215820313
0.113037109375 -0.447265625 0.003692626953125 0.23260498046875
0.26373291015625 -0.315673828125 -0.108734130859375 0.2237548828125
0.4483642578125 -0.12469482421875 -0.173690795898438 0.169540405273438
0.47467041015625 0.2115478515625 -0.202362060546875 -0.0164337158203125
0.152099609375 0.61724853515625 -0.111465454101563 -0.146011352539062
-0.16986083984375 0.6162109375 0.0767364501953125 -0.0560836791992187
-0.50341796875 0.58843994140625 0.01983642578125 0.07110595703125
-0.305328369140625 0.513916015625 -0.434295654296875 0.368194580078125
-0.0509033203125001 0.51165771484375 -0.113525390625 0.370452880859375
0.25567626953125 0.419525146484375 0.0646743774414063 0.127281188964844
0.36920166015625 0.1231689453125 -0.0482063293457031 0.0458908081054688
0.346923828125 -0.094268798828125 -0.106658935546875 0.123260498046875
0.194061279296875 -0.267135620117188 -0.133819580078125 0.22943115234375
0.07550048828125 -0.302764892578125 -0.030548095703125 0.329803466796875
0.114776611328125 -0.30780029296875 0.012176513671875 0.359832763671875
0.106903076171875 -0.320220947265625 -0.0135498046875 0.365325927734375
0.203811645507812 -0.202972412109375 -0.15643310546875 0.31121826171875
0.312652587890625 -0.05816650390625 -0.217758178710937 0.194351196289062
0.298431396484375 0.17041015625 -0.2196044921875 0.0113067626953125
0.065216064453125 0.42877197265625 -0.0990447998046875 -0.0909194946289062
-0.140289306640625 0.4183349609375 0.0488967895507812 0.0762939453125
-0.378448486328125 0.432952880859375 -0.13287353515625 0.228744506835938
-0.131591796875 0.294525146484375 -0.5250244140625 0.511932373046875
0.012847900390625 0.280319213867188 -0.140869140625 0.4854736328125
0.146392822265625 0.182937622070313 0.0502777099609375 0.15594482421875
0.172210693359375 0.034454345703125 -0.0647811889648438 0.0734786987304687
0.154510498046875 -0.0422210693359375 -0.144699096679688 0.137786865234375
0.104293823242188 -0.12109375 -0.16253662109375 0.2855224609375
0.057373046875 -0.135566711425781 -0.034820556640625 0.41949462890625
0.0743255615234375 -0.143218994140625 0.00772094726562496 0.43585205078125
0.08447265625 -0.149139404296875 -0.03009033203125 0.44232177734375
0.117454528808594 -0.0698623657226563 -0.184844970703125 0.348236083984375
0.146453857421875 0.0066375732421875 -0.236724853515625 0.183761596679687
0.103790283203125 0.102554321289063 -0.215652465820313 0.022064208984375
-0.00932312011718752 0.193649291992188 -0.0799484252929688 -0.0519180297851562
-0.08056640625 0.1796875 0.0210723876953125 0.159927368164063
-0.1943359375 0.22314453125 -0.239959716796875 0.333709716796875
-0.0658607482910156 -0.000823974609374986 0.25372314453125 -0.433837890625
-0.0273361206054688 0.0538406372070313 0.00917053222656251 -0.255157470703125
0.0534172058105469 0.0630683898925781 0.0397720336914063 0.0484962463378906
0.0765151977539063 0.010406494140625 0.191116333007812 0.010986328125
0.0450782775878906 -0.061737060546875 0.252685546875 -0.119338989257813
-0.0301628112792969 -0.0597343444824219 0.201171875 -0.320220947265625
-0.0498809814453125 -0.050384521484375 0.02423095703125 -0.453277587890625
-0.0284843444824219 -0.038360595703125 -0.012603759765625 -0.44769287109375
-0.0461997985839844 -0.0268821716308594 0.028106689453125 -0.440521240234375
-0.00188827514648438 -0.0452613830566406 0.15216064453125 -0.32403564453125
0.03546142578125 -0.0197219848632813 0.136245727539063 -0.1572265625
0.0480194091796875 0.0363693237304688 0.0648956298828125 -0.12286376953125
-0.0235748291015625 0.0356712341308594 -0.000625610351562498 -0.23101806640625
-0.0382347106933594 0.00568771362304688 0.109283447265625 -0.483673095703125
-0.0240135192871094 -0.0481529235839844 0.59521484375 -0.52227783203125
-0.24761962890625 0.236663818359375 0.225738525390625 -0.417694091796875
-0.106170654296875 0.268951416015625 0.00891113281250001 -0.25128173828125
0.11767578125 0.28302001953125 0.0444183349609375 0.0413093566894531
0.227706909179688 0.108245849609375 0.1666259765625 0.00511169433593751
0.217620849609375 -0.083404541015625 0.233932495117187 -0.089874267578125
0.0719757080078125 -0.188613891601563 0.181304931640625 -0.281768798828125
-0.0160064697265625 -0.218460083007813 0.023193359375 -0.40924072265625
0.0263519287109375 -0.21844482421875 -0.004913330078125 -0.390960693359375
-0.0041961669921875 -0.220489501953125 0.030792236328125 -0.3902587890625
0.105194091796875 -0.188247680664063 0.127334594726562 -0.275650024414063
0.220947265625 -0.0830230712890625 0.103012084960938 -0.117324829101563
0.2532958984375 0.111984252929688 0.02734375 -0.132606506347656
0.056671142578125 0.2923583984375 -0.0222015380859375 -0.257553100585937
-0.09881591796875 0.271957397460938 0.127960205078125 -0.497100830078125
-0.225494384765625 0.212890625 0.5784912109375 -0.515380859375
-0.39385986328125 0.444244384765625 0.137847900390625 -0.341522216796875
-0.158538818359375 0.465606689453125 -0.00741577148437501 -0.197067260742187
0.19091796875 0.472930908203125 0.0565910339355469 0.0409660339355469
0.36944580078125 0.187774658203125 0.138351440429688 -0.00376892089843749
0.370330810546875 -0.10467529296875 0.193313598632813 -0.061370849609375
0.1641845703125 -0.298553466796875 0.134796142578125 -0.214401245117188
0.018280029296875 -0.357818603515625 0.0135498046875 -0.3076171875
0.075927734375 -0.3656005859375 0.00341796875 -0.27471923828125
0.03662109375 -0.38006591796875 0.03045654296875 -0.277297973632813
0.197479248046875 -0.30450439453125 0.0787200927734375 -0.180816650390625
0.3797607421875 -0.137664794921875 0.0440254211425781 -0.0557022094726563
0.43267822265625 0.170989990234375 -0.0303497314453125 -0.127143859863281
0.135894775390625 0.518890380859375 -0.0536956787109375 -0.266616821289062
-0.143707275390625 0.508209228515625 0.128082275390625 -0.457733154296875
-0.397308349609375 0.44427490234375 0.49658203125 -0.4376220703125
-0.4791259765625 0.6026611328125 0.00802612304687497 -0.205398559570312
-0.17431640625 0.62152099609375 -0.03106689453125 -0.0907363891601562
0.2730712890625 0.6070556640625 0.071533203125 0.049652099609375
0.48846435546875 0.232025146484375 0.100959777832031 -0.0101318359375
0.486175537109375 -0.127716064453125 0.129959106445313 -0.02398681640625
0.233062744140625 -0.377471923828125 0.068115234375 -0.116477966308594
0.049072265625 -0.446746826171875 0.00119018554687502 -0.160964965820313
0.115692138671875 -0.458099365234375 0.0112152099609375 -0.1163330078125
0.072052001953125 -0.479736328125 0.0271377563476563 -0.118728637695313
0.259735107421875 -0.373992919921875 0.0176124572753906 -0.0491142272949219
0.48419189453125 -0.1722412109375 -0.0295162200927734 0.0237026214599609
0.553680419921875 0.2081298828125 -0.0982513427734375 -0.101524353027344
0.1988525390625 0.66851806640625 -0.0862579345703125 -0.247787475585937
-0.16693115234375 0.67022705078125 0.11859130859375 -0.35888671875
-0.510986328125 0.60174560546875 0.363128662109375 -0.2977294921875
-0.49200439453125 0.6771240234375 -0.145767211914063 -0.0228729248046875
-0.15338134765625 0.700439453125 -0.0573654174804687 0.0573310852050782
0.33172607421875 0.65350341796875 0.0824356079101563 0.06903076171875
0.547454833984375 0.230804443359375 0.0514297485351563 -0.00478363037109374
0.528961181640625 -0.143951416015625 0.0482444763183594 0.0256538391113281
0.262939453125 -0.404754638671875 -0.00770330429077147 0.00530672073364255
0.06982421875 -0.46759033203125 -0.0121631622314453 0.0129508972167968
0.136474609375 -0.480194091796875 0.0167694091796875 0.0595474243164062
0.0980224609375 -0.501129150390625 0.0198593139648438 0.0604362487792969
0.281158447265625 -0.377716064453125 -0.0469512939453125 0.0952987670898437
0.50579833984375 -0.1685791015625 -0.105484008789062 0.106895446777344
0.571044921875 0.2177734375 -0.159698486328125 -0.05841064453125
0.21038818359375 0.7039794921875 -0.106689453125 -0.201492309570312
-0.1749267578125 0.7103271484375 0.101638793945313 -0.212966918945312
-0.54864501953125 0.65521240234375 0.194931030273437 -0.115509033203125
-0.42822265625 0.64935302734375 -0.29901123046875 0.180450439453125
-0.104736328125 0.66680908203125 -0.0828094482421875 0.221588134765625
0.3328857421875 0.5870361328125 0.0802230834960938 0.093994140625
0.507110595703125 0.190216064453125 -0.00317955017089841 0.0153751373291016
0.4815673828125 -0.134307861328125 -0.0366592407226562 0.0793380737304687
0.2467041015625 -0.367950439453125 -0.0785675048828125 0.130233764648437
0.077484130859375 -0.41778564453125 -0.022186279296875 0.1868896484375
0.13372802734375 -0.428466796875 0.018798828125 0.225906372070312
0.10760498046875 -0.4447021484375 0.00834655761718748 0.23016357421875
0.259307861328125 -0.314056396484375 -0.1055908203125 0.223709106445312
0.44134521484375 -0.127349853515625 -0.169219970703125 0.169113159179687
0.474090576171875 0.205047607421875 -0.202239990234375 -0.014862060546875
0.1591796875 0.61529541015625 -0.11053466796875 -0.141845703125
-0.1673583984375 0.615234375 0.0790786743164062 -0.057098388671875
-0.5010986328125 0.58941650390625 0.021484375 0.07098388671875
-0.30120849609375 0.515167236328125 -0.4312744140625 0.367462158203125
-0.048370361328125 0.512298583984375 -0.109954833984375 0.370697021484375
0.258697509765625 0.41729736328125 0.0663299560546875 0.123138427734375
0.3685302734375 0.120513916015625 -0.0466995239257812 0.0443115234375
0.34527587890625 -0.09686279296875 -0.105865478515625 0.11962890625
0.190216064453125 -0.267135620117188 -0.133224487304687 0.231201171875
0.072967529296875 -0.300506591796875 -0.028533935546875 0.3306884765625
0.111053466796875 -0.309600830078125 0.017913818359375 0.358795166015625
0.10247802734375 -0.319000244140625 -0.00680541992187502 0.363128662109375
0.200454711914062 -0.202239990234375 -0.152618408203125 0.310943603515625
0.30816650390625 -0.06024169921875 -0.214263916015625 0.19384765625
0.29901123046875 0.16595458984375 -0.217880249023437 0.013153076171875
0.07147216796875 0.42694091796875 -0.0979766845703125 -0.0872116088867187
-0.138336181640625 0.416717529296875 0.0517196655273437 0.0734176635742188
-0.3760986328125 0.435333251953125 -0.129898071289063 0.226776123046875
-0.13031005859375 0.29522705078125 -0.5186767578125 0.511016845703125
0.0131378173828125 0.280441284179688 -0.135833740234375 0.485260009765625
0.146774291992188 0.183349609375 0.051544189453125 0.153793334960938
0.170974731445313 0.033416748046875 -0.062255859375 0.0716629028320313
0.153976440429688 -0.0440826416015625 -0.1439208984375 0.134292602539062
0.102691650390625 -0.122222900390625 -0.162261962890625 0.287200927734375
0.0560836791992187 -0.134819030761719 -0.031036376953125 0.420318603515625
0.07196044921875 -0.144149780273438 0.0123291015625 0.435577392578125
0.0823211669921875 -0.150283813476562 -0.021026611328125 0.439239501953125
0.116073608398438 -0.0704193115234375 -0.180908203125 0.348663330078125
0.14373779296875 0.0053558349609375 -0.2347412109375 0.183120727539063
0.104019165039063 0.100349426269531 -0.21270751953125 0.0236358642578125
-0.00540161132812501 0.19317626953125 -0.078094482421875 -0.049346923828125
-0.07916259765625 0.179229736328125 0.0236358642578125 0.156082153320313
-0.193130493164062 0.225006103515625 -0.235504150390625 0.33026123046875
-0.066680908203125 -0.000148773193359377 0.252044677734375 -0.446441650390625
-0.0279083251953125 0.0531463623046875 0.00326538085937498 -0.261459350585938
0.0546836853027344 0.0606918334960938 0.0409736633300781 0.0463218688964844
0.0780563354492188 0.00868988037109375 0.192291259765625 0.0078277587890625
0.0439529418945313 -0.0628318786621094 0.2557373046875 -0.122711181640625
-0.0320510864257812 -0.0582923889160156 0.20172119140625 -0.329742431640625
-0.0509223937988281 -0.0497474670410156 0.01495361328125 -0.463287353515625
-0.0286674499511719 -0.0386962890625 -0.023529052734375 -0.45733642578125
-0.0458641052246094 -0.0246047973632812 0.018157958984375 -0.450225830078125
-0.00334548950195313 -0.0453910827636719 0.151092529296875 -0.33587646484375
0.0361175537109375 -0.0199394226074219 0.138198852539063 -0.160797119140625
0.0503807067871094 0.0352249145507813 0.06158447265625 -0.125938415527344
-0.0248527526855469 0.0371437072753906 -0.00727844238281249 -0.233993530273438
-0.0380363464355469 0.00517654418945313 0.10516357421875 -0.49090576171875
-0.0231132507324219 -0.0491790771484375 0.59881591796875 -0.53216552734375
-0.2484130859375 0.242263793945312 0.22308349609375 -0.428070068359375
-0.104507446289063 0.2738037109375 0.00169372558593748 -0.25738525390625
0.124847412109375 0.282989501953125 0.0460090637207031 0.0368919372558594
0.232803344726563 0.10675048828125 0.16693115234375 0.00236511230468751
0.218948364257812 -0.0885009765625 0.2364501953125 -0.094635009765625
0.0696868896484375 -0.190353393554688 0.182647705078125 -0.290374755859375
-0.0189208984375 -0.220199584960938 0.01422119140625 -0.417633056640625
0.0240020751953125 -0.22442626953125 -0.014892578125 -0.4005126953125
-0.006591796875 -0.222152709960938 0.023101806640625 -0.400848388671875
0.104263305664063 -0.191635131835938 0.126495361328125 -0.286529541015625
0.224365234375 -0.0873260498046875 0.105728149414063 -0.119987487792969
0.261032104492188 0.10906982421875 0.02410888671875 -0.136016845703125
0.061553955078125 0.29833984375 -0.027679443359375 -0.259597778320313
-0.0978240966796875 0.276947021484375 0.124267578125 -0.504241943359375
-0.226104736328125 0.2203369140625 0.5841064453125 -0.52734375
-0.39404296875 0.457489013671875 0.13330078125 -0.350341796875
-0.156494140625 0.4754638671875 -0.013580322265625 -0.201705932617187
0.201507568359375 0.474945068359375 0.0587806701660156 0.0357513427734375
0.378631591796875 0.18524169921875 0.138824462890625 -0.00734710693359374
0.3741455078125 -0.111846923828125 0.195632934570313 -0.0651702880859375
0.161651611328125 -0.303009033203125 0.135757446289062 -0.22015380859375
0.01397705078125 -0.3621826171875 0.00607299804687499 -0.31390380859375
0.072357177734375 -0.37628173828125 -0.00357055664062497 -0.28204345703125
0.031402587890625 -0.3863525390625 0.025177001953125 -0.285308837890625
0.19622802734375 -0.311798095703125 0.0786895751953125 -0.18731689453125
0.384246826171875 -0.14483642578125 0.0469512939453125 -0.056884765625
0.4449462890625 0.16815185546875 -0.0355072021484375 -0.130073547363281
0.14739990234375 0.5294189453125 -0.0587158203125 -0.268142700195312
-0.141571044921875 0.51885986328125 0.126129150390625 -0.46502685546875
-0.398406982421875 0.459014892578125 0.502838134765625 -0.44866943359375
-0.47711181640625 0.619140625 0.00291442871093746 -0.209808349609375
-0.16937255859375 0.6375732421875 -0.03564453125 -0.0922088623046875
0.28900146484375 0.61260986328125 0.0747833251953125 0.0437164306640625
0.4989013671875 0.2281494140625 0.101943969726563 -0.0145416259765625
0.4903564453125 -0.1385498046875 0.131370544433594 -0.0278396606445313
0.2293701171875 -0.3848876953125 0.0686874389648438 -0.11932373046875
0.044219970703125 -0.45294189453125 -0.00469970703125001 -0.163360595703125
0.11083984375 -0.47149658203125 0.00823211669921875 -0.120956420898438
0.065338134765625 -0.48809814453125 0.0256729125976562 -0.124107360839844
0.25836181640625 -0.38165283203125 0.0181121826171875 -0.0516128540039063
0.490081787109375 -0.1805419921875 -0.0265769958496093 0.0252723693847656
0.56854248046875 0.20184326171875 -0.103569030761719 -0.10296630859375
0.21466064453125 0.6802978515625 -0.090240478515625 -0.24810791015625
-0.1640625 0.68450927734375 0.11932373046875 -0.365325927734375
-0.51373291015625 0.6220703125 0.367950439453125 -0.303802490234375
-0.4910888671875 0.69647216796875 -0.15093994140625 -0.0219879150390625
-0.14544677734375 0.71734619140625 -0.0593185424804688 0.05914306640625
0.350830078125 0.65936279296875 0.085906982421875 0.0626602172851563
0.560150146484375 0.2264404296875 0.0532684326171875 -0.00774002075195311
0.537689208984375 -0.156646728515625 0.0489654541015625 0.022674560546875
0.26116943359375 -0.415802001953125 -0.00760364532470702 0.0058169364929199
0.063568115234375 -0.475830078125 -0.0141534805297852 0.0141887664794922
0.129302978515625 -0.494415283203125 0.0182456970214844 0.0589790344238281
0.0909423828125 -0.5108642578125 0.0228652954101563 0.0581779479980468
0.280426025390625 -0.386474609375 -0.0452041625976562 0.0972442626953125
0.5120849609375 -0.1778564453125 -0.103118896484375 0.109779357910156
0.5859375 0.211669921875 -0.165740966796875 -0.0587158203125
0.22723388671875 0.7177734375 -0.110427856445312 -0.200241088867187
-0.1717529296875 0.7237548828125 0.103134155273437 -0.218536376953125
-0.550537109375 0.67633056640625 0.198867797851562 -0.118453979492187
-0.42755126953125 0.66900634765625 -0.302734375 0.186431884765625
-0.09716796875 0.681640625 -0.0813446044921875 0.22821044921875
0.349853515625 0.59271240234375 0.0843658447265625 0.0892791748046875
0.51922607421875 0.186065673828125 -0.00186347961425778 0.0133028030395508
0.487548828125 -0.146270751953125 -0.0364303588867187 0.0777359008789062
0.245635986328125 -0.377105712890625 -0.0793685913085937 0.135627746582031
0.072845458984375 -0.42486572265625 -0.0211334228515625 0.192779541015625
0.12872314453125 -0.440948486328125 0.0243377685546875 0.229751586914062
0.100982666015625 -0.45428466796875 0.015350341796875 0.231918334960937
0.259033203125 -0.322235107421875 -0.103668212890625 0.229721069335937
0.446258544921875 -0.135406494140625 -0.168594360351562 0.174148559570313
0.486785888671875 0.200714111328125 -0.206497192382812 -0.0137481689453125
0.1741943359375 0.62628173828125 -0.112602233886719 -0.140052795410156
-0.16607666015625 0.6279296875 0.0821456909179687 -0.0606307983398437
-0.5042724609375 0.6109619140625 0.02386474609375 0.071929931640625
-0.30035400390625 0.5299072265625 -0.433990478515625 0.379058837890625
-0.04156494140625 0.52520751953125 -0.105865478515625 0.38031005859375
0.272705078125 0.423583984375 0.0703125 0.121597290039063
0.376251220703125 0.11865234375 -0.0448379516601562 0.0437355041503906
0.350830078125 -0.106231689453125 -0.107322692871094 0.120079040527344
0.189804077148438 -0.273971557617188 -0.13458251953125 0.239120483398437
0.07037353515625 -0.305206298828125 -0.024749755859375 0.33990478515625
0.107452392578125 -0.320098876953125 0.025848388671875 0.36541748046875
0.098876953125 -0.326812744140625 0.00289916992187503 0.36810302734375
0.2005615234375 -0.208145141601562 -0.1500244140625 0.3204345703125
0.31072998046875 -0.065460205078125 -0.214263916015625 0.199432373046875
0.307281494140625 0.163360595703125 -0.221145629882812 0.0157318115234375
0.08184814453125 0.434600830078125 -0.0989532470703125 -0.0857772827148437
-0.136749267578125 0.425628662109375 0.0560302734375 0.0712051391601563
-0.377960205078125 0.449920654296875 -0.128707885742188 0.230850219726563
-0.129791259765625 0.30389404296875 -0.52130126953125 0.523681640625
0.016876220703125 0.28692626953125 -0.129180908203125 0.498382568359375
0.15167236328125 0.18670654296875 0.055206298828125 0.155120849609375
0.174072265625 0.03375244140625 -0.0604705810546875 0.0726089477539063
0.157623291015625 -0.0481109619140625 -0.14642333984375 0.13604736328125
0.102867126464844 -0.127174377441406 -0.163604736328125 0.296630859375
0.0555572509765625 -0.137458801269531 -0.024200439453125 0.43084716796875
0.0699005126953125 -0.1495361328125 0.02410888671875 0.44427490234375
0.0805206298828125 -0.154953002929688 -0.011810302734375 0.4476318359375
0.116905212402344 -0.0726547241210938 -0.178436279296875 0.35870361328125
0.144821166992188 0.003448486328125 -0.235946655273438 0.188674926757812
0.107574462890625 0.0998764038085938 -0.214874267578125 0.0277252197265625
0.000488281249999978 0.19635009765625 -0.078094482421875 -0.048553466796875
-0.078643798828125 0.183059692382812 0.028289794921875 0.156021118164063
-0.1956787109375 0.232894897460938 -0.23541259765625 0.33636474609375
-0.068267822265625 0.00147247314453126 0.241790771484375 -0.4644775390625
-0.0274658203125 0.0542869567871094 -0.00942993164062498 -0.268173217773438
0.0565261840820313 0.0579910278320313 0.0435638427734375 0.0437469482421875
0.0799179077148438 0.00554656982421875 0.194869995117188 0.00042724609375
0.0412979125976562 -0.0657539367675781 0.257965087890625 -0.134033203125
-0.0354347229003906 -0.05657958984375 0.19573974609375 -0.346221923828125
-0.0539131164550781 -0.0480117797851562 -0.002655029296875 -0.47479248046875
-0.029998779296875 -0.0387382507324219 -0.04541015625 -0.468109130859375
-0.0467605590820313 -0.0215110778808594 -0.00225830078124997 -0.463134765625
-0.005340576171875 -0.045562744140625 0.142730712890625 -0.352996826171875
0.0372657775878906 -0.0229682922363281 0.1376953125 -0.16778564453125
0.0531578063964844 0.0330963134765625 0.0560531616210938 -0.129890441894531
-0.0256118774414063 0.0402641296386719 -0.0189208984375 -0.238922119140625
-0.0372276306152344 0.00518417358398437 0.090362548828125 -0.50262451171875
-0.0235481262207031 -0.0501747131347656 0.5960693359375 -0.56201171875
-0.244842529296875 0.256591796875 0.209808349609375 -0.44757080078125
-0.09783935546875 0.283660888671875 -0.011260986328125 -0.2640380859375
0.13751220703125 0.281585693359375 0.0482177734375 0.0322914123535156
0.241958618164063 0.0998077392578125 0.169143676757813 -0.00477600097656249
0.219375610351562 -0.0979156494140625 0.239578247070312 -0.105850219726562
0.0641632080078125 -0.19488525390625 0.17730712890625 -0.304901123046875
-0.02716064453125 -0.224044799804688 -0.00354003906249997 -0.428741455078125
0.0164947509765625 -0.2322998046875 -0.033599853515625 -0.411865234375
-0.0144805908203125 -0.2255859375 0.00558471679687495 -0.412628173828125
0.099212646484375 -0.199127197265625 0.119232177734375 -0.300933837890625
0.22698974609375 -0.09808349609375 0.106315612792969 -0.126190185546875
0.272262573242188 0.100936889648438 0.0163726806640625 -0.140357971191406
0.0745849609375 0.305023193359375 -0.0388641357421875 -0.263259887695313
-0.090362548828125 0.28662109375 0.1087646484375 -0.5167236328125
-0.222457885742188 0.234085083007813 0.581787109375 -0.55474853515625
-0.386383056640625 0.482635498046875 0.12188720703125 -0.362518310546875
-0.14288330078125 0.49237060546875 -0.0250396728515625 -0.206039428710937
0.225006103515625 0.475341796875 0.06121826171875 0.0290298461914063
0.393341064453125 0.175079345703125 0.140449523925781 -0.0141754150390625
0.377716064453125 -0.129974365234375 0.197738647460938 -0.0753631591796875
0.15411376953125 -0.3135986328125 0.132049560546875 -0.232284545898438
0.00207519531249999 -0.36944580078125 -0.00854492187499998 -0.32159423828125
0.059234619140625 -0.39093017578125 -0.016876220703125 -0.290252685546875
0.0185546875 -0.394927978515625 0.013153076171875 -0.29669189453125
0.188934326171875 -0.3245849609375 0.07379150390625 -0.197265625
0.3883056640625 -0.162567138671875 0.0488319396972656 -0.0599746704101563
0.46258544921875 0.154632568359375 -0.0438690185546875 -0.133003234863281
0.1732177734375 0.53717041015625 -0.0694732666015625 -0.270370483398437
-0.1278076171875 0.536163330078125 0.11383056640625 -0.478668212890625
-0.391387939453125 0.486602783203125 0.50128173828125 -0.472015380859375
-0.468017578125 0.6502685546875 -0.00642395019531253 -0.214584350585937
-0.15008544921875 0.6590576171875 -0.0432662963867187 -0.0931930541992187
0.32086181640625 0.61328125 0.0786666870117188 0.03619384765625
0.5201416015625 0.213714599609375 0.10302734375 -0.0200042724609375
0.495849609375 -0.16143798828125 0.133598327636719 -0.0352630615234375
0.21978759765625 -0.40093994140625 0.0673446655273438 -0.125343322753906
0.02923583984375 -0.46343994140625 -0.0138702392578125 -0.166900634765625
0.094329833984375 -0.49078369140625 0.0026702880859375 -0.125747680664063
0.04852294921875 -0.5015869140625 0.0209274291992188 -0.132034301757813
0.24969482421875 -0.398345947265625 0.0171279907226563 -0.0551338195800781
0.49542236328125 -0.203338623046875 -0.0238552093505859 0.0259208679199219
0.591064453125 0.18511962890625 -0.112510681152344 -0.10235595703125
0.24786376953125 0.69000244140625 -0.0996856689453125 -0.247604370117187
-0.1470947265625 0.706787109375 0.1112060546875 -0.375946044921875
-0.50250244140625 0.6585693359375 0.367828369140625 -0.3214111328125
-0.4775390625 0.730712890625 -0.156051635742188 -0.0172882080078125
-0.122802734375 0.74114990234375 -0.0603866577148438 0.0633010864257813
0.3858642578125 0.660400390625 0.0905075073242188 0.055450439453125
0.581787109375 0.2113037109375 0.0542564392089844 -0.0118064880371094
0.5418701171875 -0.182403564453125 0.0509223937988282 0.0185585021972656
0.25079345703125 -0.43115234375 -0.00749158859252928 0.00694322586059568
0.0491943359374999 -0.486785888671875 -0.0169286727905273 0.0174732208251953
0.11334228515625 -0.514923095703125 0.0210494995117188 0.058074951171875
0.071136474609375 -0.527252197265625 0.0265426635742188 0.0550994873046875
0.27197265625 -0.404144287109375 -0.0422134399414062 0.100837707519531
0.51654052734375 -0.20123291015625 -0.0988540649414062 0.115386962890625
0.60931396484375 0.195556640625 -0.173538208007812 -0.054962158203125
0.26361083984375 0.7283935546875 -0.117416381835938 -0.19921875
-0.152099609375 0.74774169921875 0.100357055664062 -0.227523803710937
-0.54034423828125 0.71563720703125 0.201034545898437 -0.12677001953125
-0.41534423828125 0.70074462890625 -0.303741455078125 0.2012939453125
-0.07366943359375 0.70367431640625 -0.0755767822265625 0.237503051757813
0.3837890625 0.59521484375 0.089752197265625 0.084136962890625
0.53961181640625 0.171173095703125 -0.00018215179443356 0.0111494064331055
0.4947509765625 -0.171417236328125 -0.0355072021484375 0.078155517578125
0.237396240234375 -0.39447021484375 -0.077056884765625 0.14361572265625
0.059722900390625 -0.435699462890625 -0.0160980224609375 0.200271606445312
0.112457275390625 -0.460662841796875 0.035125732421875 0.233291625976562
0.085693359375 -0.46893310546875 0.02716064453125 0.233245849609375
0.253936767578125 -0.338348388671875 -0.096466064453125 0.239608764648437
0.45025634765625 -0.1529541015625 -0.1650390625 0.183242797851563
0.508087158203125 0.18719482421875 -0.212997436523437 -0.00729370117187494
0.20587158203125 0.63519287109375 -0.116912841796875 -0.137321472167969
-0.1500244140625 0.646484375 0.0856781005859375 -0.0674057006835937
-0.4935302734375 0.64678955078125 0.028045654296875 0.0722122192382813
-0.28863525390625 0.55316162109375 -0.43023681640625 0.40185546875
-0.023773193359375 0.54132080078125 -0.0940246582031251 0.39508056640625
0.2965087890625 0.42523193359375 0.0774002075195313 0.119400024414063
0.390716552734375 0.108245849609375 -0.0424461364746094 0.0438346862792969
0.355804443359375 -0.123199462890625 -0.106826782226562 0.123870849609375
0.184051513671875 -0.28753662109375 -0.13031005859375 0.252212524414063
0.061553955078125 -0.31439208984375 -0.012359619140625 0.35205078125
0.09600830078125 -0.334381103515625 0.04412841796875 0.37322998046875
0.087158203125 -0.339202880859375 0.0203857421875 0.373931884765625
0.198165893554688 -0.219711303710938 -0.1409912109375 0.33477783203125
0.31353759765625 -0.07763671875 -0.211196899414062 0.210708618164062
0.320068359375 0.1551513671875 -0.225448608398437 0.0238342285156251
0.103363037109375 0.441802978515625 -0.101249694824219 -0.0830001831054687
-0.1265869140625 0.4393310546875 0.0622749328613281 0.0675163269042969
-0.371337890625 0.47723388671875 -0.123153686523438 0.238662719726563
-0.123748779296875 0.316741943359375 -0.513214111328125 0.552581787109375
0.027496337890625 0.2943115234375 -0.112945556640625 0.51470947265625
0.163375854492187 0.188125610351562 0.06231689453125 0.155975341796875
0.18017578125 0.0294036865234375 -0.0564727783203125 0.07470703125
0.160598754882813 -0.0561981201171875 -0.14678955078125 0.1417236328125
0.101341247558594 -0.134193420410156 -0.159271240234375 0.31341552734375
0.051910400390625 -0.142868041992188 -0.00808715820312502 0.44573974609375
0.0650177001953125 -0.1563720703125 0.044525146484375 0.455963134765625
0.0756683349609375 -0.162506103515625 0.00939941406250003 0.45758056640625
0.117179870605469 -0.078094482421875 -0.168426513671875 0.37640380859375
0.146163940429688 -0.0020599365234375 -0.234573364257812 0.200286865234375
0.113227844238281 0.0982666015625 -0.216903686523438 0.0365142822265625
0.0105438232421875 0.200439453125 -0.0788040161132813 -0.045928955078125
-0.0746917724609375 0.190261840820312 0.0367279052734375 0.155014038085938
-0.192764282226562 0.248489379882813 -0.228759765625 0.349639892578125
-0.0685043334960937 0.00532531738281249 0.216583251953125 -0.48114013671875
-0.0256576538085937 0.0555496215820313 -0.0273590087890625 -0.269866943359375
0.0574493408203125 0.0537872314453125 0.0449943542480469 0.0391387939453125
0.0797805786132813 0.00066375732421875 0.194351196289063 -0.0101165771484375
0.0371894836425781 -0.0676460266113281 0.25384521484375 -0.149139404296875
-0.0389862060546875 -0.0526771545410156 0.17974853515625 -0.36328125
-0.0570068359375 -0.0449447631835938 -0.03131103515625 -0.480926513671875
-0.0318870544433594 -0.0380096435546875 -0.076507568359375 -0.470794677734375
-0.0467376708984375 -0.0175209045410156 -0.031982421875 -0.467926025390625
-0.00823211669921875 -0.0444793701171875 0.12408447265625 -0.369049072265625
0.0357856750488281 -0.0259170532226563 0.13201904296875 -0.176605224609375
0.0557060241699219 0.0287513732910156 0.046539306640625 -0.133781433105469
-0.0241279602050781 0.0430259704589844 -0.0350799560546875 -0.237396240234375
-0.0360069274902344 0.00603866577148437 0.06396484375 -0.50799560546875
-0.0250167846679687 -0.0502052307128906 0.57269287109375 -0.59210205078125
-0.232833862304687 0.271316528320313 0.18634033203125 -0.46112060546875
-0.083831787109375 0.29022216796875 -0.0294647216796875 -0.265457153320313
0.152481079101562 0.273895263671875 0.0491905212402344 0.0261268615722656
0.248443603515625 0.0868988037109375 0.16796875 -0.0148468017578125
0.214279174804687 -0.111434936523437 0.236114501953125 -0.119766235351563
0.0536041259765625 -0.197341918945312 0.163726806640625 -0.318817138671875
-0.0390167236328125 -0.22314453125 -0.03033447265625 -0.432525634765625
0.00291442871093748 -0.237274169921875 -0.061309814453125 -0.4136962890625
-0.026275634765625 -0.225631713867188 -0.021453857421875 -0.41888427734375
0.0888214111328125 -0.205673217773437 0.1038818359375 -0.313995361328125
0.223846435546875 -0.11163330078125 0.103561401367188 -0.133415222167969
0.281402587890625 0.085540771484375 0.00561523437500001 -0.142257690429688
0.09295654296875 0.305694580078125 -0.05523681640625 -0.26123046875
-0.076019287109375 0.292633056640625 0.083465576171875 -0.524993896484375
-0.21099853515625 0.248611450195313 0.55889892578125 -0.58575439453125
-0.361602783203125 0.505767822265625 0.101837158203125 -0.371368408203125
-0.116668701171875 0.503692626953125 -0.0404052734375 -0.205474853515625
0.252838134765625 0.46539306640625 0.0620346069335938 0.0206260681152344
0.4051513671875 0.154022216796875 0.139152526855469 -0.0235977172851562
0.372528076171875 -0.15191650390625 0.195831298828125 -0.0873260498046875
0.137359619140625 -0.3223876953125 0.121307373046875 -0.242828369140625
-0.01788330078125 -0.371490478515625 -0.0294189453125 -0.322845458984375
0.036865234375 -0.40167236328125 -0.036773681640625 -0.293670654296875
-0.00354003906250003 -0.399017333984375 -0.00701904296875001 -0.3038330078125
0.172637939453125 -0.33709716796875 0.063140869140625 -0.205764770507813
0.384185791015625 -0.184906005859375 0.0496597290039063 -0.0635528564453125
0.476959228515625 0.127349853515625 -0.0550994873046875 -0.131919860839844
0.20660400390625 0.533782958984375 -0.0844573974609375 -0.266876220703125
-0.10302734375 0.548797607421875 0.091522216796875 -0.485870361328125
-0.3663330078125 0.513031005859375 0.484039306640625 -0.49920654296875
-0.4346923828125 0.68267822265625 -0.0193328857421875 -0.21533203125
-0.11346435546875 0.672119140625 -0.0519027709960938 -0.0906600952148437
0.3575439453125 0.5972900390625 0.07952880859375 0.0263824462890625
0.536651611328125 0.186859130859375 0.102073669433594 -0.028533935546875
0.49078369140625 -0.191619873046875 0.132675170898438 -0.0452880859375
0.198394775390625 -0.413330078125 0.06103515625 -0.130126953125
0.00262451171874999 -0.467376708984375 -0.02587890625 -0.165023803710938
0.06610107421875 -0.5057373046875 -0.00646972656250001 -0.129043579101563
0.0191955566406249 -0.508209228515625 0.0120620727539062 -0.139312744140625
0.23065185546875 -0.415557861328125 0.01434326171875 -0.058135986328125
0.488311767578125 -0.23162841796875 -0.0194721221923828 0.0267086029052734
0.60662841796875 0.1536865234375 -0.122177124023437 -0.0986328125
0.2933349609375 0.68438720703125 -0.11224365234375 -0.242767333984375
-0.11279296875 0.71966552734375 0.0950927734375 -0.385040283203125
-0.47210693359375 0.694091796875 0.355804443359375 -0.341217041015625
-0.4415283203125 0.76318359375 -0.158676147460938 -0.00958251953124995
-0.08056640625 0.75543212890625 -0.0590171813964844 0.0682868957519532
0.42840576171875 0.64251708984375 0.093902587890625 0.045562744140625
0.59881591796875 0.18048095703125 0.0542564392089844 -0.0183258056640625
0.53582763671875 -0.2156982421875 0.0516929626464844 0.0131187438964844
0.22698974609375 -0.447723388671875 -0.0075697898864746 0.00822544097900388
0.023040771484375 -0.4935302734375 -0.0177268981933594 0.0217819213867187
0.082489013671875 -0.53076171875 0.0242195129394531 0.0555763244628906
0.04193115234375 -0.535186767578125 0.029541015625 0.049163818359375
0.252685546875 -0.420989990234375 -0.0360641479492187 0.103935241699219
0.509490966796875 -0.23114013671875 -0.09161376953125 0.120758056640625
0.6259765625 0.16229248046875 -0.180648803710938 -0.04669189453125
0.31085205078125 0.7205810546875 -0.12652587890625 -0.192977905273437
-0.1160888671875 0.76312255859375 0.0920562744140625 -0.23651123046875
-0.5057373046875 0.75347900390625 0.197479248046875 -0.137725830078125
-0.3779296875 0.73052978515625 -0.2950439453125 0.218536376953125
-0.0358276367187499 0.71588134765625 -0.06298828125 0.244766235351563
0.42181396484375 0.57843017578125 0.0955429077148438 0.0761947631835938
0.55487060546875 0.142974853515625 0.00217819213867191 0.00778961181640626
0.48907470703125 -0.202392578125 -0.0326919555664062 0.0778732299804687
0.215911865234375 -0.41082763671875 -0.0701751708984375 0.150619506835937
0.037200927734375 -0.443206787109375 -0.00524902343749999 0.20599365234375
0.0859375 -0.473968505859375 0.0500030517578125 0.23199462890625
0.057861328125 -0.4798583984375 0.042205810546875 0.229644775390625
0.2371826171875 -0.353485107421875 -0.083526611328125 0.248046875
0.445037841796875 -0.178253173828125 -0.154769897460937 0.192428588867188
0.522216796875 0.160003662109375 -0.216903686523437 0.00332641601562499
0.24676513671875 0.6307373046875 -0.12200927734375 -0.132217407226563
-0.118408203125 0.66131591796875 0.0845413208007812 -0.0754623413085937
-0.46270751953125 0.682861328125 0.0331497192382812 0.070526123046875
-0.26300048828125 0.57427978515625 -0.409698486328125 0.42706298828125
0.00546264648437499 0.5491943359375 -0.07275390625 0.4052734375
0.326019287109375 0.414215087890625 0.085418701171875 0.113876342773438
0.401824951171875 0.08837890625 -0.0378303527832031 0.0431060791015625
0.35223388671875 -0.147003173828125 -0.10260009765625 0.128135681152344
0.16912841796875 -0.30145263671875 -0.119293212890625 0.264816284179687
0.04620361328125 -0.32086181640625 0.00738525390625004 0.35894775390625
0.076202392578125 -0.344818115234375 0.06768798828125 0.37298583984375
0.0673828125 -0.348480224609375 0.044586181640625 0.37298583984375
0.188385009765625 -0.230926513671875 -0.12274169921875 0.347625732421875
0.310943603515625 -0.09375 -0.201858520507813 0.223007202148438
0.331756591796875 0.13873291015625 -0.22601318359375 0.0356292724609375
0.13275146484375 0.439239501953125 -0.102615356445313 -0.0785293579101562
-0.10662841796875 0.44964599609375 0.0686111450195313 0.0608482360839844
-0.35089111328125 0.504791259765625 -0.111831665039062 0.245269775390625
-0.108917236328125 0.326751708984375 -0.4866943359375 0.58453369140625
0.043365478515625 0.295745849609375 -0.084625244140625 0.527069091796875
0.1768798828125 0.184158325195313 0.0720977783203125 0.153778076171875
0.184967041015625 0.0206756591796875 -0.0507354736328125 0.0755157470703125
0.159591674804688 -0.0665283203125 -0.142303466796875 0.149185180664063
0.0944671630859375 -0.14263916015625 -0.146148681640625 0.327789306640625
0.045257568359375 -0.146697998046875 0.0186462402343751 0.452789306640625
0.0555877685546875 -0.162704467773438 0.0745849609375 0.4569091796875
0.06536865234375 -0.16973876953125 0.038818359375 0.45928955078125
0.114601135253906 -0.0848464965820313 -0.147735595703125 0.390655517578125
0.146484375 -0.0091400146484375 -0.227325439453125 0.214202880859375
0.119056701660156 0.092376708984375 -0.215072631835938 0.0485382080078125
0.023529052734375 0.201202392578125 -0.0791854858398437 -0.0421676635742187
-0.0656890869140625 0.195968627929688 0.046600341796875 0.150115966796875
-0.181854248046875 0.263336181640625 -0.212432861328125 0.361907958984375
-0.0659065246582031 0.00860977172851563 0.1890869140625 -0.484100341796875
-0.0231590270996094 0.0553398132324219 -0.0442657470703125 -0.263748168945313
0.0572395324707031 0.0493888854980469 0.0450057983398438 0.0342254638671875
0.0777740478515625 -0.00374603271484375 0.187881469726563 -0.019775390625
0.0322380065917969 -0.0679054260253906 0.243255615234375 -0.160659790039062
-0.0405158996582031 -0.0471725463867187 0.15899658203125 -0.370941162109375
-0.05902099609375 -0.0397720336914062 -0.05975341796875 -0.472320556640625
-0.0334091186523438 -0.0363273620605469 -0.105224609375 -0.45867919921875
-0.0445327758789063 -0.013916015625 -0.0595703125 -0.459228515625
-0.0108375549316406 -0.0428466796875 0.10205078125 -0.372833251953125
0.0338764190673828 -0.0283489227294922 0.123153686523438 -0.180267333984375
0.0563888549804687 0.0239486694335938 0.0365676879882813 -0.1328125
-0.0217323303222656 0.0443649291992188 -0.0495147705078125 -0.229446411132812
-0.0337390899658203 0.00589942932128907 0.03680419921875 -0.500274658203125
-0.0258560180664063 -0.0497550964355469 0.53643798828125 -0.60552978515625
-0.213958740234375 0.2786865234375 0.158294677734375 -0.460479736328125
-0.067138671875 0.28826904296875 -0.046234130859375 -0.258529663085938
0.1627197265625 0.260162353515625 0.04815673828125 0.0194931030273438
0.248458862304688 0.07244873046875 0.162033081054688 -0.0240020751953125
0.203857421875 -0.120651245117188 0.227188110351563 -0.130996704101563
0.0422821044921875 -0.19378662109375 0.145660400390625 -0.326690673828125
-0.0502166748046875 -0.216888427734375 -0.056488037109375 -0.425201416015625
-0.0103759765625 -0.236923217773438 -0.086944580078125 -0.404296875
-0.037261962890625 -0.22039794921875 -0.048187255859375 -0.41387939453125
0.0760345458984375 -0.206863403320313 0.08441162109375 -0.31854248046875
0.214523315429688 -0.122833251953125 0.0981521606445313 -0.137367248535156
0.282470703125 0.067474365234375 -0.00545501708984374 -0.139480590820312
0.10894775390625 0.297210693359375 -0.068939208984375 -0.25244140625
-0.05914306640625 0.291961669921875 0.056365966796875 -0.51885986328125
-0.194488525390625 0.255569458007813 0.5247802734375 -0.60113525390625
-0.328765869140625 0.51666259765625 0.080291748046875 -0.36920166015625
-0.08917236328125 0.5001220703125 -0.0536041259765625 -0.199127197265625
0.272979736328125 0.441253662109375 0.060577392578125 0.0129661560058594
0.4053955078125 0.130767822265625 0.1336669921875 -0.0317611694335937
0.35675048828125 -0.169921875 0.18896484375 -0.09765625
0.117340087890625 -0.321502685546875 0.107101440429688 -0.247390747070313
-0.037017822265625 -0.3642578125 -0.04913330078125 -0.315673828125
0.013427734375 -0.401153564453125 -0.055816650390625 -0.288421630859375
-0.025421142578125 -0.392974853515625 -0.027069091796875 -0.302276611328125
0.152587890625 -0.339691162109375 0.0514678955078125 -0.208892822265625
0.36865234375 -0.2034912109375 0.0490646362304688 -0.0665435791015625
0.478759765625 0.09979248046875 -0.065155029296875 -0.126838684082031
0.235870361328125 0.51611328125 -0.0966339111328125 -0.256301879882812
-0.074066162109375 0.54595947265625 0.067413330078125 -0.48236083984375
-0.335113525390625 0.52447509765625 0.454437255859375 -0.51190185546875
-0.39111328125 0.69183349609375 -0.030853271484375 -0.21002197265625
-0.0756835937500001 0.66790771484375 -0.0580368041992188 -0.0852890014648437
0.38360595703125 0.567626953125 0.07879638671875 0.0176773071289063
0.536956787109375 0.154754638671875 0.097900390625 -0.0359344482421875
0.470794677734375 -0.21710205078125 0.128486633300781 -0.0533828735351563
0.17236328125 -0.41510009765625 0.0536041259765625 -0.132133483886719
-0.0205078125 -0.460479736328125 -0.03564453125 -0.158782958984375
0.0350341796875 -0.505401611328125 -0.0160903930664063 -0.127937316894531
-0.00973510742187495 -0.503082275390625 0.000442504882812499 -0.1419677734375
0.2049560546875 -0.419097900390625 0.0117607116699219 -0.0600929260253906
0.470001220703125 -0.25335693359375 -0.0147209167480468 0.0257949829101562
0.6077880859375 0.1170654296875 -0.129852294921875 -0.0904159545898437
0.328857421875 0.66009521484375 -0.121185302734375 -0.232757568359375
-0.07647705078125 0.71600341796875 0.0755615234375 -0.385009765625
-0.42706298828125 0.70855712890625 0.334991455078125 -0.352874755859375
-0.39471435546875 0.775634765625 -0.15667724609375 -0.00059509277343748
-0.039306640625 0.74822998046875 -0.05584716796875 0.0714950561523438
0.45831298828125 0.60894775390625 0.0942001342773438 0.035614013671875
0.59942626953125 0.14678955078125 0.0522422790527344 -0.0252532958984375
0.51641845703125 -0.243377685546875 0.0513420104980469 0.00864028930664061
0.19964599609375 -0.451263427734375 -0.00636291503906249 0.00899505615234372
-0.00259399414062497 -0.486572265625 -0.0168952941894531 0.0255756378173828
0.0495605468750001 -0.531707763671875 0.0259666442871094 0.051910400390625
0.00979614257812499 -0.531097412109375 0.0297164916992188 0.0427932739257812
0.226806640625 -0.429107666015625 -0.0290145874023437 0.104545593261719
0.490936279296875 -0.2542724609375 -0.0814590454101562 0.122703552246094
0.6270751953125 0.1256103515625 -0.183792114257812 -0.037506103515625
0.3485107421875 0.6943359375 -0.131500244140625 -0.183425903320312
-0.07806396484375 0.758056640625 0.080841064453125 -0.240020751953125
-0.4586181640625 0.77117919921875 0.188262939453125 -0.146270751953125
-0.33599853515625 0.73773193359375 -0.27838134765625 0.229415893554688
0.00311279296874992 0.7061767578125 -0.0489654541015625 0.246261596679688
0.450469970703125 0.54833984375 0.0984725952148438 0.0662841796875
0.554840087890625 0.11029052734375 0.00370502471923831 0.00297307968139649
0.471466064453125 -0.228485107421875 -0.029144287109375 0.0763778686523437
0.19085693359375 -0.41552734375 -0.061309814453125 0.154159545898438
0.013671875 -0.438446044921875 0.00662231445312499 0.207992553710937
0.056640625 -0.47589111328125 0.06298828125 0.224319458007812
0.02764892578125 -0.476226806640625 0.0534515380859375 0.219696044921875
0.21527099609375 -0.360107421875 -0.0668792724609375 0.24993896484375
0.429107666015625 -0.197967529296875 -0.141632080078125 0.1966552734375
0.52410888671875 0.13018798828125 -0.215133666992187 0.014007568359375
0.28070068359375 0.60723876953125 -0.12359619140625 -0.124244689941406
-0.08599853515625 0.6580810546875 0.081939697265625 -0.0824508666992187
-0.42138671875 0.69964599609375 0.0355186462402343 0.0662155151367188
-0.23016357421875 0.5809326171875 -0.38006591796875 0.440460205078125
0.034271240234375 0.54156494140625 -0.048004150390625 0.40435791015625
0.345611572265625 0.391204833984375 0.0905838012695313 0.10516357421875
0.4017333984375 0.065704345703125 -0.0337562561035156 0.0403938293457031
0.34033203125 -0.1651611328125 -0.0959625244140625 0.129707336425781
0.151123046875 -0.30572509765625 -0.103469848632812 0.270477294921875
0.029541015625 -0.318817138671875 0.029510498046875 0.357635498046875
0.05511474609375 -0.346527099609375 0.089935302734375 0.363311767578125
0.044952392578125 -0.347320556640625 0.066162109375 0.361297607421875
0.173614501953125 -0.236541748046875 -0.099517822265625 0.351165771484375
0.301483154296875 -0.107940673828125 -0.18707275390625 0.229690551757812
0.334320068359375 0.118896484375 -0.220977783203125 0.046356201171875
0.156280517578125 0.424652099609375 -0.101768493652344 -0.0728912353515625
-0.082733154296875 0.44866943359375 0.072357177734375 0.0522689819335938
-0.319427490234375 0.516693115234375 -0.098297119140625 0.24462890625
-0.091461181640625 0.328643798828125 -0.44793701171875 0.59649658203125
0.057037353515625 0.2901611328125 -0.053619384765625 0.5234375
0.186660766601562 0.173233032226562 0.0803985595703125 0.147674560546875
0.184616088867187 0.010986328125 -0.0449066162109375 0.07373046875
0.15509033203125 -0.075927734375 -0.133773803710938 0.1529541015625
0.0852813720703125 -0.1466064453125 -0.1275634765625 0.33538818359375
0.0387420654296875 -0.1474609375 0.04571533203125 0.4501953125
0.045135498046875 -0.163833618164063 0.10137939453125 0.4464111328125
0.05303955078125 -0.17205810546875 0.066558837890625 0.447479248046875
0.1082763671875 -0.0891494750976563 -0.123199462890625 0.394683837890625
0.142776489257813 -0.0154876708984375 -0.213027954101563 0.222976684570313
0.122512817382812 0.0846099853515625 -0.207855224609375 0.058563232421875
0.0361480712890625 0.195220947265625 -0.0775985717773438 -0.0387725830078125
-0.0550537109375 0.196304321289063 0.0544586181640625 0.14080810546875
-0.165267944335937 0.271255493164062 -0.1927490234375 0.363922119140625
-0.0625152587890625 0.0104179382324219 0.1663818359375 -0.476715087890625
-0.0214500427246094 0.0541152954101563 -0.0549163818359375 -0.254119873046875
0.0550613403320313 0.0459556579589844 0.0431709289550781 0.0307769775390625
0.075103759765625 -0.00550079345703125 0.180770874023438 -0.0248260498046875
0.0279083251953125 -0.0659065246582031 0.233566284179687 -0.164535522460938
-0.0401687622070313 -0.042724609375 0.143890380859375 -0.3697509765625
-0.0582313537597656 -0.0358543395996094 -0.077789306640625 -0.4599609375
-0.0340690612792969 -0.0347976684570313 -0.1219482421875 -0.442657470703125
-0.0421524047851563 -0.0115013122558594 -0.07666015625 -0.44580078125
-0.0125885009765625 -0.0409507751464844 0.085418701171875 -0.370147705078125
0.0316696166992188 -0.0298748016357422 0.116561889648438 -0.1798095703125
0.0554237365722656 0.0203819274902344 0.0293731689453125 -0.127937316894531
-0.0193328857421875 0.0440139770507813 -0.0577850341796875 -0.2191162109375
-0.0319137573242188 0.00433349609375 0.0208740234375 -0.484771728515625
-0.0256881713867188 -0.0486564636230469 0.50836181640625 -0.603271484375
-0.197982788085938 0.277099609375 0.13909912109375 -0.453033447265625
-0.0560302734375 0.282012939453125 -0.056427001953125 -0.24847412109375
0.165573120117188 0.247589111328125 0.0457649230957031 0.0149574279785156
0.24310302734375 0.0627288818359375 0.155426025390625 -0.0290374755859375
0.193710327148438 -0.124008178710938 0.218582153320313 -0.135482788085938
0.0353546142578125 -0.18756103515625 0.131622314453125 -0.32525634765625
-0.055450439453125 -0.208999633789063 -0.07183837890625 -0.411407470703125
-0.0193939208984375 -0.232803344726563 -0.10247802734375 -0.39141845703125
-0.0426483154296875 -0.213150024414063 -0.0650634765625 -0.40301513671875
0.067413330078125 -0.202865600585938 0.069793701171875 -0.31610107421875
0.205795288085938 -0.127639770507813 0.0942916870117188 -0.137901306152344
0.277877807617188 0.0551300048828125 -0.0123519897460937 -0.134132385253906
0.11810302734375 0.28631591796875 -0.075225830078125 -0.241180419921875
-0.049652099609375 0.28521728515625 0.041351318359375 -0.503448486328125
-0.1798095703125 0.254898071289063 0.4976806640625 -0.59600830078125
-0.3018798828125 0.5115966796875 0.065277099609375 -0.360015869140625
-0.071441650390625 0.488128662109375 -0.0615386962890625 -0.18951416015625
0.2801513671875 0.42047119140625 0.0576667785644531 0.0076713562011719
0.398590087890625 0.1148681640625 0.127914428710938 -0.0374374389648437
0.341064453125 -0.178131103515625 0.18182373046875 -0.1025390625
0.104034423828125 -0.3145751953125 0.096954345703125 -0.245803833007813
-0.047576904296875 -0.35272216796875 -0.060272216796875 -0.303955078125
-0.00326538085937497 -0.395263671875 -0.0685272216796875 -0.279129028320313
-0.037200927734375 -0.381744384765625 -0.041290283203125 -0.295379638671875
0.13726806640625 -0.334686279296875 0.0424957275390625 -0.207412719726563
0.3536376953125 -0.21112060546875 0.0482597351074219 -0.0677719116210938
0.471527099609375 0.08038330078125 -0.0713729858398437 -0.120292663574219
0.24798583984375 0.495819091796875 -0.100845336914062 -0.245834350585938
-0.05572509765625 0.5340576171875 0.052978515625 -0.470794677734375
-0.309844970703125 0.521881103515625 0.4302978515625 -0.5107421875
-0.35675048828125 0.68499755859375 -0.0360107421875 -0.20233154296875
-0.0538330078124999 0.650634765625 -0.061370849609375 -0.0789413452148437
0.39495849609375 0.5391845703125 0.0760116577148438 0.0107040405273438
0.526580810546875 0.134002685546875 0.0927734375 -0.0407867431640625
0.4486083984375 -0.22845458984375 0.123451232910156 -0.057159423828125
0.154388427734375 -0.408355712890625 0.0481185913085938 -0.131278991699219
-0.03424072265625 -0.44757080078125 -0.040802001953125 -0.151016235351563
0.014068603515625 -0.497772216796875 -0.0226287841796875 -0.125404357910156
-0.0264892578125 -0.488861083984375 -0.00859069824218752 -0.1412353515625
0.186126708984375 -0.414154052734375 0.00940704345703126 -0.059906005859375
0.451446533203125 -0.263580322265625 -0.0112762451171875 0.0238838195800781
0.59783935546875 0.0933837890625 -0.133125305175781 -0.0833816528320312
0.34368896484375 0.63189697265625 -0.122802734375 -0.22283935546875
-0.0533447265625 0.69989013671875 0.06365966796875 -0.378631591796875
-0.3939208984375 0.70318603515625 0.31878662109375 -0.35101318359375
-0.35595703125 0.76678466796875 -0.152114868164063 0.00471496582031257
-0.0139770507812501 0.72991943359375 -0.0524444580078125 0.0737686157226563
0.46954345703125 0.5765380859375 0.0916748046875 0.0281448364257813
0.58892822265625 0.12310791015625 0.0492744445800782 -0.0297584533691406
0.49420166015625 -0.256317138671875 0.0500259399414063 0.00410842895507811
0.178497314453125 -0.4451904296875 -0.00517272949218749 0.010106086730957
-0.01739501953125 -0.475860595703125 -0.0141716003417969 0.0283279418945312
0.027191162109375 -0.524261474609375 0.0255317687988281 0.0488357543945312
-0.010162353515625 -0.5177001953125 0.0273208618164063 0.0366096496582031
0.205963134765625 -0.422698974609375 -0.0235671997070312 0.10260009765625
0.470489501953125 -0.262603759765625 -0.0740585327148438 0.120704650878906
0.6148681640625 0.1014404296875 -0.184051513671875 -0.0300750732421875
0.3641357421875 0.66412353515625 -0.131454467773438 -0.175079345703125
-0.0535278320312499 0.7430419921875 0.0735015869140625 -0.23883056640625
-0.42230224609375 0.76483154296875 0.179168701171875 -0.147369384765625
-0.30279541015625 0.73095703125 -0.261825561523437 0.230606079101563
0.02642822265625 0.6904296875 -0.0389404296875 0.242584228515625
0.460052490234375 0.5172119140625 0.0980072021484375 0.0584945678710938
0.54595947265625 0.090179443359375 0.00263977050781253 -0.00133752822875976
0.45166015625 -0.24090576171875 -0.0269775390625 0.073211669921875
0.172271728515625 -0.410675048828125 -0.053985595703125 0.154571533203125
0.000946044921875004 -0.429229736328125 0.01641845703125 0.2054443359375
0.03582763671875 -0.468902587890625 0.069427490234375 0.215377807617188
0.00967407226562496 -0.464599609375 0.057830810546875 0.208099365234375
0.198272705078125 -0.356689453125 -0.0554962158203125 0.246353149414063
0.41156005859375 -0.20648193359375 -0.13037109375 0.1953125
0.514862060546875 0.109649658203125 -0.211380004882813 0.0207672119140625
0.2945556640625 0.5799560546875 -0.121002197265625 -0.11895751953125
-0.0651245117187501 0.6436767578125 0.0784912109375 -0.0867538452148437
-0.38787841796875 0.69586181640625 0.0355491638183594 0.0624847412109375
-0.2054443359375 0.57427978515625 -0.3546142578125 0.438079833984375
0.0497741699218751 0.5264892578125 -0.03106689453125 0.396331787109375
0.3543701171875 0.37054443359375 0.0923919677734375 0.0977554321289063
0.39532470703125 0.0511474609375 -0.031219482421875 0.0360183715820313
0.326812744140625 -0.17462158203125 -0.0906219482421875 0.127525329589844
0.136444091796875 -0.302520751953125 -0.0918731689453125 0.27069091796875
0.019256591796875 -0.312652587890625 0.04400634765625 0.35113525390625
0.040313720703125 -0.341888427734375 0.101654052734375 0.3504638671875
0.02886962890625 -0.34002685546875 0.076324462890625 0.346588134765625
0.16162109375 -0.23583984375 -0.08251953125 0.34649658203125
0.2899169921875 -0.11358642578125 -0.174819946289062 0.228897094726563
0.330230712890625 0.105255126953125 -0.21417236328125 0.0523223876953125
0.168121337890625 0.407012939453125 -0.097991943359375 -0.0701141357421875
-0.06829833984375 0.440704345703125 0.07275390625 0.04376220703125
-0.29400634765625 0.515472412109375 -0.0901641845703125 0.239013671875
-0.080291748046875 0.324188232421875 -0.41741943359375 0.5911865234375
0.063812255859375 0.281219482421875 -0.031768798828125 0.512481689453125
0.188858032226563 0.163360595703125 0.084503173828125 0.140838623046875
0.181838989257813 0.004486083984375 -0.040252685546875 0.0696258544921875
0.149246215820313 -0.080291748046875 -0.12841796875 0.152114868164063
0.0777435302734375 -0.146484375 -0.11376953125 0.334930419921875
0.033782958984375 -0.146011352539063 0.064361572265625 0.4390869140625
0.037811279296875 -0.162277221679688 0.11761474609375 0.4305419921875
0.0439605712890625 -0.1690673828125 0.081451416015625 0.431060791015625
0.103668212890625 -0.0900955200195312 -0.103790283203125 0.390716552734375
0.138465881347656 -0.0186080932617188 -0.20111083984375 0.22357177734375
0.122520446777344 0.0783538818359375 -0.1990966796875 0.0634765625
0.04302978515625 0.187515258789063 -0.0739212036132813 -0.03802490234375
-0.04827880859375 0.19378662109375 0.057861328125 0.130203247070313
-0.152679443359375 0.270751953125 -0.178314208984375 0.35870361328125
-0.0602302551269531 0.0103302001953125 0.15924072265625 -0.466766357421875
-0.0215797424316406 0.0524635314941406 -0.0589141845703125 -0.246841430664062
0.0529327392578125 0.0449066162109375 0.0410385131835938 0.0288276672363281
0.0734710693359375 -0.00543212890625 0.175735473632813 -0.02545166015625
0.026214599609375 -0.0636444091796875 0.228729248046875 -0.1656494140625
-0.0384101867675781 -0.0392532348632813 0.13629150390625 -0.36895751953125
-0.0575981140136719 -0.0333709716796875 -0.08575439453125 -0.45208740234375
-0.0346527099609375 -0.0341548919677734 -0.12908935546875 -0.433197021484375
-0.039703369140625 -0.0110893249511719 -0.08428955078125 -0.436798095703125
-0.0130691528320312 -0.0397796630859375 0.07635498046875 -0.36761474609375
0.0302028656005859 -0.0307083129882813 0.114959716796875 -0.178878784179688
0.0543708801269531 0.0182571411132813 0.0258407592773438 -0.124809265136719
-0.0176010131835938 0.043426513671875 -0.0610504150390625 -0.21160888671875
-0.0308246612548828 0.00203895568847656 0.017822265625 -0.4718017578125
-0.024810791015625 -0.0480918884277344 0.4991455078125 -0.59283447265625
-0.190200805664062 0.273040771484375 0.1317138671875 -0.443603515625
-0.0528717041015625 0.276153564453125 -0.0611572265625 -0.240097045898437
0.1654052734375 0.240524291992188 0.0433769226074219 0.0126914978027344
0.239059448242188 0.059906005859375 0.149932861328125 -0.0307464599609375
0.18792724609375 -0.122879028320312 0.214431762695313 -0.136810302734375
0.0338134765625 -0.182022094726562 0.12567138671875 -0.324493408203125
-0.0567626953125 -0.203140258789063 -0.078460693359375 -0.40338134765625
-0.024932861328125 -0.229843139648438 -0.110015869140625 -0.381256103515625
-0.04339599609375 -0.209320068359375 -0.072906494140625 -0.3961181640625
0.063507080078125 -0.199295043945313 0.063262939453125 -0.314544677734375
0.200729370117188 -0.129531860351563 0.0937957763671875 -0.138267517089844
0.273773193359375 0.04998779296875 -0.0170059204101562 -0.130073547363281
0.12042236328125 0.280441284179688 -0.0772552490234375 -0.233505249023438
-0.04595947265625 0.279067993164063 0.03662109375 -0.49371337890625
-0.17315673828125 0.252365112304688 0.486083984375 -0.5875244140625
-0.28790283203125 0.50439453125 0.0607910156249999 -0.351348876953125
-0.064208984375 0.47930908203125 -0.0643157958984375 -0.182281494140625
0.28021240234375 0.40802001953125 0.0549392700195313 0.00410842895507815
0.392364501953125 0.1085205078125 0.122589111328125 -0.0393218994140625
0.331695556640625 -0.17919921875 0.178054809570313 -0.104049682617188
0.0994873046875 -0.306884765625 0.092315673828125 -0.245315551757813
-0.050628662109375 -0.3453369140625 -0.06494140625 -0.297149658203125
-0.01165771484375 -0.3919677734375 -0.07373046875 -0.272308349609375
-0.042205810546875 -0.375335693359375 -0.049407958984375 -0.2906494140625
0.13104248046875 -0.3294677734375 0.0384979248046875 -0.206573486328125
0.3458251953125 -0.214080810546875 0.0497016906738281 -0.069244384765625
0.464202880859375 0.072479248046875 -0.0748825073242187 -0.115676879882813
0.25274658203125 0.48406982421875 -0.100509643554688 -0.23846435546875
-0.0492553710937501 0.524322509765625 0.049407958984375 -0.463165283203125
-0.298553466796875 0.516693115234375 0.4200439453125 -0.50390625
-0.3421630859375 0.6756591796875 -0.0370330810546875 -0.197021484375
-0.04632568359375 0.63861083984375 -0.0612945556640625 -0.0736923217773437
0.396331787109375 0.521881103515625 0.0732574462890625 0.00688934326171878
0.519622802734375 0.125640869140625 0.088592529296875 -0.043243408203125
0.43829345703125 -0.23162841796875 0.121299743652344 -0.05975341796875
0.148345947265625 -0.3992919921875 0.0470046997070313 -0.130470275878906
-0.0382080078125 -0.44000244140625 -0.0417633056640625 -0.146652221679688
0.00305175781249999 -0.4921875 -0.0268020629882813 -0.122337341308594
-0.033447265625 -0.479888916015625 -0.015228271484375 -0.140106201171875
0.179443359375 -0.408599853515625 0.00910186767578126 -0.0601921081542969
0.44024658203125 -0.26519775390625 -0.00794982910156247 0.0215129852294922
0.59027099609375 0.083251953125 -0.135025024414063 -0.0787811279296875
0.35003662109375 0.61639404296875 -0.120925903320312 -0.217208862304687
-0.0463867187499999 0.68896484375 0.060516357421875 -0.374969482421875
-0.38043212890625 0.696044921875 0.312103271484375 -0.34722900390625
-0.34100341796875 0.756591796875 -0.146881103515625 0.00578308105468754
-0.00518798828125002 0.7158203125 -0.0498733520507813 0.0752639770507813
0.47137451171875 0.559234619140625 0.089996337890625 0.02313232421875
0.5804443359375 0.11370849609375 0.0456085205078125 -0.0332908630371094
0.481781005859375 -0.26031494140625 0.0495719909667969 0.00107192993164061
0.171600341796875 -0.436676025390625 -0.00383281707763671 0.0106000900268554
-0.0235595703125 -0.466217041015625 -0.01171875 0.0301055908203125
0.016326904296875 -0.519744873046875 0.0246543884277344 0.0471000671386718
-0.020294189453125 -0.5086669921875 0.0233078002929688 0.0335063934326172
0.1983642578125 -0.417205810546875 -0.020660400390625 0.100257873535156
0.460784912109375 -0.264007568359375 -0.0692901611328124 0.11749267578125
0.6082763671875 0.09210205078125 -0.18414306640625 -0.02581787109375
0.36859130859375 0.64691162109375 -0.128021240234375 -0.171905517578125
-0.04583740234375 0.73095703125 0.0711517333984375 -0.239547729492187
-0.40673828125 0.75872802734375 0.175369262695312 -0.146224975585937
-0.2900390625 0.7215576171875 -0.253143310546875 0.227569580078125
0.0333251953125 0.67578125 -0.0330963134765625 0.240127563476563
0.462432861328125 0.501922607421875 0.0972442626953125 0.0537796020507813
0.537567138671875 0.08123779296875 0.00158834457397464 -0.00495195388793945
0.44097900390625 -0.245513916015625 -0.0260086059570312 0.0707168579101562
0.165069580078125 -0.404205322265625 -0.0497894287109375 0.154678344726562
-0.00448608398437499 -0.423004150390625 0.022552490234375 0.204299926757812
0.026519775390625 -0.46405029296875 0.071990966796875 0.21063232421875
0.000335693359375038 -0.45574951171875 0.056488037109375 0.201583862304687
0.1912841796875 -0.351287841796875 -0.0482940673828125 0.243423461914062
0.403228759765625 -0.208465576171875 -0.124282836914063 0.192153930664063
0.509307861328125 0.100372314453125 -0.209091186523437 0.023590087890625
0.29925537109375 0.5662841796875 -0.117698669433594 -0.117279052734375
-0.05755615234375 0.63433837890625 0.0771408081054687 -0.0906143188476562
-0.3740234375 0.68792724609375 0.0347785949707031 0.0604972839355469
-0.1964111328125 0.56732177734375 -0.34222412109375 0.430145263671875
0.055572509765625 0.51812744140625 -0.022979736328125 0.389678955078125
0.3546142578125 0.359649658203125 0.0929946899414063 0.0933761596679688
0.38946533203125 0.04559326171875 -0.0311031341552734 0.0328998565673828
0.319122314453125 -0.17840576171875 -0.0894622802734375 0.126075744628906
0.130584716796875 -0.29949951171875 -0.085906982421875 0.27044677734375
0.01611328125 -0.308807373046875 0.053070068359375 0.347076416015625
0.033447265625 -0.33734130859375 0.10687255859375 0.34197998046875
0.022796630859375 -0.333648681640625 0.078826904296875 0.337127685546875
0.157150268554688 -0.231704711914063 -0.0744628906249999 0.342529296875
0.283966064453125 -0.11468505859375 -0.168304443359375 0.22686767578125
0.326080322265625 0.099456787109375 -0.210678100585937 0.05377197265625
0.17181396484375 0.39697265625 -0.09515380859375 -0.0706710815429687
-0.0626220703125 0.4342041015625 0.0720291137695313 0.036956787109375
-0.282562255859375 0.510833740234375 -0.0886993408203125 0.234710693359375
-0.0767822265625 0.3203125 -0.4005126953125 0.58013916015625
0.0653533935546875 0.276596069335938 -0.0218505859375 0.50299072265625
0.190185546875 0.15924072265625 0.08648681640625 0.136131286621094
0.179183959960938 0.002166748046875 -0.0387039184570312 0.0659217834472656
0.146713256835938 -0.0831756591796875 -0.126358032226562 0.15106201171875
0.074920654296875 -0.145782470703125 -0.1070556640625 0.334869384765625
0.0326690673828125 -0.14556884765625 0.0740966796875 0.4339599609375
0.0348968505859375 -0.160263061523438 0.12493896484375 0.4215087890625
0.038848876953125 -0.166168212890625 0.0867919921875 0.42071533203125
0.101020812988281 -0.0894088745117188 -0.093963623046875 0.385986328125
0.136390686035156 -0.0193405151367187 -0.195480346679687 0.223495483398438
0.121170043945313 0.0762176513671875 -0.194015502929688 0.0644073486328125
0.0459442138671875 0.1829833984375 -0.070831298828125 -0.03887939453125
-0.04486083984375 0.191574096679688 0.0578384399414063 0.122734069824219
-0.147048950195312 0.269699096679688 -0.17572021484375 0.3524169921875
-0.0592193603515625 0.00963973999023438 0.157470703125 -0.465789794921875
-0.0218696594238281 0.0531845092773438 -0.062103271484375 -0.244110107421875
0.0518760681152344 0.0453720092773438 0.0404319763183594 0.0287132263183594
0.0735855102539063 -0.00591278076171875 0.175308227539063 -0.025787353515625
0.0258712768554687 -0.062225341796875 0.229141235351562 -0.169647216796875
-0.0370025634765625 -0.037750244140625 0.134185791015625 -0.374114990234375
-0.0568809509277344 -0.0324897766113281 -0.09185791015625 -0.451568603515625
-0.0356788635253906 -0.0341873168945313 -0.135650634765625 -0.43182373046875
-0.0384101867675781 -0.011688232421875 -0.088531494140625 -0.437957763671875
-0.0139274597167969 -0.0393218994140625 0.072296142578125 -0.3724365234375
0.0290470123291016 -0.0317096710205078 0.116622924804687 -0.180999755859375
0.0548019409179688 0.01678466796875 0.0240707397460938 -0.123138427734375
-0.0171585083007812 0.0431594848632812 -0.062957763671875 -0.207870483398438
-0.0313243865966797 -7.82012939453092E-05 0.018035888671875 -0.470367431640625
-0.0237045288085937 -0.0488090515136719 0.503662109375 -0.59442138671875
-0.188613891601563 0.272933959960937 0.131103515625 -0.44171142578125
-0.0524444580078125 0.276351928710938 -0.0639495849609375 -0.236862182617188
0.166168212890625 0.239654541015625 0.041839599609375 0.0111618041992188
0.239761352539063 0.0594940185546875 0.148422241210938 -0.03179931640625
0.186843872070313 -0.12322998046875 0.215118408203125 -0.140228271484375
0.034332275390625 -0.180252075195312 0.123291015625 -0.329437255859375
-0.0577239990234375 -0.202560424804688 -0.08416748046875 -0.404052734375
-0.02813720703125 -0.232452392578125 -0.11688232421875 -0.3814697265625
-0.044586181640625 -0.21075439453125 -0.07940673828125 -0.39678955078125
0.063323974609375 -0.199172973632813 0.059906005859375 -0.318695068359375
0.200347900390625 -0.1322021484375 0.0960845947265625 -0.141586303710938
0.275970458984375 0.047698974609375 -0.0200271606445312 -0.128067016601563
0.123779296875 0.28021240234375 -0.0779571533203125 -0.231491088867187
-0.0457611083984375 0.279693603515625 0.038177490234375 -0.49322509765625
-0.172988891601562 0.253524780273438 0.49188232421875 -0.58721923828125
-0.287628173828125 0.504974365234375 0.061309814453125 -0.349639892578125
-0.062591552734375 0.478973388671875 -0.0660247802734375 -0.178817749023437
0.28326416015625 0.405364990234375 0.0537681579589844 0.00170135498046877
0.394439697265625 0.10797119140625 0.120475769042969 -0.0407562255859375
0.330902099609375 -0.181976318359375 0.179428100585938 -0.107772827148438
0.100189208984375 -0.30523681640625 0.09173583984375 -0.248077392578125
-0.0517578125 -0.345550537109375 -0.06781005859375 -0.296875
-0.01776123046875 -0.395111083984375 -0.079803466796875 -0.271759033203125
-0.045440673828125 -0.376068115234375 -0.055572509765625 -0.291748046875
0.13031005859375 -0.330078125 0.0362396240234375 -0.210037231445313
0.346221923828125 -0.217529296875 0.0518569946289063 -0.0721817016601563
0.467498779296875 0.070159912109375 -0.0789947509765625 -0.1129150390625
0.257080078125 0.484527587890625 -0.099853515625 -0.237503051757812
-0.04864501953125 0.52569580078125 0.049774169921875 -0.463348388671875
-0.29791259765625 0.519317626953125 0.4254150390625 -0.50390625
-0.33746337890625 0.67779541015625 -0.0359649658203125 -0.195953369140625
-0.04248046875 0.63897705078125 -0.0619354248046875 -0.0706634521484375
0.401519775390625 0.520050048828125 0.0718536376953125 0.00375366210937503
0.520751953125 0.124420166015625 0.0858612060546875 -0.0459442138671875
0.43743896484375 -0.236175537109375 0.122222900390625 -0.0631103515625
0.148468017578125 -0.39837646484375 0.0472412109375 -0.131584167480469
-0.040985107421875 -0.440460205078125 -0.0418548583984375 -0.145339965820313
-0.00402832031249997 -0.4976806640625 -0.0296630859375 -0.122154235839844
-0.0384521484375 -0.48095703125 -0.02117919921875 -0.140640258789063
0.1785888671875 -0.407806396484375 0.00838851928710939 -0.06170654296875
0.44171142578125 -0.269073486328125 -0.00593376159667966 0.0189456939697265
0.5941162109375 0.08148193359375 -0.139862060546875 -0.0759353637695313
0.35540771484375 0.615966796875 -0.119888305664062 -0.21697998046875
-0.0454711914062501 0.6923828125 0.06231689453125 -0.3763427734375
-0.378173828125 0.701171875 0.31414794921875 -0.347747802734375
-0.3397216796875 0.75909423828125 -0.146194458007813 0.00544738769531255
-0.00292968749999995 0.71746826171875 -0.0483627319335938 0.0775299072265625
0.47723388671875 0.556793212890625 0.0897598266601563 0.02020263671875
0.58349609375 0.11181640625 0.0436210632324219 -0.0359077453613281
0.48150634765625 -0.26654052734375 0.0499458312988281 -0.000488281250000016
0.170562744140625 -0.4361572265625 -0.00259971618652343 0.0108909606933593
-0.0244140625 -0.4686279296875 -0.00876235961914063 0.0311756134033203
0.00912475585937502 -0.524444580078125 0.0251808166503906 0.047637939453125
-0.02398681640625 -0.508758544921875 0.0187225341796875 0.0334377288818359
0.198822021484375 -0.417327880859375 -0.0192184448242187 0.0998001098632812
0.463134765625 -0.268890380859375 -0.0667572021484375 0.116325378417969
0.61236572265625 0.08905029296875 -0.187591552734375 -0.0232696533203125
0.37548828125 0.6455078125 -0.12628173828125 -0.17352294921875
-0.04351806640625 0.73321533203125 0.0716552734375 -0.243560791015625
-0.4061279296875 0.76141357421875 0.17608642578125 -0.146484375
-0.28741455078125 0.7244873046875 -0.251205444335938 0.226333618164063
0.035400390625 0.67803955078125 -0.0305023193359375 0.24212646484375
0.467864990234375 0.5008544921875 0.09814453125 0.0503997802734375
0.540191650390625 0.0802001953125 -9.72747802734048E-05 -0.00752019882202148
0.44073486328125 -0.2523193359375 -0.0259513854980469 0.0698280334472656
0.164764404296875 -0.4041748046875 -0.0475921630859375 0.15673828125
-0.00527954101562498 -0.42474365234375 0.0281982421875 0.205108642578125
0.020263671875 -0.46868896484375 0.0747222900390625 0.210723876953125
-0.00360107421875004 -0.45562744140625 0.0554351806640625 0.201416015625
0.19232177734375 -0.350738525390625 -0.0450286865234375 0.244247436523437
0.404632568359375 -0.21087646484375 -0.122848510742187 0.191802978515625
0.5118408203125 0.0985107421875 -0.21240234375 0.0264434814453125
0.30474853515625 0.56549072265625 -0.1163330078125 -0.119956970214844
-0.05670166015625 0.63665771484375 0.0766754150390625 -0.0955810546875
-0.373291015625 0.69342041015625 0.0334968566894531 0.0608444213867188
-0.1954345703125 0.5699462890625 -0.34112548828125 0.428680419921875
0.0565185546875 0.519866943359375 -0.019927978515625 0.390655517578125
0.35980224609375 0.35968017578125 0.0947036743164063 0.0915298461914063
0.391143798828125 0.044647216796875 -0.0315284729003906 0.0302352905273438
0.319854736328125 -0.183624267578125 -0.0897674560546875 0.126869201660156
0.130523681640625 -0.299835205078125 -0.082763671875 0.273849487304688
0.015869140625 -0.31219482421875 0.0609130859375 0.348358154296875
0.0299072265625 -0.340911865234375 0.11236572265625 0.340850830078125
0.01904296875 -0.333740234375 0.08026123046875 0.336761474609375
0.157684326171875 -0.23199462890625 -0.0701293945312499 0.34490966796875
0.285186767578125 -0.115966796875 -0.166946411132812 0.228515625
0.327972412109375 0.09906005859375 -0.211181640625 0.05499267578125
0.17529296875 0.396575927734375 -0.0935440063476563 -0.07366943359375
-0.0616455078125 0.436065673828125 0.0716629028320313 0.0310745239257813
-0.28369140625 0.514190673828125 -0.09149169921875 0.234939575195313
-0.076751708984375 0.322845458984375 -0.4007568359375 0.57806396484375
0.066070556640625 0.277816772460938 -0.01690673828125 0.50286865234375
0.192855834960938 0.159469604492188 0.0889816284179688 0.135490417480469
0.18011474609375 0.0018157958984375 -0.0387458801269531 0.063812255859375
0.147811889648438 -0.0868377685546875 -0.127334594726563 0.152679443359375
0.0745697021484375 -0.147232055664063 -0.10418701171875 0.34014892578125
0.03265380859375 -0.148391723632813 0.08172607421875 0.435638427734375
0.03411865234375 -0.161895751953125 0.132965087890625 0.4205322265625
0.0371246337890625 -0.165771484375 0.09088134765625 0.420684814453125
0.102386474609375 -0.0897674560546875 -0.08905029296875 0.388763427734375
0.13690185546875 -0.0187759399414063 -0.19549560546875 0.225479125976563
0.122474670410156 0.0760879516601562 -0.193679809570313 0.064971923828125
0.0479278564453125 0.18267822265625 -0.0701141357421875 -0.0423851013183594
-0.044769287109375 0.192855834960938 0.05718994140625 0.118431091308594
-0.1468505859375 0.272903442382813 -0.178985595703125 0.352935791015625
-0.0597877502441406 0.0101509094238281 0.156005859375 -0.47503662109375
-0.0219345092773437 0.0547866821289062 -0.068145751953125 -0.244674682617187
0.0531196594238281 0.045379638671875 0.0406112670898438 0.0284881591796875
0.074951171875 -0.0062255859375 0.177032470703125 -0.0290069580078125
0.0257148742675781 -0.0620346069335938 0.231735229492188 -0.17913818359375
-0.0369644165039063 -0.0365180969238281 0.128387451171875 -0.387908935546875
-0.0578460693359375 -0.0309219360351562 -0.106292724609375 -0.45965576171875
-0.0376853942871094 -0.0347213745117188 -0.150604248046875 -0.437225341796875
-0.0388603210449219 -0.0122261047363281 -0.102783203125 -0.446563720703125
-0.0153274536132813 -0.0390281677246094 0.065032958984375 -0.384246826171875
0.0279178619384766 -0.0332145690917969 0.117904663085937 -0.188385009765625
0.0555686950683594 0.0148162841796875 0.0211257934570312 -0.12432861328125
-0.0162353515625 0.04388427734375 -0.0688934326171875 -0.207717895507812
-0.0327396392822266 -0.00150871276855469 0.01287841796875 -0.47772216796875
-0.0232925415039063 -0.0500869750976562 0.51171875 -0.61346435546875
-0.187728881835937 0.280899047851563 0.131011962890625 -0.450469970703125
-0.04931640625 0.282318115234375 -0.068878173828125 -0.236434936523437
0.173309326171875 0.240280151367188 0.0420799255371094 0.00995254516601564
0.24609375 0.057281494140625 0.1492919921875 -0.0348663330078125
0.1885986328125 -0.128524780273438 0.218109130859375 -0.149703979492188
0.0345611572265625 -0.182952880859375 0.119049072265625 -0.341064453125
-0.0613555908203125 -0.205490112304688 -0.096435546875 -0.40936279296875
-0.03515625 -0.2381591796875 -0.130340576171875 -0.38592529296875
-0.0491790771484375 -0.215545654296875 -0.092559814453125 -0.4046630859375
0.0606689453125 -0.204132080078125 0.052703857421875 -0.328857421875
0.201828002929688 -0.139816284179688 0.0977020263671875 -0.148651123046875
0.283599853515625 0.04315185546875 -0.0247573852539062 -0.127876281738281
0.131805419921875 0.283447265625 -0.0828704833984375 -0.232696533203125
-0.043853759765625 0.2847900390625 0.03338623046875 -0.50262451171875
-0.171890258789063 0.262649536132812 0.49908447265625 -0.60614013671875
-0.284820556640625 0.517578125 0.059967041015625 -0.355560302734375
-0.056976318359375 0.488128662109375 -0.07000732421875 -0.177841186523437
0.297821044921875 0.4071044921875 0.0537681579589844 -0.0002937316894531
0.403656005859375 0.1033935546875 0.119728088378906 -0.0439529418945312
0.33343505859375 -0.19097900390625 0.181900024414063 -0.116012573242188
0.09893798828125 -0.311798095703125 0.0890655517578125 -0.25762939453125
-0.0584716796875 -0.351898193359375 -0.076202392578125 -0.301513671875
-0.0286865234375 -0.405792236328125 -0.08929443359375 -0.275161743164063
-0.053466796875 -0.384857177734375 -0.067352294921875 -0.29638671875
0.12945556640625 -0.337646484375 0.0319061279296875 -0.217025756835938
0.350250244140625 -0.229705810546875 0.053802490234375 -0.0772476196289063
0.481475830078125 0.06268310546875 -0.0849380493164062 -0.110832214355469
0.272369384765625 0.490203857421875 -0.104568481445312 -0.24005126953125
-0.0441589355468749 0.538421630859375 0.045867919921875 -0.47381591796875
-0.296417236328125 0.53662109375 0.430206298828125 -0.52008056640625
-0.334228515625 0.694580078125 -0.036285400390625 -0.198593139648437
-0.0313720703125 0.65118408203125 -0.0625724792480469 -0.068634033203125
0.418853759765625 0.52227783203125 0.0734329223632813 0.000595092773437532
0.53466796875 0.119720458984375 0.0848541259765625 -0.0490493774414063
0.441864013671875 -0.25067138671875 0.124481201171875 -0.0693588256835938
0.1466064453125 -0.4063720703125 0.04620361328125 -0.1368408203125
-0.048797607421875 -0.449188232421875 -0.0450439453125 -0.147552490234375
-0.0159606933593751 -0.50970458984375 -0.0345535278320312 -0.122421264648438
-0.047698974609375 -0.491180419921875 -0.02874755859375 -0.142547607421875
0.17657470703125 -0.418060302734375 0.00783157348632813 -0.0648574829101563
0.44732666015625 -0.28472900390625 -0.00419807434082028 0.0164175033569336
0.611328125 0.0732421875 -0.147186279296875 -0.0714874267578125
0.37481689453125 0.62347412109375 -0.124114990234375 -0.220962524414063
-0.03692626953125 0.7069091796875 0.0594482421875 -0.3875732421875
-0.3770751953125 0.723876953125 0.316619873046875 -0.358795166015625
-0.33331298828125 0.77777099609375 -0.146209716796875 0.00651550292968757
0.01007080078125 0.73150634765625 -0.0467987060546875 0.08184814453125
0.49749755859375 0.557952880859375 0.0918045043945313 0.01708984375
0.5975341796875 0.10595703125 0.0420913696289063 -0.0387992858886719
0.484527587890625 -0.28436279296875 0.051849365234375 -0.00361251831054689
0.170135498046875 -0.446319580078125 -0.000293731689453114 0.0102729797363281
-0.03179931640625 -0.47991943359375 -0.00611686706542969 0.0316600799560547
-0.00546264648437502 -0.537628173828125 0.0258712768554687 0.0485267639160156
-0.0357666015624999 -0.51953125 0.0161571502685547 0.0343036651611328
0.19927978515625 -0.4271240234375 -0.0169448852539062 0.101882934570312
0.468017578125 -0.2843017578125 -0.0655899047851563 0.117431640625
0.62860107421875 0.08099365234375 -0.194793701171875 -0.017120361328125
0.39581298828125 0.6541748046875 -0.130386352539062 -0.177642822265625
-0.0362548828125 0.7493896484375 0.069976806640625 -0.252883911132812
-0.40496826171875 0.78668212890625 0.177642822265625 -0.1507568359375
-0.2801513671875 0.74420166015625 -0.251449584960938 0.232528686523438
0.04644775390625 0.6917724609375 -0.024322509765625 0.247543334960938
0.488525390625 0.50213623046875 0.101425170898438 0.0473709106445313
0.554718017578125 0.073883056640625 -0.00147438049316403 -0.00967121124267578
0.44476318359375 -0.267486572265625 -0.0246734619140625 0.0701828002929687
0.16265869140625 -0.415252685546875 -0.0437774658203125 0.161514282226562
-0.01190185546875 -0.435333251953125 0.0369110107421875 0.208602905273438
0.00842285156250001 -0.4827880859375 0.082061767578125 0.212753295898438
-0.012664794921875 -0.46612548828125 0.058349609375 0.205108642578125
0.1923828125 -0.36053466796875 -0.0395965576171875 0.25042724609375
0.410675048828125 -0.222686767578125 -0.121566772460937 0.1971435546875
0.526458740234375 0.094146728515625 -0.217681884765625 0.032257080078125
0.322509765625 0.57110595703125 -0.1190185546875 -0.123825073242187
-0.04766845703125 0.65228271484375 0.075836181640625 -0.103759765625
-0.37115478515625 0.7152099609375 0.0328254699707031 0.062652587890625
-0.19110107421875 0.585693359375 -0.341888427734375 0.438262939453125
0.0663146972656249 0.530792236328125 -0.0107421875 0.398681640625
0.37554931640625 0.360382080078125 0.0992584228515625 0.0895156860351563
0.40234375 0.040008544921875 -0.0322914123535156 0.0295906066894531
0.3236083984375 -0.1964111328125 -0.0897445678710938 0.12994384765625
0.12890625 -0.309112548828125 -0.078369140625 0.283721923828125
0.01129150390625 -0.321258544921875 0.073822021484375 0.35394287109375
0.022308349609375 -0.350250244140625 0.125030517578125 0.34527587890625
0.01263427734375 -0.3404541015625 0.088287353515625 0.342437744140625
0.159530639648438 -0.239151000976563 -0.062591552734375 0.353851318359375
0.28985595703125 -0.123382568359375 -0.167739868164062 0.235641479492188
0.337921142578125 0.096405029296875 -0.215621948242188 0.06103515625
0.18756103515625 0.40087890625 -0.0955810546875 -0.0775909423828124
-0.056793212890625 0.445892333984375 0.0723114013671875 0.0259017944335938
-0.28143310546875 0.53302001953125 -0.0933074951171875 0.242385864257813
-0.0738525390625 0.332305908203125 -0.402099609375 0.5906982421875
0.0712890625 0.283233642578125 -0.00900268554687503 0.51129150390625
0.201248168945313 0.160751342773438 0.0941085815429688 0.135574340820312
0.184951782226563 -0.0001678466796875 -0.0375137329101562 0.0640830993652344
0.149520874023438 -0.0933380126953125 -0.12847900390625 0.158660888671875
0.0734100341796875 -0.152145385742188 -0.09869384765625 0.351837158203125
0.031280517578125 -0.153717041015625 0.0972900390625 0.44329833984375
0.0313720703125 -0.167083740234375 0.1474609375 0.425506591796875
0.033843994140625 -0.168792724609375 0.102142333984375 0.4276123046875
0.104690551757813 -0.09326171875 -0.081329345703125 0.399932861328125
0.140243530273438 -0.021331787109375 -0.195953369140625 0.234664916992187
0.126716613769531 0.0767364501953125 -0.195236206054687 0.069427490234375
0.0538177490234375 0.185089111328125 -0.0722122192382813 -0.04583740234375
-0.0416717529296875 0.197341918945313 0.0581436157226563 0.115272521972656
-0.1456298828125 0.28277587890625 -0.1820068359375 0.36383056640625
0.0284669497749651 0.100591144822929 0.505071047398794 -0.138965350112477
0.0716422008694468 0.00428820259581679 0.189690563873156 -0.195003775284297
0.00341404621147922 -0.0718333946916582 -0.0218400238005413 0.0600661602744681
-0.0732200777600911 -0.0560164157835458 0.108247422470019 0.167804236228669
-0.085053725499208 0.0479169687663272 0.308799291966059 0.119192455333028
-0.0239185119683336 0.0883355592256011 0.418462794188995 -0.0644885351125066
0.00955126735388067 0.095212582271599 0.410404963088577 -0.270162249847252
0.0138685823108862 0.0789944500252709 0.354070511291133 -0.36346799992208
0.0087930479913224 0.0738328865984144 0.381525203164961 -0.28946651087854
-0.0168752591208886 0.0603951562899802 0.367371931422163 -0.12901174426233
-0.0508127899771274 0.0116532259854125 0.238123194597375 0.0245898791295513
-0.0245534682702482 -0.0495257225072998 0.114884345465634 -0.0379369722402062
0.0427446495281979 -0.00468461111479133 0.128525087199036 -0.175352750946645
0.0150975510270708 0.0517268397325084 0.426776048559926 -0.225424253213776
-0.0495574471836644 0.0760859764801799 0.783763327724379 0.038690244560444
0.318953050121292 0.0580463873691053 0.444076124117684 -0.187199554698637
0.276326822906876 -0.119747287698422 0.149557389585985 -0.226737801512029
0.0953947925118084 -0.288806482564989 -0.0618937330655057 0.0565033760285571
-0.137626574504051 -0.250243783145481 0.0603536672897969 0.175521828113009
-0.252867310101179 -0.0259869445827847 0.279728026657823 0.150531076468886
-0.180886196908819 0.121413076049861 0.389559457745915 -0.0309620097200237
-0.146703248570515 0.188855006540086 0.385632212480346 -0.220072530769319
-0.138534893032374 0.207397913550817 0.333150993337246 -0.309250200585714
-0.161544590083054 0.199512194383694 0.362399737469163 -0.246026614152796
-0.198411511660392 0.102275435353144 0.320227035140852 -0.085335157687186
-0.24832285143171 -0.0473127745661992 0.182903742172714 0.0531755389893719
-0.139530690766817 -0.266563675549954 0.0622291633197662 -0.0617683799056423
0.0968300435201581 -0.278482555824969 0.114315241632688 -0.206446330903966
0.239442948405857 -0.109572490371367 0.447022228411021 -0.248874661181375
0.270326628114142 0.0363892170597542 0.787853070880101 -0.000152956369393027
0.571187274179878 -0.00112945417007828 0.301977318858348 -0.22844320672178
0.449809279635573 -0.250662601704033 0.0618815531652545 -0.226088492508323
0.160617484596254 -0.49124323037127 -0.097440196503365 0.0717176491049031
-0.208815401604617 -0.42129087456379 0.0225999157148762 0.179871008907678
-0.40436169036172 -0.0886073801199573 0.233238768766817 0.160803514691632
-0.316404942674907 0.144756755491088 0.314418581856682 -0.00306262831202767
-0.282292475700101 0.257460736410819 0.303533479483519 -0.140741666414997
-0.269106752838 0.303994199133793 0.260065888279581 -0.20724269236098
-0.305218081187003 0.294824946282379 0.28545318650367 -0.162279682766336
-0.349974409342981 0.128704034104827 0.218102168006593 -0.0275428224420346
-0.415216851493364 -0.0986101151992363 0.0881621383524858 0.0698289135899011
-0.241327400886357 -0.451491337588837 -0.011146457370341 -0.091729057694496
0.134823276994066 -0.521157828227849 0.0850171773707889 -0.232197781483883
0.431589760820719 -0.262116206613737 0.41890667621811 -0.251669357390622
0.549975920433487 -0.00650438869597979 0.689303391016176 -0.0315125623946801
0.750779302152329 -0.0722789219260335 0.0932177630223658 -0.247087164084071
0.565010277247668 -0.385481725595819 -0.0663081901257646 -0.18257879063001
0.183539785880501 -0.661747169155995 -0.127593080932637 0.105891590242625
-0.285052869213462 -0.545305519012454 -0.0101446653014894 0.17717007262604
-0.522611618143732 -0.130230004214929 0.1632549428015 0.152103778554926
-0.415681774980947 0.156996328447169 0.196473819704347 0.0269996108211806
-0.37628047411234 0.292423480043075 0.177150548325595 -0.0415495759332164
-0.359229676627374 0.355005259001143 0.148445850763813 -0.0729430846204155
-0.401734821439033 0.341929356080849 0.164725638737166 -0.0506173279221266
-0.448799832981608 0.133787689328556 0.0769409441588843 0.0395973226053715
-0.519618683041036 -0.139292631624885 -0.0346896081927863 0.0778084912437481
-0.310125838718419 -0.57326500541674 -0.0970769405791789 -0.117632581134882
0.152380643543861 -0.689285808048225 0.042106090465321 -0.240263630179664
0.556081713830204 -0.373862685512134 0.341132267072833 -0.217224061369347
0.741614104604201 -0.0444740808867164 0.505424410838533 -0.0435791907178648
0.828642888168957 -0.144470162425324 -0.156758864773595 -0.234977632771517
0.599136209599754 -0.48683036775587 -0.218285951707379 -0.09602286958327
0.163254379544521 -0.753185546411374 -0.14962573149516 0.147434889006352
-0.339597474631883 -0.593148357818171 -0.0451716002595727 0.16222010519088
-0.574990409166816 -0.144285031898194 0.0648096855905004 0.129034516485967
-0.454645043406983 0.149271019014294 0.0446876207153831 0.0581649477504187
-0.414914051270977 0.28301137169388 0.0209735924184746 0.0668157678068305
-0.392582181288358 0.352045573006708 0.014342142215158 0.0721957529197603
-0.432190332421886 0.333820384830212 0.0185979371425167 0.0713240828355631
-0.470828473244489 0.111703627360958 -0.0799230780528899 0.102339199687347
-0.529945431368973 -0.158178262688076 -0.162691478567464 0.0715707903203444
-0.310834731924731 -0.597865484182039 -0.174425242413882 -0.133850799065682
0.159461680756058 -0.728425590119772 -0.00060953476446227 -0.222589050294322
0.586988126070747 -0.405413129275178 0.226990028912837 -0.146226977541875
0.80913016354512 -0.066625186436888 0.262230985192154 -0.0351522033196684
0.783350628081121 -0.195319889954167 -0.41180578392909 -0.190420371932191
0.536526638547617 -0.509516773977937 -0.362949601802031 0.0180297033622342
0.120399664689639 -0.716624345661631 -0.159771546641342 0.178387232109816
-0.330805608218744 -0.534416003387946 -0.0792879355130278 0.129080665835586
-0.527066368599604 -0.134733935752885 -0.0496675794940811 0.0928525844458695
-0.418675945053491 0.121204357813276 -0.116026170070362 0.0850592549617179
-0.390300313666687 0.231203028801977 -0.139220703877942 0.168482586003629
-0.36660626286978 0.294345555024946 -0.122812648574571 0.206455612698679
-0.396282934988731 0.270638893028196 -0.129841162966359 0.180366457144381
-0.414953397046809 0.0645082450875076 -0.224008703249029 0.146534397591409
-0.441434319093297 -0.162489950387119 -0.26669118510587 0.0461948728530196
-0.233647820364688 -0.519306108701041 -0.219213697741287 -0.143289039501109
0.157125515342942 -0.622625566662095 -0.0262823066886921 -0.184513117894057
0.519771085543762 -0.34529082962698 0.105203489382059 -0.0585143814420319
0.744443960690255 -0.0681492286116963 0.0062595815265371 -0.0127051847801642
0.614131359586732 -0.209868217364034 -0.629151436973231 -0.128764425623194
0.386990684641891 -0.434354787173874 -0.475658708770282 0.129227211615222
0.0682288927230013 -0.539719418238346 -0.154920735253028 0.189594215516123
-0.250380247819668 -0.38245298299009 -0.102175958932242 0.0855609424846938
-0.380175703362564 -0.105300859265989 -0.150465901459229 0.0458111190795625
-0.310169623100402 0.0683054974323117 -0.256490032883034 0.0981952548931505
-0.302285567338603 0.14125463767335 -0.279076819222323 0.24373866554809
-0.283952822240819 0.190316098229826 -0.243461264722542 0.308782605927981
-0.301315315943608 0.164242940919649 -0.259125891527651 0.258805104876795
-0.297562788879495 0.00596538351384275 -0.330609022587675 0.159891486321414
-0.281956063369147 -0.142646686456771 -0.323406540802638 0.000330758874576299
-0.113545818237642 -0.358518456998068 -0.219661744751004 -0.147138768337433
0.138633092283559 -0.410128406907941 -0.0288707320202651 -0.138876729537386
0.369432476187067 -0.224141512132113 0.000301869559255969 0.0227614947089186
0.560043448003332 -0.0571063230807861 -0.217922413438708 0.0150579889484506
0.348879318270778 -0.189804458930059 -0.771721465247312 -0.0578999099237139
0.177781038389032 -0.289585347805263 -0.542030814498143 0.220527581295587
0.00324131675282313 -0.277637521575533 -0.136076896406376 0.192434400054996
-0.129907732270534 -0.1672857940486 -0.0987478577457167 0.0459635891840588
-0.170538880994586 -0.0576012956877399 -0.211320618321135 -0.0046739896184967
-0.149920258998022 0.0047017952257226 -0.348340605424693 0.0921428357062086
-0.16353843133982 0.0276013584110648 -0.375732963578629 0.278487218317183
-0.157565255071778 0.0578715184512901 -0.326631899103843 0.363657401821985
-0.164662168961552 0.0375829117004197 -0.347976703015842 0.295568575443133
-0.145382067766523 -0.0468346287723916 -0.385986496760348 0.145369091363023
-0.100916723236287 -0.100591268400376 -0.33211254296973 -0.0519793993582024
-0.000801223196928368 -0.1629545415725 -0.186373230151853 -0.143979881884538
0.0887649455556196 -0.165960685373321 -0.016433593449316 -0.0965537825115512
0.172463748379552 -0.0921834537538377 -0.0751940908773671 0.0811986203103971
0.301778187785583 -0.0468328268410413 -0.379394497709299 0.0446057726598107
0.0331509097211294 0.0993824606996689 0.503394169662681 -0.163257277361477
0.0720082657981984 0.000214438022965655 0.178321485499843 -0.204720232093872
0.00113773712850523 -0.0719685648152782 -0.0199400953419204 0.0611420750603854
-0.0761405782818406 -0.0532967086323196 0.116818126657958 0.162948544878005
-0.0825227402293258 0.0516624367340041 0.319385733788908 0.101888438270789
-0.0192588813893498 0.0895901073144459 0.419465268457842 -0.0905264146754669
0.0153049047670387 0.0942263087340475 0.395629503372134 -0.297678530823527
0.0195408381517279 0.0791383951565411 0.333604205763765 -0.388782980285278
0.0132416812231353 0.0744146253687874 0.367137677375717 -0.316054809220655
-0.0123030261557314 0.0618676328856771 0.363401971730486 -0.154504577555622
-0.0491854013354113 0.0151555173274274 0.244351366665947 0.0124899922733159
-0.0281624634507992 -0.04726881607431 0.111818365238546 -0.0438838331659555
0.0425555792303065 -0.00701737273854285 0.117668834712727 -0.180001938134443
0.0170711537457413 0.0526225204830829 0.418839358655401 -0.244557061284764
-0.0474778017415214 0.0788672306241038 0.796740148963233 0.00111045335119318
0.324111208612531 0.0421317500330524 0.439912874766709 -0.208120533975467
0.271832190971717 -0.134389317906689 0.135882987349713 -0.233379859634051
0.0809946814410752 -0.294974309995483 -0.0597562544542768 0.059265589270372
-0.151084721615982 -0.246662881401028 0.0692672773654181 0.173175982746161
-0.256599942407539 -0.0123603690650875 0.292197818484839 0.135175333715082
-0.176421360905301 0.13033094161669 0.392199316862616 -0.0548188677086444
-0.138210821300639 0.197987805243071 0.373926960739659 -0.245684064418024
-0.12691427282588 0.218515552768089 0.314730983074105 -0.331872113561024
-0.151544964414849 0.212554878127179 0.350502732713665 -0.27201008209923
-0.194398942291381 0.113163283717987 0.318403183667913 -0.107881736638392
-0.253484129818568 -0.0329922580849236 0.190736238057591 0.043384940695061
-0.156512738347377 -0.26207327009108 0.0561467696906785 -0.064751278115081
0.0828743775341406 -0.286893434823135 0.103743945208497 -0.211199506777705
0.236542629014257 -0.12187735868111 0.439824361353024 -0.272433732574737
0.274795984815751 0.0221959534197624 0.797389103083114 -0.0394698832071783
0.575370796728488 -0.0290768670353874 0.294774809372334 -0.243035345362263
0.439498801748417 -0.275798547838224 0.0488972892332018 -0.227735636631888
0.13575838855996 -0.501942216154754 -0.093504127082014 0.0758461768237885
-0.231468998562538 -0.414699415308964 0.0317440626154619 0.178623617596816
-0.411981866689002 -0.0664063001188775 0.247049960359757 0.147175378700495
-0.313112878982905 0.160370603522036 0.317337464603726 -0.0208778884969169
-0.2712860064415 0.275038318681428 0.296729590032082 -0.16094318965339
-0.253322596001883 0.325141954649817 0.247227964136145 -0.225144544280641
-0.291941424840879 0.315759748896283 0.276158532483565 -0.182841470676511
-0.347512567728375 0.147106781427934 0.217765846110559 -0.0422553926519177
-0.424677698461637 -0.0763343642910988 0.095805703575465 0.0644901633870114
-0.269329698159124 -0.444655397136742 -0.0208563760762859 -0.0904480451033465
0.109774490003501 -0.535000758365995 0.0742936304213436 -0.236932637836301
0.424025547814032 -0.285559741102306 0.411941751651097 -0.274384162603044
0.555547725887931 -0.0368681059097973 0.696118356798821 -0.0653887453625767
0.751436871918221 -0.111780925822201 0.0840574433573731 -0.252250807428377
0.549610699394854 -0.416151659395176 -0.0764320487390995 -0.177305790562931
0.148569050408443 -0.678239110537648 -0.121560428814184 0.112396276266821
-0.316094570235243 -0.537393748428522 -0.00152161152641384 0.177289975077519
-0.533693266316636 -0.0998832192325386 0.176817811867341 0.141951812625139
-0.412856414235131 0.178423722275782 0.200779537956345 0.016105485432535
-0.366375232602404 0.315338342412191 0.175998317882427 -0.0524045664746975
-0.341813873314502 0.380699845156992 0.144152231794506 -0.0827647984611551
-0.384701411184376 0.369557923462117 0.160607518564819 -0.0623556639365865
-0.446560753563511 0.156351440812472 0.0794890671863007 0.0343131998182618
-0.532081296829484 -0.109391314026183 -0.0280917670320256 0.0778320331998367
-0.34556156263809 -0.565648436460624 -0.109137972554718 -0.112100071207267
0.117127748035824 -0.704634957110102 0.0311013112951174 -0.243950647861949
0.544218280362652 -0.402552379385553 0.334644520355689 -0.2373280462052
0.749263339527704 -0.0848832978152077 0.507180091416959 -0.0690456290616166
0.827631164195688 -0.187970143696478 -0.167161290496811 -0.22919337096003
0.579398104858202 -0.519235337990106 -0.223461209414203 -0.0827577938874325
0.123341237511357 -0.768094476032493 -0.140270278208176 0.155509436970398
-0.373355732941009 -0.582231529390925 -0.0368040686662475 0.163678615260127
-0.586946728695013 -0.111041986022255 0.076139133060531 0.124442066658914
-0.450830312038951 0.174693168968036 0.0497409713809431 0.0551896689614998
-0.40647236169086 0.309886901851746 0.0267364604400993 0.0662045884375491
-0.375878903178046 0.382427687119503 0.0188152562766245 0.0718316647029757
-0.416918966244361 0.361059138021401 0.0199880468504048 0.0691217061110458
-0.471195267192819 0.135908945567498 -0.0753219331465981 0.10820343722991
-0.542527708014538 -0.131806340982916 -0.158866336202682 0.0788183939828125
-0.346847340650825 -0.591501565185928 -0.187681060722793 -0.124303381721208
0.120783980085266 -0.74430683529797 -0.00942967776630809 -0.225847366390005
0.572727566822773 -0.438569141689318 0.223241476830898 -0.162468326231121
0.817268024929167 -0.109934267068095 0.261274294708426 -0.0483610288933557
0.780314282253168 -0.236015385340375 -0.421424115730763 -0.17417434048015
0.515807913022113 -0.53908138928278 -0.363194228657078 0.0388255957793086
0.0816305154642403 -0.730337286768481 -0.147939353766089 0.188072120148648
-0.364663022463996 -0.525026329370328 -0.0722914806446533 0.132868980065681
-0.540236584773665 -0.103655673982609 -0.0417286560207389 0.0941644667981524
-0.417798868492646 0.143477103316585 -0.111752853508509 0.0920679184912164
-0.384092182079291 0.256326876679461 -0.127585138458321 0.178024057836558
-0.352686612665666 0.321527004087626 -0.110326833852044 0.215580203761076
-0.384613908635209 0.295389113372088 -0.122608963005745 0.189040775017336
-0.417500782043404 0.0857240948935725 -0.218033539455936 0.162082386911872
-0.455132629517284 -0.139143185570924 -0.266021368416841 0.0598249174920573
-0.265430466930738 -0.515217693409077 -0.232274006355235 -0.132099418526928
0.125831358493093 -0.636800220758094 -0.033312755413893 -0.187570590660602
0.506320482759499 -0.373163073652671 0.105584552329329 -0.0693666889074558
0.750580334924904 -0.108671227549553 0.00221461039068889 -0.0137275448398271
0.608688809458618 -0.242459749354606 -0.63783302077886 -0.100839157888918
0.37161670755531 -0.455557921831841 -0.470058765711319 0.155390081379581
0.0385549219746414 -0.550122882106723 -0.143167087560475 0.199635837648866
-0.273478183475712 -0.374914567560542 -0.0972669124776009 0.089658387157529
-0.389711040129522 -0.0821612606140999 -0.147661210135558 0.0525107783704874
-0.31162732018009 0.084810602992194 -0.253458195644447 0.113320557909853
-0.300438511579296 0.160154232395679 -0.264450107141425 0.263688523009807
-0.276636632913664 0.210523884922123 -0.223825932512479 0.325575651293803
-0.294949085254144 0.182126776878626 -0.247504335718937 0.276715570066413
-0.302144035530301 0.0207208215059723 -0.324695342238272 0.182185757951951
-0.292538284176189 -0.128827313611642 -0.327307033408351 0.0176715925057025
-0.134538670209879 -0.358953831275549 -0.230580201579999 -0.136162273469373
0.116897556238191 -0.4221086254809 -0.0334666870006858 -0.142282709086263
0.361374786055287 -0.243829985290493 0.00319229024640281 0.0172125753229305
0.565122273100607 -0.0891368237404528 -0.223722770231839 0.0263727777714954
0.344096160614591 -0.208262763459834 -0.778833111808836 -0.0257342864065298
0.166027020966288 -0.299456244574355 -0.53305214091251 0.251118779838733
-0.0113639252639093 -0.282756774774999 -0.12506024770072 0.20193093662045
-0.139617720868391 -0.162103808321746 -0.0953094964927618 0.0497303558799974
-0.175738988070948 -0.0463714374673079 -0.212806102162571 0.00558584614416575
-0.152490463077925 0.0135470658771967 -0.347659136996996 0.113469514842066
-0.16524911855846 0.0385224320880541 -0.359830555378485 0.304867927067396
-0.156593858190155 0.0682950420177397 -0.304669089044306 0.386668345522991
-0.164040553704638 0.0465634909058047 -0.334290625170592 0.319948204887193
-0.151461982899464 -0.0402144359036511 -0.381006096106545 0.170434901431924
-0.107533917759666 -0.0964292285842849 -0.340058050540118 -0.0339011452475483
-0.00971201462037897 -0.165659575017967 -0.195829007091877 -0.134581530554681
0.0792443444666381 -0.172278067165977 -0.0196652842567768 -0.101359025585955
0.169174225533621 -0.1016809721425 -0.0700426861845294 0.0808727344990054
0.30384755189238 -0.0642499010973504 -0.385308556329895 0.0638792340166425
0.0363981854256673 0.0973335152249898 0.492842993425366 -0.180668007022451
0.0699391561170981 -0.00350004973875981 0.164652851715692 -0.20744764973374
-0.00077891897311901 -0.0701046763770554 -0.0180221524113701 0.0615424836163064
-0.0775655642309274 -0.0499214614214059 0.123386073339472 0.155427525654797
-0.0786968158003276 0.0540069960101689 0.321805160395564 0.0832640048206476
-0.0149910746867574 0.0884284367038254 0.411736692779052 -0.11188927721945
0.0201228564292325 0.0916131098847994 0.372233970186182 -0.316339333612901
0.0245281846810064 0.0769337511479353 0.304166487153986 -0.401556620134371
0.0170433432431541 0.0738648986567976 0.345460794882557 -0.335615784027872
-0.00771971511808592 0.0606622971568156 0.350482541354314 -0.174391394352963
-0.0470347856969591 0.018380661903123 0.244720926064356 -0.000575183030576025
-0.0307104348302661 -0.0434442216714773 0.106410381266115 -0.0478846100122505
0.0419043369793247 -0.00891162330560836 0.10594225859853 -0.180082085309407
0.0187782911813833 0.0510912396187265 0.403985774482978 -0.257940197081847
-0.044637246902917 0.0797945416512879 0.789985490400186 -0.0343131185429929
0.321347803788587 0.0260063019020262 0.42751116464616 -0.223097082658849
0.261778959073418 -0.145079970250896 0.122332844363801 -0.233377434125663
0.0659517868760958 -0.294119228668869 -0.0558169074374491 0.0610191293587635
-0.16098109408468 -0.237103482751613 0.076448156588813 0.166853258636149
-0.253481762253676 0.00037275366386768 0.297205306830669 0.116357788308722
-0.168886696755368 0.136124392342357 0.38652631029799 -0.075994557964589
-0.126921274324307 0.201560099807175 0.354063539623614 -0.263144663016651
-0.112990474884658 0.224498143760872 0.289066338018008 -0.344206506339656
-0.138269561396707 0.218705507185165 0.329466803157432 -0.290727279228705
-0.186469998754284 0.120496253880217 0.308106332793393 -0.125132956698627
-0.251106027754049 -0.0189049502440677 0.193226895777408 0.0318392351672096
-0.169601696096263 -0.250821638400323 0.0497950643407932 -0.0650550371501724
0.0679702897745232 -0.288979287246505 0.0923770829169312 -0.209965392629061
0.228204826637236 -0.131135477812904 0.42358308926006 -0.287169345070359
0.273088696863287 0.00787996300823635 0.78809667968885 -0.0738978489464838
0.566006599960076 -0.0566658942295261 0.282380484414771 -0.251014603840023
0.420092747720162 -0.290713109541863 0.0373836228405973 -0.223608277302069
0.109028398734157 -0.501816259841176 -0.0878010849275843 0.0791465673944349
-0.247030445437326 -0.400773642497256 0.038719736763555 0.17290189212066
-0.409620419209373 -0.044735417903998 0.253736828852563 0.129924561368981
-0.30282533507355 0.173191644608031 0.314961239066106 -0.0381332091969569
-0.255577874202431 0.28468502196256 0.283380874399076 -0.175507034564836
-0.232003083191265 0.336995413622131 0.229207686756376 -0.235655377210762
-0.271352826044335 0.330179753847592 0.260592777380497 -0.197423012988618
-0.337424347975436 0.160883330984917 0.212363664310421 -0.0549874255529962
-0.423715145933124 -0.0533576302256893 0.0996399063590161 0.0576302808813526
-0.291076698426085 -0.428010650803403 -0.0283060768254969 -0.0871162980343258
0.0816260879705051 -0.536762409103783 0.0627907586072972 -0.235671981980178
0.40613865433605 -0.301749076346262 0.395411952410618 -0.289782005574111
0.550089734487143 -0.0641262058512329 0.687325803074885 -0.0947529773800672
0.737428693900223 -0.145155152282934 0.0742237573254357 -0.252122881061745
0.524872641663016 -0.436420848513376 -0.083664973772881 -0.168529115741167
0.111424512549515 -0.674419260978937 -0.111973380112699 0.115940997184682
-0.337974815472954 -0.516722984360948 0.00677871050433552 0.172852298861646
-0.531786659667668 -0.0702521999179373 0.184614380388032 0.128434577059715
-0.398267580463242 0.195664057323073 0.200746045599212 0.00394647250384637
-0.347214926579714 0.331891813730474 0.171298185859252 -0.0626842209530899
-0.316552850016464 0.399048787979441 0.136464512420479 -0.0903182417178408
-0.359456909964324 0.387529566309717 0.152755046013222 -0.0718967477915751
-0.434862159014538 0.175611509139968 0.0796257872066517 0.0290295976600528
-0.53044295310143 -0.0815731462505721 -0.0229436138097702 0.0766073578394653
-0.371865651254654 -0.545539943961754 -0.116748955235481 -0.103035652127689
0.0810854108217993 -0.705375809613864 0.0211904784758249 -0.242336455264412
0.520713644057076 -0.423276876498588 0.322583645271306 -0.252032994024119
0.738236595451294 -0.120930366394382 0.497904902657107 -0.089601120813878
0.808343406675584 -0.223836793185732 -0.172766323460577 -0.219981074299795
0.550216636675435 -0.538673688702106 -0.222868578999657 -0.0694391675811515
0.0820627609827526 -0.765878368448168 -0.128318376062355 0.160336538557428
-0.396989498565899 -0.558893051772651 -0.0289192854357547 0.161142746641842
-0.584916913710959 -0.0784772988705285 0.0846173783448298 0.115666988770104
-0.439241062936595 0.193703061954671 0.0526684390537761 0.0513077526627897
-0.388165141496493 0.327242949965792 0.030755824338985 0.0630790355285
-0.351931459675523 0.400552350519698 0.0225268773488537 0.069472255923377
-0.391442052479828 0.381718901459766 0.0213946201582448 0.0659532445878132
-0.461688460938839 0.155966319924399 -0.0695685587118856 0.11158381705627
-0.543897764272893 -0.10194528979037 -0.152412711204562 0.0843527235671518
-0.374168663511969 -0.571815558843404 -0.1948027511678 -0.111769900099305
0.0823086957142096 -0.74443295736594 -0.0180520402919004 -0.224325019201524
0.547311483312163 -0.459146938031545 0.214403426892443 -0.175250168562485
0.805412811734085 -0.150855292716754 0.253655431264175 -0.059101475503545
0.760937470887739 -0.270536887166447 -0.423081223390903 -0.155779100488313
0.486895431042064 -0.5554538231092 -0.354392172168557 0.0564779802521028
0.0428849127135447 -0.727268217045878 -0.134362755861783 0.192064697485585
-0.386129383603758 -0.504756554082708 -0.0654875325370924 0.132657626329282
-0.539088965114748 -0.0720022596818431 -0.0336717776271056 0.0925607455280217
-0.408082392248489 0.162496041923824 -0.106142277501271 0.0964481621311947
-0.369213204322573 0.274760832244062 -0.114658726161673 0.182955688638295
-0.332283969935289 0.338592531534225 -0.0959712879593508 0.218516656129581
-0.363804107140968 0.314485288242043 -0.112952087197876 0.1931103120076
-0.411057684177081 0.104443986850162 -0.207657584928651 0.172179713666364
-0.455883488959231 -0.115029506154791 -0.260505434922863 0.07103537031291
-0.290116085301705 -0.500202816267953 -0.238309497377182 -0.117390718855888
0.0900399724750179 -0.637709621913387 -0.0400063768271272 -0.186626543739255
0.485113378804724 -0.392375818350169 0.101382643631062 -0.0789659184277455
0.739370984140756 -0.146548037774001 -0.000824476408765866 -0.012359863354381
0.593194977738673 -0.268521164231922 -0.634927471356712 -0.0764029664084072
0.348271507100474 -0.466189539713404 -0.454675478093712 0.175973412909725
0.00987174272972577 -0.548307627296996 -0.129332581807388 0.203337092247253
-0.287672365679977 -0.359036145607901 -0.0918326527399177 0.0906316675133543
-0.389673244642988 -0.0592247983759809 -0.14131838823719 0.0576736138913847
-0.304789355122744 0.100037811846234 -0.246008816108942 0.125265410931962
-0.290847696938288 0.175635604741206 -0.244244228084971 0.274093101702066
-0.263202133336933 0.225738091071202 -0.200819700484167 0.334135416089015
-0.2821365563946 0.196046693852896 -0.230057953628319 0.287074590951719
-0.300432902977861 0.0347061174747688 -0.311374076389354 0.199120460066577
-0.295401116142393 -0.113419659006252 -0.324123945181694 0.0329222480499792
-0.152579167587737 -0.351310918481474 -0.236305018436934 -0.12189406658822
0.0935533508270663 -0.424528809709995 -0.0389515183351771 -0.143232193871986
0.346333401555612 -0.256739821687415 0.00419122699767274 0.0108988963138503
0.557428631378473 -0.117220750277067 -0.223752694612973 0.0374251909424472
0.332033003794683 -0.221884060911719 -0.772471420232382 0.00385843511701511
0.153141947208426 -0.303067119495312 -0.511341598455944 0.271843932181505
-0.0259487667544476 -0.280541432218593 -0.111708027879188 0.204901386688172
-0.14567919245187 -0.15498905065929 -0.0916509933836427 0.0521714610686718
-0.176453795641913 -0.0347391685490759 -0.209931436000697 0.0150423882720844
-0.15092558990831 0.0214490834465113 -0.340439839908208 0.129641108389561
-0.164104471539323 0.0483571387504042 -0.336157638361296 0.321537477340787
-0.152611449002391 0.0771281059030463 -0.275580127767977 0.398889618199788
-0.159910688769172 0.0545210659391131 -0.312298430148091 0.3352236982571
-0.153283857574951 -0.0324055875126459 -0.367131554225882 0.190704192941847
-0.111446227766856 -0.0900507904751009 -0.339080172861363 -0.0161753393642986
-0.0185872893013988 -0.165360890153494 -0.199508807589409 -0.123210066485445
0.0686190798485682 -0.174515950245446 -0.0235562133607973 -0.103872100569104
0.162693232939665 -0.107749332152891 -0.0657974171308633 0.0773864863585474
0.298434591359753 -0.0792588628414984 -0.381994038013912 0.0823896443726629
0.0686142066034745 0.0734866181276431 0.398657674329367 -0.328130586234555
0.062576429728477 -0.0306389308804962 0.0842724015512134 -0.240773231323622
-0.0231507013872515 -0.0647977136974584 0.00714114080887839 0.065463579072101
-0.0881452022385492 -0.0175391431687567 0.170779004191536 0.100579692925972
-0.0513224781363865 0.0750464391322262 0.32496389190913 -0.0336599421605959
0.0201440059987215 0.0836526878410583 0.341450233671863 -0.247746732588731
0.0521313001008516 0.0755317845850196 0.230990960012918 -0.42241361796532
0.0484026733802551 0.0588131549304468 0.135455077947656 -0.470383533104852
0.0418358997267703 0.0616142849573199 0.202928315245648 -0.425300135241772
0.0122657530138064 0.0568922625164893 0.265236812767369 -0.277849059633981
-0.0358487304332675 0.032493270440801 0.226395940960652 -0.0833093037817874
-0.0422496910971542 -0.027939041850763 0.0820997171959389 -0.0761551528950782
0.0355100867492844 -0.0218676799950231 0.0388906498614802 -0.197143726294199
0.029814471542596 0.0440047439665666 0.297314619132563 -0.363554967037514
-0.0223174766318068 0.0912386876971836 0.719475370238846 -0.269790862260165
0.312302395892557 -0.0920641220749624 0.320255029594053 -0.335286843585373
0.191403467303343 -0.229984550144933 0.0382248460175108 -0.238398272952258
-0.0404471311808385 -0.295410979491655 -0.0159079810100422 0.0849256266353725
-0.233014145914838 -0.159910472704032 0.142242176195018 0.124744556598682
-0.229142844057043 0.0854527635079759 0.318396333567649 -0.00208498246687723
-0.105477572991844 0.178363365577431 0.32960266663886 -0.211454798516541
-0.0488882835800708 0.230028546652766 0.235125894782987 -0.373779809785469
-0.0279761361227784 0.23977334336247 0.138878195556098 -0.418532248664087
-0.0525370895442578 0.246762691462582 0.201355893256997 -0.380241382029875
-0.134182391988495 0.170658289536414 0.244759520347171 -0.222324771650364
-0.236566802615741 0.0665875686436267 0.194164930087539 -0.0405385635077564
-0.240331163348487 -0.176161738197589 0.0286318097193156 -0.069828773131321
-0.0319725640123572 -0.289411530866873 0.0155561508657823 -0.216398029279513
0.164707110916371 -0.194915089375482 0.300257397969111 -0.399122738688353
0.253660216501448 -0.077532103982495 0.697366070883778 -0.31125211548468
0.514441826228876 -0.255222894319215 0.173565682812498 -0.305750036464014
0.290052014688323 -0.422208416990949 -0.0363532542945044 -0.191428157917014
-0.074812958647577 -0.502021181093872 -0.0269577092220949 0.117476415252035
-0.371018434488472 -0.278323544337252 0.11983509648159 0.140434938803196
-0.387557198678026 0.0977052548635961 0.287534489102791 0.0183028047996122
-0.216480405786427 0.256331874141594 0.275836104852596 -0.157649323519431
-0.142789013765682 0.353886473539682 0.204105741688339 -0.273155649072006
-0.0999800251760255 0.384021785413914 0.121334516065788 -0.301876741712505
-0.137534267308472 0.392086668106965 0.167981683047438 -0.273635993706424
-0.261504477017371 0.2578008264898 0.181303329258105 -0.127864855592347
-0.406506034084536 0.0915832478173629 0.120577729078207 0.0115927373810531
-0.411232573655332 -0.301766674618016 -0.0471861484485882 -0.0613248785332989
-0.10045833734495 -0.523068967143715 -0.0220692781468051 -0.227047088060298
0.275603106549047 -0.412280335698646 0.268195576424252 -0.396034931754386
0.493262284892433 -0.232550264184858 0.590724007458991 -0.305483240176138
0.644822828157968 -0.397930699755838 -0.0237888278249336 -0.232356311277637
0.33726832641094 -0.593122370630157 -0.127483794118891 -0.0931595019521552
-0.133275707388575 -0.664284892593976 -0.0265666577466613 0.162657879490754
-0.498143825679799 -0.352943050024763 0.0985798259266708 0.148724172141612
-0.51026869270155 0.116303009401935 0.225052579801157 0.034402587114631
-0.299572411096538 0.309770569876136 0.184476278619484 -0.0829803798099053
-0.21451219712261 0.429389779497188 0.142565723402584 -0.13207129709578
-0.156368799428578 0.468552702953301 0.0863103700622647 -0.139416803461633
-0.200645461624054 0.474741851011362 0.11047367023923 -0.123217019542047
-0.347162313502581 0.301599772517825 0.0874748312068465 -0.00764840143912532
-0.515879160617935 0.0992859024514357 0.0160002301882185 0.0686140156238031
-0.525105457772136 -0.384466818110982 -0.131466781330161 -0.0462885174028437
-0.15619759143384 -0.679181366347793 -0.0642465883325654 -0.217967913039369
0.341210635488301 -0.561741982446277 0.20835920701914 -0.340194900447529
0.652909860589291 -0.345663643460716 0.414296624758829 -0.247356469201947
0.685214279856116 -0.494187808506629 -0.243825198955326 -0.119136410841645
0.325538378283875 -0.698004002164041 -0.220920559575778 0.047762110745633
-0.19268329661936 -0.737241113626367 -0.0213103039461554 0.207801135153116
-0.568247240478884 -0.371439667406239 0.0648006823298005 0.145802609351506
-0.562722441102865 0.127537443528673 0.128979137171756 0.0523073243104576
-0.339381544696254 0.322409470180297 0.0636555590149679 0.0103061598867987
-0.254445458054676 0.440971555907496 0.0592087867456339 0.0316294579111054
-0.187833052772126 0.482900916397621 0.0379008685107589 0.0437350546759048
-0.23221263169233 0.480876767317126 0.0360084984663078 0.0473268549759395
-0.376302840063985 0.2954299336165 -0.021739678542527 0.116926647881223
-0.535603948415784 0.0850327061462013 -0.100510385862277 0.118967747332607
-0.536331031030394 -0.408009298474153 -0.206102852342819 -0.0294134591647207
-0.166635440210337 -0.713441419960476 -0.0963755326535489 -0.189402492712824
0.355588330267538 -0.6035836188286 0.130474355323698 -0.235981070767006
0.706824480049109 -0.39545637023371 0.196498944613348 -0.145676228388876
0.621962712412717 -0.519853691698846 -0.454998828269968 0.0202186282031719
0.261771486911522 -0.691686643003246 -0.300663963372689 0.204907965128065
-0.216389656091555 -0.690164740281216 -0.0181107647580594 0.236900439583627
-0.537225689229072 -0.32626831946787 0.0177445255576011 0.130957434692738
-0.518177913190081 0.118542124721497 0.0105370395856988 0.0717078067233944
-0.323184489840013 0.286411116556164 -0.067276568594749 0.108012334548351
-0.25674568727642 0.387836012124802 -0.0326101869235563 0.194636983498636
-0.19128983143631 0.422409843107672 -0.0169243990656288 0.221211092917825
-0.228392320493478 0.408529744037122 -0.0432547438373295 0.209769084116008
-0.347550126100752 0.230281898057784 -0.129050701679665 0.220689965324364
-0.457867092711301 0.0445736827405863 -0.205787926580869 0.145303761588547
-0.435532682863191 -0.371396090946531 -0.249713727527504 -0.0217354731376161
-0.124709030175272 -0.617800006001295 -0.104724685231275 -0.15182548528201
0.320591535335877 -0.521716399956256 0.0567713816678518 -0.11189825844287
0.647911630104671 -0.373365558028878 -0.0240700937491582 -0.0244659544167303
0.463067301797179 -0.456329648814699 -0.62266718349748 0.157084258031075
0.163032190091964 -0.557159271669789 -0.355530136380618 0.339450513366254
-0.183606070618706 -0.512419061850933 -0.0200239925623614 0.240901399023689
-0.395880527915749 -0.226955559425683 -0.0300623241798268 0.103959545648249
-0.378354390690676 0.0797999359418481 -0.104760933636088 0.0818291710658227
-0.250875871744491 0.194600092249759 -0.187184525737274 0.187625628078904
-0.217303460664277 0.269914010355871 -0.120197953557079 0.32839413545995
-0.167012818778335 0.295329446796011 -0.0696362084115826 0.365681077308841
-0.19356693763552 0.274357028881076 -0.117991512592416 0.337114549120835
-0.26615661678755 0.130900475737329 -0.216970282452194 0.281717109866631
-0.30954384866906 -0.00731735639539272 -0.279676285686397 0.13500581069526
-0.258425354553872 -0.277192298284243 -0.252297724936126 -0.0294921306468574
-0.0533512533681013 -0.421703204431647 -0.0890979257767581 -0.116802515943856
0.237874815485245 -0.351798609478755 -0.00291635923226679 0.00175752735376712
0.487611306207698 -0.289158693877442 -0.209450339356418 0.092853601496034
0.234357885302694 -0.320237259129291 -0.720611555254849 0.266981017879663
0.037988550526663 -0.333629093887242 -0.380507750768459 0.433246146854392
-0.122376823863583 -0.252275978233932 -0.0189225281071709 0.229375893480211
-0.189992500212403 -0.0907088604305917 -0.057037758694131 0.0720634286080447
-0.175742126323554 0.029432452101063 -0.186650267580957 0.0748759391423933
-0.136383799740004 0.0719883753014103 -0.272170136982132 0.231003925837943
-0.140723372890957 0.10664636624164 -0.191013586153444 0.409507248189467
-0.115569644582259 0.124662246473039 -0.112436377400782 0.455466061515765
-0.130117497721752 0.103836751326605 -0.174376708612927 0.411305283453365
-0.151865111321155 0.0219645613148163 -0.272745430789437 0.295604979393571
-0.132773614344981 -0.0468047321048126 -0.313341556818255 0.0985007544933293
-0.0726281001986905 -0.148369552775082 -0.221787443401686 -0.046403264013968
0.00511198895069206 -0.182468991973274 -0.0599079645975861 -0.089849875213674
0.116793444186362 -0.153292112605268 -0.0425825215336399 0.0870254880442305
0.258131561748484 -0.172048751273833 -0.335296618345044 0.186443627557592
0.0686380836924096 0.0712503679682738 0.393782266603646 -0.33097823338043
0.0606928842340016 -0.0308419081093917 0.0798965788531928 -0.23729481689742
-0.0221866230177969 -0.0646023283362719 0.00828499322219927 0.0662133774717278
-0.0877077740907955 -0.0165169329204991 0.171283062805087 0.0954606117297496
-0.0497698652438488 0.0747553452137545 0.322299376866673 -0.0422628692593926
0.0215740475057272 0.081583601871375 0.333455680578455 -0.255612965228805
0.0525983587658121 0.072274587067774 0.217220980334624 -0.423597552133891
0.0498907801161744 0.0563816257114048 0.120004721041953 -0.466401473257593
0.0439070241798274 0.0602152899321911 0.188302334190361 -0.427832546117306
0.0138405292978196 0.0552431181408271 0.254359964115724 -0.283415130581069
-0.0338468058486068 0.0331061502397831 0.223879820618691 -0.0889073755503515
-0.0414343615823786 -0.0256469254023168 0.0783997750631398 -0.0756236353553835
0.0350281625372584 -0.0223358799263806 0.0365746987895413 -0.19285987710819
0.028599279949699 0.0431990471031451 0.290806651806538 -0.362871595827925
-0.0225771275597062 0.091389571221538 0.711019197249776 -0.28019502040093
0.3066113192037 -0.0978050062184405 0.315075382162579 -0.337035506486979
0.185471489754531 -0.230662605627567 0.0343651266591319 -0.234248574652298
-0.0450456827362654 -0.290851801635346 -0.0126495815600083 0.0844407376726482
-0.23420555681178 -0.154778305013512 0.142944441613709 0.119656896718426
-0.225543264537681 0.0881701992313213 0.315551775251281 -0.0115706909751224
-0.100845339735218 0.178027657704293 0.321682815795071 -0.220217322672391
-0.0439333317579416 0.228748326741178 0.221785444965333 -0.375998648931788
-0.0205901458477338 0.238660424782328 0.12456083230002 -0.415073466015086
-0.0449670066655948 0.24595101189696 0.186388414229571 -0.382676252951254
-0.130404034598253 0.171207563534548 0.235297609296704 -0.226887450496356
-0.232421766972497 0.070542584752931 0.191974428475755 -0.0465456557000934
-0.24284847007086 -0.168864878726668 0.0255080813342037 -0.0683245275540612
-0.0392759663492314 -0.287202699788002 0.0133399551911793 -0.212450206567482
0.15888583665702 -0.196056375917396 0.29381974259565 -0.399444978689568
0.249211808651955 -0.0818885486618572 0.688580573866315 -0.320598407803955
0.503678972408431 -0.261892922587589 0.168916080202452 -0.305604682465352
0.280326868750787 -0.423869237360475 -0.0377394555613814 -0.186371946465795
-0.0832117753027258 -0.494399917025224 -0.0227461341516915 0.115702262624463
-0.374359201381182 -0.269542970657009 0.12047010424268 0.135541164358485
-0.381436603961969 0.103744644752375 0.285216547561166 0.00891013509516699
-0.210731848961704 0.256954016487131 0.270136704056208 -0.165170753765337
-0.134224543230674 0.354946113515112 0.193274315321164 -0.275591403476504
-0.0883770894422318 0.38489164435452 0.110663056200988 -0.299575212063963
-0.124798246700594 0.39361644811402 0.15607900198568 -0.276225516513978
-0.255243994729655 0.260232150198771 0.175027868936126 -0.131249590578089
-0.401400011375413 0.0990810306222175 0.119209044060815 0.00689827587949301
-0.417592769268601 -0.291344316872968 -0.0490213735999528 -0.0573488614728959
-0.111028011145827 -0.519326309832618 -0.0240895857423456 -0.223980162835666
0.265407368089882 -0.414118634234146 0.260497119767855 -0.396748187744841
0.484070508688106 -0.242228737470638 0.582191979426373 -0.311760006483964
0.631038806521808 -0.405601567303645 -0.0270434001878915 -0.230734067545771
0.323534252716141 -0.593092779690423 -0.125884523239187 -0.088408677731864
-0.14549885361353 -0.654055078252237 -0.0216578056036283 0.159615956956522
-0.500191636782369 -0.342141460821082 0.0986928307613174 0.143500103750148
-0.502194143258015 0.125272188458948 0.224152534154826 0.024923839237172
-0.290423480594383 0.313414361229362 0.180052798721393 -0.0882941461031622
-0.203124569004164 0.432877057077814 0.136726778148387 -0.134998157791969
-0.14197795775785 0.47236878893223 0.0797168610846143 -0.139045714107487
-0.184891899166899 0.476042155888662 0.102633105687614 -0.125222335352152
-0.341303677756805 0.307259709447761 0.0858824796707247 -0.00956218782028518
-0.508612735470234 0.110404214452636 0.0167903373979456 0.0660172194783184
-0.532912013625925 -0.37291195091814 -0.13245487569932 -0.0408923970142884
-0.170658519013842 -0.671784133566533 -0.0667472279708551 -0.215691493442048
0.330087040986884 -0.563617556186358 0.19998290849412 -0.341864390362689
0.641529549286402 -0.3580206638071 0.405425354704681 -0.250614324076153
0.668544666152601 -0.501478759952191 -0.243544875943366 -0.115683712832586
0.312037249675115 -0.699597804841179 -0.216944876592017 0.0520731873173839
-0.207634911240924 -0.726657578117914 -0.0144157168193488 0.203515435882633
-0.569842461101062 -0.35877311136215 0.0657039752790677 0.141490021898075
-0.553560046135271 0.139708504056546 0.129748351555923 0.0453425288215712
-0.330033859873231 0.326722842594225 0.0621566278323405 0.00750156372176472
-0.243602817886953 0.445988507954947 0.0582118591041552 0.0289823101668365
-0.173507018142908 0.486681695713784 0.0378750525331284 0.0421142266765362
-0.216680350739372 0.481407788631021 0.0339536306925226 0.0456016732428642
-0.370526183629358 0.299449459127119 -0.0196898252403418 0.117748933952716
-0.527020090686355 0.0948309331975028 -0.0982380775887028 0.119753888961371
-0.546132325070637 -0.395518216113665 -0.205699301814476 -0.0222542329744218
-0.182378254888032 -0.707506758716798 -0.0990862478545854 -0.188360723002297
0.344372327311729 -0.603298657966762 0.123542522908226 -0.23860395088939
0.695153228218219 -0.408225977577774 0.191226849930684 -0.145371845510869
0.606072567264319 -0.527510691189961 -0.452129840008319 0.0257310901178507
0.250415907985828 -0.692001313861905 -0.293934234252519 0.208399158801838
-0.231354973144317 -0.679826469762433 -0.0110905665569122 0.232422839188974
-0.539925647192293 -0.31457662414594 0.0190426185860138 0.127707918223128
-0.511330133029362 0.128989804852558 0.0127861650199237 0.067289344339034
-0.315119984527152 0.290766273976258 -0.0658317259643317 0.108620300304383
-0.246796407932516 0.394252517279687 -0.0274532544312913 0.191748669035563
-0.178493462367767 0.425838960477508 -0.010457342780137 0.218049743928307
-0.216587629186208 0.411185102587414 -0.0385186030587292 0.20912380220873
-0.342315988315284 0.236867902777475 -0.12202140656053 0.223321142266798
-0.451913197526841 0.0535954827417928 -0.202090655856192 0.148321177627341
-0.444386447055046 -0.361192717019269 -0.249036511761234 -0.0145454468624025
-0.138410900285277 -0.610457787792893 -0.107569938834786 -0.151808756194409
0.310179412977117 -0.522233400596674 0.0511831096584905 -0.115893009509879
0.636264882460179 -0.384647643784847 -0.0252086217811 -0.0210251241263031
0.453854952159917 -0.461929692986507 -0.618419268668052 0.162338803525685
0.154950722031118 -0.558229161883506 -0.346495334853075 0.341518919398723
-0.194660638594225 -0.506194118933255 -0.0134879018840045 0.237234164166887
-0.397452898366885 -0.220114219733318 -0.0288381528365697 0.102975917108303
-0.372833228029348 0.088786606345866 -0.102146244876489 0.0811742008479529
-0.245698381148968 0.199329780163639 -0.182853959395039 0.191817889742541
-0.210040169701428 0.276056251709515 -0.110938365159035 0.326621986224005
-0.158104634701147 0.300979672379381 -0.0578666097221749 0.361625546022464
-0.185516864820789 0.27663597556799 -0.10746885533212 0.33720917640563
-0.264201664469733 0.135373523267256 -0.206557155418037 0.286183947152117
-0.306939562994097 -0.00055906648259672 -0.275594835300249 0.14136728309502
-0.265266849851479 -0.271226073025559 -0.250933055130216 -0.0231445768327183
-0.0630073747824312 -0.416847236650205 -0.0926469242032475 -0.117848154684845
0.2306458175618 -0.350968221039781 -0.0058220664330404 -0.00179528402651984
0.479879641276434 -0.298730797273839 -0.207935251960525 0.0975834773961108
0.228215375096805 -0.32114272216412 -0.713741918633301 0.274020842564991
0.0339772114380162 -0.332873269629519 -0.368663706765893 0.434204695026163
-0.127847202230476 -0.249207143024434 -0.0141656088693459 0.226270301862575
-0.190088141917186 -0.0885375083213557 -0.0552289517819134 0.0723608685012011
-0.172556928669994 0.0349613482850698 -0.184238106054087 0.0766297038540295
-0.133752922305161 0.0753014518934794 -0.2669906133356 0.238263384164653
-0.137986666951666 0.111365853495481 -0.177907943988548 0.4088385028461
-0.1114268665145 0.128603399737373 -0.0981049226720924 0.4500517880796
-0.127327261011897 0.10589855125835 -0.160771951449889 0.412295437913153
-0.151816474521792 0.0256817364877755 -0.260676055439024 0.301414369514783
-0.132173199252678 -0.0435646144573131 -0.309454777587868 0.106032324833425
-0.0776839721132072 -0.146192629368706 -0.220496564807006 -0.0411539470280047
-1.07593550500041E-06 -0.180733194796854 -0.0640772374775754 -0.09159959929609
0.11444690979381 -0.153594926344261 -0.0433063929810427 0.0835110843999412
0.253792761566761 -0.178062830222391 -0.330378820996659 0.194423196877225
0.0690214711116836 0.0694721198534735 0.393500806067132 -0.340987543151243
0.0595777300097031 -0.0317022480861614 0.0781937610446057 -0.238186967641549
-0.0222914033642599 -0.0655896759557691 0.0106395131263962 0.0684221216930042
-0.0892222628374588 -0.0150000186621394 0.174594324039503 0.0915610546586526
-0.0486428561621952 0.0755273506071456 0.323201041813993 -0.0523972513130325
0.0232032381079314 0.0803452617644981 0.330116890583354 -0.269460434201876
0.054162758767474 0.0706334144227255 0.206645431234815 -0.431052450525492
0.0518566738173071 0.0548693524226404 0.108055621972185 -0.469211052437578
0.0467789169322216 0.0584908185618038 0.175662341449272 -0.436397012038926
0.0156380773651367 0.0549571311463432 0.247006896710906 -0.293990262488145
-0.0330522568668316 0.0333895864869517 0.224273753413094 -0.0958761234942251
-0.0410584869330711 -0.0236770725835317 0.0765239763974398 -0.0766836888185233
0.0344790102712954 -0.0233340470578841 0.0349888275992346 -0.19162344666521
0.0276705840423803 0.0443583038626025 0.289153358836878 -0.369503286335501
-0.0230454410793522 0.0935177979137928 0.71321101763996 -0.295151657610198
0.305530366015201 -0.104601905671446 0.315196671418871 -0.346597114331223
0.182511573434892 -0.235974074402556 0.0311440532931747 -0.234226319964431
-0.0507144155134225 -0.292548348509061 -0.00984009403767154 0.0853811301525056
-0.23967506353429 -0.151842301262024 0.145262676306016 0.115854744994364
-0.225343194092163 0.093807820423045 0.317966004970176 -0.0222445131261356
-0.0989919251897909 0.180198290780625 0.319192039965429 -0.233045630777484
-0.0397181251350053 0.232396984385848 0.213070276116936 -0.383738010313595
-0.0137912437406014 0.241987007920483 0.113099128445119 -0.417928572174963
-0.0371349399155482 0.248800163513747 0.174793995551955 -0.391038459709699
-0.128450932229898 0.175085868198452 0.229798583869974 -0.235328770375976
-0.233093481695609 0.0761853891500776 0.192567568870321 -0.0518970051936938
-0.249443316802638 -0.164820456166537 0.0232935706272468 -0.0674648395135916
-0.0463559153874497 -0.289452642734038 0.0115494462598259 -0.212559942959339
0.155591596089715 -0.200087097468985 0.290339020788077 -0.40862250998356
0.248650510083874 -0.0884213094722123 0.689489108607483 -0.334179311863511
0.501175359351598 -0.273326888097579 0.166135278670371 -0.31111738397424
0.273578290730015 -0.43218891739449 -0.0393107302825612 -0.184566289632332
-0.0943090434780346 -0.496701180618339 -0.0185780643984736 0.115657649543238
-0.382260609532327 -0.265097064395672 0.122626916297367 0.131804359563803
-0.380966181041216 0.113805541851886 0.287495565730464 -0.00154774082880914
-0.207991612725268 0.262855030060045 0.267040632864078 -0.175338296168874
-0.127685068769433 0.362673359140241 0.185884175387438 -0.281604552283385
-0.0772564875682956 0.392744858918411 0.101262179362961 -0.301848813307296
-0.114452435524131 0.398793930951743 0.146157632871978 -0.28232514461742
-0.25439854996378 0.268035304726999 0.171697472768071 -0.137210700818937
-0.402413796928824 0.108231290473981 0.119702592579738 0.00372059056770478
-0.430058818949493 -0.285353135105992 -0.0520257865070252 -0.0550212931073445
-0.124779226897624 -0.523136510045201 -0.0259570062384667 -0.225079957483834
0.261186409242811 -0.422449220685386 0.256725971726924 -0.405346739929483
0.483834170360122 -0.255521496577479 0.582777764763936 -0.323815471617463
0.625789478811376 -0.419541584561263 -0.0299055607046511 -0.232204135451907
0.316685140205714 -0.605930335218952 -0.126989308422083 -0.0851796199387227
-0.162387503280518 -0.654373688891314 -0.0156738225709197 0.158105248991523
-0.51195541329282 -0.336943935088055 0.100446512256139 0.141366452993978
-0.49938449969359 0.13806471691059 0.226796265422311 0.0161249312890439
-0.288610468170306 0.320846737877695 0.178070781075623 -0.0947694370604728
-0.195888491420719 0.443780270578177 0.132726821417648 -0.139674828990665
-0.128629168272843 0.480835014595824 0.0744541841650035 -0.140997913978071
-0.171575838739949 0.484737741129013 0.0965736952440908 -0.12874078842056
-0.340093108147072 0.31706514219132 0.0842784155018431 -0.0119781170007779
-0.510535690954765 0.121533319658279 0.0171388735590844 0.065997848254382
-0.549389471106511 -0.364087674792947 -0.135226746918611 -0.0362305953555707
-0.188108834079921 -0.673847724607151 -0.0698809234850342 -0.217130438988084
0.324354023981316 -0.574305248938661 0.194390364264047 -0.349260957679334
0.640171540413228 -0.376622951309664 0.40520962211832 -0.257644080958604
0.664567760473275 -0.518817858367583 -0.249213705284118 -0.112559482575806
0.303967822610454 -0.712601146382777 -0.216559534557462 0.0572328132129776
-0.22644296100405 -0.727547445544038 -0.00812384875593225 0.202035154838904
-0.582877843897819 -0.352696562495921 0.0672817029235002 0.1403595072674
-0.553029795038344 0.154880096366151 0.132562244174035 0.0385945397519222
-0.3277296772791 0.336330640185644 0.0612042155694136 0.00601665190172987
-0.235881504380196 0.45958680220004 0.0581961464114786 0.026263535187154
-0.159922408407803 0.496806825318649 0.0370038854199572 0.0415358703651903
-0.205949124389335 0.492275103823958 0.0333842540391244 0.0458085026044611
-0.369843185198667 0.309164125288175 -0.0174115617332327 0.119662674282812
-0.530324494592591 0.107026179554607 -0.0972780352924898 0.122575857953689
-0.563330811860528 -0.388407690328775 -0.208674058519648 -0.0165273380260143
-0.200790009786874 -0.710221095222376 -0.103487737110264 -0.189926700238289
0.338890998370595 -0.616148413295911 0.117860258307739 -0.245446388567103
0.69407615257128 -0.429089882306155 0.189648544933115 -0.147524662855644
0.601725211500607 -0.543747683613574 -0.458063008142685 0.0320107264672723
0.241730989557462 -0.705187675372108 -0.291058513934516 0.215416710100437
-0.249588155932982 -0.680264845281532 -0.00490035699095853 0.230921352997489
-0.552891892822205 -0.307504135146749 0.0211708541270052 0.127478919428599
-0.510158757881395 0.143773471040634 0.0146218514802228 0.0641490545871555
-0.312414526413525 0.299965419359918 -0.0663745478911603 0.112432966879763
-0.239119572479695 0.406057285013336 -0.0239342747413903 0.191982208437753
-0.166069124460507 0.437919115664003 -0.00620984617858663 0.217667345829802
-0.207067530339426 0.420041080487135 -0.0346063835583453 0.211700502082077
-0.343227709614659 0.24577973275501 -0.116581485901994 0.228402814475442
-0.454976498748043 0.0639926365972887 -0.201300199131581 0.154699294639156
-0.45841748276174 -0.354854643968394 -0.251565459327149 -0.0082651542221756
-0.154439658327679 -0.613715975436782 -0.113304455674045 -0.154175915017328
0.307404042338613 -0.531221245479541 0.0457414307483812 -0.120396549940217
0.635391011133582 -0.403503473188289 -0.0262461687510482 -0.0183180177813038
0.448189084693386 -0.473927004906675 -0.623383126205043 0.173547761751364
0.147616791865798 -0.568002272179663 -0.342283096389997 0.349949326448843
-0.208436702534551 -0.508508922315935 -0.00837942237474857 0.236714587541067
-0.406436810550408 -0.215909512645908 -0.0271807871942998 0.103086747709648
-0.373066128269245 0.0997789106745532 -0.100899853229052 0.0822291493145442
-0.243655826725728 0.207396759704759 -0.182762398458251 0.200414060159657
-0.205316444025538 0.286483025549339 -0.103760330523494 0.329210176066056
-0.149965869295431 0.310308045787493 -0.0493536341652768 0.362455196541246
-0.180082968188522 0.283919645733473 -0.098937949611488 0.342510796208712
-0.26504784902529 0.14352979075633 -0.199882453885394 0.293785290298736
-0.308568725532175 0.00643114606731037 -0.275002968413221 0.149925549519673
-0.277719673974407 -0.268335699726651 -0.253859624648376 -0.0172385406883423
-0.0748137099402911 -0.418383592521309 -0.098802548443961 -0.119920388904751
0.228887993056473 -0.358615884691208 -0.00995723655807993 -0.00445773713167051
0.477530389827868 -0.314128960637678 -0.208470739244135 0.104737207323393
0.226437646349834 -0.328841581770313 -0.718280679700108 0.284404456429957
0.0316347943152768 -0.337935988089355 -0.366003320340481 0.442399238639389
-0.135506522878264 -0.249628477920862 -0.00895947114449193 0.226980349663509
-0.194230969150088 -0.0869620926472185 -0.0542107261986303 0.0741813231608978
-0.17183526170907 0.0399208808337302 -0.184099102804706 0.0803723508367197
-0.133733314763968 0.0798637029372664 -0.266260348740149 0.250280945220441
-0.136569838803285 0.117718619610652 -0.168382918474033 0.415167216062582
-0.108415447302101 0.134149963688982 -0.0858364737243528 0.452459089780377
-0.126334344112325 0.110415397948039 -0.148558259549055 0.419354670381849
-0.153542104895931 0.0297065939671342 -0.253272446256685 0.311355390496707
-0.134244599413191 -0.0414013227082208 -0.309242623755649 0.116357592064642
-0.084371962444052 -0.145848047727714 -0.222552302293545 -0.0361161476168079
-0.00520002103980608 -0.180902823783069 -0.0704964895703785 -0.0941426380393885
0.11442607311001 -0.156840456584977 -0.0458915515329737 0.0829718700464551
0.253763305466751 -0.186934729602109 -0.330274190638529 0.204306100648895
0.0709829997436036 0.0674098073806486 0.390589330546898 -0.359722771120923
0.0589069346923596 -0.0336076230820016 0.0723498813206735 -0.241640673224176
-0.02425281548203 -0.0668905572837794 0.0158271099664373 0.0702924376988474
-0.0916498799446141 -0.0123736404901724 0.179818761525858 0.0849274378367084
-0.0475019362414317 0.0775224607304349 0.324492239056359 -0.0687118817229945
0.0257017758656987 0.0798649513271503 0.323416864317123 -0.290157189703181
0.0571525232475389 0.0687928771416481 0.189476578104312 -0.445599190173215
0.0547981672167507 0.0527393915871585 0.0890756086526434 -0.477144512538452
0.0505960919055833 0.0560710922020464 0.155445213716767 -0.449963353425967
0.0183157744710417 0.0544298997905175 0.236261320612617 -0.309066683511942
-0.0322199616425867 0.035013171514838 0.223488180945858 -0.107422303871973
-0.0415711218248989 -0.0215997546674641 0.0734043899501415 -0.0793823369986842
0.0336675808743572 -0.0248288728747493 0.0315851252751061 -0.193592341712431
0.0280807676003972 0.0468604574995718 0.283622287439355 -0.386082577881805
-0.0211061714176987 0.0974903537984922 0.713586084470684 -0.324197478833814
0.303033520822052 -0.118588486460816 0.308493836932659 -0.361482561298718
0.175211769572953 -0.245166040655888 0.0253508152695051 -0.235611163397508
-0.0622023601935413 -0.295037062924701 -0.00464749950406365 0.0862864313350868
-0.248541080968083 -0.145715601342314 0.150291313687937 0.110694519715731
-0.224652659924867 0.10370302546409 0.320041532656409 -0.0385681222201508
-0.0946008809629656 0.185135677901353 0.312671568222993 -0.252672313505355
-0.0313412960285933 0.238794920737192 0.198793206579662 -0.397381100739305
-0.00272185082507062 0.246521275088632 0.0960161787550724 -0.42515907481802
-0.025512856432742 0.252721995237663 0.156010832245356 -0.404030467815643
-0.124269641649944 0.182508977550025 0.22001855220258 -0.248950714298329
-0.233599231435506 0.0859214029092305 0.192903179699511 -0.061410120315189
-0.260633442712628 -0.157073239676814 0.0195646397948543 -0.0677818271115761
-0.0597454838958843 -0.291997183922777 0.00735226087202204 -0.215182224710195
0.150160551780729 -0.207212073243686 0.283141332947897 -0.423774770166927
0.247934082492317 -0.0998193336937866 0.688115678209956 -0.362203671149042
0.49471157839612 -0.296404586868746 0.159042452031463 -0.320210686009688
0.262568268910755 -0.448803581453001 -0.0448372452784762 -0.183526057254084
-0.114092346932634 -0.499132028433717 -0.0125830159971794 0.11589428163576
-0.397736027065484 -0.258068205264848 0.126722867129389 0.128020042316687
-0.380594497343474 0.129811419754248 0.290589347435249 -0.0169183628181008
-0.201922355769895 0.272536429852034 0.261646842315865 -0.190813371027854
-0.115017287470008 0.374672373984481 0.175174837128226 -0.293969357697304
-0.0599814363797385 0.402772320451341 0.0880301771265096 -0.306879519966374
-0.0973017333367571 0.408730332116084 0.131860708035954 -0.292134164947077
-0.249192652119713 0.28263084177162 0.16620832797179 -0.146408364107529
-0.4043879818928 0.125293364475211 0.121162537834349 -0.00187488569795309
-0.450085988869343 -0.27346860662383 -0.0555092109847402 -0.0520786677679231
-0.150924180331574 -0.525549088449506 -0.0319831532537352 -0.227454826435921
0.249809560230193 -0.435111063064569 0.247427653307404 -0.42011176266217
0.479459743548949 -0.279393727089824 0.579685023150532 -0.346815206657715
0.61732342534781 -0.449116484425912 -0.0383328635439963 -0.233349149347132
0.29984157357188 -0.627399527961845 -0.130941407677008 -0.0802240282265026
-0.191080820451125 -0.657808122840498 -0.00881702295641408 0.158314207428338
-0.532153022832018 -0.325010140428856 0.104955470063658 0.138400001871788
-0.500915029639653 0.160277462004087 0.230589374228456 0.00230026188138549
-0.282268011096707 0.335305845330299 0.175244127921786 -0.104468594730607
-0.181763165880867 0.461378521079131 0.126922855121386 -0.147963763412769
-0.107389474210052 0.496764245138175 0.0673410082027605 -0.144256195574179
-0.152175427771551 0.497240103747366 0.0882627807792769 -0.133771109371378
-0.335032266673424 0.336503758464893 0.0838471422590107 -0.0147644172211476
-0.514093336206149 0.143663168134566 0.0192238896547819 0.0659052167147165
-0.577574257377011 -0.349079405879903 -0.139386933924694 -0.0299648123943713
-0.219479098936228 -0.677163477174945 -0.0775276911941245 -0.220020971833784
0.310790422032662 -0.594811397671489 0.184263710957025 -0.361288495126339
0.637047787058008 -0.408834529415757 0.40260799108643 -0.273858229402986
0.653335809140657 -0.551329623637027 -0.258205372597756 -0.105373197606601
0.283124872806242 -0.73692833356023 -0.217164416355359 0.0675491166390191
-0.259075440458185 -0.730836547733073 -0.000471195600320553 0.201205522739107
-0.606421730503634 -0.340926165314819 0.0709513326911696 0.13936368454922
-0.553224274067754 0.179396918580934 0.135630819001489 0.0292442118007385
-0.32126783552511 0.352027853356838 0.0601551964935726 0.0046197454397888
-0.220489433113485 0.479484953967669 0.0587152955173129 0.0229024631785421
-0.137235397191749 0.514674437834108 0.0376493795235909 0.0407963181462815
-0.185166281212451 0.507132830243473 0.0329030175644614 0.0450262002604078
-0.367678463826007 0.329652101914384 -0.0134687640758555 0.122824658846062
-0.532890065304608 0.129393283498306 -0.0953124781112226 0.128333128185211
-0.591021725977611 -0.373354408456035 -0.213559595893344 -0.00759341248351376
-0.234773941662747 -0.713563040171398 -0.11296042063515 -0.191120132915591
0.325759877780808 -0.63787166611038 0.108496798976223 -0.254125300697137
0.688936895942935 -0.465417607103126 0.187592053564882 -0.155148209761059
0.590809450961297 -0.571610612541473 -0.465594062325539 0.0480105922816028
0.221486464976809 -0.726994318088302 -0.288258962665276 0.22905345219892
-0.281509248608597 -0.681408320150545 0.00306827854110483 0.231088167903895
-0.574402796312865 -0.296144473929039 0.024014276975628 0.128547664493776
-0.509209205450996 0.167710732599007 0.0170762837487106 0.0605211326527426
-0.307033208729222 0.316925856879253 -0.0649188611047638 0.118919906345284
-0.226164559833726 0.426860953522038 -0.0176347343408696 0.193895302108611
-0.147918528827827 0.453949873765365 0.00169416178135448 0.220356980194436
-0.190457376288989 0.435420674764992 -0.0265588637129167 0.215966677434518
-0.340918105728825 0.264103177982083 -0.10883465388303 0.237701807346615
-0.457689565282994 0.0814554708134184 -0.199315446195325 0.165706667893194
-0.484771490947696 -0.343724795030117 -0.256521101160839 0.00227915229789071
-0.184040081626184 -0.616199917703687 -0.123241670467817 -0.154264753910147
0.294557290701448 -0.551751752169075 0.0388267564616754 -0.125421790297213
0.629945817796341 -0.437616612894029 -0.027589613882385 -0.0156863129649453
0.437520914042218 -0.497557468987612 -0.629155945661909 0.196416016578234
0.132113494143021 -0.584971211799834 -0.336891737807622 0.366962786785505
-0.235193988797019 -0.507604962005401 -4.46330675538542E-05 0.237264903253669
-0.42228618174055 -0.208025158477917 -0.0246609439517408 0.106132914982958
-0.372028130178443 0.117458208796392 -0.0986539438684807 0.0842901873736605
-0.241103396890082 0.221326635827828 -0.179188600765843 0.214313660968239
-0.196636695528741 0.302655765865399 -0.0923452171023515 0.337413513864543
-0.136623314632797 0.324198218076562 -0.0351997788129315 0.366229835123562
-0.170049005614359 0.296446657132715 -0.0845595335347334 0.351061052431086
-0.26648105413202 0.15685355399075 -0.188804564057061 0.308305085376312
-0.312726582734492 0.01763910961632 -0.273511906842815 0.164862669823509
-0.295489367533565 -0.261421691341481 -0.258164401063987 -0.0076792851015491
-0.0952647197625438 -0.421045084554106 -0.108175237107674 -0.121081521442463
0.22226234194323 -0.373518097763949 -0.0138529605559603 -0.00616944262576761
0.473574088202185 -0.341066674731941 -0.207717394457178 0.116063941564559
0.219145762510419 -0.341332572760076 -0.723315334220193 0.312680121653579
0.0210861538101466 -0.346085670962353 -0.356181696565706 0.461124031008418
-0.148345702933632 -0.248433321247615 -0.00196205975808719 0.228516586328262
-0.20152399007698 -0.0843325610274723 -0.0516879354247367 0.077393252907523
-0.170848971280934 0.0483842719461285 -0.184467621286434 0.0879480656863919
-0.132661668634722 0.0871960653093801 -0.261050607197664 0.268614742507239
-0.133724852371766 0.128403808812415 -0.153609312580738 0.427026729398789
-0.10337018939495 0.142857202719012 -0.0673349007200173 0.458185025322579
-0.124345741886586 0.118555260374747 -0.129456471767775 0.430616795211974
-0.156196352104906 0.0373054917746067 -0.240966634032594 0.326988219197351
-0.137354368697924 -0.0364954642019943 -0.30929910346402 0.132458463721475
-0.0940261166301714 -0.144765112234195 -0.227761300893125 -0.0273271336921992
-0.013999760761474 -0.1829514999821 -0.0798519793482126 -0.0950680086112851
0.112688995414877 -0.165083881110773 -0.0468561632697403 0.0843960490055062
0.250192803710701 -0.202724414101197 -0.327406073620062 0.220755146730839
0.0724828703812803 0.0634857934114084 0.375484377730616 -0.382408210256174
0.0555692894232293 -0.0358499254902125 0.0626007996998054 -0.244324925663286
-0.0268115385423325 -0.0670169510258643 0.022514489938449 0.0694989908971866
-0.0924074372442521 -0.00789106787883024 0.184583597499108 0.0747534668758124
-0.0442273678334232 0.0802996621967628 0.319008941556946 -0.0896549492496918
0.0289616021458462 0.0769797736246077 0.305598209053477 -0.314121924008577
0.0602236875323152 0.0655431869185347 0.163467901070808 -0.458614096066995
0.0569702880203565 0.0489169685533419 0.0611108374022428 -0.479298794048797
0.0548504642386804 0.051956183720851 0.125722678377778 -0.459349104635203
0.021878278156369 0.0524247131361351 0.215178160170275 -0.324122148460636
-0.0303371396726566 0.0366000892843999 0.217749751852562 -0.120614375663586
-0.0411007497577917 -0.0186753445474768 0.0684220566150506 -0.0821348993474447
0.0326075444531789 -0.026317047438228 0.0245586864398452 -0.194778850679014
0.0294799818055962 0.0487048680279255 0.267196012045835 -0.402545222497794
-0.0167241476126809 0.100226817543021 0.699294482378201 -0.361440533814776
0.294420465603492 -0.134341158124082 0.293197005665498 -0.378268924372909
0.161800901458457 -0.254605500575515 0.01562242551513 -0.235404299745915
-0.0782032725384244 -0.291853936276233 0.00244712744318966 0.0854834936250789
-0.257792106390572 -0.134259637460155 0.154953335030015 0.101724023903313
-0.219237534018748 0.116195777698921 0.316692769926675 -0.0601206044352716
-0.0864619096407315 0.189587060160882 0.296989351254546 -0.274310255798288
-0.018015393733654 0.241318495447782 0.173791130395372 -0.410065571855331
0.0127252682736327 0.247078149943154 0.0713041766140123 -0.427031731336372
-0.00953569540277222 0.253399395337373 0.129598808958748 -0.412817600131359
-0.115109265556902 0.190378956610628 0.203620820792449 -0.261815088364015
-0.229562257480152 0.0992426002828134 0.189966412649041 -0.0733950289238618
-0.270808249862119 -0.1428494138821 0.0153549255728777 -0.0675243174129498
-0.0778867508680047 -0.289616238232095 -0.00024441995777334 -0.216595052598918
0.140270654643633 -0.214075217829634 0.264189280318316 -0.439785315647349
0.241296601542877 -0.113075545996654 0.673086140338526 -0.398802573570904
0.477551824410069 -0.321685997075819 0.144749399330544 -0.327742518933685
0.23805207405078 -0.463129387016941 -0.0525685729106425 -0.179135514700346
-0.143959807157949 -0.493377144156429 -0.00492826499595772 0.114292966522883
-0.413776293216235 -0.239104224279517 0.132335357989115 0.121060770320043
-0.372917855945045 0.150976082656145 0.289102045545211 -0.0380614900910486
-0.189960496829358 0.283011957960619 0.249228109344309 -0.207890396868542
-0.0935348877468369 0.384699541125426 0.156772190435138 -0.305152951473165
-0.0340478927705956 0.407779434057847 0.0696991116541646 -0.30914000670475
-0.0723752625934264 0.415013656548949 0.111295741991356 -0.298377711944189
-0.236498618471703 0.298078436028011 0.155823129465212 -0.155169660100641
-0.39873673756991 0.147709700381978 0.120461458509215 -0.00916780155592732
-0.469885070488978 -0.248699149660983 -0.0598799651341898 -0.047969476129275
-0.180958745889221 -0.518184976934255 -0.0422148684493868 -0.227954792969378
0.2294752035222 -0.450905090263788 0.228068533492037 -0.434073448673866
0.465327859792062 -0.306506367145914 0.565869383313264 -0.376829922723439
0.593763975048382 -0.481962380052438 -0.0499449853762964 -0.230547113755352
0.264515813091483 -0.644865705161635 -0.132672925791097 -0.0707616457663547
-0.227898592322148 -0.647381871390202 0.000662703952543822 0.15544624412741
-0.553238455786629 -0.30198236496203 0.109975351860953 0.13284436587554
-0.489570390138201 0.187711307746397 0.22939544958577 -0.0158700645402789
-0.266075509455864 0.350408137159604 0.167265748511738 -0.114182261811151
-0.154133819238655 0.475375186709061 0.116220508088525 -0.156616510177597
-0.0752615285146031 0.50497860522508 0.0578751534671916 -0.14580368534434
-0.12093541929013 0.509199406304953 0.0765848197869658 -0.138334948113943
-0.320823906205728 0.357356890247877 0.0815751590843065 -0.0180700319867083
-0.50774396360516 0.170181418161762 0.0217912650931344 0.064509776542289
-0.600288296244518 -0.318694958022441 -0.143765828610737 -0.020978140579271
-0.25934934279332 -0.667676325031333 -0.0889313003844149 -0.217721845129744
0.283004931874758 -0.612931171029294 0.16492240101328 -0.372525215969209
0.614147712308593 -0.446555941869549 0.390489946970394 -0.294492284425041
0.624432794050805 -0.586261888059906 -0.264350928451866 -0.0916919013646219
0.243361991151552 -0.755236004092953 -0.212790349046175 0.0806697410470964
-0.302271742563823 -0.715517994350491 0.0102066606030585 0.198785485262087
-0.630336484053236 -0.312030600089796 0.0767845978117299 0.135678125919536
-0.539237395445611 0.210636062481605 0.136199627979271 0.0164955397050311
-0.303600705881141 0.371847652941504 0.0585408308831549 0.00274246929216151
-0.193243500307398 0.498071166627667 0.0570992896701708 0.0187108683362301
-0.105415676561282 0.526898783777143 0.0383548859742018 0.0397181774463294
-0.154412546841835 0.518704808293396 0.0325085470840445 0.0446224468532392
-0.354257567751666 0.353726878911506 -0.00699227275579394 0.125710413538508
-0.528070752427256 0.157960037281563 -0.089634100240207 0.134538726916307
-0.618146260193605 -0.341274177586749 -0.216271410339087 0.00474896277064487
-0.276056341763769 -0.70246211652898 -0.124721216259172 -0.187962814346107
0.296624127020031 -0.658035414486295 0.0937074752205344 -0.260725658267915
0.664318410812379 -0.506954383616204 0.180848848866344 -0.163010906568069
0.562351401027711 -0.603859939985682 -0.465848087684787 0.0733298807694261
0.183382735037933 -0.743369492526879 -0.276819776076584 0.247045624002488
-0.320597797133942 -0.666052491517584 0.0146463122477661 0.227712172850693
-0.594450051037824 -0.27022369787173 0.0297183196335576 0.128188833647258
-0.499305393048409 0.196974266343496 0.0199680181901348 0.055512734029187
-0.291944644287738 0.335523362965596 -0.0593018459631711 0.126105917205435
-0.200837989124045 0.445284690215674 -0.00842186838488583 0.194598668471295
-0.117771184337163 0.465922413780806 0.0125454333475868 0.21950440615074
-0.163518345404188 0.447419950725236 -0.0160820090637999 0.217930111664292
-0.33026050891547 0.285348093418391 -0.0947317906783387 0.246101032705898
-0.455755640205776 0.105951496616459 -0.190509557950993 0.177917122226914
-0.509063883148555 -0.314955267525709 -0.257425717957468 0.0169033645309453
-0.220271576425548 -0.606112654589968 -0.135413771686495 -0.150388247278641
0.269587307338572 -0.570955202714102 0.0296781384868264 -0.128230757972814
0.60686397754938 -0.477925894230866 -0.0283075101270712 -0.0129303773739523
0.414066220107676 -0.521483040316422 -0.623998690603609 0.229814218602525
0.102233505629624 -0.595380185890824 -0.319295188092751 0.385476787699454
-0.263840946740101 -0.496765750457094 0.0101867819690383 0.235360566345884
-0.437940973445544 -0.189641919356083 -0.0198342663198332 0.108744113675206
-0.363968262903454 0.138583964637968 -0.0946431619802272 0.0866548019787322
-0.229731380483973 0.235645762944377 -0.167883015747792 0.229504905895236
-0.178814208944267 0.318360078429077 -0.0748274266853102 0.342197999938458
-0.115320552793748 0.334030911653863 -0.0153447319020352 0.367366593539633
-0.1521179459838 0.308550089642864 -0.0631100639688848 0.355875403711371
-0.260852876319864 0.174537006255578 -0.169843132574553 0.320783372206828
-0.312617565365716 0.0339000455616952 -0.265354504913077 0.182061710126661
-0.315142054541037 -0.245198423328442 -0.259750147933263 0.00766372503888228
-0.120694022586285 -0.415534566169441 -0.119677055620239 -0.11690774219813
0.204020102354809 -0.388700116953222 -0.0178056681366497 -0.00565473950325229
0.455641175798493 -0.371262643848394 -0.202094381890077 0.128384338469095
0.204717663849428 -0.354987972997502 -0.711710814309065 0.349097198744705
0.00520908021062995 -0.350446546986587 -0.335328248215472 0.48076167162288
-0.164135575485147 -0.241652262627318 0.00792600603080632 0.228687942818979
-0.208552491186325 -0.0771697708897448 -0.0469781407545415 0.0812652423342821
-0.167449994560155 0.05841020951332 -0.179361168846652 0.0972463138433936
-0.127847735740463 0.0964968098987993 -0.24648043605273 0.288704236630507
-0.126173951779477 0.138569559525845 -0.12982360360404 0.436771465973843
-0.0941245314788941 0.151148218350266 -0.0415726273553561 0.460017961206941
-0.117928339899481 0.12802488749878 -0.101806235176205 0.437816126209471
-0.156004216487201 0.0471729293853155 -0.220326486212556 0.342004638272142
-0.139682795652675 -0.0296563787423938 -0.301239350956918 0.151620305979908
-0.104400277993958 -0.139406992872906 -0.230178811826975 -0.0148728993500534
-0.0254299122284996 -0.181631874396062 -0.0905516762319094 -0.092231486293518
0.10555616791759 -0.173833586336825 -0.0459920060591614 0.086368395427736
0.239066239080107 -0.220586893626358 -0.317304294652598 0.23999025775493
0.0810143563668028 0.0383773363219895 0.298574117628887 -0.423888655290212
0.0428050151141905 -0.0488833202494898 0.0246229600342103 -0.24202964925132
-0.0371811406484589 -0.0607208749838677 0.0396818335699221 0.0625711160861379
-0.0859575139956529 0.0090813609864128 0.191938947812067 0.0374209336295905
-0.0247408028617401 0.0795458340362905 0.289768314462337 -0.141600537304759
0.0406080313266496 0.0574936161535519 0.23682412834825 -0.353132304075559
0.0677035511400156 0.0466099826409619 0.0805901105305343 -0.470018569802437
0.0571150425716288 0.0321275505606349 -0.0139004619040887 -0.465989135476781
0.057226483195355 0.0351930626336471 0.055890031927637 -0.461515912967037
0.0260924491471525 0.0439642410847053 0.164536738616398 -0.346286781978106
-0.0239087390425291 0.0378623196309569 0.194970312808892 -0.147647123020636
-0.043581558305153 -0.0116961549303605 0.0570118522213156 -0.0868050664212886
0.0243444469501511 -0.0284681074928299 0.000812926355808853 -0.19339630722346
0.0303757791499059 0.0471471606747171 0.212373527427933 -0.431043448606348
-0.00797712932783446 0.0966042929919192 0.637895352393661 -0.4330077108658
0.259212176486964 -0.189898333720073 0.222233384935483 -0.393607288733742
0.104458210817253 -0.275913941335257 -0.0103913093293717 -0.216830617161302
-0.126980479499501 -0.267718355217535 0.0348310039991082 0.0829170099419277
-0.269514518553292 -0.0836149521424491 0.177530269749641 0.064345348069154
-0.185286886481087 0.143527533943889 0.29204090449595 -0.122537643386316
-0.0526491680424868 0.18500136356148 0.23196777747479 -0.316859670562008
0.022826233623481 0.235408784582473 0.0974940704382979 -0.432424348120766
0.0460522841537315 0.230554999632278 -0.00100187951573834 -0.417891610393292
0.0296474368248393 0.243755803096915 0.0632920282259702 -0.416715138160379
-0.0856256258376446 0.202157402591366 0.163176821995683 -0.28659729688683
-0.206434131429716 0.130117753031333 0.17603193015015 -0.100635814733439
-0.289615905826164 -0.0943338688279998 0.012810969970229 -0.0637245882522455
-0.124126722214237 -0.266464445436511 -0.0264304540194591 -0.20457564929023
0.0993312708373963 -0.22514780704497 0.196200379190023 -0.468005795458068
0.213264353355409 -0.14982763488777 0.599023672906399 -0.469447365336528
0.400963050903105 -0.400999614441635 0.0909068088015562 -0.311088781059146
0.140663857625968 -0.487856701360487 -0.0589319944703711 -0.144748751414985
-0.224697323194237 -0.447697277500727 0.0428973279140623 0.111749628351428
-0.439853417405857 -0.156574429784895 0.167702208529716 0.0826490569719237
-0.326847734260854 0.202503434543173 0.267965564752283 -0.104272880925043
-0.136752355595499 0.294481015335475 0.196179219310499 -0.249425303187815
-0.0242152216973761 0.391000842232556 0.097850862130251 -0.335543536982387
0.0283136437449722 0.392917232287144 0.0127324510257332 -0.306507484030955
-0.00251969786450374 0.411959106747884 0.060862195037674 -0.304656861246671
-0.186078694749882 0.328670345241887 0.131880793509533 -0.177762195610772
-0.362183023478828 0.205106783057763 0.119728969329575 -0.0311540979791967
-0.503987418237333 -0.165198033237554 -0.052550218645725 -0.0315773301944376
-0.259582571763393 -0.471573577736169 -0.0685951892100706 -0.204346389289669
0.152107556756768 -0.468924093856885 0.154426273453669 -0.45766366929228
0.405574358046931 -0.372135426238203 0.488697392535294 -0.437322946654077
0.482876285003866 -0.571777440839827 -0.0779375785964834 -0.179419850810957
0.135623451866565 -0.666167222630051 -0.113765712532213 -0.0226932322597382
-0.335240012098965 -0.581788198742862 0.0632880509157089 0.149794292009059
-0.587751533097599 -0.192683730264013 0.155306477651885 0.0936662619477906
-0.4334046079297 0.257477380986913 0.214500316515397 -0.0792706204055218
-0.200197297073439 0.374825366485614 0.131784329338179 -0.148129085088424
-0.0652399903025651 0.49329375566073 0.0836012587259739 -0.189867102754685
0.00590096369612103 0.495817837241559 0.0247798163962811 -0.148870836762925
-0.0349419937318191 0.512961783494483 0.0495375209269143 -0.143907241500436
-0.257447469758368 0.401147766523671 0.0787513688541113 -0.03460757564498
-0.463719973768917 0.245250369436012 0.0351380006716387 0.053008832048958
-0.643702154132586 -0.209985839337351 -0.126626349997288 0.00629202439396298
-0.357572092233921 -0.604422420720327 -0.1148223344162 -0.183157210492607
0.182260876135361 -0.636900124882946 0.0952846249428496 -0.388602353142999
0.529700564694255 -0.529156808231558 0.324833352521251 -0.338575508515866
0.493740570683104 -0.672125438932062 -0.259973674927198 -0.00902514485256885
0.0968151770955829 -0.7654741339071 -0.16239691491759 0.136838765102135
-0.417609834516402 -0.634593855153081 0.0825053854326781 0.188076331539558
-0.666226382022983 -0.190615489184445 0.126589392256123 0.0991807385989865
-0.479076939363048 0.288414501837891 0.129154384330017 -0.0362177343156074
-0.233147527833588 0.405027105061243 0.0472284412482425 -0.0197341601904078
-0.0985159184261566 0.526258992182255 0.0564275823683817 -0.0128860332830972
-0.0161309992812832 0.521566539517224 0.0330248565707435 0.0303083900291395
-0.0612714369242196 0.531853663965903 0.0322937777925422 0.0380470329902259
-0.287896839115176 0.404934167401211 0.0131046252950442 0.116914110070985
-0.483432753003697 0.23749991388485 -0.0634277190994198 0.135627765686526
-0.665175697397421 -0.22863820320717 -0.194271048474802 0.041700620233343
-0.3779363784464 -0.632547414784978 -0.146793145688239 -0.14814272904854
0.189252184913401 -0.68335555675334 0.0374990565172258 -0.269492153477255
0.571635156100665 -0.594519484097159 0.133714843506811 -0.187475945225627
0.42965924218805 -0.674979391558076 -0.426404368065833 0.178619818279496
0.0390492589215958 -0.740633704869095 -0.198349004205498 0.305034624847017
-0.428669485444271 -0.582917230567823 0.089942047833856 0.214316619926367
-0.626617241897199 -0.154550060953611 0.0776932782990546 0.0993205502844015
-0.442639647854015 0.271441697924675 0.0234371304138052 0.0228534110134983
-0.227292991558862 0.373119248773659 -0.0446440300942381 0.120659209998516
-0.114752998671027 0.479102442985184 0.0223694431810873 0.16974183165578
-0.0361245324053867 0.468854446227497 0.0368917000536431 0.205758315637001
-0.0821551223827527 0.46587237093538 0.0110395686491986 0.212626819454783
-0.27470345217643 0.335165051716201 -0.0558550767232884 0.247315718707611
-0.421169585329708 0.175933839093153 -0.156747055202516 0.193879650672287
-0.551582893307442 -0.220235270151305 -0.236233040537615 0.0573622798834266
-0.309326070514954 -0.548755455724403 -0.154345640765251 -0.111843776263616
0.177503264333866 -0.595750198020045 -0.00707990153193095 -0.1311653197823
0.522145743955415 -0.55681464834994 -0.0486575486735916 -0.0160877137194678
0.302900226726093 -0.566088884208397 -0.554118279244666 0.34280760596005
-0.00794150426890463 -0.581777864455896 -0.224083661562425 0.440217525439324
-0.343874889574844 -0.428052573470091 0.0773600416601125 0.222509422047837
-0.461193891337305 -0.105585215274756 0.0196660855790236 0.0935643910485678
-0.325888653516965 0.195875060493437 -0.0805084950581698 0.0794087854572164
-0.183973648884192 0.271634463188988 -0.128632290156974 0.240398416771514
-0.114900097166679 0.352848663984918 -0.0154999705467102 0.328441437385806
-0.0536309726648736 0.344042003637605 0.0352054317408259 0.350524967739993
-0.0924216630489627 0.330516943040346 -0.0129360391637199 0.352399944767845
-0.222725420882304 0.216206361503763 -0.118087150471183 0.332158396402922
-0.294375143555906 0.0854320414789563 -0.228199105975344 0.209610163616289
-0.349631393352581 -0.182775398582885 -0.244674227057637 0.0466623843931113
-0.182069238969507 -0.379082867818855 -0.137123075524751 -0.0865045335250425
0.141993038687933 -0.409979525811047 -0.0325424335383591 -0.00454406447297141
0.391384485201911 -0.430165237381484 -0.194921901235298 0.143280744442705
0.12887042514462 -0.364968672938909 -0.622113088776335 0.45850892703645
-0.0569733841666955 -0.326169848608021 -0.235575841679435 0.525708668797452
-0.200277140694269 -0.200550371003198 0.0579199896519778 0.216793706885791
-0.219102612657044 -0.0369258266479534 -0.0218606330033087 0.0784584056203576
-0.15189606977392 0.0867461248854839 -0.159111922828838 0.113935187008418
-0.108975148832732 0.123969656150071 -0.190800911815089 0.315328451022218
-0.0955317070624543 0.166845554112857 -0.0528447218693566 0.435395184557152
-0.0617701573928548 0.165150191088897 0.0272983118626535 0.443523919025924
-0.0892456136300981 0.150080748063002 -0.0372400429156728 0.436203459721377
-0.140673451215857 0.0757529695058611 -0.164223466660802 0.361995539325725
-0.137811919905328 -0.00370583925269426 -0.26970168786687 0.188203040652317
-0.126293578587686 -0.114394376714188 -0.222845545687709 0.0189189299148972
-0.0539501834166104 -0.168519922563311 -0.105991942707884 -0.0715267982443752
0.077677986614177 -0.187280283234982 -0.0414982423415939 0.0897670630746483
0.203971004063703 -0.250120853883969 -0.287072948829411 0.267992125214813
0.0775008679411484 0.0356632442276397 0.274803823841685 -0.4197684358793
0.0389146977701302 -0.0456077145474692 0.0188439949884233 -0.235023405539111
-0.0382451665135951 -0.0587609064050229 0.0432269162443581 0.0574221326645172
-0.082341959442588 0.011267407999217 0.186106304860463 0.028063092579538
-0.0216474515707763 0.0781963302943969 0.271406304902158 -0.147069354322669
0.0389145727176361 0.05365572295188 0.211476500620084 -0.351060532128505
0.0666771224407486 0.0421210174562191 0.0568972775862281 -0.455831270594779
0.0556531109233428 0.0291508170040705 -0.0302173141133065 -0.445807179466165
0.0557170273753848 0.0299767357615358 0.0333862589454428 -0.443239356763974
0.026851297795122 0.0400393215742957 0.143524902940904 -0.338341523832276
-0.0216861796719867 0.0377092094106598 0.182438154013377 -0.148818355541833
-0.0403061473569912 -0.0101552275641234 0.0511078799353162 -0.0848282817015582
0.0229973961025741 -0.0274935951970481 -0.00421581409432246 -0.188387101499652
0.0318924949461285 0.0474864673460598 0.191874013232465 -0.42299681863469
-0.00484779432967743 0.0947639855501879 0.602137534515538 -0.4371320649043
0.240820305841251 -0.189769203646573 0.204082001675672 -0.385637362744551
0.0903412575402044 -0.267193878893831 -0.0139922979162613 -0.208048682681874
-0.132127170789509 -0.252276487249485 0.038157369090473 0.0761276803512995
-0.263485622613619 -0.072174895684792 0.17261363712602 0.0555375894850259
-0.172585431358943 0.144500229598458 0.273210880130718 -0.130466581412778
-0.0459562972055666 0.180496671033158 0.20807868650397 -0.31538587427349
0.0322244940802804 0.226116681366865 0.0730985134932107 -0.419830727677905
0.0550428732181704 0.220755430639443 -0.015932673526847 -0.3999570724053
0.0382339390863565 0.232423011331613 0.0423664974550324 -0.400471541432888
-0.0749382497153498 0.198032856865189 0.143519113977196 -0.280354792948019
-0.194604858477543 0.133627622221573 0.165443328985793 -0.103572973670219
-0.283024564875747 -0.0801397374736655 0.00921147183524901 -0.0598109586603374
-0.129013344527594 -0.250830678083742 -0.0306116247940909 -0.198455031348454
0.0896508005146205 -0.218825933913019 0.17592384849051 -0.458288274300757
0.199596850627924 -0.151470716080014 0.564449183715379 -0.470642264519045
0.369933320802449 -0.397416248756065 0.079012929337301 -0.301584830767936
0.117931203995962 -0.474056741991992 -0.0587895586673115 -0.136824645482208
-0.233090571475549 -0.421625279160596 0.0456276382773027 0.103854808346497
-0.43172856290281 -0.138094627709459 0.162946854298151 0.0746662768248899
-0.305484048262483 0.20534986810576 0.250696516497629 -0.112999372543749
-0.123119022340405 0.289113505274325 0.177302255802366 -0.247973149558607
-0.0062301164397951 0.379527554142421 0.0776300468286828 -0.326395382674936
0.0444317578094149 0.378508545605869 0.000976066358386536 -0.292551721725741
0.0145696001930856 0.395696211327084 0.0434296181086354 -0.292185029475265
-0.166883324744302 0.324839812420927 0.118489873469238 -0.174108812854245
-0.342007019977267 0.210723411542684 0.11344177040925 -0.0350684569746853
-0.492774187771584 -0.139345154149247 -0.0532598034598491 -0.0273669841183023
-0.267015727701444 -0.443320902345737 -0.0725135354746698 -0.197292660665981
0.13293581323783 -0.457815416957965 0.136016216551846 -0.44622180035872
0.375543211175717 -0.371965881800364 0.459595580852347 -0.43653212102904
0.444810319904068 -0.565554988591669 -0.0795194456061479 -0.168802160473919
0.107842129076941 -0.646055738132 -0.107177254494028 -0.0170091474490838
-0.343253057771384 -0.545220962587168 0.0652808156066322 0.139737127122699
-0.578257052294805 -0.165806245707108 0.15237811254692 0.0856754456639446
-0.406309542616291 0.262829458191453 0.199532713800038 -0.0882935047294568
-0.182528134757807 0.369581669183585 0.120122044683719 -0.147508191900184
-0.0420838736828314 0.481121566928774 0.0685315919631758 -0.185482633474229
0.0275834784571338 0.478007179834269 0.0182820313340708 -0.141868335951007
-0.0105139726828125 0.493773851133188 0.0392499298329863 -0.138277659162176
-0.235237856801927 0.398712351720564 0.0749143493675454 -0.0343407511576919
-0.438748476740662 0.253238908329181 0.0341731081973306 0.0501935632507808
-0.631269999239348 -0.17665870176084 -0.124037865530339 0.0119337456871139
-0.366323963500435 -0.567690563339544 -0.11734305885374 -0.174721134821925
0.155343947312434 -0.620780623615821 0.0804716613158173 -0.377421964872784
0.492115481986503 -0.529639604204843 0.303250460878154 -0.336030990265617
0.451568565489983 -0.664683044738157 -0.249632625856309 0.00264482596751592
0.0658768243321426 -0.742147481563512 -0.149668808024306 0.139501357513011
-0.425569879954891 -0.594706374719479 0.0846671543242785 0.176971701543906
-0.655214131632375 -0.161891074951461 0.125573233526884 0.0922718417779807
-0.449987004213328 0.293905014092893 0.119636967806803 -0.0436747936033569
-0.21215492514821 0.401187758032732 0.0451591735764596 -0.0182272853824283
-0.07236697935248 0.513766485331835 0.0496900160277601 -0.0137854098695302
0.00873559948285374 0.503945115432257 0.0324265388404594 0.0302581825199233
-0.036390260392261 0.512877843913129 0.0303107865551862 0.0373786714314426
-0.262064784004812 0.402882584671529 0.0175062613142886 0.113947849130121
-0.458503554347955 0.244790926418473 -0.0573895204188301 0.133810183451156
-0.651622329476371 -0.1932792102728 -0.186886700072925 0.0478240887923362
-0.387358349068346 -0.59519036897644 -0.149417584640745 -0.138767906454317
0.160056541513439 -0.667200728141178 0.0271328642588491 -0.260254063532087
0.52777143497561 -0.593292253440554 0.123825583451418 -0.18462516662895
0.392134171159798 -0.664966220846459 -0.405707237351809 0.187644125437753
0.0143523932998076 -0.716604970463976 -0.180192846095966 0.303231723378475
-0.43374158045792 -0.546096250194611 0.0912220660035772 0.202927855174713
-0.617110001105816 -0.129915567154333 0.07843214020353 0.094900654471528
-0.414919700593165 0.27543578286363 0.0207110612837406 0.0174621432038072
-0.206488851456403 0.370578399877002 -0.0365742924407659 0.120246993758849
-0.0891306082490218 0.468715388979614 0.0242790749253885 0.163145123385203
-0.013901874113641 0.453367165605229 0.0415290797208858 0.19753024069405
-0.0577770210858386 0.45120561630318 0.0174020344628655 0.20522730974802
-0.252939431908127 0.336597231195478 -0.0429736690796724 0.24229727775235
-0.399621878912909 0.184115785621462 -0.144817103868355 0.19273886951445
-0.543955845826296 -0.189426223425356 -0.227944513146067 0.0649536662380136
-0.318356880058293 -0.515777668821718 -0.156495802167103 -0.102784544741054
0.151789283681315 -0.581747852908211 -0.0119767483041485 -0.125007201760989
0.479667442521534 -0.555401045506596 -0.0477143050840918 -0.01356264122345
0.273267156012366 -0.555870292261452 -0.523076518337532 0.350857002080107
-0.0267635088080925 -0.563452403159313 -0.202600114650774 0.434500120690664
-0.347334593191664 -0.399431114100821 0.079146359022845 0.212428579591378
-0.455233877810478 -0.0870625202659434 0.0228138012965217 0.0906217631250785
-0.305037577413414 0.198566921748074 -0.0765943760277758 0.0762954774747164
-0.167539825112242 0.270258198008891 -0.112462620252585 0.240382798572944
-0.0950322600492749 0.3475236627134 -0.00451184063906185 0.317138302804002
-0.035246806370794 0.334543819417878 0.045161756287771 0.335946820739151
-0.0740099032864992 0.321243029488964 0.000473573930090741 0.338658885100884
-0.206613523885238 0.218183579865613 -0.0998240737893338 0.325340876660723
-0.280376708012393 0.0918952563683433 -0.212681535970377 0.211622577849856
-0.346507139275233 -0.160755113819069 -0.234680417993451 0.0543594459905926
-0.190076231623295 -0.356133326930101 -0.139086814169441 -0.0771786618825716
0.122938896020588 -0.401169166628787 -0.032971248552738 -0.00294486064532284
0.358297651115404 -0.429937758637959 -0.183573263886392 0.144214986189379
0.114190123381267 -0.357354970043205 -0.586567569034292 0.461646220221282
-0.0636481671691747 -0.314802848820788 -0.212747629443697 0.516949741572845
-0.201114928400669 -0.185952250547118 0.0613559296728742 0.20877364590351
-0.217210280725095 -0.0292033498711921 -0.0172159862044125 0.076525815037975
-0.141966417722758 0.0872986274277663 -0.149300050138022 0.113355105262377
-0.0991276784989707 0.124004069371672 -0.169310464974644 0.31443768578756
-0.0842768571589277 0.166631060583582 -0.0336600837683267 0.422258039593957
-0.0521744072883932 0.162666874844741 0.0415471848348282 0.424626370738875
-0.0776633517309152 0.148752410355786 -0.0174377391576686 0.419154193627543
-0.132759534403462 0.0798042858085998 -0.142301849804757 0.354607293314976
-0.133216944602656 0.000743697640998953 -0.251633701426391 0.193266352474926
-0.128190242779922 -0.10345765254149 -0.214292904906704 0.0266543504466981
-0.0586309288125561 -0.159063282207329 -0.10884229190105 -0.0626220077986574
0.0674065769968765 -0.185495088685641 -0.0381112160438355 0.0881187450697089
0.185794068439389 -0.250327644067155 -0.267324406068204 0.267515347971516
0.0739420992840179 0.0355942437111416 0.264337277002467 -0.409116537492648
0.0363523765615271 -0.0414433001091028 0.0177938993426423 -0.229509459790816
-0.0385699114882101 -0.0571936503856654 0.0445784663543357 0.0533457592289172
-0.0789500694968982 0.0103133281360177 0.180234254901311 0.0242623139054816
-0.0199998460405988 0.076440108969186 0.259093764932822 -0.146120113124905
0.0368366570041641 0.0521100823937504 0.196115463488372 -0.344574621082003
0.0651618430174237 0.0397220738967989 0.0459337623832639 -0.441534270668414
0.0543117968207772 0.0278039964919393 -0.0339786825659809 -0.43027311904931
0.0534078211191648 0.0276083599365028 0.0249457900588654 -0.428397099523868
0.026970012337253 0.0377178589979346 0.131423279502954 -0.329219182852325
-0.0202320184181658 0.037277659845475 0.1750706359124 -0.147180237754684
-0.0380820333267486 -0.00922455175285776 0.0489765258126141 -0.0815611376823465
0.0222537983633238 -0.0260747294787665 -0.00416788588189196 -0.184773359413483
0.0329806830958465 0.0481814071687579 0.184436913884848 -0.413461649190085
-0.00372061365184411 0.0930463391744148 0.582482077721068 -0.427460614387428
0.230103173711707 -0.183666131301743 0.196218152244654 -0.37579821871686
0.0846669239637055 -0.256088724990293 -0.0122332968349412 -0.203201824324521
-0.130928909239187 -0.242669266392333 0.0382625009529625 0.0710839777178105
-0.257232348212097 -0.069008291637568 0.166712141023242 0.0516839828271525
-0.16562337635614 0.141423587166085 0.260555122848962 -0.129881138283682
-0.0443823887708665 0.176188469795599 0.194264525836369 -0.309243416481372
0.0355157368550621 0.218983402506583 0.0617406003115336 -0.406148343277272
0.0575459557494637 0.214311298777864 -0.018536133407289 -0.385521186410054
0.039991443734626 0.223046609455682 0.0333421166248089 -0.385756250040085
-0.0704600790978289 0.193366661239184 0.134364645107735 -0.272601944808552
-0.186715751120457 0.132001722340811 0.158560720213262 -0.102492293804733
-0.275903494108023 -0.074841648715087 0.00792953092946624 -0.0573302551716498
-0.126887882696197 -0.240297425323407 -0.0304125474414698 -0.194886456536692
0.0866307577238259 -0.211706825528856 0.168582258752854 -0.447901900705064
0.191216537820397 -0.147367424519593 0.544800768932581 -0.459862544810555
0.353446477028585 -0.386108122296244 0.0763525120527824 -0.291043123616878
0.108613818085522 -0.457237919874968 -0.0543687071714412 -0.132329588441779
-0.230524027865253 -0.405053327150358 0.0445357136468156 0.0976550781112575
-0.42410362892291 -0.130578277300134 0.158170761903446 0.0708424790903925
-0.293797869087817 0.201016437448857 0.237378515113241 -0.114699972689634
-0.118442450039246 0.283607857238761 0.166637653571212 -0.242985125855946
0.00125338474989068 0.368928058785979 0.0656896197576039 -0.315786356177568
0.0508810089874265 0.367457933453163 -0.00162713406781681 -0.280780754522501
0.0195929230320833 0.381842519588921 0.0358496982866459 -0.280558477354492
-0.1592077113594 0.318332438538159 0.112390908634887 -0.168164604399013
-0.329565590564179 0.208455310444565 0.10820248266385 -0.0350453857301728
-0.481542099418602 -0.130011281568379 -0.0528923869889456 -0.0240966428845844
-0.263144201213099 -0.42544437399336 -0.0717251205662133 -0.192469219569771
0.126170707723468 -0.444596328758027 0.130031020676929 -0.435834881426179
0.358686007450466 -0.363656383646715 0.442087603389515 -0.426112783375661
0.424335963196854 -0.548797291347508 -0.0752818882218678 -0.160652443541723
0.097987611799654 -0.626698675845145 -0.100032070641935 -0.0144348242663306
-0.337564440209549 -0.52190143959379 0.0631249243768552 0.132872494826254
-0.567632964297671 -0.156518536479056 0.148258451260152 0.0827057920342109
-0.391165370450155 0.25630845207263 0.188513135246716 -0.0902798531715392
-0.173688496309607 0.362358465279319 0.11406194562907 -0.144362261729913
-0.0314384152821458 0.467980201732627 0.0591712915839944 -0.178462759275343
0.0372086183828165 0.464280811596569 0.0159668816420804 -0.134585049876903
-0.00297523238673718 0.478443570483172 0.0343267571452318 -0.130908788317643
-0.223769046679039 0.39051898530247 0.0719322095192729 -0.0320746622205739
-0.423565868103335 0.250425411601037 0.0321873108088875 0.0484033809140468
-0.616553249318575 -0.163825029677537 -0.121979855680566 0.0143994688528232
-0.36005614984991 -0.545640606985562 -0.116492060581943 -0.169656168107117
0.146270803503424 -0.60328446004528 0.077248239849123 -0.368093745086687
0.469028923619151 -0.516561111300045 0.292828902386179 -0.327620704659028
0.433505015053308 -0.644506107532305 -0.239979161838044 0.00519815772907621
0.0569926488317679 -0.721182060675991 -0.140187738851443 0.13805175700913
-0.418818785562507 -0.569896069783128 0.0822338008793987 0.170475673081391
-0.644760190813557 -0.151498812094432 0.123153319675835 0.090116943900996
-0.431678687588188 0.286956651001425 0.111153539210531 -0.0469176885878084
-0.201455738842976 0.392685167655102 0.0440460961384314 -0.0170890572831749
-0.0595703634731143 0.502052928944029 0.0435310617285545 -0.0119543618894475
0.017765831756296 0.489906366173652 0.0311223903832293 0.0311305920983851
-0.0266199088678532 0.495056261249721 0.0279633326462041 0.0381591310052705
-0.251105222456248 0.39572309213748 0.0196673366358344 0.112485705083831
-0.442177003129846 0.242425296648458 -0.0556688803220899 0.130926485688334
-0.638486237886708 -0.178616581230006 -0.182503751350721 0.0505169271903322
-0.381971258888751 -0.571302906839985 -0.147819366785233 -0.132710813557845
0.150391179830035 -0.648470800690191 0.0252565075924842 -0.252606912272861
0.503983957753646 -0.580072696560454 0.118615169845791 -0.179403777617175
0.374009231672978 -0.646906937567181 -0.390178990187765 0.186957387727626
0.0085635393925289 -0.699459639403626 -0.170134594312517 0.29806567488775
-0.424824752274353 -0.52257950477561 0.0879585922639059 0.196997779379549
-0.607289642420584 -0.119938630775409 0.0785182826462827 0.0928647573964568
-0.398318356503159 0.270401766065754 0.0166663768043029 0.0127045440900898
-0.196528518308355 0.363207894176422 -0.0320075974452097 0.118528826903257
-0.0765462665559323 0.458968925039079 0.0226536372459708 0.159126256494761
-0.00463214799051111 0.441590513821857 0.0423294231935133 0.193021933410014
-0.0481783697103315 0.436336791193114 0.0182259314933953 0.19897377300511
-0.242196071345405 0.330540070242297 -0.0367542171130618 0.236470448202273
-0.3869169778982 0.182445627085578 -0.139394903846896 0.189576588748938
-0.532484728764689 -0.174990671845561 -0.221483803689926 0.0666228067243297
-0.312965452700826 -0.495073733068681 -0.155325104259227 -0.0967726690183265
0.141383625315601 -0.566743949311782 -0.0129082457500056 -0.121315476901686
0.456895777959753 -0.542745308126951 -0.0464633464896536 -0.0124592019192119
0.261364419496653 -0.541883275474716 -0.505060317749755 0.345299525484854
-0.0291307437209743 -0.550868199365303 -0.191446604058911 0.426416641119218
-0.33959982258091 -0.382724733760185 0.0769315703225116 0.207907294857805
-0.449306213021298 -0.0794195546971554 0.0253273544712272 0.0891417685554615
-0.292972726303219 0.193894882653696 -0.0750454623851365 0.0716331908445253
-0.158077523285532 0.265161498841441 -0.103217372337278 0.236147319975342
-0.0843766914414966 0.341100732522422 -0.00145614081310987 0.308400019067946
-0.0276015732174709 0.325732206381496 0.0462364332621176 0.326195183944784
-0.0654005445792885 0.311833731081793 0.00479249042484891 0.326684159890121
-0.19828660999088 0.215931925747956 -0.0893736911141938 0.316725610860093
-0.271899243856294 0.091053699039522 -0.203971376171005 0.208643218311481
-0.339468307042721 -0.148583614782798 -0.22808415517006 0.0559557433338339
-0.188268611758641 -0.341803487519389 -0.139044581934904 -0.0711731632184011
0.114150858614808 -0.391877657389216 -0.0327442069067821 -0.00222098470038649
0.34056765830291 -0.419630019076817 -0.177639733404264 0.1414584341464
0.109561295661338 -0.348685277053203 -0.566105713654604 0.452146413705283
-0.0635281823717705 -0.308732852456823 -0.202676349268388 0.506428454160765
-0.19625656933051 -0.177831123520334 0.0599299271091999 0.205311055877391
-0.215885840843365 -0.0254388069742892 -0.0141137989284609 0.0753386756376283
-0.136308402194325 0.0850208173652259 -0.144067736736836 0.109254747006956
-0.0939914258678679 0.121353872976234 -0.15740819663559 0.309699674351658
-0.0785138100615934 0.165332877829609 -0.0263074251867417 0.409743679469814
-0.0467386415959646 0.159663071584011 0.0434014208817746 0.410025514402765
-0.0723217431880774 0.145495409366506 -0.0104528758583596 0.40436762224373
-0.12778625364705 0.0798147534305397 -0.129947835664111 0.344848772501535
-0.129815168317504 0.00143958376929055 -0.241046196333556 0.191773810279958
-0.126974897225786 -0.096531060024385 -0.208068931013443 0.0289314148493986
-0.0591842671019585 -0.152222042363231 -0.109231358115117 -0.0572869553458451
0.0621278252629096 -0.182117650809319 -0.0375206297190994 0.0865285762047415
0.175395282157589 -0.246198444813171 -0.257506859575134 0.261321313145237
0.0711833763989153 0.0371728532894857 0.264994367810139 -0.403794887091154
0.0368048479946815 -0.0375918558255649 0.0203775357269415 -0.228592187743169
-0.038664815014896 -0.055714755424407 0.0453538580214972 0.0501337456633566
-0.0784447921221662 0.00876576695404338 0.177812564872016 0.0229232247092153
-0.0197191753267986 0.0763909483512254 0.255179827290549 -0.14357823900926
0.0341451226995626 0.0527628243258504 0.190584394572736 -0.341236685211612
0.0641547684092764 0.0382314703767441 0.043278192586044 -0.43683749015927
0.0536516404936987 0.0280047544367979 -0.031328766746398 -0.424235723936165
0.0518119226188387 0.0271636213486095 0.0242616921698091 -0.421385916401192
0.0267271907599315 0.0363975979994888 0.128138561575471 -0.324500425899713
-0.0195516205159972 0.0369020303610689 0.173110278702834 -0.144697668214903
-0.036526032947498 -0.0101255901409503 0.0476273186845376 -0.0795039990130035
0.0233128636195123 -0.0249120256806094 -0.00290673436447117 -0.185300679263997
0.034914199457923 0.0499710900634035 0.185382257598338 -0.409639377942773
-0.00359121361308814 0.092774504158274 0.580036439965772 -0.416946474829853
0.22697223750933 -0.177699791670278 0.198367596122854 -0.369439386359219
0.08532007863805 -0.249306493295935 -0.00911386330644393 -0.202145008020028
-0.128574667969555 -0.23914873876295 0.0382116918433593 0.0673341289426015
-0.256491398403808 -0.0703498710667259 0.163776461312482 0.0513265550776078
-0.16395485201846 0.138393701795669 0.25426582034541 -0.129397714096159
-0.0467604478108405 0.17593160343103 0.189540949606483 -0.305568783142681
0.0360514785269436 0.216626877391124 0.0562515582179205 -0.400418754052366
0.058387624556345 0.21298770448 -0.0167091752446518 -0.379660827981195
0.0386662104381687 0.219211058090105 0.0322710524933411 -0.378467233074344
-0.0702083838648585 0.191113451005524 0.131695514215671 -0.268382155679668
-0.185241620723183 0.130853800881709 0.15675890490751 -0.10089267487096
-0.273462339844492 -0.074057028434118 0.00753235599016347 -0.0548711187813503
-0.123903077235154 -0.238174517871706 -0.0290253903210525 -0.195909893609217
0.0884424718881347 -0.208197373580601 0.171104383508152 -0.443466132309552
0.189585927230245 -0.143594597481426 0.544376772233867 -0.449645005759276
0.350386183335521 -0.376527826563011 0.0806075537815117 -0.286638780819308
0.110261629215144 -0.447495644577563 -0.0495385842245859 -0.132462257929117
-0.224728685203013 -0.399824831933226 0.0437511148007401 0.0947377525313812
-0.42295745983217 -0.131275751156681 0.155680781980407 0.0706771124256971
-0.29093690553192 0.196472372307394 0.231361397880414 -0.114529899466083
-0.119226070218194 0.281554893397993 0.163383363893533 -0.240097286082682
0.00363231371036925 0.364966550613192 0.059862450849072 -0.308957106099952
0.0535995595662211 0.365364332708833 -0.000209450462566027 -0.2752696830798
0.0194819212277903 0.376492422622709 0.0346232767206409 -0.273736549846099
-0.158414249314036 0.315729370373767 0.110606879321225 -0.165173434413578
-0.327070257234674 0.206542778558731 0.105924711505886 -0.0336331756583227
-0.477742028506588 -0.128503898764459 -0.0537531011603085 -0.0228023428173382
-0.258868463717525 -0.422272793864087 -0.0697399653173708 -0.19283825883812
0.128333940718775 -0.438880201122893 0.133374741628931 -0.432601211449975
0.357541640461164 -0.357291638855541 0.44167662250593 -0.418576392976824
0.423476501021473 -0.537164937616655 -0.0703491030121515 -0.158352838613176
0.0994918670706599 -0.617509607518619 -0.0947312659337898 -0.0155599736758565
-0.331595246272629 -0.516671067483808 0.0613527868900044 0.131342159941481
-0.5681829716394 -0.1589414358404 0.146265443335546 0.0832747445671995
-0.387199258147747 0.250725724855612 0.181528195214549 -0.0915286775974732
-0.174160800087171 0.358985442901662 0.113028972078707 -0.141773613086083
-0.0272190352071645 0.464185312321441 0.0537453964619138 -0.17378697404302
0.0398350277469423 0.461727893353808 0.0169873455549158 -0.130740241530471
-0.00301970789069875 0.470476369245454 0.0324928931722867 -0.126548560376111
-0.22349924404704 0.388110234242021 0.0718181009832146 -0.0301675257231658
-0.41990296708113 0.247465206892485 0.0298696379800307 0.0488567312457858
-0.612650483067663 -0.163936097719004 -0.122523226489686 0.0161608109644251
-0.354880532038808 -0.541527998196058 -0.114548504160989 -0.169798734087304
0.149352527899919 -0.598005372285548 0.079460168348895 -0.36435390200342
0.465257271828373 -0.508445994932098 0.293179134587301 -0.322091548826262
0.432112200867881 -0.63356284221056 -0.234759920030629 0.00557700273901413
0.0603127191223833 -0.712279237268404 -0.135526537727951 0.136963152209806
-0.411160290159339 -0.564408457509172 0.0798098284978743 0.169953705011378
-0.644003811265059 -0.151373714088704 0.12252790598096 0.0907048639607902
-0.428804951602631 0.280997080418905 0.105724969355976 -0.0493390330626219
-0.201461166996856 0.389605127011567 0.0445729742312607 -0.0163218286099998
-0.0548749736224898 0.498214474799195 0.0387298456351181 -0.00921899665640474
0.0216071677289433 0.486863578882235 0.0314112125271754 0.0329631162952211
-0.0254985486181046 0.489642445285254 0.0257831956917688 0.0401601194309757
-0.249542526304656 0.393034051407053 0.0202246133632486 0.112608749023712
-0.440447203911997 0.239035482705498 -0.057217699518867 0.131110810000103
-0.635027135577306 -0.175699819808491 -0.183357712220025 0.0512000012766485
-0.375634154074749 -0.565748663645243 -0.14663376515981 -0.131845875228799
0.1524549266522 -0.643473733747397 0.0272127169893275 -0.251269267898388
0.499241650830184 -0.571387158666923 0.118564036078862 -0.17661408933961
0.376242933382906 -0.637484173241184 -0.384900442940865 0.182603125865891
0.0113609329560723 -0.692844076319349 -0.166147057086567 0.295980237196166
-0.418910887919474 -0.517974033050365 0.0858841127911207 0.19840897429228
-0.608352473563388 -0.118920567635513 0.079159191522387 0.0933354147983216
-0.395130148140141 0.264007479374883 0.0125541014443652 0.010039277440999
-0.195655966830278 0.359354415862733 -0.029221251020068 0.118900480920402
-0.0729111403954042 0.455961216826023 0.0189326123198695 0.160178897439995
-0.000924711264527258 0.438482934820279 0.0407459925963537 0.192383850322129
-0.0460202903574124 0.429709886883613 0.016413311943106 0.198331069506986
-0.240932462097081 0.328783483034839 -0.0345771431220312 0.234607121183153
-0.384951134778223 0.178973327184926 -0.140132351356361 0.189588247201564
-0.529514541090816 -0.171966440635277 -0.221549657566554 0.0672762435323648
-0.307766433443602 -0.489926684456294 -0.155834965802635 -0.0947610568679498
0.141962877218799 -0.560774800972469 -0.0112988177320447 -0.120025919550182
0.452048492339119 -0.534790917392511 -0.0469753048762724 -0.0124971293254908
0.263766426162084 -0.534545155955225 -0.501881935460989 0.337541424023566
-0.0266994622274043 -0.548013077861675 -0.190420726839738 0.424485643563674
-0.33373408094113 -0.380725856094819 0.0743235280138973 0.209917161115641
-0.45130574265379 -0.0798378951705079 0.0264535002816153 0.0891202209484906
-0.290803241424688 0.189639534072285 -0.077847961525466 0.068005686503427
-0.156495813917422 0.262811772372301 -0.0994883818659794 0.235057547995227
-0.0806915151752436 0.340315559141712 -0.00255060025585204 0.306582005173837
-0.0239992799330247 0.324306936934962 0.0446293077293738 0.323213571746041
-0.0631127963543999 0.307578892901477 0.00372370009464569 0.323483941375459
-0.196461043533048 0.215214342356424 -0.0868159572467386 0.312980134307154
-0.269124764660921 0.0887098807964802 -0.203660854783324 0.208050259454495
-0.338221692507415 -0.145109190511007 -0.227343007721046 0.0565162575342822
-0.184676419790977 -0.336725688793976 -0.139488473554617 -0.0685327876097358
0.113270048345647 -0.388132826674261 -0.0321890586497188 -0.0015176036216738
0.335327859503879 -0.415255540898883 -0.177990610109886 0.138929767638268
0.111163229629854 -0.346932760883679 -0.563931217118247 0.443628215879512
-0.0601550953751347 -0.30962910395866 -0.202130879616994 0.503403704667108
-0.193151983542512 -0.177666625501739 0.0582118820457656 0.207560572098091
-0.217698642478669 -0.024938471089025 -0.0118579378881162 0.0749945409900526
-0.135374367362005 0.0822582869395726 -0.144541842326018 0.105803766243904
-0.092108799715314 0.120444842473345 -0.152921812050822 0.307798477063525
-0.0754264954039737 0.165683298486417 -0.0251319895965485 0.40611611974339
-0.0446650750694202 0.158916761348037 0.0418276314563835 0.405179667881072
-0.0699534180315207 0.144114670834455 -0.0109698730223107 0.398178594158443
-0.12644401368921 0.0804856097659365 -0.126686602362067 0.339272867289015
-0.129051661647193 0.000356028694210919 -0.238797992880087 0.191074142768093
-0.126362026444095 -0.0928559991270588 -0.207110105202034 0.0283485588306312
-0.058892916614155 -0.149989048520749 -0.110787391189506 -0.0541471378885227
0.0598746685564784 -0.181160322112682 -0.0377070689555694 0.0860816810193493
0.172422347185058 -0.244271528700181 -0.258256644204565 0.256521929636872
0.0707983611167144 0.0400285632499239 0.271865531112113 -0.410293765615695
0.0388030101966425 -0.034990356556968 0.01950748199883 -0.233913661086032
-0.0400588798979604 -0.0563856142702578 0.0464522457678462 0.048020060263215
-0.0806705146488012 0.00713066474855999 0.179767117959994 0.0217347052124138
-0.0195630081126832 0.0775985178632003 0.257220215219613 -0.147357794323205
0.033819346025644 0.0546030836948713 0.188151532358199 -0.347104543699949
0.0643003993168142 0.0377999149198 0.0382118752241654 -0.44095139316494
0.0550872467170007 0.028574223570476 -0.0321631144169008 -0.430245207181804
0.0516651856293643 0.0272644787142205 0.0228134576321989 -0.427185581399723
0.0271839309497793 0.0355998675264278 0.126595581761644 -0.328664219271214
-0.0182984235822512 0.0374508003321513 0.175114334468158 -0.148143604530595
-0.0360862359921982 -0.0105150162914801 0.0478983225759636 -0.0803575726710888
0.0252683167791351 -0.0243084763365051 -0.00251382039962276 -0.190317264649887
0.0375110909315793 0.0518756692287092 0.18822861575952 -0.417475413142062
-0.00362935474384228 0.0945944490930918 0.591817121724578 -0.421590836976967
0.229488427681783 -0.177247813048686 0.204352309550744 -0.373780353897247
0.0868226116022046 -0.249784510065658 -0.00793095046309645 -0.20691079503704
-0.129874370655633 -0.241329245944761 0.0382760476589674 0.0662289178823856
-0.263168374305274 -0.0720852758149361 0.166294736039074 0.0509792986606345
-0.165974981233505 0.140485840125179 0.255022025238929 -0.132172143150007
-0.0474879306276725 0.180367096625218 0.188137684844713 -0.311321445234363
0.0384780336917004 0.219395424951547 0.0517655563962152 -0.402906849840962
0.0629554681541367 0.216450615134789 -0.0176328957385719 -0.384078419038867
0.0402170678252257 0.222486700526109 0.0288019335680917 -0.382175177960925
-0.070880954154019 0.194570310442771 0.131083067275125 -0.27165938313933
-0.187053217993514 0.133472071408392 0.157707376188538 -0.102775644189947
-0.279091136461137 -0.0744205147406245 0.00678151795963337 -0.0548324526277005
-0.125816332950607 -0.241545292031399 -0.0292077880819567 -0.201120394872363
0.0920463953745185 -0.21081933187886 0.175213824247667 -0.453715844264908
0.192477006084543 -0.146364742707021 0.554727474685623 -0.455749679513974
0.356262350294399 -0.378973976325548 0.0860651758531776 -0.289929356123098
0.112036042666648 -0.451979834806811 -0.0474683930114934 -0.135491240159604
-0.228267686121301 -0.403421175715112 0.0439950743266108 0.0945764665989425
-0.435383454644245 -0.133366970205129 0.158471788584544 0.0715799252444299
-0.295233375992699 0.198992322145758 0.229953951583264 -0.118235595456595
-0.121488658430574 0.287668807699206 0.163196552582067 -0.244156352357827
0.0077534387651447 0.371604566319358 0.0549788257118027 -0.309656052284466
0.0600547842770459 0.37200655867559 0.000897814062123657 -0.278260920910441
0.0215193166981666 0.381094756471278 0.0324119123137379 -0.275511003671593
-0.160245231905736 0.322711864144346 0.111643105535928 -0.166917359270237
-0.332647745398278 0.210263627551565 0.105911610877254 -0.0334696440075145
-0.488579539520389 -0.128609529821364 -0.0561272626074178 -0.0209865546277799
-0.262931742519145 -0.429021135978492 -0.0713687956918054 -0.197683577982065
0.133465390909648 -0.447389837305354 0.138352330581001 -0.442326625338967
0.362318595085073 -0.363995581781699 0.451679333134264 -0.425555340715316
0.430986001385645 -0.54324677174643 -0.0675435306146473 -0.159827241109191
0.100821084600934 -0.625219644802847 -0.0918254037355147 -0.0165976732350439
-0.336454900663958 -0.522728472709618 0.0618246992878493 0.132678216959795
-0.583677168111938 -0.158869300484719 0.150157990028183 0.084473606766198
-0.393438941074922 0.253977576468369 0.179062107318569 -0.0954503570189366
-0.176677336551648 0.36670792548492 0.114298819152156 -0.144471918501887
-0.022648926418351 0.472991582231801 0.049129503015965 -0.172025290426033
0.0476159775043867 0.470188909026761 0.0180415399249873 -0.131191251030516
-0.000149081266713517 0.477691126907462 0.0307102950402712 -0.1251708117906
-0.225730680073568 0.397184354471819 0.0735167577581275 -0.0301892490945972
-0.426755901997047 0.252195094979181 0.0290292772359614 0.0516613175479229
-0.627112528449245 -0.162636370707266 -0.126266288179108 0.0190417864719077
-0.360661449717514 -0.548864816865805 -0.116520848018126 -0.172999731757115
0.153219992365584 -0.609162833153022 0.08334383763852 -0.373174379154523
0.472279753271094 -0.516828438784002 0.298128976600101 -0.326091430702557
0.440415591316944 -0.642452000653389 -0.234840855866972 0.00586108808213561
0.0603224471972092 -0.723103251967173 -0.132559415797845 0.139858885924453
-0.41718455445909 -0.571503438194805 0.0813881656197736 0.174107642406792
-0.662359345373836 -0.150142796036619 0.126373768742533 0.0924941274536334
-0.434942979110069 0.285124753730713 0.101648874001401 -0.0523586701630151
-0.204419911174123 0.399378851309319 0.0468623650061141 -0.0165666027485599
-0.0493093763844428 0.507892322822764 0.0354781202336173 -0.00510583443872281
0.0286157765972737 0.496995230474254 0.0331378825557772 0.0353831771198868
-0.0235174530820298 0.495154408429439 0.0252620228726373 0.0439755817349869
-0.254451536615222 0.402735523662389 0.0226199226561215 0.114888280920096
-0.449001514998298 0.24465928028347 -0.0593779157016594 0.135556794208379
-0.647447956000636 -0.174220801324046 -0.188287767563338 0.0548518514661613
-0.3831675913433 -0.57402370505951 -0.149905280531903 -0.134027658493752
0.155610751499512 -0.653846794327549 0.0290741182556761 -0.257069040035253
0.505536981386172 -0.581947582262746 0.120058905881095 -0.179017297744324
0.381638944847347 -0.64668099653658 -0.389326097444255 0.185256290855357
0.0111089982287434 -0.706441309647414 -0.164081327663549 0.302632371417212
-0.426099068118963 -0.525776396323439 0.0883539552400105 0.204371868740236
-0.627002205188075 -0.118371251699955 0.0833604138307344 0.0948292753781029
-0.401131850639882 0.266269118605448 0.00781541376756712 0.00784674714418052
-0.19673810197181 0.367975175967561 -0.0268976789419337 0.121065135499732
-0.0667935405867779 0.466781304400316 0.0178742353785075 0.165678810747423
0.00551321908819853 0.447518416672035 0.0426614441203464 0.19619489690354
-0.0448211857731779 0.434760649659907 0.0170671329180323 0.203262135814513
-0.243862448803414 0.337467604049355 -0.0324357209793909 0.238538269179499
-0.390275420955704 0.182365637354106 -0.142511357495898 0.195207410174979
-0.541464329067128 -0.171258027546428 -0.226702112515394 0.0713728498419648
-0.314189156798508 -0.495762354440182 -0.158892471624271 -0.0944400294021827
0.145159579853175 -0.570008938239265 -0.0109635871434118 -0.12356570530651
0.456282907445693 -0.544358652309849 -0.0491121107891709 -0.0129857754693145
0.268742929365785 -0.544845601847417 -0.508904316492368 0.342128155553587
-0.027980384267533 -0.558452780437927 -0.188649659942361 0.433338438732321
-0.338992422952924 -0.387266269022471 0.077127217614137 0.216679648904922
-0.464875583671417 -0.0771376829155643 0.0302690779185583 0.0911897670616981
-0.295063899844084 0.192218326740548 -0.0821461514625054 0.0671014803075591
-0.158727429286935 0.268555775752738 -0.0962819232545014 0.239976080657325
-0.0763205370795796 0.347481651483762 -0.0028757213205155 0.313871489302521
-0.0200101645461649 0.330753952125031 0.0466853787185879 0.328159979843968
-0.0616830604974943 0.310620238451103 0.00459896107967829 0.327965651709804
-0.199632217335364 0.220757368905394 -0.0835898522228867 0.317194540744455
-0.274349270199464 0.0903072806015874 -0.206345439772374 0.213781931630733
-0.344862566858092 -0.143629254298487 -0.232353117215535 0.0600164608083788
-0.189052798877387 -0.340243510106411 -0.143215794158894 -0.0669099087027368
0.113625926326315 -0.394013230951286 -0.0324601379073936 -0.00268621599178667
0.338210443725656 -0.421890978365362 -0.182767193822451 0.139881939390392
0.114938587329981 -0.353944919085482 -0.575026736045011 0.448612078109857
-0.061694199290611 -0.318503561548425 -0.20392960836004 0.514869759967156
-0.196138148956658 -0.181804773256741 0.0612681429162078 0.215327558550845
-0.225006529164852 -0.0231897982019483 -0.00842756396481319 0.0757421303520488
-0.137570160777277 0.0830562957706844 -0.149014127592167 0.106548068923371
-0.0930842337994139 0.122277501077981 -0.150204921277586 0.314248998126061
-0.0734325650977588 0.170324494618513 -0.0239550863669306 0.412203174808985
-0.0431086603032335 0.162680563023141 0.0433709195715418 0.411030864180521
-0.070165347172409 0.145872226325186 -0.0091644745256676 0.40278164212231
-0.128014618273607 0.0834725011644464 -0.124556420033449 0.344328077191232
-0.13180625093722 3.82056319624211E-05 -0.241314958190476 0.195861237815134
-0.129364896275203 -0.0915162959789373 -0.211199249932912 0.0309710847846787
-0.0609445249221686 -0.150684408145662 -0.114103524631747 -0.0517286598528157
0.0589027878592212 -0.184481835504518 -0.0376942874599799 0.0868102128553867
0.172065638408582 -0.248672607703186 -0.264172316271256 0.260629423683257
0.0701678084362553 0.0277320307375954 0.250853542226629 -0.430135361422741
0.0332332337299989 -0.0390350062369737 0.00477623903408351 -0.238689285920546
-0.0456205389247176 -0.0516643859043725 0.0556474295863074 0.0406668885062381
-0.0790073896791273 0.0135029681557529 0.184857938360629 0.00071115667322694
-0.0095618141109729 0.0744312130534351 0.244725094020453 -0.172430216761053
0.0352057172361067 0.0478727400668067 0.158087924409854 -0.366860961575409
0.0673350246939836 0.0272369700807584 -0.00751959364859914 -0.449321415030298
0.0558370598392689 0.0221293828843153 -0.070465848659484 -0.435199988032497
0.0550421911608262 0.021969079773289 -0.0138370822669345 -0.444511964152378
0.0334126065848197 0.0349768429662113 0.102536656026753 -0.353838430863978
-0.0127691821460616 0.0420481215718594 0.171221752821394 -0.170419321647245
-0.0362050978484352 -0.00701902797353001 0.0446269020667041 -0.087646834411967
0.0289005808818467 -0.0267760656580479 -0.0198888956385857 -0.200852139008908
0.0521242601613112 0.0579188969741125 0.16475885476307 -0.460191093775545
0.00867758674652184 0.109132806813995 0.598919370822866 -0.479530947779715
0.203936589445943 -0.205614803374839 0.202742027123619 -0.377082195874239
0.0582911945415836 -0.258707804516648 -0.00662475748792757 -0.205370652267188
-0.15868759063682 -0.2260470855029 0.0662495772044849 0.0544567168965759
-0.274004230821542 -0.0411784429849943 0.182818053353506 0.0180720088419878
-0.150939559200177 0.15227207553052 0.236505706756365 -0.167500470878941
-0.035020383400338 0.18256339367368 0.155640613325564 -0.333971694934386
0.0653232076128264 0.215268309091344 -0.000861596391772519 -0.419527037633683
0.0817998847631657 0.211659104910452 -0.0527538314180137 -0.386667611676174
0.0653257047739393 0.220297169838323 -0.00287819604556688 -0.398151290857848
-0.0510332702576979 0.207420115046018 0.113400271960303 -0.2974463974805
-0.173972530178047 0.155812451245103 0.157301787784085 -0.125236446808841
-0.291827813028763 -0.0448472171793856 0.0117645338513195 -0.0600573829399815
-0.146917486013854 -0.233776693382911 -0.038524066531151 -0.202325222449903
0.0851683749328755 -0.220817230966819 0.13912788137874 -0.484635077464961
0.195697515251827 -0.160032105167495 0.538036483041725 -0.507925860074386
0.307160557994718 -0.419906272857767 0.100544265243559 -0.273083372008489
0.0614877523675175 -0.462805183162826 -0.0283314045972278 -0.127725264529742
-0.275483908291586 -0.378715862953152 0.0891952570080119 0.0760579711114822
-0.455204040917667 -0.079635848081196 0.185656899355914 0.0269500023180062
-0.275244957041679 0.224936581156896 0.206543754572064 -0.15971837605867
-0.0989807113692905 0.299761587080132 0.130946266892001 -0.268587955041653
0.0540487452245116 0.375823418752757 0.00490086758708369 -0.334173883246363
0.093775069632444 0.36960967753743 -0.0276891248883495 -0.278533360418045
0.0635138182922241 0.382501352322441 0.00964935929185079 -0.286869119312945
-0.129643007654907 0.347289873328796 0.102523593416655 -0.190147657438719
-0.314091174180703 0.248008787222688 0.11003555676155 -0.0513070185628322
-0.513213773720013 -0.076773060076097 -0.0434510445253104 -0.0211162857313826
-0.306715007746378 -0.413123716582419 -0.0741067257395705 -0.188233804219153
0.107590699529202 -0.471338359770139 0.0887321167588488 -0.459500166441501
0.355004503220392 -0.404505916315513 0.41483740816697 -0.463118793698677
0.365051991919697 -0.590141691252818 -0.037497574990669 -0.124973434943505
0.031214302765492 -0.634401203675593 -0.0530513390375117 -0.00279581712346308
-0.398198604052045 -0.486881475617466 0.122484296202591 0.106881202888475
-0.609419182100537 -0.0856853599798662 0.1838740597434 0.0293778035344035
-0.368177865791155 0.29091016452998 0.151606566864045 -0.138275074139515
-0.146173097034548 0.386021850497911 0.0868043647618659 -0.16678677369701
0.0375648373403908 0.484621544743767 0.00725273469433625 -0.199060233005197
0.0916750143429122 0.470581908525726 0.00193217167229089 -0.129776703631632
0.0511668475262425 0.482474187525252 0.0207738409637821 -0.13040730363771
-0.189123033726669 0.432255378404804 0.0758043405157883 -0.0462627938686847
-0.407827698528769 0.297967714362596 0.0373704311026892 0.0425684151768847
-0.658256450394831 -0.0969168619482181 -0.10952289073365 0.0257857060155043
-0.418534863205476 -0.528685259083932 -0.114535413020568 -0.153083375727295
0.112040988636265 -0.643510254119044 0.0317849605204826 -0.375413520204813
0.457654344622507 -0.576305830523079 0.246682078445406 -0.347522595828467
0.366206560204392 -0.687338043386288 -0.192270608127474 0.0557327250970261
-0.0190625273731166 -0.729447576109046 -0.0765861722762539 0.158277761862217
-0.484606445969887 -0.526957367407492 0.151320431234593 0.141378763164672
-0.690767279595224 -0.0659404499899857 0.163554882344234 0.0323018551966004
-0.409765137497163 0.328553111686197 0.0736073385273996 -0.0919508425871671
-0.169792274510567 0.422237981799718 0.0276116995308928 -0.0332566427982685
0.0156367526214174 0.525957181012989 0.00823182315770319 -0.0320357872517135
0.0762358422595887 0.499547910570299 0.031343138917749 0.0401272437578039
0.0311918004282115 0.502659073491828 0.0293178610509198 0.0455082590599982
-0.218463613071301 0.437710640567612 0.0352096306020133 0.108921780429526
-0.430761601998363 0.290202681270448 -0.0491862673386877 0.138164277553596
-0.682316525603154 -0.107402366355501 -0.170959394657869 0.0693882220201977
-0.444750094791209 -0.550270693811069 -0.144631661419078 -0.106872973321116
0.108849301697274 -0.69098412262466 -0.0188908352108272 -0.246147790931114
0.484860634449919 -0.647848031838962 0.0647072854468094 -0.181058173901325
0.309504741172634 -0.683316842792908 -0.340639908588912 0.24375160757187
-0.0635327529969431 -0.705912667543343 -0.0989901266483035 0.323869186731703
-0.488520942104824 -0.480692767048167 0.158329753979559 0.171374233287208
-0.64971055015302 -0.0389430049103353 0.116727154840221 0.0413888442276596
-0.377999058827916 0.309933642595235 -0.0152719845147804 -0.0206240981334872
-0.164333333107954 0.392930315635675 -0.0334952479312209 0.113570932375954
-0.00556032353351803 0.485775553686444 0.00922586524243658 0.144365328902797
0.0491185539159291 0.452895817438726 0.0556124877180206 0.202727128669596
0.00275261215875426 0.445034334514874 0.0342823500328378 0.211414085569581
-0.215160941888258 0.369354502159713 -0.0115835363279996 0.243946314965406
-0.379087620047348 0.220225088087086 -0.130532779123576 0.209767123835404
-0.571230851772025 -0.11556384249895 -0.213668594793024 0.09161127658415
-0.368216308844787 -0.477627630300376 -0.155166806558449 -0.0668639987241006
0.101757206209686 -0.607055999338587 -0.0480081053361261 -0.105840022214934
0.434205767283438 -0.607999044959047 -0.0986024959396609 0.00180123914257869
0.209800795244449 -0.569126826716503 -0.462875633201687 0.402122166176911
-0.0845011988777682 -0.553295704882917 -0.124711827983471 0.458811723003712
-0.384444645585418 -0.350824535694307 0.136026807106819 0.192568973204705
-0.481393775806821 -0.0161584216745827 0.0560443490367423 0.0526085616038142
-0.279231453639443 0.22512510861431 -0.0962435613017471 0.0549521320208497
-0.13256402665827 0.29065226289116 -0.0890810223422273 0.241954669927631
-0.0303052675665659 0.368391637011595 0.00979391965915968 0.299749626363121
0.0120743901597533 0.337185470091058 0.0720353990394864 0.335268765549633
-0.028459344849039 0.321217085042494 0.032842562774314 0.341402923685912
-0.181723810790222 0.244566187365388 -0.0593977416787882 0.332581016427168
-0.271112283722438 0.115364395382452 -0.195101890665051 0.237155648733436
-0.367261174635862 -0.10955763374783 -0.227453927643175 0.0820155039401737
-0.225022757873562 -0.329775768396021 -0.144585238349305 -0.0437921622773599
0.0822579429355249 -0.42031379992128 -0.05287080642696 0.0151859127720262
0.316810395316153 -0.472209997588665 -0.217789551450079 0.167101741919843
0.0778593106024739 -0.358893170202008 -0.538939939968648 0.500296378604443
-0.0909061100287901 -0.308316970072933 -0.15011574619531 0.538406820332899
-0.216871586833283 -0.161211443745835 0.100740388651607 0.202492008452834
-0.230877830322304 0.00799947494328341 0.00591634635789817 0.058614798523682
-0.131199482274082 0.101398231728288 -0.151658687097075 0.110627390343508
-0.0796217835383157 0.137077078554087 -0.130823413335825 0.325844250804738
-0.0498148737605467 0.187402885739813 0.00766410965167668 0.410160463641836
-0.0261636280007102 0.169916112050177 0.077447411513152 0.417230963051408
-0.0547348516797842 0.155310388538491 0.0258557393719098 0.418834556768951
-0.123735685222795 0.0967940807541962 -0.0990862840306199 0.366451688659845
-0.134866939368844 0.00935635695096383 -0.233732274953101 0.224902677222738
-0.140965978199696 -0.0805661675225405 -0.214166225732238 0.0522787047707283
-0.0766996226471486 -0.147821594660606 -0.120325077740359 -0.036381157391292
0.0411531943270941 -0.198942235542599 -0.0418558959696791 0.10125532164775
0.155147254629544 -0.27886039493756 -0.28041663749904 0.294782839176837
0.0727721104116959 0.0272488288545428 0.236439124387657 -0.451001701897956
0.0342757702565904 -0.0397629127052484 -0.00910630622618632 -0.242335313216678
-0.0487640965067296 -0.0499770435156184 0.0586247203311133 0.0381926339009307
-0.0811831409316393 0.0174278832940816 0.18668730415522 -0.01048037413
-0.00565590536516125 0.075786367967575 0.237919921103725 -0.189264193358774
0.0382550087662528 0.0482163034559036 0.13711559045403 -0.380351938429369
0.0680457432058091 0.0235838908446384 -0.0353774600070789 -0.451598369421851
0.0581097350395807 0.0191804062082037 -0.094566980467685 -0.438142336019684
0.0566069783102487 0.0187077073316449 -0.0395827634553516 -0.448398118661717
0.0350330269500847 0.0324117045837497 0.0839859991020823 -0.36161863724188
-0.0100211737948312 0.0430583179337042 0.163851087197999 -0.182546375086596
-0.03583613484906 -0.00576652227230197 0.0393225629335566 -0.091279594663809
0.0294312737724685 -0.0297335199741531 -0.032420147195089 -0.204526294833023
0.0578545566083425 0.056600550762768 0.144790037685002 -0.477887000013881
0.0139772902520657 0.110567038102631 0.587725529943515 -0.517668005170688
0.19642022900605 -0.216220365457211 0.189544980917803 -0.393974785922573
0.0481266779363314 -0.263029566068383 -0.017925609530675 -0.209024018250254
-0.171847728802233 -0.220840019311288 0.0693225502276258 0.0509895803664947
-0.283811896698038 -0.0262183827583734 0.185988638303787 0.00859699166854955
-0.145048139891301 0.161487787936107 0.228258030492525 -0.182009736501187
-0.0260380696157 0.189026988334549 0.136942042446873 -0.347771053064076
0.0782205513933023 0.214628277495214 -0.0246160671573255 -0.421331503007793
0.0972837045611022 0.209645714843628 -0.0746539513837284 -0.38925129241161
0.0783657406919336 0.219941452338214 -0.0253706245520959 -0.401765852530522
-0.0406632197923043 0.213337361047181 0.0976479187109787 -0.305643048014616
-0.168732260708175 0.1676376135584 0.152911518703622 -0.135285603659154
-0.299597241808858 -0.029017915002351 0.00814628954205195 -0.0605159503458556
-0.160565911947433 -0.230801247764246 -0.0506092367268553 -0.206508500131055
0.0774616763600793 -0.229574872392542 0.114638028812485 -0.503047181639811
0.189357765070671 -0.173517175760992 0.523740530282892 -0.544888070456815
0.291393254127577 -0.440180020104608 0.092952217555691 -0.283894463072244
0.0405521308017626 -0.471208980628796 -0.0333160034188478 -0.130331743905508
-0.300012318736282 -0.369106298322278 0.0952095863139856 0.0722750626325528
-0.471626957362068 -0.053527545146053 0.189575761118954 0.0171363429709332
-0.268968941322369 0.241771401882171 0.196976154133027 -0.171915377648429
-0.0842579905601762 0.311607230655603 0.116731219378018 -0.279711374206149
0.0789243232872282 0.37701377073302 -0.0150694936800674 -0.332591547635264
0.121109883229873 0.369627526841915 -0.0416792294023649 -0.280672247213359
0.0862336083315074 0.386121049914167 -0.00737851393222297 -0.28860713393885
-0.112574768931898 0.361926036553799 0.0935756567273192 -0.19689321083633
-0.306586664365163 0.268769947128368 0.109004102112981 -0.0562274978133213
-0.527283461722951 -0.0482736675087765 -0.0459624177173035 -0.0174901362829427
-0.334079696817821 -0.403905437898052 -0.0854048226161366 -0.190089438603633
0.0860363287693211 -0.485790104500532 0.0663155002943358 -0.473794115707585
0.338070274833769 -0.429161982993816 0.398386251465354 -0.491392926707854
0.341411298071516 -0.617114176844264 -0.0390896111637309 -0.126883625487503
0.000324365592822567 -0.643203856856513 -0.050114813709635 -0.00313602281966406
-0.430536691000137 -0.473374976420617 0.132945254649843 0.102592188252575
-0.629569680137657 -0.0499253993459311 0.189492261655192 0.0198141709997597
-0.360960414632892 0.313896606955121 0.141573949588467 -0.147656997630849
-0.126862437505804 0.402672186593452 0.0779881941660532 -0.175178038775307
0.0686596538049516 0.489490124307485 -0.00451255853470527 -0.195917581652273
0.125011392054901 0.472270699220892 -0.00312347179080845 -0.130608950759797
0.0793122270926199 0.487974697937663 0.0137257303963765 -0.130076191748551
-0.16890104849103 0.451282871105474 0.0737378521505963 -0.0500725903606866
-0.398552195470606 0.325641953669177 0.039210841114653 0.0436863121413965
-0.678339388824483 -0.0594963033967258 -0.110444914398036 0.0344634801179352
-0.45466182850185 -0.51551504980372 -0.124380970900104 -0.152340172743729
0.0822827998605827 -0.661933907885665 0.0115266438275743 -0.386359190997133
0.433994984112973 -0.610838861984964 0.233081306455369 -0.365670530110316
0.337190322923338 -0.716469279508874 -0.188105224036653 0.064748667204736
-0.0547925354748078 -0.740173575192493 -0.0649419561920745 0.161372768386172
-0.522068953171987 -0.510805456487002 0.165358794984812 0.136188745312185
-0.71047470693157 -0.0253675610576441 0.168861072930902 0.0234698502587371
-0.400457125473987 0.354716320338333 0.0637671594865176 -0.0954582494008307
-0.14955888375392 0.441008788332313 0.0276601742978126 -0.0365660020805706
0.0507978649971322 0.531350089224972 0.00538686583068601 -0.0253101365171223
0.111810924303989 0.503182617386401 0.0358699979959104 0.0397899218764456
0.0594627005610254 0.509586149704213 0.0324672846770296 0.0478264137571177
-0.197227698039515 0.459628343253803 0.0421636581521781 0.108943612497201
-0.423720955847782 0.319018635788851 -0.0420419569872008 0.14660553003313
-0.702614860101588 -0.0695550986289343 -0.17061435694206 0.0827995016023934
-0.480856510346769 -0.536999531571724 -0.153577685097736 -0.102949376924061
0.0745495394428751 -0.709119826526171 -0.0315316867021111 -0.25233353925451
0.457799970070969 -0.683954882164596 0.0548393013528815 -0.186821227903435
0.280109932302776 -0.711837381253575 -0.331684863655348 0.263539565455226
-0.101480915806492 -0.714984083672844 -0.0781904266785834 0.332503126469993
-0.522136676532944 -0.464379035400112 0.174302342695613 0.167176421809312
-0.667033915743195 0.00132545172707104 0.123092849780155 0.0341440691380005
-0.369471322964205 0.333663877108988 -0.0217998452844965 -0.0186299806439267
-0.145121384087203 0.408927003164632 -0.024761683910963 0.115580504742915
0.0267739979909867 0.493315129490216 0.016914019978223 0.151798912814767
0.0813751323184679 0.457637897460105 0.0689625429439526 0.203813341111769
0.0268704774630054 0.45170638188193 0.0471653516504395 0.215082354835594
-0.198824999507343 0.389406904745112 0.00226564490518417 0.247799991511905
-0.376223513912277 0.244985923078112 -0.120857868153026 0.223831748615322
-0.589249842041641 -0.0817921637271599 -0.212864755705899 0.107180187748249
-0.400150759704813 -0.464844942671452 -0.161380887934163 -0.0596740443482112
0.072512879482713 -0.62157050320596 -0.0541835280916628 -0.107518180359511
0.40689220846878 -0.639883600016121 -0.102455471827905 0.00766010235714661
0.184138272330321 -0.589769860576625 -0.450605069711225 0.430917060439599
-0.114993347278625 -0.560910298207055 -0.0985877919775449 0.471182613435035
-0.411173281565664 -0.337220000509988 0.153142936312344 0.189830237946151
-0.494779381226304 0.0140599506678782 0.0630647678362648 0.0488260852672508
-0.272707325282205 0.243662431181861 -0.0992184688049167 0.0616631324991911
-0.118371358021269 0.302962848572413 -0.0742820902514512 0.25061841948177
-0.00610122526982079 0.375762367289865 0.0267306033596075 0.307930713633539
0.0362540796041629 0.342679045867043 0.0926655289590585 0.33669768791588
-0.0105336882744525 0.328458140801541 0.0530252209120787 0.345153369581435
-0.170361655631711 0.261093643677741 -0.0408485964644362 0.33954589910071
-0.271458037789725 0.131113698557368 -0.183832636900037 0.255142510775222
-0.380435814413862 -0.0871386769759374 -0.22660323833537 0.0978823795723202
-0.24664768157467 -0.320844760487209 -0.149002941723385 -0.0358727023639956
0.0614830837956306 -0.431428907297383 -0.0533604542918473 0.0158010818255312
0.294569015936467 -0.49642385050166 -0.216015355031411 0.181897359842854
0.0600900104901949 -0.371180659323218 -0.525646617168147 0.537478840885809
-0.110303711108782 -0.311080731487614 -0.121596283176798 0.557093784703231
-0.230403444260015 -0.153569101523445 0.117160469882779 0.202164433326034
-0.237193398819117 0.024320854448657 0.0123885229445143 0.0572008412613942
-0.128661662365181 0.109107209466485 -0.150861033908572 0.120938845999089
-0.0728587229247013 0.143292889727548 -0.111682906884711 0.338180088782224
-0.0368351278595079 0.193819769728838 0.031270292956349 0.416459978709299
-0.0135917014735465 0.174831736276762 0.101533536478637 0.419202898474275
-0.0464293900483123 0.161426651227767 0.050244292147061 0.421871293196168
-0.119670865189034 0.107102166495499 -0.0782312540288372 0.375996440812473
-0.138024750008104 0.0175562767281945 -0.223019532155384 0.244016425714073
-0.147464708976156 -0.0708530871387927 -0.215504365740133 0.0657829729671909
-0.0866493290985368 -0.144125734711696 -0.124614968803339 -0.0279263349500044
0.0300368579218898 -0.203015929540387 -0.0365698445291941 0.102935962672914
0.140126111111412 -0.292187132075074 -0.272378818075772 0.314360095731182
0.0741118878056465 0.0253580160270336 0.210217550620043 -0.459804363133359
0.0346708111429226 -0.0395569522548007 -0.023962357969159 -0.237222787426252
-0.050907416082417 -0.0459272620158993 0.060672004366109 0.0342880661445971
-0.0811206809548023 0.0224329695418441 0.182897989717385 -0.0220893552147317
-0.00157232504639899 0.0741966861415745 0.222958597087957 -0.201575600772408
0.0408012968719972 0.0468628575403564 0.10983653387007 -0.38219179550875
0.0676392359274138 0.0197738463527171 -0.0617984224669305 -0.440925426396495
0.0586449157383372 0.0149517878275299 -0.119887339542597 -0.426802197960487
0.05631300177535 0.0146270740594641 -0.0674317410089766 -0.438021087743643
0.0355636864415736 0.0285392401753109 0.0603357837832164 -0.358792747117811
-0.00675491535179416 0.0423878739331097 0.150876011542426 -0.189154896487471
-0.0355517383393047 -0.00527920476300163 0.0325754894158928 -0.09186702518735
0.0283574369246023 -0.0324676648203164 -0.04580710193268 -0.200821543212459
0.0619675675163746 0.0529772427233809 0.115286408971659 -0.479747816916155
0.0195466674776162 0.108974360912458 0.553928170498879 -0.545017396372308
0.181911513456462 -0.222073523286739 0.169426535871131 -0.402464314264172
0.0353331906135594 -0.259949543729277 -0.0291073575003885 -0.205249945262958
-0.182410725895612 -0.2071227151248 0.0724762964901809 0.0459942004577012
-0.284411871185551 -0.00738863533677606 0.183837457929355 -0.00295005690148457
-0.135595504598911 0.167476049485401 0.212702969314155 -0.192592995672787
-0.0139231958751678 0.189945645164328 0.112081334437467 -0.350216294854776
0.0905276021010728 0.206484675701606 -0.0503272281627981 -0.408994670613706
0.110957482481043 0.200239269304872 -0.0959441770783628 -0.379947708871206
0.0911339037746151 0.212397771052168 -0.050014143339115 -0.391700478021083
-0.0274057463918598 0.213755405635214 0.0780239065722766 -0.30502237673649
-0.156793034305932 0.175694144449733 0.143396059480469 -0.140780552974089
-0.299089584398511 -0.0103370465355936 0.00340404033952771 -0.0592458098480821
-0.171976525509593 -0.219973121392415 -0.0636896638483739 -0.202984372738102
0.0648927268617755 -0.231710116328905 0.0860553337248178 -0.503468865414681
0.175746929767325 -0.181915179633214 0.488744295521581 -0.566666776391028
0.263504175028196 -0.449477544106137 0.0799541549430979 -0.287376472308234
0.0144351344039144 -0.465413967744506 -0.0384650573341592 -0.128989369939127
-0.318220197075827 -0.345924670485861 0.100403193364715 0.0654538061860649
-0.472320492276432 -0.0222950593608985 0.18868750297575 0.00543200227650774
-0.253403985075791 0.254214563122378 0.180618916003097 -0.17929654177859
-0.0642017585897227 0.315304153401822 0.0971112132450605 -0.283505524525454
0.102678422911047 0.366259227539129 -0.0341315613074785 -0.320987874329632
0.146429697424798 0.355644199351463 -0.0565316049876226 -0.273974135175022
0.109475794610561 0.376346021066174 -0.02419889730003 -0.281348245783412
-0.0894828652770954 0.365296832074802 0.0804838067168416 -0.197579635554454
-0.287762524167582 0.284759652774313 0.104422962564917 -0.0598757135014071
-0.527348039810004 -0.0134039306880236 -0.0465794553426358 -0.012491058896096
-0.352197953437153 -0.381548108212892 -0.0972426747504595 -0.18654662011416
0.0591029438200486 -0.485724150541042 0.040364371038013 -0.475424262012305
0.307541430128588 -0.443078354748415 0.367836841770935 -0.506729746394036
0.302063223191814 -0.627486742999647 -0.0417765558377405 -0.125015983003948
-0.0356323180243323 -0.634884709352218 -0.0470513516898891 -0.00421982131738894
-0.453303955834515 -0.442064242224365 0.139954774552963 0.0922398046390761
-0.6286103119019 -0.00812267144887837 0.189286729011452 0.0075016965196677
-0.340774406140838 0.330762032333072 0.126725810539035 -0.150981581271403
-0.102202708386058 0.408202813892797 0.0667588886765488 -0.178471885489584
0.100995820620921 0.476843533447026 -0.0149956856309552 -0.18530972150536
0.158314819717066 0.457534371078463 -0.0094762099712172 -0.128024968988475
0.108417360566295 0.476976836746781 0.0059563572897213 -0.125516402814492
-0.139477407074828 0.45829681797887 0.0707682221553009 -0.0522444496236674
-0.378261319345847 0.345584763994049 0.0425860054997358 0.0446336800605079
-0.676604795654112 -0.013075053458941 -0.106695000766507 0.0440164853442042
-0.479800138694081 -0.482993236780393 -0.132456176899725 -0.145863676163312
0.0450297239984636 -0.658424952615542 -0.00868618352446046 -0.38599003501629
0.389670035355675 -0.62885027974931 0.209979658617978 -0.372209233056367
0.292499390881168 -0.727044673243005 -0.179440130755322 0.0728153012828823
-0.0982934732598438 -0.727872542721444 -0.0503674103903823 0.159689028667822
-0.547662194119711 -0.474774990440614 0.175570705570068 0.124791466592294
-0.708476098522556 0.0228966667715214 0.170635493186942 0.0125210443184061
-0.376684905682822 0.373825310428267 0.054152375473496 -0.0944031610838667
-0.120597105687519 0.446783139907235 0.0264300438291253 -0.0396167594905694
0.087421848636375 0.520150578108392 0.00573870706152376 -0.0184595758345205
0.14867350349718 0.489367064724246 0.038995509863482 0.0377378864087048
0.0904786894516783 0.500235613715352 0.0356671275972398 0.0485392561672427
-0.166689797163523 0.468691862370913 0.0483995643882782 0.106162916236752
-0.403018973239936 0.339961814219034 -0.0313207230060778 0.151188986523859
-0.70037695456629 -0.021473333922764 -0.163947402218789 0.09557459005208
-0.509308266223665 -0.501395882656156 -0.15816397411514 -0.0942160550061854
0.0345851036645016 -0.706092603535021 -0.0464355181263367 -0.250879886105991
0.408937965340847 -0.702146810991223 0.0427272000788976 -0.18595020776959
0.236832353012525 -0.720126395594341 -0.31069262489295 0.277343023266473
-0.141213687520852 -0.701571736751484 -0.0532869115397476 0.329525153874458
-0.546194203370571 -0.430132261198528 0.187189395418409 0.155045202605054
-0.664405519322847 0.046159968699647 0.126182236890634 0.0259434546169483
-0.348482959292521 0.352309242409154 -0.0265454242494175 -0.0141704454123074
-0.118365918883943 0.416258241395511 -0.0158140713287064 0.113545060156465
0.0607513413472798 0.484538333071707 0.0278716967317338 0.154644464953565
0.114442093288335 0.446934940459656 0.0813456408024838 0.197129653116369
0.0557313672193908 0.44601958339361 0.0602478130569514 0.211120198769283
-0.171753339154599 0.399256480680289 0.018221913358004 0.243828364299085
-0.359177745728426 0.265380577159279 -0.104413281825961 0.232048321298087
-0.588919101782592 -0.0421064503642295 -0.204168063287579 0.122047647430801
-0.423506936419603 -0.434044667034036 -0.163672196326715 -0.0500290921920376
0.0349587548417073 -0.61807463316077 -0.0601703262128529 -0.106588161852806
0.35928433690955 -0.654861978389805 -0.102606736610057 0.0158996320435237
0.147734119559452 -0.595151045727342 -0.421130069376927 0.450498547458507
-0.147999489145289 -0.550217874296291 -0.0656915508822959 0.468821239044869
-0.427379106467239 -0.310928399382115 0.167701392834846 0.17864215002835
-0.49107344076291 0.0483225240139895 0.0676031020967624 0.0429232593624955
-0.256688894462657 0.257476096479842 -0.0972044171749995 0.069210315608861
-0.098708710216967 0.307662387592756 -0.055376172313414 0.249014179940704
0.0217603316012271 0.370930082860918 0.0469165794075241 0.305897004512306
0.0612110768940268 0.335185628825157 0.111281145751664 0.327500326621451
0.0104858409400597 0.325608242381076 0.0744506974650785 0.337733707068272
-0.152569479336357 0.269780097010816 -0.0189306020261234 0.336614534481034
-0.262041593018109 0.146219190861887 -0.165301995312869 0.266306713168916
-0.381059116406741 -0.0593753417356914 -0.218526715639172 0.112742462558057
-0.262890490056405 -0.300235827392956 -0.150072419031804 -0.0261060881669723
0.0338201781713595 -0.42859868664539 -0.0523153857855272 0.0160762414013852
0.259242806241222 -0.506798320685406 -0.205624204713399 0.193844449321575
0.0373629310665076 -0.372550669858081 -0.491846384892158 0.559175255418851
-0.128637440956207 -0.303824647394562 -0.0840341471152793 0.55681881653524
-0.2377531794832 -0.139812559274394 0.132500522208523 0.193337960023624
-0.233724558735955 0.0409714657306345 0.0173140531058883 0.053852575635157
-0.121220436050818 0.115687199286974 -0.143434508731931 0.128952356566207
-0.0631595747379454 0.145439882587947 -0.0865106201384924 0.339415040713637
-0.021041846190383 0.193204493140504 0.0569482078142192 0.409886201550547
-5.52953060451826E-05 0.173991274501066 0.12573165189239 0.407740333413896
-0.0347163162222684 0.162791632419303 0.0765123665446861 0.410943528633501
-0.110667180456354 0.114167271272532 -0.0548205911435103 0.373022114410453
-0.136959979205942 0.02541482568995 -0.20402214177107 0.256188779446006
-0.149495650572047 -0.0574491088645577 -0.208492144539346 0.0799725478108768
-0.0943590434229645 -0.135264844290549 -0.125217843296897 -0.0187346801421653
0.0160925336641475 -0.201870987541902 -0.0310903576101743 0.10130601002332
0.118917611002906 -0.297048451289064 -0.253488605425974 0.327379510497884
0.0737085525911638 0.0233753859099505 0.187685674377994 -0.455121936513486
0.0357143726783699 -0.0386704266985662 -0.0318348381415242 -0.22619807843033
-0.0493574626303527 -0.0422130178883408 0.0614902552630441 0.030567425417119
-0.0797433379200332 0.0253001542807302 0.175948730400805 -0.0299424114713246
0.000338811173171593 0.0709550901527485 0.206125341735689 -0.204640631028479
0.0417064733613479 0.0445857437865596 0.0882250124405251 -0.372992512797951
0.0646680903079807 0.0172664001127787 -0.077872796145718 -0.421932899369022
0.0568602789484945 0.0114204195734187 -0.133133297832775 -0.40773990079972
0.0550451720220819 0.0117086736320659 -0.0835224727947633 -0.419288490053125
0.034621759008035 0.0252097566100773 0.0443173290135639 -0.347060565637009
-0.00467418015382514 0.0406319014617605 0.138432923224038 -0.189104407613924
-0.034678584531165 -0.00486755760983688 0.0267324436444815 -0.0892213282433808
0.0270443829909219 -0.0334507408826196 -0.053842994141636 -0.194021163181516
0.0628835045653173 0.0488789570981886 0.0943403499511247 -0.469468976702367
0.0227384757251901 0.105267997546381 0.518576613964586 -0.547831668095841
0.169141016767013 -0.220056668184858 0.151921586114432 -0.39666467849143
0.0273087681544848 -0.251643035896852 -0.0351438446787131 -0.197551824671314
-0.184122211517103 -0.19299112671669 0.0740583628361327 0.0411690616996615
-0.277884108579232 0.00639172809650288 0.177872419602685 -0.0113996597100749
-0.126100551443049 0.167150183446391 0.196267629200203 -0.193650876814956
-0.00567214195340627 0.18589776165223 0.0924818835977012 -0.342974693330908
0.0963554190846443 0.195823842364905 -0.0636698062249512 -0.38880084095783
0.117874773213489 0.188223818514864 -0.106623067857623 -0.362718946720676
0.0968871223446642 0.202113754959801 -0.0648499727757949 -0.374090343679924
-0.0184190068918193 0.207653078751953 0.0635568156866558 -0.295742842250418
-0.145162402589873 0.176596013590025 0.133531499012829 -0.141141962625082
-0.291129125571105 0.00273068141487787 -2.15417306822763E-06 -0.0560936705209832
-0.1743534417788 -0.207279446166104 -0.0707600901893584 -0.197070770184164
0.0555821545038835 -0.227240575541645 0.0644967689723015 -0.493072161838367
0.161600670117917 -0.18170411765065 0.456619323409788 -0.566125382620446
0.239541284843724 -0.442930116023594 0.0704309389562609 -0.283633633724938
-0.00115965652348356 -0.449247038220921 -0.0408939441673538 -0.125890722283968
-0.322650738869661 -0.321256471254465 0.102469329742302 0.0580213949150343
-0.460640451202377 0.00128913747041342 0.18311011369678 -0.00321413103387824
-0.23774348590679 0.255207807890719 0.165725814006542 -0.178188487089957
-0.0489830416983757 0.309089156416266 0.0815761074504286 -0.278748632884301
0.114911764491843 0.349235746425189 -0.0433726036936348 -0.302325705351175
0.160319610568883 0.337147821226023 -0.0643044367141597 -0.262469247512752
0.122809441566781 0.360300443735719 -0.0343008008325639 -0.267663095248007
-0.0718227410045884 0.358123455709537 0.0709966285863335 -0.192104698994166
-0.268615571932292 0.28799064343552 0.099814229624089 -0.0602438447588513
-0.513576754210092 0.0104977709521467 -0.0456659694560656 -0.00868440864468351
-0.355319406861641 -0.356039771776064 -0.102446003643545 -0.179559893574541
0.0397098859898182 -0.473560755065145 0.0204679949353064 -0.463847398296786
0.278502323487459 -0.440743890622577 0.340268265116957 -0.505015292400559
0.270708667188342 -0.619379163908391 -0.0414629052421458 -0.12183336396666
-0.0579671489410779 -0.611856536753584 -0.0428357748348853 -0.00595927349024566
-0.457894235172375 -0.409103004841169 0.143498177053219 0.0820005336868191
-0.612368473411549 0.0220722724602147 0.185319803511643 -0.00063958266787041
-0.320708914468128 0.334323083791507 0.114306266968584 -0.147165417907487
-0.0814376645894115 0.400877757150623 0.0571757792096973 -0.176977617583645
0.120085450593193 0.454820975536963 -0.0189230018873184 -0.172429708977253
0.177089527772464 0.434418907464354 -0.0122734567079751 -0.122953934532405
0.126223754928517 0.458033623716367 0.00157583788602869 -0.118662520319345
-0.115870505163235 0.449438784918601 0.0671932554931709 -0.050880654985931
-0.353602994324933 0.351681024880611 0.0444409635803841 0.0443095623739488
-0.658732688921596 0.0176680979488134 -0.10128732172148 0.0488922547206841
-0.485118512021811 -0.449511819304176 -0.135741852249695 -0.139331912420244
0.0186723874424157 -0.640607620128414 -0.0238553202912771 -0.376280997271423
0.349997272701536 -0.622420107807292 0.190949022848935 -0.367412631169199
0.256730151778477 -0.715290139533619 -0.168135974955108 0.074773708191295
-0.122036473655367 -0.701245263171446 -0.0405469044881277 0.151518844917038
-0.551554892065285 -0.439030452991953 0.179781529253447 0.111929141488882
-0.688642796640958 0.0551067575700785 0.168053298215438 0.0047780485290307
-0.353597548579638 0.377556158353526 0.0466334669427658 -0.0897693091033448
-0.0989004521273478 0.439852995392003 0.0245459115715158 -0.0417538156087021
0.109180818280985 0.496760274342468 0.00790759336779205 -0.0115740103389073
0.169444696666313 0.4651964815572 0.0410605709669732 0.0354213723533472
0.110224628039666 0.481312446922329 0.0375305157260855 0.0476863024934664
-0.14280417795967 0.461636472044344 0.0523146641340755 0.102132646985057
-0.379394585335181 0.347183959505023 -0.0222877316014391 0.151051907973547
-0.680368430231828 0.0119870789052792 -0.154911522483721 0.101352318438762
-0.513318983217625 -0.466442280003243 -0.157799693096358 -0.0867708701529627
0.00645275385544178 -0.684887103669824 -0.0550142674989918 -0.244473631960634
0.365410770627644 -0.693416548675798 0.0349382668286373 -0.179180191566278
0.202600137136023 -0.707226975819922 -0.289582583485681 0.278701014448047
-0.16528012325248 -0.676191718360169 -0.0368866940673243 0.316463234566707
-0.548727859484179 -0.395657134633215 0.192736493846697 0.141310736937702
-0.64450462096243 0.0775683319310535 0.126006218658242 0.0185691476615576
-0.325974034206933 0.356918464376169 -0.0275308231119598 -0.00816952519147594
-0.0981715392080997 0.408777053020504 -0.00931577662174861 0.107957799814808
0.0821909432867302 0.464158185124715 0.0363011935149017 0.15342322781659
0.13391254962008 0.424319104749732 0.0880669280718398 0.188420703962472
0.0735715102376356 0.429953444398528 0.0677916709067805 0.20316089383226
-0.149215066113429 0.394337985231377 0.0273619818772736 0.236025862093968
-0.340471056442387 0.272978215007562 -0.0891609154919816 0.232102218860456
-0.572461467609234 -0.0117486719551381 -0.192105039938462 0.129115870377103
-0.427276074728827 -0.403683298196644 -0.161725759986331 -0.0434472602633222
0.0106296912371904 -0.599547589861122 -0.063022998921258 -0.103867666444694
0.321732709244324 -0.647471531649837 -0.100486639055905 0.0208900053853876
0.120596921621333 -0.583331120562957 -0.391676611823834 0.451500547786227
-0.166029190143685 -0.529393811473759 -0.0427098014088301 0.453559972805666
-0.429965513619766 -0.286953958644288 0.174887093709619 0.165149404241382
-0.476218129706954 0.0700832989501954 0.069783089640775 0.0376162175202165
-0.24147890603563 0.260079734154019 -0.0921357583763637 0.073407577290863
-0.0829268049837538 0.302386838972212 -0.0418304819989623 0.24068449213868
0.0405853010031799 0.355864032193598 0.0601347570769421 0.297012654724768
0.0780785416659476 0.321048222364509 0.121736916922058 0.312826801244207
0.0245548141323388 0.315987914066617 0.0859425301365212 0.323710316398459
-0.135121322290086 0.268856720563166 -0.00424052057296345 0.325962796582164
-0.249705997594181 0.152972183651473 -0.147255047382148 0.266879378856804
-0.371081540360564 -0.0383689409890347 -0.206741205772613 0.121118177608118
-0.266389595135669 -0.279429458427866 -0.146988694883145 -0.0189432828581048
0.0160600905489247 -0.416317930192503 -0.0509579130491511 0.0144675351016305
0.227906610955173 -0.499983930216441 -0.194864285650307 0.197815116897274
0.0212131020676226 -0.363359753908625 -0.456320544501885 0.559067135540392
-0.137882795345506 -0.291364870877087 -0.0587866829599843 0.540061059357138
-0.237713766511662 -0.127982922223597 0.140638486268627 0.181682804585258
-0.226044823909524 0.0514959947427908 0.0211314716950197 0.04965539823044
-0.114065242793159 0.117130836290406 -0.13458307560443 0.131625942325874
-0.0555182287764064 0.143560981282527 -0.0684330602701624 0.329024011460026
-0.00881698236036453 0.186752186454667 0.0731378992110054 0.395402266283243
0.00985723419607755 0.168286790653369 0.137764450920872 0.390237744911011
-0.0260328767679065 0.16026352607259 0.0903195639887159 0.393170604108678
-0.100987177151606 0.116009283983328 -0.0377566412705908 0.362110806912369
-0.132896963995135 0.0308600201343601 -0.185102106967613 0.25855531257329
-0.145811682636253 -0.0471895799575189 -0.198544336496733 0.0884333242438434
-0.0968949180915653 -0.125123545304239 -0.122258159277428 -0.0119641937033675
0.00660597463259106 -0.195330934889033 -0.0271189742036061 0.0962274609959143
0.101468499576173 -0.291763906300851 -0.236277872946097 0.328249601519923
0.0741046466963439 0.0233986497783546 0.179525710624099 -0.447366219582782
0.037012913610078 -0.0382119027158585 -0.0328332562501373 -0.217093495179059
-0.0477130108178329 -0.0400255096997536 0.0627787055813319 0.0286167983561087
-0.0776855148205544 0.0266062497319617 0.17031427790505 -0.0336432937884763
0.000511926369862435 0.0687042146675663 0.19703648964978 -0.203601461837268
0.0410742523358511 0.0438738823189817 0.0784707390638779 -0.363545316195149
0.0621885298198253 0.0170749272862259 -0.0824062232115148 -0.406854755693502
0.0553890132892345 0.00974175592672029 -0.13438319720812 -0.394993865911626
0.0529387192424384 0.0101913196824392 -0.0872856951172714 -0.404849718775234
0.0330281460882702 0.0237088939831153 0.0394892673950895 -0.335856974221905
-0.00319726498866054 0.0387488296473963 0.132294001219083 -0.185424780426083
-0.0340016322368398 -0.00545881521502128 0.0239177646027804 -0.0862737070030144
0.0267394560609155 -0.0342964843381022 -0.055788164661141 -0.188237047681706
0.0632658042649728 0.0469326205996922 0.0862478245549831 -0.457459236947426
0.0227323280932395 0.102607303698825 0.503312385283364 -0.539702789604119
0.162970143141265 -0.214451838226941 0.145432624918755 -0.390948136471444
0.0261841428166632 -0.244351669123584 -0.0353291568396076 -0.191091295489383
-0.180829155826521 -0.18447184633726 0.075063475580312 0.0379370546594919
-0.271660328385614 0.0121598502122036 0.172389849984194 -0.0147405883088108
-0.123319193976162 0.164474940624254 0.18732011231301 -0.190418605440475
-0.0026819670829891 0.18248237758554 0.0832115529925189 -0.335041366780047
0.0968817691553218 0.18939718098523 -0.0654891566713603 -0.374356813961208
0.118817303911871 0.179436660275848 -0.107822850804405 -0.350552634954577
0.0982684273427672 0.194828904571976 -0.0680755857500632 -0.360632994063681
-0.0159612344139335 0.2024538000707 0.0584107369498665 -0.286645928161524
-0.139130515912461 0.174443478794766 0.12856292007156 -0.139020896423667
-0.283858288202011 0.00766719822683963 -0.00075590697647154 -0.0542164721011239
-0.173046216122127 -0.200448650413336 -0.0734613774138813 -0.192628566773017
0.0520661519728648 -0.222142596492874 0.0572934838655888 -0.481218559544815
0.152755338683096 -0.17752963890601 0.441516165392679 -0.556173790313327
0.228870757617697 -0.432061534340544 0.0688195816109523 -0.279723102182093
-0.00567467556913188 -0.435295960174117 -0.0400858687700689 -0.123544697248791
-0.317012609357635 -0.307784039722323 0.10307172738731 0.0533988709621023
-0.44978340688782 0.0112371548623245 0.179425770598995 -0.00674691889434902
-0.230558537690379 0.252819001823735 0.158633099486343 -0.173156264937327
-0.0428535492702783 0.303000947000641 0.0735560902666866 -0.273127433712073
0.118023149119387 0.335630651645323 -0.044010590344675 -0.289487954966607
0.164660721261196 0.322746273255477 -0.0652180080588226 -0.253631494088122
0.126290709766206 0.348945332079522 -0.0368304048828154 -0.257367260263494
-0.0647599305268042 0.351149601139104 0.0670073559241403 -0.18589121588562
-0.258952335814495 0.284642934150045 0.098026100337598 -0.0587960079661817
-0.499735467703154 0.0198389627215515 -0.0444655426488202 -0.00610412183320062
-0.352865804597325 -0.343935842850491 -0.104623409373971 -0.176308878562753
0.0321475414261875 -0.462031849661421 0.0149312349939549 -0.454026174948979
0.263576483703544 -0.430772053796925 0.328338590817027 -0.494809459853966
0.256406649256067 -0.606050175710513 -0.0383890012070443 -0.120639355082271
-0.0641465318206535 -0.594692197286988 -0.0411346404615511 -0.00811684280557967
-0.453117585082021 -0.390690242611125 0.144109205166085 0.0755248981658589
-0.599041555368179 0.0365788282505647 0.182455797731755 -0.00503771433953417
-0.310370931834968 0.332475051220974 0.110116206633436 -0.142014422659178
-0.0726107438848825 0.393662314649285 0.0520034902124594 -0.174631215478091
0.126379574948728 0.438127657556861 -0.0170053004730025 -0.16260221495849
0.184462392877614 0.416649721796561 -0.0124038499846832 -0.118836307379919
0.131543525645219 0.444506079916202 0.00149651524018107 -0.112678633083158
-0.106159715874222 0.442286905761682 0.0661246752683789 -0.049141974330482
-0.342258249187913 0.348265489728436 0.0466604794129183 0.0445424552753824
-0.640839131408396 0.0305917727610473 -0.0973862963194638 0.0513057046218522
-0.478919278110327 -0.433344125956196 -0.135954884919559 -0.136456637696282
0.0111162999347677 -0.623837902670754 -0.0281283481596177 -0.369382859970609
0.331667516677023 -0.608499815640846 0.183187421395776 -0.357381984960669
0.241126503072481 -0.700399950479562 -0.160176811327482 0.0729917926047863
-0.128640708449076 -0.681490580617608 -0.0366455879715444 0.144001590210119
-0.546569933151032 -0.418398506323742 0.180477792038486 0.103935482946131
-0.671877196186786 0.0705813142369455 0.166895107953246 0.000179404165081246
-0.343785144069654 0.374348562189182 0.0454157338555358 -0.0844999887437052
-0.0888498018461957 0.431100173495399 0.0234131941451936 -0.0433894659273008
0.115907887896725 0.478878870594416 0.012991770663113 -0.00674411461577086
0.177002247148849 0.448133844884857 0.0422009500409399 0.0340488323837747
0.116676444119857 0.467665041469568 0.0387911066094739 0.0482984711996546
-0.130493575019467 0.45403965164685 0.0532791919866755 0.0999869740417869
-0.367091610903416 0.344490052740392 -0.0165916949764537 0.150282502918169
-0.663885883376237 0.0249469125233177 -0.14840114761354 0.103795005879061
-0.507136920036463 -0.446678859616652 -0.156588718446255 -0.0846171351873758
-0.00225544060187325 -0.668841852341072 -0.0579017832329434 -0.240364345639464
0.344249718204979 -0.680374997205973 0.0307405259657544 -0.172904314088436
0.187322390218141 -0.691397911707632 -0.276790483203108 0.27428816033032
-0.171541016589044 -0.657045498338412 -0.0306591307347582 0.304730529290751
-0.54209288052854 -0.380273926125888 0.193940033241561 0.132751296663751
-0.628894380839839 0.0899748136042141 0.126735696486198 0.0147045651317683
-0.317428853650617 0.353879056055967 -0.0252356486664306 -0.00489925102052072
-0.0888804243623301 0.401654745663642 -0.00657652413398177 0.102326130885882
0.0912166621972281 0.447580438734586 0.0423647702904385 0.152623608034785
0.143188585997601 0.410311788079811 0.0896619843747113 0.181994639408532
0.0799036893152567 0.419371684341298 0.0703544327457565 0.197893273646727
-0.139016789135294 0.388197677614528 0.0312552594519034 0.230061718984375
-0.329562835980379 0.271404252890655 -0.0812532146341695 0.230467615210691
-0.557432308325773 0.000174735633700688 -0.18468211334725 0.13143523867829
-0.420966779261202 -0.386460901057654 -0.159240185805988 -0.0409698065177966
0.00195533658752206 -0.581717968774977 -0.0640248232390543 -0.103403047330809
0.300348385241216 -0.632701539346406 -0.0996451022824098 0.0243775333965865
0.108970998077026 -0.57096053894179 -0.376230307493498 0.443429837589531
-0.169486870496545 -0.51380327258577 -0.0354760059683417 0.438943992095232
-0.425769988348063 -0.27501663455343 0.176357242295614 0.156756263245013
-0.465451071662902 0.0796087265661837 0.0715974615490596 0.0339387957732743
-0.233881633530158 0.258020296193483 -0.0878463428842875 0.0755377605041661
-0.07549058146136 0.296038594166494 -0.0363139127690141 0.232246324855436
0.0479807362037111 0.342764871749171 0.0658466755966722 0.290500131740161
0.0848217272156499 0.309887776570771 0.123432189203695 0.303038439443032
0.0311855011140938 0.307293389935962 0.0893904885422921 0.313850628407456
-0.126959591951227 0.264613048133958 0.0013508730858823 0.317008677976664
-0.243001972999441 0.154111540310632 -0.136942398186033 0.265209985985618
-0.360685688863961 -0.0277431234988381 -0.198813194573116 0.123159474235579
-0.263003774319911 -0.266789572188075 -0.144507695080379 -0.0167807074768162
0.00905255536641253 -0.403695364069595 -0.0512523832173917 0.0114386507263751
0.213157259906808 -0.487929040541424 -0.18926066817418 0.197283145868441
0.014478027639193 -0.354739966169984 -0.441079835659656 0.549913061438324
-0.140251209840214 -0.283533979072873 -0.0501484487254576 0.526521959830746
-0.236102280834566 -0.123298503109392 0.142455860955994 0.17409012426121
-0.220784194620409 0.0556211699992906 0.023685151280576 0.0465195503101406
-0.110497810837944 0.116190813827857 -0.128654755557867 0.13082263507271
-0.0519515112464814 0.140191836257113 -0.0605465170845184 0.320144539083038
-0.00420256986605865 0.180442991193741 0.0787101905526114 0.383904855992132
0.0147924399615185 0.163328776782199 0.140103961410928 0.377790965235156
-0.0211728015428037 0.156502828957832 0.0941759465992401 0.380750118305612
-0.0956261849213156 0.114776998818148 -0.0307316663753257 0.352530226617014
-0.129919035892682 0.0331066483802113 -0.174398791298422 0.255922615902914
-0.141312011968882 -0.0407098299388055 -0.191402097781734 0.0911744652617592
-0.096455655942358 -0.118562832209778 -0.119849990572649 -0.00865769661604036
0.00232694789392435 -0.189086734316646 -0.0262977061448627 0.0915012733159927
0.0924667603936495 -0.284394260220641 -0.228889414462331 0.324702093905077
0.0762591919226838 0.0082154025457434 0.0975123541728041 -0.485735399796204
0.028695899390705 -0.0448372538455534 -0.0686898937643367 -0.211274363944585
-0.0510710603766933 -0.0291413102190017 0.070672538991625 0.00966080877803377
-0.0672471118059349 0.0390609531332948 0.158035480351624 -0.0715412159140388
0.0111869035803468 0.0614602675577408 0.151974407069893 -0.237239155089988
0.0434030270921367 0.0334313413976954 0.00813793018106494 -0.37107338617599
0.0598327361995372 0.00266367550169037 -0.153924006068626 -0.378012807678487
0.0521476867386726 -0.000994704378729424 -0.205956452018823 -0.361392531429566
0.0504598718335392 -0.00300733202897575 -0.164986938946393 -0.385576208531043
0.0362452725962877 0.0129383678966237 -0.0269874805076955 -0.343782300535945
0.00582152170008742 0.0344997010669597 0.09382921692562 -0.212446161079258
-0.032763431980886 -0.00170156534244969 0.00525534648891816 -0.0901358523309306
0.0211803767250714 -0.0405935513922918 -0.0948425916438534 -0.177412120234142
0.0787622311629115 0.0298983142784031 -0.0142197387923352 -0.478395841350912
0.0515945907932106 0.0936591936566729 0.401533650467707 -0.642676768833345
0.117497140239864 -0.23105991262554 0.089181941265934 -0.429510210999289
-0.0211726556855072 -0.237093819763688 -0.0590156239184057 -0.192985634035838
-0.205108933419094 -0.137912841627337 0.0874557537142743 0.000295203992237198
-0.252606466596076 0.067538221004744 0.1596851865944 -0.0686584201870816
-0.088254437464704 0.177387385551851 0.134878651366769 -0.223746147852727
0.0273960690063428 0.174736357758474 0.00975509964750344 -0.340827481620033
0.128089995303869 0.157486117103869 -0.141897915141334 -0.34233150823071
0.144582904345373 0.149591089036085 -0.171775186887238 -0.323030310705575
0.127973452942538 0.165489434233869 -0.136450904835487 -0.347382213780324
0.0227320590351371 0.195885777503853 0.000307820277940912 -0.302489941421114
-0.0995470929636836 0.187342319488697 0.098312529128913 -0.167185568006182
-0.270331828203299 0.0588456900317506 -0.00959443665544239 -0.0592504121654406
-0.200566480341331 -0.162550596060271 -0.104231717546152 -0.185677084240089
0.0147568953217495 -0.230593392375851 -0.038835795885564 -0.484992724209853
0.124695869883695 -0.206127628510207 0.337939208000737 -0.629546746841682
0.140295043335256 -0.448216296815648 0.0463789988050017 -0.309609966109564
-0.0875261623518549 -0.412715196551162 -0.0450503767656595 -0.132405991361197
-0.358761541230742 -0.227632842199264 0.119266773493488 -0.00554510971814306
-0.421453248853431 0.104024763382349 0.163281910073282 -0.0756223502773506
-0.174816572157427 0.283431834098479 0.100575275732215 -0.201772678378405
0.0111380066382773 0.298544585657801 0.00557918994802965 -0.276314441905351
0.179710882598234 0.29202031980066 -0.114792358770867 -0.258547604513109
0.214891511099727 0.279107534677204 -0.111190918306515 -0.23560644304666
0.183877063803153 0.308357527521079 -0.0858596142191149 -0.25228865555802
0.00208487757011179 0.348871962303003 0.0271561804074481 -0.206952807407181
-0.194936753991081 0.315016163715956 0.0841624730131193 -0.0824740604322966
-0.476562612182514 0.112828100964153 -0.0413444842909596 -0.00752321397406214
-0.399037746485557 -0.264366901389626 -0.124334130605278 -0.169835884394434
-0.0520768597808884 -0.45993200884495 -0.0676418516485962 -0.438581742691271
0.181225429116514 -0.474643954385564 0.238313373859622 -0.528651809725973
0.133767280079738 -0.615856483909819 -0.0222285323876605 -0.133626320758927
-0.172257479461375 -0.552349666681692 -0.0203396022351379 -0.0244704614073785
-0.505049738182979 -0.281010433299139 0.163938750738286 -0.00474843735750618
-0.556913489625785 0.161427613671285 0.160407657166575 -0.0860786571791802
-0.236107445939443 0.376273463474687 0.05079408450695 -0.161658494438748
0.00050014004529222 0.390522642664121 -0.00315361414076419 -0.174430407883274
0.209640251507356 0.388205859383453 -0.0718763421915183 -0.135596234793402
0.252660845647209 0.365929409217825 -0.0346818886003812 -0.112753171762118
0.208462535258265 0.399158635875411 -0.0198918616383442 -0.117168575463929
-0.0209348773111847 0.44609431839625 0.0522986588895584 -0.0711062449172967
-0.263794309808837 0.392064236914569 0.0535229830574112 0.0302837891573131
-0.61032467604694 0.147440121644913 -0.0812378211076067 0.0581429797283961
-0.535849055030808 -0.324873086959919 -0.142769621030554 -0.127211076923231
-0.106849380784952 -0.612834530453988 -0.0880471058300584 -0.337755124591176
0.209498454885629 -0.660932504796453 0.121069795242983 -0.352824774077809
0.101811918430953 -0.701213216064937 -0.104795289444814 0.0819370558258877
-0.25177870181575 -0.622440143753777 0.0142452523030929 0.122645457431096
-0.597857623791123 -0.289343425786048 0.203497879333559 0.00953024616255784
-0.621411622493577 0.209578303069125 0.142153150610022 -0.0821638010489378
-0.258832669052523 0.42661967935466 -0.00562132238467662 -0.0909267753486734
-0.00597041762198477 0.431607182696759 -0.009232878257466 -0.038765592534784
0.210292534555149 0.42978324187452 -0.0179693018791616 0.0118359568850044
0.251612385288601 0.397421092371997 0.047184583506381 0.0277040556257167
0.197409469414695 0.426836431329526 0.0491450133234729 0.0356212916611337
-0.0434370221844037 0.462784051979678 0.0696815323348336 0.0799137246506356
-0.28978580321807 0.393659873750125 0.0121930218685711 0.149166475491079
-0.633246529823491 0.148379164596012 -0.120364572956517 0.120861495476785
-0.566751110641806 -0.332898313782875 -0.151994464756462 -0.0716580190966877
-0.129765361299976 -0.651863864153609 -0.0893752552641423 -0.201323587615044
0.205581214349358 -0.730311168982448 0.00413587327338639 -0.133378851109905
0.0527447921534395 -0.685241628418453 -0.188273231956029 0.307497850139411
-0.287926160149592 -0.593325942192368 0.048037481741874 0.283722651866403
-0.589108089980854 -0.252321168091747 0.220039201788008 0.0377532278583718
-0.575769539905678 0.218701660619804 0.104203884291322 -0.0563209378708561
-0.23658444574581 0.40168814358591 -0.0578600894617679 0.00261823294484253
-0.0101243598747032 0.402395915778704 -0.0101618072577881 0.109768941065027
0.18029102954381 0.403437864140869 0.0418311348174927 0.160309350557123
0.212213881816354 0.366833313803005 0.120656066441589 0.163930593567201
0.153994692791409 0.385977591409742 0.108710402523775 0.178708078599281
-0.0640232993545246 0.401924540065424 0.0742975828645358 0.216095813475326
-0.268880951869312 0.318904769316328 -0.0349833403480691 0.2430468354657
-0.537259201176424 0.106493106787791 -0.15125024050138 0.158626776094182
-0.473703768148034 -0.290019417697526 -0.149190145391551 -0.0231438743465594
-0.110881507740677 -0.566934956257892 -0.0712093588386505 -0.0665102058351779
0.169896894504488 -0.674997719680616 -0.0899203117778899 0.086217502846092
8.79152845153358E-06 -0.55556643941426 -0.264676291894616 0.502853242877234
-0.259938661892758 -0.457914123081299 0.0617807835908796 0.425347944581084
-0.459462486953874 -0.177270060515417 0.205365317920865 0.07906731049869
-0.422897391288051 0.176003008015215 0.0593448941967848 -0.0146093030436857
-0.174889830366936 0.2945642737184 -0.0958166552037531 0.0935029044652331
-0.0160413968152029 0.299913509495616 -0.00859458327399913 0.241733930139159
0.119468421621525 0.315128643232857 0.0951656076745701 0.285755057654178
0.140392891037745 0.281785970097802 0.177379218447228 0.275578970894734
0.0873594798421033 0.290079404177178 0.149066493812202 0.291452867065665
-0.0744538379755084 0.280993203450123 0.0624929431488133 0.31103064318386
-0.207219601857425 0.192876075129915 -0.0819532029364999 0.289741127299213
-0.351865827633364 0.0412742449515165 -0.168171351762543 0.158021514698843
-0.300623244271312 -0.204430400047088 -0.135514247976317 0.0050903076276593
-0.0713672964814909 -0.393329648663108 -0.0394339708107463 0.0389595388614993
0.108084699925243 -0.515074224968291 -0.148991629410463 0.267330476714387
-0.0521932244333776 -0.335413924860315 -0.325572942813133 0.627999700611465
-0.184978769321163 -0.243161162182912 0.055507314785502 0.525116030679748
-0.248462420219763 -0.0716787314740267 0.173700536195334 0.123155484043679
-0.196715008799675 0.100906957627021 0.0230802590741067 0.0248487145023685
-0.0833516286564789 0.135645332138558 -0.113548698496581 0.155749874858819
-0.0204047903719162 0.14518063668081 -0.00881187123437714 0.329138788411558
0.0373895116547024 0.172417830557181 0.134165197133549 0.36676699252268
0.045883089539509 0.153596645390081 0.207722878201859 0.346052762725216
0.0107310291069428 0.156098609637549 0.166386968356812 0.357742675364419
-0.0715509642503086 0.131342021797563 0.0390548491943248 0.35549220684325
-0.120643259437816 0.0576559019057456 -0.119428614936142 0.290128761313094
-0.144105301361289 -0.0126503406386877 -0.169075582421703 0.129490399363363
-0.114833824599027 -0.0944611220263515 -0.116395786074046 0.0149379939898033
-0.0379516526042265 -0.182496630744191 -0.00415514124492977 0.104032952423543
0.0289916353379611 -0.29242888749746 -0.164719966072657 0.388106589561741
0.0796539700528059 0.00738733142994441 0.0917249871166444 -0.497293709474941
0.0309187883235935 -0.0469662028135298 -0.0699752210234049 -0.213511772443117
-0.0504093574491318 -0.0300000804169283 0.0734629677684263 0.00629358068086249
-0.0680669605487061 0.0404811253770154 0.158188099248384 -0.0770244162442591
0.0112379768267979 0.0621008681630769 0.149129760846464 -0.24550127356168
0.0455200857336095 0.0340869367265867 -0.000525804248005427 -0.375890803840568
0.0610583050517149 0.00320728257427115 -0.162652828199391 -0.381039961597223
0.0525238336808516 -0.00218736511715204 -0.214799896685498 -0.365266560926485
0.0509806125060366 -0.00364002038594144 -0.173503025148037 -0.38806746382226
0.035965896650429 0.0122425310438286 -0.0316261758494495 -0.347848037570263
0.00627534321948189 0.0343989314515543 0.0921598778532763 -0.217414888600058
-0.0337597341452317 -0.0021946840988106 0.00275230026114545 -0.090566335616854
0.0214962257121949 -0.0434564791815891 -0.101463471579597 -0.17993132703491
0.0822024163188431 0.0292835522364047 -0.0189782377392948 -0.487701988673238
0.0530115465558696 0.0960549709715396 0.404687859098613 -0.662349160129349
0.11748462314463 -0.236448559167743 0.0856881737584683 -0.440459411286784
-0.0224405784761294 -0.240656475766848 -0.0607941390636286 -0.196148337546844
-0.209307650047576 -0.137829929384983 0.0907195240474099 -0.00453937362912291
-0.256802418423804 0.0741291442401699 0.160484289420017 -0.0742944923239652
-0.0890839044268657 0.183266682058953 0.132802691521683 -0.229926566584598
0.031369951058966 0.178538660188874 0.00291745978696227 -0.346156435044108
0.133336499506123 0.158277170237098 -0.147845577186809 -0.344701760147642
0.150499625321286 0.148458410269357 -0.178227750552413 -0.327612507419954
0.134236113348038 0.166584742158981 -0.143694786797238 -0.349605505781735
0.0249296312835046 0.199909867529754 -0.00215584001283878 -0.306808003090751
-0.0989906879056902 0.192573326816843 0.098621946278335 -0.171064377981867
-0.275114356408129 0.0653248420832223 -0.0119550061917151 -0.0594653732039107
-0.206570312265279 -0.163651443222068 -0.11234054972313 -0.189662778968005
0.0130189972611292 -0.234571122096343 -0.0453765185667546 -0.495409161120441
0.122664954577094 -0.209166411653752 0.339449740286261 -0.648500555181752
0.135903626669662 -0.456334324244699 0.0465508259657607 -0.31914291153511
-0.0930208802108246 -0.416981936600723 -0.0462613206326486 -0.135812214301219
-0.367056992128439 -0.224989774205143 0.123846882340463 -0.0120230191993795
-0.426318641129772 0.116660622409155 0.164877900243308 -0.0825079182873509
-0.175516045143869 0.294239778095314 0.0999140860153668 -0.207339324969054
0.0169413159100354 0.305434447924945 -0.00194845453067132 -0.281506332671244
0.187507811801037 0.293209210663258 -0.116474766840815 -0.260311798816937
0.225882144401866 0.277115908937386 -0.115225389487219 -0.238519323156777
0.193592547428412 0.310851970856573 -0.0884982040320635 -0.253239981420048
0.00733322808359409 0.357115346763485 0.0275610071114953 -0.209820547364828
-0.194999712584011 0.325068302964123 0.0860558628165007 -0.0851534137278925
-0.484093857941912 0.123898756504883 -0.0427385801050311 -0.0069197196051611
-0.411311870725933 -0.264716301341239 -0.132233896816838 -0.173886481049282
-0.057406577745232 -0.468124778333644 -0.0753531761818911 -0.4489753246346
0.177019811243077 -0.483206798388344 0.240630635806172 -0.54416493573611
0.126989617427913 -0.627042173302228 -0.0207206847106044 -0.139369937974826
-0.183048346228805 -0.556892779915976 -0.0203207384505019 -0.0276181735242833
-0.517105621959884 -0.274654920194114 0.168979641058334 -0.0124831383798147
-0.563558868353175 0.178090469561923 0.162949750844349 -0.0937835206921245
-0.235388237814552 0.390006066536487 0.0509298640209016 -0.165924122349365
0.00732006336306075 0.399092904856679 -0.00840986725511525 -0.178664341284164
0.219778014918025 0.388907262138536 -0.0699900891798025 -0.135110666650294
0.265358963214338 0.36433280057442 -0.0346408406053738 -0.114218680269506
0.22069958106436 0.403011142345116 -0.0192690875775216 -0.117147282305172
-0.0150544966814082 0.456140124302152 0.0549912791087419 -0.0717259344659651
-0.264758738934442 0.406018642115879 0.0579339585195744 0.0305700056377383
-0.62060163299208 0.165909535566126 -0.0812135852869492 0.0598916373646775
-0.551334370120791 -0.324612968437507 -0.150443644705558 -0.129407279790709
-0.116118059035255 -0.622977548228526 -0.0955853604093811 -0.346181938171348
0.200928819394686 -0.671695020605709 0.120842639606788 -0.361285617208913
0.0936231813534611 -0.716277804443442 -0.102401853571509 0.0813523799641085
-0.266265295323191 -0.628285793232457 0.0165786459197509 0.121206467088657
-0.616067556449544 -0.282038225734343 0.21046699558571 0.000830580029600122
-0.628587576345208 0.228564996513472 0.145475372501833 -0.0907145841256276
-0.258572789557634 0.442131038611511 -0.00526302985503107 -0.093361580790822
0.00102427077219205 0.441722564938479 -0.0122468884739952 -0.0420100192404802
0.222016799138982 0.429519442685096 -0.0122141166625287 0.0131647682540253
0.266474459749767 0.394911911977549 0.0508302710862745 0.0278470438373247
0.211107672673656 0.42959817933483 0.0528831502048877 0.0365243677491064
-0.0371282367190261 0.474048454342122 0.0738750531146797 0.0817559260474886
-0.29064194950335 0.409466694250537 0.0179489121480838 0.152651975791904
-0.642747362590693 0.165062690158704 -0.119425419919494 0.125165617389691
-0.582763983210822 -0.331931549935425 -0.159292092128596 -0.0715395861247657
-0.140181980126112 -0.661432840964123 -0.0967016603123804 -0.206932156167388
0.197378438966147 -0.745280340341126 0.00302140060255372 -0.133546036625116
0.0429576354484575 -0.697210980649748 -0.185011596649679 0.313710052424862
-0.302962253183482 -0.598398854858674 0.0526153547243736 0.284706037920806
-0.607414092996927 -0.246371508313855 0.22784916037235 0.0301987447014014
-0.583847092690735 0.238090736177752 0.108570950523195 -0.0640469949190714
-0.23606507676972 0.41723987210939 -0.0569571913985867 0.00236691818587461
-0.00359880385258511 0.410844481307628 -0.0102808876419957 0.109306187729915
0.191993687057334 0.404703386295641 0.050077452316349 0.162950334281506
0.225222879364098 0.365951658022493 0.128299737808798 0.165404592990735
0.166147816097895 0.389825831098249 0.115419597079156 0.181408081314112
-0.058267680029754 0.412438175255624 0.0807208786041811 0.220169718816531
-0.269767406950536 0.331448193836911 -0.0281493433616345 0.24913330445147
-0.542799529140162 0.119939494329214 -0.149892801824774 0.16518231980177
-0.488451603565945 -0.287933435201172 -0.154205959385184 -0.0211075369779265
-0.120688244876533 -0.574960454265974 -0.0760028451623336 -0.06969915424409
0.160751500877316 -0.685244681377905 -0.0908914897205521 0.0928502720479009
-0.00978392471487985 -0.564719708155181 -0.262623093387353 0.51329379733445
-0.272803946442373 -0.461667310964364 0.0686942585241277 0.430285414907097
-0.473892326357152 -0.172705846148325 0.214160011414156 0.0740037144212156
-0.430365200809117 0.190090876922757 0.0637889277351178 -0.019427441966111
-0.174786981464504 0.307451206450153 -0.0948256114553815 0.0956726780007173
-0.0111983174233304 0.306170205889138 -0.00631597232539054 0.243584314371591
0.127214961633902 0.315533334381128 0.106121374216667 0.288972965983696
0.150446781901835 0.281319807410992 0.186233903877085 0.278830110860949
0.0961633041089549 0.292919271829985 0.157292754136187 0.294430855657786
-0.0706653805684276 0.288715910848789 0.069168072631034 0.316569517130926
-0.207968559498667 0.201708387110889 -0.0748074104212171 0.298085994874422
-0.356153037180874 0.0506537077179947 -0.166941047435007 0.165720819497904
-0.309779579128791 -0.201984074318058 -0.139344214569587 0.00804778097846025
-0.0781748817960604 -0.397894398232206 -0.0435192979264942 0.036900545296504
0.10114761961441 -0.523572832060151 -0.149522735757155 0.27854729358409
-0.0583468033370272 -0.339631985532643 -0.325528258509334 0.644444956803633
-0.194722385691298 -0.244310778756563 0.0626111908097989 0.533434140743133
-0.258343784667525 -0.0692202762298759 0.181261275993223 0.121630048902877
-0.199547678296671 0.10857153983776 0.0266541334746899 0.022052683708447
-0.0829630464010028 0.14063179048671 -0.113218483434105 0.159841229787743
-0.0190539822515228 0.147807741263711 -0.00441762548929041 0.333518314981028
0.0415298838336443 0.173000692059128 0.144509584495102 0.371294532487446
0.0520074767547728 0.154252579493766 0.216788545159822 0.349184572648096
0.0151089044046802 0.157908300584084 0.174902883413854 0.360586225692975
-0.0693260717653204 0.135064964543584 0.0450899576348809 0.361506932090893
-0.121946145992323 0.0622101400281708 -0.113923169562845 0.298462268746777
-0.144595997434492 -0.00849114873289256 -0.168494955134886 0.136771408032611
-0.11859278699902 -0.0927203592517116 -0.119094073714453 0.0189862186018048
-0.0419420458973765 -0.183171983486919 -0.0061092056502168 0.103008222190065
0.0235239987656953 -0.296677093664892 -0.164193488013025 0.402137914453545
0.0830095493334489 0.00331070688121947 0.0743423506361494 -0.514548761594781
0.0309229417759174 -0.0515637845392548 -0.0787991313202068 -0.215676034925143
-0.0512066774488038 -0.0303011200992737 0.0762155065194311 -7.4352639356519E-05
-0.0682427254194092 0.044116957559955 0.156211151307306 -0.0870641432104286
0.0134022089954031 0.0635687159801781 0.139166829071851 -0.258215725592867
0.0487489125776106 0.0334379374738464 -0.0196449135827301 -0.382728508389338
0.0637956194509204 0.00103606147547796 -0.183820645082197 -0.380090882844629
0.053102215353343 -0.00375484714344699 -0.236368182303418 -0.364427333251007
0.0511847207646284 -0.0059657042447295 -0.194689142561022 -0.387881447670756
0.0359890300142924 0.0104859204517113 -0.0467476901684526 -0.352838659437581
0.00736297137027589 0.0342186782428426 0.0833604893361812 -0.225761406586483
-0.0358273510673473 -0.00146362456570071 -0.00337454801860571 -0.090880143728072
0.0207764057934118 -0.0470211572109852 -0.115412824149527 -0.179727004481829
0.0868116556173567 0.0260576848605314 -0.0400297739642032 -0.498587133805343
0.0580537439268554 0.0979244919595769 0.387865026837566 -0.699776495710966
0.111018776620193 -0.246068822704465 0.0701826962133033 -0.456136222339611
-0.0305472270221879 -0.244679049692535 -0.0691174335138011 -0.199305268283439
-0.218118092098679 -0.130935468543481 0.0934279976001265 -0.0132846019037782
-0.258715645814102 0.0889852890512579 0.15888166418933 -0.085519820336499
-0.083471552412964 0.193244764046042 0.124008722682354 -0.242215699925113
0.0413386668032904 0.182190349798605 -0.0162057744117952 -0.353123548259778
0.143472146959096 0.155384057214109 -0.16527709197786 -0.344135926932982
0.161599550401578 0.143195348363489 -0.19616953022078 -0.326743315047343
0.144758214219429 0.162894351870345 -0.160952148578112 -0.34890943145947
0.0343011796655067 0.203478134132742 -0.0140339218150268 -0.312011283733926
-0.0932746924188541 0.2018046702913 0.0930848088667735 -0.179795468176046
-0.278670380744463 0.0799775777735103 -0.0170904400593624 -0.0596913027041108
-0.219465209978051 -0.159217074501082 -0.126781388874181 -0.190621764831595
0.00430601523079809 -0.240791765254758 -0.0690042144527486 -0.505876263702923
0.115026089493188 -0.217004830388756 0.32210317576262 -0.680031232130262
0.119659120239088 -0.471723211038197 0.0362686835222684 -0.332111136268484
-0.11021768521575 -0.419846315655486 -0.0524329085556328 -0.138790383155693
-0.385524506391262 -0.21031670745231 0.126834386378788 -0.0237732552924968
-0.430452505781182 0.142082396909467 0.163563406444606 -0.0954717115024088
-0.166412324347025 0.312011497030661 0.0914034183054827 -0.217536712470389
0.0321880812201938 0.313038199422662 -0.0180929673957441 -0.28711876149295
0.205399014331894 0.289682930542926 -0.12761244379141 -0.259809118093928
0.244187689865219 0.269771558998269 -0.126634894776441 -0.239775021751363
0.214483398230021 0.306778298669776 -0.0994402032075023 -0.253493458860597
0.0239815363535754 0.366033767933756 0.0206276378557093 -0.214477250979498
-0.185216374295022 0.343049291349687 0.0856694170710399 -0.0909734518147898
-0.48848915058043 0.152374044100876 -0.0454223177640084 -0.00511041814871858
-0.434332675873308 -0.253657375938608 -0.146799068533462 -0.173125473561992
-0.0787097546118617 -0.476559712138353 -0.0970159226811826 -0.459311655919569
0.158441403074131 -0.499580388427527 0.223503411712089 -0.568393152496458
0.101763595504526 -0.642981211608082 -0.0242598502877151 -0.146894172910238
-0.208892775300561 -0.560556637951432 -0.021784965723014 -0.0308713874339649
-0.543066864673958 -0.255271240816781 0.173614188940466 -0.0265270499075528
-0.56601290213024 0.21106493610471 0.162194174860497 -0.107786806448623
-0.223911214541154 0.414307805427944 0.0439682167577761 -0.173749594880106
0.0263373947174502 0.409681910099242 -0.0202864835775148 -0.182488448302347
0.241608731404063 0.384052581849471 -0.0719589356940755 -0.134878401240654
0.291175073572046 0.355593956500569 -0.038450313968604 -0.116053639980234
0.247405998141349 0.399708370751696 -0.02215892146178 -0.117499003777958
0.00719159461279094 0.468893966427348 0.0554693336795452 -0.0750388519052689
-0.251985382285163 0.430027250246316 0.0638368367435954 0.0287488510073115
-0.62587270354584 0.201679280347224 -0.0806920025243267 0.0647444245665505
-0.581245311782531 -0.306067574612629 -0.163453113092055 -0.126310349773434
-0.144369711243887 -0.63225194795183 -0.114816931985402 -0.353245866498796
0.173230972423305 -0.692469879147056 0.109498216482414 -0.373062086188729
0.0639582562552904 -0.732895957736395 -0.0972943919389993 0.0825820219786336
-0.298657991185914 -0.628399522150488 0.0222281296497269 0.119720297618072
-0.645530840681418 -0.256010082812922 0.21747707375102 -0.015959853933452
-0.630640671294584 0.268526866993893 0.14517235020317 -0.104459151028856
-0.24298561601037 0.468887341829565 -0.00874641466475589 -0.0975963245875334
0.0216421810139043 0.452037981389979 -0.0178299825551029 -0.0432763221610448
0.245548852192804 0.425934980145889 -0.00573647921231364 0.0138888655534663
0.294466571662958 0.385677551997398 0.0556236487656461 0.0249157909202624
0.237245393387185 0.426479981450709 0.0584758466432884 0.0366270280031324
-0.0145366189334789 0.488614382206422 0.0823047595688772 0.0815332282010764
-0.278288158278136 0.435321715235505 0.0292683224796059 0.154875665376321
-0.647993297463746 0.205292160777296 -0.116213871549173 0.133182409740509
-0.61269930405403 -0.311508101506255 -0.168452452739822 -0.0672150210493001
-0.171757188347809 -0.669587365606584 -0.111126818290965 -0.210595037148485
0.165177221185582 -0.766561078291916 -0.00183522157714354 -0.133817823051059
0.0129718807655203 -0.711221614109248 -0.173457778538165 0.323966083981662
-0.335677395477579 -0.594539709520113 0.0662473736800629 0.286328182387857
-0.637624675360955 -0.220980699072404 0.237811961300061 0.0142708343202104
-0.585416993601291 0.278603005422544 0.109663072773946 -0.0763205775994644
-0.221205976594462 0.44193290846116 -0.0572145367584366 0.00244102861139047
0.0146603889854573 0.42217580844739 -0.00783198593502298 0.109817020087497
0.214059104770821 0.401747804289906 0.0644113810194984 0.16416631923121
0.251329956791396 0.358998468552748 0.141421822485684 0.162465164800133
0.191122704906865 0.388291324492465 0.128898117909198 0.180272898135596
-0.0385641131882431 0.426582074052356 0.0951896937923262 0.221575654428084
-0.260256022765429 0.35525106207714 -0.0127200291252338 0.256660758725741
-0.547753437518254 0.151450423483601 -0.144634479960834 0.176142721464521
-0.513913417913345 -0.271180653429965 -0.160512849500607 -0.0137329195609701
-0.14807314560512 -0.581456436424738 -0.0853713993708811 -0.0701578368581958
0.131379644411954 -0.705891905742145 -0.088391559172209 0.104044583823687
-0.0328336039833965 -0.575453271449636 -0.245045600992055 0.533296251968047
-0.301493854818088 -0.457321312025846 0.0889018513311267 0.435829852929961
-0.497094737763211 -0.152779525981413 0.225357363972705 0.0621194290933032
-0.429945373113069 0.218567526281524 0.0664255738302424 -0.028326442291562
-0.164164904180949 0.325060565926494 -0.0914950988824528 0.10039893807975
0.0019750294246961 0.314419977016462 0.00297001767676262 0.246990617805338
0.145757673386701 0.314209920171942 0.12549123280891 0.289473879676133
0.169803812068244 0.276866651094736 0.2055554328421 0.277011397809881
0.114799693066554 0.293845808549876 0.17503183277421 0.292871683233473
-0.05692121375006 0.299915222476829 0.0869563687468244 0.321095597147226
-0.203421528616471 0.218450850583699 -0.0586816533115523 0.308298263889135
-0.359178571144194 0.0711202267217092 -0.161610577146709 0.177258083966719
-0.327038292098182 -0.190642344441226 -0.143017941979586 0.0160178018836654
-0.0978585420408924 -0.401386298791217 -0.0463690862516521 0.0378684262252928
0.0783637481032935 -0.535596946561609 -0.140550875771099 0.296988083585776
-0.0747269681637461 -0.34418808282641 -0.305319084596328 0.672644858320439
-0.21132899567394 -0.241160774826233 0.0871314191269 0.542636653324261
-0.271190559106905 -0.057864453853722 0.19400058312926 0.113869094131376
-0.198843209991882 0.123278771961572 0.0304205110103922 0.0172345509357253
-0.078406696512558 0.149270520098262 -0.107742004465191 0.167433044355615
-0.0139745034492953 0.152509922299129 0.0108342798133912 0.338988646731614
0.0506723996923385 0.172703859932428 0.167686233066875 0.372395558889109
0.062122959493715 0.152712333281715 0.239379970223412 0.34793438972907
0.0241029490962043 0.160094659473028 0.194452618861971 0.360451102599259
-0.0638551448410586 0.1417033697772 0.0641834536977479 0.367914431715221
-0.120749571817632 0.070939644031234 -0.0980947786198355 0.311275818206289
-0.145583396849432 0.000249048845044699 -0.163688249422602 0.149100607024485
-0.125909362004211 -0.0867647606806715 -0.120814045434617 0.0265006756166618
-0.0518786311854891 -0.183565143536696 -0.00556490165934164 0.104200410065123
0.00870261856506398 -0.303538592741664 -0.151241822547711 0.424540983563324
0.0833685442306653 -0.00288289882029866 0.0391251379453293 -0.51691243288165
0.0290318720423856 -0.0546444008090571 -0.0911138063328024 -0.209095641478663
-0.0512851482480096 -0.0291023672855923 0.0764111888636948 -0.00755618933943412
-0.0664928602574714 0.048499195362344 0.147739190247705 -0.0984800949283884
0.0161977201926107 0.0628856299049988 0.118055144071297 -0.267639406453032
0.0519431960251667 0.030137909987338 -0.0480865653221319 -0.377531128412769
0.0644992935240467 -0.0027863961377031 -0.208989987514709 -0.364943277672843
0.0526124454904843 -0.00685321139125832 -0.260484378599226 -0.346631404191281
0.0498734020770707 -0.00979443263092472 -0.219818542208179 -0.371508385388402
0.0346466080776856 0.00802214981496672 -0.0690275533757477 -0.347228560457213
0.0093235262514604 0.0328273077432716 0.0668000857211321 -0.229170535076598
-0.0369035691974077 -0.000196010096797216 -0.0116559235332427 -0.0878359283462411
0.0179261208545587 -0.0500256517076516 -0.130781478839522 -0.170437307805435
0.0893681285876298 0.0197017065025789 -0.0729578528444465 -0.49550079136633
0.0643615946795768 0.0957904294419979 0.338950219406392 -0.725826297877214
0.0943946542915405 -0.251096045062931 0.0428214697274833 -0.461381540788474
-0.0438209764291322 -0.242006075206912 -0.0807413325455264 -0.194249773406572
-0.224048534208286 -0.116266684308541 0.0914660374043693 -0.0231526562755801
-0.251663843576672 0.107271575220721 0.150322312288678 -0.0988013374355047
-0.0705950995500808 0.199491555048432 0.104020098849461 -0.250112546524048
0.0538195221750889 0.179729903294466 -0.0430602346473245 -0.347870720524298
0.153957799917076 0.144603523543107 -0.186466762597451 -0.329932536080491
0.170726635268972 0.130040449050001 -0.217085339107504 -0.312642221883441
0.15520493733544 0.151469914468955 -0.182004934992496 -0.335569863638629
0.0473056222441724 0.200877081688557 -0.0334628882319596 -0.309771050194596
-0.0793875800631885 0.208150892361268 0.0805657889358018 -0.185225449152728
-0.272447149444834 0.100203943959097 -0.0231508908101427 -0.0571909519452076
-0.229544713928634 -0.144914182802061 -0.143538635413319 -0.181012997693446
-0.0106883643995983 -0.240357476267658 -0.100658372525525 -0.50179900930872
0.0995875977813527 -0.21978101230179 0.276689332112332 -0.703751116836272
0.0874907305363908 -0.475573382493763 0.0162505197871349 -0.33808426085872
-0.133150108930603 -0.409107346726573 -0.0613239902022522 -0.137578134606208
-0.395527787366422 -0.181928404909711 0.123810145751571 -0.037933206060644
-0.417511941326087 0.174630787499326 0.154275919311547 -0.10978217223398
-0.144661042354835 0.323672118046131 0.0743078709653668 -0.224262348598246
0.0542424958424417 0.310392227032877 -0.040666462906708 -0.283252630823276
0.224375048069756 0.272818692766561 -0.141303526703702 -0.249817455183554
0.263262724726949 0.248923371488419 -0.140716196050767 -0.230731761108791
0.235291364561684 0.288995263975159 -0.11418228752218 -0.244854757530461
0.0497544578786703 0.364434971668328 0.00858035914387746 -0.214734129013373
-0.161371966097013 0.356942562834897 0.0802037040044011 -0.0967207290580233
-0.475944250382086 0.188082351997143 -0.0479098107984524 -0.00175461694397493
-0.450745503105911 -0.222976950731106 -0.162216253998955 -0.162564333071402
-0.108997371349406 -0.469801133541923 -0.128614943810655 -0.453314960945816
0.122050446699734 -0.502289661659028 0.186569493165906 -0.583156221585441
0.0582833721968948 -0.644747993647725 -0.031268411958174 -0.151601085263288
-0.242905173198005 -0.540528773371135 -0.0231885900125223 -0.0324299743851607
-0.55538600029372 -0.213045345614027 0.170697010250289 -0.0454927755245345
-0.546825783061461 0.253701631727529 0.152399617350832 -0.123007735463984
-0.19393704486582 0.431987417224085 0.0313070738916213 -0.177619569455101
0.0552304869573869 0.408910197545834 -0.0362663807903299 -0.179804832557285
0.267863307819268 0.365183544748045 -0.0773443649799113 -0.130514861028616
0.316602240086573 0.328773116617887 -0.0441801102116282 -0.114397833567322
0.275198654852628 0.378582401120014 -0.0276519278238308 -0.115149134040175
0.0403142923430851 0.467955154479082 0.0531187424178039 -0.0780210412403069
-0.221880533695642 0.449322490768289 0.0678338636306651 0.0240762916473185
-0.608451561933348 0.247253299999524 -0.0779173313392759 0.0702903844149706
-0.602890313197457 -0.26439546051942 -0.174656919646014 -0.116224268484547
-0.184024374381472 -0.620354353324791 -0.141075626464043 -0.348807388048416
0.123961242291118 -0.696466257343919 0.0849902471037552 -0.379235352053818
0.013993574129879 -0.730512483201417 -0.0895082295599638 0.0821478172144926
-0.335059241943547 -0.601474330258999 0.0296377505499415 0.113728632121388
-0.659886004783306 -0.207715915079245 0.21600576037478 -0.0375972742888982
-0.607965196908278 0.316086666225167 0.137065222958165 -0.119108095218945
-0.207585770478088 0.487971982160333 -0.0159742044902192 -0.0987300666509809
0.0533609715945473 0.451032844461362 -0.0237765846580378 -0.042544926529315
0.27501075775052 0.404134685418572 0.000188273443538597 0.0126666563466045
0.321056152689512 0.359987108269258 0.0600571250604226 0.0197637316296236
0.268380454112561 0.406774255853544 0.0634293281405046 0.033028571423072
0.0208289387401955 0.490480756774658 0.0912633602252883 0.0754971830694934
-0.247875153947874 0.455611768214439 0.0435948868093636 0.152087369543343
-0.627652287860552 0.252534232077227 -0.107734042189511 0.141268912905133
-0.633943684871077 -0.266042335000983 -0.175364540576087 -0.0549821127101381
-0.214267396114817 -0.654367869344413 -0.128101523667432 -0.205377756716402
0.110036221549644 -0.768848186647152 -0.00929741005800751 -0.130279295020727
-0.0345820748484695 -0.708015843204281 -0.149521700202638 0.328207448404865
-0.372028806891848 -0.568115952868754 0.0842161041403115 0.277743343994482
-0.650587491082398 -0.171680185649817 0.238677840725888 -0.00811658969026458
-0.562275013999259 0.322638620535919 0.104841335280911 -0.0900079794091559
-0.188835959499201 0.459025784810673 -0.0563271361826929 0.00433238642559641
0.0448671164828685 0.42154464676744 -0.00325803872774312 0.108768388019407
0.241183110014078 0.383117161327551 0.0798929835659619 0.156763387388634
0.276888963758905 0.33398046661321 0.154308863430803 0.151188080360159
0.218903991641702 0.372048058438006 0.142405835626483 0.170874539510869
-0.00752890149680934 0.427775022879851 0.112187321669465 0.2150568772318
-0.234796209690113 0.37368381604657 0.00912270693401328 0.256096259878195
-0.531366154267736 0.191879132021688 -0.132215501034133 0.185559942559907
-0.530919328916926 -0.231445273577714 -0.162385311717208 -0.00230404294964333
-0.18545651237434 -0.56793410710183 -0.0941648011491989 -0.0666226255655146
0.0801250392198136 -0.706852439819351 -0.0793741393242133 0.114281140289198
-0.0729154289420021 -0.568031465810403 -0.208899677234683 0.543533517964327
-0.329496424514915 -0.433967090743537 0.116617048553213 0.426333020377488
-0.509408126808112 -0.114838896396459 0.230713615829294 0.0410095488286262
-0.41158012685086 0.252580129117797 0.0650620264286428 -0.0385986437873862
-0.138785628299301 0.338530440223855 -0.0830702286246156 0.104445075019215
0.0236994510024449 0.314533902595631 0.0183304268289381 0.244479897989284
0.166198042103331 0.30097774328246 0.148397599231099 0.278635188224176
0.190178347831262 0.259541080228658 0.225364506355028 0.259802325555899
0.136065475290894 0.282608305113965 0.196076622995535 0.279937092257812
-0.0346073852758126 0.302884042510797 0.111114670494213 0.31414647392646
-0.187405426264602 0.233508211422162 -0.0329898896643236 0.311111830066878
-0.349600389739302 0.0975353262376694 -0.147752075594587 0.189068500410032
-0.339519915956906 -0.164510971334924 -0.142199144928071 0.026782428452784
-0.124495438353386 -0.390721763982705 -0.0484604376430413 0.0394429560160717
0.0379100060313388 -0.536066386935519 -0.117933351298545 0.311630871685739
-0.0960850814633906 -0.336069981926514 -0.261388320272774 0.686576876473412
-0.226634045750023 -0.224460484960896 0.122546925996046 0.534078876605577
-0.277370265456195 -0.0371335498631339 0.20301890937553 0.0970949102233813
-0.188150874175014 0.140116427973047 0.0323934933072082 0.00991649379327221
-0.0663784319677928 0.155227452667862 -0.0947292592306137 0.173381470772614
-0.00404621472168523 0.15351850800652 0.0329770742569508 0.335805523869841
0.0627370258971293 0.166927614438945 0.194165178359366 0.357529549463939
0.0734223419867426 0.144852142585032 0.26300408889477 0.33043320973225
0.037189452565648 0.156461897644592 0.218562750899345 0.344262835731576
-0.0520759852716563 0.145790941462008 0.0910681798089645 0.362062673893447
-0.115405342541017 0.0799313907119593 -0.0722639905213214 0.316337316887797
-0.141910530790854 0.0114833096370179 -0.150495072728764 0.161375444931545
-0.1311248959809 -0.0745944759186497 -0.118111995635112 0.0365615125453238
-0.064454919678453 -0.17730077740102 -0.00378048343639343 0.103488754715475
-0.0137155741210067 -0.30143153439718 -0.121569862361559 0.437812748897705
0.0796488879025673 -0.00788184553541801 0.00764842559624196 -0.498694302281809
0.0258926058644766 -0.0553717173022403 -0.0970722940524694 -0.195462765374741
-0.0496215340491476 -0.0276522237498767 0.0734189156503759 -0.0141346209241811
-0.0622023099764542 0.0501433277819077 0.134606818125254 -0.104436982128629
0.0174042168996004 0.0602388165727583 0.0934425157676239 -0.263765915512852
0.05194826636477 0.0258450862725725 -0.0694692975602353 -0.356649367170985
0.0622619895451591 -0.00668944753639667 -0.222508083298488 -0.334923744422867
0.0504014963827436 -0.00846903578636337 -0.26989013283797 -0.317024272000812
0.0460124143791879 -0.0119107506834546 -0.231781583719821 -0.341896024502777
0.0324206830185148 0.00585805169445391 -0.0852054135319848 -0.328843394049533
0.0110243241499208 0.0301948125510288 0.0503155570508954 -0.222075189221556
-0.0362975932559844 0.00160689008231425 -0.0169439023302584 -0.0804525219774431
0.0140456412446689 -0.0508565032861779 -0.138645918795846 -0.154262759463701
0.0878911712375711 0.0137779247962189 -0.0973199482907174 -0.472347766194429
0.0688970046444108 0.0901643445558064 0.282855155546217 -0.718350607277228
0.0761663427545668 -0.245325378726136 0.0141237822363613 -0.449450829324727
-0.0528048633966589 -0.229363848432541 -0.0877426621374668 -0.182929645206587
-0.219797531079609 -0.0990794933258293 0.0860893469263457 -0.031571775170965
-0.234737442763583 0.118722903974713 0.13586727090339 -0.104918335165487
-0.0566696006233233 0.19709348207183 0.0816317454451867 -0.24631363999523
0.0630543959137322 0.169602470260962 -0.0634997990030189 -0.328559457561881
0.156079532807375 0.128911909763275 -0.196658357501455 -0.305441776040735
0.171599173039811 0.113654410933383 -0.225714822992929 -0.288861084029317
0.157859121638954 0.134920564506859 -0.193002638082283 -0.309837552869621
0.0564193464970581 0.190283820816449 -0.0482453855279874 -0.293812538415151
-0.064090682438719 0.204660671201975 0.0662798650457429 -0.181624452985906
-0.255409381561003 0.113490043136514 -0.0279410973398148 -0.051400076904185
-0.229325439433989 -0.126444728875908 -0.151815880348429 -0.16461179611365
-0.0225658760781777 -0.229713645228919 -0.125745330370999 -0.47795269083579
0.0837813523259464 -0.212442504078786 0.224181116393809 -0.691988743329323
0.0562147620987077 -0.4579367168301 -0.00347633081710933 -0.330917865455875
-0.147494918571617 -0.385008408383159 -0.0660292436132471 -0.130140275422802
-0.387411665917448 -0.148594033562387 0.115264307969477 -0.0489502362293526
-0.38879269272794 0.19423244805579 0.139075866586939 -0.116985179454713
-0.118727598952274 0.321456920940618 0.0550078856753386 -0.219912573930785
0.0709584614186149 0.295328506109848 -0.0584255428591023 -0.266966656584064
0.230640847199273 0.247446131605634 -0.148012656679747 -0.230879645976191
0.267531544597526 0.219516726239359 -0.147720033182813 -0.215229457342637
0.243684379690891 0.261292893689544 -0.122065827598057 -0.227447937927468
0.0696016480866598 0.347178937522508 -0.00131073794691097 -0.206305845547886
-0.132789396788679 0.353723463503494 0.0720994680592639 -0.0974986968097206
-0.444455509110719 0.211339104096181 -0.0487312319375211 0.00248226718580644
-0.447185014040201 -0.185770120801422 -0.168405928860515 -0.147010918732018
-0.12958776636784 -0.443061981594921 -0.151261493720679 -0.429621143449829
0.0875673605371361 -0.483481789288759 0.145420456011163 -0.571194557863784
0.018992371797146 -0.619207172107919 -0.0374673911809829 -0.150075271942629
-0.259474816394679 -0.501913015730108 -0.0254067376194203 -0.0328771195555525
-0.544264172124431 -0.168249408184356 0.159399041919855 -0.060186895553905
-0.508728184419445 0.280600910875202 0.136945612145133 -0.130950625338178
-0.158675036123163 0.426688485103257 0.0174302018647577 -0.172632148332854
0.0779348668776967 0.389648051137401 -0.0481519246931464 -0.168199843823988
0.27699308991402 0.332549689395537 -0.0778683775983051 -0.121438444556883
0.322553556709999 0.293146732465002 -0.047258511352959 -0.109146255912673
0.287867542596703 0.343776624152272 -0.0309286019448013 -0.108070134380115
0.0677010366557892 0.447324958103619 0.0490290787929916 -0.0783244617868929
-0.185793320531853 0.44652697915715 0.0689131644613946 0.0183296934426865
-0.567190003248125 0.275900110580464 -0.0733112210744307 0.0735543958281213
-0.595247136766867 -0.217042366065703 -0.177898403505526 -0.101081499931792
-0.211562196258361 -0.582328705492158 -0.159232770021723 -0.327732096554602
0.0773008693966693 -0.670115178000286 0.0614907791748779 -0.36685648054682
-0.0270315021703172 -0.699473830880822 -0.0811924650968644 0.0766478232724006
-0.352288387684723 -0.556003225764346 0.0338101690615719 0.103932314302658
-0.64577214011116 -0.154784409998314 0.203594216369714 -0.0565813869638657
-0.561576139779951 0.344385212997641 0.122620949715839 -0.127891969454161
-0.16851584127551 0.482962525750401 -0.0226146726205005 -0.0953068199434565
0.0788839082893788 0.431501994499787 -0.0284778122591601 -0.0391669120906417
0.285177393828803 0.370380916670458 0.00509033159837727 0.00987763729457936
0.329703523501886 0.31929291864835 0.0606724371042813 0.0133333658379394
0.28335011167528 0.371769546614997 0.0654623338000064 0.0276359873629478
0.050642811478247 0.470026795450998 0.0949285763603085 0.0669967204749153
-0.210220092116427 0.455774577353433 0.0538296789806699 0.142771478916005
-0.584480067321309 0.281164255278257 -0.0969229189406496 0.142644697309379
-0.6249077178447 -0.215803757077869 -0.173373292704834 -0.0426352501762409
-0.24224346165433 -0.61255863975822 -0.138711151791056 -0.191183650655989
0.0583730628669468 -0.735218168451368 -0.0125748056510318 -0.121440421676668
-0.0729977512544224 -0.67506046573727 -0.125043998000234 0.316734664437359
-0.387698628136495 -0.522690921579745 0.0958142090845853 0.258270972027484
-0.635857766048933 -0.121418907930131 0.227728384121339 -0.029205956711621
-0.518695468832323 0.347121857555028 0.0938938415308698 -0.0973311414354968
-0.150236344528183 0.454446560653244 -0.05393678731926 0.00573969839220251
0.0692607082760036 0.403717902355673 0.000362955227094977 0.104386675409905
0.252811599210978 0.35205881934391 0.0895457204707031 0.143132530358226
0.286330038109107 0.298735308515156 0.158884544565622 0.133795683871297
0.232994888146369 0.340563938422599 0.148811607525989 0.15561269888542
0.0201974663135397 0.412253823113776 0.123244989872472 0.199456312966124
-0.203061353066659 0.375840935824322 0.0274415205535475 0.244019245902183
-0.494729754751081 0.217859629824425 -0.116438512994816 0.186542888623775
-0.522834385567482 -0.187425162022607 -0.157744484548946 0.00750991182937405
-0.208965152597168 -0.531008538045838 -0.0984489121496538 -0.0596757529637628
0.0326964740673897 -0.675722017752933 -0.0662968589191458 0.118599346640076
-0.100596421768035 -0.539836810480229 -0.169937675870008 0.526803244316736
-0.339732892139243 -0.397114938789903 0.135436896430894 0.399472086211125
-0.497143750689609 -0.0761581740785021 0.223820864471186 0.0197851911094965
-0.377701038887622 0.269845237136135 0.0596473234469838 -0.0460239761522618
-0.110935399392724 0.334624756206885 -0.0740460135179401 0.103115230756535
0.0413705694831142 0.302459811305652 0.0299096568989293 0.231796355446058
0.176989518728031 0.277247976619836 0.160996286005901 0.255488242790317
0.198335186067878 0.23376172976875 0.233744889669152 0.235431839472271
0.148805065902967 0.260349513651634 0.205133477582413 0.256622335839093
-0.0133561257947368 0.292134032407853 0.12778060975036 0.294237665501271
-0.165044285342671 0.236924484918011 -0.00920428296022406 0.298315897156725
-0.324861939900152 0.116551967203569 -0.129264748737932 0.190831498775484
-0.334831631849563 -0.133823641451602 -0.135036260936549 0.0347950083657376
-0.140887800808167 -0.365108316454656 -0.0487594640382139 0.040246945260103
0.00179077102398755 -0.511915822992125 -0.0921579080891 0.309955393472406
-0.110349455392159 -0.316467448096645 -0.212502291498448 0.672064615547914
-0.230673901296474 -0.202313079731844 0.148036829768894 0.504653842781211
-0.271164119887626 -0.0162179703015423 0.202464916697917 0.0782296604746374
-0.170278080862606 0.147385012535964 0.0320949175117396 0.00365416018174352
-0.0528242569565268 0.153272225488524 -0.0807350749682986 0.170100921562665
0.00474345085838266 0.148303387144364 0.0505426956318408 0.317792643246497
0.0694358063662076 0.155456512741329 0.208170594228232 0.329830453717934
0.0792124426338047 0.131950235796802 0.272972705851847 0.301532712062108
0.0459797514962497 0.146606132407633 0.229755836409411 0.316854871275164
-0.0400248605672072 0.142179410453192 0.109895346870531 0.341138794131913
-0.104939934754354 0.0851562321963665 -0.0460475064992953 0.305784776587483
-0.132489770242426 0.0200299416143089 -0.132305860173063 0.164470507608585
-0.12951443804502 -0.0605827506261764 -0.111054894675199 0.0440201856304185
-0.0726716987791216 -0.164882034973125 -0.00174922991127083 0.099059205293765
-0.0332953821902021 -0.285646621303025 -0.087413373197992 0.430971054828602
0.0658783957594593 -0.0236838416533796 -0.0703428170815054 -0.464417212454229
0.0132249019874141 -0.0550927350657209 -0.11979034140168 -0.170253264693765
-0.0489073215670843 -0.0234506543185037 0.0647498639443888 -0.0308510775544235
-0.0520252570957152 0.0513862862905491 0.102242784508671 -0.120595651854646
0.0177975047949683 0.0513946034929555 0.0428050306528666 -0.258381586550725
0.0471884678226395 0.0181707642759557 -0.118834766804308 -0.323669317762518
0.0534654229338985 -0.0132660161737719 -0.257781934029597 -0.285469337125419
0.04307563366664 -0.0126087730438766 -0.301441407348024 -0.259775186885125
0.0384348182346164 -0.0153280184653771 -0.273093727536252 -0.287663799399407
0.0280900327161024 0.0003595818320517 -0.133610461171558 -0.295420265515389
0.0121208079244852 0.0240039375748301 0.0111196318644107 -0.215565952442157
-0.0349200985857563 0.0053323764080768 -0.0283170396671375 -0.0699103036770769
0.00557011827190493 -0.0520665200030075 -0.156474360978667 -0.119256682335331
0.0856643116638606 -0.00569601717876696 -0.169718256395009 -0.42229244901838
0.0776176029704324 0.0668287645854858 0.158680339256249 -0.710124368432144
0.0353012705245995 -0.239498126236844 -0.0568632485279794 -0.433586183929708
-0.0804618894069765 -0.203862023141737 -0.111717509070683 -0.167806961279415
-0.21237016845497 -0.0647020977345773 0.0616684557846593 -0.0571241184341433
-0.197906491538742 0.139624427309612 0.0900447421825183 -0.12370477098394
-0.0308818621405246 0.187050909002553 0.0295691692417056 -0.231686069921682
0.0764570301085123 0.15086610230777 -0.108768782669619 -0.291472439115959
0.159050435580053 0.0983928102520842 -0.226547267520256 -0.253132581669107
0.170924040340741 0.0844681829675313 -0.255553718217608 -0.237537375032356
0.162070824840617 0.105836144322503 -0.23425795611106 -0.263500933474889
0.0759896305377211 0.170032979495555 -0.0971895306969127 -0.270063829226857
-0.0370772881487511 0.19652864238438 0.0327953542597048 -0.181592591363742
-0.224579576588652 0.138945750717015 -0.0326524149516723 -0.0448177733033377
-0.227773541679387 -0.0924652358243498 -0.17300619091101 -0.132624404400556
-0.049416731766342 -0.217160648224781 -0.191959427714974 -0.42382779446605
0.0545258735498512 -0.217832873219739 0.111786449746404 -0.676337383952218
-0.00540195916923386 -0.430528901065092 -0.0548872748889304 -0.331732329408655
-0.185737457083571 -0.331836676376664 -0.086320209050096 -0.128598220581916
-0.370400423936231 -0.0875004345651013 0.0746549731217011 -0.0852375615802897
-0.325391315663274 0.229747013038416 0.0792003873669946 -0.137365129991322
-0.0700422315908719 0.309848426787077 0.00351320386652916 -0.195023274324967
0.101669031764611 0.267144963108612 -0.0948824227516655 -0.228421678413285
0.244619715519595 0.197574972040846 -0.168346596828078 -0.184145624187756
0.272898062462116 0.169911448428408 -0.171345395505137 -0.178858394853097
0.260231790452281 0.211254937464213 -0.156511250330279 -0.197240717403344
0.110624678145841 0.315610596941628 -0.042024557913761 -0.196233116168969
-0.0842007424981468 0.343849236940245 0.0527945547258827 -0.105038429704087
-0.388787636293111 0.257417664268229 -0.0406851435518657 0.00572145429086179
-0.436515106426303 -0.121004245776623 -0.187419634953923 -0.11749897166681
-0.177170195078513 -0.400800386678195 -0.204273564565884 -0.373211289392141
0.0255577567692144 -0.468877354325671 0.060516212657355 -0.55067294081505
-0.0574149766679593 -0.572447608246797 -0.0586237097223132 -0.167199767869554
-0.302450269183642 -0.425430562928351 -0.0368119422166827 -0.0494577523583513
-0.513960079509708 -0.0823149275582359 0.102545264615402 -0.107749094888949
-0.419848730797081 0.3263670518166 0.0637914359259371 -0.150472797381785
-0.0900635829276408 0.412561981152867 -0.027224072537871 -0.138739827870591
0.122490422483867 0.353760370096963 -0.0712318966381987 -0.133010285327772
0.299856262483365 0.269381178475253 -0.085975840452934 -0.0858462387917144
0.334008265821596 0.228629344703212 -0.0607298539864233 -0.0934436620068574
0.313913103514926 0.281790003424834 -0.0527126712637856 -0.0991801296390102
0.124207871017524 0.41144714139135 0.0247475791297013 -0.0841255836849411
-0.121678164835941 0.437055633342349 0.0687072603758639 0.00256710786319413
-0.494467065081731 0.334957373356374 -0.0507545372409541 0.0736366973839875
-0.57578607479035 -0.131181976661384 -0.189276475964251 -0.075385255533803
-0.272018738242741 -0.517606137691874 -0.191890597525066 -0.276600058612587
-0.00605326394815782 -0.638536850814505 0.0133445055811306 -0.347078614083846
-0.108608520353354 -0.635954977735063 -0.0633365695864437 0.0465690158571879
-0.393417089313284 -0.46225020650944 0.0377276284493201 0.0666553027956756
-0.605698902747297 -0.0573480101491714 0.137443752912395 -0.111845200568176
-0.460110210367804 0.393969605213384 0.0456696933189061 -0.144659780694809
-0.0888068744632072 0.466615525624611 -0.0528383121086008 -0.0562388355873503
0.130097534896919 0.392902370038785 -0.0329667200509912 -0.0124279257032142
0.315124390372753 0.301839156432356 0.0115791494497051 0.0289092120241074
0.344885554686003 0.253050662490027 0.0587494520630701 0.00643252521884991
0.314803551426059 0.306926820851016 0.0592769109406243 0.0137567466898602
0.11188455204822 0.434163158030982 0.0916457105546978 0.0443575362995728
-0.142034230081189 0.449246275256795 0.0763042534223992 0.121469555099096
-0.510817018131723 0.344052669960238 -0.0606381150321709 0.141484923043103
-0.603361459010528 -0.123621150645091 -0.175501596212546 -0.0223103419220545
-0.304993380708782 -0.538629296597326 -0.150956574886254 -0.151987278577216
-0.0328234933511977 -0.695673878605953 -0.0195731901003552 -0.107075445960776
-0.143531782971349 -0.604240194397744 -0.0664320450321916 0.278931368550442
-0.418217079326476 -0.427059931754336 0.119506109687199 0.202931275534157
-0.592868163376923 -0.0265038258027127 0.165737424788581 -0.0878531011853194
-0.419110638493065 0.390927654499803 0.0265916089955125 -0.110548719086745
-0.0754662166760153 0.438347008946612 -0.0646705232202559 0.0411501490666488
0.118269961861014 0.366754107177355 0.0159592909814765 0.116832447851202
0.28386001102954 0.288123713083288 0.110016594488971 0.141371518875392
0.30231579924532 0.238769763916976 0.169541673389707 0.105927552361154
0.265052756472046 0.284215438034225 0.158776805918883 0.12177495417732
0.0767052600852293 0.384173547722996 0.141921514107005 0.16452405354434
-0.144162773566822 0.376370684963032 0.0690466824830081 0.22076880895308
-0.432967985955102 0.272924755497394 -0.0721404613598996 0.187190597981979
-0.505655314167118 -0.107997956835434 -0.151242345834072 0.0237576641524811
-0.266579702629789 -0.465249524899408 -0.0940169534853574 -0.0359111206863318
-0.0505305152163919 -0.632121690756847 -0.034650359003583 0.123926318877127
-0.149654718445354 -0.475206276004845 -0.0766798602567361 0.490177287567296
-0.356106388216846 -0.31864831413999 0.181768418024368 0.335257750103544
-0.462551299229071 -0.00297206624067023 0.179844347011992 -0.0349528896133102
-0.301953883407856 0.302046915761425 0.0149298873683355 -0.0558888790808669
-0.0529786153627937 0.323508361812439 -0.0634876597215792 0.127862033452167
0.0808492301184399 0.27684327677428 0.0621988795190102 0.228051097066577
0.203749494048136 0.229181919100741 0.193447197374849 0.234450621167976
0.214339211848378 0.188936857263797 0.254144475703661 0.188864094069289
0.176604877658013 0.220638593282487 0.230444076071394 0.208906269936393
0.0300990494094546 0.27672361512295 0.164154258021391 0.253254679375843
-0.124242981228356 0.242760146758509 0.0439522949148254 0.279465419988965
-0.288499564524475 0.154643606040252 -0.0848064909439962 0.19529912935934
-0.323728009474315 -0.0813585819900636 -0.123288652843645 0.0497538448636051
-0.179617003773688 -0.317672102474369 -0.0350044127506022 0.0481257011177678
-0.0587977556890648 -0.472784915202087 -0.0332398813655929 0.305716282499171
-0.131253646707505 -0.266404011622406 -0.091819463084673 0.644531244565602
-0.228856041328637 -0.154364233624961 0.213935207066896 0.441304078018008
-0.248012053973981 0.0215677838817805 0.184554176710939 0.0320783656568583
-0.131184067457581 0.160030490064263 0.0145020620967397 -0.00406161051028063
-0.0240661116662977 0.149867886191723 -0.0532909607434192 0.18047501662754
0.0274216330693714 0.13816856443858 0.0951227273911462 0.298786022579418
0.0889415860204255 0.13123608414009 0.246632592196193 0.291422458838846
0.0918484945156761 0.109848805314042 0.300925584328693 0.244020294739233
0.0658776427905432 0.127816920672568 0.26486850152345 0.262724262853302
-0.0152266209342537 0.139160487272709 0.158319674299125 0.300803170950234
-0.0857214343182132 0.0939933005360819 0.00963639974067565 0.293010731078867
-0.120410462214545 0.0380675463720415 -0.093523910415587 0.174228073074854
-0.126545407107837 -0.0378933239803296 -0.0963714711756119 0.0584175119746253
-0.0903422895896049 -0.140013707172083 0.0145238353520473 0.0944856022051251
-0.0659573647446546 -0.255541808581559 -0.0138302183323148 0.41637131179099
0.0630794418247018 -0.0211364830905864 -0.0603862051940189 -0.446580117181787
0.0137371450780841 -0.0538498127782457 -0.109207729221243 -0.164956252989113
-0.0480167934487605 -0.0255789792994768 0.0628784066653885 -0.0323586567455734
-0.0517289234585306 0.0488417042375014 0.0966564758192548 -0.115928227880349
0.0152655404325687 0.05183093804855 0.0415266521521437 -0.244899352758665
0.0448724131000289 0.018629564182697 -0.110178225395765 -0.308883332081798
0.0513073248354276 -0.0120476588954064 -0.242390125688691 -0.274310202529328
0.0419254664279683 -0.0106349872847296 -0.284691884253209 -0.253417259161588
0.0356818807401844 -0.0132588678842621 -0.256359833057315 -0.278058244031475
0.0255324465086362 0.00166512447629315 -0.122715137163234 -0.284465054286143
0.0102379909619562 0.0229838734810513 0.0139646866332216 -0.204116317866612
-0.0346957248929778 0.0042621839604581 -0.0262862119253423 -0.0643781303795049
0.00528356348620595 -0.0514345039544826 -0.149429345716424 -0.113690437992026
0.083784357966181 -0.00491949440588188 -0.156026813507459 -0.406634804932889
0.0748838230676996 0.0659183686954698 0.161293099003972 -0.678638461440109
0.0374775792300863 -0.226567448598246 -0.0479475788286241 -0.418196414885725
-0.0719030708747354 -0.197075152931473 -0.102556822338269 -0.16250649426452
-0.202267729181942 -0.0666827503125755 0.0590533729768758 -0.0574241773392674
-0.191575754474225 0.132088546623502 0.0846698172324813 -0.11928353162454
-0.0324495886165624 0.180628127222105 0.0283593200644191 -0.219804733431366
0.0722088249874706 0.146521509765959 -0.101015579086992 -0.277664740758558
0.150473073804344 0.0957708227417435 -0.212339029476002 -0.244065534091974
0.162149033231991 0.082585852001213 -0.24148526324908 -0.232080012215713
0.153538234259062 0.103283069817244 -0.218911986537186 -0.254722697898186
0.0703353589068637 0.165177272592012 -0.0875136335380184 -0.260508074220087
-0.0381658287866055 0.187898990274716 0.0338257479915607 -0.172097398252675
-0.217521354991906 0.130664709507952 -0.0317708532514195 -0.0393199946230366
-0.218522018646478 -0.0917281587494825 -0.166444115284343 -0.127841336322748
-0.0417041675918437 -0.209016401661978 -0.178822723382908 -0.409146837617835
0.0576297982071059 -0.204533388659568 0.117975051674344 -0.645960408473296
0.000833731991743657 -0.408179875832829 -0.0491950714372171 -0.322798266853739
-0.16945634763492 -0.321000605108777 -0.0810778106889884 -0.12625480254576
-0.351704702831367 -0.0882228849411956 0.0703632898728324 -0.0843451206241535
-0.313929562709494 0.217813044764536 0.0743778246303462 -0.132464169465211
-0.0707291096472733 0.297714791500164 0.00409645290314253 -0.184978555025638
0.0946552662974386 0.257666235740283 -0.088860962949419 -0.216530130739489
0.231356630639275 0.19127104134269 -0.156249346911206 -0.178153096609334
0.259005077808748 0.163582916347522 -0.161179795369546 -0.175253163156621
0.245682716689113 0.204301585115815 -0.145250765167008 -0.190356946575225
0.101644563096133 0.305321089524189 -0.0354814620439396 -0.188722586046674
-0.0847336154248875 0.329428851021978 0.0528760267873602 -0.0990688218263167
-0.373757611606097 0.240797498912332 -0.0414845415715767 0.00903696968111516
-0.417328531233188 -0.121426968372277 -0.181453405927842 -0.114588477474094
-0.160211804891131 -0.386948559439245 -0.194153166723282 -0.363102916869461
0.0339630797854016 -0.445255179818812 0.0665276516637539 -0.525903888971594
-0.0460909873436061 -0.543527604287125 -0.056358620584236 -0.16637837038123
-0.279364636450415 -0.411229481363773 -0.0354903120397788 -0.0498591053468186
-0.488556109546641 -0.0844415350730626 0.0964411791458527 -0.105424742637868
-0.404395774477865 0.310615284597126 0.0604770531037495 -0.145517954393045
-0.0903267863560513 0.395825721242473 -0.0262432844529186 -0.132122962139756
0.113868699093904 0.341684784201984 -0.0678924565346477 -0.125110479362389
0.284239214356978 0.259774503918243 -0.0787689940260774 -0.0847592957133794
0.316491146229903 0.219691070237245 -0.0566082201792591 -0.091882034721197
0.296373982623752 0.270927875530678 -0.04687727672126 -0.0947604023149727
0.114334990351402 0.395128808142531 0.0280056779569844 -0.0816076971563622
-0.121170017776947 0.418914866585852 0.066993637918656 0.00352646354346089
-0.475800298853753 0.315617507198035 -0.0515479006588668 0.0742373372186866
-0.549661216328349 -0.130791835043587 -0.183489192421512 -0.0754474902739109
-0.250758221009279 -0.498947213351097 -0.183510529361286 -0.268011001445729
0.00492863497074516 -0.605640404523474 0.0210172067256115 -0.33228819127955
-0.0938822413861764 -0.607034190432634 -0.064531385271303 0.0378100751819932
-0.366911387114167 -0.448413576639195 0.0328318959830808 0.0624669225367586
-0.577007702856476 -0.0594984727996008 0.130199917358927 -0.109373706341722
-0.442683879065429 0.373642456693828 0.0437556175059362 -0.140928760364226
-0.089704475554678 0.446931519562531 -0.0512450908351892 -0.0551414159864444
0.120224176924263 0.378852260138438 -0.0332579022859459 -0.00986511302396788
0.297539313680256 0.2909185008903 0.0132199634094844 0.0258248333170043
0.325623236031118 0.243110348017216 0.0572281288772699 0.00536877411048838
0.296811633364367 0.294768553168297 0.0585500518339425 0.0148302854928573
0.102689960843667 0.417435359590169 0.0897585802138655 0.0426231742372328
-0.139749821977309 0.432310371861327 0.073896346396073 0.11586270134144
-0.490613405194282 0.323087645904144 -0.0610901775258187 0.139076318534739
-0.574887026445789 -0.124334885559679 -0.170491395270909 -0.0235517474344929
-0.282443379922037 -0.520535413208793 -0.146697184409202 -0.148081593398671
-0.018181310160158 -0.659323636755034 -0.013489407001551 -0.102465719561526
-0.127596152691301 -0.578079726633623 -0.0711644434847003 0.260639368130803
-0.39408078468485 -0.41661002205432 0.109227034320625 0.194874181102921
-0.566267168636121 -0.0298645593483789 0.15728739951759 -0.0856249258153277
-0.402093369105973 0.372013882805105 0.0251819901262175 -0.10847187814736
-0.0740350578480358 0.418776081829802 -0.0632672177194894 0.0368205394913571
0.10841246583657 0.354023569609088 0.0118712536822531 0.112988123232634
0.267362300299274 0.278761962187309 0.105734247397437 0.134617804173913
0.286042365393761 0.227999919727338 0.161688473796673 0.101903666021602
0.249514710285666 0.272765312358221 0.152598732109912 0.119114329180596
0.0698070788596278 0.367864923009951 0.136307054805444 0.158425531384939
-0.140487370983634 0.361069454862882 0.065966495942337 0.210796832087143
-0.415217390123181 0.256790302931658 -0.0723617012187049 0.181024972280961
-0.481271785581553 -0.107841202651017 -0.146579558052169 0.0208763503176296
-0.245171137464185 -0.446131736301047 -0.0936810134517095 -0.0357512933365157
-0.0372686592961091 -0.599174323936461 -0.0311731821230215 0.119032507564372
-0.135747969190563 -0.456052759394722 -0.0836574098841908 0.464889095834402
-0.335376745298206 -0.311536050714559 0.16683044389382 0.322991069924556
-0.44300914749733 -0.0059800202083522 0.171400590296756 -0.0335647398995709
-0.291033525284269 0.287442999744613 0.0137643321504184 -0.0573334808152809
-0.0526473529612178 0.308963123164771 -0.0625439190002441 0.11936161391393
0.0752443132773437 0.267195515828357 0.05507509350257 0.219476187557144
0.192938208256606 0.22120803744083 0.182973380481378 0.224550440570256
0.202151827074227 0.180139429434989 0.242097117318304 0.183436546639941
0.165570529084307 0.21025383203462 0.218630330997329 0.20331737026986
0.0260863723770353 0.264206922673819 0.156101251432349 0.2440418730887
-0.11967848186236 0.232044081589574 0.0412518884426717 0.265735925112433
-0.274962766974183 0.144165276575707 -0.0829301094609614 0.18831494462089
-0.3068226238564 -0.0788140062684775 -0.119422183245477 0.0463148056755454
-0.16637970950598 -0.304555019984706 -0.0381075440657407 0.0460073303861294
-0.0500316898544799 -0.448401282657228 -0.0322965765176522 0.293577140724549
-0.120795095318153 -0.258342419203631 -0.10157313431297 0.613174116918188
-0.217147470395301 -0.152199709214884 0.196823975824771 0.42625228126638
-0.238075535683648 0.0209690282776649 0.176015970613298 0.03131493916006
-0.125596451310446 0.152707343937895 0.0134605705517555 -0.00696261548346755
-0.0232534569261985 0.141839760066682 -0.0531198328833443 0.169717435359451
0.0253137278275661 0.132936774984681 0.0853016852161875 0.287272953963251
0.0838833364014617 0.125915347029592 0.231685286889735 0.280175695767086
0.0864359625192475 0.104515651556481 0.286252168706198 0.237261957861896
0.0624165120990826 0.121314168902294 0.250519779388504 0.255181887963902
-0.0155772028448589 0.131821184323894 0.149180177982051 0.289098949963023
-0.0819059172610433 0.0895135768926133 0.00868859230053115 0.278042880810981
-0.113399437891363 0.0346879303645545 -0.0895061006223743 0.166743063939012
-0.119035830858557 -0.0350798836924642 -0.0932748098024524 0.0554303320182101
-0.0848643733391495 -0.132837624227684 0.00959435945155505 0.0914265417663304
-0.0604104144734137 -0.243145303115029 -0.0159970986672888 0.399722422277654
0.0633669016544908 -0.0180346421657847 -0.0455583310397092 -0.44692091391927
0.0165119696339256 -0.053615900916695 -0.0998820860002151 -0.168212325073304
-0.0488343296830602 -0.0294134881796143 0.0635775984299774 -0.034007790280701
-0.0541478414433398 0.047686364403503 0.0957770822752575 -0.113058387413026
0.0133020663524912 0.0546890185680968 0.0454351434486494 -0.240288036446231
0.0442679053868713 0.0205266708770121 -0.0997508175249901 -0.308432970667986
0.0507483905588679 -0.010299350466179 -0.230019238180241 -0.278075996598166
0.0426471718320416 -0.00893559307415857 -0.276011883633124 -0.260287917851484
0.035277896794176 -0.0106688513885818 -0.245156168719306 -0.283113414977727
0.0244212914393399 0.00369203725057952 -0.111822481085794 -0.286042599663493
0.00820933564582918 0.0223188459932345 0.0203013839960181 -0.199728062391765
-0.035625328083981 0.00302879216148955 -0.025126222749335 -0.0616682849419116
0.00607356908971614 -0.0523840927124153 -0.145660777803169 -0.114568080313488
0.0845107347539326 -0.00292342290590546 -0.143187548275864 -0.40872549446233
0.0742672791866595 0.0682254550838511 0.180711739255575 -0.670909148706518
0.0447822355919983 -0.22087112099469 -0.0360294576761915 -0.418803827904664
-0.0633746020900065 -0.198036621740693 -0.094713246372834 -0.165790686082901
-0.198813268089693 -0.0738306932525066 0.0591464717282658 -0.0585825238029691
-0.193967655107306 0.126609703665375 0.0843073541832162 -0.116567795936148
-0.0373172125124304 0.180890375750924 0.0321533625498027 -0.215008532126608
0.0678033851243329 0.148270518545994 -0.0921324216512575 -0.275333338117503
0.146073529499033 0.099397243136612 -0.201346524906421 -0.248451421742804
0.158854722907064 0.0860111666799178 -0.233307427182065 -0.239110731180714
0.14796793543897 0.107306693964415 -0.207604827788708 -0.258975880911033
0.063880659482457 0.167510866150436 -0.0772372621612612 -0.261607446330268
-0.0439260665460426 0.185762167062923 0.0395525409082492 -0.167939390951731
-0.220366306718511 0.12302988842194 -0.0316768413964829 -0.0361226443950786
-0.215375053375357 -0.0977733343275963 -0.163391104986091 -0.13016705828906
-0.0321750228232216 -0.209557946365539 -0.166688841266918 -0.412134539561629
0.0660433446283748 -0.199492555112373 0.136509127642798 -0.639376179140566
0.0142099938934418 -0.401009883932922 -0.040134685824832 -0.326044783834366
-0.155861515597079 -0.323665417158463 -0.0751103291478872 -0.128713341926345
-0.345747960618729 -0.0990820426071786 0.0698550586542217 -0.084301255621793
-0.316675023813884 0.208836463345768 0.0744741445203476 -0.130890182734528
-0.0778267629606192 0.294941353068456 0.00757748198185254 -0.181515480036378
0.0878952867210991 0.259928419364926 -0.0825711489303978 -0.214045681931864
0.223632746978461 0.196439301401077 -0.147657802463911 -0.181784263159034
0.252287190153272 0.168609535392787 -0.155283068420026 -0.180350454258112
0.236633921731851 0.20890499807794 -0.135072756126231 -0.193022349579437
0.092112253311743 0.306852649011018 -0.0270455621310523 -0.188920959957122
-0.0929928968429337 0.325353114022239 0.0559471138767971 -0.0955669171913322
-0.380061260266133 0.22888083556953 -0.0425224137771401 0.0128009283391228
-0.410676024684735 -0.131156271704065 -0.179510493510001 -0.119016582040456
-0.1451955958179 -0.38953419922866 -0.1838286034455 -0.366937757782998
0.0487396280612575 -0.436813655267686 0.0844688676594308 -0.520396079033919
-0.028607064129896 -0.53594285096524 -0.0543083330318364 -0.171914999773409
-0.260691299246644 -0.418170739513256 -0.0343473162484663 -0.0511818096346987
-0.481147823894088 -0.0977027018584144 0.0965299095838636 -0.104314238391141
-0.408542221597196 0.298168537534623 0.0618035633786368 -0.145554839046336
-0.100797874888159 0.392180993810519 -0.0232430236644061 -0.131656577682701
0.102802372919212 0.344207111334623 -0.0649097847116978 -0.123191171129923
0.273213779256409 0.266847221354776 -0.0734887495054932 -0.0882993735356834
0.306986380266632 0.224264800473674 -0.0531329559950346 -0.0945858438672891
0.285592747510835 0.276978805245631 -0.0407217840066503 -0.0952969254876862
0.101738777537619 0.396207194879351 0.0323615743827313 -0.0811799899734343
-0.130809952858834 0.414582024892191 0.0677027219945031 0.00580097275767211
-0.479473784649446 0.299358243862084 -0.05480533751165 0.0772818999671573
-0.542176790085904 -0.143936724002951 -0.1836318400433 -0.0802591045491663
-0.229426767331138 -0.504809059930756 -0.177972860774902 -0.271753097255804
0.02639243885469 -0.596870689680347 0.0339007435335364 -0.328216046540271
-0.0734985538973133 -0.602804817492695 -0.0696612991910845 0.0301693711977052
-0.347288003173338 -0.458586695710864 0.0286643327177351 0.0623989155941999
-0.569163978087594 -0.0744447334303606 0.129562396590086 -0.10735174865291
-0.4480639576378 0.360321845028896 0.0459180340124995 -0.142145642162186
-0.100969257391422 0.441233584835635 -0.0500546846646244 -0.0569354197079609
0.110177489816705 0.379900536112562 -0.0348450521112431 -0.00855358964968786
0.286717125180909 0.29660516593102 0.0146288136143614 0.0239531659128558
0.31605316997192 0.245742418630805 0.0570352348282191 0.0053906995191132
0.285701587150184 0.299947479481183 0.0606709025851493 0.0165252372112902
0.0905553753419125 0.417281543974153 0.0907663237505185 0.0441457976531524
-0.15055345867489 0.426087770938448 0.0718212221774581 0.117147905631106
-0.495132979438123 0.306922691802662 -0.0652263266884021 0.140799026450329
-0.566264666898888 -0.137331356431377 -0.171912823838108 -0.0289122100843824
-0.261385361164278 -0.525035466939145 -0.146097060255927 -0.151002669901365
0.00378894452044463 -0.6501811140049 -0.00692268036518716 -0.101026450976131
-0.107698929027392 -0.576281606266119 -0.0833881642978646 0.252687669311257
-0.375525973754307 -0.426171224848751 0.0998899124096666 0.196656514521552
-0.55999062378281 -0.04334030829817 0.156973905685396 -0.082566273583224
-0.408406855981678 0.35941260269165 0.0278147643201607 -0.111393465142338
-0.0847797860302196 0.41334592924838 -0.0643049505613603 0.0330078480846247
0.100953472694955 0.356006064762609 0.00639517778521242 0.114095875454744
0.257453147059794 0.283033266012319 0.102687797051113 0.135009933515943
0.277724837921786 0.230703055211602 0.158010740748637 0.104796303864794
0.239849984912364 0.275459920470726 0.149530410440985 0.122923406467341
0.058953693552994 0.367309579718276 0.133364088007974 0.159711823509943
-0.148688029946931 0.354958771551922 0.061185666534007 0.210554597782284
-0.41601369534573 0.241322602635977 -0.0767195608817381 0.181851600754718
-0.471712394320043 -0.117757831464652 -0.149259819158103 0.0152998434489334
-0.225406764965298 -0.449485467465431 -0.0967321858640425 -0.0377036382607287
-0.016027322895632 -0.591024277465706 -0.0309535302007113 0.117742762544036
-0.118508653070991 -0.456915524211883 -0.101646493742515 0.456602195800022
-0.322483498333205 -0.321694225691293 0.15320410425419 0.32664516199731
-0.439086527956434 -0.0158894625339188 0.16985801021432 -0.0301098316956965
-0.294252932903976 0.278790815416326 0.0150358521815324 -0.0602121490449544
-0.060717802323404 0.304448705522848 -0.0660958128104254 0.114026054622166
0.0679107166147178 0.26819342025593 0.046369783892612 0.220083608428704
0.18533025851563 0.223644960890685 0.175712176448447 0.226264979314214
0.19488023490838 0.181983159477382 0.235355893506939 0.188996256600056
0.158590445698333 0.210972511116215 0.212353781744207 0.208234077754142
0.0185768364617048 0.262052099212366 0.149805821986931 0.245165423790538
-0.123180942617624 0.227934500719698 0.0356811858729111 0.263281530037956
-0.274120888515753 0.134910433427205 -0.0865456794053897 0.186624049647997
-0.300661116808249 -0.0835789512465563 -0.121546466532834 0.0426899763245961
-0.154365289195126 -0.305529000429391 -0.0435745969214375 0.0451238372134995
-0.0345252768600152 -0.442847202790857 -0.0378446906728678 0.291136075033455
-0.111217938558213 -0.26133552355499 -0.124285552906619 0.606186759498361
-0.211637502068961 -0.159178701653104 0.179587757638465 0.431017301981305
-0.237608295991763 0.0163497445091568 0.174283826721778 0.0351246923069678
-0.126954887348203 0.148598991892788 0.0133179495295928 -0.011023175540307
-0.0268368214990672 0.138557680548643 -0.0586201791386811 0.164379085978458
0.021498026570428 0.133414936795323 0.0740760893109964 0.286886201981282
0.0801476539995861 0.126654588708711 0.22216037984782 0.28339353819129
0.0822605250986257 0.103968629974812 0.278040133226698 0.243706900400909
0.0579705276036779 0.11969261272329 0.241459332023184 0.260509944324858
-0.0185172739152039 0.128868749919237 0.140474744259894 0.290635145503954
-0.0814096852598579 0.0863943078167296 0.00301598209793552 0.273260345168892
-0.111060521833972 0.0305015680864882 -0.0915822621953479 0.164102010131959
-0.114976118741255 -0.0353507995398057 -0.0942141115571855 0.0532575225267926
-0.0805162581838763 -0.132123037429396 0.00331495622386496 0.0921536899122537
-0.0529636054829153 -0.240302385728284 -0.025660598848303 0.39776879366504
0.0661691649866824 -0.0158685651947124 -0.0368777321586802 -0.463214471173912
0.0191803903829277 -0.0553537804200431 -0.0962829368489266 -0.177599981476388
-0.0514157821914581 -0.033280269932554 0.0658369035927585 -0.0376413990620452
-0.058080180404399 0.0489534586378814 0.0963844810646393 -0.115265592430829
0.0131741859317011 0.0590801308016025 0.0488055436601492 -0.24473617072962
0.0455882440067745 0.0227954620470328 -0.0974583504699505 -0.316970458436971
0.0521900233623908 -0.00899743003967227 -0.230641470513561 -0.289723498644498
0.0445510360343856 -0.00757642209560962 -0.281636742443981 -0.273554840651804
0.036458536606174 -0.00911997874345172 -0.246024525377461 -0.296683407943218
0.0239652127319609 0.00591153697414458 -0.107837236122231 -0.296716648897885
0.00694105636866978 0.0229873219350062 0.0260058295270485 -0.202834247473297
-0.037773340179655 0.00232376629219634 -0.0251829617523578 -0.0603090922687697
0.00631049144844307 -0.0561835954956366 -0.148599672348698 -0.117569834226885
0.0892337778157535 -0.00232077363484285 -0.13848777649655 -0.425549119921127
0.0763357591441963 0.0727552698328964 0.200361117482897 -0.688645657868947
0.0521865003828077 -0.223287223809446 -0.0288779952017765 -0.435922370762711
-0.058484852049013 -0.205744119630457 -0.0919012622565402 -0.173794645792761
-0.203675135096629 -0.0801474302882599 0.0605378807357685 -0.0628227171094394
-0.202948114328725 0.128343973938337 0.0851686254237267 -0.119188559509929
-0.0408669753553312 0.188192411795872 0.0353194603323733 -0.219035400306845
0.0683234100775597 0.15524664176014 -0.0903464936896993 -0.282920333328016
0.148011485422204 0.105849152492059 -0.20048435922341 -0.260062200838292
0.162392633794853 0.0909846713881904 -0.236949489094851 -0.251075781236607
0.14987901503314 0.113676021354849 -0.207175563351353 -0.270945335776084
0.0622091201628649 0.175303298642855 -0.0725815613921898 -0.271047890466396
-0.0493811112326677 0.19092981374844 0.0449937056095483 -0.169746201137595
-0.229750992296899 0.123197245487322 -0.0328301918308085 -0.0328850926570245
-0.220279259482845 -0.105344287094873 -0.168474885059263 -0.13576091279954
-0.0265262655979015 -0.217992413218149 -0.165226434272382 -0.429575275447511
0.0749208466210154 -0.202024215961889 0.155784421142103 -0.658264805698034
0.0238794767687319 -0.408800579628602 -0.0387325156425245 -0.340425697056047
-0.150187677001929 -0.337718053590438 -0.0746892202039349 -0.135726645083463
-0.352265804825644 -0.108648540066753 0.0712866692195552 -0.0882052726453971
-0.328832885113413 0.210921834510272 0.0754306500561064 -0.134674267596277
-0.0849658085210096 0.305052236129895 0.0104665866183942 -0.185503628583486
0.0868768444581266 0.270654162268332 -0.0812907413737996 -0.219267916767732
0.225942569376854 0.20625200764509 -0.146267121867702 -0.191347837035624
0.257006763045883 0.176504404864461 -0.15660308609519 -0.190509966375456
0.239916626932435 0.219747802459376 -0.133499447325144 -0.201276730881791
0.0883030069145629 0.319425005163304 -0.0221344416567812 -0.196531104578176
-0.101533471046736 0.333721492758322 0.0612827754613748 -0.0961681154233857
-0.395323518879123 0.228161650253622 -0.0455158542265734 0.017844517314604
-0.42259301645483 -0.142297123195393 -0.186546664524413 -0.125317652351417
-0.138564766510809 -0.404895646192447 -0.184604213568552 -0.382021886868531
0.0633262281270108 -0.446455315163722 0.099382505801751 -0.537067073325329
-0.0169976488666032 -0.548978131759207 -0.0563141128534365 -0.182102600175253
-0.25661742748557 -0.438030174266701 -0.0350676150764535 -0.054490901788324
-0.492102817979583 -0.108217187115227 0.0983428860513981 -0.108394673969911
-0.424196696476741 0.30065689918579 0.0638252890168367 -0.15106363053313
-0.109593399370935 0.402897038541013 -0.0217060687827085 -0.135246305449977
0.102540921627588 0.356835891317056 -0.0651162038983213 -0.125391781406001
0.277561628076648 0.279220106202711 -0.0715740696258276 -0.093380599633891
0.311544498392493 0.234501843722485 -0.0528289285537597 -0.100076147421082
0.287334486561031 0.290201832255781 -0.0371963569671401 -0.0989811691962056
0.0982384130393829 0.41195594145231 0.0373495554040281 -0.0839815508466728
-0.141880500921836 0.424336115450571 0.072175485808989 0.00787793189393659
-0.500964510775959 0.300130386048787 -0.0580535498220283 0.0848297574297903
-0.554929119318417 -0.15684604546893 -0.192426526684205 -0.0869472658036266
-0.221865703878285 -0.525552049994396 -0.182198150398902 -0.283861028443496
0.0437322704680399 -0.609363472151946 0.044822273812566 -0.33876099700787
-0.0605242515229072 -0.617421357887109 -0.0770789020454765 0.0261305444072709
-0.347163897115966 -0.480335702679253 0.0274231386477715 0.0650589804002222
-0.582551104674344 -0.0858110926464944 0.13301863455903 -0.111211805190931
-0.465312945504414 0.364997524751268 0.0477288038831691 -0.149438852965439
-0.111752642181177 0.453489956135788 -0.0508565766818175 -0.0607458572858109
0.10863118895703 0.394814911697771 -0.0367110616013489 -0.00658708816326474
0.29086715305741 0.311846911842957 0.0163717595624956 0.0230670096966085
0.320913600199402 0.256781364885352 0.0590530439822973 0.00488295136560438
0.286420638485373 0.310909793810114 0.065564317132279 0.0187970560196901
0.0854754775167795 0.43239727277805 0.0953259014925159 0.0460131727523586
-0.161152120760621 0.436556560500819 0.0741528677935522 0.121417109112721
-0.514226361001789 0.308055720231719 -0.0701564632769636 0.149407831426852
-0.578600985658653 -0.149696219862317 -0.181586899668762 -0.0335878415934918
-0.254550769982823 -0.546567504372349 -0.152492803589392 -0.157758474881971
0.0202449270238889 -0.665084473143044 -0.00176200729559267 -0.104598930050077
-0.0975885756729006 -0.594093889954474 -0.0959262427493775 0.255955820025366
-0.377140991545865 -0.450317959592293 0.0973344507500582 0.206164581847983
-0.575401785626683 -0.0523565523257136 0.161863516737598 -0.0846075250008558
-0.425222070049458 0.36489910746584 0.0288674004723517 -0.119779333203226
-0.0949898256749288 0.42406303062154 -0.0678579624610413 0.0303230371696472
0.098787073840865 0.369146445549456 0.0025334556620876 0.119597338208717
0.2606773470841 0.29452426423657 0.104650259175806 0.138959405168359
0.281345726223905 0.239447735509781 0.161362608048731 0.10955588722001
0.242029550627875 0.285641673418788 0.155187363353488 0.13018480992111
0.0539342107585773 0.379278517150178 0.136984991291999 0.166179901315327
-0.157436140393973 0.36283078005818 0.061856313446558 0.217102541286367
-0.431321301440653 0.24160014996166 -0.0815729413552427 0.189917649248019
-0.482494787272026 -0.126586293779856 -0.157564205579883 0.013185029377848
-0.220205766357229 -0.467718057810589 -0.103772466066632 -0.0393678729053599
-0.00349706387598967 -0.605086966602853 -0.0310736675612399 0.121291406662315
-0.111547015589351 -0.472950862833946 -0.118732581969108 0.466795040026099
-0.325415165616841 -0.339823972282422 0.150093982592148 0.342250728162412
-0.452003958086292 -0.0215829526266801 0.175935849590117 -0.0299028748130612
-0.306714327993467 0.284139400252165 0.0154950462396626 -0.0678269017056457
-0.0682559204923089 0.311741165935712 -0.0714035502715732 0.11331396150812
0.0667183914676508 0.27797496923411 0.0416829150434132 0.228697647992266
0.187362875466838 0.232996729978536 0.177661803491465 0.235759023503687
0.196919257035363 0.187914466775966 0.240570394832386 0.198012422687603
0.159273198480985 0.217796654668828 0.216879522639935 0.218983815966753
0.0148700724830864 0.269196290445429 0.15188999899761 0.253928240370762
-0.129637543017617 0.232236530422253 0.034044150558259 0.270348912583251
-0.282389440913058 0.133305449417576 -0.0912702332464002 0.193789432898
-0.304828102984007 -0.0884276333357725 -0.128811058346929 0.0417045427414092
-0.150638824047554 -0.315443775382141 -0.0504017942755854 0.0469582914979456
-0.0270693527492943 -0.453100431265734 -0.0423175964446962 0.299988669625329
-0.108313598848817 -0.272695590980446 -0.143809461377957 0.622481260936478
-0.216260714225551 -0.169262368986622 0.176392215628624 0.450036776580447
-0.245369279447967 0.0143595194519777 0.179892952807891 0.0376067067955912
-0.132188433415381 0.15176690149686 0.0139603379306075 -0.0159072159202114
-0.030939498969944 0.140945913275656 -0.0646924289883516 0.164674484072198
0.0201273928865722 0.138379101619878 0.0697279301718185 0.297020150546008
0.0807957959373844 0.130989780664709 0.222917800253314 0.29596526334293
0.0825418823476919 0.106653796750016 0.283588006685878 0.256792431113893
0.0579790886319829 0.122415650220131 0.243578842474228 0.273797982168324
-0.0209485121137863 0.130843039213225 0.141002727038039 0.300256843324116
-0.0838434143715257 0.0871392430807211 0.000327734797630814 0.280049130577056
-0.112219338846842 0.0294381689507597 -0.0950662411006858 0.168197548560731
-0.115160535874182 -0.0355221612088728 -0.0992911649151761 0.0543064592384595
-0.0794608294875219 -0.134730388463567 -0.00238113640846039 0.0958113772924114
-0.0500389596999823 -0.246178913442678 -0.0314908664785223 0.409769749574481
0.0707193523120902 -0.0163965173316063 -0.0467662323870991 -0.48698118976787
0.0215526003446533 -0.05912877210333 -0.101254183389337 -0.18711327121264
-0.056192226282049 -0.035542860636458 0.0674964284029172 -0.0442513932060529
-0.0613533857478027 0.0533318669657173 0.0958607077513279 -0.123181193271273
0.015370191904773 0.0639987462149578 0.0443032171295977 -0.256156091220327
0.0483930413608069 0.0240397821155795 -0.108730668063055 -0.331067871340333
0.0540816261860372 -0.00932709660212713 -0.246773477529888 -0.300281211612784
0.047947723637747 -0.00847603684302366 -0.302553913881761 -0.282576511225011
0.0378240362239183 -0.00875249795998449 -0.264119251372679 -0.307736500146802
0.0248358174550641 0.00764799078890713 -0.117111738556463 -0.309257997140797
0.00636074630008409 0.0238737011857989 0.0253251944736475 -0.211257933417461
-0.0412181417239687 0.00241733700259162 -0.0272404272286239 -0.0584691060644372
0.00375611923577199 -0.0600462361759992 -0.158304024895673 -0.118339518763454
0.0952613348886864 -0.00479378760556523 -0.153372325201515 -0.446289772886987
0.0834353738390932 0.0755375562904731 0.198627578008153 -0.727022596088558
0.0527522379035128 -0.232877325586869 -0.0404186910508654 -0.458605042501615
-0.0615946848270534 -0.216836117020061 -0.0977412486473439 -0.183169624846914
-0.216403628488637 -0.081151436144109 0.061160977843099 -0.0695570418086796
-0.211303045819604 0.139569795844885 0.0834902881356981 -0.127722766144944
-0.0386159401987352 0.201390644193342 0.0318366492377289 -0.228234780080254
0.0760886645553771 0.162589796736768 -0.0994922513250703 -0.293978100859117
0.157321634860401 0.109116337324799 -0.21316204938459 -0.269517616460403
0.173828125970159 0.0921362821822819 -0.255270802865306 -0.260492619738952
0.159577856237305 0.117546762869326 -0.220976026323352 -0.281489380470808
0.0682928538095815 0.184948685523525 -0.0789915405686901 -0.284084613606002
-0.0488013730005767 0.201659590336396 0.0462557649925151 -0.176766181778042
-0.240256860372137 0.133413767827936 -0.0359402637907667 -0.028699312347736
-0.23427428508633 -0.10711656448536 -0.181546884465466 -0.138317446189478
-0.0287148733682221 -0.230551988346222 -0.181876808062806 -0.449799329065444
0.0777587712969931 -0.212395667602861 0.152808463403845 -0.695474401267169
0.0220860400727792 -0.42614613034069 -0.049698479716804 -0.358954047643218
-0.159977741116785 -0.353840528758909 -0.07963314881938 -0.141681572176152
-0.372358990154564 -0.107196645729099 0.0712167070206774 -0.0968087010587464
-0.342521775633923 0.229394410450857 0.0731902521011829 -0.144988463270397
-0.082058316665298 0.324561688001621 0.00604744702947813 -0.193683292237589
0.098475892115776 0.28308564405864 -0.0896347412789739 -0.22578676395859
0.241338194582659 0.213134526046835 -0.155186601096541 -0.199551181296951
0.273423328288995 0.178974002421927 -0.168884791236262 -0.197974764185359
0.255289234281042 0.226214871700707 -0.141478885565944 -0.209742652860737
0.098618151397074 0.33610555284554 -0.0244912503299811 -0.206951701496676
-0.100950578867661 0.353798964507413 0.0652191445807892 -0.100062935168611
-0.412436572237328 0.248948547737976 -0.047161681357749 0.0258408443142706
-0.444851454049201 -0.141285021911856 -0.203311819197172 -0.127502696512581
-0.148674163274367 -0.425793346006447 -0.203650855545684 -0.399974206561633
0.061728506853625 -0.467943225330525 0.0970340303044036 -0.566110968540142
-0.0245419675202046 -0.573266804529581 -0.0667486423326582 -0.193030702906864
-0.273752216056128 -0.456588474427778 -0.0378518289170787 -0.0556293139152861
-0.518111091289868 -0.105088681585537 0.0988488991912458 -0.118380774271733
-0.43970575657787 0.32556351150055 0.0605253086619474 -0.163168088950592
-0.107189701402688 0.427152081259353 -0.0269303339245454 -0.141459594833502
0.117092290834751 0.372671994411724 -0.0707306123035506 -0.126790893148779
0.29640962945788 0.28765243023409 -0.0746729818905771 -0.0985829894448255
0.332071207638212 0.238900159368563 -0.057924585146715 -0.105562244003856
0.307847141006072 0.298505086022824 -0.0374424520486896 -0.104029420810391
0.109998190006207 0.434429727711905 0.040808937306317 -0.0905786755355022
-0.140661443692057 0.449476488498058 0.0788131003387142 0.00794038684885659
-0.520099284943193 0.325265800291452 -0.0595312373387872 0.0963802378492339
-0.584673049907061 -0.153615732841622 -0.20968834686765 -0.0866354312047705
-0.238275343973128 -0.549138469166467 -0.199837764722935 -0.295772935802007
0.0380858374580663 -0.638838435959412 0.0422569011326071 -0.35804034131942
-0.0720413820450372 -0.645188980616463 -0.0856189947459757 0.0269471653723201
-0.371183933875524 -0.499651984363559 0.0297702621173661 0.0693862999245387
-0.612649316417844 -0.0767047698287302 0.135878720651491 -0.122015778070327
-0.479683638062978 0.395061778825265 0.0437043125971011 -0.163369133242248
-0.10739404234651 0.480496290906957 -0.055615741872219 -0.0642150027157256
0.124660680472164 0.413707100702367 -0.0394358675083725 -0.00304976605804299
0.311548794210096 0.32017178538622 0.0200808830980883 0.0225208378226152
0.341134867238686 0.260054986203675 0.0623987460664747 0.00326610306791384
0.307208966324535 0.319315559032732 0.0727102773643436 0.018090060399381
0.0974761492931102 0.454481185071807 0.10398668780118 0.0450603878057849
-0.160988214422674 0.462795663629069 0.0834092786085418 0.126414116259822
-0.534924245985336 0.333475133996928 -0.0696863080987595 0.163968838952287
-0.608596486504521 -0.144617501900472 -0.197921727272714 -0.0312127839794715
-0.272124185249658 -0.571478753277217 -0.167039821204165 -0.161879274211574
0.0120814493048609 -0.695249427950542 -0.00047265761225311 -0.110089382273732
-0.110569867979114 -0.621052007573459 -0.101920448279604 0.269472008209541
-0.404865712298126 -0.467319549030916 0.105569107443764 0.21679080909602
-0.60549609834393 -0.0425694460804602 0.167487325240164 -0.0953348574007762
-0.437086599913767 0.394804864171962 0.0253412170347463 -0.132334915697591
-0.0916129717154325 0.44919068853637 -0.0722546364226676 0.0304915991382049
0.113592265352523 0.387713935539182 0.00382572200347137 0.128468681826338
0.280355155282195 0.303648110321492 0.114147502676104 0.142543265062803
0.299152188816079 0.24277723034216 0.172889099515215 0.111393565693843
0.257869327716615 0.294253734900241 0.168839317563948 0.133779647537424
0.0636313560218036 0.397061567395318 0.149426895150902 0.170769868326717
-0.156854925578668 0.384385791619808 0.0719617211768479 0.22575060391882
-0.44887468584398 0.262095644712723 -0.0806034146206287 0.206660649656293
-0.503780419439314 -0.122490544460614 -0.171594274657727 0.0177629306366058
-0.236506964502062 -0.487358892729465 -0.114749509085548 -0.0375620494227895
-0.0131563698609217 -0.630963352542159 -0.0264795479619693 0.12861611017743
-0.125592720784179 -0.495605970031684 -0.12184667536509 0.493740003557583
-0.349997168178129 -0.353271345607732 0.164526824243078 0.359368588701437
-0.474889323399328 -0.0111272005066204 0.184514457315195 -0.0382867362468407
-0.315512022160866 0.306310510735387 0.013588440983819 -0.0774673521996917
-0.0653518192322594 0.32863709792504 -0.0746349939225038 0.117626452145235
0.077452932569511 0.291220248716277 0.0465434751876404 0.241176188335713
0.202273081082191 0.239412342921638 0.191781157494203 0.243554650319051
0.209579564065575 0.190682811052274 0.257886898257632 0.202775541438769
0.170849468680411 0.22402092025328 0.234704321455317 0.226380111424151
0.0204796709439457 0.282093006729944 0.166087082879442 0.262739641164711
-0.130159774318191 0.245936149281034 0.0435742701811244 0.281707287068628
-0.291826457535166 0.145614978943035 -0.0905980281844916 0.208266920038587
-0.317964447738285 -0.0836090067934153 -0.138031807654363 0.0478883129616152
-0.160902211972133 -0.327516599606565 -0.0573885761907244 0.0522199655309089
-0.0345881531386548 -0.471750011940712 -0.0351537819194906 0.317048694985726
-0.119221937328455 -0.286626815077779 -0.144108289202759 0.658600923202776
-0.23234727568664 -0.175653925631715 0.194674061543435 0.472985024916779
-0.258400981892088 0.0219109500633451 0.191484222952688 0.0330185904280284
-0.134632683561153 0.162332741130436 0.012218529457562 -0.0222342632740924
-0.030105470719999 0.14729652050468 -0.0663775501887223 0.171349353936773
0.0245189706235672 0.145204134657787 0.077776580135329 0.310976687745874
0.0876716920132094 0.133884248565317 0.240003881980879 0.30713651668398
0.0882014686844986 0.108535137669786 0.30415487135623 0.264016275607577
0.0630590730588845 0.125228737963607 0.262909043792769 0.282967238440799
-0.0195964293139601 0.136244548895107 0.155029135839141 0.311572219149927
-0.0843073930546568 0.0928667058829641 0.00695161273594001 0.291932125609179
-0.114648452917448 0.0330549875032754 -0.0941616797214954 0.179516422983679
-0.118337345774342 -0.0323954183902708 -0.104589209859584 0.0615262582728591
-0.0853637395501999 -0.13736452536168 -0.00433659672809815 0.101990677358957
-0.0564476555396211 -0.255452266195203 -0.0227400250607338 0.432274460737452
0.0666103332132066 -0.00902534793735296 0.0361049841183834 -0.501626552935999
0.0307481439074289 -0.0566117717382634 -0.070281776580113 -0.21233623077294
-0.0516053104788704 -0.0489926215053837 0.0723640866365372 -0.0409836210179458
-0.0735589465421262 0.0414740793223592 0.110483825624967 -0.109966593345337
0.000429213101089806 0.0673182693483486 0.0848184980127638 -0.252219901447295
0.0419321234964926 0.0334354138533626 -0.0607243665465065 -0.357272592860088
0.0548493357369442 0.000369605324368286 -0.205617951213734 -0.34996999270836
0.0485403984627083 0.00136690736925243 -0.267182657242671 -0.342253648405509
0.0409738259120794 -0.000867383434242366 -0.225963782936816 -0.360889852951654
0.0225142948639158 0.011926498727296 -0.0715594255496488 -0.337757216711778
0.000497897135704527 0.02434971322037 0.0597564098454375 -0.210686385650923
-0.0440344805918195 -0.00620285452912834 -0.016219406120013 -0.0607967119922862
0.0148758590345882 -0.0650382421579069 -0.144956903701488 -0.142726575586969
0.102236762216711 0.00531869866679068 -0.086786800123069 -0.480449392900232
0.0756326941032672 0.0892259805832023 0.3323019403913 -0.718750721532434
0.0898274944413366 -0.228189827606952 0.0389258723657022 -0.480920557587189
-0.0249914473668742 -0.228168817799647 -0.0698259989466408 -0.212018566985772
-0.202890489161142 -0.122665668764721 0.0594094764348127 -0.0698966572805505
-0.23579567251801 0.104203013003532 0.0864310101970917 -0.115002347240214
-0.0777165386060092 0.197046187022118 0.0659795222763843 -0.217368678417466
0.0460157328711711 0.179368444679263 -0.0548385350497599 -0.312015906465728
0.140346267212133 0.137327654953583 -0.17611707994419 -0.308447221917098
0.156709803617505 0.128049610017706 -0.222438037260034 -0.311177863399704
0.142375233129183 0.150115687181579 -0.187451385124165 -0.327938845294958
0.0356112627412144 0.20333646083955 -0.0402448814712619 -0.308396869897324
-0.0923786520027061 0.197377623839331 0.079358134038181 -0.178878768656506
-0.273208917710397 0.0956886674687948 -0.0211703685539204 -0.0424158445326218
-0.220491585406653 -0.162012005513043 -0.163045656836689 -0.165324242421819
0.0183242236284942 -0.252860145732803 -0.112518457108118 -0.478806215379495
0.12748950162234 -0.215668135938535 0.274702235085867 -0.679691196956046
0.0941839966855411 -0.426462848542462 0.0106614403209013 -0.390476099091678
-0.0985853366445838 -0.38245760668884 -0.0621919103541256 -0.169326018936519
-0.353452216115504 -0.176028850595054 0.06435241448047 -0.0979369465233087
-0.380220662379866 0.173923197662597 0.0667594539922554 -0.13347896441232
-0.14305647816327 0.313648145845927 0.033143356386375 -0.178949410225408
0.0489556250603323 0.307186051794856 -0.0555042484831918 -0.2371851060697
0.20857692990492 0.257822124709677 -0.126234132167773 -0.221780042214425
0.241709721217724 0.235498860089533 -0.143603222276083 -0.232357595577173
0.220086897748821 0.277839863102063 -0.118245630825016 -0.24101132825928
0.0397076653879048 0.364966469601623 0.00204744489753988 -0.223077190281875
-0.176441541528678 0.344670291695518 0.0894701469452206 -0.103894773081898
-0.471302675535884 0.186206997276235 -0.034188230333668 0.00254754431350761
-0.429121985832559 -0.239662975927986 -0.183607024395843 -0.155817187209224
-0.0658671575919283 -0.477943017717613 -0.139144955358282 -0.420162339705893
0.161633189342051 -0.485940496334347 0.189924281049833 -0.545010386659186
0.078388640212368 -0.577114183464445 -0.0354485582434108 -0.230464738065656
-0.194686567570532 -0.504488403441198 -0.035755691167021 -0.0777076526385504
-0.499619858436032 -0.196870139956493 0.0875766970596818 -0.115536607854526
-0.494393838300597 0.254902793636946 0.0496805119094501 -0.153107091136219
-0.184562520669804 0.414752751092925 -0.00903283179241073 -0.125755178579814
0.0530400511502955 0.403201428973397 -0.0521087196527611 -0.129714275708801
0.251411980907174 0.341507667595739 -0.0585945768510176 -0.101046302139556
0.291384207444976 0.30703449045986 -0.0428329586693432 -0.118242492030498
0.260541281086861 0.359406927552428 -0.0273687572703973 -0.114923331510784
0.0336563064228957 0.467572510520993 0.0492349243921048 -0.093602675437208
-0.236773159389721 0.437489877926678 0.0887687223724558 0.00502215561979969
-0.595892437710813 0.247224008808783 -0.0531427725630724 0.0663387582767758
-0.571474166350045 -0.279684335541431 -0.194560638743347 -0.113980286829532
-0.136809009934093 -0.622315136911519 -0.151411290380302 -0.307252550432249
0.170834721137406 -0.668594253062845 0.0932683713237751 -0.330479408786139
0.0451905805459024 -0.657355147538732 -0.0928188779129362 -0.0146447821064477
-0.281158759891636 -0.566672760244313 0.00979075627536786 0.0609810321331362
-0.599414823099226 -0.187228056721953 0.120636372047962 -0.111898690532442
-0.544818265249377 0.318106013301885 0.0279143709410575 -0.153132834346669
-0.194660207856338 0.466279421329337 -0.0506224669181192 -0.0496917826684334
0.05480223052029 0.444522744053615 -0.0390642620101734 0.00396230797959469
0.261963768485387 0.377109790973414 0.0192169538780802 0.0405453072998432
0.296640371125625 0.331015625736117 0.0645661860738592 0.0136005001908917
0.255072557292785 0.382477771780392 0.0681117190459791 0.0286312812850537
0.0184414459250937 0.485495922015158 0.0937009967776163 0.0546028863424489
-0.259500616687455 0.448176836908014 0.0762019568792605 0.126716314326284
-0.610678243132624 0.254131780992191 -0.0733594723160641 0.133277818317251
-0.595244757165677 -0.273579409373218 -0.190665727930039 -0.0546310633963874
-0.167557666602256 -0.646500071909766 -0.138898064382262 -0.164724882077801
0.152740195191812 -0.730718720286087 0.00559970879427225 -0.078117304950952
0.00634529313378777 -0.636782863492581 -0.151178761976215 0.228627845129208
-0.322141636720787 -0.539196959675947 0.0633707134585475 0.226341908824597
-0.598470121872461 -0.151692970685146 0.149307064606797 -0.0767579259119112
-0.501704028348546 0.326843131482721 0.00728352629485147 -0.124186429285421
-0.170636013641521 0.439188125154327 -0.082004299597315 0.0432187072584266
0.0493339423229599 0.417380673351983 -0.0159292060031224 0.145132964223541
0.233596391540556 0.354348285504707 0.0974007984191838 0.179938448338071
0.258770754134058 0.305743889719197 0.161432297805204 0.143591153404895
0.208992713159574 0.345801435536226 0.150908623640956 0.164480426628412
-0.00624366431225395 0.422298013612879 0.1232335228273 0.191834899716064
-0.23896350710244 0.368196296563944 0.0495411722240779 0.229294965337139
-0.508459379974115 0.195823275024792 -0.094200670467582 0.179777188627508
-0.49262592919483 -0.228123485588858 -0.172175676696009 -0.000453015695165038
-0.147995870964099 -0.54875148472906 -0.10755675353423 -0.0323502977005552
0.115969395837869 -0.663708917760521 -0.0611385683231436 0.159428669142024
-0.029575279336154 -0.51176903575641 -0.208449480417438 0.458694803974216
-0.286508654818619 -0.415674007147436 0.102051633236361 0.386830342272516
-0.475706328467269 -0.0959094601963037 0.166328897421742 -0.0145819498753636
-0.363973261253139 0.256904348716221 -0.00345510828875048 -0.072740302812146
-0.122694474832904 0.321917004512432 -0.0985341858183348 0.124420291123814
0.03137964627269 0.31307651799228 0.00961436586945484 0.264698014830293
0.16661598691254 0.275607765986793 0.16138454240308 0.294777898627835
0.178628367203029 0.234173606402388 0.235121560667587 0.252322697765615
0.132849026088014 0.257754916031763 0.205861104830393 0.270867215184636
-0.0288453645018602 0.294350638883759 0.128388924878578 0.292397191514093
-0.183516181414758 0.230396111101849 0.00983890080141816 0.286607317527595
-0.326140140000199 0.102817697351533 -0.110305624168159 0.188310192672024
-0.308208194108694 -0.149536142453141 -0.14548723882357 0.0337095931466386
-0.10154484907954 -0.366259950322602 -0.0657932687994009 0.0609205742935597
0.0605512216670608 -0.498442791564534 -0.0993008097633563 0.34454746123798
-0.0592771248203268 -0.300215015297469 -0.258409967455937 0.631125123368841
-0.197186210048292 -0.218054754509727 0.118548706686361 0.513056838425554
-0.262053797337433 -0.0233664610600601 0.17653580676928 0.0629647888692876
-0.159775718583208 0.142041545552562 0.00372067957860505 -0.0199171736499922
-0.0544706208437388 0.144723201468357 -0.0987534987267439 0.170283101304282
0.00367759043349191 0.154326008343291 0.0285082464353596 0.337221106124349
0.0679250539176774 0.150218759407229 0.19978255537775 0.363016813005054
0.0713575287733239 0.127104937327328 0.272717222233294 0.322662994003357
0.0413134168745536 0.137647950061648 0.227761556025427 0.335243465407838
-0.043940053661138 0.137484943737288 0.112159209557187 0.342365872609294
-0.105041933240966 0.0798325546493655 -0.0314749971971663 0.296322065428403
-0.123426375962477 0.0157716630584501 -0.117650439937001 0.167132720793125
-0.114073274252527 -0.0558709878384249 -0.115163920912493 0.0513690005304185
-0.061322502776393 -0.153091179144379 -0.0223144286766786 0.110645831106522
-0.00834250670053456 -0.274373591659677 -0.102171431009299 0.455255231661621
0.0671974083851928 -0.0134652440315686 -0.00344190667477732 -0.502928905825857
0.0280683705407855 -0.0605379734599373 -0.0840984755967831 -0.20932577051184
-0.0569404858673821 -0.0462736735638696 0.0688364141024187 -0.0505867700544696
-0.0718990815639056 0.0472925727267678 0.0978946770606752 -0.117882213895703
0.00644770642129602 0.0688643856392555 0.0611530309419843 -0.256088323920711
0.045223368229615 0.031060911899232 -0.0886959372556285 -0.349295372821917
0.055613260967901 -0.00285075000745546 -0.231749352445037 -0.331503329391733
0.0492034957139727 -0.00238167218411687 -0.295046699155458 -0.318528616997803
0.0409397728028849 -0.00290906951486696 -0.252730948724746 -0.340552141141142
0.0230219832549366 0.0120901638967356 -0.0953921710786699 -0.331515455725885
0.000755700441964846 0.0245402309076671 0.0463119141418624 -0.211342356035092
-0.0466764163765547 -0.00260453906009055 -0.0207819476355898 -0.0544489201596339
0.00789985865508924 -0.0666427074666904 -0.156146401033599 -0.128368201790089
0.103662269658232 -0.00440104565220904 -0.125405785807644 -0.471917594252677
0.0840734225400301 0.0824013139653905 0.272608547692673 -0.740927962622827
0.074304723914577 -0.231669079375906 -0.00203294389187911 -0.480950918614196
-0.0386614590950425 -0.226499134396887 -0.0836439954055906 -0.207598955606477
-0.21099156106321 -0.106581431452201 0.053323968211016 -0.0783890828129893
-0.227135266039872 0.123155069755844 0.0727196069347474 -0.121787636547852
-0.0605298490537324 0.203688898644543 0.0466073491734744 -0.219434463186127
0.061775060110689 0.175538587745217 -0.079374072700561 -0.305107146044656
0.151481582777001 0.126659914401975 -0.198681535088995 -0.293315782831249
0.166808659100495 0.114079922957254 -0.247954222307164 -0.292032444876503
0.153798481487741 0.138986994107795 -0.211868236276533 -0.312251348768305
0.0513854316890248 0.201398703713224 -0.0622211073246861 -0.304980383829301
-0.0778527705534708 0.204123106020689 0.0678822020466751 -0.182564043197277
-0.265755761078075 0.11755420049208 -0.0241552619374654 -0.035203294760831
-0.232350042385715 -0.143439185514284 -0.17798613864416 -0.14945021269554
0.00111875612202736 -0.255184382286557 -0.150570402529875 -0.467894852263402
0.112049830927283 -0.223108524516846 0.218679275839969 -0.699149983790068
0.0651666192157883 -0.427545842736958 -0.0230776383058981 -0.389736700785299
-0.123735404644015 -0.373786953033473 -0.0727217431527173 -0.165095247419634
-0.363912834096731 -0.14619083012512 0.0552160849727472 -0.105494348670457
-0.364367865073433 0.205228022276865 0.0512434141533868 -0.139279186484746
-0.115781065454649 0.325191723122329 0.0172534417714484 -0.179780071861249
0.0742413779367879 0.301559596838736 -0.0729078842181149 -0.229697347795406
0.228437680722183 0.239379945956756 -0.14157729339165 -0.212660446364425
0.260238570369184 0.212761136055149 -0.161982197378807 -0.22010953098488
0.241139142600212 0.259250426076155 -0.134492722758201 -0.23143303133829
0.0689802597568202 0.362718844688776 -0.013493130172661 -0.223380232535631
-0.149136821323278 0.357394882306998 0.084190801760729 -0.109116249645571
-0.453398448650604 0.223740458937724 -0.0335719085201227 0.0116992745793564
-0.445164386574111 -0.205577168500425 -0.200729696476126 -0.137440422935398
-0.101467029890705 -0.47344139841519 -0.174476583968735 -0.407293607972894
0.124337992095039 -0.492520058890377 0.146226121550008 -0.556760450414695
0.0361375635187496 -0.577855079666446 -0.0580057143643346 -0.227767054223501
-0.228262119900429 -0.487228007624998 -0.0396288483616307 -0.0752673664058552
-0.510632834191692 -0.154973958745769 0.07611008193923 -0.125429153922382
-0.468346425229768 0.295067735568986 0.03113720828919 -0.158309084671987
-0.148113808495208 0.427304202022307 -0.0200785385969272 -0.125314136029181
0.0869760583804275 0.395145125484971 -0.0614695893504947 -0.122513973086094
0.279221388066429 0.319661761509954 -0.0649602622440577 -0.0980261368244174
0.314367054522609 0.279786052448277 -0.0524733738424511 -0.11473917848673
0.287149695038124 0.338024232035035 -0.0333221652215801 -0.113476742631061
0.0725570938838408 0.463005739633194 0.0437913289758498 -0.0985443779666136
-0.199893186867399 0.454932818617352 0.0921803141795114 -0.0022015075085212
-0.572085429654081 0.295322724192623 -0.0463947271842005 0.0769427927873104
-0.587590775296292 -0.233148829414313 -0.209310989131222 -0.0939640831108215
-0.180751882435127 -0.610797505329324 -0.179048585424399 -0.293126672076292
0.119796568441103 -0.675302088117123 0.0688537319050665 -0.33622868191223
-0.00353311090603911 -0.652627514623496 -0.097772547012386 -0.00838385313067471
-0.321813351042902 -0.542637534664783 0.0162982909068461 0.059738872679774
-0.609769211841833 -0.135404901311327 0.1091861426505 -0.124462718376995
-0.513020027517798 0.363426731162854 0.0103048717342159 -0.158637563885074
-0.154224752114008 0.480740314013357 -0.0559806572907988 -0.0465853537246793
0.0929822467098098 0.438105093209726 -0.038703446051588 0.00927242141570496
0.291342440048269 0.352566978519737 0.0245818703758613 0.036654507580994
0.322001339414862 0.302320954668468 0.0647657488161231 0.00713788399963842
0.283998636117699 0.359935538691092 0.0737135116585486 0.0212690000729341
0.0574151949085912 0.484075907906167 0.100032216623726 0.0462218756885574
-0.219627631698308 0.465999662415203 0.0883874238577681 0.119016927587475
-0.586395819793031 0.300971682757765 -0.0615786128219395 0.144776404952831
-0.60971299860738 -0.223164384735359 -0.200486876994238 -0.0356012970383604
-0.212167062129046 -0.631532001444329 -0.155861728865234 -0.149820382269925
0.0986122753350214 -0.733588721402937 0.00150548900947276 -0.0792138923766213
-0.0422780987806528 -0.633364630315456 -0.136070064990859 0.238635411729383
-0.360945192390548 -0.511528194096882 0.0822817896790466 0.220487562021241
-0.605824042554289 -0.0994118906134594 0.141604027660159 -0.0926164846754908
-0.470297074735738 0.367424126686158 -0.00738872743775276 -0.129459249309855
-0.133564343134639 0.451740934741366 -0.0808937202586568 0.0462069164686386
0.0846036133766452 0.4097678665987 -0.00461144715859573 0.147596796508405
0.26044728145829 0.331913300387052 0.112600075968631 0.169459301279513
0.280755337570931 0.278957143597951 0.17214370171551 0.129484280282482
0.235887577793059 0.324835908768355 0.166722507335627 0.150016827653599
0.0276036580076221 0.420896752152881 0.139638730155784 0.180055976800584
-0.208775301945088 0.385271905174061 0.0696779164758543 0.222909180055161
-0.488253341016664 0.236441169167098 -0.0770339913393108 0.191206908895301
-0.503536715208304 -0.185502174910527 -0.17725789501757 0.0172543709984044
-0.187034140408965 -0.53504958621945 -0.114636313812964 -0.0206223215309184
0.0639952505313184 -0.666018307766283 -0.0453047348349611 0.163768222541605
-0.0689888958147278 -0.505897059875737 -0.175400773104803 0.471801118203075
-0.317586675307602 -0.392173777977195 0.133963358700208 0.377693110306775
-0.478539665547565 -0.053173913990373 0.164367089696409 -0.0304935294201046
-0.339492307823465 0.287553316526275 -0.0128528568893861 -0.077961654652837
-0.095239003807464 0.329916068923473 -0.0904096635737984 0.127811658599958
0.0572534612000459 0.307929942212671 0.0294437240236807 0.263612211983827
0.187146054751652 0.259302242767483 0.184721311798918 0.278699584116608
0.195318533201804 0.215386855092985 0.254309931505896 0.231757556706259
0.152436225753419 0.243997261026541 0.229475144426845 0.251668830244494
-0.00590483039141377 0.295014544002068 0.152371584647316 0.27911665473858
-0.162542581700069 0.242572913190048 0.0343835998885314 0.282623111478208
-0.313028022681317 0.127807006719042 -0.0924615053434515 0.198968016079115
-0.313040280626163 -0.121769547724916 -0.145876971848114 0.0493293534128172
-0.126561269340059 -0.354401390268994 -0.0655602151668256 0.0684721081639979
0.0206761295547603 -0.495516971085668 -0.0676276134313454 0.350553425957504
-0.0826603684635265 -0.294761911340852 -0.210821898664911 0.647700590011075
-0.215412529840285 -0.201374193830284 0.158435792430859 0.504070453462035
-0.263207672282874 0.000614963501948448 0.180267585844401 0.0456097582739208
-0.144746822423242 0.155432849642518 -0.00106459318956901 -0.0250391425215689
-0.0430984262612408 0.148019785824406 -0.0873575834931863 0.173611407046242
0.0164867600832039 0.152818127333209 0.0529698484300225 0.333667970961431
0.0800609346632391 0.142169704814386 0.228634421330938 0.345498561586059
0.0802525849229841 0.117995283611329 0.29787765342592 0.299225180725846
0.0518256717267969 0.131185201731993 0.255050818550696 0.314148037408378
-0.033112940200249 0.13882404575082 0.139064174694796 0.330699677534826
-0.0962052039482119 0.0867722646192435 -0.0071803749032875 0.29523841969179
-0.117932995648954 0.0253009305008493 -0.100891381848365 0.17730762138749
-0.113694909497704 -0.0438031028372468 -0.112164759071205 0.0636119778132958
-0.0714495365715119 -0.145324886815292 -0.0182804125447967 0.113826421957299
-0.0296596696909709 -0.269570682568082 -0.0620632899990834 0.460982933823566
0.0651675897303017 -0.0160648341447454 -0.0328028901275443 -0.481951568515207
0.0263513328305959 -0.0616405795909216 -0.0905054154940802 -0.198654164746354
-0.0588350293538887 -0.0430996940554274 0.062198735305804 -0.0567554915604272
-0.0684036582834935 0.050167008080493 0.0837977725457937 -0.1191687433632
0.0109959251018958 0.0674607371385944 0.0422067542730426 -0.246931315755203
0.0465968438948374 0.0277784075464495 -0.105096481526585 -0.329262611843897
0.0541860908270924 -0.00451240666005232 -0.240529011734973 -0.306371447877213
0.0483496585947267 -0.00395418332190858 -0.302256684901174 -0.287534910449628
0.0392573651250597 -0.00346360866058405 -0.262379215153635 -0.313220117697166
0.0228298547223006 0.0117223756869207 -0.108890504532641 -0.313252787014722
0.00059472578841751 0.0240733354705942 0.0354802053074384 -0.203380785449235
-0.0466246159698503 -9.99330481726915E-05 -0.022288868690806 -0.0467566739449769
0.00299109773602474 -0.065010596925781 -0.157685538212148 -0.11272982982657
0.101057288087439 -0.0110460905025762 -0.147429919392268 -0.448115226994006
0.0862847557087857 0.0744143301137617 0.219530098255174 -0.724889294055977
0.0614922110232294 -0.224518486928349 -0.0301732490622321 -0.46136981887894
-0.0460558966735416 -0.217120110156143 -0.0903508925627152 -0.196555550152162
-0.208500521288482 -0.0909307292027844 0.0450374215872711 -0.0815597356785338
-0.211471185875401 0.132454666562576 0.0584393782531852 -0.120867873517943
-0.0451248120214003 0.200256346650095 0.0301992209407766 -0.211934991371207
0.0706931421777171 0.165017334659053 -0.0929393142943416 -0.286646016148395
0.153493796150156 0.113163583745406 -0.205661039552673 -0.271376106685523
0.16753088890929 0.0994045092054986 -0.254702317294332 -0.265020821409412
0.156131525911091 0.125111856969929 -0.220360237041193 -0.287988096700069
0.0618599146638875 0.192466183864087 -0.0753818187392138 -0.290043797690419
-0.0639722683852041 0.201313088664444 0.0581325487392959 -0.17726163863241
-0.249325997251728 0.128940436420453 -0.0240878785334583 -0.0269716984536773
-0.230140358313298 -0.125596036877538 -0.183259130058894 -0.130697897508244
-0.0113880955586637 -0.247611915179937 -0.173501140153953 -0.441782918679052
0.0973068332159517 -0.218451876857492 0.170165000166532 -0.683070082288044
0.0415225973362736 -0.41129770845336 -0.0471381134291601 -0.372189073736691
-0.134957769158683 -0.35396733047586 -0.0770320466145477 -0.156884788073467
-0.3543227512857 -0.11841726956937 0.0447135325654071 -0.107910744970158
-0.335598763229443 0.218967915934916 0.0361671334102188 -0.137034448119243
-0.0907570971653374 0.319473958569738 0.00525105395458654 -0.172789805698835
0.089985953544238 0.284246601779749 -0.0821273846709491 -0.214595862237142
0.233738660201366 0.216604712928842 -0.146479352767598 -0.197854025940159
0.262588581783288 0.187590816972116 -0.169139269012776 -0.201689571868738
0.246847953152887 0.236123509303052 -0.140641062323998 -0.216233073321042
0.0875275283649232 0.346232051022234 -0.023993799463417 -0.21476911570877
-0.122962681242816 0.352345019050589 0.0770688355336836 -0.109021021098266
-0.423645953746634 0.242105436515777 -0.0293473092031217 0.0188688654826831
-0.43691158519189 -0.171915215674239 -0.205203058651038 -0.116937045526476
-0.121590220566969 -0.451271115248189 -0.193190295820005 -0.378851752652344
0.0957872283909171 -0.476499425157565 0.108938212909207 -0.543030407847044
0.00650310588214123 -0.55207232723645 -0.0714540791488611 -0.215112206345457
-0.24183241375754 -0.456706802726381 -0.0404325826088261 -0.0717703396495335
-0.494067388263516 -0.11761296510027 0.0632824964795431 -0.127292132008421
-0.428716613592241 0.311034139655045 0.0151306246873823 -0.154990859465302
-0.117319620918858 0.418957903415878 -0.0280993485368045 -0.119473344155298
0.107060945432741 0.374721681630775 -0.0650988706047284 -0.112764033061743
0.286235788944325 0.290654505533334 -0.0668146958470021 -0.092894612068075
0.317318146928417 0.247367332078977 -0.0574625761292449 -0.10764378252116
0.295243164803663 0.307309963155992 -0.0362933085759919 -0.109084970757015
0.0955705661599578 0.441594130587842 0.0386438745654664 -0.0977920326779632
-0.166740650086595 0.447875932189274 0.0910127961401845 -0.0075605573892461
-0.532030062993087 0.316612713515515 -0.0383257188396148 0.0827943614464477
-0.573333401939862 -0.190098378653787 -0.212120988517178 -0.0739024364646658
-0.20381372106189 -0.579961234491456 -0.190686847257242 -0.26807923830355
0.080565059998189 -0.64738494523867 0.0486738643433169 -0.325797410362853
-0.0365076203832387 -0.623146083630147 -0.0976166359361558 -0.00245355212191633
-0.335267117278858 -0.503211665254081 0.0210281302679478 0.0552056185236328
-0.5889664363004 -0.0937715380042488 0.0958771497171448 -0.128827017879646
-0.468494283647403 0.381081757342326 -0.00504440763101601 -0.155611968433807
-0.118534467803398 0.469962484334051 -0.0587517165882185 -0.0431064573800909
0.11522001745198 0.414410600668736 -0.0370446836673425 0.012658235432744
0.299619343156453 0.319672750964174 0.0260363013750132 0.0309947717303776
0.324630878116958 0.268778765287483 0.0624523225568741 0.00307485664759769
0.293941026900731 0.327363958191316 0.0743920537768851 0.014022573228179
0.0827616564790878 0.46236408756422 0.100571762713793 0.0373255926727521
-0.184693763387739 0.46052152709629 0.0940288566863468 0.108112852028061
-0.544099305962205 0.323612880213785 -0.0481806320722005 0.148872965509853
-0.593320585939384 -0.179181648347891 -0.2001652414266 -0.0174063991456845
-0.235698823964885 -0.596248338762086 -0.162252166066286 -0.132025752392486
0.0556998658462238 -0.703397651548428 0.000360070660408166 -0.076321569206291
-0.0717673692073222 -0.601955493226007 -0.120075162017387 0.236030404588638
-0.37376356003566 -0.472116234455433 0.0933961555885028 0.207058095383835
-0.584511564405958 -0.0570478143671335 0.128964621777815 -0.100261790094226
-0.426197294932994 0.381823891329085 -0.0199300900434968 -0.127680724885664
-0.102775599738607 0.440955641302417 -0.077851742791988 0.0457911062381611
0.105526239005819 0.387074330752065 0.00245728353509739 0.142537701710859
0.269742155007704 0.302291045281526 0.118678449105821 0.154177598787345
0.283386775547959 0.248588580400656 0.172792339585077 0.113449705579994
0.244601915122265 0.297132896940075 0.171112035916651 0.131093155600744
0.050506693597078 0.402829757161391 0.146120245648575 0.164278508798074
-0.176092465114876 0.381028159913229 0.0814176397832512 0.207614895547334
-0.453054623492566 0.254037276379129 -0.059957558443364 0.192264681823316
-0.487221096309366 -0.148506551940252 -0.173529500958998 0.0312007590373295
-0.205810846187188 -0.504052934006855 -0.115309622704457 -0.00944110812594415
0.0278157408919947 -0.634378962248167 -0.0319397784621146 0.15885806062243
-0.0919667492431116 -0.481285647619138 -0.144532751617708 0.461068530221586
-0.32779142015953 -0.359740190241473 0.151101221985197 0.355854491007945
-0.461349398218435 -0.0216054708483878 0.154899452894618 -0.0419093357495083
-0.305259741534977 0.297025916767433 -0.0210977911812223 -0.0783923608445571
-0.0721613569133691 0.321923065781277 -0.0828760514405803 0.124746067207209
0.0728965844269258 0.291462677694125 0.0407263786634915 0.251431386351455
0.194411474951471 0.235990933299316 0.193602777557857 0.25555365649674
0.198263894822512 0.192439873775137 0.257256101526114 0.206960098107073
0.1600639996064 0.222664883415859 0.236251425943261 0.225851626408989
0.0105785658125797 0.283380061675812 0.163456845165051 0.258574190669867
-0.140253244866079 0.240870815988564 0.0506096143049392 0.267361631766458
-0.290138497917707 0.139866076942436 -0.0735993082881598 0.200031191678814
-0.302849606624354 -0.0984486977983089 -0.139634429344337 0.0594919169192435
-0.138740922298247 -0.331891078851279 -0.063942424049107 0.0728841926625559
-0.00737065892698002 -0.471771960519643 -0.0423791780938041 0.340333247116385
-0.0955033895208949 -0.279219063872455 -0.165749025780484 0.632347780876087
-0.219797925265206 -0.180033127792758 0.181317219102915 0.475527176318896
-0.251465589302828 0.0189319665030798 0.175720970921706 0.0308279609580156
-0.127004505787066 0.157915969152642 -0.0048814124947213 -0.0286136120612293
-0.0335004310408934 0.143950844638558 -0.0782217608888293 0.168844035980699
0.0246773504678822 0.145333664688827 0.0676859324100571 0.317465668431496
0.0840181255273268 0.130343684854931 0.238506832835794 0.318442977434528
0.0821690336383214 0.106347320450904 0.302661119155834 0.269230431017957
0.0567818749861954 0.120601560865186 0.264593970566659 0.285316395634007
-0.0240797095625441 0.133968506816626 0.153646940299115 0.308030994093202
-0.0865197697717871 0.0873773942021537 0.0116010153558934 0.281738136657995
-0.107810792123904 0.0297323190250185 -0.0836090961391645 0.176907913399375
-0.108615362756023 -0.0344216820562923 -0.103377117921588 0.0707134263628071
-0.0746139760402887 -0.132448581061893 -0.0148760279594062 0.112315693019836
-0.0439655571340834 -0.25425936617124 -0.0303965521493692 0.444778486855769
0.0633569692631131 -0.016677752682557 -0.0418367732797363 -0.456995065051303
0.0254606847997022 -0.0618522871405815 -0.0890041949378289 -0.191129149816923
-0.0588630068232991 -0.0415777106209911 0.0569987456277156 -0.059843645283064
-0.0666060192922901 0.0504461725761314 0.0747112855435941 -0.115068396614649
0.0129539302932696 0.0656625208780085 0.0327924458382434 -0.234385459487967
0.0461311056576297 0.0258989809256448 -0.108009940665482 -0.311394100485416
0.0529203424084317 -0.00430895699410618 -0.235168245973837 -0.287857140069118
0.0480857620915903 -0.00455264036930491 -0.294813627038188 -0.268197488056611
0.03802395694973 -0.00275019122235339 -0.25547709545479 -0.293115430551244
0.0224118986943861 0.0123739741744266 -0.108618051701734 -0.297712320073613
-0.000164646987473313 0.0241651858833256 0.0339139621554221 -0.193089659128122
-0.0461749643046137 0.00118317083673371 -0.0207028461464949 -0.0401805559850444
0.0010579817994241 -0.0630988982383431 -0.153503054547204 -0.102292754749872
0.0976519623590064 -0.0138435497388714 -0.149287503587781 -0.426144538776852
0.084996886028656 0.0692509666095237 0.195304999808252 -0.695630164397764
0.0572681830877579 -0.213736920337594 -0.0397265831894817 -0.438088231994966
-0.0450398750600954 -0.20975430180374 -0.0887302503029389 -0.189039653169078
-0.20064099566279 -0.0834831718265791 0.0393458683334072 -0.0824170362304623
-0.199014257184494 0.132635570594795 0.0494219655459151 -0.116003088970971
-0.0372210716721544 0.193937252117724 0.0234742624316664 -0.201210058161945
0.0720886824814737 0.155944722375848 -0.0950584031382071 -0.270849165818874
0.150102693689045 0.105788949854868 -0.201522358528329 -0.256215734056906
0.162927164156425 0.0910628932334469 -0.248993559725855 -0.247284283917554
0.151786561479689 0.117684111028244 -0.215114668418614 -0.270982631674781
0.0628346982804452 0.184761153026609 -0.0761879196193057 -0.276588262801455
-0.0576119257162353 0.194068476787438 0.0551738822432418 -0.169184305333749
-0.236846427936564 0.129154906369372 -0.0221893073386575 -0.0200958386098631
-0.221511896207765 -0.115808688539582 -0.180734304116855 -0.118276597392974
-0.0138140100288524 -0.238473465553624 -0.174884314280189 -0.418480468477268
0.0911197188734835 -0.20834931786887 0.148480179838381 -0.653297544556713
0.0357479767408602 -0.390150237186489 -0.0547370479035309 -0.352641871505318
-0.132072050985349 -0.336851181457245 -0.0748695949318047 -0.150839268817434
-0.338818708464663 -0.10598889585624 0.0383423952660341 -0.106986692010174
-0.313763877339682 0.217273552520648 0.0271067623514243 -0.130956892202606
-0.0787377342750633 0.308092266319919 0.000192832331274899 -0.163942058242066
0.0926005961630737 0.269173471373345 -0.0828123247889831 -0.201951570005663
0.228682456595553 0.202069183300381 -0.143269131124356 -0.18802026551882
0.254065277624793 0.172329316252697 -0.165835121893009 -0.188951401391323
0.241677626265459 0.220219043105379 -0.137438666768681 -0.204975666941558
0.091646599669954 0.330421650132576 -0.0258903519920392 -0.205283095766412
-0.111419738550841 0.339507365643628 0.0739655974486007 -0.105311413437948
-0.400104076099882 0.239891522185935 -0.0263321885462705 0.0246347601533459
-0.417533608253685 -0.1567389098101 -0.202669095404063 -0.10316742189978
-0.121132413669227 -0.432361885203738 -0.192311987308996 -0.358088096606907
0.0851936582208792 -0.452722886019275 0.0935345869635798 -0.521223060723691
0.000774383556033525 -0.522806187362262 -0.0754521609944755 -0.202853834663112
-0.237366770956651 -0.43330008180553 -0.0386620908177368 -0.0702245628431757
-0.470192251176252 -0.10239415094172 0.0556436251922016 -0.126436997503339
-0.40018618156797 0.308218003285185 0.0059433163574676 -0.148235059068328
-0.102486682169923 0.403886633710991 -0.0314842965771887 -0.11385440098162
0.11041607392744 0.353407194188734 -0.064456588388444 -0.105553681111516
0.280231431837151 0.270686229414411 -0.0652504094776767 -0.0895001496848023
0.306839619731447 0.227447751028435 -0.0575157965209816 -0.101710116025098
0.288619635366856 0.287019409587153 -0.0355727944470439 -0.105817686677657
0.100847533848869 0.422988910922204 0.0365254955362368 -0.0951666915743763
-0.150589886434726 0.431742918462447 0.0886131053557142 -0.00946683599469731
-0.502550433798402 0.31423465398312 -0.031360405462597 0.0856226030286696
-0.546619475957666 -0.170215057461202 -0.208892123778113 -0.0619436850607326
-0.203780467157826 -0.552335051636364 -0.190036758484298 -0.249871631358503
0.0676324537043592 -0.615685582713593 0.0412259051092646 -0.312105044302982
-0.0415356498823565 -0.591801705110937 -0.0963066383382601 -0.000186980245623509
-0.327932555300717 -0.474959984448525 0.022779919142117 0.050527236200646
-0.560270526948052 -0.0744560573962392 0.0862036143185407 -0.128192235432995
-0.434294535771222 0.374231263394011 -0.0136103177620315 -0.150361096990289
-0.103036884573581 0.452704445843771 -0.0598451822096163 -0.041932294351608
0.118836105043228 0.39100711487531 -0.0358800540331959 0.0140582799588478
0.293868942278212 0.297897826147031 0.0258471769404807 0.0271940569360025
0.314148638732522 0.246310874174847 0.0595377351784419 0.00147000911283345
0.28784123731403 0.306435963445395 0.0729000481030466 0.00887620670589911
0.0885357468877761 0.441760189701374 0.0986769160472781 0.0332225958430537
-0.166080124981824 0.443552109569448 0.0936415357221833 0.0995733076698372
-0.511829205412907 0.32089330356521 -0.0387311487385536 0.148071985433202
-0.56643744591252 -0.159522955229607 -0.19550613128394 -0.00736170388575238
-0.232821146792899 -0.566697888113399 -0.160483724900783 -0.119485380908372
0.0454121512289634 -0.665956636681074 -0.000101131546498015 -0.0732344087960605
-0.07759261098127 -0.570362203314689 -0.113495279444952 0.227916473664169
-0.363908075308452 -0.443422904852468 0.0942277836515193 0.194716077598155
-0.556378987297138 -0.0405110130879003 0.118825480440835 -0.101031157913408
-0.395964000455717 0.374756018938049 -0.026562408798561 -0.125015067317586
-0.0870939077623016 0.422808057022388 -0.0772816944189807 0.0427142791118571
0.109780179745214 0.367156046410187 0.0035627350593775 0.137190193173817
0.264251523557994 0.281535742840084 0.116594016815391 0.142883742924346
0.274618958996002 0.228026916726057 0.167133179471375 0.10427802846048
0.2397221266647 0.276546982837423 0.167515565271422 0.119630098938937
0.0563461069729909 0.384665159770482 0.144765169111529 0.152713888841532
-0.159251995567116 0.366352035828968 0.0831630074553985 0.195168155651712
-0.424173620150944 0.251110050678993 -0.0498435464549614 0.189391606158797
-0.46373352744476 -0.131560411101469 -0.167909492184708 0.0384884587738705
-0.201671688935152 -0.476855378319135 -0.114023696801345 -0.00320691679207867
0.017756738520465 -0.60222891724467 -0.0247695014156713 0.151436233831633
-0.0958229770844385 -0.456931025702239 -0.130202720495946 0.441965002235766
-0.319814708583236 -0.334979565050053 0.153163918491023 0.336366910985712
-0.438600985169662 -0.0079078189832061 0.145654710334251 -0.0459183743525578
-0.281475593709468 0.290365667906094 -0.0258904466895216 -0.0785696114261896
-0.0626985137915633 0.309355525509644 -0.0809163288739223 0.117816996422427
0.0757250644174992 0.275998311840764 0.0416952251712965 0.241368619934943
0.189819072878688 0.220092227815538 0.189749036256163 0.239353598664953
0.191983754536387 0.176998888232018 0.24969141032071 0.191791312625049
0.156420143996709 0.207899161248061 0.231898005887018 0.209704418018
0.0153178716454503 0.270266437266133 0.162431394766236 0.241749178174219
-0.128639091557116 0.231846949214394 0.0556258335099001 0.252480558987047
-0.270857602456735 0.138579217452948 -0.0627457518477749 0.195103652638716
-0.286117540895795 -0.0869866988093339 -0.133218462963142 0.0638693045268962
-0.135895105690119 -0.313888700947051 -0.0632917611659758 0.0742848363742134
-0.0128782254768988 -0.445590442080607 -0.0313467159350966 0.323928305326621
-0.0975698100210822 -0.264010342536092 -0.148643768964421 0.605661882132853
-0.214637488552855 -0.166577050398546 0.183599024380241 0.451194086383664
-0.238669563484553 0.0264780438397005 0.167699462179698 0.0228801818494355
-0.116036357761278 0.152779779212479 -0.00806132914290704 -0.0323778774453332
-0.0298555175085523 0.138163881711778 -0.0749285839910301 0.160224860832154
0.0263510722128203 0.13798751462162 0.0682922580054266 0.302841028867105
0.0823805618415719 0.121425096097599 0.233698027563573 0.299216870973311
0.0793847848729186 0.0982484112053666 0.294775724580987 0.250560619458889
0.0554516234029265 0.111922684300749 0.258608874824743 0.265678125542212
-0.0209179100850459 0.127779147882721 0.154031425951989 0.289726066902211
-0.0793519619171899 0.0836239585867686 0.0184071498666703 0.267044723850639
-0.0990254722136651 0.0298137812078166 -0.0725526310940051 0.171993023834583
-0.101480213116185 -0.0288353338559727 -0.096745268565071 0.0724812546759195
-0.0720332330880822 -0.123544486995164 -0.0162572713337847 0.110882854147629
-0.0463333860125177 -0.240244601170501 -0.0182416073324403 0.423822747473702
0.0638538863692061 -0.015602037089518 -0.0394592559915461 -0.444290556586223
0.0272920889124346 -0.0633241650798961 -0.0852330629678869 -0.189975148613902
-0.0593852008391368 -0.042728951035929 0.0543604809790232 -0.0622576879823687
-0.06713284051185 0.0505729459850085 0.0703947036605701 -0.112175492207472
0.013482212377996 0.0654932605419672 0.0314464041275915 -0.227002580621519
0.0464561508579202 0.0260043394655548 -0.104548587301527 -0.304343426796303
0.0534798580482025 -0.00300744924683908 -0.22912941946027 -0.283182178642065
0.0483441779912945 -0.00408304212743295 -0.286775629317221 -0.262252891067894
0.0380592176207886 -0.00104636986446408 -0.247781407235049 -0.287846323317474
0.0224460757576231 0.0136389809968181 -0.102512171172899 -0.291821781215966
-0.00165976240897282 0.0245905803034906 0.0379329805183956 -0.186633361124955
-0.0473175892617318 0.00133814779611357 -0.018191965519357 -0.0350477994319005
0.000910262453214813 -0.0626170148773443 -0.150616547614735 -0.0978425367602224
0.0967807965722618 -0.0149194882427701 -0.145757489162077 -0.416648742169183
0.0836194315501646 0.0680553339485799 0.193476449228883 -0.675608638700329
0.0592729184777319 -0.207254253883422 -0.0391082029185424 -0.425260031700673
-0.0407106214049366 -0.207274003427848 -0.0852924993570564 -0.188342161575312
-0.195694468993179 -0.0832698588611926 0.0364922931978947 -0.0840793915152346
-0.195052824017037 0.129617732570897 0.0447956957249932 -0.11205378876982
-0.0358053559266691 0.190407996203219 0.0222969658736995 -0.194596760054596
0.0706954289941149 0.152456848366221 -0.0923004505984914 -0.26421141927579
0.147903765983987 0.104346552018476 -0.195608995398832 -0.253658021672998
0.159472520518652 0.0889629071280309 -0.242892313609264 -0.242585292001498
0.149064324262349 0.116383292093294 -0.208754335113772 -0.266263289951595
0.0617852243776983 0.183113726731738 -0.0709728746257652 -0.270455706982704
-0.0576965852627139 0.190673407710799 0.0570638996226739 -0.164320360825998
-0.232846357379069 0.125570244894849 -0.0198208109611814 -0.0142844588467535
-0.215069496064827 -0.115282381856994 -0.178623397089705 -0.112726887083791
-0.0105531386022426 -0.235104260537472 -0.169266283906802 -0.408961701113657
0.0925687641202078 -0.20113906543818 0.147507032781541 -0.635657430751581
0.0415969849168068 -0.378342927121169 -0.053998036683987 -0.342588057217731
-0.124066745978941 -0.331996072741414 -0.071941777141673 -0.150482813417377
-0.32903158422076 -0.106302077922317 0.0355845801217255 -0.106872689717317
-0.305563758594744 0.212764456229198 0.0221492646597042 -0.127050282238255
-0.0763229292118611 0.301454392483675 -0.0011804887301321 -0.159337232821212
0.0904763075914627 0.261606468813924 -0.079756588781866 -0.196898080231422
0.224029519949498 0.198143147938431 -0.139920435656819 -0.186157385558541
0.248275031717623 0.168138296051843 -0.161915162228559 -0.185037071981908
0.23664356960495 0.216336907540798 -0.133362551687757 -0.202596145558518
0.0885545491602509 0.325261363432747 -0.0220714490661108 -0.201414238613981
-0.110179686664304 0.332370064731633 0.0753632496496651 -0.102323786775141
-0.391359678877649 0.234770091900289 -0.0234619923016413 0.0294401328863964
-0.406471509898745 -0.156272449692448 -0.201625800059602 -0.0974795418660992
-0.114079750315523 -0.424658202403309 -0.188787334530335 -0.349821983386181
0.089468269644608 -0.439546265067202 0.0928433731656939 -0.506374257186786
0.00631266933024987 -0.508127132182881 -0.0749338314302509 -0.197342457115316
-0.225977914223022 -0.425894648282572 -0.0366284999127041 -0.0711465468567086
-0.455514965719308 -0.101039299938268 0.051788071352195 -0.125938407777505
-0.387743281936914 0.300183851735672 0.000918320721978386 -0.14503245550352
-0.098810971520854 0.394666950681513 -0.0324510551469559 -0.111119615385346
0.106135156440296 0.344881294008384 -0.0637203358192204 -0.101893594511737
0.273397857556313 0.263008770213466 -0.0635899046415285 -0.089682626308827
0.298587433318306 0.220207122524349 -0.0559945396424732 -0.0987585740757964
0.28248617568576 0.281261770522251 -0.0336693817824188 -0.105093333551276
0.0974771108361333 0.416287483822669 0.0386007507740186 -0.0937781435779317
-0.148554261549031 0.421102848758019 0.0885366355127218 -0.00906877891060447
-0.491292138746663 0.305371002061213 -0.0275945219107627 0.0895223989828266
-0.531073830107025 -0.168241383838421 -0.20805983385022 -0.0567708772009227
-0.193379100994797 -0.543574925665814 -0.186290551945889 -0.244360719461827
0.0739863590515182 -0.595574029358233 0.0424875240118015 -0.304069946608391
-0.0347664229181754 -0.574315677124392 -0.0966641731150836 -0.000414197646251511
-0.314702084834417 -0.466933416138246 0.0223569401513806 0.0478111108938014
-0.541304547355178 -0.0744846284158098 0.0820054545752826 -0.127273614884548
-0.420480786166915 0.36444119066742 -0.0180589221269811 -0.148416749238162
-0.100002587193742 0.441158642466204 -0.0612409884099384 -0.0423944345230357
0.114310184062027 0.380674382655924 -0.0359287827074808 0.0148805040690401
0.285598663571479 0.290440246813503 0.0251302182513948 0.0240820567778216
0.305076477431049 0.239836208681307 0.0579109450660343 0.00146423872871351
0.279057895576905 0.299457094755841 0.0713608490929922 0.00691663625746382
0.0848221207172155 0.433605002253527 0.0985599358944973 0.0315181924842686
-0.163893818250686 0.432280172592983 0.0923883551115345 0.0972628746725952
-0.498850585496042 0.311579636713784 -0.0343166529032532 0.149323312911263
-0.547931484380616 -0.159496524759831 -0.194916918890878 -0.00289594979255102
-0.221620478614559 -0.556265610074026 -0.158862197446719 -0.114176126772945
0.0510656529100843 -0.644040687157517 0.00207351072745418 -0.0716272989126344
-0.0710610047434995 -0.556508887379126 -0.114072914354582 0.22080219623731
-0.351190251422631 -0.434441577930805 0.092658028994641 0.189500953496197
-0.538160389878239 -0.0388850248398467 0.114227746030976 -0.100692539986302
-0.382875046869893 0.364501892429547 -0.0309747463093612 -0.124891202495572
-0.0860846342104406 0.412965702934647 -0.0792990643394774 0.0394931831820687
0.105070444400947 0.357746939794841 0.00113546829368303 0.135812400319472
0.256784623217783 0.274432944032719 0.11284223310756 0.138486698707104
0.265383976304138 0.220974975245064 0.16244436529991 0.10253085178768
0.232566105263374 0.270105668569592 0.163323286323727 0.115250115266694
0.0540869884190593 0.377162501560503 0.142634263980042 0.148563678200444
-0.156738903236039 0.35804772041186 0.0817901598694509 0.189509308230385
-0.412926056357907 0.244299672014288 -0.045260506623543 0.188406404870689
-0.44695235594259 -0.130552698673984 -0.167558720895421 0.0409789409459545
-0.191321221397352 -0.467897482234121 -0.114394545107746 -0.000156392929278355
0.0233071358349245 -0.58261272740431 -0.0225952039336113 0.147265211720965
-0.09044012659413 -0.4455286962044 -0.131318353302462 0.430233231930677
-0.310204704814297 -0.329000528706354 0.149278308380423 0.329647069881231
-0.425220949135645 -0.00592823794279044 0.141070962326508 -0.0464928127682138
-0.272104509199659 0.282726118852491 -0.0297004850273181 -0.080828060993615
-0.0616399201871107 0.301985290095394 -0.0843797242387827 0.112244413909362
0.0724389965242844 0.269672579160985 0.0377855588840689 0.23739933910271
0.183914743753852 0.213812820924655 0.184931571787307 0.23412238108501
0.184072489232983 0.170588453542827 0.243097903471206 0.188107087292488
0.151449616209944 0.201955836818118 0.225886834522258 0.203169603794546
0.0138854253467996 0.264486258085858 0.159344022629911 0.235701584964975
-0.125137806228487 0.225148993548881 0.0542087681917288 0.24467965942492
-0.262010334316787 0.133591540423883 -0.058242315148086 0.191988676232759
-0.274913576347157 -0.0850126306103786 -0.131532037233576 0.0655956241125565
-0.128191559972813 -0.30617257790512 -0.0650894390470028 0.0754130441498905
-0.00889731078218726 -0.431328964552325 -0.0287963558195127 0.314759961413252
-0.0941316708560608 -0.258907768834933 -0.149483278239009 0.588333940425222
-0.210382169932895 -0.161715641492519 0.181285019344758 0.442930494560383
-0.230611281430242 0.0283836528466761 0.162902451995857 0.0215391151127002
-0.110791151829549 0.148328646351999 -0.0113903761383255 -0.0355607243041026
-0.0301353624750719 0.134475955390502 -0.0783565581204876 0.15324753480175
0.0246722914951111 0.135067365451177 0.063025977001852 0.297399406242314
0.078744785976935 0.117457389614629 0.227576049291112 0.293842584311669
0.0749850906496455 0.0940144384420143 0.287863537742987 0.246040586346434
0.0526603055234993 0.107482340754692 0.25213892406868 0.258619132737957
-0.0212824081896102 0.123989828420816 0.150025230778262 0.282733377466319
-0.077001181392849 0.0800535060958139 0.0176673710250925 0.259575717608474
-0.0939694553186349 0.0272119576285719 -0.0674646771282157 0.167949506846465
-0.0959865597713166 -0.0271210349521679 -0.0938574858946094 0.072747169274318
-0.0675361062544047 -0.119084482998411 -0.0195605381824629 0.110820042842772
-0.044099263778368 -0.232235410229358 -0.016855361733824 0.41312781660585
0.0493868176632118 -0.033976085093041 -0.218428709757073 -0.392562022146342
-0.00109154146649042 -0.0675491309884116 -0.160984800062929 -0.141175681269624
-0.075110290216736 -0.0157006181375746 0.0160146059507857 -0.0799112545274521
-0.0425996499326992 0.0748888039434671 0.0129619585497825 -0.127190408227537
0.0374058842004411 0.0570068586431909 -0.066980452491825 -0.216152442246079
0.0528123313541494 0.0064315442465381 -0.225647029134162 -0.230643204905062
0.0489731305404887 -0.024804831986273 -0.32991411233116 -0.162814001751162
0.0458216682169958 -0.0217246265610158 -0.374905510976971 -0.114627065869056
0.0360976979376063 -0.0169120727832977 -0.349632360379782 -0.155575781026856
0.0262277189031637 0.00377673305135852 -0.217978271952248 -0.222396381855157
0.00756231900233826 0.024558507505381 -0.0412340312442904 -0.186677991084697
-0.0442686533731236 0.0222868008792355 -0.0298902372308847 -0.0238457448374007
-0.0275853882031143 -0.0613620626968362 -0.173811188034935 -0.0221643974517752
0.0831775963846702 -0.0626818077890565 -0.306189470869827 -0.314465532621369
0.110995294323923 0.0197341619851597 -0.10641351099076 -0.694362484199828
-0.0264973595727434 -0.207964824792231 -0.215772059122173 -0.379592305886167
-0.117836775769018 -0.171750917840778 -0.164161813642195 -0.138200416178219
-0.212992124506746 0.00121838973117672 -0.0123844171299411 -0.0858286698843486
-0.122646870877355 0.196999084545064 -0.0118814491750109 -0.108161351858276
0.0441263332906438 0.188323211175868 -0.0579889874189182 -0.179781401369246
0.126633619256443 0.111438815860459 -0.192857714280822 -0.198179933198297
0.17787832604574 0.0337223448340007 -0.283011799365991 -0.147666753381143
0.186962312236745 0.0198222265857779 -0.326276743013198 -0.114477342145274
0.187010856845727 0.0458051478044985 -0.306046755001269 -0.150898600947318
0.133093897886144 0.144037750317735 -0.183006552708034 -0.213139997330397
0.0239108160528503 0.203078530441811 -0.0225818918208374 -0.17507111104091
-0.159496554613619 0.213935328372295 -0.0368360581807575 -0.0115061932040181
-0.250555914758573 -0.0216522520251898 -0.206739536204299 -0.0312598934757458
-0.109589139626745 -0.220853881170655 -0.314804879890721 -0.302875605299658
-0.000928752540414357 -0.235742086546609 -0.116994135563055 -0.635302609969049
-0.107510022095827 -0.358427118377986 -0.203201309864477 -0.29954724922159
-0.241295038402773 -0.252373258979197 -0.139243243686158 -0.108009174090681
-0.340723119243043 0.0339300409656695 -0.0270956714802538 -0.100533874314736
-0.186983142428831 0.312446814918209 -0.0402311306780879 -0.104715870697006
0.0522749118572393 0.30444769655393 -0.0605812274318488 -0.134965176659781
0.189256042488829 0.203512977944467 -0.149754847924803 -0.140548029643846
0.284587380317346 0.0874086348136325 -0.198115475071274 -0.108996901702325
0.30002138190929 0.057052026029939 -0.226903400625538 -0.0960787545662438
0.308690090771534 0.102119265412321 -0.211025753028338 -0.123179002363089
0.218049073309476 0.265140481907716 -0.110954348511319 -0.167919465273838
0.0349670670576337 0.356722689055571 0.0125324315356546 -0.128240048128908
-0.257430897831985 0.379526339824351 -0.032349707140199 0.0233647667677831
-0.44467735776497 0.0204094326014249 -0.221406459426997 -0.0146131564267905
-0.287113094722969 -0.351326756203118 -0.296811546970851 -0.246057683748117
-0.109905633385623 -0.454003947564876 -0.0985464275151407 -0.491595643603822
-0.187533937487123 -0.464341744583049 -0.168697730258541 -0.159489723026066
-0.369296885486488 -0.297474459655086 -0.0767152598675923 -0.0481705236599017
-0.453030624435538 0.0869361215609651 -0.0209317480478196 -0.117958697796439
-0.224374137795193 0.424565670944262 -0.0676256539728561 -0.106949505291811
0.0703399741077491 0.398027965765602 -0.0663885989773204 -0.0760135664063055
0.237925992290817 0.271325683250242 -0.0918346660470663 -0.0597041862218607
0.355711428715863 0.127018875553999 -0.0836789897416439 -0.0515317271756284
0.367247979104002 0.0855448743935385 -0.0922577936252021 -0.0625733230455917
0.377739807360405 0.143026509849944 -0.079273806035269 -0.0775871836714957
0.264907322211247 0.3450832128143 -0.0116893081040967 -0.0948952882723186
0.0370556672086589 0.455418266176096 0.059012996813425 -0.0505987511289987
-0.317116504492531 0.487066136363217 -0.0187095223372057 0.0751207147110844
-0.567093780328175 0.0577040781557979 -0.209836225559569 0.0211624393322566
-0.409721034808165 -0.427125311523781 -0.244633236837608 -0.151861810327809
-0.193601345303518 -0.592100897790055 -0.0525097366931646 -0.285287519804901
-0.248006530061591 -0.511984979581259 -0.111130034369479 0.0289879995798402
-0.467467311660076 -0.301105198899965 0.0268390876197192 0.0379377437105469
-0.520585419634401 0.145189462174736 0.00571686951435877 -0.127088364801498
-0.228633140512397 0.494863706816956 -0.0862101128843244 -0.0990821712947519
0.089065338393138 0.439325550121236 -0.061886469932244 -0.000971797998157294
0.260935884940705 0.301119444092894 -0.0165713729717585 0.0348491050949593
0.377828102290246 0.147209403101375 0.0474341151109546 0.0155500491171063
0.378840598495094 0.0985333053768761 0.0547909845244015 -0.0197144807450033
0.383187212855973 0.160469830385338 0.0648432716271571 -0.0206408428170074
0.260646044511615 0.36769850446527 0.096845100059522 -0.0065283012105853
0.0276005640808609 0.472805275994268 0.107036349005414 0.0434471607133951
-0.320566665109835 0.496034211091766 0.000213625225288305 0.131328630014553
-0.577265561307452 0.0747293302018807 -0.176026412055272 0.0631749744125717
-0.440956276466914 -0.425824087412729 -0.165506461055021 -0.0466890280892854
-0.237127251528983 -0.625981869123529 0.00965816830364512 -0.0560353675143462
-0.27116619044628 -0.482597477612995 -0.0370058205455604 0.240854388861589
-0.486467703007378 -0.258972056532026 0.152979100408349 0.13928098221093
-0.503816731673338 0.17530892046454 0.0485849491240917 -0.116910872551329
-0.192659472783297 0.478324865408669 -0.0870646869369121 -0.0745998137901728
0.0910550303862874 0.407826301958981 -0.0450995785221191 0.0806680141539751
0.24371527701094 0.282308505094679 0.0684972167926069 0.129420913423666
0.34345804765771 0.143702637216143 0.176061334221483 0.0822751057239214
0.333381237861686 0.0974843324429055 0.193864246585227 0.0260097261015953
0.326138271794646 0.153448973060001 0.195673994126152 0.0374381131816756
0.207999891128132 0.327477046851576 0.187873133592594 0.0793746326170291
0.0040780402203229 0.398351375480833 0.139350949958799 0.131063168911879
-0.269956324910504 0.397978637873847 0.0138978723521807 0.173196976319498
-0.470092741015817 0.0620380011749804 -0.132012342140584 0.0947733540985335
-0.374301993729359 -0.353891377452142 -0.0820986113012659 0.0414086696870365
-0.234053295764241 -0.552189883271069 0.0743783352123584 0.151360589785507
-0.247350489190504 -0.376662221458311 0.0348428090306734 0.442014696961756
-0.409071096875974 -0.179568594513301 0.267511927865625 0.24358218948734
-0.386330426993278 0.161825154910372 0.0991668381072181 -0.0837784863594
-0.12771556731725 0.361703050033178 -0.0661757043368281 -0.0427353033650677
0.0682631387193552 0.296815743504409 -0.0223562238765639 0.14582812972161
0.178462986663387 0.215038434370542 0.142484449883557 0.204668514838395
0.253195371961049 0.119005665371467 0.279504648966839 0.138600505272003
0.237694995523835 0.08319032506501 0.304187934506938 0.0691863261059571
0.221761727492899 0.124738060509436 0.291553118817939 0.0894483803348938
0.124179857659445 0.238897167193309 0.241964253726036 0.148315766450453
-0.0224790245222369 0.261955723119747 0.143160073915959 0.193831331945861
-0.179165663562262 0.232385135924651 0.0159475907667287 0.187317618724074
-0.289625436183342 0.0341798336908411 -0.0893767488847436 0.106708386878246
-0.246859814173663 -0.228098423514612 -0.0139812389541412 0.0932719058442805
-0.199210797091809 -0.394758031673076 0.129934698754442 0.303948750947956
-0.176936073360646 -0.205567041465189 0.0914608812254415 0.597475415881235
-0.251073157218766 -0.0700111424630371 0.349715105363818 0.331842718414957
-0.196959808768332 0.116236880224949 0.154109607339472 -0.0399999297930859
-0.0378004789491413 0.176243490936646 -0.0290854412528303 -0.0211486120646548
0.0297540310062509 0.13332148382821 -0.00530688598787891 0.17726231591892
0.0797919688807578 0.111395733793076 0.187853384967592 0.247879453670358
0.117962383848792 0.0747499238389288 0.340271100644666 0.173570272304551
0.104473599680326 0.0554271619790811 0.369498954715934 0.101174264018891
0.0906097925292527 0.0780919982064376 0.340816421818074 0.127393976351787
0.0324938957519565 0.123268516263506 0.256677714142651 0.192412254424488
-0.0369157259045612 0.106244075511924 0.123040339910178 0.222940618283145
-0.0717192355789521 0.0645883043371689 0.00850333894985318 0.174352850179623
-0.0983083289988831 0.015705038670626 -0.0516960366460324 0.102890621815156
-0.111314530417517 -0.0791685579146873 0.0328122822566809 0.109996269156213
-0.144546890149468 -0.192792838717965 0.170595596327847 0.383752589699023
0.0509311548372898 -0.0367410890501351 -0.229839491211911 -0.394216791611286
-0.00322840218403932 -0.0729582271640555 -0.169164990026683 -0.143058359462041
-0.0800452246998398 -0.0141207326878304 0.011243136969891 -0.0849862959302452
-0.0430214154447049 0.0799626346659977 0.00734994817503937 -0.128993482197067
0.0410824953525985 0.0580904322046046 -0.074534007097274 -0.21760456063768
0.0548536272026265 0.00524324201466447 -0.237594430053937 -0.229845098257356
0.0516385455135375 -0.0272087092833135 -0.342648076282755 -0.158885853865258
0.0484137725646946 -0.0239500897519845 -0.386131816575617 -0.108813556055394
0.0385192151183321 -0.0175244279463266 -0.35998550186881 -0.152633564108657
0.0274891038430528 0.00446320963533035 -0.225476466989809 -0.224617650277001
0.00788236832692072 0.0263353997519098 -0.042077825207537 -0.191403553404582
-0.0462530611232799 0.0252052790432277 -0.0271947312303789 -0.0200222248557393
-0.0309136935959041 -0.0633814654340347 -0.17715150927927 -0.015450601142012
0.0839911699122428 -0.0672317776850576 -0.318755833303321 -0.316018185722514
0.115013069185793 0.0174735640878483 -0.122958038601253 -0.704647210052767
-0.0279396550171049 -0.212149716260477 -0.228096669132655 -0.378897407030173
-0.123577308569505 -0.177587877536433 -0.171791515178075 -0.139676323909941
-0.218033280225531 0.00522854113529197 -0.0181837199565332 -0.0898550443493537
-0.121098367971645 0.204895864142446 -0.017571825323631 -0.108123019372035
0.0508753729585689 0.191364793905597 -0.0644859313607735 -0.181400124753439
0.131907252030502 0.111160672044607 -0.202001271511708 -0.197370148020824
0.183802999353449 0.0296549013147225 -0.294028913654893 -0.145282546342957
0.19239247641897 0.014885740431429 -0.336341819100638 -0.109328102286079
0.194347182168372 0.0426164557969175 -0.315454090754965 -0.148619323575335
0.140889397514267 0.145521889822519 -0.190136496600064 -0.216078838452153
0.028569667381617 0.208124400549516 -0.0235088801919943 -0.179744618095812
-0.159058115849517 0.224019243335091 -0.0329619465731109 -0.00741678121004849
-0.256295861733531 -0.0188125107003785 -0.211615118952397 -0.0228935291891848
-0.115708930145672 -0.226422095110725 -0.329857975480671 -0.303448280518295
-0.00156991126544482 -0.239602110302674 -0.130081977728818 -0.64497681254764
-0.112742823076683 -0.362296182423421 -0.213061803071763 -0.299771669668485
-0.249341783317713 -0.257200387650846 -0.145439833404642 -0.109914827493621
-0.344808175765057 0.040296585605712 -0.0327078415691282 -0.103914480733177
-0.182567771448963 0.324607552559866 -0.0469881949578893 -0.103674159848274
0.0617127799219817 0.309395381428012 -0.0659216955070036 -0.135776630080817
0.197370494556212 0.204747678947373 -0.156214261373963 -0.138736066623538
0.293300829991197 0.0825505610792305 -0.206067304996468 -0.107322221693789
0.307711098593418 0.0508066659271622 -0.233793030387677 -0.092944409980799
0.319822649597225 0.0970229811881624 -0.218816979072934 -0.122260059518746
0.230995957265571 0.267899730317104 -0.115457839550434 -0.171801207060213
0.0434141696287156 0.365300659587077 0.012462816174528 -0.132620630715145
-0.253882755121171 0.395248408747686 -0.0277330400995602 0.0274150895398081
-0.453360727939653 0.0274303424264154 -0.226831725543796 -0.00352313958837797
-0.298361155914158 -0.356940034372166 -0.310014899364887 -0.243138692419937
-0.114710138402391 -0.459933606134526 -0.10881362706427 -0.499900661323216
-0.195318430729493 -0.470692640602949 -0.176388520155147 -0.15805693173993
-0.379535119647891 -0.300198349403525 -0.0793713260591187 -0.050365937507028
-0.457661835242589 0.0981945928856199 -0.0271287952773934 -0.121677230322575
-0.218651827619793 0.436326542001269 -0.0759664673513023 -0.105355825427484
0.0814232433414925 0.40355776627498 -0.0720218399554154 -0.0765173779703399
0.249808321049976 0.273334078087697 -0.0948981569551778 -0.0574431318542763
0.36592978890916 0.121924872137057 -0.0881055359915839 -0.0515311234795556
0.376433735302913 0.0781104003148991 -0.0958406412801874 -0.0617744762950359
0.390375563123221 0.135720060030896 -0.0835745381814456 -0.0779957566870295
0.280937683612166 0.348479849392313 -0.0123473654539988 -0.0995756826400525
0.0476793027711413 0.46615839335601 0.0612676617423368 -0.0544184360399078
-0.311416246304981 0.505509947051587 -0.0112848839856735 0.0788880157436762
-0.576984993816035 0.0679431696867868 -0.215340489840563 0.0338633234696924
-0.42635715970987 -0.4320416402534 -0.254187380299422 -0.147912045680019
-0.202001369973417 -0.599001554962153 -0.0579163787335107 -0.291786476824621
-0.258109298985944 -0.515369589088605 -0.114047367622058 0.0326130681853895
-0.478510489346543 -0.299456758575943 0.028467624233601 0.0353849560025325
-0.524296310151718 0.158103314048856 0.00074468235273589 -0.131732690318066
-0.219126464284993 0.507992969711946 -0.0955737520549888 -0.0976628360380317
0.101378848521239 0.446988528856821 -0.0672778645403642 0.000377660514751132
0.272083928830533 0.303030655158675 -0.0161468214831187 0.0384684464678911
0.388280470063814 0.140641927581589 0.047552795584875 0.0143664453177839
0.386556200785595 0.0926603105256547 0.0563894931935364 -0.0219233525240439
0.394508115797866 0.154562928283823 0.0651367181804643 -0.0237548452897729
0.277394903533811 0.370284379444925 0.0999782997701 -0.0110237116635766
0.0372729551637106 0.481783218724144 0.111142277873664 0.0409772523126866
-0.314939679831204 0.514579103010406 0.00980276342330214 0.13551531451259
-0.586302007100442 0.0862815008022517 -0.179096586666385 0.0756220119421611
-0.457949645416003 -0.428030482898954 -0.171060660246689 -0.0410442452653919
-0.246670987290681 -0.631979996628856 0.0101097949255045 -0.0592920797282516
-0.284511528760355 -0.487098715540858 -0.0345359745850057 0.245779257577143
-0.501143705921136 -0.256095272856411 0.160620052407504 0.137001533891377
-0.505593302830075 0.190489665564522 0.0444878705450029 -0.122012487501464
-0.183787662114845 0.491861637954639 -0.0963651584636967 -0.0737714098630566
0.103015681582649 0.414503645646596 -0.0489999980601581 0.0830755616979119
0.254295277432286 0.28484000613757 0.0723053992489088 0.133439909541128
0.352925784288689 0.138892366316799 0.180999127037378 0.0796259427080777
0.340416832077722 0.0920067284835796 0.19968264898555 0.0223027537823991
0.335404634006275 0.148069107226112 0.199903381097006 0.0333195791886074
0.221374067163914 0.33108851406108 0.195037569330291 0.0745876150839558
0.0123896691193136 0.405921578010372 0.14552781249252 0.12981573844608
-0.264723021533094 0.410427406130214 0.0242679673275752 0.177113613620064
-0.475876384938317 0.0708846073785872 -0.132917390650636 0.105526254811595
-0.386856660465063 -0.354664428582718 -0.0840566003627284 0.0480782638851257
-0.245700480730114 -0.556842187217627 0.0808364467521602 0.150485627412879
-0.257366549813029 -0.379561575914238 0.041997035904187 0.450559336237419
-0.419726523913374 -0.175361503719866 0.280885210350961 0.24143280055236
-0.387441832574317 0.173846402372774 0.0989549008698308 -0.0897034677991328
-0.120404705985656 0.370536674005767 -0.0745092522357993 -0.0428596448592699
0.0762311980301575 0.302180148698666 -0.0247775601727739 0.149842388118857
0.186646927990441 0.217043775309833 0.149075539687085 0.20966777101738
0.259726802045236 0.116217160401596 0.289254080905998 0.135422217845178
0.241012343666285 0.0794771437507869 0.313200124543218 0.0635795293122826
0.227440150451267 0.121231414650715 0.29918987063774 0.0839528917717281
0.132027609461764 0.241863900671167 0.252085400433499 0.144537610931432
-0.016768965173642 0.266551089592002 0.150949614431991 0.19288313369935
-0.175314749899724 0.239350312190482 0.0247887916587781 0.189285947561257
-0.291299717004831 0.0401476918306911 -0.0887165812736011 0.11544268865134
-0.253907194025292 -0.228509724756934 -0.0136874298324216 0.100193319548893
-0.208495508575754 -0.396928450442454 0.140279598802725 0.304089356357136
-0.185623069032863 -0.205606002356981 0.102721134034455 0.606996050303918
-0.257845818255605 -0.0647219747142168 0.367196814200557 0.330288936511047
-0.195290489956509 0.123843313521338 0.155878876079834 -0.0454390560325751
-0.033466301782377 0.179208403196769 -0.0355655678370084 -0.0229722110607531
0.0320319177401016 0.13564406842857 -0.00683635973962088 0.182247629206491
0.0838032319238598 0.112730965438951 0.196032365208719 0.252586185319138
0.120425518351763 0.0743026790599184 0.351856743048739 0.171117204799585
0.104952230975939 0.055106433235348 0.38072320579436 0.0946713313570422
0.0921891110639569 0.0772686265044456 0.350638878501061 0.121956903832502
0.0354978092623115 0.125499315450925 0.266840336960381 0.189131850594215
-0.0359512307399005 0.107527616795443 0.131733805627061 0.223054341435977
-0.0698572025765353 0.0641430886230804 0.0162250378219797 0.175992914987745
-0.0963333007961095 0.0183244737922242 -0.0498556107026492 0.108424795549981
-0.113340808453385 -0.0773824365068265 0.0348013611427389 0.11615474457183
-0.151091471160724 -0.191860217879118 0.183714322012985 0.38432222051455
0.051019319401327 -0.0413391279630444 -0.248555951526435 -0.384250523571104
-0.00751318589916504 -0.0771367597838237 -0.178765572429351 -0.13832045639564
-0.0842850823259462 -0.00957486313668755 0.00270660502934702 -0.0883116658201841
-0.0398810146206478 0.0856199195996733 -0.00236410317144459 -0.129259723170433
0.0462760803067652 0.0567696423698536 -0.0883798957312156 -0.213824685571706
0.0562497426525514 0.00211598573064657 -0.251958784324445 -0.218905074257399
0.0525279373127127 -0.0309217678753388 -0.355395730894194 -0.143815548284419
0.0497342329164994 -0.0277558783344417 -0.395965723048306 -0.0915998386699886
0.0405660550122349 -0.0186555207410859 -0.371698926720379 -0.137601880839021
0.0288208165574377 0.00399265506148853 -0.237650384677266 -0.218958117908124
0.00908434129669366 0.0288064363023839 -0.0479806360338585 -0.193927744703085
-0.0462865348232094 0.0297229503107673 -0.0243125288637615 -0.0162248321069443
-0.0359794562523028 -0.0642304555447378 -0.177981052057937 -0.00425598318187042
0.0818784317270256 -0.0741554457729821 -0.339095270353299 -0.302503603493136
0.118750984640825 0.0118902130921075 -0.15566732982934 -0.701957470209836
-0.0355449303997679 -0.213910423432919 -0.245036506430296 -0.37123129232118
-0.132652006291649 -0.17732646573897 -0.180664802646493 -0.134849608762641
-0.220429516358315 0.0160564358772638 -0.0265394496991032 -0.0919583148545725
-0.111742016786369 0.214104187000859 -0.0268773181331034 -0.106270286319252
0.0621715636913166 0.190889873268898 -0.0754669218838604 -0.178782756688083
0.139277851531782 0.106101073230181 -0.213861859165476 -0.18803009736404
0.188847057308133 0.0204356566663443 -0.305543419801731 -0.13233704385549
0.196217769338375 0.00439047745190899 -0.344996846220741 -0.0944124115289801
0.200786435349827 0.0332967876717437 -0.327194706689252 -0.136224023173692
0.151174813027234 0.141579862962448 -0.201221527494516 -0.212626606872772
0.0388337834182738 0.210668021587269 -0.0288054875422075 -0.182410420793761
-0.149649867575906 0.235581991834311 -0.0290721942249621 -0.00311520543379841
-0.260697748226671 -0.00987282105568816 -0.214481758008827 -0.00742557105369499
-0.126676600807728 -0.225784678031803 -0.348618357279272 -0.290451805164484
-0.0089031412515161 -0.241967607040517 -0.16067451279432 -0.642636893919506
-0.126905262956622 -0.361556130152909 -0.227937747765591 -0.290340575548203
-0.262284990334938 -0.252048127218602 -0.152473124407924 -0.106403972831682
-0.345138625417609 0.0569258213205677 -0.04142025218799 -0.105216936363895
-0.167353562632478 0.335290426735925 -0.0567444196398261 -0.100021350668935
0.078903931532798 0.309075276398369 -0.0762890174775957 -0.133401160707822
0.20982984899606 0.1980608319437 -0.164532817537084 -0.130867208492058
0.301520401908666 0.0677972988129593 -0.215213905164594 -0.0983078607113713
0.313211200414726 0.0356969081709034 -0.240553477342202 -0.0824844784886752
0.328871120240629 0.0817468021169023 -0.22713653652269 -0.113499694195128
0.24945091478542 0.26089124735943 -0.123959989793948 -0.171890037417172
0.0606345328089822 0.367670185478444 0.00908808485660216 -0.136115534256719
-0.236252481817666 0.412414090529502 -0.0207721117194959 0.0314101023668977
-0.456458580115551 0.0446988946433802 -0.229539122212159 0.0141721027963793
-0.31656819779279 -0.349736261906324 -0.327572233031992 -0.229943393987208
-0.132093675849963 -0.458065708887417 -0.13169248322708 -0.498802776315327
-0.214134964139746 -0.465102812845223 -0.184176181149893 -0.149902898429064
-0.395153676860008 -0.289207449280528 -0.0827708159374935 -0.0496536475076681
-0.453109460487281 0.11865109568756 -0.0366648488959685 -0.123691749576479
-0.197199129580764 0.448655706921516 -0.0866854013358824 -0.100513229667747
0.10176695321648 0.402928917251811 -0.0797611675668551 -0.0734663379936961
0.264390052427084 0.265635457083202 -0.0984644308832713 -0.051402345621811
0.375740347859615 0.103596421149177 -0.0926752594826369 -0.0478274174238805
0.383328606001864 0.0602113015956669 -0.0992760551112934 -0.0578883632532793
0.401167507208388 0.116622428698576 -0.0886199657135843 -0.0752323987587511
0.30369522391169 0.340015231750281 -0.015360452018143 -0.10304629280635
0.069633664296767 0.469515403523529 0.0610186426630749 -0.0592458360418256
-0.288404908758802 0.526851776330416 -0.00111211184665002 0.0812675475665428
-0.578265771744957 0.0925006816742623 -0.215326221689303 0.0527494176387757
-0.446574143497209 -0.41770972359235 -0.265694696146392 -0.135386867402403
-0.22529720807123 -0.593035168035824 -0.0704865579326899 -0.292035108682634
-0.279900145995068 -0.508986146515425 -0.11446399563989 0.0383319849211025
-0.493916673793395 -0.283195191158088 0.0315291516646348 0.031216400305083
-0.516001537107977 0.182749725379345 -0.00843837103055269 -0.135559991252992
-0.194204962521517 0.520915246869415 -0.106611371909282 -0.0921040469223048
0.124340787007083 0.445772267263352 -0.0724664299517777 0.00271082255967907
0.29043588890762 0.295218383888572 -0.0139395341613656 0.042044580679654
0.398755173906215 0.123061748107385 0.0478368324224009 0.0120294764282184
0.393942810196523 0.0739624137883251 0.0569422605723716 -0.0252428581819333
0.405346798572946 0.135100269733283 0.0644398719456121 -0.0273509056455651
0.300259461551007 0.361913704019064 0.102375330607624 -0.0198422008054053
0.0616901812005395 0.484735963608734 0.11568652018398 0.0340300012150874
-0.291223346639597 0.533859690289065 0.0226180407698646 0.135970637506306
-0.584905439835423 0.111525049777493 -0.176486146904498 0.0922299203242796
-0.479274745261491 -0.413230256362936 -0.175804833511464 -0.0295777914231058
-0.272151205518174 -0.624159958090812 0.00950487688666321 -0.0627184960546147
-0.306310834618769 -0.478127779272845 -0.0251464227397569 0.248441440185219
-0.515519076783804 -0.237203344454182 0.170269674953298 0.127592180270078
-0.49627052580533 0.214112379715569 0.0376313869713738 -0.128001220903714
-0.160207035176196 0.503408205584256 -0.107058951169338 -0.0688786622487522
0.123717938840462 0.413150316544408 -0.0508503237762014 0.0862040291969554
0.270931101637333 0.27699588727662 0.0799023888187863 0.133963600637474
0.362307565969635 0.123677375285393 0.186201788187079 0.0717818842125044
0.344603044299344 0.0771899955133299 0.203766938331523 0.012476424244596
0.344918190312532 0.131960310051749 0.20338725738412 0.0235323134221572
0.242051687673693 0.323885400095636 0.202208864792169 0.0628330357543802
0.0318756247493271 0.40974914799805 0.154134614991776 0.122244582673025
-0.244721909090596 0.426290642084478 0.0389129621611969 0.175633407950054
-0.474605098102225 0.0909051717306306 -0.128217139720332 0.11996780716948
-0.404414122412374 -0.341513008770686 -0.0836633004699498 0.0562670253812044
-0.267675345408322 -0.548237170575493 0.0902386886872329 0.144512976529623
-0.276178170928667 -0.369764864749994 0.0621236727470083 0.449290858473229
-0.429891117600313 -0.15824490190561 0.296983665075311 0.227046669321222
-0.37829645949845 0.194246084884458 0.0945570503647503 -0.0973717982760608
-0.101166225293961 0.37752125177678 -0.0830174846334848 -0.0397669187517016
0.0907579783614868 0.301639097214373 -0.0236294591144994 0.153065533067052
0.199205198229246 0.21096681558976 0.161435247670375 0.207786482929607
0.267409184528872 0.104806137576965 0.299039304858295 0.12212734098254
0.244157329846724 0.0698928380717232 0.321208903952069 0.0476897523598795
0.233229581449603 0.110126619218828 0.306356333821189 0.0698180644221363
0.14622157700623 0.237804167162105 0.262548293429262 0.131622422141484
-0.00459267008871466 0.268658465492858 0.16302646989436 0.185951762772718
-0.163128248364399 0.24725000973968 0.0387476781418263 0.187803472455302
-0.287617933582027 0.0525805402947241 -0.0831162548415544 0.125564828658374
-0.26434774872795 -0.218931773975007 -0.00965614127172048 0.106314870793178
-0.225353741693012 -0.388322614744754 0.157126673809069 0.296371084783753
-0.197234390608048 -0.198056846409428 0.129029604968581 0.605736976346506
-0.262388498953057 -0.0518530957993212 0.388464885059981 0.314072601170177
-0.187726673469994 0.134982861150093 0.154736637826013 -0.0557806746573724
-0.0234424879459167 0.18155165601979 -0.0420888249235879 -0.0220545465402051
0.0391558842313834 0.135589458067069 -0.00306594667535657 0.185075215388175
0.0903125177921374 0.110262106805274 0.209322890589521 0.248295674047096
0.123782854039393 0.0698633980436096 0.364847776581665 0.155529834887366
0.105721885327592 0.0517369508055035 0.390960079766391 0.0759505128174371
0.0934162528576653 0.0732708187301643 0.361198587391396 0.105706223719701
0.0411548947862491 0.124101544269849 0.279402556967368 0.176941802137478
-0.0311792094803717 0.108596749448427 0.144430979851942 0.216865275353097
-0.0652525582196542 0.0653522108575455 0.0287406042374429 0.174134489737147
-0.0922166519750376 0.0231350268126806 -0.0435839305772938 0.114036348755493
-0.115966653968277 -0.0716827208305906 0.0396455619402 0.11962200599244
-0.161334604818083 -0.183763269344118 0.20436215758805 0.375134030528093
0.0485231800674247 -0.0444951040622732 -0.260124903742012 -0.362138092175593
-0.0129720608458187 -0.0786179079882168 -0.183857602785294 -0.127344527950425
-0.0859556817197739 -0.00354084673336056 -0.00666449458855797 -0.088658582631182
-0.0347241434123573 0.089156062415021 -0.0134112415285394 -0.124357531911124
0.0500067112248108 0.0532113887988724 -0.100024860022823 -0.201789722161417
0.0562061423008997 -0.00123197377313205 -0.260851487772304 -0.199030534671392
0.0514927701150134 -0.0345258079516305 -0.358288225877542 -0.121328702041913
0.0489953113997622 -0.0313561642903693 -0.393649887786698 -0.0682259166664572
0.0414879520258836 -0.020587760025504 -0.372181752623877 -0.116036060613305
0.0295836403805776 0.00362872718386286 -0.244207525535732 -0.205562682743716
0.0107267115879056 0.029781854018898 -0.053505903205968 -0.190450270463801
-0.0449710074312463 0.0333695809841959 -0.0195601417520239 -0.011846669288716
-0.041180082719485 -0.0620558075985737 -0.172087627574055 0.00784686696631182
0.0763145636421566 -0.0793935402359565 -0.349843584705405 -0.277980930655647
0.118747025653213 0.00416101866804328 -0.186350814660413 -0.677320874238991
-0.0434439938400742 -0.208922592043611 -0.258291797771529 -0.347890443594203
-0.139878903114596 -0.170966648039352 -0.185823961266873 -0.124779665572738
-0.215228168657906 0.0270828559576472 -0.0351771485682734 -0.0906672421887453
-0.097398077998611 0.217154285207181 -0.0352821854404765 -0.100412940170597
0.0727186899725468 0.183767873785393 -0.0859656553728958 -0.168938499940804
0.143356113525376 0.0977135713166339 -0.220365300576422 -0.171920453608292
0.187406900459166 0.00860627156460034 -0.309103088246902 -0.113105995379444
0.193808955183371 -0.00719281437374653 -0.344086812398366 -0.074244448713339
0.200860805502849 0.0207473508531299 -0.32847897424403 -0.116633187170388
0.157759768628902 0.132079413422642 -0.208038783010952 -0.20116796297465
0.0492413101784995 0.207098428289922 -0.0348882079975701 -0.179863138071638
-0.134126750037562 0.240579632451186 -0.0228845328099 0.00113852970425298
-0.258600019614237 0.00245974768657744 -0.208815485690687 0.00883438063028824
-0.135359977358549 -0.217039204269871 -0.358730473338514 -0.266530884428765
-0.0171972092304808 -0.236887237745097 -0.189433234910489 -0.620848581519523
-0.138604308266803 -0.346741258405469 -0.236873354838642 -0.270334247482433
-0.269201607539566 -0.237482575830322 -0.15549936487471 -0.0986694012190071
-0.332089921761478 0.0716004161256932 -0.050090135051386 -0.10371597097323
-0.144743738951561 0.337953114408933 -0.0646540518361081 -0.092061106988428
0.0936357095550008 0.298241447776766 -0.0851212487539249 -0.125649470967092
0.217259273451661 0.184240013953239 -0.168915056010921 -0.118892481735399
0.299826923846964 0.0494475731100871 -0.21786023999894 -0.0848169882978367
0.30878763158808 0.0171728861373965 -0.240084337626284 -0.0679790483434259
0.328212157950717 0.060095396855994 -0.229578456200386 -0.0997097975202162
0.261059579212351 0.243523840473739 -0.129747680521289 -0.165646074383851
0.0785990849021081 0.359862140368249 0.00416470910866909 -0.136225364950408
-0.209313366742229 0.418151107196325 -0.0123990842138878 0.0335024301494705
-0.446405953379238 0.0654536889419309 -0.222883141372304 0.0326212043597716
-0.327690842816995 -0.328699065110151 -0.334684881062705 -0.208093761627028
-0.146473211015026 -0.440679293693098 -0.152830480415366 -0.48125188088895
-0.231668396622974 -0.443850646554663 -0.188352925091203 -0.13698461400055
-0.400793275582108 -0.266907886306718 -0.0837253884072045 -0.0482135423792499
-0.432706594620777 0.137213074804835 -0.045585511995646 -0.122512311435116
-0.167026935258463 0.449344030077359 -0.0945758924827278 -0.0912718977501957
0.12211045559738 0.390197533491451 -0.0869566870534453 -0.0673932552659312
0.274770151278564 0.248179351620993 -0.098955352118892 -0.0434954319667904
0.374593476741323 0.0820125843424938 -0.0939907896966142 -0.0421809925109238
0.377133245067045 0.0380275453783009 -0.100059648023631 -0.052146644325283
0.400284707484975 0.0912765581822297 -0.0905855764600529 -0.0696170354009633
0.319005825678736 0.317277721213292 -0.0199348536853255 -0.104383835278544
0.0928334497013846 0.457926204061223 0.0584810685888237 -0.06335388402755
-0.25294253586286 0.53212538622153 0.00915063935272359 0.0803647143057488
-0.562550426667013 0.116764747838199 -0.207080688445784 0.0701025440492137
-0.457895839631204 -0.390988973151798 -0.269061644557417 -0.116582354308443
-0.244137703186505 -0.569472391181619 -0.081896484972797 -0.283463899415583
-0.298002883186874 -0.483674244570711 -0.111290288895887 0.0423856798592221
-0.497361838179492 -0.256686285773338 0.0325551662844474 0.0240447325859681
-0.492172027275157 0.204113015494644 -0.0182073111824325 -0.135865665801941
-0.160786699591628 0.519737643036427 -0.114959347659499 -0.0824229127216216
0.14511065923543 0.42972517502763 -0.0768595531016284 0.00704406352733167
0.301392914158465 0.27621436538968 -0.0109456413943357 0.0441479173790655
0.39832583138699 0.099422164807142 0.0478424878035983 0.00927146925690072
0.387364203943402 0.0522141377524295 0.0552556044114135 -0.0286409524457508
0.404311974268225 0.109583762989051 0.0620110778775433 -0.0305348712809797
0.316541062157889 0.339737813934963 0.100585904396523 -0.0285573922987654
0.0848622481169541 0.473106270449065 0.116430130573968 0.0258919204039958
-0.255712810725937 0.538789904081973 0.0355603471360781 0.130837033560248
-0.566771793693149 0.135234090946454 -0.166854962866073 0.108509616175245
-0.488468216156409 -0.383153797689858 -0.1750530643365 -0.0169059126931291
-0.29223143238489 -0.595625629941499 0.00740994526290971 -0.0647061021814341
-0.321729682662128 -0.451036545614345 -0.0147509477206522 0.243337793691808
-0.515941362262381 -0.207554973112257 0.173577040861708 0.111519587059571
-0.469519472691815 0.234464163538915 0.027660741433697 -0.131297593325145
-0.128278424314188 0.49997068966254 -0.114313036793948 -0.0603502185546182
0.142691209176527 0.398749466989222 -0.0521689126547652 0.0874261094016143
0.281276439750898 0.259143218722561 0.085471403554488 0.129656706725241
0.361606550378083 0.101870433584596 0.186940070633728 0.0606611094680593
0.340653308002097 0.0588449561020804 0.202105353164042 0.000132314926700942
0.342797525506892 0.109391675050155 0.201512888295738 0.0114518264477108
0.255672909047147 0.304940533239298 0.202851043191992 0.0477651591609712
0.0513042915151749 0.39972220392259 0.159256385306144 0.110243049133437
-0.216178345033187 0.427268635068825 0.052750466537935 0.168162402816917
-0.457413806817126 0.109984444703295 -0.117993948633629 0.130477927667144
-0.410846247814091 -0.316511233226012 -0.0798748808758573 0.064237067354344
-0.284649548868468 -0.519947348213283 0.0964453734168781 0.13313938429418
-0.289118076682326 -0.347307706956586 0.080392633563365 0.434462224063928
-0.428568526580775 -0.134062514372468 0.304181488214334 0.20241204088182
-0.356874804012107 0.207482535103885 0.0864592102348197 -0.103731814418839
-0.0770714684280164 0.373420058847852 -0.0892135245322422 -0.0341291305142768
0.105203964243962 0.291001140252307 -0.0211233174131552 0.152097564600792
0.207709094161171 0.197572448482759 0.169123459408146 0.198111176587604
0.266700753659885 0.0891881538951384 0.300719424334953 0.104866069045771
0.240333169325353 0.0572853998517098 0.319175985523461 0.0292487560013126
0.231392607195753 0.0951955799588108 0.305044957697613 0.0515542304151706
0.156498348717452 0.225096355583968 0.265775056045384 0.112212926170857
0.00889993740135493 0.26308387437147 0.171230099119112 0.171687944039607
-0.145324453337681 0.247488444337086 0.0525980995429876 0.179330973178458
-0.27587112542164 0.064507918370758 -0.0730940115648061 0.132086906924763
-0.266690964611887 -0.201649493785829 -0.00438683367030009 0.109328045031124
-0.237448977940794 -0.366171357688842 0.169448332223832 0.277833001040038
-0.204119433677296 -0.182753632691981 0.152978793842119 0.583787253539585
-0.258757928716779 -0.0366268656382702 0.399211592216751 0.283292100022118
-0.174074581353973 0.141408106912105 0.149076125586707 -0.0654840912805005
-0.0118561885006898 0.177600616596432 -0.0477815477123208 -0.0200434065472251
0.0446085925884073 0.131645285884922 0.0012827779932408 0.183332853190011
0.0946631579111825 0.103556749148876 0.219163037880999 0.235798160095179
0.124820520065038 0.0628639840159144 0.368324748104983 0.133627611926434
0.104320125315234 0.0473819612570284 0.389447008944326 0.0527557105716872
0.0919382972315181 0.0671295614762712 0.360188761827534 0.083407159903134
0.0463812236465328 0.118710088442051 0.284522062280001 0.156193603126502
-0.0253640890793292 0.106745237202136 0.154427633015716 0.202879718953946
-0.0592634749452789 0.0640002307221617 0.0407953881325439 0.165463632227199
-0.0851542633125271 0.0276074700226365 -0.0347221889088084 0.116569013844622
-0.114820030298014 -0.0638490332072273 0.0453070550286081 0.119769308401441
-0.166987452964823 -0.168996564767634 0.219311251874169 0.35285808073082
0.0459122812869582 -0.0454096955182805 -0.258293815961944 -0.337429506490136
-0.0167019875589838 -0.0782909587861641 -0.18165052492644 -0.116786767430777
-0.0845918938524024 0.000571457634106289 -0.0136689489872678 -0.0865647222742743
-0.0304271164492446 0.0898333496965455 -0.0207918712562822 -0.116484217289918
0.0511278759518225 0.0496689241921774 -0.104093377666967 -0.186934608791401
0.0548502329791638 -0.00297683858402064 -0.257948075500035 -0.180650730966448
0.0495321487342414 -0.0363047779400537 -0.350238420327397 -0.104136115371275
0.0470904203256505 -0.0338738553574387 -0.381425570514383 -0.0516438109238674
0.0418811375032858 -0.02187776850229 -0.361647410033171 -0.100184125159538
0.0297908055785595 0.00395637842111907 -0.241250407818422 -0.192278558592658
0.0115298195531742 0.0303696189835798 -0.054331150045327 -0.184175639923004
-0.0430694978114325 0.0353674194513868 -0.0131873953681817 -0.00857639829000481
-0.044237999321514 -0.0591511129367754 -0.162331213392849 0.0152051820163788
0.0707077005653163 -0.0804078333678319 -0.346685644506644 -0.254760277873994
0.11553419748815 -0.0010285232854551 -0.196994149303607 -0.641413678157184
-0.045898207439408 -0.199432126891009 -0.255694319594535 -0.323798231381096
-0.140215176293592 -0.163807499709876 -0.182612104552267 -0.11512696780585
-0.205689784784529 0.0328386557065642 -0.0410979085442306 -0.0881604227515743
-0.086210769167614 0.213463647973182 -0.0409593534487036 -0.0920715276602599
0.0765182227358937 0.174403886120081 -0.0905650972220893 -0.156299683042012
0.141916068046596 0.0895607079297442 -0.218819816899734 -0.155841161055963
0.181633766173983 0.00105787766127165 -0.301303220265902 -0.0969792461598026
0.186770195176992 -0.0153002829209435 -0.333273686341562 -0.059441252752033
0.195548525259157 0.0124292875073255 -0.319130430958287 -0.101458159499284
0.158171906158491 0.123319950615908 -0.206565949791829 -0.190514111968741
0.0542305215578798 0.199633884934273 -0.0363821126888768 -0.174236853563981
-0.121282859861976 0.237019713575856 -0.0164455983532108 0.00326794033699874
-0.250133637432407 0.00913842166074864 -0.197927884825772 0.0191099260590111
-0.136093229839552 -0.207082870467717 -0.356059194852367 -0.24260968952942
-0.0200484133913813 -0.227811228101107 -0.196983675036162 -0.586934555406461
-0.140647005220113 -0.32844857541339 -0.234874323520214 -0.250895126843552
-0.2655087717145 -0.223664520158472 -0.154081624779003 -0.0928306284090132
-0.313730428914405 0.0783242213151493 -0.055781879370318 -0.100718402244859
-0.127862054278541 0.329376421926635 -0.0689141948687303 -0.082917740445327
0.100882963883717 0.283819866596683 -0.0890669198730976 -0.115390123079951
0.215953940580802 0.171307720991413 -0.166000644463762 -0.106289079546017
0.290527179063627 0.0372275695164029 -0.212435747520291 -0.0732714817062728
0.298272092468768 0.00591864479099151 -0.232634464813879 -0.0579216050092936
0.318267814865999 0.0452025547619121 -0.222424541501367 -0.0888229468464354
0.261387107516638 0.225990111452077 -0.130082798684249 -0.159119339809802
0.0869564824175215 0.345405589532622 0.00216553055520994 -0.132790937357588
-0.187376851581389 0.409401950883667 -0.00466954855888746 0.0332140216679813
-0.428740951010205 0.0744718514844073 -0.210304293284383 0.044898398170204
-0.322872851740893 -0.310230641511093 -0.329264468964863 -0.188199353048109
-0.14831581686963 -0.418119833554733 -0.158830726577293 -0.45775000929868
-0.229357558522535 -0.418442691220228 -0.185699369562821 -0.125418578125257
-0.391969326677215 -0.24897937827056 -0.0834015792568078 -0.0480354510431032
-0.408870863585856 0.142627923081378 -0.052218604091763 -0.119283258329111
-0.144243143015369 0.434997945252073 -0.0980654287662977 -0.0812552676120084
0.130216224384687 0.370402287905438 -0.0907543439513153 -0.0596062995295263
0.27294355187996 0.231400967160465 -0.0969355229264145 -0.0368984900444942
0.362138312558685 0.0660860225683287 -0.0921369994896429 -0.037151006725695
0.363570194234297 0.0251746183948058 -0.0967959217238728 -0.0475693051178818
0.386852861220282 0.0736230371252275 -0.0882954496339558 -0.0647488333795568
0.3202509694343 0.296523452011812 -0.0222490422671164 -0.104532034819352
0.103508863954189 0.438932040248107 0.0563119660725437 -0.0648449952864098
-0.225637160974776 0.519278224474619 0.0179972334905173 0.0765649886655421
-0.535684404365136 0.127731820055488 -0.193799407602417 0.0813195216714409
-0.449681340881519 -0.363257715396323 -0.263676196629392 -0.100661894561604
-0.243243607898045 -0.537016465714129 -0.0865257571689024 -0.270847970263261
-0.296401032886077 -0.453997486342554 -0.107864099075148 0.0433420135770637
-0.485918315429502 -0.234686488883061 0.0305903005974586 0.0170471885337885
-0.461380378803388 0.208690494358348 -0.0258674482993303 -0.133386434364604
-0.137606200658085 0.501304675790626 -0.118233533708513 -0.0728042442854825
0.15325646250375 0.408911749663713 -0.0811641250156847 0.011242609274988
0.299779369958768 0.257497782572898 -0.00960218411708233 0.0443018869266621
0.384994734412127 0.0825632223944897 0.0468705506567278 0.00731236766516566
0.373300957805551 0.0386167887943195 0.0538411137369883 -0.0303739791371043
0.390282977751602 0.0894914731281666 0.059878847143586 -0.0318010096175404
0.316380748328992 0.315980547616912 0.0962980916502997 -0.0350260032495511
0.0968151967303446 0.453475508367409 0.114701111671977 0.0188531750073676
-0.226402204827138 0.523856971929953 0.0438430450998232 0.122419473390606
-0.539805587780178 0.145612048392614 -0.153937165885098 0.116116429994088
-0.477705623442179 -0.355843877952467 -0.169727518437532 -0.00707115744911038
-0.291191395902158 -0.560307133375424 0.00541898020810219 -0.0647074419469286
-0.32038453944387 -0.422023483310712 -0.0102453000029268 0.232430484201914
-0.500392386176445 -0.187536862360064 0.169215487179877 0.0958397929784963
-0.439843025501326 0.237563933119873 0.0192533327327239 -0.130971593514059
-0.105494074306 0.481797371235019 -0.116878678745918 -0.0526240876262731
0.149691861760233 0.378708727479525 -0.054116256757356 0.087278133085974
0.280089367143982 0.24083849844248 0.0870762745187384 0.124354715365837
0.349701929332505 0.0862898289424867 0.182686306667943 0.05205909939468
0.327307598641894 0.047070674929156 0.19581111841794 -0.0077952515504939
0.330499461028814 0.0936765594123388 0.194689844642646 0.00386079714026614
0.256945326871424 0.284636404519848 0.197284545052475 0.0349293456807392
0.062880037356996 0.381801908478731 0.158099986332932 0.0991388657980746
-0.192246124049962 0.41575982734779 0.0604295368115525 0.157359445412339
-0.432825206543563 0.118085444013507 -0.106441568966589 0.135415746203134
-0.40080400665136 -0.293306579834522 -0.0751419867668163 0.0680745813083818
-0.283467022779084 -0.487436123151767 0.0963038036224968 0.121236342864614
-0.286610082229504 -0.322477055718581 0.0856265894810458 0.412309956472657
-0.416036242549364 -0.115641672884997 0.29868011002123 0.179522347688195
-0.33145739789384 0.209604247997781 0.0777194399763104 -0.106261193306976
-0.0602411120518047 0.359025689704712 -0.0923401966899265 -0.0287482138921256
0.109987503209781 0.276555173274076 -0.0220628259230032 0.148421275439139
0.206931513290778 0.184307222482012 0.169735791976895 0.187729214884648
0.257941480271031 0.0779065996909436 0.294292156610432 0.0907221070041521
0.231888564795752 0.0490527368417226 0.309085802729417 0.0162486109853399
0.222155422170133 0.0844986347483684 0.295483795041888 0.0385253944619886
0.15784563697924 0.210352667871785 0.259500188180247 0.0954837949573874
0.0169023854991626 0.251122560342645 0.17114544231972 0.157302609807991
-0.130426164806596 0.239425700558381 0.0598496732253655 0.1673999247221
-0.258521284934929 0.0688443229374339 -0.0635475786410776 0.133705534933029
-0.259385843757741 -0.186252559795883 -0.000577675050395075 0.109763424608934
-0.235659233335413 -0.339541182947284 0.170245917374246 0.257183741801169
-0.201840275082381 -0.167868737433722 0.158991189595436 0.554184760202787
-0.249265651985364 -0.0264033811599135 0.39318343127894 0.255772025983896
-0.159878309110069 0.140249773566878 0.140278393323775 -0.0712236151628519
-0.00464879861505263 0.16888189332075 -0.0508543859431073 -0.0177228834219735
0.0469247701797736 0.125219431270697 0.00248499513779381 0.178016991100833
0.094912583850488 0.0970994254574598 0.219328034589043 0.222456518788509
0.120891278817939 0.0571825845837133 0.359088447099328 0.11597910187957
0.10017881929437 0.0444611571837526 0.377313630878054 0.0367642627469073
0.086972263485921 0.0625116569003806 0.350395216854952 0.0673338895711916
0.047292815598397 0.111721760417692 0.279211601184111 0.13844141989028
-0.0213944921550223 0.101963745297037 0.156422443710292 0.187211344220412
-0.0540267788664878 0.0598070634289937 0.0474906968191904 0.154320161433736
-0.0763335034597521 0.0285155538448639 -0.0275774143884651 0.11503414329088
-0.109777805360748 -0.0571046403047572 0.048002056632136 0.117796251882983
-0.164231586039704 -0.153193401728253 0.22119554699057 0.327616581492381
0.0470285807276608 -0.0382489299838551 -0.227787326927825 -0.338590106181903
-0.0129526395316909 -0.0778780769513444 -0.171159113504524 -0.120450492680032
-0.0846706155292197 -0.00320239565995523 -0.0128857145231007 -0.0806316844204629
-0.0348009054984159 0.0873880456197665 -0.0167757755282525 -0.106859254023328
0.0458144179804327 0.052998781095468 -0.0899628509193198 -0.178346128071656
0.0527455947643314 0.00213093830729305 -0.238459726031673 -0.180247244230121
0.047649292231539 -0.034951104761553 -0.334123099255694 -0.112613670664382
0.048522461667568 -0.0334800877474232 -0.364797265799541 -0.0607075022045743
0.0414365083949928 -0.0213162523269139 -0.345556164304231 -0.107355134770675
0.0290682836374398 0.00535421362256652 -0.22624665821629 -0.193886686183134
0.0100326310450297 0.0313247681983059 -0.0429634774975436 -0.180340687580752
-0.0434607680399657 0.0343576610592648 -0.00956739303362124 -0.00731372523131781
-0.0452153202468627 -0.0596938607653759 -0.152307490650837 0.00678174762904604
0.0669086756992898 -0.082626358253068 -0.318025781198806 -0.258404127260105
0.107645014384965 -0.00443484518217161 -0.147027026552615 -0.616023972328737
-0.0300931396308438 -0.194343998219685 -0.232995327224644 -0.325208067254921
-0.125835542058356 -0.168564613563031 -0.175202569316736 -0.115757738082065
-0.202648298954422 0.019369430919062 -0.0381263076867588 -0.0790234626470261
-0.0934995340401694 0.200843132873788 -0.0341982273739426 -0.0787946265730453
0.0638428017418134 0.17347803311461 -0.0741008849213998 -0.147032478188003
0.133031894672967 0.0958209735038992 -0.197787821700515 -0.156038057203463
0.173467250654646 0.00820010875991894 -0.28346404338884 -0.106919837535842
0.184357679764739 -0.00703470351073687 -0.316018676238601 -0.0665878068601668
0.189088815791775 0.0181448754783868 -0.303445124858226 -0.105969040652072
0.150563948194963 0.125784045881461 -0.19368804001867 -0.188241200687863
0.0454311431109025 0.199659150800672 -0.0312528023851238 -0.166180471493027
-0.125374109705362 0.224497504618436 -0.02192906920771 0.00875238137903202
-0.248400230584776 -0.00333858727415464 -0.192373931402097 0.00606794027216696
-0.127624030459805 -0.213573123113285 -0.324836593749004 -0.252035168535782
-0.0143053467611682 -0.225588750015425 -0.144272241618976 -0.571409832851363
-0.11182729687681 -0.327564495897614 -0.22477353288541 -0.25293067899389
-0.242747074658915 -0.235365474996135 -0.150307953784859 -0.0900433512703397
-0.308945085416638 0.0543957792562372 -0.0503858735946511 -0.0876759375405635
-0.138474218933617 0.307321487765469 -0.0588982819010164 -0.0662787030075805
0.0803324575323651 0.279686151512658 -0.0710979314892042 -0.106640815639779
0.200720558045904 0.178209512296303 -0.146484246598261 -0.108268677080411
0.27694177714531 0.0492132809761028 -0.19560489384305 -0.0827461253850359
0.29219268386485 0.0197084413531722 -0.217820895102414 -0.0625234066411261
0.307954320799324 0.0550270170412819 -0.21057096869598 -0.0885638777338891
0.248568786216549 0.230400006843732 -0.121181432279403 -0.153624603956249
0.0721102709714147 0.343649847861367 -0.000353809948102812 -0.122458805416749
-0.195634166666806 0.38797201631771 -0.0194487887348112 0.0408239709534165
-0.423504038681877 0.0526098912054096 -0.209553151225344 0.0266925505661157
-0.303048253841973 -0.319671941509098 -0.302320829351237 -0.203369455874477
-0.130341168184911 -0.412593224449597 -0.111887477329137 -0.451228728161514
-0.190554255274403 -0.421200520495225 -0.191477657721648 -0.127448342360542
-0.361982025869307 -0.268160022704179 -0.0857625266170624 -0.041093560909029
-0.40307108134181 0.108672265138501 -0.0432688875145817 -0.101997750926761
-0.161025242344951 0.408257484145064 -0.0849430286685704 -0.0627157195744768
0.103863968915279 0.363649724601819 -0.0722003440125505 -0.0526143188626327
0.252911067422676 0.239077019600663 -0.080472498676721 -0.0395720536174038
0.34554795048603 0.0816780764814032 -0.0784047804182546 -0.0446122368413571
0.354903478157236 0.0434390649176547 -0.086047765386298 -0.0492953071712517
0.373652127862887 0.0854770142562457 -0.0812431892607806 -0.0606058063926524
0.304101848879836 0.301014128100984 -0.0201139077565995 -0.0970211216625437
0.0852770294337351 0.435864090054553 0.0461401498503563 -0.0532083822463949
-0.235509511050703 0.491313373886839 -0.00433981245948978 0.0850179499846902
-0.530437545121637 0.0982245845495912 -0.197889326609467 0.0618172900370516
-0.422410510859381 -0.374806724311278 -0.239765843977653 -0.120456015251214
-0.216760918245039 -0.526640842007326 -0.0516997847536067 -0.273586538226759
-0.251367984333683 -0.46166787665534 -0.130379292680504 0.040070513969431
-0.452925971946546 -0.261677554417043 0.0207847357725553 0.028997682450538
-0.457766249567108 0.168863828379387 -0.0149395360796145 -0.112610876205419
-0.155265533558371 0.470153441082256 -0.101916753002154 -0.0545976149954557
0.124893420609222 0.40202303356336 -0.0646919296285286 0.0155391415478227
0.278035992745423 0.263618325315909 0.000253546232818707 0.0411131814801086
0.36715241860582 0.10117367805196 0.0542288350323668 0.00257805660330373
0.364079989373401 0.058482605320518 0.0584247000641474 -0.028122479566298
0.375824350232026 0.102423134444744 0.0602667830296134 -0.0246701902515073
0.301174293935505 0.320832703674583 0.0915292968675949 -0.0265425324767374
0.078722819979353 0.448792123564958 0.0980190470256147 0.0293424698942267
-0.235898978858439 0.49425387571666 0.0174305705352314 0.129695776637264
-0.530056000252295 0.115276508893204 -0.162636811608144 0.0968877974301438
-0.44738409393827 -0.367077323532715 -0.155022819046657 -0.0265450498045344
-0.259982592115781 -0.546868971796671 0.0234004071484643 -0.0753395808968388
-0.277742828330016 -0.434559411443846 -0.0475114296602992 0.22811498456384
-0.472389757883519 -0.216533211815389 0.152177809945245 0.110684844324386
-0.439982887187064 0.199717238640675 0.0302773156861711 -0.108316938890759
-0.124178021195164 0.453004580358983 -0.102217018537849 -0.0374804310388447
0.122691557863145 0.372314838170758 -0.0442856737145397 0.0884623281298256
0.259648466883662 0.24681190448177 0.0875762993652503 0.121509410502182
0.33447919137418 0.102940294864106 0.183380938708898 0.051306839437836
0.317756263105474 0.0652217209648974 0.193792454735359 -0.00318222138014535
0.317975605140756 0.104687050652637 0.189248371190526 0.013020276791951
0.243689810262498 0.286533417742142 0.186591021882 0.0423929510021685
0.0473215472419367 0.378731681956902 0.138635664417321 0.104749022095078
-0.19793752177198 0.392540819029529 0.0359435484446727 0.15924370505901
-0.423725483249971 0.0947552564896623 -0.1160828690451 0.120002121826658
-0.3759555901004 -0.30111372887453 -0.0683303562432348 0.0536962578025998
-0.253484901304028 -0.474695613031401 0.0960530221012623 0.107141618396589
-0.252957482949374 -0.337011573806188 0.0377233033366011 0.406383349784117
-0.394080222415923 -0.142214860638719 0.274349224625282 0.194923029915532
-0.333131003264919 0.17946224909793 0.084678431339494 -0.0863318375445793
-0.0751786017812148 0.33747957616889 -0.0817595511930611 -0.0197380478156498
0.0912998515093865 0.271312078324906 -0.0202100380845273 0.146297149568616
0.19170849922524 0.18690535043971 0.161184473768379 0.186111300377988
0.247300664464449 0.0904575011127644 0.287035672745749 0.093338492742226
0.224353755348411 0.0629654035521961 0.300651641558663 0.0235913818577529
0.213024875334752 0.0925439915327709 0.284609178409224 0.0481374688151448
0.148071791344461 0.210941825548779 0.245781750208584 0.100995164228242
0.00796376355849372 0.246628184778448 0.15213340700489 0.157994958915091
-0.131048198466167 0.224291954810413 0.0416168241892028 0.164242854254885
-0.251024458137897 0.05504016878461 -0.0707417342150324 0.122526881332527
-0.241518127225988 -0.18936446194272 -0.00166164494544086 0.100957214782986
-0.211702531328349 -0.330337496128367 0.154051422778477 0.243153225039997
-0.180743904328187 -0.181562740878293 0.108375120743171 0.544931440270139
-0.239664822363664 -0.0457898938841516 0.364376955609092 0.266673772115519
-0.162733402552704 0.123608888250924 0.141526598841616 -0.0565794971996761
-0.012357418651383 0.159014722924184 -0.0469447851008235 -0.0152334027665549
0.0391163303209566 0.12179546155067 -0.00419519766766031 0.173613753408019
0.0875083246576683 0.0961399217423625 0.203092944922705 0.222467758885332
0.116069148282084 0.06377303946942 0.345772225219559 0.122668310912216
0.0955658093594663 0.0516859003834581 0.363638682341771 0.0456053062124199
0.0827180904558006 0.066776864276221 0.335435956773877 0.0750833360974863
0.0429688419644666 0.110520729060138 0.263286642659521 0.140156177256325
-0.0240064493466578 0.0978026183828292 0.141080331416785 0.182923708099686
-0.0521680799598139 0.0541267982601367 0.0378280297828885 0.147149442046841
-0.07138642368773 0.0245879798805913 -0.0315879954590982 0.109004598845572
-0.101592330750271 -0.0567852947966278 0.0420307172978698 0.115698338215986
-0.149446465694455 -0.147256313394687 0.192864387026822 0.315416022072626
0.0484005352413227 -0.0385340383882863 -0.215555477656675 -0.336056821710531
-0.0139367438855053 -0.0800275250492112 -0.166357086680753 -0.122062435129361
-0.0856996971262753 -0.00341029356981961 -0.0159546757099172 -0.0805813329191286
-0.0352820175520284 0.0889314185798643 -0.0186699141589363 -0.102476259344001
0.0460255658929914 0.0527951600242403 -0.0872599466140927 -0.172876737155648
0.0530582212914223 0.00244670795569041 -0.233231578104485 -0.17711598658783
0.047798933327706 -0.0350627935791573 -0.330399584506408 -0.112693992273417
0.0484791142376819 -0.0343824957121713 -0.360098630679725 -0.0634500728551114
0.0433939261905132 -0.0219767852846324 -0.339445294440745 -0.111033477524388
0.0302547848504454 0.00705099442232451 -0.22040398236794 -0.197657113605859
0.0102770573480362 0.0328918991996238 -0.037258005922322 -0.181906017119588
-0.0441139049958399 0.035742068129751 -0.00380720567634776 -0.00584150144921678
-0.0467418547028161 -0.0594112957547404 -0.147493372633062 0.00685314951559065
0.0671343578288847 -0.0830755762236709 -0.311765617788451 -0.257295675007666
0.106776115430371 -0.00446605085053962 -0.133269526482651 -0.60701669156827
-0.0239412838520467 -0.192862752029681 -0.222194035183609 -0.321115990245998
-0.123614793077932 -0.171881943151917 -0.171113163200831 -0.118401942470276
-0.199328325215192 0.0157072828606692 -0.0414908825083676 -0.0805250401444962
-0.0938921194862671 0.19910934372088 -0.0364180245690973 -0.074258483706126
0.0617257857071145 0.172183680174687 -0.0726304513437722 -0.141883492769692
0.131618895309066 0.0968926751922709 -0.193128958859264 -0.153561213589444
0.171630614846846 0.00922907301133734 -0.27959335660235 -0.107420473118271
0.182444641100646 -0.00674419095757342 -0.311070876113684 -0.0691219171989968
0.18850980618549 0.0181097311149268 -0.298404468066823 -0.108444281616451
0.149277836774551 0.127372343957202 -0.189315690063737 -0.191720119290487
0.0430741199678745 0.199518530661804 -0.0257671066132252 -0.166800592889289
-0.12624084300286 0.222877287067074 -0.0157790774556803 0.00869124460963957
-0.24729441234798 -0.00683179786226048 -0.186388363044867 0.00687844383249388
-0.122239163433823 -0.216089255321214 -0.318326926934978 -0.251301325138349
-0.00701956920647229 -0.223552800921122 -0.131581036706154 -0.564800800980175
-0.100137053091246 -0.323374634424896 -0.215861872662703 -0.251478291382226
-0.236195044169833 -0.239418451580588 -0.147923835353793 -0.0935189030310862
-0.303681876166948 0.0471629557187832 -0.0536156316360804 -0.0895987524504145
-0.13926159698165 0.301677053227896 -0.0612428137165841 -0.0625315056468517
0.0770104800137345 0.277455623804809 -0.0720898776627351 -0.101170119695642
0.197919029919189 0.179220659860844 -0.143054233134183 -0.105916401759097
0.273505875388081 0.0518360581001057 -0.192848269902479 -0.0833607338488643
0.289081189234714 0.0217410958323953 -0.213220770940535 -0.0650721498148821
0.303693293837385 0.0572617190908597 -0.205511045235952 -0.091294018930507
0.245111491283334 0.231850132989914 -0.118665313224787 -0.157252420707273
0.0668660017865244 0.342405209374287 0.00400884522898698 -0.123039473937596
-0.197136612232999 0.381099211844785 -0.014126849865592 0.0403843992094651
-0.420323862233458 0.0438900342654876 -0.203955723371328 0.0294048773314212
-0.293069239736851 -0.323191562512386 -0.295912547883067 -0.202609091893472
-0.116670447297765 -0.409203670965607 -0.101809862913524 -0.445235142759969
-0.176450306808132 -0.416337982178664 -0.187220488146476 -0.127872289254391
-0.352746048405116 -0.272697675555904 -0.0860452307806784 -0.0455545285922074
-0.397005407780251 0.0987262634425322 -0.0470023486169846 -0.104178625891842
-0.162669198437947 0.399490522474697 -0.0869469650211511 -0.0590294514089253
0.0980164239701306 0.361907349491475 -0.0754731100574122 -0.0478195557745223
0.248596099511189 0.240396021674019 -0.0789273657607535 -0.0373308213175485
0.34015592136593 0.0851417151677759 -0.0762082859220903 -0.0450570798320577
0.350231052219587 0.0468998143825538 -0.0834331623225762 -0.0513139383860983
0.367114802422651 0.0886084730836209 -0.0779553617043581 -0.0617320904664738
0.29808090932067 0.300968620891386 -0.0188735011583448 -0.0998135597903458
0.0785275037723928 0.4331607679693 0.0486479760797653 -0.054253053886319
-0.236564128818094 0.482616069173931 -0.000209866488749149 0.0823309071049134
-0.525534891706679 0.0865881204812486 -0.192445809739817 0.0642438851661647
-0.409269443060833 -0.37900907461037 -0.235757179328058 -0.119518064417281
-0.198063501863315 -0.521810235249491 -0.0460528919138496 -0.27249596668723
-0.236267538713878 -0.458206437831562 -0.131801374447425 0.0367656693539905
-0.44019985816174 -0.268665407382798 0.0172407137609505 0.0240384783008601
-0.451224245070814 0.156232598828746 -0.0187049409514686 -0.114629952377792
-0.158577046500396 0.460786705543779 -0.104546825125336 -0.052115300547085
0.118475507118592 0.399077170660142 -0.0701839879358644 0.019073607196278
0.273118748344431 0.26515206479464 0.000212112010991632 0.0439719873124048
0.361592522291079 0.104330624091451 0.0549190370203884 0.00286640969260175
0.357820035753142 0.0633024587743314 0.058652538560786 -0.0296562008872689
0.368540520533662 0.10733395017384 0.061869976878258 -0.0252208038996768
0.294275244320135 0.320005047541558 0.0898916090721751 -0.0293078852292911
0.0707462588342749 0.445802694761718 0.0986135270999721 0.0273581815112493
-0.237843176098647 0.484928997939811 0.0210311939864274 0.125817624300372
-0.524856634613941 0.103236956492764 -0.157785791907222 0.100120377682385
-0.432853205959749 -0.372827847348979 -0.153149444998551 -0.0242759045007817
-0.239609596162785 -0.541857277291401 0.0244157499873933 -0.0760141226372553
-0.26277383288952 -0.430651300305096 -0.0556128020569428 0.222713374355004
-0.461679686850309 -0.222182613105916 0.144962354694032 0.106836689065247
-0.433128264160067 0.186821995202428 0.0263589279245925 -0.111139594127354
-0.126613319672045 0.442315237103988 -0.105659479653506 -0.036042068309772
0.118049067912291 0.369963344809409 -0.0516624894508195 0.0911171945698266
0.254853195257207 0.24765975564445 0.0859547180967656 0.12410932303446
0.328915984462926 0.106922889593016 0.18212819297383 0.0514062345600218
0.312629317529175 0.0697780912896817 0.192287902395926 -0.00289669161308847
0.310062333973815 0.108440138905273 0.187830436462036 0.0137354316707949
0.236556883532289 0.286562656590016 0.183348771140153 0.0406627256289802
0.0411065412440811 0.372937532391092 0.137153401956783 0.10278436734233
-0.199124551839213 0.382543656579995 0.0372773774261639 0.155038905405251
-0.417115624019061 0.0842394407843013 -0.112304635931582 0.122362461991259
-0.363053102472984 -0.305118546646793 -0.0688275463816519 0.0560752561245261
-0.235608570685082 -0.468828701304877 0.0924137396082122 0.103808441432245
-0.240078844394891 -0.334564142195298 0.0240862023308423 0.401167216892178
-0.385886613965184 -0.146786896043131 0.265415660535209 0.191550159784809
-0.32841578307863 0.170395484942642 0.0809855318198667 -0.0888556071940654
-0.0771131341914676 0.330565209949597 -0.0853694069364607 -0.0196037867224735
0.0869044022724844 0.269141378474959 -0.0285789553850709 0.147845117940233
0.18779851543343 0.187074974026835 0.158453920351097 0.18861856915932
0.24279432582518 0.0930236517273048 0.284020478558571 0.0948199318439877
0.220473400105506 0.0670042911365883 0.29795611496723 0.024883637128503
0.206040486174087 0.0954636312304812 0.281839027935168 0.0492984674828846
0.142636907439201 0.209870424876739 0.240950659865895 0.0997271157008556
0.00375263821193669 0.2426403735476 0.149639943113688 0.154675485911885
-0.13114616413521 0.216270310529081 0.0423169985595687 0.159982305001244
-0.244857802752809 0.0478210054200369 -0.0683235079692451 0.124805702108256
-0.232478507246036 -0.191025340104426 -0.00255336972754966 0.103986543147264
-0.198845914215132 -0.32559687265841 0.147387127437538 0.238553820933715
-0.17530942996211 -0.179882007208719 0.0914025018647359 0.537667572178512
-0.235988669717274 -0.0474210980534931 0.354361570882539 0.264308427677291
-0.160194179241535 0.119205004473591 0.138682010890829 -0.058023931390538
-0.0132078888909622 0.154997736673667 -0.0504269535266761 -0.0159933088533074
0.0368485583473995 0.120669782884782 -0.0119689290550621 0.174324847612658
0.0855064071090778 0.0961990137109694 0.199194141630289 0.224876634505472
0.113827425178411 0.0650641882861745 0.342431920545198 0.125179186685989
0.0931512671164775 0.0541957283314554 0.359122513277316 0.0468822799669166
0.0776766597229813 0.0692583036027909 0.331176531696473 0.0771071024746725
0.0389968068355337 0.109092742855752 0.258437115211291 0.139261309097156
-0.0260486233990014 0.093856134156101 0.138086846442095 0.1786801968892
-0.0513616903603497 0.049059062709152 0.0378204045599848 0.142226136326078
-0.06638409234052 0.0217319107714191 -0.0300146559637727 0.109735429307718
-0.0971184669949706 -0.056531427852751 0.0405626965636448 0.118693230666165
-0.143071455876054 -0.143873347940219 0.184470631921203 0.310231827694579
0.0500663943166538 -0.0400511780402723 -0.209149979215548 -0.340670884885421
-0.0159739334874852 -0.0850820703232416 -0.166826932157995 -0.126733172224785
-0.0888628935660285 -0.00316619148128119 -0.0197504031765548 -0.0823857967904715
-0.0363899679445647 0.0938190714616663 -0.0221208766332627 -0.10004450184773
0.0470810610067994 0.0545639959371819 -0.0872658868220169 -0.17100670989531
0.0547484466034371 0.00326826971751271 -0.235536810701917 -0.177658429658983
0.0494363694059214 -0.0363060589026556 -0.33581559565951 -0.114336057779297
0.0501639327383639 -0.0366049038302068 -0.364581246852668 -0.0663146166591235
0.0462274465398796 -0.0239988279407112 -0.34341699443748 -0.116054819057949
0.0328609701031248 0.00785061140115153 -0.221953625897206 -0.205151525600435
0.0110553198182141 0.0352907857427895 -0.0327336116441052 -0.187831766369945
-0.0453646072639955 0.0386842740709795 0.00230596351663451 -0.00582601772839639
-0.0496222732853127 -0.0603772233765282 -0.146766521879551 0.00703917122071743
0.06802130677739 -0.086215714028741 -0.314436001048296 -0.26184635226231
0.108954189473083 -0.00522499670593675 -0.12470912323203 -0.615314723679911
-0.018710768410074 -0.195925224886313 -0.217118500973627 -0.32698935831983
-0.12470165517966 -0.179280167847184 -0.172835282587511 -0.123418874700218
-0.203013679624692 0.0132614874426528 -0.0462876871494521 -0.0834313394279464
-0.0964248376250113 0.203414615958391 -0.0399325060455796 -0.0715079671628226
0.0626427714164403 0.176159712248041 -0.0737070578741977 -0.139226251758271
0.134267608686626 0.0997220427478642 -0.194202976671686 -0.154182826095116
0.175310169698732 0.0102623854550494 -0.283595264557279 -0.109503201166993
0.186126512389599 -0.00689999364613643 -0.314314151309333 -0.0730759011776038
0.192488902756674 0.0186020583078738 -0.300585699906055 -0.113671971498882
0.15313875257021 0.131172469276574 -0.190287961753451 -0.199939945660756
0.0423479137570767 0.20485618136915 -0.0215507834248051 -0.172732293234706
-0.130131754752829 0.226158623034175 -0.0100261408437786 0.00971452305854912
-0.252908756047521 -0.0101434203907721 -0.186070295028858 0.00899294894187731
-0.12093624013702 -0.223979147463566 -0.321156290197839 -0.255735872524013
-0.000527419098888187 -0.228810233616477 -0.123781023703018 -0.571051705736376
-0.0930825990687027 -0.328412863718776 -0.213959433205669 -0.25560957183668
-0.236805071900513 -0.248795130189826 -0.150606098016048 -0.0990984068714588
-0.306844708953913 0.0417881223509364 -0.0601455090606464 -0.0938029184655475
-0.143138620660347 0.304973315897066 -0.0648778568092631 -0.0593624934285586
0.0761994793067914 0.283553428153208 -0.0743655371230151 -0.0980159080833554
0.20060424866198 0.184693485781824 -0.143213841329712 -0.105955567444746
0.277563496921806 0.0551452073941135 -0.194188490632526 -0.0854426796874481
0.293350357299389 0.0238577970544285 -0.215567331394763 -0.0687616228504238
0.307815701290231 0.0594979503739028 -0.206415200412612 -0.0955637642663662
0.2493431967423 0.237200707946659 -0.119328495314254 -0.163744729849909
0.0651928708441539 0.350084549053709 0.0084305516830406 -0.12798001065466
-0.202776119888673 0.387035218505289 -0.00868835934965218 0.040312150079289
-0.429123161877043 0.0386225699406929 -0.203006258189558 0.0324673684180738
-0.292174453261299 -0.334358363552883 -0.297885948082948 -0.206120063156544
-0.107389874485258 -0.416984218286533 -0.0962726970798353 -0.452904548892931
-0.16893073235677 -0.422375553769587 -0.187849109406583 -0.131588126146203
-0.353091774970536 -0.283802968752375 -0.0901457240503377 -0.0502833072093114
-0.399372714047474 0.0928415211678722 -0.053801759290963 -0.109479592744937
-0.167301582042946 0.402695189434896 -0.0916162533260153 -0.0566672742977539
0.0967817720900122 0.367862893986583 -0.0799921941620371 -0.0440684055120285
0.252320548237984 0.246486933094967 -0.078611218190609 -0.0359257177235582
0.345131756335113 0.088851975203717 -0.0761873628842023 -0.0467258481991878
0.354432007548198 0.0506487521277236 -0.0836444570674547 -0.0545080533734382
0.370574524935198 0.0922763263373843 -0.0766484764775733 -0.0651982287683468
0.300812315577214 0.308253127638182 -0.0193393390239705 -0.105333309862705
0.0746060270603633 0.442725437805205 0.0528363308739129 -0.0573328883127526
-0.244696911028684 0.48761694460914 0.00451172309763743 0.0821444659894241
-0.533955963170526 0.0810164785766426 -0.191020741226704 0.0692813529358061
-0.407004362372444 -0.394463278701693 -0.238803594406129 -0.12049036648144
-0.186723030366251 -0.532595552762538 -0.0420776550632806 -0.276908106543241
-0.227271764435162 -0.463900447769412 -0.136698001822697 0.0359631604775843
-0.444104406140285 -0.279727406413028 0.012892610909198 0.020855050107981
-0.455351866322968 0.150057546118658 -0.0241625946946711 -0.120264471242436
-0.163342043942772 0.463901151302739 -0.110083369326064 -0.0505896694643624
0.115846534473513 0.406921673687583 -0.0766594811032424 0.0247121420344228
0.276863378645677 0.273080321685821 0.000943286602986423 0.0477897614556624
0.365456452797834 0.109878788897405 0.0571317449400928 0.00216219333623696
0.36260888742564 0.0679623037079142 0.0603254372544034 -0.0321003530693382
0.370328522999316 0.11150253797553 0.0644913632672953 -0.0264877905854511
0.29639487518342 0.327947144989187 0.091092347395333 -0.0326945430059408
0.0670046756640053 0.453379873448906 0.102418331957381 0.0262614984820986
-0.24402370005025 0.488721956723533 0.0248915131251014 0.125135747769275
-0.532978708960223 0.0951291049396396 -0.15589338366522 0.10611069809675
-0.431418512381694 -0.387178716940429 -0.155532323369095 -0.0223578409961482
-0.227561995609546 -0.551769938582615 0.0255547440733153 -0.0791837428476314
-0.256717614822366 -0.43728776773773 -0.0636800136201263 0.225122970875223
-0.464043575559547 -0.230834273416319 0.141628317806877 0.105682389345363
-0.437638591378863 0.18166812437369 0.0214305310918699 -0.115990556508246
-0.132086852006216 0.44406682131629 -0.111787053765431 -0.0352369666305911
0.115672928190318 0.376359707223007 -0.0592588112158729 0.0972865577536134
0.257540977336499 0.254976413341711 0.0877670550102284 0.130042151739348
0.333092729109005 0.111639074875658 0.186166336429508 0.0528176704229525
0.316705770630222 0.0747492357840197 0.19531754613888 -0.00416129536196439
0.311285862668211 0.114709229085064 0.192377654881921 0.0141329328406492
0.236892569439033 0.293566857004803 0.185154905980623 0.0393457620550446
0.037219678954983 0.379975112808886 0.140475035177406 0.102850738541832
-0.204680724961442 0.384687271973051 0.0409626507080498 0.154531607909778
-0.422118404631883 0.0776564242754907 -0.11042209714427 0.128873251012299
-0.359297658071608 -0.315799674969955 -0.0700003421211805 0.0601569798458504
-0.225110189859314 -0.476287652457377 0.0911721650169187 0.102974595610814
-0.237104334936031 -0.339918716892921 0.0127114471460622 0.405514909439448
-0.389084390377896 -0.153110616249682 0.262784323210512 0.192955100066909
-0.332799777217121 0.166860413427111 0.0785169729967821 -0.0931614494739145
-0.0799077786331202 0.330555554168078 -0.0911797856587949 -0.0191842022602081
0.085597090426437 0.274833083664939 -0.0364614798355535 0.154881826230897
0.189524031525171 0.191879936684849 0.15943785986887 0.195625052723661
0.244991948532284 0.097154721719565 0.289586422152722 0.0977930683635088
0.222839933154011 0.07167252165707 0.302630045830977 0.0252995432240339
0.2059207106225 0.100919716994036 0.286626631533696 0.0512949885015481
0.141203411251971 0.214250154560109 0.243637825291137 0.0999612304294253
-0.000269692789861899 0.245768974463622 0.152222335625096 0.155673318729763
-0.134521897401843 0.214949411204752 0.0448964681755598 0.158742437155036
-0.245019144534439 0.0430181944783048 -0.0666769908054879 0.12993520415771
-0.22987574399904 -0.197079190580834 -0.00300965464665319 0.10981961636727
-0.192357274275784 -0.32940127503684 0.144888676604188 0.239728732820341
-0.175365015265421 -0.182683826321287 0.0798950906300459 0.545085153444698
-0.237632651200571 -0.0496316973393137 0.353741581547152 0.268537762774705
-0.161542435820412 0.118679855122921 0.138406331271062 -0.0610106030228834
-0.0138085111389649 0.154162991694066 -0.0555806941548489 -0.0167642135318065
0.0360506951016091 0.122755029222959 -0.0194687998191866 0.180410291638692
0.0857285028137977 0.0978747807495831 0.200463615886455 0.23323925211135
0.114206183705353 0.0671791023680636 0.347721406944539 0.128718267978735
0.0940398312972109 0.057618038995076 0.364081799457072 0.0488937962290679
0.0759528584897391 0.0736590615535704 0.335303828864098 0.0790930945688166
0.0357049567874308 0.111082205668215 0.261901347027007 0.141583998688534
-0.0290249049745787 0.0928780596370298 0.139751505500354 0.178883960324325
-0.0524026058959537 0.0450010276404669 0.0398950479953106 0.141244869946628
-0.0636369176145107 0.0193426187949652 -0.0283440399232387 0.114093320329613
-0.0951602850048921 -0.0571908577285042 0.040887080831981 0.12499879989898
-0.141224012751588 -0.144358310742773 0.18175007306579 0.312862707268508
0.0517818528345134 -0.0443828855006403 -0.21389294307434 -0.348277792221336
-0.0209551039819145 -0.0903497703832658 -0.172992260795376 -0.130085468728374
-0.0936492512146809 -0.00144913535978584 -0.0261963110850751 -0.0862492828935059
-0.0354685910492301 0.100626101169974 -0.0278793424183447 -0.0986625570372648
0.0505392584844336 0.0561511848127135 -0.0926987440422488 -0.16976593904749
0.0580201026020521 0.00288809753212135 -0.244603707743095 -0.175570396900795
0.0510573262745289 -0.0390557982663812 -0.348185294922635 -0.109024420491219
0.0517273273380082 -0.0406909423480485 -0.376467942318607 -0.062069679608821
0.0492166095697411 -0.0277420193594543 -0.356631062131042 -0.116009110708011
0.0360268041829605 0.00779325969705821 -0.231719221103923 -0.212256725599421
0.013009564793417 0.0380888870299831 -0.0335130481021968 -0.197524804769745
-0.0461706533700505 0.0433295600789181 0.00796396262737852 -0.00493623531575273
-0.0544754127768298 -0.0611423352353177 -0.148122964853792 0.0107253772653261
0.0677061658852823 -0.0924788712758091 -0.327270526301861 -0.262031008357225
0.11216309063907 -0.00868765455000387 -0.131094234965405 -0.629894109625074
-0.017877236828199 -0.203127767912358 -0.223140062429942 -0.334016199542514
-0.13293739681987 -0.18686778624569 -0.180100720931036 -0.126626111585215
-0.209761707087485 0.0154760163621212 -0.0545848123379806 -0.0862591068284598
-0.0951779099515857 0.213202920821563 -0.0452648718226624 -0.0687187401134012
0.0681725804623363 0.181739458109117 -0.0785639321831608 -0.137039008358503
0.141367466404984 0.101616059341627 -0.200971075342706 -0.152073120133122
0.181715403559653 0.00726064809842228 -0.293869670823163 -0.106434297279472
0.192113025255176 -0.0117243837382775 -0.324933484619949 -0.0710501846098041
0.199852959288709 0.014486668640836 -0.31100038754839 -0.114500220067924
0.162594356632259 0.133299635312834 -0.19950866345197 -0.207032195222195
0.0471022924536073 0.212558423033209 -0.0206991130115342 -0.181334724562322
-0.130791590761125 0.237828097883295 -0.00462005291391303 0.00982788752226443
-0.263327559152831 -0.00824132883463079 -0.188071913392925 0.0145817131365656
-0.127218442558957 -0.233880320770505 -0.335907537474359 -0.257837680207072
0.000410153492546791 -0.237851463902933 -0.132347390308307 -0.586224695936501
-0.0938731348208392 -0.337684579190869 -0.220894203433161 -0.260734455204112
-0.247440584667432 -0.257460865210267 -0.158326168646573 -0.102586568417717
-0.314567296849857 0.0445215193819468 -0.0700955278846223 -0.0973204065142397
-0.142324589333151 0.317338400483824 -0.071027855662436 -0.0556853367033606
0.0834275397292653 0.29156300001286 -0.0797597708525539 -0.0942843594473863
0.211704993332882 0.188275741508653 -0.147482437194929 -0.103858238599905
0.288178683749094 0.051584375676463 -0.201111805578757 -0.0846664169489992
0.303225817860114 0.0184115095359518 -0.223139307317206 -0.0690975076878392
0.319012969058554 0.0558786934034974 -0.212847090532856 -0.0971799013918805
0.262319202563557 0.242410955507951 -0.126563681976517 -0.171339903101698
0.07182946298226 0.362307665249297 0.0104156051938312 -0.135478336315024
-0.20304326116187 0.402860234183997 -0.00283562468477037 0.0402770611572253
-0.442717714873346 0.0442347810401532 -0.204671501372447 0.0407148263472535
-0.304793456128251 -0.346990033966436 -0.311784471408882 -0.204910778081683
-0.108586548952785 -0.42986171621637 -0.101427292854931 -0.465429024502998
-0.170858293455589 -0.43237418527042 -0.195213873404699 -0.132719461201602
-0.367241369749093 -0.292702292361588 -0.0965559786957863 -0.0534313250359771
-0.409187531147651 0.0949820702180727 -0.0647147108933172 -0.113914710722579
-0.166829470955615 0.416303676613399 -0.0991711507648755 -0.0526239817142478
0.105965779135988 0.379220390654192 -0.085816377760838 -0.0370103940470273
0.265454234471594 0.2521340475713 -0.0794353562505882 -0.0327941447276972
0.357448937935211 0.0875221028646809 -0.078449918521161 -0.0476111205289411
0.366987445134664 0.0458015921541698 -0.086965435611798 -0.0570816484936472
0.383552517246896 0.0901857777605098 -0.0784718036706104 -0.0679446000742861
0.317228461497304 0.31467468097095 -0.0227069726336475 -0.111994710287886
0.0828600554194809 0.45688473866796 0.0567716089796231 -0.0639016923583405
-0.24568581667695 0.506520189029261 0.0116305730346225 0.0823383146591365
-0.551147168639749 0.0876414605358546 -0.190820449366395 0.0788290669292456
-0.423467509085391 -0.408634799196292 -0.249148001716486 -0.116688318463944
-0.189539020431635 -0.548220257577098 -0.0451241363821617 -0.286142369861557
-0.233218113302776 -0.473347187812229 -0.143024707459944 0.0393698720890477
-0.458767600883231 -0.284722620259975 0.00921463079211811 0.0189825930276985
-0.466116354276089 0.155307844827896 -0.0353101687350998 -0.126447491783197
-0.162151924204875 0.477835098096206 -0.11871728994452 -0.0463989129445972
0.125701763266016 0.418682845772779 -0.0830706996586048 0.0333508358166511
0.290307488915967 0.278663738259928 0.00333628509309277 0.0521720523496774
0.379232486378053 0.108232970976292 0.0598556900014488 -0.000349568453166829
0.375658862569994 0.0650920746540002 0.0619736874609628 -0.0360660692285795
0.383814240139702 0.111098368576126 0.0678369127643624 -0.0305691141310992
0.311845347710381 0.336102898565455 0.0926090817070622 -0.038485078153977
0.0745458204016891 0.469279064544329 0.108639768474476 0.022002653867595
-0.244572455942045 0.5056393765044 0.0323635917990249 0.125820731120925
-0.5496962603896 0.10262294449609 -0.153801327428695 0.116973135178466
-0.44774457274472 -0.399753605604517 -0.160973115960059 -0.0170574193634653
-0.231032663309012 -0.566539549040835 0.0248440042478559 -0.0842860856023686
-0.26391701419669 -0.446057646568934 -0.0680134254971969 0.233345447048441
-0.479345594628762 -0.234565989683888 0.142256104846511 0.104737542919417
-0.445193702308612 0.189607983559489 0.0135378481026881 -0.123068809409317
-0.128617249444905 0.458014513703731 -0.12074379517879 -0.0320444337550881
0.124487806070887 0.387570235105138 -0.0660049678841417 0.108418988519748
0.270908978036188 0.259176048130919 0.0938638630529368 0.135634412347665
0.345185651657122 0.111570276647848 0.194017109429877 0.0496842037902357
0.328077357633133 0.0733359720613111 0.202236915464578 -0.0089427895550837
0.321351846936558 0.116016504896173 0.200049611209609 0.00932884442353776
0.248738551599633 0.300186999295793 0.190895347920526 0.035125539097489
0.0408856471041542 0.391850635609077 0.148196274327867 0.10057672238175
-0.204632317056763 0.395713080303654 0.0489481014549632 0.155526198219146
-0.432616310593476 0.0818630108540889 -0.10728410678398 0.139765613200942
-0.371242082931755 -0.324631337471907 -0.0712889469987838 0.067213717192268
-0.229650348670922 -0.48802958814556 0.0940902652656803 0.102528922707285
-0.244515904125993 -0.345401187516683 0.0117881656804213 0.41898714852895
-0.401617889996213 -0.153107657414481 0.268406474106814 0.193091563540469
-0.337632204562233 0.173700519253738 0.0744492063512788 -0.0999839845623628
-0.0773432819251684 0.339052281686656 -0.0993988485257949 -0.017303868439989
0.0916467813424158 0.281413859965872 -0.0414204445017575 0.165970618761201
0.19826623645469 0.195146080735604 0.168752380350402 0.202865217340888
0.254432343385049 0.0970795619129679 0.30171108540017 0.0945486276890561
0.230875114380494 0.071721317255941 0.312321234339024 0.0191861778955601
0.212371732870458 0.104433176814871 0.297340869049838 0.0472961751573331
0.146578105621938 0.220065726042748 0.252025978400673 0.0972773754789104
0.00135775343972569 0.252047743427098 0.160066797171499 0.154576782652313
-0.135089352152986 0.220146022144572 0.0519311748856769 0.159717411954767
-0.249358421347231 0.0447283476646099 -0.0626569982201064 0.139473256155026
-0.235718036334862 -0.202019943289802 -0.00107440292002314 0.11773892013546
-0.196110171043247 -0.335536626583941 0.150234512590038 0.241940715766376
-0.182328680701623 -0.184574168586625 0.0801909407927532 0.561119560601249
-0.244562545496612 -0.0460134964351556 0.364470452397851 0.269402576841164
-0.162888612315783 0.124199235638169 0.13803117560194 -0.0677844647409732
-0.0113747902039301 0.155531203112373 -0.0624241583575684 -0.0164931980323348
0.0384179554460794 0.125722672369258 -0.0222931011487528 0.191310675015709
0.0890301450741817 0.0994163331165608 0.210674949862618 0.240512459542786
0.118229392422905 0.0683357214701738 0.362256452642277 0.126064262456272
0.0973406702989016 0.0595586779989416 0.377069616212265 0.0434786921764226
0.0773468302909239 0.0777958747683739 0.34793695485269 0.0751078928119697
0.0359743016056172 0.114858042272207 0.270842244522871 0.139994760930846
-0.0310252178012934 0.0949786535109847 0.146873903971263 0.179402868507262
-0.0530521683293329 0.0429019534688616 0.0453774920936108 0.141121844040454
-0.0617867993141265 0.0181858139528409 -0.0237305532178939 0.120714392386587
-0.0954917995344128 -0.0578983815024248 0.0454386045320662 0.132199132596551
-0.1442081545879 -0.143994184962151 0.188413932894479 0.316493409369189
0.0516390361834409 -0.0500481610055314 -0.227553314461727 -0.348235159317738
-0.0295026415655139 -0.0950120890777145 -0.182010318662268 -0.127538271502231
-0.0982878919255133 0.00380643717477644 -0.0351655639985009 -0.0881106613862513
-0.0301268485387911 0.108886013285178 -0.0360158299851684 -0.0947876651333628
0.0560383086520746 0.0560582098924755 -0.1009413243485 -0.164776066554428
0.0616950037176786 0.000721539949908554 -0.256683815596592 -0.165563684040451
0.0515060762810289 -0.0433520532652389 -0.361405946649207 -0.0936159548325415
0.0515100706316029 -0.0462767057467517 -0.388633665463999 -0.0467238743070746
0.0509782767500839 -0.0333147984539824 -0.371007967818971 -0.104184264615418
0.039987335556422 0.00605753790174425 -0.24824433026304 -0.211010218431499
0.01687458551156 0.0408788310025069 -0.0394597244208935 -0.205948016915306
-0.0452081916721347 0.0493598188827786 0.0147925951215281 -0.00602673308336381
-0.0614326377428627 -0.0593353407790224 -0.147653889632905 0.0189613012796905
0.0640802353622147 -0.100586747512124 -0.347544096723469 -0.252151247611572
0.114854305998568 -0.0152951169355357 -0.156492352888828 -0.637038626228923
-0.0233630347124608 -0.20922639841441 -0.238249634143503 -0.333094746755748
-0.146843198072319 -0.189450391050413 -0.190507953782124 -0.12364083443106
-0.215079845747024 0.024111895270279 -0.0655339478688953 -0.0865952484132424
-0.086265878232967 0.225301981549582 -0.0527414289329058 -0.0629540690136783
0.0791542164614582 0.183555972138861 -0.0855760074730223 -0.130876708461691
0.151948030772848 0.0977609296212465 -0.211456379231751 -0.144248983153384
0.187509928216058 -0.00157379138979443 -0.305202844009202 -0.0938352701925786
0.196800170092071 -0.0224626907623613 -0.336394024455248 -0.057877782160724
0.206702615098176 0.00362320165192073 -0.32288162103158 -0.105373704204809
0.174879381291578 0.129383333368584 -0.214303549427311 -0.206809771127496
0.0587479767791164 0.219455911591549 -0.0258504770283094 -0.189744542924125
-0.121686576734747 0.251101694483792 0.00178166394593295 0.00983328528983945
-0.272716430208774 0.00298656065741111 -0.187416570832634 0.0258766187806582
-0.141226072026014 -0.237888673170482 -0.356746869291581 -0.244834821232452
-0.00658181423611115 -0.246005841890133 -0.1560246296487 -0.594586763719548
-0.103623277006325 -0.343072653043973 -0.233636612749896 -0.256716523789848
-0.26606669737338 -0.257610362516642 -0.168711364044818 -0.0999913809874307
-0.320520988858645 0.0562464057707651 -0.0829435877856688 -0.0973906288774372
-0.129998156285913 0.332312642531509 -0.0785605220355588 -0.0484203830330549
0.100340711966879 0.296147777656736 -0.0855933969785885 -0.086311028407689
0.227940617245208 0.183911502451852 -0.153291017937613 -0.0967448622845642
0.298213700505737 0.0401653225592443 -0.208691768701238 -0.0773207719685026
0.31214275700726 0.00407533576641982 -0.231349888526522 -0.0617419963630199
0.330382168261038 0.0418455370150569 -0.221140385710791 -0.0926079589037795
0.281954774496599 0.236285231139545 -0.138549679595723 -0.1737082413154
0.09035148266813 0.371474887503154 0.00790004723327408 -0.144465528976364
-0.188302633310183 0.424154655228059 0.00441711606002095 0.0394596227088665
-0.454862650370736 0.0627826489268642 -0.202408005683584 0.0547347042816557
-0.325805307013131 -0.348541104429748 -0.329507371951839 -0.193170859087057
-0.123154682598252 -0.438141805008138 -0.120787077988405 -0.472028556051572
-0.184391200493111 -0.437134936981842 -0.205613607296133 -0.126931864246965
-0.388128898632179 -0.288060276782349 -0.10518797182198 -0.0531242925806148
-0.414248626007532 0.111754803382257 -0.0794947868956539 -0.114968059663755
-0.152008693785215 0.43239226882899 -0.107306638629551 -0.0441023228103171
0.126077427608581 0.385262226084718 -0.0907133855792677 -0.0274713762104317
0.28579868709076 0.245877477859186 -0.0805823178690315 -0.0272641469740297
0.37195617002833 0.0735944196155949 -0.0811485805451348 -0.0461300895078953
0.379689184515969 0.0293462192554841 -0.091467149247498 -0.0565063782044611
0.396970109433848 0.0744185646441352 -0.0819257433388131 -0.0684370829348978
0.340901912908559 0.309596421125921 -0.0295444392862782 -0.117896766827181
0.105146973156295 0.46875457570707 0.0582777087701583 -0.0724355105614904
-0.228727025018565 0.530943321888633 0.0204759496473107 0.0810017535877144
-0.561284407989268 0.111194006769108 -0.185986147342972 0.0940772695019923
-0.449333888214691 -0.406395370064986 -0.261047123080965 -0.10528727206326
-0.208996204813587 -0.555235204101365 -0.0572836596331598 -0.292393746279252
-0.250639883900674 -0.477056367326098 -0.147830226382262 0.0473389234830938
-0.48168999216888 -0.276299330386924 0.00524684658203181 0.0167178874855661
-0.467514930853514 0.173450660351617 -0.0505102097827371 -0.129033581563303
-0.144535712165724 0.494645950834944 -0.128140474807502 -0.037662118678024
0.148034852338747 0.424521209113942 -0.0866326003335957 0.0456673348786978
0.311568356627212 0.272514478314014 0.00846160590702994 0.0562565926218079
0.394642732391853 0.0942419494259222 0.0626098391606333 -0.00483914631223399
0.388844269361332 0.0492094576410145 0.0613436604033293 -0.0420151275542925
0.39818856160966 0.0975482459413021 0.0694395172197614 -0.0367409343790797
0.335315259384756 0.331066224291217 0.0913251941403331 -0.0474898250297467
0.0954281881597923 0.480300685179789 0.114537633038917 0.0133159353562906
-0.227514560436119 0.528826986979654 0.0427097246939687 0.123705513282708
-0.55783413691943 0.125183026200165 -0.146592292441956 0.131423581134735
-0.471045834397339 -0.396224032533748 -0.166327086624671 -0.00587505570686862
-0.250342897504035 -0.572655089213404 0.0214856086825938 -0.0896968844312645
-0.281672452654802 -0.444616176559264 -0.0651664995552482 0.24355223241327
-0.499888481295598 -0.222728057760511 0.145246766528712 0.0994955116956147
-0.446414150483621 0.208170237554633 0.00048591812854535 -0.128058628264733
-0.111947687890157 0.471155404923364 -0.130302513152735 -0.0234989305757081
0.14399267252596 0.391619060336447 -0.0665659475854746 0.121975370657445
0.289433745559354 0.253051195620416 0.104156020986484 0.13861725467279
0.359480079470309 0.0985970948772792 0.202902357267429 0.0402176314119111
0.339226168834471 0.0606061230468387 0.205678164980923 -0.0206117595161837
0.333925384332291 0.105834081487484 0.207056010378125 -0.00145461253631927
0.267715309316729 0.29738806476564 0.195948990792462 0.0236610388645741
0.0592077300162267 0.401889214776513 0.158050702616867 0.0924478393970775
-0.191736263905502 0.412693827092926 0.0603574416388797 0.152651821888875
-0.439021623895831 0.0992395707102321 -0.0973779306173195 0.152384663621067
-0.391886470851754 -0.322114451502574 -0.0696929936146255 0.0775987981855854
-0.246496900402764 -0.49114913554237 0.0985594799514396 0.0983355303937918
-0.262322021145497 -0.341395017449861 0.0220066551107729 0.431150422456861
-0.415740603354507 -0.139867009703143 0.279337660297051 0.185220167197848
-0.334749600219798 0.191777748509779 0.0650761292470455 -0.107704581608653
-0.0644469341798892 0.346637113130653 -0.108082742810785 -0.0108664741354906
0.106245152354922 0.284330855193582 -0.0393932981778874 0.179441836559743
0.212481958302038 0.190740900871381 0.184045978327734 0.204040843503835
0.264988935925941 0.0884825822600879 0.315067567800113 0.0813022590471207
0.239572310455868 0.0640789637899667 0.320957113449418 0.00364916411051015
0.220581152513064 0.100426548354469 0.307788749872172 0.0330690903267304
0.158815765239561 0.220886468968874 0.262219591175409 0.0857567056434432
0.0103565440008726 0.258108125922183 0.172064934314715 0.147854654492383
-0.128780153707022 0.227448585338303 0.0633172850297911 0.156782417151175
-0.251258772088363 0.0526778579793825 -0.0525656732025316 0.149845330599776
-0.246277790063322 -0.19983652153142 0.00517923930909728 0.125656196652741
-0.208511314411953 -0.334119816055524 0.160947596686112 0.237799152935513
-0.194357455576879 -0.178647779671255 0.0968201878131584 0.573600117687231
-0.250484683389428 -0.0356823027277389 0.382189141069297 0.259748617546061
-0.15895213620872 0.133405245453455 0.134093577683998 -0.0780057968229795
-0.00497674334702985 0.155911841819745 -0.070123280081647 -0.0127768411957156
0.0441342148466285 0.12635095074559 -0.0189253978791309 0.203325443747704
0.0945577029565398 0.0972168404551006 0.227586262296433 0.240818902187336
0.124045136813874 0.0647899120825698 0.378914035590602 0.112320683008796
0.101966899650678 0.0583180077190861 0.38754291978607 0.0263043332621423
0.0813922702289641 0.0792164720384043 0.359200680874772 0.0606842331170575
0.0396548820691165 0.11738306727405 0.284161942714539 0.128516063188105
-0.0300498525393493 0.0970383430605563 0.159026845596717 0.17337133901466
-0.0533641987689549 0.0418349676220863 0.0554850716003558 0.138775036434092
-0.0582827772115207 0.0187562855644408 -0.014961666389381 0.127115432449489
-0.0966530742650056 -0.0547893167460701 0.0536790405263022 0.13752882776619
-0.150411091037606 -0.139131737783226 0.204279588967823 0.312869813225991
0.0690635989464152 -0.019265318635131 -0.0472707376026242 -0.418620147162866
0.0127115022459346 -0.100315685599174 -0.10861802320224 -0.194609529547533
-0.0948497430304552 -0.0382600556906974 0.00457771599896934 -0.094864986136362
-0.0747572944182416 0.0895690660573961 0.00680049334567466 -0.0977823395788281
0.0258683299019151 0.078489831220434 -0.0163467910350199 -0.189434506731578
0.0559526781474159 0.0301408648438184 -0.156751484696521 -0.260214735029424
0.0638557318803216 -0.0171216924900502 -0.284379443170673 -0.240214294370176
0.0671744899953107 -0.0205074975039089 -0.328474747698812 -0.206974686532256
0.060158690254209 -0.00873572681501465 -0.287443399165693 -0.252072929329715
0.0332395895209131 0.0232483357132759 -0.13063625324521 -0.296813229069862
-0.00272723630154478 0.0457615374022368 0.0571108234169585 -0.204032076259492
-0.0614862815722877 0.027376170616194 0.0200666017377474 0.00311809724353137
-0.0329622021711876 -0.0810396786785078 -0.137260730742477 -0.0491028735664624
0.0959739408629977 -0.0690643005110191 -0.198244665516074 -0.381444908571264
0.109700696623598 0.0339377691849529 0.165742442464917 -0.642037130503199
0.0749584828175294 -0.195500893450556 -0.0679641866579034 -0.407095398855606
-0.0507649625403667 -0.237303743436792 -0.116427863443997 -0.190560535391634
-0.207254663022977 -0.0731702176759568 -0.0213926113254519 -0.104815888381477
-0.174079265015032 0.16816999492263 -0.0191370503882803 -0.0735253008056979
-0.00962913360270901 0.202860356567875 -0.0115595664880991 -0.152313807216938
0.0956186762012084 0.157357719368121 -0.122193538080345 -0.223926369547705
0.169801017463043 0.08000174050115 -0.232112779525345 -0.21882432356686
0.189985003432553 0.0652453258567271 -0.273961431214904 -0.196918508845979
0.184378121273224 0.0920321323335884 -0.244247282749967 -0.232057198913399
0.103510096257079 0.192526573636233 -0.103921940633882 -0.276564914269996
-0.0413498965243736 0.226719422746061 0.0578447162508536 -0.180511733321592
-0.217046682578327 0.173056134495661 -0.00469727629005648 0.0139044449721103
-0.250354127723429 -0.119735107513866 -0.180523901887338 -0.0634648030075629
-0.0272103067235406 -0.283967164224545 -0.206411147919583 -0.382992646339148
0.103984667687094 -0.225557827624043 0.147292673988907 -0.60317735453162
0.0646808399827757 -0.350619245129165 -0.104054702582276 -0.334091353272806
-0.126233757834541 -0.351604788563951 -0.107737572472462 -0.156660887818189
-0.314694635767452 -0.0917318265737058 -0.0311663824518507 -0.119868630706153
-0.258249690495601 0.243427110174221 -0.0456456521796696 -0.069614576124057
-0.0408203577026953 0.311938423565397 -0.0257388354028192 -0.112272111666935
0.126511401265985 0.267383675380908 -0.08881866041384 -0.158716221234126
0.2530627396632 0.166446254291372 -0.151437849282395 -0.163584681085196
0.283294649597228 0.141058321937679 -0.177384684261445 -0.156388136545066
0.279521838563747 0.17917581401701 -0.157815937778867 -0.176722092427171
0.155905421671835 0.335070772951712 -0.0510228444352795 -0.213337363440132
-0.0779303421502451 0.378423577638976 0.0643179679764519 -0.122503475952348
-0.349184748308658 0.297419237568469 -0.0210612842053287 0.043356788967352
-0.439923153173292 -0.147078188664347 -0.209209705376149 -0.0467055136240821
-0.143024225563148 -0.462837834026049 -0.200961516931428 -0.326114287732161
0.0867897773239765 -0.447723247571196 0.124708476594805 -0.477371363938286
0.0350868412207194 -0.471997932798926 -0.141338128672348 -0.201511151979067
-0.222476554731641 -0.434168289910349 -0.0698028233029167 -0.0835335536587476
-0.423083446942529 -0.0843016230059724 -0.0177256630279725 -0.132678885629039
-0.322310822198955 0.322984043202352 -0.0713078126978394 -0.0781475778758373
-0.0568735659640719 0.403614605267964 -0.053051554062126 -0.0614692439239579
0.152011209278131 0.348704560355278 -0.053027419726525 -0.0658856766842157
0.305294144966192 0.229202130799113 -0.0500725751527344 -0.0811489890524319
0.333296383613791 0.194818395782218 -0.0543595505277169 -0.0931088770807932
0.325934017396891 0.238387579769689 -0.0427659243521116 -0.096014140740712
0.178505304128522 0.426086921297257 0.0206970471837408 -0.115318448541361
-0.107193978163104 0.472598079482696 0.0764889079481943 -0.0344802652106139
-0.430342723232798 0.37601511937242 -0.0279033160052872 0.0871701287693014
-0.556612772154686 -0.15307558947579 -0.213980578775224 -0.00471441663629471
-0.226356127038964 -0.568691440647901 -0.176196119667499 -0.216933534521997
0.0618689044873067 -0.589155445927006 0.0980611265718536 -0.286892108127355
-0.00399294447332549 -0.536163243901586 -0.170008033209132 -0.0158603262926756
-0.31111082287623 -0.46418011481415 0.00127615335239435 0.0296713364094989
-0.500426077080024 -0.0518345426836268 0.0174022258401556 -0.132322180982662
-0.342960881798235 0.378776127530427 -0.0912594316484011 -0.0817572947823563
-0.0553445422047046 0.446675497089992 -0.0810385398332786 0.00589181811315998
0.162154647395014 0.38352340040796 -0.00997001154624173 0.0484396368356475
0.31803807508338 0.25812220716991 0.0617017188010425 0.0181880765095578
0.33429504717193 0.217832706664214 0.0768183699604044 -0.0148792576286464
0.315844012924258 0.260408896715018 0.0794639631401359 -0.00341267570139993
0.164146757718797 0.443112102449056 0.0984598532036587 -0.00109490858340951
-0.120160673359993 0.47929021916437 0.0883596929810281 0.0662243647599563
-0.42960136457146 0.37462998394953 -0.0278369211184859 0.134029483436201
-0.558444703607306 -0.137935159703742 -0.194470164935293 0.047817561478419
-0.249771008477653 -0.568725765914546 -0.13546618470063 -0.0826090038053954
0.0324421343383589 -0.623659736710433 0.0711220664218821 -0.0688840279459851
-0.0467034215854664 -0.524858832957873 -0.184501177064723 0.199101300733024
-0.353813852203853 -0.426282000997316 0.0922021120365203 0.165907520871408
-0.495399679358586 -0.010375844272134 0.063824124365454 -0.110196118697406
-0.301627580813319 0.370923895434135 -0.0998899836879817 -0.0722426413054442
-0.0435374274647678 0.414510372314313 -0.0993722652167616 0.0826596205339708
0.152711972074299 0.354641575745091 0.0380597679926438 0.165213435504126
0.285154105563878 0.24679724460183 0.16714598959687 0.120318097387383
0.283817215034239 0.206469159489966 0.196286422626694 0.0661826606882611
0.254956922941809 0.239679190966928 0.18783127881222 0.0871521758961332
0.117203995284612 0.38455011883801 0.161826590394848 0.105841754315929
-0.11898253878153 0.39022308424668 0.0943569144691058 0.154484991720215
-0.345836250772477 0.28536640828556 -0.0219856879855788 0.165429752615743
-0.436891969049618 -0.107718764416544 -0.158388285974497 0.0907315004494122
-0.207498088304077 -0.463090349919806 -0.0884193902231111 0.03882733809345
-0.00142097700754633 -0.547034752362154 0.0488726632851224 0.134313902400545
-0.0765483455871424 -0.42472477557246 -0.188015092382417 0.407012666890669
-0.315029087258297 -0.313460088397625 0.176308866971244 0.298753968496683
-0.387505919922204 0.0236955155344827 0.111983158225351 -0.0658435641897396
-0.206324903817883 0.28005368052859 -0.0886157701284309 -0.0539066550499975
-0.0292535469001361 0.29987024767399 -0.105912126783202 0.146620340319885
0.109257991116125 0.263439543917319 0.0786276737201394 0.261971276301826
0.204390989047976 0.195960617758131 0.248799884178531 0.208034034813809
0.19090251024669 0.165150274476468 0.286960181431744 0.138107796026793
0.155918356384746 0.186295983526279 0.262802828696564 0.1609946327228
0.0510607539891903 0.267274176622317 0.195635968029956 0.188389723735616
-0.102041740494683 0.238536208685397 0.0854498803004626 0.206334467741306
-0.209963321079159 0.145871990804983 -0.0167725149316289 0.167379998745117
-0.245800201992836 -0.0648070284843294 -0.114020779588024 0.111482811862421
-0.130510132409363 -0.28641191193232 -0.0461954524437882 0.118154041967531
-0.0371157534307296 -0.388295934319404 0.0358189671119027 0.287867682390379
-0.0901626653099815 -0.251035172702198 -0.179684859339251 0.567454825635471
-0.212017500300222 -0.147360624736061 0.233317865407859 0.405350813548923
-0.202184384015704 0.0503681959561547 0.158287562494252 -0.0120092358219331
-0.0710447769457124 0.134208889775261 -0.0583875915305938 -0.0431211248701744
-0.0141422224626802 0.130692500713792 -0.105398552037496 0.177369036869022
0.0439064169804619 0.126706263838536 0.0996382194254524 0.318023835825438
0.0870666701599526 0.112995849066997 0.291627647260564 0.265339659962005
0.0679303144192989 0.0992896144271353 0.336661783254838 0.18788146342237
0.0390612731141597 0.107499433035555 0.296793626617336 0.206907271738774
-0.0143152808533089 0.122554835561803 0.197204604517064 0.23386327278974
-0.0694599586567272 0.0736493597092505 0.0654757734178752 0.221058031020356
-0.0631467995420021 0.0119986962026526 -0.0101370122512769 0.144657302083403
-0.0567074039822058 -0.0089565332715129 -0.0683139203623778 0.110597252826443
-0.0592238197282208 -0.088470703987014 -0.011818802308644 0.152830353158543
-0.0716669629010527 -0.187637637548347 0.0352221696081925 0.373020637620359
0.067286190679999 -0.0245189931177534 -0.0608410881947899 -0.405414413644117
0.00312008142718171 -0.102203346748272 -0.11381756594901 -0.186870881286482
-0.098026714592581 -0.0323101250487849 -0.00488454653249008 -0.0950654930319374
-0.0669651884331391 0.0951911042915338 -0.00292753800057876 -0.0916094725673139
0.0307436757366277 0.0769374767970366 -0.0257509642382011 -0.179364521931989
0.0582615365606535 0.0271468400725613 -0.165246611959508 -0.242505706694407
0.062972727865226 -0.0209888917097425 -0.288740094357028 -0.216751203582961
0.0653469852331089 -0.0257283125707672 -0.329762042502156 -0.185828765000713
0.0597538213070336 -0.0139634027761339 -0.292791792554401 -0.233418516608738
0.0355051154124278 0.0215071261599947 -0.141513252619856 -0.287395691539112
0.00136700802810259 0.0473891696929851 0.0493084530455642 -0.206004774752238
-0.0591907761473808 0.0320983324916347 0.0265948984611907 0.00273838615437901
-0.0392775650880389 -0.0775593079751153 -0.133242535883798 -0.0394437887097981
0.0895053014649982 -0.0751333937888442 -0.212919488333954 -0.359795652101707
0.109424801729063 0.0258175763051364 0.135231513146062 -0.632710453116823
0.0682014036888696 -0.195478660375396 -0.0829468887143992 -0.391917027427806
-0.0636342658392195 -0.233191884606396 -0.123275548233486 -0.182081336943242
-0.207735280000666 -0.0621358095525577 -0.0323951713357475 -0.102973876537124
-0.159595054931734 0.176154654195559 -0.0266130440363364 -0.065768238000528
0.00213549451236303 0.199981080573688 -0.0189339487297295 -0.143223415214121
0.103487167653858 0.149420657275133 -0.128779256273049 -0.209197158028933
0.171351284029946 0.0685059520260514 -0.236530079185911 -0.199682852712031
0.189794190148073 0.0521065940974015 -0.277079803280606 -0.178902971752841
0.185726180670274 0.0786909407796388 -0.24845342212966 -0.216315654179223
0.11257649986134 0.183519665870644 -0.115102165566116 -0.268877164541606
-0.0284235179371545 0.225990524875431 0.0513115019594891 -0.1831299746772
-0.202899032335327 0.18188280920532 0.00229168517480654 0.0146230694531854
-0.252461255774951 -0.10540918209355 -0.175849849518982 -0.049699391649635
-0.0398135676813044 -0.279643982041126 -0.220357574603578 -0.360275755911455
0.094670969389028 -0.226334323871762 0.121221464652899 -0.593180184449711
0.053467441077069 -0.34547279922225 -0.114607150801758 -0.319479921657036
-0.140942939004512 -0.340830901329159 -0.113895132884057 -0.149863448177842
-0.311902871927801 -0.0771279180354129 -0.0437649131803965 -0.117491942894076
-0.238976058807618 0.251684574329151 -0.052706205003748 -0.0603802638554095
-0.0229111122529945 0.30858183936827 -0.0314824510321286 -0.102433336741415
0.139117910631344 0.256213980206127 -0.0927440330589866 -0.147603286330481
0.257362848141785 0.14884225801111 -0.154895957348983 -0.151067852585071
0.284899670919323 0.12099893644661 -0.180690723599514 -0.145001392772192
0.283031570556912 0.159976852078258 -0.161073950988313 -0.166804368359616
0.17064553150624 0.321153593453493 -0.0612832940289949 -0.209676092912235
-0.0578087502635705 0.377857242665649 0.0607382480870846 -0.127241095131316
-0.325163806164156 0.30943875202586 -0.0132194512716146 0.0432245631455112
-0.438678632994983 -0.125295390024764 -0.202465914886603 -0.0302315632253061
-0.160065008993711 -0.45137569466944 -0.213968669405993 -0.303502298093023
0.0706472353840057 -0.442971406807196 0.102132322095605 -0.471550128746398
0.0208377461600501 -0.462571806912147 -0.14737789341644 -0.188911642921396
-0.237638750127431 -0.417110104523283 -0.0749454871873918 -0.0798635418175356
-0.415733078846705 -0.0653809319336982 -0.031599898345226 -0.130462026138846
-0.296350113867433 0.330252980077596 -0.0785762526939639 -0.0676158370935477
-0.034471889924393 0.397956963915799 -0.0575306198633715 -0.0512772666193041
0.167307492604824 0.333891954059644 -0.0532018000878947 -0.0581039292000007
0.311585332416231 0.20820779494281 -0.0517118468451332 -0.0768503482332644
0.33581722158076 0.171758100691386 -0.0571183234736673 -0.0896528834644624
0.33052058825651 0.216253500397011 -0.0443266182984464 -0.0940979317201387
0.197469780528939 0.408825871109441 0.0144428535487585 -0.117932798269366
-0.0821942389787165 0.471301457039955 0.0761892369655327 -0.041953823375723
-0.399372393779835 0.388827791080244 -0.0185589059015474 0.0852501283809133
-0.551553221381442 -0.123749131938968 -0.204457415271267 0.0115193713471179
-0.244731897402821 -0.549130796895742 -0.185121627400231 -0.198241770561092
0.0402343303023521 -0.578518633991481 0.083770139852599 -0.285804972692028
-0.0222450678123156 -0.521131291386558 -0.169751404312296 -0.00639636709991598
-0.324712997831103 -0.441887722990409 -0.00108519834360044 0.0269774291981473
-0.487062626813067 -0.0307197271878162 0.00212281402489456 -0.131834784344068
-0.31544855078128 0.384787974949854 -0.0983668253192837 -0.0712054902334838
-0.0318273738649888 0.440570776950008 -0.082543955216481 0.01592142307805
0.179725054554905 0.366301509819688 -0.00561915395079276 0.0515998043411504
0.324375836120885 0.236808509747676 0.0618458947369716 0.0140910128736361
0.338138893817608 0.194181247011534 0.0743158122221409 -0.0202075964451106
0.322227930483477 0.239633146771949 0.0800967625283214 -0.00906143943261376
0.182417912455509 0.426150044199389 0.0957633766477608 -0.0103527052965821
-0.0939048020646287 0.47718667443867 0.0928136590530546 0.0558103550194255
-0.39980440364501 0.385502746881286 -0.0155119600099821 0.130370720001946
-0.550634211710083 -0.110322343245521 -0.183124257319657 0.0626686116343629
-0.266561358622913 -0.549133183414295 -0.138044261000115 -0.0684178295949298
0.00971980547395705 -0.609476991025487 0.0662645968244413 -0.0725462200101596
-0.0630850181622669 -0.507806128455426 -0.175970443470112 0.204259649887968
-0.362654996765543 -0.401232828804818 0.0935695347815819 0.155537804983195
-0.480942172198325 0.00930132638043537 0.0494184724664505 -0.11304574877249
-0.276471204742421 0.374283663610053 -0.106527024688859 -0.0625012827975307
-0.0227608621862691 0.408647725812126 -0.0975840026225665 0.092150196294379
0.165850720896379 0.339520073318786 0.0468043734873937 0.164133707672142
0.29152359253361 0.226636935532959 0.170645156731651 0.108035739000495
0.287611278679973 0.187217437462843 0.195053259537764 0.0531362192297762
0.260372941208629 0.223500439307409 0.189935088291442 0.0739759697486714
0.132460616643151 0.371774989649264 0.163078735935393 0.0924421918451503
-0.0979503181227128 0.388779851608897 0.101882492019372 0.141016573063475
-0.32333119425172 0.293088257379502 -0.00928247428352466 0.159123665796926
-0.429920004958485 -0.0877985311594797 -0.14586614462475 0.102716867301225
-0.220382901520892 -0.446346818112721 -0.0849029646774447 0.0478983560828387
-0.0192186913296531 -0.53188697443601 0.0533861356305243 0.126165553450227
-0.0910291778892586 -0.408641117911324 -0.170905186766862 0.406435724302815
-0.320706450838359 -0.290664773786515 0.182346761246303 0.281637039434108
-0.372478547795437 0.0401982222706714 0.100825952238668 -0.0716703605194421
-0.187397894814058 0.279838879350856 -0.0947374756884582 -0.0469831830137744
-0.0149476998824236 0.294294013303406 -0.101746388877111 0.154204790858075
0.11907065777761 0.251880363095384 0.0903982183312878 0.256233476060545
0.209518318076654 0.181010595440222 0.25466078880524 0.189463209410918
0.194200987974529 0.152664065148739 0.288498883053486 0.11922761427354
0.160240499478638 0.176175060685341 0.26639050194665 0.142272294245293
0.0619578088910524 0.260123038768562 0.200272206341653 0.171041751938053
-0.0897030957804666 0.237426688194388 0.0960650046692159 0.193697169794491
-0.196215597108774 0.149098955441325 -0.00399551493164553 0.160429191884269
-0.238839130582858 -0.053443514100837 -0.102012709543898 0.120051652134253
-0.137399761687529 -0.275370917032621 -0.0387396570887741 0.123757599904922
-0.0494698925094246 -0.37664566822163 0.0467230669657801 0.276244459237867
-0.099036132112613 -0.237326568220402 -0.156794114178275 0.562895934661358
-0.212049217998839 -0.131825464523655 0.245338972141683 0.38356786813864
-0.191473352482889 0.0592820040343469 0.150922444193375 -0.0218417801074946
-0.0631304998711168 0.13113456548164 -0.0634492695596641 -0.0392780871749088
-0.00934455141154506 0.12709546694522 -0.0996075040057686 0.183194126543102
0.0472621336697417 0.12145157017402 0.112910504459041 0.310430815404333
0.0892847579625982 0.105831963513283 0.299290729590593 0.243665973887663
0.0701434508455695 0.0947320597985078 0.33839617434763 0.165232481900238
0.0423595021184974 0.106341496594297 0.301009774156258 0.185620819228408
-0.0104086890889725 0.121785421799987 0.204386060041646 0.216249200318545
-0.0659641519776236 0.0734931971180783 0.0760293177365466 0.209017518102063
-0.0608230823193656 0.0106225888447504 0.000827922334798949 0.138537860095124
-0.0511369222062362 -0.00733359041130997 -0.0578796131653098 0.115178484416941
-0.0585545675409607 -0.0838893894309465 -0.00327249283767181 0.154998941844316
-0.0765437112259007 -0.17686011663133 0.0498260325709036 0.359639002004988
0.0648144247702231 -0.0286742504177855 -0.0669384741920424 -0.390144298106698
-0.00485841111289733 -0.101554831866106 -0.11485854154772 -0.179728475512854
-0.0991518785566834 -0.026948875628322 -0.0129594209965969 -0.0937965259240761
-0.0605886380742741 0.0981617945277562 -0.0107782390319016 -0.0836878996930623
0.0337758299290747 0.0746007715144729 -0.0293926638769904 -0.167472928026532
0.0597169975026517 0.02466958956039 -0.165922105287917 -0.226319273874549
0.062245171457218 -0.0234430394403445 -0.285210802929008 -0.197668003956011
0.0631440658090912 -0.0290627020147479 -0.325126893720401 -0.16829885922515
0.0580820835845044 -0.0178264575842158 -0.290191233217632 -0.218371401547579
0.0365504628819201 0.0195145970274291 -0.146258332475894 -0.277679088586471
0.00401834301704446 0.0481047718197006 0.0450113372033675 -0.205146345367499
-0.0568441665100203 0.0354008914194607 0.0326425987503872 0.00232551955902656
-0.0435386626254205 -0.0734114121675828 -0.12728258354161 -0.0331314909807128
0.0829502948760177 -0.0778970483376493 -0.21684132610993 -0.337891753298185
0.106963447803131 0.0202636772586646 0.118019263176504 -0.613894891863783
0.0635283718002806 -0.193003464438041 -0.0870791164762296 -0.3755690019667
-0.0715661854219653 -0.227173440500353 -0.124823556868003 -0.174466078896145
-0.20453158300304 -0.0544903744783029 -0.0404482248427228 -0.100159233726461
-0.147157943652843 0.178174784026768 -0.032095556156774 -0.0573655665310226
0.010542714293579 0.195151648645455 -0.0228694507215041 -0.13262413557381
0.107392519771686 0.141560851463801 -0.129290471123793 -0.195641445317674
0.169973184420124 0.0602129638666416 -0.233764281022773 -0.183673612396565
0.185738430932365 0.0420648853753762 -0.273675040684697 -0.164635424771676
0.182786751240816 0.0680452684207554 -0.246413367617215 -0.20274996120838
0.116737293422119 0.174917765358869 -0.120567830647528 -0.260854236776576
-0.0191544440668251 0.222563826835295 0.0476514134722943 -0.183495722159371
-0.189979025548944 0.184413610922446 0.00857598865287741 0.014573690172227
-0.249855829618612 -0.0951621329616063 -0.168153313622983 -0.0393188169804736
-0.0469478670428497 -0.273750660862264 -0.226131951748002 -0.336969084679564
0.0887456310034972 -0.223728550317069 0.103573440118406 -0.574475448490787
0.0479038567868905 -0.33648116132695 -0.117751935174811 -0.304823547256758
-0.147241046651253 -0.329690289018109 -0.116064328554798 -0.143357240181728
-0.303777408501825 -0.0669446278266741 -0.0528548573916401 -0.113196877152053
-0.221410761594876 0.251730269108693 -0.0570310509045156 -0.0508765089138681
-0.0114676788070549 0.301252269118223 -0.0346907184513931 -0.0921592725658864
0.145382016962657 0.243860595696774 -0.0921815687977023 -0.136828159972076
0.255059686700321 0.135213662018656 -0.153072244797967 -0.140552745359775
0.279871576027317 0.106392063198144 -0.178895394151956 -0.135852647542776
0.279408725802631 0.144196758688073 -0.158696597343739 -0.159055462735694
0.176872131742094 0.306176159656227 -0.0666445024809018 -0.205039194513732
-0.0434088910656609 0.369992117760402 0.0581183026556986 -0.130021903765829
-0.304473547471069 0.310012700773846 -0.00591897895652274 0.0418248203088779
-0.4291848027776 -0.108648232160037 -0.192479829255031 -0.0191972315218611
-0.166844146925307 -0.436843058987603 -0.217825384135853 -0.282504049979025
0.0618117536969924 -0.430898240341252 0.0889338897000648 -0.459853933010604
0.0153673459523274 -0.446940082759076 -0.147293530658228 -0.177417645769222
-0.239921301210853 -0.399835810175171 -0.0778883492235729 -0.0770281783299618
-0.402198595158125 -0.0553330792950871 -0.0428123987009041 -0.125988967346438
-0.275890927602854 0.328160775468112 -0.0817477327511282 -0.0570377653646586
-0.0205678368388229 0.38755353349974 -0.0584557483283665 -0.0418992543277345
0.174236607312886 0.319609068065964 -0.0505958225958845 -0.0514829150882642
0.309041746462818 0.190983230544961 -0.0503446300035876 -0.0732844294918843
0.331124556212594 0.155132512728239 -0.0576764662607715 -0.0864922194849977
0.327100620823301 0.198254537556981 -0.0436148212994407 -0.0923055207920443
0.204196811645474 0.391360081709938 0.00901010871079378 -0.118712126592343
-0.0651162805075417 0.462689600210327 0.0746688351298907 -0.0482534291993277
-0.374111172425561 0.389109032462026 -0.0102388916119487 0.0822141616821731
-0.538461784098655 -0.106089696977881 -0.192638312317867 0.0223414822996652
-0.25150623322526 -0.53171026704732 -0.185985608195267 -0.180154272822138
0.0290854646178669 -0.561950797539621 0.0751103582646544 -0.280139847524193
-0.0273479275181736 -0.502591707633757 -0.166244643417192 -0.000745542152341131
-0.325103296980507 -0.422027066104225 -0.00506953115923678 0.0247788359929844
-0.469580374412395 -0.0209882540029603 -0.00979895181652176 -0.128878032310467
-0.291916473514026 0.379901138191665 -0.101909711670975 -0.0609927669575685
-0.0170931367713148 0.429006583494954 -0.0822615251864221 0.0247285664489364
0.185471793275871 0.350645560331295 -0.00141536010632751 0.0539306095364235
0.322688403447445 0.218652051792548 0.0621923592659052 0.0110076715374741
0.332560602854536 0.176758488681471 0.0714636999955987 -0.0238365200176001
0.317985029936352 0.222488719589994 0.0796123791393944 -0.0142364036908583
0.190782133227393 0.40971390836876 0.0915181057893097 -0.0159899522810248
-0.0768654866355034 0.467235013102505 0.0935697582369838 0.0466601927226925
-0.376169118359619 0.384936701491101 -0.00672885093673065 0.124141150359197
-0.535858621560486 -0.0935569815650639 -0.169719770716036 0.0715477911556246
-0.273260801084193 -0.528598451589736 -0.135576007758556 -0.0559851149228517
0.00039110235910134 -0.590261161959081 0.0617117811310411 -0.0741252992137966
-0.068977308900231 -0.487323033723536 -0.168876115660253 0.203048596400773
-0.359316847224981 -0.380025009740371 0.0900871615183932 0.14640471204409
-0.461149900728424 0.0198380742637677 0.0377015359309951 -0.112237611744055
-0.255993650861827 0.367862393418043 -0.109602193408746 -0.0536079787178997
-0.0101240560107455 0.396273281683485 -0.0957784983928565 0.0987648017435288
0.171288953117753 0.326121776734836 0.0523743827068037 0.16144244578725
0.289852355357068 0.210379789386249 0.170379493356003 0.0977477046315222
0.284119514364522 0.171679110868589 0.190467785222165 0.0436374653602058
0.259063018672463 0.210496216386429 0.187896082504283 0.0629611393504512
0.139639390344384 0.3578005989573 0.160150819790762 0.0807222624486792
-0.0848013366209514 0.380553182031091 0.105474214543651 0.12925268308824
-0.303100982442819 0.291249509614525 -0.000255384976526431 0.152038936535093
-0.415732571474368 -0.0749544269852994 -0.132457771084779 0.10989427564956
-0.223544187125384 -0.431212578490013 -0.0804632523596875 0.0549602082541906
-0.0270988085804797 -0.513864189948014 0.0529993176935113 0.117756695463612
-0.0947286734138109 -0.39019891268812 -0.159886481479285 0.399179162695974
-0.315674232476724 -0.272824834089481 0.180291647334876 0.266378291703394
-0.356245239333454 0.0464898726580007 0.0903361942142579 -0.0747085383294606
-0.172445493787271 0.273811324472167 -0.0972423696106245 -0.0411222385993453
-0.00696490895098181 0.286026547661587 -0.098407805540525 0.158388777817003
0.121877881330157 0.2403038986719 0.0969413671416897 0.249579731734202
0.207860098336572 0.16892088484601 0.254482118407741 0.174787816265082
0.192319121945238 0.142204614955447 0.282801202969751 0.104406910923945
0.16022746812789 0.168578570661979 0.263659818714364 0.127143744478355
0.0663771493650957 0.251727961109634 0.199198569937643 0.156633378430237
-0.0806283025012648 0.233051805961485 0.0996712518292979 0.180230749837483
-0.184755937962852 0.147172310817516 0.00379082260097484 0.15251146702192
-0.228995218555372 -0.0471845535829021 -0.0907074542606167 0.123518315373603
-0.137660405011365 -0.264765461474428 -0.0323250500231243 0.126697732632394
-0.0538932444628211 -0.359703985587746 0.0507350906974308 0.262496744289518
-0.100899057621329 -0.223346518255521 -0.142967698136895 0.548961663509638
-0.206379350675664 -0.120270157101416 0.247458785843307 0.3625139870007
-0.179405365260555 0.0627191015804425 0.142348689731662 -0.0280492571527069
-0.0572543880767229 0.125592403574602 -0.0673343502598324 -0.0364962567670379
-0.00656672213246306 0.123114862388545 -0.0954650392688589 0.184880209199222
0.0481994503327597 0.116175807269955 0.119848848369327 0.30059523443258
0.0887247194731748 0.100322144974024 0.298195352101561 0.225987513335412
0.0706295558775652 0.0907250266466402 0.332530061520103 0.148203744309479
0.0432955733787299 0.104465416170679 0.297825978629362 0.168873275874114
-0.00839041790663897 0.119411258587627 0.205344907409744 0.200389383355193
-0.0638073693507046 0.0719817374672224 0.0809181283390279 0.196159149744472
-0.0585872775559235 0.00805535395168226 0.00768424729691778 0.12986626143558
-0.0451032389810281 -0.00765552363035879 -0.0485698281156855 0.116258864839733
-0.0561422856146281 -0.0795315892765783 0.00352156373184693 0.154499662504914
-0.0772605796508331 -0.166204489176077 0.0554491499318862 0.343131873366993
0.0623711589369561 -0.0315326959470795 -0.0654414945972862 -0.378656909493647
-0.0114901917407853 -0.100362281412824 -0.113305478407287 -0.175403888553231
-0.100494540784956 -0.0227804359505358 -0.0194450785107274 -0.0920514807456781
-0.0551625923928017 0.100458434155466 -0.0156577435238787 -0.0752750873854529
0.0367398784972045 0.0728424482517817 -0.0301285741160866 -0.15784252819796
0.061135838506363 0.0224848828998006 -0.163251804295725 -0.213727333802693
0.0613817719838523 -0.0250110868214453 -0.2795395057911 -0.185757767050755
0.0615049830306232 -0.0316357611126507 -0.318769827906527 -0.15839700131961
0.0567330106465599 -0.0204824891198149 -0.285875563009397 -0.208642460842836
0.0381099770999414 0.0185981213575992 -0.148087899394603 -0.271716047133634
0.00681495273829929 0.0484529947226157 0.0431211709435207 -0.205373988229861
-0.0542752975670284 0.0378743207654841 0.0372128492904597 0.00125867264735431
-0.0465505282753118 -0.0701675986264053 -0.120961510634989 -0.029403808095724
0.077487741790525 -0.0796742038261152 -0.21603536279651 -0.320916407658541
0.105039486078005 0.0160838503624194 0.112197554676633 -0.597537330875462
0.0625867402626531 -0.1911144158014 -0.0877948635412865 -0.363410481570661
-0.0761586692459873 -0.222415263421677 -0.124293725092504 -0.169612984794282
-0.2018676184801 -0.0493235984243614 -0.0473886821129864 -0.0972588166667194
-0.13778889892007 0.17796743003146 -0.0356503029790465 -0.0491543219769819
0.0158277606637704 0.190634241707489 -0.0228626116168468 -0.123490889897355
0.109900121323885 0.136035637583045 -0.12715369918848 -0.185073969402542
0.167918833610515 0.0539466691298791 -0.228603271951016 -0.173455577399461
0.181926434493331 0.0355469179534135 -0.267942530769401 -0.156141202657466
0.180214891962404 0.0613170794433579 -0.242689851260163 -0.196577542937057
0.119291787867804 0.169173125195539 -0.122772535298773 -0.256070745765013
-0.0132570264826021 0.219753440463323 0.0455379346907324 -0.183683882401918
-0.181598850857554 0.184207621212973 0.0140735327961662 0.0138282346080447
-0.246604736126207 -0.0895546059252753 -0.160816032115264 -0.0336892638058797
-0.0502422171845148 -0.270433769807526 -0.225885838820341 -0.319166825470621
0.0860325886141568 -0.220612356721996 0.0965194376636493 -0.558885387926789
0.0483920637866163 -0.329942944608009 -0.116955103788232 -0.29426036157289
-0.149611582512152 -0.322199857395541 -0.116905738996719 -0.139523266275593
-0.29723191611785 -0.0630138063360178 -0.0604415641262664 -0.109712579444347
-0.209448125386557 0.249432475541783 -0.0595494495990516 -0.0423400854900182
-0.00415596169719901 0.294890775230306 -0.0347666807728441 -0.0839839308997204
0.147566146137787 0.235449417224173 -0.0891997783950887 -0.128993001030352
0.252714125602035 0.126212503768951 -0.149246375427159 -0.13439470134494
0.274634592804982 0.0965066811915339 -0.176057430046326 -0.129791751463776
0.275848398495131 0.134471118938214 -0.155905663039922 -0.155372817737495
0.180198754888912 0.296772312742345 -0.0694609168370745 -0.202649649943449
-0.035108765939904 0.364281444200922 0.0561691460372185 -0.131847010835472
-0.291163558155514 0.307909121433286 -0.00034546124611775 0.0405910674939717
-0.419131253164819 -0.101733921579097 -0.183472980556743 -0.0118792644350269
-0.16861794076284 -0.428843993851268 -0.217391685353945 -0.265926116581014
0.0591010785770571 -0.4227347682957 0.0827785404360656 -0.448555374242876
0.0171340367698456 -0.435855555910861 -0.14572571220384 -0.1694252138399
-0.239218491640564 -0.389347212775844 -0.0799108195598879 -0.0749057510759565
-0.391493530310434 -0.0520305124296871 -0.0516705634790258 -0.121799519894262
-0.262549939637842 0.322858446629292 -0.0838332093812787 -0.048161730847361
-0.0126497594027728 0.378932338194841 -0.0582790442235248 -0.033635023355234
0.176616904200645 0.308249067661063 -0.047319595424179 -0.0466127072243888
0.305937156457542 0.179598886604188 -0.0484074100142031 -0.0711616718101115
0.324962357749088 0.143119717155272 -0.0577308509790457 -0.0848402537700977
0.322465434939449 0.186508865754903 -0.0423812999445871 -0.092286420525084
0.208820343658963 0.379685184276486 0.00499051155241838 -0.119593354744913
-0.054560053725166 0.454453075856324 0.0738117017361262 -0.0532459880012279
-0.357067406917026 0.384451965183626 -0.00427105235217543 0.0785148645549928
-0.52564897501402 -0.0987652608125173 -0.182240743695028 0.0292914276387235
-0.251669857006541 -0.520141632261417 -0.184097628653093 -0.1668123310866
0.028931522513072 -0.548441207541972 0.0697518216246609 -0.275332341030304
-0.024270978889494 -0.488332198971624 -0.164099850880936 0.00237279722123393
-0.31975949507185 -0.410374053276266 -0.00847718852179224 0.0234558302993588
-0.45566716218214 -0.017581395275663 -0.0191338861239641 -0.125489277401194
-0.276671376465636 0.373277695725585 -0.103492728058606 -0.0529090206496986
-0.00935276950528709 0.419061823364038 -0.0814713810438007 0.0315320059358489
0.188851507829906 0.339833111938934 0.00218267508514571 0.0552603666982398
0.318708135942643 0.206101744356007 0.0628780666411331 0.00855649929360348
0.325984371979903 0.166379613699226 0.0692608072371523 -0.0257953643407429
0.315200440236633 0.210189983480977 0.078965928465553 -0.0181789553796431
0.194310329780063 0.397969174915839 0.0867922889520072 -0.0209034377992436
-0.0673907481110206 0.459908336751255 0.0932714389951611 0.0386937185079771
-0.357422710274433 0.379762284986997 -0.00122580585461109 0.118418584937957
-0.52100970325208 -0.0862655587234754 -0.158746138496045 0.0769432250238965
-0.270745064355265 -0.517583771031006 -0.133156158010555 -0.0463204664329144
-0.000764561327391815 -0.574130319848023 0.0585385637683666 -0.07551779203291
-0.065894427550678 -0.472554555265957 -0.166437490657574 0.201220070512912
-0.352288714876982 -0.366759161206984 0.0855870573362149 0.140992242729222
-0.446332566115696 0.0229113785602934 0.0282563334828849 -0.110828462957966
-0.242825568039718 0.36025698939325 -0.111503350926894 -0.0472165321020428
-0.00456858256502391 0.387590499638532 -0.0946718878463616 0.104113808632774
0.172246765611054 0.315273710998521 0.0565502242666867 0.159658058088543
0.285315344343889 0.199567932494117 0.168731255178725 0.0914524626456325
0.279024534242939 0.162471733241394 0.18610680224564 0.0381191210955772
0.256246642575727 0.201658871977734 0.185699802455464 0.0552496860481382
0.142934260283108 0.348684887872293 0.156032491309827 0.0727766568668375
-0.0760853890935877 0.374331305256066 0.105404423396798 0.11966079337959
-0.289642286355227 0.285196879497343 0.0051184251482218 0.144583520501856
-0.403651171636354 -0.0697673605126845 -0.121733560879933 0.113449083014493
-0.221776506683555 -0.422058919975841 -0.0763555862023097 0.0610072383815623
-0.0273481454730342 -0.499561263293878 0.0514104551928201 0.111560123946737
-0.0920617578022046 -0.37643833709575 -0.156699049115846 0.391395850088425
-0.307403380459441 -0.262688694821103 0.175581308860535 0.255735503630591
-0.341676214242138 0.0484957415889262 0.0811607567859382 -0.0755996497563082
-0.163898592829532 0.266206646114747 -0.0995383376323389 -0.0370972768909392
-0.00273118546237838 0.27917180565973 -0.0968159316613818 0.161404657294413
0.121948850877159 0.233509734278593 0.100886857740907 0.245287355358108
0.204650044755571 0.161045963497952 0.25146721065973 0.164562465941793
0.189242121913701 0.13583391125212 0.276939888533305 0.0958763402446669
0.159315427271972 0.163627991845402 0.26057657341098 0.116527519984466
0.0682168047949649 0.246555382552402 0.195865631836189 0.145889013720396
-0.0757035647939088 0.228543604973606 0.101074905457974 0.170115054673542
-0.177263064880939 0.142552730239706 0.00893693161056111 0.14464581016397
-0.219745588775973 -0.0455092591727238 -0.0812427178922951 0.126051982971767
-0.134765553818225 -0.25838383147513 -0.027805683894086 0.128518886389731
-0.051978653495898 -0.346218014757599 0.0501273143213469 0.251988078915578
-0.099293426878265 -0.212952364714125 -0.138019135131763 0.537900974888794
-0.199478851320924 -0.113305028982444 0.240888696928378 0.348036542288324
-0.169974440379943 0.0619046291937799 0.134561978166465 -0.0322805136795437
-0.0546407973829108 0.119738697268854 -0.070617552457068 -0.0347201569651015
-0.00592640114246312 0.119809517454975 -0.0940668827959673 0.186425093459529
0.047328671959422 0.11278853004379 0.122940253984989 0.29450820211807
0.087394264018645 0.0964273909096995 0.294913965439939 0.215080068420875
0.0697715187734541 0.0888625619780379 0.325946384534991 0.137926625779933
0.0440921716227094 0.103347081818822 0.293384012485236 0.158521409757247
-0.00723001843736603 0.118248770001214 0.202953023774292 0.189502889732989
-0.0625584557026275 0.0696195227053174 0.082565176926357 0.185962925740539
-0.057176626192232 0.00459447314032267 0.0121076036299037 0.122591771022811
-0.0393613257991134 -0.00888044215266696 -0.0409265089034493 0.116826411399515
-0.0531461274835665 -0.0768940646872554 0.00783214940123254 0.153832367378129
-0.0753293274369017 -0.15774900905746 0.0569062300180274 0.329767956467692
0.0608687184580651 -0.0342025162641357 -0.0640291685671402 -0.368849669454628
-0.0176192159031464 -0.0995887341611318 -0.113317675179213 -0.174030013058406
-0.10169244854394 -0.0182665165226118 -0.0249356136695585 -0.0906098977594432
-0.0511681788498739 0.102724241667596 -0.0195097975517783 -0.0680568205302286
0.039029401185226 0.0718085902123197 -0.0301371364628804 -0.149614040303788
0.0628010368392235 0.0203870082393316 -0.160659780631999 -0.205434887009361
0.0608461239191389 -0.0270011295924085 -0.275526683555979 -0.175833344931003
0.0603251673500904 -0.0344228179924259 -0.313906537541319 -0.15117113741843
0.0554431169106201 -0.0229717745747518 -0.283955197028546 -0.20332221589715
0.039551625586112 0.0174869530525976 -0.150534666418629 -0.2693025041007
0.0088116853654431 0.0497181872538209 0.042416345165687 -0.207821880821007
-0.0526862779959662 0.0407371593802108 0.0427281434195479 -0.000646386634661547
-0.049592898062087 -0.0670176403032476 -0.116327228577191 -0.0265238255549615
0.0730650029008721 -0.0812709981000613 -0.214273246685915 -0.310637987884141
0.10287414040532 0.0130098509095111 0.107841274838826 -0.584533249380241
0.0623495959449375 -0.191223487990957 -0.0852818205803617 -0.355972030493271
-0.0807071803665306 -0.219282756700623 -0.125193137876172 -0.167899853872359
-0.200342040978278 -0.0455532121738096 -0.0536429898056698 -0.095090226769582
-0.130826670316521 0.179124074379864 -0.0383452832282269 -0.0410166918561388
0.0202814309144288 0.187729583110309 -0.0232907026046631 -0.115621178031412
0.112129840687628 0.131706593693734 -0.123930663691015 -0.178487242992262
0.167330412037016 0.0490624786771682 -0.225792938776056 -0.167022137199402
0.179089175031718 0.0301886651095191 -0.264739725360574 -0.15050384776746
0.178797348417421 0.0561196749331158 -0.23979733603228 -0.193018097642774
0.121790702164812 0.165652471982776 -0.125255178445476 -0.253527241003175
-0.00882893950107278 0.218313831942093 0.0448419253282438 -0.186015628243326
-0.17453893323879 0.184711274960131 0.0194439823561631 0.0123620949333422
-0.245784508272053 -0.0853255901732017 -0.155335556441848 -0.0286081548182742
-0.0531835209286101 -0.269333805486796 -0.225473804024887 -0.306545090339783
0.0854443694171139 -0.21986938994704 0.0936262080985296 -0.550940144478717
0.0495983784365777 -0.327418719128452 -0.11522113318857 -0.286650387042244
-0.151382999810445 -0.317406691757302 -0.118567584064621 -0.136808604517669
-0.292631415915541 -0.0595030053591806 -0.0675508430581155 -0.107110457782044
-0.200294015584645 0.249140468509584 -0.0610973128039351 -0.0343823058993605
0.00195160124314364 0.291225040501504 -0.0345757028619936 -0.077017930070387
0.150522220301837 0.2293087621042 -0.0860367961954163 -0.123550304554997
0.250868643312915 0.119058407418242 -0.146982356302221 -0.130549698378527
0.271363851340779 0.0898966161663364 -0.174421351745088 -0.127043759284533
0.272767006968562 0.127356337320821 -0.15448875570074 -0.153693276749024
0.182592722218615 0.290640381089246 -0.0727539691017693 -0.2013589920186
-0.0295789545091041 0.361021860926878 0.0552395576481828 -0.135351231773608
-0.280874018808448 0.307743498536724 0.00485683237446352 0.0388288627159839
-0.415651071691836 -0.0952459677647 -0.176087222628925 -0.00635315290310818
-0.170661583863681 -0.423992182159912 -0.216122068621967 -0.25421179009754
0.0596269645301335 -0.41729994426555 0.0785276533490432 -0.442623997907404
0.0211275871137502 -0.43057408822336 -0.145301977559081 -0.163769052366959
-0.23940936477058 -0.384897741123361 -0.08303970300374 -0.0729385984809356
-0.384229371431697 -0.0483054679580596 -0.0589205109114113 -0.118711273201394
-0.251122424209423 0.319355800157167 -0.0854299222677513 -0.0407364825897624
-0.00553632728338943 0.374443075570563 -0.0579590121802143 -0.0266465329509647
0.178749364226497 0.303026543851805 -0.0442494840974784 -0.0428443357397189
0.304317477223722 0.172380460204312 -0.0464490361153757 -0.0709184465892631
0.321817700999072 0.134033153210543 -0.05726069652124 -0.0843594499792603
0.319508886086838 0.179246341128616 -0.0415504851634083 -0.0936684727088266
0.211577437759786 0.372843510885577 0.00141236431762192 -0.121089565249064
-0.0455102865806019 0.448978033302133 0.0728813949116674 -0.0580385044031505
-0.345282737118535 0.381594287556274 0.000406790420296156 0.0751887535706376
-0.518874071109028 -0.0929567281220224 -0.17314838034558 0.0348553695996284
-0.251781921111749 -0.514779495066075 -0.182693583558185 -0.156305100812731
0.029712423568216 -0.539580500504679 0.0665882887588806 -0.272736487288899
-0.0185922906130996 -0.481957174144122 -0.164410007542278 0.00558507272233027
-0.316612985074433 -0.40276331659813 -0.0125183289764905 0.0232432049841237
-0.446077256588348 -0.0156590001923943 -0.0280136111311898 -0.122885233095618
-0.265824909282398 0.367978944453199 -0.105906969713884 -0.0456930523775297
-0.00380259530742433 0.413804706908696 -0.0811770222363385 0.0380596805054193
0.190300720092154 0.332154878283716 0.00562201201677276 0.0571709806470046
0.316163854204807 0.198813839805692 0.0639599259937699 0.00535825879951236
0.32306872516487 0.158365316863614 0.0674882036120853 -0.0274367911683935
0.31279971527593 0.204070558701569 0.0784955509461938 -0.0230281578899936
0.197740603287003 0.391162428766598 0.0834481287367785 -0.0247302894576232
-0.060613549955346 0.453280562841828 0.092897137307997 0.0318473504324834
-0.345615679393352 0.374506266674567 0.0037304842245176 0.114376558706778
-0.513925136248381 -0.0822470619222062 -0.14884264421392 0.0817369475229553
-0.271250226635177 -0.512372247399048 -0.130444630310614 -0.0376335563187978
0.00113189276080728 -0.564202077175149 0.0559722807042452 -0.0765696139501552
-0.0616188922223017 -0.463122246250295 -0.166368256323913 0.201142200056899
-0.346696861747443 -0.359485996986047 0.0816023970968048 0.138292612728447
-0.43355938147002 0.0227541173546094 0.0191830219160241 -0.110065118290419
-0.234528171156018 0.35335355139643 -0.114182833013069 -0.0418284546262119
0.00197271193426154 0.382776009924731 -0.0944020772507092 0.109121020479516
0.172972601642991 0.309021480455965 0.0601074575900322 0.159510079168081
0.283924989793809 0.192592680168195 0.169202070642316 0.0852443370560333
0.276584890360896 0.156415005393705 0.18283907371885 0.0330422439773299
0.255549541752723 0.195517151464728 0.184105630344529 0.0480720705449884
0.146254947488851 0.342479907027006 0.152956347845389 0.0667594909133345
-0.0707621031394912 0.369570071605563 0.10502731304813 0.110927368859854
-0.280165985156022 0.281397944354124 0.0097244949554846 0.138615266117634
-0.395184829894073 -0.067802272462133 -0.112216576468325 0.11745237399159
-0.221375422583076 -0.416601514771063 -0.0723194761260705 0.0663225806433441
-0.0256118815079039 -0.489272760616518 0.0493979364761855 0.106510236742789
-0.088254824976896 -0.365346091407383 -0.156402714673196 0.387992535482516
-0.300677091562485 -0.256049974147975 0.171900502309191 0.249248051626735
-0.331570156968889 0.0474691458379916 0.0738465091849937 -0.0775626861251176
-0.157894042160922 0.260480002746049 -0.10318080027406 -0.0340048078236796
-9.11012308221432E-05 0.274682869905856 -0.0970274175865003 0.16602672095615
0.122155809477094 0.229390828472494 0.104790761362968 0.243603308222059
0.203260720842243 0.155582254111779 0.251610833447731 0.156697208310798
0.187630273291662 0.131612385396048 0.272984183203863 0.0895773049238648
0.159665972978961 0.16011799180588 0.258397184022956 0.109343537454551
0.0706491650654692 0.244418233811045 0.193530260876227 0.138685551722063
-0.0730579744299983 0.225702651693427 0.101491916472192 0.16137374127671
-0.172327427070492 0.138604739571142 0.0128758389904518 0.138220261920424
-0.213401911542781 -0.0455199349713268 -0.0726400378908551 0.128584216677813
-0.133073508703731 -0.255393343786288 -0.023960661328633 0.130913045132024
-0.0500687002460922 -0.337139933619216 0.0491040950597605 0.244264832325388
-0.0961905855648287 -0.205574525732581 -0.13803351001065 0.530539704227201
-0.194463828195004 -0.108844435640455 0.239807139103185 0.337954289361306
-0.162511758460926 0.0606223845325868 0.128360956010063 -0.0356952228345405
-0.0523445391735914 0.115962225657029 -0.0743204863761029 -0.0340795395929794
-0.00524476454127329 0.117701742280594 -0.0938852253687184 0.188715659687212
0.0466716820633272 0.111480934276878 0.126541318297143 0.291967639661603
0.0865630776424697 0.0945527121667523 0.293950866656331 0.206433820526277
0.0695286160031767 0.0870313613499457 0.322105785878788 0.130495988286569
0.0454521414646697 0.103760760692995 0.290241559517403 0.149917116202565
-0.00699813851476095 0.118447733849362 0.201647367965745 0.181144091893258
-0.0628532036592669 0.0683471282670944 0.0832638195045148 0.178079178197307
-0.0565915672477482 0.00118173247999335 0.0160343590227432 0.115564549592688
-0.0342696697301253 -0.0114162687093389 -0.034938644086997 0.117761239465121
-0.0499759256447643 -0.0755040905049385 0.0120689908493609 0.154716225292166
-0.0725218760736106 -0.151671101738927 0.0558248034538062 0.32060826102383
0.0683167273440593 -0.0203340816334152 0.0155228419434724 -0.368780784360286
0.000877558072967881 -0.0979915877770317 -0.0729705993153146 -0.192090339730571
-0.094752315814027 -0.0332472053621763 -0.010184109229681 -0.0959431039911468
-0.0644625898031702 0.0909052550289708 -0.0107326478566129 -0.064509340824978
0.0263223185142255 0.0784448933148362 -0.000310203219825699 -0.14722142786662
0.0592716912707073 0.0329015845918285 -0.114269051841849 -0.227821248656507
0.0641567170746105 -0.0141550846886622 -0.23004852771882 -0.226762890884896
0.0661011358530923 -0.0227553997963015 -0.269474859869991 -0.209118179321384
0.0595200393472815 -0.0110751312075216 -0.231163920668138 -0.25525427330779
0.0350739564296108 0.0260088671521036 -0.0880995890139626 -0.292315337164177
-0.000383068889810304 0.0519346230462638 0.0859501703958862 -0.19488350198224
-0.0586055534487554 0.0296062595442643 0.045360766049339 0.00935333655790718
-0.0363449922677464 -0.075255058526615 -0.10659904535362 -0.0498105527832283
0.0834752980465078 -0.064589132351459 -0.145507642722186 -0.343922080108988
0.0963234780457596 0.0335798702872854 0.243642584912493 -0.556680878056187
0.104424338825728 -0.168205514286638 -0.00858670349677087 -0.361508690402157
-0.0356803766185967 -0.223504447362192 -0.0810737140320431 -0.188693343526282
-0.181162817691299 -0.0800576400744048 -0.0358061930367131 -0.10799695274398
-0.153099219289587 0.145110194668145 -0.0349357985296317 -0.0441157274780732
-0.0144494313358636 0.185015954031528 0.00062278436770036 -0.114874322968197
0.0845819374997177 0.148721985802226 -0.086289109759297 -0.194855579526595
0.152287857128286 0.079305947344351 -0.18280388529561 -0.206693624622846
0.169035678301272 0.0642281774963281 -0.223025273120575 -0.199349357247396
0.160907322573786 0.0906703391006221 -0.191336077186239 -0.235184154872696
0.0842067466606761 0.184558134923209 -0.0675230770778467 -0.268827502936224
-0.0534926256676781 0.209968932377842 0.0826696370505375 -0.167901140803411
-0.205535445949625 0.138575339986309 0.0159071436367686 0.022235670735199
-0.22122431104381 -0.138672091773257 -0.15000787267189 -0.0590366475983734
0.0032312631674193 -0.273521296459449 -0.155438300478621 -0.34715821378088
0.132973799522301 -0.194291590128396 0.220321494625674 -0.526631356414125
0.121867062237607 -0.299529995878396 -0.0526765433700592 -0.302236023226845
-0.083408608787702 -0.331324893622242 -0.0775697792628117 -0.15890085922697
-0.265067473660402 -0.113816544032449 -0.0468871611493 -0.124015000801651
-0.231479769618957 0.195126587759649 -0.060167201359234 -0.0435792027216648
-0.0525866656712999 0.278411892962332 -0.0178728511879986 -0.0811710610543713
0.101238129747463 0.250344708081054 -0.0624330123716373 -0.136117784980927
0.219293361418599 0.161795214438174 -0.113936354616265 -0.154860140318074
0.246238819791938 0.140486119959691 -0.141148210301097 -0.15870519701827
0.236203681310958 0.178252957036763 -0.116348539895687 -0.180242560841089
0.117621718371427 0.316794390286918 -0.0288013308645916 -0.206079644066879
-0.103930575296071 0.343994692238281 0.0812482258436488 -0.112224522578776
-0.332202711805957 0.230986610397327 -0.00688147828737411 0.0481730464486008
-0.381517002520028 -0.187864989266598 -0.179799865799976 -0.0405245129978132
-0.0747811229514985 -0.450852626766386 -0.156729928328314 -0.295472279294399
0.152743818630946 -0.389478474858456 0.178460609701651 -0.424216273029548
0.116368244395491 -0.403083180600502 -0.106135329855389 -0.190057163216947
-0.151998719491253 -0.410409330116576 -0.0532912082303098 -0.092598668684156
-0.352652638376044 -0.123530489392094 -0.0365385184318967 -0.137079880695902
-0.292688714166153 0.250962239086094 -0.0836924873852363 -0.0560505243501614
-0.076327187080048 0.356092500187028 -0.050778121189087 -0.0387009932278729
0.113484929521151 0.326046788547949 -0.039489537973447 -0.0495627513982275
0.259428374947574 0.223031031121407 -0.0293893695788946 -0.0761177155019596
0.285935072332225 0.195608897646253 -0.0384751125967646 -0.0945686195497221
0.270782245948255 0.239082536460075 -0.0199709414197012 -0.0996125631120709
0.128234992478864 0.401925888342152 0.0254218052031338 -0.111040359823007
-0.138955825571071 0.424574529006408 0.0807013212571644 -0.0320858489055574
-0.408907232558102 0.285606039320672 -0.021642478227158 0.0845378443430385
-0.480692998596656 -0.211016789048831 -0.187559855865021 0.00150422778802092
-0.132564748838229 -0.555220259673957 -0.143271845283222 -0.194795670855987
0.154604485805088 -0.514192628124404 0.12520117280804 -0.260415910402859
0.088276400088247 -0.460301335880175 -0.160018284989294 -0.0301338260428877
-0.223664229046478 -0.444010045631459 -0.00303098455641143 0.0119555628168933
-0.418140656878127 -0.103719639926953 -0.00698036475294798 -0.136979732125697
-0.314764225332636 0.291018462616721 -0.10433283610277 -0.0664342625231656
-0.0826480036382747 0.393616407012796 -0.08758435543278 0.0193606596044151
0.11696200102029 0.356496108030051 -0.0118890764613951 0.0568831720932327
0.266410771478332 0.250297237299992 0.0625509192614312 0.0207518506714417
0.28207020783071 0.218963333571694 0.0701172635059232 -0.0152093213088034
0.258691860569525 0.262232656241196 0.0810704363621105 -0.00621402309538832
0.110767939635598 0.41628351142751 0.0833767505513822 -0.00215952414992078
-0.153508833940771 0.42634370966409 0.0809275286832104 0.0590776563022336
-0.408049746108536 0.278649276625395 -0.026536117960257 0.121032725506472
-0.476858917133822 -0.199216620497399 -0.172192417341621 0.0530192857973907
-0.150161554332646 -0.555802304239311 -0.11572525945401 -0.0673936147932761
0.132256922604437 -0.543599250389323 0.0694217496362609 -0.0678278183039
0.0421829925816887 -0.45193956632854 -0.203131576116252 0.158435051141384
-0.259716001276612 -0.407189032188816 0.0648245390802894 0.139780473716262
-0.412465287671897 -0.0665656259595559 0.0353509959159689 -0.115720029879274
-0.283792208596096 0.282539721690893 -0.113206112250249 -0.0651797398936469
-0.0723199193133278 0.362928209586954 -0.115110499466367 0.08608896743924
0.104112360305606 0.32934198151644 0.0203635217729724 0.167470699768273
0.236071959421167 0.239000653971418 0.147455891349337 0.120063036620051
0.237471583614687 0.208416845783668 0.168914835056914 0.0672965966351831
0.204005453925264 0.242149592415523 0.167530069653748 0.0834044600563966
0.0704512732157319 0.358920110896373 0.130583072573178 0.0992101254994408
-0.146370623462001 0.342544482059702 0.0763542247773627 0.1354424044225
-0.324427924737789 0.203689380609759 -0.0249963161413272 0.142012067222894
-0.364888248599671 -0.158696533317196 -0.140110637142655 0.09479808155884
-0.120841493438355 -0.451667772600115 -0.0800596461813602 0.04831486986191
0.0883444890982149 -0.474860511202119 0.021497740569689 0.112374349224576
-0.0067394789970142 -0.36692572285367 -0.231000277837468 0.341879631219831
-0.238476111662712 -0.298650324977879 0.12776321569828 0.265214782847337
-0.319217424096453 -0.0189684695747244 0.0809448007268573 -0.0715508322765942
-0.195403593631376 0.209113569237199 -0.103116285725047 -0.0560006765954978
-0.0546429312251107 0.258642211541039 -0.129262605292769 0.141175817984092
0.0699048558191863 0.242990486495738 0.0483673771848951 0.258771124212115
0.165784050370172 0.187872715273495 0.213262035702441 0.206283029159018
0.155215396157848 0.165965938951014 0.243024176310402 0.139575939623642
0.11953123589059 0.188215253361714 0.226463010582426 0.156711144252065
0.017811441323501 0.248919078621151 0.155125139070437 0.174365481970424
-0.118017779949663 0.201400735389198 0.062109947330851 0.178382808837474
-0.191580837496427 0.089947594155311 -0.0186673180129659 0.137270567405296
-0.191149341333113 -0.0941700963391469 -0.0987562205743281 0.113131243248396
-0.0696667884685376 -0.276041281764069 -0.0459213776063187 0.124015853034888
0.0298427425902252 -0.333527864844504 -0.009412253659244 0.249442028940093
-0.0512007791409855 -0.217145989652149 -0.244249362763933 0.485094610450451
-0.166813507551259 -0.13937347057032 0.169796124502172 0.365945090320657
-0.162900467612664 0.0269031888234601 0.125283117262146 -0.0172985821851196
-0.0699544880683971 0.0943658240063934 -0.0727823227971744 -0.0496225974673653
-0.0292137471001917 0.107671709204938 -0.131642727861168 0.166515586306779
0.0201990943202567 0.114345849389066 0.0624027020109794 0.311282794744369
0.0646731614250847 0.10633669367886 0.243732221875366 0.263165144949688
0.0492305822507199 0.0998657191400331 0.281947633049899 0.189072558592071
0.0209167570123058 0.110635960476056 0.249091345209328 0.201757784922473
-0.0319930498629712 0.112687595056008 0.154915372270907 0.214336641869638
-0.0767155552219752 0.051120176937068 0.0423899191654373 0.186662616544176
-0.0531280625185751 -0.0151329283655588 -0.00866540393525318 0.110852059545625
-0.025725148832058 -0.0200101454799654 -0.0542966370661761 0.110719690721843
-0.0280921124006758 -0.0829709134896767 -0.0162721195393917 0.156816927769149
-0.0359995280722917 -0.15979348086748 -0.0188146755956216 0.32761430318043
0.066401873342138 -0.0228825964224625 0.0166859950990865 -0.361659072850168
-0.00396073063793086 -0.0963404020357048 -0.0727535011199189 -0.189816023833526
-0.0947492932186213 -0.0294588032523799 -0.0160435105245361 -0.0945072388740305
-0.0599501151368664 0.0927701125183201 -0.0132592640321538 -0.0577097452878952
0.029058050892873 0.0768692020094938 -9.68841027915654E-05 -0.139304147596527
0.0609447740353664 0.0308360304130933 -0.11287208147072 -0.219052842523539
0.0640807516383058 -0.0157288020025839 -0.226015050556818 -0.218163960767409
0.064642309761875 -0.0251216792236566 -0.26592944507182 -0.201481333621822
0.0588162358352146 -0.0129318395786692 -0.229400544830688 -0.250417570394733
0.0370848685929981 0.0252255443998435 -0.0905524206403241 -0.288407199379374
0.00192700192383682 0.0524295029560667 0.0838137405298939 -0.196093129169516
-0.0570513684406624 0.0320462269831178 0.0499768542595731 0.00785511506584682
-0.0392629861595915 -0.0717242888301439 -0.101995987694894 -0.0467641828469647
0.0790173619074381 -0.0660156292127319 -0.144384045288577 -0.330314667504278
0.094550188440238 0.0304022471171351 0.236415035234431 -0.545048566869276
0.103159909460322 -0.167947495196886 -0.00776276306553046 -0.352005911537426
-0.0392448665575355 -0.220189621403701 -0.0815169152640991 -0.185313798744596
-0.17895999413184 -0.0756832947167611 -0.0421987199446908 -0.10597628072505
-0.146031702824367 0.146026898388989 -0.0364725443300951 -0.036668446090344
-0.00946771674841465 0.18185970443177 0.000406763060691039 -0.10827406597288
0.0872211875557399 0.144420981744554 -0.0840360601158595 -0.188006653438388
0.150949341141153 0.0744708409974729 -0.179559459791758 -0.200067244690432
0.166580646463528 0.0588285567771863 -0.219445660539584 -0.193205262545777
0.159086115806532 0.0853646033079169 -0.189253847842262 -0.231882703543116
0.0866735686416649 0.179952013446513 -0.0714070956142328 -0.265861587748121
-0.0489182905665561 0.208765307923001 0.0813472666143819 -0.169689040822598
-0.198366293499128 0.139659426395735 0.0202126339670839 0.0215908081365302
-0.21993471946362 -0.133839088600406 -0.143992542995202 -0.0540148256007862
-0.000408366388684699 -0.271416240386088 -0.15537993091599 -0.332770955293133
0.130804818320559 -0.192000157503637 0.213620865008351 -0.517719573654024
0.121702294686009 -0.296771755956767 -0.0513671287444497 -0.293699600402844
-0.0860206845040824 -0.325907147125824 -0.0786582066552519 -0.155385094894955
-0.259685388838762 -0.109611273220346 -0.0543160935976959 -0.121401260714962
-0.22224416933225 0.19380757797208 -0.0608597057474825 -0.0361788279988384
-0.0462324206304922 0.273818770744772 -0.017938935705019 -0.0748778253156761
0.104254033510921 0.243916981339616 -0.0596744205531655 -0.131045278900069
0.218066876978177 0.155196760413333 -0.111517445009592 -0.151619269475969
0.243143701898294 0.133311404286622 -0.140094477035776 -0.154951021522744
0.233890976085951 0.171104088796034 -0.115416780889514 -0.178902574407989
0.12128252722653 0.309822926548702 -0.0326128473366957 -0.203993055992419
-0.0969417154621982 0.339969406404105 0.0799195818736581 -0.11553812686906
-0.321373609232923 0.229982811472739 -0.0024017861500275 0.0468339991455377
-0.375153058786458 -0.182096720456891 -0.17185407648173 -0.0348239542136818
-0.0759821191848889 -0.44397900350269 -0.157077020866009 -0.282784858261245
0.151640339136101 -0.382449284407089 0.171230128667493 -0.417368367807959
0.117297228025527 -0.397158387379921 -0.105810670270157 -0.183191849951576
-0.152646481068796 -0.405159231366823 -0.0551453296478646 -0.0899532388021598
-0.345606977859492 -0.120460797377802 -0.045211937069564 -0.134575406670827
-0.282383677059077 0.246627970192859 -0.0854084628568359 -0.0479242198967091
-0.069467608871632 0.350173352277009 -0.0515876666698766 -0.0319339971701469
0.115671720053903 0.319081544118957 -0.0363503433902986 -0.0461016307760368
0.25820939897799 0.21498335887954 -0.0280547376750042 -0.0766302302410909
0.282778617042256 0.186744523154787 -0.0380591677915288 -0.0937867560763889
0.268971022349329 0.229163472691969 -0.0204505313744782 -0.100821521309082
0.13266288357935 0.393187279293023 0.020806449876688 -0.111869156713168
-0.131154723173043 0.420330582519912 0.0794555519061651 -0.0370335585174962
-0.396192678322229 0.283765827421258 -0.0162732940256867 0.0816433908151529
-0.471680687813698 -0.205093330072615 -0.17869274697791 0.00759505660929074
-0.132589997137907 -0.548192720351152 -0.141554284103686 -0.183305281611536
0.152914986060303 -0.504725795023495 0.120735233070842 -0.255813336115597
0.0901892085907949 -0.452357121286348 -0.159586755514708 -0.0253912391417079
-0.220738756078077 -0.437972258720241 -0.00511256057127682 0.0128005065460091
-0.407583116036729 -0.101865153649043 -0.0163987792604638 -0.135094539251428
-0.305163645806462 0.28509645870538 -0.105971883268734 -0.0595078897400349
-0.0758694601712015 0.386736898408341 -0.0875842862385403 0.0254079761054555
0.120064415446698 0.349696798317135 -0.00869946842828166 0.0589961450715372
0.26538435208738 0.243743174298474 0.0625299042411226 0.0163194140401152
0.27833226837831 0.21148460968806 0.0684269996543738 -0.0170906916618704
0.256927974961146 0.252976024858579 0.0795812695821311 -0.0109899464443733
0.116222567596647 0.408568471903233 0.0789984986562566 -0.00533987203810171
-0.145543036233806 0.421279106205119 0.0805791875875455 0.0517741240621581
-0.395664157024987 0.275204937791013 -0.0220924693985223 0.116644431899811
-0.466882427342009 -0.194730971099092 -0.163047247795387 0.0578429138026125
-0.148707154717108 -0.548139132533261 -0.113739905407938 -0.059940958458948
0.131562134828726 -0.531319165284518 0.0660113256762063 -0.0691097214579553
0.0445748176277071 -0.441980685207593 -0.202337539842024 0.159444072363888
-0.255592334223354 -0.399413975184679 0.061405137965256 0.137278099795166
-0.402478950596899 -0.0649137524784283 0.0263036206393137 -0.115097824355991
-0.275640272051697 0.275829688089752 -0.116494681609175 -0.0596016659773384
-0.0675820276340045 0.356041052489395 -0.115692291444609 0.09151504160495
0.105976412013408 0.32292987326247 0.0232961532982061 0.167608681171186
0.234403174409393 0.231188707329848 0.147118438027913 0.113466088280469
0.234134190195037 0.202023544792341 0.1657170544272 0.0628723355997365
0.203713499205919 0.235933434486923 0.165397684389507 0.0765449024324435
0.075048652087363 0.353432394439815 0.127755476718951 0.0931353534809996
-0.137911188256981 0.337253089950542 0.0762050793482148 0.127294100631501
-0.313937987442301 0.199898924457021 -0.0208996166762148 0.136266580015967
-0.355055674969795 -0.154895521035564 -0.130340427624622 0.0985043605976689
-0.120513337569209 -0.444638683703793 -0.0763250758784179 0.0524099709133211
0.0881865905233957 -0.463622565752512 0.0199497538117726 0.107601938804604
-0.00344318896083038 -0.356981795151356 -0.229290367257537 0.338727868681692
-0.233536219844333 -0.292286698695359 0.124362379861247 0.259273937942062
-0.310030908638104 -0.0195675988994463 0.0724896696525119 -0.0731069272619651
-0.189675372599004 0.203282939908811 -0.107273340726459 -0.0519070131230575
-0.051693928185191 0.254650928528256 -0.129782720219819 0.145115584167697
0.0707092359105787 0.23872897860672 0.0513387107947262 0.256966323272198
0.163837152051838 0.182175769533037 0.211648686075181 0.19760098649342
0.1530321458902 0.162305065094528 0.239728820477673 0.133682879826276
0.11942868524792 0.184416680595501 0.223324239699933 0.14819304736305
0.0206196485731672 0.245177711485001 0.152576990397118 0.166781488811818
-0.114920058842265 0.198170871254395 0.0631305673635537 0.169734913406395
-0.186783425855236 0.0869451411169844 -0.0151640675016177 0.130493034294504
-0.184803981215275 -0.0936027002141885 -0.0901452905650668 0.11556980732287
-0.0685826155507082 -0.270996320687823 -0.0414408606945813 0.125280199608668
0.0305899184340183 -0.324081890959394 -0.00937834946401821 0.241240393087862
-0.049294236026178 -0.208932988470695 -0.241804001847607 0.478556607628731
-0.161867931388001 -0.135118228927846 0.167822056194192 0.355939478376463
-0.155635764145754 0.0254795781418132 0.118561679336099 -0.0204826125895759
-0.068358857985901 0.090160656379142 -0.0782716360295144 -0.0484204157111486
-0.0287697809347474 0.105580549957347 -0.131670265091072 0.169269607773921
0.019873214764872 0.113047528329105 0.0649339342840765 0.30728991653543
0.0640289531271326 0.103986006122813 0.242917235634879 0.254189980012875
0.0490955694695133 0.0989613998475606 0.277929163528228 0.182153634668454
0.0219822509714748 0.10956025702139 0.246216248480823 0.193299160683101
-0.031041593213891 0.112267454417658 0.152451851577976 0.205782522146235
-0.0761992801806954 0.049669608712548 0.0427804244268128 0.177983817879378
-0.0528175757258471 -0.0182773835049667 -0.00549948425840728 0.10376690565638
-0.0207580311200727 -0.0221070273982748 -0.0477485090212569 0.110925443379315
-0.0258245227126071 -0.0806112602889208 -0.0127139347017708 0.15597778963193
-0.0339506386424952 -0.152975235342383 -0.0191127125014751 0.317925572937304
0.064386462069998 -0.0246887787938901 0.0222809186217991 -0.353759926909097
-0.007562878138134 -0.0947423566493187 -0.0713156632018008 -0.189239106151429
-0.0942968691198305 -0.0265072712085906 -0.0201198494752977 -0.0934186361122402
-0.0564319469913815 0.0936183851562315 -0.0148789154345023 -0.0508435889515264
0.0309401714757294 0.0760554987616844 0.00190786581414872 -0.133049919917176
0.0620694756906636 0.0290372562671807 -0.108202494552514 -0.213771481052381
0.0640997206698078 -0.0174411507757703 -0.220293362114177 -0.212466078028322
0.0631773994244284 -0.0267365139219958 -0.259941740287989 -0.198333657718894
0.0580327891059607 -0.0142231822007525 -0.225788301714285 -0.248300481614221
0.0381969862660898 0.0243560838683043 -0.0895095782871496 -0.286161852312517
0.00381671435950074 0.0531519013080749 0.084117040053037 -0.196169480603505
-0.0549831292237214 0.0348181469656955 0.0537484280528408 0.0067792256570981
-0.0407734715942138 -0.0687275913767011 -0.0968129289505719 -0.0452689243431957
0.0754374101945253 -0.0658194170014738 -0.139588300949058 -0.319521562325332
0.0918100198691231 0.029576268999645 0.237736741513584 -0.531662742202185
0.103567661310436 -0.16629705609781 -0.00189445483344692 -0.343291287365501
-0.0409567345996404 -0.217006754464443 -0.080410942566668 -0.182719606131465
-0.175826029027397 -0.0742945075921115 -0.0470080827802057 -0.104038502103158
-0.140376833754838 0.144021889993351 -0.0375979727090338 -0.0302396446363716
-0.00680005361659675 0.17847272603296 0.00173273029443096 -0.102309279051291
0.0877366342502404 0.141111189855862 -0.0799536297540384 -0.183658589889178
0.149403048396862 0.0709962586627819 -0.174312017737584 -0.196313803062613
0.163467244984317 0.055545613942846 -0.215472123377658 -0.190593873966157
0.156489822279766 0.0822435317612153 -0.185709615757447 -0.231228405239937
0.0872011930183638 0.176428572610023 -0.0716904127513949 -0.263862373266679
-0.0459913287932673 0.207217880124506 0.0814078424617232 -0.171363510832122
-0.194136224788121 0.137717729153337 0.0243078584550273 0.0201306842783201
-0.216567818478129 -0.131758924932399 -0.137480377345994 -0.0513341208870575
-0.000385941723644218 -0.268393200039603 -0.149890296838969 -0.321436577319902
0.132038995144754 -0.187448041545431 0.212930547569102 -0.506243160122718
0.125756200910501 -0.292197869754225 -0.0462437882098192 -0.284913755668666
-0.0843807051545143 -0.322304493842022 -0.078448390939139 -0.15260541182405
-0.254179711890836 -0.109823025333578 -0.0599427456968744 -0.119208847380532
-0.215932796348673 0.189890698035232 -0.0611173982797212 -0.0296010119181041
-0.0431161676225813 0.269335737036502 -0.0176147984491745 -0.0683769130387696
0.104564488916173 0.239940807322757 -0.0558642009064541 -0.127346804729879
0.215366559746316 0.150892452849071 -0.107215438887935 -0.149576774821349
0.238122297165179 0.129806196869751 -0.136528276210566 -0.153443730761665
0.229403333846934 0.166461914319323 -0.112758028065311 -0.17900484775929
0.121373007291735 0.304466337102857 -0.0345235791912232 -0.202623950096727
-0.0939967970027132 0.335356993729799 0.0793330237380551 -0.118399511968024
-0.313717657231638 0.225208101043039 0.00163239617075161 0.0451685555219429
-0.368699827278701 -0.180900819122961 -0.164009996237793 -0.0312775160902224
-0.0727639885812615 -0.43908396414709 -0.151808426017416 -0.272382000820991
0.155461494055475 -0.373725881737095 0.170597508497547 -0.407622343529579
0.124277017191726 -0.390999473748463 -0.101942432607039 -0.176686557900162
-0.147513120667133 -0.400807792974779 -0.0560437908819577 -0.0879222380800371
-0.33747037258272 -0.12230746235208 -0.0517467617304173 -0.131146329187083
-0.275893761854948 0.240668704278199 -0.0854208377879822 -0.0418777665462934
-0.0671741262756627 0.343778479896171 -0.0507566168177786 -0.0263871297460842
0.11596507407703 0.31328662100005 -0.033067019164303 -0.0433661066260578
0.253773579904829 0.20977063086551 -0.0257203507617912 -0.0771115302056244
0.276850763369221 0.183098521130505 -0.0375470304058754 -0.0933346597698047
0.263283933715585 0.224713657067109 -0.0195175029222197 -0.103099114144133
0.132128138650625 0.386386740153812 0.0180265275278203 -0.111770462190808
-0.127843962250193 0.414142465396129 0.0787492580176912 -0.0413764972812604
-0.387004027461581 0.276534159289322 -0.0131433382532304 0.078146987236408
-0.462591273888412 -0.204278307185069 -0.169702802963085 0.010299651610509
-0.127795172714843 -0.5406570341192 -0.137956664933898 -0.174646197073646
0.158173736410419 -0.492501552672475 0.118680418379613 -0.251839762430758
0.0984952086488972 -0.444182218661057 -0.158185179360537 -0.0221665279236128
-0.214202197279847 -0.432518558679278 -0.00772813266161503 0.0130721565269512
-0.397026114947149 -0.106135403280131 -0.0231616076551718 -0.131920687081394
-0.299940711713449 0.277996017425885 -0.106855164082248 -0.0536960002170015
-0.0738694599887473 0.380013145555155 -0.0879520647158929 0.0307316844503714
0.119304550732446 0.344778605283785 -0.00601758246898722 0.0603097876921471
0.260877742170097 0.237964093177563 0.0623640268982249 0.01399018076249
0.273758531221707 0.20772018084739 0.0671737024731986 -0.0177636067366164
0.252209237387443 0.247705724367716 0.0782161645194688 -0.0141877542710015
0.115763568993739 0.401929438700484 0.0747144630310404 -0.00705935977447983
-0.14182131610126 0.414774745127352 0.0785066550853098 0.045962159576055
-0.386606523174239 0.268117251301887 -0.0200220126848509 0.111904539301106
-0.456472289607875 -0.195123647880023 -0.153985125731387 0.0600583815043245
-0.142947389305375 -0.541877541115104 -0.110289254116293 -0.0539338860936864
0.138491844902513 -0.517722770399329 0.0630283647233877 -0.0694500481626788
0.0534599831060269 -0.432854037383339 -0.20285774989176 0.159212820511254
-0.247761130150275 -0.396446054563803 0.0574156324105115 0.136583816634458
-0.391388408292973 -0.0688189716775658 0.018521751717248 -0.113384285532474
-0.270449497700717 0.267900997969583 -0.118036471893686 -0.0547392934842677
-0.0666747871616971 0.349879347272944 -0.117069221550503 0.0959679662019227
0.104516422869644 0.320234561029312 0.0248508372790643 0.167699235263279
0.229615549879524 0.227326992180061 0.145271593689039 0.108561673150083
0.2302734465306 0.197936948594611 0.163045711052205 0.0608787022002551
0.199857525209499 0.23118004116336 0.162335710896109 0.0719461341306678
0.0747905485013529 0.34819342258153 0.122999114446639 0.0898266141695886
-0.136662825145048 0.332095056030173 0.0745186327349906 0.120032346754688
-0.308687153255848 0.193248997450683 -0.0190916678959114 0.130243963475928
-0.345440856257877 -0.156730323143695 -0.122399130958107 0.099860053923407
-0.113112865938472 -0.439690173057934 -0.0739317552500458 0.055105141612082
0.095084932360632 -0.450215184092181 0.0162864928058171 0.102866993762908
0.00383703342817837 -0.349020675719395 -0.232132354143081 0.33500032972232
-0.225689782483835 -0.28883495583919 0.118572992908727 0.254429388490967
-0.299937628754879 -0.02390250460204 0.0646522936621137 -0.0726600871198144
-0.187212971262809 0.1955238765285 -0.109702966549086 -0.0488268723326351
-0.0521630906611502 0.249649838183799 -0.131511156448655 0.147689940803422
0.068295912526431 0.236211379406421 0.0516821838113712 0.255319013300624
0.160065266929535 0.179682082178716 0.209224142380349 0.191975521362289
0.150564101664213 0.160068987967429 0.235153255502044 0.129284174728804
0.117310518642434 0.181917092871675 0.21940507609857 0.14347322988806
0.0208186218143319 0.24260383382909 0.14841247149356 0.161488281997665
-0.113576871150147 0.194454366410227 0.0618641837075613 0.162070621473687
-0.182836564989235 0.0814225545208909 -0.0133526949205063 0.123330521634732
-0.176795288709878 -0.0960956771954223 -0.0832673376454714 0.116213148894966
-0.0641322388603613 -0.266806129312649 -0.0388436599363369 0.125797943302435
0.0355618165499729 -0.31488230093093 -0.0134756281681248 0.233787055504725
-0.0441693324437761 -0.202531716926285 -0.245094646516029 0.468890246877725
-0.155861929239542 -0.133251499655294 0.160564349088596 0.347173683469272
-0.149203403336922 0.0229771242739365 0.110652441233281 -0.0219156428501699
-0.0686921846630063 0.0849376048956442 -0.0816291390749779 -0.0468316770766737
-0.0301712019656477 0.103547808952984 -0.133917714975466 0.170592754944566
0.0183105611731177 0.111893426131921 0.0640002194841463 0.305572416687978
0.0619745463683336 0.103011361576548 0.238704603547281 0.248745904064575
0.0475756605097253 0.0978453306872051 0.273174271872885 0.178398014638637
0.0215955973236008 0.109065574923289 0.241453823142658 0.188039415449
-0.0311029482658477 0.112248615880992 0.149841852736105 0.200012488885715
-0.0770792484871583 0.0478356210467504 0.0420511451306564 0.170937987589309
-0.052819702876591 -0.0216944162117945 -0.0039871131046276 0.097331061479085
-0.0158653487735741 -0.024752755386745 -0.0425377724147507 0.110135518896651
-0.0227307963181582 -0.0794302145481988 -0.0102531778480729 0.1546607920497
-0.0308699558924345 -0.14720819423748 -0.0223437351139386 0.308108985949935
0.0629943875334465 -0.0256689329891444 0.0330260593935932 -0.349917810544157
-0.00986340271941235 -0.0939262752096339 -0.0681443376783466 -0.190711572102774
-0.0947931389260871 -0.0253654943757222 -0.0237465749134474 -0.0932499247364189
-0.053731324259377 0.0947652780611931 -0.0155864066999036 -0.0456734320978614
0.0314040639505053 0.0756607317096544 0.00476251955340312 -0.128786900367761
0.0627176629257061 0.0280323785063754 -0.101713600296554 -0.212133332302696
0.0643584955866346 -0.0183760891889498 -0.213954667628032 -0.212275057748777
0.0627535055484388 -0.0278188321701228 -0.255292931225618 -0.200464642905188
0.058807523223774 -0.0145465006958674 -0.221937908767164 -0.252070097820281
0.0393819939568798 0.0238880083760411 -0.086718645558284 -0.287445829660177
0.00520875478847534 0.0543531194577811 0.0872968733292803 -0.198617099818541
-0.0542598246362931 0.0356311406312192 0.0576658249412086 0.00659799056706275
-0.0415544993843291 -0.0671011039314434 -0.0923915250240239 -0.0454418723157245
0.0741851957812928 -0.0655760742419923 -0.131774276123889 -0.313707316410496
0.0905534269150917 0.0300497656474569 0.246615749105737 -0.521372649257365
0.107353994711306 -0.165724631811963 0.00751494398496565 -0.339137479582273
-0.0403054778842798 -0.216645787261486 -0.0772691920195047 -0.183357543887838
-0.173601580107638 -0.0752815872111553 -0.0506159677615187 -0.102991259790201
-0.138346269852992 0.142667016399762 -0.0374696189611906 -0.025028426725881
-0.00679780429088327 0.176955433866543 0.00343487865438317 -0.0973048877045744
0.0876169149877771 0.140498595240995 -0.0743590426834025 -0.182227793043493
0.148838360272104 0.070675562907246 -0.168497737289775 -0.197128795579092
0.161171690232009 0.0553557225812793 -0.210603106699796 -0.19226085432543
0.155265920987941 0.082579445974048 -0.182230194769728 -0.234833358207793
0.0863708554712315 0.175891971573602 -0.0696772237364007 -0.264533995974318
-0.0464019708048064 0.206407159648515 0.0835006706068905 -0.173486408806671
-0.192627487950019 0.135222406885764 0.0280588939349762 0.0201944896493441
-0.214017866021936 -0.133467156389907 -0.131751060954368 -0.0508719988268443
0.00259382513264449 -0.269161608251909 -0.143064436809609 -0.315528503160196
0.136725626554737 -0.184068407394211 0.221611207340475 -0.495823707533564
0.133718081015086 -0.290607949574011 -0.0386045936468936 -0.280974941663012
-0.0802423399237335 -0.321813307634926 -0.0762703091695939 -0.152509225632101
-0.249913629472387 -0.113696167465664 -0.0640766519341219 -0.117715852272594
-0.214416810508289 0.185571014526422 -0.0615311161036564 -0.0238934621870824
-0.0437762704299858 0.266799014664791 -0.0158987399088921 -0.063302085563399
0.103766189751091 0.239362034761517 -0.0506361895140832 -0.125853581195842
0.212822558782783 0.150963511035498 -0.103669177035401 -0.151863326993563
0.235196652918902 0.130165241600823 -0.1331505459305 -0.155075339585981
0.226938660216501 0.166980647127654 -0.110480351230689 -0.182793003380263
0.118296209668955 0.303483455634147 -0.0342598961594532 -0.202848353718138
-0.0954199314179159 0.334060200265933 0.080730590099098 -0.121393881592854
-0.313095022014417 0.219509276286664 0.0041124682036304 0.043913327038822
-0.364632383252722 -0.186392386681506 -0.157696850520094 -0.0307101814095114
-0.0666378898677649 -0.440769548440847 -0.145539863329293 -0.265807799987578
0.165698902807416 -0.368263865396107 0.176839346603875 -0.401955163046713
0.136143682144208 -0.387159274532006 -0.096736283992998 -0.173540743824832
-0.142399498984706 -0.402457778895445 -0.0555035084295062 -0.0869759213940324
-0.331637985520443 -0.129174814904612 -0.0565991297683512 -0.129940427646048
-0.276353662113954 0.234554952618378 -0.0855976729554568 -0.0367425167885978
-0.0695083432019434 0.341743122867496 -0.0507203327132096 -0.0213360296443291
0.113155989212762 0.314241612014616 -0.0292562374588661 -0.0420982447465941
0.250195190057639 0.211514535850399 -0.0238899846678607 -0.0794919463324631
0.272854176928824 0.184199533558179 -0.0352839735076102 -0.0942839279161154
0.259564502754928 0.225384685847942 -0.0182496418470525 -0.105870424100783
0.127628347787832 0.385532301282179 0.0166790813683101 -0.111780249274651
-0.131911449875107 0.411647760922271 0.0785022760774279 -0.0450589289695125
-0.386842981558714 0.268721786661542 -0.0119261538204356 0.0760034301348529
-0.456253850931335 -0.213164635886662 -0.162478203051773 0.0109299972212946
-0.118164320351944 -0.542269645946812 -0.133707848011675 -0.170498000608002
0.173118868914273 -0.484933503452087 0.120123425110285 -0.249474945934831
0.112540987823977 -0.439810574250264 -0.157152040171672 -0.0205578569117645
-0.204856586981978 -0.434177629144513 -0.00989761457845213 0.0145866745917735
-0.391499578107765 -0.114787294947316 -0.0294837240786275 -0.130429598502974
-0.301265713794679 0.269121924738108 -0.108074412118872 -0.0491315698911656
-0.0780800178130951 0.37741353753313 -0.0890665422053506 0.0354773902885435
0.115159145819618 0.344788631299277 -0.00426331102468145 0.0621454846463097
0.256070358630746 0.238739552879444 0.0626425928777281 0.0117388854196244
0.269198009409257 0.208973884824925 0.0672758339903549 -0.0181042285509746
0.247951473070423 0.248541644674336 0.0777821065993781 -0.0165437403355818
0.111892726110298 0.400131066227738 0.0719211640562609 -0.00728448200497091
-0.146721381186423 0.411840970851704 0.0765325360327649 0.0412381733392042
-0.385263429755018 0.259583523212966 -0.0193912171537929 0.108272484022458
-0.449135859242735 -0.204073279484737 -0.147248628527869 0.0606150540639453
-0.133532217150873 -0.542620949943764 -0.107290020203145 -0.0507687148247326
0.152702288214927 -0.508239034298363 0.061363503154667 -0.0697984698612203
0.0674119273418269 -0.428606392911181 -0.206473771531502 0.159091062855775
-0.237837487769748 -0.398948411634592 0.0527510463848456 0.136997988392432
-0.38461564925053 -0.078560247978883 0.0120420519524981 -0.110976245912491
-0.274237662339856 0.259207758212733 -0.120274629051208 -0.0515627977056681
-0.0710621928210222 0.347705643500266 -0.119878648876143 0.100667651223075
0.100648850416246 0.320686515744037 0.0251251576543269 0.169932702657136
0.225586437139 0.228695583525297 0.143681846354521 0.106638417582698
0.226279228022592 0.200079404135902 0.160671764081176 0.0610766153708153
0.195834594662433 0.232908956481319 0.159829694221484 0.0701744652115414
0.0712592678795271 0.347863194955114 0.118734201836987 0.0892067702558349
-0.140643733608506 0.329165779402295 0.070969865149506 0.115107991340535
-0.306800285018779 0.184779215643201 -0.0194882813979633 0.12571000210116
-0.338687426427209 -0.163864070515517 -0.116315813817842 0.100629293963042
-0.104344410785507 -0.439269213638952 -0.0724871446379414 0.0575477710657799
0.106845589022797 -0.443198579938776 0.0112074270505212 0.100059661854694
0.0155280913525921 -0.344451933109571 -0.23956565865332 0.331100952799534
-0.218349872988226 -0.291353052453208 0.111728910806202 0.254711192966127
-0.294286116354558 -0.0319648937928578 0.0585859130456253 -0.0718859816688351
-0.189235156826841 0.187939763482537 -0.112748374863946 -0.0476708615702741
-0.0549771483856271 0.247393126269344 -0.13534171599187 0.151083114922556
0.0651206134492848 0.237114042215561 0.0497271773229057 0.257566588708343
0.156162779367055 0.181241051544862 0.20498368210039 0.190629840998209
0.147502516229669 0.161866051645418 0.231516035765828 0.130592686942764
0.114592743840433 0.18301116429552 0.215175572580314 0.142137302704234
0.0183750929164793 0.242067809245856 0.143881990194724 0.159768562538457
-0.116321277766246 0.191478872465374 0.0585230303862641 0.157162215196456
-0.18270794362397 0.0751053810154985 -0.0142600119518427 0.118464975723962
-0.171470060073362 -0.101481382878387 -0.0786698519365322 0.116363456306743
-0.0572705391026494 -0.267309948914038 -0.0389998297160831 0.127067883835022
0.0444481075396326 -0.308184332765329 -0.0196814272203169 0.22900849986487
-0.0365958374328278 -0.198975979863377 -0.254975703956892 0.463867262840082
-0.15150883813765 -0.134977355439529 0.153145224475477 0.346016316642701
-0.145447572587861 0.0178573343862766 0.104823075151654 -0.0218119647675064
-0.0707247265632434 0.0805181944461338 -0.0852589331045007 -0.0460946157913467
-0.0326692714571176 0.102906288843478 -0.138025084390357 0.172817386706022
0.015736039276332 0.113490851549199 0.0603289189844192 0.30772101088667
0.0595656229047042 0.103921937399227 0.234070848134843 0.248236428185694
0.0456670859493373 0.0997089482831713 0.26845134578421 0.179535090014571
0.0203703106973842 0.110312073471787 0.235752824133502 0.188005285732767
-0.0321989277731193 0.112431907163058 0.145072073090053 0.197470569217464
-0.078327450633273 0.0459555920985425 0.0393879500534331 0.166358115021412
-0.0533845224885501 -0.0254484545643675 -0.0047031613979116 0.0914623921998804
-0.0119888257566926 -0.0279836899620038 -0.0389443621122865 0.110135414266816
-0.0197060437607843 -0.0795743672449376 -0.0103789899370829 0.154766375474224
-0.0261626373358645 -0.143379896564804 -0.0297766495249478 0.301893307757457
0.063072395737355 -0.0267679079172328 0.0447986023203693 -0.354023499653781
-0.0121458065562458 -0.0949740829725821 -0.066099287725032 -0.19692306053568
-0.0964270561867148 -0.0249432325643748 -0.0274129264790829 -0.0947679895582364
-0.0531203101573107 0.0967418835908476 -0.0163080190756507 -0.040807597349702
0.0330673950171121 0.0771842030207942 0.00823311500732767 -0.127098259992916
0.0651676270515617 0.0278159109095413 -0.0981658708655802 -0.215269051459686
0.066904914278945 -0.0193181308451907 -0.212009587908518 -0.216872244544728
0.0641347697488938 -0.0292491264093597 -0.254763796298296 -0.207296850676328
0.0605657434494907 -0.016403866784476 -0.222880096220704 -0.260757898557743
0.0406980604880736 0.0244797699206023 -0.0852227783539951 -0.295295691791479
0.00701677467137935 0.0564636926821982 0.092316860763767 -0.204467047419936
-0.0546085139876933 0.038158046466383 0.0625318230455706 0.00617821301898408
-0.0428428175026113 -0.0668295872662229 -0.0896027430322954 -0.0478297169839893
0.0736837044650458 -0.0666221316382956 -0.125446566425694 -0.314949164588109
0.0913113695365823 0.0309977116255708 0.261756950374783 -0.521852163091697
0.113384272340446 -0.168578784541289 0.019132597897629 -0.342686120661348
-0.040360307375903 -0.220850156337208 -0.0754191580266296 -0.187986794961812
-0.175546509558278 -0.0789958876535511 -0.0548927952439413 -0.104776141929177
-0.138853303653251 0.143036293556553 -0.0387050711132156 -0.0198468649038899
-0.00696327045061473 0.178718406548792 0.00652815820796654 -0.0948417612053533
0.0892781470035095 0.142760355534107 -0.0701226430867752 -0.184983768572058
0.151244471522602 0.0718323155281866 -0.166818081341014 -0.202677802316192
0.162726874917935 0.056785890889099 -0.210099527105309 -0.199223502139183
0.156495941826389 0.083494822638662 -0.182028861883485 -0.244264657206267
0.0863175788127878 0.179274241903559 -0.0684674876184902 -0.270474550403211
-0.0480609837998878 0.210621288526191 0.0882243793942523 -0.17913650918173
-0.195840294006535 0.134807459914354 0.0314970637085762 0.020004116181598
-0.216355292083281 -0.138843614856865 -0.128934674677283 -0.0521667848336982
0.00685341987049475 -0.274104853462845 -0.138046443397746 -0.31646916637876
0.145465259497596 -0.184518955260976 0.235035801778448 -0.497477719922081
0.145325363126046 -0.294503544722351 -0.0306739592784036 -0.283238694695967
-0.0782197686669707 -0.330021585394302 -0.0753573076806076 -0.155537639657594
-0.2513983518019 -0.120871616246894 -0.0694405526229875 -0.118700703488861
-0.218275576178671 0.184440839306638 -0.0624169700238638 -0.0193150563657777
-0.0468875027185865 0.269757085673308 -0.0143670390092491 -0.060090313399902
0.102970000899853 0.244132387242422 -0.0470062745052052 -0.127255102835479
0.214777779497143 0.154629992389248 -0.101746379217182 -0.157336418488227
0.236849690396241 0.13415301708464 -0.132146308927326 -0.160638210856447
0.227738729171458 0.171170795013857 -0.110118529783242 -0.190404604592329
0.117519798162593 0.309923745299375 -0.0328648288056135 -0.207284373107142
-0.100402069081267 0.338950959523789 0.0837424129241379 -0.126632708669813
-0.319447324190395 0.216390149565883 0.00655163408688195 0.0443621188306568
-0.366864313446998 -0.196321761882484 -0.154426488012358 -0.0315175069317114
-0.060202262705916 -0.450758579843578 -0.141635559474596 -0.266596516586973
0.181530860915213 -0.36884594653662 0.187747724613351 -0.402313412199461
0.151391470381477 -0.392113437870339 -0.0932559275455983 -0.174068223289067
-0.137749800559953 -0.412290231454571 -0.0553548487140263 -0.0880225799985989
-0.33277600024309 -0.140057183522133 -0.062963548520401 -0.130587739834621
-0.282373989712583 0.23064058380441 -0.0872769878566627 -0.0326308190751644
-0.0735161521783498 0.344287421428746 -0.0504411041694939 -0.0171279633012871
0.111544469483116 0.321657077531635 -0.0258269542152954 -0.0412986045200093
0.252351307231423 0.216366366231078 -0.0220371899380416 -0.0835242616443769
0.27398257335115 0.189174558259251 -0.0341024798177368 -0.0973421964587444
0.260145573798176 0.231179766076505 -0.0174802549145813 -0.111771451764719
0.125570709453484 0.393753373261753 0.0162047380141121 -0.113746125683543
-0.137633725964599 0.416967428499545 0.0791693954406831 -0.0496337820631899
-0.394339427283425 0.264278097229547 -0.0107058613538713 0.0756295286428156
-0.457766479289172 -0.226269809625505 -0.159077163715132 0.0102361098506926
-0.108468265676225 -0.556593396372382 -0.131535091994659 -0.168953351207499
0.192760186061246 -0.48661074996957 0.125797885001946 -0.250850608344001
0.13018376604211 -0.445331870385925 -0.158765822819049 -0.0194524131478256
-0.200830733164196 -0.447813629453348 -0.0112136585073808 0.0164284496000843
-0.391963815214307 -0.12760706110305 -0.034718479688164 -0.130855980338757
-0.310080436411232 0.26533063935121 -0.110249716342233 -0.0465433505442755
-0.0847640443278861 0.381406002384269 -0.091893387361182 0.0415388849673311
0.113630813617441 0.353691106597897 -0.00181361905775829 0.0651155064972983
0.257013442269764 0.246069044349712 0.0637291777918613 0.00919749355939153
0.271015100624683 0.215829908870991 0.0686741534708077 -0.0191736951853013
0.248821047822952 0.254762967990646 0.0778033672509935 -0.0191701095478498
0.108697210430903 0.410695743847854 0.0711789825795723 -0.00656060618119935
-0.153732864451257 0.416167757033331 0.0756803214679683 0.0374866810598556
-0.394197097215359 0.254172843931871 -0.0197330667222849 0.107165105743414
-0.450792560156638 -0.21711491422536 -0.144289494788024 0.0611263172631732
-0.122913705921014 -0.557199610137682 -0.106813369172686 -0.0480051173807088
0.172817997848722 -0.512764733692703 0.0610237344131639 -0.0704697519361404
0.0842019873135853 -0.433621703603501 -0.214425300175043 0.161773386999098
-0.233136104971935 -0.410506364171894 0.0495060984642451 0.141301767058811
-0.386125069186284 -0.0911686925367901 0.00659305743785771 -0.111439503360206
-0.282623105957528 0.256416079385605 -0.123621755983174 -0.0502034630415056
-0.0772041785633692 0.3509480970403 -0.124115337689476 0.106547737773514
0.0976199456576765 0.329072619670444 0.025542869372547 0.175629318272809
0.225486888002173 0.235515485699299 0.143945565771608 0.106909979112411
0.226515925616409 0.206619338164846 0.162961428771529 0.0628471377595023
0.19565199258361 0.238750066705567 0.160421291868677 0.0705630338486457
0.0682663255499819 0.355191301790502 0.11772617788319 0.0919839046904553
-0.147137392925848 0.331619480209811 0.0689256179595624 0.112748392121536
-0.31390739551115 0.179687220468966 -0.0208684940779413 0.124006193522893
-0.337725463826472 -0.176691269647759 -0.113869519112183 0.101998724276401
-0.0975269328910668 -0.450753164547282 -0.0729628252423786 0.060731345578519
0.125153993913399 -0.444205520292399 0.00622024385003846 0.0992949188480538
0.0281194093469057 -0.348862227241819 -0.2540580054486 0.334772480133584
-0.214550278406453 -0.300640696519364 0.106971617173937 0.260753510855064
-0.294544000811522 -0.0413755572045556 0.0533794830048199 -0.0715511427758966
-0.196875588605424 0.185280025305975 -0.117012464358582 -0.0469263163493931
-0.061028965647078 0.250690362329867 -0.14257940851425 0.157969609368749
0.0628221727669832 0.244328227481513 0.0491031429062817 0.266123372747662
0.156037465101428 0.186594351457421 0.204992660722007 0.193638210951023
0.14747177631311 0.167091231477205 0.233126987329392 0.13413021684533
0.113969228775831 0.188290900661956 0.216020926508895 0.144550329529456
0.015152141669715 0.247229869775829 0.142386336483952 0.163135504810512
-0.121691215603722 0.192703310513577 0.0556689464993778 0.15561595843479
-0.187065060322662 0.0696619196549632 -0.015577499124826 0.115331758895215
-0.168417350016185 -0.109096423682966 -0.0755942738014668 0.118344739821636
-0.0513327357540014 -0.273487382606619 -0.0391903929934708 0.130226063187708
0.0560626573376853 -0.30831509024879 -0.0280559494699533 0.228749168479767
-0.0297226452381943 -0.200188157544054 -0.273900617236644 0.467869142098719
-0.148767673086187 -0.138514024502921 0.147219781086333 0.351528277897179
-0.144580697740592 0.0126427567374248 0.101615989985083 -0.0207767061669176
-0.0751043577170453 0.0779145579618617 -0.0908400975192318 -0.0470702838263973
-0.0361793823248728 0.104463605622222 -0.145971864141494 0.178985866908637
0.0140493923293077 0.117497622934706 0.0583285660251089 0.317002489413222
0.057862252632448 0.107814845703797 0.233711225412453 0.254120611071585
0.0445471358838753 0.103323699802178 0.269280265880706 0.184844981489354
0.0193639446027581 0.113186045978762 0.236109145038582 0.192817880786185
-0.0349935721137006 0.115137303672853 0.142925855626784 0.200049541730023
-0.082790801801277 0.0447930136841617 0.0362942983384532 0.164829575801444
-0.0551816288635364 -0.0294443743742433 -0.00574486057651793 0.0876074797655927
-0.008350697624224 -0.0319164531207898 -0.0369802059842739 0.112399930810014
-0.0162061513272649 -0.0810820563467038 -0.0107168050159931 0.158075889078079
-0.0221169401607388 -0.142451997113542 -0.0386007877211332 0.30227486174936
0.0352537572529589 -0.0609867269969892 -0.176876358546036 -0.326476870763259
-0.0680930819964706 -0.0679503983337735 -0.179676823601987 -0.124798001352487
-0.0945050098012076 0.0374768615793157 -0.0865100598531127 -0.0562797868242363
0.0148679814488616 0.10886388552733 -0.0333516259816611 -0.0145912473828115
0.0729234916969729 0.0429742069018545 -0.0652876763225092 -0.106766274966189
0.0698245505261452 -0.0176636610408616 -0.209323501309473 -0.117880928833025
0.0420726881004648 -0.0563067167873632 -0.308527147438815 -0.0512906050819168
0.0323853225623404 -0.0644031628554421 -0.337609822257347 -0.0149239494981642
0.0371657341347493 -0.0529828686811268 -0.348016188574722 -0.0773804254849613
0.0487624987912077 -0.00603095719416228 -0.256322625059157 -0.194565567823092
0.0431898796920898 0.0410829203864754 -0.0522027744246662 -0.230512263791523
-0.0202855040661483 0.0656879911794663 0.0582795486881772 -0.0378620722840137
-0.0818060592981823 -0.0274882052323865 -0.100238420444082 0.0156888717100755
0.0132361380546823 -0.104972237030053 -0.297474260826494 -0.17612707001891
0.100680289016487 -0.0412236947763311 -0.112741816935367 -0.60350476508995
-0.000981651832603399 -0.211520229365565 -0.20093185778438 -0.301491306706582
-0.161878582932506 -0.156103016176584 -0.185401335640591 -0.114152233516179
-0.191586701933614 0.037250926041404 -0.119192249019989 -0.0445613424316693
-0.0298004096293555 0.195219108818868 -0.0391367830826278 0.0210486633884047
0.099793969783387 0.149662949849437 -0.0450154311200783 -0.0767617671976588
0.158737512724219 0.0624364789563916 -0.16510812435461 -0.106856148703062
0.16576816603855 -0.0332169524825773 -0.261844855427049 -0.0683409534532594
0.167759703707539 -0.0545033670915065 -0.296236762421456 -0.0362985187479095
0.180400019099894 -0.0287554391748475 -0.305458404219715 -0.0888878595158703
0.183836389250378 0.0946728729945411 -0.227154270429365 -0.183618080057317
0.0925267842054735 0.206085827172401 -0.0378408741552185 -0.206975173627784
-0.0825789295079224 0.234580881425655 0.0435615875059088 -0.00739668582385698
-0.278507058448103 0.0188036303476046 -0.132514750160884 0.0371935537152266
-0.175786471779812 -0.240403415347956 -0.301997556519398 -0.172212274027402
0.0110539186153503 -0.260971671149292 -0.111675612251829 -0.557631563688861
-0.0429332260054871 -0.337477145028585 -0.214094641187682 -0.222711152643254
-0.254986373361862 -0.224971548984487 -0.169030696319694 -0.0888423110859471
-0.280785360931807 0.0442506257352128 -0.143275032707742 -0.044796521229774
-0.071908455398116 0.273573795499479 -0.0583290787376871 0.040745009822561
0.120498280645733 0.247981062751393 -0.0393317106994102 -0.0335417585937412
0.232161136031903 0.138390287971824 -0.108636605061135 -0.0713495676854722
0.268120972904358 -0.00398345445319712 -0.177793741056486 -0.0712603643486346
0.277175982146011 -0.0356987667765295 -0.209445436850267 -0.0522169972093453
0.294922622575431 0.000537345502143818 -0.214193384379932 -0.0888140170964312
0.291249165672003 0.18527188497295 -0.159482731583296 -0.152676881637545
0.128920331516101 0.347785444335793 -0.0092980565951347 -0.161741408739673
-0.137118373482758 0.378470048734212 0.0387274771423326 0.0268505136645391
-0.445368111400631 0.0637198201395583 -0.137201511546694 0.0699779888760222
-0.342210264137749 -0.34934822567556 -0.268859251740739 -0.130275014956274
-0.0741119914579833 -0.442811067758977 -0.0874390403842597 -0.440839825002054
-0.0900531140328974 -0.425592486353545 -0.20758661681682 -0.0920966767593956
-0.349992216262171 -0.260686083688523 -0.115743898782272 -0.0453587851988726
-0.360420474470727 0.0745219836393009 -0.147541663109831 -0.0548327709128699
-0.0990911653011522 0.348414297691255 -0.0875167592124466 0.0480657563857398
0.141670455862847 0.325894773272408 -0.0418782458883007 0.0262950471513564
0.285123284721574 0.197335364799622 -0.0369032738973963 -0.0116709982957498
0.33594726012137 0.0242294401723972 -0.0653547009015642 -0.0594774939431614
0.343405730786225 -0.012439630984586 -0.0900681186000191 -0.0605312496286623
0.361165955499756 0.0310234216972158 -0.0898368928427756 -0.0811908371452411
0.351069102189679 0.251521232589849 -0.0605091926599122 -0.105185510071635
0.146364370849841 0.438269780940401 0.0350474517276176 -0.0959902530738368
-0.174410773817667 0.466527368012938 0.0438279105354449 0.0636189615001517
-0.544438644374464 0.094941927616066 -0.112861032136109 0.10689640314563
-0.450365965233178 -0.406923257062218 -0.195921125604913 -0.0585608471224846
-0.137821629751586 -0.548251036215973 -0.0388092621964354 -0.26936231137014
-0.137463006286596 -0.458044591579144 -0.172127854596808 0.0782826256960569
-0.418550863268649 -0.255285255771628 -0.0184621341763517 0.0151340894899223
-0.40249323794919 0.117572010017031 -0.126307411628339 -0.068723538542284
-0.104627088441749 0.393351847657458 -0.116063561053192 0.0532041842120972
0.154568349161781 0.363272875375976 -0.039744838747171 0.100378742775584
0.307091750759402 0.223910472021232 0.0497895193375029 0.0632400238453607
0.358441817007028 0.0456703000167051 0.0636034877988657 -0.0349816561057005
0.357837814796863 0.0117034492364771 0.0425060751996268 -0.0590110993212288
0.366035210500427 0.0588070132433786 0.0462127530982406 -0.063924595121071
0.347891214451045 0.275194429943595 0.0518231158666292 -0.0496014525185196
0.131746456846762 0.448198033654009 0.0860904170213144 -0.0205796333327681
-0.178786791129351 0.456560453627782 0.0542264099158688 0.0952807501502148
-0.531629214261064 0.0972716632421735 -0.0679468840683982 0.139127544800928
-0.461012288991115 -0.39632940286892 -0.097371375046523 0.0251629096282339
-0.173007287872113 -0.555970942104476 0.0204639440200931 -0.0759255198990133
-0.168515758729948 -0.420224736891665 -0.107473392029878 0.265920999424497
-0.423867442099739 -0.206678090233118 0.107865450269492 0.0833140748295856
-0.376254927417249 0.143130763548542 -0.0789600146916314 -0.0773518448827855
-0.0893175842208094 0.369402755824252 -0.130655931369702 0.0568961077421137
0.142017137690379 0.335683360615266 -0.0280973118703966 0.174557804594581
0.279942142274827 0.212684527723577 0.14010809346375 0.13784093537585
0.326395556707167 0.055529623914005 0.1908733381764 -0.00304540443750632
0.315690698174512 0.0330016242047028 0.170022391845327 -0.0489163520858625
0.313796299431342 0.0788252337857702 0.171592092551387 -0.0414951251022984
0.28042438103675 0.254046212903261 0.151408211573619 0.00361791183245251
0.0856962017859279 0.37298345970249 0.125844350895225 0.0462313292130404
-0.158013932540364 0.344023826697379 0.0620699579204945 0.110495844522934
-0.405657860932635 0.0612915771351357 -0.0185259436895577 0.153132759467167
-0.369796218787387 -0.322593376424717 -0.00440192633010661 0.0940579921382675
-0.169494170233727 -0.461713766024822 0.0803393584702139 0.0970201913034564
-0.167977429956639 -0.311774784695505 -0.0292496401115485 0.436648918260933
-0.343359689116118 -0.126711207934072 0.230390956950602 0.148393116301256
-0.269773298971318 0.130230591739699 -0.0118150781471545 -0.0764088710528384
-0.0597525154418321 0.262524957014556 -0.12584591406103 0.0494090404133965
0.0966790064165294 0.242472839202638 -0.0136193592265212 0.226546626739202
0.199500642595674 0.164050039032186 0.212312482003402 0.197054376988974
0.240534496338626 0.0579629757716643 0.295001562493342 0.0325805086234386
0.226393677222389 0.0499553523902521 0.273030655436361 -0.0331777872877005
0.214533376645869 0.0881093706925517 0.264287194371356 -0.0146259546160137
0.16945686090886 0.197514687664994 0.215943401999137 0.0467723463387429
0.0179506683579431 0.240240856726005 0.141300496031785 0.0909593345127808
-0.117213324917024 0.172791201554523 0.0582208592442916 0.101621862179346
-0.215472198853906 0.0096131333003777 0.0203266706435097 0.143335065034793
-0.216270824842369 -0.199651251638029 0.0623275635202897 0.130893422245946
-0.143653902853716 -0.297073924768375 0.129551051801113 0.220373262967996
-0.133910737024082 -0.150064790971816 0.0441111120092412 0.561029763754807
-0.196711147775021 -0.0305058984125501 0.324063220456497 0.201164666656184
-0.111415264188311 0.0896896007860766 0.0646138518677043 -0.0690421878989534
-0.0197807131827824 0.106112035308463 -0.105479613014836 0.0255680863226854
0.031866731298135 0.107772996075412 -0.00744778286950579 0.243350575603123
0.0832739437058666 0.0886433732842143 0.248465304174737 0.230995145499594
0.112823374247248 0.0519195794496424 0.354957313248438 0.0655924624726231
0.102556308834213 0.0600428809076783 0.334580734162997 -0.0125867772624541
0.0896955527817179 0.0842995874235781 0.311859049369361 0.0115850371410724
0.0450441761270106 0.118844788032416 0.240176598006631 0.0767517412702242
-0.0429114007637588 0.0915999714762556 0.129610897389959 0.111403764729794
-0.0673978339784765 0.00763079447489068 0.0472422124134777 0.0727956115540642
-0.0267366362633921 -0.0260264290913245 0.0455343184942628 0.114200411883893
-0.0630071273307411 -0.0574602773240546 0.0969476975026664 0.135845514364066
-0.106148930415087 -0.102608602472952 0.162906721486862 0.281531228214835
0.0334480876168912 -0.0650398504659497 -0.188445785028818 -0.33854529600013
-0.0749441923264359 -0.0660138199607182 -0.192177169061177 -0.126212797204671
-0.0964720059311748 0.0437448666727724 -0.0943790452641622 -0.0526553152568867
0.0216709604873706 0.112293135429295 -0.0315881290313103 -0.00932172453865766
0.0781448746866315 0.0413027477258244 -0.0666362476573134 -0.107569440376602
0.0719829364763312 -0.0226079438938205 -0.219417113206547 -0.116852124622286
0.0415686939580142 -0.0623823669259549 -0.321273858107058 -0.0453018405338916
0.030283830878529 -0.0696513188199774 -0.350200811361565 -0.00676201847787981
0.0359571290855541 -0.0581941279922093 -0.367507044907536 -0.0706545932052701
0.0513787952116641 -0.00896666073113834 -0.27464486953794 -0.196741301087723
0.0489409735487497 0.0403522908229604 -0.0630099569474385 -0.241743290342292
-0.0170874929066035 0.0700974538692732 0.0623058117698366 -0.0444651580044002
-0.0858395843863191 -0.0240500089637871 -0.101858069692252 0.0171028777592851
0.00908609381997849 -0.109233091180851 -0.308038036406841 -0.174130445300039
0.102765329677883 -0.0458467910594197 -0.127564809854457 -0.626420802870556
-0.00614909677160679 -0.22323515475585 -0.211114764507959 -0.311506333775948
-0.174624175617924 -0.156358590049601 -0.196320174976511 -0.114431031896343
-0.198815109457525 0.0444251087922851 -0.128597119640939 -0.0390084049882368
-0.0231435417264052 0.20254477177937 -0.0352596087556822 0.0271881129603363
0.108938945043665 0.151576737798177 -0.0441868544189085 -0.0764252141302527
0.167632315559525 0.0580941927365401 -0.172455618538248 -0.108269658113691
0.170411178092651 -0.0414455117607517 -0.273699818575372 -0.0659011280854442
0.171563284710616 -0.0629444368626479 -0.308852389337893 -0.0309434965806741
0.185620859048697 -0.0371791359837407 -0.323602733997022 -0.0837313263783838
0.195244301837141 0.0918003944201113 -0.243649886057013 -0.186247762112889
0.104695857248617 0.210791481049846 -0.0487156692310484 -0.218387588269196
-0.0782051507547806 0.245689736506134 0.0482357328838869 -0.011165779566304
-0.290707390296151 0.0276825403240743 -0.132864614854552 0.0401969016580086
-0.190311667769542 -0.24692900406507 -0.312866832054728 -0.168799298771311
0.00910123265316125 -0.276113072752985 -0.127188354954477 -0.576993969703623
-0.0515652295932736 -0.356099023410781 -0.222756348274646 -0.228164732779747
-0.272576785256522 -0.227081673503982 -0.177621842695571 -0.088230719542109
-0.291581827513563 0.0526934450655397 -0.153865163273687 -0.0373079779298869
-0.0670141217133242 0.285344158268829 -0.0552638388567397 0.0478659538388612
0.133098017101796 0.253017347569285 -0.0375762161535102 -0.0318142841495202
0.246718258374387 0.135031779891896 -0.112368979780224 -0.0734017243046939
0.278487908349997 -0.013990960376918 -0.188413149132442 -0.0714939553345649
0.285992864327416 -0.0463197794557546 -0.219601230011405 -0.0500783821219749
0.30536481004163 -0.00999513233957834 -0.229299290520807 -0.0879017831909351
0.309531715310886 0.184110569301237 -0.171120111979509 -0.154534210422768
0.145687030872065 0.358606227812577 -0.0174445892116434 -0.170945291696119
-0.133381777486143 0.395335501749294 0.0432422973780377 0.0251036922846009
-0.46417649591488 0.0761143277002544 -0.13612898099421 0.074566394448965
-0.367210672283854 -0.357355386379518 -0.277210335171454 -0.125040547950505
-0.0811324581253634 -0.463881066548346 -0.100313795525662 -0.454910999934708
-0.102021468022577 -0.446662978234712 -0.212899860203813 -0.0905918827663952
-0.371158922758305 -0.264851042685904 -0.120317754781206 -0.0439460416272692
-0.374851153367889 0.0828750115365246 -0.159191947461598 -0.0469032320185599
-0.0944407450997853 0.36335593536281 -0.0863850225793325 0.0567193478457552
0.157207878545614 0.33457547478034 -0.0387466872805658 0.0315757405178571
0.305151556109286 0.195153814081715 -0.034895413442264 -0.0126970308682215
0.34992754106954 0.0139861294595261 -0.0720634662379503 -0.0631013722636375
0.356441995470043 -0.0234687166701026 -0.0964609983359422 -0.0620619846237139
0.375405848293926 0.0206205174047298 -0.100268262003011 -0.0824445352880596
0.374672633973992 0.252271392260081 -0.0668631010941725 -0.107161703917348
0.164765522593637 0.451841580314616 0.0291471953000132 -0.103204120062992
-0.169658995952524 0.487586321426783 0.0478830076948476 0.0627464558203448
-0.565287181975308 0.110390762845235 -0.109035534804288 0.112162847418973
-0.480998281121186 -0.417204922160296 -0.198829927979932 -0.0520079056112059
-0.148820232084306 -0.574753071967343 -0.047892321397803 -0.27724179031913
-0.149415565562365 -0.479809260696256 -0.173090420409929 0.0879269584910624
-0.443308390722926 -0.257521666429529 -0.0176820051041592 0.0169647115934193
-0.419597664343188 0.127294580163215 -0.137187927038647 -0.0613440478182336
-0.100826023267804 0.41111270269203 -0.116595613655534 0.0624230060986884
0.170842333954944 0.373606195049321 -0.0341997137140488 0.110293649340279
0.328903084198912 0.223139709328914 0.0577797293317731 0.0636326971929494
0.373694908681647 0.0357047739661644 0.0626703458233172 -0.0411096990430366
0.372057979903114 0.00297366765540894 0.0418538323607857 -0.063759956089786
0.382742015911518 0.0493263780241039 0.0429495990112851 -0.0688930073751082
0.371441050901729 0.277661227354354 0.0515846499823918 -0.0526410960888203
0.150801415646237 0.46401220881272 0.0841342774586855 -0.0260098384921418
-0.176566183004724 0.47761666758105 0.0585223498959099 0.0954343592725704
-0.55228424579639 0.110660144892903 -0.061524015531573 0.14437256671143
-0.491815772708354 -0.407235063365347 -0.0959953658078612 0.0319519850274309
-0.182810036335382 -0.579769544902375 0.0170088816639342 -0.0775357699545247
-0.181108119260558 -0.43884088771314 -0.103441639592374 0.282654787426738
-0.446056443608414 -0.208069433067518 0.114750606726029 0.0849089428334895
-0.390222888282915 0.153049094648727 -0.0880684427715558 -0.0720968199022502
-0.0860760937683576 0.386085247637166 -0.133388279593033 0.0663396802993856
0.157117494287929 0.346011351780649 -0.020865786282533 0.187327911246329
0.299679945876571 0.213784155872718 0.155161412410142 0.138424491410425
0.341702385262877 0.0491742615636426 0.196166613978901 -0.0103075744154845
0.329509036263221 0.025509912239879 0.174293284969739 -0.0570997309593606
0.328474484442437 0.0724328294680995 0.17344897230511 -0.0487088785017832
0.301443639562763 0.258207183706404 0.156775790231227 -0.000487132989361092
0.0972203888025606 0.386479218271859 0.127801045158991 0.0425783571098969
-0.157140625257157 0.360461257449411 0.0657274283414967 0.110526215878361
-0.422024098037412 0.0703245532106297 -0.00908622181603145 0.157193710659457
-0.392654577638914 -0.329315309604732 0.00225444458352346 0.0999915089406304
-0.180253003010279 -0.481995469157393 0.0816275674202293 0.101606944291025
-0.177429621436883 -0.324559856616657 -0.0211156135225526 0.459192682839253
-0.358949068423409 -0.126158919227467 0.243162113494402 0.149830918454435
-0.279384812204871 0.136983567282715 -0.0179073872418731 -0.0734369536889745
-0.058565095761753 0.274452859939432 -0.129778057895869 0.0592919343918751
0.107013447497086 0.250510428153057 -0.00469872501473758 0.242341758660569
0.214167426631181 0.166379686298364 0.231676183143234 0.199991202586142
0.251710933505686 0.0545585956627607 0.306242307026242 0.0238112278383846
0.237272535168669 0.0463419307824506 0.282176323751928 -0.0426306550117039
0.226427570120775 0.085580093465301 0.271541446758104 -0.0241836986049846
0.183163900908003 0.202439397896049 0.225417541681793 0.0421534614024445
0.0236143473427014 0.250527882858947 0.144693128684904 0.0881051770346768
-0.120594656600443 0.181396108781406 0.0609094621530299 0.101024111469668
-0.22461408766145 0.0108496559540993 0.0308309050971292 0.146209758320784
-0.228948483226715 -0.204165777527028 0.0709330693900107 0.134944807889728
-0.149084136679547 -0.307210133060357 0.13502802199732 0.226750655155392
-0.139333221572556 -0.154718813353048 0.055834494383321 0.587428554862562
-0.203215232633294 -0.0282418205710304 0.339595474252665 0.201716600868615
-0.114252368309559 0.0918948322991813 0.0615776202587096 -0.0700673059493546
-0.0207510424514525 0.110387362392062 -0.111702407617405 0.0333326826662079
0.0354576075085994 0.112262842458295 0.000999297343388217 0.259692706234632
0.0900167122139244 0.0914450852147839 0.269804230256335 0.234909127525407
0.118981164984729 0.0527635410745729 0.370953290380811 0.0585872108078167
0.1088450694431 0.0609360227864806 0.346451130384569 -0.0239087750444385
0.0966486840059304 0.086604252768874 0.323121354730283 0.00240242207701685
0.0508539746868693 0.123722855339476 0.249653725666206 0.0722084734915023
-0.0443515966091097 0.098043900747778 0.134535437018167 0.110179788359115
-0.0733200403274084 0.00841452357526738 0.0474492826749495 0.070961411301976
-0.0284661893520797 -0.0309288980117861 0.055323416086866 0.115028341057301
-0.0647509055183032 -0.0593891119828544 0.106478457907528 0.138027713419522
-0.108059750413192 -0.103388636435584 0.170866165370302 0.288245460192239
0.0284228666047569 -0.0693862126993284 -0.205661657576532 -0.341529501334808
-0.081531255667201 -0.0609674340182008 -0.20424849758726 -0.119933383184396
-0.0956585235596525 0.0519491952300676 -0.102616393913493 -0.0454246842246387
0.0307738737607077 0.11224108884046 -0.0286419935346208 -0.00409421157229372
0.0833322816811096 0.0364601874737523 -0.0692577359651544 -0.10476775636872
0.0720095559915269 -0.0291246125511195 -0.228872263264833 -0.109317405641618
0.0372712001202403 -0.068140540886588 -0.329891551811602 -0.0312446545462526
0.0251961299732097 -0.0742161601446094 -0.358644425218856 0.00917008079569745
0.0319499946917469 -0.0628192638447534 -0.38159219760707 -0.0535981570029311
0.0525955137248411 -0.0130772489598399 -0.293856080853698 -0.187641353409157
0.0550680583655651 0.0369162439960259 -0.0798098198620989 -0.247470858707125
-0.0111901537930406 0.0727828005671503 0.0634597085421749 -0.0519272822163945
-0.0891696215318884 -0.0181089036008159 -0.101340038985368 0.0207411931843835
0.00173083721331461 -0.11073579165728 -0.316581885639139 -0.162974997755035
0.10209351213217 -0.0535675366697904 -0.155964572618774 -0.634712259562783
-0.0183526364760793 -0.231552819056797 -0.22582325387505 -0.312034891917063
-0.18829558364047 -0.149050081688179 -0.207463396224707 -0.107600165359907
-0.200744001705811 0.0563573943412561 -0.136210212865207 -0.028656757201567
-0.0110119772849912 0.206539559162049 -0.0297211740201215 0.0329368505576575
0.120310619630943 0.147693874562179 -0.0447688695558817 -0.0740828990280951
0.17444936520242 0.048317214565215 -0.180706068882183 -0.103139115648834
0.17053472243542 -0.0538207790672312 -0.283855387687545 -0.0545356392372969
0.169936838614246 -0.0746166678511989 -0.317105822245716 -0.0172204599083132
0.184982174110869 -0.0497358004723886 -0.338737279430644 -0.0690180020745319
0.204882495971953 0.0833720850481885 -0.260416633765296 -0.178191422614274
0.119338317330537 0.209452014640763 -0.0642564878103798 -0.224265503115436
-0.0664357601055353 0.254537971874538 0.0514046577326356 -0.0168183661056472
-0.296751090843744 0.0425093373235848 -0.130500574265763 0.045820203945672
-0.209338982518713 -0.244677500890052 -0.320772395014016 -0.154749567441226
-0.00182312258730744 -0.287283473825552 -0.154676190391271 -0.583606741211736
-0.0686760564242141 -0.366595952880858 -0.233464374205106 -0.224913303014072
-0.291839413535549 -0.217861436782403 -0.185759372417813 -0.0810107522344561
-0.296961433797091 0.066903890018928 -0.161843286954754 -0.0245731429156956
-0.0526091198073738 0.293794115340936 -0.0490604322615169 0.0553753404988731
0.149750104914157 0.250312041291379 -0.0351832810656158 -0.0282382551317184
0.260490622770007 0.122733402353784 -0.116293256752677 -0.0709690374033787
0.282447165629084 -0.0309625486192546 -0.19783678798784 -0.0659959216904584
0.288509543699286 -0.0635256298298247 -0.227858526219834 -0.041613623677718
0.309975623901644 -0.0278891469214738 -0.242625607518656 -0.0779126926299702
0.327707743129986 0.172378955587805 -0.184554204421633 -0.149885923850149
0.168464736869129 0.359225813407388 -0.0305991434252016 -0.176530136797617
-0.116099959370828 0.411170582123934 0.0481502661866268 0.0211306613402976
-0.472515309992104 0.0996542082628077 -0.130834407376764 0.0812183452683208
-0.395185002086445 -0.349971708632561 -0.282696243611574 -0.11160707248149
-0.0991958209252445 -0.478897510012143 -0.12305274762064 -0.458806569366522
-0.123809716037629 -0.460072222099576 -0.217354701757093 -0.0832818663185038
-0.395317945912326 -0.253147507574653 -0.12454143687671 -0.0384260535567447
-0.382028363346322 0.101890182240339 -0.16825494962133 -0.0330124386267729
-0.0785337119632829 0.376202988775881 -0.0806412076762489 0.0659242290995638
0.178307628755517 0.333957141927493 -0.0330499802815127 0.0369371288465805
0.325502053812108 0.181912707418542 -0.0330834102822753 -0.0132481848510793
0.358965660181074 -0.00539769546862927 -0.0796706044695734 -0.0626801712279006
0.361999084434697 -0.0432180771024731 -0.102996490369251 -0.0598518233601394
0.382387306945048 -0.000191336772586535 -0.109652619065332 -0.0792076041865957
0.396700833992164 0.237236637506221 -0.0746404190261505 -0.106056709539019
0.193102677267071 0.455845745609776 0.0194321653227618 -0.108775380281285
-0.149551563122789 0.507027750837516 0.0536323653300698 0.0597993638877429
-0.576342936443139 0.138034835839687 -0.10041324665983 0.117658018684925
-0.513812264045805 -0.406824536096173 -0.199713116110524 -0.0407193248079939
-0.17358512391188 -0.588321832203828 -0.0630996764876005 -0.279040105116192
-0.173442242435552 -0.492275698907236 -0.168321969796038 0.0986048379670052
-0.467540954049255 -0.243436712573925 -0.0152186831180257 0.0184680812509303
-0.426647332375286 0.147722094316711 -0.147259370236487 -0.0486292288136857
-0.0833146354947864 0.425635916393448 -0.111968764568066 0.0738350377535082
0.193433095310717 0.373077462410408 -0.0250682192909752 0.117897320224153
0.350401253983958 0.211536813755332 0.0671572091897314 0.05943516564886
0.384128739215604 0.0158647897275351 0.058586014707213 -0.0468422877361405
0.379568360660259 -0.0162731516121943 0.0385099523602515 -0.0687689630127792
0.392806187482135 0.0301411348691772 0.0370320331553396 -0.0735733989000709
0.397072495730641 0.263515706862741 0.0494923757870586 -0.0560219940884643
0.178188068104937 0.468405292738641 0.0791277162136668 -0.0319351046418493
-0.158828674854485 0.49560006459091 0.0645594139590186 0.0933725584211123
-0.563534359000165 0.137032352807823 -0.0496511405147971 0.147905218974453
-0.523648116797165 -0.394041828589772 -0.0909266771514035 0.0398341944989032
-0.206570429805578 -0.591228340949837 0.0109618062886619 -0.0777381297434241
-0.202107378411998 -0.448295015074726 -0.0902538039996597 0.296319327362233
-0.467189058981372 -0.1925835756288 0.123262647623014 0.0811203153514824
-0.393748833200778 0.170252557734531 -0.0970333782071054 -0.0619804717584389
-0.0708333650324152 0.398819823215297 -0.130892588143061 0.0789948465146131
0.178684918205667 0.34655820898297 -0.00697690757358499 0.197678294194343
0.320637818470852 0.203743299874203 0.170058512564267 0.132665714106617
0.352537011219658 0.032061920819342 0.197957724496871 -0.0220766121648625
0.338765584517932 0.00905347857764404 0.174409726948743 -0.068411520189659
0.339056352513374 0.0565417197895251 0.172821169944271 -0.059426205145428
0.323102137429334 0.248775265246567 0.15947433803272 -0.00853613242105659
0.119641570319543 0.391954819286075 0.127332185870765 0.0356153012752264
-0.144741577072529 0.374458043312605 0.0710397521883653 0.108470531969133
-0.431457851776015 0.0872528004125079 0.00501996064691953 0.15861903126934
-0.418071332764117 -0.321180756790344 0.0119989856312514 0.103716507837459
-0.198997877164057 -0.488698808173777 0.0847097693058112 0.10182385974962
-0.192669301281528 -0.328299038751611 0.00276110988255109 0.475268730121702
-0.372411881726508 -0.113237650829266 0.255470315177527 0.14124958267715
-0.280709221278048 0.149258859542326 -0.0248520140351012 -0.0679916138182415
-0.0492980489122157 0.283624660063793 -0.130343675263288 0.0715506041420383
0.121447532843685 0.251723024626726 0.010617946234448 0.252969335586426
0.231074811747072 0.159647784012786 0.252814594545131 0.191757334352313
0.261109028358909 0.0432421162924825 0.31256002873481 0.00825671968355582
0.24658664062349 0.036224004334785 0.28466465176141 -0.0576410868523614
0.236508289629009 0.0766724557310383 0.274304764022217 -0.0394864653910336
0.199856908722524 0.198490331790894 0.231120337670522 0.0304175783162782
0.035799162246731 0.256519635322169 0.148117236502869 0.0818856500377023
-0.116920553542882 0.189657223827838 0.0645294009751452 0.0982772707628963
-0.231089052775323 0.0171704361326785 0.0446049931949123 0.145471200824275
-0.243160895950563 -0.199480837831269 0.0822267008292779 0.13482100352171
-0.160167964739555 -0.310240354567565 0.144179980011801 0.227995827437449
-0.146348068863184 -0.153112498228147 0.0851095000781408 0.601374978636529
-0.207780513930217 -0.0207859674145296 0.354739169917633 0.190253201771008
-0.113104269215877 0.0951092748601348 0.0563337518950654 -0.0701617199849644
-0.0182149952964433 0.113938404494952 -0.114391052908556 0.0440761146845131
0.0408095619828419 0.113849789512853 0.0166870168910363 0.270058634126963
0.0985457383606674 0.0899613586791346 0.293926656127555 0.226546425696136
0.125067935922521 0.0497997784010429 0.382825678481097 0.0401506469181008
0.116331882377798 0.0587825658835802 0.35189695282141 -0.0411419617521544
0.104647138993342 0.0846070990364848 0.3289704232014 -0.015986099160343
0.0593864934534867 0.12449026352696 0.257812855542784 0.0594061158157622
-0.0421981885530205 0.104698988314082 0.139641799044679 0.104614867092025
-0.0779220966560105 0.011866136962644 0.0487687760864551 0.0675690032445456
-0.0314139746886076 -0.0351994622022201 0.0677815991062409 0.112322350504358
-0.0681417534721385 -0.0584309109395361 0.118363611561067 0.134640983172382
-0.11053461553058 -0.0997340399865793 0.183163696069714 0.287719194685844
0.0225171510551574 -0.0707454270513463 -0.219263398301255 -0.3344261385874
-0.0855703057209091 -0.0536006455818568 -0.212091793327465 -0.108952938832185
-0.0918807676919758 0.0586823637285041 -0.10738504179342 -0.0360265584434726
0.0394075944324066 0.10933744096541 -0.0242806029258009 -4.44232098403676E-05
0.0859562034652248 0.0306350570870731 -0.0696982521843024 -0.100476936340913
0.0686541327547686 -0.0345657553043513 -0.232919285749429 -0.0974596644074293
0.0309247538987824 -0.072248905090436 -0.330487743030052 -0.0146423027314101
0.0187729875047108 -0.0760921577398198 -0.357111909636998 0.0275676703162884
0.0264401348039371 -0.0656612388044164 -0.386124697907818 -0.0317295563443368
0.0522550522025717 -0.0175726816597988 -0.306846543917343 -0.171715208950529
0.0584826515919286 0.0315240348070232 -0.0958275078393388 -0.245875787642964
-0.00484462872197102 0.0735596970228314 0.0637944891565724 -0.0594458401170528
-0.0897285900277123 -0.0110848925156944 -0.0980388273396386 0.0237248849657988
-0.0063097245806155 -0.109530622676995 -0.318089648417093 -0.145917456067959
0.0982523706068671 -0.0600806211228953 -0.182242638956069 -0.627263079626699
-0.0319916452604012 -0.232993165048045 -0.236858842060301 -0.303572251377453
-0.196802762506216 -0.136432960670282 -0.212324298281362 -0.0966180986856629
-0.19777527982752 0.0670907444385498 -0.139580910389761 -0.0161848990839875
0.00198443337235319 0.205338206610051 -0.0231197514175745 0.0367242022339572
0.129027820973616 0.139023252818515 -0.0435960572239848 -0.0708709273699698
0.176208324696248 0.0366533898098298 -0.184726784235642 -0.0943390625991146
0.164749677312974 -0.0652747100083458 -0.287334544348905 -0.0403851430360642
0.163170687531052 -0.0845125160804133 -0.317724510188547 -0.00190137012894717
0.179998842064112 -0.0609596321302784 -0.344178927485663 -0.0495618731653212
0.209573814096841 0.070901047531805 -0.272355469863215 -0.164430838807255
0.132178839341012 0.201362308706098 -0.0798259642327961 -0.222538723226827
-0.0511195196275271 0.257799735784054 0.0535462356196253 -0.022702822328229
-0.295240514341275 0.0593924174065059 -0.12489875137871 0.0508081806619447
-0.223897683032827 -0.233616368240359 -0.320632250112176 -0.136360232254546
-0.0147823751193582 -0.291131188629639 -0.180139961315419 -0.575507372155426
-0.0888475686395055 -0.3678204249621 -0.239556914653171 -0.215515820468907
-0.303652252438261 -0.202098034040003 -0.188047007414838 -0.0721828002486571
-0.294180971648205 0.0818298445237072 -0.164848393419386 -0.00963313916894218
-0.0354190495257473 0.294191455352253 -0.040648149734052 0.0598896933600784
0.163723080348222 0.241206725813269 -0.0313467380477014 -0.0248933369566106
0.267233486345284 0.106392705065602 -0.118523160816493 -0.0665890786757175
0.278117471716078 -0.0482968304416669 -0.204026948211495 -0.0552301023559807
0.282839208861467 -0.0798601455335586 -0.230379209966745 -0.0314276300325104
0.304849371929899 -0.0458231204226603 -0.248827270937823 -0.0640258964408995
0.337638254138412 0.152723323328858 -0.193460021098501 -0.139550426946268
0.189467690020624 0.350571851707854 -0.0451314774015743 -0.175996159970987
-0.0948784217019131 0.416085059499676 0.0525358343038951 0.0156742860504291
-0.468771844174351 0.124040849448331 -0.122070500303024 0.0853230291889946
-0.414666847492816 -0.331866493520114 -0.280176872788222 -0.0953557010334393
-0.119527578677841 -0.479798566316969 -0.143298073745905 -0.450082974459186
-0.146647579705332 -0.460174452152202 -0.215354491938048 -0.0743292577980926
-0.409043909392517 -0.231580304941751 -0.124611567515329 -0.0327004383086308
-0.378770374081183 0.119118186637099 -0.171230028475709 -0.0166903719888283
-0.0590891333192916 0.37886729074591 -0.0716458483283841 0.072179981779356
0.196082188867779 0.32350250157096 -0.0261143809229234 0.0414664048629865
0.336248108431182 0.162175655693278 -0.031511116241807 -0.0142660724637186
0.35628840453247 -0.0274341792033319 -0.0863553927558027 -0.05951743566928
0.358254677585885 -0.0636313260147734 -0.10727292076806 -0.0560782854606166
0.378964106905249 -0.0223683630714191 -0.11661449378711 -0.0727790611213182
0.411509721388167 0.214543978226006 -0.080791782582814 -0.102309829185477
0.21893983753679 0.446264896171134 0.00839651743836192 -0.110201336002425
-0.124827414766967 0.512047113950152 0.0585913220950546 0.055007315003119
-0.57135796257994 0.166471817760065 -0.0883434170162718 0.118923852546623
-0.535606926359388 -0.383142932175952 -0.195303544025287 -0.0283557193093117
-0.197006556614314 -0.586653881197402 -0.0761799468931748 -0.272855319204763
-0.196171720344744 -0.490592923247403 -0.157739187858401 0.107184371504293
-0.480339360391982 -0.22169868939526 -0.013131156798986 0.0183398728861098
-0.421569871039748 0.164749108605633 -0.151224754464118 -0.0328694822880926
-0.0627685584536418 0.429282197724844 -0.104156837680251 0.0820972695137278
0.214352808357658 0.362622983187714 -0.0140379768047939 0.12252016069559
0.364140721850255 0.189577883241827 0.0733266078499734 0.0533161280963143
0.383836794309877 -0.0057415338990065 0.0524096696501611 -0.0511766728726668
0.378689723409539 -0.0379901884450032 0.032908116160975 -0.0718491801774802
0.390709453654787 0.00785580177203499 0.0305176501055078 -0.0745072262569727
0.412556007493987 0.240708096909898 0.0458297551533676 -0.0590223713737694
0.204265595779947 0.459061754327703 0.0713416004882989 -0.0359627573669871
-0.134078423187386 0.502407165286201 0.0697599583988331 0.0877346564572469
-0.558366173251334 0.162177591209775 -0.0350843739633999 0.14632049423461
-0.544810280081702 -0.371849204046788 -0.0821056501497618 0.0465096886263158
-0.22936078096388 -0.588527108554709 0.00605089009289728 -0.0747674871420795
-0.221795161502176 -0.442637282849849 -0.0709028071762464 0.302234568457118
-0.476374144975316 -0.171684391209433 0.127649288213769 0.0739878668861228
-0.388670194370207 0.185298943254315 -0.101762266687146 -0.0491298402187046
-0.0520989164001419 0.402347922809402 -0.124282762098397 0.089436763124927
0.19679965044765 0.337035001598901 0.00764414066699646 0.202095901157687
0.334336720931289 0.18566572245399 0.181873100624665 0.121168126841623
0.353644051615669 0.0131847002005191 0.193307450286465 -0.0337800064063549
0.338972630742586 -0.00899112266761828 0.168239569431258 -0.0782079548061955
0.34008029129769 0.037736239110742 0.166282580046441 -0.0686024217803624
0.337659810400339 0.229870954148302 0.157870952916709 -0.0182380638973773
0.14165092786288 0.387682469033726 0.124010853395471 0.0293212546053522
-0.127214262118439 0.380035890732597 0.0754814154681907 0.102791954963908
-0.428916668978436 0.105237694987859 0.019358266362502 0.153758123099173
-0.434634693276608 -0.301586857965579 0.0226991104245983 0.104049848258746
-0.216088346670763 -0.484325887783734 0.0867283915729749 0.100909624529486
-0.205708244618689 -0.323074978474639 0.0276006700404999 0.477436232036948
-0.377390009164526 -0.0968850708601725 0.261700843834672 0.127731070463163
-0.275854954959965 0.158654604741008 -0.0300415032434088 -0.0597909637757085
-0.0366291947351027 0.286014171686981 -0.125005328581208 0.0818380544971198
0.134341645571113 0.246321206111209 0.0280999923728782 0.257275771160688
0.241008647772128 0.146372745112266 0.267841660773839 0.176146713230459
0.263314050154721 0.0297024302101171 0.31130684835045 -0.00967471444583003
0.24939092569204 0.0236886150852836 0.279041246299693 -0.0733317585477616
0.240024494788006 0.063376350590772 0.269461894291486 -0.0538272107564911
0.211280993793425 0.187110982442688 0.230583309071377 0.0170503296017522
0.0495010048855328 0.256800028319836 0.147709920071961 0.073589752974036
-0.109786872000459 0.194370471245539 0.066830210849538 0.0926850144474778
-0.231584145971269 0.025357609292603 0.0577173641135697 0.138480241159569
-0.252403309933872 -0.188146847886974 0.093731396518157 0.129571049650137
-0.169541797692769 -0.30471170707381 0.15139202457131 0.222857971123383
-0.150394420652538 -0.147158454939868 0.113812053556483 0.601409777518513
-0.206869599583851 -0.0120425530594231 0.362222810088599 0.171051434806588
-0.109337334304233 0.0967780860111643 0.0505131018125913 -0.0683087263891258
-0.0154974035911949 0.115419864056311 -0.112979381507254 0.0539511376395643
0.0460914238278842 0.112327248357327 0.0339797206823614 0.272977224686483
0.104558000661247 0.0846899230300458 0.310309998074907 0.21066162429174
0.12821574519361 0.0434806321950534 0.383408107864523 0.0185100726628516
0.121456978591172 0.0534725571649897 0.348111445874005 -0.0603200435391451
0.110034901204707 0.0799542941060881 0.325763427639295 -0.0333623653836958
0.0672057962522963 0.122304450765926 0.258768924591516 0.0446165944083842
-0.037838312214535 0.109205193783193 0.140797621859911 0.0955921851729624
-0.0807704016360838 0.0155536927536817 0.0485338640431951 0.0631954824878057
-0.035228475902789 -0.0372696992849296 0.0776377881550266 0.104416557244372
-0.0687210904188991 -0.0560266010750789 0.127029931679396 0.127129580346277
-0.110272840500946 -0.0946126903048908 0.192273218780747 0.280243707353431
0.016797706202265 -0.0702189437845893 -0.223981138990351 -0.32458145095194
-0.0867636155829867 -0.0462537462845311 -0.212869439499588 -0.0988883033578138
-0.086507041532937 0.0627649276444273 -0.109013334485763 -0.0268739244596255
0.0450630464997934 0.103710366128146 -0.0198636707696547 0.00337143757033203
0.0866204195316234 0.0249492086401739 -0.0676235576194857 -0.0954900113860563
0.0650247459036048 -0.0383665739978193 -0.230708370923178 -0.0864915115681078
0.0255666224774082 -0.0734804499211295 -0.32408689980168 -0.00208230397749646
0.0130706889179036 -0.0762040164957653 -0.349716918858502 0.0391048741711571
0.0209636275026096 -0.06688789634404 -0.381857128548043 -0.0146803529265112
0.0506617623218685 -0.0205030671649569 -0.310366054803067 -0.157002812995542
0.0601835995839524 0.0267310710650926 -0.106066288408833 -0.239622687661017
0.000570623464675985 0.0725222825144909 0.0620947858188382 -0.0649395633445905
-0.0881507734647454 -0.0053289805797381 -0.0934523065481013 0.0253185219731417
-0.0117844950426157 -0.105692742341037 -0.310331654496313 -0.133278786775051
0.0933923726172276 -0.0641288374950225 -0.197208994269367 -0.610157658393249
-0.0421955079469205 -0.229984153239227 -0.239211333935595 -0.29419283297838
-0.198540121861364 -0.124407566353738 -0.211197576350684 -0.0874143653366751
-0.190790706561843 0.0738124204622487 -0.138927472259761 -0.00592151542870237
0.0115176744564251 0.198791428316557 -0.0165714935495179 0.0383191448696253
0.132291403552936 0.129864703874185 -0.0407350465057825 -0.0674794719403348
0.174260440713948 0.0265515961627334 -0.183375222045291 -0.0866207417123542
0.156809016192907 -0.0718790212723916 -0.284455252607065 -0.0288767161806295
0.154413105583599 -0.0903677951319524 -0.313341096731463 0.00882332924368458
0.171157993559335 -0.0676070121682856 -0.341269725671809 -0.0342576633329639
0.209507807140434 0.059948987779462 -0.274930809131923 -0.150629913586842
0.139257187263245 0.191674947003097 -0.0907124428948744 -0.216672587478896
-0.039840048441951 0.253821779550587 0.0544513487931765 -0.027576703856577
-0.287988738671606 0.0698787300288175 -0.117519193262678 0.0518638213783254
-0.229712352546283 -0.221830148177784 -0.312079031669369 -0.122472902597055
-0.0232108863573768 -0.290912662764154 -0.19342957014381 -0.55839417415845
-0.101741346331174 -0.362474915345525 -0.236681054239109 -0.207349615425725
-0.307145936275234 -0.185046722708041 -0.185928708638076 -0.0650020236993435
-0.286981540418738 0.0902353492546392 -0.16302656689724 0.00277361461491084
-0.0228918917842174 0.287541649117819 -0.0329224569117276 0.0609425440770543
0.170214249577712 0.228974646809505 -0.0268571489093053 -0.0217445178411941
0.266603825497215 0.090653196737397 -0.117484491258991 -0.0626398991474487
0.267891004105792 -0.0606193726052431 -0.204703833331075 -0.0468565302139517
0.272477762536682 -0.0906711596370459 -0.228539355611413 -0.0234978520718329
0.293765926858655 -0.0569353743031423 -0.248607665877668 -0.052669878718284
0.338063473308183 0.136196755626654 -0.19650310894626 -0.130081917485644
0.199554683443938 0.335081671570158 -0.0546065424043676 -0.172005497687163
-0.0771449448261488 0.410086001489694 0.0546429898853516 0.0114592745477284
-0.457704112678162 0.137169970855213 -0.111690740849896 0.0848735949461814
-0.420699770237 -0.313241822411294 -0.270490840819655 -0.0824676918409991
-0.129930465735667 -0.475464050982727 -0.152855409016484 -0.438219411700092
-0.160845133872295 -0.452385510497999 -0.207936902611511 -0.0683365667915805
-0.409997425895611 -0.21307488935515 -0.121864947319461 -0.0295100503817161
-0.370716783406806 0.127917230781371 -0.169249623336449 -0.00238837196722095
-0.0446633430029796 0.372648448079728 -0.0627408740393725 0.074849770168621
0.204706871681671 0.309633516336645 -0.0193320685227385 0.0434619889878035
0.336545061922873 0.143028618413348 -0.0292277111541366 -0.0151423505363715
0.345215433304746 -0.0409531158093574 -0.0901192337858139 -0.0545570510231909
0.347881440070574 -0.0767208276054224 -0.108628758059209 -0.0526714240201325
0.368261062966231 -0.0357162675733774 -0.118803586179179 -0.066536284181774
0.413579346336562 0.194295975395536 -0.0837846461434814 -0.0977198439065097
0.23268737689747 0.429934896663642 -0.000159454740834601 -0.108145590133994
-0.103862020295816 0.504936676440974 0.0616513126985421 0.049660931952704
-0.557082654197778 0.182391239991161 -0.0772854419866864 0.116857759533591
-0.542579789257699 -0.358565059371846 -0.183885021023057 -0.0199666131862709
-0.207517291307648 -0.57825121233827 -0.0832019477011266 -0.263278633110646
-0.210703004272143 -0.480346664651792 -0.146581239370729 0.109387860493656
-0.481616046506745 -0.201873755683903 -0.0111898037063754 0.0172348745243807
-0.410922200011112 0.174159348957388 -0.14992283389272 -0.0183597852811239
-0.0469012333668635 0.422864558977363 -0.0951741085073935 0.0865274147014054
0.224202677382864 0.347899895276274 -0.00408292021735161 0.123580611508755
0.365744719138555 0.169834088457669 0.0773813611724802 0.046811493994809
0.374792483992959 -0.0211655575884247 0.0464157696853376 -0.0517066066994566
0.369665961743498 -0.0529037115422944 0.027813764147468 -0.0729825317826673
0.381656935656917 -0.00746665536667842 0.0250072996975754 -0.0734283510623712
0.414525239106356 0.220456968616518 0.0417852539412182 -0.0605226599431605
0.21766849564534 0.446304968559854 0.0642661028011959 -0.0371279001394491
-0.115309585674654 0.497948130904394 0.0723374675104523 0.08209297232477
-0.54586802935758 0.17758143111765 -0.0226565625509894 0.140441923527781
-0.549733969703184 -0.348066498005019 -0.0719616615193814 0.0490662487183016
-0.241091774695655 -0.579521565604646 0.00210205042206675 -0.0699139776837907
-0.232159986902303 -0.434197801602675 -0.0555309921100293 0.299398036327592
-0.47354449297385 -0.153590292258708 0.12860527344757 0.0671209745351271
-0.379635486166648 0.193236128541448 -0.102279680877001 -0.0362557599683302
-0.0382734741989589 0.396277678537676 -0.115312144213909 0.0945700812405074
0.204547151039141 0.324072826871075 0.0194052762767175 0.202335139842725
0.33698544963893 0.166390070207802 0.186755104201096 0.108855945296645
0.346590690060315 -0.00130625703801946 0.185355472211161 -0.0407559511641622
0.332616469879671 -0.0213501882765724 0.160586331617986 -0.083511255364338
0.333527165122301 0.0244994561226005 0.158915073331131 -0.0732847079640795
0.342471732478239 0.212304073571359 0.152914930188854 -0.0247301296236546
0.153687050376727 0.376197345106881 0.117620217372866 0.024671319630978
-0.113239530762513 0.376997076724008 0.0768847304949847 0.0973665395650514
-0.420215300624055 0.116465250707313 0.031587797266235 0.145359775384924
-0.43920121134189 -0.282309164231566 0.031406225273971 0.10129897591014
-0.222129844569442 -0.475242004610657 0.0861764795136661 0.0995143081794539
-0.210799824104315 -0.314113261044307 0.0449863023157282 0.468878239057135
-0.372367470623939 -0.084480036957687 0.260965722182351 0.115073178477024
-0.268339240720275 0.161726295410089 -0.0325990820997285 -0.051412980612956
-0.0283606836921242 0.282738007080758 -0.118517929052189 0.0881966200492558
0.140228992008904 0.23788500271749 0.040955412374208 0.255329445007056
0.243686111613941 0.133426547380445 0.274150314613063 0.160847461928579
0.259441803890761 0.0194937153637532 0.30235941681466 -0.0216718967630423
0.246259966076493 0.0136581636805058 0.270381837385472 -0.0836237732216951
0.237712885873158 0.0535472609929872 0.260426293236672 -0.0637219382815301
0.21578170058565 0.175560535311153 0.225639039110224 0.00694742646647658
0.0579246822187878 0.25195698073709 0.143112762476982 0.0666409759429036
-0.103601451621089 0.194298024732806 0.0666396391151337 0.0874728889352392
-0.22882011028066 0.0297884226818218 0.0673868820090063 0.128617417642918
-0.253846474641593 -0.177899921035585 0.0994338246338396 0.124057454744228
-0.171419587005896 -0.297300001377711 0.152266434573749 0.216096600874031
-0.149260534774966 -0.140916432743883 0.131586911380788 0.589778361644875
-0.201650608250594 -0.00606850053248417 0.357835930904684 0.155761074861181
-0.10597212936354 0.0955396108811729 0.0461532656757134 -0.0644498006879643
-0.0132584423892085 0.114466437939551 -0.109146300034621 0.061314700224377
0.048644094114922 0.109679941699759 0.046690670027482 0.271109863260431
0.106705461614701 0.0789621530573156 0.317464553699097 0.19330308371082
0.128137389942352 0.0388417241709378 0.37669797076667 0.00308585948402697
0.122913056545075 0.0486425270083298 0.338368469006604 -0.0715284258803583
0.11291879748794 0.0745952883403997 0.316100609596524 -0.0455152326367561
0.0713277724902701 0.118066789540238 0.252789982198495 0.0325871633794264
-0.033974987812955 0.11079108424655 0.138536298564629 0.0877278105728687
-0.0812509519517957 0.0191050255938903 0.0466991087350714 0.0590798810941114
-0.0380312616533104 -0.0392256291711301 0.084707851703608 0.0950979694165039
-0.0684573336446811 -0.0538788275044365 0.13063613650794 0.118228646219172
-0.106363880128592 -0.0897707764972832 0.193850916816954 0.27031894321649
0.0441852418946563 -0.0578330352987439 -0.0719319548808092 -0.388055497065244
-0.0577932570684297 -0.0752275340620513 -0.15586761008724 -0.172409789574217
-0.103562768812318 0.0215178898500009 -0.0875758956126362 -0.0602199162297376
-0.00249047912879566 0.109820227858608 -0.00945802469908896 -0.00257512975914737
0.0679550544182462 0.0586305910967572 -0.0153638243009004 -0.116665681616029
0.074012139250352 -0.00817801340616571 -0.169036972327444 -0.174826340822356
0.0504558224399228 -0.0568587596544916 -0.290876834393853 -0.135076001399447
0.0396223283621318 -0.0647911519363741 -0.328263806634254 -0.106900782396365
0.0415880457326836 -0.0518714579894361 -0.335789327826316 -0.166226988921009
0.0519885709403012 0.00187732529824402 -0.217353304207911 -0.267762030031634
0.042533089617643 0.0453142742144798 0.00105003898382249 -0.259425148037821
-0.025018163492942 0.0648936862271888 0.0842740773130298 -0.0353767327769968
-0.0808780809535929 -0.0349063543574286 -0.0917461250412931 -0.0186973953483032
0.020799992172878 -0.0979032177095402 -0.216026840728975 -0.243475132520882
0.104093656940709 -0.034444610792764 0.0783687372492317 -0.625515939230343
0.0634663505145741 -0.231788059892565 -0.112381875289572 -0.356174897652536
-0.123257012624133 -0.193884856531687 -0.162911963689207 -0.156398485099525
-0.202454034959217 -0.0137806385726946 -0.123149421166849 -0.0455968642598104
-0.0724827925433965 0.17828138420525 -0.0154178003348182 0.034098372420274
0.0641525971086396 0.169740831529418 0.00370304636600342 -0.0805372850567708
0.1437116758252 0.0932937070404841 -0.122275404644999 -0.157849583406707
0.165039997560762 -0.00253377607500726 -0.243747246299044 -0.144488529859047
0.172366333438172 -0.0210153358781735 -0.28474289758749 -0.12035580944852
0.176572358355747 0.00651738188316153 -0.291926554063936 -0.165385344694372
0.16410696842547 0.13536318786908 -0.188561409784304 -0.24507011853831
0.05086888629425 0.225581128187618 0.00538832019635688 -0.230072565504062
-0.133535258557858 0.212389955837242 0.0601485492859479 -0.00273461464245224
-0.293465524178474 -0.042332737315069 -0.125273039757406 -0.00740340694591763
-0.131946143524171 -0.286063642676888 -0.218154026982612 -0.245061803482128
0.0825647746300793 -0.288251195354123 0.0724264097621338 -0.577158312306844
0.0701966066913621 -0.382257589720322 -0.159459889363567 -0.266739968607843
-0.190844708401494 -0.296018109246307 -0.152028175347461 -0.120331061846252
-0.296604575716713 -0.04225019057185 -0.147821809787852 -0.0401126322876591
-0.140961918397237 0.240861437959531 -0.0344720610193394 0.0515380037474157
0.0556427425181863 0.273261534566137 0.00279922963112399 -0.03404725651201
0.19921707904279 0.18772596925414 -0.0674976882116876 -0.110562960381092
0.259662169173821 0.0532706156650974 -0.163775053782507 -0.130139915798634
0.279774990045429 0.0260868986204882 -0.196355699364632 -0.115759605071508
0.283579096992968 0.0643099411286793 -0.201328952927198 -0.14236735149179
0.250729068801632 0.253773799680169 -0.125895748140303 -0.191887743115364
0.0504068795718687 0.381461603633455 0.0178262648887697 -0.173751427528277
-0.229707283520443 0.337964163709703 0.0412192901842358 0.0329762098743743
-0.475160393732963 -0.0457402025597465 -0.135034858140104 0.0212773338696811
-0.270900440337619 -0.441268286511295 -0.194292126880634 -0.202367747592848
0.0542884401314539 -0.497717648000794 0.0678659438316993 -0.453302437978705
0.0583845745934199 -0.491856622659918 -0.200218583836034 -0.120570280748252
-0.270672767111959 -0.36642081584488 -0.110784845150644 -0.0561373231227298
-0.388364039345273 -0.0444187266904798 -0.149625696127687 -0.0405507672102035
-0.196958971153981 0.30652006721219 -0.0631967550958048 0.0547933688995047
0.0511455678252235 0.359425947438942 -0.0123638037077802 0.0282839119752399
0.240640628556779 0.263388605461181 -0.00409028849724871 -0.0338802505115938
0.321488165498057 0.10219474601133 -0.0562990563390348 -0.0908883710499574
0.343247010610193 0.069449303136661 -0.0783701622774503 -0.0930133724985959
0.342356075047759 0.112613930900749 -0.0797056184647191 -0.101151359259951
0.297686985024266 0.33529510062484 -0.0378737518504936 -0.115223747467202
0.0441401370907965 0.478592383072877 0.0398136441293854 -0.0932775208455904
-0.29251967512473 0.413377964578324 0.02931698047454 0.0715338228468925
-0.584891670007067 -0.0441169578282901 -0.118078335090929 0.061289585863397
-0.361274203401359 -0.53050800088203 -0.141049582198195 -0.117811264487931
0.025793114222749 -0.622161076729879 0.0646059648375996 -0.267468744454337
0.0275913711032217 -0.539526003657859 -0.220672154773154 0.0708338414980795
-0.336866855151283 -0.387563543958425 -0.0303144989727916 0.0353094014973815
-0.445638027340972 -0.0233647659308916 -0.122569520431948 -0.0429441488958045
-0.222438187624281 0.350714548468228 -0.0949861799626131 0.0539828579146861
0.0511990731816696 0.402570879001147 -0.030028509313736 0.107503524897374
0.255273726609971 0.299476672969693 0.0682841391502566 0.0648820668166632
0.340060151782839 0.13302578305276 0.0659603356485159 -0.032669261359706
0.353314301417128 0.0991770771165084 0.0522631283826859 -0.0558411129210454
0.343793243481789 0.143727780142178 0.0517274427389591 -0.049176039504568
0.289665751061495 0.358606131951934 0.060003771079942 -0.0301499539069464
0.0268381647243006 0.487309257766296 0.0675303616425365 -0.00375591281534982
-0.297745983014228 0.402407994785842 0.02466251616196 0.104288633452623
-0.571858091483645 -0.0436052171936299 -0.078398754488835 0.104260568560474
-0.369742234321812 -0.521953642082901 -0.0690614038560395 -0.0118217936563518
-0.000661677393196374 -0.628987523189013 0.0615620429247807 -0.0600041118179797
-0.0126873053029661 -0.505397844021698 -0.21354129316289 0.283067485686168
-0.351418398537711 -0.343971284869795 0.0773447622964093 0.13730020904984
-0.424312739776968 0.00561287564036477 -0.0703794709876742 -0.041893812925366
-0.204301441151999 0.32962110653674 -0.119763955736608 0.0527439849813795
0.0436009525714203 0.372009252185689 -0.0428046953859075 0.189400135239031
0.229557250127734 0.28450989342595 0.141183395501815 0.167652434741703
0.30630528109611 0.138841513661888 0.186154984639677 0.0350255777874094
0.309256668930783 0.113778968689868 0.175741469442358 -0.0117548920132049
0.290435324803212 0.1534229631028 0.170380068842794 0.00379788014149435
0.227820592286844 0.322155168509717 0.145440430644606 0.0453229690221066
-0.00562412661982031 0.400892731551059 0.0902714979908507 0.0727393975599682
-0.250116959710726 0.294066073682151 0.0230530651548176 0.118544722798164
-0.430711202639446 -0.0544567101022609 -0.0298099900538858 0.132012545191636
-0.290127514032723 -0.421195087916902 0.000581519071886898 0.0812518373964613
-0.0219242605183979 -0.523235625793379 0.0607494599632075 0.126147797687704
-0.0459395424641709 -0.383807877363922 -0.183320589514692 0.471959208030762
-0.290130202048302 -0.239198851428796 0.179457146084664 0.229918913998892
-0.310728148525181 0.025694335021195 -0.0021294551288741 -0.0356297169657527
-0.147983519396441 0.235234083236637 -0.12824242102722 0.042779424633546
0.0219608492381364 0.267738290716973 -0.0523124911652767 0.247851588289831
0.161188934088827 0.217150761262068 0.195090278799893 0.251377546169303
0.221481563810272 0.123707862746156 0.28467113234557 0.10125657502827
0.218261965882275 0.112493356506289 0.274117645717448 0.0339362863046355
0.193250189847493 0.141696093377173 0.256737222594081 0.051699208751549
0.127868790352829 0.239921500800638 0.197787008625044 0.100491247477136
-0.0434151622590367 0.251107832451972 0.0959638687422927 0.118068448907031
-0.170791098610485 0.133365887819422 0.018749121178767 0.104351837454163
-0.221191058993798 -0.0621013720021428 0.0124059040293263 0.134596035678258
-0.160081954766261 -0.255983381517464 0.0488984294578997 0.136639247860801
-0.0388103877718392 -0.335885302057648 0.0618141772358284 0.256774444533875
-0.0679555702609569 -0.195891631124561 -0.138921066386889 0.608013378397921
-0.173602671238229 -0.0952824567686147 0.254290122739187 0.298376580663401
-0.135883661682322 0.0360471634479184 0.0710680546001825 -0.027713756705146
-0.0623533550017686 0.0945981389114404 -0.119222355635149 0.0181454372545594
-0.0047436268983004 0.115536766867398 -0.062394139627306 0.267035662487378
0.0610583617189461 0.112840543802961 0.214784335739053 0.302539105790474
0.097589156465576 0.087750991307956 0.3405091689683 0.155102738368865
0.0935560247854664 0.0944137680641773 0.330542465934658 0.072572417321541
0.0743507089287367 0.111421998768125 0.298702848135713 0.0874269210357777
0.0202176826790058 0.132570298770771 0.211436196776266 0.132146520481159
-0.0724156271230036 0.0881989149036558 0.0834118919324482 0.132700034837965
-0.0828749066237095 -0.0158623092564841 0.0137502515247978 0.0684259188529783
-0.0192948965654786 -0.0542532816663584 0.0426005775154081 0.114601487732351
-0.0368645751143118 -0.0744853631968135 0.0747449220146015 0.153932348424267
-0.0568084011375837 -0.117492006591217 0.0660453501976936 0.320718378887029
0.0412291216779064 -0.0588153678336902 -0.0724586701531133 -0.391335831548531
-0.0600921445261879 -0.0720786906787046 -0.158997735821807 -0.170848536272219
-0.103109190610257 0.0247382522898813 -0.0912583253001045 -0.0554231231661316
0.00196851878118402 0.109157623650782 -0.00693544335606746 0.000266920658947065
0.0701860775569404 0.0559937363843806 -0.0129667333953167 -0.115186724177834
0.0740155367928952 -0.0109138749450361 -0.17124636277953 -0.171479501503772
0.047649432038896 -0.0586759071340732 -0.292632512126723 -0.129530677658431
0.0359298303188599 -0.0660647837647515 -0.330632220575564 -0.103265972475067
0.0387294505965465 -0.0537726381916522 -0.340464243351357 -0.16024338418779
0.0527690175566318 -5.50406536557087E-05 -0.224882164447784 -0.265113495216719
0.0455399320217478 0.0435450106292963 -0.0055042249099114 -0.262880937800423
-0.0214131121822046 0.0654339089064893 0.0869729099509038 -0.0399390913002816
-0.0815495833759273 -0.0316783326447545 -0.0901134080248071 -0.0187827595491879
0.0178232480553936 -0.0978794537281005 -0.214109858345412 -0.239329482132448
0.102451948124501 -0.0384154426698144 0.0762193839857469 -0.627552724206302
0.0582710967553805 -0.234934279649132 -0.112219902592726 -0.357973397033776
-0.126778424353311 -0.190200492043649 -0.164928236803857 -0.155012205539962
-0.20356618738311 -0.0104781322166755 -0.126900412399425 -0.0391264791545971
-0.0676015214753468 0.178290466436468 -0.0117590666683537 0.0363526890602482
0.0679578881482064 0.167918603249821 0.0065580455665004 -0.0786140452528487
0.145503273096659 0.0889192862002388 -0.123988254745526 -0.155567214230881
0.163623624490888 -0.00663692388412413 -0.247096469795203 -0.140222011853472
0.170322273245681 -0.0248132321767148 -0.287130703374587 -0.118088912039063
0.174112170984571 0.00289925886958746 -0.296074183801653 -0.160063195185886
0.167078224420411 0.132416009163552 -0.194438221989381 -0.242620635832188
0.0564670830600891 0.224998639048182 -0.00110128193807156 -0.232962883422308
-0.128529172857014 0.214165751348644 0.0641870018016655 -0.0066605754679287
-0.295972746087606 -0.0380190563085867 -0.121877487876529 -0.00697729312130595
-0.13854044089261 -0.285671611113751 -0.215461945721127 -0.23987733613731
0.0803542162062857 -0.294905129106926 0.0694775581768998 -0.580240081290932
0.0636883023598729 -0.386659821886255 -0.156437282489549 -0.268181869268699
-0.196257854645915 -0.292720304036364 -0.153262595374726 -0.119962974226801
-0.298809011201822 -0.0386710450748772 -0.150314603831871 -0.0317361644696302
-0.135672340908039 0.241889456012237 -0.0297438136472047 0.0542993828124653
0.0606754901825141 0.271973344032734 0.00620185482707967 -0.0317793903481193
0.203297135730995 0.182245736421888 -0.0681420348363843 -0.110178813079542
0.258859290093603 0.0478535998484208 -0.16753105793305 -0.126725183031539
0.278369388233667 0.0200273274850625 -0.198996293299212 -0.114435378565339
0.281090475559269 0.0589657861902156 -0.205093736311836 -0.138057130740224
0.256271956000493 0.249220048009162 -0.13051319439725 -0.191117334676157
0.0576383491251479 0.380353521705857 0.0117776093413151 -0.175843116318779
-0.224909728241754 0.339909264801252 0.0462310251865373 0.0306987169162133
-0.479075023830393 -0.0404350601528017 -0.129397058406165 0.0212075847118994
-0.277799211267173 -0.440509338840572 -0.190050010876711 -0.197517421120868
0.0528291910345431 -0.506528998138955 0.0657869770181311 -0.450861396153873
0.0520337671073847 -0.498867064519942 -0.195859240249547 -0.120440636782645
-0.276414963088017 -0.362841863711042 -0.11075220978209 -0.0564773479491004
-0.392868064585622 -0.0414612902770294 -0.151831896398277 -0.0309880614921596
-0.192260400253857 0.309255208202698 -0.0586461256327244 0.0574325756998708
0.0579874750833465 0.359624703757947 -0.007822967843401 0.0322202746835183
0.245983224046909 0.256518385075723 -0.00266785977928946 -0.0342482368379342
0.321747593781094 0.0958054727618251 -0.0600854380641807 -0.0893439444043484
0.343013677471186 0.0619547573915685 -0.0801280524939757 -0.0940249074398852
0.341111167180493 0.10707614180472 -0.0823594975350223 -0.0990509838650533
0.305066610885819 0.329761846512326 -0.0406030777852713 -0.115857860274652
0.053543206756079 0.480076696529312 0.0337616056657884 -0.0942334730947833
-0.285953113955769 0.417062248888819 0.0340666317900545 0.0693676382826471
-0.588710388427202 -0.0364593908635239 -0.109939407122216 0.0608510816531939
-0.369549640442062 -0.528370744148518 -0.135581214328316 -0.113525182258083
0.0228054925418725 -0.631163353416528 0.0621557819242079 -0.265702882638699
0.0224871094958412 -0.54566690262042 -0.214968292283834 0.0730068276254855
-0.342671572119608 -0.384480822908563 -0.0283839891512469 0.0332922494015597
-0.450990028390164 -0.020044920220047 -0.124906307447433 -0.0329205184748261
-0.217873271496943 0.35238610546377 -0.0912147010957949 0.0572880975437557
0.0584720920851872 0.402417661850242 -0.0246439527214778 0.112619946814421
0.261179260127416 0.293978807867313 0.0731518279382451 0.063063348017695
0.340684142320439 0.127012713894369 0.0631178190102463 -0.0331527803749142
0.354870678144077 0.0921938095700439 0.0502440546818602 -0.0582951372891442
0.34423856612766 0.138698183690405 0.0500831809950509 -0.0501735460358525
0.297673270464117 0.353829647029416 0.0588513429800262 -0.0323804246916011
0.0364116758075786 0.489522628548733 0.0633754381198735 -0.00419441547621245
-0.293703013904766 0.404454972793506 0.0286008321591143 0.103707812508203
-0.575652379517452 -0.037378178151622 -0.069482059709152 0.101815829064574
-0.378129271067429 -0.521199104759458 -0.0627244462348082 -0.00892051864544015
-0.00406434800026891 -0.637996753617675 0.0604887575400952 -0.0577137526699778
-0.0151303378581952 -0.51036509934259 -0.207326838477009 0.285902684650807
-0.355884037182261 -0.340126530477238 0.0791303468584626 0.134379766878043
-0.428495996799205 0.00686644895620402 -0.0727327156437433 -0.0337105624378691
-0.201879744018964 0.333039038847511 -0.117260386508603 0.0572871766231726
0.049172953321977 0.374053068907748 -0.0359347916742768 0.195176020660687
0.235747900789817 0.279746874570262 0.148140742074042 0.164472998090477
0.30810873309638 0.134335349856084 0.184952320973969 0.0321408459345389
0.311523563261737 0.108629593806629 0.174808307885279 -0.0150266195043173
0.291097720707622 0.149378037920175 0.169515092513427 0.00115148073460109
0.234813110508411 0.31916562006327 0.145240866107868 0.0417768689003828
0.00205962554094505 0.403776190621697 0.0871459012968318 0.0715690985391164
-0.24726545400439 0.29599385765298 0.0255759961180442 0.117701096933669
-0.434674358634335 -0.0506054949878243 -0.0206481725231617 0.128672771985782
-0.296099054563073 -0.420975709286868 0.00696521879569722 0.082334348299904
-0.0233184049858071 -0.530031810528721 0.0606887063885483 0.128974544116796
-0.0472691780083076 -0.387210865682557 -0.177256593846676 0.477454790638954
-0.292921961999048 -0.23718762594183 0.181430749531087 0.22673364109439
-0.313122362203803 0.0249253816496188 -0.00459515656006921 -0.0291246707273368
-0.146645206655236 0.236952989097802 -0.126935743935144 0.0473703902073257
0.025355189126891 0.269814571533096 -0.0446820492843712 0.254541845095071
0.16432840030765 0.213291312677198 0.204450049695504 0.248458541270086
0.22369068357329 0.120457270116151 0.284906389503294 0.0956690062758832
0.221150077422626 0.108832570855973 0.273148871410842 0.029559576212377
0.195640862130484 0.13961208332988 0.25668977313545 0.0468924376607512
0.133531131769052 0.238325285909292 0.197825966615845 0.0958819797436963
-0.0398845562263776 0.253591695520116 0.094534721048355 0.116359902673222
-0.170990681800897 0.135064642583662 0.0195976694317567 0.103312171969531
-0.224217247137867 -0.0624739032220954 0.0210091405134848 0.130783057918805
-0.162769629428957 -0.256330517539429 0.0544417475076015 0.135896102473626
-0.0373800214000478 -0.338636542936348 0.0614493334258317 0.259008338472275
-0.0673007317577562 -0.196394891420205 -0.134777211457043 0.612116161512712
-0.173162965489147 -0.0941227865877838 0.255697565103723 0.294436791645954
-0.136735278529606 0.0346240394833344 0.0685351420417782 -0.0248571647861912
-0.0635354181543317 0.0956866704282056 -0.119882136753548 0.0231791482756429
-0.00431370293737239 0.117149247615345 -0.0565675835765925 0.273556988288569
0.0626075493332481 0.112108620469995 0.225521673694957 0.299159461261464
0.0998810577384311 0.0877213156583893 0.34332154255584 0.148984314663039
0.0964510756995394 0.0934173881512409 0.331208508968837 0.0678194697046132
0.0769547814598994 0.111342008611097 0.299167659772871 0.0822919080816296
0.0232383356424337 0.133011814097788 0.211710774651995 0.127142992588569
-0.0726811241219107 0.0915926090700455 0.0832312444974125 0.130102359462709
-0.0865322377132045 -0.0146558024507595 0.0123949276878845 0.0671558049115524
-0.0213046163533069 -0.0578299778913333 0.0503157730882229 0.110495396499849
-0.0356165943503991 -0.0749669186829666 0.0785738439494344 0.151459451957876
-0.0534655384413415 -0.116799713902481 0.065350883541456 0.321096901565684
0.0378495172742803 -0.0606425522547086 -0.0800524394289533 -0.397218673715573
-0.0635730042900278 -0.0688848209515093 -0.167097737732028 -0.167798970941573
-0.102541941998493 0.0294113404719142 -0.0969197681265157 -0.0499054941664203
0.00736479226728678 0.109255062907869 -0.00441514846232127 0.00351002507143206
0.0737508089648012 0.0524849121923765 -0.0134759748379753 -0.114951871408926
0.0745147058549821 -0.0149939371552365 -0.176922711198337 -0.167085576512242
0.044191535491034 -0.0619313073731062 -0.29834096406123 -0.120918002816387
0.0321108579973269 -0.0679335283043508 -0.337008064023742 -0.0951239794981457
0.0356123454186854 -0.0560689020669422 -0.350049340729951 -0.150159709162193
0.054079209785429 -0.00260244499569525 -0.237667095653975 -0.260806704677938
0.0489899107849071 0.0410192765620759 -0.0155500342558447 -0.267420402017796
-0.0167893546630146 0.0664596426217253 0.0889470124163942 -0.0468938593872187
-0.0835219738396749 -0.0272369084790975 -0.0897310934317096 -0.0179645198786091
0.0137204266888294 -0.098559495436326 -0.216454081689554 -0.234761454269968
0.100726982241747 -0.0438072186307716 0.0636726252898403 -0.638288842752175
0.0506979028889595 -0.240523496980466 -0.117104524907884 -0.362745301760973
-0.133543669162082 -0.18682075773274 -0.171279723848316 -0.152475545299336
-0.205928869438912 -0.00413062850061178 -0.131347445814103 -0.0310782249345963
-0.0608564619558336 0.180683824499123 -0.00772468483634906 0.0385991844831211
0.0758082437053759 0.165595624540695 0.00813940337276979 -0.0785475379565103
0.150458695805956 0.0830629164723226 -0.12868903659628 -0.153098787915453
0.162564490523118 -0.0133423371582814 -0.253874288272034 -0.132937333114858
0.168810994885541 -0.0310501941146434 -0.293987689167286 -0.112060837490153
0.173300279222859 -0.00291599029427268 -0.304285376076842 -0.151978554784198
0.174223173051726 0.128143606582244 -0.205065664756466 -0.240196103043061
0.0656683616134422 0.224551362264532 -0.0111758957848266 -0.236820906690584
-0.122357047628298 0.218741089869251 0.0681487894753637 -0.0117000140109351
-0.301133036307501 -0.0294407940689037 -0.119673731343279 -0.00506367397887099
-0.149545711221229 -0.285380011140288 -0.216442866289256 -0.23457897011769
0.073925446658158 -0.305414094147669 0.0596053779153699 -0.587113612418288
0.0533467846336838 -0.395604337613835 -0.159658120079249 -0.270525776816978
-0.206026622568708 -0.288489049962958 -0.157698636205546 -0.117728814226095
-0.305221923189115 -0.0302246435103686 -0.154176400107798 -0.0215301242766679
-0.129323440572811 0.247092211905062 -0.0256695907455294 0.0563889524129106
0.0715794601061822 0.271916336290944 0.00996086867131564 -0.0298189144541116
0.211539710562296 0.175831980952278 -0.0704380738300394 -0.109570520034258
0.260303814369365 0.0398051189692594 -0.173798168661357 -0.121375499328997
0.279852714748757 0.0113643283324578 -0.206149708572734 -0.111138144480076
0.282947926336724 0.0520587188562779 -0.211949273008608 -0.132904335830801
0.268261978721208 0.243909720008303 -0.138851669613969 -0.188998327678306
0.0721250428110684 0.383382289848108 0.00295468369798592 -0.178427159869448
-0.216659350601124 0.348879904346585 0.0519095601497325 0.0268654661177453
-0.487565238315832 -0.0275396326123175 -0.125221656539147 0.0226291486485747
-0.293421605629824 -0.440823541998695 -0.190550900695622 -0.19184083029183
0.0418175718158692 -0.52156962034288 0.0584922346591448 -0.457439286103499
0.0382130717368865 -0.509623698943591 -0.194802084784577 -0.119437017249936
-0.290193956558443 -0.359488578036567 -0.112557799014445 -0.0557021052472842
-0.4010416142021 -0.0325643131820745 -0.155222235810754 -0.0193552379768762
-0.185339745647062 0.316252134444863 -0.0543585148449303 0.0605981382977632
0.0704725220484397 0.361103267329498 -0.00218161286448374 0.0364474449069517
0.256667506311423 0.250353193184009 -0.00108569327785594 -0.0355613405971306
0.326659739268051 0.0869034696476819 -0.0652905477775268 -0.0871088932406642
0.347041679031679 0.0508614911771107 -0.0861214823962253 -0.0936346492447012
0.345432939606674 0.0988605521663515 -0.0871942213825862 -0.0976894900628873
0.31944801313184 0.324341762386841 -0.0457204894327263 -0.116166424818418
0.0683339504718088 0.484698820694961 0.0275598528706632 -0.0960726735153458
-0.278789990053186 0.427194334905402 0.0401614466947011 0.0670773283083682
-0.59949635858454 -0.023344644052053 -0.103203769069668 0.0610548374791895
-0.389264883515472 -0.527925411186658 -0.133752459641438 -0.108735447421707
0.00906063712679986 -0.647833464117802 0.0582549723116266 -0.267721652946767
0.00751763237872015 -0.557592486575857 -0.209988449588776 0.078849359270911
-0.357022936310526 -0.380922204345852 -0.0278202763994463 0.0326382236810942
-0.460246040020504 -0.00970094156348253 -0.127562492769227 -0.0219580235328355
-0.210941133111624 0.362145893926203 -0.0883745844231158 0.0618582002477006
0.071009585142926 0.405424861442923 -0.0168119039296255 0.119578326622213
0.272807688752111 0.28773119471906 0.0797143266945675 0.0603356842985457
0.347323616373936 0.117005943615164 0.0607537201057121 -0.034676476407888
0.360536791795814 0.0818864542115414 0.0479410475397335 -0.0613983670965865
0.349599866501784 0.131251875866488 0.0481882487016815 -0.0520428964732772
0.314492879614325 0.349332735223416 0.0572663242562177 -0.0350994153676454
0.0516287020708658 0.495256203414714 0.0597559518767111 -0.00540466820808051
-0.286306825309695 0.415716631227456 0.0336026299551966 0.101712540593161
-0.586227900491675 -0.0257481277682666 -0.0604175276056789 0.101073458716581
-0.396283235794643 -0.519732574812399 -0.0579441917884902 -0.00573847026578503
-0.0146664850298776 -0.654457863780745 0.0602327192376 -0.0559791104999637
-0.0282683351173079 -0.519271384168905 -0.198269992512145 0.294946240584858
-0.367471600172875 -0.336715443271731 0.0830499115039035 0.131991354892887
-0.436880867795221 0.0158419063927998 -0.0747005069334016 -0.0243045945701257
-0.19687629852233 0.34280204360946 -0.11550132534788 0.062594446803154
0.0609916672819872 0.377334991131427 -0.0264525575315363 0.204247267537675
0.246905103100185 0.274266183334904 0.159220618708757 0.16040794432995
0.315046079821759 0.126913493819305 0.186753860528465 0.0273270797111982
0.318119777512583 0.0990540356660233 0.17494659384457 -0.0207020864591004
0.297157877553645 0.143796417970353 0.17017808865207 -0.00514608061291013
0.248386479556125 0.314459266710489 0.14644890764966 0.0366423754752857
0.0148203253495189 0.408480111822222 0.0864635945776667 0.0703736529524025
-0.244002044727682 0.305158218532478 0.0299288137769907 0.116560896941117
-0.443173363118973 -0.041038690813912 -0.0104710233824535 0.12646671855246
-0.310975523377525 -0.420645969387789 0.0143742878530723 0.0836985601350932
-0.0318605018735548 -0.542288441110729 0.0626346209210246 0.132585468517594
-0.0549861018640457 -0.391979722129378 -0.165658264717615 0.488415854924999
-0.30015982146085 -0.23374473912701 0.188816496466321 0.222991686481283
-0.318997844175522 0.0304360647275103 -0.00596005913011388 -0.0231906453247419
-0.14421120222061 0.243325998950225 -0.126796190147029 0.0539815294519908
0.0325781821341993 0.272644397991333 -0.0345726991952721 0.264182689068517
0.172423901324507 0.2107050349883 0.218813624537996 0.243442230649984
0.229348327221815 0.115941913748833 0.290809077107543 0.0882273064987049
0.227549028475313 0.102841699341795 0.276268997148798 0.0215218747848824
0.201009679513547 0.13663688104733 0.259076135874988 0.0386084973076822
0.143375100831616 0.23685443791517 0.200993758750544 0.0891768700454278
-0.0327897808681924 0.259558005748934 0.0952097091495983 0.114424147443452
-0.171496233120648 0.140455090708343 0.0224406498956724 0.102449696029774
-0.229950933528132 -0.0598864868144877 0.0313043596065863 0.127007789183115
-0.170094016415653 -0.256235518538778 0.0618515865749489 0.135350325126579
-0.0415278525222338 -0.345034351793263 0.0656826208708925 0.263137589336579
-0.0697775393130089 -0.197443299280038 -0.120794017702815 0.625634521641649
-0.175208746031903 -0.091942442919123 0.263410529369566 0.289713683062246
-0.138928603174565 0.0349905900563248 0.0677841666080888 -0.0226269274127744
-0.0639898282484398 0.0980479399186861 -0.12144245264918 0.0290047331330268
-0.00229580032799383 0.120157449553786 -0.0458812821549007 0.283289491801399
0.065616692144762 0.111542055258829 0.241254483852494 0.295183990573273
0.104028008273244 0.0866384691861964 0.351328143804201 0.139063753127729
0.101666829350804 0.0919550351379146 0.336088693078257 0.0590179141880472
0.0821954347736146 0.111664807027774 0.303110139095619 0.0728878687814928
0.0279141307012913 0.133894742553474 0.21484136930764 0.12046406414672
-0.071657928051379 0.0963970562822301 0.0851569248222396 0.128151473207416
-0.0913309479693522 -0.0125166145299917 0.0129979786892425 0.0657471341392882
-0.0244746006937699 -0.0606772713725926 0.0583241401175707 0.106289314505939
-0.0363442761781609 -0.0757530765425065 0.0851732921670141 0.149614391504048
-0.052336839055418 -0.117228395071162 0.0698228397309988 0.325001183135615
0.0327090984102922 -0.0623109108022142 -0.0953975335669462 -0.397470849371544
-0.0674845451364652 -0.063308527162601 -0.175856337991861 -0.158571149659764
-0.100545758723538 0.0363089048309336 -0.101377472875312 -0.0410756339598513
0.015066292583096 0.107526975743 -0.000966482242357702 0.00601101344788135
0.0775842601164881 0.0467857850977718 -0.0151778363075128 -0.113982065802054
0.0733717400639582 -0.020855238877632 -0.183880898969726 -0.156840600660567
0.0394846354626511 -0.0650804303488313 -0.302866316300658 -0.105142458745122
0.0270105817304871 -0.0695492095739123 -0.341737309514288 -0.0806726988387599
0.0305633355298613 -0.0585364433016613 -0.357420578584213 -0.13137149795554
0.0541316114438864 -0.00660587472772957 -0.252325045612466 -0.249411155194385
0.0523918646100224 0.0366840193771482 -0.0319922751149294 -0.268613172359203
-0.0114322395385928 0.0660152612320664 0.0887292428062633 -0.0550681454240359
-0.0849229625218015 -0.0207627326920662 -0.0885349853246144 -0.0154173067850421
0.00703311894947509 -0.0979970611196702 -0.22098221636608 -0.223733120454671
0.0972502733396502 -0.0509236562429893 0.039030876105306 -0.642583232637498
0.0375121453611616 -0.244001953929499 -0.129746692658874 -0.361301343351761
-0.143039169438171 -0.17811174164582 -0.178178512158362 -0.143621247012547
-0.206449699148131 0.00752899415092933 -0.133855494044263 -0.0193281564114359
-0.0502026662930499 0.181514535028716 -0.00310847941702867 0.0407627880783983
0.084805811705709 0.15983249827035 0.00844204784159248 -0.0774766159260181
0.153691890549467 0.0731896419122149 -0.134288518514893 -0.145219576133622
0.16001615684592 -0.022128233728097 -0.259150446434964 -0.118874545895596
0.164550370960762 -0.0397165713544063 -0.300502493455178 -0.0985673256312554
0.170202846866067 -0.0109393410110916 -0.312301329087637 -0.136140287804892
0.181127366432418 0.117762933949506 -0.219157150336061 -0.229316989316696
0.0776475867835413 0.219652418097675 -0.0258517187959106 -0.236607926530224
-0.110628823930218 0.223000960570419 0.0709666544788561 -0.0185528362600704
-0.30313268657553 -0.0134076339493936 -0.116146439209541 -0.00139227498662983
-0.164723998092299 -0.279376853259589 -0.22061329106246 -0.222433814389246
0.0585884056601451 -0.314300023556475 0.0384716722370365 -0.589788884887407
0.0319122825654124 -0.401103382897814 -0.166579512392063 -0.267207291075868
-0.222055565092757 -0.276499665122159 -0.16245131417607 -0.110844094753882
-0.308298745981351 -0.0143211605657856 -0.155397436453573 -0.00811438377562169
-0.115807320785343 0.251557152858087 -0.0202165597980754 0.0582968251213092
0.086306839711675 0.266024380848687 0.0134109520304471 -0.0285689931638143
0.219985100329915 0.162434093728991 -0.0739046165148837 -0.105589506438661
0.2602256256676 0.0252770357985782 -0.180266777402474 -0.111050084266275
0.277793849879653 -0.00350333886791264 -0.212197446402587 -0.10207974225934
0.283136334336127 0.0379319413428918 -0.219526017893575 -0.121601693171373
0.281970961762047 0.229219415259698 -0.150070129752061 -0.182518182104027
0.0924906372283121 0.379323739698637 -0.00887808864411608 -0.178415083321046
-0.200158698846771 0.357015025872619 0.0567797929669436 0.0210112558982534
-0.490382767534113 -0.00311671536155058 -0.119061594345835 0.0256861068691908
-0.31810531729746 -0.427515310523564 -0.191413670529618 -0.181263020791334
0.0177885376636857 -0.532252527053711 0.0407809465804459 -0.459145517935677
0.0128727220705736 -0.514573285119688 -0.194967918318723 -0.114007898630985
-0.307151489317726 -0.345675753132389 -0.114921119911024 -0.0520162897860125
-0.405767298506894 -0.0124123426440003 -0.155249809344856 -0.0052705444541847
-0.169015750440727 0.323601945887845 -0.0492911501385695 0.0637453527305655
0.0899596347348111 0.356072096664454 0.00458087743331166 0.0393925046356344
0.269993577171051 0.234163170138782 0.000377604401019235 -0.0365105273330926
0.328408230023797 0.0690926237003918 -0.070331276819993 -0.0827939252287377
0.347119107977314 0.0322168864953692 -0.0917811324821112 -0.0903884939819476
0.347248976750009 0.0824069375875276 -0.0930851484508591 -0.0931132559027001
0.337284096683241 0.307401695817462 -0.0530571765806056 -0.11423046642672
0.0964085050955098 0.481332949649261 0.018922691126862 -0.0959164821421037
-0.258573540096558 0.438604319115788 0.0463896192540808 0.06173898152156
-0.602041597053066 0.00538734309823259 -0.0945865142475592 0.0615087035180797
-0.416394590935132 -0.512557347524571 -0.130837323232442 -0.100728757902945
-0.0186994845920593 -0.657338097244457 0.0485248216004835 -0.268511052978006
-0.0179192128173979 -0.562430302805622 -0.20175659749401 0.0857389070286461
-0.374259041809218 -0.364864557100702 -0.0258050750218708 0.0320287498337938
-0.465550234968443 0.00984573417973447 -0.126925533274572 -0.00820493760755668
-0.194465053590202 0.370766775153475 -0.083392827984189 0.0670553457040996
0.0924409943969939 0.401460659720024 -0.00536957722476633 0.124314849581561
0.286444303846829 0.272123777178071 0.0862170845810431 0.0549778547182335
0.35207735165507 0.0990751183149654 0.0581100782563797 -0.0365747050343176
0.362756992879108 0.0634218460930714 0.0430883861124898 -0.0642616774297062
0.354264311332265 0.113872590266803 0.0441567139373807 -0.0543465766277676
0.334259315847544 0.33175540522092 0.0539521440491407 -0.0385304250732535
0.0783070095682529 0.493532318027606 0.0553506032027801 -0.00684598646640491
-0.26825369519 0.428259811454231 0.0421447594591557 0.0980679214499325
-0.589018334263976 0.00293820712759564 -0.0492325501551468 0.098483019086285
-0.422917347494558 -0.503503431840779 -0.0518324065161569 -0.00216220163208719
-0.04319789424478 -0.662644112940398 0.0581894316935425 -0.0556005626443749
-0.0505602775101699 -0.521775456167619 -0.181773789475284 0.3035842861665
-0.383066549742997 -0.321668399204174 0.0889008520229834 0.12669103521559
-0.442030137022074 0.0355153487988476 -0.0745021807109706 -0.0136101822536525
-0.182789877359534 0.350818040683191 -0.111326029341958 0.069888095726207
0.0789753390651189 0.374500000973603 -0.0110684963068069 0.210301444951013
0.25950687119147 0.260412032392128 0.17156874034826 0.150258359776053
0.321404149837178 0.111142018235155 0.186736418123042 0.0180497443799301
0.323322598071003 0.082618383020303 0.172419602544462 -0.0295851770950092
0.303407356308278 0.129630770612206 0.167961189184765 -0.013598696280288
0.265566225674795 0.301768574676987 0.14669369853875 0.0280770544871405
0.0369539665292906 0.408751851863477 0.086288309493334 0.0674706608099111
-0.230366179281418 0.316016446686209 0.0363690650213991 0.113814666032478
-0.446239121395034 -0.0220477162524966 0.00162523989499669 0.12103900717473
-0.331046933248273 -0.406281352812766 0.0230112342858323 0.0830427037617737
-0.053623628812428 -0.546880628598587 0.0682028744390127 0.133401680776155
-0.0714422658325218 -0.39222694284076 -0.140984015691549 0.498456231100814
-0.309843314376761 -0.221833451984862 0.196636142515696 0.212954947182225
-0.321214390322144 0.0428954435061943 -0.00603985864509974 -0.0173976910362469
-0.134984999072935 0.249901814987388 -0.124244721422586 0.0618441171041645
0.0451815845188849 0.272803813032847 -0.0175754573948567 0.270332237940141
0.181920881626539 0.20188644472255 0.235771343331021 0.230721444059614
0.234869974087463 0.104843489018418 0.294339158300886 0.0734105115343678
0.232279660450058 0.0909016775590063 0.275684433707144 0.00832530617663859
0.208039819219607 0.127373849443496 0.258400799181899 0.0254213013879186
0.156310863057777 0.228847902086897 0.203355279609838 0.0780664760657462
-0.0195735419563233 0.262259465347064 0.097786940314138 0.11012760861034
-0.167068088036006 0.147878758172952 0.0266240516829074 0.100014566720608
-0.233800139731334 -0.0503259382043615 0.0425924635880689 0.120522226416755
-0.181597048024635 -0.249568292823917 0.0715653055277446 0.131612774048976
-0.0534767373973547 -0.347581315711705 0.0757233387539293 0.2632543580705
-0.0756937040144091 -0.194818772392167 -0.0920643778927799 0.634728806264769
-0.177273898444171 -0.0854285973777404 0.273178566974176 0.276200102374831
-0.139173631263275 0.0389725064234468 0.0660685190029994 -0.0220415383479819
-0.0609788000400848 0.101148732110477 -0.120772873203241 0.0375573027283225
0.00305100816751164 0.121848059355062 -0.0295300970795794 0.289450271825627
0.0705155410620797 0.108546962292905 0.260520287243615 0.280772024603948
0.108695548877983 0.0821676854281951 0.357593682640509 0.120319430670134
0.10748366966289 0.0863321881198562 0.338233857081889 0.0430822194902235
0.0886612869929911 0.107402301355086 0.304615623212318 0.0580646311201754
0.0350924208703577 0.133310397832167 0.218522224722601 0.108180075916229
-0.0675453600160344 0.102031620444247 0.0882927276317396 0.12347532538797
-0.0938763533649363 -0.00741715955430557 0.0139910863031354 0.06385413417639
-0.0292218622159612 -0.0620359763386045 0.0676449186896601 0.0978459339280398
-0.0383775313156701 -0.0751756913812213 0.0936745065164816 0.1439626199143
-0.0539087958310537 -0.115613253309203 0.0818147717251923 0.324153312871171
0.0270956798886701 -0.0617554323605401 -0.108762505204561 -0.385189084717214
-0.0686978194616835 -0.0561894301735865 -0.178637371098382 -0.14488993164656
-0.0944430527863431 0.0417204580994234 -0.10249071601026 -0.0309019590455175
0.0220031839956186 0.102109154427911 0.00207872027883462 0.00781543109715094
0.0782073791118641 0.039596622199833 -0.0166750691591278 -0.109497806707365
0.0693934421209793 -0.0253452784342086 -0.184283569429715 -0.142583967858131
0.0332640786796643 -0.0651860388280311 -0.297324903349076 -0.0856426058325547
0.0207747211990793 -0.0683206576759035 -0.336042833431379 -0.062493971045885
0.0243249176099738 -0.0579699734106962 -0.352655167948803 -0.109290119525329
0.0527066005009234 -0.0100887315797338 -0.260001786694355 -0.228521507292323
0.0535491709504741 0.0310463895642569 -0.0470193851581649 -0.260500906635708
-0.00630634966853029 0.0635793090081306 0.0846212526104459 -0.0619936598067317
-0.0826485025037924 -0.0140805412587901 -0.0846941027489086 -0.0116565536944649
0.000551942996073782 -0.0945825919281474 -0.218525935644898 -0.207169402858626
0.0895621597690147 -0.0557175979455223 0.0108304809052327 -0.62686259823244
0.0222891760249372 -0.239501900677903 -0.13905740108203 -0.349685013343133
-0.147499907113269 -0.164545628395837 -0.179369527888481 -0.130978657546632
-0.199546937119455 0.0189266925534865 -0.131839446623818 -0.00804045332319409
-0.0379139005679367 0.177188600753211 0.00108199614390608 0.0405808806902454
0.0907201872375985 0.148557396455469 0.0086468813759678 -0.0755693885146097
0.151988924868801 0.0605362840607469 -0.135516968870879 -0.133818761826407
0.151724540441977 -0.0297401994342721 -0.256839850453981 -0.101028666654244
0.155595848002374 -0.046731282850982 -0.297460990040696 -0.0818389719043597
0.162111673050935 -0.018108855792235 -0.310532596896577 -0.11564174715093
0.182103876985879 0.10446512019197 -0.225980546373573 -0.212035680829972
0.0880159957108451 0.208472112415432 -0.0391221590975623 -0.2288082188889
-0.0960218967082509 0.220009998379797 0.0703074754343437 -0.0255384504223372
-0.294967414110601 0.00317191535795716 -0.109889636569334 0.00139131352049806
-0.175423160037805 -0.263243543204263 -0.217033164127482 -0.206227218876105
0.0401180566171801 -0.312225130884589 0.0118282417398605 -0.57387187921443
0.0111670620454649 -0.392545195464359 -0.170300817807111 -0.256597845402184
-0.227779515284171 -0.258054985298587 -0.162517038030054 -0.10027234748815
-0.301134049200785 0.00228774477901697 -0.150487963329759 0.00485214411901332
-0.0984855334404844 0.248112236632114 -0.0151105180851678 0.0582576907870885
0.0974379310209586 0.252199117161194 0.0164773921678832 -0.0270335471757922
0.220360808232223 0.144140788254937 -0.0743431604655296 -0.0998691453688708
0.252137480560978 0.0110271597337854 -0.180262015443113 -0.0975624935556591
0.267123442719292 -0.0177028795079287 -0.213017448112841 -0.0895535586090129
0.273134019050401 0.024531999789715 -0.218914001344694 -0.107243615193052
0.285838699751238 0.206861374757332 -0.156501417000053 -0.169269702268801
0.111306395677466 0.363435619295743 -0.0210500350695555 -0.171840552445032
-0.176758403904475 0.353743864681164 0.0589976821375241 0.0139545956983256
-0.476285852441416 0.0198944605516716 -0.111165266483033 0.0269988639753783
-0.330186698711183 -0.40319813105995 -0.186797095933047 -0.16645136326925
-0.0090629239099376 -0.523823924235409 0.0220502544257221 -0.446736650451435
-0.0123364078628645 -0.503877919226425 -0.190547617594518 -0.106719851608132
-0.313657563834025 -0.321491316867867 -0.113775288016317 -0.0459331941129256
-0.396938049352255 0.00882646332917427 -0.149879766141915 0.0080939324300727
-0.147747171099079 0.322119612014698 -0.0430641876963453 0.0652091808076407
0.105905180040445 0.339634916674711 0.012532910737668 0.0397605470372732
0.272600577721553 0.212149737341187 0.00146289579304977 -0.0368559952814512
0.320941477885048 0.0500130271429674 -0.0734843479076671 -0.0759051318317
0.336400910682354 0.0137997998591797 -0.0952010809612548 -0.0840996295250278
0.338928694873176 0.064534022968068 -0.0952461857893896 -0.0854675886898021
0.344221358527112 0.280380762115695 -0.0588113484884707 -0.108501681858813
0.118733223706247 0.463390328745927 0.0104039510911298 -0.0933957392755158
-0.230137225124307 0.436626360395042 0.0511848536769757 0.0552631678018313
-0.584926006987141 0.0339004365512624 -0.0842683370953874 0.0596400820250008
-0.429654493110117 -0.480581868006372 -0.125150246257554 -0.0913473951950797
-0.0503140262993507 -0.645198084906827 0.0380344144475857 -0.261134673760852
-0.0446127913137361 -0.548365237375577 -0.188332537297477 0.0889990186762836
-0.379860071885915 -0.338761154287265 -0.0235946980053094 0.0314680151980404
-0.455105541241794 0.0320734850670853 -0.121809495339622 0.00404656093560602
-0.170672693588493 0.368960281804639 -0.0767030498508537 0.0699100754564744
0.1102575278098 0.385378875466187 0.00664325181640361 0.123416438810961
0.292273558039338 0.246960380669136 0.0895669291518663 0.0464078032603166
0.345834306264648 0.0779604175097263 0.0530484301181201 -0.0379999272311293
0.353546185604264 0.0421443790366357 0.0369969176147792 -0.0646973558151562
0.347711180930635 0.095231917953332 0.0390707605151014 -0.0551198861083446
0.341904110580103 0.304116882773232 0.048987258271983 -0.0401446493055256
0.101997434320342 0.474833241895764 0.0500917614713591 -0.00709809719019542
-0.240293540686755 0.426533236653678 0.0472649785543057 0.0905490740555614
-0.573165888196249 0.0303202683087033 -0.0381050385960297 0.0925621398626506
-0.435941520501482 -0.472109189551508 -0.0439563737575914 0.000459303999711584
-0.0719722969823956 -0.647717230684514 0.0554466140654209 -0.0539543983369618
-0.0723521804354928 -0.507670929696891 -0.158757152635359 0.301725181720089
-0.385993702687374 -0.295632084199312 0.0916560892703923 0.117237283007957
-0.430175566930024 0.0540661984626427 -0.0707182860564911 -0.00412486857931702
-0.161967347004769 0.350160840570722 -0.104191268873302 0.0746149998248404
0.0958523840033103 0.360301217290645 0.00543309104422609 0.207917819250866
0.264833216721914 0.239268959472333 0.177525581570771 0.134366843398622
0.317471107797144 0.091590736541983 0.181140956442283 0.00810828780413037
0.316174221763187 0.0640135986194903 0.164603654374322 -0.037272419880933
0.300272201332675 0.112467788026582 0.161509801429394 -0.021832130318267
0.274451179516303 0.278208132271494 0.142306326878667 0.0197141633887397
0.0581347317362713 0.395567362890471 0.0840226730142382 0.0629057872981967
-0.210289653773931 0.316436759077863 0.0417707761459641 0.106657943536649
-0.435605170678952 -0.0011598872758091 0.0123796090892155 0.111499601559642
-0.340985671519013 -0.380219136412383 0.030361155079702 0.0790485429081192
-0.0750190078826594 -0.535251591218006 0.072818603158462 0.12974035459887
-0.0847756809080496 -0.380147459624965 -0.113574578828535 0.490073821323184
-0.309500116490711 -0.203048734330088 0.199269583676844 0.197031372063958
-0.312858936255306 0.0550199315298291 -0.00517538546150118 -0.0118014959631848
-0.120459680728843 0.248952022864951 -0.118533268766934 0.0679497210659597
0.0572212967498989 0.263443922621105 0.00109368984050363 0.26694639546688
0.185861391921854 0.186903964223369 0.243841589888551 0.209285485342899
0.233656779661178 0.0899436052472173 0.287679415773379 0.0564248062195916
0.230063114209667 0.0760250701462837 0.267421575290227 -0.00506465166575261
0.209137450352316 0.113799561931474 0.250361838238394 0.0115725316717287
0.163581293980356 0.213279271941569 0.198839845493369 0.0650217745873837
-0.00520522941768828 0.256452634924317 0.0969222813330364 0.103021981485235
-0.156838617574076 0.151639591377127 0.0308665857716872 0.0942362333986669
-0.231094940665012 -0.0397295071067548 0.0508120878976539 0.108251668106544
-0.187233571548526 -0.236190214961189 0.0777128822621221 0.123558146668237
-0.0652770535792827 -0.338486073588915 0.0849435611205487 0.255534051963638
-0.079077557864798 -0.186829616616915 -0.0614773632767278 0.620704680948155
-0.173734338105473 -0.0764084960011117 0.275887796735413 0.25545858584158
-0.135147578951195 0.0423991707900027 0.0638585669276339 -0.0210042231913086
-0.0567734560782995 0.101405500341284 -0.116518238207136 0.0446657032360947
0.00821012733103843 0.119636847987041 -0.0109142493802851 0.285892854817905
0.0730868370865752 0.102843009024736 0.270145738126924 0.257009847797627
0.110230742697605 0.0757038612776412 0.352903925105176 0.097278643817916
0.109342599348414 0.079047938679441 0.330033178372995 0.0260232271529836
0.0929924002064315 0.1006097687875 0.29550148573062 0.0413746112210166
0.0409859884472772 0.127347611059721 0.214671274513013 0.0934790703920837
-0.0609108917639296 0.104024363032326 0.0889986983829302 0.114336321351495
-0.094240106475426 -0.00196462845919633 0.0145809492331771 0.0606763680374254
-0.032807655437619 -0.0606513028157388 0.0732152833944464 0.086131496252588
-0.0389425074504172 -0.0727750184260113 0.0979513437582941 0.134569131040998
-0.0537837116734023 -0.111506331551233 0.0921948994261736 0.313885066697732
0.0139841277454802 -0.0650414281995117 -0.147730417167786 -0.351395292585343
-0.0725687906761025 -0.0440489001441718 -0.183360016923765 -0.113368350451119
-0.0840156977575784 0.0516983087646712 -0.0973493332173924 -0.0140694562638303
0.0327443325522005 0.0921400263339876 0.00709500789486847 0.00414907498745853
0.0783847150066228 0.0266220510771877 -0.0280293878649609 -0.105387967205439
0.0614089691106109 -0.0324799577663162 -0.191239024139337 -0.114530296783628
0.0207426101978419 -0.064314235391681 -0.295553188838272 -0.0490451756000034
0.0100134148367783 -0.0658745319013851 -0.324072612432019 -0.0205517650526379
0.0146257432872273 -0.0553041695292556 -0.346377825089014 -0.0630094020352257
0.0492244969931358 -0.0152152036085449 -0.273749312042689 -0.184740974420089
0.0540117573948813 0.0233908612184782 -0.0742356623748642 -0.242129072975034
0.00115918841998769 0.0588243534064179 0.0760606107350498 -0.0708839130491036
-0.0781464820736138 -6.04992351221248E-05 -0.0826016150564629 -0.00175715977671645
-0.0134435881662101 -0.0815173137455314 -0.227846036251056 -0.173965456605467
0.0652540312602492 -0.0636719450290302 -0.0575439585589052 -0.602011486291327
-0.0127019640980725 -0.237028740225794 -0.168019884047027 -0.299260368784196
-0.157914763860862 -0.139103692316009 -0.179633016340044 -0.0971758644896671
-0.185880772101325 0.0427772054569269 -0.11635659302837 0.012416130197796
-0.0163915055407745 0.168363220145543 0.0135112698198814 0.0339942627530126
0.101684919399593 0.128010156372784 0.00270127100217221 -0.0802432489490434
0.148022641548502 0.0398569729761568 -0.143670579307659 -0.117791287502298
0.135211750219216 -0.0439403370478981 -0.256674132851178 -0.0714719391421543
0.139543782764455 -0.0611506510966082 -0.290158755092379 -0.0435562772098543
0.148892126024247 -0.0336170716470177 -0.304400386316481 -0.0762785514586386
0.183329807692945 0.0765524920059557 -0.235334933549354 -0.173950498061199
0.107058443975659 0.184957027892007 -0.0593369237382605 -0.212979861310476
-0.0653888556504599 0.213821945969315 0.0701265298558459 -0.0308906082065235
-0.275131104753512 0.0417340386757642 -0.108263416937868 0.0198174059892014
-0.193573284415448 -0.219725756827714 -0.236428122157226 -0.175070020861735
-0.0106768312292837 -0.296752886475652 -0.0491964079045647 -0.560222720222995
-0.0440729325463382 -0.384441768514449 -0.183081608046446 -0.195133722376042
-0.243133622417969 -0.218755215643907 -0.157392283520152 -0.0687747570577665
-0.284808996100555 0.0378569092906908 -0.127933511009581 0.0289689993527955
-0.0667465125367697 0.241330266300415 0.00354178512837528 0.0520558424729211
0.118660038433653 0.225300842268955 0.0191358865512877 -0.0391444955435415
0.222123853401082 0.111044037860532 -0.0805261525472881 -0.0968444267083522
0.234069365046555 -0.0162090563479854 -0.181949196284078 -0.0794266125313765
0.247203104749174 -0.0466521906228422 -0.211564337811756 -0.060434532620199
0.259160734096515 -0.00665682796408918 -0.214989735215893 -0.0793319853421641
0.290955951128705 0.159768043688796 -0.160930507289593 -0.142550349291885
0.146607532237908 0.32602641772137 -0.0309069970149238 -0.16029586544906
-0.127155856771646 0.347570865276209 0.0661241270935026 0.0117569518642433
-0.443261535860709 0.079343531102042 -0.109168450723433 0.0473196624668384
-0.35271549300995 -0.332762114077377 -0.213897093155576 -0.142893878173124
-0.0812197898430846 -0.487670470042038 -0.0274094102833533 -0.444731074292134
-0.0791489874506291 -0.48936692224092 -0.180899678941508 -0.0408227031922024
-0.331986786780197 -0.272656839033015 -0.101812967610635 -0.0216610419274469
-0.376473612670857 0.0531574805918837 -0.121339867604445 0.0320388277198811
-0.10699486524984 0.316426789496755 -0.0197979492547714 0.060775886180185
0.136090191601878 0.307816550529985 0.0253805275021449 0.0226651161246938
0.27843333778173 0.169224122714347 -0.000515150013791462 -0.0501247237039928
0.304043504334799 0.0126045861423661 -0.0758052078475822 -0.0734124885101754
0.316929339001334 -0.0253979982949648 -0.0999197213751731 -0.0693554153128938
0.325360626067585 0.0233281583765198 -0.0947873479295729 -0.0733802971732345
0.35513820778436 0.221636614621731 -0.0591252227543465 -0.0963886181498036
0.166561403208551 0.419875583444666 0.0101114081465729 -0.0878403539340175
-0.167254837595954 0.431493298682577 0.0647553787631205 0.0543816631690874
-0.542890436093639 0.104927222444259 -0.0821559465025535 0.078163397818698
-0.453850882633528 -0.394998490161596 -0.152237041205203 -0.0801067746546167
-0.129449184123142 -0.595257096340537 0.00752807604066507 -0.272222964609521
-0.114427909179125 -0.529260279213739 -0.153483767077766 0.149307811354693
-0.394569298122548 -0.282207334981682 -0.00644897798283176 0.0415685487341112
-0.42842405656743 0.0822075094393808 -0.0919428700579137 0.0241728275255662
-0.125198235535069 0.363529697571724 -0.0498533501295354 0.0693195392169994
0.144862577183857 0.351334432762792 0.0326761149370169 0.10180301229308
0.300401201265852 0.201582765625729 0.0938304449173906 0.0167848636103694
0.331471725306084 0.0363944431032366 0.0500188880044017 -0.0528105862315584
0.336600465562869 -0.00117311611711216 0.0268438876689849 -0.0671804383409718
0.337417225424179 0.0510969722601698 0.0362096948004538 -0.0597387706889216
0.353841819594724 0.243709470525545 0.0512088820603261 -0.0448144675494671
0.152687121219008 0.431994668201075 0.0573719213022804 -0.0100385329046797
-0.17799092047524 0.422242469285321 0.0639324312094088 0.0897919713672074
-0.533577105924328 0.0997014456874617 -0.0340900564691294 0.102434714398803
-0.457970725656942 -0.387779684953332 -0.0657532129929949 -0.00318861202268378
-0.149446988128066 -0.596066280533786 0.0485792814746237 -0.0752600953814692
-0.133505347530847 -0.485249805241321 -0.101163005630086 0.344657455063043
-0.395698261899785 -0.243752379159474 0.111794659767842 0.108902392922648
-0.404975911339642 0.0990522838994165 -0.0447447564725253 0.00925725806170941
-0.119204828322403 0.345643189407769 -0.0768393799456564 0.0780756659792119
0.127914662112289 0.329479971546818 0.0415325372287076 0.183541131105524
0.275455758571425 0.197059353677149 0.187896291385823 0.0908420455651716
0.306846184033281 0.0520798566081695 0.177567922976787 -0.0218517431541155
0.304335390950187 0.0231245651215374 0.15060902366407 -0.0546601935952635
0.295431216427302 0.0717261185859927 0.154129137176013 -0.0411053878179372
0.287514960123538 0.226408776199442 0.144752436221262 0.00107210079818373
0.101395250149801 0.362846093018484 0.0950564481754079 0.0527840318739435
-0.162827035087925 0.315731505404458 0.0577479258438774 0.104576833482164
-0.408243251997113 0.0518809432658257 0.0179167496346867 0.109975858419758
-0.357157530235588 -0.316124753478452 0.0186971412828499 0.0633324055163967
-0.133631206079415 -0.489621981290047 0.0842301541144686 0.101095943938783
-0.125858043975521 -0.358537598437974 -0.0383653325827587 0.508084190811875
-0.310824835408269 -0.162396873926278 0.220212373275445 0.168943732160919
-0.29255057076163 0.0855390174284934 0.0103792876868194 -0.00761701666934547
-0.0914728006644425 0.246750422263053 -0.0946115483019493 0.0770053213856322
0.0802986975383548 0.243345295339692 0.0427223439201933 0.245253573686512
0.195689613299878 0.156812842142956 0.259352945022474 0.157751182028538
0.230351040809291 0.0600466526137867 0.285325571004842 0.0133161031200057
0.225526923205249 0.0452875831518763 0.251456561012028 -0.036525317293765
0.209781581801274 0.0829113178207845 0.240160631553339 -0.0184729066356619
0.176686504684227 0.179363144044356 0.199727356904875 0.0373019657524142
0.0256537291504231 0.240166319640316 0.107433716178483 0.0888135265826738
-0.130941638629596 0.157490935673649 0.0408976472500772 0.0909947194062736
-0.22208172180107 -0.0103366905230009 0.057061630787236 0.096589141386727
-0.198032501378991 -0.199801011479848 0.0769132914259921 0.101764501081954
-0.0971098940009317 -0.308559546986999 0.108744115284697 0.226152184062573
-0.09572222655452 -0.16990112208145 0.0218888957942947 0.614100149315341
-0.168837953256031 -0.0562239637057231 0.293640222624245 0.212091950735885
-0.124871567417508 0.0531596535347946 0.0652441719818069 -0.0256912803456491
-0.0454997928327224 0.101384270894897 -0.101042882957933 0.0582843807834172
0.0184812785820876 0.113207780307907 0.0307456035444278 0.270855968537015
0.0804150568394839 0.0900239961813585 0.290079196797867 0.206155310831266
0.113572639789844 0.0588589776813372 0.35203619244914 0.0488435047524725
0.112965586255919 0.0614016712749759 0.314441743403048 -0.0138763880653226
0.100055544316561 0.0822960206573614 0.284724329332971 0.00554736133464566
0.0525115417059165 0.113316055516894 0.214451672186595 0.0627927118657511
-0.0442164104211102 0.104907217825482 0.0967175985408819 0.100204990103889
-0.0890273578291274 0.00841656754697641 0.0185965739131362 0.0576826995967425
-0.0397328615715595 -0.0555550586998451 0.0787133979385404 0.0685145145328796
-0.0420881604425494 -0.0667714249142681 0.105605326995736 0.11160736850621
-0.0563281235119738 -0.0985242328938242 0.121665636094366 0.286978963521796
0.0130176025503582 -0.0613404599022944 -0.135044850400478 -0.341494459740403
-0.0681462600626472 -0.0407626455232025 -0.173434772457521 -0.111279850762905
-0.0796583899126434 0.0489494364787205 -0.0934410792627771 -0.0107307626269938
0.0313477278676716 0.0865945282222034 0.00897171227512904 0.00485772225569655
0.0746425376297885 0.0247653138083368 -0.0223292467027074 -0.101729140541082
0.0578031328327252 -0.0320223215688702 -0.178778526430124 -0.11163600668083
0.0190527127559621 -0.0607477021585664 -0.278630962664186 -0.0506728936903226
0.00976155895478687 -0.0621207606040944 -0.309715398028224 -0.0240137516583467
0.0133533610737626 -0.051614247433295 -0.328579944210461 -0.0651478278369983
0.0472476084074848 -0.0150204531363246 -0.260052945074684 -0.17838724500065
0.0513605529291632 0.021394636381166 -0.0700468920486988 -0.233031778592229
0.00171915986208562 0.054911081118531 0.0734596837475746 -0.0703901144123171
-0.0738190527082104 0.000397073754405058 -0.0774238381583715 -0.00467144303872022
-0.0124989847755992 -0.0769188496277394 -0.208718632252986 -0.170340248764506
0.0604177508750538 -0.0602052419007236 -0.0438049334083933 -0.575329261778289
-0.0110443020912712 -0.226096606262846 -0.154334042848178 -0.293295414815693
-0.148636865169886 -0.132741757867097 -0.16898530562585 -0.0957551921906284
-0.17721674663313 0.0395679360022681 -0.110703034634974 0.0143522131479283
-0.0164531166650262 0.158457036971587 0.0138743699219478 0.0331922958176335
0.0955940160810071 0.121184501426145 0.00728931479117166 -0.0778007029188282
0.139976246581694 0.0383629329155098 -0.133490254267361 -0.114909175947327
0.127941139260897 -0.0401779316998573 -0.242441553188028 -0.0713049807453021
0.132118155427137 -0.0556821153866171 -0.277019929052278 -0.0453758351065789
0.14089796027057 -0.0286788656429475 -0.289075537036434 -0.0764079679849379
0.173508673154203 0.074158188278701 -0.223972335904978 -0.1675745697271
0.100340435581232 0.175915597674426 -0.055831013341471 -0.203351170435182
-0.0652892338271381 0.201107719570833 0.068912412140685 -0.0318884444498239
-0.261726343684679 0.0363762970901948 -0.101826766181747 0.0144510395488433
-0.183520972304293 -0.212466798737809 -0.21666098462045 -0.172091206952383
-0.00814273002119444 -0.285628603989087 -0.0361952272406654 -0.535134335429588
-0.0385594493509352 -0.369089442493827 -0.169827372271207 -0.193666949597306
-0.228894511613046 -0.212053113349296 -0.148055285662251 -0.0690779743285195
-0.27107913836271 0.0341761460821001 -0.121349735307038 0.029498713077549
-0.0657286228925382 0.227722093079408 0.00375377430043221 0.0501183778290677
0.110850705997724 0.214474878502835 0.0229472931288467 -0.0379396488293507
0.208752667837934 0.107156136098103 -0.0741165954627816 -0.0951796709433495
0.221616457134288 -0.012279101482528 -0.172365237467028 -0.0779348906417072
0.235116867407402 -0.0415249420853762 -0.202306607796751 -0.0611390083664835
0.245479478376468 -0.000679666148697101 -0.204629607142408 -0.0784385330045903
0.276132061448767 0.155705876463258 -0.153178956193584 -0.137018890503251
0.137479040058165 0.312158591424601 -0.0294790708723853 -0.151872757121161
-0.127178830503495 0.328219041221115 0.0651538371383745 0.0083347407522901
-0.423558776139838 0.0695138584350264 -0.102003899620287 0.0400733410073207
-0.33336540744841 -0.324293338241901 -0.194575475983764 -0.140750847021925
-0.0729086389239974 -0.469757737314865 -0.0155715744454318 -0.424597048608956
-0.0696873287615142 -0.471521001041822 -0.170887142780834 -0.046520708706247
-0.313562833868557 -0.26429506381701 -0.0960998955403239 -0.0235916460719693
-0.360986427698036 0.0481343808387022 -0.113128154920166 0.0329242273779034
-0.105593174889471 0.298126350440888 -0.0195076231048671 0.0592243265334884
0.126994335276388 0.294392767947924 0.0295219273908002 0.0216405685441422
0.262318664252155 0.164292256650196 0.00224638633130986 -0.050284268784664
0.288446845982924 0.0156662322343212 -0.0724098136355591 -0.0700099935197071
0.300670566321252 -0.020471831988327 -0.096220359127549 -0.0672841542399994
0.309189087987309 0.02779148857959 -0.0898298686098259 -0.0710357211321104
0.336491264131813 0.21421348904135 -0.0565342764623132 -0.0920706009376135
0.155477459912771 0.402056508983855 0.00815031347608542 -0.0814601372749518
-0.167397192169356 0.4081329238915 0.0622326393442508 0.0489741883430111
-0.521066420573956 0.0923352026309165 -0.0765931540120685 0.0684977494373931
-0.429647534577985 -0.385612764540064 -0.137549579456182 -0.0801938821992571
-0.117435797933232 -0.575431902555422 0.0139405707995278 -0.259842298271633
-0.101797167688188 -0.509107415735467 -0.147363290300382 0.136453052312333
-0.372588376093123 -0.276704239337981 -0.00671368777681402 0.0377239573514016
-0.412156426786705 0.0742217018176354 -0.0847819585009509 0.0253469517541528
-0.124081137048239 0.344782748659551 -0.0482733130358451 0.06691628487869
0.134146778931789 0.337242025352388 0.0353502740551603 0.0984527727442913
0.283477045774874 0.19588263031779 0.0917499722203126 0.0138009381217415
0.314520199417807 0.0392523816801311 0.0474851617084186 -0.0488672653332525
0.319968907885387 0.00351173644578467 0.0248960651802754 -0.0628243440395661
0.320801739732103 0.054531332523168 0.0343798681042139 -0.0564346826426818
0.33619875358706 0.235137859839191 0.0482140016808176 -0.0419344392625077
0.142555896633705 0.413511600914966 0.0526215200928157 -0.00654185942240247
-0.177577363702585 0.399410955839345 0.0601723198473659 0.0835096949056794
-0.511167983298773 0.0864729986578672 -0.0317422092649658 0.091436782434756
-0.433498693323806 -0.378422630827105 -0.0576053772493554 -0.00535360197893703
-0.132995120081425 -0.575606005970681 0.0487376905760789 -0.0708156759877591
-0.120245547999888 -0.468284778737735 -0.100353343087302 0.325759356573285
-0.373355736257691 -0.240623982557842 0.104928899484549 0.10415824025106
-0.390056132112099 0.088942267241681 -0.0402705851454227 0.011482689601861
-0.118582064579809 0.32803672481776 -0.0744135191756088 0.0756175225463814
0.117490618780335 0.316454074180477 0.0423426337435449 0.177997999866817
0.260074004294662 0.191544321403136 0.180297042865252 0.0855451085161265
0.29170353325134 0.0535757834527674 0.168219838072979 -0.0187869184353188
0.288755448720321 0.0255705515408958 0.142989578187173 -0.0502487420022247
0.281318499783401 0.0728299085997643 0.146578952775692 -0.0367117864693189
0.272200750317719 0.219232983076316 0.136011878187984 0.00290226770095166
0.093832886509202 0.348132150969997 0.086781176728394 0.053667541397704
-0.160958199977966 0.298777952370502 0.0537106055524671 0.0979832512201766
-0.391043378915666 0.0423255011830364 0.0174949158848346 0.0989968285520483
-0.338779540395666 -0.308958349339309 0.0210330982477652 0.05926492634862
-0.12058055626302 -0.472123668882651 0.0797912026182999 0.0991474976686598
-0.114055432561505 -0.346592666186373 -0.0437042245445117 0.485808379680002
-0.293942555240996 -0.162318336691767 0.204998760797055 0.163779405883352
-0.282236399622139 0.0767884642582836 0.0124233539798288 -0.00406390998306985
-0.0919476458486208 0.234912690512585 -0.09189034657203 0.0742739930899929
0.0734171121067601 0.234639179511856 0.0423785282900789 0.23624166100379
0.183688647031859 0.152605263358978 0.247716029078237 0.150960186230706
0.21899378407251 0.0604159374199983 0.270019743995503 0.0162872924896907
0.214908345456257 0.0458129495378384 0.239768496817232 -0.0314509106216918
0.200081779742333 0.0819749692830659 0.227644020180335 -0.0137725632937818
0.166734759078894 0.172716394915441 0.18784447909439 0.0383137483500176
0.0224253625466615 0.230293149825537 0.0990026684130065 0.0869719616492601
-0.128152902265004 0.148883724649402 0.0371670122744415 0.0854410979561009
-0.21214147353317 -0.014331528062955 0.0548561840534219 0.0875278554565494
-0.186398155577957 -0.195278663330969 0.0744457673222121 0.096586053221779
-0.0871544044037813 -0.298059992849698 0.100278769012678 0.219615962678151
-0.0852302264375126 -0.165338467760981 0.00960170733726109 0.58880353679178
-0.158839795656312 -0.0581687536149684 0.273702735902021 0.207068020498948
-0.121176765400803 0.0479877831966307 0.063433328739359 -0.0219706225615754
-0.0458644416370754 0.0960784365362247 -0.0978683789855654 0.0567050931255671
0.0159600715937409 0.109261277242757 0.0295864371201137 0.261229538465878
0.0745044073260574 0.0880793232296616 0.276288571189234 0.197601414734187
0.108263425905472 0.0580230372208695 0.333536957553299 0.0505894291397363
0.107928313822764 0.0598928174739988 0.299471721126846 -0.00901643876178608
0.0954487578249533 0.0795929389126441 0.269031910964637 0.0100148051429369
0.0487667534669156 0.108810957039002 0.201020681783492 0.0627888483935763
-0.043450536013685 0.10035609400691 0.0884593961724036 0.0971984767117418
-0.0861964824108261 0.00772156272302665 0.0148093899205465 0.0547398017826894
-0.0383439073196037 -0.0549332183805724 0.075908647529116 0.0614728357174931
-0.0384273308073429 -0.0658592665334551 0.0991474975096628 0.10636156360916
-0.0491218028047075 -0.0963175009673563 0.110148088942928 0.277715389837175
0.0130635765315051 -0.058748607928174 -0.118089107718735 -0.344879816582178
-0.0651499653992363 -0.0403366457471194 -0.165349428497698 -0.115377109798813
-0.0787961431698755 0.0461843748174804 -0.0911703458131185 -0.0109152553510575
0.0283566159352822 0.0849637167158204 0.0106945745252594 0.00597305702885491
0.0723337250636261 0.0259381205042316 -0.0158294491950238 -0.101731562984591
0.0572694265521939 -0.0303854277517975 -0.170086166785496 -0.116597269250713
0.0200836538954171 -0.0594316389537114 -0.269515871083012 -0.0608771282801551
0.0108187723700942 -0.0602509429303607 -0.303912329258567 -0.0366788551190057
0.0141555865410841 -0.0488700298056226 -0.320963125373504 -0.0755465937203738
0.0471446709955071 -0.0136450472327096 -0.250182757578542 -0.184352527596336
0.0503105868580996 0.0213583034767301 -0.062180506316364 -0.231891407265043
0.000537562572803309 0.052810492645008 0.0751873716439816 -0.0693981506918518
-0.0710842214463198 -0.00122910051284685 -0.0753440740977096 -0.00907021640426737
-0.0102128133297861 -0.0747394027937196 -0.192701348512918 -0.17734866373834
0.0592072075408027 -0.0564160739391348 -0.0153157902168197 -0.568221740462003
-0.00388822825416475 -0.222724382651884 -0.139040870044442 -0.298799041676205
-0.140615461301919 -0.134514019033181 -0.161301961615166 -0.101653621996785
-0.174327390877274 0.0331063188869102 -0.1090811734366 0.0139515143329492
-0.0210723914623643 0.15266554564783 0.0139156950352961 0.0335261247198682
0.0890177778999641 0.122026866680248 0.0139092347119188 -0.0767431030784889
0.134507628809599 0.0417820716531799 -0.125285916772324 -0.119040593098882
0.12533249939256 -0.0343521877404763 -0.234405036298362 -0.079197836398422
0.130405441535849 -0.0498878213087912 -0.271767650077482 -0.0560897488551096
0.138681511944246 -0.0211406016837731 -0.280931647957039 -0.0861547884716138
0.167985569742429 0.0785012412394272 -0.214751207736826 -0.172584494538446
0.0926308925328854 0.175610577160985 -0.048943474081762 -0.201461129777682
-0.0719428323254958 0.194289882943778 0.069821738049676 -0.0328247011098455
-0.258369197447338 0.0256564075101467 -0.0984888764214604 0.00747681959315815
-0.172788208269795 -0.215503174230908 -0.199167125828633 -0.179280065836262
0.00144769716475369 -0.281970144734448 -0.0117712861328116 -0.529205683962451
-0.0252036757111117 -0.364099504881891 -0.157943261002828 -0.20255106576113
-0.217241624045046 -0.215742658059235 -0.141711526485027 -0.0753768130259388
-0.266986704772269 0.0245264712503033 -0.118851233555804 0.0277072090391024
-0.0722200153491115 0.218935273282295 0.00338539138993225 0.050190154839368
0.100776906107465 0.214160306694426 0.0279133926634791 -0.0371463454898662
0.200834058910972 0.112378639556441 -0.0673987502078003 -0.0980073897438942
0.216832818507645 -0.00367311923377782 -0.16613332887284 -0.082327410584182
0.230775166618524 -0.0314711181591081 -0.19843907260323 -0.0674142567822084
0.240686110986027 0.0101765912177242 -0.198041509424084 -0.0855253536251663
0.266068421027566 0.162441221978333 -0.146648965396628 -0.140029512335643
0.12387475053716 0.310905645027858 -0.0252999538378111 -0.148686896135801
-0.138492175526832 0.315911935766295 0.0648847030938118 0.00650868002886762
-0.419418325748531 0.0507834933534537 -0.100222201573493 0.03207746364656
-0.315677190661828 -0.3325849290152 -0.178890588221008 -0.148597759832143
-0.0526881518194151 -0.467507412657924 0.00379050189885172 -0.421682103608155
-0.0516229923586399 -0.467091918889474 -0.163876159819595 -0.0573915765270268
-0.297621327896023 -0.271800655976739 -0.0927481247004695 -0.029875840010392
-0.355607118714571 0.033312443606561 -0.111212926984534 0.0311265447018828
-0.11465533585702 0.287353943616803 -0.0202391930944616 0.05845138102413
0.113388600624008 0.293596425408335 0.0336414625861559 0.021635532972941
0.250584083303057 0.171282049671864 0.0053510148703364 -0.0518943423520949
0.281365581099362 0.0267425794593273 -0.0687809127854169 -0.0707681554750456
0.294466266365259 -0.0090317795539288 -0.093527645192802 -0.0697731631092306
0.302195670239792 0.0413642228624801 -0.0858632210434949 -0.0734824117062946
0.322653019959415 0.222436134111879 -0.0532239308828686 -0.0926005340169557
0.139133474286316 0.399056785642237 0.00894176864761934 -0.0779722855164043
-0.18122119751137 0.392780767427381 0.0604217882279703 0.046825544434265
-0.515014527650061 0.0691129154837258 -0.0760776496303985 0.0593335136245515
-0.408446013284381 -0.397893976534027 -0.125595513171079 -0.0866175178687821
-0.0940937179654206 -0.572764427184035 0.0263098410362282 -0.255363059270948
-0.0800856307217101 -0.50681847672963 -0.148260672087385 0.123725516521428
-0.356659622721347 -0.28758848232627 -0.00814446502125912 0.0345544368261201
-0.408682046546384 0.0573709061944489 -0.0818279238721655 0.0248951552240837
-0.136441151880883 0.333960943847682 -0.0492317511633809 0.0660700134668829
0.119617560224401 0.335896840266087 0.0364941832754795 0.0978369110221842
0.271424458491557 0.203866289470171 0.091367463833102 0.0138338400871076
0.30660939788041 0.0505676681509368 0.0468601892183146 -0.0451701317513506
0.313028465865422 0.014917220895635 0.0256112399715368 -0.060695676618943
0.313717770773349 0.0677366079128255 0.0354242395831665 -0.0537585170481088
0.321065366579285 0.243137028235448 0.0476308481944284 -0.0391662298036324
0.127241464184982 0.412986376986156 0.0497534209848798 -0.0024800036081399
-0.191469056406833 0.384960662530406 0.0567369608795001 0.0813947583215501
-0.50545888616921 0.0636967661442001 -0.0325957324560538 0.0831620239082993
-0.412535126491401 -0.391695397717053 -0.0509004333464555 -0.00924202301571521
-0.10866816150003 -0.574494411912094 0.0518173224061668 -0.0672674750681909
-0.0985710659551259 -0.466248207092368 -0.110809848709787 0.313933741568308
-0.357307547799605 -0.253142959295311 0.098173523438565 0.10513443043106
-0.387826498560112 0.0719655583922081 -0.0376163996145423 0.0125890822077488
-0.13087227997956 0.317896141418069 -0.0755065253643885 0.0741345509365299
0.103729715362374 0.317283331805234 0.040522766313908 0.176439453568047
0.246893597183212 0.199470921196577 0.175951450610307 0.0871389024571717
0.284193640788292 0.0639318938905475 0.164228031453697 -0.0109002518868576
0.282389595816148 0.0356431839184864 0.141395295278938 -0.0433776597792171
0.273062688681163 0.0834056020625507 0.144561514814321 -0.030528217173081
0.26026124956116 0.224737626643366 0.132226059238214 0.00796875104151729
0.0809088361544676 0.34415381938823 0.0815110362603188 0.0579214673421039
-0.170505088682475 0.286036742526608 0.0489241720398336 0.0962065295759865
-0.38668561173421 0.025589326281276 0.0150967264403004 0.0916665575747656
-0.3206601005272 -0.319669885961125 0.021507954491224 0.0571798821714871
-0.0993106119994626 -0.472485693178681 0.074997315626083 0.101915995622806
-0.0967392097892909 -0.348034962762396 -0.0620296779921072 0.476671122815008
-0.281543903717538 -0.174554442558219 0.193265682728136 0.168451893561099
-0.281365937227406 0.0627677288470571 0.0136053541133297 -0.00215839466573091
-0.10047119057799 0.226895517003196 -0.0935711040732184 0.0723755833059705
0.0623223120997555 0.234139555598324 0.0370169974448213 0.235427059950372
0.174490067513856 0.158479066869825 0.239321851467487 0.154375324557737
0.212865092645973 0.0683339084760928 0.262965384977528 0.0268109424569325
0.208482063798207 0.0531812303579264 0.235666280447468 -0.0205664577169141
0.194197885212623 0.088642543982714 0.22293686847042 -0.00450714997136119
0.157924553498246 0.175449259692172 0.180979439733385 0.044459935424398
0.0145421682381521 0.226792806934083 0.0915097845320837 0.0904442159938612
-0.133130363788685 0.140608373474707 0.0323576227718195 0.0845700044974601
-0.208596489685851 -0.023893268385347 0.0517533213225835 0.0821763248088474
-0.174976476036547 -0.200564010701564 0.0707864508222164 0.0959986857013198
-0.0711600035475127 -0.298904056102494 0.0892918781548424 0.221433199129993
-0.0750437318974201 -0.167922615839393 -0.0138663193096366 0.579774820138813
-0.152658935146731 -0.0667606212955152 0.257290024639602 0.215150501208052
-0.12200558354287 0.0410978480101779 0.0636566086099591 -0.0173362908370119
-0.0506200553921497 0.0936485845325342 -0.0988286291449069 0.0544376717154437
0.0111912040709639 0.108813811572317 0.02185616744027 0.259478602375891
0.06962827505 0.0912622217287613 0.265185067742542 0.202374652190923
0.10456935053771 0.0619267581051854 0.324566236385935 0.0625326621406366
0.104406445953582 0.0626097283564116 0.294743965945815 0.00353274477515013
0.0911331065723118 0.0812306209455633 0.262473367376254 0.0214123796886099
0.0439362374764626 0.109157913447297 0.193067857110956 0.0693218484442643
-0.0465683376755287 0.0984400107398371 0.0807269824000278 0.0986946381778783
-0.0863741914379217 0.00512480690982459 0.0108566088400081 0.0537450872620681
-0.0363342894494057 -0.0569112477066389 0.0728730302366511 0.0580414957440753
-0.0350605984546254 -0.0674641475891802 0.094106420637108 0.10743692505664
-0.0423596016012587 -0.0980781189289756 0.0958017132966789 0.279604315267021
0.0137724818916577 -0.0587194621617108 -0.105078648180456 -0.360478810906716
-0.0646633216047388 -0.0421935315468162 -0.16410001674887 -0.125279635888568
-0.0808452076670538 0.044741630294894 -0.0930262824550795 -0.0109188584071417
0.0267315241038037 0.0865177027296864 0.0124037223576391 0.00668507513143937
0.0727879068553115 0.0281336403115606 -0.00954599486629355 -0.106333873054634
0.0587117178009609 -0.0299432707416377 -0.167432623239222 -0.12607682764428
0.0215187828918299 -0.059841350438395 -0.270496131889603 -0.0738947957936055
0.0126213951718491 -0.0607169793797425 -0.309239550594644 -0.0497691056938548
0.015923339761731 -0.0480125248284492 -0.325130846109327 -0.0906209922673155
0.048699063386785 -0.0133222884389468 -0.250161814360387 -0.1979492246947
0.0513251606206943 0.0221821931219093 -0.055702969474859 -0.239821789221218
-0.000489578574202997 0.0526723445099391 0.0801598958686109 -0.0716378700485364
-0.0715860555627435 -0.00248709300903848 -0.0758272872149716 -0.0141754251160975
-0.00819533655848176 -0.0751670304216318 -0.18365551718275 -0.190720678901929
0.0600104024741232 -0.0554508051216343 0.00823512254020289 -0.583329195676441
0.00317022823974112 -0.227319812378794 -0.127933273535696 -0.316277013174785
-0.138183420468674 -0.141652959553722 -0.15953214862148 -0.111708929718785
-0.177658036369009 0.0278018215063765 -0.110935151067164 0.0132218192443125
-0.0267266774669306 0.153079380098801 0.0146977103369973 0.0359869875304466
0.0865670991368359 0.127382597114231 0.0200638775094323 -0.0791094703831211
0.135335961911044 0.0469677446590773 -0.121596020181339 -0.128059029081895
0.128006119626675 -0.0304259807356158 -0.23463224787461 -0.090354603054462
0.133358248916652 -0.0454099157194176 -0.276363662572561 -0.0682629252888241
0.142256240258575 -0.0140152493393627 -0.283529168869597 -0.100018094470562
0.169322328912727 0.0865800168171153 -0.213320949806955 -0.184398024065921
0.0883162022747712 0.182202770588831 -0.0432492402504467 -0.207545710812386
-0.0813831963458714 0.193801404836641 0.0734710339715525 -0.0345097901838175
-0.264683131154278 0.0161595236361631 -0.0998804507559084 0.00133791842945331
-0.168859536901379 -0.227430168148719 -0.18883842613001 -0.19366577141
0.0105631909926372 -0.290101581907129 0.0135952688193008 -0.543771340427636
-0.0123953335077104 -0.373608407259233 -0.151451244456477 -0.218423463794356
-0.212991193927742 -0.227560438267951 -0.140428353659099 -0.0851267306194622
-0.273089025027117 0.0155000966642018 -0.120973253039695 0.0268294760019384
-0.0817408279485769 0.219155585435752 0.00237654276494638 0.0526758085744435
0.094350295273219 0.221827498018115 0.0340093700051475 -0.0381541476487543
0.199327734604166 0.122347733386451 -0.0637268343958213 -0.104775443118032
0.220110628437798 0.00500962535939905 -0.165221430982431 -0.090143075002406
0.235402444931734 -0.023019221795618 -0.20102964115202 -0.0774214411852683
0.245576765668499 0.0223387970194994 -0.199490897830126 -0.0953280503744144
0.266504500105501 0.177139175268699 -0.144671820327911 -0.148567580640614
0.115010601100659 0.322063082448072 -0.0214818173466324 -0.151600881596122
-0.154808329432003 0.315728915864554 0.0666999169414965 0.00493334735749261
-0.429976902465262 0.0352463931564016 -0.101844812238764 0.0241914681982883
-0.311332564995911 -0.352580777861746 -0.170553468639472 -0.161680182909652
-0.0359961194857211 -0.482690090677401 0.023414979777535 -0.43041979612959
-0.0356474067175254 -0.481098548287963 -0.163985120017074 -0.0697234380790243
-0.293363161341701 -0.287932964622086 -0.0927961725191963 -0.0367578156970971
-0.364467177541983 0.0220134938877661 -0.113119833637169 0.030641978695578
-0.128352573536585 0.287212663757829 -0.0214818183170075 0.0608925368777659
0.103858208570684 0.304398918269669 0.0382485847875408 0.022182516544763
0.249927158311777 0.18478121710684 0.00920487645181326 -0.0558073485400729
0.285791408884575 0.0386625626747313 -0.0673879594811761 -0.0737206545244177
0.299560615736206 0.00301734312352525 -0.0940095490192297 -0.0747973365676592
0.307191063894397 0.0568286258918605 -0.0851390581077591 -0.0790175288528748
0.321993142785509 0.240470610883998 -0.0518488530418045 -0.0955931845777638
0.127282344896401 0.413320834112595 0.010699634894424 -0.0768218096536986
-0.203822122638556 0.392126618918321 0.0609389346816908 0.0464520176927677
-0.530352903876493 0.0487287324884344 -0.078557870306921 0.0519353994969679
-0.403350683441514 -0.424451060587524 -0.11920544236817 -0.0963427234900144
-0.0722844294747245 -0.593186792744562 0.0394970921855281 -0.260648338374837
-0.0617741574242862 -0.523116228973362 -0.155611314123464 0.117451439452765
-0.352653400609121 -0.309990702158757 -0.00964260348455579 0.0317224326182166
-0.421087229591197 0.0420407796659828 -0.0824333715311325 0.0250032740787262
-0.15274791369839 0.333791915785632 -0.0520572669666823 0.0678008421322965
0.107736818619557 0.3484370018675 0.0389615831430723 0.100705915305701
0.269446149226818 0.219388788944479 0.0940276791907309 0.0141794365566099
0.310634502145029 0.0643416606442613 0.0489572802757116 -0.0431847712838073
0.317735385694212 0.0278527228009068 0.0276229931098792 -0.0600541052776497
0.317645152460459 0.0829396606691314 0.0379038872509345 -0.0539812411294127
0.320647450092364 0.259649545587701 0.0484973203369933 -0.037914613095774
0.116129721534821 0.424548896976865 0.0489839544096205 0.00223159108240065
-0.213646680256257 0.383766111611091 0.055071768957337 0.0821974634643236
-0.520467224451394 0.0435926465870135 -0.0347332184965265 0.0780407161814388
-0.406826649008277 -0.418521673015006 -0.0470397652770606 -0.013726548976632
-0.0875933102437299 -0.596456031970936 0.0570217193310215 -0.067160032113953
-0.0817689988326122 -0.48441402872947 -0.125532088459275 0.31489192595763
-0.354196233650066 -0.275795370661371 0.0947768288134858 0.109222302705518
-0.399655879169932 0.0566196599080303 -0.0373249337408803 0.0140153815025042
-0.147313003946029 0.317635079715023 -0.0803650722574957 0.0748732658664415
0.0924068376922907 0.329573631182167 0.0398912000888279 0.182488252657437
0.244811956692656 0.214375285193868 0.178096217890724 0.0927125667052607
0.287624525533934 0.07738566152973 0.166967373580053 -0.00347260914425751
0.285658745259468 0.0483089497254474 0.145402817249039 -0.0382394714063505
0.27638519434242 0.097753430987784 0.148189501303297 -0.0247010016870849
0.257811716809953 0.239560736575551 0.133358077186052 0.01405338510659
0.0700743817118398 0.355503626925253 0.0792464889073745 0.0646766223060346
-0.187499218779762 0.285351897937478 0.045266551086349 0.0976020863831484
-0.396940108081831 0.00884242174675846 0.0134951590302761 0.0886240398583788
-0.314793083809964 -0.340753620821729 0.0228772437174023 0.057543007392701
-0.0804145223834015 -0.490178262403447 0.0725405533129389 0.108260932109882
-0.0820913726814852 -0.362561750725689 -0.0829598673650338 0.483849279794402
-0.280525195334951 -0.19200445127696 0.188965470149212 0.179449979239577
-0.291336413735104 0.0517153554196243 0.0155687649548969 0.000664247364977065
-0.113308587957458 0.227944685283479 -0.0983515173110748 0.0728519038629014
0.0543078997543012 0.242456694055329 0.0328849109990964 0.243324392784517
0.171394651038 0.171089950124809 0.24079986590313 0.164236717863434
0.215164156614053 0.0786539645725274 0.265703514914004 0.0389370832191301
0.211075868959817 0.0618364288056923 0.241538751912283 -0.0112408150960229
0.194983285412968 0.0990432230416204 0.227576096980429 0.00477110950231723
0.154691197605961 0.186186872481191 0.181620940798166 0.0530090876683211
0.00652957564168235 0.232657831364589 0.0872548419213994 0.0976860375344235
-0.14324281778884 0.138640466857564 0.0285925847824112 0.0860791526484815
-0.212589978039323 -0.0342563285536358 0.0508171067778724 0.0802508309386239
-0.171498636830804 -0.214041009334372 0.0697346702792013 0.0993047041611526
-0.0582288265107714 -0.310758560433688 0.0813319599902195 0.231145381613491
-0.0676262185850587 -0.176443662699056 -0.0396315279831416 0.593847327053198
-0.152226075030574 -0.0763304886553078 0.250834216419178 0.231909885908767
-0.127497661800357 0.0357259886619484 0.0660078460430298 -0.013929980376095
-0.0568495054692999 0.0931489940269634 -0.103504312137161 0.05418916527782
0.0064155328727059 0.112557122530392 0.0145786863380765 0.268084844612348
0.0679409447660606 0.0978205281684893 0.264297988929602 0.21550760880621
0.105537238700814 0.068289334030412 0.326971962806179 0.0774499172515161
0.104822171623394 0.067769777892858 0.300331606421182 0.0152185405097338
0.0915755286756035 0.0867548233753042 0.266422082399923 0.0330360436773793
0.0412662137544257 0.113335170132843 0.192155366439703 0.0787152592773757
-0.0511669972454421 0.0999930712735189 0.0758253441045979 0.104196893173089
-0.0897034515712748 0.00274639616285646 0.00814082794025507 0.0556983340498068
-0.0362008692134003 -0.0604594786496619 0.0725480321148625 0.0580446849003944
-0.0318636679834604 -0.0719010331202793 0.091031635333914 0.112486118931018
-0.0361376358075346 -0.103519268594836 0.08534874064824 0.291741072222098
0.0137929782314594 -0.0605380519720157 -0.105313808969091 -0.38763993465496
-0.0664901673704358 -0.0438660312924553 -0.170655328006511 -0.135889640624774
-0.0850136310837568 0.0467729702605015 -0.0978304402757249 -0.00918096999917124
0.0282455271317827 0.0902043007203157 0.0147534284084872 0.00840015523020536
0.0770358078610487 0.0296749539786325 -0.00650249831353616 -0.114032057116691
0.0611264016049962 -0.0324271396217646 -0.173931860567602 -0.137103571744792
0.0223818559182244 -0.063521676946588 -0.283357719444703 -0.0831902395534939
0.0135127171505811 -0.0637179044609422 -0.327592210970332 -0.0586552144511943
0.0172996971240775 -0.0494701952245836 -0.342054511375274 -0.100758436881608
0.0521005461898059 -0.0144048796122917 -0.262544108720715 -0.21224086546316
0.0542960962928699 0.0226201514124984 -0.056732110712256 -0.255013518110794
-0.00079110575794324 0.0547571397840756 0.0858798557580763 -0.0780091402002067
-0.074954305658188 -0.00233236329571968 -0.0786129217073886 -0.0176139264570882
-0.00843075662718763 -0.0778338999172415 -0.184988370463225 -0.208152427783191
0.0623049231838379 -0.0573668711055706 0.0211351509836024 -0.617620219746731
0.00533154359259761 -0.239192703753788 -0.130525346088064 -0.341286059451702
-0.14257268911394 -0.149385974604991 -0.165893609789238 -0.123689950571098
-0.187026486451861 0.0277984803812485 -0.11596828977576 0.0150620713649954
-0.0294620158725011 0.159651831534193 0.0160343959886391 0.0388924230403974
0.0895869866733768 0.134437003466068 0.0247767995018898 -0.0852448700444806
0.141187438507858 0.0508608366081236 -0.125275492242984 -0.13875337930853
0.13448893808447 -0.0296680256615848 -0.24542432558345 -0.0994387422947747
0.14050105686967 -0.0453484498521212 -0.291887325573524 -0.0775122133972324
0.150213735048611 -0.0111511529926006 -0.29896346369559 -0.110631919825759
0.17787244792547 0.0931600568256485 -0.223784256586027 -0.197618114187762
0.0915321650206061 0.192637503300746 -0.0445374423285241 -0.219639965328471
-0.0894419300663382 0.202149245783741 0.079448896913689 -0.0395074301506426
-0.279993179700667 0.0136553006797089 -0.103893744599397 -0.00320098703072155
-0.176435769862618 -0.242554529625766 -0.190611309545843 -0.210607334710124
0.014458938025059 -0.307541710376501 0.0261770811353642 -0.575822882872619
-0.0097063424460705 -0.394115672806928 -0.154965207555788 -0.238799259687586
-0.220835582894974 -0.242361686830639 -0.146784807365261 -0.0957410388425095
-0.287469552770586 0.0129614763382274 -0.127144312600495 0.0297832677662699
-0.0889489338199729 0.227980277608497 0.00328355769889036 0.0571820083336942
0.0975068462324347 0.235457368361454 0.0398480514767253 -0.0421994627184232
0.209053329183594 0.131939638281587 -0.064849622840058 -0.114395788873078
0.232484582352517 0.00878320967765798 -0.172772529871355 -0.0981490157999849
0.247332302432667 -0.0204347499524847 -0.212215670115157 -0.0850063671983137
0.25909541728149 0.0287459278988075 -0.210016660437411 -0.104874830841347
0.279643514514633 0.190349659080349 -0.151707136393856 -0.158739854484407
0.118339981962415 0.341468294284221 -0.0221893350862202 -0.158891736742264
-0.169638889660237 0.329901002496018 0.0716510456616089 0.00240012398007543
-0.455891906639218 0.0282456098258607 -0.106506494233895 0.0200053109807595
-0.32497637308278 -0.379051001986207 -0.170659440039608 -0.177076834648641
-0.0310707625698944 -0.513758865140695 0.0325949772968471 -0.457197212239419
-0.0321325121268613 -0.508332758808289 -0.171102370904253 -0.0806352167298593
-0.304476440478209 -0.310308416639143 -0.0975359689788447 -0.0444959069474722
-0.385289492838661 0.017396991879123 -0.117496901636643 0.0341002121660933
-0.139503595584537 0.300760185639476 -0.0224103547700454 0.0657390245656519
0.106241183152855 0.323052763704344 0.0449615566092579 0.0223028623699066
0.261329941274329 0.19955066182771 0.0111599308461987 -0.0623287216926453
0.300912962594721 0.0453622792361615 -0.0702429717347157 -0.0786239047453082
0.315557691662213 0.00798696301740498 -0.0996593438439274 -0.0802652805393185
0.324187885514219 0.0660831544256004 -0.0895447022785472 -0.0854593126852388
0.338466833685797 0.258070969362655 -0.053607703908134 -0.101758575892764
0.130277819383161 0.438875654493247 0.0110975509514246 -0.078454106606335
-0.222193261975697 0.41037873503756 0.0644059383153195 0.0461655890756162
-0.562172895517284 0.0409451989022019 -0.0820640724213211 0.0490380037967387
-0.420887776814086 -0.456536475237018 -0.11841516597558 -0.106530544523427
-0.0669407854583199 -0.632191181953517 0.0468769399365083 -0.275735992718012
-0.0584245480621297 -0.555685248788982 -0.165023142141442 0.118363777564067
-0.369033172281157 -0.33191040345036 -0.0106302795786072 0.0297990705182188
-0.445694546155787 0.0388015991335509 -0.0854561871367207 0.0278339776164645
-0.167110106965865 0.350065889215067 -0.0551639663646023 0.0731646247678861
0.110055123248241 0.371595139301614 0.045308893422315 0.105995122382363
0.282684059859106 0.236322002485042 0.100320352292023 0.0125993066562573
0.327454471659391 0.0731758358526915 0.0518089822995201 -0.0436801076163299
0.333519630590381 0.0341176959019006 0.0288264202500754 -0.0628033009724505
0.335122511909989 0.0941261158207119 0.0404458645091663 -0.0564732257580805
0.337000860002172 0.280228597104547 0.0515477415210283 -0.0389798585870006
0.116617506882115 0.451377159630291 0.050180815677466 0.00619010596489411
-0.230681989417202 0.402405839824529 0.0573852724366997 0.0846615513396762
-0.551053853782837 0.0354765016800923 -0.0368067651559872 0.0754978276854978
-0.425476597692388 -0.449936727382178 -0.0449533118756867 -0.0187745792303049
-0.0823426925963682 -0.634061969698937 0.0621571720049365 -0.0700722135997431
-0.0773816970940241 -0.515458195966105 -0.13592885557904 0.329010972408585
-0.369764774928068 -0.298977468432323 0.0976756348049165 0.114635029312486
-0.42497732043889 0.0539453485922217 -0.0372021346382986 0.0160145296909896
-0.161022170832185 0.334333715617054 -0.0855861017146647 0.0806348688510661
0.0923505531355032 0.350304201655119 0.0448615557082728 0.193456967642554
0.257056844978292 0.23221751854682 0.188605113926148 0.0969669795498199
0.304269257762037 0.0868762713071703 0.175619219208326 0.000348171463297343
0.300847505702257 0.0546115775919788 0.154285158956618 -0.0373406814791253
0.291681017665861 0.107861902040961 0.156385452861497 -0.0240146327207271
0.27063182712412 0.257417077365149 0.139312905982232 0.0167848822970815
0.0696350442070001 0.376636305823799 0.0806940186531313 0.0720525852589392
-0.203965774027172 0.298606066573173 0.0464809338586027 0.102097050170503
-0.420000881694005 0.00176552924359841 0.0138233572543586 0.0879155994801515
-0.331025918682318 -0.366860073657648 0.0265787819222431 0.0580352525634149
-0.0754709646474463 -0.521526550120002 0.0746577720758436 0.116096325709139
-0.079844971523856 -0.385668656162377 -0.0954262756013436 0.51097816384033
-0.292423473732913 -0.210062995348043 0.193782186286472 0.191806452045402
-0.310700796620677 0.0494351573920783 0.0176532828258203 0.00235248941300679
-0.125103086410731 0.239229436432079 -0.105037817335879 0.078212488339385
0.0526602366758198 0.259269647307474 0.0356142348824383 0.258409679887301
0.179707079671372 0.185683251191869 0.253191862210023 0.173970722039828
0.227470459599776 0.0879069555867194 0.28004852258061 0.0464715802194842
0.221904072535766 0.0690061536182976 0.254663311106066 -0.00751185667877991
0.205839009951374 0.108054127522323 0.239545862081414 0.00903065363836159
0.1621686312918 0.198994554026335 0.189038800526271 0.0581260349035109
0.00484866777807666 0.247593791635387 0.0884895471791692 0.10568296598885
-0.154610179731052 0.144325649485969 0.0277148973289629 0.0905559834166074
-0.224941419174504 -0.0409323155013831 0.0533840820493547 0.0796818646192179
-0.177332097716074 -0.229389521060967 0.0733201552426271 0.104072422057933
-0.0542565515911558 -0.331599060198607 0.0818698953362887 0.247225274744137
-0.0662310251332253 -0.189660216813041 -0.0517901178585804 0.629950306878363
-0.159103900048566 -0.0854233765857529 0.257747709401276 0.249480200628517
-0.136504008260977 0.0342614335041605 0.0703667832567292 -0.012554325825916
-0.0633503534992587 0.0982221147065758 -0.110741993546548 0.058396835957914
0.00415724108540989 0.120675194401861 0.0152842543738011 0.284876364150358
0.070271839057401 0.106938046114865 0.277719206969482 0.229776792302907
0.111424708312858 0.0747648305227642 0.343921793675655 0.0876690467014247
0.110020666739086 0.0738463255827955 0.317024300452394 0.0212231761249055
0.09630407074731 0.0927513661822467 0.279890144839622 0.039534592589203
0.0423502330310042 0.120817856107363 0.199763329010631 0.086704839158169
-0.0549578669187671 0.107334822543747 0.0758450246524628 0.111700561109598
-0.0967623428613037 0.00246952965383582 0.00616889020781628 0.0583934500236829
-0.0378003649387076 -0.0658308200624802 0.0764614984367065 0.0573140968292057
-0.0325769512140983 -0.0772970410257156 0.0946023668023361 0.11934567059392
-0.0341241043147604 -0.111029740581364 0.0833670315639277 0.311575358533184
0.00767475106466795 -0.0639826779441353 -0.173577380612283 -0.396071509983414
-0.0736616607958804 -0.0367622696039341 -0.200085739834841 -0.118535863043396
-0.0812984955445602 0.0622981599048868 -0.101299565830241 0.00417372218878659
0.0426903935143321 0.0895381956811855 0.0171298539735514 0.00210078683286163
0.0864944420576099 0.0194426626986759 -0.0287930699943519 -0.121626913326274
0.060151902557442 -0.0433632985139567 -0.207270128642364 -0.117016969785575
0.0143311209550898 -0.0705597462220821 -0.317385926026401 -0.0425084581085843
0.00518789459008911 -0.0710202061939253 -0.352792708717163 -0.0124944268774708
0.0107459765280963 -0.0561440159167432 -0.379260963908901 -0.0556970834577815
0.0542595799177192 -0.0249656368856422 -0.310835221582557 -0.184040849216853
0.0630450562364009 0.0140998822860409 -0.100251078600999 -0.262992466666309
0.00696906063611954 0.0572772053660442 0.0795026492367488 -0.10035545885678
-0.0775109586666918 0.0105920363734099 -0.0845309572960086 -0.00756880243926415
-0.0193596754112454 -0.07603009176492 -0.222364803691796 -0.194407316663265
0.051348778949013 -0.0647478869282965 -0.063201479808715 -0.661237263040187
-0.032028583456484 -0.255313885926698 -0.180056740578456 -0.332043606412067
-0.170026570411023 -0.138651344057565 -0.186642173024119 -0.105262745395357
-0.191981362883231 0.0556278139857973 -0.109842390396529 0.0309920722477319
-0.00966822161217943 0.170398587603843 0.0262872274888568 0.0309248170099849
0.11376805123363 0.128382430617061 0.00861983026082437 -0.102961657994334
0.156931016650835 0.0328498562797241 -0.161812543048794 -0.130908315432397
0.137342012077861 -0.0499532569116671 -0.282057184769608 -0.0684678833038016
0.141791863848987 -0.0689601895449261 -0.319726892449573 -0.0376201517024321
0.156517294324873 -0.0349266308798216 -0.334731625056265 -0.07347515506871
0.202446572831509 0.0695233039231069 -0.266108836725158 -0.176699192337723
0.126790045475601 0.18688435469703 -0.0804833718667721 -0.229532344246933
-0.0678333053946256 0.223464187220119 0.0820410229461156 -0.0604291692344319
-0.289754428509405 0.0577019695467363 -0.106761694314186 0.0137074306742377
-0.217961972621621 -0.225288915170976 -0.231953472598872 -0.193028662872319
-0.0335903261855731 -0.318630964200481 -0.0522530138354421 -0.618804566293964
-0.0747684127854307 -0.421398735705393 -0.178975715044518 -0.209508348261788
-0.26658825523232 -0.227329218743398 -0.15657193426773 -0.0779476970594469
-0.300917572656876 0.0561644259396486 -0.112869830218019 0.0450074441474368
-0.0644841207692683 0.250143086367303 0.0184922410178467 0.0488803074310271
0.135462215879785 0.234391880273617 0.0316017187748969 -0.0657419260971946
0.24069349997467 0.11022217173424 -0.0975662234896563 -0.119165653160162
0.245715896577176 -0.0217309022568556 -0.207484583209242 -0.0804326394769627
0.257160370150948 -0.0574405738926121 -0.237473057434792 -0.0569749982540056
0.277160308780569 -0.00843552848304114 -0.239160906285403 -0.0815988733991543
0.32269488662583 0.156553241730451 -0.183004893963495 -0.147125771352608
0.175902689878613 0.338015132874304 -0.0472758261298931 -0.169613903705137
-0.135392481740544 0.368690060424411 0.0826115754264176 -0.0162817004392348
-0.471483789223994 0.100109403033097 -0.103519376014139 0.0405177600255626
-0.392153542550278 -0.346342581535615 -0.209508553559585 -0.156781446423539
-0.111215217618379 -0.526640053309509 -0.0277941243781511 -0.49425455547006
-0.120415704667754 -0.542470957400735 -0.160495561155644 -0.0322382469547742
-0.368037508958408 -0.288643579600388 -0.0916375355347554 -0.0304611248735979
-0.405401330054725 0.0751361265860578 -0.096897833882855 0.0446309628116153
-0.108719606935151 0.333575226062835 -0.00474686848785103 0.0590403976273985
0.155917151500736 0.325292063349154 0.0461878491788454 -0.00278251046650691
0.305172940734319 0.174760421222567 -0.0112924999705324 -0.0793617259564852
0.323276198564124 0.00867336288042854 -0.0957252433183352 -0.0777827284182411
0.331897783222154 -0.0364828901077677 -0.119089676825938 -0.0685022351832641
0.35149889364757 0.0214645704299273 -0.108644084554219 -0.079050940792802
0.394033182321361 0.219088290243525 -0.0710283328926986 -0.102413172970596
0.202473492360782 0.437129152498006 -0.000286346214639406 -0.0890443320493789
-0.178525404340474 0.461018581633608 0.0830888350503191 0.0305898787608649
-0.581929147159789 0.127484527212227 -0.0721187252306694 0.0678557779077952
-0.504585811883086 -0.414099792131816 -0.14645698300344 -0.0879276048547294
-0.163862162615661 -0.646517189146336 0.0106684946180421 -0.304190009116768
-0.157151574855577 -0.590180627627167 -0.116591859962855 0.181699032653467
-0.439484346398515 -0.304702674240691 0.0151308050408124 0.0345545809774475
-0.468792034179885 0.105989175769993 -0.0604094640761598 0.0301143031503614
-0.131300527134877 0.390308639162714 -0.0361343087834477 0.0702111350863441
0.164998667654109 0.377386146524593 0.0624466276553715 0.0829531182962051
0.332817687506892 0.2121542694847 0.0937505717291571 -0.0163737986029786
0.356564065762324 0.0338491299807151 0.0401459387265622 -0.0616220260784874
0.356208962447328 -0.0101137519302259 0.0189888124006563 -0.0696917898569685
0.366914118286091 0.0494855137699375 0.0329928990989529 -0.067873588628611
0.394184674349009 0.242831797370166 0.0496378825294329 -0.0517800624619735
0.189413350292671 0.452919926144047 0.0539943969027807 -0.00490049477157915
-0.190080720241267 0.451812798699438 0.0811364307135792 0.0737486767848504
-0.570598767416589 0.121446494150736 -0.0203350368437926 0.0884584170256176
-0.508581031349134 -0.40763331516698 -0.0565061140372138 -0.00606368552225195
-0.178832653205377 -0.648782266770518 0.0552929048799638 -0.0857938246470445
-0.171725373769815 -0.546302180525673 -0.053246181119568 0.400549865385353
-0.439034721575883 -0.268815961412637 0.141987993024035 0.107248543502901
-0.444870939104102 0.118515141890805 -0.0129024914737895 0.00911478973297547
-0.128863812273083 0.372549968714087 -0.0675651715530979 0.0854361785293887
0.142389678757471 0.358312747717338 0.0774305144600796 0.177223324101477
0.304533564591646 0.21070960267575 0.201221432077065 0.0590558789681936
0.332806581967634 0.0527609918224254 0.181373760296082 -0.0355337518669118
0.324123980908762 0.0166448231324219 0.153969038001726 -0.0613713335526336
0.323104291881495 0.0716272897516279 0.160796060233556 -0.0503538857761618
0.321389991022425 0.229071873643742 0.150515039295905 -0.00585065443377553
0.128905973728569 0.383723697731202 0.0963219918026058 0.0619429574907969
-0.175136252424112 0.339402258037876 0.0707389421211885 0.0959958429071152
-0.438581969952014 0.0642650428849056 0.0326847209415616 0.0912731133675343
-0.397328276610764 -0.333332389504693 0.0307310377263915 0.0626331599976698
-0.153908906000731 -0.534012394758945 0.0956422142172533 0.111215060638552
-0.152356903328079 -0.408914082290001 0.0108992682475727 0.579509192317381
-0.34489115422004 -0.184412412989439 0.251554030437584 0.174748016304302
-0.324495174605668 0.0965269417393928 0.0359591683263383 -0.0110826560544374
-0.10308744422958 0.267671507965527 -0.0902462115902749 0.0911451634535422
0.0870731297745904 0.267465790226937 0.0809998664210243 0.253876712067352
0.215937162699826 0.173673092002344 0.286400063289941 0.133413935364107
0.252465737913037 0.0632123074929598 0.302313762289993 -0.00211759011279432
0.242710254843372 0.0429512617500587 0.26455824369195 -0.0458561250564249
0.233044528026726 0.0834325852592837 0.253765046181574 -0.0259106253857698
0.197879485846158 0.185187222564168 0.208486791012076 0.031832510949698
0.0405773793623635 0.258683153852148 0.109404551483111 0.0978252167399923
-0.143931531582497 0.172288013434538 0.0459993254608472 0.0898742535200963
-0.241495182811438 -0.00953803492178899 0.0698340299003442 0.0748571344913372
-0.21862126171016 -0.215503181481216 0.0881314950868787 0.101407041327513
-0.102187693949756 -0.339475366444708 0.120700748916974 0.251063818383405
-0.10634809246466 -0.200228589949028 0.0638218475930219 0.689531769786823
-0.184988377687716 -0.07111197553137 0.319130105695728 0.22615641038328
-0.14177376616383 0.0558113237981365 0.0795707741062692 -0.0292393632251358
-0.0558519838834293 0.111716917481385 -0.103598601996124 0.0785126612266677
0.0167907046252707 0.127623396978812 0.0661340322597399 0.293434046200496
0.0879187128504977 0.105183831407355 0.327674917496292 0.192921097306051
0.128269722086086 0.0657159437451793 0.381016887928338 0.0327840392813123
0.12645957930921 0.06405599326839 0.335590306960016 -0.0244615183586826
0.114896339664417 0.0841391418982415 0.302202129388237 0.00130046840747391
0.0610344490236817 0.121929659932709 0.222669108431063 0.0610800804847625
-0.0421572566330825 0.121208537432114 0.0963425123926732 0.107001950564803
-0.10218569751957 0.0163549740629644 0.0155040618522747 0.0614281417833344
-0.0510284675572237 -0.0648334552270368 0.0886193123522487 0.0456350541667223
-0.044879722054487 -0.0780617611311369 0.115150030637278 0.11087384173962
-0.0478843056620313 -0.11344662464962 0.13163324363463 0.321018739526339
0.0024262621477746 -0.0643829673486852 -0.210078828432231 -0.39670868446694
-0.0771475053739246 -0.0307081778593409 -0.214692272858354 -0.107487628273812
-0.077527603341407 0.0703486599489888 -0.102100449749982 0.0148347567623725
0.0508766771537829 0.0869689303912739 0.0190561581202098 0.00168457598396842
0.0899997689844358 0.0119287783113832 -0.0379328061663578 -0.12476218379116
0.0565248819126422 -0.0505727495341039 -0.222065557366477 -0.104716764778441
0.0075129203004582 -0.0731162873705619 -0.328217909390224 -0.02079860549386
-0.000758325112409444 -0.0725056140596339 -0.364914965041934 0.0132598331231642
0.00725790740915042 -0.0572880217923158 -0.394285192905556 -0.0289626423264751
0.0541589716875325 -0.0306556652004365 -0.334382368286013 -0.164134830863836
0.0655816923925682 0.00759761428126989 -0.125353490499711 -0.263567189410549
0.01174101486173 0.056912395392886 0.0728986556897707 -0.112989705515992
-0.0771843949141162 0.0188672264445867 -0.087289053877536 -0.00320246740878119
-0.0257174548106776 -0.0746545655914316 -0.237960143394741 -0.187850060110245
0.0451532654988474 -0.0691223483235889 -0.112720676959431 -0.676312058415224
-0.0537577956903186 -0.257230391374004 -0.211404806751321 -0.331838831051068
-0.183867793202954 -0.127746921500974 -0.20023865329559 -0.0962003300161685
-0.191480342771014 0.0725466520671568 -0.108773150851371 0.0429137465406779
0.0037107995479675 0.173714286335607 0.031507876337207 0.0301950534723962
0.127240007871219 0.122682643608025 0.00157593755062434 -0.10914977271891
0.162560463496527 0.0213176663307636 -0.17648696839959 -0.123289008966736
0.135510260251896 -0.0612568193784873 -0.294674431014589 -0.049650880289312
0.138943493281384 -0.0810367549692997 -0.332725394419678 -0.0150360064693656
0.159301230467824 -0.0466338865281503 -0.349727151011211 -0.0506761297220818
0.213393808837849 0.0551711053711385 -0.288524541792708 -0.160103071263442
0.144419950668354 0.180494489015042 -0.101626168203478 -0.228867353639306
-0.0530209843127458 0.234423623479153 0.079022537871634 -0.0732608809526467
-0.292271950232655 0.0816408293328065 -0.108764974932954 0.0189262489019131
-0.241400102472041 -0.212936122855064 -0.247732749573046 -0.186892927872762
-0.0609226769855575 -0.325344901956846 -0.0995264242303 -0.633382060222248
-0.110817511988023 -0.425939011929457 -0.200679049740608 -0.207316308553137
-0.289955725518724 -0.211351810621066 -0.167978156409957 -0.0725129820403597
-0.303139407739338 0.0799134328373912 -0.109369690784193 0.0578616740990875
-0.0468721441075516 0.259865058839847 0.0254331277811614 0.0496406406426869
0.157849989496771 0.230103293482993 0.0293248069747393 -0.0727926081114962
0.256293242752338 0.0941585576100895 -0.110163154224505 -0.117646419727519
0.249437578214985 -0.0410015687672809 -0.218383715038906 -0.0665560955233487
0.258395211437486 -0.0771398915950216 -0.249588648890412 -0.040729256459162
0.284644941551402 -0.0289861807908631 -0.252876783112012 -0.065867837405485
0.34477955965795 0.134716163550926 -0.199725509241221 -0.137721690085209
0.207855369517777 0.332720897608256 -0.0625135228352026 -0.168562973540766
-0.112538582176244 0.388520192784859 0.0834141878161858 -0.0284091947789143
-0.477215862650955 0.137741121623571 -0.103419707339509 0.0446737106851128
-0.430999441476315 -0.323923188432017 -0.221851579408869 -0.150947477088077
-0.153930743621175 -0.534573153954954 -0.0668061041294984 -0.508261543020043
-0.165418743074732 -0.546844585765434 -0.1677066982369 -0.0271517410473894
-0.399327317373196 -0.266555382870353 -0.0984291359802747 -0.0295611896239758
-0.409484809567303 0.10944171545363 -0.0931052224500405 0.0553011427615222
-0.0863845245524047 0.349804381294307 0.00256322390563517 0.0619274850874358
0.186954342331439 0.323302875067566 0.0508155461498952 -0.010906824546857
0.328897000823283 0.156035743825494 -0.0187656026663443 -0.0841077323531937
0.333601591347152 -0.0158859395246874 -0.103797958738841 -0.0724795592963564
0.337371196953153 -0.0620084289174042 -0.128130475618488 -0.0611733775968702
0.363278759143702 -0.00411093578485947 -0.118767273149817 -0.0735794405249548
0.423767302305152 0.193771010778682 -0.0811098367677907 -0.0994958047716476
0.24330825463022 0.433988466536157 -0.00743658426364364 -0.0885098897256053
-0.151505779127936 0.485919220542732 0.0872892348162657 0.0200822830931523
-0.588002474670161 0.175852465093194 -0.0691499157191647 0.0696968746960197
-0.552073971054931 -0.384378710191455 -0.153100093233156 -0.0847968097660265
-0.218046627391966 -0.653835463173004 -0.0122509742419353 -0.316062911662472
-0.208517080628414 -0.595150138017492 -0.105349007004578 0.190512274461138
-0.47508127588307 -0.279351604050234 0.0155049228620841 0.0299138146206656
-0.472001943533847 0.144659027544909 -0.0574286387269996 0.0373841852769601
-0.106048831715852 0.409683677769662 -0.0286693762684288 0.076354499021681
0.199625963893739 0.375885936300321 0.0744481883853006 0.0770273854898338
0.360431183982939 0.192158692262811 0.0945665207865055 -0.0275297814896705
0.369001281945563 0.00646919298190722 0.0372178410388617 -0.066119392469078
0.363903532520221 -0.0370873638151339 0.0137228560030222 -0.0727317798707724
0.381543830769182 0.0229845979031982 0.0285331841028257 -0.0727706765239232
0.423672018670082 0.218786998151587 0.0472231398491525 -0.0566100365012588
0.231339707202477 0.451731106715421 0.0551100067256384 -0.00524164399704709
-0.16264401633091 0.480623512317695 0.0885432618927889 0.0650986386721644
-0.578707343381286 0.166191973093714 -0.0155194535789167 0.0857091546858099
-0.554565116100343 -0.378458106810331 -0.0555382972486681 -0.00667717432907481
-0.233043899957295 -0.655177763883344 0.0502744218856472 -0.0941337493608851
-0.218482348463751 -0.549231433884974 -0.0228868143996035 0.411260688577655
-0.471077579784292 -0.243833315455472 0.150650108398076 0.0957971262529765
-0.44927585294317 0.155866120632556 -0.0104763570998553 0.0115124217675668
-0.105821450002748 0.393548391988562 -0.0601260568627755 0.0947332754697994
0.175932826608314 0.359950931449226 0.0978403650029317 0.173994714672589
0.331401841805742 0.194397198622602 0.212049297059955 0.041535528911989
0.346691530402965 0.0280125034825749 0.183649374190727 -0.0500572881207923
0.333177949622567 -0.00656518110775359 0.153459874055145 -0.0745344523414642
0.338279925115692 0.0483059091432816 0.161222148830605 -0.0642440473515812
0.348587407636554 0.209214007175494 0.153638080858365 -0.017192559418281
0.164101769795535 0.383759005524664 0.103439143597857 0.0589382187292471
-0.155369586128542 0.363431625920796 0.0788194886957358 0.0901428031285657
-0.447032874960354 0.0986696789911089 0.0393629571139472 0.0847435600618259
-0.43470345867662 -0.311862942460348 0.0376173601914078 0.0582194573611883
-0.196545067162574 -0.540344894583561 0.106362756728046 0.107215390864138
-0.187865458037036 -0.410055613802297 0.0582206952165525 0.59290396675362
-0.366495618943435 -0.166283002244921 0.268148219246683 0.158977511947043
-0.32671295622999 0.123883272157154 0.0372600959520819 -0.0140137220291068
-0.0873792803103169 0.284396575975549 -0.084270327312508 0.102916427789016
0.110374871370616 0.270928584442769 0.107038368692902 0.253333737318291
0.237226512589752 0.162894686220913 0.305900726397502 0.110944480694164
0.265174446692347 0.0461280095621221 0.310928823054554 -0.0251214730389952
0.252964836874706 0.0268992797797496 0.269024129126736 -0.0665879847023164
0.246018942994285 0.0678148516687462 0.258581402910334 -0.0463649255777975
0.218891214826403 0.174599434685957 0.214507668278485 0.0176307562565575
0.0638283737583934 0.262767591946779 0.119035136089669 0.0945008648908021
-0.135971063757187 0.188579412066968 0.0538523588141735 0.08655907777592
-0.249814281184816 0.006959473409894 0.0766251470245645 0.065296774722598
-0.240608723953614 -0.20441316809858 0.0986310703666329 0.0946726439894352
-0.128316998316798 -0.34198884254685 0.14326643858887 0.249461746089673
-0.123420598351416 -0.200002364956923 0.117876438671354 0.704258041059594
-0.195128235020964 -0.0608729877756039 0.341282337102905 0.209531632199829
-0.141967075835674 0.0669025340274011 0.0790093477542698 -0.0357894039137956
-0.0497298048295912 0.120244201530873 -0.0991918135802953 0.0908885876844274
0.0267692784307868 0.132318362001002 0.0939155942400901 0.297098089405331
0.100878649903992 0.103546737386327 0.353583667739044 0.170033642222189
0.138625297519996 0.0576482093644896 0.393876192383335 0.00466950730836888
0.135590221465824 0.0565417672746107 0.342872863763132 -0.049893499240104
0.125075182148815 0.0772002769435492 0.309449316675763 -0.0218042096205223
0.0728351944074559 0.121372441126821 0.231299570858131 0.0464182651349857
-0.0328199536591187 0.129612222407555 0.1047624988994 0.103995623879277
-0.104803213766061 0.0261217017548725 0.0193188333834424 0.0610369220230727
-0.0586030323749752 -0.0641699927560967 0.0935909643038382 0.0347138021001287
-0.0519068704565951 -0.0778493441806571 0.126515572420624 0.104228749033301
-0.0546855527463094 -0.115066464943873 0.159421932068853 0.320999087752944
-0.00190785108361067 -0.0618353645479803 -0.235560822840178 -0.37661303408005
-0.0763670499687629 -0.0236794262557536 -0.218312338838858 -0.0913469551340466
-0.0705194702460338 0.074162868316863 -0.09642579200631 0.0243516979261119
0.0559400362515018 0.0796719175541485 0.020768968003998 0.000740241727228668
0.0889376439614175 0.00373828758632219 -0.0455568351171523 -0.120228814245529
0.0501084531454701 -0.0531197235688397 -0.224192104120869 -0.0875228721837783
0.000322129333921017 -0.0716125816769472 -0.322386530459246 0.000870973962449848
-0.00709558236232776 -0.0705584308976098 -0.356770279942899 0.0367888885776805
0.00357609152360668 -0.0557203871504653 -0.389061568561953 -0.000591095051031162
0.0505755993864433 -0.0350111592745417 -0.339169673414193 -0.136746094584884
0.0639571487424558 0.00158485182878778 -0.143261646494871 -0.24933983119401
0.0156091466787911 0.0537707631791323 0.0622548978952236 -0.118540074050855
-0.0727581415345421 0.0251723485020339 -0.0853814531384043 0.00140093020037318
-0.0296467326219458 -0.0695440183576232 -0.241055995075991 -0.172021538082018
0.0373125396798266 -0.0687779083471287 -0.156364865462093 -0.655901055490493
-0.0708758776408913 -0.245563251434201 -0.231973243280184 -0.313857558455923
-0.186972056069599 -0.110617406172524 -0.204200909869403 -0.0836928016740962
-0.180427532162911 0.0842267394811404 -0.100422418746742 0.051319796254109
0.0154955359947499 0.167642319040852 0.0352313519466419 0.0276240458420527
0.134149974544557 0.109527674245012 -0.00570932388559918 -0.108746264320176
0.160502187570467 0.00902179134214106 -0.181499383416574 -0.109216115747675
0.126813653423165 -0.0686488668345538 -0.291796182056174 -0.02937151912901
0.129075246888221 -0.087703682835261 -0.327838028951406 0.00764637260580633
0.152962431545154 -0.0556430319484275 -0.346808807808696 -0.0255989619652196
0.213273095277018 0.0379188509035399 -0.293837437819382 -0.136536713186881
0.15377584836512 0.165287881641553 -0.115910184737487 -0.21608877309666
-0.0373586556579779 0.232042166362244 0.0709513303053176 -0.0805717320957446
-0.278901330049103 0.100613602640973 -0.104919808126579 0.0231781133171943
-0.249691067278758 -0.18997965547008 -0.250659187496496 -0.170901254471205
-0.0833205608036318 -0.314354085945805 -0.142860066465581 -0.615036636917512
-0.138581554321403 -0.405513424002094 -0.213398570069303 -0.194361358621999
-0.296874181641504 -0.185031537502666 -0.171508123651977 -0.0631281749544988
-0.287974509182781 0.0992467310775013 -0.0999282479407262 0.0652068630757358
-0.0280766902064823 0.255466461313264 0.0304110998097862 0.0468086264651173
0.171538136695683 0.213467738346298 0.0244354327314707 -0.0755541616372569
0.256945059832806 0.0742881467023072 -0.117036346435919 -0.109223632212438
0.239935240276437 -0.056879481652154 -0.218456129231693 -0.0508963834697355
0.246074966243268 -0.0921303440013298 -0.247972476343404 -0.0232121930433442
0.277892847876066 -0.0475926422743359 -0.252967908620926 -0.0475117387302424
0.347891842267144 0.107081596655823 -0.205975548262692 -0.120045163727568
0.225955764593731 0.310334562037251 -0.0722816065531949 -0.158716395692373
-0.0850289729739917 0.387423411058255 0.0779012988704084 -0.0381020821183382
-0.457162920809407 0.168463342493116 -0.0982140944870567 0.046569427338731
-0.44177970466486 -0.287630705998488 -0.223306643690306 -0.138292181216396
-0.189504219416329 -0.513531026756488 -0.100283590507502 -0.494444384663005
-0.201966055926499 -0.520918140200783 -0.167127102615938 -0.0200933091577688
-0.407008015334108 -0.233425178405901 -0.102646201501927 -0.0259419288599865
-0.390362469043788 0.134206266146063 -0.0843561956858131 0.0623570589161136
-0.0606589195445103 0.34742600209482 0.0100955241065539 0.0608854676224498
0.20696910315312 0.303743101362392 0.0509347580395592 -0.0172853932631147
0.33423907885378 0.128860694174407 -0.0252464428042273 -0.0840983511902241
0.324168467485642 -0.0387427264550015 -0.10644794404293 -0.0639835480246348
0.324514985666976 -0.0829090393957807 -0.130394210254143 -0.0516495756507535
0.356392840804648 -0.0284987433796408 -0.122111310941242 -0.0651434760300315
0.428434370876545 0.157755585097052 -0.0863698152928856 -0.0915619336673555
0.269313564461736 0.406142136167435 -0.0124145682703602 -0.0836126538182559
-0.115014257060532 0.485987266467309 0.0846523689104189 0.00891230461275911
-0.564576011444738 0.210588112049006 -0.0637935845238251 0.0676173658480638
-0.565696753218322 -0.33841597253676 -0.152267688880762 -0.0779284393676329
-0.25782305506681 -0.626716891627958 -0.0359317227215676 -0.308527485951856
-0.245803869045541 -0.566072145023504 -0.0906522313807653 0.187721618029007
-0.483075762113381 -0.239594256667635 0.0131501975797898 0.0243740726956839
-0.451296501565637 0.174434001085976 -0.0506517201540946 0.0419213828861165
-0.0759552775497298 0.407323482767862 -0.0203573669633921 0.0781122728421828
0.223213623730441 0.355068680931082 0.0810135354063254 0.0662998613316434
0.369761785894912 0.161876974625798 0.0892748610809107 -0.0376560206717464
0.361604685379367 -0.0185829512663543 0.0317300301409649 -0.0671173271877412
0.352602743606199 -0.059969273491646 0.00801474477044128 -0.0730954938631523
0.375118600544701 -0.00336176364131046 0.0227260555387471 -0.0748333902021194
0.433664022961996 0.182410892790725 0.0417289537453105 -0.0588143495558651
0.260127162778543 0.424083224602205 0.0548903494713675 -0.00594145890476765
-0.127655824297206 0.482380069398011 0.0892960318804142 0.0531719012594759
-0.55439822040219 0.202793465254825 -0.0103917507248617 0.0786889661949201
-0.56781070284576 -0.330127953356431 -0.053222760021028 -0.00769792285297032
-0.270931846869762 -0.627111339547042 0.0412883508346831 -0.0961779493434726
-0.251813869321566 -0.521729998840243 0.00593388698309552 0.399555662592162
-0.477239346309333 -0.206134902228367 0.150654429115394 0.0808778315243848
-0.427467536626071 0.182327238740332 -0.00819863537111914 0.0126616672353761
-0.0776351822936717 0.392280864783086 -0.0495394849423767 0.0975244998942704
0.199051630492061 0.340640906144814 0.111199831079523 0.15959197729569
0.341748060120867 0.167914186984763 0.209177101294467 0.0209766241367477
0.342050418568454 0.00307369030163631 0.176945989410416 -0.0611064129826935
0.324409224585015 -0.0286973048794909 0.144904913496413 -0.0836827259296179
0.334817637580383 0.0235185980410813 0.153467489510058 -0.0747464124367423
0.357038320368593 0.179744840302628 0.147873999300932 -0.027316836725551
0.189511711092864 0.363215166142629 0.106225030824458 0.0540867443024305
-0.12830030577297 0.366593496336565 0.0823345644226104 0.0795623322799339
-0.430588210387131 0.127035907318031 0.0425888940588544 0.073845181198925
-0.445142117645455 -0.274058985026656 0.0415027189233806 0.0497620287635788
-0.228957459089574 -0.516124957090095 0.111080367527541 0.0968903253635881
-0.211563043824906 -0.389491856450779 0.097865079275051 0.574772844171894
-0.370108660011206 -0.139174031460629 0.269876490627313 0.137184025938577
-0.311633946222899 0.142522756808221 0.0358392177241896 -0.0146697860886088
-0.0666142972003332 0.284891474930975 -0.073490161356231 0.108395925338778
0.128197336911909 0.259934862256333 0.126575829638545 0.238128698896278
0.24714108850536 0.144124371838081 0.307095464213189 0.0840252194001395
0.264645118854514 0.0264835479044769 0.302339292898408 -0.0456764922454531
0.249112537687267 0.00968612969974003 0.259019569260857 -0.0836882670219057
0.246200733258722 0.0486170103818994 0.250523211674382 -0.0636451258038619
0.227520225157205 0.155229698747425 0.210163931794293 0.00276461454371353
0.0823837234688957 0.253236836402746 0.123195351795139 0.0867245275811441
-0.121134969866104 0.195684993657947 0.056976665848733 0.0793542015172179
-0.244744742831294 0.0225434842094549 0.0775456588320312 0.0521715863668008
-0.249791130788755 -0.182443204750189 0.102264369582896 0.0828824394151535
-0.14661878284111 -0.32823290453548 0.15641988537871 0.235080089253626
-0.133332128188821 -0.189358505372463 0.164740367769037 0.681526737012265
-0.194635732054622 -0.0482385036161217 0.345865964103842 0.183253170784543
-0.134759197565749 0.0741591627599696 0.0732678748506846 -0.0390125249938301
-0.0420747821321949 0.121958638255789 -0.089829979468964 0.097511087430722
0.036033146078285 0.129564900593334 0.115964606313788 0.283193210179763
0.108656611521975 0.095576530085807 0.358208534917177 0.139112126175217
0.140857155082174 0.0467108707098561 0.386076907151084 -0.0213938137283051
0.136976687330255 0.0464325897913793 0.332697795973842 -0.0719048466325754
0.128454245648696 0.066347558077407 0.302076001528318 -0.0410940460785082
0.080603848343333 0.113152040675784 0.227720340111019 0.0309258288426162
-0.0211880048021705 0.129905348022441 0.108501097792291 0.0966353975649292
-0.101076375824402 0.0345929465717856 0.0222899144418864 0.0576523407142218
-0.0633432281769822 -0.0600756382959405 0.0925502797886726 0.0226322004572769
-0.0561448364014817 -0.0732253100413114 0.128969070726018 0.0914440724618178
-0.0584472861028378 -0.111297949448634 0.17748009159297 0.304730009349011
-0.00383820827596583 -0.0579363375003458 -0.238224829825107 -0.354086000366716
-0.0725045285942584 -0.0200652788677684 -0.212889303943535 -0.0817009762160817
-0.0641236806901121 0.0727476783624091 -0.08885463390082 0.0275340261521342
0.0559320048852391 0.0729879399967225 0.0212598137785146 0.000581209632929584
0.0851369721417594 -0.000695839147319738 -0.0466007628872466 -0.114214710574632
0.0445951466455634 -0.0520285674805005 -0.216727993988725 -0.0763589753829537
-0.00358621981043393 -0.0674465712648637 -0.308841304540625 0.00959356405971197
-0.00908730646400971 -0.0666162186080034 -0.341536454087569 0.045602696356526
0.0022774113584654 -0.0529262283761747 -0.372188016548325 0.0107306747216626
0.0472122914508585 -0.0354920375064887 -0.329786540358886 -0.119468778281615
0.0603820708023407 -0.00259027599252301 -0.145919923528291 -0.233950889710183
0.0164688064856187 0.0498063228536207 0.0543139961985783 -0.117512903088438
-0.0670380365272808 0.0273320450703135 -0.0812439485656559 0.00324998416016972
-0.0298538289381824 -0.0636296655302553 -0.230804319835334 -0.162000742997111
0.0313488785063279 -0.0648673129087936 -0.168202961682425 -0.622106688763164
-0.0747253154145254 -0.230725659627945 -0.233832589490785 -0.296262668872605
-0.180230873158741 -0.0997056906392354 -0.199570512779028 -0.0765179799495405
-0.168337854076172 0.0856019988230702 -0.0914560749923139 0.053072288433865
0.0192872688222987 0.157498854540053 0.0358784722011893 0.0253957084384345
0.131901250646641 0.0994714171119114 -0.00809176832723131 -0.105049345108987
0.152342663601531 0.00399729939372918 -0.177735998035462 -0.0993462817907157
0.117723152725764 -0.0685192559160188 -0.279841908018569 -0.0200830079126665
0.120039090495932 -0.0865206693288846 -0.314060318635209 0.0156638789648393
0.145335464070986 -0.0575639318520917 -0.333252336031772 -0.0144179844926169
0.205315960186708 0.0293402162129016 -0.285465528613716 -0.121311042701451
0.151492181527562 0.152170403017314 -0.117889870899229 -0.202272204042695
-0.0289022503598675 0.222363104344117 0.0631601875607164 -0.082771680130211
-0.262870259046207 0.104295858782328 -0.0992395357209952 0.0233029104848221
-0.243339724931025 -0.173827236496477 -0.240691904835164 -0.16173364667346
-0.0901114169389475 -0.296238623232346 -0.153868334590755 -0.584985161647052
-0.14522930530592 -0.379935579924227 -0.210989172700943 -0.182954172648077
-0.287367407078646 -0.167662678725643 -0.169945244259833 -0.0592554028471154
-0.270909663561608 0.103779801836272 -0.090439024649016 0.0664981954880339
-0.0192601111915844 0.243891290427196 0.0327940871200135 0.0430716406694368
0.172192308590307 0.197884420376678 0.0216810112029126 -0.0756316580930316
0.248897389894437 0.0622687194847278 -0.116150050518547 -0.102258810275924
0.226775542899936 -0.0608358115447849 -0.210152020374617 -0.0425590352128871
0.231514377183955 -0.0938436872876304 -0.239061088383369 -0.0153049144644352
0.264565098101141 -0.0522242092271078 -0.244336985601485 -0.0390735202615005
0.336272219515963 0.0908356333399198 -0.201021863179052 -0.108378393538029
0.226397506260625 0.289023481335139 -0.0729218105396807 -0.147884511553266
-0.0708056743573606 0.373770509728288 0.0715385947303942 -0.0431003073441379
-0.430477058870416 0.173054268101136 -0.0934347275628833 0.0439012056535027
-0.429694282422868 -0.261076636606971 -0.214650084840892 -0.131587949800325
-0.197201331334843 -0.486782180539958 -0.111171822916254 -0.46937138394277
-0.209733538209806 -0.48708867369208 -0.160888172737118 -0.0198562815899463
-0.394334302141673 -0.208732118939281 -0.102445126411414 -0.0253766689694608
-0.368239276185836 0.139915726469409 -0.075333955198846 0.0627120556108999
-0.0480459470483958 0.332318553353067 0.0136678276104623 0.0573625728622117
0.209756934448943 0.283352312943785 0.0490392351327834 -0.0209256637014257
0.325933472097357 0.111562526538359 -0.0283356912084843 -0.0823964005961578
0.30788674238372 -0.0464364044760313 -0.103247302272325 -0.0579427502342708
0.306488072749902 -0.0868908026799954 -0.127308226832455 -0.0459131794348848
0.340445964108582 -0.0372621704901506 -0.119325154068434 -0.0592269306972283
0.416721586589638 0.136706890982012 -0.0857513942089785 -0.0849702581859045
0.271054786359054 0.378624652784621 -0.0130465501122327 -0.076933007786417
-0.0973772849773521 0.468709958201286 0.0792545297796951 0.00249368775193553
-0.531455608824652 0.218530355065345 -0.0609591815900006 0.0607628270469657
-0.548019519548545 -0.304742488833729 -0.145956664336882 -0.0754767927365793
-0.263494709699107 -0.592542547565269 -0.0451492523798008 -0.294715287961536
-0.252260732192368 -0.531421938361188 -0.081730808335631 0.177391109944995
-0.468426330902998 -0.214437416825548 0.00882354392383995 0.0195014489811268
-0.423837996129098 0.178555214291146 -0.0451437974739799 0.041959688073386
-0.0604826622555282 0.392897176347646 -0.014344517681757 0.0745654167998
0.227013792675753 0.33385583399268 0.0809734188466206 0.0571913341004846
0.360176451963204 0.143566606966118 0.0830654819007299 -0.042566320671384
0.34490653686369 -0.0286060612903274 0.0291571999647672 -0.0649049136937828
0.333953226865742 -0.0666110771718599 0.00456341744900105 -0.0700298086320846
0.359514140507104 -0.0152521403713198 0.0185252831501864 -0.0731515403766075
0.419968783415576 0.160215896538776 0.0376728867655922 -0.0576825028343197
0.263154017061726 0.396056884657035 0.0542890437491879 -0.00485387620458254
-0.109120763734607 0.465042564210341 0.0843778535786609 0.044961112154923
-0.523385321320666 0.20826887321299 -0.0099308425136194 0.0693684520852386
-0.551174056633524 -0.296886733084366 -0.0507065429525531 -0.0112577721521246
-0.276364057194654 -0.593738331449782 0.035187028205396 -0.0928600537605482
-0.257236502773725 -0.490446523254049 0.0174545185374206 0.376841760078101
-0.460640543131967 -0.182993672776722 0.141790050447112 0.0705766537152728
-0.402942334856607 0.18559407184114 -0.00579167403644268 0.0137071579534199
-0.0637620082675172 0.378536435102471 -0.0419869298826877 0.0949104938066534
0.20387138721495 0.322761981436892 0.114344192631162 0.145819243458443
0.335074464922865 0.148959016435081 0.199806310025722 0.0103603542951819
0.328424652804066 -0.00694545857123509 0.167365792991037 -0.064120290842148
0.309187155680789 -0.0352111926959452 0.135284602833646 -0.0848907122744841
0.321158550565136 0.0128438917198905 0.143983193631036 -0.0772216642090347
0.347705731137634 0.159746299862066 0.140022828036854 -0.0308020917774245
0.194228212532813 0.340323564524802 0.104336314412421 0.0505750938333972
-0.112167329852389 0.355485749678886 0.0784211453991888 0.0710126313436679
-0.407784907842189 0.132238191133111 0.040207130980723 0.062429761704112
-0.432294765502115 -0.246938144593966 0.0400166835905164 0.0424615220252794
-0.231984539264919 -0.489166828683924 0.108219797670577 0.0894437317384102
-0.213170354229226 -0.366472267383417 0.110427738214596 0.542504092103454
-0.35732458575206 -0.124915354883058 0.257708920529094 0.12296776733302
-0.292901058849611 0.143499581422002 0.0341602348176063 -0.0138648906349669
-0.0571438572993704 0.275505510211852 -0.0662792491675484 0.106263144828237
0.132093747650303 0.247023050599104 0.130882082706484 0.220935877856271
0.243607923464369 0.130887058712405 0.296173780473548 0.0671912201028572
0.254837906247502 0.0175930128924234 0.288412863858184 -0.0528829065303336
0.238932741354181 0.00292203084938062 0.244901946699332 -0.0876924064178404
0.23701369037506 0.0390299404104977 0.237567304207016 -0.0676981055949084
0.223346393447162 0.140861872821707 0.199300796712294 -0.00375288595360214
0.0887486156057143 0.239188852890174 0.120323116406066 0.081309354582744
-0.10993997765854 0.191557481538057 0.0553017469838888 0.0725994218095539
-0.233941152187031 0.0273204511399905 0.073131726567874 0.0418658298524325
-0.243076367723457 -0.166700219805472 0.0986112808587113 0.0743818972007262
-0.147715346865638 -0.31287693062471 0.156663578190781 0.22037284896723
-0.133060926676752 -0.17753015427144 0.177745026256584 0.645051894141387
-0.187380543183526 -0.0422999677094489 0.332612640668507 0.168088663061283
-0.126774071916869 0.0734691598212111 0.0684335411309414 -0.0374712205211401
-0.0382954096849333 0.118881001626949 -0.0821686527787124 0.0975741921074722
0.0385929573416029 0.124848089277519 0.122343350063465 0.265681201766614
0.10974142319514 0.0886281065973498 0.347164357893985 0.119608254909268
0.137796714354184 0.0407955180916022 0.367777352526373 -0.0326229601110464
0.133478973460343 0.0402044519897735 0.315204568414087 -0.0780396779310912
0.125125256401179 0.0591500995210856 0.287905430375497 -0.0477683646659518
0.0808635304082586 0.105675588718785 0.217220713758695 0.0236242402781465
-0.0145837526048104 0.125423758739876 0.105877965736842 0.0902902373265145
-0.0955076047999818 0.0377932092638279 0.0223228339962645 0.0537876419054981
-0.0635354602162098 -0.0563966292216299 0.0866916006575853 0.0139812773688845
-0.0551345495705988 -0.068705362309688 0.123984610627505 0.0833651625308607
-0.0567053736585785 -0.107319488414073 0.179536415109784 0.286943952364515
-0.00355682263658894 -0.055621750385276 -0.230338702796348 -0.347116930021706
-0.0691369166094773 -0.0197292788860898 -0.207507529753872 -0.0823071371652352
-0.0624263133633581 0.0707110974148703 -0.0844841282141305 0.0264565605446474
0.0539452003157187 0.0699469124207127 0.0227356236296348 0.00114984977319255
0.0821358527330527 -0.00153898845690221 -0.0428906749767971 -0.110961939166284
0.0421590543746734 -0.0497035292480241 -0.209922710771064 -0.0753563244415879
-0.00483642349655405 -0.0649095112371201 -0.300692963352979 0.00570849141937168
-0.00916186679015226 -0.0646656052680921 -0.333981170554583 0.0400794931021024
0.00279914201741939 -0.0515580036982248 -0.363198726932681 0.00761112255609852
0.0461785734197823 -0.035118370072554 -0.320932755241202 -0.117343759856662
0.0575498859944079 -0.00284985656542334 -0.141289872641798 -0.228261572441764
0.0155022893916518 0.0480806291540054 0.0520307549280403 -0.115518870130083
-0.0628776608045745 0.0269272512189076 -0.0784006359321335 0.00180123619214116
-0.028260015426877 -0.0608573812588066 -0.219375159710588 -0.164322722098698
0.0294617171608374 -0.0608019271465225 -0.156543056825401 -0.606679842864684
-0.0705890120407616 -0.222338099005897 -0.22567518477037 -0.292402629724884
-0.172819639400915 -0.097633162073888 -0.195952818618539 -0.0778040211004159
-0.163306185908286 0.0815626592202318 -0.0869209534538453 0.0506762693921101
0.0172428965745987 0.152232616296964 0.0365575319772993 0.0240488496802168
0.127500293184191 0.0963638150773643 -0.00664495936115186 -0.102681459272723
0.14811850834679 0.00465533780458399 -0.171920161365501 -0.0986190907788631
0.113700426302061 -0.0648554838295881 -0.272747925803757 -0.0221944226551799
0.116738099757796 -0.0822314304248367 -0.307746775988591 0.011828874874819
0.142387986273026 -0.0545098788269577 -0.325741978235921 -0.0177806791944924
0.199775629329146 0.0292969107495573 -0.277850270581593 -0.119920755078106
0.145180699594621 0.147691764946903 -0.112780766258332 -0.197237396639521
-0.0318375381767374 0.215886656484477 0.0604437088399583 -0.0826585088324182
-0.255086117784876 0.0990303068386757 -0.0966447105105552 0.0192526583292447
-0.233945152872356 -0.171031716375689 -0.22895081247515 -0.1646036839466
-0.0857460691136877 -0.288734111410723 -0.146315968876254 -0.570113185942824
-0.137894891637179 -0.366796215628066 -0.205619473715781 -0.183512794629276
-0.276041376682522 -0.164069727640506 -0.167888726507928 -0.0606306401395552
-0.261935900691765 0.0966296524248356 -0.0853497711060845 0.0635705584220039
-0.0211517304285125 0.235236759213352 0.0333191752180744 0.0414262499916292
0.16761237997836 0.192414166814165 0.0218207475095801 -0.074727941290704
0.242086657070109 0.0610442320986188 -0.11298781269004 -0.101562497250195
0.219942118126508 -0.0568570262063186 -0.204340784447572 -0.0437808959260787
0.225546989045735 -0.0878377952981445 -0.233829650969314 -0.0184280400808009
0.258553451963586 -0.0481988930482256 -0.238381277633831 -0.0411914647101034
0.327940692529955 0.090320413753729 -0.194947770778831 -0.107046949192759
0.217225696173054 0.281566783569619 -0.068971414351215 -0.142875529182737
-0.073670976466612 0.362972328086075 0.0676012994535913 -0.0443183725757153
-0.41954889027059 0.163311953593726 -0.0923162120137566 0.0371403496441158
-0.413885087692548 -0.256981876688359 -0.204759815113649 -0.135182539324054
-0.186640744482541 -0.475570971299217 -0.106585448206534 -0.457712242292462
-0.198289669819187 -0.471750720137649 -0.158314188542616 -0.0258820054380875
-0.379809629948713 -0.206335552156416 -0.104181233702721 -0.028894451575912
-0.355555730268865 0.131265927541231 -0.0706984134195239 0.0608453821562865
-0.050234667198846 0.322001529564096 0.0145773647308037 0.0555498443988659
0.203851092705906 0.276432459283666 0.0484870983304911 -0.0224549776545088
0.317401759528246 0.109469034897527 -0.0281136915720991 -0.0824200525146085
0.299150036979999 -0.0431296329604323 -0.100231817446509 -0.0571492888495231
0.298658460336207 -0.0803273053315644 -0.123948699453477 -0.0460203299245426
0.331658028468412 -0.0335056255303672 -0.116182159512459 -0.0601932048291933
0.404888587011277 0.136356932688632 -0.0832816891441874 -0.0833824137925389
0.261814300038754 0.368958452246054 -0.0095496547891358 -0.0728214689966529
-0.100929593432825 0.455178148710756 0.0741878573891144 -0.000432230258911082
-0.518501498416779 0.204724877610929 -0.0615496981881828 0.0529594818112875
-0.527697654807655 -0.302658253154518 -0.140833658966102 -0.079835517726841
-0.250622595862887 -0.579578510910241 -0.0427245765739269 -0.285815981912272
-0.240133741296341 -0.514658994719955 -0.0820534985462138 0.165655400488023
-0.450895772439904 -0.21274398612995 0.00289252701416099 0.016738863209629
-0.412424642249211 0.16825406451377 -0.0416381952642809 0.0413623399442204
-0.0637064254596202 0.380705003707535 -0.0123434031391334 0.072168506499107
0.220298687754685 0.325854005327787 0.0791851403173328 0.0536222632948772
0.352651541358706 0.140666532287226 0.0795141226456567 -0.0434960592798833
0.335827363801545 -0.0248326341876781 0.0287799659764225 -0.0637182444409885
0.32475209295258 -0.0599190108273435 0.00429086078421601 -0.0680152212968722
0.350779993054947 -0.010793386500652 0.0180507447779793 -0.0722736840780272
0.408916541115297 0.156516355205246 0.0368514003272544 -0.0559034811680437
0.254028444653813 0.384717732715806 0.0551522774328529 -0.00170722962854137
-0.111460938373939 0.452108863721269 0.0797378709242546 0.041301046730589
-0.51062569113391 0.194837424068214 -0.0135658373719873 0.0611410779015262
-0.530258680992735 -0.293206179315851 -0.0499996665303176 -0.0156447596451544
-0.263660342395946 -0.581447695078081 0.0329254650369814 -0.0899757674094654
-0.244819811250849 -0.475850196465458 0.0124330889734564 0.361470455047968
-0.445171601168627 -0.183732981820876 0.131999181649299 0.0687815296991613
-0.391518129919309 0.174798563195301 -0.004199837900763 0.0146151452501999
-0.0666620799065617 0.367431723634949 -0.0403301413789346 0.0923168210519578
0.198105080356146 0.315662409017322 0.110636872247423 0.138958471380874
0.327392655787388 0.146950305745418 0.193266000539614 0.00759175708643006
0.319603869732088 -0.00394547732245443 0.163418841530647 -0.0607796144959265
0.30161062219118 -0.03037175909392 0.13176919912076 -0.0810863708351561
0.312523905616124 0.0151864729439377 0.139650951988852 -0.0749527132366777
0.338183759521356 0.157413734904552 0.135485205134094 -0.0292089297221218
0.187781890481964 0.330912088869052 0.103082970549568 0.0516955723636997
-0.112982878891908 0.344799313963027 0.0735308152173815 0.0671795292237881
-0.398787471408257 0.123189681814558 0.0351622885984988 0.0552508498625078
-0.416279269004335 -0.242569776020072 0.0365294513746103 0.0393189014879025
-0.219900094974531 -0.480136888230315 0.102809728498049 0.0871962058327738
-0.203259142913595 -0.356484865024158 0.103712586203224 0.524635571350767
-0.345496162806696 -0.125778536633252 0.245850644526843 0.122454406092616
-0.287255677529395 0.134271948854625 0.0335177619178659 -0.0108219586878446
-0.059899300348522 0.268648149494212 -0.0637014735369898 0.10372980236183
0.128014545391086 0.243089187420473 0.126693916117258 0.213946244141578
0.239501100703798 0.128011682660573 0.286344066350323 0.0641651980400441
0.248971052947349 0.0191483933154179 0.280843302915825 -0.0486984574026085
0.232434452595129 0.00538598352999222 0.238845613530635 -0.0818629227610089
0.230523464164445 0.0393988654359629 0.230058071991413 -0.0648845046927752
0.216484442339147 0.138185427376223 0.193860572955849 -0.00174318338648763
0.0858807737622724 0.232426413749048 0.116904903177338 0.0814457090013822
-0.109379854244044 0.186345713060311 0.0517033627790899 0.0694551355493069
-0.228971026504108 0.0230574031899319 0.0672156568335766 0.0363325993424626
-0.233202435924889 -0.164859915144686 0.0933260119022507 0.0711135808815588
-0.13906574643402 -0.308854889268013 0.149717369818518 0.215136296213013
-0.12664092797663 -0.174242868892173 0.166387700413531 0.625833514878322
-0.181458953455624 -0.0447186777843619 0.318959647918639 0.168324742260086
-0.123829422846497 0.0685988569362884 0.0663286422456921 -0.0328592006633727
-0.0390432172504558 0.116288416717941 -0.0799368409599811 0.095934088711435
0.0369694900417879 0.123489839434437 0.118546787969331 0.257640903175807
0.108044027305438 0.0871705221303293 0.336784338035966 0.115886170032924
0.135347056448258 0.0400281168532209 0.359237591288809 -0.0284724122077248
0.129264396034861 0.0407515997156697 0.308916057500435 -0.0718502920701514
0.120747855451801 0.0584551962411188 0.280509442716287 -0.0440002880226492
0.0788167512203016 0.104019620513913 0.210463594306714 0.0253026281570898
-0.0135009352952822 0.122776267116775 0.101431279628133 0.089971800920263
-0.0929877231348561 0.0372344630382859 0.0197412721263337 0.0518298785079078
-0.0630144128608068 -0.055841615627832 0.0821817157712161 0.0103780848842509
-0.0528498608904485 -0.0679405316665723 0.11872366467262 0.0817044563045231
-0.0521056556752163 -0.107859582368878 0.172291709555068 0.279834072824731
0.00484557955444315 -0.0541181789506595 -0.17722275914578 -0.378226315145718
-0.0634679299260223 -0.030840942112544 -0.195110016525022 -0.116265380217235
-0.0720798750680607 0.0605202288348993 -0.0886647488699168 0.00848247800199152
0.0407203024174014 0.0767003536908444 0.0201709465324707 0.00273559193592914
0.0807634325894183 0.0113411027776799 -0.0288181747261631 -0.114987155870915
0.0495456593839882 -0.0402512355632082 -0.197703354775129 -0.104080411398282
0.00420191790051166 -0.0632332948192458 -0.301929318901077 -0.0363211779636943
-0.000741093896925149 -0.0647269993412243 -0.339053048317319 -0.0169390946969108
0.00885340653112288 -0.0467743935863711 -0.364795603008723 -0.0524955955689833
0.0485659521523475 -0.0263129362537287 -0.300939271468342 -0.170446768218698
0.0527940582790486 0.00536339208382981 -0.103701355420711 -0.25363221232294
0.00494032952685496 0.0483468639617797 0.0707128208961266 -0.10997126100151
-0.0651650888139968 0.017739543342477 -0.0761135133091734 -0.0111655855733548
-0.020034171211142 -0.0613585647062513 -0.187326524910356 -0.204903783607048
0.0296881020999653 -0.0532400198787317 -0.0502406064353855 -0.635683507951633
-0.0369713488610784 -0.227794930276669 -0.168486312735859 -0.32263012507905
-0.153100458962449 -0.124676617705209 -0.179231344488542 -0.113011665971001
-0.172488742109445 0.0548897856500372 -0.0909053596766064 0.0256206424510418
-0.00933789081799359 0.150622158776506 0.029806651824092 0.0239221027891964
0.109442395270245 0.115043196604588 0.00308948571788232 -0.105266471365139
0.145333554007347 0.0297855806671617 -0.163031264827774 -0.120800771323236
0.122504039315476 -0.0437021158498027 -0.272804116966723 -0.061501636532635
0.12750215658533 -0.0600780539359096 -0.308634549718427 -0.0404429788848718
0.146397850302201 -0.0258764853862924 -0.32296652936497 -0.073398517136118
0.189646198093227 0.062621895204425 -0.25588497720701 -0.168459193118557
0.11380666261619 0.1675458626165 -0.0773208670936928 -0.218304359987222
-0.0708868824656088 0.206022305753577 0.0755137540164363 -0.0781720963921443
-0.265877873015037 0.0561332109882492 -0.0955139647944379 0.00426816592069179
-0.201758146590182 -0.206253609076395 -0.198581086265356 -0.200625597208679
-0.0431299174361964 -0.299987859635646 -0.0475445654557116 -0.594861082371355
-0.083214034329394 -0.38084639575862 -0.150763326161215 -0.210219507210656
-0.24454356032954 -0.206441994324315 -0.148010673648269 -0.0953051013417561
-0.272251823049805 0.0536345367105234 -0.0884320112107346 0.0337167531501895
-0.0614536304111603 0.225866682728088 0.0241470340003034 0.0359033281103423
0.132546165949644 0.216264523752531 0.0232354550465924 -0.0781523107810326
0.230079141811994 0.100430049120615 -0.109355995570855 -0.11517115977301
0.22776157860301 -0.0177473769316585 -0.20378246147123 -0.0737363652167079
0.237030138671394 -0.0477091818647242 -0.229968632686718 -0.0573489755846229
0.260285211974928 -0.00165009879253101 -0.231882388984145 -0.0835859643649035
0.305601097700291 0.143040734733529 -0.175056168594337 -0.144703884750267
0.163846487162723 0.310595119171624 -0.0396779996880045 -0.158254950362758
-0.13844574912253 0.343599270862706 0.0774087664394375 -0.0401833325033751
-0.439129823974014 0.0914324158062303 -0.0932416156678435 0.0242737679899662
-0.364337295060035 -0.323217370494886 -0.180965662912469 -0.160728344564101
-0.108191082399118 -0.503374129954596 -0.0303398243411507 -0.472936283546622
-0.128106345744999 -0.492854312352589 -0.117904421717951 -0.0477729866332288
-0.340535872099607 -0.265377615592884 -0.0850183584681184 -0.0561002213696059
-0.37122864031227 0.0722533582358063 -0.0711645799144319 0.0273653017403822
-0.10500553761777 0.306089433698866 0.00285431376839228 0.0420006696914801
0.152938413401636 0.305448994441384 0.0397904632874281 -0.0260748655485768
0.296777275030918 0.159315336272398 -0.0319572620687243 -0.0838867996860095
0.305455320104292 0.00955582933198855 -0.0990589144407362 -0.0733458970779385
0.309082207043425 -0.0277526277884686 -0.115989125535666 -0.0666375391426298
0.329130575605183 0.0243317442470653 -0.107481522179889 -0.0827936172964447
0.374893121118992 0.201026074789994 -0.0664326452791285 -0.10436273264866
0.193917496326528 0.403548491378647 0.00968619238092285 -0.0788632174681669
-0.179691777682805 0.430456052686402 0.0777377311988418 0.0037390671353933
-0.542291819437156 0.11606727766041 -0.0656765474883374 0.044723952094948
-0.46692531036147 -0.386331478125053 -0.127691819945516 -0.0904998895517088
-0.150095150927994 -0.61961864305539 0.00326700861384817 -0.287163712147815
-0.162408221586217 -0.54157894048141 -0.064693333526011 0.152810300025461
-0.412197970306877 -0.284964703411754 0.0187354478871432 0.00316526418925582
-0.432495231747106 0.0989271661862703 -0.0393556297268109 0.00868223439254035
-0.128939890808353 0.36253637343328 -0.026649499903078 0.0524265523825913
0.161293243596745 0.358757158109646 0.0576903854448926 0.0506880626634316
0.32680452374938 0.195287936281846 0.0679213006554429 -0.0295985031968887
0.339593255848139 0.0313523600811928 0.0298443357676117 -0.061460752573374
0.332453203450461 -0.00283350716120964 0.01616727730791 -0.0665954688213583
0.344692754508143 0.0486590563375594 0.0293551685060648 -0.0735983972434647
0.375435757794256 0.221937710939066 0.0482400411335368 -0.0577239735227415
0.184620510593909 0.417272280759698 0.0630505325800644 0.00311632406050501
-0.188186182856335 0.425947395726001 0.0757384832823612 0.0466635437833515
-0.532871194414732 0.106760562420959 -0.0202348178787626 0.0604728457073006
-0.470203722984351 -0.379579757690562 -0.0495886120434341 -0.0101417489008786
-0.157854157315334 -0.622928457914781 0.0450300102533867 -0.0769219792792259
-0.172179841604726 -0.506224686400134 -8.31229528592375E-05 0.360455450658372
-0.410457673659026 -0.254837064219585 0.13857731945879 0.0749175270775091
-0.415529400830276 0.1081473610659 0.000447074198370203 -0.011535429246131
-0.130427756026504 0.350522548515191 -0.0571009592158228 0.0692485968782383
0.138945109368168 0.346207901832996 0.0773767087511119 0.141111809322128
0.300624990770045 0.19707357747861 0.174686203123341 0.0382665674042441
0.321219581900095 0.0494352040014086 0.165123618293508 -0.0399710925611242
0.304754144183131 0.0222377382090328 0.145175422577599 -0.0579607451940508
0.304785096151418 0.06613026869468 0.151987040076188 -0.05496199496445
0.308025292498601 0.209095511672951 0.142343714084563 -0.01284446051059
0.130609990689047 0.353345654577419 0.10068155299378 0.0662802281165282
-0.170996584618306 0.320603811584982 0.0653434449435185 0.0742269643496624
-0.410899215129809 0.0537715408837769 0.0262066295383441 0.0607858548552658
-0.364276204035354 -0.311935982832109 0.0267590516416877 0.0565383794173355
-0.131099415351375 -0.514771525097462 0.0844136387892973 0.112764632787007
-0.148296955043447 -0.383397774264165 0.0568346253680086 0.535756192725848
-0.322109093172077 -0.182004424724466 0.240325885647247 0.150196695373342
-0.304307785042154 0.0841234629198012 0.0389171679153954 -0.0237434894443835
-0.106722965029061 0.253715956526397 -0.0798843885263548 0.0819657512271593
0.0822830437646054 0.263225716076711 0.0866418582115209 0.220222713611886
0.217069664722244 0.16434141688831 0.264063040628593 0.107612767846368
0.24790049443346 0.0602965435643695 0.283177478522433 -0.011121702659211
0.232196779752333 0.0462943394463802 0.251117756083974 -0.0408047094909615
0.220809287249926 0.0759844586576246 0.241218775761537 -0.0287013347458957
0.19189957237845 0.170388946512208 0.194698838921071 0.0263626265214744
0.0474357674394394 0.241167587586898 0.107405110191436 0.100086170004919
-0.138813780350605 0.165177319365384 0.0418086700482984 0.075348767163207
-0.228680545227251 -0.0171860159240134 0.059311053527196 0.0457543625049877
-0.197963310195262 -0.202605949539138 0.0772760234621766 0.0938882224267494
-0.0785772943607706 -0.332927164724364 0.110568537747941 0.247455654105536
-0.0995082609148339 -0.193288124099365 0.0906827697381042 0.646383012721269
-0.173266243686445 -0.0751476772696741 0.300395938423614 0.212973407900369
-0.133863565312906 0.0457873982675956 0.071588651867601 -0.0289554353686352
-0.0592759079140666 0.108547584150163 -0.0927551320104278 0.0783473125479144
0.0141043727138941 0.130846236828112 0.0781009797034515 0.26784737674479
0.0936237998216205 0.101960095198897 0.313025125317666 0.165465195375203
0.130946406156954 0.0615815979318358 0.360525016530535 0.0210436446193614
0.124395401046144 0.0621777456637976 0.319366193815188 -0.0181816227193041
0.110745885175795 0.0744398951185645 0.288117546210813 0.00220429610383821
0.0621273616514348 0.114357058919411 0.206213875223762 0.0588939578487467
-0.0309262942596354 0.117723730664833 0.087757941842903 0.107105894442715
-0.0970967055207731 0.0221052860042065 0.0116383876021089 0.0545925819155373
-0.0535506821309927 -0.0678241177724841 0.0763486113332416 0.0207923893964174
-0.037777832524564 -0.0775077717503486 0.101680287547413 0.103316745671649
-0.0264014560234487 -0.119991695495483 0.123080827015618 0.315419985057946
0.00462903592414711 -0.0551296042890242 -0.18403369241991 -0.39233916570968
-0.0649582787976931 -0.0323052819507932 -0.204864197899311 -0.121373746203559
-0.0739046801348367 0.0632241341463485 -0.0917357324459342 0.00811796787600756
0.0421467967145984 0.0776153769021206 0.0219430621850502 0.00390938500119678
0.0829197155482235 0.0099417335028274 -0.0278363642726458 -0.119872244974554
0.0507247286471565 -0.041897680466251 -0.203897026432855 -0.107510977921655
0.00254101578034504 -0.0644290519935503 -0.313587974749229 -0.0392856669274352
-0.00186468417141616 -0.0671703741787241 -0.354719094960051 -0.0191236571233409
0.010039963732702 -0.0486178144020504 -0.379756306072808 -0.0550495388515234
0.0501847221947317 -0.0283418352071689 -0.312816277116388 -0.176692707388846
0.0541451395407028 0.00450613138920331 -0.10910104373831 -0.262953286163596
0.00516770457255092 0.0499448758673557 0.0729854549640305 -0.115425203146816
-0.0652933339145793 0.0183211293203266 -0.0774463148189038 -0.0128393039532458
-0.0197201642035962 -0.0629999659476226 -0.1903679745902 -0.217613433279521
0.029631022321694 -0.0528544577112109 -0.0479864827609081 -0.66007684998379
-0.0376900081765945 -0.235134209468941 -0.175587842763458 -0.33579869204579
-0.157140451486755 -0.129506858858607 -0.189202074535545 -0.118488247167673
-0.177673764637746 0.0561192457294329 -0.0932374737082072 0.0258311233831583
-0.00965604444047817 0.154587768771185 0.0317699566080333 0.0249086106096642
0.113799684196245 0.11729514111166 0.00392992623617965 -0.109379818216192
0.151346120585964 0.031040976340497 -0.169305454181378 -0.125683658948688
0.125926480340149 -0.0440351546882121 -0.283442930652355 -0.0638066394535649
0.131931953468882 -0.0615406854663179 -0.322743574258611 -0.0437958465090728
0.152679092076066 -0.0267013724171089 -0.336198256403044 -0.0776379203547235
0.198062141063521 0.0642356715197641 -0.266519060269933 -0.175511368944313
0.11761717749203 0.173615432262283 -0.0797642589484018 -0.226866953866726
-0.074552090857037 0.213894973861278 0.0772099227682153 -0.0830377211734282
-0.274628161698553 0.0557194358095739 -0.0993711650596501 0.00244697217899829
-0.207903372128382 -0.215024840972409 -0.202401342210286 -0.213344769701433
-0.044217747252488 -0.311033020782787 -0.0475485667121707 -0.614880497748749
-0.0827909078677374 -0.391569179015488 -0.15806295455611 -0.222259416916542
-0.251321898075004 -0.215342906147814 -0.158482047378501 -0.10003015955743
-0.281184579520104 0.0536344425655516 -0.0898905527733938 0.0337791399856429
-0.064691979481323 0.23270908365364 0.0256353290592744 0.0372316048251718
0.138450027705937 0.222995825385091 0.0250664568931423 -0.0814830120854737
0.239647233094745 0.102694637113807 -0.114473030085841 -0.119979146199898
0.236176582286835 -0.0172936190447251 -0.211294774742074 -0.0771368750011074
0.24513542056236 -0.0477652546678954 -0.240555899301277 -0.0610490369258214
0.270418248765815 -5.59590165415819E-06 -0.242410556530419 -0.0886220530529616
0.318577245970517 0.147689839822685 -0.181572825855991 -0.150291949695329
0.168732329144548 0.321478051590827 -0.0385962472021087 -0.163980061987248
-0.145480311225574 0.356695845097918 0.0785156353503057 -0.0438191362100444
-0.455438358282922 0.0901685096438724 -0.0982038741999309 0.0212115299980991
-0.374722774440766 -0.33811854876201 -0.18611996519249 -0.171749119752839
-0.110167586273716 -0.5229089479964 -0.031721652818449 -0.487203257845627
-0.128160963228596 -0.507962157359969 -0.123988081472024 -0.0543968079528059
-0.35072861532065 -0.275960573914509 -0.0929559625913902 -0.0601958995473294
-0.383791021439635 0.0709651224483244 -0.0715965904726904 0.0271741778067533
-0.109389189144966 0.316370880081249 0.00411792792445105 0.0438418996361947
0.16010771565174 0.316475882404756 0.0412325799332679 -0.0280790462653333
0.310034604774731 0.163471032960795 -0.0341370407291159 -0.0884303929769181
0.316721563543131 0.00996692413517489 -0.102946871442358 -0.0763114728352741
0.320746425805656 -0.0259220157357542 -0.121448790711336 -0.0702901944299366
0.342588888677084 0.0272111452224216 -0.112553264459187 -0.0874108207417727
0.390752131834116 0.207050629607446 -0.0689246770791991 -0.109045956481208
0.199304010791725 0.418057716337105 0.0135168898891519 -0.0809064703031581
-0.189086531551466 0.447111001614747 0.0783113994289653 0.00131750055704401
-0.564672431144785 0.113901909593542 -0.0719182522184907 0.04191204856812
-0.480198653246915 -0.405182887971062 -0.132400042194716 -0.0979854955627007
-0.153883739169945 -0.643861947867586 0.000835401743173062 -0.29583815273332
-0.163406470820007 -0.558517337784945 -0.0697202809338511 0.15255501958531
-0.423264979765033 -0.297810145688907 0.0125049905597569 0.00270974066468336
-0.449899521086942 0.0978007345235281 -0.0378731180967258 0.00946866536237868
-0.134809375612075 0.374940033939798 -0.0271713950985312 0.0540971155920376
0.16843488440688 0.371386903920521 0.060153287449675 0.0519517365292517
0.341120058241774 0.200579254051389 0.0678479013817099 -0.0330213029958943
0.352995276925039 0.0337188116540605 0.0307569140574527 -0.0635749224985572
0.344885804967734 -9.92333622281601E-05 0.0155398352343953 -0.0696583613649798
0.357549268139707 0.0512413351022058 0.0289563076524087 -0.0766676842993753
0.390685356996535 0.22809756119727 0.0502716417509773 -0.0600697708635258
0.192208198617787 0.433128879627994 0.0687587340012521 0.0043111015503424
-0.196640015798546 0.440844834041479 0.0753910622038114 0.0469936978485191
-0.554975374719055 0.104689135256832 -0.0257212014941286 0.0570490497002733
-0.483262808979273 -0.397074711381254 -0.0528756790052115 -0.0127329195707045
-0.162080181446596 -0.647883617686775 0.0433425915332974 -0.0775406990814329
-0.172211476955146 -0.522090170743203 -0.0039878801738248 0.367959937064747
-0.424381312334884 -0.268550910401395 0.138788891003297 0.0786262117987701
-0.432818402215353 0.106418424935307 0.00312744101368698 -0.0103136016636647
-0.137472492937185 0.363000364912954 -0.0577078917772899 0.0723994726485399
0.145533200640973 0.358930517151818 0.0805408094498748 0.145657926623992
0.314751974666016 0.20260951054655 0.179050638833676 0.0366372903752097
0.334490717189351 0.0515718031634384 0.17121350991707 -0.0408825628208523
0.316776847076322 0.0251275158119784 0.150372978563079 -0.0594272132307391
0.315142687357578 0.0694161256463128 0.156340092866339 -0.0577735963490775
0.320215768970697 0.215934966395882 0.146450785179371 -0.0133410282109424
0.13573373211479 0.365944480365248 0.106864976397849 0.0703380868872662
-0.17820606852035 0.331703016373904 0.0651258709699123 0.0745679923261104
-0.427669322312053 0.0522734027588013 0.0220965249763118 0.0576514141729741
-0.373831065169664 -0.325434878738403 0.0251051449703553 0.0574885984991155
-0.131999132484609 -0.537534074298874 0.0835614855498756 0.117813583605852
-0.149027081097379 -0.397829615464278 0.0549446372204411 0.552510964288822
-0.332707108307105 -0.191992807225183 0.245064052473897 0.15700599524415
-0.318138549395722 0.0819882747194196 0.0426724571124828 -0.021674781058316
-0.113192011945326 0.2644194756662 -0.0824376625518819 0.085621152666029
0.0868927545328023 0.275116430167216 0.0901108421698364 0.227839330732373
0.22732574854648 0.16956282939319 0.272538558822486 0.108735232437857
0.258676747582632 0.0626490562333731 0.293089651517332 -0.011069903819588
0.24105086750462 0.0497190164700586 0.26180297083397 -0.0409398095811591
0.228225079083946 0.0792981726428536 0.249847471135654 -0.0294146638892582
0.20037272785431 0.176795020340573 0.20109650824188 0.027250562134697
0.0510912334141459 0.250429611487795 0.1126185913657 0.104911240400218
-0.144247164166717 0.17152015034128 0.0408780297557478 0.0765432145331478
-0.237793001515656 -0.0200502242044109 0.0567888689651577 0.0423292381718824
-0.203472157042939 -0.211660550686323 0.0777148688763167 0.0981288430227642
-0.0793567338364373 -0.347722105711126 0.112073531421211 0.256675293199665
-0.0999078627814557 -0.200960456755409 0.0911728050508525 0.667647028043194
-0.178740764358386 -0.0800439300384734 0.307647175774077 0.224354248633746
-0.14038087820932 0.0437772272537639 0.0755437889052453 -0.0261599178830537
-0.0637587110538499 0.114470192053689 -0.0965972869003192 0.0824279904897729
0.0152073646789745 0.138245239659734 0.081147017146676 0.278697307846821
0.0994763814639719 0.105621709020839 0.324659030482086 0.169365350333912
0.138141195460583 0.0641490672413626 0.37460237237256 0.0218296191115341
0.129945011233724 0.0657189250569824 0.333067234269935 -0.0173024258089841
0.114372474823439 0.0777928422372758 0.298502891390867 0.00296283706808413
0.0652120322804932 0.118815409869733 0.21273036360891 0.0617966579456206
-0.0304410443365716 0.122070355141082 0.0907418311924404 0.113839837331667
-0.101087306492682 0.0238688172384724 0.011163718863748 0.0556483602721892
-0.0568816866541743 -0.0708160870569575 0.0758276694158564 0.0180075408196312
-0.0387148730613862 -0.0810219079805711 0.103654785989609 0.108821621666482
-0.0260321878119048 -0.127184517055673 0.126532611024002 0.326357770273411
0.00229754364464857 -0.0568282011922203 -0.207131916348563 -0.401947575001581
-0.0683064104555993 -0.0310395472965647 -0.220179216322901 -0.117239323126221
-0.0731722679334079 0.0694747474819062 -0.0958798654981499 0.0125387475501969
0.0469347281163555 0.0771194207610515 0.024798924109505 0.00372995725491346
0.0860078864131154 0.00518381844506608 -0.0311017138469349 -0.123750950896727
0.0508444190741456 -0.0449395886610292 -0.215443624605489 -0.10256998321259
-0.00129439348130899 -0.0658296814521281 -0.329000648243174 -0.0292758654210406
-0.00547597574654787 -0.0697066371681666 -0.374531732320849 -0.00771768192416981
0.00967313319656538 -0.050907454391511 -0.398661327366275 -0.0421228891827939
0.0515086290274841 -0.0328304655487878 -0.334124854412764 -0.171100021568106
0.0558739535281536 0.00147275358293365 -0.125756542417254 -0.270379932071466
0.00780326005751857 0.051520345108886 0.0701437935359181 -0.124545276692579
-0.0648690965609989 0.0216323591245427 -0.0790093542993052 -0.0117515717998764
-0.0224041951287126 -0.0637602024806291 -0.203286624886738 -0.224815194637685
0.0279807980078839 -0.0541040130716951 -0.073302863704982 -0.682829101877336
-0.047276579628605 -0.241320740915506 -0.196777920750979 -0.343712414290882
-0.167694781445463 -0.128226988532107 -0.20531281650927 -0.116266798290641
-0.181853470638115 0.0650241520984833 -0.096492846022303 0.0291324726231507
-0.00402724798135543 0.159700855779772 0.0355520293629675 0.0256982034386809
0.123666374026356 0.115306518476253 0.00192572002150083 -0.114383035988522
0.15893069986003 0.0253722006928184 -0.181383921223677 -0.122912872635042
0.128467417945775 -0.0501418253541255 -0.298378986945559 -0.0566381933190941
0.134238963767224 -0.0686814583122686 -0.341279481308101 -0.0345443626774779
0.15921522370528 -0.0334734926614518 -0.355846141495729 -0.0683062192758066
0.209478329277617 0.0580355714868586 -0.285699628474848 -0.172647003370811
0.128251261345152 0.175782090653326 -0.0915081174021851 -0.233876204934291
-0.0699922614200197 0.225707763472481 0.0756450921380085 -0.0911507882880857
-0.283923412890974 0.0663874900961731 -0.10394355022764 0.00379627964379226
-0.223781406841881 -0.217062778480211 -0.216819815925537 -0.219266273614952
-0.0583250322789394 -0.321399516436233 -0.0729311750408142 -0.635378518195303
-0.0973015025021248 -0.401410913536876 -0.175596457750632 -0.228562773806784
-0.268185008699805 -0.213495332297476 -0.17315918439894 -0.0990450886673693
-0.289559690378759 0.0652374292040264 -0.0919285681763936 0.0374629424319973
-0.0579930036465195 0.243582242806928 0.0299549717866141 0.0382403093439317
0.154366738965213 0.224852995473798 0.0244134202047713 -0.0857373916454787
0.254462038450579 0.0957612530542728 -0.124705047128989 -0.120992737802869
0.244419368446681 -0.0269209429560833 -0.22349713244648 -0.0712305332187905
0.25367895782907 -0.0575229161767247 -0.25603688651266 -0.055477645811406
0.282915535397715 -0.010758382531774 -0.258159832965667 -0.0835511629584176
0.338940099904833 0.139984200522616 -0.195628504387139 -0.150361040883797
0.188044125132267 0.328165903970893 -0.0452313358081926 -0.169568148592988
-0.139255310100249 0.37672108115369 0.0779199390544681 -0.0505269608967026
-0.471674687760579 0.107261566506476 -0.104749439047651 0.0231211039013799
-0.401209224847309 -0.340845761763132 -0.199263488983792 -0.175110869261063
-0.136043401232223 -0.540829914600459 -0.0523364346440456 -0.503100926817055
-0.148184476646096 -0.520413858472187 -0.134418718408458 -0.0556423057420113
-0.373439245847182 -0.274527015120141 -0.104911710480283 -0.0593648279301011
-0.397509659220545 0.0859732450715638 -0.0718550727242359 0.0303318215551313
-0.102427071978082 0.332812920002515 0.0074484893638798 0.0451798621864232
0.182250735428601 0.320735317994885 0.0425809173759368 -0.0313914961106489
0.330387279586664 0.156367134696971 -0.0415230568309737 -0.0919295737593628
0.330375000326223 -0.00196108415597407 -0.110537943710408 -0.0746295588714496
0.332426688512269 -0.0379615511958788 -0.131656096422856 -0.0697113156879202
0.358349278840388 0.0155689991256495 -0.123146132458455 -0.0876915251271857
0.416891917497305 0.199427101738244 -0.0768204442210552 -0.111262307908009
0.22435190597795 0.427653600255779 0.0136884200246202 -0.0845772565683713
-0.180436794797001 0.47217651711789 0.0789675617299674 -0.00327716283932444
-0.585311602920947 0.136783656269997 -0.0777007861811433 0.0434654949294995
-0.512161071449592 -0.4064304365535 -0.14238975846624 -0.0993233503850224
-0.184491170080902 -0.666869392085982 -0.0125552654460669 -0.303372327243895
-0.185725299202436 -0.573688587615411 -0.0707107156015198 0.156964259397261
-0.450806451433723 -0.29467746018205 0.00807285516388807 0.00229026933496825
-0.464400654618799 0.11391078882396 -0.0371642384894116 0.0111245077030888
-0.128375398400197 0.396379084570701 -0.0247575867094676 0.057932296511377
0.193959843579074 0.38037300767221 0.0649946814835837 0.0506271726154319
0.364604922748023 0.192793451751955 0.0676027403673619 -0.0386141973829289
0.36957982624988 0.0210136452241727 0.0297308906435167 -0.0661941789154599
0.360185628125742 -0.0114650678705544 0.0128243389282711 -0.0733830060197029
0.374358898857904 0.041300221341779 0.0257142200940137 -0.0825265438108948
0.419672157084325 0.221784203698927 0.0492304759609777 -0.0650148890438201
0.216537728897807 0.442878742491131 0.0750306172382967 0.00251580837949188
-0.188901422589822 0.466153378808719 0.0772995323365777 0.0447181625102305
-0.576512529829411 0.126393163671666 -0.030972796140553 0.0569682550109345
-0.5153719808143 -0.398029394395196 -0.0569709947202708 -0.0122487806642964
-0.192525124238174 -0.671319485616191 0.0385246265259888 -0.0790497789646975
-0.19498828579027 -0.536830431384342 0.00616982152418372 0.378627506319028
-0.450311691368222 -0.265955773084597 0.142187292084308 0.0775998606561119
-0.448087987985194 0.123672013793849 0.00549192044844783 -0.0103003517934083
-0.130458845751617 0.385410389242019 -0.0566664519142408 0.0782743870560722
0.167728513671747 0.369190145715454 0.0896217685205729 0.148710239526174
0.33784271972831 0.196894096701604 0.185656869613713 0.029139593213842
0.351916470742264 0.0398216161901912 0.176768340181382 -0.0482235301974015
0.332590158862927 0.0168805942213376 0.15431438837457 -0.0675187007722787
0.330989050232244 0.0608478989474066 0.159569014439226 -0.0668094144695353
0.34450616295139 0.211120087058764 0.151054611089927 -0.0201466996246056
0.156475281771146 0.375823730265076 0.116900405082446 0.0697244935476777
-0.172691614469195 0.353463537213193 0.068052416047217 0.07450677045308
-0.444844970230119 0.0676181664906944 0.0188464537430033 0.0555000654911636
-0.399535272532101 -0.326656966365155 0.0256679569510652 0.0592186496868983
-0.157211346974104 -0.558463984561663 0.0881405923644098 0.122175785403296
-0.166050741376374 -0.407984722128577 0.0739731041337818 0.567308230384785
-0.352931566441407 -0.189772177029846 0.25787346970665 0.156498110096646
-0.330140806210706 0.0946916311989286 0.0462488563213371 -0.0223755294037387
-0.108436187494944 0.281692698905476 -0.0823423050888599 0.0934918029658039
0.103521200895469 0.284728047566818 0.10296946252292 0.235223734581827
0.245220415708892 0.166479847703937 0.28568960999314 0.100928277526823
0.274084994412868 0.0540464448620175 0.305179362683584 -0.0223115664083724
0.25518294042066 0.04488131374127 0.272334925642202 -0.0521124404054618
0.240648052967788 0.074586147800369 0.258356877090101 -0.0412773155327307
0.21735132827292 0.175550997020256 0.209194175908527 0.0207672860846319
0.0638109982547507 0.258157185214628 0.12298457320122 0.10596026175276
-0.144494593122398 0.184803940013719 0.0441631289318887 0.0771824007497878
-0.250384984556203 -0.0134495532715979 0.0551436889597907 0.0382979251234433
-0.21795388168626 -0.213408532776592 0.0820500294052381 0.0995784372937755
-0.0946785196042866 -0.361978794680726 0.124333309562101 0.26392115530591
-0.108804463508643 -0.205986759358406 0.116739499590959 0.689345020306316
-0.188890945896763 -0.0792869768110479 0.327626891342525 0.225534696439781
-0.1460282780317 0.0479197325291328 0.0792934621950361 -0.0274756605684173
-0.0627091114386328 0.123097897436928 -0.0969623880895919 0.0911314396113855
0.0228278258716843 0.14505800443338 0.0952168778406952 0.28715126795349
0.108576464464562 0.105551660957124 0.344359080835224 0.161842635205378
0.148689287935014 0.0603984548831187 0.391467123396924 0.00920794350632499
0.139704688175819 0.0648549950467345 0.348312786147067 -0.0302836550700704
0.121955069884212 0.0769471920751191 0.312398475883255 -0.00835009645004294
0.0734951328278399 0.120967985921703 0.223675711150695 0.0567593056475984
-0.0254713726324442 0.129368822386118 0.0988430271451904 0.115125744609249
-0.104170552170288 0.0294358494050681 0.0123537894313348 0.0565750342796424
-0.064117844393457 -0.0721587207396375 0.0752811326969433 0.0124559848863567
-0.0425301625754157 -0.0843958535774166 0.10984961807637 0.11088348767572
-0.0309494327884427 -0.134083836221306 0.143021886343182 0.335246030434966
-0.00174593314229348 -0.0576981856600418 -0.235191957452076 -0.392296737681626
-0.0703518926912582 -0.0276349192034384 -0.232744544067133 -0.103098400379417
-0.0682363547831279 0.0749371682704307 -0.0972036387177735 0.0190864353192809
0.0512409214830502 0.0732917751856107 0.0274657689146842 0.00265298664281683
0.08642029629076 -0.00170597500466509 -0.0374677273523359 -0.124847327141072
0.0487479886262295 -0.0490684133587656 -0.223377838810521 -0.0889421950475914
-0.00687408317006629 -0.0649727678172007 -0.335296907119255 -0.00798189425089821
-0.011614367377039 -0.0700464337433482 -0.382728127945288 0.0165232459761635
0.00713860775573056 -0.0536089299538038 -0.408131182273716 -0.0169763770591792
0.0495224862868223 -0.0376238778285963 -0.350429281839603 -0.150649441698962
0.0557624644277641 -0.0033599163319349 -0.147125499398896 -0.265242771680579
0.0112372317256423 0.0511999103720076 0.0619356698047943 -0.132227022362567
-0.0626998409813622 0.0250172273987679 -0.0795562451105957 -0.00851269050969511
-0.0269084022179097 -0.0623258219975891 -0.216433187956026 -0.220533835258263
0.024239606885084 -0.0541613736407381 -0.117276663724669 -0.682449532845156
-0.0620797490651513 -0.239977145696527 -0.222613374775489 -0.335965252996766
-0.176576889800046 -0.119514706275601 -0.218469827940429 -0.103189967603962
-0.178481309672654 0.0765423078883393 -0.0967430121622743 0.0354085042658215
0.00548066636105221 0.159850886985047 0.039200366235027 0.0237847530743779
0.132505431630302 0.106012800711464 -0.00387216998128594 -0.116519010289382
0.162508651368564 0.0138828251959236 -0.190706554231587 -0.111734822769548
0.125515524779652 -0.0581792382009383 -0.30526176674483 -0.0375613610973606
0.130781487987121 -0.0771403835381165 -0.351146274778397 -0.0125179765564464
0.16026120334641 -0.0448280656688027 -0.366388166119306 -0.0459089034386406
0.216098670089265 0.0436810226361282 -0.301249075085664 -0.155530248276623
0.140462801975751 0.169627538826261 -0.107315338508903 -0.231717699693497
-0.0570894488529988 0.232611728062296 0.0698567438292194 -0.0986794917523999
-0.282033280306504 0.0824735684468315 -0.105301347038105 0.00949688718154972
-0.239808720261245 -0.207187727605344 -0.230474819617345 -0.212957510440616
-0.0802515259193559 -0.320657871366687 -0.113062675164879 -0.634106166380403
-0.121539907536524 -0.398200995135051 -0.194633951293052 -0.22123615158899
-0.284258316557911 -0.199024178304202 -0.185848087483907 -0.0878778736067151
-0.288259446737956 0.0830340986714826 -0.0915914292000998 0.0423205670342858
-0.0432289754252381 0.24853856963776 0.0336265656222178 0.0370255200536264
0.171386649206102 0.213763346160776 0.0206252465230205 -0.0889860772914885
0.264003239123715 0.0776988678911502 -0.135371335983641 -0.113324338993735
0.244311106331911 -0.0430580937831879 -0.231135094887261 -0.0583233443593197
0.253394839057006 -0.073162698878632 -0.266726520584187 -0.03967626258153
0.287104081674469 -0.0285302109646964 -0.269011019867809 -0.0678554008516336
0.3540593401852 0.117956885524738 -0.208977405913924 -0.139472493823425
0.211724657577396 0.320415764828307 -0.0550985770383183 -0.169899804467679
-0.117336063976049 0.390768748233422 0.073848381714882 -0.0577748436922291
-0.471554879654794 0.133948865657765 -0.107744286304328 0.029295552532584
-0.426484954086944 -0.322783180610891 -0.212408672881639 -0.167917385084423
-0.171757781292078 -0.538168051326047 -0.0859110418187743 -0.498674079108297
-0.177378010009672 -0.514900093301334 -0.143723545285121 -0.0512543781941769
-0.394489556406455 -0.255160085782722 -0.114553266514227 -0.0521045560079131
-0.395952301363654 0.110098642828966 -0.0712713329626781 0.0340144977534389
-0.0816307393651442 0.342552973081762 0.0115873750846828 0.0461652418910192
0.206800780059481 0.309822573189173 0.0425363042367409 -0.0345745120875265
0.344631771923974 0.133770817078399 -0.0496233443480643 -0.0903684756583788
0.333689824365867 -0.0247832733912562 -0.116883263877433 -0.0681429832383795
0.335367448778061 -0.0577333377108641 -0.140357707601885 -0.0620000725504619
0.364886192192576 -0.00729420932786541 -0.132230893514276 -0.0813610514400521
0.436913436864708 0.171188730660574 -0.0853939091262798 -0.107675404571034
0.254516664379156 0.417532546125893 0.0113009245244362 -0.0873423853422361
-0.153353498789972 0.488895432241696 0.0767092141960184 -0.00937111081748509
-0.584741902123929 0.170665928965181 -0.0816130616693294 0.0478887134458149
-0.542873026713821 -0.381973316882052 -0.150566237515937 -0.0929383795994643
-0.229151696736294 -0.662984276152108 -0.0336549628278271 -0.300479314529737
-0.219123908575063 -0.566928426251343 -0.0659417241553576 0.158723635009963
-0.473158262101044 -0.271590990746946 0.0036996665549452 0.00271813514296907
-0.46444326179459 0.143326274643188 -0.035991657562798 0.0121766900555584
-0.104189683245905 0.409274634960762 -0.01953416589504 0.0610134658662495
0.224033952533667 0.369093817888581 0.0704261851466443 0.0480812280632661
0.383068062048642 0.168132565266207 0.0630424137646465 -0.0442411647660379
0.375052590187231 -0.00443673635476035 0.0253871311080795 -0.0687180198087246
0.36551355209687 -0.0330753962490278 0.0065044918258447 -0.0753941184320382
0.382390510644372 0.0190137533207226 0.0182235772268587 -0.0853820956624587
0.44021437328756 0.194671321498539 0.044827087480157 -0.0694083370112298
0.249216659661431 0.43361854984676 0.078870783727508 -0.00353614752212717
-0.162597519273033 0.483820252964913 0.0784595895630894 0.0385972942421875
-0.576725401574255 0.160431458393641 -0.0343081967859741 0.057924483404406
-0.54526864783409 -0.373701563978103 -0.060013160733625 -0.00813102178925266
-0.237926562442993 -0.66759872614417 0.0315630014937252 -0.0767961293945239
-0.225103752973404 -0.530571304237459 0.0253014896085949 0.377879165631107
-0.47209255157067 -0.242945827057916 0.144952840328104 0.070732894139431
-0.446892223964165 0.149811981091239 0.00652858067635986 -0.0102936137102286
-0.107523253736647 0.398727685288462 -0.051262372995388 0.0834014898377252
0.197425822965678 0.362623455491616 0.101636776880956 0.144815645847741
0.356385959422973 0.174315722434296 0.187732047292932 0.0161497599113588
0.359034198030458 0.0156293381159059 0.175383342769001 -0.0598627013901541
0.339760909602997 -0.00314197427149289 0.15176775741564 -0.0785052560885881
0.339741841049135 0.0417428457194127 0.155265001846023 -0.0786116183685264
0.363818768140313 0.18854850440046 0.150612916243248 -0.0307311840442487
0.184039803865084 0.368848023229709 0.126151043848511 0.0622126239862343
-0.152344052594356 0.367990504579134 0.0710001539298083 0.0695111237683283
-0.447311521977282 0.0923400757531768 0.0154111909609076 0.0536726765864342
-0.422433943492286 -0.306801184638938 0.0279151898193916 0.0595528152078414
-0.195914470094224 -0.555822343991993 0.0945553409637735 0.121391670002108
-0.187841542611294 -0.402952998302861 0.105720142403418 0.566657261759495
-0.369523839290899 -0.172254827775916 0.26756852001914 0.143659977570166
-0.33069831229544 0.113307254514842 0.0474662039399625 -0.0247324801775528
-0.0918759251949206 0.293759476948566 -0.0763989139268263 0.100899847890615
0.12598957713528 0.282604505609984 0.120671197053924 0.231755634443993
0.260214250725643 0.150891171800164 0.294874204372412 0.0812256983394898
0.281802687292226 0.0351237032930488 0.308711260929387 -0.0418794581804616
0.263226177450578 0.0295777637840398 0.273879817226267 -0.0702229366900149
0.24792885042639 0.060956517446852 0.258007927512563 -0.0578796283358866
0.232290357383143 0.161978632317822 0.212070913039637 0.00759485958476673
0.082990047777158 0.256991528380864 0.133024426296171 0.0985287819535104
-0.133338904374236 0.196783851860867 0.0467628227889896 0.0741115076963292
-0.256383299763535 0.00100772908196962 0.0523004340402599 0.0334398978949696
-0.232699594450405 -0.202946709499638 0.0876503723598977 0.0972580040285453
-0.118074583582359 -0.36217301741669 0.140673542515572 0.260639775127467
-0.119932070055546 -0.203005170384788 0.1564618638603 0.68619616427373
-0.196474641823991 -0.0699855482282992 0.344170507274457 0.208456804082691
-0.146917478151166 0.0559906749700787 0.0810377527401748 -0.0309305297075043
-0.0554439303952382 0.129818901645133 -0.0920424596631573 0.100095228996332
0.0338624623963211 0.1471977755703 0.116086847415275 0.286263150482395
0.118031347039258 0.0989185180888165 0.358019767372425 0.139653493026673
0.155513151858636 0.0496240779830137 0.397921588196806 -0.0165896294643734
0.147420492912689 0.0568324694663027 0.353376414670364 -0.0528642176460113
0.127706995071822 0.0700458364815586 0.315669195329466 -0.0289423474346675
0.0835128114054358 0.117224213663835 0.229070349536777 0.0430751602946402
-0.016462535571887 0.132183701185972 0.108130194088946 0.110766693097251
-0.102969005701244 0.0373071524504111 0.0144381566841211 0.0559255153911668
-0.0710620140111568 -0.0688913425609848 0.0725451640483068 0.00557849442232373
-0.0479893568376409 -0.0835385813161226 0.117890116825407 0.107069953400477
-0.0392435898248182 -0.13587652193862 0.165677565880266 0.329373232122959
-0.0060175797233228 -0.0554944061225885 -0.249468421293857 -0.367464414651697
-0.0702336357888493 -0.0234561103365303 -0.233308422411771 -0.0853029098951411
-0.0611955140014293 0.0766301195859688 -0.094831794225337 0.0252864646274074
0.0528127368295156 0.0671068666391642 0.0275881102372112 0.000849515455678668
0.0817672772873908 -0.00805021127320866 -0.0421861720285237 -0.120968885568996
0.0440635345193044 -0.0502760426438973 -0.220933824311834 -0.0736974588877059
-0.0106773590673683 -0.0606525129672721 -0.325742621619086 0.0106578335033593
-0.016685130246645 -0.0662868389685614 -0.375151477667933 0.038220221683513
0.00427476035789862 -0.0537244996184341 -0.399209691761736 0.00732436596297787
0.0458482073596771 -0.0403412382003913 -0.349692157713909 -0.124562815348047
0.0528249342152186 -0.00630840439370243 -0.159336960023291 -0.249960413775837
0.0141085188806777 0.0478889282366059 0.0522436811966644 -0.133473694125632
-0.0579054864503877 0.0267820570497094 -0.0760739478436085 -0.00538323706065555
-0.0292356786867464 -0.0582660364532824 -0.220857835661751 -0.207087053258214
0.0198675140194105 -0.0518602762860748 -0.148843038118024 -0.653699493664025
-0.0719482103277896 -0.229069256994809 -0.235381464363153 -0.313911610542086
-0.178064396660039 -0.106277281680127 -0.22083352575128 -0.0859352449691197
-0.168476579451851 0.0841393795502139 -0.0935020236617983 0.0404598968069332
0.0137622716701073 0.153213110310822 0.0406171950813823 0.021126355143911
0.133689772865611 0.0935782180597066 -0.00917922146173998 -0.114331531093583
0.158606666850534 0.00280755349136445 -0.191398492036984 -0.0971852515858997
0.118216917077062 -0.0618795876075131 -0.29992222904637 -0.0191970757839477
0.122361535853833 -0.081321487016494 -0.347339214437571 0.00826121745077428
0.154326099715352 -0.0530407722648159 -0.361057266620602 -0.0238620018607551
0.213875847136221 0.0285989960685409 -0.302963315488364 -0.133079148653748
0.146255589224138 0.156337842675811 -0.118943143683448 -0.220069970578481
-0.0427929804666311 0.228722209804308 0.0608149839458623 -0.101495301098646
-0.270231790870306 0.0941525698081132 -0.102353990407323 0.0139575755712295
-0.243642637558205 -0.189117889917116 -0.234634188276151 -0.198361800030068
-0.0956492532690701 -0.305629655121488 -0.143021760648654 -0.605522923626941
-0.137825086695676 -0.37961866526711 -0.203460544014692 -0.204932940093392
-0.285864949975629 -0.177846060118992 -0.189623988553678 -0.0736267218797681
-0.274909880171284 0.0955552460761675 -0.0877564303843427 0.0458259617185095
-0.0278015231364545 0.241799698932207 0.036295601295204 0.0343633115497238
0.179395489580867 0.195451100216927 0.0164266333209936 -0.0879296857650459
0.261150563665127 0.0584375118668823 -0.138403170972385 -0.101572670457967
0.234300582243943 -0.0553971169420116 -0.227981807522534 -0.0430232909805702
0.242206289208201 -0.083671736438195 -0.265067930954075 -0.0228837984017483
0.278387312628964 -0.0438419116859637 -0.266899725583547 -0.051350667025427
0.352197504115532 0.0923075170484254 -0.211741378000408 -0.123218700449994
0.223953467473873 0.299412375804954 -0.0621901512925254 -0.163975919890289
-0.0938447588763686 0.385589768476465 0.0665542385268734 -0.0615885043515621
-0.454743500792456 0.154588305885257 -0.105758896746642 0.0339765404208117
-0.431698867384292 -0.292502754309293 -0.214020536262594 -0.15361605797632
-0.197174799949629 -0.512293885254424 -0.109177220115946 -0.474888237219173
-0.197214740911628 -0.492024387445986 -0.146049561975946 -0.0436907658182804
-0.396539733407199 -0.226286920187348 -0.119089622235024 -0.0434616251518912
-0.37907611082594 0.126296392936368 -0.0673728053573489 0.0363883394517746
-0.059797521407215 0.33569825395578 0.0156191565709048 0.0448660888710761
0.219814783353006 0.287178076041358 0.0414574345598312 -0.0362887400070255
0.343212423642055 0.10647808612195 -0.0548831403426522 -0.0847036290933913
0.321922629520336 -0.0427896932626594 -0.117747588402667 -0.0590391315722842
0.323752464528715 -0.0729609750327995 -0.142868276027645 -0.0521499131017036
0.35573880926471 -0.0260239773337761 -0.135414688421003 -0.0715412646037886
0.437001163620633 0.139502837641677 -0.0905754371953467 -0.100240880501323
0.273015907302576 0.391872018582246 0.00822633474121034 -0.0880939790049242
-0.122570340886286 0.48383029268707 0.0716975041865785 -0.0139564962629089
-0.563049755904801 0.195595365256839 -0.081103185851893 0.0512399741382625
-0.548234068721157 -0.34597387911989 -0.150802473407386 -0.08152384991204
-0.26000689686455 -0.631952260472047 -0.0491700832215368 -0.282923171407583
-0.236672323765583 -0.54087630767376 -0.0606899320511912 0.154878871765134
-0.473519770864277 -0.239024112758796 -0.0011385422990518 0.00346070679025161
-0.444831354867406 0.162845600119615 -0.0339966526990202 0.0133858501822369
-0.0779360211259785 0.403548002246197 -0.0143143085919546 0.060809457702552
0.240081037385961 0.345569405544769 0.0729785637278269 0.0426587786171975
0.38074457748632 0.138787020498141 0.0576685920658983 -0.0473363693568009
0.363950904645203 -0.0253918315076358 0.021348577212756 -0.0672175234050768
0.355142189275594 -0.050905196363164 0.00038491596516473 -0.0736960981188478
0.373487178907849 -0.00241720918690722 0.0113541529152534 -0.0837475232044117
0.440338543037823 0.160465982541013 0.0385174412336378 -0.0705579855709738
0.268384020947888 0.407234421960957 0.0794837687713122 -0.00996299563526093
-0.131423697811104 0.479308214083183 0.0756619472806271 0.0330408185587359
-0.554071575681696 0.185850755285143 -0.0366363247940968 0.0596307814639147
-0.548819880248585 -0.335558005903149 -0.0588144894525527 -0.00321507342809341
-0.266555988155429 -0.637564929102936 0.0260245728708444 -0.0701524570193619
-0.242735880441961 -0.504534618839548 0.0393256865782933 0.362322774142908
-0.471136658230087 -0.211282426109614 0.140933590470679 0.0619887672814791
-0.429423232956487 0.167036210110176 0.00743689609669621 -0.0117184971402502
-0.0812917494975038 0.392810511830048 -0.043382863313834 0.0851300480190786
0.215694475654086 0.340374533230251 0.108701049138182 0.135678312876068
0.356297811870362 0.147394537176926 0.180897129397747 0.00421595511431451
0.350020940356558 -0.00552253941380359 0.167940439089428 -0.0679036673815074
0.332370964411833 -0.0204437324363027 0.142703875752244 -0.0848683360158497
0.333583182696772 0.0234792616388304 0.145028647424082 -0.0847675570459538
0.365610736525981 0.1603439548793 0.143419082006225 -0.0385393069069549
0.201351225902584 0.347762164623227 0.128070058315293 0.0513820154393629
-0.127942823022033 0.365757611849402 0.069607047120463 0.0634434386420068
-0.432864736874926 0.113250843684576 0.0122399398421305 0.0522727048088909
-0.427216217247659 -0.277424092573094 0.0303955511074883 0.0591920885900661
-0.220533213386158 -0.529977474831226 0.0975664884504926 0.117153474337219
-0.200195539595202 -0.384234611270405 0.128175444921078 0.542487647044424
-0.367973429266462 -0.148827162214022 0.265451189148884 0.126205942873474
-0.318886535066683 0.125998678010235 0.0466940214707223 -0.026741296458417
-0.0727755753610345 0.291325134950876 -0.0670617163677859 0.103570805161025
0.141178692092731 0.268373257458649 0.131986632612546 0.220013450570418
0.262957790354091 0.130351127913087 0.289761851178587 0.0617385577483099
0.276328037037297 0.0164336281047082 0.298552337706418 -0.0575079165464475
0.260297024582009 0.0147936355817855 0.263401153667144 -0.0839279563451317
0.245189597841873 0.0469384705888738 0.246998074493969 -0.0709877656340626
0.236221055071675 0.141894247350281 0.204999492233011 -0.00450876607111552
0.0976647363078151 0.244762563013576 0.136785928984504 0.0868226223682574
-0.117777636337039 0.199512996118444 0.0474674017412782 0.0690354557195516
-0.251684750893947 0.0141544386466882 0.0473774971232937 0.0300393700401344
-0.236392243313395 -0.186364778947845 0.0900887633196511 0.092750249870612
-0.135873058383018 -0.346569052417526 0.150183974877427 0.247371975106741
-0.124246544483708 -0.192251751977278 0.185314057325645 0.656175986163908
-0.194974627464754 -0.0580267794354929 0.343980945947358 0.184995436425013
-0.142025348466122 0.0608698931252171 0.0793709641039413 -0.0336414983119056
-0.0459773145416011 0.130064686324235 -0.0830866208403139 0.103913806048119
0.0438366369477476 0.141748699945429 0.130805710099925 0.273255495853914
0.121010412064655 0.0893344695707047 0.356078450243763 0.114050423590775
0.154349209927667 0.0374730367557492 0.38698567670723 -0.0374559440385365
0.14881901461651 0.0467405809776619 0.343526954491978 -0.0713764371941451
0.128737760478505 0.0623884460816496 0.305479546395244 -0.0451818707487783
0.0884508101346594 0.108471891949968 0.223625616349118 0.0285625664955334
-0.00646152653388579 0.129156856828585 0.112362680968292 0.10053879478122
-0.0969064421621547 0.0432235122933649 0.0156022957389318 0.0536137723186367
-0.0748432052057969 -0.0627288151185781 0.0670165568781961 0.000893201228556589
-0.050841569690615 -0.079221865745803 0.120826006570389 0.0998286582655373
-0.045499186272264 -0.132300314532146 0.178966203611895 0.310739551437056
-8.2175589784135E-06 -0.0514439167485673 -0.191198566250666 -0.369303767014012
-0.0624225830396853 -0.0308108162355787 -0.213398569173391 -0.105416350566163
-0.0659463368834111 0.0635969872447287 -0.098328881115739 0.0140411145604112
0.0390480390550995 0.070239271391709 0.0238722053593335 0.00613962886060546
0.0770423466997653 0.00404527805579606 -0.0269928604203412 -0.115681013835202
0.0493200428300134 -0.0419091640674496 -0.196432914371551 -0.0905395078776927
-0.0032530978158288 -0.0561749259513393 -0.310348875185875 -0.0236731202740421
-0.00981146152685152 -0.063719424542966 -0.365720239651622 -0.0057712631323791
0.0118876664532224 -0.0495775843815968 -0.385405158900178 -0.0375253645765285
0.049888989867396 -0.0322885441977817 -0.324285000465108 -0.157150149494118
0.0501988797593849 0.00219750526592216 -0.129280644595441 -0.259213057891412
0.00570109574971469 0.0489104758569097 0.064420113864559 -0.126722333772115
-0.056698464609144 0.0191690009603866 -0.0695087459877575 -0.0171017990767369
-0.0207052715171764 -0.0553051644732643 -0.188061153971749 -0.227717226525824
0.0238841843935648 -0.0417701982289351 -0.0681522868563331 -0.653006002857663
-0.0392003388867482 -0.220072018185944 -0.175583174182245 -0.327395800071856
-0.151152432606376 -0.120348929700506 -0.201614169608349 -0.112667269881065
-0.166332895615034 0.0562414233155438 -0.101596822224098 0.0214013655643169
-0.00906906699613289 0.144149929191556 0.0300913658694391 0.0243201193314216
0.111812857656924 0.105881759645422 -0.00102032448221723 -0.104949274441889
0.15008837466775 0.0214792977706618 -0.168463126785763 -0.105266812493382
0.119215512015778 -0.0424226541416725 -0.282717289335096 -0.0481941338967622
0.126118031631837 -0.0614246601946474 -0.333737823990681 -0.0322011680987613
0.155013351998965 -0.0308264355606531 -0.347445235148485 -0.0653833478292997
0.201934575821288 0.052336077091655 -0.281035960930583 -0.165514253235632
0.119666105997521 0.169580651479382 -0.0926381255175777 -0.233675526371814
-0.0708817477658569 0.215625268432073 0.0699351473895115 -0.100148209847209
-0.269059858173462 0.0596879136466295 -0.0908639916808825 -0.000388507633653156
-0.212196046720682 -0.206847810570472 -0.192073378991444 -0.213967749297576
-0.0597953989634466 -0.300732135230742 -0.0582927191164481 -0.594026783765671
-0.0799112186268395 -0.368870054898125 -0.150872778453558 -0.231340245508229
-0.242011708788383 -0.200279641503442 -0.174757274260199 -0.104694934988588
-0.267139122546364 0.0528052838885513 -0.0994631813359863 0.0216761659976652
-0.0599597880301393 0.220514107119501 0.0216266641593985 0.0334616013736684
0.14080217599546 0.207627091399827 0.015680132358512 -0.0777683168516688
0.239214916831106 0.0855531241447666 -0.11939701987008 -0.0994485474287668
0.229205359112628 -0.0238200748536743 -0.214239768134521 -0.0622544073728457
0.242720742609666 -0.0489349818576958 -0.252864391813478 -0.0539080909720729
0.272415113140511 -0.00620522618058001 -0.257067930208615 -0.0816228400223954
0.325791526843154 0.128576230064239 -0.197871775408817 -0.150517996966121
0.177091854428073 0.315253501185229 -0.0443529584476019 -0.180060439352419
-0.138507483695786 0.359675730755011 0.0718633945834989 -0.0652207431939277
-0.452822703861851 0.0971388538422398 -0.0915265243138 0.0200305902851539
-0.3803495168219 -0.329268007255357 -0.16874767817621 -0.163207645269512
-0.133312437064944 -0.513334212594605 -0.0322420837497965 -0.455613825688664
-0.119544682589175 -0.479625560621825 -0.109473802409496 -0.0830052188976628
-0.337685798433816 -0.259979987173293 -0.113024439532582 -0.0752312552223027
-0.369097234847354 0.0687105025512931 -0.0833381851403781 0.0100132932841348
-0.103680765434753 0.304114539560324 -0.00217596858753869 0.0388717482530948
0.166207616593387 0.300339244277243 0.0295057710608425 -0.026144876177961
0.309345656150149 0.141495600918734 -0.0448437730677452 -0.0717057074029273
0.310360069498219 -0.00174888737543674 -0.108436408285321 -0.0653967278961428
0.320575542423488 -0.0298023386701484 -0.131453731274747 -0.0684683302308222
0.343439396121793 0.0197815754495177 -0.127921717488532 -0.087933648426695
0.399668606309766 0.184388814428153 -0.0854310837465182 -0.117959487606475
0.21182718977079 0.407912649530874 0.0150763943421254 -0.103021100749415
-0.177099785529012 0.450316832188959 0.0713715171567492 -0.0213007517961012
-0.562177761122669 0.124239025087123 -0.067277732011692 0.0393725594820183
-0.485018560718831 -0.393686067132417 -0.110534457187609 -0.0832816936250693
-0.180413174303357 -0.635660004111742 0.0093903909668236 -0.25902252197881
-0.152384760830178 -0.530257454421918 -0.0486741766726284 0.106992079816391
-0.407807238713777 -0.282246671851982 -0.0090295996986652 -0.0227861113504269
-0.435047866457759 0.091485134733524 -0.0514888094664071 -0.0112364635733179
-0.129427770635512 0.36439134208326 -0.0339043904215852 0.0502548932143848
0.177881660664414 0.357902040317885 0.0477809272264365 0.0505060951217221
0.340098978847253 0.177298816090839 0.0554205758325425 -0.0230067365025616
0.348642681339069 0.0175539373031903 0.0229464177490991 -0.0588807280637061
0.348507848927501 -0.00456520725788689 0.00880835488893196 -0.0728970779438302
0.357810966300388 0.0450497154679601 0.0143204551856345 -0.0835332599504132
0.401106905636493 0.204114740057733 0.034319122059826 -0.075053209863077
0.20664607529608 0.420395794392797 0.0752409499298833 -0.0207147830879501
-0.185011880451735 0.44346960604107 0.0698092168749888 0.0259333776788132
-0.554815272797944 0.115159650342054 -0.026385427445252 0.0535996511137533
-0.486702328004917 -0.386161732241986 -0.0309428744054203 0.0045510510062467
-0.189433167481271 -0.644268726104908 0.0582411270812294 -0.0426552033428658
-0.161251822738779 -0.498439093328995 0.0199832678831591 0.311977866015781
-0.408639441033047 -0.256247293174742 0.11795349067642 0.0474708683309838
-0.422735549980026 0.0995474176898319 -0.00932356334485076 -0.0294819691586365
-0.131922413530044 0.355672857753211 -0.0632189603179044 0.0692419341288995
0.154543599355901 0.351130035618665 0.0721623122605495 0.141417582371339
0.314831006730904 0.182038640370664 0.166174915972053 0.0372136137626488
0.333331181729672 0.0333266975588508 0.162166296227938 -0.0430986506095339
0.32398188343232 0.0202627037392409 0.147207706983526 -0.0668942652138595
0.315491680466888 0.0634419536284612 0.144048884419276 -0.0687687103008852
0.328837413517185 0.194368040132842 0.13350924604083 -0.031605293025063
0.150548058301925 0.355141777254891 0.116390789578897 0.0470428340663781
-0.166940280419794 0.33506598848077 0.0609860102627425 0.0583169595093283
-0.429926030097807 0.0593303825170219 0.015655864644002 0.0530717601969461
-0.37613228815186 -0.315875592335651 0.0427348624009122 0.0738034663955741
-0.153900682096278 -0.537551724381502 0.102046697520639 0.144639876178139
-0.137316936284812 -0.381740780701884 0.0773372966599641 0.494294862090453
-0.321225540057761 -0.187466383476851 0.229397778096425 0.127043676480814
-0.315315202042721 0.0741263980040962 0.0343105341996912 -0.0341240469509728
-0.109337659486315 0.261866150400068 -0.0835072752287156 0.0856735605272388
0.0955022586827861 0.2731898935029 0.0884074864747284 0.221307398693228
0.227878490020517 0.154976809879591 0.263306368362709 0.0985947522802051
0.26058137603297 0.0459009015692527 0.285557376027028 -0.0211319683066947
0.250722512844124 0.0449355925776495 0.263106164562163 -0.0516700778790178
0.227335679487097 0.0743817511182197 0.241874486356327 -0.0432128007390011
0.207556546249005 0.161467693331725 0.191774429533077 0.0105348410583649
0.0642840438805379 0.243444646932957 0.123056116732024 0.0884333193027336
-0.137165784574925 0.176849063130381 0.0395694441771016 0.0667718056489535
-0.245128161626044 -0.0141834404916019 0.0465658090945847 0.0364173913091585
-0.205591449117158 -0.207305941316737 0.0883797909853729 0.109759108389694
-0.0935925618867164 -0.353120472310673 0.131192165103533 0.270790532763675
-0.0900942454881464 -0.195149206583168 0.109488983391469 0.618625986586371
-0.172639858383584 -0.0800363430595457 0.300524307256009 0.200551321700009
-0.141415948885291 0.0367401263911693 0.0730691581376224 -0.0287653207845523
-0.0617038032714997 0.115328978490677 -0.0928555660338827 0.0861031390787551
0.0211929859164447 0.140635110688651 0.0880163071428876 0.270028171976693
0.0998277931966558 0.098713800706045 0.320481342435521 0.148519995519034
0.142509379416321 0.0514463196606107 0.368434832220989 0.00579640553049028
0.139987102004871 0.0613589870555544 0.338218887748896 -0.0299113858778139
0.114208366381967 0.0744825419749126 0.29726582557638 -0.011341477161459
0.0707259165126106 0.112434199216248 0.209962344851602 0.0482088015909037
-0.020027613910603 0.121699003500673 0.0993212553777885 0.104325899218538
-0.0973936508923195 0.0293127585268238 0.0104239869110119 0.0525066436601308
-0.0675722972945244 -0.0679493848411332 0.0638001002789313 0.010685663558579
-0.0393632182144467 -0.0841557199183345 0.109058291591164 0.114864558790427
-0.0300716085489581 -0.136781463718253 0.144080796976717 0.326941550597711
-0.000177829002789169 -0.0488397526290219 -0.180625158316156 -0.362048859561268
-0.0607097610861399 -0.0304593496480506 -0.206793100026775 -0.103544816536942
-0.0642332202170005 0.0622727511774135 -0.0971650655644503 0.0139380741022466
0.0362184289481949 0.0684064101297985 0.0245266788768215 0.00670534659344423
0.0736421578151927 0.00477541563150883 -0.0243378871376772 -0.114266215972371
0.0484431401850367 -0.0401104663409835 -0.189056850552323 -0.0907104076242267
-0.00215361141794096 -0.0525945300024776 -0.301310835788991 -0.0271501163666512
-0.00975953883161806 -0.0611701688215571 -0.359631624424565 -0.00853320563581935
0.0116787978232412 -0.0492516802722141 -0.376240574545097 -0.0416257119533791
0.0495841139740386 -0.0317569662530922 -0.313482895933561 -0.156998160879112
0.0481241522889469 0.00287149163542165 -0.124092173465577 -0.253925381663894
0.00485789035237118 0.0481355730502761 0.063690370349854 -0.124709389035758
-0.0547403714818911 0.0173085440281564 -0.0660566773149016 -0.0197480671654718
-0.0194324601378989 -0.0534616083194465 -0.178590737207516 -0.229066395558293
0.0235977835782283 -0.0387916063080986 -0.054371395123522 -0.631386772767185
-0.0349819373067738 -0.214145703429981 -0.166674163334082 -0.32182269808675
-0.145071570148078 -0.118629574685144 -0.197239798905955 -0.110995765431244
-0.161450965207661 0.0528888238220986 -0.101493889145785 0.021421583002383
-0.011483555341695 0.139542633323281 0.0303597621208284 0.0241182447062968
0.107189864382077 0.103765514003958 0.000973040118084664 -0.10365336147587
0.144923078479758 0.0218342621015972 -0.16183345260178 -0.103606383712835
0.116630392898921 -0.0381940493904612 -0.275487001551402 -0.0496921258502482
0.123311210115079 -0.0567595187435848 -0.329731101802573 -0.0343405529501303
0.151488836582636 -0.0285210790898127 -0.340118507035427 -0.0676370448784023
0.196890910957758 0.0517583971090608 -0.272362043273039 -0.164651615445757
0.114328437508991 0.16693547919 -0.0880852401252493 -0.22978951452149
-0.072495060301564 0.208984257429089 0.0685355075428376 -0.0983918490371277
-0.26401965612968 0.0512892547272062 -0.0883743016572873 -0.00200083639381047
-0.203296797600924 -0.20589874604895 -0.18272800730309 -0.214323088572306
-0.0537876209172338 -0.292633676726547 -0.0448786903859954 -0.573332110161207
-0.0714536529929303 -0.360346598684623 -0.144856316975794 -0.22812541599444
-0.231013547141777 -0.197180472142332 -0.171545093398879 -0.103455559445911
-0.261123727170122 0.0477177558231416 -0.0987751263846647 0.0207852402899905
-0.0618395381268927 0.212882598541796 0.0220533033138029 0.0328397556907371
0.134544015338126 0.202504517621926 0.0183508902964442 -0.0763852559890024
0.231405712459622 0.0845129257204873 -0.114699945153625 -0.0978599699476875
0.222827070527713 -0.0179571828355817 -0.208083932449079 -0.0633056715943823
0.237894936011565 -0.0433894119451135 -0.248854614858527 -0.0541555805360907
0.266192309614463 -0.00266619536751095 -0.251034376559189 -0.0836547550348912
0.3172086445669 0.127926646693635 -0.192304863996804 -0.149004790827202
0.169032480513965 0.310126176770982 -0.0411481691732672 -0.177735971856238
-0.141328600042694 0.348422914429021 0.0699280768539682 -0.0638147275287435
-0.445561876081474 0.0846084685133319 -0.0898316159371306 0.0182165070174412
-0.366533625839884 -0.327974799867413 -0.159502553678932 -0.162628575262375
-0.120692902253895 -0.502732128892279 -0.0212762438172146 -0.439308315482261
-0.107408914873256 -0.470308983551665 -0.107593448635969 -0.083735249902125
-0.322760549071085 -0.257331268916736 -0.113019804889019 -0.0737303117412374
-0.361422411092041 0.0601629946831015 -0.08219998205681 0.00824197441560779
-0.105730707721485 0.292722695681792 -0.00103474599562009 0.0376312144692448
0.158858542221755 0.292496242353877 0.0316599874015354 -0.0260456002311004
0.298965102178836 0.140542915064688 -0.0436429614232794 -0.0702998215123063
0.302574871118089 0.00295095460560941 -0.10467429671792 -0.0654826554884309
0.313750839521611 -0.0235184657591973 -0.130236013361434 -0.0674433826258283
0.336331439044342 0.0249304805053652 -0.125239184425608 -0.0879648860131469
0.38720118349228 0.181361296032997 -0.0836402521895764 -0.115788288376676
0.202785830787459 0.400358819459129 0.0158354025114833 -0.102932178013325
-0.180851899822123 0.435220433066527 0.068649639281042 -0.0201245143073146
-0.553097134966854 0.109915196208926 -0.0686725975619989 0.0396648577538502
-0.467513735010391 -0.395512010239024 -0.104273635382936 -0.0813444180510699
-0.165860001915896 -0.622857939829766 0.0162540825656525 -0.245686731060481
-0.136134374893007 -0.520383037424534 -0.052553270287455 0.101610760141524
-0.391759891981282 -0.280036369812204 -0.013032951911935 -0.0216734467473193
-0.427798983812544 0.0809965195185801 -0.0496064410911099 -0.0119081293986713
-0.132240725577496 0.351233915396487 -0.0319985277239833 0.0479677101650013
0.168935612880451 0.350298215959894 0.0497756262155504 0.049680492515479
0.329170178044704 0.175375954193069 0.053254349764915 -0.0222560486067254
0.339761597385253 0.0216804710081899 0.0242193615417957 -0.0567849679034273
0.342235881873924 0.00138749187931336 0.00809022805016585 -0.0703910212539472
0.349477091520564 0.0495977160147804 0.0135471385830127 -0.0813191493988452
0.388756080439547 0.202686755793159 0.0324696665690729 -0.0732227539652933
0.197417227897365 0.412530786196655 0.0744234181233298 -0.0218118714424912
-0.186683643912331 0.42878589719303 0.0658378104056812 0.026183321517751
-0.544207166137575 0.102452036147004 -0.0299208612493526 0.0544137514760758
-0.470011814938115 -0.386015270475328 -0.0279973798528429 0.00624303361709374
-0.173936279603025 -0.630535376890094 0.0591315080522688 -0.0353578523419782
-0.144638874577132 -0.490932691882879 0.0103546761372726 0.302189456819429
-0.393759166368688 -0.257916810350174 0.109684019037771 0.0490462410586907
-0.416079013504715 0.0877531472236468 -0.00859172777081307 -0.0286055021818677
-0.13388200088278 0.343953719358795 -0.0611316266310705 0.0664392135524605
0.147908684454683 0.343266675730319 0.0712746301811813 0.139021145477643
0.304630625340193 0.179497426213613 0.160579603752912 0.0373822727436127
0.32431460087482 0.037089833136388 0.159196425414777 -0.0399287344399976
0.317635843497204 0.0253987317061519 0.143687769109032 -0.0632128930926307
0.307645860706549 0.0673780901405785 0.139628087154285 -0.0649609084237887
0.318793754521045 0.191306093682388 0.129228941861607 -0.0291766539000651
0.144933363707379 0.346818038175898 0.113229628298339 0.0452315563528652
-0.168282163094524 0.323389809600167 0.0566697095443659 0.0584868925571273
-0.422034277826614 0.0519577491047967 0.0114603833024824 0.0542676013355009
-0.363238142496958 -0.315746522458451 0.0431960556876829 0.0753595647143665
-0.142285860639426 -0.525347514840087 0.0981369710403841 0.145997758972089
-0.123470346446081 -0.37708024991803 0.0640596666222288 0.481642388360352
-0.308892058772555 -0.188219870056978 0.218340772964174 0.128205707137267
-0.310143387946503 0.0650447610200299 0.0349189373530087 -0.0331284847456889
-0.110764322372574 0.253418706240302 -0.0819499055924764 0.082461797078389
0.0919577051241772 0.266444856172222 0.0868993082642626 0.217687888634273
0.220568606436133 0.152840778242276 0.253415944433057 0.0978503820468031
0.253423097624419 0.0469857241680633 0.280028430674195 -0.0168145826275977
0.246297044019941 0.0476786180377973 0.258090725777744 -0.0473033059463423
0.222752420337164 0.0773660447512616 0.235560826284356 -0.0391622435667716
0.200250694180472 0.158164702186618 0.185211744583845 0.0130662116664408
0.0620141052878058 0.236513904786216 0.118555520869474 0.0860845392498685
-0.135672703856983 0.16977071702064 0.0358823223405625 0.06562377449343
-0.240246460054216 -0.0169513581071868 0.0413084974154882 0.037292738569573
-0.197194563006957 -0.207051355131736 0.0870314403665625 0.110696013328282
-0.0858603310297619 -0.345348674933916 0.123870226261307 0.266496887340109
-0.0821348725970919 -0.193778918983367 0.0930451625673896 0.603587297649858
-0.16617756276428 -0.0816031376957467 0.286536882477944 0.201500054277303
-0.140137554201749 0.0312365265786994 0.0729648189760678 -0.0268299034042792
-0.0621159658153325 0.111029147508215 -0.0904403405545043 0.0834173788848684
0.0208587456522061 0.137184044625223 0.0848036580599561 0.266043792901606
0.0960325371179924 0.0969673599436576 0.31046465927113 0.148137204669392
0.138240081110294 0.0504153650607648 0.360683963523978 0.0103267515324171
0.137154150277806 0.0615667801913187 0.33286651900372 -0.0251218214519263
0.11061541449832 0.0756135412779073 0.291032039812923 -0.00695923392723954
0.0674666552156509 0.109433813000745 0.202598233081352 0.0504470032338311
-0.0197370334127356 0.117465096746932 0.0948691553891251 0.102426781365504
-0.0944710483594208 0.027557254373017 0.00855491332485302 0.0514657239948887
-0.0658893035177318 -0.0658880382217209 0.059005616921358 0.0114123115518206
-0.037597261725722 -0.0836957290022968 0.105768900559389 0.115397781202555
-0.0276536985343092 -0.135120820375378 0.135334522284394 0.319527102082917
-2.63412181537841E-05 -0.0479220944722427 -0.170959004027557 -0.370138614081312
-0.0612571089471297 -0.0316135808384753 -0.206206255371475 -0.108384854219621
-0.0653028617736697 0.0620190959782369 -0.0998492449825256 0.0143516253267706
0.0346174499586464 0.0693761449120456 0.0254764545035147 0.00787602612630308
0.0737317073427329 0.00688551738393112 -0.0213095321386247 -0.118168370284766
0.0496462675820373 -0.039424734498491 -0.186592634470581 -0.0955654959916436
-0.000949663972640952 -0.0515850029973061 -0.304155153391168 -0.0346649439631864
-0.00931956545722434 -0.0608955507023793 -0.365674293487245 -0.0149692344512129
0.0126437229725029 -0.0507434977632777 -0.380815313027944 -0.0511405033032452
0.050739494547177 -0.0324138244704557 -0.313464891702733 -0.165452720236486
0.0479061206893124 0.00349922548445409 -0.121170966869399 -0.258405980182605
0.00428246994540016 0.048627358785919 0.0663382596043449 -0.126299897032592
-0.0549748015986402 0.0149581093694937 -0.0653264086081047 -0.024077347008358
-0.01775814550162 -0.0535536949632199 -0.173263656260406 -0.24057665936511
0.0249393766221558 -0.0373055422118785 -0.034380056946811 -0.634817356474954
-0.029276446108197 -0.215850016100886 -0.159945321171636 -0.329543024606658
-0.142089659487705 -0.121940549537675 -0.19746122341828 -0.115775082973814
-0.163563000673943 0.0498622965066061 -0.104059671904685 0.02053550681989
-0.0150802325172784 0.139468708284633 0.031416211351209 0.0242519148376669
0.105016353395416 0.10658163627402 0.00497789705869533 -0.106493326690686
0.146015303876975 0.0245063753057903 -0.159999578431433 -0.108690339278652
0.119058058529037 -0.0347081432250362 -0.277100249938598 -0.0574581513701518
0.126545106429382 -0.0527401277670976 -0.335130963230114 -0.0402969385737424
0.153835983473897 -0.0257094827534817 -0.343139374152163 -0.0769684088249379
0.198163854478099 0.0554554137109332 -0.271894808076734 -0.172394415154295
0.111444793723291 0.17149922173075 -0.0847524049476186 -0.234521898402117
-0.0787868169516336 0.208904146229678 0.0712315461222157 -0.0986663991343511
-0.269084656717107 0.0442636319466001 -0.0878493935685225 -0.00539023866397944
-0.201049368826492 -0.213783946456765 -0.176253915214786 -0.224217772535697
-0.04632346291328 -0.294821697753947 -0.0261791641830745 -0.576523748530925
-0.0623539277801697 -0.364290422578122 -0.141521341493676 -0.235557301217586
-0.225934836222871 -0.20444669186277 -0.173359220878788 -0.107212839491443
-0.263672642261593 0.0414338640055506 -0.101653726052861 0.0189120288892586
-0.0680171181834937 0.211692409721334 0.0224414660822758 0.0330184187109871
0.131320756420343 0.206327356121468 0.0222159758519439 -0.0785026138660466
0.230474377123201 0.0897694951554705 -0.113662525737484 -0.101736050375697
0.225902027272881 -0.0121557291265458 -0.20875185641762 -0.0690637580450232
0.242451595664406 -0.0360258350403987 -0.253519703139765 -0.0593618957135363
0.269542115120295 0.00423475200347515 -0.253893784117182 -0.0913372201531634
0.317873186110685 0.134489711600353 -0.192253642092834 -0.155047444552004
0.164205449320568 0.316908390906469 -0.0382690047241327 -0.182116651193223
-0.152914391380538 0.348146111826737 0.0708711694453762 -0.0633088150177091
-0.454829469601383 0.0735184821796945 -0.0915872416224113 0.0174586381932918
-0.363304464980712 -0.343423458895246 -0.153348844710953 -0.170368571916373
-0.108248979589085 -0.508079603158046 -0.00508219313042474 -0.439426576841215
-0.0941529240930435 -0.476649041749453 -0.108615552065462 -0.0889271255222465
-0.316896892742443 -0.268131383920215 -0.115629382390395 -0.0761493386761381
-0.366777065714049 0.0498791078594349 -0.0838080820866006 0.00684830741329722
-0.114091870574371 0.290982173396913 -0.00105287334685465 0.036897497964265
0.154244797344525 0.298485918673691 0.0354458158069129 -0.0266359810738306
0.297971129954023 0.145993958650225 -0.0429147329830481 -0.072003942991391
0.305188199877774 0.0114438134855204 -0.103942376679583 -0.0690774581095003
0.320782374307627 -0.0140313439036195 -0.132430122341372 -0.0696697979987451
0.339059162057551 0.0339928653396733 -0.126103193055562 -0.0926449917229926
0.38919412776381 0.190168206315361 -0.0833959945517862 -0.118988800216472
0.196188509017524 0.408522291945127 0.0181358042446019 -0.105734101617327
-0.195078524141894 0.435218786966225 0.0685056641270714 -0.0186555781027543
-0.565361295457322 0.0951759003617836 -0.0716228783334107 0.0403643913428439
-0.46331227285235 -0.414108791550697 -0.0994196390011344 -0.0858334156231351
-0.150903165908312 -0.632061730036293 0.0266681119094128 -0.242377274248691
-0.121398048181793 -0.529949663526628 -0.0589131047636983 0.0995509040955916
-0.385665083279795 -0.294330957230475 -0.0166136139868821 -0.0209271091061698
-0.436163361662124 0.069612955049781 -0.0501439741013341 -0.0128149058398282
-0.14255918923923 0.351052026321006 -0.0322370762143268 0.0466691934119497
0.164750005790087 0.355184779817425 0.0517987162782643 0.0510145498216228
0.327868512506974 0.183007211868269 0.0531927401316399 -0.0220687803661984
0.34183924158463 0.0311625636838953 0.0261646109900908 -0.0570948144516032
0.349259649177695 0.0115596823719131 0.00846231924701534 -0.0698335231994419
0.353688536894727 0.0597294339015376 0.0139033030273341 -0.0823341686429546
0.38852328261864 0.210906355585202 0.032849104560419 -0.0725997456913037
0.191269310160077 0.420310727384332 0.0747918907928225 -0.0223104627483976
-0.201416208066732 0.428187573798652 0.0649058260961486 0.0279201075775565
-0.555937548311711 0.0888666059382515 -0.0332748612869783 0.0561275318481347
-0.464318638355235 -0.405326424599016 -0.0242469579077663 0.0064510743690441
-0.157825351683815 -0.639129025031394 0.06346946978772 -0.0299454545077781
-0.129131689203194 -0.502669864679015 -0.00133511559767602 0.304053390564722
-0.387481123965212 -0.27283414147161 0.105533105374492 0.0541524947057884
-0.426025726065964 0.0751945462385655 -0.00692604503965198 -0.0293798045597718
-0.144793897958953 0.343610007039601 -0.0621273782098682 0.0650980674509612
0.143095031300222 0.349511332847461 0.0722723085448601 0.141810947778594
0.303046626869506 0.187341902939052 0.160111694394215 0.0404093163523647
0.326688993115934 0.0447189442306326 0.163182068224117 -0.0373980489545056
0.323948386272225 0.0340956945358372 0.14681239111273 -0.0599523303942545
0.310769556543347 0.0773404335950733 0.142110792503784 -0.0618776684158862
0.317444383308398 0.198475112925066 0.128611949479114 -0.025784174836622
0.140053810976503 0.351643308508024 0.112624140166537 0.0462744063192082
-0.177826267054808 0.321504976570729 0.0540846695730876 0.0601175892906033
-0.429951721944864 0.0413053072139857 0.00806998185883377 0.0577891556888892
-0.358243003016034 -0.32950440206127 0.0441059003366904 0.0790182236815739
-0.128358529250121 -0.53352187335583 0.0966343066629432 0.153226666222713
-0.112361993184618 -0.386105360726256 0.0475228797646532 0.487123004804402
-0.304954599288987 -0.200216008031934 0.213347928785519 0.136159902175565
-0.317781465538133 0.0548905144066214 0.0370966112264301 -0.0324696704694912
-0.119272656474592 0.252284865831585 -0.0837048108379519 0.0811814227363192
0.087509768333083 0.270767896419556 0.0853738368436673 0.22287840885709
0.21972247584344 0.158707767598021 0.253311318008743 0.104331967435939
0.254730285287955 0.0525998087316874 0.283367159710186 -0.0118769066476261
0.250779906708833 0.0537428627439838 0.262694940776626 -0.0419613192496703
0.224061657800411 0.0846827272318509 0.239262599873597 -0.0325868000103599
0.198815381629455 0.163011346053591 0.185250886981727 0.0172046259145908
0.0588761881961982 0.238592126024991 0.116881977284181 0.0881435879014478
-0.140168976181126 0.167301651080071 0.0339392609641421 0.067560531472344
-0.243463900729218 -0.022287000539949 0.038312457888641 0.040528326550576
-0.193926460988681 -0.214764403511461 0.0879240545754413 0.115744509417773
-0.0774019665965765 -0.350224248388385 0.118945902203713 0.273522109673563
-0.0753483515451923 -0.199728119105321 0.074101613992872 0.61086022036682
-0.164287956500829 -0.0885263838628233 0.281382200871275 0.21232543933311
-0.144717208950319 0.0254684667096636 0.0757911159861529 -0.0247108641876124
-0.066283219111234 0.110307283572507 -0.092843549060006 0.0831198426597705
0.0184704967845194 0.139026140344881 0.0814256989646461 0.27140531673574
0.0951288948537727 0.100248369685842 0.309366318791587 0.156097976087031
0.138565441840249 0.0531573348590928 0.365315149026662 0.0183967772176494
0.139032290585706 0.0649637198073281 0.339035083687026 -0.0185283965295365
0.111108748699282 0.0796818946254677 0.294352849158497 0.000468780825295176
0.0648838799179795 0.112276309901426 0.202330141081475 0.0554228006493421
-0.0208679013641445 0.117432137908629 0.0931321617350961 0.104656482745203
-0.09570777405225 0.0254970558042777 0.0066805472005559 0.052389334076472
-0.0656107733666863 -0.0675146526224561 0.0573946434047268 0.0135014272041668
-0.0360638165937932 -0.0863357724353816 0.106221447957319 0.120354870944032
-0.0242909925481957 -0.137765340598569 0.128119414951869 0.325006966421975
