TRXV5
3
4
4
9
string Extension=J
integer IsArchMeasurement=1
integer IsSpherical=1
string Generator=SPM
string GeneratorVersion=1.3.1 Dev
double ArchRadius=0.449999988079071
integer FrequencyAxisIndex=0
integer AzimuthAxisIndex=1
integer ElevationAxisIndex=2
Frequency
5 136 690000000 960000000 LIN
Azimuth
7 8 0 2.74889357189107 LIN
Elevation
7 15 -2.74889357189107 2.74889357189107 LIN
Polar H Real Part
13
Polar H Imaginary Part
14
Polar V Real Part
13
Polar V Imaginary Part
14
Polar H Magnitude (dB)
12 0xC0000002 0 1
Polar H Phase
7 0xC0000003 0 1
Polar V Magnitude (dB)
12 0xC0000002 2 3
Polar V Phase
7 0xC0000003 2 3
-0.0141220092773438 0.0357666015625 0.0556716918945313 -0.00720977783203125
0.0236854553222656 0.0288715362548828 0.0268764495849609 0.0114288330078125
0.0264568328857422 -0.00354766845703125 0.0292854309082031 0.0238533020019531
0.0145816802978516 -0.0159759521484375 0.0539436340332031 0.0136222839355469
0.0035400390625 -0.0189132690429687 0.0594940185546875 -0.0124359130859375
-0.00865554809570313 -0.0219974517822266 0.0485267639160156 -0.037689208984375
-0.00994873046875 -0.0181674957275391 0.0355033874511719 -0.0408210754394531
-0.00669479370117188 -0.0175418853759766 0.0242996215820313 -0.0288181304931641
-0.00135993957519531 -0.0245018005371094 0.0139074325561523 -0.0136375427246094
0.0142993927001953 -0.0180320739746094 0.000351905822753906 -0.00682258605957031
0.0244827270507813 -0.00201988220214844 -0.0173549652099609 -0.0192680358886719
0.019866943359375 0.013092041015625 -0.0106887817382812 -0.0430374145507813
0.000923156738281248 0.0266609191894531 0.0291824340820313 -0.0669441223144531
-0.0163078308105469 0.0302219390869141 0.0506668090820313 -0.0604400634765625
-0.0333518981933594 0.0232124328613281 0.0324630737304688 -0.0418701171875
-0.0319023132324219 0.0453414916992187 0.04931640625 0.00785446166992188
0.0100860595703125 0.0466499328613281 0.0222606658935547 0.0267162322998047
0.0258941650390625 0.0158252716064453 0.0294570922851562 0.0350990295410156
0.0241909027099609 -0.00165748596191406 0.0559768676757813 0.0248184204101563
0.0177364349365234 -0.0131092071533203 0.06231689453125 -0.0019378662109375
0.00924301147460937 -0.0248832702636719 0.054931640625 -0.030181884765625
0.00475311279296875 -0.0255527496337891 0.0390968322753906 -0.0328941345214844
0.006500244140625 -0.0228691101074219 0.0246391296386719 -0.0214900970458984
0.0132846832275391 -0.0285530090332031 0.011845588684082 -0.0044088363647461
0.0287704467773437 -0.0175743103027344 -0.00433111190795898 0.0019073486328125
0.0349273681640625 0.00522422790527344 -0.0249996185302734 -0.0111770629882813
0.0269546508789063 0.0256175994873047 -0.0222854614257812 -0.0375785827636719
-0.00133895874023438 0.0409660339355469 0.0134963989257812 -0.0660400390625
-0.0271835327148437 0.0425186157226563 0.03289794921875 -0.0561637878417969
-0.0469627380371094 0.0337944030761719 0.0151557922363281 -0.0349998474121094
-0.0474891662597656 0.0466156005859375 0.03399658203125 0.0244617462158203
-0.00874710083007813 0.0578498840332031 0.00986099243164062 0.043914794921875
0.0186901092529297 0.0347862243652344 0.0257949829101562 0.0507621765136719
0.0298233032226563 0.0179328918457031 0.054534912109375 0.0381660461425781
0.0314369201660156 -0.00142860412597656 0.0622825622558594 0.00946807861328125
0.0278129577636719 -0.0227603912353516 0.0567131042480469 -0.0196647644042969
0.0201797485351563 -0.0286273956298828 0.0379676818847656 -0.0223007202148438
0.0186290740966797 -0.0243186950683594 0.0218334197998047 -0.0107517242431641
0.025177001953125 -0.0291519165039062 0.00666284561157227 0.00640773773193359
0.0374526977539063 -0.0174903869628906 -0.0113239288330078 0.0122547149658203
0.0408706665039063 0.00692367553710937 -0.0342464447021484 -0.00101852416992188
0.0324020385742188 0.0285472869873047 -0.0347385406494141 -0.0287246704101562
0.00279617309570313 0.0474357604980469 -0.0055999755859375 -0.0604820251464844
-0.0282783508300781 0.050811767578125 0.012237548828125 -0.0461044311523438
-0.052215576171875 0.0414657592773438 -0.00533103942871094 -0.0240592956542969
-0.0572090148925781 0.0407752990722656 0.0120925903320313 0.03936767578125
-0.0272293090820313 0.0596771240234375 -0.00964736938476563 0.0608177185058594
0.00564193725585938 0.0490341186523438 0.0160675048828125 0.0649528503417969
0.0286674499511719 0.0350475311279297 0.0476188659667969 0.0497283935546875
0.0391731262207031 0.0123977661132813 0.0550765991210938 0.0197296142578125
0.0418853759765625 -0.0152053833007813 0.0506095886230469 -0.00777435302734375
0.0319633483886719 -0.0269069671630859 0.0307598114013672 -0.00952911376953125
0.026763916015625 -0.0226898193359375 0.0142002105712891 0.00156402587890625
0.0324993133544922 -0.0266208648681641 -9.25064086914053E-05 0.0175313949584961
0.0409698486328125 -0.0163917541503906 -0.0177345275878906 0.0230560302734375
0.041839599609375 0.00645065307617188 -0.0401153564453125 0.0111160278320313
0.0349578857421875 0.027313232421875 -0.0430450439453125 -0.0162200927734375
0.00726318359375001 0.04730224609375 -0.0200881958007813 -0.0484428405761719
-0.0244483947753906 0.0517807006835938 -0.00457763671875 -0.0301666259765625
-0.0515518188476563 0.0424270629882812 -0.0247535705566406 -0.00941848754882812
-0.0551490783691406 0.0289688110351562 -0.012786865234375 0.0495033264160156
-0.0386428833007812 0.0496902465820312 -0.0323028564453125 0.0713272094726562
-0.00858688354492188 0.0512237548828125 0.00154113769531251 0.075408935546875
0.0197868347167969 0.0452728271484375 0.0350837707519531 0.0570144653320313
0.0373878479003906 0.0231170654296875 0.0424423217773438 0.0262374877929688
0.0471992492675781 -0.00445175170898438 0.038604736328125 0.00326156616210937
0.0381317138671875 -0.0199623107910156 0.0188655853271484 0.00283622741699219
0.0308113098144531 -0.0173759460449219 0.00469970703125 0.0136470794677734
0.0345573425292969 -0.0204830169677734 -0.00784683227539062 0.0289497375488281
0.0402069091796875 -0.0114173889160156 -0.0238094329833984 0.032501220703125
0.0384178161621094 0.00817489624023438 -0.0435028076171875 0.0207862854003906
0.0304756164550781 0.0260772705078125 -0.0462684631347656 -0.00623321533203126
0.00640106201171875 0.0418243408203125 -0.0263004302978516 -0.0347080230712891
-0.0216484069824219 0.0436058044433594 -0.0147113800048828 -0.0111865997314453
-0.0465774536132812 0.0347938537597656 -0.0418167114257813 0.00557708740234375
-0.0412178039550781 0.0139198303222656 -0.0333213806152344 0.0545425415039063
-0.0350799560546875 0.0305213928222656 -0.0513076782226562 0.0734024047851563
-0.015777587890625 0.0389251708984375 -0.0125808715820313 0.0774612426757813
0.00688552856445312 0.0421524047851563 0.0206108093261719 0.057708740234375
0.0260028839111328 0.0268154144287109 0.0278587341308594 0.0272731781005859
0.0407485961914062 0.00571441650390625 0.0228252410888672 0.0103549957275391
0.0360870361328125 -0.00979232788085938 0.00509929656982422 0.0125999450683594
0.0292720794677734 -0.00986862182617187 -0.00648689270019531 0.0237026214599609
0.0329113006591797 -0.0123653411865234 -0.0154151916503906 0.0365257263183594
0.0363540649414063 -0.00374984741210938 -0.030029296875 0.0386734008789062
0.0320224761962891 0.0119056701660156 -0.0453453063964844 0.0262794494628906
0.0214385986328125 0.0259380340576172 -0.046173095703125 -0.000469207763671881
-0.00177383422851562 0.0341758728027344 -0.0276298522949219 -0.0238857269287109
-0.0225448608398438 0.029693603515625 -0.0201168060302734 0.00173568725585938
-0.0407905578613281 0.01837158203125 -0.0536231994628906 0.0154914855957031
-0.0192241668701172 -0.00242042541503906 -0.0441322326660156 0.0540771484375
-0.0215072631835938 0.00911712646484375 -0.0613555908203125 0.0697135925292969
-0.0150165557861328 0.0178413391113281 -0.0222702026367187 0.073333740234375
-0.004730224609375 0.0245742797851562 0.00946044921875 0.0531044006347656
0.00963020324707031 0.0214710235595703 0.0165538787841797 0.0244960784912109
0.0253067016601563 0.0127048492431641 0.009429931640625 0.012359619140625
0.0280876159667969 0.001617431640625 -0.00679397583007812 0.0179061889648438
0.0236015319824219 -0.000749588012695312 -0.0159797668457031 0.029510498046875
0.0277652740478516 -0.00280952453613281 -0.0237846374511719 0.0415496826171875
0.02923583984375 0.00464248657226563 -0.037139892578125 0.0404853820800781
0.0229377746582031 0.0167636871337891 -0.0485038757324219 0.0257225036621094
0.011138916015625 0.0265083312988281 -0.0452003479003906 0.000648498535156254
-0.0118980407714844 0.0260143280029297 -0.0284957885742188 -0.017608642578125
-0.0252208709716797 0.0121345520019531 -0.0247554779052734 0.00794029235839844
-0.0318145751953125 -0.00290489196777343 -0.0626983642578125 0.0189056396484375
0.00572681427001953 -0.0166082382202148 -0.0435409545898438 0.0505218505859375
-0.000967979431152345 -0.0111188888549805 -0.0602912902832031 0.0647163391113281
-0.00717735290527344 -0.00615549087524414 -0.0231781005859375 0.0691184997558594
-0.011866569519043 0.0029439926147461 0.00716400146484375 0.0474739074707031
-0.00714302062988281 0.00971698760986328 0.0128002166748047 0.0190181732177734
0.00481414794921875 0.0158681869506836 0.000607490539550782 0.00948619842529297
0.0145578384399414 0.0132598876953125 -0.0152645111083984 0.0185642242431641
0.0142593383789062 0.00889968872070312 -0.0237560272216797 0.0317153930664063
0.0177803039550781 0.00708961486816406 -0.0320892333984375 0.0430183410644531
0.0187625885009766 0.0130901336669922 -0.0449485778808594 0.0386543273925781
0.0124244689941406 0.0195350646972656 -0.053009033203125 0.0225753784179688
-0.00045013427734375 0.0246410369873047 -0.0472679138183594 -0.00256347656250001
-0.0216522216796875 0.0155162811279297 -0.0299549102783203 -0.0190048217773438
-0.0253562927246094 -0.00718116760253906 -0.0285396575927734 0.00532722473144531
-0.0204982757568359 -0.0237636566162109 -0.0677833557128906 0.0142440795898438
-0.00859451293945312 0.0414962768554688 0.0630950927734375 -0.0100669860839844
0.0310497283935547 0.0285682678222656 0.0325775146484375 0.00977706909179688
0.0295448303222656 -0.007904052734375 0.0328788757324219 0.021484375
0.0132732391357422 -0.0210914611816406 0.0571327209472656 0.01007080078125
-0.000305175781250002 -0.0223388671875 0.0612411499023438 -0.0165863037109375
-0.0144710540771484 -0.0229873657226563 0.0489044189453125 -0.042327880859375
-0.0148963928222656 -0.017974853515625 0.0358695983886719 -0.0450325012207031
-0.0111618041992187 -0.0180644989013672 0.0257282257080078 -0.0322704315185547
-0.00684547424316406 -0.0271320343017578 0.0168333053588867 -0.0148859024047852
0.0118846893310547 -0.0234870910644531 0.00298118591308594 -0.0055990219116211
0.0273189544677734 -0.00721359252929687 -0.0186595916748047 -0.0162792205810547
0.0250625610351563 0.0110549926757813 -0.0149345397949219 -0.0421218872070313
0.00640678405761719 0.0304832458496094 0.0239639282226563 -0.0735321044921875
-0.0136260986328125 0.0377883911132813 0.0502510070800781 -0.0689468383789063
-0.03277587890625 0.0327625274658203 0.035186767578125 -0.0456809997558594
-0.0290184020996094 0.0523223876953125 0.0581130981445313 0.0073394775390625
0.0161972045898438 0.0479965209960938 0.0293254852294922 0.0254402160644531
0.0293064117431641 0.0122013092041016 0.0344028472900391 0.0340404510498047
0.0247173309326172 -0.00586509704589844 0.0601539611816406 0.0223808288574219
0.0160198211669922 -0.0163536071777344 0.0667457580566406 -0.00645065307617188
0.00578880310058594 -0.0274696350097656 0.0574455261230469 -0.0353507995605469
0.0013580322265625 -0.0274276733398437 0.0411262512207031 -0.0385093688964844
0.00350761413574219 -0.0243434906005859 0.0281658172607422 -0.0248737335205078
0.00973320007324219 -0.0314922332763672 0.0166234970092773 -0.00544261932373047
0.02777099609375 -0.0225238800048828 -2.47955322265612E-05 0.00442075729370117
0.0384712219238281 0.00103759765625 -0.0258216857910156 -0.00710678100585937
0.0326881408691406 0.0240898132324219 -0.0270729064941406 -0.0342578887939453
0.00320816040039063 0.0456275939941406 0.0069427490234375 -0.0704193115234375
-0.0261192321777344 0.0514945983886719 0.0316085815429688 -0.0622711181640625
-0.0490989685058594 0.0435523986816406 0.0170860290527344 -0.0356178283691406
-0.0479202270507812 0.0537681579589844 0.0428695678710938 0.0273780822753906
-0.004913330078125 0.0616950988769531 0.0182609558105469 0.0465812683105469
0.0216884613037109 0.0350914001464844 0.0315589904785156 0.0503654479980469
0.0318431854248047 0.0157260894775391 0.0611381530761719 0.0356178283691406
0.0320167541503906 -0.00420379638671875 0.0671234130859375 0.00592803955078125
0.0264835357666016 -0.0265026092529297 0.0603485107421875 -0.0243606567382813
0.018341064453125 -0.0314254760742187 0.0414505004882813 -0.0267868041992188
0.0176353454589844 -0.0266571044921875 0.0259246826171875 -0.0135173797607422
0.0235671997070313 -0.0329360961914063 0.012211799621582 0.00613212585449219
0.0383491516113281 -0.0219383239746094 -0.0062265396118164 0.0158872604370117
0.0445442199707031 0.00431060791015625 -0.0334758758544922 0.00442695617675781
0.03778076171875 0.0285530090332031 -0.0384483337402344 -0.023681640625
0.00655746459960938 0.0527229309082031 -0.0118064880371094 -0.0616569519042969
-0.0289039611816406 0.05853271484375 0.0101165771484375 -0.0487022399902344
-0.0556297302246094 0.0501899719238281 -0.00500488281250001 -0.0222396850585937
-0.059478759765625 0.0466156005859375 0.0196266174316406 0.0459098815917969
-0.0264854431152344 0.0641136169433594 -0.00181961059570313 0.0664024353027344
0.00749969482421875 0.05145263671875 0.0236473083496094 0.0670967102050781
0.0315704345703125 0.0364913940429688 0.0547294616699219 0.0493965148925781
0.0416717529296875 0.0114479064941406 0.0607261657714844 0.0176849365234375
0.0429344177246094 -0.0187301635742188 0.0550422668457031 -0.0120353698730469
0.0325679779052734 -0.0305347442626953 0.0348415374755859 -0.0131988525390625
0.0282135009765625 -0.0247650146484375 0.0193138122558594 2.0980834960936E-05
0.032623291015625 -0.0300750732421875 0.00582122802734375 0.0180168151855469
0.0432205200195313 -0.0190277099609375 -0.0119190216064453 0.0264759063720703
0.0457954406738281 0.00481414794921875 -0.0378494262695313 0.0172843933105469
0.0390434265136719 0.0280990600585937 -0.0452957153320313 -0.010589599609375
0.00989532470703125 0.0515022277832031 -0.0252151489257813 -0.0474853515625
-0.0255928039550781 0.0585861206054687 -0.00587654113769532 -0.0302715301513672
-0.0557174682617187 0.0496368408203125 -0.0249080657958984 -0.00543594360351562
-0.0601425170898438 0.0318679809570313 -0.00768280029296875 0.0584068298339844
-0.0409698486328125 0.0539627075195313 -0.0261077880859375 0.080078125
-0.00845718383789063 0.0552253723144531 0.00910186767578125 0.079071044921875
0.0223007202148438 0.049224853515625 0.0418281555175781 0.0582809448242187
0.0414009094238281 0.0240211486816406 0.0476531982421875 0.0246467590332031
0.0510711669921875 -0.00709915161132813 0.04302978515625 -2.67028808593754E-05
0.0411911010742188 -0.0242271423339844 0.0227718353271484 0.000717163085937498
0.0339527130126953 -0.0202617645263672 0.00810718536376953 0.013249397277832
0.0376663208007813 -0.0232620239257813 -0.00200271606445312 0.0298748016357422
0.0445022583007813 -0.0143241882324219 -0.0183296203613281 0.0362167358398438
0.0428619384765625 0.00806427001953125 -0.0406227111816406 0.0271415710449219
0.0344581604003906 0.0283946990966797 -0.0473442077636719 -0.000106811523437496
0.00724029541015625 0.0460968017578125 -0.030517578125 -0.0320243835449219
-0.0239944458007813 0.0483474731445313 -0.0157670974731445 -0.00980091094970703
-0.0522651672363281 0.0388870239257812 -0.042999267578125 0.0107955932617188
-0.0461654663085937 0.0132980346679687 -0.0318946838378906 0.0635643005371094
-0.0408058166503906 0.0319480895996094 -0.0481109619140625 0.084075927734375
-0.0189857482910156 0.0429496765136719 -0.00529479980468751 0.0827178955078125
0.00742340087890625 0.0460929870605469 0.0263824462890625 0.059173583984375
0.0299053192138672 0.0299930572509766 0.0319080352783203 0.0266284942626953
0.046295166015625 0.005462646484375 0.0260753631591797 0.00826835632324219
0.0408248901367188 -0.0126304626464844 0.0081930160522461 0.0132122039794922
0.034210205078125 -0.0116310119628906 -0.00287628173828125 0.0246257781982422
0.0375442504882813 -0.0148696899414062 -0.0112190246582031 0.0386581420898438
0.0415306091308594 -0.00514602661132813 -0.0249519348144531 0.0426673889160156
0.0367240905761719 0.0134124755859375 -0.0431175231933594 0.0319633483886719
0.0257778167724609 0.0297698974609375 -0.0462532043457031 0.0050201416015625
-0.00207138061523438 0.0390586853027344 -0.0302982330322266 -0.0205345153808594
-0.0266704559326172 0.0326976776123047 -0.0206699371337891 0.00562858581542969
-0.047515869140625 0.0202713012695313 -0.0561447143554687 0.0228309631347656
-0.0234718322753906 -0.00638961791992188 -0.0447540283203125 0.0632362365722656
-0.0271930694580078 0.00717544555664063 -0.0598220825195313 0.0805740356445312
-0.0193252563476563 0.0187492370605469 -0.0166168212890625 0.0797653198242188
-0.00660896301269531 0.0295543670654297 0.0147743225097656 0.0548286437988281
0.0114688873291016 0.0258216857910156 0.0196075439453125 0.0239162445068359
0.0301742553710937 0.0147476196289062 0.0106897354125977 0.0114030838012695
0.0339565277099609 0.000896453857421875 -0.00571250915527344 0.0192070007324219
0.0293521881103516 -0.00186538696289062 -0.0147247314453125 0.0326595306396484
0.0335044860839844 -0.00450325012207031 -0.0211753845214844 0.0450439453125
0.0353851318359375 0.0044403076171875 -0.0338172912597656 0.04443359375
0.0284214019775391 0.0192928314208984 -0.0466156005859375 0.0308113098144531
0.0142574310302734 0.0308685302734375 -0.0458335876464844 0.00527572631835938
-0.0139274597167969 0.0307674407958984 -0.0305404663085938 -0.0143966674804687
-0.0318946838378906 0.0141105651855469 -0.0264511108398438 0.0117988586425781
-0.0396080017089844 -0.00329589843749999 -0.0664558410644531 0.0251197814941406
0.00389480590820313 -0.0232028961181641 -0.0454177856445313 0.0578689575195313
-0.00563526153564453 -0.0170812606811523 -0.05926513671875 0.074432373046875
-0.0115451812744141 -0.00707340240478516 -0.0171432495117188 0.074462890625
-0.0157918930053711 0.00582027435302735 0.0114822387695313 0.0480117797851563
-0.00729942321777344 0.014984130859375 0.0136213302612305 0.0172634124755859
0.00920295715332031 0.0195808410644531 -0.000368118286132812 0.00941181182861328
0.0209388732910156 0.0138397216796875 -0.0171318054199219 0.0202350616455078
0.0194606781005859 0.00909042358398438 -0.0240459442138672 0.0350723266601563
0.0232582092285156 0.007049560546875 -0.0307960510253906 0.0472450256347656
0.0248622894287109 0.0133152008056641 -0.04376220703125 0.0432777404785156
0.0169792175292969 0.0225429534912109 -0.0523185729980469 0.0267486572265625
0.00240516662597656 0.0301361083984375 -0.0487213134765625 0.00141525268554687
-0.0238361358642578 0.0209522247314453 -0.0323543548583984 -0.015411376953125
-0.0325508117675781 -0.00614547729492188 -0.0316677093505859 0.00971031188964844
-0.0273017883300781 -0.0267219543457031 -0.0736846923828125 0.0195083618164063
-0.0016937255859375 0.0443572998046875 0.0687141418457031 -0.0145988464355469
0.0376739501953125 0.0243301391601563 0.0368766784667969 0.00519561767578125
0.0300559997558594 -0.0136833190917969 0.0346889495849609 0.0176620483398438
0.0105266571044922 -0.02471923828125 0.0574798583984375 0.0068359375
-0.00435638427734375 -0.0238971710205078 0.0614814758300781 -0.0205459594726563
-0.0195217132568359 -0.022247314453125 0.0478897094726563 -0.0464324951171875
-0.0187778472900391 -0.0158214569091797 0.0354499816894531 -0.0494346618652344
-0.015172004699707 -0.016448974609375 0.0256919860839844 -0.0357780456542969
-0.0131568908691406 -0.0266227722167969 0.0192127227783203 -0.0172023773193359
0.00743293762207031 -0.0275611877441406 0.00653934478759766 -0.00510978698730469
0.0269584655761719 -0.0127449035644531 -0.0175065994262695 -0.0121679306030273
0.0287208557128906 0.00676155090332031 -0.0180015563964844 -0.0388603210449219
0.0123710632324219 0.0323925018310547 0.0169601440429687 -0.075714111328125
-0.0087738037109375 0.0441932678222656 0.0469894409179687 -0.0756759643554688
-0.0292549133300781 0.0414047241210938 0.0364189147949219 -0.0490951538085937
-0.024017333984375 0.0566596984863281 0.0657997131347656 0.00444793701171875
0.0228347778320313 0.0467033386230469 0.0359382629394531 0.0226898193359375
0.0307579040527344 0.00851631164550781 0.0376930236816406 0.0302085876464844
0.0230484008789063 -0.00884437561035156 0.0624008178710938 0.0182723999023438
0.0138664245605469 -0.0183773040771484 0.0681266784667969 -0.0107765197753906
0.000671386718750002 -0.0277118682861328 0.0574836730957031 -0.0397987365722656
-0.00269699096679688 -0.0267581939697266 0.0426445007324219 -0.0430641174316406
7.82012939453112E-05 -0.0241661071777344 0.0299854278564453 -0.0292644500732422
0.00484848022460937 -0.0329227447509766 0.0203208923339844 -0.00789070129394531
0.0249843597412109 -0.0272216796875 0.00466346740722656 0.00456476211547851
0.0394248962402344 -0.00452423095703125 -0.0235347747802734 -0.00193023681640625
0.0366058349609375 0.0208091735839844 -0.0286026000976563 -0.0293483734130859
0.00893783569335937 0.0482444763183594 0.000167846679687503 -0.0706253051757813
-0.0221099853515625 0.0582313537597656 0.02838134765625 -0.0661048889160156
-0.0466461181640625 0.0525398254394531 0.0192489624023438 -0.036956787109375
-0.045166015625 0.0590286254882813 0.051513671875 0.0267181396484375
-0.000434875488281254 0.0628395080566406 0.0263557434082031 0.0448074340820313
0.0240077972412109 0.0328807830810547 0.0369300842285156 0.0469779968261719
0.0319499969482422 0.0134201049804688 0.064971923828125 0.0324592590332031
0.0313625335693359 -0.00720977783203125 0.070465087890625 0.00150299072265625
0.0236167907714844 -0.0279674530029297 0.0617218017578125 -0.02978515625
0.0157184600830078 -0.0329532623291016 0.0435447692871094 -0.0318069458007813
0.0151901245117188 -0.0277824401855469 0.0290451049804688 -0.017333984375
0.0207138061523437 -0.0356483459472656 0.0175380706787109 0.00403022766113281
0.0373001098632813 -0.0257453918457031 0.000470161437988282 0.0162439346313477
0.046600341796875 0.000148773193359375 -0.0296096801757813 0.0103816986083984
0.0426025390625 0.0264854431152344 -0.0391654968261719 -0.0173835754394531
0.0109405517578125 0.0551376342773438 -0.0176506042480469 -0.0593910217285156
-0.0259246826171875 0.0661087036132813 0.00854110717773437 -0.0504646301269531
-0.0550041198730469 0.05877685546875 -0.00232124328613282 -0.0202445983886719
-0.0607528686523438 0.0518684387207031 0.0282020568847656 0.0484733581542969
-0.0254364013671875 0.0676727294921875 0.00735473632812499 0.0681800842285156
0.00954818725585938 0.0524177551269531 0.0302696228027344 0.065643310546875
0.0341682434082031 0.0366325378417969 0.0592765808105469 0.0462989807128906
0.0425376892089844 0.0092620849609375 0.0644302368164063 0.0129966735839844
0.0429344177246094 -0.021453857421875 0.0576934814453125 -0.0171051025390625
0.0321559906005859 -0.0332317352294922 0.0378036499023438 -0.017486572265625
0.0284080505371094 -0.0275802612304687 0.0224056243896484 -0.0033721923828125
0.0324172973632813 -0.0332298278808594 0.0118026733398438 0.0166206359863281
0.04461669921875 -0.0233230590820313 -0.00506591796875 0.0271644592285156
0.0483360290527344 0.00283432006835938 -0.0334129333496094 0.0218601226806641
0.0431251525878906 0.0276679992675781 -0.0445060729980469 -0.00410461425781251
0.0133743286132813 0.0541343688964844 -0.0292129516601563 -0.0435562133789062
-0.0248146057128906 0.0642356872558594 -0.00671195983886719 -0.0291519165039063
-0.0570755004882813 0.0568122863769531 -0.0224056243896484 -0.00125312805175781
-0.064239501953125 0.0352973937988281 0.00048828125 0.0640678405761719
-0.04296875 0.0579071044921875 -0.0170669555664063 0.0846481323242188
-0.00712966918945312 0.058868408203125 0.0169830322265625 0.0794677734375
0.0256919860839844 0.0514793395996094 0.047576904296875 0.0557022094726563
0.0448417663574219 0.0245895385742187 0.0513877868652344 0.0212669372558594
0.0540542602539063 -0.0100822448730469 0.0460166931152344 -0.00395584106445313
0.0432777404785156 -0.0275535583496094 0.0253849029541016 -0.00170707702636719
0.0359535217285156 -0.0229339599609375 0.0120182037353516 0.0115242004394531
0.0396347045898438 -0.0267982482910156 0.00352096557617188 0.0293464660644531
0.0471878051757813 -0.0168838500976563 -0.0116806030273438 0.0371551513671875
0.0465583801269531 0.00668716430664062 -0.0355224609375 0.0313339233398437
0.0384292602539063 0.0288200378417969 -0.0449867248535156 0.00608062744140626
0.00864410400390625 0.0493545532226563 -0.0319118499755859 -0.0280036926269531
-0.0257072448730469 0.0541648864746094 -0.0145807266235352 -0.00678253173828125
-0.055572509765625 0.0447311401367187 -0.0404167175292969 0.0167922973632813
-0.0527114868164063 0.0139503479003906 -0.0260467529296875 0.0714035034179688
-0.0451278686523438 0.0348091125488281 -0.0406723022460938 0.0913848876953125
-0.0202293395996094 0.0468292236328125 0.00215148925781251 0.083892822265625
0.00931930541992188 0.0514678955078125 0.0318412780761719 0.0578804016113281
0.0335178375244141 0.0313186645507813 0.0344753265380859 0.0238418579101563
0.0511360168457031 0.00400161743164062 0.0283355712890625 0.00562667846679688
0.0447731018066406 -0.0163650512695313 0.00963878631591797 0.0114536285400391
0.0374298095703125 -0.0147628784179688 0.00037193298339844 0.0241489410400391
0.041107177734375 -0.0172882080078125 -0.00628662109375 0.0390434265136719
0.0459938049316406 -0.0079498291015625 -0.0195732116699219 0.0437545776367188
0.0411262512207031 0.0126075744628906 -0.0383110046386719 0.0348243713378906
0.0293331146240234 0.0322799682617188 -0.0442428588867188 0.00998687744140626
-0.00182723999023437 0.0433425903320313 -0.0310440063476563 -0.0163249969482422
-0.03106689453125 0.03839111328125 -0.0194301605224609 0.009552001953125
-0.0521469116210938 0.0244369506835938 -0.0549240112304688 0.0290298461914063
-0.0297126770019531 -0.00808334350585938 -0.0414886474609375 0.0713348388671875
-0.0329647064208984 0.00655937194824219 -0.0540542602539063 0.0891571044921875
-0.0237979888916016 0.0218963623046875 -0.00873565673828126 0.0822830200195313
-0.00704574584960937 0.0346565246582031 0.0189857482910156 0.05364990234375
0.0145950317382812 0.0296134948730469 0.0206985473632813 0.0214405059814453
0.0362396240234375 0.0148658752441406 0.011134147644043 0.00962162017822266
0.0390205383300781 -0.002288818359375 -0.00461196899414062 0.0201778411865234
0.0336666107177734 -0.00455093383789062 -0.0116634368896484 0.0336780548095703
0.0381622314453125 -0.00698089599609375 -0.0164413452148437 0.0462684631347656
0.0407218933105469 0.0026702880859375 -0.0293922424316406 0.0463676452636719
0.0333080291748047 0.0196647644042969 -0.0436668395996094 0.0340995788574219
0.0180587768554688 0.0346164703369141 -0.0443611145019531 0.00961685180664063
-0.014312744140625 0.035980224609375 -0.0306510925292969 -0.0110645294189453
-0.0369529724121094 0.0187454223632813 -0.0255966186523438 0.0156345367431641
-0.046356201171875 -0.000801086425781254 -0.06744384765625 0.0307464599609375
-0.00108528137207031 -0.0288047790527344 -0.0448341369628906 0.0646133422851563
-0.0125026702880859 -0.0200843811035156 -0.0556182861328125 0.0821533203125
-0.0173521041870117 -0.00707626342773438 -0.0104446411132812 0.0771408081054688
-0.0186920166015625 0.00984764099121094 0.0149078369140625 0.0461044311523438
-0.00596237182617187 0.0203151702880859 0.0139589309692383 0.014500617980957
0.0146083831787109 0.0223407745361328 -0.00132179260253906 0.00889873504638672
0.0258979797363281 0.0124015808105469 -0.0171985626220703 0.0224857330322266
0.0246219635009766 0.00686264038085938 -0.0224380493164063 0.0386962890625
0.0288658142089844 0.00465202331542969 -0.0278739929199219 0.0497932434082031
0.0305156707763672 0.0126724243164063 -0.0407981872558594 0.0460700988769531
0.0225486755371094 0.0238361358642578 -0.0508995056152344 0.030792236328125
0.00607872009277343 0.0337486267089844 -0.0474205017089844 0.00564956665039064
-0.0251331329345703 0.026153564453125 -0.0326900482177734 -0.0117073059082031
-0.0380401611328125 -0.00271606445312501 -0.0324783325195313 0.0144138336181641
-0.0353660583496094 -0.0263099670410156 -0.0764007568359375 0.0252227783203125
0.00461959838867188 0.0448265075683594 0.0723037719726563 -0.0199432373046875
0.0418167114257813 0.0202140808105469 0.0391082763671875 0.000339508056640626
0.0289249420166016 -0.0185413360595703 0.0343589782714844 0.0148029327392578
0.00749969482421875 -0.0272655487060547 0.0570602416992188 0.004974365234375
-0.00832748413085938 -0.0242538452148438 0.0607032775878906 -0.0228271484375
-0.024444580078125 -0.0191841125488281 0.0468406677246094 -0.0480575561523438
-0.0223102569580078 -0.0134048461914063 0.0343284606933594 -0.0526237487792969
-0.0177688598632813 -0.0136222839355469 0.0261497497558594 -0.03900146484375
-0.0181694030761719 -0.0247058868408203 0.0212192535400391 -0.0199851989746094
0.00332260131835937 -0.0290908813476563 0.0101785659790039 -0.00589370727539063
0.0255680084228516 -0.0179290771484375 -0.0149126052856445 -0.00960445404052735
0.0303993225097656 0.00264739990234375 -0.0186538696289063 -0.0354804992675781
0.0183868408203125 0.0315494537353516 0.01171875 -0.0742111206054688
-0.00190353393554688 0.0479736328125 0.043853759765625 -0.0790557861328125
-0.0242042541503906 0.0458793640136719 0.0377159118652344 -0.0527877807617188
-0.0188751220703125 0.0584983825683594 0.0705490112304688 0.000495910644531253
0.0265541076660156 0.0441169738769531 0.0394668579101563 0.0180778503417969
0.0306434631347656 0.0045166015625 0.0384941101074219 0.026824951171875
0.0214462280273438 -0.011016845703125 0.0634307861328125 0.0159263610839844
0.0100784301757812 -0.0186729431152344 0.0680961608886719 -0.014129638671875
-0.00296211242675781 -0.0264263153076172 0.0567741394042969 -0.0429000854492188
-0.00505638122558594 -0.0255699157714844 0.0423583984375 -0.0475006103515625
-0.00182151794433594 -0.0233440399169922 0.0316867828369141 -0.0329303741455078
0.00131988525390625 -0.032806396484375 0.0238800048828125 -0.0115108489990234
0.0218467712402344 -0.0292778015136719 0.0100584030151367 0.00360679626464844
0.0394783020019531 -0.008544921875 -0.0191116333007812 0.000555038452148439
0.0400619506835938 0.0175857543945313 -0.0277366638183594 -0.0245742797851563
0.0141220092773437 0.0488395690917969 -0.00440597534179688 -0.0675086975097656
-0.0168571472167969 0.0635032653808594 0.0264091491699219 -0.0679359436035156
-0.0427322387695312 0.0593452453613281 0.0219154357910156 -0.0378761291503906
-0.0428314208984375 0.0624961853027344 0.0597915649414062 0.0245552062988281
0.00252151489257812 0.0628433227539063 0.0324440002441406 0.0413398742675781
0.0247898101806641 0.0312328338623047 0.0394706726074219 0.0441207885742188
0.0328311920166016 0.0121192932128906 0.0661392211914063 0.0293312072753906
0.0298748016357422 -0.00750732421875 0.0715713500976563 -0.00284576416015625
0.0213680267333984 -0.0288047790527344 0.0618743896484375 -0.0340919494628906
0.0142040252685547 -0.0339469909667969 0.0444526672363281 -0.036407470703125
0.0147380828857422 -0.0286865234375 0.0308570861816406 -0.0217189788818359
0.019012451171875 -0.0363349914550781 0.0218772888183594 0.000486373901367185
0.0362319946289063 -0.028411865234375 0.00639152526855469 0.0146923065185547
0.0479812622070313 -0.003326416015625 -0.02459716796875 0.0129871368408203
0.0455360412597656 0.0243263244628906 -0.0365524291992188 -0.0122642517089844
0.0153694152832031 0.0565109252929688 -0.0206184387207031 -0.0555953979492187
-0.0223159790039063 0.0708999633789063 0.00781631469726563 -0.0502166748046875
-0.0525970458984375 0.0658340454101563 0.00102424621582031 -0.0201396942138672
-0.0616493225097656 0.0556907653808594 0.0364913940429687 0.0487480163574219
-0.0240249633789063 0.0701980590820313 0.0150032043457031 0.0661659240722656
0.0106239318847656 0.0532760620117188 0.0346336364746094 0.0621261596679688
0.0357742309570313 0.0367469787597656 0.06201171875 0.0428886413574219
0.0441551208496094 0.00854110717773438 0.0666275024414063 0.00961685180664063
0.0428047180175781 -0.0233345031738281 0.0590324401855469 -0.0208320617675781
0.0318565368652344 -0.035614013671875 0.0397491455078125 -0.0209236145019531
0.0285930633544922 -0.0293655395507813 0.0251579284667969 -0.00690841674804688
0.0323543548583984 -0.0345325469970703 0.0160417556762695 0.0135393142700195
0.0445556640625 -0.0257034301757813 0.00128746032714844 0.0259132385253906
0.0509109497070312 0.0008697509765625 -0.0277805328369141 0.0244159698486328
0.0462379455566406 0.0269088745117188 -0.0405464172363281 0.000804901123046875
0.0156173706054687 0.05645751953125 -0.0295753479003906 -0.0393562316894531
-0.0233268737792969 0.06951904296875 -0.00557518005371094 -0.0275096893310547
-0.0566558837890625 0.062896728515625 -0.0189876556396484 0.00107574462890626
-0.0673866271972656 0.0389022827148438 0.00745773315429688 0.0660743713378906
-0.0443954467773438 0.061279296875 -0.00846099853515626 0.0855941772460938
-0.00754928588867188 0.0611419677734375 0.0220489501953125 0.076690673828125
0.02801513671875 0.0539131164550781 0.0504379272460938 0.0531387329101563
0.0475044250488281 0.0244064331054688 0.053253173828125 0.0180130004882813
0.0554733276367188 -0.0121955871582031 0.0462722778320313 -0.00749588012695313
0.0438880920410156 -0.03118896484375 0.0271377563476563 -0.00441551208496094
0.0376663208007813 -0.02587890625 0.0152301788330078 0.00871944427490234
0.0410842895507813 -0.0298309326171875 0.00762748718261719 0.0261211395263672
0.0489616394042969 -0.0193901062011719 -0.00624465942382812 0.03570556640625
0.0493316650390625 0.0062713623046875 -0.0303134918212891 0.0326976776123047
0.041656494140625 0.0297088623046875 -0.0410346984863281 0.0091094970703125
0.0102767944335938 0.0524406433105469 -0.0318279266357422 -0.0242786407470703
-0.0266380310058594 0.0591926574707031 -0.0126209259033203 -0.00421810150146484
-0.0574302673339844 0.05010986328125 -0.0371818542480469 0.019439697265625
-0.0575981140136719 0.0154342651367187 -0.0207443237304688 0.07623291015625
-0.049530029296875 0.0383033752441406 -0.0329055786132813 0.0938568115234375
-0.0222358703613281 0.0503807067871094 0.00772857666015625 0.082916259765625
0.0112342834472656 0.0544776916503906 0.0342445373535156 0.0556678771972656
0.0371170043945313 0.0332183837890625 0.0358047485351563 0.0213127136230469
0.0543289184570313 0.00175094604492188 0.0288925170898438 0.00356864929199219
0.0479965209960937 -0.0203208923339844 0.0119123458862305 0.0101404190063477
0.0403976440429688 -0.0175666809082031 0.00302696228027344 0.023406982421875
0.0442771911621094 -0.021484375 -0.00196075439453124 0.0380401611328125
0.0496978759765625 -0.0110893249511719 -0.0149612426757812 0.04217529296875
0.0451393127441406 0.0126533508300781 -0.0332756042480469 0.03570556640625
0.0329322814941406 0.0338077545166016 -0.0400886535644531 0.0128288269042969
-0.000720977783203125 0.0473213195800781 -0.0297603607177734 -0.0139179229736328
-0.0335655212402344 0.0427818298339844 -0.0170097351074219 0.0113534927368164
-0.0561866760253906 0.0290451049804688 -0.0526695251464844 0.0329933166503906
-0.0353240966796875 -0.00987243652343749 -0.0383453369140625 0.0766372680664063
-0.0392837524414062 0.00824737548828124 -0.0480270385742187 0.0937118530273438
-0.0266990661621094 0.0246658325195312 -0.00380706787109375 0.08135986328125
-0.00652694702148437 0.0397491455078125 0.0207862854003906 0.0515708923339844
0.0178375244140625 0.0331401824951172 0.0206146240234375 0.0198078155517578
0.0414695739746094 0.0139198303222656 0.011134147644043 0.00928592681884766
0.0429039001464844 -0.00616836547851562 -0.00390052795410156 0.0203800201416016
0.0367546081542969 -0.007537841796875 -0.00926399230957031 0.0344047546386719
0.0415229797363281 -0.0105934143066406 -0.0141448974609375 0.0463180541992188
0.0449943542480469 -0.00052642822265625 -0.0263099670410156 0.0461616516113281
0.0381584167480469 0.0193290710449219 -0.0404205322265625 0.0350608825683594
0.0226211547851563 0.0370826721191406 -0.0413970947265625 0.0113601684570313
-0.0136375427246094 0.0412559509277344 -0.0286197662353516 -0.00841140747070313
-0.0410232543945313 0.0235443115234375 -0.0234451293945313 0.0192527770996094
-0.0519828796386719 0.00304794311523438 -0.0665855407714844 0.0361328125
-0.00777626037597656 -0.0326442718505859 -0.0440483093261719 0.0695724487304688
-0.0189609527587891 -0.0211467742919922 -0.0513763427734375 0.0866775512695313
-0.0223484039306641 -0.00495910644531249 -0.00512695312500001 0.0757369995117188
-0.0203266143798828 0.0151500701904297 0.0159492492675781 0.0436019897460938
-0.00437736511230469 0.0244026184082031 0.0124607086181641 0.0132379531860352
0.0204219818115234 0.0227127075195312 -0.00297689437866211 0.00861310958862305
0.0310764312744141 0.00921058654785156 -0.0175685882568359 0.0247039794921875
0.0284843444824219 0.00445938110351563 -0.0211296081542969 0.0411186218261719
0.0331211090087891 0.0015869140625 -0.0262603759765625 0.050933837890625
0.0354499816894531 0.00989151000976563 -0.0388221740722656 0.0474052429199219
0.0268878936767578 0.0234527587890625 -0.0487060546875 0.032562255859375
0.0102691650390625 0.0365791320800781 -0.0458526611328125 0.00750350952148438
-0.0245208740234375 0.0311012268066406 -0.0309677124023437 -0.00885391235351563
-0.0434913635253906 0.00211715698242187 -0.0317211151123047 0.0184879302978516
-0.0419082641601563 -0.0240478515625 -0.0786972045898438 0.0299606323242187
0.00905609130859375 0.0441207885742187 0.0757904052734375 -0.0242996215820312
0.0446128845214844 0.0160865783691406 0.0402145385742188 -0.00369644165039062
0.0279293060302734 -0.0217113494873047 0.0339870452880859 0.0133247375488281
0.00450515747070313 -0.0293178558349609 0.0569686889648438 0.00466537475585937
-0.01177978515625 -0.0235061645507813 0.0604476928710938 -0.023162841796875
-0.0278644561767578 -0.0162410736083984 0.047607421875 -0.0490798950195313
-0.0241775512695313 -0.0100345611572266 0.0350341796875 -0.0547409057617187
-0.0203266143798828 -0.0113906860351563 0.0269927978515625 -0.0417404174804688
-0.0212497711181641 -0.0222587585449219 0.0234413146972656 -0.0228996276855469
-0.0020599365234375 -0.0293731689453125 0.0134449005126953 -0.0078887939453125
0.0233612060546875 -0.0213432312011719 -0.0115184783935547 -0.00854682922363281
0.0320472717285156 -0.00145721435546875 -0.0173511505126953 -0.0318431854248047
0.0232353210449219 0.03143310546875 0.0102691650390625 -0.07318115234375
0.00324249267578125 0.05084228515625 0.042236328125 -0.0816802978515625
-0.01873779296875 0.050201416015625 0.0410881042480469 -0.0555496215820313
-0.0157814025878906 0.0593757629394531 0.076019287109375 -0.00316619873046875
0.0286827087402344 0.0412750244140625 0.0423545837402344 0.0139999389648438
0.0298347473144531 0.00245094299316406 0.0386390686035156 0.0248451232910156
0.0198516845703125 -0.0121269226074219 0.0641670227050781 0.0150527954101563
0.00807571411132813 -0.0188236236572266 0.0696792602539063 -0.0147590637207031
-0.00573348999023438 -0.0240917205810547 0.0581817626953125 -0.0447349548339844
-0.00681877136230468 -0.0240898132324219 0.0438461303710938 -0.0508079528808594
-0.00335121154785156 -0.0216941833496094 0.0325698852539063 -0.0370025634765625
-0.00181961059570313 -0.0319004058837891 0.0269126892089844 -0.0151195526123047
0.0199394226074219 -0.0309982299804688 0.0150470733642578 0.00120449066162109
0.0386772155761719 -0.01153564453125 -0.0150966644287109 0.00197601318359375
0.0416946411132813 0.0145988464355469 -0.0258445739746094 -0.0217514038085937
0.0187950134277344 0.0489883422851563 -0.0064697265625 -0.0653877258300781
-0.0129051208496094 0.0673942565917969 0.0262870788574219 -0.0695419311523438
-0.039581298828125 0.0644187927246094 0.025543212890625 -0.0400123596191406
-0.042388916015625 0.065155029296875 0.0654945373535156 0.0214347839355469
0.00398635864257813 0.0641326904296875 0.0364036560058594 0.0376243591308594
0.0250072479248047 0.0312728881835938 0.0404586791992188 0.0419921875
0.0324745178222656 0.0119514465332031 0.06707763671875 0.0288162231445313
0.0297050476074219 -0.00732612609863281 0.073333740234375 -0.00362396240234375
0.0200290679931641 -0.0276355743408203 0.0634536743164063 -0.0371475219726563
0.0135059356689453 -0.0336990356445313 0.0455665588378906 -0.0405311584472656
0.0140247344970703 -0.0280895233154297 0.0325241088867188 -0.0265750885009766
0.016937255859375 -0.0365257263183594 0.0256271362304688 -0.00353431701660157
0.0357742309570312 -0.0303306579589844 0.0113210678100586 0.0127687454223633
0.0490264892578125 -0.00487899780273438 -0.0197086334228516 0.0135917663574219
0.0477561950683594 0.0233802795410156 -0.0334224700927734 -0.00894546508789062
0.0184707641601563 0.0589523315429688 -0.0209541320800781 -0.0526542663574219
-0.0199966430664063 0.0762863159179688 0.00867080688476563 -0.0509872436523437
-0.0518417358398438 0.0710601806640625 0.00540924072265625 -0.0197296142578125
-0.0629730224609375 0.0589523315429688 0.0432929992675781 0.0486640930175781
-0.0249404907226563 0.072601318359375 0.0203170776367188 0.0639839172363281
0.009918212890625 0.0545654296875 0.0361328125 0.059722900390625
0.0370750427246094 0.0382080078125 0.0635185241699219 0.0423927307128906
0.0456390380859375 0.0099639892578125 0.0683975219726562 0.00735092163085937
0.0430450439453125 -0.023834228515625 0.0605430603027344 -0.0248947143554688
0.0322151184082031 -0.0372085571289063 0.0401382446289063 -0.024993896484375
0.0293312072753906 -0.0310153961181641 0.02752685546875 -0.0105819702148438
0.033203125 -0.0360794067382813 0.0190639495849609 0.00969314575195312
0.0463180541992187 -0.0274238586425781 0.00564765930175782 0.0230331420898438
0.0535697937011719 -0.00040435791015625 -0.0226860046386719 0.0243396759033203
0.0498390197753906 0.0269966125488281 -0.0379142761230469 0.00283432006835937
0.0179252624511719 0.0592422485351563 -0.0297317504882813 -0.0364952087402344
-0.0239486694335938 0.0748519897460938 -0.00319671630859375 -0.0272617340087891
-0.057373046875 0.0686378479003906 -0.0146522521972656 0.00142002105712891
-0.0707778930664063 0.0419845581054688 0.0128135681152344 0.0683059692382812
-0.0463676452636719 0.0659523010253906 -0.0037078857421875 0.085418701171875
-0.00786590576171875 0.0643577575683594 0.024871826171875 0.0745010375976563
0.0303306579589844 0.0570755004882813 0.0518417358398437 0.0511512756347656
0.0494499206542969 0.0247955322265625 0.0552215576171875 0.0169715881347656
0.057952880859375 -0.0138092041015625 0.0480117797851563 -0.0091094970703125
0.0450477600097656 -0.0341720581054688 0.0294208526611328 -0.00732612609863281
0.0393486022949219 -0.028228759765625 0.0174016952514648 0.00543689727783203
0.0426559448242187 -0.0326766967773438 0.0109310150146484 0.0233898162841797
0.051849365234375 -0.0225296020507813 -0.00205612182617187 0.0335788726806641
0.0534133911132813 0.00545883178710938 -0.0259895324707031 0.0318698883056641
0.0451545715332031 0.031280517578125 -0.0367012023925781 0.0114517211914063
0.0112991333007813 0.0553054809570312 -0.0294589996337891 -0.0222263336181641
-0.0271034240722656 0.0652923583984375 -0.0100784301757813 -0.00398540496826171
-0.0595893859863281 0.0557861328125 -0.0334415435791016 0.0217571258544922
-0.0632171630859375 0.017852783203125 -0.0151748657226563 0.080078125
-0.053497314453125 0.0422515869140625 -0.028350830078125 0.0960693359375
-0.0243186950683594 0.0543022155761719 0.0111541748046875 0.0808944702148437
0.0138282775878906 0.059173583984375 0.0343551635742187 0.0544509887695313
0.0404624938964844 0.0355300903320313 0.0362510681152344 0.0205421447753906
0.0582504272460938 -0.00041961669921875 0.0294857025146484 0.00152778625488281
0.0505447387695313 -0.0234489440917969 0.012725830078125 0.00928115844726562
0.0438003540039063 -0.0207138061523438 0.00389480590820313 0.0224056243896484
0.0462379455566406 -0.0231132507324219 -0.000595092773437499 0.0363121032714844
0.052337646484375 -0.0135612487792969 -0.0118560791015625 0.0403327941894531
0.0497932434082031 0.0126113891601563 -0.0301780700683594 0.035369873046875
0.0375633239746094 0.0352897644042969 -0.0369148254394531 0.0135765075683594
0.00042343139648437 0.0511093139648437 -0.0272350311279297 -0.0114498138427734
-0.0365829467773437 0.0485000610351563 -0.0137805938720703 0.0129308700561523
-0.0602951049804688 0.0341224670410156 -0.0506782531738281 0.0354080200195313
-0.0410118103027344 -0.00865554809570313 -0.03680419921875 0.0812149047851563
-0.0459060668945313 0.011199951171875 -0.0451889038085937 0.0961074829101563
-0.0303916931152344 0.0287609100341797 -0.000755310058593759 0.0802993774414063
-0.00585174560546875 0.0445137023925781 0.0211601257324219 0.0510635375976562
0.0214767456054687 0.0362358093261719 0.0198135375976563 0.0190277099609375
0.046600341796875 0.0134124755859375 0.0110940933227539 0.00876331329345703
0.0463943481445313 -0.009979248046875 -0.00341796875 0.0210552215576172
0.0397148132324219 -0.0116424560546875 -0.00839805603027344 0.0347042083740234
0.0446014404296875 -0.0146713256835938 -0.0129051208496094 0.0461235046386719
0.04913330078125 -0.0032806396484375 -0.0246124267578125 0.0449867248535156
0.0424652099609375 0.0188140869140625 -0.0383377075195313 0.0348320007324219
0.0266799926757813 0.0386848449707031 -0.0392303466796875 0.0113334655761719
-0.0124244689941406 0.0457534790039062 -0.026947021484375 -0.00753211975097656
-0.0445899963378906 0.0289230346679688 -0.0218315124511719 0.0216617584228516
-0.0568580627441406 0.00698852539062499 -0.065887451171875 0.0387687683105469
-0.0138874053955078 -0.0342063903808594 -0.0446243286132812 0.0742568969726563
-0.0252151489257813 -0.0202827453613281 -0.0490646362304687 0.0900344848632813
-0.0272102355957031 -0.00281715393066406 -0.00292205810546875 0.07525634765625
-0.0211315155029297 0.0192985534667969 0.0156745910644531 0.0415611267089844
-0.00064277648925781 0.0277214050292969 0.0103244781494141 0.0121660232543945
0.0254650115966797 0.0219230651855469 -0.00431060791015625 0.0100173950195313
0.0345344543457031 0.00620841979980469 -0.0179462432861328 0.0266399383544922
0.0311088562011719 0.000658035278320313 -0.0205039978027344 0.0430221557617188
0.036224365234375 -0.00145721435546875 -0.0252609252929687 0.0525665283203125
0.0396766662597656 0.00603485107421875 -0.0374107360839844 0.0478401184082031
0.03057861328125 0.0228118896484375 -0.0483283996582031 0.0318489074707031
0.0147438049316406 0.0381317138671875 -0.0438957214355469 0.00839233398437501
-0.0238380432128906 0.035491943359375 -0.0300979614257813 -0.00781631469726562
-0.046905517578125 0.00596237182617188 -0.0312328338623047 0.0216388702392578
-0.047027587890625 -0.0211143493652344 -0.08050537109375 0.0328445434570312
0.01361083984375 0.0438003540039063 0.0806884765625 -0.0282745361328125
0.0472640991210938 0.0129623413085938 0.0408592224121094 -0.00860214233398438
0.0276756286621094 -0.0248622894287109 0.0335845947265625 0.0130462646484375
0.00142288208007813 -0.0307254791259766 0.0582199096679688 0.00487899780273437
-0.0144729614257813 -0.0234737396240234 0.063812255859375 -0.0239982604980469
-0.0300884246826172 -0.012939453125 0.049163818359375 -0.0511283874511719
-0.0266590118408203 -0.00771331787109375 0.0359878540039063 -0.0587577819824219
-0.0215892791748047 -0.00980186462402344 0.0279960632324219 -0.0451431274414063
-0.0251007080078125 -0.0202655792236328 0.0252170562744141 -0.0272407531738281
-0.00467872619628906 -0.0306053161621094 0.0163602828979492 -0.0112180709838867
0.0217380523681641 -0.0237369537353516 -0.00865030288696289 -0.00866270065307617
0.0328102111816406 -0.00444602966308594 -0.0151863098144531 -0.0313892364501953
0.02716064453125 0.0296230316162109 0.0083770751953125 -0.072967529296875
0.00960922241210938 0.0521736145019531 0.042266845703125 -0.0858688354492188
-0.0142974853515625 0.0533714294433594 0.0438117980957031 -0.0610923767089844
-0.01318359375 0.0615386962890625 0.0827789306640625 -0.007171630859375
0.0314712524414063 0.0412368774414063 0.0444297790527344 0.00841903686523438
0.0290126800537109 0.000902175903320313 0.0389938354492188 0.024078369140625
0.0183830261230469 -0.0123577117919922 0.06561279296875 0.0150794982910156
0.00663948059082031 -0.0185794830322266 0.0719223022460938 -0.0166854858398437
-0.00790786743164063 -0.0235004425048828 0.0605354309082031 -0.0483512878417969
-0.00774955749511719 -0.0227317810058594 0.0445289611816406 -0.0565185546875
-0.00340461730957031 -0.0215167999267578 0.0342559814453125 -0.0416107177734375
-0.00348472595214844 -0.0315837860107422 0.0292682647705078 -0.0200977325439453
0.0174484252929688 -0.0323238372802734 0.0184116363525391 -0.00174903869628906
0.0387077331542969 -0.0141067504882813 -0.0110645294189453 0.00225067138671875
0.0437240600585938 0.0124015808105469 -0.0228538513183594 -0.0194416046142578
0.0220069885253906 0.0502738952636719 -0.00704193115234374 -0.0651016235351563
-0.00847625732421875 0.0714492797851562 0.0259933471679688 -0.072845458984375
-0.0363883972167969 0.0696907043457031 0.0291786193847656 -0.0441055297851562
-0.0421295166015625 0.0685386657714844 0.0731353759765625 0.0190963745117188
0.00505447387695312 0.0651283264160156 0.0396919250488281 0.0351982116699219
0.024566650390625 0.0317974090576172 0.0418472290039062 0.0403671264648438
0.0335273742675781 0.012298583984375 0.0697784423828125 0.0291213989257812
0.0301284790039063 -0.00789451599121094 0.076171875 -0.00571441650390625
0.0193080902099609 -0.0283317565917969 0.0661544799804688 -0.0404777526855469
0.0128498077392578 -0.0349578857421875 0.0479888916015625 -0.0455513000488281
0.0150260925292969 -0.0299739837646484 0.0343570709228516 -0.030517578125
0.0184173583984375 -0.0384025573730469 0.0274333953857422 -0.00890350341796875
0.0353851318359375 -0.0325965881347656 0.0154523849487305 0.00922870635986328
0.0504035949707031 -0.00661468505859375 -0.0147552490234375 0.0131607055664063
0.0515289306640625 0.0229568481445313 -0.0303955078125 -0.00736808776855469
0.0215339660644531 0.06036376953125 -0.0214958190917969 -0.0523147583007812
-0.0179901123046875 0.0815582275390625 0.00880050659179687 -0.0529975891113281
-0.0510101318359375 0.0770416259765625 0.00864982604980469 -0.0222454071044922
-0.065582275390625 0.0643768310546875 0.0508880615234375 0.0480690002441406
-0.0240402221679688 0.0776290893554688 0.0235710144042969 0.0622978210449219
0.00925827026367188 0.0583076477050781 0.0376930236816406 0.0594902038574219
0.0390510559082031 0.0399856567382813 0.0656471252441406 0.0424957275390625
0.0484771728515625 0.009857177734375 0.07080078125 0.00543212890625
0.0451316833496094 -0.0252265930175781 0.0623970031738281 -0.0277633666992187
0.0327186584472656 -0.0391273498535156 0.043487548828125 -0.0287666320800781
0.0309295654296875 -0.0328845977783203 0.0282821655273438 -0.0144939422607422
0.0345382690429688 -0.0394859313964844 0.0218296051025391 0.00539970397949218
0.0485725402832031 -0.0293388366699219 0.00969314575195313 0.0207366943359375
0.0569038391113281 -0.00159454345703125 -0.0182228088378906 0.02410888671875
0.0535316467285156 0.0268287658691406 -0.0341262817382813 0.0041179656982422
0.0201530456542969 0.0629920959472656 -0.0286598205566406 -0.0365638732910156
-0.0228424072265625 0.081146240234375 -0.00197982788085937 -0.02764892578125
-0.0587997436523437 0.0755157470703125 -0.0119543075561523 0.00162887573242188
-0.0759124755859375 0.0470428466796875 0.0192413330078125 0.07098388671875
-0.0494918823242188 0.071502685546875 0.000297546386718748 0.0860519409179688
-0.00919342041015625 0.0699501037597656 0.0262527465820312 0.0750503540039063
0.0327720642089844 0.0616264343261719 0.0541000366210938 0.0527534484863281
0.053985595703125 0.0265274047851563 0.0565986633300781 0.0161361694335938
0.0600624084472656 -0.0166740417480469 0.0496406555175781 -0.0125389099121094
0.04736328125 -0.0380668640136719 0.0305633544921875 -0.00942420959472657
0.0421104431152344 -0.0311737060546875 0.0184783935546875 0.00382232666015625
0.0455589294433594 -0.0364265441894531 0.0128879547119141 0.0211448669433594
0.0559501647949219 -0.0245361328125 0.00032424926757813 0.0301933288574219
0.0583343505859375 0.00473403930664063 -0.0234279632568359 0.0309925079345703
0.0507621765136719 0.0329475402832031 -0.0348072052001953 0.0113143920898438
0.0137252807617188 0.0607681274414062 -0.0288238525390625 -0.0217475891113281
-0.0293197631835937 0.0715255737304688 -0.00796175003051758 -0.00351428985595703
-0.0631103515625 0.0618095397949219 -0.0309581756591797 0.0219631195068359
-0.071014404296875 0.02105712890625 -0.0128631591796875 0.08447265625
-0.0586090087890625 0.0471649169921875 -0.0248794555664063 0.0988845825195313
-0.0269126892089844 0.0592422485351563 0.0125503540039062 0.0815353393554688
0.0151176452636719 0.063873291015625 0.0367393493652344 0.0555458068847656
0.0453758239746094 0.037445068359375 0.0373382568359375 0.01983642578125
0.0635643005371094 -0.00202560424804688 0.0296077728271484 0.000474929809570312
0.0531349182128906 -0.02838134765625 0.0136852264404297 0.00826644897460937
0.0462226867675781 -0.0252418518066406 0.00566291809082032 0.0196762084960938
0.0506782531738281 -0.0287704467773437 0.000686645507812505 0.0345172882080078
0.0576286315917969 -0.0181045532226563 -0.0106315612792969 0.0393028259277344
0.0548973083496094 0.0121650695800781 -0.0297908782958984 0.0349864959716797
0.0429115295410156 0.0372390747070313 -0.0348834991455078 0.0135078430175781
0.00160598754882812 0.0565872192382812 -0.0261325836181641 -0.0117607116699219
-0.0388298034667969 0.0561714172363281 -0.0124244689941406 0.0141563415527344
-0.0655708312988281 0.0404281616210938 -0.0488700866699219 0.0378684997558594
-0.0492973327636719 -0.00809860229492188 -0.035400390625 0.0872802734375
-0.0517616271972656 0.0144195556640625 -0.0423049926757812 0.100082397460938
-0.0344161987304687 0.0325946807861328 0.0010833740234375 0.0808868408203125
-0.00535202026367187 0.0502166748046875 0.0218238830566406 0.0510978698730469
0.0253753662109375 0.0388145446777344 0.0196056365966797 0.0193023681640625
0.0522346496582031 0.0109939575195312 0.0101718902587891 0.009124755859375
0.0501708984375 -0.0131874084472656 -0.00229644775390625 0.0223331451416016
0.0432777404785156 -0.0150108337402344 -0.00819778442382812 0.0353584289550781
0.0484237670898438 -0.0191993713378906 -0.01263427734375 0.0464019775390625
0.0547218322753906 -0.00722122192382813 -0.0247154235839844 0.045257568359375
0.047637939453125 0.0184173583984375 -0.0380401611328125 0.0346221923828125
0.0325889587402344 0.0409317016601563 -0.0385093688964844 0.0122566223144531
-0.0120162963867187 0.0508155822753906 -0.0258674621582031 -0.00752830505371093
-0.0474433898925781 0.0359649658203125 -0.0191497802734375 0.0238552093505859
-0.0620307922363281 0.0116996765136719 -0.0680198669433594 0.0428733825683594
-0.0199413299560547 -0.0347118377685547 -0.045074462890625 0.0808181762695313
-0.0307292938232422 -0.0195713043212891 -0.0480270385742188 0.0932998657226563
-0.0313167572021484 0.000238418579101558 -0.00171661376953125 0.075225830078125
-0.0213489532470703 0.0250873565673828 0.0146522521972656 0.0422515869140625
0.00307846069335938 0.0315074920654297 0.00820827484130859 0.0131263732910156
0.0317363739013672 0.0208244323730469 -0.00722217559814453 0.0111970901489258
0.0380363464355469 0.002410888671875 -0.0186901092529297 0.0300712585449219
0.0338039398193359 -0.00240516662597656 -0.0202522277832031 0.0441932678222656
0.0398025512695312 -0.00455093383789063 -0.0252532958984375 0.0548133850097656
0.0441055297851563 0.0037994384765625 -0.0384864807128906 0.0485382080078125
0.0360107421875 0.0232009887695312 -0.0489692687988281 0.03253173828125
0.0191802978515625 0.04052734375 -0.0453910827636719 0.00772857666015626
-0.0232391357421875 0.0407371520996094 -0.0286293029785156 -0.00734710693359375
-0.051116943359375 0.0118484497070312 -0.0296688079833984 0.0240268707275391
-0.05291748046875 -0.0181884765625 -0.0833969116210938 0.0380783081054688
0.0181694030761719 0.0434226989746094 0.0846099853515625 -0.034332275390625
0.0506019592285156 0.00771331787109375 0.0419692993164063 -0.0127296447753906
0.025604248046875 -0.0288429260253906 0.0335502624511719 0.0120773315429688
-0.000751495361328124 -0.0329914093017578 0.0600967407226563 0.0041046142578125
-0.0184535980224609 -0.0230674743652344 0.0664787292480469 -0.026275634765625
-0.0341281890869141 -0.0106067657470703 0.0512847900390625 -0.0557708740234375
-0.0284805297851563 -0.00438117980957031 0.0365104675292969 -0.0642814636230469
-0.0231704711914063 -0.00676345825195313 0.0275001525878906 -0.0509262084960937
-0.0283241271972656 -0.0173664093017578 0.0260696411132813 -0.0319385528564453
-0.00864601135253906 -0.0302810668945312 0.0188312530517578 -0.0143661499023438
0.0194168090820313 -0.0287227630615234 -0.00543975830078125 -0.00892066955566406
0.0335807800292969 -0.00890159606933594 -0.0141963958740234 -0.0308971405029297
0.0323295593261719 0.0285148620605469 0.0077972412109375 -0.0745620727539063
0.0165481567382813 0.0547409057617188 0.0404510498046875 -0.0918731689453125
-0.00902175903320313 0.0569190979003906 0.0463523864746094 -0.0674972534179688
-0.0106468200683594 0.0647239685058594 0.0885391235351563 -0.0132904052734375
0.035186767578125 0.0400047302246094 0.0469932556152344 0.00513839721679688
0.0297126770019531 -0.000600814819335937 0.0400962829589844 0.0227890014648438
0.0176582336425781 -0.0139617919921875 0.0690383911132813 0.0142288208007813
0.00558280944824219 -0.0183982849121094 0.0755615234375 -0.0189590454101563
-0.00997543334960938 -0.0220279693603516 0.06280517578125 -0.0540580749511719
-0.00907516479492188 -0.0218353271484375 0.0461654663085938 -0.0627212524414063
-0.00493621826171875 -0.0215206146240234 0.0343399047851563 -0.0483436584472656
-0.00535774230957032 -0.0307178497314453 0.0309543609619141 -0.0259590148925781
0.0158042907714844 -0.0339641571044922 0.0218448638916016 -0.00595474243164063
0.03985595703125 -0.0181655883789063 -0.00730180740356445 0.00058174133300781
0.0460433959960938 0.00997543334960938 -0.0213966369628906 -0.0193386077880859
0.0269622802734375 0.0512428283691406 -0.00773620605468751 -0.0650978088378906
-0.003509521484375 0.0765762329101562 0.0250625610351563 -0.0776214599609375
-0.033538818359375 0.0763015747070313 0.0327873229980469 -0.0494270324707031
-0.0426025390625 0.0750579833984375 0.080078125 0.0156326293945313
0.00753021240234375 0.0682258605957031 0.0440025329589844 0.0316886901855469
0.0246295928955078 0.0333614349365234 0.0430831909179688 0.0403785705566406
0.0349769592285156 0.0125617980957031 0.073944091796875 0.0279617309570312
0.0311832427978516 -0.00732612609863281 0.0804061889648438 -0.0088958740234375
0.0193939208984375 -0.0288219451904297 0.0689888000488281 -0.0463981628417969
0.01312255859375 -0.0358238220214844 0.0490570068359375 -0.0524940490722656
0.0155086517333984 -0.0319900512695313 0.034912109375 -0.0371818542480469
0.0167579650878906 -0.0393905639648438 0.0298614501953125 -0.0146942138671875
0.035400390625 -0.035247802734375 0.0193824768066406 0.00487136840820312
0.0536651611328125 -0.0101165771484375 -0.0114774703979492 0.0120382308959961
0.0558586120605469 0.0207748413085938 -0.0277175903320312 -0.00629615783691406
0.0257492065429688 0.06353759765625 -0.0222740173339844 -0.0516853332519531
-0.0142898559570313 0.0893630981445313 0.00894546508789062 -0.0562362670898438
-0.0496902465820313 0.08563232421875 0.0132160186767578 -0.0253047943115234
-0.0687026977539063 0.0713348388671875 0.058349609375 0.0472908020019531
-0.0239715576171875 0.0837631225585938 0.0291595458984375 0.0619354248046875
0.0116043090820313 0.0634994506835938 0.0397148132324219 0.059600830078125
0.0435142517089844 0.0424728393554688 0.0705108642578125 0.0429153442382813
0.0514259338378906 0.00878143310546875 0.074951171875 0.00386810302734375
0.0468673706054687 -0.0289993286132813 0.0647506713867188 -0.03289794921875
0.0340805053710937 -0.0440483093261719 0.0448150634765625 -0.034088134765625
0.0327873229980469 -0.0368690490722656 0.029449462890625 -0.0196876525878906
0.035675048828125 -0.0434150695800781 0.0238590240478516 0.00116539001464843
0.0504570007324219 -0.034881591796875 0.0126495361328125 0.0160112380981445
0.0619926452636719 -0.004486083984375 -0.0152473449707031 0.0228786468505859
0.0595283508300781 0.0272254943847656 -0.031005859375 0.0054454803466797
0.0241165161132812 0.0671653747558594 -0.0291786193847656 -0.0354156494140625
-0.0203323364257813 0.089569091796875 -0.000984191894531255 -0.030853271484375
-0.0594940185546875 0.0846710205078125 -0.00786828994750977 0.000411510467529302
-0.0824508666992188 0.0542678833007813 0.0262222290039063 0.0733718872070313
-0.0516891479492188 0.079833984375 0.00524139404296875 0.0880126953125
-0.00894165039062499 0.0772323608398437 0.0285110473632812 0.075592041015625
0.0380134582519531 0.06512451171875 0.0569038391113281 0.0530662536621094
0.0600814819335938 0.0265426635742188 0.0598258972167969 0.0141677856445313
0.0650482177734375 -0.0202865600585938 0.0512771606445313 -0.0165443420410156
0.0504074096679688 -0.0429878234863281 0.0323314666748047 -0.0125350952148438
0.0441360473632813 -0.0363426208496094 0.0198135375976563 0.000478744506835935
0.0484733581542969 -0.0421485900878906 0.0133380889892578 0.0176944732666016
0.0588645935058594 -0.0312347412109375 0.00266456604003906 0.0279827117919922
0.0637245178222656 0.00257110595703125 -0.0207786560058594 0.0304946899414062
0.0568428039550781 0.0339126586914063 -0.0333290100097656 0.0118770599365234
0.0164985656738281 0.0656890869140625 -0.0286884307861328 -0.0215206146240234
-0.028594970703125 0.0810546875 -0.00585699081420899 -0.00472497940063476
-0.0655593872070312 0.0717086791992188 -0.0289134979248047 0.0244064331054688
-0.077392578125 0.0272674560546875 -0.00743103027343751 0.0899276733398437
-0.0635147094726563 0.0555229187011719 -0.0212554931640625 0.102691650390625
-0.0275459289550781 0.0683212280273438 0.0148468017578125 0.0831146240234375
0.0208053588867188 0.0710906982421875 0.0395965576171875 0.0567893981933594
0.0515365600585938 0.0397300720214844 0.0385665893554688 0.0201797485351563
0.06884765625 -0.0059051513671875 0.0309810638427734 -0.00126075744628906
0.0559921264648438 -0.0341911315917969 0.0144691467285156 0.00789451599121094
0.0490074157714844 -0.0313148498535156 0.00604438781738282 0.0207424163818359
0.0536422729492188 -0.0355148315429688 0.00194549560546875 0.0344047546386719
0.0619544982910156 -0.0228614807128906 -0.00980377197265625 0.0389251708984375
0.0615577697753906 0.0101776123046875 -0.0281734466552734 0.0338859558105469
0.0489921569824219 0.0385246276855469 -0.0346565246582031 0.0135936737060547
0.00379562377929688 0.0634536743164063 -0.0267257690429688 -0.0118026733398438
-0.0395469665527344 0.0643234252929687 -0.0099172592163086 0.0145740509033203
-0.069366455078125 0.04827880859375 -0.0487937927246094 0.041473388671875
-0.0562858581542969 -0.00505065917968751 -0.0325393676757813 0.09442138671875
-0.0579681396484375 0.0202484130859375 -0.0403518676757812 0.106857299804688
-0.0366020202636719 0.0396385192871094 0.00228881835937499 0.082794189453125
-0.00251388549804687 0.056884765625 0.0231857299804688 0.0524787902832031
0.0314292907714844 0.0417594909667969 0.0197811126708984 0.0196971893310547
0.0578422546386719 0.00763320922851563 0.0104541778564453 0.00892066955566406
0.0538406372070313 -0.0191764831542969 -0.00276565551757812 0.0234603881835938
0.0460624694824219 -0.0205154418945313 -0.00695037841796875 0.036956787109375
0.0520515441894531 -0.0244369506835937 -0.0116691589355469 0.0483131408691406
0.0589866638183594 -0.0123252868652344 -0.024017333984375 0.0468063354492188
0.0542373657226563 0.0167694091796875 -0.0381278991699219 0.0350456237792969
0.0387763977050781 0.0433998107910156 -0.0384445190429688 0.0122108459472656
-0.00951004028320313 0.0568161010742187 -0.0259571075439453 -0.00768089294433593
-0.0503463745117188 0.0439567565917969 -0.0175285339355469 0.0255661010742188
-0.0678596496582031 0.0180511474609375 -0.0688819885253906 0.048126220703125
-0.0259838104248047 -0.0348358154296875 -0.0447540283203125 0.0881729125976563
-0.0382575988769531 -0.0174751281738281 -0.0468673706054688 0.100875854492188
-0.0345897674560547 0.00397491455078125 0.000427246093749993 0.076019287109375
-0.0208034515380859 0.0308723449707031 0.0143928527832031 0.0428466796875
0.006622314453125 0.0343036651611328 0.00647068023681641 0.0143280029296875
0.0364112854003906 0.019287109375 -0.00740242004394531 0.0128612518310547
0.042022705078125 -0.00178909301757813 -0.0189476013183594 0.0339679718017578
0.0369186401367188 -0.00637435913085938 -0.0193519592285156 0.0489006042480469
0.0426712036132813 -0.0102272033691406 -0.0249710083007812 0.0584487915039062
0.047271728515625 -0.00054168701171875 -0.0399017333984375 0.0520858764648438
0.0413093566894531 0.0217018127441406 -0.0500450134277344 0.0349655151367188
0.0244140625 0.0416183471679688 -0.0463981628417969 0.008148193359375
-0.0218238830566406 0.0456657409667969 -0.0289974212646484 -0.00766372680664063
-0.0547637939453125 0.0180816650390625 -0.0290813446044922 0.0279006958007813
-0.0590286254882813 -0.0141029357910156 -0.08746337890625 0.0435943603515625
0.0227279663085937 0.04351806640625 0.0875701904296875 -0.0443878173828125
0.053070068359375 0.00201416015625 0.0418205261230469 -0.0185775756835938
0.0244255065917969 -0.0330829620361328 0.0337142944335937 0.0110340118408203
-0.00516891479492187 -0.0345706939697266 0.0639686584472656 0.001739501953125
-0.0220890045166016 -0.0209178924560547 0.0687599182128906 -0.0322647094726563
-0.0371627807617188 -0.00644302368164062 0.0514488220214844 -0.0620307922363281
-0.0278911590576172 -0.000219345092773438 0.034393310546875 -0.0724334716796875
-0.0257587432861328 -0.00439643859863281 0.0256423950195313 -0.0569801330566406
-0.0310306549072266 -0.0132122039794922 0.0253257751464844 -0.0389213562011719
-0.0135002136230469 -0.029876708984375 0.0208873748779297 -0.0189266204833984
0.0155773162841797 -0.0331249237060547 -0.00264930725097656 -0.0103111267089844
0.0338134765625 -0.0123672485351563 -0.012481689453125 -0.0307655334472656
0.0379638671875 0.026275634765625 0.00489044189453125 -0.0762786865234375
0.024261474609375 0.05462646484375 0.0370559692382813 -0.098602294921875
-0.00181198120117187 0.0603103637695313 0.0466232299804688 -0.0762710571289062
-0.00762176513671876 0.0669212341308594 0.093109130859375 -0.0221099853515625
0.0396041870117188 0.0382881164550781 0.0480690002441406 -0.000316619873046873
0.0295467376708984 -0.00159072875976562 0.0425262451171875 0.0224456787109375
0.0178394317626953 -0.0166358947753906 0.0739974975585938 0.01171875
0.00382614135742187 -0.0184726715087891 0.0801467895507813 -0.0248794555664063
-0.0117568969726562 -0.0206222534179688 0.0643844604492188 -0.0604019165039063
-0.00971221923828125 -0.0213813781738281 0.0449371337890625 -0.0716552734375
-0.00628471374511719 -0.0200748443603516 0.0312309265136719 -0.054931640625
-0.00757026672363282 -0.0297889709472656 0.0305366516113281 -0.0335464477539063
0.0118789672851563 -0.0350914001464844 0.0249404907226562 -0.0117721557617188
0.0383682250976563 -0.021942138671875 -0.00377130508422851 -0.000275135040283205
0.0484085083007813 0.00557708740234375 -0.0181007385253906 -0.018890380859375
0.0325241088867188 0.0517654418945313 -0.0120201110839844 -0.0662994384765625
0.00379180908203124 0.0808486938476563 0.0224609375 -0.0833663940429687
-0.0283126831054687 0.0825424194335938 0.0332870483398438 -0.0566940307617188
-0.0409927368164063 0.0826263427734375 0.086822509765625 0.00932312011718751
0.0113067626953125 0.0705337524414063 0.0483856201171875 0.0275802612304688
0.0266513824462891 0.0343513488769531 0.0466766357421875 0.0381507873535156
0.0378532409667969 0.0124092102050781 0.0797271728515625 0.0254898071289063
0.0318088531494141 -0.00851821899414063 0.0839462280273438 -0.015411376953125
0.0177421569824219 -0.0314960479736328 0.0696640014648438 -0.0545768737792969
0.0108222961425781 -0.0388412475585938 0.0473976135253906 -0.0611305236816406
0.0151233673095703 -0.0342597961425781 0.0344581604003906 -0.045257568359375
0.0159759521484375 -0.0419769287109375 0.0312576293945313 -0.0203418731689453
0.0348701477050781 -0.0394706726074219 0.0220584869384766 -0.0013885498046875
0.0557899475097656 -0.0145301818847656 -0.0067605972290039 0.0107717514038086
0.0612144470214844 0.0177841186523438 -0.0249557495117187 -0.00564193725585938
0.0326766967773438 0.0657386779785156 -0.0247535705566406 -0.0516128540039062
-0.00742340087890625 0.0961990356445313 0.00784683227539063 -0.0605010986328125
-0.0452728271484375 0.09576416015625 0.0153770446777344 -0.0302181243896484
-0.0697555541992188 0.08111572265625 0.0674324035644531 0.0445175170898438
-0.0206298828125 0.09088134765625 0.0352249145507813 0.0601425170898438
0.0151138305664063 0.0682716369628906 0.0446243286132813 0.0581436157226563
0.0501480102539063 0.0436592102050781 0.0753936767578125 0.0402450561523438
0.0546989440917969 0.0074920654296875 0.0772857666015625 -0.00032806396484375
0.0490036010742188 -0.032073974609375 0.065643310546875 -0.0404586791992188
0.0330123901367188 -0.0495109558105469 0.0441551208496094 -0.0422439575195313
0.0327568054199219 -0.0430488586425781 0.029510498046875 -0.02618408203125
0.0358314514160156 -0.050079345703125 0.0257530212402344 -0.00551033020019532
0.0497398376464844 -0.0407829284667969 0.0146198272705078 0.0113983154296875
0.06634521484375 -0.00926971435546875 -0.01141357421875 0.0210361480712891
0.0667495727539063 0.0246505737304688 -0.0301876068115234 0.00534439086914063
0.0312423706054688 0.0716400146484375 -0.0316314697265625 -0.0356178283691406
-0.0148162841796875 0.0980072021484375 -0.000650405883789064 -0.0327701568603516
-0.0553054809570312 0.0943832397460938 -0.00591564178466797 -0.0015568733215332
-0.0854110717773438 0.06500244140625 0.03564453125 0.0744552612304688
-0.0504531860351562 0.089752197265625 0.0115280151367187 0.0903701782226563
-0.00521087646484375 0.0846786499023438 0.0328140258789063 0.0763626098632813
0.0459976196289063 0.0699844360351563 0.0624313354492187 0.053192138671875
0.0639801025390625 0.0246543884277344 0.06341552734375 0.0118255615234375
0.0692138671875 -0.0254974365234375 0.0531196594238281 -0.0205039978027344
0.050079345703125 -0.0500946044921875 0.0335960388183594 -0.0168094635009766
0.044464111328125 -0.0434341430664063 0.0197792053222656 -0.00305747985839844
0.0501441955566406 -0.0493888854980469 0.0159702301025391 0.0147323608398437
0.0615386962890625 -0.0380439758300781 0.0057220458984375 0.0262317657470703
0.0691413879394531 -0.00212860107421875 -0.0167236328125 0.0303745269775391
0.0643424987792969 0.0308876037597656 -0.0307865142822266 0.0118961334228516
0.0221786499023438 0.0721359252929688 -0.0295295715332031 -0.0203399658203125
-0.0258941650390625 0.0903396606445313 -0.00413990020751953 -0.00525093078613281
-0.0659103393554688 0.0816726684570312 -0.0260868072509766 0.0263786315917969
-0.0840225219726562 0.036041259765625 -0.000366210937500003 0.0966415405273438
-0.0637245178222656 0.0668067932128906 -0.0139236450195312 0.10882568359375
-0.027587890625 0.0782394409179688 0.0189743041992188 0.0850601196289063
0.0269088745117188 0.0745315551757812 0.0445938110351563 0.0563163757324219
0.0602264404296875 0.039764404296875 0.0416908264160156 0.0192337036132813
0.0759201049804688 -0.0120468139648438 0.0321788787841797 -0.00340080261230469
0.0582046508789063 -0.04254150390625 0.0166034698486328 0.00622177124023437
0.0505332946777344 -0.0384483337402344 0.00732040405273438 0.0195255279541016
0.0542259216308594 -0.0449066162109375 0.00283622741699219 0.0335750579833984
0.0666046142578125 -0.0311279296875 -0.00780868530273437 0.0385208129882813
0.0694007873535156 0.00551986694335938 -0.0263023376464844 0.0370140075683594
0.0586128234863281 0.039306640625 -0.03271484375 0.0138378143310547
0.00917816162109375 0.0694160461425781 -0.0272789001464844 -0.012176513671875
-0.038787841796875 0.0742568969726562 -0.00630855560302735 0.0150814056396484
-0.0718994140625 0.0586090087890625 -0.0465164184570313 0.0465431213378906
-0.0638504028320313 0.000934600830078112 -0.0271148681640625 0.102752685546875
-0.0624313354492188 0.0294532775878906 -0.0343780517578125 0.1141357421875
-0.0379295349121094 0.0472640991210938 0.00710296630859376 0.083648681640625
0.00308609008789062 0.0636024475097656 0.0252227783203125 0.0526046752929688
0.0391311645507813 0.0419960021972656 0.0197849273681641 0.0203018188476563
0.0638923645019531 0.0020599365234375 0.0097951889038086 0.00937175750732422
0.0553512573242188 -0.0278282165527344 0.000389099121093754 0.0257396697998047
0.0489349365234375 -0.02716064453125 -0.00527191162109375 0.0396308898925781
0.0543098449707031 -0.0318870544433594 -0.008758544921875 0.0493354797363281
0.06268310546875 -0.0189132690429688 -0.0223007202148438 0.0477714538574219
0.0613594055175781 0.0126495361328125 -0.037872314453125 0.0382308959960937
0.0463218688964844 0.0438117980957031 -0.0386123657226562 0.0134506225585938
-0.00592803955078125 0.0626907348632813 -0.0256156921386719 -0.00683784484863281
-0.0502471923828125 0.0532073974609375 -0.0148696899414063 0.0280513763427734
-0.072174072265625 0.0279922485351562 -0.0686607360839844 0.0548095703125
-0.0342731475830078 -0.0349216461181641 -0.0427627563476563 0.0980300903320313
-0.045654296875 -0.0123100280761719 -0.041778564453125 0.110343933105469
-0.0389747619628906 0.00936126708984374 0.00335693359375001 0.0799484252929688
-0.0177421569824219 0.0377349853515625 0.0140457153320312 0.0443649291992188
0.0128746032714844 0.0364265441894531 0.00572395324707031 0.0149335861206055
0.0429916381835938 0.0153007507324219 -0.0102272033691406 0.0153074264526367
0.0450859069824219 -0.00714874267578125 -0.0179023742675781 0.0377693176269531
0.0375213623046875 -0.0113067626953125 -0.0165367126464844 0.0532455444335938
0.0456314086914063 -0.0156211853027344 -0.0227394104003906 0.0634956359863281
0.0504570007324219 -0.0063934326171875 -0.0385322570800781 0.0564117431640625
0.0460968017578125 0.0191764831542969 -0.0519943237304688 0.037017822265625
0.0306739807128906 0.0422630310058594 -0.047393798828125 0.00992584228515625
-0.0187263488769531 0.0513725280761719 -0.0301132202148438 -0.00629043579101562
-0.0565338134765625 0.0261116027832031 -0.0279121398925781 0.0313167572021484
-0.06475830078125 -0.00730133056640624 -0.0901260375976563 0.0546722412109375
0.0282363891601563 0.0385398864746094 0.0881729125976563 -0.0539169311523438
0.0500297546386719 -0.00244140625 0.0363960266113281 -0.0226974487304688
0.0191574096679688 -0.0368576049804688 0.0355072021484375 0.00891876220703125
-0.0124855041503906 -0.0350227355957031 0.0640335083007813 -0.0043182373046875
-0.0242958068847656 -0.0170688629150391 0.0681877136230469 -0.0376243591308594
-0.0384483337402344 -0.000129699707031251 0.0508079528808594 -0.0677719116210938
-0.0296268463134766 0.00255203247070313 0.0294723510742188 -0.07830810546875
-0.0249996185302734 -0.00165748596191407 0.0207748413085937 -0.0629920959472656
-0.0332717895507813 -0.00913619995117188 0.0209197998046875 -0.0452041625976563
-0.0201339721679688 -0.0279712677001953 0.0218334197998047 -0.0250892639160156
0.0107994079589844 -0.0360832214355469 -0.00163173675537109 -0.0126190185546875
0.03289794921875 -0.0198211669921875 -0.0143222808837891 -0.0323085784912109
0.0440711975097656 0.01947021484375 -0.000480651855468739 -0.0751876831054688
0.0305709838867188 0.052642822265625 0.0295257568359375 -0.104774475097656
0.00600051879882812 0.0612564086914063 0.040252685546875 -0.0850677490234375
-0.000526428222656252 0.0684928894042969 0.0943603515625 -0.0328903198242187
0.0406990051269531 0.0344619750976563 0.0492668151855469 -0.00612640380859375
0.0288009643554688 -0.00509262084960938 0.0441169738769531 0.0205001831054688
0.0153894424438477 -0.0162315368652344 0.075592041015625 0.00496673583984375
-4.95910644531264E-05 -0.0179882049560547 0.0812454223632812 -0.0321273803710937
-0.0122318267822266 -0.0181522369384766 0.0601959228515625 -0.0692977905273438
-0.0123252868652344 -0.0177707672119141 0.036163330078125 -0.0794219970703125
-0.00858879089355469 -0.0203647613525391 0.0269126892089844 -0.0609359741210938
-0.0132904052734375 -0.0298519134521484 0.0286521911621094 -0.040435791015625
0.00856399536132812 -0.03546142578125 0.0250015258789063 -0.0173683166503906
0.0359573364257813 -0.026214599609375 -0.00185680389404297 -0.00511789321899414
0.0517120361328125 0.000499725341796875 -0.0178699493408203 -0.01885986328125
0.0382957458496094 0.0469474792480469 -0.0146598815917969 -0.0654754638671875
0.0140914916992187 0.0821075439453125 0.0174636840820313 -0.0881729125976563
-0.0213699340820312 0.0869293212890625 0.0317268371582031 -0.0623245239257813
-0.0348968505859375 0.0887908935546875 0.0938568115234375 -0.00102233886718749
0.0163726806640625 0.0719528198242188 0.0483818054199219 0.0201225280761719
0.0309410095214844 0.0345783233642578 0.0473709106445313 0.0337295532226562
0.0381393432617188 0.00967025756835938 0.0824356079101563 0.0164871215820313
0.0331363677978516 -0.0125637054443359 0.087432861328125 -0.0230255126953125
0.0165691375732422 -0.0324897766113281 0.0629959106445313 -0.0639533996582031
0.00956344604492188 -0.0398750305175781 0.0447921752929688 -0.0675811767578125
0.0128250122070313 -0.0362014770507813 0.0305862426757813 -0.0503578186035156
0.0115165710449219 -0.0443801879882813 0.02972412109375 -0.0273361206054688
0.0317268371582031 -0.0422744750976562 0.0248813629150391 -0.00701332092285157
0.0549468994140625 -0.0193138122558594 -0.00609254837036132 0.00843429565429687
0.0651435852050781 0.0135421752929688 -0.0226306915283203 -0.00762748718261719
0.0387344360351562 0.0629692077636719 -0.0256881713867188 -0.0518531799316406
0.00221252441406249 0.10052490234375 0.00447082519531251 -0.0642852783203125
-0.0381317138671875 0.102081298828125 0.0162506103515625 -0.0357131958007812
-0.0643463134765625 0.0940170288085938 0.0734405517578125 0.0374908447265625
-0.0133743286132812 0.09832763671875 0.0423011779785156 0.0537223815917969
0.0176811218261719 0.0694046020507813 0.0469779968261719 0.0541229248046875
0.0557212829589844 0.041778564453125 0.081207275390625 0.0368576049804688
0.0592803955078125 0.0029296875 0.0829086303710937 -0.00699615478515625
0.047271728515625 -0.0380058288574219 0.062652587890625 -0.0469398498535156
0.02874755859375 -0.0545501708984375 0.0418167114257813 -0.0484657287597656
0.0296707153320313 -0.0489959716796875 0.0270881652832031 -0.0303630828857422
0.0293617248535156 -0.0547981262207031 0.0223636627197266 -0.0125656127929688
0.0485763549804688 -0.0483169555664063 0.0169830322265625 0.00777244567871093
0.067962646484375 -0.0162429809570313 -0.00822067260742187 0.0203914642333984
0.07220458984375 0.0204010009765625 -0.0255622863769531 0.00448989868164062
0.0393562316894531 0.0696220397949219 -0.0298881530761719 -0.0355567932128906
-0.00781249999999999 0.104660034179687 0.000406265258789061 -0.0342826843261719
-0.0486831665039063 0.10552978515625 -0.00219297409057617 -0.00376534461975097
-0.0831680297851562 0.0754852294921875 0.0466156005859375 0.0706939697265625
-0.0433578491210938 0.0987091064453125 0.0194015502929688 0.0874557495117188
-6.10351562500012E-05 0.0902328491210938 0.0376663208007813 0.0706558227539063
0.0543594360351563 0.0664291381835938 0.0717697143554688 0.04827880859375
0.0743865966796875 0.021728515625 0.06939697265625 0.00684356689453125
0.0681266784667969 -0.0342445373535156 0.0512886047363281 -0.0288734436035156
0.04608154296875 -0.0576896667480469 0.0330219268798828 -0.0206394195556641
0.0428352355957031 -0.0537643432617187 0.0173444747924805 -0.00630855560302735
0.0438613891601563 -0.05816650390625 0.0148677825927734 0.0117778778076172
0.0628433227539063 -0.0490646362304687 0.00765609741210938 0.0251369476318359
0.0744781494140625 -0.0095977783203125 -0.0128097534179687 0.0290813446044922
0.0724105834960938 0.0259170532226563 -0.0306358337402344 0.0134983062744141
0.02996826171875 0.0768661499023438 -0.0280933380126953 -0.0198955535888672
-0.015838623046875 0.0985183715820313 -0.00486660003662109 -0.00766658782958984
-0.0606613159179688 0.0917739868164063 -0.0187759399414063 0.0257587432861328
-0.080780029296875 0.0496292114257813 0.0105438232421875 0.0947723388671875
-0.0626983642578125 0.0756759643554688 -0.00740051269531251 0.106681823730469
-0.021026611328125 0.085723876953125 0.0229110717773438 0.0837249755859375
0.0350418090820313 0.0732955932617188 0.0482978820800781 0.0533828735351563
0.0688667297363281 0.036041259765625 0.0434226989746094 0.0156059265136719
0.0754776000976563 -0.0234756469726562 0.030609130859375 -0.00892448425292969
0.0546836853027344 -0.0486373901367188 0.0167703628540039 0.00157928466796875
0.048370361328125 -0.0467910766601562 0.0107498168945313 0.0195636749267578
0.0500946044921875 -0.0512123107910156 0.00407218933105469 0.0313072204589844
0.0650634765625 -0.0397872924804687 -0.00702476501464843 0.0350322723388672
0.075714111328125 -0.00174713134765625 -0.0251197814941406 0.0376243591308594
0.0668411254882812 0.0342369079589844 -0.0313568115234375 0.0128345489501953
0.0164108276367188 0.0725631713867188 -0.0293560028076172 -0.0136241912841797
-0.03448486328125 0.0873794555664063 -0.00257587432861328 0.0116548538208008
-0.0671539306640625 0.0710372924804688 -0.0408363342285156 0.04754638671875
-0.0682029724121094 0.00975799560546875 -0.0198135375976562 0.107658386230469
-0.0643806457519531 0.0373344421386719 -0.0246200561523438 0.118522644042969
-0.0348396301269531 0.0556182861328125 0.0105209350585937 0.0849761962890625
0.00973892211914063 0.0668220520019531 0.0281524658203125 0.0539627075195313
0.0470619201660156 0.0367355346679688 0.0199069976806641 0.0197887420654297
0.0689315795898438 -0.00606155395507812 0.0108375549316406 0.0107126235961914
0.0553703308105469 -0.0360107421875 -0.00103187561035156 0.0278911590576172
0.047607421875 -0.0357017517089844 -0.003662109375 0.0401725769042969
0.05169677734375 -0.0428085327148438 -0.00713729858398438 0.0516510009765625
0.0629920959472656 -0.0312271118164063 -0.0213966369628906 0.0508460998535156
0.067901611328125 0.00813674926757813 -0.0360832214355469 0.0390739440917969
0.0537986755371094 0.0388031005859375 -0.037689208984375 0.0136566162109375
0.00241851806640625 0.0669288635253906 -0.0248775482177734 -0.00791358947753906
-0.0458755493164063 0.0606727600097656 -0.0124454498291016 0.0284442901611328
-0.0738983154296875 0.0361404418945312 -0.0648231506347656 0.0628814697265625
-0.0391273498535156 -0.0304946899414062 -0.0334548950195312 0.102981567382812
-0.0482559204101562 -0.00669097900390625 -0.0333328247070313 0.113204956054688
-0.0412864685058594 0.0158042907714844 0.0066680908203125 0.0788345336914063
-0.0162162780761719 0.0424880981445313 0.0180244445800781 0.0460472106933594
0.0174789428710938 0.0391273498535156 0.00333404541015625 0.0168266296386719
0.0465621948242188 0.00937271118164063 -0.00774002075195312 0.0182399749755859
0.0437545776367188 -0.0149116516113281 -0.0122413635253906 0.043975830078125
0.0378074645996094 -0.0169258117675781 -0.0121231079101562 0.0581283569335938
0.0480079650878906 -0.02392578125 -0.0172195434570312 0.0646247863769531
0.0509605407714844 -0.0146942138671875 -0.0358772277832031 0.0584602355957031
0.0513076782226563 0.0110855102539063 -0.05224609375 0.0408706665039063
0.0366897583007813 0.040802001953125 -0.0499420166015625 0.00891876220703126
-0.0125465393066406 0.0545425415039063 -0.0316867828369141 -0.00698280334472655
-0.0568084716796875 0.0369415283203125 -0.0207710266113281 0.0364990234375
-0.0683059692382813 -0.00228881835937499 -0.0880203247070313 0.060394287109375
0.031036376953125 0.0373573303222656 0.0823211669921875 -0.0618057250976563
0.05181884765625 -0.0104713439941406 0.0345115661621094 -0.0269336700439453
0.0153312683105469 -0.0385360717773438 0.0327873229980469 0.00897598266601562
-0.0139446258544922 -0.032318115234375 0.0627288818359375 -0.00538253784179688
-0.0278968811035156 -0.0166549682617188 0.0659599304199219 -0.0418624877929688
-0.0382118225097656 0.00452041625976562 0.0444183349609375 -0.0714492797851563
-0.0296363830566406 0.00654029846191406 0.0226669311523437 -0.0814666748046875
-0.0252532958984375 0.00270652770996094 0.015380859375 -0.0656166076660156
-0.0339546203613281 -0.00395584106445312 0.0172920227050781 -0.0478248596191406
-0.0222568511962891 -0.0250282287597656 0.018218994140625 -0.0296115875244141
0.00613784790039063 -0.0347423553466797 0.000705718994140624 -0.015873908996582
0.0283260345458984 -0.0220012664794922 -0.0123405456542969 -0.0310077667236328
0.0436553955078125 0.0142478942871094 -0.00432586669921875 -0.0751571655273438
0.0387763977050781 0.0462226867675781 0.0213394165039062 -0.105049133300781
0.0130844116210937 0.0589218139648437 0.036895751953125 -0.0904617309570313
0.00450897216796875 0.0697898864746094 0.0917510986328125 -0.041473388671875
0.0429420471191406 0.0290107727050781 0.0442237854003906 -0.0116653442382812
0.0272941589355469 -0.00570487976074219 0.0417594909667969 0.0171470642089844
0.012324333190918 -0.0165863037109375 0.0755462646484375 0.00209808349609375
0.000711441040039062 -0.0179767608642578 0.0779037475585938 -0.0378036499023438
-0.0141191482543945 -0.0149593353271484 0.0548629760742188 -0.073638916015625
-0.0133323669433594 -0.0174503326416016 0.0314178466796875 -0.0825271606445313
-0.00763893127441406 -0.0192165374755859 0.0210189819335938 -0.0646514892578125
-0.0131454467773437 -0.0264320373535156 0.0226821899414062 -0.0447006225585938
0.00475311279296875 -0.035552978515625 0.0227375030517578 -0.0228424072265625
0.0331249237060547 -0.0289478302001953 0.001220703125 -0.0070796012878418
0.0485382080078125 -0.00321578979492188 -0.0163688659667969 -0.0192546844482422
0.04229736328125 0.0434417724609375 -0.0167427062988281 -0.0626068115234375
0.0211181640625 0.078857421875 0.0104751586914062 -0.087799072265625
-0.010009765625 0.0872955322265625 0.0278129577636719 -0.068267822265625
-0.0279159545898437 0.0910568237304688 0.0921630859375 -0.00977325439453124
0.0221824645996094 0.0692787170410156 0.0496406555175781 0.0143585205078125
0.0322074890136719 0.0315704345703125 0.0481185913085937 0.0324554443359375
0.0391883850097656 0.00829696655273438 0.0827560424804688 0.0140609741210938
0.0316047668457031 -0.0135059356689453 0.0823593139648438 -0.027740478515625
0.0146083831787109 -0.0322418212890625 0.0601654052734375 -0.0678863525390625
0.0065460205078125 -0.040924072265625 0.0363082885742188 -0.0741119384765625
0.00945663452148438 -0.0387420654296875 0.0239448547363281 -0.0538444519042969
0.00873565673828125 -0.0459175109863281 0.0244693756103516 -0.0324764251708984
0.027496337890625 -0.0450057983398438 0.0219459533691406 -0.0130653381347656
0.0533180236816406 -0.0261764526367187 -0.00181484222412109 0.00476694107055664
0.0639266967773438 0.00725936889648438 -0.0192356109619141 -0.00686264038085937
0.0447921752929688 0.0604476928710938 -0.0276908874511719 -0.0478248596191406
0.0119705200195313 0.0997467041015625 0.000770568847656247 -0.0634269714355469
-0.0275192260742188 0.106498718261719 0.0141067504882812 -0.0392837524414062
-0.0577850341796875 0.0981597900390625 0.07635498046875 0.0286407470703125
-0.00549316406250001 0.099090576171875 0.0431594848632813 0.0489387512207031
0.0259780883789063 0.07061767578125 0.0482521057128906 0.0515899658203125
0.0593070983886719 0.0377006530761719 0.08203125 0.0307540893554688
0.0603981018066406 -0.00174713134765625 0.079193115234375 -0.0134735107421875
0.0425834655761719 -0.0416908264160156 0.0590057373046875 -0.0517005920410156
0.0260505676269531 -0.0561676025390625 0.0361366271972656 -0.0544471740722656
0.027435302734375 -0.0518150329589844 0.0218563079833984 -0.034912109375
0.0280952453613281 -0.0591163635253906 0.0205821990966797 -0.0151710510253906
0.0454635620117188 -0.0525016784667969 0.0159091949462891 0.00257396697998047
0.0677146911621094 -0.0228385925292969 -0.00586223602294922 0.014531135559082
0.0740127563476562 0.0134963989257812 -0.0231113433837891 0.00516891479492187
0.0445747375488281 0.0686378479003906 -0.0304031372070313 -0.0311813354492187
0.00229644775390626 0.106536865234375 -0.00374221801757812 -0.0361595153808594
-0.0400466918945313 0.108650207519531 -0.000988006591796877 -0.00696897506713866
-0.0785140991210938 0.0862197875976562 0.0519676208496094 0.0654067993164063
-0.0364151000976563 0.105178833007813 0.0255355834960937 0.0823745727539063
0.00724029541015625 0.0924911499023438 0.0408134460449219 0.069000244140625
0.0615501403808594 0.0637016296386719 0.0687637329101563 0.0448341369628906
0.0752105712890625 0.0149002075195313 0.0647697448730469 0.00283050537109375
0.0664787292480469 -0.0400009155273438 0.0483360290527344 -0.031005859375
0.0426559448242188 -0.0624580383300781 0.0298690795898438 -0.0256252288818359
0.0387115478515625 -0.0561027526855469 0.0185394287109375 -0.00875663757324219
0.0416717529296875 -0.0638198852539063 0.0151119232177734 0.00694561004638672
0.0575485229492188 -0.0539894104003906 0.00756072998046875 0.0180873870849609
0.0743179321289063 -0.0186843872070313 -0.0134868621826172 0.0268917083740234
0.0741195678710938 0.0206375122070313 -0.0250110626220703 0.0119266510009766
0.0372314453125 0.0718841552734375 -0.0301475524902344 -0.0184421539306641
-0.00751495361328125 0.101753234863281 -0.00201225280761719 -0.00869560241699218
-0.0511093139648438 0.0990371704101563 -0.0187339782714844 0.024892807006836
-0.0830307006835937 0.0555267333984375 0.0198211669921875 0.092437744140625
-0.0577774047851563 0.0840606689453125 0.00295257568359376 0.106025695800781
-0.0160980224609375 0.0890731811523438 0.0281143188476563 0.0791473388671875
0.0447540283203125 0.0746383666992188 0.0497398376464844 0.0524635314941406
0.0725936889648438 0.0282516479492187 0.0428047180175781 0.0145797729492188
0.0737762451171875 -0.0294189453125 0.02978515625 -0.00834846496582031
0.0509185791015625 -0.0565834045410156 0.0165796279907227 0.00156402587890625
0.0444908142089844 -0.0520439147949219 0.0102691650390625 0.0183525085449219
0.0476264953613281 -0.0588226318359375 0.00592994689941407 0.0295429229736328
0.0627098083496094 -0.0475845336914063 -0.00392150878906249 0.0346240997314453
0.0743865966796875 -0.0107345581054688 -0.0218982696533203 0.0349750518798828
0.0698280334472656 0.0286788940429687 -0.0295238494873047 0.0150394439697266
0.024749755859375 0.0723342895507813 -0.0274906158447266 -0.0100307464599609
-0.02459716796875 0.0905838012695313 -0.0015869140625 0.0138063430786133
-0.0610427856445313 0.0769500732421875 -0.0375480651855469 0.0506553649902344
-0.0688247680664062 0.0168418884277344 -0.009521484375 0.108573913574219
-0.0619163513183594 0.0452499389648438 -0.0163726806640625 0.117164611816406
-0.0327339172363281 0.0620880126953125 0.0165634155273437 0.0805816650390625
0.017852783203125 0.0674629211425781 0.031280517578125 0.0502243041992188
0.0507774353027344 0.0365943908691406 0.0216693878173828 0.0202674865722656
0.0664749145507813 -0.0132064819335938 0.0098562240600586 0.0103569030761719
0.0516853332519531 -0.0419197082519531 0.00329017639160157 0.0265998840332031
0.044708251953125 -0.0397872924804688 0.000770568847656249 0.0403289794921875
0.0489311218261719 -0.048187255859375 -0.00342941284179687 0.0513877868652344
0.0600967407226563 -0.0363998413085938 -0.0173301696777344 0.0494270324707031
0.0672492980957031 -0.00124740600585938 -0.035430908203125 0.0388832092285156
0.0581092834472656 0.0346183776855469 -0.0362930297851562 0.0154190063476563
0.00859069824218749 0.0686378479003906 -0.0258541107177734 -0.00636863708496093
-0.0397148132324219 0.0690574645996094 -0.00778007507324219 0.0284862518310547
-0.0681648254394531 0.045135498046875 -0.060150146484375 0.064910888671875
-0.0436363220214844 -0.0249900817871094 -0.0254898071289063 0.107826232910156
-0.0508499145507813 -0.0010223388671875 -0.0254058837890625 0.114486694335938
-0.0399932861328125 0.0237693786621094 0.0117034912109375 0.0757522583007813
-0.00900650024414063 0.0456199645996094 0.0195121765136719 0.0433082580566406
0.02294921875 0.0355720520019531 0.00326824188232422 0.0169811248779297
0.0469894409179688 0.00426101684570313 -0.00856781005859375 0.0218658447265625
0.0442771911621094 -0.0208244323730469 -0.0108413696289062 0.0433158874511719
0.0370979309082031 -0.022674560546875 -0.00770187377929687 0.0571212768554688
0.0423011779785156 -0.0294456481933594 -0.0131988525390625 0.0668830871582031
0.0490798950195313 -0.0205459594726563 -0.0325393676757813 0.0616188049316406
0.0530319213867188 0.0069580078125 -0.0481719970703125 0.0460739135742187
0.0401840209960938 0.035858154296875 -0.0460357666015625 0.0148429870605469
-0.00721740722656251 0.0586090087890625 -0.0290660858154297 -0.00671195983886719
-0.0516090393066406 0.04217529296875 -0.0174713134765625 0.0365943908691406
-0.0672607421875 0.00772476196289063 -0.0810012817382813 0.0682373046875
0.0328884124755859 0.0332221984863281 0.076904296875 -0.0645523071289063
0.0477409362792969 -0.0135574340820313 0.0302734375 -0.0282115936279297
0.0114250183105469 -0.0372161865234375 0.0318355560302734 0.00772285461425781
-0.0166110992431641 -0.0312957763671875 0.0620384216308594 -0.007843017578125
-0.0281696319580078 -0.0135211944580078 0.0640068054199219 -0.0442543029785156
-0.0350093841552734 0.00787925720214844 0.0416412353515625 -0.0734405517578125
-0.0263500213623047 0.00877952575683594 0.017547607421875 -0.0805130004882812
-0.0233173370361328 0.00328826904296875 0.0106773376464844 -0.0654983520507813
-0.0320243835449219 -0.000453948974609381 0.01373291015625 -0.0493812561035156
-0.0229091644287109 -0.0212287902832031 0.0157890319824219 -0.0325355529785156
0.00224685668945313 -0.0347709655761719 -7.6293945312516E-06 -0.0174427032470703
0.025360107421875 -0.0232925415039063 -0.0105152130126953 -0.0310230255126953
0.0440521240234375 0.010162353515625 -0.005126953125 -0.0726318359375
0.0402336120605469 0.0408058166503906 0.01812744140625 -0.10247802734375
0.015838623046875 0.0550003051757813 0.0327072143554687 -0.0926284790039063
0.00750732421874999 0.0667343139648438 0.0881195068359375 -0.0462722778320312
0.0424118041992188 0.0266380310058594 0.0409812927246094 -0.0145301818847656
0.0250072479248047 -0.00665473937988281 0.0396842956542969 0.0162353515625
0.0110006332397461 -0.0165376663208008 0.0736236572265625 -0.000175476074218751
-0.000600814819335938 -0.0169258117675781 0.0740432739257813 -0.0404891967773438
-0.0143623352050781 -0.0124349594116211 0.0510940551757813 -0.0756683349609375
-0.0127143859863281 -0.0165119171142578 0.0257644653320313 -0.0832061767578125
-0.0080108642578125 -0.0185432434082031 0.0159378051757813 -0.0663642883300781
-0.013153076171875 -0.0240097045898438 0.0188865661621094 -0.046875
0.00296211242675781 -0.0348186492919922 0.0210170745849609 -0.0275974273681641
0.0294227600097656 -0.0301933288574219 0.00185298919677735 -0.00966548919677735
0.0470733642578125 -0.00702667236328125 -0.0128879547119141 -0.0197124481201172
0.0446929931640625 0.0390968322753906 -0.0162849426269531 -0.0592727661132813
0.0262527465820313 0.07501220703125 0.00711059570312501 -0.0861663818359375
-0.00474548339843751 0.0849685668945312 0.0256271362304687 -0.070556640625
-0.0233230590820313 0.0920562744140625 0.0894622802734375 -0.0160980224609375
0.0248603820800781 0.0670204162597656 0.0462875366210938 0.0102882385253906
0.0314579010009766 0.0319976806640625 0.0466537475585938 0.0301246643066406
0.0401649475097656 0.00616455078125 0.08123779296875 0.0109481811523438
0.0312728881835938 -0.0143508911132813 0.079864501953125 -0.0306625366210937
0.0133953094482422 -0.0313129425048828 0.0558395385742188 -0.0691909790039063
0.00443649291992187 -0.0398788452148437 0.031646728515625 -0.0751419067382812
0.00804901123046876 -0.0384483337402344 0.0195388793945313 -0.0559730529785156
0.00654983520507813 -0.0444679260253906 0.0203285217285156 -0.0358085632324219
0.0250511169433594 -0.0457992553710938 0.0196552276611328 -0.0164051055908203
0.0504341125488281 -0.0280685424804688 -0.000830233097076413 0.000646471977233885
0.062744140625 0.00280380249023438 -0.016850471496582 -0.00780200958251953
0.0476303100585937 0.0572395324707031 -0.0269813537597656 -0.0444488525390625
0.017852783203125 0.0966415405273438 -0.00185394287109375 -0.0626411437988281
-0.0201644897460938 0.104362487792969 0.0136566162109375 -0.0419197082519531
-0.0532608032226562 0.100883483886719 0.0780792236328125 0.022186279296875
-0.0016021728515625 0.0978469848632813 0.0420684814453125 0.0428085327148438
0.027801513671875 0.0696296691894531 0.0475425720214844 0.0481338500976563
0.0606727600097656 0.0350112915039063 0.0796890258789063 0.0263519287109375
0.0602340698242187 -0.00495529174804688 0.0762710571289063 -0.0163726806640625
0.0415000915527344 -0.0421829223632813 0.0542869567871094 -0.0541343688964844
0.02313232421875 -0.0571479797363281 0.0332870483398438 -0.0551376342773438
0.0235671997070313 -0.053192138671875 0.0194129943847656 -0.0374603271484375
0.0236015319824219 -0.0594673156738281 0.0181293487548828 -0.0176200866699219
0.0413093566894531 -0.0534515380859375 0.0147609710693359 -0.0023641586303711
0.0647850036621094 -0.0263175964355469 -0.00507545471191406 0.0119857788085938
0.0728302001953125 0.00945281982421875 -0.02081298828125 0.00283241271972656
0.0480880737304688 0.0663909912109375 -0.0308303833007812 -0.0297775268554688
0.00940704345703125 0.104911804199219 -0.00417709350585937 -0.0359077453613281
-0.0329132080078125 0.109382629394531 -0.000147819519042971 -0.0086221694946289
-0.0743026733398438 0.0902328491210938 0.0537109375 0.0596084594726563
-0.0314865112304687 0.105010986328125 0.027862548828125 0.0770111083984375
0.011505126953125 0.0927581787109375 0.0402755737304688 0.0655746459960938
0.0647010803222656 0.060577392578125 0.069732666015625 0.0405349731445313
0.0758056640625 0.0101089477539063 0.062408447265625 0.000915527343750001
0.0619316101074219 -0.0430679321289062 0.0441703796386719 -0.0317268371582031
0.0377044677734375 -0.0638504028320313 0.0273094177246094 -0.0284461975097656
0.0351943969726563 -0.0584983825683594 0.0163860321044922 -0.0123043060302734
0.0370597839355469 -0.0661430358886719 0.0135097503662109 0.00498485565185546
0.0530815124511719 -0.0567550659179688 0.00696945190429688 0.0150918960571289
0.071929931640625 -0.0225753784179688 -0.0118122100830078 0.0230293273925781
0.075714111328125 0.0161285400390625 -0.0232334136962891 0.0109996795654297
0.0416336059570313 0.0703811645507813 -0.0293693542480469 -0.0174694061279297
-0.00174713134765624 0.102691650390625 -0.00155925750732422 -0.00966072082519531
-0.0458450317382813 0.101448059082031 -0.0149250030517578 0.0237789154052734
-0.0797653198242188 0.061187744140625 0.0228424072265625 0.08984375
-0.0518646240234375 0.0869064331054688 0.00728607177734375 0.102432250976562
-0.0107040405273438 0.0911712646484375 0.0281143188476563 0.0755996704101563
0.04937744140625 0.0731964111328125 0.0500450134277344 0.048095703125
0.07354736328125 0.0250625610351562 0.0417823791503906 0.0127830505371094
0.0713958740234375 -0.0336380004882813 0.0278472900390625 -0.00921058654785156
0.0469551086425781 -0.0593643188476563 0.0174407958984375 0.000169754028320309
0.0411109924316406 -0.0554428100585938 0.0110330581665039 0.0156831741333008
0.0437698364257813 -0.0629310607910156 0.00698089599609375 0.0268878936767578
0.0581855773925781 -0.0518989562988281 -0.00356101989746094 0.0335140228271484
0.0731658935546875 -0.0149459838867188 -0.0211944580078125 0.0325412750244141
0.0717620849609375 0.023406982421875 -0.0282192230224609 0.0144405364990234
0.0280685424804687 0.0710830688476563 -0.0255680084228516 -0.010406494140625
-0.0186614990234375 0.0919647216796875 8.01086425781249E-05 0.011713981628418
-0.056427001953125 0.0804443359375 -0.0333099365234375 0.0489082336425781
-0.069183349609375 0.0213890075683594 -0.00284576416015625 0.106544494628906
-0.0584907531738281 0.0499458312988281 -0.0108489990234375 0.113777160644531
-0.02947998046875 0.0648727416992188 0.0176010131835938 0.0777359008789062
0.0228462219238281 0.0665397644042969 0.0311012268066406 0.0486946105957031
0.0545768737792969 0.0326347351074219 0.0207328796386719 0.02001953125
0.0646171569824219 -0.0182876586914063 0.00877189636230469 0.0101995468139648
0.0469512939453125 -0.0451164245605469 0.00541305541992188 0.0259609222412109
0.0405387878417969 -0.0433082580566406 0.00336456298828125 0.0389404296875
0.0441474914550781 -0.0516128540039062 -0.00177001953125 0.0491104125976563
0.0574073791503906 -0.0414695739746094 -0.0165824890136719 0.0492515563964844
0.0669364929199219 -0.00577926635742188 -0.0328140258789062 0.0396003723144531
0.0604705810546875 0.0298576354980469 -0.0357284545898437 0.0153694152832031
0.0125541687011719 0.06787109375 -0.0247879028320313 -0.00689697265625
-0.0359268188476563 0.0728225708007813 -0.00459480285644532 0.0271987915039063
-0.0647506713867188 0.0497703552246094 -0.0538978576660156 0.06561279296875
-0.0472030639648438 -0.0215873718261719 -0.020751953125 0.107818603515625
-0.0503158569335938 0.00419998168945313 -0.0201034545898438 0.1121826171875
-0.0382881164550781 0.0262184143066406 0.0128250122070312 0.0718917846679688
-0.00490570068359375 0.0457191467285156 0.0173988342285156 0.0427818298339844
0.0262241363525391 0.0323848724365234 0.00478935241699219 0.0197105407714844
0.0465965270996094 -0.0011444091796875 -0.00614738464355469 0.0232906341552734
0.0398750305175781 -0.02349853515625 -0.00597381591796875 0.0436058044433594
0.0345630645751953 -0.0259532928466797 -0.00342559814453125 0.0569725036621094
0.0384483337402344 -0.0327949523925781 -0.0106697082519531 0.0667572021484375
0.0482597351074219 -0.0252761840820313 -0.0295219421386719 0.0619773864746094
0.0537948608398438 0.0032501220703125 -0.04583740234375 0.0453453063964844
0.0441818237304688 0.0314712524414063 -0.0448493957519531 0.0146484375
-0.00409317016601563 0.057037353515625 -0.0280475616455078 -0.0053253173828125
-0.0473899841308594 0.0455703735351562 -0.0150604248046875 0.0351600646972656
-0.0651359558105469 0.0130805969238281 -0.0758514404296875 0.070770263671875
0.0335350036621094 0.0313091278076172 0.0755615234375 -0.0660629272460938
0.0459976196289063 -0.0149154663085937 0.0282402038574219 -0.0271472930908203
0.0102500915527344 -0.0370826721191406 0.0314140319824219 0.00757598876953125
-0.0175628662109375 -0.0294837951660156 0.0615501403808594 -0.00771713256835938
-0.0291213989257812 -0.01171875 0.0632553100585938 -0.0452194213867188
-0.0337677001953125 0.00970458984375 0.0402374267578125 -0.0734100341796875
-0.0253219604492188 0.00950431823730469 0.0156326293945312 -0.0811767578125
-0.0229873657226563 0.00465011596679688 0.00898361206054688 -0.066162109375
-0.0308361053466797 0.001800537109375 0.0114860534667969 -0.0503654479980469
-0.0231666564941406 -0.0195598602294922 0.0150222778320313 -0.0351753234863281
-0.000202178955078128 -0.0338382720947266 0.0014190673828125 -0.0198535919189453
0.0238876342773438 -0.024383544921875 -0.00872802734375 -0.0316791534423828
0.0445594787597656 0.00719451904296875 -0.00379180908203125 -0.0710372924804688
0.0412101745605469 0.0377616882324219 0.017486572265625 -0.101966857910156
0.0178070068359375 0.05224609375 0.0307540893554688 -0.094482421875
0.009246826171875 0.0658836364746094 0.0860366821289063 -0.0481338500976562
0.0417404174804688 0.0246467590332031 0.0382347106933594 -0.0156898498535156
0.0243473052978516 -0.0064697265625 0.038787841796875 0.0159950256347656
0.0105342864990234 -0.0157556533813477 0.0727920532226563 -0.000511169433593751
-0.000455856323242187 -0.0157403945922852 0.0733718872070313 -0.0413055419921875
-0.0131759643554688 -0.0109529495239258 0.0495223999023437 -0.0766830444335937
-0.0124483108520508 -0.0162277221679687 0.0231475830078125 -0.084014892578125
-0.00871658325195313 -0.018341064453125 0.0134811401367187 -0.0673599243164063
-0.0127353668212891 -0.0228195190429687 0.0166549682617188 -0.0491676330566406
0.00247764587402344 -0.0333938598632813 0.0196151733398438 -0.0300216674804688
0.0274295806884766 -0.0307216644287109 0.00262260437011719 -0.012812614440918
0.0454978942871094 -0.00812911987304688 -0.011138916015625 -0.0212383270263672
0.0450325012207031 0.0372161865234375 -0.0150108337402344 -0.0585670471191406
0.0276336669921875 0.0728836059570313 0.00702667236328125 -0.0852890014648437
-0.00261688232421876 0.083251953125 0.0250015258789063 -0.07257080078125
-0.0210342407226563 0.0918960571289062 0.0887451171875 -0.0183486938476562
0.0257492065429688 0.0659561157226563 0.0438728332519531 0.00807571411132813
0.0315093994140625 0.0333538055419922 0.0447196960449219 0.029693603515625
0.0395355224609375 0.005859375 0.0797195434570313 0.0105361938476562
0.0313758850097656 -0.0148372650146484 0.0792236328125 -0.0318984985351562
0.0133876800537109 -0.0302467346191406 0.0537376403808594 -0.06976318359375
0.00465011596679688 -0.0399551391601563 0.0289230346679688 -0.0757369995117188
0.00744247436523438 -0.0390167236328125 0.0168075561523438 -0.0573692321777344
0.00604629516601563 -0.0441398620605469 0.0179519653320312 -0.0377845764160156
0.0233116149902344 -0.0460205078125 0.0187702178955078 -0.0202083587646484
0.0491180419921875 -0.0294532775878906 -5.45978546142548E-05 -0.00227808952331543
0.0628089904785156 0.00141525268554688 -0.015294075012207 -0.00970649719238281
0.0483283996582031 0.0554656982421875 -0.0245704650878906 -0.0442352294921875
0.01971435546875 0.0955581665039063 -0.002044677734375 -0.0629653930664063
-0.0181884765625 0.103172302246094 0.0139617919921875 -0.0438766479492187
-0.0509567260742188 0.10211181640625 0.0775070190429688 0.0188522338867188
0.000305175781249989 0.0976104736328125 0.0411911010742188 0.0399856567382813
0.0291900634765625 0.070770263671875 0.0458641052246094 0.0473098754882813
0.0617332458496094 0.0334701538085938 0.0788650512695312 0.025299072265625
0.0604896545410156 -0.00619125366210938 0.0752105712890625 -0.0168533325195312
0.0396308898925781 -0.042572021484375 0.05218505859375 -0.0543937683105469
0.0213203430175781 -0.0579299926757812 0.0302009582519531 -0.0564994812011719
0.0217552185058594 -0.0536270141601563 0.0175247192382813 -0.0385971069335938
0.02191162109375 -0.0603866577148438 0.0162734985351563 -0.0196342468261719
0.0400810241699219 -0.0556907653808594 0.0137138366699219 -0.00597095489501953
0.0642738342285156 -0.0283393859863281 -0.00512123107910156 0.00914478302001953
0.0735244750976563 0.00734710693359375 -0.0184402465820312 0.000734329223632815
0.0496673583984375 0.0659255981445312 -0.0286521911621094 -0.0292873382568359
0.0130157470703125 0.105445861816406 -0.00355148315429687 -0.0364303588867188
-0.030517578125 0.110366821289063 0.000809669494628905 -0.0111045837402344
-0.072479248046875 0.0924835205078125 0.0543060302734375 0.0577621459960938
-0.029388427734375 0.106964111328125 0.02789306640625 0.0731582641601563
0.0143661499023437 0.0952301025390625 0.039215087890625 0.0638656616210937
0.0662345886230469 0.0591049194335938 0.0675430297851563 0.0406379699707031
0.0773544311523438 0.00732421875 0.0613899230957031 0.000972747802734375
0.0607795715332031 -0.0450325012207031 0.0425300598144531 -0.0321044921875
0.0358428955078125 -0.0657424926757813 0.0262546539306641 -0.0295867919921875
0.0330581665039063 -0.0606002807617188 0.0151386260986328 -0.0123443603515625
0.0340538024902344 -0.0673408508300781 0.0115432739257813 0.00278663635253906
0.0517425537109375 -0.0586128234863281 0.00573253631591797 0.0125560760498047
0.07196044921875 -0.0249404907226562 -0.0119552612304687 0.0205898284912109
0.07684326171875 0.012786865234375 -0.0221710205078125 0.00797271728515625
0.0440864562988281 0.0701637268066406 -0.0271625518798828 -0.0181655883789063
0.00127410888671876 0.104011535644531 -0.00115489959716797 -0.0106649398803711
-0.0426025390625 0.102157592773438 -0.0141849517822266 0.0210990905761719
-0.078704833984375 0.064056396484375 0.0252227783203125 0.08746337890625
-0.0501861572265625 0.0893478393554688 0.00772094726562499 0.098968505859375
-0.008758544921875 0.093048095703125 0.0271453857421875 0.073974609375
0.051727294921875 0.0726547241210938 0.0488471984863281 0.0487060546875
0.0756072998046875 0.0216598510742188 0.0407142639160156 0.0145721435546875
0.0698356628417969 -0.0354232788085938 0.0268211364746094 -0.00856590270996094
0.0443115234375 -0.0616111755371094 0.0172929763793945 -0.000524520874023441
0.0394363403320313 -0.0578956604003906 0.0101728439331055 0.0133571624755859
0.0410881042480469 -0.0648727416992188 0.0055694580078125 0.0262832641601562
0.0563087463378906 -0.0541038513183594 -0.00386428833007812 0.0304374694824219
0.0731582641601563 -0.0184860229492188 -0.021759033203125 0.0310802459716797
0.072723388671875 0.0206985473632813 -0.0276985168457031 0.0116691589355469
0.0306549072265625 0.0708465576171875 -0.0240840911865234 -0.0111255645751953
-0.0163192749023438 0.0929107666015625 0.000643730163574219 0.00963211059570313
-0.0551300048828125 0.0822219848632813 -0.0310440063476562 0.0484466552734375
-0.0691947937011719 0.0250015258789062 -0.00164031982421876 0.105178833007813
-0.0575942993164063 0.0519905090332031 -0.00991058349609374 0.111061096191406
-0.0278396606445312 0.0678787231445313 0.0166778564453125 0.0760345458984375
0.0255470275878906 0.0665130615234375 0.0302314758300781 0.0488433837890625
0.0567054748535156 0.0308151245117188 0.0193233489990234 0.0208549499511719
0.064483642578125 -0.0207862854003906 0.00895500183105469 0.0110912322998047
0.0450363159179688 -0.0480918884277344 0.00599861145019531 0.0247955322265625
0.0389633178710938 -0.0457649230957031 0.00407028198242188 0.0378570556640625
0.0423431396484375 -0.0544624328613281 -0.00145721435546875 0.0483741760253906
0.054931640625 -0.044189453125 -0.0166206359863281 0.0481452941894531
0.0669479370117188 -0.00930023193359375 -0.0325889587402344 0.0390090942382813
0.0620918273925781 0.0266914367675781 -0.0352210998535156 0.0139045715332031
0.0148849487304687 0.0677108764648438 -0.0243949890136719 -0.00763511657714843
-0.0329132080078125 0.0749969482421875 -0.00325202941894531 0.0258769989013672
-0.0629005432128906 0.052490234375 -0.0520744323730469 0.0645828247070313
-0.0476036071777344 -0.0193862915039062 -0.0188827514648438 0.107315063476563
-0.0511550903320313 0.00664138793945314 -0.0190200805664062 0.110359191894531
-0.0377845764160156 0.0287361145019531 0.0111808776855469 0.0699806213378906
-0.00133895874023438 0.0465850830078125 0.0162696838378906 0.0429000854492188
0.0288295745849609 0.0306205749511719 0.00456809997558594 0.0218105316162109
0.0469398498535156 -0.00338363647460938 -0.00573921203613281 0.0244255065917969
0.0382461547851562 -0.026947021484375 -0.00414657592773437 0.0442771911621094
0.0327129364013672 -0.0275421142578125 -0.002838134765625 0.0560760498046875
0.0367584228515625 -0.0355186462402344 -0.00946807861328125 0.0659523010253906
0.0466156005859375 -0.0278434753417969 -0.029083251953125 0.0613746643066406
0.0537490844726563 2.6702880859375E-05 -0.0450477600097656 0.0444488525390625
0.0460853576660156 0.0298347473144531 -0.0445671081542969 0.0138931274414063
-0.001251220703125 0.0574417114257813 -0.0276603698730469 -0.00632476806640625
-0.045806884765625 0.0480155944824219 -0.0121517181396484 0.0346927642822266
-0.0635261535644531 0.0155830383300781 -0.0739822387695312 0.0708541870117188
0.0344829559326172 0.0300960540771484 0.0756149291992188 -0.0672836303710938
0.0452003479003906 -0.0158042907714844 0.0260181427001953 -0.0278987884521484
0.009735107421875 -0.0376319885253906 0.03179931640625 0.00966453552246094
-0.0189552307128906 -0.0291919708251953 0.0625991821289063 -0.00671005249023438
-0.0300674438476563 -0.0106849670410156 0.0647087097167969 -0.0467071533203125
-0.0338077545166016 0.0118789672851563 0.0413131713867188 -0.0765457153320313
-0.0251102447509766 0.0111751556396484 0.0150604248046875 -0.0831069946289063
-0.0230255126953125 0.00531578063964844 0.00675201416015625 -0.0685920715332031
-0.0309314727783203 0.00346946716308593 0.0102806091308594 -0.0528335571289063
-0.0243148803710938 -0.017852783203125 0.0141983032226562 -0.0377006530761719
-0.00229644775390625 -0.0341777801513672 0.0019683837890625 -0.0230121612548828
0.0232009887695312 -0.0254077911376953 -0.00727081298828125 -0.0338878631591797
0.0448532104492188 0.00551223754882813 -0.00229644775390625 -0.0713119506835938
0.0427627563476563 0.0376205444335938 0.018157958984375 -0.102806091308594
0.0200271606445313 0.0524520874023438 0.031707763671875 -0.0978546142578125
0.00967788696289062 0.0674209594726563 0.0880050659179688 -0.04974365234375
0.04217529296875 0.0253715515136719 0.0371856689453125 -0.0158004760742188
0.0241756439208984 -0.00508308410644531 0.039093017578125 0.0177726745605469
0.0101871490478516 -0.0156459808349609 0.0732498168945313 -0.000160217285156251
-0.00125312805175781 -0.0157909393310547 0.0753860473632813 -0.042449951171875
-0.0124273300170898 -0.00982856750488281 0.05010986328125 -0.0792694091796875
-0.0123453140258789 -0.0161981582641602 0.022003173828125 -0.0871429443359375
-0.00782012939453125 -0.0187149047851563 0.0119056701660156 -0.0694389343261719
-0.01220703125 -0.0226383209228516 0.0145645141601562 -0.0511093139648438
0.00189590454101562 -0.0331916809082031 0.0187129974365234 -0.0339870452880859
0.0266819000244141 -0.0313510894775391 0.00290298461914063 -0.0158252716064453
0.0459709167480469 -0.00878143310546875 -0.00905990600585937 -0.0229396820068359
0.0462646484375 0.0366630554199219 -0.0134391784667969 -0.0595703125
0.0295333862304688 0.0726699829101563 0.00750732421875 -0.0863723754882813
-0.000961303710937498 0.0838699340820313 0.0266494750976562 -0.0763778686523438
-0.0207061767578125 0.0948867797851562 0.08984375 -0.0207061767578125
0.0261688232421875 0.0678749084472656 0.0431289672851563 0.00730133056640625
0.0328044891357422 0.0345611572265625 0.044158935546875 0.0311088562011719
0.0405693054199219 0.0061187744140625 0.0811767578125 0.0111541748046875
0.0317668914794922 -0.0149574279785156 0.080474853515625 -0.033050537109375
0.0136489868164063 -0.0305728912353516 0.054473876953125 -0.0721969604492188
0.00394439697265625 -0.0413055419921875 0.0271835327148437 -0.0777511596679687
0.00696182250976563 -0.0406608581542969 0.0146369934082031 -0.0597457885742188
0.00571823120117188 -0.0452613830566406 0.0158271789550781 -0.0399284362792969
0.0233497619628906 -0.046844482421875 0.0176620483398438 -0.0234584808349609
0.0494003295898438 -0.0304603576660156 -0.000494480133056637 -0.00521945953369141
0.0644798278808594 0.00079345703125 -0.0132837295532227 -0.0123891830444336
0.0506591796875 0.0567970275878906 -0.023529052734375 -0.0448532104492187
0.0217437744140625 0.097137451171875 -0.00165557861328125 -0.0642242431640625
-0.0169525146484375 0.105484008789063 0.0155868530273437 -0.0469856262207031
-0.0500946044921875 0.106094360351563 0.07928466796875 0.0177536010742188
0.000656127929687499 0.100013732910156 0.0403861999511719 0.0385704040527344
0.0316543579101562 0.0739822387695313 0.0450096130371094 0.048858642578125
0.0637855529785156 0.0336341857910156 0.0792922973632813 0.0265121459960938
0.0620307922363281 -0.00742340087890625 0.0766220092773437 -0.0170440673828125
0.0408706665039063 -0.0443382263183594 0.0518150329589844 -0.0543212890625
0.0211753845214844 -0.0597305297851563 0.028961181640625 -0.0587539672851563
0.0214500427246094 -0.05572509765625 0.0157394409179688 -0.0408210754394531
0.0216445922851563 -0.0626869201660156 0.0148258209228516 -0.0217819213867188
0.0404396057128906 -0.0575294494628906 0.0128822326660156 -0.008209228515625
0.0656280517578125 -0.0307426452636719 -0.00493288040161132 0.00697612762451172
0.0760269165039063 0.0057830810546875 -0.0178127288818359 -0.00229454040527343
0.0510940551757813 0.0675735473632813 -0.0277671813964844 -0.0300045013427734
0.0151214599609375 0.107933044433594 -0.0032806396484375 -0.0381546020507812
-0.029754638671875 0.112632751464844 0.00219535827636719 -0.0137395858764648
-0.0733642578125 0.0971221923828125 0.05615234375 0.057220458984375
-0.0283203125 0.110015869140625 0.0270156860351562 0.07220458984375
0.015960693359375 0.0987625122070313 0.0377616882324219 0.0653457641601562
0.0693168640136719 0.0595436096191406 0.0689277648925781 0.0406303405761719
0.079803466796875 0.0067291259765625 0.0624313354492188 0.00114822387695313
0.0625991821289062 -0.0462379455566406 0.0425033569335938 -0.0319442749023437
0.0356063842773438 -0.0684242248535156 0.02545166015625 -0.0311126708984375
0.03271484375 -0.0636024475097656 0.0143947601318359 -0.0151443481445313
0.0331573486328125 -0.0708847045898437 0.010096549987793 0.00134468078613281
0.0501632690429688 -0.0615730285644531 0.00441360473632813 0.0101518630981445
0.0740814208984375 -0.0276718139648438 -0.0129718780517578 0.0191230773925781
0.0799331665039063 0.01165771484375 -0.0219154357910156 0.00576972961425781
0.0458145141601563 0.0727920532226563 -0.027191162109375 -0.0195217132568359
0.0031280517578125 0.107536315917969 -0.000423431396484376 -0.01214599609375
-0.042877197265625 0.105667114257813 -0.0126914978027344 0.0192298889160156
-0.0807037353515625 0.069580078125 0.0262985229492187 0.0887069702148437
-0.0508270263671875 0.092742919921875 0.00799560546875 0.098052978515625
-0.00797271728515626 0.0982666015625 0.025665283203125 0.0755691528320313
0.054840087890625 0.0731277465820313 0.0496406555175781 0.0491104125976563
0.0780105590820312 0.0209884643554687 0.0417213439941406 0.0156402587890625
0.071014404296875 -0.037872314453125 0.0263729095458984 -0.00762748718261719
0.04388427734375 -0.0654678344726563 0.0177040100097656 -0.00103759765625
0.0386161804199219 -0.0601882934570312 0.00983428955078125 0.0126724243164062
0.04119873046875 -0.0690574645996094 0.0045318603515625 0.02655029296875
0.0560836791992188 -0.0590896606445313 -0.00533676147460937 0.0301132202148437
0.0754165649414063 -0.0209503173828125 -0.0224132537841797 0.0298748016357422
0.0754623413085938 0.0195770263671875 -0.0275249481201172 0.0108776092529297
0.0336380004882813 0.0739212036132812 -0.0240402221679687 -0.0121364593505859
-0.0137863159179688 0.0972747802734375 0.0020599365234375 0.00856113433837891
-0.053955078125 0.08563232421875 -0.0308837890625 0.0472259521484375
-0.0709915161132812 0.0276107788085937 -0.00115203857421876 0.106475830078125
-0.0589027404785156 0.0555610656738281 -0.0101089477539062 0.111442565917969
-0.0274124145507813 0.0720977783203125 0.015625 0.0774765014648437
0.028961181640625 0.0683059692382813 0.0291862487792969 0.0498199462890625
0.0594215393066406 0.0291976928710937 0.0202674865722656 0.0230579376220703
0.0653953552246094 -0.0236663818359375 0.00925254821777344 0.0132846832275391
0.0446815490722656 -0.0505447387695312 0.00733566284179688 0.0253753662109375
0.0382347106933594 -0.0494956970214844 0.00439453125 0.0377655029296875
0.0412063598632813 -0.0578880310058594 -0.00155258178710938 0.0493392944335937
0.0553321838378906 -0.0478591918945313 -0.0170326232910156 0.0477333068847656
0.0697860717773438 -0.0122108459472656 -0.0337791442871094 0.0389862060546875
0.0649909973144531 0.0258026123046875 -0.0355949401855469 0.0130844116210937
0.0166091918945312 0.0703125 -0.0246963500976563 -0.00876617431640625
-0.0317306518554688 0.079345703125 -0.00184059143066407 0.0246505737304688
-0.06292724609375 0.0556259155273438 -0.051849365234375 0.0656280517578125
-0.0494422912597656 -0.0177993774414063 -0.0196762084960938 0.110404968261719
-0.0521469116210938 0.00916671752929688 -0.0186080932617188 0.111671447753906
-0.0383644104003906 0.032012939453125 0.0106773376464844 0.0702629089355469
-0.000236511230468745 0.04833984375 0.0161857604980469 0.0436744689941406
0.0316867828369141 0.0303745269775391 0.00380706787109375 0.0235958099365234
0.0474586486816406 -0.00550079345703125 -0.00569343566894531 0.0261306762695312
0.0381965637207031 -0.0294342041015625 -0.00257110595703125 0.0454826354980469
0.0328636169433594 -0.0308055877685547 -0.00158309936523437 0.0571517944335938
0.0361137390136719 -0.0377731323242188 -0.00969314575195312 0.0679206848144531
0.0472030639648438 -0.0307502746582031 -0.0300559997558594 0.062530517578125
0.0550994873046875 -0.00116348266601563 -0.0461273193359375 0.0455169677734375
0.0479087829589844 0.0289497375488281 -0.0462875366210938 0.0137252807617188
-0.000930786132812501 0.0590476989746094 -0.0277061462402344 -0.00787925720214844
-0.0453109741210938 0.0512733459472656 -0.0117206573486328 0.0343246459960937
-0.0642509460449219 0.0182075500488281 -0.0747299194335938 0.0727462768554688
0.0377388000488281 0.0295944213867187 0.078338623046875 -0.0718536376953125
0.0456809997558594 -0.0184516906738281 0.0259456634521484 -0.0290431976318359
0.00855636596679687 -0.03936767578125 0.0321083068847656 0.0102176666259766
-0.0208034515380859 -0.0291423797607422 0.0655364990234375 -0.0075531005859375
-0.0319480895996094 -0.0094451904296875 0.0666236877441406 -0.0503463745117188
-0.0332565307617188 0.0147323608398437 0.041839599609375 -0.0823135375976562
-0.0252208709716797 0.0129184722900391 0.0127182006835937 -0.0873565673828125
-0.0234107971191406 0.00699806213378906 0.00496673583984374 -0.0717391967773438
-0.0313339233398438 0.00534820556640624 0.00824356079101563 -0.0559501647949219
-0.0256996154785156 -0.0161628723144531 0.0125045776367188 -0.0421829223632813
-0.0046844482421875 -0.0341587066650391 0.00208282470703125 -0.0260696411132813
0.0217800140380859 -0.0272598266601563 -0.0056610107421875 -0.036407470703125
0.0462493896484375 0.0033416748046875 -0.00208282470703124 -0.0741043090820313
0.04559326171875 0.03558349609375 0.0172576904296875 -0.107437133789062
0.0232086181640625 0.052764892578125 0.0317916870117187 -0.104423522949219
0.0125312805175781 0.0690383911132813 0.0910568237304688 -0.0545806884765625
0.0436019897460938 0.0255622863769531 0.0366477966308594 -0.0178565979003906
0.0254230499267578 -0.00578880310058594 0.0391273498535156 0.0184211730957031
0.0104808807373047 -0.0157938003540039 0.0768280029296875 -0.000541687011718751
-0.00194644927978516 -0.0155143737792969 0.0771408081054688 -0.04620361328125
-0.0122699737548828 -0.00965499877929688 0.0502090454101563 -0.0844879150390625
-0.012791633605957 -0.0153741836547852 0.0203475952148437 -0.09173583984375
-0.009063720703125 -0.0189609527587891 0.00900268554687501 -0.0737457275390625
-0.0132179260253906 -0.0222091674804688 0.0124702453613281 -0.0546760559082031
0.000751495361328124 -0.0337944030761719 0.0177345275878906 -0.0383110046386719
0.0261096954345703 -0.0323677062988281 0.00327301025390625 -0.0187492370605469
0.0465812683105469 -0.0107536315917969 -0.00775337219238281 -0.0261802673339844
0.0492362976074219 0.0365142822265625 -0.0131950378417969 -0.0618171691894531
0.0328521728515625 0.0748825073242188 0.00682830810546874 -0.0904998779296875
0.00147247314453124 0.0874099731445312 0.0271072387695312 -0.0822677612304688
-0.01873779296875 0.0998458862304688 0.0939178466796875 -0.02410888671875
0.0285568237304688 0.0702476501464844 0.0428428649902344 0.00564956665039063
0.0360755920410156 0.0362052917480469 0.0455055236816406 0.0322380065917969
0.0430831909179688 0.00568389892578125 0.084259033203125 0.0106124877929687
0.0337066650390625 -0.0164909362792969 0.0826339721679688 -0.0355224609375
0.0143852233886719 -0.0315761566162109 0.0550460815429688 -0.0763092041015625
0.0030517578125 -0.0434494018554688 0.025360107421875 -0.082916259765625
0.0059051513671875 -0.0424652099609375 0.0126762390136719 -0.0636558532714844
0.00473785400390625 -0.047454833984375 0.0137443542480469 -0.0437583923339844
0.0229682922363281 -0.049957275390625 0.01617431640625 -0.0277996063232422
0.0503005981445312 -0.0333976745605469 -0.000291347503662105 -0.00845527648925781
0.0668106079101563 -0.00154495239257813 -0.0134372711181641 -0.0148487091064453
0.0542373657226563 0.0576667785644531 -0.0233650207519531 -0.0465316772460937
0.0259170532226563 0.101417541503906 -0.00189971923828125 -0.0668907165527344
-0.0149917602539063 0.110702514648438 0.0157546997070312 -0.05133056640625
-0.0499114990234375 0.113639831542969 0.0833282470703125 0.0156021118164063
0.003753662109375 0.104385375976563 0.0406341552734375 0.0388603210449219
0.0348739624023437 0.0778427124023438 0.0464363098144531 0.0502052307128906
0.0684814453125 0.0335044860839844 0.0828399658203125 0.0261001586914063
0.065277099609375 -0.00997161865234375 0.0793075561523438 -0.0191116333007813
0.0419120788574219 -0.0473480224609375 0.0532112121582031 -0.0584754943847656
0.0201339721679688 -0.0641059875488281 0.0280113220214844 -0.0626220703125
0.0199508666992187 -0.0608291625976562 0.01409912109375 -0.0440406799316406
0.0206413269042969 -0.0666046142578125 0.0122413635253906 -0.0242958068847656
0.0396652221679688 -0.0619354248046875 0.0113706588745117 -0.0114021301269531
0.0678329467773438 -0.0346755981445313 -0.00551605224609374 0.00414419174194336
0.080078125 0.0032501220703125 -0.01800537109375 -0.00386428833007812
0.056549072265625 0.06951904296875 -0.0284061431884766 -0.0320758819580078
0.01971435546875 0.113204956054687 -0.0033111572265625 -0.0404090881347656
-0.0275192260742188 0.119590759277344 0.00279903411865234 -0.0164756774902344
-0.07452392578125 0.105140686035156 0.059844970703125 0.0569953918457031
-0.0270462036132812 0.116691589355469 0.0285873413085938 0.07318115234375
0.019622802734375 0.105255126953125 0.0389404296875 0.0675468444824219
0.0754776000976563 0.0611953735351563 0.0706024169921875 0.0423812866210938
0.084564208984375 0.003387451171875 0.0652809143066406 0.000804901123046875
0.0636978149414062 -0.0510673522949219 0.0433998107910156 -0.0332183837890625
0.0342559814453125 -0.0737991333007813 0.0251750946044922 -0.0337467193603516
0.0317268371582031 -0.0686149597167969 0.0133228302001953 -0.0169277191162109
0.0326766967773438 -0.0761260986328125 0.009063720703125 0.000793457031249995
0.0505561828613281 -0.0674819946289063 0.00373554229736328 0.00873565673828125
0.077056884765625 -0.0321197509765625 -0.0137882232666016 0.0180931091308594
0.0843505859375 0.009613037109375 -0.0228958129882812 0.00427818298339844
0.0515213012695313 0.0753707885742188 -0.0278987884521484 -0.0202369689941406
0.00788116455078126 0.113571166992188 0.000266075134277345 -0.0140323638916016
-0.0406570434570313 0.112739562988281 -0.0122756958007813 0.0186939239501953
-0.0819625854492187 0.075775146484375 0.0293350219726562 0.091339111328125
-0.0505752563476562 0.099639892578125 0.00925445556640624 0.100662231445313
-0.00369262695312499 0.104972839355469 0.0270919799804687 0.0777511596679688
0.0613174438476563 0.075653076171875 0.05072021484375 0.0508956909179688
0.0837249755859375 0.0181732177734375 0.0432968139648438 0.0163612365722656
0.07318115234375 -0.0433883666992188 0.0274085998535156 -0.00736427307128907
0.0432205200195313 -0.0703353881835938 0.0178699493408203 -0.00182342529296875
0.0375823974609375 -0.0658416748046875 0.0101814270019531 0.0118541717529297
0.03936767578125 -0.0744781494140625 0.00418853759765625 0.0261993408203125
0.0564613342285156 -0.0645065307617188 -0.00586318969726563 0.0299797058105469
0.0795516967773438 -0.0259628295898438 -0.0232467651367187 0.0306644439697266
0.081390380859375 0.0172958374023438 -0.0294513702392578 0.0101032257080078
0.0379714965820313 0.0773544311523438 -0.0253620147705078 -0.0135002136230469
-0.010009765625 0.10345458984375 0.00305080413818359 0.00709915161132813
-0.05426025390625 0.0924148559570312 -0.0306739807128906 0.0486679077148438
-0.07476806640625 0.0326690673828125 0.00119781494140623 0.11151123046875
-0.0598182678222656 0.0611228942871094 -0.00926971435546875 0.1153564453125
-0.0262374877929688 0.0788345336914062 0.0157623291015625 0.0794906616210938
0.0336990356445313 0.0713043212890625 0.0305900573730469 0.0518302917480469
0.0644493103027344 0.0281410217285156 0.02081298828125 0.0253810882568359
0.0677108764648438 -0.0274620056152344 0.00995063781738282 0.0149688720703125
0.0442237854003906 -0.0557403564453125 0.00852584838867188 0.0263214111328125
0.0379371643066406 -0.0542678833007813 0.0058135986328125 0.0382804870605469
0.040313720703125 -0.0632247924804688 -0.0013885498046875 0.0515594482421875
0.0551643371582031 -0.0534744262695313 -0.0174674987792969 0.0497398376464844
0.07318115234375 -0.0164031982421875 -0.0358085632324219 0.0408096313476563
0.0697441101074219 0.0240707397460938 -0.0376625061035156 0.0131149291992188
0.0203857421875 0.074127197265625 -0.0258979797363281 -0.00953483581542969
-0.0298385620117188 0.0848617553710938 -0.000490188598632817 0.0247535705566406
-0.0641593933105469 0.06097412109375 -0.0527305603027344 0.0686073303222656
-0.0531387329101563 -0.0153350830078125 -0.0184249877929688 0.115745544433594
-0.0551490783691406 0.0126304626464844 -0.0179519653320312 0.115127563476563
-0.038970947265625 0.036163330078125 0.010955810546875 0.073028564453125
0.00299453735351563 0.0517768859863281 0.0161857604980469 0.0460586547851563
0.0356330871582031 0.0302009582519531 0.00406455993652344 0.0269699096679688
0.0496559143066406 -0.00872421264648438 -0.00478363037109375 0.0302810668945313
0.0379676818847656 -0.0327224731445313 -0.00109100341796874 0.0474624633789063
0.0329399108886719 -0.0341091156005859 0.001068115234375 0.0600624084472656
0.0361785888671875 -0.0421485900878906 -0.00830078124999999 0.0705413818359375
0.0473670959472656 -0.0350303649902344 -0.0299873352050781 0.065948486328125
0.0584564208984375 -0.0045318603515625 -0.0483055114746094 0.0480995178222656
0.0515785217285156 0.0278472900390625 -0.0479393005371094 0.0146026611328125
0.00147247314453126 0.0622825622558594 -0.0294647216796875 -0.00831222534179687
-0.04376220703125 0.0558052062988281 -0.0103588104248047 0.0347747802734375
-0.0648422241210938 0.0212364196777344 -0.0757293701171875 0.0779647827148437
0.0406341552734375 0.028076171875 0.0786972045898438 -0.0798187255859375
0.0464515686035156 -0.0218276977539062 0.0246009826660156 -0.0312881469726562
0.00634002685546875 -0.041473388671875 0.0331764221191406 0.0101585388183594
-0.0246162414550781 -0.0287723541259766 0.0683555603027344 -0.00931549072265625
-0.0341835021972656 -0.00654029846191407 0.0665054321289063 -0.0558090209960938
-0.0330390930175781 0.0183677673339844 0.038970947265625 -0.0889053344726562
-0.0250377655029297 0.0161914825439453 0.00762176513671874 -0.0926361083984375
-0.0239524841308594 0.00917816162109375 0.000137329101562495 -0.0752716064453125
-0.0308647155761719 0.00853729248046874 0.00401687622070313 -0.0600433349609375
-0.0274085998535156 -0.0143203735351562 0.00973892211914062 -0.0466117858886719
-0.00773048400878906 -0.0345230102539062 0.00159263610839844 -0.0295791625976563
0.0210628509521484 -0.0300674438476563 -0.00643157958984375 -0.039337158203125
0.0479965209960938 4.1961669921875E-05 -0.00346374511718749 -0.0768508911132813
0.0497550964355469 0.0341224670410156 0.013671875 -0.112503051757813
0.0275306701660156 0.0530319213867187 0.0291290283203125 -0.1124267578125
0.0171051025390625 0.0716400146484375 0.0927505493164062 -0.062591552734375
0.0464820861816406 0.0241050720214844 0.0356712341308594 -0.0199470520019531
0.0262222290039063 -0.00658798217773438 0.0415229797363281 0.0186424255371094
0.0101613998413086 -0.0168437957763672 0.080474853515625 -0.00356292724609375
-0.00253868103027344 -0.0149812698364258 0.078094482421875 -0.0524368286132813
-0.0122842788696289 -0.00859928131103516 0.04803466796875 -0.0912094116210938
-0.0138683319091797 -0.0158233642578125 0.0152740478515625 -0.0971221923828125
-0.0111141204833984 -0.0191097259521484 0.00400543212890625 -0.077362060546875
-0.0141468048095703 -0.0223007202148438 0.00845718383789063 -0.0586814880371094
-0.00132369995117187 -0.0342979431152344 0.0141983032226563 -0.04376220703125
0.0247039794921875 -0.0354537963867188 0.0027313232421875 -0.0225238800048828
0.0477638244628906 -0.0136070251464844 -0.00860977172851562 -0.0290603637695312
0.0533561706542969 0.0349311828613281 -0.0150222778320313 -0.0628318786621094
0.0387725830078125 0.075958251953125 0.00409698486328126 -0.0948867797851562
0.0067901611328125 0.0909805297851563 0.0245285034179687 -0.08929443359375
-0.0135726928710937 0.105560302734375 0.0970001220703125 -0.030731201171875
0.0341873168945312 0.072723388671875 0.0432281494140625 0.0035247802734375
0.0399398803710938 0.0375480651855469 0.0478744506835938 0.032470703125
0.0458946228027344 0.00380706787109375 0.0883026123046875 0.0084228515625
0.0339832305908203 -0.0190391540527344 0.0849761962890625 -0.0409774780273438
0.0135746002197266 -0.0337772369384766 0.0530014038085938 -0.0824356079101563
0.000514984130859372 -0.045257568359375 0.02105712890625 -0.0886154174804687
0.0035400390625 -0.0447235107421875 0.00779724121093749 -0.0677375793457031
0.00235748291015625 -0.05029296875 0.0102806091308594 -0.0473251342773438
0.0207672119140625 -0.05352783203125 0.0136795043945313 -0.0324230194091797
0.050689697265625 -0.0376625061035156 -0.000778198242187496 -0.0113000869750977
0.0699310302734375 -0.0054168701171875 -0.0132350921630859 -0.0172643661499023
0.06072998046875 0.0580863952636719 -0.0252456665039063 -0.0476303100585937
0.033233642578125 0.104103088378906 -0.00445175170898438 -0.0701217651367188
-0.0089263916015625 0.116485595703125 0.0147247314453125 -0.0573348999023437
-0.0452728271484375 0.122772216796875 0.087432861328125 0.011016845703125
0.00976562500000001 0.110252380371094 0.0428466796875 0.0374755859375
0.0426559448242187 0.0809783935546875 0.049530029296875 0.0507431030273438
0.0744247436523438 0.0315093994140625 0.0874710083007813 0.0241546630859375
0.0679817199707031 -0.0144386291503906 0.0817718505859375 -0.0235137939453125
0.0411415100097656 -0.0514488220214844 0.0520401000976563 -0.0632133483886719
0.0163116455078125 -0.0680809020996094 0.0245704650878906 -0.0677871704101563
0.0166091918945312 -0.0651206970214844 0.0105171203613281 -0.0472183227539063
0.0171279907226563 -0.0709915161132813 0.00942420959472656 -0.0264606475830078
0.0375099182128906 -0.0671043395996094 0.00902175903320313 -0.0149507522583008
0.0686149597167969 -0.0405464172363281 -0.00723838806152343 0.00219154357910156
0.0843505859375 -0.0010986328125 -0.0184211730957031 -0.00561714172363281
0.064239501953125 0.0705947875976563 -0.0294456481933594 -0.0330829620361328
0.0275115966796875 0.118392944335937 -0.00461196899414063 -0.0430183410644531
-0.0219879150390625 0.126785278320312 0.00323867797851562 -0.0200958251953125
-0.0719680786132813 0.115852355957031 0.0651664733886719 0.0552520751953125
-0.0208206176757813 0.124687194824219 0.0317306518554688 0.0738601684570313
0.027679443359375 0.11077880859375 0.0421142578125 0.0691413879394531
0.0832366943359375 0.0598907470703125 0.0756149291992188 0.0411453247070313
0.0887985229492188 -0.00177001953125 0.0680160522460938 -0.001983642578125
0.0643234252929688 -0.0573921203613281 0.0437507629394531 -0.0359153747558594
0.031036376953125 -0.079132080078125 0.0236320495605469 -0.0373611450195313
0.0280685424804688 -0.0745697021484375 0.0115718841552734 -0.0192985534667969
0.0287857055664062 -0.0827407836914062 0.00824451446533203 -0.000479698181152349
0.04888916015625 -0.074615478515625 0.00263309478759766 0.00711393356323242
0.0791854858398438 -0.0391845703125 -0.013824462890625 0.0174541473388672
0.090057373046875 0.0048370361328125 -0.0234394073486328 0.00391578674316406
0.0597000122070313 0.0772933959960938 -0.0289421081542969 -0.0208721160888672
0.0158538818359375 0.1192626953125 -0.000700950622558592 -0.0157403945922851
-0.0360336303710937 0.120635986328125 -0.0110492706298828 0.0181064605712891
-0.0820465087890625 0.0862350463867188 0.03515625 0.0932159423828125
-0.0471038818359375 0.108589172363281 0.0131072998046875 0.103416442871094
0.00215148925781251 0.112754821777344 0.0306930541992187 0.0799484252929688
0.0703277587890625 0.0755386352539063 0.0547447204589844 0.0512046813964844
0.0896682739257813 0.0134048461914063 0.0456390380859375 0.0155982971191406
0.0746917724609375 -0.0492782592773437 0.0290470123291016 -0.00698471069335938
0.040283203125 -0.0769577026367187 0.0182991027832031 -0.00382423400878907
0.0342559814453125 -0.072540283203125 0.0107355117797852 0.0107326507568359
0.0355072021484375 -0.081939697265625 0.0055389404296875 0.0274734497070312
0.0546035766601563 -0.0719680786132813 -0.00608062744140625 0.0306320190429688
0.0817642211914063 -0.0326080322265625 -0.0239639282226562 0.0317745208740234
0.0874099731445313 0.01239013671875 -0.0299224853515625 0.0103111267089844
0.0455322265625 0.079986572265625 -0.0267982482910156 -0.0140056610107422
-0.00346374511718749 0.110832214355469 0.00408601760864258 0.00683069229125977
-0.0505599975585938 0.100921630859375 -0.0283584594726563 0.0511741638183594
-0.0764846801757813 0.0398712158203125 0.0063934326171875 0.116645812988281
-0.059173583984375 0.0689163208007813 -0.00457763671875 0.119651794433594
-0.022125244140625 0.0864486694335937 0.0179290771484375 0.0816650390625
0.0406341552734375 0.0731201171875 0.03302001953125 0.0537567138671875
0.070343017578125 0.0242843627929688 0.0230674743652344 0.0268096923828125
0.0692253112792969 -0.0342826843261719 0.0120716094970703 0.0169267654418945
0.042327880859375 -0.0616874694824219 0.0108318328857422 0.0263175964355469
0.0353202819824219 -0.0598869323730469 0.00867080688476563 0.0389862060546875
0.0378837585449219 -0.0694503784179688 0.000614166259765622 0.053375244140625
0.0542716979980469 -0.0604324340820313 -0.0163688659667969 0.0523490905761719
0.0757598876953125 -0.02264404296875 -0.0359153747558594 0.0438041687011719
0.075408935546875 0.0203781127929688 -0.0390815734863281 0.0147438049316406
0.026885986328125 0.0775222778320313 -0.0270233154296875 -0.00994300842285155
-0.0250701904296875 0.0913009643554688 0.00157737731933593 0.0248546600341797
-0.0621986389160156 0.0680885314941406 -0.05078125 0.0742568969726562
-0.0572891235351563 -0.0114097595214844 -0.0133895874023438 0.122352600097656
-0.0565681457519531 0.0186347961425781 -0.0145416259765625 0.120925903320313
-0.0376625061035156 0.0431060791015625 0.0127487182617187 0.0747222900390625
0.00757598876953126 0.0534248352050781 0.01727294921875 0.0489768981933594
0.0397415161132813 0.0279426574707031 0.00572776794433594 0.0299320220947266
0.0516242980957031 -0.0129966735839844 -0.00250625610351562 0.0330810546875
0.0367393493652344 -0.0373458862304688 0.00265884399414063 0.0489768981933594
0.0312614440917969 -0.0389900207519531 0.00497817993164063 0.0614433288574219
0.0342559814453125 -0.0473823547363281 -0.0047607421875 0.0745925903320313
0.0463447570800781 -0.0411605834960937 -0.0280075073242188 0.0707626342773438
0.0611228942871094 -0.0100135803222656 -0.0488395690917969 0.0529289245605469
0.0562553405761719 0.0252456665039063 -0.0494613647460938 0.0161705017089844
0.00648880004882813 0.0654067993164063 -0.0307769775390625 -0.00912284851074219
-0.0421371459960938 0.0617294311523438 -0.00741577148437501 0.0362510681152344
-0.0661697387695313 0.0265693664550781 -0.0746688842773438 0.0852127075195312
0.0432548522949219 0.0249099731445313 0.0748748779296875 -0.0871200561523438
0.0450286865234375 -0.0263023376464844 0.0215873718261719 -0.0328464508056641
0.003265380859375 -0.0431861877441406 0.0345134735107422 0.00941276550292968
-0.0270347595214844 -0.0266666412353516 0.0691299438476562 -0.0137100219726563
-0.0353126525878906 -0.00263595581054687 0.0636177062988281 -0.0612258911132812
-0.0315303802490234 0.0226688385009766 0.0322952270507813 -0.0942459106445313
-0.02349853515625 0.0192146301269531 0.000282287597656244 -0.0951004028320313
-0.0225543975830078 0.0123214721679688 -0.00696563720703124 -0.0765914916992188
-0.0298748016357422 0.0115623474121094 -0.00175094604492188 -0.0614776611328125
-0.029083251953125 -0.0115852355957031 0.00432968139648438 -0.0490570068359375
-0.0113315582275391 -0.0337276458740234 -0.000452041625976565 -0.0325031280517578
0.0184879302978516 -0.0320053100585938 -0.00762939453125 -0.0417098999023438
0.0488853454589844 -0.00458526611328125 -0.00763702392578126 -0.0773086547851563
0.0534934997558594 0.0298881530761719 0.0072784423828125 -0.115203857421875
0.0321159362792969 0.0511131286621094 0.0219268798828125 -0.117958068847656
0.0228118896484375 0.0718231201171875 0.090423583984375 -0.0706939697265625
0.0489311218261719 0.0218124389648437 0.0340709686279297 -0.022491455078125
0.0267658233642578 -0.00834083557128906 0.0430908203125 0.0176887512207031
0.00910282135009766 -0.0175571441650391 0.0815658569335938 -0.00811767578125
-0.00384140014648438 -0.0145902633666992 0.0759506225585938 -0.0583343505859375
-0.0124063491821289 -0.00686931610107422 0.0416946411132813 -0.0969314575195313
-0.0152111053466797 -0.0143728256225586 0.0067138671875 -0.099853515625
-0.012542724609375 -0.0183258056640625 -0.00331878662109375 -0.0790328979492187
-0.0155906677246094 -0.0213985443115234 0.00238800048828125 -0.0611419677734375
-0.00390625 -0.0344505310058594 0.00893402099609375 -0.0470619201660156
0.0216560363769531 -0.0369338989257813 0.000690460205078127 -0.0254707336425781
0.0471115112304688 -0.0174713134765625 -0.00910377502441406 -0.0304985046386719
0.0570411682128906 0.0315399169921875 -0.0179710388183594 -0.0631980895996094
0.045166015625 0.073944091796875 -0.00178527832031249 -0.0969085693359375
0.0138702392578125 0.0920639038085938 0.019378662109375 -0.0950851440429688
-0.00591278076171874 0.109298706054688 0.0968017578125 -0.0391616821289062
0.0398101806640625 0.0712890625 0.0425033569335938 0.000610351562500004
0.0447998046875 0.0358314514160156 0.0498809814453125 0.031158447265625
0.0474891662597656 0.000316619873046875 0.09063720703125 0.00318145751953125
0.0330467224121094 -0.0214557647705078 0.083526611328125 -0.04766845703125
0.0123519897460937 -0.0350360870361328 0.0479583740234375 -0.0885162353515625
-0.00305938720703125 -0.0461769104003906 0.0133819580078125 -0.0920028686523438
-0.000358581542968751 -0.0465850830078125 0.000911712646484378 -0.0691413879394531
-0.00115585327148437 -0.0512657165527344 0.00522613525390625 -0.0492210388183594
0.016845703125 -0.0553817749023437 0.0088348388671875 -0.0362892150878906
0.048187255859375 -0.0423622131347656 -0.00263309478759765 -0.0144443511962891
0.0705490112304688 -0.0107040405273437 -0.0140914916992188 -0.0187301635742187
0.0665664672851563 0.054931640625 -0.0273361206054687 -0.0474205017089844
0.0422821044921875 0.104217529296875 -0.0088653564453125 -0.0718765258789063
-0.000541687011718751 0.119400024414063 0.0116386413574219 -0.0616722106933594
-0.03759765625 0.129737854003906 0.090606689453125 0.00477600097656251
0.0187530517578125 0.112312316894531 0.0445022583007813 0.0349884033203125
0.0504226684570313 0.0811691284179688 0.0526199340820313 0.0493888854980469
0.0790176391601563 0.0272140502929688 0.0901031494140625 0.0199966430664063
0.0682029724121094 -0.0201797485351563 0.081512451171875 -0.0288314819335938
0.0387496948242188 -0.0556869506835938 0.0489768981933594 -0.0680160522460938
0.01104736328125 -0.0708160400390625 0.0189285278320312 -0.0709304809570312
0.0112228393554688 -0.0675086975097656 0.00535202026367187 -0.0491447448730469
0.011138916015625 -0.0746231079101563 0.00593948364257813 -0.0279064178466797
0.03216552734375 -0.0718307495117188 0.00593185424804688 -0.0180435180664063
0.06744384765625 -0.0474777221679688 -0.00777006149291992 0.000871181488037106
0.0860824584960938 -0.0080413818359375 -0.0189132690429687 -0.00653266906738281
0.0717086791992188 0.0679855346679688 -0.0311031341552734 -0.0320415496826172
0.038116455078125 0.119400024414063 -0.00754928588867187 -0.0443191528320312
-0.0132522583007813 0.131263732910156 0.00228500366210938 -0.0228538513183594
-0.0635223388671875 0.124908447265625 0.0703125 0.0522232055664063
-0.01165771484375 0.129852294921875 0.0354766845703125 0.0721664428710938
0.0378189086914063 0.112197875976563 0.0462379455566406 0.0678520202636719
0.0905685424804687 0.0544815063476563 0.0782928466796875 0.0373611450195313
0.0908584594726563 -0.0099334716796875 0.0694122314453125 -0.00637054443359375
0.0613746643066406 -0.063812255859375 0.0421791076660156 -0.0394172668457031
0.0238418579101563 -0.083709716796875 0.0204086303710938 -0.0401420593261719
0.0209426879882812 -0.0789413452148438 0.00875282287597656 -0.0209751129150391
0.0212249755859375 -0.0873794555664063 0.00686025619506836 -0.000868797302246099
0.0432815551757813 -0.0806350708007813 0.00105524063110352 0.00593471527099609
0.077239990234375 -0.0477218627929687 -0.0146932601928711 0.0170116424560547
0.0931167602539063 -0.00325775146484375 -0.0239181518554687 0.00391387939453125
0.067718505859375 0.075286865234375 -0.0296764373779297 -0.0202770233154297
0.02630615234375 0.121681213378906 -0.000527381896972654 -0.0175561904907226
-0.0277252197265625 0.126953125 -0.00969219207763672 0.0171909332275391
-0.0776290893554687 0.0955352783203125 0.0425643920898437 0.0924072265625
-0.03961181640625 0.115737915039063 0.0194091796875 0.103614807128906
0.0121917724609375 0.117149353027344 0.03369140625 0.0796585083007813
0.0783004760742188 0.072418212890625 0.0581932067871094 0.0498237609863281
0.09332275390625 0.00540924072265625 0.0483779907226563 0.0144767761230469
0.0716552734375 -0.0580978393554688 0.0298137664794922 -0.0089111328125
0.033599853515625 -0.0820083618164063 0.0181617736816406 -0.00505447387695313
0.0278701782226563 -0.077423095703125 0.0106124877929688 0.00954246520996093
0.0290451049804687 -0.0872573852539063 0.00667953491210938 0.0273647308349609
0.0487289428710938 -0.078704833984375 -0.00525474548339844 0.0305690765380859
0.0810699462890625 -0.0409469604492188 -0.0233097076416016 0.0329360961914063
0.0907135009765625 0.0048370361328125 -0.0309429168701172 0.0113544464111328
0.0540695190429688 0.0791854858398438 -0.0275917053222656 -0.0130767822265625
0.00623321533203126 0.113975524902344 0.00515604019165039 0.00484180450439454
-0.0431289672851562 0.107376098632813 -0.0250396728515625 0.0519294738769531
-0.0750808715820313 0.0496292114257813 0.0147781372070312 0.119117736816406
-0.0549163818359375 0.0759811401367187 0.00212860107421875 0.121734619140625
-0.0149765014648437 0.0920791625976563 0.022125244140625 0.0814437866210938
0.0488967895507813 0.0720138549804688 0.0362205505371094 0.0532684326171875
0.0741119384765625 0.018524169921875 0.0258255004882813 0.0271873474121094
0.067657470703125 -0.0409431457519531 0.0143356323242188 0.0174360275268555
0.0370635986328125 -0.0668296813964844 0.012725830078125 0.0258522033691406
0.0301437377929688 -0.0646781921386719 0.0110626220703125 0.0388908386230469
0.0310440063476563 -0.07525634765625 0.00467681884765625 0.0546989440917969
0.0493507385253906 -0.0673103332519531 -0.0139694213867187 0.0539398193359375
0.0760269165039063 -0.0306243896484375 -0.0342903137207031 0.0467872619628906
0.0790634155273438 0.0140380859375 -0.0394248962402344 0.0170936584472656
0.034698486328125 0.0781402587890625 -0.028076171875 -0.00881958007812499
-0.0173110961914063 0.096160888671875 0.00373077392578125 0.0238170623779297
-0.0577316284179687 0.0749359130859375 -0.0458450317382813 0.0784378051757813
-0.0594863891601563 -0.00553894042968751 -0.00510406494140625 0.127799987792969
-0.0567588806152344 0.0246429443359375 -0.00748443603515624 0.123435974121094
-0.0348167419433594 0.0495567321777344 0.0163955688476563 0.0755462646484375
0.0137786865234375 0.0550193786621094 0.0192375183105469 0.0495719909667969
0.0437431335449219 0.0241470336914063 0.00811767578125 0.0316143035888672
0.0513420104980469 -0.0183753967285156 0.00135040283203125 0.0359611511230469
0.0333137512207031 -0.0424003601074219 0.00758743286132813 0.0495376586914063
0.0275802612304688 -0.0430030822753906 0.00988006591796875 0.061859130859375
0.0296554565429688 -0.0519447326660156 0.00122833251953126 0.076812744140625
0.0432586669921875 -0.0464973449707031 -0.0243301391601562 0.0743179321289063
0.0618133544921875 -0.0155448913574219 -0.0462799072265625 0.0576133728027344
0.0595436096191406 0.0206489562988281 -0.0504570007324219 0.0201072692871094
0.0120201110839844 0.0674591064453125 -0.0318737030029297 -0.00736427307128905
-0.0366249084472656 0.0673370361328125 -0.00367355346679688 0.0357856750488281
-0.0649909973144531 0.032684326171875 -0.0696487426757812 0.0921707153320313
0.0447959899902344 0.0217514038085937 0.0691680908203125 -0.0916366577148438
0.0423355102539063 -0.0290298461914063 0.0188407897949219 -0.0328121185302734
-0.000484466552734373 -0.0424652099609375 0.0344085693359375 0.00851249694824219
-0.0294456481933594 -0.0240764617919922 0.0678253173828125 -0.0166435241699219
-0.0353317260742187 0.00144577026367187 0.0589485168457031 -0.0641059875488281
-0.0283336639404297 0.0253334045410156 0.0246200561523437 -0.0953140258789063
-0.0213947296142578 0.0212230682373047 -0.0066070556640625 -0.0942459106445313
-0.0216617584228516 0.0141334533691406 -0.0129928588867187 -0.0746841430664063
-0.0275821685791016 0.0142936706542969 -0.00778961181640625 -0.0611915588378906
-0.0294208526611328 -0.00785064697265625 -0.00110626220703126 -0.0498275756835938
-0.0146827697753906 -0.0311107635498047 -0.00242233276367188 -0.0342864990234375
0.0152969360351562 -0.0328750610351562 -0.00894927978515624 -0.04241943359375
0.0474205017089844 -0.00851058959960937 -0.010101318359375 -0.0760498046875
0.0547103881835938 0.0250740051269531 0.0011444091796875 -0.11474609375
0.0357818603515625 0.0480613708496094 0.0147018432617188 -0.119834899902344
0.0275688171386719 0.0697059631347656 0.0860443115234375 -0.07647705078125
0.0497398376464844 0.0178794860839844 0.0311012268066406 -0.0240154266357422
0.0261573791503906 -0.0100574493408203 0.04296875 0.0156669616699219
0.00745010375976562 -0.0180454254150391 0.0805130004882813 -0.01190185546875
-0.00493907928466797 -0.0132827758789063 0.0714492797851563 -0.0624618530273437
-0.0115261077880859 -0.00528907775878906 0.0347671508789063 -0.0993270874023438
-0.0150604248046875 -0.0124378204345703 -0.00119018554687501 -0.0996322631835938
-0.0136880874633789 -0.0167369842529297 -0.0101318359375 -0.077606201171875
-0.0167274475097656 -0.0193824768066406 -0.0034637451171875 -0.0610809326171875
-0.00619697570800782 -0.0327396392822266 0.00376510620117187 -0.048858642578125
0.0178031921386719 -0.0374107360839844 -0.00145721435546875 -0.0280952453613281
0.0452499389648438 -0.0205307006835938 -0.0101165771484375 -0.0324459075927734
0.0584259033203125 0.0267982482910156 -0.0198860168457031 -0.0614356994628906
0.0498886108398437 0.0703125 -0.00672149658203124 -0.095947265625
0.019744873046875 0.0899200439453125 0.0133819580078125 -0.0972747802734375
0.0020599365234375 0.109077453613281 0.0937271118164063 -0.045501708984375
0.0442771911621094 0.0685920715332031 0.0409011840820312 -0.00197219848632812
0.047760009765625 0.0328445434570313 0.0504570007324219 0.0288581848144531
0.0470848083496094 -0.00221633911132813 0.0893402099609375 -0.0009918212890625
0.0308895111083984 -0.0234832763671875 0.0791778564453125 -0.0518875122070313
0.0110244750976562 -0.0350551605224609 0.0413589477539062 -0.0904922485351563
-0.00644302368164062 -0.0444145202636719 0.0068206787109375 -0.09210205078125
-0.00433349609375 -0.0458946228027344 -0.00561904907226562 -0.0687599182128906
-0.00510025024414063 -0.0510787963867188 -0.000785827636718751 -0.0490226745605469
0.0127410888671875 -0.0555915832519531 0.00365447998046875 -0.0374832153320313
0.0445365905761719 -0.0451393127441406 -0.00486660003662109 -0.0159940719604492
0.0687408447265625 -0.0157546997070313 -0.0143337249755859 -0.0196800231933594
0.0702629089355469 0.0498847961425781 -0.0278587341308594 -0.0454864501953125
0.0496597290039062 0.100318908691406 -0.011993408203125 -0.0709991455078125
0.00756835937499999 0.118965148925781 0.00823593139648437 -0.06390380859375
-0.0282058715820312 0.131843566894531 0.0903472900390625 -0.00167083740234374
0.0260162353515625 0.110054016113281 0.0445480346679688 0.0314979553222656
0.0563888549804688 0.0779495239257813 0.0529289245605469 0.0467605590820313
0.0805206298828125 0.021484375 0.0898056030273438 0.0151596069335938
0.0663528442382813 -0.0246009826660156 0.0785675048828125 -0.0331878662109375
0.0351066589355469 -0.0581474304199219 0.043975830078125 -0.070770263671875
0.00556945800781251 -0.0710296630859375 0.013031005859375 -0.0715484619140625
0.00537490844726563 -0.0681381225585938 0.000164031982421879 -0.0488700866699219
0.00537109375 -0.0750045776367188 0.00209999084472656 -0.0290412902832031
0.0270919799804687 -0.074005126953125 0.00185966491699219 -0.0192031860351563
0.0631179809570313 -0.0520401000976563 -0.0090799331665039 -0.000790596008300784
0.0853652954101563 -0.0141067504882813 -0.0194091796875 -0.00755882263183594
0.0765457153320313 0.0629119873046875 -0.0316963195800781 -0.0308418273925781
0.0466995239257813 0.116416931152344 -0.00956344604492187 -0.0444831848144531
-0.00429534912109376 0.1317138671875 0.000919342041015626 -0.0244979858398437
-0.0550460815429688 0.129142761230469 0.073516845703125 0.0462646484375
-0.00251007080078125 0.129951477050781 0.0384864807128906 0.0688209533691407
0.0475845336914063 0.110069274902344 0.0476646423339844 0.0654373168945312
0.0943832397460938 0.0481414794921875 0.079315185546875 0.0329971313476563
0.0891876220703125 -0.0162277221679688 0.0681037902832031 -0.00910186767578125
0.0566444396972656 -0.0681877136230469 0.0402793884277344 -0.0405960083007813
0.0173110961914063 -0.084930419921875 0.0169448852539062 -0.0414390563964844
0.0143280029296875 -0.0804214477539063 0.0059051513671875 -0.0217914581298828
0.0139007568359375 -0.0892791748046875 0.00501537322998047 -0.00206518173217774
0.0365447998046875 -0.083221435546875 -0.00126338005065918 0.004075288772583
0.0737380981445312 -0.053802490234375 -0.0146913528442383 0.0163850784301758
0.0920944213867188 -0.0102157592773438 -0.0239429473876953 0.00347709655761719
0.0737762451171875 0.07037353515625 -0.0303611755371094 -0.0190906524658203
0.0358810424804688 0.120491027832031 -0.001312255859375 -0.0184917449951172
-0.0183792114257813 0.128143310546875 -0.00825881958007813 0.0160455703735352
-0.0702972412109375 0.101020812988281 0.047760009765625 0.0891571044921875
-0.0311508178710938 0.117973327636719 0.0240554809570312 0.101058959960938
0.021820068359375 0.11724853515625 0.036529541015625 0.077362060546875
0.08392333984375 0.06640625 0.0591583251953125 0.04638671875
0.0920944213867188 -0.0017547607421875 0.0490455627441406 0.0119209289550781
0.0670013427734375 -0.06298828125 0.0301666259765625 -0.00959396362304688
0.0269393920898437 -0.0843276977539063 0.0175104141235352 -0.00697898864746094
0.0205001831054687 -0.0793533325195312 0.00984764099121094 0.00858211517333984
0.0212173461914063 -0.0894088745117188 0.00761985778808594 0.0273113250732422
0.04156494140625 -0.0823822021484375 -0.00486946105957031 0.0295906066894531
0.0771636962890625 -0.0479354858398437 -0.0213546752929687 0.0334415435791016
0.090301513671875 -0.002044677734375 -0.0305290222167969 0.012237548828125
0.0607757568359375 0.075408935546875 -0.0281867980957031 -0.0122222900390625
0.0149307250976562 0.113739013671875 0.0054163932800293 0.00387620925903321
-0.0355682373046875 0.109535217285156 -0.0204582214355469 0.051910400390625
-0.07110595703125 0.05474853515625 0.0220947265625 0.11761474609375
-0.0497665405273437 0.0803985595703125 0.00843048095703123 0.119895935058594
-0.00736236572265626 0.094268798828125 0.0249176025390625 0.079498291015625
0.0550804138183594 0.068145751953125 0.0377693176269531 0.0518379211425781
0.0754623413085938 0.0124969482421875 0.0277900695800781 0.0269222259521484
0.0637969970703125 -0.0463905334472656 0.0168266296386719 0.0179271697998047
0.0311279296875 -0.069244384765625 0.0148868560791016 0.0243682861328125
0.0239677429199219 -0.0666236877441406 0.01300048828125 0.0368080139160156
0.024627685546875 -0.0775222778320313 0.00775527954101563 0.0535926818847656
0.0433807373046875 -0.0708236694335938 -0.0110969543457031 0.0540237426757813
0.0735626220703125 -0.036651611328125 -0.0315132141113281 0.048553466796875
0.0801467895507813 0.00749969482421875 -0.0387229919433594 0.0184860229492187
0.041290283203125 0.0755615234375 -0.0280189514160156 -0.00819778442382812
-0.0094757080078125 0.09765625 0.00649833679199218 0.0218544006347656
-0.0518646240234375 0.079193115234375 -0.0398483276367188 0.0799789428710938
-0.0597572326660156 -0.000270843505859377 0.00238037109374999 0.12738037109375
-0.0542373657226563 0.0296058654785156 -0.000511169433593749 0.122467041015625
-0.0294113159179687 0.0530662536621094 0.0181121826171875 0.073272705078125
0.0185623168945313 0.0536041259765625 0.0210838317871094 0.0492515563964844
0.045013427734375 0.0203018188476563 0.0104312896728516 0.0324859619140625
0.0483932495117188 -0.0235252380371094 0.00582504272460938 0.0362930297851563
0.0293693542480469 -0.0443992614746094 0.0115242004394531 0.0488967895507813
0.0231781005859375 -0.0441627502441406 0.013763427734375 0.0601425170898438
0.0246849060058594 -0.0545120239257813 0.0067596435546875 0.0757293701171875
0.03826904296875 -0.0494537353515625 -0.019134521484375 0.0744705200195313
0.0595588684082031 -0.0211219787597656 -0.0430221557617188 0.0597305297851562
0.0612449645996094 0.0152931213378906 -0.0486869812011719 0.0222358703613281
0.0175132751464844 0.0661582946777344 -0.0316982269287109 -0.00614166259765625
-0.0314903259277344 0.0702476501464844 -0.000381469726562504 0.0349140167236328
-0.0612411499023438 0.0368766784667969 -0.06329345703125 0.0957260131835938
0.0444717407226562 0.019012451171875 0.0652618408203125 -0.0933914184570313
0.0405082702636719 -0.0296516418457031 0.0167522430419922 -0.0318450927734375
-0.00278091430664063 -0.0421638488769531 0.0337429046630859 0.00874900817871094
-0.0300426483154297 -0.0221843719482422 0.0670852661132813 -0.0178985595703125
-0.0341663360595703 0.00355148315429687 0.0557289123535156 -0.0646553039550781
-0.0252227783203125 0.0268096923828125 0.0201797485351563 -0.09368896484375
-0.019195556640625 0.0224208831787109 -0.0105667114257813 -0.0914840698242188
-0.0208721160888672 0.0153160095214844 -0.016387939453125 -0.07275390625
-0.0259284973144531 0.0152835845947266 -0.011138916015625 -0.0597190856933594
-0.0289878845214844 -0.00609016418457032 -0.00442886352539063 -0.0489959716796875
-0.0164337158203125 -0.0285415649414062 -0.00440597534179688 -0.0352210998535156
0.0127964019775391 -0.0326709747314453 -0.00897979736328125 -0.0431709289550781
0.0460739135742188 -0.0112686157226563 -0.010589599609375 -0.0739517211914063
0.0545883178710938 0.0218086242675781 -0.00152587890625001 -0.112403869628906
0.0369377136230469 0.045166015625 0.010345458984375 -0.119850158691406
0.0299110412597656 0.0673103332519531 0.0816421508789063 -0.0788345336914063
0.0492820739746094 0.0160446166992188 0.0286865234375 -0.0235347747802734
0.0249309539794922 -0.0105037689208984 0.04254150390625 0.0154228210449219
0.00652885437011719 -0.0173349380493164 0.0793609619140625 -0.0134735107421875
-0.00540637969970703 -0.0119037628173828 0.0675735473632813 -0.0633049011230469
-0.0106258392333984 -0.00454425811767578 0.0291671752929687 -0.0981292724609375
-0.0157032012939453 -0.0113430023193359 -0.00579833984375001 -0.0971527099609375
-0.0144252777099609 -0.0154075622558594 -0.0143051147460937 -0.0747146606445313
-0.0166282653808594 -0.0184955596923828 -0.00799179077148438 -0.0592727661132812
-0.00709342956542969 -0.0313720703125 -0.000801086425781246 -0.049041748046875
0.0158119201660156 -0.0360908508300781 -0.00321578979492187 -0.0293483734130859
0.0426216125488281 -0.0212020874023437 -0.00992393493652344 -0.0327491760253906
0.0587882995605469 0.0239524841308594 -0.0196685791015625 -0.0590324401855469
0.05169677734375 0.0665817260742188 -0.00870513916015624 -0.0938644409179688
0.0226898193359375 0.0879745483398438 0.0103378295898438 -0.097503662109375
0.00662994384765625 0.107933044433594 0.0906219482421875 -0.0486984252929687
0.0462226867675781 0.0653343200683594 0.0390625 -0.003082275390625
0.0483360290527344 0.0306625366210938 0.0496177673339844 0.0278205871582031
0.0465354919433594 -0.0040283203125 0.0872726440429688 -0.0031585693359375
0.0296573638916016 -0.02410888671875 0.0750656127929688 -0.0530319213867188
0.00935745239257812 -0.0348873138427734 0.0371475219726563 -0.0896987915039063
-0.00767898559570313 -0.0433807373046875 0.00115203857421875 -0.0903854370117187
-0.00661468505859376 -0.0438919067382813 -0.00944519042968751 -0.0669403076171875
-0.007232666015625 -0.049407958984375 -0.003875732421875 -0.0485725402832031
0.0100364685058594 -0.0548553466796875 -0.000221252441406251 -0.0384902954101563
0.0414543151855469 -0.0459213256835938 -0.00615119934082031 -0.0177249908447266
0.0676689147949219 -0.0183563232421875 -0.0143852233886719 -0.0207366943359375
0.070709228515625 0.046539306640625 -0.0277519226074219 -0.0436973571777344
0.0523452758789062 0.097015380859375 -0.0134544372558594 -0.0700111389160156
0.0118026733398437 0.115943908691406 0.00584793090820312 -0.0653152465820312
-0.022674560546875 0.131057739257813 0.0886611938476563 -0.00535583496093749
0.0299530029296875 0.107696533203125 0.0430030822753906 0.0291099548339844
0.0596771240234375 0.0742340087890625 0.0520210266113281 0.045166015625
0.0802078247070313 0.0187606811523438 0.0880966186523438 0.0134124755859375
0.0633583068847656 -0.0274238586425781 0.0758438110351563 -0.0345001220703125
0.0325736999511719 -0.0583152770996094 0.0410804748535156 -0.0696830749511719
0.00205230712890625 -0.0695571899414063 0.00873565673828124 -0.0707931518554688
0.00178527832031251 -0.0665473937988281 -0.0035552978515625 -0.047393798828125
0.00103759765625 -0.0743026733398438 -0.000331878662109376 -0.0280246734619141
0.0222244262695313 -0.0739974975585938 -0.00149726867675781 -0.0202121734619141
0.0593376159667969 -0.0542945861816406 -0.0108413696289062 -0.00235557556152344
0.0833053588867187 -0.01776123046875 -0.0191421508789062 -0.00851821899414063
0.0787353515625 0.059478759765625 -0.0308055877685547 -0.0295696258544922
0.0508956909179688 0.113578796386719 -0.0100784301757812 -0.0443000793457031
0.000640869140624989 0.1295166015625 -0.000152587890625001 -0.0266227722167969
-0.0479354858398437 0.130340576171875 0.0731353759765625 0.043121337890625
0.0027008056640625 0.128189086914062 0.0378303527832031 0.0660247802734375
0.0517730712890625 0.107444763183594 0.0475883483886719 0.06317138671875
0.0956649780273438 0.0439071655273438 0.0782012939453125 0.03125
0.0872955322265625 -0.0199203491210938 0.066986083984375 -0.0103721618652344
0.0525550842285156 -0.0690803527832031 0.0382003784179688 -0.0416069030761719
0.0133590698242188 -0.0843048095703125 0.0143775939941406 -0.0410003662109375
0.00960540771484376 -0.0789642333984375 0.00369834899902344 -0.0211887359619141
0.00897216796875001 -0.0879135131835938 0.00348973274230957 -0.00192928314208985
0.0309219360351563 -0.0837326049804688 -0.00267577171325683 0.00308775901794433
0.0700569152832031 -0.0565986633300781 -0.0155363082885742 0.0149164199829101
0.0899124145507813 -0.0145645141601563 -0.0242710113525391 0.00317573547363281
0.0761871337890625 0.0672454833984375 -0.0295543670654297 -0.0183582305908203
0.0407638549804687 0.117424011230469 -0.00174903869628906 -0.0190982818603516
-0.0130386352539063 0.126472473144531 -0.00675296783447266 0.0137748718261719
-0.0649795532226563 0.104324340820313 0.0495147705078125 0.0853118896484375
-0.0258102416992188 0.117820739746094 0.025238037109375 0.0977401733398438
0.0271453857421875 0.115379333496094 0.0366287231445313 0.073974609375
0.0862503051757813 0.0617218017578125 0.0591468811035156 0.0450782775878906
0.0904541015625 -0.00553131103515625 0.0486068725585938 0.0112648010253906
0.0636138916015625 -0.0658454895019531 0.0303134918212891 -0.00991249084472657
0.021514892578125 -0.083709716796875 0.0164327621459961 -0.00788211822509766
0.0160675048828125 -0.078857421875 0.00903129577636719 0.00778388977050781
0.0155792236328125 -0.089447021484375 0.00800323486328125 0.026123046875
0.03753662109375 -0.0838470458984375 -0.00554275512695312 0.0285186767578125
0.0739059448242188 -0.0516281127929688 -0.0216484069824219 0.0334243774414063
0.08929443359375 -0.0071258544921875 -0.0298919677734375 0.0123405456542969
0.0635452270507813 0.0724334716796875 -0.0277290344238281 -0.0116710662841797
0.0208969116210937 0.112388610839844 0.006011962890625 0.00184297561645509
-0.0303573608398437 0.109603881835938 -0.0181350708007813 0.0499458312988281
-0.0677375793457031 0.0585403442382812 0.0258941650390625 0.115264892578125
-0.0449066162109375 0.0821533203125 0.011322021484375 0.1165771484375
-0.00178527832031251 0.0941848754882812 0.0248641967773438 0.0770645141601563
0.0581130981445313 0.0650405883789063 0.0372543334960938 0.0506172180175781
0.0748291015625 0.00792694091796875 0.0285739898681641 0.0263881683349609
0.0604019165039062 -0.0490570068359375 0.0186710357666016 0.0172252655029297
0.0263900756835938 -0.0701217651367188 0.0157794952392578 0.022796630859375
0.0195388793945312 -0.0668373107910156 0.0138587951660156 0.0351047515869141
0.0198516845703125 -0.0777740478515625 0.00996017456054687 0.0523948669433594
0.0384063720703125 -0.0721435546875 -0.01043701171875 0.053192138671875
0.0699806213378906 -0.0403327941894531 -0.0298004150390625 0.0480194091796875
0.0794296264648438 0.00325775146484375 -0.0377235412597656 0.0186576843261719
0.0445327758789063 0.0734405517578125 -0.0277233123779297 -0.00767517089843749
-0.00402069091796874 0.0972976684570313 0.007415771484375 0.0196762084960938
-0.04693603515625 0.0796661376953125 -0.0362319946289062 0.0786972045898438
-0.0592536926269531 0.00375366210937499 0.00662994384765624 0.126174926757813
-0.0518836975097656 0.032135009765625 0.00188446044921874 0.119743347167969
-0.0257225036621094 0.0541305541992188 0.018310546875 0.0713119506835938
0.0219001770019531 0.0520248413085938 0.0212821960449219 0.0489921569824219
0.0457382202148437 0.0176353454589844 0.0124092102050781 0.0328521728515625
0.0467300415039062 -0.0264511108398438 0.00840377807617188 0.0355873107910156
0.0257720947265625 -0.0452842712402344 0.013580322265625 0.046600341796875
0.0195465087890625 -0.0451240539550781 0.0163536071777344 0.0581817626953125
0.0209312438964844 -0.0550384521484375 0.00959014892578125 0.0742874145507813
0.0353431701660156 -0.0508880615234375 -0.0160675048828125 0.0734481811523438
0.0579185485839844 -0.0243949890136719 -0.0400314331054688 0.0610198974609375
0.0604362487792969 0.0122756958007813 -0.0481033325195312 0.0234870910644531
0.0206947326660156 0.0647926330566406 -0.0317001342773438 -0.00600433349609374
-0.0271530151367188 0.0705032348632813 0.00106048583984375 0.0329933166503906
-0.0582809448242188 0.0389213562011719 -0.0577621459960938 0.0959014892578125
0.0442008972167969 0.0176849365234375 0.0643539428710938 -0.094451904296875
0.0383872985839844 -0.0307273864746094 0.0158538818359375 -0.0320186614990234
-0.00400161743164063 -0.0417747497558594 0.033843994140625 0.00926780700683594
-0.0309677124023437 -0.0205974578857422 0.0670433044433594 -0.0177268981933594
-0.0338020324707031 0.005126953125 0.0546531677246094 -0.0644798278808594
-0.023651123046875 0.0274429321289063 0.0181121826171875 -0.09332275390625
-0.0173091888427734 0.0231876373291016 -0.0125732421875 -0.0905227661132813
-0.0198173522949219 0.0168209075927734 -0.0183029174804688 -0.0717697143554688
-0.0249748229980469 0.0163803100585938 -0.0129356384277344 -0.05859375
-0.0289745330810547 -0.00391960144042969 -0.00701904296875 -0.0490531921386719
-0.0174846649169922 -0.0269050598144531 -0.00501632690429687 -0.0369224548339844
0.0111904144287109 -0.0325469970703125 -0.0084075927734375 -0.0443153381347656
0.0450286865234375 -0.0121307373046875 -0.00994873046874999 -0.0735015869140625
0.0545501708984375 0.0200233459472656 -0.00248718261718749 -0.11199951171875
0.0375900268554688 0.0440597534179688 0.0086517333984375 -0.120407104492187
0.0309257507324219 0.06658935546875 0.0806503295898437 -0.08038330078125
0.0492515563964844 0.0146331787109375 0.0272140502929688 -0.0236186981201172
0.0249805450439453 -0.0106124877929688 0.0416259765625 0.0160484313964844
0.00574874877929688 -0.0168142318725586 0.0786285400390625 -0.0137786865234375
-0.00510120391845703 -0.0109195709228516 0.0656776428222656 -0.0625076293945313
-0.00942611694335938 -0.00475883483886719 0.0268020629882813 -0.0973968505859375
-0.0146112442016602 -0.0102462768554687 -0.00794219970703124 -0.0959091186523438
-0.0146703720092773 -0.0147686004638672 -0.0159988403320313 -0.0740585327148438
-0.0171012878417969 -0.0178909301757813 -0.01068115234375 -0.0583839416503906
-0.00827789306640625 -0.0306529998779297 -0.00354003906249999 -0.0487174987792969
0.0145034790039063 -0.0355186462402344 -0.00460624694824218 -0.0310497283935547
0.0415878295898438 -0.0222969055175781 -0.00934028625488281 -0.0342884063720703
0.0582656860351563 0.0224990844726562 -0.0183372497558594 -0.0596694946289063
0.0529747009277344 0.0648689270019531 -0.00908660888671875 -0.0930633544921875
0.0236129760742188 0.0865859985351563 0.00928497314453126 -0.09912109375
0.00814819335937499 0.107246398925781 0.0897216796875 -0.050750732421875
0.0470962524414062 0.0641136169433594 0.0374946594238281 -0.00283432006835937
0.0492782592773438 0.0304832458496094 0.0482978820800781 0.0285987854003906
0.0463218688964844 -0.00491714477539063 0.0865936279296875 -0.00319671630859375
0.0291767120361328 -0.0239124298095703 0.0742950439453125 -0.0529556274414063
0.0100860595703125 -0.035247802734375 0.035614013671875 -0.0897216796875
-0.00876235961914062 -0.0423774719238281 -0.00117492675781249 -0.089874267578125
-0.00769424438476563 -0.0436363220214844 -0.0118484497070312 -0.0652351379394531
-0.00901412963867187 -0.0491447448730469 -0.00652694702148437 -0.0484657287597656
0.00873565673828126 -0.05474853515625 -0.0039215087890625 -0.0384063720703125
0.03955078125 -0.046295166015625 -0.00786209106445312 -0.0197925567626953
0.0657730102539063 -0.0193939208984375 -0.0141754150390625 -0.0225315093994141
0.0714874267578125 0.0449371337890625 -0.0259628295898437 -0.0441856384277344
0.0547561645507812 0.0951614379882812 -0.0134658813476563 -0.0697288513183594
0.01300048828125 0.115699768066406 0.00484466552734375 -0.0668983459472656
-0.0198516845703125 0.130538940429687 0.0879898071289063 -0.00749969482421874
0.0312881469726563 0.106536865234375 0.0416450500488281 0.0285110473632813
0.0615997314453125 0.073638916015625 0.0508460998535156 0.0451507568359375
0.0806503295898438 0.0165176391601563 0.087615966796875 0.0130233764648438
0.0626564025878906 -0.0283737182617188 0.0748748779296875 -0.0341796875
0.0312919616699219 -0.0586891174316406 0.0397071838378906 -0.0696334838867188
2.28881835937424E-05 -0.0687026977539063 0.00677871704101563 -0.0696830749511719
7.62939453124923E-06 -0.0666236877441406 -0.00534439086914063 -0.0473861694335938
-0.00106048583984376 -0.0743484497070313 -0.00246429443359375 -0.0280704498291016
0.020233154296875 -0.0741043090820312 -0.00405502319335937 -0.0208492279052734
0.0577507019042969 -0.055694580078125 -0.0121784210205078 -0.00354385375976563
0.0825119018554688 -0.0199661254882813 -0.0195140838623047 -0.00957298278808594
0.08026123046875 0.0580215454101563 -0.0303974151611328 -0.0302448272705078
0.0540695190429688 0.112037658691406 -0.00995254516601562 -0.0448455810546875
0.00328826904296875 0.129478454589844 -0.000270843505859372 -0.0288352966308594
-0.0457382202148438 0.13140869140625 0.074371337890625 0.0408782958984375
0.00547027587890625 0.127342224121094 0.0368843078613281 0.0649299621582031
0.0549774169921875 0.106422424316406 0.0458908081054688 0.0630073547363281
0.0975570678710937 0.0414276123046875 0.0774307250976563 0.0313796997070313
0.08575439453125 -0.0218429565429687 0.0667495727539062 -0.0104026794433594
0.0511856079101563 -0.0704803466796875 0.038116455078125 -0.0411415100097656
0.01068115234375 -0.083343505859375 0.0128707885742188 -0.04107666015625
0.00733184814453126 -0.0787353515625 0.00175666809082031 -0.0214729309082031
0.00562286376953125 -0.0886611938476563 0.00241303443908691 -0.00237870216369629
0.0281829833984375 -0.0849838256835938 -0.00504684448242187 0.00241804122924804
0.0680580139160156 -0.0589828491210937 -0.0161037445068359 0.0144577026367187
0.0904617309570313 -0.017364501953125 -0.0242443084716797 0.00228500366210937
0.078338623046875 0.0657501220703125 -0.0287380218505859 -0.0186576843261719
0.0437850952148437 0.11688232421875 -0.00102806091308593 -0.0204105377197266
-0.0105819702148437 0.1265869140625 -0.00792217254638672 0.0116863250732422
-0.06304931640625 0.105598449707031 0.0511703491210938 0.0853424072265625
-0.0229721069335938 0.118484497070313 0.0252761840820313 0.0964889526367188
0.030548095703125 0.114601135253906 0.0350341796875 0.0741500854492188
0.0876312255859375 0.0606002807617187 0.0580902099609375 0.0452766418457031
0.0903244018554688 -0.0076446533203125 0.0490074157714844 0.0117568969726562
0.0611381530761719 -0.0666847229003906 0.0301437377929688 -0.0103893280029297
0.0194015502929688 -0.0840225219726563 0.01556396484375 -0.00791549682617188
0.0129852294921875 -0.0792236328125 0.00890636444091797 0.00701522827148437
0.0116043090820313 -0.089935302734375 0.00722885131835938 0.0252208709716797
0.0338821411132813 -0.0844802856445313 -0.00726699829101562 0.02813720703125
0.0719833374023438 -0.0540313720703125 -0.0221633911132812 0.0325946807861328
0.0889511108398437 -0.00888824462890625 -0.0293731689453125 0.0116405487060547
0.0660476684570313 0.0715179443359375 -0.0271224975585937 -0.0125789642333984
0.0242538452148438 0.112022399902344 0.00649261474609375 0.000717163085937507
-0.02813720703125 0.109840393066406 -0.018829345703125 0.0484542846679688
-0.0667915344238281 0.060211181640625 0.0271224975585937 0.114494323730469
-0.04339599609375 0.08306884765625 0.0110244750976562 0.115524291992188
0.000808715820312492 0.09478759765625 0.0236740112304687 0.0771408081054688
0.0601043701171875 0.0642433166503906 0.0365371704101563 0.0519485473632813
0.0743026733398438 0.0062255859375 0.0295619964599609 0.0268459320068359
0.0586662292480469 -0.0510520935058594 0.0202140808105469 0.0171279907226562
0.0238151550292969 -0.0702705383300781 0.0160160064697266 0.0223178863525391
0.0166893005371094 -0.0670585632324219 0.01385498046875 0.0343551635742187
0.0165557861328125 -0.0782623291015625 0.0102310180664062 0.0510978698730469
0.0356826782226563 -0.0731658935546875 -0.00989532470703125 0.0522842407226562
0.0684890747070313 -0.0428581237792969 -0.0299644470214844 0.0480384826660156
0.0797653198242188 0.0009918212890625 -0.0377655029296875 0.0185775756835938
0.0467453002929688 0.07281494140625 -0.0273780822753906 -0.00833702087402343
-0.00120544433593751 0.097930908203125 0.00813484191894531 0.0184307098388672
-0.045135498046875 0.0798263549804688 -0.0353012084960938 0.0781173706054688
-0.0588607788085938 0.00517654418945313 0.00739288330078126 0.126380920410156
-0.0509757995605469 0.0338363647460937 0.00220489501953126 0.119186401367188
-0.0235023498535156 0.0554313659667969 0.0163650512695313 0.0719528198242188
0.0242881774902344 0.0518455505371094 0.0211143493652344 0.0503463745117187
0.0463333129882813 0.0155982971191406 0.0133934020996094 0.034149169921875
0.04510498046875 -0.0276679992675781 0.0101470947265625 0.0355949401855469
0.0237541198730469 -0.0457763671875 0.0142745971679688 0.0454330444335938
0.0176353454589844 -0.0454063415527344 0.0170440673828125 0.0558547973632813
0.0182456970214844 -0.0554275512695313 0.0104446411132813 0.0728530883789063
0.0323638916015625 -0.0524368286132813 -0.0151748657226563 0.072845458984375
0.0567855834960938 -0.0261039733886719 -0.0395317077636719 0.0607452392578125
0.0604629516601562 0.0103492736816406 -0.0476188659667969 0.0233688354492188
0.0227508544921875 0.0648002624511719 -0.0312862396240234 -0.00626945495605468
-0.0240859985351563 0.07098388671875 0.00179862976074219 0.0310134887695313
-0.0564918518066406 0.0393714904785156 -0.0560073852539063 0.0958480834960937
0.04608154296875 0.017364501953125 0.0644073486328125 -0.0984725952148438
0.0391502380371094 -0.0321540832519531 0.0157337188720703 -0.0329666137695313
-0.00527191162109375 -0.0428047180175781 0.0343723297119141 0.0104122161865234
-0.0333232879638672 -0.0199317932128906 0.0687675476074219 -0.017791748046875
-0.034027099609375 0.00623321533203125 0.0544662475585937 -0.0653266906738281
-0.0230140686035156 0.0277881622314453 0.0168380737304688 -0.09454345703125
-0.0168075561523438 0.0239086151123047 -0.0141525268554687 -0.0922317504882813
-0.0192279815673828 0.0180778503417969 -0.019927978515625 -0.0723724365234375
-0.0244007110595703 0.0173606872558594 -0.0149459838867188 -0.0593338012695313
-0.0288295745849609 -0.00285148620605469 -0.00868225097656251 -0.0493240356445312
-0.0187816619873047 -0.0269966125488281 -0.00672531127929687 -0.0390625
0.0096588134765625 -0.0330257415771484 -0.00861740112304687 -0.0472602844238281
0.0444602966308594 -0.0134124755859375 -0.00881195068359375 -0.07464599609375
0.0554733276367188 0.0186042785644531 -0.00228118896484374 -0.113670349121094
0.0389137268066406 0.0433883666992188 0.008026123046875 -0.124237060546875
0.0326728820800781 0.0672264099121094 0.0821914672851563 -0.08355712890625
0.050079345703125 0.014251708984375 0.0273933410644531 -0.0245532989501953
0.0249671936035156 -0.0108833312988281 0.0423736572265625 0.017303466796875
0.00463294982910156 -0.0176124572753906 0.0801467895507812 -0.0135955810546875
-0.00557041168212891 -0.0110540390014648 0.0670661926269531 -0.0635910034179687
-0.00893497467041015 -0.00408077239990235 0.0269927978515625 -0.0990447998046875
-0.0148658752441406 -0.0104160308837891 -0.00968170166015626 -0.097412109375
-0.0159902572631836 -0.0145959854125977 -0.0173721313476562 -0.0741348266601563
-0.0173845291137695 -0.0175027847290039 -0.0124778747558594 -0.0597877502441406
-0.00852203369140625 -0.0301513671875 -0.00684356689453125 -0.049560546875
0.0139083862304687 -0.0361366271972656 -0.00573539733886719 -0.0341053009033203
0.0421218872070313 -0.0227851867675781 -0.00902938842773437 -0.0369720458984375
0.0589981079101562 0.0221061706542969 -0.0173225402832031 -0.0610542297363281
0.0543136596679688 0.0650100708007813 -0.00872039794921874 -0.0957183837890625
0.025177001953125 0.0882720947265625 0.00832366943359376 -0.102470397949219
0.00936126708984374 0.108963012695313 0.0914306640625 -0.0528182983398438
0.0494384765625 0.0639152526855469 0.0377426147460938 -0.00324630737304687
0.0514945983886719 0.0307159423828125 0.0490455627441406 0.0302505493164063
0.0471153259277344 -0.00473403930664062 0.0885696411132812 -0.003631591796875
0.0294570922851563 -0.0236854553222656 0.07562255859375 -0.0536575317382813
0.00992965698242188 -0.0363578796386719 0.034942626953125 -0.0913925170898437
-0.010009765625 -0.043060302734375 -0.0029144287109375 -0.0904693603515625
-0.00875473022460937 -0.0435867309570313 -0.0139579772949219 -0.0652618408203125
-0.00958251953125 -0.0502090454101562 -0.00858688354492188 -0.0487327575683594
0.00745391845703125 -0.0555992126464844 -0.00547409057617188 -0.0402488708496094
0.0393257141113281 -0.0473213195800781 -0.00877952575683594 -0.0209560394287109
0.0670547485351562 -0.0207595825195312 -0.0141925811767578 -0.0255718231201172
0.074615478515625 0.0449981689453125 -0.0249481201171875 -0.0455360412597656
0.057281494140625 0.096038818359375 -0.0129776000976562 -0.071014404296875
0.0149612426757812 0.118698120117188 0.00386428833007812 -0.0700187683105469
-0.01776123046875 0.133445739746094 0.0898818969726563 -0.00880432128906249
0.0342864990234375 0.107933044433594 0.0413742065429688 0.0286827087402344
0.06494140625 0.0745086669921875 0.0506362915039063 0.0468635559082031
0.0836334228515625 0.01519775390625 0.0886383056640625 0.0135269165039063
0.0640678405761719 -0.02984619140625 0.07659912109375 -0.0344009399414063
0.0313682556152344 -0.0602531433105469 0.0402069091796875 -0.0706405639648437
-0.00091171264648437 -0.069732666015625 0.0056610107421875 -0.0708465576171875
-0.00237655639648438 -0.0669517517089844 -0.00677490234375 -0.0472335815429688
-0.002899169921875 -0.0753021240234375 -0.00441551208496094 -0.0288963317871094
0.019134521484375 -0.0755157470703125 -0.00675392150878906 -0.0216197967529297
0.0576515197753906 -0.058197021484375 -0.0135030746459961 -0.00461483001708984
0.0836944580078125 -0.0211944580078125 -0.0195064544677734 -0.0113677978515625
0.08282470703125 0.0579299926757813 -0.0293788909912109 -0.0304069519042969
0.0579376220703125 0.1134033203125 -0.00977706909179687 -0.0459861755371094
0.00420379638671874 0.1326904296875 -0.00134086608886718 -0.0310955047607422
-0.04412841796875 0.134231567382813 0.07672119140625 0.0403823852539063
0.00714111328125 0.12957763671875 0.0370635986328125 0.0658760070800781
0.059478759765625 0.108451843261719 0.0455818176269531 0.0645675659179688
0.100593566894531 0.041351318359375 0.077880859375 0.0331192016601563
0.0879135131835938 -0.0232620239257813 0.0675888061523438 -0.0104293823242188
0.050201416015625 -0.073333740234375 0.0390701293945313 -0.0421257019042969
0.00900268554687501 -0.0851058959960938 0.0114479064941406 -0.0426025390625
0.00464630126953125 -0.0800018310546875 0.000667572021484377 -0.02105712890625
0.00315093994140625 -0.0912094116210938 0.00142645835876465 -0.00259566307067872
0.0268325805664062 -0.0871505737304688 -0.00726079940795898 0.00199747085571289
0.0682868957519531 -0.0616264343261719 -0.0173854827880859 0.013981819152832
0.0914382934570313 -0.0192184448242188 -0.0240440368652344 0.000862121582031246
0.083465576171875 0.06646728515625 -0.0296478271484375 -0.0194263458251953
0.0486373901367188 0.119453430175781 -0.00101852416992187 -0.0222816467285156
-0.010498046875 0.130195617675781 -0.00770187377929688 0.0102787017822266
-0.0628662109375 0.10931396484375 0.0531005859375 0.0858383178710938
-0.021484375 0.121803283691406 0.02581787109375 0.09844970703125
0.0331039428710937 0.117729187011719 0.0334701538085937 0.0753860473632813
0.0914993286132812 0.0590362548828125 0.0601272583007813 0.046173095703125
0.091644287109375 -0.00930023193359375 0.0507469177246094 0.0120162963867188
0.0612258911132813 -0.0696830749511719 0.0322036743164063 -0.00981903076171876
0.01739501953125 -0.0849151611328125 0.0151767730712891 -0.00852775573730469
0.0118255615234375 -0.0809097290039063 0.00866270065307617 0.00722599029541015
0.0104217529296875 -0.0921478271484375 0.00717544555664062 0.0251903533935547
0.032135009765625 -0.0868988037109375 -0.00812339782714844 0.0292396545410156
0.0724258422851563 -0.0582046508789063 -0.0231742858886719 0.0326118469238281
0.0915603637695313 -0.0112686157226563 -0.0303211212158203 0.0116043090820312
0.0699310302734375 0.072357177734375 -0.0273017883300781 -0.0136260986328125
0.0277938842773437 0.113197326660156 0.00706624984741211 -0.00190114974975585
-0.0277557373046875 0.112991333007813 -0.018951416015625 0.0482444763183594
-0.0677909851074219 0.0641555786132813 0.0284805297851562 0.117965698242187
-0.043304443359375 0.0856170654296875 0.0103530883789063 0.117942810058594
0.00337219238281251 0.0971755981445312 0.0218276977539063 0.0787582397460937
0.0633354187011719 0.0629005432128906 0.0369987487792969 0.0537109375
0.0759658813476563 0.0048828125 0.0299758911132813 0.0285549163818359
0.058807373046875 -0.0538330078125 0.0215415954589844 0.0175533294677734
0.0224609375 -0.072021484375 0.0161113739013672 0.0220756530761719
0.0155601501464844 -0.0690689086914062 0.0137367248535156 0.0344944000244141
0.013916015625 -0.080352783203125 0.0110626220703125 0.05224609375
0.0341262817382813 -0.0759353637695313 -0.0109825134277344 0.0529594421386719
0.0698890686035156 -0.046051025390625 -0.0303268432617188 0.0493812561035156
0.0813064575195313 -0.0012054443359375 -0.0384712219238281 0.0188217163085937
0.0498275756835938 0.0740127563476563 -0.0280609130859375 -0.00947761535644531
0.0016632080078125 0.100021362304688 0.00865459442138672 0.0174350738525391
-0.0454559326171875 0.0828323364257813 -0.0342025756835937 0.0793304443359375
-0.0597953796386719 0.00701522827148438 0.0081329345703125 0.129463195800781
-0.0514755249023438 0.03594970703125 0.00225067138671874 0.121009826660156
-0.0224380493164063 0.0573692321777344 0.01611328125 0.0736923217773438
0.0265007019042969 0.0524444580078125 0.0205726623535156 0.0518264770507813
0.0478477478027344 0.0152359008789063 0.0135841369628906 0.0361785888671875
0.0450820922851563 -0.029388427734375 0.0114555358886719 0.0359573364257813
0.0226707458496094 -0.0472831726074219 0.01556396484375 0.0462455749511719
0.016357421875 -0.0476799011230469 0.0166511535644531 0.0555076599121094
0.0171318054199219 -0.0575828552246094 0.0123825073242188 0.0740966796875
0.0317840576171875 -0.0542640686035156 -0.0150299072265625 0.0744705200195313
0.0573768615722656 -0.0282630920410156 -0.039642333984375 0.062286376953125
0.0624237060546875 0.00978851318359375 -0.0488166809082031 0.0244979858398437
0.0247383117675781 0.0660629272460938 -0.0318317413330078 -0.00699615478515625
-0.02325439453125 0.0734710693359375 0.00242996215820312 0.0302238464355469
-0.0568695068359375 0.041015625 -0.0558013916015625 0.0978775024414063
0.0476226806640625 0.0151252746582031 0.0640792846679688 -0.104751586914063
0.0390548706054688 -0.035400390625 0.0148735046386719 -0.0349483489990234
-0.00816726684570313 -0.0434112548828125 0.0360984802246094 0.0101547241210937
-0.0346031188964844 -0.0198497772216797 0.0703048706054688 -0.0191726684570313
-0.0342254638671875 0.00852584838867187 0.0559577941894531 -0.0690727233886719
-0.0215511322021484 0.0292320251464844 0.014190673828125 -0.0978164672851562
-0.0149860382080078 0.0253334045410156 -0.0175094604492188 -0.0948486328125
-0.0202808380126953 0.0189990997314453 -0.0235061645507812 -0.0735244750976563
-0.0244960784912109 0.0199775695800781 -0.0183868408203125 -0.0609855651855469
-0.0301704406738281 -0.00167655944824219 -0.0118675231933594 -0.0513648986816406
-0.0198326110839844 -0.0249996185302734 -0.00868606567382813 -0.0426101684570313
0.00858306884765625 -0.0345611572265625 -0.008087158203125 -0.0517234802246094
0.0453605651855469 -0.0161552429199219 -0.00862884521484375 -0.0768508911132813
0.0585517883300781 0.0168037414550781 -0.00440216064453126 -0.118293762207031
0.0423469543457031 0.0443267822265625 0.00442504882812499 -0.131195068359375
0.0363273620605469 0.0680618286132813 0.0828781127929688 -0.09014892578125
0.0528907775878906 0.0126876831054688 0.0268478393554688 -0.0257625579833984
0.0254154205322266 -0.0121536254882813 0.0438957214355469 0.0172691345214844
0.00551319122314453 -0.0173616409301758 0.0826492309570313 -0.0152969360351563
-0.00532245635986328 -0.011631965637207 0.067047119140625 -0.0672378540039063
-0.00892066955566406 -0.0039215087890625 0.0247650146484375 -0.102470397949219
-0.0139036178588867 -0.00870800018310547 -0.0131988525390625 -0.100349426269531
-0.0157127380371094 -0.0138492584228516 -0.0221405029296875 -0.0763320922851563
-0.0188999176025391 -0.0175037384033203 -0.0158615112304687 -0.0612030029296875
-0.00992202758789062 -0.0309276580810547 -0.00975418090820312 -0.0512733459472656
0.0130233764648437 -0.0378379821777344 -0.00845718383789062 -0.0362091064453125
0.042236328125 -0.0246238708496094 -0.0100631713867188 -0.0410995483398437
0.0622100830078125 0.0204238891601563 -0.0172615051269531 -0.0630416870117188
0.0585365295410156 0.0652694702148438 -0.0104827880859375 -0.098907470703125
0.0290069580078125 0.0909576416015625 0.00648498535156249 -0.10870361328125
0.0131683349609375 0.1129150390625 0.094512939453125 -0.0585784912109375
0.0516014099121094 0.0648269653320312 0.0377159118652344 -0.0042266845703125
0.054901123046875 0.0302162170410156 0.0505180358886719 0.0306854248046875
0.0483474731445312 -0.00652694702148437 0.0914840698242188 -0.0049285888671875
0.0304393768310547 -0.0264091491699219 0.0767593383789063 -0.0562515258789063
0.00894927978515625 -0.0374565124511719 0.0336456298828125 -0.09539794921875
-0.00996780395507812 -0.0441360473632813 -0.00597381591796876 -0.093963623046875
-0.0106849670410156 -0.04443359375 -0.0173568725585937 -0.0675506591796875
-0.0115280151367188 -0.0515022277832031 -0.0120010375976563 -0.0501327514648438
0.00578689575195313 -0.0582199096679688 -0.0103034973144531 -0.0413055419921875
0.0395584106445313 -0.0505714416503906 -0.0117912292480469 -0.0240402221679688
0.0692100524902344 -0.0238876342773437 -0.0140457153320312 -0.0283336639404297
0.0791015625 0.04345703125 -0.0252761840820313 -0.0470428466796875
0.0631103515625 0.0983505249023437 -0.014678955078125 -0.0741729736328125
0.0181045532226562 0.122406005859375 0.00290679931640626 -0.0749893188476562
-0.0142974853515625 0.139350891113281 0.0932388305664063 -0.012542724609375
0.0385208129882812 0.110527038574219 0.0421218872070312 0.0279617309570313
0.070220947265625 0.0752639770507813 0.0528106689453125 0.0493812561035156
0.0875625610351563 0.01336669921875 0.092041015625 0.0132980346679688
0.0649566650390625 -0.0321998596191406 0.079010009765625 -0.03741455078125
0.0307769775390625 -0.0646858215332031 0.0397415161132813 -0.0744247436523438
-0.00372314453125 -0.0715408325195313 0.00252532958984375 -0.0739822387695313
-0.00513839721679688 -0.0683784484863281 -0.0107765197753906 -0.0480194091796875
-0.00646209716796874 -0.0785903930664063 -0.00620269775390625 -0.0295085906982422
0.015716552734375 -0.0792999267578125 -0.00984573364257812 -0.0225238800048828
0.0571708679199219 -0.0632667541503906 -0.0156707763671875 -0.00604248046875001
0.0867538452148438 -0.0249099731445313 -0.0204944610595703 -0.0137729644775391
0.089508056640625 0.0572280883789063 -0.0300350189208984 -0.0327377319335937
0.0638961791992188 0.116065979003906 -0.00996398925781249 -0.0481948852539063
0.00842285156249998 0.137458801269531 -0.00265693664550782 -0.0341720581054687
-0.0414886474609375 0.141937255859375 0.079681396484375 0.0391464233398438
0.011749267578125 0.134269714355469 0.0391082763671875 0.0662689208984375
0.064971923828125 0.110641479492188 0.0470390319824219 0.0673408508300781
0.106124877929687 0.03887939453125 0.08123779296875 0.0332260131835938
0.0896453857421875 -0.0280990600585938 0.0699806213378906 -0.0122795104980469
0.0508804321289063 -0.0786514282226563 0.0401992797851563 -0.0446319580078125
0.00559234619140625 -0.088287353515625 0.00995254516601563 -0.0437393188476563
0.00190734863281249 -0.0828018188476563 -0.00134086608886719 -0.0227813720703125
-5.34057617187566E-05 -0.0940628051757813 0.000472784042358398 -0.00232863426208497
0.0231475830078125 -0.0923233032226563 -0.00920867919921875 0.0021524429321289
0.0681953430175781 -0.0666923522949219 -0.0197544097900391 0.0140361785888672
0.095184326171875 -0.023834228515625 -0.0246257781982422 1.71661376953077E-05
0.0881195068359375 0.0660247802734375 -0.02886962890625 -0.0204925537109375
0.0549087524414063 0.121810913085938 -0.00154685974121093 -0.0251026153564453
-0.00652313232421875 0.135040283203125 -0.00835704803466797 0.00894165039062501
-0.0595245361328125 0.115486145019531 0.0582199096679687 0.0886611938476563
-0.0174026489257812 0.126060485839844 0.0281753540039063 0.0997314453125
0.04034423828125 0.120460510253906 0.03466796875 0.0791015625
0.097900390625 0.0579833984375 0.060455322265625 0.0486907958984375
0.0958099365234375 -0.0118560791015625 0.0529251098632813 0.0124282836914063
0.0608901977539063 -0.0749053955078125 0.0340404510498047 -0.0117950439453125
0.0144577026367187 -0.0882110595703125 0.0159425735473633 -0.0106105804443359
0.00811004638671875 -0.0837783813476562 0.00815963745117188 0.00629377365112304
0.00576019287109376 -0.0957183837890625 0.00768280029296875 0.0252361297607422
0.0289382934570312 -0.0912017822265625 -0.00820541381835938 0.029205322265625
0.0734405517578125 -0.0626602172851563 -0.0242881774902344 0.0328311920166016
0.094268798828125 -0.0158462524414063 -0.0317344665527344 0.0106315612792969
0.0760955810546875 0.0731658935546875 -0.0290737152099609 -0.0146579742431641
0.0336685180664063 0.1175537109375 0.00737476348876953 -0.00212097167968749
-0.0260238647460938 0.118034362792969 -0.01800537109375 0.0488662719726563
-0.0677413940429687 0.0689048767089844 0.0339584350585938 0.121292114257812
-0.0423660278320313 0.091156005859375 0.01336669921875 0.121963500976563
0.00728607177734375 0.101119995117187 0.0229034423828125 0.081878662109375
0.069244384765625 0.0634117126464844 0.0388679504394531 0.056671142578125
0.0792388916015625 0.002197265625 0.0325088500976563 0.0290317535400391
0.0590858459472656 -0.058197021484375 0.0232925415039063 0.0173149108886719
0.019805908203125 -0.075958251953125 0.018280029296875 0.0227737426757812
0.0129852294921875 -0.072296142578125 0.0146827697753906 0.0349235534667969
0.010284423828125 -0.0841064453125 0.0119819641113281 0.0527076721191406
0.0314483642578125 -0.0811309814453125 -0.0105323791503906 0.0555953979492187
0.0699386596679688 -0.0505256652832031 -0.0307846069335937 0.0516166687011719
0.084747314453125 -0.0039825439453125 -0.0396270751953125 0.0206146240234375
0.0555191040039063 0.0753021240234375 -0.0287990570068359 -0.0101451873779297
0.005889892578125 0.104156494140625 0.00899696350097656 0.0165843963623047
-0.0451507568359375 0.0865859985351563 -0.0340194702148438 0.0819091796875
-0.0617103576660156 0.0104179382324219 0.013580322265625 0.135948181152344
-0.0519943237304688 0.0403785705566406 0.00341796874999999 0.125938415527344
-0.0212287902832031 0.0609169006347656 0.0145797729492188 0.0762939453125
0.0309257507324219 0.0528945922851563 0.0211181640625 0.0558052062988281
0.05010986328125 0.0138435363769531 0.015960693359375 0.0376510620117188
0.0455894470214844 -0.0330238342285156 0.0143013000488281 0.03643798828125
0.0206794738769531 -0.0506362915039062 0.0178985595703125 0.0472145080566406
0.0147781372070313 -0.0498008728027344 0.0193557739257813 0.057830810546875
0.0158615112304687 -0.061279296875 0.0150604248046875 0.075469970703125
0.0293617248535156 -0.0581130981445313 -0.0145492553710937 0.0765914916992188
0.0583572387695313 -0.0322380065917969 -0.0400123596191406 0.0648612976074219
0.0651283264160156 0.00646209716796875 -0.0497093200683594 0.0260963439941406
0.0292205810546875 0.0678215026855469 -0.0331611633300781 -0.00806617736816406
-0.02008056640625 0.0763320922851563 0.00447273254394531 0.0300083160400391
-0.0585594177246094 0.0440635681152344 -0.0555419921875 0.102737426757812
0.0500411987304688 0.0123939514160156 0.0608139038085938 -0.112968444824219
0.0382232666015625 -0.0391921997070313 0.01312255859375 -0.037078857421875
-0.0109519958496094 -0.0442924499511719 0.037017822265625 0.0104255676269531
-0.0371665954589844 -0.0166587829589844 0.0724716186523437 -0.0228424072265625
-0.0352134704589844 0.0113677978515625 0.0540924072265625 -0.072784423828125
-0.0202732086181641 0.0318717956542969 0.0101242065429687 -0.101531982421875
-0.0136528015136719 0.0277271270751953 -0.0234909057617188 -0.0964126586914063
-0.0184707641601563 0.0215568542480469 -0.0284576416015625 -0.0740280151367187
-0.0239105224609375 0.0217056274414062 -0.0227813720703125 -0.0614395141601563
-0.030548095703125 0.00164031982421875 -0.0157890319824219 -0.0512123107910156
-0.0226116180419922 -0.0244064331054688 -0.0121803283691406 -0.0448455810546875
0.00656509399414063 -0.0363540649414062 -0.0121078491210938 -0.0540809631347656
0.0453453063964844 -0.0204277038574219 -0.0120010375976562 -0.0803375244140625
0.0604286193847656 0.0136337280273438 -0.00948333740234375 -0.1212158203125
0.0461349487304688 0.0433807373046875 -0.00102233886718751 -0.137062072753906
0.0399894714355469 0.0684585571289063 0.0811767578125 -0.0993804931640625
0.0544052124023438 0.00975799560546875 0.0259857177734375 -0.0283660888671875
0.0253715515136719 -0.0138626098632813 0.0459823608398438 0.0168838500976563
0.00398635864257812 -0.0176048278808594 0.084869384765625 -0.0195465087890625
-0.00567054748535156 -0.0105342864990234 0.0666885375976563 -0.072052001953125
-0.00870227813720703 -0.0045928955078125 0.0199356079101562 -0.107498168945313
-0.0150051116943359 -0.0101146697998047 -0.0193634033203125 -0.102714538574219
-0.0173206329345703 -0.0127182006835937 -0.0271453857421875 -0.0766220092773438
-0.0200767517089844 -0.0166416168212891 -0.0202369689941406 -0.0620498657226563
-0.0121536254882813 -0.0300445556640625 -0.0143547058105469 -0.0518989562988281
0.010589599609375 -0.0383377075195313 -0.0117835998535156 -0.0387001037597656
0.0418586730957031 -0.0282173156738281 -0.0118980407714844 -0.0433197021484375
0.0644569396972656 0.0174026489257813 -0.0192146301269531 -0.0650520324707031
0.064361572265625 0.0633430480957031 -0.01519775390625 -0.102210998535156
0.0352020263671875 0.0923919677734375 0.000839233398437508 -0.114578247070313
0.0207366943359375 0.115699768066406 0.0941238403320313 -0.0670089721679687
0.0575599670410156 0.0632362365722656 0.0377769470214844 -0.00691986083984375
0.057769775390625 0.0282096862792969 0.05322265625 0.0308341979980469
0.0500679016113281 -0.0092010498046875 0.0944747924804688 -0.00787353515625
0.0301570892333984 -0.0284614562988281 0.0771560668945312 -0.0617828369140625
0.00812911987304688 -0.0399589538574219 0.0296249389648437 -0.0999908447265625
-0.0128631591796875 -0.0448799133300781 -0.0119781494140625 -0.096099853515625
-0.0132789611816406 -0.0452995300292969 -0.0220756530761719 -0.0680580139160156
-0.0159187316894531 -0.0521888732910156 -0.0166854858398438 -0.0504188537597656
0.00196456909179687 -0.0601692199707031 -0.0151634216308594 -0.0418319702148438
0.0369071960449219 -0.0547065734863281 -0.0149803161621094 -0.0257167816162109
0.0699844360351563 -0.0285606384277344 -0.0161857604980469 -0.0306396484375
0.0839614868164063 0.0405044555664063 -0.027069091796875 -0.0486030578613281
0.0715408325195313 0.096771240234375 -0.0171890258789062 -0.07623291015625
0.0261306762695312 0.125846862792969 -0.0015106201171875 -0.0793228149414062
-0.00639343261718751 0.146026611328125 0.09576416015625 -0.0194625854492187
0.0466690063476563 0.111228942871094 0.044830322265625 0.0272293090820313
0.0771560668945313 0.073486328125 0.0562858581542969 0.0491104125976563
0.0911026000976563 0.009246826171875 0.0961837768554688 0.0098724365234375
0.0657310485839844 -0.0369338989257813 0.0793838500976563 -0.041717529296875
0.0282096862792969 -0.0693550109863281 0.0370941162109375 -0.079376220703125
-0.00711822509765625 -0.074249267578125 -0.00142669677734376 -0.0758743286132813
-0.008636474609375 -0.0702590942382813 -0.0139312744140625 -0.049224853515625
-0.01165771484375 -0.0800399780273438 -0.00958442687988281 -0.0297565460205078
0.0113067626953125 -0.0833282470703125 -0.0138168334960938 -0.022216796875
0.054443359375 -0.0677337646484375 -0.0179920196533203 -0.0072174072265625
0.0884170532226563 -0.0316085815429688 -0.0210056304931641 -0.0150623321533203
0.096466064453125 0.0537338256835938 -0.0307464599609375 -0.0332508087158203
0.0737380981445313 0.115531921386719 -0.0130081176757812 -0.0507164001464844
0.0161895751953125 0.141921997070313 -0.00400161743164063 -0.0362205505371094
-0.03466796875 0.148773193359375 0.0854644775390625 0.0357437133789063
0.0199508666992187 0.137931823730469 0.0424537658691406 0.0666847229003907
0.0742034912109375 0.110198974609375 0.0507164001464844 0.0682945251464844
0.113121032714844 0.0338134765625 0.085906982421875 0.0313034057617188
0.0917587280273437 -0.0329132080078125 0.0721893310546875 -0.0152435302734375
0.0471954345703125 -0.0843429565429687 0.0395698547363281 -0.0474777221679688
0.00188446044921875 -0.09130859375 0.00814437866210938 -0.0458488464355469
-0.00321197509765625 -0.0855636596679688 -0.00369644165039063 -0.0228271484375
-0.007415771484375 -0.0970687866210938 -0.000296592712402344 -0.00334787368774415
0.0175323486328125 -0.0964279174804688 -0.011683464050293 0.00351238250732421
0.0669174194335938 -0.07440185546875 -0.0205974578857422 0.0149250030517578
0.0974273681640625 -0.0309066772460938 -0.0256824493408203 -0.000482559204101566
0.0969085693359375 0.0627670288085938 -0.0304145812988281 -0.0221309661865234
0.0646896362304688 0.122406005859375 -0.00274276733398437 -0.0261516571044922
0.000946044921874987 0.140792846679688 -0.00805950164794922 0.0082840919494629
-0.0568161010742188 0.12469482421875 0.0646591186523438 0.0867996215820313
-0.01165771484375 0.132125854492188 0.032440185546875 0.102394104003906
0.04864501953125 0.121910095214844 0.0390701293945313 0.0813522338867188
0.105499267578125 0.0545883178710938 0.0659637451171875 0.0480766296386719
0.0974502563476562 -0.01934814453125 0.0559005737304688 0.0111236572265625
0.0583572387695312 -0.0827713012695313 0.0345706939697266 -0.0142059326171875
0.00958251953125 -0.0935821533203125 0.0153932571411133 -0.011225700378418
0.0040435791015625 -0.0870132446289063 0.00766849517822266 0.00576448440551757
-0.000610351562500008 -0.0994415283203125 0.00803947448730469 0.0257587432861328
0.0225982666015625 -0.09771728515625 -0.00923728942871094 0.0304908752441406
0.0714340209960938 -0.0708236694335938 -0.0244216918945313 0.0357131958007812
0.0969696044921875 -0.0224761962890625 -0.0320167541503906 0.0115070343017578
0.0844650268554688 0.070587158203125 -0.02947998046875 -0.0144805908203125
0.0433578491210938 0.119728088378906 0.00747823715209961 -0.00479936599731445
-0.0205078125 0.123382568359375 -0.0161972045898438 0.0503120422363281
-0.065948486328125 0.0759429931640625 0.040740966796875 0.124359130859375
-0.0377426147460938 0.097412109375 0.01904296875 0.125038146972656
0.013916015625 0.104835510253906 0.0260391235351563 0.084686279296875
0.0759124755859375 0.0609283447265625 0.0425529479980469 0.0572128295898438
0.0827865600585938 -0.00342559814453125 0.0355873107910156 0.0287857055664062
0.0569381713867188 -0.0649604797363281 0.0263500213623047 0.0166950225830078
0.0154266357421875 -0.0795211791992188 0.0193634033203125 0.0213184356689453
0.00904083251953125 -0.0750350952148438 0.0164413452148438 0.0344066619873047
0.0057220458984375 -0.0879135131835938 0.0149116516113281 0.0538673400878906
0.0260391235351563 -0.0854644775390625 -0.00928115844726563 0.0575790405273437
0.0685195922851563 -0.0580978393554688 -0.0297279357910156 0.0543556213378906
0.0877227783203125 -0.0102615356445313 -0.0398101806640625 0.0217208862304688
0.06317138671875 0.073944091796875 -0.0308170318603516 -0.0100021362304687
0.0140228271484375 0.1064453125 0.0110158920288086 0.0153141021728516
-0.0417404174804687 0.0926437377929687 -0.0306625366210937 0.08599853515625
-0.0635604858398438 0.015655517578125 0.0211181640625 0.140640258789062
-0.0515289306640625 0.0442390441894531 0.00917053222656251 0.130409240722656
-0.01702880859375 0.0654373168945313 0.0174713134765625 0.0787124633789063
0.0361900329589844 0.0514450073242188 0.0242424011230469 0.0580635070800781
0.0526351928710937 0.00990676879882812 0.0191612243652344 0.0382652282714844
0.0448074340820313 -0.0383262634277344 0.0178031921386719 0.0378150939941406
0.0178871154785156 -0.0534744262695313 0.0211563110351563 0.0469627380371094
0.0121803283691406 -0.0520515441894531 0.0230979919433594 0.0571937561035156
0.0111961364746094 -0.0633125305175781 0.0186614990234375 0.0766143798828125
0.0262336730957031 -0.0620956420898438 -0.0116958618164062 0.080352783203125
0.0580177307128906 -0.0383529663085937 -0.0383224487304687 0.0690994262695312
0.0679779052734375 0.00289154052734375 -0.0503730773925781 0.0282630920410156
0.0354385375976563 0.0680694580078125 -0.0349407196044922 -0.00749969482421875
-0.0162811279296875 0.0801239013671875 0.00609016418457031 0.0293292999267578
-0.0578956604003906 0.0490531921386719 -0.0508193969726563 0.1090087890625
0.0499649047851563 0.00827789306640625 0.0518417358398438 -0.119400024414063
0.0352287292480469 -0.0409927368164063 0.0098419189453125 -0.0378227233886719
-0.0137863159179688 -0.0422706604003906 0.0384635925292969 0.0100059509277344
-0.0396461486816406 -0.0146293640136719 0.0731353759765625 -0.02862548828125
-0.0348606109619141 0.0148658752441406 0.0507583618164062 -0.0764083862304688
-0.0171642303466797 0.0341968536376953 0.00376129150390626 -0.102821350097656
-0.00961875915527343 0.0282363891601562 -0.0300369262695313 -0.0947036743164063
-0.0157966613769531 0.0237998962402344 -0.0336151123046875 -0.0721054077148438
-0.0216808319091797 0.023529052734375 -0.0292320251464844 -0.0602874755859375
-0.0297622680664063 0.00599288940429687 -0.0209693908691406 -0.0505523681640625
-0.0257339477539063 -0.0216503143310547 -0.0169219970703125 -0.04656982421875
0.00374603271484375 -0.0374641418457031 -0.0149459838867188 -0.0556831359863281
0.0435562133789063 -0.0246200561523438 -0.0145645141601563 -0.08056640625
0.0624885559082031 0.00879287719726563 -0.0151443481445313 -0.121574401855469
0.0496864318847656 0.03887939453125 -0.0112762451171875 -0.139686584472656
0.0461616516113281 0.0648841857910156 0.0741500854492188 -0.106163024902344
0.0556488037109375 0.00484848022460938 0.0228328704833984 -0.0307636260986328
0.0244178771972656 -0.0167942047119141 0.0469627380371094 0.0151863098144531
0.00340557098388672 -0.0165958404541016 0.0852737426757813 -0.0241928100585937
-0.00626182556152344 -0.00927925109863281 0.064483642578125 -0.0770492553710938
-0.00749921798706055 -0.00424861907958984 0.0134506225585938 -0.1075439453125
-0.0145254135131836 -0.00713920593261719 -0.0276412963867188 -0.101951599121094
-0.0178947448730469 -0.0118160247802734 -0.0335769653320313 -0.0740585327148438
-0.0215091705322266 -0.0151023864746094 -0.0263671875 -0.060760498046875
-0.0128898620605469 -0.0295639038085938 -0.0187721252441406 -0.0507850646972656
0.00745773315429688 -0.0382347106933594 -0.0156517028808594 -0.03997802734375
0.0401878356933594 -0.0316848754882812 -0.0144996643066406 -0.0458412170410156
0.0653114318847656 0.0138320922851563 -0.0218238830566406 -0.0659904479980469
0.0686874389648438 0.0584487915039063 -0.0193405151367187 -0.102348327636719
0.0416641235351563 0.090728759765625 -0.00707244873046875 -0.116287231445313
0.0284347534179688 0.114822387695313 0.0895919799804688 -0.0739288330078125
0.0628738403320313 0.0595359802246094 0.0365486145019531 -0.00894927978515625
0.0601425170898438 0.0237884521484375 0.0559959411621094 0.0292129516601562
0.0500755310058594 -0.0118484497070313 0.096038818359375 -0.0136795043945312
0.0289154052734375 -0.0305862426757812 0.0743942260742188 -0.0674514770507813
0.0052947998046875 -0.0417289733886719 0.0236968994140625 -0.102920532226563
-0.01513671875 -0.0460052490234375 -0.0188064575195313 -0.0954742431640625
-0.017120361328125 -0.0434951782226563 -0.0276527404785156 -0.0659866333007813
-0.0183525085449219 -0.0516777038574219 -0.0218696594238281 -0.0496101379394531
-0.002838134765625 -0.0596580505371094 -0.01953125 -0.0404548645019531
0.0336761474609375 -0.0575752258300781 -0.0181388854980469 -0.025726318359375
0.0690116882324219 -0.0332679748535156 -0.0179805755615234 -0.0328617095947266
0.0877532958984375 0.0350799560546875 -0.0289421081542969 -0.048736572265625
0.0800399780273437 0.0918655395507812 -0.0216293334960938 -0.0769729614257813
0.0345611572265625 0.1256103515625 -0.00638580322265624 -0.0814971923828125
0.00396728515624999 0.146682739257813 0.0962905883789063 -0.0260238647460937
0.0539703369140625 0.108840942382812 0.0460014343261719 0.0234565734863281
0.083099365234375 0.0681991577148438 0.059234619140625 0.0457496643066406
0.0932693481445312 0.00261688232421875 0.0972900390625 0.00453948974609375
0.06512451171875 -0.0404815673828125 0.0779266357421875 -0.0461654663085938
0.02423095703125 -0.0731353759765625 0.0327835083007813 -0.0811691284179688
-0.01300048828125 -0.0741958618164063 -0.00691223144531251 -0.0764236450195313
-0.0123519897460938 -0.0699310302734375 -0.0172500610351563 -0.04803466796875
-0.0178604125976563 -0.0808868408203125 -0.0130729675292969 -0.0291576385498047
0.00390625 -0.0854568481445313 -0.0171566009521484 -0.0212249755859375
0.0508575439453125 -0.0725555419921875 -0.0192832946777344 -0.00595474243164063
0.0870437622070313 -0.037994384765625 -0.0232810974121094 -0.0163745880126953
0.102432250976563 0.046356201171875 -0.0330123901367187 -0.0337390899658203
0.0831527709960938 0.110038757324219 -0.0155105590820312 -0.0514793395996094
0.025665283203125 0.1429443359375 -0.00663375854492188 -0.0397720336914062
-0.024017333984375 0.153839111328125 0.0892257690429688 0.0303726196289063
0.0289382934570312 0.137016296386719 0.0467948913574219 0.0634269714355469
0.0843658447265625 0.104751586914062 0.0554008483886719 0.0670433044433594
0.115608215332031 0.0257949829101563 0.0876541137695313 0.0277099609375
0.0909652709960938 -0.04010009765625 0.0735855102539063 -0.0198440551757813
0.0403213500976562 -0.0890960693359375 0.0381317138671875 -0.0511589050292969
-0.0053558349609375 -0.09344482421875 0.00489044189453125 -0.0465888977050781
-0.00875854492187501 -0.0841522216796875 -0.00445938110351562 -0.0225677490234375
-0.0148696899414062 -0.0979232788085938 -0.00182175636291504 -0.00273871421813965
0.0101242065429688 -0.0986099243164063 -0.013035774230957 0.00358867645263671
0.062103271484375 -0.079620361328125 -0.0216464996337891 0.0143508911132812
0.0949020385742188 -0.03973388671875 -0.0255565643310547 0.000381469726562492
0.102218627929687 0.0562667846679688 -0.0298690795898437 -0.0227336883544922
0.0770339965820313 0.118019104003906 -0.00394439697265625 -0.0285816192626953
0.010009765625 0.141799926757813 -0.00731706619262695 0.00803899765014649
-0.0485305786132813 0.129547119140625 0.0718841552734375 0.0821685791015625
-0.00331878662109375 0.134124755859375 0.0361175537109375 0.100570678710938
0.0600357055664063 0.119857788085938 0.0423431396484375 0.0807266235351563
0.111167907714844 0.0471115112304687 0.0686988830566406 0.0468521118164063
0.0972824096679688 -0.0272369384765625 0.05670166015625 0.00696945190429687
0.0530624389648438 -0.0868377685546875 0.0355567932128906 -0.0159339904785156
0.00116729736328125 -0.0957107543945313 0.0158500671386719 -0.0121068954467773
-0.00373840332031251 -0.088043212890625 0.00689601898193359 0.00787019729614257
-0.00908660888671874 -0.0998382568359375 0.00773048400878906 0.0252971649169922
0.0150909423828125 -0.0992507934570313 -0.0101337432861328 0.0306358337402344
0.0662460327148438 -0.0784530639648437 -0.0228347778320313 0.036407470703125
0.0979690551757813 -0.0313034057617188 -0.0318126678466797 0.0115509033203125
0.0916671752929688 0.065093994140625 -0.0301361083984375 -0.0141944885253906
0.0518417358398437 0.117622375488281 0.00754117965698242 -0.00646162033081054
-0.0116729736328125 0.127235412597656 -0.011871337890625 0.0515556335449219
-0.060821533203125 0.0830230712890625 0.05029296875 0.123100280761719
-0.0325241088867188 0.101829528808594 0.0261993408203125 0.125160217285156
0.0222015380859375 0.105979919433594 0.030120849609375 0.0848846435546875
0.082000732421875 0.0555648803710938 0.0467185974121094 0.0567131042480469
0.0842056274414062 -0.00975799560546875 0.0388870239257813 0.0277137756347656
0.0527381896972656 -0.0698509216308594 0.0278282165527344 0.0155010223388672
0.00953674316406251 -0.0818023681640625 0.0214614868164063 0.019439697265625
0.00263214111328125 -0.0760650634765625 0.0183544158935547 0.0343704223632812
-0.00181579589843751 -0.0895156860351563 0.0181007385253906 0.0522994995117187
0.0191268920898438 -0.08837890625 -0.00730133056640625 0.0585098266601562
0.0643653869628906 -0.06524658203125 -0.0269126892089844 0.0561103820800781
0.0877914428710937 -0.0178909301757812 -0.0374488830566406 0.0238113403320313
0.0715713500976563 0.0706100463867188 -0.0320377349853515 -0.0102062225341797
0.02264404296875 0.106552124023438 0.0115451812744141 0.0125198364257813
-0.035430908203125 0.0966949462890625 -0.0246200561523438 0.0875778198242188
-0.061859130859375 0.0218467712402344 0.0305328369140625 0.1409912109375
-0.0482025146484375 0.0506210327148437 0.0164566040039062 0.131607055664063
-0.0115776062011719 0.0673751831054688 0.0213470458984375 0.0797576904296875
0.0410041809082031 0.0491561889648438 0.0278205871582031 0.0577278137207031
0.0550727844238281 0.00640487670898437 0.0213127136230469 0.0381088256835937
0.0420074462890625 -0.0428085327148438 0.0235252380371094 0.0363349914550781
0.0127487182617188 -0.0557861328125 0.0252189636230469 0.0461807250976562
0.00790786743164063 -0.0536766052246094 0.02667236328125 0.055938720703125
0.00487518310546875 -0.0658187866210938 0.0222930908203125 0.0764007568359375
0.0211105346679687 -0.064178466796875 -0.00615692138671875 0.0819625854492187
0.0557022094726563 -0.0442962646484375 -0.0330734252929688 0.0720291137695313
0.0702857971191406 -0.00360870361328125 -0.0491790771484375 0.0324440002441406
0.0398139953613281 0.0658493041992188 -0.0369415283203125 -0.00656509399414062
-0.008392333984375 0.0815048217773438 0.00938224792480469 0.0280437469482422
-0.0536613464355469 0.0531272888183594 -0.042449951171875 0.113525390625
0.0502586364746094 0.00533676147460938 0.0441436767578125 -0.121383666992188
0.0311355590820313 -0.0455169677734375 0.00604248046875 -0.0382804870605469
-0.0162887573242187 -0.0403366088867188 0.0379524230957031 0.00865936279296875
-0.0401649475097656 -0.010040283203125 0.0699501037597656 -0.0282859802246094
-0.0304737091064453 0.0172309875488281 0.04754638671875 -0.0786514282226563
-0.0158882141113281 0.0362167358398438 0.00180816650390625 -0.0999298095703125
-0.00974655151367188 0.0294532775878906 -0.0341949462890625 -0.0921630859375
-0.0146274566650391 0.0246982574462891 -0.0371551513671875 -0.0676612854003906
-0.0179367065429688 0.0251083374023438 -0.0291862487792969 -0.0606918334960937
-0.0309505462646484 0.00667381286621094 -0.0236053466796875 -0.0483436584472656
-0.0238361358642578 -0.0170192718505859 -0.01995849609375 -0.0437774658203125
0.00243949890136719 -0.0345420837402344 -0.0183448791503906 -0.0564155578613281
0.0403099060058594 -0.0259437561035156 -0.0166854858398437 -0.0790176391601563
0.05975341796875 0.00160980224609375 -0.0197906494140625 -0.118270874023438
0.0530128479003906 0.0364189147949219 -0.0173568725585937 -0.136528015136719
0.046356201171875 0.0606040954589844 0.0645675659179688 -0.107490539550781
0.0537796020507813 0.00160598754882813 0.0199546813964844 -0.0336151123046875
0.0231914520263672 -0.0151767730712891 0.0465087890625 0.0160675048828125
0.000829696655273438 -0.0182743072509766 0.0817337036132812 -0.0255584716796875
-0.00639247894287109 -0.00722599029541016 0.0578689575195313 -0.0765762329101563
-0.00709438323974609 -0.00165796279907226 0.00597381591796875 -0.104995727539063
-0.0138578414916992 -0.00985527038574219 -0.0323486328125 -0.100021362304688
-0.0179347991943359 -0.00868415832519531 -0.0389175415039062 -0.0700416564941406
-0.0233001708984375 -0.0145893096923828 -0.0283889770507813 -0.0572700500488281
-0.015716552734375 -0.0278987884521484 -0.0222434997558594 -0.04779052734375
0.00553512573242188 -0.0400962829589844 -0.0177078247070312 -0.0371818542480469
0.0372657775878906 -0.0325393676757813 -0.0163345336914063 -0.0471878051757813
0.0631675720214844 0.00946044921875 -0.02301025390625 -0.0641822814941406
0.0719833374023438 0.0516281127929688 -0.0243606567382813 -0.0998001098632813
0.0457992553710937 0.0840072631835938 -0.0130386352539063 -0.114006042480469
0.0348587036132813 0.112640380859375 0.0829086303710938 -0.0786972045898438
0.0638427734375 0.0533065795898437 0.0352020263671875 -0.0123138427734375
0.0619430541992188 0.0186996459960938 0.0546112060546875 0.0275230407714844
0.0478248596191406 -0.0157432556152344 0.09185791015625 -0.0181961059570313
0.0276317596435547 -0.0294876098632813 0.066650390625 -0.0681304931640625
0.00389480590820313 -0.0421943664550781 0.0185623168945313 -0.103691101074219
-0.0175704956054688 -0.0431404113769531 -0.022796630859375 -0.0942611694335938
-0.0172691345214844 -0.0427780151367188 -0.0297584533691406 -0.0622711181640625
-0.0189781188964844 -0.0485458374023438 -0.0241546630859375 -0.0488433837890625
-0.00616836547851562 -0.0602378845214844 -0.0217514038085938 -0.0365447998046875
0.0292091369628906 -0.0610237121582031 -0.0197525024414063 -0.0277347564697266
0.0660400390625 -0.0371551513671875 -0.0202388763427734 -0.0315361022949219
0.0857696533203125 0.0277862548828125 -0.0291709899902344 -0.0489158630371094
0.0837173461914063 0.08648681640625 -0.0227813720703125 -0.07391357421875
0.0393142700195313 0.1212158203125 -0.011260986328125 -0.0805587768554687
0.0127410888671875 0.143447875976563 0.0905685424804688 -0.0337905883789063
0.0595932006835937 0.100852966308594 0.0474281311035156 0.0223731994628906
0.0861740112304688 0.0627288818359375 0.0579109191894531 0.0460243225097656
0.0916748046875 -0.0054473876953125 0.0970458984375 0.0028228759765625
0.0613059997558594 -0.0458755493164063 0.075408935546875 -0.0485305786132813
0.0202484130859375 -0.0733489990234375 0.0282669067382813 -0.0834579467773438
-0.017669677734375 -0.071014404296875 -0.0120315551757813 -0.0764846801757813
-0.0176048278808594 -0.069366455078125 -0.0210494995117187 -0.0470657348632813
-0.0226287841796875 -0.0775299072265625 -0.0148468017578125 -0.0278892517089844
-0.0013885498046875 -0.0817489624023437 -0.0182075500488281 -0.0216293334960938
0.0470352172851562 -0.0735626220703125 -0.0212783813476562 -0.00506401062011719
0.0823287963867188 -0.0446624755859375 -0.0250358581542969 -0.0154800415039063
0.103485107421875 0.041595458984375 -0.0318717956542969 -0.0340213775634766
0.0875396728515625 0.102737426757812 -0.017486572265625 -0.0496978759765625
0.0337371826171875 0.140792846679688 -0.00919342041015624 -0.0401420593261719
-0.014801025390625 0.15118408203125 0.0904388427734375 0.0228805541992188
0.0380706787109375 0.131477355957031 0.0458755493164063 0.0632743835449219
0.0853805541992188 0.096923828125 0.0537223815917969 0.0637893676757813
0.114738464355469 0.0179443359375 0.0885696411132813 0.0260238647460938
0.086273193359375 -0.04180908203125 0.0718841552734375 -0.0215682983398438
0.0346832275390625 -0.0900726318359375 0.0377273559570313 -0.0522232055664063
-0.00955963134765626 -0.0920562744140625 0.00087356567382812 -0.045440673828125
-0.01434326171875 -0.0837860107421875 -0.00915908813476563 -0.0243492126464844
-0.0193405151367188 -0.0919189453125 -0.00150859355926514 -0.00177502632141114
0.00378417968750001 -0.0956802368164063 -0.0126123428344727 0.0034332275390625
0.0601348876953125 -0.0817794799804688 -0.0239334106445312 0.0164203643798828
0.0909576416015625 -0.0441513061523437 -0.0258617401123047 -0.002777099609375
0.106338500976563 0.0470504760742188 -0.0296192169189453 -0.0203933715820312
0.0814208984375 0.108688354492188 -0.00698089599609374 -0.0307426452636719
0.0163726806640625 0.137428283691406 -0.00519418716430664 0.0052475929260254
-0.0377349853515625 0.129951477050781 0.0725631713867188 0.0787277221679688
0.00344085693359375 0.133636474609375 0.0431060791015625 0.0947189331054688
0.064910888671875 0.114891052246094 0.0450439453125 0.0760726928710938
0.111434936523438 0.039276123046875 0.0721206665039063 0.0438919067382813
0.0962448120117188 -0.0318145751953125 0.0577049255371094 0.00517654418945312
0.0452346801757813 -0.0892486572265625 0.0336551666259766 -0.0149955749511719
-0.00275421142578125 -0.0953750610351562 0.0125970840454102 -0.00972747802734376
-0.00933837890625 -0.0826034545898438 0.00779819488525391 0.00491237640380859
-0.0164031982421875 -0.0995941162109375 0.00742340087890625 0.0270576477050781
0.00712585449218749 -0.0994186401367188 -0.0078125 0.0319156646728516
0.0621795654296875 -0.0796127319335937 -0.0219020843505859 0.0348987579345703
0.0969314575195313 -0.0385360717773438 -0.030242919921875 0.0126705169677734
0.095977783203125 0.0546493530273438 -0.0320034027099609 -0.0133094787597656
0.0588302612304687 0.111381530761719 0.00847959518432618 -0.00623273849487304
-0.00624847412109374 0.125869750976563 -0.0112838745117188 0.0509529113769531
-0.0520095825195313 0.0861892700195313 0.0546722412109375 0.115791320800781
-0.0236968994140625 0.101699829101563 0.0319366455078125 0.121498107910156
0.0277252197265625 0.102294921875 0.0329971313476563 0.082183837890625
0.085693359375 0.0505905151367188 0.0477218627929688 0.0538482666015625
0.08233642578125 -0.0146484375 0.0370864868164063 0.0263175964355469
0.0460968017578125 -0.07257080078125 0.0277996063232422 0.0118637084960937
0.00545501708984375 -0.079986572265625 0.0213966369628906 0.0179920196533203
-0.00197601318359375 -0.0738601684570313 0.0185527801513672 0.03033447265625
-0.00524139404296875 -0.0887222290039063 0.0180320739746094 0.0515174865722656
0.012298583984375 -0.0852890014648438 -0.00389862060546874 0.05755615234375
0.061431884765625 -0.0682373046875 -0.02398681640625 0.0589599609375
0.0854873657226563 -0.0240936279296875 -0.0366363525390625 0.0227317810058594
0.0755767822265625 0.0646514892578125 -0.0295619964599609 -0.00817489624023437
0.0281753540039062 0.104408264160156 0.0123920440673828 0.0105648040771484
-0.0302886962890625 0.097808837890625 -0.0189590454101562 0.0868072509765625
-0.0587043762207031 0.0250282287597656 0.040557861328125 0.139572143554688
-0.0443611145019531 0.049774169921875 0.0235519409179688 0.131301879882813
-0.00862503051757813 0.0667304992675781 0.0252304077148437 0.0777435302734375
0.042144775390625 0.0459671020507813 0.0279579162597656 0.0578079223632812
0.0542488098144531 -0.000469207763671875 0.0231971740722656 0.0346031188964844
0.0361976623535156 -0.0417518615722656 0.0255966186523438 0.0345611572265625
0.00792312622070312 -0.0535087585449219 0.0291633605957031 0.0428886413574219
0.00272750854492187 -0.0518417358398438 0.0302391052246094 0.0546150207519531
0.00175476074218751 -0.0663032531738281 0.0281982421875 0.0748214721679687
0.0149688720703125 -0.0642127990722656 -0.00366210937499999 0.0795745849609375
0.0535354614257813 -0.0448379516601563 -0.0322341918945313 0.071502685546875
0.0689048767089844 -0.00949859619140625 -0.0454635620117187 0.0335273742675781
0.0455818176269531 0.0646591186523437 -0.0354499816894531 -0.00546646118164063
-0.00765228271484376 0.0775146484375 0.00857353210449219 0.0283603668212891
-0.0524635314941406 0.0547828674316406 -0.037506103515625 0.112289428710938
0.0502586364746094 0.00402069091796875 0.0397491455078125 -0.120353698730469
0.0275611877441406 -0.0438804626464844 0.00325393676757813 -0.0371894836425781
-0.0183181762695313 -0.0388717651367188 0.0380592346191406 0.00727081298828125
-0.0377731323242188 -0.00810241699218749 0.0696334838867188 -0.0303497314453125
-0.0298347473144531 0.0183238983154297 0.0429458618164063 -0.0770263671875
-0.0122394561767578 0.0332164764404297 -0.00378417968750001 -0.0977783203125
-0.00652122497558594 0.0277137756347656 -0.0368499755859375 -0.0877761840820312
-0.0127086639404297 0.025604248046875 -0.0384025573730469 -0.0653648376464844
-0.0166110992431641 0.0262012481689453 -0.0318565368652344 -0.0547065734863281
-0.0268344879150391 0.00867080688476562 -0.0239410400390625 -0.0462493896484375
-0.0254020690917969 -0.0172538757324219 -0.0229415893554687 -0.0453453063964844
-0.00177001953125 -0.03619384765625 -0.0192756652832031 -0.05609130859375
0.0383529663085938 -0.0279808044433594 -0.016387939453125 -0.0781173706054688
0.0592765808105469 0.0034332275390625 -0.0218276977539062 -0.117286682128906
0.0513877868652344 0.0332908630371094 -0.0198745727539062 -0.134536743164062
0.0483055114746094 0.0572700500488281 0.061676025390625 -0.11126708984375
0.0518684387207031 -0.000331878662109375 0.017913818359375 -0.0323352813720703
0.0220909118652344 -0.0158348083496094 0.04583740234375 0.0151710510253906
0.00164508819580078 -0.0162382125854492 0.081268310546875 -0.0285491943359375
-0.00636863708496094 -0.00839138031005859 0.0560150146484375 -0.077911376953125
-0.00745534896850586 -0.00442028045654297 0.0040740966796875 -0.104522705078125
-0.0156660079956055 -0.00763511657714843 -0.035186767578125 -0.0949554443359375
-0.0170421600341797 -0.00886631011962891 -0.0387840270996094 -0.0673599243164063
-0.021331787109375 -0.0113945007324219 -0.0305442810058594 -0.054779052734375
-0.0152435302734375 -0.0253410339355469 -0.023468017578125 -0.0471420288085938
0.00455093383789063 -0.0369148254394531 -0.0205154418945312 -0.0376853942871094
0.0342674255371094 -0.0325145721435547 -0.0188522338867187 -0.0475807189941406
0.0638771057128906 0.00544357299804687 -0.0216941833496094 -0.063140869140625
0.0711288452148438 0.0494232177734375 -0.0241317749023438 -0.0978240966796875
0.048553466796875 0.0844650268554688 -0.0159378051757813 -0.113822937011719
0.036773681640625 0.10760498046875 0.0809173583984375 -0.0820465087890625
0.0636825561523438 0.050079345703125 0.0319557189941406 -0.0132160186767578
0.0605964660644531 0.0186309814453125 0.0542716979980469 0.0259628295898438
0.0476646423339844 -0.0164680480957031 0.0911941528320313 -0.0185546875
0.0252609252929688 -0.0314674377441406 0.0671882629394531 -0.0686187744140625
0.00152587890625 -0.0400848388671875 0.0166854858398438 -0.09857177734375
-0.019866943359375 -0.0428733825683594 -0.0264053344726563 -0.0902786254882813
-0.0183830261230469 -0.041046142578125 -0.0330772399902344 -0.0601463317871094
-0.0233688354492188 -0.0463981628417969 -0.0267410278320312 -0.0453758239746094
-0.00894165039062499 -0.0559234619140625 -0.0247573852539063 -0.0361976623535156
0.0267410278320312 -0.0572128295898437 -0.0214786529541016 -0.0251255035400391
0.0625343322753906 -0.0385055541992188 -0.0221366882324219 -0.0341739654541016
0.087188720703125 0.0258636474609375 -0.0285568237304688 -0.0470352172851563
0.0837020874023438 0.08111572265625 -0.02325439453125 -0.0748977661132813
0.043701171875 0.117141723632812 -0.013580322265625 -0.0807418823242187
0.0172500610351562 0.139801025390625 0.0895538330078125 -0.0354537963867187
0.0593795776367188 0.0982589721679688 0.0436172485351563 0.0183753967285156
0.0861053466796875 0.0596466064453125 0.0585212707519531 0.0437545776367188
0.0907516479492188 -0.00766754150390625 0.0936965942382813 -0.0008392333984375
0.057891845703125 -0.0462074279785156 0.0727005004882813 -0.049835205078125
0.0147933959960938 -0.0714950561523438 0.0252151489257813 -0.0807418823242188
-0.0189132690429688 -0.0710906982421875 -0.0144500732421875 -0.0728302001953125
-0.0180816650390625 -0.0652542114257813 -0.0230598449707031 -0.0428199768066406
-0.0253448486328125 -0.0742340087890625 -0.0163860321044922 -0.0257320404052734
-0.00439453124999999 -0.0810165405273438 -0.0214595794677734 -0.0192928314208984
0.0417022705078125 -0.0746688842773438 -0.0224113464355469 -0.00586509704589845
0.0795516967773438 -0.0457611083984375 -0.0233802795410156 -0.0195236206054688
0.101829528808594 0.0358352661132813 -0.0313911437988281 -0.0319042205810547
0.0896377563476563 0.0970916748046875 -0.0163841247558594 -0.0503692626953125
0.0358123779296875 0.133575439453125 -0.0112648010253906 -0.0373878479003906
-0.0106201171875 0.150131225585938 0.0871429443359375 0.0187301635742188
0.0392913818359375 0.126655578613281 0.0481452941894531 0.0558586120605469
0.0879898071289063 0.0951385498046875 0.0559768676757813 0.0629653930664063
0.115180969238281 0.0134811401367188 0.0881118774414063 0.022216796875
0.0834808349609375 -0.0457611083984375 0.0681838989257813 -0.0223388671875
0.0297470092773438 -0.089385986328125 0.0336112976074219 -0.0530357360839844
-0.0134048461914062 -0.0895843505859375 -0.0014190673828125 -0.0452804565429688
-0.0168304443359375 -0.0804824829101563 -0.0096282958984375 -0.0208339691162109
-0.0245513916015625 -0.0912704467773438 -0.00594186782836914 -0.00310134887695313
-0.000648498535156249 -0.0944671630859375 -0.0151491165161133 0.0062885284423828
0.0513687133789063 -0.08203125 -0.0220680236816406 0.0150890350341797
0.0882110595703125 -0.0467758178710938 -0.0260906219482422 -0.00316047668457031
0.10430908203125 0.0438613891601563 -0.0318164825439453 -0.0217342376708984
0.0819854736328125 0.104850769042969 -0.00403022766113281 -0.0299568176269531
0.0212173461914063 0.135993957519531 -0.00708961486816406 0.00563478469848634
-0.03326416015625 0.129173278808594 0.0757980346679688 0.0728759765625
0.01031494140625 0.128005981445313 0.0435943603515625 0.091827392578125
0.0673294067382813 0.111160278320312 0.04498291015625 0.0762481689453125
0.109756469726563 0.0340194702148437 0.0699386596679688 0.0419654846191406
0.0920562744140625 -0.0354843139648438 0.0558052062988281 0.00326919555664062
0.040252685546875 -0.0899276733398438 0.0331993103027344 -0.0198345184326172
-0.00737762451171876 -0.092864990234375 0.0125160217285156 -0.0145597457885742
-0.0120315551757812 -0.0847396850585938 0.00519275665283203 0.00547218322753906
-0.0185928344726562 -0.0942764282226563 0.0101375579833984 0.0235157012939453
0.002777099609375 -0.0956192016601563 -0.0101356506347656 0.0324840545654297
0.0566482543945312 -0.081817626953125 -0.0205497741699219 0.0365028381347656
0.091156005859375 -0.0413055419921875 -0.03033447265625 0.0113182067871094
0.0970916748046875 0.0519561767578125 -0.0297603607177734 -0.0159912109375
0.0621871948242188 0.106483459472656 0.00774288177490235 -0.010040283203125
-0.000282287597656258 0.123489379882813 -0.008544921875 0.0476913452148438
-0.0497283935546875 0.085296630859375 0.0590972900390625 0.113937377929688
-0.02008056640625 0.0996017456054688 0.03387451171875 0.115669250488281
0.03155517578125 0.099578857421875 0.0326309204101563 0.0809707641601562
0.0847854614257813 0.044830322265625 0.048736572265625 0.0537605285644531
0.0799636840820313 -0.0169601440429688 0.0407981872558594 0.0250129699707031
0.041717529296875 -0.074127197265625 0.0296707153320313 0.0109806060791016
0.000465393066406249 -0.079803466796875 0.0211219787597656 0.016326904296875
-0.005096435546875 -0.0737457275390625 0.0191745758056641 0.0310592651367187
-0.0118408203125 -0.0861129760742188 0.0195503234863281 0.0489387512207031
0.00812530517578124 -0.0863723754882813 -0.00295257568359375 0.0569381713867188
0.0549049377441406 -0.0696945190429688 -0.0227737426757813 0.055328369140625
0.0834884643554688 -0.0258941650390625 -0.0356712341308594 0.0227851867675781
0.0750198364257813 0.0606002807617188 -0.0314521789550781 -0.00832748413085937
0.0324554443359375 0.0986557006835938 0.0120658874511719 0.00877571105957032
-0.0257720947265625 0.0971603393554688 -0.0162734985351563 0.0854263305664063
-0.0567970275878906 0.0265998840332031 0.0419540405273438 0.133697509765625
-0.0400466918945312 0.0527000427246094 0.0258407592773438 0.125236511230469
-0.00477981567382813 0.0662040710449219 0.0236663818359375 0.0784530639648438
0.04510498046875 0.0425338745117188 0.0312080383300781 0.0557441711425781
0.0535202026367188 -0.00119781494140625 0.0249404907226563 0.0371856689453125
0.0350608825683594 -0.0457000732421875 0.0257930755615234 0.0326995849609375
0.006103515625 -0.0545921325683594 0.0267868041992188 0.0413093566894531
0.00241470336914062 -0.0513877868652344 0.0289535522460938 0.0509719848632812
-0.00167465209960938 -0.0620460510253906 0.0281829833984375 0.0709381103515625
0.0119857788085938 -0.0642242431640625 -0.0011138916015625 0.077850341796875
0.05035400390625 -0.0476531982421875 -0.026336669921875 0.070953369140625
0.0657463073730469 -0.011260986328125 -0.0445365905761719 0.0321617126464844
0.0472526550292969 0.0594329833984375 -0.0350723266601563 -0.00529479980468749
-0.00138854980468749 0.0780487060546875 0.0101985931396484 0.0234699249267578
-0.0476837158203125 0.0558242797851562 -0.0317001342773438 0.110374450683594
0.0490379333496094 0.00243759155273438 0.0364990234375 -0.119117736816406
0.02777099609375 -0.0445289611816406 0.00147247314453125 -0.0360336303710938
-0.0173454284667969 -0.0378150939941406 0.0371246337890625 0.00955963134765625
-0.0379676818847656 -0.00634384155273438 0.0682525634765625 -0.0302658081054688
-0.0289821624755859 0.0185070037841797 0.0441513061523437 -0.0757064819335938
-0.0113468170166016 0.0340099334716797 -0.00402832031249999 -0.0955810546875
-0.00622749328613281 0.0276412963867187 -0.0367279052734375 -0.0864639282226563
-0.0109519958496094 0.0261096954345703 -0.0384063720703125 -0.0630989074707031
-0.0159015655517578 0.0257587432861328 -0.0328865051269531 -0.0527725219726562
-0.0261516571044922 0.0093994140625 -0.025146484375 -0.0457115173339844
-0.0255050659179688 -0.0151424407958984 -0.0228538513183594 -0.0445137023925781
-0.00214004516601562 -0.0335121154785156 -0.0198707580566406 -0.0564651489257812
0.0371360778808594 -0.0272636413574219 -0.0152206420898437 -0.07763671875
0.0578994750976562 0.0018157958984375 -0.02069091796875 -0.116058349609375
0.0525665283203125 0.0326347351074219 -0.0214004516601562 -0.134834289550781
0.0484695434570312 0.0572052001953125 0.0596923828125 -0.111198425292969
0.050994873046875 -0.00117874145507813 0.015899658203125 -0.0306835174560547
0.0222587585449219 -0.0158977508544922 0.0459632873535156 0.0154762268066406
0.00221443176269531 -0.0153131484985352 0.080596923828125 -0.027496337890625
-0.00545310974121094 -0.00769281387329102 0.0556411743164063 -0.0774765014648438
-0.00793075561523438 -0.00381374359130859 0.00336456298828125 -0.103706359863281
-0.0141162872314453 -0.00722694396972656 -0.034942626953125 -0.09222412109375
-0.0161113739013672 -0.00726032257080078 -0.0387191772460937 -0.0657691955566406
-0.0200786590576172 -0.0110416412353516 -0.0325164794921875 -0.0535240173339844
-0.0151500701904297 -0.0241374969482422 -0.0258750915527344 -0.0460777282714844
0.00350570678710937 -0.0358352661132813 -0.0219535827636719 -0.0383453369140625
0.0338497161865234 -0.0327472686767578 -0.0194625854492188 -0.0483932495117188
0.0619010925292969 0.00478744506835937 -0.0203895568847656 -0.0632781982421875
0.0713882446289063 0.0481109619140625 -0.0230865478515625 -0.097412109375
0.04901123046875 0.0819168090820313 -0.0165176391601562 -0.114570617675781
0.0374221801757813 0.106880187988281 0.0775909423828125 -0.083251953125
0.0630531311035156 0.0492439270019531 0.0306758880615234 -0.0124969482421875
0.0599479675292969 0.01849365234375 0.0539512634277344 0.0279579162597656
0.0475883483886719 -0.0166397094726563 0.0910186767578125 -0.0175247192382813
0.0253982543945313 -0.0321826934814453 0.06640625 -0.067626953125
0.0012664794921875 -0.0410270690917969 0.0143966674804687 -0.098663330078125
-0.0189895629882813 -0.0415267944335938 -0.0279693603515625 -0.0876922607421875
-0.0192222595214844 -0.0393180847167969 -0.0336380004882813 -0.0580978393554688
-0.0237808227539062 -0.0454063415527344 -0.0271186828613281 -0.0438079833984375
-0.00889968872070313 -0.0554237365722656 -0.025848388671875 -0.0354804992675781
0.0252342224121094 -0.0570487976074219 -0.0230331420898437 -0.0251102447509766
0.0601654052734375 -0.0386085510253906 -0.022216796875 -0.0363349914550781
0.0857162475585937 0.0243453979492188 -0.0275802612304687 -0.0484237670898438
0.0837326049804688 0.0785980224609375 -0.0221633911132812 -0.0748519897460937
0.0444412231445312 0.116615295410156 -0.0141448974609375 -0.0812530517578125
0.0172653198242187 0.139068603515625 0.0878524780273438 -0.0382537841796875
0.0601119995117188 0.095306396484375 0.0423126220703125 0.0171546936035156
0.0861663818359375 0.0583724975585938 0.057525634765625 0.0448074340820313
0.088958740234375 -0.0078277587890625 0.0934677124023438 0.000518798828125
0.0571746826171875 -0.0466156005859375 0.0711212158203125 -0.0485076904296875
0.0142974853515625 -0.07257080078125 0.0244598388671875 -0.08062744140625
-0.0190200805664062 -0.0700607299804688 -0.015716552734375 -0.07122802734375
-0.0195159912109375 -0.0649833679199219 -0.0238304138183594 -0.0419883728027344
-0.0264129638671875 -0.0728607177734375 -0.0181522369384766 -0.0257282257080078
-0.00631713867187501 -0.078582763671875 -0.0221805572509766 -0.0166339874267578
0.0401229858398438 -0.0746383666992187 -0.0239696502685547 -0.00653648376464844
0.0782089233398437 -0.0465545654296875 -0.0254859924316406 -0.0206298828125
0.101516723632813 0.0342559814453125 -0.0307636260986328 -0.0344638824462891
0.0895919799804687 0.0953369140625 -0.0167579650878906 -0.0512847900390625
0.0371932983398438 0.134407043457031 -0.0115852355957031 -0.0390701293945313
-0.00831604003906248 0.146957397460938 0.0873260498046875 0.0161895751953125
0.0402297973632812 0.125640869140625 0.045806884765625 0.0551834106445313
0.0892715454101562 0.0936355590820313 0.053253173828125 0.0641250610351563
0.113258361816406 0.0125350952148438 0.0867080688476562 0.0227203369140625
0.0821762084960938 -0.0479583740234375 0.0683174133300781 -0.0222702026367188
0.0276947021484375 -0.0892868041992187 0.0318107604980469 -0.0529670715332031
-0.01556396484375 -0.087493896484375 -0.00179672241210937 -0.0449600219726563
-0.0179824829101563 -0.0797882080078125 -0.0111637115478516 -0.0186805725097656
-0.0255355834960938 -0.0899429321289063 -0.00574827194213867 -0.00248050689697266
-0.0036773681640625 -0.0928802490234375 -0.0171384811401367 0.00670433044433593
0.0488128662109375 -0.08447265625 -0.0223903656005859 0.0150146484375
0.0872955322265625 -0.0484390258789062 -0.0272655487060547 -0.00415611267089844
0.104446411132813 0.0425567626953125 -0.0303974151611328 -0.0234031677246094
0.0830612182617187 0.103134155273438 -0.00472068786621093 -0.0299243927001953
0.0223541259765625 0.135505676269531 -0.00773286819458008 0.00510168075561524
-0.0320358276367188 0.1290283203125 0.07659912109375 0.0703811645507813
0.010955810546875 0.126632690429687 0.042205810546875 0.0899810791015625
0.0682525634765625 0.110244750976563 0.04388427734375 0.0763702392578125
0.110641479492188 0.0314865112304688 0.0694198608398437 0.0425834655761719
0.0905532836914062 -0.0358505249023438 0.0562744140625 0.005218505859375
0.0379867553710937 -0.0898590087890625 0.0333423614501953 -0.0200881958007813
-0.0089263916015625 -0.0907211303710938 0.0114946365356445 -0.0139570236206055
-0.013031005859375 -0.0829925537109375 0.00453090667724609 0.00569391250610351
-0.0212326049804687 -0.09503173828125 0.00759315490722656 0.0233173370361328
0.000152587890624997 -0.09552001953125 -0.00968170166015625 0.0322513580322266
0.053558349609375 -0.082427978515625 -0.0204582214355469 0.0362930297851562
0.0889358520507813 -0.0413818359375 -0.0313129425048828 0.00877571105957032
0.095916748046875 0.0514144897460938 -0.0302181243896484 -0.0150985717773437
0.0631484985351562 0.105064392089844 0.00706768035888672 -0.0103816986083984
0.000556945800781246 0.123039245605469 -0.00875473022460938 0.0474891662597656
-0.0483016967773438 0.0857696533203125 0.0596923828125 0.1114501953125
-0.018768310546875 0.09869384765625 0.0335006713867188 0.114639282226562
0.0329742431640625 0.099365234375 0.0319747924804688 0.0808944702148438
0.0846786499023437 0.0422897338867188 0.0478363037109375 0.0540657043457031
0.0788421630859375 -0.0191574096679688 0.0401039123535156 0.0256614685058594
0.0394973754882813 -0.0736923217773438 0.0302314758300781 0.0100994110107422
-0.00121307373046876 -0.0789031982421875 0.0212039947509766 0.0159873962402344
-0.00734710693359375 -0.0730514526367188 0.0179309844970703 0.0303363800048828
-0.0137786865234375 -0.0854339599609375 0.0195465087890625 0.0474166870117187
0.00621032714843749 -0.0856475830078125 -0.00426483154296875 0.0567359924316406
0.0539627075195313 -0.0706024169921875 -0.0219192504882812 0.055450439453125
0.0824432373046875 -0.0278396606445313 -0.0359840393066406 0.0216598510742188
0.0757369995117188 0.0584869384765625 -0.0315093994140625 -0.00936317443847656
0.0336532592773437 0.0974273681640625 0.0122003555297852 0.00769233703613282
-0.025146484375 0.0967636108398438 -0.0157623291015625 0.08392333984375
-0.0547943115234375 0.0276870727539062 0.0427780151367188 0.132171630859375
-0.0394401550292969 0.0526809692382812 0.0247573852539062 0.123405456542969
-0.0028228759765625 0.0668830871582031 0.0235671997070313 0.077362060546875
0.0455513000488281 0.0407371520996094 0.0308914184570313 0.0572357177734375
0.0525894165039063 -0.00205612182617188 0.0262031555175781 0.0368576049804688
0.0325698852539063 -0.0460014343261719 0.0264263153076172 0.0320014953613281
0.00547027587890625 -0.0543746948242188 0.0280990600585938 0.0401153564453125
0.000133514404296875 -0.0514678955078125 0.0284881591796875 0.0505523681640625
-0.00399398803710937 -0.0638809204101562 0.0282173156738281 0.0686149597167969
0.0105972290039063 -0.0635528564453125 -0.00146484374999999 0.0782241821289063
0.0478096008300781 -0.0496139526367188 -0.0263557434082031 0.0702247619628906
0.0663566589355469 -0.0108795166015625 -0.0442886352539062 0.0309524536132813
0.0477104187011719 0.0585250854492188 -0.0356254577636719 -0.00687026977539062
0.000396728515624996 0.0771331787109375 0.0103359222412109 0.0236091613769531
-0.0473976135253906 0.0562515258789063 -0.0299758911132813 0.110321044921875
0.0485115051269531 0.00243377685546875 0.0354385375976562 -0.121658325195313
0.026397705078125 -0.04510498046875 0.000804901123046875 -0.0358161926269531
-0.01788330078125 -0.0377311706542969 0.0371780395507812 0.011627197265625
-0.0381660461425781 -0.005950927734375 0.0699844360351563 -0.0305404663085938
-0.0288715362548828 0.0197200775146484 0.0449066162109375 -0.0767440795898438
-0.0114841461181641 0.0342636108398438 -0.00429534912109375 -0.0972061157226563
-0.00463676452636719 0.0284194946289063 -0.0370101928710937 -0.0868606567382813
-0.0100612640380859 0.0274524688720703 -0.0386466979980469 -0.0634841918945313
-0.0155220031738281 0.0278110504150391 -0.0345458984375 -0.0527496337890625
-0.0249977111816406 0.0105915069580078 -0.0259361267089844 -0.0462150573730469
-0.0256557464599609 -0.0139694213867187 -0.0240669250488281 -0.0454292297363281
-0.00305557250976563 -0.0337963104248047 -0.0213508605957031 -0.0584716796875
0.0365562438964844 -0.0282135009765625 -0.0135498046875 -0.0790023803710938
0.0585136413574219 0.00175857543945313 -0.020599365234375 -0.118019104003906
0.0538101196289063 0.0320243835449219 -0.0220794677734375 -0.137626647949219
0.0488052368164063 0.0586662292480469 0.0583038330078125 -0.113922119140625
0.0505905151367188 -0.00229644775390625 0.0146160125732422 -0.0308017730712891
0.0223026275634766 -0.0162506103515625 0.0465507507324219 0.0173721313476563
0.00166702270507812 -0.0157976150512695 0.081756591796875 -0.0278778076171875
-0.004974365234375 -0.007476806640625 0.056365966796875 -0.0772933959960938
-0.00787019729614258 -0.00330305099487305 0.00304412841796875 -0.103912353515625
-0.014317512512207 -0.00691795349121093 -0.0363082885742188 -0.0934600830078125
-0.0155305862426758 -0.00717449188232422 -0.03961181640625 -0.0653038024902344
-0.0206241607666016 -0.0100536346435547 -0.0335502624511719 -0.0529441833496094
-0.0156688690185547 -0.0237464904785156 -0.0271568298339844 -0.0462150573730469
0.00259017944335938 -0.0353317260742188 -0.0233955383300781 -0.0395431518554687
0.0333728790283203 -0.0324440002441406 -0.0205841064453125 -0.0506706237792969
0.0620155334472656 0.00485610961914063 -0.0194549560546875 -0.0659141540527344
0.0718536376953125 0.0478515625 -0.0225753784179687 -0.0999298095703125
0.04986572265625 0.0829696655273438 -0.0174484252929688 -0.116874694824219
0.038360595703125 0.107833862304688 0.0773239135742188 -0.0854339599609375
0.0635948181152344 0.0484848022460937 0.0297126770019531 -0.0132408142089844
0.0613136291503906 0.018310546875 0.054046630859375 0.0297470092773437
0.047515869140625 -0.0176315307617188 0.0916366577148438 -0.0170135498046875
0.0251216888427734 -0.0317707061767578 0.068023681640625 -0.0684432983398438
0.000167846679687504 -0.0417518615722656 0.0139083862304687 -0.0998153686523438
-0.0185585021972656 -0.0418472290039063 -0.0287704467773438 -0.0880050659179688
-0.0193061828613281 -0.0389938354492187 -0.0352363586425781 -0.0573081970214844
-0.0246391296386719 -0.0451889038085938 -0.0284538269042969 -0.0430946350097656
-0.0100975036621094 -0.0548057556152344 -0.027496337890625 -0.0358085632324219
0.0249176025390625 -0.0575790405273437 -0.024566650390625 -0.0255947113037109
0.0606727600097656 -0.0395736694335938 -0.0241432189941406 -0.038330078125
0.0863723754882812 0.024322509765625 -0.02606201171875 -0.0501861572265625
0.0849609375 0.0788345336914063 -0.0223617553710938 -0.0766754150390625
0.0460052490234375 0.118232727050781 -0.015411376953125 -0.0836029052734375
0.017242431640625 0.1412353515625 0.0870437622070313 -0.0400772094726562
0.0606613159179687 0.0963134765625 0.0410079956054688 0.0168876647949219
0.0877609252929687 0.0584564208984375 0.0576324462890625 0.0470161437988281
0.0902175903320313 -0.0096282958984375 0.0949554443359375 0.0015411376953125
0.058013916015625 -0.0473976135253906 0.0733108520507812 -0.0484542846679687
0.0123367309570313 -0.0729141235351562 0.0253219604492188 -0.0816192626953125
-0.0201034545898437 -0.0708694458007813 -0.0165176391601563 -0.0716094970703125
-0.0207633972167969 -0.0644721984863281 -0.0256080627441406 -0.041229248046875
-0.0276336669921875 -0.0731277465820312 -0.0192127227783203 -0.0254001617431641
-0.00725555419921875 -0.0797119140625 -0.0252037048339844 -0.0162906646728516
0.0389404296875 -0.076568603515625 -0.0251846313476562 -0.00649070739746094
0.078826904296875 -0.0478744506835938 -0.0275421142578125 -0.022247314453125
0.102584838867188 0.0341262817382813 -0.0311546325683594 -0.0361137390136719
0.0920028686523438 0.095947265625 -0.0156822204589844 -0.0534896850585937
0.038360595703125 0.136245727539063 -0.0121078491210938 -0.041168212890625
-0.0077362060546875 0.149948120117187 0.0868377685546875 0.0152511596679688
0.04058837890625 0.126960754394531 0.0450325012207031 0.0546379089355469
0.0915145874023438 0.0943222045898438 0.0537528991699219 0.0657119750976563
0.114707946777344 0.0106353759765625 0.0872344970703125 0.0236663818359375
0.0830230712890625 -0.0494842529296875 0.0693092346191406 -0.0219497680664063
0.0263824462890625 -0.0901718139648438 0.0320243835449219 -0.0540924072265625
-0.0166168212890625 -0.0886611938476562 -0.00289535522460937 -0.0453948974609375
-0.0194854736328125 -0.0801925659179688 -0.0121345520019531 -0.0188579559326172
-0.0284271240234375 -0.09100341796875 -0.00691556930541992 -0.00209188461303712
-0.0053863525390625 -0.09368896484375 -0.0188102722167969 0.00746536254882812
0.0475387573242188 -0.08758544921875 -0.0231380462646484 0.0155029296875
0.0879058837890625 -0.0508956909179687 -0.0298328399658203 -0.00665855407714844
0.106269836425781 0.0411453247070313 -0.0316352844238281 -0.0250148773193359
0.0857772827148438 0.103378295898438 -0.00445556640625 -0.0316753387451172
0.023040771484375 0.138038635253906 -0.00842475891113281 0.00399017333984376
-0.0321121215820313 0.130043029785156 0.0770034790039063 0.0696868896484375
0.0115737915039062 0.127571105957031 0.0421676635742188 0.0904617309570313
0.0692062377929688 0.110504150390625 0.0435943603515625 0.0790023803710937
0.112930297851563 0.031402587890625 0.0701789855957031 0.0440635681152344
0.0911636352539063 -0.0383682250976563 0.0565528869628906 0.00575637817382812
0.0358963012695313 -0.0912857055664063 0.0346240997314453 -0.0209388732910156
-0.0105133056640625 -0.091033935546875 0.0104150772094727 -0.0145463943481445
-0.0149612426757812 -0.0834197998046875 0.00332403182983398 0.00646257400512695
-0.0242233276367188 -0.09649658203125 0.00749778747558594 0.0230522155761719
-0.00132751464843749 -0.0969619750976562 -0.0108604431152344 0.0338211059570312
0.0529327392578125 -0.084686279296875 -0.0216255187988281 0.0369949340820312
0.08966064453125 -0.04364013671875 -0.0330562591552734 0.00848770141601563
0.0972061157226563 0.0507354736328125 -0.0312881469726563 -0.0170402526855469
0.0643157958984375 0.104812622070313 0.00626087188720704 -0.0118303298950195
0.000755310058593744 0.124916076660156 -0.00764083862304687 0.0461692810058594
-0.0478363037109375 0.0870208740234375 0.0603790283203125 0.111732482910156
-0.0188751220703125 0.0999984741210938 0.0328140258789063 0.115875244140625
0.034332275390625 0.100715637207031 0.0312576293945313 0.08392333984375
0.0867996215820313 0.0419998168945313 0.0485382080078125 0.0558433532714844
0.0795211791992188 -0.0203323364257812 0.0404319763183594 0.026885986328125
0.0375900268554688 -0.0749588012695313 0.03082275390625 0.0102462768554687
-0.003448486328125 -0.079193115234375 0.0209159851074219 0.0166950225830078
-0.00847625732421874 -0.0737152099609375 0.0174999237060547 0.0313129425048828
-0.0156021118164062 -0.08636474609375 0.0196495056152344 0.0485076904296875
0.00393676757812501 -0.0863723754882813 -0.00499725341796875 0.0579719543457031
0.0536727905273438 -0.0728225708007813 -0.0228729248046875 0.0563087463378906
0.0832748413085938 -0.0300140380859375 -0.037567138671875 0.0213127136230469
0.0778350830078125 0.0581741333007813 -0.0324382781982422 -0.0104618072509766
0.03497314453125 0.0975570678710938 0.0128412246704102 0.00662803649902344
-0.0247650146484375 0.0976791381835938 -0.0153045654296875 0.0849761962890625
-0.0555381774902344 0.0282974243164063 0.0438003540039062 0.134048461914063
-0.0387763977050781 0.0532875061035156 0.0238800048828125 0.124954223632812
-0.0026397705078125 0.0687294006347656 0.0224380493164063 0.0799331665039063
0.0475616455078125 0.0405731201171875 0.0307273864746094 0.0592803955078125
0.0532608032226563 -0.00349807739257813 0.0261344909667969 0.0374526977539063
0.0316085815429688 -0.0469970703125 0.0268936157226563 0.0315170288085938
0.0028076171875 -0.054443359375 0.028289794921875 0.03997802734375
-0.000274658203124998 -0.0524940490722656 0.0284690856933594 0.0503082275390625
-0.00520706176757813 -0.0638771057128906 0.0283927917480469 0.0698089599609375
0.00970840454101563 -0.0647315979003906 -0.00167083740234375 0.0792922973632813
0.0471305847167969 -0.050872802734375 -0.0263137817382812 0.0709457397460938
0.0671730041503906 -0.0127334594726562 -0.0458145141601562 0.0307807922363281
0.0487747192382812 0.0577507019042969 -0.0369300842285156 -0.00756072998046875
0.00171661376953125 0.078155517578125 0.0110111236572266 0.0216102600097656
-0.0476837158203125 0.0583457946777344 -0.0289306640625 0.111366271972656
0.0490951538085937 0.00218582153320313 0.0333251953125 -0.125038146972656
0.0254669189453125 -0.0469284057617188 -0.00165367126464844 -0.0350914001464844
-0.019683837890625 -0.0394439697265625 0.0391006469726563 0.0125885009765625
-0.0390777587890625 -0.00423049926757813 0.071746826171875 -0.031951904296875
-0.0281352996826172 0.0211467742919922 0.0452804565429688 -0.08062744140625
-0.00989532470703125 0.0352859497070313 -0.00601196289062501 -0.0989761352539063
-0.00426483154296875 0.0288772583007813 -0.0405349731445313 -0.088623046875
-0.00826835632324219 0.0282115936279297 -0.0407180786132813 -0.0638084411621094
-0.0138931274414063 0.0289421081542969 -0.03668212890625 -0.0528411865234375
-0.0248661041259766 0.0119171142578125 -0.0275192260742187 -0.0461158752441406
-0.0268764495849609 -0.0128555297851563 -0.0271072387695313 -0.0465126037597656
-0.00394439697265625 -0.0334606170654297 -0.0226364135742187 -0.0609016418457031
0.0364532470703125 -0.0293846130371094 -0.0139312744140625 -0.0827178955078125
0.059906005859375 3.0517578125E-05 -0.0221176147460938 -0.121589660644531
0.0562057495117188 0.0310096740722656 -0.025115966796875 -0.141647338867187
0.0511665344238281 0.0594482421875 0.0567398071289062 -0.118385314941406
0.0509185791015625 -0.00410842895507813 0.0132522583007813 -0.0314884185791016
0.0234451293945313 -0.0170803070068359 0.04815673828125 0.0186309814453125
0.0015869140625 -0.015681266784668 0.08380126953125 -0.029296875
-0.00559854507446289 -0.00748777389526367 0.0574722290039063 -0.08123779296875
-0.00833034515380859 -0.0028691291809082 0.00186920166015625 -0.106666564941406
-0.0138769149780273 -0.00762367248535156 -0.0390548706054688 -0.0941696166992188
-0.0155181884765625 -0.00626945495605469 -0.0424880981445313 -0.0652008056640625
-0.0201053619384766 -0.00937080383300782 -0.0359992980957031 -0.0528793334960938
-0.0164031982421875 -0.023223876953125 -0.0296669006347656 -0.0460853576660156
0.00230026245117187 -0.035736083984375 -0.0260086059570313 -0.0408821105957031
0.0330905914306641 -0.0343952178955078 -0.0225296020507813 -0.0527915954589844
0.0635948181152344 0.00404739379882812 -0.0197830200195313 -0.0684776306152344
0.0750808715820313 0.0472869873046875 -0.0242080688476563 -0.103157043457031
0.053131103515625 0.0840301513671875 -0.02032470703125 -0.121742248535156
0.0406570434570312 0.110191345214844 0.0768814086914063 -0.0900421142578125
0.0655746459960938 0.0478248596191406 0.0287265777587891 -0.0136528015136719
0.0632705688476563 0.017303466796875 0.0560302734375 0.0321121215820313
0.0484962463378906 -0.0187644958496094 0.094696044921875 -0.0186538696289063
0.0251426696777344 -0.0335578918457031 0.069122314453125 -0.0714111328125
-0.0014801025390625 -0.0429306030273438 0.0126419067382812 -0.102073669433594
-0.0208053588867188 -0.0422210693359375 -0.0319442749023438 -0.0896148681640625
-0.0208015441894531 -0.0391807556152344 -0.0379753112792969 -0.0570945739746094
-0.0262107849121094 -0.0452651977539063 -0.0309562683105469 -0.0432395935058594
-0.0116844177246094 -0.0559196472167969 -0.0301132202148438 -0.034912109375
0.0241050720214844 -0.0596084594726563 -0.0272712707519531 -0.0267333984375
0.0609588623046875 -0.0416259765625 -0.0265541076660156 -0.0404624938964844
0.0883712768554688 0.0234527587890625 -0.0266571044921875 -0.0521583557128906
0.0890274047851563 0.0785064697265625 -0.0235061645507812 -0.0796966552734375
0.0495071411132813 0.121009826660156 -0.017913818359375 -0.0866470336914062
0.0204925537109375 0.144577026367188 0.08819580078125 -0.043182373046875
0.0633087158203125 0.0964202880859375 0.0406723022460938 0.0167808532714844
0.0918807983398438 0.0588531494140625 0.0588455200195313 0.0495643615722656
0.09222412109375 -0.010894775390625 0.097625732421875 0.00104522705078125
0.0577812194824219 -0.0495185852050781 0.0750198364257813 -0.0507278442382813
0.009979248046875 -0.0747833251953125 0.0243682861328125 -0.0847625732421875
-0.0230331420898437 -0.0720901489257813 -0.0189208984375 -0.0725479125976563
-0.0233345031738281 -0.0654411315917969 -0.0285606384277344 -0.0399894714355469
-0.0311279296875 -0.0740585327148438 -0.0213127136230469 -0.0253829956054688
-0.0104446411132812 -0.0807723999023438 -0.0271034240722656 -0.0149803161621094
0.03753662109375 -0.079986572265625 -0.0271129608154297 -0.00663185119628907
0.078948974609375 -0.051666259765625 -0.0301265716552734 -0.0238418579101563
0.105613708496094 0.0330810546875 -0.0319328308105469 -0.0377044677734375
0.0962677001953125 0.0958328247070312 -0.0164031982421875 -0.0566329956054688
0.0416717529296875 0.140335083007813 -0.013671875 -0.0435371398925781
-0.00488281249999999 0.154006958007813 0.0896377563476563 0.0126113891601563
0.0444107055664062 0.128593444824219 0.0454330444335938 0.0544357299804688
0.0966110229492187 0.09564208984375 0.0549468994140625 0.0689239501953125
0.117507934570312 0.007659912109375 0.0893783569335938 0.0242233276367188
0.0833663940429688 -0.0522613525390625 0.0718307495117188 -0.0230789184570313
0.0235595703125 -0.09393310546875 0.0316276550292969 -0.0563583374023438
-0.0204696655273438 -0.0909423828125 -0.00457000732421876 -0.0461158752441406
-0.0223617553710938 -0.0822906494140625 -0.0142097473144531 -0.0177021026611328
-0.031494140625 -0.0925750732421875 -0.00815296173095703 -0.00124120712280274
-0.00763702392578125 -0.095611572265625 -0.0197563171386719 0.00834846496582031
0.0459747314453125 -0.0913238525390625 -0.0247821807861328 0.0157661437988281
0.0881423950195313 -0.0544281005859375 -0.032745361328125 -0.0069732666015625
0.110298156738281 0.040313720703125 -0.0326404571533203 -0.0256080627441406
0.0902938842773438 0.104171752929688 -0.00542259216308593 -0.0342369079589844
0.026092529296875 0.141799926757813 -0.00870990753173828 0.00272560119628907
-0.0296554565429688 0.135589599609375 0.0789642333984375 0.0691452026367188
0.0132369995117188 0.130119323730469 0.04296875 0.09149169921875
0.0746307373046875 0.113990783691406 0.0437393188476563 0.0820693969726563
0.115951538085937 0.0285568237304687 0.0720291137695313 0.0447616577148438
0.09228515625 -0.0417633056640625 0.0596389770507813 0.00618743896484375
0.0333786010742188 -0.094268798828125 0.0344409942626953 -0.0218563079833984
-0.0136947631835938 -0.0931243896484375 0.0104923248291016 -0.0153741836547852
-0.0181655883789062 -0.0850753784179688 0.00224113464355469 0.00815820693969726
-0.0283050537109375 -0.0976715087890625 0.0063018798828125 0.0237960815429687
-0.0059814453125 -0.0987396240234375 -0.0111465454101563 0.0343990325927734
0.0513458251953125 -0.090240478515625 -0.0219154357910156 0.0383491516113281
0.0903396606445313 -0.0476455688476563 -0.0347900390625 0.0087146759033203
0.101829528808594 0.0488128662109375 -0.0327262878417969 -0.0177764892578125
0.0692672729492187 0.10650634765625 0.00668144226074219 -0.0134315490722656
0.00286865234375 0.12933349609375 -0.00797653198242188 0.0481986999511719
-0.0470123291015625 0.0904312133789063 0.0644149780273438 0.113319396972656
-0.0175628662109375 0.102897644042969 0.0339126586914063 0.117973327636719
0.0377120971679688 0.103866577148437 0.0323715209960937 0.0865936279296875
0.0896530151367188 0.0398178100585938 0.0503654479980469 0.0581207275390625
0.0811843872070313 -0.0235748291015625 0.0434989929199219 0.0280227661132813
0.035858154296875 -0.0777053833007813 0.0324630737304688 0.00927352905273437
-0.0060882568359375 -0.08135986328125 0.0219650268554688 0.0159263610839844
-0.0109634399414063 -0.075927734375 0.0175266265869141 0.0319175720214844
-0.01983642578125 -0.0887374877929688 0.0202140808105469 0.0496063232421875
0.00104522705078124 -0.0889663696289063 -0.00510787963867187 0.0603981018066406
0.0520172119140625 -0.0771713256835937 -0.0219879150390625 0.0579414367675781
0.0849380493164063 -0.0336380004882813 -0.0400276184082031 0.0219192504882812
0.0821456909179688 0.057952880859375 -0.0341911315917969 -0.0120582580566406
0.0383148193359375 0.100387573242188 0.0131664276123047 0.00541877746582032
-0.0229873657226563 0.10205078125 -0.0139007568359375 0.0863418579101562
-0.0554924011230469 0.0310821533203125 0.0476226806640625 0.135597229003906
-0.0390701293945313 0.0557594299316406 0.02618408203125 0.127883911132813
-0.000755310058593744 0.0710830688476563 0.0233917236328125 0.08251953125
0.0491943359375 0.0399818420410156 0.0337562561035156 0.0613059997558594
0.0540542602539063 -0.00592803955078125 0.0286140441894531 0.0397109985351563
0.0303192138671875 -0.04913330078125 0.0286769866943359 0.0315170288085938
0.00207138061523438 -0.0555953979492188 0.029815673828125 0.0408782958984375
-0.00304794311523438 -0.054107666015625 0.0305900573730469 0.0523109436035156
-0.0081787109375 -0.0661048889160156 0.030303955078125 0.0707778930664063
0.00728607177734375 -0.0663604736328125 -0.000495910644531241 0.0821380615234375
0.0466995239257813 -0.0542945861816406 -0.0268630981445312 0.074127197265625
0.0681343078613281 -0.0156059265136719 -0.0481643676757812 0.0317802429199219
0.0520744323730469 0.0581779479980469 -0.03875732421875 -0.00703048706054688
0.00343322753906251 0.0800247192382813 0.0117549896240234 0.0221900939941406
-0.0476417541503906 0.0602035522460937 -0.02734375 0.114738464355469
0.0501213073730469 0.00025177001953125 0.0277557373046875 -0.129615783691406
0.0226402282714844 -0.0490074157714844 -0.00380706787109375 -0.0350685119628906
-0.0216636657714844 -0.0387840270996094 0.0420761108398438 0.0126609802246094
-0.0394744873046875 -0.00159835815429688 0.0726852416992188 -0.0346755981445313
-0.0276107788085938 0.0233879089355469 0.04345703125 -0.0836868286132813
-0.00809860229492187 0.036834716796875 -0.00913238525390626 -0.100730895996094
-0.00214767456054687 0.0294742584228516 -0.0447998046875 -0.0881118774414063
-0.00640106201171875 0.0289554595947266 -0.0442466735839844 -0.063690185546875
-0.01177978515625 0.0306816101074219 -0.0401763916015625 -0.0517845153808594
-0.024688720703125 0.0138778686523438 -0.03033447265625 -0.0465049743652344
-0.0272254943847656 -0.0110397338867188 -0.0304679870605469 -0.0471954345703125
-0.00555801391601562 -0.0333461761474609 -0.0262565612792969 -0.0625038146972656
0.0349540710449219 -0.0315189361572266 -0.015655517578125 -0.0851974487304688
0.0615692138671875 -0.00297164916992188 -0.0264205932617188 -0.123435974121094
0.0585556030273438 0.0290031433105469 -0.0322723388671875 -0.144744873046875
0.0539970397949219 0.0584220886230469 0.0517501831054687 -0.123695373535156
0.0507659912109375 -0.00634765625 0.0108776092529297 -0.0325527191162109
0.0223312377929688 -0.0184745788574219 0.0502548217773438 0.0184669494628906
0.000557899475097658 -0.01611328125 0.0854034423828125 -0.0326766967773437
-0.00537109375 -0.00713777542114258 0.0560531616210938 -0.0845565795898438
-0.00863933563232422 -0.00257635116577149 -0.00219726562500001 -0.10919189453125
-0.0152187347412109 -0.00681495666503906 -0.0441207885742188 -0.094390869140625
-0.0152397155761719 -0.00547409057617188 -0.0461807250976563 -0.064666748046875
-0.0209159851074219 -0.00812149047851563 -0.0399818420410156 -0.0526161193847656
-0.0179634094238281 -0.0219516754150391 -0.0328788757324219 -0.0456047058105469
0.000747680664062502 -0.0357170104980469 -0.0298843383789063 -0.0412483215332031
0.0319976806640625 -0.0356025695800781 -0.0257148742675781 -0.05462646484375
0.0648117065429688 0.00157928466796875 -0.020782470703125 -0.071044921875
0.0782012939453125 0.04510498046875 -0.027618408203125 -0.106246948242188
0.0581817626953125 0.0839080810546875 -0.0269241333007812 -0.124343872070313
0.0457992553710937 0.111900329589844 0.0737762451171875 -0.095794677734375
0.0674705505371094 0.0456504821777344 0.0270423889160156 -0.0151233673095703
0.0656814575195313 0.0150375366210938 0.0586090087890625 0.0317268371582031
0.0482864379882812 -0.0217094421386719 0.096343994140625 -0.0216293334960938
0.0243606567382813 -0.0349636077880859 0.0684280395507813 -0.0748519897460938
-0.00344467163085937 -0.0430831909179688 0.00893402099609374 -0.104850769042969
-0.0235633850097656 -0.0428009033203125 -0.0366058349609375 -0.0888748168945313
-0.0224151611328125 -0.0388450622558594 -0.041351318359375 -0.0555038452148438
-0.0290679931640625 -0.0447959899902344 -0.0347900390625 -0.04241943359375
-0.0145492553710937 -0.0554733276367188 -0.0333061218261719 -0.0336933135986328
0.0211753845214844 -0.0612297058105469 -0.0304145812988281 -0.0263290405273438
0.0603446960449219 -0.0449333190917969 -0.029754638671875 -0.0418205261230469
0.0912094116210937 0.0207977294921875 -0.028564453125 -0.0543937683105469
0.0938720703125 0.0763320922851563 -0.0262985229492187 -0.0820236206054688
0.055328369140625 0.122459411621094 -0.0218048095703125 -0.0885696411132812
0.0260009765625 0.147842407226563 0.0876235961914063 -0.0485992431640625
0.0673904418945313 0.095458984375 0.0404167175292969 0.0155029296875
0.0961761474609375 0.0566635131835938 0.0621871948242188 0.050445556640625
0.0932159423828125 -0.0157241821289063 0.0999298095703125 -0.00160980224609375
0.0567741394042969 -0.0531692504882813 0.074920654296875 -0.05340576171875
0.00688934326171874 -0.076202392578125 0.0214462280273437 -0.087799072265625
-0.0273666381835938 -0.072723388671875 -0.023162841796875 -0.0731887817382813
-0.0265350341796875 -0.065948486328125 -0.0305747985839844 -0.038818359375
-0.035400390625 -0.07373046875 -0.0247230529785156 -0.0245132446289063
-0.0137786865234375 -0.0812454223632813 -0.0294628143310547 -0.0140495300292969
0.033477783203125 -0.082855224609375 -0.0291004180908203 -0.00613594055175782
0.0773544311523438 -0.0554122924804688 -0.033111572265625 -0.0242652893066406
0.109893798828125 0.0297622680664062 -0.0334968566894531 -0.0394859313964844
0.102775573730469 0.093719482421875 -0.0185508728027344 -0.0583915710449219
0.048126220703125 0.142181396484375 -0.0161705017089844 -0.0448417663574219
0.000457763671875007 0.157623291015625 0.09027099609375 0.00792694091796876
0.0492095947265625 0.128623962402344 0.0468711853027344 0.0539588928222656
0.10223388671875 0.0943374633789063 0.0579566955566406 0.0702171325683594
0.119827270507812 0.0029296875 0.092987060546875 0.0230636596679688
0.0820541381835938 -0.0570220947265625 0.0731277465820313 -0.0245819091796875
0.0189437866210937 -0.0961151123046875 0.0303382873535156 -0.0590591430664063
-0.0257034301757812 -0.0912628173828125 -0.00716781616210937 -0.0467262268066406
-0.0264434814453125 -0.0825424194335938 -0.0156936645507813 -0.0164833068847656
-0.0383224487304687 -0.09228515625 -0.00917911529541016 -0.000647544860839851
-0.0136642456054688 -0.097137451171875 -0.0212211608886719 0.0111045837402344
0.0420074462890625 -0.0947036743164063 -0.0259685516357422 0.0166568756103516
0.0870361328125 -0.059539794921875 -0.0349864959716797 -0.00699043273925781
0.114387512207031 0.0365524291992188 -0.0347518920898437 -0.0267524719238281
0.097076416015625 0.102439880371094 -0.00649261474609374 -0.0361747741699219
0.0324249267578125 0.144805908203125 -0.00951385498046875 0.00158023834228516
-0.0255661010742188 0.139030456542969 0.0828704833984375 0.0659561157226563
0.018707275390625 0.132080078125 0.0452423095703125 0.0909652709960938
0.0811843872070313 0.113670349121094 0.0484161376953125 0.0838394165039063
0.120529174804688 0.023681640625 0.075164794921875 0.0445480346679688
0.0915756225585938 -0.0463714599609375 0.061798095703125 0.0047607421875
0.0287246704101562 -0.0965499877929687 0.0346717834472656 -0.0244026184082031
-0.0194015502929688 -0.0948333740234375 0.0084543228149414 -0.0149497985839844
-0.0225296020507813 -0.085906982421875 0.00213623046875 0.00879383087158202
-0.0349273681640625 -0.0977859497070313 0.00747108459472656 0.0251617431640625
-0.0107040405273438 -0.100143432617188 -0.0117645263671875 0.0372352600097656
0.0462417602539062 -0.094940185546875 -0.0216941833496094 0.0392379760742187
0.0894699096679688 -0.0540008544921875 -0.0374221801757812 0.00897598266601562
0.106498718261719 0.04583740234375 -0.0350608825683594 -0.0175609588623047
0.0758514404296875 0.104682922363281 0.00634860992431641 -0.015080451965332
0.00806427001953126 0.133026123046875 -0.006988525390625 0.04791259765625
-0.0448837280273437 0.094573974609375 0.069915771484375 0.112228393554688
-0.0134735107421875 0.105155944824219 0.0382614135742188 0.118606567382812
0.043121337890625 0.105133056640625 0.034942626953125 0.0888290405273438
0.0930328369140625 0.0365371704101563 0.05352783203125 0.0583686828613281
0.0811538696289063 -0.0282974243164063 0.0452995300292969 0.0274734497070312
0.032379150390625 -0.0807342529296875 0.0332107543945312 0.00782585144042968
-0.0104293823242188 -0.0823822021484375 0.0229549407958984 0.0159931182861328
-0.0156173706054688 -0.0763931274414063 0.0189037322998047 0.0324897766113281
-0.0259475708007813 -0.089263916015625 0.0224037170410156 0.0495338439941406
-0.0041656494140625 -0.0903701782226563 -0.00308609008789063 0.0623054504394531
0.0479583740234375 -0.0820083618164062 -0.021240234375 0.0594215393066406
0.08416748046875 -0.0386734008789063 -0.0411224365234375 0.0231819152832031
0.0868072509765625 0.055084228515625 -0.0363121032714844 -0.0112991333007813
0.0434494018554687 0.0995025634765625 0.0136394500732422 0.00403976440429688
-0.019622802734375 0.106071472167969 -0.0105667114257813 0.0880966186523438
-0.0556297302246094 0.0339088439941406 0.053680419921875 0.136299133300781
-0.0373458862304688 0.0581855773925781 0.0303497314453125 0.130088806152344
0.00376129150390625 0.073272705078125 0.0255966186523437 0.0846481323242187
0.0522956848144531 0.03765869140625 0.0362815856933594 0.0633468627929688
0.0548210144042969 -0.008819580078125 0.0317649841308594 0.0400810241699219
0.0273666381835938 -0.05169677734375 0.0308418273925781 0.0312271118164062
-0.00147247314453125 -0.0567131042480469 0.0323638916015625 0.0400848388671875
-0.00643157958984375 -0.0551223754882812 0.0324058532714844 0.0517196655273437
-0.0132980346679687 -0.0673599243164063 0.0334930419921875 0.0710296630859375
0.00352859497070313 -0.0686683654785156 0.00179290771484375 0.0838546752929688
0.0441932678222656 -0.0585594177246094 -0.0243911743164063 0.0759201049804688
0.0687522888183594 -0.0193862915039063 -0.04888916015625 0.0339889526367188
0.0563468933105469 0.05743408203125 -0.0404319763183594 -0.00687026977539062
0.00716400146484375 0.0812759399414063 0.0125656127929688 0.0208473205566406
-0.0461196899414063 0.064605712890625 -0.0229949951171875 0.11767578125
0.0500946044921875 -0.001129150390625 0.020843505859375 -0.130813598632813
0.0191688537597656 -0.0506515502929688 -0.00687599182128906 -0.0344390869140625
-0.0238685607910156 -0.038116455078125 0.0430641174316406 0.01214599609375
-0.0390548706054688 0.000396728515625006 0.0718917846679688 -0.0373458862304688
-0.0265731811523438 0.0246181488037109 0.0395660400390625 -0.0854034423828125
-0.00560379028320312 0.03717041015625 -0.0127716064453125 -0.100448608398438
-9.15527343750006E-05 0.0293083190917969 -0.0484085083007813 -0.0866165161132813
-0.00396919250488281 0.028717041015625 -0.046478271484375 -0.0613899230957031
-0.00907135009765625 0.0315322875976563 -0.0429496765136719 -0.0497550964355469
-0.0235691070556641 0.0154361724853516 -0.0335044860839844 -0.0451431274414063
-0.0274410247802734 -0.00921249389648437 -0.0332450866699219 -0.0464897155761719
-0.00702095031738281 -0.0326175689697266 -0.0293388366699219 -0.0626754760742188
0.0329627990722656 -0.0327739715576172 -0.018218994140625 -0.086395263671875
0.0604972839355469 -0.00621795654296875 -0.0312881469726563 -0.12310791015625
0.0598106384277344 0.0263938903808594 -0.0389556884765625 -0.143096923828125
0.0569114685058594 0.0572853088378906 0.0452880859375 -0.126754760742188
0.0491561889648438 -0.00914382934570313 0.00860595703125 -0.0322895050048828
0.0214710235595703 -0.0197849273681641 0.0517005920410156 0.0182075500488281
0.000330924987792969 -0.0157556533813477 0.084381103515625 -0.03570556640625
-0.0052638053894043 -0.00655889511108398 0.0527496337890625 -0.0870819091796875
-0.00893878936767578 -0.00165557861328125 -0.00650787353515626 -0.108596801757813
-0.0154886245727539 -0.005859375 -0.048431396484375 -0.092041015625
-0.0150575637817383 -0.00474071502685547 -0.0485458374023437 -0.0619735717773438
-0.0199909210205078 -0.00696563720703125 -0.0430679321289063 -0.0500984191894531
-0.0179805755615234 -0.0205402374267578 -0.035308837890625 -0.0435714721679688
-0.00115585327148438 -0.035003662109375 -0.0325431823730469 -0.0399436950683594
0.0301132202148438 -0.0365333557128906 -0.0286903381347656 -0.0546531677246094
0.0645408630371094 -0.0008392333984375 -0.0226211547851563 -0.0717544555664063
0.0794219970703125 0.0409011840820313 -0.0317916870117187 -0.1055908203125
0.061676025390625 0.0808792114257813 -0.031951904296875 -0.123519897460938
0.0506973266601563 0.110160827636719 0.0681610107421875 -0.0998001098632813
0.06793212890625 0.0425872802734375 0.0243701934814453 -0.0162563323974609
0.0667686462402344 0.0122222900390625 0.0605392456054688 0.0310630798339844
0.0474739074707031 -0.0243759155273438 0.0956497192382813 -0.0244827270507812
0.0227890014648438 -0.0353317260742188 0.065887451171875 -0.0775985717773438
-0.00572967529296875 -0.0423545837402344 0.00485992431640626 -0.105247497558594
-0.0258827209472656 -0.0416603088378906 -0.0402984619140625 -0.0871200561523437
-0.0239105224609375 -0.0378494262695312 -0.0439109802246094 -0.052734375
-0.0314292907714844 -0.0424308776855469 -0.0378456115722656 -0.0404624938964844
-0.0171165466308594 -0.0536270141601563 -0.0356674194335938 -0.0315437316894531
0.0174369812011719 -0.0616722106933594 -0.0330600738525391 -0.0253219604492188
0.0576095581054688 -0.0474472045898438 -0.0324859619140625 -0.0414047241210937
0.0918502807617187 0.0167770385742188 -0.0301246643066406 -0.055145263671875
0.0974197387695313 0.0718841552734375 -0.0301055908203125 -0.0824203491210938
0.06085205078125 0.119911193847656 -0.0266036987304687 -0.0882415771484375
0.0319976806640625 0.1466064453125 0.0839309692382813 -0.0537109375
0.0706405639648438 0.0919189453125 0.0388832092285156 0.0138473510742188
0.0994415283203125 0.0523529052734375 0.0644760131835938 0.0495262145996094
0.0921249389648437 -0.0195846557617188 0.100364685058594 -0.004638671875
0.0540885925292969 -0.0563507080078125 0.074066162109375 -0.0567855834960938
0.00277709960937499 -0.0758819580078125 0.0177993774414062 -0.0886306762695313
-0.0310440063476562 -0.0707778930664063 -0.0270309448242187 -0.0714035034179687
-0.02935791015625 -0.06396484375 -0.0322341918945312 -0.0357704162597656
-0.0391387939453125 -0.0719146728515625 -0.0265636444091797 -0.0224170684814453
-0.0183029174804687 -0.079742431640625 -0.0311832427978516 -0.0117588043212891
0.02899169921875 -0.08447265625 -0.0310554504394531 -0.00544738769531251
0.0747528076171875 -0.058990478515625 -0.0355262756347656 -0.023956298828125
0.110870361328125 0.0252151489257813 -0.0349769592285156 -0.0393333435058594
0.106590270996094 0.0883941650390625 -0.0214958190917969 -0.0594367980957031
0.0543975830078125 0.140655517578125 -0.0192642211914062 -0.0448455810546875
0.00645446777343749 0.158355712890625 0.0897750854492188 0.00316619873046876
0.0537338256835938 0.125961303710938 0.0474166870117188 0.0515174865722656
0.107345581054688 0.0899505615234375 0.0601615905761719 0.069122314453125
0.119796752929688 -0.00341796875 0.094146728515625 0.0199127197265625
0.0796051025390625 -0.0607986450195313 0.0732574462890625 -0.0271835327148438
0.0138778686523438 -0.0969467163085937 0.0277481079101562 -0.0608634948730469
-0.030029296875 -0.089752197265625 -0.00964355468750001 -0.0460281372070313
-0.0309829711914063 -0.080780029296875 -0.0168256759643555 -0.0141210556030273
-0.044036865234375 -0.0900344848632813 -0.0108156204223633 0.000272750854492184
-0.0193634033203125 -0.0954818725585938 -0.0216064453125 0.0125141143798828
0.0356063842773437 -0.0968856811523438 -0.0269737243652344 0.0173568725585937
0.0835189819335938 -0.0638198852539063 -0.037139892578125 -0.00608825683593751
0.1162109375 0.031463623046875 -0.0359420776367187 -0.0271339416503906
0.101104736328125 0.0976791381835938 -0.00825881958007811 -0.037353515625
0.0388336181640625 0.143722534179688 -0.0105409622192383 0.00200462341308595
-0.019622802734375 0.141036987304688 0.0849227905273438 0.0619125366210938
0.0236663818359375 0.130714416503906 0.04736328125 0.089569091796875
0.087005615234375 0.110244750976562 0.0501480102539063 0.083221435546875
0.120536804199219 0.0175323486328125 0.0770339965820313 0.0429000854492187
0.0885772705078125 -0.0510787963867187 0.0627784729003906 0.00294876098632812
0.0231781005859375 -0.0981674194335938 0.0329189300537109 -0.0259475708007813
-0.0248794555664062 -0.093719482421875 0.00806999206542969 -0.0146808624267578
-0.027008056640625 -0.0851898193359375 0.00160980224609375 0.00937557220458984
-0.0410003662109375 -0.0952529907226563 0.00740242004394531 0.0246734619140625
-0.0167083740234375 -0.0996627807617188 -0.0106239318847656 0.0374832153320312
0.0406951904296875 -0.0967864990234375 -0.0213546752929688 0.0400962829589844
0.0861129760742188 -0.0584793090820312 -0.0388450622558594 0.0100288391113281
0.108711242675781 0.0411224365234375 -0.0360679626464844 -0.017181396484375
0.0810928344726563 0.100967407226563 0.00510978698730469 -0.0174674987792969
0.0139846801757813 0.1334228515625 -0.00498199462890624 0.0469741821289063
-0.0403900146484375 0.0968704223632813 0.0741958618164063 0.108177185058594
-0.00932312011718751 0.1055908203125 0.0419769287109375 0.116867065429687
0.0487518310546875 0.104255676269531 0.037384033203125 0.0880355834960938
0.094940185546875 0.031890869140625 0.0560874938964844 0.0573158264160156
0.0794525146484375 -0.0324249267578125 0.0478553771972656 0.0266838073730469
0.027130126953125 -0.0814361572265625 0.0338172912597656 0.00601959228515624
-0.0155715942382813 -0.081756591796875 0.0227165222167969 0.0148658752441406
-0.0200958251953125 -0.0756378173828125 0.0192108154296875 0.0327720642089844
-0.0319595336914063 -0.0872116088867188 0.0240058898925781 0.0487937927246094
-0.00975036621093749 -0.0903396606445313 -0.000961303710937507 0.0623931884765625
0.0429763793945313 -0.085174560546875 -0.0193519592285156 0.0596923828125
0.081787109375 -0.0434112548828125 -0.0413551330566406 0.0250396728515625
0.0892181396484375 0.0507965087890625 -0.03741455078125 -0.0102500915527344
0.0487899780273437 0.0974960327148438 0.0137605667114258 0.00212097167968751
-0.0150527954101563 0.107200622558594 -0.00653839111328125 0.0875701904296875
-0.0537605285644531 0.0361671447753906 0.0596771240234375 0.133918762207031
-0.0355415344238281 0.0601577758789062 0.0353012084960937 0.128761291503906
0.0072174072265625 0.073272705078125 0.0284347534179688 0.0851516723632812
0.0540351867675781 0.0348892211914063 0.0389785766601563 0.0625
0.05389404296875 -0.0121612548828125 0.0344352722167969 0.0397186279296875
0.0237312316894531 -0.0528297424316406 0.0319023132324219 0.0296287536621094
-0.00437164306640626 -0.0571403503417969 0.0341339111328125 0.0382194519042969
-0.009521484375 -0.054656982421875 0.034271240234375 0.0506629943847656
-0.0176925659179687 -0.0655784606933594 0.0366973876953125 0.0699501037597656
-0.00120925903320313 -0.0686798095703125 0.00534820556640625 0.0841064453125
0.0400276184082031 -0.0611839294433594 -0.0211639404296875 0.0772476196289063
0.0674209594726563 -0.0231094360351563 -0.0482139587402344 0.0355186462402344
0.0591964721679688 0.0545196533203125 -0.041290283203125 -0.005950927734375
0.0108108520507812 0.0809326171875 0.013641357421875 0.0190067291259766
-0.0431480407714844 0.0666351318359375 -0.0173797607421875 0.117607116699219
0.0499649047851563 -0.00213241577148438 0.0160903930664063 -0.128707885742188
0.0167808532714844 -0.0499763488769531 -0.00860404968261718 -0.03271484375
-0.0250587463378906 -0.0368728637695312 0.0442924499511719 0.0119056701660156
-0.0379638671875 0.001678466796875 0.0708084106445313 -0.038787841796875
-0.0244064331054688 0.0251045227050781 0.0373077392578125 -0.0853118896484375
-0.0040740966796875 0.0365447998046875 -0.0149765014648438 -0.0980300903320313
0.000991821289062498 0.0289306640625 -0.0504379272460938 -0.0838165283203125
-0.0017547607421875 0.0284004211425781 -0.0476837158203125 -0.0593070983886719
-0.00684738159179687 0.0310001373291016 -0.0436058044433594 -0.0474090576171875
-0.02197265625 0.0165290832519531 -0.0345344543457031 -0.0437736511230469
-0.0270652770996094 -0.00720405578613281 -0.0344047546386719 -0.0443801879882813
-0.00778579711914063 -0.0318641662597656 -0.0305595397949219 -0.0623931884765625
0.0312271118164063 -0.0335693359375 -0.0187301635742187 -0.0861434936523438
0.0590019226074219 -0.00823974609375 -0.032958984375 -0.121353149414062
0.0596466064453125 0.0237274169921875 -0.0416259765625 -0.140716552734375
0.0582656860351562 0.0553207397460938 0.039520263671875 -0.126182556152344
0.0467987060546875 -0.0100212097167969 0.00532150268554688 -0.0321197509765625
0.0207099914550781 -0.0201148986816406 0.0526351928710937 0.0177078247070312
0.000474929809570314 -0.0155811309814453 0.0831375122070313 -0.036529541015625
-0.00495147705078125 -0.0058441162109375 0.0503082275390625 -0.0873260498046875
-0.008819580078125 -0.00156402587890625 -0.00912475585937501 -0.107009887695313
-0.0153532028198242 -0.00539588928222656 -0.0504913330078125 -0.0894012451171875
-0.0142192840576172 -0.00440597534179687 -0.0492744445800781 -0.0584297180175781
-0.0197048187255859 -0.005584716796875 -0.0438156127929688 -0.0474815368652344
-0.0182876586914063 -0.0188369750976562 -0.0365409851074219 -0.0421791076660156
-0.00152015686035156 -0.0335330963134766 -0.03436279296875 -0.0389823913574219
0.0285186767578125 -0.0362358093261719 -0.031005859375 -0.0546989440917969
0.0630302429199219 -0.00229644775390625 -0.0227508544921875 -0.0721206665039063
0.0790786743164063 0.0376663208007813 -0.0334243774414063 -0.104537963867188
0.062835693359375 0.0783538818359375 -0.0355300903320312 -0.121597290039062
0.0530471801757813 0.108047485351562 0.0628280639648438 -0.101112365722656
0.0670280456542969 0.0398941040039063 0.0219440460205078 -0.0163974761962891
0.065826416015625 0.0100975036621094 0.0609397888183594 0.0306434631347656
0.0457077026367187 -0.0249366760253906 0.0943374633789063 -0.02557373046875
0.0215950012207031 -0.0357017517089844 0.06365966796875 -0.07818603515625
-0.00732040405273437 -0.0412750244140625 0.00204467773437501 -0.104156494140625
-0.0273551940917969 -0.0399360656738281 -0.0424957275390625 -0.084320068359375
-0.0244712829589844 -0.0364303588867187 -0.0444412231445313 -0.0498161315917969
-0.031524658203125 -0.0405731201171875 -0.039276123046875 -0.0373420715332031
-0.0181159973144531 -0.0517158508300781 -0.0372200012207031 -0.0298881530761719
0.0153045654296875 -0.0604438781738281 -0.0344562530517578 -0.0246143341064453
0.0552520751953125 -0.048187255859375 -0.0344810485839844 -0.0408859252929688
0.0915679931640625 0.014617919921875 -0.0302658081054687 -0.056182861328125
0.0974960327148438 0.06805419921875 -0.0312042236328125 -0.0821990966796875
0.0633621215820313 0.116691589355469 -0.029083251953125 -0.0869827270507812
0.0354766845703125 0.144866943359375 0.080413818359375 -0.0559234619140625
0.0696792602539063 0.0884170532226563 0.0371284484863281 0.0123100280761719
0.0993576049804688 0.0491561889648438 0.0645103454589844 0.0492820739746094
0.0897216796875 -0.0223541259765625 0.0992889404296875 -0.00615692138671875
0.0520401000976563 -0.0556716918945313 0.0722427368164063 -0.0570220947265625
-0.000297546386718756 -0.0747528076171875 0.0152587890625 -0.0879135131835938
-0.0331840515136719 -0.0689125061035156 -0.0285148620605469 -0.06915283203125
-0.0304985046386719 -0.062286376953125 -0.0329742431640625 -0.0334243774414063
-0.0421600341796875 -0.0688438415527344 -0.0275707244873047 -0.0206356048583984
-0.0206146240234375 -0.0774002075195313 -0.03179931640625 -0.0103893280029297
0.0248565673828125 -0.0836715698242187 -0.0325832366943359 -0.00473976135253907
0.0716400146484375 -0.0601959228515625 -0.0378341674804687 -0.0239295959472656
0.110397338867188 0.0216522216796875 -0.0351448059082031 -0.0405082702636719
0.107734680175781 0.0845184326171875 -0.0225830078125 -0.0596160888671875
0.0571823120117188 0.137733459472656 -0.0202789306640625 -0.0440025329589844
0.0109405517578125 0.156356811523437 0.08740234375 -0.00033569335937499
0.054473876953125 0.122055053710938 0.0462379455566406 0.0489540100097656
0.108955383300781 0.08587646484375 0.0611152648925781 0.06829833984375
0.117210388183594 -0.00661468505859375 0.093353271484375 0.01861572265625
0.0758438110351562 -0.0616607666015625 0.0721206665039063 -0.0280380249023438
0.0101394653320313 -0.0950927734375 0.0261688232421875 -0.0604820251464844
-0.0334091186523438 -0.0875625610351563 -0.0107917785644531 -0.0447235107421875
-0.0326614379882813 -0.0780105590820313 -0.0174398422241211 -0.0126066207885742
-0.0462722778320313 -0.0859451293945313 -0.0113201141357422 0.00128078460693359
-0.0224380493164063 -0.0924148559570312 -0.0221195220947266 0.0136528015136719
0.0309219360351562 -0.0966110229492188 -0.026885986328125 0.0176868438720703
0.0798721313476562 -0.0660400390625 -0.0379257202148437 -0.005523681640625
0.116050720214844 0.0277557373046875 -0.0363883972167969 -0.0268936157226563
0.102043151855469 0.0929794311523438 -0.00909805297851561 -0.0383949279785156
0.041900634765625 0.141250610351562 -0.0109643936157227 0.00124454498291017
-0.0156021118164062 0.139328002929688 0.0841217041015625 0.0581436157226563
0.0255966186523438 0.1278076171875 0.0474090576171875 0.086517333984375
0.0901641845703125 0.106697082519531 0.050811767578125 0.0820541381835938
0.118965148925781 0.013427734375 0.0771942138671875 0.0417251586914062
0.0861740112304688 -0.0524063110351563 0.0629310607910156 0.00157546997070312
0.0193710327148438 -0.0972518920898438 0.0323543548583984 -0.0263385772705078
-0.0282440185546875 -0.0911026000976563 0.00704860687255859 -0.0150203704833984
-0.0290298461914062 -0.0819320678710937 0.000796318054199217 0.0109519958496094
-0.0448455810546875 -0.0922622680664062 0.00738143920898437 0.0243415832519531
-0.0200119018554688 -0.0965423583984375 -0.00974655151367188 0.038330078125
0.0353927612304688 -0.0972442626953125 -0.0207366943359375 0.0393218994140625
0.0831527709960937 -0.0603408813476562 -0.0385704040527344 0.01104736328125
0.108543395996094 0.0371856689453125 -0.036224365234375 -0.0174713134765625
0.08245849609375 0.0971145629882813 0.00474929809570313 -0.0183067321777344
0.01763916015625 0.131370544433594 -0.00417327880859375 0.0464439392089844
-0.0371932983398438 0.096832275390625 0.0743026733398438 0.104438781738281
-0.007171630859375 0.104515075683594 0.042633056640625 0.114501953125
0.0521087646484375 0.101188659667969 0.0382080078125 0.0873947143554687
0.0942306518554688 0.0284347534179687 0.0562324523925781 0.0564956665039063
0.0771865844726563 -0.0343017578125 0.0480613708496094 0.0253105163574219
0.0235137939453125 -0.0812911987304687 0.0337677001953125 0.00478172302246093
-0.018463134765625 -0.0802230834960938 0.0232410430908203 0.0142230987548828
-0.0222320556640625 -0.0736770629882813 0.0199909210205078 0.0325851440429687
-0.0356979370117188 -0.0841751098632813 0.0246047973632812 0.0477104187011719
-0.0132369995117188 -0.0879898071289062 0.000251770019531247 0.0616188049316406
0.0382843017578125 -0.0854339599609375 -0.0181655883789062 0.0593414306640625
0.078887939453125 -0.045806884765625 -0.0408439636230469 0.0254783630371094
0.0895919799804688 0.047637939453125 -0.0376014709472656 -0.00985336303710938
0.0508956909179688 0.0940475463867188 0.0132379531860352 0.000307083129882818
-0.0119857788085938 0.106498718261719 -0.00404357910156249 0.0858383178710938
-0.0519027709960937 0.036773681640625 0.0624847412109375 0.130477905273438
-0.0329818725585938 0.059906005859375 0.0369644165039063 0.126617431640625
0.0101394653320312 0.0728073120117188 0.0294189453125 0.0836257934570313
0.05389404296875 0.0317497253417969 0.039794921875 0.0620956420898438
0.0523605346679688 -0.0142478942871094 0.0352783203125 0.0385856628417969
0.0211181640625 -0.0523414611816406 0.0327644348144531 0.0286216735839844
-0.00663375854492187 -0.0558090209960937 0.0342788696289063 0.0362548828125
-0.0112533569335938 -0.0531463623046875 0.0345840454101563 0.0496025085449219
-0.0213279724121094 -0.063873291015625 0.0374298095703125 0.0671653747558594
-0.00419235229492187 -0.0669898986816406 0.00773620605468751 0.0830459594726563
0.0368156433105469 -0.0622444152832031 -0.0195465087890625 0.0757522583007813
0.0654144287109375 -0.0256538391113281 -0.0469322204589844 0.0365180969238281
0.0600395202636719 0.0511016845703125 -0.0408134460449219 -0.00536727905273438
0.0128936767578125 0.0788421630859375 0.0142898559570313 0.0167808532714844
-0.0404586791992188 0.0673294067382812 -0.013763427734375 0.115188598632813
0.0497627258300781 -0.00225448608398438 0.0145416259765625 -0.1279296875
0.01544189453125 -0.0488166809082031 -0.0102558135986328 -0.0314846038818359
-0.0254249572753906 -0.03680419921875 0.0447731018066406 0.012603759765625
-0.03729248046875 0.00188827514648438 0.0708084106445313 -0.03826904296875
-0.023773193359375 0.02508544921875 0.036651611328125 -0.0845565795898437
-0.00306320190429688 0.0362892150878906 -0.0149002075195312 -0.096893310546875
0.00162124633789062 0.0284194946289063 -0.049957275390625 -0.0826034545898438
-0.000919342041015627 0.0276679992675781 -0.0468902587890625 -0.0582695007324219
-0.00539398193359375 0.0305843353271484 -0.0434761047363281 -0.0465087890625
-0.0208015441894531 0.0167064666748047 -0.0344047546386719 -0.0433692932128906
-0.0259475708007813 -0.00674057006835937 -0.0353164672851563 -0.0447196960449219
-0.00789642333984375 -0.0313587188720703 -0.0305595397949219 -0.0623283386230469
0.0305042266845703 -0.0333023071289063 -0.0175704956054688 -0.0869674682617188
0.0579261779785156 -0.00844192504882813 -0.0320663452148438 -0.120651245117188
0.0595245361328125 0.0231056213378906 -0.0419082641601563 -0.139739990234375
0.0585556030273437 0.0551490783691406 0.03765869140625 -0.125152587890625
0.0452995300292969 -0.00988006591796875 0.00309944152832032 -0.0311546325683594
0.0197105407714844 -0.0201168060302734 0.0529251098632813 0.0182838439941406
-2.67028808593758E-05 -0.0152692794799805 0.0829925537109375 -0.0365371704101562
-0.00470161437988281 -0.0059051513671875 0.0499343872070312 -0.0866012573242188
-0.00840187072753906 -0.0012516975402832 -0.0092926025390625 -0.105728149414063
-0.0147027969360352 -0.00530529022216797 -0.0507125854492188 -0.0880050659179687
-0.0132026672363281 -0.00459671020507813 -0.0489654541015625 -0.0575714111328125
-0.0185165405273438 -0.00538444519042969 -0.0441322326660156 -0.0465278625488281
-0.0177726745605469 -0.0185317993164063 -0.0373268127441406 -0.0411338806152344
-0.00217056274414063 -0.0325050354003906 -0.0352249145507813 -0.0389976501464844
0.0282707214355469 -0.0362739562988281 -0.03076171875 -0.0554847717285156
0.062225341796875 -0.0023345947265625 -0.0223617553710937 -0.0729827880859375
0.0784454345703125 0.0365219116210938 -0.0325775146484375 -0.104949951171875
0.0627212524414063 0.077667236328125 -0.0352630615234375 -0.120689392089844
0.0530624389648438 0.106773376464844 0.0606842041015625 -0.100318908691406
0.0647048950195313 0.0387649536132813 0.0202789306640625 -0.0164966583251953
0.0657501220703125 0.0102157592773438 0.0608482360839844 0.0316200256347656
0.04486083984375 -0.0246391296386719 0.0937576293945313 -0.0252761840820312
0.0215892791748047 -0.0350208282470703 0.0634231567382812 -0.0777053833007812
-0.00762939453125 -0.0406532287597656 0.00202178955078125 -0.103080749511719
-0.0274200439453125 -0.0392570495605469 -0.0430145263671875 -0.083282470703125
-0.0237579345703125 -0.0362129211425781 -0.0436286926269531 -0.0483856201171875
-0.0312271118164063 -0.0397491455078125 -0.0392799377441406 -0.036590576171875
-0.0183486938476563 -0.0505294799804688 -0.0374641418457031 -0.0293693542480469
0.0148162841796875 -0.0594482421875 -0.0357284545898438 -0.0250434875488281
0.054473876953125 -0.0475654602050781 -0.0349006652832031 -0.0416488647460938
0.0907974243164063 0.0142974853515625 -0.0295486450195312 -0.0567092895507813
0.096649169921875 0.0660552978515625 -0.0307769775390625 -0.0829391479492187
0.0630874633789063 0.116226196289063 -0.0292434692382813 -0.0866012573242187
0.035369873046875 0.143585205078125 0.0775680541992188 -0.0564727783203125
0.0686416625976563 0.08709716796875 0.0348224639892578 0.0122585296630859
0.0992965698242188 0.04803466796875 0.0637893676757813 0.0499305725097656
0.088409423828125 -0.021881103515625 0.0982818603515625 -0.00495147705078125
0.0508804321289063 -0.0555801391601563 0.0725860595703125 -0.0566482543945312
-0.00115203857421875 -0.0732269287109375 0.0145721435546875 -0.0875167846679688
-0.0336036682128906 -0.067596435546875 -0.0290107727050781 -0.0676727294921875
-0.0305404663085937 -0.0614891052246094 -0.0333423614501953 -0.0320453643798828
-0.0420684814453125 -0.0671806335449219 -0.0276947021484375 -0.0196342468261719
-0.0215301513671875 -0.0753173828125 -0.0323944091796875 -0.00936317443847657
0.0237045288085937 -0.0826034545898437 -0.0332489013671875 -0.00490570068359376
0.0699806213378906 -0.0601158142089844 -0.0377388000488281 -0.0242652893066406
0.109786987304688 0.0210342407226563 -0.0344467163085937 -0.0413703918457031
0.106681823730469 0.0824203491210938 -0.0228843688964844 -0.0604095458984375
0.0572433471679688 0.136337280273438 -0.0212135314941406 -0.0443229675292969
0.010650634765625 0.155288696289062 0.084625244140625 -0.00094604492187499
0.05279541015625 0.12042236328125 0.0436744689941406 0.0486488342285156
0.108917236328125 0.0856246948242188 0.0601272583007813 0.0691757202148438
0.116127014160156 -0.00728607177734375 0.0927505493164063 0.01971435546875
0.0755386352539063 -0.0610275268554688 0.072845458984375 -0.0274810791015625
0.00944519042968749 -0.0931396484375 0.025726318359375 -0.0600128173828125
-0.0339813232421875 -0.0857162475585938 -0.0117607116699219 -0.0434837341308594
-0.0321197509765625 -0.0773391723632813 -0.0170001983642578 -0.01104736328125
-0.047393798828125 -0.0842132568359375 -0.0121307373046875 0.00144195556640624
-0.0235214233398437 -0.0909957885742187 -0.0226821899414063 0.0139980316162109
0.0292434692382813 -0.0961532592773438 -0.0274887084960937 0.0175495147705078
0.0785064697265625 -0.0658111572265625 -0.0387649536132812 -0.00628280639648437
0.115081787109375 0.0271682739257813 -0.0363311767578125 -0.0281867980957031
0.102096557617188 0.0910873413085938 -0.00911712646484374 -0.0398712158203125
0.0419464111328125 0.140640258789062 -0.010899543762207 0.00106334686279298
-0.0156173706054688 0.138763427734375 0.082733154296875 0.0557785034179688
0.0246810913085938 0.126144409179688 0.0453567504882813 0.0858383178710938
0.090087890625 0.105888366699219 0.049346923828125 0.0824432373046875
0.117729187011719 0.012542724609375 0.0763931274414063 0.0419158935546875
0.08544921875 -0.0522384643554688 0.0628547668457031 0.00229644775390625
0.0183563232421875 -0.0947952270507813 0.0320816040039063 -0.0270309448242188
-0.0289459228515625 -0.0892791748046875 0.00677967071533203 -0.0145044326782227
-0.0295333862304688 -0.0817031860351563 0.00155067443847656 0.0117254257202148
-0.0463180541992187 -0.089874267578125 0.00594902038574219 0.0247154235839844
-0.0207443237304687 -0.0947113037109375 -0.0105781555175781 0.0386161804199219
0.033233642578125 -0.0966033935546875 -0.0219039916992188 0.0386085510253906
0.0810775756835938 -0.0606765747070313 -0.0389442443847656 0.0105781555175781
0.108558654785156 0.0362930297851563 -0.036376953125 -0.0187301635742188
0.082275390625 0.0953216552734375 0.00471115112304688 -0.0199546813964844
0.0181808471679688 0.130966186523438 -0.004180908203125 0.0455436706542969
-0.0367813110351563 0.0957717895507813 0.0736007690429688 0.102859497070313
-0.00720214843750001 0.103736877441406 0.0418472290039063 0.112991333007813
0.0531387329101563 0.100944519042969 0.0367813110351562 0.0875778198242187
0.0933456420898438 0.0270538330078125 0.0557899475097656 0.0567855834960937
0.0756912231445312 -0.034149169921875 0.0489730834960938 0.0258255004882812
0.0221176147460938 -0.0799560546875 0.0335712432861328 0.00446701049804687
-0.0192108154296875 -0.0790252685546875 0.0227489471435547 0.0138740539550781
-0.02252197265625 -0.0728683471679688 0.0197181701660156 0.0327777862548828
-0.0371856689453125 -0.0824356079101563 0.0237884521484375 0.0468902587890625
-0.0144424438476563 -0.0866241455078125 6.48498535156252E-05 0.0620193481445312
0.0361709594726563 -0.084869384765625 -0.0178108215332031 0.0580215454101563
0.0773391723632813 -0.0462646484375 -0.0417098999023437 0.0251541137695312
0.0900497436523438 0.0463714599609375 -0.0377159118652344 -0.010833740234375
0.0508193969726563 0.0928573608398438 0.0128889083862305 -0.0010385513305664
-0.0115890502929687 0.106002807617188 -0.0045318603515625 0.0839691162109375
-0.0513496398925781 0.0369071960449219 0.0616912841796875 0.12884521484375
-0.0327110290527344 0.0590629577636719 0.0357284545898438 0.124725341796875
0.0112762451171875 0.072509765625 0.0279617309570313 0.08355712890625
0.0541191101074219 0.0304222106933594 0.0394744873046875 0.062164306640625
0.0513992309570312 -0.0141983032226562 0.0360946655273438 0.0392189025878906
0.020111083984375 -0.0520553588867188 0.0331287384033203 0.0273227691650391
-0.00772476196289062 -0.0552902221679688 0.0348892211914063 0.0358963012695313
-0.0119895935058594 -0.0523529052734375 0.0349464416503906 0.0489768981933594
-0.0216560363769531 -0.0624160766601563 0.0371589660644531 0.0663681030273438
-0.00571823120117188 -0.0662765502929688 0.00738525390625001 0.081512451171875
0.0350608825683594 -0.06195068359375 -0.0192413330078125 0.07452392578125
0.0640983581542969 -0.0257644653320312 -0.0469970703125 0.0361175537109375
0.0599441528320313 0.0505256652832031 -0.0411949157714844 -0.00560760498046876
0.0137405395507813 0.0779037475585938 0.0144739151000977 0.0160961151123047
-0.0398826599121094 0.0668983459472656 -0.0131378173828125 0.113311767578125
0.0516777038574219 -0.00165557861328125 0.0148849487304688 -0.129119873046875
0.0152091979980469 -0.0495071411132813 -0.0112743377685547 -0.0311470031738281
-0.0258979797363281 -0.0371932983398438 0.0458793640136719 0.0136070251464844
-0.0373725891113281 0.00200653076171876 0.0728912353515625 -0.0376968383789063
-0.0241641998291016 0.0253124237060547 0.0381851196289063 -0.0852584838867187
-0.0028533935546875 0.0367889404296875 -0.0131759643554688 -0.0987167358398438
0.00203323364257813 0.0287990570068359 -0.0501174926757813 -0.0840301513671875
-0.000255584716796878 0.0281772613525391 -0.0466461181640625 -0.059326171875
-0.00446319580078125 0.0307655334472656 -0.0433692932128906 -0.0473251342773437
-0.0206222534179688 0.0176124572753906 -0.0350227355957031 -0.0440330505371094
-0.0263118743896484 -0.00625228881835938 -0.0356674194335937 -0.04541015625
-0.00807952880859375 -0.0317802429199219 -0.0305099487304688 -0.0652122497558594
0.0310077667236328 -0.0327625274658203 -0.0164031982421875 -0.08978271484375
0.0582695007324219 -0.00842666625976563 -0.0302963256835938 -0.12353515625
0.0601806640625 0.02386474609375 -0.0406646728515625 -0.1427001953125
0.0590095520019531 0.0571212768554688 0.0384597778320313 -0.125801086425781
0.044769287109375 -0.00911712646484375 0.002655029296875 -0.0305194854736328
0.0201759338378906 -0.0201969146728516 0.0541648864746094 0.0203361511230469
0.000155448913574218 -0.0152902603149414 0.085418701171875 -0.0350265502929688
-0.00448322296142578 -0.00648736953735352 0.0516204833984375 -0.0870437622070313
-0.00853300094604492 -0.00112438201904297 -0.00791168212890625 -0.107551574707031
-0.0150136947631836 -0.00525569915771484 -0.0501632690429688 -0.0895767211914062
-0.0129766464233398 -0.0052347183227539 -0.0488052368164063 -0.059234619140625
-0.0179367065429688 -0.0059356689453125 -0.044891357421875 -0.047149658203125
-0.0177421569824219 -0.017852783203125 -0.0378189086914063 -0.0417633056640625
-0.00179672241210938 -0.0324802398681641 -0.0356903076171875 -0.0394020080566406
0.0286903381347656 -0.0359764099121094 -0.0311126708984375 -0.0579261779785156
0.0630874633789063 -0.00203704833984375 -0.0211563110351562 -0.0762100219726563
0.07794189453125 0.037384033203125 -0.031463623046875 -0.108268737792969
0.0625 0.0790634155273438 -0.0341949462890625 -0.123329162597656
0.0531768798828125 0.109855651855469 0.0613632202148438 -0.101318359375
0.0635986328125 0.0406532287597656 0.0189456939697266 -0.0157318115234375
0.0669288635253906 0.01025390625 0.0615158081054688 0.0337409973144531
0.0460929870605469 -0.0246086120605469 0.0963516235351563 -0.0238113403320313
0.0227870941162109 -0.0348739624023438 0.06585693359375 -0.0776138305664063
-0.00756072998046875 -0.0405616760253906 0.00307464599609375 -0.104400634765625
-0.0274429321289063 -0.0398521423339844 -0.0434494018554687 -0.0847549438476563
-0.0235404968261719 -0.0369682312011719 -0.0436058044433594 -0.0492744445800781
-0.0313796997070313 -0.0398406982421875 -0.0397109985351563 -0.0372085571289063
-0.0178947448730469 -0.0505447387695313 -0.0382080078125 -0.0295181274414063
0.0153083801269531 -0.0595779418945313 -0.0370559692382813 -0.0256843566894531
0.0551948547363281 -0.0477561950683594 -0.0357513427734375 -0.0441436767578125
0.092376708984375 0.0155410766601563 -0.0286331176757812 -0.0602149963378906
0.0973434448242187 0.0674514770507812 -0.0298538208007813 -0.0862655639648438
0.062408447265625 0.118659973144531 -0.0285491943359375 -0.0886306762695312
0.03460693359375 0.1468505859375 0.0783843994140625 -0.05682373046875
0.0669708251953125 0.089599609375 0.03302001953125 0.0127582550048828
0.100364685058594 0.0496749877929688 0.0647087097167969 0.0531845092773437
0.0893936157226563 -0.0210418701171875 0.100273132324219 -0.00270843505859375
0.0525016784667969 -0.0556831359863281 0.07489013671875 -0.0566329956054687
-0.000473022460937505 -0.073760986328125 0.0162124633789062 -0.0885543823242188
-0.0337753295898438 -0.0686264038085938 -0.0291862487792969 -0.0687713623046875
-0.0298538208007813 -0.063201904296875 -0.0327835083007812 -0.0317306518554688
-0.0418853759765625 -0.0678024291992188 -0.0292778015136719 -0.0197219848632813
-0.021575927734375 -0.0759048461914063 -0.033233642578125 -0.00930786132812501
0.024078369140625 -0.0825576782226563 -0.0347709655761719 -0.0053081512451172
0.07244873046875 -0.0599899291992188 -0.0388908386230469 -0.0261039733886719
0.111312866210937 0.0225906372070313 -0.0345191955566406 -0.0441398620605469
0.107040405273438 0.0840301513671875 -0.0223541259765625 -0.0636100769042969
0.0560073852539063 0.139564514160156 -0.0206413269042969 -0.0460891723632812
0.00981140136718749 0.158294677734375 0.0845794677734375 -0.00123596191406249
0.0517807006835938 0.123054504394531 0.0419578552246094 0.0498847961425781
0.110725402832031 0.0875778198242188 0.0594024658203125 0.0725326538085938
0.117179870605469 -0.00600433349609375 0.0939254760742188 0.0227203369140625
0.0769195556640625 -0.060821533203125 0.0754623413085938 -0.026947021484375
0.00974273681640625 -0.0938491821289063 0.0263633728027344 -0.0611991882324219
-0.0347747802734375 -0.0873794555664063 -0.0117378234863281 -0.0438766479492188
-0.0323333740234375 -0.078643798828125 -0.0167417526245117 -0.0103006362915039
-0.0485916137695312 -0.0851669311523438 -0.0134239196777344 0.00246429443359375
-0.0235443115234375 -0.091796875 -0.0237083435058594 0.0145645141601562
0.029266357421875 -0.0969009399414062 -0.0296688079833984 0.0169448852539062
0.079864501953125 -0.0659713745117188 -0.0399665832519531 -0.00751495361328126
0.117843627929687 0.0284271240234375 -0.035980224609375 -0.0304107666015625
0.103080749511719 0.0927505493164062 -0.00939941406249999 -0.0412940979003906
0.0411224365234375 0.143692016601563 -0.0112113952636719 1.0490417480478E-05
-0.016815185546875 0.14068603515625 0.0820846557617188 0.056884765625
0.022705078125 0.128280639648438 0.0437545776367187 0.087127685546875
0.0916213989257812 0.109138488769531 0.0482406616210937 0.0865402221679688
0.118240356445313 0.0141143798828125 0.077301025390625 0.0451736450195313
0.0873641967773438 -0.0517196655273438 0.0651702880859375 0.00358963012695312
0.0186004638671875 -0.0957260131835938 0.0328407287597656 -0.0275230407714844
-0.0290985107421875 -0.0909957885742188 0.00658416748046875 -0.0146455764770508
-0.0292587280273437 -0.0828704833984375 0.00144577026367187 0.0126819610595703
-0.0465621948242187 -0.090240478515625 0.00522422790527343 0.0258827209472656
-0.0216751098632813 -0.0954055786132813 -0.0120391845703125 0.0393791198730469
0.0332870483398437 -0.098114013671875 -0.02294921875 0.0388145446777344
0.08282470703125 -0.0611038208007812 -0.0401077270507812 0.00996017456054686
0.110420227050781 0.0376129150390625 -0.0371475219726563 -0.0197334289550781
0.0831527709960938 0.0963363647460938 0.00484848022460938 -0.0213432312011719
0.01702880859375 0.133430480957031 -0.00462722778320313 0.0450248718261719
-0.0384979248046875 0.0973358154296875 0.0728607177734375 0.104118347167969
-0.00861358642578125 0.10516357421875 0.039703369140625 0.11474609375
0.0535964965820313 0.103202819824219 0.0353240966796875 0.09088134765625
0.0940170288085938 0.02789306640625 0.0563011169433594 0.0597267150878906
0.0774688720703125 -0.03375244140625 0.0503273010253906 0.027099609375
0.0228652954101563 -0.0801773071289062 0.0343303680419922 0.00448036193847656
-0.020111083984375 -0.0798416137695313 0.0226287841796875 0.0144634246826172
-0.022735595703125 -0.0737686157226563 0.0201702117919922 0.0340728759765625
-0.0379257202148438 -0.0824356079101563 0.0228767395019531 0.0481338500976562
-0.015167236328125 -0.087249755859375 -0.000442504882812495 0.0631256103515625
0.036468505859375 -0.0862197875976563 -0.0194931030273437 0.0585670471191406
0.0785446166992188 -0.0467071533203125 -0.0423736572265625 0.0246505737304687
0.0918960571289063 0.0474700927734375 -0.0379409790039063 -0.0118179321289062
0.0510787963867188 0.0940475463867188 0.0133399963378906 -0.00194263458251953
-0.0122451782226563 0.108390808105469 -0.00525665283203126 0.0849075317382813
-0.0522880554199219 0.0375022888183594 0.0605087280273437 0.130607604980469
-0.0339431762695313 0.0605087280273438 0.0350570678710937 0.127357482910156
0.0113601684570312 0.0737533569335938 0.026397705078125 0.0868911743164063
0.0543441772460938 0.0309410095214844 0.0389022827148438 0.065277099609375
0.0522880554199219 -0.0136871337890625 0.0368804931640625 0.0412254333496094
0.020751953125 -0.0522003173828125 0.0345191955566406 0.0277996063232422
-0.00872039794921874 -0.0558700561523437 0.0357170104980469 0.0364761352539062
-0.0113601684570312 -0.0538406372070313 0.0344505310058594 0.0504951477050781
-0.0221290588378906 -0.0629386901855469 0.0363388061523438 0.067718505859375
-0.0056915283203125 -0.0671501159667969 0.00615692138671874 0.08343505859375
0.0356597900390625 -0.0629119873046875 -0.0206298828125 0.0751800537109375
0.0655097961425781 -0.0265274047851563 -0.0484848022460938 0.0357246398925781
0.0616569519042969 0.0517311096191406 -0.0419807434082031 -0.00716018676757812
0.0132904052734375 0.07952880859375 0.0148601531982422 0.0153875350952149
-0.0405120849609375 0.0681991577148438 -0.0145645141601563 0.114593505859375
0.0545692443847656 -0.00200271606445312 0.0156707763671875 -0.133537292480469
0.0151519775390625 -0.0512428283691406 -0.0125827789306641 -0.0312690734863281
-0.0281143188476563 -0.0386810302734375 0.0483207702636719 0.0148468017578125
-0.0385017395019531 0.00159835815429688 0.0760574340820313 -0.0391387939453125
-0.0250797271728516 0.0265083312988281 0.040008544921875 -0.0885086059570313
-0.002716064453125 0.0387840270996094 -0.0135040283203125 -0.102424621582031
0.00254058837890625 0.0302162170410156 -0.05194091796875 -0.087371826171875
0.000774383544921876 0.0286769866943359 -0.0485076904296875 -0.0623435974121094
-0.00307655334472656 0.031158447265625 -0.045379638671875 -0.0489425659179687
-0.0200958251953125 0.0182552337646484 -0.0364341735839844 -0.0461311340332031
-0.0265464782714844 -0.00588607788085937 -0.0372543334960938 -0.0477333068847656
-0.00882148742675781 -0.03302001953125 -0.0320053100585938 -0.068817138671875
0.0316543579101563 -0.0347900390625 -0.0159759521484375 -0.0954360961914062
0.060089111328125 -0.00953292846679688 -0.0310745239257813 -0.129646301269531
0.0631217956542969 0.025238037109375 -0.0417633056640625 -0.149078369140625
0.0622940063476563 0.058990478515625 0.0388641357421875 -0.131210327148438
0.0456314086914063 -0.009368896484375 0.000917434692382816 -0.0313854217529297
0.0206642150878906 -0.0210762023925781 0.0571441650390625 0.0221710205078125
9.53674316406266E-05 -0.015742301940918 0.0893325805664063 -0.0363845825195313
-0.00497055053710938 -0.00633859634399414 0.0543060302734375 -0.0904769897460938
-0.0084385871887207 -0.000941276550292967 -0.0073089599609375 -0.111587524414063
-0.0156888961791992 -0.00524425506591797 -0.0526580810546875 -0.0933914184570312
-0.0128040313720703 -0.0056304931640625 -0.0498504638671875 -0.0607681274414063
-0.0179195404052734 -0.00616264343261719 -0.0464706420898438 -0.0485572814941406
-0.0170955657958984 -0.0177097320556641 -0.0398521423339844 -0.0431938171386719
-0.0016937255859375 -0.0334453582763672 -0.0382003784179688 -0.0418739318847656
0.0295028686523437 -0.0374069213867188 -0.0331878662109375 -0.0616188049316406
0.065582275390625 -0.00177383422851562 -0.0211563110351562 -0.0821456909179688
0.0811920166015625 0.0384902954101563 -0.0319137573242187 -0.113792419433594
0.06573486328125 0.0821456909179688 -0.0352020263671875 -0.12957763671875
0.0562210083007812 0.114295959472656 0.0627059936523438 -0.10565185546875
0.065093994140625 0.0430335998535156 0.0172367095947266 -0.0155277252197266
0.0692901611328125 0.0105934143066406 0.0646324157714844 0.0366783142089844
0.0478286743164063 -0.0253944396972656 0.100486755371094 -0.0236434936523438
0.023651123046875 -0.0363502502441406 0.0694198608398438 -0.080810546875
-0.00835800170898438 -0.0417823791503906 0.00338745117187501 -0.109107971191406
-0.0289497375488281 -0.041259765625 -0.0450057983398437 -0.0875320434570313
-0.0242042541503906 -0.0386390686035156 -0.044708251953125 -0.0499420166015625
-0.0320243835449219 -0.04193115234375 -0.0420417785644531 -0.0376167297363281
-0.0188446044921875 -0.051666259765625 -0.0403938293457031 -0.029937744140625
0.0155220031738281 -0.0613555908203125 -0.0393829345703125 -0.0264205932617188
0.057647705078125 -0.0494384765625 -0.0378341674804687 -0.0477142333984375
0.0960769653320313 0.0157089233398438 -0.0294113159179687 -0.0653266906738281
0.100791931152344 0.0699539184570313 -0.0312118530273437 -0.0916748046875
0.0653228759765625 0.123748779296875 -0.02899169921875 -0.0933303833007812
0.0365142822265625 0.153839111328125 0.0801849365234375 -0.0592803955078125
0.06805419921875 0.0940017700195313 0.0323772430419922 0.0132713317871094
0.10516357421875 0.052459716796875 0.0667495727539063 0.0571250915527344
0.0928115844726563 -0.022186279296875 0.105216979980469 -0.00188446044921875
0.055419921875 -0.0571632385253906 0.079345703125 -0.05841064453125
-0.00107574462890625 -0.0761566162109375 0.0166854858398438 -0.092437744140625
-0.0359268188476562 -0.0706939697265625 -0.030364990234375 -0.071197509765625
-0.0310096740722656 -0.0655784606933594 -0.0332317352294922 -0.0321006774902344
-0.0435371398925781 -0.0700187683105469 -0.0306587219238281 -0.0193500518798828
-0.02264404296875 -0.077667236328125 -0.0356330871582031 -0.00942993164062501
0.0245208740234375 -0.085845947265625 -0.0371322631835938 -0.00571823120117187
0.0745697021484375 -0.0629119873046875 -0.0416069030761719 -0.0283012390136719
0.116622924804688 0.0238265991210937 -0.0351715087890625 -0.048309326171875
0.111412048339844 0.0869293212890625 -0.0237464904785156 -0.067474365234375
0.0579833984375 0.14654541015625 -0.0215263366699219 -0.0481452941894531
0.00985717773437499 0.16552734375 0.08709716796875 -0.00106048583984374
0.0516357421875 0.128486633300781 0.0417404174804688 0.0520668029785156
0.115386962890625 0.0913848876953125 0.0616302490234375 0.0775680541992188
0.122444152832031 -0.00652313232421875 0.0984954833984375 0.0245895385742188
0.08111572265625 -0.0628280639648438 0.0797805786132813 -0.0280990600585938
0.00970458984375001 -0.09686279296875 0.0278701782226563 -0.0633697509765625
-0.037017822265625 -0.0898056030273438 -0.0127525329589844 -0.045074462890625
-0.0333938598632812 -0.08245849609375 -0.0174283981323242 -0.00957965850830078
-0.0499725341796875 -0.0877914428710938 -0.0140457153320313 0.00286769866943359
-0.0250167846679688 -0.09466552734375 -0.0255031585693359 0.0161056518554687
0.0294570922851562 -0.100326538085938 -0.0320644378662109 0.0168991088867187
0.0831298828125 -0.0689163208007813 -0.0422782897949219 -0.00863647460937499
0.123016357421875 0.0293121337890625 -0.038330078125 -0.03314208984375
0.107078552246094 0.0958480834960937 -0.00961303710937499 -0.0449867248535156
0.04278564453125 0.1513671875 -0.0118989944458008 -0.000238418579101554
-0.017181396484375 0.14727783203125 0.0844955444335937 0.0595855712890625
0.0220870971679688 0.134635925292969 0.0431594848632812 0.090087890625
0.09564208984375 0.113578796386719 0.0495529174804688 0.091705322265625
0.123390197753906 0.0141143798828125 0.0807571411132813 0.0486907958984375
0.0908203125 -0.0530624389648437 0.0685310363769531 0.0040283203125
0.0197982788085937 -0.09906005859375 0.0341644287109375 -0.0286922454833984
-0.0313262939453125 -0.0939712524414063 0.00658512115478515 -0.0145654678344727
-0.0310745239257812 -0.0863113403320313 0.00166702270507812 0.0140666961669922
-0.0491867065429687 -0.0929031372070313 0.00496864318847656 0.0277366638183594
-0.0241165161132812 -0.0981903076171875 -0.0130500793457031 0.0413017272949219
0.033447265625 -0.101463317871094 -0.0249862670898437 0.040679931640625
0.0853805541992187 -0.0641326904296875 -0.042877197265625 0.00952911376953125
0.115631103515625 0.0390243530273438 -0.0382919311523437 -0.0215606689453125
0.0867385864257812 0.100624084472656 0.00473785400390626 -0.0238380432128906
0.017578125 0.139884948730469 -0.0048675537109375 0.0466423034667969
-0.03997802734375 0.101524353027344 0.0748977661132813 0.107864379882812
-0.00993347167968749 0.109474182128906 0.0396804809570312 0.118949890136719
0.057037353515625 0.10748291015625 0.0362091064453125 0.095977783203125
0.098419189453125 0.029266357421875 0.0589218139648438 0.0642013549804688
0.080718994140625 -0.0346755981445313 0.0539741516113281 0.0292015075683594
0.0233001708984375 -0.0832748413085938 0.0359649658203125 0.00381469726562499
-0.0216751098632813 -0.0829086303710938 0.0239982604980469 0.0147457122802734
-0.0238189697265625 -0.077545166015625 0.0210151672363281 0.0363197326660156
-0.0402145385742187 -0.0855178833007813 0.0229644775390625 0.0506935119628906
-0.0171356201171875 -0.0897979736328125 -0.00147628784179687 0.0652580261230469
0.0367431640625 -0.0900344848632813 -0.0209846496582031 0.060638427734375
0.08197021484375 -0.0492019653320313 -0.0449295043945313 0.0247077941894531
0.0958786010742188 0.0491256713867188 -0.0399856567382812 -0.01312255859375
0.05340576171875 0.0970993041992188 0.0144777297973633 -0.00332069396972656
-0.0124359130859375 0.113044738769531 -0.0051422119140625 0.0877685546875
-0.0542449951171875 0.0390357971191406 0.06170654296875 0.135810852050781
-0.0357513427734375 0.0633125305175781 0.0342254638671875 0.132545471191406
0.013092041015625 0.0775299072265625 0.0262832641601563 0.0917205810546875
0.0571060180664063 0.0319900512695313 0.0411033630371094 0.0696792602539063
0.0551109313964844 -0.0138015747070313 0.0390815734863281 0.0424995422363281
0.0200996398925781 -0.0547256469726562 0.0355987548828125 0.0286216735839844
-0.00900650024414062 -0.0582847595214844 0.0364456176757813 0.0378761291503906
-0.0127372741699219 -0.0556755065917969 0.0368919372558594 0.0533370971679688
-0.0243186950683594 -0.0649185180664063 0.037200927734375 0.0706405639648438
-0.0072784423828125 -0.069366455078125 0.00583648681640626 0.087066650390625
0.0351982116699219 -0.0655746459960937 -0.0221328735351562 0.0778045654296875
0.0685043334960937 -0.0280609130859375 -0.0510597229003906 0.0364456176757813
0.0642051696777344 0.0533485412597656 -0.0430450439453125 -0.00792694091796875
0.0141448974609375 0.0818939208984375 0.0159139633178711 0.0142297744750977
-0.0426101684570313 0.070770263671875 -0.01483154296875 0.1182861328125
0.05792236328125 -0.00379180908203125 0.0124053955078125 -0.140380859375
0.01385498046875 -0.0537643432617188 -0.0158119201660156 -0.0303707122802734
-0.0303573608398438 -0.0393104553222656 0.0523605346679688 0.0153961181640625
-0.0401191711425781 0.00254440307617187 0.0792694091796875 -0.0432586669921875
-0.0249099731445313 0.0282001495361328 0.039642333984375 -0.0940933227539063
-0.00084686279296875 0.040557861328125 -0.0154647827148437 -0.107009887695313
0.00435066223144531 0.0317497253417969 -0.0569305419921875 -0.0907363891601563
0.00210189819335938 0.0295925140380859 -0.0524482727050781 -0.0641593933105469
-0.00117301940917968 0.0330715179443359 -0.0485038757324219 -0.0505294799804688
-0.0198974609375 0.0207347869873047 -0.0398521423339844 -0.0473136901855469
-0.0277156829833984 -0.00503158569335938 -0.0404014587402344 -0.0493545532226563
-0.0102005004882812 -0.033721923828125 -0.0360336303710937 -0.0732803344726563
0.0318832397460937 -0.0379486083984375 -0.0190963745117187 -0.10150146484375
0.0623970031738281 -0.0112075805664063 -0.0352249145507813 -0.135612487792969
0.0672683715820313 0.0246047973632813 -0.0480804443359375 -0.156341552734375
0.0678482055664063 0.0607185363769531 0.0365676879882813 -0.13885498046875
0.0473213195800781 -0.0101242065429688 -0.00160598754882812 -0.0315780639648438
0.0207881927490234 -0.0230884552001953 0.0616416931152344 0.0225486755371094
-0.000646591186523438 -0.017120361328125 0.0931777954101563 -0.040191650390625
-0.00496339797973633 -0.00631284713745117 0.0548782348632813 -0.0967864990234375
-0.00852346420288086 0.000167846679687499 -0.0104904174804688 -0.116943359375
-0.0158891677856445 -0.00474262237548828 -0.0578842163085937 -0.09600830078125
-0.0130271911621094 -0.00576496124267578 -0.0541801452636719 -0.0624618530273438
-0.0183639526367188 -0.00572967529296875 -0.0500030517578125 -0.0495262145996094
-0.0182685852050781 -0.0176544189453125 -0.0433502197265625 -0.0444374084472656
-0.00245475769042969 -0.0341567993164063 -0.0418624877929688 -0.0431632995605469
0.0302696228027344 -0.0400619506835938 -0.0372352600097656 -0.0652313232421875
0.069122314453125 -0.0039520263671875 -0.0242538452148438 -0.0873184204101563
0.08563232421875 0.03765869140625 -0.0365371704101563 -0.120223999023437
0.07061767578125 0.0851058959960937 -0.0403976440429687 -0.135704040527344
0.0627517700195313 0.119155883789062 0.062286376953125 -0.11248779296875
0.0687255859375 0.0443954467773438 0.0161619186401367 -0.0164909362792969
0.0735092163085937 0.0092315673828125 0.0694084167480469 0.0384330749511719
0.0492172241210937 -0.0285263061523438 0.106147766113281 -0.0271072387695313
0.0243110656738281 -0.0388946533203125 0.071533203125 -0.0873260498046875
-0.0091552734375 -0.042938232421875 0.00122833251953125 -0.114471435546875
-0.0316734313964844 -0.0417976379394531 -0.0497207641601563 -0.0900802612304688
-0.026031494140625 -0.0402412414550781 -0.0482559204101563 -0.0513076782226562
-0.0344505310058594 -0.0424919128417969 -0.0454750061035156 -0.0383529663085937
-0.0204353332519531 -0.053375244140625 -0.0439109802246094 -0.0299568176269531
0.014678955078125 -0.0645484924316406 -0.0432853698730469 -0.0272750854492188
0.0595016479492188 -0.0532035827636719 -0.0424270629882812 -0.0503463745117188
0.101722717285156 0.0143356323242187 -0.03271484375 -0.0703201293945313
0.107772827148438 0.0702133178710938 -0.0354461669921875 -0.0965652465820313
0.0718612670898438 0.129295349121094 -0.0335922241210938 -0.0979766845703125
0.043121337890625 0.161117553710938 0.0820770263671875 -0.0643539428710937
0.0735702514648438 0.0977401733398438 0.032470703125 0.0145492553710938
0.112960815429687 0.0522537231445312 0.072174072265625 0.0601730346679688
0.0970382690429688 -0.0262908935546875 0.111404418945312 -0.0034332275390625
0.0567893981933594 -0.0619659423828125 0.0830917358398438 -0.0640411376953125
-0.0030364990234375 -0.0788803100585938 0.0157089233398437 -0.0978240966796875
-0.039825439453125 -0.0734481811523438 -0.0343551635742187 -0.072662353515625
-0.0346260070800781 -0.0686454772949219 -0.03582763671875 -0.0325355529785156
-0.0483627319335938 -0.0716476440429687 -0.0330886840820313 -0.0189704895019531
-0.0257492065429687 -0.0801315307617188 -0.0386085510253906 -0.00783157348632813
0.0225982666015625 -0.0901412963867188 -0.0405235290527344 -0.00485229492187501
0.0770111083984375 -0.0680618286132813 -0.0456428527832031 -0.0299339294433594
0.12457275390625 0.0212936401367188 -0.0388259887695312 -0.0522956848144531
0.119903564453125 0.0879135131835938 -0.02618408203125 -0.0722579956054688
0.0652618408203125 0.15374755859375 -0.0236358642578125 -0.0508079528808594
0.0150146484375 0.174819946289063 0.09027099609375 -0.00363922119140624
0.0573654174804688 0.134880065917969 0.0428504943847656 0.0535316467285156
0.124885559082031 0.0936508178710938 0.06646728515625 0.0817337036132813
0.128059387207031 -0.00989532470703125 0.104560852050781 0.0251083374023438
0.0844802856445313 -0.0689010620117188 0.0841445922851562 -0.0311508178710938
0.00689697265625001 -0.101882934570312 0.0273399353027344 -0.0679054260253906
-0.0420913696289063 -0.0928192138671875 -0.0143203735351562 -0.0463180541992188
-0.0380783081054688 -0.08642578125 -0.0177192687988281 -0.00845718383789063
-0.0559921264648437 -0.0897293090820313 -0.0156488418579102 0.00480461120605468
-0.0296859741210938 -0.0977249145507813 -0.0273666381835938 0.0178661346435547
0.0268325805664062 -0.106246948242188 -0.0332984924316406 0.0189323425292969
0.0853652954101563 -0.0752410888671875 -0.0458946228027344 -0.00917434692382813
0.131904602050781 0.0274887084960938 -0.0410728454589844 -0.036346435546875
0.11529541015625 0.0970230102539063 -0.011627197265625 -0.0481986999511719
0.0492401123046875 0.159103393554688 -0.0126399993896484 -0.000475883483886711
-0.014434814453125 0.156097412109375 0.0884857177734375 0.0592193603515625
0.025909423828125 0.141036987304688 0.0462799072265625 0.0938262939453125
0.104621887207031 0.117576599121094 0.0540237426757813 0.0968017578125
0.129745483398438 0.0112380981445313 0.086334228515625 0.0502700805664063
0.0955123901367188 -0.0590286254882812 0.0738906860351562 0.002288818359375
0.0171279907226563 -0.104248046875 0.0345859527587891 -0.0314464569091797
-0.0361175537109375 -0.0972518920898437 0.00645923614501953 -0.0154581069946289
-0.034881591796875 -0.0902175903320313 0.00304031372070312 0.0163393020629883
-0.05517578125 -0.0953216552734375 0.00523567199707031 0.0297470092773437
-0.028289794921875 -0.101921081542969 -0.0131301879882813 0.0445098876953125
0.0316162109375 -0.107131958007813 -0.0264472961425781 0.0429878234863281
0.0875091552734375 -0.07012939453125 -0.0457305908203125 0.0102729797363281
0.124031066894531 0.0386428833007812 -0.0416641235351562 -0.0232200622558594
0.094085693359375 0.102630615234375 0.00464248657226563 -0.0266838073730469
0.022796630859375 0.147201538085938 -0.00400543212890624 0.0483207702636719
-0.0387420654296875 0.108795166015625 0.0797576904296875 0.111122131347656
-0.00769805908203126 0.116348266601563 0.0434722900390625 0.124000549316406
0.0644607543945313 0.112319946289062 0.0398483276367188 0.102546691894531
0.104423522949219 0.0275726318359375 0.0635795593261719 0.0676231384277344
0.0850906372070313 -0.0393905639648438 0.0581779479980469 0.0295219421386719
0.02069091796875 -0.0876998901367187 0.0377235412597656 0.00277709960937499
-0.0264968872070313 -0.0856475830078125 0.0256004333496094 0.0155677795410156
-0.0279693603515625 -0.080230712890625 0.0237503051757813 0.0385093688964844
-0.0452117919921875 -0.087371826171875 0.0253524780273437 0.0536575317382812
-0.021728515625 -0.0932693481445313 -0.000648498535156256 0.0702018737792969
0.0348892211914062 -0.0951995849609375 -0.0207977294921875 0.0642509460449219
0.08404541015625 -0.0548782348632813 -0.0468788146972656 0.0265998840332031
0.102981567382813 0.049468994140625 -0.0423812866210937 -0.0138092041015625
0.059173583984375 0.100837707519531 0.0152530670166016 -0.00529670715332031
-0.01007080078125 0.120750427246094 -0.0027008056640625 0.0918655395507813
-0.0558662414550781 0.0429840087890625 0.0671005249023437 0.140365600585938
-0.0358772277832031 0.067779541015625 0.0392379760742188 0.138671875
0.0172500610351563 0.0811996459960938 0.0293655395507813 0.0975570678710937
0.0618782043457031 0.0316543579101562 0.0457229614257813 0.0735855102539063
0.0574874877929688 -0.0171012878417969 0.0433845520019531 0.0445594787597656
0.0197715759277344 -0.0579032897949219 0.0384254455566406 0.0288314819335937
-0.0125961303710937 -0.0606117248535156 0.0401992797851563 0.0393218994140625
-0.0152549743652344 -0.0583076477050781 0.0401535034179688 0.0555648803710937
-0.0278549194335938 -0.0669822692871094 0.0407943725585938 0.0740966796875
-0.0104751586914062 -0.0721588134765625 0.00778961181640624 0.092010498046875
0.03466796875 -0.0703887939453125 -0.0211257934570312 0.081787109375
0.0708847045898437 -0.032318115234375 -0.0530776977539062 0.0394554138183594
0.070343017578125 0.054351806640625 -0.0462265014648437 -0.00791549682617186
0.0173187255859375 0.0863113403320312 0.0179500579833984 0.0136604309082031
-0.041839599609375 0.075958251953125 -0.011962890625 0.123886108398438
0.0611610412597656 -0.00814056396484375 0.00404357910156251 -0.145736694335938
0.0108680725097656 -0.0557594299316406 -0.0189552307128906 -0.0293464660644531
-0.0349464416503906 -0.0396461486816406 0.0560340881347656 0.0136184692382813
-0.0417861938476563 0.00511550903320313 0.0806655883789063 -0.0479202270507813
-0.0244808197021484 0.0306873321533203 0.0362319946289062 -0.09906005859375
0.00263595581054687 0.0426597595214844 -0.0208816528320313 -0.110610961914063
0.00683403015136719 0.0329475402832031 -0.0637969970703125 -0.0910568237304687
0.00496292114257812 0.0298061370849609 -0.0579643249511719 -0.0640754699707031
0.00111961364746094 0.0336322784423828 -0.0537643432617188 -0.0493011474609375
-0.0180091857910156 0.0226383209228516 -0.044586181640625 -0.0468482971191406
-0.0286598205566406 -0.00269699096679688 -0.0447998046875 -0.0497360229492188
-0.0129833221435547 -0.0345478057861328 -0.0421600341796875 -0.0757369995117188
0.030120849609375 -0.0408706665039063 -0.025146484375 -0.10601806640625
0.06304931640625 -0.0152778625488281 -0.043487548828125 -0.13970947265625
0.0719985961914063 0.0216522216796875 -0.0575408935546875 -0.16058349609375
0.0752029418945313 0.0585250854492188 0.03009033203125 -0.145095825195313
0.0476646423339844 -0.0127792358398438 -0.00485992431640624 -0.0312232971191406
0.0198230743408203 -0.0251846313476563 0.0651817321777344 0.020965576171875
-0.00182151794433594 -0.0180187225341797 0.0948028564453125 -0.0460891723632813
-0.00585317611694336 -0.00625371932983398 0.0521621704101562 -0.103073120117187
-0.00811290740966797 0.000936985015869139 -0.0166244506835937 -0.120941162109375
-0.0168619155883789 -0.00345802307128906 -0.0650787353515625 -0.09625244140625
-0.0134649276733398 -0.00536918640136719 -0.0591392517089844 -0.0621070861816406
-0.0181503295898438 -0.00509834289550781 -0.0549850463867188 -0.0485610961914062
-0.0187454223632812 -0.0167236328125 -0.0478973388671875 -0.0439910888671875
-0.00420379638671875 -0.0344142913818359 -0.0459403991699219 -0.0428543090820312
0.0283546447753906 -0.0426788330078125 -0.0429153442382813 -0.0668792724609375
0.0711746215820312 -0.00797271728515625 -0.0297622680664062 -0.0916061401367188
0.09051513671875 0.0344314575195313 -0.044708251953125 -0.123130798339844
0.0792236328125 0.0848464965820313 -0.0489044189453125 -0.1397705078125
0.0724258422851563 0.121192932128906 0.0576248168945313 -0.120277404785156
0.0728530883789063 0.0429229736328125 0.013798713684082 -0.0170421600341797
0.0767669677734375 0.00540924072265625 0.0747756958007813 0.0371170043945313
0.0491371154785156 -0.0320320129394531 0.109336853027344 -0.032928466796875
0.0233078002929688 -0.0419158935546875 0.0702667236328125 -0.094512939453125
-0.0115127563476563 -0.0433425903320313 -0.00508117675781251 -0.118820190429688
-0.0351829528808594 -0.0408897399902344 -0.0572738647460937 -0.0905609130859375
-0.028839111328125 -0.0408592224121094 -0.0520248413085938 -0.0505256652832031
-0.0375175476074219 -0.0422325134277344 -0.0493698120117188 -0.0365829467773438
-0.0237197875976562 -0.0527229309082031 -0.0475921630859375 -0.0284347534179688
0.0111541748046875 -0.0670967102050781 -0.0471382141113281 -0.0258979797363281
0.0585479736328125 -0.0583343505859375 -0.0479621887207031 -0.0512351989746094
0.106765747070313 0.00917816162109375 -0.0380783081054687 -0.0735549926757813
0.114723205566406 0.0663528442382813 -0.0418319702148437 -0.099884033203125
0.08245849609375 0.131011962890625 -0.0396194458007812 -0.101150512695312
0.054412841796875 0.1650390625 0.0806961059570313 -0.0717239379882812
0.0800247192382813 0.0982513427734375 0.0322494506835938 0.013031005859375
0.120079040527344 0.0479736328125 0.0790023803710938 0.05987548828125
0.0995941162109375 -0.0327301025390625 0.116165161132813 -0.0089874267578125
0.056671142578125 -0.0681877136230469 0.0835952758789063 -0.0709991455078125
-0.00766754150390624 -0.0815505981445313 0.0100860595703125 -0.102378845214844
-0.04644775390625 -0.0731582641601563 -0.039825439453125 -0.0740737915039062
-0.0393409729003906 -0.0693168640136719 -0.0380401611328125 -0.0310707092285156
-0.0540618896484375 -0.0707473754882813 -0.0363922119140625 -0.0164871215820312
-0.03094482421875 -0.0812911987304688 -0.0412864685058594 -0.0055999755859375
0.0180740356445313 -0.0941619873046875 -0.0431900024414062 -0.00307846069335938
0.0759963989257813 -0.0747604370117188 -0.050018310546875 -0.0305824279785156
0.130416870117188 0.0147781372070313 -0.0437965393066406 -0.0548934936523438
0.128379821777344 0.0839996337890625 -0.0317230224609375 -0.0751571655273438
0.0768585205078125 0.156997680664063 -0.0269050598144531 -0.0523796081542969
0.0251007080078125 0.180770874023438 0.0929489135742187 -0.00883483886718749
0.0652847290039063 0.137435913085938 0.0454444885253906 0.0536155700683594
0.135498046875 0.090667724609375 0.07421875 0.0832748413085938
0.132308959960938 -0.0174407958984375 0.111137390136719 0.021331787109375
0.0847320556640625 -0.0764236450195313 0.0869216918945313 -0.0376739501953125
0.002044677734375 -0.105255126953125 0.0245742797851562 -0.0725631713867188
-0.049072265625 -0.0932388305664063 -0.0179595947265625 -0.04705810546875
-0.0443572998046875 -0.0868301391601563 -0.0181140899658203 -0.00669097900390626
-0.06365966796875 -0.0887374877929688 -0.0162515640258789 0.00697708129882812
-0.0365676879882813 -0.0981674194335938 -0.0277938842773438 0.0212726593017578
0.0215835571289063 -0.111000061035156 -0.0350322723388672 0.0219001770019531
0.0840606689453125 -0.0828018188476563 -0.0494194030761719 -0.00755310058593752
0.138504028320313 0.02081298828125 -0.0450668334960937 -0.0371742248535156
0.125091552734375 0.0942459106445313 -0.0152244567871094 -0.0515365600585937
0.0599365234375 0.163299560546875 -0.0123348236083984 -0.000200271606445303
-0.00610351562499999 0.163467407226563 0.0936355590820313 0.0573196411132813
0.0337066650390625 0.145751953125 0.05133056640625 0.0948257446289063
0.116539001464844 0.116828918457031 0.0612030029296875 0.100128173828125
0.135940551757813 0.0045318603515625 0.0933761596679688 0.049407958984375
0.0959396362304688 -0.0669784545898438 0.0776290893554688 -0.0019378662109375
0.0111083984375 -0.1080322265625 0.0338363647460938 -0.0352935791015625
-0.0438613891601562 -0.0987167358398438 0.00544357299804687 -0.0158529281616211
-0.0426254272460937 -0.0912017822265625 0.00452232360839844 0.0176296234130859
-0.063140869140625 -0.0951080322265625 0.00612068176269531 0.0315399169921875
-0.0361404418945313 -0.102508544921875 -0.0121307373046875 0.0482215881347656
0.0252914428710937 -0.113121032714844 -0.0254554748535156 0.0458755493164062
0.0868682861328125 -0.0779037475585938 -0.0481071472167969 0.0117454528808594
0.131736755371094 0.0318603515625 -0.0446243286132812 -0.0242996215820313
0.103202819824219 0.100494384765625 0.00276565551757813 -0.0296802520751953
0.03204345703125 0.153488159179688 -0.0013580322265625 0.0496063232421875
-0.03424072265625 0.115623474121094 0.0877685546875 0.110671997070313
-0.00262451171875001 0.121452331542969 0.0498046875 0.126045227050781
0.0737457275390625 0.113304138183594 0.04620361328125 0.105461120605469
0.10980224609375 0.0228271484375 0.0705108642578125 0.0679931640625
0.086761474609375 -0.0457992553710938 0.0629310607910156 0.0275382995605469
0.0165328979492187 -0.0922622680664063 0.038818359375 0.000930786132812494
-0.0330734252929688 -0.0874252319335938 0.0266685485839844 0.0145435333251953
-0.0337677001953125 -0.0815963745117188 0.0269279479980469 0.0397109985351562
-0.0522613525390625 -0.0870590209960937 0.0285835266113281 0.0549125671386719
-0.0284500122070313 -0.0949554443359375 0.00283813476562499 0.0732498168945313
0.029571533203125 -0.100509643554688 -0.0193710327148438 0.067535400390625
0.08404541015625 -0.0619888305664063 -0.0481719970703125 0.0296516418457031
0.110603332519531 0.0446548461914063 -0.0446319580078125 -0.0138816833496094
0.0672378540039063 0.100944519042969 0.0154352188110352 -0.00818538665771484
-0.00337219238281251 0.126678466796875 0.00277709960937499 0.0949020385742188
-0.0558242797851563 0.0481491088867188 0.0763702392578125 0.142715454101563
-0.0332717895507813 0.072784423828125 0.047119140625 0.141448974609375
0.0234603881835937 0.0841064453125 0.0356063842773437 0.101165771484375
0.0655784606933594 0.0293846130371094 0.052093505859375 0.075164794921875
0.0589370727539063 -0.0206718444824219 0.0483512878417969 0.0444831848144531
0.0166587829589844 -0.0607757568359375 0.0416107177734375 0.0276947021484375
-0.017669677734375 -0.0622749328613281 0.04351806640625 0.0384597778320312
-0.0196800231933594 -0.0598983764648438 0.0454750061035156 0.0559005737304687
-0.0329055786132813 -0.0669059753417969 0.0459365844726563 0.0748519897460938
-0.0156936645507812 -0.0734786987304688 0.0126419067382813 0.0949859619140625
0.0313262939453125 -0.0753631591796875 -0.0186767578125 0.0860824584960938
0.0709075927734375 -0.03717041015625 -0.0535430908203125 0.0432357788085938
0.0759506225585938 0.0525970458984375 -0.0486946105957031 -0.00724792480468749
0.02288818359375 0.0885696411132813 0.0194168090820313 0.0111522674560547
-0.038909912109375 0.082122802734375 -0.005462646484375 0.128921508789063
0.0609703063964844 -0.013641357421875 -0.00477600097656248 -0.146987915039063
0.00684356689453125 -0.0562362670898438 -0.0220870971679687 -0.0265350341796875
-0.0386581420898438 -0.03656005859375 0.0577774047851563 0.010711669921875
-0.0424537658691406 0.00811386108398438 0.0786285400390625 -0.0526199340820313
-0.0224685668945312 0.03289794921875 0.0313720703125 -0.101280212402344
0.00637435913085938 0.042724609375 -0.0270156860351563 -0.110664367675781
0.0103893280029297 0.0322074890136719 -0.0699005126953125 -0.0875473022460937
0.00763893127441407 0.0292873382568359 -0.0623626708984375 -0.0613136291503906
0.0045623779296875 0.0322971343994141 -0.0577850341796875 -0.0463371276855469
-0.0154190063476563 0.0240554809570312 -0.0474891662597656 -0.045318603515625
-0.0292911529541016 0.000316619873046875 -0.0487480163574219 -0.0478973388671875
-0.0150814056396484 -0.0335235595703125 -0.0475311279296875 -0.0741348266601562
0.0272178649902344 -0.0431442260742188 -0.032073974609375 -0.106391906738281
0.0620880126953125 -0.0188484191894531 -0.05120849609375 -0.1383056640625
0.073883056640625 0.016815185546875 -0.06744384765625 -0.159469604492188
0.0798721313476563 0.0535888671875 0.02081298828125 -0.148895263671875
0.0467910766601562 -0.0149917602539062 -0.00832557678222656 -0.0296401977539063
0.0178604125976563 -0.0260772705078125 0.0678749084472656 0.0180892944335937
-0.00299453735351563 -0.0178279876708984 0.0933074951171875 -0.0513229370117188
-0.00584602355957031 -0.00591182708740234 0.0466461181640625 -0.106414794921875
-0.0076298713684082 0.0018000602722168 -0.0231246948242187 -0.120597839355469
-0.0161581039428711 -0.0021371841430664 -0.0720062255859375 -0.0929489135742188
-0.0135698318481445 -0.00522518157958984 -0.0636444091796875 -0.0590705871582031
-0.01788330078125 -0.00483512878417969 -0.0581817626953125 -0.0454368591308594
-0.018951416015625 -0.0154342651367188 -0.0511436462402344 -0.0410079956054688
-0.00623703002929688 -0.0335941314697266 -0.0498161315917969 -0.0411453247070313
0.02593994140625 -0.0447921752929688 -0.0483283996582031 -0.0661811828613281
0.0706710815429688 -0.0125885009765625 -0.0362091064453125 -0.09222412109375
0.0922927856445312 0.028350830078125 -0.0517654418945313 -0.122047424316406
0.0854644775390625 0.0810012817382813 -0.0580673217773438 -0.138710021972656
0.0813369750976562 0.117034912109375 0.0498046875 -0.125389099121094
0.0753021240234375 0.0399017333984375 0.0113010406494141 -0.0165586471557617
0.0772933959960937 0.0011444091796875 0.0780258178710938 0.0344009399414063
0.0472869873046875 -0.0357017517089844 0.108978271484375 -0.0389785766601563
0.0209236145019531 -0.0440597534179687 0.0654678344726562 -0.0994644165039063
-0.0143699645996094 -0.0431365966796875 -0.0122756958007812 -0.119224548339844
-0.0382499694824219 -0.0386581420898438 -0.063018798828125 -0.0869293212890625
-0.0314903259277344 -0.0399322509765625 -0.0550003051757813 -0.0474472045898438
-0.0402107238769531 -0.0400047302246094 -0.0523719787597656 -0.0326576232910156
-0.0265235900878906 -0.0508003234863281 -0.0503768920898437 -0.02508544921875
0.00713729858398438 -0.0673332214355469 -0.0497856140136719 -0.0235404968261719
0.0554695129394531 -0.0625152587890625 -0.0523185729980469 -0.0500526428222656
0.108375549316406 0.00213623046875 -0.0429306030273437 -0.0742034912109375
0.118980407714844 0.0594100952148438 -0.0483856201171875 -0.0995635986328125
0.0914764404296875 0.127471923828125 -0.0459060668945312 -0.10064697265625
0.065155029296875 0.164077758789063 0.0761795043945313 -0.0774459838867187
0.0860748291015625 0.0948410034179688 0.0316543579101563 0.0117511749267578
0.124717712402344 0.0411148071289062 0.083282470703125 0.0572509765625
0.0977249145507813 -0.0386505126953125 0.117317199707031 -0.0143814086914063
0.0533370971679688 -0.0714797973632813 0.0804290771484375 -0.07708740234375
-0.0126571655273437 -0.0806045532226562 0.00401306152343749 -0.103187561035156
-0.0511131286621094 -0.0701408386230469 -0.0443267822265625 -0.0710220336914063
-0.0438156127929687 -0.0676956176757813 -0.0389633178710937 -0.0281448364257813
-0.0580978393554688 -0.066925048828125 -0.0377197265625 -0.0133514404296875
-0.0360336303710938 -0.078369140625 -0.0421867370605469 -0.00247573852539062
0.0121002197265625 -0.095428466796875 -0.0445899963378906 -0.000358581542968749
0.0721206665039063 -0.0805587768554688 -0.054107666015625 -0.0286712646484375
0.132774353027344 0.0074462890625 -0.0481834411621094 -0.0540809631347656
0.133323669433594 0.0761795043945313 -0.0368423461914063 -0.0750961303710938
0.0877227783203125 0.154556274414063 -0.0299758911132813 -0.0524826049804687
0.036651611328125 0.180892944335938 0.0912704467773438 -0.0145950317382812
0.0731124877929688 0.135826110839844 0.04669189453125 0.0514373779296875
0.143020629882813 0.083221435546875 0.0795364379882813 0.08148193359375
0.131851196289063 -0.0255966186523438 0.114151000976563 0.0162582397460938
0.081298828125 -0.0823211669921875 0.0862045288085937 -0.0436630249023438
-0.00448608398437499 -0.105140686035156 0.0191802978515625 -0.073883056640625
-0.0560836791992187 -0.09014892578125 -0.0208091735839844 -0.0458259582519531
-0.0508651733398437 -0.0851669311523438 -0.0175619125366211 -0.00550174713134766
-0.0694427490234375 -0.0851974487304688 -0.0160589218139648 0.00872039794921874
-0.0435333251953125 -0.0952377319335937 -0.0277481079101563 0.0237083435058594
0.0140457153320313 -0.112571716308594 -0.0356559753417969 0.0248565673828125
0.0792770385742188 -0.0888137817382813 -0.0521011352539062 -0.00553894042968752
0.141433715820312 0.0117034912109375 -0.0484886169433594 -0.0364913940429688
0.130783081054688 0.0870590209960938 -0.0186309814453125 -0.0521163940429687
0.071075439453125 0.162078857421875 -0.0128469467163086 -0.000296592712402332
0.00395202636718749 0.164947509765625 0.0970230102539062 0.0518035888671875
0.043060302734375 0.146484375 0.0551910400390625 0.0928497314453125
0.1256103515625 0.110885620117187 0.0685348510742188 0.0990447998046875
0.137840270996094 -0.0024871826171875 0.0982284545898438 0.0456695556640625
0.0936050415039063 -0.0746078491210938 0.0794906616210938 -0.0068817138671875
0.00383758544921876 -0.10888671875 0.0310401916503906 -0.0370254516601563
-0.0514068603515625 -0.0960464477539063 0.00496768951416015 -0.0152349472045898
-0.0486526489257812 -0.0888137817382813 0.00624847412109375 0.0181159973144531
-0.069854736328125 -0.0904159545898438 0.00796318054199218 0.0323276519775391
-0.0435409545898438 -0.100326538085938 -0.00975799560546875 0.0498123168945312
0.0175552368164063 -0.114639282226562 -0.0236549377441406 0.0480537414550781
0.08203125 -0.0844879150390625 -0.0486526489257813 0.0151748657226562
0.135475158691406 0.0228729248046875 -0.0464248657226562 -0.0233154296875
0.109321594238281 0.0943527221679688 0.000165939331054696 -0.0311088562011719
0.0422515869140625 0.15301513671875 0.00131988525390626 0.050262451171875
-0.0278396606445313 0.119186401367188 0.0936508178710938 0.106590270996094
0.00415039062499999 0.123489379882813 0.0562286376953125 0.123931884765625
0.0828933715820312 0.109809875488281 0.0528640747070313 0.105438232421875
0.112220764160156 0.0158538818359375 0.0765762329101563 0.0649566650390625
0.084625244140625 -0.0516510009765625 0.06585693359375 0.0235214233398437
0.0103302001953125 -0.093414306640625 0.0381813049316406 -0.00140762329101563
-0.0396652221679687 -0.0854949951171875 0.0280246734619141 0.0135269165039062
-0.039825439453125 -0.0802459716796875 0.0303268432617188 0.0390281677246094
-0.05914306640625 -0.08380126953125 0.0317459106445312 0.0550308227539062
-0.0352859497070313 -0.0927505493164063 0.0069732666015625 0.07464599609375
0.0224227905273438 -0.103157043457031 -0.0163993835449219 0.0688514709472656
0.0800704956054688 -0.0679473876953125 -0.0477943420410156 0.032257080078125
0.115379333496094 0.0375442504882813 -0.0468025207519531 -0.0120391845703125
0.0734481811523438 0.0969696044921875 0.0148468017578125 -0.0109291076660156
0.00482177734375 0.128013610839844 0.00849151611328124 0.0950393676757813
-0.0531387329101562 0.0515975952148438 0.0846939086914062 0.139640808105469
-0.0289840698242188 0.0760879516601563 0.0546417236328125 0.139488220214844
0.029998779296875 0.08355712890625 0.0410537719726562 0.101173400878906
0.0677833557128906 0.0248908996582031 0.0581436157226563 0.0734024047851563
0.0591545104980469 -0.0250015258789063 0.0521621704101563 0.0417747497558594
0.0123329162597656 -0.0618362426757812 0.0431060791015625 0.0257339477539062
-0.0227279663085937 -0.0608901977539063 0.0460128784179688 0.0358963012695312
-0.0250816345214844 -0.0592613220214844 0.0496711730957031 0.0544204711914063
-0.0381546020507813 -0.0649337768554688 0.0501937866210938 0.0739974975585938
-0.0208206176757812 -0.0721664428710938 0.0185928344726563 0.0963516235351563
0.0259628295898437 -0.077911376953125 -0.014190673828125 0.0874786376953125
0.0697975158691406 -0.0431594848632812 -0.0520439147949219 0.0466804504394531
0.081146240234375 0.048004150390625 -0.049835205078125 -0.00527191162109375
0.0286483764648437 0.087554931640625 0.0196647644042969 0.00828361511230469
-0.0339279174804688 0.086212158203125 0.00264739990234375 0.129646301269531
0.0602874755859375 -0.0167922973632813 -0.01141357421875 -0.144577026367187
0.00442886352539062 -0.0553741455078125 -0.0231208801269531 -0.0234184265136719
-0.0401153564453125 -0.0342292785644531 0.0584793090820313 0.00897216796875
-0.0420265197753906 0.00950622558593749 0.0763702392578125 -0.0544357299804688
-0.0210819244384766 0.0338497161865234 0.0277862548828125 -0.100593566894531
0.00912094116210938 0.0419158935546875 -0.0302200317382813 -0.108627319335938
0.0126438140869141 0.0311241149902344 -0.0720596313476563 -0.083953857421875
0.00909423828125 0.0277023315429687 -0.0640029907226563 -0.0587387084960937
0.00687980651855469 0.0308437347412109 -0.0585174560546875 -0.0437278747558594
-0.0128974914550781 0.0248031616210938 -0.049163818359375 -0.0431022644042969
-0.0276641845703125 0.00203514099121094 -0.050201416015625 -0.0466575622558594
-0.0170326232910156 -0.0324211120605469 -0.0508956909179688 -0.0727081298828125
0.024322509765625 -0.0433807373046875 -0.035675048828125 -0.104393005371094
0.0601997375488281 -0.0210647583007813 -0.0552444458007813 -0.134605407714844
0.0745162963867188 0.0125885009765625 -0.0726776123046875 -0.154571533203125
0.0807647705078125 0.0485076904296875 0.0139312744140625 -0.147735595703125
0.0447425842285156 -0.0162544250488281 -0.0103263854980469 -0.0273761749267578
0.0160846710205078 -0.0261516571044922 0.0684013366699219 0.0163040161132813
-0.00391197204589844 -0.0169868469238281 0.091644287109375 -0.0537643432617187
-0.00595664978027344 -0.0057673454284668 0.0422592163085938 -0.107124328613281
-0.00650930404663086 0.002044677734375 -0.02764892578125 -0.118614196777344
-0.0157098770141602 -0.00136661529541016 -0.074462890625 -0.0882110595703125
-0.0127840042114258 -0.00537586212158203 -0.0644073486328125 -0.055816650390625
-0.0171232223510742 -0.00496292114257812 -0.0596046447753906 -0.041595458984375
-0.0176792144775391 -0.0141677856445312 -0.0523719787597656 -0.0387916564941406
-0.00676345825195312 -0.0321617126464844 -0.0511474609375 -0.0392951965332031
0.0241546630859375 -0.04486083984375 -0.0517578125 -0.0650825500488281
0.0691795349121094 -0.0148200988769531 -0.0396728515625 -0.0908279418945313
0.0915985107421875 0.0244827270507812 -0.0559310913085937 -0.119171142578125
0.0878372192382813 0.0760879516601563 -0.06243896484375 -0.13616943359375
0.085205078125 0.112030029296875 0.0430908203125 -0.12567138671875
0.0757369995117188 0.03741455078125 0.00828266143798829 -0.0156784057617188
0.07684326171875 -0.00241851806640625 0.0798187255859375 0.0318374633789063
0.0450630187988281 -0.0362663269042969 0.107353210449219 -0.0418930053710937
0.0194587707519531 -0.0444602966308594 0.0615692138671875 -0.100814819335938
-0.0155410766601562 -0.0407676696777344 -0.0165328979492187 -0.117706298828125
-0.0391883850097656 -0.0361785888671875 -0.0651931762695312 -0.0832977294921875
-0.0321464538574219 -0.0384025573730469 -0.0556068420410156 -0.0441932678222656
-0.0407295227050781 -0.0376396179199219 -0.0526390075683594 -0.0302085876464844
-0.0275077819824219 -0.0486640930175781 -0.0509376525878906 -0.0224075317382813
0.0048370361328125 -0.0658988952636719 -0.0506134033203125 -0.0213699340820312
0.052093505859375 -0.0634307861328125 -0.0551948547363281 -0.0490493774414063
0.107078552246094 -0.00228118896484375 -0.0466842651367187 -0.0731658935546875
0.118606567382813 0.0533828735351563 -0.0521926879882813 -0.0975189208984375
0.09576416015625 0.122627258300781 -0.0487289428710938 -0.0985336303710937
0.0710601806640625 0.159210205078125 0.0702056884765625 -0.0802078247070312
0.0876541137695313 0.0918960571289063 0.0296592712402344 0.0120334625244141
0.125801086425781 0.035736083984375 0.0861358642578125 0.0552902221679687
0.0944137573242188 -0.0417098999023438 0.116622924804687 -0.0181350708007813
0.0501251220703125 -0.0741958618164063 0.0776214599609375 -0.0798416137695313
-0.0155715942382813 -0.079010009765625 -0.000442504882812494 -0.102142333984375
-0.0541610717773438 -0.0662727355957031 -0.046905517578125 -0.0677375793457031
-0.0463142395019531 -0.0657844543457031 -0.0388221740722656 -0.0263214111328125
-0.0604591369628906 -0.0641365051269531 -0.037628173828125 -0.0112876892089844
-0.03863525390625 -0.075347900390625 -0.042388916015625 0.000442504882812487
0.00827789306640625 -0.0942840576171875 -0.0455207824707031 0.00118255615234374
0.0677413940429688 -0.0821075439453125 -0.0558624267578125 -0.0274581909179688
0.131851196289063 0.0013885498046875 -0.0508232116699219 -0.0533523559570313
0.135017395019531 0.0696640014648438 -0.0399093627929687 -0.073883056640625
0.093017578125 0.150100708007813 -0.0318031311035156 -0.0511131286621094
0.043548583984375 0.178604125976563 0.08905029296875 -0.0184249877929687
0.0768661499023438 0.132438659667969 0.0459709167480469 0.0498542785644531
0.14508056640625 0.07684326171875 0.0832061767578125 0.079864501953125
0.129737854003906 -0.0298995971679688 0.114639282226563 0.0124969482421875
0.0775299072265625 -0.0856475830078125 0.0841598510742187 -0.0460739135742188
-0.00879669189453125 -0.10321044921875 0.0161819458007812 -0.0738296508789063
-0.059478759765625 -0.08563232421875 -0.0229759216308594 -0.0436210632324219
-0.0535125732421875 -0.0823593139648438 -0.0159969329833984 -0.0041189193725586
-0.0722122192382812 -0.080230712890625 -0.0157756805419922 0.0110034942626953
-0.0462188720703125 -0.0914840698242187 -0.0268783569335938 0.0260429382324219
0.00942993164062501 -0.111366271972656 -0.0343589782714844 0.0255184173583984
0.0748443603515625 -0.0911407470703125 -0.0527000427246094 -0.00502395629882813
0.1407470703125 0.005615234375 -0.050384521484375 -0.0358772277832031
0.132484436035156 0.0799179077148438 -0.0210037231445312 -0.052459716796875
0.077545166015625 0.15814208984375 -0.0120439529418945 -0.00035858154296874
0.0103302001953125 0.16448974609375 0.0957412719726562 0.0468215942382813
0.0467071533203125 0.143234252929688 0.0556716918945313 0.089202880859375
0.129783630371094 0.104835510253906 0.0715866088867188 0.0974578857421875
0.13568115234375 -0.00844573974609375 0.0998611450195313 0.0418319702148437
0.0902786254882813 -0.0771026611328125 0.0785064697265625 -0.00994110107421875
-0.000564575195312503 -0.107452392578125 0.0284309387207031 -0.0367698669433594
-0.0557861328125 -0.0909194946289063 0.0043039321899414 -0.0146541595458984
-0.0530319213867187 -0.0865478515625 0.00800514221191406 0.0183601379394531
-0.0727691650390625 -0.085479736328125 0.00890922546386718 0.0322742462158203
-0.0468597412109375 -0.0954742431640625 -0.00804901123046876 0.0516624450683594
0.011810302734375 -0.113739013671875 -0.0225028991699219 0.0488624572753906
0.077667236328125 -0.0871810913085938 -0.0485191345214844 0.015716552734375
0.13507080078125 0.0170516967773438 -0.0480384826660156 -0.0224800109863281
0.111396789550781 0.0883636474609375 -0.0014667510986328 -0.0321750640869141
0.0487823486328125 0.151077270507813 0.00420761108398437 0.0485115051269531
-0.022613525390625 0.119529724121094 0.0954437255859375 0.10205078125
0.0084228515625 0.12274169921875 0.0588150024414062 0.120513916015625
0.086456298828125 0.106010437011719 0.0559921264648438 0.103645324707031
0.111930847167969 0.0105133056640625 0.078582763671875 0.0627212524414063
0.0817947387695313 -0.0552978515625 0.0665473937988281 0.0208473205566406
0.00635528564453125 -0.0919418334960938 0.0378913879394531 -0.00249481201171876
-0.0441513061523437 -0.0812530517578125 0.0284500122070312 0.0128555297851562
-0.0435333251953125 -0.0776138305664063 0.032470703125 0.0379753112792969
-0.0624542236328125 -0.07904052734375 0.0332870483398437 0.0538902282714844
-0.0390701293945312 -0.08843994140625 0.00920867919921876 0.0748825073242188
0.0174026489257812 -0.103080749511719 -0.0138168334960938 0.0693778991699219
0.076263427734375 -0.0704879760742188 -0.0471649169921875 0.0334701538085937
0.115371704101563 0.032379150390625 -0.047454833984375 -0.0113372802734375
0.0766143798828125 0.09246826171875 0.0135002136230469 -0.0126066207885742
0.010833740234375 0.126762390136719 0.0120849609375 0.0926666259765625
-0.0500564575195313 0.0538444519042969 0.087646484375 0.134719848632813
-0.0255661010742187 0.0768051147460938 0.058013916015625 0.136146545410156
0.0343551635742188 0.08160400390625 0.0447769165039063 0.0994796752929687
0.0680885314941406 0.0217208862304687 0.0608978271484375 0.0706710815429688
0.0572853088378906 -0.027740478515625 0.0539093017578125 0.0391998291015625
0.00925827026367188 -0.0611801147460938 0.0431480407714844 0.0242767333984375
-0.0258026123046875 -0.058837890625 0.0474433898925781 0.0341835021972656
-0.0276298522949219 -0.0570907592773438 0.0513458251953125 0.05224609375
-0.0421180725097656 -0.0621261596679687 0.05279541015625 0.0717849731445313
-0.0253639221191406 -0.0693740844726563 0.0212478637695313 0.0954818725585938
0.0216522216796875 -0.07843017578125 -0.0110626220703125 0.0871658325195313
0.0659255981445313 -0.045684814453125 -0.0506172180175781 0.0472221374511719
0.0824127197265625 0.0445175170898438 -0.0503387451171875 -0.00441360473632812
0.0321044921875 0.0845794677734375 0.0199756622314453 0.00498008728027344
-0.0297775268554687 0.0860671997070312 0.00775146484374999 0.12713623046875
0.0584526062011719 -0.0183982849121094 -0.0147552490234375 -0.1435546875
0.00352096557617188 -0.0546913146972656 -0.0233516693115234 -0.0210437774658203
-0.0407676696777344 -0.0324172973632813 0.0588455200195312 0.008514404296875
-0.0416450500488281 0.0105857849121094 0.0761871337890625 -0.0544204711914063
-0.0198535919189453 0.0340995788574219 0.0269927978515625 -0.0996856689453125
0.0104484558105469 0.0406036376953125 -0.0308609008789063 -0.107933044433594
0.0139045715332031 0.0303897857666016 -0.0732421875 -0.0828323364257813
0.0101337432861328 0.02655029296875 -0.0644721984863281 -0.0581092834472656
0.00769805908203125 0.0291996002197266 -0.0585746765136719 -0.0427627563476563
-0.0111351013183594 0.0243396759033203 -0.0495376586914062 -0.0424537658691406
-0.0263824462890625 0.00295639038085937 -0.0512313842773437 -0.0461769104003906
-0.0177860260009766 -0.0319843292236328 -0.05206298828125 -0.0721435546875
0.0226593017578125 -0.0432777404785156 -0.0364456176757813 -0.102882385253906
0.0589103698730469 -0.0213661193847656 -0.0556488037109375 -0.133232116699219
0.0736083984375 0.0101394653320313 -0.074310302734375 -0.152511596679688
0.0814208984375 0.046356201171875 0.00958251953125001 -0.146957397460938
0.0438613891601563 -0.0159835815429688 -0.0118522644042969 -0.0249843597412109
0.0157947540283203 -0.0257282257080078 0.0694351196289063 0.0157203674316406
-0.00483512878417969 -0.0160951614379883 0.090728759765625 -0.05413818359375
-0.00596475601196289 -0.00529956817626953 0.04107666015625 -0.106758117675781
-0.00564193725585938 0.00232028961181641 -0.028656005859375 -0.117446899414063
-0.0144329071044922 -0.00148296356201172 -0.0752944946289063 -0.0865325927734375
-0.0123023986816406 -0.00546360015869141 -0.0647125244140625 -0.0554122924804687
-0.0166091918945313 -0.00455856323242188 -0.0598068237304688 -0.0405731201171875
-0.0167732238769531 -0.0132932662963867 -0.0529289245605469 -0.0372657775878906
-0.00652503967285156 -0.0309333801269531 -0.0519180297851563 -0.0386619567871094
0.0230560302734375 -0.0442657470703125 -0.0530738830566406 -0.0647392272949219
0.0672645568847656 -0.0158500671386719 -0.0407943725585937 -0.0905075073242188
0.0905685424804688 0.0226287841796875 -0.056793212890625 -0.118171691894531
0.088775634765625 0.07342529296875 -0.0640716552734375 -0.13433837890625
0.0868911743164063 0.10919189453125 0.0395736694335938 -0.126274108886719
0.0743331909179688 0.036163330078125 0.00658321380615235 -0.0139732360839844
0.0758743286132813 -0.00312042236328125 0.0805130004882813 0.031951904296875
0.0435981750488281 -0.0368995666503906 0.1068115234375 -0.0423507690429687
0.0182304382324219 -0.0451164245605469 0.0600814819335938 -0.100975036621094
-0.0154609680175781 -0.0396842956542969 -0.0181884765625 -0.116439819335938
-0.0387115478515625 -0.0345649719238281 -0.06597900390625 -0.0812454223632812
-0.0327110290527344 -0.0378570556640625 -0.055389404296875 -0.0437126159667969
-0.0410842895507813 -0.0367889404296875 -0.0528030395507813 -0.0285301208496094
-0.0269813537597656 -0.0471649169921875 -0.0512924194335938 -0.021453857421875
0.00373840332031251 -0.0648307800292969 -0.0516738891601562 -0.0211296081542969
0.050689697265625 -0.0638160705566406 -0.0568275451660156 -0.04925537109375
0.105766296386719 -0.00363922119140625 -0.0477752685546875 -0.0731048583984375
0.11767578125 0.0511550903320312 -0.0529708862304687 -0.0964813232421875
0.0971450805664063 0.120536804199219 -0.0499496459960937 -0.0983505249023437
0.072967529296875 0.156829833984375 0.0670089721679688 -0.0805130004882812
0.0877761840820313 0.0903472900390625 0.0268077850341797 0.0125160217285156
0.125503540039063 0.0334701538085938 0.0876083374023438 0.0552749633789063
0.0938262939453125 -0.04278564453125 0.116287231445312 -0.0192718505859375
0.04931640625 -0.074493408203125 0.0760269165039063 -0.08013916015625
-0.0166168212890625 -0.0772705078125 -0.0019378662109375 -0.101333618164063
-0.0548553466796875 -0.0639915466308594 -0.0483436584472656 -0.0657768249511719
-0.0472640991210937 -0.0641136169433594 -0.0382194519042969 -0.0253791809082031
-0.0611152648925781 -0.062286376953125 -0.0376968383789063 -0.00967407226562499
-0.0395050048828125 -0.0731124877929688 -0.0418739318847656 0.00141143798828125
0.00647735595703125 -0.0927886962890625 -0.0454940795898438 0.00239562988281249
0.0659637451171875 -0.0817642211914062 -0.05780029296875 -0.0271034240722656
0.130859375 -0.00122833251953125 -0.0519905090332031 -0.0540084838867188
0.133377075195313 0.0669708251953125 -0.0410995483398438 -0.0744171142578125
0.0951690673828125 0.148040771484375 -0.0318870544433594 -0.051300048828125
0.0466461181640625 0.176422119140625 0.0860061645507813 -0.0199508666992187
0.0772552490234375 0.131134033203125 0.0436248779296875 0.0491409301757813
0.146270751953125 0.07415771484375 0.084136962890625 0.0796127319335938
0.128402709960938 -0.03192138671875 0.114631652832031 0.0115814208984375
0.076019287109375 -0.08660888671875 0.08294677734375 -0.0475006103515625
-0.0111541748046875 -0.101325988769531 0.0147857666015625 -0.0728302001953125
-0.060882568359375 -0.0829010009765625 -0.0229339599609375 -0.0419387817382813
-0.0552597045898437 -0.080718994140625 -0.0158147811889648 -0.00339221954345704
-0.0732574462890625 -0.0776824951171875 -0.0155372619628906 0.0117330551147461
-0.0477294921875 -0.0888595581054687 -0.0261421203613281 0.0270366668701172
0.00704193115234374 -0.109840393066406 -0.0346317291259766 0.0261440277099609
0.07220458984375 -0.0919342041015625 -0.0543022155761719 -0.00469589233398439
0.14007568359375 0.00323486328125 -0.0515480041503906 -0.0364494323730469
0.131355285644531 0.0770111083984375 -0.022705078125 -0.0525703430175781
0.0800323486328125 0.156600952148438 -0.0124578475952148 -0.00138092041015624
0.0132904052734375 0.162933349609375 0.0945663452148438 0.0452041625976563
0.0478973388671875 0.142059326171875 0.0540847778320313 0.088287353515625
0.131515502929688 0.102012634277344 0.0729598999023438 0.0968551635742188
0.134132385253906 -0.010772705078125 0.100318908691406 0.0407257080078125
0.0882339477539063 -0.0796127319335938 0.0784683227539063 -0.0107879638671875
-0.00270843505859374 -0.105644226074219 0.0276641845703125 -0.0372695922851563
-0.0571212768554688 -0.0884246826171875 0.00340557098388672 -0.0137815475463867
-0.0537948608398437 -0.0844497680664063 0.00995063781738281 0.0182209014892578
-0.0745391845703125 -0.0822601318359375 0.00951004028320312 0.0338058471679687
-0.04901123046875 -0.0927047729492188 -0.00745773315429687 0.0520820617675781
0.00922393798828124 -0.112739562988281 -0.0221099853515625 0.0485725402832031
0.0756301879882813 -0.087188720703125 -0.0494613647460937 0.0152740478515625
0.1341552734375 0.014434814453125 -0.0495529174804688 -0.0224266052246094
0.111099243164063 0.085845947265625 -0.00264549255371093 -0.0335254669189453
0.0511322021484375 0.149581909179688 0.00411987304687501 0.0470123291015625
-0.0204315185546875 0.119415283203125 0.0947341918945313 0.0992355346679688
0.0099639892578125 0.121902465820313 0.0582504272460938 0.119194030761719
0.0895767211914062 0.103660583496094 0.0579452514648438 0.10345458984375
0.111068725585937 0.0089874267578125 0.0792007446289062 0.06097412109375
0.0805740356445313 -0.0574417114257813 0.066680908203125 0.019683837890625
0.00399780273437501 -0.0904693603515625 0.0366973876953125 -0.00220489501953126
-0.0458297729492188 -0.0787277221679688 0.0283622741699219 0.0128459930419922
-0.0453567504882812 -0.0761566162109375 0.0336151123046875 0.0374412536621094
-0.0641098022460938 -0.0765838623046875 0.0338172912597656 0.0537681579589844
-0.0413055419921875 -0.0853958129882813 0.00992584228515626 0.07501220703125
0.01409912109375 -0.101898193359375 -0.0132598876953125 0.0687599182128906
0.0737075805664063 -0.0715789794921875 -0.0470542907714844 0.0329475402832031
0.115348815917969 0.02978515625 -0.0485153198242187 -0.0115623474121094
0.0771560668945313 0.0906448364257813 0.0122518539428711 -0.0141744613647461
0.0133209228515625 0.125923156738281 0.0133438110351563 0.0911026000976563
-0.049285888671875 0.0542945861816406 0.0873870849609375 0.132011413574219
-0.0242385864257812 0.0768051147460938 0.0580902099609375 0.133583068847656
0.0365066528320313 0.08026123046875 0.0457077026367188 0.0993881225585938
0.0684242248535156 0.0192146301269531 0.0617218017578125 0.0698623657226563
0.0563926696777344 -0.0294876098632813 0.0544967651367187 0.0384330749511719
0.00757980346679688 -0.0602989196777344 0.0430717468261719 0.0230293273925781
-0.0281524658203125 -0.0566177368164063 0.0475692749023438 0.0333938598632813
-0.0293693542480469 -0.0558891296386719 0.0526924133300781 0.0511398315429688
-0.0432586669921875 -0.0601997375488281 0.0537033081054688 0.0714035034179688
-0.0263099670410156 -0.0675811767578125 0.0229721069335937 0.095184326171875
0.0190811157226563 -0.077850341796875 -0.0106124877929687 0.086273193359375
0.0639457702636719 -0.0467681884765625 -0.0509109497070312 0.0474891662597656
0.0830535888671875 0.0421829223632813 -0.0508003234863281 -0.00505447387695312
0.032745361328125 0.083587646484375 0.0192165374755859 0.00375175476074219
-0.0276718139648437 0.0858688354492188 0.0101394653320312 0.125129699707031
0.0594940185546875 -0.0196456909179687 -0.015106201171875 -0.144912719726563
0.00255203247070312 -0.0550460815429688 -0.0235652923583984 -0.0196762084960938
-0.04156494140625 -0.031463623046875 0.0601730346679688 0.00928115844726563
-0.0424118041992188 0.011993408203125 0.07830810546875 -0.0552291870117188
-0.0199127197265625 0.035064697265625 0.0280075073242188 -0.0998764038085938
0.0114326477050781 0.0400848388671875 -0.0309295654296875 -0.109901428222656
0.0153865814208984 0.0295810699462891 -0.07440185546875 -0.0836639404296875
0.00972747802734375 0.0264663696289063 -0.0657920837402344 -0.0597496032714844
0.00806808471679687 0.0284004211425781 -0.0591468811035156 -0.0437278747558594
-0.0096282958984375 0.0235557556152344 -0.0508499145507812 -0.0434608459472656
-0.0258598327636719 0.00357437133789063 -0.0526237487792969 -0.0474586486816406
-0.0183811187744141 -0.0317096710205078 -0.0531692504882813 -0.073394775390625
0.0226554870605469 -0.0437202453613281 -0.0361709594726562 -0.104347229003906
0.0589675903320313 -0.0220794677734375 -0.0556411743164062 -0.134574890136719
0.0747146606445313 0.0093536376953125 -0.0746917724609375 -0.15478515625
0.0819778442382813 0.0461654663085937 0.00868225097656252 -0.147918701171875
0.0436210632324219 -0.0157241821289063 -0.0129375457763672 -0.0239772796630859
0.0154533386230469 -0.0255146026611328 0.07098388671875 0.0168380737304688
-0.00564861297607422 -0.0161495208740234 0.0930328369140625 -0.0544052124023438
-0.00594425201416016 -0.00511550903320313 0.0423049926757812 -0.1075439453125
-0.00491189956665039 0.00237035751342773 -0.0285720825195312 -0.118995666503906
-0.0135354995727539 -0.00103855133056641 -0.0755844116210938 -0.0877151489257812
-0.0122566223144531 -0.00622463226318359 -0.0656318664550781 -0.0564842224121094
-0.0161504745483398 -0.00554180145263672 -0.0606422424316406 -0.0410842895507813
-0.0158147811889648 -0.0138311386108398 -0.0541229248046875 -0.0382194519042969
-0.0062255859375 -0.0304584503173828 -0.053375244140625 -0.0397911071777344
0.0229644775390625 -0.0447196960449219 -0.055023193359375 -0.0670204162597656
0.067596435546875 -0.0157203674316406 -0.0412521362304688 -0.0918807983398438
0.0904006958007813 0.0230331420898438 -0.0570144653320312 -0.119964599609375
0.089691162109375 0.0735626220703125 -0.0646286010742188 -0.136787414550781
0.0885848999023438 0.110099792480469 0.0382461547851563 -0.127410888671875
0.075164794921875 0.0373458862304688 0.00504589080810547 -0.0125198364257812
0.0766143798828125 -0.0032196044921875 0.082733154296875 0.0333099365234375
0.0434761047363281 -0.0366554260253906 0.109001159667969 -0.0430068969726563
0.0187606811523438 -0.046051025390625 0.0614242553710938 -0.101974487304688
-0.0151710510253906 -0.0397987365722656 -0.01806640625 -0.117546081542969
-0.0384750366210937 -0.0341339111328125 -0.0669174194335938 -0.0818939208984375
-0.0331192016601563 -0.0387306213378906 -0.0556488037109375 -0.0444145202636719
-0.0413818359375 -0.0374908447265625 -0.0536079406738281 -0.02874755859375
-0.0263748168945313 -0.0471382141113281 -0.0523567199707031 -0.0211601257324219
0.00393295288085938 -0.0648841857910156 -0.0533218383789063 -0.0218620300292969
0.0513153076171875 -0.0643997192382813 -0.0592803955078125 -0.0503692626953125
0.106651306152344 -0.00392913818359375 -0.04925537109375 -0.0746841430664062
0.1180419921875 0.0519638061523438 -0.0533370971679688 -0.0985336303710938
0.098907470703125 0.121902465820313 -0.0513229370117187 -0.100181579589844
0.075347900390625 0.15850830078125 0.06585693359375 -0.0821304321289062
0.088226318359375 0.0928497314453125 0.0248756408691406 0.0139369964599609
0.127723693847656 0.0336990356445313 0.0897064208984375 0.0570068359375
0.0943679809570312 -0.0429306030273438 0.119239807128906 -0.0190505981445313
0.04937744140625 -0.0767898559570313 0.077301025390625 -0.0809249877929688
-0.0168838500976563 -0.0776748657226563 -0.00201416015624999 -0.102386474609375
-0.055328369140625 -0.0633392333984375 -0.0485038757324219 -0.0658111572265625
-0.0483894348144531 -0.0650177001953125 -0.0379600524902344 -0.0260848999023437
-0.0618553161621094 -0.0618553161621094 -0.0380706787109375 -0.00920867919921876
-0.0391921997070312 -0.0729217529296875 -0.0426368713378906 0.00271224975585937
0.00598144531250001 -0.0931167602539063 -0.0474052429199219 0.0020904541015625
0.0667572021484375 -0.0833511352539063 -0.0601081848144531 -0.0284843444824219
0.132980346679688 -0.00087738037109375 -0.0534172058105469 -0.055206298828125
0.134773254394531 0.0679244995117188 -0.0420379638671875 -0.0758819580078125
0.0966644287109375 0.15008544921875 -0.0333938598632812 -0.0527572631835937
0.047515869140625 0.179046630859375 0.0854034423828125 -0.0207901000976562
0.078155517578125 0.133743286132813 0.0419502258300781 0.0512237548828125
0.14923095703125 0.074371337890625 0.0871124267578125 0.0818328857421875
0.129295349121094 -0.032135009765625 0.116706848144531 0.0120010375976562
0.0762481689453125 -0.0892105102539063 0.0849609375 -0.0480575561523438
-0.01080322265625 -0.101577758789063 0.0145797729492187 -0.0729141235351563
-0.06201171875 -0.0823516845703125 -0.0237846374511719 -0.0421409606933594
-0.0564651489257812 -0.0818023681640625 -0.0147132873535156 -0.00357246398925782
-0.074066162109375 -0.0775985717773437 -0.0155572891235352 0.0133428573608398
-0.0482406616210937 -0.08856201171875 -0.0266761779785156 0.0285739898681641
0.00582885742187501 -0.11065673828125 -0.0356369018554688 0.02618408203125
0.0727691650390625 -0.0926055908203125 -0.056121826171875 -0.00566864013671875
0.141632080078125 0.0027618408203125 -0.0541343688964844 -0.0372657775878906
0.132583618164063 0.0779876708984375 -0.0240745544433594 -0.0542755126953125
0.080841064453125 0.159042358398438 -0.0126113891601562 -0.00223541259765624
0.0139312744140625 0.165176391601563 0.0944976806640625 0.0456466674804688
0.048004150390625 0.145339965820313 0.0518341064453125 0.0902633666992188
0.134109497070313 0.102561950683594 0.0748519897460938 0.0992202758789063
0.134902954101563 -0.0109329223632813 0.101791381835938 0.0414810180664063
0.0887451171875 -0.0815048217773438 0.079681396484375 -0.0110092163085938
-0.00341796875 -0.105842590332031 0.0274810791015625 -0.0371170043945313
-0.0582962036132812 -0.087188720703125 0.00397205352783203 -0.0138092041015625
-0.0561981201171875 -0.0849685668945313 0.0108776092529297 0.0185470581054687
-0.0762100219726563 -0.0820236206054688 0.00982284545898437 0.0357704162597656
-0.0495529174804687 -0.0917816162109375 -0.00744247436523438 0.0542259216308594
0.00803375244140624 -0.113395690917969 -0.0231437683105469 0.049346923828125
0.0758590698242188 -0.0889968872070313 -0.0513801574707031 0.01568603515625
0.13616943359375 0.0138473510742187 -0.0516777038574219 -0.0238418579101563
0.112007141113281 0.0862808227539063 -0.00387001037597656 -0.0350990295410156
0.05255126953125 0.151779174804688 0.00432586669921876 0.0469856262207031
-0.0202560424804688 0.121307373046875 0.0950469970703125 0.100379943847656
0.010345458984375 0.124275207519531 0.0566864013671875 0.12017822265625
0.0918731689453125 0.104423522949219 0.0591888427734375 0.105216979980469
0.112258911132813 0.00799560546875 0.0808563232421875 0.06195068359375
0.0812225341796875 -0.0594711303710937 0.0680351257324219 0.0202445983886719
0.00345611572265626 -0.09088134765625 0.036407470703125 -0.00186157226562501
-0.0472946166992188 -0.078369140625 0.0291652679443359 0.0129413604736328
-0.0474319458007813 -0.0765151977539063 0.0353240966796875 0.0380020141601562
-0.0656051635742188 -0.076019287109375 0.0346565246582031 0.05572509765625
-0.0425338745117188 -0.085052490234375 0.0105056762695312 0.0767745971679688
0.012542724609375 -0.102577209472656 -0.0138816833496094 0.0696334838867188
0.07440185546875 -0.0730972290039063 -0.0492668151855469 0.0334129333496094
0.1171875 0.029571533203125 -0.0502662658691406 -0.0125465393066406
0.077301025390625 0.0915985107421875 0.0122098922729492 -0.0158348083496094
0.0138092041015625 0.128128051757813 0.0137710571289063 0.0909042358398438
-0.0489921569824219 0.0557746887207031 0.0875091552734375 0.134506225585938
-0.0244827270507812 0.078033447265625 0.0573883056640625 0.13470458984375
0.038360595703125 0.0807342529296875 0.0462493896484375 0.100593566894531
0.0683860778808594 0.0185928344726563 0.0628433227539063 0.0708694458007813
0.0559272766113281 -0.0307388305664062 0.0556449890136719 0.0396003723144531
0.00699234008789062 -0.0603790283203125 0.0433769226074219 0.0236358642578125
-0.0292434692382813 -0.0553131103515625 0.0483589172363281 0.0335159301757812
-0.0311317443847656 -0.0561790466308594 0.0543098449707031 0.0519828796386719
-0.0440673828125 -0.0592880249023438 0.0548019409179688 0.0731582641601563
-0.0268630981445312 -0.0670013427734375 0.022857666015625 0.0967864990234375
0.0177078247070313 -0.0785980224609375 -0.0115127563476562 0.0872344970703125
0.0642662048339844 -0.0476760864257813 -0.0515899658203125 0.0479049682617188
0.0844879150390625 0.0423965454101563 -0.0530738830566406 -0.00568771362304687
0.0332565307617188 0.0852127075195313 0.0190563201904297 0.00153160095214844
-0.0272216796875 0.0866241455078125 0.0102386474609375 0.125541687011719
0.0607109069824219 -0.0215644836425781 -0.0185089111328125 -0.1485595703125
0.00214004516601563 -0.0562858581542969 -0.0245628356933594 -0.0179920196533203
-0.0431785583496094 -0.0313224792480469 0.0629501342773437 0.0093841552734375
-0.0437469482421875 0.0134658813476563 0.08160400390625 -0.0577163696289062
-0.0202980041503906 0.037109375 0.0291748046875 -0.103355407714844
0.0134468078613281 0.0409622192382813 -0.0319061279296875 -0.114158630371094
0.0177822113037109 0.0290374755859375 -0.0781097412109375 -0.08648681640625
0.0110931396484375 0.0262355804443359 -0.0690383911132813 -0.0611610412597656
0.00932121276855469 0.0278968811035156 -0.0627822875976563 -0.0455169677734375
-0.00892257690429687 0.0238151550292969 -0.05328369140625 -0.0447425842285156
-0.0256118774414063 0.00378799438476563 -0.055694580078125 -0.0496749877929687
-0.0195178985595703 -0.0323867797851563 -0.0565261840820313 -0.0764389038085938
0.0221290588378906 -0.0448799133300781 -0.0372085571289063 -0.108390808105469
0.0606575012207031 -0.0230751037597656 -0.0575637817382812 -0.139900207519531
0.0769805908203125 0.00865936279296875 -0.0781097412109375 -0.160507202148438
0.085479736328125 0.0454864501953125 0.005126953125 -0.153213500976563
0.0445671081542969 -0.0161209106445313 -0.0144538879394531 -0.0221710205078125
0.0153751373291016 -0.0260086059570313 0.0748062133789062 0.0169677734375
-0.00607967376708984 -0.0150012969970703 0.096466064453125 -0.0571136474609375
-0.00635194778442383 -0.00472497940063476 0.04339599609375 -0.111572265625
-0.00458478927612305 0.00252676010131836 -0.0307998657226563 -0.122917175292969
-0.0133142471313477 -0.00103855133056641 -0.0797805786132813 -0.0899887084960937
-0.0126371383666992 -0.00704574584960937 -0.0685234069824219 -0.0585212707519531
-0.0165672302246094 -0.00636959075927734 -0.0638504028320313 -0.0427970886230469
-0.0147981643676758 -0.0141496658325195 -0.05645751953125 -0.0389747619628906
-0.00560951232910156 -0.0309009552001953 -0.0572929382324219 -0.0410842895507812
0.0228004455566406 -0.0459098815917969 -0.0587539672851563 -0.06903076171875
0.0692520141601562 -0.016632080078125 -0.0431976318359375 -0.0955352783203125
0.092987060546875 0.0228118896484375 -0.0593032836914063 -0.124717712402344
0.093780517578125 0.0753631591796875 -0.0682373046875 -0.141448974609375
0.0927658081054688 0.112403869628906 0.0359725952148438 -0.131904602050781
0.0776138305664063 0.03900146484375 0.00408458709716797 -0.0111551284790039
0.079986572265625 -0.0032806396484375 0.087066650390625 0.034423828125
0.0441017150878906 -0.0379371643066406 0.113693237304687 -0.0446090698242187
0.0181465148925781 -0.0477333068847656 0.0627670288085938 -0.106117248535156
-0.0155601501464844 -0.0409011840820313 -0.0192642211914062 -0.121444702148438
-0.0394020080566406 -0.0345191955566406 -0.0699462890625 -0.0837631225585938
-0.03448486328125 -0.0399627685546875 -0.0579376220703125 -0.0460014343261719
-0.042816162109375 -0.0384941101074219 -0.0557174682617188 -0.0293235778808594
-0.026947021484375 -0.0488090515136719 -0.0543937683105469 -0.0210418701171875
0.00481796264648437 -0.0659751892089844 -0.0556449890136719 -0.022308349609375
0.0526657104492188 -0.0667572021484375 -0.0632820129394531 -0.0527267456054688
0.11053466796875 -0.00443267822265625 -0.0516891479492187 -0.0778732299804688
0.121528625488281 0.0527572631835937 -0.0564804077148437 -0.10235595703125
0.10302734375 0.125450134277344 -0.0541763305664063 -0.104049682617187
0.0800323486328125 0.16375732421875 0.0654754638671875 -0.0857391357421875
0.091888427734375 0.0961532592773438 0.0243663787841797 0.0159015655517578
0.13330078125 0.033935546875 0.0949783325195313 0.0587387084960938
0.09698486328125 -0.0452346801757812 0.123779296875 -0.0206985473632813
0.0499649047851563 -0.0802764892578125 0.079803466796875 -0.085113525390625
-0.0176544189453125 -0.0792388916015625 -0.00319671630859375 -0.104934692382813
-0.0570335388183594 -0.0640869140625 -0.04986572265625 -0.0676307678222656
-0.0509452819824219 -0.0667076110839844 -0.0390090942382813 -0.026580810546875
-0.0651359558105469 -0.0635261535644531 -0.0390815734863281 -0.00878143310546876
-0.0406417846679687 -0.074127197265625 -0.044342041015625 0.00345993041992186
0.005859375 -0.0958328247070313 -0.0495185852050781 0.00257492065429687
0.06854248046875 -0.0867462158203125 -0.0645179748535156 -0.0298843383789063
0.137550354003906 -0.00215911865234375 -0.0569381713867188 -0.0573921203613281
0.138740539550781 0.0689544677734375 -0.0445327758789063 -0.0786056518554687
0.101852416992188 0.155014038085938 -0.0349388122558594 -0.0551567077636719
0.0514678955078125 0.184661865234375 0.0862197875976563 -0.0219879150390625
0.0809402465820312 0.138687133789063 0.0412635803222656 0.0537605285644531
0.156494140625 0.0759429931640625 0.092132568359375 0.0840072631835938
0.133544921875 -0.0346450805664063 0.121513366699219 0.0120162963867187
0.0785751342773438 -0.0938186645507813 0.0876846313476563 -0.0502777099609375
-0.0128555297851562 -0.103904724121094 0.0138931274414062 -0.0748977661132813
-0.0646209716796875 -0.083251953125 -0.02386474609375 -0.0426177978515625
-0.0594329833984375 -0.0836944580078125 -0.0141382217407227 -0.00362205505371094
-0.07861328125 -0.0785903930664063 -0.0153999328613281 0.0145883560180664
-0.05023193359375 -0.0902862548828125 -0.0270729064941406 0.0309963226318359
0.00478363037109376 -0.113876342773438 -0.0368576049804688 0.0279464721679687
0.0753555297851563 -0.0971221923828125 -0.0606460571289063 -0.00548171997070312
0.147048950195313 0.0019378662109375 -0.0569381713867188 -0.038665771484375
0.1368408203125 0.0796966552734375 -0.025543212890625 -0.0569572448730469
0.0862274169921875 0.164779663085937 -0.014068603515625 -0.00261402130126952
0.0163726806640625 0.171859741210937 0.096221923828125 0.0463180541992188
0.0504302978515625 0.15118408203125 0.0524978637695313 0.0926742553710938
0.14141845703125 0.104888916015625 0.0790939331054688 0.102767944335937
0.139625549316406 -0.0126571655273438 0.105964660644531 0.0426254272460938
0.0910263061523438 -0.0857315063476563 0.0829315185546875 -0.0123443603515625
-0.004486083984375 -0.109161376953125 0.0277900695800781 -0.0376739501953125
-0.0615158081054688 -0.0881729125976563 0.00384330749511718 -0.0136051177978516
-0.059326171875 -0.087249755859375 0.0127754211425781 0.0192527770996094
-0.0798797607421875 -0.0828628540039063 0.0109710693359375 0.0373001098632812
-0.0521926879882813 -0.0939254760742188 -0.00686264038085938 0.0565109252929687
0.00627899169921874 -0.11651611328125 -0.02392578125 0.0513153076171875
0.0771865844726563 -0.0928878784179688 -0.0549545288085938 0.0162315368652344
0.14117431640625 0.012969970703125 -0.054931640625 -0.0241470336914062
0.116439819335938 0.0882797241210938 -0.00498199462890625 -0.0374488830566406
0.056396484375 0.157516479492188 0.00400924682617188 0.0476112365722656
-0.0193405151367187 0.126319885253906 0.0974349975585937 0.103134155273438
0.01202392578125 0.129417419433594 0.057952880859375 0.124122619628906
0.0972824096679688 0.1072998046875 0.0625 0.1087646484375
0.115715026855469 0.00726318359375 0.0841064453125 0.0638351440429688
0.0832366943359375 -0.0631637573242188 0.0709686279296875 0.0201950073242187
0.00202178955078126 -0.0928268432617188 0.0377159118652344 -0.00163269042968751
-0.0503387451171875 -0.0782852172851562 0.0301895141601563 0.014068603515625
-0.0502853393554688 -0.078033447265625 0.0374526977539063 0.0392189025878906
-0.0690383911132813 -0.077301025390625 0.0371551513671875 0.0581398010253906
-0.0446319580078125 -0.0865631103515625 0.011322021484375 0.0805892944335937
0.0105209350585938 -0.106277465820312 -0.0145721435546875 0.0718612670898437
0.0755844116210938 -0.076629638671875 -0.05157470703125 0.034637451171875
0.1221923828125 0.0287933349609375 -0.0540657043457031 -0.0128364562988281
0.0804672241210938 0.093780517578125 0.0115795135498047 -0.0175876617431641
0.0159378051757813 0.1328125 0.0145797729492188 0.0939102172851563
-0.0506515502929688 0.0580062866210938 0.0912017822265625 0.137847900390625
-0.0236740112304687 0.0817413330078125 0.0595016479492188 0.139701843261719
0.0414886474609375 0.0828704833984375 0.04803466796875 0.104354858398438
0.070709228515625 0.01873779296875 0.0652847290039063 0.0733566284179688
0.0579032897949219 -0.0332565307617188 0.0586967468261719 0.0403175354003906
0.00571823120117188 -0.0624504089355469 0.0446128845214844 0.0244560241699219
-0.0314826965332031 -0.0556602478027344 0.0510826110839844 0.0344429016113281
-0.0331649780273438 -0.0572662353515625 0.0575218200683594 0.05267333984375
-0.0468292236328125 -0.06024169921875 0.0584564208984375 0.0755462646484375
-0.0295982360839844 -0.0686149597167969 0.0250167846679688 0.100570678710938
0.01605224609375 -0.0817413330078125 -0.0115127563476563 0.0899810791015625
0.0658340454101563 -0.0504074096679687 -0.0538177490234375 0.0496559143066406
0.0881118774414063 0.0421524047851563 -0.0561981201171875 -0.00542831420898438
0.0347671508789063 0.0881118774414063 0.0195255279541016 0.000762939453125006
-0.027130126953125 0.0904006958007813 0.011749267578125 0.129432678222656
0.0619125366210938 -0.0253410339355469 -0.025726318359375 -0.15289306640625
-6.86645507812546E-05 -0.0587501525878906 -0.0259742736816406 -0.0161514282226563
-0.045867919921875 -0.0302162170410156 0.0662193298339844 0.00809860229492187
-0.0453033447265625 0.0163040161132812 0.0837631225585938 -0.0624008178710938
-0.0189743041992188 0.040374755859375 0.02783203125 -0.109214782714844
0.0162849426269531 0.0417213439941406 -0.0361175537109375 -0.118568420410156
0.0203742980957031 0.0289325714111328 -0.0842132568359375 -0.0876922607421875
0.012908935546875 0.026519775390625 -0.0749588012695313 -0.0620803833007813
0.0104351043701172 0.0280303955078125 -0.0672225952148437 -0.0453834533691406
-0.00699234008789063 0.0242023468017578 -0.0577392578125 -0.0448684692382812
-0.0255298614501953 0.005767822265625 -0.0607147216796875 -0.0498771667480469
-0.0216960906982422 -0.0324573516845703 -0.0627517700195313 -0.0784378051757813
0.0208549499511719 -0.0470848083496094 -0.0413131713867188 -0.112571716308594
0.0618324279785156 -0.0256996154785156 -0.0634613037109375 -0.143402099609375
0.0800323486328125 0.005584716796875 -0.0864410400390625 -0.1640625
0.0905609130859375 0.0437545776367187 -0.000915527343750004 -0.158462524414063
0.0455284118652344 -0.0173416137695313 -0.0161705017089844 -0.0203094482421875
0.0158519744873047 -0.0268573760986328 0.0792160034179688 0.0156173706054687
-0.00686359405517578 -0.0153169631958008 0.0994338989257813 -0.0630950927734375
-0.00654745101928711 -0.00425815582275391 0.042694091796875 -0.117141723632813
-0.00361943244934082 0.00302410125732422 -0.0347518920898437 -0.127304077148438
-0.0123062133789063 -0.000990867614746093 -0.0861434936523437 -0.0903701782226563
-0.0126886367797852 -0.0073089599609375 -0.0733642578125 -0.058929443359375
-0.0170660018920898 -0.00606155395507813 -0.0683021545410156 -0.0420570373535156
-0.0152912139892578 -0.0142374038696289 -0.0603790283203125 -0.0389671325683594
-0.00573539733886719 -0.0315113067626953 -0.0612411499023437 -0.0412826538085938
0.0227813720703125 -0.0487136840820313 -0.0651473999023438 -0.0705718994140625
0.071563720703125 -0.019287109375 -0.0471649169921875 -0.0989837646484375
0.0962295532226563 0.0209503173828125 -0.0652618408203125 -0.1285400390625
0.0997543334960938 0.0754776000976563 -0.07562255859375 -0.145706176757813
0.100433349609375 0.1134033203125 0.0314788818359375 -0.13800048828125
0.08172607421875 0.0389022827148438 0.00199604034423829 -0.00960540771484375
0.0831146240234375 -0.0061187744140625 0.0938796997070313 0.033111572265625
0.0446815490722656 -0.0402297973632813 0.117324829101562 -0.0501022338867187
0.0172195434570312 -0.05029296875 0.0624542236328125 -0.112701416015625
-0.0171127319335938 -0.0408515930175781 -0.0237808227539063 -0.124717712402344
-0.0416908264160156 -0.0344619750976562 -0.0755386352539063 -0.0847702026367188
-0.036956787109375 -0.040069580078125 -0.06182861328125 -0.0461654663085937
-0.0455513000488281 -0.0383682250976563 -0.0596504211425781 -0.0284042358398438
-0.0285606384277344 -0.0496368408203125 -0.0575637817382812 -0.0198898315429688
0.00305938720703125 -0.06890869140625 -0.0602149963378906 -0.0209922790527344
0.05291748046875 -0.071044921875 -0.0701637268066406 -0.0531806945800781
0.11431884765625 -0.0083465576171875 -0.0565567016601562 -0.0799942016601563
0.127326965332031 0.0511627197265625 -0.0617294311523438 -0.105903625488281
0.111824035644531 0.127326965332031 -0.0601654052734375 -0.107353210449219
0.088897705078125 0.166946411132813 0.0633544921875 -0.0907821655273437
0.0986862182617188 0.098480224609375 0.0241222381591797 0.0171871185302734
0.141021728515625 0.0301055908203125 0.102500915527344 0.058319091796875
0.0995025634765625 -0.050506591796875 0.129226684570313 -0.025054931640625
0.0491714477539063 -0.0855941772460938 0.080413818359375 -0.0909576416015625
-0.0205612182617187 -0.081024169921875 -0.00644683837890625 -0.108421325683594
-0.0610542297363281 -0.0637664794921875 -0.054412841796875 -0.0684165954589844
-0.0556564331054688 -0.0681610107421875 -0.0409927368164063 -0.0269317626953125
-0.0695304870605469 -0.0629997253417969 -0.0411643981933594 -0.00734710693359375
-0.044158935546875 -0.0754776000976563 -0.0469131469726562 0.00598526000976563
0.00238037109374999 -0.0998764038085938 -0.0522499084472656 0.00455474853515624
0.0684814453125 -0.0926513671875 -0.0698394775390625 -0.0290412902832031
0.143035888671875 -0.0065155029296875 -0.0621604919433594 -0.0584297180175781
0.146072387695313 0.0680389404296875 -0.04937744140625 -0.0818023681640625
0.112228393554687 0.1588134765625 -0.0390129089355469 -0.0568428039550781
0.0604095458984375 0.190841674804688 0.0862045288085938 -0.0257644653320312
0.0890350341796875 0.143234252929688 0.0431747436523438 0.0558357238769531
0.166961669921875 0.073638916015625 0.100532531738281 0.0839920043945313
0.13836669921875 -0.0400619506835938 0.128128051757813 0.00872039794921875
0.0777511596679688 -0.100837707519531 0.0899581909179688 -0.0559539794921875
-0.0161209106445313 -0.10699462890625 0.0120620727539062 -0.0776901245117188
-0.0694961547851562 -0.0827789306640625 -0.0263442993164062 -0.0425529479980469
-0.0654296875 -0.085113525390625 -0.0141181945800781 -0.00329589843750001
-0.0844955444335938 -0.078704833984375 -0.0158414840698242 0.0168333053588867
-0.0545578002929688 -0.090423583984375 -0.0270748138427734 0.0336627960205078
0.000396728515624996 -0.117996215820313 -0.038818359375 0.0304069519042969
0.0742874145507813 -0.104110717773438 -0.0645332336425781 -0.0043792724609375
0.154144287109375 -0.0032501220703125 -0.0617408752441406 -0.0389556884765625
0.144607543945312 0.0787353515625 -0.0291290283203125 -0.059356689453125
0.096771240234375 0.169418334960938 -0.0148887634277344 -0.00285053253173827
0.02386474609375 0.17877197265625 0.0991592407226563 0.04473876953125
0.057464599609375 0.156875610351563 0.0556716918945313 0.0963897705078125
0.151809692382813 0.103927612304687 0.0872726440429688 0.103706359863281
0.144683837890625 -0.018768310546875 0.112335205078125 0.0411834716796875
0.09112548828125 -0.093414306640625 0.0859222412109375 -0.014984130859375
-0.00832366943359376 -0.111953735351563 0.0276832580566406 -0.0389823913574219
-0.0670013427734375 -0.0874786376953125 0.00374889373779297 -0.0134820938110352
-0.0653762817382813 -0.0885696411132813 0.0141525268554687 0.0191612243652344
-0.0868148803710938 -0.0825729370117187 0.012664794921875 0.0398826599121094
-0.057708740234375 -0.0945968627929688 -0.00497055053710937 0.0605850219726562
0.00104522705078125 -0.121025085449219 -0.0244941711425781 0.0541114807128906
0.07720947265625 -0.0999832153320313 -0.0584526062011719 0.0177803039550781
0.148025512695313 0.0082244873046875 -0.0590629577636719 -0.0237159729003906
0.123756408691406 0.0885086059570312 -0.00690460205078124 -0.03961181640625
0.0645294189453125 0.1622314453125 0.00585556030273438 0.0490150451660156
-0.0154342651367187 0.132308959960938 0.102828979492188 0.104415893554688
0.0166091918945312 0.13543701171875 0.0617294311523438 0.127937316894531
0.106781005859375 0.107383728027344 0.0690765380859375 0.111907958984375
0.120521545410156 0.00363922119140625 0.0903091430664063 0.0640945434570313
0.0836410522460938 -0.0698394775390625 0.0748825073242188 0.0186386108398438
-0.000915527343750009 -0.0966644287109375 0.0394859313964844 -0.00191879272460938
-0.0556793212890625 -0.0778274536132813 0.0322589874267578 0.0136604309082031
-0.0554962158203125 -0.0788421630859375 0.041656494140625 0.038482666015625
-0.0749740600585938 -0.0767898559570313 0.0411720275878906 0.0604705810546875
-0.0494003295898437 -0.0872268676757813 0.014892578125 0.0845260620117187
0.00634765625000001 -0.110427856445313 -0.0137176513671875 0.0756072998046875
0.0754318237304688 -0.0825042724609375 -0.0534629821777344 0.0377388000488281
0.128646850585938 0.0255355834960938 -0.0577583312988281 -0.0114402770996094
0.087646484375 0.0956268310546875 0.0106773376464844 -0.0202827453613281
0.0218658447265625 0.138290405273438 0.0182113647460937 0.0968170166015625
-0.0495491027832031 0.0631065368652344 0.0978546142578125 0.14093017578125
-0.0216903686523437 0.0861740112304688 0.0641632080078125 0.142868041992188
0.047760009765625 0.0844345092773438 0.0531387329101563 0.106803894042969
0.0743179321289063 0.0161666870117187 0.0706939697265625 0.07489013671875
0.0583381652832031 -0.0377235412597656 0.0627784729003906 0.0399932861328125
0.00425338745117188 -0.0645523071289063 0.0476608276367188 0.0245628356933594
-0.034912109375 -0.0557861328125 0.0542678833007813 0.0339126586914063
-0.0375480651855469 -0.0577201843261719 0.0626144409179688 0.0528144836425781
-0.0519027709960937 -0.0610694885253906 0.0635299682617188 0.0774688720703125
-0.0332069396972656 -0.0692901611328125 0.0298309326171875 0.104721069335937
0.0134658813476563 -0.0858383178710938 -0.00923156738281249 0.094268798828125
0.0669822692871094 -0.0554466247558594 -0.0552024841308594 0.0535888671875
0.09442138671875 0.0406036376953125 -0.0597267150878906 -0.00411224365234373
0.0392227172851562 0.0896377563476563 0.0190582275390625 -0.00168418884277343
-0.0251617431640625 0.0953826904296875 0.0164794921875 0.133041381835938
0.0612831115722656 -0.0299110412597656 -0.035888671875 -0.154510498046875
-0.00301742553710937 -0.0594444274902344 -0.0277347564697266 -0.0130195617675781
-0.04833984375 -0.0274734497070312 0.0693244934082031 0.00495147705078125
-0.0446052551269531 0.0203857421875 0.0826873779296875 -0.0692214965820312
-0.0168266296386719 0.043182373046875 0.0239639282226563 -0.113327026367188
0.0200958251953125 0.0412712097167969 -0.0435943603515625 -0.119827270507813
0.0236244201660156 0.0270881652832031 -0.0917434692382813 -0.0847854614257813
0.0151691436767578 0.0253219604492188 -0.0811614990234375 -0.0593948364257812
0.0125789642333984 0.0273056030273438 -0.0727462768554687 -0.0431900024414063
-0.00524520874023437 0.0244255065917969 -0.0622520446777344 -0.0439910888671875
-0.0250015258789063 0.00744819641113281 -0.0662689208984375 -0.0481185913085937
-0.0246047973632813 -0.0314655303955078 -0.0689697265625 -0.0771331787109375
0.0184059143066406 -0.0488624572753906 -0.0471267700195313 -0.113945007324219
0.0614509582519531 -0.0297737121582031 -0.0722808837890625 -0.144546508789063
0.082794189453125 0.0005340576171875 -0.097808837890625 -0.163818359375
0.0946121215820313 0.0393829345703125 -0.0114593505859375 -0.161468505859375
0.0456123352050781 -0.0195350646972656 -0.0176944732666016 -0.0175380706787109
0.0151042938232422 -0.0280418395996094 0.08367919921875 0.011688232421875
-0.0070352554321289 -0.0142240524291992 0.0990219116210938 -0.069061279296875
-0.00685548782348633 -0.00293302536010742 0.0380783081054687 -0.122077941894531
-0.00235080718994141 0.00265622138977051 -0.0421066284179688 -0.12872314453125
-0.0117874145507813 -0.00154590606689453 -0.0938949584960937 -0.0876846313476563
-0.0136632919311523 -0.00744342803955078 -0.0797576904296875 -0.0563735961914062
-0.0174407958984375 -0.00636005401611328 -0.073455810546875 -0.0395736694335938
-0.0156688690185547 -0.0145740509033203 -0.064605712890625 -0.0368728637695313
-0.00648689270019531 -0.0315132141113281 -0.066436767578125 -0.0396194458007813
0.0204620361328125 -0.0501785278320313 -0.071563720703125 -0.0692367553710938
0.0713882446289063 -0.02301025390625 -0.0533370971679688 -0.0995407104492188
0.0993270874023438 0.0165328979492188 -0.0741119384765625 -0.12786865234375
0.106895446777344 0.0716094970703125 -0.0861968994140625 -0.14501953125
0.10919189453125 0.109748840332031 0.021942138671875 -0.142425537109375
0.0858230590820313 0.0367507934570313 0.00114822387695313 -0.00804901123046875
0.0862503051757813 -0.0112686157226563 0.099151611328125 0.0284423828125
0.0444869995117188 -0.0424385070800781 0.118080139160156 -0.05792236328125
0.0148887634277344 -0.0519027709960938 0.0582122802734375 -0.11865234375
-0.0186805725097656 -0.0407791137695313 -0.0307235717773437 -0.127082824707031
-0.0434150695800781 -0.0327835083007813 -0.0828170776367188 -0.0820388793945313
-0.0401725769042969 -0.0400238037109375 -0.0660972595214844 -0.0446014404296875
-0.0486717224121094 -0.0364913940429687 -0.0629844665527344 -0.025238037109375
-0.0306549072265625 -0.0489616394042969 -0.0607337951660156 -0.0169143676757812
0.000362396240234379 -0.0698318481445313 -0.0638999938964844 -0.01898193359375
0.050201416015625 -0.0759658813476563 -0.0756912231445312 -0.051055908203125
0.117179870605469 -0.0140609741210937 -0.0618972778320312 -0.0796966552734375
0.13299560546875 0.046112060546875 -0.069549560546875 -0.105461120605469
0.122528076171875 0.125007629394531 -0.0685577392578125 -0.106735229492187
0.101089477539062 0.1663818359375 0.05731201171875 -0.0962066650390625
0.1063232421875 0.0967025756835938 0.0240459442138672 0.0184211730957031
0.147735595703125 0.0232391357421875 0.109535217285156 0.0533981323242188
0.0994033813476562 -0.0567092895507812 0.131690979003906 -0.0320663452148438
0.044647216796875 -0.0911865234375 0.0782470703125 -0.0982589721679688
-0.0250930786132813 -0.0812225341796875 -0.01220703125 -0.110153198242187
-0.0650558471679687 -0.0614242553710937 -0.0598564147949219 -0.066925048828125
-0.0612258911132812 -0.0671730041503906 -0.0430908203125 -0.0257911682128906
-0.0750732421875 -0.0597610473632813 -0.0428085327148438 -0.004364013671875
-0.0483169555664062 -0.0743789672851563 -0.0473403930664062 0.00936126708984375
-0.00276947021484374 -0.101455688476563 -0.0548095703125 0.00726699829101562
0.0650558471679688 -0.0992813110351563 -0.0754165649414063 -0.026092529296875
0.146957397460938 -0.014373779296875 -0.0672225952148437 -0.0571098327636719
0.15277099609375 0.061553955078125 -0.0554122924804687 -0.0823898315429688
0.124908447265625 0.157241821289063 -0.0443763732910156 -0.0563468933105469
0.0741729736328125 0.19244384765625 0.0850296020507813 -0.0306472778320312
0.0994110107421875 0.143341064453125 0.0451164245605469 0.056243896484375
0.176559448242187 0.0654144287109375 0.108375549316406 0.0810623168945313
0.138877868652344 -0.0491485595703125 0.131782531738281 0.00229644775390625
0.0730667114257813 -0.108818054199219 0.0895462036132813 -0.0619735717773438
-0.0219497680664063 -0.107841491699219 0.00850677490234375 -0.0789337158203125
-0.0753631591796875 -0.0800399780273438 -0.0296478271484375 -0.0428581237792969
-0.0720977783203125 -0.0833206176757813 -0.0138072967529297 -0.0031423568725586
-0.0916900634765625 -0.0745162963867188 -0.0147819519042969 0.0188407897949219
-0.0610733032226562 -0.0887603759765625 -0.0261383056640625 0.0368919372558594
-0.00720214843750001 -0.120323181152344 -0.03955078125 0.0333976745605469
0.0700912475585937 -0.110740661621094 -0.0688858032226563 -0.000946044921875016
0.158462524414063 -0.012054443359375 -0.0664901733398437 -0.0363235473632813
0.152816772460938 0.072662353515625 -0.03350830078125 -0.0599899291992187
0.109771728515625 0.169219970703125 -0.0159912109375 -0.00216960906982421
0.0345306396484375 0.182327270507812 0.10211181640625 0.04071044921875
0.0686187744140625 0.158584594726563 0.0601425170898438 0.0961990356445313
0.16278076171875 0.097259521484375 0.0957565307617188 0.101638793945312
0.147674560546875 -0.0270233154296875 0.117790222167969 0.0367889404296875
0.0877761840820313 -0.101188659667969 0.0878448486328125 -0.02008056640625
-0.014923095703125 -0.113754272460938 0.0260238647460938 -0.0399360656738281
-0.0733489990234375 -0.085296630859375 0.00317859649658203 -0.0141572952270508
-0.0724411010742188 -0.0865631103515625 0.0168266296386719 0.0180511474609375
-0.0940017700195312 -0.0793533325195313 0.0171470642089844 0.0405426025390625
-0.0641021728515625 -0.0919952392578125 -0.00152969360351563 0.0627098083496094
-0.00669097900390626 -0.123275756835938 -0.0230789184570313 0.0568008422851562
0.0729827880859375 -0.107620239257813 -0.0605239868164063 0.0218391418457031
0.153045654296875 -0.0006561279296875 -0.0624580383300781 -0.0207939147949219
0.131820678710938 0.0842819213867187 -0.00939178466796874 -0.0417289733886719
0.07635498046875 0.163665771484375 0.0092620849609375 0.0491905212402344
-0.00778961181640625 0.136695861816406 0.109687805175781 0.101455688476563
0.0248489379882813 0.138351440429688 0.067962646484375 0.1285400390625
0.11700439453125 0.103240966796875 0.0762710571289063 0.110099792480469
0.12347412109375 -0.003875732421875 0.0953521728515625 0.0615386962890625
0.0812911987304688 -0.076873779296875 0.0783843994140625 0.0153579711914062
-0.0070343017578125 -0.0986480712890625 0.0398941040039063 -0.00337600708007813
-0.0606231689453125 -0.075714111328125 0.0339698791503906 0.0127086639404297
-0.0620651245117188 -0.0772705078125 0.0457038879394531 0.0369071960449219
-0.0822372436523438 -0.0734405517578125 0.0466804504394531 0.0599327087402344
-0.0559616088867187 -0.0856857299804688 0.0203323364257813 0.0862274169921875
-0.00119018554687499 -0.112861633300781 -0.0110092163085937 0.0780029296875
0.0721664428710938 -0.0900955200195313 -0.0545272827148437 0.0414848327636719
0.13409423828125 0.0185394287109375 -0.0606307983398437 -0.00822067260742186
0.0946807861328125 0.0932998657226563 0.00919723510742188 -0.0221939086914062
0.0312042236328125 0.141250610351563 0.0245590209960938 0.0972976684570313
-0.0464439392089844 0.0678367614746094 0.106857299804688 0.138938903808594
-0.0173721313476563 0.0896148681640625 0.0713958740234375 0.14324951171875
0.0543060302734375 0.0831069946289063 0.0595550537109375 0.107101440429688
0.076263427734375 0.0118789672851562 0.0764541625976563 0.0731124877929688
0.0569610595703125 -0.0428352355957031 0.0678443908691406 0.0378494262695313
-0.000186920166015622 -0.0663299560546875 0.0500030517578125 0.0236167907714844
-0.0389213562011719 -0.0535812377929688 0.0582160949707031 0.0320968627929688
-0.0425682067871094 -0.0562782287597656 0.0682792663574219 0.0495109558105469
-0.0580787658691406 -0.0583839416503906 0.0714645385742188 0.0757980346679688
-0.038360595703125 -0.0679435729980469 0.036773681640625 0.10650634765625
0.00706481933593751 -0.0882186889648438 -0.00581359863281249 0.0973968505859375
0.0650749206542969 -0.061370849609375 -0.0547103881835937 0.0583343505859375
0.0996322631835938 0.0356063842773438 -0.0619239807128906 -0.000526428222656252
0.046234130859375 0.0906829833984375 0.0191993713378906 -0.00415992736816406
-0.0197677612304687 0.0990829467773438 0.0248870849609375 0.135063171386719
0.0584526062011719 -0.0337905883789063 -0.0447998046875 -0.149749755859375
-0.00703811645507813 -0.0573883056640625 -0.0274982452392578 -0.00975799560546875
-0.0495758056640625 -0.0238456726074219 0.0700111389160156 0.00146484375
-0.0426712036132813 0.0235862731933594 0.0795059204101563 -0.0730056762695313
-0.01300048828125 0.0447006225585938 0.0180435180664062 -0.11407470703125
0.0239219665527344 0.0389595031738281 -0.049407958984375 -0.118110656738281
0.02520751953125 0.0238895416259766 -0.0960006713867188 -0.0787887573242188
0.0169124603271484 0.0235786437988281 -0.085479736328125 -0.0539627075195313
0.0146675109863281 0.0251903533935547 -0.0761795043945313 -0.038848876953125
-0.00261878967285156 0.0236930847167969 -0.065093994140625 -0.0403594970703125
-0.02276611328125 0.00829315185546876 -0.0690536499023437 -0.0445289611816406
-0.0264739990234375 -0.0293006896972656 -0.0735855102539063 -0.0731048583984375
0.0152435302734375 -0.0490379333496094 -0.0524368286132813 -0.11187744140625
0.059814453125 -0.0333671569824219 -0.0792922973632813 -0.140090942382813
0.0821380615234375 -0.004150390625 -0.1064453125 -0.15716552734375
0.0958404541015625 0.033172607421875 -0.02166748046875 -0.158111572265625
0.0440902709960938 -0.0208168029785156 -0.0188503265380859 -0.0143890380859375
0.0135116577148437 -0.0281314849853516 0.0843734741210937 0.00687408447265625
-0.00773239135742188 -0.0128231048583984 0.0955581665039063 -0.0738601684570313
-0.00626230239868164 -0.00196981430053711 0.031707763671875 -0.124038696289063
-0.000131368637084961 0.00308942794799805 -0.0483932495117188 -0.126258850097656
-0.0110406875610352 -0.00148677825927735 -0.09832763671875 -0.0818328857421875
-0.0135440826416016 -0.00738525390625 -0.0835723876953125 -0.0515975952148438
-0.0177993774414063 -0.00556373596191406 -0.0760345458984375 -0.0346145629882813
-0.0148954391479492 -0.0140857696533203 -0.0672569274902344 -0.0327224731445313
-0.00701904296875 -0.0307693481445313 -0.0693893432617188 -0.0356025695800781
0.0173568725585938 -0.0509872436523438 -0.0764007568359375 -0.065185546875
0.0697288513183594 -0.026092529296875 -0.0586700439453125 -0.0971832275390625
0.0997238159179688 0.0114288330078125 -0.0801239013671875 -0.124000549316406
0.110458374023438 0.06494140625 -0.094146728515625 -0.139564514160156
0.114990234375 0.10302734375 0.0126495361328125 -0.141372680664063
0.08758544921875 0.0327377319335937 -0.000569343566894526 -0.00601005554199219
0.0860748291015625 -0.01580810546875 0.100845336914063 0.0222396850585938
0.0416908264160156 -0.0446586608886719 0.114837646484375 -0.0638275146484375
0.011566162109375 -0.0519027709960938 0.0512924194335938 -0.1207275390625
-0.0197486877441406 -0.0393943786621094 -0.0369873046875 -0.1246337890625
-0.0442428588867188 -0.0303153991699219 -0.086456298828125 -0.0764236450195313
-0.0426483154296875 -0.038421630859375 -0.0690650939941406 -0.0406608581542969
-0.0506973266601563 -0.0333938598632813 -0.0652084350585938 -0.0210037231445312
-0.0324745178222656 -0.047393798828125 -0.0616493225097656 -0.013092041015625
-0.00320053100585937 -0.0693283081054688 -0.0656700134277344 -0.0146026611328125
0.0454940795898438 -0.078094482421875 -0.080474853515625 -0.0464630126953125
0.116447448730469 -0.02044677734375 -0.0660324096679688 -0.077362060546875
0.13421630859375 0.039154052734375 -0.07525634765625 -0.101814270019531
0.129684448242188 0.118087768554687 -0.0742721557617187 -0.102302551269531
0.11004638671875 0.15924072265625 0.04913330078125 -0.097991943359375
0.111648559570313 0.0918197631835937 0.0236034393310547 0.0185375213623047
0.149017333984375 0.0137786865234375 0.113113403320313 0.0462646484375
0.0952835083007813 -0.0615921020507812 0.129653930664063 -0.0391769409179688
0.038848876953125 -0.0930023193359375 0.0729141235351563 -0.101470947265625
-0.0288467407226563 -0.078826904296875 -0.0179672241210938 -0.108497619628906
-0.0679244995117188 -0.0567474365234375 -0.0630340576171875 -0.0620880126953125
-0.064849853515625 -0.06317138671875 -0.0449028015136719 -0.0235023498535156
-0.0780792236328125 -0.0548782348632812 -0.0427894592285156 -0.00165176391601563
-0.0516891479492188 -0.0708999633789063 -0.0465011596679688 0.0126113891601562
-0.00820922851562501 -0.0994033813476563 -0.0551605224609375 0.0103797912597656
0.0587081909179688 -0.102394104003906 -0.078704833984375 -0.0220870971679687
0.146072387695313 -0.02264404296875 -0.0702629089355469 -0.053741455078125
0.1553955078125 0.0535888671875 -0.0608139038085937 -0.0790481567382813
0.133880615234375 0.150222778320313 -0.0472869873046875 -0.0538825988769531
0.08453369140625 0.187347412109375 0.0807647705078125 -0.0351028442382812
0.107063293457031 0.138267517089844 0.0464096069335938 0.0549125671386719
0.180526733398438 0.054168701171875 0.11297607421875 0.0736083984375
0.135581970214844 -0.056396484375 0.131828308105469 -0.0045318603515625
0.0658721923828125 -0.112785339355469 0.085418701171875 -0.0665969848632813
-0.02813720703125 -0.105728149414063 0.00489807128906249 -0.0787887573242188
-0.0790786743164063 -0.074188232421875 -0.0315475463867188 -0.0398483276367188
-0.0769577026367188 -0.0791473388671875 -0.014134407043457 -0.00260543823242188
-0.0954666137695312 -0.0675735473632813 -0.0122337341308594 0.0200634002685547
-0.0653533935546875 -0.0841522216796875 -0.0239372253417969 0.0390586853027344
-0.0142898559570313 -0.118408203125 -0.0385780334472656 0.0354080200195312
0.0635223388671875 -0.115310668945313 -0.0706939697265625 0.00282287597656249
0.15753173828125 -0.02099609375 -0.0681991577148437 -0.033050537109375
0.1553955078125 0.064971923828125 -0.0377311706542969 -0.0594253540039062
0.119522094726563 0.163101196289063 -0.016326904296875 -0.00158214569091796
0.045440673828125 0.1783447265625 0.10186767578125 0.035064697265625
0.0764617919921875 0.154876708984375 0.0628204345703125 0.0940170288085938
0.169082641601563 0.086944580078125 0.100418090820313 0.0947723388671875
0.145278930664063 -0.035369873046875 0.119384765625 0.030303955078125
0.080535888671875 -0.106376647949219 0.0864791870117188 -0.0250778198242188
-0.0209274291992187 -0.111900329589844 0.0238227844238281 -0.0405960083007813
-0.0768585205078125 -0.0795135498046875 0.00234127044677734 -0.0136737823486328
-0.0777053833007813 -0.0817718505859375 0.0180397033691406 0.0165023803710937
-0.0983734130859375 -0.071502685546875 0.0198707580566406 0.0399665832519531
-0.0691452026367188 -0.087310791015625 0.00253677368164062 0.0637321472167969
-0.0141220092773438 -0.120994567871094 -0.0205650329589844 0.0579452514648437
0.0655441284179688 -0.111351013183594 -0.0605354309082031 0.025299072265625
0.153839111328125 -0.009246826171875 -0.0639877319335938 -0.0172309875488281
0.135810852050781 0.0768585205078125 -0.0129508972167969 -0.0418281555175781
0.0864105224609375 0.159530639648437 0.0117034912109375 0.0488014221191406
0.00098419189453125 0.136726379394531 0.112960815429687 0.0947799682617188
0.0328445434570313 0.136627197265625 0.0724945068359375 0.1243896484375
0.123428344726563 0.095367431640625 0.0809707641601563 0.105491638183594
0.122200012207031 -0.0109634399414063 0.098388671875 0.0563507080078125
0.0751571655273438 -0.081573486328125 0.0791244506835938 0.0107574462890625
-0.0122756958007812 -0.0969924926757813 0.0399017333984375 -0.00425338745117188
-0.0644683837890625 -0.0707015991210938 0.0344314575195312 0.0107192993164062
-0.0668792724609375 -0.0730361938476563 0.0481910705566406 0.0334358215332031
-0.0867767333984375 -0.0667037963867188 0.0516738891601562 0.0573501586914062
-0.0608367919921875 -0.0810089111328125 0.0257949829101562 0.0856094360351562
-0.00890350341796876 -0.111404418945312 -0.0068511962890625 0.0780563354492188
0.066162109375 -0.0937271118164063 -0.0533638000488281 0.0439910888671875
0.135429382324219 0.00981903076171875 -0.0611763000488281 -0.00484466552734376
0.099761962890625 0.0879745483398437 0.00641059875488282 -0.0241050720214844
0.0394210815429687 0.13922119140625 0.03021240234375 0.0946731567382813
-0.0420036315917969 0.0700225830078125 0.112037658691406 0.132560729980469
-0.0115203857421875 0.0897750854492188 0.0774307250976563 0.139328002929688
0.0599441528320313 0.07879638671875 0.0638351440429688 0.103439331054688
0.0761795043945313 0.00734710693359375 0.0801849365234375 0.0698089599609375
0.0534172058105469 -0.0459175109863281 0.0700569152832031 0.0337944030761719
-0.00454330444335938 -0.0657501220703125 0.05120849609375 0.0216827392578125
-0.0426368713378906 -0.0505447387695312 0.0601387023925781 0.0292091369628906
-0.0462112426757813 -0.0534515380859375 0.071563720703125 0.0457916259765625
-0.0622978210449219 -0.0537147521972656 0.07684326171875 0.0713043212890625
-0.0422630310058594 -0.06494140625 0.0434188842773438 0.104644775390625
0.000587463378906244 -0.08734130859375 -0.000473022460937503 0.0971908569335938
0.0601768493652344 -0.0656509399414063 -0.0524406433105469 0.0599288940429687
0.101593017578125 0.0289993286132812 -0.0625991821289063 0.00326156616210938
0.05084228515625 0.0875701904296875 0.0180263519287109 -0.00623703002929687
-0.0129241943359375 0.100692749023438 0.0328750610351563 0.131690979003906
0.0550956726074219 -0.0353965759277344 -0.0489959716796875 -0.144012451171875
-0.0081329345703125 -0.0559806823730469 -0.0261936187744141 -0.00730705261230469
-0.0490570068359375 -0.0215988159179688 0.0690422058105469 -0.000381469726562501
-0.0404434204101563 0.025146484375 0.0767440795898438 -0.0741348266601563
-0.00994491577148438 0.0452690124511719 0.01519775390625 -0.112716674804687
0.0257110595703125 0.0360870361328125 -0.0521240234375 -0.115303039550781
0.0256824493408203 0.0212936401367188 -0.097076416015625 -0.0743026733398438
0.0178165435791016 0.0217952728271484 -0.08624267578125 -0.0497207641601562
0.0158729553222656 0.0237293243408203 -0.07708740234375 -0.0342636108398437
-0.00111770629882813 0.0225925445556641 -0.0652732849121094 -0.0377159118652344
-0.02099609375 0.00957679748535156 -0.069793701171875 -0.0414314270019531
-0.0269317626953125 -0.0265560150146484 -0.0747604370117188 -0.0692672729492187
0.0130462646484375 -0.0476951599121094 -0.0542068481445313 -0.109390258789062
0.0568428039550781 -0.0336418151855469 -0.0811614990234375 -0.134422302246094
0.0800323486328125 -0.00698089599609375 -0.108062744140625 -0.150192260742188
0.094146728515625 0.0293731689453125 -0.0270233154296875 -0.152252197265625
0.0428009033203125 -0.0213470458984375 -0.0190410614013672 -0.0120697021484375
0.0129604339599609 -0.0273456573486328 0.083251953125 0.00408172607421875
-0.00772476196289062 -0.0114917755126953 0.0923233032226562 -0.0744476318359375
-0.00512075424194336 -0.001434326171875 0.0283050537109375 -0.121055603027344
0.000555157661437988 0.00217366218566895 -0.0512619018554688 -0.123130798339844
-0.0104217529296875 -0.00245952606201172 -0.0990524291992188 -0.07672119140625
-0.0132865905761719 -0.00743770599365234 -0.0839462280273438 -0.047698974609375
-0.0171833038330078 -0.00485324859619141 -0.0770797729492187 -0.0303878784179688
-0.0144596099853516 -0.0136909484863281 -0.0675582885742188 -0.0294876098632812
-0.00669670104980469 -0.0300846099853516 -0.0696868896484375 -0.03192138671875
0.0152854919433594 -0.0496940612792969 -0.0780487060546875 -0.0609207153320313
0.0675926208496094 -0.0270118713378906 -0.0596771240234375 -0.0940017700195312
0.0970687866210938 0.00946807861328125 -0.08221435546875 -0.118843078613281
0.109870910644531 0.06011962890625 -0.095855712890625 -0.132720947265625
0.115447998046875 0.0966567993164063 0.0061187744140625 -0.136878967285156
0.0872879028320313 0.0299530029296875 -0.00103640556335449 -0.00395846366882324
0.0841064453125 -0.0186691284179687 0.0994110107421875 0.0182876586914062
0.0395736694335938 -0.0443115234375 0.111778259277344 -0.0652389526367188
0.0103569030761719 -0.0504684448242188 0.0477523803710938 -0.119651794433594
-0.019744873046875 -0.0375099182128906 -0.0402374267578125 -0.121124267578125
-0.0435371398925781 -0.0288505554199219 -0.0878982543945313 -0.0716781616210938
-0.0433082580566406 -0.0366592407226563 -0.0695762634277344 -0.0377311706542969
-0.0500984191894531 -0.0312347412109375 -0.0649833679199219 -0.0178108215332031
-0.0328865051269531 -0.0451774597167969 -0.0615081787109375 -0.0104904174804687
-0.00418090820312501 -0.0671844482421875 -0.0658416748046875 -0.0121383666992188
0.0421524047851562 -0.07781982421875 -0.0818634033203125 -0.0435943603515625
0.11383056640625 -0.0226974487304688 -0.0671157836914062 -0.0736846923828125
0.132240295410156 0.0353012084960938 -0.0771560668945313 -0.0972671508789062
0.130973815917969 0.111358642578125 -0.0757904052734375 -0.0968475341796875
0.11273193359375 0.151504516601563 0.0433197021484375 -0.0964813232421875
0.112266540527344 0.0868682861328125 0.0224227905273438 0.0196456909179688
0.146484375 0.0077362060546875 0.111541748046875 0.0412979125976563
0.0918807983398438 -0.0632781982421875 0.126441955566406 -0.0418930053710938
0.0347747802734375 -0.0917587280273437 0.0686187744140625 -0.101295471191406
-0.0299224853515625 -0.07568359375 -0.0203399658203125 -0.105186462402344
-0.0673141479492188 -0.053253173828125 -0.0638771057128906 -0.0583686828613281
-0.0661468505859375 -0.0603675842285156 -0.0451087951660156 -0.0217056274414063
-0.0779800415039063 -0.050506591796875 -0.0416107177734375 0.000511169433593743
-0.0519561767578125 -0.0675086975097656 -0.0456428527832031 0.0146751403808594
-0.0112457275390625 -0.0970916748046875 -0.054443359375 0.0119895935058594
0.05413818359375 -0.10235595703125 -0.0796966552734375 -0.0193023681640625
0.142593383789063 -0.02667236328125 -0.0705642700195313 -0.0513381958007812
0.15362548828125 0.0486602783203125 -0.0625534057617187 -0.0763473510742187
0.136550903320313 0.143234252929688 -0.0483589172363281 -0.0507278442382812
0.088653564453125 0.180389404296875 0.0753707885742188 -0.0354766845703125
0.108917236328125 0.132881164550781 0.0447959899902344 0.053863525390625
0.179031372070312 0.0462646484375 0.112579345703125 0.0677490234375
0.130577087402344 -0.0591201782226563 0.129127502441406 -0.0076751708984375
0.0600814819335938 -0.112327575683594 0.0825042724609375 -0.0667724609375
-0.0305938720703125 -0.101707458496094 0.00218963623046874 -0.0759124755859375
-0.0787429809570313 -0.0697708129882812 -0.0324249267578125 -0.0375137329101563
-0.0787200927734375 -0.0746917724609375 -0.0141220092773438 -0.00279903411865235
-0.0961685180664063 -0.0622177124023437 -0.0112533569335938 0.0204868316650391
-0.0664901733398438 -0.0792312622070312 -0.0220184326171875 0.0398368835449219
-0.0182342529296875 -0.114334106445313 -0.0375175476074219 0.0359573364257812
0.0577468872070313 -0.114784240722656 -0.0710906982421875 0.00554656982421876
0.154495239257813 -0.0261383056640625 -0.0687522888183594 -0.0310440063476562
0.15435791015625 0.0588836669921875 -0.0397109985351562 -0.0575370788574219
0.1231689453125 0.15692138671875 -0.0160646438598633 -0.00107955932617186
0.0499420166015625 0.173797607421875 0.0987396240234375 0.0324020385742188
0.080291748046875 0.150390625 0.0627822875976562 0.0911026000976563
0.169387817382813 0.0784912109375 0.100532531738281 0.0891189575195313
0.141006469726563 -0.03948974609375 0.117202758789063 0.02667236328125
0.0746841430664063 -0.106773376464844 0.084442138671875 -0.0272216796875
-0.0244674682617188 -0.108039855957031 0.0228347778320312 -0.0388603210449219
-0.0780181884765625 -0.07373046875 0.00207042694091797 -0.0130643844604492
-0.0794754028320313 -0.07733154296875 0.0185985565185547 0.0149745941162109
-0.0989761352539063 -0.0655746459960938 0.0216445922851562 0.0382461547851562
-0.0697402954101562 -0.0818405151367188 0.00432205200195312 0.0631866455078125
-0.0185546875 -0.117469787597656 -0.0191574096679688 0.0577316284179688
0.0598068237304688 -0.111778259277344 -0.06005859375 0.0265426635742187
0.1505126953125 -0.0151214599609375 -0.0631370544433594 -0.0148086547851562
0.135467529296875 0.0718765258789063 -0.0148963928222656 -0.0413131713867188
0.090789794921875 0.15380859375 0.0130653381347656 0.0465850830078125
0.00516510009765624 0.133628845214844 0.110443115234375 0.0902023315429688
0.0367584228515625 0.13311767578125 0.0728225708007812 0.120513916015625
0.1240234375 0.0881423950195313 0.080657958984375 0.0995941162109375
0.118858337402344 -0.0144577026367188 0.0979995727539063 0.0526504516601563
0.0702056884765625 -0.0826950073242188 0.0778884887695313 0.00839996337890624
-0.0159454345703125 -0.09454345703125 0.0394401550292969 -0.00434112548828126
-0.064666748046875 -0.0662612915039063 0.0347156524658203 0.0103569030761719
-0.0685310363769531 -0.0686378479003906 0.04901123046875 0.0305404663085937
-0.0875320434570312 -0.0609817504882813 0.0532073974609375 0.0544052124023437
-0.06207275390625 -0.0754318237304687 0.0286102294921875 0.0833663940429688
-0.0128173828125 -0.107215881347656 -0.005279541015625 0.0767669677734375
0.060638427734375 -0.0945358276367188 -0.0521965026855469 0.0446739196777344
0.133560180664063 0.00431060791015625 -0.0599441528320312 -0.00302505493164062
0.100387573242188 0.0828018188476563 0.00518226623535157 -0.0249595642089844
0.0438308715820312 0.135101318359375 0.0324325561523438 0.0910186767578125
-0.0386924743652344 0.06939697265625 0.112533569335938 0.126823425292969
-0.0081634521484375 0.08868408203125 0.0783920288085938 0.134597778320313
0.0624618530273438 0.073883056640625 0.0641098022460938 0.0995330810546875
0.0740966796875 0.00473785400390625 0.0801315307617188 0.066131591796875
0.0500526428222656 -0.0470542907714844 0.0696983337402344 0.03094482421875
-0.00736236572265625 -0.0634803771972656 0.0513191223144531 0.0208549499511719
-0.0428543090820313 -0.0470123291015625 0.0599479675292969 0.0265274047851562
-0.0472145080566406 -0.0498771667480469 0.0721588134765625 0.0415878295898438
-0.0633773803710937 -0.049072265625 0.0782699584960938 0.0674362182617188
-0.0441398620605469 -0.0609207153320313 0.046722412109375 0.101486206054688
-0.003326416015625 -0.0844650268554688 0.00187683105468751 0.095062255859375
0.0556564331054688 -0.0664329528808594 -0.0498733520507812 0.0609169006347656
0.101287841796875 0.0245513916015625 -0.0615577697753906 0.00515365600585938
0.0532455444335938 0.0847396850585938 0.0162277221679688 -0.00874614715576171
-0.00883483886718751 0.0987930297851563 0.036651611328125 0.127449035644531
0.0527000427246094 -0.0351715087890625 -0.0488967895507812 -0.139808654785156
-0.00858306884765625 -0.0552749633789063 -0.0258445739746094 -0.00576972961425782
-0.0475006103515625 -0.0207366943359375 0.068206787109375 -0.000617980957031251
-0.0396461486816406 0.0260276794433594 0.0759201049804688 -0.07275390625
-0.00846481323242187 0.0443382263183594 0.0157470703125 -0.110855102539062
0.0259132385253906 0.0343399047851563 -0.0521926879882812 -0.114799499511719
0.0250759124755859 0.0194377899169922 -0.0967559814453125 -0.0722503662109375
0.0172824859619141 0.020263671875 -0.0864410400390625 -0.0484466552734375
0.0148544311523438 0.0223178863525391 -0.0767440795898437 -0.0330352783203125
-0.000476837158203125 0.0214118957519531 -0.065399169921875 -0.0365676879882813
-0.0194911956787109 0.00887298583984375 -0.0699424743652344 -0.0404014587402344
-0.0270671844482422 -0.0250129699707031 -0.0751419067382813 -0.0681076049804688
0.0120925903320312 -0.0459480285644531 -0.0530471801757813 -0.107902526855469
0.0558433532714844 -0.0330772399902344 -0.07958984375 -0.131484985351563
0.078704833984375 -0.00812530517578125 -0.105850219726563 -0.146743774414063
0.09197998046875 0.0276565551757813 -0.02838134765625 -0.148162841796875
0.04193115234375 -0.0203666687011719 -0.0182647705078125 -0.010162353515625
0.0126934051513672 -0.027008056640625 0.08172607421875 0.0037384033203125
-0.00693988800048828 -0.0102519989013672 0.0911636352539063 -0.0741729736328125
-0.00435709953308105 -0.000663518905639649 0.0279083251953125 -0.119804382324219
0.00195944309234619 0.00177609920501709 -0.050872802734375 -0.121681213378906
-0.0104293823242187 -0.00315284729003906 -0.0987472534179688 -0.0749969482421875
-0.0133724212646484 -0.00776290893554688 -0.0840301513671875 -0.046142578125
-0.0168294906616211 -0.00543594360351563 -0.0764083862304688 -0.0291748046875
-0.0131587982177734 -0.0140857696533203 -0.0674591064453125 -0.0286750793457031
-0.00618171691894531 -0.0295448303222656 -0.0695915222167969 -0.0310325622558594
0.0146827697753906 -0.0482139587402344 -0.0782470703125 -0.0602188110351563
0.0666275024414063 -0.0257186889648438 -0.058837890625 -0.093170166015625
0.0952682495117188 0.00907135009765625 -0.0812606811523438 -0.116790771484375
0.109161376953125 0.0589218139648438 -0.0946426391601563 -0.130126953125
0.113258361816406 0.0938720703125 0.00381469726562501 -0.133049011230469
0.0859375 0.0298995971679688 -0.0016719102859497 -0.00181460380554199
0.0824356079101563 -0.0189208984375 0.0974884033203125 0.0171966552734375
0.0390052795410156 -0.0434341430664063 0.110153198242188 -0.0643310546875
0.00998687744140624 -0.049468994140625 0.0470046997070312 -0.1175537109375
-0.0181007385253906 -0.0366592407226563 -0.0396041870117188 -0.1187744140625
-0.0428466796875 -0.0285148620605469 -0.0868682861328125 -0.069732666015625
-0.0431175231933594 -0.0360908508300781 -0.0695610046386719 -0.0365791320800781
-0.0494651794433594 -0.0302925109863281 -0.0642471313476563 -0.0168914794921875
-0.0314102172851563 -0.0442237854003906 -0.0611839294433594 -0.00942611694335937
-0.00392532348632812 -0.0658721923828125 -0.065460205078125 -0.0114707946777344
0.0409622192382813 -0.0765533447265625 -0.0825424194335938 -0.0421066284179688
0.111831665039062 -0.0223388671875 -0.0666427612304688 -0.073272705078125
0.129341125488281 0.0346755981445313 -0.0765457153320312 -0.0959014892578125
0.130134582519531 0.109474182128906 -0.0751266479492187 -0.09490966796875
0.111572265625 0.148101806640625 0.0398178100585938 -0.0926895141601563
0.111442565917969 0.086151123046875 0.0206375122070313 0.0207786560058594
0.144638061523438 0.0066680908203125 0.109001159667969 0.0398483276367188
0.0904312133789063 -0.0619277954101563 0.125335693359375 -0.041290283203125
0.0336761474609375 -0.0905227661132813 0.0673751831054688 -0.0993728637695313
-0.0293960571289063 -0.0740737915039063 -0.0199966430664063 -0.103706359863281
-0.0664787292480469 -0.0519142150878906 -0.063446044921875 -0.0561485290527344
-0.0660324096679688 -0.05938720703125 -0.0448074340820313 -0.0211067199707031
-0.0777053833007813 -0.0485687255859375 -0.0413017272949219 0.00111007690429688
-0.0513992309570312 -0.0658073425292969 -0.0449333190917969 0.0153579711914062
-0.01104736328125 -0.0946578979492188 -0.0546951293945313 0.0129776000976563
0.0522308349609375 -0.100669860839844 -0.0807723999023437 -0.0181503295898438
0.140838623046875 -0.0272216796875 -0.0703887939453125 -0.0515213012695312
0.150634765625 0.0474700927734375 -0.0628509521484375 -0.075225830078125
0.136276245117188 0.140884399414063 -0.0475234985351562 -0.0501327514648437
0.0880584716796875 0.176895141601562 0.0714492797851563 -0.0336151123046875
0.108345031738281 0.131675720214844 0.0430183410644531 0.0549774169921875
0.176925659179688 0.04339599609375 0.109786987304688 0.0660476684570313
0.128532409667969 -0.0590133666992187 0.127822875976563 -0.0075836181640625
0.0586929321289062 -0.110954284667969 0.0809860229492188 -0.0660552978515625
-0.0303497314453125 -0.0998001098632813 0.0024871826171875 -0.074188232421875
-0.0776443481445312 -0.06787109375 -0.0320701599121094 -0.0361137390136719
-0.0783309936523437 -0.0731658935546875 -0.0138988494873047 -0.00282669067382813
-0.0951004028320313 -0.0591659545898437 -0.0113258361816406 0.0203456878662109
-0.0652923583984375 -0.0772628784179688 -0.0209732055664063 0.0397148132324219
-0.0184555053710937 -0.111625671386719 -0.0378532409667969 0.0356330871582031
0.0554733276367188 -0.113090515136719 -0.0717926025390625 0.00598144531249999
0.15289306640625 -0.027099609375 -0.0671501159667969 -0.0311775207519531
0.152023315429688 0.05755615234375 -0.0400314331054688 -0.0569114685058594
0.123336791992187 0.154144287109375 -0.015594482421875 -0.000967025756835927
0.050445556640625 0.17022705078125 0.0948028564453125 0.0327529907226563
0.0795440673828125 0.148208618164062 0.0597991943359375 0.0911865234375
0.16766357421875 0.0738372802734375 0.097503662109375 0.0872573852539063
0.13824462890625 -0.0389785766601563 0.11578369140625 0.0269699096679687
0.0723876953125 -0.106460571289062 0.08355712890625 -0.0262832641601563
-0.0244522094726563 -0.105796813964844 0.0227394104003906 -0.0377197265625
-0.0767364501953125 -0.0724105834960938 0.0020151138305664 -0.0112457275390625
-0.0794906616210938 -0.0752716064453125 0.0178165435791016 0.0140457153320312
-0.0977935791015625 -0.0626449584960938 0.0224113464355469 0.0380096435546875
-0.0688400268554688 -0.0793380737304687 0.00513076782226562 0.0625419616699219
-0.0194244384765625 -0.114105224609375 -0.0201606750488281 0.0559158325195312
0.0574188232421875 -0.109664916992188 -0.0608978271484375 0.025970458984375
0.14813232421875 -0.0161895751953125 -0.0625724792480469 -0.0156745910644531
0.133544921875 0.0704727172851563 -0.01568603515625 -0.0413818359375
0.091094970703125 0.15087890625 0.0129356384277344 0.0454292297363281
0.00594329833984374 0.131172180175781 0.107330322265625 0.088653564453125
0.0369873046875 0.131423950195313 0.0698089599609375 0.119316101074219
0.122802734375 0.0849075317382813 0.0789566040039063 0.0980758666992188
0.116134643554688 -0.0150680541992187 0.09637451171875 0.0519638061523438
0.0681915283203125 -0.0815963745117188 0.0767669677734375 0.00785827636718749
-0.015655517578125 -0.0918960571289063 0.039215087890625 -0.00326538085937501
-0.06378173828125 -0.064208984375 0.0343990325927734 0.0102787017822266
-0.0683555603027344 -0.0669212341308594 0.0482673645019531 0.0290565490722656
-0.08721923828125 -0.0584716796875 0.05352783203125 0.0529747009277344
-0.0611953735351563 -0.073516845703125 0.0290451049804688 0.0825576782226563
-0.0144500732421875 -0.104522705078125 -0.00582122802734376 0.076019287109375
0.0573272705078125 -0.0936126708984375 -0.0520668029785156 0.0443954467773437
0.132270812988281 0.0027618408203125 -0.0592193603515625 -0.00342178344726564
0.100051879882813 0.0809555053710938 0.00411987304687501 -0.0261116027832031
0.0450286865234375 0.132644653320312 0.0318527221679688 0.0882720947265625
-0.0373420715332031 0.0686416625976563 0.109107971191406 0.124794006347656
-0.00746917724609376 0.0870513916015625 0.0762557983398437 0.132965087890625
0.062042236328125 0.0715866088867188 0.0619049072265625 0.099212646484375
0.0726776123046875 0.00466156005859375 0.0791244506835938 0.0660247802734375
0.0480804443359375 -0.0465164184570312 0.0683135986328125 0.0307235717773438
-0.00739288330078125 -0.0621910095214844 0.0513648986816406 0.0206451416015625
-0.0419692993164063 -0.0449333190917969 0.0600509643554687 0.0254974365234375
-0.0471038818359375 -0.0488700866699219 0.07159423828125 0.0398101806640625
-0.0629615783691406 -0.0467185974121094 0.0784835815429688 0.0648651123046875
-0.0442962646484375 -0.0582847595214844 0.0475921630859375 0.100181579589844
-0.00457763671875 -0.0819168090820313 0.000946044921874995 0.0937576293945313
0.0533981323242188 -0.0659255981445313 -0.05047607421875 0.0594596862792969
0.100494384765625 0.0220184326171875 -0.0607528686523437 0.0047454833984375
0.053802490234375 0.0832138061523438 0.0154428482055664 -0.00963783264160156
-0.00775146484375001 0.0968704223632813 0.0364227294921875 0.123451232910156
0.0521049499511719 -0.0344924926757813 -0.0476531982421875 -0.139656066894531
-0.00868988037109375 -0.0553092956542969 -0.0253238677978516 -0.00493812561035157
-0.0474624633789062 -0.0207595825195313 0.0690269470214844 0.000637054443359374
-0.0390663146972656 0.0261306762695313 0.0775604248046875 -0.0725021362304688
-0.00763320922851563 0.0449256896972656 0.0176620483398438 -0.111717224121094
0.0265750885009766 0.0332794189453125 -0.0518264770507812 -0.1168212890625
0.0241489410400391 0.0184764862060547 -0.0972976684570313 -0.0737457275390625
0.0168247222900391 0.0201778411865234 -0.08770751953125 -0.0489654541015625
0.0146064758300781 0.0217838287353516 -0.0777053833007813 -0.0328598022460937
-0.000556945800781251 0.0206718444824219 -0.0668601989746094 -0.0377769470214844
-0.0189208984375 0.00839805603027344 -0.0702629089355469 -0.0416030883789063
-0.0268974304199219 -0.024658203125 -0.07470703125 -0.0691375732421875
0.0126266479492187 -0.0455245971679687 -0.0514907836914062 -0.109573364257813
0.0565299987792969 -0.0325927734375 -0.0781478881835938 -0.133613586425781
0.0791702270507813 -0.00807952880859375 -0.103927612304688 -0.148330688476563
0.0909652709960938 0.02899169921875 -0.02716064453125 -0.146621704101563
0.0424118041992188 -0.0203361511230469 -0.0184383392333984 -0.00892829895019531
0.0134372711181641 -0.0267257690429688 0.081878662109375 0.00510406494140625
-0.0066375732421875 -0.0102567672729492 0.0930099487304688 -0.073699951171875
-0.0033867359161377 -0.000374078750610351 0.0299911499023438 -0.1199951171875
0.00255727767944336 0.000402450561523438 -0.0500411987304688 -0.123085021972656
-0.0107259750366211 -0.00441455841064453 -0.0987548828125 -0.0760726928710938
-0.0144128799438477 -0.00864219665527344 -0.085174560546875 -0.046966552734375
-0.0165338516235352 -0.00565910339355469 -0.077484130859375 -0.02935791015625
-0.012425422668457 -0.0148782730102539 -0.0685577392578125 -0.0294647216796875
-0.00457382202148437 -0.0301475524902344 -0.0703048706054688 -0.032470703125
0.0152359008789063 -0.0479774475097656 -0.0795135498046875 -0.0611801147460937
0.0672149658203125 -0.02484130859375 -0.0581283569335937 -0.0956039428710938
0.0957870483398438 0.0112457275390625 -0.0801544189453125 -0.118179321289062
0.108345031738281 0.0595779418945313 -0.0932464599609375 -0.131378173828125
0.111625671386719 0.0956497192382813 0.00425720214843752 -0.132492065429688
0.08587646484375 0.0315475463867188 -0.00266480445861816 -0.000295877456665038
0.0833206176757812 -0.0186843872070312 0.0972976684570313 0.0186996459960938
0.039794921875 -0.0420875549316406 0.112136840820313 -0.0633468627929688
0.011383056640625 -0.0490036010742188 0.0496063232421875 -0.117996215820313
-0.0173873901367188 -0.0380935668945313 -0.0381011962890625 -0.120346069335938
-0.0431251525878906 -0.029327392578125 -0.0877304077148437 -0.070404052734375
-0.0436630249023437 -0.0372352600097656 -0.0703201293945313 -0.0373382568359375
-0.0496025085449219 -0.0306816101074219 -0.06500244140625 -0.0167350769042969
-0.0304641723632812 -0.0450477600097656 -0.0621833801269531 -0.0102005004882813
-0.00237655639648438 -0.0665702819824219 -0.0669403076171875 -0.0123939514160156
0.0418624877929687 -0.0760116577148438 -0.0847244262695313 -0.0432205200195313
0.113487243652344 -0.0206756591796875 -0.0662918090820313 -0.0756988525390625
0.130302429199219 0.037322998046875 -0.0763778686523438 -0.0974349975585937
0.129692077636719 0.110916137695312 -0.0744400024414063 -0.0962905883789063
0.109420776367188 0.150115966796875 0.0391769409179688 -0.0919418334960937
0.111091613769531 0.0886459350585937 0.0197620391845703 0.0234127044677734
0.145431518554688 0.0074462890625 0.10809326171875 0.0406494140625
0.0906753540039062 -0.0611419677734375 0.1260986328125 -0.0398635864257813
0.0346755981445312 -0.0906143188476563 0.0699386596679688 -0.0988922119140625
-0.0281600952148438 -0.0747528076171875 -0.0186386108398437 -0.104408264160156
-0.06634521484375 -0.0534744262695313 -0.0632781982421875 -0.0568618774414063
-0.0664482116699219 -0.0606727600097656 -0.0452919006347656 -0.0217094421386719
-0.0768356323242187 -0.0494232177734375 -0.0421104431152344 0.00127410888671874
-0.049957275390625 -0.0662040710449219 -0.046173095703125 0.01483154296875
-0.009857177734375 -0.09478759765625 -0.0563468933105469 0.0120010375976562
0.0531387329101563 -0.101005554199219 -0.0832061767578125 -0.0192031860351563
0.143478393554688 -0.025848388671875 -0.07012939453125 -0.0532798767089844
0.15118408203125 0.05047607421875 -0.0627822875976562 -0.0766830444335938
0.136459350585938 0.142547607421875 -0.0473976135253906 -0.0508613586425781
0.086029052734375 0.177734375 0.0707473754882813 -0.031494140625
0.108543395996094 0.134132385253906 0.0407485961914063 0.0575141906738281
0.178466796875 0.0443878173828125 0.108314514160156 0.0668563842773438
0.129676818847656 -0.0576400756835938 0.128776550292969 -0.00574493408203125
0.0600433349609375 -0.110885620117188 0.08270263671875 -0.06597900390625
-0.0290908813476563 -0.100311279296875 0.00412750244140624 -0.0738525390625
-0.077606201171875 -0.0687484741210938 -0.0320701599121094 -0.0356903076171875
-0.0797882080078125 -0.0743255615234375 -0.0142841339111328 -0.00380325317382813
-0.0947799682617188 -0.059539794921875 -0.0113105773925781 0.0204372406005859
-0.0645751953125 -0.077606201171875 -0.0218048095703125 0.0404396057128906
-0.0179519653320313 -0.111228942871094 -0.0399551391601563 0.0362205505371094
0.0563278198242187 -0.113433837890625 -0.0749130249023437 0.00523376464843751
0.154159545898438 -0.0261383056640625 -0.0678329467773437 -0.0330619812011719
0.152740478515625 0.0606536865234375 -0.0403785705566406 -0.0579414367675781
0.123397827148438 0.156280517578125 -0.0159139633178711 -0.00172901153564452
0.0479888916015625 0.171234130859375 0.0924606323242187 0.0342559814453125
0.0792236328125 0.150985717773438 0.0571670532226563 0.0932998657226563
0.168060302734375 0.076141357421875 0.0954360961914063 0.0884246826171875
0.139411926269531 -0.0384292602539063 0.116317749023438 0.0284500122070312
0.0728759765625 -0.106178283691406 0.0837020874023438 -0.0252609252929688
-0.0236282348632813 -0.106460571289062 0.0239944458007813 -0.0370330810546875
-0.0758895874023438 -0.0729827880859375 0.00260353088378906 -0.0117101669311523
-0.0803985595703125 -0.0772857666015625 0.0185909271240234 0.0139904022216797
-0.0984573364257813 -0.0633163452148437 0.0228271484375 0.0385208129882812
-0.0679244995117188 -0.0792160034179688 0.00481033325195312 0.063262939453125
-0.0191497802734375 -0.114280700683594 -0.0212364196777344 0.0571327209472656
0.0575790405273438 -0.110603332519531 -0.0633735656738281 0.0260467529296875
0.150421142578125 -0.01611328125 -0.0630607604980469 -0.0169944763183594
0.134010314941406 0.0716400146484375 -0.0165138244628906 -0.0426025390625
0.0919342041015625 0.152999877929688 0.0125007629394531 0.0443611145019531
0.00368499755859375 0.131156921386719 0.104835510253906 0.0912322998046875
0.0363311767578125 0.132698059082031 0.0673065185546875 0.12176513671875
0.123588562011719 0.08587646484375 0.0765304565429688 0.10003662109375
0.116470336914062 -0.0145034790039063 0.095977783203125 0.0541458129882813
0.0686111450195313 -0.0819168090820313 0.0773239135742188 0.00878906249999999
-0.0155258178710937 -0.0925216674804687 0.0402908325195313 -0.00198364257812501
-0.0636749267578125 -0.0645675659179688 0.0349998474121094 0.0106849670410156
-0.0694236755371094 -0.0677719116210938 0.0487022399902344 0.0292434692382813
-0.08721923828125 -0.0586776733398437 0.0541534423828125 0.0527381896972656
-0.06072998046875 -0.0735244750976563 0.0291366577148437 0.0840682983398438
-0.0141143798828125 -0.104240417480469 -0.00765228271484374 0.0759201049804688
0.0575942993164063 -0.0936660766601563 -0.0548973083496094 0.0436820983886719
0.133628845214844 0.0026092529296875 -0.0595855712890625 -0.00465393066406249
0.10015869140625 0.0828399658203125 0.00322341918945313 -0.0267238616943359
0.0452041625976563 0.134010314941406 0.031005859375 0.0880508422851563
-0.0388870239257813 0.0675125122070313 0.106903076171875 0.1268310546875
-0.0080413818359375 0.0882415771484375 0.0734176635742187 0.135482788085938
0.061492919921875 0.072052001953125 0.0600814819335938 0.100967407226563
0.072509765625 0.0044097900390625 0.0786972045898437 0.067962646484375
0.0482864379882813 -0.04736328125 0.0685920715332031 0.0316009521484375
-0.00759506225585937 -0.0628089904785156 0.0522880554199219 0.0227622985839844
-0.0424385070800781 -0.04534912109375 0.060791015625 0.0263786315917969
-0.0473976135253906 -0.0491447448730469 0.07220458984375 0.0392227172851562
-0.0634803771972656 -0.0459403991699219 0.0787277221679688 0.0655364990234375
-0.0437889099121094 -0.0583686828613281 0.0471725463867188 0.101081848144531
-0.00510406494140625 -0.0822067260742188 -0.00053405761718749 0.0942001342773438
0.0530891418457031 -0.0656547546386719 -0.0524482727050781 0.0587959289550781
0.101524353027344 0.0221939086914063 -0.061187744140625 0.00373077392578124
0.0537872314453125 0.0838775634765625 0.0152425765991211 -0.0112237930297852
-0.0079498291015625 0.0969467163085938 0.0347137451171875 0.123489379882812
0.0529212951660156 -0.0348701477050781 -0.048980712890625 -0.143280029296875
-0.00883102416992187 -0.0565643310546875 -0.0261631011962891 -0.00430870056152344
-0.048919677734375 -0.0217018127441406 0.0707626342773438 0.001953125
-0.0403671264648438 0.0277557373046875 0.0806198120117188 -0.0744094848632813
-0.00642013549804688 0.04608154296875 0.0196685791015625 -0.115379333496094
0.0273017883300781 0.0328884124755859 -0.0536727905273437 -0.121177673339844
0.0241870880126953 0.0181255340576172 -0.101219177246094 -0.0764999389648438
0.0165367126464844 0.0201854705810547 -0.0920181274414063 -0.0500946044921875
0.0153388977050781 0.0223312377929688 -0.081298828125 -0.0336151123046875
0.000431060791015626 0.0208740234375 -0.0693092346191406 -0.0395431518554687
-0.0189914703369141 0.00862503051757813 -0.072784423828125 -0.04339599609375
-0.0278110504150391 -0.0242710113525391 -0.077392578125 -0.071197509765625
0.0134124755859375 -0.0457572937011719 -0.0530014038085938 -0.113960266113281
0.0586280822753906 -0.0335502624511719 -0.0789260864257813 -0.1375732421875
0.08056640625 -0.0088043212890625 -0.105514526367188 -0.153717041015625
0.0931854248046875 0.0312042236328125 -0.0279998779296875 -0.150192260742187
0.0434455871582031 -0.0202522277832031 -0.0196170806884766 -0.00824737548828125
0.0142459869384766 -0.0281448364257813 0.0847625732421875 0.0062103271484375
-0.00614261627197266 -0.00870084762573242 0.0975341796875 -0.07513427734375
-0.0022892951965332 -0.000217914581298829 0.0335006713867187 -0.12359619140625
0.00264739990234375 -0.000485420227050781 -0.0515899658203125 -0.128387451171875
-0.0112152099609375 -0.00474452972412109 -0.102813720703125 -0.0781478881835938
-0.0156230926513672 -0.00987720489501953 -0.0888748168945312 -0.04736328125
-0.0172710418701172 -0.00690269470214843 -0.081146240234375 -0.02972412109375
-0.0125198364257813 -0.0157814025878906 -0.0707321166992188 -0.0310440063476563
-0.00392723083496094 -0.0310459136962891 -0.0731658935546875 -0.0341110229492188
0.0163612365722656 -0.0487327575683594 -0.082855224609375 -0.06378173828125
0.0692367553710938 -0.0239639282226563 -0.058868408203125 -0.0994644165039063
0.0982131958007813 0.0120162963867188 -0.081390380859375 -0.122024536132813
0.112289428710938 0.0618057250976563 -0.0947265625 -0.136466979980469
0.113975524902344 0.0990829467773438 0.00341796875 -0.134521484375
0.0889434814453125 0.0333251953125 -0.00343942642211913 0.00117182731628418
0.086181640625 -0.0197677612304688 0.0994491577148438 0.020355224609375
0.0414657592773438 -0.0427894592285156 0.116973876953125 -0.0647125244140625
0.0118522644042969 -0.0507354736328125 0.0526657104492188 -0.121574401855469
-0.0169486999511719 -0.0401077270507813 -0.0392532348632812 -0.124549865722656
-0.0445823669433594 -0.0310745239257812 -0.0902633666992187 -0.072540283203125
-0.0460662841796875 -0.0391044616699219 -0.073883056640625 -0.038360595703125
-0.051177978515625 -0.0321311950683594 -0.0680313110351563 -0.0169944763183594
-0.0308418273925781 -0.046600341796875 -0.0649948120117188 -0.0102653503417969
-0.00133132934570313 -0.0687179565429688 -0.0696334838867188 -0.0132598876953125
0.0438995361328125 -0.0779953002929687 -0.089080810546875 -0.0447540283203125
0.117568969726563 -0.0210418701171875 -0.068145751953125 -0.0797653198242188
0.134254455566406 0.0394363403320313 -0.077850341796875 -0.100738525390625
0.134147644042969 0.115028381347656 -0.0757980346679687 -0.0998153686523437
0.111572265625 0.155197143554688 0.0391845703125 -0.0927505493164062
0.115119934082031 0.0924530029296875 0.0185756683349609 0.0256233215332031
0.150222778320313 0.0068511962890625 0.110679626464844 0.042877197265625
0.0939178466796875 -0.0625534057617188 0.131423950195313 -0.0403900146484375
0.0362548828125 -0.0931777954101563 0.0735855102539063 -0.10186767578125
-0.0278472900390625 -0.0779495239257813 -0.0186080932617187 -0.106895446777344
-0.0682220458984375 -0.0547752380371094 -0.0660057067871094 -0.0576629638671875
-0.070526123046875 -0.063232421875 -0.047393798828125 -0.0231132507324219
-0.0800094604492188 -0.0509872436523438 -0.0440902709960938 0.00139236450195313
-0.0511856079101563 -0.068511962890625 -0.0477828979492187 0.0161018371582031
-0.00920104980468751 -0.0977401733398438 -0.0595436096191406 0.0120010375976562
0.0545501708984375 -0.103919982910156 -0.0880126953125 -0.0195236206054687
0.148330688476562 -0.026397705078125 -0.0727615356445312 -0.057464599609375
0.155624389648438 0.0536651611328125 -0.0650100708007813 -0.0799484252929687
0.141799926757813 0.147750854492188 -0.048370361328125 -0.0530357360839844
0.086761474609375 0.183929443359375 0.0708236694335938 -0.0310287475585937
0.11083984375 0.139801025390625 0.0401802062988281 0.0612106323242188
0.183822631835938 0.04486083984375 0.109901428222656 0.0703887939453125
0.133468627929688 -0.0592269897460938 0.132972717285156 -0.005523681640625
0.0618667602539062 -0.114768981933594 0.0867080688476563 -0.0669479370117188
-0.0289764404296875 -0.103721618652344 0.00540924072265624 -0.0758438110351563
-0.0799636840820312 -0.0711669921875 -0.0336799621582031 -0.0365180969238281
-0.0838394165039062 -0.0778961181640625 -0.0154199600219727 -0.00333881378173828
-0.0975112915039063 -0.061920166015625 -0.0111083984375 0.0213394165039062
-0.0661773681640625 -0.08013916015625 -0.0224571228027344 0.0422401428222656
-0.018096923828125 -0.114151000976562 -0.0424728393554688 0.0372085571289063
0.0586013793945313 -0.116744995117188 -0.0798797607421875 0.00525665283203123
0.160659790039063 -0.027862548828125 -0.07073974609375 -0.0350875854492188
0.157669067382813 0.0637054443359375 -0.0419921875 -0.061126708984375
0.128555297851562 0.16162109375 -0.0162458419799805 -0.00250148773193358
0.0476531982421875 0.176712036132812 0.0937881469726563 0.0373153686523438
0.08062744140625 0.1566162109375 0.0572586059570313 0.0980682373046875
0.173049926757813 0.077606201171875 0.0965576171875 0.092437744140625
0.1429443359375 -0.0385894775390625 0.120155334472656 0.0297927856445313
0.0754547119140625 -0.1097412109375 0.0873336791992187 -0.0252761840820313
-0.0237045288085938 -0.109725952148438 0.0254859924316406 -0.0365180969238281
-0.0782089233398437 -0.0748748779296875 0.00349140167236328 -0.0113935470581055
-0.0845260620117187 -0.0800552368164063 0.0189857482910156 0.013671875
-0.101165771484375 -0.0646133422851562 0.0235824584960937 0.0387992858886719
-0.0698165893554688 -0.08123779296875 0.00550842285156249 0.0664138793945313
-0.0193405151367188 -0.117584228515625 -0.0237083435058594 0.05963134765625
0.0592498779296875 -0.113410949707031 -0.0675430297851563 0.027008056640625
0.15625 -0.0166473388671875 -0.0655097961425781 -0.0190048217773438
0.138175964355469 0.0744400024414063 -0.0175666809082031 -0.0448837280273437
0.0944366455078125 0.157867431640625 0.0125923156738281 0.045166015625
0.00346374511718751 0.135566711425781 0.106071472167969 0.0953292846679688
0.03692626953125 0.13812255859375 0.0669403076171875 0.126869201660156
0.127777099609375 0.0881271362304688 0.0774154663085938 0.10455322265625
0.120353698730469 -0.0140533447265625 0.0986862182617188 0.0569534301757813
0.0706863403320313 -0.0847930908203125 0.079986572265625 0.00990295410156249
-0.016143798828125 -0.095245361328125 0.0421180725097656 -0.000473022460937506
-0.0657501220703125 -0.0658416748046875 0.0370521545410156 0.0111312866210937
-0.0723724365234375 -0.07000732421875 0.0505943298339844 0.0293617248535156
-0.0899505615234375 -0.0591964721679688 0.0560951232910156 0.054473876953125
-0.0622711181640625 -0.0748748779296875 0.0304718017578125 0.0867156982421875
-0.0149383544921875 -0.107292175292969 -0.00926971435546875 0.0788955688476562
0.0588302612304688 -0.0961990356445313 -0.0583763122558594 0.0449676513671875
0.138458251953125 0.0014801025390625 -0.0626449584960938 -0.00577545166015625
0.103691101074219 0.0858688354492188 0.00300788879394532 -0.0292243957519531
0.0463638305664063 0.1378173828125 0.0318222045898438 0.089935302734375
-0.0409584045410156 0.0696029663085938 0.108139038085938 0.131484985351563
-0.00890350341796875 0.0904769897460938 0.0735015869140625 0.140609741210938
0.0645294189453125 0.0737686157226563 0.0597915649414063 0.1055908203125
0.0740585327148438 0.00540924072265625 0.08135986328125 0.0710372924804688
0.0498809814453125 -0.0485763549804688 0.0711288452148438 0.033172607421875
-0.0084381103515625 -0.0646018981933594 0.0545005798339844 0.0240364074707031
-0.0434799194335938 -0.046478271484375 0.0631866455078125 0.0267982482910156
-0.0506858825683594 -0.0504608154296875 0.0749435424804688 0.040069580078125
-0.066375732421875 -0.0467491149902344 0.082305908203125 0.06683349609375
-0.045379638671875 -0.0596084594726563 0.048797607421875 0.104766845703125
-0.00536346435546874 -0.0837783813476562 -0.00208282470703125 0.0969467163085937
0.0535163879394531 -0.0684394836425781 -0.0557518005371094 0.0601959228515625
0.104751586914063 0.021697998046875 -0.0637435913085938 0.00270843505859375
0.0561676025390625 0.0870132446289063 0.0145664215087891 -0.0137319564819336
-0.00855255126953125 0.0999679565429688 0.0347671508789063 0.125961303710938
0.0536003112792969 -0.0364151000976563 -0.0537567138671875 -0.146957397460938
-0.0106582641601563 -0.0584068298339844 -0.0276107788085937 -0.00268173217773438
-0.0515975952148437 -0.0213737487792969 0.0741424560546875 0.00152587890625
-0.0400924682617187 0.0301704406738281 0.0837173461914063 -0.0791854858398438
-0.00458526611328125 0.0482101440429688 0.0195236206054688 -0.12127685546875
0.0289344787597656 0.0321617126464844 -0.0589141845703125 -0.126152038574219
0.0253639221191406 0.0178318023681641 -0.107734680175781 -0.0768051147460937
0.0172824859619141 0.0200881958007813 -0.0978012084960938 -0.0490036010742188
0.0162277221679688 0.0222110748291016 -0.0858993530273438 -0.0324172973632812
0.00111961364746094 0.0201988220214844 -0.07379150390625 -0.040191650390625
-0.0191078186035156 0.008392333984375 -0.0780258178710938 -0.0444564819335938
-0.0289287567138672 -0.0241527557373047 -0.0824050903320313 -0.0727691650390625
0.0126075744628906 -0.0467681884765625 -0.0560150146484375 -0.118232727050781
0.0606575012207031 -0.0362930297851563 -0.08306884765625 -0.141983032226563
0.0831832885742188 -0.0108489990234375 -0.111175537109375 -0.158096313476563
0.0961837768554687 0.0311660766601562 -0.0322418212890625 -0.154312133789063
0.0446662902832031 -0.0209426879882813 -0.0216636657714844 -0.00574684143066406
0.0139598846435547 -0.0293407440185547 0.0876617431640625 0.00565338134765625
-0.00593423843383789 -0.00862598419189453 0.100662231445312 -0.0797042846679688
-0.00197184085845947 -0.000709176063537598 0.0332565307617187 -0.130302429199219
0.00286674499511719 -0.00164031982421875 -0.0563507080078125 -0.133209228515625
-0.0121736526489258 -0.00627231597900391 -0.109344482421875 -0.079071044921875
-0.0165929794311523 -0.0105533599853516 -0.09478759765625 -0.0473098754882813
-0.0181083679199219 -0.00749015808105469 -0.0856399536132813 -0.0288619995117187
-0.012537956237793 -0.0168647766113281 -0.0758056640625 -0.0308685302734375
-0.00404548645019531 -0.0327281951904297 -0.0784759521484375 -0.0344161987304688
0.0160408020019531 -0.0501899719238281 -0.0885543823242187 -0.0638809204101563
0.072357177734375 -0.0261001586914062 -0.0633468627929687 -0.103485107421875
0.10272216796875 0.0112075805664063 -0.0867462158203125 -0.125656127929688
0.117301940917969 0.0617599487304688 -0.100921630859375 -0.13970947265625
0.120101928710938 0.101837158203125 0.000419616699218759 -0.138160705566406
0.0935211181640625 0.0338287353515625 -0.00451469421386718 0.00389957427978516
0.0888519287109375 -0.0225067138671875 0.103431701660156 0.019439697265625
0.0427932739257813 -0.0445823669433594 0.120498657226562 -0.0697097778320312
0.0116004943847656 -0.0532646179199219 0.0539779663085938 -0.127662658691406
-0.0182113647460938 -0.0422630310058594 -0.0429000854492187 -0.129653930664063
-0.0468826293945313 -0.0320014953613281 -0.0963134765625 -0.07293701171875
-0.0501480102539062 -0.0404548645019531 -0.078857421875 -0.037872314453125
-0.0535469055175781 -0.0329551696777344 -0.0719070434570313 -0.0157241821289063
-0.0325698852539062 -0.0487022399902344 -0.0682487487792969 -0.00897216796875
-0.00273895263671876 -0.0721969604492188 -0.07452392578125 -0.0122604370117188
0.0440521240234375 -0.0815048217773438 -0.0952606201171875 -0.0439987182617188
0.122512817382812 -0.0239410400390625 -0.0720977783203125 -0.0827178955078125
0.140174865722656 0.0395889282226563 -0.0833511352539063 -0.103507995605469
0.142532348632813 0.117050170898438 -0.08111572265625 -0.102684020996094
0.119064331054687 0.160110473632812 0.0375442504882812 -0.0950546264648437
0.121780395507812 0.095123291015625 0.0187168121337891 0.0281352996826172
0.156982421875 0.0036163330078125 0.114067077636719 0.043212890625
0.097320556640625 -0.0662765502929688 0.135948181152344 -0.0436782836914063
0.0360946655273438 -0.0985794067382813 0.075653076171875 -0.108268737792969
-0.0308609008789063 -0.0808029174804688 -0.0206069946289063 -0.111900329589844
-0.07220458984375 -0.0553970336914062 -0.070220947265625 -0.0586357116699219
-0.0756378173828125 -0.064697265625 -0.0503387451171875 -0.0225944519042969
-0.0841140747070313 -0.0516738891601563 -0.0456695556640625 0.00270462036132812
-0.0539932250976563 -0.070404052734375 -0.0498390197753906 0.0178298950195313
-0.0115127563476563 -0.101486206054688 -0.063568115234375 0.0138740539550781
0.0551986694335937 -0.108901977539062 -0.0945205688476563 -0.0175094604492188
0.1549072265625 -0.0310211181640625 -0.0772933959960938 -0.0590667724609375
0.16351318359375 0.0531768798828125 -0.0685348510742187 -0.0819015502929688
0.15106201171875 0.151565551757813 -0.0516891479492188 -0.0546684265136719
0.093414306640625 0.190948486328125 0.072174072265625 -0.0316238403320312
0.11944580078125 0.143905639648438 0.0413322448730469 0.0648574829101563
0.192657470703125 0.0423126220703125 0.113868713378906 0.0715560913085938
0.138320922851563 -0.0641403198242188 0.138847351074219 -0.00724029541015626
0.0622177124023438 -0.120872497558594 0.08917236328125 -0.0711746215820313
-0.0321121215820313 -0.107749938964844 0.00427246093749999 -0.0793533325195313
-0.0845947265625 -0.0721588134765625 -0.0351142883300781 -0.0361251831054688
-0.0907974243164062 -0.0785446166992188 -0.0159435272216797 -0.00446414947509766
-0.103126525878906 -0.0622100830078125 -0.0112781524658203 0.0221405029296875
-0.0697097778320313 -0.0813980102539063 -0.0227775573730469 0.0452880859375
-0.0201339721679687 -0.1181640625 -0.04522705078125 0.03973388671875
0.0579071044921875 -0.122566223144531 -0.0844039916992187 0.00760650634765623
0.1673583984375 -0.033538818359375 -0.0750274658203125 -0.0373687744140625
0.165374755859375 0.06298828125 -0.0458145141601562 -0.0632286071777344
0.137725830078125 0.165054321289063 -0.0171747207641601 -0.00284671783447265
0.052825927734375 0.18408203125 0.096343994140625 0.0388946533203125
0.088134765625 0.16217041015625 0.0593185424804688 0.103096008300781
0.182403564453125 0.076904296875 0.100685119628906 0.0948486328125
0.14794921875 -0.0427703857421875 0.125274658203125 0.0296630859375
0.0766754150390625 -0.116523742675781 0.0913467407226563 -0.0276336669921875
-0.0264892578125 -0.114280700683594 0.0271415710449219 -0.0390586853027344
-0.0829849243164063 -0.0763397216796875 0.00358486175537109 -0.011103630065918
-0.0912857055664063 -0.0814361572265625 0.0202770233154297 0.0136165618896484
-0.107048034667969 -0.0640106201171875 0.0251960754394531 0.039215087890625
-0.074005126953125 -0.0825424194335938 0.00721359252929687 0.0688400268554688
-0.0229721069335938 -0.120643615722656 -0.0247077941894531 0.0624313354492188
0.05865478515625 -0.118782043457031 -0.0726852416992187 0.0299072265625
0.1629638671875 -0.02264404296875 -0.0691680908203125 -0.0196418762207031
0.146087646484375 0.0748443603515625 -0.0193939208984375 -0.0475845336914063
0.102630615234375 0.16229248046875 0.0142555236816406 0.0462226867675781
0.00505065917968749 0.141555786132813 0.1097412109375 0.0985336303710938
0.0414886474609375 0.141998291015625 0.06976318359375 0.131790161132813
0.135185241699219 0.0879974365234375 0.0808792114257813 0.108436584472656
0.124908447265625 -0.0168991088867188 0.104423522949219 0.0582809448242187
0.0713653564453125 -0.090179443359375 0.083953857421875 0.00951385498046874
-0.0185394287109375 -0.0995254516601563 0.0454673767089844 -0.000869750976562506
-0.0698699951171875 -0.0666923522949219 0.0387420654296875 0.0111656188964844
-0.0782928466796875 -0.0712661743164063 0.054168701171875 0.0279617309570312
-0.0952606201171875 -0.0591812133789063 0.0602798461914062 0.0542716979980469
-0.0661697387695313 -0.0762786865234375 0.0345382690429687 0.0900344848632813
-0.0184326171875 -0.110115051269531 -0.0096893310546875 0.0819015502929688
0.0585403442382813 -0.101524353027344 -0.0615348815917969 0.0485610961914062
0.143966674804688 -0.00201416015625 -0.0650672912597656 -0.00624084472656251
0.110427856445313 0.086456298828125 0.000911712646484384 -0.0314044952392578
0.0518798828125 0.141891479492187 0.0342483520507813 0.0913848876953125
-0.0416183471679688 0.0736923217773438 0.112655639648438 0.136627197265625
-0.00693511962890624 0.094635009765625 0.0767364501953125 0.1456298828125
0.0684890747070313 0.0739288330078125 0.0634765625 0.110153198242187
0.0774383544921875 0.00429534912109375 0.0860061645507813 0.0727081298828125
0.0500602722167969 -0.0523185729980469 0.0753707885742188 0.0349502563476563
-0.0101089477539062 -0.0673980712890625 0.0580024719238281 0.0251312255859375
-0.0468978881835938 -0.0463600158691406 0.0667839050292969 0.0262298583984375
-0.0546379089355469 -0.051422119140625 0.0790939331054688 0.0387954711914063
-0.0695343017578125 -0.0466194152832031 0.0876007080078125 0.0664215087890625
-0.0481147766113281 -0.06060791015625 0.0542755126953125 0.107742309570313
-0.00855255126953125 -0.0867919921875 -0.00167846679687501 0.101425170898438
0.0539093017578125 -0.0717849731445313 -0.0574722290039063 0.0639839172363281
0.109649658203125 0.0183868408203125 -0.0665779113769531 0.00234985351562499
0.0609970092773437 0.0887908935546875 0.0135288238525391 -0.0151805877685547
-0.00612640380859374 0.103523254394531 0.0383529663085938 0.129974365234375
0.0535430908203125 -0.0382270812988281 -0.0608062744140625 -0.1484375
-0.0139808654785156 -0.0598335266113281 -0.0283451080322266 -0.000272750854492188
-0.0540885925292969 -0.0195388793945313 0.0769119262695312 -0.000160217285156251
-0.0389137268066406 0.0333251953125 0.0833358764648438 -0.0845870971679687
-0.00160980224609375 0.0491294860839844 0.0165939331054688 -0.126602172851563
0.0304431915283203 0.0309410095214844 -0.0660934448242188 -0.128471374511719
0.026214599609375 0.0163192749023437 -0.115188598632813 -0.0746841430664062
0.0188484191894531 0.0197563171386719 -0.103736877441406 -0.0460662841796875
0.0174102783203125 0.0209064483642578 -0.0902175903320313 -0.0289993286132813
0.00162887573242188 0.0202064514160156 -0.0790557861328125 -0.0387954711914063
-0.0190067291259766 0.00864410400390625 -0.082489013671875 -0.0428695678710937
-0.0307521820068359 -0.0234756469726562 -0.0879135131835938 -0.07171630859375
0.0115623474121094 -0.0486259460449219 -0.0618820190429688 -0.120651245117188
0.0602912902832031 -0.0398063659667969 -0.0898895263671875 -0.14300537109375
0.0843048095703125 -0.014556884765625 -0.119796752929687 -0.158538818359375
0.100273132324219 0.029449462890625 -0.03985595703125 -0.155487060546875
0.0449867248535156 -0.0234603881835938 -0.0224266052246094 -0.00340652465820313
0.0132942199707031 -0.0303878784179687 0.090576171875 0.00368499755859375
-0.00526237487792969 -0.00829076766967773 0.100982666015625 -0.0861434936523438
-0.000817239284515381 -0.000306069850921631 0.0300064086914063 -0.136878967285156
0.00296998023986816 -0.00283575057983398 -0.0638046264648437 -0.135734558105469
-0.0130147933959961 -0.00583744049072266 -0.116371154785156 -0.0760879516601563
-0.0181903839111328 -0.0102138519287109 -0.101516723632812 -0.0441436767578125
-0.0195846557617188 -0.00732421875 -0.090301513671875 -0.02545166015625
-0.01336669921875 -0.0183601379394531 -0.0806350708007812 -0.028961181640625
-0.00459098815917969 -0.0343914031982422 -0.0830078125 -0.0325775146484375
0.0155220031738281 -0.0520248413085938 -0.0943984985351563 -0.0619277954101563
0.074066162109375 -0.0290908813476563 -0.068695068359375 -0.105239868164062
0.105560302734375 0.00806427001953125 -0.0929031372070313 -0.125831604003906
0.122962951660156 0.0589752197265625 -0.107940673828125 -0.140266418457031
0.127525329589844 0.100631713867188 -0.00592041015624999 -0.139900207519531
0.0974960327148438 0.031280517578125 -0.00538444519042968 0.00635147094726563
0.0908126831054688 -0.0268096923828125 0.106147766113281 0.0175933837890625
0.0427360534667969 -0.0474777221679687 0.122093200683594 -0.0759811401367188
0.0104255676269531 -0.0554237365722656 0.0519866943359375 -0.134590148925781
-0.0199775695800781 -0.0431022644042969 -0.0492095947265625 -0.132522583007813
-0.0494804382324219 -0.0305633544921875 -0.102424621582031 -0.070159912109375
-0.0539703369140625 -0.0396804809570313 -0.0835418701171875 -0.0357818603515625
-0.0568656921386719 -0.0318603515625 -0.0761947631835938 -0.0123748779296875
-0.0347938537597656 -0.0495109558105469 -0.0716171264648438 -0.00605010986328125
-0.00439453125 -0.0738449096679688 -0.078765869140625 -0.010040283203125
0.0424270629882813 -0.0858612060546875 -0.10162353515625 -0.0407333374023438
0.125991821289063 -0.0292816162109375 -0.0777740478515625 -0.08355712890625
0.145339965820313 0.0355072021484375 -0.08880615234375 -0.103309631347656
0.151473999023438 0.114364624023438 -0.0868453979492187 -0.10235595703125
0.128204345703125 0.16156005859375 0.0337448120117188 -0.0968704223632812
0.129791259765625 0.0932693481445313 0.0184421539306641 0.0308914184570313
0.161117553710938 -0.0032196044921875 0.118019104003906 0.0408401489257813
0.0978012084960938 -0.07196044921875 0.139007568359375 -0.0509262084960938
0.0331954956054688 -0.102691650390625 0.0740966796875 -0.114204406738281
-0.03448486328125 -0.0824661254882813 -0.0255584716796875 -0.114547729492188
-0.0761260986328125 -0.0544815063476562 -0.0737762451171875 -0.05633544921875
-0.0824737548828125 -0.063079833984375 -0.0540809631347656 -0.0213203430175781
-0.0891571044921875 -0.049468994140625 -0.047637939453125 0.00515365600585937
-0.0579986572265625 -0.0706939697265625 -0.0508995056152344 0.0206260681152344
-0.015472412109375 -0.104316711425781 -0.0659675598144531 0.0170860290527344
0.0527114868164063 -0.114677429199219 -0.100074768066406 -0.0135574340820312
0.158859252929688 -0.039276123046875 -0.0828094482421875 -0.0589828491210938
0.170578002929688 0.0485382080078125 -0.0738296508789062 -0.0825271606445313
0.1617431640625 0.14935302734375 -0.0552101135253906 -0.05426025390625
0.103790283203125 0.194015502929688 0.0704116821289063 -0.033416748046875
0.129257202148438 0.14404296875 0.043182373046875 0.0671348571777344
0.199996948242188 0.034881591796875 0.117927551269531 0.0701141357421875
0.139968872070313 -0.070892333984375 0.143234252929687 -0.0131072998046875
0.0583648681640625 -0.127876281738281 0.0905838012695313 -0.0767898559570313
-0.0373916625976563 -0.110000610351563 0.00247955322265624 -0.081451416015625
-0.0892333984375 -0.0704498291015625 -0.0371742248535156 -0.0350799560546875
-0.097259521484375 -0.0771255493164062 -0.0167818069458008 -0.00382423400878907
-0.1092529296875 -0.0587081909179688 -0.0111255645751953 0.0226993560791016
-0.0742721557617188 -0.0810165405273438 -0.0216751098632813 0.0475120544433594
-0.0259170532226563 -0.120613098144531 -0.0457420349121094 0.0428962707519531
0.0540695190429687 -0.128578186035156 -0.08917236328125 0.012481689453125
0.171157836914063 -0.0418548583984375 -0.07916259765625 -0.0369491577148438
0.173187255859375 0.058135986328125 -0.0498390197753906 -0.0641021728515625
0.148468017578125 0.16412353515625 -0.0176525115966797 -0.00271415710449218
0.06103515625 0.18792724609375 0.0984039306640625 0.0381851196289063
0.0977020263671875 0.16351318359375 0.0631332397460938 0.105461120605469
0.190994262695313 0.070465087890625 0.105278015136719 0.0948867797851563
0.151535034179687 -0.049102783203125 0.130714416503906 0.0259628295898437
0.0727462768554688 -0.123832702636719 0.0940780639648438 -0.0325241088867188
-0.0323715209960938 -0.116157531738281 0.0278587341308594 -0.0399856567382813
-0.0883255004882812 -0.0736236572265625 0.00339126586914062 -0.0114765167236328
-0.0987014770507813 -0.078948974609375 0.0215034484863281 0.0125808715820312
-0.113227844238281 -0.0609054565429688 0.0274696350097656 0.0392799377441406
-0.0792388916015625 -0.0821151733398437 0.0102767944335937 0.0703582763671875
-0.028594970703125 -0.122268676757813 -0.0247573852539063 0.0654220581054687
0.0548934936523438 -0.125625610351563 -0.0753402709960937 0.0349273681640625
0.167037963867188 -0.03094482421875 -0.0727386474609375 -0.01873779296875
0.153732299804687 0.071502685546875 -0.0229148864746094 -0.0497093200683594
0.11285400390625 0.162078857421875 0.0153884887695313 0.046966552734375
0.0106201171875 0.146194458007813 0.114715576171875 0.0987396240234375
0.0487213134765625 0.145675659179688 0.0753173828125 0.134788513183594
0.143081665039063 0.0844879150390625 0.0858688354492188 0.109527587890625
0.127433776855469 -0.0214462280273438 0.109832763671875 0.0558700561523438
0.069488525390625 -0.0961532592773437 0.0874252319335938 0.00697326660156249
-0.0235061645507812 -0.101158142089844 0.0479164123535156 -0.00225448608398438
-0.074462890625 -0.0648422241210938 0.0410194396972656 0.00983047485351562
-0.084869384765625 -0.0695419311523438 0.0564460754394531 0.026123046875
-0.101280212402344 -0.055908203125 0.064239501953125 0.0527992248535156
-0.0708160400390625 -0.0751876831054688 0.0400848388671875 0.09075927734375
-0.0231246948242187 -0.111244201660156 -0.007537841796875 0.0852584838867188
0.055572509765625 -0.106430053710937 -0.0637016296386719 0.0524978637695312
0.148712158203125 -0.0096282958984375 -0.0680694580078125 -0.00539016723632814
0.117317199707031 0.0844802856445313 -0.000885009765624991 -0.0342884063720703
0.059326171875 0.143341064453125 0.0380935668945313 0.0927047729492188
-0.039947509765625 0.0783004760742188 0.119537353515625 0.137001037597656
-0.00349426269531251 0.0968017578125 0.0835723876953125 0.147750854492188
0.0741195678710938 0.0727081298828125 0.0691757202148438 0.112152099609375
0.0799636840820313 0.00075531005859375 0.0912246704101563 0.0727920532226563
0.0491561889648437 -0.0559616088867188 0.0792083740234375 0.0327224731445313
-0.014007568359375 -0.0682029724121094 0.0623893737792969 0.0241851806640625
-0.04986572265625 -0.0448493957519531 0.0703353881835938 0.02435302734375
-0.0589790344238281 -0.0490455627441406 0.0827255249023437 0.0358352661132812
-0.0741653442382813 -0.0446701049804687 0.0936431884765625 0.0641098022460938
-0.0521392822265625 -0.0593986511230469 0.0614089965820313 0.108596801757813
-0.0120620727539062 -0.0880661010742188 0.00148773193359374 0.104942321777344
0.05206298828125 -0.0759963989257813 -0.05853271484375 0.068206787109375
0.113395690917969 0.01409912109375 -0.0689735412597656 0.00442886352539062
0.0670089721679688 0.0876617431640625 0.0124263763427734 -0.0181446075439453
-0.00237274169921874 0.105873107910156 0.0439071655273438 0.13079833984375
0.0534896850585938 -0.0402679443359375 -0.0662841796875 -0.146377563476563
-0.0166587829589844 -0.0591506958007813 -0.0279178619384766 0.00201416015625
-0.0554924011230469 -0.0174598693847656 0.0780563354492188 -0.002227783203125
-0.036712646484375 0.0348396301269531 0.0821304321289063 -0.0878372192382813
0.000762939453124997 0.0487709045410156 0.0124053955078125 -0.128501892089844
0.0319004058837891 0.0290584564208984 -0.0721282958984375 -0.127693176269531
0.0264148712158203 0.0150909423828125 -0.119735717773438 -0.0702133178710938
0.0195064544677734 0.0191745758056641 -0.107101440429687 -0.040618896484375
0.0187110900878906 0.0198230743408203 -0.0925140380859375 -0.0250091552734375
0.00340461730957031 0.018585205078125 -0.081878662109375 -0.0364303588867188
-0.0181903839111328 0.00931930541992187 -0.08599853515625 -0.0406036376953125
-0.0316410064697266 -0.021759033203125 -0.0905380249023438 -0.0688934326171875
0.00995635986328125 -0.048980712890625 -0.0653457641601563 -0.1199951171875
0.0587844848632812 -0.0423240661621094 -0.0948638916015625 -0.141387939453125
0.0833663940429687 -0.0181732177734375 -0.125030517578125 -0.155670166015625
0.1015625 0.0263748168945313 -0.045745849609375 -0.153778076171875
0.0442237854003906 -0.0249366760253906 -0.0227642059326172 -0.000589370727539061
0.01153564453125 -0.0313186645507813 0.0910797119140625 0.0015411376953125
-0.00516033172607422 -0.00776910781860352 0.0989837646484375 -0.09051513671875
-0.000699043273925781 -0.00127553939819336 0.0256500244140625 -0.139640808105469
0.00304365158081055 -0.00375199317932129 -0.0696029663085938 -0.135467529296875
-0.0135116577148438 -0.0056447982788086 -0.121208190917969 -0.072235107421875
-0.0194759368896484 -0.0100669860839844 -0.104988098144531 -0.0395660400390625
-0.0198268890380859 -0.00733375549316407 -0.0927505493164063 -0.0206832885742188
-0.0135669708251953 -0.0187778472900391 -0.08306884765625 -0.0258407592773438
-0.00550460815429687 -0.0352897644042969 -0.0865020751953125 -0.0297393798828125
0.0133476257324219 -0.0528907775878906 -0.0982131958007813 -0.0582962036132812
0.0741500854492187 -0.0321578979492188 -0.0721435546875 -0.104019165039063
0.107025146484375 0.00421905517578125 -0.0971755981445313 -0.124015808105469
0.125267028808594 0.0549240112304687 -0.113723754882812 -0.136810302734375
0.132293701171875 0.0974578857421875 -0.0115432739257812 -0.138923645019531
0.09967041015625 0.028076171875 -0.00553321838378905 0.00983428955078125
0.0903167724609375 -0.0311050415039063 0.107452392578125 0.014923095703125
0.0416946411132813 -0.0493507385253906 0.120826721191406 -0.0812149047851563
0.00852584838867188 -0.0567436218261719 0.0475540161132813 -0.138236999511719
-0.0222434997558594 -0.0431747436523437 -0.054656982421875 -0.132316589355469
-0.05108642578125 -0.029388427734375 -0.106582641601562 -0.065887451171875
-0.0573616027832031 -0.0379142761230469 -0.0868377685546875 -0.0315170288085937
-0.0588912963867188 -0.0302543640136719 -0.0777816772460938 -0.00849151611328125
-0.0366783142089844 -0.0494041442871094 -0.0730361938476562 -0.00357055664062499
-0.00714874267578125 -0.0751419067382812 -0.081146240234375 -0.00722503662109377
0.0396652221679688 -0.0882492065429687 -0.10546875 -0.0372238159179688
0.126876831054688 -0.0350189208984375 -0.0815887451171875 -0.08245849609375
0.147857666015625 0.0308685302734375 -0.0930252075195313 -0.101913452148437
0.156707763671875 0.109771728515625 -0.0907516479492187 -0.10009765625
0.135009765625 0.158905029296875 0.0295181274414063 -0.097076416015625
0.134208679199219 0.08837890625 0.0188236236572266 0.0336723327636719
0.162582397460938 -0.0104217529296875 0.119644165039063 0.0384521484375
0.0956192016601562 -0.076019287109375 0.138618469238281 -0.0559844970703125
0.0292434692382812 -0.105560302734375 0.0719680786132812 -0.119186401367188
-0.0381927490234375 -0.0818023681640625 -0.0294570922851562 -0.114646911621094
-0.0792694091796875 -0.0517578125 -0.0771484375 -0.0532073974609375
-0.0871658325195312 -0.0602035522460937 -0.0565185546875 -0.0188713073730469
-0.092437744140625 -0.0454254150390625 -0.0486640930175781 0.00743103027343751
-0.0604515075683594 -0.0692863464355469 -0.0508346557617188 0.02325439453125
-0.019256591796875 -0.105072021484375 -0.0667266845703125 0.0200347900390625
0.0490570068359375 -0.117874145507813 -0.103179931640625 -0.00894165039062499
0.159591674804688 -0.046630859375 -0.0855636596679687 -0.0578079223632813
0.173568725585938 0.0421905517578125 -0.0779571533203125 -0.0805816650390625
0.16973876953125 0.144119262695313 -0.0575332641601562 -0.0526962280273437
0.111160278320312 0.191574096679688 0.0686302185058594 -0.0344009399414062
0.135772705078125 0.140213012695312 0.0443191528320313 0.0684432983398438
0.203826904296875 0.026611328125 0.120040893554688 0.06793212890625
0.139068603515625 -0.0761566162109375 0.143264770507812 -0.0181427001953125
0.0537033081054688 -0.130897521972656 0.0894241333007813 -0.0812149047851563
-0.0412826538085938 -0.108894348144531 -0.000526428222656258 -0.083099365234375
-0.0929946899414063 -0.0671157836914062 -0.0379600524902344 -0.0334815979003906
-0.102508544921875 -0.0730972290039063 -0.0181427001953125 -0.00318145751953125
-0.112815856933594 -0.0539398193359375 -0.0109958648681641 0.0231094360351562
-0.0773239135742188 -0.0788726806640625 -0.0193634033203125 0.0488014221191406
-0.0307083129882812 -0.120841979980469 -0.0465888977050781 0.0459480285644531
0.0491943359375 -0.131828308105469 -0.0916976928710937 0.0175247192382813
0.171157836914063 -0.0502777099609375 -0.0823440551757813 -0.0357284545898437
0.176986694335938 0.0517425537109375 -0.0529556274414062 -0.0644950866699219
0.1568603515625 0.1590576171875 -0.0180320739746094 -0.00235557556152343
0.0687103271484375 0.188186645507813 0.098876953125 0.0363616943359375
0.104324340820313 0.160720825195313 0.0656585693359375 0.105552673339844
0.196029663085938 0.0626678466796875 0.108375549316406 0.092864990234375
0.150772094726563 -0.05615234375 0.132392883300781 0.0219955444335937
0.0689620971679688 -0.128143310546875 0.0944595336914063 -0.0363693237304688
-0.0366134643554687 -0.116127014160156 0.0277557373046875 -0.0417251586914063
-0.091583251953125 -0.0718154907226563 0.0043802261352539 -0.0110893249511719
-0.104019165039063 -0.0744400024414062 0.0215568542480469 0.0114936828613281
-0.117050170898438 -0.055816650390625 0.0293159484863281 0.0382766723632813
-0.0825042724609375 -0.07879638671875 0.0140304565429687 0.0709686279296875
-0.0343017578125 -0.121604919433594 -0.0239486694335937 0.0668220520019531
0.050872802734375 -0.128181457519531 -0.0763092041015625 0.0386123657226562
0.167098999023438 -0.0391387939453125 -0.0747146606445312 -0.0170974731445312
0.158355712890625 0.0653228759765625 -0.0258064270019531 -0.0496330261230469
0.120376586914063 0.158447265625 0.0170402526855469 0.0460281372070313
0.01690673828125 0.147476196289063 0.117530822753906 0.09674072265625
0.0552215576171875 0.14471435546875 0.0797805786132812 0.134048461914062
0.148162841796875 0.0778045654296875 0.0892715454101563 0.107879638671875
0.12823486328125 -0.0270538330078125 0.1124267578125 0.0528640747070313
0.065887451171875 -0.100502014160156 0.08917236328125 0.00424957275390624
-0.0279769897460937 -0.100723266601562 0.0497169494628906 -0.00372314453125001
-0.0773162841796875 -0.0618057250976563 0.0427017211914062 0.00860977172851562
-0.0896987915039062 -0.065826416015625 0.0577163696289062 0.0232009887695312
-0.104652404785156 -0.0511932373046875 0.06695556640625 0.049774169921875
-0.0741729736328125 -0.0725631713867187 0.0449752807617188 0.0901718139648438
-0.0283355712890625 -0.110626220703125 -0.00620269775390624 0.087066650390625
0.0516357421875 -0.108963012695313 -0.0635299682617188 0.0567207336425781
0.148574829101563 -0.0169219970703125 -0.0697059631347656 -0.00372695922851562
0.121772766113281 0.0798797607421875 -0.00330734252929687 -0.0356178283691406
0.0656585693359375 0.141998291015625 0.0409469604492188 0.0907211303710938
-0.0371017456054688 0.0805282592773438 0.12371826171875 0.13446044921875
0.000434875488281242 0.0976638793945313 0.0878448486328125 0.146713256835937
0.0781631469726563 0.0685348510742188 0.0726318359375 0.111770629882813
0.0815582275390625 -0.0021514892578125 0.0952987670898438 0.0700225830078125
0.0463790893554688 -0.058990478515625 0.08148193359375 0.0309600830078125
-0.0173988342285156 -0.0681304931640625 0.0655555725097656 0.0225753784179687
-0.0518226623535156 -0.04241943359375 0.0727920532226563 0.021728515625
-0.0624542236328125 -0.0464897155761719 0.0850982666015625 0.0310287475585938
-0.0764617919921875 -0.0400772094726563 0.0971221923828125 0.0598678588867188
-0.0545730590820312 -0.0574417114257813 0.0667495727539063 0.106353759765625
-0.0156402587890625 -0.0870819091796875 0.00446319580078124 0.105918884277344
0.048248291015625 -0.0782012939453125 -0.0578460693359375 0.0716705322265625
0.114967346191406 0.00775146484375 -0.0700416564941406 0.00607681274414063
0.0711212158203125 0.0850753784179688 0.0110511779785156 -0.0198688507080078
0.00212860107421874 0.106483459472656 0.0480422973632812 0.12921142578125
0.0525474548339844 -0.0412368774414063 -0.068939208984375 -0.144195556640625
-0.0181961059570313 -0.0586891174316406 -0.0282573699951172 0.00432586669921874
-0.0562095642089844 -0.01531982421875 0.07855224609375 -0.00252532958984375
-0.0348243713378906 0.0353546142578125 0.0805282592773438 -0.0900650024414063
0.00240325927734375 0.0487518310546875 0.0105972290039063 -0.130317687988281
0.0319461822509766 0.0271644592285156 -0.0755462646484375 -0.126533508300781
0.0261993408203125 0.0133647918701172 -0.122367858886719 -0.066650390625
0.0198631286621094 0.0181198120117187 -0.108833312988281 -0.03692626953125
0.0185317993164063 0.0184097290039063 -0.093109130859375 -0.0218505859375
0.00365734100341797 0.0169343948364258 -0.083831787109375 -0.0350875854492188
-0.0177402496337891 0.00901603698730469 -0.0880889892578125 -0.0391845703125
-0.0320243835449219 -0.0198287963867187 -0.0919189453125 -0.0672378540039063
0.0088043212890625 -0.0488433837890625 -0.0665817260742187 -0.119026184082031
0.0574760437011719 -0.0442085266113281 -0.0959701538085938 -0.139732360839844
0.0820846557617188 -0.0204315185546875 -0.125747680664062 -0.152435302734375
0.102874755859375 0.02471923828125 -0.048431396484375 -0.151535034179688
0.0441474914550781 -0.0257301330566406 -0.0223484039306641 0.00219345092773438
0.0107498168945312 -0.0312156677246094 0.0916671752929688 0.0012969970703125
-0.00427103042602539 -0.00770759582519531 0.0978164672851563 -0.09222412109375
-0.000169515609741211 -0.001087486743927 0.0244293212890625 -0.14111328125
0.00296449661254883 -0.00474357604980469 -0.0724105834960937 -0.134208679199219
-0.0142793655395508 -0.00644111633300781 -0.122955322265625 -0.0685958862304687
-0.0206470489501953 -0.0100669860839844 -0.106224060058594 -0.0354461669921875
-0.0206737518310547 -0.00829505920410156 -0.093292236328125 -0.0173110961914063
-0.0138206481933594 -0.0198745727539063 -0.0844345092773437 -0.0241546630859375
-0.00550079345703125 -0.0355186462402344 -0.0876922607421875 -0.0284423828125
0.0123023986816406 -0.0525665283203125 -0.0994873046875 -0.0564117431640625
0.0739669799804688 -0.0333404541015625 -0.073394775390625 -0.103988647460938
0.106307983398438 0.00218963623046875 -0.0983428955078125 -0.122169494628906
0.125083923339844 0.0521316528320313 -0.113945007324219 -0.134475708007813
0.134254455566406 0.095123291015625 -0.0146026611328125 -0.136497497558594
0.100311279296875 0.0260391235351563 -0.00583648681640625 0.0113754272460938
0.0894393920898438 -0.0328140258789063 0.107406616210937 0.0145263671875
0.0412826538085938 -0.0497283935546875 0.119674682617188 -0.0830001831054688
0.00742340087890625 -0.0570526123046875 0.045623779296875 -0.14007568359375
-0.0228157043457031 -0.0434989929199219 -0.0576324462890625 -0.132041931152344
-0.05230712890625 -0.0286827087402344 -0.107528686523438 -0.0627975463867188
-0.0591812133789062 -0.0356826782226563 -0.0879974365234375 -0.0287933349609375
-0.0598678588867188 -0.0289878845214844 -0.0779037475585938 -0.00579071044921876
-0.0370941162109375 -0.049713134765625 -0.0736770629882813 -0.00177764892578126
-0.00832366943359374 -0.0760650634765625 -0.082611083984375 -0.005462646484375
0.038116455078125 -0.08880615234375 -0.106597900390625 -0.0343475341796875
0.12664794921875 -0.0383224487304688 -0.0830001831054687 -0.0824203491210938
0.148574829101562 0.0277252197265625 -0.0941925048828125 -0.100456237792969
0.158538818359375 0.105926513671875 -0.0916671752929687 -0.0980758666992188
0.13934326171875 0.156097412109375 0.0272445678710937 -0.0954513549804687
0.136077880859375 0.0867080688476562 0.0189857482910156 0.0357208251953125
0.162521362304688 -0.0139923095703125 0.119270324707031 0.0376815795898438
0.0947265625 -0.07733154296875 0.137435913085938 -0.05877685546875
0.0264358520507813 -0.106277465820313 0.0707321166992188 -0.121231079101563
-0.0392913818359375 -0.0815505981445313 -0.0313949584960937 -0.114341735839844
-0.0796661376953125 -0.0500335693359375 -0.0774459838867188 -0.0511093139648437
-0.0887298583984375 -0.0572662353515625 -0.0575180053710938 -0.01641845703125
-0.0932464599609375 -0.0430145263671875 -0.0491142272949219 0.00934600830078124
-0.0618019104003906 -0.0682907104492187 -0.0502510070800781 0.0248680114746094
-0.0208740234375 -0.104911804199219 -0.0684394836425781 0.0219154357910156
0.046417236328125 -0.118614196777344 -0.104728698730469 -0.00606536865234374
0.159255981445313 -0.0509796142578125 -0.0872879028320312 -0.0577774047851562
0.174331665039063 0.0390777587890625 -0.0792160034179687 -0.0799560546875
0.171600341796875 0.13970947265625 -0.0576324462890625 -0.0515823364257812
0.116287231445313 0.190322875976563 0.0672149658203125 -0.0331344604492187
0.138526916503906 0.137619018554688 0.0449905395507813 0.0704498291015625
0.204437255859375 0.0217742919921875 0.120376586914063 0.0664901733398438
0.137550354003906 -0.0788116455078125 0.142990112304688 -0.0205230712890625
0.0510025024414062 -0.132789611816406 0.0888519287109375 -0.08477783203125
-0.0435714721679687 -0.108184814453125 -0.000495910644531256 -0.0828704833984375
-0.0940093994140625 -0.0651779174804688 -0.037841796875 -0.0321578979492188
-0.105949401855469 -0.0698165893554688 -0.0186786651611328 -0.00304985046386719
-0.114608764648438 -0.05072021484375 -0.011444091796875 0.0240974426269531
-0.0789337158203125 -0.0767898559570313 -0.0190391540527344 0.0495033264160156
-0.0325546264648438 -0.119743347167969 -0.0467185974121094 0.0467872619628906
0.0465316772460938 -0.132804870605469 -0.0928802490234375 0.0203628540039062
0.17034912109375 -0.0550384521484375 -0.08349609375 -0.0351486206054688
0.177413940429688 0.048553466796875 -0.0545578002929687 -0.063568115234375
0.160369873046875 0.154998779296875 -0.0186595916748047 -0.00305938720703124
0.07342529296875 0.186767578125 0.099151611328125 0.0362625122070313
0.108123779296875 0.157958984375 0.0658798217773438 0.106742858886719
0.196884155273438 0.0566253662109375 0.108009338378906 0.0920333862304688
0.150161743164063 -0.0584259033203125 0.132308959960938 0.0198745727539063
0.0656814575195313 -0.130233764648438 0.0944900512695312 -0.0377883911132813
-0.03936767578125 -0.114814758300781 0.0287361145019531 -0.0423126220703125
-0.0926055908203125 -0.0692520141601562 0.0049295425415039 -0.0105228424072266
-0.106582641601563 -0.0719375610351562 0.0213356018066406 0.0103282928466797
-0.117958068847656 -0.051513671875 0.0297393798828125 0.0366783142089844
-0.0832443237304688 -0.0767898559570312 0.0159759521484375 0.0698585510253906
-0.0358428955078125 -0.121124267578125 -0.0240478515625 0.068115234375
0.0477142333984375 -0.128822326660156 -0.0771713256835937 0.0414657592773438
0.165969848632813 -0.04449462890625 -0.0761947631835938 -0.0174942016601562
0.159561157226563 0.061676025390625 -0.0278739929199219 -0.0512275695800781
0.123733520507812 0.155197143554688 0.01763916015625 0.0447616577148438
0.0202484130859375 0.147689819335938 0.117851257324219 0.0955581665039063
0.0582427978515625 0.142990112304688 0.080169677734375 0.134239196777344
0.149398803710938 0.0729827880859375 0.0895156860351563 0.107398986816406
0.127967834472656 -0.0292816162109375 0.112762451171875 0.051239013671875
0.0636520385742187 -0.102043151855469 0.0903244018554688 0.00256347656249999
-0.0303192138671875 -0.0993576049804688 0.05108642578125 -0.00485229492187501
-0.0778427124023438 -0.0603713989257812 0.0441207885742188 0.00775146484375
-0.0919723510742188 -0.0624618530273438 0.058013916015625 0.02142333984375
-0.105636596679688 -0.0471954345703125 0.0676155090332031 0.0479011535644531
-0.0751266479492188 -0.0699386596679687 0.0467300415039062 0.0886459350585937
-0.0305252075195313 -0.109794616699219 -0.005279541015625 0.0875473022460938
0.0486907958984375 -0.109855651855469 -0.0639839172363281 0.0582504272460937
0.148056030273438 -0.021453857421875 -0.0699729919433594 -0.00359344482421875
0.123542785644531 0.0767669677734375 -0.00503540039062499 -0.0371513366699219
0.0685577392578125 0.139801025390625 0.0420913696289062 0.089385986328125
-0.0348281860351563 0.0821456909179688 0.124259948730469 0.134300231933594
0.00250244140625 0.0971450805664063 0.089263916015625 0.145111083984375
0.0799026489257813 0.0654220581054688 0.0735015869140625 0.111167907714844
0.0806427001953125 -0.004150390625 0.0961151123046875 0.0690078735351562
0.0444450378417969 -0.0605583190917969 0.0829620361328125 0.0290985107421875
-0.0195655822753906 -0.066558837890625 0.0673141479492188 0.0211868286132812
-0.0522804260253906 -0.0403251647949219 0.074432373046875 0.0199813842773437
-0.0637092590332031 -0.0435333251953125 0.0855255126953125 0.0282821655273437
-0.0777053833007813 -0.0367584228515625 0.0983200073242187 0.0566940307617187
-0.05535888671875 -0.0557441711425781 0.0695114135742188 0.104011535644531
-0.01776123046875 -0.0864944458007813 0.00499725341796875 0.106170654296875
0.04620361328125 -0.078765869140625 -0.057647705078125 0.073486328125
0.114662170410156 0.00423431396484375 -0.0700645446777344 0.00632095336914063
0.0731658935546875 0.0823898315429688 0.00905227661132813 -0.0214653015136719
0.00395965576171875 0.105888366699219 0.04986572265625 0.127693176269531
0.0530853271484375 -0.0411758422851563 -0.069427490234375 -0.144607543945313
-0.0195960998535156 -0.0579910278320313 -0.0281982421875 0.00560569763183594
-0.0564460754394531 -0.0146102905273438 0.0803146362304687 -0.0018768310546875
-0.0336647033691406 0.0354804992675781 0.0824813842773438 -0.0903472900390625
0.00371170043945312 0.0488014221191406 0.0107879638671875 -0.132469177246094
0.0323314666748047 0.0265007019042969 -0.0768585205078125 -0.128402709960938
0.0257740020751953 0.0128803253173828 -0.124618530273438 -0.0662155151367188
0.0197620391845703 0.0175724029541016 -0.110374450683594 -0.035125732421875
0.0188312530517578 0.0179367065429688 -0.09454345703125 -0.020904541015625
0.00335407257080078 0.0167789459228516 -0.0866317749023438 -0.0352325439453125
-0.017451286315918 0.00879383087158203 -0.0902786254882813 -0.0394668579101562
-0.0315666198730469 -0.01934814453125 -0.09271240234375 -0.0684738159179688
0.00982666015625 -0.0489006042480469 -0.0659408569335937 -0.121910095214844
0.0575790405273438 -0.0452842712402344 -0.0953903198242188 -0.140350341796875
0.08203125 -0.0199966430664063 -0.124969482421875 -0.154647827148438
0.103706359863281 0.0247039794921875 -0.048675537109375 -0.151626586914063
0.0433807373046875 -0.0255355834960938 -0.0221710205078125 0.00374031066894531
0.0109691619873047 -0.0314693450927734 0.0926055908203125 0.002655029296875
-0.00318002700805664 -0.00761938095092773 0.0995559692382813 -0.0929718017578125
-0.000162839889526367 -0.00156211853027344 0.0243988037109375 -0.143386840820313
0.0033111572265625 -0.0053558349609375 -0.074188232421875 -0.136123657226563
-0.014653205871582 -0.00686264038085937 -0.124740600585937 -0.06768798828125
-0.0213584899902344 -0.00984764099121094 -0.108024597167969 -0.03387451171875
-0.0206241607666016 -0.00831985473632812 -0.0949630737304687 -0.01666259765625
-0.0136127471923828 -0.0211639404296875 -0.0869293212890625 -0.02435302734375
-0.00527572631835938 -0.0369834899902344 -0.0903854370117188 -0.0283432006835937
0.0130729675292969 -0.0523338317871094 -0.100830078125 -0.0570831298828125
0.0754470825195313 -0.0340499877929688 -0.0730361938476563 -0.106040954589844
0.106979370117188 0.00185394287109375 -0.098052978515625 -0.12286376953125
0.126243591308594 0.0526962280273438 -0.113784790039062 -0.1361083984375
0.135505676269531 0.0952911376953125 -0.0148468017578125 -0.135643005371094
0.10089111328125 0.0265045166015625 -0.00543022155761718 0.0144720077514648
0.0901565551757812 -0.0336990356445312 0.108772277832031 0.0162811279296875
0.0427780151367188 -0.0501060485839844 0.121345520019531 -0.0835723876953125
0.007415771484375 -0.0580291748046875 0.046905517578125 -0.142486572265625
-0.02276611328125 -0.0438041687011719 -0.0586166381835938 -0.133506774902344
-0.0529327392578125 -0.0289344787597656 -0.108963012695313 -0.0627899169921875
-0.060546875 -0.0359344482421875 -0.0896148681640625 -0.0272903442382812
-0.0614166259765625 -0.0293922424316406 -0.0793914794921875 -0.00429534912109375
-0.0376625061035156 -0.0507164001464844 -0.0749282836914062 -0.00144958496093752
-0.00823974609374999 -0.0774307250976562 -0.0847091674804687 -0.00496673583984375
0.0389251708984375 -0.089996337890625 -0.108779907226562 -0.03399658203125
0.127845764160156 -0.039031982421875 -0.0839004516601563 -0.0845108032226563
0.1492919921875 0.027679443359375 -0.0947799682617187 -0.101188659667969
0.15972900390625 0.107040405273438 -0.0911102294921875 -0.0987701416015625
0.140945434570313 0.156875610351563 0.0270233154296875 -0.093780517578125
0.138175964355469 0.0868301391601563 0.0192794799804688 0.0385169982910156
0.163787841796875 -0.0156707763671875 0.119888305664063 0.0394210815429688
0.0958099365234375 -0.0779647827148438 0.1387939453125 -0.0585403442382813
0.0267562866210938 -0.107765197753906 0.0715408325195312 -0.123832702636719
-0.0389556884765625 -0.0822906494140625 -0.0318679809570312 -0.11602783203125
-0.0807418823242187 -0.0502548217773437 -0.0781478881835937 -0.050506591796875
-0.09161376953125 -0.0569992065429687 -0.0582313537597656 -0.0161056518554687
-0.0947265625 -0.0430221557617188 -0.0503158569335938 0.0102806091308594
-0.0620460510253906 -0.0690383911132813 -0.0507316589355469 0.0248069763183594
-0.021636962890625 -0.106002807617187 -0.0705032348632813 0.023101806640625
0.0466995239257812 -0.119949340820313 -0.106681823730469 -0.00415802001953126
0.16082763671875 -0.0522308349609375 -0.0885238647460937 -0.0594100952148438
0.175811767578125 0.039306640625 -0.08001708984375 -0.0813827514648438
0.173583984375 0.140701293945313 -0.05712890625 -0.0522689819335938
0.117889404296875 0.192108154296875 0.0672683715820313 -0.031463623046875
0.140281677246094 0.138328552246094 0.0447921752929688 0.073333740234375
0.206069946289063 0.0200042724609375 0.120414733886719 0.069122314453125
0.139068603515625 -0.0797576904296875 0.144073486328125 -0.0205078125
0.050018310546875 -0.13482666015625 0.0906829833984375 -0.0854949951171875
-0.043792724609375 -0.109504699707031 -0.000610351562500008 -0.0839385986328125
-0.0948104858398438 -0.0654830932617188 -0.0373458862304688 -0.0321235656738281
-0.108428955078125 -0.0696792602539062 -0.0192222595214844 -0.00261116027832032
-0.115440368652344 -0.0502166748046875 -0.01171875 0.0251293182373047
-0.0793228149414062 -0.0774459838867188 -0.017822265625 0.0499000549316406
-0.0328598022460938 -0.121017456054688 -0.0484657287597656 0.04833984375
0.0468368530273437 -0.133903503417969 -0.0948715209960938 0.0226058959960937
0.17144775390625 -0.057464599609375 -0.0851593017578125 -0.0372772216796875
0.179595947265625 0.048492431640625 -0.0557823181152344 -0.0655326843261719
0.162200927734375 0.156204223632812 -0.0179080963134766 -0.00230979919433593
0.074493408203125 0.189834594726563 0.098480224609375 0.0387115478515625
0.1097412109375 0.158889770507813 0.0661849975585938 0.109947204589844
0.1998291015625 0.0560150146484375 0.108070373535156 0.0945663452148438
0.151504516601563 -0.05889892578125 0.133155822753906 0.020294189453125
0.0660171508789063 -0.131690979003906 0.096588134765625 -0.0391311645507813
-0.0398635864257812 -0.115516662597656 0.02899169921875 -0.0429496765136719
-0.0927581787109375 -0.0688705444335938 0.00641250610351562 -0.0112810134887695
-0.108894348144531 -0.0709457397460937 0.021240234375 0.00997924804687499
-0.119834899902344 -0.0505142211914063 0.0304450988769531 0.0376968383789063
-0.0835647583007812 -0.0769805908203125 0.0167236328125 0.0701751708984375
-0.0368728637695312 -0.120948791503906 -0.025054931640625 0.0704269409179688
0.047027587890625 -0.129501342773438 -0.0790939331054688 0.0436248779296875
0.166397094726563 -0.0460052490234375 -0.0773391723632812 -0.0187606811523438
0.161117553710938 0.0622100830078125 -0.0287818908691406 -0.0524520874023438
0.124771118164063 0.156219482421875 0.0178794860839844 0.0449295043945313
0.0207977294921875 0.149093627929688 0.117835998535156 0.098846435546875
0.058563232421875 0.143936157226563 0.0796661376953125 0.136856079101563
0.150802612304688 0.07177734375 0.0892486572265625 0.110382080078125
0.1290283203125 -0.0303421020507813 0.113075256347656 0.0523681640625
0.0626296997070313 -0.103515625 0.0919647216796875 0.00241088867187499
-0.0313339233398437 -0.100051879882813 0.0528984069824219 -0.00493621826171876
-0.0783462524414063 -0.0599517822265625 0.04595947265625 0.007476806640625
-0.09356689453125 -0.0615005493164063 0.0579910278320312 0.0209770202636719
-0.106689453125 -0.0457229614257813 0.0684776306152344 0.0475578308105469
-0.07525634765625 -0.0698623657226563 0.0479354858398437 0.0885162353515625
-0.0305099487304688 -0.109840393066406 -0.00640106201171875 0.0896377563476562
0.0487518310546875 -0.110466003417969 -0.0657005310058594 0.0602264404296875
0.149124145507813 -0.023468017578125 -0.0714797973632812 -0.004730224609375
0.125106811523438 0.07666015625 -0.00585556030273437 -0.0390396118164062
0.069305419921875 0.140899658203125 0.0424957275390625 0.089630126953125
-0.034393310546875 0.083251953125 0.124130249023438 0.13677978515625
0.00359344482421875 0.0978775024414063 0.0877838134765625 0.147964477539063
0.0804519653320313 0.0644454956054688 0.0730819702148438 0.113739013671875
0.0818405151367188 -0.00455474853515625 0.0964279174804688 0.069732666015625
0.0436668395996094 -0.0615081787109375 0.0850601196289063 0.0299224853515625
-0.0199966430664063 -0.0675544738769531 0.0697288513183594 0.0213470458984375
-0.052337646484375 -0.0399703979492188 0.076080322265625 0.0191421508789062
-0.0644683837890625 -0.0429534912109375 0.0857925415039063 0.0273895263671875
-0.0784835815429688 -0.0356063842773438 0.0989532470703125 0.0561065673828125
-0.0562210083007813 -0.0552940368652344 0.0711288452148438 0.104164123535156
-0.0185317993164062 -0.0859146118164063 0.00483703613281249 0.108482360839844
0.0466537475585937 -0.0791702270507813 -0.0588912963867187 0.0743637084960938
0.114952087402344 0.00241851806640625 -0.0711822509765625 0.00527191162109376
0.0747756958007812 0.0825424194335937 0.00742721557617188 -0.0232048034667969
0.00428771972656249 0.106590270996094 0.0496826171875 0.128555297851563
0.05438232421875 -0.0419807434082031 -0.0714874267578125 -0.148300170898437
-0.0199775695800781 -0.0595626831054688 -0.0284080505371094 0.00661087036132812
-0.0582504272460938 -0.0149993896484375 0.08343505859375 -0.000587463378906251
-0.0344810485839844 0.0359725952148438 0.08551025390625 -0.0927734375
0.00402069091796875 0.0499534606933594 0.0120162963867188 -0.137687683105469
0.0327320098876953 0.0267677307128906 -0.0797195434570312 -0.13330078125
0.025726318359375 0.0128173828125 -0.129066467285156 -0.0674819946289063
0.020172119140625 0.0175418853759766 -0.113800048828125 -0.0342864990234375
0.0186576843261719 0.0172500610351563 -0.0976333618164063 -0.021820068359375
0.00319576263427734 0.0157270431518555 -0.0908584594726563 -0.0367584228515625
-0.0179367065429688 0.00832176208496093 -0.0944290161132813 -0.0404739379882813
-0.0318012237548828 -0.0189285278320313 -0.0954055786132813 -0.0715103149414062
0.00999832153320312 -0.0499420166015625 -0.0663604736328125 -0.1268310546875
0.0577888488769531 -0.0465545654296875 -0.0961456298828125 -0.144973754882813
0.0840606689453125 -0.0196533203125 -0.12548828125 -0.160430908203125
0.107124328613281 0.0256195068359375 -0.0492401123046875 -0.15478515625
0.0444984436035156 -0.0256156921386719 -0.0222492218017578 0.00577926635742187
0.0117073059082031 -0.0322513580322266 0.097015380859375 0.00424957275390625
-0.00242090225219727 -0.00821018218994141 0.103118896484375 -0.0949935913085938
0.000560998916625977 -0.00178265571594238 0.0259552001953125 -0.148818969726563
0.00311565399169922 -0.00610113143920898 -0.0767822265625 -0.140838623046875
-0.0155162811279297 -0.00781631469726563 -0.128822326660156 -0.068939208984375
-0.0226631164550781 -0.0101680755615234 -0.111892700195313 -0.0333404541015625
-0.0221042633056641 -0.00928688049316406 -0.097808837890625 -0.0161895751953125
-0.014129638671875 -0.0232086181640625 -0.0907211303710938 -0.0253143310546875
-0.00514984130859375 -0.0390892028808594 -0.0944595336914063 -0.0295486450195312
0.0142288208007813 -0.0531387329101563 -0.104469299316406 -0.0589599609375
0.07781982421875 -0.0348663330078125 -0.0741348266601562 -0.111648559570313
0.109367370605469 0.00283050537109375 -0.0996932983398437 -0.12738037109375
0.129295349121094 0.0554428100585938 -0.113967895507813 -0.14117431640625
0.1395263671875 0.0990066528320313 -0.0148239135742187 -0.138298034667969
0.103736877441406 0.0276107788085937 -0.00527858734130859 0.0174312591552734
0.0930328369140625 -0.0348663330078125 0.112083435058594 0.0186614990234375
0.0450935363769531 -0.0513076782226563 0.12542724609375 -0.0854110717773437
0.00785446166992188 -0.0600051879882813 0.049041748046875 -0.148361206054688
-0.0230827331542969 -0.0460090637207031 -0.06060791015625 -0.138336181640625
-0.0540809631347656 -0.0308265686035156 -0.112869262695312 -0.0639877319335937
-0.0635337829589844 -0.0367622375488281 -0.0931549072265625 -0.026519775390625
-0.063232421875 -0.0306930541992188 -0.0823135375976563 -0.00348663330078125
-0.0384483337402344 -0.05322265625 -0.0782394409179688 -0.00183105468750001
-0.00797271728515626 -0.0804519653320313 -0.0890579223632812 -0.0052337646484375
0.0406875610351562 -0.0921478271484375 -0.112846374511719 -0.0343246459960938
0.132835388183594 -0.0406951904296875 -0.0855255126953125 -0.089508056640625
0.153564453125 0.029815673828125 -0.0966873168945312 -0.105026245117188
0.163009643554687 0.110687255859375 -0.092041015625 -0.103050231933594
0.144744873046875 0.162277221679687 0.0279998779296875 -0.094818115234375
0.141555786132813 0.0898895263671875 0.0195693969726563 0.0420761108398438
0.169189453125 -0.017303466796875 0.123176574707031 0.0436172485351563
0.100074768066406 -0.08013916015625 0.143478393554688 -0.0590972900390625
0.0270462036132812 -0.111541748046875 0.0753173828125 -0.128181457519531
-0.039520263671875 -0.0850601196289063 -0.0329132080078125 -0.120254516601563
-0.0831222534179688 -0.052276611328125 -0.0800933837890625 -0.0518722534179688
-0.0951385498046875 -0.0580520629882813 -0.0602149963378906 -0.0157470703125
-0.09808349609375 -0.0445556640625 -0.0520401000976563 0.0119476318359375
-0.0628509521484375 -0.0716781616210938 -0.0530166625976563 0.0255966186523438
-0.0212554931640625 -0.110145568847656 -0.073883056640625 0.0235977172851563
0.0492630004882813 -0.123664855957031 -0.111137390136719 -0.00371551513671875
0.165725708007813 -0.0549163818359375 -0.0916900634765625 -0.0639877319335938
0.180923461914063 0.04168701171875 -0.0820846557617187 -0.084442138671875
0.178207397460938 0.146240234375 -0.0586090087890625 -0.0544052124023437
0.121475219726562 0.19873046875 0.0690536499023438 -0.0299949645996094
0.14434814453125 0.143203735351562 0.0454254150390625 0.078216552734375
0.212158203125 0.0199432373046875 0.122901916503906 0.07354736328125
0.144485473632813 -0.081024169921875 0.148040771484375 -0.0190887451171875
0.0520706176757812 -0.139335632324219 0.0943679809570313 -0.089508056640625
-0.0441970825195312 -0.112815856933594 0.000770568847656248 -0.0864181518554688
-0.0970840454101563 -0.0679168701171875 -0.0376701354980469 -0.0330848693847656
-0.112586975097656 -0.07061767578125 -0.0194721221923828 -0.00190162658691406
-0.119186401367188 -0.0510482788085938 -0.0120296478271484 0.0271034240722656
-0.0806732177734375 -0.0796890258789063 -0.0190086364746094 0.0511245727539062
-0.0338134765625 -0.125244140625 -0.0517616271972656 0.0503768920898437
0.0491104125976563 -0.138328552246094 -0.0992507934570312 0.024200439453125
0.176834106445313 -0.059478759765625 -0.0876235961914063 -0.0398025512695312
0.185287475585938 0.0504150390625 -0.0573768615722656 -0.068206787109375
0.166366577148438 0.16131591796875 -0.0184211730957031 -0.00362014770507811
0.0766143798828125 0.195892333984375 0.1005859375 0.04193115234375
0.112396240234375 0.164337158203125 0.0667266845703125 0.115631103515625
0.2049560546875 0.05633544921875 0.10919189453125 0.09930419921875
0.15625 -0.060302734375 0.136703491210937 0.0220870971679687
0.0670623779296875 -0.135810852050781 0.100242614746094 -0.0404586791992188
-0.0410537719726563 -0.11907958984375 0.0314445495605469 -0.0448074340820313
-0.0954513549804687 -0.0713043212890625 0.00776195526123046 -0.0123519897460938
-0.112297058105469 -0.0718307495117188 0.02142333984375 0.0108051300048828
-0.122688293457031 -0.0513534545898437 0.0304527282714844 0.0392227172851563
-0.0853271484375 -0.079803466796875 0.017364501953125 0.0717697143554688
-0.0378570556640625 -0.124412536621094 -0.0274810791015625 0.0730438232421875
0.0487289428710937 -0.133514404296875 -0.0825881958007813 0.0461502075195313
0.171768188476563 -0.0475616455078125 -0.080841064453125 -0.021942138671875
0.165802001953125 0.0642242431640625 -0.0306282043457031 -0.055389404296875
0.128128051757813 0.161636352539063 0.0183563232421875 0.0466842651367188
0.021575927734375 0.155502319335938 0.120170593261719 0.104270935058594
0.059722900390625 0.148040771484375 0.080322265625 0.142852783203125
0.1551513671875 0.07305908203125 0.0908432006835938 0.115753173828125
0.133590698242188 -0.0305633544921875 0.116355895996094 0.055938720703125
0.0644912719726563 -0.106719970703125 0.09613037109375 0.00272369384765624
-0.0318603515625 -0.102775573730469 0.0564117431640625 -0.00455093383789063
-0.079925537109375 -0.0613327026367187 0.0485000610351562 0.0070648193359375
-0.0970382690429688 -0.0624465942382812 0.0594863891601563 0.0210380554199219
-0.109603881835938 -0.046051025390625 0.0702171325683594 0.0488967895507813
-0.07672119140625 -0.072113037109375 0.0494461059570313 0.0906829833984375
-0.0313644409179687 -0.112503051757813 -0.00751495361328125 0.0932540893554687
0.05023193359375 -0.113029479980469 -0.06854248046875 0.0630073547363281
0.153182983398438 -0.02435302734375 -0.0746307373046875 -0.00698089599609376
0.128738403320313 0.0784912109375 -0.00780868530273437 -0.0412216186523437
0.0711822509765625 0.1458740234375 0.0428466796875 0.0928955078125
-0.034820556640625 0.0860671997070313 0.12567138671875 0.142349243164063
0.0033416748046875 0.100105285644531 0.0888214111328125 0.152725219726563
0.082275390625 0.065643310546875 0.0741729736328125 0.118911743164063
0.0840377807617188 -0.00511932373046875 0.098602294921875 0.0737457275390625
0.0449943542480469 -0.0631866455078125 0.0883560180664062 0.0316162109375
-0.0214691162109375 -0.06890869140625 0.074371337890625 0.0217056274414062
-0.0535049438476563 -0.041107177734375 0.0794525146484375 0.018402099609375
-0.0671653747558594 -0.0431365966796875 0.0885391235351563 0.0282974243164063
-0.0803146362304687 -0.03515625 0.102653503417969 0.0570831298828125
-0.0574874877929688 -0.05718994140625 0.0734405517578125 0.106918334960938
-0.0192947387695312 -0.08843994140625 0.0038909912109375 0.112998962402344
0.0475921630859375 -0.0804214477539063 -0.061431884765625 0.0772857666015625
0.1180419921875 0.00211334228515625 -0.0741729736328125 0.00324249267578125
0.0762176513671875 0.0845260620117188 0.0064239501953125 -0.0255908966064453
0.00444030761718749 0.110343933105469 0.0498809814453125 0.132560729980469
0.05682373046875 -0.0453643798828125 -0.0759124755859375 -0.1539306640625
-0.0215034484863281 -0.0607833862304688 -0.0290374755859375 0.00873756408691406
-0.060638427734375 -0.0138130187988281 0.0888214111328125 -0.000526428222656251
-0.035064697265625 0.0376510620117188 0.0901641845703125 -0.0985870361328125
0.00591659545898438 0.0519523620605469 0.011138916015625 -0.14532470703125
0.0342788696289063 0.0264205932617188 -0.0867996215820313 -0.139457702636719
0.0263614654541016 0.0126876831054688 -0.136886596679688 -0.066986083984375
0.0213890075683594 0.0181522369384766 -0.119941711425781 -0.0333480834960938
0.0192546844482422 0.0172462463378906 -0.102401733398438 -0.02130126953125
0.00306987762451172 0.0158834457397461 -0.097259521484375 -0.0372390747070313
-0.0184116363525391 0.00860404968261718 -0.100837707519531 -0.0413589477539062
-0.0329074859619141 -0.0187015533447266 -0.101539611816406 -0.0742645263671875
0.0104904174804688 -0.0524520874023438 -0.069732666015625 -0.133987426757813
0.0583534240722656 -0.04937744140625 -0.100448608398438 -0.150802612304687
0.0873184204101563 -0.0213546752929688 -0.131195068359375 -0.168289184570313
0.111907958984375 0.025238037109375 -0.052886962890625 -0.160736083984375
0.0465049743652344 -0.0261306762695313 -0.0227775573730469 0.00804901123046874
0.0116004943847656 -0.0340957641601562 0.102493286132813 0.00412750244140625
-0.00139808654785156 -0.00862884521484375 0.107894897460937 -0.100738525390625
0.00125420093536377 -0.00164210796356201 0.025665283203125 -0.158050537109375
0.00338077545166016 -0.0074305534362793 -0.0830078125 -0.147735595703125
-0.0171670913696289 -0.00815963745117187 -0.136505126953125 -0.0692520141601563
-0.0246086120605469 -0.0103015899658203 -0.118179321289063 -0.0315170288085937
-0.02374267578125 -0.0102176666259766 -0.103179931640625 -0.0147171020507812
-0.0151348114013672 -0.0253639221191406 -0.09698486328125 -0.0251235961914063
-0.0058441162109375 -0.0419197082519531 -0.100601196289063 -0.0296707153320312
0.0156822204589844 -0.0553016662597656 -0.110916137695312 -0.0606842041015625
0.0819015502929688 -0.0377349853515625 -0.0786590576171875 -0.117996215820313
0.113433837890625 0.00193023681640625 -0.105010986328125 -0.132553100585938
0.135520935058594 0.0564041137695312 -0.119857788085937 -0.147964477539063
0.147064208984375 0.102081298828125 -0.0164337158203125 -0.142898559570313
0.108802795410156 0.0277481079101563 -0.00502777099609374 0.0204429626464844
0.0972137451171875 -0.03875732421875 0.117935180664063 0.0199661254882813
0.0479393005371094 -0.0543594360351563 0.131217956542969 -0.0898895263671875
0.00803756713867188 -0.0627593994140625 0.0493316650390625 -0.157440185546875
-0.0241546630859375 -0.0483627319335938 -0.0659332275390625 -0.14483642578125
-0.0577316284179688 -0.0315589904785156 -0.118888854980469 -0.064910888671875
-0.068023681640625 -0.0368232727050781 -0.097900390625 -0.0250167846679688
-0.0671348571777344 -0.0317153930664063 -0.086334228515625 -0.00154113769531249
-0.0404243469238281 -0.0563697814941406 -0.0832443237304687 -0.00022888183593752
-0.00917816162109374 -0.0854873657226562 -0.0956954956054688 -0.00407409667968749
0.0424118041992187 -0.0967254638671875 -0.119697570800781 -0.03424072265625
0.138984680175781 -0.044769287109375 -0.0912322998046875 -0.0946731567382813
0.160690307617188 0.0296478271484375 -0.1015625 -0.109596252441406
0.172988891601563 0.11517333984375 -0.0960159301757813 -0.108100891113281
0.15386962890625 0.168212890625 0.0288009643554688 -0.0979156494140625
0.149856567382813 0.092315673828125 0.0217018127441406 0.0462417602539063
0.177032470703125 -0.0211181640625 0.130027770996094 0.0458297729492188
0.10455322265625 -0.0847702026367187 0.150299072265625 -0.0625457763671875
0.0276641845703125 -0.116912841796875 0.0774154663085938 -0.1368408203125
-0.0425033569335938 -0.08966064453125 -0.035400390625 -0.126144409179688
-0.0883560180664063 -0.0542144775390625 -0.084381103515625 -0.0534210205078125
-0.101768493652344 -0.05810546875 -0.0639877319335938 -0.0144615173339844
-0.103157043457031 -0.0452728271484375 -0.0545272827148438 0.0140228271484375
-0.0668792724609375 -0.0753250122070313 -0.0558815002441406 0.0279884338378906
-0.0241165161132813 -0.115203857421875 -0.0790023803710937 0.0261917114257813
0.0505294799804688 -0.1302490234375 -0.117843627929688 -0.000762939453124998
0.173568725585938 -0.060302734375 -0.0978927612304687 -0.067626953125
0.190032958984375 0.041534423828125 -0.0871810913085937 -0.0894088745117188
0.188461303710938 0.15155029296875 -0.0609397888183594 -0.0572395324707031
0.129547119140625 0.207260131835938 0.0721054077148438 -0.030853271484375
0.152450561523438 0.147796630859375 0.0484237670898438 0.0842132568359375
0.222000122070313 0.01629638671875 0.128829956054687 0.0774993896484375
0.151138305664063 -0.0869293212890625 0.1553955078125 -0.021392822265625
0.05218505859375 -0.1470947265625 0.0986785888671875 -0.0958251953125
-0.0477676391601562 -0.11810302734375 0.000259399414062497 -0.0908660888671875
-0.102676391601563 -0.0701065063476562 -0.0395736694335938 -0.0341796875
-0.119796752929687 -0.0709915161132812 -0.0210075378417969 -0.00153732299804687
-0.126029968261719 -0.0505599975585937 -0.0123252868652344 0.0290966033935547
-0.0852584838867188 -0.0831146240234375 -0.0195045471191406 0.0536651611328125
-0.0368576049804687 -0.130180358886719 -0.0546226501464844 0.0544509887695313
0.0501708984375 -0.145233154296875 -0.104049682617187 0.0284194946289063
0.18475341796875 -0.0659942626953125 -0.094573974609375 -0.0428314208984375
0.19476318359375 0.0507659912109375 -0.0623321533203125 -0.0719985961914063
0.176376342773438 0.167922973632813 -0.0185661315917969 -0.00354003906249999
0.083251953125 0.204498291015625 0.105278015136719 0.0448455810546875
0.119293212890625 0.171249389648438 0.0705413818359375 0.122123718261719
0.21484375 0.0554656982421875 0.114906311035156 0.10540771484375
0.164337158203125 -0.064605712890625 0.143310546875 0.0241546630859375
0.0686798095703125 -0.143234252929688 0.105621337890625 -0.0446701049804688
-0.0440597534179687 -0.124847412109375 0.033905029296875 -0.0470771789550781
-0.10064697265625 -0.0738449096679688 0.00845336914062499 -0.012542724609375
-0.120643615722656 -0.0723724365234375 0.0231113433837891 0.0110645294189453
-0.129653930664063 -0.0505447387695313 0.0327186584472656 0.040557861328125
-0.09014892578125 -0.081512451171875 0.0189743041992187 0.0753097534179687
-0.04119873046875 -0.129791259765625 -0.0292129516601563 0.0784378051757813
0.0498809814453125 -0.140403747558594 -0.0870590209960938 0.0506439208984375
0.179275512695313 -0.0532989501953125 -0.0864486694335937 -0.022918701171875
0.174972534179688 0.0652008056640625 -0.0338478088378906 -0.05841064453125
0.137100219726563 0.168228149414063 0.0194549560546875 0.0480918884277344
0.02508544921875 0.162612915039063 0.125877380371094 0.10931396484375
0.0643157958984375 0.154312133789063 0.084442138671875 0.151153564453125
0.162506103515625 0.0731353759765625 0.0956268310546875 0.122627258300781
0.139938354492188 -0.0336990356445313 0.122451782226563 0.058197021484375
0.0655136108398438 -0.112617492675781 0.1016845703125 0.00170898437499999
-0.0349884033203125 -0.107368469238281 0.0603866577148438 -0.00629043579101563
-0.0848312377929688 -0.0631561279296875 0.0519752502441406 0.00606536865234374
-0.103141784667969 -0.0628814697265625 0.0628395080566406 0.02130126953125
-0.114898681640625 -0.0453414916992188 0.074920654296875 0.0505294799804687
-0.081024169921875 -0.0742950439453125 0.0531539916992187 0.0942611694335938
-0.035064697265625 -0.1173095703125 -0.00745391845703124 0.0994491577148437
0.05145263671875 -0.119117736816406 -0.0722503662109375 0.0680160522460937
0.1591796875 -0.0284271240234375 -0.0791702270507812 -0.0079803466796875
0.135963439941406 0.0803680419921875 -0.00976562499999999 -0.0443458557128906
0.076629638671875 0.15216064453125 0.045654296875 0.09661865234375
-0.0340423583984375 0.0905380249023437 0.132644653320313 0.149551391601563
0.00428009033203126 0.10418701171875 0.093841552734375 0.161666870117187
0.087188720703125 0.0663681030273438 0.07861328125 0.125473022460938
0.0881195068359375 -0.00559234619140625 0.103843688964844 0.0781021118164063
0.0453338623046875 -0.0670433044433594 0.0945281982421875 0.0325469970703125
-0.0239181518554688 -0.072021484375 0.079254150390625 0.0210723876953125
-0.0564117431640625 -0.0413131713867187 0.0847015380859375 0.017425537109375
-0.0704421997070313 -0.0431671142578125 0.0933151245117187 0.0273513793945312
-0.0835189819335938 -0.0342178344726562 0.108634948730469 0.0580062866210937
-0.0606040954589844 -0.0585212707519531 0.0783309936523438 0.110023498535156
-0.0209579467773438 -0.0913848876953125 0.0052032470703125 0.119651794433594
0.0496063232421875 -0.0847625732421875 -0.0648574829101562 0.0824127197265625
0.123443603515625 0.00037384033203125 -0.0793380737304687 0.00318145751953126
0.0816574096679688 0.087158203125 0.00489044189453126 -0.0284633636474609
0.00545501708984375 0.115875244140625 0.0535659790039063 0.138481140136719
-0.0566711957594947 -0.00607502375565521 0.0928008561604939 -0.144921583328487
-0.0329746559326762 0.0564012106616719 -0.0120805589421707 -0.0187469018420948
0.0166429575804862 0.0637899052230882 0.059364968818635 0.0751497154917402
0.0520984987418474 0.0137428555428911 0.133866954288568 0.0198762775005915
0.0355191270607368 -0.0291637931824065 0.138790345506875 -0.075359978927836
0.00578994850082481 -0.0279944334740366 0.083868454797562 -0.143048109121643
0.00560104035331202 -0.0264256249133007 0.0106808166590796 -0.157336016738936
0.00863610761227358 -0.0263503452645919 -0.0304196228857611 -0.133985397690463
0.0106372979730696 -0.0226483836511515 -0.0273296229335328 -0.108457361743481
0.0166745184084817 -0.0109860350184884 -0.0173358368301658 -0.106854179661269
0.0237627018278035 0.0112794693152115 -0.0104268451017907 -0.121759671125047
0.00974297577836575 0.0446649932870299 0.0269333499892051 -0.136480799454829
-0.0421525519860925 0.0426438384635409 0.07994148758413 -0.131399796424026
-0.0681349236304174 -0.00719513322763434 0.0814236248425425 -0.15703406986616
-0.0533051006477013 -0.0517759670647466 0.0462242353933131 -0.203888093411838
-0.0297324412752357 -0.090032141606796 0.098086395507613 -0.127769402186017
-0.0505138946172377 -0.023983627607746 -0.0228278137963594 -0.00529484388965869
-0.0472035339290612 0.012511027725191 0.0582469264006196 0.110555726610756
-0.0156379752028988 0.0181128359658796 0.153476146174184 0.0511835698257741
-0.00292329337328668 0.0168092811114351 0.167909814450179 -0.0671976221309429
-0.00186529492866011 0.0191401867790256 0.100160645598812 -0.145312212519611
0.0103898120160871 0.02510535064537 0.0205562397476379 -0.16007561447159
0.0173977362899339 0.0266846318733186 -0.0261797029906946 -0.134758127994519
0.0121568566704702 0.0313834919364134 -0.027415883726266 -0.10733679564945
-0.00506666700729363 0.0305399466109656 -0.0218232119437216 -0.0973183661368207
-0.0236852634488232 0.0362769136655468 -0.018456472689885 -0.109674582103804
-0.0531589351395892 0.0245354887878675 0.00567851520626133 -0.127989153758256
-0.0841841907505564 -0.0187056134106642 0.0551378277676514 -0.126180652169042
-0.0614813709347345 -0.0817079774842798 0.0546480499505783 -0.155155645343984
-0.016116590964244 -0.131572340563943 0.0319119962935832 -0.190545497706285
0.0103284403764162 -0.162561589884464 0.0898114845193212 -0.0863107275860949
-0.0476782071652145 -0.113663730012059 -0.0432978700019728 0.0210777110900784
-0.10481701270548 -0.0591388411536924 0.0427729582653506 0.155335375338194
-0.094340540438679 0.00636843162762255 0.160989864838765 0.0970554369819974
-0.0565384969444279 0.0585480828865349 0.190718395713204 -0.0407431037159611
-0.0185096045013175 0.067073188093612 0.113195254397914 -0.128371362785597
0.0097181807316849 0.0746367587202469 0.0307442847291539 -0.141275716339258
0.024754592196241 0.0767697744153285 -0.0189953255549953 -0.115023194588622
0.0185221436264773 0.0815690263539824 -0.0280341689071731 -0.0874243160610782
-0.0149297173704293 0.0700698813226641 -0.0309481897859343 -0.0718906503253607
-0.0544008078243714 0.0683340699676015 -0.0362013187158229 -0.0870806946965374
-0.107205550547013 0.0258106381995284 -0.0245669189124835 -0.114744263617745
-0.130040215708792 -0.0546170351734701 0.0244428052456125 -0.119073879593425
-0.0689229071843067 -0.137653030756185 0.0292954316030348 -0.141851057091125
0.0106459045387696 -0.192847040083848 0.00971706778513989 -0.153999043071227
0.0561538709815084 -0.209300414498235 0.0658323895410597 -0.0253538305892596
-0.0235466483812654 -0.192744754332059 -0.0720832918052857 0.0571992840107875
-0.140259432565884 -0.139879163327472 0.00999234542535615 0.197598633725207
-0.165779018876996 -0.0248336678012499 0.145485013229452 0.149128166758512
-0.115241373309796 0.0835807157744902 0.195452932063357 0.00251207027447855
-0.0424660503374023 0.105235194590982 0.117738072916073 -0.0913785307637355
0.00325520248592868 0.114335196442 0.0380952360860374 -0.10327963333621
0.0286918299502767 0.115561142148482 -0.00811778602048162 -0.0774865201527144
0.0268630863212765 0.120192803419725 -0.0250113073807156 -0.0512525794498597
-0.0145839844808869 0.102448407680181 -0.0374222604234846 -0.0338982888069356
-0.0685431615877683 0.0991032260974748 -0.0529526082538308 -0.0535410857812063
-0.14240515864536 0.0386122037446112 -0.0526922166327562 -0.0908724607176039
-0.165561025468174 -0.0686828781098907 -0.00406362197321325 -0.105627870302305
-0.0785767874190114 -0.169102408901854 0.0133753225939114 -0.118752129795437
0.0295637127666268 -0.226752719207233 -0.0111634828222765 -0.0990537335083412
0.0950276011449318 -0.217543794798326 0.0278617716202651 0.0454251891756356
0.0173594678762315 -0.234311330398828 -0.104089970015223 0.0961433928565575
-0.136566343940288 -0.205054101290016 -0.0362321259333767 0.220737563909693
-0.201836472447238 -0.0684338232753236 0.102615744183952 0.188495890134378
-0.1599612227028 0.0836523465377487 0.171465431615599 0.0518197173701228
-0.0649259011033375 0.124492879044649 0.106364076484231 -0.0410522235194784
-0.00602706762731495 0.135625265488019 0.0403114486658279 -0.0512020317496902
0.0286383280539511 0.137197814984196 0.00198952793383452 -0.0298785754748478
0.0324953843099552 0.141068082232214 -0.0177670447834585 -0.00484709341894685
-0.0110681081123957 0.121049615156699 -0.0400487263592458 0.0110001358052746
-0.0706324410845777 0.118214398940891 -0.0653087263779731 -0.0157104505987066
-0.155922153089354 0.0464440453511232 -0.0726230437738318 -0.0613573226754573
-0.177568332089231 -0.0742804481711726 -0.0247696820808023 -0.0879023738045402
-0.0757097373116401 -0.179244157113527 0.0106783715256651 -0.0897746845595662
0.0468044550877317 -0.227793089799251 -0.0272823836346784 -0.0344371506688643
0.113134109196057 -0.186743045875266 -0.0156524586245316 0.113106328499114
0.0563968902064728 -0.224728541389594 -0.129780452006851 0.127660031098272
-0.0983936876438276 -0.226404848358698 -0.0797955995953606 0.216012816564421
-0.191079255636137 -0.100323273449907 0.0470543889938277 0.200670486517876
-0.170617157494672 0.0642158217664553 0.125793122183841 0.0914084719481215
-0.0748439021395191 0.12019091333547 0.081148587172804 0.0127876700367921
-0.0135221200746701 0.133323757180739 0.0370240583988991 0.0046390275974647
0.024146950971336 0.13758428405058 0.0123332167667462 0.0213335790256015
0.0315692113862126 0.14204668686544 -0.00996075853128856 0.0432897292186338
-0.00923689781509679 0.123696817561213 -0.0387490072499591 0.0552606234127392
-0.0684581353305396 0.1188181817937 -0.0746849059121239 0.0218381173285089
-0.151687672188261 0.042009346843706 -0.0855729918613033 -0.0337402927543004
-0.164693687374672 -0.0805248995274317 -0.0373993003230621 -0.0709320915924978
-0.0540176720547311 -0.173430103261242 0.0140912150037737 -0.0605243830268291
0.0646890846994576 -0.197980380934793 -0.0409668941669295 0.0269533675698401
0.105675166603308 -0.121053173097152 -0.050450840463795 0.164392379640042
0.0764873769398519 -0.168965970567775 -0.139510254793321 0.148406978393722
-0.0483626573792465 -0.194462806798652 -0.105222199188574 0.190247930731665
-0.143682440233893 -0.105136718963479 -0.00266950895426052 0.188484565195769
-0.145469180943891 0.0380876819306838 0.0736353510621257 0.112688283203268
-0.0687283577842331 0.0973195767524845 0.0525768370674391 0.0568347649476589
-0.0153423322461806 0.112054407813118 0.0315392229718191 0.0536406478965687
0.0172654445985093 0.117768783991139 0.020580449054262 0.0665832089958361
0.025125705151146 0.124242386720548 -0.00183977954106066 0.0883856960648196
-0.0111208759897053 0.110220121315798 -0.0405540957089428 0.0939425386084379
-0.0633633606388654 0.103660437546256 -0.0860941408160387 0.0522234134621858
-0.134489699733836 0.0258213151725387 -0.0969691570357441 -0.0136139594212828
-0.132782645694599 -0.0866409062803509 -0.0469664051629707 -0.0596667971428543
-0.020214334616939 -0.152889377896354 0.016419091520601 -0.0348331693700289
0.0804678685355486 -0.143690798134491 -0.057617726721743 0.0794004053664388
0.0762564758030738 -0.0368669539263979 -0.0676835890140116 0.191808509929146
0.0730418014327856 -0.0861347929998408 -0.12900684302537 0.159040030500779
-0.00708062744757828 -0.124431615025477 -0.106988525236463 0.159061983048278
-0.0802667736457962 -0.0803016576093091 -0.0303144567575182 0.163616448676229
-0.0951499414591463 0.0141916605395018 0.0338572870667145 0.119278919510239
-0.0486615124580621 0.0623097650427805 0.0298052166867367 0.0860919850635045
-0.0129241979059696 0.0732735689450582 0.0263597952144165 0.0903212749990505
0.00803027197102997 0.0804044532233873 0.0268528820382707 0.10207258358911
0.0137666666555013 0.088824523149419 0.00244316002546296 0.125093397212306
-0.0137408603592794 0.0828773264985606 -0.0461901465536065 0.124138437105494
-0.0540932846848905 0.0746193903016468 -0.103480642381085 0.0731973536927794
-0.102575106073531 0.0051951716935585 -0.109941009133098 -0.00424848109618499
-0.0858261743986955 -0.0838014301895057 -0.0563418247129687 -0.057963853144506
0.0168432930687964 -0.114729230936345 0.0148155979387687 -0.0167613925513896
0.0864303773302779 -0.0700161130149358 -0.0783548497319421 0.11507474389317
-0.0590525694765613 -0.00318622075888017 0.0878756663863431 -0.154844163909366
-0.0308654288711827 0.0595048046823193 -0.0149077073800427 -0.0176600385253981
0.0203752372591781 0.0646945449620417 0.0652489663160892 0.0761761241550862
0.0541198442362524 0.0107539590928433 0.139917405342943 0.0147861405453833
0.0335022498528762 -0.0331452415086499 0.140430419850842 -0.0850695463689566
0.00385489107894212 -0.0280274611619548 0.0791298052193133 -0.15279232386623
0.00427064575852858 -0.027220040543871 0.000294710520265897 -0.162898363390469
0.0077584003259742 -0.0280050376326703 -0.040565063478203 -0.135799951021376
0.00952315854741444 -0.0232708872755481 -0.0349250282693571 -0.111639706792563
0.016202468783132 -0.0117433639878917 -0.0251940054862714 -0.110777239362158
0.0245608976612028 0.0103447948640209 -0.0187640702680622 -0.125720858995395
0.0124511499267542 0.0448950513835053 0.0205698914206803 -0.142734734997196
-0.0412224429145628 0.0465671506927631 0.0776341896209769 -0.139618854804954
-0.0693467743193259 -0.00357114613598834 0.077730714566281 -0.164570728855483
-0.0575469792140563 -0.0512069102352786 0.0397868591399017 -0.212535093205953
-0.0354967140374254 -0.0918408888004845 0.093732315609262 -0.135647004509564
-0.0526698156178314 -0.0226446492290249 -0.0250542976092717 -0.00321389626268924
-0.0471682197177606 0.015792872292916 0.0658763112420911 0.112495846183365
-0.0161406799747115 0.0191495257939897 0.161565926942118 0.0457509515370226
-0.00365002594412933 0.0171127202752411 0.170851399925171 -0.0790417470960363
-0.00137955761875301 0.0214556212821884 0.0959131169867716 -0.157100125218593
0.0119218843029045 0.0257308524995791 0.010719997915964 -0.16631666035648
0.0201272034810357 0.0274518564867426 -0.0362272544627007 -0.136600644684758
0.0150393628775453 0.0328804075671234 -0.0354045387238856 -0.109767989591292
-0.00350826000721376 0.0321597588212974 -0.0290426197804473 -0.100879890691772
-0.0229913220716776 0.0394425413130459 -0.0261885276029347 -0.113574800671904
-0.0543354505020781 0.0279160532825895 -0.00121875719686504 -0.13331988566068
-0.0880659601416407 -0.0145067194037472 0.0527451415004275 -0.133892239504272
-0.0663316406948074 -0.0816892324504856 0.0495467967193948 -0.162193675105798
-0.0229148065096538 -0.135228613777998 0.0247430544325177 -0.198599286692646
0.00177612000889027 -0.169087301171243 0.0874398831831892 -0.0929706287166184
-0.0549044661635263 -0.11521856205599 -0.0449893680437174 0.026069043780911
-0.111684715945283 -0.0548281990658804 0.0519399940886984 0.160084685202179
-0.097687894320832 0.0109657183375609 0.171360502614166 0.0935652075955758
-0.0561289167640693 0.0633719008055803 0.195916419837525 -0.0535377967847586
-0.0163098521500414 0.0713328776379021 0.110781734807716 -0.139572959383308
0.0139357347845961 0.077065908568469 0.0230180122361606 -0.147683899446826
0.030776958612346 0.0785020480335769 -0.0274842985044105 -0.11651883425397
0.0242263355528148 0.0840751704192624 -0.0343425647112721 -0.0879633115261497
-0.0121062034751096 0.0735946880580574 -0.0368153828718626 -0.0734473389559512
-0.0530456151182697 0.0742766468270942 -0.0438793444589543 -0.0893236330642009
-0.110217231604525 0.0323166669803719 -0.0320269955722159 -0.1170433936431
-0.138163294015907 -0.0490757926538986 0.0204157175246568 -0.125420255067356
-0.0772434092383642 -0.139160535328393 0.0238866382423061 -0.147649945645095
0.00110134280336276 -0.200475763175701 0.00321929752116088 -0.159612939372274
0.0469341831809531 -0.219178834365697 0.0657713861557142 -0.0288192869029024
-0.0339275299979926 -0.197722895351546 -0.0721666095378849 0.0649430318605703
-0.152530829365587 -0.13663803707071 0.0189741790687772 0.204595433025425
-0.172676722570428 -0.0182161702061861 0.157517131573094 0.147676837819127
-0.115572162114681 0.0931454187352047 0.202731469163046 -0.00910835172588971
-0.0389203747435858 0.111315264335122 0.116384290683001 -0.101250620128445
0.00937024469196473 0.118123534018838 0.0334262505109739 -0.108418327026329
0.0375144440358633 0.117896510136137 -0.0142611397286709 -0.0791412553241879
0.0354237261631716 0.122631200382811 -0.0294721895616811 -0.0510112363913933
-0.0103697804192711 0.10642061350741 -0.0416705162736386 -0.0331494889344496
-0.0646427543959095 0.107112588689877 -0.0593824215507092 -0.0539641708764509
-0.145729336323579 0.0467927739055647 -0.0606801114338861 -0.0907567940029584
-0.175360088779513 -0.0613901313361012 -0.00888441558448831 -0.111292339236571
-0.0898436669033479 -0.170606118042154 0.00904502123661478 -0.123729407362193
0.0181502028411154 -0.23653662214232 -0.0157886327490799 -0.101288101667281
0.0870826309659351 -0.230347223583238 0.0299988357401441 0.0452554385766143
0.00620307268129705 -0.243601535271718 -0.103576483834703 0.106161637953714
-0.152367068791835 -0.20383868879417 -0.0276208302033601 0.23105674819636
-0.212885736185937 -0.0606373191465969 0.115024299820822 0.190416124671183
-0.16033159098118 0.0955246499909811 0.181023684304305 0.0438814988334464
-0.0604846764034939 0.132777815278335 0.108124582954175 -0.0473295139393942
0.000800912194589618 0.139967921116626 0.039256605354797 -0.0554751683163785
0.03883785620872 0.140159784218329 -0.00030979158003405 -0.0300298809133831
0.0428654983203451 0.143644025918354 -0.0199937778379328 -0.0042066007727898
-0.00549936495048862 0.125230752419625 -0.0417019503009065 0.0130154603378071
-0.0661120673184571 0.12551180802244 -0.0704909064862554 -0.0133024349380635
-0.15917499393217 0.0565729225872577 -0.0799330099219909 -0.0587129866932371
-0.188179345014444 -0.0661608602611219 -0.0296923656356238 -0.091785764680538
-0.0880694374489743 -0.181107318827313 0.00636908250399024 -0.0943527176326243
0.035775646169006 -0.238697998606857 -0.0296018588101805 -0.034405827898958
0.106317707152794 -0.199180674787502 -0.0116486700475085 0.118236106121727
0.047048122549849 -0.235128809884401 -0.129027634688709 0.139452452088421
-0.113803206268129 -0.226910019056619 -0.0725552079433255 0.227594501823166
-0.203554552053245 -0.0946668866686832 0.0573911550947742 0.205561010921801
-0.172631160457087 0.0761843185081558 0.135571567855159 0.0868520099073929
-0.0711158329761582 0.128792686905568 0.0854501381214852 0.00920391450840073
-0.00653361306833192 0.139023163104186 0.0393507733470837 0.00259056459009445
0.0344259451372935 0.140359204423183 0.0133558651621478 0.0205725757956491
0.0419034973789988 0.144621515180152 -0.00761155929348888 0.0457018373874061
-0.00340225954135208 0.128352441673871 -0.0378692368845897 0.0590556463681779
-0.0626385399437441 0.125711831074129 -0.0780670119930097 0.025518802050785
-0.155384635612164 0.0511438353088142 -0.0923819757342747 -0.0298887092768318
-0.174635414440406 -0.0738184301473008 -0.0418751953352003 -0.0735297158334007
-0.0654076220662762 -0.175940698034979 0.0115838713715755 -0.0646692312773559
0.0561691333992316 -0.208994063602942 -0.0410984394015865 0.0297867674449782
0.102774979911388 -0.131799940818142 -0.0452553063785121 0.172469670394967
0.07067124544808 -0.17798452009266 -0.138182620502048 0.160416035058152
-0.0609685224888234 -0.197457187597246 -0.100743963432405 0.203019421793368
-0.155030643558018 -0.100536384691488 0.00633238605050272 0.195245439105938
-0.148392130197308 0.0481197226021898 0.0831990057136216 0.113067332992675
-0.0654894496740951 0.104980903326758 0.0580514624952054 0.0565844249733704
-0.00996183605216132 0.116197699732682 0.0364761296039966 0.0547903186552787
0.0254509724265351 0.120346629048077 0.0255380269513358 0.0677941902064144
0.0340176976058796 0.126229703504881 0.00328037447612082 0.0912954224977385
-0.00532414639035662 0.114814891662046 -0.0366395295105226 0.0994953006233391
-0.0593342817500302 0.110128726102274 -0.087792677608615 0.0587162410517791
-0.137199235515806 0.0330237669377866 -0.102486505620888 -0.00915512945253959
-0.141840179717194 -0.0812317984902455 -0.0516293692000079 -0.0619465956635574
-0.0296693722129276 -0.156277675253804 0.0150902173395307 -0.0390358825677316
0.0755930592093409 -0.15378088800542 -0.0556953939349074 0.0853616216198208
0.0758514315358379 -0.0431028120337553 -0.0620097434013339 0.201785143337047
0.0708965635570107 -0.0922827523038122 -0.127529012652341 0.169541592336784
-0.0142899062917219 -0.12685220695195 -0.103735938891788 0.169347794811254
-0.0872452901906269 -0.0788068770115249 -0.0238402181655348 0.171796765090251
-0.0972798860682885 0.020944303430263 0.0417059548552048 0.12225645873646
-0.0459891153378176 0.0671438278297728 0.0364537331447547 0.087779616395501
-0.00890733901612133 0.0762328562234584 0.0333713795641669 0.0920672628508237
0.0133786213306919 0.0814122658096125 0.0336796536501711 0.102567015806492
0.0205037993415733 0.0898996145680506 0.00972451931550228 0.128435144171579
-0.0095189617582236 0.0864534840935657 -0.0406445602444852 0.131166947235844
-0.0512480131825354 0.0799073286262612 -0.104019849277507 0.0819873559817998
-0.105782787595864 0.010378644009928 -0.11495518534361 0.000573768194891911
-0.0928795556919502 -0.0809089078133047 -0.0608412662496387 -0.0592635556582782
0.0106262825717737 -0.118847682981051 0.0135932648285929 -0.0201357236000599
0.0856235142875776 -0.0778137664374507 -0.0750054526516817 0.123212321949234
-0.0594099219560509 -0.000139385787301046 0.0804496139434419 -0.159853188841685
-0.027942186885513 0.0605104450959604 -0.017167627854679 -0.0159297516483111
0.0248502347856052 0.0637028156428699 0.0690977972711793 0.0751990853818817
0.0547894343261591 0.00854224263292649 0.142919461932856 0.0092462559949323
0.0303823899270084 -0.0351053939044397 0.139082098499981 -0.0934011212253246
0.00270847757014707 -0.0279128281209208 0.0719107158260735 -0.160468633391202
0.00330543768287036 -0.0270095874621736 -0.00900802107059157 -0.163743521827987
0.00564725018340736 -0.0284422730161923 -0.0489819343349419 -0.13328509609026
0.00881547289800212 -0.0237401773360065 -0.0419648920914978 -0.111641051898507
0.0165393995842852 -0.0120627121119212 -0.0324054733190739 -0.112048860301335
0.0249027792901801 0.00976266088359694 -0.0255638245558887 -0.126689505741984
0.0144217015279882 0.0440695213672965 0.0144884826915438 -0.145861215161592
-0.0390898566975347 0.0488760830432953 0.0734828559814219 -0.146087222936408
-0.0689541330898122 -0.000120067334815357 0.0728259345171228 -0.168289101464504
-0.0605327469300369 -0.0482317183597251 0.0330696065959001 -0.21708074908746
-0.0399959599272944 -0.0916202092064499 0.0869969914098377 -0.140849668813763
-0.0540531017963036 -0.0212402302668762 -0.026895565245163 -0.000765742098573813
-0.0470584992525885 0.0181735091905245 0.0714687183388724 0.112470836478014
-0.0162053212716982 0.0197595902728067 0.166165905769948 0.0400998689692494
-0.00356797218631349 0.0170049253772439 0.169558222347993 -0.0886387013387004
-0.00104100674210915 0.0218569115002658 0.0889477027049392 -0.1644168803945
0.0137473486486811 0.0260704798501056 0.00137920123522794 -0.167774080636823
0.0224428540258521 0.0264554180082433 -0.0450593623190023 -0.134906883805859
0.0173334638165678 0.0333024024132864 -0.0425459488283635 -0.109280036034935
-0.00243375578658155 0.0334585601918296 -0.0363540431408662 -0.101597991290631
-0.0215376091159697 0.0416050932632305 -0.0339416256238973 -0.113811690761266
-0.0541528061531987 0.0300486571075266 -0.00732679437680786 -0.134795066301928
-0.0902027528844729 -0.0103657592212855 0.0483809789481308 -0.139282764970591
-0.0699257656433167 -0.0797097193074902 0.0441033939593764 -0.164603455766664
-0.0298297859448295 -0.136331382853097 0.0180724909831558 -0.202039050282408
-0.00557917715538585 -0.171334747842337 0.0823172172606279 -0.0981616785362978
-0.0607981299895779 -0.114269469305709 -0.0450252031433036 0.0302720636165711
-0.115119412865046 -0.0491326018033205 0.0593484526841343 0.160618694769209
-0.0993711902453589 0.0148970601817193 0.177937341138213 0.0878726105288295
-0.0542641250891451 0.0667796827162509 0.196488905119851 -0.0641327593317137
-0.0139851235294666 0.0734114751109603 0.105218120417047 -0.147506528003625
0.0184757390128197 0.0777873405202319 0.0142807348201441 -0.149539367805004
0.0362372248046226 0.0772341397250676 -0.0353568606242709 -0.11494895759582
0.0299218218314886 0.084154784977143 -0.0407630455190515 -0.0873956076003784
-0.00894065199286805 0.0758581207694725 -0.0429074865909228 -0.0730995866898565
-0.0497306479155264 0.0782949658167754 -0.0509405991363463 -0.0886745882645232
-0.110448193211919 0.0378210670622938 -0.0385746664029268 -0.11704898793284
-0.142246803842072 -0.0422518076398525 0.0157616671580325 -0.130181078672799
-0.0837026148053918 -0.137581011461593 0.0175852646957643 -0.150111288895887
-0.00831626787180776 -0.203395384983956 -0.00292659521929139 -0.161632660122996
0.0370051472844763 -0.224646760825079 0.0635410638863243 -0.0318231196879413
-0.0435095718800039 -0.198542104660119 -0.0713935045116325 0.0714641685687308
-0.160948716251516 -0.129363165906742 0.0276581810311272 0.207450269638319
-0.176643074003314 -0.0104379805823839 0.165577699021727 0.142433188735056
-0.111457340919055 0.0995985966633693 0.205289527467201 -0.0203280640547447
-0.0341645698395835 0.115493366982987 0.113021109407202 -0.108057799984779
0.0157429501206753 0.11914592144538 0.0276510147830461 -0.11102430352903
0.0453846204272187 0.117319744937283 -0.019721882824359 -0.0781444265445796
0.0434805788100968 0.122583842066818 -0.0334797329567853 -0.0499531891414151
-0.00494397295998336 0.108900158116811 -0.0453287414931826 -0.0323813777318972
-0.0601221702120187 0.111744266661628 -0.0653634343312787 -0.0519986583592678
-0.145590320647232 0.0547653696825707 -0.0664888343084924 -0.0889749855043607
-0.180405397067541 -0.0525676716409755 -0.0132929403628896 -0.114486491886376
-0.0986670482184573 -0.168703714653203 0.00309216609391804 -0.126200230613765
0.00739668690665823 -0.240847068695356 -0.0201016167283148 -0.102057407666094
0.0758703384410104 -0.237751491766703 0.0304807468599851 0.0451184113466995
-0.00461756155616763 -0.246568313560912 -0.101217433379355 0.113113825375297
-0.164317175845927 -0.197293584771766 -0.018732438788033 0.235359218998729
-0.218980463034611 -0.0518088538665892 0.124004838950072 0.188105738002601
-0.157229109641061 0.10554809896893 0.185858822880023 0.034100842953421
-0.0552969398316777 0.137619288847144 0.107314213250836 -0.0528972130425469
0.00814654479963988 0.142011749451166 0.0366859884357011 -0.0572575648260317
0.0478937124486977 0.13906902357129 -0.00242924057454909 -0.0306111200161871
0.0515129419652005 0.143326804142388 -0.0205036038642144 -0.0024427185518108
0.000573857132322021 0.12740860078535 -0.0416013239506399 0.0148674545401591
-0.059905741087235 0.130841350434276 -0.0741211655881502 -0.0105887701924653
-0.158635355384583 0.0650156345039745 -0.08522768020885 -0.0556827961699141
-0.193443231157653 -0.0564520152573976 -0.0337574822640066 -0.0939577296705318
-0.0976928282347604 -0.179095253354619 0.00132388771467494 -0.0965355877008626
0.0244661475492152 -0.243868267596926 -0.031175650641383 -0.0328046194111121
0.0975612574491796 -0.207094350338442 -0.00798847013358305 0.119770791021766
0.0376948899597383 -0.239851151874393 -0.12569018686639 0.147105368607859
-0.126507804044544 -0.223230799640181 -0.0646792664203493 0.233977419593936
-0.211079738122358 -0.0865497622896776 0.0662146696415351 0.206477864326875
-0.170583249310174 0.0866272104818134 0.141661114072325 0.081023708945449
-0.0654808049245297 0.134876381441765 0.0877997584714105 0.00493191964696281
0.000462790146316746 0.140783040379337 0.0403685737064124 0.000457116088832579
0.043083693101758 0.139354019213738 0.0142025622793965 0.0204117405235655
0.0518304214261126 0.143106945341748 -0.00582131731831707 0.0464379863688309
0.00340041050920359 0.130238554455133 -0.0352301955993183 0.0617058709213447
-0.0575820388252953 0.130427262286967 -0.0797475977243428 0.0305184164092656
-0.155092757560729 0.0597222141518055 -0.0959661017588862 -0.0258544916551595
-0.181093138507745 -0.0646768453499133 -0.0465332311879468 -0.0748635498274652
-0.0748331603149498 -0.174045512116808 0.00781819596948118 -0.0671573747284705
0.0459253994770297 -0.214630277446379 -0.0392793089057917 0.0332517333546795
0.0966113884511416 -0.138687175213246 -0.0395070660690426 0.175976662502565
0.063501953840551 -0.183307177322073 -0.13391184844803 0.168428655056493
-0.0717800804830942 -0.195318724165132 -0.0934592781995202 0.20957151241745
-0.161745767086504 -0.094947323897356 0.0139940723353064 0.198162256019301
-0.14670905363737 0.0569071557252351 0.0897739040503957 0.110230208041778
-0.0606316633853448 0.109552818361429 0.0626026200647758 0.0547498132834917
-0.00365115939673758 0.118216293297281 0.04082239941884 0.0529755095429117
0.0326843027858541 0.120162811336549 0.0290415281544424 0.0664656240080106
0.0422403630706167 0.125249002786067 0.00853074610494066 0.0921813826117666
0.000122508221046445 0.116337101086855 -0.0322167308680627 0.102746063850937
-0.0537811086254462 0.113826281385368 -0.0884118329218475 0.0637685397789092
-0.137661550458586 0.0398634699201136 -0.105499666999194 -0.00432184038614359
-0.147782062058808 -0.074165048470468 -0.0557890324439183 -0.0623867394139309
-0.0377413833659701 -0.156051570619476 0.0122835646840881 -0.041805455174423
0.0688384721595163 -0.15947431963919 -0.0519296481841697 0.0890692648126313
0.074432718613131 -0.0473784347135521 -0.0553813699598067 0.20629487165349
0.0679667924705923 -0.0965637068193517 -0.122060767022776 0.176441109267451
-0.0212866652424408 -0.12697091906028 -0.0987265409845124 0.176823107056551
-0.0925824652494414 -0.0751050566821095 -0.0174649880974341 0.175111262457387
-0.0963039854910994 0.0264334233752358 0.0483261958254869 0.121687081010038
-0.0431921399053138 0.0702639871657107 0.0426696414095485 0.0878985544639262
-0.0045028328781811 0.0770637868136682 0.0398231602168843 0.0907957336681408
0.0189508471746813 0.0814444122386352 0.0400870287096919 0.101107451248454
0.0259438353508553 0.0893167564157601 0.0173742893321177 0.128831197769206
-0.00446183425028638 0.0879052833051407 -0.0343604751214868 0.134398526138393
-0.0470588163580033 0.082820106696491 -0.102369411132327 0.0878727146450376
-0.106205908045467 0.0149751669331818 -0.117240723976445 0.0058386393220341
-0.0977608971749003 -0.0755834368268437 -0.0652241332650918 -0.0588140517017609
0.0047071324922655 -0.120150694132772 0.0123002322911574 -0.0228167165095197
0.0825318451559553 -0.0836341793523653 -0.0699875792975584 0.12864845716623
-0.0579604084283088 0.0191116708142853 0.023497302030339 -0.180239827229744
-0.00493534326654772 0.0671994796006121 -0.0241914543150049 -0.0112751914987843
0.046685290793121 0.0503656751552165 0.086966113752631 0.050475206056888
0.0541635863730944 -0.0124680799383281 0.138787005071776 -0.0350561371704951
0.0162725896591055 -0.0441304431985953 0.103122987051086 -0.133276212915095
-0.00576652236650637 -0.0285246778560673 0.0135487355706406 -0.176713159358273
-0.00602438308642717 -0.0286178502240818 -0.0662853982257506 -0.149407979592026
-0.00420624023783186 -0.0289472530879066 -0.0916809399623358 -0.105780113110925
0.000602247434975051 -0.0245818781381434 -0.0776901429551262 -0.0911167273250917
0.011279592306447 -0.01510876965521 -0.069421691851967 -0.0952284576705912
0.0267403547107326 0.00100245391961089 -0.0685004393929612 -0.109816621247122
0.0274595615519446 0.0367279458547104 -0.0339693907029645 -0.143075389940103
-0.020889014029307 0.0586498152173451 0.024533681227128 -0.163744075577541
-0.0654557135230009 0.0237266199064229 0.0178735686804749 -0.18045543401941
-0.0729211705552018 -0.0251087394399917 -0.034719949402416 -0.212095478407359
-0.0717669107411786 -0.0755746730226821 0.039232037720713 -0.161211639337929
-0.0592039832171981 -0.00126069568123882 -0.0234329671150474 0.00823103320864037
-0.0365042540313477 0.033209166312192 0.105213176529978 0.0812618785388839
-0.00764095289974341 0.0239792906295706 0.171918341882834 -0.0176033675862016
0.00299108763101285 0.0165699300715095 0.131397731722184 -0.142499794056378
0.00765855555304201 0.0194558057037249 0.0263760921915348 -0.186840890382118
0.0225484937885857 0.0190343676300218 -0.0593598180476824 -0.158305752571722
0.0292899435156169 0.0164105879153186 -0.0911594319983043 -0.107859769954335
0.0280015090223719 0.0252785676428571 -0.0782778989255428 -0.0884063033870718
0.00904861119379345 0.0336525215515488 -0.0697622605934811 -0.0849632611280889
-0.00621293466110751 0.0464579263325445 -0.0714452304644629 -0.0969304144478146
-0.042085329405184 0.046526195087604 -0.0498550460779965 -0.12559187926721
-0.0884639988925392 0.0201842719228337 0.00313334033541134 -0.14793597948789
-0.0929205829879707 -0.051304747887117 -0.00919336990808693 -0.167267983774306
-0.0712743545686378 -0.120151222578117 -0.0468610278824585 -0.192828783005365
-0.067313800234402 -0.165357359122145 0.0509827932889265 -0.114844482998273
-0.0988627036735445 -0.0872837485596033 -0.0264903384809903 0.045861782147665
-0.125491466841274 -0.0055683608085974 0.114505813072835 0.12878145821995
-0.0879410193679629 0.0511554412586459 0.200907134051126 0.018957165732742
-0.0270945031804082 0.0798695979506207 0.163172067593464 -0.129745953095488
0.0126710571117768 0.0723160549262924 0.0461068210092355 -0.176664813755456
0.0443877832683128 0.0673434501501175 -0.0409678671648364 -0.147155049213642
0.0596469645321578 0.0593840305782587 -0.0756930438370972 -0.0940516522492638
0.0573038437477051 0.0685781345571176 -0.0697361231946188 -0.0677631047142603
0.0166470648044723 0.0754076385021061 -0.0670980760547581 -0.0566743200207544
-0.0202779958480194 0.0908350931720311 -0.079428391105571 -0.0684446802872839
-0.0927403218195933 0.0725319937897599 -0.0723229291349608 -0.0990812864318779
-0.14779995593163 0.00732265846674233 -0.0244557076897619 -0.12800749557225
-0.125741069410808 -0.101270897040378 -0.0312735211249962 -0.144910094125855
-0.0728201555798404 -0.192021865491263 -0.0564743304069552 -0.147389849258073
-0.0452249558170849 -0.231839986434135 0.054743181922292 -0.043980038049335
-0.11247190278944 -0.173355684657373 -0.0350209370740522 0.0965098933025811
-0.196946526334401 -0.0646346923396065 0.105646518359874 0.182621275344287
-0.170397398803386 0.0553313486109585 0.209228201072027 0.073075413728462
-0.0685960090205037 0.131941656822702 0.1858997457644 -0.0942708683330005
0.00794601961196265 0.119295811327263 0.0659073552090865 -0.143472968291656
0.0564598237272097 0.108126816423364 -0.0152380020670605 -0.117783529825429
0.0820208771492757 0.0934944703339573 -0.0495888936938969 -0.06517369545626
0.0829523983324848 0.0987288244842003 -0.0507585417153392 -0.0347526148552901
0.0307568515266814 0.105063113794908 -0.0558022280453046 -0.0174456723093224
-0.0184509324316244 0.125226647140956 -0.0819143046565539 -0.0295902131782644
-0.119715404448126 0.101313066378664 -0.0898929964229457 -0.0635859883109761
-0.187984045476429 0.0106884291585547 -0.047583955822142 -0.103216002464709
-0.150162516532688 -0.126090398182308 -0.0385173641837626 -0.117002751140265
-0.070640130865646 -0.233573072423749 -0.0560154119346213 -0.0851594276009062
-0.0119198200884075 -0.25810965092569 0.0486248894345326 0.0422317836170654
-0.0926151110817195 -0.2327018909883 -0.0489829223412129 0.148979195603114
-0.224400949886198 -0.127149760006103 0.0749787116672904 0.225783334327733
-0.225117499306186 0.032275586761149 0.187572532076933 0.128553359902164
-0.109853988239833 0.15299435968775 0.185695303249466 -0.0380088721451859
-0.00378852997936331 0.147700340651571 0.0799270231980114 -0.0908496389397876
0.0570706694479928 0.133263277647651 0.0124908566219433 -0.0717198960875466
0.091907502233638 0.113005048402982 -0.0169252993246178 -0.0271597997607916
0.0979200824734423 0.115317515044013 -0.0225600114323483 0.00519513920630547
0.0430247198612064 0.120035554912516 -0.0369910823102276 0.0256476978037177
-0.0124078303361441 0.142225054446955 -0.0757801366614971 0.012536393733067
-0.129008642114337 0.115475947483311 -0.0959967411377044 -0.0273959586011549
-0.201771594715411 0.0118621548751199 -0.0603243225492167 -0.0774520977081539
-0.152613325077214 -0.13588317166484 -0.0314534176245309 -0.0893782773854415
-0.0561156178867161 -0.24265148603653 -0.045260354220843 -0.0171066744542708
0.0205949590759933 -0.235061290091459 0.0346973585568273 0.125507134067523
-0.0495935021342081 -0.241341912666748 -0.0624365337857318 0.190851633107667
-0.197983623254294 -0.164172184156631 0.0300502674794827 0.242413575719528
-0.230196266018765 -0.00345534096044623 0.13977563105738 0.166590231485011
-0.12837549738544 0.140662009983886 0.160414491973501 0.0204427523141278
-0.0147829276319816 0.148775818336969 0.0813366508987105 -0.0290426623908145
0.0496447093780781 0.135098294064206 0.0370564404948052 -0.0184188728524306
0.0876758816598781 0.115587527911311 0.0172344402462271 0.0134429989660866
0.0974838941017349 0.115765887961411 0.00850430747765264 0.0455170956216866
0.04685668633417 0.121754147775652 -0.0155999407323061 0.0672363560880366
-0.00946342387362037 0.141620382133135 -0.0677445397632911 0.0527622716375734
-0.127218397830387 0.108192629063858 -0.0971638412888304 0.00496653851438425
-0.192075489672264 -0.000214330526808312 -0.0663455600506299 -0.0552593805567358
-0.129715029292307 -0.138823041611404 -0.0171907633533612 -0.0643763146066429
-0.0252542742114678 -0.22174651913046 -0.0328722180451077 0.0460223260498952
0.0436354665327303 -0.167735002591771 0.0205405265022906 0.188487028095933
-0.0037608298839383 -0.196521065390551 -0.0672334328914887 0.212344210338989
-0.135957594198191 -0.156685355699551 -0.00812168279947747 0.230909862584872
-0.18769207702493 -0.0284342136953398 0.0871612329035238 0.179174873419854
-0.117131940695641 0.104929836000974 0.121821263890037 0.067545102910582
-0.0185047508705853 0.123332042731132 0.0754230953518001 0.0272889264195576
0.0380337639316484 0.115077609045581 0.0567497842102163 0.031374365058263
0.0716649883190281 0.100656883291348 0.0477635283869908 0.0507171611425278
0.082035027426476 0.10192794755368 0.0372005788279077 0.0837577741203271
0.0401517749899791 0.109020679532832 0.0019686255490655 0.105188516277782
-0.0117630697001452 0.124593489765205 -0.0632451637557269 0.0873488127656008
-0.116335062987532 0.0842474773179365 -0.0989616622326467 0.0285517434727562
-0.1631545760745 -0.0203467244439741 -0.0719677376321383 -0.0400322144009262
-0.0888438047167949 -0.134115314603353 -0.00474522866467387 -0.0423220920055489
0.0136175825624892 -0.176258312015264 -0.0261560832081122 0.100967882922543
0.0554331856567568 -0.0703248464483971 0.0139768869879728 0.218956217985558
0.0309726354686213 -0.114399388784386 -0.0570390755120949 0.213783302571029
-0.0642450679745852 -0.110378057940459 -0.0285199387901177 0.20260047866184
-0.114653549985895 -0.034697811026319 0.0480151902298594 0.17181105542804
-0.0797907521111922 0.0600236000139455 0.0869813613616439 0.0954392280708443
-0.0143347311927636 0.0804436858532051 0.0691265334011489 0.0663708742933015
0.0225832525418898 0.0760046241284518 0.0697755973127218 0.0678787495605856
0.0456016220199675 0.0702004229923262 0.0717343600845793 0.0788602887847082
0.0550297191340515 0.0741985344812666 0.059094653715396 0.114822526985188
0.0258758709513094 0.0845372893460774 0.0111294800462095 0.136525426019706
-0.0167535954794128 0.0930562167595654 -0.0682428632050803 0.115350366237299
-0.0953985620255942 0.0495931234232223 -0.108050969163639 0.0417763642101665
-0.116782080858087 -0.0384181554947328 -0.0806645226733786 -0.0337922562377629
-0.0361500501744122 -0.114187547930738 0.00113069271326773 -0.0255184991230964
0.0516457771336025 -0.107613050357789 -0.0287812705761491 0.142042082529687
-0.0577723072243693 0.020379510042356 0.0207840764459119 -0.181821359818227
-0.00392713616721344 0.0677715886620657 -0.0250943204274961 -0.00896894439028461
0.0481349079348675 0.0487900701230669 0.088685773481889 0.0515280274759765
0.05478465016421 -0.0139047973433699 0.141073938676158 -0.0381247334958663
0.0137632447929784 -0.0436617904843565 0.102024190435632 -0.137527500584287
-0.00618744334578026 -0.0286910153777876 0.00951311807454764 -0.179733130046556
-0.00649005463105879 -0.0282190823133153 -0.070303435473073 -0.14852680292593
-0.00537375313238097 -0.0292054827245043 -0.0950596660222452 -0.10296035837674
0.000831484557676503 -0.0242107458103258 -0.0819578424905326 -0.08966264806322
0.0113827385261127 -0.0155000277235179 -0.0737487864225512 -0.0951262922184619
0.0269170237577806 0.000832409571597304 -0.0716799767118501 -0.110027992319526
0.0277448630935586 0.0359209911505376 -0.0366044824750102 -0.144265901820477
-0.0196308334105042 0.0597637199693242 0.0238866273964724 -0.167488690784028
-0.0655179940123173 0.0242173078635167 0.0178966121886037 -0.182083383918144
-0.0737768115391242 -0.023736195245658 -0.0360817127513795 -0.215421978981313
-0.0739978089865609 -0.0753707792757831 0.0369527064353756 -0.162537266610811
-0.0597130042349001 -0.00055259651508658 -0.0238780745010997 0.0104518389358491
-0.0366639528786181 0.0334676804064338 0.107512528142702 0.0823174933887011
-0.00845946620482766 0.0248035489637872 0.174573977366055 -0.0203535886169442
0.00164514031979296 0.0174755671272365 0.13057687413081 -0.146870662252843
0.00815091266299272 0.0202648139260028 0.022238124255641 -0.190204397218087
0.0231575389008769 0.0191881159322401 -0.0635911627238416 -0.157585927683879
0.0305009346540561 0.0159287953892333 -0.0942035023117596 -0.105169674208621
0.0297790390092407 0.0250028097746184 -0.0824763237724988 -0.0875010433307837
0.00986404519110253 0.034877098060196 -0.0741025105819516 -0.0843146143475512
-0.00511722902925033 0.0478302522527394 -0.0757917930075257 -0.0964346910835484
-0.0426281390434504 0.0475834573926246 -0.0525196307383547 -0.126452675203132
-0.0893530758620722 0.0220352017393622 0.00174655552280311 -0.151074964135531
-0.0947730896909125 -0.0512314138693686 -0.00975468742298525 -0.168422036508942
-0.0741874584506204 -0.119970704606607 -0.0492299844123452 -0.194871275090104
-0.0714858485928689 -0.165888851819386 0.0491752013066231 -0.115400503465823
-0.101314377823375 -0.0871047383162041 -0.0261047148762356 0.0485367693035022
-0.125899819123728 -0.00317958247675449 0.117856441574033 0.129795860977339
-0.0892152745391077 0.053437997018631 0.20370826558502 0.017260497972432
-0.0263184127874171 0.0819249600869971 0.162841816049501 -0.135902687925163
0.0142441979234144 0.0735693299916463 0.0426766518401595 -0.180021181837459
0.046139933192015 0.0674484398373943 -0.0451363550222221 -0.147322826600562
0.0623090340743108 0.057962746507656 -0.0785771873622227 -0.0913624945270408
0.0605625793716549 0.0672781708715764 -0.0735642853076001 -0.0665657011652358
0.0183237037590602 0.0766633485660522 -0.0706260532086388 -0.0556430455999047
-0.0187906411499682 0.092453664900006 -0.083962791141442 -0.0672568190680149
-0.0931536890934109 0.0758709154349007 -0.0757823881714341 -0.0988685844224234
-0.150254606467511 0.010389914026014 -0.0269701496221965 -0.131362218615138
-0.128612088238451 -0.100655821821708 -0.0324080673718371 -0.146003833327999
-0.0776241522978933 -0.192955070563535 -0.0585623753675985 -0.149024906820738
-0.0505424095755844 -0.233650607600955 0.0539214481589547 -0.0435787525943463
-0.116266885165601 -0.173923154673721 -0.0341058072385568 0.0987797063616613
-0.199683927451741 -0.0604715473602094 0.109914420186079 0.184936509556729
-0.171505172892551 0.0599244335324416 0.213778749359368 0.0714122010972934
-0.0676120535460864 0.135366212857279 0.185713568787537 -0.0998698463188738
0.0101652403100462 0.120957687050374 0.0637395616121241 -0.147030909002734
0.0592397776218477 0.108617168998729 -0.0183123605163889 -0.117356278194508
0.0858924024996088 0.0913632266333935 -0.0519433866504063 -0.0637056086027147
0.0868457973030234 0.0972302575230571 -0.0525294477449061 -0.0335593242661733
0.0331934426683776 0.106513302005057 -0.05822282508418 -0.0163807250805839
-0.0164781250361538 0.126895612614514 -0.0855379372371003 -0.0273710360551569
-0.120047852148385 0.105202671983356 -0.0925513832883504 -0.062821636986548
-0.189619873089532 0.014941007466252 -0.0501932880293136 -0.105905310299513
-0.154266299721041 -0.125710766514029 -0.0409073879068928 -0.11786177369594
-0.0763116010249605 -0.235248160699057 -0.0570014377336894 -0.0856955902384337
-0.0171326636516122 -0.260580415847436 0.0482231833698251 0.0432190090358475
-0.0967719031517025 -0.234571170126153 -0.0480887948199129 0.152624016414606
-0.228469154147692 -0.122793920212642 0.0783025735907437 0.228383141217572
-0.228487443652899 0.036996232685454 0.191970024495931 0.128781208511497
-0.107326654043795 0.158007850210839 0.187434817489374 -0.0429338794515093
-0.00131271259999238 0.14963544423167 0.0789811728333233 -0.0925810707897361
0.0602472018448567 0.133437825036612 0.0110229638936506 -0.0719969630909598
0.0966181549998799 0.110870954048372 -0.018203055578026 -0.0265563281720712
0.102279572786999 0.112668671663678 -0.0235132230362935 0.00612396831634515
0.0454863500329429 0.120705712558766 -0.0375088113185793 0.0272194043774674
-0.00876177471612133 0.144159943948851 -0.0786958763022883 0.0149033970592114
-0.128899534928394 0.119548601320517 -0.0986771475656001 -0.025262663321991
-0.203506516135863 0.0164135076088097 -0.0636258205232903 -0.0792486888458992
-0.157248639650276 -0.134815609850753 -0.0336537181306972 -0.0900100324673523
-0.0616297046271085 -0.24475937678523 -0.0452685297905796 -0.0170217499066029
0.015760010849353 -0.238544650450805 0.034945625984988 0.127096114826473
-0.0534738635020409 -0.243832890981592 -0.0608813274971501 0.194134932814782
-0.202064793414822 -0.160803865552229 0.0337047730205619 0.245237512753914
-0.23443619653663 0.00119563237755716 0.144554194837023 0.167869509253312
-0.126655159705595 0.145131470735154 0.162377874568239 0.0173580184625855
-0.0115415986476053 0.150879207367548 0.082563957913296 -0.0305339161242421
0.0532404531220879 0.135783775887024 0.0368749401790788 -0.0195718452250911
0.0921497518848603 0.113789597613739 0.017458128847812 0.0130253579821967
0.102021255088738 0.114220172958611 0.00961019862713445 0.0461720868117704
0.0494236694067935 0.12209655996119 -0.0144595730913587 0.0687799703616591
-0.00641392897127416 0.143117952265651 -0.0687870180396562 0.0554799544854323
-0.126489045782277 0.111830635937205 -0.0992557147431816 0.00647725209953337
-0.193810874271841 0.00410842246572113 -0.0693323272786437 -0.0569051649569631
-0.133949408898712 -0.137990268267441 -0.0196212371228255 -0.0655225936310362
-0.0307771383009927 -0.224325583956585 -0.0312747849553678 0.0477818288940633
0.0404285625080688 -0.170445243571413 0.0221899932253315 0.190901491357426
-0.00673659992825466 -0.199492299014272 -0.0665961005408065 0.216463832159528
-0.139286310970499 -0.154954929781587 -0.00547038413412531 0.234577764464032
-0.190855899473521 -0.0252646208060194 0.0909535032552928 0.181613006755028
-0.11517485977515 0.109584778573774 0.124747617120138 0.0658601961586342
-0.015399382257731 0.125648059677206 0.0781198489012817 0.0262466933137632
0.0412128839940497 0.115513410271248 0.0584595262161177 0.0300066182219961
0.0760100458044371 0.0994376741411652 0.0492143934205564 0.0493802261705319
0.0859877719953914 0.0996603904969433 0.0397722792277795 0.0826342612793066
0.0427904321122226 0.109475598086712 0.0043032500171017 0.106126014305296
-0.00913579034656722 0.1254556632296 -0.0631407088299322 0.0909220281004267
-0.117112004975964 0.0877195848177029 -0.100616542343187 0.030323110824003
-0.165359066150143 -0.0165338292820022 -0.0748654009196928 -0.0413352623905675
-0.0919833280237455 -0.133306498436009 -0.00697052216956213 -0.0437392846878563
0.00985651176247712 -0.178995015425591 -0.0242123973751373 0.102476029743142
0.0535981412058451 -0.07238125679135 0.0148297160622082 0.222488560327099
0.0304554531244013 -0.116405519675634 -0.0567374902619859 0.217451605115752
-0.0660007819009373 -0.109222379962307 -0.0269974260683909 0.20609769810557
-0.116392301513812 -0.0332417195634925 0.0511144727420145 0.174029896436415
-0.0788750426808321 0.0628800376211191 0.0911883733276398 0.0953934717323805
-0.0122884862953019 0.0815293083591923 0.0723490473693218 0.0656852434763338
0.0245407070950178 0.0762493557021382 0.0735877297514832 0.0668055015959677
0.0480824528175033 0.0696901191257741 0.0740705812332637 0.0772166955178477
0.0578523917691877 0.0723662383263346 0.0626994593373548 0.113128966028839
0.0284182765129061 0.0845032803473046 0.0147536444510065 0.137599246739195
-0.0147083487557879 0.0937778253166152 -0.0668956942379942 0.119375764564101
-0.0961513058529428 0.0523039620846684 -0.109164622684736 0.0444813821204774
-0.118133924540779 -0.0352974623985539 -0.0830982124555473 -0.0345097316845813
-0.0394498275853575 -0.113754408228651 0.000472068555978375 -0.026358566468104
0.0494742512946825 -0.110363501118689 -0.0265566075927609 0.144725969367133
-0.0581380270123483 0.0222502996042505 0.0191513108540768 -0.186751055570446
-0.00272145337330208 0.0684537846544424 -0.0262674184803373 -0.00722674118179858
0.04962375070636 0.0484013096147758 0.0933536143245613 0.0529691430670804
0.0549445734380958 -0.0150924343081461 0.145597789577611 -0.0413292918288491
0.0121767132634428 -0.0434730093983246 0.103094340736614 -0.14460777212218
-0.00669219773725076 -0.0284188897289981 0.00545908741823361 -0.185900170614099
-0.00711700625352989 -0.0285813069991279 -0.0755973779041574 -0.149828884929041
-0.00695390889357904 -0.0295212437487638 -0.0989522533095074 -0.101852707023272
8.51393790696348E-05 -0.0255699707923285 -0.0875616314854591 -0.0906723415608547
0.0120154111436943 -0.0154061439420079 -0.0795240537296697 -0.0962665036587597
0.0276822347533733 0.00120373882406889 -0.0759647024454478 -0.111923263617575
0.0284729584439103 0.0359107328411603 -0.0400248499778107 -0.147990686166272
-0.0188030246736751 0.0617068704748386 0.0230435909262137 -0.173892289470535
-0.0669782209580716 0.0254565374312753 0.0186990396641223 -0.186455458054199
-0.0760729751440681 -0.0227800354493301 -0.0387559629776721 -0.221069444659117
-0.0772979397460935 -0.0759916594196345 0.0353955989426826 -0.16685093632442
-0.0617038926543214 -0.000375683551767667 -0.0242823158044846 0.0123753978708705
-0.0371565339687927 0.0346597128561016 0.112600529054832 0.0843288095988529
-0.00859063879708617 0.0256239293092105 0.17973980791877 -0.0230601598411416
0.00151191247706303 0.0188449676027064 0.131919107317482 -0.154600230717379
0.00848981854647979 0.0213830267994628 0.0193232260452737 -0.196264839046204
0.0243687789447926 0.0199434342579451 -0.0684657702573885 -0.159130250520755
0.0317803926670551 0.0156328719812984 -0.0985630974545542 -0.103799722033829
0.0313285981934655 0.0244350286451373 -0.0884097189111336 -0.0867823623744203
0.0106615966950117 0.0365264248954521 -0.0798207409277181 -0.0850203391654112
-0.00467268779912362 0.0496036222759864 -0.0807316765874736 -0.0974269256962691
-0.0436565769746926 0.0496555429633194 -0.0565466167475768 -0.128692367274476
-0.0912993241550588 0.024567885636291 -0.000207850038257779 -0.157097903522288
-0.098200950017388 -0.0521703176099043 -0.0107951033032842 -0.172895319008331
-0.0790253292107504 -0.122244120596403 -0.0516596988675749 -0.200512119499992
-0.0760733074750054 -0.169370421982796 0.0479536135075321 -0.118121425212641
-0.105204647086745 -0.0885217385540818 -0.0267467634547028 0.0511719628606822
-0.129601186424408 -0.00122715368699715 0.123358218456605 0.133003829467489
-0.0917737083429715 0.056729375808149 0.210536470151353 0.0155698198536718
-0.026360503162909 0.0857498057395282 0.164731163092194 -0.14353154438742
0.0160643771908779 0.0760874050880231 0.0403197596995683 -0.186957562504915
0.0495726760631139 0.0691277427688861 -0.0492227130886762 -0.149584930200363
0.0659553524898023 0.0574137172054797 -0.0825687638234113 -0.0894863345612779
0.0642586861737685 0.067244029109574 -0.0780492333282488 -0.066015586898036
0.0200293637509747 0.0792367981797013 -0.0752391232305741 -0.0557095841510292
-0.0176940478874177 0.0958341420611662 -0.0888833354508852 -0.0667304155176204
-0.0951945010537777 0.0796486426985146 -0.0802104225960655 -0.100135294580545
-0.154039657723453 0.0141670366004102 -0.02985829011197 -0.13624933197888
-0.134613106226088 -0.102517459228938 -0.0345034699951214 -0.148217480061402
-0.0834756790089798 -0.197767708644369 -0.0615306935711784 -0.152308485925865
-0.0568740016388882 -0.239335300119349 0.0536145576171652 -0.0438745472476247
-0.122486144485748 -0.17799071878218 -0.03490422906232 0.103904919533453
-0.205732366212435 -0.0579567362837662 0.115827709587097 0.189376865470546
-0.176769410050188 0.0643637894631018 0.220493882207174 0.0717139504055163
-0.0670827545233357 0.14030539101937 0.188868265090378 -0.106927464492222
0.0130520235012387 0.12456701478101 0.0631781703100199 -0.152326912360475
0.0631738627263194 0.111121596514262 -0.0207379544555981 -0.11910684149996
0.09106510481943 0.0913471429136645 -0.0544057813329554 -0.0620587831814589
0.0930011245485784 0.0967586793721297 -0.0559913233810426 -0.0325725633780628
0.0361701567732303 0.109461801507236 -0.0608981818867186 -0.014899991929009
-0.0137306263538193 0.131023374466919 -0.0899210207375521 -0.0256640720837162
-0.122080039320683 0.110681202783904 -0.0972570705908055 -0.0631419365479107
-0.195152394475746 0.0200147512405231 -0.0542932047200332 -0.109930134153709
-0.160923412634394 -0.127046044995328 -0.0431789669608064 -0.120674798880768
-0.0835029418239783 -0.241967555735406 -0.0594413432913463 -0.0873813257320362
-0.0225302757801842 -0.267023972532215 0.0488668467021346 0.0453853900431625
-0.103361529117544 -0.240047795369961 -0.0479227543731097 0.157100105146508
-0.235768436195648 -0.121102752273549 0.0834288146322881 0.234602358945474
-0.235473596414753 0.0420972687227359 0.199813902290884 0.131289285594867
-0.106895355431834 0.16456297561135 0.19140208360817 -0.0480445975096415
0.00197175407763114 0.153868990575573 0.0800135941164125 -0.0970003687419642
0.0647593486764199 0.136995558821161 0.00992637223906801 -0.0728476055407405
0.102283797969831 0.111316558579765 -0.0192938883427973 -0.0258640502342805
0.108597056135596 0.111777168997865 -0.0243602913080377 0.00713910426617242
0.049616974380204 0.123511753848412 -0.0385729496896016 0.0285516452164218
-0.00649449835863571 0.14790989576013 -0.0816503341457499 0.0184487094832202
-0.129804569877557 0.125809136634026 -0.102980774232459 -0.0243826839499974
-0.209454212026096 0.0212086249747499 -0.0676682142900839 -0.0821333423477961
-0.164796938798167 -0.135825390674497 -0.0366466877022617 -0.0919345856031837
-0.0694316264126696 -0.250928282114153 -0.0465671806074722 -0.0173650418737486
0.0114079405839067 -0.245003104233842 0.0354164853729718 0.130912440348454
-0.0581062568134674 -0.249947996047784 -0.0607769633196572 0.200874645815359
-0.210039764052787 -0.161194480638393 0.0380014686125751 0.253046515921786
-0.242316099998025 0.00541800728672616 0.151837013288694 0.172853931862674
-0.127027866399886 0.151916658128557 0.167779944124799 0.0147571167631977
-0.00804428079351364 0.155201419666362 0.0844803968393005 -0.032397408474545
0.0578952335754313 0.139289620616723 0.0382178191795816 -0.0200185467050769
0.098923833031797 0.114356454685731 0.0181749507296734 0.01270611904148
0.107506782279957 0.113096513282593 0.0104815882756821 0.0469224537560111
0.0533623603397293 0.124295237693807 -0.0131704043157123 0.071416667137058
-0.00361257072010055 0.146293006452837 -0.0706952197695361 0.0591997808843373
-0.128050919158272 0.118300076054902 -0.102984240034869 0.00834581879396419
-0.198911948005847 0.0086297725718594 -0.0739437727736848 -0.0593002810145171
-0.141046239062344 -0.138841489105697 -0.0216267072530464 -0.0667868011626001
-0.0368905070780952 -0.231438570962797 -0.0315268253618457 0.048693860615458
0.0377915339411096 -0.175407297982428 0.0231391457382719 0.19718338340674
-0.00989488187815872 -0.205148025615669 -0.0670481886995907 0.223346597554468
-0.145519007036063 -0.15533919309443 -0.00303294160409902 0.241900670095805
-0.19715051909968 -0.0225783610224647 0.0965358692586979 0.186885229396483
-0.115579062348863 0.114729985740376 0.130047765714923 0.0653616898916596
-0.0119159461860615 0.128872444873099 0.0810665237974174 0.0259048007311871
0.045297438149013 0.117971035601037 0.0609175860654001 0.0288259227538344
0.0811248242184089 0.0997577350086445 0.0518005357460275 0.0492049764613446
0.090384152990596 0.0992132942097046 0.0422950641152622 0.0834602663312169
0.046364446883238 0.111466766798632 0.007262541201757 0.108996861180017
-0.00634319441127215 0.128554018800791 -0.0635100419192838 0.0950846216945012
-0.118555317142526 0.0924380343025891 -0.104639499651915 0.0334944081106521
-0.169632187442111 -0.0126856621780263 -0.0797393226694105 -0.043201376075682
-0.0970105393866341 -0.134643412797407 -0.00853857575192452 -0.0456311541472227
0.0054799286430313 -0.18501392452342 -0.0219840234858943 0.105756980275372
0.0532255921046679 -0.0757139653039487 0.0157639834919573 0.228957893520027
0.0290832714682678 -0.121421395248126 -0.0577224490853724 0.224200965612251
-0.0693468397542077 -0.109801878602222 -0.026266032601779 0.212792562632381
-0.120566696745423 -0.0312773398971818 0.0556095349127339 0.179873359372357
-0.0792079538297806 0.0656607168621264 0.0958502609893971 0.0967416953276396
-0.00951903142880191 0.0836893232024414 0.0762991321860347 0.0660622466677554
0.0275073994094228 0.0772550996795221 0.0773049214221282 0.0659655609464641
0.0516661921355767 0.0693667576321126 0.0772003702632922 0.0758826466748761
0.0606882453765474 0.0713100915447544 0.0666031421581116 0.113768385075485
0.0311537765723005 0.0856098591739384 0.0191122124075695 0.141296179452985
-0.0122563767570142 0.0961815303173842 -0.0663190511045753 0.124997058098333
-0.0986821785946202 0.0555662866433369 -0.113156884260733 0.0475915458692938
-0.121405338027686 -0.033383106535138 -0.0872852938682194 -0.0356320779670465
-0.0417431778373511 -0.115628847467886 -0.00148359221460411 -0.027996530512896
0.0480391008946318 -0.114268602384098 -0.0235582615001658 0.149539271783819
-0.059723008527896 0.0239913392164331 0.012999625477084 -0.193059420406091
-0.00143594865156304 0.0698407694650136 -0.0275090424053892 -0.00424610435079719
0.0520904286167097 0.046440023316584 0.0989494224049911 0.0548185915614292
0.0553919137918995 -0.0170566440595724 0.150888791682337 -0.047409082756958
0.0104924557347226 -0.0443645495818832 0.101572010999427 -0.154466446527937
-0.00807032544385951 -0.02894215525875 -0.00157370911466054 -0.193337643444453
-0.00800334405684563 -0.0297314483063334 -0.083608424653776 -0.15135376968642
-0.00827687474380884 -0.0305335494777115 -0.105112832614445 -0.0995066449469663
-0.000646028994890311 -0.0260124763446107 -0.0957558199605091 -0.0892020155461448
0.0117025985752102 -0.015775895772936 -0.0871087611380307 -0.096399738384708
0.0285131926518993 0.000757972565935234 -0.083395815570177 -0.112420960109458
0.0297530335430055 0.0358216951422262 -0.0461824217173765 -0.151548161443405
-0.0170599382368234 0.0639422166376245 0.0194136220008726 -0.182483132376909
-0.0681935834878222 0.0287304705130157 0.0159674495964374 -0.193660266308368
-0.0787433666710928 -0.0207084554374901 -0.0450384989236729 -0.229259676986458
-0.0820080200892566 -0.0770612651582124 0.0307601652880342 -0.172447406094543
-0.0638290316268824 0.000786695729120684 -0.025418012229059 0.0159632326345092
-0.03733196302119 0.0363096798568424 0.120086669978217 0.0860181033521975
-0.00943327505721072 0.0267868263347936 0.186160647050705 -0.0290248063820714
0.00132634730308924 0.0199837874631703 0.130519731751863 -0.165531622114809
0.00887719813245482 0.0220471049879529 0.0124904054766061 -0.204903837826101
0.0264216590689603 0.019763818683146 -0.0764781518406914 -0.161035384987421
0.0332151124698608 0.0144428905955047 -0.104653547220586 -0.10105155286356
0.0338406600595099 0.0233960544762251 -0.0966285119069654 -0.0855106196860694
0.012572604476684 0.0378904316106534 -0.0870077207258774 -0.0845102268558869
-0.00233560220216173 0.0520703711228244 -0.0884145906905264 -0.0977286212257987
-0.0445198878375686 0.052564795376596 -0.063160642785563 -0.131380925687225
-0.0936492390175657 0.0285635281164546 -0.00492735230638356 -0.16414046200528
-0.103391470899134 -0.0505098287345204 -0.0142218672031739 -0.17800281045809
-0.0852375717437794 -0.123896370144269 -0.0593463786107071 -0.206001328601731
-0.0850125066598929 -0.173217450577129 0.0453189746137457 -0.121869095708321
-0.112716490224667 -0.088935516031479 -0.0255342324786316 0.0550567286413561
-0.134057211862996 0.00268488133002833 0.132056031135047 0.135801546902784
-0.0941609307205368 0.0617927533407115 0.219334546101557 0.0111912795503502
-0.0241591748495096 0.0903815563559103 0.165203588192183 -0.155214094562442
0.0190124732612135 0.0785360106787905 0.0349795158271024 -0.194859174303878
0.0540217368546819 0.0700698404291326 -0.0559880921905731 -0.15153222883252
0.0709999257947851 0.056264257925664 -0.0885655770242483 -0.0872836509584293
0.0693867525528417 0.0658475308593174 -0.0843636835100711 -0.0641903508800167
0.023905045264256 0.0820980027492806 -0.0815211681923864 -0.0535315557343707
-0.0144053580784884 0.100317765519338 -0.09550776121352 -0.0653459941425615
-0.0963440254948055 0.0857264009361424 -0.0876568131891655 -0.100950288841099
-0.15902520106587 0.0209438283817333 -0.0350888733627888 -0.142098888449053
-0.143193520282926 -0.102163462205761 -0.0389356001279084 -0.152137630623863
-0.0938183974957245 -0.201785040519418 -0.0680582663961044 -0.156291992417101
-0.0667742011802757 -0.245848405495735 0.0533618231429702 -0.0446776369641678
-0.132174704149627 -0.180667687609506 -0.0324832122794024 0.109227222568632
-0.214131278352812 -0.0530667445587941 0.125406539888798 0.193545769271482
-0.182377238302277 0.0727534801047343 0.23138125965005 0.0689997641257371
-0.0633894030015422 0.147847640568273 0.191079476042563 -0.118468766353929
0.0178428509006441 0.12868554253214 0.0602299726332019 -0.160019525817085
0.0699052753740548 0.113131483100308 -0.0263341397253756 -0.121671265472862
0.0984825813424387 0.0899931854088161 -0.0588341472855214 -0.060177461226002
0.0996852864409654 0.0950570689376121 -0.0600215358028343 -0.0303029820109507
0.0415806714610595 0.112583814542685 -0.0652572474178691 -0.0124582440985301
-0.00969849741039691 0.135575794877689 -0.095449153457228 -0.0224517397804795
-0.122845847608123 0.119999643437364 -0.103952693562868 -0.0612694665768851
-0.201380744874425 0.0282594396740421 -0.0606525054092706 -0.113379639347499
-0.171864571842774 -0.126099102269224 -0.0481662951273263 -0.122636499635086
-0.0961833086313552 -0.246768903035317 -0.0631614203506119 -0.0883529963909147
-0.0337445791447362 -0.275716360869597 0.0510003674039885 0.0479058750237272
-0.114693157954516 -0.246200242007986 -0.0454155271249151 0.165868413304823
-0.247161392431268 -0.117503389081327 0.0935430002662455 0.240701454281413
-0.24391766273663 0.0520539889717907 0.21101451415599 0.132136624658093
-0.104044745672203 0.175574758023766 0.195682541231187 -0.05809778691598
0.0079549979820217 0.159533285201524 0.0795269936663808 -0.102887126468374
0.0735512046378911 0.140005718918169 0.00803316697234716 -0.0758754828190118
0.111396364344986 0.109821063029693 -0.0212609292775071 -0.0240894950471634
0.116558249148045 0.10982177471591 -0.0258165995041234 0.00942400678631439
0.0556786403698959 0.126607709667676 -0.0394477209190985 0.0319212672854667
-0.000850062740723128 0.152691944035083 -0.0857588150034321 0.023234763788536
-0.131492354025026 0.135681582238759 -0.108624244318061 -0.0216273163058179
-0.215627718513514 0.0309309244182842 -0.0749736633526668 -0.0847141354681707
-0.175767524684127 -0.135206417918634 -0.0409546747534076 -0.0939565858813794
-0.0816490598495548 -0.258092699961899 -0.0483227938142435 -0.0156798827331178
0.00241563966152149 -0.252841147460184 0.0401894522049419 0.137428513578782
-0.0687580183663923 -0.257601849083025 -0.0585879460907354 0.211268469612311
-0.221075009472725 -0.158433144999584 0.0455964779233331 0.260016866298464
-0.251132323076318 0.014250721539516 0.163178913025069 0.175524311521959
-0.124940882889574 0.162627741504678 0.17377288852028 0.00862256287604524
-0.00215659185928646 0.160637577722051 0.086925476958897 -0.035797429067962
0.0656628346793397 0.141700577835087 0.0388781981570141 -0.0216979485050806
0.106937235565661 0.113313145492363 0.0184318389059054 0.0144060391290825
0.116051132978625 0.111430254070509 0.0123963728106863 0.0480647288486946
0.0598539365052942 0.126731576813769 -0.0116199448945897 0.0747654715814341
0.00217293835970323 0.150201237083184 -0.0730064557083595 0.0651861820272966
-0.129502692848615 0.127994803531928 -0.107156746811309 0.0125196168741071
-0.205449206791063 0.0172718027585923 -0.0811530288115976 -0.0609486313718956
-0.150840742519601 -0.139098173726655 -0.0257930371351633 -0.0685016638259768
-0.0475878246823353 -0.238289507578028 -0.0303878538454666 0.0517475078739076
0.0320594088317372 -0.182062219706286 0.0282983371180534 0.205113380805449
-0.0162474928376986 -0.21348432553153 -0.0644086195870671 0.234744868985987
-0.155056247008546 -0.15536673491415 0.00360475687866434 0.250627038033419
-0.206036312492705 -0.0158996057411595 0.106568954847802 0.192385687330322
-0.114585752128891 0.123415118549834 0.137027841956196 0.0622353101733125
-0.00715060351181607 0.132417290380753 0.0852524577807208 0.0241263813889706
0.0514768438138537 0.119938369038178 0.0650282897093009 0.0279942359712126
0.0883391576864866 0.0986131451103811 0.0538867142930751 0.0482540096686122
0.09857191049675 0.0970051707416329 0.0462045373723187 0.0841184885262817
0.0524978181657005 0.113049750894646 0.0112690983627293 0.112212227719318
-0.00159107967584253 0.132755903426103 -0.063118719841844 0.101903765404187
-0.119979540272402 0.100526933655965 -0.108734090097177 0.0378104582396467
-0.175836341737989 -0.00607494320822491 -0.0853214016273536 -0.0430624194074806
-0.104874058374048 -0.13549045062154 -0.0108768875876551 -0.0465468073357762
-0.00200510342468868 -0.191571269640537 -0.0189875326058979 0.110211366203086
0.052395851015448 -0.0783133917930454 0.0233409898566299 0.23701788881624
0.0262854106897029 -0.126471333987084 -0.0543567853536114 0.234525517875243
-0.0751702170335739 -0.110630552296015 -0.0203409548473888 0.221085828950484
-0.126205053219045 -0.0285229166433008 0.0641481879811345 0.185326614675065
-0.0781192436465964 0.0711854943607318 0.103374960747455 0.0963741655472843
-0.00595407739149225 0.0855150571775641 0.0825759631551683 0.0666703988536758
0.0316263382115892 0.0781404177015356 0.0823944416624425 0.0646823018145928
0.0568688223221057 0.0687283540801899 0.0811632376678535 0.0744525929120889
0.0653224939305047 0.0707250491572652 0.0727076761164201 0.11311220098869
0.0359489623463001 0.0867347353166607 0.0244755218655555 0.143989749134432
-0.00865119882802796 0.0995186278224282 -0.0642737091444804 0.131093946590588
-0.099783854899787 0.0619314496380913 -0.116461487147138 0.0530067244178425
-0.125910611202475 -0.0296893321078858 -0.0934256560963689 -0.0347772690525705
-0.0478116396109676 -0.117073253363825 -0.00261098452408004 -0.0293441678931036
0.0449874430566195 -0.120007871886837 -0.0181608124656279 0.154503828829698
-0.0590195368923558 0.0266044863425075 0.00309222087593069 -0.197801282094918
0.00263326975726138 0.0705408078716935 -0.0280994918161634 -0.00146574283044677
0.0549786121994587 0.0445884891032772 0.105558913392775 0.0527420574228546
0.0552635070133115 -0.0207293169369165 0.152518759000208 -0.0553943163489776
0.00717666940176298 -0.045051680314613 0.0963266534050021 -0.163823537420098
-0.0103486283514919 -0.0294925061503323 -0.0127558066196949 -0.198224159125701
-0.00913113905610796 -0.0301281523648546 -0.0928563348528303 -0.149670403752402
-0.0106312906423171 -0.0299645733360199 -0.112022085044226 -0.0953890712722468
-0.0025789276219015 -0.0268803051431211 -0.103422645502869 -0.0848758889357518
0.0121184662112199 -0.017183978963828 -0.0957475399336534 -0.0936265315735132
0.0294930439270989 -0.000211240042315854 -0.0920752332234455 -0.111031148442803
0.0318843555292237 0.0351922946023039 -0.0541893361088585 -0.152416849595505
-0.0144098763325181 0.0661603596601983 0.0120376953492657 -0.188605237431536
-0.0677169802387214 0.0321072787496456 0.00972538309312876 -0.198567166480674
-0.0807957501447303 -0.0167422261970265 -0.0555462002938509 -0.232965256983986
-0.088477964613097 -0.0754998093569985 0.0231919895255466 -0.176796606799405
-0.0655128981190021 0.00298652338045132 -0.0246106240054061 0.0191362055912998
-0.0371330516575818 0.0383653946720003 0.128218932781054 0.083781694918555
-0.00872326135214728 0.0281507837230018 0.189649664405597 -0.0383067605585958
0.0018402747987561 0.021273721379513 0.125007750826152 -0.176786061653939
0.0105695421209428 0.0223934063901407 0.00103000710880217 -0.211249132425211
0.028323985737789 0.0189413060343393 -0.086998397193685 -0.159760653182461
0.0349987544854143 0.0126716713608663 -0.110917321948133 -0.0956899871914013
0.0356429330438221 0.0220704113774336 -0.104139447083404 -0.080984811005489
0.0152052103005656 0.038875522051366 -0.0954484986835434 -0.0811847154997032
0.000138591321565421 0.0540008123027728 -0.0958404635066162 -0.0948756228703439
-0.0439454962306024 0.0568060469129082 -0.0718528000454618 -0.13133447222721
-0.0941759410976865 0.0337122685047201 -0.011850389622788 -0.169998441433897
-0.108077131478224 -0.0474061629731933 -0.0209388141482942 -0.181318850882585
-0.0936459093872531 -0.122084388302461 -0.0691595159680356 -0.208706095151351
-0.0956576378644793 -0.173059933009099 0.0407177843146223 -0.124997347428459
-0.119378776698946 -0.0865138828391327 -0.0237545648459758 0.0592506549579546
-0.136696625677245 0.00960582688510363 0.142575019286503 0.133191560063468
-0.0947138035868312 0.0690178144741006 0.225794137874816 0.00155155477547745
-0.020543753658745 0.0936489650951808 0.160240644603668 -0.168017822965813
0.0232481073993496 0.0796811394071825 0.0250517525293142 -0.201817365821644
0.0593972014385155 0.0693018458821262 -0.0655253385373619 -0.151099316124911
0.075857458266912 0.0531766003644335 -0.0939831191699877 -0.0828130928423828
0.0748020556469873 0.0622214110553668 -0.0911773593326103 -0.0592602055301573
0.028974374738176 0.0840721013595641 -0.0876161937207341 -0.0496911727528389
-0.00891919937346054 0.103468410601175 -0.102770810230652 -0.0616347526084968
-0.095843835012218 0.0936212501694269 -0.094657012323408 -0.0985886913328615
-0.161820354989928 0.0297863781726597 -0.0437034728155306 -0.145495701447752
-0.151156972874611 -0.0978249947459507 -0.045408683750607 -0.153935210320271
-0.106843555834087 -0.201581399372168 -0.0755663243812098 -0.156336251963378
-0.081521282053849 -0.247313926884183 0.0521968558559694 -0.045839761859204
-0.144127840798063 -0.17888905819652 -0.0288503840063243 0.114935933605492
-0.220984170924284 -0.0438722950582751 0.13720535927491 0.19258746592036
-0.18508286037687 0.0838195605689555 0.2413331245057 0.0609495750373286
-0.0566481114108398 0.156136814205997 0.189321980489101 -0.130888307319077
0.0247687437697564 0.131533427939025 0.0532468723080306 -0.167291609098193
0.0779368103034763 0.112551034524189 -0.0332188333899464 -0.122353003013036
0.105679777553208 0.0855432250621679 -0.0621575005099778 -0.056872073095925
0.107463701338497 0.0902860554108486 -0.0638493652421534 -0.0259695035655548
0.0481755536071783 0.113502923696917 -0.0681099695110796 -0.00857446202813056
-0.00253597396489874 0.139580874384457 -0.100335762485775 -0.0160338409270685
-0.120612326344862 0.129768375550923 -0.111126324031095 -0.0576197015071966
-0.204801025414859 0.0401417021842942 -0.0689268069230783 -0.114823757868764
-0.183127170739971 -0.120735751613283 -0.0535364280969547 -0.123327841025567
-0.112227204383883 -0.247611937256591 -0.0684562399946648 -0.0874729831120893
-0.0487004160801028 -0.279689583988338 0.0538948373380811 0.0489406664680488
-0.129057637400917 -0.246975681066295 -0.0394636639698932 0.173580615766415
-0.256704482987526 -0.107397825566825 0.105827999163185 0.24276889135076
-0.248950764566645 0.0654637626796293 0.223567100153449 0.126489934125745
-0.0961818332009084 0.184621298440728 0.196305230664947 -0.0693811189956637
0.0172136948091466 0.162744719743749 0.0758766474552313 -0.108650478431786
0.0830660695898421 0.139186941147036 0.00446398455614876 -0.0774958597010023
0.120549010137762 0.105082811587614 -0.0227291732234311 -0.022550243215987
0.125988370617463 0.104300966164171 -0.0263332899957719 0.0120227917863566
0.0640171757369005 0.126876804958115 -0.0393780218655752 0.0356683241644185
0.00711912926908298 0.155887993641797 -0.0874227172688826 0.0300762846406896
-0.127364173745748 0.146470816152605 -0.113722075038092 -0.0158662442219376
-0.218443150417756 0.043707857057977 -0.0823202782839309 -0.0847350134488225
-0.186743078606726 -0.129496963098398 -0.0460312289184576 -0.0940024245635774
-0.0982890841696598 -0.260259773663389 -0.0494562006534859 -0.0142236202846002
-0.00983361770689801 -0.258806566975198 0.0461214940932159 0.141386360920694
-0.0823293653366056 -0.262500711342375 -0.0517293907965286 0.219790599016371
-0.233320713312472 -0.151043763270076 0.0582744225426148 0.266180836501785
-0.257797640349174 0.0274857378289504 0.175258257329991 0.174069854169311
-0.118150078684627 0.173098011406423 0.177118670405053 -0.000163258043033923
0.00638547348234266 0.164146745292061 0.0883225050609462 -0.041207133034461
0.0765002142550491 0.141711371436508 0.0393811061182628 -0.0246175707049626
0.116200353145225 0.108435156411204 0.0195412682602409 0.0136017943123446
0.125281114377412 0.104936895532513 0.0140199840084984 0.049238226244725
0.0680029901333694 0.126939726184433 -0.00821548329771656 0.0771947015648143
0.0111213700567766 0.152918909416553 -0.071846311472654 0.0718589356449715
-0.126116201897647 0.138250529692023 -0.111158494903981 0.018686822032103
-0.209034628860696 0.0303529596546368 -0.0876817800825737 -0.0589570093781396
-0.161582287418651 -0.134119482834601 -0.0291231102258893 -0.0693621411919391
-0.0623091032177221 -0.24123207361657 -0.0281674822783124 0.0539157008765191
0.0236745886875422 -0.187344476169762 0.037418510504701 0.211001659879373
-0.026984826899947 -0.218043338485545 -0.0560548376424982 0.243953668814208
-0.165249228822827 -0.151128103036213 0.01385621132847 0.257364509703692
-0.212487044620731 -0.00667171317408959 0.118388514401263 0.193139459780882
-0.10999862654376 0.13215261045672 0.142627476830393 0.0570627503993559
0.000198755335074652 0.135831637219172 0.0901077569694017 0.0218641385861415
0.060106989057371 0.11990878195286 0.0678734380522168 0.0246134790171802
0.0962784771730338 0.0949754138376045 0.0572281662124251 0.0460644169174666
0.105961586808656 0.0918898686624787 0.0515866335327556 0.0829862062037244
0.0601318825758701 0.112966472993609 0.0181642525533641 0.114357877443849
0.00528180515341177 0.134684300426364 -0.0596524916864487 0.108546811702726
-0.117730552952655 0.109993196268162 -0.110747024466471 0.0441502672229649
-0.179472140562734 0.00415799187350535 -0.0909997812354809 -0.0407563192053835
-0.114701656211686 -0.132831259236912 -0.0138642205797233 -0.0476871983014008
-0.0133839842924517 -0.195495563071294 -0.0134516885589235 0.113651117569567
0.0493708257859523 -0.0828690825489667 0.0328343120417945 0.244284134668524
0.0216604219252323 -0.132073837230931 -0.0467861268999397 0.243341284675255
-0.0817228430476598 -0.108916465111312 -0.0121832502656204 0.227609607216035
-0.130495057659296 -0.022750501735291 0.075504618310716 0.187954327387613
-0.0754316955361818 0.076584615870538 0.110976780728686 0.093438456897166
-0.0009709148086341 0.0864292128465605 0.0884680056323628 0.0649724936192133
0.0365008810770381 0.0778983235480992 0.0881831581185083 0.0617801239529643
0.06167582916476 0.0660425854371627 0.086908411251911 0.0712901858585686
0.0709958421558914 0.066918573422823 0.0802192200460604 0.110429318772916
0.0421924014681469 0.0865908078985893 0.0333261923321358 0.14518560376305
-0.00376655257390868 0.101536373018532 -0.0596742762007237 0.138255201969147
-0.0991590260147199 0.0692646771046084 -0.117978728288195 0.059624667610499
-0.129829365410168 -0.022989919260272 -0.0988350452014526 -0.0311541529662601
-0.0539420446137296 -0.116611367138306 -0.00449234162739014 -0.0301875728810879
0.0390069435799185 -0.12480661908898 -0.0104618461612869 0.159067999836131
-0.0561937353378526 0.0321713225898146 -0.026351233419827 -0.19605019395993
0.0133579179960377 0.0684829328199587 -0.0301495388802 0.00295049195958652
0.0627586302631417 0.0333781156822129 0.110512782038122 0.0387779409284325
0.052702132533626 -0.0320808803263236 0.142504676144839 -0.0746439929806869
0.000260079990825161 -0.0488067895096796 0.0710176779738388 -0.177322915378805
-0.0177279997995361 -0.0309602492783509 -0.0441515325386917 -0.19309719187759
-0.0176332665903597 -0.029658376402676 -0.113603797077631 -0.1319906779033
-0.0176896019140811 -0.0274664792999263 -0.122087051287153 -0.0760764332603266
-0.00856494850946278 -0.0254900732288432 -0.115004052598969 -0.0686978317119935
0.00784551101473268 -0.0171354799515561 -0.109614862422223 -0.079722836590731
0.027656223732726 -0.00439426054938155 -0.107301153525541 -0.097912227224714
0.0353793859675773 0.0311010708571778 -0.0733922722127011 -0.146240938733588
-0.00746115253259123 0.0684537242342978 -0.00962018401520665 -0.192718097450429
-0.0634612313527368 0.043649060970122 -0.0116960790700903 -0.199828705912713
-0.0839552035928063 -0.0048314765143663 -0.0803189142335081 -0.222877423065861
-0.102453370764182 -0.062413938374127 0.000713260666131113 -0.177978854943824
-0.0653010707014528 0.0142024312443678 -0.0202524301239112 0.0211594561123888
-0.028059036197359 0.0435671039904554 0.138782238657242 0.0612059312729122
-0.0017158512010869 0.0280614842974082 0.181643768421569 -0.0681270780160157
0.00561416824485541 0.0162269694223043 0.0939241145453181 -0.194889575159815
0.0106707738071757 0.0157769190984712 -0.0337651117877739 -0.207165349094432
0.0302376082298898 0.0127569354108581 -0.112152877384595 -0.144210778259048
0.0337635441638523 0.00711468536140891 -0.122846229119325 -0.0757986101354488
0.0373998952874268 0.0162978394407022 -0.116018425434473 -0.063818253598357
0.020835091313132 0.0379634752748938 -0.107890617211741 -0.0677931310289044
0.007902576424248 0.0545383510285731 -0.109569185957578 -0.0817801856085334
-0.0372646594786964 0.066223540767646 -0.085856509439332 -0.12323152369242
-0.090514775698466 0.0483477411170828 -0.0306006381535135 -0.169752781573673
-0.11518052110421 -0.0299256383970547 -0.042516856241885 -0.175932371781913
-0.111997814500769 -0.10790359786373 -0.0933421801297586 -0.195687150693019
-0.126837064096152 -0.156638916220487 0.0304349943918406 -0.126909817320856
-0.132960525672794 -0.0636244864465063 -0.00809938149193724 0.0596778180438132
-0.130358098808692 0.0328757117096585 0.164426945533438 0.103867674259875
-0.0777407109905985 0.0830922894076675 0.223519732319708 -0.0389702615110247
-0.00302343422864317 0.091424544291685 0.127697965805802 -0.193845318132845
0.0328252028498257 0.0700074730017279 -0.0105779612950449 -0.201776935093132
0.0706697736738536 0.0582429647208018 -0.0918947961484898 -0.140188348944527
0.0803499517650652 0.0401543613006884 -0.104413465714744 -0.0639953691859605
0.0833301480365839 0.0495989364667362 -0.100003586315185 -0.0444807126130763
0.041753762268383 0.0809832708789458 -0.0962636920433747 -0.0384058766831447
0.00759586502755185 0.104857432619161 -0.112210761080713 -0.0473628325992274
-0.0825962130392801 0.111594195366386 -0.104857704930742 -0.0889039358251533
-0.157352242964435 0.0553899493485348 -0.0584212215635646 -0.140786056535324
-0.165605312758595 -0.0727906956517678 -0.0647955886391505 -0.144309518084794
-0.136529710239995 -0.185816687939262 -0.0961830231449035 -0.1411631335912
-0.123860749361518 -0.231235719310776 0.0562499623000074 -0.0481762201865145
-0.173055360348341 -0.148621608669166 0.000172266265150269 0.115436871076917
-0.220566235385573 -0.00418942591785 0.172512766487791 0.160115898700133
-0.163428611789385 0.115505608204491 0.249956456497885 0.0135200232893286
-0.0274945897382666 0.157641277668605 0.159236860748598 -0.163829506582182
0.043822103802152 0.120731491845364 0.0216108643933045 -0.172778011269455
0.0977883941150317 0.0976825533270302 -0.0566157929407138 -0.118187454011692
0.11585819191058 0.0666632843647202 -0.07092677841672 -0.0433514137437648
0.120253934480877 0.0711437236170412 -0.0684235747213234 -0.0150321577683469
0.0668463193764465 0.107350843216974 -0.0720663949822675 0.000139810990697021
0.0197712528446372 0.138886108952764 -0.103982413422806 -0.00364656885811948
-0.101074393191917 0.151357857214009 -0.115127357527019 -0.0465848184822641
-0.19698427382022 0.0730163009085654 -0.0796078033732923 -0.10657601104194
-0.199748712829169 -0.0913038965363449 -0.0708621106187066 -0.110981951998214
-0.148122884285623 -0.231393371064391 -0.0818952028308889 -0.0722369416980616
-0.0962723555989139 -0.265921128917516 0.0723112322478792 0.0467144869421534
-0.169574364030511 -0.217120298974563 0.00116096447020831 0.177189391615051
-0.267874611704374 -0.0592019545039688 0.152422270544199 0.213940360297327
-0.229238232023627 0.109627038600118 0.245833579949055 0.0781282575560847
-0.0599944761723 0.193196334907658 0.175513931524612 -0.106757969070926
0.0422774206768005 0.153781726764251 0.0526561577229825 -0.1196033802684
0.108378743899899 0.124282048080726 -0.0132779907296276 -0.081114237227669
0.133366641895628 0.083575264977503 -0.0273137048469034 -0.015930082991646
0.142389668378529 0.0809667860937606 -0.0266327653732666 0.0168631236426072
0.0853096485086467 0.117298764395886 -0.0370713813143934 0.0395775846086601
0.0325720067671024 0.152937328878742 -0.0859666144584843 0.0402267749274874
-0.104285458815764 0.169594761501023 -0.114463883533239 -0.00483723644384193
-0.209863926362285 0.0792132354615971 -0.0888168916347789 -0.0741028888240084
-0.204850540001679 -0.0992894850516179 -0.0588215284353128 -0.0828285149277115
-0.135752079506246 -0.244882925316741 -0.0547231435817465 -0.0015601853414334
-0.0531795738362641 -0.250258096026699 0.0772762090957452 0.139220988463448
-0.125660125233192 -0.239256160990753 -0.00443967022668806 0.226913934270817
-0.251868626341779 -0.105891345645209 0.110294777884792 0.245652010255256
-0.245874613922021 0.0762141577843202 0.207955136283181 0.133463274269171
-0.0830083710688076 0.18769106711411 0.168737719661102 -0.0352926958959918
0.0339241845358688 0.157078236955827 0.0750075362772928 -0.0551537507360549
0.102602379200211 0.128384378697846 0.0303574115305405 -0.0349029822293466
0.131168987950412 0.0872973390396114 0.0185083524481886 0.012801789541728
0.142211605299472 0.0824178261589247 0.0193255556522624 0.0474201968551915
0.089330411537472 0.115729816200259 -3.4855420632752E-06 0.076927284596816
0.0350712976040213 0.150021121224249 -0.0643883081657743 0.0798845401097723
-0.102881115759043 0.160703982249628 -0.106584673445412 0.0299710948086962
-0.201790794308869 0.0634835135553251 -0.0919310994805006 -0.0469210027119214
-0.180725849695362 -0.107544154834938 -0.040287649247423 -0.0601765640367279
-0.0974360500510868 -0.231166239640413 -0.0254762088514355 0.0625366054793025
-0.00661500125206455 -0.185642129645903 0.0739270682279252 0.208808320985066
-0.0629452821157246 -0.206088729474933 -0.00868168162710682 0.253805141431926
-0.1854953447936 -0.117444244697526 0.0634487238704626 0.24752194134925
-0.207391834283366 0.034214623554242 0.15454031023996 0.164093471087086
-0.0811101032747442 0.146832924305593 0.145199629136443 0.0273702965459097
0.0245652998750228 0.131163750761162 0.088322239000892 0.00591918557020623
0.0827757243389819 0.108691012323599 0.0678074548865736 0.0101541691699006
0.110026491470203 0.0775128811896873 0.0610495893774956 0.0383614395987692
0.121411724270619 0.072895707689221 0.0612603509147048 0.0756579663100952
0.0794063113066485 0.102710680290241 0.0318107479873924 0.110139845715752
0.0272636755053633 0.132261927403634 -0.0471557627469368 0.114729746680615
-0.0999013156357849 0.131150900381018 -0.10288211561224 0.0557277535019012
-0.175747158904437 0.0333354803155026 -0.0933926027218522 -0.0278446142246366
-0.133329323906025 -0.113264642339458 -0.0223301071636039 -0.0417738722548399
-0.0405348511577375 -0.193497162943765 -0.0040299329461688 0.116971243804001
0.0386780520913119 -0.085537929948312 0.0693217974651749 0.239954162660789
-0.000246851210112965 -0.128406085827925 -0.00328938345911728 0.252112305834031
-0.096352462139207 -0.0906322632624239 0.029187057680166 0.226155127926019
-0.130856625448666 0.00403687339453389 0.109244236881481 0.1695219922315
-0.0574513437761454 0.0881825534341215 0.1223850617702 0.0709305626466133
0.0158232578369889 0.0831181632006131 0.0954625744811453 0.049407302141978
0.0524407525196185 0.0704485000129836 0.0943051109655073 0.0440017546601687
0.0722392411122325 0.0549392343832162 0.0925907637703542 0.0566245425266201
0.0831011539540165 0.0539708263495338 0.0936199930809285 0.0988447217069146
0.0575889645313491 0.0779993768194693 0.0513305574305477 0.138522670781368
0.0144969697172442 0.100733114515458 -0.0420947414664644 0.143401672441195
-0.0871777593104842 0.0869644089061683 -0.10883741589455 0.0730419697179623
-0.130368357849049 -0.000521567188540644 -0.100901085338606 -0.0175934026319272
-0.0707649199527595 -0.106110081376308 -0.0104446046244105 -0.0281567474672263
0.0219257512857139 -0.130336236003773 0.00543547973149867 0.159238723327069
-0.0550694337055425 0.0326744157972795 -0.0319038524476993 -0.191854194224698
0.0147041580493323 0.0662373436078178 -0.0297623229810737 0.00393572423032143
0.0618209500331279 0.0309528248956653 0.111745210385662 0.035520065364092
0.0506844777425928 -0.0334264391816535 0.138725470592812 -0.0774587304845417
-0.0019506107852825 -0.0462969906977911 0.0644024445656565 -0.176421497037959
-0.0191197298182352 -0.0293497227332935 -0.0515737140057402 -0.188565360325684
-0.0185463633074175 -0.0287515080801204 -0.116522425334628 -0.125639367790422
-0.0179784913508047 -0.0260476831884634 -0.121538352947333 -0.0703312384356876
-0.00939547635050633 -0.0244404975389684 -0.115895254447059 -0.0622416706330391
0.00765928689866387 -0.0169122517835854 -0.112289358282055 -0.0743053330682062
0.027644446396879 -0.00537495486536925 -0.108949571918009 -0.09217281524254
0.0351209803046483 0.0287471235641994 -0.0756074540691507 -0.142141108808767
-0.00523892779788054 0.0673717238675325 -0.0148297156816875 -0.191479710077967
-0.060626436635224 0.0438626109393928 -0.0156254419100092 -0.197334039649636
-0.0818755790892657 -0.00288059716428977 -0.0840675300902507 -0.218432404826819
-0.103057913239413 -0.0590651338218546 -0.00353024887104185 -0.173786888688174
-0.0638422991884582 0.0155779382156377 -0.0184133508534704 0.0212207994288924
-0.0275257340502074 0.0440629052534009 0.140590917245285 0.0576030565892059
-0.00173513743340399 0.0272413715470123 0.178103681403372 -0.0709607237138112
0.00611619947755651 0.0172683113688996 0.0866594703240445 -0.195646569273772
0.0107007610601565 0.0161270775137108 -0.0413937906033775 -0.204002672336434
0.0304972499583897 0.0110821694007557 -0.11578173059137 -0.137441632995587
0.033672284837551 0.00608545876628741 -0.121788145484355 -0.0699703138546852
0.0378771383503257 0.0144663359002504 -0.116846201823935 -0.0573834905993719
0.0220575020755884 0.0374302942704979 -0.109660694779971 -0.0627734073489075
0.0100983920796896 0.0531878559422152 -0.111446172854161 -0.0764288871117093
-0.0350426151049292 0.0663141069187343 -0.0876436055399732 -0.118937761245085
-0.0873595334686714 0.0508771285673835 -0.0350072964433651 -0.168112970023505
-0.113693389109179 -0.0270829130155006 -0.0454195182035559 -0.173401311279393
-0.112492255469061 -0.103505638139873 -0.0966755908206178 -0.191106910242631
-0.129520799497132 -0.150776403427158 0.0268864183392873 -0.124630775151407
-0.134187627457851 -0.0597815592704838 -0.00614937974121396 0.0601757703062578
-0.128196518081759 0.0359994312777185 0.165005754105116 0.0994983870155223
-0.0758978703984104 0.0844843108575803 0.22074700494163 -0.0433549198297388
7.17373842875121E-05 0.0903206553647672 0.118634850467596 -0.194971598460119
0.0346644924651675 0.0687204626658593 -0.0174249620495363 -0.199364886488471
0.0723689529570516 0.0541923709594452 -0.0955075085480915 -0.134111128482916
0.0811271092505799 0.0367375721747619 -0.103547526181562 -0.0588621648853042
0.0839922338087356 0.0450788187193812 -0.100799488317549 -0.0380111427512027
0.0446481737212411 0.0791607132933949 -0.0972200371661262 -0.0330832961680889
0.0104897585430148 0.103133366683479 -0.113247219097417 -0.0423251238427365
-0.0784675380017294 0.113593144589508 -0.10609427000775 -0.0843066533284474
-0.153246354910989 0.0597477898020628 -0.0620859575057937 -0.138641275877108
-0.164634728145455 -0.0672919782736645 -0.0663627943116715 -0.141608566582568
-0.139893553995551 -0.178956256188333 -0.0977355614651574 -0.136755063745533
-0.128929552874864 -0.223815385950036 0.0552538277378828 -0.0479454960515639
-0.175906359608659 -0.143679631042755 0.00331326976594242 0.115013197329791
-0.218559285867027 0.00188668810885338 0.173978200198787 0.155373818940635
-0.15926744127297 0.119810400157013 0.248490943503297 0.00747633348170958
-0.0221179081031338 0.155931051362974 0.150527464164736 -0.166068105871652
0.0471738127897418 0.118642884618253 0.0156668287842434 -0.171721358373566
0.101269831118083 0.0935538384579904 -0.0600513991977661 -0.113984372858428
0.116800418335383 0.0616038569663657 -0.069448468877206 -0.0387016640327465
0.121034877738627 0.064494250286347 -0.0686299791564207 -0.0103881644035867
0.0699716309865177 0.103527466814872 -0.0712329711827545 0.00355545968776417
0.024374538793115 0.13650193136772 -0.104403406214217 0.00101221826096549
-0.0950737304065535 0.154077376271601 -0.116606786054902 -0.0416768343716224
-0.192009242987724 0.0782743202134781 -0.0824692041728189 -0.104482470880802
-0.198978530667701 -0.083799159147657 -0.0708172173644172 -0.108577825152252
-0.153625405708323 -0.222889144266158 -0.0822168996528501 -0.0690579945017238
-0.102651671210656 -0.259621504751624 0.0729935427756022 0.0457958109654283
-0.173111632638631 -0.210991723755346 0.00501740998594951 0.175607868810762
-0.265492523127775 -0.0513393867872552 0.1556436407911 0.208490964440757
-0.225078065552135 0.116622397125349 0.246219845034284 0.0718888657472012
-0.0529284984249109 0.192227715255674 0.16891775043238 -0.10984657532155
0.0468495636130065 0.150475710382846 0.0490124285520924 -0.120092428387588
0.112374366964826 0.118503464091747 -0.0156764684621781 -0.0792472493363217
0.13460129812792 0.076740682066278 -0.0265798233960837 -0.0143398276118401
0.142015785925932 0.073193528147889 -0.0254306953575133 0.0191206917692194
0.0881780091087047 0.112704478140579 -0.0354608021565843 0.0411325298458684
0.0365853112391993 0.149408477257014 -0.0841039737001558 0.0441452363367457
-0.0970462690362452 0.171959855242673 -0.114289034225095 -0.000753780710202562
-0.203487104596936 0.0846966160531408 -0.0916277092699757 -0.0715241159247592
-0.204310625214637 -0.0911241041879667 -0.0596623157417304 -0.0804250947085061
-0.141903891488658 -0.236568645088028 -0.0535346267434609 -0.000359058263957118
-0.0595120770710569 -0.245094489086487 0.0801114539055556 0.136800495753354
-0.130931670565734 -0.233354492079654 0.00126256975838265 0.224850037915155
-0.250724477957133 -0.0978095212212732 0.114226728433105 0.240444645707512
-0.241720174343931 0.0826881398028496 0.210085668309627 0.12714693844649
-0.0750582884274011 0.187597960755955 0.163825593402472 -0.0394189651204608
0.0387418046856572 0.1529877398612 0.073533067222639 -0.056404128372075
0.106038932337586 0.12290929883825 0.0289419265008964 -0.0352442963841533
0.131976005864532 0.0803558125916431 0.0192520465318213 0.0126533354399273
0.142159224355288 0.0736505004454648 0.020433447644281 0.0465194356056509
0.0930097525968991 0.110362401647332 0.00229322678139036 0.0752180192324001
0.0389659217994346 0.145415782011813 -0.0618224314765145 0.0824205059328052
-0.0964892279580608 0.163701967011423 -0.106438464144341 0.033174076443167
-0.196195127555947 0.0695147163685191 -0.0933468536450018 -0.0443688657090551
-0.180849910429031 -0.0996873054193982 -0.0407950963343823 -0.0588204875418459
-0.103528986083881 -0.224772492969589 -0.0226867584103964 0.0621771316292135
-0.0113517324590612 -0.182371894875722 0.0785522962354301 0.205253582653434
-0.0682024055538122 -0.201793591109921 -0.00240177170456964 0.251216238559765
-0.186080014555303 -0.110794292745223 0.0673794539249813 0.243721249414012
-0.205101459590634 0.0412469913579082 0.158407888251694 0.158227535660859
-0.074831207020567 0.147157507515363 0.143473826978406 0.0228561532996149
0.0280600301906936 0.127050789901006 0.0885245816517114 0.00338936062896246
0.0857824349111853 0.104160711008565 0.0672597773832637 0.00706481955638612
0.111369620714934 0.0716667200126948 0.060797467827449 0.0359232849281344
0.121306883562688 0.066248487250485 0.0621739588929066 0.072216355354473
0.0821674055323603 0.0980482782307731 0.0347359858114278 0.107051941545581
0.031108066051841 0.128739096124637 -0.0436224292986804 0.115266025153428
-0.0940989073334731 0.133555722463643 -0.101283461817736 0.0581457924801715
-0.171442993000726 0.038860975787098 -0.0945046371337311 -0.0254661548843261
-0.134289753401009 -0.106643126718298 -0.0235318128881078 -0.0412884266652031
-0.0467902562731813 -0.188585305865023 0.000302048259816678 0.115453768414033
0.035252793944308 -0.0853407523757029 0.0735134848575323 0.236528741647358
-0.00423527611488074 -0.127644656256774 0.00231098459424013 0.24941162762734
-0.0972020175340812 -0.0866264836680642 0.033713014701284 0.223092158960606
-0.129216438650477 0.00786389365555977 0.112874232082751 0.164793207595627
-0.0530901050044163 0.0885692995589331 0.123291874445742 0.0660797233650593
0.0179588426076636 0.0797896557025148 0.0974665801259632 0.0456592274840808
0.0538170108405972 0.0670805148854294 0.0945784959615188 0.0396162667163574
0.0728648780480748 0.051212366220337 0.0926805692986489 0.0529678664486843
0.083405284269101 0.04868942623652 0.0940410201013649 0.0936824368039164
0.059847149615923 0.0745164879519666 0.0557030664639422 0.133709001383543
0.0170137643816648 0.0984497585085308 -0.0378305374485218 0.143182085833248
-0.0828906649621857 0.0891891787774406 -0.10635472459223 0.0758224247209347
-0.127825413859056 0.00375469482044885 -0.101198146242258 -0.0151247646440657
-0.0732268787893877 -0.101401929410139 -0.0113541467828046 -0.0279754160143889
0.0177021786969634 -0.128392983139555 0.0100110659348761 0.156347479055707
-0.05402499246705 0.0316727642247995 -0.0329706177596603 -0.189968012206011
0.014807876196747 0.0651605285298572 -0.0302081499153798 0.00432342920312621
0.0601546513205875 0.0305082502528928 0.113103122230945 0.036087091101437
0.0498030984173371 -0.0334358270264845 0.138629246046143 -0.0769262594663697
-0.00211117900685527 -0.044948735892492 0.0627113187781834 -0.175920979319125
-0.0192301579099511 -0.028521721749778 -0.054492295857071 -0.187279000197619
-0.0189650178195131 -0.0288898590627254 -0.116804887771894 -0.123049123508495
-0.0178196535124278 -0.0251175087884571 -0.120382436390454 -0.0694947217378643
-0.00955427963663261 -0.0235306444391331 -0.116151275749678 -0.0599384701063659
0.00770365784697735 -0.0169092853250718 -0.113311197706811 -0.0722455636465154
0.0281899432140307 -0.00582209875416647 -0.109391957575199 -0.0915597267704846
0.0347282919903451 0.0287137604778981 -0.0743828823547911 -0.142177585031744
-0.00491428290477165 0.0668815171698735 -0.0149589283022158 -0.191963639585624
-0.0586924694586591 0.0418561203189245 -0.0144927875120402 -0.196533807252641
-0.0808713996319166 -0.00327892380365626 -0.0821427036392167 -0.218621737854354
-0.102498949192449 -0.0587891657519029 -0.00433147825010254 -0.171792761298909
-0.0647061003154914 0.0152917315002455 -0.018845255974639 0.021621570918032
-0.0276977701785905 0.0435731763249309 0.140941345711527 0.0579315605313492
-0.00198788636424737 0.0277986763326333 0.178139138326129 -0.0707363644453394
0.00611976113546756 0.0172329460851385 0.0841171069991722 -0.1935741216876
0.0106366809969933 0.0167115012112115 -0.044333444704319 -0.202096218605698
0.0304958307711416 0.0100585465804734 -0.116368839522106 -0.134177375366071
0.0339095178938684 0.00612433678649321 -0.119882885511163 -0.0676284031389046
0.0377348418734515 0.01428038197635 -0.116379222504509 -0.0538424058995779
0.0228035814364367 0.0374024271733068 -0.110640301126906 -0.0604648280134699
0.0111097485967746 0.0525536176608862 -0.111962791548897 -0.0750827617416047
-0.035122972990668 0.0666429594993398 -0.0875569309748557 -0.118745205756646
-0.0862556997628391 0.0506071925627032 -0.0354198364676295 -0.168674792447927
-0.111888828755388 -0.0275098956967046 -0.0438902996591969 -0.172720682918644
-0.111573612509097 -0.103340624706119 -0.0948730214468141 -0.190235626932667
-0.128753539805239 -0.149196548512875 0.0274393504143878 -0.122857023300801
-0.133711004806765 -0.0592997155009771 -0.00626866665648011 0.0596351947206889
-0.128087151881469 0.035455522256638 0.16511190696509 0.0995975796949666
-0.0762480606267994 0.085576234961961 0.22056666648392 -0.0427087183309352
1.67785952427061E-05 0.0897482110664798 0.116103842546068 -0.192841948435642
0.0345430583995295 0.0689062488391584 -0.0198501981128063 -0.198016888571704
0.0732622846536143 0.0526406818005848 -0.0965936908562176 -0.131238061631735
0.0815698790402388 0.0352341539537459 -0.101584676369566 -0.0564783309063732
0.0831702961622209 0.0438061651453307 -0.0996654131250144 -0.0350387290718757
0.0458040114144435 0.0786157079735723 -0.0976989131873775 -0.0313986874554954
0.01159671832897 0.10225491798235 -0.113774674517713 -0.0404593441696371
-0.0777339238436031 0.113891885051996 -0.105684372881062 -0.0826566167611206
-0.151642877337416 0.0596813468105254 -0.062786165013345 -0.139124154024465
-0.162848047742097 -0.0667045119317845 -0.064774866380768 -0.14099291012886
-0.139191360920774 -0.1774101236847 -0.0961449747885051 -0.135930356380515
-0.127909822269098 -0.221621793093279 0.0552671417337799 -0.0464625421254441
-0.175321048902386 -0.14176254822061 0.00294893532505487 0.114407284835238
-0.21703815224704 0.00219801685893426 0.172488720585257 0.155365766323103
-0.159517332335944 0.120228909939197 0.249215807987873 0.00819507453631561
-0.0213748539130625 0.155438798377966 0.147984564578895 -0.164660861409788
0.0470949452827123 0.117773485616953 0.0139221988993569 -0.170157538035187
0.102361459547098 0.0912703913215161 -0.0609967886612892 -0.1121040248771
0.116627877903366 0.0594861275692967 -0.0679589298483062 -0.0375966391233445
0.120054146851668 0.0615230186845908 -0.0678569658560093 -0.00840761268321901
0.070909580098152 0.102968247310003 -0.071580636708193 0.00489981437148547
0.0253872468638475 0.135225271882959 -0.104782215050723 0.00255708375095493
-0.0934074378780437 0.155097858395119 -0.116265241085721 -0.0406896789735757
-0.189452518996944 0.0787882198883144 -0.0834816204887487 -0.10457980746702
-0.19750763470407 -0.0826398301692537 -0.0699007172196468 -0.108556534088213
-0.15303060387486 -0.220706316950043 -0.0809162587213014 -0.0684435776302696
-0.101773992073317 -0.256790387471142 0.0731581661910785 0.0466496056886971
-0.172280537818016 -0.209413348153107 0.00574340125062981 0.17435050572546
-0.26382328191268 -0.0509824236839226 0.154404127059499 0.20898680047129
-0.224683437013225 0.118110308791869 0.246866806680867 0.0722139672100319
-0.0520244219985952 0.191359001381611 0.165726369868168 -0.108725301310358
0.0478477650801414 0.149314935434304 0.0487969577861593 -0.119686333451604
0.114423782992415 0.115865515040108 -0.0163682295208602 -0.0773664840275632
0.135207997012808 0.074852800310648 -0.0250734723442589 -0.0130374289553619
0.141260613286875 0.0703370273914135 -0.0251850009120304 0.0201058455705014
0.0890928644406102 0.111622095761701 -0.0351577333961601 0.0415508839276466
0.0372641549428864 0.14757789507477 -0.0843237330707293 0.0453931080803949
-0.0954816977358635 0.172968793505142 -0.114633572599274 0.00061251075260033
-0.20146140809327 0.0851958503854619 -0.0928474369062209 -0.0713657205988151
-0.2027757270793 -0.0892141559757272 -0.0592313168854644 -0.0808480994168663
-0.142513870889009 -0.234193512357092 -0.0523056153157466 5.58134565117811E-05
-0.0584607485972042 -0.242917031968574 0.0792928946110347 0.13774552459314
-0.130524987655476 -0.232614848042342 0.00196289239592068 0.224085142181782
-0.249144276099857 -0.096767350478986 0.112715557623048 0.241618339499475
-0.241702280821165 0.0846670756649706 0.211325285336641 0.12711827047452
-0.0735217064207853 0.18605096399641 0.161401293771968 -0.0395746511435022
0.038392562397552 0.151803764880478 0.074314030082614 -0.0561620150860122
0.107483202628271 0.12001287015321 0.0278574261218529 -0.0344478278105529
0.133014385276711 0.0783568284398518 0.0196213314474741 0.012777538330668
0.140872068891503 0.0705645714084763 0.0200992511484494 0.0471418075768283
0.0933698872113818 0.108842618214916 0.00279683488056673 0.0748974506742847
0.0398254056330852 0.144366465954402 -0.0613805372331802 0.0828401119609328
-0.0950761812389523 0.163597450898266 -0.105743578843339 0.0343187310758278
-0.193517413169937 0.0707469525522737 -0.0940519501296007 -0.0447203164986423
-0.179435429854641 -0.0976268613663065 -0.0405083124986058 -0.0597689935230636
-0.104188366184186 -0.222037453497575 -0.0218885234636696 0.06148034349326
-0.0113515385818096 -0.181203180607295 0.0780060081274018 0.205360282404737
-0.0681780578476306 -0.200970460061063 -0.002581962609652 0.250344757178991
-0.185049638562934 -0.1094425528863 0.0663270332569522 0.243906582501333
-0.204088986467542 0.0425003651971532 0.158454827725851 0.158179235467728
-0.0728708946646332 0.146481105576434 0.142210897281435 0.0226399275115583
0.0281381167866751 0.124898946615503 0.0894333039372633 0.00285280046817004
0.0864688771231094 0.101887087364197 0.0666948193361273 0.00702471579935703
0.111007275446097 0.0690048735168219 0.0605219358911417 0.0356756892693549
0.120590053691998 0.0633385159785431 0.0616046670294687 0.0709548958215313
0.0828989009386323 0.0962471320311321 0.0352979100308286 0.104977545366884
0.0320431824547981 0.127237950489752 -0.0434086906009943 0.114957136839851
-0.092023198631632 0.133950837623293 -0.101269628731543 0.0593650546972844
-0.168567125480501 0.0396016063605737 -0.0950636771915178 -0.0248109361481755
-0.133232674806811 -0.104228699563444 -0.0231446075475289 -0.0419658135902257
-0.0474264001974626 -0.186022148542975 0.00113929363237882 0.114528736058344
0.0350432509027449 -0.0850112647388974 0.0721634302935673 0.236056128153291
-0.00492462203756599 -0.126958292483244 0.00156166341692811 0.248855788896525
-0.0964213433988186 -0.0859165987863314 0.0321100301237949 0.223193596902107
-0.129258644686954 0.00940107199391672 0.113838838325795 0.164629902460952
-0.051540762375995 0.0877492742824839 0.12217336636499 0.0656838400709422
0.018168926579762 0.077720331263985 0.0986224875285484 0.0447265638076939
0.0542140319734562 0.0657405779412064 0.0950905196603765 0.0379286621242172
0.0736329208813946 0.0495493280899299 0.0909143081529609 0.0523854230050365
0.082465602732109 0.0467597223222898 0.0928968400547238 0.0918545012527465
0.0598755223722397 0.0730958350952144 0.0559123810609765 0.13128411781579
0.0180454449380389 0.0972897606513998 -0.036880011273869 0.142781885177977
-0.0810332278300086 0.0894253162733875 -0.106623608862869 0.0763846987513229
-0.126149500975612 0.00399592526937552 -0.101902224306286 -0.0148510831506051
-0.0716230590362523 -0.0998683947167409 -0.0121408362011952 -0.0294193967903907
0.0162525269331538 -0.127660170062831 0.0111883990248019 0.155016496174204
-0.0560231365385362 0.030708450272171 -0.0316312591289937 -0.192073979099228
0.0142369424577865 0.0658903770593875 -0.0318656155191426 0.00448823398911253
0.0601531304471811 0.0320817504676939 0.115419378899438 0.0383614219961661
0.0503486643478257 -0.033523158483244 0.142984510119536 -0.0764332866430867
-0.00165913117063603 -0.0447846584596236 0.0658163642321167 -0.178009479922532
-0.0197275599129306 -0.0279321004420159 -0.0559618325225215 -0.190185856898617
-0.0190640264872347 -0.0290510718941251 -0.118467197126627 -0.125370735006007
-0.0180858886199794 -0.0256744604544136 -0.121085885281184 -0.0710955099642097
-0.00900736436364715 -0.0235062505464387 -0.117739386895796 -0.0606144383925126
0.00857187302265168 -0.0166934620117312 -0.116366232417505 -0.0739312000409324
0.0287878775543142 -0.00582566293553244 -0.109804108436242 -0.0930814124837988
0.0338684655370877 0.0293508065494136 -0.0733132982345328 -0.145727324315189
-0.00517996862027364 0.0672812824819553 -0.0129903106230487 -0.197524444450933
-0.058969114230494 0.0401419815312561 -0.0106436768483316 -0.199988408311685
-0.0812083288792467 -0.00544237723024959 -0.0798810358697193 -0.224016537899333
-0.103962513320947 -0.0610087387255097 -0.00233865411976839 -0.174086117681011
-0.0655067423668835 0.0144444087412432 -0.020127072416735 0.0219650001828452
-0.0298940783563885 0.0446579625822951 0.14345649011621 0.0616206313568567
-0.00314802819242766 0.0288431079928625 0.183165326215934 -0.0697910859159692
0.00615390965176367 0.0184981766468547 0.0868219618776798 -0.19564821053537
0.010779437316257 0.0182112720914197 -0.0453950239791617 -0.205190777817758
0.0308481600919419 0.0106053505375857 -0.11722712949584 -0.13634123867845
0.0351830892667832 0.00575959138540267 -0.120695304087774 -0.0695514654391196
0.0377408401496559 0.0148543537694435 -0.118083977355145 -0.0538408842688836
0.0234026047537538 0.0381851247652841 -0.11373478805708 -0.0609972462537817
0.0108461942473417 0.0532972396220429 -0.113932180796939 -0.0766380449733309
-0.0370017343381105 0.0678099215123691 -0.0863880977071617 -0.121521799928616
-0.0882258918329813 0.0503770252443216 -0.0338164897112822 -0.173834101906641
-0.111934408844585 -0.0305876154040042 -0.0407595030671233 -0.176413326325396
-0.111445489558886 -0.107105584535042 -0.0929619878538934 -0.195560308330943
-0.128711810169282 -0.15289922911401 0.0300402665169252 -0.12415997609137
-0.135333340018467 -0.0617042042578104 -0.00755987988701324 0.0604643584649279
-0.130829226485361 0.0354271929657404 0.16716846076688 0.105175077348349
-0.078849577346291 0.0872977889746404 0.226869279090169 -0.0405731186177186
-0.000245227063855529 0.0920471509101973 0.11905391924021 -0.193853386022096
0.0345341198416518 0.0713793084214004 -0.0195410816875936 -0.201241305306108
0.0747709870224535 0.053192864679217 -0.0973537723262245 -0.131703957850468
0.0831977091149923 0.035418445663959 -0.101288071229676 -0.0581517530879973
0.0835617925911017 0.0447446826652148 -0.100991087756484 -0.0344399044968605
0.0462142114334481 0.0804086523934022 -0.100046360631813 -0.0315212103189053
0.0114244558003058 0.10367991461292 -0.116265776215816 -0.0416201811063801
-0.0801926277497665 0.11651950462527 -0.107044497572942 -0.0853243559335548
-0.15460252615859 0.0595478178585844 -0.0623079987467982 -0.143118485047176
-0.164432801949491 -0.0707809034173381 -0.0632000522045887 -0.144576497323916
-0.13908746386593 -0.181811564094721 -0.0950677414382446 -0.13941297177627
-0.127548978321449 -0.226107397869426 0.0576983489412482 -0.0453441367742579
-0.176981976715278 -0.147023449512151 0.00136634683195244 0.116791678958535
-0.220881256713129 -3.38131725582409E-05 0.174166083438291 0.162130730520377
-0.164250920094785 0.123079712574823 0.255400407653081 0.0120563512137324
-0.0223114404193204 0.157910790671407 0.150397835060197 -0.164838697418832
0.0475074174537491 0.121214141414316 0.0145885978612054 -0.173045979727806
0.104010965309909 0.0921107599916929 -0.0614401319609544 -0.111902951756608
0.119332276134828 0.0596337088329696 -0.0670398230323406 -0.0384094186763806
0.120662212785376 0.0628583906997404 -0.0689012113410375 -0.00693841646322285
0.0716307496544814 0.104763767615296 -0.0734270254015859 0.00455296496249372
0.0250970817150787 0.137009466172736 -0.107359734916092 0.00310503257520361
-0.0960293720227551 0.157832895414235 -0.118149282387062 -0.0417178583896123
-0.192745008099748 0.0784915714275059 -0.0841903441422098 -0.108773510763905
-0.199105740821378 -0.0860428517729541 -0.0690208586068539 -0.111799851981328
-0.152726064140314 -0.225744622161635 -0.0801086581667329 -0.0709174896610824
-0.100176968285957 -0.260761265907277 0.0747573172982298 0.0487538658758162
-0.174285226716107 -0.215573685389737 0.00321432402403148 0.177876547497687
-0.267937874853818 -0.0553319413785889 0.153418317152118 0.216706847462948
-0.230278838551234 0.119857570263968 0.251452485755494 0.0777938110328336
-0.0530526902636669 0.193875041612704 0.168199097910416 -0.107559280267642
0.0466812800510469 0.151944406722155 0.050619389019708 -0.120706619479474
0.115786698695072 0.117602797388462 -0.0167744326974584 -0.0771452707753767
0.137934475768964 0.075172898845882 -0.0243101920712358 -0.0127379139305806
0.141719165833202 0.0704573661475013 -0.0256911244522539 0.0216537102189885
0.0899785835430868 0.113931294845835 -0.0368360525745461 0.0416658020006124
0.0372837101342887 0.150059229758793 -0.0873554787269285 0.0468327494239953
-0.0981866896639657 0.175955504780601 -0.117322196902905 0.000698899597355963
-0.204859114001309 0.0855250482058893 -0.0940904430301815 -0.0739816887424552
-0.204759495122904 -0.0923449057869346 -0.0588708785155256 -0.08395403941434
-0.142106732207015 -0.238668927574075 -0.0515146672907183 -0.000564569761845824
-0.0563191749263667 -0.246681507134591 0.0798748367709289 0.141574500582325
-0.131159859332578 -0.239100444488322 -0.00200198988045694 0.22741737856586
-0.252610063088037 -0.101514971496622 0.110407089491142 0.24830588419563
-0.247981682442175 0.0855210537777186 0.214671988314138 0.132546155473542
-0.0756175383482788 0.187735604070156 0.163355276606249 -0.0375299819086135
0.0381270561519023 0.153740526349189 0.0762033795107024 -0.0567612090839312
0.1094541067588 0.121936542009757 0.0282507864481179 -0.034571413734467
0.134918714763544 0.0786243223510255 0.0206744095876865 0.0132429455225633
0.141788334900637 0.0707255560171102 0.0203776151920028 0.0492585053425517
0.0948198212695402 0.110677635253595 0.00166538140022178 0.0761262484756025
0.039326347887648 0.146270329178474 -0.064382925376441 0.0851732121862068
-0.0963745594292309 0.166984908977567 -0.109569591613112 0.03486712505701
-0.196100399826553 0.0703201779771154 -0.0964273848037672 -0.0466070838141562
-0.180362290912492 -0.100545136411929 -0.0406658714054474 -0.0618356546272433
-0.104091020498896 -0.226285393809688 -0.0216971673627273 0.0628084437433571
-0.00867973913826169 -0.183121356612193 0.0760149600015834 0.210621593340512
-0.0677994987886104 -0.205697049826033 -0.00603726382450711 0.255071999125712
-0.186625801356258 -0.113470977973739 0.0633264118844368 0.249822905834342
-0.208787849638181 0.0437970202057319 0.160958433008627 0.162798203197024
-0.0743038833572554 0.14773245743918 0.143417457467579 0.0250408764677672
0.0271844330248673 0.12602795281763 0.092195798755424 0.0036888085970066
0.0879275202945896 0.103529319443335 0.0676465542350571 0.00681879541683393
0.113232497555609 0.0701905619152654 0.0607200071342813 0.0364698266038178
0.121057860992786 0.0636176813212578 0.0615813868323695 0.0728234889856604
0.0833405272333784 0.0973319138763897 0.0347487451019894 0.106121933027492
0.0313065476229778 0.128491789945016 -0.045837487598787 0.118069509968419
-0.0937710878195093 0.136493325628125 -0.104575958349545 0.0600100885441967
-0.171049408086096 0.0391633846779125 -0.0976283598384068 -0.0271657575567501
-0.133183146258053 -0.106124161720088 -0.0232158339640378 -0.0440377100640223
-0.0467892293657165 -0.189630849898619 0.000748215735306282 0.116798527708525
0.0368693620196582 -0.0862013456141448 0.0693007860343634 0.242228760631143
-0.00422055655113786 -0.12991926769484 -0.00230587156187921 0.253118239909228
-0.0969628136259315 -0.0890728336922157 0.0287622414733558 0.228465095756976
-0.13090405612078 0.00970951133170975 0.114922457207707 0.168679364885188
-0.0523144467309914 0.0883878540810147 0.123737159562502 0.0679237760874419
0.0164642201354752 0.07765116389044 0.101287242711793 0.0457306305367275
0.0540761533718328 0.0667419775268635 0.0958820240412298 0.038567438002591
0.0746409841628623 0.049817579503179 0.0913026433808915 0.0533272684338751
0.0825433671295487 0.0469830024143389 0.0930521637501603 0.0936357875422446
0.0605549497736601 0.0738487924435322 0.0547190577509002 0.132605085945881
0.017671263025796 0.0979057443888113 -0.0400537004976215 0.144892765138934
-0.082579102054478 0.0920112331139536 -0.109337257618323 0.0765271855229981
-0.127585798543155 0.00293324323354531 -0.104065872577548 -0.0169294756975336
-0.0708758293011986 -0.100393702759721 -0.0116519955986354 -0.0312513861073981
0.0165886325511389 -0.129190458251905 0.0107343882835429 0.157448989623091
-0.0588885767510441 0.0309277197444431 -0.0325566493678047 -0.200009330701658
0.0140184605866644 0.0677003736242665 -0.0341188636636329 0.00547969630621476
0.0626444873287097 0.0348830806483995 0.121312694687946 0.0411178933777726
0.0522357641587279 -0.0344664370275182 0.151123238510086 -0.0788444780316764
-0.00163835739393563 -0.0456942161264046 0.0691322081845115 -0.185849040959045
-0.0202229993310285 -0.027822219762926 -0.0601869487405007 -0.197391908087888
-0.0204263106342713 -0.0299009554133079 -0.124131735811253 -0.130127676314952
-0.0181425366696411 -0.0262902248967871 -0.125113039513523 -0.074614647468024
-0.00895117281899009 -0.0244215383652137 -0.122597692570923 -0.0619327132516288
0.00839835485179669 -0.0170570777931924 -0.122731382585429 -0.0751831353981952
0.0298225413234096 -0.00657576652848227 -0.114921479515065 -0.0976629026146903
0.035122851965914 0.0303891071627607 -0.0752853289238545 -0.153794598058199
-0.00543268567029794 0.0703064915885065 -0.0129843930955271 -0.20790085956897
-0.0611831497622367 0.0397579100387432 -0.00851358433922886 -0.208031857405872
-0.0852249977278306 -0.00664373345356248 -0.0807900586739055 -0.236487603410932
-0.108217149832433 -0.065321981160285 -0.00092631197388095 -0.18051710657799
-0.0682000342940644 0.0140375013605189 -0.022211147236528 0.0231628806471808
-0.0318460021405492 0.0469536443733987 0.150420957801917 0.0660051690262518
-0.00458961985931877 0.0311627109730058 0.193306934459737 -0.0711712009133678
0.00605494362026946 0.0205902032409731 0.0910344563677934 -0.203928812960703
0.0114543121764414 0.0207036613288326 -0.0490486962618151 -0.213687973962709
0.0327227466845047 0.0102103832208327 -0.123072316354044 -0.140219745959967
0.0367817548137573 0.00544834745523115 -0.124529234732842 -0.0726436224491236
0.0397519093952321 0.0154841483181831 -0.12288727327386 -0.0547093010747974
0.0246551594049051 0.040369200756115 -0.119805436657975 -0.0620756505036668
0.0112777665251533 0.0552673450632957 -0.119251473163381 -0.0791915641937332
-0.0386450445502219 0.0709531755645455 -0.0895768461814315 -0.128473563296524
-0.0916074809878186 0.0523031519226621 -0.0354467793082489 -0.183657189416165
-0.116921222230588 -0.0345559174608478 -0.0404878734427845 -0.184383616930085
-0.116177869462031 -0.113154066849871 -0.0944851810953847 -0.205475362197845
-0.134067758592048 -0.160628048064315 0.0320527835186367 -0.129127531102459
-0.140609443880452 -0.06539812037757 -0.0091994050639891 0.0631462182424901
-0.137680568929995 0.036873656730576 0.174919935144464 0.112048483914728
-0.0840587461860463 0.0921049510556378 0.239262449194839 -0.0409984461925077
-0.000891508337232652 0.0965007127923345 0.124329517933271 -0.200883136500592
0.0364932345158964 0.0762207691277906 -0.0213485215460075 -0.20939392931303
0.0784978682450728 0.0549577395027054 -0.101994246292871 -0.13592190016939
0.0876659334087072 0.0363761502408582 -0.104586636963383 -0.0603973591814559
0.0868059237673543 0.0459426784048118 -0.105286292303785 -0.0335867465994496
0.0492224350607926 0.0845948861164311 -0.105877094912305 -0.0320001309572077
0.0118321578296832 0.108076249276568 -0.122297995688395 -0.0417142533272943
-0.0841148761244537 0.122831344207781 -0.111297648891304 -0.089945422313883
-0.161247366633549 0.0616952048048592 -0.0654641966666253 -0.152325978321451
-0.170708359289162 -0.0762281690137459 -0.0647599213491963 -0.152225640610123
-0.144839512557696 -0.19190832910236 -0.0970960776144424 -0.146829956727196
-0.131323407880519 -0.23684249065792 0.0607935475738031 -0.0473005638659381
-0.184353185848761 -0.154642089603003 -0.000130844619000104 0.120995090036822
-0.231335395134125 -0.00125254169494636 0.181367487538483 0.171849853492785
-0.173845026620956 0.130052693827253 0.269433292500628 0.0136635548092626
-0.0238701958175544 0.165081830256007 0.15729970222721 -0.169830583541599
0.0495301986273396 0.127628812256457 0.015329345467365 -0.180763583937412
0.109574621256168 0.0953855168563619 -0.064024548109756 -0.114866483375524
0.125372697493459 0.0612363885752676 -0.0691600323340413 -0.0396331691311281
0.125157747817828 0.0642086888828349 -0.0712255412132428 -0.00566991098810527
0.0758907307627032 0.109879483439833 -0.0773592591467606 0.00595819140173417
0.0259221991968568 0.143035629689015 -0.113068926544102 0.00465636945859004
-0.100400230226865 0.16681698626706 -0.124133979342718 -0.0439696672808979
-0.20119597915988 0.0822609960946287 -0.0882426857981591 -0.115723801111619
-0.206553060483898 -0.0913734165538475 -0.0708517377672114 -0.118298532993858
-0.159363653753039 -0.236636785411807 -0.082082650984001 -0.0742201150832505
-0.101762050235507 -0.273405568736368 0.0782792106723581 0.0514771270485444
-0.181338925353805 -0.226243897742 0.00177132383045959 0.185178690006731
-0.280034559508148 -0.0586812435270178 0.158964566340751 0.229190867387621
-0.242150185222976 0.126782416273144 0.265190522933292 0.0819578838216666
-0.0558259214209144 0.202051031222086 0.175836916452414 -0.109694137695003
0.0484385554022037 0.159681064131041 0.0533541883987145 -0.126602713777073
0.121876827670181 0.120832926968183 -0.0177633226114717 -0.0791505117894174
0.144748876671501 0.0773687795066896 -0.0246925298340447 -0.0135829374890153
0.1465470891232 0.0724417877435086 -0.0264658636545878 0.0239078362225525
0.0949969862999245 0.118396806655961 -0.0393414943087774 0.0438374504460717
0.0383492781822314 0.156663452421547 -0.0925043698643667 0.0504895464254819
-0.102224475164179 0.185746052224015 -0.123069656160189 0.00116084059665224
-0.213168736355622 0.089951155673911 -0.0996061815554803 -0.0793058165746169
-0.211942748874105 -0.09726318067397 -0.0603134387264338 -0.0893046267841892
-0.14748517374534 -0.249879357775647 -0.0531555997611308 -0.000983891310668824
-0.0565931304519541 -0.25812510312557 0.0817853553203391 0.148901685753194
-0.134810899218945 -0.250735853854584 -0.0041768986213342 0.238084509832258
-0.263396393840518 -0.107643579760657 0.113512228287643 0.262230201392474
-0.260152379385203 0.0908304857475313 0.225559184789126 0.140063215373367
-0.0785278786633294 0.196035691830345 0.169925298083808 -0.0376119838439589
0.038476983434044 0.161033842674026 0.0807988742895361 -0.0591888062400601
0.115195281039945 0.126264945685364 0.0299650627388936 -0.0349305941326537
0.142474926638696 0.0810576366732456 0.0219654247328986 0.0142457858982923
0.146578886340836 0.0724170872041571 0.0206916250717536 0.0515935438489621
0.0992834665601709 0.115173189790789 0.00140572863118826 0.0779087898412274
0.0404009733865031 0.152060167282818 -0.0681357943794884 0.0899281087521184
-0.101133481128126 0.17528048968398 -0.115315824262139 0.0370501790826228
-0.204469959885621 0.0734561216017756 -0.10161176040608 -0.050562952023264
-0.186203400552399 -0.104793355888897 -0.0417196288400074 -0.0657731554843472
-0.108219905098725 -0.236054503849304 -0.0219176360384251 0.0653335051830729
-0.00763594297539373 -0.191752722126601 0.0776102818245645 0.220985522560033
-0.0702101225105334 -0.215579117658481 -0.00884257920320526 0.265909620644281
-0.194762736047931 -0.11980589139523 0.0632636258411853 0.26386795760022
-0.218718115402752 0.0457267986753778 0.168727581896026 0.171068820542839
-0.0770469197231496 0.153921258987616 0.149326591432708 0.0275191171696295
0.026957993625371 0.13136322540077 0.0975814981811424 0.00354767681326344
0.0922760626514866 0.106637001693814 0.070280626157591 0.00760515619411667
0.119035743424158 0.0721003009447042 0.0632585613149606 0.0380188549719315
0.125805648043622 0.0652585844250816 0.0636605194512013 0.0763316392744815
0.0875116609919241 0.100930090793657 0.0350185253614973 0.109099246037941
0.0326479451598234 0.134036834965146 -0.0485580091497168 0.123936836202837
-0.0982024945703483 0.143806950520973 -0.110899461234918 0.0633099197218542
-0.177911086988048 0.0405085921920629 -0.102522650733947 -0.0295294656365866
-0.137134893253419 -0.11116725926326 -0.0245048059876666 -0.0475658658678226
-0.0491623335844029 -0.198087000628462 0.00119737639075536 0.121663011160793
0.039881417824753 -0.0895870787774142 0.070507336201995 0.254127078538939
-0.00370395106060845 -0.135171418004623 -0.00549650766446401 0.264845945627182
-0.100710887531357 -0.0918382441280546 0.0283862586012613 0.239816147163564
-0.136929771504418 0.0108809506364177 0.120075693677844 0.176451868258865
-0.0543615905141176 0.0920042650152899 0.129798174811786 0.0709213417958858
0.0164931621427711 0.0800141574475256 0.107120324076356 0.0478224305338966
0.0568113664805227 0.068939303416692 0.0998703983381262 0.0395780054798814
0.0780739581487292 0.0511293572134536 0.0950025722823957 0.0563222592616945
0.0856622123460378 0.0483499732917479 0.0960981488222968 0.0970535043973094
0.0637710477646732 0.0764791890999204 0.0568048996712236 0.136843670680742
0.0191867093293806 0.101764311857683 -0.0424667644027355 0.151857320139897
-0.0861324991689145 0.0965775352788868 -0.115806160511611 0.0799232443255622
-0.133084525115539 0.00300194930306648 -0.109586342110938 -0.0187798400801641
-0.0720849397352811 -0.104905508835148 -0.0125085220406138 -0.0341300738830905
0.0173039682006332 -0.134654208173125 0.0118147698571328 0.164614784440724
-0.0606893009682069 0.0376736207020804 -0.0477481010837543 -0.213614033796984
0.0216718890915542 0.068447917536363 -0.0412318654819121 0.00957935683996326
0.07004982438678 0.027314953805608 0.128221379003913 0.0407489135421181
0.0511804154607726 -0.0442796641132051 0.155898476470085 -0.0880144676424495
-0.00786531457311694 -0.0494353036991016 0.0608388079193815 -0.201576762412181
-0.0271979609623556 -0.0270729749258293 -0.0787187559372116 -0.201962208244769
-0.0264169503272652 -0.0288870593834545 -0.138934429957812 -0.124424733106255
-0.0222306477149657 -0.0251959100904657 -0.138454825522923 -0.0678418953763601
-0.0112721201550508 -0.0234001770537367 -0.13718806605656 -0.0553750342297607
0.00907381409926069 -0.0194873123527005 -0.140459012740598 -0.0696430681836468
0.0321462342093294 -0.0117031048383948 -0.132848797859138 -0.0949511233050375
0.043110014306446 0.0285327473868033 -0.094977493976008 -0.163295372267175
0.00514970406712265 0.0749868814718486 -0.0314809564703412 -0.228497669378823
-0.0588272958740233 0.0471639976723563 -0.0182917092031781 -0.224879866390553
-0.0888352781146478 -0.00218291478447653 -0.0941820132564919 -0.24744111026437
-0.121689150216816 -0.0562342083669447 -0.00536921947575128 -0.198044385744976
-0.0697042434603552 0.0213087298348252 -0.0234454034578387 0.0223491225389061
-0.0257628988246217 0.0517822468808829 0.15929451128905 0.0562834076994531
0.000737681652688922 0.0309265949535393 0.196806778298882 -0.0895849746339824
0.00683132361632262 0.0174197225723203 0.0783426620124035 -0.220713069968682
0.0104486023969293 0.0202248022925449 -0.0701848806167952 -0.218862469898935
0.0342765339318096 0.00652863211619487 -0.143612897033987 -0.133299788370345
0.0384885232597132 0.00255286333254628 -0.136312302541133 -0.0648148740311835
0.0432405957502546 0.012105434317704 -0.13635702044107 -0.046609584090654
0.031812305408838 0.0397180761372645 -0.137020515282423 -0.0565367809498317
0.0190079920646454 0.0545587834383774 -0.136611217055724 -0.076607684195185
-0.0305907371218248 0.0792091645148621 -0.106990025777634 -0.136474089179617
-0.0877768794008533 0.0640133398634714 -0.0500575908444248 -0.201517846382959
-0.124675815046291 -0.0280615394967839 -0.0506634211743271 -0.190950357841272
-0.131586505498188 -0.115675148405652 -0.110365879361528 -0.205607012671974
-0.158116185071226 -0.151755541994464 0.0405642281608354 -0.146386906185219
-0.152443971778057 -0.0519797050117878 -0.00173272321702061 0.0596444094808271
-0.136321496557513 0.0531446948813527 0.190744465566605 0.0937040154511532
-0.0737299776582825 0.10515883322127 0.244311380422641 -0.0694806369347927
0.0081364711441953 0.0965961879905181 0.108251336971856 -0.220577380539401
0.0419615564092429 0.0755047375555329 -0.0441639920581277 -0.215665636806706
0.088371594851591 0.0470438923719445 -0.125742960594322 -0.130001362093232
0.0940686718598078 0.0295718751379033 -0.114664130062703 -0.0529017320005515
0.0960085164406864 0.0385623077807764 -0.115372679606784 -0.0259311023028586
0.061748845972517 0.0831162807062794 -0.119919723410077 -0.0253951123240455
0.0248522387255446 0.109824030338658 -0.137616336065588 -0.0366397475075376
-0.0723509526614076 0.138245624032056 -0.127177408020285 -0.0956332385730092
-0.160119800789345 0.080698167541354 -0.0768307051977238 -0.166373832682018
-0.186142512965297 -0.0681705080978239 -0.0740784164349402 -0.150890962435475
-0.169392169829395 -0.197612694050001 -0.111369703321241 -0.137017744599602
-0.162990055087398 -0.229863224329692 0.0803469897839282 -0.0615676912409459
-0.205400024118345 -0.138718766358278 0.0174643238315704 0.1166451711073
-0.23747851030704 0.0250361496708976 0.206344244946789 0.148624695790538
-0.160870225528922 0.15625266039395 0.278197585661515 -0.0218391453852661
-0.00713433278454097 0.169014171755562 0.139686568610697 -0.191330182296118
0.0611334754057714 0.127314000140884 -0.00431110804005747 -0.188362584136597
0.12663228480675 0.0853460136253268 -0.0885625346503495 -0.11210182185935
0.136283108648025 0.0517744521269356 -0.0755246584291736 -0.0334351972168334
0.137095066818503 0.0530136638846328 -0.0760083776416506 0.00145833786714939
0.0917307925339151 0.106430878609068 -0.0874508482256599 0.01237183946459
0.0419911323243804 0.144832807858853 -0.125194156411595 0.0132870780426367
-0.0851427571554674 0.18503229896223 -0.138395900429817 -0.0447298911758068
-0.201586171403278 0.105494251315155 -0.0978290881087484 -0.125676422501989
-0.226294157036132 -0.0808581054988462 -0.0770270410911876 -0.112186719215444
-0.18970553695301 -0.244448825138998 -0.0914003734116126 -0.0566615167801752
-0.13445645787752 -0.269961830875733 0.106531581633433 0.0442612508653498
-0.209129584244709 -0.21354231567888 0.0280299815525837 0.184591356608992
-0.29404501561859 -0.0283071905951322 0.192141544936224 0.205758309458603
-0.232237572407519 0.163195115516894 0.280971612125728 0.0431854039549745
-0.0344421416452663 0.211849828869268 0.161250648476575 -0.132179794589645
0.0643564513927389 0.160650438242188 0.0377375429836313 -0.134431576415456
0.14301336510409 0.110452183438944 -0.0386627302540582 -0.0792341107677426
0.157503228461345 0.0667596589379017 -0.0253992367062534 -0.00917847557445158
0.160165515035796 0.0584662325187813 -0.0257518728254096 0.0285479087789319
0.112023763136856 0.113544138845835 -0.0429602421104488 0.0496027397848965
0.0555143481236223 0.157122489305787 -0.0993056513408768 0.0610230823453835
-0.0855700963346948 0.204757752411562 -0.134321167335778 0.0040193962737511
-0.213436092591583 0.114582240123329 -0.106310339947873 -0.086473785974523
-0.232715208148824 -0.0869053664077354 -0.0645026216529622 -0.0802041686001864
-0.179840552979068 -0.259214294101037 -0.0572221206476008 0.0212398833821175
-0.0847962596695786 -0.2600201726932 0.114330337601004 0.149389243400193
-0.16356776701186 -0.243751368871261 0.0269313861897624 0.243475198653985
-0.282320315917094 -0.0805842451396096 0.149925056627265 0.245909983053886
-0.254146166800232 0.127591138427202 0.245714258330289 0.106138371555053
-0.057983992946873 0.207980942915716 0.162120815879896 -0.0573613818257296
0.0550165110360993 0.162221955673515 0.0736160886763773 -0.0673005433523223
0.13761254666744 0.117291714577348 0.015022407020125 -0.0381137535859019
0.155607262393993 0.0707902256983115 0.024918186584786 0.0153954786820023
0.160211772674302 0.0591099095767883 0.0263161017949861 0.0540925360682987
0.115727567734821 0.109437622176295 0.00361210107305533 0.083088801453449
0.0569826125101294 0.152618266943231 -0.0695230250224823 0.101960460599225
-0.086622247170618 0.194430665666047 -0.122702997437888 0.042267268366059
-0.206562950124481 0.0956920137830247 -0.106691093610249 -0.0532691110072613
-0.206178971755311 -0.0963176774843102 -0.0442426488106108 -0.0584308635538964
-0.136968930922815 -0.246805584900147 -0.0216253460963168 0.0883222603084099
-0.0261568217260854 -0.197400255128663 0.107161551464653 0.229888055439505
-0.0910979305184079 -0.214028373138383 0.0206144598823205 0.277163420910179
-0.212614670750559 -0.100076734080506 0.0971250197683812 0.255940830053304
-0.217094279605693 0.0764482394766003 0.190485871934669 0.147087103587754
-0.061111301599138 0.165185075297259 0.148337791110534 0.0124643480164997
0.0412906042219726 0.132751250370198 0.0969470228182658 -0.00320813014852597
0.110732778610971 0.0996773626462197 0.0632259578080375 0.00182171716164764
0.13091735413007 0.063259370110827 0.0703557604710024 0.0367705797279833
0.13681418481086 0.0534189060159009 0.0745754548241319 0.076084109086328
0.101211280370731 0.0955686660666459 0.0430694940604885 0.113917922746648
0.0457544848461395 0.133555980052301 -0.0458241668293416 0.136935767585951
-0.0873224216645987 0.159436992967374 -0.115441853745275 0.0721491240323548
-0.181969882132403 0.0585382780686365 -0.107169939615019 -0.0291157104620239
-0.154310634263048 -0.106263804849913 -0.0265706167864038 -0.0410753841135559
-0.0713882206869818 -0.210130266232166 0.00470041039361244 0.143388456831785
0.0348853904948353 -0.0976623996285853 0.0932225178666898 0.267984506014425
-0.013837671920405 -0.137994413757585 0.0187205424713813 0.278970814763912
-0.11222228405257 -0.0825684208897418 0.0548849735533084 0.242625471562363
-0.136809629677243 0.0306150853071534 0.14200616982549 0.163381462296242
-0.0427729031637108 0.098791598422964 0.134632432819597 0.06113999277239
0.0247567853800135 0.08046123414401 0.113288529503618 0.0415195090809884
0.0688775228263523 0.0655353564116462 0.101172369650177 0.0311947770084455
0.0867260195665622 0.0457293463831186 0.104848788718051 0.0529531717450798
0.093636120895436 0.0411101513426013 0.110410323317265 0.0956245404946488
0.0729087687944764 0.0720592944011141 0.0687451217922138 0.140992490577331
0.0274783517825944 0.102523650793486 -0.0363280043249832 0.167531128779226
-0.08000005054738 0.108564865059391 -0.118643510046887 0.0923856422954354
-0.137165754244949 0.015399432548466 -0.114823007856111 -0.0153107371192748
-0.0850167229905219 -0.105132108788604 -0.01596306861722 -0.029646178859537
0.00477212636727513 -0.146623207743358 0.0162997830272921 0.182304803899152
-0.0628766130320115 0.0424332194744067 -0.0604723317821708 -0.220510911518371
0.0253992592598499 0.0696188990247505 -0.0444372080896605 0.014055839571701
0.0753128396599211 0.0255305322792699 0.137485138860001 0.0367472095214946
0.0503048646310041 -0.0487500236771652 0.160359958681289 -0.101112403453728
-0.0105593276652396 -0.0496501392660381 0.0533264888476267 -0.213943305083738
-0.0289339755287323 -0.0261231900460235 -0.0945320593310325 -0.204719318432152
-0.0294726891454749 -0.0280321562491147 -0.151727297512774 -0.121207711572031
-0.0242987535210408 -0.025591215548401 -0.148086408100559 -0.0630854554672451
-0.0134909803266583 -0.0239081669069726 -0.146447054249524 -0.0485884890447253
0.00900524569628586 -0.0204262714673224 -0.151151696186963 -0.0638046125612993
0.0329225596592731 -0.0143012314929308 -0.143582405795357 -0.0929555281029092
0.0460406610727588 0.0281984713619202 -0.107256471076787 -0.168186664707308
0.0105341320313532 0.0776781496061625 -0.0457780617597734 -0.239198690186641
-0.0604991236737704 0.0498430729873251 -0.0278005121369005 -0.234149577837669
-0.0939857116715115 0.00240007639266732 -0.109876498482197 -0.256969615494456
-0.131564695285221 -0.0524849972657078 -0.0154626782810607 -0.206706220982818
-0.072125152125205 0.0254928994303277 -0.0251975654355697 0.025963300777472
-0.0243827144908067 0.0561951211706273 0.172146216927498 0.0519637562356632
0.00203091491121761 0.0337617052268395 0.203245200209272 -0.104917648366768
0.00863088612465252 0.0190031001238504 0.0707997537500428 -0.234434722541676
0.0134457853099768 0.0215533472619352 -0.0864555987818696 -0.222927262142324
0.036131486873039 0.00474613166487817 -0.157011953778877 -0.129983724865009
0.0409854615066551 0.000116428050214723 -0.145676623015593 -0.0599817656496613
0.0462560837395414 0.0102480435166956 -0.145026540399642 -0.0397397323664894
0.0359155126532284 0.0400365095071796 -0.147110418219943 -0.0498050018103355
0.02332478305326 0.0569553033058511 -0.14790855267257 -0.0722318592257195
-0.0277975202085749 0.0854703464418675 -0.119583968008664 -0.139083330717784
-0.0885209317148497 0.0714343142743829 -0.0641135840814402 -0.209930124720604
-0.132479307189768 -0.0254209142935794 -0.0610947401614205 -0.198166196540424
-0.144290923594481 -0.114108096460015 -0.124840828454581 -0.211631987808963
-0.173653183966517 -0.15050525664796 0.0357286555292773 -0.155669582696474
-0.161992333830543 -0.0472063024509111 -0.000421334278346905 0.0626703113398605
-0.140685287529082 0.0634366089382245 0.205799104462327 0.0898538912837293
-0.0713764913025337 0.116630445803365 0.254077788339876 -0.0852976585432668
0.0145409290072314 0.101493471403869 0.102047773148919 -0.235640608013203
0.0493929435064362 0.0781181475292633 -0.058724748259411 -0.221733110694492
0.0945724898251631 0.0430387217292317 -0.138430452136572 -0.126016857558851
0.10061316613542 0.0248230204423197 -0.121484973970676 -0.0491051537092999
0.102252831659678 0.0344396025144295 -0.121367567863304 -0.0191392626103688
0.070273953953546 0.0839254037171596 -0.128084591834377 -0.0180096195164561
0.032003468266353 0.113339407236136 -0.146449780565035 -0.0292161393014748
-0.0679698951913545 0.14998744079262 -0.13846694383461 -0.0940643174455923
-0.1632312057106 0.0927989354352494 -0.0912033498006238 -0.172002734584741
-0.199166264169713 -0.0634419456366271 -0.0831075423059837 -0.154317436840271
-0.18865325719859 -0.198395313718254 -0.121706102022009 -0.13878663464139
-0.181570103500882 -0.232514017934839 0.0817660112655911 -0.0683040913823397
-0.222429761692484 -0.136246906612608 0.022261750742915 0.121248204646207
-0.248366587075964 0.03916066374012 0.224541518031319 0.146874805966253
-0.159578670266051 0.174538674935917 0.291820488502659 -0.0378987377993218
0.00171360092720434 0.17837843257083 0.137147233601337 -0.205918160942196
0.071930385297365 0.131007429654332 -0.0150678877383224 -0.195714686124975
0.137849280828358 0.0804276697748478 -0.0981462425824098 -0.109413288913521
0.145470449122256 0.0445030890759048 -0.0793730269692692 -0.0312744893881128
0.146259866674178 0.0481658048368311 -0.0783422225115795 0.00708273218718104
0.10324106726045 0.107195196755686 -0.0914803455614481 0.0192607544005843
0.0516821127470916 0.148971960019351 -0.130834906274397 0.022684969003275
-0.0784329053615137 0.200160597711241 -0.147574053204675 -0.0396692279612553
-0.204948581307778 0.122017700689079 -0.111458221454924 -0.128802297318478
-0.241531405794839 -0.0746107833439772 -0.0857036503812366 -0.113742030794788
-0.213683799599673 -0.246659295689709 -0.0967578657542174 -0.0545578329584192
-0.154432912969746 -0.277264258039081 0.113306993971698 0.040280491768636
-0.229648799964193 -0.214280795224493 0.0366911384667314 0.191359382612126
-0.310492724206974 -0.0135733854359525 0.211961179489436 0.207959415828025
-0.235076645435052 0.185334444831467 0.298075712998262 0.0304139056309107
-0.0254650630453546 0.222986739553437 0.161798395104402 -0.144698380737973
0.0763340039367279 0.16609367706201 0.0327983832297116 -0.143010720691143
0.156793519665873 0.107225571121089 -0.0429722039782093 -0.0786343531939418
0.169913361340344 0.0588043105671039 -0.0266226682562886 -0.00895782465525435
0.170053579971409 0.0522902202156788 -0.0248051492530219 0.0331730164325763
0.123755980501046 0.112222113632438 -0.0434391233003904 0.0553057073917281
0.0664653208102812 0.16178391909715 -0.101250286982648 0.07207314244045
-0.0771938967556149 0.220563752725393 -0.141856084428627 0.0115988037265881
-0.216688168615745 0.131572254275713 -0.119416780784384 -0.08698754956894
-0.247460639404727 -0.0791908155694604 -0.0712384639627803 -0.082464834193335
-0.2040324747976 -0.261914270815226 -0.0564966851493255 0.0249260778561113
-0.101649442097798 -0.269178444905015 0.126018579647451 0.151319134842971
-0.18348993231347 -0.247348979438189 0.0388476583201719 0.252556573115665
-0.300742607564842 -0.0693067072722203 0.169547062934658 0.251938770753795
-0.258979198658163 0.150008944879174 0.263858053240391 0.0976410084599046
-0.0491689813698387 0.220433216396301 0.165940525359746 -0.0662301860722253
0.0660078393194349 0.167558895743131 0.0740170850712252 -0.0745833918800694
0.150423384167041 0.112886109016802 0.0138169276449841 -0.039538786202782
0.167613944725909 0.0632396277527081 0.0273806307184788 0.0148650013873168
0.170125213389236 0.0525183035871568 0.0316550828869854 0.0550030422615554
0.127685032424614 0.107166109426324 0.007231791492163 0.0871323561611837
0.0678339935369825 0.156299529742827 -0.0672171079538793 0.112452229181603
-0.0790083675597798 0.209606884133626 -0.127154420124101 0.0522915302450331
-0.209838727704246 0.112365560861415 -0.117320471042593 -0.0524718600977078
-0.219718046222574 -0.0902540896256174 -0.0495797536426616 -0.0596996565090269
-0.1580143112412 -0.250592106670859 -0.0163668193562857 0.0933368983404176
-0.0360070119624174 -0.20577687060039 0.122831227210589 0.235986218656048
-0.106696229039993 -0.219942520944547 0.0344653787437313 0.288578743986432
-0.227864738583451 -0.0943224255356554 0.114332443843038 0.265948179987541
-0.223244346189906 0.0938473834743103 0.207925974648471 0.143831188819245
-0.0546970180745159 0.175631952477479 0.1554975882834 0.00641608384506107
0.0491522196516726 0.137092106462108 0.103292869902415 -0.00960444740014855
0.122292376004553 0.0969162734539489 0.0670280919419169 -0.00103944727653289
0.141518580098996 0.0573419880605471 0.0755736123564331 0.0349880777162346
0.146047992932497 0.0473689908034921 0.0822144894618408 0.0758419128112965
0.111820878445785 0.0940535739246739 0.0502374359917115 0.115921963160617
0.0555389132010522 0.13712244275118 -0.0412089875139691 0.14711676452765
-0.0813624427975271 0.173544893953723 -0.117097854443895 0.0823192733194464
-0.186535518562745 0.0721348698121762 -0.116014242115447 -0.0262014133588244
-0.165595955176032 -0.1034484889282 -0.0302381150376546 -0.0429526059279793
-0.0876525561071262 -0.215079758904764 0.0140089467043236 0.149313066865924
0.0310065298193043 -0.104777159941946 0.108638105462953 0.278461161279571
-0.0226386605875455 -0.144227184099255 0.032566080325894 0.291651702898214
-0.121507310341477 -0.0801082562355606 0.0683333202044144 0.252810428274285
-0.142310972984059 0.03968319279204 0.156840459602926 0.163603127425557
-0.0381981290386709 0.105261773992342 0.143806793705009 0.0571645318411826
0.0294961995459481 0.0828655277511422 0.122978713791324 0.0363241701781525
0.0762672556681849 0.0631754999222036 0.107457158538369 0.027415639667483
0.0940794839851351 0.0420173963571358 0.111580024191572 0.0485125146153674
0.100148405874998 0.0367450235207437 0.120495763158752 0.0937821580831267
0.0813702523877405 0.0714161484651867 0.0786745128402478 0.142774941693075
0.0347875398983438 0.105331434416111 -0.0289337858921278 0.177285188536661
-0.0767660850376208 0.119163544524587 -0.120608745840671 0.102586158098552
-0.142360091903853 0.0236766437285955 -0.122181717834226 -0.0106587194126143
-0.0932635945046794 -0.105541883133528 -0.0185455804316912 -0.0313901255376445
-0.00423586253344774 -0.152160049750519 0.0288164952624406 0.189302882541882
-0.0623959906890616 0.0465301457859989 -0.0743802939880226 -0.220645079445247
0.0287159453783919 0.0684784417476555 -0.0455146133596182 0.0197082344582804
0.0776820040323165 0.0218181365919813 0.145096490630386 0.0302182268945204
0.0479927936494296 -0.0524069531257379 0.159320516803991 -0.113288260934819
-0.0129416826802448 -0.0489457717197935 0.0413074946954759 -0.220994669354428
-0.0300882394318155 -0.0237554483927597 -0.108703431602316 -0.200549314763051
-0.0323077182366799 -0.0267261517108754 -0.162704316051346 -0.112449861654843
-0.0269749733497239 -0.0233949824620471 -0.15391246080111 -0.055207575166038
-0.0146790115992322 -0.0228832651849866 -0.152193040052194 -0.0392870336765883
0.00795895459133118 -0.0213074955406624 -0.159003757869956 -0.0532974820046118
0.0323775770790476 -0.016858366407086 -0.152500409957678 -0.086425841471052
0.0486153457491533 0.0266610566610861 -0.119961797384429 -0.166483135458088
0.0153969238340661 0.077328366141819 -0.0619909715230464 -0.241119281145284
-0.0603101542476181 0.0532316564332436 -0.0388937456230301 -0.237400362316949
-0.0958181699391518 0.00718046288365939 -0.126137816885998 -0.257481921072335
-0.138303000668256 -0.0460212415070863 -0.0273111759079958 -0.210191070574975
-0.0729418008328295 0.0296331514249905 -0.0255706202934806 0.0298266865555383
-0.0220586312798377 0.0598321384252291 0.18023606981052 0.0439737112313707
0.00429758692789615 0.0355597714458447 0.203851848361708 -0.119573766077854
0.00960764696348348 0.0200065176279228 0.0588422474910528 -0.242506380441322
0.0158289231413269 0.0223641074891354 -0.102647054844701 -0.219604272313376
0.0369660214377723 0.00226567322184221 -0.167257226516016 -0.120554619844508
0.0413740813966586 -0.00337006775136248 -0.151707227947804 -0.051921201276257
0.0478938303160457 0.00737884745531589 -0.149501501999422 -0.0295916915082721
0.0392734438924652 0.03843940594921 -0.153119424231164 -0.0390867517409238
0.026569691726946 0.0559797971859149 -0.155003010098378 -0.0640340982338742
-0.0232858274310025 0.0907508919917886 -0.130188075430513 -0.135861062268729
-0.0850488021031355 0.0772872717135245 -0.0789770395082552 -0.210992628798389
-0.138352918975022 -0.0200213933949506 -0.0702034214178691 -0.197776792823482
-0.154533916486835 -0.108230057323875 -0.1380841585756 -0.210140220504268
-0.186863982279253 -0.144100776418694 0.0269827103631466 -0.160558625594853
-0.16907831471654 -0.0388975479902192 0.00109604298286923 0.0657532081824763
-0.140104729164581 0.0746399107898092 0.217917976042511 0.0809340522570431
-0.0654026312537485 0.12584503311098 0.256014529036394 -0.10343368577594
0.0208103904753888 0.103027602727592 0.090927484401366 -0.245086618700416
0.0566116891381105 0.0777618645156033 -0.0737619443050187 -0.221853993195609
0.099799888789071 0.0375950705978503 -0.146914415174812 -0.118880299935292
0.104310580757212 0.0170934478645736 -0.126323204800714 -0.0423263588118924
0.106738781028464 0.0282567000740739 -0.123413605276653 -0.0100658230080929
0.0775161759668164 0.0812142039282266 -0.131737610180001 -0.00785244865549481
0.0396759640139179 0.114150466717931 -0.151180659168194 -0.0195748201401673
-0.0591580526089453 0.158776726610825 -0.146870103858916 -0.0882838160253206
-0.160523122139613 0.104482357038612 -0.105427511759028 -0.171769055107117
-0.20777700618409 -0.0549736080853374 -0.0920563600393426 -0.15305107241461
-0.205472840985787 -0.19164380007041 -0.130810174565667 -0.135228685479958
-0.198947923816974 -0.226979281056679 0.0786391050025901 -0.0754063824105202
-0.235231533291528 -0.12707976810584 0.0281222591761164 0.123587621935287
-0.252060737289162 0.0557111237461797 0.238584907112233 0.138778510161964
-0.152145062825876 0.191401679926891 0.297402407990653 -0.0575340142545555
0.0125405997532862 0.182322915149014 0.128852392983414 -0.216178949294884
0.0821013902701778 0.130512926341585 -0.0278990340491846 -0.198507553647072
0.145139337638241 0.0722992530896604 -0.104318353401626 -0.103354816600775
0.151677770721054 0.0346199284795484 -0.0822079475467583 -0.0269550139785429
0.151602381537319 0.0383611518275319 -0.0782984054450293 0.0130526099106157
0.112512331226537 0.101762316379061 -0.0922856304997596 0.0270014427116343
0.0618952379250994 0.148686050720528 -0.131973633901531 0.0330508353852325
-0.0663195110273322 0.210782228269188 -0.152731038911554 -0.0317884847276226
-0.200903324503055 0.13721600710515 -0.124329594707168 -0.125819876367836
-0.250632427394485 -0.0631400437174687 -0.0932951153536965 -0.111918979201691
-0.233342566341002 -0.237621219982703 -0.0996236574797549 -0.0506452242671863
-0.173119964493146 -0.274499454530259 0.117500375465176 0.0348233335626157
-0.247200622516294 -0.206067432942727 0.0477997105026351 0.193204205901929
-0.317685870247841 0.0051064520421527 0.229208120863966 0.202312776280114
-0.22816818957028 0.206306793289572 0.306831897613902 0.0132465949109819
-0.0117715572887371 0.228641937342642 0.157766728322637 -0.154928552313624
0.0885181995260772 0.165038485572748 0.0250928444888388 -0.148215469210986
0.166261572457277 0.0970075787457816 -0.0475112124525197 -0.0750726114970923
0.177205844616152 0.0470250112688343 -0.0273847154404422 -0.0074197506572986
0.176168116240172 0.0413246334285291 -0.0221422102850608 0.0352958793992668
0.134037645450381 0.10629261065246 -0.0411379178456089 0.0604471225322739
0.0781924761615672 0.160634672696598 -0.0981175117711038 0.08083222170867
-0.0641912771017165 0.232122271311485 -0.143609472310324 0.0206141208531374
-0.212366170957852 0.147517497600067 -0.12947880232144 -0.0820436119026058
-0.256899379983725 -0.067252822995108 -0.0775858778243247 -0.0803900503317999
-0.224143200455119 -0.252950451797046 -0.0542248156929533 0.0278547663462679
-0.119485119082979 -0.269282387955551 0.136584821652008 0.14713791165892
-0.202670190254528 -0.243354767582568 0.0522773048862264 0.254901774992055
-0.311447987377902 -0.0518346741630516 0.187071777357073 0.248788016218668
-0.255273024215267 0.17037735136261 0.275665102292142 0.0843587155319846
-0.0367567738487212 0.227523911563803 0.16655083964793 -0.0759184815903309
0.0786025099910921 0.167836124345849 0.0711861318346623 -0.0825354927009829
0.160994466502022 0.103802511622405 0.013127656809362 -0.040011762341787
0.175651405934719 0.051720802550721 0.0287294886434252 0.0127153779691159
0.176619777522237 0.0417906451931646 0.0361337415590649 0.0548600334828831
0.137229582302251 0.100810930414137 0.0117989418427207 0.0886134747147586
0.0784932312925288 0.154444555507513 -0.0620682723796523 0.12027260730575
-0.0660632131404573 0.219674513760828 -0.127023851018131 0.0609721644789195
-0.206381642397835 0.128272883334361 -0.12593242933473 -0.0470326985194305
-0.22854348248885 -0.0799303740626792 -0.0546680737260966 -0.0597485688589297
-0.178079033393721 -0.244539399396317 -0.00908108269607077 0.0950710759349017
-0.0491933121628231 -0.209700155262709 0.13701802459841 0.23661227418068
-0.122822872906037 -0.219471218773774 0.0497658553864069 0.292302904390504
-0.238599552786081 -0.0821375967454264 0.131365252307862 0.266525882086468
-0.221414146851011 0.111186044318974 0.221018317339332 0.133633990491338
-0.0443126102535022 0.18138701125039 0.158982694587595 -0.00133061511333319
0.0588456426298121 0.136713446915841 0.105183123723917 -0.0177539680862037
0.130971255358478 0.0900999106456059 0.0691039510011366 -0.0048785126762432
0.148404422383868 0.0472644662058588 0.078814456137279 0.0302668947020886
0.150735597186707 0.0384757664382621 0.0884734847208327 0.0720281414262799
0.120292477798814 0.0875028722971142 0.0575701499842499 0.114947302048085
0.0649518480919443 0.136292373346457 -0.032304570230149 0.153715742661443
-0.0708507820417011 0.18330579154797 -0.115347748713942 0.0904788989172094
-0.184124690737371 0.0861843777983573 -0.122374315528099 -0.0212194069940509
-0.174443971529121 -0.0962593590328088 -0.0338861552333237 -0.0429229893731647
-0.103264544958906 -0.212589155238547 0.0242392111480853 0.149927739456036
0.0255713139013517 -0.109011121753127 0.125953057855912 0.280174065298771
-0.0310960838399187 -0.146113701393468 0.0478476457234165 0.294786136057402
-0.127858161119678 -0.0737903512016907 0.0832441257503796 0.255756467325281
-0.140798213240566 0.0497133436070003 0.169599921502929 0.156898798695851
-0.0325613774994637 0.108383960980317 0.14965847532123 0.050479664262931
0.0347556125967526 0.082715538262289 0.12788831435411 0.0276003214556764
0.0808789710308154 0.0585797820204796 0.111418903295544 0.0209361132380618
0.0988851010348293 0.0352704902097683 0.115732512032893 0.0429518517421633
0.103961632456514 0.0302060476675924 0.127602427348593 0.0873141465190118
0.0873384402041701 0.0664466402899591 0.0878404796278915 0.140278828925757
0.0418789400697971 0.104154046306404 -0.0183337146610546 0.183696424086006
-0.0696153901388797 0.127774024236457 -0.117242696548055 0.112511396349753
-0.143063499715254 0.0329951072102323 -0.127462599583582 -0.00487195970682456
-0.100472453813639 -0.102001196254337 -0.0209741337225259 -0.0331432808485231
-0.0139202434010964 -0.153784728870849 0.0414119875552983 0.189877634416044
-0.0617283071177723 0.0491419420651445 -0.083358758840972 -0.217329100402447
0.0305504184047218 0.0668654717194508 -0.0451369080025385 0.0242839741092531
0.0783666516567649 0.0191587539635057 0.14827849605009 0.0244740700153177
0.0455421452654634 -0.0536995625343792 0.156638648944889 -0.120542296772574
-0.0140144788284404 -0.0472703730339402 0.0329262280409951 -0.222855466449904
-0.0300119683660021 -0.0214053641150047 -0.117518808843404 -0.193373480443753
-0.0340168948158763 -0.0244987624442374 -0.167211681242747 -0.104068891291886
-0.0282081627316036 -0.0220572082482787 -0.155663370994807 -0.0485048981678357
-0.0155690039974071 -0.0220301917193177 -0.153132838644221 -0.0313967194337768
0.00707083978884469 -0.0214389534444921 -0.160376006882188 -0.0451208217303771
0.0313326550907461 -0.0187967406603632 -0.156756105424713 -0.0808720816519888
0.0492144451301347 0.0251683814277098 -0.127544317392886 -0.163910900803859
0.0194389359387411 0.0755534677844199 -0.0730295259832843 -0.238902798289793
-0.0602415931394066 0.0545914026297564 -0.0443640199549274 -0.236448997190521
-0.0952701930123518 0.0112391375455603 -0.135240221798588 -0.254776382688046
-0.141245587434848 -0.0401836493094358 -0.035488824202437 -0.208992154206269
-0.0728866614559662 0.0320329710115981 -0.0243376463942256 0.0336116663792613
-0.0193202086772117 0.0608507496481421 0.185061994690629 0.036641911831425
0.00643330171911367 0.0368190631068318 0.19976368396589 -0.128996065171047
0.0113212231798617 0.0204494109643188 0.0491234898394862 -0.243502532316753
0.0180585655157129 0.0224203947780034 -0.112503372893088 -0.21305578523365
0.0360682517677088 0.000206382482023339 -0.170598954263054 -0.112516431769108
0.0414215290795088 -0.00545088121421682 -0.152541974405209 -0.0455994351648975
0.0482692326392438 0.00499727008389825 -0.149599834815711 -0.0205858412167292
0.0421655151925871 0.0373112645509845 -0.155375961752501 -0.0302072149922499
0.0285565427878183 0.0542359192288647 -0.158002494492565 -0.0571089878663696
-0.0190443897152596 0.0920914000595624 -0.136672923012749 -0.132131253621876
-0.0819296265259658 0.0801210059524908 -0.0897923478582818 -0.208695493367111
-0.141267450463637 -0.0157616572940842 -0.0759292391702495 -0.195162382936816
-0.160085331855824 -0.101765318493555 -0.144719059237791 -0.206527951686663
-0.193578141006709 -0.136810265304185 0.0214589146324155 -0.162360095987128
-0.171751399403739 -0.0330186849560886 0.00313883430809947 0.0669867962108176
-0.137132962998881 0.0809389757247851 0.223415038264264 0.0728339822116972
-0.0592968740470616 0.130134223397797 0.254062457526278 -0.114600492775164
0.0252294534847994 0.10328469187323 0.0821440597175816 -0.24754787983217
0.0610400803677287 0.0760535722927773 -0.083343903290194 -0.216140078887477
0.100733291344446 0.0316592045919287 -0.149877718002575 -0.109621720483902
0.105200728182437 0.0110477768322158 -0.127376031924275 -0.037089613607381
0.107421779579215 0.022944859784438 -0.122532646807612 -0.0030204216769855
0.0815360237650453 0.0773007769093452 -0.132150561415594 -0.000728987511058129
0.0447230726751155 0.111600354511519 -0.152461477548846 -0.0121271110462823
-0.0515873428096438 0.16346341650255 -0.151704922064052 -0.0830624193040692
-0.155180126618828 0.111060722714043 -0.115082734724031 -0.168098609421346
-0.211501736291637 -0.0478643472745539 -0.0962430963602642 -0.150279678330276
-0.214592210373266 -0.182704661041308 -0.133973620514808 -0.131167729867267
-0.208884268726354 -0.21996050496259 0.0760097905053167 -0.078746824993202
-0.241824132498039 -0.118299309462213 0.0316469373988566 0.123740902941612
-0.250009082024192 0.0668602931317317 0.246513625386686 0.13065908869297
-0.143274305688009 0.200217048116976 0.297264548759718 -0.0703871523428664
0.0197455922940524 0.182536604140542 0.120835933842521 -0.220781435811332
0.0897216106579419 0.127663256021423 -0.0355889646378516 -0.196424646135182
0.148110881764591 0.0641262779878578 -0.106675480059399 -0.0962844135144551
0.153359985469523 0.0249411595843687 -0.0830389808367737 -0.0228881919966737
0.153838254500095 0.030643247658116 -0.0764715190703071 0.0177358849291341
0.117032863746221 0.0961801590754222 -0.0917031831461839 0.0334345081721664
0.0686588736006926 0.146335441551834 -0.130023314687019 0.039800083027792
-0.0552679125973073 0.215300412128414 -0.15557255907779 -0.026119386221934
-0.194162312744783 0.145804858823146 -0.132188064490193 -0.121383799242857
-0.254220896065542 -0.0536390977469467 -0.0963339643262638 -0.109084819251582
-0.243819203232726 -0.227364333704486 -0.0997034109942754 -0.0484251584659638
-0.185096258349989 -0.269309576364187 0.118585384920576 0.0306383529673177
-0.256608186887333 -0.197721076500212 0.0525372763170263 0.191828425338522
-0.318794128375233 0.0191322519727077 0.239309994269674 0.194577618243454
-0.217336244276757 0.218155826286861 0.308968839862648 -0.000374880924636466
-0.00211601241982546 0.229664782381955 0.153089311041239 -0.160339482404885
0.0969414527900677 0.161740187363392 0.0193892872032776 -0.149867002688006
0.170495299480531 0.0883739075930882 -0.0485493883195337 -0.0714749399138093
0.17931424915857 0.0359507703907578 -0.0270264427026596 -0.00665890162206896
0.178032363299874 0.0325030300327796 -0.0196642760267168 0.0365721666216727
0.138757179865834 0.0995129804548148 -0.0384662986767582 0.0638932851868038
0.0854034495292949 0.156587216235908 -0.094926503297928 0.0867786849816061
-0.0529614058975362 0.236644535833065 -0.143330971613916 0.0268302022439587
-0.205031207566698 0.156823013243366 -0.136220442970443 -0.0774969393776691
-0.25971640347318 -0.057003117964913 -0.0801716887683884 -0.078772002777219
-0.23615050314317 -0.243513415069498 -0.0519509827735992 0.0291391411796188
-0.129779678055567 -0.265205720031936 0.141308499722512 0.142996011606655
-0.213517409034521 -0.237069543799281 0.0612112178315982 0.253842473076658
-0.313938447624025 -0.0388998175580456 0.19830107547261 0.244201953763737
-0.246135684658985 0.183099542089759 0.280620251248733 0.0715211133429828
-0.0266889379320491 0.228561413062606 0.164461917646173 -0.0813019763135426
0.0867360266308138 0.16448510877118 0.0679114407671306 -0.0866367401383617
0.164628470648142 0.0951816597597298 0.0136818907591433 -0.0388954129543242
0.177652634141041 0.0408528530372142 0.0295210038049684 0.0108068967501195
0.177299685804677 0.0338266710513709 0.0386450410529405 0.0527472537831194
0.141032023133669 0.0929832686051511 0.0143481506717737 0.089648810912041
0.0844324713028393 0.151115757548962 -0.055181816648737 0.124465857038977
-0.0550375902805957 0.223573344302479 -0.12487325222033 0.0671759144385092
-0.199469331074457 0.137420915290366 -0.130318235493321 -0.042283451079361
-0.232229433445758 -0.0715744742195835 -0.0581232314241917 -0.0577145052639028
-0.189572332629857 -0.235637834635128 -0.00435084895306914 0.0944818041346022
-0.0582167591316528 -0.20803613118606 0.146428902817608 0.232311729789089
-0.13206846298079 -0.215626539859863 0.0598469720634952 0.291027224098999
-0.241433628986752 -0.0714403240289278 0.14208423045315 0.263543964703363
-0.215454778856883 0.12186499062973 0.226681492486131 0.124355831056587
-0.0365537947674053 0.182186824035201 0.159479731807313 -0.00657691004420429
0.0644823530106919 0.134724722269568 0.105436885154827 -0.0235529310178544
0.134507355993678 0.0817625288849111 0.0695777604836563 -0.00752013754290884
0.150592669697668 0.0382180472583596 0.0795252528475751 0.0270111034215382
0.152937085921522 0.0309241908425219 0.0916658528092669 0.0674791284300978
0.123768077367706 0.0818303176655749 0.0609488850460013 0.112658182543186
0.0708037904062947 0.132894301973901 -0.0252006296497657 0.156406381682295
-0.0613503076482706 0.186871806679356 -0.111938779130457 0.0965005340619111
-0.179456693659294 0.0935778812256313 -0.126334537755623 -0.0169211111764271
-0.17793180878662 -0.0898377304236602 -0.0368430834255731 -0.0428298626321253
-0.112759050173142 -0.206156916714462 0.0319096503640151 0.148317352433581
0.019802512001281 -0.111090010260029 0.13664092077563 0.277365240595814
-0.0385887157884901 -0.146266219396111 0.0577895901788623 0.294202061743537
-0.131244841593257 -0.0688997075391856 0.0929809444953011 0.255406942437689
-0.138494174962965 0.0564702226364489 0.174874725281519 0.1496648194965
-0.0279740350417324 0.108873237722681 0.152177898801189 0.044636168729462
0.0380890764657288 0.0806831395207942 0.130022382521351 0.0210458587412273
0.0836895019376015 0.0538052932808094 0.112062094281302 0.0157184677687596
0.100722651138648 0.0295011674348012 0.116904883132894 0.038112879550859
0.104801536363214 0.0256022148206389 0.131378533748223 0.0811295311771584
0.0903346594026589 0.0617048375552951 0.0920174491687323 0.135624239116613
0.0459531903242519 0.10246308694728 -0.0103922858681532 0.185121849573993
-0.0633656761775688 0.131497279766706 -0.113008157314007 0.117288496529971
-0.140177257651466 0.0395136284586761 -0.129956923004882 -0.000355550408197785
-0.104041264650696 -0.0982191452965672 -0.0231500148284901 -0.033766035141323
-0.0214900717418921 -0.151445326071703 0.0498719003899034 0.187313850367597
-0.0628627720884687 0.0507554424776372 -0.087553469287149 -0.217860619985785
0.0298313020744241 0.0668770517733141 -0.0440724527523654 0.0272773742390223
0.0798130934148319 0.0179910822316484 0.152096768520016 0.0209130450112705
0.0445971070901496 -0.0544713580778373 0.155773993379463 -0.125413778339284
-0.0138223989335658 -0.0466789160546523 0.0296376778841789 -0.225079856336521
-0.029506110828326 -0.020118777934913 -0.121403208614455 -0.189813978479176
-0.0349083746752057 -0.02331150753709 -0.169573855860475 -0.10013904779005
-0.0290150954800897 -0.0215313209678571 -0.157174303579644 -0.0456537141105762
-0.0157593387471336 -0.0218129361130872 -0.154002236751385 -0.0268510420448372
0.00661021357916129 -0.0213948018045267 -0.162266542182809 -0.0406301648413864
0.0299100018467607 -0.0198524089711869 -0.159384685938072 -0.0778474870884414
0.0505346580501402 0.0240394252380164 -0.132555340559532 -0.164230615559924
0.020582110107474 0.0743110956977423 -0.0772560053863639 -0.238535695624395
-0.0618033312678582 0.0548920120145339 -0.0450677540243415 -0.237508439016958
-0.0961826494996989 0.0127849876503077 -0.1390717435485 -0.257264150979148
-0.144488010919338 -0.0376805605713895 -0.0389342495871722 -0.210020438465899
-0.0736580935056422 0.033340824299582 -0.0245629208973128 0.0359122011181955
-0.0182163487507316 0.0626937868799389 0.188756748784536 0.0331409021221658
0.00756852477466944 0.0377316853012067 0.200355088265355 -0.134063474805008
0.0128703063088778 0.0214720534310202 0.0464151940498011 -0.246517850001723
0.0197262369763427 0.0227660720445175 -0.116724186784943 -0.209988776801913
0.0365667927241208 -7.5468524821428E-05 -0.172440516061821 -0.10734620544756
0.0409452869390922 -0.00778249287842574 -0.154335306004318 -0.0427237274961699
0.0493616380860936 0.00408079883054645 -0.149629774156424 -0.0168846866313385
0.0434272702953042 0.0366453645211278 -0.156332735802905 -0.0261999769161125
0.0300353219813706 0.05455879229833 -0.160530312450712 -0.0542386221730164
-0.0166731738480604 0.0944235546433032 -0.139967960706404 -0.132277184633557
-0.081089013094658 0.0810391146015766 -0.0945635949462353 -0.207771478509136
-0.144074678386944 -0.014282850990182 -0.0764146984871161 -0.196706270355083
-0.162797675339444 -0.0994315863542723 -0.146938636223242 -0.207864337227
-0.197925521769639 -0.134258329340528 0.0183564586949636 -0.163971918783974
-0.173978797837685 -0.0306264788872351 0.00348171237579331 0.0691524001367334
-0.136481261671238 0.08556000372899 0.22798724867987 0.069873520330244
-0.0560478295709387 0.13352620345679 0.254906731288991 -0.12097526194282
0.0278043016343315 0.104516851175622 0.079847541339311 -0.250415323758548
0.0645475113557692 0.075924353089625 -0.0874951625596736 -0.215359616553456
0.101706730381115 0.0296385077567206 -0.15060907751758 -0.105816013953733
0.105802502304469 0.00678336422655515 -0.127772564423236 -0.034516429964427
0.108998960725609 0.0204346579487267 -0.121941924712813 0.000573508768061505
0.0841449468863911 0.0762140521260561 -0.132619645904269 0.00383432397172254
0.0470195286615314 0.111576375939356 -0.153652286173251 -0.00826035029639104
-0.0473527427016536 0.165663265383727 -0.154854238199006 -0.0820726999981502
-0.154141376598079 0.113796397131297 -0.120276922738201 -0.166501343342489
-0.214613782608573 -0.0453682132503093 -0.0967092485946819 -0.150709314836241
-0.219349252359015 -0.178710641087334 -0.134700637472912 -0.13179033076389
-0.21412013209547 -0.218241837346472 0.0750696759954512 -0.0797649571073965
-0.245634706743302 -0.115223485747019 0.032598450297062 0.125214354186825
-0.250768607016774 0.0731378572612485 0.253315078241126 0.127247598768827
-0.138497376066414 0.205739587477648 0.299065258264942 -0.0778508472833606
0.0240897998144161 0.183825704932063 0.120355330123474 -0.223516457021669
0.094184315559586 0.127186114116291 -0.0397932940303759 -0.196981238056679
0.14957522669548 0.060430740238223 -0.106481258162966 -0.0943312071213514
0.154705375829213 0.0194203376128167 -0.0835154949665278 -0.0224529461178962
0.153632554747867 0.0267244153369735 -0.0754674681594108 0.0203981312672451
0.120122398552702 0.0946359249885926 -0.0907020751858381 0.0364706838397383
0.0721897987645131 0.145359745659183 -0.130210480962059 0.0435250667125124
-0.050177642890398 0.219386586650227 -0.156885266267118 -0.0241508502510581
-0.19260932449481 0.150092886821996 -0.137788149492822 -0.119390496212198
-0.257757858898221 -0.050506507617249 -0.0978323233848763 -0.10904215862659
-0.250218652779815 -0.223635860110452 -0.0993684587609463 -0.048566776518529
-0.191017245512923 -0.268336416497187 0.11940920442738 0.0299968807382048
-0.262273928131111 -0.195800140684213 0.0543575441197189 0.193441402771497
-0.320905318827107 0.0256090196821956 0.245376821028623 0.193146288398816
-0.213659317652772 0.225828984317733 0.311938029192314 -0.00686295938243062
0.00252355912721365 0.232184897942356 0.15293502922847 -0.16370455851053
0.102371756086126 0.161353512170594 0.0165848215799422 -0.151855631557496
0.172869797852741 0.0836372985252446 -0.0473254146237811 -0.0702075870796062
0.18071326415639 0.0295728198667729 -0.027599229729945 -0.00637975182519681
0.178800456740243 0.0278050694563745 -0.0178039716950659 0.037424094097046
0.141102826312651 0.0966940391402647 -0.0378941086470324 0.0659738146583739
0.0882653737632552 0.156049470394894 -0.0933290934048895 0.0903019245573929
-0.0453221342925276 0.239992259206997 -0.144456370609698 0.029003793406049
-0.20293724633294 0.162558935506687 -0.141379633471347 -0.0760618668259356
-0.262853389633264 -0.0541295467236599 -0.0817886786865133 -0.0788158024357709
-0.241526433471073 -0.239027869853392 -0.0500070542018281 0.0281550379901374
-0.136463756673166 -0.266108712710233 0.144404178603897 0.142963779821934
-0.219590117870525 -0.23539976878508 0.0633030668183362 0.254922247745831
-0.317742283821522 -0.0337194144658496 0.204499781464545 0.243865673623017
-0.243899441105196 0.191258572054223 0.283360658311581 0.0668725516023556
-0.0234900976871648 0.230906981978111 0.165798374598199 -0.0840821382546847
0.0903869449440747 0.163513441168329 0.0674540741064054 -0.0893086118357471
0.166817403479773 0.0905688963234177 0.0141345301998811 -0.0389121508718145
0.179456418220087 0.0341621464771737 0.0295466214682577 0.0107304408314079
0.178344497020876 0.0281031750408294 0.0398055291489207 0.0520515850111546
0.143718972758229 0.090669705795758 0.0162387089597691 0.0905202844987761
0.0889235456990564 0.149809004864836 -0.0541289751084873 0.127381363569167
-0.0486341913706356 0.227241049994303 -0.126140674439299 0.0704848507820185
-0.197002866596517 0.142583742231822 -0.134972292322321 -0.0412852750330762
-0.234313231535626 -0.0679970135815884 -0.0590522714017039 -0.058621192373622
-0.194498621161653 -0.232077577587867 -0.00141767210718095 0.0937821345067487
-0.0637765156963335 -0.209015576055653 0.150015121459041 0.233160063164059
-0.13723896279432 -0.216007575497469 0.0630955942149899 0.291864896362783
-0.245580089333008 -0.0680739840522538 0.147629436361724 0.264548210505928
-0.214169268139395 0.127329694627673 0.229686077549786 0.120552913162283
-0.0333367111760976 0.183798131331358 0.161475512719237 -0.00889441555356026
0.0676147556763706 0.133353914702749 0.105752890866408 -0.0266265918585032
0.135555494436362 0.0784515919720623 0.0712549687187974 -0.00814489826225669
0.15157384212894 0.0327437957504316 0.0805361683560532 0.0258198798981847
0.153540638748698 0.0266111604653435 0.0923723336648851 0.0658418015653858
0.125918784795234 0.078242252226766 0.0619015155300593 0.112369791367081
0.073792679710744 0.132149070574392 -0.0220745139109978 0.158242263164418
-0.0557588876247316 0.190150231265649 -0.111641551716892 0.0990490878623373
-0.177810292961817 0.0975646200199337 -0.130029694718308 -0.0146006774826386
-0.179848814902802 -0.0871388626561913 -0.0381183016132466 -0.0444696971538462
-0.116746362904595 -0.203671693496315 0.0350643711907004 0.147328258372601
0.0171571014061294 -0.112921202385184 0.140286174093417 0.278807604588092
-0.0417514050068968 -0.146391673031664 0.0618833429902245 0.295734448545311
-0.133360465214755 -0.0674248486240515 0.096826927335874 0.257184765700576
-0.137388071506891 0.0591941303659937 0.177853667861856 0.147415567444987
-0.0268273117268189 0.108651396373669 0.153157148376933 0.0430626474401493
0.039312779102937 0.0798830738257341 0.131062079400952 0.0172429307555322
0.084141298429903 0.0514287622429266 0.112982830790551 0.0139893558951822
0.101080339760394 0.0258937546303299 0.117509430742831 0.0364350014034244
0.106128292109781 0.0230166848933092 0.13231517190036 0.078345580287368
0.0924747531808072 0.0592279737796619 0.0939763183647065 0.134477602829883
0.0486308999598491 0.101891670232042 -0.00702300804199481 0.186272794639009
-0.0594143095672857 0.133695214563315 -0.112454452613181 0.120251588532964
-0.138876342436478 0.0424841733282357 -0.132897544527127 0.00169387146851161
-0.105499046994067 -0.096951579300282 -0.0248168343512809 -0.0350023835279594
-0.0240843288162944 -0.151134265531705 0.053685350664504 0.187176737422066
-0.0527408144124459 0.0616429016713302 -0.142445457304782 -0.209834702048238
0.0423156565256958 0.0602955707247314 -0.0412040393832404 0.0423417739563509
0.0824303373292148 0.000693406918380964 0.165516039160523 -0.00423327410003648
0.0317311627276153 -0.0657039374901093 0.142628936809665 -0.159274849538314
-0.0247884889351602 -0.044763676411862 -0.0136261873877581 -0.239769742687823
-0.0349606730911875 -0.0123991446604697 -0.16037096379519 -0.171537545100383
-0.0402344655986458 -0.0139917848989312 -0.189188759163413 -0.0713413575278098
-0.033741501622556 -0.0151393366490295 -0.168309183573976 -0.015400309679592
-0.0209121961059567 -0.0181520340792123 -0.162335114688024 0.00445439273466588
0.000862201003416265 -0.023451980102535 -0.176557257602401 -0.00637357826724284
0.0232843825721356 -0.0263360034378432 -0.181965658512315 -0.0457341897657933
0.0547547006917095 0.0101892495234535 -0.173799960954731 -0.141080637216621
0.0357504040672741 0.0644307057573336 -0.134534277967465 -0.230013844434416
-0.0495382577354761 0.0645179007095059 -0.0954314227693996 -0.242366224074857
-0.0944858520309856 0.0277477627029003 -0.190843858671891 -0.243522914866376
-0.148228099574028 -0.00921381190296392 -0.0891877725571252 -0.220711653211176
-0.0665593144435552 0.0482533482829773 -0.0214913765351788 0.0417534627210993
-0.00310942322217645 0.0648749927036929 0.197901270595274 -0.00306703151994927
0.0165951137607278 0.0320621491102581 0.178248908893156 -0.177680959025465
0.0144139750183871 0.0163363114907366 -0.00191049918660397 -0.261188937709093
0.0227210803164812 0.0200391613229304 -0.160239143142514 -0.189138728148874
0.0330779789467726 -0.00791152625975939 -0.192741062626913 -0.0721269022098293
0.0379514470141597 -0.0153436443657512 -0.163579118890354 -0.0126007187867019
0.0482982703992191 -0.00532579053099457 -0.156581471104417 0.0132161136961846
0.0492295793342141 0.027516523505758 -0.168456835399542 0.00796983893849751
0.03713361241592 0.0456569338278516 -0.178156237931159 -0.0212026547288134
0.00236106678947372 0.0928126422171095 -0.177525327125097 -0.108999401536074
-0.0628662116817596 0.0917702402583343 -0.145941477307543 -0.199374860583268
-0.147058582726689 0.0124334287967357 -0.112226526915205 -0.191482499582297
-0.185760153813588 -0.0704824539318717 -0.182004175769544 -0.188089339003734
-0.218837901933191 -0.0927493501986968 -0.0171687018867623 -0.190777586257955
-0.17771546628226 0.00519606020622408 0.0125391496586642 0.065020977558723
-0.11333685024133 0.111535023039973 0.238276905268696 0.0197391409314529
-0.0235440380590012 0.139216983699089 0.227522075795805 -0.175994563191455
0.0468698219090049 0.094697377738112 0.0284300178814518 -0.267655692011248
0.0773070951784755 0.0625565002683399 -0.133055783180624 -0.196494283122252
0.103959710868474 0.00683496885880213 -0.170735041720115 -0.069781692650399
0.1044771190615 -0.0141679418330156 -0.135610844404283 -0.00877315413665514
0.110079202723384 -0.0010517806374937 -0.12505808724753 0.0251194960471768
0.097302516796768 0.0594809880340017 -0.139021240235519 0.0336203854159455
0.0643979173921161 0.0988793452634518 -0.161858469589281 0.0253145182671374
-0.01357375813415 0.171385881358689 -0.182416803076737 -0.0556190256201671
-0.128526503339281 0.138906356694728 -0.165380237494737 -0.153922525276999
-0.225025998258065 -0.00347417229745037 -0.119925941431916 -0.140880629926334
-0.260053296337904 -0.138126580768771 -0.147639638496472 -0.109938537933026
-0.250609210939855 -0.172334801473245 0.0617327938548328 -0.118549082091372
-0.264932556189003 -0.0636750567613896 0.0555876716300546 0.111942002060925
-0.22690742795382 0.123584007774925 0.270191924925238 0.0671025149209182
-0.086224645466201 0.227897616685699 0.272957714948105 -0.143417677533951
0.0604156218657534 0.17352467549335 0.0716195111561398 -0.24423539446702
0.117158227218587 0.106815179181403 -0.082502267374852 -0.183973239117095
0.158165162985588 0.0260143422474057 -0.12447411434497 -0.0614066562937339
0.1554199030546 -0.0109714181132365 -0.0881633390027361 -0.00484103606743443
0.156304875227741 -0.00363854882552488 -0.0741225045144386 0.0350081801200139
0.136251573028617 0.0704297176830337 -0.0900189672280559 0.0593601882761853
0.0957538890569511 0.128115698886559 -0.127121047114697 0.07454067377022
-0.00627259320789439 0.224832865980436 -0.173668701153871 0.00546563765489928
-0.158471306765339 0.182471473172245 -0.1757026759832 -0.10464364295113
-0.269124295608592 0.000273714767753835 -0.110360714805729 -0.0993400993601788
-0.300535865534038 -0.175361165142362 -0.0913462399744591 -0.0292082876668464
-0.23727847764182 -0.224752863808799 0.134207705568202 -0.0133691203177632
-0.297294927644463 -0.139620797608688 0.0947261107177999 0.174949421499269
-0.305964610765907 0.0917941439369369 0.274756998243586 0.129796070533273
-0.154578363585809 0.264776560568925 0.295326704526833 -0.0789282734331184
0.0487000856665285 0.224705101784684 0.113327700935195 -0.187535702117369
0.132218517204163 0.13825871992882 -0.0173222562122227 -0.148524568262373
0.186229633457406 0.0429541712156058 -0.0624866743838143 -0.0463584773422313
0.183281108670374 -0.00657084231741566 -0.0291344726412935 0.000645246198488833
0.180909887164468 -0.00734434902926127 -0.0128671197312244 0.041368487472262
0.158130468473742 0.0689433846064423 -0.0300453845297268 0.0782340525584302
0.113872738843043 0.136554516963177 -0.0792007031085801 0.114219521532134
0.00144495888908015 0.244919234774006 -0.148806523897049 0.0579828992618757
-0.166154916486484 0.196585370020912 -0.170008314791422 -0.0580605394148184
-0.275439530777283 -0.000785775372598291 -0.0878127545378028 -0.0711143734058266
-0.294617446561875 -0.190850689581784 -0.0248341896236044 0.0414359455570971
-0.183553690367655 -0.232768740482469 0.186094100219782 0.103723856013381
-0.263499175166431 -0.188140124925858 0.118682565193545 0.238062807094033
-0.314608045628698 0.0333807167775758 0.246704818175171 0.187220528935248
-0.191312319197674 0.237958717182812 0.282150451917006 -6.35210899324327E-05
0.0242882750686268 0.229363683006095 0.141321388266155 -0.109536705799382
0.121111349044313 0.142742447754508 0.0461774359634369 -0.0949558183948051
0.182472294317003 0.0511721355886625 0.00552972779340527 -0.0271178101995198
0.183277412050852 -0.00160527969165036 0.0323131218061434 0.00609716810646182
0.181025101311587 -0.00695091349813957 0.0498276224434721 0.0448387678647547
0.158949358146902 0.0622643356058213 0.0311185333877394 0.0916944738700515
0.112567234605054 0.131685017418358 -0.0304181895791753 0.144215984380295
-0.0033516284748405 0.232991504323806 -0.12032428652404 0.095909639944419
-0.165265467575041 0.176209542273236 -0.155155834816821 -0.0221598507088432
-0.248308969765346 -0.0210953861444258 -0.0613872335122106 -0.0531610207147917
-0.244296879359151 -0.192234464171457 0.0358978232170018 0.100565920621967
-0.102086754397558 -0.190724519781235 0.2114029378886 0.203275146802045
-0.177882343571776 -0.184747895251498 0.128347080175737 0.280943549292812
-0.250657064410332 -0.0146654642090484 0.197088210665926 0.224412598553634
-0.176478790682645 0.17023457706139 0.242689903093958 0.0668779257375969
0.00504013926230603 0.185151741958167 0.153471757290513 -0.0341439705143352
0.0924481336612697 0.117984050787995 0.0985061252932177 -0.0412485070292249
0.149710145324093 0.0457958807287186 0.0681020346438004 -0.0094509742297014
0.156280923779076 0.00223142086199717 0.0861503742797144 0.0113240669637706
0.156516425548193 -0.00334191657630233 0.106148855418277 0.0479354855791149
0.139883773546862 0.0538132625665514 0.0835918837110646 0.104778535055202
0.0950065454445001 0.116729987915838 0.00891544132541853 0.169276624514604
-0.0192854980688931 0.198471470918514 -0.099211043518174 0.123641949047862
-0.154490331302345 0.129430177607216 -0.142087729226458 0.00368952039237784
-0.197516068511623 -0.050782122096434 -0.0393741336704677 -0.040129983486251
-0.160412737403261 -0.178455513504947 0.0790137025577615 0.149888223322897
-0.00521739643688622 -0.111438284975584 0.210306089255346 0.261986850647247
-0.0700228214872978 -0.134936711441454 0.126614956379516 0.290764757618086
-0.14202617344336 -0.0369928412088781 0.149056825660456 0.234327802268585
-0.117718573063291 0.0874451398575096 0.201587027047147 0.108537018606414
-0.00347853012691332 0.110570701317401 0.159930027263762 0.0178192208226598
0.0542221364801946 0.0700001109841087 0.134938553106364 -0.0043624610678137
0.0936568272331657 0.0306668517667538 0.115245782234764 0.000632181497940199
0.105440033098148 0.00501502394652862 0.12552944315369 0.0148830295491067
0.108427465512399 0.00179009242767761 0.148969165886585 0.0530263077168131
0.103264321874436 0.0413886869709846 0.121420156738534 0.12041117085395
0.0655379504087899 0.0918071490861173 0.0311626667142242 0.195315470850791
-0.03382524345113 0.143326726923204 -0.0936730988452694 0.146178028093587
-0.127575013142303 0.0673498631777541 -0.140187219340136 0.0239328155839365
-0.124935348221426 -0.0761241638594785 -0.0271481557087816 -0.0312468950646634
-0.0552294332130298 -0.143126330704093 0.0998189007575799 0.188083080225018
-0.0550205251948064 0.0674110107086614 -0.15439085613518 -0.217593862515079
0.0442005432878405 0.0630979407161923 -0.0420490620590507 0.0466341975253197
0.0867366956832897 -0.000870775584299176 0.173623625279977 -0.0102643125831962
0.0319161702835343 -0.0699480767390482 0.146391300640815 -0.171327925357632
-0.0261458907327779 -0.0465530044912808 -0.0194177000112889 -0.252221134917806
-0.0353762179976712 -0.0119005009912908 -0.171097769724136 -0.1751571843716
-0.0424828778408145 -0.0124681312925804 -0.199411939760799 -0.0698941600004306
-0.0359486776511038 -0.0141958193479736 -0.176900188063656 -0.0112566538838806
-0.0215676970419423 -0.0177873746339211 -0.169764010676872 0.00878330717369623
0.000968752500351368 -0.0247808829680071 -0.185576117300328 -0.000162794054101466
0.0228699812353714 -0.0282596299122857 -0.192421866109278 -0.0444456792567274
0.0579498923922926 0.00894948318950218 -0.188185439794585 -0.144688897527833
0.0382672471127325 0.0658048917705925 -0.145638214379126 -0.238105852084292
-0.0530498878734738 0.0696310688098531 -0.101987478324513 -0.255012603533288
-0.098881701409886 0.0314295112239679 -0.205923236842985 -0.25567426623805
-0.157085703654065 -0.00520803578391236 -0.0985513706831035 -0.23066774228167
-0.0693845067448989 0.0529850202309905 -0.0216489472775902 0.0456896675828767
-0.00061687743535033 0.0691145871386164 0.208160911497593 -0.00969541049263504
0.0193930045066606 0.0340452588885734 0.18340425407278 -0.19178105354219
0.0169317196182432 0.0171854163744328 -0.00740539108639086 -0.275188529858222
0.0258941832991794 0.0201290546947103 -0.17220489119801 -0.193372834043468
0.0347469604093769 -0.00833592606935581 -0.201960225673716 -0.071040193632524
0.0386857772147332 -0.0178134886118242 -0.171856370150256 -0.00860908375449212
0.0509793612305073 -0.00686127008853774 -0.162284193770261 0.0179875586340569
0.0536479512653174 0.0277403794812775 -0.17643924793075 0.013450895549749
0.0392891837007375 0.0469332297436554 -0.187989728577624 -0.0175266094747264
0.00626308779351963 0.0978837348944689 -0.191107648743104 -0.111440409557212
-0.0645904714209964 0.0965594417226399 -0.15814887867653 -0.205999491527241
-0.156235032913287 0.016046244255467 -0.119055627423979 -0.201890761608379
-0.197493052958389 -0.0691749509034294 -0.194282966729047 -0.196832473238155
-0.23223056965395 -0.0916602506199101 -0.0221953133766275 -0.200594671373821
-0.187434555020058 0.0100739990460456 0.0145087679531449 0.069049497626111
-0.116064760966559 0.120913182404967 0.25146580720201 0.0135029878736764
-0.0196724603069561 0.147583439115409 0.235292161889964 -0.191722983087975
0.0525089482107061 0.0986839476107698 0.025050732297551 -0.282311379523958
0.0844044553180723 0.0638895932689248 -0.144295672625809 -0.202047837355414
0.108469890646874 0.00442565963407428 -0.178840005892331 -0.0690430423265742
0.108122422646499 -0.0188489323153194 -0.141957014252511 -0.00592822560166762
0.115558701039167 -0.00467611953583737 -0.129137380809159 0.0298973416931042
0.104885909834078 0.0600986227792652 -0.144322687253724 0.0401705762608702
0.0700578351510978 0.103006530835935 -0.169908878085226 0.0309575670300143
-0.00840435777234667 0.180081145222626 -0.195260345078272 -0.0548217921680011
-0.132279072349983 0.148524466051575 -0.178537385045326 -0.158617800903071
-0.238114170079086 0.00111553948504446 -0.126459952889051 -0.148032474785748
-0.276625805617858 -0.138690640169236 -0.15702302239184 -0.115057419727921
-0.267734798103858 -0.174436148284389 0.0628881547254615 -0.126253413672461
-0.281319027885186 -0.0609818440381048 0.0596136055222505 0.117031146242438
-0.235400041264784 0.136264986258864 0.286400218562426 0.0628459737211766
-0.0838929353937325 0.242440585854208 0.284306072085794 -0.158373384948674
0.0680459673240578 0.180797237736294 0.0706635585316888 -0.259572682324588
0.126543393460324 0.108949133280713 -0.0912000303297484 -0.191218124256095
0.165906164094774 0.0227395512830991 -0.130294676477851 -0.0619189896258829
0.16151825957118 -0.0178434146153462 -0.0926819052517797 -0.0031079685778975
0.163326356753974 -0.00898240266654015 -0.0756419046556772 0.0387622478393348
0.14540435295549 0.0710715726613803 -0.0922407766618807 0.0655481836241895
0.103545543532502 0.132862175337954 -0.131421238243678 0.0824944448863951
0.00145267541411293 0.236338231240193 -0.184629296666043 0.00918973046807499
-0.161978885173888 0.194990846078189 -0.188559566557565 -0.104740828318181
-0.284018638964459 0.00629264860260244 -0.116910938715059 -0.103994322551863
-0.319237547280105 -0.175890733375666 -0.0951714531368698 -0.0320805962297365
-0.255148464582586 -0.231537864142478 0.140963176258598 -0.0166126901709326
-0.317592918066581 -0.140307005474474 0.1019734089647 0.181916001954483
-0.318991072391838 0.105398793969858 0.292245133111567 0.128514372801504
-0.154501820822464 0.282060068121965 0.308551894355549 -0.0899543218417936
0.0570102034890814 0.235266694098476 0.116072967693791 -0.200840428517959
0.142352115201515 0.141399568585307 -0.0229124340343555 -0.155348346174222
0.195242606150646 0.0401493639793931 -0.0645227303487285 -0.0482391715096453
0.190572314011595 -0.0135385940172646 -0.0301020908008346 0.000720441979842937
0.188618680151358 -0.0137616523057624 -0.011924710857401 0.0436076250531975
0.167708879715493 0.0680409878509501 -0.0284735204105302 0.0834778682716185
0.123030115691011 0.139973979441097 -0.0800111945239095 0.123394353187948
0.0100770919928501 0.25699420877477 -0.157112207325049 0.0642260666726202
-0.169594844087075 0.210946008197591 -0.182922174059725 -0.0559627619011668
-0.288913999884026 0.00428190610068858 -0.0940573226007006 -0.0748849570667998
-0.31407566301834 -0.191123269939116 -0.0238838913422941 0.0424213899349751
-0.198759030669165 -0.240552533401482 0.197725727069469 0.106095414934148
-0.281998391650382 -0.191336983637961 0.128838783288012 0.248243797390479
-0.33043242079959 0.0436890538638185 0.263615082901742 0.19150199754883
-0.193765478822518 0.255295156538122 0.295187195023717 -0.00730246446900256
0.0319685711975136 0.239952558868542 0.146582475679846 -0.118406179226562
0.13168128986384 0.14721171829823 0.0444290467031042 -0.101343393855397
0.191956730453597 0.0479519068074855 0.00697598523141399 -0.028700733226167
0.191487915999946 -0.00873591325085023 0.0337838495949277 0.00609193651263594
0.189329758966621 -0.0134698596316244 0.0535782783989958 0.0456031276724145
0.168609342555716 0.0610496818638017 0.035267845624342 0.0960511551915302
0.121781192791676 0.134826445504745 -0.0278881445423375 0.153186067680326
0.00423245084903586 0.244343680916403 -0.125849868058812 0.103907825660634
-0.167982568786625 0.189164968526089 -0.166703018079758 -0.0188051347542095
-0.261346233296725 -0.0167174519432194 -0.066213104945029 -0.0563017360517547
-0.261625716388513 -0.194851636620228 0.0408644122606897 0.103667220951502
-0.113117483640392 -0.197832686593823 0.226438117080382 0.210629659781498
-0.193073198820047 -0.189378911230906 0.139148912683705 0.293080592828492
-0.26439647529037 -0.00865935634490041 0.21200983064028 0.231719655804126
-0.180139765733245 0.183931636564522 0.254771056183931 0.0648036684047998
0.00966241135544528 0.194272238260535 0.160317248452805 -0.0392382032939537
0.0994390874730806 0.121460582781406 0.101578376121167 -0.0459096202344569
0.157238148089293 0.0437666996309944 0.0722048188028526 -0.0119874337807231
0.162875714583394 -0.00393755243264898 0.0911877917906182 0.010380481893542
0.163171180660202 -0.00896226527046044 0.111623529528629 0.0477151857539826
0.147661550500609 0.0521343190300869 0.0894899298684718 0.107940282599513
0.102874206570861 0.119646230332695 0.0133062783397451 0.178558054856634
-0.0129027890640089 0.208775130518678 -0.102783569147212 0.132276620047891
-0.158331815649906 0.139419501439799 -0.152345559957738 0.00804050326987479
-0.207449075677255 -0.0499330408764355 -0.0437407478841233 -0.0431581102095377
-0.172649909713973 -0.182546902496112 0.0873559906261645 0.155627545016947
-0.00959268508159573 -0.116593616674111 0.225925576322036 0.274475549870019
-0.077353260799651 -0.139638883837104 0.138985693921393 0.303990238833299
-0.150832487988901 -0.0354382891212681 0.16172476749418 0.243865594947794
-0.121181031209678 0.0949026231343987 0.213546927417163 0.11103058888114
-0.00142914866689342 0.1155410287682 0.168508540941771 0.0161626726559142
0.0573313360335502 0.0719110217260763 0.141215756039934 -0.00880305681693873
0.0983546379229336 0.0290203440975868 0.121545894923921 -0.00195433667571832
0.110195238980146 0.00102889707657339 0.13293624373592 0.0138968342391525
0.113969276447273 -0.00141295996824976 0.157184344719886 0.0520630947386799
0.108438100984276 0.0397422486850812 0.129630468475556 0.123669118547256
0.0702768871556567 0.0941907408015785 0.0367944993998576 0.204455424121912
-0.0304965058077697 0.151231161791332 -0.0962738328904115 0.156634736910942
-0.131708560300332 0.0730906959498912 -0.148803711894731 0.0289597494155169
-0.132060846261557 -0.0780252818064006 -0.031441475229476 -0.0333362915485061
-0.0608342485849158 -0.147960415458096 0.110489102476291 0.195342877799317
-0.0542489686439135 0.0763391235567512 -0.174768061755418 -0.221679063093818
0.0495609712565162 0.0648764494276496 -0.0419054553211681 0.052230096901846
0.0924471233946748 -0.00647010816606405 0.18171323867306 -0.0212215196693017
0.0295646124966675 -0.0748460334042485 0.145688436693775 -0.189155995228559
-0.0294708150000622 -0.0480249345460584 -0.0340567865682969 -0.265136992761696
-0.0367424045116674 -0.0106192907333479 -0.18851823840927 -0.17330659448866
-0.0446650268029191 -0.0092786745769091 -0.213628606783835 -0.060967514210739
-0.0387642381401067 -0.0124786571537537 -0.186577062554238 -0.00101570134370341
-0.0228580198865891 -0.0178212668357679 -0.1779550703416 0.0196820077903802
-0.000552058764389595 -0.0261394470065177 -0.194637714145969 0.0115300487377545
0.0220730870336892 -0.0308919352323114 -0.205803797625987 -0.0357768185826754
0.0610685282472711 0.00523182851227437 -0.208392699664802 -0.14121503616759
0.043164415120044 0.0651534574622413 -0.16589313957845 -0.242495783162291
-0.0535983088643418 0.0767435883256149 -0.118224741664735 -0.265840611517064
-0.102292963221877 0.0392227776390283 -0.230706392484236 -0.260286029772053
-0.165810456599962 0.00552854785774112 -0.117000120984823 -0.238265053355144
-0.0706427871217178 0.0608852653624085 -0.0206824310693725 0.0503093529763811
0.00414870778652472 0.072951581397972 0.218582170395463 -0.0231296442916272
0.0226403331217701 0.0351453886026884 0.182802284256467 -0.212698586284343
0.0195189113633878 0.0172320176096339 -0.0228138546895212 -0.290740656432225
0.0293968066045453 0.0199305424077108 -0.191229992182117 -0.192591501390033
0.0363915533474019 -0.0100877112308748 -0.215969304138596 -0.0635455661556256
0.039273042692495 -0.0209607722187209 -0.18102380660602 0.000353875658290994
0.0534682205726033 -0.0110175888276699 -0.169237196133663 0.0282387983877633
0.0585501302486327 0.0262002322916082 -0.183872510452421 0.0255697530081996
0.0441990047080946 0.0482592384253693 -0.198867146973286 -0.00740492213449322
0.0129356306081027 0.102783264377423 -0.210125582458541 -0.106468205745271
-0.0634458571377926 0.104380775615303 -0.178136732104921 -0.207536486981956
-0.165363566203334 0.0258478312916473 -0.134375817962072 -0.209046934733765
-0.211974588773739 -0.0613104819401903 -0.215347159820313 -0.199482588176215
-0.25004301094044 -0.0823775868738386 -0.0345219010117158 -0.21108875144596
-0.19725047832706 0.0210031122720639 0.0183266353681193 0.0729294627583583
-0.113354598281734 0.134624705883457 0.264598534766376 -0.000763610526170767
-0.0109569946690679 0.158199403463832 0.236879628927572 -0.216492078664327
0.0621231299272886 0.101035665500185 0.0108545778892986 -0.300887373409435
0.0937710799334912 0.0617218646636328 -0.163467455819494 -0.203150236409208
0.11451091145084 -0.00198020365408987 -0.190846951040918 -0.0630088387885942
0.110710540681643 -0.0277535528721787 -0.149463496283374 0.00147105310007526
0.121376900466361 -0.0128054941491719 -0.13287307944021 0.0386873497921481
0.114713442483595 0.0567284411944391 -0.148661378915463 0.0518711533727991
0.0802928851864621 0.104766161173589 -0.176728856915942 0.0428886970906808
0.00378304966111157 0.190425593338419 -0.211878312979405 -0.0465122570460215
-0.131205436241366 0.16310407647981 -0.197785350539468 -0.155943968319485
-0.252056999171101 0.014397781196577 -0.140329915934135 -0.151223980276093
-0.299770501070546 -0.128835231984308 -0.170808887801864 -0.115200423149743
-0.292218054548192 -0.168641904104972 0.0587723654194346 -0.137056434088919
-0.300304707253393 -0.0486903253561952 0.0683385831193161 0.120587892699051
-0.239242397807915 0.158950028882943 0.304409619236039 0.0488600625150318
-0.0728809189227876 0.261180786955 0.289221728760287 -0.183792280391773
0.0833079499186701 0.186984320227966 0.0600646439948845 -0.278790233154065
0.140946679297698 0.106719011763809 -0.107557662784019 -0.195155887118875
0.175925905450956 0.013587086016654 -0.138584434114871 -0.0585057623385607
0.166629314639567 -0.0304380877489613 -0.096442420399823 0.00210277390802201
0.171416316108592 -0.0203774929953952 -0.0763656973978554 0.0447783019182843
0.158492268164477 0.0662247400861513 -0.092531796949754 0.0749851080375571
0.117211731932032 0.134092119397076 -0.133616186415195 0.0942277031244362
0.0180596943674091 0.248629333700663 -0.196518382243327 0.0204171184320471
-0.160283394136309 0.214849465162394 -0.206420538409403 -0.0988628675514144
-0.299515876865934 0.0227462535425507 -0.128696776400795 -0.10556877749174
-0.34713150228729 -0.164984624258686 -0.101514040647993 -0.0299346173325264
-0.281555605385495 -0.228555223982008 0.147188368059066 -0.0250539052328558
-0.343034445252811 -0.129660673920999 0.115822286968907 0.186529940995065
-0.329535105701473 0.13006530848972 0.314555593828712 0.118199492347375
-0.145183328179891 0.307476907379476 0.318292509292096 -0.112645678173833
0.0746969963373973 0.244976744342329 0.110745713379228 -0.218661212028817
0.159371335358119 0.14030209585704 -0.0340403084537228 -0.161603424982315
0.207333143394024 0.0297043644503615 -0.0686790224327598 -0.0474309582257985
0.196845790199096 -0.0280221918355432 -0.0304563241773101 0.00269173730079245
0.197413471928309 -0.0267310951730329 -0.00950276410902904 0.0460539443836302
0.181087161738882 0.0615782923786632 -0.0251957389909249 0.090459747376542
0.137881374141229 0.140655355412725 -0.0767248465466969 0.135389776801713
0.0280480382091668 0.268713050617629 -0.164374188335539 0.0773737250945012
-0.165824855760813 0.232280812965971 -0.198324003387745 -0.0476013127588226
-0.304370335167775 0.0207378890538927 -0.104012600569182 -0.0756632621642455
-0.341908470103865 -0.182720085082646 -0.0221269690340306 0.0437014728476411
-0.223607415976668 -0.241902639246054 0.213861967159224 0.102011110767258
-0.309099225372825 -0.184897170541577 0.148666061395249 0.253870019804068
-0.344202108600844 0.0669190062272518 0.286877779475129 0.186596080777992
-0.188518105276783 0.281458027836913 0.308946024296487 -0.0239625177387269
0.047762955377732 0.252161547493415 0.148150695982234 -0.133828915502657
0.146708149383318 0.147346160577869 0.0402946082901141 -0.10904737337391
0.204241669525567 0.0385954427693965 0.00758180441383848 -0.0326997051781803
0.198531514516267 -0.0228457038065199 0.0367480737231828 0.00447648322732297
0.196706092745631 -0.0270024783434719 0.0583233012151378 0.0446273653414022
0.18111724712568 0.0538746639450084 0.0419966066051601 0.0997753224703976
0.136248971947511 0.134670975358058 -0.0202540269262038 0.162732133488552
0.0203029298462412 0.256680516585937 -0.129243239960223 0.117320741790968
-0.165548433544532 0.208383076809634 -0.179186754987452 -0.00937521985697408
-0.275685816745321 -0.0029655581957475 -0.0745389907724949 -0.0573128854869496
-0.2864560153847 -0.188056698531396 0.04961811297082 0.105175192162809
-0.130506629231751 -0.200920641792211 0.250239487404746 0.211360069778291
-0.215152993037679 -0.18824222670484 0.161255930575468 0.300424279583172
-0.27864238649951 0.00780128086917687 0.235091525340653 0.232239813553357
-0.179036781056244 0.20406076899337 0.270280703238922 0.0544648411778066
0.0210956882811193 0.204562861409938 0.166926624372584 -0.0499560331324857
0.111796393173846 0.122203716532127 0.103548705899953 -0.053932491106198
0.166771018950629 0.0365416720106434 0.0767943812736492 -0.0176162649794718
0.169578887371008 -0.015700978294131 0.0967902555809435 0.00578959619616285
0.169888016281472 -0.0201972082055309 0.12008821363438 0.0441212352114414
0.157933633061812 0.0459624603338062 0.0997140233092808 0.109311188535979
0.115053281164348 0.119621024750466 0.0244370925411849 0.187846081714124
-5.98346524213816E-05 0.219781079722468 -0.102745171342643 0.146009950246876
-0.157113267125889 0.155390082213271 -0.162822861101352 0.0181453556379465
-0.22127750777453 -0.0408353486242711 -0.0504728879565266 -0.0433667965072246
-0.192088004194463 -0.181179043839145 0.102114970656799 0.158280641490235
-0.017702919864568 -0.120695620968648 0.253535497072997 0.278311546333106
-0.0911786574696393 -0.141752106003898 0.161561169262516 0.312926183445842
-0.160464131098757 -0.0273552780246397 0.182206639509149 0.248681489623938
-0.121989585755242 0.107308755286749 0.229160169556505 0.105207354800472
0.00483284290100362 0.121905769114838 0.17886219018002 0.00786084065620416
0.0635353296869426 0.0730443132836655 0.148101789481732 -0.0168875905874755
0.104092775167119 0.0247637907737009 0.128547006501422 -0.0094606974854148
0.115080400150872 -0.00660891973612975 0.140803967088719 0.00746520970237974
0.119264094727914 -0.00971168148001649 0.167274598076741 0.0459626680090627
0.115766768181614 0.0347145046213415 0.142135107691183 0.123031037420491
0.0794720938880455 0.0950693348543295 0.0509972370191964 0.21340415299084
-0.0218592588418792 0.159979008191764 -0.0944247438191964 0.170498664525005
-0.133219025534266 0.0843385702516359 -0.157497060184855 0.0389357681864757
-0.142906162757601 -0.0748967422478609 -0.0362733327823109 -0.0340394155616266
-0.0732852407470026 -0.151678319471069 0.128315475205528 0.198377532423744
-0.0493994335507173 0.0838151660950657 -0.197515273289898 -0.213208979830194
0.0550146260800767 0.0639860515729493 -0.0392870481270553 0.057524032847018
0.0947080299367143 -0.0147502283711303 0.184211312954367 -0.0363704982938751
0.0241361546818139 -0.0791299648855499 0.134413828200199 -0.205036465261993
-0.0340307010855338 -0.046891581730297 -0.0550737858317838 -0.268913067933402
-0.0368395203580105 -0.00800328213728914 -0.206322740705932 -0.162063137065252
-0.0456063722454478 -0.00509465229443493 -0.222915796777188 -0.0446898809441074
-0.0406478263181369 -0.00846330109332829 -0.190720498244752 0.0140089459552076
-0.0245999958849707 -0.0161712937265535 -0.17995684111993 0.0343584835243389
-0.00179499781457932 -0.0260181077934588 -0.197036186749309 0.0280945232341784
0.0195791915842918 -0.0325377626260027 -0.214403067405916 -0.0191377166001564
0.0625787262248712 4.85064369580811E-05 -0.225882778412337 -0.127128113473966
0.0478031638370544 0.0624581534668591 -0.187948531386807 -0.234827476860141
-0.0498809270195301 0.0835753529726865 -0.138334311053266 -0.265379749577956
-0.100971098017547 0.0485475592177143 -0.257363665569607 -0.250956794501936
-0.168648038196479 0.0203072994736395 -0.138729102882195 -0.235657122398965
-0.0687058542527539 0.0682017950668036 -0.0172830572299642 0.0540674792651123
0.0115700218701517 0.0742904977816981 0.220192401174138 -0.0411928094210733
0.0270766068092288 0.0347184656949373 0.169964789033583 -0.233351181947649
0.0217347021815575 0.0158645872014662 -0.0462640058541129 -0.296166365180863
0.0329927486178124 0.0172655644615937 -0.210700146281132 -0.180763431285286
0.03647944276948 -0.0131991859955838 -0.225068293188763 -0.0465936335066853
0.0373688419680384 -0.0250017129321948 -0.184138401403683 0.0148493704354903
0.0543948526666427 -0.0157958910526906 -0.169553532627484 0.0424422943246928
0.0632360746143878 0.0217624555393421 -0.185473509004052 0.042405686928596
0.0490235082831877 0.0460726543077316 -0.20504932638944 0.00855997463499119
0.0225296432184887 0.10363762341502 -0.225182875404094 -0.0914627981837973
-0.0571428441492401 0.11136524018779 -0.198691062584233 -0.198377311881598
-0.168064929448989 0.0406288314402103 -0.151597282058188 -0.206974170571767
-0.221392099552145 -0.0443783514562749 -0.236867872622695 -0.190289024683539
-0.262078347540868 -0.0635672561133621 -0.0528360786168894 -0.214572840064533
-0.200556389877137 0.0369863255248017 0.0235767367175096 0.0735952153033673
-0.103908298232161 0.148253640918967 0.269468627586774 -0.0226528085489465
0.00318832613975909 0.163017234302093 0.224546372554731 -0.240974434423777
0.0727207794520452 0.0986406042553958 -0.0132048627153417 -0.309852021737482
0.101987950652964 0.0549615435495064 -0.183450357469294 -0.194123558980739
0.116917864077328 -0.0109910760272825 -0.198586141537431 -0.0493816598361459
0.110084986030331 -0.0379651411181927 -0.151858386876466 0.0133321195435994
0.122935820545732 -0.0243563557376147 -0.131891799997773 0.0496247474697362
0.123087377201774 0.0485519045790396 -0.146859991693025 0.0660400368324925
0.0907419528300084 0.101187676846164 -0.17772317295181 0.0586092068790655
0.0206293126315708 0.1942130702789 -0.223449587031232 -0.0293506446842413
-0.121647080948484 0.177759670126231 -0.215025376147602 -0.144369921855074
-0.258285938220952 0.0351800551295527 -0.154697468997309 -0.147198027562673
-0.317178017730999 -0.106332625759007 -0.183802069248113 -0.107657256104096
-0.312268498015302 -0.148433323468047 0.0489006909665521 -0.146667150049553
-0.311569006549999 -0.0257477887061591 0.0779083653469294 0.118007164038688
-0.230631116206148 0.183499836683846 0.313816898050714 0.0245239169296035
-0.0510908579554704 0.274631037978627 0.280316865239477 -0.211508917498072
0.101714103636004 0.185245207922123 0.039357641856494 -0.291973056997087
0.153702105006844 0.0973064192646776 -0.126117205466894 -0.190494658508892
0.179995188206812 -0.000720400318610012 -0.144608037041298 -0.0498570727210773
0.16644031909427 -0.0455358062543164 -0.0982280575752578 0.00897397622475753
0.172747599667236 -0.0360493681968908 -0.0739056374360881 0.0515348805216434
0.16815232555832 0.0540280249540809 -0.0877533511976862 0.0851674833848864
0.131127661618274 0.127869446291028 -0.129255065944015 0.108442963855834
0.0406425469054114 0.252411108402813 -0.201953326122527 0.0385529467958659
-0.145785268628887 0.233795915193792 -0.219634506595035 -0.0848545980471163
-0.305156388498754 0.0471041260436108 -0.140319816756335 -0.100350208179551
-0.368211870342213 -0.139342376498694 -0.105321994286108 -0.0261324298622664
-0.306398843577567 -0.210752951517446 0.148053342428236 -0.0381565938750309
-0.36280954483281 -0.104866916104288 0.132005180677635 0.181601745451315
-0.325496514676383 0.161772282835838 0.330572070504447 0.0958975728740956
-0.121978984479858 0.327643676320342 0.31629949399091 -0.139793789761668
0.0972805453057695 0.245319781213493 0.0960603445964746 -0.233486815443922
0.174743839437595 0.131151567299131 -0.0489890203317395 -0.162137183541926
0.213647313561381 0.0131227227028347 -0.072051024201396 -0.0446406486850461
0.197011965113293 -0.047121064881913 -0.0313782207082279 0.00491621073133436
0.19845476867776 -0.045408435925919 -0.0057429519023657 0.0476284734688321
0.191036870646902 0.0482826519531165 -0.017481611557955 0.0952505805198945
0.153417318175772 0.132826350147195 -0.0676435055397202 0.14517920208226
0.0527158543797755 0.272019080711575 -0.164353248101411 0.0947034487302477
-0.15033754893845 0.251406023730201 -0.207792917266294 -0.0323637076069834
-0.310058620042017 0.0458347908079904 -0.11273363913924 -0.071675750456188
-0.363583664572774 -0.157130714502106 -0.0179972008235607 0.0439314609429217
-0.248713871973 -0.228897508675819 0.227101509775399 0.0871301333958496
-0.331949385068892 -0.164756928549684 0.170164370018239 0.247901880917737
-0.346497934518576 0.0981052988013993 0.307632410929045 0.167712369695403
-0.16901254500249 0.304570505828258 0.312552923358966 -0.0481884439753977
0.0695158782400633 0.254530716765518 0.140044091124228 -0.148778631045723
0.16246967566932 0.13931569662457 0.0321635069582267 -0.114153309879995
0.210473853495237 0.0223506165808828 0.00656366694136736 -0.0346039921674021
0.198402345430697 -0.0415536519549176 0.0380965688016185 0.000921723723437643
0.197616544661278 -0.0448023473756998 0.0631521115737094 0.040836538582487
0.189679300610848 0.0407997594661442 0.0509338340084508 0.0986551461936918
0.150007978428059 0.126454231401212 -0.00793041042074728 0.170349721404156
0.0441704736975876 0.260164243295192 -0.124151107065663 0.13243402027805
-0.150890017759872 0.227255012265374 -0.186607967264839 0.00589347682717575
-0.283243575327402 0.0187408366410173 -0.0817476615664741 -0.0538220453085849
-0.308295467250308 -0.167647176461956 0.0611621075305759 0.101975847370676
-0.150399602036947 -0.194461659942227 0.272510333972177 0.198614704664177
-0.235266879004214 -0.174015238842849 0.187145549851078 0.295176286801153
-0.283832085288924 0.031827532428991 0.258749341008544 0.220224193871278
-0.166061700985492 0.224100590335511 0.279546394425972 0.0360856368839913
0.0385450193821866 0.208278111119959 0.167512884178384 -0.0643872703770694
0.124364757670118 0.116999880297386 0.101770546147702 -0.0632205258989482
0.173355768868023 0.0233202322889981 0.0781915320015014 -0.0253465205055937
0.169842640062172 -0.0314440328473486 0.100217382888923 -0.00155968116168315
0.171083596106842 -0.0355911842807813 0.125987118032689 0.0353326792362343
0.165150984650517 0.0335002439090674 0.110446588627539 0.104316700512758
0.127445137885979 0.113194178140201 0.040279026698845 0.190381777962108
0.0193654444428243 0.223956306941309 -0.0950840123442966 0.158965609137631
-0.147304959961691 0.171078299460591 -0.167116683264906 0.0325522836999219
-0.229510558380233 -0.0246445881200136 -0.0561926830899772 -0.0418366713972801
-0.210876089320263 -0.167581670214325 0.118544243599242 0.152082620363266
-0.0286930445714468 -0.120812372458878 0.282094877924333 0.267761394145934
-0.104399897692941 -0.136448034381275 0.188463095891116 0.306897382653584
-0.166140466416629 -0.0139123763722216 0.205911221655684 0.241733131639021
-0.115919525713454 0.120557860121038 0.241743255693297 0.0914967348422111
0.0149117111159489 0.124860193154355 0.18425161854464 -0.00570107028360517
0.0705200623024376 0.0704948112496777 0.150713181341882 -0.0289249396786914
0.10769477861302 0.0163809904780923 0.130998586296705 -0.0201910970515986
0.115651178719846 -0.018101237594179 0.145685809933342 -0.00345293550516892
0.119098062720419 -0.0203065656059812 0.174211629084897 0.0336669037813567
0.120749009237518 0.0256958067614994 0.154061943359458 0.11569028828927
0.0887625377129404 0.0897488043842775 0.0694762116599225 0.215466788902984
-0.00779592099081795 0.164072577194052 -0.0847946582065308 0.183424059799011
-0.128391646705891 0.095692951083333 -0.160730911496269 0.0536235638577513
-0.152082517958416 -0.0661705228584143 -0.042109841692298 -0.0325477708864634
-0.0876514739588227 -0.147691829565454 0.14897913409822 0.192508175744087
-0.0415814109134947 0.0879364503435578 -0.210706377411287 -0.19702488289675
0.0583645300132163 0.0597539233082845 -0.0348093854840923 0.0618039010116951
0.0922570879745817 -0.0213127944873203 0.178374576057782 -0.0481201416029291
0.0184393385699485 -0.0786192951787669 0.119074266764997 -0.212224956235627
-0.0364578558606442 -0.0443148255226924 -0.0721914529508639 -0.2614585759678
-0.0352354675912462 -0.005308239633306 -0.213286573614955 -0.144075130703026
-0.0438261590819874 -0.00100117117604166 -0.222156624683639 -0.0282376237815011
-0.0400072327988179 -0.00468338999964369 -0.186179416927999 0.0273981944233426
-0.0248669143562486 -0.013962199283534 -0.174607484490205 0.0468537222468234
-0.00345672232713803 -0.0252200496155193 -0.19196107176397 0.0423962754764742
0.0167325978932232 -0.0329749063842368 -0.212830939469171 -0.00390501440877098
0.0607722436968561 -0.00476093403889021 -0.231359153830652 -0.108248111252686
0.0495483359200329 0.057481121000143 -0.200981380408846 -0.21793583876579
-0.044090493398384 0.0871269154775325 -0.151099705674494 -0.255065838604748
-0.0952121992844116 0.0553531063225811 -0.271736094584853 -0.23296510719932
-0.16362084427427 0.0333132026944187 -0.154485508330123 -0.224252530051822
-0.0629067269062051 0.0725885893718632 -0.0147598539778491 0.056016681884997
0.0174654434047549 0.0719334018024254 0.2131715651718 -0.056322471734722
0.029963677933648 0.032770986821982 0.151726799060839 -0.242336094576824
0.0227058635802061 0.014040179079663 -0.0665269541392854 -0.288431099118811
0.0348220634657389 0.0141062206978738 -0.219439687025481 -0.16214292148725
0.0357224936844959 -0.0151096908160163 -0.223610523725552 -0.0301016778748881
0.0339664284055597 -0.0271474182708168 -0.179680965268395 0.0280727305524348
0.0520333295655951 -0.02006410464937 -0.162926284020354 0.0536077502676925
0.0643549872218665 0.0170122341435605 -0.178096878574539 0.0551752059696679
0.0516276591509773 0.0426324319881344 -0.200968158987472 0.0233790408286787
0.0295230578906999 0.0997762003479771 -0.229609624925418 -0.0726847094762963
-0.0499981368442238 0.113593943423029 -0.209150592783533 -0.181787700371942
-0.163507551779273 0.0524287828805841 -0.161186631642498 -0.196777634786122
-0.219716819942517 -0.0271059714313053 -0.245868406183597 -0.174593753806683
-0.262280151065822 -0.0425864918277647 -0.0680358865414159 -0.209601086370423
-0.195094439724281 0.050888812199773 0.0268497379449336 0.071312701927313
-0.0902910572824386 0.153609490268839 0.262882114694418 -0.04094642781271
0.0159898543895403 0.160783011415745 0.203670980245229 -0.253365026022997
0.0789470814296276 0.0918372916900922 -0.0348275841482376 -0.304649340041962
0.10530201291373 0.0466367307354572 -0.193941404674404 -0.176592298485063
0.114434413483229 -0.018794495701929 -0.197781757280446 -0.0356650621761172
0.103364511009718 -0.0459390373848337 -0.147707940729283 0.0233471501473217
0.118343789711122 -0.0334682221050091 -0.125537927128527 0.0580960428344471
0.12567752650148 0.0385620085979227 -0.138641544287843 0.0754285976926912
0.0970036949360814 0.0934239944521867 -0.171313162733073 0.0711657714957682
0.0356879618222302 0.188734346289857 -0.223343686608787 -0.0114601516314131
-0.107534642126083 0.184238497600199 -0.222935163643127 -0.126934326307473
-0.251840577823177 0.0527919706218233 -0.161191951700809 -0.137739227269787
-0.318845346214452 -0.0804561136985043 -0.18803553395369 -0.0970350461092351
-0.316722481523237 -0.123735060690189 0.0367228508058629 -0.148935515011669
-0.309929176307934 -0.00414577827313236 0.083001790768209 0.111274749876342
-0.212365083686032 0.196952198269544 0.308602693616114 0.00282148184395076
-0.0292758382495632 0.274866506414064 0.26115378874209 -0.227978183093518
0.114050105334743 0.175094641405302 0.0172550334639176 -0.290318762715519
0.159512266894408 0.0845162461241235 -0.137946341394822 -0.177212649623401
0.17708733470643 -0.0130147494945199 -0.144242889869038 -0.0397543935344015
0.157594108521904 -0.0580558945413046 -0.0949767601466617 0.015543075700263
0.166145570879205 -0.0493318221960209 -0.0683228862884126 0.0553964312740102
0.17003231576838 0.041105080410025 -0.0793408836563827 0.0908538538988855
0.138375940456624 0.116604245518829 -0.119474361344591 0.117060209649437
0.0597383471232237 0.244758019410897 -0.198353231691584 0.054722313209163
-0.127067277015368 0.241220329475484 -0.224291780481143 -0.067516028580654
-0.297948961352634 0.0682461008237714 -0.144886003203719 -0.0922316455976183
-0.370987791366205 -0.109965452002469 -0.105224199749117 -0.021741321959575
-0.31743108962909 -0.185493745624625 0.142752567256132 -0.0484262478928172
-0.364952322653345 -0.0787622171259983 0.139459462358366 0.16961089131205
-0.307177303821512 0.183440240527116 0.329248700600413 0.0711704462450021
-0.0943744642820391 0.332154991872735 0.300184066682677 -0.160396353060591
0.114133700876209 0.23494445485737 0.0778037821343268 -0.236985657219204
0.182637140425805 0.116797682535221 -0.0591473599811107 -0.154799287768508
0.211150769701651 -0.00245436321152477 -0.072647978843964 -0.039690411900357
0.188137032612404 -0.061363183134514 -0.0302039310110869 0.00652090374985892
0.189990210909785 -0.0596699020667466 -0.00173555274139418 0.046464246509411
0.191652851543678 0.03383091499288 -0.0102370914634828 0.0954210489038202
0.160598355088595 0.12029971997573 -0.0563807771437156 0.148045928933803
0.0732007946358619 0.263556723633652 -0.156539153891929 0.106783827176672
-0.128804746671513 0.258565762664368 -0.209025360986083 -0.0160601935133867
-0.301936414871141 0.0666383491529085 -0.116947298759376 -0.0638652257965822
-0.368760145142937 -0.12597746687644 -0.0135828017121987 0.0421839326986071
-0.260822075943437 -0.207724127803611 0.22875273330097 0.070006785233969
-0.339807907602394 -0.139555950107977 0.181562355245593 0.232331052860183
-0.332472908735972 0.122532860732297 0.31282135889691 0.143851562350707
-0.143499071757558 0.312683141259848 0.304253534664662 -0.0679070461124052
0.0868755682170734 0.246349516527888 0.128567206937062 -0.155988537480988
0.170372274591505 0.126086670951578 0.0239645051750629 -0.113365885453434
0.208260340545136 0.00711135217166774 0.0055106148472114 -0.0358863753590179
0.189868780467691 -0.0557168407727925 0.0387574476634777 -0.00179608268362681
0.189171978557088 -0.0598036392419958 0.0652322371307306 0.0355011246787726
0.188951245691511 0.0262271592069519 0.0574838655201964 0.0941305282525797
0.157251891567661 0.114273583596662 0.00477413350903055 0.168052114797489
0.0634292580454429 0.251715300310308 -0.11478366660548 0.141601677989853
-0.131741489789697 0.234187083338016 -0.185230910310645 0.019941035608926
-0.276878475927458 0.0373802739220524 -0.0859048046698487 -0.0481113270868384
-0.313574849595266 -0.140173381287304 0.0683573150288128 0.0939842281385724
-0.162008855648737 -0.179966693500256 0.281818850434513 0.177544881587388
-0.244167395014907 -0.154627220503702 0.201339130648827 0.276157658447237
-0.27521411715436 0.0526329081373157 0.267740866335078 0.199386613727061
-0.147416726104683 0.234325534952643 0.277321313982759 0.0171077638586518
0.0534097481111334 0.202424340260577 0.161220933358632 -0.0741443044891362
0.131111512924998 0.106731411243987 0.0959841132417368 -0.0687005676143339
0.171200833033709 0.0110752148921843 0.0762878930519263 -0.0306137735476545
0.162822694834291 -0.0444026672076967 0.0993470554327908 -0.00879955528752087
0.164369620954625 -0.0487216346042455 0.125580709049211 0.0258982105188144
0.164243759628745 0.0209976925663446 0.115694675720906 0.0951511236568985
0.133201065333342 0.102074572141171 0.0528662486793174 0.185185599470181
0.0365483741266813 0.21759714820178 -0.0842781236071774 0.165110254192932
-0.131640751542372 0.17860124595026 -0.1642210777944 0.0447176043543608
-0.227250802292151 -0.00901010820938557 -0.0601401396191453 -0.0370990861034208
-0.218703968483427 -0.148104760413911 0.128853003514208 0.139643000376937
-0.0365558738294203 -0.115980023492562 0.297151215128258 0.246738454503333
-0.11247443754369 -0.125495621251844 0.203965045300183 0.288624681505275
-0.163026794791197 -0.000755497956377062 0.2178435634651 0.22568514070861
-0.106095640067968 0.128326754239471 0.244370035580093 0.0748582631003254
0.0234617926640268 0.121535512759331 0.181045596243624 -0.0177129658788525
0.0743558561218107 0.064889208185206 0.146799473301094 -0.0386728129224069
0.106473420655643 0.00891468968453299 0.128648561340928 -0.0293772847623424
0.111365276032897 -0.0277036735805563 0.143897660417212 -0.0130893787680635
0.114985052552072 -0.0294682674792583 0.1727954428093 0.021194257932065
0.119695003074097 0.0156275708082992 0.159159328021648 0.103740490064994
0.0941964909061563 0.082274020992558 0.0843459611800223 0.206928655083987
0.00509501296248331 0.161721639054251 -0.0717858738401376 0.187802488800709
-0.118518793867103 0.103313027653025 -0.155449559273915 0.0642398854729304
-0.153624640659342 -0.0543886553193057 -0.0448152827558527 -0.0296814689075276
-0.0956170023792093 -0.137505071069486 0.16192804374338 0.177026190552467
-0.0320422804915847 0.0902770892130322 -0.239209783703904 -0.144922280712644
0.0643893255400857 0.0499298802683423 -0.0208177402198428 0.0710051362190651
0.0837417105503247 -0.0377315341451094 0.170002296906859 -0.0763787364721498
0.00103242378618478 -0.0805327871011341 0.0834129315507077 -0.231494745975664
-0.046211267144921 -0.0349510274984017 -0.116942985404091 -0.243772994416397
-0.0357125650867661 0.00191479939780861 -0.231490166031807 -0.10445242846381
-0.041202304743458 0.00753896391083065 -0.222780516783249 0.0077901167468747
-0.0387204578265804 0.00281256829059944 -0.175174385658859 0.0560163397078136
-0.025758337279203 -0.00809525157622956 -0.161006056598272 0.0749744154053009
-0.00780698715392938 -0.023057788063535 -0.176481667539552 0.0752688369282354
0.00979854026200363 -0.0320904973839387 -0.205769945745049 0.0343866879204016
0.0542466912954574 -0.0142609574507853 -0.240695894863173 -0.062419808756696
0.0513436116384101 0.0459398324082884 -0.228892271306974 -0.173211303198944
-0.0311418291985317 0.0856266242703841 -0.188395200469665 -0.221359909022808
-0.0885973526858457 0.0642126477918643 -0.29605213398193 -0.182866667720831
-0.154191369394982 0.0534248682274435 -0.196934230229056 -0.184424584694714
-0.0473775493007643 0.0784484270767454 -0.00738075851478813 0.06071279628317
0.0284346430251669 0.0604872857744568 0.194487018193528 -0.0850840773717118
0.0296021126595243 0.0212380407063421 0.10698582011546 -0.257081046452456
0.0177703148444612 0.0103213246128721 -0.112533077445622 -0.266949780362107
0.0346117132066794 0.0111994809210972 -0.236550792726588 -0.119306701099064
0.0315402916931399 -0.0175178105791582 -0.221128252264787 0.00589975411471782
0.0279252214225891 -0.0287338743874957 -0.168450212003466 0.0547097262088019
0.0463476359759291 -0.0256433150929675 -0.148764483231517 0.0809431596685397
0.0636326867504856 0.00777798296927986 -0.162830482393016 0.086973219846925
0.0533529707669345 0.0354531213318642 -0.190571381936798 0.0581777380838225
0.0404492547634321 0.0903336072621246 -0.233772725143386 -0.0311938158592731
-0.0352066046257865 0.112282371559285 -0.23408715686508 -0.137841381254236
-0.150091356851576 0.0709350897245358 -0.186707427268881 -0.165340956446948
-0.218764821434796 0.00240002641313873 -0.261554792061538 -0.132902213954914
-0.255683677192272 -0.00691007375924843 -0.116918011177183 -0.191403269068228
-0.175337915761206 0.077304438114449 0.0293687031925171 0.0666843231255989
-0.0596423248468486 0.15153735991006 0.235379272189884 -0.0750012896779737
0.0379456833304894 0.141735658004662 0.149384512868448 -0.269542603596416
0.0816591138174544 0.0743800142144789 -0.0816731386603126 -0.281707952342997
0.105969066118251 0.0315513756626209 -0.211751922386875 -0.136476414281595
0.104903414476763 -0.0336763544294227 -0.192782110231828 -0.00275743975782844
0.0910914759145242 -0.0563375629598252 -0.137392290421708 0.0464872134940757
0.107794231241139 -0.0487676623041679 -0.11274682321811 0.0796338361620143
0.125775935513325 0.01899717356263 -0.121285578067976 0.101334858103729
0.103664085918761 0.0783697760645694 -0.153077741868537 0.0985878740599813
0.0592414581229739 0.175646254292095 -0.218816384759289 0.0256637112655892
-0.0800955588546709 0.18714147860863 -0.239905601904841 -0.08290137090401
-0.23397045748912 0.0854573579377809 -0.17576555581085 -0.110582994988255
-0.319174392217811 -0.0340209921583089 -0.193083754439894 -0.0697205753109123
-0.316620334933954 -0.0761679123875581 -0.00824773230960271 -0.156169813150397
-0.289312732069263 0.0410669461854669 0.0855541403223469 0.091773648100034
-0.165960513106469 0.210804486647601 0.277871904196547 -0.0396431671870637
0.0147992210511744 0.253610642832713 0.201047234724423 -0.248797034266457
0.126770129270312 0.146245716935358 -0.027436505957798 -0.270688713838865
0.162942574336659 0.0592867643028187 -0.15531492393614 -0.14463449036722
0.16481260446026 -0.0380457917498276 -0.138836398108794 -0.0141721107163176
0.140555473284129 -0.0754500166982846 -0.0871425121114637 0.0307207537002995
0.150308010964879 -0.0708224350319593 -0.0585974312380026 0.0681311763858859
0.169749686987844 0.0150377556607046 -0.0620712077316586 0.106359850461525
0.146850349156259 0.095917552812993 -0.0945774174256594 0.133699787093372
0.0916185919210945 0.226059483898278 -0.184001587243868 0.0837809771308616
-0.0905267472643516 0.243633759656532 -0.233094903734336 -0.0241452134501593
-0.27460239553663 0.106642720260721 -0.152620783887563 -0.0698719177584586
-0.372999383972863 -0.0538016692802602 -0.101518220142406 -0.0105550339082788
-0.32189315997348 -0.135938176450885 0.110989991443101 -0.0820599236133003
-0.351077760093438 -0.020717246529176 0.148047760514344 0.133924186230348
-0.255416624925087 0.210951135061883 0.303320382207676 0.0202017755622401
-0.0360728752987828 0.318466262780955 0.244588478236073 -0.187104267325597
0.137913522769615 0.201625951539711 0.0400524901980785 -0.226234547190772
0.189199564905908 0.0862571072118125 -0.0738725872390177 -0.13446459119466
0.197791163487124 -0.0338338324786675 -0.067015041312043 -0.0243684004505282
0.168943538380588 -0.0835612017363613 -0.0254741103331861 0.0118921869821579
0.17190608704325 -0.0850615861632251 0.00438006866711134 0.0492930597151184
0.189677262611929 0.00448400655948672 0.00525418628462127 0.0992208411597836
0.168702285464927 0.0965221561015749 -0.0282711470751192 0.152651319185116
0.107464066551013 0.24304220219717 -0.136401024175817 0.127869334785097
-0.0897808183675101 0.261091432102757 -0.209818737750049 0.0232924081767757
-0.278979199952889 0.10632880038906 -0.120797854677917 -0.0478464519807967
-0.370566226832082 -0.0695788583349918 -0.00386218753482929 0.0358130959316171
-0.269209292122443 -0.162467872041198 0.218030036169512 0.0155917050783313
-0.334817398784688 -0.0817896676477579 0.200993149800479 0.183523489404928
-0.286283745595093 0.159305136978609 0.298622299670685 0.0887018600705417
-0.0822058883546963 0.308902104713921 0.260817276495457 -0.101787278195007
0.116024990707609 0.215473822366186 0.101748874085343 -0.155915442842154
0.179834434845548 0.0960412586273198 0.0126288019385324 -0.107788769245538
0.197215455071206 -0.0249828968382667 0.0104447948062587 -0.0309884761534242
0.172041293286613 -0.07947837396371 0.0392632278063935 -0.00710305525158578
0.171305509538828 -0.0855053590276353 0.0678151171706852 0.0272754204355572
0.185462573244594 -0.00274376536659853 0.0703755551797839 0.0860956693195729
0.165064798156589 0.0908374048010402 0.0334712604736335 0.161466021341698
0.0970904639912947 0.234192879706217 -0.0889538693957417 0.153423464231593
-0.0949050618055507 0.237701048839056 -0.180645021060749 0.0537263907424593
-0.259044659762401 0.0746762295792329 -0.0889896471663347 -0.0368010456673479
-0.318216923701506 -0.0912647271677894 0.082751025182418 0.0740447338432112
-0.169492678219032 -0.148838894014121 0.293735235555503 0.110515039506607
-0.246034977492673 -0.110243056821334 0.231661599249493 0.223808482881364
-0.242532450998562 0.0867542931195439 0.270475013870115 0.145523071433205
-0.0958852515621671 0.237344350246181 0.252474707610751 -0.0201609053404631
0.0796567483144438 0.178641910457748 0.145254580793414 -0.0850250859318127
0.139199070725526 0.0830609959894167 0.0882337052316573 -0.0772070499604389
0.162210836806652 -0.01658251174648 0.0783675037145612 -0.0382816616242337
0.147992549493998 -0.0655157611785404 0.0969333896223501 -0.0236543755824705
0.148369464662328 -0.0715118107038222 0.12486650818844 0.00715823871551398
0.16176669844402 -0.00462564417937173 0.12666283115704 0.076161918290747
0.141061541757911 0.0821627581776948 0.0837460067540148 0.168869412799493
0.0655543806587555 0.205311760119089 -0.0552101673888879 0.17036370133901
-0.101764626125437 0.18535528077025 -0.155343473369212 0.074099693953116
-0.218165598119241 0.023739184841211 -0.0617938894413833 -0.0294684810372912
-0.226412630099929 -0.110096254863016 0.147418873276466 0.109438446203732
-0.0417029014608416 -0.103926276301172 0.325695114372781 0.177594140195408
-0.117136775210857 -0.101906337413099 0.241450732577877 0.238046381135303
-0.145713779063924 0.021428999892159 0.236158160508395 0.17807197208514
-0.0737573390125875 0.133200676065918 0.237129476168289 0.0363120939210701
0.0401581817489566 0.107369789265012 0.173162746821128 -0.0400515423471004
0.0792494371078977 0.0499094275228567 0.140194420643328 -0.0595048936435545
0.101435503389964 -0.00840420123764568 0.126922436467436 -0.0470197280910222
0.101092824535009 -0.0425737066105581 0.139575643509431 -0.0355893132752078
0.105600046348594 -0.0462593447699642 0.169778303911427 -0.0068238694452693
0.11785868799739 -0.00267205230267552 0.170951514653333 0.0756169092876939
0.101248426050928 0.0681816566122182 0.117322786315447 0.183589742354299
0.0273375496196293 0.155930500089028 -0.0384445064486251 0.19084798391027
-0.0995860719635567 0.112106870809832 -0.142262194061991 0.0902328969480673
-0.155291539700172 -0.0303740198193673 -0.0460573445104778 -0.0215810298876165
-0.106763335394328 -0.115912907302087 0.184572704034226 0.141179286388746
-0.0301052038622469 0.0896865597789722 -0.235969639259205 -0.143799438267175
0.0639471846304942 0.0503498330619033 -0.0208827195683677 0.071314166344341
0.0824742325538325 -0.0370893944525425 0.167607500051501 -0.0736029808772674
0.00142176667205809 -0.0786332973361059 0.0830172499619015 -0.228212937127586
-0.0442544804141657 -0.0338244513293958 -0.113768861870491 -0.24116412673339
-0.0337751546634386 0.00129336159022567 -0.225655835858335 -0.103291275888834
-0.0393167358777291 0.00751539420548752 -0.217844800671073 0.00825269753973065
-0.0379019638100714 0.0030691594242096 -0.172547819474202 0.0538764536155985
-0.0244555136964897 -0.00793253938872921 -0.157864771370327 0.0726591604781854
-0.0079047814198007 -0.0219722774350471 -0.173877916049872 0.0733192784045249
0.00983361129404676 -0.0310481330691592 -0.202480859691309 0.0329508324959603
0.0527647117139527 -0.0136046137074458 -0.234777482504249 -0.0628258358880323
0.0486989843421689 0.0456838463823167 -0.222964217271932 -0.172338779070599
-0.0318616788294119 0.0844802752233712 -0.183236977245903 -0.2220964247913
-0.0866659584593125 0.0625060760366246 -0.291328206416243 -0.184141146911389
-0.150660945996371 0.0526431149675778 -0.195242834090405 -0.182693938332122
-0.0472419419156961 0.0774040441547136 -0.00820438443348276 0.0608660322814696
0.0274895391076585 0.0587836054396655 0.191235168775813 -0.0811464256626372
0.0299581086237947 0.0206763712721901 0.106105590706763 -0.253606386470812
0.018162724422363 0.0109963876094449 -0.109185725118096 -0.263365832371401
0.0347442863807549 0.0105128032339784 -0.230531875211038 -0.118211050384622
0.0316467382214188 -0.0169978583741153 -0.216173791383037 0.00514249890873766
0.0267602229376608 -0.027794049368878 -0.165278736604621 0.0527343509044855
0.0452974057587488 -0.0248092213698014 -0.146179004382775 0.0784645550534077
0.0628054106259453 0.00725118398927588 -0.159972027163939 0.0848233364802511
0.0521487440793528 0.0355165804279776 -0.187219865015879 0.0564454830008982
0.0390086106774037 0.0888738472204735 -0.229859631878385 -0.0308523972522141
-0.0359010482852964 0.110996696353127 -0.228542857872511 -0.137410114846022
-0.148701460981771 0.0691214767171012 -0.180966060744851 -0.167500406820649
-0.214437200007786 0.00167598211408086 -0.257355703894337 -0.135345075642113
-0.250030973326175 -0.00698291277024468 -0.116216684725013 -0.189398706941991
-0.172977417803575 0.0756557105870676 0.0268356260821777 0.0668776658293301
-0.0585013763295522 0.148454314380189 0.230373548775193 -0.0714041389620465
0.0377505584754407 0.139912018913088 0.148856744718618 -0.263907936340146
0.0807216741684977 0.0737483398641382 -0.0785513996801388 -0.277451223398103
0.104494251069681 0.0305637373296461 -0.20616351656082 -0.133712662129234
0.103275301946129 -0.0329639757340242 -0.188358762821175 -0.0033368750580237
0.0882459724198718 -0.054702589781823 -0.134888247659797 0.0440449360896674
0.104857190685175 -0.0473064622277956 -0.110145234308017 0.0768738370341798
0.124244498009764 0.0188527022481374 -0.118654614446299 0.0989965331428036
0.101920749217239 0.0775310620139867 -0.149519926320376 0.0963892180035909
0.0584817169940865 0.172638347914305 -0.214885749538935 0.0254007633148607
-0.0796483121916839 0.18403046187962 -0.235743840868473 -0.0830267413372049
-0.231080972138761 0.0828637064737432 -0.172061173239732 -0.112130871603416
-0.312296025276986 -0.035127227987132 -0.189942044679112 -0.0727351566704394
-0.309932023820418 -0.0755119215490056 -0.00939208100272577 -0.153989374427691
-0.285786535852027 0.0395884586352186 0.0813492944483467 0.0918115277406094
-0.161911566669076 0.205885063248292 0.271652997463377 -0.0364694887828067
0.0148011661720154 0.251067826694987 0.199229487410319 -0.243416852414063
0.125624031707293 0.144722512971429 -0.0248199429036288 -0.266948383928131
0.160518264514242 0.0591017898917989 -0.151157984639743 -0.141467535091941
0.161746818597566 -0.0376416253345437 -0.134631576536807 -0.0152717925240874
0.136313099636216 -0.0740026641561781 -0.0854136681791877 0.0287221134701025
0.14585499993584 -0.0694386815336079 -0.0566086705968608 0.0661594825013963
0.167420343650734 0.0147512088576875 -0.0604762990068186 0.103974153751331
0.144637038867087 0.0944364296969685 -0.0934525409527761 0.130916809390471
0.0900056997819338 0.222203516244741 -0.180981947575942 0.0834500059024631
-0.0895233193106698 0.23949368530369 -0.229603930403817 -0.0248200547012929
-0.271034036194045 0.103408749177222 -0.149738164737655 -0.071785557080663
-0.363797959099388 -0.0538224592699408 -0.0997729550930158 -0.0143369541194936
-0.314842713687678 -0.132972644854266 0.107733219162459 -0.0801082159106518
-0.346195919512878 -0.022760811436392 0.142288374088531 0.133897274562152
-0.249435522157163 0.207225319307571 0.296945329230407 0.0225938113885992
-0.0337204784573477 0.314015568758801 0.241691439380106 -0.181892640721813
0.135646779163099 0.198750258067885 0.0413284531424898 -0.221967326855982
0.186656466059799 0.0854425924122552 -0.0712936960312154 -0.131099649692914
0.194123041199455 -0.0324777398134469 -0.0642735643238294 -0.0256420463909202
0.164382528150195 -0.0818175282172013 -0.0245937914396841 0.0108679156183319
0.166552340003088 -0.0833845334932809 0.00532784254653978 0.047490054755286
0.186251774873655 0.00440011029072232 0.00525612385976749 0.09759087311539
0.165692288230557 0.0947876637695668 -0.0274465990038009 0.150727944140572
0.10571793077881 0.239020360484274 -0.134310188571759 0.126992435939461
-0.088357903332886 0.256008066113152 -0.207961549674039 0.0229977964381431
-0.274294702516107 0.103295854393309 -0.1196853728217 -0.0488154828534448
-0.361366173777461 -0.0693391242999331 -0.00380943294202198 0.0318478531199189
-0.262681221218781 -0.15993959348299 0.212659355743988 0.0170901327442666
-0.32904959764045 -0.0821581021240721 0.192514225915254 0.183290300065372
-0.279681392926251 0.155151393923361 0.291928212182891 0.0909498250261502
-0.0801685348008205 0.304632389049828 0.257960364368434 -0.0974867666232098
0.113994200317415 0.212365302019615 0.0999462656250503 -0.1525026609555
0.177472076552076 0.0955197404013053 0.0140585088141483 -0.105134182642915
0.193382061530233 -0.0244217926329745 0.0113083693144927 -0.0330559390379689
0.16769735038058 -0.0779457676285537 0.0395661280268471 -0.00762412761843637
0.166293640140378 -0.0838281265121033 0.0662732255797922 0.0266359848931141
0.182583212188546 -0.00238677841305424 0.06912564641274 0.0849038361893516
0.161918541882938 0.0898201796754683 0.0334576703117002 0.159091982383814
0.09399176198345 0.230122694108027 -0.087575525921451 0.152820837017545
-0.0930529216064806 0.232969747026719 -0.179357137532589 0.0535033194616031
-0.25480499954137 0.0719706091889233 -0.0880605400838451 -0.0372539447892
-0.310721002198397 -0.0893222390115725 0.0811876924549719 0.0704750790271473
-0.165600092797216 -0.145881289694694 0.287823896229204 0.111586916813443
-0.241035593654109 -0.1094494820337 0.222334555139416 0.223065944078693
-0.23717848565166 0.0844266102057944 0.264262425040331 0.147183404278303
-0.0935304337771159 0.233927424059625 0.24875999105244 -0.0173672727176214
0.0779991814811656 0.176141088880588 0.143529809472426 -0.0827061443983365
0.137116193450676 0.0818971548199307 0.0885847784097068 -0.0761808757205778
0.15939797318365 -0.0158486832422867 0.0788255087086971 -0.0391982968987355
0.143725094789202 -0.0647001748284391 0.09681277145716 -0.0230925129925144
0.144385577504403 -0.0706350745277799 0.122455124292168 0.00769264332288998
0.158301696415197 -0.0040785998777527 0.123985544595975 0.0758258524521809
0.138238632843109 0.0815080040294961 0.0820215405673552 0.166163622108951
0.0646227856673891 0.201375386945737 -0.0549778446158828 0.169463939980026
-0.100518842423825 0.180610624000131 -0.154463778441257 0.073326827052571
-0.21465972602806 0.0214346343637151 -0.0618794939731985 -0.0295227932772711
-0.220459922407396 -0.107874865538784 0.145033156112568 0.105891477382205
-0.0401419829673514 -0.100706451753127 0.319905363092073 0.1788238554409
-0.11367384495875 -0.0996384774635535 0.232923048794569 0.236769246781768
-0.141280836221636 0.0204701336078993 0.230818832057216 0.178629623307995
-0.0720093242984713 0.131427322147127 0.233556316590457 0.0382731555721509
0.0393256588072558 0.105405229389544 0.171228009971014 -0.0382694830638574
0.0783121810337437 0.0502435021387024 0.139044928091602 -0.0585622686965359
0.0995679828772637 -0.0081423952109389 0.126748094592117 -0.0464416335679026
0.0980869926109347 -0.041976601598558 0.13869634036277 -0.0351484166563975
0.102214734806456 -0.0456967264965716 0.166839089951708 -0.00516340425282519
0.115042901823861 -0.00353935961262527 0.166024895283481 0.0759163079527806
0.0991489787384971 0.0667515686840847 0.114772115859301 0.180591423459214
0.0269192671390482 0.153154255203004 -0.0390176488786023 0.189046365985573
-0.0977143898092115 0.108809177184017 -0.141700215015304 0.0884269996196992
-0.151779919563069 -0.0302456066062415 -0.0459970426671187 -0.022361996363642
-0.103372143585734 -0.112614881919864 0.18195875213345 0.138032562836632
-0.0306066975173524 0.0911363829593627 -0.238643762919543 -0.151890063187394
0.0640151730693145 0.054241011958489 -0.0222687530979038 0.0741049303568017
0.0834516258715135 -0.0368511827758364 0.173018395246969 -0.0698620602914643
0.00294483684025758 -0.0800908000655103 0.0897070659303264 -0.231176363882419
-0.0441132450788179 -0.0351974198273636 -0.110122718612123 -0.248742940869506
-0.0338574180291677 -0.000254928877303433 -0.226416777129563 -0.110161130019005
-0.0398033354384259 0.0067528529198783 -0.221163427545184 0.00458166365301957
-0.0383915030672544 0.00311669881293034 -0.177347444594763 0.0515488424104596
-0.0246367601493073 -0.00807149458650265 -0.162469470078579 0.0708849995909899
-0.00705417649949134 -0.0220109572550821 -0.178572579538546 0.0711181765697255
0.00986489512625901 -0.0310703896289874 -0.207383051061313 0.028701790730871
0.0535380954428768 -0.0119774081961221 -0.236536944794691 -0.0706218433986349
0.0471570368733798 0.0476479739985231 -0.221402817741561 -0.181087305327961
-0.0352421666887462 0.0861129353766643 -0.179438343128283 -0.23398491748384
-0.0891967369405279 0.0618730662257005 -0.293912458323751 -0.197207672254927
-0.152388307324032 0.0513349275666623 -0.197181564378176 -0.191221461566305
-0.0497087686518905 0.0789276772012072 -0.0104726589141891 0.0639560702034751
0.0274852594305003 0.0601367855663322 0.196993858494396 -0.0773282489848037
0.0304054123590115 0.0223203913275371 0.114279804189547 -0.256943243624206
0.0189340340845743 0.0120310402574644 -0.10513896766676 -0.271963876679879
0.035823194890737 0.0110853010282984 -0.231082933863518 -0.124709756033528
0.0322876675547526 -0.0165379684623025 -0.219206242760103 0.00106281461286522
0.0277084306546988 -0.0269517406580546 -0.169944461498909 0.0492152627364026
0.0466125508618962 -0.0237902839794846 -0.15072728690439 0.0759603548575764
0.0640355986419769 0.00924168377646685 -0.163412420191677 0.0833385455224036
0.0520433928211588 0.037249299342016 -0.191422979729346 0.0528307343069332
0.0383715714871779 0.0916990994868443 -0.232679552210162 -0.0366968992940692
-0.0398070829206644 0.1130623954758 -0.229428238035303 -0.145647649579324
-0.154131652341469 0.0671922907586354 -0.18018634807116 -0.177840614490199
-0.217604379155304 -0.00356817139897142 -0.260118541315543 -0.146797344642005
-0.253351059233378 -0.0117809230338464 -0.117167891302606 -0.196011521212764
-0.179175559292122 0.0738436640762854 0.0241811718470892 0.070406657823401
-0.0616829959079041 0.149831520883095 0.23630364933786 -0.0668269230808645
0.0368261546673935 0.143460043999035 0.156855232566866 -0.266650527181546
0.0818035689776453 0.0778592074102049 -0.0735967768876256 -0.28532631190843
0.107288620124097 0.0332559948879638 -0.206194755395905 -0.140036869082759
0.105681378220941 -0.0314637567622375 -0.1898484665352 -0.00821950614275551
0.0897979890092265 -0.0536027040217731 -0.13813785811701 0.0415944538647666
0.106464233380987 -0.0454583211877749 -0.112555861559834 0.0750233873624796
0.126654650393089 0.0217578769217147 -0.122534013228798 0.0985023708746403
0.101653243376951 0.0815075532786533 -0.154175045534704 0.0943171739497091
0.0564650637597681 0.176944073737525 -0.219505114180484 0.0223774357907395
-0.0854111974000525 0.186841883088225 -0.239684692606426 -0.0903593329967343
-0.238833315362503 0.0783718920078495 -0.172230324364922 -0.120822575517329
-0.316343667403772 -0.0427746834518077 -0.192994169619274 -0.0810066218905506
-0.312998696598246 -0.0827491382299201 -0.00885512763537323 -0.157676394705025
-0.293125259548947 0.033926206643538 0.0776625393813035 0.0970485280117289
-0.168385391305678 0.206568942183655 0.277562182972852 -0.028936458190415
0.0116952954301851 0.256758916770269 0.2093367191993 -0.243645518996551
0.125962527065079 0.150814478695569 -0.0179596426533751 -0.272372404960005
0.163671057007175 0.0633648141835323 -0.148768457321672 -0.146801524847331
0.164884654137489 -0.0347292768259468 -0.135946159003888 -0.0197283095833971
0.138490809126868 -0.0722898431280236 -0.0875033665544152 0.0265872236027943
0.148355450424899 -0.0676438795313043 -0.0577438793073459 0.065260766781999
0.170478639605678 0.0179710231902617 -0.0631844072768159 0.104639323423182
0.14545263188197 0.0991493995767867 -0.0962140419807748 0.131595462700104
0.0876183078124316 0.227974368756214 -0.185678676116812 0.0828028455845562
-0.0957121199289266 0.243034410468676 -0.235040652244588 -0.0298620979051425
-0.279568474903442 0.0988818955092339 -0.151374119144962 -0.0778707326737948
-0.367713373446244 -0.062442961474424 -0.101584554545748 -0.0202531860525123
-0.317957042823754 -0.14263008247374 0.109797082791995 -0.0786404463555395
-0.353179637214151 -0.0299136686603091 0.137894722443434 0.141317027821792
-0.257753389557016 0.205899115811634 0.299767234502973 0.032036864666828
-0.0388380722335939 0.320851907786863 0.251031594545107 -0.180928012565043
0.134722037860762 0.206787825843994 0.0480530324187637 -0.225470049301303
0.189877419456641 0.0906638425352581 -0.0682793490922702 -0.135101392326166
0.197989625805481 -0.0292803030091895 -0.0634102121490714 -0.029010698172321
0.166802200542133 -0.0799525786519307 -0.0242776931084231 0.00968328133028624
0.169201814677273 -0.0812611001341058 0.00514554154270895 0.0487215715201561
0.189696997954807 0.00829507134705512 0.00387891296926457 0.0988040698351157
0.167967568865447 0.100159878709934 -0.031319342510302 0.153610948986342
0.103069843396064 0.245971610352643 -0.13775485272028 0.128564914257708
-0.0949126713939929 0.259298143507912 -0.214262671792201 0.0195940461156062
-0.282794708300006 0.0984534190917636 -0.121793395590618 -0.0543402512112553
-0.365457044727651 -0.0786983411185136 -0.00498155901868975 0.0290663818571013
-0.264617875987261 -0.168108387303917 0.215272000496766 0.0237398626757421
-0.333961403578057 -0.0908638330225077 0.18903917633559 0.192953464217315
-0.287279593999041 0.152162607431885 0.295200746784687 0.100966942061062
-0.0860213419370609 0.309936103723866 0.264788280872156 -0.0936982503545687
0.113135716253227 0.218970962502485 0.107625998773228 -0.153147764166015
0.179634717796706 0.101274975474845 0.0182313125862771 -0.10712238642914
0.197125385011382 -0.0209225654457371 0.0131823781647507 -0.0346004374886176
0.169822582889947 -0.0766263291397929 0.0413825576640448 -0.00744737185921267
0.168439998914231 -0.0815374891912721 0.0681689224145835 0.0288759393622703
0.185357723647316 0.000699068467068195 0.0681623368627606 0.0893553619069363
0.163227490691771 0.0945902551276009 0.0305926052609455 0.163221879132245
0.0924188402800901 0.234820913642828 -0.0925259723112159 0.156228942953001
-0.0990248836533043 0.235839008570534 -0.185550425293557 0.0522823498941169
-0.261299270316236 0.0672184552186759 -0.0899214132789683 -0.0412770711117214
-0.312105525014215 -0.0968009141890182 0.0811929738338718 0.0708603105405558
-0.165288541044276 -0.151488754360883 0.289616663372282 0.121716508357928
-0.243503638554212 -0.116311115947305 0.2186917283183 0.23512400801717
-0.241077615008086 0.0802943782156242 0.26474452327681 0.158290952921011
-0.0986387676286746 0.237417506300525 0.254341635838231 -0.0104901032801056
0.0757848572185208 0.181659106766069 0.149493827768884 -0.080958145345039
0.1384526551029 0.0869632980723335 0.0929237319957519 -0.0758170109683164
0.161696846979744 -0.0133323590012242 0.0820830680608917 -0.0396442373944637
0.145843008395186 -0.0627425840366549 0.100038190974747 -0.0228324060011497
0.1466044392036 -0.068650773531216 0.125640335282896 0.0106589100281448
0.160475262962619 -0.00100848818585007 0.124397013739332 0.0807598352518785
0.139439819886641 0.0852508933116417 0.0796492958055853 0.171341757619396
0.0616785372849543 0.206130981787335 -0.0591841448951884 0.174222788435158
-0.105418370906517 0.181606269557524 -0.160948799486448 0.0728895822658365
-0.219080026573371 0.0170075939102773 -0.0634755529228147 -0.0322997715508432
-0.221109749480112 -0.113666002467313 0.146512579532883 0.108806870901266
-0.0385944558213667 -0.102624980827629 0.322573250066268 0.192120716695696
-0.113186963601341 -0.103773004541107 0.228791541966609 0.249482924847319
-0.143247709643868 0.0176614065188513 0.230954224551281 0.189091452500008
-0.0746649585875917 0.133212112727631 0.236653230759258 0.0448686967520752
0.03724628964788 0.108935027851395 0.176018131950891 -0.0340386790066671
0.0780825020653275 0.0534764819088486 0.143802134611608 -0.0579686701758473
0.100829441799336 -0.00692920599344006 0.130934022390452 -0.0464813494050972
0.0993482032950858 -0.0413081595430548 0.143788049693981 -0.0343225309477957
0.103851944219963 -0.044811031774927 0.169226223996694 -0.00134768212028505
0.116091039508938 -0.00144268504255694 0.167846511423255 0.0816487839450638
0.0996297282215201 0.0697303982557783 0.111921588499977 0.187300519804841
0.024160547185984 0.156218397369551 -0.0442649423336734 0.192561996384771
-0.101852558974145 0.107837360893836 -0.147197669313338 0.0886729657202427
-0.15433866028405 -0.0344275544620806 -0.0473982225051915 -0.024593092803001
-0.101980899947747 -0.115705750087396 0.183266830002805 0.142071099031672
-0.0312640765617351 0.0967145866297839 -0.253765390220315 -0.162984103566825
0.067793619290041 0.0585508853696981 -0.0246991541344725 0.0810723133083338
0.0884831028957617 -0.0385502888629226 0.184797457463091 -0.0714789225640182
0.00377923405364888 -0.0839013665398898 0.0977325880902465 -0.244831658046064
-0.0459552163823834 -0.0377530994222547 -0.114584375259967 -0.266046279897006
-0.0352924875047213 -0.00135916435731968 -0.236745376416347 -0.119687142384702
-0.041851390516642 0.00684175766995264 -0.232054828723327 0.00404860838066006
-0.0405014079572043 0.00432917997904953 -0.187874542905192 0.0526006230091377
-0.0253054376156846 -0.00799646234453024 -0.173350151155315 0.0732075840220209
-0.00720413912774769 -0.0232026831647082 -0.189605599119182 0.0737679280725616
0.0101058489546173 -0.0317002690433996 -0.219354009640608 0.0273145786473909
0.0567629916229433 -0.0114856618242338 -0.248592420184729 -0.078188264092809
0.0478083267456149 0.0519502663518441 -0.229559458336505 -0.194702467026405
-0.0402720738424222 0.0916491618227132 -0.184860336231961 -0.253333380995826
-0.0950979607230903 0.0637508011586958 -0.30951701253908 -0.214815119205175
-0.159655017118452 0.0526173222957514 -0.209922555473623 -0.204222779205203
-0.053959646912438 0.0838777054019217 -0.0129172758586999 0.0704111135874479
0.0280416702577731 0.0634103888055098 0.209720455996932 -0.0781265519211385
0.032316247277879 0.0247759923616701 0.123458364627019 -0.270851046538431
0.0211649072251771 0.013846106931854 -0.10756633656416 -0.29011205901505
0.0385552862805806 0.0110269476259573 -0.241520885058358 -0.134504399505289
0.0349610426124124 -0.0177694723795028 -0.230293629727434 -0.000940447211301525
0.0284237528925311 -0.0272273054583294 -0.180030848360518 0.0501836220218485
0.0495205270568186 -0.0241436997768076 -0.159149766896085 0.0784110914305678
0.068619885493076 0.00999779274573178 -0.173929976137564 0.0862340554483272
0.0548292581853796 0.0407456746164555 -0.203582463759992 0.0534782412213855
0.0395077146948001 0.0977350818102943 -0.245056822901668 -0.0414036041402788
-0.0444309691900318 0.119469781572687 -0.240418969877879 -0.157222476292961
-0.165427512941924 0.0695025828674947 -0.18766162919499 -0.19328629746245
-0.229109825189121 -0.005783546832173 -0.274905184268366 -0.161609338273071
-0.266851730834028 -0.0145385344421542 -0.124958991654955 -0.20868655138809
-0.190643724186621 0.0765429515055849 0.023676574550585 0.0775640994923302
-0.0660961121388028 0.15787362509978 0.250855140036973 -0.0655456767759375
0.0392875600272441 0.153783090869505 0.170327164215613 -0.281425600021245
0.0870397422409537 0.0837872107707829 -0.0747766540416724 -0.303903161021481
0.114401964427091 0.0356917399898331 -0.214792688195099 -0.150196492021243
0.111881329055891 -0.0326838436009545 -0.199648431636399 -0.0114946719671542
0.0945064549672346 -0.0554956352839524 -0.146324762914664 0.0415380760935927
0.112587105210063 -0.0466912017251356 -0.119404913629553 0.0775841977344631
0.13434109017356 0.0235790773538359 -0.129928773655851 0.102752613756136
0.107182791308663 0.087183768093449 -0.163864572460761 0.0982025521546723
0.0587106749598234 0.187263358606162 -0.232017425570604 0.0219825065412023
-0.0923448393467758 0.197689789463499 -0.252941100977529 -0.0980191434562694
-0.255212498750515 0.0805670540348871 -0.18072862168148 -0.132426196270287
-0.332835131393411 -0.0483697957168955 -0.20423922999104 -0.0913674302816812
-0.330081830110337 -0.0909408915239709 -0.0105881343743787 -0.165987571538164
-0.313115788696607 0.033637511209557 0.0789453426859336 0.106523169209689
-0.179435945903788 0.21674555849122 0.293211486980968 -0.0262375186833481
0.0121444998047746 0.273115957971259 0.224285196796752 -0.255694697574384
0.133114732408193 0.161601516974532 -0.0164170995261931 -0.290143078286253
0.173979268830464 0.0678742703600291 -0.15484400691913 -0.15675418822197
0.174361365608311 -0.0359937905231603 -0.142146644123747 -0.0237636450132534
0.145413758334228 -0.074950416809669 -0.091488073231789 0.026127963354922
0.156334112939099 -0.0689004797853986 -0.0610101590249357 0.0680773746964534
0.180354651901291 0.0202021733425583 -0.0674825530679029 0.109904839106784
0.153120775978912 0.105863866592508 -0.103145744173993 0.138837484718921
0.0911647437006257 0.242471922377245 -0.197100364766827 0.0876613139309602
-0.102535468537722 0.256808589133076 -0.250077406970838 -0.0333023310999406
-0.298440475958842 0.101587304732273 -0.159357549701873 -0.087034038980426
-0.387784793103169 -0.0694073069220258 -0.107969633706789 -0.0256464215784243
-0.333840086098184 -0.152971607948421 0.11464364151724 -0.0804699364881931
-0.375226885255068 -0.0362769764387478 0.141486452896921 0.154461646200739
-0.273050109327085 0.214987716800445 0.31741318765652 0.0394021401070089
-0.0426853802758826 0.340376488413242 0.267352060348507 -0.188379396078487
0.14267868855867 0.221050165036108 0.0540280722947739 -0.239286826926135
0.201648922813771 0.0976831850398908 -0.0691371300493333 -0.143882062509989
0.209519479546354 -0.0298017092378053 -0.066161860683381 -0.0334272718982492
0.175195169864555 -0.0837453712504653 -0.0247980574691594 0.00790610637527783
0.177813222783978 -0.0836132485309332 0.00617904689990567 0.0501768293355723
0.200449409823727 0.0102181041955255 0.00346671304460983 0.106022096851994
0.176191190867315 0.106846941559182 -0.0323599099101123 0.162172966449545
0.107745334077183 0.260343513702156 -0.146204023778836 0.13642233574029
-0.102001702351079 0.27400852987247 -0.227795593467345 0.0194565111972208
-0.301558638635799 0.100195947309203 -0.128833120831991 -0.0595015951256376
-0.384559402572444 -0.0859072735083442 -0.0051958076116047 0.0281158506452221
-0.277442126278488 -0.179219828273393 0.226427063415651 0.0296566649648348
-0.353864670315926 -0.0997431527252206 0.194457674373267 0.210555261872506
-0.30464860854238 0.157904688726093 0.310247620445311 0.111663121246286
-0.0914007760580933 0.328345194541165 0.281892147945677 -0.0957045267089394
0.118506329443114 0.234135014003157 0.116278205291605 -0.161064271459271
0.190440058567056 0.108847609726076 0.0220016214649053 -0.112826309514958
0.207797984455578 -0.0202643605762039 0.0159841524839804 -0.0390826543582258
0.178542300973647 -0.0804207074084679 0.0451327165423803 -0.00957040314887068
0.17732853504155 -0.0844001736018186 0.0734952562071218 0.0299606036989742
0.195912076347341 0.00304213660441442 0.0716980264538154 0.0951779715680813
0.171945048264041 0.10115980920356 0.0319081815389008 0.173211984025705
0.0963941837758208 0.250258977372794 -0.0977810089326575 0.165774496958951
-0.106615433063633 0.24805698075881 -0.198573551079376 0.0551751138786367
-0.278020161198576 0.0682729772147175 -0.0956230156521207 -0.0453442923733715
-0.328928085792128 -0.104636797826451 0.0857526569416868 0.0738511156311876
-0.172702202283206 -0.160401501560167 0.305437975798865 0.136276879766843
-0.256181355251391 -0.125932034680636 0.226648650947892 0.25483916291049
-0.255429880870137 0.0817549863603993 0.278110953900855 0.171676287880353
-0.104771487958771 0.251840041649432 0.268791047679249 -0.00808743513027931
0.0788298285955093 0.194300131565291 0.159714530283019 -0.0838879887839397
0.146762123041622 0.0942448385912978 0.100982465130761 -0.0790492358538464
0.170763156232075 -0.0125162958656445 0.0889876321867702 -0.042881722373447
0.153575381980008 -0.0667447357418903 0.107814369786967 -0.0249865926689609
0.153759442843696 -0.070938463909906 0.133606242407142 0.0124658531012141
0.168850487092961 -0.000296925858054823 0.13089839067278 0.0876714968172321
0.147166522114026 0.0916807127641428 0.0833748904622427 0.182529185376345
0.0634675685630181 0.21868902690847 -0.063978872223096 0.18521585038997
-0.112996307595025 0.19081675310809 -0.172526327046221 0.0770355842354838
-0.232439733513497 0.0153583078700243 -0.0677047770575079 -0.035420213957119
-0.231438467235421 -0.121896328880583 0.154924684430367 0.114430384077629
-0.0391257354592853 -0.107924845237611 0.339677195970236 0.210039311095527
-0.117562644918313 -0.110501428016769 0.237224139920326 0.270673091549945
-0.150657062006619 0.0163711529357639 0.242297246984542 0.204759193300193
-0.0781318956041595 0.141583296281963 0.250139288364446 0.0510645230994381
0.0392825358508714 0.116355790007016 0.186690889582871 -0.0347194819577192
0.0818975190601338 0.0579179817897072 0.153818550046377 -0.0600576229334992
0.106000367085269 -0.00636141789597375 0.140007587236892 -0.0487308313058532
0.104074078448234 -0.0443660214948786 0.15405574613927 -0.0364581751037109
0.109170208416363 -0.0465525573744025 0.180703001519706 -8.03446722465143E-05
0.121923558718041 -0.000598220536368146 0.176433306591795 0.0897606136859826
0.105820377277349 0.074602326208361 0.116551726930733 0.199151191255801
0.0249816159367609 0.165238111139595 -0.0493090327924573 0.204410074935587
-0.108567650460118 0.112270856663611 -0.158500401936824 0.0927985331823449
-0.163226899501088 -0.0379113577498911 -0.0509864290345911 -0.0268880418369124
-0.104904846305708 -0.122266937306756 0.193914090761415 0.150131140267969
-0.0283189995135602 0.105281590567104 -0.282600813889166 -0.167649543841184
0.0761522074204909 0.0622921309199834 -0.0235624964498015 0.0906748840514228
0.0933168407755786 -0.044124504952909 0.199305773478003 -0.081156131562312
0.00135795680653128 -0.0903698112405395 0.0987766880108594 -0.267855123181344
-0.0498506608746066 -0.0389635701119893 -0.130441011851713 -0.285675550412675
-0.0375135123616363 -0.000856790148768131 -0.257971599106863 -0.123621187909835
-0.0437708452480882 0.00884727746116776 -0.248828924334442 0.0112089349371845
-0.0426633127890765 0.00649898945050031 -0.202440308989648 0.0626353605865792
-0.027036114843129 -0.00705962947174986 -0.185072450898912 0.0846467273056438
-0.00804325802699664 -0.0243255557192563 -0.202678376625859 0.085809730293975
0.00978856995358475 -0.0342173285592674 -0.237335741648556 0.0354302833819289
0.0603078258001318 -0.0137916798030152 -0.271199373132229 -0.0792989777942185
0.0519562886808553 0.0555762931899288 -0.251024239361451 -0.20593077526642
-0.0425199662746082 0.102519955255406 -0.205099550910759 -0.273397314329476
-0.100259114086752 0.0713081868828427 -0.342983546420539 -0.226491076845211
-0.169493135556961 0.0626214864093569 -0.236337093381427 -0.214025154172998
-0.055600779253397 0.0926518292281388 -0.0118568500597659 0.0792839627923704
0.0321632595878527 0.0676857072770503 0.226112491661766 -0.0887412856316108
0.0368860578479216 0.026792893935463 0.125843961472755 -0.297188707282109
0.0245593326412445 0.0143364853364505 -0.12419550237917 -0.311081559460859
0.0431176898549902 0.00987468514661508 -0.26319252916574 -0.139304153097825
0.0369823447031324 -0.0198730896771621 -0.247604093312277 0.00515331993162147
0.029983639433633 -0.029651425997276 -0.193356192886553 0.0591529010950612
0.0534814042136133 -0.0275943234849457 -0.170118831030805 0.0896567612725895
0.0747015390589459 0.00917615424051515 -0.184869848437612 0.0980092291012967
0.0594387825708609 0.0434525318018239 -0.218777660224282 0.0622970539801457
0.0461564778354188 0.104642560634047 -0.265649931038422 -0.0389276148088742
-0.0450353904566463 0.131524205820187 -0.263195573913815 -0.16434507556844
-0.178966905546419 0.0805252439536937 -0.206992961092738 -0.207008890003253
-0.246981140256268 -0.000396994953015015 -0.303359165936425 -0.169651901197619
-0.286897911484427 -0.00712456121725976 -0.144916034318775 -0.220637067232465
-0.205360474086417 0.0888373529031309 0.0260550879317203 0.0859014929764698
-0.0663706450072327 0.172565826728147 0.270212136498932 -0.0766152923998649
0.0487734963066916 0.165527917624629 0.175740087192747 -0.309524411208023
0.0979904788002868 0.0889589489088124 -0.0887887704405942 -0.327749771388527
0.125337612680107 0.0338562866074364 -0.235204241696157 -0.156773732155511
0.119644175861443 -0.0383392910557255 -0.215377435009641 -0.00764325544540969
0.0986567740003759 -0.0624008698726858 -0.157058535858917 0.0485608522689941
0.120126960840286 -0.0529003070118495 -0.127135465767546 0.0861979434523846
0.146755765197446 0.0214612516628024 -0.137063339920702 0.114514132019698
0.118572537297634 0.0912959447105146 -0.17427426827824 0.110266010924794
0.0697298456529526 0.201815567482381 -0.249293403129815 0.0301102206646609
-0.0942988089366895 0.217217698372699 -0.276229801301455 -0.0995960385682019
-0.275384494060158 0.0943222032329245 -0.198752428979799 -0.141474797014581
-0.360813974358301 -0.042183526389817 -0.224800960736718 -0.0966232689793363
-0.358107278063296 -0.088347894138616 -0.0188073929432192 -0.178225291420382
-0.337858117748393 0.0463854466227182 0.0863480641085955 0.116253107491947
-0.186660984854856 0.239429607890135 0.316147149698135 -0.0337549605632395
0.0239794431869754 0.295698865980019 0.235610689581433 -0.283545599753057
0.150760714380466 0.171222037262678 -0.0250491475846567 -0.314415398765696
0.191459646196074 0.0675550818816851 -0.170135621575398 -0.164862004706901
0.18718430592154 -0.04430470274835 -0.153648552433903 -0.0238406036905644
0.153444369224669 -0.0861061409343072 -0.0983690625665914 0.0303289675729659
0.165934862363179 -0.0781475512790417 -0.0629642969236835 0.0736496156982903
0.196658309522579 0.0165138238369225 -0.0688230815728972 0.12109929378248
0.169011812109544 0.110149634538883 -0.107134713532706 0.152130010342522
0.106857683026571 0.258789084639632 -0.208439254749868 0.101826005637112
-0.102923071775572 0.281255352624128 -0.272330249532649 -0.0282824736795476
-0.321771602026147 0.117818663403641 -0.175133571488468 -0.0912846004334899
-0.4210374077002 -0.0639417649459645 -0.118702626933881 -0.0279746978986902
-0.364347554817023 -0.155170478847009 0.118982493747637 -0.0891099765686671
-0.408802849394367 -0.027599139849795 0.155302230597689 0.166991302215939
-0.288491263504515 0.240750503252874 0.343083134016886 0.0351682588156565
-0.0333727633890102 0.37094036193068 0.284653761672754 -0.211472722478955
0.16256769674735 0.235975550904446 0.0526296225161463 -0.260859028371539
0.222466550138627 0.0992393202477606 -0.0770964303379036 -0.153576090408577
0.224970147927534 -0.0381761533700081 -0.0710233855331012 -0.0370091912969568
0.185454783330495 -0.0965509282359751 -0.026778025762592 0.00843404953150968
0.187445911901927 -0.0948045174139013 0.00938857042843241 0.0534824318218841
0.217820659796947 0.00415373785283876 0.00719227261816716 0.114761032977921
0.193825061380533 0.110268291996958 -0.0300925145525128 0.176723072112709
0.125763171848264 0.27870779290764 -0.152662733821683 0.153063662679647
-0.100457928294732 0.299735952574336 -0.247915872151361 0.0302303554137041
-0.324555072929405 0.117067331441725 -0.141398198604438 -0.0618570131619857
-0.417945664772596 -0.0808261746059213 -0.00507851092830315 0.0280551403995453
-0.30452086381138 -0.185209536222161 0.244920906709635 0.0284098771195382
-0.386721620578487 -0.0975093760594019 0.21430154787487 0.225073449777682
-0.323701337322151 0.178910372282144 0.337659998663712 0.114311613602961
-0.0870437612089552 0.359783222811981 0.301803490475989 -0.11186258981959
0.136351279494994 0.25093137746103 0.122169931383537 -0.177682760394469
0.210960650646771 0.112295891457414 0.0217627750287909 -0.123678666035753
0.223354250947964 -0.0284628643464451 0.0173367249949877 -0.045041489877432
0.188850268913685 -0.0931564700696407 0.049340276085494 -0.0138932666179594
0.186973099485647 -0.0961317409755553 0.081078344229511 0.0294521778997868
0.211752104220682 -0.00364415681119961 0.0810741850611611 0.101694671229862
0.188536182067943 0.104531784921702 0.0401448084464889 0.186717802576993
0.112141114326003 0.268569378392776 -0.0996328947608124 0.183850544342258
-0.10647307400339 0.271224962757803 -0.214395556309417 0.06800647593979
-0.300278669827508 0.081000182677395 -0.105981680690206 -0.046087893769323
-0.357221733514377 -0.103333659634709 0.0957803813447422 0.0747171105524959
-0.19022695693505 -0.168268805266441 0.335229610662259 0.140694954272681
-0.281504802974186 -0.128571284428868 0.250762551996584 0.27257186411304
-0.272328187126411 0.0958318751578006 0.304618458747558 0.179447285235051
-0.103160724784154 0.277236177164798 0.290388573033768 -0.0163789608895706
0.0928547154400141 0.208216825879216 0.170675863256485 -0.0948673486352991
0.162553487648426 0.0977343125965772 0.108561783720565 -0.0894378061388026
0.183263356820242 -0.0190490434440076 0.0962188872020436 -0.0511020937398245
0.161430272605616 -0.0776307376121242 0.117305954936018 -0.0326022967476773
0.162704895456528 -0.08151168330858 0.146408072329857 0.00930087441737005
0.181613032764164 -0.00609841294009321 0.144873645590809 0.0924755127116968
0.161824184660437 0.0936525175398604 0.0960464409554707 0.194815470512624
0.0757783152958022 0.235302986970623 -0.0622444741661231 0.203641141131937
-0.116121926439692 0.208415212161201 -0.186027912381567 0.0907544527724713
-0.251679143202274 0.0226194363601498 -0.0754486531983028 -0.0362013627850224
-0.25260252437572 -0.123310436094265 0.171653352411028 0.117616089615543
-0.0442796473816816 -0.114073893004451 0.375192230475289 0.219786359636681
-0.129932837339916 -0.116255999012206 0.264527369697375 0.288583821348736
-0.161357521645858 0.0212820632347554 0.266924339947212 0.216180445828276
-0.0782549496819821 0.156206641709365 0.271204454655329 0.0489147055306274
0.0468524487382826 0.124937825250404 0.201881053346659 -0.0417586641271002
0.0915023999644146 0.0602862364050555 0.165970904372701 -0.0699595334501221
0.11343100130861 -0.00979749979895705 0.151408599124169 -0.0589990828524725
0.109354812150595 -0.0516713260587288 0.167021834834447 -0.0461275974262275
0.115293617407996 -0.0536954701872274 0.19621412369621 -0.00564435360098403
0.130800899653969 -0.00547136348629154 0.193635256605795 0.0940579066688321
0.116275593013935 0.0773818041184424 0.132524345484241 0.212581428909901
0.0319418398874579 0.178111296448529 -0.0467891991006131 0.224167688603258
-0.113656524312391 0.123419872716032 -0.170673077428483 0.106962566711561
-0.176273652541466 -0.0366070192752394 -0.057142815982204 -0.0285729579929341
-0.115729888328762 -0.128001155009255 0.215364917972686 0.154511824119259
-0.0521110688267191 0.106508267177895 -0.27300106756576 -0.214702068260193
0.0701767431006518 0.0779766462033488 -0.0361073584518324 0.0975932042080504
0.104331744220591 -0.0336151328992111 0.230282587295133 -0.0565392769973477
0.0112471540116453 -0.0957618901723645 0.149567323373447 -0.275249584169418
-0.0508354907389204 -0.0478094542802701 -0.0987451959948216 -0.326442534431374
-0.0417647534912516 -0.00668998592169532 -0.256554505463823 -0.171417357090136
-0.0476572043655015 0.00301566421836948 -0.269087677282143 -0.0267658701513283
-0.0470896908114393 0.00174052646368759 -0.226290079626374 0.0346764368387331
-0.0262597529541287 -0.0125872262348731 -0.212141460317995 0.06288415821859
-0.00506689700995796 -0.0258148624559176 -0.228150062819944 0.0622509405327556
0.0140377799271578 -0.033530367102627 -0.258206837996212 0.00308078727426204
0.0633740151976938 -0.00767267618027297 -0.277785166268266 -0.1257269335385
0.0414632230201109 0.0659262749603794 -0.234130232027462 -0.25900609154368
-0.0666729433338866 0.0975590426397345 -0.167584602866663 -0.327796564939175
-0.126940529013763 0.0568894904997772 -0.320004927071873 -0.305412250629827
-0.191810166974532 0.0358512366285259 -0.222583897357888 -0.258545528327578
-0.0721549191042994 0.0878602577848562 -0.0271966744219445 0.0877880650126116
0.0219702638602971 0.0718148272984225 0.255278453208227 -0.0533625516055758
0.0299976600599936 0.0299836681600872 0.182400854507942 -0.295193250559076
0.0169817655843983 0.0200350880415427 -0.0828068098415429 -0.35074118306547
0.0412572270892862 0.0191758143896428 -0.256711282082071 -0.188757156132821
0.0419085590009923 -0.0142530904814394 -0.263368808149937 -0.0316661915859311
0.0352465310510957 -0.0233670601274872 -0.216186443854011 0.0324075760366011
0.0611232882696171 -0.0197894414362806 -0.197058046519955 0.0708680107392395
0.0766619761588496 0.0240075672304433 -0.212323490950526 0.0786835329558829
0.0528717707177406 0.058772282005964 -0.24416122156428 0.0320360788689984
0.0287044171855628 0.117110638365244 -0.279450589665747 -0.0881897703874622
-0.0762996213243656 0.127336870048344 -0.251843870331107 -0.217464396650164
-0.209428753274549 0.048962504888279 -0.174234586108787 -0.257642683572653
-0.273499187224765 -0.0491087014701545 -0.280998099733357 -0.230941334872496
-0.302177831134887 -0.0596582730919936 -0.130519506399489 -0.255171306616303
-0.226898139609632 0.0589758573930284 0.00660745044120179 0.101174489275321
-0.097260836465753 0.163055290303298 0.292391494091161 -0.0271997153583973
0.0215016376310292 0.174503007598253 0.235426514181613 -0.29166334334883
0.0811624997968658 0.110433606049506 -0.0381559406892365 -0.359127943443966
0.124766690155071 0.0578758190611661 -0.222166167840995 -0.201771203693208
0.130432555967228 -0.020447809040616 -0.223893663435418 -0.0404330935098183
0.113955202835193 -0.0455531518902349 -0.17521548836026 0.0262022589132444
0.135062159771313 -0.0347796311584495 -0.149783570404516 0.0754594034309409
0.151183866809946 0.0494852537222944 -0.166382421003547 0.104608096981095
0.106525181416459 0.121917465308852 -0.206055717942683 0.0869065517444217
0.0382284558973686 0.224992884567612 -0.277007359015991 -0.0169884431697854
-0.144541621689206 0.209370654421015 -0.275253272424059 -0.152156401450439
-0.314305496606432 0.0470380934606361 -0.171522380888015 -0.186846669189866
-0.387694526900118 -0.116100772100172 -0.20417730242912 -0.134756649371252
-0.358835375313158 -0.156132579560908 -0.00761907445995545 -0.193976584251599
-0.356635879220781 -0.00823683011661022 0.0618281789507328 0.140204768094665
-0.232300586859511 0.211306814007298 0.326845899617498 0.0292651257234237
-0.0230097986339549 0.304347622319911 0.289368618110653 -0.246104142164861
0.123587656404085 0.203826073381866 0.0319376822685327 -0.331129372888463
0.189066524921607 0.103752714127376 -0.149932854051927 -0.198957036771595
0.202390413351562 -0.0157434865459256 -0.154034707918081 -0.0471540583061275
0.175848566796663 -0.0608250483341494 -0.109086584204805 0.0150709572214983
0.187872884870482 -0.0534423341689944 -0.080242137505931 0.0714428030837433
0.205355038186162 0.0519731077620575 -0.0946022544561982 0.122232738734069
0.156759178435205 0.151968623899867 -0.14126717252 0.141116381655163
0.0692853358197591 0.293774216759672 -0.24838958626926 0.0627282400846264
-0.166965068123565 0.27618382014014 -0.282074330931809 -0.0766975397620851
-0.368286025516806 0.0635574300942598 -0.154415437981801 -0.129863355855771
-0.447554713090622 -0.150396913932412 -0.10101499355762 -0.0404968805691897
-0.349890561003398 -0.229449378611739 0.123881241456457 -0.0809130059961923
-0.415747036389869 -0.0978732309837257 0.124717683588675 0.201327473898455
-0.336663739152458 0.19409247867673 0.337435034294681 0.106373713091693
-0.0916963411190008 0.372203534610898 0.32470488003652 -0.158007346744089
0.125718791907016 0.271954571331508 0.107103890020253 -0.257661246539394
0.217105977590004 0.142052864343839 -0.0521346577621898 -0.171438515495067
0.241738869068499 -0.00435238233876224 -0.0627333029723916 -0.0471746636879053
0.211313480664425 -0.0662972475211539 -0.0284803148953127 0.00260744098244889
0.213761547371207 -0.0669921789224891 0.00090031931789887 0.0604818659649
0.230303697042828 0.0436124298873771 -0.0126748819439277 0.127389604678155
0.18370239991288 0.157615263791158 -0.0637025252852886 0.177526672640441
0.0864757891285998 0.319495547664164 -0.198229396850666 0.126070450189033
-0.168520890909276 0.296685717435757 -0.264823691851297 -0.0105705868570453
-0.370462146269474 0.060494627558361 -0.12398788076829 -0.0932155802994675
-0.439676171954608 -0.168471988580815 0.00985701503256137 0.0396665189965078
-0.277369108172246 -0.250138107104562 0.239961029189621 0.0615761672952331
-0.380114356535356 -0.167135787782652 0.178457282810242 0.272149543735384
-0.360802293713176 0.124560195182089 0.316952732567811 0.185557334083077
-0.143173202478662 0.352894916403621 0.324096250795082 -0.0498781530523935
0.098070809642109 0.281905518966785 0.167517111041922 -0.156781871388553
0.203180256324522 0.152960205586486 0.048920324694738 -0.124795863192727
0.238731206168495 0.00606594755166085 0.0331742944028162 -0.0427394009330294
0.214258632062496 -0.062604258960251 0.0563641173492221 -0.00912166437613135
0.212901734914449 -0.0683367825408502 0.0817014090267627 0.0465997801103809
0.225359465468626 0.0332159969250682 0.0683135329957284 0.12501725384106
0.180720202115836 0.1508506733333 0.00930772681128791 0.199578160408132
0.0744305968231006 0.307417878212832 -0.145311411341852 0.166432224146828
-0.16884181791778 0.265135150360273 -0.236330438587078 0.0356428186796394
-0.336585041450109 0.0275654211381108 -0.0905850028481538 -0.0691632784671314
-0.368375737487508 -0.180239583195295 0.105151252868458 0.106803980839526
-0.159724233187877 -0.211059154182186 0.322012810159438 0.195010283355419
-0.264460424569417 -0.182705150877343 0.213177561519896 0.325217649973072
-0.292370534934196 0.0476838642710415 0.275577518503713 0.243719510764614
-0.145491624289421 0.264818608729836 0.296662366150038 0.0450344688934463
0.0616602580913264 0.229448328317533 0.204249603271144 -0.0632912294743393
0.155536244076787 0.129336508458139 0.134113281724355 -0.0757215342189142
0.194732224260848 0.00912923847985211 0.117416885867876 -0.0375783346789699
0.184262982587079 -0.0530898112125114 0.131186859633173 -0.0186049093073323
0.184590890677827 -0.0573411705305431 0.15471740591152 0.0332057375946175
0.19439350075106 0.0253292064883366 0.138206589495042 0.124605906192601
0.154903653339809 0.13395509134928 0.0672392376762828 0.217072609984109
0.0416114210145376 0.265809410843007 -0.107924708313131 0.194848571655335
-0.166257520566611 0.195827694813177 -0.209362771625539 0.0661334715917775
-0.273101612369077 -0.0233768852932937 -0.0623261261723545 -0.0509595170962983
-0.2486308466743 -0.181756219011155 0.174280010241192 0.16388526446373
-0.0157862788842856 -0.129118270712122 0.357716287382079 0.287561889045489
-0.10918639892037 -0.14406844738382 0.229590847558507 0.344972013825298
-0.164906038864061 -0.00864998345688795 0.236666854451215 0.272353284203427
-0.100348022607501 0.144779220723839 0.271728673702995 0.104971725534873
0.0275654958160979 0.133921295342252 0.22588527014307 -0.00531934585491817
0.0872068872702747 0.077862037078775 0.191138341601279 -0.0471509348920096
0.120540978385248 0.0077801247403365 0.175748372683553 -0.0384935248328006
0.124981243100182 -0.0355726760019436 0.186381513303487 -0.0260977952445075
0.130105059557997 -0.0366069437046428 0.210424697405926 0.0253621873503006
0.140042708358983 0.0173662540189786 0.191893638904917 0.132109952302388
0.109659980827173 0.107425737593404 0.103858442234454 0.241559323046597
0.00361281215164053 0.19761571145803 -0.0910960121954539 0.222008477554057
-0.147857292596873 0.106467355960766 -0.195413031258581 0.0873412889191169
-0.181451788728441 -0.0722255022160953 -0.0487639087568659 -0.036549078825708
-0.0973150771018856 -0.158832572717345 0.206358864061338 0.207384357478032
-0.0415848153448261 0.112366915780906 -0.301534113000526 -0.19086971929243
0.0790764427120656 0.073386436134148 -0.0260215503072665 0.106722930979545
0.102400425612118 -0.0441233736022861 0.231968931279647 -0.0782256024991654
0.00284070832333581 -0.0985104001897073 0.128324835348252 -0.29637173892205
-0.0565653241481748 -0.0440701741166331 -0.131638422095757 -0.326048956913235
-0.0434158384588974 -0.00334203870564205 -0.277936487149101 -0.152301558744344
-0.0473232271797681 0.00777473283047293 -0.276145654543547 -0.000308135748825788
-0.0474362201431503 0.00728145494483236 -0.22980769121911 0.0582538446490353
-0.0269547610874984 -0.0107064777376773 -0.212801022648711 0.0853110716870261
-0.00692567835118386 -0.025659116469466 -0.227526377525065 0.0853537110697341
0.011396091731246 -0.0342051662068141 -0.265004717018728 0.0267732724975539
0.0643457773339362 -0.013578234828836 -0.296440034246153 -0.104707003765656
0.0474010807675292 0.0651511024493922 -0.261753767346173 -0.245753155487245
-0.0598226064792818 0.108208162145936 -0.200560280535375 -0.325978967041827
-0.123348641328107 0.0697984041203126 -0.356495372731352 -0.285201271391747
-0.191232284206804 0.0538124292606513 -0.255637842750034 -0.241425938882713
-0.0661867977630739 0.0970638173742205 -0.0193206079895382 0.0957988883346565
0.0287782814767128 0.0711566930308987 0.257684059142293 -0.0773150141898882
0.0346490433145971 0.0278798397790455 0.159415319140692 -0.318911583623417
0.0200803455021988 0.0193956731535874 -0.117824718769476 -0.352760995736673
0.0440792622272971 0.0143214648035014 -0.279834114525998 -0.169524004023926
0.0416444017583082 -0.0188161938154239 -0.271588968431981 -0.00733295792758905
0.0337949516584105 -0.0260179416136332 -0.219336827607002 0.054047605708791
0.0614864461699815 -0.0259349686556844 -0.195540387469382 0.0910878069005138
0.0818085969264933 0.0176553756319702 -0.210709340655402 0.101145265588005
0.0596451254570452 0.0560548386797423 -0.247607837954336 0.0544006437358326
0.0405140364573212 0.117365854958728 -0.295028599127002 -0.0647537670793409
-0.0665493747041006 0.13907196301114 -0.275919674652065 -0.200409981485115
-0.21092182815611 0.071195253899831 -0.20072112117528 -0.252004557938024
-0.283374870192974 -0.0245234353185314 -0.31144993495802 -0.213032177380429
-0.312209248853102 -0.032875917511507 -0.161006107771474 -0.245728432991617
-0.227294874805237 0.0824356841454879 0.0156626169925703 0.106028477929922
-0.0835341505955119 0.17567442892833 0.297156219167991 -0.0525410368012931
0.0413256269315434 0.176812749945694 0.213738237302612 -0.319820364928576
0.0953775685970842 0.104822200574623 -0.0716101776588366 -0.36556244165532
0.134125786020255 0.0459883456233895 -0.244342971313463 -0.186222715663941
0.131781344902988 -0.0342656953019764 -0.232869055744733 -0.0211296763853715
0.110683846844107 -0.056760672867808 -0.177744360110724 0.0429344656257475
0.135517035716184 -0.0485334699256483 -0.147024674268548 0.0905990582463878
0.15982757017699 0.0362247423539299 -0.159263258267221 0.12298810654336
0.120569571329333 0.115739640209045 -0.203305738728697 0.107707664105743
0.061298809057141 0.226701099840044 -0.284384437989359 0.00831745427856273
-0.128092709232363 0.228515226612628 -0.295583731231303 -0.129538214891495
-0.319844973449428 0.0774020778845715 -0.193351079788518 -0.177892713028322
-0.406415226757733 -0.0829508048847589 -0.223547159250661 -0.121657706214864
-0.380294682302962 -0.128216682658701 -0.0281910728878069 -0.19489649515188
-0.367730158599618 0.0251555414135067 0.0735269087744727 0.141856262803021
-0.216678789203215 0.238056449271267 0.336649364891922 0.00169573703650148
0.00869874200596826 0.315171089407064 0.273595054229178 -0.277824468024849
0.147941973917975 0.19713171298635 0.00220192341567239 -0.342685434592314
0.204539917758039 0.0873571265783261 -0.170690266773055 -0.190110937068741
0.205861059119501 -0.0358669439713518 -0.161990465040316 -0.0352179661900585
0.172533834359704 -0.0784894871805309 -0.111040526791582 0.0247592366959461
0.186622228802782 -0.0725958711343888 -0.0757578176851569 0.0797578917953224
0.215217084063493 0.0332239898523482 -0.0852508139237172 0.135034625352051
0.175299161909215 0.141283340945351 -0.131404855836904 0.157570999415905
0.100078648078817 0.294215099457248 -0.247612851422807 0.0877933255639087
-0.143656300258878 0.298515666511157 -0.296223829038166 -0.0504473289392243
-0.373182986731604 0.0991218264491612 -0.169352987332275 -0.121034754486001
-0.470773564243775 -0.111017354352016 -0.107660066513638 -0.0350320637379868
-0.377872642317557 -0.202702658259811 0.118498475774419 -0.0917307024548581
-0.437106470056245 -0.060006747673172 0.143462273953179 0.198703738985605
-0.324469133983634 0.230905229251952 0.355100534809828 0.0817245336523402
-0.0543430379280236 0.391324390541001 0.31647803470326 -0.190005373202958
0.15717495236047 0.26619717858817 0.0869608257661969 -0.274654892601688
0.237582356164494 0.124075765116187 -0.0678602264730723 -0.171678604179313
0.246379954877599 -0.0275130474966674 -0.0676711144618382 -0.0452496799153495
0.208122121484044 -0.088930316086608 -0.0293748733216872 0.00418423070120263
0.211848596766045 -0.0889871523412712 0.00658776814438886 0.0604524896162374
0.239754375523711 0.0223046092293245 -7.71572251929204E-05 0.13266193972492
0.203682405355381 0.144266904974179 -0.0484976773582613 0.187730844375629
0.120767723339872 0.319126799480683 -0.189706306949717 0.14767156565103
-0.143054411525161 0.318698974094356 -0.273691593193321 0.0169057883988739
-0.375646371698554 0.0973140630438356 -0.135354851376754 -0.0846564850752517
-0.464397546511575 -0.129362068252851 0.0141010883686587 0.036050877616122
-0.306391494947731 -0.230185888036883 0.251286677903176 0.0429486953304809
-0.405749913875194 -0.134977955858062 0.205610881302963 0.264179905828882
-0.357004008058543 0.160859723023381 0.340242393991439 0.163529893468097
-0.109243341805847 0.375485791839344 0.32552420621109 -0.0789204216202604
0.129419339117641 0.279786421383558 0.157955810161018 -0.176002571099881
0.224578026727454 0.137044307428244 0.0411636730118872 -0.133105981626674
0.244216281236006 -0.0166782557943861 0.0308475570133478 -0.0490359157045914
0.211717890355253 -0.0863657603591673 0.05599597024282 -0.0167253702402325
0.210475959920237 -0.09049561753986 0.0879154579689715 0.0385544426750792
0.234160184940158 0.0120244713344606 0.0824449281649974 0.123121501833434
0.199328708338948 0.13668913035802 0.0283982608778415 0.203528223075099
0.107713891629093 0.307805149723125 -0.131913289002915 0.185734359909206
-0.146936058171829 0.286227928636508 -0.238779747230134 0.0617064133590709
-0.34408429796808 0.0598611394788515 -0.0994434303837562 -0.0625202777963563
-0.391824212286879 -0.148298790668965 0.119199429781567 0.0961481136764566
-0.181630500395199 -0.201066201881062 0.348314314220343 0.171942812303685
-0.287951890353146 -0.161864824143498 0.246838386911888 0.315804517279831
-0.294478870809815 0.0759466538247085 0.302730385309913 0.227207860596599
-0.120226737807134 0.285249740770956 0.307573134529643 0.0213519058817433
0.0864020483480144 0.229360427727114 0.204164626955588 -0.0823595079024373
0.173354822205061 0.11677094526298 0.132537350619674 -0.0911429744078117
0.200064518398499 -0.00904158501854124 0.117528882527594 -0.0513579146733471
0.181275160914369 -0.0722665417318889 0.132920570913109 -0.0341417259207901
0.183261310850533 -0.0769590740924811 0.161759588235354 0.0182239843408015
0.200639536574113 0.00667171516736558 0.15422295098945 0.115646388555052
0.170468840073042 0.122549010179207 0.0898201176077781 0.216049433627152
0.0698361456564254 0.268512351362807 -0.0910112814125839 0.2113365979044
-0.151167850602241 0.214768736497565 -0.208565854657215 0.0910846393769622
-0.282812076724395 0.000944412445303419 -0.0690272670075767 -0.0464866149155578
-0.268991721170016 -0.160033066580017 0.194888437499657 0.147507265898731
-0.0264082267170741 -0.12995803363509 0.39602421716131 0.26249920050629
-0.124342960919753 -0.137247644015356 0.266177496242842 0.334385134170829
-0.169181504446331 0.00635100925485114 0.266007254828417 0.260136393956925
-0.0856697168100775 0.157345662817699 0.287697346941296 0.084843791022585
0.0422274427977939 0.134280267891126 0.231166580985012 -0.0246288814494375
0.097549319316382 0.0715467672738914 0.19321472118035 -0.0675175380387942
0.12406669261034 -0.00386180759255791 0.177496344057033 -0.0578867167518815
0.121811408458853 -0.0493179806350977 0.188577596653904 -0.0467006592763844
0.129125297109918 -0.0511753498129452 0.217576534144312 0.00529058298895165
0.143928870533722 0.00392253920730258 0.209406170222619 0.118173744674558
0.123059052682361 0.0985730633628606 0.129438613525709 0.238538991387507
0.0232659668296982 0.201578969836099 -0.0731305754995159 0.237356755504771
-0.14125441364307 0.120593460608804 -0.193481089113533 0.110364827360503
-0.192261755157914 -0.0568688518756086 -0.0544777112898246 -0.0344472080725892
-0.112696572002624 -0.151943821608043 0.233035602954894 0.189439578420312
-0.0314587518975292 0.112403390531969 -0.313524406311932 -0.163589098895383
0.0839397343121029 0.0671973852554585 -0.0169946211075198 0.110049730454771
0.0969976594260739 -0.0510516192749704 0.225994720942438 -0.0929545269555499
-0.00411396641799891 -0.0980019511737543 0.106179645706227 -0.300806091383143
-0.0582230686478262 -0.0392376339474364 -0.152666793510031 -0.314443166794383
-0.0429442063514793 -0.000752071284027507 -0.284971793549884 -0.131633896129761
-0.0451057036904401 0.0105906246880941 -0.270917673899545 0.0193758086347387
-0.044682713667868 0.0117773526225282 -0.223422021280402 0.0749594883883163
-0.0264020891016532 -0.00832698015154014 -0.204758640838558 0.100558249131771
-0.00773304622922824 -0.0243229834105085 -0.219123411649811 0.0997686064336901
0.0087754223861311 -0.0343258178550033 -0.260165064640112 0.0451047840572423
0.0619036528458799 -0.0181138226305571 -0.300557293835106 -0.083151290279263
0.0511645205514892 0.0625890147821302 -0.273333890712973 -0.226852731444674
-0.0515230227749387 0.113571166639377 -0.219525601471978 -0.312181445694463
-0.115202170666361 0.0765730168763751 -0.375197657384668 -0.258879374638741
-0.183902010326809 0.0646165281333722 -0.271566395074574 -0.21617126944952
-0.0583053271328424 0.101508244487662 -0.0118058765357712 0.099366185026867
0.0335603420008699 0.0684154134288 0.250505818246874 -0.0924337339457703
0.0379296220800304 0.0251362143250343 0.135372492733012 -0.325557623569633
0.022550374779001 0.0175699864059068 -0.141394715341197 -0.341194978829575
0.0451076011707698 0.00980207290803187 -0.287541368321552 -0.147893346617062
0.0401532462439329 -0.0218976196990091 -0.267700247525939 0.0118653129463966
0.0320483543329107 -0.0276754810602622 -0.214007562035816 0.0702087592001696
0.0594306483947651 -0.0303415261849423 -0.188120531849609 0.104949053465672
0.0832207806271739 0.0118037920181852 -0.200750187900822 0.114772859264731
0.0630355705903782 0.0522555416176911 -0.242745470580293 0.0708388510716372
0.0491558913582144 0.112536093694811 -0.296746246183482 -0.0439589942649377
-0.0561459598789293 0.142437512818369 -0.286133263985331 -0.179144665113993
-0.204549432986137 0.086230087290275 -0.214889256177322 -0.238962332978049
-0.279094030960784 -0.00474303772170342 -0.323939040384784 -0.191303737693003
-0.3090029605928 -0.0113656267386372 -0.178844774533623 -0.228049129110962
-0.219397395056495 0.0985571539200044 0.0216758892937885 0.107108010593966
-0.0691366292634647 0.179473708025102 0.291151724230255 -0.0709008830247603
0.0567039550366454 0.171475870393696 0.187608192849588 -0.330121372631097
0.103645063032763 0.0962539117978024 -0.0968489955113336 -0.35662953955572
0.136381473555294 0.0337306495615183 -0.253929353385449 -0.167189646276629
0.128026536238317 -0.044224768640025 -0.231353872839515 -0.00391986605815878
0.104977073554544 -0.0635715944755443 -0.173801809022866 0.0550011725843944
0.130406915811798 -0.0580913025960059 -0.139385807704643 0.0997334603828737
0.161661712524546 0.0237603731732921 -0.148546097055661 0.132946240754475
0.127566744924342 0.106107556992409 -0.194304820573183 0.120120231674901
0.0784797260729847 0.219069309738163 -0.281109446703447 0.028520391153142
-0.109941665740532 0.235179705724537 -0.301082503023296 -0.106768482612969
-0.312013976779502 0.0998609461596152 -0.202131409489773 -0.165878274943482
-0.405242273810879 -0.0525518819476169 -0.23066589042364 -0.107489443328648
-0.383593789763532 -0.100880947050536 -0.0443379347232463 -0.18734466855223
-0.362365099456972 0.0523176158300975 0.0809376708841086 0.138519739834849
-0.194827082907299 0.250132060224586 0.332806542659016 -0.0187993980763433
0.034725944347013 0.309779910880313 0.24986015687134 -0.292558869312397
0.162658180084754 0.183706317373797 -0.0210433964861923 -0.339777653995429
0.20940867096018 0.0691160572350156 -0.180561360239467 -0.176712594484245
0.200563561829067 -0.0513627418795817 -0.16236495567164 -0.0247185974313996
0.162662625887669 -0.0902494191053817 -0.109489456741302 0.0322687005490492
0.178263098796445 -0.0854275066559066 -0.0703626297805242 0.0830267113245469
0.215705461394406 0.0169180763227337 -0.0731869801069825 0.139868842259204
0.183897907728311 0.127033242139619 -0.119691364847512 0.164341713781594
0.122012520967554 0.283471221756832 -0.23771828163482 0.105045685190425
-0.119272354332659 0.30456335597992 -0.297202678188328 -0.0264011021357435
-0.363069575829997 0.125155947309913 -0.174236053471941 -0.110279034716524
-0.470217895658539 -0.0756376924425054 -0.109521769429547 -0.0308190320791737
-0.387037557872568 -0.174780042648755 0.109400868730478 -0.096235682396445
-0.436944925300836 -0.0279323753502317 0.154197542638706 0.189212440026694
-0.302706994544829 0.250487721381727 0.355575187698155 0.0581668023550167
-0.0211227161636816 0.389222153419137 0.299601223666311 -0.20751500933267
0.177219160182969 0.250900683450134 0.0677098278535663 -0.277495587130993
0.244880718153314 0.102758111021161 -0.0779349533993454 -0.165618084834507
0.241794399060784 -0.0458102725294795 -0.071060100330898 -0.0413685598806788
0.197016025124395 -0.103362741548616 -0.0297990918377287 0.00529968643818227
0.201979283551974 -0.103848621103057 0.009038247795318 0.0582972525844595
0.238490076180368 0.00390810278148792 0.0108073551225272 0.131895007303497
0.211647116485451 0.128559641966009 -0.0355145373397689 0.188760444868782
0.145245322507317 0.305579626873041 -0.176534262166113 0.161441644884913
-0.117268089449752 0.323823951377272 -0.269053625015623 0.0390414794913227
-0.365940222067738 0.123208843188286 -0.139350195323645 -0.0746565120327118
-0.465113983350717 -0.0933875064456326 0.0156588412554821 0.0308575907832575
-0.318409574256926 -0.206996005643813 0.251068711149902 0.0266502325208567
-0.411322631135742 -0.104076597343607 0.220276461759928 0.248857822372775
-0.338753695199569 0.184710715499273 0.346633414123025 0.140910795014443
-0.0769997767380117 0.378061623975111 0.315451570136967 -0.0986969953999235
0.150437881322524 0.266312143971752 0.145319033236833 -0.184935015801629
0.233059289689134 0.117024318583163 0.0320542333893493 -0.135535779850818
0.240583197565915 -0.0350399178214185 0.0268966985366407 -0.0528269526678627
0.199740857844205 -0.101062036927765 0.0527716487078707 -0.021768101058412
0.200483731032241 -0.10526523913119 0.088591939859168 0.0298434427352659
0.231617507009502 -0.00646724297468919 0.0913046296549927 0.115747808958312
0.207399513330877 0.120552798875967 0.0420734875877293 0.198619010880811
0.13116218704791 0.296138846138616 -0.116134844959594 0.194279513477918
-0.12414696782817 0.291555914731925 -0.231451894748712 0.0815808034562572
-0.336141596100409 0.083183173713043 -0.102058979121011 -0.0556592455479758
-0.395524785456356 -0.1163273396608 0.125292248524198 0.0826714239101201
-0.192590941215566 -0.186242273234904 0.356704339936715 0.146699892074299
-0.297044640286953 -0.13898402369158 0.264459797268035 0.297200560388093
-0.283891541874335 0.0956420561002776 0.314815312316663 0.206335397695052
-0.0939023159451527 0.289068009403331 0.304879015839782 0.00184755295864119
0.103651110481735 0.219456955560897 0.197570985213766 -0.0946959310628279
0.180681221202415 0.102131180972251 0.126940237348792 -0.100834891011843
0.197279504390067 -0.0243949989533777 0.113554370818972 -0.0612957664579891
0.170592514840564 -0.0859640764941876 0.128246436219536 -0.0452999974704424
0.173798153408508 -0.0907778230600944 0.160062082170975 0.00520783484397737
0.197951605973135 -0.00821030116790033 0.161989493114617 0.103272860354067
0.177172630392358 0.108198709571831 0.104271194010011 0.207519530052199
0.0906272784583299 0.259753334217831 -0.0741856908410616 0.216569658554665
-0.134538508136651 0.221374597370455 -0.199115990943993 0.107766113329442
-0.279211691283299 0.0206135697533626 -0.0723437409458762 -0.0415051999128116
-0.274655475357759 -0.137104079008664 0.203784027118366 0.128371654199738
-0.0343373985891438 -0.126765983933988 0.411152216539054 0.232527694764296
-0.132008834030788 -0.125739685905071 0.285490058822659 0.31364819354689
-0.165702489065714 0.0172491911384886 0.281186145497066 0.241085203285047
-0.0702602644764783 0.160989026247561 0.290141314562361 0.06600005659806
0.0515398776748238 0.130254630814519 0.228397332108679 -0.0395537694193949
0.1016337816305 0.0629522306503244 0.187646557853563 -0.0819125329984913
0.122122570716719 -0.0133538662378378 0.172396968262692 -0.0719007209767336
0.114632982066896 -0.0583023593965229 0.181546972574986 -0.0616908746582709
0.123074377767467 -0.0611412155212317 0.214278972442542 -0.0118876611367852
0.14057293882145 -0.00672671678834117 0.216665917424371 0.102512811625327
0.129107953638694 0.0876114877616345 0.144083465815413 0.226804906801324
0.0398362049016016 0.197336896802074 -0.0538832186561814 0.241814319117516
-0.132114287153118 0.127948064177953 -0.18252693931418 0.125193759754497
-0.193738997441506 -0.0426253451826663 -0.0557098620185631 -0.0301503789456755
-0.119513551517955 -0.140848247526165 0.243549932441951 0.166315075911362
-0.0256856060379943 0.109372808368454 -0.315034078536281 -0.146176541464168
0.084622297386575 0.0630935805717061 -0.0110767750557165 0.111842363056338
0.0927332534451284 -0.0531029115749052 0.220589359151484 -0.0990944105970369
-0.00711021768822789 -0.0960774332667566 0.0956555845650567 -0.298912543505111
-0.0582543167889695 -0.0366084614153248 -0.161578568268462 -0.304688289891429
-0.0424079123922396 0.000321999799819049 -0.284540168852424 -0.120582085166607
-0.0440576011205847 0.0114600653252659 -0.263994858818845 0.029439409303979
-0.0423192651119243 0.0137374779609998 -0.217474810191093 0.08296575969414
-0.026086902574597 -0.00781150332668197 -0.198337223563198 0.108592023672869
-0.00765964722630499 -0.0237282779377407 -0.212943367774738 0.105605063457258
0.00758396968149356 -0.0337503558581299 -0.255640736280055 0.0538026018631653
0.0600571244038147 -0.0198955133326161 -0.299103237156524 -0.072581100967786
0.0516308047905002 0.0609695958258324 -0.273784155555698 -0.215415405658098
-0.0466391343372056 0.114998794802959 -0.225984898893375 -0.304091017292043
-0.109608538903128 0.0781812632702442 -0.380341505722565 -0.243821073214661
-0.176799225541684 0.0682962573520226 -0.275932563780942 -0.199969545029728
-0.0545315928574788 0.102114188244294 -0.00794006298245834 0.101723600004665
0.0353980144534852 0.0661504156402528 0.244859557757629 -0.0981946660141867
0.0398114414669388 0.0228223584453762 0.122999167776459 -0.323441296045207
0.024138023875541 0.0165759928807388 -0.150653543446972 -0.33178265173887
0.0445543524809087 0.00697813435295056 -0.287411043453385 -0.136510528805128
0.0386560720331975 -0.0237893816729858 -0.262196819168552 0.0210529762272168
0.0303347020819962 -0.0273614451651147 -0.208111340298861 0.0772951264641396
0.0572657049232944 -0.0327044701851465 -0.182242420808705 0.110988355668219
0.0830529918587696 0.00878748308268382 -0.193679554493182 0.119887035827944
0.0643450481146748 0.0494701717370665 -0.236860733396429 0.0788600982807984
0.0523327318850803 0.108239699621759 -0.293951636470543 -0.0327778045248468
-0.0502338451954731 0.143209614104505 -0.286333734290905 -0.167755948696356
-0.199123000142605 0.0941506128865715 -0.218429887452819 -0.230895799906799
-0.273488266164197 0.00421219971160467 -0.327200018660195 -0.179434563131241
-0.303732030895901 -0.00146997034988487 -0.185436315203387 -0.214847753023699
-0.213315590613098 0.105190165867298 0.0242069779322786 0.109208835146384
-0.0607425828756881 0.178797733628557 0.285469488972883 -0.0770380458982856
0.0647794098814704 0.165248469221093 0.174495817026677 -0.329431287186707
0.107566191365989 0.0905481531293324 -0.106816957419844 -0.34934418731799
0.134935493302051 0.027271689452977 -0.254389268595424 -0.155726070262438
0.124231740787355 -0.0488864905985469 -0.227562117383287 0.00310633170744455
0.0998577559721648 -0.0658850458562353 -0.1701016238169 0.0619826852972145
0.126096744600216 -0.0628945398809858 -0.134909046716291 0.103687593426878
0.160759555853054 0.0174807774702509 -0.141156117921452 0.13597300884877
0.129727244792514 0.100287630373424 -0.187728968076131 0.125735041308111
0.0857620222505498 0.210971425144955 -0.275189083410229 0.0389664033017439
-0.0985747892025419 0.235210595633754 -0.29942204989484 -0.0944793639769007
-0.304581618060291 0.110960660928403 -0.203348024732335 -0.158993590595375
-0.397819072633689 -0.0377168141862298 -0.232501753785969 -0.100470270006485
-0.379269508932612 -0.0866742225928974 -0.0509202709098176 -0.179632432216406
-0.356239650667624 0.0651785302904497 0.0832703034170074 0.137153536094769
-0.181902475915656 0.252990870151612 0.328063652884505 -0.0264232625077075
0.0498857178611687 0.302056068666488 0.236900699824975 -0.294086756565315
0.168524658275261 0.174497556106749 -0.0321946648071112 -0.33544059150055
0.208799028194999 0.0587834103019018 -0.18313533533835 -0.168448596963848
0.195594911255498 -0.0593166003642801 -0.160884330320481 -0.0189473341444728
0.155028907950618 -0.0948707030525323 -0.107289207352096 0.0361126706567549
0.171699738295896 -0.091613219239419 -0.0678578926983866 0.0849762788404766
0.213929020246118 0.00879294671092104 -0.0668542117343915 0.140131793225788
0.185839692553784 0.118928065514536 -0.112719278066236 0.166268231847741
0.132724772442944 0.272588197664028 -0.230597011303043 0.112180263976208
-0.106440280431709 0.302795291426097 -0.293023362256603 -0.014045887503735
-0.354688456207578 0.136288729484214 -0.175422630823382 -0.104269681028195
-0.462122497550499 -0.0579312880049204 -0.110325462102464 -0.0297030888371808
-0.386204858351932 -0.15970291223177 0.103936747264632 -0.0955917060192911
-0.431728189946481 -0.0105391653914867 0.156807190328969 0.184590984169084
-0.286330697423902 0.256480341524422 0.351624628540872 0.0488463117248412
-0.00273150448643776 0.382614785704573 0.287252763043508 -0.212206723467105
0.185666498675018 0.239865741676971 0.0578464081432188 -0.277252393142448
0.24515786774265 0.0910506901434361 -0.0810312732396458 -0.162070662771558
0.236480959301454 -0.0562530166301931 -0.0712409635357195 -0.0395098085966703
0.187325637437726 -0.109310815979626 -0.0299194262821163 0.00609517023953136
0.193404606808458 -0.110533670219665 0.00964909575693244 0.0572236175950893
0.235077085023475 -0.00482902073312496 0.0156887439010491 0.128662245586546
0.213289857676412 0.118168767828535 -0.0287403949659572 0.187683368616921
0.1563352014998 0.294614139772847 -0.167166273283791 0.165409852756758
-0.103593804368591 0.321388258706989 -0.263009348652193 0.0508075533755648
-0.357090195236995 0.134534383148476 -0.139519055890914 -0.0711420787343754
-0.457608224563607 -0.0752091063395273 0.0161529656630861 0.0270225674067917
-0.319397679665236 -0.19367631530087 0.247940938875474 0.0193592380310108
-0.40926228540801 -0.0876305433833111 0.224101312089637 0.240219846510178
-0.324784213650208 0.192429226088535 0.344880806376191 0.12941654705612
-0.0581250520128354 0.373400539252855 0.307448529969832 -0.104509987145077
0.159741876121661 0.255320715730892 0.138258342728751 -0.187273667654273
0.234335095184181 0.105869160705225 0.0284972504229535 -0.135508590304111
0.235519718155246 -0.0449030281647834 0.0245646624401423 -0.0542501609098267
0.190660156442051 -0.108044727341517 0.0509560140836968 -0.0233383313400211
0.192210225460653 -0.112203812472749 0.0873665150436025 0.0260777368765413
0.228003708439851 -0.014637284431693 0.0947033408019309 0.110253728180851
0.209040620668067 0.111103918008486 0.0478455258120226 0.194553978575936
0.142697006470973 0.285995780740816 -0.1070823638418 0.195341279347234
-0.111054236788059 0.289906707445462 -0.225180645412229 0.091600304937434
-0.328658931763673 0.0945539634707731 -0.103059336160544 -0.05263354372263
-0.389881536073297 -0.100375023783375 0.125431788474431 0.0733720307286116
-0.195603755854746 -0.177732035035726 0.357317598512145 0.13285754774905
-0.295987534084948 -0.126212861704984 0.270441559605268 0.285841087845878
-0.274361311504518 0.103708513200115 0.316572577562908 0.195273705303622
-0.0793952932455265 0.286757700226116 0.299780594131932 -0.00624899099067549
0.111530971253255 0.211357475433401 0.193639579650643 -0.100038239407795
0.182207251639937 0.0933197673324169 0.122302758813717 -0.104759360485545
0.19321037836665 -0.0320775917728427 0.110039869776044 -0.0666352151956614
0.162633271913102 -0.0916624118280246 0.123551613604635 -0.0501168838877168
0.165880481211843 -0.0965948721056251 0.156362701254138 -0.00120229401675333
0.193431028381531 -0.0154189907465785 0.164479307978599 0.0962674783807486
0.179234441178926 0.0994583550299217 0.108666982352521 0.200731754969895
0.100839848887592 0.251263284304249 -0.0652219762248173 0.215947365149017
-0.125306538272083 0.221225972190051 -0.19228917817343 0.115529509073149
-0.273573367634006 0.030696128178623 -0.0723733787843535 -0.0395285736576331
-0.271920462486272 -0.123981966804679 0.205509405359493 0.115338787517876
-0.0373337079109799 -0.124106856421254 0.413617465555682 0.215541176447803
-0.133695118820197 -0.118839426671413 0.291640005984001 0.301344607508558
-0.160956949400175 0.0221476375325473 0.284894126501529 0.22963417483538
-0.0607674534787951 0.159279051830004 0.287751289832519 0.0564277839134424
0.0561779743251836 0.125369815837918 0.225877218039634 -0.0471343585449496
0.1024110742699 0.05832653591598 0.183630975562033 -0.0884459413317438
0.118410452528186 -0.0182472602290896 0.16834052489489 -0.0792841961679885
0.108162220639761 -0.0619791916067677 0.175863340376804 -0.0691681023486261
0.117543552938367 -0.0652817594861064 0.209902673370665 -0.0197767221478354
0.13745783724133 -0.0122204273894388 0.218100247293583 0.0934720112356905
0.129991961604754 0.0806239146754524 0.149200841431047 0.218024409023471
0.0473001519672693 0.191602571925808 -0.0449994811950308 0.239928045939596
-0.126218620558443 0.129389794811281 -0.175556411680697 0.131741060289847
-0.191302662062835 -0.0351283811423639 -0.0568805765187959 -0.0287792938662949
-0.11898822968912 -0.133067414913261 0.246013691441511 0.15119707613656
-0.0239931249056569 0.109328968835814 -0.319241348913331 -0.139403023116626
0.0860554409914108 0.0628203661045216 -0.00842996773203709 0.115439061364428
0.0913139486674369 -0.0539856069235903 0.222528678366476 -0.102407227833346
-0.00835894189137667 -0.0969152941575449 0.0944508132038313 -0.301435265637637
-0.05902187754738 -0.035847934371776 -0.165559472859304 -0.305335535870227
-0.0420827007757864 0.000581690649149841 -0.286993234383489 -0.119604644755223
-0.0440838690353636 0.0116497889809378 -0.263411420967262 0.0336164961973068
-0.0413087791810827 0.0148865124656595 -0.217756394079957 0.087718034347786
-0.0255222301927166 -0.00745262060263551 -0.199177212305994 0.113639736718704
-0.00668760917534287 -0.023678125443931 -0.21452601192852 0.109525984747678
0.00669210561174486 -0.0337305855716701 -0.256291481213515 0.0572318486922906
0.0590454142640595 -0.0207489434723776 -0.302614191568951 -0.069954344038229
0.0528261807228835 0.0618227043659943 -0.27648654100742 -0.216517160415975
-0.0454708403563934 0.118682121994853 -0.229860574021577 -0.307571235715995
-0.108611579842394 0.0780925113904466 -0.388035419760006 -0.241745873471384
-0.176349211751396 0.0704171296612751 -0.281384228647743 -0.193547092131555
-0.0539972378896498 0.104178688311163 -0.00569989030268895 0.10597087316929
0.0359262668024721 0.0661021031917869 0.246993775405528 -0.101140878948397
0.0416490120347595 0.0212797713585177 0.121229536318242 -0.326437061795854
0.0254093568872296 0.0159185597080076 -0.155463191032081 -0.333911424075015
0.0451017770805048 0.00562507012309379 -0.290681200697203 -0.134872502714045
0.0386040780574762 -0.0250102663762729 -0.26273305174334 0.0256410951694713
0.0310740950592247 -0.0276039000885723 -0.209035054093136 0.0824320496374495
0.0575859649281989 -0.0340922594610798 -0.181688504621193 0.116379857029306
0.0848501353271931 0.00778817338316864 -0.194048864401872 0.123421373804768
0.0653425357128942 0.0492076728954712 -0.238389346470764 0.08287489449045
0.0545138092842689 0.108465986972646 -0.295168061651501 -0.0299143232314874
-0.0483150947560187 0.145191775415042 -0.288400240693767 -0.166267881428604
-0.199460482503287 0.0980720734597123 -0.221572780119272 -0.234560788071087
-0.272738374675218 0.00615203340869646 -0.334088763746823 -0.178822062164834
-0.305150261308144 0.000940755274489353 -0.190050154793319 -0.209894602745985
-0.213663300537431 0.109408536547165 0.025902269243111 0.113506849466102
-0.0582485139246427 0.18085848726322 0.287550850523045 -0.0783766704391672
0.0692365863725376 0.164527428266964 0.172335805017259 -0.332163622889064
0.11107335469098 0.0891511623445884 -0.112164847730716 -0.351882077157579
0.135921881377473 0.0248243018262793 -0.257475697704741 -0.154410125867792
0.123723431739419 -0.0518311027515653 -0.227834033602278 0.00707895497602631
0.0988366228808801 -0.0678025206692912 -0.170452424365967 0.065118616220578
0.12576063364168 -0.0656834713788202 -0.135785579309999 0.10755163855497
0.163132201494237 0.0150871502846547 -0.140540867575805 0.139407363493353
0.132763515395464 0.0990826289309483 -0.18954660900187 0.129005500162899
0.0900502460389052 0.211325782932671 -0.276006769585832 0.0419192828645384
-0.0962425898437815 0.237353333082933 -0.302080655203529 -0.090372212291905
-0.306232533303536 0.116128634603761 -0.206505610586528 -0.161194398710163
-0.39887049750689 -0.0330287741765731 -0.236134674734777 -0.10048320276313
-0.383063231957196 -0.083413801531336 -0.0537735268129383 -0.177174890142166
-0.357332329191609 0.0705716563491329 0.0849734225990275 0.141441435045141
-0.178185765346766 0.256344733319986 0.329997957059016 -0.0278204198093001
0.0569583470260557 0.30201622796493 0.235855905919911 -0.297749814133844
0.173807303518787 0.17168387752159 -0.036471465810568 -0.338547898940489
0.210867229881268 0.0556266493652965 -0.185707422986579 -0.167613204965583
0.195262422068521 -0.0637696858374671 -0.162635827872644 -0.0167314164225013
0.152836416048302 -0.0973563959409166 -0.107925235280448 0.0381549710982015
0.170175670824745 -0.0958389899928948 -0.068645829587297 0.0874482996831831
0.215962172942899 0.00511992647633325 -0.06470274835537 0.141712482882646
0.189533427751049 0.116185322276913 -0.113703241254392 0.170076370212845
0.138518951578182 0.27154886003336 -0.229496319395479 0.115955546487787
-0.102993223510756 0.305701107209322 -0.294648473750101 -0.00926559988108337
-0.35576132589961 0.142461258085237 -0.177179191456113 -0.105481047083818
-0.46365960375833 -0.0525196461370803 -0.112343954694147 -0.030782017828849
-0.389828879182358 -0.156159971416659 0.102478929920086 -0.0951817114061577
-0.435309658604141 -0.0052283291995411 0.158294533867723 0.187216097997912
-0.283646930685559 0.260651635855375 0.354722309545824 0.0479510510478478
0.00622402636777878 0.382616977751535 0.288318694030283 -0.215101215949721
0.192107005222895 0.237557544546577 0.0559442362089443 -0.28098746283963
0.248676993504268 0.0869829634537499 -0.0833410211911878 -0.162527577185049
0.236892934276256 -0.0614518293766607 -0.0725289945631141 -0.0387854178510482
0.184032381396847 -0.113465050852475 -0.0305701069896774 0.00674100646701074
0.191756279532785 -0.115007736913498 0.00899899160653051 0.0576578419396909
0.237173527227437 -0.00984148708251723 0.0183200703424055 0.13026005619539
0.217313330688658 0.11547297795001 -0.0278716595418939 0.190222658758557
0.164191542792033 0.293735586160067 -0.165006388771728 0.168867544268985
-0.0994347764822111 0.324026340512162 -0.263687437368942 0.0563082845210735
-0.359306095305869 0.141031810607356 -0.140264123524785 -0.0718029713048741
-0.457420360038637 -0.0702778790385323 0.0164066767417116 0.0237558667164344
-0.324068649255499 -0.191263478144057 0.250429468578959 0.017849344816451
-0.412582801612026 -0.083694079623038 0.226674697201615 0.241837426134762
-0.322728270070913 0.197156990413789 0.349817931971364 0.129007192043453
-0.049251594926917 0.374120287900292 0.308297024082938 -0.107628537853711
0.165872320341803 0.254035392794485 0.138363870708055 -0.192333800638817
0.238031094262763 0.102230622473061 0.0276563043091596 -0.138179913079625
0.236650007222904 -0.0495146149256553 0.024659991436989 -0.0560845342146593
0.186832224539371 -0.111974500074552 0.0499252541141473 -0.0253361873659793
0.189888586318914 -0.116613770052093 0.0869517481190409 0.0258039796189505
0.22901160078193 -0.0186772594679643 0.098219471405774 0.109725387614395
0.212442324466813 0.107682770380431 0.0498217445256849 0.195472256794564
0.150062120174637 0.283901588618179 -0.104363569214043 0.198203766682294
-0.108546008443984 0.292632515604822 -0.224826036492585 0.0970552710543714
-0.330064712506154 0.0999178540649423 -0.104220742821121 -0.0531963978378659
-0.388937043293124 -0.0953259752666595 0.127624027310193 0.068918454459312
-0.198439539033349 -0.17655306405415 0.361509021803115 0.130782604776741
-0.299639083409301 -0.123717727917652 0.273892623724526 0.286385685614427
-0.273913072033467 0.105972279815671 0.320788944099337 0.194733635873762
-0.0722286488214727 0.28729352226239 0.302080633832247 -0.00740576747821074
0.116109492727549 0.210912946935379 0.195661307773852 -0.103616635825123
0.185324425721432 0.0902810332592264 0.123118908449922 -0.108584937489049
0.193249343621364 -0.0357757351133627 0.111082622376575 -0.0702783493031926
0.159461910899841 -0.0950613276313843 0.12283333913199 -0.0535818618735543
0.163841121316493 -0.101225555283401 0.156729857621124 -0.0032109132622392
0.193964745824825 -0.018701202497215 0.167794016687602 0.0942195221047114
0.182422089189458 0.0967581932266401 0.110715830805629 0.201016835419367
0.10696633914047 0.250045803885035 -0.062273808353951 0.218607759219798
-0.123480424911465 0.224281598294977 -0.191505074573126 0.12087947523482
-0.275539505482302 0.0346494814456478 -0.0735155333018485 -0.0401742607545614
-0.27095109918454 -0.121766477739703 0.208429165952034 0.109567488089062
-0.0380129804775133 -0.124271487855556 0.42088653491121 0.211831717800277
-0.135121693960057 -0.118093357432632 0.296539953056451 0.30032054906745
-0.161116420714672 0.0235290854721577 0.288951661193799 0.229317513297564
-0.0565298925783111 0.159017813727151 0.291073284369208 0.0550312769641201
0.0589403908495652 0.125376542429833 0.228327673870269 -0.0498587568262445
0.105074847525243 0.0571160919841971 0.184735118305823 -0.0931937968024135
0.11904265429112 -0.0200681129405258 0.16916776587046 -0.0849083957569768
0.10601665568649 -0.0642081456777614 0.175248509611015 -0.0739232092586686
0.115073523020624 -0.0689214511994311 0.211082037069277 -0.022727309643985
0.137154277145543 -0.0141332451526502 0.221832408445571 0.0895597669791242
0.132390510438513 0.0785448895836567 0.152450628439574 0.218488813675108
0.0519514355398791 0.190958600260126 -0.0423303962872978 0.242851305885311
-0.126582582889743 0.130903274229755 -0.174306384783204 0.135583798219148
-0.191829924018712 -0.0328752183755948 -0.0580053448488225 -0.0296599093212648
-0.118066865569387 -0.132759184043778 0.249251672418875 0.144438953811059
0.0255541153720768 0.116657136447086 -0.356638558710201 0.0166055659037793
0.107515505334358 0.020434156425035 0.0499262465130668 0.110918344548805
0.0579010308942448 -0.0896800818001299 0.160737815386611 -0.201042750709489
-0.0542455692281335 -0.0827584210798395 -0.0514705038139496 -0.328528921362996
-0.0704769115882982 -0.0025533226072344 -0.298229522409835 -0.206696187374222
-0.0385143450126647 0.021508079132802 -0.322291875485421 0.022086473389995
-0.0356501376858151 0.0300177325091212 -0.230238449433718 0.152824717224143
-0.0304808728373509 0.0319979458493902 -0.161913958545717 0.184056504305745
-0.0282071110353245 0.0035974613645964 -0.131830855381597 0.199101288697487
-0.0166805594779541 -0.0190422765765261 -0.149197575575327 0.201343692130669
-0.00952287550947166 -0.0328694912150644 -0.210908678209428 0.170062730657924
0.0406099998887638 -0.0460826292918013 -0.309338401557882 0.0743897336764953
0.0759496685340214 0.0326165868720217 -0.353985447186015 -0.0748889506307144
0.0103407569836835 0.128625472302495 -0.357659856442216 -0.189022006780712
-0.0697405634773688 0.124151059816546 -0.47670631065179 -0.0619474210458838
-0.135366983085288 0.143930537938908 -0.349406172336758 -0.0455660616043356
-0.00400614990115116 0.11812037282667 0.0484941940554686 0.105736954728309
0.057592677799591 0.0449333113127101 0.188106053974303 -0.20590484232643
0.0422239692463097 0.00157062485905 -0.0325209476478967 -0.361376160349752
0.0292601403177003 0.00886054538580621 -0.298253186755284 -0.239621199262958
0.0449390971345052 -0.0119642046671955 -0.329800199917985 0.00629775455767016
0.0243107111925387 -0.0407536215541995 -0.230884072157057 0.142136519675942
0.0190587518958684 -0.0391770032320743 -0.155897317898553 0.175091139330624
0.0384813144665982 -0.0582372981481888 -0.11433532129092 0.194876952518928
0.0847945379867546 -0.0309188284387986 -0.122536273705098 0.208356903817773
0.0846168704937759 0.0198682719441506 -0.185367422375316 0.188887490692322
0.0945467855909142 0.0762056821941516 -0.293455270233373 0.113054145510928
0.016602671286706 0.156928484808949 -0.347699551600283 -0.0249519903601079
-0.145412414517286 0.181540670551509 -0.317664819188115 -0.133061900421131
-0.261390305361752 0.135453205092981 -0.391995526667249 -0.0351992128504986
-0.286252604109198 0.13291582946908 -0.276038200396207 -0.0987131721819403
-0.150515345215914 0.190698673739804 0.0799568178539941 0.103677594138736
0.018637564409449 0.189325168437323 0.241321012033499 -0.196750903389166
0.129560276723918 0.118877201721207 0.019569731762366 -0.38698782594149
0.139442077899472 0.0383819945696475 -0.262065282819382 -0.279738407744615
0.138066552763086 -0.0348584237609371 -0.306892242643106 -0.0276763779028392
0.0905640525144215 -0.103220231372304 -0.205223799033331 0.106999521777243
0.0654102195116865 -0.10686711765116 -0.127265594474555 0.140531483690019
0.0885021773923378 -0.117936482870911 -0.0739630961952447 0.166754394392108
0.162473145044271 -0.0586840724065833 -0.0639281063428287 0.199041295915335
0.171368903758612 0.0366495175244422 -0.120471805325642 0.214143280454842
0.176279517297036 0.15523387168602 -0.247820471704904 0.177737387158445
0.010834995202972 0.26803885573935 -0.329217720863706 0.0504609369724055
-0.239050914051271 0.247960617079993 -0.271220463852283 -0.0778059901790655
-0.399311019959406 0.158254837909509 -0.262467042356595 -0.013167095597128
-0.395950081250471 0.0842298645837875 -0.139351114337245 -0.127304764017881
-0.300014783602603 0.215380450661463 0.144100382576653 0.106725046597601
-0.0605303075183029 0.308886866305808 0.305614779816952 -0.160975737545315
0.178122512302366 0.247567257967612 0.0986916752084955 -0.377256167215466
0.233375657346482 0.0856686790737972 -0.18124781540898 -0.304499496917988
0.220775031490234 -0.0403372493674552 -0.244214696321577 -0.0744983706384227
0.152138194027484 -0.145741338922517 -0.153433328525624 0.0531025674478465
0.102658354700866 -0.159253792178709 -0.0807895525242983 0.0863634695017818
0.117475080221949 -0.165753138896904 -0.02040757209105 0.116503719457263
0.207287110236033 -0.0918802239541209 0.00861745380584757 0.16818213372973
0.233705908250602 0.0273216252271845 -0.0320259754529907 0.219228785504966
0.249944003437181 0.189650582574022 -0.173419472849841 0.23026568833633
0.0353939161757342 0.335293581089315 -0.288234594759938 0.124152811686001
-0.274390188033835 0.296499819913502 -0.221616211036391 -0.0415188866988221
-0.467265310923362 0.171988345462925 -0.112709887094713 -0.00743638822071345
-0.433956524315436 0.0164717042874597 0.0408183792892815 -0.122027103460998
-0.405753103567401 0.176507350794485 0.23124503620658 0.11772909865779
-0.15554739214789 0.357075125591975 0.360729783576916 -0.0959306984642887
0.167516197986564 0.341624661894926 0.186775765932596 -0.31933508566414
0.277834870158709 0.136628867832109 -0.0654108716149138 -0.293256566279485
0.269994996123922 -0.0285985392660058 -0.145473102976368 -0.118265655897851
0.19150569253543 -0.161466389968834 -0.0788830980943899 -0.0102610247675301
0.124963818007595 -0.187153618879069 -0.0236177274513297 0.0208345960378607
0.128932510687864 -0.193527095870528 0.0378035861622644 0.0535316174117399
0.220632900793307 -0.115096276351689 0.0817808264076183 0.117594301619573
0.259732618496858 0.0121033653386436 0.0568741938445862 0.200681596390641
0.284997514047858 0.198291353363677 -0.090147454804415 0.252374387440663
0.046536502567444 0.352792587670413 -0.229850252183316 0.172054913612304
-0.276303231618451 0.296124489108168 -0.172436520466649 -0.0244727863009852
-0.468829669083289 0.152304298732715 0.0327740494660313 -0.0134871827519728
-0.386705571099919 -0.0469528860866344 0.229741288047511 -0.0841585537519706
-0.418516330010798 0.0926611255745447 0.317834459591011 0.136262398775817
-0.219104369848259 0.312682181331184 0.387825697240827 -0.0173819374103464
0.112920516544238 0.357074265650596 0.253842523291542 -0.22608971079748
0.261096993335664 0.161811195841266 0.0526069640175896 -0.246419149623147
0.266743146634602 -0.0103369811237297 -0.0310834288475652 -0.146882024542067
0.196834030657306 -0.150372348165485 0.00434960420488622 -0.0717685514445093
0.126908369685875 -0.187559599427825 0.0371439388465832 -0.0467829119936799
0.126220125336953 -0.194707233620699 0.0953366558206162 -0.0139707570000148
0.208442132625625 -0.119876275443196 0.146956930901818 0.0609896682544183
0.252436609218875 0.00713421013884266 0.131341944689604 0.169931560647078
0.268587122814878 0.196326992901136 -0.0196132034137724 0.251562121741179
0.0237920445297148 0.328021053811618 -0.174308831013031 0.19167909864009
-0.267369075775913 0.244931798144776 -0.127629088211517 -0.0217741585405724
-0.415154757174826 0.0954317311133133 0.158841913920754 -0.0166034640511818
-0.26254489566495 -0.0888579854157526 0.386982765358425 -0.0325855103229744
-0.330221228267928 0.00553061013470239 0.380949707201067 0.151844693789402
-0.210954120659672 0.207041448199907 0.386495464493576 0.0518532706689021
0.0553779852338345 0.286606628747599 0.288194366317036 -0.132035368222095
0.195999938861629 0.142188034549947 0.144606858965743 -0.189697212698505
0.212588220311676 0.00160912354659046 0.0697415919501413 -0.161789606593292
0.163912064498479 -0.118481498617059 0.0774134182219389 -0.124289856486796
0.107391363045314 -0.158479491009612 0.090369812092488 -0.107099026702966
0.108563908978374 -0.167564153133658 0.14686355998143 -0.0740324208556559
0.17565135454711 -0.104833059109757 0.203091968487966 0.012819232227863
0.218416875920694 0.00951914582168073 0.190857602237198 0.145880984224041
0.214019617915484 0.184955652326085 0.0289221728974575 0.247542613117169
-0.0207764620127921 0.26952139379883 -0.130480653386234 0.196072352270556
-0.244806324856625 0.158335343941676 -0.0903717957865855 -0.0199479037620173
-0.31365109369434 0.0129749569839169 0.253046118215453 -0.0077168151875039
-0.089886414518153 -0.108586888349341 0.48217677895702 0.0121010703677564
-0.17585162321739 -0.0597620960098336 0.408236980404431 0.148727800112199
-0.140069796790856 0.0835407303556849 0.370324560041361 0.0919079732920017
0.0149190511314889 0.162512982182275 0.301402874944275 -0.0729791729491679
0.106306719648577 0.0873332134963847 0.196449515222231 -0.152971614926751
0.122379115578753 0.00598876142591393 0.131608778749123 -0.175029393827323
0.101298970157154 -0.0707244149399 0.123503324224773 -0.163299018979265
0.0703210385674849 -0.106351363210956 0.128800977886816 -0.151655515830491
0.0770474526849471 -0.115722040339904 0.186469900329396 -0.117846581887713
0.123755051705784 -0.0744262522958054 0.250520969382062 -0.0170757610293675
0.162730675008568 0.0143032556631189 0.237916042478337 0.14050836505918
0.135786586840613 0.155604784106868 0.0604801421430595 0.256178708366528
-0.0651543073421248 0.183303518690421 -0.105371984221149 0.201044387171934
-0.196107854379875 0.055839069352123 -0.0674762904880944 -0.0125586072288527
-0.172719868080822 -0.0707509590704812 0.3059905018007 0.0166508380627163
0.0318007159738469 0.118855974365652 -0.371706500826737 0.0362971715819895
0.114533488842885 0.0170273060266008 0.0601773085281554 0.11603720543275
0.0564229305855607 -0.0956594631886933 0.16205360981551 -0.219356097404034
-0.0612216575717198 -0.0857492325505958 -0.0661845538929271 -0.345145409885151
-0.0740848683771971 0.000117332612433511 -0.32410892702452 -0.206105781730688
-0.0394592688458084 0.0237582678999015 -0.339778371603387 0.0351049596964098
-0.0362401886196615 0.032781500296339 -0.234000977374574 0.169247467326918
-0.0289644037223561 0.0348453076699394 -0.160448604753341 0.202469249811931
-0.0294365263391019 0.0046493582409165 -0.128860660898311 0.21833570638319
-0.0173611553126809 -0.0198693147794291 -0.14824314468644 0.22065414449107
-0.0114934225804354 -0.0330439873250182 -0.214358690528937 0.187680040259597
0.0401696955846606 -0.049518234410799 -0.322534636089748 0.090748672559546
0.081490130413657 0.0311262887027462 -0.374810135508126 -0.066456635932929
0.0175628635731128 0.135094990595335 -0.386424087658249 -0.18750545078997
-0.0684121591768542 0.131729724225578 -0.506164725689584 -0.0457806705536356
-0.135638161768855 0.156065418430955 -0.3677857128949 -0.0297327980785226
0.000752953509105077 0.125549681156322 0.0578322656428905 0.111591140375678
0.0626976837517422 0.0445154901211059 0.191250438952194 -0.224666214626211
0.0445017057666806 -0.0013319533424183 -0.0469585166352442 -0.38035951715054
0.0315735682106574 0.00682079043594976 -0.325769314617245 -0.2415558135801
0.0469619282259336 -0.015429831654949 -0.347849698520107 0.020226788451078
0.0229610887847522 -0.0439690625598693 -0.235488124678454 0.158820644344454
0.0188014714464193 -0.0420051714335512 -0.154574215484927 0.191640417672593
0.0375990244863932 -0.0639127591800261 -0.111142246511605 0.211739557754457
0.0893033593944818 -0.0373997015208174 -0.119872066595386 0.225575622301802
0.0900851782440897 0.0173576217494517 -0.18755819158222 0.208388631178097
0.102781774606838 0.0760289864472548 -0.303894803153812 0.131000279714522
0.0235928097696649 0.164552779752029 -0.364430991856395 -0.0135657402474709
-0.144824757577895 0.197658544932019 -0.341670371842672 -0.129703591075235
-0.268495896123695 0.151538722274314 -0.415778984460376 -0.0207294008647934
-0.295090490849207 0.151718002696046 -0.293343809013811 -0.0888634106604691
-0.149329217470398 0.20820791097466 0.0912476687505349 0.108519435707697
0.028785767881802 0.198490849481834 0.247212607107973 -0.215985296746758
0.14240499668629 0.116005444891128 0.00615692031782837 -0.40840583330452
0.148786503746923 0.032159893298379 -0.289739204781849 -0.285515309511353
0.14437263118767 -0.0437160264038281 -0.323646192554675 -0.0176767579314174
0.0900908990444536 -0.11287216394956 -0.210045581439127 0.121868271465295
0.0630031448750921 -0.114677131572296 -0.126395123720944 0.154418947951256
0.0865484697834784 -0.128485496550152 -0.0695718435326487 0.180555438602663
0.169756123276673 -0.0700806606701542 -0.0584609447081107 0.213549138414175
0.182279869153955 0.0305845271037449 -0.117714215995734 0.232088463010115
0.192101322827748 0.154495460997862 -0.253064613611143 0.197152029276048
0.0228057554503845 0.279528844563261 -0.34289424899276 0.0671532939992398
-0.240774686816091 0.272282188544628 -0.290322343196674 -0.0737756046461571
-0.411030680180211 0.180943102679056 -0.279335710484054 -0.00330198042610099
-0.412981678431642 0.10596176700132 -0.150875409256155 -0.12551089533098
-0.305703323405082 0.240005027931072 0.158230479491223 0.109605375137808
-0.049278980800601 0.326590712912079 0.316342463463397 -0.180419752599616
0.199067483017876 0.248552433870039 0.0895589941487068 -0.400568724511564
0.25038947872181 0.0776361512146387 -0.206276000568399 -0.314731780755518
0.231752797233128 -0.0534904902883779 -0.260903452989441 -0.068698910881917
0.152031402304876 -0.161099818429092 -0.157870586110825 0.0615681427354232
0.099166467378843 -0.170630483315352 -0.0807205621973474 0.0946445698568085
0.114396173833863 -0.180068631224003 -0.0156080799269229 0.125197554955394
0.2150197873366 -0.106731336119137 0.0171482855877935 0.177090845190201
0.247195967278523 0.0176279501708525 -0.0249472802573562 0.23433220669132
0.272822953416335 0.186186573228395 -0.172321204335083 0.250120236582917
0.0516996083360643 0.350467983948897 -0.296034930058309 0.143934446788206
-0.275814773145411 0.324486512096218 -0.236609254429471 -0.0358981062894782
-0.481828544056492 0.198440054173021 -0.121302793027055 -0.00501321459942754
-0.455618901156833 0.0357351842125403 0.0383712667118375 -0.12811823480903
-0.418825163371423 0.203980588400092 0.248668879459296 0.116099858448272
-0.148012442992962 0.380477585991768 0.376576273620333 -0.114687966094957
0.191513790184578 0.347474024932121 0.18504224512569 -0.343591619295496
0.299696473872257 0.129252451515194 -0.0839990156341927 -0.308531743561124
0.283493935188089 -0.0430725117574895 -0.158360696071876 -0.118604830463561
0.193172297657421 -0.180642953405086 -0.0823433654557014 -0.00869942403837342
0.12074911878422 -0.201029881105447 -0.0239090761959003 0.022371674426648
0.124322889907965 -0.209407145556502 0.0425533046143486 0.0552961247747978
0.227437534458597 -0.132277465136418 0.0907905868835079 0.119985825297608
0.27387072897239 0.00201173522098959 0.0680771451825959 0.210580462755847
0.309645847434853 0.192833441361362 -0.0841832604286639 0.269777386514748
0.0638124158796823 0.367971238647665 -0.232306687917769 0.192394972013995
-0.277824830020808 0.324031868618742 -0.1842840194517 -0.0204409968525109
-0.484632901189956 0.17833122571188 0.0318587059929975 -0.0184360435817486
-0.407949700984593 -0.0327158280641924 0.237870967238357 -0.0969912276986775
-0.435751869210569 0.116228284060638 0.339368319493739 0.131344626617319
-0.216040955129531 0.337038208349882 0.407503028773733 -0.0329276557428202
0.13523904115936 0.364978306353519 0.25838536225048 -0.247421556233338
0.282488757110556 0.157009855429177 0.0441073658256787 -0.264149942859538
0.280757614203964 -0.0245783812771097 -0.0395908566740307 -0.153909255410273
0.199056760789479 -0.168256241501885 0.00139615107217741 -0.0774538631832885
0.122371605790597 -0.200227159714135 0.0357924372652805 -0.0516294883684919
0.120864134957795 -0.209785989863915 0.0991320054989396 -0.0184405012256237
0.21377739840272 -0.136574367521173 0.156629275976329 0.0574667679626283
0.265469497553332 -0.00403602380496068 0.145412405466044 0.17527886788291
0.292754008235994 0.190951428777447 -0.010378596397762 0.264604322166595
0.0395473582670499 0.343503555594464 -0.171933285070075 0.210007771319476
-0.270509554472477 0.269616760451972 -0.136540540536747 -0.0185091555732674
-0.429924515440436 0.115642397673678 0.164084666632263 -0.0281617762808678
-0.279238320989629 -0.0818002719933944 0.405531923392013 -0.0513141370238105
-0.347735001174614 0.0203352729391295 0.405838086432161 0.143955142695613
-0.212371964926031 0.225513993013984 0.40776045603223 0.04059316190203
0.0715006010647661 0.294985724255391 0.298173032302686 -0.150796774874422
0.213624850813667 0.139859631074567 0.143825958466828 -0.207099916119133
0.223971597181435 -0.00930246700084511 0.0665708515066631 -0.175000855058252
0.166311406902465 -0.132809489930257 0.0755174111325386 -0.137085899290619
0.103381728822481 -0.169890462696378 0.0897178217710609 -0.118748716557946
0.103566758639213 -0.180912184779429 0.151054707884559 -0.0847999128374059
0.179556856367396 -0.11808085948831 0.214340657315159 0.00445945370550993
0.230089921720574 -0.000538133297960621 0.206903701973877 0.147470700510896
0.234352238971713 0.18121846502363 0.0413361102155874 0.259567065646417
-0.0106513549851287 0.284623466752823 -0.12726480758357 0.213056883061577
-0.250014991513892 0.176304894803315 -0.0975826002975238 -0.0179302167020226
-0.327414587428714 0.024893787968259 0.263632611723294 -0.0228627636007355
-0.0987352271408296 -0.110072419277196 0.508096544069866 -0.00854928986079055
-0.186169670887109 -0.055573425946307 0.434441459919463 0.139452211783651
-0.143939710763695 0.0923820614033421 0.392732406039997 0.0827922557078504
0.022998080251245 0.167391146998271 0.31447463821018 -0.0889153116469269
0.116432692205087 0.0868630740812154 0.201148690784104 -0.170647439662225
0.12938299252428 0.00044293052788902 0.13122718364733 -0.191661602795831
0.102555349950149 -0.079052856064118 0.122073493939114 -0.181094735723432
0.0667235703286067 -0.113145589878047 0.127709635215173 -0.167100509372856
0.0723016781915179 -0.1247059914242 0.191151576555836 -0.133595958210454
0.126127712126069 -0.0840715660683624 0.263004013832318 -0.0294929290902334
0.171144423395046 0.00706846100037143 0.256097718452379 0.139466064660143
0.150843803236769 0.156005604827383 0.0743301872918097 0.267557318729403
-0.0610054929350485 0.197196033466148 -0.101490864849851 0.216325784240435
-0.202943291285538 0.0660821419832899 -0.07399138195038 -0.0102163805555042
-0.183969382606252 -0.0689707202762565 0.320738561695134 -0.000194474988674834
0.0410516166653612 0.118727869493695 -0.379139932097024 0.0676047475597611
0.119750648135787 0.00934012729961607 0.0734196248585786 0.115478228332998
0.0519999830672797 -0.102414322478013 0.153935566065555 -0.2398680571388
-0.0714026936598313 -0.0838877031329321 -0.0925494901807885 -0.35598917464794
-0.0766505246212817 0.00474817453273844 -0.353250400378863 -0.191489438691938
-0.0394238060399251 0.0263955893721939 -0.351996448527959 0.0608998533927037
-0.0354015992567624 0.0366770489790934 -0.229142970031245 0.191072664154998
-0.0267661321463037 0.037687854303962 -0.15012557167759 0.223821399589237
-0.0304348980724335 0.00667731568025971 -0.116293279955802 0.237707969104731
-0.0188731071126488 -0.0204104234575705 -0.137938458998153 0.242095943714079
-0.0144774772221138 -0.0322903740769214 -0.209139107920004 0.210556044086532
0.0377614146187886 -0.0532655070310908 -0.32829427579134 0.11644691664515
0.0871472796013253 0.0265567102125398 -0.391769738667469 -0.0452200817599679
0.0292363528247672 0.139990087858157 -0.41565039346935 -0.170844819137511
-0.0616075668887517 0.139410162497697 -0.529583942784704 -0.00840468173718837
-0.129419681212689 0.170055829108272 -0.380941640440345 -0.00142255725807847
0.0107717357725005 0.130629387931078 0.0712022941981727 0.112723978572138
0.0689093283640901 0.0420930336058324 0.184316489013719 -0.24764441230271
0.0452511450006184 -0.00643615749688613 -0.074875145779484 -0.393468017961061
0.0339313167100955 0.00304514066217362 -0.358452524587022 -0.228795740570218
0.0485634754639444 -0.0205596901408539 -0.360505250146033 0.0450198470696772
0.019534931252861 -0.0472472647856751 -0.23116118157532 0.181398250905578
0.01659172622846 -0.0451655508678779 -0.145166099365762 0.212182148689934
0.0338984041348918 -0.0698303122272815 -0.0981241795537025 0.230104863647481
0.0908238601016211 -0.047366301220702 -0.108125375028072 0.245103990085253
0.094576821699831 0.0122781038920537 -0.180286583474088 0.230535953147057
0.111795307208471 0.0707757007401813 -0.30602062061425 0.157618171379707
0.0367012397039753 0.1686664512856 -0.378026338178409 0.0099798634466311
-0.135359290024288 0.217069072855265 -0.36540015603327 -0.113768003480377
-0.266387145395833 0.174272596642319 -0.434656346765629 0.00906042946586611
-0.294633832377091 0.177833563957453 -0.309055710456409 -0.0683659328623239
-0.138543361468964 0.2272166326741 0.104493932537771 0.108279557723905
0.0448310376190876 0.202337954697447 0.243434926579041 -0.242253491109646
0.155451250602068 0.107241903028693 -0.0225563980865034 -0.425136443095595
0.157890969749892 0.0198992954482407 -0.325152273212248 -0.276347558255554
0.147267216134411 -0.0576046439414369 -0.338299276067674 0.00425653564231538
0.0832257681602811 -0.124791701636503 -0.207783721814095 0.140706127794702
0.0568956068567576 -0.122674034639858 -0.119555882574813 0.16997889035988
0.0790925691874581 -0.140927847991117 -0.0579576534533448 0.194229653475353
0.171311300745155 -0.0876239831478087 -0.0446430025627635 0.227309711150668
0.191775335881431 0.0186401841956928 -0.105539195409943 0.251479990830359
0.210856102331211 0.144755885517966 -0.248325471041272 0.222502474662537
0.044182269851689 0.288796972051298 -0.348721379880818 0.0939215043172128
-0.230192312226081 0.300862931975985 -0.30897186028284 -0.0583881440683482
-0.411625210475916 0.214897222555093 -0.292756569696721 0.0158975928694105
-0.419192650791851 0.139838810229882 -0.163765581905208 -0.11723348475245
-0.299044866760946 0.272761058728939 0.173477503563166 0.104718862238572
-0.0261660694540096 0.341396523659252 0.317308092801147 -0.208755196349266
0.225015458286978 0.238779849756689 0.0649179539408965 -0.424243618920514
0.265934820018374 0.0597502477734225 -0.240413979801522 -0.313090851588867
0.237207827218038 -0.0735804926737829 -0.276008332173799 -0.0538931960371093
0.144667145358222 -0.1794038586247 -0.158961545893645 0.074935745721843
0.0892871970800328 -0.183158878657101 -0.0769032473503675 0.104529219555835
0.103823201088605 -0.195926799793393 -0.00585767239017969 0.132798798139814
0.216178574344259 -0.129606863850967 0.030116545491283 0.182947022904557
0.258353010863351 0.000153113492783267 -0.00845699259879592 0.248167461966689
0.297627185446788 0.170385808431589 -0.160922036995473 0.271158902558944
0.0791489532538796 0.359962067782611 -0.2934002298943 0.170843432752556
-0.26199399489314 0.35646199592624 -0.251640595791345 -0.0223766214119626
-0.484720267324587 0.238060661730312 -0.128621295733162 0.00188431424598035
-0.469233957892589 0.0711078030073422 0.0310464616703287 -0.133994628937541
-0.419603783075351 0.241936278069425 0.266893899370779 0.105706643313411
-0.124514634433217 0.403367692228191 0.383309246819183 -0.14437568117057
0.22498949736533 0.342535140561685 0.167641165847471 -0.37029946473179
0.321115890304537 0.109669153577735 -0.113505631704869 -0.315474154910099
0.292482451235067 -0.0676208942044545 -0.173777684465468 -0.112673465370421
0.185530233754127 -0.20177859470347 -0.0868464258239371 -0.00402412565960934
0.108156595773469 -0.216181743865953 -0.0234004207836259 0.0244490914817586
0.111075257872214 -0.226615674018129 0.0494961843534021 0.0551935317526397
0.226272785225175 -0.155929839360414 0.103105145025758 0.118410140559813
0.284780308185651 -0.0194738542499654 0.0865782113007769 0.216234287232353
0.336617035790028 0.172684129774651 -0.0681374913823186 0.285529637951228
0.0929380426200477 0.377707180562669 -0.224214871457462 0.21734088379449
-0.264830737802541 0.356642997927688 -0.195411091960909 -0.00948924800118052
-0.486869448215733 0.216789115552441 0.0282707318200124 -0.0237210215962413
-0.424426660577182 -0.00334433400418401 0.239682472957758 -0.116378373685351
-0.443577852221803 0.153104358287881 0.361027393344872 0.113554486619863
-0.198555152224484 0.363178965415253 0.419943693185588 -0.0610812259311021
0.167700296008495 0.36509278119162 0.251399950145847 -0.275216324255809
0.305838001709864 0.139736272478684 0.0243445956697426 -0.27945928614679
0.291004962449204 -0.0482322965918193 -0.052426376298546 -0.158179018612031
0.192865384885226 -0.190613093114716 -0.00487174116502683 -0.0828126841733911
0.109957761373706 -0.215317980252392 0.0326789172128043 -0.0575716445881569
0.10664279690405 -0.226603324764117 0.102644467817663 -0.0260192205274836
0.212152694469234 -0.158853754326149 0.166033865549833 0.0485319037481759
0.275510939598708 -0.0246164548069892 0.164526347054939 0.173173710516034
0.319536686597932 0.172541175413191 0.00715508828987125 0.276132164002178
0.0655162517260022 0.353987652878407 -0.160913699236713 0.231739699994668
-0.25987805776432 0.299642696002599 -0.145826350057638 -0.0099560561572702
-0.435933423178576 0.148500676960843 0.16500764526599 -0.0448040461942907
-0.294418591089663 -0.0641702194435557 0.416062926307305 -0.080519365155254
-0.358550970442436 0.0471982945784328 0.429245903411694 0.120179338851455
-0.202947491831128 0.24760050798416 0.424989297174853 0.0143740495276861
0.0959318362474622 0.297601397378069 0.299634363888042 -0.177108624357104
0.232807269390689 0.127967590187001 0.133267338289691 -0.227803794792608
0.232771863453273 -0.0274380743700995 0.0557116895500665 -0.188742018790354
0.161425595178498 -0.151047917025471 0.0672139309601271 -0.151494841151229
0.0925539002422349 -0.182385758534503 0.0822244963134385 -0.131520205376286
0.0906066881916334 -0.19389699101386 0.149916518273222 -0.098918636653794
0.17742419861904 -0.137288626129415 0.221501944326553 -0.0120580907756809
0.238073719560893 -0.0180239469561104 0.226489420682264 0.139985090581887
0.257756895904562 0.167780598006417 0.0607356769208675 0.26619713022399
0.0105705048474349 0.297196971025762 -0.114223180314776 0.231017461926725
-0.245300201472967 0.200729367101221 -0.105077768121375 -0.0119447203634912
-0.336072639095231 0.0479861227034532 0.268881537013652 -0.0476476998048796
-0.1093639939333 -0.106588822996143 0.526416032016542 -0.0444360455156694
-0.196400049287119 -0.044092239557608 0.457534861670425 0.113617167962028
-0.142561517671018 0.10528657761315 0.412327110941311 0.0603937542917136
0.0359653309051646 0.169269444905833 0.320486056007633 -0.113688512592836
0.128172260991519 0.0812759573871277 0.197302000359056 -0.192840757359742
0.13511694998751 -0.00995389858043599 0.122432136123788 -0.210504214317782
0.099905350669731 -0.0899826226938903 0.111928044581159 -0.200734923179703
0.059140605150991 -0.1199835930519 0.117880715310838 -0.185582516113763
0.0634735354927199 -0.133326721376537 0.187067340235424 -0.15384849125232
0.123705936313307 -0.0971337395310306 0.26945298196775 -0.050731562060015
0.177004498428479 -0.00624053293047138 0.277352446711876 0.127016541249366
0.167797845470388 0.148116083064764 0.0955309459698395 0.272078551380807
-0.0488805303070539 0.209292449597733 -0.0888565039191011 0.232856792038992
-0.204682319147822 0.0819770358343595 -0.0791672797220375 -0.00603275728276917
-0.194559756791172 -0.0592729131780475 0.329148433751937 -0.027886358745656
0.0494268168120553 0.113575111991552 -0.372940796741882 0.0990435447334192
0.122061502370358 0.000355836375617953 0.0851544747569119 0.111399674047516
0.0447311417781471 -0.106119799806338 0.138011100144461 -0.254238171558317
-0.079837726151944 -0.0787213292264866 -0.119470567843054 -0.353375862127528
-0.0772721893594576 0.00962518625825791 -0.373566314301427 -0.165282862937061
-0.037821042763183 0.0286480368427811 -0.351580131394482 0.08932134751452
-0.0327418514707676 0.0395108812861004 -0.215608517441381 0.209386151725961
-0.0226110098983227 0.039505146049956 -0.132056385157463 0.238734606741779
-0.0296270940550978 0.00882307536022582 -0.097030366108336 0.250713485872177
-0.0205069089700837 -0.020552355520994 -0.118955913754508 0.256197117336385
-0.0167356909954233 -0.0300143410272258 -0.195069479737377 0.228066961663453
0.0335304115226678 -0.0559438156663228 -0.321177225044269 0.143566923605505
0.0894603725100762 0.0196070429471681 -0.397490504128631 -0.018345271271013
0.0412481064251302 0.138761610254217 -0.433562479346036 -0.142125393413636
-0.0516948418525651 0.142765650040706 -0.535203494430602 0.0337290940275679
-0.116673763245559 0.180118371124015 -0.379689454726764 0.0309247078602458
0.0215358152698238 0.130621042553265 0.0822767001759304 0.109000386825538
0.0737075015492568 0.0366630786016163 0.167994127628863 -0.263710103935585
0.0438866483677152 -0.0111279376378992 -0.104997840629156 -0.390958987492496
0.033934866658349 -0.00184009792402125 -0.381628588206015 -0.201748033216238
0.0466961828334058 -0.0264727959592235 -0.361225909625925 0.0741929355425432
0.0161441941274328 -0.0499514833531922 -0.218035662711971 0.199781884972352
0.0137088277717582 -0.0464678547560747 -0.127664348008692 0.226169939357208
0.0275897144427909 -0.0737543528700516 -0.0785099250975531 0.241417944990145
0.0877851693229525 -0.057143468617027 -0.0895008679033194 0.256703845881616
0.0971029765886667 0.0056756008034071 -0.163656491504828 0.247185635898933
0.118316663148506 0.0622248423335203 -0.295280963882917 0.182073284822609
0.050277914491633 0.16653159114835 -0.378204336921032 0.0374617032438484
-0.118380143365412 0.229381496881456 -0.378955151203839 -0.0888272673148852
-0.254556378115855 0.193074233061231 -0.438502349064613 0.0447482602836057
-0.280631874215967 0.201440066577323 -0.314420891723416 -0.0422768807146033
-0.121846302569409 0.240132064590987 0.11513490533061 0.103174909392198
0.0629616092130149 0.199049180605783 0.22809092158891 -0.262351211063202
0.16416630787527 0.0926516857597284 -0.05455745138416 -0.42710855226111
0.160587627633058 0.0053434928872976 -0.352843271298047 -0.252708217662822
0.144108431293348 -0.0716827900530524 -0.341575923760843 0.031034693668821
0.0732823341872187 -0.132195427505645 -0.197735113111877 0.156619812422799
0.0473765217278943 -0.127543696591871 -0.106066085844767 0.181340019304165
0.0670085770131398 -0.148553632669642 -0.0410400611577791 0.201592764105987
0.16616734938093 -0.104977387817258 -0.0269348715542895 0.233667703543028
0.195171033832198 0.00398186750586152 -0.0868556780929936 0.263240861450088
0.223501249001232 0.127930032386954 -0.233007491725647 0.243255931981412
0.0669373514094557 0.28674044918318 -0.341240441946261 0.119596400833931
-0.20771408666385 0.321315735606556 -0.318754922601845 -0.037528653184011
-0.396356957282129 0.245505703669468 -0.295814410546964 0.0382612720081574
-0.408718519562908 0.174836563696175 -0.173050697836608 -0.102746709295555
-0.280083813081126 0.298221553973341 0.183231610112039 0.0942009642658348
0.00231955364280968 0.343154910643806 0.304135699455135 -0.234867344080359
0.244478098305419 0.218655349662631 0.0333582137167777 -0.432099072857976
0.272670702579336 0.0358641874025719 -0.270971612514189 -0.295588517837878
0.233867414530142 -0.0955069216874742 -0.283515537181564 -0.032862199154915
0.130010890556702 -0.192629497467664 -0.153891669574987 0.0864140194606878
0.0745727910628065 -0.189690142638175 -0.0691004739926359 0.111030923365486
0.085908704499122 -0.204907910785725 0.00592925669037648 0.135447551089782
0.207657927588687 -0.150275654666306 0.044932484560836 0.183237643575679
0.260385711397506 -0.0203939544257056 0.011938007181782 0.253107484920529
0.312304022445879 0.145261685924033 -0.140897194008638 0.285036954904682
0.107192977753979 0.355354035317979 -0.279500284488617 0.194120201456327
-0.235592750943742 0.380633366278792 -0.256894964166501 -0.00426763260131862
-0.46685267604076 0.274366541301283 -0.133243246644388 0.0100785588377643
-0.464802561982684 0.108662937311007 0.0214130022550718 -0.13508434280661
-0.403941352711951 0.277033979650856 0.276264938952809 0.0873635827746935
-0.0921319367588333 0.41368399711763 0.375262572895853 -0.173643870095759
0.25269828539622 0.322921929796184 0.139507860041871 -0.386143898159655
0.332770946193664 0.0816754632931746 -0.142555636796521 -0.308842448090958
0.289566697053792 -0.0933057463871588 -0.184999200569682 -0.100771429833989
0.169805170929219 -0.218779789973346 -0.0874095935809745 0.000380029186963519
0.090849493292003 -0.224264422353927 -0.022479992273611 0.0258141215615542
0.0912001563077969 -0.235558760961376 0.0546374730239714 0.0520062564584529
0.215442360774529 -0.177739435565362 0.112447806584294 0.111528440995626
0.285634419838374 -0.0429756442108491 0.104681460217177 0.213772993906018
0.353432649048792 0.144245396505296 -0.0462625780739595 0.292206541959227
0.123753482578105 0.372000994221171 -0.205104069580856 0.23538882019098
-0.237707235160811 0.379940335635294 -0.200525158775467 0.00499249714648046
-0.472109663651704 0.253759239120545 0.0231499600852553 -0.0290759085858362
-0.425634584060545 0.0293406739525399 0.231305215645055 -0.134491503278519
-0.435267323124582 0.188394273945619 0.370440974353666 0.0873347922375996
-0.171594257158373 0.379639809376062 0.417612089232915 -0.0913280500781997
0.197534167968781 0.350591701375275 0.232225922812244 -0.296648494631595
0.320444350081641 0.113549126611277 -0.000903627931856861 -0.283802457334443
0.290154774643267 -0.0743843410818241 -0.0661268506744334 -0.156574348788299
0.177851953237855 -0.20853844923664 -0.0120254644960386 -0.0859046134099458
0.0923451812404042 -0.22379011159896 0.0270026226385006 -0.0621183225745286
0.0860208957804914 -0.235143719652018 0.100495340508816 -0.0343783558259758
0.200070544488778 -0.179118155369113 0.170820281377414 0.0358347610285321
0.274990278150141 -0.0473508891931044 0.18037543693165 0.163919175576085
0.335122930779369 0.144476766133876 0.0289650360229672 0.277802491436167
0.0955412532046859 0.350977106328666 -0.141726469896425 0.245773700543306
-0.239164149386051 0.32100655429342 -0.149770982161832 0.00176433010105749
-0.424079503151968 0.181765438903039 0.158154403801129 -0.0610995988147903
-0.300114253993465 -0.0412251538612819 0.411465047215127 -0.112527978848527
-0.357128877538011 0.0748260061341193 0.439395081779807 0.089240260496737
-0.185160809085303 0.264628049902831 0.428622836862571 -0.0150081679922437
0.11942936754002 0.288145398759015 0.287945671801658 -0.200609159317513
0.246331540430016 0.10861642357932 0.115252661861638 -0.240772953729338
0.233582556205536 -0.0485333179871364 0.0404736854083955 -0.196453706555979
0.149496206793404 -0.165942743867724 0.05478329135756 -0.161015504764128
0.0772582740225236 -0.188726277569705 0.0704304438440179 -0.140546452341467
0.0727016465254197 -0.200682791051991 0.14178035008796 -0.112875786546161
0.166569672478193 -0.153499041851629 0.221415384461049 -0.0294414773315005
0.237910895319244 -0.0382209535497782 0.240575529539409 0.124885379774546
0.273501870706823 0.145348118997004 0.0807614148107009 0.264516461090032
0.0346020209062864 0.298543803116227 -0.0955452693342817 0.241992311381073
-0.231376694443446 0.220605694054906 -0.108134602286905 -0.00405032762876846
-0.333148371585062 0.0733990519370613 0.262977306691663 -0.0726620498679141
-0.117218792785625 -0.0989776623259643 0.524494885605391 -0.0857012695057786
-0.200778455808871 -0.0294148451697246 0.466811539549949 0.0799640350682537
-0.135557789874537 0.116273770584221 0.41967706159667 0.0319470954773222
0.0485479564869163 0.164741876842922 0.313929720545179 -0.139131574962959
0.136457361827844 0.0705207648807755 0.183145403612528 -0.211828685749659
0.135035536220263 -0.0220627277905284 0.106744420446325 -0.224283957488731
0.0930574754418161 -0.0983306633782775 0.0945881785449689 -0.213573118892502
0.0488266342916752 -0.123065013609215 0.101295716678635 -0.197076097368147
0.0507019830824568 -0.136622476009354 0.174828066315446 -0.171144535082766
0.116094356351127 -0.107780691706333 0.265922474627202 -0.0723810152062207
0.17633585697531 -0.0213546854135609 0.28985517623356 0.108110915454177
0.180751787331239 0.133370154830818 0.117211619729472 0.267768349703299
-0.032144347953098 0.214971579496889 -0.0701863761321218 0.242066491609952
-0.199456243634668 0.0977892770592387 -0.0818397193747065 0.000700917399494789
-0.199353306426588 -0.0452201037168322 0.326046118136698 -0.0579288285671593
0.0533435364992277 0.106637785172989 -0.357662359653456 0.119814940702398
0.120376630049917 -0.00693186661490766 0.0924074611796232 0.10542554752065
0.0379249553934115 -0.106461917812052 0.12213075742903 -0.259131784323808
-0.083768470155766 -0.0715381446825366 -0.137357933256073 -0.343290750932483
-0.0759506450808101 0.0133450117178729 -0.378877074925575 -0.140546771247143
-0.036703457492199 0.029479569118657 -0.342903075275731 0.110111551344051
-0.0300701922807891 0.0406697296969235 -0.199761660346602 0.218112462896155
-0.0192634802911635 0.0392581581952105 -0.113878481824799 0.244416377355692
-0.0285561356942229 0.00942383655994211 -0.0786752028326809 0.254474485248563
-0.0217962029699253 -0.0197184843035322 -0.101790901470736 0.261113608847267
-0.0176099011358609 -0.0274564405356986 -0.178893514809127 0.235850602294918
0.0296743054075094 -0.0566915240126574 -0.307816624737486 0.158663648866381
0.0884693229521698 0.013880085649336 -0.3917727203467 9.64582445011327E-05
0.0500712941199 0.134629856566259 -0.43682782505798 -0.117567129826722
-0.0441640716815222 0.140681507756295 -0.525372015745557 0.0653284635680424
-0.104426419528214 0.182138613484634 -0.368739012687801 0.0540227932209163
0.02887946849734 0.127133387401235 0.0897618662086945 0.104419425923785
0.0757121744433584 0.0307133635487058 0.150874427286815 -0.270217380377527
0.041305988303025 -0.0143885151543987 -0.124522852546265 -0.380122110378768
0.0327803044384024 -0.00502693451769458 -0.390057849938387 -0.174915478446655
0.0444607651601371 -0.0304701568083208 -0.352756400846387 0.0944381860550566
0.0123634652014829 -0.0500110958749906 -0.202604702483314 0.208162673937488
0.0111963917920592 -0.0470560501309523 -0.112110945026309 0.232044830450699
0.0221427135578376 -0.0743484400901423 -0.0617349864521864 0.24437500789175
0.0832573812628936 -0.0635785183785692 -0.0722040779495078 0.259307072209828
0.0969627831960276 0.000661793034764765 -0.146989676068439 0.254046259455731
0.119897961922288 0.0537880418624059 -0.28007094260803 0.195789671852546
0.0581279659972717 0.160736706492238 -0.369198775002002 0.0551881909757438
-0.103154852526262 0.233043139646931 -0.380028328450961 -0.0683326814411403
-0.239776137258147 0.201680132232579 -0.430804253234726 0.0682565300470183
-0.26396078868591 0.213597909195853 -0.309394345583782 -0.0212778992291484
-0.105111115771102 0.243853927838296 0.121026657464624 0.0972585402706002
0.0748198324723002 0.19084411024889 0.209959623906159 -0.270799027956674
0.165873724673085 0.0797576822520436 -0.077759357043454 -0.418194855893989
0.15749860091045 -0.00688745852906713 -0.365221356151331 -0.225731459605822
0.137517942154061 -0.0815280783707487 -0.335937682886665 0.0510024059613197
0.0629996707982036 -0.134990550404912 -0.185135086163953 0.165162536744496
0.0392331733501432 -0.127712720891242 -0.0934215954941519 0.185563076236087
0.0553848902992268 -0.150241318016522 -0.0268142023301546 0.201460918427509
0.157469743518714 -0.115743160009479 -0.0121463551681701 0.232884178815281
0.192954966662785 -0.00760173329203712 -0.0696402059126691 0.266384246832284
0.228115347556271 0.110537687507896 -0.215926558994401 0.252260522044878
0.0825907574842069 0.277191668237753 -0.327111870087444 0.135076482602404
-0.185568398218187 0.328705544974442 -0.317392648962262 -0.0198467394531652
-0.374934933753008 0.261275270299702 -0.29069349789854 0.0548976175468047
-0.390195022463108 0.194543490919339 -0.176087677545794 -0.0886191209059608
-0.257765307417694 0.309907524173674 0.185895609108836 0.0850814245688633
0.0232392994649497 0.335232495895543 0.286690786422101 -0.246678852014193
0.252092192518589 0.197569131411418 0.00825147085326552 -0.426535310965767
0.270875240954833 0.0160942766766959 -0.288966645420812 -0.272613688898289
0.224844226205236 -0.110702553424748 -0.282090874578699 -0.0152137221850799
0.114765356849251 -0.198264161102675 -0.146602372229349 0.0927923530330294
0.0613668580593267 -0.190440991057561 -0.0619622449767443 0.113322814205896
0.0705464980376724 -0.206573534013364 0.0157180099777371 0.133207244144096
0.194505094556006 -0.162910885194491 0.0554400483848902 0.179134555694142
0.255925928219101 -0.0360909188503765 0.0272055026500735 0.250429992285824
0.316254047212031 0.121760008013611 -0.123042174239313 0.290187087996898
0.127368361557629 0.343204723149836 -0.261876891944964 0.205021439186502
-0.209473495785544 0.388395381929989 -0.25576815519142 0.00898708687032656
-0.440901346428126 0.292623548943929 -0.134158859825929 0.0169557372977823
-0.448197680752974 0.133793583741456 0.0128139067462353 -0.132503972788868
-0.379836671138365 0.297021415994187 0.275584386123693 0.0723207887537823
-0.0665011342062336 0.410565098488202 0.359625248400647 -0.190503947203961
0.2669892424907 0.299213985756625 0.115886914078461 -0.386654917176067
0.333164214632788 0.0567297183354934 -0.163345546077908 -0.2936410279297
0.28071544913877 -0.112735790938787 -0.188410818036726 -0.0880059522808773
0.151637682501311 -0.227000893250679 -0.0870695836049856 0.00332027404885443
0.0746269985989855 -0.224692435376333 -0.0213820682632426 0.0263365455812445
0.0726863627833542 -0.235910890098284 0.0577735942728639 0.0485898135653731
0.201415260936804 -0.190030201274023 0.116850505827141 0.104530338661356
0.278432233702965 -0.0597187019193007 0.117157474243022 0.205904201567523
0.35613833080938 0.11740758444682 -0.0306369516157774 0.292099862025875
0.144127141483346 0.358848230482499 -0.186807792556407 0.242774479752982
-0.211029271939239 0.387790963817645 -0.199162348463645 0.015992689721854
-0.448029627206042 0.274697415893681 0.0169801627654677 -0.0317608431091066
-0.414363944090033 0.0540211202863817 0.219393569080725 -0.144261952197214
-0.417122642734721 0.212288362870333 0.366398775667687 0.0667919866282022
-0.146658307447676 0.381432187385365 0.405280549713967 -0.112626692984695
0.213938237284931 0.329606482000449 0.21081404095643 -0.30231523803782
0.323794562536149 0.089471369643054 -0.0214980128730242 -0.277575652463449
0.282012617402262 -0.0930135913299398 -0.0749359461040445 -0.150844406861645
0.161316181213622 -0.217178004892254 -0.0187195098645615 -0.0867158072220053
0.0760800714035207 -0.224103630972096 0.0203113759898701 -0.064215111777407
0.0681716488876576 -0.234219694409186 0.0966304796936112 -0.0404348156203617
0.184827138478896 -0.188993021266998 0.169295676178278 0.0255867297685553
0.267656240933608 -0.0637617450403345 0.189018239587281 0.152609106459137
0.338953411262474 0.118866776332519 0.0431834585362525 0.273543875973655
0.115491663326882 0.339639787996105 -0.122382455997169 0.249016394900985
-0.215394063118168 0.329385193311603 -0.149105413025527 0.00980659779014253
-0.404956427187308 0.200259261255246 0.148447329169344 -0.0721367502889009
-0.295746525138577 -0.0235013990017473 0.397530632973457 -0.133831780494188
-0.346812174563915 0.0948598850882196 0.433727323904189 0.0648247091547401
-0.166896483888492 0.269181656666588 0.421022919806805 -0.0372932234227678
0.134227275622691 0.273373721395304 0.271507843899973 -0.211352647336262
0.249848727713305 0.0895400171981513 0.0972350724675758 -0.243311130274802
0.227177695724797 -0.0643022988483384 0.0280911456006999 -0.197190818774713
0.135898649079307 -0.172840748365845 0.0413751435867276 -0.165408343939798
0.0635087433438612 -0.187881739669927 0.0575620405297491 -0.144381211553765
0.0571167773849856 -0.199144222786667 0.132064040771585 -0.1199489217212
0.153316106669392 -0.162167324321267 0.216196126885594 -0.04236535568514
0.230945322161216 -0.0521709248293683 0.245574548012968 0.110059583558347
0.277337010225565 0.123477787537759 0.0949763990430094 0.256977869726964
0.0527030989093439 0.291492888516665 -0.0776332379972305 0.243249900774107
-0.215014283172691 0.23016118703454 -0.108875887832899 0.00288859977859736
-0.321933678920903 0.0900212337760164 0.250368205821428 -0.090078664570959
-0.120233178247518 -0.0898916858858696 0.510079432921704 -0.113770397810263
-0.198378750878834 -0.0179292551205168 0.460931659316027 0.0544789287975083
-0.126526723453964 0.121877191061766 0.414635623536466 0.010173214526598
0.0561357150042588 0.156959812140856 0.301261708843633 -0.152814811142274
0.139542530673189 0.0597544518410744 0.167944325041675 -0.219886121956994
0.131451325395831 -0.0311755510559122 0.0916994618669786 -0.228915821223587
0.085155700292987 -0.102591932155929 0.0773871389627102 -0.220558537815737
0.0401402935668874 -0.122556338911193 0.0841076447849742 -0.201932931287938
0.0396825696395572 -0.135615819093104 0.159935432358052 -0.179459173154172
0.106414383938261 -0.112732037311883 0.256567291475762 -0.087861514241459
0.172180675762598 -0.0318347804683957 0.293041324748387 0.088743381430905
0.185843685279252 0.118224755245373 0.130640559885474 0.258265739742673
-0.018286453990328 0.213562256331916 -0.0544763292187057 0.242037743777582
-0.190677694267971 0.106323955245404 -0.0820554316618347 0.00503364898751259
-0.198096059948952 -0.033767976034761 0.31342233994184 -0.0793847322441663
0.0499061336324083 0.111102117971306 -0.348845544237643 0.107843772784873
0.120420804557117 -0.00475589199450753 0.0900252747340412 0.10354443638965
0.0392269792196274 -0.105187140264414 0.122684444743081 -0.252067967173472
-0.0835177117438448 -0.0687959841805359 -0.132023260633053 -0.341559211798031
-0.0754988881669196 0.0155823521465411 -0.370600234886248 -0.138605494175131
-0.0368532020112125 0.0291055613612081 -0.336597765635034 0.104735931893907
-0.0329772794553654 0.0411952729850821 -0.198857805774156 0.213614885764567
-0.0197749078873729 0.0388165989110089 -0.111184524131222 0.24214132952713
-0.0293377983611935 0.0109554607344858 -0.077259906050162 0.253569074196141
-0.0217989735157848 -0.0185064970780113 -0.100150633791202 0.257627023916386
-0.0165843329737798 -0.0239045308852344 -0.178533249315234 0.228274690692604
0.024962463834233 -0.0501647836890568 -0.301178334502071 0.148534088334431
0.0810242754491047 0.014859780902006 -0.380505659973074 -0.00931024207431001
0.0431625698293332 0.130672650463709 -0.429754779770315 -0.126748802748017
-0.0494423764828426 0.14152920010693 -0.517557776446105 0.0464306806637336
-0.11031011413971 0.18043506573259 -0.35785478711785 0.0511485148015551
0.024851675252261 0.125800041725049 0.0918453594454438 0.105402810792245
0.0717108310655511 0.0320357137688533 0.158068000228021 -0.262509262212005
0.0368581102028388 -0.0106283653007634 -0.113579660922915 -0.379171747365192
0.0321482190128768 0.000118857361052892 -0.379845050623908 -0.176291740805811
0.0445817820883878 -0.029064566568432 -0.345564830989048 0.0857650123643168
0.0100051318041789 -0.0471402606810563 -0.202285774013986 0.201852554325891
0.0128107348345771 -0.04689495664099 -0.109349781937432 0.228316165957197
0.0219715062455856 -0.0724844975989268 -0.0589128748067008 0.242147000846117
0.0845202337053422 -0.0632562275697298 -0.0696195506123921 0.257926457693822
0.0983607831597171 0.00452419419827004 -0.145205520714929 0.251518845602315
0.113501013334409 0.0593374853773159 -0.275639799651279 0.192388065111416
0.0483391747499365 0.161230172343218 -0.36353188232023 0.0463929686229712
-0.10973488393271 0.227518950101008 -0.380523227483155 -0.0803885207439449
-0.24088714394649 0.201140488656899 -0.430510733391868 0.0466644210319697
-0.270706036032694 0.205403413150909 -0.29798036211464 -0.014588788461054
-0.112847511005359 0.236991002783124 0.125991466823909 0.102835008726226
0.0640990728944816 0.18879654622433 0.221836279973495 -0.261344619761983
0.155051649564234 0.082673490601734 -0.0598170289074456 -0.416242897847488
0.154520294683832 0.00149495172705031 -0.353479635590553 -0.229211595300813
0.138353282510148 -0.0776763363991207 -0.328329310426286 0.0403347263724638
0.0632462916857937 -0.130327070410924 -0.185947289097015 0.155699386900557
0.0423245865703589 -0.126700046788561 -0.0908251693744299 0.181435325464003
0.0560746910863841 -0.147504952180224 -0.0236210721956688 0.200227927767503
0.15927276207637 -0.115990139021577 -0.00898877737549927 0.23275947920577
0.195517697486373 -0.00354313245152498 -0.0675253732925292 0.267738629230498
0.220225578184126 0.115765531493556 -0.21167498821908 0.254491361393437
0.0722256959661793 0.279182568022797 -0.328020661427632 0.129731327512155
-0.19188561524448 0.322706198598633 -0.323873694977658 -0.032530188445316
-0.372850812187947 0.258074123453793 -0.297285436372533 0.0346263192010727
-0.39734124396327 0.180079800046645 -0.167534565156133 -0.0729958095449763
-0.26693731976781 0.295822184537843 0.191933574823964 0.0971612314169994
0.00734089131421677 0.329515787821902 0.301911489778403 -0.233108400196769
0.235720295252041 0.199153926885717 0.0301798479692496 -0.422313264029733
0.264373414132687 0.0255826128154213 -0.273480068976946 -0.278506076916033
0.225375039394664 -0.105929549464105 -0.274123154127989 -0.0259296209285944
0.11610429049991 -0.19264861951861 -0.147028287993576 0.0826418013393584
0.0661166826717362 -0.188079581917754 -0.0614535238605453 0.109167399799706
0.0716631358843595 -0.203658899282652 0.018459081533367 0.132226807519334
0.197108942040019 -0.163276923551627 0.0594004143514236 0.179236716861279
0.259600410738524 -0.0318005614874013 0.0299955003812271 0.255683096478549
0.309276381869522 0.126478782193586 -0.118572933338386 0.297087029798582
0.11678505914282 0.346244837027017 -0.265369245899215 0.202586004812889
-0.216614525002135 0.3826870532493 -0.265702495180294 -0.0020593626664994
-0.437289914419538 0.289527581821815 -0.144963106717559 0.000902682512436988
-0.453947948383896 0.115349494739809 0.0158431267026336 -0.108543513574085
-0.38967215090389 0.27805980613724 0.27904051036865 0.0917006304523471
-0.0848038293502769 0.399752672214857 0.373192220966549 -0.170203715794726
0.247134181722224 0.297267306079418 0.139912539615916 -0.377658552359372
0.324060208090523 0.0662369542443902 -0.146912936398584 -0.298758882024364
0.280096839248979 -0.10668110536607 -0.181681438614936 -0.0969514869471173
0.154439113155038 -0.221290261479389 -0.0883511043894279 -0.00602818389835862
0.0806620066105401 -0.223024633713215 -0.0227540518655777 0.0219864962966678
0.0750990251998925 -0.232787996752688 0.0604322105771174 0.0480591442584646
0.202719993198982 -0.191318820129327 0.120446468683675 0.106295551249743
0.282859959094271 -0.0563175577970142 0.120921805891306 0.213256126976416
0.349425270964913 0.121609436540286 -0.0259821170307221 0.301923069342792
0.135728792895127 0.361772253031216 -0.193115986788942 0.241971903306474
-0.217899341539096 0.383152593550275 -0.209462778471983 0.00585551224389058
-0.441387436654159 0.268337027454617 0.003305399345025 -0.0424033768664232
-0.417978756425577 0.0344392128915924 0.217660893179385 -0.116748550289193
-0.424124722644642 0.190656813787321 0.365282715571326 0.0898622329007343
-0.161907238229207 0.367760848393363 0.414784752538244 -0.0880892344661398
0.194858821255485 0.32467448389931 0.230259858882356 -0.290867754871629
0.312328248468477 0.0967568625171865 -0.00753597454478744 -0.280864162743938
0.280051609396657 -0.0880333079396861 -0.0690096717739621 -0.157006489907186
0.163635740092932 -0.212889032690161 -0.0204601645257294 -0.0950348184290434
0.0816693404365821 -0.222137918647236 0.0183265213870643 -0.066730833349168
0.0697994418563833 -0.231080980433467 0.0987644196455248 -0.039639260358897
0.187253061412281 -0.190210307495606 0.171810839827653 0.0284066130628097
0.271608300383182 -0.0612554110698367 0.190836304675128 0.160773927145521
0.334333753071321 0.121740511576106 0.0456165350133558 0.284889259677357
0.108466690683024 0.342234444755027 -0.131141406008932 0.248951291860835
-0.219855723488647 0.324500524172142 -0.15856175323372 0.000808477341816069
-0.397957251212555 0.196398807663448 0.134943333831001 -0.077784580233436
-0.297511978026682 -0.0403927525458558 0.391160170881825 -0.10707780614413
-0.350087553692837 0.0768468626086202 0.426969002243183 0.0872105380677526
-0.177946286203943 0.254888821882643 0.42213982937575 -0.0129275744781083
0.118608969288004 0.266137970036012 0.284071403442003 -0.198684367150362
0.239970954544268 0.0935620296991871 0.107295268981639 -0.243171599527776
0.22467747812762 -0.0606846662866084 0.032287294174906 -0.199655888179292
0.138795571136562 -0.170087327257295 0.0391734585597622 -0.170943593982263
0.0685404916011181 -0.18628692696146 0.0551789652361027 -0.14537635661707
0.0587751918463197 -0.196602282963974 0.13214956149092 -0.118742556872416
0.154802367854422 -0.162510832418425 0.215920375853518 -0.0391419562157673
0.234064203940983 -0.0505408384185305 0.246407966685356 0.119008594659723
0.274106836897929 0.126044888244062 0.0944803606802007 0.268751803386135
0.0468216128886053 0.293916819488721 -0.0874113333202061 0.242575317690314
-0.217498507757694 0.22479381849549 -0.115490130364718 -0.00486022875944454
-0.315164020488194 0.0862963267211572 0.238607381196131 -0.0912519799198942
-0.119717642438737 -0.100794145515303 0.500245956576073 -0.0911943128336259
-0.198522780443388 -0.0300376413228776 0.448666463361234 0.0736107787328099
-0.132290059514153 0.11062742612858 0.410242049480106 0.0301122378743988
0.0469978944215382 0.150163522190051 0.305050581298749 -0.139756721229488
0.13259277404926 0.0601519664332343 0.173364332668533 -0.217401181442802
0.129261602471465 -0.0290776386143085 0.0935958216231114 -0.227929955433137
0.0874732362077377 -0.101032506323809 0.0751999629435906 -0.222767952711174
0.043895363886726 -0.120536036692087 0.0808513791524149 -0.200906126746132
0.0418062413949955 -0.134125402673367 0.158159977083118 -0.177035405259955
0.107174866520376 -0.113531299212154 0.255212018040104 -0.0851279273063645
0.173953243127732 -0.0312257331042712 0.29124318661808 0.0968417045318354
0.184882218177491 0.120678752309572 0.127241743368853 0.267987375979624
-0.0218642189503522 0.215883413451839 -0.0640563598862678 0.238101964681155
-0.191480318973913 0.102895977537293 -0.0854289181903622 -0.00260590860573699
-0.192318221941368 -0.0356932087775493 0.304208526245576 -0.0766466335913004
0.0502777714735375 0.109862476788326 -0.347833915052613 0.115278490438201
0.121223368937661 -0.00614744899013397 0.0950347349397829 0.10448407948643
0.0381782222136153 -0.106964803659737 0.122272128955832 -0.256778272337909
-0.0859148121609053 -0.0667258835437856 -0.137441547220507 -0.345788681828039
-0.076722801013327 0.0168925465635625 -0.377476068021337 -0.133877556415428
-0.0387646167520988 0.030036084710617 -0.339218441730304 0.112939888751274
-0.0328355539879597 0.0426706592974425 -0.196931084942063 0.21857895785065
-0.0186894020925709 0.0383128829869103 -0.1058165052272 0.247907566799794
-0.0293752390775653 0.011083631194156 -0.071942140073513 0.258626658436241
-0.0227375238040931 -0.0194410701952236 -0.0972958105818616 0.263336534948929
-0.0156748415915199 -0.0228667236540314 -0.178313452121793 0.232967576197587
0.0240691432259426 -0.0503406739318565 -0.301385229389269 0.15333570697381
0.0814364692490848 0.0142306466456703 -0.38423401017979 -0.00945378428257971
0.0463720192889037 0.13116577458344 -0.436380878148107 -0.123803098518022
-0.050168307717803 0.141734912554543 -0.522414344973002 0.0549273133433522
-0.108559171005254 0.181598800634906 -0.357820993443106 0.0571167850626711
0.0271720244329233 0.126779642606521 0.0964312001933737 0.106859420699917
0.073601727241827 0.0293782012212534 0.156146830785728 -0.266986976239336
0.0365584091415691 -0.0114061739011876 -0.119456042971819 -0.382890682237584
0.03128471050635 -0.000885791952318317 -0.387572220050578 -0.169924117249307
0.0429601863388944 -0.0311625444242064 -0.348422252104676 0.0934357509081182
0.0095203860297347 -0.0475326891241783 -0.200948511173787 0.206448002753124
0.0120088974032268 -0.0478012476584069 -0.104853150326317 0.234288886742092
0.0196647339510403 -0.0739243239944022 -0.0535648981688935 0.247518166940511
0.0832493959863767 -0.0666286776146023 -0.0665686201402003 0.262660520276946
0.10131203093774 0.00306405190476396 -0.144092704011807 0.256806265983448
0.115070339889239 0.0579341432358516 -0.27543774134874 0.197591998081467
0.0506985754276267 0.162373371204353 -0.366372233608489 0.0475615466414103
-0.106460016722297 0.230941047900589 -0.386340898016351 -0.0778148033653299
-0.241516519153973 0.203083548843057 -0.434199707779947 0.0540039844564732
-0.26784163670443 0.208684907715703 -0.299583100678485 -0.00849542706937887
-0.109978191366966 0.240214112593919 0.130186510155255 0.10484125776145
0.0684040133682668 0.187074584929333 0.220473020614902 -0.266247840980736
0.156844339256343 0.0795811484092623 -0.0659769107804582 -0.419785431712224
0.154428384329036 -0.00299519668511888 -0.360745849511667 -0.223479695427906
0.137214625042153 -0.0831607404436063 -0.331713002306177 0.046318767748087
0.0612092002577806 -0.132638065073642 -0.185253287682974 0.159773420259707
0.0404570396785207 -0.128233027361949 -0.0891772263738485 0.186239635860485
0.0531716046216969 -0.149199636362059 -0.019504629046435 0.202823442936718
0.158128986714493 -0.122027408419085 -0.00553830460743805 0.236542401475778
0.19942417419889 -0.00640872897726221 -0.0639774784595235 0.272816699611513
0.223694460117189 0.112537666872793 -0.21093686984358 0.261212952696176
0.0765312841737626 0.279883208170347 -0.328389457989042 0.131391451223447
-0.189160095084816 0.327991054917456 -0.328897381440202 -0.0301496727312161
-0.373150914147998 0.262746076394818 -0.301001910277906 0.0375566536833513
-0.395317695338046 0.18519982613837 -0.169620237185736 -0.0684635134359032
-0.264865158527189 0.302445259230806 0.19484194767028 0.0990148976127092
0.0129860588130756 0.329942462018613 0.300914641157579 -0.236520514251838
0.239947971901754 0.19455149772342 0.0261297903738247 -0.425469714917425
0.265838932238417 0.0186836313681499 -0.281732081715262 -0.274097164289775
0.224627465369163 -0.114048196365519 -0.278010207184884 -0.0214670072384328
0.113152092876186 -0.196962617801504 -0.148344135329794 0.084860571713573
0.0630001441498619 -0.190823291787703 -0.0613495503118943 0.111947769862048
0.0677142697516313 -0.205015629510684 0.0218324487559235 0.133708912600303
0.195721107516585 -0.171269721679261 0.0624307135530078 0.181393955391548
0.262830025452291 -0.0369375422241391 0.0357874952754705 0.258506796037404
0.313880560783524 0.119964139507143 -0.117370935808027 0.301751116003074
0.122851883458269 0.347139661688795 -0.263982806940468 0.205347001762003
-0.21261038223445 0.38888246500855 -0.270466177544358 -0.000179104347735802
-0.437293469609157 0.293873178265604 -0.148658440742842 0.00184290180843224
-0.452167033969794 0.121164872040764 0.0143406200176626 -0.107275159045706
-0.388670814434447 0.288057440339248 0.281222336485701 0.0922149594486215
-0.0789311640436992 0.402116090321977 0.374573335827425 -0.172879527340502
0.252552019630666 0.292742561310627 0.136027540280686 -0.381109729618991
0.327376053496962 0.0588815444005006 -0.15500347097744 -0.295756700267144
0.281082787362251 -0.117285358267946 -0.185005649248966 -0.0959404963060583
0.150914059587378 -0.226848345555143 -0.0910480371258639 -0.00650376455909942
0.077095624129956 -0.224774412067686 -0.0250015651962407 0.0235492790566065
0.0700850433855386 -0.233554580333625 0.0618383009657469 0.0477651558586519
0.201021501088607 -0.197810847206924 0.123083616630293 0.106358712553422
0.285044563540081 -0.0612249749305674 0.126145553138564 0.21473581917195
0.354718326265146 0.114772045637896 -0.0230997355186801 0.306056243517333
0.142539356739232 0.362546095089184 -0.190095869665993 0.244213225477016
-0.214606738378823 0.389341693303567 -0.212570356466465 0.00897739368997079
-0.441552796624761 0.273971456365273 -4.07815143237809E-05 -0.0442437116127346
-0.418073134961972 0.0390062795974057 0.216260195467055 -0.118809321173621
-0.424369605003495 0.198502247938396 0.367345241820152 0.089737655458766
-0.158099887864233 0.369487046019742 0.416173687190408 -0.0911749886158372
0.20005097301326 0.321726960163784 0.229221660045742 -0.294116157203553
0.316437543719545 0.0891443426474722 -0.013948048467782 -0.280879072187428
0.281336967463773 -0.09681303815875 -0.0720380445962141 -0.158473988600278
0.159907239572707 -0.218537370039125 -0.0248444571646705 -0.0981628465221124
0.0783631364217197 -0.223966125641339 0.0142488078008248 -0.0670217575766592
0.064743489891765 -0.231954708880572 0.0983116307072769 -0.0411055616963031
0.184844861267187 -0.196292160502776 0.173758775560846 0.0269884245872049
0.273239798574087 -0.0663561905653249 0.197253212680625 0.160464250955825
0.339078728977607 0.114413318211316 0.0499777500800325 0.288702118017501
0.11505282344018 0.342536935330724 -0.127307201909087 0.251047528174709
-0.217525377469416 0.330221107521531 -0.16078462202748 0.00316718122507488
-0.397877630457626 0.200579711172015 0.131288482144679 -0.0820314175617141
-0.297745370903636 -0.037001219281431 0.39188375600586 -0.110281136532758
-0.351317013367214 0.0809572630597099 0.428425130638624 0.0861647032358542
-0.17537651034815 0.257878691236571 0.425103876753295 -0.0156642466480822
0.122067571215453 0.265085195190275 0.284128110791832 -0.201325393139428
0.243105350322786 0.087664484558564 0.102735335121113 -0.246538800519993
0.225228395806218 -0.0668899356332852 0.0296222894860727 -0.203664442364014
0.13642653040249 -0.174706048561651 0.0336007853862857 -0.176221048410503
0.0658640352452645 -0.187382366274039 0.0492584022067722 -0.147519096694714
0.0546367066862619 -0.197055662049268 0.129987874076259 -0.122401571156693
0.152007849053337 -0.16685050624031 0.216988856244075 -0.0427381461167195
0.234831247410628 -0.0548999857663525 0.251187876883485 0.116153364182318
0.278328026540294 0.119793800278256 0.0989843970105905 0.272047264152441
0.0529629990652604 0.294408412327182 -0.0840502962657736 0.244369783966759
-0.216044716363229 0.23026990675558 -0.117472409896109 -0.00383225185166528
-0.314945714160921 0.0893366249446438 0.234685346573104 -0.0985287939511026
-0.12083109305322 -0.100466835526403 0.502434726738669 -0.0969695782723772
-0.199461527570774 -0.0284219525152958 0.45023419321322 0.0710003967562415
-0.131378343096154 0.112856540703165 0.413992749203583 0.0288743834213431
0.0480853781789765 0.149507578683313 0.306710858299294 -0.143008696652721
0.134867901362488 0.0565825173931745 0.170450276283901 -0.22310940215647
0.129674685055882 -0.0324538480577254 0.0908887794508284 -0.234201633444817
0.0853694250921821 -0.103723747253813 0.0685591607814904 -0.229595682939443
0.0422421078243932 -0.120354514510732 0.0743328940165831 -0.204130162595208
0.0392775714838257 -0.133155581949835 0.15469616762025 -0.181521940360216
0.104985329977715 -0.115764184889669 0.25607171117793 -0.0885171138368821
0.173780821624155 -0.0339234323343281 0.29681128842639 0.0940695752430602
0.187695709521768 0.116509472995434 0.131656498625729 0.270111160517189
-0.018688441006359 0.217291544286756 -0.0606972623419025 0.241085945995789
-0.191665366023542 0.105376339017493 -0.0876476585915032 -0.0015911977024236
-0.192950061806116 -0.0348953698023348 0.301261279623562 -0.0845188118930018
0.0519769538568287 0.111575252142799 -0.355178147419883 0.124735228041164
0.125219236350572 -0.00807942849083037 0.103018711736341 0.107191823511776
0.0376169676430994 -0.111527244583591 0.123231152375587 -0.268770494214926
-0.0898122965516405 -0.0665896603693322 -0.149119268191499 -0.358002233117504
-0.0797274239262444 0.020080186016369 -0.393434943200843 -0.131084536858694
-0.0412201294197613 0.0324787600196039 -0.350079882224575 0.125106383042639
-0.0328124179743792 0.0454298366524029 -0.198678238798486 0.231332555924925
-0.0184442769603525 0.0395147597678049 -0.10081153810804 0.259917193320948
-0.0306147795434549 0.0113219205160891 -0.0666753493258003 0.271964996820918
-0.0247001790657173 -0.0203574911300747 -0.0958191616352745 0.27699972005473
-0.014941568456991 -0.0227789129788921 -0.182410029295398 0.244233699738706
0.0236033280987643 -0.0519003130045576 -0.307720283504057 0.161878138399607
0.08341876937308 0.0137577972135036 -0.398786961537354 -0.0086350243976183
0.051016922742827 0.134280002308835 -0.454985026010837 -0.123099756368064
-0.0515718483981512 0.146401065117145 -0.53743372246811 0.0654896507619989
-0.109552699591601 0.187593638398306 -0.366707686973403 0.0676191630006391
0.030796683195446 0.131140936447676 0.10401725012001 0.109851302671154
0.0768660370440466 0.0274036487803625 0.158980150023057 -0.279730345843867
0.0373426641460218 -0.0123674487319987 -0.129533130748774 -0.396919275815811
0.0312256716036806 -0.00141381443640848 -0.405041058860344 -0.167465455847761
0.0419429378965814 -0.033616923613351 -0.359904167906765 0.104088091412294
0.00861897873929121 -0.04885782358395 -0.203371624961348 0.217208014599901
0.011961940610022 -0.0499032689722358 -0.101546996602122 0.245446938705729
0.0185251514310333 -0.0771478273763421 -0.0487013811561912 0.257927967510666
0.0846189373097199 -0.0732196698115673 -0.0638055487172161 0.275721142677809
0.106491439007708 0.00178080780838838 -0.144925465965473 0.268764179771725
0.120557226773952 0.0571874951833909 -0.282392862755811 0.208380471414201
0.0548360916080661 0.166748390244104 -0.377966432754463 0.0511559928690043
-0.106241767205159 0.240540874300349 -0.403150314664988 -0.0754345614813376
-0.248223294387242 0.213069101058507 -0.449146997702743 0.0627898666195046
-0.271143278359954 0.218006281778345 -0.307762581165967 -0.00164005465000964
-0.109004181667568 0.251247653821609 0.137711868017616 0.108640372094725
0.0747462615356754 0.189665302604071 0.224596701380012 -0.277544308308883
0.163394611813756 0.0781099600117805 -0.0735641273624939 -0.433524049919928
0.158185856118582 -0.00685682216246297 -0.37804243057658 -0.222911767933333
0.138514227948689 -0.0910034588993617 -0.342616627913788 0.0552548057892285
0.0593508581361602 -0.138769875577351 -0.18880434293439 0.168653024819268
0.0390925367702009 -0.132969646485614 -0.0873027292851139 0.195894689367102
0.0507656627306336 -0.154840688001437 -0.0137935463164181 0.211055764005227
0.160738098944082 -0.131882285908471 -0.000830665165557153 0.246712737046781
0.207615462977922 -0.0105210795552492 -0.0608001724186079 0.284215259784766
0.233793911149739 0.110568498226656 -0.214423247126352 0.272509865397559
0.0843312722562228 0.288292204411339 -0.337319915646714 0.138223393001146
-0.190694600986845 0.342866938841584 -0.34310659546376 -0.0268645732000135
-0.382158696512514 0.275481444741166 -0.312551490238275 0.0437580903977014
-0.40215048964695 0.195040005621882 -0.176576641349309 -0.0656378052612452
-0.268222263147697 0.319098162997119 0.20383551323212 0.103522416362461
0.0201575014187562 0.337146040462967 0.308842766654432 -0.247142903818105
0.250767216530209 0.19505907240936 0.020277787797632 -0.440698332165537
0.274220185333715 0.0120705889757423 -0.298647533198208 -0.275187168043472
0.228913271100195 -0.125401139987991 -0.288343858724431 -0.0167048842029056
0.112105724044461 -0.206202459363477 -0.152553670843001 0.0898553294321994
0.0612272583469962 -0.197911744170823 -0.0613740693501588 0.119154128973618
0.0647507141616598 -0.212051993655134 0.0258543240703334 0.13718080926179
0.197599174388044 -0.183194838304625 0.0683113719705426 0.188382345697723
0.272152217650019 -0.0438879856642389 0.0429010191831345 0.267952179983438
0.326261321787061 0.11597136156794 -0.117167563840301 0.314656131818445
0.134466406254923 0.35633312437783 -0.269889720559966 0.213329188133982
-0.213363478523535 0.406594933629781 -0.281149675171804 0.00340764473636073
-0.446441924947942 0.30834180171731 -0.157475223922647 0.00362761710123898
-0.462096123902707 0.129673256806547 0.0132005288814347 -0.108542505634575
-0.397202506542223 0.303941104497205 0.29105165279334 0.0952389294891194
-0.0754615909480917 0.414274556532197 0.384613002233705 -0.182297742786743
0.265873943871847 0.295958861163765 0.135314348508742 -0.395541389650998
0.33832690152974 0.0513112617830655 -0.168352248637942 -0.300524243512769
0.287151801662895 -0.130189570075638 -0.1938823638919 -0.0958686252838601
0.150205429299636 -0.239221860895037 -0.0961851957681405 -0.00617022689547542
0.0741840750203338 -0.233098007474158 -0.0267579556670386 0.026127866110635
0.0662589075717708 -0.241688572134318 0.0649755754255486 0.0480799525501177
0.202232703513253 -0.210899382070214 0.130035786318182 0.109286440679572
0.294802516341247 -0.0695827673785915 0.13689517504646 0.220956192943524
0.368577220653445 0.107574079000993 -0.0196445568392184 0.318355277002941
0.155032114863655 0.371166184282268 -0.19155337681889 0.254193515952001
-0.215646647597674 0.407395192981491 -0.221964917161245 0.0125443191052155
-0.450096695537588 0.287977069865568 -0.00458431360706452 -0.0479970192441032
-0.429659087027394 0.0444783696262775 0.221001853928808 -0.123454603545375
-0.435552141307937 0.213008983392054 0.379458644446499 0.0896724777136332
-0.157221555643348 0.383555528847983 0.429416610243061 -0.0974384538126903
0.210906523483249 0.327333236422542 0.232988266635308 -0.306799502494787
0.328679393247811 0.0833026940016598 -0.0219607083670709 -0.287584299616962
0.288291510732977 -0.109473487200759 -0.0783443076379787 -0.163497750640024
0.159650699272201 -0.230746889734686 -0.0298323843487643 -0.103347943523795
0.0759719673416108 -0.232398889579032 0.0109889172756001 -0.0690357314260687
0.0617103435262025 -0.238751896313544 0.100612524761396 -0.0453562491418904
0.1841788019272 -0.208121579876032 0.180626350389257 0.0251786012149698
0.281385310123402 -0.0741214335862888 0.209272829582913 0.163566907069275
0.351665674939381 0.107933660375559 0.0559489190968517 0.300683125601721
0.125343975266335 0.35183511368319 -0.126262701001522 0.260336385056019
-0.219031021716847 0.345629874717331 -0.167782507963465 0.00593647047771812
-0.406860629308759 0.211601520254566 0.129714286152565 -0.0903616402015958
-0.306027275933299 -0.0355388806041075 0.402158847040141 -0.117955589962766
-0.362287080887913 0.0902215801304471 0.442419971809826 0.0848803837074245
-0.176775086663591 0.268130790841812 0.440399664330792 -0.0195704573642271
0.129447515777094 0.269979765779191 0.290425534478879 -0.211847504379217
0.252572826211337 0.0833700269693769 0.0993624244938618 -0.255288342174071
0.230871795090708 -0.0765251823936661 0.0259554032480706 -0.213997106905452
0.135824359437349 -0.185315635228775 0.0275177677241468 -0.185338419710324
0.063896963990297 -0.193513179916526 0.0441004992062477 -0.153312584662131
0.0516139947063942 -0.202843171695957 0.129882770835959 -0.128861843308767
0.152166809857463 -0.176005937682967 0.224358503130391 -0.0466423024448995
0.241523647401499 -0.0618643334212539 0.264633190297587 0.115972373387817
0.289493522286872 0.114869123357551 0.107482471521384 0.28138172951923
0.0608414584393412 0.303472974177409 -0.0820769646694276 0.25360170412753
-0.21974756441807 0.241821579699667 -0.123048696970085 -0.00199498361665545
-0.322111772263906 0.0967224002575894 0.236809373282833 -0.109274787240396
-0.12562100916667 -0.103185274602663 0.515795365095126 -0.106628349364642
-0.206717113395468 -0.0266030632076581 0.464869665965965 0.0693993052212875
-0.13394753513459 0.118507551015866 0.429719598081047 0.0254721566749638
0.0511460623304414 0.153045655276482 0.31450601573431 -0.151906615884279
0.139867256059105 0.0536006880847703 0.170949738862948 -0.233228579339709
0.133231931778607 -0.0378515267797216 0.0889094403519275 -0.247411130534214
0.085523482258786 -0.110238855259447 0.0619082288899263 -0.241073467418289
0.0415337410315104 -0.124372933715405 0.0687216234861313 -0.21232202855018
0.037331489009796 -0.136759162807264 0.153633883617179 -0.190022898623937
0.105185881598371 -0.120934829716294 0.262601007273265 -0.0963080864573786
0.178316879157459 -0.039025611618984 0.309706130634995 0.0919088813783551
0.19590132125576 0.115556772705837 0.141835442554502 0.278756171112284
-0.0144655201081208 0.225421705664879 -0.0587391401279797 0.250187276210743
-0.195878402846099 0.112711207395443 -0.0921033011016912 -0.00127085691301887
-0.198277030100174 -0.0336703138274508 0.305303380025883 -0.0957723459351033
0.0563490166433074 0.113502542507729 -0.364451418436294 0.145944977685226
0.131723824212433 -0.0136329225144073 0.11476110123563 0.108078608177235
0.0344153177610768 -0.119533140770513 0.119782036242288 -0.28897945323039
-0.09670592452732 -0.0648504708304404 -0.172498844742691 -0.372816673663701
-0.0831817076736834 0.0256690372033262 -0.4196905816297 -0.119830308639414
-0.0431571129408758 0.0377968428693789 -0.362789588883304 0.148841962964792
-0.0323794225904588 0.0494286530696152 -0.197892473566278 0.252194938633306
-0.0167678859549726 0.0419418151155483 -0.090893928258666 0.277250984048518
-0.0315915469089892 0.0132658606059066 -0.0546488702997724 0.28950540432867
-0.0272111744488465 -0.0212254263994834 -0.0874211786866536 0.297315577944855
-0.0151556384972087 -0.0238235231108404 -0.182691115751592 0.264834319695703
0.0228501791918696 -0.0553812800878428 -0.316409323067044 0.1812984586486
0.0870831134804803 0.0116117336460452 -0.420483329561379 0.003231998736792
0.0600040951598256 0.138340894532466 -0.48390349233915 -0.112929857077885
-0.050757457115563 0.155916488326483 -0.561333647112611 0.0920289482728912
-0.10759750147271 0.198769017880984 -0.379080088102112 0.0866778695349172
0.0387916613509411 0.136959510465612 0.115969814499791 0.112269955836061
0.0817942916269222 0.0239488235201922 0.156785787743999 -0.300454425401156
0.0388528382864639 -0.0150296821054057 -0.152498679577493 -0.41364989019486
0.0321403694275437 -0.00306702943604662 -0.433038625578814 -0.157401683553927
0.0414842757564438 -0.0370540051179632 -0.375119572230926 0.127314263968856
0.00638021057382912 -0.0518245878779676 -0.204099895636635 0.237825665410165
0.0103259933094603 -0.0528576227502472 -0.0928549942772697 0.263304408846846
0.0156659629452756 -0.081743121388003 -0.0366131739825601 0.274685061358119
0.0846652313338163 -0.0821327645377175 -0.0546757480179498 0.295205532931816
0.113917102556206 -0.00269303958160652 -0.142359550186931 0.289354554969527
0.129238718266253 0.0552232935901581 -0.287115247908057 0.229347657240802
0.0642750887138138 0.173219127989158 -0.396191272026852 0.064100161358642
-0.10141320567579 0.257317207719015 -0.427531189418023 -0.06467396826157
-0.25275798500895 0.232138323409741 -0.469462762896915 0.084807667986696
-0.275532852757293 0.235905403390376 -0.321295082445001 0.0125892861671999
-0.102943200493341 0.268838166491343 0.151035084313156 0.111165283908782
0.0863552113135317 0.192967595918546 0.225962122503788 -0.300671572898867
0.174518657922741 0.0733832368305297 -0.0952077337732347 -0.455026941098447
0.165137807154214 -0.0153627974880034 -0.407662564962519 -0.215149861981489
0.139821101241334 -0.103341220421122 -0.358758362064073 0.0737882936233622
0.0558314578392441 -0.148659790427964 -0.190906980124555 0.185521029993318
0.0347475283997367 -0.141133542275349 -0.0816859767458913 0.211057307669117
0.0454896899553551 -0.164157703452705 -0.00406316205601193 0.223196619495721
0.161862885423252 -0.147550337383983 0.0104531550148375 0.261716265346163
0.22005090649802 -0.0207099148833618 -0.0521650194396795 0.302505731948499
0.250304403643222 0.105153159469884 -0.215157393083309 0.295997680077192
0.0999672345178868 0.299055584622156 -0.349366646987339 0.155406095283498
-0.185560554377356 0.368709955199414 -0.36249140506472 -0.016027591808294
-0.390821065193194 0.303238366993128 -0.327942858233624 0.0582589541416346
-0.412035874278231 0.21779107376715 -0.186010829682783 -0.0586991300190703
-0.268570546823391 0.346061678217227 0.219078344170303 0.10367255192204
0.0348321507374626 0.3499487905168 0.314894912317039 -0.270551855976449
0.270900668117679 0.19224235707589 0.00430067310821317 -0.464174550608388
0.286968222255606 -0.00153338478071444 -0.327211091147787 -0.272526565686568
0.23328972972805 -0.144371786492847 -0.304617949970432 -0.00478798396068441
0.107329182451856 -0.223066177573393 -0.157069982982507 0.100646607499391
0.0552235163710214 -0.20989078197941 -0.0595072235970227 0.129325420130211
0.0580270028637072 -0.224376850904802 0.0346329772199168 0.143495827095896
0.19876342018676 -0.203237043779861 0.0805539673839557 0.197033312057658
0.286007604364625 -0.0583204034211742 0.057097897627283 0.280676234527838
0.348186282124076 0.105543727012895 -0.111271409273445 0.337118962755306
0.155689032179512 0.367411111068837 -0.274865339252183 0.233133528788264
-0.20753945247827 0.43685196868397 -0.297233500165022 0.0148226247591474
-0.457145204132581 0.3394882472889 -0.167338527928474 0.00848526074159226
-0.476557015055358 0.150197642703344 0.00938560440552591 -0.110737821992212
-0.40376034970043 0.335819116157589 0.309519918075587 0.0922637573215518
-0.0610423719410136 0.435559516626272 0.39738422784051 -0.203654495406087
0.289212320632178 0.298089548726073 0.126919959774663 -0.420697572010148
0.355963107095251 0.0367822057801966 -0.190622775110697 -0.304129832202384
0.293453214140906 -0.15275826769387 -0.20822963373851 -0.0919840229139822
0.145691645280199 -0.25984008014551 -0.102435997082673 -0.00361825382196391
0.0668938627691949 -0.247821669834136 -0.0283885280137878 0.0312100393061947
0.0578893775786773 -0.254916906274953 0.0707284547668186 0.0473130358737427
0.201968531119449 -0.231933602362945 0.142164807329205 0.110815330848851
0.307628657534764 -0.0869820898928968 0.154779627583928 0.226702324827682
0.391065700088171 0.0933370285064919 -0.00768184725635501 0.337570600110427
0.179296853272548 0.38287436779339 -0.190520015602648 0.273461731339738
-0.209628538116906 0.437670968884098 -0.23299694460959 0.0216570034490124
-0.460472421785847 0.319067773718796 -0.0108398745879017 -0.0516611416011785
-0.445715043745168 0.0610279489714299 0.22765237713409 -0.134799403982083
-0.449213751945386 0.24210298329827 0.399414600519462 0.0827001343920728
-0.148923034875254 0.407198409282651 0.447822131747554 -0.115742891579953
0.235037932928508 0.332410960965693 0.232231012927743 -0.330455628293219
0.347143674886023 0.0706142546684386 -0.0367751635774268 -0.297993083377927
0.296144007667404 -0.131552096678445 -0.0896176318220967 -0.169504351381162
0.155823570717135 -0.252264497527843 -0.038781492968978 -0.108433489623873
0.0685862090873564 -0.246254798260744 0.00539186260783408 -0.0714731351013084
0.0531600106642698 -0.25216817196917 0.102047035711146 -0.0517162126033118
0.182969658382313 -0.227697834515292 0.191550519801656 0.019251921453929
0.293163188783581 -0.0911661099755276 0.228514423438635 0.162745318384263
0.373221817321041 0.0941496066640565 0.0715636720047957 0.315102293443914
0.148022414157062 0.362920102894416 -0.121582600110402 0.278395895243459
-0.216093002524833 0.373027844155162 -0.177129482184358 0.0122525513471458
-0.417062773389393 0.236899954413339 0.127668432543567 -0.102551038483367
-0.321187868851141 -0.027283329451371 0.416591847099588 -0.137312647087427
-0.376557749090089 0.110043980661496 0.464681583183071 0.0744272745097019
-0.175222997549438 0.287521775423788 0.462863338351534 -0.0349155772554686
0.146615977095973 0.276266506889808 0.297233125490275 -0.232133027777207
0.268009254630571 0.0742239325936643 0.0917808488307051 -0.26989862649181
0.237797285688434 -0.0934408625287931 0.016936314210264 -0.227799603084967
0.132333007479051 -0.20187695162869 0.017149849204895 -0.198722840667378
0.0576621336270892 -0.205497322561151 0.0363854298754818 -0.161595256751725
0.0446594265027535 -0.212936086692077 0.128668359481098 -0.141253168733207
0.150070178936093 -0.191440777114825 0.232512867683248 -0.0590364541302913
0.250999845449083 -0.0755519403512462 0.28440633217399 0.111296547529358
0.308521036877041 0.10536939219641 0.123765507425332 0.293237260021221
0.078025364790599 0.314795487165102 -0.0756271261911542 0.269592196698887
-0.219779848524003 0.26282480536749 -0.130941117992266 0.00164571783142794
-0.332622621172139 0.112114874479906 0.238261123008094 -0.127294866498804
-0.135351617199816 -0.104509937716873 0.536908138678251 -0.129865257952805
-0.218681437591755 -0.0205614683752029 0.486983006072052 0.0572183253387493
-0.135609037822381 0.128908196252934 0.452743354869612 0.0116380121699584
0.058697330897652 0.1576005395682 0.324603030463349 -0.169527176860817
0.148526153637142 0.0485109071730006 0.167475843945422 -0.250922178949644
0.136962615051191 -0.0468340089259274 0.0808482083385259 -0.2662716606711
0.0838227636152813 -0.119783732670115 0.0502638290258551 -0.257983057385314
0.0381046418123105 -0.131489264296848 0.059110205559956 -0.225754174825808
0.0336919472581329 -0.143118517365004 0.150388643155726 -0.205567094262927
0.103938695063229 -0.130573846846817 0.271312029048502 -0.112834887383755
0.18474724927269 -0.0490651006952085 0.330671176709796 0.0833775949611703
0.210365894719083 0.110795176384253 0.161468797209281 0.28760272062239
-0.00486890556644062 0.236534916127868 -0.0510136875871098 0.265453001203614
-0.200678365359446 0.125062375853422 -0.0985321408384209 0.00121823484913741
-0.207765038538277 -0.029039224093327 0.309962858718975 -0.116742065414993
0.0632664942737023 0.11331800327905 -0.36718852812329 0.177595398230482
0.136359399684997 -0.0235501024086656 0.129365187402454 0.104185716628091
0.0256647678975507 -0.126886022033687 0.104064454548713 -0.312848689962362
-0.105000534930477 -0.0592642471355115 -0.209307439930287 -0.379405566980979
-0.0846505189168123 0.0339465943921195 -0.447052676123142 -0.0935528503808556
-0.0425410820564931 0.0440930287591709 -0.367093401321836 0.185363817650747
-0.0294942779073816 0.0554746396139976 -0.18559393269973 0.278194413335364
-0.0137556048151099 0.0444878138206045 -0.0711070876945411 0.29546498860845
-0.032339254003865 0.0158470511712543 -0.0321901932893469 0.308057268145821
-0.0309077405998004 -0.0201324389904977 -0.0689077107146646 0.319390467655317
-0.0163725757846116 -0.0239481283530819 -0.173086211540757 0.289981579454177
0.0197096430755044 -0.0583562670111144 -0.316396805387411 0.208714430017473
0.0913547304513345 0.00724333420031618 -0.439428800342124 0.0284063557215641
0.0737402410830852 0.139603850513664 -0.513874471727589 -0.0856137498181487
-0.0428717658868776 0.166513273565638 -0.577252179360499 0.136242410739976
-0.0994517180735086 0.211854412498025 -0.386294114623666 0.117520789170973
0.0510242783461992 0.139800686568026 0.131427682271256 0.110045286432841
0.0861805753458166 0.0172066370736366 0.142109303487028 -0.326358725870582
0.0395740042063222 -0.0188701076497547 -0.190762081571301 -0.423655719037745
0.0329527479629832 -0.0046907519674252 -0.462491372326027 -0.130675269023885
0.0386579067384493 -0.0411282205218818 -0.381827690675717 0.16288319565174
0.00245834276603087 -0.0536662673534576 -0.193295622872656 0.262996875367906
0.00680783555617578 -0.0556529373184953 -0.0733497850009335 0.281792349087377
0.00928576019785579 -0.0861551377064033 -0.0152490619453916 0.290143346213816
0.0810637716522616 -0.0937687720941653 -0.0333779143607046 0.314181032661303
0.120238756662137 -0.0117512391371129 -0.127990884582908 0.313912934721404
0.13924498331934 0.0475871710735581 -0.284503466825245 0.259523586078579
0.0788944183347084 0.176764578655652 -0.410093315478364 0.0918619273160102
-0.0867146093913108 0.27610253118007 -0.451861762901799 -0.0398092436496279
-0.248744519357734 0.25909250300213 -0.483727330951818 0.121000875881521
-0.269585009881963 0.261872417457923 -0.331618435136212 0.0377865552796833
-0.0873400463622449 0.288874999020535 0.167330409212377 0.107388720828532
0.103402810052498 0.192364688731202 0.215385810069638 -0.330282942328949
0.186878873185725 0.062804339602888 -0.132086823786791 -0.469470192628997
0.17026729733223 -0.0287773712342452 -0.441637534270686 -0.19195360213142
0.135494880885347 -0.119465294452666 -0.368972790483304 0.105464250557177
0.0457013022406861 -0.159171408406569 -0.184986700756279 0.206801670041613
0.025230048682642 -0.149388045032742 -0.0667132586370646 0.227250062094351
0.0343548053623043 -0.173945514184837 0.0148817750598469 0.233430507715937
0.155685338317259 -0.168688762932549 0.0320177673231294 0.274719427789555
0.229530785370573 -0.0384721137137737 -0.0320404576223526 0.320371721546008
0.268828324304873 0.0897023744914782 -0.203985607077615 0.324789098632996
0.126279617708743 0.304692877470618 -0.353980337112255 0.182739879918309
-0.167155235663187 0.398919450251483 -0.381308913508341 0.00802943754225331
-0.386413563247955 0.342042047902951 -0.339793198658602 0.0841782182630237
-0.412916615169451 0.251503248979474 -0.19686964429489 -0.0453545892759726
-0.254628729951776 0.381557230370949 0.236487589260426 0.0962708191972221
0.0601559137723386 0.360137989471422 0.310727382148959 -0.302905766325646
0.295694554887654 0.177838427628394 -0.0272889712679192 -0.485585674469516
0.298125534678938 -0.0239747977573182 -0.36079174394824 -0.256056035099351
0.229955678654764 -0.170878556337674 -0.318360604088853 0.0187782018221625
0.0924403769741672 -0.241897433795924 -0.156487505761952 0.115766044337922
0.0405560611320685 -0.222564856909573 -0.0511377959661964 0.141006399828781
0.0421806960862644 -0.237364088965825 0.0478162599419167 0.147706240571536
0.189792273208241 -0.228946275843328 0.09985717497134 0.201273038531525
0.295615296818315 -0.0827243296926531 0.0810678034828067 0.288960467468374
0.369815439876804 0.0812502197144144 -0.0920883768567322 0.362032945175624
0.189847444807267 0.371058756138132 -0.270428287161018 0.260207805320589
-0.186827001325709 0.471818356931035 -0.309478118455359 0.0358499547893528
-0.451137007078612 0.38601545291859 -0.177542331745257 0.0198599889647162
-0.486471412924436 0.187119559552628 0.003423810959073 -0.113102161888109
-0.398474111883043 0.380740688539731 0.328370696444153 0.0791943295503586
-0.0336323630986097 0.455357529465737 0.401721754083589 -0.237777566520997
0.323820256484189 0.286622761651211 0.103667350892313 -0.447199928480261
0.372815059660508 0.00924009292993528 -0.221835541840232 -0.297929286898919
0.29232259860237 -0.184907898737316 -0.224568293818004 -0.0806266555693877
0.128041863691739 -0.284022932515338 -0.108511270262487 0.00304083320781492
0.0501573929398754 -0.262370668364941 -0.0279107950298988 0.0359097284323159
0.040634339005592 -0.268628499475353 0.0780092686163331 0.0444647287750946
0.190453348765673 -0.258593559352692 0.157833077628714 0.106751091269229
0.315627845606932 -0.114798815561541 0.179266389287488 0.225206002818686
0.413923630233025 0.0639570986157089 0.0161207777191506 0.355737932160643
0.215759626249037 0.385086040057008 -0.178722249330312 0.296971297340103
-0.18702910124475 0.473158349670822 -0.243747310982948 0.0388728062209132
-0.456955014179694 0.363485384406741 -0.0195384361772673 -0.0543833693714406
-0.459397262325754 0.0924129196945968 0.228544456023463 -0.153619070899207
-0.450489159592776 0.286933331815715 0.42081083105773 0.0628237146609144
-0.126915674679789 0.432525416134625 0.460122366469728 -0.149092309665189
0.268233817581856 0.327461251222871 0.219827801779216 -0.359401317038093
0.365780993386143 0.0456305549418033 -0.0608075997483276 -0.301953552389673
0.296683410870282 -0.162217495930433 -0.106846430428751 -0.170361258844442
0.139965890204378 -0.276125660837092 -0.0506563065791884 -0.111850921551585
0.0515486514796208 -0.261042746934152 -0.00160794531318706 -0.0731529934501271
0.0351667071996533 -0.264534490847773 0.101721046607759 -0.0609067643256977
0.171215553579472 -0.250796979565449 0.201643702015189 0.00799397938670565
0.29943633935966 -0.117970979244697 0.251991295952667 0.152931980069721
0.395375802732483 0.0661865765630092 0.0968599238868046 0.326516507494501
0.182180224860763 0.366133050042159 -0.105648495685571 0.298417623419122
-0.197845090578573 0.405977190567627 -0.185408953433627 0.0245876631751909
-0.416663214109333 0.273956499158072 0.120037778147055 -0.118023760091487
-0.336198540047733 -0.00830298984364762 0.425080746350107 -0.169490330365105
-0.385166425622754 0.142766341395819 0.487653711535637 0.0490811772407935
-0.162241070467246 0.311107858032936 0.480165904552827 -0.0656468121950765
0.171596521521751 0.276459228970498 0.293165131770525 -0.260474985052616
0.283569836179692 0.0546644457405066 0.0750849454942159 -0.283538552259797
0.238778898119702 -0.117340301215133 -0.000737273557330262 -0.240162365141534
0.119740273506382 -0.221640696277013 -0.000600255966817755 -0.209739860357514
0.0440586202117962 -0.21813724174414 0.0225534342609234 -0.16911888237901
0.0307666040035652 -0.222834784831251 0.122136675454656 -0.155651576796974
0.140677940582281 -0.209772603152183 0.239241359775915 -0.0786813069427455
0.255355072091912 -0.098771736528981 0.306481391284142 0.0945817003637957
0.328712151705249 0.0842079972429762 0.150984515349135 0.300151028068653
0.104414122157505 0.321721438957468 -0.0580569732980845 0.286145521646826
-0.209598296487506 0.289843877651445 -0.138024456197314 0.0105665604167325
-0.337378065041648 0.13806261679832 0.232697322525215 -0.151683031010592
-0.148030630584102 -0.100646864485306 0.550867298262173 -0.170985588644358
-0.229840978847662 -0.00539402374712849 0.508785003818309 0.0281785778082498
-0.131715454669351 0.143681877711631 0.473487373006625 -0.0171265096621255
0.0720512151594476 0.159924395186958 0.326943828701502 -0.197380028326627
0.157546265862196 0.0377988620509759 0.155811762648809 -0.270603762201277
0.137133271091062 -0.0604810762538066 0.063323046113682 -0.285445442330147
0.0758267954425264 -0.132115021583893 0.0280410525793975 -0.274258876064561
0.029140628547146 -0.139715153516174 0.0404058845624929 -0.237864867752243
0.0240423534374918 -0.150243102905804 0.138875982895607 -0.223719627344452
0.0977958186795641 -0.142398401391894 0.275052349209936 -0.13704494231682
0.188130159872765 -0.0652952427325691 0.352956038698873 0.0632889896608822
0.226522640320604 0.0980777042041146 0.189406916761352 0.291443871213245
0.0127975249748511 0.246383633160091 -0.0345978891076717 0.281035275605484
-0.199949391889472 0.144940202596961 -0.104754302266175 0.00746788275780866
-0.217540047591037 -0.0168512142451482 0.308750500368518 -0.146743799015436
0.0119459973353342 0.133731926421727 -0.415212438859159 0.00870450630650143
0.137645177278347 0.0330995886215491 0.0732438645056488 0.152148463881921
0.0726475806915863 -0.105144728537407 0.225648970929348 -0.245252385922072
-0.0733335535044287 -0.0925332433745302 -0.0397769729551632 -0.4428426581699
-0.0908307808493202 0.00282556320849442 -0.375283739161896 -0.269889834618405
-0.057988542615903 0.0277256879673805 -0.418335401413161 0.01799924717402
-0.0513824018556565 0.0439185723388427 -0.287984109657001 0.179535216739013
-0.0311124673493522 0.0378511131819521 -0.183136056009855 0.244481604294962
-0.0351265618204463 0.00209296237990809 -0.152018101110733 0.274614886610005
-0.0196106188352436 -0.0288798572502206 -0.193535448442369 0.267990016211093
-0.00467894430913451 -0.0268983655736698 -0.282592396332621 0.196071642593809
0.0387981692175127 -0.0398066002552683 -0.378671613705639 0.0538648477698675
0.0759907304647895 0.0469066261220737 -0.420553746970223 -0.165989203977858
0.00326093332027266 0.158991588285597 -0.447582525132307 -0.308330320915935
-0.110508535568956 0.137266779194391 -0.600049848384899 -0.141163410716561
-0.181465955988031 0.156584022022582 -0.405492642857628 -0.0507923726239098
-0.0113438686992702 0.150483839005716 0.0777316616436641 0.155734350933645
0.0677034742872284 0.0532808252193549 0.270050178964183 -0.246258958870979
0.0424938548222039 0.00426804122627523 -0.00177983871220294 -0.479748444187187
0.0338680243098671 0.0166528762704793 -0.375852932512939 -0.316632174127382
0.0526032943535763 -0.0193168047820273 -0.425280706320078 -0.0100082884043124
0.023471893225343 -0.0454573192574585 -0.289757633033923 0.160987468252997
0.0303411981322318 -0.0481506321701593 -0.180562936386311 0.230082484533622
0.044877636939017 -0.075983215019449 -0.129398482496138 0.264683092751428
0.114453547395715 -0.0541765384304106 -0.157892831754146 0.278997814002353
0.120135575531637 0.0400361412566204 -0.248266188508709 0.240342115869458
0.10528101172311 0.105841996401329 -0.370396876576766 0.121336045396121
-0.00763660776165921 0.199111333581841 -0.424113556844078 -0.0932359634694589
-0.202567196194196 0.220168707484714 -0.412836866954106 -0.245209545420344
-0.339435470619099 0.138329501140283 -0.505205772505813 -0.115523114830262
-0.361240407893757 0.128168880471016 -0.318722691031083 -0.0969326251171569
-0.20363133713979 0.231990753678297 0.11796297816283 0.167917603892582
0.00918686652065433 0.223053208679673 0.344020315980557 -0.220371831662891
0.143999827148583 0.139480481800244 0.0755899111876595 -0.500602155501295
0.169588943470051 0.0513332091109713 -0.331500543797793 -0.369614912775089
0.175380287560819 -0.0526718021756748 -0.391759681972073 -0.0621308101036459
0.106756772622333 -0.128347390727995 -0.259680821204232 0.111954135885335
0.0875425537735565 -0.128545133112462 -0.153152285477258 0.182868782552529
0.10397247503011 -0.147564974302567 -0.0791030018349055 0.223427847491603
0.215177292922122 -0.0960395499597615 -0.0804934574796604 0.270431709124481
0.234151517506787 0.0597296820803173 -0.159635550798721 0.289553800971284
0.209363296816899 0.197407957973816 -0.322814218001067 0.221939910477374
-0.0181923044261093 0.338970081344908 -0.414289988146567 0.018584397689763
-0.328754000779307 0.301154632685929 -0.369533950443222 -0.171892020426835
-0.501905604093574 0.156542886129345 -0.356245161312884 -0.0881697382849909
-0.491649468943029 0.0560778414059381 -0.157329532940893 -0.112029543688855
-0.40068429617989 0.248340153686106 0.192171303396627 0.188898479744039
-0.103498533417563 0.360285828960609 0.426594307550575 -0.155057650359599
0.194340511550248 0.289642911462481 0.183880822136349 -0.473407379222281
0.284073992433671 0.108432599089537 -0.228622891427689 -0.400287069557631
0.284715651032787 -0.0628075179088716 -0.309716174984399 -0.122641147299504
0.184287917061609 -0.187925621534605 -0.196181633216391 0.038628455005553
0.132149686872743 -0.191545694295197 -0.105120602234485 0.109113165229442
0.136668777759557 -0.202718259533923 -0.0128282183713053 0.157497082092608
0.270035915175841 -0.139533811061775 0.0142783616588161 0.230108635874898
0.314375800231619 0.0444531637391438 -0.0381209097488529 0.309160926889937
0.308408938601915 0.230110188294785 -0.23341406382766 0.306196020848855
0.0135253511245056 0.427712009755586 -0.370545282700026 0.129893619619071
-0.375372664618725 0.362195557798656 -0.31545983101014 -0.115099631247453
-0.580552082886102 0.169137523448597 -0.1765059337297 -0.0747054418814741
-0.534800000134819 -0.0360743796398066 0.0573251689138177 -0.0888327496959069
-0.534960937161206 0.186210535444224 0.28831679804635 0.21442353524278
-0.232687759032693 0.40732675094257 0.485654347083046 -0.0550862509288059
0.173863708091622 0.400260955553739 0.294113790373023 -0.381807211457504
0.337548285170664 0.169367961099576 -0.0803284165221658 -0.384027197021091
0.347266547786358 -0.0529891677121167 -0.181632718849909 -0.176952517977332
0.235355553744015 -0.213341180529245 -0.105264719369101 -0.0476603569133321
0.157067643331483 -0.225871275893807 -0.042308852924812 0.0211419049807585
0.147228299772148 -0.233485321388515 0.0560264596290995 0.07373830573878
0.282329218699846 -0.167672093891195 0.106503429690384 0.165175227819283
0.345809572307 0.0212207044108212 0.0805613644488817 0.290603467754675
0.357076187410538 0.231136110462081 -0.129630012243648 0.348326655396138
0.0346663860648604 0.451333771594093 -0.300320563283287 0.205484519276863
-0.376347237738747 0.361491227155158 -0.255146638720875 -0.0833820527576398
-0.576104214882586 0.145261020385605 0.00312189372024425 -0.0725584657325693
-0.471690173524919 -0.114553606281623 0.282014002009966 -0.0310564293218647
-0.547726861819059 0.0745605393440666 0.379122256247337 0.24133093024177
-0.310559432358261 0.346835511042503 0.502810138321679 0.0565666455041607
0.104718800350391 0.413102268507071 0.367168983865403 -0.248114386530609
0.315478019087859 0.196885173189572 0.0729395701684952 -0.319391020948874
0.341317952864105 -0.0297783613737976 -0.0333145443710265 -0.211437994180796
0.242239426729692 -0.203131442732207 -0.00421546937766912 -0.130000888624403
0.157552619355446 -0.224913400216751 0.0256264676454516 -0.0683125575253255
0.140828429740136 -0.231265092195002 0.120210511633109 -0.0143855600892659
0.261991823442574 -0.167777469238137 0.187221593611579 0.0920006091386525
0.33188931190426 0.0116746619647853 0.177271607792022 0.252663362136542
0.33954611154594 0.224463080318767 -0.0412580986763621 0.355786542273724
0.0121077419252476 0.419269390627846 -0.232819762120615 0.237108869594466
-0.356535399606283 0.294088858815376 -0.193624817088626 -0.0687151481014745
-0.500504658175889 0.0796552780073414 0.161683005073692 -0.0666827957329862
-0.316186349734614 -0.158167601539755 0.472536169837238 0.0354242214265076
-0.427106145712675 -0.0340828285545864 0.441690924076059 0.258920257748675
-0.290669896292083 0.216023054618303 0.483662692795027 0.14597698751473
0.0371976583828811 0.32442317239149 0.391466933708762 -0.1214628748738
0.235262570691306 0.169747458201126 0.192470626758149 -0.241442120560995
0.268368590021186 -0.0123141929776508 0.0972948785269669 -0.229231283781756
0.200421311685546 -0.161150740714739 0.0824561186050171 -0.199110526778022
0.132579085012734 -0.186926930832146 0.0857120516489998 -0.148286453121476
0.118564509073906 -0.195584680816865 0.175930806744117 -0.0926671278228673
0.215544052882787 -0.141421594998647 0.254424329439362 0.0271382462174801
0.281376345172885 0.0114268512156339 0.250716272991436 0.220892067256674
0.271922569437383 0.211459394865071 0.0168413341921667 0.353868222226816
-0.0402088243065031 0.345787986585703 -0.183669039155786 0.24608023733741
-0.317130298874833 0.180985646523255 -0.140528109302417 -0.0612702682739477
-0.370137365870021 -0.0137611972439787 0.282456403880251 -0.0446588338370416
-0.102267536777159 -0.163223839511706 0.586757207752026 0.0801638116219118
-0.218015996545762 -0.106153947560895 0.464192372082296 0.24981476484892
-0.189821832304509 0.0733382771931128 0.45194304810145 0.189602340925581
-0.00549215017434155 0.174623829173523 0.392481852200011 -0.0454791540883024
0.124471671810706 0.0998834514428678 0.260651864552228 -0.191077281031118
0.149681596389133 0.000175675407568537 0.177479725676242 -0.243511437517976
0.123433696078855 -0.0947660950721227 0.137347475856264 -0.245410776528057
0.086464265028191 -0.11955673849018 0.129768363802787 -0.203991560245034
0.0830400668198218 -0.130233467630998 0.217603548854927 -0.149431464092093
0.147779743286562 -0.0952573336675161 0.309503222338328 -0.0131589566010735
0.203803055766494 0.014760313442851 0.304057330153933 0.208711918066136
0.17288909490063 0.184512920864412 0.0541509822530769 0.359754973030397
-0.0935626002977741 0.237593045545514 -0.157421386087944 0.249137430858787
-0.247373332640869 0.0495822076805408 -0.1051654040114 -0.0471505483505019
-0.192838166669717 -0.10952884718685 0.350690425189022 -0.00101211996979208
0.0183251478345378 0.131863224236005 -0.40993621880947 0.0415612508093997
0.139420145550939 0.0222998690724387 0.0855276520863405 0.146750891909266
0.0632019764227588 -0.10918876461208 0.203585896489176 -0.262717930314641
-0.0799094591959599 -0.0854401483478176 -0.0753802635799556 -0.438070522243134
-0.0899202357717663 0.0109292369108879 -0.395081509140387 -0.238187938212975
-0.0552488593351329 0.0339944952466498 -0.413243079296579 0.0547750290796479
-0.0468299530386624 0.0497990289664848 -0.270358888974848 0.202298085959802
-0.0271135793988258 0.0402703576179544 -0.157917998206316 0.257158073285713
-0.0354168163518921 0.00543500086399834 -0.126228636508687 0.285985029115182
-0.0220376520043201 -0.0277728543642227 -0.169474930500148 0.284810280375063
-0.00575765193330289 -0.0258812204167934 -0.266724086864857 0.217852393755437
0.0346993797630441 -0.0422009397943039 -0.370511128907869 0.0812387799931186
0.0786660431214846 0.0418769438957515 -0.43077580031586 -0.137045539977709
0.0170162401232869 0.157797780920423 -0.468650832371165 -0.273388970784268
-0.09992541872789 0.145184919475947 -0.604822995268152 -0.0917383354152944
-0.170316112224064 0.16779055987348 -0.404355132637896 -0.0178937100191284
0.00115435036342669 0.151263722635124 0.0896607021001243 0.151071150800966
0.0703052302108928 0.0468563021784593 0.247861210351617 -0.266441480458103
0.0433297189241369 -3.5024734059883E-05 -0.0405930250413984 -0.477935372983611
0.0349196658493712 0.0138009814489395 -0.399569360374782 -0.282983089617715
0.049694622153884 -0.0229493514571744 -0.423293177269908 0.0252734892902237
0.0190225658726039 -0.0464668429981493 -0.273751760943588 0.183673212692388
0.0269377086456503 -0.0498690846496578 -0.15746786046041 0.243228075725547
0.0371581195397241 -0.0784597110550948 -0.103964146117586 0.274117360586337
0.108435472629303 -0.0646551433931586 -0.133285783851811 0.293777162680542
0.124581874354998 0.0302686614070536 -0.229679583760411 0.260362451940526
0.112954964659648 0.097020228019084 -0.358176960577198 0.148353912003814
0.0076262834697822 0.199538941300733 -0.429035107775662 -0.064924596638777
-0.183575231781804 0.234695647662462 -0.430136488689102 -0.211700435419763
-0.326515659838763 0.162707122401033 -0.512119376834815 -0.0752488416688031
-0.349058712236421 0.152267137937018 -0.322357822318009 -0.0696414921408687
-0.183298134845116 0.246570400400931 0.13014621970342 0.16136575540217
0.025535291520353 0.218895625517997 0.323659165071638 -0.245258092903779
0.154288435458207 0.125112374112512 0.0354230967363466 -0.504322796849538
0.172242027564777 0.0370155330826699 -0.359415960260112 -0.33804452456262
0.167836853590664 -0.0675991343585575 -0.39488110933373 -0.0274118971972046
0.0937014366732901 -0.135925545152728 -0.248048030058333 0.131439663293298
0.0754633718349782 -0.134026217300699 -0.134967562565072 0.194257150009484
0.0892608255860065 -0.154403960165258 -0.0576466519407009 0.229306846472587
0.204601226422037 -0.114572901204842 -0.0566225699623549 0.278190944704653
0.239622697282346 0.0401616793631711 -0.13582888675101 0.302134251454211
0.223867826911583 0.177632024932504 -0.304306078169206 0.245896757633274
0.00927874427697937 0.338823979384803 -0.41010408844353 0.0465539545828903
-0.301936995294396 0.326525665389677 -0.381382703843861 -0.144224846060517
-0.487004265391076 0.193475886156569 -0.36206366317075 -0.0605502564519808
-0.482982020265122 0.0895483825158186 -0.16415835562575 -0.097054950949404
-0.378013235299727 0.279300448443175 0.204750567373769 0.176808129280774
-0.0752953358166725 0.362865563208483 0.411684439496515 -0.184947429394378
0.217558946028298 0.270013827894546 0.145389644748906 -0.485207551691991
0.290520148764651 0.0829720755566762 -0.260223563710622 -0.374913098410946
0.274613563747787 -0.0880458375765146 -0.318508247428832 -0.0953035483924028
0.164124934377564 -0.202325699353994 -0.191846850720109 0.0527915407987134
0.113316342478941 -0.199724535413801 -0.0938722147585852 0.118011956394638
0.116907740847885 -0.212231543745401 0.00123008431946225 0.15756432283608
0.255143508164853 -0.162469477134024 0.0345189495227553 0.230360529239711
0.317889779317391 0.0173398976283802 -0.0137386347007437 0.311130472284568
0.324093660545954 0.200850760102102 -0.208230321051106 0.324804302470738
0.0480646734147408 0.425143583864563 -0.35631690907964 0.154821877897551
-0.345273461656462 0.391935656269427 -0.324663841292554 -0.0924900159109067
-0.56248606805944 0.211885275550641 -0.185028911397723 -0.0629648902858186
-0.532382975772512 0.00224006030729281 0.0506908813498585 -0.0890871548707254
-0.517134069641751 0.227687482308083 0.300016413470324 0.195173362840632
-0.199222277836086 0.420550563172488 0.478007188216176 -0.0881798768613622
0.204417976869046 0.380527525071195 0.26209195383201 -0.401081664221363
0.348014251422228 0.139146413069663 -0.110323134470776 -0.368661909721779
0.338442216848772 -0.0827128835888549 -0.193685485194711 -0.159703256517149
0.212310839965275 -0.233189827614266 -0.109056040933955 -0.0401317858023078
0.13554284935928 -0.236238886264088 -0.0400491320743015 0.0264444074457645
0.125087325530461 -0.242427751193823 0.0620589062560559 0.0687962243999984
0.264376039574923 -0.190544129881439 0.120032947412195 0.157800074658602
0.346879643722624 -0.00753218317845849 0.104612262412907 0.282739065544374
0.372268841227023 0.197132983813067 -0.100556387817274 0.359552719709268
0.0703340262319294 0.445040929676144 -0.281195419422624 0.225413149582823
-0.344432291363949 0.390850596905546 -0.261204304255017 -0.0641774013463131
-0.560115439641551 0.187458834140801 -0.00651568657779138 -0.0742602601190484
-0.475325614469914 -0.0811012825037864 0.278823529768545 -0.049474625101877
-0.537519525446604 0.117358695237527 0.392372298552931 0.214177329138469
-0.28192553941887 0.3661775746116 0.504097681277957 0.0212063424837483
0.136959218501083 0.399024116587072 0.345585434630453 -0.272682904027789
0.327908547090227 0.168407035594624 0.0464521511044492 -0.316439260703733
0.333860573854249 -0.0601249988051515 -0.0495616220608453 -0.206918256785969
0.219689858729475 -0.223713345444701 -0.0178836474902915 -0.130630962733952
0.13588396400124 -0.235422095625346 0.0180093668416169 -0.0686114567145113
0.117921437759252 -0.240184295932428 0.118547544469765 -0.0225233118567099
0.243385234706106 -0.188812644946083 0.192888699614783 0.0778207973702747
0.331153416276811 -0.0175412914150215 0.198209828714329 0.238053830515067
0.355094731167506 0.19025090345861 -0.0133574413814765 0.360599152799329
0.0464912001971177 0.414898493700116 -0.210716203811092 0.254016612714887
-0.330108342078504 0.320932477894878 -0.199212578662418 -0.0549126977376547
-0.49056636012869 0.11630810580045 0.15032448215423 -0.0817221656675702
-0.324975638753928 -0.13352039011329 0.471310850058683 0.00114475269077292
-0.426391318884348 0.000903494469139192 0.454749227029438 0.226870821430553
-0.272045122104298 0.235949417646779 0.490815986461417 0.111959426687344
0.0628249526941825 0.317834851909963 0.38075026442976 -0.147389641467886
0.246396197521552 0.147619025553924 0.171696881658206 -0.249144889031911
0.263205828216943 -0.0361694421707909 0.0785707389803828 -0.237156811174203
0.182226867005036 -0.177736914726084 0.0627493316127214 -0.206583468825602
0.114406127186893 -0.196431344747116 0.070536590435923 -0.151922232353921
0.0999242076389368 -0.202429981135472 0.165490698209721 -0.105453489642465
0.200972181505531 -0.157888747230817 0.254818410464284 0.00750285537015124
0.280484280746572 -0.0128301537549567 0.267517019786405 0.199584784714462
0.286419762555358 0.184942102408131 0.0457696593721613 0.352909995254282
-0.0111513790244183 0.345101575333263 -0.161163915672576 0.25826828882923
-0.301042863174523 0.20548360375788 -0.146406063408682 -0.0507120241563277
-0.367062803259189 0.0134051150870619 0.270833600367769 -0.0693275939179608
-0.114094150518398 -0.154428590010911 0.589412753397466 0.0371871340696694
-0.225271503057741 -0.0891024485104076 0.476274799973233 0.215119612701465
-0.181914928169607 0.0866435946493255 0.464274807002258 0.158724580089232
0.00823889381782199 0.173523720590636 0.386562976190583 -0.0725870804355587
0.131323280653275 0.0873293847991926 0.244372129311743 -0.206835536276781
0.147456632346625 -0.0134411741667694 0.156001566220132 -0.258047358435643
0.112415672644049 -0.103725824080315 0.112110296402603 -0.256592749209507
0.0751537934353456 -0.124991328733703 0.108335738256665 -0.210845845443136
0.0709629652657625 -0.135171748876628 0.201526122855118 -0.16375982062002
0.1392519828361 -0.106095014241618 0.305720128474058 -0.0381766025999558
0.203336072098024 -0.00271156372435109 0.320430106635749 0.18419101549901
0.186834552144389 0.166517251679546 0.0826292814207713 0.355893406254583
-0.072966149793313 0.242520871312759 -0.136230096357796 0.25992498257036
-0.241171115402896 0.0678360160385146 -0.110546642930242 -0.0404811167620649
-0.199236796334192 -0.0946753070205679 0.341727205342167 -0.0321504884614826
0.0222270320023789 0.129988239567654 -0.399873522634958 0.0661354923650544
0.139237064339576 0.013535998949436 0.0936670142677267 0.141622867383635
0.0550518724401054 -0.10971723377447 0.183114136649755 -0.269608885039429
-0.0840327996531396 -0.0791104676367101 -0.103375779864166 -0.426629173466586
-0.0876123320477399 0.0179477381843897 -0.401668179320512 -0.210044290306728
-0.0515064192315729 0.0391066951702107 -0.402062600465733 0.0828747863862578
-0.0406584066913393 0.0529673656027203 -0.251690651295649 0.216363335307634
-0.0227909532093585 0.0416473035584756 -0.135658265373077 0.262155385151026
-0.0354359088846482 0.00821852256404357 -0.102692060612525 0.290832479550856
-0.0241571834292389 -0.0262347137341962 -0.147192276569989 0.294579766324877
-0.00640543319842841 -0.0251567363982239 -0.250982730257448 0.232005471238366
0.0314494351685943 -0.0421718901286917 -0.359364825051883 0.0997619077241223
0.0799218657686904 0.0378820565202421 -0.432683733574973 -0.113850824825461
0.0279813934897141 0.154239406079983 -0.47769483551693 -0.241548097700068
-0.0903137132033683 0.148170997977002 -0.598389544302829 -0.0539822115715088
-0.160070630809716 0.174683050007115 -0.398036279849031 0.00810818276591278
0.0113162026136649 0.149604435348892 0.0984848301060929 0.145979558313608
0.0711739618473103 0.0416684837954773 0.226022024241201 -0.27610567036392
0.042553660245585 -0.0042081495684199 -0.0703521482109592 -0.468872362009446
0.0351433360509839 0.0120999776008977 -0.409576967880807 -0.252372130846563
0.0473889610676683 -0.0244179535906818 -0.413979895252909 0.0543698724224893
0.0157948101602337 -0.045898507438465 -0.256214643931124 0.197843212799958
0.0231788989440965 -0.0497674370066468 -0.136941253598851 0.249041147223435
0.0307429495202897 -0.0791651529471042 -0.0828171073322787 0.276864260450893
0.101560658154859 -0.0716662787949321 -0.110737150798873 0.2998132176421
0.125977527428383 0.0216037209398572 -0.210827027789131 0.271903617590232
0.117331632117251 0.088468212970588 -0.344214487888783 0.166297140219272
0.0201267078474847 0.197380141327065 -0.425947872241688 -0.0420477756779806
-0.165407188651641 0.243031970089173 -0.435332159931845 -0.184146848624544
-0.311183062279554 0.179169132405326 -0.506880660304361 -0.043806680291511
-0.33563448514625 0.169100055487343 -0.320179134619378 -0.0463836535634915
-0.164183641429193 0.255551909720625 0.138686334626984 0.155397074831483
0.0376293671149209 0.212088374514011 0.303116343306569 -0.259111020438635
0.15899754323749 0.110270687963387 0.00349289186526651 -0.498850858336468
0.171233302972051 0.0251913100367341 -0.372509277937132 -0.306777641644959
0.159379028062154 -0.077288680201505 -0.388672402723709 0.000309485089164032
0.081647736240998 -0.139318473427322 -0.235158991212557 0.143885221589271
0.0653682051632906 -0.135750811321434 -0.118560841135076 0.199950365728899
0.0763373361195712 -0.157439410253765 -0.0409060162786295 0.229853962592404
0.192576948578098 -0.127603820542973 -0.0368860708843011 0.279720678305813
0.240396565791344 0.0230493423001231 -0.115388707915501 0.307375874426764
0.231158713508162 0.159704096763437 -0.283846877915286 0.26136332002092
0.0298918964985821 0.333580281181204 -0.400960130878227 0.0660474007318913
-0.27748610638586 0.341235966300531 -0.38516316460978 -0.120266004032077
-0.467185895050006 0.217397179629951 -0.362087128985056 -0.038358308859419
-0.470867338107372 0.114320858443789 -0.165521348483076 -0.0830194941669171
-0.353854501125677 0.299747358790398 0.211606825021257 0.166930865399559
-0.0524646253073996 0.359753216109985 0.393052130090567 -0.205032332348439
0.230034926450139 0.24884119687511 0.114837064987943 -0.485975533710554
0.290252756148414 0.0627231690968033 -0.277707351940207 -0.347452723066189
0.262581013180905 -0.106002600193842 -0.317674462140629 -0.0721052705783464
0.145108967653073 -0.209550310227509 -0.185791920410454 0.0626740999603272
0.0973945591913122 -0.202262974991525 -0.0834587453377381 0.122786693279243
0.0998949261126733 -0.215070508314192 0.0121951031298099 0.15451442138964
0.238379145890478 -0.178056367173542 0.0498150931373037 0.227230862366218
0.315662185308396 -0.0043918277899508 0.00628465938403086 0.309023538658809
0.330693239319514 0.174906406378484 -0.183845717411034 0.334466490212261
0.0742975958090208 0.415367693636616 -0.341179264008559 0.169623498631787
-0.316245454288479 0.407198590937484 -0.325613612371189 -0.0712300960543455
-0.540919017200231 0.240163261300175 -0.189426603016015 -0.051984546070034
-0.523228684280915 0.0297636262519074 0.0454669305310211 -0.0877758175287921
-0.494686533122231 0.257555044985669 0.305161273501499 0.179667402193796
-0.171733037163497 0.423815524007889 0.465355590546411 -0.112040162987179
0.224624097179256 0.358817086685682 0.235223691825754 -0.409084518546113
0.351041531674448 0.112309595177409 -0.129639349530927 -0.35007769178402
0.324641301949807 -0.10505147211938 -0.199270036406518 -0.143786505390952
0.188909166950855 -0.243585828630112 -0.111503024557353 -0.0344188746927243
0.115815919166921 -0.239747261551993 -0.0372622262338675 0.0296212943490868
0.105183979570054 -0.24475015789755 0.0662066846683875 0.0635952004858621
0.246329534786076 -0.205693500574667 0.129037420720111 0.150270653215195
0.342027106177193 -0.0314290596965205 0.121386672762043 0.273706400693814
0.377429423473491 0.166684546361996 -0.0757771968342433 0.363557342907312
0.0972488042869045 0.434178991323294 -0.26140634281635 0.235374225732034
-0.315069262417684 0.406778186395815 -0.261394295354605 -0.0484721320838081
-0.538277822834182 0.215734525825972 -0.0158744588156753 -0.0743768083425793
-0.473344209923971 -0.0543568025385414 0.27236448420446 -0.0627075629221898
-0.521704716097804 0.15078676012292 0.396228902876993 0.193831762450493
-0.255796451590597 0.374410084434926 0.496375512827539 -0.00559897930465043
0.159429912611844 0.381809911119788 0.324186532796213 -0.286446189930526
0.33266870708157 0.142110291692071 0.0287235514941175 -0.307818262675506
0.321449146029924 -0.0825959551880392 -0.0601692133462186 -0.200730370276617
0.196811169038968 -0.233970199814567 -0.0278394616808028 -0.129547860432535
0.116241082844189 -0.238888167226879 0.0125561970772418 -0.0669628847574155
0.0991803280530634 -0.241783654561662 0.11470030334085 -0.0300709573383444
0.225678741961029 -0.200949407348815 0.195668317685336 0.0657849034085892
0.324705590491064 -0.0395823591949677 0.211537403947712 0.223436929275168
0.359480122161547 0.161396220741835 0.0106536138928924 0.358920528542837
0.0723130782412909 0.404767227921866 -0.190939137569418 0.259791755239769
-0.305212669556304 0.337780961119868 -0.200573601763844 -0.0431710878350215
-0.474625964408334 0.142382853431219 0.137528387156054 -0.0918338714437303
-0.327922900392087 -0.114178472718742 0.463251632447464 -0.0266881572737171
-0.418147117263328 0.0278839210795498 0.456740517648625 0.201399136713424
-0.253836673190118 0.246563967157219 0.48966452436838 0.0848387415420895
0.0812391655026273 0.307843490773729 0.366740276208922 -0.165126960239328
0.250808578286175 0.127413909673142 0.156271512868574 -0.250037777024254
0.253582168853592 -0.0532363152036884 0.0629336938239484 -0.239289408390931
0.163761296831253 -0.185959582281701 0.0453279612485884 -0.208893749988447
0.0980498026569943 -0.199276594989204 0.057313802208563 -0.151932554769652
0.0836886882210349 -0.20365252906418 0.154701552297987 -0.112605653008406
0.185621732568 -0.167263403134512 0.250735704359858 -0.0071489320080164
0.274571563310279 -0.0313694191782946 0.27806117050885 0.18023665948156
0.292189665668679 0.160634805485696 0.0685415694004107 0.348177374448076
0.0109695276136574 0.339114651147264 -0.141529353563312 0.262485967068045
-0.283490782603841 0.219595606930922 -0.149187817878922 -0.0412258140917632
-0.358376359242961 0.0333608658609879 0.256292318702535 -0.0870756715210401
-0.121165865775613 -0.145625389741112 0.581023262511867 0.00295859995317456
-0.226596258719618 -0.0737531627793941 0.477451731544083 0.188957654668213
-0.174247753760474 0.0951295301462787 0.465953650490719 0.13173959914183
0.0177115084479786 0.169471209568962 0.37682700781688 -0.0921693576617409
0.133607098315008 0.0758118818656971 0.229827945099859 -0.214282728700827
0.142206592308353 -0.0230833308192624 0.13773161621015 -0.265144673190443
0.101621676751146 -0.108948247583243 0.0899390147240014 -0.261198826699302
0.065007082828971 -0.126979115092535 0.0899369009595811 -0.211737697708276
0.0600195684435203 -0.13668276678073 0.186949959973948 -0.171436516788694
0.12889956769652 -0.112788876975523 0.297342207292317 -0.0555075475585932
0.198820814776414 -0.0164447918980944 0.328013735055837 0.161108213242843
0.193417059542796 0.149291202578302 0.104786242429225 0.347549141981746
-0.0560557118594208 0.242034503708587 -0.116418705015541 0.263328313583397
-0.232720365291409 0.0809462313609846 -0.113872981319994 -0.0339069566288341
-0.200432783219469 -0.0827752438269235 0.328096623701932 -0.0539548171363362
0.0257216923967441 0.129810966580084 -0.390443280000186 0.085093902930191
0.138673312772514 0.00739651755279965 0.101210246139944 0.138779532354551
0.0493259744838257 -0.109815881548166 0.167800165403775 -0.274355462751452
-0.0868988814401409 -0.0734889157541212 -0.124397689266601 -0.418160595785577
-0.0847320204656397 0.0234955500452977 -0.40757967075236 -0.188480917438306
-0.0478617135348173 0.0431345394420237 -0.391024851953453 0.104699158394183
-0.0357996208417248 0.0553054248158196 -0.23641468865246 0.227205986220582
-0.0180826879188601 0.0427378014876896 -0.118494932655184 0.26491815532097
-0.0351346693699024 0.0111715050029207 -0.0842155440475063 0.294049249596186
-0.0259400314387879 -0.0249453739799187 -0.129183602168934 0.300805704104609
-0.00685370360866932 -0.0242856527024881 -0.237898421405743 0.243078940661738
0.0294244445779177 -0.0426824258695145 -0.349978266700028 0.112653391591282
0.0813384044563026 0.0348283753015478 -0.434340849366655 -0.0964094406348191
0.0358952216498201 0.15094855403729 -0.482170033767384 -0.216983107894931
-0.0825281378195245 0.150334872560341 -0.591574984725213 -0.0243523050871233
-0.151480782317957 0.179988611877219 -0.390548897929843 0.0278819233929157
0.0195388251469683 0.148088594372746 0.106021818214176 0.144200762868038
0.0723382763241241 0.037573875367597 0.20900189480365 -0.281807497381829
0.0410014582469459 -0.00820973622220947 -0.0930707381892977 -0.460318845227387
0.0359146375091722 0.0105013912946391 -0.417613682041934 -0.228605447241587
0.0451507110974014 -0.025807000190143 -0.404412194108205 0.077401597143759
0.0134507296146555 -0.0453861422223108 -0.24275164503881 0.208459924503116
0.0214121404962194 -0.0497581135332973 -0.120032462106614 0.252357926637631
0.0247041630428703 -0.0787860353902658 -0.0648927173359852 0.279076428834645
0.096078655172547 -0.0774207473296588 -0.0930159310424522 0.305262261102039
0.127910448196824 0.0140322506904587 -0.19560105369749 0.281203150891781
0.120532376697532 0.082022883712726 -0.331577601824378 0.17925614321097
0.0298081622239001 0.195299328455507 -0.424818864595128 -0.0263169278223
-0.150918701997639 0.247996714537062 -0.439813861286698 -0.161337590548167
-0.298325108752867 0.190488878451371 -0.503601815760405 -0.0188880431038479
-0.325308259461565 0.180644439741403 -0.316265197573423 -0.0293121021822409
-0.148580210732655 0.261571612778388 0.145402489539786 0.152159065460069
0.0465377049868194 0.206482339216153 0.285862923168169 -0.267929284430441
0.161787406263747 0.0987759342581751 -0.0208112469079428 -0.493503219196597
0.170444642745013 0.0156230465776224 -0.382196910304951 -0.282001024522986
0.152333030038666 -0.0846721275449313 -0.382878648621792 0.0215257396604434
0.0720528083246133 -0.141256112043769 -0.225105691298518 0.153520041559983
0.0576481269151608 -0.136017878670351 -0.104472903757471 0.203187163974583
0.0658194704282204 -0.157928154777038 -0.0266947147617031 0.229503298210599
0.181904921664924 -0.137218500745367 -0.0201346791758858 0.281284320961593
0.24043292861711 0.00940561593899835 -0.0996141660297442 0.311920701765726
0.236099357754457 0.145438445923955 -0.267779617932341 0.273061549029433
0.046452207591372 0.329108480833429 -0.394652428701457 0.0806704826819395
-0.258188779775576 0.351398733529162 -0.387251418096071 -0.10057759652339
-0.450239592659105 0.237642150479394 -0.361379247592732 -0.0215638343825339
-0.460125063119385 0.132840101662137 -0.165638892583992 -0.0714853963741694
-0.333629338418068 0.314951969482313 0.21760683728826 0.161111853219803
-0.0358555421894832 0.355897680920755 0.378369034084034 -0.217253529837345
0.238016589898602 0.231134658875629 0.0900503413461217 -0.485149567351298
0.289014951789179 0.0461776705189457 -0.289431570375788 -0.325793324167564
0.251622338454237 -0.119002785218787 -0.315098324166608 -0.0529033972136146
0.129819184541183 -0.213920390173695 -0.180673004036636 0.0704440693672632
0.0850592678400811 -0.203759235845723 -0.0745654446876353 0.125908355757682
0.0852220299934598 -0.215896938618655 0.0209189971531332 0.152262629737987
0.225053104426617 -0.190085594397248 0.0631811736980705 0.225017838576811
0.313033977526099 -0.0221283293106361 0.0224638112629855 0.306721289030859
0.335223256890052 0.154369281108152 -0.164520410965046 0.341672491436157
0.0942456753712038 0.407345363392243 -0.329774540843781 0.180368902465764
-0.291811048544842 0.418813766744943 -0.326279025575979 -0.0564118398579799
-0.52133995870338 0.261784536282364 -0.193169404022612 -0.0426228310352689
-0.517786959546877 0.0511309452021355 0.0422711955284793 -0.0861813801498018
-0.474981430435772 0.281738188963207 0.309880806459435 0.169202902686792
-0.150884060221337 0.425966505284323 0.45550210793166 -0.128180118191503
0.238536524572671 0.340630187890915 0.213857484861195 -0.414264750784635
0.350594601090928 0.0917391628814873 -0.142301604408147 -0.33412576293812
0.31252761174359 -0.122407953055962 -0.20251232750156 -0.130609017305181
0.170556230677364 -0.249717576349801 -0.113544980499554 -0.0292654889690836
0.100546898527442 -0.241367100478306 -0.0346398566518837 0.0324650975727163
0.088981492886661 -0.245758441386365 0.0688126682614105 0.0596165683320107
0.230462410297 -0.216674511929222 0.137994377887054 0.144364656311083
0.338075308792585 -0.0499228231257896 0.134806443145572 0.26518610792677
0.38052851625596 0.142575935149076 -0.0556618703390903 0.365350762688336
0.118599829220128 0.424305918581817 -0.247227998307428 0.24203969401843
-0.292410864557213 0.419321279481947 -0.261848335623244 -0.0355277130758888
-0.520732285151458 0.239754872667446 -0.0243508927630734 -0.0742277622797627
-0.471449332989373 -0.0340645004373389 0.266271436149309 -0.0728397129563086
-0.509183574755315 0.176881405228759 0.399263516072264 0.178709164338081
-0.23570756414882 0.381092297148586 0.491700264017497 -0.0243924089219798
0.175199249285365 0.367444940462988 0.307975331772484 -0.296749855387888
0.334860170522845 0.121840077460557 0.0167524362322212 -0.300877729959532
0.310744823105562 -0.0997889719287152 -0.0677551788795705 -0.194958265194937
0.178744905261545 -0.240550068781539 -0.036787698514161 -0.128115554839816
0.100874935764776 -0.240442125295172 0.00890551541471688 -0.0647898204643967
0.0827045769574459 -0.242358324202344 0.111884802169292 -0.0348876237915701
0.21073858140204 -0.211231546446066 0.198306890495043 0.0577946472023117
0.319758043882458 -0.0571429179135456 0.221589884254392 0.211197726766801
0.362087113683102 0.137666521334788 0.030797986744046 0.357977022343935
0.0925788868068358 0.395498583141934 -0.174998058198843 0.263669380326859
-0.284502825608707 0.347712544065218 -0.202039788457999 -0.0333753228625869
-0.459567836023097 0.162675085732767 0.126063039031174 -0.0990945175104692
-0.32933538465952 -0.0985093124999016 0.456837294532155 -0.0455428340618877
-0.412047748176479 0.0478278792223281 0.45876431284187 0.182814171159422
-0.239697978164925 0.254454843820144 0.488839683626666 0.0651576228490655
0.0942376005789099 0.297291885397089 0.354704746639477 -0.177456137590302
0.253021170151488 0.112058273940144 0.145196473838173 -0.249785985608523
0.246474050658266 -0.0667382314753271 0.0517683565347202 -0.240942024481842
0.149280293860842 -0.191275585536109 0.0306040027844255 -0.210421312161328
0.0851054238144572 -0.200267867814819 0.0470529425559995 -0.150422347631874
0.0703976114179723 -0.204852986597677 0.147936690740064 -0.118622899189618
0.173852611550019 -0.174226546829296 0.24782570679513 -0.0179286551903527
0.27006091975518 -0.0463174833268726 0.284740437697034 0.165574188694637
0.296165983092091 0.14059052631622 0.087699599286708 0.343172040195555
0.0279129838216245 0.333283692811064 -0.125619141539604 0.264900180634102
-0.268760328782438 0.230690766630249 -0.1513798500336 -0.0340895080841112
-0.351646860329832 0.0484192268686275 0.242952072266045 -0.100024255226857
-0.126074681279486 -0.138913890493693 0.572892985449616 -0.0238037723298702
-0.227526746573806 -0.0621730337890066 0.477582151048674 0.169397482316084
-0.168244907350518 0.100819698399441 0.468675400359466 0.112214697623489
0.0250182096129803 0.165472046511492 0.368267598787272 -0.106072673469767
0.135056661439995 0.0669336451359007 0.219572445458174 -0.220048170905779
0.138578008408696 -0.0299849210010203 0.123002005023899 -0.271547740702668
0.0934372660349414 -0.111308686861815 0.0718479618976442 -0.263652829779854
0.0573406477421233 -0.127682538474806 0.0754057655232942 -0.210947969504158
0.0515869778513622 -0.137135828925187 0.175056953719543 -0.176786039447848
0.121388804221848 -0.116785074813599 0.290621993391959 -0.0689201129621228
0.194557581051782 -0.0271519919906536 0.334081227207789 0.143491422939416
0.197660546613525 0.135150499413593 0.122238403848528 0.341044266219235
-0.0428123661937278 0.241967202266575 -0.102379254482654 0.265140371983349
-0.226238221119049 0.0896579946087036 -0.116660455144244 -0.0285484980237341
-0.201538053312094 -0.0740249004951214 0.316883284019879 -0.0712193019256761
0.0296646489973568 0.130356565122242 -0.384018589445653 0.104877189772862
0.139642799858143 0.000885400043366211 0.109432885925809 0.137096590887603
0.044475051107147 -0.110924807430401 0.154321731660521 -0.279468398180251
-0.090333328939391 -0.0687432383512973 -0.143606523094081 -0.411106940342562
-0.0818768096785357 0.02755830912944 -0.414491705494306 -0.169354741175548
-0.0440195130855819 0.0464536279708832 -0.383221057566935 0.124843826983613
-0.0305116308023285 0.0570394305298047 -0.222443945395359 0.23831256591956
-0.0146769264022997 0.0432741428393843 -0.102767793653324 0.268158574537538
-0.0337222691241203 0.0141100581615744 -0.065479135674064 0.297606016497924
-0.0281495902657061 -0.0236073544760581 -0.112509693242442 0.309070280917182
-0.00627575929988907 -0.0234724041481559 -0.226617855380284 0.254114544412139
0.0272485456848673 -0.043178190082193 -0.342494689665625 0.12509163377248
0.082706161766288 0.0319645145354719 -0.439066833622764 -0.0805528671335133
0.0447456158563402 0.148305854434462 -0.488266233303007 -0.196884520558196
-0.0754051128916585 0.15280688154638 -0.58757621122391 0.00459348602120257
-0.144066977081033 0.18660667869634 -0.385134499401376 0.0472705293224005
0.0288499805013703 0.147382391429501 0.113865550838205 0.142750115956242
0.0738003330705862 0.033621836694507 0.195686014169966 -0.287119485402723
0.0394557042843839 -0.0109428737115898 -0.11486259192231 -0.453448836476748
0.0368694633130606 0.00890772207767231 -0.424865313078853 -0.208269874680125
0.0441818265087942 -0.0269513196342828 -0.396773179242776 0.0980604692680612
0.0116480130975687 -0.0451254391735135 -0.230225138530742 0.220379351863702
0.0207207623435836 -0.0506213969186203 -0.104611953479298 0.254944406723988
0.0203623368578201 -0.0783923050475622 -0.0478706037554773 0.281717344606253
0.0905073558143596 -0.0827481215226339 -0.0750152526421093 0.311947185908355
0.129475870366032 0.00646823321925832 -0.181944725260392 0.29099720292504
0.124490008082398 0.0749990862702473 -0.321862914535646 0.193527946568114
0.0387089339888953 0.193841122068218 -0.426477758286624 -0.010336719322796
-0.137479059136357 0.254879098358622 -0.444602152679512 -0.141396683895442
-0.28765869262475 0.201384675366101 -0.502601792930648 0.0042171893245935
-0.316984066154682 0.194859681809243 -0.314044911390958 -0.0135349562304517
-0.133354491616718 0.268139379348909 0.15462049509983 0.14939638791151
0.0550804194473119 0.202123853157511 0.273141882807913 -0.276778041388283
0.163890708118462 0.0881953890989837 -0.0446927728075545 -0.489839391716704
0.1706591098439 0.00698182816790064 -0.392352965494329 -0.261480447570367
0.146738842220285 -0.0921143483730651 -0.378835640590268 0.0423313203812274
0.0640322523695597 -0.142962393374877 -0.217101673894104 0.163928262015595
0.0512544913076525 -0.137234696366252 -0.0926730355068513 0.206096907040547
0.0561200916091686 -0.159532256570065 -0.0141066019103338 0.230401471381281
0.172341464496115 -0.1474630478502 -0.00290384700114049 0.284110702877586
0.242516598329343 -0.00404360777224365 -0.0836462657064187 0.318174308889602
0.242355596078125 0.132424670423504 -0.253186133758464 0.283520832497755
0.06366474806571 0.327587100531073 -0.39023120478763 0.093844662478138
-0.240155344637904 0.363513977224342 -0.390229601576801 -0.0844517628053674
-0.436190793585116 0.25449210694562 -0.362482518612846 -0.00433758028542521
-0.454094059126803 0.150345847350497 -0.166041748408895 -0.0609851887436107
-0.315845573603522 0.32958365592709 0.225665627857895 0.155972616666819
-0.0208029836464472 0.354685448347336 0.368761748889419 -0.230072944797168
0.245943832353156 0.21593317005566 0.0676925724854653 -0.48700947508484
0.288923655583089 0.0309490321071005 -0.29946124239906 -0.308176091710241
0.242863950038983 -0.131764815888169 -0.313280937068583 -0.0369830927400147
0.116394653939954 -0.218440490575044 -0.17760282833581 0.0778825385512719
0.0746201909733305 -0.205163440672602 -0.0668327909642949 0.128951872302376
0.0724282763562716 -0.217541965380999 0.0289782085022495 0.150729668792639
0.212351106727505 -0.201796515273756 0.0764947359487626 0.223646389497922
0.312471210512153 -0.038538927889005 0.0377070353244523 0.306095587739816
0.340597963358002 0.13457521852715 -0.146409630665054 0.349845036909679
0.115114796589209 0.401552995986423 -0.321224701592941 0.191538753109056
-0.272601267872238 0.43217142420273 -0.327786767845603 -0.0411509294709068
-0.505800441646419 0.282601485933727 -0.197722394132373 -0.0331178515946759
-0.511707667547074 0.0711039090642853 0.0399542836022997 -0.0852558338336186
-0.459376862961567 0.3035120428485 0.317072936426138 0.161340336922867
-0.131529212723734 0.428584563508937 0.447702986693989 -0.144479929412152
0.251505047697397 0.324485333015336 0.196506625239986 -0.420780357890397
0.352752839239402 0.0726836641734707 -0.154012528038739 -0.322183446378726
0.30248877833596 -0.138015479155372 -0.20473037062833 -0.120295894530637
0.153987872911524 -0.256645153106882 -0.116903040407651 -0.0248220875948305
0.0875943384426708 -0.243651167657125 -0.03200507811455 0.0353193603891833
0.0742918669484248 -0.247401522210727 0.0720256561769696 0.0562680594744366
0.216643916444213 -0.227846537170156 0.146800296395054 0.139201556213245
0.334380430825084 -0.0682846808065155 0.148635821702264 0.258715469724838
0.383903166722044 0.121270880736406 -0.0349627882017446 0.368678127239162
0.139016605508645 0.416115895152783 -0.235328325196447 0.249030414964038
-0.270708881089427 0.430800473824109 -0.264031630070528 -0.0238018806453814
-0.506430756225812 0.260868815181417 -0.0318522341949777 -0.0727829089903316
-0.470405575936053 -0.0137173008423427 0.26181370269018 -0.082861406273163
-0.497379433836095 0.199862088476304 0.403344387621788 0.167196616091599
-0.218269701568857 0.388488152562029 0.489038605358661 -0.0417695172178075
0.189650793545864 0.35555274572252 0.293619830207824 -0.308182153731181
0.338540953828065 0.102243894467009 0.00640919938791137 -0.295848061619144
0.302219615597114 -0.115928194551362 -0.0745076822954413 -0.192034169701438
0.161653329208078 -0.248151841339888 -0.0464570026392997 -0.127003852051172
0.0863083092347938 -0.242598137258164 0.00538540988188401 -0.0634206915169387
0.0686205292835208 -0.242498894514341 0.108812583769659 -0.0396605425307334
0.196789612915329 -0.221401093869533 0.201311504125485 0.0498527868472048
0.315733900558399 -0.0743023990395565 0.23227228760128 0.201053622937855
0.365704408106958 0.115210678342996 0.0494962108680095 0.35711949161024
0.110043680871316 0.38773419226297 -0.162411020845526 0.268146201483128
-0.266474133021567 0.360076790251432 -0.203888475883931 -0.0240564630343526
-0.449133218340197 0.182693871559775 0.115519544495641 -0.104341388496117
-0.332565644703938 -0.0840944858911936 0.451493498180409 -0.0636437935656813
-0.408528831542813 0.06786827062736 0.463823481878004 0.168242651297644
-0.229845783806513 0.264200882690917 0.491098893378187 0.044698692415395
0.106610745296714 0.290737288314456 0.34648263946748 -0.191749203743882
0.256652741441633 0.0971129727311404 0.136865213601214 -0.25273537129531
0.239420788605027 -0.079209887678526 0.0407618837573795 -0.244053677434323
0.137166526223099 -0.196847460007587 0.0163291695614296 -0.212237349821064
0.074416635598101 -0.202400724222611 0.038551816977778 -0.149254934901989
0.0583129720963043 -0.205319258296246 0.140069032813232 -0.124548294287413
0.162866789173534 -0.182112021733534 0.246466539893992 -0.0283018244644764
0.265263190032273 -0.0603269069165594 0.293035473475011 0.151312146006809
0.299774373592503 0.121621688783524 0.105709657332859 0.340725360345118
0.0441549799028671 0.330187644131095 -0.111578488675181 0.267645534710248
-0.257363226841642 0.241902270034975 -0.154835517930696 -0.0268567422481012
-0.346306452498357 0.063353959645859 0.231076071019128 -0.112191173996072
-0.131483280817331 -0.132881623343172 0.566760045234759 -0.0448854377437182
-0.229180290215309 -0.0516297165565399 0.480926797243442 0.152143160133172
-0.163919124319982 0.10708847273464 0.474056242668368 0.0921738529227978
0.0323629349501947 0.163263840747052 0.363384870125405 -0.119104995431752
0.136605818130638 0.0594109144206096 0.210709760076831 -0.22728533463302
0.134866719947653 -0.0366930910756163 0.109762348122896 -0.278944561556981
0.0861752411427165 -0.114256358105005 0.0545404164385829 -0.267072305531667
0.0498647579612286 -0.129135717950473 0.063164862049738 -0.210028414474655
0.0431146697246542 -0.137752758021155 0.164820459128454 -0.183251019484533
0.11478620612764 -0.121666239304028 0.285901053325021 -0.0815586219182923
0.191462649747508 -0.0372897519007916 0.339958697291326 0.12718508059832
0.203019151216911 0.122223096676126 0.139630037732798 0.336069556016376
-0.0302780717315642 0.241760172273965 -0.0881928227606953 0.267412144681108
-0.221305890152535 0.09899505263117 -0.120694313552061 -0.0228863736385547
-0.203196583237919 -0.0662734024722788 0.305648162292509 -0.0862250595649889
0.00828086450342485 0.127612488003809 -0.396260970889466 0.0433099114741276
0.133063565653026 0.0222921036745064 0.0875336951535232 0.160922110047374
0.0635255244711589 -0.095763961867948 0.200605153885345 -0.243514763910235
-0.0707886198704838 -0.0760298710919463 -0.0744247400439326 -0.428376027367867
-0.0759928089140406 0.0142800498164239 -0.378272408175955 -0.233077808692965
-0.0456663060824769 0.0377541035036953 -0.395274098684319 0.0602519982037682
-0.0352009872271929 0.0521136471575329 -0.260360287513815 0.198566836207852
-0.0185827168721125 0.0394435786166764 -0.142899116386171 0.244022245546612
-0.0354230966496677 0.00850613951415041 -0.111156251567244 0.282268871459074
-0.0222459084449774 -0.0274317621355695 -0.16112999114446 0.282420372072702
-0.00102460858708526 -0.0242294876819322 -0.266163764215218 0.210324859789629
0.0352027123292245 -0.033310580229301 -0.358404270944743 0.0571123665984085
0.0727643190310384 0.0504923869389315 -0.418570392888794 -0.157400703647183
0.0145168111627468 0.155002254084149 -0.456557308199367 -0.279416087097321
-0.101948023437905 0.134620629998781 -0.591509662055286 -0.106366764652029
-0.167908792897455 0.151424597906044 -0.390554146918651 -0.0123872546106303
0.00504395452901645 0.145730456672318 0.0865989638201731 0.162731351947804
0.0682908247123618 0.0482345955704669 0.237099643534589 -0.243815309595219
0.0439785797103095 -0.00150632275612774 -0.0411061736026798 -0.462250723936033
0.0420647647733623 0.0146633721291466 -0.383770547467064 -0.270663043205104
0.0513148192583666 -0.0196001411861484 -0.404533051875949 0.0341471025605564
0.0202333955594965 -0.0402274277700885 -0.265470155460159 0.179521888921245
0.0307050450021715 -0.0468740443876235 -0.144215889068071 0.23086996638886
0.0338120944832968 -0.0727825278047024 -0.0920959667779182 0.269259970899563
0.101316975185146 -0.0661584997356362 -0.12196159111147 0.292006095547645
0.127753780236151 0.028673216934609 -0.224113922978576 0.255485721016723
0.107864164078039 0.0981322867380587 -0.346392772297457 0.133330499615312
-0.00112601621037293 0.201328717754784 -0.420947120506506 -0.0817671986564788
-0.183179011072121 0.227116976638121 -0.426467238456713 -0.218620924320021
-0.318916073699663 0.143872542472883 -0.508125976438303 -0.0872881303082367
-0.335043459330382 0.129981260081579 -0.311127956099192 -0.0603656910612663
-0.16938106786955 0.238536236559391 0.122101397805047 0.169775056675111
0.0218888237868571 0.208046738444189 0.306779735016165 -0.221663746565814
0.14521534477006 0.112552668982177 0.0333842389180917 -0.485604654428334
0.170444707891585 0.0349430686888454 -0.344132393236485 -0.315888957803424
0.15952607714637 -0.0664516362809811 -0.377783210858881 -0.0158518908055299
0.0846585917010832 -0.127737076330584 -0.241954427546658 0.124875315143196
0.075136201120424 -0.127021413105261 -0.12415143519064 0.185277274863799
0.082374145065425 -0.144782371439404 -0.0494817272301257 0.22380173201772
0.192514262265573 -0.115991169565383 -0.0461191156350154 0.277147269363739
0.239669291123983 0.037101537358678 -0.128042651666378 0.298764682450684
0.211107826043469 0.174388492657373 -0.291270642565642 0.237933975891704
-0.00374789453069401 0.338096241837979 -0.402794142927271 0.0335156232628189
-0.303565265695618 0.315789840166912 -0.38535732588073 -0.151758183422222
-0.473115787821558 0.168803402583792 -0.369241818230948 -0.0710209607241496
-0.46140392843302 0.0661195342397852 -0.159741367975064 -0.0856878988861038
-0.356527266382098 0.271252983369377 0.189347172408157 0.180828552779862
-0.0775093258317073 0.343480622100717 0.38614144796376 -0.162380153676044
0.202571528545904 0.248126826195486 0.141507220681669 -0.462458269906401
0.279342735247065 0.0781692280733971 -0.248064009736581 -0.345744246106036
0.257813423957722 -0.0893640533808421 -0.301691506211333 -0.0808427467838889
0.145808945699565 -0.19367698136407 -0.188245558204393 0.0466045683275391
0.108475139089857 -0.190187897986515 -0.08683217835017 0.115517356926176
0.107830995294914 -0.198033803290288 0.00558203022100234 0.15317643322456
0.239526753397362 -0.162830822957592 0.0431337520947019 0.231867476432454
0.314276251976773 0.0151955812686498 -0.00439259514298086 0.306710970998293
0.306127790438666 0.193904372063623 -0.194133862075979 0.322014022223232
0.0345284941330191 0.419925296868629 -0.347983072642554 0.143652660916045
-0.346872547420454 0.3776391891813 -0.332251493059409 -0.0980837337736074
-0.546796576804328 0.183157740072341 -0.19855675767345 -0.0688704206511716
-0.506322400724528 -0.0183235153302939 0.0465680658091411 -0.0783931264674964
-0.489790625663607 0.224661705446008 0.278630155192535 0.195026252354062
-0.198816204612227 0.398263050636342 0.448983698060083 -0.0689369593784221
0.187987002187607 0.352621934370318 0.253986699372643 -0.37574140681408
0.332765607182066 0.130173916385009 -0.102611822756624 -0.33713503910871
0.316623856272558 -0.0851496443261816 -0.181172364319779 -0.145912235119949
0.187295452300031 -0.224785831479948 -0.109442576135773 -0.0455976785943296
0.126844945696958 -0.225489828494954 -0.0371761662262906 0.0296713112198911
0.113716016401394 -0.22554971923272 0.0626245523682254 0.066887323525962
0.247082114413642 -0.187629648677196 0.125632239314377 0.161393635286818
0.341200830635169 -0.00989502827492874 0.114508591111285 0.278094805876432
0.351436799109986 0.185274410434277 -0.0866679394084029 0.360744775850178
0.0581943893805279 0.438282967578486 -0.271126437995171 0.217525332503463
-0.344873018401877 0.375401625002062 -0.269819413751401 -0.0692185251291496
-0.542733308634602 0.162386956442082 -0.0241544921295339 -0.0782732308855365
-0.452250817819707 -0.0912469732925584 0.266388361353761 -0.0410654887781652
-0.513500001059168 0.121958741164159 0.365724593745053 0.213346418022072
-0.278705160090242 0.34643636477841 0.474008538878899 0.0355162442796808
0.123179251294125 0.371392093118606 0.329880337669924 -0.248188829867065
0.310761013113633 0.156215577181846 0.050738766215111 -0.287083982205488
0.311119194294468 -0.062804615194808 -0.0416544352389654 -0.196218684678557
0.19281230466535 -0.215814380398251 -0.0231265410698402 -0.134605742512108
0.125081464819949 -0.224926489859412 0.0149646042153011 -0.059185698471319
0.106843164075547 -0.223250047033357 0.114744890709078 -0.0206159951418321
0.227423207907033 -0.18239536487032 0.194531997652199 0.0830803993179609
0.322110279923386 -0.0193692463336864 0.204970892542003 0.233980600432612
0.332787164158525 0.175394239349372 -0.00136499206252782 0.365029918343497
0.0353219839474521 0.405512919708156 -0.201521962109666 0.248058794427387
-0.327164482658445 0.30690229097259 -0.209424419582205 -0.0605277951736881
-0.472522728411594 0.0955606443081425 0.130126151404226 -0.0829645734966959
-0.308516333809477 -0.134081790632204 0.450648544641046 0.00730525312645199
-0.408465527463153 0.00891683034229688 0.428348225267077 0.225757793085511
-0.269389291602853 0.223853602604692 0.464565632691739 0.119362160347912
0.0526446447880961 0.297660358823252 0.364373766330175 -0.126232412631536
0.230923467513672 0.13825987358929 0.172911305156218 -0.224674229632265
0.243518335706651 -0.0373543269013063 0.0802245052285627 -0.231832159734309
0.160777916882358 -0.170071728303504 0.0517750582039853 -0.20897024583533
0.105882083272524 -0.187095257003487 0.0612273081166222 -0.137073263979975
0.0909606746699185 -0.187564808932289 0.159324558672596 -0.0972204455105738
0.187900032137249 -0.150443894479047 0.249581021332832 0.0146431752326838
0.269487395570041 -0.0137382969568043 0.271745007291959 0.196325431403094
0.268364861066964 0.169524977331615 0.0561523615607993 0.3592452034341
-0.0189146642535912 0.335767772476277 -0.153393770209419 0.25548128269696
-0.295934612680067 0.190014986675087 -0.158374069464135 -0.0556850314903554
-0.35075510484041 -0.00433379607565289 0.248648287138666 -0.0699024639684431
-0.108472020218658 -0.144519319635286 0.564170046348516 0.0438441620550783
-0.218761267826136 -0.0795499070239885 0.451405078710206 0.222042091637417
-0.182474052408431 0.0828327952258012 0.443821259424848 0.165946365945667
0.00225730730717331 0.164427873196911 0.371153495388903 -0.0537539205647837
0.120244190573771 0.0829849946441652 0.242812592280067 -0.188100392095708
0.135782438376686 -0.0113702335841127 0.153143704785547 -0.258303979026833
0.099472171581088 -0.0968634548071788 0.0986869392114593 -0.255837135372245
0.0707054902394557 -0.118812006657955 0.0953098807197802 -0.191753907997193
0.0655423961351767 -0.125326826018581 0.193096073768234 -0.150432556646863
0.131113112425 -0.0995042951543159 0.294755887469146 -0.030201357952608
0.192716059417278 -0.00349775165806189 0.319053509102092 0.180011299668984
0.175311519498124 0.152694642713665 0.0876959513826862 0.362272922608104
-0.075651634982042 0.233525189222837 -0.132496478442504 0.256440284589881
-0.235470811706549 0.0563500321716862 -0.123662687838766 -0.0459306686249769
-0.187390483017529 -0.104522405019521 0.319476952891684 -0.0309150964262889
0.013277040312887 0.127100340396428 -0.387234534703545 0.0620142945504615
0.133116291470518 0.0145373397051834 0.0965527536526718 0.157924297034786
0.0591334694225988 -0.0970094291546545 0.187444630212932 -0.247045979353717
-0.0730251346661129 -0.0707121943934592 -0.0932493508430508 -0.419326942210365
-0.0726192189541788 0.0177519046182771 -0.384320188883372 -0.213846728994238
-0.0411103523087694 0.0398220891373748 -0.384101850174175 0.0794471465315507
-0.0302479463690852 0.0524575918643807 -0.244358069549531 0.209376983596265
-0.0140462915208364 0.0390719277350502 -0.128314957181221 0.245948985421454
-0.0322025538118531 0.011550566859994 -0.0923310895999755 0.28390576187381
-0.0245340941206659 -0.0255370931128112 -0.143442033281321 0.28780643461527
-0.00183604725726342 -0.0240787235261876 -0.253299559234378 0.220411867723984
0.032906547555187 -0.03496278109937 -0.350640024316153 0.069414693413627
0.0741544136593617 0.0472897423627999 -0.423227211920442 -0.140779430572995
0.0226738909258063 0.151644341865228 -0.459096229970725 -0.2551766943506
-0.0948468008030582 0.135659625819638 -0.58472502102085 -0.0776684313158256
-0.159398307529018 0.157229628657778 -0.382984539813943 0.00523401886716326
0.0132367523317009 0.14312968264587 0.0956816426537462 0.160522662866441
0.0701406466821747 0.0434506382140917 0.22382942668447 -0.248182961821452
0.0419512423806048 -0.00448795308151267 -0.0624970069482668 -0.452971041327574
0.0429879469067927 0.0118277746461492 -0.389968257450501 -0.249601115875493
0.0502051501465998 -0.0216223974997267 -0.394567985105279 0.0542641111611061
0.0186065035352836 -0.0407137557131732 -0.25082526842122 0.190637174707216
0.0297643578849046 -0.047806285998978 -0.128951491761103 0.234417028127514
0.0298284077126123 -0.0720318991190481 -0.0746755347747042 0.270383462286331
0.0957145118687452 -0.071259211822885 -0.103357561996625 0.296180485251824
0.128058394728271 0.0204610353631317 -0.208704486456052 0.264072140326634
0.111040465693583 0.0907501635143876 -0.334997687595262 0.145374641984669
0.00890065225208643 0.198993150353944 -0.418767855892873 -0.065237131342206
-0.169120690533676 0.231952660678536 -0.42849075740996 -0.197689501217112
-0.305232871787017 0.153248468465378 -0.503373311038961 -0.0636961111792685
-0.325664850091483 0.141149773371425 -0.307630154348368 -0.0447874088364678
-0.154389758312124 0.24260782829288 0.130575155322842 0.166612359004934
0.031079093668069 0.202807844834959 0.292282750575002 -0.228282605192255
0.147184097330733 0.102396473254972 0.0102350118141218 -0.478771027033889
0.170057360791046 0.0252582554128708 -0.353125567523791 -0.294098738126376
0.154039456338547 -0.073746279502212 -0.370335436628844 0.0027752348426679
0.076253792484887 -0.129254606698599 -0.231374552814312 0.135834807268575
0.0690436148851161 -0.128949511683717 -0.112572091373537 0.188862988791795
0.073474455993441 -0.145029282922682 -0.0359971852821017 0.224154362774435
0.181841279807041 -0.125340299801169 -0.028575856878971 0.278006712323299
0.239591522255766 0.0227087220756978 -0.111699918657869 0.301310608488334
0.216836761903532 0.159466711154879 -0.274782324845978 0.248495812990159
0.0131659378994545 0.332744266535392 -0.396690596158006 0.0483176178706146
-0.282497406226598 0.327460070206169 -0.384967716291817 -0.134513488776129
-0.455845628624328 0.184562279053479 -0.368204208263395 -0.0531706650785017
-0.452531905670689 0.0829790514809133 -0.159168754392676 -0.0761242589527637
-0.335998910042269 0.285232804361275 0.196983147725771 0.175207917493327
-0.0603680492088588 0.341594819037327 0.374932960299139 -0.172993863178039
0.209562047296285 0.231804323073427 0.118771444049216 -0.461321544416242
0.278888901861245 0.0622863051349402 -0.256386047166297 -0.32664091941691
0.248919841517561 -0.101805064601843 -0.298561369696609 -0.0661985795766263
0.131733848956838 -0.197287192637608 -0.183459172350005 0.0550611749344157
0.0980648278772645 -0.192612044377368 -0.0785886871217601 0.118279015074593
0.0956123115940361 -0.198789343678634 0.0132227374631334 0.151308209159975
0.225223411077801 -0.173040869794507 0.0574512428908593 0.228577287161953
0.312312384935977 -0.00332196472549654 0.0113180003510188 0.303930449587638
0.310618200009369 0.172026590080174 -0.174813464753576 0.327210667788568
0.0554732448499597 0.412425013027272 -0.336877142546094 0.155639657715584
-0.323910606370622 0.390142793875884 -0.33210616024727 -0.08390815307831
-0.527275507975524 0.202396433382179 -0.201775009302741 -0.0583396092608477
-0.49974728068002 0.00274824702187164 0.0438571259019725 -0.0775206723154069
-0.471520403274133 0.245587486349914 0.284729758473618 0.185294947550777
-0.17747028297385 0.401860347796125 0.440163134908414 -0.0858218628400142
0.200349814089712 0.336673670644407 0.233209315853844 -0.379853402758453
0.332959151296879 0.108889527552892 -0.113112228417606 -0.324016476004707
0.305741996046206 -0.100598850874151 -0.182591881717146 -0.136849044022461
0.170391553750354 -0.229748938443904 -0.112286137395765 -0.0403072239969194
0.113199287400026 -0.227981383362747 -0.0346165081593748 0.0320776116879385
0.09978788205446 -0.225251086676145 0.0646452929040636 0.0630475551494348
0.231798453616783 -0.197205059907594 0.135595715220274 0.15492705649799
0.335204493637456 -0.0297809195728787 0.126883049968182 0.269876929111013
0.354256191620953 0.161806259935942 -0.0655562841270525 0.361583521856432
0.0777050967306143 0.428526983032624 -0.256909758838082 0.223576913612969
-0.320907688066018 0.387963165793605 -0.269421905838609 -0.0573581043475714
-0.524872487004082 0.181709241451728 -0.0318638227191756 -0.0751102828510989
-0.451021972763639 -0.072435255231249 0.260492689384272 -0.0495549284539491
-0.499099379995435 0.143708576057708 0.371373300242412 0.199698540504324
-0.260628790282833 0.353608242474295 0.468217476583548 0.017166409287899
0.138073703886661 0.358839840446697 0.315174559138103 -0.257598485696037
0.3126995573752 0.137722222999508 0.0408800676429757 -0.281521206956951
0.301785249404087 -0.0779783276911063 -0.0489355435641681 -0.195162601205791
0.176522109670046 -0.221159921958347 -0.0321530360076207 -0.133134383402383
0.111780433804553 -0.227444519471273 0.0119851224384452 -0.0570977304486186
0.0936275118723573 -0.222072251890015 0.111410195182952 -0.0256146198676868
0.213117128413786 -0.191067607643758 0.198192910189986 0.0744155804604569
0.316852156321873 -0.0362030673379135 0.215080780071761 0.22122833289344
0.334933223473009 0.152610152946611 0.0181158094797458 0.361099767399469
0.0544765044828822 0.395942549864534 -0.186494168985581 0.250239732501004
-0.307246637820565 0.317917191479415 -0.210496509401665 -0.0506021824354922
-0.458963716736868 0.112562179058161 0.119117570127606 -0.088212786226504
-0.310367103146262 -0.119787062690023 0.444943499840293 -0.0101250275748621
-0.401779298425085 0.0277287847508304 0.431157326897646 0.208011484607655
-0.255912471529992 0.233946305518315 0.46347940248531 0.100515562074783
0.0654581030836581 0.289624499146706 0.353104927142171 -0.138618314034417
0.233594714334326 0.122813134143299 0.163601062186579 -0.225894664451032
0.236682292532523 -0.0487950138705048 0.0683483104824203 -0.23654477726542
0.147600341586984 -0.174067971753654 0.037528694601884 -0.209662356171852
0.0943791134589756 -0.189893048699035 0.0537090739546759 -0.136077169992438
0.0795305619686735 -0.186962834593297 0.151609926398082 -0.103589085395632
0.175756136487669 -0.157438269336454 0.247985919313932 0.00391522497704639
0.264628875616377 -0.0281601567264303 0.279115855217244 0.180454520191255
0.270602553085169 0.150153136634683 0.0739668889013775 0.352857251765418
-0.00129977619865315 0.329938145911794 -0.139356007894873 0.256337201048878
-0.282370230993313 0.201376497917959 -0.160352995645863 -0.0476514139159066
-0.344086702343328 0.00923871101065466 0.235594949703868 -0.0808674067147288
-0.112964816960915 -0.138939011218213 0.558268004927756 0.0196114663573125
-0.219129003747362 -0.0678276570712168 0.452364285842491 0.200140401774082
-0.176861580711466 0.0905554834517566 0.445530974809807 0.144728261544866
0.00984916345175845 0.162186586856367 0.36244421954775 -0.0665061172758185
0.122018599229537 0.0749228099047585 0.23342600073444 -0.19481079501541
0.131882002270836 -0.0176176140315813 0.137143903233131 -0.265569690412615
0.0921164346713881 -0.100130668469142 0.0816279706316652 -0.258690282778917
0.0634901773335902 -0.121239420486431 0.0843714730889712 -0.192055361511546
0.0574192840134686 -0.125224667637979 0.182434302711255 -0.15651119215759
0.123844161422187 -0.104226759199788 0.288984068059131 -0.0433504718476139
0.188348533765692 -0.0131531195735382 0.32378729863903 0.161880029536074
0.178711696456174 0.138801714856771 0.106579187015467 0.352564326309066
-0.0626659621057756 0.23300640594296 -0.118603484821176 0.257073051555072
-0.229224292969315 0.0655557243244113 -0.126175636652574 -0.0402422624143765
-0.189596375614743 -0.0957890936293136 0.308459226138135 -0.0463683625746254
0.0170219212751238 0.126557991620206 -0.378035682053581 0.0753798863297655
0.132342754735242 0.00777786680216512 0.10401949920736 0.155571201215265
0.0554325577595155 -0.0975743409836839 0.177541927858816 -0.248335475831626
-0.0744203320887223 -0.0669617253169729 -0.108039482155947 -0.408647550684122
-0.0697653189549131 0.0194647478940198 -0.38540818626166 -0.197991612783303
-0.0371466001594434 0.0399979417193214 -0.372890400545102 0.0923104087429412
-0.0261565563825509 0.0523633024342311 -0.229489944126098 0.216194332208285
-0.01096735687571 0.037640224766962 -0.115593120677431 0.24591116593858
-0.0300981712082281 0.013040789481137 -0.0773415789433528 0.283530403088235
-0.0249716843739763 -0.0233573700357768 -0.128251719742336 0.289863926190025
-0.0013819110809087 -0.023724411887091 -0.243295932575222 0.225938995048019
0.03075483443272 -0.0352187205184552 -0.343488031628046 0.0768161470708316
0.0755190850092923 0.0449764042245628 -0.421837241156637 -0.127782589054583
0.0292140888269195 0.147120760492452 -0.459075390241923 -0.238570722200994
-0.0892211319467785 0.133691236090018 -0.574053556996035 -0.0572618761368392
-0.152209178931016 0.16016758199677 -0.375065976259642 0.0195108256186031
0.0199742111532352 0.13901319208629 0.102995521859011 0.157963375938274
0.0703502655196362 0.0395597341708595 0.213023423198206 -0.249796274932764
0.0403845863570008 -0.00705374962993079 -0.0776282821335055 -0.444203102664626
0.0431630349643813 0.00975827665850385 -0.389604125414971 -0.231982568491209
0.0494642667256581 -0.0240482371685483 -0.384376055430706 0.0680585760091121
0.0171712528337371 -0.0404433598078696 -0.238146449328774 0.197570373982389
0.0283978495431987 -0.049475841933759 -0.117273019026011 0.235001327515417
0.0270267482501242 -0.0711658631677122 -0.061058041729079 0.269743829001
0.0906235362711305 -0.0738659308253883 -0.0878501691938469 0.296259465686205
0.128002073844757 0.014257804580485 -0.197291461293716 0.268575135212484
0.112557669682069 0.0841126665071014 -0.324551360816843 0.152834755428139
0.0161554341853533 0.195887830984161 -0.416400046338222 -0.0541327143753556
-0.15729625311154 0.23408084785421 -0.426561907020139 -0.181389245628177
-0.294940690178341 0.157306157555943 -0.496405765907107 -0.0461543137614647
-0.31748005714242 0.149665323543814 -0.303345266366806 -0.0330448161673679
-0.141790792107495 0.243742682199896 0.137131539406545 0.163607809193444
0.0369981168296285 0.19699401541888 0.281263226618584 -0.231414404661394
0.147261236736417 0.093397524287419 -0.00592045298601867 -0.470507801599129
0.168077073307351 0.0174673086780734 -0.354716676308283 -0.275425815794506
0.148372821468296 -0.0786414982924367 -0.361404528867355 0.0163505781009384
0.0692862927668781 -0.128775928904077 -0.221857880325592 0.142699603212006
0.0633119921592983 -0.130125830731123 -0.102356697506144 0.190936836775941
0.0672039954716087 -0.144295278605704 -0.0261791076493486 0.222772346586658
0.172209200418158 -0.130503743174452 -0.014266167980127 0.276230295125932
0.238250634529414 0.0121162822171392 -0.0991833324337088 0.302653634776755
0.218536320634512 0.146614089631435 -0.261906875890671 0.252619469444951
0.0259287072361734 0.326593239835598 -0.390127970888874 0.0564993148054068
-0.265633729138895 0.330780556218593 -0.383942712452336 -0.120950584145712
-0.4395564553648 0.192673150183935 -0.365180428071253 -0.0396813298397436
-0.442255832823417 0.0946419795493822 -0.15731437202652 -0.0688110516717323
-0.319147524920157 0.293329016558325 0.202190139086429 0.170008883521089
-0.0492641751970811 0.33756192338917 0.362905875217259 -0.179262707010206
0.211942812515034 0.218983361637237 0.100811720884691 -0.456880483444095
0.275342226921216 0.0501713567916424 -0.259927823107807 -0.310778483228081
0.24054551688055 -0.110025747136774 -0.293223690447184 -0.0555547653206726
0.121068724371387 -0.197679408137863 -0.179099013441133 0.0607688825615363
0.0891066871419468 -0.193505269006143 -0.0716545559864326 0.119947605705896
0.0856912139105715 -0.196685123332775 0.0194612212375792 0.14961500658759
0.212925781290784 -0.179000543359427 0.068678949221878 0.224146625585631
0.308299201895004 -0.0168857841632851 0.0225035062019102 0.300218892154573
0.311191757471484 0.155853407710387 -0.158508682686622 0.329361856189557
0.0697319786923688 0.403202091609374 -0.327790275885735 0.160204920803301
-0.303830538891058 0.39508063471387 -0.327019919083161 -0.0723684158566109
-0.510101031818296 0.21304618955128 -0.202080468039521 -0.0502196685619862
-0.492698255889009 0.016743745657768 0.042008011286166 -0.0759110483940117
-0.454427463266177 0.260123911417928 0.287780266491314 0.17732648232873
-0.164155031571515 0.399761896881869 0.430091949168838 -0.0942859286018092
0.208063443053248 0.323347323749636 0.218762820497899 -0.379821824197238
0.330091965704252 0.0948071614857832 -0.116969164206815 -0.312672768489596
0.295167178567943 -0.111005617205526 -0.182766181133528 -0.130614225059151
0.156520678268385 -0.231347323700186 -0.113368189027573 -0.0364479582577384
0.102881090750295 -0.228448082713399 -0.0314656369761752 0.033730849585315
0.0889074622917519 -0.223186481730352 0.065910192733924 0.0606955082237185
0.218388335415903 -0.202398035431472 0.142488008811426 0.148386003774818
0.329845426458927 -0.0432062806000806 0.135396327313187 0.260932637813257
0.352084876396592 0.142120701822011 -0.0501583695081503 0.359436326881933
0.092061258097508 0.418653031150824 -0.24644103722969 0.225036380928587
-0.301398747673931 0.393465763256724 -0.266615023693719 -0.0488283576922583
-0.507741127539927 0.191720853520185 -0.0372808630090745 -0.0727894899014593
-0.445475053214808 -0.0589659673825218 0.255624182006851 -0.0553086359558483
-0.484313366986696 0.160818532513237 0.371487499184486 0.187814963830905
-0.245762028712501 0.357079558076476 0.461272224741621 0.00535756999657303
0.147539486989265 0.347148893739351 0.303277485826459 -0.261119342794275
0.312610941325611 0.122277087319933 0.0356832106731874 -0.276007424879217
0.292425367328188 -0.0879029210540707 -0.0540550380265968 -0.193366111386286
0.162403980278273 -0.222259980859781 -0.0392328952856196 -0.1311242329811
0.100397398369324 -0.227562984752109 0.0107297805817444 -0.0561130741276458
0.082571506617324 -0.21949044970749 0.108222541542254 -0.0282197872474772
0.199724200424634 -0.195222209805077 0.200188483454807 0.0667654890699302
0.310309488673027 -0.049569534077246 0.220454462296158 0.209935295937824
0.332887861329706 0.133161793950386 0.0339777959792431 0.356655925532396
0.0688323992884581 0.387472571206427 -0.17501699672816 0.250160872998005
-0.290578008634998 0.322137259544854 -0.20933887037264 -0.0434628188603353
-0.444466126531111 0.1212947496379 0.108810566736309 -0.0905609911895988
-0.309700073840915 -0.109086381685626 0.436100683106942 -0.0202031364749159
-0.392087371313124 0.0423845778318893 0.429716376543295 0.195933123069398
-0.245351320887444 0.239250208013677 0.458111111759856 0.0872038153995664
0.074682480266237 0.282163322611259 0.342725162033147 -0.144552895903441
0.232999961173576 0.111590024035885 0.157813849876712 -0.226107105621504
0.22977605392043 -0.0563009266047762 0.0580622210969958 -0.238311680109057
0.136991541635506 -0.17517295836176 0.0257589290199347 -0.208694990135472
0.0846581853000765 -0.190073602394594 0.0485690207906733 -0.134995736805744
0.0708966629053235 -0.185089610639152 0.143733022623381 -0.10611174407558
0.165690360581782 -0.160526696020365 0.244914453743751 -0.00444277193338479
0.258873830596606 -0.0393508140291528 0.281077516214356 0.167996882164195
0.26895391758923 0.134509927517986 0.088710221538141 0.345491210456667
0.0102690315410237 0.323262628316517 -0.128375668183255 0.253980059766382
-0.270815383330276 0.206107212967447 -0.160666802363789 -0.0412730412906934
-0.337038929553845 0.018258111912864 0.223561235997632 -0.0872668209062352
-0.116028117847335 -0.134133375666117 0.548916058459329 0.00500437348401054
-0.217396963698367 -0.0581427812634414 0.449767808274835 0.186388493187189
-0.170916339688876 0.0974339525091286 0.442398408003838 0.130930853949649
0.0153644233958823 0.15832200308584 0.354558576883946 -0.0741030682884636
0.121574195586071 0.0684138460202811 0.226581525136169 -0.197678087885063
0.128291815237464 -0.0213579515836984 0.124605271293366 -0.269755798534378
0.0863717177647019 -0.100887173299346 0.065815884537746 -0.25941361928888
0.0575328355806535 -0.121881986852068 0.0757853235660424 -0.189711744431653
0.0515001778706384 -0.123609979153784 0.172672275519332 -0.159169163957903
0.117071735596309 -0.106691255084629 0.282295011667677 -0.051929659317716
0.183573972144589 -0.0211891128226678 0.324578265192292 0.146703776882789
0.179674410922632 0.127573570054882 0.118190361759056 0.343314028991975
-0.0531825015556572 0.231011591167746 -0.107478910594317 0.254996313746945
-0.222559067799263 0.0704599863547349 -0.12813961914302 -0.0352421799147836
-0.189918276494876 -0.0890474632568131 0.296259161342416 -0.0576722134801418
0.0189916215667521 0.126743139310331 -0.373558168812282 0.0845241409125202
0.1322721162805 0.00406486051845969 0.110665356710136 0.155491794379678
0.0530405296957562 -0.0989808593875796 0.172958673972042 -0.249279972151351
-0.0757359204547292 -0.064543565750488 -0.117511426045613 -0.403154038285763
-0.0680514860620232 0.0204737182697289 -0.389192262962909 -0.190584138857418
-0.0349801158200281 0.0399547066983868 -0.365832587581943 0.0995995418426415
-0.023638591548655 0.0519532037113648 -0.217908009654318 0.22041847015337
-0.00897471066512292 0.0362717147804719 -0.107498461215383 0.246769738917311
-0.0278238585908851 0.0135092602443862 -0.0658766031501618 0.283737513302067
-0.0257008919642105 -0.0217743004636393 -0.118755961247406 0.291892050648251
-0.0021536463863935 -0.0235167453008958 -0.236991442164694 0.231332382563941
0.0297711393360925 -0.0359749665145157 -0.338248864549306 0.0796343229724862
0.0766903576046353 0.0434498780397222 -0.421869509107427 -0.1217864169403
0.0338192941833353 0.143892510373978 -0.457102935902303 -0.229338100458484
-0.0873934981507501 0.132262361134637 -0.566457065996435 -0.047021045295948
-0.149027141866333 0.16223444466547 -0.3728921642842 0.0280348376430227
0.0231282902795008 0.136113665411411 0.110106766823096 0.157740339197612
0.0705070858666145 0.0362632126430923 0.208073649888312 -0.249252880404097
0.0392301605004808 -0.00841850895144359 -0.086450924449218 -0.439262819363598
0.0437118514903044 0.00730382900740828 -0.391405610544464 -0.223196237226021
0.0485922594139275 -0.0256201825750117 -0.377223031483562 0.0759728166307745
0.0166645432135901 -0.0406711920810248 -0.228594297130828 0.202055321166627
0.0276731703961204 -0.0507902997408093 -0.109073141633365 0.236119026367358
0.025976659863601 -0.0707384291826762 -0.0507797894496614 0.27002026764279
0.0873262044106385 -0.0752782750539344 -0.0778647587143615 0.297835170165877
0.127836469468795 0.010173135623748 -0.18943934098495 0.272546390657791
0.112939221060177 0.0794124812275 -0.317797891524578 0.156262783269259
0.0208008192578568 0.19419559532349 -0.416081057323726 -0.0493291011883593
-0.14951961399082 0.234300406675138 -0.42479384774644 -0.173025939926983
-0.289080971710576 0.158125645357363 -0.49198763453984 -0.0356948931208662
-0.312188137478176 0.153781414411229 -0.300487470785211 -0.025900706050383
-0.13313012517508 0.244861786173784 0.143209059116212 0.163784975219673
0.0404129386309397 0.193085623427936 0.275000158891477 -0.231719434060958
0.146279900722875 0.0880018889425937 -0.016464342040892 -0.46705001505625
0.166981491174061 0.0125487785374024 -0.355817468039093 -0.266569299603134
0.14499691153569 -0.0821290032326123 -0.35655164951983 0.0234139346919673
0.0650470850241772 -0.129194383866723 -0.215646169956688 0.147029953077984
0.0600917682809689 -0.131186928796814 -0.0957982810063398 0.192020401467931
0.0627979360239669 -0.144309576290849 -0.0180451525434589 0.223172315876065
0.166603794115643 -0.133324556866073 -0.00423027884214123 0.275289024008853
0.237762433982899 0.00367571739823711 -0.0914550773602223 0.304725204964162
0.219369878393713 0.138592655571855 -0.253279276418419 0.256498556157152
0.0331337118202596 0.323531249140869 -0.387200812186287 0.0609741190204564
-0.254411432080105 0.334467364794876 -0.382978129780562 -0.113022715442142
-0.431881345326477 0.194894814028054 -0.362909868903246 -0.0325520066103579
-0.438513000406534 0.101942190720639 -0.156040718300324 -0.0640985041582259
-0.308265769986371 0.29744862201208 0.207341160781052 0.168964826094533
-0.043900943557882 0.333824490516502 0.357546813633485 -0.181555842723688
0.213884486118368 0.210799115290647 0.0920913981134112 -0.454066265652181
0.273955187333888 0.0416575075372251 -0.260676042566022 -0.302237437325946
0.234611453784772 -0.116090636986063 -0.291215405588124 -0.049945841122978
0.113349799907602 -0.198094725966346 -0.176063016781627 0.0640917601264466
0.0830281536118471 -0.194316804571017 -0.0672322300450017 0.121428704102795
0.0801726887063758 -0.196682987007929 0.0236213898846225 0.149323869996915
0.204533509172462 -0.18260814133684 0.0772501699842242 0.221568373846079
0.306845778087262 -0.0268938187352881 0.0297087633112765 0.298319674850708
0.311371720680352 0.143628497221308 -0.148324837854563 0.331464878856596
0.0790648833114233 0.397708876978391 -0.322679569952571 0.162584228093162
-0.29277237889763 0.399165746912064 -0.327136141170893 -0.0664122177238665
-0.499798188198911 0.215913028401557 -0.204011462658498 -0.0443810998318797
-0.489534267083928 0.0238218218812561 0.0414736443685585 -0.0748129260503556
-0.443845530019044 0.267679022432579 0.291264529042483 0.175394858992685
-0.154774012230783 0.400077759645292 0.425732367330849 -0.0981064701667047
0.21130817180908 0.314698492271893 0.211023930884392 -0.379391264185609
0.329864688939678 0.0852468389535258 -0.118396012032819 -0.306827235559241
0.289732168781293 -0.117961262464994 -0.183152895746269 -0.127742684286373
0.147494489475827 -0.231449499200495 -0.115394517300383 -0.0344632054070652
0.095002120090652 -0.229389389584701 -0.0293204404877788 0.0344072009068949
0.0817689305879403 -0.221970136727516 0.0668520763818468 0.0601703895430701
0.209155416970694 -0.206053387970481 0.14823746636069 0.143882085203779
0.326707362007352 -0.0535899242913422 0.141140084405953 0.256588096224954
0.35003608544311 0.130708149915558 -0.0390482335745618 0.358894750063318
0.102551009695178 0.412011659798585 -0.240099886828911 0.225450376010404
-0.291058249778102 0.395343632815242 -0.26602293983242 -0.0439085403438472
-0.496929722300764 0.196360755035665 -0.0419490566546203 -0.0708233508749369
-0.444246526102462 -0.0521697446950856 0.25320375083216 -0.0578434953986864
-0.475861198074 0.17047438354079 0.372626101786626 0.183873799397383
-0.236148471555578 0.358815040162973 0.458532390809318 -0.0011728924292887
0.152542245068499 0.339696506579184 0.296173524883387 -0.261574422161538
0.311221074925773 0.113810454801968 0.0349383992762233 -0.272741500717771
0.286576205819755 -0.0951207169255635 -0.0581844898624901 -0.193831905401675
0.153767618421454 -0.223329056730261 -0.0453467870844014 -0.13074331275934
0.0924900484233621 -0.22816486603076 0.0100055263832064 -0.055471505604281
0.0755911048783026 -0.217688189871701 0.106075985031804 -0.0295904059339834
0.191370492632328 -0.197903563772869 0.202529837401363 0.0619912616500078
0.306212850864007 -0.0592303981966691 0.224010322387038 0.203269638243191
0.33009851489656 0.122923112240865 0.0451006676378574 0.353770863746027
0.0762963751050971 0.381760635813101 -0.168402863024563 0.248733906359402
-0.281310652655344 0.325688511838734 -0.2093028679524 -0.0401179227003191
-0.437527292978124 0.125959958509352 0.10205116178069 -0.0917716573982847
-0.309470116848925 -0.103683325711961 0.432823934602783 -0.0265258085393071
-0.386655140755301 0.0509222979460989 0.430188605290481 0.188571292916396
-0.237232044748368 0.243244412940024 0.455992696702478 0.081301618103848
0.079774709974348 0.277513436513296 0.337626355836776 -0.145538008435973
0.233211339634512 0.104086111292155 0.15613343519774 -0.225673263362076
0.226003300929251 -0.0610679945745726 0.051081685156504 -0.241666535937611
0.130274175401327 -0.176299091900187 0.0161292288158332 -0.209521814157757
0.0772704101955024 -0.190808040426693 0.0445181902733911 -0.134300139414613
0.0651141157820536 -0.183458365872167 0.139874641387762 -0.1072760601136
0.159419988634463 -0.162555686444126 0.243556048568937 -0.00946692267502834
0.25435046239102 -0.0466433701915459 0.28316761847962 0.159636266072095
0.267283301296749 0.124267961172755 0.0989890065399858 0.341295517165597
0.0182352409219118 0.319259296310817 -0.122209389751707 0.251761658370071
-0.263876399440359 0.210648207143732 -0.161113156178316 -0.0386952797311039
-0.332681280005417 0.0232027488269018 0.214656579627366 -0.0914413755474063
-0.118308976251994 -0.132126167846251 0.542727406703501 -0.00237851458691273
-0.216277743161435 -0.0529464631955352 0.448933973037953 0.179704717295856
-0.166127708626625 0.100987603835978 0.441498156366267 0.122110202322021
0.0190568156308521 0.156679697635612 0.350772360549951 -0.0766981510809678
0.121513327763365 0.0642563372024502 0.223978036825123 -0.200238140191639
0.126718167405552 -0.0232448896942049 0.114338880963292 -0.274112432229192
0.082646846533385 -0.101412712416008 0.0547010287862433 -0.259793289376205
0.0522010644068425 -0.122560234553888 0.0701399186573326 -0.189503749896236
0.0475779617280205 -0.122944725211255 0.166700338277645 -0.161353648268391
0.113403070607482 -0.108385222334385 0.278609287310201 -0.0577755843313484
0.180582019586334 -0.0260993573378028 0.325212878994913 0.137524303918595
0.178250883758369 0.120351245871014 0.127863037583199 0.338480596351792
-0.0467493474644474 0.229852374846503 -0.101867899816548 0.252293013911853
-0.220373986770102 0.0745224370278123 -0.129760556899913 -0.0322831426383396
-0.190468044571394 -0.0853216643492139 0.287518819465197 -0.0636743993974623
0.0214985865496178 0.129449555580102 -0.377076388056247 0.0930236184974506
0.133554743825236 -5.48226768770906E-05 0.118672280035299 0.157381928990822
0.0514860469343394 -0.101306058544369 0.171383771322824 -0.254482697524856
-0.0778559702428848 -0.063382997896666 -0.12630045998176 -0.405297389579802
-0.0681022773596526 0.0211659080609979 -0.398621493495889 -0.186773260909731
-0.0338703560336104 0.0398935027514726 -0.365784697507782 0.106942771390627
-0.0211396846940906 0.0522050446945035 -0.212222516006616 0.226459394140724
-0.00704835380584188 0.0349974390756134 -0.10132884903614 0.251169670376276
-0.0265060896135301 0.0138964181534524 -0.0575759922195413 0.287872582409977
-0.0262086523901165 -0.0209206528881568 -0.112652244201983 0.298516873439473
-0.0027019570648573 -0.0240634367597913 -0.235263799338785 0.239237576517489
0.0280796864499737 -0.0364221350520375 -0.341730044949488 0.0834695912726007
0.0796146920858801 0.0432849084804517 -0.429481925977029 -0.120745406471839
0.0376889908271091 0.142896675604881 -0.464099992251511 -0.226997799353094
-0.0876562855150671 0.132920825812793 -0.569369909116558 -0.0404765735318061
-0.147408831559162 0.167134726146947 -0.375151885736472 0.0350329821458495
0.0275609256729056 0.13581578388338 0.118575729334067 0.160516872458601
0.0716144832587433 0.0337977350680938 0.207081245322403 -0.253836693480379
0.0379032328402618 -0.0102208660778063 -0.0958375330284061 -0.443071765911222
0.0445958359512828 0.00552979644249372 -0.400108666892114 -0.219313936444595
0.0484360528219191 -0.0283198638260624 -0.378034368731263 0.0848850006035476
0.0164609126859764 -0.041235594723792 -0.22336689031284 0.208264127716966
0.028082524969641 -0.0530620108434607 -0.103669863625874 0.241067543908384
0.025111477850042 -0.0723186605262584 -0.0421680659513261 0.27586207204241
0.0863253277765876 -0.0776611336812274 -0.0699746261396922 0.303529955331211
0.130916928067115 0.00587710912861423 -0.186867259308128 0.281404848697587
0.114332259905928 0.0772823117700276 -0.318342198431654 0.161329017013129
0.0262815836266254 0.195984318400869 -0.42282167868162 -0.0469778010840674
-0.145231941781724 0.239133800375151 -0.431883595138817 -0.171091074633732
-0.291474564696802 0.160015233071274 -0.494829320684345 -0.0279018329015153
-0.313347882175653 0.159215688697292 -0.302761946657754 -0.0199618379118378
-0.1284507728637 0.24845914263616 0.151738132870418 0.166002345517349
0.043025960737563 0.19318211079383 0.275436552375237 -0.235744025061004
0.147846073098328 0.08443510700475 -0.0244458364235358 -0.471071318525581
0.168751839146996 0.00830656712843149 -0.362640158853923 -0.263466645924562
0.14383585922554 -0.0874046015781793 -0.357570644681683 0.0294264764010297
0.0625276753617173 -0.130975157530594 -0.213385041409481 0.153045425395241
0.0578157717894394 -0.134912817070475 -0.0905323189681582 0.196489670215695
0.0602389429760842 -0.146454070970784 -0.0109277532309687 0.227776875179219
0.164183346575635 -0.138993061825571 0.00450368371313803 0.279121355418298
0.241382723286947 -0.00341161321075282 -0.086567238979819 0.311682855043346
0.223117731354549 0.133661396890484 -0.248963751609106 0.263035584877362
0.0401142126690624 0.32679302948374 -0.391619480250789 0.0641179392704427
-0.251603132336197 0.342399260090626 -0.387150242952438 -0.109487422682569
-0.43246557863627 0.19871413300221 -0.365976944724367 -0.0253695936711542
-0.44333934862842 0.10837810403774 -0.157840427277554 -0.0608587041896509
-0.303286843220705 0.305604055457416 0.215881425800416 0.171360041696086
-0.038947308654731 0.337269636932135 0.359855111143488 -0.185511948822749
0.218273172498332 0.207795805903699 0.0858672483061239 -0.459267405840938
0.277746715322554 0.0363700816524149 -0.265983805032416 -0.301882865434794
0.233762002248148 -0.122949303960269 -0.293754055194819 -0.0465383405645091
0.108724130896904 -0.201676045716626 -0.177504324038905 0.0680589729167772
0.0795359486690209 -0.198262302490456 -0.0635362198401275 0.123899986645538
0.0764511538012657 -0.199530968337968 0.0280419964638953 0.153099277966396
0.202235317383833 -0.189452836276871 0.0865337098002831 0.222290557095889
0.30958782916854 -0.0366861994596168 0.0366942057569542 0.303386227951905
0.314229812397525 0.137096162560944 -0.140820366853108 0.336526148857559
0.0884692849795844 0.400450999279868 -0.324919678546095 0.165755831081708
-0.286659327858439 0.40818118906854 -0.331336652092996 -0.062742121431137
-0.501950521308474 0.220890139674519 -0.208293343746298 -0.0403851933717305
-0.495132245331336 0.0297507536120945 0.0418341025029266 -0.0756144497986371
-0.441001847532957 0.279378213218098 0.29988034940395 0.175664552663404
-0.150304534872061 0.406225842148665 0.429029293895499 -0.101691855390245
0.218594926846384 0.311741130510512 0.207618199030419 -0.386253782973518
0.333784386642242 0.0778721769812042 -0.120815137255558 -0.307242766270773
0.288332685752472 -0.12561461023912 -0.187840086147385 -0.128392392911602
0.141052885823776 -0.236313597132411 -0.119705288701154 -0.0330568694173189
0.0888348592343359 -0.233513950995489 -0.0281247480136581 0.0355716289204495
0.0781634919973032 -0.224845185684999 0.0693998874269158 0.0610690133666495
0.206128398710723 -0.212204131149128 0.157164407316208 0.142625269698716
0.329057342192619 -0.0644300518600123 0.148046596821905 0.258192015302464
0.352910179778228 0.121341974725208 -0.0293052798478052 0.363284753573649
0.112227782460563 0.414282354243015 -0.24115508668891 0.227490672008363
-0.285791776007886 0.407136964807543 -0.269469799504256 -0.0419612481236008
-0.497503338070875 0.200645090318277 -0.0466817394980116 -0.0694487045860519
-0.451148725902284 -0.0463771397959002 0.255963087266962 -0.0604353220967932
-0.474437812171842 0.181706229643806 0.382258526300975 0.183789865365266
-0.232077969582557 0.367791256581104 0.463805628916187 -0.00398078748749748
0.159580138801833 0.340484703877543 0.29661012218244 -0.267541185267341
0.31604174290607 0.106854803125456 0.0346816785995592 -0.276175992448905
0.287692991681939 -0.102278085508123 -0.0633117487940533 -0.197732280018479
0.14842140095816 -0.227525509768002 -0.0528652086861052 -0.132035476203389
0.0866203187397577 -0.232187680700809 0.00952815509449355 -0.0559806424572822
0.0711791726833388 -0.219977353743478 0.106659150547457 -0.0306428229193813
0.188658721567071 -0.203622689774682 0.20860405280497 0.0587088034018939
0.307619277387503 -0.0681879976586597 0.230147691184484 0.201561244831148
0.332659760835606 0.114108255195541 0.0553984822282974 0.357109284089808
0.0867343176856674 0.383888199664992 -0.167190718532638 0.251002065628648
-0.278323562863578 0.335069117025861 -0.212600636790811 -0.038104717895482
-0.439140100811426 0.131848641132904 0.0966697795823785 -0.0936570258454211
-0.315535801662196 -0.103447715338115 0.437731189512271 -0.0312323877762476
-0.389062907141493 0.0587000097207766 0.438092264334118 0.187014035453405
-0.235163029663922 0.250275652817996 0.462922172032925 0.0786214503175113
0.0856357037449493 0.277655368079432 0.340334566399809 -0.149654763748428
0.237507676138032 0.100126411279491 0.15796676500882 -0.230635020882549
0.227588966919541 -0.0665609885881024 0.0444321443273041 -0.248566741239157
0.126267886773632 -0.180085865730161 0.00686278500747253 -0.213146500927104
0.0726327067169773 -0.194163571227068 0.0421561120936153 -0.136329270257639
0.0603798571051162 -0.185343539822768 0.138135076865271 -0.109836507293023
0.156211912232127 -0.166651403076602 0.248018449653001 -0.0144033707334801
0.254779245637069 -0.0538511176067422 0.28833107555565 0.15566210148115
0.269606083789734 0.117633362872076 0.10850456277184 0.342947459308436
0.0259892872414445 0.321888916519838 -0.119762101144393 0.253140578085977
-0.263011130558354 0.216299820045428 -0.165126070651078 -0.0362583454244379
-0.335468013873068 0.0261458625361376 0.210580613620262 -0.0959395678378503
-0.122510225002516 -0.132195265693136 0.549604679822079 -0.00932270587576399
-0.218819363890832 -0.0495893961079811 0.455404340395892 0.178097323616757
-0.164883699416695 0.105942282442812 0.448166575011321 0.11962826023485
0.0227911104010937 0.157297012340944 0.353687217509313 -0.0788871096443052
0.124176111723938 0.0622332993675808 0.225989502530089 -0.205950763514507
0.12840781114276 -0.025294248262185 0.107141207972883 -0.281768276337317
0.0802992753324014 -0.103251164632036 0.0450960219046481 -0.264561806965529
0.0490448963783765 -0.124454556710873 0.0659584393557149 -0.192304520912307
0.0452362301587472 -0.124557079406275 0.164131648774742 -0.164448295127486
0.112053022220722 -0.111848092416168 0.280259330502808 -0.0630787047381944
0.1799958940059 -0.0302796976279167 0.330656343109917 0.132204716111952
0.180796918633334 0.116650220634997 0.137156808115366 0.33842807885035
-0.0429105267555998 0.232078741783708 -0.0998732410185594 0.254440475899622
-0.221671172407138 0.0779158413489706 -0.133270702742675 -0.0303827236384164
-0.193660684768342 -0.0836636702499299 0.284218293857126 -0.0699060574909587
0.0942688528427581 0.0969859123569775 -0.232535859895815 0.309856282567691
0.106194882938325 -0.0801706555327658 0.203219866253703 0.0455325262439771
-0.020657002594972 -0.115317420466034 -0.020866706189139 -0.318266588446976
-0.102659267613748 -0.0035424258204737 -0.364166151365454 -0.24538320559172
-0.041541648879804 0.0594431850314873 -0.439043225346359 0.105264179835819
-0.00156467478872629 0.0526407941133324 -0.22395429865871 0.319173893760527
0.0183537173895482 0.0538949682004127 -0.0218201282897985 0.317430528922766
0.0165889236194098 0.0316554052659509 0.0805472053245803 0.264151578696634
-0.0104698766879614 0.0292400936952087 0.142911566348358 0.265228724508877
-0.0330046669929129 0.00119930050973494 0.102217140254729 0.31349261147837
-0.0164238993822841 -0.0154165513318843 -0.034864579269312 0.344142267256468
-0.000668500692767401 -0.0437605106124205 -0.225697942691947 0.284268846567009
0.0905725245496434 -0.0125267335113953 -0.426080575224788 0.180721526866415
0.117346327241749 0.0930092727532314 -0.526523561844735 0.124981804091195
0.00498267977944927 0.170669420625711 -0.493513213766434 0.33240858372186
-0.0253000278400269 0.227254657231328 -0.262850799711573 0.275272787622818
0.102835918964668 0.0898792794574618 0.206091885821727 0.0557193839277353
0.0761742636832626 -0.0182475491679688 0.0147687504419147 -0.336076905846644
0.0202339144193678 -0.0301970320802597 -0.35857021637767 -0.299984953903949
0.0383672113981976 -0.0215362607469323 -0.45952858862123 0.077091121279156
0.0217030898284102 -0.0525113205142374 -0.247139991485637 0.304616363427152
-0.0105370696496602 -0.0428084170292495 -0.0443244123828186 0.310502337115236
-0.0120390429902437 -0.0613148307411014 0.0733105985814832 0.257711052262593
-0.0249006888241011 -0.0738327490323688 0.146802372788953 0.246456929392394
0.0208510074183053 -0.118165169780112 0.140295009357553 0.29012646687496
0.111255099167952 -0.0786784741391168 0.0308641687211854 0.345340342310483
0.143943102462494 -0.00554792985070119 -0.155480426213823 0.331970371624185
0.147730464468996 0.151555291982967 -0.372964268731413 0.23421684149254
0.0316010424076619 0.293348327445936 -0.468008085140245 0.144053087016648
-0.14650906629018 0.325473297366703 -0.421816032033521 0.28516592542885
-0.16863583971422 0.31861616366935 -0.239025646751361 0.195410789909398
0.0473210060767054 0.271576746583986 0.235743567482492 0.0480924341676504
0.150029850428174 0.126935738218381 0.0878373704928642 -0.358732190813437
0.162774507929144 -0.0207035608109945 -0.312128148067076 -0.369794368812313
0.139026734774311 -0.0946120364995716 -0.453926741879949 0.0139878455994325
0.0604386619341698 -0.15789021127145 -0.263894171012328 0.245833801435516
-0.031408740031694 -0.141468609720419 -0.0736309368405818 0.258616782506935
-0.0398969509579157 -0.145363818463512 0.0543681350759655 0.214520623721914
-0.0446366330964043 -0.156869691409288 0.14296106979903 0.189383719228818
0.0435898084918356 -0.218976414070872 0.185847703104131 0.222360646061611
0.195212634597108 -0.160102394385883 0.130018675378547 0.304238393472302
0.269251420402579 -0.0293716125264313 -0.0348324897253408 0.368864353452822
0.248398573274813 0.251533776320457 -0.277318541989286 0.300997047173775
0.0143632679245994 0.450696081939355 -0.396769346471162 0.162215939043827
-0.237646071189813 0.452852973509898 -0.313116435637035 0.19853367636982
-0.304902988133876 0.350570998866798 -0.150816927528464 0.0801234650311079
-0.0585516484129427 0.420734272836832 0.287488720599254 0.0191355168176064
0.172171358632304 0.293081114559902 0.192893298615141 -0.363645404819758
0.291097302695698 0.0347325086786598 -0.207302979399986 -0.429951434165621
0.242402344001861 -0.139087233744179 -0.397573412984723 -0.0808659520531415
0.110264311359361 -0.242175278209767 -0.260204265058855 0.142577963571618
-0.0389655904126557 -0.22504479811216 -0.102084200245041 0.166179839218093
-0.0641897477768505 -0.209271952927211 0.0302571668331822 0.139603839951327
-0.0657339906488898 -0.210246835568275 0.126347780659346 0.105566999151665
0.0413403081106452 -0.283340705606267 0.216190691122436 0.123094831275336
0.23012413923832 -0.232190809677115 0.22123157106401 0.2170563914195
0.34757612858612 -0.0863828638286959 0.100989073508381 0.359975222885273
0.339337856811418 0.282329903158847 -0.158610680565733 0.339155350370063
0.0310033892705122 0.52895446521245 -0.323956915847178 0.16024479485295
-0.274962236614739 0.513739553458787 -0.19541761190026 0.0786002792122162
-0.393756975604939 0.316068533348012 -0.00432969080342547 -0.053095770356017
-0.182686225316198 0.480432436320694 0.352301797092361 -0.0262281393797976
0.125252972054948 0.416163363353625 0.301749630338082 -0.332956317384156
0.35492289739154 0.117918488629395 -0.0575269617430101 -0.44441014686598
0.31219205553115 -0.140550894288411 -0.282865881618131 -0.177675543205748
0.151351062379163 -0.278376459477515 -0.227238388474945 0.009364651573735
-0.0358499525218359 -0.272370178959869 -0.122865214055872 0.0472835609199298
-0.0781094385796877 -0.243739312833423 0.00138953467214317 0.0462210031264308
-0.0806986043147302 -0.231377265444272 0.100139995029258 0.00739468936158525
0.0298990666695624 -0.304983718386659 0.221185012580072 0.0143056808032113
0.227384300977407 -0.268009803844993 0.282234736108978 0.109923451060033
0.368649376112647 -0.124920027949391 0.209035505226398 0.309638234353136
0.369431766564979 0.277774280201021 -0.0505859557533189 0.333321048439617
0.0315165114794605 0.526352562966995 -0.260100540414508 0.137128034007781
-0.28148269090051 0.495321353656634 -0.0830630945030178 -0.0501421049710628
-0.401668685500411 0.225396043805869 0.169617817137018 -0.178670807554333
-0.26784549867818 0.422868747909578 0.417692158390415 -0.0732727083190096
0.0375013635527994 0.433389432563836 0.386521136497314 -0.271329838131541
0.326176643752123 0.173906892755914 0.0917673534681691 -0.400277011492168
0.31596387654297 -0.107304599831369 -0.138240624667432 -0.249528744383809
0.164511320760848 -0.259169670060964 -0.172977228917581 -0.124263824681273
-0.0263078215972002 -0.270337185034049 -0.132877904664764 -0.075057528412984
-0.0806360040421479 -0.240436007537689 -0.0273665317600912 -0.0506515916162844
-0.0830527346154196 -0.223396098751419 0.069734952147881 -0.0899123988920176
0.0206972503842308 -0.286088251844489 0.208551415622411 -0.086990209777866
0.207165657752784 -0.256023833544027 0.311296070728488 0.0116286396038084
0.347787659521764 -0.117496080447622 0.273014535733579 0.249690887580847
0.329021360066275 0.266948142623147 0.0235740206571657 0.304140152095037
-0.00958140752574767 0.460011954514608 -0.208745748379042 0.103242658188985
-0.278205687638895 0.399201872568284 0.0196087653913209 -0.159818368891893
-0.320854972322433 0.100140522864406 0.327554017166646 -0.277929955061703
-0.27215132619092 0.274218770047041 0.462575308781868 -0.110021120273233
-0.0332703683819632 0.340853939981215 0.4312860672573 -0.207859804119402
0.232268670576839 0.167174832569507 0.19810361627861 -0.331919391975763
0.248158712718423 -0.0650716720171093 -0.0112065240096663 -0.288931394219982
0.139113823684233 -0.193684687091721 -0.120830860988021 -0.231056905358764
-0.0135440113198075 -0.219216152119417 -0.137541755211659 -0.177533972068343
-0.0669567695386661 -0.20081553716573 -0.0529098904220512 -0.134969905508844
-0.0693505048219661 -0.189330882596023 0.0428817161778188 -0.173944722858558
0.0193892522424173 -0.236270522334368 0.193327037759255 -0.170167729148825
0.174262864285961 -0.21012384214672 0.327869621664597 -0.0612982788373589
0.298243959191509 -0.0751147949674663 0.306918705549276 0.203653534144009
0.23672458887005 0.25534181079728 0.0648046553050238 0.275791432600765
-0.0755151454067923 0.353089417897053 -0.165891877051196 0.0733250372629537
-0.259871020579558 0.241844379556888 0.111375027087753 -0.229211501901002
-0.177892937701741 -0.0388654402571434 0.427552709750317 -0.342238840472001
-0.201426899333424 0.0877792063590991 0.469052817449483 -0.13649141991891
-0.0648712632982279 0.182741264680269 0.440237907950323 -0.172512272131142
0.111837063682804 0.108570625601639 0.248142852513187 -0.282291498742575
0.135414720308202 -0.0267679796508507 0.0564682317294204 -0.31009703715797
0.0862836142473663 -0.0993922985573541 -0.0938860383848162 -0.294638522942521
-0.00252755512461699 -0.13058724871789 -0.139258892366543 -0.241832072316423
-0.0414016863159282 -0.131131781188981 -0.0695228924237483 -0.195077304446429
-0.0432542314789225 -0.131048867532086 0.0281065919678447 -0.236317817109286
0.018286911935935 -0.164114807172807 0.187236245913282 -0.22952904721147
0.128852781657809 -0.142271715928046 0.34644972813091 -0.107118171053929
0.225497351484836 -0.0188517958617797 0.327577243293393 0.182190601649608
0.121465033004748 0.225908572836342 0.0835731678311156 0.263557512018498
-0.133022439384598 0.211315740606956 -0.132131178149468 0.0587834412942888
-0.213789101335691 0.0580765981593361 0.189494381258348 -0.248708976063188
0.103929238282477 0.0948607918420833 -0.22006981346192 0.335060422600104
0.103854069158843 -0.0899772250814778 0.217498888223585 0.0342320284074613
-0.028194512484866 -0.117700171091123 -0.037697603069075 -0.327569604987866
-0.105766621268898 0.00299017696183957 -0.389293066351652 -0.232466961538931
-0.03977064837509 0.0640327978870859 -0.448498747154703 0.135411046581964
0.00145746622779786 0.0540241447502481 -0.210430193477381 0.341292349574452
0.0228438930840027 0.0531219084450097 -0.00189634236076802 0.32453522737002
0.0185869009646332 0.0303273709083422 0.0999910656965101 0.265341921630385
-0.00905549086879274 0.0295565989981389 0.165292143741945 0.262556652926606
-0.0335510623079068 0.00254885543749072 0.126741813672259 0.317843413332387
-0.0175682791009687 -0.0150721643462505 -0.0162260088050347 0.359276550427566
-0.00327769069530623 -0.0440599616967808 -0.221140248359083 0.303073587633828
0.0938110215703844 -0.0193031403857657 -0.435710667169813 0.211032462720449
0.125072525948502 0.0873275845179104 -0.536711386823476 0.153404207346651
0.0112045926168357 0.177134634290061 -0.489599511457914 0.364811644226012
-0.0130911304993956 0.235826431413232 -0.253194921417759 0.299782100613956
0.110387574305701 0.0860098371237568 0.22166078017391 0.0456552033414157
0.0763060542586411 -0.0229787356490428 -0.000250829895370199 -0.347168852199205
0.0175890838071063 -0.0315561311424086 -0.386606121141475 -0.286189458435563
0.0375966471193078 -0.0246900264777927 -0.470757972095782 0.107370722378691
0.0179977456235926 -0.0554186762292044 -0.235683798925687 0.327129840721281
-0.0128822701573242 -0.0434241880257775 -0.0249908811083032 0.320194862963048
-0.0172931693261161 -0.0629465565580142 0.0928520711517256 0.259379578502036
-0.030130395552136 -0.0749393936540908 0.170201906434902 0.242739518147011
0.0134609470539754 -0.123655648211486 0.164392513804536 0.290240116131156
0.109438692799498 -0.0887285679866379 0.0526337531577125 0.356389355251597
0.147137665007397 -0.0135288551203572 -0.145127062347726 0.348217994605474
0.162013772149524 0.146679214918154 -0.377000841773853 0.261232713271455
0.0483082843857636 0.299262613311865 -0.473894068011773 0.171730130674875
-0.137987002399619 0.34403185288618 -0.417396292285508 0.315672362615111
-0.157191193169932 0.338374266345332 -0.234581655269044 0.215744268162899
0.0632725630705161 0.275751741519515 0.251331265837565 0.0348285977433783
0.159843071960645 0.123131119069867 0.0752830979578532 -0.373402168558014
0.165228996362459 -0.0296092938017655 -0.342988119551358 -0.364565680182882
0.136809693192088 -0.106547674725877 -0.468461282851422 0.0401204176533481
0.0515054878576569 -0.16663807396843 -0.258002462744301 0.267546235860007
-0.0404101199867013 -0.142584967461061 -0.0601362689693255 0.270049848220933
-0.0505888047546224 -0.147753912976787 0.0709789419776373 0.216424355375272
-0.0557305986906978 -0.157739769735497 0.16286624650075 0.185511567436279
0.0318809947497735 -0.228403511188197 0.207612739937374 0.216967470014937
0.190382543157908 -0.178085790885097 0.154671360772324 0.307839057877401
0.274256706787907 -0.0453179120714774 -0.0149733978975327 0.380145137637424
0.271363641492078 0.244322277747639 -0.27404611665114 0.326233937773659
0.040541774612467 0.4622430441112 -0.400610103447808 0.187600679281722
-0.226056469916432 0.477188397533944 -0.311068713799991 0.222038931083049
-0.298554331888203 0.378329614502757 -0.150467641095585 0.090818085859074
-0.0357882090122523 0.436584065479137 0.302037439974256 0.00301035660085292
0.192484636709764 0.293404977410801 0.183192903544264 -0.383340575339302
0.301058815351942 0.0199172748354674 -0.237173948202369 -0.43104522188803
0.241078317985052 -0.158386687486294 -0.413331867167211 -0.0624423166113363
0.0970951540557819 -0.255866785876737 -0.261851165311854 0.16051024774093
-0.0545699308329792 -0.227442027897287 -0.096288382059573 0.178388764307451
-0.0798755704537397 -0.211407802144487 0.0404936615803003 0.141061247779314
-0.0803260031862123 -0.210847747456057 0.140833047990852 0.100052416543809
0.0247124065270667 -0.294972432462444 0.232463384860019 0.112161688513964
0.221466810529078 -0.255310506391139 0.243814693304921 0.2131426760072
0.350606180123961 -0.107846922145086 0.125768661029568 0.362340687483142
0.367137030310931 0.270394472015954 -0.14937503971288 0.358174095713409
0.0615249555070313 0.544676554178691 -0.326547877231895 0.180957328447671
-0.259979356031223 0.54290254888683 -0.197153239957232 0.0928707990794736
-0.392328855806594 0.348508002316924 -0.00604756967095427 -0.0543647855162065
-0.160158316736323 0.503653058362401 0.365626595836412 -0.0468538711478016
0.15056962263091 0.421716430201703 0.297228836697946 -0.35546163407066
0.372043825219603 0.100399869625783 -0.0816593821115107 -0.455040480978733
0.313498791029893 -0.163348026271616 -0.300931433512235 -0.169357721335851
0.138729573561928 -0.297075022545269 -0.235946484971696 0.021315790841863
-0.0539506378983755 -0.275708797643439 -0.125896014971284 0.0587251902844117
-0.0970552125484323 -0.245276364725146 0.00499509384412367 0.047159071880214
-0.0974990555816397 -0.231422900413096 0.106850694527296 0.0010276934537567
0.0121158962770394 -0.315711173195781 0.23094241311728 -0.00191567524012798
0.216627047683046 -0.290944018809408 0.298976085066958 0.0982924384263321
0.370169619864157 -0.150418085138403 0.233500979259571 0.304541535999303
0.39964625283263 0.263392573950365 -0.037224198849186 0.346077236792394
0.0639458184461528 0.541017077116107 -0.2624223728905 0.154709177038296
-0.270235576453612 0.523220469480727 -0.0889576769655153 -0.0448628315558539
-0.405999396716142 0.255345083126644 0.167332868120796 -0.193569418372343
-0.252093207611336 0.45126933134875 0.428570668429771 -0.0977479602766565
0.0628673717357601 0.446005644688786 0.387615766977072 -0.298762512316689
0.346202019936565 0.159686664673885 0.074175510399093 -0.417955023844153
0.319092778480968 -0.129898695203269 -0.153885700057983 -0.253328872064281
0.154497366978433 -0.278007943406521 -0.188183162492243 -0.118756130226377
-0.0436135648796363 -0.274859404229947 -0.144672517697848 -0.065441744733763
-0.0984181779224767 -0.240688377390757 -0.0309352597093756 -0.0500930057498265
-0.0985161842807902 -0.223097346219521 0.0691541934894176 -0.0968812658815543
0.00401567025173589 -0.295960466323748 0.212125350855463 -0.104938676775765
0.196032856501532 -0.277068207327373 0.323141735582521 -0.00451599634940829
0.348064142608221 -0.140507762493468 0.297710976861698 0.240257595325625
0.354216063980909 0.255086213659602 0.0383296015832687 0.311329839367585
0.0156123987736416 0.475549605279483 -0.211597402752135 0.117274728483846
-0.268603811289469 0.422682218556271 0.00950953575657287 -0.162611957685755
-0.328278008565402 0.121466375582555 0.325765344173629 -0.304127687695018
-0.265050440340458 0.297499385424693 0.470499509472228 -0.138350729774185
-0.0155588239334779 0.353225151238135 0.436017666736007 -0.23498775013809
0.24925691803233 0.159167240501662 0.190133822256644 -0.350520761561292
0.25146484073006 -0.0831299775787064 -0.024584092344174 -0.30004909580094
0.132067570668763 -0.208965841244053 -0.140783834169286 -0.230732299838636
-0.0281063967297303 -0.223083839130392 -0.156173919026222 -0.170595477964165
-0.0823068724710571 -0.200896613165114 -0.0631064916339345 -0.134964711369289
-0.0828030908214566 -0.188814350485641 0.0360072410114814 -0.181784164556737
0.00473224086504537 -0.244705208221838 0.190664793640755 -0.188371282765476
0.165772200813362 -0.22646737680214 0.334972266177339 -0.0819835520220483
0.300416208217605 -0.0942820713532768 0.330086322507631 0.1903966457937
0.259537231764208 0.248239297747643 0.0795798924876952 0.279880516140984
-0.0587512066711808 0.367342227510342 -0.168232596099795 0.0854711785769109
-0.25714048943531 0.261105080802178 0.0996203678500002 -0.238973177357725
-0.187088439558172 -0.0293598671057946 0.425728951573103 -0.375659239957561
-0.20258949040499 0.101547750583211 0.475729958849951 -0.165219874466833
-0.055322529628005 0.191223882259873 0.446063152771263 -0.199353521114727
0.122008959435779 0.104278150036394 0.245412096596845 -0.30397866865555
0.137130974515378 -0.0369420572290824 0.0441363554855261 -0.324699757241525
0.0833663149333397 -0.10840879369255 -0.117427216334697 -0.29771215352792
-0.0101821450314269 -0.13386731756038 -0.162119966405898 -0.237052640226272
-0.0517565055213396 -0.131392301826708 -0.0838524200244546 -0.195969954808935
-0.0523653910621691 -0.13140375179263 0.0160646287830268 -0.243939800361504
0.00892454647871765 -0.169821380939401 0.180102989759742 -0.247529916216192
0.12401592797693 -0.153061608807694 0.35211306446858 -0.129508215768875
0.228560242187451 -0.0324851727127109 0.348842252289844 0.168224694241441
0.138490879612502 0.224230832805909 0.0980960213317801 0.266493800316075
-0.127352833543446 0.225932096849208 -0.134276367324491 0.0684131830115835
-0.217816450058726 0.0698038663148376 0.178263578958295 -0.263268833987027
0.112996029132258 0.0876720909354601 -0.192616370586357 0.357384885316989
0.0970298379585318 -0.0988528710161925 0.228598754410355 0.0139278660773721
-0.0377484369771202 -0.117085596646827 -0.0606259974728936 -0.329462465916728
-0.107332658507383 0.0124773171931028 -0.411024831786624 -0.202971777517015
-0.0358551235263922 0.0683389052026529 -0.446347162942137 0.17512881678457
0.00554358093530451 0.0558085131871442 -0.185275876013648 0.360884796445534
0.0279990353995584 0.0508507763372149 0.0245382029449695 0.32452160559202
0.0203621671122845 0.0279920030070109 0.123984821933136 0.258476571328875
-0.00592185511164995 0.0296335996538582 0.19075718846267 0.249156376652833
-0.0336933042279075 0.0059861625749044 0.155497456633188 0.312239609881625
-0.0187273130074893 -0.0142583298359644 0.0120360279207712 0.36620300202074
-0.00654941924148207 -0.0434276107640611 -0.206360133913783 0.321494933486533
0.0945084125673467 -0.0277951122892095 -0.429865587814783 0.245830219921
0.130932471864903 0.0770727536577048 -0.529904562728578 0.19395844541684
0.0223933872210288 0.181202309171744 -0.469930948381512 0.402021015222869
0.00376250385770328 0.240079367297933 -0.232449630633217 0.325225515125954
0.117573262245691 0.0772027240638317 0.233839063654775 0.025796447083243
0.0751284034455391 -0.0287108464375214 -0.0232498556882375 -0.35088356999113
0.0147103241265967 -0.0321788676323333 -0.412547834844251 -0.259922913860632
0.0351194092855583 -0.0282392585446871 -0.470342346973036 0.145518203854564
0.0130485572981299 -0.0572364377815432 -0.212821125215907 0.34969136482961
-0.0161215661498122 -0.0427988554701378 0.000949929329715132 0.323938622711392
-0.0231507472930783 -0.0630654416123571 0.115612378980526 0.252372083757717
-0.0366741924672951 -0.0723337913376598 0.195052001820436 0.229484173098809
0.00304303961774164 -0.126244243538864 0.192728146485609 0.279918522627026
0.103674495530967 -0.099309764838372 0.0834614473135229 0.358272709811241
0.146435960303684 -0.0246924020738039 -0.123225109796348 0.360966956498447
0.175777696809806 0.135517318677052 -0.36623443015195 0.294984249163185
0.0705272460000002 0.297530306657149 -0.466627812000835 0.207600434768571
-0.117956223032538 0.359963606365576 -0.398943833853191 0.348158275158941
-0.135118991341593 0.355137100036217 -0.22007580957951 0.237126349396999
0.0850469702043654 0.273421949950399 0.262078826855677 0.0144762897404722
0.170397120584232 0.112904596701666 0.052442845349258 -0.382396946332805
0.163055100661679 -0.0420722178444575 -0.374940772690866 -0.340583056196034
0.128184355310201 -0.119195828687665 -0.471207520933157 0.0771776727281892
0.0375056854470672 -0.172911687638336 -0.241832850048095 0.290590843326727
-0.0518350776709457 -0.139547398254701 -0.0385185922643069 0.278163884501055
-0.0644544908087799 -0.144709892911976 0.0908992598716087 0.210964295938256
-0.0692658434392032 -0.154415488399235 0.183556325138894 0.171739062745964
0.0117792772433347 -0.2338704733635 0.230334772256016 0.200589553096283
0.177052734570419 -0.19716345732447 0.182833059425693 0.301302702373909
0.272498496241375 -0.0669827618591886 0.0120996856640458 0.383319457656486
0.293527244976226 0.224627671908573 -0.258501332990545 0.352207065414515
0.0771458185841049 0.464745154991 -0.392887156962418 0.218733917702887
-0.198086217936046 0.499081506678328 -0.299358497092808 0.246799509606653
-0.27543006339813 0.408440428789683 -0.14342563411745 0.103278121278906
-0.00176371200602755 0.443290881171949 0.310356497496345 -0.0219067627012901
0.217009430514731 0.282299695551746 0.162220847445102 -0.400505695715097
0.305198578154459 -0.00276166190160197 -0.271229691873881 -0.419359509384999
0.230135101653028 -0.180518108641896 -0.423843653117074 -0.0312309477914811
0.0756457641233502 -0.267649491986455 -0.253853448297293 0.182135967372951
-0.0731796871560155 -0.223584858477613 -0.083592152147782 0.189986199466082
-0.0986192470579421 -0.2061895028881 0.0538905269129215 0.13777791494609
-0.098674609113054 -0.204549206602619 0.154689930159595 0.0876033874863974
0.000575266211306752 -0.300607173949862 0.246343821764242 0.0911975540662378
0.201909635908517 -0.276959575836581 0.267818105811757 0.197684383096375
0.343278570591133 -0.136703632013263 0.155790797403151 0.354660448628418
0.392788493690637 0.24400849590514 -0.127804335794662 0.374736535926067
0.106728752596211 0.547392159131044 -0.318403989909024 0.206343481856289
-0.227495712477884 0.567577285567811 -0.192666975273246 0.109938658856075
-0.373648143444557 0.384800928892684 -0.00877022376578784 -0.055730030246949
-0.122774250529581 0.521355704583209 0.369291356742384 -0.0758212476192945
0.185620615854777 0.416776624638631 0.279438092659574 -0.381323446471055
0.38421710314364 0.0733614223156484 -0.117167550512396 -0.454050803703244
0.30265632804176 -0.191421502540175 -0.316199422208731 -0.150499777012866
0.114580209537774 -0.312184791605024 -0.239435154415608 0.0399133134248338
-0.0771958610527988 -0.271357836312273 -0.123699727120163 0.0724946577482323
-0.118565607958617 -0.237539755488182 0.0094523734307276 0.0458713979514536
-0.116473870838627 -0.224015618459829 0.112029067634352 -0.00923488058221852
-0.0141689512691531 -0.319634874020935 0.234317780060646 -0.0238311326854067
0.193786451306492 -0.312037717625724 0.313383629305158 0.0766528579659389
0.358583657318444 -0.180125936842375 0.262843818692368 0.28753058167985
0.422850186594986 0.232714530209592 -0.0153426752467389 0.353340639964065
0.106524345477137 0.543626797284953 -0.256178594300336 0.174994589787389
-0.236835725471081 0.548576466852224 -0.0943332396450815 -0.0372149043737064
-0.393051292398486 0.290724936492478 0.156368038645353 -0.209588051632844
-0.220507045659861 0.474185171956288 0.427510180474682 -0.131333342420248
0.0970394488660117 0.447039257625878 0.373759457625697 -0.328237005993703
0.362894065720009 0.135221085227602 0.0456691629732749 -0.427502426938549
0.312214670589392 -0.157799613581844 -0.172696352064036 -0.247069340542097
0.1325662950861 -0.294989195308047 -0.202274923860988 -0.105527056601761
-0.0660160724640107 -0.271755562936403 -0.154174672833952 -0.050038431548297
-0.119567910032975 -0.233400417930851 -0.0353452177980689 -0.0486459127021112
-0.117396749553045 -0.215170123206412 0.0650076419859962 -0.103750561113661
-0.020218473367987 -0.298600975769405 0.206160542294736 -0.126022277027539
0.175011684161178 -0.296359874349895 0.329418984747532 -0.0292326653180413
0.338078086320366 -0.169053658247792 0.321582550912989 0.217388242074095
0.379368835467525 0.228991619256811 0.059100285851669 0.31217308877963
0.0531197276361819 0.480899331305187 -0.206531776631807 0.134194088631503
-0.243130316071853 0.446375230941666 -0.00429976331143965 -0.162220888327826
-0.325504735807338 0.149096541662319 0.309127829505805 -0.333087383124258
-0.245122124487555 0.320948603543015 0.466648368497643 -0.174460620365337
0.0103491219705371 0.358084385129725 0.427414789149362 -0.269189534589958
0.264001059466551 0.140429836086834 0.169645970458196 -0.369168226635711
0.246402158362912 -0.10507105098106 -0.0444430288210635 -0.304546477892322
0.116373525517603 -0.223413419723811 -0.16296043373732 -0.223018563877638
-0.0465681301098643 -0.220937120887449 -0.174040679441405 -0.155038154462667
-0.0995324979492555 -0.194297799720357 -0.0746951932342568 -0.130934054893625
-0.0984736105276219 -0.182678266416144 0.0236859902586129 -0.186307943470166
-0.015244798358091 -0.247115356695853 0.178104409690665 -0.207490533472359
0.148511014997884 -0.241375807144135 0.335604183356723 -0.107889817024739
0.293337450036741 -0.117980757760687 0.350310098174176 0.165552364919528
0.281497585873401 0.229563729236059 0.0985277653495989 0.276367407848222
-0.0303476232506639 0.377203543202551 -0.166570859378685 0.0994325175422129
-0.242882543600941 0.283213395287818 0.0803654657619048 -0.246157662821732
-0.192609798516415 -0.0149367668251338 0.404668082645143 -0.411706567566852
-0.196914695636229 0.118598345140847 0.469394991529386 -0.201093180290299
-0.0401539477168304 0.196478255419207 0.43876241775717 -0.233337743512102
0.131472873233994 0.0942086376433839 0.230629243215581 -0.326153578246196
0.134517678865751 -0.0495815700226206 0.0234026966470237 -0.336500058294659
0.076059459888986 -0.117761573863112 -0.144767907414414 -0.29165177184765
-0.0215370517318214 -0.1337264092014 -0.185215842968243 -0.221816804504259
-0.0634320004431165 -0.127238750637119 -0.100591170547873 -0.190172609285759
-0.0630494871972946 -0.12769467042053 -0.00139116606519372 -0.24791210747034
-0.00529906295883262 -0.171708762901205 0.163495359039203 -0.264649111265159
0.112605584982348 -0.164205625645735 0.347244711813029 -0.157439777369381
0.227628938602994 -0.0507892984376772 0.367109572204457 0.142148838358953
0.157878852763384 0.215573334446697 0.116489268680937 0.26175306832207
-0.112571898285883 0.238670696681383 -0.132234527370187 0.0801585617030618
-0.216372056736764 0.0875090645480964 0.158137421249863 -0.277501111369055
0.118932651734325 0.0776844623958064 -0.159797097204358 0.368388292012396
0.086425406773216 -0.104902851181057 0.231708197240463 -0.00790043646241369
-0.0465750953049188 -0.112123221785894 -0.0828485678688633 -0.32143640076198
-0.104198113163537 0.02170864368726 -0.419626466283644 -0.168758383087616
-0.0298966526838952 0.0714393299535835 -0.428145898834066 0.210561279105651
0.010259385741804 0.0538778710919742 -0.154654369656939 0.369629996510286
0.0321134106917018 0.0460364854210189 0.0503487720066694 0.313732993814082
0.0214714366391506 0.0251905613247804 0.142724835486072 0.243086369317927
-0.00333800639413738 0.0286173376621615 0.208830501925522 0.226775977240831
-0.0324370774221228 0.00862434135288031 0.18117088662815 0.295542320599489
-0.0189622488480485 -0.0131714675824483 0.0409342665491718 0.360563560410689
-0.0100311720790091 -0.0411457750368767 -0.184461464336914 0.332016200219343
0.0912551845915812 -0.035852559084141 -0.409035222064619 0.277430682275573
0.133332235394543 0.0648290955789253 -0.507344083046035 0.227027579725502
0.0337481638930897 0.181051254665413 -0.434693819329375 0.426780174892109
0.0215697563725277 0.237287855451032 -0.202095232383749 0.3375687345579
0.121796112229585 0.0665541430493132 0.237001473547627 0.00352387825994557
0.0713988635786728 -0.0336899542121903 -0.0455828449518311 -0.345599929111171
0.0112388949338893 -0.0321417713647277 -0.424618132672245 -0.22371595963158
0.0313076669096299 -0.0297896427875881 -0.453678350747882 0.183009641939468
0.00800944027305102 -0.0572901236044452 -0.183012135960244 0.361775340597319
-0.018109085465077 -0.0414991947780453 0.028009899320657 0.316078482013074
-0.0287926848186893 -0.0600429016350629 0.135223182274291 0.237507225749573
-0.0421481827454985 -0.068326121479945 0.212888402435114 0.206095409558953
-0.00773006839440806 -0.124916989028012 0.215519692618141 0.260137257810966
0.0935065089146667 -0.107407360077523 0.112057448457981 0.348219643722513
0.141948889650294 -0.0345833909025994 -0.0982621849724517 0.364305689741753
0.183901525626336 0.118818300985648 -0.34470887531186 0.319822755103193
0.0910992063508204 0.287403416256094 -0.444095923157654 0.236696877679733
-0.093617833170752 0.367363297010791 -0.368971950340529 0.37096814155532
-0.108011019360255 0.362299293786833 -0.196825074585998 0.249853028464054
0.105833065622408 0.262541005432782 0.264322022860497 -0.00955513886835031
0.176527895121551 0.0996253545867065 0.0284050416649372 -0.382066198738607
0.156682164383916 -0.0530815281699579 -0.3942415128244 -0.308679239231666
0.116555269316527 -0.127513010531877 -0.461613494850224 0.113983137169057
0.0220327364038727 -0.173234966442468 -0.215797114777528 0.305499132577337
-0.0615050004684541 -0.132533919128846 -0.0147384775437582 0.276900632884134
-0.076686806883449 -0.137301186216103 0.107661913013418 0.198483884306623
-0.0802040778670041 -0.144956548798481 0.19789510968619 0.149553894205399
-0.00860071294375302 -0.232073008479587 0.244160243097709 0.177225818099829
0.158746609433566 -0.209853838305518 0.207775851881761 0.283852578300917
0.261419671729103 -0.0873540988487723 0.0392673796775293 0.374449624491161
0.307555683117078 0.198405762936238 -0.232540821511124 0.368474141422564
0.111488610303955 0.452099396276557 -0.37051584222361 0.242211119899174
-0.163197038721872 0.508852819101198 -0.275861432220932 0.265626010608949
-0.243092074737529 0.425701784583784 -0.132925654852939 0.111987170419274
0.0325542365544304 0.436746038421926 0.307346132890625 -0.0474703609441347
0.235347229468068 0.263734578948335 0.134478831900637 -0.406805206446476
0.299906806528123 -0.0261164503997049 -0.299220071770103 -0.392759088784562
0.211738433143987 -0.197171001217946 -0.421268925883399 0.00149568389616347
0.0520435782225756 -0.270169475205763 -0.237544391368785 0.200282159531978
-0.0894653754210065 -0.212421082410286 -0.0662866389623498 0.195714236167582
-0.114736168970316 -0.193609440562533 0.0640782660565426 0.129751380167636
-0.112311722484662 -0.191371197928673 0.162833646849544 0.0696102275091509
-0.0252067488075722 -0.295736228334908 0.250787307998849 0.0677892338873801
0.175311289556615 -0.290654871454239 0.283168447243503 0.174818453483838
0.32557885172548 -0.161463358656117 0.179500330494528 0.335209074672917
0.406458838450354 0.208199941673429 -0.102430738218318 0.380269390659998
0.147102963879017 0.530599780787213 -0.299747364040765 0.226669552770519
-0.189271879013699 0.578201314220732 -0.181942332557194 0.1230630972099
-0.341622972907867 0.410388272021337 -0.0116241358950049 -0.0551489292520477
-0.079394155384173 0.524775798857855 0.360358640272048 -0.103609787513534
0.215432419363895 0.399278701615764 0.254166199319645 -0.395416976051495
0.383605232469733 0.041624600192272 -0.147979122663076 -0.43989252863141
0.282928987401351 -0.214479682440334 -0.322487563803976 -0.125657343448531
0.0860586785126067 -0.318999659225583 -0.235154515165308 0.0585130924546439
-0.0971043576283839 -0.25894810009423 -0.116929885162671 0.0846588711120159
-0.136713727671763 -0.222417193544363 0.0129404331141553 0.0430582683729508
-0.13166218436918 -0.208075611630086 0.113013380721646 -0.0206067214370708
-0.0408303182966155 -0.312779314529569 0.229880305644779 -0.0455383609671877
0.164732780194995 -0.323916206878607 0.319385009141695 0.0516690296158664
0.336806975654233 -0.204846494635899 0.282506243695712 0.260122209954467
0.437000939066627 0.196103609731129 0.00721484166906822 0.351441158084008
0.148301985554511 0.527950419614929 -0.241615845232062 0.190456815692741
-0.197515599637315 0.559129461155038 -0.0963760475070295 -0.0275824902000717
-0.368190547356897 0.318372657743298 0.139703786363421 -0.219852010513307
-0.179242881963995 0.484896670934375 0.412480930637796 -0.161295635038119
0.130608960880438 0.434165828742009 0.349517721210184 -0.351493951354057
0.367186214160525 0.104412341424883 0.015482545187837 -0.426756835102445
0.292569814914666 -0.18223725744551 -0.18707571468058 -0.23345021513438
0.105166205487587 -0.303447952664501 -0.21066789875973 -0.0879953746304195
-0.086773060080782 -0.259670530948738 -0.156300266884447 -0.0331443855412297
-0.137169690648684 -0.218617929944812 -0.03928322085085 -0.0455195100248858
-0.131058213736794 -0.199722001098792 0.057953215364954 -0.109634244465181
-0.0437985975582623 -0.291085428139941 0.192731320720846 -0.143358116191328
0.147610865586135 -0.30689370415439 0.325111485876091 -0.0538609261800219
0.316639847975766 -0.191893355254906 0.335138167011239 0.18665275126775
0.392230645161524 0.195130720834697 0.0779104615827527 0.303961898952639
0.0901759520390307 0.469028973809802 -0.196523414865651 0.147492974086003
-0.210728539486546 0.459139663287318 -0.0172428975752991 -0.157660456951224
-0.311144179811157 0.173820645065214 0.279964699510573 -0.352747035352842
-0.216558511877601 0.335382063879787 0.447153844803788 -0.203581117437458
0.0390614902152786 0.351739956306709 0.405735294748502 -0.29549121997281
0.270630889994284 0.117230985887829 0.143772055876615 -0.376560130788781
0.232328890253244 -0.124802094806705 -0.0649322889493367 -0.301008540939247
0.0954285214030393 -0.231026013326246 -0.180962086726954 -0.207155418571061
-0.06334706709655 -0.212262066046915 -0.18428155900573 -0.134483282152905
-0.114659243169286 -0.181962444464662 -0.0844811958777719 -0.122955654346039
-0.109894539277279 -0.169972150323031 0.0102107831486825 -0.18696994545733
-0.0348773717909969 -0.241664933001704 0.159075859441988 -0.219978677412184
0.125937153427512 -0.250154779442484 0.32536716125744 -0.131978805941713
0.27746729454202 -0.137869111399012 0.359643168108801 0.134399528003586
0.296042358279751 0.202527991754093 0.11487374577156 0.265278655068653
-0.00196100944538486 0.374710807300197 -0.15846863582646 0.110764661093685
-0.220860922900364 0.297214807009006 0.0598311701137828 -0.245450733886936
-0.192158607840758 0.000944813877971707 0.369401476507956 -0.436367205366714
-0.185317259887845 0.13190915594997 0.447435054265394 -0.228007574212319
-0.0246890351952764 0.195166934661057 0.419089152574304 -0.263038389443851
0.136028993867059 0.080724033489281 0.208626359013543 -0.338413676367017
0.126343636480457 -0.0598848688821899 -0.000788908103426261 -0.337426257701425
0.0649196009805731 -0.123960506646341 -0.167698999915333 -0.275415027987337
-0.0309258418464863 -0.129360227465118 -0.201225081135473 -0.198907815364862
-0.0735931426003973 -0.118610985533202 -0.114257273453519 -0.178070191739729
-0.0719093977112776 -0.120064089224953 -0.0208411080509881 -0.244379891471602
-0.0187693241878717 -0.168526161876632 0.140550771159829 -0.274268132103787
0.0984280116737203 -0.169738305265947 0.332685672514576 -0.18236799832072
0.218613569669206 -0.0666171039920109 0.373763638276165 0.110312392436623
0.171775373744479 0.198441144703893 0.132432672579719 0.249364148926906
-0.0944599106541499 0.245126636977319 -0.125806905938998 0.0900623970288432
-0.208384353206232 0.102911360078317 0.132358836297874 -0.281696278727788
0.119966585093657 0.0679872539731066 -0.130566571783269 0.366344956765192
0.0765380725923634 -0.106930499081671 0.227250546704419 -0.0266549049093505
-0.0515040642984784 -0.106599513344268 -0.0974991692582901 -0.309576905757331
-0.0991743625683538 0.028153934962587 -0.417188039766509 -0.139253060204518
-0.0242514909420015 0.0717591326266809 -0.403210723960416 0.233234449473502
0.0135232451845057 0.0515604547821033 -0.127167355925505 0.367436776575709
0.0341767200251115 0.0404039729038928 0.0673307627375484 0.297134576500681
0.0220154042763376 0.022572654635271 0.153721618048744 0.224576476750031
-0.00142252747602318 0.027484532951832 0.21796282698146 0.204133257754969
-0.0307149147858739 0.0102510517036457 0.197336747297857 0.274992603346195
-0.0191272131407359 -0.012018388642709 0.0611187365790626 0.348728983378548
-0.0113938586731707 -0.0388258217839622 -0.166212540680791 0.333260863560668
0.0859284854830078 -0.0411990114984069 -0.384238201935574 0.294003765659213
0.130026797014985 0.0547070707172052 -0.480046168180433 0.245519231645721
0.0426582699373088 0.176075920717164 -0.400515352561592 0.435431564481024
0.0344532784280947 0.229722715309551 -0.173376945180332 0.339339891750018
0.121577034216081 0.0570693721357451 0.233786587951882 -0.0158393587287444
0.0669691467510791 -0.0365313952243974 -0.0599115517400821 -0.334724298376379
0.00859465196359052 -0.030325976686578 -0.426545661284173 -0.192220824389674
0.0282697564217018 -0.0300817033409134 -0.429321164014621 0.207110760530838
0.0039338884188182 -0.0557707841912327 -0.154638539944873 0.360931293006565
-0.019435976247272 -0.0397415232864078 0.0476705987620823 0.301915265135846
-0.0325786965128756 -0.0564023252627596 0.145935822176509 0.219461339347635
-0.0443528966258273 -0.0636371975950489 0.220522810227721 0.182858490111766
-0.0163629449598974 -0.120115096341795 0.227707540384506 0.237663762317575
0.0838347036214107 -0.110767224071473 0.132121044349294 0.332092522252958
0.135276319039124 -0.0413269630782286 -0.0789758447717414 0.35811055553046
0.185215208892646 0.103370234421576 -0.320116772010196 0.331307373793238
0.103840198914654 0.272959628715042 -0.417619325284803 0.250374344518514
-0.0728523783550904 0.363676203490261 -0.337813862304465 0.37637300329545
-0.0856103764425685 0.36061956793895 -0.175305674155688 0.253670166466805
0.117261641678658 0.247882994515479 0.25860130267878 -0.0281354733897716
0.177084800197202 0.0871674956480995 0.0113436456325325 -0.373836940154294
0.148164039065511 -0.060399111896975 -0.39970499826956 -0.275388917005144
0.104710254959216 -0.131260845984433 -0.439518209484863 0.139446528536656
0.00924183491136283 -0.169157077638073 -0.191347502340913 0.309979156247311
-0.0662471422333489 -0.124438145689127 0.00405659299944217 0.268138958891171
-0.083035727982129 -0.127069551098098 0.11692970577478 0.183314201835357
-0.0859834190258119 -0.134034199307606 0.202955370369719 0.128659047911619
-0.0229191750314027 -0.223138665036026 0.250033623695909 0.154625077184162
0.139005114381082 -0.214213076230917 0.221397805278607 0.263359198577954
0.246823310809768 -0.0986868340699668 0.0568805046441386 0.359408562498118
0.310349064498759 0.173222162719482 -0.208369720063032 0.372208224247929
0.133373555479572 0.431191849908701 -0.346710778498989 0.252421932547496
-0.134799066276394 0.505558051719064 -0.254123510567791 0.272209940471154
-0.212368038584306 0.429538488392439 -0.122499727141058 0.11549916899483
0.058487337498224 0.420793848405786 0.298007266376294 -0.0652960308304837
0.24407188610528 0.242766967870719 0.114479225446677 -0.403233067917278
0.288301259365395 -0.0425305874306041 -0.312110671053069 -0.3638648111798
0.191961989520282 -0.203917795247647 -0.407878183230153 0.0266059191126394
0.0316322948045464 -0.265441094314702 -0.219414258332116 0.208940184793773
-0.0978725008715958 -0.197681208852051 -0.0505910076322067 0.194552118875394
-0.123134781571128 -0.179592811998598 0.0701290924302496 0.120309661577843
-0.119203951389087 -0.176953108441568 0.164293550686735 0.0534344600604556
-0.04429029440168 -0.284462668477008 0.248607281034028 0.047705809529544
0.150668703181417 -0.294298441601618 0.289113430062416 0.152479392446607
0.304256141904956 -0.174471460488667 0.192907020613479 0.311644064221481
0.407892933868229 0.177019116066139 -0.0815957558556668 0.376378887503522
0.174489023036374 0.50632034881279 -0.280608717208435 0.23444956262184
-0.154588895855005 0.572530967105824 -0.170380541123871 0.130185283952989
-0.309294097258356 0.420204678595553 -0.0151155922472971 -0.0545255268511081
-0.0447748093332673 0.512175971380589 0.344297646379584 -0.121460288544357
0.231716317888479 0.375458794021557 0.230413175896457 -0.399158465032223
0.373713188096677 0.0194267272665082 -0.167265376513025 -0.416556919881213
0.259637291108984 -0.22457459299469 -0.319252576330087 -0.104620071315953
0.0605843809823717 -0.314858575002652 -0.22596422707671 0.0713233988960846
-0.108524707064166 -0.242654117619802 -0.106559368634408 0.0925874294122672
-0.14700583132519 -0.205146696680499 0.014812019675829 0.0404801770408657
-0.138393652409198 -0.190881865290326 0.109652762493645 -0.0309493554625102
-0.0596416953602984 -0.299839729619823 0.219924046023111 -0.0604700324004954
0.137289843437632 -0.32541119158097 0.316650612787828 0.03056551609057
0.31140753652627 -0.21741088233601 0.288864533972815 0.232412379455564
0.435651810532634 0.161559227605482 0.0236625180490567 0.340276322460001
0.174623313660588 0.504851688660933 -0.226484443445945 0.196994578590647
-0.165551802470436 0.556453466478116 -0.0960908839622525 -0.0200056991037859
-0.340136713884217 0.332466885446491 0.123125189599221 -0.221872907551495
-0.144709936191051 0.479699797780281 0.390362902955704 -0.179007920104638
0.152289619022943 0.4139635935074 0.323886021240559 -0.36037018520836
0.362115047136702 0.0779721171412943 -0.00509914788843297 -0.414259008677927
0.271273696258336 -0.1940542145935 -0.193333792720077 -0.217907736395756
0.0808514800079518 -0.302283571357662 -0.211486249070961 -0.0720683081729997
-0.0986721010078843 -0.243914025487854 -0.152829618818505 -0.018419792216275
-0.146933720396816 -0.200802867065691 -0.0409662132716717 -0.0417612666924715
-0.137232197805087 -0.183486886118785 0.0504241928003979 -0.112680783483417
-0.0607167144465765 -0.279584091704216 0.178283802836163 -0.152354587647312
0.122948911662356 -0.306090749608274 0.315973075894855 -0.0725347631443745
0.292220442457736 -0.203269945715218 0.336913434299398 0.157260721519385
0.391431852388887 0.162717780778791 0.0890346425703192 0.290308987054566
0.115885731003629 0.450269122411958 -0.185279823122743 0.153801599568518
-0.1828781878112 0.457820222567133 -0.0264050162323813 -0.148856731156844
-0.292365950704835 0.188258187441755 0.253315442540402 -0.357769147273626
-0.189657422029185 0.337640394923056 0.421929419376071 -0.221244704174572
0.0569757228099839 0.339474090624926 0.381093471393162 -0.30846421292247
0.268104501174282 0.0967684974900914 0.121459383554673 -0.374101244411531
0.215871150343377 -0.135004081587439 -0.0787465790556401 -0.291710035664301
0.0762373057696331 -0.231572694645181 -0.189869683971043 -0.188811414116227
-0.0733237580869888 -0.200707084355266 -0.186367603910496 -0.114228581240436
-0.123121688503326 -0.166937182159598 -0.0893281565388672 -0.1128423656244
-0.116008446266587 -0.155980188270004 -0.000356310297644542 -0.183753259960687
-0.0487118387231713 -0.231653963521851 0.140492742420641 -0.223872666261609
0.106624546830248 -0.249799428919912 0.310377643153402 -0.147526054060108
0.258403210760282 -0.148855869975686 0.357388158827378 0.106193945081531
0.298289829562318 0.177362903032898 0.123716386463196 0.251232526940372
0.0194557929807874 0.364001346404009 -0.150194468246966 0.117026759268777
-0.199869145770854 0.301514187080222 0.0424144336529224 -0.238237509753928
-0.186675461747847 0.0131536086845334 0.334510454905575 -0.443005519737709
-0.171160386644416 0.137892910392813 0.42041552936543 -0.242683101110521
-0.0123157868393121 0.189649203009735 0.394148899534509 -0.277393414121116
0.135388359112189 0.0690018751106373 0.187591899763471 -0.341316194109835
0.116907650844773 -0.0656022930564697 -0.0194711534792528 -0.331626635598748
0.0537459922237508 -0.125078703239343 -0.181222086574756 -0.257042192321253
-0.0377355107182921 -0.122533583405806 -0.207678444123692 -0.176636944463885
-0.079321934907269 -0.108926077637028 -0.121871949668658 -0.163924362307532
-0.0769363509998431 -0.110711633347577 -0.0345704698852417 -0.236348735098008
-0.0288833522513335 -0.162045609901555 0.119442777733189 -0.274465219238832
0.0842757303796643 -0.170831452870026 0.313868510662074 -0.196487157540293
0.206409148547215 -0.0763583650791921 0.369304650555357 0.0836848302736655
0.178950910914939 0.181189374254519 0.139975746206495 0.235102765905821
-0.0778813265074281 0.244133325923446 -0.119416969487889 0.0962148839200124
-0.197601348475766 0.111115513596405 0.110948201616962 -0.278463997358831
0.0805625434497458 0.11415705388374 -0.25192809201433 0.265313108387963
0.109811105232308 -0.0631058728383572 0.213443922144476 0.0544177342388102
-0.00435167116458269 -0.117046713237482 0.029474731710937 -0.316429532168441
-0.097359338021689 -0.0125776458720042 -0.325598625614029 -0.281126303861705
-0.0455706968663157 0.0542450425240759 -0.449915910698252 0.0572910446115068
-0.00705735057035481 0.0490781756478587 -0.253755001742822 0.280029637308371
0.0153743913563311 0.046726447147637 -0.0516584526584564 0.289315608863481
0.0115095885501861 0.0279657014960018 0.0533480277831504 0.257303322233035
-0.00847953280437079 0.0236256886272997 0.118831208506205 0.262548130467535
-0.0283959892932773 -0.00212465026138828 0.0748885879633181 0.323657861489545
-0.00840403124127279 -0.0161512681159863 -0.0798490137207698 0.334527659163861
0.00634527222781296 -0.0340388442593448 -0.283138010537263 0.231511164635357
0.0938499141707211 -0.00145385160034237 -0.455786113795285 0.11563704166645
0.0937467563933524 0.102412110332968 -0.522416329094244 0.0431589207005408
-0.0259193122742565 0.186893017692348 -0.539521787595389 0.234083792017307
-0.067586550846425 0.225647834635124 -0.262414158926494 0.228135645358493
0.0829424657651206 0.0996635877770581 0.223869902065246 0.0663862848863953
0.07351625527349 -0.0064824187278525 0.0791231494335126 -0.332038200420393
0.0199687615735001 -0.0208636388686204 -0.31465007328921 -0.338660910617029
0.0410918847692049 -0.0157400965587047 -0.467927214136246 0.0193231282920788
0.0250744383170964 -0.0485864693728588 -0.280655818683737 0.261385006460363
-0.00155969539935277 -0.0435697371869845 -0.0726251739586437 0.287242368894959
-0.00805123090349681 -0.0627127200016471 0.04865355346334 0.25003822703608
-0.0141437821369554 -0.0733800504789311 0.131377710939452 0.243452347799992
0.0306509847694018 -0.115210583456595 0.11964881283657 0.300024658302782
0.119998776786285 -0.07021569701737 -0.00765013500911627 0.346184429879493
0.13978872551783 0.0162835660514194 -0.212091369874994 0.289694747698076
0.134467982877063 0.167115210084974 -0.414335983851479 0.176962763986008
-0.00548034653978308 0.289799389761703 -0.48040446665455 0.0728268011262444
-0.197690696540606 0.317851813443257 -0.467494181548798 0.198823531619126
-0.232943128081335 0.294290209378803 -0.213723544300075 0.161329721446526
0.00220875888236556 0.265705448585994 0.26170693382827 0.0674828984606928
0.123446391803719 0.148112220914987 0.168396713749963 -0.344106295385057
0.153378541733426 0.00951494376632697 -0.257677666651617 -0.413203003174512
0.147682193135239 -0.074771279774054 -0.454942625851922 -0.0518574099523775
0.0732933157910792 -0.146885784136715 -0.295414739421506 0.19925735805411
-0.0104864973843218 -0.135514360965416 -0.100547949832846 0.241367516502405
-0.0274494760662843 -0.144853381583381 0.0352448152641095 0.206912095539393
-0.025334277489008 -0.151770741059516 0.136633359404418 0.186830879312707
0.059924161190281 -0.211209617247631 0.172705542299836 0.232664888584815
0.207340967617741 -0.145609563790073 0.101174135098948 0.319068566697605
0.262963287076478 0.00326237274007909 -0.0880277580889737 0.344023448287636
0.226699126667158 0.274515177475619 -0.332336918387696 0.256787876375206
-0.0318847552210665 0.443193066675138 -0.424851315044792 0.106519933643012
-0.303228305162239 0.424129553263594 -0.355968531102329 0.13064752023808
-0.38078799254877 0.304533646144699 -0.102768158026966 0.068798193624215
-0.121099393993727 0.395315839138492 0.320609953962708 0.0543016156587926
0.120172134031646 0.314774862015868 0.284862688244727 -0.332650526542169
0.268981129043778 0.0810546298022385 -0.141123111160707 -0.468848863041814
0.253324050258078 -0.104044087987988 -0.382891325102944 -0.147401966297574
0.130027752422315 -0.223418726105213 -0.284740077401241 0.0945572513910634
-0.00978346459573982 -0.211567894127555 -0.12274618003751 0.154554150497076
-0.0445369274393422 -0.206351276997596 0.017717269194033 0.133074254431236
-0.0404089323964293 -0.201645036135724 0.132509900260359 0.103969642881755
0.0630647785446362 -0.27320111095354 0.212164415506227 0.134298803089932
0.2447571267347 -0.214306819857368 0.205087431244867 0.2458554728807
0.340641025353649 -0.0462138151000394 0.0561371664282274 0.353376078754049
0.317258760809428 0.310009701426969 -0.219966184466217 0.312305049673126
-0.0184539731460617 0.524502010534238 -0.362816350351104 0.117971615726413
-0.347237247197285 0.477716023891958 -0.228510114351807 0.0342235454632957
-0.464629758698305 0.25404493158695 0.0600825203627962 -0.0318551581095248
-0.250421990041067 0.433219481402781 0.386367066819499 0.0296757493849516
0.0575063070075526 0.427702601177382 0.396332538711188 -0.281228737547531
0.319638877697673 0.167376552719178 0.0179169876722366 -0.465787688971459
0.319861247280392 -0.0947275325740037 -0.252356853416091 -0.234924728769928
0.175105835461335 -0.256276321167664 -0.239115500483283 -0.0334294685129733
-0.00226278298435085 -0.254741607788862 -0.134603197308734 0.0413926785336727
-0.0563552173028038 -0.23823516570344 -0.00241145220752726 0.0413277930311497
-0.0514216842937337 -0.22195315537308 0.115454665462771 0.00779790141921412
0.0539534297670111 -0.293627434882103 0.22711207884205 0.0256089312263434
0.243023524735443 -0.24806543292585 0.276579934339365 0.147581943517386
0.362749091693145 -0.0824976160704107 0.173779633317919 0.319664837784538
0.348294090090132 0.304543744416097 -0.113419917124387 0.321829814508471
-0.0167141445616413 0.521378043721482 -0.301446574092303 0.105792009417712
-0.349127595188061 0.453938155078345 -0.103115254073307 -0.0716386472237463
-0.455455166401678 0.158332975864697 0.240362871878119 -0.123419740560862
-0.325080865472921 0.362879350869333 0.446849062377582 0.00317658684483765
-0.0291045953524317 0.430265297102389 0.468250432300547 -0.20295589000281
0.283869423881549 0.215974569957766 0.169010135778728 -0.399050475543517
0.317358217774099 -0.06205909653449 -0.0926635074980274 -0.288855198874964
0.186850532121914 -0.237122540847104 -0.170420673131671 -0.156162520861835
0.00628598546419434 -0.252305908802988 -0.134543921182066 -0.0750762628668941
-0.0582657586556872 -0.234325656496431 -0.0219185146772935 -0.0524036178485987
-0.054251017820157 -0.214964649400154 0.0924960439618664 -0.0862408130504383
0.0452046608673485 -0.274357224443355 0.223571800296321 -0.0730682342787901
0.221346596769908 -0.236340773582958 0.314611006864139 0.055537884430347
0.339484070760029 -0.0783741293373054 0.247210215549089 0.271081732647649
0.306915218647266 0.287697401563093 -0.0355363408167766 0.301131840558703
-0.0526838933684934 0.452210103211521 -0.245899882986772 0.0793389076904113
-0.329478527443945 0.355193620675546 0.0127322543293934 -0.159407510398097
-0.350193775101912 0.0470683851362182 0.393504627088662 -0.196175423495754
-0.305998875175745 0.218816900546957 0.483000669631367 -0.0189229372935846
-0.0839002972363359 0.324468899396874 0.491120549942989 -0.128707983649203
0.194289353129352 0.192906035031099 0.269395326867456 -0.306852863455751
0.242362367466289 -0.031404447067973 0.0417694356066736 -0.308411984347011
0.156581540371274 -0.176803699857008 -0.104831410637238 -0.251371088739038
0.0118907117048191 -0.204893962934857 -0.127793664024279 -0.173839736344683
-0.049387769042875 -0.194887029548928 -0.0377065385910842 -0.133999174391164
-0.0467024890722966 -0.182297296913367 0.0719629689960629 -0.168191651392823
0.0380603656240051 -0.226910296284882 0.215848434752241 -0.150378015182022
0.185304904712023 -0.191368866192753 0.338238263871702 -0.0133754943297224
0.288422468877411 -0.0418126584405654 0.284619650078629 0.233437268420661
0.21702557332708 0.26780255738755 0.00925285110138105 0.277700569211191
-0.110306854219589 0.340067985638323 -0.198299521310003 0.0547871070488009
-0.290110851816065 0.204765965964691 0.117785175361669 -0.211172566331441
-0.177581284581853 -0.0677709590243903 0.48104801258591 -0.247841157477499
-0.209266472386861 0.0511473839096244 0.479054518345575 -0.0401977360713582
-0.0863803571544426 0.161794447011143 0.479683041668968 -0.0911080219519652
0.0878480421745228 0.113916665479188 0.312911574314067 -0.245073074682565
0.127163381392079 -0.00873759161378799 0.113584451833581 -0.314945408780002
0.0958931498520753 -0.0907191410404894 -0.0682034875310337 -0.304340713627341
0.0135824264718349 -0.123228669400168 -0.122152315646426 -0.236969245968527
-0.0319702604195475 -0.126736180533254 -0.0475808568462758 -0.191865676974024
-0.0295160186300533 -0.128022704357666 0.0599028265553628 -0.226447457207813
0.0302226091152741 -0.15795979186049 0.215930697749669 -0.202136452429273
0.13610818245862 -0.128065300689884 0.358438278735315 -0.0546197239809533
0.216464897220051 0.0022327611893248 0.301849125688453 0.219173657667621
0.105636092146969 0.228539406358161 0.028525740771273 0.267631679265643
-0.15706944771909 0.197468190500964 -0.158095807668895 0.0421728040814965
-0.219885807721015 0.029656278802193 0.202611529938768 -0.217695143410018
0.0840506323466249 0.111393686603582 -0.237741530525207 0.271144886751371
0.10620550617143 -0.0659460757934963 0.215521907852328 0.04174538810253
-0.00836408691813973 -0.116525709812441 0.019361992098632 -0.316328890076707
-0.096981996249463 -0.00815561059287062 -0.329290766809236 -0.26777545445462
-0.0419483256142594 0.0559069842865531 -0.444158059852814 0.0751083957167426
-0.00474333279082717 0.04876355210989 -0.242017608017398 0.286843112907738
0.0168655177649237 0.043850827885312 -0.0414720556769437 0.284012317811765
0.0121793101916135 0.0264659737967569 0.0633607544690009 0.250930589310325
-0.00696780550133626 0.0228100907211135 0.129616748185221 0.252837780880233
-0.0275473021909947 -0.000699002782462393 0.0897356473807736 0.317030338769443
-0.00784912998235695 -0.0157011846111213 -0.0675700087127451 0.335640411030729
0.00515195167792772 -0.0328011862581842 -0.279415494590745 0.239564889508327
0.0927686501868485 -0.00583276689224151 -0.450688148299873 0.130470043055357
0.0944855220004073 0.0982713576515795 -0.516062817157828 0.0554011137083033
-0.0199190714850122 0.188551113887157 -0.528370748868741 0.247797184420319
-0.0597108043034554 0.227573503376778 -0.249779124868855 0.235458171084548
0.0854062985564182 0.0953190316293476 0.226424217074021 0.0538224992071545
0.0727134101588955 -0.00931332613505574 0.0706753752927148 -0.333112106484062
0.0186178188692275 -0.0209794969259803 -0.321559367929109 -0.323754619532421
0.0394003511644662 -0.0169146295905622 -0.463200969997372 0.0388528265424191
0.0223095192211738 -0.049276484366683 -0.267068547039714 0.269655816453655
-0.00306068534542851 -0.0445625665586887 -0.0599143199107844 0.283669019992457
-0.010974461450981 -0.0620947184973711 0.0588852222615524 0.243630913629502
-0.0155468406311445 -0.0720366866357848 0.141300802804292 0.232835893255583
0.0259497672785405 -0.114771717776485 0.132982069479328 0.291556566368122
0.116460174858359 -0.0753962385286557 0.00563867936254468 0.344174752191385
0.139177749223771 0.011851737699635 -0.206584972630093 0.292180735246866
0.139464638694635 0.159980094771428 -0.407521949560716 0.188772475229933
0.0036991844927716 0.286950872674609 -0.47384868581017 0.0831451277572032
-0.188105080363213 0.324143083549771 -0.458096355428411 0.207908591616987
-0.222139579725636 0.301230315773418 -0.20669067720872 0.16630379880665
0.0123508712417502 0.262711832090076 0.2636135397698 0.0541579027104843
0.127241365122134 0.142286715530951 0.161248819625038 -0.348598852525351
0.151135660871894 0.00421083815570963 -0.267561845765001 -0.400094286125209
0.143151017462229 -0.0800528479356149 -0.451133338905251 -0.0345438396632061
0.0658337038215074 -0.148686909641188 -0.285026055889649 0.208196863078831
-0.0151607894333409 -0.134015768129558 -0.0879210825741264 0.241126149825712
-0.0331977970087227 -0.142012901052165 0.0441973215351091 0.20180001455136
-0.0297420792030724 -0.148377341357241 0.145802620113713 0.1761583661726
0.0500037481773713 -0.21224563203513 0.182393594115189 0.222483506831891
0.198861463279652 -0.153728503073876 0.115149973928563 0.31290368535768
0.259158903843793 -0.00565471992928664 -0.0787670124059255 0.341845419297079
0.234645784829403 0.263477367510061 -0.3255587471288 0.267395347044243
-0.0167065879576238 0.440355052389549 -0.419069776767223 0.115547513292346
-0.290485154876082 0.433813471561173 -0.348828282875856 0.139997684802032
-0.36717830408411 0.316336810631547 -0.100069113819747 0.0711234086337655
-0.105128667931819 0.394451639616676 0.319869556648645 0.040924096321521
0.131264228213345 0.308594885937851 0.277998089663493 -0.338536180667655
0.268497710515345 0.0709295067174192 -0.153387324635833 -0.458351543226405
0.246561646655779 -0.113408643331076 -0.383394534189833 -0.13151044325404
0.117735698826859 -0.227262413703487 -0.278654325875875 0.105552819317381
-0.0169887207637223 -0.209398241008217 -0.114366811007283 0.157888666770375
-0.0533827615133277 -0.201588700966922 0.0231253850932081 0.1298012630334
-0.0461187321691053 -0.196314254225992 0.136089627324781 0.09388803479892
0.0505346569851751 -0.273642812240573 0.217500485532384 0.123109221853819
0.232976145489953 -0.224368503165464 0.215581971963445 0.235641212937946
0.334096222670599 -0.0583466921356971 0.0657246432659998 0.346105611380433
0.326303579721949 0.294730079889568 -0.212140383416426 0.317427138088811
-0.000346413794105101 0.522241459761716 -0.357881087831994 0.126003775786309
-0.331160279963808 0.487356754698755 -0.226713142528228 0.040520199795149
-0.452283573107851 0.268477793840738 0.0575260876943909 -0.0345615156832711
-0.231441158636966 0.437104090398196 0.384255385268699 0.0162333191050603
0.071908204800288 0.423865521315791 0.389151909414624 -0.290697349488352
0.322076213200266 0.155395706387683 0.00435180190393321 -0.459759140863872
0.313116800693599 -0.106893117278293 -0.255168329342989 -0.22531571233588
0.160788798528455 -0.261270539020614 -0.239343637490966 -0.0231921350531128
-0.0112056042478113 -0.251425861786271 -0.130568002106835 0.0479421543186079
-0.0648556799172613 -0.231309998107124 -0.00123040995560194 0.0404218007987649
-0.0579274539795543 -0.215949103014173 0.11529299879474 -0.000439875436119608
0.0415964605503827 -0.292068286904622 0.226295477471514 0.0150816849631891
0.230396674489584 -0.256401669128823 0.283665166232192 0.135804558819502
0.354695554037108 -0.0958110234065376 0.182882134860275 0.307950170936077
0.356343439653553 0.288779656155166 -0.105543438121534 0.322190097395365
0.00201530178459007 0.517799179037585 -0.298488832491719 0.112129595130111
-0.336639679614041 0.463594789183685 -0.105863971145953 -0.0670999399997373
-0.445775316022444 0.175875146709367 0.233943666649347 -0.131357325867092
-0.307507814791317 0.371103446214337 0.441474377726906 -0.0101065407093047
-0.0146012285952096 0.427435103645893 0.461810948787265 -0.216155155772245
0.288290121296221 0.204286320499633 0.157076491261766 -0.399680338048029
0.31100672238924 -0.0742315003596015 -0.098782468070869 -0.28433713997174
0.172882754451113 -0.242598784627089 -0.175940355243782 -0.148059680101974
-0.00242107053994218 -0.249381324479706 -0.13527121078913 -0.0668598714213282
-0.0669452144598373 -0.226858726281898 -0.0245530217516607 -0.0508543657072233
-0.0603746419841194 -0.208314811806667 0.0887600614302499 -0.0911379742778208
0.0331049939837971 -0.273079524788646 0.219483921862258 -0.0812198409587392
0.209188922412256 -0.243130108020667 0.318347564837956 0.0433443949456862
0.330327267494306 -0.0891480205394677 0.253844610557254 0.257119860016912
0.315054332455677 0.272320938178468 -0.0297396444256463 0.300070794506833
-0.0371292342755229 0.450665125129023 -0.245189318223129 0.0856174263747494
-0.317728501414048 0.364837690493427 0.00625381553021893 -0.157153068636703
-0.34551465128706 0.0589272930285004 0.383574228695277 -0.207831189756237
-0.295990682826243 0.227345389688132 0.475728091053694 -0.0313634607261538
-0.0717270057470552 0.323647303475334 0.485372441351952 -0.141745147722035
0.198296918709188 0.183099310286448 0.261083862012796 -0.311622277767238
0.237909064813161 -0.0399016497388339 0.0341648798074121 -0.308964634476634
0.145701697979301 -0.182031627064482 -0.114925951590688 -0.244466073834687
0.00406774667093992 -0.203111839324067 -0.133286726770889 -0.164791792605669
-0.0572053575309092 -0.188241325661544 -0.042871077448429 -0.130521060848696
-0.0518645459857145 -0.177569446986299 0.0646026619402533 -0.170539559851023
0.0287554736302202 -0.226167716488008 0.208537357882064 -0.157247957594078
0.175177082395133 -0.19583571351441 0.337591279312379 -0.0261716781193172
0.283134047662488 -0.0510423826834428 0.289895602359514 0.219464966065742
0.224440266439125 0.256076590977771 0.0141910325409746 0.274639702768482
-0.0983612517916707 0.341677964923512 -0.19743410031164 0.0607956681414049
-0.283227073818351 0.212973015785917 0.107761848866903 -0.211495942729029
-0.178152507522905 -0.0596636865763055 0.468776058052125 -0.260594428859602
-0.205497178855058 0.0575620841443668 0.473176522719634 -0.0510955644530361
-0.079837159455437 0.1626471023328 0.474100305871545 -0.103902649676231
0.0906514001933214 0.108516624882807 0.306684856441696 -0.252234471395722
0.123883864547619 -0.0127026692334059 0.104143356614444 -0.31918373519742
0.0897396692418716 -0.0940993539501906 -0.0809152768610037 -0.298012520779388
0.00913845954493886 -0.122264056379931 -0.131560312813423 -0.227394199122246
-0.0374382884891179 -0.122452292975414 -0.054923130466363 -0.186634805334814
-0.0343033828187002 -0.12516882186063 0.0503596314868762 -0.225710716752506
0.0229023661369211 -0.157669846011398 0.206475460580903 -0.207709084051987
0.129440913575824 -0.130625959619491 0.355378099118042 -0.0670312483906412
0.212681269889004 -0.00497734966755082 0.307286835905565 0.205478836947784
0.112134251840164 0.22222735491384 0.0342223642141201 0.264744995999997
-0.149612689151279 0.202708621592522 -0.158585495850866 0.0475934381492646
-0.218475208778127 0.03767575408357 0.191808365522345 -0.22058320155507
0.0893295232402405 0.107792306889531 -0.224602770270561 0.281677342662323
0.101977018029131 -0.070900288968621 0.218194844955683 0.0277912997159496
-0.0140474874434815 -0.116704449233372 0.00657211598905575 -0.319783664362843
-0.0966387185813103 -0.00292884046593839 -0.340637136646844 -0.252239577077169
-0.0382433635928197 0.0584086833495654 -0.441158019541329 0.0975832246314838
-0.00216439626164031 0.0487206733392059 -0.225473748669526 0.297737928003771
0.0182374147448627 0.0418734923377413 -0.0275507357725282 0.282413527614594
0.0139774723366829 0.024750699593707 0.0764308679318978 0.24621920531338
-0.00538975019326262 0.022263922344497 0.144400587495783 0.243955031696052
-0.027028356381815 0.000853680713138654 0.108901172630409 0.311660232497142
-0.00877715580736969 -0.0157585538786341 -0.0522417331170155 0.33997358792569
0.00371171045088421 -0.0323440393677107 -0.274825762374521 0.253695685726568
0.091487475655989 -0.011316130932028 -0.446250067313209 0.153017843015372
0.0979592755910436 0.0938537214111035 -0.515206396238875 0.073936755284103
-0.0108891767200657 0.191617091962757 -0.520833414114721 0.269146560763804
-0.0492565246432179 0.23215787864299 -0.238492574641152 0.246059558252018
0.0900389939032779 0.0909716386037028 0.22973006417214 0.0390353281411786
0.0727484915561991 -0.0136580583823461 0.0583770410401119 -0.338870414204507
0.0169177577137091 -0.0207338032711944 -0.335493768538817 -0.309938776741457
0.0394759393089175 -0.0187865145052178 -0.460877843879088 0.0619520480052268
0.019567531731672 -0.0509117440851098 -0.252224435391651 0.284040643144882
-0.00537433492465864 -0.0456752306191996 -0.0450818998985649 0.283909181144282
-0.0140851427313972 -0.0621077114741251 0.07168325612442 0.23929946278581
-0.0189347261235084 -0.0714050691306332 0.155206349607315 0.222095109957654
0.0195638055920092 -0.116185856571301 0.150772474354788 0.284036858672111
0.112634083867702 -0.0825874871784061 0.0239295759041196 0.344895725212452
0.138869199458459 0.0061891962421424 -0.198356511575949 0.303380382973797
0.14646078043046 0.152549155514803 -0.4033677576548 0.209815588755403
0.0154325078204273 0.287716434410097 -0.471468263779665 0.103586689167093
-0.174947362455096 0.335735617488814 -0.450140607678685 0.227271173870698
-0.20891745728207 0.314155969185009 -0.199441723532282 0.174980904995244
0.024862966574038 0.260999055214945 0.267428155632788 0.0390911978443581
0.135308034241358 0.136683705551779 0.150016676606371 -0.35863285270642
0.150897363379359 -0.00286198676366443 -0.285921012419212 -0.387856989209958
0.13857657667493 -0.0875901403787424 -0.451560194081001 -0.0118176023004678
0.0568510795739298 -0.152471706602891 -0.274198432894784 0.223367729627623
-0.0212852562270917 -0.134212232280053 -0.074296287647859 0.243046056107498
-0.040177325582954 -0.140101235713668 0.0544575210804551 0.198082767429839
-0.0363636945954354 -0.146429933573708 0.155414237759552 0.164505179658331
0.0389930721392474 -0.214261432826763 0.196704625606568 0.211736602076959
0.191285403457387 -0.165611070320127 0.133145807737411 0.308347376302233
0.257633918767666 -0.0173022527020095 -0.0674245103018085 0.345202184926498
0.246841392396881 0.251683063476084 -0.316464168065852 0.283627207194567
0.00297574831200237 0.443516726294006 -0.415741741210435 0.131778437879599
-0.275358675942088 0.451107861873548 -0.344274475012686 0.154989975825501
-0.353130252932338 0.33629440434252 -0.0979347366715969 0.0745555892017181
-0.0847279899479902 0.39912673104285 0.322642474424533 0.0249333457618969
0.146899748934897 0.303665481964062 0.268450681846925 -0.355241023533965
0.271576994933225 0.0577064094869028 -0.172928647859912 -0.449667372732774
0.239965307945421 -0.12621851131581 -0.388530008437562 -0.114371576059161
0.103787996796449 -0.23351539416769 -0.273712761464026 0.120026771239458
-0.0274957258172121 -0.208435537393731 -0.10455401642394 0.163537174590824
-0.0630138676060882 -0.197485094233003 0.0293040701711185 0.127912220610123
-0.0541519132667781 -0.19323134437913 0.142171057155548 0.0830951681013127
0.0357526454264865 -0.275718195298105 0.225647820690684 0.110192563334641
0.220363623473416 -0.238250259020319 0.231037306534471 0.225362070568621
0.330301886885645 -0.0734764412394214 0.0787874858861636 0.340945307214473
0.34134642963921 0.277778921319613 -0.202006937662175 0.327188085858155
0.0242940837231212 0.522730293733731 -0.355523541684706 0.139254261373088
-0.315307729909587 0.504994046009812 -0.226169345797934 0.0509543889657229
-0.441988848857866 0.293713363796084 0.0551832102627904 -0.03785461030091
-0.210302365187483 0.446883331058021 0.384699580887876 -3.61750779311874E-06
0.0934861860867046 0.420881120720109 0.382389792524994 -0.309588190706544
0.328792716459486 0.139427031854462 -0.0137938294296197 -0.459772401796521
0.306917531094304 -0.123280259028931 -0.264260444677802 -0.213287453966218
0.144695953893681 -0.270466893629784 -0.240738396009568 -0.0112675589661295
-0.024414899736125 -0.251267096146333 -0.128021896600516 0.0555281835338557
-0.0773066830289304 -0.226287474912818 0.000665123257192979 0.041077111897338
-0.0669607979503525 -0.211727217726939 0.115516711699728 -0.00948887911113531
0.0265831030428853 -0.294006744784063 0.228721331881484 0.00191610908867794
0.216270851603763 -0.269733921776019 0.294809631974031 0.120544935004596
0.348615532153097 -0.11125767694013 0.195550692588378 0.296946581491025
0.37161884231634 0.268356144730221 -0.0950144295620053 0.327600282863704
0.0257926776297549 0.518661854960974 -0.297378212939543 0.124632218783669
-0.318555240370282 0.481414958229516 -0.11057187005425 -0.0616196117703756
-0.439002131883783 0.199396098611765 0.226571270801095 -0.141888016582175
-0.290975824549609 0.383882635096868 0.440140570492341 -0.0279425299163929
0.00734288918870826 0.428750121456105 0.457559812018114 -0.235521408051393
0.296849987985817 0.188835153133437 0.140877594977771 -0.406557875108151
0.30655962662345 -0.090256492700284 -0.109242832281239 -0.282966412408689
0.158593849271041 -0.252854934103297 -0.184328567941385 -0.139693223613578
-0.0150398813024166 -0.249160379752712 -0.139191657882388 -0.0584138289635701
-0.0792412838900042 -0.220683419460895 -0.0274262418419627 -0.0485056373010057
-0.0691623398857331 -0.20392994033068 0.0838064992305033 -0.0989860052226087
0.0184190659370653 -0.27444834640885 0.216339343727947 -0.0935875784341056
0.195935203252117 -0.254737766230253 0.324368873954145 0.0266771716782002
0.325358710554549 -0.10419295246396 0.265364362429043 0.242524676768342
0.328928012177952 0.255865463191253 -0.0194449116913026 0.301859057890078
-0.0151344600493053 0.453841186624751 -0.245613054238029 0.0963908202321904
-0.304091336416339 0.380917225626304 -0.00221300568965716 -0.156379519215176
-0.343338771527577 0.0786293427206484 0.374684042723806 -0.224221322700002
-0.284481811271702 0.240143923375136 0.473939648358212 -0.0490916281444022
-0.0564859987877349 0.327757260294605 0.482519831132287 -0.162340440491263
0.206150468891602 0.173002128628903 0.249229360017519 -0.323573827288399
0.235416503447063 -0.052242023761822 0.022861848306879 -0.314884823648775
0.134096990542431 -0.18946624425349 -0.128132283423416 -0.238697357425494
-0.00641935274094296 -0.202957924944135 -0.142244067755684 -0.155741922024546
-0.0675851923107693 -0.182949707033249 -0.0503952249786314 -0.126939657572993
-0.0603690586919601 -0.173485151244444 0.0555911185741401 -0.174603288401527
0.0158392235643673 -0.226934471248303 0.202104609095044 -0.168164637145751
0.164804294462352 -0.204573602007002 0.340030477307661 -0.0434100640181951
0.278658425249655 -0.0645859504668741 0.30042185757662 0.204030014666991
0.237087333540157 0.243005637894369 0.0229363182859142 0.275098965507284
-0.0821876914395911 0.348720328843247 -0.198228879192526 0.070846771051839
-0.276177571915793 0.227596688491445 0.0964912449969653 -0.214744255373324
-0.181388943178151 -0.0494566345943701 0.457814868212688 -0.28111633032977
-0.20326036873816 0.0670515448587794 0.471269170546483 -0.0665263624941007
-0.0723035763279239 0.165993100546992 0.472239080431493 -0.124936143541547
0.0944471113678774 0.103320496662432 0.299275962556982 -0.265915134894713
0.123118295791592 -0.01875795444168 0.0918879992458047 -0.328538792616968
0.0842436111966299 -0.0986588448517368 -0.0972883338669661 -0.294355611930027
0.00262724739912493 -0.123191494885378 -0.143523438802399 -0.217774681730972
-0.044046083872987 -0.118327327943201 -0.0645619131626512 -0.182227546701044
-0.0407522992216895 -0.122553251570165 0.0380657560977292 -0.228988985660941
0.0139716801032002 -0.159041454317067 0.19702089772464 -0.217837738236998
0.123317126087691 -0.137067165249029 0.355375242472452 -0.0861918707489781
0.21189829015579 -0.0152043004864955 0.317279812947904 0.188750513660219
0.122776353160239 0.215076983924587 0.0433005887619923 0.264039428441016
-0.140528222436536 0.212238783581098 -0.159324029439651 0.0568611546482771
-0.218113410745974 0.0482302926305115 0.179917590102152 -0.227782722420967
0.0965130334368405 0.10128602875954 -0.201412874806193 0.29367824428197
0.0958357159958658 -0.0770365426483811 0.217121473155667 0.00956234971926197
-0.0220766686061217 -0.115167123481989 -0.0150011613125277 -0.31866156037451
-0.0956322632906686 0.0042648942666699 -0.352423782707703 -0.22894108855983
-0.0328601998012625 0.0611175446411363 -0.429711191511505 0.130122883356445
0.00156194543401279 0.048024898919446 -0.201554766278541 0.308947986930882
0.0197764183551778 0.0388510557809847 -0.00960667271884966 0.277672388992963
0.0155433237640697 0.022388559391904 0.0933061415484563 0.235555565970467
-0.0033331901463039 0.0214102623283518 0.161468615033098 0.227074229340341
-0.0258681832462187 0.00298160367761685 0.132685607214772 0.299902115411698
-0.0091763989508907 -0.0153105781009181 -0.0288692357491408 0.341946463684756
0.00183353682610943 -0.0307654617282193 -0.260250318928784 0.270700592356441
0.0894026841302135 -0.0180992183657112 -0.433584579972836 0.181791699808635
0.102065054685539 0.0864827071844693 -0.505024415652389 0.102028489418787
0.00260544124574216 0.192687547069687 -0.499722558055122 0.296382120378074
-0.0333126940358298 0.23461652951152 -0.22045130843838 0.259472461909893
0.0946594870769211 0.0833304231536937 0.22936023994605 0.0204515838615838
0.0710062281905674 -0.0187211718927276 0.037110160276581 -0.34164197487872
0.01508877701497 -0.0214868936789477 -0.350351429942195 -0.284743317157408
0.0377134843383462 -0.0212696423960483 -0.450895904796742 0.0943163249220954
0.015225551662975 -0.0516576051718848 -0.228801343761907 0.296240227617641
-0.00901381138560694 -0.0451634189339589 -0.0244823074596617 0.280344596597484
-0.0182982643781087 -0.0607080241118803 0.0879489557741964 0.229438262050285
-0.0231417355393327 -0.0692613650771764 0.169801064438068 0.204758019045284
0.0107826627914761 -0.116843063755131 0.172262449733755 0.268604187419392
0.10520446066183 -0.0908280358931632 0.0490971332275834 0.340489584290946
0.138278966752449 -0.00213622770325072 -0.18114587243094 0.313897733510299
0.154757193340408 0.139945675129537 -0.388245153546687 0.235230010763054
0.0329434175513667 0.284876784361195 -0.461081170827444 0.12764909848276
-0.152620658353166 0.347176056900409 -0.43310279117768 0.252408820269954
-0.185676391299122 0.327639241813456 -0.186270435834424 0.186317868934099
0.0425277679183892 0.255746684112072 0.266610117227288 0.0193698234166979
0.14365028229322 0.125026181554629 0.128160597094645 -0.367570640397591
0.14849186797325 -0.0128580899098904 -0.304252884468152 -0.363408260939931
0.130151674893735 -0.0968144026001374 -0.446566893978861 0.0199974295486946
0.0446516481563417 -0.15435625220411 -0.253952027301188 0.240149412353601
-0.0308842805551117 -0.131033615082657 -0.0552176047648072 0.243317476494176
-0.0506509248317276 -0.134746092362147 0.0684089435311875 0.190539930423562
-0.0453509490983827 -0.142116756923558 0.166677741782603 0.147668974339391
0.0223465380747584 -0.214970850293946 0.212110076672532 0.193138254843876
0.176058747990264 -0.179060742269101 0.155673140878254 0.29549551907636
0.254510712569351 -0.0336774825773302 -0.0477460434608184 0.346396075954158
0.262148676027136 0.231352528039985 -0.298449507984398 0.302341597671966
0.031942839905777 0.440173271957769 -0.404422097878877 0.153517663010325
-0.244018475843216 0.467375624110469 -0.332646013527912 0.175881006604476
-0.328686969498969 0.359575084302917 -0.0939971163404402 0.0804703493391975
-0.0567296794937121 0.398303748693428 0.319596137565621 0.00372609624164545
0.16628719014183 0.289898091730126 0.246749230600011 -0.37178456672786
0.271976560612547 0.0391841072651239 -0.198425816698104 -0.433014123859921
0.228037412341672 -0.142816573110865 -0.389599664942656 -0.0866464652935036
0.0841881292948482 -0.237985357606762 -0.261371472226159 0.137509651347583
-0.0410714997774164 -0.204474923434206 -0.090374550027761 0.167958595009649
-0.0766052601097567 -0.189858187152071 0.0386253273382378 0.124469728538626
-0.0653424966032832 -0.186711992998069 0.146947084781325 0.0680166256901998
0.0146088115553306 -0.275915676783475 0.232633954932924 0.0905072090660343
0.199918956774608 -0.252706060646583 0.248936469099747 0.206106694879204
0.320505864826907 -0.0945937835988059 0.0978227037107114 0.33177716449524
0.35717102155108 0.250273580064519 -0.182043742869175 0.33915870382746
0.059213114204357 0.518110564834128 -0.346082446860125 0.15961045477066
-0.281445609820434 0.524898061139949 -0.222001705025057 0.0650162612086054
-0.418318672907378 0.321834995718855 0.0499261531662562 -0.0408633307626567
-0.177209807792982 0.454028850204716 0.380694804823812 -0.024457853591488
0.121354774055346 0.409587085876834 0.362988923024206 -0.333146562315437
0.335155420749701 0.115640438822174 -0.0415322818267247 -0.452669745656893
0.294311275572613 -0.144667123145315 -0.272576486122922 -0.195427312512349
0.121625961591472 -0.276996662861229 -0.238038526702988 0.00588593551172126
-0.0419741261719281 -0.246479883329349 -0.120921304753045 0.0642251490061896
-0.0924103641009738 -0.216335432324234 0.00359226046964096 0.0409462780383074
-0.0788380440531716 -0.204265994959845 0.113011837984267 -0.0204715348155056
0.00381587407687521 -0.292312231791522 0.228087999141554 -0.0159264553388253
0.19351642015008 -0.283147406442431 0.30427692932703 0.0971968482400554
0.33638882349795 -0.134042505098485 0.211644299906098 0.278825768702579
0.387629679800235 0.239063727950504 -0.0765746654666058 0.332118722785263
0.0606110500008817 0.514333249098041 -0.289531949255418 0.142228647227181
-0.287434452222589 0.500217994475644 -0.114384931505671 -0.0526813919337589
-0.422120818264082 0.22790731115584 0.214482115109643 -0.154361533243494
-0.261293834285915 0.399026229119788 0.434061514312788 -0.0541051083564004
0.036978405279016 0.425015682670626 0.441725128055587 -0.263416710827758
0.306473079916449 0.167742738200403 0.11644430203069 -0.408860860004707
0.29606308543355 -0.111614258329658 -0.124564908343425 -0.27514714305921
0.136613139231116 -0.261042511313418 -0.192312029428773 -0.125677467050844
-0.0327554857384068 -0.245010063209331 -0.140822825405915 -0.0463086424988423
-0.0936521891338548 -0.210165063520605 -0.0297396928911228 -0.0452904107673942
-0.0810549940451359 -0.195352764755058 0.0752527115037307 -0.105259083575853
-0.00143232304032672 -0.272519195930862 0.207969560880112 -0.108580919974502
0.174888956011252 -0.265997323704941 0.326959750451194 0.00276599966679275
0.313757613282677 -0.125555586839331 0.276634502367022 0.221072578159644
0.343007081784667 0.227877971286998 -0.00373781303760781 0.301273465063257
0.0160081602848318 0.452027571828074 -0.240430675607225 0.112584055656513
-0.279220442664269 0.400078686220777 -0.0143063040524037 -0.153403436708766
-0.334223118830391 0.102274015853973 0.355759032021448 -0.246701146488009
-0.266486914831117 0.255736210833513 0.465035971284941 -0.0747057180933663
-0.0325280245601728 0.32765168510612 0.470321128494299 -0.192796726945002
0.215185179348994 0.156473417435661 0.229006573037616 -0.3356001228101
0.228362227191386 -0.0686870652217988 0.00381346221070139 -0.316606586751387
0.117605294339961 -0.196379197341195 -0.144348413539881 -0.227560095514035
-0.0207071631754554 -0.200116389028014 -0.15180363116943 -0.141535709232492
-0.080077722430691 -0.17318798126547 -0.0575641954458063 -0.120430864560587
-0.071008542003821 -0.166844714814999 0.0418886437319658 -0.176600100359684
-0.000997172915650326 -0.22532162068399 0.188993269896284 -0.18014952962338
0.148206119069841 -0.214560606189989 0.33703626605885 -0.0683565388436045
0.270816121257998 -0.0826950827207107 0.309909149989848 0.179263760458675
0.250231983328562 0.22209394075631 0.0379081786682363 0.271571233255362
-0.0579252780847544 0.35185518763607 -0.194212771609627 0.0847487110347916
-0.260375629277792 0.246064205771433 0.0807450253851646 -0.217534375398929
-0.182261725262283 -0.0358342554947152 0.436580282235687 -0.307760278661729
-0.196337276567758 0.0802456161010701 0.461458413534858 -0.0919537425043605
-0.0610243600044522 0.168239480266866 0.4618271531122 -0.152844247479302
0.0990895210682568 0.09551226881796 0.282612373340451 -0.283166453858095
0.120164473255731 -0.0272700837924598 0.0708147426661534 -0.334658631099059
0.075265690122248 -0.103761334170522 -0.118292942670037 -0.283911443446642
-0.00731108948793384 -0.121546123900033 -0.157931781628019 -0.202875715872263
-0.0526053888191232 -0.112331206780697 -0.0759521480731587 -0.174484735656769
-0.0486503346353666 -0.117757527283381 0.0214341439452213 -0.228888342690267
0.00135364446881431 -0.158097338096979 0.181916974605516 -0.228724777860099
0.111982798157442 -0.143573789216768 0.347435017981444 -0.111049457754367
0.208324837125079 -0.0293448717676607 0.326160200552433 0.165363789169275
0.136097163260707 0.202874474491938 0.058220025989537 0.258999421575214
-0.12407219948114 0.221329734392551 -0.155917897868181 0.0691579365898999
-0.213868023120518 0.0639300998870124 0.162265798652814 -0.235811917854442
0.0992935677573826 0.0911995937606387 -0.173027513141514 0.295827823189659
0.08648048175833 -0.0803699019279453 0.20714712077433 -0.00712264481117374
-0.0300919785676128 -0.110337058783206 -0.0352326898069011 -0.306260802907426
-0.0909269743316065 0.0109375202421571 -0.351706668016991 -0.199046764238366
-0.0265408981505653 0.0612417430894572 -0.402842418431242 0.155168236128294
0.00528712918870384 0.0451602718048306 -0.172652619627702 0.309706950296593
0.0210858673993067 0.0355055264289704 0.00793417753332703 0.264702370150421
0.0159928085698983 0.0192936675648068 0.106172561046309 0.218230415395526
-0.00150810430187359 0.0203210436486957 0.170819559036876 0.204292565422917
-0.023367406969189 0.00401767598419756 0.150532836867196 0.276535811636017
-0.00968723528854267 -0.0144209664478125 -0.00430010231785635 0.331910801716618
0.00023052541913952 -0.0284489041234522 -0.237387402724847 0.28043999212567
0.08333242467197 -0.0240695150013468 -0.405353817262476 0.203465078207924
0.103350756407058 0.0766915535233313 -0.481658043704309 0.127668021300454
0.0160130365918378 0.186818865702157 -0.463374856863751 0.317754957544241
-0.0162700438466785 0.229253016694441 -0.195082121196129 0.263978214675069
0.0963892821338897 0.0729606982427932 0.220664432430856 0.0024977354739691
0.067012977558983 -0.0238301972604253 0.0147404976297401 -0.333237559050144
0.0125343509128085 -0.0216532959003606 -0.353325737424266 -0.252712358715903
0.0352549278997237 -0.0230460392500128 -0.4248246237929 0.122150603941295
0.0111169323778813 -0.0505262881724658 -0.19916431228502 0.300012892420733
-0.012777916215647 -0.0431420960491555 -0.00499699702772373 0.268282720257199
-0.0219466688065048 -0.057162116756339 0.101368385489187 0.212564766390677
-0.0261499402217221 -0.0660108894062552 0.177540434967424 0.180732423453617
0.00188552414117307 -0.113250315318169 0.18675857519829 0.243585160435779
0.0940080072993078 -0.0957816723776984 0.0719753447908384 0.325233605423172
0.133020440860934 -0.010222329609231 -0.157813719782953 0.316491177919774
0.157691586732311 0.123919244542386 -0.359688561106988 0.253668719945864
0.0505456871729139 0.271951236822497 -0.43692017534454 0.148535392276366
-0.123888376505668 0.34628904478469 -0.403151692180525 0.271175214680723
-0.155616021433852 0.328653974783074 -0.169176372511168 0.192402043178468
0.0581586900967265 0.241958464150052 0.256138728894728 -0.000397128218284808
0.146662154729863 0.109418687348944 0.101144190357159 -0.363931374232659
0.141193759113925 -0.0223893512782272 -0.316798045157411 -0.32904761498196
0.118157253001256 -0.102647966478655 -0.426222789290425 0.0498137832590429
0.0306673753255227 -0.151251394199375 -0.227314909040032 0.246827214630053
-0.0393645607851501 -0.124119023309924 -0.0366412583616013 0.235265116160925
-0.0579534796876077 -0.125685077045863 0.0802237945869332 0.17685611690252
-0.0522794801483764 -0.133115517100501 0.170395888997656 0.126551343998164
0.00546094884198168 -0.20878778952772 0.219136623991653 0.168204178573717
0.155604212822552 -0.186164723793186 0.172653321208909 0.272771519873418
0.241798547344997 -0.0491171713812149 -0.0267472578056294 0.337246182847366
0.266398915007434 0.202641205537284 -0.270623979041126 0.311952949769999
0.0602640684440691 0.42183627335641 -0.382647707223655 0.171636845222876
-0.206635448953275 0.467556397552605 -0.308996808766269 0.189265929952228
-0.290810008407409 0.368970242988111 -0.0877974483351169 0.0842014602324738
-0.0288909024352064 0.38560211328413 0.30687344399324 -0.0182235136712596
0.180983256027731 0.267006252410077 0.216665602041738 -0.375178566907996
0.2636580713155 0.0190367827156963 -0.216026904714855 -0.403357591652901
0.208079588614869 -0.154602560498043 -0.379374948589415 -0.0586120963088738
0.0628075409224064 -0.23410417504746 -0.241921923916231 0.149809728645449
-0.0552169887165709 -0.193516461593628 -0.0742802841345828 0.166487715196293
-0.0869315107614341 -0.175798531108271 0.0458202300961028 0.115690348872177
-0.0744670569965652 -0.175643453421132 0.145049993018622 0.051410594468932
-0.00586702161539628 -0.266239127617295 0.231342358977428 0.067707382997895
0.173351068624554 -0.258854465429289 0.256069377368076 0.179573760411056
0.300904958226367 -0.112704948513935 0.112584222211366 0.313187163446672
0.360112232218099 0.215234159628571 -0.156682454221925 0.340093482658326
0.0921532027833249 0.495324157701236 -0.325703699802418 0.174873354117584
-0.236951718931207 0.526591651286969 -0.210249904714534 0.0771347375572261
-0.379438074618048 0.339204863336099 0.0428851349536998 -0.0419254611290112
-0.141517220428847 0.447615974339985 0.364056013467007 -0.0475636506174664
0.146065225975826 0.386040101006614 0.331990593543372 -0.347235997286205
0.329406714895213 0.0875647238456504 -0.0677550844118165 -0.432038261833041
0.271771099205154 -0.161018270181101 -0.273027395536235 -0.17191844979334
0.0962089193635681 -0.274953047817678 -0.22886881394909 0.0209689994565417
-0.0577618680246522 -0.233513998287871 -0.111323436692802 0.070795935180833
-0.103654666792594 -0.199316112327395 0.0070374326752541 0.0386503118126707
-0.0878761243694257 -0.190356217360002 0.106650752987087 -0.0302011547688013
-0.0178036929174561 -0.281433666393867 0.218185105666304 -0.0338077160158235
0.164772271716355 -0.287556444983901 0.302518440454123 0.0706594931061287
0.312145944149358 -0.151528597008431 0.218493829877803 0.253704256659753
0.388058916756094 0.20141192352593 -0.0555829169625799 0.326287685403539
0.0944851779004479 0.491634017691735 -0.273726042589969 0.156115322478704
-0.245681973635121 0.503814071096295 -0.114580138566944 -0.0426623397228195
-0.388778926382894 0.248663995476171 0.194280304765051 -0.162122340588208
-0.224885903399582 0.399057485798775 0.41278474937097 -0.0786991094037199
0.0636608642190859 0.405240561519934 0.412013771368965 -0.284173767323231
0.30620384507362 0.140124224015723 0.0887223430810493 -0.400610745990335
0.275970188802543 -0.129210270375663 -0.135188378713513 -0.259169738555163
0.111169651088224 -0.259428335289041 -0.19478447207122 -0.107999375064729
-0.0491337346421599 -0.232608070465653 -0.137945676055747 -0.0332416782706665
-0.104388976772294 -0.192949963659889 -0.0311833956704459 -0.0407491326316355
-0.0899893667804955 -0.182250690963133 0.063570686018121 -0.107365679419951
-0.02109903786074 -0.260635597350415 0.19345247039521 -0.120420616868523
0.148822514876378 -0.267980924492831 0.318474357130975 -0.0223876796724081
0.291857893459652 -0.141591214301111 0.279654792048995 0.19187569567806
0.345275470181411 0.192883822059236 0.0125215161396497 0.291948581010347
0.0457463712672655 0.435467873418413 -0.227198360180512 0.125144394725937
-0.244120011456234 0.405613107144933 -0.0238301346412881 -0.145742983830874
-0.31322334571039 0.120863346885115 0.326454957336891 -0.258222294834031
-0.238478328939881 0.264496193200909 0.444204439782444 -0.100892039989524
-0.00946414058316849 0.317028287600621 0.443896847962475 -0.215663389476781
0.216195364967584 0.135751742323407 0.202994441471127 -0.336713960163497
0.213778543594775 -0.0823005524173134 -0.0146888657281803 -0.308654129036119
0.0979677057614543 -0.196890241153989 -0.15542719458449 -0.209156665583765
-0.0346167714770307 -0.1903337717968 -0.155483232067545 -0.123668989417467
-0.0888858802492866 -0.158478695782172 -0.063470723334861 -0.110812455410071
-0.078620121260856 -0.154023819547566 0.0275319400083501 -0.173140575573669
-0.0176964253554115 -0.215246307317561 0.170053148458239 -0.18708329549924
0.127756544840896 -0.216183354692586 0.322415698059511 -0.0912251766304061
0.253362148332459 -0.0980465707608502 0.308961934372104 0.151104955490164
0.255582191946526 0.194451432441282 0.0515365091484584 0.260672747073556
-0.0304303603183916 0.342505036968979 -0.184084880127695 0.0961593887940011
-0.23512858212472 0.255207996697662 0.0622880090854932 -0.213788326559716
-0.17640167669508 -0.0215010213790939 0.401398923376509 -0.322619411766918
-0.183459476956676 0.0905424554668415 0.439897633706812 -0.114146417325909
-0.046736203486054 0.16575241681043 0.436583521389502 -0.176940646407271
0.100543467606846 0.0846692643994085 0.256866193833055 -0.290842993809718
0.112911748227342 -0.0351372653458802 0.04691346278829 -0.331132104379505
0.064115720225537 -0.104550513777813 -0.13399195470395 -0.264850416320188
-0.0158042493395842 -0.11625459878564 -0.166275160793071 -0.182043528280492
-0.0581841447755033 -0.101808334401204 -0.0844845056788078 -0.161112726554389
-0.0553805025679462 -0.108638645223079 0.00436653969590636 -0.220168737635829
-0.0109370680663457 -0.150707666296818 0.160613323843972 -0.232175185052909
0.0979882055515545 -0.145224568668545 0.328356776316921 -0.132163042854496
0.19698624978587 -0.0432848192329052 0.323963069235375 0.13748085023702
0.144582746813812 0.184021534852774 0.0699710758847351 0.246475494302252
-0.103457994719756 0.222455535730396 -0.146894060385902 0.078986099001547
-0.201265968736096 0.077044847694162 0.138912572243579 -0.236616399757113
0.110131542330594 0.0762625243582226 -0.133802518199735 0.293617332438287
0.0716895865422874 -0.0859304430692063 0.189141699997362 -0.032969043915144
-0.0453302304854941 -0.100494982258152 -0.0741508208032089 -0.278734872877753
-0.0845744992093176 0.0206804895916601 -0.355517962328861 -0.134311158383219
-0.0175529874901848 0.0587497045224643 -0.352292080158281 0.202138815657043
0.011359922172932 0.0421600487747436 -0.118484361708103 0.311601524765316
0.0241205425812314 0.0310587891605353 0.0419322743441424 0.24710631214143
0.017371182542491 0.0148669825896599 0.12769626989973 0.186281989624997
0.00193538593881234 0.0167859069889193 0.186910102018742 0.164958147147551
-0.0205321946062978 0.00482921238702373 0.180794379497635 0.235076850790228
-0.00910934755806649 -0.0148151760853404 0.0387005679017434 0.313420664094727
0.00112628136250018 -0.0253805153479903 -0.1900738513145 0.298456216151451
0.0758976597143656 -0.0331358758120141 -0.351389386022965 0.242159857313932
0.108348030756465 0.0616058765391041 -0.427625486860828 0.179793115579201
0.0466930969743588 0.17390483228607 -0.396425558226416 0.365792902793086
0.0187127704568682 0.225569380922121 -0.149425577527763 0.255092764404267
0.0999678160968777 0.0558148263036871 0.202075443211011 -0.030525534620695
0.0565325596923018 -0.0331293687275904 -0.0338911497844068 -0.316127477990485
0.00699637504229607 -0.0216821693622959 -0.368568768559678 -0.183945707311034
0.0283635069248748 -0.0275310410042535 -0.381927110758734 0.175814155687074
0.00440741622608256 -0.0472312576966137 -0.147629248910323 0.306689453765808
-0.0167300416673072 -0.0371734869059152 0.027924288583801 0.252431322317561
-0.02815339482486 -0.050514403870142 0.123066622454557 0.181871354873856
-0.0325842764756014 -0.0588026829913415 0.18842425345428 0.141549746272526
-0.0137877920920571 -0.106379238901534 0.207698068459877 0.195947794406055
0.0741807060206074 -0.104851566810427 0.109115473607235 0.29278347527003
0.125726806771316 -0.0264053219266234 -0.109048540719105 0.318055857743931
0.165906491965549 0.0924512813758639 -0.298330555564853 0.284231528875377
0.0851076914344827 0.246004407203529 -0.380643892935789 0.204295299317355
-0.0604613391258958 0.339786377588207 -0.347733329112391 0.318205064541733
-0.100764191330563 0.340811870679274 -0.126577438501537 0.174142534406452
0.084911092701734 0.217634155044851 0.235898217349044 -0.043332824704692
0.149883550038527 0.0804062584638288 0.0409539233033069 -0.363629613249133
0.126819244201375 -0.0383334779539384 -0.347573459713294 -0.264031250244138
0.0951755103460784 -0.112537822065764 -0.397976414413695 0.107998238320285
0.00903644784806372 -0.143545579268818 -0.18453208062266 0.264463601552301
-0.0521395512016882 -0.108847858903919 -0.00706538281924889 0.226377330318166
-0.0700449712381163 -0.108995924698644 0.0975655508646775 0.151632623740724
-0.0658626007754289 -0.117650774752765 0.172422513102385 0.0908737183356659
-0.0246068335813829 -0.194617949152973 0.226135138207311 0.119717153807865
0.116417526833134 -0.19765381392011 0.19488647829052 0.226993421047548
0.220042742970568 -0.0778635096041108 0.0175794414063972 0.316935533273613
0.279458542593396 0.147841230286889 -0.204128624688386 0.327995523665682
0.114812829472563 0.380888253610671 -0.322504936509946 0.22505048455125
-0.119451019809181 0.462800028424296 -0.274380841938074 0.233023882338676
-0.224920335645444 0.399405958170386 -0.0538873804228032 0.056561859414358
0.021585055916929 0.363228077990951 0.285095253984102 -0.0704697186997509
0.20313807230034 0.222019486607214 0.148907605402651 -0.398041470660166
0.246430319464372 -0.0148266159765653 -0.267870750681081 -0.350259960613638
0.172279931911459 -0.172040332381511 -0.371765430484707 -0.0005365555703865
0.0277142023591109 -0.224391129140001 -0.214405128789526 0.175855894263432
-0.0755000339187745 -0.170602649891595 -0.0543340245892233 0.167930165952077
-0.103978534848812 -0.15081136825553 0.0587490115714596 0.0998802991262836
-0.0918511382121564 -0.153638754786657 0.13726650327366 0.0256291151356198
-0.0433686061969856 -0.245018493297616 0.221578427336335 0.0244589311882651
0.12191950040876 -0.266528005067878 0.260103033573367 0.126717580169917
0.264293718794681 -0.145169813011167 0.145361313344332 0.272146115032717
0.366689042904925 0.144094418920018 -0.0925578516076546 0.335964745841815
0.154267212737179 0.443130848995062 -0.266183533965189 0.224306155075584
-0.140966016626946 0.520079493489101 -0.196807575301028 0.116917716138389
-0.314049183304419 0.381252785533932 0.0593135430049596 -0.078145109161625
-0.0757819751729209 0.434734178837784 0.337012542954355 -0.107056354702344
0.186498198247693 0.338422842428194 0.264211043855689 -0.390303398052652
0.315738175216792 0.0405909355203898 -0.132170428032388 -0.403374745282519
0.231844139372422 -0.187237876178689 -0.29267326721504 -0.124845732509482
0.0525528452045097 -0.266835107827826 -0.222797200465609 0.0539621022612854
-0.0833572682193999 -0.207700956773094 -0.102841429088905 0.0825090318681763
-0.122419034627423 -0.170456149979176 0.0110911951911525 0.0338505416794053
-0.107283339916149 -0.165570032402313 0.0901912013497239 -0.045225007495365
-0.0561273646255609 -0.255987634127358 0.193924849424636 -0.0687618657030926
0.109739315805088 -0.290655135485425 0.288442617670252 0.0184038286582391
0.268309605656344 -0.182106908264785 0.237874226379839 0.200533587279546
0.389492801839238 0.125439815499301 0.000952038133130196 0.309438227095499
0.155363174341999 0.439814124568601 -0.219953266405507 0.200892543022337
-0.153177120325847 0.499594576145819 -0.122474985679157 -0.00989233962368572
-0.336672023821422 0.293124898349233 0.188154628292004 -0.203536599072619
-0.160839477755328 0.399380753796239 0.383230971442659 -0.140020587427012
0.112353764384552 0.366837399392211 0.349778889107613 -0.341574544863015
0.301565243827151 0.0931850246022165 0.0206093469247905 -0.397910435045749
0.239736324027538 -0.156790356263347 -0.174888941087436 -0.229413464120668
0.0689905464769222 -0.255560593601833 -0.208205953016052 -0.0731930351290197
-0.0759655926917188 -0.207993126974026 -0.142689266652929 -0.0118277178880287
-0.122090168077566 -0.163851448622981 -0.0352902075929699 -0.0336048937807099
-0.108421750675082 -0.157162129580803 0.0404710895246565 -0.110874811151348
-0.0560881536914748 -0.236508723529796 0.158958362226505 -0.145257979927956
0.0981448740097098 -0.269995942382894 0.290584046488261 -0.0703359897962281
0.24905225444186 -0.170561336584602 0.28748702867127 0.134725349899523
0.347801510985917 0.125105260667607 0.0593099889044659 0.268445377228377
0.104373720901222 0.393603106348342 -0.18366271684907 0.165661240776222
-0.167832945310027 0.40741106182268 -0.0505417787733315 -0.121307814113542
-0.282066388425775 0.157276208413313 0.296494340680248 -0.300049119460602
-0.190615822912994 0.273163839197328 0.409857453714655 -0.159354413282342
0.0325048759056817 0.29399737868154 0.391948780171309 -0.27808327595055
0.2175835345603 0.0994297644010429 0.139686976072636 -0.35486360819058
0.188994858637276 -0.105430847408986 -0.0665918167806766 -0.292728913517628
0.0644048626575554 -0.195783094211422 -0.183692266153695 -0.173472402957249
-0.0577672330346119 -0.171209379016844 -0.170084439665805 -0.0944427468637954
-0.102669997411176 -0.133533485625699 -0.074428938740032 -0.0945108803229346
-0.0940267397274623 -0.13188676207798 -0.00131302985215264 -0.166510004507991
-0.0468607966939993 -0.194417816594715 0.129086432558562 -0.202241888324116
0.0847894519206792 -0.217821333527496 0.285928231185289 -0.133355655166713
0.218443305007359 -0.125960732605065 0.310885757823118 0.093781555338229
0.264243369503312 0.138915152778564 0.0901519035775337 0.237386905643948
0.0208272523245973 0.3193458235779 -0.15196496103133 0.131063645050458
-0.179983198151549 0.267788437571156 0.0215570019401547 -0.201976334302755
-0.170900778496864 0.00140473293935151 0.349806398934571 -0.354997155130677
-0.159015877699686 0.106021581365063 0.404325427709972 -0.167617973543318
-0.0215658186315525 0.157307060385281 0.391438922868309 -0.232040249957597
0.103467797102888 0.0658855269700762 0.20028134417446 -0.316433280079047
0.101026494190419 -0.0470793712922069 -0.00737459966711329 -0.321733907986209
0.0455318419825489 -0.105692389739398 -0.16629599027147 -0.229543382476536
-0.0311950168167492 -0.105422875068397 -0.185841310670606 -0.148013714036581
-0.0673702113735112 -0.084820335762185 -0.100503087758539 -0.138016975550966
-0.0669669518352203 -0.0922101101497317 -0.0274055140090956 -0.206141235231141
-0.0324766624688425 -0.135081357295411 0.115070613737623 -0.241883579783177
0.067615976164208 -0.147640212355706 0.287872689972507 -0.170538669416594
0.173730244626486 -0.0686926978889261 0.323852456050732 0.0801480819780835
0.160672630952603 0.145564794583905 0.10364657027396 0.224026219961013
-0.0625013613779988 0.218907503018776 -0.125037502810791 0.107576256950706
-0.174971151131728 0.0989366176910671 0.0915899346719046 -0.238749817368069
0.105369161287088 0.0718363663437459 -0.123649323907021 0.279959983923011
0.0666163063093036 -0.080505803299552 0.176620174764262 -0.0321987896656571
-0.0448875687202887 -0.0941996265731246 -0.0713479736207183 -0.263149257414363
-0.0795948817905447 0.0210549793936563 -0.335836872784539 -0.127621268169715
-0.0151085129663779 0.0552783947801569 -0.331046244924423 0.195801715048972
0.0111059514218718 0.0390623884079811 -0.110207700834719 0.294776768368918
0.023001031176075 0.0289095391566214 0.0383646520149321 0.230684834894475
0.0159722018665214 0.0135340791690806 0.121700049357002 0.172517829400704
0.00279835231997397 0.0145696960877994 0.177018864762681 0.150901087679945
-0.0192621618017305 0.00384353037579274 0.174569884091828 0.218311946234139
-0.00841129784603606 -0.0146128529130807 0.0401337714525625 0.296535044222027
0.00186012809678847 -0.0229488453201167 -0.180416661481685 0.287163848656746
0.0701114362961954 -0.0319479712757594 -0.331317152580441 0.230541814949607
0.102579238609818 0.0573812663136854 -0.404966283165588 0.170587191306904
0.0459126157253626 0.163686419907976 -0.374409048655871 0.347989523860148
0.020805048812999 0.214202687049919 -0.140634343714607 0.242998397160739
0.094543449570259 0.0522169098883648 0.189031627068916 -0.0296129775742745
0.0520771948935962 -0.0325303329136196 -0.0333829883346122 -0.299542725988222
0.00603381325287702 -0.0201190071969351 -0.347045670399904 -0.173921771924426
0.0267838319120232 -0.0263382368928102 -0.358212645233389 0.169652896759264
0.00334060143778327 -0.0448818971292315 -0.136606892737954 0.290932161356346
-0.0164836511275262 -0.0350725186640245 0.0276943145440774 0.235662950240787
-0.0274978699437164 -0.0477356042163266 0.117634469560639 0.167570484125302
-0.0304052832260281 -0.0567665052654019 0.178542303428494 0.128684919677204
-0.0146918199427742 -0.101083600082377 0.19903446691349 0.180337311982111
0.0680137281468553 -0.100603577384215 0.106839325844642 0.275356258541776
0.119456586946158 -0.0255291295261892 -0.103059413450269 0.305050322113705
0.156740192602897 0.0857167936236676 -0.280939605872728 0.270788891962594
0.0821770484526976 0.232184187546809 -0.359873086409372 0.192810588201879
-0.0546906190982939 0.323369200233631 -0.328742322336212 0.302901902020197
-0.0921331639563638 0.325015581290372 -0.118508489001386 0.16778814696308
0.0817802753007706 0.204729414775003 0.221269506994968 -0.0418109292032652
0.140766190164047 0.0734662063710874 0.0380824573149691 -0.34575157602239
0.11832391988714 -0.0374351911014853 -0.327629812789337 -0.24852090117402
0.0880293169875913 -0.107105440515302 -0.373649266622028 0.104607955217719
0.0063067109239962 -0.134811120412053 -0.171742415483903 0.25016615040875
-0.0506709943404979 -0.101769757004866 -0.00514230026922324 0.211943614138301
-0.0678281850050131 -0.101710112689267 0.0942207785598971 0.140273035563829
-0.0622610506141543 -0.111573522387862 0.161432048703193 0.0813912135816392
-0.0262050003742463 -0.18310552759666 0.215827363948862 0.107986320642753
0.106716040956482 -0.189368602216453 0.188527320354356 0.21193418543748
0.207268158281376 -0.074977704860601 0.01612760329118 0.301709012472773
0.263990265112236 0.13616931651799 -0.193184590094912 0.311865967831523
0.110731164135572 0.359819447204295 -0.306037557685523 0.213206799246636
-0.109540678233575 0.439986356295966 -0.260094796032698 0.222485451000133
-0.208238118787755 0.379727127762865 -0.0518012025320214 0.0565518724858111
0.0228682250804254 0.341244670461252 0.266391638462797 -0.0671560225274838
0.192983360766747 0.207099189240776 0.139528316322605 -0.378373078348743
0.231433570780528 -0.0166329601148482 -0.252496975520406 -0.330840342692265
0.159960772015447 -0.165151789250004 -0.349992298005703 0.000323050368278105
0.0227319106666856 -0.212568253335717 -0.200586072938506 0.167498334062584
-0.0734043044191606 -0.160051348240603 -0.049800653261829 0.158207783860615
-0.0997925935902044 -0.140488696450937 0.0565987558566106 0.0920765575634917
-0.0874282144332462 -0.145025953624519 0.128649705474239 0.0199162582116818
-0.044658503332615 -0.229905968723386 0.209720566440695 0.0185370099477611
0.110323721099798 -0.254378501489203 0.248953628217245 0.114591015130314
0.248032830042461 -0.139798406887852 0.13706014149946 0.257586455715874
0.346609293444312 0.131385129090757 -0.0873794643786836 0.320648967210899
0.150333769338949 0.41843716919663 -0.253854746309265 0.212773325425575
-0.13199981641529 0.494444166507892 -0.186657548824309 0.112339879986519
-0.293360926627629 0.362578158176971 0.0541904958847316 -0.0715599693647363
-0.0688056400494788 0.411100447876211 0.315704283425805 -0.101506223612799
0.178823388590918 0.31637624733979 0.248899200364418 -0.373003527110356
0.298629012585636 0.0364303205842531 -0.12296504700034 -0.381172839553793
0.215693767044076 -0.179095151441602 -0.275845069893913 -0.119437511012833
0.0454182248229288 -0.252126529288953 -0.211702715989555 0.0526663308378057
-0.0815233510225547 -0.194810972225725 -0.0957732197609305 0.0793333304220243
-0.11649278870043 -0.157892224004928 0.0112990595686124 0.0313113240067412
-0.102167582224727 -0.156173228302636 0.0831949415058281 -0.0449392714421652
-0.056642992837998 -0.241064090865133 0.182964482649857 -0.0686020622083349
0.09978529623913 -0.276760541248216 0.274354034911455 0.0112507235340681
0.251556430027874 -0.173994003457826 0.224286735570808 0.188149875767649
0.367658190539462 0.114324143600423 8.28436604865014E-05 0.294881336376898
0.151269755812468 0.414445070680253 -0.209629269070807 0.191836700275673
-0.141006051997849 0.475587857138198 -0.11698196081753 -0.00711962127209188
-0.315095520365963 0.280135368961011 0.175818072918307 -0.192144070114518
-0.150978470213695 0.378089172976172 0.360291530276165 -0.131986627619174
0.108872429309427 0.345145198791558 0.332274697648462 -0.326896074966086
0.285015136523358 0.0843788300597535 0.0222268624061189 -0.377140298672755
0.222858409545399 -0.15073496042675 -0.165479180483101 -0.217820910955211
0.0608721997400658 -0.241575948615887 -0.19796285476488 -0.0663754640402887
-0.0744142332033394 -0.195669420264547 -0.134594635373065 -0.00842250867740595
-0.115916618169264 -0.151891886963782 -0.0330784153568866 -0.0322208942578124
-0.102924493128613 -0.14728728788078 0.0360573188293191 -0.105635181450037
-0.0559061165969844 -0.222567203650835 0.148426686100846 -0.140119181638577
0.0887088983350343 -0.257275477461433 0.276257509201203 -0.0720297059047187
0.232434638229716 -0.163829851340526 0.271102952514108 0.125584194588136
0.328058579556954 0.113650604219073 0.0550044273235617 0.256723830937767
0.102266738560844 0.371760449077839 -0.17450024632544 0.159119879924591
-0.154856490236288 0.389346179531751 -0.0495029416225443 -0.113461337909444
-0.264450674709681 0.151500674650178 0.278241388976073 -0.283766139145029
-0.178408234091112 0.259715432762427 0.386159780878466 -0.150431009522366
0.0327698561452192 0.276266132965024 0.371592481217643 -0.265561681021355
0.205583371048976 0.0920507325457094 0.134567519956816 -0.336811963162727
0.176225379361677 -0.101497500624297 -0.0649285027623013 -0.280280927306963
0.058288096137473 -0.185681049822026 -0.176075491211465 -0.162229528419156
-0.0566971690879974 -0.160006719987977 -0.161764960077176 -0.0855969811827013
-0.0971023857052978 -0.123279059149177 -0.0705304244699646 -0.0887102855858176
-0.0891990503148196 -0.123198793016026 -0.0034295096254089 -0.156710719926169
-0.0463187912335266 -0.181938911870595 0.12058468882706 -0.19386666920246
0.0773203941259637 -0.206832894624073 0.270492152091952 -0.131393893739163
0.203834460621162 -0.12094510493663 0.293477967534681 0.0864582290682374
0.249586449512143 0.126927384117132 0.0843025924189868 0.22560695223124
0.0231215336468471 0.302322088660966 -0.143904402285205 0.126642551435656
-0.1678656871764 0.255943153835169 0.0184916628745889 -0.190136004830914
-0.161164981110947 0.00213053063566326 0.328811389854234 -0.336751135505322
-0.149545683865905 0.101907085680328 0.382087531134012 -0.158476211522304
-0.0195578177729554 0.147883530732772 0.3703184812441 -0.221615934040352
0.0970171299921414 0.061299665137061 0.190770751822769 -0.301246250713615
0.0940599566534296 -0.0456823031721297 -0.00962484834965486 -0.307922334233003
0.041910292330282 -0.100596094744134 -0.160857315965625 -0.214868707997915
-0.0312723979907506 -0.0982443683206658 -0.177663999536241 -0.135670047688326
-0.063911569585523 -0.0776477519298392 -0.0952370231164525 -0.129237207125626
-0.0640236344854879 -0.0853498366564011 -0.0276240033964559 -0.194634909021114
-0.032392678201926 -0.126418602200153 0.106720200522046 -0.230373010965741
0.0620354025432871 -0.140384290319518 0.271555727527469 -0.165415816127654
0.162499539988728 -0.0660491882558198 0.306255925471923 0.073547226879738
0.152025224557019 0.135085721921192 0.0972551078855328 0.21326969131836
-0.0554925856648881 0.207346431043344 -0.118401084634628 0.103885036839873
-0.16371306757849 0.0952078001386352 0.0838549747607945 -0.226109052201817
0.102517300340952 0.0718755973075437 -0.124208533330297 0.270091144863702
0.0665821798957808 -0.0765343668398773 0.17187076095993 -0.0265838739762176
-0.0432902031434106 -0.0917193645502939 -0.0641603032683802 -0.257052873887514
-0.0778165924591756 0.0197754331195655 -0.325069975048716 -0.132175877922139
-0.0144735410014317 0.053306460040898 -0.32341404094331 0.184889655469516
0.00991987174286964 0.0373737281906224 -0.11180786883513 0.283946890484017
0.0220629393795824 0.0278994302543969 0.0306555633328672 0.223251527490949
0.0146802709642178 0.0122797452548053 0.115153129360013 0.167692419505244
0.00145576800749879 0.0125705355881554 0.168498700055925 0.147318428363579
-0.0186572476648821 0.00293964394125442 0.166813721267357 0.212134556168071
-0.00787616922274606 -0.0143903438151921 0.0340283686181143 0.289866107775409
0.00344640988383307 -0.0218782296973121 -0.182104567887326 0.27900495755287
0.067559344080368 -0.0295463551411279 -0.326384380985626 0.216461837303788
0.0984442486238456 0.056627179858799 -0.39953620398255 0.153967321276057
0.0415772476417598 0.160728217113169 -0.37055792265255 0.329912726255022
0.0180931238204592 0.208830240257932 -0.140912855613507 0.235545771393296
0.0909385206972072 0.051987470763102 0.182194551498353 -0.0244834501071282
0.0498681182180156 -0.0311823202384193 -0.0257296270466476 -0.292336735644786
0.00544067985186881 -0.0184668905562883 -0.333637983372283 -0.176316405552822
0.0265594218784598 -0.02554363723924 -0.351512170349045 0.157869316121288
0.00359132667535376 -0.0437207638897161 -0.137421336806717 0.279361400045154
-0.0156775003630415 -0.0337118716273175 0.0204611002026155 0.227263083701223
-0.02670912592914 -0.0471251329672037 0.111122593857511 0.162832208473941
-0.0281506920186587 -0.0556660536195059 0.169323393704238 0.125089188223774
-0.0131238475875844 -0.0989137771690012 0.191563345524324 0.175829126131022
0.0667359982032191 -0.097950095326577 0.0999964666851244 0.269034983377248
0.116656934604209 -0.0224495348794994 -0.108402893486617 0.297455343120683
0.149714167918014 0.0856507168663055 -0.278626698395149 0.256838154860337
0.0754839251382911 0.227245054793116 -0.356730587983798 0.177211878645812
-0.0593011264275349 0.313140953434538 -0.326540500460088 0.287242841233615
-0.0930118938944758 0.314749861493424 -0.118468872196509 0.162769530509446
0.076096005361557 0.199203341328619 0.213473641708399 -0.0350956775855235
0.135005069491321 0.0727832673295152 0.0447805007529139 -0.33680461334535
0.114283424894914 -0.0341054214572593 -0.311751365251978 -0.249110676934908
0.0868363682087661 -0.102677002957679 -0.363412538897119 0.094449452282047
0.00758507036028919 -0.131053933272004 -0.170729037384116 0.239980417408002
-0.0477618576161283 -0.0989098042568419 -0.0090715214000445 0.20484424717073
-0.0645882414082546 -0.0997763721075665 0.089039983211534 0.135599185952614
-0.0584178480156918 -0.110450934680163 0.154553778901572 0.0789812390294506
-0.0236362233321701 -0.178375824020206 0.208039293674862 0.104940159053122
0.104617427300887 -0.183988225248588 0.181722847848244 0.20741284488635
0.202447657366818 -0.0698645435553445 0.00849355034882289 0.295563385393778
0.253443774668153 0.136581210758228 -0.193917124390786 0.300150857630137
0.102270312102152 0.351591066618347 -0.304243802693516 0.198868390019701
-0.115293204583009 0.429055899652611 -0.257605399364394 0.211073317919865
-0.207477812500221 0.365754115285533 -0.0524339644625134 0.0557208335523947
0.0156226813132275 0.332166489514074 0.258077643043458 -0.0582932930504448
0.18323659964762 0.202324447390857 0.144136906313044 -0.366689328913819
0.224237332625214 -0.0125134553209455 -0.235183592913701 -0.328057054940516
0.156760087816032 -0.158224743663489 -0.339021460075012 -0.00748762163075244
0.0238023156205703 -0.205316390673659 -0.19804840606623 0.160142466959562
-0.0696557453127548 -0.155473215386256 -0.0502158191987209 0.151688542553977
-0.094808818719952 -0.136897619848339 0.0535324240809356 0.0885263096125586
-0.0818055298961661 -0.143177648525088 0.123331870294216 0.0193149054262234
-0.0415057403694111 -0.224440705873142 0.20416179105318 0.0185967041800027
0.108853609992974 -0.246816854377027 0.242706758121789 0.113232118577413
0.242992803275292 -0.131233949746304 0.12744226334524 0.254564834419073
0.334059529788163 0.132105738580195 -0.0939470186853443 0.311379363373107
0.139383271615848 0.409639545543032 -0.253610743941806 0.202559947088599
-0.136903690571101 0.480591362571171 -0.184443373612437 0.106096057454187
-0.290611589562501 0.348097083894744 0.0527794085217224 -0.0660241987028663
-0.0740021187506437 0.396943429523879 0.306319984138526 -0.0905085611773762
0.167075988871791 0.309204703317041 0.250765947322123 -0.358654299853538
0.288026802187312 0.0391443425638891 -0.108857180723225 -0.373565040743989
0.210428490873668 -0.171555981555454 -0.26516142461799 -0.122867863934513
0.0463899291324868 -0.244198778776915 -0.206115086797295 0.0485198111997597
-0.0769678089785619 -0.189557257496213 -0.0937045077056973 0.0761933933352542
-0.110959353143704 -0.153899563126109 0.0110409247178055 0.0294565972177293
-0.0953170809584515 -0.153224860451206 0.0802925429411261 -0.0439010842123815
-0.0521163067206562 -0.235085442721785 0.17889258752628 -0.0663292035238132
0.0984584676340203 -0.269184697099899 0.268402144419994 0.0128701929209432
0.244764800094114 -0.165049725015456 0.212946236205541 0.187969538125938
0.353722377990414 0.114075192972058 -0.00862516308454976 0.289642224700419
0.141475490896377 0.406527367137272 -0.210379776498763 0.184373617527286
-0.145735349966571 0.461783416952314 -0.114981989026951 -0.00830518835583333
-0.311866186724132 0.26677624526329 0.173591926455814 -0.180770297697709
-0.152217300734866 0.36540021437566 0.350921503663053 -0.118940612833825
0.100191129489165 0.335250348997275 0.329765522446634 -0.312907305165269
0.273870937847848 0.085548946179699 0.032355633301721 -0.366966603032242
0.217263810638853 -0.143829406215381 -0.15728584647557 -0.218355055808743
0.0618053785030839 -0.233541599186482 -0.192982436118883 -0.0671932666184992
-0.0700823157962287 -0.189816857617844 -0.12977998339431 -0.00841760062253694
-0.110314601209566 -0.147146301876508 -0.0316770009609487 -0.0326837777701876
-0.0967167270701187 -0.144678275612844 0.0357520019479875 -0.102844474070329
-0.0516883583511961 -0.215981655574023 0.146739432095797 -0.135930552548887
0.0881225893624603 -0.248749189975228 0.270279095294797 -0.069444811881864
0.226508085574717 -0.154614113356962 0.259790068253235 0.12736988671437
0.315372115217825 0.113595342717745 0.046787710891709 0.25310461620193
0.0940561992615789 0.363453843851373 -0.175132361836556 0.153330941937322
-0.156957613809584 0.377835691971611 -0.0472860950044243 -0.110221591608613
-0.26007932976898 0.142450141528177 0.276305943798436 -0.269085038783306
-0.177700151974883 0.249930973938863 0.377555420036922 -0.135993461361169
0.0264977540675696 0.268160588530283 0.367422396171965 -0.251342553527954
0.196907289535153 0.0925634977802843 0.141577971901501 -0.326045811189337
0.171167323282922 -0.0961497725675057 -0.0578550261101627 -0.276959486570324
0.058447888594379 -0.179043250702522 -0.169189478410137 -0.158879211026344
-0.053152409710859 -0.155579376876611 -0.155356365930704 -0.0843000462455085
-0.091540564167609 -0.118962737749851 -0.0666864815964828 -0.0871976749591325
-0.0846810826545656 -0.120343329569858 -0.00153311241559404 -0.152577881879797
-0.042664597437745 -0.176742926375639 0.120279680450995 -0.187874167185038
0.0774102765088986 -0.200093627847777 0.265371422509699 -0.125861238646729
0.19799676416404 -0.113379945377202 0.282866281488117 0.0884507347453409
0.238903234646085 0.126519915227535 0.0755531904648455 0.223536138159409
0.0183238468600295 0.294275689291596 -0.143327640122634 0.122180654156045
-0.166704709085999 0.24661247748876 0.0195285327655258 -0.183541209000592
-0.156547400603402 0.000212246366931353 0.327157397907022 -0.320610737562758
-0.146488678012339 0.0970599785253635 0.375467960813731 -0.143578645856822
-0.0210012908584768 0.142981030804475 0.365151394747655 -0.208334328383408
0.0920827980971657 0.0613467721867619 0.195088710498843 -0.291508026647118
0.0908874160114082 -0.0431357162453054 -0.00459776192814091 -0.302699238852396
0.0416582514168728 -0.0975750930639489 -0.153344406616253 -0.210863623588188
-0.0290410550091708 -0.0949431514334009 -0.169382501450674 -0.132656176703659
-0.0597072373693318 -0.0745668712514534 -0.0908703104534111 -0.125969377169743
-0.0609935924287906 -0.0825192561395067 -0.0239793096089235 -0.188537327393214
-0.0298193194367417 -0.121929131473999 0.108134058050364 -0.222844176626573
0.062149133696961 -0.135000850931247 0.266530944900541 -0.157949649225506
0.157601565761968 -0.0619043729395106 0.296166220557108 0.0763948753175642
0.144019261140388 0.132477964490445 0.0894692781209194 0.210336524913912
-0.0561652624543845 0.201114763133768 -0.117014285311246 0.100031490652082
-0.1595036489397 0.089972551417074 0.0843115518673822 -0.216860794109863
0.103126597202574 0.0745679278994386 -0.129268593307298 0.270833147164018
0.0686922832720709 -0.0757422070040438 0.173076837495546 -0.0215934453235899
-0.0428696704121144 -0.0924701474063061 -0.0588247188622313 -0.260392613875076
-0.0786819752361358 0.0201525362097542 -0.326202777305486 -0.141991165891551
-0.0143119231334462 0.052539817276384 -0.328940025816111 0.181423291671933
0.00902885298434385 0.0370748299637911 -0.117561126031729 0.284036982010122
0.0215913732479645 0.0286138250625889 0.0241069925413692 0.224218110378564
0.0143345786767827 0.0119999902175452 0.112076140777379 0.169301341502753
0.00184815994181756 0.0110792754440978 0.166306578651789 0.149689976770814
-0.0180001568545796 0.00119267641517617 0.164839963975084 0.214180193607919
-0.00779605769657703 -0.0152766640023981 0.029344601017766 0.293576161148186
0.00476492515366775 -0.0217647346013873 -0.190441335280012 0.279763776888852
0.0670052465821024 -0.028545853184732 -0.334279241518378 0.212157751686124
0.0972082631626525 0.0578895098116827 -0.407558755123943 0.144759304705014
0.0393993546599526 0.162852382393244 -0.382245955715402 0.324309867330494
0.0156993078607932 0.211205241875472 -0.146365872280379 0.235945489359909
0.0905730304867363 0.0542464442441822 0.184140578372049 -0.0186280809532355
0.0492953366812485 -0.0303045979446185 -0.0199264981982408 -0.296062951028087
0.00507318143174002 -0.0177235420473382 -0.332380734545068 -0.186638886189799
0.0278678039391044 -0.0257655038388001 -0.35504233386932 0.154025717728403
0.00377784381512762 -0.0444794472693439 -0.143818638751878 0.279080257160177
-0.0145767937965406 -0.0346054687357766 0.0146379370302789 0.227660645433359
-0.0258343999465885 -0.047731972356869 0.108554281686108 0.163700867616776
-0.0274266611418845 -0.0586036377719901 0.16781679676552 0.126253870653237
-0.0122169858678921 -0.100069901445712 0.190800233701598 0.176920816703631
0.0682340993905494 -0.0985021113583213 0.0977381657356217 0.272620758086768
0.119136748702481 -0.020614262962564 -0.116358076995866 0.299799805155024
0.148359850324851 0.0892829517770642 -0.288083717210984 0.253226353912683
0.0726412269961201 0.230571027336819 -0.365281830684843 0.168649013167228
-0.0651057858094531 0.315983566744244 -0.336286931517042 0.281829138161829
-0.0978370902230445 0.315595212016487 -0.123907795304464 0.163667913689519
0.0728090300322779 0.201501719272255 0.214322131733917 -0.0280907867234688
0.133697223932023 0.0753484748786525 0.0528877462706487 -0.339522917941144
0.11470371324111 -0.0313284546816134 -0.307327927621575 -0.258511965088158
0.0885503575728588 -0.102683196154398 -0.366960405087221 0.0882854366140394
0.00859331868081698 -0.131481454636426 -0.175741932661945 0.239346099874394
-0.0471135423391201 -0.100084685414774 -0.0132187376983592 0.204657824737842
-0.063179733331161 -0.100617186875855 0.0868940855285054 0.136138113721976
-0.0565395502509311 -0.112834839276414 0.152959291597111 0.0794643058384067
-0.0218632074386723 -0.180628888463179 0.208229469219648 0.1057783428989
0.106068047256757 -0.184835462753431 0.181963279930967 0.210032502191841
0.20522736999717 -0.0665988599174883 0.000486964666525548 0.300402987106287
0.252437709026759 0.141561087639935 -0.204183105882411 0.30010784221725
0.0974487848808068 0.357488252623046 -0.314621603286035 0.194590606831543
-0.125265478049691 0.431483055317565 -0.26538210880665 0.207429778164805
-0.215340543440475 0.364944356013656 -0.0550368972700325 0.0587366037960523
0.0109209538556971 0.333980726445761 0.259242470176691 -0.0503716054754953
0.180308341383999 0.206151555191988 0.154169020228461 -0.368199535599056
0.225130711294505 -0.00858961554900858 -0.228883536852241 -0.336489589359635
0.159541799363022 -0.157107497751993 -0.340730606763538 -0.0149250929161103
0.026318676171634 -0.206554644261053 -0.201875368825195 0.158167443773832
-0.0684311348460222 -0.156975761113329 -0.0528074150300178 0.151644680519874
-0.093342609588619 -0.138564796625654 0.0523093740057495 0.0880513705779718
-0.07964623125339 -0.14628781202991 0.122163651454039 0.0195939656717
-0.038626864479997 -0.227465039934236 0.204648752787171 0.0182185575202009
0.111199278600758 -0.248939518999227 0.244589397247048 0.115801183322754
0.246020280700368 -0.128105079161566 0.12158859623667 0.260474152458939
0.333520549351037 0.138329300868796 -0.103243322945964 0.314793753753071
0.134903896616019 0.417249881595618 -0.262974672864752 0.199016572475167
-0.14781323845512 0.483183313109757 -0.189371673786798 0.104700804206504
-0.299981277473698 0.345017178068894 0.0539014830443146 -0.0628964727912143
-0.0823657962933575 0.399966943382146 0.309078272204009 -0.0807843256224818
0.162261751358001 0.313902109362779 0.262292432232173 -0.357752092894672
0.288924447753713 0.0442302290468303 -0.0986273421973085 -0.380978715020951
0.21269791095068 -0.169912862361243 -0.264595915484691 -0.130764492034899
0.0492744981588954 -0.245322632424147 -0.208980005204365 0.0459364838529579
-0.0746665078001452 -0.191421042108358 -0.0949494785930227 0.075530721897418
-0.109074490536871 -0.15497559111242 0.00998502209893695 0.0288907422858453
-0.0933141016307822 -0.15634142661665 0.0808814166179039 -0.0448149565734964
-0.0491255769723215 -0.237308416026918 0.180783732256655 -0.0673485129188234
0.100772781960109 -0.270974172069551 0.272471255758632 0.0142668542633081
0.248444666066369 -0.162759048863912 0.210766237160303 0.194693709918159
0.354184824208725 0.121012944332762 -0.0170906505799782 0.29411803061817
0.13703660139713 0.41333599146516 -0.21807428270614 0.182862888838717
-0.155160867355775 0.465744463869962 -0.116567221259506 -0.00929046483495148
-0.318892006721039 0.263595385664937 0.178528357302662 -0.177744632204934
-0.160392081501286 0.366083119679198 0.353862830917655 -0.109108495767328
0.0926263091944896 0.339087668326342 0.340220606971027 -0.309499400546083
0.274177293478098 0.09151504680107 0.0442048651949511 -0.372358823315438
0.220727372869266 -0.1416733490741 -0.154013343590378 -0.226564208703571
0.0645157361904726 -0.235502948524029 -0.19362602835974 -0.0701336092179239
-0.0681217020186149 -0.191969638809596 -0.129422866122548 -0.00947546067193492
-0.108146741314669 -0.147679920317854 -0.0308875334489323 -0.0338814430641896
-0.0953679124954864 -0.147156419210724 0.0364157935031513 -0.103507173792065
-0.0489527243991806 -0.218253172226392 0.150270156632216 -0.135857667632812
0.0914000480826618 -0.250648111168534 0.275384925696835 -0.0681094922632937
0.229193960946369 -0.152745924090254 0.258565538199137 0.132972494008178
0.31351471091244 0.118065550134676 0.039130169792901 0.258745007596757
0.0897259822616471 0.368402134637063 -0.180728460819805 0.153186911215631
-0.164375178775727 0.378275464831526 -0.0465148879740556 -0.110874310341996
-0.264770362980702 0.139955791079152 0.283798645408745 -0.264784100654018
-0.18368790070993 0.249550760343827 0.382176923554303 -0.125776773767968
0.0212745328308345 0.269498938297591 0.375177740573423 -0.246481402381512
0.19597019594984 0.0967821872199274 0.153463528669426 -0.328504800320157
0.173180669185553 -0.0943096880609408 -0.0538039758334559 -0.283784896963576
0.0611604889894724 -0.180648452982799 -0.169471893972676 -0.163194329305515
-0.0515130996111716 -0.156839013575468 -0.154458556417323 -0.0852541840675423
-0.0895521272429215 -0.119706366612491 -0.0663623010687279 -0.0892805682688209
-0.0830316148124276 -0.121431211553137 0.000397989903465304 -0.15408686689194
-0.039980572576645 -0.177914466149201 0.124101522447152 -0.188243438044846
0.0810548784309178 -0.201181061529752 0.27118972902794 -0.124767176257211
0.200120932683485 -0.110435319125241 0.283411279899529 0.0947604833984421
0.236483197401932 0.129802637515006 0.0701228432201661 0.229143115642394
0.0148446296511547 0.296720120348429 -0.148224251849297 0.122508802230725
-0.172167693262576 0.246608006313925 0.022524504831662 -0.183156682187216
-0.157615935916959 -0.0024085075469207 0.337350680393555 -0.316391072421754
-0.148510364766742 0.0955992914650496 0.381265899552857 -0.132974174873569
-0.0246085196073015 0.142833498362535 0.373488639613105 -0.2029813563969
0.0908544922097142 0.0627255863276377 0.205195626836087 -0.291748189291693
0.090953305183308 -0.0419330736237272 0.000498004464440484 -0.307700545206287
0.0430930886248994 -0.0984877726970146 -0.152275961357466 -0.214484555788035
-0.0279479237750683 -0.0955094920272324 -0.168934887040038 -0.133989804086013
-0.0585629443300896 -0.074108915895744 -0.089274267905971 -0.129028085597168
-0.0597340408879905 -0.0830137542468213 -0.0214403471762145 -0.190458076461084
-0.0281602566335987 -0.121991655738957 0.112683946155687 -0.223774306598636
0.0651467608431372 -0.135838629618608 0.271728779047546 -0.156400613345926
0.158373586646444 -0.0583115723654564 0.296953396035162 0.0826301582285937
0.141465864384687 0.135241119879266 0.0841088500672492 0.216735302547536
-0.0594507264413087 0.200952378023485 -0.120532120934961 0.100003620656724
-0.160866557662248 0.0880894566618843 0.0873707064998588 -0.216444085659728
0.108955230567571 0.0764387279569307 -0.133130143473362 0.283181148153274
0.0715194705871816 -0.0787635297491171 0.181053381764766 -0.021295901266529
-0.0455520349742818 -0.0951810622455708 -0.0611571661525079 -0.269772253660027
-0.080481196480933 0.0220626803373584 -0.340987074748616 -0.148468968187456
-0.0134830817186263 0.0541599037885027 -0.340141755187937 0.191469376817954
0.00942233225456758 0.0378401652295943 -0.121166393081801 0.296969534611227
0.0231705533763192 0.0291432063503589 0.0229500795481481 0.233336446115708
0.0148526990988608 0.0116280268084154 0.116399177244046 0.173775343635674
0.00115315437209363 0.00991803325088369 0.17297765511476 0.15330627060564
-0.0181499796079178 0.00085820662679675 0.173156130167388 0.218958014872893
-0.00844440265593574 -0.0161135690637546 0.0333003448085736 0.306114896344523
0.00592987720412186 -0.0219422861586192 -0.198477365058303 0.294666664681948
0.0692009076043521 -0.0296638124114699 -0.344945067068348 0.21989817962599
0.100828871953558 0.0589289505944583 -0.425445175247388 0.148472188020624
0.0429648036595408 0.16955191011915 -0.395617659331098 0.338067402315591
0.0193071634319113 0.219840577081884 -0.150970569072553 0.248845659099325
0.0948731123340089 0.055381652344185 0.190940272930442 -0.0166865795207605
0.0501539199849193 -0.0316382417423272 -0.0207916327602162 -0.30752528729946
0.00486824247416952 -0.016703768479298 -0.346415130732481 -0.195331805948079
0.0290193093270836 -0.0270514622437339 -0.367656644129931 0.161743675445698
0.0026013089335574 -0.0463738176230066 -0.146798215269031 0.291017629845861
-0.0163069463795137 -0.0355853271330476 0.0143224315843544 0.235338506533721
-0.0273906261202861 -0.0493743964113518 0.112242141768634 0.167787543912448
-0.029508349861857 -0.0621658329272817 0.173245661462437 0.128246474945553
-0.014107041368409 -0.105429178200515 0.200080235403448 0.180120702591619
0.0687117771245528 -0.103715777789037 0.104877004437417 0.282618262041736
0.124181325740698 -0.0221471744477511 -0.121675564819664 0.315044612096741
0.154190108638017 0.0921245625964781 -0.299769425414502 0.26601441819907
0.0769783476493241 0.238507348319563 -0.38197041853305 0.175848034391065
-0.065864111790023 0.330054214395957 -0.348898851534447 0.295432112681363
-0.0986100085491772 0.329227090995483 -0.128211711713488 0.174438124892877
0.0771711012507364 0.208903483851669 0.221828028930017 -0.0265172330606096
0.138812369181202 0.0768483298967686 0.054972436399033 -0.354481498052266
0.117783818170429 -0.0324433168090478 -0.320478286790866 -0.269756167001785
0.0910583797301399 -0.10775479388036 -0.380269584099871 0.0929693288256034
0.00693414005367165 -0.13716798228996 -0.181461231249364 0.249861609025316
-0.0499964248175028 -0.103099155025296 -0.0132608988683615 0.211158361530524
-0.0667678043202042 -0.103867956998843 0.0899015025953228 0.138415893054292
-0.0595660610560899 -0.11872772064849 0.15804146388694 0.078952147110459
-0.0250021321655823 -0.18828031151817 0.217234279094726 0.10506662551717
0.107177154570695 -0.193982604264268 0.192084563904365 0.215610028264939
0.213403462832308 -0.0707435674188593 0.000477552818764851 0.314307929147005
0.262518435141983 0.144516728681969 -0.212589888877743 0.31421660539734
0.104313648003108 0.371764655389352 -0.328633517268744 0.201831451370854
-0.12704381062706 0.451646814581735 -0.275957801135183 0.218230993226832
-0.22129902985068 0.382195586125371 -0.0575832562557684 0.0650876516948925
0.0137878782843803 0.348239576610851 0.267490685873809 -0.0491497387543541
0.188369160390649 0.213079713386078 0.16102119354065 -0.383892648430654
0.232475739852166 -0.00974492080085723 -0.236586704848298 -0.349960178853649
0.163320524785781 -0.165706063605692 -0.354737905381958 -0.0150493014411374
0.0238059699233185 -0.215405777089376 -0.208370589725684 0.165673903444092
-0.0721813319658199 -0.162373212228674 -0.0534914805549003 0.157340413289987
-0.0975807295987242 -0.141371351262187 0.0546354939450579 0.0893439354885184
-0.0838355726772259 -0.151974276232313 0.125007655760231 0.0171511895137797
-0.0436455349469839 -0.236455396157005 0.212568551691095 0.0143900861269344
0.11114473793674 -0.260763451573949 0.256970126858165 0.11534919566923
0.25446767603362 -0.135467602283322 0.126122339827237 0.271088298651644
0.347243710355393 0.140257052591939 -0.108163097265252 0.330443909109233
0.144953141997877 0.432240148804441 -0.275535616423228 0.209338181956659
-0.149924297903251 0.506245679511481 -0.198041500082056 0.11056607897701
-0.309071934457019 0.361832059715361 0.0549431631939501 -0.0627871120713087
-0.0827025664423782 0.416259252439106 0.319118370837088 -0.0814976863757652
0.170990003099198 0.324324010377373 0.271003146734721 -0.374479117540259
0.299501211901427 0.0443681129420452 -0.100354279060655 -0.398881211860681
0.218811107986093 -0.179554598026918 -0.27569096064269 -0.138027797341693
0.047256378918937 -0.256325281704077 -0.217099010598177 0.0492422392608161
-0.0800906078982937 -0.197394775851426 -0.0972633173273927 0.0792128656037505
-0.11360856011132 -0.15807095225182 0.0107073398581141 0.0280705981121567
-0.0983067742051882 -0.162368077323831 0.0813267403931526 -0.0484822222696935
-0.0545549636158381 -0.246888786896075 0.186619828608061 -0.0730750076970929
0.0999235694806345 -0.283140305011887 0.284969611436025 0.009182246935549
0.255480705767206 -0.170345371819397 0.218177100603065 0.201545713071229
0.368120581206395 0.120782956703005 -0.0178099858901283 0.309502819046095
0.147506953872062 0.428475269350853 -0.22831358029123 0.193010887809041
-0.159531435746202 0.486718405123272 -0.122376547040088 -0.00790012714366977
-0.330982128844159 0.276092712845523 0.18445033706322 -0.182961920207385
-0.163226057478064 0.381559597276261 0.366738618759093 -0.110385027732948
0.0987578413719873 0.352425163143979 0.35397578110096 -0.324788867756393
0.28475137546232 0.0935312033895575 0.0478489028714252 -0.390153293730465
0.226589841634273 -0.149771631021132 -0.161284040331388 -0.238556897380227
0.0634076430028888 -0.245624169133874 -0.202814295002221 -0.0717909321978576
-0.073020335333866 -0.197708423623007 -0.134058189259403 -0.00813941183649193
-0.112391289356448 -0.150820353923559 -0.0329870547683165 -0.0353731707800308
-0.0996882873623911 -0.151865190570352 0.0361076482615795 -0.10867998934678
-0.0528394553784449 -0.226093476829555 0.153761834287072 -0.144741300327501
0.0908354698065042 -0.262058094297244 0.287145495383021 -0.0761559008299223
0.235648020267926 -0.158671553009682 0.269251884874058 0.137618260298896
0.325007311240629 0.119058198064372 0.0399579945231958 0.272406133616271
0.0981663274528652 0.382310027438672 -0.189442110878095 0.161913068234402
-0.167309598331361 0.396785643812736 -0.0502891670445473 -0.113955621725269
-0.274441909995816 0.147223167034727 0.293282789769716 -0.275452425262174
-0.188290418417779 0.261176445078707 0.396758124932893 -0.128412432479567
0.0231135630586147 0.279110059046809 0.391073940411522 -0.25620888492206
0.203213696477055 0.0995997252488447 0.161126507681206 -0.344412808476415
0.177841252519722 -0.0989812771118085 -0.0579945259720422 -0.298711093810219
0.0604231482849694 -0.189280400149531 -0.177321314676837 -0.16838048100117
-0.0551925784262811 -0.16146618103097 -0.160509192216117 -0.0863029931647984
-0.0928161542843556 -0.121430692691644 -0.0695516311276011 -0.0930787868293336
-0.0872859601436061 -0.124623044716822 -0.00225322700058089 -0.160119313638748
-0.0426538953776771 -0.183875984374766 0.127516482642639 -0.198437207773062
0.0818065314321866 -0.209784606866534 0.28175767629257 -0.134762424457562
0.206035267471446 -0.115039088720572 0.294247588594774 0.096614602480839
0.244136682454903 0.132124654910215 0.0717923034741197 0.241357962256045
0.0185818573427716 0.308984784259615 -0.154758730135262 0.129587791524053
-0.175606708907589 0.257501115542224 0.0206204694071355 -0.189267910260187
-0.163714260732919 -0.000326291646740749 0.349892812738852 -0.329888332967269
-0.152280305207179 0.101228771701125 0.397257722467519 -0.136887270500981
-0.0247864754989579 0.147492721891206 0.388703456579428 -0.211606110119237
0.0937727273354529 0.0653570150186702 0.215487731945736 -0.307248737857131
0.093664220321056 -0.0440162132955268 -0.00292330257254789 -0.323588494058407
0.0431032832465778 -0.103865276441013 -0.160335036593191 -0.222167099299393
-0.0299084926862984 -0.0980995365332318 -0.175246514167979 -0.136678050610272
-0.05947010021251 -0.0750663428400861 -0.093844209669982 -0.132887468922834
-0.0638899340362197 -0.0839981563219687 -0.0243931249675997 -0.197346064912328
-0.0302458371301232 -0.125771965899846 0.114935844672871 -0.234735505068037
0.0663921549459057 -0.142085665794702 0.281934344152455 -0.16642445241082
0.163080424887359 -0.0615905754933051 0.307856987008684 0.0841825174120402
0.146366068747781 0.139137445473356 0.0863350268639484 0.226781799867476
-0.0592929829331365 0.209380629363862 -0.12569006689339 0.105597741675995
-0.165532564061984 0.0921542920481162 0.0880990789227986 -0.225174320139792
0.128674568419653 0.0571446429663729 -0.0993321380498717 0.323609003192393
0.0626352268819094 -0.0920047671450608 0.186064304115541 -0.0469693821801937
-0.0610240733056549 -0.087946407891755 -0.103728018688954 -0.26744207913012
-0.0752288974651795 0.0333558650611994 -0.377492438329513 -0.0923195499978761
-0.00712245009461372 0.0520132738480081 -0.315047124148805 0.257804340382468
0.0141148633215759 0.0358389234577587 -0.0745212771903293 0.327941428231033
0.0282893200384433 0.0258004481957672 0.064266883666713 0.240286290496691
0.0152183223486208 0.0094842635053239 0.146487470909364 0.158840048306406
0.00125204954392431 0.0101433333693792 0.203379744884231 0.128122991880581
-0.0210080888810419 0.00325893013483709 0.215590546012077 0.1958178032309
-0.014385913309961 -0.0163347477696269 0.08469457121455 0.312614537216614
0.00518359602460354 -0.0253302339557883 -0.159274783325887 0.341912609000387
0.0653532781583665 -0.0425312385508366 -0.325031179634515 0.283072225060978
0.113764356275765 0.0423543598426854 -0.415328275114551 0.217989770914759
0.0752638491100109 0.164220725605629 -0.360384393455878 0.413275533809855
0.0610292333444428 0.223857089160318 -0.127880745397206 0.276389855895985
0.107349585460896 0.0438379333367867 0.191805744664103 -0.0472788187010808
0.0485937197044262 -0.0378301113456352 -0.0753869107737128 -0.314152000284035
0.00644624744291444 -0.0192270250686229 -0.394043120786838 -0.138158551521756
0.0240129327229448 -0.0382477176510072 -0.349631824131309 0.235797123904786
-0.00580680222047653 -0.0507647530752698 -0.101774691315786 0.329840094694366
-0.0217373741079471 -0.033863774790519 0.0562282187537357 0.244264571112365
-0.0379221114815201 -0.0466352278497676 0.141302967206595 0.152374828750273
-0.0412825262328619 -0.05867016256881 0.198764870611197 0.101943085710079
-0.0342631555699016 -0.104366362487562 0.235231841722517 0.149667615792018
0.0481558905424303 -0.117336761301523 0.15459664958819 0.276568064039487
0.125634018486689 -0.0430879988421213 -0.0785061149684375 0.349887906632355
0.171901109080998 0.0669428803699933 -0.268425189685788 0.322119439838376
0.118715382946357 0.22887898370412 -0.363970736730945 0.239857822009854
-0.0103909053015634 0.345765894894388 -0.31811666514089 0.363186168672715
-0.0428852179925609 0.363115270118127 -0.117108110955109 0.180878921726283
0.112443307017796 0.207668362790916 0.21868055656828 -0.0669507996639863
0.157718098995837 0.0605451936759987 -0.0125135791855085 -0.379781306468669
0.121279100310975 -0.0522330670321052 -0.385256940992881 -0.219460238918773
0.0757119864793967 -0.13048242560127 -0.378918598502255 0.170858084916948
-0.0155742460830758 -0.145061553894164 -0.143898815582983 0.296964066447221
-0.067364862181488 -0.0985979444507928 0.0233312188850854 0.225994179917698
-0.0860480070350439 -0.0949670862308341 0.115040963705713 0.125619009547632
-0.0814954620103488 -0.11176734439602 0.173977057602856 0.0542056130628385
-0.0596735411754624 -0.187081865742999 0.239285961865462 0.0696423582774958
0.0722894367076547 -0.214937405027987 0.233225559739588 0.191751629773664
0.207354065242694 -0.10759185091036 0.0467254679603569 0.329696873348809
0.292882918741116 0.102149345959491 -0.171565627617897 0.357425935078627
0.16869549672231 0.358522162161464 -0.301328790920851 0.258581451527387
-0.0527666184742537 0.479238381548001 -0.254472992250614 0.272776615680944
-0.160649126834032 0.441300780026642 -0.0588147560545047 0.0428628581814794
0.067712809826691 0.36315464913658 0.262084800166967 -0.105143119727315
0.230946366031233 0.194199869039548 0.0846782026245477 -0.435655558790758
0.24301675806293 -0.0457412887679999 -0.320160440494268 -0.319146896568207
0.141820107560121 -0.20069268931362 -0.375856954271236 0.0560959749033153
-0.011211185787837 -0.227710516406345 -0.187820379353535 0.218379495983634
-0.0996206011673979 -0.156183293697969 -0.0273523959523385 0.179179787097689
-0.123247564418868 -0.129215164073417 0.0708718898710595 0.0814226451516038
-0.111920310039676 -0.142114106678476 0.129996007838775 -0.00410561066159326
-0.085443409598739 -0.232915002552061 0.218375130619676 -0.0233753387678288
0.0651129003518968 -0.282968517637755 0.283377504059643 0.0772981145852948
0.238335395065294 -0.179512549543483 0.16931864003375 0.263605691418032
0.377652383145136 0.0817852773658707 -0.0607814684452318 0.357565514316265
0.219780511710754 0.415912566718496 -0.242981220200598 0.258048978566696
-0.0679799218317254 0.540615703496646 -0.188940324044456 0.149488539119358
-0.256717638868747 0.438649642061342 0.0426896470184417 -0.11539202391894
-0.021232452468623 0.448846073478385 0.311844903153149 -0.152474179284147
0.229646319291535 0.313644130749172 0.199854542210783 -0.451065049339936
0.320485410267952 0.00193745334426079 -0.190785713577769 -0.396563229001965
0.197933474175038 -0.221246484899009 -0.320468086671871 -0.0846998436044494
0.00657996468029678 -0.273520972745088 -0.217332829554102 0.101659628858478
-0.113200493996154 -0.191201684532774 -0.0874724347054997 0.107600299697132
-0.141896942268001 -0.143565269092023 0.0157228881957404 0.0265689473486181
-0.127749531982346 -0.149337765516679 0.0738608294326382 -0.0638530182604996
-0.096283450081488 -0.241283133420905 0.176738642107386 -0.108478234089357
0.0517191606660553 -0.303626818487595 0.294936742400765 -0.0386250752713031
0.233017528285983 -0.214851730134645 0.253515773789626 0.175227435224847
0.394233355495601 0.0590330606641902 0.028471663829309 0.320671118030562
0.222026372698007 0.411111713569345 -0.197023057704328 0.233864343249336
-0.080773813739508 0.521927365252735 -0.129189064301391 0.0151174577270584
-0.295861363341539 0.354492465158405 0.162902847923017 -0.260077422916523
-0.111858811086987 0.427244593360498 0.360948694241026 -0.191496173230213
0.157717320749465 0.353941210052271 0.297521759127408 -0.415046881440692
0.311217097391019 0.0568254010400929 -0.0342749850464611 -0.417027530745114
0.211988419000752 -0.19062767751783 -0.223148412507638 -0.212015522349501
0.0254675456784118 -0.265232728997411 -0.224523143194159 -0.0264984663373302
-0.105796674814412 -0.192276003962396 -0.142112850497716 0.0227446026576347
-0.138213063627391 -0.136413216269707 -0.0394747913086123 -0.0315286357037693
-0.126033762376639 -0.138648883400043 0.0170773784543428 -0.117709774816362
-0.0906931923453561 -0.221045720378034 0.131375947383039 -0.176354284991872
0.0473255354140042 -0.279492325408125 0.283137146648197 -0.126852133310376
0.214146179796724 -0.198240323353131 0.2957076006797 0.0999798602375287
0.349075321494531 0.0648265918910713 0.0839130650283277 0.273253631055587
0.163821077068849 0.372434448469367 -0.162127415769471 0.196672747140555
-0.105778337429625 0.432531109992176 -0.0708092263547784 -0.107571301767202
-0.260942752226471 0.209836081627897 0.26549019458214 -0.365296305487962
-0.156231471773167 0.305654628429541 0.392707619403372 -0.212854456190973
0.0667166570458 0.290702666614215 0.354602800357815 -0.351921703197524
0.227964147399314 0.0760320046931963 0.0933859802482534 -0.392727115290935
0.170903164552159 -0.129522064557268 -0.123938060450494 -0.295602680884391
0.0317394363956396 -0.205699344097686 -0.216017291008643 -0.134325828799716
-0.081106886295044 -0.158037770106536 -0.184425962954465 -0.0546496061529235
-0.112742017138783 -0.109614306706851 -0.086421807928265 -0.0828868947142289
-0.109127481725795 -0.11190443303911 -0.0292724277466626 -0.164876902641495
-0.0734826098136844 -0.179143929953341 0.0960716487107223 -0.226512918238661
0.0472985230302685 -0.224903540614836 0.268534908680135 -0.185725572614344
0.190587108056769 -0.149290010751124 0.316507373345924 0.0526632437509812
0.269858176585923 0.0919027919268698 0.112529684923084 0.236352104273702
0.070786250638704 0.31016002492369 -0.132265141639334 0.15938359426793
-0.136285776356625 0.29074342598525 -0.00921857103399764 -0.197391584956667
-0.170892697583854 0.0355198785136617 0.317222660377965 -0.417687000179155
-0.143162213665305 0.13449575676748 0.39653325069753 -0.216048866398764
-0.0038371032626414 0.160954764407369 0.366045553554688 -0.298531174134575
0.109004063771614 0.0581273402822393 0.160822956428852 -0.36183516319617
0.0928048917834733 -0.0584979050640485 -0.0683954353069702 -0.333965069895471
0.0284499713860021 -0.114025045575867 -0.207329874071123 -0.197782754265657
-0.045143810870142 -0.0964252822255865 -0.209740260990001 -0.106748500259645
-0.0706339979826662 -0.06760957496422 -0.118378792989244 -0.120112400784007
-0.0770837510933481 -0.0739915219112099 -0.0581725993153013 -0.200310238067103
-0.0494291716388779 -0.120925602825936 0.0785864543084467 -0.261841874235561
0.0438368908911516 -0.152665670489351 0.263781929744321 -0.219512178041142
0.155072863177491 -0.0877635378328455 0.330602785533408 0.0368404718885536
0.171105701116146 0.116096362762516 0.126949459408427 0.219363143918855
-0.0255189505981864 0.22190348775668 -0.107742721058559 0.132583516290885
-0.153578379630699 0.120603261404834 0.0541200640217772 -0.24580947237219
0.135493016305076 0.0447517899517262 -0.0697264527195094 0.336949588871988
0.0551533439648532 -0.098947963037664 0.185743402985856 -0.0614566568727168
-0.0691213576469622 -0.0821508178156307 -0.126493847733605 -0.260616693875307
-0.0711739694194791 0.0412547494685694 -0.390731611530998 -0.0610821983173235
-0.00176678219669876 0.0515079842529285 -0.292339150133473 0.287518134826051
0.0173021347482027 0.0348730093511852 -0.0443328356195421 0.337380224395813
0.0317343520608968 0.0226355777694517 0.0845411952811989 0.23880107168132
0.0160963477877437 0.00707180460005902 0.159988618765301 0.146166563397915
0.00122328476715289 0.00908984404322971 0.214680772963733 0.109878769280417
-0.0208385258209506 0.00484390447099006 0.233690640374091 0.175164220531351
-0.0161839637915668 -0.0148339814263501 0.113567003515276 0.307504299943868
0.00453784593383928 -0.0261912941556482 -0.131045631563055 0.361398544194941
0.0603073618294167 -0.04789148974146 -0.302011539353721 0.313054925934865
0.116286596423022 0.0314725034067558 -0.402377929891472 0.253720324172992
0.0906473000096081 0.158000667314207 -0.326427153379974 0.44761106484948
0.0838144969629102 0.219138630915794 -0.103464781585805 0.29312802102953
0.112468193374037 0.0338151894957614 0.191310817659319 -0.0618952600201619
0.0447533746628795 -0.0422944680585608 -0.102176823208915 -0.31000387594223
0.00560497986432679 -0.0186770512836906 -0.409916198924853 -0.105092876474379
0.0211667924776728 -0.0414621862808219 -0.32964017829888 0.26898358051921
-0.0109270689820408 -0.0496912506020148 -0.0710161618451345 0.341200948759494
-0.0242110622018174 -0.0324199582376884 0.0762981046273113 0.241729335078411
-0.0422562442721795 -0.043382380530055 0.153877536247516 0.139263056348553
-0.0486454160674629 -0.056586823555021 0.206132875889564 0.0840034343203028
-0.0450687923971858 -0.102042278616178 0.248223484181032 0.126818627989148
0.0372767553284124 -0.1223529782436 0.180291687593023 0.262061356509639
0.1233765143503 -0.0554815507887722 -0.0491934127389141 0.361214367375635
0.178738314016146 0.0519456764328877 -0.242150988603971 0.348282024631263
0.139039477026408 0.218262929988405 -0.347942372806827 0.272295128834551
0.0215446814465713 0.349406925665722 -0.287622123001202 0.395676060986467
-0.00754936916585312 0.368206694341995 -0.100865290856726 0.196882073271878
0.132705454470132 0.197534986210963 0.216716930486657 -0.0831842148237686
0.163276135094927 0.0468595235075427 -0.0444070691885147 -0.381404372543724
0.117340089757877 -0.0616272401392405 -0.407026718675366 -0.188830370560701
0.0635127370496721 -0.138713050482175 -0.365278691647784 0.20565430779377
-0.0305273546091108 -0.143830450761118 -0.117005457747615 0.311424483683437
-0.0762836595805648 -0.092360320207397 0.0428493471976341 0.224847429740784
-0.0945170768544365 -0.0872880084960299 0.124922414719354 0.114790474541997
-0.0932949337257605 -0.105803118830567 0.176474728878308 0.0376789009179798
-0.0786502666550429 -0.181938875214709 0.24507231609654 0.0456230180385249
0.0504338470345413 -0.223054184621283 0.251959566373884 0.168477515877527
0.198342657017382 -0.126709975817569 0.075334817952556 0.329923502025547
0.303176337257361 0.0753959010645357 -0.142085466518599 0.376965604237292
0.203309787676731 0.344590631890642 -0.283335621856012 0.28733052885682
-0.00942391198704599 0.487770300518176 -0.23227207678232 0.299103653413176
-0.120800172753213 0.459401761249997 -0.0544755625740048 0.0518844989126568
0.101417003099845 0.357050323049169 0.255798464151106 -0.123423283936876
0.248753330706926 0.173693077545085 0.0487078073909217 -0.44772169385362
0.240272593456384 -0.066462936204761 -0.349983901438338 -0.295283312420908
0.12332165871866 -0.215158729250072 -0.373104521084616 0.0892410892569168
-0.033816132077559 -0.227296938564643 -0.168057387762697 0.237408532115042
-0.114922068742443 -0.146064328317984 -0.0120917816299282 0.182089126830736
-0.134610761609969 -0.117347768424269 0.0765268806129423 0.0746756913952181
-0.126492492666973 -0.13284607759946 0.12733654444692 -0.017013572158574
-0.108285689416384 -0.22597670937393 0.214683342872697 -0.0454084897536134
0.0368269882070634 -0.290069489124395 0.291839773198084 0.0468665386276523
0.222426874612607 -0.202039893518053 0.193355941045653 0.252458954770591
0.385115821229571 0.0469459680076014 -0.0297971190186554 0.368079622274427
0.261053824766686 0.395866687338074 -0.224200698251929 0.282455587076027
-0.0176422692926833 0.550902098420388 -0.177141729395135 0.169897376382882
-0.21711877207933 0.465325877266144 0.0324596196492216 -0.116557978181522
0.0195973114376579 0.452250482326514 0.301178262827596 -0.174531156669499
0.258881188544485 0.294561894058803 0.163464631639951 -0.471684958059544
0.322249978101079 -0.0268783148958981 -0.226540481232601 -0.385097318796119
0.177375039921471 -0.241124675133788 -0.331460054947256 -0.0583561388768361
-0.0216638754634244 -0.275510720201709 -0.208771010228774 0.122159350448327
-0.131701724984087 -0.180410281932186 -0.0772696499213427 0.115098494114414
-0.154074952617403 -0.129854916593171 0.0161696088735267 0.0247480183915109
-0.142673580555864 -0.138644405236815 0.0656528047547405 -0.0714337531255469
-0.12083893685143 -0.233224382299897 0.165920700997819 -0.127171068675021
0.0198759025962254 -0.309918032515679 0.293084182903473 -0.0698504855757152
0.214099495586241 -0.236064491704025 0.269799926913064 0.155627263279615
0.399105230121341 0.0217863696378786 0.0562978968020438 0.324650228042465
0.26349189559397 0.390037621793627 -0.179202995498595 0.255493423686236
-0.0321390441394139 0.532325976877804 -0.128229982962009 0.0289335476376592
-0.264434187364809 0.38445049023331 0.139733639722671 -0.273861532046763
-0.0740837541616473 0.439899603371083 0.346957361148443 -0.220544521394015
0.189776811177084 0.341246110123221 0.263711442074403 -0.444393923278562
0.318840202897654 0.0293955093517385 -0.0712931692341693 -0.42030127608548
0.193933299820344 -0.211136934460255 -0.244806194497332 -0.195277638462067
-0.00261692389749822 -0.269059832571195 -0.228072245944959 -0.00613225998963347
-0.124261628968207 -0.182626515682723 -0.140277447935299 0.0352552641875046
-0.149384590175883 -0.123347205973769 -0.0440346087081947 -0.0288209508526694
-0.139921399975991 -0.126496181936046 0.00439676898901311 -0.120531940849982
-0.111819070482298 -0.213149759026937 0.113987869827569 -0.19002572305772
0.0192466839892641 -0.285666413423774 0.272381964378377 -0.157414397334658
0.196472751578235 -0.218955911228509 0.305365699707272 0.0747131575964738
0.355178666182819 0.0316007049104943 0.107960633916324 0.271201877339483
0.200733944238316 0.357719024512704 -0.147381617253959 0.215249156980739
-0.0655914510770848 0.443950167704736 -0.0813231213327709 -0.0993459361221711
-0.2421827072223 0.236285184680537 0.234196287057525 -0.389943714379081
-0.127919249263246 0.321938175958608 0.377949933024026 -0.245660741189219
0.0924514099249019 0.286274426950687 0.325663732445083 -0.384679902421774
0.235569558670805 0.0567714707701236 0.0602276867985517 -0.405602438919331
0.15901535908606 -0.145667243667392 -0.153982857163481 -0.289101626648652
0.0105057164162297 -0.20993914170935 -0.230872622923909 -0.115628820278518
-0.0968835076118499 -0.150257934298862 -0.189585889481203 -0.0366245178221573
-0.121286204796749 -0.0982131813568771 -0.0948496713983986 -0.0759371295296014
-0.119158847442807 -0.10108140821503 -0.0462484880983092 -0.162972951329451
-0.0908095232329522 -0.172775937833765 0.0746840048035062 -0.237449301663525
0.0251373722877168 -0.230698176025874 0.252189817974958 -0.215993727535757
0.1773765420462 -0.166265633874243 0.322381252325629 0.0249930568572711
0.277581062524363 0.067541164623673 0.134184949510958 0.230040317314285
0.101129647768401 0.30444383854994 -0.119525778008527 0.174831398797336
-0.109256914528542 0.30388149024881 -0.0279448551692637 -0.196510510890886
-0.166752300366648 0.0521699576017511 0.282556008351658 -0.446185675585071
-0.130304072792179 0.147589059217054 0.380110459898932 -0.25050708073094
0.00968012693213975 0.161760262572914 0.342764425000224 -0.330911545811035
0.115013218176241 0.0494734370911239 0.131227715891466 -0.381748471130396
0.087696644704116 -0.0665943664280752 -0.101443677901027 -0.33250618621842
0.0157898795248607 -0.11792731660907 -0.228138156084678 -0.18029041835492
-0.0542424296553294 -0.0920483057042654 -0.220173499867255 -0.0863748154313309
-0.0755823452365455 -0.0603617988346046 -0.130655644220161 -0.110352322066279
-0.083700703582091 -0.0654178274891484 -0.0779314964450916 -0.195355136847491
-0.060557478266176 -0.116099348033437 0.0540469698735041 -0.271285296086451
0.0296453376259516 -0.158130191037437 0.244580775791294 -0.2469335224751
0.14779950778194 -0.10239688570566 0.335952772897359 0.00802805729642106
0.180998390607516 0.101044713464809 0.146292060894678 0.211671675157244
-0.00406507306364247 0.224323595475069 -0.0973511285421822 0.144908114440949
-0.142953283171704 0.133797739768995 0.0306864953082742 -0.250347571516933
0.134645891025677 0.0294668713390774 -0.0382124391188348 0.330576358772723
0.0447524104715074 -0.0999209547826594 0.176349351076215 -0.0730744171545369
-0.0721565265141728 -0.0719916829172104 -0.139224984550161 -0.240625698731654
-0.0629542145294223 0.0455787969299635 -0.380966611828904 -0.0284535501341197
0.00242538333668899 0.048465517977311 -0.255271932435289 0.298566078753321
0.019441575861358 0.0322633084703201 -0.0137666593240028 0.325958362924726
0.0323202918843707 0.0179994798417389 0.0987612770427077 0.223787875195124
0.0151978227925737 0.00519933842067879 0.163710563201075 0.127372905107324
0.000350756860835213 0.00838472219413058 0.213121486447834 0.0871537580284727
-0.0203887272887381 0.00636485861825302 0.236595311580913 0.147398677764301
-0.0157714623226989 -0.0127175164360624 0.133505833646709 0.284950667147127
0.00345185066884886 -0.0263618763402887 -0.0975873748182196 0.358574660761609
0.0534189700052162 -0.0497995561979109 -0.264311909678415 0.322634404156032
0.111788470625178 0.0211236287902864 -0.368035260030424 0.271693729198194
0.0997236327134148 0.143158414418606 -0.276820146155465 0.454088071748716
0.100298065754001 0.201696712052892 -0.0732622980646322 0.292659586036502
0.110290864108549 0.0218066946243437 0.18171149089423 -0.0713194723988515
0.0393064909184554 -0.0435241779266643 -0.120071851022935 -0.289851019348562
0.00519195499379177 -0.0171697212690262 -0.40237803264944 -0.0701557473860382
0.0163213606200443 -0.0422472769373774 -0.293266138388178 0.283844044656242
-0.0150294682621363 -0.046210663591255 -0.0402330045209027 0.332634480414788
-0.0253004971337395 -0.0293775672475278 0.0909033619434425 0.226503077587736
-0.0435648735863295 -0.0386243439632414 0.156680670592533 0.121136989601011
-0.052324122544859 -0.0506652830216768 0.201672476528761 0.0626481968319876
-0.0523392110859952 -0.093976830943563 0.245843153837279 0.0988700321928308
0.0246210587619413 -0.119930341514891 0.193615017552284 0.235362302112711
0.114771159149469 -0.0628300626878736 -0.0189049522746937 0.352985247049861
0.17434886920812 0.0349855894260075 -0.205209976533196 0.352064139889483
0.149220412407146 0.197170406144675 -0.31584691335459 0.286860101747291
0.0484554348614843 0.332369688760756 -0.245094577834087 0.401977354082746
0.0241334905322149 0.35193206763885 -0.0786853690912484 0.200134942549735
0.143349686335623 0.17698374813907 0.204473385352285 -0.0935232329581188
0.159198090575127 0.031273779637934 -0.0700254873465805 -0.36298879429236
0.108137731628078 -0.067097260914351 -0.404946510642715 -0.150564260125936
0.0484923525399101 -0.138500604446475 -0.332779144885178 0.224939931130304
-0.0420469540674247 -0.133836698099758 -0.0852423731078087 0.306439408393503
-0.0794691102490624 -0.0822091700135074 0.0573742358370164 0.211147685390015
-0.0970071039758477 -0.0756155588225717 0.12641909465468 0.0993691161509881
-0.0989622472502179 -0.0938429955787907 0.168417043582779 0.0218165164016327
-0.0915161094967946 -0.167731382837303 0.235359798557537 0.0212064053361101
0.0281850256584909 -0.217026125711447 0.253601356118186 0.138290296463185
0.180677951744043 -0.137120025112567 0.0975897174801542 0.313291660297501
0.294962375361439 0.0470369561085845 -0.107113903352676 0.373194281623235
0.222052185290222 0.312113699065895 -0.251163964478578 0.297622420542874
0.0303547290147952 0.469154997517633 -0.196984883259924 0.306581581637999
-0.075092774908927 0.448243596175199 -0.0472815205196989 0.0578504093331853
0.126069301976155 0.332550423514982 0.237594529461211 -0.133778415620235
0.25106665965801 0.146420320749251 0.012968470657557 -0.433200152831224
0.225031551309696 -0.0822917213461036 -0.357975619727899 -0.258618293144721
0.0987284272430346 -0.216355991805358 -0.350681087303081 0.114262747005254
-0.0532106251069614 -0.21346005405189 -0.140912536529452 0.239464060995071
-0.120913772935697 -0.129917969959333 0.00244861751754482 0.174294480874929
-0.137008178625544 -0.100911462926747 0.0767372985139833 0.0646864255886262
-0.132014881607916 -0.116970423973946 0.116872914951169 -0.0276625118337204
-0.124072316485015 -0.206513400150695 0.198815669783236 -0.0629270478112067
0.00823965695119866 -0.280409906518786 0.28195188039455 0.017012497329335
0.196311723410053 -0.210794500863821 0.203836588310938 0.228440184618597
0.370778478536826 0.0129874610747672 -0.00106623074538988 0.357204266169363
0.28095447077709 0.355857441558567 -0.194170833248591 0.2895871389273
0.0271340513571833 0.529570004595686 -0.155000112162462 0.177923258725164
-0.167544532737713 0.461518430963812 0.0222982147724299 -0.109953939018729
0.0559986790681172 0.430784140065439 0.27652239885989 -0.186134092798927
0.269955720231772 0.260734639940524 0.120743773989197 -0.46540213744092
0.306303546199124 -0.0506161631806072 -0.245862344326963 -0.35351307061476
0.149101689997007 -0.245399206237494 -0.323324623973141 -0.0313863272985274
-0.0459256790679144 -0.260675411979436 -0.189848726050703 0.133682019363648
-0.140879297105259 -0.16014625123213 -0.0645027528113658 0.115820216444181
-0.156438142338548 -0.110204733242074 0.0165022188313595 0.0223027170982052
-0.147242179513034 -0.119917017083916 0.0541563047478676 -0.0738819693233358
-0.135454217230176 -0.212696247876562 0.145296251327813 -0.136228779903063
-0.0086102882495082 -0.297452245142736 0.272579831379634 -0.0953059638607303
0.184462015127821 -0.243331287677704 0.269211737658731 0.129588543980465
0.381772122424714 -0.0125673342869422 0.0790368910032465 0.309021055602203
0.285024106206796 0.350561657247083 -0.153341545766491 0.261422725176539
0.0126443498550056 0.513454661964457 -0.119671150775602 0.0388890502942713
-0.219216182848816 0.388811162039617 0.112082276912222 -0.270602973568391
-0.0347131612277468 0.425298050490931 0.316122402512843 -0.232939645266967
0.206528606281582 0.311193058233893 0.218369639033704 -0.446194933871561
0.306951382354913 0.0028341186161203 -0.10111830786116 -0.399494272707631
0.167374940397127 -0.217538738618915 -0.25198618270609 -0.170056871039703
-0.0273480210900328 -0.256468478832859 -0.220810248289963 0.0120827149704701
-0.134153710051275 -0.162801394024016 -0.130532977485844 0.0456543787068505
-0.150740406299121 -0.104574098560558 -0.0453717598025815 -0.0232529455504424
-0.143400527174449 -0.108303098213954 -0.00800254583147901 -0.115446581616403
-0.126006941580121 -0.194290950644025 0.0914902471527792 -0.192173327952514
-0.00751893036467131 -0.274820333564499 0.246296123379262 -0.177785540213564
0.169410861450613 -0.224086297538083 0.297961482100635 0.0486334819208061
0.339500022005996 0.00147988280655021 0.124523829532353 0.25443633662518
0.223513544114286 0.324100618031506 -0.124644271070423 0.219963128463959
-0.026509539578376 0.428857299212859 -0.0853531561808984 -0.0878807374558597
-0.210917263152836 0.244892323281321 0.193331356682532 -0.389965561104402
-0.0964732318534421 0.317226259134674 0.342899377620994 -0.260844585970627
0.109924940553913 0.267124327694966 0.281450980566589 -0.393597328219014
0.230539142224662 0.035785585707342 0.0264558903965527 -0.395627825601516
0.139539023337639 -0.151576542735936 -0.173195798106174 -0.265878827075587
-0.00994223414260915 -0.201303333030126 -0.231768205943898 -0.0923197571962365
-0.104678326023688 -0.134993453925721 -0.183737525346804 -0.0196273155862284
-0.122121266213075 -0.0835008484670939 -0.0975631160754201 -0.064648099030111
-0.120785962654128 -0.0851036014802418 -0.058655386048213 -0.151769655100679
-0.100372032751223 -0.157058146003987 0.0506898821931493 -0.233816425399829
0.00336121579348943 -0.223278804368291 0.22292727504959 -0.230312474611467
0.15622033257415 -0.172325332336387 0.309633699540503 -0.000759582213209507
0.267945226768626 0.042301250258288 0.145554209545075 0.212549071682825
0.12195519512931 0.281491626212393 -0.101394905470952 0.179178190670946
-0.0809884639099172 0.298018809493495 -0.0419896836591276 -0.184629069196836
-0.153800808561738 0.0632752806320911 0.235070954675362 -0.449131096433503
-0.111917029219356 0.151151000288871 0.345656818900835 -0.267990398282593
0.0209848490966568 0.15373021594757 0.302220047257527 -0.342994688352321
0.113947844950766 0.0375980299533866 0.0969931395147215 -0.377377669792278
0.0782215506801993 -0.0706550734263271 -0.126448664053639 -0.311749350237161
0.00306602656132835 -0.113900467596651 -0.234721499605125 -0.154033977832689
-0.0597455584227182 -0.0831344131983459 -0.217563037305654 -0.0643260020939734
-0.0759960354389096 -0.0504772726396574 -0.1338445151016 -0.0949309437676259
-0.0835258454642198 -0.0531922807207747 -0.0908466869307853 -0.180041440426875
-0.0679251462227839 -0.105374617337644 0.0294429106805387 -0.264806423231678
0.0143163382462804 -0.153451645797833 0.213232141841598 -0.25864641728817
0.133561560616847 -0.10855887416981 0.321885995566731 -0.0184438593301332
0.179489765589166 0.0819591117850801 0.156082940381218 0.193138976415466
0.0155781645982513 0.214361596109987 -0.0815926622877525 0.147281478530928
-0.126295510480415 0.13792462166922 0.00935775138014935 -0.241642522440266
0.126971870369219 0.0208667862406749 -0.0197704967263708 0.313646459093504
0.0373255088567848 -0.0955394946661 0.16633404102407 -0.0743887309181613
-0.0699091566603237 -0.0640684540552541 -0.138253269383443 -0.222171970155647
-0.0550612288443822 0.0445042640292804 -0.359994715649892 -0.0129482724319178
0.00449402292224062 0.0444706258191103 -0.226055880701493 0.28794778095095
0.0195730463449382 0.0302831394344882 -0.000190498216752939 0.30491858204527
0.0311505762517599 0.0143790381352705 0.101076549280402 0.207412459525336
0.0139625667665831 0.00340759972045641 0.156607666891945 0.113721578259144
-0.000252313831019401 0.00755380197286127 0.201447256265724 0.0734725972352222
-0.019433967577516 0.00600061921433385 0.225311004183093 0.127684930921201
-0.0149242411150371 -0.0110300134848648 0.135354669033957 0.262056340718291
0.00339401528533385 -0.0253713167947253 -0.0773514876222905 0.341293386186708
0.0477939323071681 -0.0476074073663319 -0.235549587802311 0.308720861054964
0.102982163985203 0.0157281315340974 -0.338420187853875 0.266578763601441
0.0987578941592145 0.129693498798034 -0.240997805510466 0.433141457873706
0.101894846534709 0.182654661292432 -0.0543055404260264 0.278939993840583
0.103478630257462 0.0147953212693513 0.171420618442774 -0.0725301441135187
0.0346049636806097 -0.0416206405001548 -0.121219621356316 -0.269397638726787
0.00593947217103303 -0.0162463374510898 -0.381699978444426 -0.0513213419723133
0.0135409526694624 -0.0407924217066349 -0.262868933850434 0.274984367601171
-0.0162718521292459 -0.0415210945065688 -0.0238193443983567 0.310954645867885
-0.0243463285046138 -0.0275502429443188 0.0936185859335965 0.209321731413954
-0.0423818146378245 -0.0347429090747681 0.149714557033184 0.107958188389573
-0.0519231751045013 -0.0454697672795257 0.189366427418005 0.0513513162509417
-0.053645670375902 -0.0853129046336902 0.231679818902579 0.0815882555801544
0.0175688956627873 -0.11258422867872 0.189678927313257 0.211238100174475
0.105320854158399 -0.063904922503531 -0.00393254588088502 0.333592478497427
0.163176665293465 0.0264177610650926 -0.17946167339386 0.336579626683279
0.145572634894046 0.177476166000111 -0.286581460268131 0.278481648277448
0.057604140862502 0.30888249669709 -0.213423243354858 0.384657421312348
0.0391067653644577 0.325791148857948 -0.0637244287682062 0.193714981062293
0.140434316517661 0.158025406571798 0.191213896785748 -0.0905766327106841
0.148534048320598 0.0235344240875365 -0.0777387964288001 -0.33822652168069
0.0996199106018236 -0.0661281185178916 -0.386418536642063 -0.128257016183959
0.0390053815928151 -0.131781741623551 -0.3028065144223 0.221672959223254
-0.0455273838381843 -0.122512987517454 -0.0676392146879002 0.289426759755433
-0.0767965624512141 -0.073375059008154 0.0609771844469627 0.194623869320305
-0.093591081231517 -0.0673343039181801 0.120609750585226 0.0880733849529292
-0.0968961675505771 -0.084025793919501 0.155771644027164 0.0139407207887133
-0.0938692210869508 -0.152366382293565 0.218109351074308 0.00940315440775452
0.0164132169931915 -0.2032566007188 0.241557465983163 0.116360896339789
0.163303134857444 -0.135854390409285 0.103696357498512 0.291515641151858
0.276253809007248 0.0327539665066221 -0.0863880726086708 0.355018960548465
0.217967203305953 0.281215905951721 -0.225960184931186 0.287942919406366
0.0462703720065189 0.437523469643126 -0.17226244170707 0.294296685192064
-0.0503234807551012 0.420696957679089 -0.0400403648421801 0.0602261388394767
0.130913517919304 0.304842836673352 0.220846690734733 -0.129170076438166
0.238758782405116 0.127489204360065 -0.00198983117724208 -0.40715132816695
0.207126894707995 -0.0851795802826942 -0.345936959864657 -0.231554002846249
0.0827952713855007 -0.206044438653021 -0.324240431243586 0.118736958595587
-0.0602132123760655 -0.196759309373952 -0.122234718000888 0.22837791216287
-0.11820394827391 -0.115940777913597 0.00894449007051608 0.161881111626701
-0.131412916692269 -0.0885947462096025 0.0727677092086454 0.0578966241783427
-0.129084459961318 -0.103169656559073 0.105147896240862 -0.0295972515186664
-0.125225877316592 -0.187563760115294 0.181570807797418 -0.0677160459197413
-0.00607352737125243 -0.261560479211027 0.262874948286063 0.000801393080306781
0.174476535467238 -0.204365804554499 0.199348907834923 0.208635472428158
0.345622746190046 -0.00365492205021063 0.0123167578106585 0.337391834839903
0.277943243207822 0.320035762352275 -0.172611040760078 0.279383545252745
0.0465242611836048 0.495837998740301 -0.137019450739219 0.173097809580392
-0.136839547249996 0.436770492967343 0.0173831347360629 -0.0998361417833674
0.0682489715399729 0.400579470518725 0.254580864283069 -0.179447681003036
0.26156677558093 0.234327741715891 0.0956032330409662 -0.441130190635574
0.284636134332879 -0.0592270835698749 -0.243762535430056 -0.324928745990871
0.127736751566 -0.235612973164557 -0.30517438888722 -0.0178821500558808
-0.0559617168136068 -0.240150047377166 -0.173268565601868 0.131691730252238
-0.137464294116821 -0.143263517810592 -0.0553734284823029 0.110128348852795
-0.149121487437266 -0.0964602483674821 0.014936869853802 0.0202975450848346
-0.142335970792436 -0.105878003109719 0.0445358798999113 -0.0704234891161821
-0.137262306988929 -0.193458101226198 0.128444660608326 -0.133679183604579
-0.0229578351748516 -0.277314204241481 0.248925997661359 -0.103602343760451
0.162857152139859 -0.233801648612836 0.257043852919001 0.112206723808108
0.354211116030226 -0.0263803285266119 0.0855813016526575 0.289508642682174
0.280452353301227 0.314260614649687 -0.134482599621622 0.252821602235726
0.0330688122085447 0.479262514047609 -0.109226544598114 0.0415344172576589
-0.188796701266786 0.370502549572397 0.0955799121896963 -0.253051056159138
-0.0151440468070989 0.397954284462338 0.288466649429925 -0.224693382036981
0.20410615971097 0.283525979233903 0.188260738662715 -0.425500973242659
0.288069706000087 -0.00947597584963529 -0.108591822174761 -0.372825414703855
0.146944243050901 -0.210266316374861 -0.24500086564793 -0.150397002659287
-0.0389221211018273 -0.237383778941167 -0.207302865695279 0.0200230449021751
-0.131785839664009 -0.146372536513771 -0.119915132733726 0.0473093553743518
-0.143187125372366 -0.0910760354258378 -0.0437774416058268 -0.0197570343666309
-0.137544725851577 -0.0948840716511419 -0.0140064556244811 -0.106735088840532
-0.126186782307401 -0.176174094212887 0.0768127100816916 -0.183842420767928
-0.0205047140763988 -0.25610045987542 0.220821286465751 -0.179715123920552
0.149937140189438 -0.215152903366747 0.280002513556117 0.035291546025027
0.314594644683801 -0.0113289290925702 0.125759838410448 0.236726158278688
0.220879781890843 0.292224642643755 -0.108663031215402 0.214158362502632
-0.00810496928611571 0.401884899524537 -0.0820926475927773 -0.0782104926728599
-0.185865353710008 0.236415999794887 0.165742050879172 -0.369222956816783
-0.0768345435824046 0.300181717262654 0.312622294892196 -0.252987307643504
0.111676030419301 0.245371092765767 0.24911339822156 -0.376483209896187
0.217323918833203 0.0244377581365039 0.0111560765398172 -0.372878027505937
0.124014065616292 -0.14748171603804 -0.174791950482767 -0.242992709591701
-0.020345622430613 -0.186569671383354 -0.22196141380786 -0.0766419156953692
-0.103600511533308 -0.121678273565164 -0.172660147374629 -0.0110466946620271
-0.115110395164649 -0.0728997541924133 -0.0942013467688624 -0.0561046754619033
-0.11492590701088 -0.0737225877813138 -0.0619446502994821 -0.138875349052524
-0.100671722748386 -0.14251626219207 0.0373091227190946 -0.220966062946796
-0.00714033596730254 -0.208666534473143 0.196966145527433 -0.226086178181621
0.13948995298966 -0.166944331524429 0.28905858873108 -0.0113119786811864
0.250051452699908 0.0299815839439086 0.143486113564351 0.196129758715305
0.12546973050723 0.256996773229298 -0.0874544983543421 0.173465618511021
-0.0643723809419958 0.281234418688538 -0.0467380708464067 -0.170866849645312
-0.139195853437625 0.0647886262019271 0.202856320270539 -0.427611703005768
-0.0969853333477067 0.145319932751577 0.313563706050713 -0.261726182085843
0.0249155670931821 0.143182314438631 0.269435715043119 -0.332020770398595
0.108229451127599 0.0314322761206039 0.0771828556955385 -0.358361835394898
0.0703555608567415 -0.0686198444163257 -0.131598077539964 -0.287207023848198
-0.00391777518019754 -0.10602954090518 -0.227612436485702 -0.135038324913675
-0.058881528255957 -0.0753403102525674 -0.205425382046779 -0.0511668343282899
-0.0712967933248641 -0.0441655763041562 -0.128389379651473 -0.0830328252256993
-0.0787118666284444 -0.0454515535028041 -0.092980951388061 -0.164701245952616
-0.0670220387595175 -0.0951889854468375 0.0163853196467152 -0.249025537731235
0.00591413595992488 -0.144487893244523 0.187440152313441 -0.252269206207788
0.120195010632229 -0.106391345718459 0.299486647791083 -0.0291490426490699
0.16958753668558 0.0711310247180906 0.153105838980335 0.176720801124179
0.022649128845693 0.198013758549949 -0.0709488123067259 0.142374234401922
-0.113239444503529 0.13264837747751 -0.00161897116890549 -0.225833930263954
0.120602692024415 0.0189202450714382 -0.0152396632828237 0.299406911907861
0.035616824678106 -0.0909650706835302 0.162422269525968 -0.0707128743003286
-0.0657950702037544 -0.0601196050376087 -0.128839508244031 -0.21349184938521
-0.0508254045454686 0.041115791368238 -0.345481187116392 -0.0134749697622253
0.00452744451219954 0.0416497594702939 -0.215355734527887 0.272760678507289
0.019120952168222 0.0295975721769629 0.000854836995561143 0.289865699338623
0.029473446725415 0.0125457639371447 0.096011113687719 0.199065920619221
0.0131056068257253 0.0026179244488849 0.149079055086327 0.109871866224586
-0.000915331041159338 0.00677785925499162 0.1905003363233 0.0706330302039412
-0.0184772844860613 0.00559077922442023 0.213504706879216 0.121250169450011
-0.0131746070622588 -0.0108209279431723 0.128197197423885 0.250940865828
0.00378344570251618 -0.0245912992242707 -0.0746178331296548 0.325715183959311
0.044872798459562 -0.0446824287808097 -0.22719607834433 0.291039943986593
0.0962094605714838 0.0162496599356905 -0.325727152929344 0.250468580497254
0.0936038368897623 0.123722071063838 -0.232057775367115 0.410094827425331
0.0973283778964928 0.172003605846139 -0.0485170348453607 0.267792150627594
0.0972065289004717 0.0138016410791495 0.166775952178825 -0.0673408925182356
0.0330653163330221 -0.0387198357719184 -0.113132087711645 -0.258507386367162
0.00716085867987729 -0.0155589431225332 -0.364219747083726 -0.0522100654510619
0.0125232766581759 -0.0395002646010077 -0.250276138966195 0.260076787526596
-0.0155761679438053 -0.0387918602732533 -0.0226399529597655 0.295423343237032
-0.022810563752276 -0.0266981784734802 0.0879748219258991 0.199551023242483
-0.0404242999123394 -0.0332910661419393 0.141317870711072 0.103426970836422
-0.0506756796730698 -0.0428674946590391 0.17845599023457 0.0494673052678052
-0.0523863958681957 -0.0811723094976191 0.220020885393934 0.0773394876631963
0.0168910443484787 -0.106816169579492 0.179166173407308 0.200814858791852
0.101285079667788 -0.0609197509157502 -0.00473965392374641 0.319805954333013
0.154791285336481 0.026573616893508 -0.172726223900485 0.31886344099249
0.136055858222657 0.169724217697493 -0.276180813820201 0.263901353524304
0.0538370669798761 0.294223465445217 -0.20408062034104 0.365145328960343
0.0375010923147882 0.307782689718906 -0.0581771866048098 0.187585735443881
0.132510200839115 0.14971059797594 0.186358207634251 -0.0828468707435294
0.14061860281509 0.0232737966262076 -0.0711748765405318 -0.324710078676653
0.0951396432305385 -0.0623632209429241 -0.368145750610799 -0.125033682215582
0.0368154844992778 -0.125823432316336 -0.288695207372456 0.209871600961451
-0.0443701948788979 -0.115401770777394 -0.0645706312597633 0.27510753599775
-0.0728762154300705 -0.0702919262564406 0.0578683525504876 0.185769616051023
-0.0885265142081153 -0.064087841399131 0.112919901180684 0.0848746447859268
-0.0934206672166069 -0.0795974277187795 0.146270324229276 0.0144369424921178
-0.0905205523843616 -0.144463343803578 0.206014133745195 0.00881754259277666
0.0142949923362032 -0.192949058303367 0.228170512428339 0.108617632338461
0.156535153723727 -0.129340495081591 0.097662527307291 0.280000549619689
0.261823322292037 0.0317791035003791 -0.0844630165249892 0.338478702514979
0.205250845496011 0.268197169534027 -0.218635324909277 0.273691394666535
0.0421160813177053 0.418621883770768 -0.164567843466596 0.280512591345445
-0.0473599987204384 0.39672518612308 -0.0358022325977428 0.0611824974616843
0.123881261602724 0.289199499642712 0.214094011496097 -0.118344249794179
0.226476448113517 0.121803696399379 0.00101296294511279 -0.38886645089856
0.197995635266 -0.0802183011335186 -0.328471982419451 -0.223188258261425
0.0778613117016245 -0.196209946635896 -0.309510568736426 0.110881326385842
-0.0590523220558432 -0.185414542629065 -0.1172725006132 0.217565694036715
-0.112342098585981 -0.109746917917238 0.00836251199404415 0.153933856013741
-0.123515789194787 -0.0842644052062005 0.0679535161749416 0.0559882572680799
-0.122987811839304 -0.0983115510329106 0.0974565486898725 -0.026424413107281
-0.12138923955064 -0.178134325762497 0.170576384098014 -0.0645167083702384
-0.00782687602731092 -0.247666939424065 0.247813836041232 -0.00125458872064702
0.167246183938437 -0.194568967154101 0.188816197638161 0.20116008286156
0.326544121063631 -0.00228520977439271 0.00951048768215969 0.323368255578357
0.262383320852761 0.304869930823899 -0.166302025392778 0.267364516846476
0.0429071001196741 0.473662203256243 -0.129785429340085 0.16454533678674
-0.130378607202485 0.413520708838761 0.0185932007938005 -0.09132827410569
0.0647821811801554 0.379637923268122 0.24557874045502 -0.165053357603085
0.246670771398057 0.222468492605329 0.0945302865518129 -0.419842568273025
0.271380680115547 -0.0558424112695015 -0.230978868697489 -0.312017698501579
0.121095622249523 -0.224804755754138 -0.292018885571585 -0.019569121960543
-0.0559172421455483 -0.226642233886265 -0.165487532806714 0.125420841956363
-0.131144282268918 -0.13638516214918 -0.0536968404675415 0.104389752181168
-0.140260031579652 -0.0918504808699107 0.0128695075831823 0.0194189668945019
-0.135402853768283 -0.0998816206092116 0.0403617561015629 -0.0653562038683161
-0.131297584253394 -0.183277618834757 0.120328884866532 -0.127711754215903
-0.0232792184055666 -0.262694488640445 0.234776598814719 -0.102096073173796
0.15480726371014 -0.221979590171206 0.243700723361518 0.109864314007831
0.33436521156836 -0.0248483910700278 0.0804817943311166 0.278565607061064
0.265620758498677 0.299239646707885 -0.128850669399525 0.242836035058881
0.0297584480668332 0.457085529855407 -0.102776514865961 0.0396924866298623
-0.178684384942233 0.350610075277674 0.0919709642438356 -0.238142295846126
-0.0146833781359422 0.378363364849634 0.277075954200051 -0.208469912731963
0.193236108276141 0.271340292085474 0.182528869634844 -0.403764360254841
0.273745714706301 -0.00884431297917832 -0.101850964005257 -0.355935968978461
0.13952692405152 -0.20076754029951 -0.234330480902456 -0.144378632160999
-0.0394562919612524 -0.224497475049095 -0.198011099918959 0.0192066776198838
-0.125661124394392 -0.138314332787783 -0.114569533374491 0.0450195031738937
-0.134537175855858 -0.0857915898807999 -0.0424639998493244 -0.0185622093810964
-0.129563346271155 -0.0893348090079307 -0.0150150097576595 -0.100494069887239
-0.120772911335398 -0.167669488349319 0.0717304027442631 -0.175337080460923
-0.0217996715761397 -0.243231197379429 0.208027777025828 -0.17309595792683
0.142403702505182 -0.204679975320805 0.267298111933242 0.0356674560204817
0.297130478691271 -0.00966769134243298 0.118752534203606 0.229006161399572
0.207867583360001 0.277934639161075 -0.103532092010143 0.205520952376965
-0.00943642983524207 0.383177482137929 -0.0773051900533972 -0.0745008654985236
-0.17587051365125 0.222722514529161 0.159860389284275 -0.347887225474123
-0.0728035215383829 0.284694666979389 0.298831094175375 -0.236235110319157
0.105525212295355 0.234452151372218 0.240174165081659 -0.357770386936622
0.207420532889885 0.0236008761091986 0.0123842647296211 -0.357089087598371
0.117503120363099 -0.140682919734528 -0.167373605716587 -0.232095525903663
-0.0220933499360809 -0.176689781310432 -0.212686103987572 -0.0725923103606263
-0.0991169051968572 -0.114762255718074 -0.164483113948017 -0.0110376427248066
-0.108520343512346 -0.0687916996042602 -0.0904845991669356 -0.0537212495393666
-0.108139951016787 -0.0693981641693228 -0.0600304938831586 -0.131043378774743
-0.0960346246828263 -0.134922803841207 0.0345042959713755 -0.210888616472368
-0.00808581368533506 -0.197868536465472 0.185300875857835 -0.217501872728135
0.132499626586962 -0.158123377095378 0.276059392768141 -0.00950593597110878
0.236379035172116 0.0303187677302385 0.136482001819797 0.190517075947543
0.11838352368833 0.243250494980171 -0.0830544581201625 0.166379885435861
-0.0625803652075733 0.267650182653699 -0.0443596206817318 -0.162346238614095
-0.131385305625835 0.0605196908933567 0.195726625043765 -0.405866256725674
-0.0906501349267234 0.138010537397562 0.298939402723943 -0.246098588981959
0.0228310163197201 0.136228714576622 0.257055658099113 -0.312080814359551
0.10282670420695 0.0301237535319513 0.0758953519558484 -0.341319414662197
0.0667793455409672 -0.0650774495212845 -0.126398258144088 -0.274132862734817
-0.0060481861593397 -0.0997629797633534 -0.218896195288778 -0.127923714859935
-0.0562373151477059 -0.070745647227314 -0.195348149333646 -0.0482998872746966
-0.0660891164110242 -0.0415953264387608 -0.12332224337601 -0.079544514155917
-0.0728527661246261 -0.0417648578282054 -0.0885277139391673 -0.15571586596083
-0.0641332515534199 -0.0895588463314708 0.0155416737868815 -0.237591522281999
0.00458451773048207 -0.137366547417116 0.177602837708468 -0.241126805225469
0.114161916229213 -0.101356758117473 0.285746778218406 -0.0265255642516198
0.159848114802438 0.0687684340136574 0.143860119967929 0.1719283578417
0.021488833298736 0.18748570060074 -0.0675226069718646 0.136180952220502
-0.108587371311987 0.125404280067792 -0.00280521714326701 -0.214963296358039
0.114301301111081 0.032539681512428 -0.058513667743113 0.299847348366249
0.0467126118567356 -0.0830281103672725 0.176878524060773 -0.0421992498858708
-0.0532879871142482 -0.0678494665691266 -0.0905534122704706 -0.230770321875874
-0.0546336335879069 0.0294341954640728 -0.333060135176791 -0.0626500679571585
-0.00418502174707932 0.0391792106624537 -0.249171192283492 0.232925617060423
0.0156291468738769 0.0309330596042563 -0.0428838980995211 0.284147060180029
0.0274618303970326 0.016509525617725 0.0663188448973147 0.209265624856476
0.0126713952488238 0.00465880615824026 0.127311301700682 0.130653708853812
-0.000910353208484428 0.00530895965484196 0.175092683987288 0.100418421905469
-0.0172342075960894 0.00162208438043314 0.188634873213511 0.150959228517172
-0.00720752953515048 -0.0119732349547062 0.0834915999116545 0.26661709697604
0.0127481288719122 -0.0213981406760629 -0.127543579299721 0.309555173419843
0.0522458616641978 -0.027995343741702 -0.271274377594319 0.242930475519098
0.0900835359964136 0.0379277161914775 -0.362002886816093 0.188006751280057
0.0739397963895631 0.139294314699465 -0.299796562591916 0.362457699602721
0.0712693477244083 0.178493577787197 -0.0951810834384652 0.257976182440296
0.0910656143781975 0.0279402523853309 0.175573960446739 -0.0370148524484387
0.0384669608023193 -0.0318356156924253 -0.0720310504710893 -0.268512125507567
0.0111824956418028 -0.0152828883668566 -0.347506483743543 -0.0991428462646003
0.0165808107845914 -0.0376289802710595 -0.280523137714356 0.21938712863684
-0.00774314993818722 -0.040555860797768 -0.0637411217821992 0.288153252824135
-0.0172050382020831 -0.0303564215808518 0.0588092614601287 0.20981351264208
-0.0331196016990846 -0.0397514359425413 0.120449809696256 0.12351653053888
-0.0407240429948346 -0.0510915648432352 0.16588910447753 0.078634138955027
-0.0371191450218007 -0.086778554982664 0.198927122119324 0.109902811195087
0.0363168403968458 -0.100187341963176 0.139603754033139 0.225049422681156
0.113312170405529 -0.0417822354890668 -0.0591099443572329 0.315716906793274
0.147652673489606 0.0567468379527286 -0.222886567039632 0.279218529129772
0.103097150927221 0.191240031076265 -0.313988095647897 0.205421883644124
0.00645022675283637 0.297616923266002 -0.262023385749885 0.32136872897965
-0.00446498334168397 0.302878844851368 -0.100844844453857 0.169685942801447
0.104800306962156 0.165168536966782 0.189995662357744 -0.0517943616477849
0.132894712287131 0.044862585279412 -0.0284574563676969 -0.324624681540061
0.103943355883095 -0.0457911794344135 -0.343016011822241 -0.167416467820933
0.0539736734316764 -0.116301169091829 -0.310317509567365 0.167946305183912
-0.0244236469118943 -0.118570966085917 -0.0983402121966558 0.263573601555071
-0.0594489927452091 -0.0805227546768111 0.0316851320332079 0.192610130009787
-0.0747410167388091 -0.0769858133770453 0.0957760269499362 0.100707665019422
-0.0765762172314154 -0.0924164523395184 0.138088634025146 0.0386546030205996
-0.064880910496554 -0.154712085448963 0.195619031487094 0.0419728928619895
0.0463186660208053 -0.184150561668564 0.200505747970726 0.142334016447026
0.177314408014532 -0.0999798788971125 0.0473427982963607 0.293719866569964
0.250478584127055 0.0773339839297517 -0.141038102992212 0.312706807231318
0.155327123246573 0.296234421160649 -0.256038392051245 0.22370932863321
-0.0254209688304054 0.41552189782121 -0.206500964813513 0.242897056852847
-0.0980108416593613 0.378046348603774 -0.064617017896327 0.0402614247265909
0.0747086791403545 0.298494381193376 0.216232167875261 -0.0848826391899395
0.200551417109626 0.154449599764631 0.0445991642429643 -0.375628194882915
0.20555137020681 -0.0463177344906806 -0.294226819540591 -0.255131098035588
0.105397113935546 -0.177081258312082 -0.318447556587773 0.0737292405616603
-0.0284757535858446 -0.188006659486384 -0.139801428656975 0.201015227746975
-0.0913237516678294 -0.125587052720391 -0.0115251297941157 0.154596713786839
-0.105893575425103 -0.101698331060464 0.0566004602040705 0.0649228233791841
-0.102453228029714 -0.115027417845404 0.0969055249863413 -0.00870319541606305
-0.0898003892981335 -0.191582165643387 0.171672777929488 -0.0345769257048425
0.0322502006115888 -0.240917652128811 0.235817170171457 0.0372391827562402
0.197426748967765 -0.162654724659191 0.148744596056443 0.232091468467371
0.319274057712276 0.0527711947981797 -0.0462290828287829 0.314350417088993
0.205409694167195 0.339544411104727 -0.202620241645723 0.225466402851244
-0.0361980011860688 0.467664526715482 -0.151779416070999 0.135578179854693
-0.182411557125617 0.384300271936079 0.0108268425648712 -0.107806794848718
0.0042109812861669 0.37829601194565 0.250378641783749 -0.130781306765124
0.205020319635724 0.256280826223582 0.134325566588955 -0.393937385745482
0.273044999952858 -0.0104210549242873 -0.191521199080577 -0.327778003670604
0.15219145223293 -0.196951960918855 -0.284831871419547 -0.0492775585998639
-0.0193427622290371 -0.226696236836138 -0.173153364585428 0.105346917551028
-0.106743688836454 -0.153325850128411 -0.0641508636749761 0.0987903446137457
-0.119592891190882 -0.112449984217479 0.00869176678873992 0.0213540218148553
-0.114723864844148 -0.118338756613406 0.0471891350970606 -0.0551199148887825
-0.0992848646639815 -0.198153052786607 0.132891759448097 -0.103967819571579
0.0179692702484548 -0.258573363027177 0.239128065732571 -0.0638732995583815
0.188713092906318 -0.193004070018278 0.217986117129141 0.151602507641586
0.330123906617176 0.0304336905598221 0.0295930660896042 0.283111210069476
0.210161601728374 0.33454836858398 -0.160985414315025 0.207712963931947
-0.0486245987380389 0.450337873839455 -0.103883763425764 0.0170896365603649
-0.219543584972468 0.316733951877694 0.107759840423752 -0.24213797875921
-0.0721541592069902 0.36608307398085 0.28895622680914 -0.172112966236414
0.144846371255614 0.294503027938769 0.216667981363759 -0.368629943417156
0.267998909647805 0.0368244319802927 -0.0605781480212634 -0.354271224259988
0.167120287453153 -0.171125884239766 -0.212893466002445 -0.163580947508611
-0.00521946567104603 -0.220812566602403 -0.190405135516263 -0.0025203223055558
-0.101456634789131 -0.154349217484672 -0.117059884296795 0.0322127718228922
-0.115946086195349 -0.105639694377055 -0.0392816178028057 -0.0255580698923835
-0.110896963935488 -0.106220930659937 -0.00092917109528928 -0.0983729213639669
-0.0917600082236042 -0.18153756154401 0.0934868274674502 -0.157797870159822
0.0160249362217695 -0.238830734066649 0.224707656573593 -0.138173692163252
0.17345207364298 -0.178169335806198 0.252513401882397 0.081485779946975
0.292000172694416 0.039057300731941 0.0766894337008524 0.241214734926348
0.1594347992071 0.303298720657048 -0.129572516599678 0.177118650334548
-0.0754495545429338 0.371043052454914 -0.060451238281494 -0.0904974221947932
-0.201242346262556 0.192553715532732 0.197944366797139 -0.336141831448383
-0.113498271920375 0.265691666600698 0.319719775106797 -0.195707177031918
0.0651588290619504 0.246108178654617 0.271036337584436 -0.31684602067301
0.197492917221427 0.0568195055137439 0.0523960245092384 -0.341776044411018
0.136927101759059 -0.116671486886149 -0.134593466721774 -0.242451058323757
0.00472401563326351 -0.172364620372568 -0.193505688156685 -0.0951258222794692
-0.0796418801573931 -0.127258119166112 -0.159352831759426 -0.0287794529806782
-0.0931508536521302 -0.0846024390526395 -0.079882927084005 -0.066852105673336
-0.0926016412516429 -0.0835059989146563 -0.0398758965815135 -0.136362331129193
-0.0726560990304629 -0.145903952314849 0.063931360692913 -0.199148967832212
0.0216510894019259 -0.194598124681958 0.211069177716383 -0.185368368774774
0.155748115395783 -0.135400834870994 0.26977426827506 0.0381134726550978
0.226227309199805 0.0664675032256372 0.0996691118432635 0.207059347483655
0.0757679060337283 0.25471344530072 -0.103034494856061 0.144449818283085
-0.108241792152113 0.249335097719187 -0.0138590597948362 -0.170152522815446
-0.13529098533304 0.0421720263196665 0.248731725231475 -0.379132136110486
-0.108398214886228 0.120478879916908 0.328981766458998 -0.203315470490161
0.000641107366852257 0.137470507631594 0.2904498119527 -0.272148526806381
0.0960786017253723 0.0468567664607013 0.116588168529554 -0.321840443552557
0.075845003850247 -0.0527452856827781 -0.0874603693974095 -0.281480159751395
0.00795566620064197 -0.0955770426605605 -0.194786531689411 -0.153037049862966
-0.0452567079813029 -0.0773555290469404 -0.185480009446383 -0.0716461001408032
-0.0568381883696648 -0.0509826508397193 -0.107714425831528 -0.097680235010273
-0.0642840802002808 -0.051359765189686 -0.0632475688968493 -0.16516177532762
-0.0486059879205974 -0.0965906947965092 0.050498477703605 -0.229374450122687
0.0243524370732683 -0.134280128122219 0.20946774785917 -0.207791057285719
0.12755920004037 -0.0831415318329339 0.283270442170875 0.0215111580380471
0.147581252351484 0.0915996729622464 0.111802725598494 0.190181359987374
-0.00840647846495368 0.185318032384318 -0.0836022022152495 0.119826611507746
-0.130146722549224 0.102777562630736 0.0342097302288256 -0.213264058293048
0.115712671301725 0.0324484941292569 -0.0549062892953377 0.306222364379264
0.0473462974560078 -0.084245651497488 0.184710736677019 -0.0438210367408014
-0.0535218945096569 -0.0689463971371427 -0.089612472865716 -0.236327261716135
-0.0549613532514862 0.029140352083635 -0.341656336673414 -0.0646730180769992
-0.00454666614391192 0.0392008253557905 -0.25425839553307 0.237551314120874
0.0168073272578437 0.031750703932999 -0.0421474479956426 0.289108335581304
0.0274632872077239 0.0161785120239832 0.0684082133724857 0.215009511598468
0.0130252338492251 0.00378497724682372 0.130094304381432 0.134752687916531
-0.00164227285003636 0.00602039267948721 0.180245283787177 0.102899773932089
-0.0179943146713498 0.0020107971434894 0.191955333868176 0.15436915841139
-0.00660832912652992 -0.0125605263427109 0.0848882062822806 0.273299715252372
0.0131214035103267 -0.0224710151617739 -0.130883854262439 0.316811755996309
0.0526429976795326 -0.0272150925114994 -0.277681322729588 0.244868657950568
0.0904123121895948 0.0398344331297331 -0.372306597844327 0.186766810827859
0.0749702967821004 0.141593682354159 -0.305701650248789 0.367323473324707
0.0724408567337005 0.179935676371154 -0.0926291749655814 0.264624368689962
0.0917438768597579 0.0283117968106798 0.183567946838797 -0.0363783612363512
0.0390464960961592 -0.0319630053223757 -0.0712466756039873 -0.274450108988529
0.0115477518247763 -0.0162843594904355 -0.35501152058419 -0.103418098917043
0.015981370965944 -0.0392305907983197 -0.285293642586121 0.222356460480365
-0.00770160279945505 -0.0406302710061406 -0.0638095681596093 0.292974247427023
-0.0180750343826357 -0.0312452724709486 0.0600258220712476 0.214463095774408
-0.0342488691407799 -0.0412112746136265 0.122312012173061 0.126440046399373
-0.0418061795068823 -0.0519248502201447 0.168868912355818 0.0806064282959897
-0.038721035799066 -0.0886073401626304 0.201889527168108 0.112087569881446
0.0367600704061117 -0.102218073104476 0.141680150926361 0.22880936583182
0.115743201677568 -0.042505558513206 -0.0606321059737999 0.323540691031491
0.148548331604484 0.0597262238755708 -0.228586361248144 0.28410261730154
0.10303218380828 0.19586143147604 -0.322252510719473 0.208292101079578
0.00569225287005404 0.304822806380747 -0.266522168097904 0.326579173930981
-0.0049213684429309 0.305609043663934 -0.0984909545906744 0.176063148321895
0.105165590759361 0.167664860237246 0.198871214630581 -0.0491613393234163
0.135012594369339 0.0465973805855612 -0.0262589796600523 -0.332210022316873
0.105798246910562 -0.0470130039551118 -0.350185925095296 -0.173574986732069
0.0538458053558343 -0.119509251011898 -0.316654529861884 0.170501137073707
-0.0258892699633924 -0.120025270458006 -0.0995417608655243 0.267942246158432
-0.0608687526951604 -0.0820637908324024 0.0325047386880977 0.195686477164928
-0.0761873516671686 -0.0790365022612726 0.0973563827513823 0.103425958980538
-0.0790339675482856 -0.0941473083054708 0.140026575166743 0.0409163796715834
-0.0682238066200901 -0.157069688392536 0.198217630073931 0.0420584792990824
0.0459177220805356 -0.187070142651968 0.202846415985675 0.144275088960144
0.18093058759309 -0.102424552516684 0.0477267333525919 0.302152806589369
0.253876737784845 0.0797594731103847 -0.144875599635349 0.320466447250661
0.157369743468749 0.302391858274181 -0.262867694591271 0.22700004934834
-0.0263184100933735 0.424376152675613 -0.209327649013095 0.247382515792626
-0.100166118147477 0.383239093215607 -0.0628094993288674 0.0441850831240252
0.0751412570212876 0.302244605474246 0.225657458866369 -0.0807358503490399
0.202926905633172 0.15745983608581 0.0477833664593381 -0.38323516854638
0.209415985880383 -0.0472833922450448 -0.29980656179708 -0.262343571068518
0.105530771621735 -0.181311596113345 -0.324276442103127 0.0738239906454259
-0.0314628146162405 -0.190354241554149 -0.141683444186749 0.204930647262702
-0.0941839762687372 -0.127174556691137 -0.0113305362580435 0.156593199760814
-0.106946781129998 -0.104409785259359 0.0572867583393975 0.0667492731135891
-0.104568352243452 -0.116491292306665 0.0974231164952016 -0.00651391323072257
-0.0935670632271935 -0.194578608749783 0.172939216584309 -0.0358394109936219
0.0311123853961407 -0.244902424757899 0.238081373358968 0.0351614310691803
0.200040928507642 -0.166991461382766 0.152045322337587 0.23837687525074
0.324061744630192 0.0542387864141062 -0.0477771629289723 0.323168671120415
0.208835570372823 0.345919315306864 -0.206920286201317 0.229769572639233
-0.0377700479931711 0.479605948567822 -0.152589288481596 0.137370420184853
-0.184746526361256 0.387538494711667 0.0129718652409201 -0.106063492213166
0.00498985697756338 0.383753260683835 0.259473256023767 -0.125809929083808
0.207056894752615 0.26180735581823 0.13978014401555 -0.400332069195394
0.277744167551873 -0.0109468369522726 -0.194020684695585 -0.335780618776836
0.153476765839252 -0.201522402316249 -0.290741296642327 -0.0505220127563369
-0.0229535511582281 -0.229525447388041 -0.176802772520834 0.10882098316689
-0.109299073502822 -0.155415798894471 -0.0655306986692333 0.0998017001152295
-0.121389118979687 -0.113839879089665 0.00830556715664675 0.0217295488275228
-0.116305463714653 -0.119586220859765 0.0467108281076612 -0.0544624360013974
-0.103535113082173 -0.20191245258635 0.133462052957686 -0.105655763593049
0.0162840600372897 -0.262395988785548 0.239646377692324 -0.0674653635005626
0.19079804152633 -0.197363577596777 0.223361775209193 0.156250182770512
0.33472092186446 0.0316645282985708 0.0296206878097509 0.292480783030579
0.213537978102481 0.338585941989558 -0.163812882047919 0.212601970083655
-0.0478724830814937 0.460492051386922 -0.104943280391391 0.017046023612133
-0.224187415724623 0.3210001088208 0.11247518690553 -0.243542414363354
-0.0728653660935488 0.371054726619485 0.297842364792339 -0.168123374203664
0.146214170520398 0.302159257175148 0.222814364876212 -0.374277123029618
0.273040019714578 0.0367601872893901 -0.0600798167989324 -0.362518571225325
0.168952137210622 -0.174794804267263 -0.217294804835689 -0.167394804495729
-0.00828091356881226 -0.223664795370974 -0.194657869682006 -0.00107051933852638
-0.104930243800948 -0.15696276620252 -0.11990142250283 0.0331505088268162
-0.116324050839631 -0.107411612853157 -0.0406190573724916 -0.0260177204351531
-0.111600666322939 -0.107590956816389 -0.00221032099464216 -0.0982094401388214
-0.0952331199709737 -0.184486160158767 0.0939719825648852 -0.1613792675638
0.0147214002804295 -0.243683956896771 0.22563654672869 -0.142533828407702
0.175215759370212 -0.182474992049166 0.257561848318588 0.0843822142692148
0.295585489791632 0.04052646043853 0.0777719430695821 0.249700292696275
0.160714174089925 0.307150330443449 -0.13094740865637 0.18263531636918
-0.0746129556776915 0.379200107139154 -0.0613035310301559 -0.0926046491793128
-0.204320606462352 0.194236104184533 0.202764167455326 -0.339776795959588
-0.114463685929878 0.269515576090079 0.328103985017971 -0.194137279188419
0.0658575113876159 0.251877878933265 0.277684557092657 -0.321861768402222
0.201456312559871 0.0577328062969706 0.0564467495405576 -0.348826632709151
0.138648001423218 -0.119647323851283 -0.137494647660044 -0.247085904483912
0.0025796987543415 -0.173588080471191 -0.198944543615193 -0.0957226133749151
-0.0828777730416032 -0.128803193087395 -0.162214317253897 -0.0289408742329121
-0.0931914260307 -0.0869028015658566 -0.0822321201619789 -0.068487727338212
-0.092984685480191 -0.0841491046525307 -0.0411781611810803 -0.137114528264022
-0.0748405020181725 -0.148882362121131 0.0634391242869136 -0.203706195102962
0.019947425684688 -0.197901051217672 0.21258495205978 -0.190114395331932
0.156946258506214 -0.138573141073521 0.275267503600578 0.0400032465490808
0.229581741701493 0.0697318879202296 0.101420666377527 0.215411255596188
0.077044724267271 0.258633113777883 -0.103896062213958 0.148217109874267
-0.110404512302415 0.254026482410078 -0.0153513308582226 -0.173011727766773
-0.136122689291401 0.0410495009135572 0.254310986957266 -0.384666700086825
-0.108698526194911 0.121647275372816 0.335611625441599 -0.202367403067808
0.000386275483563619 0.140634224184708 0.297481034379635 -0.274445036117565
0.098135398057904 0.0469724155234535 0.120930041841017 -0.328218131769981
0.0767558404665023 -0.0546569329936573 -0.0893504888673598 -0.286344789858488
0.00675169518228182 -0.0954860265545406 -0.199491086381414 -0.15447339293511
-0.0475124653926617 -0.0784015940472022 -0.189674597958992 -0.072311087908986
-0.0565137772750787 -0.0522975769680978 -0.110883684609504 -0.100005554239303
-0.0634904419298282 -0.051155604268171 -0.065537709896302 -0.16729139108591
-0.0496789329762449 -0.098142666895359 0.0501194899647794 -0.234981131990897
0.023633870125775 -0.136524477214275 0.211117464718262 -0.213400636897783
0.129413046992232 -0.0853117590421838 0.289246126114287 0.0235738032022106
0.14969682243763 0.0944575738286863 0.113040347988004 0.197473125532227
-0.00894207357423753 0.187602825797109 -0.0848053509624522 0.121932231550874
-0.132691048542344 0.105002826892339 0.0331721589376617 -0.217178883872966
0.119504425422845 0.0286811341244301 -0.0406301533136693 0.316213308003821
0.0449231700409064 -0.0883097092752061 0.191984842754673 -0.0527175759050291
-0.0569162527350809 -0.0683801364915157 -0.0988733945474838 -0.240644365722103
-0.055386390698233 0.0313067473312389 -0.35486733712368 -0.0540552776087832
-0.00378234944147623 0.0393591173997552 -0.253879397218345 0.252367993757222
0.0199830308854008 0.0319653650361136 -0.0315760497810482 0.296977459194892
0.02831781169484 0.0149527333859856 0.079116276015752 0.219367490263463
0.012268028435484 0.0025211887014953 0.14009983503159 0.134652812997864
-0.00229492479807705 0.0055384658383446 0.189428079360826 0.098721778600866
-0.0192168308011911 0.00292622267723089 0.202240027115595 0.151425345104285
-0.00670208471868185 -0.0133131979952716 0.0970020264429744 0.279334254041136
0.0125871357605658 -0.0239301279585259 -0.123759985651305 0.331352079636545
0.0526524190183173 -0.0282736318976228 -0.277656613042809 0.257758159371845
0.09231364733051 0.0390986208987611 -0.377987162167059 0.203979242178458
0.081825872355725 0.142726472645456 -0.299952073436973 0.385255144305307
0.0803724448916853 0.180156510466183 -0.079858348092983 0.276495012596802
0.0948198589687573 0.0254557133232246 0.192634925732941 -0.0436706688791605
0.0386544506719702 -0.0339930086330473 -0.0809573138651295 -0.281357434431094
0.0110311192159231 -0.0171965381906848 -0.36911019065027 -0.0934728667133412
0.0137568640651197 -0.0413656906443929 -0.285685977031055 0.238964675223994
-0.00926146199244135 -0.040813883714427 -0.0534902883313607 0.301962155431769
-0.0202855967749509 -0.0310571240336217 0.0699533941681281 0.21747078610888
-0.0371720240661567 -0.0414463554343511 0.131401848200931 0.126432370429219
-0.046210956750536 -0.0517073725967271 0.17709430329644 0.0776731721050514
-0.0446456212124801 -0.0891724082958662 0.210845659444883 0.10712058885196
0.0334578698758835 -0.106497059818361 0.152276908960981 0.230362821790141
0.116926733734912 -0.0493648218699671 -0.0501893023427422 0.33532840994258
0.154123295748484 0.0568090568940628 -0.225453153173039 0.298836341521667
0.110829165605598 0.199083133227885 -0.325373138269388 0.22331673109134
0.0165274019633126 0.312922009905334 -0.260650331162512 0.344325815984409
0.00623680282335144 0.310926188657461 -0.0898534064859169 0.18581548541733
0.113539631925781 0.16699637345388 0.208406324258444 -0.0555638935080446
0.138821333080957 0.0431227385864179 -0.0369144096652788 -0.340917232400525
0.106886264980649 -0.0527861126486096 -0.366391511695714 -0.166355948800254
0.0490301412937403 -0.125078722955224 -0.318787703824476 0.185758325333429
-0.0321268260070021 -0.120914623626313 -0.0911987455833267 0.278260410722153
-0.0662574322987783 -0.0811838618983368 0.0403003255697126 0.199258923022574
-0.0812309884592789 -0.0788479218897551 0.103687443100315 0.103271896578832
-0.0856668114363656 -0.0935542416934481 0.145788298442115 0.0377359426212683
-0.0776562603685376 -0.157737166952956 0.203337509815213 0.0354732927585249
0.0389655675091345 -0.193847317645933 0.210968816048291 0.138768411438759
0.181261030572936 -0.113263226733502 0.0607626221739502 0.309736940206405
0.261782532976318 0.0739905117194006 -0.136890673712825 0.33485290143419
0.170936109339399 0.304508714348152 -0.263116376471663 0.243521113427941
-0.0115197433531682 0.438304379588199 -0.203571887367076 0.260867424526144
-0.0893241674009833 0.39353341244712 -0.0587045739691783 0.0507759582089345
0.0879408979052693 0.306146820477257 0.234044001018644 -0.0878368945499384
0.213132584004684 0.155469877455553 0.0370187247920847 -0.395905964928659
0.212648670534148 -0.0564466884930392 -0.317046176687886 -0.25972183490691
0.099487042293599 -0.190730201267383 -0.331081818241094 0.0880277817706472
-0.0410722706114654 -0.191877751360342 -0.137134142565661 0.216163542976569
-0.101950367489521 -0.125373217327104 -0.00586552176035178 0.161117206264147
-0.112986946509731 -0.103195694817782 0.0610258269142644 0.0668067048926997
-0.112001278569716 -0.115546176547278 0.0991785788901679 -0.00860042669744791
-0.106360641879882 -0.195350386290165 0.175174309368221 -0.0435971425800977
0.0209120224634953 -0.25269504180017 0.241549298961788 0.0264409314630238
0.19766882192444 -0.179122980136476 0.165510100017898 0.241565526995825
0.33272433599814 0.0437464832491024 -0.0370028922364121 0.33662535650804
0.224577526203531 0.346326183625561 -0.203946945220732 0.244322134338834
-0.0194152098237707 0.494440602469774 -0.149444053305379 0.14602842603125
-0.175605460470437 0.401436780505826 0.012329365001435 -0.105592321028339
0.0189215648700231 0.392042891696921 0.266744878588227 -0.134326859589733
0.222525880072436 0.262666466218249 0.130724813350316 -0.416422399803558
0.284423317117737 -0.0219583984398469 -0.210291480281413 -0.339088742713949
0.147590177896409 -0.213504721235282 -0.300135564026087 -0.0414106317579018
-0.0341489974977412 -0.232254888111818 -0.176419945993295 0.118261802527039
-0.119482079124668 -0.153654668762767 -0.0635913630288 0.105090010549241
-0.127707119348638 -0.112945890042329 0.00899155018602528 0.0222864133049369
-0.123548880019868 -0.118601924438534 0.0454353245055468 -0.0551839139266917
-0.115944704945981 -0.20218228710059 0.131621281091287 -0.113936745034275
0.00409938308111845 -0.270117224843721 0.239453221479284 -0.0798285876151787
0.187148766214232 -0.210421991368325 0.2349587856233 0.153715739264775
0.343622221130232 0.0211390116576999 0.0431999387988359 0.302937796409737
0.231268341289645 0.339305711186933 -0.15913310536378 0.225191548421298
-0.0318426533220438 0.475845102260402 -0.10544075405837 0.0202682760733774
-0.218493117761527 0.333513219268233 0.108167104402538 -0.249353612796189
-0.0601384885099257 0.381341535265605 0.303194631686731 -0.177478170123615
0.161164360453185 0.305975749481726 0.217669158173799 -0.391466154374204
0.282185569069944 0.0262342259583156 -0.0729408112075687 -0.371669749838035
0.165242058312765 -0.187253932355662 -0.22915949605061 -0.163266340491973
-0.0196522230477866 -0.226376933586182 -0.199355681525903 0.00759125403911414
-0.114774654401369 -0.155148538094657 -0.121310934873424 0.0388249859019715
-0.121983715516775 -0.10685007799937 -0.043429592189915 -0.0247070161097787
-0.11710830217288 -0.105158865335908 -0.00676352316183587 -0.0984556899794248
-0.106877711824707 -0.185209004740289 0.087813264518254 -0.169015421249411
0.00369662286412049 -0.250234775994904 0.221930928531778 -0.157389394662383
0.171498369726243 -0.194558161527742 0.268120027754184 0.0784025937916439
0.30327692144313 0.0322070227875787 0.0909145214989704 0.257412351231617
0.17631238854129 0.309377729064547 -0.12614061191628 0.192538007284297
-0.0618360672663877 0.393198180802705 -0.06537464996856 -0.0933682931982506
-0.201352542119686 0.204957115180278 0.196933095478809 -0.352423898454502
-0.106443113582795 0.278824519845647 0.332291267531776 -0.205114467582969
0.0771721486482567 0.256696361361487 0.274241688704716 -0.338301970481
0.209197669112354 0.0506461553600718 0.0470715772935464 -0.359859317311321
0.137030443472028 -0.129364245834786 -0.150706718989212 -0.248495864568845
-0.00686945544938573 -0.175716027399189 -0.208038599052257 -0.0898374577831414
-0.0907058819649439 -0.127070058922894 -0.168174039957381 -0.0227920905481287
-0.0975812888359951 -0.0860398159070905 -0.0881278129499894 -0.067060916974447
-0.0961711809529293 -0.0824295680907401 -0.0483439682867214 -0.137440803722122
-0.0836059041905755 -0.148915842497854 0.0562178474149219 -0.211526043915156
0.0113595327014156 -0.203997080028337 0.20774934277782 -0.204081742413294
0.154588017381969 -0.148592121305751 0.284702223179903 0.0320338554506696
0.237857110543375 0.0639083891086821 0.113729459085857 0.220214937564464
0.0886854056226308 0.262543076302705 -0.100093922557885 0.156036981168575
-0.103472195276783 0.266019794208296 -0.022055336990662 -0.177394974669723
-0.13702936238537 0.0455231193991374 0.247393530092754 -0.402133260853384
-0.104667721030247 0.126799420062243 0.338341572677637 -0.216655011928554
0.00601886143264343 0.144994695074023 0.296694306847473 -0.289968742790423
0.102421151144047 0.0436581782817731 0.114680228835465 -0.341424178508611
0.076593871464958 -0.0595152469765324 -0.102156611431512 -0.290702752132705
0.00111877137155242 -0.096152924677388 -0.212043256092328 -0.149833806744812
-0.0524278970930282 -0.0772373161397659 -0.198242073545466 -0.0653315052094369
-0.05860810380625 -0.0520084180879394 -0.118639225124188 -0.0978454810520142
-0.0649183337800963 -0.0499781387842287 -0.0743334668361083 -0.168175917004737
-0.0545556628275806 -0.0984421085277132 0.0405770296733253 -0.243323258133703
0.017970067549404 -0.140515189836956 0.206455281104267 -0.228386267684139
0.12848869860092 -0.0933284214404886 0.298055979940809 0.0133071800675774
0.156762219516576 0.0921725420991973 0.123485818087868 0.201447745107866
-0.00226596168054407 0.192531631200033 -0.0818318005176006 0.128842314036087
-0.131824025613721 0.113547785745961 0.0236606631416529 -0.222950100471681
0.120202025239262 0.0199091890107589 -0.0154859184763512 0.31653890008747
0.03905802149433 -0.0910864613211776 0.192773864395067 -0.0669866529607832
-0.0611809602418265 -0.0653875980245658 -0.111354574861837 -0.235402539121026
-0.0533089791060567 0.0345608358383718 -0.358965862901726 -0.031205612995095
-0.00189329249489691 0.0390716270188952 -0.238327958447842 0.269082511274007
0.0233741975472096 0.0298711724785276 -0.0117504335429385 0.297372502663214
0.0294527975542346 0.012480525528026 0.0939764545866055 0.214386570800664
0.0117608508757832 0.0010815542507271 0.149350103257838 0.12576677821364
-0.00233147740281 0.00585687459531481 0.196269654411085 0.0863629857639016
-0.019329685294474 0.00426699288771176 0.211368238797854 0.137875005030214
-0.0073226181391496 -0.0135585169559137 0.114688875304187 0.274836485766206
0.0110357409079427 -0.0245556761415628 -0.102468306984223 0.339540686632705
0.0503704752347877 -0.0302211822354468 -0.26386791000644 0.272670610133049
0.0934758918484197 0.0356055180650854 -0.36847542138302 0.225566089434109
0.0897158573158863 0.137143752843575 -0.275936519122862 0.401022394952179
0.0910485057587046 0.172658368458069 -0.0572166572978658 0.280638137130312
0.094738082131445 0.0193317079222588 0.194633480009239 -0.0568424255346094
0.0361361018884214 -0.0367143768673065 -0.0959651257095932 -0.27660597188729
0.00985780197847466 -0.0179989466872783 -0.375396098400883 -0.0696316360309947
0.00960834395011356 -0.0427293900393076 -0.270573455392665 0.255955459473178
-0.0115980614476952 -0.0401238553623217 -0.0324436799938648 0.303603073937101
-0.0219960860619737 -0.0302999412860826 0.0847314185558075 0.21381571224649
-0.0404328595891655 -0.0398104720792858 0.140292024877082 0.118894563240793
-0.050641181479974 -0.0486978580884698 0.182175597754669 0.0662773203554163
-0.0516002399710956 -0.0852294572832425 0.21708064477734 0.093532302106783
0.0261333652270983 -0.109183713975206 0.165640224467259 0.221150287758072
0.114004304399892 -0.0570955463639781 -0.0295535764487427 0.339970126147396
0.156910194446904 0.0488906110609778 -0.207043852758242 0.310823765475096
0.121880411799667 0.193007046509849 -0.31314860926694 0.243096036829071
0.036409916481891 0.311024914430868 -0.237724711912422 0.357213088611198
0.0246871942204262 0.308484919741551 -0.0731948573806244 0.192898354804214
0.12236177461962 0.158848942399542 0.211162427511218 -0.0671967843894256
0.140630727511394 0.0347714837671081 -0.0559474814165169 -0.33924063216827
0.102785657646311 -0.0592126412876351 -0.376194703310397 -0.144110772654366
0.0388016305425983 -0.128777567215884 -0.307153514411662 0.205023033996847
-0.0401076893522679 -0.117503486112717 -0.0726514997429265 0.283021369625963
-0.0712381926377445 -0.0762913135191253 0.0532384021966378 0.195932691514569
-0.0867890763440463 -0.0741768746007338 0.110347665488533 0.0973438635626442
-0.0920788536716369 -0.0878628573184496 0.148444584667347 0.0297227723171989
-0.090168810637235 -0.151382191470694 0.204135453090345 0.0228920532506524
0.024903874643622 -0.196894184567584 0.217169829353785 0.125929036740999
0.172994234158977 -0.125198383520097 0.0800054682374571 0.307655828950273
0.265540968578612 0.0592011835151115 -0.116201094519386 0.343220882030405
0.188829367541329 0.294592573462462 -0.247791949705595 0.257593455376868
0.0159640123704777 0.439317290628739 -0.185021679194892 0.270984355118032
-0.0651504472664261 0.395394140941562 -0.0515641826315833 0.0578338615909708
0.105870047222005 0.299218375658191 0.234328694800402 -0.0992663693348497
0.221487375928057 0.142236178188165 0.0146872191256794 -0.398730452235677
0.2082542707301 -0.0712365194404148 -0.331821199715277 -0.241442296769523
0.0848341428345779 -0.197675985931786 -0.324797378861217 0.108333526846807
-0.0544904256684889 -0.186714085835563 -0.122142792955601 0.22361089474731
-0.109917971078775 -0.117736379459928 0.0038008689167595 0.160803426922381
-0.119461580801192 -0.0967133268862929 0.0650450050532119 0.0633041476089361
-0.119717951656299 -0.108149650002976 0.0986665136310876 -0.0130602378143127
-0.120823156152678 -0.186688283052406 0.170277233019781 -0.0543920253176952
0.00249575675136127 -0.253780930491381 0.239488890153354 0.0106516459777404
0.184599917293305 -0.192700324242131 0.181171531466224 0.232495698048573
0.33391220796193 0.025396629046787 -0.0146186925797104 0.340268283880164
0.246859953745556 0.331385245022378 -0.187947545733409 0.25611744339672
0.0136547348195229 0.495208590813365 -0.138429857019109 0.153333974415228
-0.15215747494558 0.40898795581688 0.0094707251740099 -0.102210962232319
0.0427541124070896 0.387532602579197 0.264015018088718 -0.145553438350634
0.237737877442291 0.249328995688461 0.106670286708655 -0.42326760695993
0.281638047676291 -0.0405361185773305 -0.229972762918789 -0.326877617344118
0.13207431411778 -0.223208520388085 -0.302557874343999 -0.0224287686505707
-0.0510119815666318 -0.226989080375792 -0.167854233581292 0.129928659000065
-0.130026834041921 -0.143711464402373 -0.0577084957205725 0.108100116314389
-0.133935573657578 -0.105627369955287 0.00985717266352129 0.0221684192655234
-0.1297476199607 -0.110737888327377 0.0418092125664205 -0.0566018601248986
-0.131509800363468 -0.193157576896963 0.122710276770582 -0.121312894670518
-0.0151555443482791 -0.270343355403676 0.229978714918241 -0.0960062623712507
0.171880275982775 -0.222074165492837 0.245037339403294 0.140354417984204
0.342755631209618 0.00126329559067801 0.0636069888714546 0.301910173235804
0.251052635103027 0.323537182229992 -0.142918617531365 0.23421088226407
-5.07831727822317E-05 0.477347834027489 -0.101932795197619 0.0245415288151587
-0.197780713111962 0.343489807351546 0.0942627538031074 -0.252105788305101
-0.0370633937263618 0.382823215121001 0.296571891531414 -0.190614586281383
0.180808586647459 0.296152142723969 0.194091033597949 -0.40286074880712
0.281984187243266 0.00697322803733744 -0.0937583897881152 -0.367168048464253
0.15150972251966 -0.198480535345847 -0.238277694411616 -0.148992222246024
-0.0355319407033413 -0.222016614845975 -0.198466619682215 0.0203913883309633
-0.125339966236578 -0.145815893970902 -0.118694288841658 0.0467778789572819
-0.127942891052538 -0.0995409473786318 -0.0456893000611355 -0.0219258677469444
-0.121827781774344 -0.0986327254965437 -0.0134255215639842 -0.0966846536977264
-0.120507553951296 -0.177008370965851 0.0764255906028474 -0.173879525477232
-0.0147814222881043 -0.250440212501679 0.208855008643548 -0.171516926679192
0.156955163617804 -0.204829314877812 0.273514139490792 0.0632743793459899
0.30494778156426 0.0141784983482271 0.109038347922965 0.254391697133607
0.195733740339362 0.297211802804508 -0.112799936513443 0.198680655979562
-0.0360612726245402 0.396259699502739 -0.0708037925971023 -0.0901885566444569
-0.188624731826406 0.213849503784034 0.175922654674531 -0.360051725849555
-0.0881844478273365 0.282525973115428 0.322019017554932 -0.22111069091007
0.0937653385880809 0.252629939797661 0.2541422400264 -0.353117715255573
0.211629858150174 0.0363965879189849 0.0267426723982413 -0.363720308876659
0.126839179740101 -0.139028509310736 -0.16445793652117 -0.239313132163927
-0.0196140254926152 -0.172921865732865 -0.212684087201984 -0.0754523339296178
-0.0996192979910942 -0.11984872709398 -0.170238901374177 -0.0108852777537538
-0.101792546387428 -0.0810818470442569 -0.0938733478244771 -0.0609814576656072
-0.0993487550709251 -0.0759450650207842 -0.0575226568084161 -0.133196708733237
-0.094381301106064 -0.14266807389178 0.0415174391216245 -0.21408152616458
-0.00354386228532697 -0.203699181237439 0.192031217550027 -0.217555995088554
0.143962381738994 -0.158150389013747 0.286426905096633 0.014384779250768
0.241516763098654 0.0499484572857899 0.128752530298223 0.215651865838596
0.104970483352023 0.255922980561935 -0.0896399993505187 0.161190727646597
-0.0846940063321131 0.272145410991426 -0.0335871296799099 -0.175642887067966
-0.133422941691704 0.05234285747396 0.223384963760512 -0.413397508892184
-0.0962667389465955 0.131059423909145 0.326442730293986 -0.232207971190757
0.0156830917510508 0.144508454474976 0.278837530525503 -0.307101985728446
0.104388595261886 0.0360671661201749 0.0955694446313601 -0.34895154395762
0.0715429204415804 -0.0647392506114977 -0.120070369962571 -0.285067529350289
-0.00582404113284317 -0.0942520934641559 -0.221770462219658 -0.134798210869805
-0.0580548636950683 -0.0721773730289849 -0.202900453215702 -0.0507852389975919
-0.0607025965822023 -0.049506292467909 -0.126243676792405 -0.090678749030183
-0.0662767244073086 -0.0457336430228475 -0.0849147924114743 -0.162139621831225
-0.0616290625863437 -0.0938997642292466 0.0243723060497133 -0.244931664779393
0.00758818641265274 -0.140630365581899 0.189293035315389 -0.241589950959886
0.120896196419508 -0.1013239295761 0.298483278382789 -0.0052816480433453
0.162909467198373 0.0824567906199492 0.137235561816346 0.196690387811545
0.00919838223233107 0.191166829847397 -0.07414150348632 0.133030123097799
-0.123821720557621 0.122003835124215 0.00786718225132014 -0.223095602314662
0.115732353141913 0.0120128177948567 0.00626656520335131 0.303683092807342
0.0314863691884241 -0.0890474600355507 0.185120707273303 -0.0781769056234699
-0.0627887713197999 -0.0601329186904768 -0.117671165011445 -0.222617546621913
-0.0495305724511988 0.035984108093533 -0.348291156640847 -0.0100276590635256
-4.79347535658157E-05 0.0371081874370972 -0.214732588938375 0.272432947335221
0.0245281429282977 0.0265890323110301 0.0054820045431487 0.285699177235649
0.0296276121957066 0.00945312647828811 0.103203733686898 0.201227243266592
0.0100378413684797 -0.000110990886632451 0.152678817027534 0.113121781486476
-0.00263604611308579 0.00527705404128466 0.195458156110115 0.0706754155832063
-0.0180373492420405 0.00510400038617698 0.211936065795817 0.121487863095626
-0.00770542358203957 -0.0134955823815511 0.126041910464777 0.259142309859213
0.00950467835954911 -0.0241645786161107 -0.0808443074703806 0.333756154007805
0.0470888005080979 -0.0313921377317198 -0.241307870135099 0.273623954447036
0.091123627070479 0.0305512763687234 -0.344200825006952 0.234468889576582
0.0929962066206847 0.126961236863216 -0.244958125522614 0.397833744980831
0.0961056980181134 0.16025551010639 -0.0356252276450803 0.271567969224654
0.0910463327992948 0.0130205276436523 0.189303967795622 -0.0666379435484088
0.0316969525500152 -0.0369618858143731 -0.104982425274718 -0.262734385663601
0.00827605125712639 -0.017818137603187 -0.366296027217787 -0.0471070231692944
0.00584377556820968 -0.0416394589031497 -0.246624935016322 0.261265663787491
-0.0131889412601393 -0.0382066338122729 -0.0145697602683763 0.293129922870147
-0.022002453068027 -0.0281616581560616 0.093444697844023 0.200750730812351
-0.042271209982651 -0.0363290965060381 0.142623630670391 0.10738838813868
-0.0528911661294762 -0.0442324939730751 0.18025228689085 0.0540009760372274
-0.0558398878631147 -0.0785889207883546 0.213545764060894 0.078213257316583
0.0185612712638735 -0.107698844317753 0.170527916582615 0.2051943035013
0.105444455668853 -0.0620109254157254 -0.00976244940422038 0.329669241946983
0.153604415793063 0.0405616714749259 -0.184674083619495 0.309386735077716
0.126243734822545 0.180991360977608 -0.289965378143812 0.248554100311277
0.0519086254963932 0.297625666490186 -0.208565634702324 0.354977554020889
0.0393784148719144 0.29284664924104 -0.0554219017693097 0.189458575289157
0.12484424187988 0.145302715451747 0.204953701344477 -0.0764040255221989
0.136197471335785 0.0258845615600549 -0.070357716444431 -0.324856215151336
0.094714326494102 -0.0629674386208332 -0.370264883774759 -0.119782099167364
0.0282556522298961 -0.125959588200477 -0.283056063769482 0.214896684264831
-0.0454557771227905 -0.109946046199853 -0.0539732604665817 0.275351326678321
-0.0729015417710154 -0.0687541872535479 0.0621171601784562 0.185792751841255
-0.0881891127241004 -0.0671185496870723 0.112163470541926 0.0883180886720956
-0.0942181046844435 -0.0796758832980579 0.144728543689579 0.0211982393217596
-0.0967075241297216 -0.139571845594799 0.197538667390698 0.0111382993744847
0.0113363022022408 -0.190958472633995 0.213916525182105 0.109586072518139
0.158927910871409 -0.129947628143992 0.0938881128523237 0.293263148154914
0.258487975424923 0.0440803038728078 -0.0931348866981723 0.336919922412313
0.195859087615726 0.274822289568325 -0.2254835351658 0.260369016410753
0.0413584134031005 0.422830287732143 -0.162288411273672 0.267644831965345
-0.0437902943207765 0.382061737386301 -0.0422643363429904 0.0596628467683667
0.116462079572337 0.280717207220781 0.226527260059566 -0.106429040809878
0.220635395365686 0.125424639296065 -0.00492768902558553 -0.385084911712003
0.195928729209477 -0.0795354452161123 -0.332602351207097 -0.215832473760527
0.0689072039021678 -0.194261185457071 -0.305559046653681 0.120803125060103
-0.0639011973379368 -0.174813236232138 -0.104351968989196 0.221734555265571
-0.112087004983059 -0.105865599181705 0.0120757722717417 0.15440746302625
-0.120720228414205 -0.0873612094123853 0.0658961983681109 0.0582695799771081
-0.120866517121221 -0.0975766287952035 0.0948462042884074 -0.0171867781070798
-0.128904330283321 -0.171672672279631 0.160151223952526 -0.0611761701961238
-0.014229802763763 -0.244356883512837 0.227623747172318 -0.00314769648959461
0.165010391638283 -0.195104961130239 0.187922109814458 0.21556845382373
0.322301153918336 0.00753309379822041 0.00512317231023897 0.328613136849481
0.254892805942235 0.30644082713985 -0.167734623711445 0.255299548653886
0.0403083275641075 0.476407310092273 -0.122891514242551 0.15229898929283
-0.125577600236985 0.399676812502636 0.00734248994968301 -0.0961008188376341
0.0619333823082621 0.368258499208938 0.25189198086858 -0.150505464122864
0.242727509638301 0.227574929954405 0.0813345502947777 -0.412333401238826
0.267594481445533 -0.0555175207367799 -0.237924548363758 -0.303330668032054
0.112225395147005 -0.22262826364791 -0.291599847978962 -0.00633789537947508
-0.062712477845099 -0.213464580227346 -0.153969529202172 0.133951883346037
-0.132732969732392 -0.129468741553304 -0.0494458272933466 0.107485474211063
-0.134152688788827 -0.0953746553654355 0.00983570944540336 0.0214471509101063
-0.130183501233516 -0.0985764900937967 0.037156046176153 -0.0552388303905432
-0.139415284719825 -0.176760229111358 0.109954171066726 -0.123117980400662
-0.0324706241321171 -0.258638960022287 0.212171957739578 -0.103736588150869
0.150689876010621 -0.222253436757815 0.244622621738005 0.122305921755927
0.329941193342293 -0.0163019352403532 0.0802350026644755 0.288367816430134
0.259499503465006 0.297797795945691 -0.125288571721526 0.23073775385956
0.0275803135205574 0.459794107791119 -0.0962586997639392 0.0268866923970814
-0.173535365525895 0.338554461846224 0.0800658292726826 -0.243751376007216
-0.0154924372126059 0.366234602190217 0.27965400683048 -0.195865732176018
0.190296398897314 0.275731921596732 0.166478066159317 -0.397579832370521
0.271246853699676 -0.00943171843960328 -0.108480833731692 -0.34911261184105
0.132327033333497 -0.200254731582514 -0.236768872122258 -0.131495949039239
-0.0478309031953125 -0.209333081773253 -0.189284856782538 0.0315214870244143
-0.129192671726486 -0.131134816366108 -0.112210985553586 0.0516328398034268
-0.128383730376859 -0.0906530109770056 -0.0466072962738227 -0.0177019174129039
-0.121798341984986 -0.0878495271489941 -0.0178595224280877 -0.090434112426612
-0.127942122847894 -0.162257653588257 0.0624856406519358 -0.171060227133481
-0.0302658834658547 -0.239301493073248 0.187281125076448 -0.175820470562586
0.138373003438593 -0.205591740355467 0.267417849106508 0.046684693011454
0.294038142153698 -0.00174378174527754 0.120544427280527 0.240375439588652
0.204434497047128 0.275169931902531 -0.0972526896360941 0.195569620893922
-0.0104393791147788 0.383613943114316 -0.073172830297813 -0.0849038737946814
-0.170588113367699 0.213730537724758 0.151745395491432 -0.352901006421833
-0.069439592631027 0.273743617303976 0.30082105475037 -0.226506480982348
0.104709148171942 0.238074930826969 0.227230420794972 -0.351643473207145
0.204927725830372 0.0224458026356429 0.0086165838728523 -0.352393670296562
0.112681603205606 -0.141678478862173 -0.171294077677179 -0.222600215105565
-0.0293949666360262 -0.162611191913089 -0.209208649478187 -0.0597155248363272
-0.102446494386827 -0.107503586793633 -0.164659133113039 -0.000175484610158236
-0.102000768611632 -0.0734064389181561 -0.0953424056476828 -0.0534046061670663
-0.0988183605224029 -0.0685591997079561 -0.0628403679914238 -0.122995394148318
-0.099976206577992 -0.13057170465811 0.0267349179998592 -0.207769756039883
-0.0163032520412062 -0.195550548147142 0.168928288596268 -0.220789398031366
0.127878713685646 -0.159783728074224 0.277074396634973 -0.00134391770906194
0.235561336712394 0.0359341905344985 0.13826557413378 0.202719235563214
0.115001393984888 0.239891316873474 -0.0771510210377465 0.15862718636261
-0.0653538780899952 0.265983852609875 -0.0429224464950847 -0.167978112197294
-0.125718838106287 0.0547672829058035 0.193015323822046 -0.40592788177174
-0.0845745592533712 0.128114495295034 0.302695923164308 -0.237436729729991
0.0233270216820609 0.138332162051613 0.253830086214619 -0.308979017679332
0.101527947070009 0.0288991969243781 0.0760915350725778 -0.342097895066448
0.0633581409381911 -0.0666684413725266 -0.130422671783242 -0.268399478104158
-0.0113675105766882 -0.0879800622176414 -0.220932825201779 -0.115855362920566
-0.0594929873335321 -0.0649090283341497 -0.198699390605352 -0.0364364931841636
-0.0604073192491283 -0.0453092852602486 -0.128470965347925 -0.0793689084337555
-0.0640927782843865 -0.0407262833257594 -0.0916026134013354 -0.149242576864035
-0.0643771610096727 -0.0859304171964956 0.00883473406681051 -0.236659563079362
-0.00191888980678001 -0.136157155634615 0.166723385241559 -0.242414839270598
0.109388653584359 -0.104435713367505 0.286678308269406 -0.0206508233577255
0.161508851459009 0.0710773047321543 0.143339936807713 0.183516638165242
0.0194469770556205 0.183018363798978 -0.0644569623180668 0.131123707265804
-0.112141170790721 0.123409614004979 -0.00565297553303806 -0.214326452457967
0.103655515077581 0.0239451519104954 -0.0193448331206077 0.287812830153131
0.0381488214131318 -0.0778208879687629 0.188627051719118 -0.0567882999113288
-0.0500495701484265 -0.0629792320635628 -0.0812117124355552 -0.225857362620925
-0.050657604629215 0.0258546251852224 -0.320578705271841 -0.0485599490010442
-0.00685057786343283 0.0335951594019197 -0.229183636937929 0.229451025710495
0.0187984082544378 0.0240433125473567 -0.0252502630912069 0.268226414488085
0.0276440752731146 0.0103429810678503 0.0764675382788043 0.200317608161839
0.00897658762176912 0.000692407978444449 0.133101320110403 0.1241063732646
-0.00452932714478856 0.00319337942858088 0.178720936286413 0.0890175443113198
-0.0186133643449014 0.00180863398410953 0.187920306118273 0.138712279962345
-0.00545116535181692 -0.0165692417544508 0.0904608723891553 0.26458619006207
0.0150373804530198 -0.0256558119542938 -0.117091408285074 0.313497582414438
0.0532494759522077 -0.0234717952366485 -0.267910485470605 0.232910387944766
0.0856649625089963 0.0409028651167775 -0.363051276527092 0.184082553626373
0.0778907252767235 0.130929791969502 -0.290336399915154 0.353472135840391
0.0678200268904958 0.157264371575453 -0.0628906477229256 0.257692611938544
0.080476556898021 0.0234596898439233 0.189555175366084 -0.0399174432444391
0.0341936061766523 -0.0296695104538527 -0.0648545152234334 -0.256773816099703
0.00965471751231815 -0.0167213208687993 -0.330013811669711 -0.0830436481732055
0.00903436960747316 -0.0393084877218852 -0.254148465137067 0.216545392322861
-0.00845816885915506 -0.0401196102748151 -0.0425445777959194 0.271169193121613
-0.0169821756543811 -0.0302641386327478 0.0674837030454591 0.199044575973226
-0.0361970564511354 -0.0404472698186131 0.123018263813813 0.118267053898655
-0.0455262238624603 -0.048785761629072 0.166757120892842 0.0723519473605275
-0.0440526402235515 -0.081159354870422 0.19444970316337 0.100979905402004
0.0298657393116982 -0.102321234786209 0.136372677355942 0.220314357849387
0.110336745427648 -0.0507025232553116 -0.0499974344357622 0.319559577938728
0.14779456661669 0.0556261470120768 -0.21842130124714 0.271023913651617
0.102009510473431 0.18731718169042 -0.313581984914016 0.197874128158594
0.0194386455039111 0.289710674705104 -0.250131346718877 0.307877706785783
5.64062509205423E-05 0.271975975764533 -0.0822866417451107 0.181161709686261
0.0950286456121766 0.14842406349443 0.201217519768086 -0.0401843140637402
0.122559200011814 0.0422664209344976 -0.0263829572613561 -0.302555273712151
0.0965007243219626 -0.0465714708471775 -0.324227126191101 -0.146991910375721
0.0422693180707732 -0.114300256892594 -0.28039677697357 0.17101653344078
-0.029518600110676 -0.110370909532101 -0.0741777686308931 0.247972087813432
-0.0593556004406183 -0.0738913998671151 0.0391173238360445 0.181533354142204
-0.0763543515131915 -0.0748261953284793 0.0959280212771924 0.0970830726588422
-0.0810962365324242 -0.0878639133546423 0.136333727316087 0.0394794788072296
-0.0771278129326799 -0.143114929628491 0.186618219645353 0.0381010653983861
0.0313734820124811 -0.181806265336252 0.186535607843442 0.136624545573217
0.166025659938581 -0.109470672041296 0.053298456154775 0.298341035174398
0.246160222304915 0.0687074645163645 -0.136239697577679 0.308030052809485
0.158118537861363 0.283112965160301 -0.256194822855591 0.213121353880643
-0.00297084773090675 0.40836307080985 -0.197982275738015 0.223963272432642
-0.0857739437954369 0.344245165626215 -0.0658343862893012 0.0603159418218057
0.0712030978225184 0.271296188111774 0.219884054577687 -0.0610478500248035
0.187684212022775 0.144988705718471 0.036890351416101 -0.343516275795099
0.192886665363599 -0.048342697229165 -0.278002232180154 -0.227398402809833
0.0898936256690352 -0.172944443666676 -0.288989408981061 0.0846276154736257
-0.0382811210007026 -0.172408081050927 -0.114361771575699 0.19182136775489
-0.0926707573524997 -0.112698025831244 -0.00315420018523647 0.14588620256241
-0.104742941271006 -0.0979503112457615 0.0552346640701415 0.0635863191865647
-0.104361552904754 -0.107627184738594 0.092825667686199 -0.00163216791722002
-0.10479534724443 -0.17646860024744 0.159806154400036 -0.0327975280434697
0.0122886364666258 -0.234689327878439 0.212367070471952 0.0335406693262267
0.178264240696739 -0.170187229671157 0.152815071982695 0.235629467165709
0.310152609522771 0.0392792517721694 -0.0428488164317933 0.313200865457121
0.210889467249289 0.319344406630711 -0.201311867493024 0.213399018687621
-0.00907701037014424 0.460732638038544 -0.148141398553202 0.114134072446256
-0.164031404649198 0.350694770291656 -0.00861866552798758 -0.0835580472070844
0.00801825086788243 0.346125220265171 0.24181653339473 -0.0993245033725821
0.195189002968533 0.241955550928987 0.11536634145615 -0.356690243235518
0.257215173812945 -0.0156585525580332 -0.182875569774 -0.294438407811622
0.13496620809263 -0.193619351557958 -0.261689999695044 -0.0288580559844277
-0.0319500274392021 -0.206303156241091 -0.149661731851813 0.104653494536507
-0.109169752809632 -0.13595170057839 -0.0561529797633922 0.0961183215430882
-0.116960035564479 -0.107571020866058 0.00575096723769399 0.0223908008018922
-0.112401285822025 -0.109666283126747 0.0419993376034165 -0.0437729589227974
-0.113535247006279 -0.182404962415519 0.118454290970043 -0.0966342014028958
-0.0039600109244871 -0.249398405046714 0.20956880228303 -0.0648493368137506
0.166268002010383 -0.19681959176424 0.217767743258494 0.153582966608151
0.318841528391511 0.0166791095684543 0.0336853256579639 0.284469397458098
0.215797907638004 0.31129164988065 -0.158022642078584 0.194922632570292
-0.0208837295373113 0.442723997368708 -0.107885559410123 -0.00365777269920341
-0.199960609655894 0.289781454751095 0.076100315002323 -0.216567305779502
-0.0615133147472096 0.334082388921243 0.268958151354866 -0.140864688196881
0.141697737340717 0.280577033582557 0.188332787343392 -0.332968513542627
0.253738540673117 0.0283572515664911 -0.0603461638387809 -0.322725101806062
0.150667822483172 -0.169067071281388 -0.198632156115552 -0.139443681886517
-0.0182521718191252 -0.200106564150851 -0.171966105140598 0.00587272484517569
-0.106141743340099 -0.136169123581429 -0.109069316256806 0.0376430365134612
-0.110988060926924 -0.102266401799067 -0.0435299445868872 -0.0212969582026756
-0.104354706807023 -0.0977671258391728 -0.00671922714033979 -0.0845119636712387
-0.102990441112002 -0.165870474921762 0.0784304811287894 -0.148598559997797
-0.00449394646150281 -0.22940002219145 0.193608206627188 -0.137153104301436
0.150321562503108 -0.180941985336492 0.248877195651259 0.0816987222407218
0.281593101406106 0.0265474030161182 0.0799439357238597 0.242782230394366
0.165776347872485 0.283285473199696 -0.125203271255831 0.164541580016086
-0.0506527554628126 0.366283966686028 -0.069827522869092 -0.106198902768305
-0.182759321335273 0.174666755389444 0.160540347307751 -0.313036649210231
-0.0994861236022767 0.240929463862581 0.293758608077177 -0.17229337335408
0.0670580518226563 0.234236337387836 0.239163182403918 -0.289667411817295
0.187549867552451 0.0484553160706333 0.0469629352260738 -0.314935520204089
0.124732591922051 -0.116912112523167 -0.129478724952534 -0.218856348702081
-0.0052889340779318 -0.153437356628558 -0.183068011186851 -0.0800805638973419
-0.0845987022311465 -0.111196830482542 -0.153747477460696 -0.0160600825548541
-0.0882188043321638 -0.0826998842960709 -0.0860706749988732 -0.0600000721904447
-0.084155647510232 -0.0760042225943921 -0.0454931779285905 -0.120610489463377
-0.0804627256501445 -0.133196284288327 0.0482295854596667 -0.189153997190007
0.00394234035996939 -0.186137160728908 0.182389376535561 -0.183668436563232
0.135536014405982 -0.138820421987807 0.263912912460266 0.0347458770804551
0.221325053524603 0.056335738603725 0.102275186303679 0.208304913899166
0.0845910741559102 0.239794345531093 -0.0979039420319753 0.132173493168795
-0.0904277381012353 0.248170806964348 -0.0282342514259884 -0.179303046635226
-0.122256836268108 0.0344232579510409 0.215021809437787 -0.359198538790539
-0.0937140577331294 0.105806806348463 0.3013704440038 -0.187336378658892
0.00477052596030816 0.130565422312622 0.262857211179718 -0.253532489487001
0.091220963964016 0.0403412200905124 0.107506264619111 -0.302894185515138
0.0685440156835952 -0.0538228742358092 -0.0892859346947326 -0.259418187189668
0.00238514137482602 -0.0815365559030516 -0.191224929714948 -0.132033774542947
-0.0491357470930286 -0.0658522173432423 -0.182617135998758 -0.0525937949317976
-0.0521845131533183 -0.0508661262340989 -0.114629130151199 -0.0890936671319112
-0.0548020754333267 -0.0455248877538388 -0.0698775871976476 -0.15007175346011
-0.0513025043166357 -0.0867560120172668 0.0339051563799084 -0.219100922175217
0.0112804048980578 -0.127468911314941 0.18331558361811 -0.207882741487563
0.111656228784729 -0.0874108123385276 0.275932427693325 0.0165370404841252
0.146912363334318 0.0813369581726575 0.112002285412271 0.190793922283391
-0.000692186178032823 0.175490855834479 -0.0787638128637165 0.109257474935675
-0.120628816213217 0.107109651802965 0.0172596957431331 -0.214389340235495
0.0985934336533496 0.0237736905397414 -0.0195117630696658 0.275999776191482
0.0370792042926521 -0.0740206093709791 0.18586545014142 -0.0543460612507732
-0.0482749194052758 -0.0614352605038196 -0.0731958135210891 -0.222020848724614
-0.0489319076137165 0.0247300414527588 -0.308944335882494 -0.050882871071776
-0.00752006558776337 0.0322263649806678 -0.224667628917706 0.220346408338082
0.0180361792595691 0.023027366114126 -0.027739241754405 0.258501610162403
0.0260568140217809 0.00852697621723644 0.0725857189370299 0.195894237070145
0.00789968509387106 -2.48274375220982E-05 0.129317498237434 0.121854177405629
-0.0052367904097253 0.0030143833191514 0.172923369906723 0.0882045079799089
-0.0181323918760473 0.00146302170867462 0.1815197967397 0.136519420101204
-0.00523787730670246 -0.016461229330996 0.0840094700351966 0.258081958512795
0.015279556840186 -0.0247511741154599 -0.117907800550813 0.302452117684069
0.0524952681008089 -0.0207738389318462 -0.265127710662638 0.218137334767169
0.0822700574262389 0.0426749588557256 -0.35584464074338 0.170613958456909
0.0728098901011834 0.12743078369253 -0.285563792122811 0.334506625776949
0.062360367749718 0.15240770362906 -0.060964483716237 0.246919315085196
0.0764347251429673 0.0242020578121237 0.188113248285803 -0.0371087132564353
0.032782313245792 -0.0277947217300552 -0.0561686322370339 -0.250336881396645
0.0094773004114984 -0.0159997214008901 -0.318780366780101 -0.0855410656241635
0.00852267989071738 -0.0379623453614311 -0.249077181787808 0.206585486311807
-0.00811703226740187 -0.038911178525276 -0.0439156528142237 0.261170061482474
-0.0157582096596073 -0.0308409114279918 0.0631135088543813 0.193406780608917
-0.0357156251020226 -0.0400687876606808 0.118971327897047 0.115688876622575
-0.0449102708736432 -0.048107642012102 0.161682376312093 0.072547497409966
-0.0429773167247047 -0.0790110747575607 0.187856306059624 0.100173097431753
0.0289000828209912 -0.0991271952920117 0.128963115702376 0.216736828865164
0.107168584675812 -0.0473801069652059 -0.0527331764835873 0.309829662263761
0.141935792768244 0.0570534907619992 -0.216851135959129 0.257591340857118
0.0959368850309524 0.184403113380543 -0.308561553454978 0.18531507568315
0.0155385076698021 0.280945540463493 -0.246675130811775 0.290462455072811
-0.0045462503660222 0.262262074316788 -0.0780266563385609 0.17343175217077
0.0883818205140427 0.144968139369043 0.200924926716032 -0.0361810332012232
0.117368247296779 0.0431642889941734 -0.0188501062236324 -0.294213441826416
0.0936515810775432 -0.0436336792768908 -0.312193036348783 -0.147675428529522
0.0403558179320089 -0.110660304394043 -0.27366349669867 0.161178844191385
-0.0280456221179788 -0.106690562737291 -0.0743679336218765 0.238867532138139
-0.0560429683907692 -0.0732096652749353 0.0356616439671424 0.176241824448964
-0.0733104214738373 -0.074197840063857 0.0925530937850117 0.0953843289035916
-0.0782665323042939 -0.0860835876139353 0.132385637298414 0.0398313555406078
-0.0746845341757775 -0.138664430693721 0.180529553624933 0.0388596979084064
0.0304455544553592 -0.17589313776987 0.177689055672462 0.136593389784238
0.162160711335499 -0.103455229288174 0.0477203416051694 0.291351286734528
0.238255613004743 0.0711001395688063 -0.136550811672363 0.294861495566641
0.149501654780786 0.277849081530807 -0.252489208216525 0.199567634128798
-0.00832052541726988 0.394341265087641 -0.193750459873054 0.211109627029709
-0.0888455867124061 0.331469110162588 -0.0613060648553716 0.0576212073388964
0.062662361295391 0.2630863216874 0.217948189684277 -0.0548217945981593
0.180246283373537 0.144550142286288 0.0435777939724275 -0.332728995785699
0.186749122534509 -0.0440407468348057 -0.26614354582324 -0.225716215645734
0.0868318683051646 -0.166995287089173 -0.28102460214651 0.0761642639891742
-0.0361918677600234 -0.165747557881513 -0.11210428008194 0.184027600508468
-0.0876152676410454 -0.110407499287979 -0.00543729284665584 0.141634117399671
-0.100355970163183 -0.0974733773573758 0.0524684398805881 0.0628638319725821
-0.0998696333963699 -0.106019605021677 0.0902941165202731 0.000710681805942609
-0.100674010613791 -0.170593197770397 0.154706888857693 -0.0298518514995996
0.0119352961402108 -0.227336076404429 0.203759703159294 0.0365221523457538
0.173146996749826 -0.162625945278525 0.145069160240446 0.23166302012217
0.300219450970625 0.0429427528327176 -0.0455358231655737 0.302246360980184
0.199439958890918 0.313510202554944 -0.199257405089649 0.201415293709799
-0.0143244699591422 0.445255691714485 -0.145104022535969 0.105289483361911
-0.164355487565264 0.33499547204715 -0.00417019977747176 -0.0788649075990536
0.000390754363351126 0.333072564116983 0.239532062110339 -0.0899413663092509
0.186392420418231 0.237931301418427 0.120100230298825 -0.342348849980771
0.248595880366889 -0.0121647581385633 -0.171442513994877 -0.289820399530098
0.130869083936145 -0.186016337799747 -0.251964399971131 -0.0338405036919954
-0.0298358937762587 -0.198304877827513 -0.145967115723085 0.099601116151891
-0.104033474641885 -0.132642777661435 -0.0563406510381119 0.0925694869242157
-0.111798419978825 -0.106715496705387 0.00506075952726201 0.0226414337576111
-0.107291319502308 -0.107938239388836 0.041616999244498 -0.0405954385008123
-0.110263896879897 -0.176100654755779 0.116061166856732 -0.0920168251300828
-0.00394347361290724 -0.241580023931646 0.201251086640217 -0.0586225002545184
0.161967396258678 -0.188135967758561 0.209298451329642 0.152453034636223
0.308776005217108 0.0212535705615301 0.0295900822593251 0.275729252051611
0.205670148848639 0.304437420394686 -0.157602333846276 0.184418466030519
-0.0242444648750484 0.427262256455277 -0.104906464122639 -0.00700324492046262
-0.198936710262381 0.27590052764535 0.079276623559409 -0.206054134763518
-0.0660178884423803 0.320856566301539 0.265205325718937 -0.129734910880073
0.134151860785583 0.274417725893283 0.188542655715172 -0.318578876031612
0.244824073159108 0.0302785369378309 -0.051277732557587 -0.315572173469974
0.145869728324607 -0.162372409121098 -0.190174039674177 -0.139580211804138
-0.0159720843594418 -0.192160526101623 -0.166974092939572 0.00428781333679604
-0.10032212497854 -0.132139956826279 -0.107232935649697 0.035556049489498
-0.106529506072819 -0.101560924255337 -0.042913632920851 -0.0202428112181022
-0.0990913853259118 -0.0968772676794688 -0.00493861764905248 -0.0804914490667827
-0.0998521588262785 -0.160463484862108 0.076818139776071 -0.142109429947084
-0.00450689609030709 -0.222598149101107 0.186585620820425 -0.128749813481155
0.147032138776782 -0.172613637774174 0.24106548099356 0.0826808586756247
0.273472471808901 0.0292317343191828 0.0746015598369662 0.236718104393417
0.157193836461523 0.276107301085991 -0.1248809850871 0.155202429327623
-0.0525556749659302 0.352851439086093 -0.0676649226344689 -0.105972094700615
-0.181082827063284 0.165221782925926 0.161702935647484 -0.298295288405272
-0.10079578641389 0.229965608608446 0.288126579638738 -0.158518160664013
0.0622741741158457 0.227442214666616 0.236943231606929 -0.274882806930921
0.180554725202075 0.0489381580216236 0.0528251848034572 -0.305730518956814
0.119869127927869 -0.112028772782136 -0.122223615056552 -0.215095861742142
-0.00393396138543104 -0.146691885239794 -0.177308541464239 -0.0792588578331913
-0.0796981453224716 -0.107230400643559 -0.14909752543705 -0.0158492637769805
-0.0843745442963875 -0.0825687346527565 -0.0842615095329798 -0.0585468657123219
-0.0789378033544218 -0.0752098133946367 -0.0426555440359077 -0.116286034132507
-0.0767995200282677 -0.12828524835655 0.0479927380624091 -0.181955792864813
0.00405827079255902 -0.180067945214015 0.176197258549799 -0.174931524532953
0.131435835678604 -0.131854251815929 0.255680561228472 0.0377378759347547
0.213895910066353 0.057172846050297 0.0970848875674368 0.20365614489506
0.0788743264253477 0.232824371489365 -0.0983047717220684 0.124896816933524
-0.0903554128858151 0.237927454909003 -0.026300032126673 -0.174880856904465
-0.119241697256026 0.0300779218349268 0.215007623778053 -0.342876354879791
-0.093075060883049 0.0988911957086035 0.294453309425739 -0.173982420691337
0.00342578561534113 0.126252871209522 0.259047944697335 -0.23902250166641
0.0871139611366285 0.0399216826264669 0.112251890110916 -0.293572553602853
0.0652667751841866 -0.0510383292620864 -0.0827518750450706 -0.254998860938238
0.00342627431540668 -0.0775638901364138 -0.184616133857268 -0.129662333642729
-0.0459361160999361 -0.0634033378457729 -0.177980969092531 -0.0508784750021777
-0.0497263377339651 -0.0510483057596619 -0.112388665050779 -0.0866256591124148
-0.0510019632231492 -0.0455190960225132 -0.0660272140982302 -0.145013889200506
-0.0484475138040017 -0.0836728910483504 0.0342767304528103 -0.211694986038423
0.0116044067996913 -0.12292469494798 0.17850572349452 -0.19846448645516
0.108451657160936 -0.0831868525803512 0.266802256654647 0.0194686201715072
0.14140989028699 0.0803982937037829 0.106366590161761 0.187768392323731
-0.00275513258225151 0.170017474307893 -0.0793643039430139 0.104284379304403
-0.117081067595266 0.101482726120718 0.0172358496217015 -0.206847971651962
0.0974297794182893 0.0265478676110579 -0.0237461525381489 0.274836849037552
0.0381232968931229 -0.0723950178511933 0.190448131159462 -0.0525805765300706
-0.0470779717610839 -0.0623251006349542 -0.0662955813403816 -0.227082142604056
-0.0490871233362385 0.0236446468015283 -0.309701712904971 -0.0586072576552664
-0.00885742865032369 0.0325317849249072 -0.230477562164088 0.217304629212605
0.0176064303109091 0.0224317885593572 -0.033413118197671 0.258871155479964
0.0254904996412219 0.00790385082072284 0.0699954560626913 0.199034999517396
0.00672074183103326 -0.000523506696194864 0.129154632729162 0.124970601862924
-0.00630652240787619 0.00303459772027872 0.172734534470051 0.0916317626839985
-0.0182523739644868 0.000250438032139436 0.179870589600096 0.140998810178941
-0.00485109613294904 -0.0172062317127643 0.0794683006482471 0.263714091815403
0.0161092294240141 -0.0240359951840147 -0.126569550580303 0.302498318980171
0.0530707832153882 -0.0188038841696367 -0.274226357182452 0.211061587010122
0.0816673122772278 0.0458528716273876 -0.363711524636389 0.162534148101572
0.0699346902755281 0.129728610695501 -0.294214290918388 0.327753634850489
0.0583917151724965 0.153890354398813 -0.0637601374286572 0.244969117599574
0.0752943075785777 0.0268507256725912 0.192670454425917 -0.0334359051431465
0.0331829432796115 -0.026478184265367 -0.0481028191417148 -0.25531348472403
0.010135342936292 -0.01495776966371 -0.317113987866636 -0.0942061292923595
0.00801112645801592 -0.037969069422034 -0.254577706570646 0.202656141099743
-0.00740024827064957 -0.0391058479118414 -0.0494714625978773 0.260238534512375
-0.0149708728398279 -0.0325957886023652 0.0598196529348163 0.196925772626561
-0.0360616011726338 -0.0416609304162962 0.11941560268158 0.118603537709777
-0.0450355832998534 -0.0495278905855488 0.161536019474655 0.0757982521111129
-0.0433139069940292 -0.0798115464559066 0.186716850886504 0.103936300580875
0.0298752132858141 -0.0995816401888367 0.124832750327547 0.222405119565036
0.10892773576033 -0.0455425034309177 -0.0608604483774656 0.311419762645912
0.141700013525341 0.0607349965509641 -0.226195873865889 0.251777332483801
0.0920113714532637 0.189712070631375 -0.316365560598499 0.176759323174012
0.00945687862411505 0.281573231096565 -0.253766283013049 0.28232668983668
-0.0124984800360878 0.262817117774904 -0.0785140922757938 0.171746523812569
0.083815226332232 0.147314805654053 0.20634976642058 -0.0312724421788056
0.116821470266949 0.046780306173097 -0.00875984490245708 -0.297223668851156
0.094840873350695 -0.0409043577075608 -0.309716380745892 -0.157180566860017
0.0416957804061046 -0.110192722126239 -0.278905993628507 0.155958370113652
-0.0265748465974725 -0.107043614247425 -0.0794928561658795 0.237865429179414
-0.0540309010919362 -0.0749436260014678 0.0319644385641277 0.177693747250628
-0.0733279093219425 -0.0769497473261359 0.0928799179353977 0.0980464976641785
-0.0783714014897385 -0.0875898803740767 0.133631743262945 0.0431868175812132
-0.0746063455972844 -0.140191048723278 0.180591794873126 0.0425620859787302
0.0319793743316894 -0.177078578625801 0.174726677308133 0.142904071437912
0.164507071692636 -0.101343919739646 0.0407304018977464 0.295471459722446
0.238453039887977 0.0776232396493251 -0.145658729384388 0.292989203125936
0.143376410501846 0.283744136966381 -0.259999930685762 0.193043039580703
-0.017110770693831 0.395593142509005 -0.20044027731414 0.204469862608243
-0.0983958373275587 0.329472242157715 -0.0590902111692057 0.0579098938712178
0.0554786258413488 0.264857630829413 0.225076374932794 -0.0483681605155143
0.177215956530752 0.149807673397753 0.0543591624487455 -0.332693173091764
0.187771483628092 -0.0400489297453003 -0.261091777615679 -0.234325262563754
0.0891516055061398 -0.165894659967067 -0.283765106335963 0.0699736612428691
-0.0330565904287272 -0.166135155106264 -0.116382629330905 0.182246378954372
-0.0850219626431119 -0.11277560858823 -0.0101892626136207 0.142496716300071
-0.0992744082828543 -0.101386739270673 0.0529681242832109 0.0645078305444728
-0.0987211672174216 -0.108124388237394 0.0913371236871193 0.00311093927519148
-0.100389342620518 -0.172413942557933 0.155988465488921 -0.0270068389196341
0.0135784711822658 -0.228463205707087 0.201921771977477 0.0430206059778815
0.177052575991886 -0.15889972125177 0.140455112694342 0.238223013089834
0.301647863795008 0.0501308589707926 -0.0530479206006485 0.301889938584269
0.195135251599937 0.31989773914839 -0.207358417098877 0.195171469472869
-0.0225780811485686 0.446632667990277 -0.148749349175775 0.0996856574735543
-0.173499909239884 0.332999477023241 0.000969614789401565 -0.0779467965225049
-0.0080817607874163 0.334208783123151 0.246131194655194 -0.0822235697171015
0.182793378220211 0.243971926640006 0.130394955829751 -0.340333712342841
0.249255196239948 -0.00637878252961637 -0.164003099447759 -0.297254651541544
0.133018139889973 -0.184436848992326 -0.252697743148479 -0.0409569258208357
-0.0264490952455015 -0.198617202344697 -0.148332959657663 0.0973161163437093
-0.101188843033882 -0.134685677247219 -0.0600658407887943 0.0921477401795536
-0.110537415607713 -0.111112389334427 0.00427933531153764 0.0227881523809745
-0.105403426044179 -0.111419921170468 0.0435902630410283 -0.0391153720810986
-0.109360193786276 -0.177939946646143 0.119090540761044 -0.0901307877708438
-0.00295460776186922 -0.242044121213348 0.201550344830529 -0.0525992728207974
0.164859833556596 -0.184704405136805 0.207323102134972 0.159682802876284
0.311314466489681 0.0275963673044559 0.0224834908531676 0.277433070533065
0.201335107199325 0.310070249521482 -0.164138833913692 0.179172652065087
-0.0321106241806454 0.42801336214417 -0.106722570047421 -0.0125495794629583
-0.208036693576851 0.271468853214895 0.0873071785116438 -0.202947764771585
-0.0752628110159821 0.320204541032851 0.272134675324747 -0.120720877822249
0.128685378803167 0.27847135189692 0.199049442831181 -0.31233989661282
0.245131713663012 0.0353301051706264 -0.0428682579930219 -0.319571638030477
0.148028652287746 -0.160056393202783 -0.186827666347668 -0.146627128200786
-0.0129639478314817 -0.191663983938309 -0.168420651159225 0.000351801477326492
-0.0979243615721966 -0.134250903961979 -0.109533445533525 0.0354812779159322
-0.104807095682194 -0.105006228093877 -0.0440949169722382 -0.0205700819438105
-0.0967337086042766 -0.100038069519562 -0.00295989340839564 -0.0795726325092726
-0.0988272859265207 -0.161520901575119 0.0802112696539462 -0.141714032303158
-0.0030473332966652 -0.223248097787909 0.188471837110182 -0.124376326946722
0.14926562769447 -0.169641151636178 0.239979089104281 0.0898616895842729
0.274209153246482 0.0340386428512699 0.0703158852341114 0.239900690674297
0.153490239699228 0.280702720756922 -0.132186866545985 0.152082018883321
-0.0591701881197476 0.35131322555537 -0.0675104205840314 -0.10913090200162
-0.186474704590847 0.161001035618557 0.172043022212603 -0.294316455467836
-0.107969439849827 0.227762408781383 0.294186429167658 -0.150258633977477
0.0578739675383186 0.230034886903247 0.246116459257354 -0.267495481118451
0.179997540621939 0.0532396395139164 0.063483399200112 -0.308240972315251
0.121318935777803 -0.109749914134888 -0.117019617802825 -0.221416109692516
-0.00103335003922322 -0.145767411436085 -0.175826112108251 -0.0826403708375524
-0.077591788074082 -0.108824176683901 -0.150769497424103 -0.017085084542499
-0.0833901685062354 -0.085972034300725 -0.0847672929683885 -0.0601314523759252
-0.076807264149855 -0.0780367446039204 -0.0403575126271911 -0.116090363448915
-0.0755787359125221 -0.129517805159249 0.0520813579270178 -0.181112676585793
0.00575004965486416 -0.179792486327233 0.17958387895908 -0.170744803220863
0.133746217937969 -0.128670556858867 0.25540457859457 0.0438237485326844
0.214272013985545 0.0620791061597525 0.0942874170424357 0.207158913173874
0.0750805332308128 0.235963006982743 -0.104102394400259 0.121485674648245
-0.0951859144118629 0.236204415577464 -0.024421925617446 -0.176408309416634
-0.121801561027028 0.0270403146805837 0.227187220890488 -0.33734718547985
-0.0963008319623323 0.0959763408701902 0.300774464236412 -0.164570833644041
0.000352565063929001 0.126593034154268 0.266491247320479 -0.23180036799972
0.0861952795086544 0.0417283788349708 0.120966973033707 -0.294375148557287
0.0657937866825119 -0.0493826947719099 -0.0766630452956513 -0.25946419462772
0.00521782964085028 -0.076261913830836 -0.182732310279118 -0.133293154571952
-0.0448780747613212 -0.0635986667499642 -0.178065778036459 -0.0530293290377383
-0.0494161568352505 -0.0530239531694413 -0.113006038439772 -0.0885832902745958
-0.0484098679037057 -0.0470080338949583 -0.0634660236968125 -0.145867998833313
-0.0471705960547962 -0.0847155784029068 0.0384446540046265 -0.211250248250551
0.0132540491690173 -0.122543063172763 0.182135615664852 -0.19504334354379
0.10954609837273 -0.0808022618967573 0.267521064425263 0.0262534025732204
0.140795315687923 0.0832424468651812 0.103291479345227 0.192076990971065
-0.00621964927677073 0.170641809785885 -0.0848075695645328 0.10220925676753
-0.11901153756134 0.0984517616912054 0.0201213032596763 -0.206416134112126
