TRXV5
3
4
4
9
string Extension=J
integer IsArchMeasurement=1
integer IsSpherical=1
string Generator=SPM
string GeneratorVersion=1.3.1 Dev
double ArchRadius=0.449999988079071
integer FrequencyAxisIndex=0
integer AzimuthAxisIndex=1
integer ElevationAxisIndex=2
Frequency
5 136 690000000 960000000 LIN
Azimuth
7 8 0 2.74889357189107 LIN
Elevation
7 15 -2.74889357189107 2.74889357189107 LIN
Polar H Real Part
13
Polar H Imaginary Part
14
Polar V Real Part
13
Polar V Imaginary Part
14
Polar H Magnitude (dB)
12 0xC0000002 0 1
Polar H Phase
7 0xC0000003 0 1
Polar V Magnitude (dB)
12 0xC0000002 2 3
Polar V Phase
7 0xC0000003 2 3
0.073699951171875 -0.150375366210938 0.31304931640625 -0.288909912109375
-0.0331573486328125 -0.1671142578125 0.089569091796875 -0.225936889648438
-0.124847412109375 -0.027618408203125 -0.0924148559570313 0.030487060546875
-0.0873184204101563 0.0631103515625 0.0502166748046875 0.204605102539062
-0.037200927734375 0.071868896484375 0.231613159179688 0.151443481445313
-0.00157928466796875 0.0848007202148438 0.361236572265625 0.00616455078125001
0.0256195068359375 0.0679893493652344 0.381195068359375 -0.167083740234375
0.00447082519531251 0.0730514526367188 0.35089111328125 -0.232330322265625
-0.0203323364257813 0.0866775512695313 0.338104248046875 -0.186492919921875
-0.0570907592773437 0.0691757202148438 0.32110595703125 -0.066314697265625
-0.0821533203125 0.0107879638671875 0.239303588867187 0.020294189453125
-0.0775680541992187 -0.0487213134765625 0.126930236816406 0.0562896728515625
0.00374603271484376 -0.118019104003906 0.109901428222656 -0.0302352905273438
0.127037048339844 -0.122428894042969 0.35028076171875 -0.175506591796875
0.1944580078125 -0.066802978515625 0.6260986328125 0.01422119140625
-0.175460815429688 -0.0884857177734375 0.31036376953125 -0.30621337890625
-0.225311279296875 -0.044921875 0.0864105224609375 -0.237075805664062
-0.205825805664062 0.12396240234375 -0.0737991333007813 -0.00247955322265625
-0.0688629150390625 0.22283935546875 0.0535736083984375 0.158172607421875
0.0589599609375 0.181686401367188 0.20489501953125 0.105377197265625
0.162857055664062 0.11669921875 0.3316650390625 -0.02862548828125
0.181671142578125 0.029541015625 0.335662841796875 -0.18328857421875
0.144561767578125 0.03863525390625 0.305908203125 -0.245269775390625
0.142684936523438 0.0554351806640625 0.3050537109375 -0.206878662109375
0.114395141601563 0.0882949829101563 0.308441162109375 -0.089111328125
0.0475082397460937 0.103630065917969 0.230056762695313 -0.00794982910156249
-0.00254058837890625 0.104507446289063 0.142990112304687 0.0266571044921875
-0.052520751953125 0.0651092529296875 0.16168212890625 -0.0618438720703125
-0.0572624206542969 0.0235481262207031 0.4002685546875 -0.176971435546875
-0.0499153137207031 0.0271148681640625 0.67047119140625 0.02264404296875
-0.3956298828125 -0.00445556640625008 0.240631103515625 -0.303466796875
-0.374755859375 0.0982666015625 0.050811767578125 -0.225189208984375
-0.244827270507812 0.265228271484375 -0.0555610656738281 -0.027496337890625
-0.028472900390625 0.3504638671875 0.0519027709960938 0.095611572265625
0.15252685546875 0.258636474609375 0.155792236328125 0.0449981689453125
0.303558349609375 0.12640380859375 0.255584716796875 -0.0605621337890625
0.308685302734375 -0.0137939453125 0.240478515625 -0.174072265625
0.263275146484375 0 0.212310791015625 -0.222503662109375
0.288909912109375 0.017333984375 0.221450805664063 -0.195114135742188
0.273544311523438 0.10125732421875 0.244476318359375 -0.101806640625
0.173416137695313 0.194259643554688 0.186172485351563 -0.042449951171875
0.066680908203125 0.258712768554688 0.142486572265625 -0.017364501953125
-0.11920166015625 0.2440185546875 0.205535888671875 -0.0903472900390625
-0.24835205078125 0.15936279296875 0.409393310546875 -0.148468017578125
-0.296295166015625 0.109283447265625 0.6295166015625 0.04638671875
-0.55291748046875 0.0977172851562501 0.120635986328125 -0.270767211914063
-0.459808349609375 0.25042724609375 -0.00260925292968753 -0.182037353515625
-0.228668212890625 0.388702392578125 -0.0353775024414063 -0.0421943664550781
0.038360595703125 0.429046630859375 0.0415153503417969 0.0242271423339844
0.238006591796875 0.290130615234375 0.08349609375 -0.0173110961914062
0.402679443359375 0.107177734375 0.144393920898438 -0.08111572265625
0.388641357421875 -0.05902099609375 0.111541748046875 -0.13763427734375
0.34283447265625 -0.03875732421875 0.0863189697265625 -0.16522216796875
0.39276123046875 -0.0201416015625 0.1009521484375 -0.154861450195313
0.391204833984375 0.10528564453125 0.137619018554688 -0.102798461914063
0.271682739257813 0.26495361328125 0.106399536132813 -0.0796432495117187
0.12158203125 0.3837890625 0.119758605957031 -0.0691070556640625
-0.17919921875 0.39007568359375 0.226455688476563 -0.112548828125
-0.411163330078125 0.26446533203125 0.368499755859375 -0.093536376953125
-0.496856689453125 0.1689453125 0.50592041015625 0.079864501953125
-0.63128662109375 0.19146728515625 -0.0305328369140625 -0.202392578125
-0.4781494140625 0.377288818359375 -0.061248779296875 -0.10711669921875
-0.17138671875 0.466033935546875 -0.0163841247558594 -0.0463790893554687
0.112152099609375 0.449005126953125 0.0172996520996094 -0.0434646606445312
0.296722412109375 0.274017333984375 -0.0039558410644531 -0.0667304992675781
0.445159912109375 0.065582275390625 0.0145950317382813 -0.080352783203125
0.4090576171875 -0.098602294921875 -0.0309219360351562 -0.0757904052734375
0.368988037109375 -0.070770263671875 -0.0525360107421875 -0.0826263427734375
0.43206787109375 -0.051239013671875 -0.04168701171875 -0.0932235717773438
0.443817138671875 0.093292236328125 -0.000549316406249979 -0.0929183959960937
0.321258544921875 0.290191650390625 0.00051116943359377 -0.114601135253906
0.152618408203125 0.4439697265625 0.0749359130859375 -0.121307373046875
-0.21240234375 0.465545654296875 0.21759033203125 -0.12481689453125
-0.503082275390625 0.322296142578125 0.275909423828125 -0.0216217041015625
-0.61700439453125 0.2042236328125 0.31585693359375 0.113739013671875
-0.62091064453125 0.24993896484375 -0.194183349609375 -0.108566284179687
-0.436676025390625 0.438262939453125 -0.119529724121094 -0.0117645263671875
-0.1014404296875 0.475128173828125 -0.00444793701171876 -0.0377845764160156
0.1651611328125 0.4083251953125 -0.0198211669921875 -0.0944671630859375
0.313140869140625 0.222015380859375 -0.0962982177734375 -0.0911102294921875
0.4246826171875 0.01593017578125 -0.113807678222656 -0.0548248291015625
0.37042236328125 -0.123565673828125 -0.164810180664062 0.00242614746093751
0.338165283203125 -0.091461181640625 -0.18353271484375 0.0113677978515625
0.403289794921875 -0.073089599609375 -0.180633544921875 -0.021270751953125
0.417510986328125 0.064361572265625 -0.142196655273437 -0.078094482421875
0.3087158203125 0.2603759765625 -0.105079650878906 -0.140174865722656
0.154083251953125 0.416290283203125 0.0216827392578125 -0.16204833984375
-0.199737548828125 0.450042724609375 0.181655883789063 -0.121627807617187
-0.500701904296875 0.320068359375 0.15130615234375 0.0525360107421875
-0.6302490234375 0.21270751953125 0.0960845947265625 0.142730712890625
-0.5272216796875 0.252838134765625 -0.354400634765625 -0.0131225585937501
-0.348297119140625 0.41033935546875 -0.179473876953125 0.0805816650390626
-0.04425048828125 0.405303955078125 -0.00519752502441407 -0.0151205062866211
0.173858642578125 0.31439208984375 -0.0616607666015625 -0.11846923828125
0.275970458984375 0.147430419921875 -0.17449951171875 -0.0909423828125
0.341644287109375 -0.027923583984375 -0.221603393554688 -0.0113677978515625
0.2796630859375 -0.127105712890625 -0.271072387695313 0.0852203369140625
0.25579833984375 -0.0977935791015625 -0.285308837890625 0.103607177734375
0.30535888671875 -0.0833740234375 -0.292083740234375 0.049407958984375
0.316680908203125 0.017120361328125 -0.258209228515625 -0.0583953857421875
0.242156982421875 0.174423217773438 -0.187454223632812 -0.152542114257813
0.132659912109375 0.3021240234375 -0.02337646484375 -0.1849365234375
-0.13531494140625 0.35028076171875 0.134674072265625 -0.103378295898437
-0.394744873046875 0.273895263671875 0.0251693725585937 0.119796752929688
-0.533599853515625 0.201171875 -0.114227294921875 0.165313720703125
-0.357269287109375 0.204498291015625 -0.488616943359375 0.05859375
-0.2271728515625 0.2996826171875 -0.240447998046875 0.148117065429688
-0.00460815429687499 0.273025512695313 -0.0225696563720703 0.016510009765625
0.140548706054687 0.186477661132812 -0.0997314453125 -0.115974426269531
0.192214965820312 0.06549072265625 -0.228118896484375 -0.07171630859375
0.209671020507813 -0.0540008544921875 -0.295745849609375 0.0391845703125
0.148513793945313 -0.106735229492188 -0.335357666015625 0.157012939453125
0.133758544921875 -0.0876007080078125 -0.342803955078125 0.179443359375
0.158645629882813 -0.08148193359375 -0.355316162109375 0.108306884765625
0.169021606445313 -0.0391845703125 -0.326080322265625 -0.037384033203125
0.145538330078125 0.05426025390625 -0.227706909179688 -0.148757934570312
0.106826782226562 0.137863159179688 -0.04913330078125 -0.186065673828125
-0.0325927734375 0.207046508789063 0.0895309448242188 -0.0725936889648437
-0.216033935546875 0.20404052734375 -0.0733184814453125 0.171051025390625
-0.3544921875 0.178497314453125 -0.27545166015625 0.184097290039062
0.0600738525390625 -0.174697875976563 0.275665283203125 -0.32586669921875
-0.0642242431640625 -0.178482055664063 0.05706787109375 -0.241348266601562
-0.141921997070313 -0.0125579833984375 -0.096099853515625 0.040130615234375
-0.0877227783203125 0.0835113525390625 0.0662841796875 0.203567504882813
-0.0298843383789063 0.0884475708007812 0.24517822265625 0.133514404296875
0.0167617797851563 0.0957260131835938 0.365386962890625 -0.026580810546875
0.0452423095703125 0.0733795166015625 0.365020751953125 -0.204315185546875
0.0222625732421875 0.0816268920898438 0.326141357421875 -0.269805908203125
-0.00167083740234375 0.101051330566406 0.319610595703125 -0.225433349609375
-0.0483627319335938 0.0891189575195313 0.3162841796875 -0.10003662109375
-0.089263916015625 0.028656005859375 0.245986938476563 -0.0049285888671875
-0.09503173828125 -0.0398483276367188 0.1414794921875 0.044677734375
-0.0157928466796875 -0.129631042480469 0.114799499511719 -0.0315475463867188
0.11822509765625 -0.154983520507813 0.333038330078125 -0.199615478515625
0.199234008789063 -0.10491943359375 0.625732421875 -0.032958984375
-0.18389892578125 -0.0876312255859375 0.270477294921875 -0.3482666015625
-0.242721557617187 -0.0364532470703125 0.0528106689453125 -0.254959106445312
-0.209091186523438 0.144790649414063 -0.0821914672851563 0.00295257568359375
-0.0528411865234375 0.240585327148438 0.064239501953125 0.153396606445313
0.0771942138671875 0.187408447265625 0.211669921875 0.0858612060546875
0.182693481445313 0.109817504882813 0.326751708984375 -0.060546875
0.195541381835937 0.017913818359375 0.31304931640625 -0.218017578125
0.15838623046875 0.031646728515625 0.275543212890625 -0.281646728515625
0.15789794921875 0.0509033203125 0.279953002929688 -0.245849609375
0.124465942382813 0.0884170532226563 0.29925537109375 -0.126861572265625
0.0504226684570313 0.106475830078125 0.23577880859375 -0.0374908447265625
-0.00278472900390625 0.104942321777344 0.156768798828125 0.00944519042968751
-0.0523681640625 0.0569801330566406 0.165451049804688 -0.0724029541015625
-0.0510749816894531 0.00990676879882812 0.38507080078125 -0.210205078125
-0.0367851257324219 0.0158119201660156 0.6749267578125 -0.033447265625
-0.3934326171875 0.021270751953125 0.20391845703125 -0.345123291015625
-0.37420654296875 0.122894287109375 0.0196380615234375 -0.242080688476563
-0.232086181640625 0.2879638671875 -0.0674171447753907 -0.0261611938476562
0.000335693359374995 0.360198974609375 0.0553207397460937 0.089447021484375
0.1793212890625 0.253372192382813 0.154006958007813 0.0271759033203125
0.32086181640625 0.101806640625 0.243209838867188 -0.0886383056640625
0.31475830078125 -0.040679931640625 0.214859008789063 -0.201385498046875
0.271438598632813 -0.0220947265625 0.179290771484375 -0.249114990234375
0.297698974609375 -0.005828857421875 0.1953125 -0.227371215820313
0.28546142578125 0.08184814453125 0.234786987304688 -0.138153076171875
0.187820434570312 0.1832275390625 0.18768310546875 -0.073028564453125
0.084503173828125 0.251388549804688 0.153167724609375 -0.03765869140625
-0.09979248046875 0.244827270507813 0.208938598632813 -0.109481811523437
-0.23095703125 0.16851806640625 0.401275634765625 -0.183746337890625
-0.276947021484375 0.125503540039062 0.64202880859375 -0.00848388671874999
-0.54180908203125 0.144317626953125 0.0902404785156249 -0.3046875
-0.440673828125 0.288787841796875 -0.0289764404296875 -0.197052001953125
-0.199859619140625 0.40875244140625 -0.0497856140136719 -0.04486083984375
0.0751953125 0.429779052734375 0.0374374389648438 0.0175819396972657
0.26593017578125 0.271392822265625 0.0746841430664063 -0.0309982299804687
0.413970947265625 0.0687255859375 0.126136779785156 -0.10107421875
0.38525390625 -0.096221923828125 0.0869140625 -0.152206420898438
0.344024658203125 -0.0714111328125 0.057647705078125 -0.180648803710938
0.394195556640625 -0.05950927734375 0.0751190185546875 -0.176193237304688
0.404754638671875 0.067352294921875 0.125656127929688 -0.1314697265625
0.294830322265625 0.24090576171875 0.102455139160156 -0.10516357421875
0.155609130859375 0.371826171875 0.124755859375 -0.09161376953125
-0.14599609375 0.398712158203125 0.227890014648438 -0.140228271484375
-0.385986328125 0.295623779296875 0.3690185546875 -0.13031005859375
-0.47509765625 0.210601806640625 0.525146484375 0.03240966796875
-0.610595703125 0.25103759765625 -0.0501556396484375 -0.224761962890625
-0.438934326171875 0.4217529296875 -0.076812744140625 -0.119194030761719
-0.1304931640625 0.479705810546875 -0.0317115783691406 -0.0530853271484375
0.1552734375 0.438690185546875 0.00575637817382813 -0.0487518310546875
0.321929931640625 0.243743896484375 -0.0182113647460937 -0.0734024047851562
0.4481201171875 0.017425537109375 -0.00466918945312497 -0.089141845703125
0.396728515625 -0.14111328125 -0.0501785278320312 -0.0761566162109375
0.362762451171875 -0.10955810546875 -0.07275390625 -0.08319091796875
0.428985595703125 -0.099639892578125 -0.0621795654296875 -0.0986480712890625
0.4547119140625 0.0455322265625 -0.0130691528320312 -0.109024047851562
0.349578857421875 0.259552001953125 -0.00875854492187498 -0.131080627441406
0.19842529296875 0.42840576171875 0.0728759765625 -0.141708374023437
-0.168212890625 0.480133056640625 0.216323852539063 -0.154678344726562
-0.475067138671875 0.367584228515625 0.28460693359375 -0.051971435546875
-0.59490966796875 0.26373291015625 0.340118408203125 0.084381103515625
-0.596435546875 0.31793212890625 -0.201446533203125 -0.1163330078125
-0.38690185546875 0.486053466796875 -0.122276306152344 -0.0181808471679687
-0.05230712890625 0.483306884765625 -0.0176544189453125 -0.047119140625
0.209716796875 0.387115478515625 -0.0356826782226562 -0.0970230102539062
0.334503173828125 0.184173583984375 -0.111419677734375 -0.089385986328125
0.420654296875 -0.0350341796875 -0.130226135253906 -0.0521697998046875
0.3516845703125 -0.1668701171875 -0.174423217773437 0.01629638671875
0.326202392578125 -0.1295166015625 -0.192581176757812 0.0258636474609375
0.3917236328125 -0.121490478515625 -0.193984985351562 -0.0104522705078125
0.42376708984375 0.01373291015625 -0.15478515625 -0.078826904296875
0.336334228515625 0.22613525390625 -0.120162963867187 -0.145751953125
0.200531005859375 0.397735595703125 0.012359619140625 -0.177932739257813
-0.151702880859375 0.466094970703125 0.179458618164063 -0.150787353515625
-0.470184326171875 0.37396240234375 0.167556762695312 0.03411865234375
-0.60845947265625 0.28289794921875 0.124214172363281 0.1346435546875
-0.504302978515625 0.316986083984375 -0.347808837890625 -0.00326538085937491
-0.303619384765625 0.456390380859375 -0.169891357421875 0.080352783203125
0.00332641601562503 0.41339111328125 -0.0150890350341797 -0.0247631072998047
0.21417236328125 0.292633056640625 -0.0792388916015625 -0.116935729980469
0.2935791015625 0.110626220703125 -0.189239501953125 -0.07916259765625
0.33306884765625 -0.074005126953125 -0.231231689453125 0.00407409667968751
0.256759643554687 -0.163772583007812 -0.268997192382813 0.110443115234375
0.239913940429688 -0.13031005859375 -0.282257080078125 0.130950927734375
0.289703369140625 -0.123748779296875 -0.295562744140625 0.07373046875
0.314849853515625 -0.025909423828125 -0.268524169921875 -0.044647216796875
0.261520385742188 0.14276123046875 -0.204055786132812 -0.147506713867187
0.1707763671875 0.282196044921875 -0.0373687744140625 -0.193832397460937
-0.093414306640625 0.361083984375 0.130271911621094 -0.126487731933594
-0.36480712890625 0.321746826171875 0.0479507446289062 0.115089416503906
-0.514434814453125 0.268646240234375 -0.0839996337890626 0.179275512695313
-0.342315673828125 0.255035400390625 -0.476593017578125 0.085540771484375
-0.19207763671875 0.338714599609375 -0.2242431640625 0.156906127929688
0.03106689453125 0.28204345703125 -0.0280685424804687 0.00937080383300783
0.17059326171875 0.16961669921875 -0.118019104003906 -0.108169555664062
0.20452880859375 0.0357666015625 -0.238906860351563 -0.0500946044921875
0.199600219726563 -0.088287353515625 -0.29681396484375 0.066131591796875
0.12652587890625 -0.131668090820313 -0.323638916015625 0.190704345703125
0.116775512695313 -0.108993530273437 -0.32891845703125 0.214935302734375
0.140899658203125 -0.107284545898437 -0.349395751953125 0.142059326171875
0.158035278320313 -0.0683135986328125 -0.332733154296875 -0.0140380859375
0.151596069335938 0.0290374755859375 -0.243804931640625 -0.13519287109375
0.128639221191406 0.117530822753906 -0.0644073486328125 -0.189361572265625
-0.000305175781249991 0.208511352539063 0.0878448486328125 -0.0889816284179687
-0.189956665039063 0.237655639648438 -0.0447845458984375 0.179214477539063
-0.335418701171875 0.232818603515625 -0.24407958984375 0.216690063476563
0.037261962890625 -0.190582275390625 0.221435546875 -0.340606689453125
-0.09765625 -0.175521850585937 0.0202178955078125 -0.239608764648438
-0.151458740234375 0.00758361816406249 -0.0955810546875 0.0501327514648438
-0.081146240234375 0.102294921875 0.078826904296875 0.19525146484375
-0.0161972045898438 0.101280212402344 0.2481689453125 0.111404418945313
0.0374984741210937 0.0986709594726563 0.352935791015625 -0.055206298828125
0.0659217834472656 0.0698356628417969 0.3331298828125 -0.228790283203125
0.0428085327148437 0.081695556640625 0.286895751953125 -0.2901611328125
0.0227890014648438 0.106575012207031 0.284912109375 -0.24945068359375
-0.0319137573242188 0.105094909667969 0.295867919921875 -0.12701416015625
-0.0891876220703125 0.0483779907226563 0.2412109375 -0.0306396484375
-0.107696533203125 -0.0245437622070312 0.149429321289063 0.028717041015625
-0.0382843017578125 -0.1337890625 0.117935180664063 -0.032623291015625
0.0958404541015625 -0.181396484375 0.302978515625 -0.209503173828125
0.186309814453125 -0.140731811523438 0.5970458984375 -0.072509765625
-0.187637329101563 -0.0852813720703125 0.21630859375 -0.36651611328125
-0.254135131835938 -0.02459716796875 0.01495361328125 -0.255645751953125
-0.203048706054688 0.163711547851562 -0.087371826171875 0.0105361938476563
-0.0338287353515625 0.249252319335938 0.0707550048828125 0.144302368164063
0.0952606201171875 0.185821533203125 0.20709228515625 0.0655670166015625
0.196517944335938 0.095855712890625 0.30731201171875 -0.08648681640625
0.202056884765625 0.003173828125 0.276641845703125 -0.23797607421875
0.1676025390625 0.021087646484375 0.230010986328125 -0.297821044921875
0.168014526367188 0.0425567626953125 0.2401123046875 -0.267318725585938
0.13275146484375 0.0857009887695313 0.275253295898438 -0.156661987304688
0.0525970458984375 0.108818054199219 0.227554321289063 -0.066162109375
-0.00494384765625 0.103202819824219 0.162017822265625 -0.0111846923828125
-0.0551223754882813 0.0474967956542969 0.164230346679688 -0.0811920166015625
-0.0501518249511719 -0.00720596313476561 0.356109619140625 -0.22930908203125
-0.0274639129638672 -0.00227928161621094 0.64892578125 -0.0830078125
-0.378265380859375 0.0403747558593751 0.15191650390625 -0.36376953125
-0.363037109375 0.14111328125 -0.0172271728515625 -0.243270874023438
-0.211700439453125 0.29998779296875 -0.0784835815429688 -0.0199966430664062
0.02716064453125 0.35748291015625 0.055145263671875 0.0817718505859375
0.196868896484375 0.236984252929688 0.143966674804688 0.0117340087890625
0.324981689453125 0.0748291015625 0.218124389648438 -0.107986450195313
0.30816650390625 -0.0653076171875 0.178512573242188 -0.212326049804688
0.268508911132813 -0.04180908203125 0.137802124023438 -0.259078979492188
0.294403076171875 -0.027069091796875 0.155593872070313 -0.242950439453125
0.28558349609375 0.060211181640625 0.208648681640625 -0.165634155273437
0.192550659179687 0.166915893554687 0.1763916015625 -0.099822998046875
0.09552001953125 0.235687255859375 0.154525756835938 -0.060333251953125
-0.0830078125 0.2318115234375 0.20306396484375 -0.126220703125
-0.2093505859375 0.165603637695312 0.377410888671875 -0.212646484375
-0.248779296875 0.128631591796875 0.625244140625 -0.06085205078125
-0.506256103515625 0.1771240234375 0.0482177734375 -0.320648193359375
-0.403961181640625 0.30718994140625 -0.058074951171875 -0.199371337890625
-0.166229248046875 0.409698486328125 -0.064056396484375 -0.0425071716308593
0.10784912109375 0.411529541015625 0.0298557281494141 0.0127639770507813
0.279296875 0.242080688476563 0.0595626831054688 -0.0393142700195312
0.405426025390625 0.03277587890625 0.100631713867188 -0.110931396484375
0.36444091796875 -0.125274658203125 0.0576934814453125 -0.153884887695313
0.328582763671875 -0.097900390625 0.0242767333984375 -0.181137084960937
0.378631591796875 -0.09124755859375 0.042144775390625 -0.183639526367188
0.3978271484375 0.03125 0.101837158203125 -0.152557373046875
0.3035888671875 0.2099609375 0.0890960693359375 -0.126396179199219
0.178436279296875 0.3441162109375 0.121116638183594 -0.113807678222656
-0.11041259765625 0.386077880859375 0.218948364257813 -0.1614990234375
-0.347412109375 0.30584716796875 0.353515625 -0.16082763671875
-0.43267822265625 0.234832763671875 0.519989013671875 -0.014434814453125
-0.559295654296875 0.2940673828125 -0.0765228271484375 -0.237152099609375
-0.383392333984375 0.439178466796875 -0.0951995849609375 -0.123641967773437
-0.087127685546875 0.468505859375 -0.04779052734375 -0.0534019470214843
0.18707275390625 0.406219482421875 -0.00650024414062499 -0.0503730773925781
0.3302001953125 0.20648193359375 -0.033935546875 -0.0744400024414062
0.42950439453125 -0.022979736328125 -0.02667236328125 -0.08917236328125
0.366241455078125 -0.171844482421875 -0.0683326721191406 -0.0685081481933594
0.339202880859375 -0.138275146484375 -0.0922698974609375 -0.0747833251953125
0.402099609375 -0.13543701171875 -0.0840682983398437 -0.0957565307617188
0.441375732421875 -0.00067138671875 -0.0317230224609375 -0.119293212890625
0.359161376953125 0.218475341796875 -0.0236968994140625 -0.14166259765625
0.22930908203125 0.392333984375 0.0638427734375 -0.1590576171875
-0.122222900390625 0.470245361328125 0.20379638671875 -0.180252075195312
-0.424713134765625 0.3916015625 0.279861450195313 -0.08203125
-0.544403076171875 0.304779052734375 0.34881591796875 0.048370361328125
-0.539947509765625 0.363311767578125 -0.206802368164063 -0.121673583984375
-0.3218994140625 0.503143310546875 -0.126998901367188 -0.02569580078125
-0.00430297851562501 0.467315673828125 -0.0331077575683594 -0.0507965087890625
0.237884521484375 0.3480224609375 -0.0505752563476562 -0.0933303833007812
0.335845947265625 0.14105224609375 -0.12420654296875 -0.0808334350585938
0.393463134765625 -0.07574462890625 -0.143081665039062 -0.042572021484375
0.31341552734375 -0.194610595703125 -0.176895141601562 0.0316925048828125
0.29705810546875 -0.157501220703125 -0.194854736328125 0.04248046875
0.35955810546875 -0.15838623046875 -0.201248168945312 0.00292968749999998
0.4039306640625 -0.033599853515625 -0.165359497070312 -0.075225830078125
0.34423828125 0.182891845703125 -0.133758544921875 -0.145034790039062
0.2318115234375 0.359130859375 -0.00149536132812498 -0.187454223632812
-0.102569580078125 0.4561767578125 0.16448974609375 -0.174026489257812
-0.41778564453125 0.4031982421875 0.174758911132813 0.00994873046875003
-0.55401611328125 0.333038330078125 0.146835327148437 0.114593505859375
-0.453857421875 0.3621826171875 -0.33441162109375 6.31288163109363E-17
-0.2391357421875 0.47381591796875 -0.159072875976563 0.0729827880859376
0.047607421875 0.39697265625 -0.0277214050292969 -0.0304317474365234
0.240402221679688 0.253875732421875 -0.0941238403320312 -0.107200622558594
0.291290283203125 0.069671630859375 -0.195404052734375 -0.0627593994140625
0.30322265625 -0.109222412109375 -0.232070922851562 0.0209503173828125
0.21832275390625 -0.185073852539063 -0.255569458007812 0.131622314453125
0.209930419921875 -0.151473999023438 -0.267471313476563 0.151748657226563
0.256240844726562 -0.151092529296875 -0.287689208984375 0.095550537109375
0.291900634765625 -0.064117431640625 -0.270248413085938 -0.030059814453125
0.263259887695313 0.104690551757813 -0.214263916015625 -0.134719848632813
0.195404052734375 0.24609375 -0.0527801513671875 -0.196731567382812
-0.04840087890625 0.349151611328125 0.118133544921875 -0.145416259765625
-0.315887451171875 0.35003662109375 0.0668182373046875 0.100547790527344
-0.464080810546875 0.3182373046875 -0.0487213134765625 0.177444458007813
-0.308135986328125 0.2926025390625 -0.44781494140625 0.102264404296875
-0.1458740234375 0.35760498046875 -0.202133178710938 0.15362548828125
0.0665130615234375 0.273513793945312 -0.0359115600585937 0.00381851196289064
0.190567016601563 0.14129638671875 -0.129623413085938 -0.0947341918945312
0.202392578125 0.0034637451171875 -0.238388061523437 -0.0269012451171875
0.175491333007813 -0.11492919921875 -0.2840576171875 0.0890808105468751
0.095458984375 -0.144744873046875 -0.2940673828125 0.21453857421875
0.0909805297851563 -0.120864868164063 -0.29931640625 0.2371826171875
0.112419128417969 -0.121910095214844 -0.3280029296875 0.167083740234375
0.134567260742188 -0.0913162231445312 -0.3267822265625 0.00836181640624997
0.1455078125 0.0013580322265625 -0.250137329101563 -0.117080688476562
0.139625549316406 0.0882644653320313 -0.07855224609375 -0.184951782226563
0.0307159423828125 0.194061279296875 0.0794143676757813 -0.101478576660156
-0.149795532226562 0.25653076171875 -0.0145111083984375 0.173583984375
-0.292816162109375 0.27288818359375 -0.199050903320313 0.2313232421875
0.0146942138671875 -0.198837280273438 0.17376708984375 -0.332733154296875
-0.124618530273437 -0.164871215820313 -0.009429931640625 -0.2244873046875
-0.154983520507812 0.0274810791015625 -0.0932388305664063 0.0586929321289063
-0.070159912109375 0.117225646972656 0.0837554931640625 0.185150146484375
-0.00186920166015625 0.1085205078125 0.240966796875 0.0955963134765625
0.0564346313476563 0.0961456298828125 0.334259033203125 -0.071502685546875
0.0830764770507813 0.0619583129882812 0.30133056640625 -0.23455810546875
0.0605545043945313 0.0766830444335938 0.2486572265625 -0.2911376953125
0.0443878173828125 0.104522705078125 0.251296997070313 -0.255355834960938
-0.0126266479492188 0.113914489746094 0.271102905273438 -0.140029907226563
-0.0841598510742188 0.0658187866210937 0.228012084960938 -0.047943115234375
-0.114456176757813 -0.00774383544921876 0.15093994140625 0.014404296875
-0.0582351684570312 -0.131072998046875 0.122184753417969 -0.0319900512695313
0.0704345703125 -0.198257446289063 0.279800415039063 -0.203414916992188
0.166549682617188 -0.16595458984375 0.56103515625 -0.084991455078125
-0.189529418945313 -0.0865325927734375 0.165557861328125 -0.362091064453125
-0.26165771484375 -0.0139923095703125 -0.016448974609375 -0.241531372070312
-0.19512939453125 0.17510986328125 -0.0900421142578125 0.0189361572265625
-0.0188140869140625 0.251876831054688 0.0709991455078125 0.136367797851563
0.107315063476563 0.181381225585938 0.195587158203125 0.05316162109375
0.204010009765625 0.08489990234375 0.281951904296875 -0.097930908203125
0.205612182617188 -0.008697509765625 0.242752075195312 -0.238327026367188
0.172988891601563 0.0117034912109375 0.19097900390625 -0.29473876953125
0.17596435546875 0.0355377197265625 0.200119018554688 -0.269454956054688
0.138496398925781 0.085052490234375 0.24560546875 -0.170440673828125
0.05194091796875 0.112823486328125 0.211151123046875 -0.0859527587890625
-0.0104522705078125 0.103904724121094 0.160354614257813 -0.0283203125
-0.0629615783691406 0.0372734069824219 0.162796020507813 -0.0855255126953125
-0.0553550720214844 -0.0262260437011719 0.328857421875 -0.230438232421875
-0.0243568420410156 -0.0237216949462891 0.61181640625 -0.104248046875
-0.357696533203125 0.04486083984375 0.1044921875 -0.36041259765625
-0.350189208984375 0.147125244140625 -0.046875 -0.232330322265625
-0.195343017578125 0.30108642578125 -0.0856857299804688 -0.0117416381835937
0.045257568359375 0.3470458984375 0.0509872436523437 0.0762710571289063
0.202865600585938 0.222244262695313 0.128387451171875 0.00423431396484376
0.31976318359375 0.057708740234375 0.191085815429688 -0.1129150390625
0.296234130859375 -0.07843017578125 0.146041870117188 -0.208419799804688
0.261001586914063 -0.0534515380859375 0.100860595703125 -0.250747680664063
0.286590576171875 -0.039642333984375 0.117568969726563 -0.2425537109375
0.27789306640625 0.0474700927734375 0.178329467773438 -0.179428100585937
0.188461303710938 0.156570434570313 0.15838623046875 -0.118545532226562
0.0936431884765625 0.219894409179687 0.149429321289063 -0.0791473388671875
-0.077362060546875 0.213516235351563 0.1962890625 -0.135208129882812
-0.193313598632813 0.148651123046875 0.352325439453125 -0.220001220703125
-0.223846435546875 0.115951538085938 0.59320068359375 -0.090087890625
-0.46563720703125 0.184844970703125 0.00909423828124995 -0.321807861328125
-0.3717041015625 0.304107666015625 -0.0841064453125 -0.193115234375
-0.14404296875 0.39593505859375 -0.075897216796875 -0.0361099243164062
0.12188720703125 0.386993408203125 0.0206260681152344 0.0108051300048828
0.278610229492188 0.218582153320313 0.0431022644042969 -0.0408096313476562
0.387603759765625 0.011749267578125 0.075469970703125 -0.108306884765625
0.33990478515625 -0.139190673828125 0.03265380859375 -0.144607543945313
0.309295654296875 -0.11083984375 -0.00334167480468747 -0.169158935546875
0.35565185546875 -0.106292724609375 0.01226806640625 -0.177978515625
0.379425048828125 0.0093994140625 0.0751495361328125 -0.161819458007813
0.296905517578125 0.185760498046875 0.0714263916015625 -0.14056396484375
0.1829833984375 0.315216064453125 0.11273193359375 -0.130386352539062
-0.0924072265625 0.362640380859375 0.20733642578125 -0.175430297851562
-0.31512451171875 0.29638671875 0.332244873046875 -0.177154541015625
-0.389923095703125 0.23358154296875 0.499420166015625 -0.04595947265625
-0.506256103515625 0.30322265625 -0.10076904296875 -0.24078369140625
-0.336761474609375 0.429412841796875 -0.113182067871094 -0.124092102050781
-0.06201171875 0.44268798828125 -0.0618667602539062 -0.0501251220703125
0.196136474609375 0.371612548828125 -0.0178375244140625 -0.0474052429199219
0.319549560546875 0.176849365234375 -0.0483283996582031 -0.06890869140625
0.3988037109375 -0.0443115234375 -0.0458755493164062 -0.08172607421875
0.33203125 -0.182403564453125 -0.0811767578125 -0.056976318359375
0.310302734375 -0.149749755859375 -0.106727600097656 -0.0616302490234375
0.369171142578125 -0.152740478515625 -0.101791381835937 -0.0872039794921875
0.413665771484375 -0.027587890625 -0.050445556640625 -0.122535705566406
0.351593017578125 0.185577392578125 -0.0387115478515625 -0.148162841796875
0.236114501953125 0.355010986328125 0.0521697998046875 -0.17120361328125
-0.093109130859375 0.443695068359375 0.187896728515625 -0.19476318359375
-0.37933349609375 0.388092041015625 0.267913818359375 -0.102554321289062
-0.48870849609375 0.312652587890625 0.3436279296875 0.0181884765625
-0.48016357421875 0.375396728515625 -0.213134765625 -0.12939453125
-0.266204833984375 0.490997314453125 -0.133705139160156 -0.0339889526367187
0.023162841796875 0.435699462890625 -0.0480995178222656 -0.0507316589355468
0.243988037109375 0.30792236328125 -0.0621490478515625 -0.0866851806640625
0.32086181640625 0.10906982421875 -0.132614135742187 -0.0715484619140625
0.356719970703125 -0.09600830078125 -0.152099609375 -0.031646728515625
0.275299072265625 -0.200973510742188 -0.175613403320312 0.0433197021484374
0.26361083984375 -0.165618896484375 -0.193511962890625 0.05462646484375
0.322845458984375 -0.172027587890625 -0.203842163085937 0.014434814453125
0.37200927734375 -0.059661865234375 -0.17449951171875 -0.072052001953125
0.333953857421875 0.1480712890625 -0.143768310546875 -0.141952514648437
0.240325927734375 0.317474365234375 -0.0136566162109375 -0.193252563476562
-0.069732666015625 0.42938232421875 0.1475830078125 -0.188186645507812
-0.3653564453125 0.4051513671875 0.173858642578125 -0.01092529296875
-0.49468994140625 0.34832763671875 0.158767700195312 0.0911712646484375
-0.3978271484375 0.37750244140625 -0.32086181640625 -0.00808715820312496
-0.185089111328125 0.464385986328125 -0.15460205078125 0.0589447021484375
0.076019287109375 0.36846923828125 -0.040191650390625 -0.033172607421875
0.244705200195313 0.215545654296875 -0.102256774902344 -0.0967941284179687
0.275039672851563 0.03839111328125 -0.19500732421875 -0.0491790771484375
0.267181396484375 -0.126922607421875 -0.228240966796875 0.033233642578125
0.18096923828125 -0.187026977539063 -0.240127563476563 0.141265869140625
0.177703857421875 -0.155670166015625 -0.250701904296875 0.16192626953125
0.220321655273438 -0.159957885742188 -0.276687622070313 0.108352661132813
0.259231567382813 -0.0847320556640625 -0.2691650390625 -0.021392822265625
0.25103759765625 0.073638916015625 -0.21905517578125 -0.1251220703125
0.199722290039063 0.209014892578125 -0.064117431640625 -0.194610595703125
-0.01885986328125 0.324066162109375 0.103622436523438 -0.156600952148438
-0.2674560546875 0.35174560546875 0.0781936645507812 0.08160400390625
-0.405609130859375 0.336669921875 -0.0196380615234375 0.162628173828125
-0.26800537109375 0.309722900390625 -0.419525146484375 0.09649658203125
-0.1019287109375 0.357208251953125 -0.187728881835938 0.138458251953125
0.09185791015625 0.25634765625 -0.0449104309082031 -0.000442504882812479
0.196853637695313 0.1123046875 -0.134773254394531 -0.0805130004882813
0.1904296875 -0.021881103515625 -0.230621337890625 -0.00968933105468754
0.147171020507812 -0.127471923828125 -0.267654418945313 0.101104736328125
0.0649871826171875 -0.143310546875 -0.266448974609375 0.220687866210938
0.06512451171875 -0.120079040527344 -0.270309448242188 0.244140625
0.0844497680664063 -0.123542785644531 -0.30523681640625 0.177490234375
0.105644226074219 -0.101127624511719 -0.316162109375 0.020263671875
0.130752563476563 -0.0190353393554688 -0.248550415039063 -0.103012084960938
0.138191223144531 0.0603866577148437 -0.086029052734375 -0.178878784179687
0.05078125 0.171722412109375 0.0706024169921875 -0.109962463378906
-0.110977172851563 0.258102416992188 0.00759887695312501 0.158035278320313
-0.245391845703125 0.29071044921875 -0.156600952148438 0.224960327148438
-0.00410461425781249 -0.203903198242188 0.140350341796875 -0.31329345703125
-0.146224975585938 -0.15216064453125 -0.0275115966796875 -0.205413818359375
-0.156082153320313 0.0443115234375 -0.0917129516601563 0.0651168823242187
-0.060089111328125 0.130622863769531 0.084320068359375 0.181167602539063
0.012359619140625 0.114662170410156 0.233413696289062 0.0899200439453125
0.0730667114257813 0.0917816162109375 0.32086181640625 -0.074249267578125
0.0972824096679687 0.0519561767578125 0.28131103515625 -0.2288818359375
0.0754852294921875 0.0691909790039063 0.2247314453125 -0.28277587890625
0.0643386840820313 0.0987014770507813 0.2276611328125 -0.248855590820313
0.00502777099609376 0.119880676269531 0.252212524414063 -0.142013549804688
-0.0762710571289063 0.0808334350585938 0.217178344726563 -0.0572967529296875
-0.118194580078125 0.00780487060546875 0.151199340820312 0.0038604736328125
-0.0758590698242188 -0.126319885253906 0.129524230957031 -0.0305557250976563
0.045806884765625 -0.209609985351563 0.270095825195313 -0.1884765625
0.146697998046875 -0.184280395507813 0.536102294921875 -0.078216552734375
-0.193862915039063 -0.0939788818359375 0.12939453125 -0.344207763671875
-0.271469116210938 -0.00891113281250001 -0.0375213623046875 -0.2244873046875
-0.19287109375 0.1837158203125 -0.0922698974609375 0.0267791748046875
-0.00888061523437502 0.255905151367188 0.0677642822265625 0.132759094238281
0.11669921875 0.180526733398438 0.184295654296875 0.049560546875
0.211196899414063 0.0780181884765625 0.263442993164063 -0.09686279296875
0.209274291992188 -0.0171356201171875 0.218276977539063 -0.227981567382813
0.179229736328125 0.0065460205078125 0.16314697265625 -0.279891967773438
0.185104370117188 0.0314178466796875 0.173736572265625 -0.260452270507813
0.144683837890625 0.086822509765625 0.221893310546875 -0.17333984375
0.0510635375976563 0.120780944824219 0.196395874023438 -0.09716796875
-0.0194625854492188 0.108573913574219 0.157943725585938 -0.0416107177734375
-0.076690673828125 0.029815673828125 0.165420532226563 -0.0868682861328125
-0.0664939880371094 -0.0442428588867188 0.315185546875 -0.22039794921875
-0.0277252197265625 -0.0456047058105469 0.5850830078125 -0.10504150390625
-0.346649169921875 0.034759521484375 0.069854736328125 -0.349700927734375
-0.347320556640625 0.143646240234375 -0.0688934326171875 -0.21783447265625
-0.190887451171875 0.298095703125 -0.0912094116210938 -0.00419616699218746
0.050994873046875 0.34039306640625 0.0441131591796875 0.0756988525390625
0.20550537109375 0.216384887695312 0.114250183105469 0.00434875488281251
0.3160400390625 0.050872802734375 0.171310424804688 -0.107223510742188
0.289886474609375 -0.08282470703125 0.125259399414063 -0.194366455078125
0.257400512695313 -0.05767822265625 0.075836181640625 -0.235488891601563
0.283294677734375 -0.042999267578125 0.09039306640625 -0.232177734375
0.273452758789063 0.0460357666015625 0.153472900390625 -0.18218994140625
0.181869506835938 0.155548095703125 0.14154052734375 -0.129486083984375
0.0849151611328125 0.213516235351563 0.143569946289063 -0.0941619873046875
-0.083709716796875 0.195632934570313 0.195175170898438 -0.1412353515625
-0.191925048828125 0.12774658203125 0.339080810546875 -0.218780517578125
-0.211669921875 0.09466552734375 0.56988525390625 -0.0989990234375
-0.4407958984375 0.172393798828125 -0.0206909179687501 -0.316009521484375
-0.356658935546875 0.290985107421875 -0.104888916015625 -0.18304443359375
-0.139739990234375 0.38238525390625 -0.0856552124023438 -0.0285263061523437
0.122161865234375 0.372161865234375 0.0112152099609375 0.0128898620605469
0.272064208984375 0.2086181640625 0.0296554565429688 -0.0367088317871094
0.37347412109375 0.0072021484375 0.0572662353515625 -0.0985946655273438
0.324554443359375 -0.139434814453125 0.015716552734375 -0.13104248046875
0.29693603515625 -0.1114501953125 -0.02264404296875 -0.153289794921875
0.34088134765625 -0.109710693359375 -0.0108642578125 -0.167495727539063
0.362701416015625 0.003204345703125 0.051483154296875 -0.164230346679688
0.28643798828125 0.175201416015625 0.0551605224609375 -0.149932861328125
0.17474365234375 0.297576904296875 0.104598999023438 -0.145156860351563
-0.091217041015625 0.33868408203125 0.201309204101563 -0.184127807617188
-0.299041748046875 0.276611328125 0.320159912109375 -0.182098388671875
-0.36358642578125 0.21502685546875 0.482818603515625 -0.060546875
-0.468170166015625 0.29150390625 -0.121994018554688 -0.244659423828125
-0.31195068359375 0.408050537109375 -0.129936218261719 -0.123832702636719
-0.05596923828125 0.419158935546875 -0.0745315551757813 -0.0451126098632812
0.1905517578125 0.348907470703125 -0.0277824401855469 -0.0426979064941406
0.304412841796875 0.163421630859375 -0.05963134765625 -0.0619239807128906
0.37640380859375 -0.04779052734375 -0.0602951049804687 -0.0708084106445312
0.3089599609375 -0.17803955078125 -0.0906219482421875 -0.0451889038085938
0.290740966796875 -0.14849853515625 -0.117706298828125 -0.0481338500976563
0.343597412109375 -0.153594970703125 -0.116676330566406 -0.0756072998046875
0.390411376953125 -0.036773681640625 -0.0688858032226562 -0.123382568359375
0.3367919921875 0.16900634765625 -0.0528564453125 -0.15399169921875
0.228607177734375 0.330108642578125 0.0423431396484375 -0.181640625
-0.085723876953125 0.41595458984375 0.177703857421875 -0.2047119140625
-0.355712890625 0.3717041015625 0.2579345703125 -0.114028930664062
-0.452117919921875 0.298858642578125 0.336883544921875 -0.000946044921874982
-0.438323974609375 0.365966796875 -0.22308349609375 -0.14154052734375
-0.233184814453125 0.46612548828125 -0.145904541015625 -0.0439453125
0.031463623046875 0.405517578125 -0.0625762939453125 -0.0476951599121093
0.235198974609375 0.281097412109375 -0.0709762573242188 -0.0801773071289062
0.301300048828125 0.093109130859375 -0.138458251953125 -0.0634536743164063
0.326812744140625 -0.097564697265625 -0.15850830078125 -0.021484375
0.247589111328125 -0.192352294921875 -0.176193237304688 0.050994873046875
0.240798950195313 -0.161361694335938 -0.194366455078125 0.0640106201171874
0.2935791015625 -0.16973876953125 -0.209793090820312 0.0223846435546874
0.343048095703125 -0.06878662109375 -0.184677124023437 -0.0704193115234375
0.316986083984375 0.127410888671875 -0.153350830078125 -0.14349365234375
0.23406982421875 0.288543701171875 -0.0234222412109375 -0.199493408203125
-0.057281494140625 0.40228271484375 0.135604858398438 -0.197555541992187
-0.333709716796875 0.393157958984375 0.170578002929687 -0.0267791748046875
-0.45025634765625 0.341827392578125 0.164505004882812 0.0696868896484375
-0.358489990234375 0.375244140625 -0.318267822265625 -0.025970458984375
-0.14923095703125 0.445892333984375 -0.160064697265625 0.0420074462890625
0.087921142578125 0.343292236328125 -0.0540008544921875 -0.0342597961425781
0.238937377929688 0.187759399414063 -0.108474731445312 -0.0894088745117188
0.254852294921875 0.020599365234375 -0.194366455078125 -0.0414886474609375
0.237533569335938 -0.127532958984375 -0.226425170898437 0.039520263671875
0.153839111328125 -0.178070068359375 -0.230270385742188 0.143569946289063
0.1552734375 -0.149703979492188 -0.241409301757813 0.165115356445312
0.192581176757813 -0.15606689453125 -0.270095825195313 0.111526489257812
0.229278564453125 -0.0901031494140625 -0.270278930664063 -0.018707275390625
0.232086181640625 0.0556488037109375 -0.221786499023437 -0.122421264648438
0.192794799804688 0.18109130859375 -0.070831298828125 -0.195404052734375
-0.00680541992187501 0.298828125 0.09234619140625 -0.164947509765625
-0.234527587890625 0.343780517578125 0.0826492309570312 0.0643539428710938
-0.3594970703125 0.335296630859375 -0.000961303710937511 0.142578125
-0.23712158203125 0.316680908203125 -0.405029296875 0.0781555175781251
-0.07122802734375 0.34918212890625 -0.186569213867187 0.117965698242188
0.1070556640625 0.239410400390625 -0.0572052001953125 -0.00256347656249997
0.197311401367188 0.089324951171875 -0.137199401855469 -0.070648193359375
0.175445556640625 -0.0386505126953125 -0.222076416015625 -0.00102233886718752
0.121749877929688 -0.13037109375 -0.256546020507812 0.10382080078125
0.0410995483398437 -0.134407043457031 -0.248550415039062 0.218338012695313
0.0455474853515625 -0.113433837890625 -0.250991821289062 0.241531372070312
0.06036376953125 -0.116775512695313 -0.290679931640625 0.177215576171875
0.0796966552734375 -0.101318359375 -0.3094482421875 0.0220642089843749
0.112861633300781 -0.0317840576171875 -0.246246337890625 -0.09832763671875
0.129463195800781 0.0383682250976563 -0.0908050537109375 -0.176986694335938
0.061126708984375 0.149948120117188 0.0633773803710938 -0.115135192871094
-0.080474853515625 0.250473022460938 0.0204010009765625 0.140525817871094
-0.204498291015625 0.292633056640625 -0.126129150390625 0.207778930664063
-0.0243682861328125 -0.2105712890625 0.11956787109375 -0.291290283203125
-0.169509887695312 -0.139495849609375 -0.0410308837890625 -0.188308715820312
-0.15716552734375 0.0628662109375 -0.0903396606445313 0.0745162963867188
-0.0480804443359375 0.14471435546875 0.0858001708984375 0.182769775390625
0.02685546875 0.12054443359375 0.232192993164062 0.090118408203125
0.0912399291992188 0.0858383178710938 0.31646728515625 -0.073699951171875
0.111579895019531 0.0406570434570313 0.274765014648438 -0.22259521484375
0.0902175903320313 0.059906005859375 0.213775634765625 -0.2738037109375
0.0833053588867188 0.0911712646484375 0.214263916015625 -0.244277954101562
0.0250091552734375 0.122314453125 0.242416381835938 -0.141708374023438
-0.0675811767578125 0.0967254638671875 0.2100830078125 -0.064178466796875
-0.122428894042969 0.023101806640625 0.152481079101562 -0.00567626953125
-0.095001220703125 -0.121833801269531 0.141647338867188 -0.031982421875
0.0199737548828125 -0.220306396484375 0.272247314453125 -0.17694091796875
0.127487182617187 -0.202178955078125 0.530120849609375 -0.063812255859375
-0.205093383789062 -0.104537963867188 0.102874755859375 -0.326873779296875
-0.28912353515625 -0.00146484374999998 -0.0537261962890625 -0.207061767578125
-0.194137573242187 0.197128295898438 -0.0946044921875 0.035430908203125
0.000930786132812492 0.26446533203125 0.0655364990234375 0.135658264160156
0.127395629882813 0.18365478515625 0.177688598632813 0.052032470703125
0.223831176757812 0.0732421875 0.256072998046875 -0.092926025390625
0.218231201171875 -0.0252532958984375 0.208251953125 -0.217514038085937
0.189376831054687 -0.0008544921875 0.14825439453125 -0.267410278320312
0.19927978515625 0.0259857177734375 0.156539916992187 -0.251113891601563
0.157058715820313 0.0907440185546875 0.20550537109375 -0.173599243164063
0.0551834106445312 0.133750915527344 0.184295654296875 -0.105667114257812
-0.026519775390625 0.119194030761719 0.1563720703125 -0.05517578125
-0.0943527221679688 0.0255661010742188 0.173675537109375 -0.0914764404296875
-0.086181640625 -0.0615310668945312 0.316375732421875 -0.21429443359375
-0.0372505187988281 -0.0684623718261719 0.57598876953125 -0.09869384765625
-0.34893798828125 0.0193176269531249 0.041015625 -0.335540771484375
-0.356964111328125 0.143646240234375 -0.0872344970703125 -0.202606201171875
-0.19268798828125 0.303466796875 -0.0976791381835938 0.00388336181640627
0.055938720703125 0.34478759765625 0.03912353515625 0.0789108276367188
0.210403442382813 0.218048095703125 0.104423522949219 0.00886535644531251
0.32244873046875 0.0465087890625 0.159942626953125 -0.0985565185546875
0.29266357421875 -0.087158203125 0.112701416015625 -0.180328369140625
0.2613525390625 -0.0617828369140625 0.0597991943359375 -0.218978881835938
0.288909912109375 -0.046234130859375 0.0701904296875 -0.220947265625
0.276763916015625 0.0481414794921875 0.13214111328125 -0.18280029296875
0.180648803710938 0.162155151367188 0.12701416015625 -0.139808654785156
0.0748138427734375 0.2161865234375 0.139366149902344 -0.109855651855469
-0.09930419921875 0.18609619140625 0.19873046875 -0.149917602539063
-0.203765869140625 0.110458374023438 0.337432861328125 -0.22052001953125
-0.210708618164063 0.0712432861328125 0.56097412109375 -0.101165771484375
-0.43280029296875 0.156951904296875 -0.0491943359375 -0.310546875
-0.358123779296875 0.28167724609375 -0.125259399414063 -0.175018310546875
-0.142822265625 0.379669189453125 -0.0967330932617188 -0.0204315185546875
0.12139892578125 0.3717041015625 0.00398349761962892 0.0175323486328125
0.269668579101563 0.20867919921875 0.0182685852050781 -0.0294742584228515
0.37103271484375 0.005035400390625 0.0449447631835938 -0.0872879028320313
0.320465087890625 -0.137847900390625 0.00360107421875003 -0.115653991699219
0.29425048828125 -0.112274169921875 -0.0374298095703125 -0.136146545410156
0.337646484375 -0.108551025390625 -0.0303955078125 -0.155685424804688
0.356719970703125 0.00341796875 0.029754638671875 -0.165130615234375
0.28057861328125 0.17669677734375 0.038665771484375 -0.159149169921875
0.165863037109375 0.295166015625 0.095489501953125 -0.160903930664062
-0.09942626953125 0.326446533203125 0.199020385742188 -0.196090698242187
-0.301849365234375 0.259979248046875 0.318023681640625 -0.190704345703125
-0.354522705078125 0.19512939453125 0.476593017578125 -0.070709228515625
-0.452239990234375 0.27459716796875 -0.147613525390625 -0.2481689453125
-0.302734375 0.390655517578125 -0.152603149414063 -0.122146606445312
-0.059356689453125 0.408355712890625 -0.0890045166015625 -0.037933349609375
0.184661865234375 0.34002685546875 -0.0372238159179687 -0.0368385314941406
0.295166015625 0.16180419921875 -0.0700569152832031 -0.0541801452636719
0.365753173828125 -0.044281005859375 -0.0711746215820312 -0.0585403442382812
0.2979736328125 -0.17108154296875 -0.09967041015625 -0.0314712524414063
0.282806396484375 -0.14398193359375 -0.128288269042969 -0.0337600708007813
0.33380126953125 -0.150634765625 -0.132011413574219 -0.0641403198242188
0.37701416015625 -0.03851318359375 -0.089324951171875 -0.122528076171875
0.328338623046875 0.162750244140625 -0.068145751953125 -0.1602783203125
0.221954345703125 0.31964111328125 0.0313720703125 -0.195449829101563
-0.08770751953125 0.401702880859375 0.171539306640625 -0.218505859375
-0.346649169921875 0.358489990234375 0.254653930664063 -0.127288818359375
-0.43133544921875 0.284271240234375 0.335968017578125 -0.016326904296875
-0.41558837890625 0.3548583984375 -0.242462158203125 -0.155487060546875
-0.217193603515625 0.4483642578125 -0.165557861328125 -0.05035400390625
0.0316162109375 0.388427734375 -0.0779876708984375 -0.0434646606445312
0.226943969726563 0.265838623046875 -0.0799026489257812 -0.0734405517578125
0.285736083984375 0.087615966796875 -0.147064208984375 -0.0568389892578125
0.31024169921875 -0.092681884765625 -0.167098999023437 -0.0120849609375
0.23211669921875 -0.181442260742188 -0.180206298828125 0.0608062744140625
0.228515625 -0.155029296875 -0.19921875 0.0750579833984375
0.276229858398438 -0.164047241210938 -0.218154907226562 0.0323486328125
0.32269287109375 -0.06915283203125 -0.200408935546875 -0.0677642822265625
0.30419921875 0.117645263671875 -0.166763305664063 -0.145492553710938
0.225357055664063 0.272369384765625 -0.034515380859375 -0.207931518554688
-0.055206298828125 0.385009765625 0.1268310546875 -0.208786010742187
-0.317626953125 0.381744384765625 0.16815185546875 -0.0419921875
-0.423583984375 0.33074951171875 0.168365478515625 0.0504302978515625
-0.332061767578125 0.372283935546875 -0.32904052734375 -0.046875
-0.1265869140625 0.4312744140625 -0.17681884765625 0.0282135009765625
0.09442138671875 0.324615478515625 -0.0695075988769531 -0.0317230224609375
0.232254028320313 0.16815185546875 -0.115440368652344 -0.0828399658203125
0.238937377929688 0.0113372802734375 -0.19769287109375 -0.03509521484375
0.216033935546875 -0.124252319335938 -0.229080200195313 0.046295166015625
0.135467529296875 -0.1654052734375 -0.229095458984375 0.147308349609375
0.13970947265625 -0.140190124511719 -0.240341186523437 0.17047119140625
0.173446655273437 -0.146728515625 -0.273117065429688 0.118331909179687
0.207321166992188 -0.0881195068359375 -0.280197143554688 -0.015472412109375
0.217041015625 0.046356201171875 -0.232147216796875 -0.122802734375
0.183578491210938 0.162689208984375 -0.080718994140625 -0.200531005859375
-0.00146484374999997 0.2781982421875 0.0825958251953125 -0.17291259765625
-0.211029052734375 0.3343505859375 0.0843124389648437 0.0474853515625
-0.3292236328125 0.32977294921875 0.0114059448242187 0.122291564941406
-0.212860107421875 0.323699951171875 -0.40667724609375 0.0552673339843749
-0.045562744140625 0.343719482421875 -0.197906494140625 0.099884033203125
0.119903564453125 0.226593017578125 -0.0709991455078125 -0.0008697509765625
0.195144653320313 0.0695648193359375 -0.141921997070313 -0.0626678466796875
0.161697387695313 -0.0513763427734375 -0.219955444335937 0.00488281250000003
0.100517272949219 -0.13140869140625 -0.2528076171875 0.106231689453125
0.0230178833007812 -0.122940063476563 -0.24066162109375 0.2159423828125
0.0303497314453125 -0.10321044921875 -0.245147705078125 0.238861083984375
0.0428009033203125 -0.105880737304687 -0.287353515625 0.177490234375
0.0568771362304687 -0.096923828125 -0.312530517578125 0.023223876953125
0.0946731567382813 -0.0397491455078125 -0.249465942382812 -0.0976409912109375
0.118759155273438 0.0203323364257813 -0.0956878662109375 -0.178573608398438
0.0674057006835938 0.129837036132812 0.0571060180664063 -0.123382568359375
-0.0551300048828125 0.242477416992187 0.0289230346679688 0.123336791992187
-0.172576904296875 0.29107666015625 -0.105361938476563 0.188140869140625
-0.0513153076171875 -0.2159423828125 0.100997924804687 -0.272613525390625
-0.194686889648438 -0.122314453125 -0.05096435546875 -0.170501708984375
-0.157318115234375 0.0849456787109375 -0.0881729125976563 0.0853042602539063
-0.031402587890625 0.158584594726562 0.09228515625 0.187774658203125
0.046173095703125 0.124473571777344 0.236968994140625 0.0891571044921875
0.111083984375 0.0765380859375 0.32177734375 -0.078155517578125
0.125434875488281 0.0243606567382812 0.273849487304688 -0.226409912109375
0.104362487792969 0.0472640991210938 0.207199096679688 -0.27191162109375
0.103866577148438 0.0790328979492188 0.206375122070313 -0.243545532226563
0.047332763671875 0.123458862304688 0.236068725585938 -0.144577026367188
-0.0543975830078125 0.112281799316406 0.205596923828125 -0.0724334716796875
-0.123550415039062 0.0436019897460938 0.155120849609375 -0.0178680419921875
-0.115882873535156 -0.112350463867188 0.155899047851563 -0.038482666015625
-0.0110626220703125 -0.227996826171875 0.285491943359375 -0.173980712890625
0.104034423828125 -0.220626831054688 0.54034423828125 -0.056396484375
-0.228485107421875 -0.111343383789062 0.081024169921875 -0.310333251953125
-0.31134033203125 0.0145568847656251 -0.068359375 -0.190383911132813
-0.195648193359375 0.21710205078125 -0.0969314575195313 0.0466842651367188
0.0164031982421875 0.27801513671875 0.0672454833984375 0.141525268554688
0.146011352539063 0.188018798828125 0.177093505859375 0.0554351806640625
0.242568969726563 0.06329345703125 0.255340576171875 -0.0910797119140625
0.23052978515625 -0.03924560546875 0.203781127929688 -0.212814331054688
0.20257568359375 -0.012664794921875 0.138107299804687 -0.258636474609375
0.215866088867188 0.0151824951171875 0.1419677734375 -0.24493408203125
0.1754150390625 0.0914306640625 0.191131591796875 -0.175735473632812
0.0648040771484375 0.147476196289062 0.17352294921875 -0.115493774414062
-0.0303878784179687 0.135124206542969 0.152999877929688 -0.0698699951171875
-0.11663818359375 0.0295562744140625 0.182998657226563 -0.103118896484375
-0.113327026367188 -0.0729141235351563 0.32379150390625 -0.217926025390625
-0.0557632446289062 -0.0897598266601563 0.58184814453125 -0.1004638671875
-0.3643798828125 0.013153076171875 0.013641357421875 -0.323699951171875
-0.374908447265625 0.153289794921875 -0.106689453125 -0.187362670898438
-0.19635009765625 0.320831298828125 -0.104965209960938 0.0166015625
0.068115234375 0.3553466796875 0.0355072021484375 0.0860977172851563
0.224578857421875 0.221282958984375 0.0992050170898438 0.0158767700195313
0.33685302734375 0.040252685546875 0.154876708984375 -0.091461181640625
0.300750732421875 -0.09869384765625 0.105911254882813 -0.169265747070313
0.271224975585938 -0.0706787109375 0.0475006103515625 -0.204238891601563
0.3006591796875 -0.054534912109375 0.0529022216796875 -0.209320068359375
0.289215087890625 0.047882080078125 0.112457275390625 -0.182647705078125
0.187255859375 0.172821044921875 0.110305786132813 -0.1497802734375
0.0713043212890625 0.227813720703125 0.131401062011719 -0.127464294433594
-0.116546630859375 0.186569213867188 0.203292846679688 -0.166305541992188
-0.22344970703125 0.099365234375 0.3406982421875 -0.229888916015625
-0.222915649414063 0.0515289306640625 0.5638427734375 -0.1112060546875
-0.438385009765625 0.14813232421875 -0.081573486328125 -0.303466796875
-0.36895751953125 0.28460693359375 -0.148635864257813 -0.161148071289062
-0.148895263671875 0.3876953125 -0.106857299804688 -0.00843048095703123
0.1259765625 0.37884521484375 -0.00339889526367187 0.026754379272461
0.277603149414063 0.213119506835938 0.00799942016601564 -0.0202465057373047
0.379791259765625 0.003082275390625 0.036285400390625 -0.0754013061523438
0.323486328125 -0.14312744140625 -0.00387573242187498 -0.100326538085938
0.299072265625 -0.117095947265625 -0.049163818359375 -0.118148803710938
0.342559814453125 -0.114593505859375 -0.0479278564453125 -0.140434265136719
0.36297607421875 0.00067138671875 0.00578308105468754 -0.161941528320313
0.283843994140625 0.181610107421875 0.0182342529296875 -0.167449951171875
0.162689208984375 0.300079345703125 0.0830535888671875 -0.178192138671875
-0.11395263671875 0.325714111328125 0.197494506835938 -0.215240478515625
-0.313629150390625 0.25408935546875 0.318023681640625 -0.205810546875
-0.357147216796875 0.17987060546875 0.479248046875 -0.08721923828125
-0.44781494140625 0.26611328125 -0.180130004882813 -0.24896240234375
-0.304901123046875 0.386688232421875 -0.178176879882813 -0.11431884765625
-0.06365966796875 0.407806396484375 -0.10333251953125 -0.0271148681640625
0.18359375 0.341949462890625 -0.0470504760742187 -0.0293197631835937
0.294677734375 0.1629638671875 -0.08221435546875 -0.0448074340820313
0.365386962890625 -0.043487548828125 -0.0809326171875 -0.044952392578125
0.295654296875 -0.169677734375 -0.107292175292969 -0.0146408081054688
0.282012939453125 -0.1444091796875 -0.137748718261719 -0.0144882202148438
0.332244873046875 -0.152008056640625 -0.148452758789062 -0.047698974609375
0.374359130859375 -0.0406494140625 -0.112960815429687 -0.116989135742188
0.327178955078125 0.162506103515625 -0.0907135009765625 -0.165420532226563
0.21881103515625 0.31707763671875 0.014678955078125 -0.210296630859375
-0.09381103515625 0.397796630859375 0.163650512695313 -0.236785888671875
-0.348480224609375 0.355316162109375 0.253021240234375 -0.144882202148437
-0.425384521484375 0.274566650390625 0.337432861328125 -0.037628173828125
-0.399658203125 0.350128173828125 -0.272720336914063 -0.162765502929687
-0.207763671875 0.438812255859375 -0.192901611328125 -0.04974365234375
0.030059814453125 0.37939453125 -0.0946121215820313 -0.0341873168945312
0.222213745117187 0.257461547851562 -0.0909194946289063 -0.0657958984375
0.277740478515625 0.0865020751953125 -0.158370971679687 -0.0475311279296875
0.300933837890625 -0.088897705078125 -0.177093505859375 0.00166320800781248
0.224029541015625 -0.1737060546875 -0.185699462890625 0.074859619140625
0.222763061523438 -0.14971923828125 -0.205718994140625 0.0912322998046875
0.268325805664063 -0.15966796875 -0.2303466796875 0.0485687255859375
0.312255859375 -0.068450927734375 -0.221389770507812 -0.0604095458984375
0.297332763671875 0.113067626953125 -0.18792724609375 -0.146347045898437
0.2216796875 0.263351440429688 -0.0521697998046875 -0.219146728515625
-0.054840087890625 0.37481689453125 0.114105224609375 -0.224838256835937
-0.30694580078125 0.379119873046875 0.16461181640625 -0.059539794921875
-0.40655517578125 0.3250732421875 0.172775268554687 0.0279541015625
-0.311309814453125 0.3740234375 -0.354461669921875 -0.059783935546875
-0.1063232421875 0.421722412109375 -0.200790405273438 0.022247314453125
0.10101318359375 0.309967041015625 -0.0873260498046875 -0.0246353149414062
0.226806640625 0.153060913085937 -0.125556945800781 -0.07470703125
0.225967407226563 0.0045928955078125 -0.20556640625 -0.027252197265625
0.20074462890625 -0.120498657226562 -0.236114501953125 0.056365966796875
0.122451782226563 -0.152816772460938 -0.231201171875 0.157241821289062
0.13037109375 -0.131523132324219 -0.241607666015625 0.182723999023437
0.161239624023438 -0.1383056640625 -0.280258178710937 0.130950927734375
0.190460205078125 -0.0841522216796875 -0.296783447265625 -0.00799560546874997
0.203399658203125 0.0398406982421875 -0.248306274414062 -0.120452880859375
0.1756591796875 0.14898681640625 -0.0959320068359375 -0.207809448242188
0.00157165527343753 0.264022827148438 0.0713043212890625 -0.185699462890625
-0.19183349609375 0.32806396484375 0.0837249755859375 0.0313720703125
-0.3037109375 0.3267822265625 0.0199432373046875 0.099639892578125
-0.187744140625 0.332977294921875 -0.425811767578125 0.0414733886718751
-0.019866943359375 0.33984375 -0.218460083007813 0.09197998046875
0.134963989257813 0.213287353515625 -0.0870513916015625 0.00467681884765627
0.1949462890625 0.0501251220703125 -0.14874267578125 -0.0545501708984375
0.147613525390625 -0.0629730224609375 -0.221542358398438 0.0115966796875
0.0806350708007812 -0.129165649414063 -0.2540283203125 0.112747192382812
0.00690460205078124 -0.109443664550781 -0.238388061523438 0.2208251953125
0.0191116333007813 -0.0926055908203125 -0.242599487304688 0.245132446289062
0.0290679931640625 -0.0937347412109375 -0.28936767578125 0.183990478515625
0.0365753173828125 -0.0892257690429688 -0.32354736328125 0.0292053222656249
0.0760040283203125 -0.0448150634765625 -0.260833740234375 -0.09564208984375
0.106643676757813 0.004852294921875 -0.106964111328125 -0.183944702148438
0.07177734375 0.110916137695313 0.0484161376953125 -0.1326904296875
-0.0300750732421875 0.23236083984375 0.032989501953125 0.106483459472656
-0.14190673828125 0.290252685546875 -0.0900421142578126 0.166427612304688
-0.083404541015625 -0.213363647460938 0.0849609375 -0.253189086914063
-0.219284057617187 -0.092193603515625 -0.05975341796875 -0.149383544921875
-0.149765014648438 0.112457275390625 -0.0812454223632813 0.0990753173828125
-0.00732421875 0.169631958007812 0.107406616210938 0.190505981445313
0.0711746215820313 0.122428894042969 0.246856689453125 0.08282470703125
0.130073547363281 0.0589752197265625 0.3275146484375 -0.0933837890625
0.135528564453125 0.0023651123046875 0.270111083984375 -0.237060546875
0.117599487304687 0.0273513793945313 0.197219848632813 -0.276947021484375
0.121086120605469 0.0595779418945313 0.195999145507812 -0.246978759765625
0.0726394653320313 0.116790771484375 0.228805541992188 -0.152267456054688
-0.0327911376953125 0.124252319335938 0.198486328125 -0.08416748046875
-0.118736267089844 0.06646728515625 0.154769897460938 -0.032501220703125
-0.138603210449219 -0.09527587890625 0.1689453125 -0.0542449951171875
-0.0492095947265625 -0.227432250976563 0.297332763671875 -0.184844970703125
0.0713653564453125 -0.235061645507813 0.55755615234375 -0.065277099609375
-0.260345458984375 -0.106658935546875 0.055816650390625 -0.291595458984375
-0.3319091796875 0.045318603515625 -0.0806121826171875 -0.167739868164063
-0.186447143554688 0.245254516601563 -0.0953140258789063 0.0619354248046875
0.042449951171875 0.28936767578125 0.0763397216796875 0.147003173828125
0.171707153320313 0.184600830078125 0.181442260742188 0.0546112060546875
0.261428833007813 0.042999267578125 0.2564697265625 -0.096832275390625
0.239181518554687 -0.0631561279296875 0.200088500976563 -0.214141845703125
0.213623046875 -0.0319976806640625 0.128158569335938 -0.252304077148438
0.2333984375 -0.005035400390625 0.127090454101563 -0.240219116210938
0.198028564453125 0.0836334228515625 0.175888061523438 -0.177566528320313
0.083251953125 0.159561157226563 0.158782958984375 -0.126266479492188
-0.0269622802734375 0.1553955078125 0.14544677734375 -0.0876617431640625
-0.138290405273437 0.0428466796875 0.1893310546875 -0.122787475585937
-0.1466064453125 -0.0725555419921875 0.330291748046875 -0.234405517578125
-0.0829010009765625 -0.104606628417969 0.5927734375 -0.11639404296875
-0.38629150390625 0.0165405273437499 -0.01904296875 -0.30474853515625
-0.38970947265625 0.180145263671875 -0.125564575195313 -0.163314819335937
-0.18963623046875 0.345855712890625 -0.106903076171875 0.033477783203125
0.090057373046875 0.364776611328125 0.0380401611328125 0.0945358276367188
0.248748779296875 0.217117309570313 0.0968856811523438 0.0229721069335938
0.353118896484375 0.02001953125 0.15216064453125 -0.0878753662109375
0.30609130859375 -0.1192626953125 0.100418090820313 -0.160537719726563
0.280502319335938 -0.089324951171875 0.0373382568359375 -0.190353393554688
0.31317138671875 -0.07452392578125 0.0373687744140625 -0.196014404296875
0.30645751953125 0.037994384765625 0.09063720703125 -0.1806640625
0.20281982421875 0.179244995117188 0.088897705078125 -0.158782958984375
0.076934814453125 0.241165161132812 0.115753173828125 -0.146652221679687
-0.132537841796875 0.198394775390625 0.201171875 -0.191787719726563
-0.248138427734375 0.10223388671875 0.341461181640625 -0.251983642578125
-0.241455078125 0.0417938232421875 0.56768798828125 -0.13568115234375
-0.45074462890625 0.150543212890625 -0.11834716796875 -0.2864990234375
-0.37677001953125 0.30291748046875 -0.172286987304688 -0.13873291015625
-0.14483642578125 0.405426025390625 -0.115325927734375 0.01055908203125
0.1434326171875 0.382965087890625 -0.00546646118164062 0.0371742248535156
0.293701171875 0.208740234375 0.0020265579223633 -0.00861787796020507
0.391693115234375 -0.012847900390625 0.0312156677246094 -0.0639839172363281
0.32611083984375 -0.158233642578125 -0.00796508789062499 -0.0832595825195313
0.30462646484375 -0.130615234375 -0.0578765869140625 -0.095977783203125
0.348175048828125 -0.129486083984375 -0.0638351440429687 -0.120582580566406
0.371826171875 -0.009979248046875 -0.0184326171875 -0.151657104492188
0.296630859375 0.1810302734375 -0.00816345214843749 -0.171890258789063
0.169097900390625 0.3055419921875 0.060699462890625 -0.196197509765625
-0.12054443359375 0.333099365234375 0.187118530273438 -0.241561889648437
-0.32562255859375 0.25927734375 0.311767578125 -0.230194091796875
-0.36505126953125 0.17510986328125 0.47845458984375 -0.116302490234375
-0.44696044921875 0.269195556640625 -0.219650268554688 -0.235153198242188
-0.29998779296875 0.39190673828125 -0.206771850585938 -0.094757080078125
-0.06195068359375 0.4134521484375 -0.115577697753906 -0.00810241699218749
0.189239501953125 0.341400146484375 -0.0541610717773437 -0.0153312683105469
0.303070068359375 0.160858154296875 -0.0918655395507812 -0.0282135009765625
0.369384765625 -0.052459716796875 -0.0876846313476562 -0.0263442993164062
0.29595947265625 -0.1768798828125 -0.109840393066406 0.00616455078125
0.281402587890625 -0.151397705078125 -0.143096923828125 0.0120086669921875
0.33038330078125 -0.1605224609375 -0.160873413085937 -0.024322509765625
0.373748779296875 -0.050506591796875 -0.13818359375 -0.102462768554687
0.333160400390625 0.156524658203125 -0.120452880859375 -0.161285400390625
0.225982666015625 0.315582275390625 -0.011810302734375 -0.223190307617188
-0.09326171875 0.40203857421875 0.145614624023438 -0.260147094726563
-0.346923828125 0.3621826171875 0.2437744140625 -0.16943359375
-0.41986083984375 0.2738037109375 0.335662841796875 -0.065704345703125
-0.38336181640625 0.352752685546875 -0.311859130859375 -0.15606689453125
-0.19183349609375 0.434051513671875 -0.222671508789063 -0.036102294921875
0.034942626953125 0.374755859375 -0.111228942871094 -0.0177154541015625
0.221343994140625 0.250701904296875 -0.10107421875 -0.0532302856445312
0.274093627929688 0.0828399658203125 -0.169662475585938 -0.0310821533203125
0.296478271484375 -0.090240478515625 -0.18475341796875 0.020416259765625
0.219970703125 -0.170364379882813 -0.187667846679687 0.095794677734375
0.218582153320313 -0.15045166015625 -0.2061767578125 0.116256713867187
0.2615966796875 -0.160720825195313 -0.238998413085937 0.0744476318359375
0.304534912109375 -0.072479248046875 -0.244964599609375 -0.041229248046875
0.294647216796875 0.10565185546875 -0.2135009765625 -0.137603759765625
0.222763061523438 0.254837036132813 -0.0793609619140625 -0.225448608398437
-0.04998779296875 0.371490478515625 0.093353271484375 -0.243484497070312
-0.292938232421875 0.382476806640625 0.156143188476563 -0.079986572265625
-0.388671875 0.325408935546875 0.17205810546875 0.00143432617187502
-0.28411865234375 0.377471923828125 -0.38970947265625 -0.0565185546875
-0.080413818359375 0.413299560546875 -0.22845458984375 0.0296478271484375
0.11090087890625 0.295623779296875 -0.105049133300781 -0.0104217529296875
0.221435546875 0.1361083984375 -0.136550903320313 -0.0617294311523438
0.213836669921875 -0.002044677734375 -0.212570190429687 -0.0115203857421875
0.186264038085938 -0.117050170898438 -0.240798950195313 0.07403564453125
0.112716674804688 -0.141525268554688 -0.23004150390625 0.174468994140625
0.122421264648438 -0.124855041503906 -0.238296508789063 0.2030029296875
0.150741577148438 -0.129364013671875 -0.283355712890625 0.153594970703125
0.17584228515625 -0.0786590576171875 -0.313690185546875 0.0128173828124999
0.190750122070313 0.0348052978515625 -0.268600463867188 -0.109603881835938
0.167800903320313 0.135543823242188 -0.12066650390625 -0.20916748046875
0.00675964355468751 0.25054931640625 0.0514068603515625 -0.197555541992187
-0.16961669921875 0.32421875 0.0796051025390625 0.0135650634765625
-0.275360107421875 0.32568359375 0.0233001708984375 0.0754318237304688
-0.153778076171875 0.34222412109375 -0.45147705078125 0.042266845703125
0.012237548828125 0.33056640625 -0.242431640625 0.096527099609375
0.150726318359375 0.194793701171875 -0.101539611816406 0.0192642211914063
0.188705444335938 0.026763916015625 -0.155029296875 -0.040283203125
0.130424499511719 -0.074188232421875 -0.2218017578125 0.0243072509765625
0.06024169921875 -0.125099182128906 -0.253067016601563 0.126953125
-0.00548553466796874 -0.0934677124023437 -0.232437133789063 0.231781005859375
0.00891876220703125 -0.0802383422851563 -0.236083984375 0.258193969726562
0.0178604125976562 -0.077972412109375 -0.2896728515625 0.202117919921875
0.0177459716796875 -0.0761947631835938 -0.336578369140625 0.04736328125
0.0547523498535156 -0.0460777282714844 -0.276748657226563 -0.0848388671875
0.0891571044921875 -0.00787353515625 -0.124847412109375 -0.183761596679687
0.0728530883789063 0.0903778076171875 0.0354156494140625 -0.142730712890625
-0.00453186035156248 0.216140747070313 0.0351943969726562 0.0895767211914063
-0.108123779296875 0.2838134765625 -0.0790252685546875 0.144515991210938
-0.117218017578125 -0.195663452148438 0.070343017578125 -0.227310180664063
-0.229202270507813 -0.0526885986328125 -0.0630416870117188 -0.128036499023438
-0.130668640136719 0.134979248046875 -0.0679168701171875 0.108871459960938
0.02313232421875 0.17218017578125 0.126510620117188 0.184097290039063
0.0938186645507813 0.109657287597656 0.255172729492188 0.0691680908203125
0.142990112304688 0.031494140625 0.3223876953125 -0.11505126953125
0.138626098632812 -0.0244979858398437 0.259567260742188 -0.249969482421875
0.123062133789063 0.00439453125 0.180953979492188 -0.280227661132813
0.134284973144531 0.032440185546875 0.178909301757813 -0.250030517578125
0.0951156616210937 0.100547790527344 0.217193603515625 -0.158966064453125
-0.00734710693359374 0.131584167480469 0.186752319335937 -0.09527587890625
-0.104873657226563 0.0878067016601563 0.149246215820313 -0.0511474609375
-0.152099609375 -0.0669708251953125 0.171875 -0.0764007568359375
-0.0876617431640625 -0.210952758789062 0.299346923828125 -0.202301025390625
0.0314483642578125 -0.24005126953125 0.5626220703125 -0.08770751953125
-0.285125732421875 -0.087310791015625 0.03350830078125 -0.263275146484375
-0.337646484375 0.086181640625 -0.09075927734375 -0.139442443847656
-0.164093017578125 0.268814086914063 -0.086639404296875 0.077911376953125
0.076629638671875 0.288604736328125 0.0872955322265625 0.14654541015625
0.196609497070312 0.16937255859375 0.1837158203125 0.051849365234375
0.273284912109375 0.00982666015625 0.249374389648438 -0.108779907226563
0.2362060546875 -0.0927581787109375 0.192398071289063 -0.215499877929688
0.217330932617188 -0.0584259033203125 0.115310668945313 -0.24578857421875
0.241058349609375 -0.0339202880859375 0.111968994140625 -0.234954833984375
0.218307495117188 0.065521240234375 0.155319213867188 -0.175125122070313
0.106674194335937 0.160797119140625 0.137557983398438 -0.133331298828125
-0.0129241943359375 0.172149658203125 0.130325317382813 -0.103126525878906
-0.153640747070313 0.0657958984375 0.184402465820312 -0.146804809570313
-0.179977416992187 -0.0599212646484375 0.322845458984375 -0.255645751953125
-0.114730834960937 -0.106903076171875 0.58526611328125 -0.1424560546875
-0.404022216796875 0.038421630859375 -0.0477447509765625 -0.272994995117188
-0.388031005859375 0.21466064453125 -0.1375732421875 -0.129966735839844
-0.16632080078125 0.3670654296875 -0.105026245117188 0.05438232421875
0.120635986328125 0.362457275390625 0.0433425903320312 0.100379943847656
0.269805908203125 0.199966430664063 0.0971527099609375 0.026702880859375
0.361785888671875 -0.0120849609375 0.148590087890625 -0.0836029052734375
0.303955078125 -0.147003173828125 0.0957794189453125 -0.1519775390625
0.278091430664062 -0.112060546875 0.0291595458984375 -0.172927856445313
0.3150634765625 -0.099395751953125 0.023040771484375 -0.17626953125
0.318939208984375 0.0172119140625 0.0677337646484375 -0.169082641601563
0.220367431640625 0.176010131835938 0.0616912841796875 -0.157684326171875
0.09014892578125 0.25091552734375 0.094451904296875 -0.162246704101562
-0.139129638671875 0.21490478515625 0.186935424804687 -0.217208862304687
-0.265960693359375 0.113327026367188 0.327423095703125 -0.274749755859375
-0.260223388671875 0.040740966796875 0.55572509765625 -0.1654052734375
-0.455810546875 0.163116455078125 -0.147918701171875 -0.253158569335938
-0.369049072265625 0.324737548828125 -0.186386108398438 -0.104400634765625
-0.129608154296875 0.418731689453125 -0.116493225097656 0.0338668823242188
0.167449951171875 0.378021240234375 -0.00440216064453124 0.0504379272460938
0.31329345703125 0.196014404296875 -0.00100612640380857 0.00479984283447267
0.393798828125 -0.040435791015625 0.0292625427246094 -0.0516853332519531
0.31756591796875 -0.177703857421875 -0.00614166259765622 -0.063629150390625
0.29998779296875 -0.14886474609375 -0.0590591430664062 -0.071136474609375
0.34356689453125 -0.152618408203125 -0.074554443359375 -0.0936431884765625
0.374847412109375 -0.02886962890625 -0.04144287109375 -0.135093688964844
0.309234619140625 0.171783447265625 -0.0386505126953125 -0.165740966796875
0.182464599609375 0.303497314453125 0.02978515625 -0.2047119140625
-0.119964599609375 0.343505859375 0.160690307617188 -0.263656616210938
-0.32757568359375 0.27197265625 0.2911376953125 -0.256317138671875
-0.367919921875 0.178955078125 0.462371826171875 -0.148895263671875
-0.435150146484375 0.2774658203125 -0.253753662109375 -0.204254150390625
-0.287933349609375 0.40093994140625 -0.227767944335938 -0.0636444091796875
-0.04901123046875 0.416778564453125 -0.1201171875 0.0140914916992188
0.20172119140625 0.33477783203125 -0.0584793090820312 0.00114822387695315
0.310638427734375 0.1485595703125 -0.0966567993164062 -0.0109405517578125
0.36865234375 -0.070892333984375 -0.0910720825195312 -0.00843048095703124
0.2891845703125 -0.184326171875 -0.106224060058594 0.0300064086914062
0.275421142578125 -0.164016723632813 -0.138511657714844 0.0380172729492187
0.324951171875 -0.17181396484375 -0.16473388671875 0.00637817382812496
0.36962890625 -0.064788818359375 -0.156326293945312 -0.0750579833984375
0.337127685546875 0.14300537109375 -0.143524169921875 -0.143722534179688
0.231964111328125 0.305206298828125 -0.0462188720703125 -0.224319458007812
-0.08819580078125 0.403472900390625 0.113937377929687 -0.275375366210937
-0.33258056640625 0.371124267578125 0.2236328125 -0.189483642578125
-0.412109375 0.27630615234375 0.317657470703125 -0.0975341796875
-0.362701416015625 0.35345458984375 -0.34539794921875 -0.129241943359375
-0.17327880859375 0.425811767578125 -0.245681762695313 -0.00843811035156252
0.042327880859375 0.36456298828125 -0.119087219238281 0.00633239746093752
0.220932006835938 0.240936279296875 -0.105972290039063 -0.0335464477539062
0.271484375 0.07623291015625 -0.174606323242187 -0.00827026367187501
0.287384033203125 -0.095947265625 -0.18463134765625 0.0438995361328125
0.212509155273438 -0.166015625 -0.180465698242187 0.120361328125
0.210128784179687 -0.149215698242187 -0.195266723632813 0.142379760742187
0.251953125 -0.162429809570313 -0.235870361328125 0.103195190429688
0.295166015625 -0.077301025390625 -0.256118774414062 -0.011810302734375
0.290252685546875 0.095916748046875 -0.236953735351563 -0.116531372070312
0.2218017578125 0.24163818359375 -0.108428955078125 -0.219650268554687
-0.039947509765625 0.363037109375 0.063507080078125 -0.25457763671875
-0.272308349609375 0.381744384765625 0.13824462890625 -0.0990447998046875
-0.365447998046875 0.3243408203125 0.160659790039063 -0.0262451171875
-0.253143310546875 0.375701904296875 -0.41796875 -0.0357360839843749
-0.052001953125 0.392059326171875 -0.25189208984375 0.051788330078125
0.117401123046875 0.275253295898438 -0.11334228515625 0.0108795166015625
0.2109375 0.117172241210937 -0.143829345703125 -0.0448455810546875
0.19622802734375 -0.0092926025390625 -0.215652465820313 0.00891113281249995
0.171051025390625 -0.112335205078125 -0.236648559570313 0.0965118408203125
0.10247802734375 -0.129280090332031 -0.2171630859375 0.19659423828125
0.116783142089844 -0.115653991699219 -0.22552490234375 0.22564697265625
0.1424560546875 -0.121261596679688 -0.274185180664062 0.179031372070313
0.161514282226563 -0.0700225830078125 -0.32012939453125 0.03997802734375
0.174636840820313 0.0311431884765625 -0.286346435546875 -0.0845947265625
0.156539916992188 0.120834350585938 -0.144439697265625 -0.199432373046875
0.00889587402343752 0.23284912109375 0.02490234375 -0.20318603515625
-0.14739990234375 0.30908203125 0.0678443908691406 -0.00222015380859373
-0.242889404296875 0.318267822265625 0.0191116333007812 0.0504302978515625
-0.114349365234375 0.339324951171875 -0.472564697265625 0.058441162109375
0.0426025390625 0.308502197265625 -0.257659912109375 0.113327026367188
0.161972045898437 0.166641235351562 -0.105979919433594 0.0399856567382813
0.17498779296875 0.003875732421875 -0.158706665039063 -0.022705078125
0.108970642089844 -0.0807266235351563 -0.218582153320313 0.0401153564453125
0.0399169921875 -0.112785339355469 -0.246978759765625 0.142303466796875
-0.0131378173828125 -0.0718154907226563 -0.22210693359375 0.244186401367188
0.0041046142578125 -0.0651206970214844 -0.21759033203125 0.273025512695313
0.0109062194824219 -0.0599212646484375 -0.278778076171875 0.221755981445313
0.0058135986328125 -0.0545692443847656 -0.33514404296875 0.073455810546875
0.0336837768554687 -0.0377883911132813 -0.287841796875 -0.06585693359375
0.0689659118652344 -0.0174140930175781 -0.14532470703125 -0.17694091796875
0.0664939880371094 0.0675888061523438 0.015838623046875 -0.14697265625
0.0150909423828125 0.19171142578125 0.029296875 0.07293701171875
-0.073822021484375 0.264907836914063 -0.0750808715820313 0.121177673339844
-0.139617919921875 -0.169540405273438 0.0695953369140625 -0.197052001953125
-0.22576904296875 -0.013397216796875 -0.0557785034179687 -0.102584838867188
-0.105255126953125 0.149459838867188 -0.0513839721679688 0.112869262695313
0.049224853515625 0.160919189453125 0.13677978515625 0.171646118164062
0.109107971191406 0.0901412963867187 0.253097534179688 0.0521392822265625
0.14306640625 0.002899169921875 0.308074951171875 -0.131072998046875
0.126884460449219 -0.0483551025390625 0.242202758789063 -0.257125854492188
0.116683959960938 -0.0179519653320313 0.164520263671875 -0.279067993164062
0.130844116210938 0.004302978515625 0.164581298828125 -0.244003295898438
0.107208251953125 0.0767059326171875 0.200775146484375 -0.158233642578125
0.0171661376953125 0.125213623046875 0.169647216796875 -0.100067138671875
-0.0836715698242188 0.100173950195312 0.13372802734375 -0.060333251953125
-0.154342651367188 -0.0376129150390625 0.168670654296875 -0.0946044921875
-0.114044189453125 -0.181198120117188 0.291717529296875 -0.2171630859375
-0.00404357910156252 -0.224822998046875 0.55487060546875 -0.10693359375
-0.298126220703125 -0.061126708984375 0.026885986328125 -0.226455688476563
-0.324493408203125 0.12152099609375 -0.0854110717773438 -0.11212158203125
-0.135818481445312 0.280929565429688 -0.07373046875 0.0862884521484375
0.103347778320313 0.2724609375 0.0981597900390625 0.139480590820313
0.210357666015625 0.14410400390625 0.183685302734375 0.043548583984375
0.267669677734375 -0.020416259765625 0.239288330078125 -0.11419677734375
0.222320556640625 -0.115219116210938 0.180206298828125 -0.21380615234375
0.2069091796875 -0.0804443359375 0.1055908203125 -0.234756469726563
0.234085083007813 -0.0630340576171875 0.101486206054688 -0.217636108398438
0.223403930664062 0.0399322509765625 0.14013671875 -0.166229248046875
0.128036499023438 0.153076171875 0.116607666015625 -0.129692077636719
0.00323486328124998 0.17950439453125 0.109786987304688 -0.111137390136719
-0.155120849609375 0.0891571044921875 0.16925048828125 -0.162277221679687
-0.200347900390625 -0.036529541015625 0.30517578125 -0.2681884765625
-0.142044067382813 -0.0990753173828125 0.56787109375 -0.1650390625
-0.409027099609375 0.0566101074218751 -0.0572052001953125 -0.231521606445313
-0.371063232421875 0.243865966796875 -0.133956909179688 -0.097747802734375
-0.14154052734375 0.372772216796875 -0.0934066772460938 0.0673370361328125
0.1456298828125 0.344940185546875 0.0517654418945313 0.100975036621094
0.28204345703125 0.176910400390625 0.0978775024414063 0.0309906005859375
0.352447509765625 -0.041656494140625 0.142852783203125 -0.084259033203125
0.286346435546875 -0.164886474609375 0.0948028564453125 -0.141433715820313
0.267227172851562 -0.131546020507813 0.0283355712890625 -0.153915405273437
0.304779052734375 -0.12469482421875 0.0179443359375 -0.155853271484375
0.31719970703125 -0.00384521484375 0.051605224609375 -0.150436401367188
0.23492431640625 0.163986206054688 0.03839111328125 -0.148605346679688
0.101043701171875 0.249984741210938 0.0664825439453125 -0.161651611328125
-0.139541625976563 0.228668212890625 0.159820556640625 -0.228790283203125
-0.276107788085938 0.130630493164063 0.299896240234375 -0.290069580078125
-0.27374267578125 0.0464630126953125 0.528228759765625 -0.1884765625
-0.448272705078125 0.174530029296875 -0.16571044921875 -0.210769653320313
-0.350830078125 0.339630126953125 -0.186996459960938 -0.0677032470703125
-0.107818603515625 0.420318603515625 -0.108261108398438 0.05133056640625
0.18304443359375 0.364532470703125 0.00167846679687501 0.0568695068359375
0.316925048828125 0.175750732421875 0.0010652542114258 0.0172586441040039
0.384857177734375 -0.062713623046875 0.0303153991699219 -0.0401954650878906
0.305084228515625 -0.190185546875 -0.000766754150390604 -0.0503158569335938
0.28778076171875 -0.161865234375 -0.0511970520019531 -0.0503463745117188
0.331756591796875 -0.167877197265625 -0.0717926025390625 -0.0685501098632813
0.365081787109375 -0.046722412109375 -0.0524826049804687 -0.109001159667969
0.31201171875 0.158538818359375 -0.059173583984375 -0.145416259765625
0.190093994140625 0.295166015625 0.0015869140625 -0.198593139648437
-0.11370849609375 0.34722900390625 0.129241943359375 -0.271377563476563
-0.324920654296875 0.2801513671875 0.260940551757813 -0.268142700195313
-0.367279052734375 0.177520751953125 0.431396484375 -0.17156982421875
-0.4205322265625 0.27276611328125 -0.272552490234375 -0.163467407226562
-0.273590087890625 0.398834228515625 -0.22894287109375 -0.025665283203125
-0.040924072265625 0.412017822265625 -0.117195129394531 0.0374526977539063
0.209320068359375 0.322509765625 -0.054229736328125 0.0143890380859375
0.309600830078125 0.139984130859375 -0.0934524536132813 0.00874328613281253
0.35723876953125 -0.081268310546875 -0.0819473266601562 0.0101547241210937
0.27764892578125 -0.19049072265625 -0.0919342041015625 0.0470123291015625
0.26568603515625 -0.167999267578125 -0.12225341796875 0.06048583984375
0.31103515625 -0.179779052734375 -0.156356811523437 0.03375244140625
0.3555908203125 -0.073760986328125 -0.162368774414062 -0.046783447265625
0.334228515625 0.132049560546875 -0.162841796875 -0.1219482421875
0.233856201171875 0.292266845703125 -0.0725555419921875 -0.2103271484375
-0.076873779296875 0.39666748046875 0.08123779296875 -0.278411865234375
-0.320587158203125 0.371246337890625 0.1929931640625 -0.199996948242188
-0.39398193359375 0.271209716796875 0.28997802734375 -0.118011474609375
-0.3369140625 0.339569091796875 -0.362060546875 -0.092498779296875
-0.15740966796875 0.408538818359375 -0.251678466796875 0.023681640625
0.043426513671875 0.3504638671875 -0.119056701660156 0.030242919921875
0.213088989257813 0.226470947265625 -0.10552978515625 -0.0157470703125
0.259674072265625 0.0722808837890625 -0.168243408203125 0.0116424560546875
0.275985717773438 -0.0950775146484375 -0.1724853515625 0.0644073486328125
0.204971313476563 -0.162216186523438 -0.161483764648438 0.13641357421875
0.204971313476563 -0.14825439453125 -0.174942016601563 0.160659790039063
0.242019653320312 -0.159469604492188 -0.21978759765625 0.1285400390625
0.280776977539063 -0.07684326171875 -0.253570556640625 0.0190277099609375
0.277053833007813 0.087738037109375 -0.246490478515625 -0.088134765625
0.215179443359375 0.22723388671875 -0.132247924804687 -0.200637817382812
-0.036468505859375 0.349395751953125 0.030670166015625 -0.247817993164062
-0.25189208984375 0.369476318359375 0.11395263671875 -0.10589599609375
-0.341705322265625 0.31060791015625 0.138313293457031 -0.047088623046875
-0.2186279296875 0.355438232421875 -0.4298095703125 -0.00823974609374997
-0.036590576171875 0.36395263671875 -0.259780883789063 0.0759429931640625
0.114303588867187 0.250396728515625 -0.113960266113281 0.03302001953125
0.194076538085938 0.104751586914063 -0.139640808105469 -0.0242996215820313
0.181640625 -0.0072784423828125 -0.2073974609375 0.0259246826171875
0.158645629882813 -0.100997924804688 -0.224456787109375 0.114105224609375
0.103218078613281 -0.114891052246094 -0.19964599609375 0.206268310546875
0.112220764160156 -0.107574462890625 -0.202117919921875 0.235763549804687
0.137664794921875 -0.110214233398438 -0.256378173828125 0.199737548828125
0.152069091796875 -0.059722900390625 -0.3128662109375 0.0707092285156249
0.160980224609375 0.0348052978515625 -0.2890625 -0.0584716796875
0.141082763671875 0.114776611328125 -0.161880493164063 -0.180740356445312
0.00704956054687502 0.215377807617188 0.00128173828125 -0.196334838867188
-0.129119873046875 0.28656005859375 0.0524177551269531 -0.0110664367675781
-0.217132568359375 0.29327392578125 0.00655937194824218 0.0298900604248047
-0.081207275390625 0.318511962890625 -0.47576904296875 0.0804138183593749
0.061920166015625 0.27471923828125 -0.26593017578125 0.131591796875
0.158172607421875 0.138320922851563 -0.107330322265625 0.0576629638671875
0.152923583984375 -0.010955810546875 -0.152374267578125 -0.00566101074218751
0.086090087890625 -0.074981689453125 -0.2064208984375 0.053131103515625
0.025482177734375 -0.0933914184570313 -0.230239868164063 0.15277099609375
-0.0105552673339844 -0.0513687133789063 -0.2008056640625 0.247787475585938
0.00556182861328125 -0.0482749938964844 -0.198715209960938 0.276824951171875
0.0134811401367187 -0.0430831909179688 -0.26153564453125 0.2332763671875
-0.00113677978515625 -0.0331363677978516 -0.3284912109375 0.0933837890625
0.0180759429931641 -0.0247154235839844 -0.286834716796875 -0.0435791015625001
0.0472984313964844 -0.0147743225097656 -0.157302856445312 -0.15985107421875
0.0541152954101563 0.0488128662109375 -0.00231933593749998 -0.14202880859375
0.0243072509765625 0.161422729492187 0.0221290588378906 0.0594139099121094
-0.0478363037109375 0.236648559570313 -0.0782928466796875 0.09490966796875
-0.147567749023438 -0.140121459960938 0.0769805908203125 -0.169082641601563
-0.210098266601563 0.0148468017578125 -0.043182373046875 -0.0863265991210938
-0.0812225341796875 0.15252685546875 -0.0388259887695313 0.110610961914063
0.0663604736328125 0.144805908203125 0.139511108398438 0.157501220703125
0.114448547363281 0.070526123046875 0.246200561523438 0.042694091796875
0.133506774902344 -0.0184173583984375 0.293304443359375 -0.1356201171875
0.114013671875 -0.0635299682617188 0.229080200195313 -0.253204345703125
0.106468200683594 -0.0337753295898438 0.155731201171875 -0.268600463867188
0.121337890625 -0.0164566040039062 0.15673828125 -0.234268188476563
0.110664367675781 0.0554962158203125 0.191116333007813 -0.15069580078125
0.0340652465820313 0.112594604492187 0.155853271484375 -0.095458984375
-0.0643463134765625 0.102462768554688 0.120307922363281 -0.0633926391601563
-0.147384643554687 -0.01446533203125 0.159393310546875 -0.106735229492188
-0.12451171875 -0.151992797851562 0.283538818359375 -0.222259521484375
-0.0260467529296875 -0.203964233398438 0.54290771484375 -0.1121826171875
-0.3017578125 -0.03839111328125 0.0316314697265625 -0.193603515625
-0.304931640625 0.143890380859375 -0.0719070434570313 -0.0904769897460937
-0.1126708984375 0.279327392578125 -0.0616226196289063 0.0888671875
0.118362426757812 0.25299072265625 0.101203918457031 0.132904052734375
0.211624145507813 0.122573852539063 0.179916381835938 0.0416107177734375
0.253692626953125 -0.042633056640625 0.230331420898438 -0.11383056640625
0.207382202148438 -0.127365112304688 0.175811767578125 -0.207122802734375
0.194717407226563 -0.0938262939453125 0.10369873046875 -0.220611572265625
0.2227783203125 -0.0805206298828125 0.098480224609375 -0.20184326171875
0.222915649414062 0.02227783203125 0.13177490234375 -0.150985717773438
0.140472412109375 0.142898559570313 0.101776123046875 -0.119270324707031
0.0164337158203125 0.180816650390625 0.0920333862304688 -0.109031677246094
-0.15203857421875 0.106246948242188 0.15496826171875 -0.170150756835938
-0.21026611328125 -0.014404296875 0.290557861328125 -0.269561767578125
-0.160079956054688 -0.08648681640625 0.546875 -0.166748046875
-0.406158447265625 0.0692138671875001 -0.05438232421875 -0.194412231445312
-0.351409912109375 0.25518798828125 -0.12042236328125 -0.0735321044921875
-0.12249755859375 0.369476318359375 -0.08111572265625 0.075164794921875
0.15606689453125 0.327423095703125 0.0579299926757813 0.101142883300781
0.279953002929687 0.158065795898438 0.0979766845703125 0.035675048828125
0.33685302734375 -0.05938720703125 0.13970947265625 -0.0779495239257813
0.27142333984375 -0.173095703125 0.0983505249023438 -0.131240844726563
0.254364013671875 -0.141067504882813 0.0353775024414063 -0.138145446777344
0.29205322265625 -0.137115478515625 0.0214004516601563 -0.136886596679688
0.311614990234375 -0.01812744140625 0.0471115112304688 -0.13006591796875
0.241195678710938 0.154937744140625 0.0243148803710938 -0.132347106933594
0.108154296875 0.24810791015625 0.0461883544921875 -0.153976440429687
-0.139312744140625 0.237197875976563 0.139755249023438 -0.23040771484375
-0.282318115234375 0.142059326171875 0.27813720703125 -0.288787841796875
-0.282867431640625 0.0482177734375 0.5010986328125 -0.18963623046875
-0.443603515625 0.176055908203125 -0.162368774414063 -0.171279907226562
-0.335418701171875 0.341705322265625 -0.174758911132813 -0.0403289794921875
-0.09710693359375 0.414764404296875 -0.0960235595703125 0.0649490356445313
0.187896728515625 0.350433349609375 0.00778198242187501 0.0630455017089844
0.31390380859375 0.1632080078125 0.00622177124023439 0.0272674560546875
0.369598388671875 -0.07391357421875 0.034017562866211 -0.0305099487304688
0.292327880859375 -0.19244384765625 0.00997924804687502 -0.0388221740722656
0.27691650390625 -0.166458129882813 -0.0374870300292969 -0.0353927612304687
0.319183349609375 -0.171875 -0.0622749328613281 -0.0482978820800782
0.35675048828125 -0.054718017578125 -0.053253173828125 -0.0850906372070313
0.31158447265625 0.150177001953125 -0.0711822509765625 -0.125511169433594
0.189056396484375 0.289459228515625 -0.0173187255859375 -0.1845703125
-0.112945556640625 0.347015380859375 0.1046142578125 -0.267898559570313
-0.323272705078125 0.282073974609375 0.23699951171875 -0.265182495117188
-0.36578369140625 0.171295166015625 0.401123046875 -0.174774169921875
-0.412750244140625 0.262542724609375 -0.270538330078125 -0.127105712890625
-0.26446533203125 0.386383056640625 -0.2197265625 0.0027618408203125
-0.0406494140625 0.404022216796875 -0.106575012207031 0.0553207397460938
0.203857421875 0.31317138671875 -0.0474891662597656 0.0252418518066407
0.302276611328125 0.134002685546875 -0.0849456787109375 0.0222854614257813
0.34552001953125 -0.08282470703125 -0.0733261108398437 0.02197265625
0.269454956054687 -0.185379028320312 -0.0760955810546875 0.056640625
0.257781982421875 -0.165679931640625 -0.104255676269531 0.0705947875976562
0.2998046875 -0.17755126953125 -0.141159057617187 0.0506744384765625
0.34466552734375 -0.073333740234375 -0.156570434570312 -0.0223388671875
0.323486328125 0.127593994140625 -0.169052124023437 -0.09954833984375
0.226104736328125 0.282440185546875 -0.0879669189453125 -0.1925048828125
-0.078399658203125 0.3880615234375 0.0559234619140625 -0.26806640625
-0.313079833984375 0.3590087890625 0.168960571289062 -0.197067260742187
-0.385467529296875 0.25494384765625 0.262863159179688 -0.123550415039062
-0.32568359375 0.318267822265625 -0.3623046875 -0.0628967285156249
-0.154266357421875 0.386016845703125 -0.248382568359375 0.0496826171875
0.033843994140625 0.33721923828125 -0.110931396484375 0.0469741821289063
0.200469970703125 0.220993041992188 -0.0977554321289062 -0.00305175781249998
0.250137329101563 0.0746307373046875 -0.157333374023437 0.0256500244140625
0.267303466796875 -0.087982177734375 -0.159942626953125 0.0747833251953125
0.203872680664063 -0.153457641601563 -0.143661499023437 0.141998291015625
0.200637817382813 -0.142364501953125 -0.154876708984375 0.1671142578125
0.236618041992188 -0.150955200195313 -0.202194213867188 0.141250610351563
0.270584106445313 -0.0694732666015625 -0.243453979492187 0.0404205322265625
0.264328002929688 0.090087890625 -0.244888305664062 -0.06622314453125
0.201446533203125 0.22027587890625 -0.143539428710938 -0.18084716796875
-0.040679931640625 0.332916259765625 0.01007080078125 -0.234573364257812
-0.244140625 0.349517822265625 0.0941543579101562 -0.104522705078125
-0.327880859375 0.287933349609375 0.114936828613281 -0.0551528930664062
-0.203643798828125 0.3292236328125 -0.430145263671875 0.012359619140625
-0.036834716796875 0.333251953125 -0.260833740234375 0.0967864990234375
0.100936889648438 0.232803344726563 -0.107772827148438 0.0507125854492187
0.174057006835938 0.102996826171875 -0.131301879882813 -0.0107345581054687
0.167007446289063 0.0028228759765625 -0.195343017578125 0.0368499755859375
0.152023315429687 -0.08636474609375 -0.209854125976563 0.121200561523438
0.106849670410156 -0.101341247558594 -0.182235717773438 0.20703125
0.113388061523438 -0.0965805053710937 -0.18212890625 0.237106323242188
0.138473510742188 -0.0975112915039063 -0.238510131835938 0.20599365234375
0.147628784179688 -0.0452728271484375 -0.299224853515625 0.086273193359375
0.148452758789062 0.044036865234375 -0.283447265625 -0.04010009765625
0.124465942382812 0.114295959472656 -0.167816162109375 -0.162353515625
-0.00462341308593749 0.20050048828125 -0.0149383544921875 -0.18353271484375
-0.125411987304687 0.26092529296875 0.0369491577148437 -0.013671875
-0.203155517578125 0.264480590820313 -0.0110635757446289 0.0144357681274414
-0.062103271484375 0.290252685546875 -0.472900390625 0.091064453125
0.063720703125 0.243270874023438 -0.2674560546875 0.146133422851563
0.145645141601563 0.116806030273438 -0.100563049316406 0.0718002319335938
0.130538940429688 -0.0140838623046875 -0.141571044921875 0.00491333007812503
0.0698204040527344 -0.0639457702636719 -0.1934814453125 0.058258056640625
0.0217361450195313 -0.0738449096679688 -0.216339111328125 0.153976440429688
-0.003387451171875 -0.0358390808105469 -0.186599731445313 0.24285888671875
0.0106697082519531 -0.0359420776367188 -0.183456420898437 0.271575927734375
0.0203800201416016 -0.0275745391845703 -0.246932983398437 0.234344482421875
0.0023651123046875 -0.0139055252075195 -0.3157958984375 0.104705810546875
0.00935268402099609 -0.00756359100341797 -0.279937744140625 -0.0301971435546876
0.0300788879394531 -0.0080718994140625 -0.160568237304688 -0.145706176757813
0.0374069213867188 0.0374794006347656 -0.0141143798828125 -0.133163452148438
0.0216293334960937 0.133018493652344 0.0100135803222656 0.0504035949707031
-0.038116455078125 0.204421997070313 -0.0903472900390625 0.073760986328125
-0.147857666015625 -0.11932373046875 0.092742919921875 -0.147567749023438
-0.194122314453125 0.0312957763671875 -0.0278549194335938 -0.0760574340820313
-0.0648040771484375 0.150680541992188 -0.0307464599609375 0.107139587402344
0.0758056640625 0.130607604980469 0.13848876953125 0.150711059570313
0.115470886230469 0.0560760498046875 0.241073608398438 0.04132080078125
0.122665405273438 -0.0321121215820312 0.286224365234375 -0.134368896484375
0.102165222167969 -0.0720443725585938 0.226593017578125 -0.248733520507813
0.0972824096679688 -0.0433807373046875 0.155548095703125 -0.260040283203125
0.111465454101563 -0.0292739868164062 0.158096313476563 -0.2247314453125
0.109336853027344 0.0397796630859375 0.190643310546875 -0.141677856445313
0.0434799194335938 0.101516723632813 0.148895263671875 -0.0881195068359375
-0.0509490966796875 0.101631164550781 0.111259460449219 -0.061981201171875
-0.137168884277344 -0.000373840332031244 0.154190063476563 -0.113800048828125
-0.125823974609375 -0.129463195800781 0.28326416015625 -0.223876953125
-0.0373077392578125 -0.18548583984375 0.539154052734375 -0.105712890625
-0.302978515625 -0.02423095703125 0.0469207763671875 -0.167343139648438
-0.29095458984375 0.154632568359375 -0.055450439453125 -0.0771026611328125
-0.100509643554688 0.275054931640625 -0.0521774291992188 0.0894088745117188
0.124038696289062 0.238662719726563 0.102149963378906 0.129638671875
0.210052490234375 0.109786987304688 0.177474975585938 0.04400634765625
0.24200439453125 -0.052978515625 0.2266845703125 -0.108505249023437
0.19677734375 -0.133209228515625 0.178192138671875 -0.199905395507813
0.186569213867188 -0.100784301757813 0.110244750976563 -0.210647583007812
0.21429443359375 -0.0909423828125 0.104034423828125 -0.189697265625
0.221893310546875 0.011016845703125 0.133430480957031 -0.137237548828125
0.148300170898438 0.135513305664063 0.0955429077148438 -0.107681274414062
0.02484130859375 0.183074951171875 0.082000732421875 -0.103225708007812
-0.14990234375 0.119125366210937 0.145538330078125 -0.173004150390625
-0.216659545898438 0.00187683105468747 0.2857666015625 -0.2659912109375
-0.173507690429688 -0.0773773193359375 0.538665771484375 -0.1572265625
-0.40948486328125 0.075103759765625 -0.04046630859375 -0.166778564453125
-0.343414306640625 0.2591552734375 -0.103958129882813 -0.0577774047851562
-0.116729736328125 0.365447998046875 -0.07061767578125 0.0790786743164063
0.158416748046875 0.315582275390625 0.061187744140625 0.1015625
0.276748657226563 0.149154663085938 0.100616455078125 0.0411758422851563
0.326141357421875 -0.066192626953125 0.141937255859375 -0.0715484619140625
0.263763427734375 -0.17437744140625 0.10723876953125 -0.124557495117188
0.248764038085938 -0.144119262695313 0.0471038818359375 -0.128219604492188
0.285736083984375 -0.1424560546875 0.0300674438476563 -0.123779296875
0.309417724609375 -0.023223876953125 0.0506362915039063 -0.113349914550781
0.244476318359375 0.152786254882813 0.0188827514648438 -0.117507934570312
0.110198974609375 0.250579833984375 0.034576416015625 -0.144638061523437
-0.143508911132812 0.245330810546875 0.1275634765625 -0.228408813476562
-0.290924072265625 0.149749755859375 0.26885986328125 -0.28369140625
-0.29559326171875 0.048370361328125 0.48748779296875 -0.178466796875
-0.448760986328125 0.17083740234375 -0.151153564453125 -0.144180297851563
-0.334381103515625 0.33868408203125 -0.159942626953125 -0.0229034423828125
-0.098297119140625 0.411895751953125 -0.0859832763671875 0.0721969604492188
0.18505859375 0.345062255859375 0.0135383605957031 0.0674209594726563
0.310211181640625 0.160186767578125 0.0120048522949219 0.0353126525878906
0.361663818359375 -0.074981689453125 0.0396003723144531 -0.0232391357421875
0.29010009765625 -0.19122314453125 0.0226268768310547 -0.0335140228271485
0.2738037109375 -0.165817260742188 -0.0229454040527344 -0.0277023315429688
0.3160400390625 -0.173797607421875 -0.05120849609375 -0.035736083984375
0.35418701171875 -0.05377197265625 -0.0477218627929687 -0.0679893493652344
0.308929443359375 0.15155029296875 -0.0745315551757812 -0.109786987304688
0.1846923828125 0.291961669921875 -0.0285186767578125 -0.172378540039062
-0.1224365234375 0.349090576171875 0.0908966064453125 -0.26116943359375
-0.333160400390625 0.279266357421875 0.223953247070312 -0.2587890625
-0.375518798828125 0.161041259765625 0.38397216796875 -0.166290283203125
-0.418548583984375 0.2469482421875 -0.263153076171875 -0.104080200195312
-0.272369384765625 0.376922607421875 -0.209228515625 0.020233154296875
-0.04949951171875 0.40283203125 -0.0966796875 0.0651016235351563
0.19647216796875 0.312744140625 -0.0396461486816406 0.0319671630859375
0.2987060546875 0.13861083984375 -0.0769729614257813 0.03033447265625
0.3419189453125 -0.077850341796875 -0.0651016235351562 0.0284500122070313
0.271484375 -0.180099487304688 -0.0628280639648437 0.0600471496582031
0.258804321289063 -0.162918090820313 -0.0897750854492187 0.0763473510742187
0.29998779296875 -0.1734619140625 -0.128578186035156 0.0603179931640625
0.342132568359375 -0.06634521484375 -0.149246215820312 -0.00714111328124997
0.318756103515625 0.132781982421875 -0.169143676757813 -0.0843505859375
0.21600341796875 0.28631591796875 -0.09527587890625 -0.17864990234375
-0.090240478515625 0.382537841796875 0.042694091796875 -0.257949829101562
-0.32086181640625 0.34942626953125 0.155120849609375 -0.189712524414062
-0.39190673828125 0.238128662109375 0.244186401367187 -0.1190185546875
-0.329803466796875 0.297027587890625 -0.360107421875 -0.045684814453125
-0.165771484375 0.36859130859375 -0.243026733398438 0.066650390625
0.01751708984375 0.3328857421875 -0.101593017578125 0.0592803955078125
0.187454223632813 0.226531982421875 -0.0897903442382812 0.00558471679687501
0.246063232421875 0.0849761962890625 -0.148666381835937 0.0329132080078125
0.267440795898438 -0.0772857666015625 -0.150527954101562 0.07965087890625
0.209396362304687 -0.145736694335938 -0.132064819335938 0.142913818359375
0.2047119140625 -0.135665893554687 -0.141983032226563 0.168365478515625
0.240966796875 -0.142623901367188 -0.19122314453125 0.147293090820313
0.269790649414063 -0.057830810546875 -0.235000610351562 0.0522308349609375
0.257614135742188 0.10028076171875 -0.241973876953125 -0.0536956787109375
0.188919067382812 0.224319458007813 -0.14727783203125 -0.1678466796875
-0.05615234375 0.325927734375 -0.00129699707031249 -0.223098754882812
-0.25225830078125 0.333343505859375 0.080963134765625 -0.0987701416015625
-0.331573486328125 0.264007568359375 0.096160888671875 -0.0569915771484375
-0.204132080078125 0.30279541015625 -0.432464599609375 0.0213012695312501
-0.04754638671875 0.312255859375 -0.261077880859375 0.110122680664062
0.0829925537109375 0.225967407226563 -0.100486755371094 0.0618209838867188
0.157241821289063 0.108551025390625 -0.122322082519531 -0.00395965576171876
0.160140991210938 0.015960693359375 -0.186264038085938 0.0416412353515625
0.153060913085937 -0.0706634521484375 -0.20159912109375 0.122222900390625
0.1160888671875 -0.0912094116210938 -0.174606323242187 0.205062866210938
0.120193481445312 -0.0879974365234375 -0.17205810546875 0.234878540039062
0.14556884765625 -0.0868988037109375 -0.230026245117187 0.20794677734375
0.150314331054688 -0.0312347412109375 -0.290679931640625 0.093170166015625
0.141693115234375 0.05731201171875 -0.278579711914063 -0.0313873291015625
0.110916137695312 0.121185302734375 -0.169342041015625 -0.1514892578125
-0.02056884765625 0.193466186523437 -0.022552490234375 -0.172927856445313
-0.133941650390625 0.240951538085938 0.0248374938964844 -0.0126361846923828
-0.205963134765625 0.237106323242188 -0.0283241271972656 0.00572395324707033
-0.058685302734375 0.265899658203125 -0.47662353515625 0.090484619140625
0.0567626953125 0.219589233398438 -0.271270751953125 0.154373168945313
0.130470275878906 0.106300354003906 -0.0947799682617187 0.0809402465820312
0.112907409667969 -0.010284423828125 -0.133026123046875 0.00864410400390625
0.0612449645996094 -0.0514373779296875 -0.185226440429688 0.0559844970703125
0.02349853515625 -0.0568351745605469 -0.209808349609375 0.150741577148438
0.00728797912597656 -0.0246925354003906 -0.183670043945313 0.236343383789063
0.0184783935546875 -0.0273342132568359 -0.178115844726563 0.264968872070312
0.0304813385009766 -0.0175342559814453 -0.240982055664062 0.231979370117188
0.0095672607421875 0.00137615203857422 -0.3096923828125 0.107666015625
0.00558185577392578 0.0079803466796875 -0.27569580078125 -0.0254821777343751
0.0181465148925781 0.00198173522949219 -0.160125732421875 -0.137924194335937
0.0204353332519531 0.0324745178222656 -0.0205154418945312 -0.126014709472656
0.0106582641601562 0.112953186035156 -0.00171279907226562 0.0466728210449219
-0.040802001953125 0.177978515625 -0.106071472167969 0.0571975708007812
-0.147506713867188 -0.104766845703125 0.114448547363281 -0.1337890625
-0.183563232421875 0.04412841796875 -0.0124893188476563 -0.0718460083007813
-0.052703857421875 0.150070190429688 -0.0254135131835937 0.106300354003906
0.0833282470703125 0.120750427246094 0.14031982421875 0.14984130859375
0.116371154785156 0.04547119140625 0.242828369140625 0.04290771484375
0.114730834960938 -0.0424957275390625 0.2890625 -0.13433837890625
0.0933761596679688 -0.0797195434570313 0.23193359375 -0.249313354492188
0.0910873413085938 -0.0519027709960938 0.1632080078125 -0.259201049804688
0.104660034179687 -0.0400009155273437 0.16595458984375 -0.223983764648438
0.107933044433594 0.027557373046875 0.1978759765625 -0.138046264648438
0.0513839721679688 0.0921707153320313 0.149917602539063 -0.0821685791015625
-0.0410308837890625 0.101203918457031 0.107093811035156 -0.0596923828125
-0.13006591796875 0.0104827880859375 0.152862548828125 -0.120864868164063
-0.126884460449219 -0.113990783691406 0.28997802734375 -0.22918701171875
-0.044525146484375 -0.172882080078125 0.552825927734375 -0.0994873046875
-0.308441162109375 -0.0140991210937501 0.066253662109375 -0.150070190429688
-0.284881591796875 0.164886474609375 -0.0404205322265625 -0.070648193359375
-0.0941009521484375 0.277557373046875 -0.0452728271484375 0.0904006958007813
0.128433227539062 0.232864379882812 0.105133056640625 0.131187438964844
0.212112426757813 0.10296630859375 0.181610107421875 0.048553466796875
0.235885620117188 -0.0610198974609375 0.231719970703125 -0.1065673828125
0.19244384765625 -0.139984130859375 0.187789916992188 -0.200531005859375
0.183624267578125 -0.10821533203125 0.120208740234375 -0.208694458007813
0.211654663085938 -0.100128173828125 0.114501953125 -0.185440063476562
0.225540161132812 0.00262451171875 0.142578125 -0.129898071289063
0.156951904296875 0.132797241210937 0.0954818725585938 -0.0993728637695312
0.0321044921875 0.1884765625 0.0759735107421875 -0.0986328125
-0.1507568359375 0.132125854492188 0.143051147460938 -0.177169799804688
-0.22564697265625 0.01544189453125 0.289642333984375 -0.268524169921875
-0.187271118164063 -0.069976806640625 0.546600341796875 -0.148651123046875
-0.419952392578125 0.079315185546875 -0.0238494873046875 -0.147903442382812
-0.3453369140625 0.266693115234375 -0.0895156860351563 -0.0492477416992187
-0.116241455078125 0.371734619140625 -0.0628814697265625 0.08245849609375
0.161346435546875 0.315460205078125 0.0655899047851563 0.104446411132813
0.280502319335937 0.147262573242187 0.106285095214844 0.0476608276367188
0.32421875 -0.0704345703125 0.1485595703125 -0.066680908203125
0.264236450195313 -0.180831909179688 0.119125366210938 -0.124458312988281
0.250778198242188 -0.149917602539063 0.0603256225585938 -0.126304626464844
0.28863525390625 -0.149627685546875 0.0410079956054688 -0.11676025390625
0.314727783203125 -0.027313232421875 0.0594711303710938 -0.10296630859375
0.25360107421875 0.154556274414063 0.0175628662109375 -0.108047485351563
0.114730834960938 0.260330200195313 0.028076171875 -0.138298034667969
-0.15069580078125 0.259140014648437 0.122116088867188 -0.23046875
-0.305816650390625 0.1605224609375 0.269256591796875 -0.2833251953125
-0.314422607421875 0.04888916015625 0.49078369140625 -0.169677734375
-0.46533203125 0.1693115234375 -0.1397705078125 -0.126533508300781
-0.344573974609375 0.344512939453125 -0.1478271484375 -0.0117950439453125
-0.1036376953125 0.4205322265625 -0.0774459838867188 0.0781402587890625
0.185272216796875 0.349945068359375 0.01953125 0.0717620849609375
0.315093994140625 0.1640625 0.0191535949707031 0.0427627563476563
0.3651123046875 -0.073486328125 0.0463180541992188 -0.0179405212402344
0.2958984375 -0.195220947265625 0.0346832275390625 -0.0324230194091797
0.27947998046875 -0.169921875 -0.0100383758544922 -0.0247402191162109
0.32196044921875 -0.1763916015625 -0.0409584045410156 -0.0280418395996094
0.362030029296875 -0.05328369140625 -0.0408592224121094 -0.0566558837890625
0.317138671875 0.159454345703125 -0.0762481689453125 -0.0989608764648438
0.18548583984375 0.30438232421875 -0.0350341796875 -0.165054321289062
-0.13385009765625 0.360260009765625 0.083770751953125 -0.260055541992188
-0.35028076171875 0.284820556640625 0.221405029296875 -0.256362915039063
-0.3961181640625 0.156646728515625 0.379852294921875 -0.157989501953125
-0.438018798828125 0.241607666015625 -0.259078979492188 -0.0886688232421874
-0.28619384765625 0.37841796875 -0.201675415039063 0.033203125
-0.060791015625 0.412689208984375 -0.0882492065429688 0.07318115234375
0.1939697265625 0.32574462890625 -0.0332679748535156 0.0368576049804688
0.30474853515625 0.14837646484375 -0.0703353881835937 0.0378341674804688
0.348968505859375 -0.0732421875 -0.0583763122558594 0.0339012145996094
0.281112670898438 -0.181808471679688 -0.0532722473144531 0.0619277954101562
0.267532348632812 -0.162994384765625 -0.077606201171875 0.0797042846679687
0.31072998046875 -0.173309326171875 -0.120002746582031 0.0683059692382813
0.351318359375 -0.06268310546875 -0.144454956054687 0.00320434570312497
0.323089599609375 0.143280029296875 -0.171615600585937 -0.07354736328125
0.214019775390625 0.298553466796875 -0.10205078125 -0.170761108398437
-0.10589599609375 0.39190673828125 0.0359954833984375 -0.25347900390625
-0.338958740234375 0.34906005859375 0.148727416992188 -0.185531616210937
-0.410125732421875 0.22760009765625 0.235549926757812 -0.114349365234375
-0.34747314453125 0.28509521484375 -0.364715576171875 -0.033935546875
-0.183837890625 0.3643798828125 -0.241958618164063 0.080596923828125
0.00201416015625002 0.342529296875 -0.0947723388671875 0.0693130493164063
0.180999755859375 0.240692138671875 -0.0835037231445312 0.0099334716796875
0.250244140625 0.0981597900390625 -0.143386840820312 0.0372772216796875
0.275955200195313 -0.068695068359375 -0.146591186523437 0.0843353271484375
0.2222900390625 -0.1439208984375 -0.125411987304688 0.145156860351563
0.216033935546875 -0.133377075195313 -0.134521484375 0.171218872070312
0.25262451171875 -0.139190673828125 -0.185653686523437 0.153961181640625
0.27899169921875 -0.0488739013671875 -0.231643676757813 0.0614013671875
0.259872436523438 0.11419677734375 -0.243804931640625 -0.0454254150390625
0.181991577148438 0.237274169921875 -0.152313232421875 -0.16046142578125
-0.07342529296875 0.33038330078125 -0.00758361816406251 -0.216552734375
-0.26934814453125 0.327850341796875 0.0729827880859375 -0.0942306518554687
-0.3480224609375 0.248565673828125 0.0821380615234375 -0.0562286376953125
-0.21551513671875 0.288665771484375 -0.442352294921875 0.027618408203125
-0.06475830078125 0.303680419921875 -0.26715087890625 0.12249755859375
0.0666046142578125 0.229415893554688 -0.0954818725585938 0.07135009765625
0.147125244140625 0.120590209960938 -0.117301940917969 -0.000610351562499985
0.160629272460938 0.02984619140625 -0.182632446289063 0.0425872802734375
0.162445068359375 -0.0590667724609375 -0.199630737304687 0.123855590820313
0.128990173339844 -0.0859527587890625 -0.17352294921875 0.20538330078125
0.13031005859375 -0.08416748046875 -0.170684814453125 0.236358642578125
0.158370971679688 -0.082244873046875 -0.228302001953125 0.212936401367187
0.160476684570313 -0.0198974609375 -0.290252685546875 0.100311279296875
0.143310546875 0.072662353515625 -0.280471801757812 -0.0269622802734375
0.102630615234375 0.133834838867188 -0.172637939453125 -0.146102905273438
-0.037994384765625 0.194229125976563 -0.028411865234375 -0.16705322265625
-0.149658203125 0.2301025390625 0.0149145126342773 -0.0094633102416992
-0.218917846679688 0.219161987304687 -0.0464324951171875 1.14440917968831E-05
-0.061920166015625 0.2510986328125 -0.49127197265625 0.091339111328125
0.0462188720703125 0.207809448242188 -0.28070068359375 0.165878295898437
0.117279052734375 0.101844787597656 -0.091033935546875 0.0884857177734375
0.100700378417969 -0.003631591796875 -0.1279296875 0.0103988647460938
0.0581512451171875 -0.0398674011230469 -0.1827392578125 0.054107666015625
0.0298881530761719 -0.0437545776367188 -0.211029052734375 0.149612426757813
0.0178451538085938 -0.0180034637451172 -0.187164306640625 0.236495971679688
0.0273532867431641 -0.022064208984375 -0.180206298828125 0.266067504882813
0.0412559509277344 -0.0111312866210937 -0.24420166015625 0.236343383789063
0.0180683135986328 0.012939453125 -0.31304931640625 0.110992431640625
0.00554466247558594 0.0230293273925781 -0.278854370117188 -0.0234527587890624
0.010096549987793 0.0123214721679688 -0.163009643554688 -0.135574340820313
0.00569534301757812 0.0318946838378906 -0.0250396728515625 -0.122062683105469
-0.00261688232421875 0.100975036621094 -0.0126228332519531 0.0462722778320313
-0.0484771728515625 0.160171508789063 -0.126258850097656 0.0459213256835938
-0.150283813476563 -0.091766357421875 0.136871337890625 -0.128753662109375
-0.175827026367188 0.0573577880859375 0.000175476074218746 -0.0723495483398438
-0.04052734375 0.152557373046875 -0.0186691284179688 0.106132507324219
0.0920562744140625 0.111305236816406 0.147369384765625 0.150070190429688
0.119285583496094 0.0346755981445313 0.251632690429688 0.0413360595703125
0.107261657714844 -0.0532150268554688 0.296356201171875 -0.142791748046875
0.0848464965820313 -0.0891571044921875 0.23779296875 -0.262069702148438
0.0840682983398438 -0.0610198974609375 0.168716430664063 -0.269805908203125
0.0976943969726563 -0.0506515502929688 0.174118041992188 -0.231857299804688
0.108955383300781 0.01617431640625 0.208740234375 -0.142135620117188
0.0589141845703125 0.0848159790039063 0.154571533203125 -0.0821075439453125
-0.0319442749023438 0.102210998535156 0.106430053710937 -0.0601272583007812
-0.125244140625 0.02081298828125 0.15301513671875 -0.1326904296875
-0.129966735839844 -0.101890563964844 0.299835205078125 -0.24432373046875
-0.053009033203125 -0.163955688476562 0.57952880859375 -0.106689453125
-0.31964111328125 0.00128173828125 0.0869903564453125 -0.142562866210938
-0.283294677734375 0.182037353515625 -0.0270767211914063 -0.0681838989257812
-0.08489990234375 0.286376953125 -0.0385971069335938 0.093353271484375
0.138763427734375 0.229156494140625 0.112457275390625 0.132980346679688
0.219970703125 0.0956268310546875 0.1917724609375 0.05010986328125
0.234115600585938 -0.0717010498046875 0.241165161132813 -0.111068725585938
0.1904296875 -0.15252685546875 0.19720458984375 -0.2098388671875
0.182723999023438 -0.121322631835938 0.130050659179688 -0.217086791992188
0.212127685546875 -0.114181518554687 0.123641967773437 -0.189834594726562
0.23236083984375 -0.00927734375 0.152877807617188 -0.130767822265625
0.171035766601563 0.12994384765625 0.0972518920898438 -0.0956802368164063
0.0430145263671875 0.196487426757813 0.0724029541015625 -0.0973434448242187
-0.151962280273438 0.150634765625 0.140350341796875 -0.187286376953125
-0.238433837890625 0.03253173828125 0.29736328125 -0.283233642578125
-0.2061767578125 -0.0604400634765625 0.568603515625 -0.1531982421875
-0.439361572265625 0.0947875976562501 -0.00814056396484378 -0.136825561523438
-0.3494873046875 0.286712646484375 -0.0776748657226563 -0.0438156127929687
-0.11260986328125 0.386077880859375 -0.05523681640625 0.0875473022460938
0.1719970703125 0.3177490234375 0.0736236572265625 0.108009338378906
0.293182373046875 0.144744873046875 0.116630554199219 0.0512619018554688
0.328948974609375 -0.080078125 0.157943725585938 -0.0673065185546875
0.267990112304687 -0.194305419921875 0.13031005859375 -0.131362915039063
0.254837036132813 -0.16412353515625 0.0715103149414063 -0.130607604980469
0.294281005859375 -0.165069580078125 0.0511550903320313 -0.116874694824219
0.327606201171875 -0.038116455078125 0.0685272216796875 -0.0997161865234375
0.271072387695313 0.15570068359375 0.0170059204101563 -0.101585388183594
0.127044677734375 0.273391723632813 0.0218734741210938 -0.135871887207031
-0.15570068359375 0.282073974609375 0.115585327148437 -0.238739013671875
-0.32391357421875 0.181304931640625 0.2728271484375 -0.293487548828125
-0.33984375 0.0584411621093751 0.50439453125 -0.173126220703125
-0.489776611328125 0.18280029296875 -0.131553649902344 -0.11370849609375
-0.355010986328125 0.363311767578125 -0.138626098632813 -0.00161743164062496
-0.10443115234375 0.4427490234375 -0.06903076171875 0.0848922729492188
0.19500732421875 0.360076904296875 0.0266265869140625 0.0754852294921875
0.330657958984375 0.166229248046875 0.0278167724609375 0.0477142333984375
0.3773193359375 -0.082916259765625 0.0548553466796875 -0.0154685974121094
0.304351806640625 -0.208160400390625 0.0458450317382813 -0.0347366333007813
0.2889404296875 -0.18304443359375 0.00145721435546877 -0.02532958984375
0.33441162109375 -0.19171142578125 -0.0321846008300781 -0.0223579406738281
0.377899169921875 -0.061187744140625 -0.0339202880859375 -0.0491180419921875
0.335784912109375 0.163848876953125 -0.0800247192382813 -0.0905532836914062
0.19757080078125 0.319793701171875 -0.0439910888671875 -0.160903930664062
-0.141265869140625 0.3846435546875 0.0755462646484375 -0.264862060546875
-0.370269775390625 0.306640625 0.220550537109375 -0.261932373046875
-0.42333984375 0.164459228515625 0.38604736328125 -0.16021728515625
-0.462982177734375 0.249908447265625 -0.260147094726563 -0.0737152099609374
-0.301513671875 0.395477294921875 -0.197784423828125 0.047882080078125
-0.066741943359375 0.43609619140625 -0.0802993774414063 0.0818328857421875
0.2030029296875 0.341156005859375 -0.0265884399414062 0.0412368774414063
0.322052001953125 0.15374755859375 -0.06396484375 0.0436973571777344
0.36395263671875 -0.078094482421875 -0.0529594421386719 0.0396156311035156
0.294189453125 -0.193145751953125 -0.043304443359375 0.063690185546875
0.280364990234375 -0.174789428710938 -0.0680007934570312 0.0832443237304687
0.325531005859375 -0.1844482421875 -0.113372802734375 0.0786590576171875
0.367767333984375 -0.065521240234375 -0.140655517578125 0.0142974853515625
0.339141845703125 0.1514892578125 -0.176788330078125 -0.0643463134765625
0.22296142578125 0.314208984375 -0.111526489257812 -0.165359497070312
-0.11480712890625 0.413238525390625 0.025634765625 -0.255447387695313
-0.358612060546875 0.366912841796875 0.14459228515625 -0.18756103515625
-0.437286376953125 0.233184814453125 0.230728149414062 -0.116058349609375
-0.370025634765625 0.288421630859375 -0.375701904296875 -0.018951416015625
-0.199615478515625 0.376739501953125 -0.243621826171875 0.0983428955078125
-0.00601196289062503 0.36248779296875 -0.0885238647460938 0.0784835815429688
0.1851806640625 0.257827758789063 -0.0788116455078125 0.0142974853515625
0.2640380859375 0.107391357421875 -0.140640258789062 0.0440521240234375
0.29229736328125 -0.068328857421875 -0.143905639648437 0.0920257568359375
0.23773193359375 -0.151199340820313 -0.120803833007812 0.150604248046875
0.228195190429688 -0.140701293945313 -0.12786865234375 0.178543090820313
0.268325805664063 -0.146728515625 -0.182281494140625 0.166580200195312
0.29534912109375 -0.048828125 -0.232742309570313 0.07403564453125
0.273406982421875 0.124801635742188 -0.251388549804688 -0.03558349609375
0.186279296875 0.252593994140625 -0.161468505859375 -0.155242919921875
-0.085174560546875 0.3470458984375 -0.015869140625 -0.215972900390625
-0.287872314453125 0.338226318359375 0.0664443969726562 -0.0923385620117187
-0.370391845703125 0.24810791015625 0.0702781677246093 -0.057464599609375
-0.22906494140625 0.286468505859375 -0.4632568359375 0.041015625
-0.077880859375 0.306854248046875 -0.274795532226563 0.142852783203125
0.057159423828125 0.240097045898437 -0.0908737182617188 0.0813751220703125
0.1455078125 0.134536743164063 -0.115501403808594 0.00249481201171878
0.168624877929687 0.03997802734375 -0.183349609375 0.047393798828125
0.1763916015625 -0.053802490234375 -0.201217651367188 0.132949829101562
0.14361572265625 -0.0879058837890625 -0.173324584960937 0.214157104492188
0.142181396484375 -0.0869903564453125 -0.167190551757813 0.245819091796875
0.172988891601563 -0.083709716796875 -0.228591918945313 0.227157592773438
0.17431640625 -0.0141448974609375 -0.295928955078125 0.1134033203125
0.151260375976563 0.0868988037109375 -0.289276123046875 -0.017852783203125
0.101287841796875 0.14739990234375 -0.181304931640625 -0.142196655273438
-0.051971435546875 0.204208374023437 -0.0355072021484375 -0.164337158203125
-0.165908813476562 0.23284912109375 0.007326602935791 -0.00661468505859374
-0.234664916992188 0.214004516601562 -0.06475830078125 -0.00141525268554687
-0.064117431640625 0.2447509765625 -0.5174560546875 0.102081298828125
0.0396270751953125 0.202789306640625 -0.292083740234375 0.184661865234375
0.110107421875 0.102096557617188 -0.0871963500976563 0.0983352661132813
0.0941009521484375 0.003631591796875 -0.127220153808594 0.0129776000976563
0.0583419799804688 -0.0308570861816406 -0.185714721679688 0.055450439453125
0.0381622314453125 -0.0338172912597656 -0.215866088867187 0.15582275390625
0.0293750762939453 -0.0136470794677734 -0.192138671875 0.245681762695312
0.03619384765625 -0.0191230773925781 -0.182479858398438 0.276809692382812
0.0528526306152344 -0.008331298828125 -0.246963500976562 0.249404907226563
0.0292072296142578 0.0225505828857422 -0.32257080078125 0.123870849609375
0.00887298583984375 0.0373039245605469 -0.288421630859375 -0.017822265625
0.004730224609375 0.0231456756591797 -0.171554565429688 -0.133346557617188
-0.00779533386230469 0.0339584350585938 -0.0309982299804687 -0.120399475097656
-0.0148162841796875 0.0944747924804688 -0.0217933654785156 0.0487709045410156
-0.0575714111328125 0.150146484375 -0.149063110351563 0.0416412353515625
-0.153121948242188 -0.0753936767578125 0.157760620117188 -0.133132934570313
-0.165802001953125 0.0738067626953125 0.010498046875 -0.0753021240234375
-0.024566650390625 0.153945922851563 -0.0101776123046875 0.106857299804688
0.1019287109375 0.09942626953125 0.159103393554688 0.14654541015625
0.121475219726563 0.0217971801757813 0.263839721679688 0.0313720703125
0.0982666015625 -0.0641555786132813 0.300567626953125 -0.1610107421875
0.0740203857421875 -0.0990066528320313 0.2364501953125 -0.2833251953125
0.0751724243164063 -0.07098388671875 0.166351318359375 -0.2867431640625
0.0891647338867188 -0.0631790161132813 0.1749267578125 -0.248062133789063
0.108558654785156 0.00238800048828125 0.215301513671875 -0.156875610351563
0.0671234130859375 0.0754928588867188 0.157806396484375 -0.0880584716796875
-0.020782470703125 0.103004455566406 0.105247497558594 -0.0636672973632813
-0.118545532226563 0.0325851440429687 0.148468017578125 -0.149002075195313
-0.134750366210937 -0.087158203125 0.30108642578125 -0.27130126953125
-0.0650482177734375 -0.15478515625 0.60382080078125 -0.134033203125
-0.32989501953125 0.025726318359375 0.105270385742187 -0.14111328125
-0.274795532226563 0.206924438476562 -0.0162925720214844 -0.0685844421386719
-0.068359375 0.297576904296875 -0.0294647216796875 0.095489501953125
0.154434204101563 0.222305297851563 0.124458312988281 0.131576538085938
0.229446411132813 0.0819854736328125 0.204391479492188 0.0450439453125
0.231887817382813 -0.08831787109375 0.248138427734375 -0.123611450195313
0.182571411132812 -0.169692993164062 0.200531005859375 -0.228927612304688
0.17742919921875 -0.138473510742188 0.1322021484375 -0.231643676757813
0.207595825195313 -0.134719848632813 0.12799072265625 -0.200698852539063
0.23858642578125 -0.02801513671875 0.160675048828125 -0.139984130859375
0.187820434570313 0.121047973632813 0.0984954833984375 -0.097503662109375
0.06097412109375 0.202621459960938 0.068023681640625 -0.098480224609375
-0.146560668945312 0.172592163085938 0.131866455078125 -0.202438354492187
-0.2479248046875 0.05810546875 0.2955322265625 -0.30560302734375
-0.225143432617187 -0.0431976318359375 0.5875244140625 -0.1773681640625
-0.454742431640625 0.1240234375 0.00463104248046871 -0.130653381347656
-0.345001220703125 0.31683349609375 -0.0671844482421875 -0.0390052795410156
-0.096343994140625 0.407562255859375 -0.0448989868164063 0.0924301147460938
0.191741943359375 0.31781005859375 0.0847015380859375 0.108177185058594
0.31024169921875 0.132171630859375 0.128654479980469 0.0505599975585938
0.333251953125 -0.099456787109375 0.165985107421875 -0.07470703125
0.26519775390625 -0.2177734375 0.137100219726563 -0.144638061523438
0.253372192382812 -0.185516357421875 0.0768890380859375 -0.140518188476563
0.295166015625 -0.19012451171875 0.0576629638671875 -0.120536804199219
0.33868408203125 -0.060272216796875 0.0759201049804688 -0.102813720703125
0.293853759765625 0.147613525390625 0.0144729614257813 -0.0974578857421875
0.149017333984375 0.282958984375 0.0132293701171875 -0.134193420410156
-0.150726318359375 0.31024169921875 0.103378295898437 -0.25030517578125
-0.334442138671875 0.213653564453125 0.26763916015625 -0.313323974609375
-0.3619384765625 0.0804443359375 0.516571044921875 -0.1943359375
-0.507415771484375 0.214385986328125 -0.125602722167969 -0.100318908691406
-0.35394287109375 0.396209716796875 -0.129432678222656 0.00928497314453127
-0.0910949707031249 0.46905517578125 -0.058563232421875 0.0919876098632813
0.21881103515625 0.36798095703125 0.0369415283203125 0.0769805908203125
0.352996826171875 0.1571044921875 0.0382461547851563 0.0510025024414063
0.3865966796875 -0.102630615234375 0.0635604858398438 -0.0154876708984375
0.306427001953125 -0.23468017578125 0.0546150207519531 -0.0413398742675781
0.29205322265625 -0.20654296875 0.0112018585205078 -0.0287876129150391
0.34027099609375 -0.21771240234375 -0.0233955383300781 -0.0179996490478516
0.392120361328125 -0.083343505859375 -0.0279960632324219 -0.0434303283691406
0.361846923828125 0.1566162109375 -0.085662841796875 -0.0808868408203125
0.22222900390625 0.329376220703125 -0.0553131103515625 -0.155929565429687
-0.135955810546875 0.415802001953125 0.0595855712890625 -0.272689819335938
-0.380615234375 0.340972900390625 0.21160888671875 -0.276626586914063
-0.44677734375 0.188720703125 0.389984130859375 -0.174896240234375
-0.482177734375 0.278167724609375 -0.263107299804688 -0.0528717041015625
-0.304107666015625 0.425079345703125 -0.191848754882813 0.0657348632812501
-0.05621337890625 0.464813232421875 -0.0700607299804688 0.0906295776367188
0.22393798828125 0.35162353515625 -0.0196151733398437 0.0451278686523438
0.345458984375 0.14874267578125 -0.0570259094238281 0.0509757995605469
0.379638671875 -0.0943603515625 -0.0454483032226562 0.0463371276855469
0.30181884765625 -0.21759033203125 -0.0344467163085937 0.0653038024902343
0.28619384765625 -0.196380615234375 -0.0570831298828125 0.0864639282226563
0.335052490234375 -0.20916748046875 -0.104454040527344 0.0898971557617188
0.38616943359375 -0.08380126953125 -0.136428833007812 0.027374267578125
0.36456298828125 0.149017333984375 -0.183914184570312 -0.0494995117187499
0.2457275390625 0.325653076171875 -0.124435424804688 -0.157745361328125
-0.11114501953125 0.44281005859375 0.00967407226562497 -0.2581787109375
-0.368988037109375 0.399810791015625 0.1361083984375 -0.193359375
-0.45751953125 0.253997802734375 0.226242065429687 -0.122604370117187
-0.38336181640625 0.30816650390625 -0.38720703125 0.00720214843750001
-0.203857421875 0.398773193359375 -0.241714477539063 0.122207641601562
-0.00109863281250004 0.386322021484375 -0.0795516967773438 0.0891571044921875
0.200912475585938 0.27142333984375 -0.075439453125 0.0195999145507813
0.28460693359375 0.107147216796875 -0.137680053710938 0.0534591674804688
0.309295654296875 -0.079345703125 -0.139373779296875 0.104400634765625
0.248214721679688 -0.168655395507813 -0.112899780273438 0.159561157226563
0.236770629882813 -0.15728759765625 -0.116912841796875 0.188156127929688
0.280364990234375 -0.1658935546875 -0.173446655273438 0.185272216796875
0.312164306640625 -0.060028076171875 -0.2310791015625 0.092803955078125
0.294036865234375 0.12677001953125 -0.260284423828125 -0.01788330078125
0.201339721679687 0.2637939453125 -0.175338745117187 -0.145782470703125
-0.08514404296875 0.37005615234375 -0.029632568359375 -0.214340209960937
-0.297698974609375 0.3612060546875 0.05865478515625 -0.0920867919921875
-0.38604736328125 0.26275634765625 0.0579185485839843 -0.0582962036132812
-0.23614501953125 0.29571533203125 -0.482818603515625 0.0706787109375
-0.08148193359375 0.317352294921875 -0.276092529296875 0.17041015625
0.0563507080078125 0.253372192382813 -0.0837249755859375 0.092529296875
0.150970458984375 0.14581298828125 -0.114418029785156 0.00895690917968751
0.180755615234375 0.04388427734375 -0.184249877929688 0.0570220947265625
0.19061279296875 -0.0572052001953125 -0.199737548828125 0.146926879882812
0.155532836914063 -0.097747802734375 -0.168197631835938 0.228530883789062
0.151763916015625 -0.0958709716796875 -0.159011840820313 0.260589599609375
0.1851806640625 -0.0941314697265625 -0.222320556640625 0.249542236328125
0.19012451171875 -0.016632080078125 -0.298431396484375 0.13592529296875
0.165573120117188 0.0944366455078125 -0.299407958984375 -0.00100708007812504
0.108169555664063 0.159271240234375 -0.194778442382813 -0.133255004882812
-0.05865478515625 0.217910766601563 -0.0460052490234375 -0.161239624023438
-0.17596435546875 0.243331909179687 0.000628113746643056 -0.00210702419281004
-0.247177124023437 0.21966552734375 -0.0835952758789063 0.00172424316406253
-0.062347412109375 0.243408203125 -0.540191650390625 0.1319580078125
0.0383148193359375 0.200027465820313 -0.29681396484375 0.213287353515625
0.106063842773438 0.101425170898438 -0.0811767578125 0.108970642089844
0.0900115966796875 0.00983428955078125 -0.126548767089844 0.018402099609375
0.0597763061523438 -0.0241928100585938 -0.188446044921875 0.0628814697265625
0.0473175048828125 -0.0292549133300781 -0.21685791015625 0.169021606445313
0.040863037109375 -0.0129165649414062 -0.189361572265625 0.26214599609375
0.0447349548339844 -0.0191116333007813 -0.175628662109375 0.294525146484375
0.064788818359375 -0.00941848754882812 -0.2447509765625 0.272384643554687
0.0428047180175781 0.0282249450683594 -0.32763671875 0.147796630859375
0.0154571533203125 0.0497169494628906 -0.30047607421875 -0.00198364257812502
0.00275802612304688 0.0342597961425781 -0.184783935546875 -0.126205444335937
-0.0192909240722656 0.0394706726074219 -0.039520263671875 -0.117988586425781
-0.0246429443359375 0.092742919921875 -0.02911376953125 0.0535812377929688
-0.0626678466796875 0.145278930664063 -0.172164916992188 0.04595947265625
-0.152297973632813 -0.056396484375 0.172149658203125 -0.1416015625
-0.149169921875 0.088623046875 0.0179595947265625 -0.0795516967773438
-0.00669860839843751 0.150466918945313 0.000129699707031249 0.104522705078125
0.109146118164063 0.0833282470703125 0.170639038085937 0.1357421875
0.120101928710938 0.00675201416015625 0.269454956054687 0.0135955810546875
0.08544921875 -0.0726776123046875 0.293701171875 -0.183349609375
0.0582199096679688 -0.105339050292969 0.2213134765625 -0.3035888671875
0.0627593994140625 -0.07867431640625 0.15191650390625 -0.302093505859375
0.0763015747070313 -0.0731201171875 0.16436767578125 -0.264663696289063
0.103614807128906 -0.012786865234375 0.212081909179687 -0.174346923828125
0.0733795166015625 0.0631866455078125 0.1556396484375 -0.0965118408203125
-0.00830841064453125 0.101409912109375 0.100799560546875 -0.0684356689453125
-0.108001708984375 0.04443359375 0.136016845703125 -0.163742065429688
-0.136253356933594 -0.0690689086914063 0.28741455078125 -0.297576904296875
-0.0759658813476563 -0.139839172363281 0.60833740234375 -0.173095703125
-0.3291015625 0.0554504394531251 0.1187744140625 -0.14422607421875
-0.255020141601563 0.23065185546875 -0.00768280029296876 -0.0696563720703125
-0.043975830078125 0.302154541015625 -0.0179672241210938 0.09521484375
0.169448852539063 0.207244873046875 0.136245727539063 0.123649597167969
0.234207153320313 0.061767578125 0.213455200195313 0.0318756103515625
0.221176147460938 -0.105606079101563 0.246063232421875 -0.141326904296875
0.166030883789063 -0.186172485351563 0.191360473632813 -0.248092651367188
0.1640625 -0.154220581054687 0.12322998046875 -0.245956420898437
0.19464111328125 -0.155487060546875 0.122970581054688 -0.211959838867188
0.236831665039063 -0.0511932373046875 0.160369873046875 -0.152206420898438
0.20196533203125 0.103775024414063 0.0960311889648438 -0.100418090820313
0.0810089111328125 0.200576782226562 0.0609893798828125 -0.0985260009765625
-0.131912231445313 0.19146728515625 0.115463256835938 -0.213729858398437
-0.247604370117188 0.08636474609375 0.2789306640625 -0.329803466796875
-0.23773193359375 -0.01898193359375 0.59039306640625 -0.21368408203125
-0.454833984375 0.16131591796875 0.0162582397460937 -0.124954223632812
-0.32208251953125 0.34710693359375 -0.0567092895507813 -0.0353965759277343
-0.067962646484375 0.4197998046875 -0.03302001953125 0.0933380126953125
0.213409423828125 0.306671142578125 0.09588623046875 0.103096008300781
0.321258544921875 0.109405517578125 0.1392822265625 0.0433197021484375
0.32757568359375 -0.12396240234375 0.169509887695313 -0.0855560302734375
0.250045776367188 -0.240997314453125 0.134628295898438 -0.159194946289063
0.240798950195312 -0.20849609375 0.075592041015625 -0.150848388671875
0.28271484375 -0.217742919921875 0.0597610473632813 -0.125160217285156
0.339691162109375 -0.0887451171875 0.0782623291015625 -0.107177734375
0.312286376953125 0.127655029296875 0.0113677978515625 -0.0933837890625
0.174835205078125 0.279373168945312 0.00287628173828125 -0.129127502441406
-0.13201904296875 0.334228515625 0.082916259765625 -0.257354736328125
-0.330657958984375 0.25006103515625 0.249786376953125 -0.33270263671875
-0.371856689453125 0.112640380859375 0.51348876953125 -0.22406005859375
-0.508514404296875 0.25323486328125 -0.117485046386719 -0.085052490234375
-0.33331298828125 0.427520751953125 -0.117813110351563 0.0193557739257813
-0.061492919921875 0.48675537109375 -0.0447616577148438 0.0952224731445313
0.2449951171875 0.3603515625 0.0471954345703125 0.0756378173828125
0.369720458984375 0.134490966796875 0.0494270324707031 0.0500755310058594
0.386444091796875 -0.128936767578125 0.0707015991210938 -0.0190277099609375
0.2952880859375 -0.261383056640625 0.0590934753417969 -0.0500755310058594
0.280792236328125 -0.231582641601563 0.0169658660888672 -0.0341472625732422
0.329254150390625 -0.249176025390625 -0.014460563659668 -0.0158424377441406
0.395233154296875 -0.112518310546875 -0.0221786499023437 -0.0400314331054688
0.3834228515625 0.13623046875 -0.0883941650390625 -0.0692214965820312
0.249420166015625 0.324798583984375 -0.067626953125 -0.145980834960937
-0.1136474609375 0.440216064453125 0.0376739501953125 -0.274871826171875
-0.373199462890625 0.3797607421875 0.194366455078125 -0.287689208984375
-0.45294189453125 0.22271728515625 0.381683349609375 -0.194183349609375
-0.480224609375 0.3131103515625 -0.25897216796875 -0.0275115966796874
-0.286773681640625 0.4547119140625 -0.178695678710938 0.083343505859375
-0.02960205078125 0.484100341796875 -0.0565719604492187 0.0971298217773438
0.25067138671875 0.3502197265625 -0.0119667053222656 0.0472488403320313
0.364471435546875 0.12933349609375 -0.0475082397460937 0.0561485290527344
0.38232421875 -0.120391845703125 -0.0357780456542969 0.0514678955078125
0.294830322265625 -0.24359130859375 -0.0243949890136719 0.0645942687988281
0.280181884765625 -0.22076416015625 -0.0454254150390625 0.0877304077148437
0.328338623046875 -0.240234375 -0.0900344848632813 0.100456237792969
0.39068603515625 -0.11114501953125 -0.1275634765625 0.0405044555664063
0.38629150390625 0.131134033203125 -0.1868896484375 -0.030914306640625
0.27166748046875 0.321502685546875 -0.137985229492187 -0.142486572265625
-0.090789794921875 0.465118408203125 -0.0103759765625 -0.253952026367187
-0.35906982421875 0.433624267578125 0.121719360351562 -0.197555541992187
-0.460601806640625 0.28509521484375 0.214279174804687 -0.131057739257812
-0.381256103515625 0.333251953125 -0.387451171875 0.0403137207031251
-0.1920166015625 0.418212890625 -0.22930908203125 0.14654541015625
0.016998291015625 0.401947021484375 -0.0670013427734375 0.097076416015625
0.2210693359375 0.273040771484375 -0.0701065063476562 0.0251274108886719
0.3011474609375 0.094696044921875 -0.130180358886719 0.06390380859375
0.3175048828125 -0.09912109375 -0.128585815429688 0.1158447265625
0.247451782226563 -0.191146850585938 -0.099822998046875 0.166229248046875
0.234832763671875 -0.176971435546875 -0.100173950195313 0.19525146484375
0.279693603515625 -0.189620971679688 -0.156143188476562 0.201004028320313
0.32061767578125 -0.079376220703125 -0.220718383789062 0.11334228515625
0.312835693359375 0.116973876953125 -0.261672973632813 0.00454711914062499
0.220779418945313 0.262985229492188 -0.18707275390625 -0.128738403320312
-0.0718994140625 0.3880615234375 -0.046295166015625 -0.206649780273437
-0.291961669921875 0.38629150390625 0.0499267578125 -0.0901641845703125
-0.389495849609375 0.28643798828125 0.0437088012695312 -0.0568504333496094
-0.231964111328125 0.307159423828125 -0.4857177734375 0.107940673828125
-0.075775146484375 0.324615478515625 -0.266189575195312 0.1983642578125
0.063201904296875 0.261749267578125 -0.072418212890625 0.101860046386719
0.15972900390625 0.151138305664063 -0.110511779785156 0.016876220703125
0.190750122070313 0.039947509765625 -0.17950439453125 0.069854736328125
0.200454711914063 -0.0670166015625 -0.189376831054687 0.162521362304688
0.160842895507813 -0.1109619140625 -0.153900146484375 0.241226196289063
0.154586791992188 -0.107452392578125 -0.139877319335937 0.272689819335938
0.18988037109375 -0.109603881835938 -0.202880859375 0.2694091796875
0.202239990234375 -0.0270538330078125 -0.287872314453125 0.16192626953125
0.1807861328125 0.0938568115234375 -0.3009033203125 0.024017333984375
0.118209838867188 0.163986206054688 -0.205551147460938 -0.116409301757813
-0.05621337890625 0.2318115234375 -0.058349609375 -0.153839111328125
-0.175750732421875 0.25701904296875 -0.00454998016357423 0.00293588638305666
-0.248397827148437 0.228897094726563 -0.0991973876953125 0.0101242065429688
-0.054931640625 0.239578247070313 -0.5460205078125 0.17095947265625
0.0397491455078125 0.195037841796875 -0.287322998046875 0.243133544921875
0.1031494140625 0.0990142822265625 -0.0699234008789063 0.118354797363281
0.086578369140625 0.0146713256835938 -0.123756408691406 0.0267791748046875
0.0616188049316406 -0.0201301574707031 -0.185562133789062 0.0745086669921875
0.0556297302246094 -0.0274085998535156 -0.209136962890625 0.1851806640625
0.0501556396484375 -0.0160636901855469 -0.177566528320312 0.27825927734375
0.0519256591796875 -0.0215492248535156 -0.158660888671875 0.308563232421875
0.0736236572265625 -0.0144805908203125 -0.22808837890625 0.2965087890625
0.0558547973632812 0.0290641784667969 -0.31982421875 0.175994873046875
0.0259780883789063 0.0587654113769531 -0.30364990234375 0.0213623046874999
0.00363540649414063 0.0445022583007812 -0.19598388671875 -0.11236572265625
-0.0275382995605469 0.0464401245117188 -0.0479736328125 -0.111259460449219
-0.032012939453125 0.0925445556640625 -0.0328216552734375 0.0595741271972656
-0.0649871826171875 0.141342163085937 -0.18963623046875 0.0571746826171875
-0.144866943359375 -0.0392913818359375 0.179977416992187 -0.149795532226563
-0.129737854003906 0.097015380859375 0.0228652954101562 -0.0834121704101562
0.0081024169921875 0.141220092773437 0.008697509765625 0.0982208251953125
0.109809875488281 0.0663909912109375 0.17620849609375 0.12152099609375
0.112373352050781 -0.00579833984375 0.266021728515625 -0.0039520263671875
0.0715408325195313 -0.0766372680664063 0.278060913085937 -0.198989868164062
0.0430984497070312 -0.105987548828125 0.199676513671875 -0.3145751953125
0.0486297607421875 -0.081298828125 0.13323974609375 -0.307037353515625
0.0616073608398438 -0.0782699584960938 0.148773193359375 -0.271148681640625
0.0945281982421875 -0.0244674682617188 0.200332641601563 -0.186447143554688
0.0749969482421875 0.0498580932617188 0.149581909179688 -0.10247802734375
0.00175476074218751 0.0944442749023438 0.094512939453125 -0.06982421875
-0.0949478149414062 0.050811767578125 0.119583129882812 -0.171096801757813
-0.1314697265625 -0.0519561767578125 0.26507568359375 -0.3123779296875
-0.0809783935546875 -0.122062683105469 0.59619140625 -0.205810546875
-0.316497802734375 0.080535888671875 0.128189086914063 -0.147125244140625
-0.227996826171875 0.242019653320312 2.28881835937346E-05 -0.0714035034179687
-0.021240234375 0.2950439453125 -0.00872039794921875 0.0905990600585938
0.1766357421875 0.187606811523437 0.14288330078125 0.111709594726563
0.2293701171875 0.04266357421875 0.21417236328125 0.0177459716796875
0.205307006835937 -0.116989135742188 0.2369384765625 -0.154449462890625
0.145614624023438 -0.193130493164062 0.176101684570313 -0.258712768554688
0.146133422851562 -0.163848876953125 0.109893798828125 -0.251007080078125
0.175567626953125 -0.168075561523438 0.114303588867188 -0.218215942382812
0.227264404296875 -0.0709686279296875 0.153976440429688 -0.161056518554687
0.207107543945313 0.0846405029296875 0.091552734375 -0.100715637207031
0.0969390869140625 0.191940307617187 0.0538787841796875 -0.09613037109375
-0.113311767578125 0.202789306640625 0.096435546875 -0.216262817382813
-0.237457275390625 0.110885620117187 0.255584716796875 -0.339508056640625
-0.238906860351562 0.00520324707031245 0.57452392578125 -0.24053955078125
-0.43792724609375 0.190521240234375 0.0274124145507812 -0.120330810546875
-0.2919921875 0.361907958984375 -0.0466461181640625 -0.0332107543945312
-0.040313720703125 0.4158935546875 -0.0214309692382812 0.090118408203125
0.226715087890625 0.287078857421875 0.103248596191406 0.0945053100585938
0.320159912109375 0.086395263671875 0.144317626953125 0.03314208984375
0.311431884765625 -0.141571044921875 0.166976928710938 -0.095245361328125
0.227142333984375 -0.25384521484375 0.126510620117188 -0.169403076171875
0.220046997070313 -0.222000122070313 0.0704345703125 -0.15618896484375
0.262344360351563 -0.235977172851563 0.0594711303710938 -0.127983093261719
0.328765869140625 -0.11273193359375 0.0773468017578125 -0.110572814941406
0.321075439453125 0.104400634765625 0.00855255126953127 -0.0876846313476563
0.192520141601563 0.2672119140625 -0.005126953125 -0.120697021484375
-0.10906982421875 0.34539794921875 0.0619049072265625 -0.2557373046875
-0.313629150390625 0.276031494140625 0.224609375 -0.336883544921875
-0.368804931640625 0.139617919921875 0.496063232421875 -0.24365234375
-0.48980712890625 0.281646728515625 -0.104225158691406 -0.0720901489257812
-0.30364990234375 0.444122314453125 -0.104156494140625 0.0253829956054688
-0.0313720703125001 0.488189697265625 -0.0323715209960938 0.0941314697265625
0.2615966796875 0.34271240234375 0.05474853515625 0.0706405639648438
0.37322998046875 0.10845947265625 0.0575790405273438 0.0455398559570313
0.372802734375 -0.15191650390625 0.0749435424804688 -0.0235214233398438
0.273345947265625 -0.277740478515625 0.0594596862792969 -0.0572853088378906
0.262039184570313 -0.248016357421875 0.0206565856933594 -0.0380096435546875
0.310516357421875 -0.270050048828125 -0.00589752197265623 -0.0147514343261719
0.385101318359375 -0.138458251953125 -0.0168800354003906 -0.03741455078125
0.391815185546875 0.111480712890625 -0.0877227783203125 -0.0569992065429688
0.267791748046875 0.31103515625 -0.0755157470703125 -0.131607055664063
-0.089324951171875 0.450531005859375 0.017608642578125 -0.26666259765625
-0.350677490234375 0.4051513671875 0.1729736328125 -0.28936767578125
-0.444183349609375 0.249237060546875 0.36407470703125 -0.20684814453125
-0.4647216796875 0.336090087890625 -0.245651245117188 -0.00588989257812495
-0.2611083984375 0.46722412109375 -0.161285400390625 0.094482421875
-0.00238037109374998 0.48748779296875 -0.0432052612304688 0.0968399047851563
0.2686767578125 0.336883544921875 -0.00407409667968748 0.0464706420898438
0.3707275390625 0.107147216796875 -0.0371017456054687 0.0580673217773438
0.37530517578125 -0.142730712890625 -0.0252265930175781 0.0525131225585938
0.277969360351563 -0.261184692382813 -0.0158271789550781 0.0614967346191406
0.264389038085938 -0.237075805664063 -0.0335922241210937 0.085052490234375
0.311798095703125 -0.259368896484375 -0.073516845703125 0.103790283203125
0.382720947265625 -0.135009765625 -0.116416931152344 0.04876708984375
0.3953857421875 0.109130859375 -0.182037353515625 -0.013275146484375
0.288421630859375 0.3074951171875 -0.143142700195312 -0.125
-0.067626953125 0.472686767578125 -0.026824951171875 -0.242584228515625
-0.337249755859375 0.4549560546875 0.105789184570312 -0.194366455078125
-0.449981689453125 0.3062744140625 0.198562622070312 -0.134918212890625
-0.36834716796875 0.34893798828125 -0.374053955078125 0.0690612792968751
-0.175384521484375 0.42529296875 -0.210739135742187 0.162109375
0.035125732421875 0.405792236328125 -0.0539474487304687 0.0998153686523438
0.235061645507813 0.26727294921875 -0.0624160766601562 0.0290603637695313
0.30828857421875 0.078948974609375 -0.119140625 0.0704193115234375
0.31549072265625 -0.116729736328125 -0.113983154296875 0.122039794921875
0.23822021484375 -0.207534790039063 -0.0853118896484375 0.166946411132812
0.224990844726562 -0.190673828125 -0.082550048828125 0.1947021484375
0.27020263671875 -0.207870483398437 -0.133529663085938 0.207183837890625
0.31842041015625 -0.09783935546875 -0.204437255859375 0.126632690429688
0.322113037109375 0.101806640625 -0.254364013671875 0.0253448486328125
0.233413696289062 0.254364013671875 -0.191009521484375 -0.109024047851562
-0.0565185546875 0.395660400390625 -0.0577392578125 -0.193023681640625
-0.2740478515625 0.40142822265625 0.0405731201171875 -0.0848617553710937
-0.378875732421875 0.29888916015625 0.0308876037597656 -0.0518341064453125
-0.222412109375 0.310028076171875 -0.473724365234375 0.141815185546875
-0.06787109375 0.3232421875 -0.246917724609375 0.216781616210938
0.070220947265625 0.262954711914063 -0.0600967407226562 0.105712890625
0.166275024414063 0.151275634765625 -0.104110717773437 0.0231781005859375
0.196075439453125 0.0342864990234375 -0.1695556640625 0.0792236328125
0.203689575195312 -0.0771636962890625 -0.173583984375 0.171615600585938
0.15960693359375 -0.122146606445313 -0.136199951171875 0.245162963867187
0.1522216796875 -0.116729736328125 -0.118911743164063 0.273757934570313
0.187271118164063 -0.12249755859375 -0.1785888671875 0.2789306640625
0.206405639648438 -0.038421630859375 -0.268508911132813 0.180068969726562
0.190444946289063 0.08807373046875 -0.29266357421875 0.045257568359375
0.126007080078125 0.163467407226562 -0.20855712890625 -0.0976715087890624
-0.0508575439453125 0.238922119140625 -0.065673828125 -0.141448974609375
-0.170822143554688 0.26422119140625 -0.00786590576171876 0.00862979888916017
-0.243270874023438 0.233612060546875 -0.10955810546875 0.0201950073242188
-0.0487213134765625 0.23004150390625 -0.53314208984375 0.205322265625
0.039276123046875 0.185989379882812 -0.268386840820313 0.26275634765625
0.098388671875 0.0961151123046875 -0.0578842163085937 0.121910095214844
0.083587646484375 0.0193710327148438 -0.116973876953125 0.0324630737304687
0.0627517700195313 -0.0164642333984375 -0.177291870117188 0.082977294921875
0.0623741149902344 -0.0281791687011719 -0.194854736328125 0.193939208984375
0.0577316284179688 -0.0205955505371094 -0.159332275390625 0.284271240234375
0.0567893981933594 -0.0247230529785156 -0.136993408203125 0.31280517578125
0.0792007446289063 -0.0209274291992188 -0.203125 0.30615234375
0.06683349609375 0.0264816284179688 -0.30157470703125 0.197296142578125
0.0369529724121094 0.0638236999511719 -0.297210693359375 0.042816162109375
0.00643157958984375 0.0528640747070313 -0.198776245117188 -0.095184326171875
-0.0327224731445313 0.0541152954101563 -0.0539016723632812 -0.101882934570313
-0.0384750366210937 0.0929031372070313 -0.0342826843261719 0.0637168884277344
-0.0660247802734375 0.135009765625 -0.198867797851563 0.06939697265625
-0.133857727050781 -0.02862548828125 0.187484741210938 -0.154327392578125
-0.112480163574219 0.09765625 0.0277633666992187 -0.0861129760742188
0.0159378051757813 0.13031005859375 0.0128860473632813 0.0913925170898438
0.105064392089844 0.0532302856445312 0.175460815429688 0.110565185546875
0.104667663574219 -0.0131988525390625 0.258544921875 -0.014190673828125
0.0608139038085938 -0.0752639770507813 0.263885498046875 -0.204208374023438
0.0311279296875 -0.102088928222656 0.18511962890625 -0.314239501953125
0.0380935668945313 -0.0802688598632813 0.121185302734375 -0.30377197265625
0.049652099609375 -0.078643798828125 0.13690185546875 -0.270065307617188
0.0852737426757812 -0.03033447265625 0.19024658203125 -0.190948486328125
0.0728759765625 0.039520263671875 0.143692016601562 -0.103317260742188
0.00814056396484376 0.0874786376953125 0.0905609130859375 -0.06903076171875
-0.0826339721679687 0.052154541015625 0.10736083984375 -0.172500610351563
-0.1240234375 -0.0402603149414063 0.248291015625 -0.314239501953125
-0.0806121826171875 -0.106475830078125 0.5806884765625 -0.2186279296875
-0.300750732421875 0.092864990234375 0.138092041015625 -0.147491455078125
-0.205184936523438 0.242843627929688 0.00598907470703123 -0.0728607177734375
-0.00875854492187502 0.28436279296875 -0.00299072265625001 0.083892822265625
0.174575805664063 0.172134399414063 0.143875122070313 0.101852416992188
0.221237182617188 0.0314483642578125 0.211349487304687 0.0087890625
0.191131591796875 -0.12054443359375 0.227432250976562 -0.159774780273438
0.129287719726563 -0.192672729492188 0.164276123046875 -0.259994506835938
0.130996704101563 -0.164657592773438 0.101760864257813 -0.250274658203125
0.158706665039063 -0.171920776367187 0.10797119140625 -0.217544555664062
0.215438842773438 -0.0813140869140625 0.148193359375 -0.164382934570313
0.205734252929687 0.07000732421875 0.0882492065429688 -0.098388671875
0.104766845703125 0.181900024414062 0.0498504638671875 -0.090728759765625
-0.0989227294921875 0.205718994140625 0.083587646484375 -0.213241577148438
-0.22650146484375 0.124114990234375 0.238128662109375 -0.337921142578125
-0.234619140625 0.0222778320312499 0.557464599609375 -0.250579833984375
-0.421630859375 0.20208740234375 0.03973388671875 -0.116401672363281
-0.26800537109375 0.36260986328125 -0.03729248046875 -0.033447265625
-0.023345947265625 0.4066162109375 -0.0139923095703125 0.0850067138671875
0.22900390625 0.27044677734375 0.106391906738281 0.0864181518554688
0.31329345703125 0.07086181640625 0.145645141601563 0.0261383056640625
0.296875 -0.1483154296875 0.164108276367188 -0.099884033203125
0.208877563476563 -0.256484985351563 0.120574951171875 -0.173492431640625
0.204559326171875 -0.22442626953125 0.067291259765625 -0.157577514648438
0.243484497070313 -0.242034912109375 0.0598602294921875 -0.128425598144531
0.316436767578125 -0.12615966796875 0.0771026611328125 -0.112098693847656
0.3194580078125 0.087493896484375 0.00838470458984377 -0.0815582275390625
0.201309204101563 0.255523681640625 -0.00782775878906248 -0.111648559570312
-0.094207763671875 0.3475341796875 0.048614501953125 -0.247421264648438
-0.2998046875 0.288787841796875 0.208526611328125 -0.33245849609375
-0.360626220703125 0.15478515625 0.4783935546875 -0.248565673828125
-0.47320556640625 0.2919921875 -0.0899200439453125 -0.0635528564453125
-0.28125 0.443817138671875 -0.0915145874023438 0.027008056640625
-0.014801025390625 0.4808349609375 -0.0243682861328125 0.0889511108398438
0.266815185546875 0.3275146484375 0.059356689453125 0.0651130676269531
0.36798095703125 0.0924072265625 0.0618743896484375 0.0411376953125
0.35980224609375 -0.160797119140625 0.0783615112304688 -0.0267562866210938
0.25628662109375 -0.282928466796875 0.059417724609375 -0.0619354248046875
0.246994018554687 -0.252227783203125 0.0231399536132813 -0.0422134399414063
0.29180908203125 -0.27716064453125 0.00118541717529299 -0.015345573425293
0.373199462890625 -0.15118408203125 -0.0121536254882812 -0.0368614196777344
0.3905029296875 0.094024658203125 -0.0841903686523437 -0.0482177734375
0.2747802734375 0.298858642578125 -0.076385498046875 -0.11907958984375
-0.07342529296875 0.451019287109375 0.00630187988281249 -0.254898071289063
-0.333984375 0.4151611328125 0.157989501953125 -0.281951904296875
-0.433135986328125 0.260498046875 0.348419189453125 -0.206085205078125
-0.451385498046875 0.34307861328125 -0.229019165039063 0.00631713867187506
-0.243743896484375 0.46685791015625 -0.146270751953125 0.0982666015625001
0.012054443359375 0.48345947265625 -0.0335845947265625 0.094573974609375
0.27581787109375 0.326080322265625 0.00184631347656252 0.0441398620605469
0.369171142578125 0.093017578125 -0.0286712646484375 0.0562782287597656
0.366668701171875 -0.1534423828125 -0.0165519714355468 0.050445556640625
0.264312744140625 -0.269073486328125 -0.0104331970214844 0.0567092895507812
0.251739501953125 -0.241928100585938 -0.0260543823242187 0.0804977416992187
0.29840087890625 -0.268585205078125 -0.0608901977539062 0.102836608886719
0.373321533203125 -0.14801025390625 -0.105560302734375 0.0516738891601563
0.39617919921875 0.094329833984375 -0.174468994140625 -0.00251770019531252
0.293548583984375 0.294952392578125 -0.141754150390625 -0.1103515625
-0.054840087890625 0.472015380859375 -0.035858154296875 -0.22930908203125
-0.32135009765625 0.461944580078125 0.096588134765625 -0.186996459960938
-0.4410400390625 0.313507080078125 0.186111450195312 -0.130447387695312
-0.358917236328125 0.348968505859375 -0.35748291015625 0.084686279296875
-0.165557861328125 0.423980712890625 -0.194229125976562 0.16748046875
0.044647216796875 0.40460205078125 -0.0442657470703125 0.0986328125
0.240753173828125 0.262420654296875 -0.0562324523925781 0.0292587280273438
0.30792236328125 0.070159912109375 -0.108932495117188 0.071746826171875
0.311492919921875 -0.12628173828125 -0.101814270019531 0.121528625488281
0.229629516601563 -0.214263916015625 -0.075653076171875 0.163375854492187
0.21710205078125 -0.195755004882812 -0.0712432861328125 0.189056396484375
0.259658813476563 -0.215576171875 -0.116348266601562 0.206573486328125
0.31439208984375 -0.1082763671875 -0.189071655273437 0.131103515625
0.32489013671875 0.0924072265625 -0.243804931640625 0.0365600585937501
0.238113403320313 0.247940063476563 -0.1881103515625 -0.09442138671875
-0.04931640625 0.396026611328125 -0.0625152587890625 -0.18011474609375
-0.2645263671875 0.404541015625 0.0353622436523437 -0.0778121948242187
-0.372283935546875 0.300323486328125 0.0216903686523437 -0.045166015625
-0.218505859375 0.303985595703125 -0.45697021484375 0.15936279296875
-0.066741943359375 0.318389892578125 -0.231430053710937 0.224899291992188
0.0712127685546875 0.263442993164063 -0.0507965087890625 0.105560302734375
0.167984008789063 0.153228759765625 -0.0975875854492187 0.0254974365234375
0.197235107421875 0.031890869140625 -0.15960693359375 0.0820159912109375
0.204238891601563 -0.0825653076171875 -0.160873413085938 0.172821044921875
0.158767700195313 -0.127609252929688 -0.124526977539062 0.243408203125
0.14996337890625 -0.12066650390625 -0.10516357421875 0.268890380859375
0.184539794921875 -0.129241943359375 -0.16015625 0.27716064453125
0.208206176757813 -0.045074462890625 -0.250503540039063 0.186508178710938
0.196517944335938 0.084136962890625 -0.28167724609375 0.057373046875
0.129165649414063 0.163238525390625 -0.204849243164063 -0.08380126953125
-0.049591064453125 0.242645263671875 -0.0680007934570313 -0.130966186523437
-0.167694091796875 0.265609741210938 -0.0108556747436524 0.0125875473022461
-0.2413330078125 0.230300903320312 -0.117156982421875 0.028167724609375
-0.0482940673828125 0.218276977539063 -0.51739501953125 0.21893310546875
0.0334930419921875 0.177871704101562 -0.252838134765625 0.269393920898438
0.0914382934570313 0.0963363647460938 -0.0495071411132812 0.121620178222656
0.0810317993164063 0.0260238647460938 -0.11138916015625 0.0349197387695313
0.0637550354003906 -0.0124931335449219 -0.169387817382813 0.0847015380859375
0.0686111450195313 -0.0287742614746094 -0.183029174804688 0.195663452148437
0.0632553100585938 -0.0242958068847656 -0.147308349609375 0.283416748046875
0.0598716735839844 -0.0275115966796875 -0.123199462890625 0.308013916015625
0.0823822021484375 -0.0246505737304688 -0.185150146484375 0.306243896484375
0.0742340087890625 0.022735595703125 -0.283477783203125 0.205169677734375
0.0452880859375 0.0659027099609375 -0.286468505859375 0.0540771484375
0.00958251953125001 0.0584068298339844 -0.196884155273438 -0.083282470703125
-0.0370101928710938 0.0603866577148438 -0.0555648803710938 -0.0942230224609375
-0.0440139770507812 0.0928726196289063 -0.03656005859375 0.0666084289550781
-0.0700759887695312 0.12701416015625 -0.206253051757813 0.077667236328125
-0.124114990234375 -0.0226669311523438 0.19842529296875 -0.158905029296875
-0.100791931152344 0.0964889526367188 0.0335159301757812 -0.089569091796875
0.0199432373046875 0.12164306640625 0.0150299072265625 0.0858306884765625
0.100616455078125 0.0447616577148437 0.1751708984375 0.104522705078125
0.0985794067382813 -0.0167388916015625 0.25433349609375 -0.01837158203125
0.053863525390625 -0.0740203857421875 0.256683349609375 -0.206024169921875
0.0237045288085938 -0.0990219116210937 0.17822265625 -0.31427001953125
0.030242919921875 -0.0784072875976563 0.1170654296875 -0.30218505859375
0.0407028198242187 -0.0780029296875 0.133377075195313 -0.269851684570313
0.0776748657226563 -0.0342941284179688 0.18634033203125 -0.192306518554688
0.07000732421875 0.0328254699707031 0.141632080078125 -0.103103637695313
0.0111770629882813 0.0817413330078125 0.08917236328125 -0.06805419921875
-0.0751724243164062 0.0511016845703125 0.100006103515625 -0.17279052734375
-0.117576599121094 -0.033721923828125 0.241485595703125 -0.315338134765625
-0.0774917602539063 -0.0951995849609375 0.57708740234375 -0.2232666015625
-0.291015625 0.098480224609375 0.151763916015625 -0.149093627929688
-0.193450927734375 0.239959716796875 0.0127182006835937 -0.0749588012695312
-0.00288391113281249 0.276580810546875 0.000404357910156245 0.0792770385742188
0.17120361328125 0.16357421875 0.144866943359375 0.0965423583984375
0.214859008789063 0.026763916015625 0.210189819335938 0.0044403076171875
0.183425903320313 -0.120651245117188 0.224807739257812 -0.162429809570313
0.119720458984375 -0.19061279296875 0.160415649414063 -0.261978149414063
0.122940063476563 -0.163955688476563 0.0999298095703125 -0.250442504882813
0.148910522460938 -0.173263549804688 0.10736083984375 -0.217910766601562
0.208786010742187 -0.0875396728515625 0.146713256835938 -0.166473388671875
0.205612182617188 0.062042236328125 0.087677001953125 -0.0967788696289063
0.109786987304687 0.177490234375 0.0495071411132813 -0.0871353149414062
-0.0904083251953125 0.207672119140625 0.0769500732421875 -0.210845947265625
-0.21978759765625 0.1339111328125 0.232177734375 -0.3369140625
-0.234359741210937 0.032989501953125 0.5540771484375 -0.2523193359375
-0.4134521484375 0.20794677734375 0.0537948608398437 -0.115798950195312
-0.25640869140625 0.360076904296875 -0.0290069580078125 -0.0343856811523437
-0.016998291015625 0.40191650390625 -0.0106658935546875 0.0802764892578125
0.227767944335938 0.263961791992187 0.108512878417969 0.0822067260742188
0.308258056640625 0.06451416015625 0.1473388671875 0.0221405029296875
0.289825439453125 -0.150970458984375 0.164306640625 -0.103179931640625
0.199951171875 -0.2564697265625 0.118820190429688 -0.175994873046875
0.196563720703125 -0.225601196289063 0.06854248046875 -0.15911865234375
0.23455810546875 -0.245758056640625 0.0627670288085938 -0.129730224609375
0.31036376953125 -0.13323974609375 0.0785903930664063 -0.113792419433594
0.319915771484375 0.079345703125 0.00966644287109377 -0.0777130126953125
0.206222534179687 0.251861572265625 -0.00775909423828123 -0.106094360351562
-0.086029052734375 0.352020263671875 0.0430450439453125 -0.241287231445312
-0.2933349609375 0.298675537109375 0.20220947265625 -0.328521728515625
-0.360504150390625 0.16326904296875 0.473541259765625 -0.247283935546875
-0.468292236328125 0.2967529296875 -0.0759506225585938 -0.0599594116210937
-0.272857666015625 0.44189453125 -0.0817413330078125 0.02728271484375
-0.00656127929687498 0.478363037109375 -0.0188369750976563 0.0852127075195313
0.26953125 0.32318115234375 0.0628280639648438 0.061676025390625
0.36590576171875 0.087066650390625 0.0662727355957032 0.0379142761230469
0.355133056640625 -0.16546630859375 0.0817642211914063 -0.0305252075195313
0.2479248046875 -0.28564453125 0.060302734375 -0.065643310546875
0.24005126953125 -0.254730224609375 0.0255012512207031 -0.0448265075683594
0.2840576171875 -0.2818603515625 0.00781154632568361 -0.0174951553344727
0.368804931640625 -0.160491943359375 -0.00712585449218748 -0.0381317138671875
0.392608642578125 0.086944580078125 -0.08099365234375 -0.04278564453125
0.279266357421875 0.295501708984375 -0.075653076171875 -0.110885620117187
-0.067840576171875 0.45404052734375 0.00152587890624999 -0.246795654296875
-0.329071044921875 0.424530029296875 0.152877807617187 -0.275405883789062
-0.434783935546875 0.267425537109375 0.34234619140625 -0.202880859375
-0.448577880859375 0.34576416015625 -0.216140747070313 0.0130615234375001
-0.239288330078125 0.466522216796875 -0.136665344238281 0.0997238159179688
0.01763916015625 0.483612060546875 -0.0283584594726562 0.0919723510742188
0.279998779296875 0.325103759765625 0.00614166259765627 0.0421104431152344
0.36865234375 0.08831787109375 -0.023284912109375 0.0543632507324219
0.36419677734375 -0.15985107421875 -0.00956344604492185 0.0481681823730469
0.25933837890625 -0.2725830078125 -0.00682067871093749 0.0523147583007812
0.246994018554687 -0.245010375976562 -0.020751953125 0.0762100219726562
0.292266845703125 -0.2735595703125 -0.0516510009765625 0.100753784179687
0.370147705078125 -0.154998779296875 -0.09832763671875 0.05078125
0.399261474609375 0.088409423828125 -0.169891357421875 0.00325012207031251
0.296783447265625 0.294403076171875 -0.139419555664062 -0.101486206054687
-0.051666259765625 0.47772216796875 -0.0377197265625 -0.220184326171875
-0.3177490234375 0.467926025390625 0.0920257568359375 -0.180755615234375
-0.440673828125 0.31512451171875 0.180328369140625 -0.124359130859375
-0.36212158203125 0.3475341796875 -0.34637451171875 0.09228515625
-0.16729736328125 0.4234619140625 -0.185333251953125 0.171524047851563
0.04742431640625 0.40936279296875 -0.0387496948242188 0.0974960327148438
0.245269775390625 0.265121459960937 -0.05157470703125 0.0286407470703125
0.31048583984375 0.067901611328125 -0.102828979492187 0.0712432861328125
0.312835693359375 -0.13189697265625 -0.0944671630859375 0.12017822265625
0.227279663085938 -0.219970703125 -0.07012939453125 0.160690307617188
0.21600341796875 -0.199493408203125 -0.064849853515625 0.184463500976563
0.257827758789063 -0.22100830078125 -0.1060791015625 0.203872680664063
0.31512451171875 -0.114501953125 -0.180007934570312 0.132553100585938
0.329437255859375 0.08892822265625 -0.238082885742187 0.0434570312500001
0.240127563476563 0.249099731445313 -0.184967041015625 -0.0864105224609375
-0.048370361328125 0.400634765625 -0.063232421875 -0.171585083007812
-0.2625732421875 0.408538818359375 0.0329742431640625 -0.072265625
-0.374969482421875 0.299224853515625 0.0145606994628906 -0.0381698608398437
-0.222869873046875 0.299530029296875 -0.450286865234375 0.166290283203125
-0.072479248046875 0.316009521484375 -0.223342895507812 0.229827880859375
0.069915771484375 0.268875122070313 -0.0461044311523437 0.105155944824219
0.170974731445313 0.1588134765625 -0.09405517578125 0.0251388549804688
0.199920654296875 0.0331268310546875 -0.154586791992188 0.081878662109375
0.208587646484375 -0.0867767333984375 -0.153884887695312 0.172149658203125
0.160552978515625 -0.133193969726563 -0.11883544921875 0.24188232421875
0.15228271484375 -0.12371826171875 -0.0987548828125 0.264755249023438
0.185470581054688 -0.133941650390625 -0.149383544921875 0.276168823242188
0.211593627929688 -0.0500946044921875 -0.240325927734375 0.18841552734375
0.2030029296875 0.083526611328125 -0.275192260742187 0.0623626708984375
0.132217407226563 0.16650390625 -0.202529907226562 -0.0765228271484375
-0.0512847900390625 0.247909545898437 -0.0672149658203125 -0.123687744140625
-0.170852661132813 0.267807006835937 -0.0126962661743164 0.0173692703247071
-0.2464599609375 0.225234985351563 -0.125099182128906 0.035247802734375
-0.053924560546875 0.210693359375 -0.5140380859375 0.227325439453125
0.0252227783203125 0.174606323242188 -0.246932983398437 0.274169921875
0.0862655639648438 0.0994338989257813 -0.044891357421875 0.121208190917969
0.0811996459960938 0.03277587890625 -0.108016967773438 0.0349807739257812
0.0660629272460938 -0.008026123046875 -0.166305541992188 0.0846405029296875
0.0742874145507813 -0.0304489135742188 -0.178237915039063 0.195556640625
0.0684585571289063 -0.0285453796386719 -0.143310546875 0.282135009765625
0.0650863647460938 -0.0294761657714844 -0.11773681640625 0.304351806640625
0.0867462158203125 -0.0285491943359375 -0.17657470703125 0.3052978515625
0.0813446044921875 0.0196990966796875 -0.273223876953125 0.208724975585937
0.0528717041015625 0.06756591796875 -0.28143310546875 0.0595703125
0.0121231079101562 0.0638771057128906 -0.194961547851563 -0.076812744140625
-0.04083251953125 0.0667190551757813 -0.0551986694335938 -0.0891342163085938
-0.0507888793945313 0.0946731567382813 -0.0396881103515625 0.0689048767089844
-0.0769882202148438 0.121284484863281 -0.215774536132813 0.0837554931640625
-0.118400573730469 -0.0200881958007812 0.213424682617188 -0.166763305664063
-0.0929183959960938 0.0963287353515625 0.0400466918945312 -0.09478759765625
0.0231170654296875 0.116806030273438 0.0171127319335938 0.0829315185546875
0.0979156494140625 0.0385055541992188 0.17828369140625 0.101318359375
0.0953521728515625 -0.0203323364257813 0.256515502929688 -0.0223388671875
0.0495223999023438 -0.0742721557617188 0.256423950195313 -0.21148681640625
0.0176849365234375 -0.0971908569335938 0.1771240234375 -0.32232666015625
0.0245895385742188 -0.0771942138671875 0.11627197265625 -0.30743408203125
0.0334548950195313 -0.0777816772460937 0.133285522460938 -0.274810791015625
0.0733795166015625 -0.0376052856445313 0.187515258789063 -0.19805908203125
0.0683479309082031 0.0279884338378906 0.143218994140625 -0.105361938476562
0.013916015625 0.0782089233398438 0.0905990600585938 -0.0685348510742188
-0.0698318481445313 0.0502281188964844 0.09625244140625 -0.176681518554688
-0.1141357421875 -0.0296554565429688 0.242431640625 -0.32135009765625
-0.0755691528320312 -0.0873641967773438 0.5882568359375 -0.2308349609375
-0.290069580078125 0.10382080078125 0.166854858398438 -0.154754638671875
-0.186813354492188 0.24249267578125 0.0200576782226562 -0.0787582397460937
0.00172424316406247 0.276046752929688 0.00213623046875001 0.0760116577148438
0.17156982421875 0.1605224609375 0.147415161132813 0.0932769775390625
0.214706420898437 0.02325439453125 0.213882446289063 0.001007080078125
0.181198120117188 -0.1231689453125 0.225997924804687 -0.168502807617188
0.115081787109375 -0.192474365234375 0.16009521484375 -0.270004272460938
0.119049072265625 -0.16717529296875 0.101913452148438 -0.255325317382813
0.143630981445312 -0.178466796875 0.11016845703125 -0.223220825195313
0.206985473632813 -0.0954132080078125 0.1488037109375 -0.172164916992188
0.209259033203125 0.056365966796875 0.0897293090820313 -0.0971527099609375
0.115859985351563 0.178024291992188 0.051513671875 -0.0860671997070312
-0.0861053466796875 0.213882446289063 0.0729827880859375 -0.213043212890625
-0.218643188476562 0.144744873046875 0.232818603515625 -0.341705322265625
-0.23626708984375 0.0430450439453125 0.56573486328125 -0.25762939453125
-0.41778564453125 0.214874267578125 0.0680084228515625 -0.118019104003906
-0.25244140625 0.365020751953125 -0.0212974548339844 -0.0369873046875
-0.01068115234375 0.4063720703125 -0.00771331787109376 0.0779800415039063
0.2332763671875 0.262542724609375 0.11279296875 0.07940673828125
0.31134033203125 0.062652587890625 0.1514892578125 0.0192718505859375
0.29107666015625 -0.1573486328125 0.16741943359375 -0.108612060546875
0.1966552734375 -0.2620849609375 0.120498657226563 -0.182785034179688
0.194122314453125 -0.231338500976563 0.07061767578125 -0.164382934570313
0.231430053710938 -0.254196166992188 0.0675888061523438 -0.133949279785156
0.312469482421875 -0.1427001953125 0.0810012817382813 -0.118507385253906
0.32855224609375 0.074371337890625 0.0114974975585938 -0.0759124755859375
0.21563720703125 0.254425048828125 -0.00660705566406249 -0.102325439453125
-0.081085205078125 0.3623046875 0.0396270751953125 -0.241668701171875
-0.294830322265625 0.314208984375 0.203369140625 -0.330841064453125
-0.368133544921875 0.175201416015625 0.482086181640625 -0.251251220703125
-0.474822998046875 0.305572509765625 -0.0635185241699219 -0.0587348937988281
-0.27191162109375 0.450225830078125 -0.0755157470703125 0.0272293090820313
-0.00112915039062495 0.487640380859375 -0.0154647827148438 0.084442138671875
0.278778076171875 0.327056884765625 0.0675277709960938 0.0592269897460938
0.3724365234375 0.0848388671875 0.0706558227539063 0.0351638793945313
0.35882568359375 -0.173858642578125 0.0870437622070313 -0.0347747802734375
0.24609375 -0.2923583984375 0.0629119873046875 -0.0709609985351563
0.240280151367188 -0.26171875 0.0295906066894531 -0.0496826171875
0.283477783203125 -0.29290771484375 0.0137004852294922 -0.0203285217285156
0.373291015625 -0.170928955078125 -0.00471115112304686 -0.0395469665527344
0.404449462890625 0.08258056640625 -0.0803298950195312 -0.039581298828125
0.289581298828125 0.3006591796875 -0.0747833251953125 -0.106948852539062
-0.063568115234375 0.469146728515625 -0.00170898437499998 -0.24462890625
-0.33135986328125 0.4410400390625 0.152297973632812 -0.275619506835937
-0.4451904296875 0.276519775390625 0.346282958984375 -0.20281982421875
-0.45831298828125 0.355255126953125 -0.2088623046875 0.0174255371093751
-0.242919921875 0.475921630859375 -0.130859375 0.10369873046875
0.023284912109375 0.49853515625 -0.02508544921875 0.0919189453125
0.290802001953125 0.332122802734375 0.00933456420898439 0.0407676696777344
0.3780517578125 0.087127685546875 -0.0190696716308594 0.0532760620117188
0.3714599609375 -0.169097900390625 -0.00538635253906248 0.04620361328125
0.26055908203125 -0.2823486328125 -0.00371170043945311 0.0501670837402344
0.250198364257813 -0.2537841796875 -0.0163421630859375 0.0742721557617187
0.29412841796875 -0.284393310546875 -0.04510498046875 0.100021362304687
0.377044677734375 -0.164947509765625 -0.0950927734375 0.0512924194335938
0.412811279296875 0.085968017578125 -0.168289184570313 0.00840759277343748
0.306304931640625 0.30059814453125 -0.140312194824219 -0.0973129272460938
-0.05035400390625 0.4920654296875 -0.040008544921875 -0.216903686523437
-0.32208251953125 0.484619140625 0.0919342041015625 -0.178359985351562
-0.453155517578125 0.323089599609375 0.178131103515625 -0.121414184570312
-0.37310791015625 0.35516357421875 -0.345123291015625 0.100006103515625
-0.173797607421875 0.4326171875 -0.181320190429688 0.178085327148438
0.05157470703125 0.423004150390625 -0.0351333618164063 0.0990066528320313
0.255966186523438 0.274093627929688 -0.04913330078125 0.0286979675292969
0.32037353515625 0.068206787109375 -0.100486755371094 0.0710601806640625
0.320648193359375 -0.140960693359375 -0.09063720703125 0.121101379394531
0.232315063476563 -0.229721069335938 -0.0676116943359375 0.16192626953125
0.220474243164062 -0.207183837890625 -0.0604705810546875 0.18548583984375
0.261398315429688 -0.230667114257813 -0.100128173828125 0.205902099609375
0.322723388671875 -0.12322998046875 -0.176345825195312 0.134963989257813
0.34234619140625 0.087921142578125 -0.237548828125 0.048583984375
0.248199462890625 0.254898071289063 -0.185836791992187 -0.08087158203125
-0.048248291015625 0.415008544921875 -0.063934326171875 -0.168258666992187
-0.26812744140625 0.42230224609375 0.0323143005371094 -0.0684051513671875
-0.387725830078125 0.303558349609375 0.00852775573730466 -0.0326709747314453
-0.233642578125 0.303497314453125 -0.454498291015625 0.176513671875
-0.08062744140625 0.32354736328125 -0.221908569335938 0.238723754882813
0.070159912109375 0.2796630859375 -0.0433578491210938 0.107864379882813
0.1785888671875 0.168197631835938 -0.0927352905273437 0.0262603759765625
0.207611083984375 0.0360565185546875 -0.153472900390625 0.0824737548828125
0.217758178710937 -0.0924530029296875 -0.150802612304687 0.17510986328125
0.165237426757813 -0.14215087890625 -0.117568969726562 0.24554443359375
0.158157348632812 -0.129074096679688 -0.0961151123046875 0.266815185546875
0.190505981445312 -0.14190673828125 -0.14398193359375 0.279632568359375
0.219558715820312 -0.056396484375 -0.236923217773438 0.192352294921875
0.2135009765625 0.0852508544921875 -0.276214599609375 0.068939208984375
0.137237548828125 0.17376708984375 -0.203414916992188 -0.072265625
-0.0538177490234375 0.259002685546875 -0.0682907104492188 -0.120384216308594
-0.176925659179688 0.276763916015625 -0.0152053833007813 0.0220623016357422
-0.258880615234375 0.226333618164062 -0.135612487792969 0.042724609375
-0.061798095703125 0.2099609375 -0.52264404296875 0.2376708984375
0.0169830322265625 0.176559448242188 -0.24810791015625 0.283447265625
0.0830459594726563 0.105316162109375 -0.0429763793945313 0.125228881835938
0.0837631225585938 0.04046630859375 -0.107925415039062 0.0362548828125
0.0706100463867188 -0.00501251220703125 -0.166671752929688 0.0863800048828125
0.0816192626953125 -0.0328521728515625 -0.1788330078125 0.199005126953125
0.0742263793945312 -0.033905029296875 -0.1419677734375 0.288543701171875
0.0703277587890625 -0.032867431640625 -0.11669921875 0.308380126953125
0.0919036865234375 -0.0331878662109375 -0.173126220703125 0.31060791015625
0.0889129638671875 0.0171432495117188 -0.271316528320313 0.215255737304688
0.061187744140625 0.0705337524414063 -0.282623291015625 0.065338134765625
0.0147933959960938 0.0700721740722656 -0.196945190429688 -0.0733795166015625
-0.0451736450195312 0.074310302734375 -0.0562973022460937 -0.0865554809570313
-0.05718994140625 0.09814453125 -0.0437088012695312 0.0739364624023438
-0.086212158203125 0.118705749511719 -0.229873657226562 0.09228515625
-0.115234375 -0.0167236328125 0.22900390625 -0.183502197265625
-0.0842056274414062 0.098297119140625 0.0451278686523438 -0.103530883789063
0.0279922485351563 0.114212036132813 0.0202178955078125 0.0805282592773438
0.0965423583984375 0.0324783325195313 0.185455322265625 0.0955657958984375
0.093048095703125 -0.0253219604492188 0.262680053710937 -0.030670166015625
0.0457534790039063 -0.076446533203125 0.256622314453125 -0.22613525390625
0.0116119384765625 -0.097381591796875 0.172271728515625 -0.337738037109375
0.0182952880859375 -0.0786819458007813 0.11260986328125 -0.32086181640625
0.0266647338867187 -0.080291748046875 0.131378173828125 -0.286834716796875
0.0688972473144531 -0.0427436828613281 0.186782836914063 -0.21099853515625
0.06854248046875 0.0225181579589844 0.145523071289063 -0.111358642578125
0.0179367065429688 0.0764694213867188 0.0922622680664063 -0.0734481811523438
-0.0657157897949219 0.0512237548828125 0.0909881591796875 -0.18438720703125
-0.113014221191406 -0.02313232421875 0.240875244140625 -0.33935546875
-0.0746536254882813 -0.080810546875 0.60479736328125 -0.25537109375
-0.29248046875 0.115875244140625 0.183609008789062 -0.1676025390625
-0.18023681640625 0.251785278320313 0.0260238647460937 -0.08477783203125
0.010101318359375 0.28070068359375 0.00539398193359374 0.075103759765625
0.178375244140625 0.158248901367188 0.15533447265625 0.089202880859375
0.218948364257813 0.016937255859375 0.220870971679688 -0.0074005126953125
0.181289672851563 -0.132431030273438 0.228591918945313 -0.181304931640625
0.110641479492188 -0.199935913085938 0.159027099609375 -0.284942626953125
0.11444091796875 -0.174606323242188 0.1004638671875 -0.268096923828125
0.138519287109375 -0.18865966796875 0.111404418945313 -0.234375
0.206802368164063 -0.10772705078125 0.1488037109375 -0.182144165039063
0.217254638671875 0.0481719970703125 0.0909652709960938 -0.101036071777344
0.128158569335938 0.17852783203125 0.0513687133789063 -0.0879364013671875
-0.07830810546875 0.224273681640625 0.06695556640625 -0.219451904296875
-0.217666625976563 0.162857055664063 0.231658935546875 -0.35736083984375
-0.241973876953125 0.0583190917968749 0.581787109375 -0.27911376953125
-0.423309326171875 0.2344970703125 0.0830841064453125 -0.12579345703125
-0.2469482421875 0.3829345703125 -0.0142288208007813 -0.0391197204589843
0.000732421875000044 0.418060302734375 -0.00417327880859376 0.0780715942382813
0.245925903320313 0.265823364257813 0.118820190429688 0.0753173828125
0.32208251953125 0.055877685546875 0.157745361328125 0.0128936767578125
0.294677734375 -0.170928955078125 0.171112060546875 -0.119491577148438
0.192718505859375 -0.275131225585938 0.120635986328125 -0.195236206054688
0.191848754882813 -0.24462890625 0.072113037109375 -0.174209594726563
0.227264404296875 -0.271102905273438 0.07086181640625 -0.141708374023438
0.315582275390625 -0.16094970703125 0.0815505981445313 -0.125663757324219
0.34295654296875 0.064453125 0.0113906860351563 -0.0775146484375
0.23333740234375 0.257766723632813 -0.00719451904296873 -0.102340698242187
-0.071044921875 0.382049560546875 0.0334320068359375 -0.246475219726562
-0.293243408203125 0.3406982421875 0.201446533203125 -0.343353271484375
-0.3779296875 0.1966552734375 0.494354248046875 -0.268035888671875
-0.486846923828125 0.330047607421875 -0.0528297424316407 -0.0583419799804687
-0.26873779296875 0.47174072265625 -0.0686187744140625 0.0299797058105469
0.013519287109375 0.5045166015625 -0.0111083984375 0.08563232421875
0.29766845703125 0.329833984375 0.0727005004882813 0.0564041137695313
0.387664794921875 0.07891845703125 0.0771331787109375 0.0325469970703125
0.366119384765625 -0.19122314453125 0.09173583984375 -0.0406265258789063
0.246612548828125 -0.311614990234375 0.065216064453125 -0.0788803100585938
0.24041748046875 -0.279739379882813 0.0323486328125 -0.0555458068847656
0.28155517578125 -0.313201904296875 0.0192527770996094 -0.0235137939453125
0.378570556640625 -0.1910400390625 -0.00288391113281247 -0.0433845520019531
0.424163818359375 0.0718994140625 -0.0806655883789062 -0.0354537963867187
0.312164306640625 0.303253173828125 -0.0767135620117187 -0.103950500488281
-0.0523681640625 0.493682861328125 -0.00823974609374999 -0.248062133789062
-0.328643798828125 0.4727783203125 0.151397705078125 -0.28326416015625
-0.45855712890625 0.300323486328125 0.352630615234375 -0.2127685546875
-0.470184326171875 0.38018798828125 -0.203201293945313 0.024688720703125
-0.242034912109375 0.499786376953125 -0.124275207519531 0.111495971679688
0.0416259765625 0.51776123046875 -0.0201950073242188 0.0949172973632813
0.313629150390625 0.33905029296875 0.0147590637207031 0.0394401550292969
0.395172119140625 0.0811767578125 -0.0154304504394531 0.0531044006347656
0.380828857421875 -0.188079833984375 -0.000450134277343725 0.044464111328125
0.260040283203125 -0.30157470703125 -0.000282287597656239 0.0489349365234375
0.252426147460938 -0.271682739257813 -0.01220703125 0.0723800659179688
0.2943115234375 -0.3065185546875 -0.0374298095703125 0.102249145507812
0.384979248046875 -0.18621826171875 -0.0932998657226562 0.0543670654296875
0.433685302734375 0.075836181640625 -0.170379638671875 0.0162353515625
0.32855224609375 0.30499267578125 -0.143524169921875 -0.0912017822265625
-0.03662109375 0.516754150390625 -0.0458221435546875 -0.215606689453125
-0.318603515625 0.5159912109375 0.0900726318359375 -0.180770874023437
-0.46771240234375 0.345458984375 0.17962646484375 -0.123458862304687
-0.38385009765625 0.37591552734375 -0.345947265625 0.11553955078125
-0.173614501953125 0.45391845703125 -0.176681518554688 0.192230224609375
0.06549072265625 0.44207763671875 -0.0302047729492188 0.103324890136719
0.278106689453125 0.282501220703125 -0.0474395751953125 0.0297317504882813
0.337188720703125 0.063690185546875 -0.0984878540039062 0.0738143920898438
0.331024169921875 -0.1585693359375 -0.0857467651367187 0.124267578125
0.23504638671875 -0.247146606445313 -0.063201904296875 0.166000366210937
0.223983764648438 -0.223236083984375 -0.0555267333984375 0.189117431640625
0.264739990234375 -0.251296997070313 -0.0927276611328125 0.212814331054688
0.331695556640625 -0.140594482421875 -0.1741943359375 0.143035888671875
0.36151123046875 0.0802001953125 -0.240859985351562 0.0595245361328125
0.266189575195313 0.26171875 -0.190444946289062 -0.073974609375
-0.0408935546875 0.437896728515625 -0.06805419921875 -0.166702270507812
-0.268463134765625 0.448760986328125 0.0311431884765625 -0.0662384033203125
-0.402496337890625 0.322296142578125 0.00269699096679685 -0.0267448425292969
-0.24334716796875 0.316619873046875 -0.462005615234375 0.19873046875
-0.084442138671875 0.338165283203125 -0.219650268554687 0.256866455078125
0.07843017578125 0.294342041015625 -0.039093017578125 0.113624572753906
0.194732666015625 0.17694091796875 -0.0928878784179687 0.02923583984375
0.219680786132813 0.0337677001953125 -0.15362548828125 0.087371826171875
0.22637939453125 -0.106155395507812 -0.148727416992188 0.18280029296875
0.170150756835938 -0.156204223632813 -0.112869262695312 0.255599975585938
0.162628173828125 -0.141952514648437 -0.090728759765625 0.276397705078125
0.195892333984375 -0.155303955078125 -0.137481689453125 0.290069580078125
0.23016357421875 -0.0682525634765625 -0.234817504882812 0.20574951171875
0.229080200195313 0.081634521484375 -0.280288696289063 0.0807342529296875
0.148422241210938 0.179779052734375 -0.21026611328125 -0.0643463134765625
-0.051483154296875 0.27593994140625 -0.0713043212890625 -0.118927001953125
-0.180572509765625 0.29388427734375 -0.016998291015625 0.02728271484375
-0.270401000976562 0.237335205078125 -0.14727783203125 0.0554962158203125
-0.0663604736328125 0.2144775390625 -0.535430908203125 0.261688232421875
0.0128631591796875 0.182693481445312 -0.248382568359375 0.304412841796875
0.085693359375 0.111602783203125 -0.0395355224609375 0.131538391113281
0.09051513671875 0.0467376708984375 -0.108795166015625 0.0402297973632813
0.07562255859375 -0.0027923583984375 -0.16937255859375 0.0922393798828125
0.0875015258789063 -0.0378646850585938 -0.176834106445313 0.210159301757813
0.0794906616210938 -0.0418853759765625 -0.13958740234375 0.302398681640625
0.0757369995117188 -0.0386428833007813 -0.111907958984375 0.319915771484375
0.0982208251953125 -0.0395965576171875 -0.16668701171875 0.324188232421875
0.0971145629882813 0.0117874145507813 -0.269973754882813 0.230194091796875
0.071502685546875 0.0720367431640625 -0.287261962890625 0.07830810546875
0.0194244384765625 0.0763626098632813 -0.204681396484375 -0.0672912597656249
-0.0479354858398437 0.0840988159179688 -0.0590438842773438 -0.0858230590820312
-0.0627059936523438 0.106033325195313 -0.0465850830078125 0.0806961059570312
-0.0954208374023438 0.1212158203125 -0.246292114257813 0.107635498046875
-0.111541748046875 -0.0107498168945312 0.237075805664063 -0.207901000976563
-0.0742721557617188 0.101707458496094 0.0473098754882813 -0.1131591796875
0.0357818603515625 0.1097412109375 0.024505615234375 0.0778732299804688
0.0957489013671875 0.02490234375 0.194015502929688 0.08538818359375
0.0900650024414062 -0.0324249267578125 0.266921997070313 -0.04742431640625
0.0387725830078125 -0.0788421630859375 0.248565673828125 -0.246688842773438
0.00358581542968749 -0.0972061157226563 0.158477783203125 -0.356781005859375
0.0107574462890625 -0.0790252685546875 0.099609375 -0.335205078125
0.0175552368164063 -0.0814971923828125 0.120758056640625 -0.30255126953125
0.0629806518554688 -0.0490913391113281 0.18017578125 -0.226333618164063
0.0687370300292969 0.0163078308105469 0.144149780273437 -0.122177124023438
0.0230560302734375 0.0742568969726563 0.0907211303710938 -0.080352783203125
-0.0611724853515625 0.0530509948730469 0.0796661376953125 -0.19403076171875
-0.111251831054688 -0.014739990234375 0.229888916015625 -0.361114501953125
-0.0743408203125 -0.0728073120117188 0.613525390625 -0.2957763671875
-0.289947509765625 0.13604736328125 0.194381713867188 -0.187408447265625
-0.1654052734375 0.265731811523437 0.030914306640625 -0.09228515625
0.026611328125 0.28240966796875 0.0109024047851562 0.0734710693359375
0.187973022460938 0.150848388671875 0.163925170898438 0.0799560546875
0.22265625 0.0047149658203125 0.226043701171875 -0.020721435546875
0.176483154296875 -0.144622802734375 0.223587036132812 -0.200241088867187
0.100357055664063 -0.209243774414063 0.1473388671875 -0.30352783203125
0.10418701171875 -0.184341430664063 0.09014892578125 -0.2825927734375
0.126495361328125 -0.20196533203125 0.104507446289063 -0.248245239257812
0.20257568359375 -0.12432861328125 0.143630981445313 -0.197525024414062
0.225967407226562 0.03460693359375 0.0896377563476563 -0.107620239257813
0.144287109375 0.175003051757813 0.050323486328125 -0.0925521850585937
-0.0644073486328125 0.236175537109375 0.055938720703125 -0.22686767578125
-0.210296630859375 0.18438720703125 0.220458984375 -0.37738037109375
-0.243621826171875 0.079833984375 0.58648681640625 -0.31854248046875
-0.421630859375 0.26507568359375 0.0938262939453125 -0.136543273925781
-0.2296142578125 0.404022216796875 -0.00814056396484377 -0.0416679382324218
0.02447509765625 0.426055908203125 0.00193023681640625 0.077178955078125
0.266738891601563 0.258224487304688 0.1275634765625 0.067901611328125
0.332550048828125 0.03900146484375 0.164657592773438 0.001861572265625
0.292388916015625 -0.193450927734375 0.170578002929688 -0.13470458984375
0.181549072265625 -0.29254150390625 0.11383056640625 -0.21002197265625
0.181854248046875 -0.262542724609375 0.066650390625 -0.186599731445313
0.214447021484375 -0.292816162109375 0.0696258544921875 -0.152420043945313
0.312530517578125 -0.18756103515625 0.0780715942382813 -0.135475158691406
0.35870361328125 0.042755126953125 0.00994873046875002 -0.0776290893554688
0.257522583007813 0.252655029296875 -0.00921630859374997 -0.102149963378906
-0.049072265625 0.4000244140625 0.020538330078125 -0.25189208984375
-0.279205322265625 0.37237548828125 0.18963623046875 -0.36065673828125
-0.37994384765625 0.225982666015625 0.496856689453125 -0.2996826171875
-0.484710693359375 0.367279052734375 -0.0434341430664063 -0.0596122741699219
-0.2493896484375 0.4998779296875 -0.0595207214355469 0.0332717895507813
0.044158935546875 0.517669677734375 -0.00359344482421875 0.0863800048828125
0.32757568359375 0.323883056640625 0.0793685913085938 0.0510330200195313
0.404541015625 0.057769775390625 0.0829391479492188 0.026031494140625
0.365478515625 -0.219451904296875 0.09466552734375 -0.05029296875
0.2353515625 -0.33367919921875 0.0639114379882813 -0.0887069702148438
0.230743408203125 -0.302703857421875 0.0333786010742188 -0.0631179809570313
0.269805908203125 -0.3406982421875 0.0237808227539063 -0.0288982391357422
0.378173828125 -0.2220458984375 -0.00382614135742185 -0.0454483032226563
0.443634033203125 0.0462646484375 -0.0815505981445312 -0.02911376953125
0.341094970703125 0.297760009765625 -0.0804824829101562 -0.098358154296875
-0.024627685546875 0.516357421875 -0.0206451416015625 -0.248764038085937
-0.310394287109375 0.510528564453125 0.14129638671875 -0.29425048828125
-0.4593505859375 0.336456298828125 0.352813720703125 -0.233734130859375
-0.468597412109375 0.41717529296875 -0.19561767578125 0.036224365234375
-0.222869873046875 0.52960205078125 -0.113449096679688 0.121902465820313
0.07269287109375 0.533660888671875 -0.01116943359375 0.0972976684570313
0.34771728515625 0.333526611328125 0.01904296875 0.0383720397949219
0.4139404296875 0.060211181640625 -0.00936126708984372 0.0526351928710938
0.384307861328125 -0.219390869140625 0.00545501708984377 0.0425643920898437
0.251312255859375 -0.32794189453125 0.00367355346679689 0.0465965270996094
0.2447509765625 -0.296844482421875 -0.00592041015624999 0.0709991455078125
0.28521728515625 -0.335662841796875 -0.0277938842773437 0.103042602539062
0.384765625 -0.21746826171875 -0.0893783569335937 0.0592498779296875
0.45574951171875 0.050262451171875 -0.171768188476563 0.0285186767578125
0.35858154296875 0.297821044921875 -0.147689819335937 -0.08148193359375
-0.00830078125000003 0.54095458984375 -0.0560150146484375 -0.215438842773437
-0.298919677734375 0.552459716796875 0.084564208984375 -0.184280395507812
-0.46942138671875 0.382232666015625 0.176712036132812 -0.130111694335937
-0.38330078125 0.40936279296875 -0.341796875 0.13922119140625
-0.15911865234375 0.4796142578125 -0.16448974609375 0.209518432617188
0.092559814453125 0.4569091796875 -0.0207366943359375 0.108177185058594
0.30889892578125 0.27972412109375 -0.0437850952148437 0.0320243835449219
0.355743408203125 0.047515869140625 -0.094268798828125 0.0791854858398438
0.335174560546875 -0.186553955078125 -0.07818603515625 0.130439758300781
0.228256225585937 -0.271942138671875 -0.053924560546875 0.17132568359375
0.220672607421875 -0.245269775390625 -0.0442352294921875 0.193115234375
0.258773803710938 -0.276931762695313 -0.0782470703125 0.220458984375
0.334991455078125 -0.168243408203125 -0.167465209960938 0.154922485351562
0.382293701171875 0.061248779296875 -0.240188598632812 0.0769805908203125
0.2913818359375 0.258392333984375 -0.19610595703125 -0.0614013671875
-0.01824951171875 0.458221435546875 -0.0756378173828125 -0.163772583007812
-0.254241943359375 0.479888916015625 0.0289840698242187 -0.0647621154785156
-0.4049072265625 0.3511962890625 -0.00222778320312503 -0.019744873046875
-0.242279052734375 0.33941650390625 -0.460357666015625 0.231597900390625
-0.07501220703125 0.356353759765625 -0.208084106445313 0.280487060546875
0.095947265625 0.305023193359375 -0.0298309326171875 0.120223999023438
0.215850830078125 0.177200317382813 -0.09100341796875 0.034393310546875
0.233978271484375 0.025238037109375 -0.15130615234375 0.0969390869140625
0.231643676757813 -0.125244140625 -0.139999389648438 0.19354248046875
0.167953491210938 -0.17584228515625 -0.1004638671875 0.267974853515625
0.161956787109375 -0.158294677734375 -0.07696533203125 0.2845458984375
0.1943359375 -0.175445556640625 -0.122039794921875 0.30328369140625
0.235153198242188 -0.0877685546875 -0.226882934570312 0.222396850585938
0.24676513671875 0.0709075927734375 -0.280242919921875 0.100540161132813
0.165328979492188 0.181671142578125 -0.216522216796875 -0.05133056640625
-0.039459228515625 0.2930908203125 -0.0763702392578125 -0.114707946777344
-0.17340087890625 0.315093994140625 -0.0167198181152344 0.0330371856689453
-0.274932861328125 0.25579833984375 -0.154647827148438 0.07220458984375
-0.0648956298828125 0.220947265625 -0.537261962890625 0.3016357421875
0.015167236328125 0.18890380859375 -0.238189697265625 0.329803466796875
0.090545654296875 0.115089416503906 -0.0304718017578125 0.137580871582031
0.0993118286132813 0.0487518310546875 -0.108612060546875 0.04718017578125
0.0819320678710937 -0.0037841796875 -0.168182373046875 0.101959228515625
0.0925445556640625 -0.0459442138671875 -0.169967651367188 0.223724365234375
0.0822067260742188 -0.0522537231445312 -0.127532958984375 0.319366455078125
0.0790863037109375 -0.0473556518554688 -0.097381591796875 0.333648681640625
0.101097106933594 -0.049530029296875 -0.152313232421875 0.34259033203125
0.104263305664063 0.002838134765625 -0.260848999023438 0.250640869140625
0.0829925537109375 0.0697479248046875 -0.288177490234375 0.097625732421875
0.0264129638671875 0.0821151733398437 -0.212615966796875 -0.05499267578125
-0.0457916259765625 0.0961380004882813 -0.0638504028320312 -0.0821990966796875
-0.063812255859375 0.115219116210938 -0.0464630126953125 0.0891952514648438
-0.101165771484375 0.12664794921875 -0.256118774414063 0.132156372070313
-0.106689453125 -0.00408172607421873 0.233932495117188 -0.232879638671875
-0.06121826171875 0.102096557617188 0.0454635620117188 -0.120956420898438
0.0429153442382812 0.102729797363281 0.0288009643554687 0.07391357421875
0.09222412109375 0.016754150390625 0.198944091796875 0.070159912109375
0.0851516723632813 -0.038482666015625 0.262741088867188 -0.0663909912109375
0.03070068359375 -0.0810470581054687 0.229476928710938 -0.263504028320313
-0.00389862060546875 -0.0952606201171875 0.133209228515625 -0.369232177734375
0.00221252441406249 -0.0777511596679688 0.078125 -0.344085693359375
0.00760650634765624 -0.080108642578125 0.10205078125 -0.312286376953125
0.0549812316894531 -0.0532302856445313 0.1654052734375 -0.23907470703125
0.0668411254882813 0.00937271118164063 0.136199951171875 -0.1312255859375
0.0278511047363281 0.06878662109375 0.085479736328125 -0.0870437622070313
-0.0554962158203125 0.0540122985839844 0.063568115234375 -0.198226928710937
-0.108200073242188 -0.004852294921875 0.206390380859375 -0.3770751953125
-0.0718994140625 -0.0629196166992188 0.597412109375 -0.341064453125
-0.276702880859375 0.15692138671875 0.19500732421875 -0.209228515625
-0.142486572265625 0.273681640625 0.0325546264648437 -0.0999374389648437
0.0466156005859375 0.27813720703125 0.0160598754882813 0.070526123046875
0.195663452148438 0.137100219726563 0.16925048828125 0.066009521484375
0.222152709960937 -0.0114593505859375 0.224700927734375 -0.0373992919921875
0.165481567382813 -0.15740966796875 0.210205078125 -0.216140747070313
0.0839691162109375 -0.2156982421875 0.12506103515625 -0.317474365234375
0.0897979736328125 -0.190750122070313 0.072784423828125 -0.29229736328125
0.10906982421875 -0.21002197265625 0.09124755859375 -0.258560180664063
0.188583374023438 -0.141799926757813 0.130935668945313 -0.208114624023438
0.228302001953125 0.01593017578125 0.084259033203125 -0.113677978515625
0.159347534179688 0.164047241210938 0.0473098754882813 -0.0946121215820312
-0.0448455810546875 0.243270874023438 0.039093017578125 -0.229782104492187
-0.193634033203125 0.203811645507812 0.1966552734375 -0.391937255859375
-0.236892700195313 0.101959228515625 0.57080078125 -0.3604736328125
-0.405731201171875 0.29742431640625 0.0989990234375 -0.1490478515625
-0.199859619140625 0.417633056640625 -0.00137329101562501 -0.0449638366699219
0.054534912109375 0.423583984375 0.00856018066406251 0.0748367309570313
0.28460693359375 0.24102783203125 0.13433837890625 0.0557098388671875
0.33441162109375 0.016265869140625 0.165985107421875 -0.01165771484375
0.278900146484375 -0.215362548828125 0.162460327148438 -0.14788818359375
0.16131591796875 -0.305206298828125 0.100173950195313 -0.222000122070313
0.1629638671875 -0.27587890625 0.0559844970703125 -0.195419311523438
0.191802978515625 -0.309661865234375 0.0626678466796875 -0.159896850585938
0.296539306640625 -0.213348388671875 0.071136474609375 -0.143341064453125
0.36676025390625 0.014923095703125 0.00685119628906253 -0.076507568359375
0.280471801757813 0.23614501953125 -0.012664794921875 -0.100021362304687
-0.02008056640625 0.40814208984375 0.00271606445312502 -0.250518798828125
-0.249786376953125 0.4000244140625 0.168731689453125 -0.37158203125
-0.367034912109375 0.257965087890625 0.481048583984375 -0.331756591796875
-0.461883544921875 0.402496337890625 -0.0342597961425782 -0.0624809265136719
-0.213653564453125 0.51751708984375 -0.0481185913085938 0.0357093811035157
0.0811767578125 0.51666259765625 0.00638580322265626 0.084716796875
0.353240966796875 0.305267333984375 0.0842819213867188 0.0444107055664063
0.410675048828125 0.029266357421875 0.0856094360351563 0.0178604125976563
0.352294921875 -0.2498779296875 0.0930633544921875 -0.0595016479492188
0.212615966796875 -0.35284423828125 0.05841064453125 -0.09661865234375
0.210113525390625 -0.32159423828125 0.0307350158691406 -0.0697441101074219
0.245147705078125 -0.36444091796875 0.0272960662841797 -0.033895492553711
0.361602783203125 -0.25372314453125 -0.00488281249999997 -0.0475120544433594
0.452178955078125 0.01239013671875 -0.0807113647460937 -0.0231704711914063
0.367767333984375 0.275970458984375 -0.0819778442382812 -0.0909423828125
0.011993408203125 0.52386474609375 -0.037200927734375 -0.244720458984375
-0.274200439453125 0.53741455078125 0.126190185546875 -0.300506591796875
-0.441009521484375 0.372283935546875 0.338134765625 -0.253997802734375
-0.448211669921875 0.452606201171875 -0.181793212890625 0.0467376708984376
-0.18841552734375 0.54608154296875 -0.0975112915039063 0.129104614257813
0.110443115234375 0.533782958984375 -0.00026702880859374 0.0953216552734375
0.377197265625 0.312469482421875 0.0231285095214844 0.0345478057861328
0.42279052734375 0.033233642578125 -0.00383758544921872 0.0507087707519531
0.371551513671875 -0.2520751953125 0.0125846862792969 0.0393600463867187
0.231414794921875 -0.348388671875 0.00907135009765627 0.0422210693359375
0.225311279296875 -0.317657470703125 0.000278472900390642 0.0668830871582031
0.263214111328125 -0.36065673828125 -0.0162506103515625 0.101448059082031
0.37066650390625 -0.249267578125 -0.08453369140625 0.0618667602539062
0.46575927734375 0.0159912109375 -0.166595458984375 0.043304443359375
0.3848876953125 0.275665283203125 -0.1478271484375 -0.06988525390625
0.029052734375 0.54925537109375 -0.067169189453125 -0.208297729492188
-0.262939453125 0.578857421875 0.074676513671875 -0.186416625976562
-0.45208740234375 0.4161376953125 0.16754150390625 -0.137100219726562
-0.36370849609375 0.436798095703125 -0.324127197265625 0.16253662109375
-0.1319580078125 0.493408203125 -0.141571044921875 0.222549438476563
0.12628173828125 0.45770263671875 -0.00965118408203123 0.110069274902344
0.33551025390625 0.262420654296875 -0.0393486022949219 0.0337181091308594
0.365478515625 0.02276611328125 -0.0871353149414062 0.083221435546875
0.32568359375 -0.2154541015625 -0.0662994384765625 0.132675170898438
0.212615966796875 -0.293060302734375 -0.0407562255859375 0.174591064453125
0.205795288085938 -0.266342163085938 -0.0306549072265625 0.19256591796875
0.241790771484375 -0.300140380859375 -0.06011962890625 0.221969604492188
0.32470703125 -0.1964111328125 -0.154953002929688 0.165191650390625
0.393157958984375 0.0325927734375 -0.232574462890625 0.09564208984375
0.31402587890625 0.241943359375 -0.19512939453125 -0.0454559326171874
0.01373291015625 0.467926025390625 -0.0825653076171875 -0.155471801757812
-0.222015380859375 0.501617431640625 0.0256309509277344 -0.06256103515625
-0.39166259765625 0.37939453125 -0.00592041015625002 -0.0116329193115234
-0.22845458984375 0.35650634765625 -0.44158935546875 0.263916015625
-0.058746337890625 0.365509033203125 -0.18524169921875 0.298370361328125
0.116729736328125 0.304779052734375 -0.0180816650390625 0.122871398925781
0.235183715820313 0.16656494140625 -0.086761474609375 0.0407333374023438
0.242889404296875 0.0109710693359375 -0.1436767578125 0.105621337890625
0.226699829101563 -0.145538330078125 -0.124557495117188 0.201461791992188
0.159286499023437 -0.193099975585938 -0.082305908203125 0.274383544921875
0.154632568359375 -0.174041748046875 -0.0572509765625 0.28717041015625
0.183990478515625 -0.193161010742188 -0.0980224609375 0.311126708984375
0.231201171875 -0.108779907226562 -0.208633422851562 0.237396240234375
0.257781982421875 0.0511322021484375 -0.271652221679688 0.122024536132813
0.182449340820312 0.174880981445312 -0.21636962890625 -0.03399658203125
-0.020263671875 0.3028564453125 -0.0822906494140625 -0.107887268066406
-0.153900146484375 0.33111572265625 -0.0149612426757813 0.038116455078125
-0.269439697265625 0.272430419921875 -0.155044555664063 0.0909881591796875
-0.057342529296875 0.22479248046875 -0.51934814453125 0.343658447265625
0.0208587646484375 0.190231323242188 -0.216094970703125 0.352020263671875
0.0962600708007813 0.113685607910156 -0.0181121826171875 0.141204833984375
0.106056213378906 0.0475845336914063 -0.103973388671875 0.054840087890625
0.0856857299804688 -0.006256103515625 -0.160934448242188 0.112869262695312
0.0931625366210938 -0.05609130859375 -0.154739379882813 0.23443603515625
0.0804519653320313 -0.0625076293945313 -0.10455322265625 0.329437255859375
0.07928466796875 -0.0565261840820313 -0.075714111328125 0.337921142578125
0.101707458496094 -0.0609359741210938 -0.128387451171875 0.35150146484375
0.108558654785156 -0.0083160400390625 -0.239486694335938 0.268020629882813
0.0931167602539062 0.062469482421875 -0.280441284179688 0.11895751953125
0.034393310546875 0.0837249755859375 -0.215103149414063 -0.037384033203125
-0.0396728515625 0.105552673339844 -0.0685958862304687 -0.0765457153320313
-0.059478759765625 0.121589660644531 -0.0424575805664063 0.0967254638671875
-0.102096557617188 0.133865356445313 -0.254974365234375 0.158111572265625
-0.0977859497070313 -0.00119018554687498 0.22308349609375 -0.249755859375
-0.047943115234375 0.0997772216796875 0.041656494140625 -0.125694274902344
0.0467376708984375 0.0938491821289063 0.0297966003417969 0.0649375915527344
0.087066650390625 0.01068115234375 0.195175170898438 0.0555877685546875
0.0765457153320312 -0.0430755615234375 0.251510620117188 -0.0780487060546875
0.0226821899414063 -0.0779571533203125 0.207595825195313 -0.268280029296875
-0.0106277465820313 -0.0912399291992187 0.107330322265625 -0.369293212890625
-0.004425048828125 -0.0731582641601563 0.05816650390625 -0.341278076171875
-0.00243377685546875 -0.076507568359375 0.08160400390625 -0.311859130859375
0.0462303161621094 -0.0544357299804688 0.147064208984375 -0.243606567382813
0.0630683898925781 0.00291061401367188 0.126991271972656 -0.134346008300781
0.0308723449707031 0.0630302429199219 0.0784378051757813 -0.0876007080078125
-0.0474281311035156 0.0532798767089844 0.0482940673828125 -0.194992065429688
-0.100723266601563 0.00106811523437501 0.182647705078125 -0.381988525390625
-0.0665817260742188 -0.0542831420898438 0.56787109375 -0.36968994140625
-0.25775146484375 0.166412353515625 0.186538696289062 -0.223388671875
-0.118804931640625 0.26849365234375 0.032196044921875 -0.105216979980469
0.06103515625 0.265380859375 0.0212516784667969 0.0620765686035156
0.196548461914063 0.1221923828125 0.167877197265625 0.0546417236328125
0.2135009765625 -0.0254364013671875 0.216659545898438 -0.0517120361328125
0.151519775390625 -0.162826538085938 0.190353393554687 -0.223922729492188
0.069854736328125 -0.214859008789063 0.103759765625 -0.318603515625
0.075286865234375 -0.190078735351563 0.05767822265625 -0.291259765625
0.0909881591796875 -0.2132568359375 0.07666015625 -0.259368896484375
0.173553466796875 -0.151824951171875 0.115814208984375 -0.214431762695313
0.222946166992188 -0.001617431640625 0.0769424438476563 -0.114151000976562
0.167648315429688 0.149093627929688 0.0425872802734375 -0.0943984985351562
-0.0279998779296875 0.2391357421875 0.0265350341796875 -0.222732543945312
-0.172348022460937 0.21673583984375 0.17364501953125 -0.39263916015625
-0.220443725585938 0.117813110351562 0.540618896484375 -0.3876953125
-0.375762939453125 0.31463623046875 0.101577758789062 -0.161224365234375
-0.166839599609375 0.41717529296875 0.00194931030273436 -0.0504188537597656
0.078216552734375 0.407379150390625 0.0149612426757813 0.0669593811035157
0.290679931640625 0.215576171875 0.129539489746094 0.045623779296875
0.326751708984375 -0.00689697265625 0.160324096679688 -0.0225372314453125
0.25848388671875 -0.2286376953125 0.1490478515625 -0.157806396484375
0.138275146484375 -0.305999755859375 0.0829620361328125 -0.226425170898438
0.140594482421875 -0.279327392578125 0.042938232421875 -0.198638916015625
0.16607666015625 -0.314849853515625 0.0557403564453125 -0.163742065429688
0.274795532226563 -0.229141235351563 0.06060791015625 -0.147048950195313
0.358184814453125 -0.009246826171875 0.00527191162109377 -0.0714492797851562
0.2916259765625 0.214447021484375 -0.0144729614257812 -0.0966033935546875
0.00817871093749999 0.402130126953125 -0.00953674316406248 -0.241119384765625
-0.2178955078125 0.40826416015625 0.146453857421875 -0.369415283203125
-0.344024658203125 0.276580810546875 0.45330810546875 -0.352325439453125
-0.43072509765625 0.424102783203125 -0.0230789184570313 -0.0661849975585937
-0.177581787109375 0.515838623046875 -0.0351028442382813 0.0331954956054688
0.109893798828125 0.499664306640625 0.013885498046875 0.0784835815429688
0.364715576171875 0.27459716796875 0.0866165161132813 0.0356063842773438
0.40289306640625 0.00311279296875 0.0843429565429688 0.00794219970703125
0.326507568359375 -0.26873779296875 0.0904083251953125 -0.06707763671875
0.18560791015625 -0.360626220703125 0.05438232421875 -0.100357055664063
0.185211181640625 -0.32904052734375 0.0268707275390625 -0.075347900390625
0.213897705078125 -0.37237548828125 0.0267562866210938 -0.0414772033691406
0.33319091796875 -0.273193359375 -0.00810623168945311 -0.0495834350585938
0.446441650390625 -0.017303466796875 -0.0799636840820312 -0.0125579833984375
0.37884521484375 0.249114990234375 -0.0803070068359375 -0.08355712890625
0.0438232421875 0.516510009765625 -0.046417236328125 -0.2330322265625
-0.231719970703125 0.5445556640625 0.10809326171875 -0.295654296875
-0.416473388671875 0.39080810546875 0.3167724609375 -0.2633056640625
-0.415008544921875 0.47357177734375 -0.165130615234375 0.0522613525390625
-0.15411376953125 0.5482177734375 -0.0793228149414063 0.128433227539063
0.138641357421875 0.516357421875 0.0072784423828125 0.0925064086914063
0.393096923828125 0.285552978515625 0.0255889892578125 0.0284214019775391
0.421600341796875 0.0089111328125 0.0021476745605469 0.0490379333496094
0.34906005859375 -0.27362060546875 0.0159492492675781 0.0332012176513672
0.202911376953125 -0.35833740234375 0.0121078491210938 0.0368003845214843
0.201629638671875 -0.32489013671875 0.00532531738281251 0.0599937438964844
0.2340087890625 -0.374053955078125 -0.00591278076171874 0.0949630737304687
0.34564208984375 -0.268524169921875 -0.0797805786132812 0.06390380859375
0.4571533203125 -0.01123046875 -0.1585693359375 0.0532989501953125
0.3978271484375 0.249725341796875 -0.142608642578125 -0.0594329833984375
0.0621337890625 0.541015625 -0.0750274658203125 -0.196624755859375
-0.21875 0.58551025390625 0.0653228759765625 -0.1817626953125
-0.4241943359375 0.436614990234375 0.15618896484375 -0.138290405273437
-0.335601806640625 0.450164794921875 -0.298828125 0.175048828125
-0.10345458984375 0.4951171875 -0.1201171875 0.226211547851563
0.149169921875 0.44287109375 0.00391387939453125 0.107170104980469
0.3521728515625 0.239013671875 -0.0335941314697265 0.0348892211914063
0.36395263671875 0.00152587890625 -0.0796279907226562 0.0847549438476563
0.30712890625 -0.2362060546875 -0.054107666015625 0.129058837890625
0.189788818359375 -0.304290771484375 -0.0286102294921875 0.16986083984375
0.186325073242187 -0.275711059570312 -0.0171966552734375 0.1834716796875
0.21868896484375 -0.31396484375 -0.042694091796875 0.216964721679687
0.3057861328125 -0.21588134765625 -0.140548706054687 0.170135498046875
0.39154052734375 0.004669189453125 -0.217819213867187 0.107818603515625
0.3275146484375 0.220184326171875 -0.18817138671875 -0.03192138671875
0.041595458984375 0.4593505859375 -0.0874786376953125 -0.146255493164062
-0.18896484375 0.50445556640625 0.0259590148925781 -0.0569000244140625
-0.370361328125 0.393585205078125 -0.00790834426879885 -0.0029034614562988
-0.210113525390625 0.3653564453125 -0.41455078125 0.283294677734375
-0.042633056640625 0.36749267578125 -0.159637451171875 0.306488037109375
0.13140869140625 0.29510498046875 -0.00593566894531248 0.122650146484375
0.247772216796875 0.153274536132813 -0.078369140625 0.0439300537109375
0.240753173828125 -0.0030364990234375 -0.133094787597656 0.106941223144531
0.216110229492188 -0.162521362304688 -0.107101440429688 0.200714111328125
0.143768310546875 -0.203109741210937 -0.0623931884765625 0.272369384765625
0.142868041992188 -0.183090209960938 -0.040740966796875 0.280349731445313
0.171585083007813 -0.205520629882813 -0.07568359375 0.307281494140625
0.222854614257812 -0.124130249023437 -0.187393188476562 0.242355346679688
0.258987426757813 0.0315093994140625 -0.25384521484375 0.134567260742187
0.19256591796875 0.162521362304688 -0.209091186523438 -0.0202178955078125
-0.0023193359375 0.303253173828125 -0.0832443237304688 -0.100234985351562
-0.134796142578125 0.334136962890625 -0.0142097473144531 0.0444984436035156
-0.2548828125 0.28460693359375 -0.150283813476563 0.106857299804688
-0.051300048828125 0.223587036132813 -0.48944091796875 0.368560791015625
0.0246124267578125 0.188003540039063 -0.187164306640625 0.357635498046875
0.100418090820313 0.11053466796875 -0.0047454833984375 0.139884948730469
0.111259460449219 0.0410003662109375 -0.0978546142578125 0.056793212890625
0.0865554809570313 -0.0114593505859375 -0.149444580078125 0.116836547851562
0.0927734375 -0.0630722045898438 -0.136138916015625 0.235595703125
0.0758285522460937 -0.0691299438476563 -0.08416748046875 0.330230712890625
0.0757293701171875 -0.0623931884765625 -0.05401611328125 0.3359375
0.0971527099609375 -0.0693817138671875 -0.102386474609375 0.347625732421875
0.10858154296875 -0.0178146362304687 -0.21417236328125 0.275604248046875
0.0993499755859375 0.05474853515625 -0.263626098632813 0.134353637695313
0.0425491333007812 0.0829315185546875 -0.208236694335937 -0.02294921875
-0.0316543579101562 0.111404418945313 -0.06817626953125 -0.07159423828125
-0.054779052734375 0.125724792480469 -0.038818359375 0.099761962890625
-0.101608276367188 0.135948181152344 -0.245864868164063 0.176895141601563
-0.0924530029296875 0.00157928466796874 0.215072631835937 -0.257537841796875
-0.0399093627929688 0.09210205078125 0.039703369140625 -0.130882263183594
0.0479202270507812 0.0854415893554687 0.0312042236328125 0.0625495910644531
0.0797576904296875 0.00737762451171875 0.189117431640625 0.04522705078125
0.0698814392089844 -0.0436515808105469 0.23974609375 -0.0855865478515625
0.0174789428710938 -0.0743255615234375 0.191070556640625 -0.2657470703125
-0.0157852172851562 -0.0842056274414063 0.092620849609375 -0.3612060546875
-0.00969696044921875 -0.0674972534179688 0.045135498046875 -0.333465576171875
-0.00769805908203125 -0.0705184936523437 0.071807861328125 -0.306976318359375
0.0384674072265625 -0.0536308288574219 0.134811401367187 -0.240020751953125
0.0589370727539062 0.00019073486328125 0.118385314941406 -0.134880065917969
0.03314208984375 0.0573196411132812 0.0741729736328125 -0.0886917114257813
-0.0432701110839844 0.0512657165527344 0.0399169921875 -0.189849853515625
-0.0929183959960937 0.00737762451171874 0.16650390625 -0.375518798828125
-0.0599403381347656 -0.0487022399902344 0.540985107421875 -0.380096435546875
-0.243209838867187 0.171493530273438 0.1851806640625 -0.233566284179688
-0.103179931640625 0.26123046875 0.0342559814453125 -0.109832763671875
0.066192626953125 0.251907348632813 0.0210075378417969 0.0586624145507813
0.190704345703125 0.111328125 0.162338256835938 0.0435791015625
0.204513549804687 -0.0299224853515625 0.20635986328125 -0.058135986328125
0.1385498046875 -0.163604736328125 0.178237915039063 -0.223129272460937
0.05938720703125 -0.209304809570312 0.091064453125 -0.31427001953125
0.063079833984375 -0.186019897460938 0.04461669921875 -0.288238525390625
0.0770721435546875 -0.206451416015625 0.0662994384765625 -0.256546020507813
0.158370971679688 -0.153289794921875 0.105606079101562 -0.2086181640625
0.216903686523437 -0.0119171142578125 0.07196044921875 -0.11090087890625
0.169586181640625 0.1365966796875 0.0395660400390625 -0.09405517578125
-0.0162200927734375 0.234298706054688 0.017059326171875 -0.2164306640625
-0.15594482421875 0.215789794921875 0.158843994140625 -0.38623046875
-0.206787109375 0.124114990234375 0.51470947265625 -0.391448974609375
-0.35369873046875 0.3167724609375 0.102340698242188 -0.167205810546875
-0.14715576171875 0.404815673828125 0.00947570800781249 -0.0545463562011718
0.087554931640625 0.39166259765625 0.0167312622070313 0.0644454956054688
0.29010009765625 0.2012939453125 0.129417419433594 0.037841796875
0.3182373046875 -0.0155029296875 0.154632568359375 -0.028839111328125
0.241790771484375 -0.232025146484375 0.141876220703125 -0.157821655273438
0.123138427734375 -0.304351806640625 0.0756072998046875 -0.224456787109375
0.125747680664063 -0.277633666992187 0.0364532470703125 -0.198715209960938
0.146728515625 -0.313140869140625 0.05206298828125 -0.164352416992188
0.25531005859375 -0.2337646484375 0.05419921875 -0.142990112304688
0.34942626953125 -0.02655029296875 0.00324630737304689 -0.0695953369140625
0.295562744140625 0.195953369140625 -0.0138473510742187 -0.0938262939453125
0.022308349609375 0.39306640625 -0.0162353515625 -0.232269287109375
-0.195068359375 0.405426025390625 0.134124755859375 -0.361114501953125
-0.32501220703125 0.2822265625 0.430511474609375 -0.3524169921875
-0.404144287109375 0.423828125 -0.0166854858398438 -0.0700035095214843
-0.155975341796875 0.504547119140625 -0.0256423950195313 0.027313232421875
0.122650146484375 0.48223876953125 0.0179290771484375 0.0740203857421875
0.367584228515625 0.254669189453125 0.0846328735351563 0.0294036865234375
0.39373779296875 -0.01116943359375 0.0842056274414063 0.00504302978515625
0.307647705078125 -0.27557373046875 0.0870361328125 -0.0713043212890625
0.166107177734375 -0.358795166015625 0.0481643676757813 -0.103218078613281
0.16802978515625 -0.327880859375 0.0237808227539063 -0.0790863037109375
0.194061279296875 -0.371734619140625 0.02752685546875 -0.0431709289550781
0.312652587890625 -0.27874755859375 -0.00856018066406248 -0.0459938049316406
0.43475341796875 -0.037078857421875 -0.0739288330078125 -0.010162353515625
0.382659912109375 0.229339599609375 -0.0776138305664063 -0.0788040161132812
0.063018798828125 0.503448486328125 -0.0501251220703125 -0.222915649414062
-0.20672607421875 0.5394287109375 0.0999755859375 -0.2879638671875
-0.393524169921875 0.394989013671875 0.300811767578125 -0.261260986328125
-0.386993408203125 0.471435546875 -0.149612426757813 0.0489501953125
-0.131378173828125 0.536651611328125 -0.0632095336914063 0.123481750488281
0.152557373046875 0.498077392578125 0.0144119262695313 0.0869522094726563
0.395599365234375 0.2607421875 0.0277805328369141 0.0258121490478516
0.409820556640625 -0.010955810546875 0.00203323364257815 0.043060302734375
0.3271484375 -0.2833251953125 0.0195655822753906 0.0284900665283203
0.185943603515625 -0.359466552734375 0.0142936706542969 0.0326175689697265
0.185272216796875 -0.327362060546875 0.00485610961914064 0.0528831481933593
0.212677001953125 -0.373046875 -0.000343322753906228 0.0889511108398437
0.32611083984375 -0.27734375 -0.0716094970703125 0.0649871826171875
0.448455810546875 -0.03326416015625 -0.146713256835937 0.0581207275390625
0.399383544921875 0.230712890625 -0.136528015136719 -0.0519561767578125
0.079315185546875 0.526397705078125 -0.0754241943359375 -0.187515258789062
-0.19573974609375 0.57525634765625 0.06121826171875 -0.175094604492187
-0.403656005859375 0.43658447265625 0.1484375 -0.132369995117187
-0.316497802734375 0.451995849609375 -0.279220581054687 0.175796508789063
-0.088958740234375 0.48626708984375 -0.10113525390625 0.2197265625
0.1607666015625 0.4310302734375 0.00903320312500002 0.10137939453125
0.356292724609375 0.22052001953125 -0.0305995941162109 0.0324535369873047
0.3560791015625 -0.013214111328125 -0.0725555419921875 0.08148193359375
0.290313720703125 -0.245635986328125 -0.0461502075195312 0.124122619628906
0.173675537109375 -0.307159423828125 -0.0207061767578125 0.163070678710937
0.1727294921875 -0.277664184570313 -0.01275634765625 0.176025390625
0.20111083984375 -0.315765380859375 -0.03192138671875 0.209152221679687
0.2872314453125 -0.223724365234375 -0.1285400390625 0.166091918945313
0.38348388671875 -0.011383056640625 -0.203994750976563 0.11346435546875
0.327911376953125 0.203460693359375 -0.1793212890625 -0.0254364013671875
0.057281494140625 0.449859619140625 -0.0860977172851563 -0.138946533203125
-0.167327880859375 0.498565673828125 0.02337646484375 -0.05413818359375
-0.35479736328125 0.394866943359375 -0.00814342498779299 0.00394487380981448
-0.198883056640625 0.359954833984375 -0.388275146484375 0.290069580078125
-0.034271240234375 0.36102294921875 -0.13848876953125 0.299835205078125
0.137786865234375 0.288238525390625 0.00194549560546875 0.11614990234375
0.2510986328125 0.141769409179688 -0.0752334594726562 0.0443496704101563
0.2398681640625 -0.0122833251953125 -0.125717163085938 0.109451293945312
0.205718994140625 -0.168777465820313 -0.0955352783203124 0.196517944335938
0.134048461914063 -0.205657958984375 -0.0511016845703125 0.26458740234375
0.134552001953125 -0.186737060546875 -0.0308990478515625 0.272125244140625
0.16021728515625 -0.20941162109375 -0.06146240234375 0.2967529296875
0.210159301757812 -0.130203247070313 -0.172821044921875 0.239044189453125
0.257415771484375 0.02081298828125 -0.23858642578125 0.1407470703125
0.194915771484375 0.152374267578125 -0.200164794921875 -0.0120086669921875
0.00970458984375001 0.29864501953125 -0.0810623168945312 -0.0945281982421875
-0.120880126953125 0.330718994140625 -0.0100784301757813 0.0445976257324219
-0.2479248046875 0.282958984375 -0.143722534179688 0.11834716796875
-0.0476226806640625 0.21783447265625 -0.463836669921875 0.374114990234375
0.0239105224609375 0.186660766601563 -0.16741943359375 0.35614013671875
0.0986251831054687 0.106971740722656 0.000396728515625003 0.135536193847656
0.1148681640625 0.0395660400390625 -0.09100341796875 0.0597381591796875
0.0886459350585937 -0.012237548828125 -0.142486572265625 0.118148803710938
0.0870742797851562 -0.0677719116210938 -0.124298095703125 0.231735229492188
0.0721282958984375 -0.0754165649414063 -0.0703125 0.32098388671875
0.0749435424804688 -0.0683975219726563 -0.043701171875 0.32568359375
0.0939712524414063 -0.0748291015625 -0.086761474609375 0.34234619140625
0.105613708496094 -0.0250015258789063 -0.198013305664063 0.271774291992188
0.102310180664063 0.047271728515625 -0.248565673828125 0.138336181640625
0.04669189453125 0.0808258056640625 -0.200286865234375 -0.013671875
-0.0264511108398438 0.111701965332031 -0.06744384765625 -0.0662002563476563
-0.0507049560546875 0.125587463378906 -0.0365447998046875 0.102561950683594
-0.101409912109375 0.134605407714844 -0.236846923828125 0.190872192382813
-0.0877914428710938 0.000877380371093765 0.212982177734375 -0.264511108398438
-0.0342483520507812 0.085723876953125 0.0406494140625 -0.134574890136719
0.0469894409179688 0.0801239013671875 0.0294609069824219 0.0590019226074219
0.0743331909179688 0.005828857421875 0.184417724609375 0.0413360595703125
0.0655174255371094 -0.0431480407714844 0.232742309570312 -0.0879669189453125
0.0151596069335938 -0.0721664428710938 0.184036254882812 -0.263336181640625
-0.0181732177734375 -0.0807037353515625 0.085235595703125 -0.35809326171875
-0.0125198364257813 -0.0632781982421875 0.04107666015625 -0.329437255859375
-0.0112648010253906 -0.065521240234375 0.06768798828125 -0.3033447265625
0.0334091186523437 -0.0527534484863281 0.129364013671875 -0.237930297851563
0.0564613342285156 -0.00134658813476563 0.11456298828125 -0.133415222167969
0.0331916809082031 0.053741455078125 0.0713577270507813 -0.0884170532226563
-0.04150390625 0.049468994140625 0.0366058349609375 -0.185409545898438
-0.0865554809570313 0.00917816162109376 0.16107177734375 -0.373748779296875
-0.0533828735351562 -0.0472602844238281 0.529144287109375 -0.38360595703125
-0.234085083007813 0.169921875 0.186203002929687 -0.239913940429688
-0.0955352783203125 0.2530517578125 0.0371170043945313 -0.113548278808594
0.066619873046875 0.245086669921875 0.021026611328125 0.0554389953613281
0.188949584960937 0.1072998046875 0.159225463867188 0.039581298828125
0.1993408203125 -0.0321197509765625 0.201385498046875 -0.060455322265625
0.132064819335938 -0.16265869140625 0.171981811523437 -0.222396850585938
0.05340576171875 -0.20648193359375 0.08502197265625 -0.311798095703125
0.0579681396484375 -0.183135986328125 0.039825439453125 -0.286895751953125
0.069366455078125 -0.203201293945313 0.064239501953125 -0.256393432617188
0.149063110351563 -0.1533203125 0.100738525390625 -0.20751953125
0.213348388671875 -0.0174407958984375 0.0699844360351563 -0.10882568359375
0.171905517578125 0.1298828125 0.039154052734375 -0.0940017700195313
-0.0117950439453125 0.230575561523438 0.0150146484375 -0.210540771484375
-0.147171020507812 0.21630859375 0.155731201171875 -0.382904052734375
-0.199417114257813 0.126068115234375 0.503631591796875 -0.392120361328125
-0.342041015625 0.3162841796875 0.10638427734375 -0.17529296875
-0.137176513671875 0.395660400390625 0.0145721435546875 -0.0598411560058594
0.091827392578125 0.383941650390625 0.018524169921875 0.0601806640625
0.288970947265625 0.193511962890625 0.127243041992188 0.0331268310546875
0.312713623046875 -0.0203857421875 0.150833129882813 -0.031707763671875
0.231918334960937 -0.2347412109375 0.138076782226563 -0.159347534179688
0.115478515625 -0.30450439453125 0.0711669921875 -0.22467041015625
0.118484497070312 -0.27618408203125 0.03277587890625 -0.19921875
0.137603759765625 -0.311248779296875 0.0498809814453125 -0.165435791015625
0.243316650390625 -0.234329223632813 0.0511322021484375 -0.141098022460938
0.34588623046875 -0.03533935546875 0.00410842895507815 -0.0667686462402344
0.29669189453125 0.187591552734375 -0.0120468139648437 -0.0929641723632812
0.02984619140625 0.39007568359375 -0.0168304443359375 -0.226699829101563
-0.183624267578125 0.40625 0.13153076171875 -0.3555908203125
-0.316375732421875 0.284454345703125 0.42083740234375 -0.351593017578125
-0.391082763671875 0.422637939453125 -0.00936126708984377 -0.0776290893554687
-0.1466064453125 0.496734619140625 -0.0179100036621094 0.0208568572998047
0.12640380859375 0.473846435546875 0.0190696716308594 0.0692939758300782
0.36712646484375 0.24481201171875 0.0834732055664063 0.025604248046875
0.389312744140625 -0.017486572265625 0.0816192626953125 0.00173187255859375
0.297821044921875 -0.279815673828125 0.0852737426757813 -0.0743637084960938
0.158843994140625 -0.359344482421875 0.0456314086914063 -0.105819702148438
0.159515380859375 -0.327117919921875 0.0195999145507813 -0.0817184448242188
0.182708740234375 -0.37225341796875 0.0298614501953125 -0.0462074279785156
0.29998779296875 -0.282196044921875 -0.00899887084960936 -0.0454254150390625
0.42877197265625 -0.048004150390625 -0.0699386596679687 -0.00631332397460939
0.384521484375 0.218475341796875 -0.0737457275390625 -0.0786972045898437
0.07183837890625 0.497406005859375 -0.050140380859375 -0.21844482421875
-0.19451904296875 0.536102294921875 0.098663330078125 -0.281707763671875
-0.3858642578125 0.398101806640625 0.295623779296875 -0.255950927734375
-0.378082275390625 0.469329833984375 -0.139968872070313 0.0432891845703125
-0.124542236328125 0.53070068359375 -0.0547027587890625 0.117034912109375
0.15826416015625 0.491851806640625 0.01788330078125 0.082366943359375
0.398590087890625 0.251068115234375 0.0287761688232422 0.0235977172851563
0.4066162109375 -0.01806640625 0.00262832641601565 0.0406646728515625
0.315673828125 -0.287353515625 0.0216846466064453 0.0233497619628906
0.177001953125 -0.362091064453125 0.0143241882324219 0.0280513763427734
0.17657470703125 -0.3289794921875 0.00322723388671876 0.0481986999511719
0.2021484375 -0.373687744140625 0.00363922119140625 0.0835952758789062
0.31298828125 -0.279541015625 -0.0699272155761718 0.0634765625
0.444732666015625 -0.0445556640625 -0.141921997070312 0.061279296875
0.39971923828125 0.2188720703125 -0.131050109863281 -0.0509872436523437
0.08660888671875 0.519989013671875 -0.0743255615234375 -0.182830810546875
-0.1817626953125 0.57208251953125 0.0609283447265625 -0.1700439453125
-0.397705078125 0.4361572265625 0.145355224609375 -0.125946044921875
-0.308929443359375 0.44805908203125 -0.267257690429688 0.173004150390625
-0.0836181640625 0.48382568359375 -0.0913543701171875 0.214675903320313
0.163909912109375 0.4256591796875 0.0127639770507813 0.0973663330078125
0.359283447265625 0.211761474609375 -0.0283660888671875 0.0310688018798828
0.354949951171875 -0.019622802734375 -0.0705795288085937 0.0796661376953125
0.2818603515625 -0.25152587890625 -0.0416030883789062 0.11810302734375
0.165802001953125 -0.30963134765625 -0.0177001953125 0.157424926757812
0.165725708007813 -0.280670166015625 -0.0135955810546875 0.170303344726563
0.19207763671875 -0.318939208984375 -0.025665283203125 0.202056884765625
0.278778076171875 -0.227142333984375 -0.123626708984375 0.163848876953125
0.380828857421875 -0.020782470703125 -0.197052001953125 0.115692138671875
0.32928466796875 0.196624755859375 -0.172744750976562 -0.0244140625
0.062652587890625 0.44683837890625 -0.0842056274414063 -0.134712219238281
-0.15924072265625 0.49310302734375 0.0245437622070312 -0.0500259399414062
-0.350677490234375 0.39422607421875 -0.00719070434570314 0.011225700378418
-0.1939697265625 0.359405517578125 -0.376007080078125 0.288360595703125
-0.033599853515625 0.35919189453125 -0.12884521484375 0.296905517578125
0.137908935546875 0.285888671875 0.00627899169921876 0.113296508789063
0.256393432617188 0.136215209960938 -0.0716552734375 0.0436325073242188
0.240753173828125 -0.015380859375 -0.121498107910156 0.107437133789063
0.199691772460938 -0.173980712890625 -0.0909881591796875 0.190841674804687
0.128005981445313 -0.208908081054688 -0.0467071533203125 0.259506225585938
0.129547119140625 -0.190948486328125 -0.029296875 0.265853881835938
0.154464721679687 -0.2139892578125 -0.055145263671875 0.290802001953125
0.206192016601562 -0.136276245117188 -0.164306640625 0.235671997070313
0.256546020507813 0.0129852294921875 -0.23046875 0.141708374023438
0.197677612304687 0.148651123046875 -0.19354248046875 -0.00981140136718748
0.014923095703125 0.297393798828125 -0.0797348022460938 -0.092041015625
-0.116363525390625 0.3287353515625 -0.00944137573242188 0.0476646423339844
-0.249359130859375 0.283599853515625 -0.140594482421875 0.125625610351563
-0.04962158203125 0.214706420898438 -0.450347900390625 0.37493896484375
0.0196533203125 0.18743896484375 -0.1597900390625 0.354705810546875
0.09600830078125 0.107856750488281 0.004302978515625 0.132034301757813
0.117866516113281 0.0393524169921875 -0.087127685546875 0.059051513671875
0.0919265747070313 -0.012603759765625 -0.139122009277344 0.11669921875
0.0863876342773438 -0.0705490112304688 -0.118331909179688 0.227890014648438
0.069793701171875 -0.0777435302734375 -0.064361572265625 0.317108154296875
0.0726699829101563 -0.07183837890625 -0.040191650390625 0.32183837890625
0.0928497314453125 -0.0791091918945313 -0.081298828125 0.336944580078125
0.104423522949219 -0.028411865234375 -0.1893310546875 0.269882202148438
0.104522705078125 0.0418624877929687 -0.240020751953125 0.140045166015625
0.0506820678710937 0.07977294921875 -0.194808959960938 -0.01043701171875
-0.0237274169921875 0.114097595214844 -0.0672416687011719 -0.0645790100097656
-0.0511856079101563 0.126075744628906 -0.03515625 0.105079650878906
-0.106483459472656 0.135292053222656 -0.232269287109375 0.198806762695313
-0.0861053466796875 0.00122833251953124 0.214874267578125 -0.27532958984375
-0.0306625366210938 0.0813751220703125 0.0420074462890625 -0.14129638671875
0.0466232299804688 0.076751708984375 0.0291748046875 0.0576553344726563
0.0701751708984375 0.00587081909179688 0.183547973632813 0.0393218994140625
0.0629501342773438 -0.0430717468261719 0.2314453125 -0.0904388427734375
0.0126419067382813 -0.0715866088867188 0.180648803710938 -0.264968872070313
-0.0208358764648438 -0.07952880859375 0.079803466796875 -0.360565185546875
-0.0148468017578125 -0.0601921081542969 0.038055419921875 -0.332977294921875
-0.0141716003417969 -0.0622215270996094 0.0650634765625 -0.30572509765625
0.0298843383789062 -0.0516204833984375 0.126968383789063 -0.239944458007813
0.0550460815429687 -0.00366592407226562 0.113655090332031 -0.134231567382813
0.0332832336425781 0.0513763427734375 0.0702590942382813 -0.0898284912109375
-0.0402336120605469 0.0484619140625 0.0345916748046875 -0.185134887695313
-0.0831222534179688 0.0108795166015625 0.158935546875 -0.37939453125
-0.0489883422851563 -0.0468635559082031 0.52764892578125 -0.391937255859375
-0.231170654296875 0.172286987304688 0.189193725585937 -0.252120971679688
-0.09051513671875 0.250274658203125 0.0402603149414063 -0.120880126953125
0.0684661865234375 0.24359130859375 0.0214118957519531 0.0544815063476563
0.188613891601563 0.10455322265625 0.158950805664063 0.036865234375
0.197982788085938 -0.0344696044921875 0.199966430664063 -0.0626678466796875
0.128158569335938 -0.16583251953125 0.1697998046875 -0.225906372070313
0.0491485595703125 -0.208892822265625 0.08111572265625 -0.31640625
0.053863525390625 -0.18408203125 0.03643798828125 -0.29119873046875
0.064300537109375 -0.203811645507813 0.0626068115234375 -0.261123657226563
0.14434814453125 -0.155960083007813 0.0980682373046875 -0.20855712890625
0.2138671875 -0.02313232421875 0.0708770751953125 -0.1092529296875
0.175765991210938 0.126052856445313 0.0389175415039063 -0.0955581665039062
-0.00675964355468748 0.232879638671875 0.0133056640625 -0.21044921875
-0.140533447265625 0.221435546875 0.153961181640625 -0.388092041015625
-0.19580078125 0.130462646484375 0.503387451171875 -0.39959716796875
-0.339996337890625 0.319854736328125 0.110931396484375 -0.185989379882812
-0.132568359375 0.396087646484375 0.0194091796875 -0.0666656494140625
0.0938720703125 0.38311767578125 0.0196037292480469 0.0579376220703125
0.292510986328125 0.188385009765625 0.127243041992188 0.030792236328125
0.31402587890625 -0.0250244140625 0.14971923828125 -0.033935546875
0.22711181640625 -0.240570068359375 0.137359619140625 -0.163742065429688
0.10980224609375 -0.309478759765625 0.0679168701171875 -0.229751586914063
0.114166259765625 -0.279159545898438 0.028106689453125 -0.203109741210938
0.130889892578125 -0.31500244140625 0.0502166748046875 -0.17034912109375
0.237091064453125 -0.240005493164063 0.0492401123046875 -0.142257690429688
0.347625732421875 -0.04473876953125 0.00584411621093752 -0.0648269653320312
0.302490234375 0.182281494140625 -0.0119247436523437 -0.0949249267578125
0.03704833984375 0.393096923828125 -0.01849365234375 -0.226806640625
-0.17584228515625 0.411834716796875 0.131683349609375 -0.357757568359375
-0.315185546875 0.2913818359375 0.421356201171875 -0.355987548828125
-0.38751220703125 0.428436279296875 -0.00405120849609378 -0.0854644775390625
-0.141754150390625 0.498809814453125 -0.0124597549438477 0.0152168273925782
0.13262939453125 0.47503662109375 0.0213813781738281 0.0676078796386719
0.374664306640625 0.238433837890625 0.085174560546875 0.023345947265625
0.392852783203125 -0.0228271484375 0.0814437866210938 0.000610351562499999
0.291778564453125 -0.2889404296875 0.0857009887695313 -0.07891845703125
0.15191650390625 -0.36553955078125 0.0444183349609375 -0.110397338867188
0.154571533203125 -0.332733154296875 0.0161285400390625 -0.0854644775390625
0.17584228515625 -0.3782958984375 0.0307846069335938 -0.0514068603515625
0.293548583984375 -0.288818359375 -0.00931930541992186 -0.0458106994628906
0.4320068359375 -0.05853271484375 -0.0677680969238281 -0.00400161743164061
0.391937255859375 0.2119140625 -0.0725021362304687 -0.0802688598632812
0.079193115234375 0.501678466796875 -0.051116943359375 -0.21746826171875
-0.1866455078125 0.542572021484375 0.100006103515625 -0.28289794921875
-0.38543701171875 0.40472412109375 0.29742431640625 -0.25677490234375
-0.377349853515625 0.47607421875 -0.134292602539063 0.0395584106445313
-0.119842529296875 0.533599853515625 -0.0486373901367188 0.1131591796875
0.16436767578125 0.4949951171875 0.0213623046875 0.0806045532226563
0.407440185546875 0.243804931640625 0.0303058624267578 0.0227069854736328
0.410552978515625 -0.02569580078125 0.00319290161132815 0.0400848388671875
0.30999755859375 -0.297637939453125 0.0226669311523438 0.0193996429443359
0.169952392578125 -0.36993408203125 0.0141754150390625 0.0256290435791015
0.171051025390625 -0.336334228515625 0.00192260742187501 0.0451393127441406
0.195465087890625 -0.384002685546875 0.00587463378906251 0.0795364379882812
0.307281494140625 -0.288299560546875 -0.0691299438476563 0.0643844604492187
0.447418212890625 -0.05731201171875 -0.1390380859375 0.0639877319335938
0.407745361328125 0.214599609375 -0.129722595214844 -0.052825927734375
0.095977783203125 0.52447509765625 -0.0748291015625 -0.18316650390625
-0.17645263671875 0.576171875 0.0631103515625 -0.169113159179687
-0.400604248046875 0.4437255859375 0.148117065429687 -0.123138427734375
-0.309173583984375 0.453369140625 -0.262542724609375 0.1728515625
-0.080841064453125 0.48834228515625 -0.0854644775390625 0.213882446289063
0.16937255859375 0.430908203125 0.016998291015625 0.0959396362304688
0.370391845703125 0.20501708984375 -0.0262222290039062 0.0301189422607422
0.3602294921875 -0.026092529296875 -0.0701446533203125 0.0804519653320313
0.277328491210938 -0.261383056640625 -0.0390090942382812 0.115127563476562
0.160675048828125 -0.31768798828125 -0.016448974609375 0.155685424804687
0.1619873046875 -0.2890625 -0.01385498046875 0.1689453125
0.187408447265625 -0.32763671875 -0.0214080810546875 0.199554443359375
0.2744140625 -0.235122680664063 -0.1217041015625 0.165771484375
0.3834228515625 -0.030670166015625 -0.193801879882812 0.119125366210938
0.33612060546875 0.192169189453125 -0.171188354492187 -0.025054931640625
0.0705566406250001 0.451141357421875 -0.0846481323242188 -0.135330200195312
-0.154266357421875 0.49786376953125 0.0260848999023437 -0.0474357604980468
-0.354461669921875 0.402008056640625 -0.00539493560791018 0.0168561935424805
-0.1966552734375 0.362823486328125 -0.372894287109375 0.29266357421875
-0.032989501953125 0.366546630859375 -0.1231689453125 0.299102783203125
0.141387939453125 0.290771484375 0.00992584228515625 0.112861633300781
0.263992309570313 0.132537841796875 -0.0692634582519531 0.0443229675292969
0.245925903320313 -0.020416259765625 -0.120536804199219 0.109062194824219
0.198318481445313 -0.18206787109375 -0.0884857177734375 0.18878173828125
0.124725341796875 -0.216567993164063 -0.0429229736328125 0.25958251953125
0.1279296875 -0.197967529296875 -0.028778076171875 0.266082763671875
0.15167236328125 -0.222183227539063 -0.05108642578125 0.2899169921875
0.20440673828125 -0.142807006835938 -0.162429809570312 0.2374267578125
0.260818481445312 0.0061492919921875 -0.227798461914063 0.14556884765625
0.20361328125 0.147674560546875 -0.192169189453125 -0.00933837890624998
0.019866943359375 0.301513671875 -0.0811538696289062 -0.0921096801757813
-0.115386962890625 0.332733154296875 -0.00777816772460939 0.0523300170898438
-0.2542724609375 0.289886474609375 -0.138778686523438 0.13409423828125
-0.0528564453125 0.216140747070313 -0.447845458984375 0.38201904296875
0.018035888671875 0.192550659179687 -0.15460205078125 0.359832763671875
0.0962600708007813 0.110877990722656 0.00868225097656249 0.132080078125
0.122627258300781 0.038330078125 -0.0851364135742187 0.0600357055664062
0.0951995849609375 -0.0141143798828125 -0.138595581054687 0.117942810058594
0.0870437622070313 -0.0745086669921875 -0.117034912109375 0.227706909179688
0.0688247680664063 -0.082305908203125 -0.060211181640625 0.3201904296875
0.07275390625 -0.07684326171875 -0.0380859375 0.32403564453125
0.09228515625 -0.0849990844726563 -0.0762939453125 0.33837890625
0.105422973632813 -0.0336456298828125 -0.185256958007812 0.271438598632813
0.108085632324219 0.038543701171875 -0.23822021484375 0.143936157226562
0.0548782348632813 0.080657958984375 -0.19464111328125 -0.00846862792968752
-0.0209808349609375 0.116973876953125 -0.0688629150390625 -0.0644569396972656
-0.0519561767578125 0.128448486328125 -0.0348663330078125 0.110130310058594
-0.11224365234375 0.139083862304688 -0.232131958007813 0.209869384765625
-0.0851364135742188 0.002777099609375 0.2149658203125 -0.293365478515625
-0.027099609375 0.078521728515625 0.0413818359375 -0.15032958984375
0.0484390258789063 0.073333740234375 0.0302772521972656 0.0574455261230469
0.0688667297363281 0.0054473876953125 0.186981201171875 0.034454345703125
0.0605087280273437 -0.0446205139160156 0.231979370117188 -0.0984344482421875
0.0092315673828125 -0.0719833374023438 0.175201416015625 -0.273635864257812
-0.0249710083007812 -0.0785675048828125 0.070098876953125 -0.371307373046875
-0.0183944702148438 -0.0585479736328125 0.029296875 -0.341644287109375
-0.0180816650390625 -0.0597305297851563 0.05853271484375 -0.31597900390625
0.0259056091308594 -0.0520591735839844 0.123046875 -0.24761962890625
0.0543861389160156 -0.00603485107421875 0.112892150878906 -0.139305114746094
0.0346298217773438 0.0491676330566406 0.0691986083984375 -0.093902587890625
-0.0383720397949219 0.0501976013183594 0.0294952392578125 -0.189071655273438
-0.0798110961914063 0.0137863159179688 0.1522216796875 -0.394256591796875
-0.0464019775390625 -0.0467376708984375 0.527435302734375 -0.41571044921875
-0.228866577148437 0.181320190429688 0.189483642578125 -0.270217895507813
-0.0836944580078125 0.251983642578125 0.0409698486328125 -0.13116455078125
0.074737548828125 0.24407958984375 0.0227279663085938 0.0529518127441406
0.1927490234375 0.101242065429688 0.1619873046875 0.0326385498046875
0.198928833007813 -0.039886474609375 0.200912475585937 -0.06915283203125
0.122879028320313 -0.172348022460938 0.165390014648437 -0.235015869140625
0.0406951904296875 -0.214218139648437 0.07196044921875 -0.32666015625
0.047454833984375 -0.187286376953125 0.027191162109375 -0.298736572265625
0.0563507080078125 -0.2086181640625 0.0578460693359375 -0.269378662109375
0.138381958007813 -0.162277221679688 0.0940093994140625 -0.2147216796875
0.21624755859375 -0.0336761474609375 0.070343017578125 -0.111923217773438
0.18316650390625 0.1204833984375 0.0366439819335938 -0.100166320800781
0.000778198242187521 0.237960815429688 0.0082550048828125 -0.214401245117187
-0.132980346679688 0.231597900390625 0.14984130859375 -0.402130126953125
-0.193557739257813 0.138931274414063 0.503143310546875 -0.422515869140625
-0.33636474609375 0.334747314453125 0.112808227539062 -0.200912475585937
-0.122161865234375 0.402099609375 0.02197265625 -0.0749664306640625
0.10589599609375 0.38739013671875 0.0213470458984375 0.0570640563964844
0.30316162109375 0.182159423828125 0.130287170410156 0.0265045166015625
0.31719970703125 -0.035308837890625 0.150970458984375 -0.0384674072265625
0.220870971679687 -0.254074096679688 0.135345458984375 -0.172836303710938
0.099212646484375 -0.320159912109375 0.0612945556640625 -0.238525390625
0.1053466796875 -0.287261962890625 0.021148681640625 -0.2095947265625
0.12078857421875 -0.32568359375 0.0471038818359375 -0.1790771484375
0.229995727539063 -0.251510620117188 0.0460052490234375 -0.145172119140625
0.3524169921875 -0.0606689453125 0.00640869140625002 -0.0657196044921875
0.315216064453125 0.1751708984375 -0.015106201171875 -0.098663330078125
0.05059814453125 0.40240478515625 -0.023681640625 -0.2293701171875
-0.165924072265625 0.4267578125 0.12860107421875 -0.37017822265625
-0.3133544921875 0.30780029296875 0.421295166015625 -0.373504638671875
-0.385589599609375 0.4443359375 -0.00122070312500002 -0.0941009521484375
-0.130645751953125 0.508758544921875 -0.0076885223388672 0.00918292999267581
0.147430419921875 0.481719970703125 0.0244293212890625 0.0657615661621094
0.38958740234375 0.22918701171875 0.087005615234375 0.0200271606445313
0.39776611328125 -0.0355224609375 0.0826034545898438 -0.0016937255859375
0.28533935546875 -0.30511474609375 0.0849838256835938 -0.0863265991210938
0.14044189453125 -0.380279541015625 0.0403594970703125 -0.116844177246094
0.14544677734375 -0.34515380859375 0.0112152099609375 -0.0900650024414063
0.165679931640625 -0.39471435546875 0.0308265686035156 -0.0571250915527344
0.287322998046875 -0.303955078125 -0.0112533569335937 -0.0455665588378906
0.438079833984375 -0.078125 -0.0669631958007812 -0.000663757324218757
0.406158447265625 0.203125 -0.075653076171875 -0.0824813842773437
0.09619140625 0.5120849609375 -0.0577239990234375 -0.220001220703125
-0.172332763671875 0.55999755859375 0.09820556640625 -0.291046142578125
-0.385284423828125 0.425079345703125 0.298126220703125 -0.26934814453125
-0.373870849609375 0.49322509765625 -0.131278991699219 0.0360641479492188
-0.10980224609375 0.54693603515625 -0.0417404174804688 0.111747741699219
0.179046630859375 0.502777099609375 0.0252761840820313 0.0794448852539063
0.4246826171875 0.234771728515625 0.0320281982421875 0.0201854705810547
0.419525146484375 -0.04022216796875 0.0042686462402344 0.0401649475097656
0.30401611328125 -0.316314697265625 0.0239181518554688 0.0144367218017578
0.158843994140625 -0.385345458984375 0.0145015716552734 0.0222492218017578
0.1627197265625 -0.34942626953125 9.91821289062573E-05 0.0443267822265625
0.184814453125 -0.39935302734375 0.00944519042968751 0.0767059326171875
0.30181884765625 -0.304412841796875 -0.0683441162109375 0.0670394897460937
0.454742431640625 -0.0762939453125 -0.136360168457031 0.070159912109375
0.423431396484375 0.205078125 -0.133926391601562 -0.0528335571289062
0.11273193359375 0.534881591796875 -0.0816650390625 -0.183792114257813
-0.16326904296875 0.5936279296875 0.063262939453125 -0.172698974609375
-0.400604248046875 0.464569091796875 0.149627685546875 -0.12554931640625
-0.307403564453125 0.470306396484375 -0.259841918945313 0.178604125976563
-0.0703125 0.503997802734375 -0.0767822265625 0.21771240234375
0.183807373046875 0.438385009765625 0.021942138671875 0.0953903198242188
0.386444091796875 0.196197509765625 -0.0245265960693359 0.0298328399658203
0.369476318359375 -0.039215087890625 -0.0684585571289062 0.0838241577148438
0.272323608398438 -0.278411865234375 -0.0366058349609375 0.114151000976562
0.15191650390625 -0.332855224609375 -0.01251220703125 0.156234741210937
0.155181884765625 -0.302398681640625 -0.0117340087890625 0.171173095703125
0.178131103515625 -0.344390869140625 -0.0157928466796875 0.200515747070312
0.270614624023438 -0.249481201171875 -0.119049072265625 0.1712646484375
0.391632080078125 -0.0474853515625 -0.191574096679687 0.126510620117187
0.34991455078125 0.18585205078125 -0.174713134765625 -0.0232696533203125
0.0848388671875 0.460357666015625 -0.0895004272460938 -0.135574340820312
-0.146453857421875 0.512939453125 0.0291633605957031 -0.0466651916503906
-0.358184814453125 0.420562744140625 -0.00153923034667971 0.0218791961669922
-0.19561767578125 0.374969482421875 -0.370208740234375 0.306854248046875
-0.027252197265625 0.37835693359375 -0.11474609375 0.307525634765625
0.151611328125 0.2977294921875 0.01519775390625 0.112686157226563
0.277603149414063 0.125534057617188 -0.0677757263183594 0.0460395812988281
0.253753662109375 -0.0297698974609375 -0.120094299316406 0.113510131835938
0.195053100585938 -0.19464111328125 -0.0849456787109375 0.191848754882813
0.11962890625 -0.227981567382813 -0.0359954833984375 0.264480590820313
0.123260498046875 -0.209060668945312 -0.02288818359375 0.272125244140625
0.145492553710938 -0.235397338867188 -0.0430908203125 0.29443359375
0.203323364257813 -0.15472412109375 -0.157470703125 0.24578857421875
0.266891479492188 -0.0049896240234375 -0.225555419921875 0.154739379882813
0.213638305664063 0.144119262695313 -0.194931030273437 -0.00625610351562496
0.02996826171875 0.30828857421875 -0.0845718383789063 -0.0920639038085938
-0.109588623046875 0.343597412109375 -0.00562286376953126 0.0561790466308594
-0.2584228515625 0.30462646484375 -0.13690185546875 0.14599609375
-0.0528411865234375 0.220352172851562 -0.44549560546875 0.402801513671875
0.0201416015625 0.199798583984375 -0.146728515625 0.373138427734375
0.0996780395507812 0.11572265625 0.013885498046875 0.132972717285156
0.129486083984375 0.0345993041992188 -0.0830917358398437 0.0626678466796875
0.100067138671875 -0.0175628662109375 -0.137527465820313 0.123680114746094
0.0864944458007813 -0.0812530517578125 -0.113174438476563 0.233062744140625
0.0673294067382813 -0.0883560180664063 -0.0518798828125 0.327850341796875
0.0718994140625 -0.084075927734375 -0.03143310546875 0.33221435546875
0.090484619140625 -0.0937576293945312 -0.066558837890625 0.345550537109375
0.1065673828125 -0.0410690307617188 -0.179885864257812 0.280899047851563
0.112823486328125 0.0339584350585938 -0.237075805664063 0.152969360351563
0.0605239868164063 0.0808486938476563 -0.196823120117187 -0.00408935546875
-0.0171356201171875 0.121597290039062 -0.0724563598632813 -0.0628433227539062
-0.0518646240234375 0.134414672851563 -0.031768798828125 0.117324829101563
-0.116714477539063 0.147018432617188 -0.230667114257813 0.226959228515625
-0.0831680297851563 0.00610351562500001 0.205780029296875 -0.31427001953125
-0.0220184326171875 0.0754318237304688 0.0360870361328125 -0.160125732421875
0.0507850646972656 0.0693817138671875 0.0328903198242188 0.056365966796875
0.0670890808105469 0.00441360473632813 0.189773559570313 0.025177001953125
0.0574226379394531 -0.0459327697753906 0.228179931640625 -0.110137939453125
0.00402069091796875 -0.0719985961914063 0.162567138671875 -0.2838134765625
-0.0310745239257813 -0.0763778686523438 0.050872802734375 -0.3787841796875
-0.0220146179199219 -0.0554351806640625 0.012176513671875 -0.347625732421875
-0.0224990844726563 -0.0566635131835938 0.044464111328125 -0.3231201171875
0.0207252502441406 -0.0514144897460938 0.112396240234375 -0.25640869140625
0.0527496337890625 -0.0101242065429688 0.107421875 -0.145965576171875
0.0366287231445313 0.0465278625488281 0.0643157958984375 -0.0980606079101563
-0.0358123779296875 0.0514373779296875 0.0207977294921875 -0.192047119140625
-0.0757904052734375 0.0184707641601562 0.1346435546875 -0.407928466796875
-0.0457229614257812 -0.046630859375 0.51202392578125 -0.44647216796875
-0.2208251953125 0.192245483398438 0.1827392578125 -0.290008544921875
-0.0716552734375 0.253463745117188 0.038116455078125 -0.14129638671875
0.0856170654296875 0.241653442382813 0.026031494140625 0.052337646484375
0.1971435546875 0.09332275390625 0.164779663085938 0.0240325927734375
0.197647094726563 -0.04949951171875 0.198577880859375 -0.079010009765625
0.11236572265625 -0.180679321289063 0.15576171875 -0.24615478515625
0.0272674560546875 -0.217819213867188 0.054595947265625 -0.33538818359375
0.037200927734375 -0.18963623046875 0.011566162109375 -0.304931640625
0.044158935546875 -0.212493896484375 0.0450439453125 -0.278228759765625
0.128158569335938 -0.1707763671875 0.084503173828125 -0.2215576171875
0.215377807617188 -0.047393798828125 0.066619873046875 -0.116600036621094
0.191085815429688 0.110855102539063 0.0318603515625 -0.103988647460938
0.01434326171875 0.242019653320312 -0.00202941894531248 -0.216949462890625
-0.119186401367188 0.241470336914063 0.133331298828125 -0.415496826171875
-0.187759399414063 0.15020751953125 0.48785400390625 -0.451568603515625
-0.322265625 0.35186767578125 0.108444213867188 -0.216766357421875
-0.10400390625 0.40771484375 0.0226516723632812 -0.0845184326171875
0.124267578125 0.386444091796875 0.0254631042480469 0.0553817749023438
0.3134765625 0.167755126953125 0.132438659667969 0.0192642211914063
0.318695068359375 -0.05194091796875 0.150344848632813 -0.045501708984375
0.206466674804687 -0.268875122070312 0.12774658203125 -0.182830810546875
0.080474853515625 -0.32965087890625 0.0485992431640625 -0.246932983398438
0.089508056640625 -0.29522705078125 0.00843811035156253 -0.214767456054688
0.102142333984375 -0.336822509765625 0.038848876953125 -0.1868896484375
0.2166748046875 -0.266632080078125 0.0394287109375 -0.148406982421875
0.351806640625 -0.082763671875 0.00536346435546877 -0.0661582946777344
0.328155517578125 0.158447265625 -0.0207748413085937 -0.1002197265625
0.07244873046875 0.407012939453125 -0.0344696044921875 -0.23004150390625
-0.14312744140625 0.441314697265625 0.114654541015625 -0.38287353515625
-0.302490234375 0.3265380859375 0.409088134765625 -0.39715576171875
-0.36962890625 0.4659423828125 -0.00180053710937503 -0.103111267089844
-0.1070556640625 0.517486572265625 -0.00293993949890137 0.00319623947143558
0.173248291015625 0.48126220703125 0.0291557312011719 0.0635299682617188
0.405120849609375 0.209930419921875 0.089813232421875 0.0136871337890625
0.401123046875 -0.05816650390625 0.0837173461914063 -0.00597381591796875
0.268402099609375 -0.3251953125 0.08135986328125 -0.0951919555664063
0.118865966796875 -0.393798828125 0.0340118408203125 -0.123619079589844
0.12725830078125 -0.357086181640625 0.00321197509765626 -0.0919952392578125
0.142730712890625 -0.409332275390625 0.0284500122070313 -0.0629348754882813
0.271759033203125 -0.321990966796875 -0.0135269165039062 -0.0451545715332032
0.4390869140625 -0.10540771484375 -0.0644989013671875 0.00244522094726563
0.42230224609375 0.182861328125 -0.0815277099609375 -0.0811614990234375
0.1243896484375 0.51568603515625 -0.067657470703125 -0.218917846679687
-0.14605712890625 0.576171875 0.0892333984375 -0.298919677734375
-0.373046875 0.449462890625 0.290618896484375 -0.283050537109375
-0.357635498046875 0.514007568359375 -0.127021789550781 0.0378036499023438
-0.08544921875 0.557281494140625 -0.0327682495117188 0.109634399414063
0.206390380859375 0.503265380859375 0.0313034057617188 0.07659912109375
0.442779541015625 0.211639404296875 0.0354385375976563 0.0169258117675781
0.423309326171875 -0.06353759765625 0.00775527954101565 0.0410652160644531
0.28826904296875 -0.3367919921875 0.0246696472167969 0.00912475585937498
0.137847900390625 -0.400848388671875 0.0152034759521484 0.0180873870849609
0.144500732421875 -0.3638916015625 -0.00135421752929687 0.0447120666503906
0.162933349609375 -0.41748046875 0.0133056640625 0.0729141235351562
0.286346435546875 -0.32391357421875 -0.0661163330078125 0.0717239379882812
0.4544677734375 -0.104339599609375 -0.132415771484375 0.0782241821289062
0.43804931640625 0.184814453125 -0.137992858886719 -0.0486297607421875
0.140777587890625 0.53582763671875 -0.0890960693359375 -0.181549072265625
-0.1358642578125 0.6094970703125 0.059967041015625 -0.1771240234375
-0.386993408203125 0.491119384765625 0.147979736328125 -0.131500244140625
-0.29327392578125 0.489349365234375 -0.250564575195313 0.188034057617188
-0.050445556640625 0.515380859375 -0.0639495849609375 0.220809936523438
0.20989990234375 0.439300537109375 0.0286941528320313 0.092742919921875
0.4029541015625 0.175048828125 -0.021249771118164 0.0296306610107422
0.37359619140625 -0.06024169921875 -0.0640029907226562 0.0880508422851562
0.2578125 -0.29754638671875 -0.0318222045898437 0.112922668457031
0.133880615234375 -0.34796142578125 -0.005096435546875 0.156478881835938
0.139801025390625 -0.31622314453125 -0.00712585449218749 0.173446655273437
0.15948486328125 -0.3616943359375 -0.00581359863281249 0.199798583984375
0.258956909179688 -0.26812744140625 -0.111129760742187 0.178665161132812
0.39288330078125 -0.072265625 -0.184982299804687 0.137893676757813
0.364776611328125 0.169525146484375 -0.17822265625 -0.0166473388671875
0.10931396484375 0.462799072265625 -0.0960845947265625 -0.131996154785156
-0.122802734375 0.5255126953125 0.0305061340332031 -0.0471687316894531
-0.3468017578125 0.443450927734375 0.00150108337402342 0.0257911682128906
-0.184051513671875 0.387908935546875 -0.3572998046875 0.324981689453125
-0.010833740234375 0.38726806640625 -0.0982666015625 0.316192626953125
0.168121337890625 0.2998046875 0.0229949951171875 0.111618041992188
0.290435791015625 0.11016845703125 -0.0642738342285156 0.0479087829589844
0.25823974609375 -0.044586181640625 -0.114517211914062 0.121086120605469
0.185546875 -0.20928955078125 -0.0771942138671875 0.194412231445313
0.107666015625 -0.240859985351563 -0.023284912109375 0.268264770507813
0.11260986328125 -0.220855712890625 -0.012298583984375 0.276565551757813
0.133010864257813 -0.25 -0.028289794921875 0.296783447265625
0.19580078125 -0.1688232421875 -0.14599609375 0.255111694335938
0.271163940429688 -0.0228118896484375 -0.21759033203125 0.168319702148437
0.225936889648438 0.133956909179688 -0.19775390625 0.00202941894531248
0.0455322265625 0.31201171875 -0.0900115966796875 -0.0881500244140625
-0.09552001953125 0.3533935546875 -0.0001678466796875 0.0598983764648438
-0.2523193359375 0.322601318359375 -0.128829956054688 0.159133911132813
-0.0478515625 0.22515869140625 -0.430572509765625 0.426971435546875
0.027099609375 0.205825805664062 -0.1285400390625 0.38641357421875
0.105537414550781 0.116493225097656 0.021942138671875 0.132598876953125
0.135566711425781 0.0275115966796875 -0.0799102783203125 0.0668563842773438
0.103324890136719 -0.0246658325195312 -0.132843017578125 0.130767822265625
0.0835418701171875 -0.0883026123046875 -0.104080200195312 0.23944091796875
0.0635528564453125 -0.0952377319335937 -0.035736083984375 0.33349609375
0.0682830810546875 -0.0910491943359375 -0.01544189453125 0.3375244140625
0.0857620239257812 -0.103424072265625 -0.050201416015625 0.35162353515625
0.105865478515625 -0.0500411987304688 -0.166717529296875 0.290863037109375
0.117507934570313 0.0261077880859375 -0.228866577148438 0.166763305664063
0.0676422119140625 0.0786056518554688 -0.198715209960937 0.00558471679687499
-0.010467529296875 0.1246337890625 -0.0766143798828125 -0.0596160888671875
-0.0481109619140625 0.139900207519531 -0.0257568359375 0.123786926269531
-0.116943359375 0.1571044921875 -0.22027587890625 0.246871948242188
-0.0793914794921875 0.00914001464843751 0.187591552734375 -0.328094482421875
-0.017242431640625 0.0705795288085938 0.0282440185546875 -0.167190551757812
0.0519485473632813 0.0627555847167969 0.035552978515625 0.0536537170410156
0.0650444030761719 0.00276947021484375 0.188385009765625 0.0145416259765625
0.0530967712402344 -0.0467605590820313 0.21826171875 -0.120269775390625
-0.000984191894531249 -0.0706634521484375 0.14495849609375 -0.288055419921875
-0.0365676879882812 -0.0711135864257813 0.02880859375 -0.378021240234375
-0.0251045227050781 -0.0506439208984375 -0.00711059570312501 -0.344879150390625
-0.0253524780273437 -0.0523185729980469 0.02667236328125 -0.32293701171875
0.0155029296875 -0.0496749877929688 0.09698486328125 -0.25885009765625
0.0495452880859375 -0.0135879516601562 0.098724365234375 -0.150100708007813
0.0375938415527344 0.0422782897949219 0.0579605102539062 -0.100242614746094
-0.031646728515625 0.0522308349609375 0.00997924804687502 -0.19146728515625
-0.0699081420898437 0.0212516784667969 0.1104736328125 -0.414093017578125
-0.0442962646484375 -0.0452804565429688 0.480865478515625 -0.469512939453125
-0.207473754882813 0.200576782226562 0.167083740234375 -0.304595947265625
-0.05718994140625 0.247772216796875 0.0318756103515625 -0.148910522460937
0.096221923828125 0.232650756835937 0.0288658142089844 0.0488395690917969
0.198379516601563 0.082183837890625 0.163803100585938 0.0141754150390625
0.191787719726562 -0.0586090087890625 0.191207885742187 -0.088531494140625
0.0985565185546875 -0.183868408203125 0.1405029296875 -0.251907348632813
0.0124359130859375 -0.215621948242188 0.034149169921875 -0.335662841796875
0.0250396728515625 -0.187576293945313 -0.00698852539062499 -0.302398681640625
0.0299072265625 -0.211532592773438 0.030029296875 -0.279693603515625
0.114486694335938 -0.17437744140625 0.0721588134765625 -0.222442626953125
0.208297729492188 -0.061492919921875 0.0607833862304688 -0.118247985839844
0.194854736328125 0.0975799560546875 0.0246505737304687 -0.104568481445312
0.029510498046875 0.23974609375 -0.0128936767578125 -0.214614868164062
-0.10113525390625 0.245208740234375 0.110107421875 -0.420989990234375
-0.17608642578125 0.158187866210938 0.459747314453125 -0.473114013671875
-0.30157470703125 0.363128662109375 0.0987701416015625 -0.228302001953125
-0.082183837890625 0.403472900390625 0.0206146240234375 -0.092315673828125
0.142181396484375 0.376251220703125 0.0292282104492188 0.0515174865722656
0.3177490234375 0.14892578125 0.132575988769531 0.00974273681640626
0.311798095703125 -0.06781005859375 0.146316528320313 -0.0526123046875
0.18487548828125 -0.276473999023438 0.115097045898438 -0.189834594726563
0.058380126953125 -0.330108642578125 0.0322418212890625 -0.248687744140625
0.071197509765625 -0.29595947265625 -0.0051422119140625 -0.212432861328125
0.079254150390625 -0.339111328125 0.0285491943359375 -0.190017700195313
0.196212768554688 -0.2747802734375 0.03125 -0.147842407226563
0.340789794921875 -0.10498046875 0.00303268432617189 -0.0648727416992188
0.33343505859375 0.1370849609375 -0.02655029296875 -0.0989303588867188
0.095184326171875 0.40081787109375 -0.045013427734375 -0.22503662109375
-0.113922119140625 0.4447021484375 0.0959777832031249 -0.3865966796875
-0.282623291015625 0.33978271484375 0.384490966796875 -0.413330078125
-0.343048095703125 0.478668212890625 -0.00333404541015628 -0.10931396484375
-0.0796508789062499 0.513397216796875 0.0011599063873291 -0.00411653518676755
0.19549560546875 0.469573974609375 0.0336341857910156 0.0588188171386719
0.410125732421875 0.18359375 0.0900955200195313 0.00736236572265626
0.39300537109375 -0.080047607421875 0.0831146240234375 -0.0099945068359375
0.24310302734375 -0.33642578125 0.0744400024414063 -0.101531982421875
0.093292236328125 -0.397216796875 0.0248031616210937 -0.126472473144531
0.1048583984375 -0.359649658203125 -0.003387451171875 -0.0908966064453125
0.114501953125 -0.41436767578125 0.0242500305175781 -0.0679588317871094
0.2481689453125 -0.3338623046875 -0.0151138305664062 -0.0429306030273438
0.425384521484375 -0.133636474609375 -0.0620689392089843 0.00628662109374999
0.42822265625 0.15673828125 -0.0862350463867187 -0.0765457153320312
0.1514892578125 0.506195068359375 -0.077056884765625 -0.211868286132813
-0.1109619140625 0.58001708984375 0.075927734375 -0.30157470703125
-0.347076416015625 0.465179443359375 0.273712158203125 -0.294525146484375
-0.3309326171875 0.52685546875 -0.120338439941406 0.0370559692382813
-0.05682373046875 0.556304931640625 -0.0228347778320312 0.104400634765625
0.232452392578125 0.49029541015625 0.0366363525390625 0.0713653564453125
0.44866943359375 0.182342529296875 0.0369453430175782 0.0125236511230469
0.41546630859375 -0.087249755859375 0.0111846923828125 0.0404510498046875
0.26177978515625 -0.350494384765625 0.0240154266357422 0.00385665893554685
0.110504150390625 -0.406585693359375 0.0136899948120117 0.0148477554321289
0.121826171875 -0.368438720703125 -0.00136947631835937 0.0445556640625
0.13238525390625 -0.423309326171875 0.0166168212890625 0.0676841735839843
0.26202392578125 -0.3382568359375 -0.0606765747070312 0.075164794921875
0.44171142578125 -0.133056640625 -0.123878479003906 0.0836334228515625
0.4442138671875 0.15753173828125 -0.140380859375 -0.0414810180664063
0.168182373046875 0.52728271484375 -0.0968780517578125 -0.173965454101562
-0.1033935546875 0.61016845703125 0.05377197265625 -0.178741455078125
-0.362518310546875 0.507171630859375 0.141250610351562 -0.136215209960937
-0.269378662109375 0.498260498046875 -0.23504638671875 0.194503784179688
-0.024017333984375 0.512908935546875 -0.04736328125 0.218276977539063
0.230743408203125 0.4283447265625 0.0354995727539063 0.0879898071289063
0.409454345703125 0.148956298828125 -0.0179424285888672 0.0283908843994141
0.36846923828125 -0.082366943359375 -0.0573196411132812 0.090789794921875
0.23590087890625 -0.3104248046875 -0.0262527465820312 0.10894775390625
0.110198974609375 -0.354827880859375 0.0023345947265625 0.152374267578125
0.1201171875 -0.322296142578125 0.000503540039062526 0.173019409179687
0.1329345703125 -0.369781494140625 0.00404357910156252 0.1942138671875
0.23876953125 -0.281951904296875 -0.0995941162109375 0.182510375976563
0.3829345703125 -0.096954345703125 -0.173110961914063 0.1463623046875
0.369598388671875 0.1470947265625 -0.177841186523438 -0.00753784179687496
0.132232666015625 0.45391845703125 -0.101211547851562 -0.125389099121094
-0.0949707031250001 0.529052734375 0.030487060546875 -0.0474739074707031
-0.325347900390625 0.459381103515625 0.00487136840820311 0.028106689453125
-0.168182373046875 0.392364501953125 -0.3348388671875 0.3385009765625
0.0069580078125 0.387603759765625 -0.077911376953125 0.317138671875
0.183563232421875 0.292877197265625 0.0303573608398438 0.107307434082031
0.29498291015625 0.091094970703125 -0.0592727661132812 0.049591064453125
0.255157470703125 -0.0607147216796875 -0.1058349609375 0.125724792480469
0.17132568359375 -0.220199584960937 -0.0667724609375 0.193252563476563
0.0912933349609375 -0.246719360351563 -0.00926208496093748 0.264846801757813
0.0985260009765625 -0.2266845703125 0.00146484375000002 0.2752685546875
0.114028930664063 -0.258438110351563 -0.01202392578125 0.29241943359375
0.182952880859375 -0.180999755859375 -0.130386352539062 0.258880615234375
0.266128540039063 -0.03997802734375 -0.204635620117188 0.177444458007812
0.2315673828125 0.119781494140625 -0.195220947265625 0.0121612548828125
0.06201171875 0.307891845703125 -0.0934371948242188 -0.0816116333007812
-0.077301025390625 0.355194091796875 0.00587463378906249 0.0609817504882813
-0.237701416015625 0.334625244140625 -0.116806030273438 0.167160034179688
-0.0410003662109375 0.224594116210937 -0.403228759765625 0.4443359375
0.0361480712890625 0.2066650390625 -0.105316162109375 0.390350341796875
0.110824584960938 0.114547729492188 0.02978515625 0.128471374511719
0.136878967285156 0.0188446044921875 -0.0741348266601563 0.0689620971679688
0.103439331054688 -0.03131103515625 -0.123550415039063 0.136505126953125
0.0780258178710937 -0.0939788818359375 -0.0905609130859375 0.240203857421875
0.0573196411132813 -0.100555419921875 -0.016998291015625 0.33148193359375
0.0618896484375 -0.096710205078125 0.00234985351562501 0.335906982421875
0.0775070190429688 -0.10980224609375 -0.029266357421875 0.34967041015625
0.101036071777344 -0.0579071044921875 -0.147735595703125 0.296051025390625
0.117874145507813 0.016876220703125 -0.214889526367188 0.177291870117188
0.0731201171875 0.0738067626953125 -0.1953125 0.016021728515625
-0.00368499755859374 0.124626159667969 -0.0791244506835938 -0.054229736328125
-0.0413665771484375 0.142135620117188 -0.017120361328125 0.126998901367188
-0.11151123046875 0.164169311523437 -0.203079223632813 0.260498046875
-0.074920654296875 0.0100860595703125 0.171783447265625 -0.332855224609375
-0.0141220092773437 0.0639305114746094 0.021270751953125 -0.170303344726563
0.0506439208984375 0.056884765625 0.0368194580078125 0.0499191284179688
0.0628242492675781 0.0017547607421875 0.182754516601563 0.0059967041015625
0.0495872497558594 -0.0461235046386719 0.20709228515625 -0.124832153320312
-0.00548934936523437 -0.0671806335449219 0.13043212890625 -0.284088134765625
-0.0394935607910156 -0.0651931762695313 0.011993408203125 -0.369110107421875
-0.0267601013183594 -0.0455169677734375 -0.01983642578125 -0.336639404296875
-0.0272903442382813 -0.0472030639648438 0.014007568359375 -0.316070556640625
0.0112762451171875 -0.0469856262207031 0.085235595703125 -0.254318237304688
0.0456314086914063 -0.0164642333984375 0.0901641845703125 -0.149276733398438
0.036865234375 0.0380287170410156 0.051910400390625 -0.100143432617188
-0.0273017883300781 0.0506744384765625 0.00288391113281252 -0.186859130859375
-0.0637016296386719 0.0222854614257813 0.091796875 -0.4100341796875
-0.0421028137207031 -0.0437889099121094 0.44970703125 -0.4716796875
-0.194244384765625 0.20068359375 0.15313720703125 -0.30975341796875
-0.0478668212890625 0.237213134765625 0.0270843505859375 -0.15374755859375
0.0999908447265625 0.221450805664063 0.0303115844726563 0.0445518493652344
0.194122314453125 0.0730133056640625 0.159332275390625 0.0058746337890625
0.183929443359375 -0.0632171630859375 0.1822509765625 -0.092803955078125
0.0867767333984375 -0.181503295898438 0.126678466796875 -0.250228881835938
0.00196838378906249 -0.208892822265625 0.019012451171875 -0.32904052734375
0.0175933837890625 -0.181655883789063 -0.018402099609375 -0.294342041015625
0.01861572265625 -0.20574951171875 0.018829345703125 -0.275253295898438
0.102249145507813 -0.172378540039062 0.0618133544921875 -0.218582153320313
0.198104858398438 -0.0702667236328125 0.0546493530273438 -0.117469787597656
0.192718505859375 0.0862274169921875 0.0195083618164063 -0.102951049804688
0.038787841796875 0.232864379882812 -0.0192413330078125 -0.208831787109375
-0.08575439453125 0.242507934570313 0.092437744140625 -0.417633056640625
-0.165130615234375 0.1600341796875 0.42926025390625 -0.474945068359375
-0.281524658203125 0.362060546875 0.090545654296875 -0.233535766601562
-0.066986083984375 0.388916015625 0.0191497802734375 -0.0989761352539062
0.151336669921875 0.36083984375 0.0314788818359375 0.0465736389160156
0.31329345703125 0.131927490234375 0.128746032714844 0.00264739990234376
0.3001708984375 -0.07733154296875 0.140823364257813 -0.0562591552734375
0.166519165039062 -0.275375366210938 0.104690551757813 -0.190841674804688
0.040863037109375 -0.323486328125 0.0202178955078125 -0.24468994140625
0.05792236328125 -0.290496826171875 -0.014678955078125 -0.2061767578125
0.0599365234375 -0.333160400390625 0.020111083984375 -0.188858032226563
0.177154541015625 -0.27398681640625 0.02569580078125 -0.14398193359375
0.32537841796875 -0.1175537109375 0.00165939331054689 -0.0636787414550781
0.328826904296875 0.12017822265625 -0.03070068359375 -0.0954132080078125
0.10894775390625 0.38897705078125 -0.050872802734375 -0.217025756835937
-0.09228515625 0.437469482421875 0.081298828125 -0.381744384765625
-0.26470947265625 0.341339111328125 0.36090087890625 -0.413604736328125
-0.320465087890625 0.475921630859375 -0.00473022460937501 -0.11444091796875
-0.061737060546875 0.499114990234375 0.00369644165039062 -0.0119132995605468
0.207550048828125 0.451568603515625 0.0360260009765625 0.0532112121582032
0.405426025390625 0.16253662109375 0.0877304077148438 0.00125885009765626
0.38006591796875 -0.092498779296875 0.0817337036132813 -0.0126876831054688
0.22064208984375 -0.336273193359375 0.0679550170898438 -0.104904174804688
0.071929931640625 -0.39166259765625 0.0179367065429688 -0.126617431640625
0.087921142578125 -0.35406494140625 -0.00787353515625 -0.0872421264648438
0.09149169921875 -0.40802001953125 0.0204658508300781 -0.0700607299804688
0.225799560546875 -0.334503173828125 -0.0155296325683594 -0.0408668518066406
0.4068603515625 -0.148681640625 -0.0587120056152343 0.00842285156249999
0.422210693359375 0.137481689453125 -0.0875778198242187 -0.0713119506835938
0.1669921875 0.49072265625 -0.081085205078125 -0.2037353515625
-0.0869750976562501 0.568359375 0.064788818359375 -0.297760009765625
-0.3251953125 0.466156005859375 0.257293701171875 -0.295166015625
-0.309173583984375 0.521575927734375 -0.113555908203125 0.033843994140625
-0.0388183593750001 0.540252685546875 -0.0152816772460937 0.0963134765625
0.245269775390625 0.472015380859375 0.0391731262207031 0.0652732849121094
0.4443359375 0.15850830078125 0.0365028381347657 0.00869750976562501
0.402374267578125 -0.1011962890625 0.0135078430175781 0.0386199951171875
0.23870849609375 -0.35247802734375 0.0220489501953125 -0.0016288757324219
0.088836669921875 -0.401153564453125 0.0126352310180664 0.0111827850341797
0.1041259765625 -0.3642578125 -0.000877380371093745 0.0446891784667968
0.107635498046875 -0.419525146484375 0.0172805786132813 0.061981201171875
0.23907470703125 -0.338623046875 -0.0556564331054688 0.0753860473632812
0.422027587890625 -0.148406982421875 -0.115623474121094 0.0864105224609375
0.437774658203125 0.137481689453125 -0.138885498046875 -0.0351409912109375
0.183746337890625 0.51055908203125 -0.0992431640625 -0.166000366210937
-0.0771484375 0.59771728515625 0.048583984375 -0.176162719726562
-0.33917236328125 0.507598876953125 0.133842468261719 -0.135231018066406
-0.250213623046875 0.4935302734375 -0.220901489257812 0.19293212890625
-0.00750732421875005 0.501190185546875 -0.035736083984375 0.209686279296875
0.242156982421875 0.41339111328125 0.0385284423828125 0.0817413330078125
0.40484619140625 0.127166748046875 -0.0155277252197265 0.0259876251220703
0.357177734375 -0.09521484375 -0.050079345703125 0.0892486572265625
0.2159423828125 -0.312652587890625 -0.022857666015625 0.103370666503906
0.090911865234375 -0.352325439453125 0.00671386718750002 0.1463623046875
0.104339599609375 -0.3194580078125 0.00558471679687499 0.169387817382812
0.110809326171875 -0.36663818359375 0.010406494140625 0.185470581054687
0.2198486328125 -0.28448486328125 -0.0894012451171875 0.18133544921875
0.36810302734375 -0.11114501953125 -0.16058349609375 0.14788818359375
0.365509033203125 0.129486083984375 -0.174102783203125 -0.00126647949218748
0.14532470703125 0.4410400390625 -0.102058410644531 -0.117927551269531
-0.0736999511718749 0.51763916015625 0.0314102172851562 -0.0468597412109375
-0.30572509765625 0.460205078125 0.00727844238281248 0.0292377471923828
-0.15625 0.387786865234375 -0.3125 0.338897705078125
0.0196533203125 0.379669189453125 -0.061248779296875 0.3106689453125
0.190643310546875 0.28460693359375 0.034576416015625 0.101325988769531
0.291351318359375 0.07672119140625 -0.0552215576171875 0.0487098693847656
0.248626708984375 -0.070068359375 -0.0965576171875 0.125755310058594
0.156723022460938 -0.222244262695312 -0.0588836669921875 0.187179565429688
0.077728271484375 -0.246780395507812 0.00068664550781248 0.256576538085937
0.087371826171875 -0.2265625 0.0115814208984375 0.269393920898438
0.0982818603515625 -0.258026123046875 -0.00158691406249998 0.28277587890625
0.169021606445313 -0.183990478515625 -0.116592407226563 0.255844116210938
0.256698608398438 -0.0515899658203125 -0.190139770507813 0.17962646484375
0.23016357421875 0.108184814453125 -0.189422607421875 0.018768310546875
0.071624755859375 0.299224853515625 -0.0937042236328125 -0.0760498046875
-0.063385009765625 0.350189208984375 0.0106773376464844 0.0605812072753907
-0.22406005859375 0.33685302734375 -0.106369018554688 0.169296264648438
-0.03643798828125 0.220809936523437 -0.37548828125 0.44720458984375
0.040924072265625 0.204071044921875 -0.0869140625 0.385345458984375
0.112525939941406 0.112388610839844 0.033721923828125 0.1226806640625
0.134956359863281 0.0123748779296875 -0.0688934326171875 0.0689201354980469
0.100975036621094 -0.0350418090820313 -0.114334106445313 0.13653564453125
0.0725326538085938 -0.0956878662109375 -0.08062744140625 0.235260009765625
0.052001953125 -0.10284423828125 -0.00387573242187499 0.323333740234375
0.0572433471679688 -0.0986862182617188 0.01458740234375 0.32794189453125
0.0699005126953125 -0.11224365234375 -0.016357421875 0.33941650390625
0.0952377319335938 -0.0628509521484375 -0.1318359375 0.29144287109375
0.1162109375 0.0100860595703125 -0.199722290039063 0.179901123046875
0.07550048828125 0.06842041015625 -0.18865966796875 0.02301025390625
0.00127410888671875 0.122360229492188 -0.0790176391601563 -0.0493316650390625
-0.0367431640625 0.141311645507813 -0.00995635986328126 0.126663208007813
-0.106307983398438 0.166763305664062 -0.186065673828125 0.263565063476563
-0.0711517333984375 0.00978851318359374 0.162567138671875 -0.332122802734375
-0.0148773193359375 0.0573081970214844 0.017852783203125 -0.1724853515625
0.0477523803710938 0.0529289245605469 0.0371627807617188 0.0467987060546875
0.0605850219726563 0.00148773193359375 0.178009033203125 0.0019989013671875
0.0475959777832031 -0.0452079772949219 0.1988525390625 -0.12457275390625
-0.00740051269531251 -0.064666748046875 0.123306274414063 -0.278671264648437
-0.0401611328125 -0.0606040954589844 0.00616455078125004 -0.360198974609375
-0.0263404846191406 -0.0420303344726563 -0.02392578125 -0.328887939453125
-0.0275993347167969 -0.0440025329589844 0.010223388671875 -0.309783935546875
0.00942611694335938 -0.0440597534179688 0.08056640625 -0.24884033203125
0.0427284240722656 -0.01702880859375 0.0851898193359375 -0.146041870117188
0.0354995727539063 0.0353546142578125 0.048675537109375 -0.0983047485351563
-0.0246124267578125 0.0486335754394531 -0.000457763671875012 -0.183441162109375
-0.0589370727539063 0.0211563110351562 0.083251953125 -0.40350341796875
-0.0393257141113281 -0.0439071655273438 0.434722900390625 -0.46551513671875
-0.186309814453125 0.196609497070313 0.14617919921875 -0.311798095703125
-0.0464935302734375 0.22686767578125 0.024749755859375 -0.15875244140625
0.0986328125 0.21441650390625 0.030731201171875 0.0414772033691406
0.189712524414063 0.0695648193359375 0.154296875 0.0018310546875
0.179000854492188 -0.0635833740234375 0.1763916015625 -0.092742919921875
0.0794677734375 -0.177947998046875 0.119873046875 -0.246658325195313
-0.00312805175781248 -0.201980590820313 0.012847900390625 -0.32305908203125
0.01416015625 -0.17626953125 -0.02264404296875 -0.287567138671875
0.0126953125 -0.199752807617188 0.01470947265625 -0.27105712890625
0.0952911376953125 -0.16827392578125 0.0587005615234375 -0.213333129882813
0.189666748046875 -0.0726470947265625 0.0518112182617188 -0.114646911621094
0.188812255859375 0.0805511474609375 0.01690673828125 -0.100868225097656
0.0431976318359375 0.2279052734375 -0.020965576171875 -0.204086303710938
-0.0770416259765625 0.237548828125 0.084228515625 -0.41058349609375
-0.159133911132813 0.1580810546875 0.4150390625 -0.467681884765625
-0.272705078125 0.35589599609375 0.086395263671875 -0.23687744140625
-0.063690185546875 0.376312255859375 0.0179443359375 -0.105560302734375
0.15106201171875 0.35076904296875 0.0313644409179688 0.0419235229492188
0.30596923828125 0.12481689453125 0.124908447265625 -0.00130462646484374
0.292022705078125 -0.079620361328125 0.136917114257813 -0.0568618774414063
0.156463623046875 -0.271392822265625 0.0988616943359375 -0.18951416015625
0.03253173828125 -0.3165283203125 0.014495849609375 -0.241958618164063
0.052764892578125 -0.283294677734375 -0.017730712890625 -0.201065063476563
0.049774169921875 -0.325927734375 0.0165557861328125 -0.186752319335938
0.167190551757813 -0.270004272460938 0.024444580078125 -0.140090942382813
0.313446044921875 -0.122222900390625 0.00157546997070315 -0.06195068359375
0.32305908203125 0.113006591796875 -0.0317535400390625 -0.09283447265625
0.113739013671875 0.38140869140625 -0.0509490966796875 -0.21246337890625
-0.081298828125 0.428253173828125 0.076141357421875 -0.376007080078125
-0.25604248046875 0.33746337890625 0.348846435546875 -0.40606689453125
-0.31134033203125 0.467315673828125 -0.00468444824218752 -0.1190185546875
-0.057861328125 0.483428955078125 0.00484085083007812 -0.0197486877441406
0.20782470703125 0.441314697265625 0.036163330078125 0.0488128662109375
0.3974609375 0.15106201171875 0.0857696533203125 -0.00244140624999999
0.3704833984375 -0.096710205078125 0.080841064453125 -0.0136871337890625
0.206573486328125 -0.333984375 0.0635528564453125 -0.106491088867188
0.061187744140625 -0.384368896484375 0.0137252807617188 -0.126235961914063
0.080902099609375 -0.347320556640625 -0.010101318359375 -0.08465576171875
0.0787353515625 -0.40057373046875 0.01788330078125 -0.071502685546875
0.212615966796875 -0.330352783203125 -0.0144844055175781 -0.0392990112304688
0.393280029296875 -0.15338134765625 -0.0559501647949219 0.00892257690429686
0.414642333984375 0.12841796875 -0.0868377685546875 -0.0679779052734375
0.17108154296875 0.479949951171875 -0.0800323486328125 -0.197982788085937
-0.075347900390625 0.55584716796875 0.06231689453125 -0.293365478515625
-0.315948486328125 0.45965576171875 0.24957275390625 -0.2874755859375
-0.30096435546875 0.51385498046875 -0.109405517578125 0.0279083251953125
-0.034088134765625 0.527191162109375 -0.0116424560546875 0.0877456665039063
0.24664306640625 0.463409423828125 0.039337158203125 0.0605010986328125
0.4351806640625 0.14825439453125 0.0359649658203125 0.00585937500000001
0.392608642578125 -0.1048583984375 0.0158042907714844 0.0369300842285156
0.22467041015625 -0.348297119140625 0.0200309753417969 -0.00522232055664065
0.077056884765625 -0.39544677734375 0.0106630325317383 0.00800800323486326
0.09698486328125 -0.358978271484375 -0.000980377197265619 0.0445709228515625
0.096160888671875 -0.411468505859375 0.0168075561523438 0.05755615234375
0.226806640625 -0.333953857421875 -0.0521316528320312 0.0746307373046875
0.40838623046875 -0.1534423828125 -0.109977722167969 0.0856475830078125
0.4298095703125 0.128936767578125 -0.135993957519531 -0.0324325561523438
0.18707275390625 0.499542236328125 -0.0974884033203125 -0.161422729492187
-0.0678100585937499 0.58551025390625 0.0482635498046875 -0.174270629882812
-0.330078125 0.50201416015625 0.130889892578125 -0.13140869140625
-0.24420166015625 0.485076904296875 -0.211654663085938 0.186798095703125
-0.00341796875000004 0.489654541015625 -0.029632568359375 0.201385498046875
0.2454833984375 0.407379150390625 0.0390472412109375 0.076995849609375
0.398223876953125 0.1180419921875 -0.0147132873535156 0.0241527557373047
0.349334716796875 -0.0987548828125 -0.0456924438476562 0.0876617431640625
0.203857421875 -0.309722900390625 -0.0221939086914062 0.0977401733398438
0.08099365234375 -0.348052978515625 0.00738525390625 0.140609741210937
0.096954345703125 -0.31646728515625 0.00744628906250001 0.167068481445313
0.09979248046875 -0.361328125 0.011505126953125 0.179153442382812
0.208343505859375 -0.281707763671875 -0.0841064453125 0.177566528320312
0.35614013671875 -0.116241455078125 -0.152664184570312 0.146316528320313
0.3594970703125 0.1224365234375 -0.169784545898438 0.00199890136718748
0.14788818359375 0.43170166015625 -0.100105285644531 -0.1138916015625
-0.066131591796875 0.506256103515625 0.0322418212890625 -0.0463600158691406
-0.2978515625 0.45574951171875 0.00901985168457029 0.0305614471435547
-0.153594970703125 0.3826904296875 -0.300018310546875 0.332305908203125
0.02288818359375 0.373779296875 -0.053070068359375 0.302581787109375
0.193572998046875 0.281646728515625 0.03509521484375 0.0971603393554688
0.286834716796875 0.070465087890625 -0.0522804260253906 0.0473976135253906
0.243682861328125 -0.0728302001953125 -0.090179443359375 0.123550415039063
0.149063110351563 -0.220840454101563 -0.055816650390625 0.181167602539062
0.0706634521484375 -0.245849609375 0.00382995605468752 0.249496459960937
0.0821685791015625 -0.225753784179687 0.0142669677734375 0.264022827148438
0.089263916015625 -0.254928588867188 0.00198364257812501 0.27496337890625
0.16033935546875 -0.1844482421875 -0.10906982421875 0.250946044921875
0.249832153320313 -0.0555267333984375 -0.180694580078125 0.177490234375
0.22735595703125 0.102676391601563 -0.184814453125 0.0211944580078125
0.0736083984375 0.29315185546875 -0.0916824340820313 -0.0725631713867187
-0.058074951171875 0.343597412109375 0.0136528015136719 0.0602073669433594
-0.21893310546875 0.3343505859375 -0.10015869140625 0.169265747070313
-0.0383453369140625 0.216293334960938 -0.361602783203125 0.439697265625
0.0419464111328125 0.20220947265625 -0.07745361328125 0.37872314453125
0.113151550292969 0.112998962402344 0.0342559814453125 0.118843078613281
0.133087158203125 0.0101242065429688 -0.0655708312988281 0.0679740905761719
0.100196838378906 -0.0365676879882813 -0.107559204101562 0.134262084960938
0.0704727172851563 -0.0957717895507813 -0.0768280029296875 0.229156494140625
0.0483016967773438 -0.103630065917969 0.000946044921874969 0.314971923828125
0.0541000366210937 -0.0996017456054687 0.01910400390625 0.320892333984375
0.0651092529296875 -0.112525939941406 -0.010284423828125 0.33074951171875
0.0909042358398438 -0.0643768310546875 -0.123748779296875 0.285308837890625
0.114593505859375 0.00638580322265625 -0.1907958984375 0.177963256835938
0.075897216796875 0.065765380859375 -0.183380126953125 0.024993896484375
0.00301361083984376 0.120933532714844 -0.0775070190429688 -0.0461807250976562
-0.0349807739257812 0.140480041503906 -0.0054931640625 0.126075744628906
-0.105010986328125 0.167343139648438 -0.17724609375 0.26300048828125
-0.0689506530761719 0.00831985473632813 0.163238525390625 -0.33740234375
-0.0166549682617187 0.053680419921875 0.015533447265625 -0.178131103515625
0.0444717407226563 0.0509834289550781 0.0367813110351563 0.045013427734375
0.059600830078125 0.00254440307617188 0.176437377929687 0.000732421875
0.0474433898925781 -0.0447196960449219 0.197967529296875 -0.123138427734375
-0.00905990600585938 -0.0628738403320312 0.123062133789062 -0.277496337890625
-0.0401535034179688 -0.0587692260742188 0.003387451171875 -0.36083984375
-0.0258827209472656 -0.0399703979492188 -0.023773193359375 -0.32965087890625
-0.028076171875 -0.0423011779785156 0.011810302734375 -0.31060791015625
0.00844573974609374 -0.0421981811523437 0.080963134765625 -0.247695922851563
0.0405387878417969 -0.0176315307617188 0.0847015380859375 -0.144882202148438
0.0337848663330078 0.0344715118408203 0.048065185546875 -0.097686767578125
-0.0236854553222656 0.0475196838378906 -0.000488281249999986 -0.184356689453125
-0.0554771423339844 0.01934814453125 0.081573486328125 -0.40625
-0.0370101928710938 -0.0450973510742188 0.43585205078125 -0.462738037109375
-0.186508178710938 0.19476318359375 0.146148681640625 -0.316619873046875
-0.0497589111328125 0.222198486328125 0.023040771484375 -0.165603637695313
0.09625244140625 0.213760375976563 0.0306587219238281 0.0390815734863281
0.188247680664063 0.069915771484375 0.152801513671875 -0.000106811523437496
0.17889404296875 -0.0635223388671875 0.175643920898438 -0.092132568359375
0.0769805908203125 -0.17694091796875 0.11883544921875 -0.246994018554687
-0.00436401367187499 -0.201095581054688 0.010528564453125 -0.323028564453125
0.0147705078125 -0.17547607421875 -0.0228271484375 -0.287200927734375
0.0106964111328125 -0.198577880859375 0.0155029296875 -0.272796630859375
0.093658447265625 -0.1669921875 0.060394287109375 -0.212173461914062
0.187271118164063 -0.0744171142578125 0.0522994995117188 -0.114089965820312
0.188232421875 0.08001708984375 0.0161285400390625 -0.1009521484375
0.0452880859375 0.22833251953125 -0.0205078125 -0.205154418945312
-0.0741119384765625 0.236236572265625 0.085418701171875 -0.413726806640625
-0.158737182617188 0.157135009765625 0.415313720703125 -0.465087890625
-0.274749755859375 0.35382080078125 0.0871124267578124 -0.243179321289062
-0.06732177734375 0.37139892578125 0.017974853515625 -0.113151550292969
0.150238037109375 0.351654052734375 0.0312690734863281 0.0402793884277344
0.30413818359375 0.124481201171875 0.124076843261719 -0.00270843505859374
0.29217529296875 -0.079010009765625 0.138076782226563 -0.0563125610351563
0.152099609375 -0.270889282226563 0.0970916748046875 -0.1915283203125
0.029541015625 -0.316314697265625 0.011962890625 -0.243576049804688
0.052398681640625 -0.28399658203125 -0.01739501953125 -0.20062255859375
0.046905517578125 -0.325042724609375 0.0164947509765625 -0.188735961914063
0.163558959960938 -0.268646240234375 0.02557373046875 -0.139373779296875
0.31121826171875 -0.1234130859375 0.00201416015625002 -0.061004638671875
0.323455810546875 0.11297607421875 -0.0318832397460937 -0.09197998046875
0.11590576171875 0.382293701171875 -0.0500946044921875 -0.213485717773437
-0.078582763671875 0.427581787109375 0.07745361328125 -0.378662109375
-0.258026123046875 0.337677001953125 0.350616455078125 -0.403350830078125
-0.316864013671875 0.46575927734375 -0.00350952148437502 -0.125282287597656
-0.061309814453125 0.4813232421875 0.005279541015625 -0.0274372100830078
0.208740234375 0.4415283203125 0.0354804992675781 0.0466117858886719
0.395233154296875 0.150665283203125 0.0847549438476563 -0.00398254394531249
0.3709716796875 -0.09539794921875 0.082672119140625 -0.0131301879882813
0.203094482421875 -0.332733154296875 0.0615921020507813 -0.109596252441406
0.056793212890625 -0.38494873046875 0.0111007690429687 -0.128364562988281
0.080535888671875 -0.3492431640625 -0.00987243652343749 -0.0831298828125
0.07415771484375 -0.400665283203125 0.0174789428710937 -0.0736465454101563
0.20989990234375 -0.330291748046875 -0.0129737854003906 -0.0387039184570313
0.3912353515625 -0.15521240234375 -0.0544662475585937 0.00896835327148437
0.4150390625 0.128692626953125 -0.0868682861328125 -0.0675277709960937
0.173583984375 0.483184814453125 -0.078155517578125 -0.198089599609375
-0.074615478515625 0.55609130859375 0.06512451171875 -0.29473876953125
-0.319732666015625 0.460113525390625 0.251739501953125 -0.28570556640625
-0.30743408203125 0.5123291015625 -0.1082763671875 0.022003173828125
-0.03729248046875 0.527313232421875 -0.0101470947265625 0.0811767578125
0.249176025390625 0.46624755859375 0.0397262573242188 0.0589866638183594
0.43438720703125 0.146514892578125 0.0363845825195313 0.00499725341796876
0.39471435546875 -0.104949951171875 0.0185966491699219 0.0364227294921875
0.221160888671875 -0.3486328125 0.0182762145996094 -0.00959777832031252
0.074310302734375 -0.398101806640625 0.00873088836669922 0.00555610656738279
0.09619140625 -0.361297607421875 -0.00101089477539062 0.0452919006347656
0.090423583984375 -0.412750244140625 0.015380859375 0.0553169250488281
0.224029541015625 -0.334625244140625 -0.0506439208984375 0.0743255615234375
0.407379150390625 -0.1553955078125 -0.108505249023437 0.0852737426757813
0.43048095703125 0.1304931640625 -0.135719299316406 -0.031768798828125
0.18829345703125 0.502838134765625 -0.095733642578125 -0.160934448242188
-0.0670166015625 0.5865478515625 0.05133056640625 -0.174789428710937
-0.336456298828125 0.502655029296875 0.132156372070312 -0.128791809082031
-0.252685546875 0.486419677734375 -0.21038818359375 0.181381225585938
-0.00668334960937499 0.490753173828125 -0.0278472900390625 0.196563720703125
0.248565673828125 0.410552978515625 0.0388641357421875 0.07623291015625
0.39898681640625 0.116180419921875 -0.0137500762939453 0.0233345031738281
0.351287841796875 -0.10003662109375 -0.0426788330078125 0.086578369140625
0.202484130859375 -0.31146240234375 -0.0233535766601562 0.0931930541992187
0.07720947265625 -0.3502197265625 0.00608062744140626 0.138328552246094
0.096588134765625 -0.318603515625 0.00724792480468749 0.168167114257813
0.09552001953125 -0.36187744140625 0.00947570800781249 0.177505493164062
0.204925537109375 -0.282073974609375 -0.083526611328125 0.176666259765625
0.355133056640625 -0.117950439453125 -0.150970458984375 0.145828247070313
0.359771728515625 0.1229248046875 -0.169204711914062 0.00207519531249998
0.147552490234375 0.434295654296875 -0.0985946655273438 -0.113815307617187
-0.0665283203125 0.507720947265625 0.0352745056152344 -0.0466880798339843
-0.3021240234375 0.457733154296875 0.0098915100097656 0.0331058502197266
-0.160400390625 0.3828125 -0.298919677734375 0.329254150390625
0.02020263671875 0.376556396484375 -0.051300048828125 0.3006591796875
0.19598388671875 0.286285400390625 0.03460693359375 0.09698486328125
0.28875732421875 0.0692138671875 -0.0513877868652344 0.0471153259277344
0.24627685546875 -0.0734100341796875 -0.0876922607421875 0.121841430664063
0.148147583007813 -0.222427368164063 -0.056915283203125 0.177352905273438
0.0672607421875 -0.247482299804688 0.00297546386718749 0.247817993164062
0.0814666748046875 -0.228607177734375 0.0142669677734375 0.26470947265625
0.0865020751953125 -0.256637573242188 0.000335693359374995 0.273468017578125
0.1588134765625 -0.185440063476563 -0.1087646484375 0.24896240234375
0.249374389648437 -0.0579833984375 -0.178787231445313 0.17620849609375
0.2281494140625 0.1036376953125 -0.183349609375 0.021514892578125
0.073150634765625 0.295074462890625 -0.0903472900390625 -0.0720443725585937
-0.05853271484375 0.34454345703125 0.016448974609375 0.0607681274414063
-0.223876953125 0.33551025390625 -0.0992279052734375 0.171295166015625
-0.04351806640625 0.217071533203125 -0.360931396484375 0.438690185546875
0.041290283203125 0.205673217773438 -0.075653076171875 0.37908935546875
0.115531921386719 0.11761474609375 0.0338821411132813 0.119232177734375
0.134307861328125 0.0104751586914062 -0.0642585754394531 0.0679283142089844
0.10186767578125 -0.0368804931640625 -0.106063842773438 0.133056640625
0.0706787109375 -0.0974273681640625 -0.07733154296875 0.226760864257813
0.0474700927734375 -0.106071472167969 0.000640869140625011 0.3140869140625
0.0535659790039062 -0.1025390625 0.018524169921875 0.321502685546875
0.0635910034179688 -0.114341735839844 -0.011138916015625 0.330078125
0.0898666381835938 -0.06610107421875 -0.12371826171875 0.2833251953125
0.114616394042969 0.00472259521484375 -0.188156127929688 0.17681884765625
0.0773086547851562 0.0658645629882813 -0.182327270507812 0.0257720947265625
0.00273895263671875 0.122283935546875 -0.0772628784179687 -0.044708251953125
-0.0360870361328125 0.1422119140625 -0.00353240966796876 0.127540588378906
-0.10833740234375 0.16943359375 -0.176483154296875 0.264450073242188
-0.0683517456054688 0.0085296630859375 0.163482666015625 -0.35009765625
-0.0182037353515625 0.0515708923339844 0.0107574462890625 -0.188247680664063
0.0430068969726563 0.051513671875 0.0383148193359375 0.0439224243164062
0.0597572326660156 0.00262832641601563 0.1793212890625 -0.0023956298828125
0.0477790832519531 -0.0459861755371094 0.200164794921875 -0.126983642578125
-0.011016845703125 -0.063201904296875 0.123291015625 -0.283599853515625
-0.0420417785644531 -0.0571403503417969 -0.00100708007812504 -0.36883544921875
-0.0261077880859375 -0.0393524169921875 -0.02801513671875 -0.33831787109375
-0.029266357421875 -0.0413627624511719 0.0101318359375 -0.320281982421875
0.00788116455078125 -0.0414314270019531 0.082061767578125 -0.253707885742188
0.0387763977050781 -0.0187759399414063 0.08587646484375 -0.147689819335938
0.0341129302978516 0.0338878631591797 0.0471725463867187 -0.100372314453125
-0.0226287841796875 0.0471649169921875 -0.0031280517578125 -0.189971923828125
-0.0542373657226563 0.0189743041992188 0.07769775390625 -0.419219970703125
-0.0368881225585937 -0.0471611022949219 0.443572998046875 -0.47613525390625
-0.189407348632812 0.200210571289063 0.145965576171875 -0.33038330078125
-0.05181884765625 0.224273681640625 0.0196990966796875 -0.176544189453125
0.0983428955078125 0.217269897460938 0.03173828125 0.0376091003417969
0.192535400390625 0.069610595703125 0.155563354492187 -0.002838134765625
0.182815551757813 -0.06634521484375 0.178985595703125 -0.0948944091796875
0.0743865966796875 -0.180465698242188 0.118301391601562 -0.253952026367188
-0.00918579101562498 -0.204116821289063 0.005096435546875 -0.33221435546875
0.013427734375 -0.179733276367188 -0.02587890625 -0.295013427734375
0.0073699951171875 -0.201858520507813 0.01385498046875 -0.281890869140625
0.092376708984375 -0.170394897460938 0.06121826171875 -0.21759033203125
0.18853759765625 -0.0785980224609375 0.0528106689453125 -0.115509033203125
0.193603515625 0.0798492431640625 0.01568603515625 -0.102836608886719
0.0516204833984375 0.233291625976563 -0.0229644775390625 -0.211334228515625
-0.07073974609375 0.241134643554687 0.082366943359375 -0.42626953125
-0.161956787109375 0.161865234375 0.4237060546875 -0.477020263671875
-0.280548095703125 0.363433837890625 0.086944580078125 -0.25531005859375
-0.070892333984375 0.37774658203125 0.0160598754882812 -0.123756408691406
0.15606689453125 0.3597412109375 0.0319862365722656 0.0384101867675781
0.310791015625 0.123748779296875 0.125900268554688 -0.00547027587890624
0.300262451171875 -0.083648681640625 0.141387939453125 -0.05865478515625
0.15008544921875 -0.277511596679687 0.095855712890625 -0.198745727539063
0.023590087890625 -0.323455810546875 0.00778198242187499 -0.250930786132813
0.05096435546875 -0.2918701171875 -0.0199737548828125 -0.205398559570313
0.041015625 -0.332366943359375 0.015777587890625 -0.195907592773438
0.163253784179688 -0.2762451171875 0.0265960693359375 -0.143020629882813
0.314910888671875 -0.131011962890625 0.00269699096679689 -0.0619544982910156
0.333160400390625 0.11181640625 -0.0332183837890625 -0.093994140625
0.125640869140625 0.392608642578125 -0.0520172119140625 -0.21942138671875
-0.072479248046875 0.4373779296875 0.077056884765625 -0.389495849609375
-0.263336181640625 0.348480224609375 0.357391357421875 -0.414093017578125
-0.325347900390625 0.480865478515625 -0.00411987304687502 -0.134521484375
-0.06451416015625 0.49176025390625 0.00554656982421875 -0.0355224609375
0.21868896484375 0.453643798828125 0.0373458862304688 0.0455360412597657
0.40570068359375 0.150390625 0.086700439453125 -0.00589752197265624
0.3814697265625 -0.102630615234375 0.0872039794921875 -0.015594482421875
0.2021484375 -0.343231201171875 0.0600814819335938 -0.115463256835938
0.051239013671875 -0.394775390625 0.00727844238281252 -0.133522033691406
0.078948974609375 -0.359954833984375 -0.011077880859375 -0.0851974487304688
0.068817138671875 -0.4107666015625 0.0169525146484375 -0.0774765014648438
0.20953369140625 -0.339019775390625 -0.0128555297851562 -0.0391502380371094
0.396759033203125 -0.16436767578125 -0.0544548034667969 0.0106735229492187
0.426239013671875 0.1292724609375 -0.0886154174804687 -0.0680465698242187
0.185333251953125 0.49700927734375 -0.0809783935546875 -0.202957153320312
-0.06756591796875 0.56976318359375 0.065673828125 -0.30426025390625
-0.32843017578125 0.4752197265625 0.258026123046875 -0.291259765625
-0.3179931640625 0.528778076171875 -0.110054016113281 0.0179443359375
-0.03887939453125 0.53924560546875 -0.00872039794921875 0.07666015625
0.261566162109375 0.47998046875 0.0409889221191406 0.0591201782226563
0.447174072265625 0.145660400390625 0.0378074645996094 0.00344085693359376
0.40557861328125 -0.112457275390625 0.0224266052246094 0.0356559753417969
0.22100830078125 -0.35986328125 0.0161123275756836 -0.0141315460205078
0.066986083984375 -0.408416748046875 0.00597286224365235 0.00391674041748044
0.0941162109375 -0.373748779296875 -0.000789642333984372 0.0476646423339844
0.08587646484375 -0.42388916015625 0.0155906677246094 0.0550765991210937
0.223236083984375 -0.3443603515625 -0.0507049560546875 0.0768814086914062
0.41326904296875 -0.16448974609375 -0.108932495117187 0.0883026123046875
0.44378662109375 0.131195068359375 -0.138389587402344 -0.0308609008789063
0.197357177734375 0.515838623046875 -0.0978546142578125 -0.164321899414063
-0.0618896484375 0.5980224609375 0.0533599853515625 -0.180465698242187
-0.345306396484375 0.519317626953125 0.136703491210937 -0.130340576171875
-0.26092529296875 0.502410888671875 -0.213729858398438 0.182785034179688
-0.005706787109375 0.5045166015625 -0.024749755859375 0.19708251953125
0.261962890625 0.42340087890625 0.0408172607421875 0.077392578125
0.41046142578125 0.11492919921875 -0.0125789642333984 0.0230026245117188
0.3619384765625 -0.10711669921875 -0.039764404296875 0.0874710083007813
0.201202392578125 -0.322845458984375 -0.025909423828125 0.09149169921875
0.072052001953125 -0.360931396484375 0.00606536865234376 0.139686584472656
0.094512939453125 -0.33062744140625 0.00996398925781252 0.173263549804688
0.090087890625 -0.37298583984375 0.010711669921875 0.180419921875
0.20477294921875 -0.29132080078125 -0.0832672119140625 0.181289672851563
0.360992431640625 -0.12542724609375 -0.151641845703125 0.149765014648438
0.37109375 0.1241455078125 -0.172088623046875 0.00367736816406249
0.157257080078125 0.446044921875 -0.100845336914062 -0.11541748046875
-0.061492919921875 0.520416259765625 0.0385093688964844 -0.0479621887207031
-0.311492919921875 0.47344970703125 0.0121002197265625 0.0364418029785157
-0.167694091796875 0.396881103515625 -0.30316162109375 0.335968017578125
0.022369384765625 0.38836669921875 -0.04754638671875 0.305877685546875
0.207794189453125 0.295745849609375 0.0363845825195313 0.099456787109375
0.29705810546875 0.068206787109375 -0.0503196716308593 0.0486221313476563
0.2542724609375 -0.0789337158203125 -0.0859832763671875 0.124366760253906
0.148712158203125 -0.23095703125 -0.058837890625 0.17840576171875
0.06475830078125 -0.256256103515625 0.00517272949218751 0.251724243164062
0.079833984375 -0.237213134765625 0.0178070068359375 0.271697998046875
0.083099365234375 -0.264846801757813 0.00154113769531248 0.279373168945313
0.158096313476563 -0.191741943359375 -0.108566284179688 0.255172729492188
0.25408935546875 -0.06280517578125 -0.178955078125 0.18133544921875
0.236099243164063 0.104476928710938 -0.186935424804687 0.023895263671875
0.078369140625 0.304107666015625 -0.0922012329101563 -0.072479248046875
-0.0574951171875 0.354339599609375 0.0204849243164062 0.0629997253417969
-0.230316162109375 0.347625732421875 -0.099151611328125 0.179092407226563
-0.048675537109375 0.225082397460938 -0.36669921875 0.45098876953125
0.044464111328125 0.213226318359375 -0.07208251953125 0.389007568359375
0.122093200683594 0.122947692871094 0.036224365234375 0.122993469238281
0.138763427734375 0.00962066650390625 -0.0633926391601562 0.0707473754882813
0.106346130371094 -0.0396499633789063 -0.105941772460938 0.134788513183594
0.072509765625 -0.101394653320313 -0.0776519775390625 0.229843139648438
0.0468597412109375 -0.110748291015625 0.00396728515625003 0.32110595703125
0.0532608032226563 -0.107894897460938 0.02294921875 0.329803466796875
0.0625 -0.119155883789063 -0.00860595703124999 0.338470458984375
0.0901412963867188 -0.0700454711914062 -0.122802734375 0.29107666015625
0.118705749511719 0.00232696533203125 -0.18829345703125 0.1815185546875
0.0810012817382813 0.0664291381835938 -0.185562133789063 0.0280609130859375
0.00389862060546876 0.126922607421875 -0.0786972045898438 -0.043701171875
-0.0360565185546875 0.147735595703125 0.000961303710937484 0.132148742675781
-0.112564086914062 0.177001953125 -0.177001953125 0.276031494140625
-0.0679473876953125 0.00954818725585936 0.15533447265625 -0.369903564453125
-0.0191650390625 0.0506706237792969 0.00155639648437498 -0.198333740234375
0.0435333251953125 0.0511093139648438 0.0400505065917969 0.0422630310058594
0.06103515625 0.00152206420898438 0.183517456054688 -0.010528564453125
0.0482444763183594 -0.0497398376464844 0.202224731445313 -0.137374877929687
-0.01470947265625 -0.0630264282226563 0.11785888671875 -0.29541015625
-0.0458297729492188 -0.0552291870117187 -0.0150146484375 -0.380767822265625
-0.0275688171386719 -0.0384101867675781 -0.0411376953125 -0.349365234375
-0.0320167541503906 -0.0398635864257812 0.000213623046874989 -0.33319091796875
0.0066070556640625 -0.041656494140625 0.0779876708984375 -0.264801025390625
0.0375099182128906 -0.0201797485351563 0.0837554931640625 -0.15460205078125
0.0348243713378906 0.0336227416992188 0.0449371337890625 -0.10528564453125
-0.020538330078125 0.0475006103515625 -0.01190185546875 -0.1971435546875
-0.0522804260253906 0.0195198059082031 0.062164306640625 -0.43682861328125
-0.038543701171875 -0.049346923828125 0.4437255859375 -0.50616455078125
-0.18878173828125 0.212722778320313 0.13970947265625 -0.3504638671875
-0.050048828125 0.23077392578125 0.0111083984375 -0.188888549804687
0.106979370117188 0.221298217773438 0.0330886840820313 0.0357437133789063
0.19903564453125 0.0655364990234375 0.158782958984375 -0.01031494140625
0.187973022460938 -0.0751190185546875 0.182144165039063 -0.103652954101563
0.0687103271484375 -0.187637329101563 0.112838745117187 -0.2667236328125
-0.0182952880859375 -0.209075927734375 -0.00836181640625002 -0.343505859375
0.00724792480468749 -0.185394287109375 -0.0369873046875 -0.303924560546875
-0.00175476074218748 -0.207901000976563 0.00473022460937502 -0.294281005859375
0.0890655517578125 -0.178543090820313 0.05706787109375 -0.226776123046875
0.1898193359375 -0.088775634765625 0.050994873046875 -0.120872497558594
0.20257568359375 0.0753326416015625 0.0127334594726563 -0.10650634765625
0.063385009765625 0.2391357421875 -0.0313568115234375 -0.219024658203125
-0.0612030029296875 0.25006103515625 0.0689697265625 -0.446380615234375
-0.161834716796875 0.1728515625 0.4239501953125 -0.507568359375
-0.2796630859375 0.386566162109375 0.08123779296875 -0.271575927734375
-0.06402587890625 0.389923095703125 0.0101089477539062 -0.135398864746094
0.173309326171875 0.367431640625 0.0342063903808594 0.0372238159179688
0.323944091796875 0.116668701171875 0.129745483398438 -0.0120468139648437
0.307891845703125 -0.09765625 0.14605712890625 -0.065765380859375
0.14239501953125 -0.291412353515625 0.090240478515625 -0.209625244140625
0.010009765625 -0.33441162109375 -0.00389099121093748 -0.260421752929688
0.04150390625 -0.304656982421875 -0.0275115966796875 -0.211624145507813
0.0269775390625 -0.34375 0.00938415527343748 -0.205230712890625
0.157135009765625 -0.291015625 0.0239105224609375 -0.14862060546875
0.31884765625 -0.147491455078125 0.00122451782226565 -0.0634040832519532
0.348663330078125 0.105438232421875 -0.0370559692382812 -0.095947265625
0.146270751953125 0.402557373046875 -0.06097412109375 -0.225906372070312
-0.0567626953125 0.4534912109375 0.0655517578125 -0.40728759765625
-0.263763427734375 0.370269775390625 0.3583984375 -0.43768310546875
-0.32391357421875 0.509368896484375 -0.00874328613281252 -0.144363403320312
-0.055145263671875 0.50921630859375 0.00328826904296874 -0.044677734375
0.244140625 0.4632568359375 0.0396766662597656 0.0448722839355469
0.423828125 0.140777587890625 0.0894851684570313 -0.0111160278320312
0.393341064453125 -0.120513916015625 0.0918426513671875 -0.0201339721679688
0.1932373046875 -0.360809326171875 0.0542984008789063 -0.124755859375
0.03326416015625 -0.41046142578125 -0.000190734863281254 -0.139633178710938
0.06768798828125 -0.377044677734375 -0.0138168334960937 -0.0874710083007813
0.052978515625 -0.42633056640625 0.0140380859375 -0.0823898315429688
0.201385498046875 -0.356903076171875 -0.013336181640625 -0.03997802734375
0.400970458984375 -0.185455322265625 -0.0549812316894531 0.0133705139160156
0.44744873046875 0.11944580078125 -0.0932693481445312 -0.0676116943359375
0.210693359375 0.50946044921875 -0.0889434814453125 -0.208938598632812
-0.048828125 0.58880615234375 0.0587158203125 -0.318878173828125
-0.32794189453125 0.50421142578125 0.257781982421875 -0.307403564453125
-0.316314697265625 0.561676025390625 -0.113197326660156 0.016632080078125
-0.024871826171875 0.559295654296875 -0.00649261474609375 0.0721588134765625
0.289215087890625 0.488677978515625 0.0450782775878906 0.0592689514160156
0.466522216796875 0.135223388671875 0.040191650390625 0.000465393066406258
0.418426513671875 -0.132568359375 0.0278339385986328 0.034210205078125
0.211090087890625 -0.38037109375 0.0125370025634766 -0.0187034606933594
0.051361083984375 -0.42596435546875 0.00327920913696289 0.0020177364349365
0.0831298828125 -0.392333984375 0.00179290771484376 0.0498466491699218
0.069427490234375 -0.441314697265625 0.0170783996582031 0.0548477172851562
0.2156982421875 -0.363739013671875 -0.0490646362304687 0.0807876586914062
0.42095947265625 -0.183868408203125 -0.1080322265625 0.0952987670898438
0.46307373046875 0.119720458984375 -0.14349365234375 -0.027252197265625
0.225830078125 0.530548095703125 -0.105316162109375 -0.16748046875
-0.04241943359375 0.62078857421875 0.051300048828125 -0.189697265625
-0.343170166015625 0.55023193359375 0.13922119140625 -0.137069702148437
-0.260284423828125 0.531524658203125 -0.2144775390625 0.191986083984375
0.00808715820312495 0.5252685546875 -0.01806640625 0.199417114257813
0.2896728515625 0.432220458984375 0.0453338623046875 0.0790328979492188
0.42864990234375 0.103607177734375 -0.0102462768554687 0.0241775512695313
0.374176025390625 -0.124542236328125 -0.0351715087890625 0.0895767211914062
0.195159912109375 -0.3416748046875 -0.0277175903320312 0.0912551879882812
0.0582275390625 -0.377349853515625 0.0083465576171875 0.142181396484375
0.084747314453125 -0.347625732421875 0.016571044921875 0.17864990234375
0.076751708984375 -0.38885498046875 0.0161895751953125 0.1851806640625
0.1988525390625 -0.307891845703125 -0.0793914794921875 0.189849853515625
0.36895751953125 -0.144073486328125 -0.15020751953125 0.160003662109375
0.3895263671875 0.116729736328125 -0.1767578125 0.0100555419921875
0.1790771484375 0.458587646484375 -0.106613159179688 -0.116775512695312
-0.045318603515625 0.539520263671875 0.0419807434082031 -0.0522537231445312
-0.310699462890625 0.502166748046875 0.0159111022949219 0.0392074584960938
-0.16693115234375 0.41937255859375 -0.301025390625 0.35479736328125
0.034423828125 0.4033203125 -0.0367431640625 0.314910888671875
0.228851318359375 0.30218505859375 0.0424423217773438 0.103042602539063
0.31109619140625 0.059661865234375 -0.0482978820800781 0.0518341064453125
0.263214111328125 -0.0925750732421875 -0.0821533203125 0.128166198730469
0.144760131835938 -0.246322631835938 -0.0579986572265625 0.182586669921875
0.0545654296875 -0.269515991210938 0.0122833251953125 0.25897216796875
0.07281494140625 -0.2508544921875 0.02813720703125 0.281524658203125
0.0736541748046875 -0.277267456054688 0.010650634765625 0.289031982421875
0.154403686523438 -0.204620361328125 -0.10321044921875 0.26739501953125
0.260498046875 -0.0762176513671875 -0.176849365234375 0.192459106445313
0.2490234375 0.10015869140625 -0.191680908203125 0.0308990478515625
0.09234619140625 0.314056396484375 -0.0962677001953125 -0.0711593627929687
-0.046295166015625 0.368438720703125 0.0266304016113281 0.0646286010742188
-0.22991943359375 0.37103271484375 -0.0947113037109375 0.190460205078125
-0.04779052734375 0.23626708984375 -0.362579345703125 0.475677490234375
0.0525970458984375 0.221878051757812 -0.058837890625 0.404266357421875
0.133583068847656 0.125900268554688 0.042633056640625 0.128677368164063
0.14532470703125 0.0055389404296875 -0.0609664916992188 0.0761337280273437
0.111061096191406 -0.0456008911132813 -0.103988647460938 0.140594482421875
0.0716552734375 -0.109725952148438 -0.0750885009765625 0.23797607421875
0.043304443359375 -0.118431091308594 0.01495361328125 0.331451416015625
0.0504074096679688 -0.115592956542969 0.035888671875 0.3406982421875
0.0590667724609375 -0.126495361328125 0.00180053710937503 0.3504638671875
0.0892105102539063 -0.0764007568359375 -0.116973876953125 0.30426025390625
0.122886657714844 -0.00360870361328125 -0.186767578125 0.192901611328125
0.0875473022460938 0.0660552978515625 -0.18963623046875 0.0366973876953125
0.00864410400390626 0.1331787109375 -0.0818023681640625 -0.0410842895507812
-0.0319976806640625 0.156219482421875 0.0086517333984375 0.138038635253906
-0.112457275390625 0.1895751953125 -0.172576904296875 0.293609619140625
-0.0663948059082031 0.0118560791015625 0.1361083984375 -0.389434814453125
-0.0192985534667969 0.0509071350097656 -0.0147247314453125 -0.204315185546875
0.0450363159179688 0.0495185852050781 0.042572021484375 0.0390396118164063
0.0614967346191406 -0.00167083740234375 0.184326171875 -0.023193359375
0.0453720092773438 -0.0540046691894531 0.197189331054688 -0.151657104492188
-0.0186691284179688 -0.061492919921875 0.1033935546875 -0.30767822265625
-0.0493965148925781 -0.0511550903320312 -0.04034423828125 -0.38714599609375
-0.0296134948730469 -0.0362281799316406 -0.063690185546875 -0.35418701171875
-0.034759521484375 -0.0373001098632812 -0.01983642578125 -0.342681884765625
0.00469207763671875 -0.0418891906738281 0.0647125244140625 -0.27508544921875
0.0349063873291016 -0.0228519439697266 0.0762939453125 -0.161773681640625
0.0363540649414063 0.0320472717285156 0.0394287109375 -0.109939575195312
-0.0170211791992188 0.047760009765625 -0.02630615234375 -0.200668334960938
-0.04974365234375 0.0208053588867187 0.033416748046875 -0.450164794921875
-0.0410690307617187 -0.0486030578613281 0.421661376953125 -0.543792724609375
-0.178680419921875 0.227981567382812 0.120208740234375 -0.369384765625
-0.0406646728515625 0.236160278320313 -0.00439453125000001 -0.1976318359375
0.121414184570313 0.220672607421875 0.0352287292480469 0.0332679748535156
0.20587158203125 0.0555877685546875 0.160064697265625 -0.022216796875
0.186813354492188 -0.0892333984375 0.18011474609375 -0.117340087890625
0.0568084716796875 -0.194366455078125 0.0978240966796875 -0.278518676757813
-0.033294677734375 -0.210174560546875 -0.03173828125 -0.349822998046875
-0.00392150878906249 -0.189407348632813 -0.055938720703125 -0.308837890625
-0.0169525146484375 -0.210037231445313 -0.012908935546875 -0.3026123046875
0.07855224609375 -0.186599731445313 0.0460662841796875 -0.234619140625
0.185958862304688 -0.102493286132813 0.0453033447265625 -0.124969482421875
0.21136474609375 0.0641326904296875 0.00680541992187501 -0.110313415527344
0.08233642578125 0.239212036132812 -0.0465240478515625 -0.22259521484375
-0.044097900390625 0.256103515625 0.0411376953125 -0.460296630859375
-0.155471801757812 0.186752319335938 0.40191650390625 -0.542938232421875
-0.2633056640625 0.41259765625 0.065643310546875 -0.28643798828125
-0.0477294921875 0.401092529296875 -0.0016937255859375 -0.144912719726562
0.197906494140625 0.365081787109375 0.0360336303710938 0.0342597961425781
0.33575439453125 0.099456787109375 0.130439758300781 -0.0218048095703125
0.309722900390625 -0.12042236328125 0.1466064453125 -0.0771484375
0.12469482421875 -0.304718017578125 0.0762481689453125 -0.220809936523438
-0.01397705078125 -0.339752197265625 -0.022674560546875 -0.265579223632813
0.02154541015625 -0.31414794921875 -0.0407257080078125 -0.214202880859375
0.00454711914062497 -0.350799560546875 -0.00415039062499998 -0.21270751953125
0.1400146484375 -0.30487060546875 0.0168304443359375 -0.152938842773438
0.3140869140625 -0.170806884765625 -0.00177383422851561 -0.0633049011230469
0.363739013671875 0.08636474609375 -0.0427169799804687 -0.0963287353515625
0.17742919921875 0.401641845703125 -0.075653076171875 -0.228073120117188
-0.028900146484375 0.464111328125 0.04132080078125 -0.422637939453125
-0.249664306640625 0.395782470703125 0.342041015625 -0.467803955078125
-0.3040771484375 0.543060302734375 -0.01702880859375 -0.151626586914062
-0.029541015625 0.52325439453125 -0.00228500366210937 -0.0524253845214843
0.277801513671875 0.4600830078125 0.043731689453125 0.0424270629882813
0.43902587890625 0.116668701171875 0.091583251953125 -0.0180740356445312
0.39581298828125 -0.149505615234375 0.095001220703125 -0.0285491943359375
0.171600341796875 -0.379547119140625 0.0436325073242188 -0.132232666015625
0.00387573242187501 -0.419189453125 -0.0123748779296875 -0.14276123046875
0.043304443359375 -0.3897705078125 -0.01910400390625 -0.08758544921875
0.02288818359375 -0.437164306640625 0.00809478759765625 -0.0875320434570313
0.18023681640625 -0.37579345703125 -0.015411376953125 -0.0399551391601563
0.39697265625 -0.215118408203125 -0.053924560546875 0.0179634094238281
0.46490478515625 0.0953369140625 -0.0979385375976562 -0.0633697509765625
0.249267578125 0.50830078125 -0.102569580078125 -0.208694458007812
-0.01287841796875 0.60089111328125 0.04083251953125 -0.3311767578125
-0.30755615234375 0.537506103515625 0.2484130859375 -0.327484130859375
-0.293701171875 0.59625244140625 -0.11358642578125 0.0196151733398438
0.00262451171875 0.57391357421875 -0.00403213500976562 0.0677642822265625
0.328643798828125 0.484283447265625 0.0500564575195313 0.0579910278320313
0.483612060546875 0.108367919921875 0.0430412292480469 -0.00333404541015624
0.421142578125 -0.163604736328125 0.0329475402832031 0.0309505462646484
0.190216064453125 -0.40203857421875 0.0060558319091797 -0.0219230651855469
0.020965576171875 -0.437896728515625 -0.000108957290649413 0.00133836269378659
0.057830810546875 -0.406585693359375 0.0054473876953125 0.0516586303710937
0.040313720703125 -0.454010009765625 0.0199508666992187 0.0535545349121093
0.194976806640625 -0.383636474609375 -0.0442276000976562 0.08551025390625
0.41455078125 -0.2159423828125 -0.102996826171875 0.104095458984375
0.483489990234375 0.0953369140625 -0.146942138671875 -0.0197601318359375
0.264984130859375 0.5284423828125 -0.116119384765625 -0.165679931640625
-0.00476074218749998 0.63323974609375 0.042999267578125 -0.19891357421875
-0.3243408203125 0.5859375 0.136001586914062 -0.146270751953125
-0.23834228515625 0.5645751953125 -0.20733642578125 0.204620361328125
0.036865234375 0.53863525390625 -0.00689697265625 0.199188232421875
0.3248291015625 0.426788330078125 0.0530319213867188 0.0789642333984375
0.444488525390625 0.080047607421875 -0.00672340393066404 0.0243930816650391
0.37744140625 -0.153839111328125 -0.027862548828125 0.090576171875
0.17449951171875 -0.362152099609375 -0.0277633666992188 0.0923385620117187
0.0311279296875 -0.3900146484375 0.014129638671875 0.1439208984375
0.062744140625 -0.361846923828125 0.0286102294921875 0.182266235351563
0.0501708984375 -0.39996337890625 0.02691650390625 0.187957763671875
0.18017578125 -0.325469970703125 -0.069305419921875 0.19818115234375
0.36529541015625 -0.17095947265625 -0.14227294921875 0.172119140625
0.406005859375 0.09600830078125 -0.179168701171875 0.020538330078125
0.211273193359375 0.459228515625 -0.114013671875 -0.113449096679687
-0.01318359375 0.550048828125 0.0421714782714844 -0.0573310852050781
-0.29144287109375 0.533782958984375 0.0201683044433594 0.0410614013671875
-0.149658203125 0.441802978515625 -0.2872314453125 0.37567138671875
0.057769775390625 0.4124755859375 -0.017547607421875 0.320831298828125
0.256927490234375 0.297882080078125 0.051422119140625 0.104049682617188
0.321929931640625 0.041473388671875 -0.0426254272460937 0.0553169250488281
0.265777587890625 -0.112869262695312 -0.0747222900390625 0.133392333984375
0.130126953125 -0.261367797851563 -0.05291748046875 0.187637329101562
0.0355987548828125 -0.280227661132813 0.0263519287109375 0.262542724609375
0.0566253662109375 -0.262451171875 0.046905517578125 0.285888671875
0.054962158203125 -0.28704833984375 0.02789306640625 0.29486083984375
0.141815185546875 -0.217483520507813 -0.0887298583984375 0.279052734375
0.260345458984375 -0.09503173828125 -0.167327880859375 0.206024169921875
0.261489868164063 0.087921142578125 -0.192703247070313 0.044464111328125
0.114654541015625 0.31683349609375 -0.101181030273437 -0.066802978515625
-0.024200439453125 0.3782958984375 0.0346412658691406 0.0628547668457032
-0.214996337890625 0.395050048828125 -0.08343505859375 0.202957153320313
-0.0392913818359375 0.246978759765625 -0.342620849609375 0.504180908203125
0.066925048828125 0.226165771484375 -0.0338134765625 0.416168212890625
0.14703369140625 0.123031616210938 0.0541763305664063 0.130912780761719
0.149932861328125 -0.002593994140625 -0.054351806640625 0.0815658569335938
0.112518310546875 -0.05499267578125 -0.0968017578125 0.147903442382813
0.0651931762695313 -0.117416381835938 -0.0660858154296875 0.245162963867188
0.0341339111328125 -0.125381469726562 0.0347900390625 0.336944580078125
0.0427474975585937 -0.122520446777344 0.0582275390625 0.34588623046875
0.0507278442382813 -0.133163452148438 0.023345947265625 0.358367919921875
0.084197998046875 -0.0838775634765625 -0.101318359375 0.3167724609375
0.125869750976563 -0.0128555297851563 -0.177444458007812 0.206710815429687
0.09490966796875 0.0616455078125 -0.1904296875 0.0489044189453125
0.0177993774414063 0.137039184570313 -0.0846328735351563 -0.0360183715820312
-0.0225677490234375 0.1622314453125 0.0215835571289062 0.140296936035156
-0.104598999023438 0.203292846679688 -0.15667724609375 0.3126220703125
-0.0625724792480469 0.0136909484863281 0.1092529296875 -0.396636962890625
-0.0185012817382813 0.0498085021972656 -0.031707763671875 -0.202560424804688
0.045989990234375 0.0465011596679688 0.043701171875 0.0347328186035156
0.0603065490722656 -0.0048675537109375 0.1788330078125 -0.0362396240234375
0.0404815673828125 -0.0567703247070313 0.185012817382813 -0.162353515625
-0.0234184265136719 -0.0586738586425781 0.082855224609375 -0.311004638671875
-0.05194091796875 -0.0456161499023437 -0.0662841796875 -0.37896728515625
-0.0310020446777344 -0.0326671600341797 -0.085968017578125 -0.347503662109375
-0.0371589660644531 -0.0329742431640625 -0.041961669921875 -0.340087890625
0.00199127197265625 -0.0406837463378906 0.0475921630859375 -0.27667236328125
0.0316791534423828 -0.0240859985351563 0.064971923828125 -0.163787841796875
0.0371971130371094 0.0298385620117188 0.0312042236328125 -0.111282348632813
-0.0130538940429688 0.0459480285644531 -0.040863037109375 -0.196395874023438
-0.0457305908203125 0.0214195251464844 6.10351562499517E-05 -0.44580078125
-0.0430717468261719 -0.0467605590820312 0.38311767578125 -0.56451416015625
-0.161727905273437 0.23614501953125 0.0953369140625 -0.37640380859375
-0.028533935546875 0.234390258789062 -0.02154541015625 -0.198394775390625
0.133499145507812 0.2109375 0.0357208251953125 0.0298538208007813
0.205520629882813 0.042022705078125 0.15509033203125 -0.033416748046875
0.179107666015625 -0.101150512695313 0.171417236328125 -0.12799072265625
0.0413818359375 -0.193466186523438 0.076873779296875 -0.281982421875
-0.0484466552734375 -0.203399658203125 -0.05633544921875 -0.343170166015625
-0.016357421875 -0.186492919921875 -0.075531005859375 -0.301605224609375
-0.0316162109375 -0.204544067382813 -0.03302001953125 -0.301483154296875
0.0642242431640625 -0.188995361328125 0.03173828125 -0.235336303710938
0.174591064453125 -0.113296508789063 0.0376129150390625 -0.125350952148438
0.213653564453125 0.050048828125 -0.00105285644531248 -0.110382080078125
0.098541259765625 0.229629516601563 -0.0615997314453125 -0.21771240234375
-0.024200439453125 0.252792358398437 0.00772094726562499 -0.457763671875
-0.141983032226563 0.195587158203125 0.364288330078125 -0.562286376953125
-0.234161376953125 0.427093505859375 0.046905517578125 -0.292388916015625
-0.024688720703125 0.39923095703125 -0.014862060546875 -0.148056030273437
0.2208251953125 0.34954833984375 0.0374984741210938 0.0313148498535156
0.3372802734375 0.076873779296875 0.126922607421875 -0.0317916870117187
0.298828125 -0.141632080078125 0.141433715820313 -0.0879974365234375
0.100250244140625 -0.30841064453125 0.0577392578125 -0.222976684570313
-0.040283203125 -0.333526611328125 -0.043609619140625 -0.260360717773437
0.000122070312500024 -0.311553955078125 -0.0537109375 -0.20947265625
-0.021728515625 -0.345672607421875 -0.01873779296875 -0.211700439453125
0.1165771484375 -0.309906005859375 0.00767517089843752 -0.152023315429688
0.296417236328125 -0.19085693359375 -0.00466918945312498 -0.0612258911132813
0.36749267578125 0.061981201171875 -0.0487213134765625 -0.0927276611328125
0.2052001953125 0.38555908203125 -0.0900421142578125 -0.22271728515625
0.00384521484374997 0.45611572265625 0.013275146484375 -0.4215087890625
-0.22296142578125 0.40966796875 0.30755615234375 -0.484100341796875
-0.26788330078125 0.558929443359375 -0.02655029296875 -0.154220581054687
0.000366210937500046 0.51947021484375 -0.009735107421875 -0.057586669921875
0.307342529296875 0.438934326171875 0.0458831787109375 0.0396995544433594
0.4407958984375 0.0875244140625 0.0894012451171875 -0.0257949829101563
0.38262939453125 -0.176971435546875 0.0938491821289063 -0.0365829467773438
0.140655517578125 -0.384735107421875 0.0299835205078125 -0.133598327636719
-0.02734375 -0.413482666015625 -0.024932861328125 -0.140060424804688
0.016632080078125 -0.388885498046875 -0.0239715576171875 -0.0855484008789063
-0.00961303710937498 -0.431549072265625 0.00165557861328125 -0.088623046875
0.151702880859375 -0.381500244140625 -0.0165138244628906 -0.0382270812988281
0.37701416015625 -0.239013671875 -0.0508651733398437 0.0224456787109375
0.468841552734375 0.065582275390625 -0.10101318359375 -0.0573043823242187
0.284942626953125 0.4869384765625 -0.114425659179687 -0.201568603515625
0.0283203125000001 0.59014892578125 0.0196533203125 -0.331512451171875
-0.273956298828125 0.555755615234375 0.227203369140625 -0.338714599609375
-0.25567626953125 0.61529541015625 -0.111732482910156 0.0211029052734376
0.0364990234375 0.57049560546875 -0.00271224975585937 0.0618515014648438
0.361358642578125 0.45965576171875 0.0553741455078125 0.0544395446777344
0.486358642578125 0.076202392578125 0.0440406799316407 -0.00757980346679687
0.40875244140625 -0.19232177734375 0.0367469787597657 0.02532958984375
0.156982421875 -0.410888671875 -0.000787734985351555 -0.0226688385009766
-0.013763427734375 -0.434478759765625 -0.00308370590209961 0.00127434730529782
0.0294189453125 -0.4072265625 0.00926208496093751 0.0510787963867187
0.00497436523437495 -0.44964599609375 0.0219459533691406 0.0509300231933593
0.162750244140625 -0.390167236328125 -0.03753662109375 0.0880050659179687
0.395050048828125 -0.24285888671875 -0.0940475463867187 0.110664367675781
0.486968994140625 0.06439208984375 -0.14605712890625 -0.010223388671875
0.299346923828125 0.5069580078125 -0.124755859375 -0.1580810546875
0.03643798828125 0.6239013671875 0.0308074951171875 -0.2020263671875
-0.28521728515625 0.60357666015625 0.126708984375 -0.152069091796875
-0.2034912109375 0.57855224609375 -0.192184448242188 0.21124267578125
0.0706787109375 0.533447265625 0.00395202636718752 0.193328857421875
0.3560791015625 0.404144287109375 0.06005859375 0.0757293701171875
0.4464111328125 0.04974365234375 -0.00219535827636716 0.0226249694824219
0.366119384765625 -0.179931640625 -0.0198593139648437 0.0881118774414063
0.145233154296875 -0.370330810546875 -0.0273818969726562 0.0922622680664062
9.15527343750074E-05 -0.38775634765625 0.0204010009765625 0.141937255859375
0.036285400390625 -0.36346435546875 0.0401763916015625 0.179397583007812
0.0198974609375 -0.39862060546875 0.038360595703125 0.183929443359375
0.15423583984375 -0.332672119140625 -0.0556488037109375 0.20147705078125
0.348663330078125 -0.194244384765625 -0.12799072265625 0.1796875
0.410003662109375 0.069427490234375 -0.175277709960937 0.0317535400390625
0.241973876953125 0.441070556640625 -0.119590759277344 -0.105453491210937
0.0234375 0.542755126953125 0.04022216796875 -0.0614471435546875
-0.257293701171875 0.55145263671875 0.02484130859375 0.0416488647460938
-0.123748779296875 0.453582763671875 -0.260223388671875 0.38818359375
0.0838623046875 0.408599853515625 0.00305175781250002 0.31591796875
0.278106689453125 0.280792236328125 0.0610733032226563 0.101310729980469
0.3232421875 0.020538330078125 -0.0351600646972656 0.056427001953125
0.258331298828125 -0.131454467773437 -0.0633468627929688 0.133941650390625
0.109085083007813 -0.268203735351563 -0.0453338623046875 0.188629150390625
0.0126190185546875 -0.28021240234375 0.0404510498046875 0.258804321289062
0.036865234375 -0.264724731445313 0.065093994140625 0.280426025390625
0.032562255859375 -0.2874755859375 0.046600341796875 0.290130615234375
0.123519897460938 -0.22357177734375 -0.070465087890625 0.2811279296875
0.2496337890625 -0.112091064453125 -0.150985717773437 0.214675903320312
0.266448974609375 0.069244384765625 -0.187026977539062 0.0561676025390625
0.13494873046875 0.30816650390625 -0.103004455566406 -0.060150146484375
0.000427246093749971 0.37451171875 0.0414505004882813 0.0580825805664063
-0.1907958984375 0.40771484375 -0.0669403076171875 0.207992553710938
-0.02703857421875 0.251708984375 -0.307525634765625 0.52032470703125
0.0818939208984375 0.222122192382812 -0.00573730468749997 0.413238525390625
0.157318115234375 0.11474609375 0.065093994140625 0.127311706542969
0.150253295898438 -0.0123443603515625 -0.0444793701171875 0.0837173461914063
0.109565734863281 -0.0626449584960938 -0.0859832763671875 0.150543212890625
0.05633544921875 -0.12237548828125 -0.0536041259765625 0.247177124023438
0.0235366821289063 -0.127738952636719 0.054718017578125 0.3311767578125
0.0329132080078125 -0.125213623046875 0.080230712890625 0.339691162109375
0.0393600463867188 -0.136009216308594 0.04718017578125 0.353515625
0.0761184692382813 -0.0881805419921875 -0.07952880859375 0.319793701171875
0.123153686523437 -0.0227127075195313 -0.160400390625 0.214691162109375
0.0990829467773438 0.0547409057617188 -0.1845703125 0.0617523193359375
0.0269699096679687 0.137054443359375 -0.0848770141601562 -0.029449462890625
-0.011199951171875 0.163192749023438 0.0335617065429687 0.136154174804688
-0.092132568359375 0.211273193359375 -0.132659912109375 0.321868896484375
-0.0588226318359375 0.0130043029785156 0.0887451171875 -0.391998291015625
-0.0180206298828125 0.0481681823730469 -0.042388916015625 -0.194747924804688
0.0449333190917969 0.0439453125 0.0428428649902344 0.031646728515625
0.0569801330566406 -0.00596237182617188 0.169601440429688 -0.0435638427734375
0.0363922119140625 -0.0567665100097656 0.17242431640625 -0.16571044921875
-0.0254325866699219 -0.0542449951171875 0.06658935546875 -0.305572509765625
-0.050933837890625 -0.0399818420410156 -0.082733154296875 -0.365264892578125
-0.0307407379150391 -0.0295543670654297 -0.098785400390625 -0.334716796875
-0.03753662109375 -0.0291709899902344 -0.055938720703125 -0.33135986328125
-0.000267028808593749 -0.0397872924804688 0.0355987548828125 -0.270584106445313
0.02789306640625 -0.0238704681396484 0.0565643310546875 -0.160812377929688
0.0371971130371094 0.0276222229003906 0.0247421264648437 -0.109512329101563
-0.0104598999023438 0.042724609375 -0.050140380859375 -0.188522338867188
-0.0416526794433594 0.0203666687011719 -0.02288818359375 -0.430938720703125
-0.0426521301269531 -0.0440750122070312 0.3466796875 -0.563232421875
-0.145172119140625 0.235427856445312 0.075927734375 -0.37298583984375
-0.0207061767578125 0.2283935546875 -0.0330810546875 -0.19293212890625
0.137588500976563 0.199951171875 0.0353469848632813 0.0275459289550781
0.200225830078125 0.0328521728515625 0.147567749023438 -0.0404052734375
0.1685791015625 -0.107345581054688 0.161163330078125 -0.132766723632813
0.03009033203125 -0.1881103515625 0.061248779296875 -0.276611328125
-0.0567169189453125 -0.192825317382813 -0.071624755859375 -0.330322265625
-0.024261474609375 -0.1800537109375 -0.086212158203125 -0.290618896484375
-0.0410614013671875 -0.1956787109375 -0.0457763671875 -0.294158935546875
0.052459716796875 -0.185562133789062 0.0217132568359375 -0.230072021484375
0.162841796875 -0.116989135742187 0.0317840576171875 -0.121871948242188
0.209625244140625 0.0392303466796875 -0.00567626953125 -0.107757568359375
0.1077880859375 0.21624755859375 -0.0704803466796875 -0.20928955078125
-0.01190185546875 0.243057250976563 -0.0146484375 -0.4451904296875
-0.129318237304688 0.19732666015625 0.332000732421875 -0.560546875
-0.20867919921875 0.424407958984375 0.03314208984375 -0.290283203125
-0.010345458984375 0.387847900390625 -0.0248260498046875 -0.14593505859375
0.230316162109375 0.332244873046875 0.0380935668945313 0.0294227600097656
0.32904052734375 0.060638427734375 0.12066650390625 -0.0381622314453125
0.284393310546875 -0.15234375 0.133842468261719 -0.0938491821289063
0.08026123046875 -0.3018798828125 0.0434722900390625 -0.217727661132813
-0.056488037109375 -0.31964111328125 -0.0560150146484375 -0.249664306640625
-0.01416015625 -0.30267333984375 -0.0607757568359375 -0.2010498046875
-0.038970947265625 -0.332763671875 -0.027740478515625 -0.20721435546875
0.096893310546875 -0.30462646484375 0.00204467773437502 -0.147872924804688
0.2779541015625 -0.197891235351562 -0.00587463378906248 -0.0580596923828125
0.360870361328125 0.04364013671875 -0.0513687133789062 -0.0895767211914062
0.21771240234375 0.3643798828125 -0.0982818603515625 -0.213790893554687
0.02337646484375 0.439300537109375 -0.00646972656249999 -0.411590576171875
-0.199798583984375 0.4110107421875 0.281036376953125 -0.48297119140625
-0.236419677734375 0.558624267578125 -0.0329132080078125 -0.153076171875
0.01922607421875 0.507293701171875 -0.0154800415039063 -0.0593109130859375
0.319793701171875 0.415283203125 0.0480384826660156 0.0366630554199219
0.43182373046875 0.066650390625 0.0861053466796875 -0.0310134887695312
0.365234375 -0.1910400390625 0.0907363891601563 -0.0429763793945313
0.115234375 -0.378753662109375 0.0193557739257813 -0.130317687988281
-0.049468994140625 -0.398834228515625 -0.033355712890625 -0.133590698242188
-0.002593994140625 -0.379180908203125 -0.0264816284179688 -0.0820465087890625
-0.03125 -0.4171142578125 -0.00321960449218751 -0.0877304077148438
0.12744140625 -0.375244140625 -0.0169105529785156 -0.0357589721679688
0.35223388671875 -0.247406005859375 -0.0470352172851562 0.0254249572753906
0.459686279296875 0.04339599609375 -0.100547790527344 -0.0524826049804688
0.29840087890625 0.460296630859375 -0.120498657226563 -0.193222045898437
0.0516357421875001 0.56854248046875 0.004302978515625 -0.324249267578125
-0.242034912109375 0.554351806640625 0.20703125 -0.337432861328125
-0.22314453125 0.6119384765625 -0.107536315917969 0.02105712890625
0.059783935546875 0.55517578125 -0.00281143188476562 0.0565948486328125
0.375152587890625 0.435272216796875 0.0583343505859375 0.0512847900390625
0.475738525390625 0.05352783203125 0.0440711975097657 -0.011566162109375
0.39031982421875 -0.20867919921875 0.0378227233886719 0.0196304321289062
0.13018798828125 -0.40362548828125 -0.0069904327392578 -0.0210132598876953
-0.0379638671875 -0.4189453125 -0.0056610107421875 0.00361061096191404
0.00942993164062502 -0.398162841796875 0.0116539001464844 0.0498695373535156
-0.017486572265625 -0.435272216796875 0.0225982666015625 0.0484046936035156
0.139892578125 -0.383148193359375 -0.0324172973632812 0.0882110595703125
0.371246337890625 -0.252044677734375 -0.084808349609375 0.11248779296875
0.477325439453125 0.0421142578125 -0.1417236328125 -0.00476074218749997
0.313812255859375 0.480865478515625 -0.127899169921875 -0.149871826171875
0.06134033203125 0.6007080078125 0.022552490234375 -0.199417114257812
-0.254638671875 0.6026611328125 0.11907958984375 -0.151611328125
-0.175537109375 0.57781982421875 -0.178176879882813 0.209503173828125
0.091094970703125 0.519561767578125 0.0101318359375 0.184585571289063
0.368194580078125 0.3797607421875 0.0649032592773438 0.071746826171875
0.437469482421875 0.028564453125 0.00147819519042971 0.0198822021484375
0.3494873046875 -0.19451904296875 -0.0140914916992187 0.0830764770507812
0.120635986328125 -0.365264892578125 -0.0274124145507812 0.0926589965820312
-0.022491455078125 -0.3756103515625 0.0233993530273438 0.138809204101562
0.0164794921875 -0.355010986328125 0.047576904296875 0.173721313476563
-0.00167846679687499 -0.386627197265625 0.0440673828125 0.177474975585938
0.1318359375 -0.32733154296875 -0.0448760986328125 0.198684692382812
0.32904052734375 -0.20404052734375 -0.114532470703125 0.180862426757813
0.40374755859375 0.050018310546875 -0.168182373046875 0.0381011962890625
0.254791259765625 0.421783447265625 -0.120101928710937 -0.0994186401367187
0.045501708984375 0.52532958984375 0.0379104614257813 -0.0639991760253906
-0.228729248046875 0.550689697265625 0.0271034240722656 0.0406379699707032
-0.103240966796875 0.4517822265625 -0.237152099609375 0.3856201171875
0.09930419921875 0.397064208984375 0.01568603515625 0.304901123046875
0.28778076171875 0.263397216796875 0.0675048828125 0.0965957641601563
0.3165283203125 0.005035400390625 -0.0286788940429687 0.0540084838867188
0.2467041015625 -0.143218994140625 -0.0548171997070312 0.130416870117188
0.09112548828125 -0.26531982421875 -0.040863037109375 0.1866455078125
-0.00437927246093751 -0.272384643554688 0.0490875244140625 0.2509765625
0.0224761962890625 -0.259368896484375 0.0760345458984375 0.271530151367188
0.016632080078125 -0.279525756835938 0.057586669921875 0.281341552734375
0.108062744140625 -0.220748901367188 -0.055816650390625 0.277191162109375
0.2374267578125 -0.121231079101563 -0.1356201171875 0.21466064453125
0.262832641601563 0.055816650390625 -0.178253173828125 0.0632171630859375
0.146087646484375 0.295623779296875 -0.101814270019531 -0.0549545288085937
0.016876220703125 0.36285400390625 0.0444145202636719 0.0522651672363281
-0.1700439453125 0.4078369140625 -0.0545654296875 0.205856323242188
-0.0177001953125 0.2503662109375 -0.277191162109375 0.517364501953125
0.0899200439453125 0.214996337890625 0.013824462890625 0.40057373046875
0.1614990234375 0.106002807617188 0.07257080078125 0.121940612792969
0.147216796875 -0.0180511474609375 -0.0362701416015625 0.0812454223632813
0.105567932128906 -0.0672378540039062 -0.076934814453125 0.147979736328125
0.0476303100585937 -0.122367858886719 -0.044525146484375 0.2430419921875
0.0143051147460938 -0.12548828125 0.066864013671875 0.321136474609375
0.0242156982421875 -0.124092102050781 0.09246826171875 0.32769775390625
0.030792236328125 -0.133811950683594 0.060943603515625 0.343536376953125
0.069122314453125 -0.0884933471679688 -0.063018798828125 0.313934326171875
0.118537902832031 -0.0294189453125 -0.14532470703125 0.214828491210938
0.0999298095703125 0.047882080078125 -0.175750732421875 0.069244384765625
0.0335769653320312 0.134376525878906 -0.0827560424804687 -0.0251922607421875
-0.00323486328125 0.159408569335938 0.040985107421875 0.129020690917969
-0.081787109375 0.210906982421875 -0.112945556640625 0.319854736328125
-0.0560264587402344 0.0111045837402344 0.07861328125 -0.3857421875
-0.0189743041992187 0.0470809936523438 -0.046600341796875 -0.188796997070313
0.0428237915039063 0.04315185546875 0.0424385070800781 0.0298919677734375
0.0547027587890625 -0.00567626953125 0.162857055664063 -0.046112060546875
0.0330543518066406 -0.0555000305175781 0.164413452148438 -0.164825439453125
-0.0255126953125 -0.050994873046875 0.059906005859375 -0.29833984375
-0.0491294860839844 -0.03594970703125 -0.088470458984375 -0.35357666015625
-0.0290908813476563 -0.0270004272460937 -0.102081298828125 -0.326263427734375
-0.036773681640625 -0.0261077880859375 -0.060882568359375 -0.324859619140625
-0.000762939453125003 -0.038360595703125 0.03155517578125 -0.26580810546875
0.0257167816162109 -0.0222644805908203 0.052398681640625 -0.156707763671875
0.0366783142089844 0.0266799926757812 0.021697998046875 -0.107635498046875
-0.01019287109375 0.0391616821289063 -0.0532073974609375 -0.182220458984375
-0.0383796691894531 0.0178756713867188 -0.03289794921875 -0.41845703125
-0.0413322448730469 -0.0429039001464844 0.32696533203125 -0.55401611328125
-0.136154174804687 0.230224609375 0.0661621093749999 -0.36810302734375
-0.0185394287109375 0.222671508789062 -0.0390777587890625 -0.187835693359375
0.137847900390625 0.193252563476563 0.0353050231933594 0.0261878967285156
0.194610595703125 0.0294036865234375 0.141494750976563 -0.04339599609375
0.161239624023437 -0.108688354492188 0.154876708984375 -0.13372802734375
0.0239105224609375 -0.182022094726563 0.0532379150390625 -0.268997192382813
-0.0599365234375 -0.184600830078125 -0.078521728515625 -0.31884765625
-0.0265350341796875 -0.174407958984375 -0.0897216796875 -0.282806396484375
-0.04498291015625 -0.187698364257813 -0.05145263671875 -0.288116455078125
0.04608154296875 -0.180160522460938 0.0185546875 -0.225234985351563
0.155059814453125 -0.116714477539063 0.0296478271484375 -0.118270874023438
0.206863403320313 0.034576416015625 -0.00817871093749999 -0.10552978515625
0.109085083007813 0.207061767578125 -0.0740966796875 -0.20355224609375
-0.00657653808593751 0.233734130859375 -0.024688720703125 -0.4327392578125
-0.122024536132812 0.195999145507813 0.3125 -0.551544189453125
-0.1951904296875 0.417266845703125 0.026123046875 -0.28826904296875
-0.00549316406249997 0.37896728515625 -0.0308990478515625 -0.143569946289062
0.233062744140625 0.319671630859375 0.0383071899414063 0.0284652709960938
0.32080078125 0.053192138671875 0.116180419921875 -0.0409469604492188
0.272979736328125 -0.156204223632812 0.129341125488281 -0.095855712890625
0.069305419921875 -0.292694091796875 0.0360565185546875 -0.211822509765625
-0.064208984375 -0.307037353515625 -0.0607757568359375 -0.241622924804688
-0.01983642578125 -0.29510498046875 -0.062896728515625 -0.195419311523438
-0.047271728515625 -0.321441650390625 -0.0322418212890625 -0.204010009765625
0.08685302734375 -0.296142578125 0.0010833740234375 -0.143814086914063
0.265625 -0.197708129882813 -0.00498580932617185 -0.0545578002929688
0.35394287109375 0.035675048828125 -0.0525054931640625 -0.0872726440429688
0.22021484375 0.34954833984375 -0.10101318359375 -0.207183837890625
0.031036376953125 0.42401123046875 -0.015533447265625 -0.399383544921875
-0.186676025390625 0.40557861328125 0.267333984375 -0.473052978515625
-0.2186279296875 0.5498046875 -0.035247802734375 -0.153976440429687
0.025482177734375 0.49609375 -0.0199394226074219 -0.060577392578125
0.3236083984375 0.3988037109375 0.0496597290039063 0.0352706909179688
0.4210205078125 0.0570068359375 0.0833740234375 -0.0342788696289062
0.352569580078125 -0.196380615234375 0.0885543823242188 -0.0466232299804688
0.101470947265625 -0.368438720703125 0.013031005859375 -0.124961853027344
-0.060943603515625 -0.384124755859375 -0.0369110107421875 -0.128028869628906
-0.01104736328125 -0.37030029296875 -0.02667236328125 -0.0790863037109375
-0.041290283203125 -0.403411865234375 -0.00612640380859376 -0.0863723754882813
0.11505126953125 -0.365325927734375 -0.0160636901855469 -0.033437728881836
0.33734130859375 -0.249176025390625 -0.0433731079101562 0.0269241333007813
0.45172119140625 0.032684326171875 -0.0993576049804687 -0.0502395629882812
0.301849365234375 0.4439697265625 -0.122451782226562 -0.1876220703125
0.0603942871093749 0.550567626953125 -0.00268554687499998 -0.3167724609375
-0.229217529296875 0.5469970703125 0.19769287109375 -0.330902099609375
-0.208251953125 0.60565185546875 -0.104721069335938 0.0183639526367188
0.065277099609375 0.5433349609375 -0.00525665283203124 0.0520362854003907
0.379974365234375 0.416595458984375 0.0616188049316407 0.0496559143066407
0.46502685546875 0.0419921875 0.0437355041503907 -0.015167236328125
0.37652587890625 -0.214630126953125 0.0385360717773438 0.0146827697753906
0.11553955078125 -0.39410400390625 -0.0107498168945312 -0.0176277160644531
-0.05072021484375 -0.404693603515625 -0.00727176666259766 0.00502634048461912
-0.00033569335937497 -0.388336181640625 0.0134429931640625 0.0493736267089844
-0.028350830078125 -0.421112060546875 0.021636962890625 0.046600341796875
0.126129150390625 -0.37347412109375 -0.0289306640625 0.087554931640625
0.3555908203125 -0.25311279296875 -0.0781784057617187 0.112083435058594
0.468597412109375 0.031036376953125 -0.138236999511719 -0.00246429443359373
0.316619873046875 0.464111328125 -0.128997802734375 -0.146163940429687
0.07000732421875 0.5811767578125 0.0177154541015625 -0.19647216796875
-0.23968505859375 0.59735107421875 0.114730834960937 -0.148452758789062
-0.15997314453125 0.571533203125 -0.17041015625 0.204574584960938
0.097015380859375 0.507537841796875 0.0112762451171875 0.17718505859375
0.372039794921875 0.3641357421875 0.0685272216796875 0.0698928833007813
0.427520751953125 0.01812744140625 0.0038108825683594 0.0163555145263672
0.337890625 -0.200653076171875 -0.011566162109375 0.0778121948242187
0.10662841796875 -0.356689453125 -0.02899169921875 0.0927734375
-0.034423828125 -0.363006591796875 0.0241012573242187 0.136505126953125
0.00762939453125004 -0.347808837890625 0.05035400390625 0.169570922851562
-0.0120849609375 -0.3748779296875 0.045806884765625 0.1732177734375
0.120086669921875 -0.318145751953125 -0.0396575927734375 0.196212768554688
0.314697265625 -0.206329345703125 -0.106903076171875 0.1788330078125
0.395660400390625 0.040802001953125 -0.163497924804687 0.0400848388671875
0.257598876953125 0.405731201171875 -0.119560241699219 -0.0961532592773437
0.0513916015625 0.50885009765625 0.0357131958007813 -0.0649375915527343
-0.2152099609375 0.54351806640625 0.0290069580078125 0.0402145385742188
-0.09320068359375 0.447509765625 -0.2255859375 0.37786865234375
0.104156494140625 0.386993408203125 0.02001953125 0.295379638671875
0.291229248046875 0.251556396484375 0.07196044921875 0.093231201171875
0.31072998046875 -0.002197265625 -0.0243721008300781 0.0506782531738281
0.2392578125 -0.146957397460938 -0.0507965087890625 0.125030517578125
0.0804595947265625 -0.259933471679688 -0.03955078125 0.184341430664063
-0.0140838623046875 -0.264114379882813 0.0515289306640625 0.245651245117187
0.0150604248046875 -0.254425048828125 0.079742431640625 0.265045166015625
0.00779724121093753 -0.271743774414063 0.0617218017578125 0.274307250976563
0.098876953125 -0.214813232421875 -0.0493316650390625 0.272384643554688
0.227096557617188 -0.123779296875 -0.127212524414062 0.212112426757813
0.258651733398438 0.04937744140625 -0.172164916992187 0.0650787353515625
0.149261474609375 0.28656005859375 -0.101097106933594 -0.0528564453125
0.021820068359375 0.351715087890625 0.0454559326171875 0.0482177734375
-0.159759521484375 0.404052734375 -0.0477142333984375 0.203323364257813
-0.0146636962890625 0.248626708984375 -0.26068115234375 0.50811767578125
0.092193603515625 0.209381103515625 0.0211181640625 0.389434814453125
0.163604736328125 0.101043701171875 0.0766754150390625 0.117485046386719
0.144805908203125 -0.02154541015625 -0.0313720703125 0.077667236328125
0.1026611328125 -0.0697555541992187 -0.072113037109375 0.14404296875
0.04254150390625 -0.120086669921875 -0.04168701171875 0.239028930664062
0.00837707519531249 -0.122039794921875 0.071075439453125 0.3125
0.01953125 -0.121688842773438 0.0975341796875 0.31939697265625
0.0249862670898438 -0.130043029785156 0.067108154296875 0.335418701171875
0.064117431640625 -0.0865707397460938 -0.055694580078125 0.307830810546875
0.114189147949219 -0.0326309204101563 -0.136062622070313 0.212234497070312
0.09893798828125 0.0442123413085938 -0.1685791015625 0.0715789794921875
0.0376434326171875 0.132286071777344 -0.0810317993164063 -0.02294921875
9.52799651815842E-18 0.155609130859375 0.0441055297851563 0.12322998046875
-0.0771331787109375 0.20977783203125 -0.1025390625 0.315826416015625
-0.05535888671875 0.00889968872070313 0.0760498046875 -0.3868408203125
-0.0203208923339844 0.0466499328613281 -0.04852294921875 -0.187088012695312
0.0413818359375 0.0434494018554688 0.0422439575195312 0.0297470092773438
0.0537109375 -0.00387191772460938 0.160140991210938 -0.04693603515625
0.0317840576171875 -0.0550270080566406 0.162368774414062 -0.165283203125
-0.0259666442871094 -0.0494651794433594 0.0576171875 -0.296630859375
-0.0472183227539062 -0.0351333618164063 -0.090728759765625 -0.351165771484375
-0.0277347564697266 -0.0261077880859375 -0.104339599609375 -0.325958251953125
-0.0363998413085938 -0.0246124267578125 -0.063232421875 -0.32562255859375
-0.00128936767578125 -0.0376319885253906 0.0313568115234375 -0.265640258789063
0.0250492095947266 -0.0210494995117188 0.0516204833984375 -0.154937744140625
0.0362663269042969 0.0266799926757813 0.0201187133789063 -0.106887817382813
-0.0106353759765625 0.0366325378417969 -0.0549468994140625 -0.180191040039063
-0.03692626953125 0.0156021118164062 -0.03631591796875 -0.413818359375
-0.0400238037109375 -0.0431404113769531 0.323638916015625 -0.553070068359375
-0.134078979492188 0.228302001953125 0.064178466796875 -0.3697509765625
-0.0196990966796875 0.221923828125 -0.0413360595703125 -0.186752319335938
0.137710571289062 0.192535400390625 0.0360641479492188 0.0266647338867188
0.19256591796875 0.0301666259765625 0.13873291015625 -0.0447006225585938
0.159042358398438 -0.1097412109375 0.152877807617188 -0.13507080078125
0.0214385986328125 -0.17864990234375 0.0504913330078125 -0.266937255859375
-0.060882568359375 -0.180908203125 -0.08172607421875 -0.316558837890625
-0.0269012451171875 -0.172943115234375 -0.090576171875 -0.282379150390625
-0.04669189453125 -0.185317993164063 -0.053741455078125 -0.289398193359375
0.0441741943359375 -0.177810668945313 0.0184783935546875 -0.224502563476563
0.152938842773438 -0.1156005859375 0.029541015625 -0.116432189941406
0.206695556640625 0.0332794189453125 -0.00997161865234373 -0.105926513671875
0.109512329101562 0.203857421875 -0.076812744140625 -0.2020263671875
-0.00497436523437501 0.229629516601563 -0.027587890625 -0.428253173828125
-0.119476318359375 0.1954345703125 0.308197021484375 -0.54876708984375
-0.1905517578125 0.418212890625 0.02374267578125 -0.291534423828125
-0.00625610351562501 0.377716064453125 -0.0341339111328125 -0.144363403320312
0.232635498046875 0.316650390625 0.0408973693847656 0.0287895202636719
0.31854248046875 0.052886962890625 0.114227294921875 -0.0435943603515625
0.270187377929688 -0.158706665039063 0.128082275390625 -0.0984725952148438
0.065277099609375 -0.28839111328125 0.0331268310546875 -0.208740234375
-0.06732177734375 -0.301116943359375 -0.0643463134765625 -0.238800048828125
-0.02166748046875 -0.29351806640625 -0.063079833984375 -0.194869995117188
-0.050262451171875 -0.317779541015625 -0.0343780517578125 -0.204574584960938
0.0831298828125 -0.292633056640625 0.00175476074218751 -0.143310546875
0.262237548828125 -0.197463989257813 -0.00336074829101561 -0.05267333984375
0.35467529296875 0.03363037109375 -0.053466796875 -0.0876846313476563
0.221954345703125 0.346160888671875 -0.103546142578125 -0.20703125
0.031097412109375 0.418701171875 -0.02020263671875 -0.39703369140625
-0.184478759765625 0.406280517578125 0.264312744140625 -0.472198486328125
-0.21319580078125 0.551544189453125 -0.0363006591796875 -0.157638549804687
0.026611328125 0.493927001953125 -0.0234603881835937 -0.0620346069335937
0.328033447265625 0.397247314453125 0.0530204772949219 0.0355262756347656
0.419158935546875 0.054534912109375 0.0826339721679688 -0.0373764038085938
0.347808837890625 -0.2005615234375 0.0880661010742188 -0.049652099609375
0.09588623046875 -0.364105224609375 0.00965881347656251 -0.122001647949219
-0.066680908203125 -0.379180908203125 -0.039337158203125 -0.125732421875
-0.014129638671875 -0.368560791015625 -0.02618408203125 -0.078704833984375
-0.0462646484375 -0.39984130859375 -0.00766754150390625 -0.0864486694335938
0.11029052734375 -0.36163330078125 -0.0145339965820312 -0.0323944091796875
0.333770751953125 -0.248779296875 -0.0411148071289062 0.0286598205566406
0.45135498046875 0.029815673828125 -0.0997848510742187 -0.0508041381835938
0.3031005859375 0.439849853515625 -0.124679565429688 -0.18719482421875
0.05975341796875 0.5458984375 -0.00521850585937499 -0.31585693359375
-0.227142333984375 0.55047607421875 0.19598388671875 -0.328887939453125
-0.20458984375 0.6068115234375 -0.105079650878906 0.0133438110351563
0.0663452148437499 0.542633056640625 -0.0077362060546875 0.0498046875
0.383819580078125 0.413909912109375 0.0654792785644532 0.0489311218261719
0.46307373046875 0.038543701171875 0.0443572998046875 -0.0182838439941406
0.373931884765625 -0.220001220703125 0.0386123657226563 0.0108642578125
0.108062744140625 -0.39044189453125 -0.0136623382568359 -0.0144119262695313
-0.05670166015625 -0.398529052734375 -0.00971317291259766 0.00658988952636716
-0.00564575195312496 -0.387542724609375 0.0146446228027344 0.0495834350585937
-0.033172607421875 -0.418182373046875 0.0208015441894531 0.0465126037597656
0.121917724609375 -0.36895751953125 -0.0271987915039062 0.0890274047851562
0.351043701171875 -0.25408935546875 -0.0756912231445313 0.112861633300781
0.468780517578125 0.029571533203125 -0.13885498046875 -0.00315856933593749
0.31951904296875 0.4613037109375 -0.131179809570312 -0.145828247070312
0.06939697265625 0.57666015625 0.0152587890625 -0.19586181640625
-0.236572265625 0.5987548828125 0.114837646484375 -0.147079467773437
-0.158203125 0.57452392578125 -0.169509887695313 0.200225830078125
0.097930908203125 0.505828857421875 0.00947570800781251 0.174606323242188
0.37689208984375 0.360260009765625 0.0737838745117188 0.06817626953125
0.426666259765625 0.014801025390625 0.00527191162109378 0.0131044387817383
0.335052490234375 -0.20574951171875 -0.0104827880859375 0.0743255615234375
0.10089111328125 -0.353271484375 -0.0318679809570313 0.0952987670898437
-0.040863037109375 -0.357269287109375 0.0237655639648437 0.137809753417969
0.00335693359375002 -0.347320556640625 0.0523529052734375 0.170120239257812
-0.016265869140625 -0.371337890625 0.046234130859375 0.173980712890625
0.116424560546875 -0.314453125 -0.0383148193359375 0.196807861328125
0.310791015625 -0.207305908203125 -0.103485107421875 0.179275512695312
0.39593505859375 0.03875732421875 -0.16217041015625 0.04010009765625
0.26019287109375 0.404327392578125 -0.121559143066406 -0.0965728759765625
0.05120849609375 0.50360107421875 0.0349311828613281 -0.0661735534667968
-0.214508056640625 0.5462646484375 0.0305938720703125 0.0416603088378907
-0.09112548828125 0.450164794921875 -0.2235107421875 0.3740234375
0.105255126953125 0.386810302734375 0.01983642578125 0.292938232421875
0.295684814453125 0.249176025390625 0.0767669677734375 0.0911865234375
0.310577392578125 -0.005035400390625 -0.0217857360839844 0.0477333068847656
0.237594604492188 -0.15118408203125 -0.04937744140625 0.122039794921875
0.076324462890625 -0.257232666015625 -0.0412139892578125 0.185867309570312
-0.019256591796875 -0.25958251953125 0.0522308349609375 0.245651245117187
0.0111846923828125 -0.253753662109375 0.081756591796875 0.26446533203125
0.00402832031250001 -0.269363403320313 0.0625457763671875 0.274932861328125
0.09613037109375 -0.211898803710937 -0.04730224609375 0.272720336914063
0.22442626953125 -0.125961303710937 -0.12408447265625 0.211166381835938
0.2586669921875 0.0472259521484375 -0.17010498046875 0.0656280517578125
0.151275634765625 0.286529541015625 -0.102058410644531 -0.0526962280273437
0.022003173828125 0.3492431640625 0.0451889038085938 0.0459480285644531
-0.158966064453125 0.4056396484375 -0.0457305908203125 0.204452514648438
-0.0146942138671875 0.251327514648438 -0.2587890625 0.50482177734375
0.0931549072265625 0.209396362304688 0.0230712890625 0.3880615234375
0.1666259765625 0.0998992919921875 0.0807723999023438 0.115325927734375
0.145614624023438 -0.0235748291015625 -0.0286483764648437 0.0750808715820313
0.102386474609375 -0.0717849731445313 -0.07135009765625 0.142013549804688
0.0407562255859375 -0.119400024414062 -0.0431060791015625 0.239593505859375
0.00553131103515626 -0.120460510253906 0.071807861328125 0.312103271484375
0.0174407958984375 -0.121665954589844 0.099151611328125 0.3192138671875
0.0231552124023437 -0.129196166992188 0.0701904296875 0.33587646484375
0.0621490478515625 -0.0853042602539062 -0.0538330078125 0.3077392578125
0.112129211425781 -0.0342941284179688 -0.133331298828125 0.210906982421875
0.09967041015625 0.042572021484375 -0.166534423828125 0.0731048583984375
0.0398788452148437 0.133094787597656 -0.080841064453125 -0.0224609375
0.000930786132812501 0.155624389648438 0.0451126098632813 0.12066650390625
-0.0767669677734375 0.21197509765625 -0.0986328125 0.315673828125
-0.0561332702636719 0.00710296630859375 0.0721435546875 -0.396759033203125
-0.0210113525390625 0.0476799011230469 -0.052032470703125 -0.189559936523437
0.0418472290039063 0.0454330444335938 0.0442886352539062 0.029510498046875
0.0547103881835938 -0.0022125244140625 0.160995483398438 -0.05072021484375
0.0306625366210938 -0.0556068420410156 0.162399291992188 -0.170700073242188
-0.0271224975585937 -0.0486335754394531 0.05523681640625 -0.30230712890625
-0.0472793579101563 -0.0338706970214844 -0.098602294921875 -0.35540771484375
-0.0274143218994141 -0.0258369445800781 -0.11248779296875 -0.3326416015625
-0.0374298095703125 -0.0233345031738281 -0.070068359375 -0.335174560546875
-0.00222396850585937 -0.0378761291503906 0.029510498046875 -0.272186279296875
0.0248489379882813 -0.0205020904541016 0.05133056640625 -0.15679931640625
0.0381240844726562 0.0267410278320312 0.0179443359375 -0.109298706054688
-0.0115699768066406 0.0358352661132813 -0.0592193603515625 -0.183135986328125
-0.0371360778808594 0.0128555297851563 -0.04437255859375 -0.418670654296875
-0.040313720703125 -0.0437278747558594 0.32086181640625 -0.56402587890625
-0.132705688476562 0.232833862304688 0.058837890625 -0.38104248046875
-0.019500732421875 0.226226806640625 -0.0465545654296875 -0.190109252929688
0.142990112304688 0.195938110351563 0.0390243530273438 0.0265121459960938
0.195999145507813 0.03045654296875 0.139427185058594 -0.048309326171875
0.159133911132813 -0.11383056640625 0.152908325195313 -0.140609741210938
0.018585205078125 -0.179595947265625 0.0477142333984375 -0.270248413085938
-0.0649871826171875 -0.180435180664063 -0.089019775390625 -0.31964111328125
-0.0294189453125 -0.175811767578125 -0.09698486328125 -0.2882080078125
-0.0509796142578125 -0.185714721679688 -0.06048583984375 -0.296539306640625
0.04180908203125 -0.17987060546875 0.017608642578125 -0.229583740234375
0.152877807617188 -0.11859130859375 0.029998779296875 -0.117393493652344
0.212646484375 0.03094482421875 -0.0129165649414062 -0.108322143554687
0.113815307617188 0.204757690429688 -0.0818634033203125 -0.205215454101563
-0.00300598144531252 0.230850219726562 -0.03631591796875 -0.43389892578125
-0.119003295898438 0.201553344726562 0.307647705078125 -0.55999755859375
-0.188262939453125 0.427337646484375 0.018280029296875 -0.301055908203125
-0.00347900390624998 0.38458251953125 -0.0394287109375 -0.147964477539062
0.243927001953125 0.32080078125 0.0452499389648438 0.0282440185546875
0.323944091796875 0.05157470703125 0.114753723144531 -0.0475616455078125
0.27117919921875 -0.16650390625 0.128013610839844 -0.104194641113281
0.060394287109375 -0.29083251953125 0.0295562744140625 -0.2105712890625
-0.074920654296875 -0.3017578125 -0.07012939453125 -0.240646362304688
-0.027099609375 -0.29913330078125 -0.0663909912109375 -0.19915771484375
-0.057403564453125 -0.319793701171875 -0.039581298828125 -0.209457397460938
0.0802001953125 -0.29608154296875 0.0016937255859375 -0.145843505859375
0.263717651367187 -0.203750610351562 -0.00297164916992186 -0.052337646484375
0.363525390625 0.029296875 -0.0570831298828125 -0.0893020629882813
0.230438232421875 0.349945068359375 -0.109848022460937 -0.209808349609375
0.035491943359375 0.422515869140625 -0.026611328125 -0.403656005859375
-0.183502197265625 0.417633056640625 0.263427734375 -0.480987548828125
-0.21063232421875 0.566162109375 -0.04119873046875 -0.165451049804687
0.030792236328125 0.5029296875 -0.0276336669921875 -0.0646858215332031
0.3416748046875 0.399444580078125 0.058746337890625 0.0344200134277344
0.426239013671875 0.050872802734375 0.0830459594726563 -0.0416412353515625
0.350830078125 -0.212249755859375 0.0882034301757813 -0.0548324584960938
0.090301513671875 -0.36865234375 0.00624847412109375 -0.121810913085938
-0.075958251953125 -0.378387451171875 -0.043701171875 -0.125892639160156
-0.021026611328125 -0.376312255859375 -0.0264739990234375 -0.080047607421875
-0.054534912109375 -0.4027099609375 -0.0102386474609375 -0.0885391235351563
0.10772705078125 -0.365570068359375 -0.0137195587158203 -0.0321884155273438
0.335113525390625 -0.25799560546875 -0.0392570495605469 0.0307769775390625
0.464263916015625 0.02362060546875 -0.103668212890625 -0.0513076782226563
0.314483642578125 0.445159912109375 -0.132705688476563 -0.18951416015625
0.065277099609375 0.55194091796875 -0.010345458984375 -0.321258544921875
-0.22418212890625 0.5662841796875 0.19696044921875 -0.336029052734375
-0.19757080078125 0.6248779296875 -0.108657836914063 0.0106048583984376
0.072235107421875 0.55352783203125 -0.0103073120117187 0.0490951538085938
0.4017333984375 0.416046142578125 0.0731964111328125 0.047393798828125
0.471405029296875 0.033203125 0.0448760986328125 -0.021881103515625
0.37677001953125 -0.233001708984375 0.0394477844238282 0.00771331787109374
0.1026611328125 -0.393829345703125 -0.0163497924804687 -0.0122394561767578
-0.066864013671875 -0.400115966796875 -0.0107860565185547 0.00876617431640623
-0.012176513671875 -0.395263671875 0.0174179077148438 0.0510368347167969
-0.04254150390625 -0.422332763671875 0.0215377807617188 0.0484390258789062
0.119049072265625 -0.374755859375 -0.0256195068359375 0.0922317504882812
0.352630615234375 -0.26263427734375 -0.0732040405273437 0.117034912109375
0.4805908203125 0.0235595703125 -0.142486572265625 -0.00157165527343748
0.331878662109375 0.466888427734375 -0.138336181640625 -0.147781372070313
0.0740966796875001 0.58447265625 0.0125579833984375 -0.200042724609375
-0.23583984375 0.61688232421875 0.116073608398437 -0.148666381835937
-0.15301513671875 0.5919189453125 -0.172439575195313 0.202438354492188
0.105194091796875 0.5185546875 0.00961303710937501 0.17626953125
0.394866943359375 0.3614501953125 0.081085205078125 0.0666351318359375
0.435150146484375 0.008819580078125 0.00666046142578128 0.00966835021972656
0.33807373046875 -0.21868896484375 -0.00982666015624998 0.0725326538085937
0.095794677734375 -0.3583984375 -0.0335769653320313 0.10009765625
-0.05047607421875 -0.35919189453125 0.02459716796875 0.141921997070313
-0.00323486328124997 -0.354095458984375 0.05712890625 0.173797607421875
-0.024383544921875 -0.37628173828125 0.04931640625 0.178863525390625
0.113800048828125 -0.318603515625 -0.0355072021484375 0.202621459960937
0.312103271484375 -0.2154541015625 -0.101776123046875 0.184112548828125
0.40570068359375 0.034149169921875 -0.165435791015625 0.0431671142578125
0.2713623046875 0.411376953125 -0.127632141113281 -0.0971755981445312
0.055145263671875 0.512054443359375 0.034149169921875 -0.0684661865234375
-0.212799072265625 0.561370849609375 0.03289794921875 0.0443763732910157
-0.087615966796875 0.4637451171875 -0.223541259765625 0.380615234375
0.111846923828125 0.396148681640625 0.02264404296875 0.2974853515625
0.30908203125 0.248779296875 0.0843276977539063 0.0901412963867188
0.31683349609375 -0.011077880859375 -0.0202674865722656 0.0458030700683594
0.240280151367188 -0.160293579101563 -0.0488357543945312 0.122482299804687
0.0725250244140625 -0.261795043945313 -0.0421905517578125 0.191757202148437
-0.026458740234375 -0.261154174804687 0.0560150146484375 0.251693725585938
0.00564575195312503 -0.25970458984375 0.0886383056640625 0.270599365234375
-0.00112915039062502 -0.272994995117188 0.068511962890625 0.28228759765625
0.093994140625 -0.214706420898437 -0.044219970703125 0.2801513671875
0.223953247070313 -0.1314697265625 -0.122283935546875 0.21673583984375
0.265335083007813 0.0441131591796875 -0.172378540039062 0.0687713623046875
0.159454345703125 0.29144287109375 -0.106269836425781 -0.0519485473632813
0.025299072265625 0.355133056640625 0.0470771789550781 0.0450782775878907
-0.1580810546875 0.419158935546875 -0.0418853759765625 0.210617065429688
-0.012481689453125 0.259429931640625 -0.259185791015625 0.514404296875
0.0979461669921875 0.213485717773438 0.0281982421875 0.394744873046875
0.17431640625 0.0984649658203125 0.0872039794921875 0.114120483398438
0.14874267578125 -0.0278472900390625 -0.0264358520507812 0.074676513671875
0.103828430175781 -0.0761489868164063 -0.0706939697265625 0.14404296875
0.0386886596679688 -0.121566772460937 -0.04296875 0.246017456054688
0.00146484375000001 -0.120903015136719 0.077362060546875 0.317718505859375
0.01416015625 -0.123970031738281 0.1064453125 0.325958251953125
0.020599365234375 -0.131378173828125 0.07720947265625 0.343292236328125
0.061248779296875 -0.0865325927734375 -0.0504150390625 0.315277099609375
0.111785888671875 -0.03802490234375 -0.132568359375 0.21539306640625
0.102554321289063 0.0412750244140625 -0.16802978515625 0.077392578125
0.0446853637695313 0.136093139648438 -0.0835723876953125 -0.0212860107421875
0.0032196044921875 0.158782958984375 0.0483474731445313 0.120841979980469
-0.0769500732421875 0.220046997070313 -0.09375 0.324493408203125
-0.0576324462890625 0.0074920654296875 0.0584716796875 -0.41168212890625
-0.0207557678222656 0.0497970581054688 -0.060699462890625 -0.192108154296875
0.0447006225585938 0.0470199584960938 0.0480690002441406 0.0283317565917969
0.0567665100097656 -0.0020904541015625 0.1617431640625 -0.0587921142578125
0.0290985107421875 -0.0569267272949219 0.158065795898438 -0.181594848632813
-0.029815673828125 -0.0473670959472656 0.04534912109375 -0.311279296875
-0.04852294921875 -0.0328559875488281 -0.11590576171875 -0.360504150390625
-0.0273361206054687 -0.0256385803222656 -0.12969970703125 -0.338287353515625
-0.0388298034667969 -0.0206184387207031 -0.088592529296875 -0.3438720703125
-0.00452041625976562 -0.0381889343261719 0.021484375 -0.281768798828125
0.0246601104736328 -0.0203781127929688 0.0469970703125 -0.16094970703125
0.0402336120605469 0.0264053344726563 0.0121688842773438 -0.112640380859375
-0.0125732421875 0.0357818603515625 -0.068939208984375 -0.185577392578125
-0.037811279296875 0.0120964050292969 -0.062591552734375 -0.4246826171875
-0.0419845581054688 -0.0442466735839844 0.30718994140625 -0.58819580078125
-0.127197265625 0.241744995117188 0.0435791015625 -0.3955078125
-0.012908935546875 0.232406616210938 -0.056121826171875 -0.193756103515625
0.154937744140625 0.19647216796875 0.0436248779296875 0.0253105163574219
0.20196533203125 0.025970458984375 0.139671325683594 -0.0564727783203125
0.158172607421875 -0.122817993164063 0.149612426757813 -0.150863647460938
0.0111541748046875 -0.182586669921875 0.038665771484375 -0.277481079101562
-0.0733184814453125 -0.179611206054688 -0.10394287109375 -0.323089599609375
-0.036590576171875 -0.178787231445313 -0.112335205078125 -0.29339599609375
-0.059967041015625 -0.186248779296875 -0.07666015625 -0.304901123046875
0.035430908203125 -0.184677124023438 0.0111083984375 -0.237152099609375
0.152175903320313 -0.127029418945313 0.027557373046875 -0.119575500488281
0.22064208984375 0.0233612060546875 -0.0193252563476562 -0.111061096191406
0.12353515625 0.204620361328125 -0.093963623046875 -0.207916259765625
0.00459289550781251 0.234970092773437 -0.05413818359375 -0.4407958984375
-0.113662719726563 0.211593627929687 0.29278564453125 -0.5843505859375
-0.175323486328125 0.444671630859375 0.00436401367187497 -0.313323974609375
0.010009765625 0.396026611328125 -0.0485076904296875 -0.151138305664062
0.26446533203125 0.319671630859375 0.051666259765625 0.0258522033691406
0.333984375 0.042572021484375 0.113578796386719 -0.0554122924804688
0.26971435546875 -0.182296752929687 0.125312805175781 -0.113571166992188
0.050445556640625 -0.297027587890625 0.022125244140625 -0.214828491210938
-0.0889892578125 -0.3017578125 -0.082733154296875 -0.242523193359375
-0.04010009765625 -0.3055419921875 -0.076202392578125 -0.202835083007813
-0.073333740234375 -0.323272705078125 -0.050994873046875 -0.214889526367188
0.070648193359375 -0.3048095703125 -0.00224304199218749 -0.149658203125
0.26129150390625 -0.218124389648438 -0.00255584716796873 -0.0522422790527344
0.376251220703125 0.015869140625 -0.064361572265625 -0.0896682739257813
0.249359130859375 0.35015869140625 -0.124099731445312 -0.210708618164062
0.050323486328125 0.430816650390625 -0.0428466796875 -0.410400390625
-0.17230224609375 0.437957763671875 0.253326416015625 -0.500579833984375
-0.194091796875 0.59033203125 -0.051483154296875 -0.1724853515625
0.04937744140625 0.517364501953125 -0.03436279296875 -0.0669975280761718
0.369873046875 0.3958740234375 0.0670356750488282 0.0305519104003906
0.43792724609375 0.037628173828125 0.0823440551757813 -0.0488967895507813
0.348968505859375 -0.233428955078125 0.0868148803710938 -0.062530517578125
0.07623291015625 -0.3768310546875 0.000633239746093762 -0.122627258300781
-0.09466552734375 -0.3792724609375 -0.0509567260742188 -0.125801086425781
-0.037689208984375 -0.38531494140625 -0.0295257568359375 -0.0816650390625
-0.0755615234375001 -0.409149169921875 -0.0154190063476563 -0.090606689453125
0.094970703125 -0.37774658203125 -0.0136070251464844 -0.0315189361572266
0.3331298828125 -0.27752685546875 -0.0364837646484375 0.0343971252441406
0.480194091796875 0.00616455078125 -0.1104736328125 -0.04888916015625
0.3416748046875 0.444580078125 -0.146530151367188 -0.188629150390625
0.084716796875 0.561798095703125 -0.02423095703125 -0.327667236328125
-0.2099609375 0.59124755859375 0.189788818359375 -0.34930419921875
-0.17913818359375 0.651123046875 -0.114219665527344 0.0103302001953125
0.0955810546875 0.5673828125 -0.0120048522949219 0.0494461059570313
0.432952880859375 0.410186767578125 0.08197021484375 0.0430068969726563
0.485992431640625 0.014984130859375 0.0447158813476563 -0.0277519226074219
0.375396728515625 -0.257049560546875 0.0395088195800782 0.00344085693359374
0.088134765625 -0.404144287109375 -0.0189685821533203 -0.00899124145507815
-0.086212158203125 -0.402069091796875 -0.011622428894043 0.0115776062011719
-0.030181884765625 -0.405548095703125 0.0213584899902344 0.0513801574707031
-0.062530517578125 -0.428253173828125 0.023773193359375 0.0500411987304687
0.10711669921875 -0.3843994140625 -0.0209121704101562 0.0967636108398437
0.350311279296875 -0.2841796875 -0.0687942504882812 0.123458862304687
0.496917724609375 0.004913330078125 -0.14764404296875 0.00334167480468749
0.35968017578125 0.46893310546875 -0.15069580078125 -0.144607543945312
0.0954589843749999 0.594970703125 0.00430297851562502 -0.205047607421875
-0.22003173828125 0.64453125 0.114669799804687 -0.155014038085937
-0.1337890625 0.61614990234375 -0.170761108398437 0.209991455078125
0.12640380859375 0.529754638671875 0.0131072998046875 0.180694580078125
0.42230224609375 0.354461669921875 0.0912246704101563 0.0618133544921875
0.44677734375 -0.008544921875 0.00701141357421878 0.00650548934936523
0.337249755859375 -0.24066162109375 -0.00748443603515624 0.0716171264648437
0.08282470703125 -0.367584228515625 -0.0320663452148437 0.106849670410156
-0.068115234375 -0.3609619140625 0.029510498046875 0.146072387695312
-0.01885986328125 -0.36358642578125 0.0678253173828125 0.1768798828125
-0.0413818359375 -0.3828125 0.05908203125 0.183395385742187
0.104522705078125 -0.328155517578125 -0.0268402099609375 0.211013793945312
0.310028076171875 -0.23272705078125 -0.0949249267578125 0.192886352539063
0.419586181640625 0.018463134765625 -0.169052124023437 0.05072021484375
0.296417236328125 0.41314697265625 -0.137886047363281 -0.093353271484375
0.073516845703125 0.522552490234375 0.0319137573242188 -0.0717391967773437
-0.1981201171875 0.58905029296875 0.0371665954589844 0.0466423034667969
-0.0720520019531249 0.483184814453125 -0.2169189453125 0.39593505859375
0.129913330078125 0.40374755859375 0.03253173828125 0.303955078125
0.330596923828125 0.2418212890625 0.094085693359375 0.0856246948242188
0.32550048828125 -0.02490234375 -0.0183982849121094 0.0449333190917969
0.238723754882813 -0.176910400390625 -0.0457687377929687 0.125022888183594
0.062744140625 -0.26934814453125 -0.0384063720703125 0.200790405273437
-0.0394744873046875 -0.262603759765625 0.0661773681640625 0.257766723632813
-0.00523376464843751 -0.265823364257813 0.103607177734375 0.27532958984375
-0.0138702392578125 -0.278610229492188 0.08404541015625 0.28961181640625
0.0882415771484375 -0.2220458984375 -0.03399658203125 0.2900390625
0.2230224609375 -0.143844604492188 -0.115478515625 0.226654052734375
0.274688720703125 0.03460693359375 -0.174667358398438 0.077880859375
0.177276611328125 0.294158935546875 -0.113235473632813 -0.0482635498046875
0.038330078125 0.362457275390625 0.0499687194824219 0.0434951782226563
-0.147735595703125 0.439117431640625 -0.0321502685546875 0.219070434570313
-0.00320434570312497 0.2691650390625 -0.247711181640625 0.53582763671875
0.10882568359375 0.216156005859375 0.04296875 0.4041748046875
0.184478759765625 0.09222412109375 0.0965347290039063 0.111015319824219
0.151473999023438 -0.0357513427734375 -0.0226287841796875 0.07525634765625
0.103492736816406 -0.0845184326171875 -0.066680908203125 0.148574829101563
0.0346145629882812 -0.126060485839844 -0.03643798828125 0.255599975585938
-0.00438690185546874 -0.122711181640625 0.09088134765625 0.32470703125
0.00821685791015624 -0.127838134765625 0.124420166015625 0.331451416015625
0.0145950317382812 -0.13482666015625 0.095184326171875 0.351715087890625
0.0587310791015625 -0.0900344848632813 -0.038726806640625 0.325897216796875
0.111045837402344 -0.0440597534179688 -0.126922607421875 0.22479248046875
0.106712341308594 0.0374832153320313 -0.16815185546875 0.086639404296875
0.0534744262695313 0.139083862304688 -0.0872421264648438 -0.0176773071289062
0.00930786132812499 0.163131713867188 0.0548477172851563 0.120872497558594
-0.0708465576171875 0.231353759765625 -0.081207275390625 0.33734130859375
-0.0583000183105469 0.00885772705078124 0.031951904296875 -0.41949462890625
-0.0187950134277344 0.0516853332519531 -0.0721893310546875 -0.191543579101562
0.0487632751464844 0.0459060668945312 0.0518341064453125 0.0246925354003906
0.0593757629394531 -0.00358963012695312 0.158157348632813 -0.0697174072265625
0.0255622863769531 -0.0580101013183594 0.147796630859375 -0.192611694335938
-0.0323219299316406 -0.0443000793457031 0.027740478515625 -0.317352294921875
-0.049652099609375 -0.0295982360839844 -0.139129638671875 -0.357574462890625
-0.0285511016845703 -0.0238513946533203 -0.15460205078125 -0.335052490234375
-0.0398635864257813 -0.0167045593261719 -0.113800048828125 -0.343475341796875
-0.00669479370117187 -0.0375175476074219 0.00518798828124997 -0.28741455078125
0.0243988037109375 -0.0212249755859375 0.039154052734375 -0.163543701171875
0.0429763793945313 0.024566650390625 0.00362396240234375 -0.114097595214844
-0.0130577087402344 0.0358734130859375 -0.0834808349609375 -0.183273315429688
-0.0381660461425781 0.0124664306640625 -0.09002685546875 -0.4219970703125
-0.043731689453125 -0.0427665710449219 0.27294921875 -0.61041259765625
-0.114303588867188 0.251708984375 0.01837158203125 -0.403717041015625
-0.000457763671875013 0.23614501953125 -0.0695343017578125 -0.193344116210938
0.170516967773438 0.190200805664063 0.0490379333496094 0.0205764770507813
0.207000732421875 0.016845703125 0.1351318359375 -0.0667877197265625
0.15081787109375 -0.133163452148438 0.140167236328125 -0.162078857421875
1.52587890624828E-05 -0.182083129882813 0.02239990234375 -0.281707763671875
-0.083831787109375 -0.174346923828125 -0.126190185546875 -0.320037841796875
-0.0475921630859375 -0.179229736328125 -0.1329345703125 -0.291015625
-0.0725860595703125 -0.182296752929687 -0.09906005859375 -0.30450439453125
0.0247955322265625 -0.187454223632812 -0.00230407714843752 -0.241851806640625
0.1461181640625 -0.136627197265625 0.0226593017578125 -0.12115478515625
0.22515869140625 0.0096588134765625 -0.0290985107421875 -0.110435485839844
0.13604736328125 0.200042724609375 -0.110458374023437 -0.203155517578125
0.017120361328125 0.235092163085938 -0.08184814453125 -0.439788818359375
-0.101181030273438 0.221237182617187 0.260986328125 -0.605712890625
-0.1510009765625 0.459228515625 -0.017059326171875 -0.318878173828125
0.030914306640625 0.40045166015625 -0.0609893798828125 -0.150787353515625
0.2886962890625 0.30743408203125 0.0572662353515625 0.0200042724609375
0.340667724609375 0.02520751953125 0.109413146972656 -0.0645904541015625
0.26043701171875 -0.200942993164062 0.117607116699219 -0.122764587402344
0.031219482421875 -0.29925537109375 0.00930786132812499 -0.215911865234375
-0.10723876953125 -0.294952392578125 -0.0993499755859375 -0.238937377929688
-0.059722900390625 -0.30633544921875 -0.09051513671875 -0.20172119140625
-0.094512939453125 -0.31939697265625 -0.067138671875 -0.214401245117188
0.052764892578125 -0.309783935546875 -0.0094757080078125 -0.15155029296875
0.25042724609375 -0.235610961914063 -0.00357818603515623 -0.0516777038574219
0.38323974609375 -0.007904052734375 -0.0730361938476562 -0.0865936279296875
0.27337646484375 0.339813232421875 -0.14129638671875 -0.204055786132812
0.07354736328125 0.43121337890625 -0.0694580078125 -0.408935546875
-0.147003173828125 0.4547119140625 0.225128173828125 -0.519012451171875
-0.1593017578125 0.60943603515625 -0.0667724609375 -0.1746826171875
0.07989501953125 0.520660400390625 -0.0421600341796875 -0.0666389465332031
0.400421142578125 0.376678466796875 0.0736541748046875 0.0227737426757813
0.446197509765625 0.011810302734375 0.0782470703125 -0.056793212890625
0.3360595703125 -0.25933837890625 0.0821762084960938 -0.0703353881835938
0.054046630859375 -0.3807373046875 -0.00732421874999999 -0.121170043945313
-0.117279052734375 -0.373077392578125 -0.0603256225585937 -0.122467041015625
-0.063262939453125 -0.386322021484375 -0.0349960327148438 -0.0821456909179688
-0.102020263671875 -0.40625 -0.0220260620117188 -0.0905838012695313
0.073486328125 -0.384368896484375 -0.0135917663574219 -0.0307064056396485
0.317718505859375 -0.298919677734375 -0.0327949523925781 0.0375213623046875
0.48773193359375 -0.023681640625 -0.117218017578125 -0.0423507690429687
0.372955322265625 0.432403564453125 -0.162322998046875 -0.179702758789063
0.1170654296875 0.56317138671875 -0.04498291015625 -0.327728271484375
-0.17584228515625 0.613037109375 0.172271728515625 -0.36090087890625
-0.1400146484375 0.67138671875 -0.119102478027344 0.0137176513671875
0.12847900390625 0.570068359375 -0.0126304626464844 0.0505027770996094
0.46697998046875 0.387603759765625 0.090087890625 0.0339279174804688
0.491607666015625 -0.012908935546875 0.0426902770996094 -0.0334434509277344
0.361083984375 -0.28509521484375 0.038970947265625 -0.00224685668945314
0.0628662109375 -0.4112548828125 -0.0210132598876953 -0.00522232055664065
-0.1124267578125 -0.394927978515625 -0.0124101638793945 0.0133123397827148
-0.056243896484375 -0.40875244140625 0.0255622863769531 0.0500526428222656
-0.093048095703125 -0.427642822265625 0.0278358459472656 0.0500450134277343
0.08563232421875 -0.39306640625 -0.0131988525390625 0.1002197265625
0.334625244140625 -0.308746337890625 -0.0594940185546875 0.129608154296875
0.50390625 -0.02606201171875 -0.151016235351562 0.013458251953125
0.394012451171875 0.454071044921875 -0.164306640625 -0.134933471679687
0.12957763671875 0.595458984375 -0.00846862792968747 -0.206466674804687
-0.18389892578125 0.6685791015625 0.108642578125 -0.1607666015625
-0.097900390625 0.63458251953125 -0.163864135742188 0.219650268554688
0.159698486328125 0.5316162109375 0.0215911865234375 0.181472778320313
0.4525146484375 0.331207275390625 0.0999832153320313 0.0524139404296875
0.45184326171875 -0.03662109375 0.00765085220336917 0.00312232971191406
0.3240966796875 -0.267181396484375 -0.00416183471679686 0.0700759887695312
0.059844970703125 -0.374237060546875 -0.0280380249023437 0.112342834472656
-0.091827392578125 -0.35614013671875 0.0382232666015625 0.147384643554688
-0.042816162109375 -0.366668701171875 0.081390380859375 0.174652099609375
-0.06805419921875 -0.383056640625 0.072998046875 0.183700561523437
0.08587646484375 -0.3363037109375 -0.0124969482421875 0.216552734375
0.2962646484375 -0.25482177734375 -0.0826263427734375 0.20037841796875
0.426605224609375 -0.00738525390625 -0.1693115234375 0.0619049072265625
0.32635498046875 0.40155029296875 -0.146926879882812 -0.0830841064453125
0.103546142578125 0.522979736328125 0.0281143188476563 -0.0740127563476562
-0.166748046875 0.611572265625 0.0428466796875 0.0462188720703125
-0.045074462890625 0.494903564453125 -0.19830322265625 0.409759521484375
0.155364990234375 0.402740478515625 0.04998779296875 0.306365966796875
0.350799560546875 0.2220458984375 0.102890014648438 0.0771560668945313
0.32733154296875 -0.046600341796875 -0.0152778625488281 0.04376220703125
0.229461669921875 -0.196533203125 -0.0390167236328125 0.126556396484375
0.04608154296875 -0.274810791015625 -0.0279693603515625 0.207839965820312
-0.05670166015625 -0.259475708007813 0.082244873046875 0.2576904296875
-0.0241241455078125 -0.268264770507813 0.124496459960937 0.272979736328125
-0.0331573486328125 -0.27899169921875 0.10565185546875 0.28997802734375
0.0753173828125 -0.227676391601563 -0.015289306640625 0.29693603515625
0.213943481445313 -0.1595458984375 -0.101715087890625 0.235671997070312
0.28082275390625 0.0167388916015625 -0.172561645507812 0.0910186767578125
0.199737548828125 0.288360595703125 -0.118614196777344 -0.0397567749023437
0.058746337890625 0.363861083984375 0.0538749694824219 0.0402336120605469
-0.123748779296875 0.456146240234375 -0.0163116455078125 0.224136352539063
0.0121917724609375 0.274887084960938 -0.218170166015625 0.5545654296875
0.123062133789062 0.214080810546875 0.0668640136718751 0.40667724609375
0.192901611328125 0.080291748046875 0.105461120605469 0.103378295898438
0.150665283203125 -0.0467681884765625 -0.0175399780273437 0.0751495361328125
0.0984878540039063 -0.0933456420898438 -0.0584259033203125 0.152023315429688
0.0269775390625 -0.129150390625 -0.0233612060546875 0.261978149414063
-0.0130996704101563 -0.121467590332031 0.111602783203125 0.324798583984375
-0.000244140625 -0.1290283203125 0.148040771484375 0.328826904296875
0.00504302978515624 -0.136856079101563 0.122467041015625 0.351470947265625
0.0535354614257813 -0.093536376953125 -0.018585205078125 0.333404541015625
0.107261657714844 -0.0521240234375 -0.11395263671875 0.234146118164063
0.110115051269531 0.0300674438476562 -0.163803100585937 0.0988616943359375
0.0652313232421875 0.137557983398438 -0.0895614624023438 -0.0108871459960938
0.01995849609375 0.164352416992188 0.06341552734375 0.117332458496094
-0.0577850341796875 0.240936279296875 -0.0572509765625 0.34588623046875
-0.0577316284179688 0.0111083984375 0.0045166015625 -0.41424560546875
-0.0161094665527344 0.0519447326660156 -0.08319091796875 -0.184402465820313
0.0515937805175781 0.04278564453125 0.0536079406738281 0.0189247131347656
0.0597343444824219 -0.00627899169921875 0.148468017578125 -0.07916259765625
0.0220375061035156 -0.0570640563964844 0.131179809570313 -0.196884155273438
-0.0341606140136719 -0.0402183532714844 0.00851440429687499 -0.31280517578125
-0.0496597290039063 -0.0260353088378906 -0.1597900390625 -0.33966064453125
-0.0287895202636719 -0.0220565795898437 -0.175323486328125 -0.319976806640625
-0.0391120910644531 -0.0120887756347656 -0.136962890625 -0.331298828125
-0.00914382934570313 -0.0354499816894531 -0.012847900390625 -0.28338623046875
0.0232715606689453 -0.0217781066894531 0.0293426513671875 -0.160751342773438
0.04400634765625 0.0215721130371094 -0.00512695312499999 -0.110977172851563
-0.0122528076171875 0.0360832214355469 -0.095611572265625 -0.1744384765625
-0.0371322631835938 0.0132522583007813 -0.114959716796875 -0.40576171875
-0.0442123413085937 -0.0403556823730469 0.23004150390625 -0.61016845703125
-0.0969696044921875 0.252227783203125 -0.00964355468749998 -0.39739990234375
0.012786865234375 0.23187255859375 -0.0819549560546875 -0.186248779296875
0.18084716796875 0.174880981445313 0.0513114929199219 0.0139541625976563
0.205352783203125 0.004638671875 0.125923156738281 -0.07464599609375
0.139030456542969 -0.139228820800781 0.12518310546875 -0.166610717773437
-0.0104522705078125 -0.175506591796875 0.006011962890625 -0.276657104492188
-0.0918731689453125 -0.163528442382812 -0.144927978515625 -0.3052978515625
-0.05780029296875 -0.172576904296875 -0.150299072265625 -0.278152465820312
-0.082244873046875 -0.1717529296875 -0.119964599609375 -0.29266357421875
0.012603759765625 -0.18389892578125 -0.0164337158203125 -0.238265991210938
0.135269165039063 -0.142105102539063 0.0163955688476563 -0.118949890136719
0.223220825195313 -0.0048980712890625 -0.03759765625 -0.105705261230469
0.144775390625 0.188323974609375 -0.12347412109375 -0.191635131835937
0.0294952392578125 0.228530883789062 -0.108978271484375 -0.42327880859375
-0.0850830078125 0.223892211914063 0.2171630859375 -0.6043701171875
-0.119720458984375 0.45892333984375 -0.040618896484375 -0.31341552734375
0.05316162109375 0.390655517578125 -0.072113037109375 -0.144622802734375
0.305877685546875 0.28192138671875 0.0607566833496094 0.0109901428222656
0.335784912109375 0.0054931640625 0.100700378417969 -0.0714797973632813
0.2406005859375 -0.2130126953125 0.106475830078125 -0.127983093261719
0.0120849609375 -0.291900634765625 -0.00416564941406252 -0.210220336914063
-0.12322998046875 -0.27899169921875 -0.114303588867188 -0.22686767578125
-0.07781982421875 -0.296844482421875 -0.102737426757813 -0.193313598632813
-0.11346435546875 -0.3043212890625 -0.0817718505859375 -0.205963134765625
0.032562255859375 -0.3055419921875 -0.0175323486328125 -0.148880004882813
0.231002807617187 -0.246612548828125 -0.00486755371093748 -0.0493736267089844
0.376708984375 -0.032684326171875 -0.0795364379882812 -0.0797805786132812
0.2899169921875 0.317291259765625 -0.153228759765625 -0.18902587890625
0.096405029296875 0.418914794921875 -0.09375 -0.39459228515625
-0.11627197265625 0.456939697265625 0.189971923828125 -0.5184326171875
-0.1168212890625 0.60711669921875 -0.080780029296875 -0.1690673828125
0.109466552734375 0.5068359375 -0.0489692687988281 -0.0624465942382812
0.41961669921875 0.342498779296875 0.0770416259765625 0.0122604370117188
0.438201904296875 -0.01409912109375 0.0710525512695313 -0.06256103515625
0.310821533203125 -0.276031494140625 0.074432373046875 -0.0755615234375
0.028167724609375 -0.374053955078125 -0.015380859375 -0.115707397460938
-0.137542724609375 -0.35345458984375 -0.0683670043945313 -0.115013122558594
-0.08734130859375 -0.376007080078125 -0.0395431518554688 -0.0797653198242188
-0.1278076171875 -0.38775634765625 -0.0276947021484375 -0.0865631103515625
0.048736572265625 -0.379364013671875 -0.0135231018066406 -0.0297203063964844
0.2923583984375 -0.31219482421875 -0.0279998779296875 0.0393218994140625
0.47869873046875 -0.055389404296875 -0.119911193847656 -0.0332412719726562
0.392791748046875 0.40283203125 -0.172271728515625 -0.162872314453125
0.146728515625 0.544921875 -0.06317138671875 -0.31646728515625
-0.1348876953125 0.6156005859375 0.147552490234375 -0.361358642578125
-0.0932006835937499 0.66864013671875 -0.120109558105469 0.0185699462890625
0.161529541015625 0.554229736328125 -0.0130653381347656 0.0507164001464844
0.485595703125 0.347442626953125 0.0933303833007813 0.0213851928710938
0.4815673828125 -0.043212890625 0.0382270812988282 -0.0384101867675781
0.333099365234375 -0.303924560546875 0.036285400390625 -0.00670242309570314
0.035064697265625 -0.403839111328125 -0.0216464996337891 -0.00120735168457034
-0.133941650390625 -0.37615966796875 -0.0124168395996094 0.0161247253417969
-0.0830078125 -0.397308349609375 0.029052734375 0.0465469360351562
-0.119049072265625 -0.4110107421875 0.0317306518554687 0.0484085083007812
0.05963134765625 -0.388824462890625 -0.00486755371093749 0.0995254516601562
0.30810546875 -0.322784423828125 -0.048736572265625 0.131141662597656
0.494873046875 -0.05902099609375 -0.149169921875 0.0237579345703125
0.417755126953125 0.42236328125 -0.17169189453125 -0.118423461914062
0.16058349609375 0.57647705078125 -0.020263671875 -0.200637817382813
-0.1400146484375 0.67120361328125 0.0990142822265625 -0.162368774414062
-0.05487060546875 0.63067626953125 -0.151107788085938 0.223648071289063
0.18878173828125 0.513427734375 0.0303802490234375 0.178253173828125
0.4681396484375 0.294281005859375 0.103446960449219 0.0395050048828125
0.440399169921875 -0.06463623046875 0.00691986083984378 -0.000179290771484379
0.29815673828125 -0.284210205078125 -0.00101089477539061 0.0663032531738281
0.034393310546875 -0.36822509765625 -0.0217132568359375 0.115264892578125
-0.11181640625 -0.33905029296875 0.0455474853515625 0.144210815429687
-0.0672607421875 -0.356414794921875 0.0928802490234375 0.165863037109375
-0.092926025390625 -0.368133544921875 0.08587646484375 0.17633056640625
0.063232421875 -0.333221435546875 0.00329589843749999 0.214599609375
0.27374267578125 -0.26776123046875 -0.0674285888671875 0.201629638671875
0.41937255859375 -0.03521728515625 -0.163742065429687 0.0727386474609375
0.3486328125 0.375244140625 -0.150909423828125 -0.069244384765625
0.13140869140625 0.50579833984375 0.02374267578125 -0.0740966796875
-0.125244140625 0.61260986328125 0.0478897094726562 0.0434837341308594
-0.01220703125 0.49188232421875 -0.1715087890625 0.413543701171875
0.17742919921875 0.38690185546875 0.06610107421875 0.2989501953125
0.360443115234375 0.194580078125 0.107582092285156 0.0652999877929688
0.317138671875 -0.06646728515625 -0.0116691589355469 0.0408859252929688
0.210662841796875 -0.20916748046875 -0.0307693481445312 0.123405456542969
0.0273895263671875 -0.270751953125 -0.015899658203125 0.20806884765625
-0.0726165771484375 -0.247344970703125 0.0965423583984375 0.249435424804687
-0.04180908203125 -0.26141357421875 0.140975952148438 0.259963989257813
-0.0516510009765625 -0.270584106445313 0.12615966796875 0.277816772460938
0.0590362548828125 -0.226058959960938 0.00561523437499999 0.293731689453125
0.197540283203125 -0.168975830078125 -0.084503173828125 0.237167358398438
0.276046752929688 -0.0016326904296875 -0.16351318359375 0.100631713867187
0.216079711914062 0.270294189453125 -0.119255065917969 -0.0293502807617187
0.078369140625 0.352813720703125 0.0557441711425781 0.0350303649902344
-0.092498779296875 0.457122802734375 0.00167846679687499 0.220230102539063
0.0289154052734375 0.271316528320313 -0.1807861328125 0.555999755859375
0.134384155273438 0.2027587890625 0.090972900390625 0.39617919921875
0.194183349609375 0.06658935546875 0.110183715820313 0.0922164916992188
0.1441650390625 -0.0561981201171875 -0.0109024047851562 0.0721664428710937
0.0897293090820313 -0.0991897583007813 -0.0485382080078125 0.14984130859375
0.0181884765625 -0.128105163574219 -0.00860595703125 0.260177612304688
-0.0207138061523438 -0.116844177246094 0.130462646484375 0.31317138671875
-0.00998687744140624 -0.126411437988281 0.169281005859375 0.313568115234375
-0.00522613525390626 -0.133888244628906 0.146514892578125 0.33770751953125
0.0462799072265625 -0.0940704345703125 0.00405883789062499 0.32916259765625
0.0991439819335938 -0.0579299926757813 -0.0970001220703125 0.235794067382813
0.109481811523438 0.0212478637695313 -0.15350341796875 0.1082763671875
0.0751876831054688 0.129959106445313 -0.0880966186523438 -0.00349426269531249
0.0294342041015625 0.16021728515625 0.0700225830078125 0.109397888183594
-0.0411224365234375 0.242279052734375 -0.032012939453125 0.340850830078125
-0.0558929443359375 0.0121917724609375 -0.012847900390625 -0.3997802734375
-0.0142898559570313 0.0509796142578125 -0.0883941650390625 -0.175994873046875
0.0519447326660156 0.0392112731933594 0.0533790588378906 0.0140914916992188
0.0590934753417969 -0.00722885131835938 0.138435363769531 -0.081787109375
0.01959228515625 -0.0553665161132813 0.117584228515625 -0.1934814453125
-0.0338516235351563 -0.0364112854003906 -0.00283813476562497 -0.301849365234375
-0.0483283996582031 -0.0230598449707031 -0.169677734375 -0.32135009765625
-0.0277423858642578 -0.0202465057373047 -0.18408203125 -0.302001953125
-0.0367279052734375 -0.00880050659179688 -0.1485595703125 -0.31396484375
-0.00994491577148437 -0.0329742431640625 -0.0226593017578125 -0.274810791015625
0.0226039886474609 -0.0213642120361328 0.02349853515625 -0.1551513671875
0.0444374084472656 0.0189971923828125 -0.0111923217773438 -0.105827331542969
-0.0125885009765625 0.0357437133789063 -0.1014404296875 -0.163604736328125
-0.0359764099121094 0.0131378173828125 -0.12652587890625 -0.382781982421875
-0.0436782836914063 -0.0380325317382813 0.19927978515625 -0.59222412109375
-0.0836029052734375 0.245590209960938 -0.027984619140625 -0.383270263671875
0.019805908203125 0.223846435546875 -0.0885467529296875 -0.177398681640625
0.182098388671875 0.1611328125 0.0515060424804688 0.00731277465820313
0.2000732421875 -0.00225830078125 0.115974426269531 -0.0772323608398437
0.128562927246094 -0.139030456542969 0.113006591796875 -0.16436767578125
-0.0159759521484375 -0.166366577148437 -0.00396728515625001 -0.265914916992188
-0.09332275390625 -0.152801513671875 -0.1529541015625 -0.287506103515625
-0.0622711181640625 -0.164566040039063 -0.1588134765625 -0.262527465820313
-0.08544921875 -0.159912109375 -0.12969970703125 -0.2774658203125
0.00521850585937499 -0.176223754882813 -0.024627685546875 -0.230438232421875
0.125106811523438 -0.142120361328125 0.0130691528320312 -0.114036560058594
0.21600341796875 -0.014007568359375 -0.0424575805664062 -0.0994415283203125
0.146209716796875 0.177871704101562 -0.128341674804688 -0.177810668945313
0.035675048828125 0.21807861328125 -0.119903564453125 -0.401702880859375
-0.0728302001953125 0.2197265625 0.18841552734375 -0.5869140625
-0.096221923828125 0.447235107421875 -0.055572509765625 -0.300628662109375
0.065093994140625 0.3759765625 -0.0774612426757812 -0.136962890625
0.30694580078125 0.258209228515625 0.0603599548339844 0.00355148315429689
0.325714111328125 -0.007110595703125 0.0918960571289063 -0.07373046875
0.222259521484375 -0.214599609375 0.0954971313476563 -0.127647399902344
0.000549316406250028 -0.278533935546875 -0.0117950439453125 -0.200942993164063
-0.1282958984375 -0.26141357421875 -0.120468139648438 -0.213302612304688
-0.0870361328125 -0.283966064453125 -0.108779907226562 -0.183349609375
-0.122283935546875 -0.28582763671875 -0.088653564453125 -0.195831298828125
0.019622802734375 -0.294219970703125 -0.02191162109375 -0.144119262695313
0.212890625 -0.245697021484375 -0.00482940673828124 -0.0465583801269531
0.3641357421875 -0.047607421875 -0.08184814453125 -0.0721588134765625
0.29266357421875 0.297882080078125 -0.156967163085937 -0.173675537109375
0.106292724609375 0.3988037109375 -0.103668212890625 -0.3734130859375
-0.093994140625 0.446136474609375 0.1644287109375 -0.502655029296875
-0.08770751953125 0.5897216796875 -0.088623046875 -0.160446166992187
0.123382568359375 0.485687255859375 -0.0530014038085938 -0.0580978393554687
0.4193115234375 0.310943603515625 0.0764083862304688 0.00263977050781252
0.42279052734375 -0.03082275390625 0.0640792846679688 -0.0643463134765625
0.286163330078125 -0.27880859375 0.0673904418945313 -0.076507568359375
0.0123291015625 -0.35870361328125 -0.0190658569335937 -0.108833312988281
-0.145050048828125 -0.332183837890625 -0.071868896484375 -0.106376647949219
-0.0997314453125 -0.3599853515625 -0.0420303344726563 -0.0764389038085938
-0.1396484375 -0.365814208984375 -0.03021240234375 -0.0827713012695313
0.031829833984375 -0.366607666015625 -0.0125083923339844 -0.0283012390136719
0.26922607421875 -0.312530517578125 -0.0232048034667969 0.0398025512695312
0.462066650390625 -0.07427978515625 -0.118888854980469 -0.0259170532226563
0.3970947265625 0.374176025390625 -0.173324584960938 -0.14764404296875
0.1580810546875 0.520477294921875 -0.072235107421875 -0.30108642578125
-0.1064453125 0.6014404296875 0.13128662109375 -0.3511962890625
-0.0641479492187501 0.6495361328125 -0.119384765625 0.0220718383789063
0.17529296875 0.529937744140625 -0.0131263732910156 0.0507621765136719
0.483612060546875 0.31414794921875 0.0920486450195313 0.01123046875
0.464141845703125 -0.061126708984375 0.0339393615722657 -0.040557861328125
0.30718994140625 -0.307708740234375 0.0334262847900391 -0.00974655151367189
0.017486572265625 -0.387237548828125 -0.0211067199707031 0.00237846374511717
-0.142822265625 -0.353668212890625 -0.0128955841064453 0.0178871154785156
-0.096466064453125 -0.38018798828125 0.0299949645996094 0.0426673889160156
-0.13262939453125 -0.3892822265625 0.0340652465820312 0.0453834533691406
0.04217529296875 -0.37677001953125 0.00137329101562501 0.0962600708007812
0.28302001953125 -0.32171630859375 -0.0400772094726562 0.128341674804687
0.47650146484375 -0.077362060546875 -0.144927978515625 0.030120849609375
0.421112060546875 0.393768310546875 -0.170822143554687 -0.104278564453125
0.172393798828125 0.5509033203125 -0.02587890625 -0.191909790039062
-0.107177734375 0.6561279296875 0.0918426513671875 -0.158035278320313
-0.028076171875 0.612548828125 -0.1412353515625 0.220626831054688
0.20123291015625 0.4912109375 0.034149169921875 0.1724853515625
0.465240478515625 0.264312744140625 0.103157043457031 0.0288543701171875
0.4222412109375 -0.079833984375 0.00610017776489261 -0.00296783447265625
0.2744140625 -0.2867431640625 0.000602722167968764 0.060882568359375
0.017730712890625 -0.35546875 -0.0168991088867188 0.11456298828125
-0.120330810546875 -0.318695068359375 0.0494766235351562 0.139991760253906
-0.079986572265625 -0.34161376953125 0.097137451171875 0.155776977539062
-0.105255126953125 -0.34912109375 0.0930023193359375 0.16668701171875
0.04840087890625 -0.32208251953125 0.0138092041015625 0.207290649414062
0.250457763671875 -0.267349243164063 -0.0562744140625 0.197296142578125
0.403900146484375 -0.052001953125 -0.15557861328125 0.0778350830078125
0.3529052734375 0.34912109375 -0.147903442382812 -0.0578765869140625
0.144287109375 0.48388671875 0.0209197998046875 -0.0731353759765625
-0.09814453125 0.59857177734375 0.0498695373535156 0.0401229858398438
0.00930786132812498 0.476593017578125 -0.152496337890625 0.403472900390625
0.1861572265625 0.368804931640625 0.074920654296875 0.28851318359375
0.356475830078125 0.1719970703125 0.106887817382813 0.0547714233398438
0.302978515625 -0.0767822265625 -0.00975799560546873 0.0372352600097656
0.1929931640625 -0.211273193359375 -0.0262069702148437 0.116981506347656
0.0153961181640625 -0.260833740234375 -0.00874328613281249 0.203872680664062
-0.07867431640625 -0.233261108398437 0.103408813476563 0.239425659179687
-0.052215576171875 -0.25054931640625 0.148696899414062 0.244903564453125
-0.0616455078125 -0.25677490234375 0.136016845703125 0.26287841796875
0.04840087890625 -0.219039916992188 0.0189208984375 0.283843994140625
0.181564331054688 -0.169815063476563 -0.0717620849609375 0.231277465820313
0.266143798828125 -0.01385498046875 -0.153427124023437 0.104873657226563
0.221847534179687 0.252288818359375 -0.115913391113281 -0.0210494995117187
0.08807373046875 0.33770751953125 0.0555992126464844 0.0302276611328125
-0.0717468261718751 0.446868896484375 0.0125885009765625 0.210357666015625
0.0382537841796875 0.262298583984375 -0.1546630859375 0.542022705078125
0.137008666992188 0.191543579101563 0.102935791015625 0.3807373046875
0.189544677734375 0.0562896728515625 0.11016845703125 0.082794189453125
0.134857177734375 -0.0600967407226562 -0.00639724731445312 0.0676231384277344
0.0817413330078125 -0.100181579589844 -0.041168212890625 0.143417358398438
0.0120391845703125 -0.124267578125 -0.000289916992187488 0.253372192382813
-0.0241546630859375 -0.11029052734375 0.138763427734375 0.29888916015625
-0.0155410766601562 -0.120834350585938 0.177398681640625 0.29669189453125
-0.0106582641601563 -0.128273010253906 0.158172607421875 0.31842041015625
0.040191650390625 -0.09149169921875 0.0185546875 0.31793212890625
0.0917129516601563 -0.0588455200195313 -0.084259033203125 0.23028564453125
0.105415344238281 0.0154190063476563 -0.142608642578125 0.1112060546875
0.07965087890625 0.12158203125 -0.0849761962890625 0.00165557861328125
0.035430908203125 0.152816772460938 0.0724029541015625 0.100639343261719
-0.030364990234375 0.2371826171875 -0.014984130859375 0.326812744140625
-0.0548248291015625 0.0119056701660156 -0.0189208984375 -0.386322021484375
-0.0137786865234375 0.0494232177734375 -0.08966064453125 -0.17071533203125
0.0515213012695313 0.0372428894042969 0.0516128540039062 0.0102119445800781
0.0586051940917969 -0.00814056396484375 0.130592346191406 -0.0819091796875
0.0191612243652344 -0.0536231994628906 0.110870361328125 -0.187698364257813
-0.0323448181152344 -0.0341072082519531 -0.00646972656250002 -0.293121337890625
-0.0469207763671875 -0.0212631225585937 -0.170166015625 -0.30902099609375
-0.0264415740966797 -0.0195713043212891 -0.18487548828125 -0.2894287109375
-0.0345420837402344 -0.00707626342773438 -0.151580810546875 -0.301361083984375
-0.0100841522216797 -0.0312747955322266 -0.0257415771484375 -0.267486572265625
0.0222816467285156 -0.0204734802246094 0.02203369140625 -0.149017333984375
0.0435333251953125 0.0178604125976563 -0.0143356323242188 -0.10052490234375
-0.0133552551269531 0.0359420776367187 -0.10308837890625 -0.155426025390625
-0.0353813171386719 0.0125656127929687 -0.12762451171875 -0.366729736328125
-0.0414085388183594 -0.0370368957519531 0.1875 -0.56884765625
-0.0776214599609375 0.237380981445313 -0.034271240234375 -0.370025634765625
0.021209716796875 0.217514038085938 -0.0901336669921875 -0.1705322265625
0.179428100585938 0.152755737304688 0.0499229431152344 0.00265884399414064
0.19500732421875 -0.0051422119140625 0.10931396484375 -0.07684326171875
0.122482299804688 -0.13604736328125 0.1068115234375 -0.1600341796875
-0.01702880859375 -0.159591674804688 -0.00697326660156252 -0.257400512695313
-0.0920257568359375 -0.145675659179688 -0.154388427734375 -0.27569580078125
-0.0622711181640625 -0.159500122070313 -0.160140991210937 -0.252578735351563
-0.0843048095703125 -0.151763916015625 -0.132125854492188 -0.26605224609375
0.00271606445312501 -0.1697998046875 -0.02655029296875 -0.22418212890625
0.119049072265625 -0.139190673828125 0.0127105712890625 -0.109695434570313
0.209671020507813 -0.0176239013671875 -0.044769287109375 -0.0945816040039063
0.144073486328125 0.171524047851563 -0.128707885742188 -0.168960571289062
0.0359039306640625 0.211105346679688 -0.121490478515625 -0.384979248046875
-0.0668792724609375 0.21331787109375 0.17767333984375 -0.56390380859375
-0.0870361328125 0.432586669921875 -0.061187744140625 -0.290191650390625
0.067291259765625 0.364959716796875 -0.0800094604492187 -0.131103515625
0.301788330078125 0.243896484375 0.0589675903320313 -0.00276184082031249
0.316375732421875 -0.011627197265625 0.0857620239257813 -0.0738601684570313
0.211685180664063 -0.210830688476563 0.0896835327148438 -0.125534057617188
-0.00296020507812502 -0.267364501953125 -0.01348876953125 -0.194137573242188
-0.126434326171875 -0.249740600585937 -0.12152099609375 -0.204025268554687
-0.0892333984375 -0.275146484375 -0.109786987304688 -0.177093505859375
-0.121658325195313 -0.273101806640625 -0.08953857421875 -0.188674926757813
0.0147705078125 -0.284149169921875 -0.022369384765625 -0.139945983886719
0.201858520507812 -0.24114990234375 -0.00326156616210936 -0.0435867309570313
0.353118896484375 -0.0526123046875 -0.0827178955078125 -0.0674514770507813
0.28924560546875 0.286651611328125 -0.155288696289063 -0.163650512695312
0.1060791015625 0.386383056640625 -0.105133056640625 -0.359710693359375
-0.08489990234375 0.434844970703125 0.155120849609375 -0.484588623046875
-0.07666015625 0.5728759765625 -0.0922393798828125 -0.153717041015625
0.126556396484375 0.471282958984375 -0.0546493530273437 -0.0546684265136718
0.412200927734375 0.293365478515625 0.0740814208984375 -0.00457000732421873
0.4097900390625 -0.035797119140625 0.0589675903320313 -0.064971923828125
0.271621704101562 -0.274063110351563 0.0628738403320313 -0.0762710571289063
0.00711059570312502 -0.343505859375 -0.0194091796875 -0.103309631347656
-0.143798828125 -0.317626953125 -0.0731658935546875 -0.100738525390625
-0.102630615234375 -0.34820556640625 -0.0432968139648438 -0.0738143920898438
-0.1405029296875 -0.35101318359375 -0.0307846069335938 -0.079925537109375
0.025299072265625 -0.35357666015625 -0.0114364624023438 -0.028188705444336
0.255706787109375 -0.3055419921875 -0.0200309753417969 0.0396080017089843
0.447265625 -0.07904052734375 -0.117721557617187 -0.022064208984375
0.3927001953125 0.35992431640625 -0.170913696289062 -0.137741088867188
0.158538818359375 0.502777099609375 -0.072296142578125 -0.2901611328125
-0.09454345703125 0.58673095703125 0.126220703125 -0.339599609375
-0.05206298828125 0.6295166015625 -0.119178771972656 0.0226593017578125
0.1771240234375 0.513519287109375 -0.0136756896972656 0.0508193969726563
0.474212646484375 0.294525146484375 0.0900192260742188 0.00331878662109377
0.448516845703125 -0.066619873046875 0.0303192138671875 -0.0423545837402344
0.2913818359375 -0.303436279296875 0.0301303863525391 -0.012289047241211
0.011627197265625 -0.374053955078125 -0.0200996398925781 0.00516891479492185
-0.143157958984375 -0.337921142578125 -0.0131187438964844 0.0195522308349609
-0.10040283203125 -0.368621826171875 0.02923583984375 0.0410346984863281
-0.13604736328125 -0.3726806640625 0.0347518920898437 0.0427589416503906
0.034942626953125 -0.362518310546875 0.00396728515624999 0.0931320190429687
0.268646240234375 -0.314971923828125 -0.035064697265625 0.12579345703125
0.46160888671875 -0.08197021484375 -0.141128540039062 0.032196044921875
0.417236328125 0.376617431640625 -0.166213989257813 -0.0956268310546874
0.172943115234375 0.531494140625 -0.026123046875 -0.185714721679688
-0.0961914062500001 0.6376953125 0.0891876220703125 -0.153839111328125
-0.0174560546875 0.59375 -0.137008666992188 0.215179443359375
0.2022705078125 0.47564697265625 0.0350189208984375 0.168670654296875
0.4552001953125 0.2467041015625 0.1009521484375 0.0216598510742188
0.4075927734375 -0.084136962890625 0.0049710273742676 -0.00555467605590821
0.25970458984375 -0.283050537109375 -0.000446319580078108 0.0561103820800781
0.0120849609375 -0.341552734375 -0.0152664184570313 0.114059448242187
-0.119873046875 -0.304901123046875 0.0493621826171875 0.136474609375
-0.08447265625 -0.330657958984375 0.0970001220703125 0.148910522460937
-0.10858154296875 -0.33441162109375 0.09503173828125 0.159164428710937
0.042266845703125 -0.3106689453125 0.0181427001953125 0.200973510742187
0.238037109375 -0.262359619140625 -0.0501861572265625 0.19219970703125
0.3909912109375 -0.0574951171875 -0.15032958984375 0.07879638671875
0.350341796875 0.33477783203125 -0.143936157226562 -0.051513671875
0.14398193359375 0.4669189453125 0.0203475952148438 -0.0721664428710937
-0.0860595703124999 0.58367919921875 0.0509262084960937 0.0375747680664063
0.01531982421875 0.4620361328125 -0.145538330078125 0.392822265625
0.185394287109375 0.357269287109375 0.0772094726562501 0.279953002929688
0.348602294921875 0.160980224609375 0.104896545410156 0.0482025146484375
0.291534423828125 -0.0792236328125 -0.00848197937011717 0.0336990356445312
0.183151245117188 -0.208282470703125 -0.0259780883789062 0.110832214355469
0.010711669921875 -0.252517700195313 -0.00669860839843749 0.200088500976562
-0.07830810546875 -0.223281860351562 0.103042602539063 0.232528686523438
-0.055023193359375 -0.24273681640625 0.149795532226563 0.23565673828125
-0.065093994140625 -0.2464599609375 0.139312744140625 0.251373291015625
0.0436859130859375 -0.211349487304688 0.02374267578125 0.274703979492187
0.171615600585938 -0.166152954101563 -0.0662689208984375 0.224884033203125
0.256805419921875 -0.018402099609375 -0.146835327148437 0.104995727539063
0.220657348632813 0.24090576171875 -0.111923217773438 -0.0170440673828125
0.089141845703125 0.325286865234375 0.0552520751953125 0.0270538330078125
-0.063720703125 0.43560791015625 0.015869140625 0.20184326171875
0.0405731201171875 0.255813598632812 -0.144195556640625 0.5250244140625
0.135574340820313 0.185195922851563 0.10723876953125 0.369171142578125
0.1846923828125 0.052001953125 0.10772705078125 0.0776138305664063
0.128776550292969 -0.0600814819335937 -0.00516128540039062 0.0629730224609375
0.0768814086914063 -0.0986251831054688 -0.0398788452148438 0.137016296386719
0.00920867919921874 -0.120223999023437 0.00140380859375001 0.24700927734375
-0.0250396728515625 -0.105354309082031 0.139373779296875 0.290130615234375
-0.0176010131835938 -0.11688232421875 0.178985595703125 0.285430908203125
-0.0135345458984375 -0.12335205078125 0.16143798828125 0.304443359375
0.0378036499023438 -0.0882644653320313 0.02392578125 0.308441162109375
0.0855789184570312 -0.0580520629882813 -0.078369140625 0.223648071289063
0.101119995117188 0.0126724243164063 -0.135444641113281 0.11053466796875
0.0807876586914063 0.115196228027344 -0.0812454223632813 0.00399017333984377
0.0361175537109375 0.147140502929688 0.0717849731445313 0.0938034057617188
-0.0257110595703125 0.232025146484375 -0.00918579101562498 0.313385009765625
-0.0552902221679688 0.0114059448242188 -0.020050048828125 -0.382537841796875
-0.0145759582519531 0.0485115051269531 -0.0904083251953125 -0.1690673828125
0.050567626953125 0.0361137390136719 0.0507698059082031 0.00792312622070313
0.0592308044433594 -0.00823211669921875 0.126930236816406 -0.0813674926757813
0.01934814453125 -0.0527877807617188 0.109725952148438 -0.184524536132813
-0.031829833984375 -0.0331954956054688 -0.00646972656249999 -0.290771484375
-0.0459823608398438 -0.0214195251464844 -0.169586181640625 -0.30609130859375
-0.0258045196533203 -0.0198822021484375 -0.187164306640625 -0.285736083984375
-0.0332069396972656 -0.0059051513671875 -0.15277099609375 -0.29779052734375
-0.0100955963134766 -0.0305557250976562 -0.0260467529296875 -0.266494750976563
0.0230064392089844 -0.0202503204345703 0.0236968994140625 -0.14599609375
0.0439262390136719 0.0173377990722656 -0.0161972045898438 -0.0981216430664063
-0.014556884765625 0.0366668701171875 -0.10443115234375 -0.152679443359375
-0.0354652404785156 0.0112266540527344 -0.125946044921875 -0.359466552734375
-0.0405769348144531 -0.0377159118652344 0.188385009765625 -0.55950927734375
-0.0783843994140625 0.23406982421875 -0.035919189453125 -0.365020751953125
0.0194854736328125 0.215057373046875 -0.09149169921875 -0.169113159179687
0.177276611328125 0.149185180664062 0.0488319396972656 -0.00103759765624999
0.19378662109375 -0.0046234130859375 0.105644226074219 -0.0767059326171875
0.120903015136719 -0.133880615234375 0.104476928710938 -0.1585693359375
-0.0170135498046875 -0.156326293945313 -0.00617980957031253 -0.25537109375
-0.089874267578125 -0.143478393554688 -0.154708862304688 -0.272247314453125
-0.0616455078125 -0.158615112304688 -0.161163330078125 -0.2498779296875
-0.0831298828125 -0.148941040039063 -0.132476806640625 -0.263565063476563
0.00270080566406248 -0.167343139648438 -0.0260467529296875 -0.224014282226563
0.118965148925781 -0.137184143066406 0.014434814453125 -0.107864379882813
0.208602905273438 -0.017791748046875 -0.046539306640625 -0.0920944213867188
0.143081665039063 0.171585083007813 -0.129013061523438 -0.16522216796875
0.033721923828125 0.20892333984375 -0.1173095703125 -0.37738037109375
-0.06597900390625 0.210662841796875 0.17901611328125 -0.55389404296875
-0.08734130859375 0.42755126953125 -0.063385009765625 -0.28582763671875
0.064422607421875 0.36077880859375 -0.0813217163085938 -0.129280090332031
0.297637939453125 0.2391357421875 0.05743408203125 -0.00766754150390623
0.313018798828125 -0.011749267578125 0.0824661254882813 -0.073516845703125
0.208114624023438 -0.208084106445312 0.0873870849609375 -0.123695373535156
-0.00250244140624997 -0.262420654296875 -0.012786865234375 -0.191604614257813
-0.124099731445313 -0.24578857421875 -0.122726440429688 -0.20050048828125
-0.08868408203125 -0.2730712890625 -0.111129760742187 -0.175201416015625
-0.120574951171875 -0.268081665039063 -0.0906219482421875 -0.186538696289063
0.014617919921875 -0.280059814453125 -0.0216598510742188 -0.140243530273438
0.199905395507813 -0.238311767578125 -0.000652313232421867 -0.0428085327148438
0.35040283203125 -0.05340576171875 -0.0839080810546875 -0.0655975341796875
0.288177490234375 0.284149169921875 -0.15423583984375 -0.159637451171875
0.10235595703125 0.38238525390625 -0.103240966796875 -0.3543701171875
-0.083831787109375 0.430877685546875 0.157684326171875 -0.475250244140625
-0.0758056640625 0.565185546875 -0.0941925048828125 -0.151382446289062
0.12286376953125 0.46795654296875 -0.0556297302246094 -0.0524520874023437
0.407867431640625 0.288665771484375 0.071990966796875 -0.00988769531249998
0.4066162109375 -0.035980224609375 0.05609130859375 -0.0657272338867188
0.267196655273438 -0.270889282226563 0.0602645874023438 -0.0766372680664063
0.00747680664062501 -0.33746337890625 -0.0187835693359375 -0.101470947265625
-0.142181396484375 -0.3115234375 -0.0742874145507813 -0.0974044799804688
-0.103118896484375 -0.346405029296875 -0.0442276000976562 -0.0733718872070313
-0.139617919921875 -0.344970703125 -0.0309295654296875 -0.0803146362304688
0.025360107421875 -0.34857177734375 -0.0104503631591797 -0.0284805297851563
0.252593994140625 -0.30316162109375 -0.0177154541015625 0.0393562316894531
0.44317626953125 -0.07928466796875 -0.118629455566406 -0.020843505859375
0.39227294921875 0.358551025390625 -0.16900634765625 -0.13348388671875
0.15277099609375 0.498260498046875 -0.06988525390625 -0.286468505859375
-0.09381103515625 0.580810546875 0.126800537109375 -0.334014892578125
-0.05059814453125 0.62384033203125 -0.121200561523437 0.0234146118164063
0.175384521484375 0.510528564453125 -0.0143470764160156 0.0519332885742188
0.4703369140625 0.290252685546875 0.088287353515625 -0.00250244140624998
0.443267822265625 -0.065032958984375 0.0288658142089844 -0.0439834594726563
0.286865234375 -0.30108642578125 0.0278987884521485 -0.0147037506103516
0.010284423828125 -0.367645263671875 -0.0204315185546875 0.00658798217773435
-0.139984130859375 -0.33209228515625 -0.013946533203125 0.0211563110351562
-0.101806640625 -0.366058349609375 0.029327392578125 0.0398101806640625
-0.134552001953125 -0.3653564453125 0.0360336303710937 0.0401039123535156
0.0350341796875 -0.35791015625 0.00537109375000001 0.0928192138671875
0.264373779296875 -0.311614990234375 -0.0331268310546875 0.124542236328125
0.457183837890625 -0.08380126953125 -0.141143798828125 0.033294677734375
0.4158935546875 0.373443603515625 -0.163833618164062 -0.0923004150390625
0.167724609375 0.527008056640625 -0.025238037109375 -0.184738159179687
-0.09515380859375 0.63311767578125 0.0907440185546875 -0.151290893554687
-0.0164794921875 0.588134765625 -0.137313842773438 0.213226318359375
0.2005615234375 0.472412109375 0.034820556640625 0.16851806640625
0.453887939453125 0.24249267578125 0.0994644165039063 0.016357421875
0.403411865234375 -0.084075927734375 0.00441312789916995 -0.00865411758422852
0.255889892578125 -0.282318115234375 -0.0030860900878906 0.0525894165039062
0.01165771484375 -0.336944580078125 -0.0155715942382813 0.114402770996094
-0.118072509765625 -0.299652099609375 0.0490646362304687 0.137496948242187
-0.085662841796875 -0.328521728515625 0.096954345703125 0.146804809570313
-0.108734130859375 -0.3292236328125 0.0967559814453125 0.1553955078125
0.04193115234375 -0.305908203125 0.01934814453125 0.19903564453125
0.23309326171875 -0.258331298828125 -0.048492431640625 0.189834594726562
0.38665771484375 -0.05792236328125 -0.149383544921875 0.0792083740234375
0.34942626953125 0.33056640625 -0.141387939453125 -0.0490264892578125
0.139617919921875 0.46209716796875 0.0210418701171875 -0.0726242065429687
-0.08477783203125 0.57958984375 0.0518455505371094 0.0363349914550782
0.016357421875 0.459228515625 -0.1455078125 0.388702392578125
0.18414306640625 0.355224609375 0.0773162841796875 0.278549194335938
0.34588623046875 0.15887451171875 0.104171752929688 0.044189453125
0.287933349609375 -0.078277587890625 -0.00885772705078123 0.0306262969970703
0.179656982421875 -0.207626342773438 -0.0280532836914062 0.106964111328125
0.0103302001953125 -0.248489379882813 -0.00721740722656248 0.2001953125
-0.0779266357421875 -0.219009399414063 0.10321044921875 0.232772827148438
-0.05670166015625 -0.24066162109375 0.149887084960937 0.23272705078125
-0.064697265625 -0.242340087890625 0.141281127929687 0.246810913085937
0.0427703857421875 -0.207687377929687 0.0261383056640625 0.273040771484375
0.167251586914062 -0.163330078125 -0.0640716552734375 0.222213745117187
0.253662109375 -0.0189666748046875 -0.14508056640625 0.104598999023438
0.22052001953125 0.236648559570313 -0.109245300292969 -0.0154495239257813
0.08660888671875 0.32110595703125 0.0547256469726563 0.024017333984375
-0.06298828125 0.433380126953125 0.016357421875 0.196990966796875
0.0395965576171875 0.253860473632813 -0.1444091796875 0.517181396484375
0.134857177734375 0.183807373046875 0.10736083984375 0.36669921875
0.182815551757813 0.051727294921875 0.107505798339844 0.0760040283203125
0.127021789550781 -0.058441162109375 -0.00409317016601561 0.0595054626464844
0.075775146484375 -0.0982208251953125 -0.0418319702148437 0.133041381835938
0.00905609130859375 -0.119430541992188 0.000305175781249985 0.24725341796875
-0.0247573852539063 -0.103675842285156 0.139862060546875 0.288818359375
-0.0186843872070313 -0.116165161132813 0.179595947265625 0.28204345703125
-0.0142669677734375 -0.121406555175781 0.16351318359375 0.2998046875
0.0371246337890625 -0.0863265991210938 0.025848388671875 0.30517578125
0.08282470703125 -0.0560379028320313 -0.0772247314453125 0.221176147460938
0.0991668701171875 0.011810302734375 -0.132835388183594 0.110107421875
0.0818862915039062 0.111892700195313 -0.0789794921875 0.00482177734375002
0.0364227294921875 0.144805908203125 0.0705947875976563 0.0904617309570313
-0.02557373046875 0.230880737304688 -0.00924682617187502 0.306976318359375
-0.0570030212402344 0.0116043090820313 -0.02484130859375 -0.386871337890625
-0.0164794921875 0.0495033264160156 -0.095428466796875 -0.170791625976562
0.0505867004394531 0.0356407165527344 0.0507736206054688 0.0055694580078125
0.0612068176269531 -0.00922012329101562 0.12603759765625 -0.0842819213867187
0.0194511413574219 -0.0537910461425781 0.110275268554688 -0.1876220703125
-0.0321941375732422 -0.0328311920166016 -0.00878906249999998 -0.295867919921875
-0.0462303161621094 -0.021392822265625 -0.177276611328125 -0.306732177734375
-0.0258617401123047 -0.0209140777587891 -0.19525146484375 -0.2880859375
-0.0322513580322266 -0.00526809692382813 -0.159698486328125 -0.30010986328125
-0.0100460052490234 -0.0300979614257812 -0.0289459228515625 -0.272628784179688
0.0235309600830078 -0.021820068359375 0.024871826171875 -0.146514892578125
0.045318603515625 0.0165290832519531 -0.0187759399414062 -0.0971527099609375
-0.0155830383300781 0.0387344360351562 -0.109893798828125 -0.152175903320313
-0.0359992980957031 0.0110893249511719 -0.129638671875 -0.360015869140625
-0.0412254333496094 -0.0393714904785156 0.1898193359375 -0.5638427734375
-0.0791778564453125 0.236679077148438 -0.040313720703125 -0.36871337890625
0.020172119140625 0.21820068359375 -0.096954345703125 -0.1695556640625
0.180389404296875 0.149398803710937 0.0484390258789063 -0.00538635253906249
0.196868896484375 -0.0068817138671875 0.103599548339844 -0.0790023803710938
0.12127685546875 -0.137123107910156 0.104522705078125 -0.160430908203125
-0.0181732177734375 -0.156417846679688 -0.00854492187500002 -0.259521484375
-0.092071533203125 -0.14434814453125 -0.161346435546875 -0.272903442382813
-0.064361572265625 -0.16217041015625 -0.168655395507812 -0.25244140625
-0.084259033203125 -0.149734497070313 -0.139312744140625 -0.2667236328125
0.00146484375 -0.16937255859375 -0.0290679931640625 -0.228530883789062
0.120208740234375 -0.14129638671875 0.0161666870117188 -0.108306884765625
0.212478637695313 -0.0210418701171875 -0.0505599975585938 -0.0915298461914062
0.146957397460938 0.17431640625 -0.13348388671875 -0.164886474609375
0.0347900390625 0.211563110351563 -0.121917724609375 -0.379669189453125
-0.0656280517578125 0.214324951171875 0.18231201171875 -0.5601806640625
-0.0858154296875 0.431671142578125 -0.06805419921875 -0.2877197265625
0.067352294921875 0.36627197265625 -0.085693359375 -0.12890625
0.3028564453125 0.238555908203125 0.0564727783203125 -0.0128440856933594
0.31787109375 -0.0140380859375 0.0802154541015625 -0.0759963989257813
0.208572387695313 -0.213088989257813 0.0868072509765625 -0.126815795898438
-0.00427246093749998 -0.264144897460938 -0.0141754150390625 -0.194107055664063
-0.127120971679688 -0.24688720703125 -0.12872314453125 -0.20050048828125
-0.0935516357421875 -0.2783203125 -0.117034912109375 -0.1766357421875
-0.123870849609375 -0.270217895507813 -0.0948486328125 -0.189041137695313
0.013336181640625 -0.283599853515625 -0.0231170654296875 -0.143356323242188
0.201644897460938 -0.24298095703125 0.00129318237304689 -0.0433273315429688
0.356109619140625 -0.05816650390625 -0.0887374877929687 -0.0646591186523438
0.2962646484375 0.28717041015625 -0.158096313476562 -0.158950805664062
0.106292724609375 0.387359619140625 -0.104400634765625 -0.358001708984375
-0.081695556640625 0.437530517578125 0.161407470703125 -0.4801025390625
-0.0728759765625 0.572265625 -0.099853515625 -0.151336669921875
0.129302978515625 0.473358154296875 -0.0585136413574219 -0.0516510009765625
0.4156494140625 0.28680419921875 0.071258544921875 -0.0159759521484375
0.41192626953125 -0.03961181640625 0.0542335510253907 -0.0689010620117188
0.267578125 -0.276931762695312 0.0585708618164063 -0.0791702270507813
0.00476074218749998 -0.340972900390625 -0.0199813842773437 -0.102447509765625
-0.1458740234375 -0.313507080078125 -0.0777740478515625 -0.0960922241210938
-0.108978271484375 -0.352935791015625 -0.0467910766601563 -0.0747451782226563
-0.144561767578125 -0.34710693359375 -0.0324783325195313 -0.08258056640625
0.023712158203125 -0.352691650390625 -0.0103034973144531 -0.0296669006347656
0.253448486328125 -0.309234619140625 -0.0154838562011719 0.0405426025390625
0.45001220703125 -0.0858154296875 -0.12274169921875 -0.0189056396484375
0.403167724609375 0.361907958984375 -0.17230224609375 -0.131866455078125
0.157257080078125 0.505401611328125 -0.07135009765625 -0.290069580078125
-0.09039306640625 0.5904541015625 0.13116455078125 -0.33734130859375
-0.0472412109375 0.6318359375 -0.124809265136719 0.0250091552734376
0.18353271484375 0.51763916015625 -0.015167236328125 0.0535621643066407
0.48095703125 0.2882080078125 0.0886154174804688 -0.00897979736328123
0.4498291015625 -0.070648193359375 0.0274848937988281 -0.0477943420410156
0.287078857421875 -0.30902099609375 0.0254154205322266 -0.0169391632080078
0.00878906250000002 -0.371246337890625 -0.0208721160888672 0.00783157348632811
-0.14447021484375 -0.334747314453125 -0.0153045654296875 0.024139404296875
-0.108062744140625 -0.372222900390625 0.0293197631835937 0.0400047302246094
-0.14044189453125 -0.368072509765625 0.0373077392578125 0.0388870239257812
0.032989501953125 -0.3623046875 0.00732421875000001 0.09375
0.2650146484375 -0.318115234375 -0.0311279296875 0.126419067382812
0.462646484375 -0.089324951171875 -0.145217895507813 0.036285400390625
0.4276123046875 0.375885009765625 -0.166351318359375 -0.09039306640625
0.173492431640625 0.535736083984375 -0.025299072265625 -0.188186645507812
-0.0916748046875001 0.6453857421875 0.0940704345703125 -0.154022216796875
-0.0124511718750001 0.59649658203125 -0.139984130859375 0.217315673828125
0.20947265625 0.479766845703125 0.037200927734375 0.171188354492188
0.46197509765625 0.24041748046875 0.10015869140625 0.0113143920898438
0.408172607421875 -0.088714599609375 0.00378704071044924 -0.0115127563476563
0.255218505859375 -0.28900146484375 -0.00535964965820311 0.0511512756347656
0.00848388671875002 -0.339935302734375 -0.0155181884765625 0.118293762207031
-0.12139892578125 -0.302032470703125 0.0504913330078125 0.14129638671875
-0.091064453125 -0.334197998046875 0.10089111328125 0.147994995117187
-0.113128662109375 -0.331451416015625 0.100936889648438 0.154449462890625
0.039825439453125 -0.309478759765625 0.022613525390625 0.2022705078125
0.2333984375 -0.262176513671875 -0.046722412109375 0.193115234375
0.390838623046875 -0.06231689453125 -0.15216064453125 0.0826568603515625
0.359161376953125 0.3321533203125 -0.142547607421875 -0.0475921630859375
0.1419677734375 0.46722412109375 0.0211257934570313 -0.0760650634765625
-0.0822143554687501 0.5902099609375 0.0541648864746094 0.0355415344238282
0.017791748046875 0.466766357421875 -0.146209716796875 0.393951416015625
0.19146728515625 0.36065673828125 0.0821533203125 0.282806396484375
0.353240966796875 0.158050537109375 0.106002807617188 0.0406417846679688
0.291107177734375 -0.08203125 -0.00831031799316404 0.0279083251953125
0.179153442382812 -0.212646484375 -0.0302200317382812 0.106101989746094
0.00773620605468752 -0.251998901367188 -0.007110595703125 0.205078125
-0.079833984375 -0.220367431640625 0.107467651367187 0.236953735351562
-0.0610198974609375 -0.244216918945312 0.156295776367188 0.234634399414062
-0.0687713623046875 -0.244171142578125 0.1483154296875 0.246353149414062
0.0425872802734375 -0.209396362304688 0.0301361083984375 0.27789306640625
0.167327880859375 -0.164962768554688 -0.0630035400390625 0.225479125976562
0.255035400390625 -0.02197265625 -0.1463623046875 0.108154296875
0.22802734375 0.236907958984375 -0.109786987304687 -0.0135040283203125
0.088836669921875 0.32403564453125 0.05572509765625 0.0213050842285156
-0.06011962890625 0.441986083984375 0.0179443359375 0.197280883789063
0.0420989990234375 0.259201049804688 -0.144500732421875 0.5247802734375
0.138671875 0.186492919921875 0.1131591796875 0.37139892578125
0.186752319335938 0.051849365234375 0.110427856445313 0.0746688842773437
0.128227233886719 -0.0603866577148438 -0.00336456298828124 0.057281494140625
0.0757675170898438 -0.101119995117188 -0.0440826416015625 0.133041381835938
0.007965087890625 -0.121078491210938 0.000778198242187511 0.252700805664063
-0.0254058837890625 -0.103721618652344 0.145416259765625 0.29315185546875
-0.0210494995117188 -0.117111206054688 0.187469482421875 0.2840576171875
-0.0159988403320312 -0.122947692871094 0.171295166015625 0.30023193359375
0.0372772216796875 -0.0869979858398438 0.029541015625 0.310546875
0.0815277099609375 -0.0563507080078125 -0.0765838623046875 0.224319458007813
0.0995101928710938 0.0106430053710938 -0.132286071777344 0.11334228515625
0.0848617553710938 0.110862731933594 -0.07904052734375 0.00618743896484376
0.03753662109375 0.145828247070313 0.0719223022460938 0.088470458984375
-0.02392578125 0.236068725585938 -0.007080078125 0.308837890625
-0.058441162109375 0.013427734375 -0.036865234375 -0.392730712890625
-0.01654052734375 0.0514488220214844 -0.104324340820312 -0.170425415039063
0.0513992309570313 0.0345191955566406 0.0514373779296875 0.00183486938476563
0.0630645751953125 -0.0116767883300781 0.123748779296875 -0.0901412963867188
0.0184516906738281 -0.0554122924804688 0.107086181640625 -0.194992065429687
-0.0335350036621094 -0.0315570831298828 -0.018310546875 -0.3035888671875
-0.0478935241699219 -0.0204238891601562 -0.192047119140625 -0.307159423828125
-0.0265369415283203 -0.0217189788818359 -0.211334228515625 -0.28704833984375
-0.0319690704345703 -0.00415420532226562 -0.175262451171875 -0.300872802734375
-0.0112533569335938 -0.0307521820068359 -0.038482666015625 -0.279067993164062
0.0240554809570312 -0.0235633850097656 0.0229644775390625 -0.149795532226562
0.0472564697265625 0.0150070190429688 -0.0239715576171875 -0.0967788696289063
-0.0153274536132813 0.041839599609375 -0.119354248046875 -0.15008544921875
-0.0369949340820313 0.0113525390625 -0.142547607421875 -0.36199951171875
-0.0434112548828125 -0.0405387878417969 0.18109130859375 -0.5767822265625
-0.0738372802734375 0.2435302734375 -0.05419921875 -0.373291015625
0.0262451171875 0.222610473632813 -0.1058349609375 -0.169342041015625
0.18756103515625 0.145553588867188 0.0479507446289063 -0.0105247497558594
0.201568603515625 -0.0134124755859375 0.100776672363281 -0.0845870971679688
0.119003295898437 -0.1439208984375 0.101715087890625 -0.167236328125
-0.0228271484375 -0.158172607421875 -0.01666259765625 -0.265701293945313
-0.0976715087890625 -0.144317626953125 -0.17572021484375 -0.27313232421875
-0.0718231201171875 -0.164688110351563 -0.183685302734375 -0.250930786132813
-0.090362548828125 -0.149658203125 -0.153213500976563 -0.2681884765625
-0.00340270996093748 -0.172409057617188 -0.0370025634765625 -0.23394775390625
0.118423461914063 -0.148391723632813 0.0158309936523437 -0.11065673828125
0.216842651367188 -0.02972412109375 -0.0572280883789063 -0.0896835327148437
0.156158447265625 0.17486572265625 -0.142974853515625 -0.162155151367188
0.0407867431640625 0.214675903320313 -0.133880615234375 -0.382293701171875
-0.059600830078125 0.22003173828125 0.17340087890625 -0.57366943359375
-0.07525634765625 0.44219970703125 -0.08050537109375 -0.289886474609375
0.080169677734375 0.3719482421875 -0.0942459106445313 -0.128036499023437
0.3170166015625 0.232513427734375 0.0552635192871094 -0.0194740295410156
0.32342529296875 -0.0247802734375 0.0774078369140625 -0.081268310546875
0.205718994140625 -0.224456787109375 0.08349609375 -0.132217407226563
-0.01165771484375 -0.267852783203125 -0.020751953125 -0.1981201171875
-0.136398315429687 -0.247543334960937 -0.139450073242188 -0.198028564453125
-0.10546875 -0.283599853515625 -0.1270751953125 -0.175933837890625
-0.134780883789062 -0.271697998046875 -0.10498046875 -0.1915283203125
0.00482177734375001 -0.2889404296875 -0.02764892578125 -0.14697265625
0.198272705078125 -0.255523681640625 0.00214385986328127 -0.0437202453613281
0.36260986328125 -0.07147216796875 -0.095245361328125 -0.0615081787109375
0.31414794921875 0.285308837890625 -0.166580200195312 -0.156097412109375
0.11737060546875 0.393402099609375 -0.1158447265625 -0.361419677734375
-0.070587158203125 0.45001220703125 0.153900146484375 -0.493865966796875
-0.05743408203125 0.58526611328125 -0.108078002929687 -0.150115966796875
0.1463623046875 0.479156494140625 -0.0634689331054687 -0.0505714416503906
0.4344482421875 0.2779541015625 0.0704803466796875 -0.0234909057617187
0.41741943359375 -0.053466796875 0.051116943359375 -0.0737457275390625
0.264007568359375 -0.29315185546875 0.0551986694335938 -0.0843048095703125
-0.00570678710937497 -0.3465576171875 -0.0236129760742187 -0.103477478027344
-0.15740966796875 -0.314727783203125 -0.0845184326171875 -0.0930252075195313
-0.124969482421875 -0.35845947265625 -0.0519638061523438 -0.0748443603515625
-0.158935546875 -0.348419189453125 -0.0374069213867188 -0.0853500366210938
0.01409912109375 -0.360137939453125 -0.0110359191894531 -0.0301227569580078
0.249298095703125 -0.322784423828125 -0.0123634338378906 0.0412101745605469
0.458770751953125 -0.10357666015625 -0.128646850585938 -0.0135650634765625
0.425506591796875 0.3551025390625 -0.178848266601562 -0.128204345703125
0.173370361328125 0.51104736328125 -0.080902099609375 -0.29443359375
-0.0755004882812499 0.60772705078125 0.126678466796875 -0.34735107421875
-0.02801513671875 0.64642333984375 -0.128707885742188 0.0297317504882813
0.204254150390625 0.5220947265625 -0.0143165588378906 0.0563888549804688
0.5001220703125 0.2767333984375 0.0876083374023438 -0.0162200927734375
0.45526123046875 -0.085479736328125 0.0248031616210938 -0.0517349243164063
0.28289794921875 -0.324798583984375 0.0238418579101563 -0.0196361541748047
-0.00314331054687501 -0.37786865234375 -0.021087646484375 0.00955390930175779
-0.15557861328125 -0.3358154296875 -0.015716552734375 0.0278224945068359
-0.125244140625 -0.378570556640625 0.0306625366210937 0.0395736694335937
-0.155029296875 -0.37091064453125 0.0388946533203125 0.0359458923339844
0.022674560546875 -0.37005615234375 0.0109634399414062 0.0953598022460937
0.261199951171875 -0.331787109375 -0.0261611938476562 0.130195617675781
0.469696044921875 -0.10772705078125 -0.149246215820312 0.0426483154296875
0.451446533203125 0.36932373046875 -0.17095947265625 -0.08660888671875
0.18988037109375 0.54010009765625 -0.0307769775390625 -0.192642211914062
-0.07421875 0.6632080078125 0.0932464599609375 -0.15985107421875
0.00463867187500002 0.60955810546875 -0.137985229492187 0.225753784179688
0.23004150390625 0.4847412109375 0.0435028076171875 0.174423217773438
0.480865478515625 0.23040771484375 0.101585388183594 0.00414276123046876
0.414398193359375 -0.10302734375 0.00301265716552737 -0.0153656005859375
0.250457763671875 -0.30413818359375 -0.00658798217773436 0.0505599975585937
-0.00183105468749997 -0.3472900390625 -0.0123443603515625 0.123184204101562
-0.13201904296875 -0.302642822265625 0.056243896484375 0.145538330078125
-0.10662841796875 -0.34002685546875 0.108505249023438 0.146881103515625
-0.12689208984375 -0.335174560546875 0.108596801757812 0.15191650390625
0.031768798828125 -0.315826416015625 0.0307159423828125 0.206207275390625
0.22979736328125 -0.27398681640625 -0.04052734375 0.198074340820312
0.397186279296875 -0.0771484375 -0.153656005859375 0.090057373046875
0.378997802734375 0.326507568359375 -0.14532470703125 -0.0429229736328125
0.15771484375 0.473175048828125 0.0196456909179688 -0.0811080932617187
-0.0664062500000001 0.60601806640625 0.0574798583984375 0.0329322814941407
0.033355712890625 0.47625732421875 -0.13775634765625 0.404449462890625
0.207366943359375 0.362457275390625 0.0938720703125 0.286407470703125
0.369171142578125 0.150177001953125 0.108955383300781 0.0358428955078125
0.2957763671875 -0.09326171875 -0.00723838806152342 0.0255870819091797
0.17633056640625 -0.224334716796875 -0.0303878784179687 0.106986999511719
0.000381469726562502 -0.257568359375 -0.0013580322265625 0.211471557617187
-0.0870361328125 -0.222076416015625 0.1177978515625 0.240707397460938
-0.072235107421875 -0.248153686523438 0.168472290039063 0.233139038085938
-0.078857421875 -0.247711181640625 0.160812377929688 0.243621826171875
0.037261962890625 -0.214004516601563 0.04083251953125 0.28338623046875
0.164627075195313 -0.172576904296875 -0.056854248046875 0.232147216796875
0.259719848632813 -0.030517578125 -0.145767211914062 0.11566162109375
0.241409301757813 0.233062744140625 -0.110794067382812 -0.0104751586914062
0.098785400390625 0.328033447265625 0.0571022033691406 0.0171699523925781
-0.0476074218749999 0.45404052734375 0.0239105224609375 0.198394775390625
0.05084228515625 0.264328002929688 -0.132476806640625 0.538421630859375
0.148361206054688 0.186248779296875 0.128936767578125 0.37579345703125
0.194442749023438 0.048065185546875 0.115272521972656 0.0711822509765625
0.129638671875 -0.0651016235351563 -0.000164031982421864 0.0556373596191406
0.0736770629882813 -0.107185363769531 -0.0438461303710937 0.134971618652344
0.003692626953125 -0.124244689941406 0.0069580078125 0.260879516601562
-0.0284957885742188 -0.104621887207031 0.159515380859375 0.29705810546875
-0.0264358520507813 -0.118682861328125 0.202972412109375 0.28369140625
-0.0209274291992187 -0.124176025390625 0.18658447265625 0.298675537109375
0.035797119140625 -0.0890960693359375 0.04217529296875 0.317108154296875
0.080413818359375 -0.0586395263671875 -0.0712127685546875 0.23138427734375
0.100845336914063 0.00798797607421875 -0.130386352539063 0.120651245117187
0.0913009643554688 0.107757568359375 -0.0787506103515625 0.00878906250000002
0.042022705078125 0.146087646484375 0.0748138427734375 0.0851364135742188
-0.01654052734375 0.242889404296875 -0.000274658203124999 0.311859130859375
-0.0589218139648438 0.0166282653808594 -0.057769775390625 -0.3922119140625
-0.0151100158691406 0.0537605285644531 -0.114990234375 -0.165176391601563
0.0522537231445313 0.0331954956054688 0.0506362915039062 -0.00312423706054687
0.0633964538574219 -0.0150413513183594 0.1177978515625 -0.0966415405273437
0.0154609680175781 -0.0570907592773438 0.0975341796875 -0.201797485351563
-0.0350570678710938 -0.0291595458984375 -0.033966064453125 -0.3062744140625
-0.0496139526367188 -0.0178871154785156 -0.21087646484375 -0.29901123046875
-0.0281467437744141 -0.0213680267333984 -0.230560302734375 -0.276687622070313
-0.0313358306884766 -0.00265121459960938 -0.194000244140625 -0.29351806640625
-0.0134677886962891 -0.0301589965820313 -0.054473876953125 -0.28167724609375
0.0232257843017578 -0.0256557464599609 0.017669677734375 -0.15155029296875
0.0486907958984375 0.0119857788085938 -0.030914306640625 -0.0934982299804688
-0.01324462890625 0.0444793701171875 -0.130355834960937 -0.141937255859375
-0.036895751953125 0.0122108459472656 -0.160491943359375 -0.355377197265625
-0.0459365844726563 -0.0399971008300781 0.16021728515625 -0.5867919921875
-0.062835693359375 0.248367309570313 -0.074249267578125 -0.370941162109375
0.0366363525390625 0.222900390625 -0.116241455078125 -0.163726806640625
0.194671630859375 0.136871337890625 0.0457611083984375 -0.0157127380371094
0.202438354492188 -0.02349853515625 0.0944595336914063 -0.09002685546875
0.112442016601562 -0.15087890625 0.093231201171875 -0.173995971679688
-0.0299072265625 -0.156967163085938 -0.0301666259765625 -0.2677001953125
-0.106155395507812 -0.139968872070313 -0.1929931640625 -0.264404296875
-0.081573486328125 -0.164566040039063 -0.200637817382812 -0.24261474609375
-0.0974273681640625 -0.14617919921875 -0.1707763671875 -0.262176513671875
-0.0124969482421875 -0.173553466796875 -0.04974365234375 -0.236419677734375
0.111923217773438 -0.156097412109375 0.0126190185546875 -0.112258911132813
0.2181396484375 -0.0418243408203125 -0.0643081665039062 -0.08489990234375
0.167877197265625 0.169540405273438 -0.153701782226562 -0.154052734375
0.050689697265625 0.2139892578125 -0.152374267578125 -0.3778076171875
-0.0497589111328125 0.223922729492188 0.15167236328125 -0.58209228515625
-0.054901123046875 0.447845458984375 -0.09674072265625 -0.285797119140625
0.0986328125 0.37017822265625 -0.102531433105469 -0.122673034667969
0.3297119140625 0.2166748046875 0.0520286560058594 -0.026214599609375
0.324432373046875 -0.041107177734375 0.0707931518554688 -0.0868377685546875
0.194488525390625 -0.2364501953125 0.0760421752929688 -0.137771606445313
-0.0247344970703125 -0.267593383789062 -0.03143310546875 -0.199386596679688
-0.149139404296875 -0.241546630859375 -0.15185546875 -0.190414428710938
-0.123260498046875 -0.282440185546875 -0.139572143554688 -0.170379638671875
-0.149322509765625 -0.266448974609375 -0.118316650390625 -0.188629150390625
-0.010101318359375 -0.291412353515625 -0.03570556640625 -0.147674560546875
0.187301635742188 -0.267669677734375 0.00272750854492189 -0.0445976257324219
0.362274169921875 -0.09222412109375 -0.102264404296875 -0.0547332763671875
0.332550048828125 0.271575927734375 -0.175933837890625 -0.147384643554687
0.1353759765625 0.39013671875 -0.13287353515625 -0.358306884765625
-0.048248291015625 0.4564208984375 0.13494873046875 -0.50244140625
-0.02923583984375 0.59124755859375 -0.117691040039063 -0.14373779296875
0.1710205078125 0.474822998046875 -0.0675430297851562 -0.0458145141601562
0.449859619140625 0.25640869140625 0.0670585632324219 -0.0316925048828125
0.41827392578125 -0.073883056640625 0.04510498046875 -0.0793991088867187
0.250244140625 -0.30841064453125 0.0495529174804688 -0.087982177734375
-0.022705078125 -0.347198486328125 -0.0294723510742188 -0.102531433105469
-0.172607421875 -0.308441162109375 -0.0902099609375 -0.0863189697265625
-0.1474609375 -0.3575439453125 -0.0577239990234375 -0.0720443725585938
-0.178619384765625 -0.34393310546875 -0.044189453125 -0.0859832763671875
-0.00378417968749997 -0.36309814453125 -0.0118045806884766 -0.0303916931152344
0.23492431640625 -0.337890625 -0.00835037231445311 0.0418777465820312
0.45770263671875 -0.127593994140625 -0.133056640625 -0.00517272949218752
0.44842529296875 0.335723876953125 -0.185791015625 -0.1197509765625
0.1988525390625 0.508392333984375 -0.0938720703125 -0.293609619140625
-0.044921875 0.61541748046875 0.114501953125 -0.356903076171875
0.00341796875000004 0.65087890625 -0.129432678222656 0.037017822265625
0.231842041015625 0.51641845703125 -0.0123672485351562 0.058624267578125
0.518218994140625 0.252349853515625 0.0860671997070313 -0.0253524780273437
0.45513916015625 -0.1103515625 0.0204811096191407 -0.0566978454589844
0.26568603515625 -0.3436279296875 0.0205669403076172 -0.0224628448486328
-0.02276611328125 -0.379730224609375 -0.0214519500732422 0.0114364624023437
-0.173553466796875 -0.329864501953125 -0.0146026611328125 0.0325222015380859
-0.1483154296875 -0.3765869140625 0.0327377319335937 0.0367088317871094
-0.1773681640625 -0.366485595703125 0.0399360656738281 0.0311012268066406
0.00454711914062497 -0.373199462890625 0.0175933837890625 0.095489501953125
0.246337890625 -0.346221923828125 -0.01776123046875 0.132003784179687
0.46807861328125 -0.133087158203125 -0.149642944335937 0.05230712890625
0.476318359375 0.347900390625 -0.175399780273437 -0.0782623291015624
0.21429443359375 0.536224365234375 -0.039794921875 -0.1949462890625
-0.0406494140625 0.6722412109375 0.0875396728515625 -0.16644287109375
0.037109375 0.61492919921875 -0.129241943359375 0.233352661132813
0.25555419921875 0.474853515625 0.0532379150390625 0.174285888671875
0.4979248046875 0.2059326171875 0.101264953613281 -0.00485229492187499
0.41217041015625 -0.125518798828125 0.000820159912109401 -0.0198822021484375
0.2352294921875 -0.3209228515625 -0.00682449340820311 0.0495834350585937
-0.01934814453125 -0.34893798828125 -0.00670623779296876 0.126396179199219
-0.14691162109375 -0.29876708984375 0.0645599365234375 0.146835327148437
-0.128082275390625 -0.33795166015625 0.117538452148437 0.14129638671875
-0.146453857421875 -0.330780029296875 0.117202758789062 0.144119262695312
0.017120361328125 -0.31866455078125 0.0436248779296875 0.207534790039062
0.21734619140625 -0.286529541015625 -0.0295562744140625 0.202011108398438
0.395904541015625 -0.097991943359375 -0.15142822265625 0.100006103515625
0.399810791015625 0.307525634765625 -0.147003173828125 -0.0364837646484375
0.180206298828125 0.46905517578125 0.01544189453125 -0.0852279663085937
-0.03564453125 0.61566162109375 0.0596961975097656 0.0291938781738282
0.057647705078125 0.47833251953125 -0.119598388671875 0.413330078125
0.228485107421875 0.354461669921875 0.1103515625 0.284393310546875
0.380035400390625 0.131439208984375 0.111968994140625 0.0276947021484375
0.293243408203125 -0.10870361328125 -0.00609588623046873 0.0211238861083984
0.164581298828125 -0.236373901367188 -0.0278396606445312 0.108070373535156
-0.01300048828125 -0.25872802734375 0.00877380371093748 0.216598510742187
-0.09765625 -0.219284057617187 0.133255004882812 0.23956298828125
-0.0872802734375 -0.246658325195313 0.18450927734375 0.225067138671875
-0.0933685302734375 -0.243820190429688 0.175643920898438 0.233963012695312
0.027862548828125 -0.216629028320312 0.058380126953125 0.28338623046875
0.156082153320313 -0.180038452148438 -0.0454559326171875 0.237045288085938
0.259231567382813 -0.0436248779296875 -0.141006469726562 0.12493896484375
0.255569458007813 0.21978759765625 -0.110916137695312 -0.00520324707031246
0.114471435546875 0.3251953125 0.0570640563964844 0.0113677978515625
-0.024871826171875 0.46160888671875 0.0332183837890625 0.19683837890625
0.0646820068359375 0.265426635742188 -0.108062744140625 0.546539306640625
0.159225463867188 0.180267333984375 0.15057373046875 0.3714599609375
0.199432373046875 0.03814697265625 0.121444702148438 0.0645599365234375
0.127830505371094 -0.072509765625 0.0034942626953125 0.0514564514160156
0.0681304931640625 -0.11260986328125 -0.0394363403320313 0.136932373046875
-0.00292205810546876 -0.125701904296875 0.019500732421875 0.265518188476563
-0.0326156616210938 -0.103614807128906 0.17791748046875 0.29266357421875
-0.0331573486328125 -0.117645263671875 0.222122192382813 0.274490356445313
-0.0286636352539062 -0.123420715332031 0.205596923828125 0.2886962890625
0.0318450927734375 -0.0901718139648438 0.06121826171875 0.3177490234375
0.0768051147460938 -0.0614395141601562 -0.060577392578125 0.236724853515625
0.100456237792969 0.00301361083984375 -0.123420715332031 0.128738403320313
0.09710693359375 0.101547241210938 -0.0775985717773438 0.0119705200195312
0.0497283935546875 0.144256591796875 0.0787353515625 0.0789108276367188
-0.0036163330078125 0.246719360351563 0.014129638671875 0.311614990234375
-0.0573043823242187 0.0196304321289062 -0.076873779296875 -0.3812255859375
-0.0134773254394531 0.0542945861816406 -0.122283935546875 -0.155685424804687
0.0518226623535156 0.03167724609375 0.0484390258789063 -0.00725936889648437
0.0620460510253906 -0.0173683166503906 0.1083984375 -0.100311279296875
0.0127983093261719 -0.0566558837890625 0.0862274169921875 -0.204330444335937
-0.0346431732177734 -0.0264682769775391 -0.049591064453125 -0.30218505859375
-0.0496559143066406 -0.0151710510253906 -0.22540283203125 -0.28363037109375
-0.0295333862304688 -0.0209617614746094 -0.243820190429688 -0.25823974609375
-0.0288848876953125 -0.00169754028320313 -0.207855224609375 -0.277847290039063
-0.0145797729492187 -0.0292949676513672 -0.06939697265625 -0.276229858398438
0.0217533111572266 -0.0275497436523438 0.0126800537109375 -0.149749755859375
0.0484657287597656 0.00913238525390625 -0.0361099243164063 -0.0870742797851563
-0.0104217529296875 0.0461959838867188 -0.137664794921875 -0.130142211914063
-0.0362281799316406 0.0124473571777344 -0.1739501953125 -0.339599609375
-0.0472221374511719 -0.0379676818847656 0.13385009765625 -0.58245849609375
-0.0504150390625 0.24676513671875 -0.091339111328125 -0.358673095703125
0.045928955078125 0.217697143554688 -0.124374389648438 -0.152969360351562
0.19775390625 0.126174926757813 0.0421180725097656 -0.0199737548828125
0.198028564453125 -0.032623291015625 0.0859298706054688 -0.0937881469726563
0.10302734375 -0.154083251953125 0.082366943359375 -0.176193237304688
-0.0363006591796875 -0.151947021484375 -0.0443572998046875 -0.263519287109375
-0.110450744628906 -0.132568359375 -0.20526123046875 -0.248458862304688
-0.090789794921875 -0.159439086914063 -0.212432861328125 -0.226455688476563
-0.1026611328125 -0.139938354492188 -0.184356689453125 -0.248809814453125
-0.0206756591796875 -0.170486450195313 -0.0621337890625 -0.231292724609375
0.102371215820313 -0.160293579101562 0.00950622558593751 -0.111106872558594
0.2130126953125 -0.0529632568359375 -0.0697174072265625 -0.0775070190429688
0.175048828125 0.158843994140625 -0.159896850585938 -0.141769409179688
0.059295654296875 0.207916259765625 -0.16693115234375 -0.363861083984375
-0.0377655029296875 0.222152709960938 0.1265869140625 -0.57958984375
-0.032196044921875 0.4425048828125 -0.109832763671875 -0.273712158203125
0.114654541015625 0.358367919921875 -0.107994079589844 -0.113487243652344
0.334930419921875 0.19708251953125 0.0474777221679688 -0.0315971374511719
0.317291259765625 -0.0552978515625 0.0622711181640625 -0.0905532836914063
0.1795654296875 -0.242538452148438 0.06671142578125 -0.139518737792969
-0.0367279052734375 -0.260910034179688 -0.041595458984375 -0.194564819335938
-0.15753173828125 -0.2308349609375 -0.160400390625 -0.17645263671875
-0.138137817382813 -0.274917602539063 -0.148895263671875 -0.1590576171875
-0.160873413085938 -0.255096435546875 -0.128921508789063 -0.179733276367188
-0.024322509765625 -0.285858154296875 -0.0434112548828125 -0.144424438476563
0.171310424804688 -0.273468017578125 0.00274276733398439 -0.0447235107421875
0.352752685546875 -0.109954833984375 -0.105751037597656 -0.0455093383789063
0.34307861328125 0.251495361328125 -0.180831909179687 -0.13470458984375
0.151611328125 0.378082275390625 -0.1458740234375 -0.347198486328125
-0.0262451171875 0.451873779296875 0.11285400390625 -0.5
0.000122070312499935 0.58135986328125 -0.123458862304688 -0.13446044921875
0.190673828125 0.458038330078125 -0.0695571899414062 -0.0399398803710937
0.454498291015625 0.227264404296875 0.0614356994628907 -0.0382499694824219
0.40765380859375 -0.094635009765625 0.0373611450195313 -0.0823974609375
0.228546142578125 -0.31585693359375 0.0427780151367188 -0.0904388427734375
-0.03936767578125 -0.338531494140625 -0.0348663330078125 -0.0993423461914063
-0.185211181640625 -0.294342041015625 -0.093475341796875 -0.0770645141601563
-0.165985107421875 -0.34686279296875 -0.0625381469726563 -0.0676460266113282
-0.193511962890625 -0.329254150390625 -0.05059814453125 -0.0835647583007813
-0.021820068359375 -0.35589599609375 -0.0127944946289063 -0.029815673828125
0.215850830078125 -0.3447265625 -0.00397109985351561 0.0411720275878906
0.443817138671875 -0.151092529296875 -0.133758544921875 0.00468444824218749
0.4603271484375 0.306396484375 -0.18865966796875 -0.108383178710937
0.2171630859375 0.49102783203125 -0.105743408203125 -0.286163330078125
-0.014404296875 0.60784912109375 0.098541259765625 -0.35662841796875
0.035888671875 0.6392822265625 -0.126716613769531 0.0435562133789063
0.2535400390625 0.495819091796875 -0.00857543945312499 0.0592079162597657
0.523651123046875 0.22027587890625 0.0808258056640625 -0.032958984375
0.44195556640625 -0.130645751953125 0.0143928527832031 -0.0604400634765625
0.24237060546875 -0.352203369140625 0.0162448883056641 -0.0241985321044922
-0.0400390625 -0.370025634765625 -0.0208072662353516 0.0142803192138672
-0.18560791015625 -0.315673828125 -0.0113716125488281 0.0361328125
-0.168701171875 -0.365020751953125 0.0334701538085937 0.0349140167236328
-0.194854736328125 -0.35125732421875 0.0385780334472656 0.0268745422363281
-0.013427734375 -0.367279052734375 0.0238189697265625 0.093170166015625
0.22503662109375 -0.3533935546875 -0.00917816162109375 0.130264282226562
0.455780029296875 -0.155670166015625 -0.147140502929688 0.061248779296875
0.487762451171875 0.31689453125 -0.175323486328125 -0.0684967041015625
0.235809326171875 0.51763916015625 -0.0483856201171875 -0.192230224609375
-0.00610351562499995 0.663818359375 0.0791168212890625 -0.169174194335937
0.064697265625 0.60125732421875 -0.1165771484375 0.235305786132813
0.276641845703125 0.454437255859375 0.0620880126953125 0.170074462890625
0.501678466796875 0.17584228515625 0.0982208251953125 -0.0129928588867187
0.399383544921875 -0.14422607421875 -0.00207710266113279 -0.023651123046875
0.214324951171875 -0.328765869140625 -0.00727081298828124 0.04766845703125
-0.037017822265625 -0.3408203125 -0.00102996826171875 0.127052307128906
-0.1580810546875 -0.287017822265625 0.0735015869140625 0.144439697265625
-0.1455078125 -0.32684326171875 0.123260498046875 0.132392883300781
-0.162628173828125 -0.31658935546875 0.121894836425781 0.132568359375
0.00170898437500002 -0.313873291015625 0.0552825927734375 0.201797485351562
0.199981689453125 -0.29156494140625 -0.017791748046875 0.199600219726562
0.38525390625 -0.116546630859375 -0.1451416015625 0.108154296875
0.41021728515625 0.2811279296875 -0.145523071289062 -0.0294189453125
0.19775390625 0.45361328125 0.010589599609375 -0.087554931640625
-0.00311279296874996 0.607666015625 0.0597648620605469 0.0236473083496094
0.081939697265625 0.46832275390625 -0.098602294921875 0.4112548828125
0.242156982421875 0.338043212890625 0.124649047851563 0.274627685546875
0.382080078125 0.108367919921875 0.111595153808594 0.0192108154296875
0.283935546875 -0.122344970703125 -0.0063047409057617 0.0168380737304687
0.14923095703125 -0.242355346679688 -0.0252761840820312 0.106071472167969
-0.0262451171875 -0.253189086914063 0.0190887451171875 0.2152099609375
-0.105987548828125 -0.210617065429688 0.1461181640625 0.231643676757813
-0.0994720458984375 -0.23822021484375 0.193649291992188 0.211273193359375
-0.105392456054688 -0.235122680664062 0.184326171875 0.21868896484375
0.017730712890625 -0.213455200195313 0.0738525390625 0.277664184570313
0.144912719726563 -0.183273315429688 -0.031768798828125 0.235214233398437
0.252700805664063 -0.0558624267578125 -0.132492065429687 0.130439758300781
0.26312255859375 0.201171875 -0.108245849609375 -0.00115966796875
0.127197265625 0.313690185546875 0.0554695129394531 0.00469207763671877
-0.000732421874999979 0.4556884765625 0.0409393310546875 0.189773559570313
0.076873779296875 0.258407592773438 -0.08111572265625 0.53997802734375
0.165863037109375 0.1693115234375 0.169647216796875 0.35821533203125
0.199554443359375 0.0268096923828125 0.123924255371094 0.055938720703125
0.122657775878906 -0.0787200927734375 0.00518417358398438 0.0462722778320312
0.0613174438476562 -0.115058898925781 -0.0351028442382813 0.135993957519531
-0.0100250244140625 -0.123664855957031 0.0324554443359375 0.263427734375
-0.0360565185546875 -0.100608825683594 0.193115234375 0.281280517578125
-0.0391159057617188 -0.113746643066406 0.234725952148438 0.257339477539063
-0.0352096557617188 -0.11962890625 0.217971801757813 0.27093505859375
0.0278778076171875 -0.0895919799804688 0.078704833984375 0.309967041015625
0.0721893310546875 -0.0621490478515625 -0.0478973388671875 0.236557006835938
0.0976409912109375 -0.0016021728515625 -0.113845825195313 0.132537841796875
0.100730895996094 0.0925369262695312 -0.0745162963867188 0.0145416259765625
0.0551681518554687 0.138961791992188 0.0795669555664063 0.0706024169921875
0.00979614257812499 0.24383544921875 0.026519775390625 0.303497314453125
-0.0552253723144531 0.0207862854003906 -0.08599853515625 -0.3658447265625
-0.0119400024414063 0.0544853210449219 -0.12432861328125 -0.145599365234375
0.0510673522949219 0.0307731628417969 0.0451393127441406 -0.0101699829101562
0.0607948303222656 -0.0187492370605469 0.101066589355469 -0.1005859375
0.0112152099609375 -0.0555267333984375 0.0770416259765625 -0.202011108398438
-0.0335159301757812 -0.0243873596191406 -0.0594482421875 -0.29400634765625
-0.0484657287597656 -0.0128364562988281 -0.230682373046875 -0.267333984375
-0.0296993255615234 -0.0205364227294922 -0.247039794921875 -0.242111206054688
-0.0273532867431641 -0.00172042846679688 -0.21343994140625 -0.262802124023438
-0.0153388977050781 -0.028472900390625 -0.0776214599609375 -0.268600463867188
0.0200901031494141 -0.0284748077392578 0.01019287109375 -0.146331787109375
0.0480308532714844 0.00623321533203125 -0.0386505126953125 -0.0809478759765625
-0.0081787109375 0.0457572937011719 -0.1387939453125 -0.119369506835938
-0.0363273620605469 0.0122489929199219 -0.177978515625 -0.323089599609375
-0.0476455688476563 -0.0367546081542969 0.11883544921875 -0.56988525390625
-0.042327880859375 0.240310668945313 -0.09930419921875 -0.343353271484375
0.050262451171875 0.211029052734375 -0.12664794921875 -0.143035888671875
0.196182250976562 0.116943359375 0.0379791259765625 -0.0230178833007812
0.191986083984375 -0.0367889404296875 0.0781326293945313 -0.09429931640625
0.0953521728515625 -0.1531982421875 0.0738983154296875 -0.174179077148438
-0.03900146484375 -0.145706176757813 -0.052337646484375 -0.255874633789063
-0.111564636230469 -0.125938415527344 -0.209182739257813 -0.233612060546875
-0.0949249267578125 -0.154022216796875 -0.215682983398438 -0.212493896484375
-0.103790283203125 -0.133705139160156 -0.189926147460937 -0.236328125
-0.0256500244140625 -0.16436767578125 -0.0692291259765625 -0.224212646484375
0.095184326171875 -0.160629272460938 0.00806427001953127 -0.109107971191406
0.20660400390625 -0.058746337890625 -0.0714492797851562 -0.0699996948242188
0.176284790039063 0.149368286132813 -0.160552978515625 -0.13116455078125
0.062774658203125 0.20050048828125 -0.1712646484375 -0.348419189453125
-0.0308837890625 0.217254638671875 0.11151123046875 -0.56671142578125
-0.018035888671875 0.428955078125 -0.114730834960938 -0.260757446289063
0.120819091796875 0.344512939453125 -0.10870361328125 -0.104598999023437
0.330902099609375 0.18096923828125 0.0426254272460938 -0.0345649719238281
0.307159423828125 -0.06317138671875 0.0551681518554688 -0.0909652709960938
0.166793823242188 -0.24127197265625 0.059539794921875 -0.138710021972656
-0.0427703857421875 -0.2506103515625 -0.0470123291015625 -0.188217163085938
-0.160720825195313 -0.219772338867187 -0.162353515625 -0.16461181640625
-0.146026611328125 -0.264022827148437 -0.151138305664063 -0.148727416992188
-0.164947509765625 -0.243453979492187 -0.134262084960938 -0.170654296875
-0.0318756103515625 -0.2769775390625 -0.0474853515625 -0.139717102050781
0.157806396484375 -0.273208618164062 0.00356292724609376 -0.0444526672363281
0.340850830078125 -0.11962890625 -0.106590270996094 -0.037689208984375
0.34368896484375 0.232513427734375 -0.180282592773437 -0.124832153320313
0.156707763671875 0.36407470703125 -0.150787353515625 -0.333251953125
-0.011810302734375 0.439544677734375 0.100311279296875 -0.48980712890625
0.0180664062500001 0.56427001953125 -0.124595642089844 -0.125
0.19970703125 0.438751220703125 -0.0687370300292969 -0.0347900390625
0.448883056640625 0.2073974609375 0.0563774108886719 -0.0416793823242187
0.39312744140625 -0.1031494140625 0.0304107666015625 -0.0832138061523437
0.212371826171875 -0.315338134765625 0.0369338989257813 -0.089569091796875
-0.047637939453125 -0.326141357421875 -0.0371170043945313 -0.0950775146484375
-0.1888427734375 -0.281951904296875 -0.092376708984375 -0.0694046020507813
-0.176239013671875 -0.33319091796875 -0.0645484924316406 -0.0628776550292969
-0.199615478515625 -0.3133544921875 -0.0556564331054688 -0.0802154541015625
-0.0313720703125 -0.345489501953125 -0.0128421783447266 -0.0295181274414063
0.198944091796875 -0.343536376953125 -0.000133514404296865 0.039276123046875
0.4285888671875 -0.16015625 -0.132186889648437 0.0121536254882813
0.458984375 0.2845458984375 -0.18670654296875 -0.099517822265625
0.224639892578125 0.472198486328125 -0.110748291015625 -0.276626586914062
0.00396728515625005 0.59112548828125 0.087615966796875 -0.349273681640625
0.05462646484375 0.6207275390625 -0.122413635253906 0.0460815429687501
0.261138916015625 0.473785400390625 -0.00559234619140623 0.0597152709960938
0.5162353515625 0.196380615234375 0.0759735107421875 -0.0375823974609375
0.42584228515625 -0.141265869140625 0.0088462829589844 -0.0627174377441406
0.224456787109375 -0.35064697265625 0.012603759765625 -0.025238037109375
-0.0506591796875 -0.35772705078125 -0.0194149017333984 0.0161018371582031
-0.19000244140625 -0.302093505859375 -0.00774002075195313 0.037933349609375
-0.1787109375 -0.35162353515625 0.0329380035400391 0.0333156585693359
-0.200408935546875 -0.334136962890625 0.0349388122558594 0.0238361358642578
-0.0240478515625 -0.355072021484375 0.0276947021484375 0.0899505615234375
0.21002197265625 -0.35040283203125 -0.00348663330078125 0.126358032226562
0.440155029296875 -0.166107177734375 -0.1431884765625 0.0675811767578125
0.4862060546875 0.293212890625 -0.172454833984375 -0.061553955078125
0.24322509765625 0.497039794921875 -0.053070068359375 -0.188720703125
0.0133666992187501 0.64666748046875 0.073638916015625 -0.167556762695312
0.0833740234375 0.5823974609375 -0.107177734375 0.2318115234375
0.282806396484375 0.433624267578125 0.067291259765625 0.163864135742188
0.49542236328125 0.153900146484375 0.0945968627929688 -0.01922607421875
0.384521484375 -0.153594970703125 -0.00591278076171873 -0.0273208618164063
0.19744873046875 -0.32867431640625 -0.00857543945312499 0.0457572937011719
-0.045928955078125 -0.3297119140625 0.00389862060546875 0.125007629394531
-0.162246704101562 -0.274490356445313 0.0794906616210938 0.140457153320312
-0.154571533203125 -0.31427001953125 0.124732971191406 0.125076293945312
-0.1697998046875 -0.302215576171875 0.121009826660156 0.123748779296875
-0.00711059570312497 -0.304351806640625 0.062591552734375 0.194625854492187
0.18621826171875 -0.288787841796875 -0.00982666015624999 0.195037841796875
0.371490478515625 -0.125030517578125 -0.138542175292969 0.111724853515625
0.409027099609375 0.259063720703125 -0.141891479492188 -0.0254364013671875
0.205535888671875 0.436065673828125 0.00618743896484377 -0.0891571044921875
0.01446533203125 0.590576171875 0.0585060119628906 0.0205192565917969
0.09283447265625 0.45318603515625 -0.086456298828125 0.400482177734375
0.24609375 0.321685791015625 0.131454467773438 0.263015747070313
0.376678466796875 0.092437744140625 0.109687805175781 0.0123672485351563
0.272491455078125 -0.128814697265625 -0.00783920288085936 0.0125894546508789
0.137619018554688 -0.241851806640625 -0.0241775512695312 0.10357666015625
-0.032958984375 -0.244857788085938 0.0268707275390625 0.211318969726563
-0.108169555664062 -0.202835083007813 0.153671264648438 0.222320556640625
-0.105728149414063 -0.229415893554688 0.197372436523438 0.198455810546875
-0.111221313476562 -0.22308349609375 0.1861572265625 0.205001831054688
0.0112762451171875 -0.206573486328125 0.0836944580078125 0.267425537109375
0.136032104492187 -0.18157958984375 -0.022674560546875 0.230804443359375
0.243576049804688 -0.062225341796875 -0.125068664550781 0.13311767578125
0.26171875 0.186111450195312 -0.10455322265625 0.000961303710937503
0.1317138671875 0.30157470703125 0.0517234802246094 -0.000106811523437482
0.01287841796875 0.4434814453125 0.0436553955078125 0.181793212890625
0.0825653076171875 0.249954223632812 -0.06475830078125 0.52496337890625
0.166641235351563 0.159744262695313 0.178131103515625 0.3426513671875
0.196685791015625 0.0186309814453125 0.123687744140625 0.04937744140625
0.116981506347656 -0.081085205078125 0.00521087646484376 0.041015625
0.055450439453125 -0.115028381347656 -0.0327682495117187 0.132080078125
-0.01348876953125 -0.119499206542969 0.040252685546875 0.258804321289063
-0.0373916625976563 -0.09771728515625 0.201202392578125 0.268783569335938
-0.0414276123046875 -0.1092529296875 0.238784790039063 0.241607666015625
-0.0388107299804687 -0.113563537597656 0.221267700195313 0.253860473632813
0.0254135131835938 -0.0877227783203125 0.089996337890625 0.298858642578125
0.068328857421875 -0.0611228942871094 -0.03875732421875 0.232711791992187
0.094146728515625 -0.0040435791015625 -0.105308532714844 0.13262939453125
0.100044250488281 0.0848388671875 -0.0716781616210938 0.0145797729492187
0.0581207275390625 0.132461547851563 0.0765914916992188 0.0634307861328125
0.018280029296875 0.237472534179688 0.032623291015625 0.293670654296875
-0.0546340942382813 0.0204811096191406 -0.087982177734375 -0.355255126953125
-0.0115737915039063 0.0547904968261719 -0.123947143554688 -0.139495849609375
0.0509223937988281 0.03155517578125 0.0428504943847656 -0.0113487243652344
0.0604133605957031 -0.0188331604003906 0.0961074829101563 -0.0998916625976563
0.010894775390625 -0.0546607971191406 0.07293701171875 -0.200180053710938
-0.0318603515625 -0.0234928131103516 -0.0643310546875 -0.2890625
-0.0471763610839844 -0.011871337890625 -0.232711791992188 -0.258224487304688
-0.0307426452636719 -0.0200881958007812 -0.24774169921875 -0.232742309570312
-0.0261154174804688 -0.00289535522460937 -0.213775634765625 -0.254776000976563
-0.0157737731933594 -0.0275459289550781 -0.081787109375 -0.263168334960938
0.0187301635742188 -0.028961181640625 0.0101165771484375 -0.14434814453125
0.0472908020019531 0.00519943237304688 -0.0394821166992187 -0.0760345458984375
-0.00692367553710937 0.0455169677734375 -0.1392822265625 -0.111198425292969
-0.0365142822265625 0.0112457275390625 -0.175445556640625 -0.31341552734375
-0.0474853515625 -0.0356483459472656 0.11822509765625 -0.5587158203125
-0.0390167236328125 0.235244750976563 -0.100433349609375 -0.332916259765625
0.050201416015625 0.206817626953125 -0.12542724609375 -0.13623046875
0.1937255859375 0.113418579101562 0.0350170135498047 -0.0251045227050781
0.189285278320312 -0.0385284423828125 0.0729904174804688 -0.0930023193359375
0.0918731689453125 -0.151885986328125 0.069854736328125 -0.173141479492188
-0.0382080078125 -0.141952514648438 -0.056182861328125 -0.25128173828125
-0.110733032226562 -0.121749877929688 -0.209716796875 -0.225143432617188
-0.097686767578125 -0.151107788085938 -0.216354370117188 -0.202987670898438
-0.103729248046875 -0.13055419921875 -0.192123413085938 -0.22857666015625
-0.0273895263671875 -0.161026000976563 -0.0718536376953125 -0.220138549804688
0.0906982421875 -0.159637451171875 0.00888824462890626 -0.108154296875
0.20269775390625 -0.061370849609375 -0.0724868774414063 -0.064239501953125
0.17596435546875 0.14422607421875 -0.160018920898438 -0.124557495117187
0.0625 0.195877075195313 -0.16973876953125 -0.339813232421875
-0.028656005859375 0.212844848632813 0.1102294921875 -0.55633544921875
-0.0147705078125 0.4200439453125 -0.114547729492187 -0.251739501953125
0.12091064453125 0.33770751953125 -0.107650756835937 -0.0988235473632812
0.32672119140625 0.173492431640625 0.0389175415039063 -0.0368461608886719
0.3016357421875 -0.065277099609375 0.0492935180664063 -0.090545654296875
0.160751342773438 -0.239425659179688 0.055816650390625 -0.137550354003906
-0.0432891845703125 -0.244415283203125 -0.0490875244140625 -0.184524536132813
-0.160125732421875 -0.213958740234375 -0.1612548828125 -0.156723022460938
-0.150283813476563 -0.259063720703125 -0.152557373046875 -0.141983032226563
-0.1654052734375 -0.237228393554688 -0.137115478515625 -0.165069580078125
-0.0343475341796875 -0.271224975585938 -0.0485916137695312 -0.137664794921875
0.152175903320313 -0.271697998046875 0.00478363037109375 -0.0444679260253906
0.3345947265625 -0.121978759765625 -0.106826782226562 -0.032073974609375
0.340972900390625 0.223663330078125 -0.178146362304687 -0.118942260742187
0.156219482421875 0.355926513671875 -0.151153564453125 -0.326019287109375
-0.00778198242187505 0.431671142578125 0.0977783203125 -0.481842041015625
0.022186279296875 0.55035400390625 -0.123237609863281 -0.120193481445312
0.2000732421875 0.427337646484375 -0.0666542053222656 -0.0313339233398437
0.444091796875 0.196533203125 0.052703857421875 -0.0445289611816406
0.385955810546875 -0.105499267578125 0.0250701904296875 -0.083709716796875
0.203948974609375 -0.3135986328125 0.0335311889648438 -0.0895156860351563
-0.049102783203125 -0.31829833984375 -0.0377426147460938 -0.0919418334960938
-0.188369750976562 -0.27398681640625 -0.0903701782226563 -0.064849853515625
-0.180938720703125 -0.326446533203125 -0.0650634765625 -0.0592498779296875
-0.20086669921875 -0.3052978515625 -0.0585250854492188 -0.0770492553710938
-0.034210205078125 -0.33807373046875 -0.012603759765625 -0.0291805267333985
0.190948486328125 -0.340850830078125 0.00226974487304688 0.0375289916992187
0.418609619140625 -0.164337158203125 -0.1317138671875 0.0176162719726562
0.45623779296875 0.271453857421875 -0.184402465820312 -0.095306396484375
0.225494384765625 0.461273193359375 -0.111618041992187 -0.272811889648438
0.00915527343749994 0.58056640625 0.085662841796875 -0.343505859375
0.0604248046875001 0.60546875 -0.119270324707031 0.0468902587890625
0.260162353515625 0.460784912109375 -0.00329208374023436 0.0587539672851563
0.509613037109375 0.184967041015625 0.0719985961914063 -0.0412139892578125
0.416290283203125 -0.1436767578125 0.00392532348632816 -0.0636749267578125
0.214263916015625 -0.3489990234375 0.0100059509277344 -0.0259475708007813
-0.052215576171875 -0.34783935546875 -0.0185337066650391 0.0171070098876953
-0.1905517578125 -0.2945556640625 -0.00419235229492189 0.0388870239257812
-0.183807373046875 -0.344146728515625 0.0324993133544922 0.0327301025390625
-0.203704833984375 -0.324371337890625 0.0322818756103515 0.0229377746582031
-0.02557373046875 -0.3475341796875 0.0298538208007813 0.0877609252929687
0.2010498046875 -0.3475341796875 0.000312805175781271 0.123237609863281
0.4300537109375 -0.16845703125 -0.141632080078125 0.072021484375
0.48138427734375 0.28033447265625 -0.169754028320312 -0.0597076416015625
0.243072509765625 0.485504150390625 -0.055328369140625 -0.187149047851562
0.0191650390625 0.63385009765625 0.0717315673828125 -0.165695190429687
0.0881958007812499 0.5704345703125 -0.103317260742187 0.226806640625
0.281982421875 0.42132568359375 0.069915771484375 0.159576416015625
0.4891357421875 0.142425537109375 0.0918045043945313 -0.02301025390625
0.376220703125 -0.15509033203125 -0.00943946838378904 -0.0291519165039063
0.1878662109375 -0.326690673828125 -0.0103034973144531 0.0440406799316406
-0.048370361328125 -0.32147216796875 0.00622558593749999 0.124725341796875
-0.162307739257813 -0.26837158203125 0.083404541015625 0.1378173828125
-0.157989501953125 -0.307952880859375 0.124824523925781 0.120658874511719
-0.17108154296875 -0.29290771484375 0.118049621582031 0.119911193847656
-0.00918579101562497 -0.29736328125 0.0666046142578125 0.190155029296875
0.179840087890625 -0.28619384765625 -0.005767822265625 0.1915283203125
0.3629150390625 -0.12689208984375 -0.136459350585938 0.114051818847656
0.4049072265625 0.24737548828125 -0.140090942382812 -0.0240402221679687
0.20489501953125 0.425201416015625 0.00283050537109376 -0.0903472900390625
0.01898193359375 0.5809326171875 0.0566978454589844 0.0186767578125
0.096282958984375 0.44378662109375 -0.0819091796875 0.391082763671875
0.245941162109375 0.3131103515625 0.134811401367188 0.255706787109375
0.37237548828125 0.08404541015625 0.107772827148438 0.00832366943359376
0.266189575195313 -0.130264282226563 -0.0100393295288086 0.00878524780273436
0.13006591796875 -0.240646362304688 -0.0247421264648437 0.101486206054687
-0.0352783203125 -0.23895263671875 0.029388427734375 0.2095947265625
-0.108367919921875 -0.198638916015625 0.157699584960938 0.216812133789063
-0.1083984375 -0.223403930664062 0.197906494140625 0.191116333007812
-0.111953735351562 -0.216827392578125 0.184539794921875 0.197540283203125
0.00971984863281249 -0.20294189453125 0.0890655517578125 0.260650634765625
0.13153076171875 -0.178451538085937 -0.018829345703125 0.227325439453125
0.23809814453125 -0.0630950927734375 -0.120223999023437 0.133148193359375
0.2589111328125 0.176910400390625 -0.102951049804687 0.000724792480468759
0.1319580078125 0.2943115234375 0.0480270385742188 -0.00394439697265623
0.018585205078125 0.4361572265625 0.0428924560546875 0.177017211914063
0.084228515625 0.245223999023438 -0.06005859375 0.51239013671875
0.1658935546875 0.155197143554687 0.1805419921875 0.331756591796875
0.194229125976563 0.014617919921875 0.123275756835938 0.0450820922851563
0.113357543945313 -0.0814971923828125 0.00451660156250001 0.0372848510742187
0.0520095825195313 -0.114456176757813 -0.0333404541015625 0.130325317382813
-0.0149765014648437 -0.117149353027344 0.0438232421875 0.256072998046875
-0.036956787109375 -0.0966644287109375 0.204833984375 0.26116943359375
-0.0418167114257813 -0.105690002441406 0.24017333984375 0.23321533203125
-0.0395050048828125 -0.10919189453125 0.22119140625 0.245040893554687
0.024444580078125 -0.0851669311523438 0.094818115234375 0.291778564453125
0.0665931701660156 -0.0594520568847656 -0.0338592529296875 0.229476928710938
0.091888427734375 -0.0039825439453125 -0.100143432617187 0.131996154785156
0.0988693237304688 0.0800399780273438 -0.0704574584960938 0.0136337280273438
0.0585708618164063 0.129226684570313 0.0727920532226563 0.05865478515625
0.0218048095703125 0.234207153320312 0.031890869140625 0.28619384765625
-0.0549049377441406 0.0202560424804687 -0.087677001953125 -0.35205078125
-0.0114402770996094 0.056060791015625 -0.123977661132813 -0.136573791503906
0.0513191223144531 0.0327644348144531 0.0418853759765625 -0.0125198364257812
0.0619544982910156 -0.0195846557617188 0.0944595336914063 -0.10052490234375
0.011749267578125 -0.0545654296875 0.070556640625 -0.20196533203125
-0.0312366485595703 -0.0232753753662109 -0.06781005859375 -0.2904052734375
-0.0473403930664063 -0.0117645263671875 -0.236312866210937 -0.254547119140625
-0.0315151214599609 -0.0208320617675781 -0.251083374023438 -0.228607177734375
-0.0262355804443359 -0.00419235229492187 -0.217681884765625 -0.253082275390625
-0.0166110992431641 -0.0271778106689453 -0.0856475830078125 -0.263687133789063
0.0181732177734375 -0.0300483703613281 0.0116424560546875 -0.144577026367187
0.0480995178222656 0.00411605834960938 -0.0398788452148438 -0.0723724365234375
-0.00654983520507813 0.0465087890625 -0.140777587890625 -0.107162475585938
-0.0379905700683594 0.0112571716308594 -0.174957275390625 -0.311279296875
-0.0485343933105469 -0.03607177734375 0.121490478515625 -0.560150146484375
-0.0392608642578125 0.2342529296875 -0.0997314453125 -0.32965087890625
0.05078125 0.207489013671875 -0.1251220703125 -0.133041381835938
0.194732666015625 0.113052368164063 0.0332088470458985 -0.0267333984375
0.190292358398438 -0.0391998291015625 0.06964111328125 -0.0934829711914063
0.091461181640625 -0.152694702148438 0.06787109375 -0.174209594726563
-0.0374298095703125 -0.141738891601563 -0.0597076416015625 -0.252288818359375
-0.111335754394531 -0.121292114257813 -0.21270751953125 -0.221664428710938
-0.10089111328125 -0.151168823242188 -0.2197265625 -0.199462890625
-0.10498046875 -0.131088256835938 -0.1961669921875 -0.226348876953125
-0.028076171875 -0.160659790039063 -0.075347900390625 -0.220413208007813
0.089263916015625 -0.162139892578125 0.0101165771484375 -0.109375
0.203094482421875 -0.0635833740234375 -0.0743408203125 -0.0600433349609375
0.177688598632813 0.14306640625 -0.161483764648438 -0.121368408203125
0.0621795654296875 0.1956787109375 -0.170318603515625 -0.33807373046875
-0.0287017822265625 0.212966918945313 0.1121826171875 -0.558929443359375
-0.013031005859375 0.417755126953125 -0.114151000976563 -0.248794555664062
0.121124267578125 0.337371826171875 -0.10693359375 -0.0960006713867187
0.32781982421875 0.1705322265625 0.0364456176757813 -0.0391006469726562
0.302642822265625 -0.066070556640625 0.0449600219726563 -0.0909271240234375
0.159515380859375 -0.241302490234375 0.0535964965820313 -0.138969421386719
-0.042938232421875 -0.243682861328125 -0.05120849609375 -0.18450927734375
-0.161239624023438 -0.213104248046875 -0.16259765625 -0.154525756835938
-0.155349731445313 -0.258834838867188 -0.154586791992187 -0.138580322265625
-0.16796875 -0.236724853515625 -0.141433715820313 -0.162933349609375
-0.0350341796875 -0.2703857421875 -0.0501556396484375 -0.138267517089844
0.149993896484375 -0.274520874023438 0.00685882568359376 -0.0457305908203125
0.3349609375 -0.124786376953125 -0.107994079589844 -0.02685546875
0.342864990234375 0.22186279296875 -0.179641723632813 -0.117340087890625
0.157257080078125 0.355926513671875 -0.151123046875 -0.32672119140625
-0.00711059570312499 0.432464599609375 0.100860595703125 -0.482696533203125
0.02398681640625 0.550323486328125 -0.122528076171875 -0.118331909179687
0.20025634765625 0.4261474609375 -0.0652847290039062 -0.0299186706542968
0.4444580078125 0.19293212890625 0.0501708984375 -0.0479240417480469
0.385711669921875 -0.107635498046875 0.0204925537109375 -0.08447265625
0.20086669921875 -0.314849853515625 0.0316848754882813 -0.0908203125
-0.048828125 -0.317596435546875 -0.0385971069335938 -0.0914459228515625
-0.189361572265625 -0.2734375 -0.0890121459960938 -0.0631179809570313
-0.18695068359375 -0.326171875 -0.06585693359375 -0.056610107421875
-0.203704833984375 -0.303985595703125 -0.0619583129882813 -0.0747528076171875
-0.035003662109375 -0.3375244140625 -0.0122451782226563 -0.029632568359375
0.188629150390625 -0.34356689453125 0.00418090820312501 0.0363235473632812
0.42022705078125 -0.167938232421875 -0.133102416992188 0.023284912109375
0.458984375 0.26849365234375 -0.185104370117187 -0.09423828125
0.22540283203125 0.4615478515625 -0.11322021484375 -0.274429321289062
0.0107421875000001 0.581787109375 0.0865478515625 -0.344879150390625
0.0628662109374999 0.604248046875 -0.119178771972656 0.0466156005859376
0.26312255859375 0.458740234375 -0.00117111206054687 0.0597038269042969
0.511444091796875 0.18017578125 0.0701713562011719 -0.0446586608886719
0.4169921875 -0.146575927734375 -0.00035858154296873 -0.0648384094238281
0.2113037109375 -0.35107421875 0.00775527954101564 -0.0271492004394531
-0.051727294921875 -0.346466064453125 -0.0177459716796875 0.0177364349365234
-0.19146728515625 -0.29473876953125 -0.00146102905273438 0.0393905639648437
-0.190185546875 -0.343536376953125 0.0335693359375 0.0336418151855469
-0.206329345703125 -0.32232666015625 0.0302600860595703 0.0240993499755859
-0.0262451171875 -0.347076416015625 0.0320587158203125 0.0871047973632812
0.19989013671875 -0.349090576171875 0.00246429443359376 0.122856140136719
0.43017578125 -0.170562744140625 -0.1422119140625 0.0771942138671875
0.483245849609375 0.27716064453125 -0.1708984375 -0.0590972900390625
0.243865966796875 0.4864501953125 -0.0574951171875 -0.189437866210937
0.0213623046874999 0.63604736328125 0.0715789794921875 -0.166793823242187
0.0909423828124999 0.56878662109375 -0.103729248046875 0.225204467773438
0.28338623046875 0.420684814453125 0.072845458984375 0.159164428710938
0.491180419921875 0.138153076171875 0.0907974243164063 -0.02728271484375
0.375244140625 -0.15716552734375 -0.0129451751708984 -0.0314235687255859
0.184417724609375 -0.329864501953125 -0.0119705200195312 0.0432624816894531
-0.048553466796875 -0.320526123046875 0.00825500488281249 0.126350402832031
-0.16339111328125 -0.268585205078125 0.0882797241210938 0.137275695800781
-0.163360595703125 -0.306488037109375 0.127265930175781 0.119735717773437
-0.173553466796875 -0.29071044921875 0.117843627929687 0.119590759277344
-0.00936889648437503 -0.297088623046875 0.0705413818359375 0.189254760742187
0.17901611328125 -0.287445068359375 -0.00309753417968747 0.191055297851562
0.363525390625 -0.1287841796875 -0.135963439941406 0.119049072265625
0.40606689453125 0.243743896484375 -0.140472412109375 -0.02484130859375
0.204986572265625 0.42523193359375 -0.000221252441406239 -0.0932083129882812
0.02313232421875 0.58123779296875 0.0559120178222656 0.0181617736816407
0.09881591796875 0.444091796875 -0.0817260742187499 0.387908935546875
0.247467041015625 0.31072998046875 0.1380615234375 0.253860473632813
0.37359619140625 0.080718994140625 0.108406066894531 0.00453948974609376
0.264724731445313 -0.131866455078125 -0.0121335983276367 0.00631237030029296
0.127532958984375 -0.243667602539062 -0.0267333984375 0.101081848144531
-0.0357818603515625 -0.23870849609375 0.0326080322265625 0.211715698242188
-0.108749389648438 -0.199539184570313 0.16375732421875 0.215408325195312
-0.111068725585938 -0.222946166992188 0.20135498046875 0.189346313476563
-0.114227294921875 -0.214218139648437 0.185714721679688 0.196044921875
0.0109710693359375 -0.201889038085938 0.0934295654296875 0.260589599609375
0.131378173828125 -0.179046630859375 -0.0154876708984375 0.22857666015625
0.238189697265625 -0.063720703125 -0.119293212890625 0.136337280273437
0.259674072265625 0.173934936523438 -0.103607177734375 -0.000419616699218742
0.1328125 0.2930908203125 0.0448379516601563 -0.00634002685546873
0.020965576171875 0.43682861328125 0.0404510498046875 0.176834106445313
0.086090087890625 0.24658203125 -0.059661865234375 0.509185791015625
0.167129516601563 0.15411376953125 0.184295654296875 0.329559326171875
0.1949462890625 0.0124664306640625 0.125450134277344 0.0418243408203125
0.112739562988281 -0.0829544067382813 0.00352287292480469 0.0345954895019531
0.0501632690429688 -0.115898132324219 -0.0342483520507813 0.131172180175781
-0.015350341796875 -0.116920471191406 0.046844482421875 0.257736206054688
-0.0372161865234375 -0.0974197387695313 0.211441040039062 0.258834838867187
-0.0426177978515625 -0.105560302734375 0.244430541992188 0.22943115234375
-0.0395126342773437 -0.10748291015625 0.223922729492187 0.24267578125
0.025146484375 -0.084686279296875 0.09967041015625 0.290740966796875
0.066680908203125 -0.0584716796875 -0.0316009521484375 0.23126220703125
0.0913238525390625 -0.0043487548828125 -0.09832763671875 0.133262634277344
0.0983734130859375 0.0778045654296875 -0.0707626342773438 0.0126571655273438
0.05877685546875 0.127845764160156 0.0698585510253906 0.0564193725585938
0.0240478515625 0.234451293945312 0.030181884765625 0.2860107421875
-0.0557975769042969 0.0216178894042969 -0.093414306640625 -0.354034423828125
-0.0104598999023438 0.0592842102050781 -0.127517700195313 -0.134574890136719
0.0540008544921875 0.033843994140625 0.0412750244140625 -0.0148696899414062
0.0638961791992188 -0.0212059020996094 0.0919189453125 -0.103759765625
0.0116462707519531 -0.0564460754394531 0.0658416748046875 -0.208465576171875
-0.0310535430908203 -0.0238704681396484 -0.078369140625 -0.2947998046875
-0.0475425720214844 -0.0111961364746094 -0.248199462890625 -0.251449584960938
-0.0333709716796875 -0.0205783843994141 -0.261611938476562 -0.224884033203125
-0.0278778076171875 -0.00473213195800781 -0.228378295898438 -0.253509521484375
-0.0178356170654297 -0.0271835327148438 -0.0940704345703125 -0.2667236328125
0.0169162750244141 -0.0308876037597656 0.011016845703125 -0.14825439453125
0.0492324829101563 0.00224685668945313 -0.0418739318847656 -0.0695610046386719
-0.00596237182617187 0.0482597351074219 -0.14617919921875 -0.102066040039063
-0.0400924682617188 0.0117225646972656 -0.181549072265625 -0.311981201171875
-0.0500068664550781 -0.0368461608886719 0.11846923828125 -0.57366943359375
-0.0365753173828125 0.23883056640625 -0.105010986328125 -0.330413818359375
0.0546417236328125 0.210601806640625 -0.12786865234375 -0.131034851074219
0.200119018554688 0.111923217773438 0.0316429138183594 -0.0297660827636719
0.194625854492187 -0.04327392578125 0.0665130615234375 -0.09625244140625
0.091033935546875 -0.157852172851563 0.0641632080078125 -0.1798095703125
-0.0392913818359375 -0.143844604492188 -0.0673828125 -0.255569458007813
-0.115272521972656 -0.121726989746094 -0.222152709960937 -0.218780517578125
-0.108474731445312 -0.152877807617188 -0.22900390625 -0.19488525390625
-0.110282897949219 -0.132278442382812 -0.20623779296875 -0.225311279296875
-0.031707763671875 -0.162582397460938 -0.0823211669921875 -0.223297119140625
0.087127685546875 -0.167495727539063 0.010406494140625 -0.112831115722656
0.206985473632812 -0.069427490234375 -0.0768585205078125 -0.0550537109375
0.18389892578125 0.14276123046875 -0.167251586914063 -0.1177978515625
0.0646209716796875 0.198318481445313 -0.177734375 -0.341644287109375
-0.02630615234375 0.217117309570313 0.10992431640625 -0.57244873046875
-0.00762939453125002 0.423980712890625 -0.118194580078125 -0.249343872070313
0.127685546875 0.33990478515625 -0.107986450195312 -0.0939483642578125
0.33648681640625 0.166961669921875 0.0344810485839844 -0.0427017211914063
0.30706787109375 -0.072509765625 0.0410842895507813 -0.093475341796875
0.157455444335937 -0.24932861328125 0.050201416015625 -0.143814086914063
-0.0460968017578125 -0.24700927734375 -0.056884765625 -0.187408447265625
-0.16754150390625 -0.214019775390625 -0.168807983398437 -0.152236938476563
-0.167587280273438 -0.26104736328125 -0.161331176757813 -0.135223388671875
-0.177322387695312 -0.238510131835937 -0.149642944335938 -0.161163330078125
-0.0399932861328125 -0.274566650390625 -0.0543365478515625 -0.1400146484375
0.14678955078125 -0.283416748046875 0.00732421875 -0.0482177734375
0.33978271484375 -0.13507080078125 -0.1114501953125 -0.0199737548828125
0.35491943359375 0.2193603515625 -0.186126708984375 -0.11431884765625
0.164886474609375 0.361785888671875 -0.160400390625 -0.330322265625
-0.00131225585937495 0.4410400390625 0.09820556640625 -0.495513916015625
0.032806396484375 0.55718994140625 -0.125839233398438 -0.117958068847656
0.209564208984375 0.429412841796875 -0.0646820068359375 -0.0282173156738281
0.45745849609375 0.18621826171875 0.04815673828125 -0.0517082214355469
0.3922119140625 -0.116241455078125 0.0155792236328125 -0.0867233276367188
0.1978759765625 -0.32525634765625 0.0281982421875 -0.0944061279296875
-0.054046630859375 -0.32147216796875 -0.0413284301757813 -0.0923538208007813
-0.197982788085937 -0.275054931640625 -0.0911102294921875 -0.0616836547851563
-0.201202392578125 -0.328460693359375 -0.0681495666503907 -0.0546226501464844
-0.214080810546875 -0.304962158203125 -0.066650390625 -0.07330322265625
-0.040771484375 -0.34197998046875 -0.0124549865722656 -0.0300960540771485
0.185699462890625 -0.355377197265625 0.00610351562500001 0.0359535217285156
0.426116943359375 -0.17901611328125 -0.135292053222656 0.0310211181640625
0.4735107421875 0.264007568359375 -0.190933227539062 -0.0915069580078125
0.235076904296875 0.466705322265625 -0.120986938476562 -0.278961181640625
0.01983642578125 0.5931396484375 0.084716796875 -0.3533935546875
0.0721435546875 0.6116943359375 -0.120590209960938 0.0493927001953125
0.27459716796875 0.461273193359375 0.0023460388183594 0.0607070922851563
0.52301025390625 0.17205810546875 0.0687789916992188 -0.0497894287109375
0.42138671875 -0.155975341796875 -0.00519943237304685 -0.0673751831054688
0.206329345703125 -0.36328125 0.0054759979248047 -0.0293674468994141
-0.057525634765625 -0.351654052734375 -0.0174541473388672 0.0190544128417969
-0.199920654296875 -0.296783447265625 0.00159454345703124 0.04010009765625
-0.20416259765625 -0.3460693359375 0.0351715087890625 0.0341835021972656
-0.21630859375 -0.323974609375 0.0303268432617187 0.0258922576904297
-0.031158447265625 -0.3524169921875 0.0358734130859375 0.0875320434570312
0.197357177734375 -0.361083984375 0.00637054443359375 0.124565124511719
0.4364013671875 -0.18414306640625 -0.142562866210937 0.0863189697265625
0.49798583984375 0.270599365234375 -0.176162719726562 -0.0572357177734375
0.25628662109375 0.48956298828125 -0.064453125 -0.194244384765625
0.0315551757812499 0.6466064453125 0.0703277587890625 -0.171676635742187
0.10205078125 0.57598876953125 -0.1026611328125 0.228973388671875
0.295928955078125 0.421844482421875 0.079498291015625 0.159423828125
0.502349853515625 0.129364013671875 0.091339111328125 -0.0323410034179688
0.379425048828125 -0.1669921875 -0.0172576904296875 -0.0343189239501953
0.17950439453125 -0.340301513671875 -0.0138282775878906 0.0430984497070312
-0.0540771484375 -0.325347900390625 0.0117645263671875 0.128929138183594
-0.171157836914063 -0.27191162109375 0.0955581665039062 0.136772155761719
-0.17449951171875 -0.309417724609375 0.133956909179688 0.118736267089844
-0.1824951171875 -0.290924072265625 0.121818542480469 0.120384216308594
-0.012176513671875 -0.301910400390625 0.0778961181640625 0.190887451171875
0.176116943359375 -0.2965087890625 0.00190734863281253 0.194442749023437
0.36865234375 -0.1376953125 -0.135215759277344 0.127250671386719
0.418426513671875 0.23919677734375 -0.144454956054687 -0.023590087890625
0.216522216796875 0.428009033203125 -0.00538635253906249 -0.0970993041992187
0.0321044921874999 0.59295654296875 0.0557327270507812 0.0175132751464844
0.109161376953125 0.449432373046875 -0.079803466796875 0.39447021484375
0.257232666015625 0.31085205078125 0.146896362304688 0.254470825195313
0.383209228515625 0.07275390625 0.110992431640625 -0.000808715820312496
0.267486572265625 -0.1390380859375 -0.0144519805908203 0.00412654876708983
0.123138427734375 -0.251724243164063 -0.026824951171875 0.102737426757812
-0.039886474609375 -0.241836547851563 0.0381927490234375 0.215911865234375
-0.114471435546875 -0.202056884765625 0.174346923828125 0.213455200195313
-0.118850708007812 -0.225372314453125 0.211502075195313 0.186599731445313
-0.119888305664062 -0.214462280273438 0.19390869140625 0.196075439453125
0.009033203125 -0.205780029296875 0.102935791015625 0.262893676757813
0.130157470703125 -0.184494018554688 -0.0106964111328125 0.232772827148438
0.241561889648438 -0.068878173828125 -0.117691040039063 0.14361572265625
0.267196655273437 0.171630859375 -0.107147216796875 -7.62939453125567E-06
0.139892578125 0.295013427734375 0.0414581298828125 -0.00938415527343748
0.029449462890625 0.44500732421875 0.042022705078125 0.179916381835938
0.092132568359375 0.250015258789063 -0.056884765625 0.51531982421875
0.172882080078125 0.153366088867188 0.194183349609375 0.329925537109375
0.198959350585938 0.0083770751953125 0.13006591796875 0.0370941162109375
0.112464904785156 -0.0866241455078125 0.0030517578125 0.0318565368652344
0.0475082397460937 -0.120010375976563 -0.0348281860351562 0.133277893066406
-0.0179443359375 -0.118293762207031 0.053558349609375 0.263031005859375
-0.038848876953125 -0.0990829467773438 0.223388671875 0.257492065429688
-0.0449981689453125 -0.106452941894531 0.256698608398437 0.226638793945312
-0.0415725708007813 -0.107421875 0.2342529296875 0.241439819335938
0.0259552001953125 -0.086700439453125 0.11029052734375 0.29345703125
0.0670700073242187 -0.0599822998046875 -0.026153564453125 0.237167358398437
0.0925521850585938 -0.00482940673828125 -0.0960769653320312 0.138725280761719
0.101181030273438 0.0757675170898438 -0.0735702514648438 0.012939453125
0.0625228881835938 0.127670288085938 0.0680618286132813 0.0541877746582031
0.030364990234375 0.238983154296875 0.032928466796875 0.2908935546875
0.0640382824846545 0.0735441497427483 0.254597969296427 -0.287308598811464
0.0715339126023605 -0.0210658748651545 0.0541484804720745 -0.194789044147458
-0.00641658178128588 -0.0639646331288122 0.0229039975295188 0.0384825850557331
-0.0709841815487821 -0.0315131655001294 0.13764940459279 0.0487577317169683
-0.0539617605147571 0.0545764997546222 0.238427175903732 -0.0560175845828785
0.00432177961053378 0.0704239560514945 0.234297929023903 -0.208602909322568
0.0301728212676202 0.0635122079507924 0.155484931045202 -0.330353570876193
0.0270631858985387 0.0518153684266252 0.0917541976798911 -0.365776902981014
0.0214157088988741 0.0497140193479177 0.14287945737111 -0.323974285753172
0.00068645773884846 0.0448528043350843 0.187305326584024 -0.208259622749964
-0.0361672107094259 0.0162640262825053 0.147343917301879 -0.0564719458726738
-0.0277262987795598 -0.0397967413911639 0.0334627748510549 -0.0668445651904572
0.04507613199587 -0.0217840680436436 -0.00392123818163844 -0.179455841316403
0.0421689575298324 0.0408010369707917 0.18511089097471 -0.315159418107126
-0.00570003181946002 0.0861473793993138 0.519813915225467 -0.243328254443889
0.230453386362596 -0.0593325511186778 0.198176949795227 -0.300899235209992
0.153523125714843 -0.170965506096864 0.0180962005286654 -0.202317325282316
-0.0272180947498867 -0.231146829991455 -0.00301314589482019 0.0449860972322034
-0.181181760142514 -0.129185970105261 0.10658067899604 0.0662696441560095
-0.186778678126882 0.0691779060921937 0.224369619559497 -0.0268097387021535
-0.0833881440994468 0.148135132117559 0.222415473073832 -0.174273229129556
-0.034353907447899 0.181169750979072 0.153739127225718 -0.285337791545251
-0.022501651844672 0.190515242648476 0.093645532395876 -0.320000846263585
-0.0404376775991852 0.194347828295917 0.142597506833544 -0.287537396025632
-0.0996097881606502 0.141638153239915 0.16918922880212 -0.16210318684576
-0.184949293277011 0.0565879985464474 0.118727859615926 -0.019559577435964
-0.186132088357995 -0.131481493910147 -0.0104623247994563 -0.0659345338628017
-0.0282258067740179 -0.216281321633829 -0.0219978028421362 -0.198257652579748
0.12067241926557 -0.147744913703557 0.192919858354043 -0.341041755911452
0.180922236872293 -0.0587630851881345 0.509964651205899 -0.276745541672415
0.364856636360656 -0.190278340469843 0.0939095065106005 -0.279757671583744
0.209904160423662 -0.316731249733037 -0.0363196650477025 -0.170813548832805
-0.0618919688193558 -0.377537042775807 -0.016430235941866 0.0653678567366388
-0.284188955487975 -0.206098665542065 0.0847237691065423 0.077691083025388
-0.301142296049173 0.0850156181722259 0.194875663119553 -0.0058500358689698
-0.15881694744285 0.21138534849476 0.180350652067142 -0.127928747208344
-0.0926849737096256 0.273666201981634 0.126156378737141 -0.203371750045284
-0.0684265086545865 0.299540730909038 0.0818242727212029 -0.224552598061944
-0.0958888834065938 0.308389466940784 0.120496767524905 -0.201890495746225
-0.186442355037406 0.216373522717995 0.122355680485772 -0.0855660105124899
-0.311517667855541 0.0889085420178158 0.0623496194338501 0.0275787826491351
-0.323351586979422 -0.208524949394247 -0.0706390696210133 -0.0575479141741097
-0.0996840770787924 -0.385222745104853 -0.0519168513679211 -0.204880123615695
0.182494271369862 -0.32058176642372 0.176153433106804 -0.333372993992781
0.342289285356741 -0.193008553286717 0.440484166219434 -0.263580247724652
0.450557469179584 -0.308793367376089 -0.0438879236350608 -0.219118560862533
0.224587909023086 -0.445704204905565 -0.10042552913259 -0.0958721504436934
-0.117423761423993 -0.487369607917541 -0.0178114566394042 0.0977622569234417
-0.379553940215385 -0.24883356136475 0.0674661171533324 0.084711899387245
-0.385595578582787 0.10726975115159 0.147386851057264 0.0101441759212049
-0.211217169586338 0.25454044918901 0.11314972137752 -0.0666652139062406
-0.1363811044947 0.328217513598541 0.0789253624444591 -0.0914106388653979
-0.103007756869057 0.364033385782478 0.0574090838379168 -0.0954208353859726
-0.135430820485711 0.372851339489329 0.0821929213637071 -0.084189705833156
-0.243533700156853 0.255487744754989 0.0557418668471167 0.0113086164811366
-0.390829873052271 0.104756148979525 -0.01390987689685 0.0798976350561296
-0.412879910584045 -0.25884827798441 -0.13627533059034 -0.0393833912283127
-0.153701581527955 -0.497902870118297 -0.0841610417135994 -0.191575442604968
0.218612302727085 -0.439993709080475 0.136597309173699 -0.283090597159816
0.449970170535925 -0.291424293653368 0.320054033753007 -0.206833284434924
0.471368507002203 -0.389236272894166 -0.19484305167 -0.122253446217917
0.200342609485747 -0.525593376776891 -0.164032511233756 0.0162984805579853
-0.172812386433092 -0.53473988695405 -0.011138792204223 0.136059837875752
-0.433906276918538 -0.247446879931984 0.0469594346513538 0.0872731985103306
-0.417366736376732 0.121315795504552 0.0793597423950627 0.0280473863361969
-0.233157800581096 0.264840258537166 0.0289555141407979 0.00689551496664649
-0.16028843087735 0.335199704422734 0.0185473019453359 0.0356974608560854
-0.120875054143014 0.371320541543133 0.0239307457617355 0.0485900119091865
-0.155552374048378 0.376335073809558 0.0324049106453695 0.0502663606547724
-0.263481921932359 0.248685537116701 -0.0214626243768922 0.112021629722885
-0.401527968537477 0.0956298030341687 -0.0979850545639673 0.125169505713749
-0.421729119924988 -0.2693137699755 -0.192076894739193 -0.0169830420577991
-0.169200289768217 -0.522729007241761 -0.106486866757577 -0.159262267909647
0.221703675163566 -0.473158516672187 0.0875256587732164 -0.194452322742246
0.484957241428258 -0.336504042958877 0.16909188198725 -0.114928306637517
0.422919042872622 -0.415112192317554 -0.338502946168159 0.000696629577497307
0.142470637819225 -0.526831383843826 -0.214238308547713 0.147099458231566
-0.200253298739037 -0.491777623935609 -0.00204404100889054 0.167383603641305
-0.413093569828981 -0.205733470039213 0.0195507372321063 0.0836680487856625
-0.380487469018108 0.118025759524123 -0.00114733895037102 0.0467344030568815
-0.216108929560612 0.233265266084243 -0.0613165080732906 0.0827842076829747
-0.159039881023879 0.290419690927603 -0.0446362733364819 0.159333362861783
-0.121085302433841 0.321770814437864 -0.0135215524204885 0.185855533036209
-0.150407469684516 0.317994879473632 -0.02189878936598 0.176215113680332
-0.239120165459865 0.1954920410993 -0.0955808594107747 0.193702548400707
-0.338701956226915 0.0623632805211349 -0.170871287537196 0.148142742904014
-0.341203344952714 -0.239614929053993 -0.220387147740447 -0.00259690279153384
-0.132640671558504 -0.448244581062586 -0.10855690455093 -0.119655088057348
0.195215204621531 -0.410636163093204 0.0389777625407403 -0.0908089201759249
0.442261268208427 -0.319720017374607 0.0143081669195094 -0.0082502190045603
0.310790701955604 -0.373017165663995 -0.45200293200322 0.124653586343146
0.0687496565528619 -0.431869237372646 -0.247888042091617 0.265889139779206
-0.17791985969047 -0.360800737443031 0.00465614801010457 0.183011290620912
-0.309179644254879 -0.131430760302169 -0.00566369241606344 0.0723707350777784
-0.273417057804532 0.0871855344949368 -0.0766456336119366 0.0570019624852567
-0.162120580654028 0.161510241037618 -0.140661617976928 0.142483642338489
-0.132262998595637 0.198197365917557 -0.103110657820201 0.259175013067689
-0.103315385839706 0.221604945969411 -0.050532220907786 0.295621933113133
-0.123901727697811 0.21094767080456 -0.0732473708818077 0.273652559153407
-0.179930901571978 0.112294912853398 -0.156040853279424 0.241000460884983
-0.223206383377563 0.0173528931762372 -0.219229696897135 0.139469031668677
-0.202310007787294 -0.173952516202954 -0.216694377404516 -0.00157639012559737
-0.0713216310916747 -0.299145109606527 -0.0914339235755733 -0.0826266055262774
0.137770105574628 -0.279806652616641 -0.000315492819922056 0.0029781353859906
0.32782206636969 -0.252915188532962 -0.11856526196332 0.0927189521087329
0.152619946986186 -0.2677265677982 -0.517236195413304 0.226766556484895
-0.0126642083000402 -0.266623059101292 -0.259385490147953 0.355284218812983
-0.125513055305148 -0.171806004519553 0.0140618865316577 0.18793911941606
-0.154722731519825 -0.0375051414504106 -0.016103353875317 0.0561432671579054
-0.121282849088132 0.0414416075534474 -0.126880112583753 0.0526250754767909
-0.0811803466379456 0.0608463312311974 -0.195606989092042 0.173496624492501
-0.0825761002121217 0.073235209353322 -0.147207924018138 0.316032381100967
-0.0683571149018346 0.0874191506205278 -0.0808101111239373 0.36028697559773
-0.078863848560454 0.0759025202126697 -0.113243524624645 0.327562168541535
-0.0968911272350932 0.0205193704027266 -0.190803733238141 0.249159800818093
-0.0863298739678496 -0.0209632623314092 -0.236128217731435 0.108124308925326
-0.0553864782059271 -0.0846547563459232 -0.187744857388026 -0.00796418673180216
-0.017137236090623 -0.120200304246315 -0.0651992437499877 -0.0538676524171813
0.0545352039867766 -0.124971012573759 -0.0271467795270753 0.0721065354454116
0.166688041118794 -0.156728308029496 -0.209589031374453 0.173655017656809
0.0687747081756061 0.0704253363275441 0.240577536568816 -0.298016840055869
0.0709875222763271 -0.0259924094934341 0.0433861966604716 -0.194608608173583
-0.00909829276480532 -0.0653117263749496 0.024860833578766 0.035606448070625
-0.0745578040228592 -0.0287083665328537 0.139022245675599 0.04029156579499
-0.0521427858942558 0.0581724861119774 0.234795753186019 -0.0716789353922664
0.00809418096889208 0.0703367710994462 0.22109784621502 -0.224263747974255
0.0338620697669753 0.0622968122347875 0.134042287194656 -0.340069608660202
0.030392384601454 0.0506200469771115 0.0679449166557041 -0.37108517552709
0.0242676220534912 0.0497312235533311 0.122754479318859 -0.334541772911419
0.00389820186588312 0.0447852851173014 0.174518933258858 -0.220482534993938
-0.035218726622058 0.0192133389177632 0.146428196311702 -0.063917062277477
-0.0306870181931048 -0.0380476704638986 0.0270568414456779 -0.0661570356856096
0.0445582296761555 -0.0257028676405036 -0.0171391234262469 -0.176359606355904
0.0452278672983468 0.0391871159060745 0.169846555236488 -0.323251206160864
-0.000812540027496604 0.0877578912882192 0.511505596847798 -0.272123441811679
0.228022511557288 -0.0709534093019988 0.182574658328942 -0.308921883612959
0.145220610941174 -0.179558378733242 0.00734546863793757 -0.200546300950263
-0.0395288453439261 -0.230652336426176 -0.000575980263140779 0.0431325059344583
-0.189507865951412 -0.121160986323869 0.10886011042658 0.0585741561003996
-0.183946786408931 0.080512295512228 0.222350741559162 -0.0418726471862559
-0.0763577764906796 0.153199590763611 0.211042679558557 -0.188521601462542
-0.0245020036987769 0.183679979399604 0.134624691265636 -0.294617816669061
-0.0102388069536707 0.193688193408164 0.0727679951887035 -0.325072201826988
-0.0287897751920022 0.198569264832443 0.12445021975424 -0.296901484167819
-0.0917871554610696 0.147022543529333 0.159363936627367 -0.172919272309608
-0.182433129163914 0.0681694506284367 0.119966246359522 -0.0254978059712959
-0.195327820988422 -0.121484443466183 -0.017830919223192 -0.0622585894918014
-0.0403338357681505 -0.216807637886739 -0.0352668384623773 -0.195795881955406
0.114031584579393 -0.15430834186687 0.176900073637101 -0.350649483759414
0.178346016379274 -0.0680241303539187 0.50068105058091 -0.304176101400483
0.35671523038908 -0.20775399958815 0.0803357966694771 -0.283309239083904
0.194327733489234 -0.326575808887551 -0.0440478501928786 -0.166550893996088
-0.0819121744005022 -0.373839273505357 -0.0122648820552069 0.0629203564953896
-0.29689558480258 -0.192186232254562 0.0873216137251751 0.0704311201114918
-0.296843085513891 0.103493991143156 0.194411998602864 -0.0196924628275226
-0.148606334764456 0.22063094994135 0.172206539753154 -0.13900125618914
-0.0784420950815157 0.279854352167096 0.113029486756614 -0.210214481048194
-0.0493368561955423 0.306377737962845 0.0661308289464855 -0.228427445976766
-0.0777778375116452 0.315584850461013 0.106579705064311 -0.209610455793395
-0.17579788855813 0.227190690944385 0.117238079777782 -0.092895355243866
-0.306979361423892 0.107822218445131 0.0649143614706321 0.0244905855788588
-0.33847491883877 -0.191981561930524 -0.0783780189170724 -0.0498656642060242
-0.12150215571728 -0.382297105674139 -0.0651424761586091 -0.20190306030366
0.167611044743504 -0.330379763705194 0.159142718913901 -0.344676737342142
0.333338580444946 -0.212139612021118 0.429712211574982 -0.287410678616927
0.434515257329424 -0.331134428723968 -0.0541715226045811 -0.216788519200329
0.201455454836072 -0.455843522358778 -0.103187106911634 -0.0884833130006069
-0.145490384336961 -0.47961460459338 -0.0100070270948464 0.0955432913382254
-0.393737843287802 -0.229066381461292 0.0704762254377253 0.0773700967987153
-0.378918203617782 0.130501301117691 0.147066893592761 -0.0018596628046758
-0.199538684783175 0.265979218079836 0.109023605376469 -0.0731849867448188
-0.119408545933179 0.337082192248443 0.0729195873799785 -0.0953982547263634
-0.0798894039038374 0.372038332091284 0.0508264587154849 -0.0978180850392593
-0.112240084199303 0.382352160701629 0.0751853776980873 -0.0886238537849061
-0.231711978547235 0.269328842004014 0.0561516268441592 0.00910957896492752
-0.385482594117141 0.128100668996949 -0.00919443707189836 0.0809661447189767
-0.432543981099362 -0.237145212373406 -0.142936203358424 -0.0266262835001309
-0.182055719566386 -0.492951778881997 -0.0962821977687637 -0.187736488107723
0.199279791693142 -0.451174739707359 0.122788681564436 -0.294554154367522
0.43681778593071 -0.317990806925655 0.311487777942053 -0.223923241603501
0.449219694442675 -0.414099943087032 -0.201576406218793 -0.112884385709397
0.17196536755469 -0.536812599280318 -0.159824975954704 0.0269753491910684
-0.203444013473417 -0.524583873095204 -0.000555538024114662 0.133240445215755
-0.447395530142515 -0.226556563170958 0.0503852673367767 0.0806434770918927
-0.409569828654758 0.147850285829821 0.0804973217757073 0.0193838446039399
-0.219794576299427 0.278339415152171 0.0284912764228335 0.00499250827874622
-0.143433997811159 0.346949278193211 0.0218941886063759 0.0352597971595882
-0.0978576415048224 0.381544162864717 0.0271120964050268 0.0477119875387048
-0.132621036332621 0.387306682929102 0.0340422973969934 0.0489785704748112
-0.25140577170532 0.263149336325137 -0.014324202156701 0.115153995548488
-0.39689820962386 0.119224177825925 -0.0903717410066835 0.13244609118894
-0.440752562245476 -0.246636177968185 -0.196483951597949 -0.00183261722263077
-0.197014234776401 -0.515538472292055 -0.11693428407776 -0.155842262015029
0.200051412948417 -0.484959269951082 0.0760627325591136 -0.203739547576119
0.468753049446796 -0.364713889941359 0.16395020586296 -0.123636808339396
0.400418134160717 -0.43850642632006 -0.339678650147111 0.0151078689583248
0.114475853410911 -0.532731789811252 -0.203233858757189 0.159795660655379
-0.22835440222642 -0.481299258534669 0.0105761659199087 0.164549613033571
-0.425631416501118 -0.184148920912913 0.0242022706784807 0.0785787149244047
-0.372769634632667 0.141788734365582 0.000925723914064818 0.0428501454739604
-0.204528823585858 0.246330719329915 -0.057665266412624 0.0860297747715257
-0.144201815766754 0.301701587897344 -0.0334595980997168 0.162595058299209
-0.101724766454543 0.330953395389662 -0.000906917688873416 0.187380531234727
-0.132098535992396 0.327395344330559 -0.0121298562418429 0.178772267071027
-0.231580974392913 0.208920093213146 -0.0835945956474251 0.202150151397568
-0.335965188678755 0.0819358120779346 -0.162500223272495 0.15943133996396
-0.357364255349261 -0.222597360240214 -0.224197026572985 0.0138831236377698
-0.158325896232865 -0.441764733875201 -0.117000152423012 -0.116131154328695
0.175165478723454 -0.420034531695111 0.0329083357485541 -0.0979764354877774
0.425674118597243 -0.346572254264318 0.0124807759670287 -0.00824201771796138
0.290940516181779 -0.38963250865526 -0.446877176734774 0.143749125939806
0.0466979213876195 -0.434717312992148 -0.230255605715359 0.279723640261385
-0.200271223009684 -0.351524569356863 0.0188382532030436 0.181080321996396
-0.316562766093346 -0.114872209428809 -0.00144296549539741 0.0685656943967582
-0.26653028425685 0.105227756884392 -0.0734934745625397 0.0578117361386491
-0.154156291574063 0.1704880015171 -0.133954542846561 0.151213602151385
-0.121686855167876 0.20786657371377 -0.0862258770927342 0.266234143703335
-0.0900192193817519 0.229338755696385 -0.0302803728958647 0.299215689255598
-0.112164226773639 0.21787419906888 -0.0572052971648127 0.279654973303436
-0.175860626868011 0.121624474477471 -0.140832721183799 0.252910234673095
-0.22231501973493 0.0294751729005926 -0.211928967833544 0.153746475156457
-0.212524131060006 -0.165148837208428 -0.219134048873896 0.0136681664654225
-0.0883550039708562 -0.295740116112894 -0.0979157645889506 -0.0801788831220501
0.122928904887836 -0.285487095089362 -0.00237059308597307 -0.00166418988777985
0.314866278963951 -0.272870518243682 -0.115992902382075 0.0996889206313231
0.139001655343197 -0.27712997209393 -0.508535652185109 0.25034228733273
-0.0263691430706929 -0.266052263072918 -0.238745464709405 0.369255683798438
-0.136355317921046 -0.164269459782037 0.0292949102252518 0.185866447225296
-0.156465387223312 -0.0284019110203679 -0.0108546688141888 0.0534811584202454
-0.117401128143833 0.0506296007382438 -0.125455545058409 0.0570756209996347
-0.0779056307018046 0.0654042181528899 -0.188076466928078 0.186377972914958
-0.0802772783428666 0.0787112385210912 -0.126063047217033 0.325637105334055
-0.0639953772262389 0.0916645687382306 -0.0561382258040037 0.365622136150614
-0.075564107116363 0.0792491073693663 -0.0925835045473517 0.336379952915913
-0.0969738208760718 0.0253179205609017 -0.174397192086151 0.262362356765243
-0.0873007519636038 -0.0172669401881483 -0.231001779965269 0.123725070868847
-0.0600973440439128 -0.0824395459188816 -0.188490595439765 0.00444124710281615
-0.0241983245464456 -0.117818088218945 -0.0694571377573317 -0.0526412806719314
0.0475492340418881 -0.125881724415962 -0.0256389376406977 0.0694065249578273
0.158059941713695 -0.168237476887195 -0.20242180692515 0.185540127325389
0.0717150747878236 0.0656904455453538 0.222380594121587 -0.300464181733202
0.0681654591671504 -0.0300940650611484 0.0336642114228207 -0.190080604986878
-0.0113775898157205 -0.0652946595549553 0.0256326023253556 0.0328637154217248
-0.0757073010881379 -0.0255781525505677 0.138119959147506 0.0303333511904709
-0.0498276797190692 0.060294923136049 0.225298644549262 -0.0850962158828966
0.0104924096346884 0.0692881779322798 0.205274199607764 -0.232433934164952
0.0360628811933999 0.0587927825420563 0.11029384526597 -0.33951723062117
0.0332195311600209 0.048889721051638 0.0435314098038426 -0.36588269439512
0.0275642710353191 0.0485658748866625 0.100749667198428 -0.336425907243092
0.00621488881779263 0.0436462274318462 0.15826606403983 -0.226364893731699
-0.0334716334215201 0.0208433817298526 0.142043586068625 -0.0692581945780581
-0.032723026836052 -0.0350122339558987 0.0204360033981328 -0.0634315839406633
0.043238417536376 -0.029111725436699 -0.0278060976012573 -0.169116713026827
0.0470872295883613 0.0359183505739688 0.151334676691982 -0.323714772910279
0.00338966100885276 0.086829518485035 0.491338814817021 -0.290582666191792
0.220922509260728 -0.0800181398933786 0.166254065274341 -0.309275932588986
0.13418919259616 -0.183134902563236 -0.00205048370055883 -0.194228465989212
-0.0499777813733478 -0.22555991397526 0.00208690501094874 0.040755814785552
-0.193498823864745 -0.110627479755067 0.107885416786417 0.0498481709105119
-0.176665477272528 0.088971965950713 0.214558895594181 -0.0549276458048302
-0.0672960179603957 0.154354000813407 0.196326723496082 -0.197271114073607
-0.0154768682988337 0.182021465504047 0.113826172543568 -0.29488084634703
0.00160713287422133 0.191460090792716 0.0512062538112808 -0.321463174300125
-0.016258281358883 0.197803687199296 0.103569294689291 -0.298566829890724
-0.0833844912059461 0.149385000115596 0.145866383123515 -0.177862531991842
-0.175027848548984 0.0767309543716737 0.117080760242497 -0.0312635833056948
-0.200270234915626 -0.108752757985146 -0.0238020076776093 -0.0565890937960222
-0.0506011106173226 -0.212330546267009 -0.0463900054711347 -0.188062533846963
0.105241402526734 -0.157365609632534 0.157597166455453 -0.353659798677305
0.172337101465152 -0.0752823999308937 0.478198104588568 -0.322077723226135
0.340039784711264 -0.219817489971947 0.0662093030389576 -0.280016729998514
0.175200526248192 -0.328740764357643 -0.0495389687198474 -0.158938993270662
-0.0993012658897733 -0.362831590791246 -0.00799629860837955 0.0601134624272471
-0.3020166172228 -0.17596346288682 0.0865793840807712 0.0615606032527881
-0.285408620596549 0.117340622758218 0.188192147041793 -0.0327471754379164
-0.136022108436829 0.223965965225602 0.16056398657929 -0.145906163379663
-0.0632253958030242 0.279541527604065 0.0973617915333577 -0.211641596635059
-0.0303787662490659 0.304555838174312 0.0506356561750434 -0.225882723768924
-0.0572159767494837 0.315505020047497 0.0906895459295555 -0.211762653343926
-0.161032787320703 0.231626563517514 0.109729105503522 -0.0966107132326168
-0.295372448443877 0.121869507914026 0.0659541573950687 0.0214429604532391
-0.343993696441504 -0.170616845148204 -0.0824250329788739 -0.040511118309848
-0.138940304531746 -0.370259682282249 -0.0754648978712614 -0.193816362324738
0.149386323978768 -0.331600255087974 0.139436800800252 -0.346491383004668
0.317894055780448 -0.225226358040444 0.409805825436379 -0.302980888649171
0.409784536355925 -0.343942607369411 -0.0634878212619307 -0.210297950246311
0.177418332380287 -0.456247513112977 -0.103397008269286 -0.0808834394048749
-0.166727035353887 -0.46322467570196 -0.00359817019131537 0.0904393366299828
-0.397890751065781 -0.206620348231239 0.0704355017221511 0.0690583196919724
-0.363909576323425 0.147968507458632 0.142865862139078 -0.0128915383039046
-0.18249107152145 0.271393194775075 0.101415665474723 -0.0782334642893044
-0.100335143458896 0.337802733016586 0.0652044154540441 -0.0968918841476916
-0.0564986096786578 0.37145084035645 0.0431703503181576 -0.0972853109777368
-0.0885523686967515 0.382478300558317 0.0669580214359556 -0.0898568059807498
-0.215540854739853 0.275097174523352 0.0553091668911318 0.00727142128436508
-0.371570174820096 0.146227534300054 -0.00399911079963406 0.0808188531047401
-0.437291874588575 -0.210364567075895 -0.144496590342553 -0.0142882052126609
-0.204722221270506 -0.476428904577859 -0.105962577447131 -0.179792276467368
0.174485415943928 -0.451151389493818 0.104995011246598 -0.296402580587751
0.412498783593543 -0.333278821065228 0.295251491351021 -0.233901018666054
0.421221296189989 -0.42692331650478 -0.20363138136931 -0.103504452296136
0.144529069993282 -0.532193749164092 -0.152284632797188 0.0345000111584985
-0.228165130713333 -0.502076137188482 0.00896224114699221 0.127290045851917
-0.449703723780923 -0.199794154900645 0.0515267624669537 0.0718329904813666
-0.392638761712043 0.167113397120271 0.0778472720948942 0.0111037117549259
-0.202321974400069 0.284044071157847 0.0266369079896285 0.00311574174212185
-0.124129113236835 0.348663022697381 0.0232649105258655 0.0338585823764421
-0.0740497913875045 0.381715033751191 0.0295996567949853 0.0467537757642561
-0.10818990371276 0.38631330100253 0.0341143322135995 0.0472934138984834
-0.235033263001618 0.270563751969603 -0.00780077857826379 0.11538631335179
-0.382135350945188 0.137683023722989 -0.0820445712892568 0.135154213667462
-0.448681681024977 -0.221681259253947 -0.195888486566306 0.0135324649971437
-0.219321175205956 -0.495202997977384 -0.124348478128835 -0.147673878244847
0.172655098989014 -0.483476073844134 0.0634788491553356 -0.206803449399396
0.442943087611463 -0.382035064232453 0.154490493592958 -0.128859759536641
0.371913537535937 -0.448192692411592 -0.333411961035691 0.0275987376784431
0.0892843610995218 -0.526348299895504 -0.18814838538648 0.165288957847678
-0.249312439561194 -0.459615602045214 0.0219428371558747 0.156906548713242
-0.426170886291658 -0.15952910482692 0.0263752598911003 0.0715222757814957
-0.355694510410681 0.160173071630145 0.00184759048732443 0.0379653141141327
-0.188676458434011 0.251803615957926 -0.0537707566560227 0.0877743065717113
-0.126566477951278 0.304894684790345 -0.0232379319413006 0.161181699078352
-0.0811608108098621 0.331610251165344 0.0107078170377196 0.183846408783198
-0.111905464838181 0.327298695089178 -0.00246751210220623 0.177594201898249
-0.218183609654512 0.216240136247912 -0.0703695644753422 0.20465752638468
-0.324374618012977 0.097175629403582 -0.151592968938993 0.166232961759606
-0.363407588531567 -0.201928127546013 -0.221001968805182 0.0289768520646325
-0.178427850806543 -0.424917610919232 -0.123325482539912 -0.109558634695562
0.152239099187492 -0.419574675236844 0.0243838006127917 -0.102275342829283
0.40212286478278 -0.362164806397258 0.011290325723901 -0.00861711659791893
0.266357251061723 -0.397504440284722 -0.434010370446645 0.157820363981194
0.025186477809753 -0.427680926871431 -0.209152610198593 0.284403640402496
-0.215483022956781 -0.33353985706091 0.0309820532094675 0.172921147936595
-0.316506624797862 -0.0969236415352948 0.00235978498328783 0.0633871829353506
-0.254114576164578 0.118849647377757 -0.0703140811035011 0.057151242764224
-0.142871821130228 0.175566782745619 -0.126036737600141 0.155706892695851
-0.11051778747351 0.211304970491086 -0.0681333401086238 0.265243822271199
-0.075805020928689 0.230508395926573 -0.0115429421455618 0.293741127465616
-0.0985744984907304 0.218752537387886 -0.039734767945409 0.279225305751903
-0.168001843655004 0.127905176433714 -0.122567237674368 0.257011065230389
-0.215959351058871 0.0400334387667094 -0.199098198143634 0.16430204726933
-0.218391806533067 -0.151619893932766 -0.214848368234693 0.027959241252286
-0.101629155160929 -0.283821969925081 -0.102592340555492 -0.0757030171896961
0.106377392964642 -0.283804405338624 -0.00546038630360395 -0.00553879521094586
0.294985803360495 -0.284105010598623 -0.109749154800462 0.104025816760947
0.123024074573153 -0.279293583710793 -0.490484790069119 0.264232190072928
-0.0384772683758025 -0.259332362935081 -0.213432900134118 0.37243044031042
-0.143148079563737 -0.153655527148943 0.0408104539581929 0.178939159300878
-0.153718955716056 -0.0195019350567715 -0.00717617931678637 0.0495419558413967
-0.110105919694703 0.0566277916210665 -0.121394312720943 0.0591156909477704
-0.073260395641441 0.067835996430762 -0.177084428198481 0.192205310882593
-0.0756106811522746 0.082192180587274 -0.104152820112342 0.326082311213584
-0.0585180467190322 0.0934294097986317 -0.032050327507747 0.359696206018838
-0.0708181969471924 0.0802965361525107 -0.0706778207710436 0.336359212453527
-0.0949589259336789 0.0294850272872719 -0.155043633882058 0.268403054248796
-0.085495318957993 -0.0134479576000066 -0.219867391337652 0.13651991011689
-0.0629420036953941 -0.078514123449831 -0.184030777607708 0.0166655328610398
-0.0294693089005491 -0.112599397980396 -0.0732927673197858 -0.0504928388099075
0.0400278822457423 -0.12394306721224 -0.0249366609818823 0.0655574957605702
0.14574863035714 -0.173833963114545 -0.190735699883128 0.192263231952852
0.0892425132323748 0.0325378544772432 0.105889633170104 -0.346818625980235
0.0513324159479155 -0.054328296877436 -0.029020714131923 -0.180382243254085
-0.0331752031098487 -0.0581337766939308 0.0386890409552599 0.0219652759496342
-0.0794038547690177 0.00378838928944361 0.139275960138988 -0.0224070902210973
-0.0240511626842325 0.0708914765553687 0.176069066806983 -0.155701606947338
0.0347237558244349 0.0571774582269988 0.104976337009922 -0.283687462084077
0.0538761018865777 0.0404968160907381 -0.0201933862826674 -0.34813975926462
0.0464383799715542 0.0314468811645573 -0.0879941554044158 -0.343841863879297
0.0421216994342798 0.0353769075209284 -0.0216628355287078 -0.339633649119646
0.0193310832405319 0.0378478716037715 0.070255017880656 -0.258949108791793
-0.0230297035113074 0.0304721357255601 0.107583086931268 -0.110147960235825
-0.041829255762796 -0.020939579028053 -0.00200920940278102 -0.0602009036361356
0.0295714220462334 -0.0418943318943339 -0.0818221670758804 -0.142000875936887
0.0543952871572746 0.0199094634406934 0.0391370353329201 -0.345491220346093
0.0286228541897694 0.0828420339900016 0.364606822444493 -0.414547769643326
0.17751953620677 -0.154398277218358 0.0515509418347862 -0.329087016323922
0.0589585087122207 -0.218677187253776 -0.0579776369439662 -0.165774921420102
-0.124151364579156 -0.190854712558404 0.0291592547931744 0.0369569465554974
-0.216848984074203 -0.0312434270423815 0.123705052264978 0.000681594720030603
-0.12964746973218 0.139609029109598 0.17617209439412 -0.130674019550724
-0.00869461350094335 0.159987910085306 0.106896346401166 -0.251041507009417
0.047417602912516 0.172850846205051 -0.00111566938466173 -0.312676123791113
0.0645241248139473 0.171655778010657 -0.0686962244167682 -0.307915365617384
0.0518768905914648 0.185410815592088 -0.0083624376566552 -0.305823432904151
-0.0288223565696082 0.162933174027358 0.0749147563421168 -0.213306355540981
-0.133375348645936 0.127882746249035 0.0993842106243439 -0.070910631996354
-0.220219287217702 -0.0340667801404695 -0.0362455288677483 -0.0390249832834677
-0.115710725363808 -0.17795748085638 -0.104277566134007 -0.150726788405467
0.0443495247188673 -0.176019557155717 0.0311010736892692 -0.373371481468939
0.134947870052358 -0.120311916037254 0.335564121387246 -0.440175239539694
0.239879289663434 -0.325053219024978 -0.0300652934189548 -0.263391610826366
0.0464122566458409 -0.366715103918082 -0.0854940276948805 -0.113010599465508
-0.217277252309531 -0.2979570248004 0.0357038289763271 0.0557334738555812
-0.338485573036981 -0.0518432763004684 0.112859535803912 0.0134787792013186
-0.218448046278801 0.202030074164734 0.158760665780663 -0.106543837686225
-0.0483427288383969 0.246133131206241 0.0901088008613348 -0.194860298079239
0.0350745276343457 0.280459454920968 0.0140793231890016 -0.234629959100149
0.0732255662672175 0.285211378652643 -0.037740328989386 -0.223424660384863
0.0537419827367672 0.305122658004275 0.00768070004035024 -0.223459676115773
-0.0734952342079766 0.264374797799072 0.0690994992530063 -0.128613712334278
-0.228266731880893 0.20790019805828 0.0704372584002186 -0.00912607066391498
-0.372784226725515 -0.0446188572879772 -0.0815806246303972 -0.00470054510432473
-0.247791216404806 -0.294071078882295 -0.132766716577085 -0.143541688641697
0.0276687008737655 -0.351361272795623 0.0130960528071341 -0.362324892409811
0.223818179435126 -0.305347283232883 0.272285567482106 -0.402618261621595
0.261575622982038 -0.464423818723122 -0.126038946205269 -0.152170554545936
0.00517355357529239 -0.484486607809348 -0.104487389789994 -0.0207393543613178
-0.313920429091689 -0.365515031173721 0.0573800301557923 0.0793972991082877
-0.436574261877019 -0.046078265229766 0.103118203114792 0.019651231058752
-0.278924022919017 0.255192187903041 0.123194365281127 -0.077743432815832
-0.0765367490498374 0.304656440262727 0.0574461280547468 -0.115126383972479
0.0202186851833975 0.348466112559444 0.0252459659926456 -0.121890651852773
0.0714340277960115 0.354466040551144 -0.00201633134700864 -0.105781527878531
0.0466220182233124 0.376127972715361 0.0259640929918009 -0.105174732104864
-0.109067346020016 0.322486073990363 0.0545765603644953 -0.0172935665041587
-0.290011485978475 0.254892352150627 0.0278957673004918 0.0666134753956615
-0.472731390063574 -0.050796185904627 -0.127517035305756 0.0394365947898087
-0.34046501818886 -0.368883076508562 -0.156066443073945 -0.11870079333242
0.0106726028064538 -0.469379363424798 -0.00615383751519008 -0.304337142793667
0.278244022027776 -0.437863766231562 0.183674469083361 -0.305947606808084
0.245119105348458 -0.543799613626101 -0.219153484899645 -0.00683184933109407
-0.052025191115191 -0.542436319281536 -0.10832356974042 0.10148719611812
-0.382056311414035 -0.380992449617831 0.0834395251796123 0.104817429754023
-0.482513940075685 -0.0204333371175129 0.0879443269838157 0.0256980904756191
-0.298043658890791 0.283499702853619 0.0703396302897272 -0.0368858638178135
-0.090900396105434 0.323605627682644 0.0156344829582544 -0.0156055342183227
0.00215604648729802 0.36764983476204 0.0324784605351691 0.0111172210710068
0.0583698791327802 0.369834614257088 0.0352770154916516 0.0280308932794074
0.0305298770157133 0.385918697658939 0.0421271093693103 0.0303835882743097
-0.128412747795907 0.324220283970646 0.0325072196083163 0.101509631602084
-0.303711350691269 0.252220051892961 -0.0241992873269353 0.142607763341042
-0.485783450408859 -0.0560662532864581 -0.164404292738433 0.0808200788994624
-0.362166870995812 -0.381517791614868 -0.164317338453273 -0.0838943778371043
0.00192682146208733 -0.499254350119355 -0.0183367095536802 -0.209358246073796
0.291389937313039 -0.493928787123099 0.0849057444983356 -0.166993818733396
0.19149784781433 -0.545354097593249 -0.295958173586154 0.153713797582354
-0.101480562572928 -0.516705057584009 -0.0984797970376109 0.231029183084947
-0.389349894198145 -0.332847216932015 0.103819325893658 0.126480535942541
-0.445252643699938 0.00727812822394177 0.0619450510154868 0.0328776662393247
-0.268033824229699 0.265148285838839 0.00926765308353503 0.0145543665258241
-0.0895221199253036 0.291694427467081 -0.0286050125540256 0.0895803327459418
-0.0150177780371929 0.330375479466617 0.0352662250611104 0.143972186556323
0.0355936100371488 0.327733064610923 0.0665598409615351 0.158284213624607
0.00675914640570841 0.333777303389397 0.0527261100679393 0.160883323860587
-0.130403779866801 0.26818150421967 0.00486415103050587 0.204394756891359
-0.26366564966485 0.194794555349877 -0.0776350421443759 0.194952330562034
-0.40083723334667 -0.0674397101022738 -0.18364411893115 0.103104519813558
-0.300045298109723 -0.330369960162858 -0.151360013038446 -0.0516902866867118
0.0033358867601269 -0.432950493673239 -0.0218393773977198 -0.101415446263921
0.25927470599475 -0.462513989972319 -0.00805577855564364 -0.0140542757590529
0.11212580427464 -0.458560803435474 -0.346668184705795 0.30139493781396
-0.125445871669884 -0.402068904906253 -0.0816279231423347 0.341806299286316
-0.313803700254921 -0.229292312308477 0.110256886373372 0.138815588901577
-0.321524987827742 0.0254778875669182 0.0324256990589684 0.0381213242901695
-0.189708826116952 0.194224165529239 -0.0505522796365444 0.0603625181892635
-0.0741143967152627 0.207546607233456 -0.0694006338234165 0.179192596748911
-0.0323456559610601 0.237773902521783 0.0315420289209413 0.25710422374862
0.00697271308233151 0.234930920366132 0.0873339012533851 0.265660306179572
-0.0184916805497766 0.231228478559187 0.0546508472915834 0.265335069358598
-0.112306570444998 0.171818342998638 -0.0247596326716099 0.271329671989749
-0.183674379772667 0.105803959070256 -0.122611084301977 0.212252094223852
-0.250292064212869 -0.0682883135505648 -0.181232423749831 0.0986779701464398
-0.184489810872937 -0.224687824632987 -0.122317852617062 -0.0307595287999485
0.00657498904010618 -0.293994256060566 -0.0166723188849506 -0.00403114806792695
0.183627490987987 -0.358180330857059 -0.0811341515849979 0.12642444283954
0.0181166369559429 -0.299106399824024 -0.364888290504899 0.410767083859901
-0.124599897784838 -0.222593974460767 -0.0629693775843009 0.41709575208202
-0.184749178003329 -0.0898582190327318 0.109972515743115 0.14334964783609
-0.14589656386011 0.0378483172552421 0.0133540229331239 0.0365001531184081
-0.08030661223714 0.0893336987719807 -0.0950672030956533 0.0864548687401371
-0.0463578577799744 0.0873883229979734 -0.101105590258484 0.23455941907809
-0.0428683586285982 0.105186564431502 0.0197307766354438 0.329903488177978
-0.0225380662279748 0.105735567388834 0.093847346708502 0.333301542509801
-0.0391339932099268 0.0962936313992241 0.0475542505476034 0.32816371580284
-0.076958160230754 0.0569738296949147 -0.0512808242618427 0.293983784369113
-0.0823337564321969 0.0142942972699677 -0.150759059889189 0.196524064530694
-0.0828499131042842 -0.0517081142279829 -0.159689946800519 0.0766326152119618
-0.0622373792465845 -0.091224155865584 -0.0872608082834491 -0.020552436310229
-0.00306521690346071 -0.125687853732316 -0.00873325620871182 0.0674949542834599
0.0798150243408848 -0.209162285942936 -0.12247906768134 0.232873732637386
0.0887505604152785 0.0295779069384574 0.0985721475461562 -0.341048017056427
0.0485174306595391 -0.0555252609102153 -0.0296539464054061 -0.174321233905726
-0.0343497844611919 -0.0586500788268442 0.039719833793352 0.0197108891507019
-0.0799820169355688 0.00566738807701465 0.134715308117086 -0.0265976251351532
-0.0228894827658007 0.0712985122860773 0.166148254589999 -0.157882333329413
0.0355278830847305 0.0554328128907973 0.0951365255844272 -0.281356997149461
0.0533552856627669 0.0388383145371056 -0.028877546804869 -0.338422588060435
0.046691903343177 0.0300908588447551 -0.0946421952617792 -0.332435677764482
0.0436667647825298 0.0339902252943628 -0.0311270274709489 -0.332155156105433
0.019873108095614 0.0362401599020332 0.061928064345458 -0.255269025265891
-0.021977651486475 0.0304825796509473 0.104309319421721 -0.109881117132671
-0.0415142406913328 -0.0189560613707071 -0.00410740593780185 -0.0552091578251503
0.0277059034490108 -0.0428898415395872 -0.0833479516069344 -0.134004350136787
0.0533788806416693 0.0188326808032088 0.0333615967016183 -0.339592930558674
0.030292606275239 0.0817668084691352 0.352213267463312 -0.413622630122042
0.172179435291274 -0.15450665887966 0.0465787757902573 -0.322099850924604
0.0547174058987915 -0.216323297258662 -0.0574007597955621 -0.160158020089085
-0.12557522614853 -0.185687445202055 0.0298230644226236 0.0332682955008176
-0.214922853475138 -0.0263908670929182 0.118638453012759 -0.00387866298011739
-0.124313920313914 0.139972340313023 0.166839090470371 -0.133058516843024
-0.00583556772388421 0.157332022008939 0.0972615775906963 -0.249517024041128
0.0503010976742784 0.169487519765526 -0.00980383095295911 -0.304429311357292
0.0686553136817483 0.16770218129653 -0.0746926111465255 -0.297062268120844
0.0568796919925633 0.18040771915196 -0.0178398478603355 -0.299107846440158
-0.0252697838946441 0.160738865202161 0.0681076573440214 -0.210409612630328
-0.128241338200217 0.128789620807275 0.0969572186811515 -0.0704961852431939
-0.218020369454747 -0.0279258596350331 -0.0375587458962229 -0.0332594125625873
-0.118070559366917 -0.173512948508529 -0.10588653108766 -0.143283996190174
0.0399514203524698 -0.173303403811445 0.0245186612100053 -0.368268189705083
0.130356712265406 -0.120509965041142 0.323386711296979 -0.438125058790773
0.229304534034308 -0.32395298381668 -0.0336946971574668 -0.256125257799274
0.0404340564825623 -0.360544349781315 -0.0832559591116185 -0.108577193715829
-0.217868715951585 -0.288254991965889 0.0360887800439984 0.0496870021180728
-0.334032207952941 -0.0449918852619697 0.107064038375511 0.00902460499064429
-0.209028171062916 0.202513713853914 0.149976030774748 -0.109471155033341
-0.0428347631536129 0.2414794785467 0.081862242256543 -0.193254053652187
0.0408845775876655 0.275852984168711 0.00692777108404092 -0.22812301398051
0.0807920563446023 0.27902099884293 -0.0428140534662312 -0.215491436940988
0.0614151587620353 0.297925584294713 0.000333056196257661 -0.217580904865344
-0.0677689912435484 0.261450009357104 0.0643177855332806 -0.126688178851589
-0.219005159982961 0.20930400174211 0.0698509976186238 -0.00916605473795432
-0.368882890861875 -0.0344212573711603 -0.0806519722973875 0.00201718967083444
-0.25057553567428 -0.284267237768195 -0.134297954043357 -0.136882910861216
0.0228359180937822 -0.34497115114598 0.00608063766568609 -0.357825731185582
0.212731986928166 -0.304168636677281 0.26267852993241 -0.399206119328858
0.24879231128708 -0.458260724822109 -0.126659391301745 -0.146741216783304
-0.00203001826379008 -0.475749898179355 -0.100392661237579 -0.0187073323412825
-0.314424278286561 -0.351969449703387 0.0577572013212144 0.0720715421756579
-0.429057420259862 -0.0373367635103384 0.0973288798034863 0.0148126919866039
-0.267169311568327 0.256027192366844 0.115291610619187 -0.081117642364524
-0.0694686644691741 0.300078321082558 0.0519559666939066 -0.113146138392784
0.027389791572169 0.343273594870051 0.0204741531697563 -0.117932802279122
0.0811219576169702 0.346769941598732 -0.0046758180923901 -0.101865559106579
0.0563872961022308 0.366882372167782 0.0213136495366462 -0.102317751669921
-0.101235839247335 0.319070145734201 0.0537313085364065 -0.0171753888159561
-0.277500688280127 0.255541819520505 0.02930008702055 0.0661730856876533
-0.4670033733359 -0.0396110982702733 -0.124277073034721 0.0465055135000376
-0.343027525556638 -0.355137346103559 -0.157712143178608 -0.112888942554035
0.00430688323877382 -0.460302772221682 -0.0140099986904879 -0.299495869053431
0.264403952002489 -0.435013691105552 0.176222686410424 -0.303002069078837
0.230620052825352 -0.535690875090778 -0.21741725420358 -0.00354490147719549
-0.0589093792253692 -0.53198743964036 -0.1029959504177 0.100171319158851
-0.382675652696066 -0.364473695212676 0.0846738086424481 0.0954523234556731
-0.4736088327676 -0.0128972528653141 0.0828257873701052 0.02066812541531
-0.284137672198019 0.282744956456043 0.0646469159469049 -0.039958886898945
-0.0833705387841148 0.319195366834961 0.0128207519659424 -0.014562752380211
0.011203848748844 0.362328900893007 0.0313071505674752 0.0111288409670802
0.0688773860344426 0.362487850738645 0.0350739749227821 0.0270304649307692
0.039559140463218 0.376428272595349 0.0415529892568329 0.0304086842950643
-0.121193655188006 0.321021253529331 0.0358001461788155 0.100567645033058
-0.291949028105955 0.251977256101183 -0.0199084401733125 0.142062467947509
-0.479552792399707 -0.0450202838636212 -0.159129694407306 0.0877501034769244
-0.363457168402163 -0.367228423470869 -0.165275517947891 -0.0780630241919503
-0.00500790359536623 -0.488584059113074 -0.0260352937774035 -0.206329090870279
0.276487126857704 -0.490160921687096 0.0814525141226169 -0.165044780451156
0.177029527954355 -0.537504864283129 -0.291051450717055 0.155130428372719
-0.108362294748969 -0.506129534572396 -0.0908973577863144 0.227096311236793
-0.388468881665018 -0.316889560218843 0.105553942053932 0.116237458773443
-0.436574797192711 0.0148858109774697 0.0582639596911965 0.0281525826016935
-0.254779330974177 0.265302339886541 0.00545620613312094 0.0112416280014463
-0.0822977337860839 0.286989315043104 -0.0285337568618114 0.0905062736650468
-0.0075599111087319 0.325725065677416 0.0371151547108877 0.140802230007426
0.044474060599463 0.321917325378351 0.0694481617310335 0.152646017045928
0.0147329321615208 0.326207543187197 0.0565465462571305 0.15709550175073
-0.124048095799332 0.266800483468781 0.0126765971729077 0.201597411656742
-0.254322360232088 0.195572377821387 -0.0703833797505839 0.195540975418636
-0.396814248968733 -0.0571346370195153 -0.177411293042327 0.109257983154536
-0.301929632733536 -0.316514557537757 -0.152598034784945 -0.0466860402569215
-0.00212494183507992 -0.423162746694033 -0.0276838377142683 -0.0999740176461116
0.244729991438383 -0.459520626514658 -0.00803124885784062 -0.0128671485215797
0.100230033813801 -0.452450091650207 -0.338927333752471 0.30030954416063
-0.129959116700086 -0.392870636882543 -0.0730219655621776 0.334625305730953
-0.313431366009557 -0.216995173065366 0.112025751788186 0.128582236904968
-0.315460562913993 0.0305819026776934 0.0307386083088364 0.0341968506374948
-0.17923981297145 0.193441901256912 -0.0515559949489408 0.0582793415746692
-0.0685626787031631 0.205223204980358 -0.0661831195785682 0.179559571225137
-0.0260854910085811 0.235913966399532 0.0365757913592293 0.25070676053852
0.0133312802544442 0.231631573954961 0.0923652847139842 0.256330408503643
-0.0132981129324204 0.226036122484511 0.0617474564932674 0.259105625081597
-0.108052293828441 0.170988607850681 -0.0149238613222544 0.267536392643645
-0.177294275021694 0.106998482148918 -0.113767693604034 0.213225021036652
-0.248163655547877 -0.0617120617407677 -0.174746348800251 0.104041669625449
-0.185044401169169 -0.215213255607734 -0.124787638295878 -0.0276930502461789
0.00322742940884728 -0.286218929642894 -0.0214690287878079 -0.00434594738424619
0.172821181032467 -0.355994800252718 -0.0768397889379633 0.125803777835104
0.0117135062842686 -0.293978661527114 -0.355042135209406 0.407130404514918
-0.126093147692686 -0.216427826748178 -0.0541446796956885 0.408471749097832
-0.183808110825893 -0.0832233602353058 0.11198710405001 0.13412430065453
-0.141685844379128 0.0391055274303509 0.0130615143433968 0.0328199680235545
-0.0744175102217202 0.0887996807695245 -0.094331919233127 0.0846493304755289
-0.0433438261153958 0.0864831867063933 -0.095770641665662 0.234616812104528
-0.0401190777488214 0.105521163137435 0.0274706717058693 0.321333387560761
-0.019572693013224 0.104754465613743 0.101146604656268 0.321934285803124
-0.0379089050313956 0.0949911362389601 0.0570556571664015 0.320200973570284
-0.0754943453403704 0.0574912812452815 -0.0401205011033613 0.289388150792119
-0.0799136278026267 0.0141940003658516 -0.141676774510786 0.197772694866228
-0.0822964939807655 -0.0492455473509597 -0.154334300608005 0.0803180671166558
-0.0620139265458523 -0.0867182710731442 -0.0900874105464771 -0.01769764805733
-0.00366662462204169 -0.121431933515091 -0.0115487305793428 0.0659061916434263
0.0730429902735225 -0.207921176337886 -0.116392086702146 0.23029407468275
0.0884296505856096 0.0268204177679082 0.0944753228530129 -0.340052146795702
0.0468991908310561 -0.0570244545917873 -0.0301238666503514 -0.172154395117229
-0.0363616168243292 -0.0599661311636258 0.0408717601891162 0.0181610327442535
-0.0815696332659486 0.00807836298428509 0.131079112414967 -0.0314267055321542
-0.0217606590878475 0.0723449277848284 0.158827645418154 -0.162362481766246
0.0361530399064274 0.0548253328160113 0.0862589038880588 -0.284174064809928
0.0536464854372992 0.0383599754280691 -0.0372938068282331 -0.334505609865487
0.0473824277968528 0.029388160673291 -0.102239521245164 -0.326402295378726
0.0449584780528031 0.0325635943985677 -0.0409316852836313 -0.32931775387391
0.0207130352426695 0.0355236341698045 0.0554065675447242 -0.254726774526216
-0.0215258754528905 0.0310260623760405 0.102949626859744 -0.110903002717068
-0.0416914653955376 -0.0180230400322071 -0.00557128502178353 -0.0507342221964304
0.0259263988630906 -0.0448850571993062 -0.0848480593893251 -0.128585202164794
0.0532503474280849 0.0181720293570989 0.0290276927072784 -0.338708896246832
0.0320887174178315 0.0818328694911202 0.345167508436414 -0.417660368327359
0.168421697569191 -0.157192840538422 0.0414380068673451 -0.319725709920901
0.0510141017763164 -0.217036927010479 -0.0569360631103558 -0.157797060294334
-0.129530127683136 -0.18374011557471 0.0308841580114235 0.029819690542915
-0.216125511393495 -0.0224275213473981 0.114480196173003 -0.00775009678323131
-0.120695506100695 0.14248320507621 0.159891471257296 -0.137511565393355
-0.00309861251690004 0.156930800552322 0.0890723674687837 -0.251025676449425
0.0531236528704348 0.16874172439892 -0.0170362487586287 -0.300640956055479
0.0737148194098314 0.165909701689182 -0.0804940831620963 -0.29029442917061
0.0623827332128615 0.178080348666249 -0.0260383438440538 -0.296335380612378
-0.0220968803258021 0.161518593167642 0.0629357300793713 -0.209913558983798
-0.125111399184089 0.131166195795356 0.095557059313169 -0.0708468330448278
-0.218635247769219 -0.0227063799609942 -0.0387505970031208 -0.0280309126566935
-0.122150564582564 -0.171760287597235 -0.108470905482889 -0.139390297876774
0.0376451880215194 -0.172929522448417 0.0183968711126746 -0.368302388390428
0.128609629883354 -0.122021706149261 0.317512755875905 -0.441272236140048
0.223527353480106 -0.324733428110649 -0.0378664899716902 -0.25290798355798
0.034694141732726 -0.360278022654364 -0.0825203039909967 -0.106252899161036
-0.223535618400196 -0.283981314633422 0.0366120919194792 0.0452718218691814
-0.334433016734906 -0.0401905118269615 0.102214659512623 0.00567506259114571
-0.203821119601045 0.206063019956532 0.143702808880243 -0.113645824852521
-0.0388126128788729 0.241380512851698 0.0746813095852096 -0.193339041587096
0.0472960139250422 0.2753079478188 0.000947073537665144 -0.225371187869274
0.0884420415846026 0.276555307098121 -0.0471706889991152 -0.210068725895549
0.0691408289233363 0.294884274999636 -0.00631937484512917 -0.214758189824351
-0.0632267934361424 0.262830022862736 0.062416590111028 -0.126125402596703
-0.21330253342739 0.213291935030926 0.0701389621304592 -0.00918044744014295
-0.370421440223617 -0.0267877016317957 -0.0815340347459949 0.00779479104752099
-0.25642968722628 -0.278460362288934 -0.136838051900256 -0.132294735683208
0.0174542547373643 -0.343413738802579 -3.64880440616503E-05 -0.35692362069449
0.207176729366059 -0.307023693980856 0.255975477927069 -0.401742775954387
0.240941511910707 -0.458692416909549 -0.130056448255435 -0.143014036771359
-0.00967531945017071 -0.473999154539778 -0.0984639806156973 -0.0172420405982932
-0.318623094181436 -0.344000363932523 0.057898520866605 0.0648072647384499
-0.428749416298178 -0.0315036815213664 0.0925908131041582 0.0114578909089607
-0.258457052652584 0.259756216926418 0.108769887186278 -0.0847884220464073
-0.0647152112599938 0.300169206521177 0.0466004407652385 -0.112504935410077
0.0351419753471003 0.343464121169837 0.017582317808256 -0.115894069830298
0.0905230447255151 0.34496995319708 -0.0066183136140325 -0.0986449935383496
0.0647219119482183 0.364139019734745 0.0178852184907512 -0.100098934445427
-0.0961936330410505 0.320441881645353 0.0536475722992375 -0.0164457418144798
-0.272161546519795 0.260552148768909 0.0312503383693932 0.0675360569275778
-0.468824831645425 -0.0288406916406856 -0.12285393810019 0.0535080795264614
-0.349944802098864 -0.347764558189636 -0.16090559422156 -0.108175709031778
-0.00129881956854765 -0.457992519177318 -0.0208232718488799 -0.299573012649745
0.256574289525412 -0.438229971153054 0.171965501398498 -0.304398114788263
0.219179686677501 -0.536846452904898 -0.218889517811823 0.000815511245725915
-0.0671877950683624 -0.529840221441132 -0.0993236978087531 0.100607347408054
-0.389123656633278 -0.353783990901319 0.0855941270402685 0.0872005206120072
-0.471950488549921 -0.00472154245883424 0.0779884336017329 0.017211363833337
-0.276773039360432 0.286843394394745 0.0597465042705578 -0.0431018673691235
-0.0779902073086146 0.318908776442806 0.0102226460943825 -0.0121665087635833
0.0184607195378008 0.36205379840724 0.0306677640658342 0.0115376161051149
0.0786605066646581 0.360114494692048 0.0351468910329991 0.0274674251111896
0.0481943234683627 0.374253462827697 0.0418790942627272 0.0306172753085886
-0.11569638501758 0.323812596414366 0.0399617306920963 0.100403700990611
-0.284372759591961 0.256296104166906 -0.0155683894749303 0.143488598944978
-0.480851191880541 -0.0358081459148279 -0.156661534869506 0.095454903478489
-0.36992641301326 -0.358608598139749 -0.168947013203481 -0.0732929067884947
-0.0109622749663672 -0.48551433367481 -0.0324613686802299 -0.205752655041657
0.264579980702899 -0.492746942452752 0.078903588455352 -0.165030510041901
0.167300833232756 -0.536079114663308 -0.291326639814476 0.15908316775178
-0.115710568893782 -0.502554305513868 -0.0853231432055323 0.226259393456169
-0.39302699108522 -0.304896732334948 0.107171979082436 0.107169176019694
-0.434248269508852 0.0215485777324736 0.0551749074865406 0.0241565610773084
-0.245786443721564 0.269335023535738 0.00177386262353339 0.00903753354133902
-0.0776291603780381 0.2873380384536 -0.0286415833673213 0.0939674387787931
-0.000596507931542669 0.327337008437839 0.0396640140520246 0.1398342979309
0.0538615133142609 0.320300808168797 0.0721859245993453 0.149760057122003
0.0224526100449771 0.324593857226586 0.0605759127485968 0.155381146799088
-0.119415290615223 0.268669502119099 0.0194642987413401 0.20123500009065
-0.248633333983671 0.19866401583112 -0.0646238689807023 0.198418386501292
-0.399600332031313 -0.0484585476693632 -0.173564575794604 0.116289501738612
-0.306980752026569 -0.308072567107669 -0.156639426307544 -0.0419318222973522
-0.00724631942191992 -0.421458642288105 -0.0339078568459125 -0.09924565180548
0.233886785787007 -0.462443732892757 -0.00761657816291256 -0.0124385588218832
0.091672987468041 -0.452117579363391 -0.336402548678133 0.305234883815144
-0.13587291029305 -0.389295354959722 -0.0665598566581585 0.33327034172224
-0.316390051640942 -0.207966186350638 0.114747801390468 0.121001153963924
-0.313131297282718 0.0354753966386389 0.0293557325215076 0.0305416232914118
-0.171720794214119 0.195710799817172 -0.0531900103801197 0.0569320526306048
-0.0644389252020886 0.205454756954838 -0.0638651223346824 0.183511179289156
-0.0205925174577455 0.236767285177495 0.0407798397314113 0.248329376698255
0.0199574473393555 0.231063903154351 0.0978075057779979 0.25136367579362
-0.00861377962606326 0.225551226445442 0.0697544479257708 0.256573917793022
-0.105754776996886 0.172012334086991 -0.00612928895982766 0.26639050083199
-0.174052108325943 0.108116019011022 -0.107519608786128 0.217063041473274
-0.24966356199889 -0.0563024744759695 -0.170481937524016 0.110025647645978
-0.187750976878797 -0.209678793048258 -0.128816156618681 -0.0234112760323419
0.000840549842841706 -0.284215052597628 -0.0259292056817005 -0.00457820183323407
0.163899724078622 -0.35852338230483 -0.0742399153445802 0.12662497760003
0.00700205655835526 -0.292790989429263 -0.351558534656406 0.410034291610381
-0.130098959704661 -0.213092201689225 -0.0460748744307959 0.405991589480739
-0.184502012478898 -0.0773274105688901 0.115548551043463 0.128513991193819
-0.139239171797948 0.0409215623082141 0.0136400865695518 0.0291234971127682
-0.0695017037324351 0.0890070306335104 -0.0943915536485603 0.0847656785225378
-0.0418657502795852 0.0862904882249232 -0.0925872387192517 0.239431102463022
-0.0373328281726168 0.106550688320663 0.0341295178269953 0.318555538679391
-0.0170983924411465 0.105184685680755 0.107833154147662 0.31522771734488
-0.0370290091040152 0.0954032062142478 0.0669561214712074 0.315882628832754
-0.0754409596584439 0.058173777701483 -0.0305896486835313 0.288823215056725
-0.0791471738574962 0.0138332708880843 -0.134316205711063 0.202290237777481
-0.0825442500668093 -0.0472217115783579 -0.149927042589035 0.0850582378826403
-0.0625415112609869 -0.0831561693383302 -0.0936058165021459 -0.0136251764811788
-0.00443683315104775 -0.120205403557227 -0.0144148703857981 0.0660906500917083
0.0667858012836152 -0.20890436646558 -0.111082316680213 0.231328966370991
0.089297588805099 0.0237369485293013 0.0851820755877655 -0.342213639504017
0.0441459311100183 -0.0597999236913 -0.0326884863524433 -0.170302071594661
-0.0402969452651519 -0.0608203485977804 0.043480407630906 0.014471895504673
-0.0840443355458743 0.0116262795739801 0.128007743460824 -0.0372543630362433
-0.0203091819517161 0.0746368563063825 0.150080124577074 -0.168742714551295
0.0378958562444196 0.0539901352074984 0.0727187997190792 -0.288436042926004
0.055319785163768 0.0377294328124633 -0.0507047709694545 -0.332247857459653
0.0491595055408879 0.0280499626938889 -0.113228499922874 -0.319855057925331
0.0474242327818764 0.0306577876086134 -0.0554916635869052 -0.32734787380225
0.0224361333596482 0.0351602227429733 0.0451544832853973 -0.256264921424298
-0.021078639827967 0.032144281893448 0.100790602405779 -0.113105414658677
-0.0432245895125157 -0.0161278713161983 -0.0074740540515352 -0.0459771556336423
0.023242279112587 -0.0474083621698341 -0.0891888991940104 -0.12304294968457
0.0542402202419022 0.017706831748162 0.018077187037662 -0.341607106276447
0.0359328212328909 0.0819540407248158 0.335216024886919 -0.430871956682087
0.16328330794218 -0.162194904376475 0.0323834282942701 -0.320657158243136
0.0431451794079199 -0.220045610484106 -0.0600120575027355 -0.154844551655837
-0.136980186604814 -0.180548303857651 0.032343655307398 0.0255900097465239
-0.219655542844466 -0.0150854484776026 0.110779204187402 -0.012751061749302
-0.115955207636068 0.148628429434648 0.151450890139151 -0.144039068525717
0.00153065108338486 0.157164392679777 0.0772409851826051 -0.254314380739449
0.060334636563565 0.168478426854696 -0.0295948635590333 -0.298416011625635
0.081578837434738 0.164042959286573 -0.091505324097627 -0.28474732270181
0.070291852323634 0.175296921797281 -0.0395433842020762 -0.293475959286487
-0.016609375004639 0.163376451387519 0.0549779977208765 -0.210857316108285
-0.120629497725849 0.135711980501471 0.0944384716747807 -0.0732294155708163
-0.220881063776934 -0.0145005898076971 -0.0403488611262941 -0.0222572444195175
-0.130158849781008 -0.168099457738581 -0.113792765598385 -0.133406376792164
0.0331537621406142 -0.173749777863832 0.00576211980130144 -0.370341567233712
0.124211726304696 -0.126107221796598 0.304386132742069 -0.452313362171547
0.212392000567467 -0.33102859127009 -0.0461703606730268 -0.250684297785979
0.0231484088400384 -0.363200506173262 -0.0833129735943475 -0.103396119151513
-0.232161528786767 -0.276304377869432 0.0369321051155552 0.0393329595822527
-0.337860566724763 -0.0288584414074189 0.0982401248358483 0.000973260176031885
-0.196026551889148 0.213437618914101 0.135009865125587 -0.119654231252683
-0.0313678996063017 0.243440404791118 0.0652025614463211 -0.195114826624313
0.0580675575138648 0.276257960073061 -0.00771696589236099 -0.223815197039512
0.101667774770375 0.274050167959652 -0.0550308648716731 -0.205435663669504
0.0820142084060663 0.291663647359126 -0.0155660006541056 -0.212555083933016
-0.0554949419482651 0.266878105791286 0.0578450626658006 -0.126629832469607
-0.206444415384588 0.220594700259517 0.0712099256174028 -0.00944273652406201
-0.374220893982128 -0.0127804661754609 -0.0805702128447741 0.0162527642022695
-0.268042320290001 -0.270603276239199 -0.143253214958365 -0.127429024758678
0.0082650560720843 -0.344637124816978 -0.0140187550905873 -0.35745800468406
0.197123917027335 -0.314239700699274 0.244750688941307 -0.411211731501672
0.225467664512702 -0.465634888391786 -0.135537039664919 -0.137891727383721
-0.0229984763135202 -0.474326694705554 -0.0967815826139127 -0.0149137160384107
-0.33127080726336 -0.332793228624817 0.0587442930629581 0.0575626796671797
-0.432462731233553 -0.0177425109787387 0.0886953550101655 0.00731550135668635
-0.248931619165437 0.269037787963189 0.101368674869917 -0.0896315399563236
-0.0555641324516081 0.301925602102419 0.0402008462058523 -0.111845785432284
0.0484303248736841 0.344422719224469 0.0120572614636203 -0.114779113337854
0.106406231782473 0.342055066976109 -0.00985977094810926 -0.0963182808729192
0.079788227233266 0.360716745275702 0.0131662082190466 -0.0990129980216932
-0.0869925062199795 0.326438544279458 0.054679552571213 -0.0167808677932903
-0.263121111566189 0.2695628466106 0.0356838042873824 0.0687187771357454
-0.473233815596119 -0.0111531706874604 -0.121234525856595 0.0625863571073812
-0.364341132530081 -0.335177494208737 -0.166487295707682 -0.101309756567925
-0.0142560262713641 -0.460122562830764 -0.0329794109086508 -0.299227688070825
0.241784350374974 -0.448878190203807 0.164136443760402 -0.310562959622513
0.202128611487635 -0.542175046053756 -0.221232120736899 0.00871735766928352
-0.084170881440089 -0.528744606858482 -0.0944486070476347 0.103469836917063
-0.399845558500064 -0.339413462453839 0.0867321336356212 0.0788844606783921
-0.474978192629501 0.00952146805225735 0.0744265929707703 0.013033385790871
-0.264263468095211 0.296146470367006 0.0531687813890025 -0.0470643932132095
-0.0684181972254757 0.321823383069328 0.00751056429486787 -0.00945156367791824
0.0332679946786547 0.364365800489069 0.029638109969328 0.0114058418663278
0.0947083258997742 0.357790998098047 0.0366397900755181 0.0272858030209849
0.0636475927038409 0.372855786222204 0.0428106276724072 0.0300314355100852
-0.105900897726062 0.329492823204148 0.045486742514266 0.100543970662304
-0.276728683739708 0.266415522829466 -0.00840044364875835 0.147202918542131
-0.485825357892281 -0.0161056862753847 -0.152722622143751 0.104792742671658
-0.384407246392471 -0.345301398294117 -0.175168363079298 -0.0660579096623201
-0.0246002744336501 -0.487882812055015 -0.0433873804415664 -0.20444523211005
0.248821098862474 -0.503757771809335 0.074819554900016 -0.168709824191114
0.148926282487117 -0.542143653634674 -0.289299467415366 0.170123907466382
-0.132644160746834 -0.500430358163992 -0.0775452865220528 0.228101639968072
-0.403858865237598 -0.292151165973199 0.108107354462661 0.0983492165798325
-0.435085022442471 0.0345436208901982 0.0523041743468112 0.0204070779576211
-0.233651371685268 0.276808761584256 -0.00213208755903039 0.00707842388953609
-0.0681793910166215 0.290381785891448 -0.0268233702482088 0.0984012588335203
0.0124671459793337 0.328545601804227 0.0433434725333023 0.139374067078968
0.0688557814952977 0.319398958582267 0.0777823913527682 0.147372388594848
0.0346173137558103 0.323832780098606 0.0671628849004669 0.154250099550094
-0.112016269031028 0.274840815820572 0.0294029172152004 0.201636741405287
-0.242498764411132 0.206342039767175 -0.0550144017361241 0.203277862798189
-0.403055795397903 -0.033109379616276 -0.168592249327663 0.126263635569611
-0.31867537411798 -0.29747204417313 -0.1626449553292 -0.034851494841465
-0.0184249035411996 -0.421393081126484 -0.0414162655145211 -0.0979576095361572
0.217128152075239 -0.472247947823477 -0.00726994975948421 -0.0128376592114099
0.0775648515683044 -0.454935133372242 -0.331356122964069 0.31681809616345
-0.149358032194348 -0.38478515576495 -0.0550535873995644 0.334629037522845
-0.323776987840053 -0.195349484537353 0.118211660896829 0.112321170085295
-0.312426558442586 0.0445693466497592 0.0279854348055782 0.0264813725809252
-0.16283472365971 0.200063605073128 -0.0550291130203612 0.0576077513905792
-0.0578842989735502 0.207327308541672 -0.0583561541604166 0.190179171833531
-0.0113097146157419 0.239670357898008 0.0492786150931506 0.247203518133489
0.0296278725063993 0.230529271302728 0.10677976662226 0.247433251047729
-0.000724114282613018 0.225884042806792 0.0813246736059381 0.253412502570323
-0.101589161919654 0.176937742020246 0.00748305162140589 0.268035186357927
-0.170334343936533 0.112229526396932 -0.0964241251345995 0.223530588187623
-0.252876036220008 -0.0471689259914482 -0.165620502072227 0.119430851843037
-0.195525588914772 -0.201238917643744 -0.133512547484282 -0.0163284296114969
-0.00625454541723551 -0.28568446176329 -0.0306607363303897 -0.00238360320660385
0.150292646039166 -0.365990981816269 -0.0701076787168429 0.128196932018156
-0.00270050911594805 -0.293566939792943 -0.342263023188414 0.422213147559331
-0.137110428152406 -0.209296973401113 -0.0330322249586934 0.407453811900542
-0.187570746426583 -0.0690570024567092 0.119813325019938 0.121144993774266
-0.137802932066505 0.044414050430798 0.0142190525194067 0.025359399555616
-0.0641795039975725 0.0896354554965635 -0.094849497840884 0.0860935534539773
-0.0391516305629134 0.0876852939801802 -0.0849356290293252 0.247322355730593
-0.0333311338139779 0.108883648757077 0.0451854435693504 0.318164983968361
-0.0126792035120007 0.106281898281546 0.119466086527564 0.309459452766003
-0.0347979561643086 0.0969848179703995 0.0821027136150218 0.311569307667508
-0.0745386155932143 0.0611406350014444 -0.0162841912691825 0.288936321670356
-0.0788314491827652 0.014960311577961 -0.123831935145214 0.208831055814378
-0.0843271262115627 -0.0445328008838757 -0.145159542540329 0.0925682300547733
-0.063956312966883 -0.0795514112555901 -0.0982149381512922 -0.00812740096703579
-0.00740475527403123 -0.119936552391252 -0.0162815546954209 0.0679620903287906
0.0586493209151618 -0.212248254958623 -0.103186992154945 0.234288734966739
0.0891413479289437 0.0188353553290331 0.0700112768025356 -0.340671716470685
0.0396374933639804 -0.0626191037638456 -0.0372351082422934 -0.166566984954618
-0.045459217651799 -0.0602390436858559 0.0446369542787728 0.00981118631808361
-0.0840740367447085 0.0170236307871512 0.121794076637383 -0.0451785178408364
-0.0171850849833871 0.0765047652817894 0.135282933919415 -0.174898950663389
0.0399444657711508 0.0519655760691608 0.053140064684457 -0.288861259587401
0.0572043428622438 0.0352071860294517 -0.0673873035020962 -0.325484387904434
0.0505573996643424 0.0261463671111551 -0.127728110550935 -0.3079113601723
0.0493602070153298 0.027178963121557 -0.0729618492913994 -0.318668465527889
0.0243477931138756 0.0339426580543868 0.0310452088574956 -0.255506507693593
-0.0195766112971946 0.0338352693304542 0.095430879082161 -0.115914459867837
-0.044156887468023 -0.0138621057410662 -0.00946084098876435 -0.0411602891653462
0.0193698049745507 -0.0491002457573023 -0.0938283866911993 -0.115449903702918
0.0558938339002041 0.016072279725765 0.00257914709611715 -0.339461737940962
0.040648740476444 0.0799638914790113 0.313798378094085 -0.440689543373537
0.153506711620845 -0.167812531917185 0.0178911669816199 -0.316480917250992
0.032208303318213 -0.220369389047685 -0.0635463329012868 -0.150510125250256
-0.145854377440139 -0.173348086878497 0.0327867660133217 0.0208319462160599
-0.219568303630312 -0.0042759262191133 0.104929488497641 -0.0185739691748112
-0.107298631153409 0.153878460554791 0.137829416496563 -0.150059115490494
0.00839597600228809 0.156593293272775 0.0605307423536238 -0.254846086991137
0.0692955150403123 0.165556742877547 -0.0449505099400675 -0.29191636478774
0.0909968788041548 0.15846714004483 -0.103082796681544 -0.274554534108091
0.0799395925188836 0.169590183406424 -0.0554423666689407 -0.286026033476635
-0.00822961035259338 0.163371033696393 0.0433198099015149 -0.210275271717637
-0.113668031426381 0.14079430578461 0.0919158939639736 -0.0750667508763985
-0.221191943687016 -0.00207000049267815 -0.040823781557768 -0.0154437942066181
-0.138334447465055 -0.160303626314977 -0.119702816133618 -0.125635370979747
0.0259479901999832 -0.173020729187458 -0.0123694178024272 -0.367290136073856
0.117463398821526 -0.130601846039077 0.281126031248031 -0.461523731333968
0.194531565645312 -0.33674260213064 -0.0561161586729674 -0.243744950617932
0.00603641798654778 -0.360136220756617 -0.0844588655390634 -0.0991896774998112
-0.244109527359214 -0.262168558795878 0.0372933788001864 0.0331435794147004
-0.337811966111343 -0.0139227831084874 0.0922477599521184 -0.00394861061981972
-0.183246535785245 0.220872436524825 0.123472381386391 -0.125316037865653
-0.0208510689321989 0.24205716721732 0.0517982646930098 -0.194516327131027
0.0728333974701464 0.271955789986826 -0.0208608695089106 -0.21871347987064
0.116559562628451 0.266337746658619 -0.0631501523605826 -0.197871527601789
0.0981240177637143 0.283544746457988 -0.027562831054797 -0.20711628017176
-0.0418904488483218 0.267602406703558 0.0515388708031788 -0.126590444789317
-0.193966886490432 0.228540502408919 0.0718511525821124 -0.011370871184462
-0.373215326262747 0.008070660030107 -0.0789459391756329 0.0241864775488075
-0.28002658916618 -0.254283268354361 -0.149437701552612 -0.117257121902057
-0.00729041697448893 -0.341230404625781 -0.0316492891998458 -0.353704694605457
0.180320527235095 -0.320397732870107 0.224860244782811 -0.418456369396447
0.201680031267961 -0.468633335818751 -0.14108405588373 -0.128065366781533
-0.0456143566633923 -0.468975046999681 -0.0941052370630476 -0.0101825348670507
-0.343773447912185 -0.312731150511781 0.0586059371777501 0.0496738878351465
-0.431741893297982 -0.000360819036706151 0.0827584605033178 0.00359397018954502
-0.23208081467199 0.276988318988588 0.0909001224664511 -0.0944364557815432
-0.0414403038214198 0.302108909952942 0.03184472974299 -0.109672676808053
0.0679753966575853 0.340997053475744 0.00494319472771156 -0.112858515346694
0.126011084993289 0.332778247496769 -0.014129327721026 -0.0926373320314264
0.0986939306943284 0.351732484422202 0.00748981566441703 -0.0962662802472897
-0.0703022973048629 0.329644228718638 0.0546966122662056 -0.0174064200852379
-0.247147507363483 0.280105631639986 0.0404847292538715 0.0687136227015666
-0.471681471715215 0.014759939334324 -0.116156836618767 0.0725554669765128
-0.378106195398573 -0.313614724093508 -0.172520262573854 -0.0905126443051544
-0.0334438829694341 -0.45458053448004 -0.0486447101578307 -0.294600440020364
0.217251644717805 -0.455113295228161 0.149155627878883 -0.315034618940138
0.174443757067741 -0.543191132454036 -0.220384117816527 0.0205951933704141
-0.106701760778351 -0.519293131615377 -0.0866890779021652 0.105661605769781
-0.411679093189861 -0.315728648018416 0.0864014709706328 0.0681994961273348
-0.472358285786481 0.0288175736071117 0.0697829524153478 0.00895122311864929
-0.244908949361015 0.304586949237173 0.0450692792683255 -0.0502000710051982
-0.0529121802497803 0.3219853359782 0.00590712442516049 -0.00628508250865221
0.0535042753554919 0.361416503302959 0.0290724001982833 0.0116811382447193
0.115127916298641 0.349138260762293 0.0382138144965804 0.0270411208381001
0.0846778495427353 0.363301711611998 0.0445565103650302 0.0288794519655022
-0.0902152694076817 0.333795795692153 0.0522097485533022 0.0986041309539046
-0.261727699037602 0.276443950958819 0.00224659195185498 0.148013113002136
-0.484485658805451 0.00844128804899591 -0.145298969522717 0.115855320360942
-0.398162694402111 -0.3219484393233 -0.180100029523659 -0.0541428610115098
-0.0440791863328736 -0.482334298292518 -0.0553427923485318 -0.199669341427271
0.220881959005081 -0.511936589566525 0.0665613084275626 -0.171384229197707
0.122984151186625 -0.540805656956078 -0.280733254068908 0.182710460924522
-0.152735304958103 -0.487421011300165 -0.0643389574469281 0.228166466647177
-0.412371769264328 -0.26683090190195 0.109395220069048 0.0868453368269042
-0.430257712522421 0.0528328639026282 0.0489880893732659 0.0159298332204186
-0.215153717998575 0.282885910573608 -0.00698790839862013 0.00581407294605637
-0.0543772208095329 0.291932710575946 -0.0218757651768613 0.102581121944284
0.0306555627573093 0.326813957152073 0.049533721444953 0.136495882059912
0.0863217536359951 0.312279086262169 0.0838408625880421 0.142335312603194
0.0518626249190506 0.317647608790355 0.0749780320083283 0.149491815711704
-0.0988036264522121 0.279138038124958 0.0422001652671677 0.198576259773105
-0.229739851104567 0.214280233736687 -0.0413061657416662 0.206266398260534
-0.402027919671059 -0.0112188383557311 -0.159247576667644 0.137292980709407
-0.330128822985055 -0.276238914274385 -0.166305808269957 -0.0233180086191814
-0.0353899086767806 -0.416832258896252 -0.0494261171654864 -0.0935917193849542
0.190178882913535 -0.478683390535388 -0.00751651618972519 -0.0138160651814811
0.0552075012240632 -0.453369164183819 -0.31698389665999 0.328801081629867
-0.164910271402219 -0.374170148424027 -0.038492082512805 0.33350273262248
-0.330268560125939 -0.17549268362034 0.120270581644104 0.101877255010638
-0.308391550829489 0.0573640052675664 0.0268425394141493 0.0230085624890552
-0.147647365861304 0.204462693736425 -0.0556303575405463 0.0578397188370885
-0.0479178316777326 0.208577919739207 -0.0476403424182766 0.195332207909525
0.00227910078166963 0.238978081309786 0.0609285986738658 0.242998830518217
0.0425393559064501 0.227078333435827 0.117348959840096 0.238300433006746
0.0107423966863393 0.223479900811963 0.0947989968448101 0.244856128189611
-0.0929206530545615 0.181121890954281 0.0235011579278427 0.263739022037247
-0.163622958892825 0.118127206206105 -0.0806885575498109 0.227684243301679
-0.253501006405338 -0.0337792053691759 -0.155437029668992 0.129378834525586
-0.20228564840867 -0.188279927014403 -0.137183190239379 -0.00587591318636662
-0.0188413706711526 -0.282455472033834 -0.0341617939222629 0.00114599142751976
0.12899480957402 -0.369273679685481 -0.0632181561408431 0.128871336895884
-0.0163978452611875 -0.290979710294915 -0.323620174684404 0.43457767701122
-0.145369061714381 -0.200062110221893 -0.0139251812198533 0.40448899150869
-0.188422008364106 -0.0571046734349939 0.123887273267956 0.111539113058246
-0.134295337988608 0.049236735675374 0.0143580569500456 0.0211197379370661
-0.056994428988031 0.0896675331003308 -0.0922769595989854 0.0890914092792989
-0.0342009239956256 0.0880927069380429 -0.0703603173635349 0.251918223905098
-0.027417650732301 0.110361960350158 0.0605059434926515 0.312656946523941
-0.0073269316237017 0.106161878579303 0.132873546498188 0.298216302706031
-0.0302227484605758 0.09884171098892 0.0996409215413523 0.301794086923057
-0.07234779815825 0.0645629236698456 0.00223492188073081 0.285988239560556
-0.0774037203244897 0.0162389138357157 -0.10903682155691 0.213970209024487
-0.0853747092843451 -0.0398319474393651 -0.136587209485891 0.101279807863795
-0.0658891312748507 -0.0738821526889641 -0.10066278948455 0.000783762501429434
-0.0118813631189203 -0.118062540372464 -0.0154699656414743 0.0695971146837061
0.0449358088476977 -0.213434951189133 -0.0909828028850179 0.234995863609322
0.0852424951009002 -0.00400389198282914 0.0142599082386273 -0.328793315294353
0.0226879811303278 -0.0688691566949547 -0.0549869303147881 -0.152154032610836
-0.0554473773377208 -0.0514301544019471 0.0483398518703189 -0.00154756657042416
-0.0768252740337873 0.0303685041114089 0.108280668259929 -0.0664534404492187
-0.00235649965108172 0.0728425084064059 0.0970206301413997 -0.188024908787077
0.0424032904702216 0.036831123767981 0.00173412055872596 -0.2806014895796
0.058437517148487 0.0221372108485932 -0.117066682852992 -0.29871086859722
0.0480312567092647 0.0161738823062611 -0.164932448000622 -0.271580929547422
0.0480854082752627 0.0165102256530683 -0.112458774261511 -0.29468030565986
0.0256219724815591 0.0283947295815297 -0.00202843144743716 -0.250024147931751
-0.0151523182368524 0.035038994084169 0.0798491978872414 -0.122647805613898
-0.0459158736953462 -0.00600727648766437 -0.0117466541718516 -0.0344830658048269
0.00979523808422054 -0.0484906868390368 -0.10560259646963 -0.0959100911550205
0.054639542247304 0.0105055163141182 -0.0403498562613323 -0.330714539357392
0.0463795142593222 0.0702764582698308 0.253157189105484 -0.459004021012928
0.115678986862344 -0.190175548031341 -0.0247432680444323 -0.290519655926663
-0.0116047740275986 -0.216635892483754 -0.0709504208876789 -0.129462793925817
-0.169700592394297 -0.141497452815403 0.0451158043721946 0.00749742429147657
-0.210102321236543 0.0334254253820189 0.099707560826935 -0.0432179343570025
-0.0760034558620076 0.159588465942876 0.0996456368584297 -0.169497282872742
0.0288440036970734 0.141992838226068 0.0110993538730587 -0.24959600211976
0.093435215160399 0.14712943980391 -0.0924032366050088 -0.275180531022812
0.106621959036444 0.135916283186071 -0.138739069763682 -0.242097321832184
0.100705086433664 0.148589567341874 -0.0923671035309626 -0.265057524681493
0.0146378562885013 0.158420510573264 0.0157236063219077 -0.209355842790193
-0.0870529161334732 0.151422953254938 0.0809324016113034 -0.0852203875329502
-0.214209346848558 0.0337029979441918 -0.0345215933134056 -0.00563610853236208
-0.157463728394838 -0.130584386247939 -0.129314542875415 -0.0994699964699404
-0.000131248720551629 -0.166401464024921 -0.0616807551542643 -0.354059277376642
0.0925472146552179 -0.142761495613968 0.214855904921548 -0.475220987488096
0.127481007854955 -0.354538707511637 -0.0797444283163877 -0.205359164816949
-0.0582775164113054 -0.3439822142233 -0.0773930496353061 -0.0762631677170921
-0.277552078440196 -0.208951671465499 0.0565648379345737 0.0154646479180107
-0.32543822941641 0.0438462421087628 0.0933978327654464 -0.0318682489829277
-0.13723320666963 0.234886053371257 0.0863530481936692 -0.147491046246178
0.0146477858517267 0.229319346743826 0.0108349657891132 -0.192437172197013
0.11578570204893 0.2509887582357 -0.0589463883811324 -0.212487499105666
0.148006082793221 0.235504227826462 -0.0910453515601511 -0.175411506297065
0.13695726452242 0.256115590786249 -0.0551970537569997 -0.192475893035591
-0.000995291907851766 0.265183863948227 0.0344076590661397 -0.131252571840269
-0.150885500602528 0.246696908212911 0.0710343844124118 -0.0231672961565195
-0.359573635599669 0.0676001407130878 -0.0628202215228495 0.036572927374408
-0.30567076164483 -0.200094022460505 -0.155170740390274 -0.084090657467291
-0.0547258173164489 -0.3235209620834 -0.0842630670551241 -0.336048326570059
0.127945630536477 -0.333592934410941 0.160960122466411 -0.427289506606213
0.111291025931128 -0.479778278419485 -0.139302715646345 -0.0799655476706486
-0.123698676373356 -0.435566328557393 -0.0682322424642891 0.00861313569890755
-0.37858672186085 -0.240029403954414 0.082376082371759 0.0233461888830342
-0.41185124654577 0.0733728692017265 0.0864018256294553 -0.02880294265164
-0.174742729968974 0.295928270208819 0.0579312244865469 -0.117011135672096
0.00358630913182157 0.291170075624842 0.00393632097134484 -0.109889786003394
0.123083870805737 0.319054847021695 -0.0197415922308368 -0.117705298474598
0.167734838344882 0.297438410999723 -0.0305394867845753 -0.0826716490141319
0.150572410979696 0.322210425136937 -0.00704265504288721 -0.0909924313301664
-0.0176432333633381 0.329344200210336 0.0519797894241346 -0.0284532712623658
-0.193911085924971 0.30420888913571 0.0516863378860831 0.0561448534431965
-0.45354453440336 0.0878330354068931 -0.0908894190171989 0.0870555896745231
-0.407253094757212 -0.242829104956905 -0.172831844547523 -0.051974030036391
-0.0955210368546979 -0.42949450110802 -0.0964834487314332 -0.274469536274819
0.145797590638542 -0.469031290428589 0.0943849836921469 -0.318737371627891
0.0747599210897748 -0.543234539516238 -0.191087499191974 0.0732231463191912
-0.188384655463877 -0.471697634129369 -0.0419190472262403 0.11696993036503
-0.443442263107309 -0.231771745357302 0.113699192934041 0.0348969533123421
-0.445887259467206 0.106609956676487 0.0745904711858225 -0.0244933043431546
-0.183295758096472 0.323261030347799 0.0199085981362931 -0.0683519343952764
-0.0036244918372908 0.314609798929951 -0.00535550153655924 -0.00787711432242669
0.11456053737646 0.342640867407633 0.0224337685376078 -0.00384278825581758
0.161750359252858 0.315101248899443 0.0346738159081582 0.0221726007356028
0.13857649548459 0.336338282743331 0.0445409571904077 0.0235546487908784
-0.0354848077309629 0.336279294399959 0.0645194916208667 0.0836244513838855
-0.206690261347525 0.300953145151449 0.0242937744974682 0.136574232619676
-0.465117158746594 0.0861926884545497 -0.111461923113348 0.132176078610396
-0.426017880265893 -0.247247076683672 -0.17471660329865 -0.0150314166836688
-0.110146587070508 -0.455620331674457 -0.0926419750162633 -0.18008891291992
0.141982038332044 -0.524107814953499 0.0303083149193661 -0.171112571382818
0.0244276200873196 -0.529170166990872 -0.224379143135851 0.233204153756603
-0.225094106398475 -0.433302409626989 -0.00360363363418113 0.229174052735193
-0.435343499567914 -0.183473158177719 0.136408987718456 0.0478396218046715
-0.403215074700492 0.122688578485338 0.0547548570246421 -0.0139265857710835
-0.159002227796845 0.299208013231869 -0.0206656105434437 -0.00593386478394712
-0.00823858681176168 0.287285926837322 -0.0138994689486756 0.100019747572006
0.0883710084774574 0.314336356277318 0.0618456948751031 0.112913184974163
0.130111715414623 0.28421718398091 0.0952101332595001 0.124461925157948
0.102099571756799 0.297623257243846 0.0903425302077739 0.133830481352155
-0.0503372938904001 0.285075615578751 0.0684199853917954 0.181130542617358
-0.185745852993593 0.239049216557511 -0.00885653834055465 0.198915317833535
-0.388697438256242 0.053380702963562 -0.124505909094526 0.154334050493525
-0.353904491329802 -0.21425207480883 -0.159680719783726 0.0123532667296149
-0.0910967086482618 -0.396301468063772 -0.0728615569099439 -0.0779572418584082
0.118318432182984 -0.487474734022542 -0.0230679392446963 -0.0115356605365223
-0.0245093574628108 -0.431437085254683 -0.239391318587388 0.372551257558101
-0.21667171325046 -0.319816382151333 0.0324165772746176 0.323100663353535
-0.339726939877647 -0.109553733768432 0.143289675020924 0.0632325766512777
-0.284175934018022 0.107030068893417 0.0319124350998901 -0.000234565993924019
-0.108420991181882 0.216266873259476 -0.0560141740714159 0.0546576389681794
-0.0131750961738864 0.21005643794977 -0.0213650025183265 0.192074020032967
0.0462501494085399 0.234957279796498 0.0911269287110258 0.215431901782516
0.077394865683529 0.210406361378933 0.140996479185197 0.208664940519069
0.0488988650028686 0.214478352733457 0.122610623777787 0.220866578842425
-0.0593046136667985 0.189390737956883 0.0596518864797169 0.247074371082917
-0.136211228736645 0.136443194408087 -0.0440179978525111 0.225508667353763
-0.247237340902431 0.00902167577304076 -0.125445107185199 0.14613748713149
-0.2181659052989 -0.147401383867806 -0.131038903805228 0.0226988380238914
-0.0558969151295924 -0.26837158917101 -0.0426995910933759 0.00990796226320172
0.0741949765426056 -0.372773052961046 -0.0567357667752322 0.130587951964869
-0.0654367700041389 -0.26413934558355 -0.235507007508607 0.464203788889695
-0.166662798909995 -0.156882096468771 0.0578406624230954 0.385142449337879
-0.185191519041306 -0.0211451436483416 0.141160778979931 0.076750088112492
-0.119814431452232 0.0688689757465019 0.0169334842606161 0.00752632148656661
-0.0405979701319541 0.0945037886254233 -0.0816594521570864 0.0954062225683202
-0.0181771620026666 0.0951494446336686 -0.0303817258862986 0.250243638546182
-0.00410450111945225 0.115832094714379 0.104806092622673 0.285810935870258
0.0120450794944106 0.103867354937352 0.166498926493171 0.262479735925966
-0.0105863948543083 0.101747478048978 0.134944514947465 0.273497865401091
-0.0573708049444766 0.073355809265755 0.0411306841420383 0.272184370112435
-0.069756340997358 0.0267398674892241 -0.0730823200574576 0.217918853900834
-0.0858368603430316 -0.0235354303561128 -0.114518472309356 0.116090763214289
-0.0702391423476201 -0.0592762604656671 -0.0976139280758363 0.0205721813049253
-0.0261376289490544 -0.112061289225114 -0.0119661817337516 0.0728874538028361
0.0154539528367033 -0.211535938850712 -0.0670852787469678 0.23507275359415
0.0813029415510623 -0.00623779733889042 0.00845577208271182 -0.311932095434512
0.0184825866206036 -0.0663027134124002 -0.0539846299184497 -0.144342094530263
-0.0572551290887728 -0.0480108567404436 0.0459296385822429 -0.00643239033607513
-0.0732447409423109 0.0322048178661746 0.09803479258116 -0.0667754561498786
0.000681354283497573 0.0715609078587444 0.0830149552076095 -0.180563052352232
0.0415893390865433 0.0355055670982011 -0.00964770279597914 -0.265374422336935
0.0574070142304263 0.019955656259918 -0.121724653635387 -0.279334413752293
0.0474138095938835 0.0146697584766021 -0.16279714195598 -0.252148463288295
0.0465392978907602 0.0138729141940453 -0.11595718856119 -0.275432444476894
0.0257135861137541 0.0260439172855579 -0.00873331903694532 -0.236320785905557
-0.0132954382080937 0.0346491648057704 0.074952642696989 -0.118833957284348
-0.0436552622196068 -0.00433180905840607 -0.0109554558451616 -0.028556109415948
0.0066412067750764 -0.0472690976437359 -0.103145609435607 -0.0870981228675383
0.0539724166557822 0.00873589252390857 -0.0474739479426883 -0.31476830254516
0.0471625987386557 0.0657529777195286 0.233524815941126 -0.442138436660783
0.106143578262899 -0.183021878277578 -0.0299640002769235 -0.273676877077105
-0.0165257041534379 -0.205832262934991 -0.0684207921959144 -0.12345528946945
-0.167024086479469 -0.129736804043801 0.0415269179164885 0.00241524873500389
-0.201908537420797 0.0380372490434362 0.0903607981404854 -0.0432635234367649
-0.0670094184350272 0.155041288799892 0.0857005388757294 -0.162337548131853
0.0313017919280326 0.136029321612525 0.00113874081793363 -0.235832154966892
0.0953353498734321 0.137914596149668 -0.0976492184295567 -0.256866192053986
0.107535984684024 0.126612144497395 -0.137282168604772 -0.224748247779533
0.101184412077391 0.137527210542901 -0.0949456466544662 -0.24716586386807
0.0188955721632363 0.151092563601164 0.00994355055994352 -0.198212600613928
-0.0792569640019194 0.147672175298056 0.0774707799847662 -0.0828323877137058
-0.204479141100229 0.0388032870442196 -0.0319018863458287 -0.00018316134839749
-0.153575944663684 -0.120916869843499 -0.12702885872376 -0.0892871020852994
-0.00283082733180703 -0.158824339543039 -0.0688344220644136 -0.336353345848885
0.0851491323170588 -0.137636204471918 0.196500218034812 -0.457301549499891
0.113593663014011 -0.340230837493057 -0.0799903505362409 -0.190772894962783
-0.063353767728403 -0.325233352936023 -0.0727165003004853 -0.0724042135825416
-0.269714669115088 -0.191305287081551 0.0510435579974048 0.0100591737030921
-0.311780494245466 0.0500407421798254 0.0838268445523395 -0.031687500956197
-0.123692045385769 0.226567486384218 0.0738852037825109 -0.14056107047675
0.0194855392361675 0.219816949067483 0.00405560240628684 -0.180254072821946
0.119076788950119 0.236065797855664 -0.063711690358731 -0.197789472037517
0.150769820298699 0.219949797825563 -0.0898728441899459 -0.162702227339372
0.138941084786703 0.238811094382961 -0.0567396060983339 -0.179222318646247
0.00684991485689517 0.253618061601477 0.0310457460347961 -0.124786209736086
-0.137243824607941 0.240195673603307 0.0692770121478797 -0.0223503596048394
-0.341393722685992 0.0754599320064723 -0.057720200755691 0.0414048540231905
-0.296994955370485 -0.181224509006972 -0.151439770150929 -0.0734995911943336
-0.0581631337210902 -0.308041510893209 -0.0898407907509336 -0.318381236098762
0.113478434527807 -0.320397633377684 0.144341951369803 -0.410192209526228
0.0963201718292538 -0.457650504302856 -0.134196334418004 -0.0697011308252882
-0.127836798280543 -0.412362646123866 -0.0623053181962266 0.0088407396235229
-0.3658795326312 -0.218488436829826 0.0747565735250193 0.0167984711629015
-0.394226649724695 0.0797845553561906 0.0777858529526147 -0.0279117280824978
-0.158675249138071 0.283983638268274 0.0467483069609957 -0.110251424600942
0.0106019652274616 0.27845544878256 0.000558540091554383 -0.101286192567462
0.128844023219266 0.300477620554986 -0.0235245266797296 -0.108352654624713
0.170501655949896 0.278123915597181 -0.0295564627774829 -0.0760260047451033
0.153438921663673 0.301368846070468 -0.00851736795928031 -0.0845503682800964
-0.00715929298487204 0.315430047159532 0.0511770320900373 -0.0267184745095175
-0.176902331804567 0.293981659052915 0.053142969205282 0.0537268302144111
-0.429347445599427 0.0992311133909544 -0.0825266778128244 0.0899453896990354
-0.393422184771385 -0.218601895407675 -0.168418141721895 -0.0423143193526761
-0.0998884507463102 -0.407338055121169 -0.0998760011118944 -0.258639566362643
0.126674709417061 -0.448559044765209 0.0829868790762314 -0.306905311904626
0.0603460544626855 -0.517062597787899 -0.179737391177029 0.076376375833328
-0.190344216828895 -0.444086439018013 -0.0348381132097501 0.111346782481766
-0.426212946516533 -0.208328652260555 0.10443673067938 0.0279067329003219
-0.426490808408361 0.113908281273666 0.0669421217679551 -0.0240496004428744
-0.165399062570349 0.310146737695955 0.012015658538071 -0.0639661650655787
0.00496155890282672 0.29995031251748 -0.00440073004674644 -0.00366863457155054
0.120797940525151 0.324175515361789 0.0203329109476875 -0.00110027254789606
0.164513742320801 0.294699119533322 0.0349588415266181 0.0219638921519274
0.142347940357565 0.314982850742369 0.0436086736110268 0.0226850967710744
-0.0238075377355857 0.322809309506551 0.0669793871513714 0.0786171184164216
-0.188739373754284 0.292975642410892 0.0295337175332991 0.131403450664998
-0.441487405376832 0.097291632403934 -0.100910805035052 0.132729713219797
-0.410698464054949 -0.223754133559603 -0.16915800129742 -0.00586305673199192
-0.112718194458364 -0.431795758049724 -0.0944795404773561 -0.16814663908554
0.120571639078754 -0.498731539966632 0.0243520423819386 -0.16485880505268
0.0119828113882064 -0.502359700454561 -0.208984071716275 0.228810908465609
-0.224294770789024 -0.405293686251407 0.00409553741173483 0.217101668720083
-0.416706330079513 -0.161379097184391 0.12737641213544 0.039599211025315
-0.383905625074411 0.127587176696546 0.0489574627766957 -0.0146570601398931
-0.143532164479095 0.285901592487818 -0.0249833857910526 -0.0040678885647008
-2.84844913364668E-06 0.274169852698785 -0.00875157576723238 0.0991271198143851
0.0950476671428503 0.298051411572975 0.0610935641190505 0.108343074739647
0.133295473407432 0.26681153102202 0.0943655553504693 0.116318124597829
0.106475493260947 0.279278874474027 0.0904760203811633 0.124569890101613
-0.0401899088920091 0.274144891964163 0.0735842369806725 0.170579883342398
-0.17134765947963 0.231764974972406 2.89012533303718E-05 0.190232540975852
-0.369684431078359 0.0635712889486178 -0.11186888305084 0.153733516931747
-0.340793304200854 -0.19325607944788 -0.152917057401442 0.0206131000078
-0.0954322020710544 -0.374662500351487 -0.0731027827702793 -0.0704077351904868
0.0985567700746358 -0.464802719947196 -0.0232380713996914 -0.0123045673740175
-0.0329083274059877 -0.408809780704431 -0.220892279711812 0.36168581394354
-0.213177011529569 -0.299459743544007 0.0392479631115243 0.307071307123067
-0.324098537054383 -0.094090092013338 0.135608850963998 0.054784387510032
-0.270515142662651 0.109370489574193 0.0285257002902044 -0.00259102492439366
-0.0967515441265205 0.204897006316546 -0.0562360217373065 0.0536651705960113
-0.00635608152826709 0.199703867066571 -0.0132562350171142 0.186258959717404
0.052189254416648 0.223586817308639 0.0930479372708773 0.20440988977974
0.0800490864762376 0.197826903538936 0.139796699631987 0.195128486311369
0.0525818725700085 0.20227196031126 0.12374703879567 0.205711148802649
-0.0515543627961807 0.182676896956401 0.0664988417869336 0.232304171267574
-0.127273352404126 0.131666835598015 -0.0324106009457711 0.216763617706795
-0.234712246287291 0.017300911518703 -0.113058643470129 0.144147734551806
-0.208607047832839 -0.133433075764982 -0.125329521173149 0.0301818173408788
-0.0594570193532212 -0.253733354544475 -0.0421837891000598 0.0129720052772738
0.0585725383125723 -0.355011267842307 -0.0525111693887722 0.123626621335362
-0.0691539270849324 -0.249954747100456 -0.215198400185232 0.448873065448155
-0.161461688578683 -0.145131108367225 0.0650510769078698 0.365395624873251
-0.174835292596076 -0.0138064364469656 0.136265980592694 0.0681935747306316
-0.112818816207245 0.0695401420639304 0.0153150716147393 0.00347673792901162
-0.0352584824798501 0.0875951239047184 -0.0785410190486164 0.0924052787250238
-0.0142765963710719 0.090260761796617 -0.0196890010388125 0.241495291659653
-0.000836294701401109 0.111387566324768 0.108686804039088 0.270043599396995
0.0139698868060611 0.0984395081744075 0.165356524827428 0.244735884449304
-0.00690695906567607 0.0971946617483526 0.136591082600124 0.253204761457922
-0.053386628504476 0.071656369288413 0.0492271698471005 0.255716828246816
-0.0667875960400373 0.0255664907536484 -0.0597839315707428 0.208992713502277
-0.0812232316578403 -0.0198212009889049 -0.102938877952893 0.114373865065487
-0.0666072440813484 -0.0542681975756638 -0.09315483795465 0.0270566339738465
-0.0275363868887322 -0.105607195066179 -0.0109624384956434 0.0716106200651057
0.00668827444977121 -0.200579766799647 -0.0593331998921688 0.223132710867277
0.0778730603387035 -0.00589786136388849 0.0102184240564065 -0.296770664490078
0.0172180849724839 -0.0629259100625126 -0.0495484152379015 -0.14131103273964
-0.0578551799334241 -0.045587135064765 0.0431984410863596 -0.0103175169080443
-0.0721417520857894 0.0324290597798034 0.0906953194791259 -0.064623731949434
0.0017891661407121 0.0705054595723566 0.0761988114781189 -0.170762594717994
0.0401507014902316 0.0351076731454776 -0.0130914964822801 -0.252094092356166
0.0564034359793342 0.0192032899718532 -0.118617619431257 -0.26470796063271
0.0470464392467021 0.0140515293147366 -0.155413525864605 -0.241242917279696
0.0449606355736385 0.0131694044362829 -0.11132269063519 -0.262118070190376
0.025006342953392 0.0249342135966236 -0.00822553569688221 -0.226419869714324
-0.0125182782140408 0.0344841278248284 0.0738812098803203 -0.113318964387226
-0.0429719254755661 -0.00374244982945471 -0.00832416709696241 -0.0229205374812143
0.0054254053139336 -0.0456790052658464 -0.0992766862944017 -0.081131899188859
0.0535035223024063 0.00782232131675384 -0.0457136505370999 -0.301884173766228
0.0465609201017504 0.0629048144602723 0.227432019434228 -0.423737196812738
0.103455067793664 -0.174550523118993 -0.025505190227669 -0.260288090592067
-0.0153404393274734 -0.196420630260099 -0.0634960572367829 -0.120535134274454
-0.161717904934283 -0.12434499841104 0.0370943118333919 -0.000803008908608815
-0.196278300104797 0.0375625143300341 0.0833832025393794 -0.0405226173018522
-0.0635440306276763 0.149332378554795 0.0788814267852664 -0.152920709069044
0.0302600715939291 0.131854567027165 -0.00124664742509051 -0.222453573002247
0.0933628397690779 0.131888112052588 -0.0949160702478346 -0.242652868515126
0.106021632602226 0.121511375145822 -0.129569479769438 -0.215020061830752
0.0979258560534168 0.13063115004799 -0.0913864902486884 -0.235111369451093
0.0188777609113411 0.144872555504032 0.0106425102749148 -0.188988895062378
-0.0755323814635871 0.14225866114739 0.0767243913869447 -0.0781564658848529
-0.196230816650614 0.0383914051239815 -0.0292432451226576 0.00429243973280895
-0.147543237501599 -0.115337548870704 -0.122866515544308 -0.083657842594019
-0.000860453808204148 -0.153110122891949 -0.0664056616338294 -0.322656394709765
0.0829062781457833 -0.131105921170554 0.191639585044762 -0.439401605156356
0.111254032455305 -0.323942955847211 -0.074396894203715 -0.180290138870714
-0.059126924363672 -0.310845345123262 -0.0675275092377849 -0.0711908742806679
-0.258479083243937 -0.183295944101708 0.0453816801891446 0.00664276217943236
-0.30238724587673 0.0485579273319843 0.0766302290883861 -0.0289098550401349
-0.118242814196147 0.217025009614136 0.0660566380481465 -0.132085312356278
0.0187879945789858 0.212445435823127 0.0028142051932444 -0.169567296494513
0.11744533840879 0.226656370066813 -0.0623178406578949 -0.185921843113904
0.148137740891311 0.210392468769501 -0.0836547782650776 -0.154607930824256
0.134559621518969 0.227432360141955 -0.0545288961841952 -0.169792900228798
0.00793022395690584 0.244263114393588 0.031712792622909 -0.11869893480397
-0.131316576331727 0.230905491643798 0.0689931480540872 -0.0202091947227941
-0.328297933234593 0.0739988756413185 -0.0538124349877271 0.0443403839754475
-0.283431835456539 -0.173983278409325 -0.147110564736942 -0.0682797462060874
-0.0535185687287321 -0.295757686366371 -0.0860156721747378 -0.305463103672149
0.109482620593998 -0.305541151574104 0.1396286771666 -0.393738241170859
0.0955082095482664 -0.437056532849472 -0.126728482056454 -0.0647863893711749
-0.11951107085948 -0.394880936763175 -0.0578548353200172 0.00628293272584928
-0.349227262079302 -0.209637933505435 0.0673082898667102 0.0140804749493685
-0.382662804152872 0.07698950443901 0.0706874855923266 -0.0253081264698752
-0.15250443842504 0.27052374310794 0.0397821227719265 -0.103191962369152
0.0102241638885908 0.268796324611741 0.00104765365493013 -0.0939654498104474
0.126512784024867 0.288898046694279 -0.0230436213815486 -0.0999802165838855
0.167192576772216 0.26623020662739 -0.0262173880419967 -0.071494549039016
0.148593387212812 0.286239056735029 -0.0078819086612619 -0.078864844222889
-0.00639529211910132 0.303618857009342 0.0521759560346743 -0.0250818708850904
-0.169885352839805 0.282582260596522 0.053757053690364 0.0525036425506587
-0.414506753145175 0.0961087049531033 -0.0772054341171778 0.0915826420640441
-0.375924598051989 -0.208908185999737 -0.162305874826537 -0.0372753058274127
-0.0932175120016812 -0.391233717661346 -0.0968442411623037 -0.248173555043082
0.122709172291266 -0.428332311502017 0.0806188735167283 -0.294910282354218
0.0602157371980422 -0.492895216475467 -0.172360449403301 0.0748395668744852
-0.179709420140688 -0.426103738288163 -0.0317080009801771 0.105506120724359
-0.407502825010723 -0.19847475082124 0.0964111593044098 0.0242419673037439
-0.411738085587593 0.10922221397596 0.0604272646686291 -0.0223394755365368
-0.159272668172816 0.294286519016964 0.00525905458475431 -0.0589290918208503
0.00483822170412178 0.28890888641161 -0.00325702003759874 -0.00059518026358454
0.119443645094162 0.310925971918458 0.0186454978703225 0.00217805163941197
0.161269539827755 0.282534351416153 0.0353852818943975 0.0225010861638163
0.137618411372486 0.300450947481511 0.0428446365309228 0.0231162944611933
-0.0221162842496152 0.310793722080822 0.0683313351639381 0.0753380892638608
-0.181868584780518 0.280124834494566 0.0310656431804912 0.127170022144955
-0.424165924124684 0.0952106327619297 -0.094943715867497 0.131888621887959
-0.392579401023725 -0.214001259195155 -0.163218588372478 -0.00102232228255399
-0.106713080287115 -0.415023656504129 -0.0920469860634773 -0.16012344918269
0.117433896105924 -0.476933915730577 0.0231775345714288 -0.159247559561004
0.0146281653411242 -0.480017622940005 -0.201806680087818 0.220993932567533
-0.214010120081105 -0.390391863401336 0.0050504720522846 0.208194969171731
-0.398085166046873 -0.153363683727611 0.119123780398845 0.0367486594989738
-0.372068609061843 0.1231962594035 0.0436133743548523 -0.014004973479438
-0.13734090708131 0.271121476900283 -0.0291102043651197 -0.00277715127585061
0.00021442727228629 0.262679335458652 -0.00666872313895298 0.0972061058030998
0.0938725646998121 0.285860127821235 0.0587384534696696 0.106845108390942
0.130384605117282 0.254675976862438 0.0916953518541378 0.113146497242223
0.102720145622799 0.266111467120288 0.0873127711180744 0.119158497037727
-0.0381600205770239 0.263953261912023 0.0742840816436673 0.162550570595224
-0.165150576339576 0.220506258998145 0.00339552003647709 0.183398404643215
-0.353785154494238 0.0623765306220474 -0.105049040835245 0.151140940927783
-0.325122328290014 -0.184702499029884 -0.147221143762487 0.0252897190144904
-0.0897580712956506 -0.359587371259126 -0.0714144522026309 -0.0661954748440687
0.0940427432302828 -0.44278037299148 -0.0238252443169966 -0.0128354708860174
-0.0297214715616542 -0.391275616858884 -0.213659125993633 0.346802832834143
-0.202557715500564 -0.286834435089423 0.039071380536402 0.294666846088235
-0.308012107909054 -0.0890043911611451 0.128682412352889 0.0504616178635803
-0.261405823320802 0.105782020028458 0.0250252491487621 -0.00357994690999824
-0.0933570905983708 0.193196667034922 -0.0588775656607488 0.0519664566756802
-0.00621578324884929 0.191546221381741 -0.0106058083308005 0.18064045388968
0.0518693447100326 0.214187787888362 0.0895381270306648 0.197294902751393
0.0783263818840876 0.189533545354755 0.135009351842922 0.187195544577902
0.0511527831097107 0.193147653478706 0.119208630259328 0.195290885553072
-0.0497355827732087 0.176013434152883 0.0670418701094576 0.221183218250814
-0.122842284291754 0.124919333530465 -0.0275787824390175 0.207613635092006
-0.224613356202504 0.0164916867783299 -0.105477822970763 0.141242083716727
-0.19780752363195 -0.127414507894978 -0.120775454641295 0.0338772650696258
-0.0560896862141929 -0.243184132172558 -0.0421599374817515 0.0145773388579107
0.054743899617642 -0.338402251358456 -0.052510487290976 0.116830273106477
-0.0655865037034264 -0.240435878712372 -0.209561888016003 0.43005252384158
-0.15351254731937 -0.139657012187831 0.0634339995617265 0.351138942385271
-0.165059790228252 -0.0126056656761477 0.130475863532818 0.0638663091354261
-0.108469028731628 0.0672088054999746 0.0128894352559779 0.000505855520884972
-0.0339436201069471 0.0813902727382539 -0.0789785226628964 0.0878920274323034
-0.0146635731953502 0.0855859907059901 -0.0170738344684449 0.233258763177577
3.39540470664333E-05 0.107098440666015 0.104675762612214 0.259400065049324
0.0134363012862915 0.0947985824555958 0.157960114811772 0.23362623917746
-0.00732350372390093 0.0931226331544504 0.132374582160145 0.240567639064345
-0.0520402817773238 0.0690066063145179 0.049998306883019 0.242517397521565
-0.0653499534955438 0.0223816554406229 -0.0536886987729158 0.20019647913239
-0.0773052364625397 -0.0194059744057218 -0.0960366474010661 0.111017390702421
-0.0614311484104888 -0.0513373281502527 -0.0887615298337058 0.0311561427469948
-0.0260559412411459 -0.100393948244003 -0.0119561489069713 0.0705208621019201
0.00442800969144553 -0.190293414157374 -0.0596709315284836 0.211979088832347
0.0768889300495247 -0.00468783116697885 0.0169902978460478 -0.288197533750006
0.0177155505716071 -0.0608447952958512 -0.045083275777967 -0.14106332152561
-0.0584314151760821 -0.0444821273905122 0.0408980680127567 -0.0127816737954206
-0.0723943317999702 0.0324399145250523 0.0861127200317956 -0.063020500076278
0.0020123002408355 0.0704022086286491 0.0739495208583963 -0.16389858630885
0.0394378523283309 0.0366121981686014 -0.0118198813285379 -0.244331656931512
0.0560918791554076 0.0192045790011739 -0.113921324940228 -0.258016850193723
0.0476571068295494 0.0151148024995335 -0.148362009362672 -0.237677993036103
0.0441465447022336 0.0134691810770091 -0.105393673915091 -0.257163219630164
0.0247137463120183 0.0247753070306565 -0.00497961942247008 -0.221176420164311
-0.0122797887422393 0.0348534692859821 0.0770845230899824 -0.109445687998954
-0.0424608950656363 -0.00385278743325509 -0.00637993424271954 -0.0194608197957438
0.00513281358527858 -0.0452688542165655 -0.0968398336757474 -0.0785683382893419
0.0539407725042645 0.00767443201326038 -0.0411652626921635 -0.296216413308398
0.0456257249591236 0.0619547677340415 0.232861696790596 -0.411707389725721
0.105473584132379 -0.168189448637543 -0.0179916080337076 -0.252287441963649
-0.0110995122480265 -0.192186232287808 -0.0581697051219466 -0.121252045089758
-0.157498928644498 -0.123036556334064 0.0337665065915168 -0.00323500679221903
-0.195309459547311 0.0353380474633545 0.0783493798733917 -0.03817001635564
-0.0635444174547672 0.146140312093094 0.0750640472964079 -0.145552524086665
0.0286594284520632 0.130902944208714 0.000359882669707151 -0.215166229933972
0.0919467106104892 0.130098361645691 -0.0912634844864856 -0.235267277349989
0.105047739631868 0.120198907337117 -0.122386281818304 -0.211429784452743
0.0949119231445577 0.128625911638313 -0.0855104450603687 -0.229672760983987
0.0171616004567549 0.142839177024871 0.0145694788701717 -0.184405364639164
-0.0759687411400859 0.138994726750439 0.0785675803334894 -0.07488980805918
-0.193959981189833 0.0355661553407046 -0.0271808017123499 0.00725360699632966
-0.143466448460099 -0.115663883874722 -0.119920762792035 -0.0814375309238834
0.00386509474080871 -0.150607133513522 -0.0614819760636261 -0.318507850250643
0.0846830061450347 -0.126925626899139 0.196958689055827 -0.428109748110619
0.116526371102739 -0.313396360970419 -0.067279480912817 -0.1760323720327
-0.0515573864227647 -0.305571608632458 -0.0629588471684317 -0.0732218310333349
-0.250861530837107 -0.182757685848042 0.0404426357112407 0.00469954853629896
-0.300806609319176 0.0443071427069427 0.0716763119724525 -0.0253488054966324
-0.118910085953414 0.210096222426511 0.0624359972877304 -0.125418707414086
0.0160192211349938 0.209446329931469 0.00514823661341324 -0.163158744608965
0.115006504080838 0.223318845397729 -0.0594195809313998 -0.178710766721745
0.145637033650836 0.208356255863234 -0.0778875411206564 -0.151439292889632
0.129391170038609 0.223614761347452 -0.050077135853742 -0.165078448642635
0.00459682722723537 0.240378052814622 0.035220471288915 -0.11512376257725
-0.132195221423141 0.224421603931539 0.0708474504487029 -0.0175880118004418
-0.323864097302695 0.0691893558088909 -0.0521479304576073 0.0472538851029519
-0.275177487852389 -0.175651989953341 -0.144608674335523 -0.06525640011514
-0.0454268587232088 -0.291221897335528 -0.0814553190908917 -0.302179920208107
0.114193208380105 -0.296619563225887 0.146520262564787 -0.38430251507583
0.10315318232754 -0.424071535179698 -0.12137481993144 -0.0636674857496733
-0.108912267414807 -0.388396589798876 -0.0548794657120916 0.00328247236972887
-0.337986327659094 -0.210454826117431 0.0620317638878627 0.0129606516827913
-0.379454377173643 0.0706950957740205 0.0659888236365244 -0.0223614346303836
-0.153597701761921 0.261986066328716 0.035495788750095 -0.0973058285034904
0.00647596330114199 0.264274081480952 0.00335352234648667 -0.0891652893343368
0.123480200666912 0.284193302139423 -0.021674849672404 -0.0938220297569762
0.163981866951839 0.263424993283197 -0.0223544629265429 -0.0691195738594651
0.142337396294569 0.281414657015036 -0.00503448959657637 -0.0759568855579062
-0.0102835297922644 0.298562439019629 0.0545797186897579 -0.0238644259208961
-0.171171186083481 0.274719653388689 0.0548045728353445 0.0532328495959421
-0.408111292905813 0.0908553355691497 -0.0747800283705429 0.0930170768556419
-0.365654530778854 -0.211858236757878 -0.159650528369404 -0.0344154183470295
-0.0840301757503037 -0.386361624869069 -0.092559929505753 -0.245319534365972
0.127886809086185 -0.416969375647913 0.084106071190636 -0.289212511960678
0.0704753742315692 -0.479503156862472 -0.169057229759404 0.0718347062307057
-0.167465823543095 -0.420504608833069 -0.0302872517952333 0.100789003079885
-0.392539796836576 -0.201374031382386 0.0906085416983663 0.0236654989075838
-0.411128784836267 0.10191036987923 0.056694858157719 -0.0193756842159603
-0.162021103327636 0.284205679417078 0.00120362685255205 -0.0548668579159517
-0.000212490493258781 0.283753548333276 -0.00124659525311117 0.001932618907431
0.11591297850112 0.305729571438502 0.0181129050940836 0.00628977262107081
0.157871064788296 0.278189499804514 0.0362506781065894 0.0233432741682412
0.130499610342978 0.294564554413968 0.0423462409514171 0.0240881594280306
-0.026479116684458 0.305208794614728 0.0687440231921893 0.0739394090771506
-0.183180714247839 0.27218830026574 0.032573997592396 0.126083136323508
-0.417672819796946 0.087599333713799 -0.092795295142812 0.132284586375198
-0.379222210109156 -0.216693720534308 -0.160112511717539 0.000982127271900349
-0.0957734388113693 -0.409273080916629 -0.0886470579264182 -0.158783882497334
0.122490271827296 -0.46316637058585 0.0243619990116068 -0.156437404079184
0.0237139449791525 -0.468312532976552 -0.202146043383914 0.213771366682413
-0.200887486861632 -0.38536684378691 0.00363677812703877 0.202326631517765
-0.383286815137963 -0.157252736443763 0.113358420003438 0.036450752287185
-0.368374453276727 0.116145845402828 0.0401450469732259 -0.0134901952503404
-0.139949165831047 0.261208566880735 -0.0342034321023877 -0.000941220574471964
-0.00430466747810297 0.258101917106228 -0.00578349146238649 0.0977183438325803
0.090735318346758 0.281057967879251 0.0562078208131423 0.108847127228383
0.126541876858823 0.251857825124797 0.089660859705517 0.112370907019745
0.0971040863108125 0.261017969938272 0.0851482583655954 0.11811323018517
-0.041608883399101 0.258752814034903 0.0737889157465955 0.158827920254497
-0.165581774806397 0.21324723535294 0.00339763652990377 0.180225967523574
-0.34802599929747 0.0569979561542288 -0.102724361260209 0.149823060787897
-0.312775389255391 -0.186794744691109 -0.144861140454502 0.0271157248956716
-0.0801162077358078 -0.353206124177578 -0.0703066175452374 -0.0652617867541791
0.0987739314761878 -0.42978013445883 -0.025017428897829 -0.0144305570299899
-0.0218860788383802 -0.383680323591066 -0.21722908737877 0.33685514185655
-0.193405842618981 -0.284691835279355 0.0349754326522422 0.288001912298258
-0.297352369259716 -0.0920398777828112 0.124358262485844 0.0505732488268239
-0.258921530125212 0.101065089772119 0.0218627009532894 -0.0052528183732383
-0.0950256183139822 0.185361679014519 -0.0632973994789404 0.0511148063712693
-0.00963581600044092 0.186832518565941 -0.0105180479507748 0.17914493054063
0.0499560859378095 0.211376079445734 0.0856316927106537 0.196584446381256
0.075230238748883 0.18710862758234 0.13016142100546 0.185586880584516
0.0471860089040586 0.188964393453564 0.115028385182306 0.191676352779774
-0.0523292135854751 0.172679530605412 0.0659894024803809 0.215259031969197
-0.123490089707364 0.119172882266354 -0.0265793276446082 0.203474827929108
-0.219509271095222 0.0141703435511503 -0.102477467134792 0.139108803227605
-0.189839128792474 -0.127854124772468 -0.118001649160292 0.0369706290789401
-0.0501629562332027 -0.238770715893631 -0.0428708327340427 0.0152546128421457
0.0573629482667339 -0.328203627397155 -0.0559182936216206 0.112284607812964
-0.0609587793259635 -0.236173595016465 -0.215624843328334 0.41842671870985
-0.148265305707503 -0.139188072907884 0.0579381305410561 0.345119087335183
-0.15882199478044 -0.0144829947856947 0.127481536298692 0.0633453179590861
-0.106952757488127 0.0647874645742734 0.0105928130893406 -0.00223252798719871
-0.0354550872306511 0.0760802473830385 -0.0831164933549987 0.0849397067943558
-0.0152790345860341 0.0826117735227255 -0.0189619114068514 0.228831553657779
-0.000641958670190783 0.105882776691125 0.0999418233372777 0.256180227544988
0.0119258022731401 0.0932901082398116 0.151532271767661 0.231277952680594
-0.00891377465564383 0.0911164560457111 0.125922388832337 0.234834540372482
-0.0529562159782167 0.0670174862682926 0.0479895962271971 0.235702482403545
-0.0658579129875076 0.0191348363594695 -0.0523131497692489 0.194521102516263
-0.0735137935763432 -0.0209307237212706 -0.0929295774733044 0.1083672988935
-0.0572614396623852 -0.0509520451205278 -0.0863914345695745 0.0337157566984417
-0.0240832201159018 -0.0972887668580881 -0.013455843702769 0.070534165615445
0.00502741692807112 -0.184671735473368 -0.0645062790330111 0.204886930545298
0.0775464754505363 -0.00381914518729356 0.023985549148778 -0.287729142612699
0.0186153930533238 -0.0611649830187679 -0.0427850452205249 -0.144454975694895
-0.0607029415461795 -0.0446715213800463 0.0387062714106763 -0.0155521369098801
-0.0751981210879188 0.0334871941143328 0.0834288645313227 -0.062172879575788
0.00296139870848749 0.0717150000725957 0.0733239174999611 -0.161923041792455
0.0405797869458327 0.0384321881285219 -0.0116832190942416 -0.243157756859395
0.0573145035106122 0.019838558942126 -0.113358008775304 -0.257696681736277
0.0498833564566257 0.0147988754682623 -0.146404517678475 -0.240380538655305
0.0454102683196742 0.014128948079695 -0.103625929483849 -0.25934226826441
0.0253082939743615 0.0248997209730149 -0.00209968973185554 -0.220978919669016
-0.0118125214742616 0.0359051215049711 0.081636793331372 -0.110238364402098
-0.0434140281415826 -0.00368015528355164 -0.0037438343675307 -0.0164478652084818
0.00471510371952563 -0.0462948251989478 -0.0967950852453863 -0.0774345113187758
0.0556989616613303 0.00702068562852252 -0.0401617261879439 -0.298624160497474
0.0465423551426846 0.0618541300143133 0.242739999093254 -0.412106635769016
0.109831137250084 -0.167188864370289 -0.0116528320107634 -0.252156303626074
-0.00828373309258815 -0.194060504335185 -0.0564425403850422 -0.124742724645481
-0.158446873131961 -0.125176602770609 0.0307256808318626 -0.00557432525312363
-0.199924071696392 0.0359572796784309 0.0755365922491452 -0.0363512457128158
-0.0640839708548701 0.146949120947774 0.0737893594178605 -0.142813490406736
0.0282510287088486 0.134031829182658 0.00238216284299998 -0.213040608557848
0.0933515272237311 0.131647917532204 -0.0899066925646667 -0.233720408855268
0.107840160285388 0.121747323556389 -0.119729134169336 -0.213732463114363
0.0946691915460276 0.13039456441966 -0.0826309405627187 -0.230224374131684
0.0165082691395695 0.144154989161143 0.0181450453083719 -0.184233585649218
-0.0770813797562892 0.140101973381269 0.0830332266432719 -0.0738532447176588
-0.196296894577295 0.0349222210021451 -0.0253753981886546 0.0117223402752934
-0.143395214455187 -0.118818835581853 -0.121085423061137 -0.0799710399040555
0.00727196831291239 -0.152917937721986 -0.0603599239138701 -0.321645500598049
0.0882061726394141 -0.126418207502332 0.206233187438553 -0.428645000963925
0.124264080906508 -0.312845398487756 -0.0620458232957876 -0.175685764159947
-0.046722419545825 -0.308646516892205 -0.0612466310132565 -0.0767628111651734
-0.249764592030358 -0.187277827576755 0.0370973806512196 0.00328439347486487
-0.307109139758696 0.0437765804997418 0.0688436790630066 -0.0232436139539592
-0.122250754227076 0.210422350186819 0.0600386267801661 -0.121794671976808
0.0142158862494709 0.212704048294621 0.00673908086276424 -0.161130423364187
0.116072843125048 0.224984644936127 -0.0578329793608044 -0.175605460913484
0.148207378456573 0.210503997678131 -0.0746920807942784 -0.152944874081039
0.128393028090083 0.225717253376819 -0.0481209580917289 -0.164972591163015
0.00272864806375519 0.243051536954146 0.0389728859818545 -0.115268193734228
-0.135018364105058 0.225529528500475 0.0745343428124615 -0.0160416644124719
-0.327661211579317 0.0677432139958086 -0.0506855449871651 0.0516557697666201
-0.275085870072212 -0.180320235079035 -0.145233885071974 -0.06449974665034
-0.0405128942597367 -0.295023281854274 -0.0798548217361631 -0.306229521157321
0.120605702091037 -0.296820401846594 0.153678461866238 -0.386663790460502
0.112203306551589 -0.425027560492285 -0.11906371936821 -0.0640456368688293
-0.103884477295174 -0.393218980236441 -0.0530070440206358 -0.000302187350347562
-0.336646787461534 -0.216614057944064 0.0583002363755388 0.0124593093014575
-0.386726865852337 0.0686687709354248 0.0632373377693065 -0.0201089247118109
-0.159709821492667 0.2611617521683 0.0319960266571318 -0.0937754282789652
0.00386234091948291 0.267336538110289 0.00489036896914572 -0.0874166409488076
0.124541453563661 0.287019208839215 -0.0205156989379585 -0.09006468464219
0.166414211057572 0.266383303011454 -0.0191122134632283 -0.0698275252528827
0.140567904918355 0.284572895199098 -0.00301352623763843 -0.0750685084201881
-0.0129706597764892 0.30173597855032 0.0582746060779115 -0.023981307529021
-0.175379160826468 0.275134362269666 0.0584730627691639 0.056058148571982
-0.41283580570731 0.08850427107617 -0.0734374781512282 0.0977447871806356
-0.364775846795261 -0.218480109563288 -0.160584653443992 -0.0323956728735609
-0.0778663343235743 -0.390711903638308 -0.0920872608892336 -0.248588221488572
0.136299118851071 -0.416117924792811 0.0890776140294969 -0.291518988249421
0.0788439441031636 -0.481551709981636 -0.170291810518467 0.0717010546261324
-0.161229369564799 -0.42605417987884 -0.0298224062711587 0.0980548369259214
-0.391142477745195 -0.208813216284822 0.087915227157212 0.0235847773769499
-0.416837586446968 0.0996180084950335 0.0531208862266311 -0.0184774895793891
-0.166912148991691 0.28303679926677 -0.00377493157059792 -0.051652361804129
-0.00297849962744536 0.287098855096277 0.000425209826189418 0.0040332192843736
0.116831188716397 0.308773421286553 0.0188535682219063 0.0112722353550085
0.159321430683559 0.281806863671455 0.038680167513575 0.0245352254881907
0.128477129337029 0.296762223446419 0.0441699738320674 0.0256233615240982
-0.0295565866982565 0.308050827522065 0.0721488171426553 0.0741175918209056
-0.188141965043484 0.271285622173916 0.0347088344783018 0.129284830758245
-0.422665748758124 0.0857512464963504 -0.0915719795427905 0.136739695919217
-0.379937549901132 -0.223116538213591 -0.160841571952879 0.00420859523287584
-0.0898474954055749 -0.412820494384651 -0.0889908785152856 -0.160504084615388
0.130362794820636 -0.463126870897691 0.0251560047434317 -0.158419243059975
0.0324685062674814 -0.470859225744382 -0.206977818844766 0.213727477713293
-0.196254258873111 -0.389601237153893 0.00394853224337581 0.201281015043688
-0.382008638985611 -0.164041235078056 0.11210457468641 0.0364950684105964
-0.37532817921153 0.114424327688127 0.0372492155860915 -0.0134017236440029
-0.14527044420857 0.259268907739593 -0.0400848981868971 0.00178970342995089
-0.00744599599207363 0.260472854362268 -0.00431442993300918 0.100378870330724
0.0917990052324148 0.283798246198143 0.0563098995224847 0.113812835999827
0.127492363043203 0.254763888207821 0.091233038126874 0.115032140876383
0.093978221216375 0.263174005914651 0.0860702084376929 0.120041049296514
-0.0447597174415593 0.26124187995099 0.0753749308263754 0.159098956981338
-0.170757400452386 0.211590412320078 0.00551120042254914 0.182601572402129
-0.35052334382242 0.0546203534404391 -0.101891823334289 0.153532459543332
-0.311272937203377 -0.191430887234612 -0.144909829488424 0.0312459718649939
-0.0752557385201101 -0.356552487172355 -0.071495188712314 -0.0653946409834347
0.105997111631517 -0.429797943715242 -0.0273145329109138 -0.0163822495371871
-0.0169791076281548 -0.384721377471753 -0.225203084149185 0.337046517211321
-0.190316690629741 -0.288793275068643 0.0341253502938827 0.289169698043606
-0.295173067120785 -0.0969726289786938 0.124111103531621 0.0505171973740322
-0.262679236069296 0.0999966980656706 0.0195341363362668 -0.00657887360874861
-0.0984983569592358 0.182837159713787 -0.0692956019686398 0.0525300249124165
-0.0118440590457834 0.188089181704441 -0.0102324171102607 0.181677664629142
0.0500504546102708 0.213619915864248 0.0852041591824764 0.201609713383926
0.0755626066286046 0.189536707252773 0.130724385258728 0.188305848705739
0.0443601940492296 0.190303137998457 0.114683613310817 0.193033249744577
-0.0548588967375432 0.173922126092597 0.0665552557938972 0.214577516892215
-0.127548727925267 0.117525587581868 -0.0251745570616921 0.204399322420459
-0.220246800321902 0.0119592324514852 -0.101825454326219 0.141480537327813
-0.187378372013813 -0.130923950375405 -0.117596248915233 0.0407238711385511
-0.0461550825064412 -0.239080271744709 -0.0443452329972692 0.0156868387050854
0.061211852730238 -0.326978041343164 -0.0607998568407111 0.111026542177278
-0.0584541262425696 -0.237992046391139 -0.226021726877018 0.417666629503607
-0.147054518276096 -0.141718123435851 0.0563356779219539 0.348014816373606
-0.157274285339697 -0.0167315063091772 0.128773571254893 0.062898966408436
-0.107627171275119 0.0649189529755437 0.00885898062046296 -0.00593600859611575
-0.0373362093985371 0.0738806118952408 -0.0889082384363966 0.0858475668210979
-0.0172853050573795 0.0822862171711436 -0.0196878738529441 0.23253898195995
-0.000700796430170531 0.107531993458189 0.0992678321005186 0.259485195067002
0.0111910488265775 0.0950896205912452 0.150157975052768 0.234144891639438
-0.0111465963468298 0.0917096071334898 0.125215940919721 0.235503306689889
-0.0554550769808558 0.0674410725449554 0.0481610653901781 0.234326549225749
-0.0688032599592786 0.0170067280550298 -0.0510429450828462 0.19454018145308
-0.0725850160075536 -0.0220136267600277 -0.091765526385971 0.109054156601367
-0.0549678697318758 -0.0518487038665357 -0.0855242715749268 0.0375045627008429
-0.0227859308981946 -0.0968970279386948 -0.0149677081510513 0.0723643322973972
0.00570792998148318 -0.182870668286644 -0.0700302338410854 0.203803944699732
0.0734386413348679 -0.0139117460116263 0.0148284271371816 -0.285638777024515
0.00942898931322244 -0.0636528391669057 -0.047256824135882 -0.143629162792058
-0.0675522931309502 -0.0375753437336155 0.0394327479763346 -0.0255901607892696
-0.0727932227471243 0.0422950402672623 0.0757016646174479 -0.0742677402449251
0.0100977125757744 0.0693897350825949 0.0558100078207621 -0.165867670016705
0.0420117560198912 0.034055571274223 -0.0311758667443717 -0.240041096272209
0.059779978959521 0.0122375791908707 -0.138228107588692 -0.247322181231109
0.0506339877037108 0.0108220301989619 -0.165151078006727 -0.232206674641271
0.0477874594502029 0.00904370719671471 -0.125544959667757 -0.260453738013284
0.0300852036989763 0.023613293842875 -0.0162077918344795 -0.230789785823224
-0.00682291165507567 0.0392936318755055 0.0799283510810882 -0.121500371727908
-0.0449210237580496 0.00075320551107499 -0.00104968217894992 -0.0138708783760022
0.00182324100249271 -0.0496502981443016 -0.105667361345878 -0.0685398333375989
0.0645636135690639 0.00294039006641236 -0.0647328679545997 -0.311537554588655
0.0587809577354866 0.0643855367617596 0.23577927771391 -0.445204994456439
0.0901793316987245 -0.178535126715231 -0.00777567473633377 -0.244769563786465
-0.0292046703029547 -0.192274009416735 -0.0513794030366628 -0.124794527652384
-0.173081773964116 -0.108667165380671 0.0394853736899001 -0.0212742808896096
-0.197804864445417 0.0595035543535721 0.0716133074743734 -0.0568250727512896
-0.0514130339708176 0.150471134897363 0.0526599191792722 -0.150032752561848
0.0370840119834832 0.131188505634992 -0.0187703356250782 -0.212162992061951
0.109092571407292 0.122482483780493 -0.118746582840957 -0.228241452123297
0.117317676430116 0.113294455835522 -0.136769931276933 -0.205116565052049
0.108712669902345 0.120772066245262 -0.101572551028402 -0.231969858326225
0.0314402432981094 0.145841715534647 0.00697152270784704 -0.196229745477342
-0.0639335436742214 0.148929034206226 0.0841894053778101 -0.0860172541963144
-0.195833441198476 0.0548531822624778 -0.0175700446829803 0.0134108689588921
-0.154236610367548 -0.111653214106926 -0.124460700204177 -0.0680667074927105
0.00402128570074493 -0.158190255922452 -0.0907089875503743 -0.325308388619075
0.091190871398649 -0.135153736978077 0.186329963509755 -0.452686364424157
0.0909279523238391 -0.322796604653669 -0.045649040026593 -0.162821832309977
-0.0772343940865366 -0.302303832311142 -0.046244088472969 -0.0788265556203974
-0.269987902145736 -0.162074533004224 0.0521924023363692 -0.0198126135609879
-0.304418819719148 0.0794983186992896 0.0672507494733296 -0.0517789776891289
-0.104034995523724 0.2195244529772 0.0349377066058028 -0.131109987955176
0.0296260959988763 0.212138396173489 -0.0132005108576041 -0.160974506557522
0.143200474135822 0.214671226692601 -0.0881153205644933 -0.174710307871282
0.165563218754758 0.199310609238817 -0.0868766075991951 -0.146339783204302
0.151518505607876 0.214173290661827 -0.0597442506227426 -0.166685039389672
0.0261072841622107 0.24697731906216 0.0334310108190087 -0.127690763157358
-0.116063277362087 0.239341781454858 0.0795802623386583 -0.027324316484421
-0.326825099312175 0.100628567638059 -0.0369870459992586 0.053653774847624
-0.292809955204061 -0.163298276529867 -0.142031128167291 -0.0486327186368835
-0.0561403198142969 -0.302394094971896 -0.113793767841757 -0.299197256457312
0.113081587445802 -0.31488038442221 0.12357129501416 -0.399317714075979
0.0703947240052666 -0.430895222465087 -0.0917960564565403 -0.0472027898051402
-0.13931447370978 -0.381622106940506 -0.0282233169320614 -0.00511405161580889
-0.358737625574298 -0.183962448716704 0.0787084778240759 -0.0187016990882872
-0.382456390571291 0.113381457639343 0.0617592850449332 -0.0549104003634595
-0.138049382403728 0.274068402673402 0.00402306633473275 -0.103044826120327
0.024142850898766 0.26917208122051 -0.0125919288028818 -0.0874036885623496
0.159104187199041 0.27693428341536 -0.046876897014615 -0.0933171894878809
0.187612865799715 0.254187700978999 -0.0246861105212332 -0.0648301643226839
0.168389263587996 0.272416114531152 -0.00686567483202763 -0.0768115993435348
0.0141433276208722 0.308560406836341 0.0598429029874029 -0.0355493588637957
-0.153368713063815 0.292462040612014 0.0676077736178147 0.0472432323119276
-0.411910820757374 0.128758836897137 -0.0549363673108501 0.101135946048219
-0.387127768589005 -0.194108296764859 -0.150930522552594 -0.0130427341797585
-0.101864597618466 -0.399388446139908 -0.123997972775571 -0.23148788430133
0.120481565324508 -0.440787271881146 0.0550862410106787 -0.290259085852815
0.033349208234504 -0.482590954632466 -0.134762632659424 0.0902856745495643
-0.197945937888302 -0.407292586960084 0.00398800656704184 0.0906060006626787
-0.412262145099632 -0.170933131044011 0.109255268395333 -0.0147475438277607
-0.408801232273309 0.14687842995603 0.0498277338270742 -0.0568479609356972
-0.144817927693833 0.296991416439644 -0.0316159776007155 -0.0580388690341373
0.0194695481776912 0.289090750606998 -0.0118135542628096 0.00435897232152106
0.153970534049464 0.300274798281457 -0.000442159542088681 0.00443384512563861
0.182595809085951 0.270967337474808 0.0411173527385603 0.0268810719382818
0.157228772856947 0.286288289864718 0.0494559126202542 0.02369094215056
-0.00308641971136116 0.316139159327655 0.0808320828012078 0.0650903024357367
-0.168019382958683 0.289034213105976 0.0481507802509167 0.123964210716237
-0.421742247931246 0.125246273367013 -0.0708113075104161 0.142639021574362
-0.404126780945084 -0.198801900126037 -0.146892829892943 0.0258598899844498
-0.117146367415529 -0.42192796710873 -0.115613847892669 -0.137640544621455
0.109768765526062 -0.49007137214546 -0.00821305515976787 -0.147019836774501
-0.0113005056866742 -0.465346359115263 -0.167519239613133 0.23318932197651
-0.227408993143065 -0.368630280891063 0.0416967928399387 0.191432673921015
-0.397180528851349 -0.127345135109146 0.132159197519987 -0.00305770248655837
-0.364462803216518 0.157680747881831 0.0317867362270569 -0.0489300215947231
-0.124472368321342 0.270754126640124 -0.0631060279817073 -0.000644555380389139
0.0135475645930254 0.263278017923641 -0.00984686261915461 0.101722495765203
0.126095685058955 0.279135328404712 0.0479306294702316 0.104304723235124
0.148786856048075 0.246567652412738 0.100942176629426 0.114231624885104
0.119695731422713 0.255700805896149 0.0992844930955003 0.117573989551974
-0.0233677836383777 0.269301178802912 0.0910176010940931 0.15335592064237
-0.156513099504721 0.226534940858759 0.0224564880941097 0.18359012109889
-0.351598428773775 0.0863332857327162 -0.081738147160644 0.162419897938162
-0.331459762703328 -0.17265239349826 -0.131131963859675 0.0527234007194274
-0.101716501876114 -0.364055977149249 -0.0891054045700612 -0.041531944410387
0.0828531473608758 -0.452293423167071 -0.05417385632568 0.0026005807170752
-0.0503885935048632 -0.375505465654478 -0.188329825283555 0.354454264722544
-0.210997868107817 -0.267285360730964 0.0717954065155822 0.279660151034455
-0.302047469163633 -0.0686942917126187 0.140219419564239 0.0163494933299837
-0.251679276911142 0.129359566658277 0.0131405466983337 -0.0337522650758826
-0.0850666229161249 0.191146171546335 -0.0836424094909954 0.055218169176897
0.00406564486290033 0.191584425853487 -0.00634606303602565 0.183780678592109
0.0768377778728085 0.212748438783712 0.0890618594845122 0.191969713146125
0.0915206913957456 0.185194145368701 0.145546672212508 0.184370406548808
0.0619969163227622 0.187797085354441 0.133303712810462 0.190313257738525
-0.043069247855425 0.180852473604971 0.0854984776272286 0.213233007937806
-0.122077880194817 0.127284189607594 -0.00817130228652146 0.209605645554424
-0.222582080157161 0.0298205641897191 -0.0857030835708519 0.152218620470482
-0.199761110267891 -0.119586497974945 -0.108113835583796 0.0585948455745629
-0.0641084493220542 -0.24370079460126 -0.0518806747059125 0.0344635676531744
0.0412076712287791 -0.343537275348943 -0.0774020195371199 0.131358055060409
-0.0783059178827886 -0.225102011539437 -0.196939830082829 0.43275202303114
-0.154715455643176 -0.125117490817233 0.087826088207417 0.340808750298165
-0.155718978450437 -0.00313472071394933 0.139073949591382 0.0391073158391444
-0.099592974983646 0.0763621164067996 0.00262811802515967 -0.0197881513678608
-0.032457627382722 0.0777174273686241 -0.0934537547467897 0.0917909580946253
-0.00868180249926146 0.0858587675914357 -0.0079708873028473 0.235180761703276
0.0131324762593529 0.110593318906632 0.115593464558045 0.251120099939927
0.0193797353771368 0.0951686594659654 0.169808165747942 0.228299252357061
-0.00316209652071467 0.0944996873029645 0.146073126883872 0.232546097790621
-0.0531059095328821 0.0733887033066485 0.0674733473792347 0.236385324087376
-0.0722462675152685 0.0206305357519284 -0.035616059368689 0.203136192295777
-0.0757610683579799 -0.0194435456109004 -0.0817923528470879 0.120371012736607
-0.0585960839192226 -0.0503196272225589 -0.0808400551978921 0.0510008773330281
-0.0303719736748484 -0.0975834863881067 -0.0131164222372413 0.0832457322549096
-0.0096078996797171 -0.189489028288171 -0.0737561383465254 0.222221546436186
0.0743261181692285 -0.017606475827316 0.00859444311946755 -0.289443831690026
0.00698775458389372 -0.065047546790824 -0.0523702115013787 -0.144537797775986
-0.0718074034093671 -0.0337702014332182 0.0356141160053096 -0.0288777530271843
-0.0731215853750542 0.048994364119015 0.0689901685985064 -0.0773455025126339
0.0143897222777238 0.0702483147553287 0.0478862840427179 -0.166707501826657
0.0458145396822796 0.0334385109218762 -0.0421504281073536 -0.237080240802871
0.061842651014177 0.0095486406927638 -0.148528130452044 -0.241177517423415
0.053723300399078 0.00742784944604403 -0.175710770182109 -0.227957537004908
0.0498540274711432 0.00691526168093348 -0.13742776915901 -0.257780403356798
0.0317419305372336 0.0224199075516846 -0.0241138598718704 -0.23112527396164
-0.00440110449117774 0.0408479149551716 0.0790816968306204 -0.12683839297121
-0.0461276766161297 0.00368262018227701 0.0020593882406705 -0.0108846604167629
-0.00164470414975592 -0.0513441632399309 -0.109070665036713 -0.0610913049533861
0.0661135719752264 -0.00116097574820243 -0.0799542338967865 -0.310442692051996
0.0626712294751002 0.0617130036610619 0.223181748390423 -0.460104034312874
0.0863548625780052 -0.184505209006574 -0.0133433328625284 -0.24560599122668
-0.0354793105512699 -0.193945490819649 -0.0558843629761449 -0.126101811420809
-0.180655208215991 -0.101969804909558 0.0358004960722008 -0.0241459194988601
-0.199138591656973 0.0721528069830118 0.0664620601460628 -0.0582345252730533
-0.0452876644008497 0.154439298205363 0.0447813840910059 -0.149273081693246
0.0451660952635865 0.131773755445953 -0.0271212274958639 -0.210638700457524
0.116793938763188 0.117811209080064 -0.127203922141236 -0.221172461388118
0.126155124009236 0.108142834892824 -0.144711341506065 -0.201697670832179
0.115967517513995 0.117429459618489 -0.111372851500728 -0.229388663844027
0.0382296798932876 0.146450354058073 0.00192831050310387 -0.198744966194639
-0.058184967995638 0.153956632894434 0.0849493615641876 -0.0902110537838878
-0.19733850133877 0.0644600600994654 -0.0136082413748326 0.0181312103135913
-0.161332714678409 -0.107444497765484 -0.128553575369794 -0.0601255896774257
-0.000594493097917589 -0.161972026526075 -0.107331929643546 -0.324105025900891
0.0883058862794971 -0.140447240858482 0.173326237477028 -0.465655178113852
0.0831762294911845 -0.330430128553513 -0.0486533643350302 -0.161086029592003
-0.0873286759898859 -0.304025589031494 -0.0488178756577025 -0.0808889648895686
-0.279707751474422 -0.15345332525221 0.0483404516564593 -0.0226516758906647
-0.307126785785007 0.0964785404950167 0.0620298851645796 -0.0516956530187467
-0.0972492449566875 0.22577772915374 0.0273717746963468 -0.127924572708198
0.0401993002972357 0.214638308779115 -0.0187008564414021 -0.160149371862247
0.155901388302725 0.209226876602545 -0.093010337746178 -0.167740283623181
0.178702026541288 0.192469064919651 -0.0917909403950093 -0.143837157905262
0.16252447130407 0.210082923187151 -0.0656002269995435 -0.165351957952846
0.0370171314721137 0.248661260558953 0.0310982442340043 -0.13109920757921
-0.107702489916849 0.247744676393249 0.0837396316650118 -0.0306645958491809
-0.32775063670121 0.116197815674795 -0.0309112854035714 0.0602198885295714
-0.302617227822728 -0.154305951535995 -0.145289281299976 -0.0399025527451346
-0.0659163318413145 -0.305008070240685 -0.129052300193208 -0.297468833480097
0.103929322736861 -0.322676810580868 0.110635236337165 -0.408988793017622
0.0583336571825917 -0.437357143405481 -0.0914159472038241 -0.0430588498406738
-0.152508442155059 -0.380535276012697 -0.0278799359665528 -0.00809873710989989
-0.370232370921871 -0.173084878976161 0.0754524867325804 -0.0228674808240206
-0.385012573304446 0.132799284065498 0.0561428374398299 -0.0548462782852392
-0.130406194447865 0.282091163815557 -0.00234762180177231 -0.0977893285285094
0.0353484475548853 0.272412455717452 -0.0134643417434501 -0.0856094360853987
0.17455717377534 0.271702587247662 -0.0474945259363439 -0.0880102452172528
0.204842793040679 0.247700132751759 -0.0250887256795735 -0.0645314798106737
0.182127306847057 0.268242333330681 -0.00783972142105606 -0.0767898853373166
0.0277593452303819 0.312938721995413 0.0616982211543721 -0.0397092759022639
-0.144319939874762 0.302699757958563 0.075552799234386 0.0451374293883519
-0.412765205428941 0.148235475368342 -0.046681675349666 0.108972240169108
-0.400258864956719 -0.182867123017418 -0.151610545609437 -0.00319975963172909
-0.116458276676115 -0.4006001044878 -0.137030635275106 -0.228557075708334
0.106856946578391 -0.449691768388462 0.0437899003429524 -0.296159679632521
0.0200333650436711 -0.489342811029635 -0.131933952780023 0.0982692390244368
-0.21334879071405 -0.405442353034123 0.00825705167899364 0.0868335485108388
-0.421698860398648 -0.158875314938957 0.107593398368719 -0.0203749853119963
-0.409856983591167 0.167093949194814 0.0441439684872564 -0.0570355485002201
-0.136639526286634 0.304840325465559 -0.0372148293313846 -0.0507486485535059
0.0307669910380807 0.292359997750874 -0.00919528080827438 0.00663657835303772
0.170246062803322 0.296096051204229 0.00398996979188515 0.00881986020771041
0.199124551240118 0.264847086853401 0.0448828337498927 0.0251121325956789
0.170954008032768 0.284144142430473 0.0531351727830932 0.0215633858979223
0.0103364256722691 0.321606766438111 0.0872710192396581 0.0600809316044418
-0.159673765928733 0.298847567768747 0.0591866310604253 0.124018246232355
-0.42237847853346 0.146417687079092 -0.0605128759872 0.150473900566087
-0.415542458547454 -0.185888719155846 -0.145529356692028 0.0361359767132798
-0.133449590974961 -0.423205037000256 -0.124192325391551 -0.133891118552572
0.0939388517268638 -0.497394221159302 -0.0157902811233569 -0.148995056351796
-0.0264983641134953 -0.468799510296861 -0.161036532960833 0.243368480523216
-0.24221049048178 -0.364080220332793 0.0508317022640454 0.188191107463174
-0.404702035883605 -0.115601802790859 0.132131126031027 -0.0107091308863341
-0.362483966022267 0.175798940800924 0.0258960948339117 -0.0504152708721675
-0.118080520129001 0.277554313296758 -0.0674357444648086 0.00784217446500773
0.0237328480545772 0.266884623657686 -0.00293770139499803 0.10375763544673
0.141568297534805 0.275349660982875 0.055817881680392 0.107519976665603
0.163034512797949 0.241943422982401 0.109165892285087 0.110349517954187
0.130424369812087 0.254352060702963 0.106375538554328 0.114346996447201
-0.0132238962081386 0.274571757956588 0.10030353856078 0.148145884832347
-0.151534786394654 0.235290183516649 0.0348877254926947 0.183703723017714
-0.351911144813662 0.103134012945003 -0.0710628358880998 0.170100561559328
-0.340904615171741 -0.162135390489038 -0.127392948499096 0.0620714395010254
-0.113734185035583 -0.36441671661809 -0.0938678357672335 -0.0376018155225745
0.0675362019068908 -0.458522205373618 -0.0579174425612195 0.00453702065230316
-0.0634410353734292 -0.377511693309118 -0.179344928243067 0.366912274161699
-0.221983822007318 -0.262231729965785 0.0843850969499348 0.276168196035123
-0.306157705064407 -0.0595756648856555 0.142035055140092 0.00743527268837206
-0.249530787582818 0.141713751642946 0.008588704297021 -0.0350527939021078
-0.0804509613796505 0.195085647589929 -0.0866035440826995 0.0632696925324755
0.0104988995564171 0.193916525211123 0.00306029116161926 0.186557933721353
0.0879846742818513 0.211261230084492 0.100611592818074 0.192399607088475
0.101897452089766 0.183182681708357 0.156481945055794 0.180160144876076
0.0696778427387098 0.188950084404262 0.143412802486202 0.185171354488137
-0.0361294333256922 0.185945546642919 0.0972104083094352 0.208976637857585
-0.120876691278986 0.1326272986148 0.00467390625245276 0.211389918044057
-0.223130949313586 0.0387099281756436 -0.0762684841100755 0.1587202773325
-0.204773414340654 -0.113807024451123 -0.103040625440419 0.0677139512825134
-0.0726510817087604 -0.243254343923365 -0.0526867112199849 0.0375120085597252
0.0281696604097697 -0.345538159288512 -0.0770963174381879 0.136192292795992
-0.0881901031846737 -0.223161503429989 -0.187212430861937 0.445791689069002
-0.15944240138066 -0.120129684083962 0.104020292954418 0.338397399419079
-0.155903071416671 0.00233874331017933 0.143203824247401 0.0298589844441865
-0.0961968742636828 0.0811579263599823 -0.00199618949761192 -0.0230870440221143
-0.0311761364513449 0.0777340376043699 -0.0947403660494268 0.0990029164905534
-0.00725509114593843 0.0866719298621118 0.00312002432121692 0.238889709276793
0.0187645226295899 0.111610581456239 0.12867722701381 0.249737653302346
0.0238423048358945 0.0960059374304807 0.180995744521305 0.223301968778891
-0.000530476067163067 0.0969883405548149 0.15725835931808 0.227303961704619
-0.0515446108493011 0.0771380575789125 0.0784925692813615 0.232339317545127
-0.0747596642175751 0.0229339742246561 -0.0243934757071313 0.204503280158969
-0.0764194138906719 -0.0176304257294251 -0.0741649556548607 0.124811216458011
-0.0587521780965306 -0.0489380090788759 -0.076392311269989 0.0578135038074801
-0.0331625417518314 -0.096274217877839 -0.0110743110994776 0.0852656250309971
-0.0176709160373367 -0.188656320396937 -0.0705473367620601 0.227268658803728
0.073265533801201 -0.0217977558451866 0.000291456607163805 -0.283965478498052
0.00347231301577369 -0.0650217959459591 -0.0575929367277243 -0.141276952145991
-0.0742292219791964 -0.0287558135430112 0.0314559404118285 -0.031321928993789
-0.070057766185748 0.055150483019631 0.060858432136802 -0.0771168010767107
0.0188942155393145 0.0688949466050832 0.0377271709832761 -0.162611051432756
0.0485615620273247 0.030895709664776 -0.0523852748261827 -0.228724081499038
0.0615173851335033 0.0060634425570465 -0.155473741724565 -0.22762920079461
0.054647775354872 0.00373159678848223 -0.182511617652201 -0.215597554254085
0.0499147564405042 0.00358192306942043 -0.147148671270584 -0.246522930021499
0.0323263269280579 0.0198065081464549 -0.0327335192325096 -0.227014751988278
-0.00160124724337623 0.0413579248151372 0.075475256672933 -0.130055567903988
-0.0460100437935665 0.00705315463806503 0.00563382070438278 -0.00823396043764052
-0.00603733697761403 -0.0511262967903612 -0.108379065647137 -0.0510245443044676
0.0655044885274793 -0.00580956875825049 -0.0933692404410529 -0.299904028369089
0.0649255286033622 0.0565425500096865 0.202760821636177 -0.465856163504481
0.0792560557657674 -0.186259409144612 -0.0185023829290293 -0.241072929757904
-0.0431155752418576 -0.190636994626027 -0.0593564126970139 -0.123286111619929
-0.183741566579664 -0.0914218991164906 0.0314045817881909 -0.0256642794698983
-0.193617442422592 0.0840046809541237 0.0591764846554319 -0.0571179357533641
-0.0369971884976102 0.154797875707794 0.0358695858997341 -0.143493800448169
0.0518069032054243 0.128132999449273 -0.0359422192760884 -0.203134020456443
0.121590404228792 0.108795463369038 -0.13313519833321 -0.208142745340681
0.13180036442296 0.0983601940565277 -0.150441807188573 -0.191269511186294
0.120568778348317 0.109029635233297 -0.119577439919277 -0.220230995534425
0.0454486118374421 0.141826748856381 -0.00513826109398647 -0.195550746726415
-0.049627996143653 0.155307204762442 0.0841368964671651 -0.0940556235558672
-0.191361505147267 0.0743356053817319 -0.0084389056202524 0.0218244651111001
-0.16477377502411 -0.0994602014958204 -0.128242348092336 -0.0494236832516571
-0.00671897076203045 -0.161414762280541 -0.122072110639183 -0.313371932544847
0.0816142476501008 -0.143036437110854 0.152485947233434 -0.467113817505961
0.0708981230995533 -0.329584747764617 -0.0508139789148611 -0.156433153548281
-0.0974154740932436 -0.295886725733635 -0.051108693652972 -0.0806093254018027
-0.283230284332177 -0.138665674790823 0.0435125325488552 -0.0249894600550132
-0.299001751934395 0.112942028104028 0.0562044553639932 -0.0506081883337255
-0.0857998310045242 0.227474009629794 0.0204164134903066 -0.120590241016254
0.0504161223772111 0.210117856844848 -0.0235649107410947 -0.154177296122806
0.164596293832092 0.197177086321792 -0.0950268704468668 -0.157646776983018
0.188299882600257 0.178498633115936 -0.0947749516840362 -0.137562163778023
0.171367305261907 0.198946525891035 -0.0706350104547647 -0.159007314630126
0.0486780754895037 0.243853996800776 0.0276659427562922 -0.131214376708416
-0.0950266567329241 0.249422681340471 0.0858337907815994 -0.0344505439888445
-0.317267408670895 0.132013824373265 -0.0226889173064888 0.064510098450386
-0.306272791036785 -0.139451906032133 -0.143591130438279 -0.029010441700385
-0.0772675118831304 -0.298836792180776 -0.142272402005464 -0.285858875659993
0.0890036159059581 -0.322173698301316 0.0921415457516578 -0.408669437604445
0.0433406612586029 -0.434236992548362 -0.0891248598276704 -0.0374339540703375
-0.164698167060742 -0.368517462966726 -0.0279526002440367 -0.0109459028318403
-0.372862406176849 -0.155058925253847 0.0706063813648309 -0.0274103651629752
-0.374369935013665 0.151845611367727 0.049697847328825 -0.053320938674921
-0.117481416055251 0.283362047443145 -0.00777265308698877 -0.0885968591920108
0.0478576361091906 0.267971222588292 -0.0152513315145308 -0.0827506239435888
0.186675382046365 0.257719065416688 -0.0460363996174295 -0.080947350737999
0.216170030589738 0.232110955678748 -0.024912527095431 -0.0631080065267467
0.193395402138175 0.255721235224821 -0.00916242032591401 -0.0753258756076269
0.04206727870607 0.306556706709033 0.0620880669479022 -0.043620160836117
-0.129627739087048 0.305304354536386 0.0820290321053374 0.0406737844518
-0.399796192618694 0.168388913957074 -0.0358561684296644 0.112547630592452
-0.401835108282023 -0.163152944960544 -0.148190242566911 0.0071541679496283
-0.129911054449702 -0.391668245534233 -0.148435815510237 -0.218768587526678
0.0853288686282161 -0.447065090102123 0.0290998439038116 -0.293955954984398
0.00128353843157729 -0.483189201534803 -0.124737115107897 0.103044525271051
-0.22636872120287 -0.391242304749175 0.0120605438124549 0.0810693832967621
-0.422842599459712 -0.138629696096052 0.102696073510246 -0.0274707298011985
-0.398119639546615 0.186146260151222 0.0373890820140309 -0.0555892271456382
-0.123625719308951 0.306939864613845 -0.0404669713985766 -0.0409815115245448
0.0438713238350871 0.288232926943279 -0.00570033144332424 0.0070704773346986
0.183875511422572 0.281921089247913 0.00912107189224989 0.0122779669206071
0.212519728927534 0.249635491134221 0.0478615048886538 0.0215167906663517
0.182521034049158 0.271924380001327 0.0552073951661586 0.018998139430506
0.0257322616683418 0.316822761228913 0.0912857052120386 0.0530758410023832
-0.145776947845076 0.302444368912946 0.0694093582907853 0.118695567631615
-0.409226642834066 0.166084486009163 -0.0468252678703085 0.153718488340928
-0.417680305403804 -0.16545929363873 -0.138890254698627 0.0455527311471821
-0.148215707508344 -0.412548443318157 -0.131472250282171 -0.125347653434575
0.0708541313503313 -0.494322310811499 -0.0248366873596369 -0.144674831288939
-0.0430856377081245 -0.460250755090958 -0.14912810473671 0.247593586929963
-0.253109952162637 -0.349856644529308 0.0581371409324515 0.177959417039867
-0.403403034713352 -0.0979423564575207 0.127866273662306 -0.0196128837760455
-0.350022915129047 0.19086397309397 0.0195319958706011 -0.0494190304307455
-0.106878663461913 0.278540859078894 -0.0677089713624718 0.0170378445033861
0.0350047269395139 0.261903520694534 0.00421824709469051 0.102650097517607
0.153395941284555 0.263091027412728 0.0647389803891804 0.106226835018666
0.174665024613056 0.229267031260359 0.113630000427865 0.102805665682778
0.140851254084646 0.245620645044115 0.111468667716281 0.106570688694683
0.000225201954033276 0.272427854980139 0.107847209998772 0.138367063596533
-0.14104290935282 0.239291858680833 0.0482913169413104 0.178367234058111
-0.341819202809824 0.118902887473899 -0.0564232081893361 0.172740909615481
-0.341903349971867 -0.144486893643718 -0.119305915165709 0.0704544901383509
-0.125662420150243 -0.354292286461692 -0.0959298596132137 -0.0319498830008935
0.0455225454731026 -0.452644951039086 -0.0604654218802177 0.00789776985246202
-0.078469102980131 -0.367640702877962 -0.1632817131165 0.370366684259923
-0.228495662583566 -0.248332767589405 0.0956827717335196 0.26444613042195
-0.30305205869229 -0.0470395096006818 0.139163438924304 -0.00277044987786295
-0.23844075770738 0.151829738817331 0.00274974938709791 -0.0349919919931914
-0.0732705632769277 0.194869815724037 -0.0851774396981109 0.0713770636869887
0.0190046869952851 0.190075355515725 0.0130532954094411 0.183457856840474
0.0978995316735404 0.202692150383019 0.111013049987404 0.186582052138998
0.110572975753621 0.175297323896931 0.163706640690853 0.169143106678896
0.0771085076400218 0.18387824046651 0.150379368302751 0.173842144973839
-0.0272082148437017 0.185864911936884 0.106370911405412 0.197360654905524
-0.115933731662327 0.136755652458572 0.019200950127808 0.20559305359048
-0.217554945530093 0.0481213134473624 -0.0628497401578016 0.161007452676099
-0.204476414739974 -0.103529198596436 -0.0945944600688205 0.0743553445368175
-0.0796253921674889 -0.235747096114259 -0.0515590528550692 0.0402427726771382
0.0127948074357632 -0.339045305447744 -0.0742360698315732 0.137874784102668
-0.0972781797327031 -0.215257120503427 -0.16827591430511 0.448921735010995
-0.16205596394871 -0.110156057342266 0.117950578304574 0.324995251192834
-0.151552122400878 0.00767490837450604 0.141777980706825 0.0178173388682327
-0.0902951574153096 0.0828090691144139 -0.00706387297422812 -0.0241764544862029
-0.029625236570182 0.0766607936659256 -0.0913891474131754 0.104717359875748
-0.00466819003025007 0.0856421755772071 0.015565297212195 0.235325928575862
0.0243465560353306 0.108656653479342 0.139948407429555 0.240446716347577
0.0283679163872042 0.0942743416975177 0.188841934112016 0.210679141211541
0.00381194083261239 0.0975025115606459 0.164633369731704 0.212954958357971
-0.0480740108029424 0.0795468568453589 0.0889731839554588 0.221744870660755
-0.0751058721970058 0.026274415055932 -0.010883250355165 0.199783387592103
-0.0753456058057974 -0.0155285969969004 -0.0627770071422564 0.126466802016637
-0.0580766404690169 -0.0467166178837088 -0.0686110302763891 0.0627829085940394
-0.0352104315991428 -0.0918039802721721 -0.00811430489741211 0.0855250706011556
-0.0261974522455602 -0.18197609355763 -0.0639688530729217 0.22700633904113
0.0715589993143669 -0.0245265397454394 -0.00194299071771597 -0.274628382661064
0.00148813334216258 -0.0635763180403773 -0.0571352997107281 -0.135578721555482
-0.0737810730567581 -0.0234132115703384 0.0273514371317109 -0.0321141700513065
-0.0660964314174016 0.0588312727568257 0.0532717738785857 -0.0747914825803529
0.0210490477454832 0.0665666914276711 0.0309022639769091 -0.155010442548957
0.0491173508321619 0.0288562143663765 -0.0562179413330633 -0.216251413703102
0.0612429186591986 0.00429639350907704 -0.154490031244636 -0.213397357942029
0.0540040190787215 0.000776198695358757 -0.181428295087476 -0.202452303995797
0.0491677391109527 0.00107688992746304 -0.148638698693274 -0.232780225921821
0.0321473007094665 0.0179308818042614 -0.0353013359913132 -0.218442107783996
0.000721432529426848 0.0405940732608248 0.0725342358949182 -0.129082494817161
-0.0449477994836255 0.00888541037391767 0.00911207573664663 -0.00574759371900251
-0.00950259526498708 -0.0496633745906184 -0.103859592084549 -0.0425350640060491
0.0629141663311262 -0.00887206275565521 -0.0988354418649977 -0.28454676295842
0.0643471475145124 0.0517463896029633 0.186943419014663 -0.455578354405896
0.073778810101969 -0.183525121955706 -0.0195521808713181 -0.232298031982579
-0.0461246011472673 -0.183517621948131 -0.0600273720633334 -0.119358951900439
-0.181320498445338 -0.0820893554583595 0.0270714375703179 -0.0262964163297285
-0.1849472353687 0.0907098911961015 0.0535631380621895 -0.0543862197115648
-0.0312529664595186 0.151275184757495 0.0313586269295028 -0.134653141211435
0.0554655812299462 0.122435079136666 -0.0385061424224851 -0.192722832782996
0.122126895316024 0.10085859583921 -0.130181416577317 -0.194548799034058
0.131934415494557 0.0891285688609115 -0.148606621861036 -0.181421817015009
0.120783008950272 0.101876386727293 -0.119827476392674 -0.208380336236305
0.0479204200988263 0.135206257447599 -0.00737394383499655 -0.189395525473025
-0.0434056920357298 0.152071943085131 0.0827359876465721 -0.0946106759864583
-0.183540767885827 0.0789452365168504 -0.00292091295524109 0.0240838134645665
-0.163305539566381 -0.0920873676635847 -0.123437751561631 -0.041267249610686
-0.00951496064637444 -0.157547170447905 -0.127050638724183 -0.297163406198291
0.0759672006406322 -0.141028079639157 0.136861976075803 -0.456583072564045
0.062845859732036 -0.321431571107803 -0.0494745775731046 -0.149473629784376
-0.1010282920148 -0.285098421716108 -0.0515019037506417 -0.0796980074476873
-0.27909914179066 -0.125801168324711 0.0390522502286602 -0.0265251764384198
-0.2864699710059 0.121115332733585 0.0510527449348165 -0.0468295667119102
-0.0781506300236421 0.222754850873787 0.0175935052204426 -0.111494933575291
0.0557759521947853 0.201949512360452 -0.0252152688995859 -0.147282678286874
0.166364028129232 0.184212304150645 -0.0909430754848526 -0.146904514242067
0.189624668126079 0.164350331878461 -0.0932030973994542 -0.131447164344052
0.172478576988976 0.186575396298642 -0.0715322781858928 -0.151658821349421
0.0549294344056982 0.234483806614349 0.0259646287919905 -0.129204751598633
-0.0853266578195041 0.244700859121417 0.0876794163859658 -0.0372297016594293
-0.303761101625001 0.138331142133624 -0.0149294157601173 0.0658911956526951
-0.30058395876088 -0.12763855200272 -0.137608002277299 -0.0209365985398436
-0.0807297089914703 -0.289068520249502 -0.147696195152865 -0.271082716548218
0.0794829438521765 -0.314076425096055 0.079269125453042 -0.397596476159101
0.0325566572393374 -0.421628324529691 -0.084218351036831 -0.0337694641156349
-0.166031721469871 -0.35443698202917 -0.0278829803895343 -0.0137431242234071
-0.364680508790206 -0.140615962513815 0.0640745077545329 -0.0294001915875346
-0.358550675639447 0.160636132667785 0.0445760261863326 -0.0494069180913257
-0.107958116005049 0.278158436905495 -0.00854662839479529 -0.0785186557456103
0.05444557695668 0.257346323024131 -0.0142419823901427 -0.0783941600070601
0.188087051851418 0.241799333845608 -0.0406958829883182 -0.0741861393427803
0.219005817263327 0.215152917392728 -0.0234581888524735 -0.0614161786240312
0.195688504269814 0.241919200181558 -0.00906644115681699 -0.0723412922442824
0.0494820851893235 0.295700155188604 0.0616086741887056 -0.0452627287950854
-0.117854152595795 0.29948175517729 0.0856189495951026 0.0352573788039952
-0.381342098391708 0.174605787864417 -0.0254051664392125 0.112269051761786
-0.39299799622654 -0.14866516016689 -0.140308712878359 0.0136374433026609
-0.133876938724999 -0.377755057191228 -0.15169514682462 -0.205839941210861
0.0730972529672399 -0.433625244245562 0.0201919940241363 -0.284049505236107
-0.00748519664267611 -0.46756534865171 -0.116767622486571 0.103510966547444
-0.226160930038122 -0.373139665508813 0.0128383744022142 0.0729766182484128
-0.412348802925295 -0.125791247622845 0.0952141943941393 -0.0311072529531679
-0.379842755988754 0.193802598404365 0.0323102962357582 -0.0515360898362893
-0.114659377290328 0.300909127460841 -0.0392556116525246 -0.0316869993843226
0.0503726570096555 0.27815028192529 -0.00290585948516008 0.00772555274636985
0.186122666287004 0.264394734378699 0.0150238807696429 0.0137353342091442
0.214741770675284 0.232895770953396 0.049794897318879 0.0183668341102932
0.184811898112534 0.257262655731713 0.0556328960236471 0.0161011148810561
0.0339710739072744 0.30631537431373 0.0918013470125432 0.0460393823198786
-0.133493372797592 0.298383516926047 0.0758991280605517 0.110746718070489
-0.391343879584855 0.173725526762424 -0.0349930492322451 0.151523036524966
-0.407750506697932 -0.150388330993786 -0.129717032950349 0.0501956526613437
-0.151604735205386 -0.395255558797983 -0.131979134114583 -0.115747791503184
0.056331028119391 -0.477170282772451 -0.0291090270814928 -0.138445634942717
-0.0503754423854298 -0.443704313269085 -0.138349156140898 0.243874431908713
-0.251075689688163 -0.332690334616743 0.0597299867478899 0.166149007239677
-0.391460089483053 -0.086066787064945 0.120230176724495 -0.0255036561774764
-0.333210318417837 0.194788757218399 0.0146973761209858 -0.0461699639175233
-0.0998450439862955 0.272199320159139 -0.0649568630993792 0.0250759883656056
0.0403178900480816 0.252868029873101 0.0088598465281704 0.0985697347902739
0.157178398366304 0.247774913044274 0.070646441724391 0.102206054043921
0.178086129423175 0.215476272013418 0.114762845924928 0.0957838122639099
0.14421292369286 0.233647495710203 0.111892895604065 0.0979251809496732
0.00732697877441648 0.263394754779268 0.109672487670034 0.12822302751211
-0.132022868238269 0.236521829285445 0.0567924393650616 0.168197811805566
-0.327221326203112 0.124553397237515 -0.0439532097365175 0.169356183672154
-0.332559584385243 -0.131804505251203 -0.109733556092784 0.0731743451859864
-0.128368428654438 -0.339475810332604 -0.0954798164132016 -0.0268579950800861
0.0335929147612716 -0.436540488219482 -0.0616038686394007 0.0108601535710635
-0.0833029182691507 -0.352207820972866 -0.150306971439042 0.363019237339575
-0.225474924259743 -0.234257521393848 0.0991161421696472 0.248764233501888
-0.293379594067167 -0.0401989767097227 0.132217936524884 -0.0104406661291189
-0.226100668462868 0.152243237726387 -0.00223880414825647 -0.033536338201898
-0.0686084773357023 0.19009581987387 -0.0806159858238288 0.0763119608445242
0.0222823950822073 0.183747198208311 0.0189404167206796 0.176651766666282
0.100960750228585 0.191317118532646 0.115605223255924 0.178077589133693
0.113120949205362 0.165615703975516 0.163375276031346 0.158841950034812
0.079911414746238 0.176368217779861 0.150378379366699 0.161788200203344
-0.0217319920011115 0.181307610106235 0.108460159999772 0.184258977392161
-0.110481931874258 0.135599424517309 0.0278584337157362 0.19585875667553
-0.208606495637539 0.0524487670843508 -0.0509804247176151 0.156851304451969
-0.1993941772599 -0.0959609832977584 -0.0860368608920775 0.0758667278745768
-0.0801917934836139 -0.224843837892681 -0.0502977668699421 0.0415072727930492
0.00437132009951223 -0.324464003030461 -0.0718099120994763 0.136687374845534
-0.0987429348143919 -0.202648667767103 -0.153598563999104 0.43960463487392
-0.158517012283599 -0.102576915153138 0.121800756460646 0.307140079105825
-0.14495604458359 0.00908483852895775 0.135827662836163 0.00904411461129482
-0.0839866337745892 0.0810649804665837 -0.0119490028980043 -0.0239596544236765
-0.0290775383165862 0.0738523944943653 -0.0875995863087541 0.107424590440769
-0.00347923110852666 0.0824361479766819 0.0215119258225279 0.226882696333081
0.0268915407378161 0.104207474660968 0.143731224953522 0.228549469937162
0.0303251662719193 0.0911525817621269 0.188661872561464 0.197760505861697
0.00597875788275164 0.095374482987446 0.164135730523204 0.198459301347509
-0.0453292804037585 0.0788069068092422 0.0910702920266472 0.208281722339342
-0.0745916898951301 0.0276274174348239 -0.00232327521432471 0.190145637673617
-0.0726727349458164 -0.0145449174968933 -0.0534356948572511 0.122736724777308
-0.0551794944202898 -0.0447163241911041 -0.0608450986818084 0.064669713790421
-0.0342856203077188 -0.0866275065130513 -0.00604948935922646 0.083744399174504
-0.0300805555601707 -0.171714054443365 -0.0597955336142132 0.22194060092338
0.0698801519485022 -0.0255601878585668 0.00174058224481032 -0.267341007688016
-0.000188467959892569 -0.0624090902552493 -0.053963851828537 -0.132958935204993
-0.0735860709149175 -0.0205742866780494 0.0247709102637161 -0.0326448493218734
-0.0629227671077167 0.0601151148504361 0.0486345549452046 -0.0707739905165776
0.0216847342938659 0.0651073960221681 0.0291004962210636 -0.146321255287045
0.0493445023697937 0.0272661822148483 -0.0545004407547299 -0.207091661345944
0.0604268168542641 0.00276592276274091 -0.148896891260109 -0.205511653167021
0.0532803951446817 -0.001118488571363 -0.175487505265801 -0.196113055060837
0.0480674811260798 -0.000336451862529031 -0.144498386256516 -0.225452772695585
0.0316465561169942 0.0167687086876721 -0.0328904083552347 -0.213514673084675
0.00164688986660083 0.0397970487004699 0.0733840487575894 -0.127643646620483
-0.0444419137924573 0.00974043612979935 0.0130277808141326 -0.00355088642876507
-0.0110788281173897 -0.0478278235796802 -0.097865979756604 -0.0378783624229994
0.0609072060864411 -0.0105651704276838 -0.0957718870556437 -0.273997386312951
0.0624883431902871 0.0485104999953589 0.184406472046504 -0.44387273546428
0.0732774392777452 -0.180538682951738 -0.014398487308748 -0.225679652088209
-0.0449087098449722 -0.178936381736724 -0.057626740377261 -0.117731939172248
-0.177521628630015 -0.0778685580291965 0.0239790547517248 -0.0265550498525122
-0.178637306701623 0.0919238483053339 0.0495268866152174 -0.0501473147333334
-0.0299810316096715 0.147946850081367 0.0305205517859658 -0.12648520121515
0.0558305298159375 0.118836228879855 -0.0369601024263842 -0.185258679501519
0.1201575290956 0.0961715118819906 -0.123363553888461 -0.187409440231973
0.130067468686363 0.0836893141264049 -0.142887507311185 -0.176143734644819
0.118615256832548 0.0973832775104626 -0.116218279311514 -0.201193707509938
0.047098363546323 0.131047290727158 -0.00561546324478195 -0.185568615514796
-0.0408156502789957 0.148895786913316 0.0840949090869357 -0.0938477740910973
-0.178536197259076 0.078641384022096 0.00198498053709787 0.0253978798502925
-0.160251798076945 -0.0896640415350903 -0.118200293598083 -0.0363199225084196
-0.00875441375528634 -0.154335842999369 -0.124666657956886 -0.286259536681031
0.0744364226488857 -0.13748940466073 0.136253192003353 -0.444768355225612
0.0634280961780685 -0.314189152359496 -0.0438529151792843 -0.145193744367398
-0.0966457903107458 -0.277895468108469 -0.0501380810878228 -0.0800151733944122
-0.272786309098347 -0.121472625615323 0.0353887528946503 -0.0262032123752355
-0.278261340562087 0.122103113241629 0.0477311792315139 -0.0420180651636795
-0.0764076237992458 0.217925340010765 0.0186967836441144 -0.102654725136768
0.0558461268245557 0.196014459770455 -0.022552988050134 -0.141602102918551
0.162774896281759 0.176084849666634 -0.0835824228308656 -0.140895853046414
0.186858242766965 0.156740012272809 -0.0883740701414543 -0.127992537082201
0.169415406190398 0.180020376779652 -0.0676400582539018 -0.146714723580203
0.0537778663011931 0.227479915611066 0.0281029418847352 -0.127217440136134
-0.0821379729601148 0.239055616426204 0.0892230270598049 -0.0388584095881355
-0.294424992495913 0.136248698759061 -0.00856916540191757 0.0661197380459538
-0.294046879290476 -0.124143597276974 -0.132028756517287 -0.01675015157034
-0.0766012895478088 -0.282193940527758 -0.146013174380721 -0.261536702664167
0.0784117191250912 -0.30506346474363 0.0789357584292222 -0.386858213341472
0.0353821509155047 -0.412232809088338 -0.0790678927805433 -0.0319961716230784
-0.160414223651261 -0.344737601306773 -0.0276803411868904 -0.0168020850204745
-0.356629132480402 -0.136498483020219 0.059099549307752 -0.0301488930377303
-0.348329210741983 0.160049868944941 0.0415679201159005 -0.044617350898571
-0.106493011210888 0.27193864941496 -0.00591894270584294 -0.0701450087763579
0.0542513602656686 0.250750287924413 -0.0119029131956898 -0.0758770051797983
0.185119632865631 0.231560219373747 -0.0337462039737958 -0.0712239034638006
0.215683778690578 0.206090385181668 -0.0208017817953231 -0.060493793542245
0.192105232756986 0.2339421098806 -0.00715625249910416 -0.0706037914995988
0.0497157514476048 0.28790171835029 0.0623181441303832 -0.0468094877768811
-0.114208835582488 0.292973472388424 0.0885204609041965 0.0316268241426568
-0.371412456763295 0.173025497478892 -0.0181666147418721 0.111062051117667
-0.384038705644987 -0.145178111712366 -0.134056156381243 0.0166994729912231
-0.127824075477171 -0.367904667138109 -0.149139412367523 -0.198381493155479
0.0725639245132757 -0.421532614247046 0.0187622754744769 -0.275902463785479
-0.00403062192701503 -0.455148796925253 -0.111741266482462 0.101958003511594
-0.217422909094118 -0.365259263720353 0.0100046062856014 0.0672700883303612
-0.403370655780878 -0.123199066989218 0.0890900120800335 -0.0321537543012135
-0.369161462296438 0.191058554247077 0.0290465205186543 -0.047165444025378
-0.113956070097848 0.294347829809617 -0.0357037999319165 -0.0245809522829063
0.0490908537407797 0.271197778166628 -0.0009673406134994 0.00723603542630727
0.182635776206166 0.254602997948508 0.0209611003373062 0.0142639025250528
0.211272519002082 0.223170477112594 0.0499477045376254 0.016704258579031
0.182070806488133 0.24975924072628 0.0559109596542125 0.014630299810582
0.0340693444221122 0.298246030380128 0.0920025544586855 0.0424957956777306
-0.13132263215274 0.291329416639528 0.0794109059174403 0.104286105812308
-0.380339997498555 0.169743313830112 -0.0274975584191614 0.148717180198168
-0.396695785524713 -0.146246134782311 -0.123221086637886 0.0513858710609828
-0.144901982573337 -0.386648512084909 -0.130916095710464 -0.110645300098615
0.0580634972525146 -0.461682004431432 -0.0304731428405022 -0.133541085334496
-0.0486829922418682 -0.4309795431543 -0.13427752954385 0.239209301550474
-0.242533474536713 -0.323646219632886 0.0565060895040236 0.157465978094871
-0.381289248533769 -0.0859635900302016 0.113082285378399 -0.0278003659054458
-0.324738795521918 0.192067978801922 0.012068050140722 -0.0427173660931388
-0.0988686313934332 0.265818524153403 -0.0616021428040658 0.0298166304499401
0.0391921047101114 0.246670160253587 0.0101503159033425 0.0957367026224442
0.153708073406205 0.239246451577998 0.0742953361563434 0.0999015293284527
0.17511227073402 0.206807443645228 0.113714543499819 0.0920077681925347
0.14169068607653 0.227548452249549 0.109641375230126 0.094004598572882
0.00771365596193842 0.25695047634574 0.108870623652258 0.121679073204772
-0.12945034281897 0.231176217316346 0.0599113520937419 0.160596153794846
-0.316525515483234 0.122198338341335 -0.0360282486815896 0.164326008850234
-0.322697476139712 -0.128756069124137 -0.103527114331134 0.0734989437124759
-0.121925010790418 -0.330328056364244 -0.0948004190520693 -0.0241801815255408
0.0344002201691777 -0.421290012346101 -0.0625511130624056 0.0123188096718954
-0.079405543688719 -0.340496698684922 -0.147338534145621 0.354960703446065
-0.217587200331826 -0.228492747019123 0.0942373496625566 0.237501155663096
-0.285354692556407 -0.0412611762302529 0.125054317947043 -0.0143448790586369
-0.219795350222873 0.1478427278414 -0.00518628466393935 -0.0313455632397674
-0.0689436154157961 0.184998364054986 -0.0786152412143744 0.0789915409195053
0.0201147517140383 0.178766675284168 0.0198395517710225 0.172164662801277
0.0989399605227699 0.184896830433354 0.116932403344157 0.173075250741242
0.111540072978396 0.159960421364461 0.160513158322527 0.153624695815628
0.0790811112817292 0.172091722523484 0.146147353382756 0.154600662895999
-0.0216477651518199 0.177134308646736 0.106797206659667 0.176406596695448
-0.109853661062806 0.133171807908661 0.0315030230177445 0.186899697737007
-0.20165766123037 0.0503636331136172 -0.0445978753673982 0.151641505473069
-0.192123863297845 -0.0941592416132639 -0.0796010791384219 0.0758985615991156
-0.0761343021821595 -0.218361175325032 -0.0503052833804184 0.0418139194011577
0.00547953214845432 -0.312924555872995 -0.0739016379236028 0.13429637106982
-0.095653780710691 -0.195605702433898 -0.15215430445063 0.429533602569023
-0.15279711127692 -0.0981900084012801 0.118357516860313 0.295985307020472
-0.139829407552482 0.00665819072197748 0.129821022858229 0.00391296015393915
-0.080726561768241 0.0770560722983481 -0.015673143490937 -0.0236621768403497
-0.0303404898963997 0.0706836289252372 -0.0864272353599833 0.107723622742731
-0.00526369461934671 0.0802462981736434 0.0222103132646164 0.221247684564886
0.0263964770054322 0.100492272098224 0.142295848154506 0.222568903503813
0.02990422459359 0.0887428637265932 0.184247061331619 0.191084007549634
0.00631400187644524 0.0939545520762813 0.159124182154188 0.191319401401823
-0.0445715802253421 0.0772866211215383 0.0886626389410396 0.200152971340459
-0.0749569952978684 0.0279425925873597 0.000824367379843661 0.181503323197671
-0.0705004453068099 -0.0157767697735142 -0.0472272404254162 0.118291574405812
-0.0524623051436785 -0.0445154263290388 -0.0548944380432705 0.0643254082250461
-0.0313868477292522 -0.0830498512292951 -0.00676888474598114 0.0818666623074538
-0.0285931141821141 -0.16384460839998 -0.0619562123087246 0.216853570119179
0.0613596844342623 -0.0390226436112529 -0.0379076597934806 -0.271266774833646
-0.0132692123121641 -0.0600161607279155 -0.0740438138779068 -0.129640929292846
-0.0733228530681132 -0.00400646754168415 0.0139673230471583 -0.0432335536348094
-0.0463259801753917 0.0706361261324565 0.0266678048950523 -0.0789842354989422
0.0322303093492575 0.0570417438881195 0.000899155815562549 -0.143026649846541
0.050779426034626 0.0172327876535542 -0.0884486983220785 -0.190305875372293
0.0571014559394086 -0.0106368786393549 -0.177523805384425 -0.171072077023047
0.0498601126941652 -0.0116734774512654 -0.205528416787437 -0.162554287706906
0.0445185360653381 -0.0108657584978104 -0.18419807393421 -0.198503589256808
0.0331725922193586 0.00852232444176544 -0.0718942575186356 -0.209753470081382
0.0110205671696953 0.0361874004962906 0.0504287681373245 -0.144383530567498
-0.0413695917144332 0.0184386567743591 0.0177095507084947 -0.00669301918137052
-0.0209931527104106 -0.0437952053705264 -0.100613726120039 -0.017213504535449
0.0593955024595838 -0.0267460418025319 -0.152556141264058 -0.250433071979432
0.0751350522161038 0.0308918683620519 0.103671268905381 -0.481254794987658
0.0395671388912753 -0.185253345076943 -0.0395738117426271 -0.232141685684925
-0.0767255577898956 -0.162939363938552 -0.0721472182979787 -0.118690075004491
-0.182969466818666 -0.0391691253388533 0.012861281382958 -0.0464384728007645
-0.149659488853919 0.123885120016835 0.0263256264537923 -0.0661423103479096
-0.00272548301266709 0.146207389627476 0.000789177841182901 -0.12224253667473
0.0724977001188478 0.104019656153461 -0.0700391435824238 -0.16987771230366
0.131510308861978 0.066010619237413 -0.153884901832273 -0.152445446249831
0.138263131024837 0.057021864525767 -0.170087194594802 -0.148100402953563
0.1288473888107 0.0707183792039636 -0.151710307375141 -0.182314986534073
0.0677998437027003 0.116675548209032 -0.041019243093976 -0.189679409488302
-0.0127269665409564 0.146722238646236 0.066565674518517 -0.113901427993526
-0.158021468187886 0.107193801823665 0.0120748811042247 0.0212301548285232
-0.169812489274154 -0.0587082447720639 -0.117243150374588 -0.0179848290492455
-0.0335779856163392 -0.154346537761618 -0.177802740834586 -0.253060711312258
0.0541374018113407 -0.153487226930247 0.059527429675047 -0.463632678187844
0.00881007142164874 -0.309277183515445 -0.0494830025923721 -0.151388656901102
-0.143082182900237 -0.247977728821139 -0.0569303668495884 -0.0869711799213816
-0.280839533514987 -0.0643522962836165 0.0218727727387683 -0.0562227690102525
-0.238037649211459 0.171465696273245 0.021240877337906 -0.0637576832461414
-0.0353294485449322 0.222520790209582 -0.0118439773148586 -0.0955006238652368
0.0864922379760214 0.17930966133713 -0.0523954702167295 -0.126710735230036
0.187883692685254 0.134170872526857 -0.111675261950766 -0.10939457180004
0.20549672407691 0.117798943443675 -0.107906344854775 -0.110640423635522
0.192591109079284 0.141930472204017 -0.0944628897051315 -0.138509068603415
0.0908268759672441 0.209551006237286 0.00144787412372891 -0.139563585424843
-0.0380826557072603 0.240192531871932 0.0820147934091913 -0.0610523769081377
-0.25962202784248 0.183254656440471 0.00969426184142447 0.059965754529057
-0.302554460328091 -0.0695233018641409 -0.124415496780641 -0.000899874117154438
-0.123174086054382 -0.266293906645906 -0.187088536317892 -0.220514903811334
0.0278858692930108 -0.317545478535901 0.0157045045737619 -0.385927479590785
-0.0339469843478241 -0.396720933194145 -0.0629967670399723 -0.0345640026824445
-0.214402824028953 -0.301736390195909 -0.0233242259384256 -0.0318807464693304
-0.364393137887741 -0.0650512791613384 0.0420054501179727 -0.0707144754807676
-0.29814716234686 0.221264932044458 0.00969362013191148 -0.0693402912209301
-0.0552065173370537 0.2813300201374 -0.0339910838658698 -0.0571170272297286
0.0935397128369617 0.23256385075333 -0.0328539637638226 -0.0625830073918539
0.220164917816196 0.182646137752198 -0.0544406373206401 -0.0461303261619681
0.242064317841299 0.160680507731158 -0.0301992640724987 -0.0560495522561285
0.223668428034396 0.190205208369035 -0.0206225323012034 -0.0739002891045134
0.0967800147947332 0.269329241849599 0.0496379697641579 -0.0662113935779357
-0.0607029481322497 0.2973625934792 0.0939857801410783 0.00812993043087796
-0.327739492554747 0.231373409610615 0.00948366818714901 0.103850347897364
-0.392533946400219 -0.0733939145365331 -0.117517691330458 0.0293799578732278
-0.189817165521165 -0.338875036055214 -0.173249728791501 -0.153903734633014
8.81431381355435E-09 -0.427907908694781 -0.0206569788841474 -0.257005316765993
-0.0778177988362658 -0.429695771344809 -0.0728537669757903 0.104890439904035
-0.271022691340197 -0.308570340044237 0.0282559952857402 0.0433507386665419
-0.404491216082324 -0.0448067957105276 0.0673481949002571 -0.0805229631447629
-0.313678849302686 0.2545735026512 -0.00611115378574937 -0.0710930229267109
-0.0581131972133102 0.304433184749231 -0.05715915329385 -0.00595436166252259
0.093957118487526 0.252813950687983 -0.00888947244194445 0.0185583692897924
0.223486276175852 0.20552405057655 0.011607365306444 0.0281128286249707
0.241374671407834 0.177975904630913 0.0528649286640782 0.00751643252981234
0.217086702657525 0.208032939589857 0.0574192865663362 -0.000552846733227857
0.0838259040935794 0.283142358841696 0.095767039650399 0.016894230585372
-0.0775424206025073 0.299540321075931 0.0986393005171548 0.082181611459545
-0.337315082623171 0.230413844918096 0.00818760925830373 0.142429152383333
-0.405094605523454 -0.0722433634706313 -0.0988706225211056 0.0615853464622296
-0.209857033263326 -0.353517131471146 -0.136944483122189 -0.069002022221278
-0.0240278894023981 -0.464408022459358 -0.0440275772927498 -0.102659285566904
-0.115026358266703 -0.398791080104878 -0.075822400150339 0.248239761667535
-0.287107859799485 -0.266106173095745 0.0878703476343795 0.127254236650823
-0.3793491609986 -0.0142799058899697 0.0915957066347816 -0.0786594245532684
-0.270094417761244 0.244535631847764 -0.0221269408511909 -0.0604831287257756
-0.0493948594998183 0.275104862654525 -0.0714083996762426 0.0525074223566851
0.0800773145535384 0.231308364092872 0.0183609318938006 0.103595380848808
0.193024928050953 0.196190122829643 0.079016208110971 0.101363560732001
0.20407757783194 0.169500048211438 0.128134387223638 0.0700472647161467
0.17519873407446 0.194477291304113 0.125507241357461 0.0689720941297
0.0511445683318179 0.248240832197098 0.127785228111462 0.0941693984986132
-0.0860489211741303 0.243501766140489 0.0906573767839306 0.142329074832664
-0.284623053477244 0.173200341675322 0.00201974677678787 0.162009642739551
-0.3312900068088 -0.0682674309706276 -0.0765654525159614 0.0826934233172162
-0.178287165372655 -0.300900497521048 -0.0860211664672564 0.00887198876523416
-0.0410160544614315 -0.417357573698249 -0.0511936991388386 0.0477448664707888
-0.130399079835732 -0.306446923270528 -0.0744012439373261 0.37113198848362
-0.244410543499299 -0.179335105473926 0.13718059928129 0.205234876673648
-0.278127521139402 0.0103218999211825 0.107680909769654 -0.0586910609371869
-0.179833829725699 0.181548534143352 -0.0311960404887634 -0.0407265228481037
-0.0353301819074043 0.191812872470089 -0.0758289818817391 0.10141526168369
0.0505164447253274 0.169686948535717 0.0430480577074666 0.174421231996174
0.131208364766608 0.156549867738507 0.135463376743813 0.161636675410539
0.134972427100508 0.135664711569756 0.184228777254861 0.122690310528812
0.105918821938841 0.153246732291039 0.172196568811302 0.124953043865552
0.00911106466691919 0.177020654556817 0.137530968234477 0.150636138137405
-0.084196665153349 0.147583965632415 0.0679564219478348 0.174585278133013
-0.186804236545178 0.0826695321067404 -0.00942687637028994 0.153340615806067
-0.200128989961338 -0.0585099641680985 -0.0551584453959584 0.0851754092806614
-0.11312278373001 -0.198341670426735 -0.0335918397748045 0.061618365430832
-0.0509235203546415 -0.303351825555148 -0.0437995325227867 0.166578650912632
-0.122288434776076 -0.165602434364364 -0.0744031953862609 0.452894034810784
-0.159250118705938 -0.0665468750812094 0.168689384088399 0.266358414076671
-0.131395104448693 0.028883345778215 0.118576785356627 -0.0304985334888362
-0.0625323709761963 0.0869937631465793 -0.0311760742888305 -0.0243576029062204
-0.0181862290969815 0.0753704371797792 -0.0724136578766722 0.127967471064356
0.00995568509784558 0.0790874874831457 0.0562623634518056 0.219315413507711
0.0467672444792999 0.0908613611149526 0.1710999952533 0.198433393152687
0.0448928555950813 0.0815773383309662 0.214260400156647 0.155895286999746
0.023410795030661 0.0912778814694887 0.191243226323748 0.159319901033325
-0.0303871710130356 0.0856296501085071 0.124738919130122 0.179896232962888
-0.068999558568969 0.0415861955855185 0.0364999058557264 0.176378806405518
-0.0725765958461579 -0.00408215130902004 -0.0200468987184314 0.123571254371038
-0.0583214438390287 -0.0346087095500748 -0.0361837187972564 0.073997643599852
-0.0452439296146458 -0.0740961579933538 0.0124866892034755 0.0876719383867958
-0.058017285119364 -0.150243654746424 -0.0211526616874416 0.238246531045977
0.0611739013758029 -0.041949532065993 -0.0345338993159423 -0.277931378156285
-0.014779466693654 -0.0611151266230764 -0.0750015177917119 -0.134528472818009
-0.0746494654666668 -0.00209158019997704 0.0109884465818688 -0.0447388505591714
-0.0448697722162009 0.074217669042073 0.0240990641931512 -0.0769771213209914
0.0344631620821291 0.0582682730971749 0.000754081263594525 -0.142438121230288
0.0531736951549243 0.0162808773795843 -0.0893596617956285 -0.190510256788636
0.0591563226161235 -0.0122955007219458 -0.178833080928206 -0.172529507760131
0.0509251229242239 -0.0138274454351292 -0.209087140118828 -0.165298033634774
0.0456977041492782 -0.0122756060391463 -0.187356936057426 -0.202001393312039
0.0337148259427768 0.00785266475877479 -0.0725611251314369 -0.215261028342001
0.0128031901814582 0.0366231492914355 0.0522525104406019 -0.150533783785157
-0.0422985944651581 0.0203701296599157 0.022472916276572 -0.00684807002269126
-0.0232224581246091 -0.0438265013479454 -0.0991206648208812 -0.015269153066116
0.0592825369026358 -0.0286119287185551 -0.154197437026618 -0.251270079154784
0.0757858815675883 0.0300617183109763 0.10674311561897 -0.493513240952724
0.0399536202148817 -0.19129896871088 -0.0356783602081884 -0.238111022059545
-0.078669035072251 -0.165993748611092 -0.0736866737086426 -0.12305614569303
-0.186473879188056 -0.0374113370946473 0.00995803250254075 -0.0477285419644116
-0.149667847045744 0.129388755898284 0.0249216889886239 -0.0638987080470797
-0.000362663388285354 0.150269494959379 0.00241437361843111 -0.121763531730344
0.0755488145287975 0.105172509672179 -0.0702664129571292 -0.170993655483135
0.135275423690473 0.0648123489842992 -0.153729208720685 -0.155005205548902
0.141519056949434 0.0550433359606247 -0.17169680259462 -0.151849403598597
0.132110623708678 0.0700254375917409 -0.154034313975724 -0.185696060862019
0.0694788989316312 0.118419027654061 -0.0407019080173824 -0.195279071011907
-0.0116732207035042 0.149773646247664 0.0699465812011352 -0.120222738325171
-0.159796970328487 0.110874460252021 0.0177974863541614 0.0210839489223887
-0.174896839923048 -0.0594620242333479 -0.116840130876785 -0.0151294701703355
-0.0346101484709363 -0.15921138442104 -0.180616045501224 -0.254481547883776
0.0555339695848693 -0.156983056161377 0.0617243587306851 -0.474429846237286
0.00950055100739439 -0.317468746582717 -0.0459456954537657 -0.155605733817479
-0.145862459733693 -0.252168615151293 -0.0591280824713568 -0.0913663044878094
-0.286614007421073 -0.063120425124145 0.0182502540949806 -0.0574735910649831
-0.240470774988718 0.178509799042263 0.0205269864351886 -0.0618881252019802
-0.0339474425612439 0.229063119664881 -0.00887121787235657 -0.0939578211886907
0.0891248029072162 0.182089090996049 -0.0520423635641781 -0.128736195955219
0.192591371259765 0.133513047080252 -0.109621334358292 -0.112615797001169
0.210590766159087 0.115918224923111 -0.108227295408411 -0.114517856915161
0.197441174396675 0.141931786805197 -0.0949334529527403 -0.141540939823198
0.0934564642561232 0.213575255121571 0.00260505499671178 -0.144949326269588
-0.0376131903160496 0.245919379320326 0.0865011744693724 -0.0670078421725195
-0.263735862957915 0.188836728239179 0.0159324255781815 0.0601341093557474
-0.310294333600428 -0.0699241439757929 -0.123979843282886 0.00161119137819837
-0.12484433344541 -0.272795098178976 -0.191460539342032 -0.220877883734996
0.0282130239164624 -0.323218488020481 0.0160595407329381 -0.392056288026282
-0.0336060468946251 -0.405790898577755 -0.0598293188206876 -0.0358955506034658
-0.21775817075413 -0.307124624530243 -0.0260796503520029 -0.0348205662577722
-0.371413813967059 -0.0649403017163574 0.0387178134184482 -0.0722085724724928
-0.302390232653812 0.228831845037314 0.0092893663995737 -0.0675484861473957
-0.0545618491486869 0.289396069010622 -0.0306735883508792 -0.0552110142541058
0.0968355942504327 0.237313963544375 -0.0320350334283261 -0.0639747758647165
0.224461307350738 0.183247280705349 -0.0501445063909177 -0.0491394469436342
0.247635489171269 0.158911193429786 -0.0285751855093544 -0.058790271243424
0.229524937687463 0.190975043265609 -0.0194143637673352 -0.0766144154118062
0.100331198469973 0.274843261877872 0.0523494581115618 -0.0710982424757166
-0.0606894232339031 0.304403957164068 0.0993349642702378 0.00313369622099427
-0.332007455390277 0.238368295029066 0.0161818533757364 0.103900928847699
-0.400753296117353 -0.0745858788903701 -0.116607102690661 0.0317017986604311
-0.191956197332288 -0.34782951215453 -0.178329875543372 -0.152716104943564
0.0017787671723064 -0.435943758110269 -0.0221842064606088 -0.260965959238819
-0.0770821692815344 -0.437779999141079 -0.0712276114153503 0.106667164384229
-0.275351711069477 -0.315002584538137 0.0262165721932682 0.0417696132570388
-0.413878198382825 -0.0453053296877384 0.0639945002381014 -0.0831614797086047
-0.318121505933567 0.261628229798811 -0.00742371457537486 -0.0693458255657917
-0.0598451544901566 0.312885059119329 -0.0542178805977626 -0.0026675629218763
0.095548085395404 0.257640728230538 -0.00729986923705429 0.0190877976470695
0.227487213250155 0.206390848252993 0.0178002396294421 0.0262958414080976
0.247927020108684 0.177528242520846 0.055964845421309 0.00505475816006579
0.223475946843197 0.210513428661794 0.0602383186006164 -0.00262875580535729
0.0860502660057806 0.288867276966369 0.0992175249582143 0.0132195767675295
-0.0783458433162409 0.307706063822513 0.104469800413472 0.0780855952251353
-0.341267241831591 0.237545973391879 0.014937527419444 0.142440706854017
-0.414435005915484 -0.0737602604531514 -0.0965377331983625 0.0642085778798318
-0.212846985152062 -0.360010612141375 -0.140882801639648 -0.0672363450860017
-0.023378532853889 -0.471682535771736 -0.0464934785107162 -0.102366256812122
-0.113781128443699 -0.40627535913082 -0.0745106033075711 0.253970409574683
-0.289567743410722 -0.270864152312203 0.086753264169562 0.127323925564291
-0.38744560716038 -0.014712736113089 0.0881257652789141 -0.0811181940780243
-0.275138952414152 0.251216596129263 -0.0241685154434311 -0.0597798847248128
-0.0512823509703957 0.283068059821337 -0.0697556457107851 0.0562983595327449
0.080786943597217 0.236055985725003 0.0199441519485405 0.104905471107827
0.196719362840517 0.197591311549495 0.0854863778831631 0.100584624395473
0.209233801031164 0.168816181982193 0.132800740362469 0.069295980833411
0.18060514113971 0.197190210438358 0.128334815531963 0.0683752865894239
0.0532534983779686 0.254132970368937 0.131268193278755 0.092190750512818
-0.0882841141955305 0.249549022774183 0.0956943118205855 0.13937329986686
-0.289244643654459 0.177230484523886 0.00804932253119494 0.161448895075496
-0.338436007930216 -0.0697001231157817 -0.0731158921134479 0.0847045383342295
-0.179281137737139 -0.306318765736701 -0.0886893497628985 0.011485343580677
-0.040135007693691 -0.4235665522072 -0.0548926656172138 0.0522048121325951
-0.131013536066314 -0.310229373144203 -0.0752429100131669 0.379176777267226
-0.247212974947176 -0.182099065054814 0.137496757612674 0.207216434310665
-0.284198655237529 0.00996424501804853 0.104807395415977 -0.0623332361237373
-0.183056349977776 0.18592972197995 -0.034787940018917 -0.0404417373041283
-0.0372845797743483 0.196762997131855 -0.0756213925943163 0.106253241419847
0.0508609085197906 0.173616389060765 0.045033622959047 0.177401792578785
0.133309781245697 0.157918352965139 0.141742584318534 0.162500265019204
0.139236743169783 0.136051789171992 0.18942250577772 0.122266411035914
0.109617051764024 0.155857822533336 0.17519578548674 0.124823179897778
0.00919545947740817 0.181468056064971 0.140250124578457 0.150035838788259
-0.0864455540831441 0.151854650684112 0.0713137178892412 0.172601249986813
-0.189921932117644 0.0844674352776937 -0.00385747489586912 0.152900069628473
-0.203917665180837 -0.0603421478861065 -0.0513455017568445 0.0872478722103229
-0.112676393037589 -0.20198399609381 -0.0350799959354256 0.0647116005257713
-0.0501368814859593 -0.306085231629949 -0.0475627160311733 0.173034905289364
-0.122941008616867 -0.166470672741138 -0.0764553766436946 0.463186546044698
-0.160435071913076 -0.0668720115815406 0.169989220845614 0.269033040987966
-0.134446017685661 0.0282628395827006 0.117112499447328 -0.0337379368168379
-0.0639099167240017 0.0869887209566116 -0.0348182679812213 -0.0243094008839028
-0.0209104131069564 0.0770493895135652 -0.0739011816834287 0.133147086825689
0.0086977305448517 0.0815808000437807 0.0588972265737816 0.223300754700195
0.0473304974482788 0.0918404487933986 0.177061017857021 0.200822632170739
0.0467649152745886 0.0830040200176498 0.21935207941906 0.157189745454492
0.0248244863264189 0.0942548956178745 0.193234899256203 0.160128939063962
-0.0311462434470276 0.0890481271616508 0.126843032185526 0.180005288219206
-0.0714544578403392 0.0435259870573488 0.0390305491275272 0.174919332673426
-0.0742632103651454 -0.00580829402710622 -0.0158464824745637 0.122619007860814
-0.0588017007983927 -0.0369713822719824 -0.0320664022520542 0.0754225378906708
-0.0436520818213298 -0.0749811699180891 0.0113390862994523 0.0908669659377927
-0.0573919303359559 -0.150875713389755 -0.0251723780794514 0.24613037268617
0.0595755936799168 -0.0473304065838012 -0.0395506869478129 -0.284824490865006
-0.0184920763521375 -0.0619554248044773 -0.0806388352944084 -0.138288921300911
-0.0757334930562916 0.00231659664909889 0.00564790614640614 -0.0462057000497264
-0.0407974057228266 0.079397542134229 0.0195518286576476 -0.0758845533461052
0.0388020867795885 0.0580480100692224 -0.00345740393804174 -0.141999664869479
0.0560921335673039 0.0138436596124916 -0.0964442756553703 -0.189415691219117
0.0604612220576216 -0.0161888167695305 -0.18741623668178 -0.170102214152213
0.0516259983242416 -0.0171215179651964 -0.218555302631273 -0.162464518362503
0.0462058815550978 -0.0157503120333226 -0.198212401516539 -0.199571054913504
0.0348680753597179 0.00668883895947574 -0.0804749130556183 -0.220130774703632
0.0154841307012228 0.0368186773951434 0.0494055883426509 -0.158953844543739
-0.0421338072262857 0.0237549614871781 0.0270205005513258 -0.00901023172645684
-0.0266157595594837 -0.043121743036934 -0.0983638609755086 -0.0104784745780078
0.0586108071776889 -0.0327853324479418 -0.163738998877678 -0.249053699759357
0.0782965678994658 0.0275342416069693 0.0938659504649865 -0.511334295101266
0.034065806524594 -0.198985925531567 -0.0391560420220616 -0.244361702338859
-0.086767786239009 -0.166783029696845 -0.0792598058473328 -0.126589709260338
-0.191619573635881 -0.0300430064626857 0.00499418462657917 -0.0485910834382191
-0.146227620875611 0.139263375764571 0.0219116059244825 -0.0623201079006926
0.00617100147402896 0.153620292617186 0.000553063560470383 -0.121026087302896
0.0819015704854122 0.104630600450869 -0.0761708862068331 -0.17081007741929
0.14013660045734 0.0595447386166522 -0.159140382866386 -0.154008573211396
0.146960121734463 0.0485955511219309 -0.179163778687415 -0.151129272573987
0.137390223323128 0.0647316629102208 -0.162695510103248 -0.18552332264772
0.0752304413930431 0.11837135670047 -0.0474276689524531 -0.201266080059829
-0.00632144665072112 0.1538225060135 0.0698659717305978 -0.129285640422115
-0.159569106830544 0.120932907675646 0.0239329568972704 0.019773908035961
-0.182017207011354 -0.0543010466506138 -0.116635119902653 -0.00995614766153473
-0.0401569389724587 -0.16372289707786 -0.191998674375233 -0.250729142141896
0.0517281583670145 -0.163102036404236 0.0482072471275969 -0.489415465147246
-0.000785559399323645 -0.326978940691753 -0.0468698908466831 -0.159236068995539
-0.155536405700675 -0.253368905716844 -0.0650913698566067 -0.0941773916382162
-0.29555583750982 -0.0527243761465825 0.0128759291521298 -0.0592697177424961
-0.237702260690032 0.193045478974476 0.0178697769913456 -0.0603280573136868
-0.0256490458540866 0.237317067342631 -0.00934696342958558 -0.0932056564389836
0.0984938704048034 0.182855599606301 -0.0559303498397301 -0.129390491200646
0.200788578575141 0.127893398944996 -0.111962680219124 -0.113797905070227
0.219703375377933 0.10781538546531 -0.11315768475182 -0.11549437480938
0.2071430109189 0.1362708946847 -0.100432222102993 -0.142409208675176
0.103329575551663 0.215555379092158 -0.000397072744307673 -0.151715111851966
-0.0297099212695895 0.252732844955736 0.088385748374452 -0.0762947306301384
-0.262822486032386 0.203702996480833 0.0233787578287611 0.0589743119882606
-0.320256412216535 -0.0613240464092127 -0.123573202519562 0.00772441971261683
-0.135428020849882 -0.277200052610134 -0.202283543687708 -0.216344998015176
0.0200072794438214 -0.33149349026482 0.00415754193336544 -0.404235650750602
-0.045543258956349 -0.41587560699301 -0.0577270853545042 -0.0365835813214867
-0.232158301330631 -0.308040753976352 -0.0297647443128654 -0.0377813772917129
-0.384734893341676 -0.0523430654250256 0.0323936291224889 -0.074971348307492
-0.299791273921941 0.247497475759725 0.00636086458187901 -0.0662223654075672
-0.0456711877741961 0.300601168676488 -0.0299454239658384 -0.0534919995084236
0.107896451842525 0.239765444732012 -0.0335517596602541 -0.0640277026087816
0.235201675526566 0.178019647344146 -0.0484888398804901 -0.0515919961888216
0.259752901344494 0.149678633824589 -0.0291520945168245 -0.0625680720149253
0.242326533696327 0.185394563828665 -0.0208593391976099 -0.0795712819065729
0.112259899860229 0.278095663892987 0.0527493771739917 -0.0783595715969731
-0.0517354836217645 0.314831814620796 0.10460271868975 -0.00617718687297818
-0.330466210013292 0.257607622545157 0.0254642817205895 0.102626403831643
-0.413799508765312 -0.0628444776212243 -0.114437444566316 0.0382289312457288
-0.20495188435133 -0.350811074633379 -0.187925442318623 -0.147270334920943
-0.0110728076588604 -0.445561679281577 -0.0318785730198004 -0.264906909944082
-0.0910759803516827 -0.446600542260772 -0.0654704967998502 0.110951256730837
-0.289585351716344 -0.314250521873003 0.0246386390207093 0.039504776954391
-0.42749282166717 -0.0309254345966728 0.058652727631754 -0.0875795851236492
-0.315885857194382 0.280369266569279 -0.010690837758673 -0.0680309546370856
-0.0504146649858906 0.325585049142508 -0.0519734475457512 0.000995311521053143
0.106072220776191 0.261764876217494 -0.00593753344537633 0.0188800089034745
0.238494409150379 0.202133917209751 0.0241759363858254 0.022906614332056
0.260238523783059 0.169562506179987 0.0597579576898265 0.000740339595627016
0.236951193033719 0.205668756724569 0.0622744487398788 -0.00664303879212025
0.0985983598233867 0.293463374439412 0.103087951153931 0.0067276231956381
-0.0703413783510392 0.319118547314937 0.112203312264064 0.0703434935871337
-0.340283228316539 0.255571243463265 0.0251978574547606 0.141108430779787
-0.427194995381919 -0.0626807575886363 -0.0931116235685539 0.0702047131877189
-0.226185134682236 -0.363546037126187 -0.146931867629424 -0.0608137262840269
-0.0373072586958089 -0.481011134419864 -0.051814770814129 -0.0993478592930821
-0.126950380806947 -0.411476184659789 -0.06650017523676 0.261799397428943
-0.302591432296112 -0.268389247979538 0.0895249649762528 0.125184936576573
-0.39825230630368 -0.00170470090244841 0.0828490056358951 -0.0871404905101028
-0.273096600881827 0.266794533032762 -0.0285331058652337 -0.057752172566022
-0.043895626933731 0.294045245206794 -0.0664739684859986 0.0620470641159373
0.0901885303586435 0.240767651398824 0.0248217678382557 0.105960572694581
0.207072424388079 0.194737444826752 0.094959257594368 0.0969383851452269
0.221050209760341 0.162944829389297 0.139042912234221 0.0636324508927571
0.192171970262881 0.194396081651685 0.133772629564559 0.0636911016396609
0.0632791582570905 0.259568954070219 0.138093946097311 0.0857673912129188
-0.0821346355397787 0.260222928286524 0.104977467777361 0.133158245851781
-0.288726321092776 0.191025045299233 0.0184857749424502 0.160305626610622
-0.349543434098331 -0.0597908176995106 -0.0672080842013191 0.0898243039748623
-0.190744151548606 -0.308543142070828 -0.0912072406270305 0.0176218101952587
-0.0516786371349293 -0.429990546412706 -0.0557900272711148 0.0595499147243072
-0.14080450940199 -0.312333970509673 -0.0642168218166305 0.39112784657994
-0.255729470124557 -0.177723141325594 0.143416881105658 0.205798661134265
-0.291584581187026 0.0188234208225101 0.100640153375507 -0.0685609434095951
-0.18171277579649 0.195277760368987 -0.0385207463193421 -0.0389937385640584
-0.0333071032677534 0.204524636398968 -0.0721673996893615 0.113463995234862
0.0566048850043061 0.177636568316451 0.0525573923925613 0.180064891143275
0.141066936502758 0.155861520033709 0.153581514386748 0.15894858789149
0.147262704649419 0.133321944738592 0.199160728575267 0.117631250407515
0.118007025780704 0.15562109353002 0.182851976706418 0.120458380538791
0.0156881726535448 0.187081891908292 0.148547752646563 0.14582825568501
-0.0847621371138202 0.160260881564568 0.0809637948942593 0.168376273508912
-0.191523613191804 0.092104220038764 0.00531151436028812 0.151806759503223
-0.211009197125587 -0.055764966507815 -0.0443613965746736 0.0907356925996054
-0.119269479696881 -0.203023132986274 -0.0345851846556093 0.0699533647143306
-0.0589573546283708 -0.309762513159459 -0.0450768650958079 0.183888800415675
-0.128402238224077 -0.164473006353794 -0.065799984058975 0.476644118798742
-0.163699131551773 -0.0633982182740133 0.178871064244713 0.267639154308826
-0.137762458233703 0.031803716738168 0.114210923363563 -0.0400863839641002
-0.0632143784458443 0.0900332024065602 -0.0399387930399015 -0.0229976244245773
-0.0203466030634137 0.079962134510574 -0.0715723732450682 0.141292314794817
0.00976828695134514 0.0843583543380155 0.0684081464807635 0.227471349130161
0.0507531894063888 0.0924890676890267 0.189855269903745 0.198308857378126
0.0509404260451014 0.0830994349981394 0.230136116739685 0.153316292001767
0.0292471767937961 0.0963153495176082 0.201617379811579 0.156609087380115
-0.0298108920957253 0.0934194507943402 0.135020111320281 0.177378545063362
-0.0731538974668435 0.0488101299675221 0.0469066596642303 0.172973817853739
-0.0776037766911221 -0.00425212040583272 -0.00904790086736291 0.121635935990556
-0.0609151189409168 -0.0372782745589685 -0.0258410138608979 0.0773648429353404
-0.0444211287333029 -0.0751500487864329 0.0136283952118328 0.0939908968497867
-0.0613068558264921 -0.149785635321005 -0.0199170841104274 0.256978876097357
0.0544560702167866 -0.0520096945898325 -0.0511193350246468 -0.284473879035676
-0.0234492407706723 -0.060322720857374 -0.0891928314645881 -0.135756797091634
-0.0753767613454758 0.00890519015428616 -0.000178767725529946 -0.0459256500072407
-0.0343474171488979 0.0825225325303832 0.0132675604111449 -0.0723641858783815
0.0433296091694731 0.0551082990430448 -0.0103819948540654 -0.13766567961904
0.05758423666664 0.00940480965830001 -0.103786496760214 -0.180869600885771
0.0596308478398567 -0.0218282639543893 -0.193739476612535 -0.158347075895368
0.0502736859844829 -0.0218768955684731 -0.226240389554602 -0.151265648136911
0.0442685287508686 -0.0195079865956912 -0.208094690500595 -0.187213235775557
0.0352630068231331 0.00403881264936842 -0.0924203318458931 -0.216290437764609
0.0183633313762827 0.0353409837681253 0.0408671126973573 -0.164356939377997
-0.0404027755374963 0.0277520778537823 0.0304549593371836 -0.0115189900134689
-0.0302747845673686 -0.0402011610499373 -0.0945925516082383 -0.00330171049307838
0.0552455542025712 -0.036997761228345 -0.174195890267052 -0.236191894607032
0.0788904285586114 0.0226753163884846 0.0647588336579511 -0.518997350337421
0.0212101774583846 -0.20182928534362 -0.0480579392438335 -0.244733219767927
-0.0950781192784371 -0.161623214435096 -0.0876813381871707 -0.124426020581309
-0.192148621573316 -0.0174022175271247 -0.00133444175161462 -0.0477398445591895
-0.135221550527013 0.148384295068461 0.0168296579856022 -0.0595089017622576
0.0164822650215168 0.153197734229152 -0.00409706699268884 -0.11846372160541
0.0883040920990425 0.0980596430660787 -0.0835747305861123 -0.16457177319779
0.142813292998194 0.0493132889681284 -0.164811319509892 -0.145364245367651
0.148726778748142 0.0372530984548935 -0.187211556042298 -0.142159706141881
0.140700040645677 0.0552824490391649 -0.171710801745627 -0.176471992469123
0.0817624520444112 0.113989096162198 -0.0574606265472562 -0.201134727192337
0.00405810384109841 0.154088167719164 0.063102700769779 -0.137195034146611
-0.151304321062237 0.131498308022692 0.0289623577407661 0.0165183813461828
-0.185735741717068 -0.0433424515430839 -0.113220523304731 -0.00104980369764127
-0.0490119468420002 -0.161867376120632 -0.203262706523385 -0.236649292383795
0.0434434036518364 -0.165718606058581 0.0203962764726885 -0.492174406272276
-0.019045422201349 -0.327859818602165 -0.0508217984309692 -0.159828902141773
-0.168208926040439 -0.244777636054436 -0.0717365795251032 -0.092091888788339
-0.297361458475986 -0.0342684046784575 0.0058577170196136 -0.0589360440801478
-0.223565546890767 0.208382040662476 0.0137220324254793 -0.0580839825287218
-0.0105169488083173 0.238540741734672 -0.0112084366760984 -0.0906051027592624
0.108733381224286 0.176741081215063 -0.0612965627678971 -0.125195994438786
0.207185840264639 0.114190481899948 -0.115060391164124 -0.109194908130041
0.22441390679296 0.0913419358746734 -0.118209631425738 -0.111823983031769
0.214292775097349 0.121222794548777 -0.107024106904397 -0.137487618910481
0.115233136775394 0.208829157459657 -0.00843497358419789 -0.154927216938819
-0.0144831027551026 0.254538543822914 0.0853004728324637 -0.0865970930695257
-0.248867909318563 0.219464421053788 0.0306629409567309 0.0548927310810083
-0.323953263151818 -0.0421129255983688 -0.118732506261597 0.0162326656261891
-0.148974385563214 -0.270692225234441 -0.213444531754794 -0.201325996386966
0.00322197461403424 -0.331617374572878 -0.0179570238444627 -0.402731951684261
-0.0672544200838508 -0.413158546303426 -0.0558854200657358 -0.036475489338975
-0.245191039487783 -0.294450622629914 -0.0347003022193517 -0.0374368821336136
-0.385958361894722 -0.0289043983766735 0.0237962582738928 -0.075735146578193
-0.283528768388197 0.265560479594729 0.00222151538360435 -0.0626656214112524
-0.0265694909852867 0.304514119405425 -0.0293914916701722 -0.0498784358948289
0.120813169866035 0.233829848197456 -0.0352489828254968 -0.0618705162813845
0.24403421481907 0.162329029748235 -0.0475125405613892 -0.0518350707013772
0.267442798301734 0.130948526654868 -0.03173677097999 -0.064354289421105
0.252622595318093 0.168881289210273 -0.0242380729692939 -0.0797604694905625
0.128557816658444 0.271017868717897 0.0490829537534321 -0.0848814372187617
-0.0329615527854413 0.318221024976213 0.105614197611499 -0.0178580307047696
-0.313286330766893 0.275522089830568 0.0354099484658839 0.0968802625497235
-0.41699264290982 -0.0390835380220831 -0.107153718474236 0.045035294640133
-0.221981496850145 -0.340133120761257 -0.194920336114391 -0.133222173977018
-0.0339622820972167 -0.443201512076264 -0.0468239568710072 -0.260623779814635
-0.112802353196075 -0.441934635968726 -0.0564967139686882 0.11181990206623
-0.303247892771739 -0.298450099923451 0.0238910689163613 0.0365755401671562
-0.427770531775837 -0.00564140712877692 0.0482260556700153 -0.0901638052544513
-0.29925960629348 0.300617627946137 -0.0150967584509244 -0.0651271005174593
-0.0309806413796439 0.329409908743824 -0.0485837220593814 0.00536283749822766
0.120715198379271 0.256826013205124 -0.00356952131297182 0.018631723785175
0.247890786197108 0.186623161982343 0.0288844205810061 0.0172672455684341
0.268710358684932 0.150786518105449 0.0604620368273054 -0.00632970549912725
0.248186261361367 0.189285157382798 0.0624080895047421 -0.0118482780177434
0.115053116975655 0.288380299864444 0.104047807339281 -0.00328477411550541
-0.051803740605335 0.323248873589781 0.117449055879588 0.0568783816952987
-0.324474804356371 0.274787566755145 0.0371309509230814 0.13394809654886
-0.429680754500583 -0.0362016109005312 -0.0836512780341551 0.0745081200248365
-0.243261283316138 -0.351694248003052 -0.150264548272886 -0.0487422329274385
-0.0618100636878424 -0.475091478345756 -0.0570559889524402 -0.0929509295518926
-0.146726575015035 -0.403505377175084 -0.0504863223766462 0.263160830793402
-0.312067025905931 -0.251847828774685 0.0918842754797161 0.118918776783721
-0.397594389010311 0.0205218798857243 0.0720423030325062 -0.0913784003792404
-0.257423242173456 0.282174971622168 -0.0330312836364387 -0.0538818347382152
-0.0263979905229429 0.297694503979404 -0.060309772672767 0.0677978775931785
0.102847885816719 0.237035639276012 0.0317616834769685 0.104073607301776
0.215698057420334 0.181602935186629 0.103591346213108 0.0878872529046034
0.229705250160399 0.14778853798972 0.143372593821225 0.0527067599023933
0.203365189685984 0.18148001465643 0.137609329178577 0.0540654330586512
0.0778933483687242 0.256151509244023 0.142277444143877 0.0743070300271519
-0.0677241286756724 0.266436707273717 0.113111894101837 0.120304314530524
-0.276607747360246 0.207578198145216 0.0308268766401423 0.153470017249506
-0.352374199560073 -0.0407768562441169 -0.0566692200932549 0.0923741874390056
-0.204524109745182 -0.298764176987576 -0.0905471497198771 0.0261795911178221
-0.0744343682078866 -0.423391767412473 -0.0524846357557733 0.0670729585952131
-0.154017266875006 -0.303250615512499 -0.0430815259309512 0.393557211925295
-0.260792106697507 -0.164319483918336 0.150514590465596 0.195502549558607
-0.290681728309744 0.0342997303788338 0.0913870450963258 -0.0747154845060067
-0.170744559210261 0.204200128173616 -0.0438411710959143 -0.0349841485567679
-0.0220803478219639 0.207921920798264 -0.0645110687698757 0.118983329505945
0.0648020605148545 0.175819949016572 0.0632847960882136 0.176698964754515
0.148918171395447 0.147527230036703 0.164538446812512 0.147100822981686
0.15439314615477 0.123054702915119 0.206104181327768 0.103243318217826
0.127854041962263 0.148101892969421 0.188354449680598 0.107816738515175
0.0266414955356334 0.186591103680033 0.155792202006507 0.133270838012308
-0.0759310912630775 0.166040355832729 0.0904276753418097 0.157050002760445
-0.185592179212713 0.101947932161753 0.0171645774861065 0.145704251913132
-0.213224508011483 -0.0441309760520007 -0.0346844247732228 0.090998035922318
-0.127370062886832 -0.196605633992201 -0.0312818409329729 0.0740086437537942
-0.0732432157855413 -0.302844761230226 -0.0351931909980821 0.190485396893353
-0.133577929294658 -0.15619983331312 -0.0402733787749268 0.480725383915513
-0.16368263619771 -0.0545296057891971 0.190009741565701 0.256111941011998
-0.136309293670813 0.038495700518733 0.106961179849638 -0.0484094750326192
-0.0586586774986201 0.0919780661653219 -0.0445520890741626 -0.0197678575895427
-0.0175706611062916 0.082240714837287 -0.0629257216255437 0.147544098294642
0.0132886024249161 0.0857370247096736 0.0817250599073781 0.223280203271447
0.0553352649169404 0.0898605316013348 0.202759056130572 0.18508517700467
0.0559466983823277 0.0801346695171111 0.238357893376219 0.138109129066146
0.0358955076142065 0.0950748916837129 0.208954490464825 0.143463155333279
-0.0240669455370829 0.0965652103472982 0.142758819278642 0.166914341317422
-0.0713905787937496 0.0543058918901906 0.0558749820840494 0.164609505234401
-0.0784892566267903 -0.00138547540496109 0.000905902638962599 0.116948884285557
-0.0627995811053816 -0.0349512538274157 -0.0171987206256218 0.0771953086873569
-0.0463624877010947 -0.0730086090897872 0.0183381856302433 0.0948422856827158
-0.0674094449522224 -0.14436272187483 -0.00749838277118683 0.261613011810974
0.0466984499668297 -0.0534598503141005 -0.0583371616721998 -0.273824379906867
-0.0265472958561935 -0.0563193694867326 -0.0924564193644006 -0.128065553393931
-0.0707402726880814 0.013329348938718 -0.00521506999722343 -0.0428644569964196
-0.0264393931332713 0.0813438698436368 0.00819096620935074 -0.0657119464422758
0.0455350880833102 0.0502291314750276 -0.0154083916028567 -0.128479434624842
0.0561774489511632 0.0050476400368425 -0.105605449628015 -0.166943535627363
0.0558701091476298 -0.02552401178045 -0.191725296215234 -0.141751374903969
0.0471237903897066 -0.0243918919943256 -0.224167358324321 -0.135418363934141
0.0410155674691084 -0.0218066423425197 -0.208455289004278 -0.170494309478128
0.0335644723195844 0.00168356118638365 -0.0991301945554275 -0.205424512244707
0.0208443933995758 0.0325314629557336 0.0314546797745625 -0.162091161196378
-0.0367876856901577 0.0302616181991429 0.0322000299775493 -0.0142011764040001
-0.0318273998130002 -0.0360401998211907 -0.087276227432582 0.00193143649319101
0.0498843059916524 -0.0385575755047821 -0.175239183194247 -0.216600998962843
0.0762268357781096 0.0171692705361274 0.0378571604777022 -0.501857511979992
0.00911272449101781 -0.195388492281962 -0.0532253977417789 -0.236255911901515
-0.0988842190939398 -0.150745668358292 -0.0910110202212712 -0.116662970407416
-0.183566709108627 -0.00542309847742611 -0.00683071180618487 -0.0446041763246254
-0.120625472843202 0.150420378184022 0.0131832080134801 -0.0543599545165137
0.0244623337813099 0.146268297287565 -0.00761409682730604 -0.110776109894598
0.090104354922001 0.0894242307895395 -0.0855348560089648 -0.153051768511586
0.138796353534796 0.0387087399805816 -0.162682094285913 -0.132748751092344
0.144103991709624 0.026294864637272 -0.185402618544305 -0.12988640159093
0.13680590816025 0.044139145127347 -0.172471144525495 -0.161230645936395
0.0833429909578321 0.105337923582269 -0.0640866023880183 -0.192779938272694
0.0118972901233967 0.14694332931116 0.054405978324417 -0.138088701368358
-0.138028562226847 0.134162473226512 0.0320788858613731 0.0129658790961946
-0.180913843102666 -0.0319159279152648 -0.105231657376089 0.00545319663761854
-0.0546786053486309 -0.154244666987534 -0.204460488104854 -0.215132542377202
0.0350479000118345 -0.161379671546789 -0.00328702030587394 -0.474213880104312
-0.0344968125773727 -0.314082376603079 -0.0524741744156292 -0.154910001714847
-0.171461312664498 -0.227731564894305 -0.0751603880573212 -0.0865801551286581
-0.286065186932028 -0.016770584562734 -0.000979616983097721 -0.0554611799492146
-0.203021909234411 0.2116590970654 0.0105580009657438 -0.0524433619560818
0.00277915334635048 0.229871262304343 -0.0124412486888793 -0.0845791077376137
0.113251809896918 0.16406717426015 -0.0625036958929196 -0.11684343840206
0.203044230646447 0.0984462101086843 -0.112586336868451 -0.101967633270372
0.219890682585875 0.0736699432786906 -0.118393920007483 -0.104798527486126
0.210842093339405 0.104092147589507 -0.108755436065875 -0.128595672293961
0.120336259664705 0.195053336691502 -0.0149803911642584 -0.152090166680845
-0.000882980804174748 0.245428138452612 0.0780210464950651 -0.0917476573561502
-0.226738522777488 0.223623481943629 0.0353286604705112 0.0484828331118081
-0.313605313825105 -0.0250221615010592 -0.109167873408866 0.0223850194541206
-0.154230747489756 -0.254288849346707 -0.212327965542817 -0.180494591573606
-0.0112119994601374 -0.318002434738055 -0.0365212023339157 -0.384498378341708
-0.0831998864427409 -0.395076746710121 -0.0521617492662344 -0.0358340913287143
-0.247392037722721 -0.274027729222314 -0.0375368692125456 -0.0354713478952275
-0.370357300432931 -0.00762903544592758 0.0146025586316775 -0.0725626744082373
-0.258800742143845 0.269788144146168 -0.00078373884156162 -0.0569363729048238
-0.0105772164736357 0.293983504051438 -0.0274086724611816 -0.0452181062125983
0.128224170447855 0.219157629387215 -0.0351416614606394 -0.05803979214674
0.240111614453532 0.142730131093171 -0.0450322238533517 -0.0507951854574256
0.261919200620989 0.109853862087764 -0.0327699642615178 -0.0631123177655598
0.250176765949141 0.147670210313835 -0.0264483410432201 -0.0769249178349275
0.136406366204716 0.254653029845255 0.0431127588504839 -0.0879493884337657
-0.0158458299064578 0.308046344450921 0.101018804853457 -0.0276952818870878
-0.287264066199622 0.280880699464954 0.0415134494676954 0.0879166063193001
-0.403626957098129 -0.0172023728470871 -0.0964327986837867 0.0487907212647333
-0.226768653650126 -0.318416138205359 -0.192910901200237 -0.115766299563537
-0.0516952849999248 -0.421690593712784 -0.055917131163067 -0.245646367893771
-0.127475229390962 -0.419571855124556 -0.046890574170997 0.107608208147325
-0.301396525677794 -0.275908009607913 0.0216484853694847 0.0325951511500175
-0.411100875316642 0.0158722547675932 0.0372953449932166 -0.087577977827586
-0.272140801819842 0.303747427829793 -0.0182887578580655 -0.058105229527653
-0.0128215902451336 0.319203480978261 -0.0435193106997238 0.00859884494101449
0.128483217797403 0.242189440617722 -0.00162820140469733 0.0183289904417632
0.245719036132559 0.167342635655095 0.0311352836544729 0.0112292395050411
0.26478682105826 0.128479332318794 0.0582247259386282 -0.0118081204707403
0.247427957505141 0.168259806005419 0.0598459378375336 -0.0160625470119429
0.124710838237946 0.270539919488322 0.0989470246816634 -0.0118607646502861
-0.0335944330611068 0.314106614826335 0.1154990873811 0.0429772901069883
-0.296622845203131 0.280134706333847 0.0442582220894151 0.122906871621883
-0.41488892416558 -0.0151929326312725 -0.0716786843477731 0.0747980068906473
-0.24730225480831 -0.327146753980802 -0.145609959636261 -0.03700327823923
-0.0786175355932714 -0.451653130264162 -0.0585249256790492 -0.0834941979785314
-0.156331422914758 -0.381982114186039 -0.0356535018062027 0.254326125505873
-0.308358013635259 -0.230418969754725 0.0905375106764272 0.10899157078849
-0.381482231359712 0.0382182786588098 0.059623237068261 -0.0905636688244417
-0.233950965856593 0.28328446861688 -0.0353456502020956 -0.0469764391364874
-0.0108627379247255 0.288536767811121 -0.0519572047128582 0.0685617206906891
0.11024746376436 0.224607966511964 0.036921637897553 0.0980869997202877
0.215066337680458 0.164107726120954 0.105795604805703 0.0757042223488233
0.227038617641242 0.128165239905111 0.140599580703185 0.0404624537230452
0.204323490513047 0.163143865472186 0.134717439682776 0.0437391397988411
0.0878021213363021 0.242912785284367 0.139646394814153 0.0605208122355249
-0.0519957566307109 0.260333038235228 0.114634740965535 0.103484881401075
-0.254851395250045 0.212297921048299 0.0389944068560928 0.140603513685176
-0.340964334383796 -0.0217069461891589 -0.0455071715762042 0.0891978416927895
-0.207681798664813 -0.278028794630211 -0.085167100067013 0.031896893622604
-0.0874878147434147 -0.400819224777954 -0.0464242056288372 0.0704975695717968
-0.158109568989489 -0.284175630020068 -0.0238648703579605 0.379472758135165
-0.254117426200285 -0.148297532710532 0.150666350763394 0.180353533968391
-0.277895395210282 0.0465728212468926 0.0788821997018847 -0.0762275381419169
-0.155150487368812 0.203741912702978 -0.0457879711329199 -0.029504277697634
-0.0120593730076558 0.201459048234557 -0.0543989755125699 0.119333811365296
0.0702998953930278 0.167923659248215 0.069934392223228 0.166711693024805
0.148892086751363 0.135081823224185 0.166921330257838 0.130230635051359
0.154393752565096 0.109530325648765 0.203055869066744 0.0873783496420183
0.130486373770275 0.135864214382185 0.185480362484668 0.0933934605843336
0.034872392328143 0.179136109156287 0.154416510885708 0.117578919581803
-0.0650867599022778 0.164982196649653 0.0944225209089569 0.14081880427523
-0.173439360490441 0.105763075797952 0.0250376187515786 0.1340593915362
-0.206184780300612 -0.0326394347558061 -0.024312414118441 0.0872438652156754
-0.128829800368545 -0.183526452707694 -0.0264117525296272 0.0754918219582649
-0.0816396750622438 -0.285657990504483 -0.024291433593776 0.188147149664596
-0.131767365569205 -0.143957890596314 -0.0183276284092634 0.465013035773935
-0.156678762122593 -0.0458606754940566 0.191523607057747 0.23602452967883
-0.12989369402009 0.0432138488142838 0.0952606547189976 -0.0519071714393615
-0.0528902781157371 0.0893069733728655 -0.047066399102419 -0.0152200446766087
-0.0137596348751239 0.080436673693522 -0.0526069605279507 0.14623672563701
0.0161581901428886 0.083368373884566 0.0897858641394452 0.210334262867055
0.0568784507699556 0.0844603901225935 0.203627365185464 0.166229496152462
0.0577917227112942 0.0742171076568699 0.235237990354432 0.120321479185559
0.0401663234146219 0.0901502150174735 0.205264699184621 0.127627661540725
-0.018139052168557 0.095338541469732 0.143011087680798 0.150907025522624
-0.0668798857647347 0.0569826957082629 0.0602889321221644 0.150481879508761
-0.0767071540202787 0.00125412016176212 0.00750193367428069 0.107403236224768
-0.0618535509929537 -0.0311378105652353 -0.00879323063188086 0.0725114745292639
-0.0452781587174194 -0.0682129813437837 0.0217220555367955 0.0919767820790435
-0.0689376262424391 -0.133872858308298 0.00444125319478011 0.255322882331158
0.0302660888111029 -0.0572500355964966 -0.0923328403619012 -0.252048718649227
-0.035216412114553 -0.0463832057594089 -0.108126869664584 -0.110798429343041
-0.0630237024634602 0.0214483156395821 -0.0184746705382114 -0.0381569900045717
-0.0123519228090814 0.0777242440499386 -0.00699960171088931 -0.0558155897163346
0.0460089667888672 0.0397148137346336 -0.0290639069292195 -0.112672998281018
0.0506495857070024 -0.00172158696994962 -0.118950602467893 -0.142365888081969
0.0464953915501079 -0.0307753861737399 -0.197467470366988 -0.111024288002276
0.0390560957873507 -0.0281008923551233 -0.229651371195569 -0.0982352200438913
0.0335639745361329 -0.0247250809832944 -0.222207235784709 -0.131146887397963
0.0299063102867896 -0.00304743057071264 -0.125919881145963 -0.180804276331979
0.0226566430165119 0.0261144331439797 0.00441653689453663 -0.160202765204035
-0.0296625487934918 0.0340474348429675 0.0317077685058846 -0.0214535016220314
-0.034669973995365 -0.0288862457824269 -0.0773133738642127 0.0144287410796466
0.0392809228597523 -0.0460108326691011 -0.192254101542371 -0.171780841764923
0.0708874710972456 0.000140373503836732 -0.0311107698148561 -0.474851725117047
-0.0184029068694473 -0.184223326074435 -0.0826892806243232 -0.224970703533328
-0.111754207686575 -0.125466664982636 -0.107594103807626 -0.103989764162781
-0.168207449759365 0.0182666519715838 -0.0271367188792301 -0.0425982438711453
-0.0882558985922075 0.153325200221081 -0.00829825657478732 -0.0451459435908691
0.039469144199834 0.13037518239209 -0.0209456509799184 -0.0915017349007892
0.0927759321018721 0.0730903388739658 -0.0964597590708939 -0.128989718955189
0.130989911605163 0.0183947851298171 -0.166303079448745 -0.102244872999087
0.135134943638514 0.00796465142479551 -0.19305917125069 -0.0979377832929803
0.130612439460693 0.0248602994673743 -0.189756531083393 -0.128803820568174
0.0895310530863815 0.0879401856366267 -0.0939996079855476 -0.174987212806555
0.0259633711865828 0.133846945072445 0.0291589291260887 -0.142080569924786
-0.112135514618837 0.143740411185547 0.0364687683101492 0.00154634609395714
-0.172254002161212 -0.00986030163166329 -0.0951540658605919 0.0187024804032743
-0.0719216460093856 -0.141807979214829 -0.216563032535706 -0.165586776249612
0.0136510027660225 -0.162993416258397 -0.0638504279983105 -0.441450736891791
-0.0689713837966771 -0.288739933952429 -0.0708273947258836 -0.154702495604902
-0.187259299005743 -0.18864783078597 -0.0904436966369064 -0.0810746597636185
-0.263082552446941 0.0203083300013724 -0.0305365775518693 -0.0556289618785795
-0.154795100640042 0.220236619751726 -0.0174705055437972 -0.0427470751486149
0.0303218337932706 0.210948519412141 -0.0234647861925994 -0.0616654513428445
0.123796092801502 0.140586936209313 -0.0693451995137245 -0.0949685922073108
0.198617741866561 0.0651346097393737 -0.113233686681279 -0.0763741862278828
0.211027404002777 0.0432767744301746 -0.125799976100953 -0.082888861566183
0.208283831314127 0.0717289390854183 -0.126262638805394 -0.10667531637733
0.136055269596355 0.167580653150727 -0.0436137913884011 -0.143760781431891
0.0243784547872654 0.227515578426317 0.0587462733250393 -0.103645922745145
-0.185541867003121 0.237467411154656 0.0450063618803521 0.0317839260757487
-0.294216206715755 0.0101535671977935 -0.0975466017248205 0.0326281582606896
-0.176029198666855 -0.222521088213726 -0.216658300106606 -0.132298498472044
-0.0457186047321179 -0.304189603199723 -0.080289411205024 -0.353794426903917
-0.120106884308019 -0.355996692526927 -0.0545845608856017 -0.0475047495889245
-0.259675845323881 -0.222469818385724 -0.0511910438834387 -0.0405393836899013
-0.339266374214184 0.0372727121039576 -0.0250534176579975 -0.0747557339864989
-0.199150703376386 0.281259617372836 -0.0341991703547031 -0.0437304818683981
0.0270497263533514 0.272260331335939 -0.0323583519400782 -0.0188550665205071
0.144570207048894 0.190868783193924 -0.0348856696702377 -0.0403688453575529
0.239143020126322 0.101828483789253 -0.0417175877480198 -0.034922383589131
0.254584607644926 0.0713995252678819 -0.040055705843372 -0.0549336590483893
0.250521444800778 0.106626566417542 -0.0422928322304313 -0.0702261089658732
0.158827968540671 0.221948222228994 0.0189314451972812 -0.0920424218415671
0.0168878722564766 0.28887062623745 0.0888946417182673 -0.0478813816266144
-0.234447438211388 0.299534748251783 0.0569245707852244 0.0658203493836428
-0.375756453352152 0.0265838685538956 -0.0832226321456836 0.0533601386295124
-0.251332563947046 -0.273746478204443 -0.187245855280744 -0.0753673882057127
-0.0933710376538496 -0.396055895276713 -0.0789327359193729 -0.22026646292109
-0.160297938472528 -0.37269052918243 -0.0296969456326828 0.08540657278012
-0.309236014271547 -0.219643708314767 0.0125733682166558 0.0149247330552743
-0.374688592073209 0.0633903449347278 -0.0101686709916193 -0.0918214506878878
-0.207636493850427 0.314308418795327 -0.0533455654266692 -0.0410662432767251
0.0282713758332898 0.296638025818026 -0.0396116067042423 0.036421002333429
0.149299468670187 0.212075582272621 0.00775201227609314 0.0276823886261777
0.248120351472167 0.123856199767235 0.0388074054766526 0.0156914589935063
0.259915098746649 0.0883768137996349 0.052689531691819 -0.0190530349203794
0.251775753374098 0.126069263414204 0.0486005595315352 -0.0252882697243838
0.150516582406439 0.239319424280614 0.0831725186488581 -0.0288156309789778
0.00181036078159926 0.297219205134585 0.113381937864574 0.0159435044386808
-0.244834807047543 0.299718648656529 0.0646895009789242 0.0965979122162486
-0.386186699880319 0.0307133691031515 -0.056332735506018 0.0729331722750265
-0.269632192671062 -0.277435262697154 -0.131108259387419 -0.00962330262963261
-0.120498646537375 -0.416997554322248 -0.0592390641927812 -0.0672732818376492
-0.179013736389893 -0.331575313521502 0.00121583876310655 0.22293100941272
-0.30671777016672 -0.178006003509883 0.0883544105464806 0.078213893541376
-0.343995534969717 0.0797641258442065 0.0116026491206578 -0.0956008406079049
-0.17641390594632 0.290455078056705 -0.0663655720914625 -0.028468786183302
0.0263041542660972 0.268246538865805 -0.0396141470539834 0.0924664119434685
0.130496309207457 0.197937410259592 0.0536045426155924 0.0975259101548963
0.219344130054791 0.124434997591883 0.1170549240122 0.0667973806989291
0.225561296970943 0.0926044711699795 0.138202768184518 0.0194074899236232
0.211833714195125 0.126596382140091 0.128307272923285 0.0206112131957958
0.113523717070872 0.217747411405576 0.13335303326738 0.033162090438665
-0.0211049895866177 0.249362878339259 0.121533767621909 0.0738806253513979
-0.213720954429213 0.231290405532451 0.0614010684446464 0.115740918634914
-0.31745671068817 0.0159641271706465 -0.0285558280127336 0.0832626203361504
-0.225921711928225 -0.2347478906818 -0.0655718951405703 0.0451764570445342
-0.123748233844521 -0.366607502438457 -0.0286176803181677 0.075276619866215
-0.16874242538761 -0.241213086286604 0.029699569454386 0.344093177765031
-0.245614048249876 -0.109296667580897 0.157817279329773 0.140615128449713
-0.248874793622023 0.0733453395498104 0.0385102200761249 -0.08311859479478
-0.116052322403975 0.206895200067444 -0.0658373271486166 -0.0121214091799248
0.0151434270182346 0.188675926962374 -0.033683681462682 0.134652939548925
0.0874287645809104 0.149766293607925 0.0929632789512278 0.155225078574321
0.155849286790406 0.106013605957313 0.180571828552354 0.109083956317572
0.156848490969687 0.0834985518884324 0.20271613006715 0.0551860605033268
0.13994932239757 0.110014789667514 0.184683520010124 0.0610028618368113
0.0564996578744463 0.164755442909547 0.157382798981462 0.0850756600807941
-0.043436767176757 0.162440553470808 0.108085993664375 0.112500968989269
-0.150803367169919 0.121177975224411 0.0458293461423697 0.113605583924115
-0.194485179563366 -0.0080735428440774 -0.00820232880954013 0.0794631620120393
-0.140521043430048 -0.155611088874694 -0.00726666543046413 0.0762739156406799
-0.104449036857452 -0.256293040158062 0.00538657856928339 0.182506911985614
-0.129244793155051 -0.112696403749996 0.0489324996097937 0.429922356397262
-0.142321047038311 -0.0267642916496769 0.207743269256528 0.191061545293773
-0.114154344628865 0.0530581077675063 0.0677660433663028 -0.0617354944285572
-0.0381316639265607 0.0882076355073786 -0.0558805365011387 -0.00197029246103339
-0.00120362480271548 0.0778151567622303 -0.0291173978032265 0.153080838432506
0.0275948344377181 0.0767614966236927 0.115334089677696 0.190952251467933
0.0653069843229091 0.0703843484417578 0.217851048652658 0.135919857121562
0.0640511174918023 0.0620202595762221 0.237776502995042 0.0818415892655399
0.0507654435167386 0.0788033142113801 0.210696717655626 0.0906615131385763
-0.00343305604548971 0.0932290017477282 0.154612721934387 0.119066654103336
-0.0558625971974383 0.0623707820279741 0.0778272398944156 0.128227279846214
-0.073373347059145 0.0110422551034041 0.0241734352443084 0.0945454987200165
-0.0605899965509325 -0.0226946895871284 0.00522891965737365 0.0649932262067831
-0.0490762773394117 -0.0576071305451069 0.0363705133386534 0.0839785583297238
-0.0753708701744903 -0.114613944996002 0.0393919690113179 0.240502925129445
0.0277295551238798 -0.0535162960218495 -0.0787325910963702 -0.247703755837928
-0.0335497466176893 -0.0446570095759532 -0.1011144768311 -0.111034307658494
-0.0605293156977934 0.0201713036153585 -0.0185048479219378 -0.0357633696681513
-0.0119492347136283 0.074552571424446 -0.00539591870218964 -0.0497661832192709
0.0439775448778146 0.0387036685410443 -0.0229966079997401 -0.105402167896085
0.0491566023363579 -0.00187206734447953 -0.107445788422683 -0.138502894721558
0.0436477114988208 -0.0293966150865693 -0.184090023652194 -0.11130436290072
0.0375304297455545 -0.0270445479486594 -0.217999055686048 -0.100545413134765
0.0315831648493721 -0.0229575718948794 -0.209557579005925 -0.131929204975816
0.0285879581462713 -0.00226586877716738 -0.116518040221825 -0.178317749508113
0.0215838292553149 0.0244928584540576 0.00773424493598489 -0.155026433482443
-0.0281202755333481 0.0327844732284064 0.0333971228589851 -0.0221059440530992
-0.0333061675272264 -0.0271215253658618 -0.0706699543871329 0.0119480866960975
0.0378150404202041 -0.0428852124407536 -0.176239474784054 -0.168620945594184
0.0673636978995201 0.00115372086542027 -0.0176529210205787 -0.456214092474121
-0.0144872281037264 -0.176470489188798 -0.0705641239872439 -0.221887790509693
-0.103786153886191 -0.123057646977258 -0.10099514572984 -0.103467987917772
-0.160761694202395 0.0141172223306962 -0.0273124935412667 -0.0393881815123345
-0.0865191482808564 0.144873901779661 -0.00607616061821378 -0.0396242137070283
0.0355629544893707 0.125700018751333 -0.0147976170847983 -0.0865450043134114
0.0870706318374988 0.0713725016008886 -0.0871584402915046 -0.125747257224461
0.123878497824556 0.0190870993159556 -0.154797216224361 -0.103779454410881
0.12808727369518 0.00911514384273404 -0.182914584383109 -0.100914185746217
0.123519855122935 0.026560544366121 -0.177658508512825 -0.129231768607315
0.0834857994881193 0.0863239459101574 -0.0864969936871673 -0.17230607839448
0.0218243476571636 0.128681207417597 0.0309859694849322 -0.137889980903271
-0.110371485217206 0.135107195127456 0.0370785969477852 0.000579722701951892
-0.16507824011641 -0.0132143593119424 -0.0877307918078117 0.0149325454667845
-0.0643758623658689 -0.139421522530095 -0.20019958755668 -0.162532061951734
0.018080549535727 -0.157029870400066 -0.0487710461772782 -0.425307751760433
-0.0594045879072105 -0.278035749176376 -0.0619572772863411 -0.154345984946872
-0.173520694271323 -0.186674306910177 -0.0858578109317121 -0.0809523317797301
-0.251474964528991 0.0130647589116625 -0.0304367807602358 -0.0513160153225595
-0.152550439764326 0.20846448685303 -0.01440935258082 -0.0375329644689362
0.0244682423000185 0.202795553553125 -0.0175374597647507 -0.0585618611703908
0.115937008993286 0.137803250223959 -0.0621615562647296 -0.0925258117171989
0.187675826696018 0.0665599856646187 -0.104818588023578 -0.0788461413082295
0.199792111480905 0.0440166263206108 -0.119734901662793 -0.0847976758952116
0.196193238120828 0.0724277822972268 -0.117544912282558 -0.10727705242682
0.125890462254873 0.164467513610144 -0.0388366720813039 -0.141447421896691
0.0177256521569604 0.218268295387972 0.0581072892193389 -0.100799293389541
-0.183403018296471 0.223573009504351 0.0448804739119334 0.0297676719558206
-0.282575374983387 0.00197950741166227 -0.0909772722398485 0.0278371934302475
-0.162083129698552 -0.220455465321787 -0.202148789779997 -0.130356865138496
-0.0328595613143389 -0.293413036963663 -0.0668312376946285 -0.339684261496032
-0.105521687268449 -0.344433128816126 -0.049798376785842 -0.0505399659305403
-0.24228743186 -0.222627060114654 -0.0497507119450126 -0.0401929336350469
-0.325552796413927 0.0287351196492935 -0.0250092246623049 -0.0692644501693639
-0.196325474597326 0.26578396136795 -0.0299999223728409 -0.0396765978137057
0.0196401105665874 0.262321159413861 -0.0271255083947243 -0.0176367227812398
0.134350576010852 0.187461537857585 -0.0305516821789418 -0.040421123550338
0.225936038580344 0.103227580254916 -0.0379866718571814 -0.0376170761065203
0.240627831120874 0.0725831936829201 -0.0377428715714934 -0.0559711983929904
0.236281493456921 0.107230800350554 -0.0381712078505604 -0.0694078401499058
0.146200649276986 0.216886323674083 0.019971009280737 -0.0911311768485062
0.00931518072129632 0.276793630134917 0.085090139146789 -0.047915110507434
-0.232043583059893 0.281446719611181 0.0547863810849916 0.0619963422907829
-0.361182316517958 0.0164038679273763 -0.0777053988152167 0.0469915264116927
-0.231601964259443 -0.271176723702113 -0.175952762707617 -0.0745791716369218
-0.0756104608228519 -0.380989523506557 -0.0681906050885348 -0.211762277858966
-0.143140168895368 -0.362381768266239 -0.0306964948945369 0.0780322616691013
-0.28858454973844 -0.221361681004151 0.00927947455238308 0.0147534265345247
-0.360322408710543 0.0508621790070691 -0.0109863917031273 -0.0844298295789669
-0.206055493192458 0.29654415969797 -0.0489007772765796 -0.0372042993683967
0.0198940134572378 0.285917780302402 -0.0360840808269106 0.0341381384163476
0.138507111187793 0.208506713422596 0.00782675614384536 0.0262709917692231
0.233822995661205 0.124331637910597 0.0377620636526737 0.0128385586009855
0.24571521470324 0.0892869900521926 0.0502062852504897 -0.0194446349534862
0.237159386117598 0.125740087597801 0.0471165018952069 -0.0241728355547638
0.138578132533409 0.233231379220488 0.0790646785289699 -0.0292693116342491
-0.0053859519816963 0.285300204245504 0.106661904948294 0.0142097417306439
-0.241826236697199 0.280563518883364 0.0598756231919819 0.0913049367138657
-0.371089289526616 0.0180103383437962 -0.0529609336762132 0.0658785938887998
-0.249666743822032 -0.275452146560662 -0.123721186287914 -0.0100679938484568
-0.102608765884183 -0.403062747657056 -0.0534109567523276 -0.0633453924216692
-0.161331136461142 -0.324145139998634 -0.00506371843197751 0.212714613639603
-0.287555050479798 -0.181869472167209 0.080019723344755 0.0780321634000734
-0.332325381235468 0.0671874430558088 0.00968033430806141 -0.0880620936569105
-0.17719285842295 0.27388585225441 -0.0621748983852591 -0.0256382947734001
0.0184310341865998 0.258763916277717 -0.0377286021757761 0.0878688407519687
0.120481654121486 0.194763533742971 0.0499885297864891 0.0948357321765267
0.206980874448489 0.124920728153309 0.111250988866529 0.0638841291265406
0.212987143301455 0.093295450357618 0.130723321013207 0.0197961030470184
0.198767173408788 0.125688930994564 0.122028687773405 0.0225179908582542
0.103307922653717 0.212387183100354 0.125286714643505 0.0323068268816386
-0.0258466142147287 0.239601264059689 0.112617735200884 0.0689874601385516
-0.210594949389149 0.214861964049737 0.0557323248982379 0.109150058786729
-0.303784384990404 0.0071946801485751 -0.0269199116489947 0.0749063551973509
-0.207785060804231 -0.232818205685875 -0.062597783648239 0.0440171261595355
-0.105655468553491 -0.353078488281963 -0.0280054997704035 0.0744294205119769
-0.152571100444495 -0.236721098857168 0.0183668280571514 0.330795361419264
-0.230475898211426 -0.114987934391574 0.144462166437146 0.139636453727737
-0.240187385951705 0.0636620488679179 0.0346476107349427 -0.0762297065750363
-0.117071393058099 0.194368279286318 -0.0639171280706308 -0.0105898328391229
0.00874457179256706 0.181760368796115 -0.0340273199830095 0.128988411100792
0.080598832188263 0.147601020279866 0.0855868602831526 0.15127012801237
0.146399944376617 0.106294128412058 0.170240503545919 0.106157241013568
0.148205966873361 0.0836005081463673 0.192433951513358 0.0566870904367343
0.132255837575597 0.108357136907345 0.174456315906135 0.0620544841972393
0.0503593926394254 0.160233880608304 0.147378253000322 0.0833709344190616
-0.0457395000677095 0.155549287358086 0.0982156824625115 0.106761787445651
-0.148755651165323 0.111633813353721 0.0408787146442834 0.106293957256586
-0.185755921253098 -0.0127078320900483 -0.00753233794271564 0.0719007482182939
-0.128223148788399 -0.153635767509478 -0.0078196390343734 0.0742521079179109
-0.0902131758192319 -0.247833067201424 0.00161287790321582 0.1785237512726
-0.118224630738758 -0.112561746213795 0.0340303900136138 0.415232069896308
-0.133872111563149 -0.03170527465991 0.190983306715023 0.189507244522265
-0.110534126080929 0.0476873315544468 0.0617805531240281 -0.0556914925817254
-0.0405512123869063 0.0829649291797129 -0.0552590431862982 -0.000952379425022435
-0.00435073695725013 0.074704625272889 -0.0306883401643897 0.14758020269726
0.0245032069948101 0.0759858525926626 0.106099191197753 0.186814409988552
0.0609419349212127 0.0701941498895667 0.204956118261017 0.134197244856034
0.0603218343152817 0.0611595876397606 0.225335315005578 0.0845354361043217
0.0478874446932028 0.0764158141266306 0.197683477419366 0.0924548592758438
-0.00522248444726126 0.0895835305100446 0.143188555815217 0.116213038728887
-0.0551092036356834 0.059752186071365 0.0685608825978302 0.120923085782624
-0.0719920066290172 0.00811724303357472 0.0210569869315079 0.0870657980947569
-0.057287357713233 -0.0238059058624382 0.0053070231201607 0.0594881538192985
-0.0439574549682975 -0.0573947366373149 0.0341001564547493 0.0827395450826543
-0.0668666784669178 -0.110916113680985 0.0312642543587163 0.23445912016711
0.0278898560172931 -0.0508623308226029 -0.0646467033445634 -0.253889331132197
-0.0318921306981331 -0.0443896209833065 -0.0959009702026106 -0.116763434471612
-0.0607130879956497 0.0185368593967867 -0.0188998458246804 -0.0349643155747008
-0.0133582499648978 0.073914090419806 -0.00300941018310132 -0.0453760593560372
0.043420802376872 0.0402217210999504 -0.0161381899940191 -0.103345516436525
0.0491671701722038 -0.000482124175994654 -0.098066140820606 -0.142689308667768
0.0440524583805128 -0.0278524552395304 -0.17589525566904 -0.119570438152233
0.0384834238096641 -0.0264513633839739 -0.213056341358182 -0.110326500014391
0.0317891442703361 -0.0217908272492851 -0.201627521917279 -0.141277168019111
0.0283033777252623 -0.00113818688334055 -0.108888299658167 -0.184309838011123
0.0207441785909053 0.0241539487641432 0.0140299591673865 -0.155633714229885
-0.0284834396563033 0.0327223709286286 0.036615888043193 -0.022399988253501
-0.032236668650252 -0.0271710304413287 -0.0665451130371757 0.00818638651467932
0.0388353885445984 -0.0412362201353048 -0.164030973263721 -0.175082686234041
0.0663680140245411 0.00343861416884538 0.00413943845428554 -0.455218279868388
-0.00815261332059747 -0.175087988149611 -0.0582645288874977 -0.228145767018298
-0.0980707059976817 -0.126587589780068 -0.0959698429344363 -0.108946347306261
-0.159942340503003 0.00811384517584804 -0.0272453293939425 -0.0385145326021808
-0.08996039539738 0.140990014492254 -0.00340369512946466 -0.0356123546092256
0.0307906736661749 0.126450625210256 -0.00827832295105032 -0.0845887668152535
0.0837966873955538 0.0742062001573721 -0.0783357349213144 -0.128963211266432
0.121084786991957 0.0236925987631356 -0.147334371500631 -0.111992384252938
0.126289247062141 0.0127223072397808 -0.17824219784257 -0.109244640288563
0.12048297510372 0.0310381023335542 -0.169701271077621 -0.137466786592199
0.0787139252999543 0.0899782563956328 -0.0784081645668288 -0.177419365600924
0.016449064552516 0.127861703925987 0.0365144523356091 -0.138123670290877
-0.115141449684956 0.129977912807435 0.0394784279217024 0.000829638375671522
-0.164274225667392 -0.0197806193900016 -0.0841446712500034 0.0104731230569093
-0.0574763768012776 -0.143551250427383 -0.18942830797751 -0.169403146712272
0.0257924697143002 -0.156228224844612 -0.0283992490802627 -0.425893784730911
-0.0469632927290469 -0.278835460958225 -0.0528852505518887 -0.160722805286526
-0.164338630320934 -0.19496973649513 -0.0828626706267595 -0.0852774371264767
-0.249520202843806 0.00323207769594329 -0.0301367261860146 -0.0493516412077567
-0.158920120542811 0.200884156687635 -0.0109109570974459 -0.0348813408472022
0.0167969452725667 0.202892325833451 -0.0112148425119425 -0.0578898616928938
0.109884981967738 0.141931005905789 -0.0554328530373402 -0.095398164783552
0.182329290977059 0.0733738792269198 -0.0991158913356739 -0.0856089512012261
0.195725683542191 0.0511368094282317 -0.115809976844601 -0.0917702328594266
0.191197077366642 0.0794516590236269 -0.111434008327831 -0.112475639040833
0.116977925114192 0.16946678613149 -0.0330959914277419 -0.145364547773692
0.00876861271468078 0.217820337626508 0.0614761630016809 -0.100896417188454
-0.191156549274228 0.214864577211213 0.0454986785453426 0.029948342032297
-0.280959108396973 -0.00925735708076745 -0.088693997736429 0.0217613619401418
-0.149230575406937 -0.228784285504739 -0.192756552671518 -0.136292283600235
-0.018180191648668 -0.293981384902481 -0.0500597638448149 -0.341183415539445
-0.088208649222345 -0.346901667922005 -0.046912394394 -0.0559377514787993
-0.229573278782677 -0.234337052216798 -0.0496909139067449 -0.042703042123001
-0.325056040562668 0.0145559280499423 -0.0246107295867518 -0.0661808401284426
-0.205983267548786 0.256802262878509 -0.0263309107983186 -0.0375596610804115
0.00870090590153962 0.261709184059242 -0.0227029833794151 -0.0188381698573608
0.126584590992197 0.19253190654692 -0.0269810267433112 -0.0413109277522207
0.219625525131462 0.112037137971292 -0.034367221062874 -0.0423465027677758
0.235178066655859 0.0801591599694594 -0.0356983927142362 -0.0594620946169109
0.229099445850544 0.115743657596617 -0.0344972312628247 -0.0718633783741671
0.135695253697212 0.222275166889769 0.0226098740499931 -0.0927535456793908
-0.00189474029716331 0.276189990728559 0.085417457937675 -0.0476986486662264
-0.242637995371711 0.268471620373691 0.052862028776281 0.0620583361269922
-0.359156982967999 0.00115612372854907 -0.0761372138911861 0.0403354869891249
-0.21522874514699 -0.281829045946604 -0.169165713947273 -0.0797298530988009
-0.055213981969397 -0.381994213068075 -0.056917089288507 -0.212165292452386
-0.124729590809157 -0.366762543771244 -0.0335890114895228 0.0737539813336423
-0.27532780608955 -0.236537794382044 0.00586078612484416 0.0161212804300722
-0.359810046052728 0.0355732479907402 -0.010483527941962 -0.0806837445412756
-0.217978591567083 0.286173206849415 -0.0450208281679712 -0.0363577110328387
0.00707402933308699 0.285235727738681 -0.0334643645525658 0.0322511204117503
0.129312495801697 0.214790789245397 0.00799773384848849 0.0264612716920183
0.227350279827109 0.133876186772581 0.0380121335696639 0.0111726386616884
0.239692814082032 0.0975604317110683 0.0498057368116278 -0.0191760294526025
0.228966021961274 0.133593376495465 0.0476922702063198 -0.0226171924431884
0.126987562660934 0.238363084443643 0.079042531008445 -0.0281645002075013
-0.0177626649230419 0.284253819964616 0.10377515941698 0.0140943153389729
-0.252252601965812 0.268152834057553 0.0568722205105455 0.0910197903999214
-0.369076819394766 0.00332774576276864 -0.0529973037167423 0.0589286531720034
-0.233281809117468 -0.287335028656184 -0.121007165017898 -0.0130357516829668
-0.0796625854727889 -0.404664394289528 -0.0486027075122881 -0.0635535973913681
-0.14375005207172 -0.330825742974555 -0.0154140088963614 0.210521453921336
-0.276265283519103 -0.19757257465037 0.0731012651256153 0.082421384589063
-0.332604613839585 0.0516506844606733 0.0101304207523923 -0.0832856569134554
-0.188701958092708 0.265022448907585 -0.0595258065737305 -0.0260414769476481
0.00640204342246242 0.258901761596964 -0.0382521887168143 0.0858204589888691
0.111955216225747 0.200366058315003 0.0463812521625745 0.0966107489081935
0.200844475739559 0.133668680992985 0.108488689946558 0.0648572178453147
0.2076033224396 0.100687486096975 0.128685478851706 0.0236335509815415
0.192155474092665 0.132248619469521 0.120130296547664 0.0267516988732229
0.0931477576107037 0.215714580443689 0.121937201946455 0.03513161943254
-0.036500009531319 0.23755675348042 0.106877813214139 0.0696545215663022
-0.218546509954965 0.204584333162654 0.0513760524352962 0.107503013062936
-0.30168645531626 -0.00625545391257764 -0.0280099982824609 0.0697381757860428
-0.193601674733826 -0.242506015240288 -0.0633210476743352 0.0426718917757654
-0.0852754607358695 -0.355405854653167 -0.0298530265581709 0.0752024186816555
-0.139053703170928 -0.243238311960862 0.00254476600585224 0.330234215403888
-0.222231780826806 -0.128189646386656 0.134196037559547 0.146397588588029
-0.242143182886253 0.0520496501329701 0.0338488205192517 -0.0709558291590648
-0.126249464131247 0.187799046706426 -0.0629523642710899 -0.0109536845695273
-0.000339336727307783 0.181769458385352 -0.0381913708643724 0.127124187420896
0.0743612739497693 0.15192789051044 0.0791734821663417 0.154969971282668
0.141869511709705 0.112449963870909 0.16513043499977 0.111120902101542
0.143909645761761 0.088659432810856 0.188255088418131 0.0633620806043076
0.126691288073542 0.112315756353658 0.169998905367237 0.0697952483493011
0.0431641763261789 0.162348726377789 0.140932687214818 0.0869178494366191
-0.0518387692808658 0.153822459501805 0.0910580704898198 0.106535695960674
-0.153341451959959 0.104165508815374 0.0360384388914287 0.10401211567752
-0.183318452543372 -0.0213646911962549 -0.00866293570267862 0.0673501384205112
-0.118337947549729 -0.159411210903666 -0.0101296489970342 0.0752652808652564
-0.0752494205435792 -0.249388319707587 -0.00576857259934334 0.180040907675543
-0.110892120568615 -0.11884583453461 0.0132763461156285 0.416466916694875
-0.130368790532638 -0.0404072204555347 0.178918148191683 0.198238196192854
-0.111978098444315 0.0415853069550629 0.0604417300877552 -0.0503026976099828
-0.0455943017497236 0.0798124370261312 -0.0559558336915141 -0.00111312824678902
-0.00920509678904229 0.0746817558272569 -0.0363987253524496 0.146222250882713
0.0216932897073575 0.0778883840605824 0.0982629503953781 0.190785529935077
0.058480397214325 0.0730304472445305 0.198346391300296 0.141240767564568
0.0575905076384198 0.0640283014017973 0.220164852368156 0.0928599445734649
0.044964761992829 0.0775429378559958 0.191599806740471 0.100639012741092
-0.00812114491780089 0.0905001441200462 0.135663267985094 0.121047919121177
-0.0575477635580716 0.0584262661311214 0.0606969042054245 0.120051183602875
-0.0733270868037064 0.0048564688121304 0.0167832932128711 0.0839652646562732
-0.0557367000888662 -0.0270531036124876 0.00478695225039019 0.0558346080809887
-0.039171642191458 -0.0595461868103972 0.0308059276022673 0.0841820743782201
-0.0591680111818009 -0.112958261340513 0.020776500453811 0.237854129227784
0.0285890772084144 -0.0501768153929808 -0.0553662280766442 -0.268931133506522
-0.03208643349435 -0.0452816130011893 -0.095603066199685 -0.126436626493053
-0.0626589401928776 0.0184820766896204 -0.0207569456087361 -0.0349928810298181
-0.0136189907029974 0.0760880570462713 -0.00153965745172274 -0.0429823459429256
0.0447906462176194 0.0428580687398762 -0.0101172017673525 -0.104704445294024
0.0508480754623712 0.000281062079884492 -0.0936672787433918 -0.150873692204782
0.0450282184717753 -0.0285971879012828 -0.176001377141101 -0.130860369105769
0.039582878057748 -0.02723386138419 -0.217233663242271 -0.121476021272683
0.032657577978987 -0.0215269153151249 -0.20363535982962 -0.15356536946192
0.0292951117660497 0.000319599914678989 -0.107046560328566 -0.195639307547321
0.0208102365248855 0.0246656950389483 0.0197861759783182 -0.161928790167124
-0.0291049483367136 0.0336086404125675 0.0406658704381604 -0.0237978358833946
-0.0330039899106359 -0.0283573050576391 -0.0648104615045565 0.00514707544757047
0.0401715056045796 -0.0428654039091239 -0.159745281844625 -0.18526405359618
0.0675379563171528 0.00491517324223906 0.0185748308720468 -0.47144937863692
-0.0034161561684337 -0.179932281288592 -0.0501460612549105 -0.241924092552034
-0.0968592572061532 -0.13398369872935 -0.0961393364243529 -0.117804047732794
-0.164696514977413 0.00402860919700697 -0.0283224580656869 -0.0376674652877869
-0.0957575298896033 0.142782672671499 -0.00153365245318402 -0.0336929110589523
0.0288806507683062 0.131675139250045 -0.00246528167295271 -0.0859590850518625
0.0848756273667899 0.0788913982300197 -0.0738573338810001 -0.135885720754553
0.123367585387916 0.0285539875598881 -0.146847595688131 -0.122966808168224
0.129468443382373 0.0160886100823645 -0.181529513113847 -0.120553555145021
0.122465036166602 0.0361266512714783 -0.170924189493072 -0.148763567343306
0.0781872852386909 0.0963914780871048 -0.0761114826040168 -0.188577700188547
0.0129308967721915 0.132236787163589 0.0426378017847391 -0.14358224487849
-0.122446794179713 0.131201589847995 0.0435228273091503 0.00106202155297269
-0.169539402570953 -0.0252178956569836 -0.0836678623288081 0.00673487027041476
-0.0539985756728384 -0.151620826695902 -0.185923488780826 -0.179956599455267
0.0326819699327197 -0.161663227084411 -0.0141977209165161 -0.441561205777655
-0.0390571516946511 -0.288904948078706 -0.0478784371023246 -0.172064961536133
-0.162658557592994 -0.207284901530684 -0.0843071173835081 -0.0914601741741831
-0.257939064603006 -0.00461120939155154 -0.0308054303929628 -0.0489546786926245
-0.169520879405186 0.203367533676946 -0.00847342585151128 -0.0332483901071965
0.0116551655958645 0.210175813619696 -0.00612896283979341 -0.0590201546752445
0.109403643485373 0.150066650084475 -0.0515473585614812 -0.100868656048251
0.185052606716473 0.0815691838919688 -0.097874646410689 -0.0945640192993657
0.199985770839972 0.0572499626308133 -0.117780676567229 -0.100241129087432
0.193316153244569 0.0884981250355053 -0.110704110288035 -0.121689856494678
0.115443395243368 0.180388953366938 -0.0303058360887115 -0.154500815440046
0.00198462845081495 0.224974274322758 0.0667330547446059 -0.105283945158519
-0.205088743654722 0.215517797521449 0.0489152326585701 0.0308186392183444
-0.290556469567863 -0.0185148637669867 -0.0892371350824306 0.0180596770642467
-0.144397119407482 -0.244728462396834 -0.192799913318562 -0.145768092362544
-0.00663161885638953 -0.305556438311235 -0.0382456579800537 -0.353773768844842
-0.0783274637605729 -0.36149395576713 -0.0453857136357304 -0.0624009050880068
-0.229136454827412 -0.252587519237507 -0.0517326896995898 -0.0458361819687825
-0.335447913095427 0.00456076157326704 -0.0250996258041271 -0.0655266546389587
-0.221358626306267 0.258976858457337 -0.023620282511327 -0.0369997025705005
0.000949970754220502 0.272158238487273 -0.0188031912721849 -0.0201191714590882
0.125109576166564 0.203586764658443 -0.0243909693883149 -0.0442665953253763
0.222498721127592 0.123262005372877 -0.0329534730833218 -0.0480168604311794
0.240083401317475 0.0890428393473106 -0.0360712337687486 -0.0648292312762804
0.23195513609193 0.127008695649016 -0.0325016339771197 -0.0772129227672702
0.13177148988034 0.23564025970033 0.0252401330415076 -0.0985334524552641
-0.0113220019335099 0.285306226699065 0.0889438154823879 -0.0497128541966844
-0.26027078435207 0.269214213313081 0.0544824133703327 0.0643289771532579
-0.370798940882737 -0.0103654394982312 -0.0778242361431371 0.0362211199623468
-0.210098855299991 -0.302442037307557 -0.170733339828204 -0.0859832156786699
-0.0407206947289694 -0.399293107631704 -0.0497007451921457 -0.219976102770842
-0.113524304673666 -0.382988778589577 -0.037688875716921 0.0732758200433824
-0.276145893677585 -0.257521359802281 0.00338341174679404 0.0181956895259514
-0.374215884048432 0.0244779168203586 -0.00992251787264861 -0.0801693314540821
-0.235111557230512 0.289808812842186 -0.043605686697395 -0.0365208287252454
-0.00180649910225948 0.29650644204276 -0.0326378735832873 0.0322119392173442
0.127705344081826 0.226916856906955 0.00882325754893991 0.027313596351564
0.230101746697429 0.146207556269307 0.0398607727432474 0.00938005220138613
0.243967918244207 0.107036110772791 0.0516978026951803 -0.0200602792655833
0.23152360726691 0.144674286662343 0.0509582615386844 -0.0234652903487755
0.122709280893862 0.251908923121157 0.081232665546048 -0.0294803831290589
-0.027285815321888 0.292601686948338 0.10487157740611 0.0146775519278062
-0.270829906376316 0.267563183974526 0.0565707660588472 0.093949982300854
-0.381556784748878 -0.00839694396016284 -0.0549296696470314 0.0561841140391491
-0.227965924948523 -0.308710652777485 -0.12334633231589 -0.0154673938725807
-0.0647717988160573 -0.421466110829495 -0.0465081322248379 -0.0653142175734862
-0.135374955978422 -0.347988581621091 -0.0243210872038838 0.216636078791581
-0.277769830838486 -0.218301946598812 0.0699847962911417 0.0897407834243004
-0.346253173534239 0.0417354770633846 0.0107984107021071 -0.0821610368717751
-0.205343775225757 0.268275279321913 -0.0593162045623658 -0.0263673959422294
-0.00329998401680971 0.268711517906049 -0.0404845395587433 0.087449775332566
0.110378782198794 0.212548421038394 0.0460906570380917 0.101617788915621
0.203220169310354 0.14522039106019 0.110650348787531 0.0685771363015477
0.210711792826352 0.109415661426997 0.131495258560252 0.0275430855883746
0.193585394311649 0.142333475106378 0.12351114006281 0.0311033987656696
0.088757665470246 0.226868983215473 0.122847535221816 0.0375934200506614
-0.0450290742718343 0.244443277778434 0.105430606482274 0.0720677452334998
-0.234600774564598 0.203061762298228 0.0502069075997191 0.11010409312985
-0.310670720669522 -0.0167251846537081 -0.0304170802816638 0.0669950151230976
-0.187803395203796 -0.260338384767427 -0.0657622875489182 0.0435853516749147
-0.0715493082973376 -0.371422422501757 -0.0316426780776287 0.0796429902748381
-0.132762044546013 -0.2583774128758 -0.0108064607753871 0.342985317288902
-0.224191936798722 -0.143919485792952 0.130926772688287 0.158146430674631
-0.2524606110727 0.0446832053256937 0.0349848563303091 -0.069266859557023
-0.138754481455636 0.189544111680891 -0.064585310675906 -0.0117723877916593
-0.00793127187845967 0.188944346574814 -0.0424508567419876 0.130723394739673
0.0724894620175383 0.161006272670285 0.0776139158876168 0.163408890103118
0.143814582424805 0.121433940883379 0.166898752482822 0.119094835043801
0.145803278037994 0.0957363060537224 0.192084791873046 0.0705666858981826
0.126701507681155 0.11962897528709 0.173341844142804 0.0774159061637698
0.0393869822050465 0.170073538104138 0.140523989285261 0.09228251860458
-0.0585516379198397 0.157886303416164 0.0875050619708959 0.109885018729689
-0.163249684085267 0.101438597738085 0.0339160492315058 0.105261737753056
-0.187908959913146 -0.0284703020535558 -0.0104977786030583 0.0652720906974336
-0.113476322953362 -0.170735298705459 -0.012630751461339 0.0785516997951269
-0.0653694943224814 -0.260999927016937 -0.0115118403647282 0.189192058186839
-0.108706966028977 -0.127465901822901 -0.00162523121634939 0.433247988795862
-0.132261460528978 -0.0494079803460543 0.174970371644482 0.212650668720034
-0.117285740733577 0.0380942139607719 0.0603530346594359 -0.047601317457132
-0.0517386563057422 0.0797479135352665 -0.0585871067624184 -0.00153039049504734
-0.013830876621855 0.0770342642142 -0.0420065487889438 0.150609380430149
0.0196905051100246 0.0830483016653033 0.0949084597698348 0.201382830091251
0.058553455109311 0.0776326436783556 0.199918006387268 0.152040944128949
0.0582213891496747 0.0677834446299901 0.223991293849202 0.102939768970495
0.0443554471550441 0.0813899158348747 0.193105878442488 0.111154020535737
-0.0114434307009491 0.0938905442841742 0.133903056144834 0.127903674541775
-0.061593096361487 0.0597369802267826 0.0558370918422136 0.123667797414358
-0.0775537115195685 0.0018927028954644 0.013251641089143 0.0834531936676766
-0.056586474077938 -0.0303790285509601 0.00416409893566386 0.0547453062207091
-0.036057694635094 -0.0638718194619423 0.0288704577086971 0.0890727952666986
-0.0541394920312079 -0.118297886059439 0.0131888700979102 0.249261422140438
0.0283869211127624 -0.0520369242729369 -0.0584749751179324 -0.288919066761276
-0.0338091936007956 -0.0462183246976469 -0.10296419484517 -0.135894691767034
-0.0653063986177501 0.0209302490024078 -0.0238975697229544 -0.0344561982794288
-0.0122317372488758 0.0804211165115317 -0.00123974509153094 -0.0404715841672505
0.0489019275249849 0.0442827143810856 -0.00758773596169036 -0.108071767672656
0.0544436558734279 -0.000856186597438064 -0.096914868687884 -0.159291123040826
0.0468844725615548 -0.0306662625930725 -0.185033762505523 -0.139183964045479
0.0410205040618407 -0.0297609303644804 -0.230559322785892 -0.128006373091415
0.0342464675159692 -0.0234451716360837 -0.215690457355187 -0.16257658680101
0.0305915361882711 0.000261015459915732 -0.114126994256743 -0.208501479650209
0.0221631334186482 0.0253494206107495 0.0207154595743987 -0.172574553464295
-0.0296448023722117 0.0361551559217302 0.0451147813919231 -0.0274405556804952
-0.0358580192650887 -0.0284370599651435 -0.0645362176071834 0.00436378035262066
0.0409761466838531 -0.045778562765662 -0.164927304214187 -0.19515721270832
0.0697085669645164 0.00420139786883956 0.0175742117119316 -0.498415701958362
-0.00434414114701829 -0.18884110478973 -0.0525185579223226 -0.261205015822407
-0.102522578366723 -0.140882077390666 -0.103277943223452 -0.125716796708241
-0.172816689593069 0.00680508370588805 -0.031970616040219 -0.0371658200747145
-0.0987492916241068 0.151271678846435 -8.0323190777107E-05 -0.0317848871782575
0.0326673982957483 0.138671021570033 0.00117530562046421 -0.0893707356371859
0.0908628618344242 0.082429037277 -0.0757752263584622 -0.14408490944381
0.129590635593867 0.0292919981071021 -0.153586513548333 -0.131915039438647
0.135963819678909 0.0149271334154658 -0.193570158850242 -0.128130232302585
0.129189318046145 0.0377230844296062 -0.181436215358858 -0.158582507971302
0.08313599422978 0.102361206324074 -0.0822001992859463 -0.201721199990508
0.0137812609359305 0.13896080408492 0.0447594616577362 -0.154111731876971
-0.128771290942565 0.13933442326414 0.0488429444934776 -0.00107130434966143
-0.179520871583994 -0.0250157848695632 -0.0855605350302044 0.00568549874912992
-0.0576123358939649 -0.162942772455934 -0.194197530992897 -0.188531193772354
0.0342684024608359 -0.172612109055818 -0.0156502056464641 -0.467646846066588
-0.0412497439963247 -0.304509033731715 -0.0508136002467539 -0.185293411944805
-0.171596109869237 -0.220146306999713 -0.090585709947851 -0.0968848810979509
-0.27195596969592 -0.0024797353136533 -0.0344703988079068 -0.0477049072590822
-0.176699061460853 0.216052384167915 -0.00668600411490171 -0.0319132967859957
0.0140878230814918 0.222763442123122 -0.00271892835894358 -0.0623189890584427
0.11728064444798 0.15790312419134 -0.0524964382521547 -0.106919463726522
0.195428953980428 0.0853560066784795 -0.102520574463463 -0.102890257800467
0.210285621545793 0.0574174524950311 -0.126157347921212 -0.107430006970065
0.203480820014662 0.0925467956995111 -0.117255335007527 -0.129660349355613
0.122577992460878 0.190887501291228 -0.0338929221826896 -0.166382828467469
0.00190736493017698 0.237245300292854 0.0701936370525981 -0.114613171186973
-0.216324621355441 0.228863687436644 0.0543081473259514 0.0309598803496695
-0.307032643494457 -0.0186518701977293 -0.0921376139337267 0.0173982019236592
-0.152344547644046 -0.262655835059164 -0.200601548013782 -0.151113463647668
-0.00633535834410847 -0.325219669761419 -0.0406124789803257 -0.37330030812961
-0.083651224959573 -0.382024556889364 -0.0482610665353254 -0.0686437403753729
-0.242678355142805 -0.269062550441112 -0.0563708704105266 -0.0470641993902847
-0.355246719578023 0.00692028238490935 -0.027951653867796 -0.065242298257141
-0.231578900442653 0.276391704834018 -0.0231643622382699 -0.0366681209417694
0.00253993546789974 0.288560002419296 -0.0160619631371789 -0.021162184709266
0.134351863016997 0.214929900487946 -0.0238761059332381 -0.0471937152464505
0.235537534157751 0.129769768963684 -0.0342205639294428 -0.0547042952533293
0.253383967493025 0.0907328204630876 -0.0401091579221174 -0.0704980160007506
0.244717827951011 0.13283729405511 -0.0338556826327467 -0.0831142014547398
0.140766129685816 0.249576853169863 0.024876148520045 -0.106637618090301
-0.0109156050805128 0.301544675081114 0.0929761372301372 -0.0563147394150553
-0.275674484047636 0.285744603367486 0.060505548446683 0.065656919409534
-0.392623860744637 -0.0101837626757718 -0.0810921765304976 0.0363396912742864
-0.220934998925993 -0.324221285274545 -0.177953529670587 -0.0875150749472124
-0.0430291574743587 -0.423284202843894 -0.0513848866743621 -0.231402225165682
-0.119723774794566 -0.406106616025906 -0.039570532327486 0.0761795325025391
-0.291846232270924 -0.27531348903762 0.00198370532262056 0.0205748195010644
-0.395036449922711 0.027190704033711 -0.012545577913398 -0.0802174626953002
-0.248186500299386 0.308953054498086 -0.0443322104966812 -0.0366842186413365
-0.00156003593835799 0.315154744937699 -0.0306489543586339 0.0331526400113838
0.137443536541283 0.240200500548108 0.0116298083265851 0.0287595457001575
0.243646671861082 0.153181531773246 0.0432759312206549 0.00643934021495469
0.257406723476163 0.109859969048499 0.0531849408505396 -0.0230504930687569
0.244337997438073 0.152083617685733 0.0543171990211453 -0.025897156084873
0.130273448663329 0.267246942559375 0.0837164713715549 -0.0342693193561145
-0.0280278405866595 0.310869663008542 0.109356899882415 0.0110888471511464
-0.286325543363325 0.284397476092803 0.0618017391257419 0.0967382837787045
-0.401647892089376 -0.0079406176416788 -0.0579008010600415 0.0557867116275791
-0.239266928784121 -0.329226580955131 -0.129122333179951 -0.0131887658198528
-0.0670638962185403 -0.447526906580773 -0.0468931727474358 -0.0667380267118812
-0.140659444757264 -0.369724672174829 -0.025420839458659 0.229236565536414
-0.293483787253447 -0.234311142449241 0.0726141751168551 0.0970152356473808
-0.366496961945034 0.0441958181254714 0.00912503987913449 -0.0825580980224738
-0.217597138062629 0.285011348598263 -0.0615279755030459 -0.0260768577862057
-0.00361881202564804 0.286354180225735 -0.0397323326500863 0.0923638428796798
0.11852363771734 0.226050776135158 0.0503569134707511 0.107689419429044
0.215551644622563 0.152734517297729 0.118015735248829 0.0690703604465946
0.223069877568196 0.113332743659571 0.138710612763211 0.0273461089477518
0.204727519134336 0.149178304253815 0.130670196793075 0.0314007128264124
0.0943885038858328 0.24104956317485 0.127990696692453 0.0372421794630652
-0.0469415651956185 0.259330632712243 0.109333763238497 0.0723229504241892
-0.247851749125577 0.21564333166076 0.0538766796890052 0.113374317431422
-0.326930251535426 -0.0166222552496157 -0.0315459560434137 0.0669982485565822
-0.196835470624398 -0.277712717034445 -0.0684031815672837 0.0487993717613516
-0.0738011880490611 -0.392667483886262 -0.0316480935704372 0.0869770858020534
-0.139255988293299 -0.273985849329433 -0.0109909303410671 0.364031570312007
-0.237203907052625 -0.156114769476892 0.136874792123225 0.16970050715274
-0.267967861446231 0.046563161223322 0.0343809399666093 -0.0702182008988717
-0.148413316581973 0.201474668314489 -0.0681847507478958 -0.0105596083255399
-0.00922830093689957 0.200998815844196 -0.0427219371096019 0.138394579284565
0.078026376133675 0.171456054148812 0.0828827344678712 0.173243917251886
0.152309529873203 0.127862111879181 0.177939709176289 0.123728994913685
0.154732165294049 0.0994522813875739 0.202762285258227 0.0736153312097798
0.1346690907902 0.125837978920954 0.182720104579289 0.0811513815890945
0.0421853005277879 0.180042597209582 0.146601812076632 0.0959431489735613
-0.0611949687648057 0.167888986203664 0.09031577293306 0.112192537508477
-0.173368753390071 0.107985338472787 0.0359309815123136 0.107919974986281
-0.197557189204127 -0.0297828105353234 -0.0106554435318717 0.0655989353752682
-0.117172086287231 -0.183048660692861 -0.0129646269485069 0.0848773960802705
-0.0667840462866968 -0.275999510366756 -0.0102483769168385 0.203134952966963
-0.114148665323484 -0.135979778703866 -0.00260107403033338 0.460384539135811
-0.139565322958082 -0.0546733916523592 0.18340336320519 0.226300082973832
-0.124392230543863 0.0398217479477185 0.0606207888382401 -0.0492671227324655
-0.0565190549708553 0.0840922644343041 -0.0633318043970146 0.00022946040693983
-0.0165545924100789 0.0823276446354598 -0.0432230438064995 0.16043398629188
0.0215789880874541 0.0884600250374186 0.101457116375189 0.213885641086784
0.0626182324546431 0.0822352535601655 0.211868884221443 0.160077962773022
0.0622418787812986 0.0714254158945569 0.237597214126559 0.107790563160803
0.0477372501989248 0.0855479472110811 0.204294762491005 0.11698932391391
-0.0111603070480255 0.0997601242694937 0.138834775744777 0.13401951021456
-0.0652411236152647 0.0642396649458801 0.0559316243992179 0.128197534788625
-0.0836879093557558 0.00213700782988432 0.0142151935243177 0.08505550276492
-0.0591562097270942 -0.0325381867692185 0.00516270949489709 0.0544633086997915
-0.0358518329446881 -0.0684371513110165 0.0307059610495358 0.0949820666826545
-0.054556381104999 -0.125683826563502 0.0148519978881574 0.267527413618658
0.0321598471906213 -0.0490789527689212 -0.0040049466599735 -0.310889870034365
-0.0280657024404783 -0.0509527801141007 -0.0843831740072897 -0.161794109556356
-0.069681843252504 0.00982740648593324 -0.0240574157958017 -0.0366561417035271
-0.0254826534293371 0.0779729109758633 0.00449386998388887 -0.0330928899883838
0.0404512308042698 0.0534616488626792 0.0169677974743186 -0.108429821343873
0.0540424554342024 0.00822004792406982 -0.069007369222488 -0.182459960197106
0.0516682933925939 -0.0234954414685244 -0.165915957517355 -0.178998920322826
0.0461683028714359 -0.0229408700431817 -0.217097384704446 -0.175760272700183
0.0390880161901672 -0.017136246672984 -0.197832786067485 -0.207555789093286
0.0309403898289934 0.00506222289997903 -0.0843083265815583 -0.237528327509965
0.0181007124891617 0.0293418222067424 0.0503976150226986 -0.17719638410025
-0.035764309347742 0.0325207675800103 0.0551113287174169 -0.0250813647921886
-0.0322660229293351 -0.0363345460929046 -0.0619167784921855 -0.00729167938574632
0.0500766735122405 -0.0435963647480037 -0.132199479613014 -0.227058984528951
0.071315923403816 0.0133054441372 0.114917093836548 -0.514377864019271
0.0275556970175347 -0.194480040866427 -0.0035308909768844 -0.286096133792256
-0.0789502958776712 -0.160372923391541 -0.0886012026391887 -0.153469638288059
-0.175506810911517 -0.0255135011170854 -0.0374198518524401 -0.0409783921129704
-0.124743383253494 0.134975381669115 -0.003501939116639 -0.0221694201959802
0.00604301204042114 0.145831858546592 0.0229134020192936 -0.083679821445578
0.0756545232249683 0.100843769221834 -0.0488588590570429 -0.161177735002831
0.125343013684577 0.052667701924641 -0.133440854467927 -0.163574273061979
0.133967454635851 0.0427025135224197 -0.178866426051385 -0.168891186828026
0.124394089899255 0.0637285599483062 -0.164011331205479 -0.197313617280099
0.06476600740959 0.121254647715981 -0.0546124777903226 -0.22691167375802
-0.0161426127181249 0.14554044208584 0.0733409065666596 -0.159031956730584
-0.158860371358354 0.12153085719769 0.0580883306526277 -0.00474932767704948
-0.181226410492153 -0.065740031210317 -0.0813475764302719 -0.00773664577047639
-0.0273163695839816 -0.187434542973206 -0.159473080381954 -0.217533286137044
0.0729331519464766 -0.182752684727586 0.0713089857540462 -0.479042419304069
0.01526203251306 -0.31774699478737 -0.0157532758766614 -0.213732111642684
-0.133261351176869 -0.254238543156103 -0.0820790473040212 -0.123674240679985
-0.273285702751472 -0.0538085191090837 -0.0442563889338803 -0.052377935504141
-0.215438055794273 0.186960284102005 -0.0163300173394657 -0.0217963473339544
-0.0286110276108465 0.2281692987729 0.0152003906409715 -0.0522309711302249
0.089453907923621 0.184067817098334 -0.0310586456279728 -0.116453158418317
0.18248456512278 0.122750525340204 -0.0853984031420942 -0.12213322575022
0.20156205896893 0.102429204582041 -0.112765487747314 -0.135181633248218
0.190010592642859 0.135414459161462 -0.104117022060104 -0.156842570231268
0.0882951668853533 0.221538799126256 -0.0136715317800889 -0.182841380909846
-0.0500452176586036 0.246234697433341 0.092416044732586 -0.117562084643391
-0.267750492423232 0.197710107299757 0.0616229231803197 0.0221663869749702
-0.314377116717474 -0.0883074046275065 -0.0879815881705091 0.00322955368080711
-0.104054903639026 -0.311338702656418 -0.169997432143504 -0.176025195384927
0.0646875502974338 -0.353464057595464 0.0257744180589484 -0.377301365701397
-0.00948974505797986 -0.403444285212543 -0.0349765480588074 -0.0968857758171413
-0.194274579040993 -0.317397198326091 -0.0572590251830814 -0.0667493403890974
-0.359429164664862 -0.0618608735910795 -0.0400906185761657 -0.0680578962418062
-0.282548264147694 0.238094429310709 -0.0373441545643922 -0.027780953949229
-0.0524604661650182 0.293640668566795 -0.00632664808958847 -0.00851355183935371
0.0965370252990516 0.246259266776822 -0.0115137445967769 -0.0477855226299191
0.215992702037381 0.174810967743999 -0.0217058144594189 -0.0571934749637335
0.239127830125743 0.146024651097051 -0.0292837066935565 -0.0813060729921646
0.224670739819785 0.184740319524531 -0.0257510170003001 -0.0938831628618821
0.0950207233539462 0.286385302920271 0.0357286641952163 -0.111907944959057
-0.0779795243500553 0.310284736429687 0.106946255478295 -0.0567123081244779
-0.340627907706321 0.24688559884625 0.0637366043341221 0.0543943888327402
-0.403265910078028 -0.10001328800939 -0.0791173332139186 0.0243233993005813
-0.161245979164954 -0.389430819277481 -0.155885321738606 -0.102995231025719
0.0491286609464278 -0.463563878150938 -0.0141293485109302 -0.226047794760817
-0.0378221040880621 -0.43461356479306 -0.0551519120550741 0.0522261179698869
-0.242104622953674 -0.335939434201296 -0.0113867186716804 0.0133790734824984
-0.405563088254644 -0.0505599668882503 -0.0240864756778482 -0.0793270219861065
-0.305390805354013 0.267885846529028 -0.0618220355164688 -0.0302929536793402
-0.0611686126247531 0.321145260034865 -0.0315229815064118 0.0468246061347424
0.0954253240226139 0.273971875311108 0.0115627960329082 0.0380327114060081
0.220315600225133 0.201146530230582 0.0476022551294034 0.0208872142560212
0.240823382814966 0.166957754786797 0.058820899540964 -0.0155593026221291
0.22031620868792 0.204757618159326 0.0561844299950233 -0.0193531786846739
0.0820360041749521 0.302936844450944 0.0844378729478759 -0.0269115819027433
-0.0972782503158506 0.31671026672674 0.111724096822709 0.0152770900938876
-0.3520381109677 0.243163884998946 0.0601470666200959 0.0855233454383179
-0.413927968234263 -0.0963504546173764 -0.0584202766722409 0.0470319081484054
-0.177761384603152 -0.396438369190744 -0.11870004955058 -0.0176605580842867
0.02892568327834 -0.492664360835722 -0.0415519613508578 -0.0519343656291115
-0.0627442067562493 -0.399727555357011 -0.0700128172249443 0.212906807171328
-0.248717250350267 -0.295317376664958 0.0480363393189326 0.107051409149554
-0.380168605584494 -0.0276440912788413 -0.000488956179397838 -0.0773836290148061
-0.271616299755496 0.250552337450317 -0.0805170067125622 -0.0240068300229235
-0.0581200172867725 0.291753732520262 -0.0525888380148871 0.104379092600879
0.0799573361833383 0.255882442330281 0.0373147971233942 0.126915313697132
0.192548307630359 0.196404879081846 0.113478184095383 0.0997736926152712
0.205203514047173 0.162829972942708 0.137664152651301 0.0522758858335842
0.180219248260205 0.19404890662872 0.126642437597049 0.0539373107401444
0.0499182410282606 0.268927491284885 0.118709343772308 0.0549186831720392
-0.106276118164483 0.26083172090119 0.101716539374573 0.080092916362856
-0.29935828884371 0.178959512787886 0.0462361258760829 0.105806310016228
-0.333384777442164 -0.0906137391301338 -0.035925231505398 0.0630001750069216
-0.144081014518198 -0.331941364102041 -0.0702287272852849 0.0540467214795341
0.0104779908179389 -0.433770086507042 -0.0542304692949521 0.108238519583215
-0.0784345295335534 -0.300670288607357 -0.0813854555121782 0.358239873103818
-0.205839560988896 -0.206088961202998 0.102961064312189 0.195845174110164
-0.279996129494864 -0.00632100387925119 0.0287225743854098 -0.0604961199139572
-0.187160211504337 0.178035212332283 -0.0841968597762734 -0.0126102163606234
-0.0476476236069594 0.204692721013316 -0.0668760050795667 0.147579346871987
0.0489478026378376 0.192573761009528 0.0583052860931465 0.200372904977782
0.133711273882136 0.159345994532181 0.165014657118816 0.166627342809571
0.1384561069014 0.134679906397913 0.19786667178096 0.111808853655558
0.113186736423773 0.155793343815411 0.173453153273919 0.115507301527649
0.00864025622722641 0.196063628508821 0.129557178169868 0.120548987813246
-0.101070270462269 0.162562682094945 0.0735800124564069 0.122201112976633
-0.202312455474056 0.0807376084941675 0.0261494930691449 0.104515432991302
-0.196688286150166 -0.0754107306501813 -0.0172021865588366 0.0642198583497375
-0.0810883802544986 -0.215010936879954 -0.0236467642738879 0.0952423437468018
-0.00738225439538564 -0.306089236803987 -0.0529675107136564 0.227324637299026
-0.0793222445887721 -0.154159744015897 -0.090393543549615 0.462642926187485
-0.125298290599371 -0.0847950898619107 0.143035690960523 0.265262741142923
-0.13357075029487 0.013461021622112 0.0594937057262416 -0.0357773609455634
-0.0740393175817307 0.0748388959141218 -0.0734357658500024 -0.00542224237118182
-0.0316951046832673 0.0830935992503796 -0.0735200782004881 0.165053719085599
0.00766734979151038 0.0966778870082702 0.0684916151669778 0.243026368673912
0.0505641841230527 0.0960846053701042 0.193500435130866 0.208503532220389
0.0511982509102365 0.086327675278224 0.227327736712789 0.155639896087319
0.0323354014260403 0.0972349624320661 0.190661685485757 0.157169436169292
-0.0299508038871724 0.102480688334032 0.117390818434502 0.160247306199514
-0.0815853802707719 0.0545643438553677 0.0362755907265003 0.137437990218621
-0.0886551462021547 -0.0123580163672616 0.00384589271305736 0.0841341277975413
-0.0531505886997555 -0.0467377121731442 -0.00222601871910999 0.0545355967580931
-0.0204846072638533 -0.0780987963194522 0.0155750676438577 0.106918438847664
-0.0279958956818228 -0.142773469026733 -0.0375267643474926 0.291038823809698
0.0278629570362098 -0.0502478738215378 -0.0228664116758917 -0.31677119992751
-0.0311712700815385 -0.0480746818346222 -0.0973321145900887 -0.159366951554102
-0.068242691641633 0.0156768223089276 -0.027782669800821 -0.033143273709734
-0.0187183580579502 0.0796483955974707 0.00398414872669372 -0.0290207390401511
0.0462622606536574 0.0495188574178769 0.0131548787294587 -0.108861863478266
0.0550002032841851 0.00343852627141455 -0.0789558850467924 -0.179527070119637
0.0500513254873864 -0.0272450287837757 -0.176963699511364 -0.170470443779363
0.044190998314651 -0.0270940868900497 -0.230543768652241 -0.162005179074171
0.0376079284425843 -0.0198889716714471 -0.213119068905277 -0.196730775278461
0.0319007374084611 0.0032780396334302 -0.100818237263568 -0.235161838779547
0.0201205828922634 0.0278516626949031 0.039171079480177 -0.183836258520642
-0.0326071970512661 0.0357108446771787 0.0557896814510183 -0.0309265245441473
-0.0350018637670462 -0.0325336376660358 -0.0592253585507141 -0.00436348507019093
0.0455942005535763 -0.0475694998529401 -0.143077047849438 -0.219244703996513
0.0712312979057015 0.00783241040311529 0.0818532856230796 -0.526128491004383
0.0145665139804245 -0.195952334009549 -0.0213669390281874 -0.291180829707721
-0.0886606598793154 -0.155918965982759 -0.100054390706022 -0.150218026731785
-0.176441075596607 -0.0125783539086625 -0.0409906425982128 -0.0362511579598466
-0.114446192887392 0.144774777745672 -0.00279281226240045 -0.0186437114735515
0.0175500678034415 0.145698250918608 0.0213163758413897 -0.0847359941323424
0.0836796474209403 0.095090804952897 -0.0576749592085131 -0.159935418466618
0.128855255643466 0.0441769565209949 -0.14422731999898 -0.158552654698709
0.13590190424014 0.0323944480478978 -0.19203399282374 -0.157679888376478
0.128724409469304 0.056134616153986 -0.178941985896429 -0.189570409402574
0.0731515986601617 0.118538039655252 -0.0710301457462345 -0.226576307961328
-0.00668632526125233 0.146753675968083 0.0634770285882263 -0.167475420423072
-0.152024315248108 0.132858482939125 0.060799314804542 -0.0102424286669202
-0.186371903129018 -0.053791871683487 -0.0796469478945737 -0.00381171970950641
-0.0402756036931969 -0.189854916985944 -0.170390078370822 -0.206865766139322
0.0607394008767547 -0.189648994718507 0.0404061564993898 -0.485865921835114
-0.00539166530616521 -0.319770661613266 -0.0289522768571735 -0.216461283954833
-0.149258918291347 -0.248118294044723 -0.0913473365191034 -0.119288258460294
-0.276867406658756 -0.0344812716172002 -0.0483572732402384 -0.0466518734423943
-0.202856620269818 0.203196302299074 -0.0163037057896584 -0.0176736848633077
-0.0118905836965274 0.231227998787763 0.0156412028030349 -0.0534317010865676
0.102758934738998 0.178028697496827 -0.0363471405411937 -0.116003594834543
0.190636845473749 0.110359801004121 -0.0923516488693659 -0.120500292015401
0.208145189738445 0.0868594937661625 -0.123408997861594 -0.129652710190692
0.199690168572254 0.123138487751515 -0.114886851695977 -0.152993229637229
0.103033842296284 0.217990833324557 -0.026859829706332 -0.185490026571736
-0.0344344776555747 0.249804089199977 0.0852604588104715 -0.127788388489523
-0.2562055477925 0.216960368413376 0.0660639776131995 0.0164513579436817
-0.321460469657336 -0.0681098186697311 -0.0866450422567434 0.00748353445265807
-0.124014491066181 -0.310230403303306 -0.179018920755921 -0.162972228026159
0.0424495644805205 -0.360490670566179 0.0020378488501379 -0.380669412192789
-0.0343174686951908 -0.405336335093443 -0.0411684707302826 -0.0972318888344816
-0.215105804655226 -0.308643365784186 -0.0632748905168244 -0.0628141372327433
-0.36501195613631 -0.0372169175003607 -0.0453355653971182 -0.0623374629984213
-0.266813842327889 0.260057912581374 -0.0379336861337243 -0.0232696420327478
-0.0318759119997988 0.299277650786374 -0.00332440057960186 -0.00949658572045335
0.114865127192752 0.240830212096826 -0.0128511789726071 -0.0487698067723773
0.228665778634535 0.161482934204214 -0.0252467346464768 -0.0602992402090715
0.249239162375575 0.128570322958876 -0.0362833282913219 -0.0817709100193007
0.237531873152726 0.16989154550524 -0.0322523106414766 -0.0948488919032786
0.114876252960072 0.28332777057897 0.0263709400381339 -0.117325785110201
-0.0587207156051715 0.317058776008359 0.102463417661283 -0.0676722541347875
-0.326104335067612 0.270662935022198 0.0698641226048488 0.0482377052225912
-0.410527543978527 -0.0729099788483272 -0.0776071926222347 0.0277851438561091
-0.187789808314868 -0.384951079839989 -0.16021991037913 -0.0897051311963195
0.0208282560276605 -0.468737633338196 -0.0277694488379741 -0.22449748659575
-0.0641379970729599 -0.434816356884368 -0.0511971643562843 0.0553735777189599
-0.265846090933919 -0.324378452048825 -0.0111237812086395 0.0156441918759476
-0.410429164968842 -0.0230347439715787 -0.0311686862505906 -0.0741200655607104
-0.288969798216043 0.291742080328123 -0.0628920087868396 -0.0245159479876833
-0.0405220251699577 0.327872280354583 -0.0256119768740878 0.0482444415583719
0.115139134818924 0.269784336725304 0.0162462267802634 0.0365125480481146
0.235202768166663 0.187647150293461 0.0494026551000293 0.0143917156480518
0.252160727513815 0.149186326431889 0.0569737265505858 -0.021129487412591
0.234774662983959 0.190345713175991 0.0555994048197266 -0.0256238698642879
0.102219779179725 0.300617508467758 0.0802330258477658 -0.0347421445888749
-0.0775617854021098 0.324614297395175 0.111442303013495 0.00405110872682699
-0.33831475246574 0.267779982722022 0.0670536542111567 0.0797478697678375
-0.420880411879261 -0.072142173801827 -0.0562345226272924 0.0499992087118679
-0.202100489173825 -0.391816242839658 -0.118833508445178 -0.00638872315632074
-0.000510209053171428 -0.49665019211094 -0.0428010964854784 -0.0475971488608217
-0.0873968797524763 -0.397785957083229 -0.0562246297193003 0.218915982958002
-0.269070717701423 -0.284613003009984 0.0546151595361508 0.106004152772767
-0.383699276479662 -0.00285863424946928 -0.00757870539751387 -0.0744361764469508
-0.25748286500283 0.270650787792172 -0.0818798257523586 -0.0164920766976086
-0.0395654558577504 0.298771550777364 -0.0437660367480252 0.107631517864093
0.0982800479312438 0.252445972576964 0.0476040743824498 0.124819238662308
0.20651433903389 0.18404599282847 0.121418967830496 0.090038128789889
0.216882291892503 0.148270569071808 0.141359044228865 0.0421406327172705
0.19390153160886 0.181965737353597 0.131438849181008 0.0441036896647185
0.067848380638295 0.26897509249967 0.120425318681357 0.0457474684875256
-0.0894590349912725 0.269037801046374 0.104599591721452 0.07024075812651
-0.29005822055003 0.199841055684504 0.0541235985791543 0.100537323822977
-0.33948840336565 -0.0701411168730658 -0.0327793388442096 0.0636588295330432
-0.163521205310434 -0.32926477878724 -0.0663391441264615 0.0623107223479585
-0.0148433794154357 -0.437013438495168 -0.0453234720490005 0.11548822629041
-0.0954841894076332 -0.298070308668246 -0.0587770412254374 0.365968433168624
-0.219221101661264 -0.197211521574856 0.115466803054078 0.192743052014364
-0.281931985633458 0.011440321301057 0.0222898749014329 -0.0601681548696572
-0.178631434098325 0.191762176741047 -0.0868120295871705 -0.00524531667588543
-0.0356708924018214 0.210259501948219 -0.0562533209405902 0.153021959508911
0.062828763593716 0.191297521197904 0.0729014613231604 0.197485531683535
0.14502554258195 0.151683996262503 0.177736050391671 0.153815526838361
0.148990521235129 0.124858319610406 0.205129202309607 0.0989924867726363
0.12412658298663 0.148808123878325 0.182362952802074 0.103425029985125
0.0218979958077437 0.197430340465829 0.135489256672742 0.111602104944389
-0.0906582125887298 0.170738386759821 0.0796216456593647 0.114738065954108
-0.198310719035502 0.0950259983862688 0.032845639500816 0.100431087053716
-0.201344358283914 -0.0636758794861255 -0.013487466927367 0.0634851795187053
-0.0925068489319406 -0.21392883887968 -0.0175414186093094 0.0999761327265796
-0.0254515817093742 -0.307566466432394 -0.0362745082958574 0.235692200502417
-0.088112533464802 -0.150726449962113 -0.0609410260236798 0.472981108302783
-0.131067355311659 -0.0793917824994127 0.159806750829908 0.258612536603359
-0.133947256776648 0.0222414344908025 0.0543319736997819 -0.0369553199029376
-0.0710956187146301 0.0802165173118662 -0.0756696240119191 0.000793413241605695
-0.0280939912937938 0.0869057219169472 -0.0633692254205563 0.171311040338888
0.0141195401139511 0.0982080180263622 0.0860949068172785 0.241296867887119
0.0575607165356794 0.0935826432297503 0.208760343313414 0.195695726776759
0.0581880395899363 0.0831925683294761 0.238698959291359 0.140813000505902
0.0400281632913584 0.0953143379127572 0.201592649361822 0.145204739306251
-0.0228076707613462 0.106188158326344 0.12632498085318 0.152730575082447
-0.0786367157612636 0.0614003751695306 0.0420114836895295 0.133383706628064
-0.090972948633268 -0.00625943775003592 0.00856255010894476 0.0809230941507721
-0.0559886404912438 -0.0448185860591842 0.00197328030071364 0.0525706311291748
-0.0230263189896247 -0.0792777920669617 0.0220381078460433 0.107883570090354
-0.0350826625502451 -0.141914377328421 -0.0177168446921056 0.298061716833807
0.023996213877121 -0.0487797784584992 -0.0366792063051077 -0.309395484202846
-0.0319767490925906 -0.045151987111763 -0.103375576544252 -0.152287904524697
-0.0642585671497781 0.0186072508069253 -0.0284714449711673 -0.0290308481443005
-0.0129552282699486 0.0781564382284219 0.00413094918195212 -0.0250301844137733
0.0481678908252589 0.0449635615807243 0.0109867581948626 -0.104560273988257
0.0538356000675388 -0.000295850116440653 -0.0827324254424292 -0.172172942137102
0.0468524389474292 -0.028983427913821 -0.178633673927105 -0.160077513361426
0.0408312129313099 -0.0292924640689123 -0.230680487650547 -0.146572792562231
0.0352724374574489 -0.0210901031555737 -0.216857328668093 -0.181661143922246
0.0310202340583069 0.00152971894211068 -0.109686445410458 -0.225202947411408
0.0206789299675203 0.0250902633088038 0.0302847548642427 -0.181524312452421
-0.0284934400209335 0.0364854127145786 0.0540476298011224 -0.0350667622391393
-0.0353190494901391 -0.0284970435427021 -0.0546911338823388 -0.00368451753102992
0.0404274278010359 -0.0483258463855634 -0.144854545378903 -0.206659694743055
0.0675042079825416 0.00393155996049336 0.0546528828480952 -0.514406439827003
0.00593111712024496 -0.190443844209939 -0.0333213250013223 -0.284468234995407
-0.0925243666833744 -0.147913303089832 -0.105314587974312 -0.14285150035856
-0.169841445306751 -0.00343188723196365 -0.0418985397059312 -0.0313305595137452
-0.102950097839521 0.145601896429344 -0.0016740715927582 -0.0142399793653392
0.0252426110960926 0.139145944424585 0.020144188015127 -0.0830580923875871
0.085868678824213 0.0871933835693774 -0.0609917440752515 -0.154114389184967
0.12694886827501 0.0362834780730202 -0.14674851699429 -0.150663414080179
0.132906792722697 0.0237725612453135 -0.194833741027387 -0.145216943141801
0.126911706651298 0.0486351017742319 -0.182748956235368 -0.176419298966457
0.0764466825478406 0.112304551273921 -0.0810742235827355 -0.219005947608918
-0.000358958728024327 0.142660382347443 0.0540472389379658 -0.16795803139962
-0.139988657973146 0.136549472680342 0.0611178497443905 -0.0150617810375427
-0.182526820244399 -0.0434869854007853 -0.075292264443093 -0.00130564976120786
-0.0488982121083639 -0.184304650289408 -0.170351033016819 -0.192273618456191
0.0502099587747674 -0.187223085249604 0.0184124533287684 -0.473000709541797
-0.0183020453427571 -0.310112058583053 -0.0377246671091556 -0.211256175884415
-0.155770823301694 -0.235677832928574 -0.0950152210244948 -0.112655097613734
-0.268661180460476 -0.0197235111268005 -0.0490575574855484 -0.0403928205749012
-0.185288965154342 0.207504170488118 -0.0147796029157867 -0.0136906008245554
0.0004354113770508 0.224871027291831 0.0156479946531396 -0.0536568690650422
0.108519483202512 0.167440644533408 -0.0388709225405656 -0.113043832772981
0.191027350139318 0.0979603101213073 -0.0957818913172793 -0.116192728231972
0.205429111608713 0.0732250828086177 -0.127383448865851 -0.120975469537993
0.199116793904704 0.110415178816518 -0.119299740584028 -0.145367516150247
0.110673301719056 0.208417977609701 -0.0369620266526628 -0.181076430124164
-0.0228539393943734 0.244224644736177 0.0765271445461189 -0.131316683589544
-0.237943765758065 0.22187227043002 0.0670126412052516 0.0109446965705106
-0.314239031686068 -0.0524568956605398 -0.0822607057320146 0.0105020314185817
-0.134882179340782 -0.299554609548023 -0.176841120448343 -0.14759477126629
0.0257050171276508 -0.351755693718623 -0.0137576118234563 -0.368375287814479
-0.0491313257931673 -0.391825496898584 -0.0438275953178076 -0.0944771421135103
-0.221734267832902 -0.292941257116942 -0.0644672369158413 -0.0585410877199267
-0.354131954527404 -0.018309777993945 -0.0472699897962146 -0.054578791578304
-0.24543850328495 0.26586524308337 -0.0359407766496786 -0.0184312738993343
-0.0163542277704107 0.29255549879077 -0.000255554013925582 -0.0102614890368608
0.123294313992629 0.227906594544924 -0.0129761373319112 -0.0487401805578945
0.229769837934744 0.146122112452158 -0.027335235282261 -0.0611738435111703
0.246849461175109 0.111073991623081 -0.0401088871524561 -0.0782666137179146
0.238412563712462 0.154661396745392 -0.0359340543674587 -0.0932257882290764
0.124338117004506 0.271330665852425 0.0181926237132481 -0.117356416570103
-0.0429728115734685 0.310706599632327 0.0951542810241688 -0.0744965875852529
-0.303369963770423 0.278499458941858 0.0721702839267431 0.0415695892656869
-0.401429028206274 -0.0532077968642595 -0.0734905855697817 0.0302163053800765
-0.197395771564154 -0.370693908891727 -0.15664116844282 -0.0768702982694898
0.000105699262876603 -0.457445407855173 -0.0347833659552842 -0.214887066606896
-0.0788434114157833 -0.420697293812571 -0.047062746450124 0.0553201107813053
-0.271389029286442 -0.307442861612357 -0.0105799980612928 0.0160722464514643
-0.398532225686692 -0.00306637505037347 -0.0338943610582646 -0.066946578204614
-0.267071174333584 0.298433393093569 -0.0612353452872902 -0.0185635122431727
-0.0231660351513911 0.321629060143989 -0.0199769955416959 0.0464807248244229
0.124831394821857 0.256001933655493 0.0185632854848226 0.0334084765331558
0.238301157739212 0.171362179845161 0.0482483044203942 0.0081134865790169
0.250596964519817 0.131750088288747 0.0533383172617714 -0.024249381022253
0.236702952494128 0.173949100164919 0.051843156771976 -0.0301267408659917
0.113661385448643 0.288763415354874 0.0738151844324439 -0.0392143377131488
-0.0606950592635346 0.319360082577675 0.105692723368192 -0.00482556238982626
-0.316929827646918 0.275514150420128 0.0699499111832938 0.0726052353384454
-0.40977187283582 -0.0523754148248062 -0.0524787925816089 0.0493908739566216
-0.212066200819265 -0.376332383704396 -0.11278367328779 0.00194535734573572
-0.0196545739776626 -0.481273208468452 -0.0416306160684631 -0.0423061640177912
-0.100246108095774 -0.383220203227654 -0.0439591660245364 0.215145943079898
-0.273010626774773 -0.268360334254026 0.0571074299778181 0.102038442668826
-0.37250079715022 0.0142345344071077 -0.0117786055723917 -0.0680306461175354
-0.237805095256843 0.275832713955518 -0.0799564181414393 -0.0104883535882149
-0.0253755944911606 0.293706310983053 -0.0358188537116409 0.106137972878568
0.107918261950575 0.241198833138255 0.0524343676934151 0.118306441512808
0.210448985010559 0.169251505357007 0.121304916470632 0.0782791878502855
0.216768730815892 0.13250328287825 0.138348241241754 0.0334865179503547
0.196241428346505 0.167591144645235 0.12927637478925 0.0349860119305051
0.0785211836739513 0.259644095720383 0.116707585908416 0.0380593516266631
-0.0746841510200203 0.266004075712634 0.102050250616287 0.0603060679001816
-0.272971777179662 0.207664624373359 0.0581272384523707 0.092210722186228
-0.330875721358675 -0.0542401738031989 -0.0296072925102681 0.0614659871053627
-0.171476639522827 -0.316164757804034 -0.0597551680511377 0.0658593509315968
-0.0319790577310949 -0.423005168914968 -0.0368020627126947 0.116527137811031
-0.103767292191332 -0.286043512867592 -0.0406512339614725 0.358780085935637
-0.220875877712857 -0.184777847525486 0.119920629955267 0.183043199659656
-0.273390605956545 0.023009821455307 0.0166780209010259 -0.0559418800171367
-0.165554375270389 0.195198098681732 -0.0850324197869206 0.000207219937544476
-0.0263175088432696 0.20772178179411 -0.0468559461411643 0.15118624351638
0.0703646660337787 0.183490970930294 0.0801603889481063 0.188827780434113
0.148526754195141 0.140190679576592 0.178914616973448 0.140160219393115
0.150345064655362 0.113376331424439 0.203197590917132 0.0863480171913414
0.12750057690827 0.13842219498835 0.181418295357534 0.0907229789807014
0.030276768601145 0.192294824158593 0.134185921637683 0.101032712019535
-0.0800550436225485 0.170803557790568 0.0786754409287849 0.105540456516658
-0.189307466275173 0.101479127220691 0.0361458807149344 0.0931996413557985
-0.196970145317669 -0.053775709233472 -0.0106587178738222 0.0600126457084853
-0.0967412985418639 -0.207293297048307 -0.0115593908205849 0.099672596099563
-0.0354541424448605 -0.297355943983185 -0.0230079930139116 0.232890981702841
-0.0907048645072163 -0.143016072860093 -0.0389299358457117 0.462539775407596
-0.130033880353414 -0.073190283388196 0.165153151643503 0.245453910898465
-0.128993210853288 0.02734877787727 0.0478792450795813 -0.0357052023510219
-0.0672338582799412 0.0809546142357416 -0.0748363355793871 0.00590751175034159
-0.025322015044507 0.0869643077669516 -0.0536017103874077 0.170398542004184
0.018488840406622 0.0952466792508451 0.0945489620345527 0.231577254811768
0.0610830402015275 0.0886559101608834 0.211154041408828 0.180315001923669
0.0606917548310059 0.077511428064899 0.238182885114965 0.12527154071598
0.0433625227003472 0.0902669144687772 0.202270841102046 0.131766838509473
-0.016984865252832 0.104682971989323 0.126697887064746 0.14257571403285
-0.0738402808408267 0.0638407694899057 0.0436437282282637 0.126482430529909
-0.0898113045374146 -0.00163375028999838 0.0110105231675828 0.0752194884143216
-0.0560633868350324 -0.042353388562749 0.00389318424431996 0.0485616268777257
-0.0237308867902201 -0.0781286394650424 0.025924272697066 0.105099298876111
-0.0384375962345927 -0.136244951873512 -0.00198237293009442 0.292908791894516
0.0219501474848645 -0.0464567408588209 -0.0383308115606509 -0.30186623921985
-0.0309680690858555 -0.0426903235122448 -0.103245237881032 -0.14764064130959
-0.0604870552224958 0.0190644191376666 -0.0287095122799645 -0.0259952607267498
-0.0108016548135759 0.074990146510464 0.00556050369037754 -0.0210099055070902
0.0486570817123773 0.0416229336096932 0.0134522160934856 -0.10022083397158
0.052356432043353 -0.00240685670306962 -0.07979337464007 -0.166685123672389
0.0448729873301702 -0.0286947625311835 -0.174449668809611 -0.155395670653748
0.0386273075033885 -0.029349707633808 -0.225343987312461 -0.139279842690178
0.0331642160404484 -0.0206205290729007 -0.21194525374358 -0.173790357843223
0.0304758908168367 0.00127867025070623 -0.109398505770568 -0.218590099125677
0.0206578799737421 0.0235842818721632 0.0276128900785224 -0.178194356982428
-0.0265053866769408 0.0360073006836595 0.053177221757131 -0.0368720561907831
-0.0337055384683125 -0.026323232249871 -0.0504863105040986 -0.00443595372738455
0.0370631507936284 -0.0468453607534651 -0.137377366748558 -0.199174154160714
0.0640284211327986 0.00327555341462241 0.0477962191221195 -0.497046733024142
0.00382124893825035 -0.183592681736339 -0.035266068919578 -0.277587529545965
-0.0904894220571273 -0.142436362142427 -0.104712286273251 -0.138653439129769
-0.162709798314134 -0.00116177395623137 -0.0408133410330034 -0.027634140035944
-0.0958382276916282 0.142121095026246 2.8328269853868E-05 -0.0110871170511058
0.0269728142581051 0.133734380559062 0.0222375575406211 -0.0802859975801563
0.0840845219862275 0.0818893594268597 -0.0592506213635868 -0.150169030275451
0.123205065354095 0.0333387712610326 -0.14367450437892 -0.147323320229982
0.127630579293943 0.0206933810169424 -0.190576602519276 -0.138968891187776
0.123047850015772 0.045735222232166 -0.17955169227834 -0.170616841336224
0.0754940517496489 0.10871657866879 -0.0818727887913134 -0.212834734476444
0.000622779470279381 0.137909479770045 0.0506105969320744 -0.166021799802446
-0.133589694850716 0.133864743414376 0.0607217024311422 -0.0170880862859058
-0.176481583020837 -0.0396141243900552 -0.0708435561098683 -0.00164317740246614
-0.049549814492849 -0.180071067084979 -0.162388030158595 -0.184011683374904
0.0465558168064375 -0.181627033080138 0.013575683522753 -0.457225281954912
-0.0196259387415442 -0.299444497869137 -0.0380395101681303 -0.20606034775028
-0.152254214652688 -0.228009439726934 -0.0940199167376916 -0.109029934060934
-0.25793485803124 -0.0161831752407904 -0.0473371137228024 -0.0356838273627834
-0.175636851773538 0.203208883540779 -0.0123363775559613 -0.0107080179450264
0.00398320088106043 0.216863008318221 0.0179785168275725 -0.0529496274530565
0.107081849784177 0.159131025400161 -0.0374932749866292 -0.111090200326288
0.185796977086543 0.0923596605989203 -0.0939126598674211 -0.115362364916029
0.198498978476687 0.0675039622613079 -0.124994527804803 -0.116643207089025
0.193801124323775 0.105079942475367 -0.117856330603186 -0.141219286683892
0.109202113812242 0.201275206507146 -0.0393331851896352 -0.176733524778981
-0.0202245854135783 0.236655671359561 0.0717382488496199 -0.131162274462603
-0.228038483235259 0.217914547806036 0.0668345791224464 0.00802932785843829
-0.303846785855575 -0.0478608583513822 -0.0782879716287081 0.0101436755624602
-0.133024386442753 -0.291804825110376 -0.168367581946677 -0.14034744799918
0.022314860732972 -0.340588560755446 -0.0153943347370282 -0.354390531088408
-0.049533374341686 -0.378731624814391 -0.0429021449801646 -0.09214627352052
-0.217500291471911 -0.283739755274531 -0.0636500137273295 -0.0567588678979158
-0.340576529887961 -0.0134063705638321 -0.0459924158206449 -0.0490243092839629
-0.232958130956613 0.261207411224022 -0.0333368876244562 -0.0149406768444256
-0.0117025921130338 0.283486604785849 0.00251251494002122 -0.0113686189669469
0.12194947236593 0.218523970310879 -0.0122461944094012 -0.0488041104102169
0.224095526662894 0.138351784629098 -0.0284825066356989 -0.0623871040430598
0.238806934133505 0.103285584571406 -0.0408010175013989 -0.0761610880720787
0.23202138325807 0.146802523461456 -0.0373392714998458 -0.092290558654329
0.122531175377373 0.263231375478983 0.0142180676257928 -0.115265509267152
-0.0389000237389248 0.300839287419865 0.0891313474616287 -0.0762466498503681
-0.291325549383948 0.272437574897892 0.0714689093104658 0.0370823093841181
-0.38679628099162 -0.0494581472812942 -0.0698905083532853 0.0288669467829285
-0.19395801816837 -0.362421782704729 -0.148620740395141 -0.0710273260570939
-0.00162748838896437 -0.441108748293538 -0.0339595094231579 -0.206164781322508
-0.0767874895972651 -0.405996357623301 -0.0442302701827054 0.0524596481005387
-0.264578907950999 -0.297725278393765 -0.0104464736459223 0.015841839426257
-0.383376983243857 0.00162373047233307 -0.0339133598778494 -0.0607486175281443
-0.253537485877591 0.292827701745451 -0.0580987089504332 -0.0153531898013859
-0.0190418117753319 0.31237848041734 -0.0162663324597698 0.0436360828659557
0.123469046171071 0.246896011523138 0.0191187926157187 0.0309247776026858
0.232297544326037 0.16296128254004 0.0461899279955431 0.0041933972189321
0.242529281022391 0.122737860865163 0.0497091057602219 -0.0249555190247989
0.230559795111469 0.165837268954404 0.048841299046271 -0.0318491733192231
0.112357748076874 0.280374952425359 0.0687560219126369 -0.0395721610501295
-0.0562598683169505 0.3099420304064 0.099887417063738 -0.0091121716145671
-0.303316008943058 0.269770316218715 0.0692393719285362 0.0662951619169564
-0.394441064429716 -0.0494167219113332 -0.0507909091140668 0.0473107549351137
-0.207557429692244 -0.367376942939756 -0.105979939989611 0.00593032589854758
-0.0211396118866129 -0.465995609388333 -0.0380449614306873 -0.0384477528000658
-0.0971269980527046 -0.371197147610898 -0.0404570119627463 0.208018953593323
-0.266589320524995 -0.260060976964948 0.055723057938532 0.0988023980088073
-0.359570951010613 0.017269395013847 -0.0128880455979192 -0.0621976090016533
-0.227283124223594 0.271194216205953 -0.0772360376977831 -0.00754813204587238
-0.0216743984262059 0.28561510513616 -0.0324055937060718 0.101650299575853
0.106571337585534 0.23249693591365 0.0525191959023413 0.113544186252171
0.205434900469824 0.162103261999534 0.117302438386204 0.0731430552159043
0.210483723695378 0.124220751850427 0.133029196251306 0.030168652737926
0.192440327588913 0.159873027108752 0.123656870594168 0.0303223246064965
0.0788320108676338 0.251006516911731 0.110291228138961 0.0347769643055402
-0.0702951170110177 0.258196222013916 0.0955968763424926 0.0544168977579191
-0.262675940865813 0.203864487849436 0.0569908930419962 0.0860712127377324
-0.319178455378642 -0.0508735034408387 -0.0286692601145465 0.0579762088849669
-0.167259330206483 -0.308409907081683 -0.055178031392785 0.066964752593068
-0.0321830209861897 -0.408889997621873 -0.03176989775057 0.114938436336079
-0.0998694051101454 -0.277273075507067 -0.0357393471248118 0.347371873525217
-0.214376006928819 -0.180051985485498 0.116410817658916 0.17726419634133
-0.263925373784542 0.0245333027613595 0.0140593516002374 -0.0509754791884618
-0.158871600335121 0.191051914776166 -0.0824975637889823 0.00244080506420561
-0.0246448799752142 0.202821198685638 -0.0439905711949389 0.146529469101989
0.0698891663920165 0.177764017185495 0.0802268500932723 0.182413203481766
0.145190280624101 0.134125254254584 0.174799655751193 0.132243135731033
0.146320966730601 0.107392013190588 0.196506866476556 0.0807997337282152
0.124749076921474 0.131972412425529 0.174667803917779 0.0845543054383581
0.0314623816417293 0.186738309502562 0.128637836389524 0.0967909279544388
-0.076665252465289 0.166656616252919 0.074368694202431 0.0992435597420042
-0.182649807448726 0.10053997398514 0.035740604805272 0.0865648589055414
-0.189850501713342 -0.0516675595473766 -0.0107139933097303 0.0566283402143455
-0.0936940069463589 -0.202863850703194 -0.00948943035082518 0.0986702327131274
-0.0343657934316463 -0.286943385512012 -0.0177766134022163 0.227650115820099
-0.087186556144512 -0.13842239042396 -0.033789314324323 0.448040606605528
-0.125513628920239 -0.0712971804049568 0.16047703375123 0.237198557496453
-0.12461346070002 0.0271313488975078 0.0439410093076771 -0.0321818101644419
-0.065434712553484 0.0796397885664694 -0.0736045782616417 0.00785793177809216
-0.0246029223436257 0.0857119151243837 -0.0510896242063291 0.166221326396845
0.0187736626601168 0.0930431494668653 0.0942301876980222 0.224777356591696
0.0600110486454 0.0852746615812796 0.206963686931629 0.172070546563947
0.0597545758782994 0.0742513717968582 0.23155378408286 0.118486635307455
0.0431436697014965 0.0869719445287353 0.196027450874889 0.125146791658185
-0.0148208899394537 0.102140999263674 0.122024609042505 0.137259004628035
-0.0705660823888178 0.0639474350850932 0.0405382155694756 0.119968283613667
-0.087848777091553 -0.000552613948875074 0.0100922817320639 0.0697971570830984
-0.0539141419451424 -0.041276859794566 0.00356113204065358 0.0443545604720232
-0.0218493444573864 -0.077607427871951 0.0256463229436251 0.10317462886328
-0.036448608973786 -0.131436868513918 0.00206287645170352 0.28571349604426
0.0218052236213026 -0.0442922398935514 -0.0338501062026533 -0.301583452996055
-0.0300423503523379 -0.0426050326042882 -0.103412500364535 -0.148947471094515
-0.0593857583798945 0.0183793282859606 -0.0282236143024812 -0.0245835441568417
-0.00988342507990649 0.0740545103894309 0.00799900177424566 -0.0178648468342176
0.0484094216252028 0.0405743264531467 0.0182704382511748 -0.0982409367147048
0.0523441860533486 -0.00256265131804295 -0.075558712627579 -0.167883020440317
0.0448425552600903 -0.0285923864358839 -0.170771432263046 -0.158163146192687
0.0375327337358305 -0.0296049893644683 -0.221628561260797 -0.141523894873492
0.0332367707552999 -0.0194483484294983 -0.208154279718229 -0.175900702367886
0.0305334079521529 0.00144615035163663 -0.106451272844019 -0.218981153090446
0.0194027512074023 0.0235373078957783 0.029915418140039 -0.177819581643234
-0.025721488751937 0.035377818987711 0.0536980556061751 -0.0379131094788174
-0.0329367123029053 -0.0251909175579133 -0.0474479758640996 -0.00713751017885739
0.0355686284283717 -0.045396660761285 -0.129452777353075 -0.200094756316934
0.0617950002895181 0.00426166330768942 0.0537187839364862 -0.4927191674625
0.00653067490678972 -0.180658665214413 -0.03064045814489 -0.277268426394351
-0.086896329924333 -0.143058440517389 -0.102934041317941 -0.139544353695911
-0.15964936381258 -0.00310197442264197 -0.039815872168865 -0.0258598342182158
-0.0946848492061629 0.139135199717771 0.00260012115346227 -0.00841523316407381
0.0268251504111348 0.131409339340066 0.0265031657805632 -0.0796617919785926
0.0820200944187373 0.0808427373397251 -0.0555004334094028 -0.151362637117579
0.121467991350833 0.0340774343120791 -0.141768168156104 -0.150345361468134
0.125465026104043 0.0209478049218765 -0.187344513310965 -0.140618563760831
0.121430307226832 0.047372216910636 -0.176108711370511 -0.173145518178859
0.0737684800151244 0.109203401130044 -0.0792171293907891 -0.21346749402405
-0.00132993234147819 0.136084458912477 0.0521146548139407 -0.166329868049378
-0.133590525798575 0.13085167911953 0.0612906633066152 -0.0179255785376238
-0.173725981923762 -0.0418273015028498 -0.0678263209119353 -0.00278150991912185
-0.0478304467642556 -0.179960615264695 -0.153766554413261 -0.184580541316518
0.0484326717069631 -0.179051843675029 0.019727642361608 -0.451751928660528
-0.0148775114346154 -0.296470900071476 -0.0347569965416902 -0.206612906562248
-0.146901153826454 -0.229079834949334 -0.0930667044909613 -0.110013159784728
-0.25396250984663 -0.0185955599347908 -0.0466574593854372 -0.0336436680447148
-0.172954335393393 0.199462475104909 -0.0101837114151097 -0.00826916207022414
0.00308111166124478 0.214086249260706 0.0218009822427997 -0.0530563481404478
0.103453749274956 0.15808877589286 -0.0350874561405657 -0.112751019458681
0.183010599167959 0.093066837310647 -0.0936009481540291 -0.118421818346866
0.194503577056748 0.0677754764968001 -0.123508507339597 -0.117936899725153
0.190892521660102 0.106323963971329 -0.116758225677299 -0.143469176072917
0.105873972506332 0.2024526562138 -0.0378806533527414 -0.177093184747805
-0.0236978892899474 0.2337859959579 0.0712777006636914 -0.131939756193315
-0.228656346166555 0.213532835646021 0.067896970233376 0.00641405575005131
-0.29851669015189 -0.0524622380019454 -0.076778172631469 0.00869391589220149
-0.12865367128907 -0.293756816714645 -0.16055964310937 -0.140172290273096
0.0280968438091093 -0.337210774126667 -0.0103081314357936 -0.350787602039619
-0.0426572302480342 -0.376053208001015 -0.0407043137611935 -0.0934494163476021
-0.209988327506771 -0.286292077510397 -0.0638763960073156 -0.0573922920930088
-0.335567369875904 -0.0171013649464596 -0.0443919416120272 -0.04651589354792
-0.23123822649836 0.256969181919426 -0.0305704542240116 -0.0129931164498994
-0.0139298764243151 0.280541001723052 0.0056347183467935 -0.012954038223241
0.11772792553599 0.217082560533924 -0.0106888520820376 -0.0497663852585343
0.220221485493572 0.138840611300133 -0.0292625630607304 -0.064949989637648
0.233641654025005 0.103657316166108 -0.0405327525306771 -0.0770751721351783
0.22811718184422 0.147771889778476 -0.037655735290255 -0.0938213301957349
0.119423733263808 0.263714243778945 0.0135965744363871 -0.115477079301783
-0.0432950195974868 0.297444913440663 0.0869840228801366 -0.0773093160032938
-0.292233393947989 0.266569535767403 0.0719642440565659 0.0352690998934668
-0.381542546475878 -0.0555840901468658 -0.0695606234459119 0.0268184178852768
-0.186603885136929 -0.363676247148819 -0.142139318140832 -0.0706037889243954
0.00566525438870109 -0.436381326214874 -0.0286398548896275 -0.202648133067404
-0.0691785831498523 -0.403985092706033 -0.0439359879911117 0.0506526602368449
-0.256206037324871 -0.301591635940162 -0.0115253181130297 0.0158835777069027
-0.379658675172546 -0.00288297363223535 -0.0325872560391498 -0.0568906662004178
-0.25320439753231 0.287638245321051 -0.0558844843963187 -0.0142374319309805
-0.0216777909510401 0.309816645663069 -0.0148093081885337 0.0410570392135042
0.119450168045432 0.245340566601513 0.0184893672457085 0.0298762496969231
0.228177350575028 0.163863114966302 0.0432298105916061 0.00182610396988418
0.238731480147671 0.123503634206433 0.0485790626780928 -0.0246296289674076
0.226405190152461 0.166683288485203 0.0474649654138423 -0.0326601721107135
0.108662068434968 0.280566400085024 0.0663054401396632 -0.0397124947703918
-0.0601113587712949 0.307006890191305 0.096043131067017 -0.0110835112199602
-0.304355396082023 0.263242849475655 0.0686380382692154 0.0643109873947565
-0.390115005643252 -0.0545999562237808 -0.0511328133745115 0.0451652901778963
-0.199764714122963 -0.37000022239078 -0.102046390057189 0.00581934172490703
-0.0124200599545629 -0.460561512501466 -0.0347266066412943 -0.0365069584287258
-0.0883266577037775 -0.369952103322716 -0.0423581565960925 0.205577868535404
-0.259728221789586 -0.264276930943859 0.0534730595233151 0.0998252995430236
-0.355476828369851 0.0121583999171065 -0.0124179574129324 -0.0579202433387771
-0.228255537755424 0.266916373538911 -0.0758973038778801 -0.00705840090875131
-0.0248648967021977 0.284301210022187 -0.0323156395987685 0.0993454226979698
0.102708065147325 0.23204616719801 0.0507030635042964 0.112946686230507
0.20253886983914 0.162730304583413 0.114190365914714 0.07152643093336
0.206304691706291 0.124168979018153 0.129912782415668 0.0309294356874956
0.188447347859989 0.160745748870276 0.120270637984152 0.0295486367217642
0.075029742173939 0.251883520389385 0.106100692681955 0.0353027828694204
-0.072977783414877 0.255603093741788 0.0901631299039352 0.0522375618581767
-0.262496809134211 0.199487177842898 0.0554883177494024 0.0831240471955309
-0.314487136071014 -0.056679784489885 -0.0302041344511956 0.0560488430611651
-0.159794715940995 -0.311147030379791 -0.0529542452355561 0.0670597702265049
-0.0230729582073553 -0.403559552961093 -0.0302287474030944 0.115534789576597
-0.0935171660580254 -0.276985807138018 -0.040118459253594 0.343873343550608
-0.209376346153684 -0.184028598554472 0.112117163995204 0.178582722766684
-0.260959753912501 0.0204941134019708 0.0129320573347875 -0.0464856788794811
-0.160516410134774 0.187405739859565 -0.0825059303524158 0.00326916957761153
-0.0272332723410666 0.202354291049045 -0.0447809593838865 0.144351508116461
0.0666065746177218 0.177719055218032 0.0774172831762319 0.182408471526308
0.142383540886739 0.13518925960282 0.170383771580238 0.132267808828377
0.143238604531552 0.107133910594861 0.192787162017565 0.0824398271029721
0.122581295299987 0.132484010455617 0.170374262466166 0.0850012986902072
0.0301180173230263 0.186932813200904 0.123637070099124 0.0969008018472267
-0.0776890192906546 0.164928180006052 0.0688278816136058 0.0972418097870119
-0.182404731898407 0.0973555778074939 0.0333316747452202 0.0831875472795451
-0.185904332392046 -0.0549002062689226 -0.0118380369622665 0.0532337930521793
-0.0888984182538592 -0.20541219430717 -0.00959764270977722 0.0993430218179948
-0.0279070885381258 -0.283907811369551 -0.0186102500964847 0.226609679165716
-0.0826664033775332 -0.138841898424194 -0.0398303854443665 0.442432298742174
-0.122985659308888 -0.0740348146750812 0.154657824198516 0.238607502207293
-0.123700338958095 0.0245711305248233 0.0417943337927365 -0.0281453343731456
-0.0671092557958412 0.0781592295349619 -0.0745584840735681 0.00843627655750829
-0.0265770996331539 0.0861124229418374 -0.0529637278057688 0.164904185150052
0.0175979910004966 0.0932637704266825 0.0908893605301107 0.22518516787378
0.0589488083646149 0.0852389516893647 0.202293742185759 0.17388180143981
0.0581344204277867 0.0737584783027957 0.226898546463021 0.120545671368535
0.0423466075328919 0.086356032111372 0.191048624756883 0.125948718656816
-0.0155505484769765 0.101756380169094 0.117044916088346 0.137868982733611
-0.0704865239116509 0.0631762834969925 0.0352503102654856 0.117965492971611
-0.0873448296350251 -0.000909477445133132 0.00809612731894546 0.0665320876673902
-0.0529524953225321 -0.0422603687031213 0.00313548023233176 0.0416738268185353
-0.0194850089839098 -0.0793985883526245 0.0245207884122509 0.104040177579565
-0.0326367150040242 -0.13126850637687 -0.000171262162426163 0.284962429851451
-0.000569077986096891 -0.0448212201024898 -0.158097266774852 -0.271053380828658
-0.0437778348987514 -0.0241594311114813 -0.163207526605509 -0.0940975435547117
-0.0472203318572064 0.0407411994069039 -0.0366629243643787 -0.00577704057804997
0.0212492836669843 0.0702755085777658 0.00569280893319384 -0.0156198698533021
0.0600090780467171 0.0171277217911883 -0.0207602881393669 -0.101646471211284
0.0453166315034223 -0.0235188265382946 -0.140696384257713 -0.125872540190379
0.029746795164759 -0.0454688924981901 -0.227314444255146 -0.0774795431989377
0.0246788419730685 -0.0419683803658835 -0.267157128360131 -0.0363651612563402
0.0234371551405238 -0.0326826085167254 -0.269820610062708 -0.0731209225820054
0.0282871507151468 -0.0115274533451951 -0.194209352832688 -0.157223954420958
0.0275111026510155 0.0130171127081384 -0.0492901562489007 -0.178346916638896
-0.00713531711757727 0.0427043825077038 0.0309258742683122 -0.0602360050850135
-0.0409611581883032 -0.0099940264653874 -0.0441618575334756 0.0098789057864368
0.0119707845930357 -0.0597219061492594 -0.198165554634504 -0.133356728192119
0.0599062245574348 -0.0269134282694153 -0.154305509779243 -0.478024643065044
-0.0669519500656837 -0.166965275376813 -0.149397094629792 -0.252693273499891
-0.135928571366385 -0.0950096502373463 -0.161379785060802 -0.0848865560771438
-0.147458080761998 0.0606392780987612 -0.0491959692222456 0.00186227177836715
-0.0279474926275101 0.163816834180941 0.00369573768922071 0.00039306408272041
0.0767537113429717 0.109371735951045 -0.00159664268929246 -0.0861920544924424
0.107905343389757 0.0416430010846296 -0.113370998255094 -0.118849927955226
0.126265968284701 -0.0187103164814698 -0.193953449998141 -0.0819105178835084
0.127022720079289 -0.0298182400929937 -0.23494092673126 -0.0497426437255442
0.134373599697684 -0.00598743794799278 -0.240238670516897 -0.0825198839545662
0.114468905574935 0.0722887403289922 -0.169083808404304 -0.160486009645734
0.0542692518198798 0.129301074345568 -0.0298777592390812 -0.17726887170814
-0.0667567411538373 0.177617030022719 0.0366446455143348 -0.0493713837471954
-0.182143457112073 0.031573777141307 -0.0620011547003803 0.0169394028546018
-0.12429529937764 -0.152495035328025 -0.206870604755337 -0.112350261148275
-0.0347174992659056 -0.196162014202635 -0.157214645293672 -0.424944189499076
-0.129349333666832 -0.267722559646748 -0.12844329339031 -0.187131423344912
-0.225822713674997 -0.151882435224271 -0.141716460724467 -0.0600144639400549
-0.239714643621841 0.0829228039977375 -0.0601907091775523 0.00198118776320693
-0.0748784961912011 0.25034710552752 -0.00828975345732937 0.0103359868248317
0.0888022067786886 0.194980473159587 0.00776017026912335 -0.0581195013913993
0.159730871929799 0.104819248004438 -0.0754949274852537 -0.0905449358360584
0.206808161133057 0.0110511981485818 -0.132326028285431 -0.0720529538696319
0.211044370698851 -0.0136985324143918 -0.166097562967284 -0.0547437907177237
0.22385947802467 0.0208719460409047 -0.172877527294569 -0.0794359843258602
0.183593376311788 0.147665173734764 -0.116496061560423 -0.142050348638332
0.0738423206714065 0.232373136358219 -0.00268900191459393 -0.154199507538367
-0.119738175561063 0.294564208339586 0.0443865778964512 -0.0332241027936684
-0.305499925352892 0.0722967863658471 -0.0658538978821206 0.0266031598202532
-0.248661265077606 -0.22695240421962 -0.188397480012394 -0.0715429765637524
-0.123985032984998 -0.337924403569011 -0.132708783686987 -0.316832621863261
-0.184854331261193 -0.333707133407184 -0.0909327103005449 -0.0793268997163076
-0.306860175959881 -0.181611567034404 -0.0936924416509007 -0.0216964859694855
-0.316031886858714 0.116773008720372 -0.0647762135803194 -0.00632634642256031
-0.104400545473497 0.326459087504549 -0.0303050794852932 0.0191693174249773
0.101030651860994 0.263974976649163 0.0116582894969384 -0.0122162908763074
0.198076491879422 0.154465600257753 -0.0248566362265453 -0.0420492785749381
0.26001998011103 0.0376807624533391 -0.0479071720167298 -0.049086751123756
0.262562177234141 0.00402563715190509 -0.0710100236462226 -0.0522280724704231
0.276149925803692 0.0455561071857179 -0.0783053333318627 -0.0673134229133115
0.222202691965452 0.199949694284481 -0.0437128275685018 -0.105769097442091
0.0825908690398833 0.301712484750827 0.0309034634551639 -0.110144308249387
-0.155259326249311 0.371610761078575 0.0536918868865986 -0.010715329352215
-0.386263843890132 0.102761644664649 -0.0530871408768444 0.0371837115599372
-0.334129141344287 -0.267729961936281 -0.138767352440968 -0.0176967957420959
-0.19002584753947 -0.42249851829917 -0.0833843786185384 -0.171536682239478
-0.217916420601923 -0.352351099517092 -0.035387780808879 0.0574526182346655
-0.356049480094773 -0.178818429426632 -0.0135375918020956 0.0256647712525913
-0.351268736000735 0.146526676069259 -0.0584878473368389 -0.0179748414638622
-0.112538152723414 0.364139471263599 -0.0535781107033446 0.0309355188002901
0.106042251179314 0.294410221688862 0.0170756518432934 0.0478117727666402
0.211767203621232 0.179989862888762 0.0376325037326875 0.0202440193873196
0.277833928327959 0.0583521770940084 0.0499084259391482 -0.0168804561961039
0.274897871031039 0.0200710200411342 0.034626727577822 -0.0419170048381566
0.283110468950259 0.0638104525075713 0.0255227502429393 -0.046585915696923
0.219753373115293 0.220579555913057 0.0377306975430954 -0.0577864486365671
0.0705812418251111 0.316776509856217 0.0657980936137632 -0.0513603178698911
-0.168033465610992 0.374748614599875 0.0626661205010838 0.0172274377487199
-0.393054290063768 0.108480376771937 -0.0296852914827936 0.0456478881811619
-0.34804464277443 -0.267003350656405 -0.0692826460304749 0.036218472998011
-0.218247318216496 -0.435613858647191 -0.0180307263030075 -0.0139437168080174
-0.219694969049696 -0.315674454740127 0.0299448138623646 0.203297731022464
-0.344110952439748 -0.147316752737045 0.0835002681171635 0.0763399275517924
-0.324625296020894 0.151277071992007 -0.0395208632833096 -0.0281526346948256
-0.0988058711355742 0.33526786857561 -0.0699725515225892 0.045075897144285
0.0938821645355098 0.272188669256315 0.0247279842284001 0.109996715951877
0.191923008837405 0.173852405278951 0.103171317424683 0.0841338427475588
0.253237895120548 0.0679950152879371 0.145575921199741 0.0187943195249209
0.244684919619037 0.0335983917898807 0.134279767634396 -0.0251538043578463
0.244176093554135 0.0738374588059941 0.120766355919394 -0.0209799139440654
0.177039773174342 0.207361825765766 0.10688583885426 -0.00695086013038526
0.0371076866310106 0.2747073368319 0.0898609742714993 0.00868199583073612
-0.157749353058202 0.296923661678984 0.0633222667104836 0.0408204759318022
-0.321648785747166 0.0756325862695976 -0.00570906663384648 0.0494704939758985
-0.284051180639694 -0.227993755049028 -0.00242969958126446 0.0760444647025036
-0.20144871960865 -0.376233688169623 0.0456576598110262 0.124875008117514
-0.187451210426597 -0.228413039770178 0.0917576397480232 0.334480609370252
-0.265809108177863 -0.0931187730492245 0.174249375797978 0.123837966759654
-0.234589593772757 0.121082023363296 -0.00986974781850365 -0.0324778259333994
-0.0699289308404768 0.23690600025029 -0.0730839578206843 0.0521821220655984
0.058442992865609 0.198001959691041 0.0286819340700773 0.157556367800375
0.136142500299211 0.137253684739825 0.155971114118263 0.138421936180644
0.187827821791274 0.0669310036264169 0.222227931952346 0.051764416194984
0.177653727156515 0.0426867447557478 0.214979748424428 -0.00480040926064705
0.170864481216575 0.0746531833580163 0.192065917630064 0.0082846344332761
0.107265473976855 0.164336308188196 0.150554260051539 0.0413897290080911
-0.00480962415503193 0.190000956638033 0.0931185896115784 0.0585243148236381
-0.126563453473098 0.168859507886321 0.0510305802725447 0.0519052488164682
-0.200197429971318 0.0244182340508617 0.0105015218748028 0.0449708707359589
-0.171145326511904 -0.15697873181931 0.0448294240272841 0.0925383848305581
-0.152494405198164 -0.257534127683316 0.0964202556768107 0.222145461967379
-0.123221948411161 -0.104139337978872 0.136873201529762 0.429932105326988
-0.142279098544511 -0.0270105843975283 0.242053742184982 0.160882296854756
-0.105171946326972 0.070423642289933 0.0256696613982271 -0.0336261667908807
-0.0292698612393572 0.0991374269427904 -0.0654158686683614 0.0468232956743318
0.0119376166556667 0.0907581492064128 0.0256294383327121 0.179629546297622
0.056208683632264 0.0791578609076171 0.184823910152149 0.172150567396255
0.090229162008729 0.0549412446768875 0.26733182513274 0.0764448316734971
0.0839527759377889 0.0454011591933335 0.263394115678502 0.0150483014388922
0.0758027128363609 0.0643957355631521 0.230763003155349 0.0365766531100133
0.0293907196887423 0.10280579579826 0.163998499120163 0.0796106199689691
-0.0396349464112881 0.0905144764470323 0.0767989829621299 0.0922826410351902
-0.0814054835237757 0.0374910385561073 0.0306915542675011 0.0501159265371487
-0.0681255392886647 -0.0181277889462165 0.0195156266205553 0.0326222854827406
-0.0522226856516989 -0.0673494936211819 0.0711075302246396 0.0863030828255947
-0.0887263248940486 -0.108825290312617 0.128253648830358 0.266520226075078
-0.00119688136030256 -0.0453335120421576 -0.169198735605371 -0.280547395781152
-0.0458108199889263 -0.0242447499241503 -0.173467012591532 -0.094286399012903
-0.0475883252396771 0.0431421610473169 -0.0379615609782543 -0.00428794960140235
0.0245394019860025 0.0714625783939761 0.00873247514876345 -0.0157674390679231
0.0623765099170364 0.0145820490740149 -0.0203868708474724 -0.107075861729378
0.0457172275859505 -0.0265551073788812 -0.148327068262297 -0.130810883718731
0.0295703167713058 -0.0485245228130549 -0.238620512743919 -0.0774565235760801
0.0242260521256507 -0.044291398414573 -0.278872585547493 -0.0337970569267466
0.0238348885755575 -0.0337204857829238 -0.282196088121277 -0.0718865790452964
0.029089943555706 -0.0126746258938206 -0.206021560094559 -0.161125259319648
0.0288760001645413 0.0131459430563285 -0.0554370627821613 -0.186157515650146
-0.005522010718516 0.044476346771986 0.0309941938758713 -0.0646224383258555
-0.0421967108564847 -0.009427380939541 -0.0440116264645812 0.00842072399358395
0.0104919571264244 -0.0608282313047115 -0.205377182591396 -0.13840669624282
0.0608027809137952 -0.0277105332598073 -0.166744050977587 -0.492869922934191
-0.0715205936077594 -0.171681512852234 -0.159666190552512 -0.261399546975617
-0.142818238216409 -0.0967897840064525 -0.171708492207676 -0.0844327934577383
-0.150180773427112 0.0650996514370931 -0.0497942460959687 0.00348857908091296
-0.0248508688827961 0.168800786721198 0.0073724734715701 0.000694344293252699
0.0816007525657018 0.110293916778961 -0.00117856108284703 -0.0922956486200165
0.111661843120401 0.0410625148222428 -0.120204710750854 -0.123674044806254
0.130116348528607 -0.0226388471098231 -0.204952067858108 -0.0826500156501679
0.130810470113619 -0.0333678119121577 -0.246029575822572 -0.047866384564139
0.138973970678581 -0.00904363570966606 -0.252573211069644 -0.0818332689867228
0.120782848795057 0.0735792161851563 -0.180389360657616 -0.165264947862296
0.0578659289354488 0.133774712105711 -0.0360402294509092 -0.185310279094129
-0.0656036208621028 0.184808119701327 0.0377877451179408 -0.0538851410177182
-0.188239616438242 0.0349973949958723 -0.0624993591298276 0.0171245415776354
-0.132482355930442 -0.156909910877733 -0.213531368673211 -0.115753718206392
-0.0386528725308774 -0.203006754898001 -0.168661861406705 -0.437073791395918
-0.137964965758797 -0.275493340192186 -0.135846685093396 -0.193261750548563
-0.236336276474007 -0.154774754390024 -0.14908933648482 -0.0599119999711581
-0.2457783213211 0.0902816368409347 -0.0603516728002707 0.00400936530056936
-0.0716231922081824 0.259884223992885 -0.00495931557133 0.0107868264538662
0.0958276223247383 0.199793004423796 0.00815994616407567 -0.0640238574548804
0.166512541697434 0.106040194109322 -0.080194346404198 -0.0948010833090926
0.21450216137491 0.00678126991841715 -0.142041850690083 -0.0733269717745818
0.217501727689971 -0.0184142800458626 -0.17460257709961 -0.0544070723756812
0.233197497490785 0.0170962109179533 -0.182812907603101 -0.0796459390060393
0.194436553370379 0.150741928342172 -0.12559895413313 -0.146648016032998
0.0798730833309816 0.240049518154103 -0.00872761926371848 -0.161284903617173
-0.119056043662922 0.308106988119837 0.0459953547652891 -0.0379025656174926
-0.316391347486853 0.0782118583628402 -0.0666847486526055 0.0279914478839153
-0.263108293299405 -0.233098752975011 -0.193704360962175 -0.0735855985498754
-0.132961746486481 -0.348207378852234 -0.140438196286753 -0.326866641320412
-0.1947740853102 -0.344604541919941 -0.0952707823470675 -0.0828821286003871
-0.321820382740343 -0.184795933980865 -0.098120982651769 -0.0210375299091117
-0.324323486812832 0.12552317899623 -0.0649029065974384 -0.00363348117824154
-0.100799372365738 0.33976084111218 -0.0277347598191862 0.0202755752066415
0.109622010532236 0.271160905592822 0.0129201857879704 -0.0168006951369948
0.20786925667363 0.157228839061762 -0.0266567350190817 -0.0450044562579686
0.270891135774654 0.0346748597784587 -0.0536173584533116 -0.0506872014424761
0.27104798205885 -0.000957697653727858 -0.0761634066077291 -0.0531895747855548
0.288052528799283 0.0410518048209979 -0.0853426391186254 -0.068235158365406
0.235599206242867 0.204086862426368 -0.0487345335274895 -0.109608263554277
0.0897644625453736 0.312228740410501 0.0261282770631516 -0.115866686781961
-0.155126181527768 0.38788121918944 0.0559083592538631 -0.0146603663823357
-0.399435332589404 0.111482110407976 -0.0544121173964813 0.0391275310575818
-0.351443623165529 -0.274780388788038 -0.14109259846517 -0.0181541385221334
-0.201094496032317 -0.436302201023702 -0.0861568424089923 -0.175994377614058
-0.230664700215573 -0.3634520645048 -0.0355364730886512 0.0581359580338557
-0.373112878273411 -0.182736942544072 -0.0139245632093867 0.027130122313875
-0.361086438910162 0.156524787123409 -0.0582761420179848 -0.0158775351532444
-0.108887803783205 0.38030711729254 -0.0528747539293441 0.0338660733250578
0.116310712337608 0.304120357616084 0.0187432353766125 0.0457419314608057
0.222961158969785 0.184125573607396 0.0394647624562901 0.0190242083265927
0.289943228750712 0.05520934694554 0.0491509685922503 -0.0193552379166196
0.283236849588742 0.0159272067930362 0.0335232665811581 -0.0438364939030377
0.294905641616554 0.0600718786388573 0.0228299455957676 -0.0488140504447275
0.234867771319368 0.226321753270798 0.0357490445283193 -0.0609266238749992
0.0776889357085961 0.328690510529477 0.0632923205980075 -0.0554389576723169
-0.168028300458032 0.391844654963278 0.0644901072111911 0.0138318485293152
-0.405535815990644 0.115431842376231 -0.0310064418419043 0.0483062508437914
-0.366523101590839 -0.274581412116681 -0.0684047455917716 0.0378265823607955
-0.22978321057012 -0.44925597403564 -0.0159335927951838 -0.0144267775027692
-0.233385022888242 -0.325809167601262 0.0347974347471777 0.208852835488725
-0.360044598757694 -0.150538415300236 0.0879140154574779 0.0784677360539514
-0.333320881747492 0.161231917282136 -0.0390914546956218 -0.0261143590986946
-0.0960646937406816 0.350687615348516 -0.0702816590597481 0.0491254154685848
0.102595818277333 0.281459392991634 0.0276229777659629 0.111408222218968
0.202539375623787 0.179030960796586 0.108816796684107 0.0857793275934243
0.264630669204054 0.066525586623386 0.149664829038068 0.0162015319760928
0.252632336992312 0.0308245487992942 0.138250032910468 -0.0285762272413762
0.25496046352092 0.0712928595409013 0.122751768822077 -0.0228052316621596
0.188760692461359 0.213253370088385 0.10918997965857 -0.00860176012128943
0.0430393005001583 0.285114829842992 0.0895065802913827 0.00767110570930354
-0.158012534356584 0.311260432962453 0.0650399119911132 0.0384634460811111
-0.332516209730889 0.0807610354322137 -0.00684156145034586 0.0512168614722763
-0.299764663264145 -0.234342218942909 0.00153966019286432 0.0788778126114367
-0.211815733824214 -0.38700675070745 0.0529609581405312 0.128102156202602
-0.197117165399838 -0.236067046205269 0.100944858665444 0.343934864988367
-0.278486135858134 -0.0963329724321986 0.183195308474459 0.126975059806818
-0.240876828893768 0.128175916534983 -0.00922891225591136 -0.0305862581458442
-0.0688114435012345 0.247983404696118 -0.0743466658209581 0.0574474632342134
0.0641983910785537 0.206176581996874 0.0330452932696256 0.162142073799142
0.144539330855812 0.142311866124195 0.165777325078519 0.141568789371772
0.196400980595111 0.0661184734343028 0.231458385458744 0.0496648541695489
0.184652351393361 0.0414159861196731 0.222663653293052 -0.00880832162737151
0.17868181519856 0.0733858919257514 0.197872123651315 0.00599878507843841
0.115112195368759 0.169720442932428 0.15541258210138 0.0412294526140372
-0.00118136845433174 0.19827743311538 0.0941936724435849 0.0597741614556102
-0.128417171672589 0.178486621746483 0.0526017741861165 0.0505106705756066
-0.206742538784822 0.0271086927822839 0.00975402177953874 0.0455476020489549
-0.180683094061461 -0.163285849951522 0.0499112183862249 0.0957608801343336
-0.160239283836725 -0.26554883515021 0.106712227521919 0.228404490640363
-0.128574154823167 -0.107159633686726 0.147811973545456 0.443249691134022
-0.148349457193597 -0.0275369454753901 0.253890472511268 0.163549686466879
-0.107870688457773 0.0736749594034147 0.0267712678715473 -0.0322220654810486
-0.0300711106237787 0.104661483172588 -0.0671374177606224 0.0523159102238189
0.0141037956184244 0.0959836054547326 0.0299698269386019 0.187148038774572
0.0601841341910027 0.0826693514898127 0.196578219724109 0.176182265864855
0.0947906514123265 0.0562598760010182 0.27882558029068 0.0749379881817844
0.0877795733268732 0.0459004870599711 0.274135299898085 0.0109173842888371
0.0797407091791469 0.0651320047800593 0.238989089583715 0.0343966964681763
0.0332916572156084 0.106793009070376 0.170525349370087 0.0815833637045567
-0.0387738521040951 0.0956651246932021 0.0779945885783714 0.0953079135065256
-0.0839254665955649 0.0410871140088862 0.0299219844069357 0.0494432939376938
-0.0715167533004423 -0.0184139484685758 0.0189338636511495 0.0319940693564678
-0.0555006732422781 -0.0710354562388997 0.0763264255871425 0.0896088446189962
-0.0925518605001464 -0.111896548656933 0.139738639222975 0.274534447250008
-0.00340381894796758 -0.0454403520668281 -0.18684121975414 -0.281224135348599
-0.0478315457882281 -0.0226542657255389 -0.185810245649422 -0.0874518706886696
-0.0459005944952251 0.0467605323350483 -0.0385737992939587 -0.00210118007043718
0.0293026226866808 0.0705943535403166 0.0110728913947284 -0.0170713343819166
0.0646145624135717 0.0105723653252578 -0.0247610450639046 -0.110728559873895
0.0447649903262099 -0.0297601930976637 -0.159004384852492 -0.12904780265636
0.0274607177171754 -0.0517567983575415 -0.250410791374299 -0.0692606937568485
0.0225203185217941 -0.0468773605563581 -0.288661323266014 -0.0221429693967361
0.0237232631901311 -0.035923001804478 -0.294052830936441 -0.060923225235887
0.0294783945630184 -0.0138617276688923 -0.220870031687829 -0.157063809275051
0.0298506258860863 0.011795129465722 -0.0666261217819778 -0.190660437605259
-0.00282395151543317 0.045057306313603 0.0285886461740427 -0.0688277921000457
-0.0429236854906823 -0.0078541480076721 -0.0433099816122825 0.0078845872299408
0.00766707517955032 -0.0616494219087851 -0.215284205955574 -0.135633935626351
0.0610028095806315 -0.0301283234217269 -0.191791967699057 -0.494838568055038
-0.0804386098751653 -0.171873394556154 -0.1762464180522 -0.262346131110257
-0.151051847258178 -0.0933780388128575 -0.181666023057676 -0.0779950091937729
-0.149502194912379 0.0735145623713872 -0.0497058424085791 0.0062220312240685
-0.0159582507946914 0.172629717493034 0.0104875674899256 -0.000289077306612304
0.0885816314005358 0.107746204431685 -0.00507217015843796 -0.098136182617481
0.115461689199483 0.0370483991874926 -0.129740410861822 -0.123029840804743
0.131953288016096 -0.0298165257004679 -0.216768025802483 -0.076256467269372
0.131461916593184 -0.0406850719213324 -0.255955623120665 -0.0378034069542952
0.143224702703787 -0.0160104470287492 -0.264644096198602 -0.0722395302255411
0.127973276819706 0.0704051541504219 -0.194494514010961 -0.162068057019252
0.0650042290593056 0.135033317505031 -0.0474362252946517 -0.189874068477755
-0.0579002613537048 0.192732574798193 0.0366701021316069 -0.0594235249052519
-0.191623462032443 0.0429968789390943 -0.0614585677439827 0.018950873561168
-0.143625246851981 -0.155008713061336 -0.222027729275196 -0.112012390945227
-0.0479093009177037 -0.20568493799019 -0.191269541573384 -0.441095786535919
-0.152944714811411 -0.276498232009212 -0.148620576635095 -0.19475325793909
-0.249618857614474 -0.149842160882527 -0.157157975475569 -0.0538817579910993
-0.245000978136576 0.103368760392129 -0.0597202904946568 0.00696745485845198
-0.0588987332464436 0.268021179281959 -0.00213266022779381 0.0110224377396329
0.107987549916408 0.198625387079451 0.00573164249268988 -0.0706911365952114
0.175679278014687 0.101569426279311 -0.0874535081323892 -0.0955675736226645
0.220239753220597 -0.00378387335146371 -0.151630382674672 -0.069107458555517
0.220817414388478 -0.0290386915632963 -0.183301610861201 -0.0476087706307
0.240326919289471 0.00594619563298457 -0.193502289894711 -0.0730016838235662
0.207788853267522 0.146132692528683 -0.137894436634586 -0.145932864559689
0.0922709128764443 0.24358083524142 -0.0193855195460888 -0.166536856635121
-0.106755260756405 0.321362551262315 0.0454038340151686 -0.0441408133418831
-0.320648233422757 0.0929641695454298 -0.0661186730593563 0.0307379847149356
-0.281373197123955 -0.228149300005349 -0.198023052044304 -0.069125007120079
-0.150004745004493 -0.351133812074605 -0.157415779038799 -0.328752581366289
-0.214676224071842 -0.343845188106477 -0.100817501370517 -0.0833209819116758
-0.339345632658491 -0.177136634085086 -0.101986994042176 -0.0169302347298106
-0.323546876908675 0.144189835637748 -0.0640687310014164 -0.000456777430234664
-0.0856713543389839 0.351618029355788 -0.024887423385481 0.0216529189674387
0.125726474597493 0.271769175766831 0.0119815861917124 -0.0224477843572722
0.22058611689447 0.15269647190858 -0.0295834573141686 -0.0465742134353737
0.279206102953564 0.0222198330374101 -0.0600073646311312 -0.0499218866109376
0.276363154809328 -0.0135701463451563 -0.0821241095537813 -0.0511140602485756
0.297640264436955 0.0275329655801251 -0.0935242659383174 -0.064801161154353
0.253996197776138 0.199718794877683 -0.0581707772127319 -0.111069190997492
0.105271398260926 0.316714549846372 0.0174324391346939 -0.120293333370396
-0.13966928165436 0.405392961983049 0.0560932355827702 -0.0211550952394994
-0.405667995282198 0.130249125162049 -0.0538241991344539 0.0422464327102412
-0.373656055254555 -0.268813334695227 -0.142995236533328 -0.0136455687513857
-0.223355355576305 -0.438707885679305 -0.0933907586355623 -0.177404761237122
-0.252825444341618 -0.363094599016664 -0.0338653495308151 0.0583223379948437
-0.392075661245981 -0.173468281719767 -0.0128238214510967 0.0279433494583451
-0.361558806191852 0.176145911859625 -0.0577048163952513 -0.0131652844110668
-0.0922139260669795 0.394256931244178 -0.0501521978135174 0.0369799907432296
0.133834164981283 0.306807250299424 0.0212738300733132 0.0417379886117576
0.237994022510294 0.179958120465733 0.0416186087251207 0.0165374257001118
0.300007956079429 0.0430471117926289 0.0470091886806868 -0.0222710124647875
0.290119269215808 0.00313717589713644 0.0313222393750993 -0.0470575390109769
0.304908706696849 0.0458035546193647 0.0189637845806363 -0.0497343610155468
0.252868881922709 0.22200200339116 0.0318790692433821 -0.0642806429922149
0.0947309515563517 0.333933148767867 0.0579085943017754 -0.0593414495044161
-0.152745504563508 0.410295002373062 0.0658641156916099 0.00744209646418738
-0.411174519701353 0.135488165466835 -0.0301868704330155 0.0506579027625362
-0.389307703679603 -0.267985533011234 -0.0658055797469443 0.0408979100857676
-0.253108713852721 -0.450698642658846 -0.0133775586691633 -0.0151734691577871
-0.252959809986484 -0.324391841191138 0.0447508569640343 0.209796931887419
-0.377572082463151 -0.141121716316095 0.0945549912692064 0.0761360351254249
-0.333325181092781 0.179262796457527 -0.0386191825263166 -0.0236464253928336
-0.081732262121963 0.363939109407222 -0.0675432179148112 0.0542483906917818
0.118749534705704 0.285174086152156 0.0331815535508433 0.110035135196353
0.217216832490527 0.176150237224627 0.116900670152362 0.0820630837732106
0.274837763403315 0.0558378136220726 0.153026702156807 0.00941910187624084
0.259809319388995 0.0204515167644479 0.140005526842617 -0.0359465516920254
0.26459594189956 0.0602341968913771 0.122509926325599 -0.0283113928249781
0.205273191331544 0.210592381162519 0.10959498498321 -0.0133211310106618
0.0573402834429379 0.291177320295304 0.0881246889681412 0.00435642785143677
-0.146445930978105 0.327235416278549 0.0666032424510707 0.0330991031503922
-0.337355831450655 0.0966205725273039 -0.00627087610562363 0.0528235875636622
-0.317515832424733 -0.229699799571621 0.00731062298308016 0.0799444891096555
-0.232334634322623 -0.387660870398398 0.0634738171419709 0.127273993477759
-0.211652564968125 -0.235243645909186 0.118116759335652 0.345849409967904
-0.291098581127761 -0.0891835043519239 0.194772056588003 0.121723320437399
-0.240988191175715 0.14116523044532 -0.00877214516577745 -0.0287972632543497
-0.0593629184028617 0.257792482035395 -0.0725714721999825 0.063641597269431
0.0755766206562872 0.210260255996505 0.0414753760461565 0.163925207847755
0.156401539438462 0.141308841303238 0.178542517790336 0.137786706414104
0.204871537517644 0.0593853121319846 0.239023151866618 0.0398716585083263
0.190356282361915 0.0345439633105617 0.228062301432199 -0.0200269145440194
0.185964354161 0.0661387048188722 0.202077700292134 -0.00179907808033544
0.127922860803867 0.169318371579866 0.16026036452359 0.0362378815047535
0.0078812547901966 0.204094533384126 0.0960865320123778 0.0582416018756869
-0.122646084245593 0.18912955930824 0.0535561257397883 0.0465384279988227
-0.21052928360331 0.0362176440811684 0.0100930907415446 0.0458797537484844
-0.193082134000172 -0.161092770928535 0.0574656612999827 0.0954547650929605
-0.174269978708906 -0.265071739408035 0.122534837793165 0.228307763336327
-0.135797919169006 -0.105183625272499 0.171461010964585 0.447077071801616
-0.153975694675003 -0.0240716126412307 0.268293017587632 0.156866037036523
-0.107146247315359 0.0795801380519698 0.0269229997454334 -0.0315536936924989
-0.0265546056342794 0.109845688515918 -0.0664715880051097 0.0588729481926581
0.0189267441921651 0.09970575751301 0.0404184691758085 0.191351272591487
0.0669074704316007 0.0832996379639711 0.212466038120458 0.172878926203329
0.100603518168883 0.0537903670929051 0.29069755448741 0.0638116741083539
0.0919669869250259 0.0432280250659799 0.282127488983687 -0.00183279278086335
0.0849910972523587 0.0624416431464546 0.246518189424379 0.0251666895021881
0.040524778641642 0.107909175306378 0.17784517238719 0.0772421845315757
-0.0347264564069243 0.100562124388976 0.0822271790433562 0.0951178743381317
-0.0839316302006913 0.0471926656249337 0.0305830312834815 0.0471058450058687
-0.0737447671015629 -0.0157235867324383 0.0185567948164295 0.030869792403239
-0.0602485630417396 -0.0721425619403638 0.0837349752742102 0.0891523243290994
-0.0992498695669514 -0.110772282389137 0.158516856769153 0.274316027199238
-0.00537108437481688 -0.0436165552515003 -0.201424146279762 -0.270915798713518
-0.0483710678225137 -0.0198819966654269 -0.190757181964481 -0.0755406370465176
-0.0422815374095435 0.0488655874729053 -0.0381740700447462 0.000931111571067139
0.0333897256101472 0.0676819837290609 0.0124780685537911 -0.0173593680929113
0.0644767286240346 0.00542585962070154 -0.0298339323682822 -0.111033619664439
0.0419902482295682 -0.0325495803243568 -0.166872381009708 -0.120963825609425
0.0238302043602576 -0.0539477850169014 -0.255469903675639 -0.0554430870759116
0.0193564856741597 -0.0484474168695236 -0.289973889932159 -0.00629224745676524
0.0224351603326198 -0.0372047928958418 -0.297825446360177 -0.0447856122272353
0.0285956252301659 -0.0155176642870605 -0.230016602779788 -0.145075167295413
0.030368859096359 0.0102122931057389 -0.0774909449949579 -0.188022236934311
0.000214652216077985 0.0450627284234871 0.025035011775692 -0.0717063984257397
-0.042866669050869 -0.00550793339851205 -0.0411640995714359 0.00711860200657789
0.00398261162550754 -0.0598434584782973 -0.219371363375488 -0.127048193997082
0.0591541616226363 -0.0325380818757506 -0.216043060916139 -0.481936715120714
-0.0889852552407506 -0.165702386530084 -0.189925679027949 -0.253235298339476
-0.15500729466102 -0.0856568148970218 -0.186446441406868 -0.0671508379214555
-0.142963005893109 0.0808659164415996 -0.0484003289081564 0.00861938640031032
-0.00539812517187025 0.171244845368366 0.0127874937652324 -0.00114558645523963
0.0936944874589148 0.100819291087993 -0.0106885688464994 -0.10059642072062
0.116369514455555 0.0308410280969346 -0.137420642093709 -0.117553089313668
0.128942868329809 -0.0376643390932932 -0.222751619132239 -0.0639537209248359
0.127900527891355 -0.0477668830855829 -0.258154294707388 -0.0237175164944119
0.142535476026352 -0.0244481746833456 -0.26914247834355 -0.0571907888242857
0.132071952783202 0.063848535315768 -0.205028068655643 -0.1520929761345
0.0712469368728622 0.131619700887038 -0.0593785950214332 -0.188601716140891
-0.0471434914962975 0.193939124138223 0.0333677374535343 -0.0634522164772751
-0.188772843810829 0.0520818272463002 -0.0589638107577116 0.019990408896492
-0.151752279517056 -0.146375494506086 -0.224229848097882 -0.103304099745286
-0.0578062196326734 -0.201947873788992 -0.212297941023618 -0.427469169075867
-0.166633997270982 -0.266064524274962 -0.158044376641383 -0.188048884987626
-0.257302733166592 -0.137010194910972 -0.16013436850614 -0.0452661115349237
-0.236241445179094 0.115312769547617 -0.0573268598886188 0.00950218303453613
-0.0431654106464082 0.268477442477144 0.00111543985195251 0.0105556612400511
0.11780972330283 0.19134547976872 0.000192178971627194 -0.0742262796257668
0.180863599544096 0.09225078478991 -0.0942024675488186 -0.0923100223285623
0.218957057496485 -0.0160742610829409 -0.157564174088264 -0.0605133195588156
0.216997703634155 -0.040955068712231 -0.186445907510505 -0.037445853310103
0.239768787806663 -0.00765092924558786 -0.198457247144105 -0.0614049179106338
0.216263235085432 0.134913606315003 -0.147742029588643 -0.138398616050013
0.104295776901438 0.238952912646891 -0.0311267436108086 -0.165563300473398
-0.0886949067580831 0.325203306665821 0.0427201838399824 -0.0489506316913889
-0.31556170133508 0.107739784346607 -0.0632065070009062 0.0336025592124251
-0.291939467930681 -0.213669371730842 -0.198886280327103 -0.060973397560085
-0.165362069904232 -0.341464580856457 -0.171583016818771 -0.318768060421734
-0.231569985670104 -0.330581124634976 -0.105077425904985 -0.0804652843377534
-0.347852375238141 -0.16049018970643 -0.102771805751143 -0.0123403034005524
-0.31180509894852 0.159550427986132 -0.0612493047323753 0.00195247636257391
-0.0646446023872328 0.353140629451488 -0.0213856324466375 0.0221345532901462
0.139748301954976 0.263680431587357 0.00858265949677259 -0.0274958934346673
0.228364611985362 0.140954200905499 -0.0335464726194052 -0.046490527018748
0.279692179142109 0.00616775557297938 -0.0649118390738476 -0.0464968608256384
0.272762769418539 -0.0281825106865799 -0.085867910106779 -0.0462775144636378
0.297155179182463 0.0105240183814517 -0.0979788838713079 -0.0586152538374628
0.264562735257108 0.185976626052918 -0.0659572571124177 -0.108192342489492
0.121299073149936 0.31114053203981 0.00761239262019514 -0.121401267378014
-0.117028833157374 0.411801300426258 0.0538308018463844 -0.0275439954452485
-0.396678049614527 0.148363887957723 -0.0508376119034324 0.0440930337978308
-0.386702566307835 -0.249999304342574 -0.140429241574998 -0.00880680392313882
-0.242229229291625 -0.423781394034109 -0.0996027393492645 -0.172568272083046
-0.268548762742701 -0.348243603633942 -0.0308003705464214 0.0571051609584291
-0.401080016644615 -0.155466703705036 -0.0113002930755517 0.0280115191797683
-0.348348488837145 0.193288242283425 -0.0557071182956963 -0.0105404691181887
-0.0697468918084269 0.396458132027361 -0.0459845353779413 0.0392923739922675
0.149875165650298 0.298468890858477 0.0214671325303887 0.0367220382765343
0.248348569288282 0.168764898196612 0.0417703446896772 0.012755094741575
0.301232639272202 0.0267342766220487 0.0442739663986909 -0.0250830246793936
0.28789632017767 -0.0116143706681365 0.0277747178533851 -0.0486094669430835
0.305664603899852 0.0280487441800573 0.0146755486818075 -0.0494546454014507
0.265459379509638 0.208185352381235 0.026274937608347 -0.0663257455591971
0.11193278978614 0.328773132557698 0.0508988748477434 -0.0616760185810585
-0.129628251295683 0.416228268694986 0.0641172730370711 0.000531849108058103
-0.403191106581369 0.153129197978041 -0.0280429057987259 0.0528356698215485
-0.401007256772627 -0.248318912293908 -0.0609625125312948 0.0423982114105264
-0.272591629608866 -0.435542212001833 -0.0113192753759976 -0.0162772407634749
-0.268224388981936 -0.311711000137936 0.0545294791211458 0.203601040907031
-0.385320354982899 -0.123976817365979 0.0984643774817718 0.0697388849327143
-0.321251705512599 0.194849576953015 -0.0371677353919719 -0.0210990723926566
-0.0617552835332916 0.367635077692837 -0.0630347211450776 0.0576334265379635
0.133612627344875 0.279839046970995 0.0376484243937236 0.10449304837149
0.227358616244619 0.165594793649658 0.121206793831486 0.0744406845297688
0.27721594411274 0.0403313540066294 0.151747033320898 0.000908442560403489
0.258766478861157 0.00697446091284118 0.137056414494858 -0.0439998531618043
0.266090196255631 0.0452910126520221 0.119714228237515 -0.0332195538355104
0.217447489913535 0.198801870986835 0.107078988941971 -0.0190349322095179
0.072705539670139 0.28829822407926 0.0844046506672103 0.000421199166207056
-0.12792202226317 0.333310554051437 0.0655640741574519 0.0264026019759845
-0.330417597592528 0.112283574700277 -0.00488331619336614 0.0534681752653645
-0.328508318878177 -0.214868579604057 0.0134800461006593 0.0782726618162912
-0.247911741197739 -0.372384286699666 0.0724003762731898 0.12127708083852
-0.222115661615633 -0.223676926248856 0.134256583620849 0.336398943748351
-0.295463478025041 -0.0767359764915725 0.20084747661784 0.109914502939802
-0.23286087898703 0.151681313779206 -0.00786556032774297 -0.027156572757335
-0.045471358534209 0.261818294603907 -0.0676300817189426 0.0684328585411473
0.0866873460358514 0.207662095213362 0.0497314227245927 0.159781923948791
0.164541611655545 0.134029611946357 0.186559243856618 0.127035323970122
0.208531042366847 0.0483430515631233 0.240852433480725 0.026945506447122
0.190829091795802 0.0245140185270185 0.225981939718232 -0.0325934387383241
0.188269414329915 0.0552523684370292 0.200400706727112 -0.0118218287465558
0.137698727433164 0.161877000513015 0.160457904906463 0.0282129160583346
0.0191627630984883 0.203803576819108 0.0954844580393119 0.0541599570290848
-0.111858538739659 0.195479680960355 0.0533307088233622 0.0409739120704412
-0.207798612099971 0.045670887208501 0.0100217793794989 0.0452540068220619
-0.201023850969404 -0.15295973638386 0.0637252737472426 0.0924637551700909
-0.185543573248176 -0.255369807336534 0.136566779485711 0.219029289297642
-0.140066410438899 -0.0994329627089772 0.191121564002202 0.433596478254701
-0.155103749076015 -0.0174602879722869 0.275376744289937 0.142243153690007
-0.102893111522927 0.0832760659564652 0.0263717469170018 -0.0307364411833396
-0.0211263091015974 0.111814961428056 -0.0620138626871875 0.063896517025639
0.0243785586067868 0.100228479798568 0.0514134283849011 0.188602832455191
0.0720278020180214 0.0803224428436481 0.22260607311106 0.160860101460094
0.103760520190776 0.0484297130098428 0.29450837474568 0.0470458983786284
0.0939315151929306 0.0388762988172363 0.281920253141945 -0.0177810261416902
0.0871842401419654 0.0574317143112823 0.247084705955416 0.0129863998073787
0.0469460883715465 0.105401696985906 0.180856784677585 0.0686861850346199
-0.0283220148950717 0.102191036815997 0.0846417156045268 0.0918964740701037
-0.080944155704698 0.0522976495441333 0.0299360676419557 0.0434564689996417
-0.0741616913319215 -0.0119536425677405 0.0176052229078488 0.0294539768692329
-0.0646203104214301 -0.070459715332934 0.0890597161668619 0.0846859937430772
-0.103913438146795 -0.10535331073805 0.173641058721616 0.263654407439479
-0.00641636764834464 -0.0411341959914053 -0.204873444432473 -0.258018487562203
-0.0478003579214472 -0.0175067937854866 -0.189627805843067 -0.0645190003529597
-0.0388169221929967 0.0488319326936744 -0.037357661510388 0.00262215340844412
0.0350161631922995 0.0634821562732318 0.0133464018825827 -0.0174970757747591
0.0625597744920705 0.00144926835244759 -0.032098875761179 -0.108377969131317
0.0390633488789291 -0.0337577452748502 -0.167722499507875 -0.11361628632726
0.0204057413815969 -0.0540263029652172 -0.253028531368343 -0.0453147625097344
0.0163037045898645 -0.0483275336101787 -0.284081415815492 0.00408266919876107
0.0213609519480206 -0.0372897661098044 -0.292547951118269 -0.0334870164090169
0.0274976025156081 -0.0155670375517463 -0.231258315053397 -0.134333269038979
0.0294689768202161 0.00903512444030855 -0.0831849447965602 -0.181808179622882
0.00250019596777599 0.0430239849957453 0.0218656878876055 -0.0715827345784249
-0.0417349494981867 -0.00379654560792989 -0.0386892028650613 0.00497281318129852
0.00207386030170817 -0.0571843842843844 -0.216691894347209 -0.119644052132013
0.056588165374301 -0.0333159736098876 -0.224053958324936 -0.462188012352094
-0.0913062054501126 -0.156965144156727 -0.192424486767807 -0.241264504354047
-0.154134146423597 -0.0784353091603121 -0.184914998006797 -0.0573794244759243
-0.13429295146252 0.0832235474610218 -0.0462497105987395 0.00984892487531011
0.00138372832498641 0.16532063529481 0.0144156815729653 -0.0024897144439534
0.0940031733567335 0.0934085200504009 -0.0148933396378255 -0.0996460583396057
0.114229500069458 0.0264616107716604 -0.139437779495404 -0.110718394589473
0.123545794330781 -0.0414832655459419 -0.22101456445491 -0.054195455381947
0.122105907436372 -0.0515486376659323 -0.253722723854392 -0.0138870281723225
0.138537036432431 -0.0293631714265362 -0.265103705724826 -0.0460366453554343
0.132005628976996 0.0579776175910147 -0.206966933283416 -0.142437694917635
0.0735572870668372 0.126397396455323 -0.0663297073452161 -0.182416689819687
-0.0385127253566067 0.190535950977669 0.0305923416921389 -0.0651196059575596
-0.182703262925131 0.0560613808556432 -0.0550938732627905 0.0194038157558031
-0.15304479683212 -0.137512711093337 -0.220289642306718 -0.0957294588269545
-0.0614532543843998 -0.194836806956243 -0.216980119060884 -0.408636218219256
-0.170134471938468 -0.251729092199933 -0.161447161224953 -0.179801210116602
-0.2552693022682 -0.125650970743791 -0.159141558800089 -0.0384344662133186
-0.223333165082733 0.119149078775727 -0.0543722709736476 0.00982810438319797
-0.0311107231210095 0.261454186749221 0.00343435934053773 0.00900143426446103
0.121240745440675 0.181585372727889 -0.00440188222825318 -0.0751415896259078
0.179431076991876 0.0846302543186749 -0.0960759433428546 -0.0879209490779454
0.211898708461078 -0.0239964833364501 -0.157396026239479 -0.0530684125210638
0.209788517135572 -0.0474333085384733 -0.184295674084541 -0.0301066723604349
0.233199643523043 -0.0173027883924 -0.196559311551474 -0.0515203854702309
0.217345260962432 0.124636801053705 -0.151450873200681 -0.130739300011448
0.109323773572869 0.230515773956662 -0.0386220155949611 -0.161158203545574
-0.0743633734799763 0.319477205510258 0.0393912243118442 -0.0521418236137278
-0.304529278190102 0.113610636379815 -0.0585933175105056 0.0331070773658048
-0.292126189417379 -0.200082739480246 -0.193911828805808 -0.055642779991306
-0.169737466214145 -0.327506745397998 -0.174087483518688 -0.305878191920276
-0.23451519734247 -0.3131046733918 -0.105419888892802 -0.0778370542692534
-0.345082183537083 -0.146523543501757 -0.101529140824769 -0.00951094494194666
-0.295571349867142 0.16372509522956 -0.0583433200931382 0.00309169971510994
-0.0490204214706388 0.34516913533642 -0.0180155211487877 0.0209720123151672
0.145072520792073 0.252399750353648 0.00446737299666328 -0.0303209374055208
0.22843414862797 0.131230699589243 -0.0357994197348253 -0.045416361934356
0.272000152546636 -0.00403989544108284 -0.0664586337345843 -0.0429604881818485
0.264186383882597 -0.0369327610923665 -0.0860708671609016 -0.0426173811513043
0.28827848339226 -0.00129608867529141 -0.0980836931512673 -0.0521896105859732
0.266174948750273 0.172735672852916 -0.0707022481950349 -0.103537846599181
0.128121008086371 0.300916942510702 0.000446618109752794 -0.117792973347988
-0.0989513350259566 0.404542427210111 0.050455589167269 -0.0315374193268557
-0.382521092251492 0.155698497152348 -0.0474527448688955 0.0447394005972131
-0.384864032278678 -0.233436074132188 -0.134823108373937 -0.00599630123822559
-0.246878542023493 -0.405336717451327 -0.100264769091135 -0.166054047385247
-0.272315071923311 -0.330880888540235 -0.0294702778036347 0.0528656944461516
-0.397207758573604 -0.138898029909121 -0.0113926872459817 0.0254450385380717
-0.330993129480823 0.198109117072419 -0.0526830016640349 -0.00972599925206608
-0.0532776137711093 0.388316766451837 -0.0413827087642135 0.038805904844764
0.156440913777719 0.286296437513437 0.0183637695317213 0.0315358907397823
0.24887285798893 0.157059480918583 0.0404703288120782 0.00994789259626203
0.294157219405995 0.0148832007874839 0.0410527962875045 -0.0260124778926164
0.279042726014231 -0.0205967264289204 0.0249687995481345 -0.0487743117738114
0.297414151026881 0.0168595446008513 0.012364432035916 -0.0474582925860299
0.267144792330654 0.194237155160888 0.0209988435042465 -0.0656107709558864
0.119991120066213 0.317900582984992 0.0446476280972729 -0.0610665580385235
-0.111256776527104 0.410546303894664 0.0606461093483724 -0.00507036634238943
-0.388400202705009 0.16095723531506 -0.0256792530625223 0.0524650962249555
-0.399324126383603 -0.231839127407197 -0.0559866691053847 0.0416636057863031
-0.274512056991883 -0.415258418392514 -0.00931597501886571 -0.0177362159496352
-0.27021518881209 -0.294412971212614 0.0585702987300813 0.193294226059587
-0.381563591315503 -0.110324675767673 0.097342843491033 0.0627407045877822
-0.305576227433733 0.198636303659165 -0.0348754930909265 -0.020377504271957
-0.046742321032538 0.359874185540779 -0.0574181832061973 0.0579081079232215
0.140566719454986 0.269013454877371 0.0373363606465531 0.0984262964552654
0.229049920187818 0.155101457176215 0.121118248382449 0.0675686625652579
0.27183447630909 0.0297493150301371 0.147385324764807 -0.00473247244523936
0.251941118848582 -0.00121085214295935 0.131368672394227 -0.0479702128963555
0.259932695024753 0.033893837181873 0.114945868181684 -0.035743891860271
0.220598072970674 0.186338756764061 0.101787426727035 -0.0218897244712522
0.0811512250685791 0.279116474340076 0.0787948600627263 -0.00100787316412922
-0.112662392010706 0.329334632786328 0.0625684155403736 0.0207487172358802
-0.318602076205687 0.118722941965559 -0.0042201005977407 0.0529428542513369
-0.327256678201148 -0.20121589224242 0.0172936539864238 0.0748784016860448
-0.250088293084412 -0.355557422736753 0.0764475571985908 0.11366614001578
-0.222958387504617 -0.211660847893868 0.139941859646017 0.320791533889265
-0.292700257076969 -0.0672832102377385 0.197912921356597 0.0992640819493592
-0.221438067546526 0.15382237086813 -0.00696522833992483 -0.0262778695856654
-0.0353133872719909 0.256942132566185 -0.0625525582204969 0.0695350419636022
0.0923385542803013 0.201694027381925 0.0522969784943249 0.152346603718626
0.166782902415789 0.126393475548719 0.187422308184025 0.117104731676861
0.205055656780325 0.040251554924179 0.236178133462809 0.0168162590845511
0.186607779565729 0.017922660913924 0.21922434707369 -0.039987190422544
0.183938471721597 0.0472579547005212 0.194826383195546 -0.0173617121728675
0.140660886978149 0.152254928629735 0.156324844815201 0.022532681755281
0.0260865347122669 0.198328416811446 0.0921473676156262 0.0506198012183162
-0.101482406387273 0.194826597072226 0.0501951740613014 0.0360650593220632
-0.200656325028579 0.0504478720231229 0.0096300021175002 0.0446338890514622
-0.200468962690868 -0.143901583125285 0.0670521911470379 0.0871961400470014
-0.186966182142126 -0.242268775713599 0.141449613035824 0.206775118870305
-0.139203087796241 -0.0925319855828853 0.198879318244422 0.415627269851048
-0.153362988688013 -0.0138540515116225 0.27193829219523 0.128645608466107
-0.0985055043513799 0.0834946183614213 0.0258107667298437 -0.0292598532976125
-0.0166747647945275 0.110535507433773 -0.057587547346198 0.0654399750379865
0.0276152470505656 0.0991104558835503 0.0562992698680974 0.181709121511028
0.0742831361856795 0.0768855093468059 0.225003213178029 0.148846366502887
0.103454606649916 0.0439375215907971 0.289997039609239 0.0350678507893946
0.0931796206753619 0.0353314415629069 0.274564762751918 -0.0274106359906742
0.0863856338152288 0.0529707381113601 0.241671194000987 0.00437571332243115
0.0502798879720542 0.100205673126984 0.178649711126601 0.0616771049049764
-0.0232267425699689 0.10094540002664 0.084078263764124 0.0880601115867652
-0.0770235473469267 0.05396654658298 0.0273713408413853 0.0396595118320194
-0.0724874993749653 -0.00968198924860771 0.0163469245353243 0.0281453736611318
-0.0656922493681324 -0.0676850493054852 0.0913804604780106 0.0797527115283697
-0.103126091346263 -0.098802353502715 0.179357063014918 0.249125131998763
-0.00431554435753702 -0.0362538863319108 -0.187478243384388 -0.263633709213772
-0.0443984924594264 -0.0178428154475115 -0.182707504284153 -0.0677238211512196
-0.0398227204971401 0.0461062749196955 -0.0336981344556352 0.00352906213429333
0.0305785551985339 0.0621259455354803 0.0182647625667356 -0.0161911255896256
0.0588424094154532 0.00460817827714731 -0.0247075568787272 -0.108997338164571
0.0381065882210967 -0.0294761437842088 -0.158935790082609 -0.117245356597519
0.0193218148889211 -0.0528965722582513 -0.246880001016302 -0.0535393457918698
0.017349207270091 -0.048108921266196 -0.277112545716467 -0.00346215939748659
0.0204804384453625 -0.0371111397358423 -0.285099767625694 -0.0399800635322842
0.0261643075719957 -0.0144679946472072 -0.222754436299434 -0.136650777882362
0.027807165277916 0.00906502391416571 -0.0759968941433256 -0.179812644145727
0.00150035200982632 0.0404614880907314 0.0231753160431644 -0.0689085354048201
-0.0412619888128788 -0.00517583842026823 -0.0373968284498736 -0.00124152966785012
0.00126473825642435 -0.0575177718441442 -0.202128637871157 -0.129105802812276
0.0512535037111423 -0.0338275951726127 -0.186475798412495 -0.454310774400987
-0.0803230991470011 -0.156893598189784 -0.182637599549273 -0.246355301587971
-0.145721736825772 -0.0844019905275687 -0.179935128814657 -0.0580552633473172
-0.135149333161869 0.0731368417413841 -0.041253961868701 0.0125931563204493
-0.00691048786745654 0.158205170290771 0.0206443431073825 0.00215190154340976
0.0845112601994622 0.0956818969491388 -0.00542324129700633 -0.0993650025017974
0.109369394229819 0.0328387380404208 -0.12867941021162 -0.115126960563932
0.120096393467713 -0.0362015524887485 -0.213499147682734 -0.0634385996066608
0.122389189040179 -0.0453022786168598 -0.246186468604921 -0.020939840929259
0.135504486188772 -0.0246826436970665 -0.25808548666659 -0.0498749765514258
0.127653478121846 0.0622836354255257 -0.200265183885005 -0.141611716658318
0.0669396867839765 0.12845309920415 -0.0636818787103385 -0.176642868611564
-0.0437739387959572 0.182396710514146 0.0247000881679656 -0.0585429739288955
-0.183137790738747 0.0473558160872987 -0.0573227537150779 0.00948820573376783
-0.148116707767263 -0.143145761798122 -0.204013270234638 -0.111239862344535
-0.0586813281358554 -0.194066494507125 -0.17964092857889 -0.408286594014265
-0.151258570138516 -0.257260378247435 -0.159955224969072 -0.18255426090887
-0.242552197035415 -0.137416067995752 -0.15660259682746 -0.0362824989804573
-0.224483334923208 0.102548643625719 -0.0481290824088809 0.015603880533604
-0.0422313052658179 0.249394928879037 0.0120976044304554 0.0155938764200951
0.106508502918945 0.1824154079579 0.00624853285984308 -0.0742043364120206
0.17100939678879 0.0926129952989415 -0.0861504416100234 -0.0919950042864805
0.206250494365941 -0.0133807497361215 -0.14967009998687 -0.0612495737834339
0.209425447871337 -0.0366850108798857 -0.17684599091506 -0.0347022852338759
0.228936578895516 -0.00929871274816839 -0.190133414608374 -0.0521029004760426
0.210627189071283 0.131080644793048 -0.146517832112966 -0.1268235441375
0.0985888316555708 0.23361962104608 -0.0403430288459423 -0.151703530859921
-0.0842720215761928 0.30721072540328 0.027317048869092 -0.0424718445371268
-0.30556311062281 0.0983341523998577 -0.0652057954301354 0.0214981752796615
-0.282049553204181 -0.209972439631193 -0.178799562537962 -0.07500854013001
-0.159974353022496 -0.326073178564529 -0.141391276679111 -0.310834379167401
-0.210592740484776 -0.324528497307727 -0.11555091479265 -0.079043637940757
-0.329809346285906 -0.16459505954552 -0.102770164684995 -0.00330715230895996
-0.298285259388192 0.14150766992655 -0.0491060085943616 0.011271626379772
-0.0635806200125575 0.32992900146691 -0.00670902764769566 0.0296622688324375
0.126998026841893 0.252702613388634 0.0153285748817073 -0.029996604882032
0.217965480422426 0.140233320221559 -0.0272306382022557 -0.0494811727845069
0.265289325694993 0.00867077544630505 -0.0594589816741295 -0.0495602383403599
0.263499871286185 -0.0230680426190885 -0.0802088131612815 -0.0445893162503831
0.284301491708085 0.00917951057481285 -0.0937660081170192 -0.049792688759309
0.259036329496558 0.179781394011078 -0.0685490526322422 -0.09673944633168
0.115989853659796 0.304419255321306 -0.00618766118600669 -0.106173476037512
-0.110058706745659 0.389080222255955 0.032631363772449 -0.0197867294294298
-0.384582129061414 0.135619670359495 -0.0578830238609517 0.0327470574068493
-0.370534684457073 -0.245183559167769 -0.123015726977113 -0.0262977527880547
-0.230178929173635 -0.403237422724296 -0.0748597865809725 -0.176393526105199
-0.24520272725704 -0.344634284306052 -0.0495835514497212 0.0531583229431292
-0.380682950782549 -0.16219879093908 -0.0167298294246278 0.0355858177861172
-0.335770093845472 0.172890489597749 -0.0413065313921005 0.00190832613079113
-0.0696460000506516 0.371822304818685 -0.0289444274600858 0.0472858003290312
0.137422865739832 0.286936552374772 0.0283470162496217 0.0309466724481734
0.237821546172197 0.166331120239744 0.0456838547702311 0.00712451791269101
0.287787772587227 0.0294401623311433 0.045856034882061 -0.0297965326502409
0.278045463343925 -0.00592805311985858 0.0279819093179836 -0.0478203203890888
0.29239387605003 0.026881674198065 0.0136193220846555 -0.0415978798625319
0.259897080522595 0.20037107906515 0.0189517036157765 -0.0569538243499261
0.107032790063675 0.321385886148967 0.0335636606631907 -0.0486093122912161
-0.121826006892427 0.394436390107113 0.0400967203212431 0.00644014534754625
-0.388925834802276 0.140632040630776 -0.0382103107562374 0.0412535200848314
-0.383903862052032 -0.244543899922538 -0.0494427177815184 0.0238712945593364
-0.256159386186627 -0.411412282582625 0.00426334860164337 -0.0295817014006536
-0.243852079611036 -0.313288360969889 0.0293622654161162 0.195842303798183
-0.369018260068667 -0.13492286813309 0.0878230689793903 0.0760861206935792
-0.312684013902012 0.175217708489037 -0.0237426470091275 -0.00856823408094281
-0.0620469245197541 0.345169764070023 -0.0461591843054254 0.0646843948616707
0.123027744515319 0.269942212322926 0.0433004338494179 0.0967713493978505
0.218594744832568 0.162529119965188 0.121073533487109 0.0660733662481028
0.266499049383154 0.0428530558848137 0.149434125717476 -0.00482987895615328
0.250317729557822 0.0118849319722795 0.132028418401033 -0.0439839018245851
0.254903423312136 0.0431582595929081 0.113761427642412 -0.0270105973905972
0.214324135882574 0.191499485887845 0.0972390802584472 -0.0128801213737929
0.0706484733586021 0.281000016002065 0.0660639033880011 0.00941653504685647
-0.119484463958918 0.316220388948139 0.0425460203610658 0.0285663417095705
-0.317929564472623 0.101905161911493 -0.0157313732111588 0.044535222692661
-0.313595800222708 -0.210163520593448 0.0194173316463751 0.0620346049603988
-0.232341825981683 -0.352714556442151 0.0774600071598908 0.102695853661271
-0.202921431148683 -0.22907795350549 0.105499477340206 0.323891407262559
-0.284913045314942 -0.089035782054539 0.18531904438256 0.113663762349157
-0.227860393511522 0.136182783463383 0.00158270311770364 -0.0155131094109947
-0.0463962402156685 0.247156577652508 -0.0549146139945872 0.0732890156251768
0.0800790612263382 0.201256691630596 0.0530795574059647 0.150541057783906
0.159343283022208 0.131023865276993 0.182460459085163 0.117212148434654
0.201608694983369 0.049623942532601 0.23503643948903 0.0209615515220675
0.185347037869735 0.0285474403149549 0.216850604829729 -0.0337294507088415
0.181006635356163 0.0536430293895183 0.191047236092532 -0.00801362859780388
0.136336382923834 0.155900158630185 0.149372268647504 0.0305289384296655
0.0201816774531603 0.19858415180668 0.0796385622181648 0.056762374256823
-0.103847109453854 0.186118575206219 0.0345604427012198 0.0389345641437559
-0.19892333766591 0.0406969451531218 0.00110277361920729 0.0388852673587965
-0.191196051339858 -0.148614279823141 0.065845066815143 0.0813068042555898
-0.17243355411869 -0.239809062413265 0.13193287341586 0.198651504058887
-0.127873141616906 -0.107053722723068 0.162375061297935 0.41880237690896
-0.151156990664448 -0.0278682031472524 0.256941716784061 0.141977643000456
-0.103505279684927 0.074893405548372 0.0303913542756124 -0.0216188909224045
-0.0216249051193349 0.106729399984187 -0.0544437545773849 0.0660158557844497
0.0233280058982788 0.0978920781610073 0.0518481927319026 0.179593736164015
0.0706629598427175 0.0778830769172944 0.215656522459354 0.15139257815763
0.102242427210518 0.0488745691620036 0.284952093891922 0.0428663576919406
0.0918534014721696 0.0406889708788883 0.269531491312403 -0.0196600317934058
0.0846994619347165 0.0560308586366345 0.235681595421849 0.0129198300949706
0.0482866571806563 0.100813296836776 0.171216143065725 0.0674013573472894
-0.0252440982563649 0.100089170941852 0.0733366187525492 0.090124188688183
-0.0756086833089837 0.0505869800580741 0.017815672122126 0.0382047425575566
-0.0703126984306603 -0.0124298533569794 0.0115897063119479 0.0261460988735478
-0.0615344270567786 -0.0684842138665727 0.0880165471135075 0.0796114877683063
-0.0947349597132717 -0.0978999053745148 0.162061550672405 0.245648598382745
-0.00325906009796121 -0.0353978890200868 -0.183122381442126 -0.265892638256367
-0.0438920309461162 -0.0182806843732058 -0.182099183990029 -0.0670090991262659
-0.0390241612728618 0.0452745125250237 -0.0336498478574825 0.00391996666154015
0.029663004347862 0.0611763962869965 0.0199397343130833 -0.0161024809579286
0.0575686968699253 0.00378807033514402 -0.0232834535439703 -0.109794052625182
0.0376501929659292 -0.0291786282088913 -0.158183638419723 -0.11878524984182
0.018513724718407 -0.0524315504749626 -0.248060419197439 -0.0543007944988076
0.0165001633655338 -0.0482108133617458 -0.277538413880561 -0.00492355762971942
0.0209893153173577 -0.0379448741753877 -0.285354709081888 -0.0415874399710168
0.027311289182975 -0.01409163961537 -0.223482522906513 -0.139593231689491
0.0277196414292325 0.00999722075274164 -0.0749103544905181 -0.181311316424501
0.00157076097141737 0.0403623500134721 0.0238010189644874 -0.0701750439424438
-0.0411803273507508 -0.00532025236941453 -0.0365315067394699 -0.00492625283057313
0.00232112125087399 -0.0566084764896101 -0.19960518217107 -0.13384115507035
0.0511994895555802 -0.0330355717262401 -0.179780869671286 -0.454740409616713
-0.0770212399485185 -0.155995381589539 -0.179242976502764 -0.248514335592275
-0.144085570514899 -0.085743122890066 -0.179081601155234 -0.058302767155132
-0.133176614430847 0.0706213844119836 -0.0414473311544772 0.0120718150839174
-0.0072984058595004 0.15664402869551 0.0217705373313268 0.00154962523958233
0.0828930078126433 0.0955378023784574 -0.00494761206015844 -0.0998776594207015
0.108931663756374 0.0334713592901803 -0.128924274341698 -0.115997308041625
0.119113002677114 -0.0344589562479077 -0.214711796583731 -0.0637096387675448
0.121832660573541 -0.0445975179561397 -0.246565816754983 -0.0225107888026685
0.135186936601704 -0.0246536267637311 -0.257716673403309 -0.0514764442512872
0.12843114054647 0.0634302558786687 -0.201026253997191 -0.143673118001507
0.0649819507109144 0.129834346334915 -0.063193552844799 -0.178074113786548
-0.0447598141911951 0.181643893624862 0.0253918794924783 -0.0602836715103856
-0.183754809344443 0.0446107071710979 -0.0559113065425759 0.00672336943434566
-0.146324156826683 -0.145308322615495 -0.201556539716438 -0.115273313224312
-0.0552241045321817 -0.194701716563715 -0.172515369798437 -0.408918016554987
-0.145914226716945 -0.255998146475518 -0.157488349681367 -0.185795936549079
-0.240596260217194 -0.139981685260006 -0.157084572253672 -0.037015891541557
-0.222243080127937 0.0983631437701665 -0.0480428246063598 0.0139007203280843
-0.0431182252795253 0.246599101013829 0.0134161116576331 0.0152304388588855
0.104084575883097 0.182626704898873 0.00515762535951391 -0.0749240308479684
0.170957812627763 0.0941197804770936 -0.0862540152017308 -0.0928198155782233
0.205558404081086 -0.0118502519535567 -0.150684459368494 -0.0623424885864017
0.208394350149449 -0.0348822927392101 -0.177299339738322 -0.0364562808901237
0.228580055858129 -0.00763032018623299 -0.189853538860025 -0.0535532077668694
0.210879300207072 0.133116691073109 -0.148006956926971 -0.128522322279899
0.0958625137321707 0.235518184065777 -0.0404900892832676 -0.152148752339718
-0.0867329527159554 0.30537172258424 0.0271560185203644 -0.0447953939265246
-0.307736737179324 0.0943309834155752 -0.0638675994141739 0.0190550352912984
-0.27959775449424 -0.214164834809151 -0.176099137038011 -0.0791917123239892
-0.153124386979756 -0.327180830941447 -0.135030279089311 -0.312635419148359
-0.204479166382716 -0.323919537833341 -0.115401413859177 -0.0825665180686414
-0.328128204642398 -0.168219725514168 -0.10459125842747 -0.0047850561938017
-0.296772611197124 0.136146559812855 -0.0491113393825925 0.00906979575815807
-0.0651218653371244 0.327242452314102 -0.0054651951791161 0.0285019409055862
0.12512983818619 0.253507262500856 0.0129098605054334 -0.0305387806041051
0.217670553477527 0.142768591502607 -0.0274562375084207 -0.0500471329614291
0.264172274668183 0.0111502203703206 -0.0601143686951255 -0.0503460033278552
0.262687789150539 -0.0202450968086096 -0.0807343106376588 -0.0454305090271833
0.282592567972303 0.0115685524543022 -0.0934704378011142 -0.050042159961541
0.258689522886127 0.182640823722345 -0.0706702648234443 -0.0975992932603328
0.11181606299936 0.306373898469542 -0.00776544806911258 -0.106087844343537
-0.113203086142408 0.386732857827024 0.0317859482316297 -0.0222838583494153
-0.386362056405791 0.129444381896003 -0.0565310429163897 0.0313498913891122
-0.367353059643683 -0.251696034163998 -0.120965736602541 -0.0299300393657116
-0.221824181145253 -0.404999331800226 -0.0702768048579339 -0.178135306518357
-0.239089044963197 -0.346043079509659 -0.0522407097697111 0.0498053611353315
-0.380139926386543 -0.167559328912091 -0.019050999094583 0.0346212673735545
-0.336330999730249 0.168162868526075 -0.0412101164238204 -0.000560855737218992
-0.0713563923935834 0.36988476911019 -0.0278422265924872 0.045792827802252
0.134732851701911 0.288787024542857 0.0247269023910257 0.0306169543768866
0.23745510024924 0.16901254100693 0.0449220530420741 0.00681868982218365
0.287667510561763 0.0315627659787052 0.0455636449856895 -0.0297844328449114
0.277274161306586 -0.00305016631761379 0.0271726306208109 -0.0483173689993621
0.29037147094104 0.029844726954862 0.0138077532491445 -0.0404755043065421
0.259234463474431 0.203886872185534 0.01698267034934 -0.0565873176500404
0.103307268626434 0.323658484073736 0.0318858797175255 -0.0476605639835128
-0.124857859152091 0.39304229145613 0.0383256940890721 0.00426810819269091
-0.391377887860224 0.134150803247113 -0.037653192998477 0.0410434274744976
-0.380611133146083 -0.251248010885359 -0.047667461562311 0.0213869474554025
-0.247314867756031 -0.414224351142246 0.00613303536761952 -0.0309827693470361
-0.238291388555524 -0.313881183218306 0.0244251343330486 0.192805641501036
-0.368508212912394 -0.140746792108821 0.0843539723519422 0.0758172466580989
-0.312541342710618 0.169721626257274 -0.0235656293048621 -0.0099771929878612
-0.0641917591685821 0.344285092618975 -0.045804743358469 0.0637854985724274
0.121239542037147 0.272668910411891 0.0398198940552101 0.0966183192021223
0.21850851228887 0.165607424778797 0.121010814228233 0.0665458584575393
0.2666592444026 0.0451364549316955 0.149659215691084 -0.00431441405024523
0.25012768544973 0.0151102253426307 0.131505029280651 -0.0437887698571748
0.253174138593792 0.045562915141472 0.113669368694701 -0.0253532434735116
0.212853555574562 0.193940995858213 0.0951390521801312 -0.0116265966128183
0.0676143123743545 0.28250310334095 0.0638255513624154 0.0111561788404541
-0.121210842109978 0.314734488237924 0.0393156173709443 0.0264126676700358
-0.319079070719816 0.0969191874875767 -0.016335274241078 0.0450286696441926
-0.31065609496436 -0.216027614972832 0.0205527520432865 0.0608614404140029
-0.224592854075381 -0.355168412260869 0.0776102215233916 0.101256938085484
-0.198841299942202 -0.230671355473384 0.0982628473455275 0.32295072960666
-0.285769216966687 -0.0929812600471969 0.181672949664195 0.114437650894123
-0.229321031220571 0.131370035835447 0.002038213264408 -0.015782124058099
-0.0484669114248708 0.246199069901998 -0.0543023686493162 0.0727960880505063
0.0789456547233297 0.203868895352059 0.0497397026999206 0.150903044893973
0.159545636770164 0.133013811161861 0.182412621252598 0.118397326329937
0.201646955592203 0.052171093555269 0.235040402474437 0.0220797939232557
0.185103637402336 0.0309678676780976 0.216252410854941 -0.033307649441061
0.179553807526697 0.0558799811615765 0.190858848800693 -0.00591158495095201
0.135100624762546 0.15672745840343 0.147486891366662 0.0326430331223157
0.0181918520629702 0.199226367964822 0.0769684570693344 0.0593206279191548
-0.10503753512353 0.184727157593107 0.0310571846453038 0.0379779054119467
-0.199179059863232 0.037281713005946 8.0937283121191E-05 0.040006089050717
-0.189409334762269 -0.152104320396674 0.0664197555110382 0.0808518192606305
-0.166174431840698 -0.240717052552104 0.130650851633389 0.197575303401548
-0.125683364745458 -0.108515384005182 0.15487911693086 0.419172264050593
-0.152509758617313 -0.0305791034293988 0.252494630069963 0.143135057692383
-0.104705169080506 0.0728539778701069 0.0307712209224427 -0.020311039764758
-0.0230175841399108 0.10683006183721 -0.0543210303321688 0.0662525589529029
0.0232602589313902 0.0999644234311333 0.0494753555828651 0.180052343322902
0.0710762819845511 0.0788497239338754 0.216420685339998 0.15313240052769
0.102386945311831 0.0495889540067368 0.285462654315222 0.0433443179527725
0.0921963029891425 0.0414966845093902 0.269528417854845 -0.0191667155843818
0.0834253334916779 0.0574106255580341 0.235845085756425 0.015037438080039
0.0467314173489844 0.100867288773823 0.17002834326632 0.0695406374057223
-0.0257284068150423 0.0994497051053535 0.070688706640447 0.0914254783724175
-0.0755073636548799 0.0500412393837528 0.0143217502258257 0.0371979940214415
-0.0696542607086772 -0.0137557891424413 0.0100576051165151 0.0264116092405347
-0.0611030067648528 -0.0699385974801711 0.0880168838886381 0.08037785366425
-0.0918030860189185 -0.098284794554203 0.160297790929901 0.245443354314281
-0.00195309650053827 -0.0356529588790942 -0.185393398809394 -0.274697390651584
-0.0445572880598068 -0.0196670190302093 -0.185027008259258 -0.0682858606432824
-0.0393426498820563 0.0451378411597652 -0.0344588405233061 0.00427346522340158
0.0301045531439583 0.0621829412386541 0.0220711737618378 -0.0161108956878871
0.0578120805769963 0.00342254076623988 -0.0221925859116138 -0.113266775837154
0.0375974119399083 -0.0296887900854978 -0.162318239862714 -0.122326382670589
0.0181150460684357 -0.053662627959923 -0.255270678713505 -0.0556687215756982
0.015976626059539 -0.0498132719339619 -0.284906123616966 -0.00561382518789026
0.0221585913290122 -0.0398019302693957 -0.293010506839002 -0.0439484183556053
0.0286564617652385 -0.014490165771718 -0.229875261210525 -0.144061733932938
0.0281582761591732 0.010772434871555 -0.0770058033332868 -0.187631397729593
0.0018853459222722 0.0410754008584877 0.0253457968370143 -0.0730406521509491
-0.0417912660415213 -0.00544232609806941 -0.0368284229570567 -0.00848165954320811
0.00242821140432697 -0.0570305151555148 -0.202184902405602 -0.140374080665344
0.0522120690158458 -0.0331274426904294 -0.17870124946801 -0.466065060002457
-0.0757572215679435 -0.158914305251248 -0.181144622229311 -0.25707437126541
-0.146538466851187 -0.0895470242004164 -0.18352640537454 -0.0598659769593716
-0.135412852302012 0.0699658425837102 -0.0426440583469303 0.0116162913356294
-0.00803377919112532 0.15961062746059 0.0234796926551135 0.00139599865043709
0.0837216477354742 0.0974606915473546 -0.00531341798578867 -0.102616610252547
0.11125094005671 0.0350458751319619 -0.132573691176234 -0.119621286765012
0.121196073566335 -0.0349453939065648 -0.221207088577078 -0.0657520601729984
0.12379101152476 -0.0451638744283393 -0.253323411730835 -0.0233313102841563
0.139034201848963 -0.0253905845647393 -0.263968608555269 -0.0534545589746913
0.132472535124818 0.0658454667445722 -0.207801180871199 -0.148423464851715
0.0661450240524706 0.13506950864003 -0.0654068828372161 -0.184055873762279
-0.0468320978556637 0.186044744079085 0.0264488325071079 -0.0639305598042152
-0.188671231312748 0.0446535210599854 -0.0558214512292548 0.00385260698457562
-0.14940179535364 -0.150676602999055 -0.20449868030282 -0.122075534027956
-0.0540544498593381 -0.200511978028193 -0.172333475620266 -0.420061374854564
-0.144799183553454 -0.261340509087439 -0.16039181164067 -0.193042609652181
-0.245086114559658 -0.145413660118651 -0.161421021561978 -0.0379889019992039
-0.22599315479842 0.0979417200104315 -0.0497382614070889 0.0128140873511042
-0.0443086211096817 0.251081764671703 0.0147798366321798 0.0144677543087427
0.105649633297951 0.18761672481976 0.00388755873962256 -0.0767895720659485
0.175177916283127 0.098208600642634 -0.0891878945749895 -0.095441136852996
0.209428661043264 -0.0111029480272281 -0.155169545371613 -0.0638848026126188
0.213225165337206 -0.0348274636455081 -0.182106468833268 -0.0381530586926094
0.233438717119051 -0.00722119466567292 -0.193985053970738 -0.0552003649088658
0.217096507810843 0.138437311365916 -0.153421844250856 -0.1327447571187
0.096076631046682 0.24351435296841 -0.0426483006015756 -0.156661256155567
-0.0903489207435774 0.312588941642564 0.0277736082017644 -0.0487411572051318
-0.316475108422737 0.0930373377119981 -0.0638570527229378 0.0171205462624929
-0.285559957626524 -0.223707855216413 -0.177836062886589 -0.0848570484150893
-0.151323157253742 -0.337691631280542 -0.133001584035339 -0.321248648544406
-0.204068657107153 -0.331661993603553 -0.119067396430937 -0.0871763275199301
-0.335422769391273 -0.175725873023742 -0.108828680187422 -0.00576508420049938
-0.302681456043529 0.135396169261505 -0.0507822453150382 0.00762519216199209
-0.0669178731119781 0.33376753585585 -0.00473352587542391 0.0282173372296949
0.127025209265669 0.261244634651513 0.0106741637714213 -0.0314058568534799
0.223612742060603 0.147757485831518 -0.0287421944918533 -0.051619177204594
0.270652950115879 0.0132022006230489 -0.0617682545735816 -0.0521806760110681
0.268999504070885 -0.0195537838140117 -0.0839977455919809 -0.0477018181436674
0.289133563201228 0.0127761996687583 -0.0960940251359465 -0.0514951281562099
0.265599144852723 0.189521477996765 -0.0742372290111086 -0.100352447525425
0.11191224684514 0.316923293970924 -0.0092913857056957 -0.108605805567844
-0.11716495996857 0.395857886027707 0.0312953144253989 -0.0256160692308736
-0.397532668186587 0.12807224108958 -0.0570541821473392 0.0311532027718834
-0.375932105137225 -0.264502471381107 -0.122161764818636 -0.0336978500202097
-0.21942629469727 -0.417830684943311 -0.068976308990756 -0.184418410287717
-0.239255017990326 -0.355467537677308 -0.0557967209616178 0.04834806925898
-0.39055751707698 -0.17587559236893 -0.0225413484660862 0.0353625783701811
-0.3432470637823 0.167088002108779 -0.0429726522365062 -0.00247914805680936
-0.0740844435868055 0.377872920105532 -0.0276236670194697 0.0458093120979579
0.137260890323196 0.297294406103945 0.0220054620452602 0.0311396600307651
0.244456852278496 0.17467078169786 0.046176986389729 0.00676647132963732
0.294681196718217 0.0338250408921378 0.0466045378676835 -0.0311564194349159
0.283935514013004 -0.00107725829433925 0.0269622864736441 -0.0508606479926642
0.296742288522991 0.0325739954340229 0.0142919617071388 -0.0411063506988514
0.265483831081187 0.210698955259355 0.0150454490047476 -0.0574258212660216
0.103312103564653 0.334092187713718 0.0307518859362355 -0.0476509281336227
-0.12909129954584 0.401443027173316 0.0366952727515205 0.00152108713968963
-0.402042635783604 0.132312336086973 -0.0383922083911987 0.0422114061739559
-0.386846402644634 -0.262744190470669 -0.0476092590273302 0.0196535105906705
-0.245517248258568 -0.42716771372783 0.00881915077433414 -0.0339904766098986
-0.239297366288021 -0.323050975519958 0.0209480021646214 0.196216210158168
-0.378705976974113 -0.148528361184834 0.0834290453151776 0.0780585740163743
-0.321641222579541 0.169583767384363 -0.0248366934214785 -0.0111407106170522
-0.0671093058754599 0.351998225048869 -0.0458905049359392 0.0644755909166756
0.123917614619972 0.280860698220423 0.0372351875722923 0.0992574870579155
0.225788319926392 0.171279873006422 0.123983198779464 0.068526694182808
0.274016782474799 0.0480830100602958 0.15419732410759 -0.00543882840804708
0.256447262022606 0.016771921475827 0.133873577565327 -0.0454795952856355
0.257603376918265 0.0492588661356518 0.116835136418944 -0.0249840516841982
0.218045830619659 0.200515859549318 0.0951878239799775 -0.0109508733622242
0.0668086663955187 0.290940468365738 0.0631738485278054 0.012863445842965
-0.125395692943416 0.321165150619788 0.0377707237866768 0.0256752526405539
-0.328424161453896 0.0948215198955211 -0.0166568094178679 0.0471878726325733
-0.316722122842703 -0.226853455433824 0.0220946508811961 0.0614490159504055
-0.223046768411054 -0.365240983242226 0.0799744912588424 0.102188970357961
-0.200750073885537 -0.23824550904231 0.0953753736528845 0.330549486667535
-0.293776470028268 -0.0986746424227264 0.182325155911068 0.118540154273915
-0.236870866911071 0.132310226027728 0.0015018416381681 -0.0162469099671708
-0.0505342917146841 0.252260108503967 -0.0550355565915393 0.0745604227709579
0.081378177875068 0.211035154209879 0.0482239126113753 0.15541245206784
0.165409794540635 0.138004005021649 0.187556294030175 0.121895195179616
0.207227195334693 0.053740105286614 0.241980620788712 0.0213574738244042
0.19033646103981 0.0322651069819143 0.221273003026876 -0.0334726883939749
0.182723809418843 0.0588663889011239 0.195915279124938 -0.0047535397623996
0.138110356755451 0.161963350245051 0.149937820062554 0.0349957052729363
0.0173437132468835 0.205018618572042 0.0765562669652236 0.0623423223563887
-0.108229020475654 0.188660028677337 0.028895541330566 0.0374436954391904
-0.204248414447856 0.0353415860413455 -0.00124011891212466 0.0422238473115425
-0.193070634808947 -0.15962085970055 0.0687890520964959 0.0829348347430556
-0.16517500772223 -0.24829424026985 0.133229624081784 0.201863080789107
-0.127300844164434 -0.112830786305597 0.150963887320379 0.429903094779583
-0.157207283146557 -0.032972429138377 0.255358912694023 0.148880140236838
-0.108996917441031 0.0734000398838084 0.0317865547354731 -0.019330333677646
-0.0242152608882181 0.10976656003954 -0.0551639421916686 0.0687505542301291
0.023974851744916 0.104124489707451 0.0495666265479651 0.185865464787285
0.0740220667570827 0.0815869556646069 0.223174700078436 0.157337969450817
0.105856049631532 0.0509754520984588 0.295044404405168 0.0444114440744087
0.0947243565162004 0.043426310452029 0.275979090064686 -0.0191015256136501
0.0848961503043394 0.0598979179087071 0.241931606225404 0.0166976142108286
0.0473939890140117 0.103642823634036 0.173350878498171 0.0729763755447233
-0.0261933639347929 0.101732844174941 0.0704699577399807 0.0953441220537079
-0.0771875429240215 0.0513537880343617 0.0118406303682141 0.0377950641491359
-0.0718059007866293 -0.0150933484310233 0.00905737250220342 0.0286267083113364
-0.0623243162550362 -0.0734015038331954 0.090846899152327 0.0827378813350955
-0.0914164932657228 -0.101520609265734 0.162886132556214 0.251426620227791
-0.00156770168032372 -0.0369495386085623 -0.196030002042476 -0.284281816676655
-0.0464958932560108 -0.019762400532843 -0.19274572788844 -0.0660964124846943
-0.0394271099225817 0.0467889656480401 -0.0349391630453012 0.00600001622096819
0.0317898705550858 0.0636721931867395 0.0241164841741151 -0.0171662872377836
0.0586360362739754 0.00164779140370284 -0.0234370131922582 -0.117663120666669
0.037919381907071 -0.0312014346586463 -0.171458882464311 -0.124018232134909
0.0163817673362301 -0.0558590161764325 -0.267634775558176 -0.0514404432083218
0.0151259112735038 -0.0521152668405378 -0.29682520904903 -6.75222289400281E-05
0.0223071193244859 -0.0431767487806989 -0.3066438361866 -0.0404937407933818
0.0304274061611437 -0.0164187175464194 -0.24388984583107 -0.145442006741826
0.0299696795301757 0.011091401935268 -0.0848963662968884 -0.195614210694943
0.00354265974213097 0.0425768266932832 0.0251230578428174 -0.0776530076146821
-0.0432792161094646 -0.0044506360968997 -0.0377437252812281 -0.0112817482402164
0.00131956812838521 -0.0591455426414175 -0.212214565752433 -0.144346873091955
0.0528213409821601 -0.0350761123044795 -0.191744731829302 -0.480149717049401
-0.0793303600137518 -0.163305594887359 -0.192259301143935 -0.265738491730261
-0.154255161463574 -0.0906735862397599 -0.192033854291839 -0.0573005272664564
-0.138426264793294 0.0737035641320157 -0.044274454766199 0.012595096113263
-0.00518970586590904 0.165054522146577 0.0260860190301759 0.000298717588417948
0.0877809900674372 0.09950832523237 -0.00763160221731674 -0.106975089169146
0.116041409358099 0.0348087991315574 -0.140822746652565 -0.12171900603942
0.124477694474644 -0.0378455310572903 -0.232792357241146 -0.0624286222167256
0.127336940467322 -0.0496472874554148 -0.264552200786092 -0.0191644425251231
0.143679825229203 -0.0302620743568519 -0.276933206332564 -0.0505625162503653
0.140529590375971 0.0663487209099011 -0.221218365299684 -0.150665163428082
0.0709045637852522 0.140666526475633 -0.0722756093223345 -0.191299898721307
-0.0450063878392979 0.193942264925174 0.0261530501914594 -0.0691348277530827
-0.1964375123135 0.0491130906632594 -0.056656631931051 0.00168409493107407
-0.158264953023028 -0.15547602626912 -0.213080415320878 -0.126534471806925
-0.0585634105536008 -0.207587292897215 -0.182071799124053 -0.432492277815713
-0.152004125567603 -0.26866113285773 -0.169992969027209 -0.200266919711453
-0.258034625820303 -0.147940181210986 -0.169357246333879 -0.0364580472480964
-0.231261861032168 0.102892648498372 -0.052154959177783 0.01321801545466
-0.0409629169452756 0.260886813637296 0.0165755913419627 0.0142609236794922
0.113004782221607 0.192813424300883 0.00129362783330278 -0.0800894933678261
0.185245463575055 0.0988846611644443 -0.0949746990687701 -0.0979585525867033
0.217276063599141 -0.0150929084088794 -0.16427256636215 -0.0633189962731738
0.220245486143934 -0.0400669564815189 -0.191801909651087 -0.0360871137269116
0.242205118193147 -0.0127427320639374 -0.203474457753323 -0.0532994600894547
0.229978208633842 0.140484900942227 -0.165120176466528 -0.134945110430444
0.104056612383126 0.254219015299535 -0.0485133532353922 -0.163076756799206
-0.0875235149546276 0.326939959541784 0.0265977629132636 -0.0539367350296528
-0.329184055657309 0.10073663816463 -0.0642962941939603 0.0169452394522699
-0.300465105690895 -0.230969808812596 -0.185988583725616 -0.0873019262112951
-0.15969456901765 -0.349577765596942 -0.141535917898061 -0.332874057760635
-0.212835335268968 -0.339954237610555 -0.126030913004823 -0.0915245036513281
-0.352173112589877 -0.177481723429769 -0.115126831898493 -0.00333339103045308
-0.311132445808595 0.143443024946599 -0.0543675080813833 0.00726363129481484
-0.0629027415304289 0.346660863286389 -0.00309869654849935 0.028557848969542
0.137274143660254 0.269628151501398 0.00819758796995475 -0.0326828066982671
0.237768968358424 0.149594208958664 -0.031616012865488 -0.0532337630796396
0.281938802789526 0.00802960804622441 -0.0662099648220314 -0.0530366428208671
0.278548279373637 -0.0254711222388563 -0.0892342969145561 -0.0485319398326435
0.299954259927263 0.00749000832628589 -0.100427524317345 -0.0510564735501723
0.281243258086099 0.192953039814958 -0.0821831783871291 -0.103048582603212
0.122212390754216 0.330354314221912 -0.0132284093343165 -0.11302158624839
-0.115294399635965 0.414230780926568 0.0300595969233024 -0.0304139210276281
-0.412680771580959 0.139546369672243 -0.057035686926432 0.0318027621404923
-0.395178619055675 -0.271491576128936 -0.126464113771439 -0.0351272932402005
-0.230043434576824 -0.432772839624044 -0.0720956602352326 -0.191806150886714
-0.250666526996958 -0.364721018626162 -0.0596533008927694 0.0497502669723678
-0.410018860254085 -0.178718666546345 -0.0253225236404501 0.0372718608000837
-0.352755459761904 0.177865225384143 -0.0460811771728599 -0.00270843516448455
-0.0690565672783155 0.393497602228266 -0.0264935110804893 0.0475382886315239
0.149037967644837 0.308371578757233 0.0204974850104686 0.032195585544621
0.260234632863501 0.177883276634688 0.04742132030018 0.00562431276225056
0.307817047096809 0.0301691627884452 0.0472627270122376 -0.0347425683022353
0.295173371581909 -0.00695274854569703 0.0252941817062992 -0.0536605651603873
0.308335595748958 0.0290409218714202 0.014510787418605 -0.0425487811240022
0.281216198742495 0.216006092280669 0.0118593581613878 -0.0598077561592245
0.113346329993208 0.348438514692439 0.0294153148235468 -0.0494491234202897
-0.126686014699335 0.420234629729172 0.0355886509279015 -0.00155083710177181
-0.416844846178332 0.143383303954437 -0.0379710913041426 0.0439202555705717
-0.408905885361517 -0.27072413022876 -0.048095301777539 0.019401665972774
-0.256248084170355 -0.442351189532361 0.00965263016885346 -0.037237181696112
-0.251650526716098 -0.331755724440888 0.0212954618779647 0.202206683005039
-0.397982372956642 -0.149471633711583 0.0850565409825675 0.0801779851096234
-0.332159093424591 0.180139180296824 -0.0268696116262595 -0.0121521911268723
-0.0636640168459848 0.367413326737966 -0.0458282313010085 0.0674541031037345
0.134828220095642 0.29186944759027 0.0379156388822132 0.103693070575708
0.239878700531651 0.17464357316442 0.130733501335839 0.0683156987875728
0.286516302244568 0.0446486388645019 0.160062104259067 -0.0102708700426366
0.267233275507521 0.0130547184471058 0.136629580216175 -0.0507122693547317
0.268550115883651 0.0468901843087818 0.12122500705515 -0.0275762885712101
0.231371845439103 0.205797919926058 0.097293148772482 -0.0123555576100958
0.0750972039764487 0.303494926879775 0.0639952945565321 0.0136736698411911
-0.124518255638624 0.336857702237693 0.0366139679605982 0.0242394217987458
-0.340551682629449 0.102426347155661 -0.0164680978589435 0.0496476613503956
-0.333631620295609 -0.233481286079066 0.0250583220709801 0.0623223359126222
-0.233756287665543 -0.377653656406426 0.0861766702766922 0.102795551832754
-0.210094802776507 -0.244606928247678 0.100064433518161 0.341447665767768
-0.308240693868583 -0.0988645364311207 0.188014069304472 0.120915823154299
-0.244778747892748 0.140041804034611 0.000631136512019085 -0.0167327414141867
-0.0485214823935114 0.26394092036807 -0.0551560433368772 0.0788326787207153
0.0895085286435601 0.219592260746609 0.0510976708330556 0.161750726418503
0.175905028585898 0.141237736742164 0.199032729528172 0.122738505732011
0.218311983456817 0.0514943342102362 0.25291937967472 0.0155660732401759
0.199177717393648 0.0300050192616047 0.228669364697588 -0.0403350406414423
0.190254495922828 0.0583684232929243 0.204342604534992 -0.00806354309040325
0.146683022671864 0.166900834249535 0.155807194139671 0.0346105658135858
0.0218034682628395 0.213969171281282 0.079159204631437 0.0645577259224664
-0.107848543513382 0.197989299298931 0.027530057421795 0.0373371109591374
-0.212102105418367 0.0387302884509611 -0.000288931477498782 0.0448801077308034
-0.20410562946507 -0.164933299867026 0.0738711815071642 0.084278879337249
-0.172397445488968 -0.256467174792642 0.142561542931103 0.205276501237796
-0.133708337175712 -0.115127480746598 0.159122054891348 0.443822846301278
-0.164811724665285 -0.0325932775789942 0.26489110796807 0.151871658359851
-0.112705878324724 0.0781547950116023 0.0323803152443467 -0.0197295322219829
-0.0234982292444547 0.114936198922596 -0.0552053168063111 0.0731423561474909
0.0278386076475109 0.10956829446696 0.0543612716466433 0.193577020414013
0.0798026311826243 0.0835760745766608 0.2360709586192 0.159050562292719
0.112180901461146 0.0506477285929656 0.308946263168824 0.0387057001825942
0.100076436524021 0.0430501875158791 0.285993187809765 -0.025253886726897
0.0892316639369517 0.0619925573853629 0.252459005648935 0.0133472307108168
0.0510591490002641 0.107452936842378 0.182033062165724 0.073614187240677
-0.0257062181481747 0.106926448665614 0.0740063684150122 0.0990208652777172
-0.0793542489900298 0.0547164059312266 0.0105033309325596 0.0384641846933326
-0.0745726995960333 -0.0150360793302816 0.00911376648874118 0.0303908320830807
-0.0669124136225665 -0.0758371809224365 0.0972755499809073 0.0842563852276
-0.0950090808087028 -0.104706079406459 0.174480513880623 0.257524280775193
-0.00289476554344267 -0.0384285812773004 -0.215601187245565 -0.285973705174654
-0.0494020406134962 -0.0191039597174898 -0.201817137774155 -0.057373338377066
-0.0381738772135621 0.0491279038473104 -0.0353166385137733 0.00810549929363606
0.0361408350566863 0.0644759438715175 0.0252589873599345 -0.0193295186174114
0.059712715307878 -0.00146488230826083 -0.0287197431928676 -0.121273376022828
0.0377337302988563 -0.0335999668589879 -0.183383963321034 -0.119563835371239
0.0135239335868613 -0.0577677796158239 -0.279766889012385 -0.0372322793224909
0.0118932825242864 -0.054673838659774 -0.307062393903428 0.0154973645597264
0.0202697285150492 -0.0471543438373765 -0.319039218870453 -0.0255242645479887
0.0312988076010857 -0.0187308012379524 -0.261137448488682 -0.139037388381519
0.0316120199702314 0.0103901172776291 -0.0981073336422112 -0.199127289009153
0.00643095203366171 0.0431514371570752 0.0226228730655569 -0.0830188412265232
-0.0444167856807991 -0.00229506438015105 -0.0395778712210368 -0.0134818739465306
-0.00152242447318795 -0.0601054244858641 -0.224891191892355 -0.141378861309309
0.0519493216250554 -0.0382333815997328 -0.217615771827165 -0.484708013048527
-0.0871329302837304 -0.164914014496143 -0.210306354680975 -0.267440622331918
-0.163757902351587 -0.0872772158857816 -0.200243592319137 -0.0490151022606206
-0.138056241139233 0.0802876220438531 -0.0457229304072148 0.0145426594357417
0.00312765127192298 0.16986911942434 0.0278943700534145 -0.00148287006329593
0.094891594046818 0.0982225206353994 -0.0130152796266966 -0.110673805683012
0.121999862517685 0.0312545931820761 -0.151649421780957 -0.118712433996344
0.12626214663213 -0.045327905732787 -0.244706897323693 -0.0520504365711464
0.128082037481063 -0.057551724555897 -0.274623299506098 -0.00610819810364769
0.146549137895068 -0.0389370989423821 -0.288591152672253 -0.0385785135997542
0.150019835246053 0.0611714905164465 -0.238482813221232 -0.144843708748021
0.0804069494170537 0.143512602608912 -0.0857676694666613 -0.19623223082917
-0.0360524450103501 0.202664166457086 0.0230584382865703 -0.0754734225849842
-0.20134983583825 0.0598291471773919 -0.057770491559924 0.00130734037745288
-0.170963089694792 -0.154314731987522 -0.225730938476175 -0.12261545841416
-0.069042314435194 -0.212317971082361 -0.205450400506149 -0.438392079189123
-0.165529010852165 -0.270315462578064 -0.185251886588468 -0.200387155420814
-0.274116858650473 -0.140823437942893 -0.176748230692023 -0.0287660167804572
-0.232415740502884 0.114870094620562 -0.0538560313793393 0.0153049178041831
-0.0287065145629721 0.270005814938685 0.0188123438043005 0.0126715765765038
0.126251433394835 0.193873889896184 -0.00320330631243596 -0.082563278511144
0.1972207085426 0.0933035365196686 -0.103696363717227 -0.0962337879904395
0.223902025602733 -0.0262297904175676 -0.173792621223226 -0.0568869685066476
0.224734668864002 -0.0526210584492085 -0.20032222903187 -0.0279853049546876
0.249215934346166 -0.0252367550982674 -0.212849295295746 -0.0448477398536123
0.246203743375779 0.133288774511815 -0.179647368277874 -0.131104498251744
0.119821007401292 0.260226350554764 -0.0598090841848998 -0.167522478648862
-0.0744476467491729 0.341451429160028 0.0237414870220747 -0.0595798623884094
-0.336145308421665 0.119646645503171 -0.0643170302883152 0.0176973636119368
-0.322428122290529 -0.226710348246268 -0.195175192456092 -0.0841011015195562
-0.178717354576275 -0.353607022871875 -0.157644904026699 -0.338324394965553
-0.231156250037024 -0.340952423780929 -0.135764639172248 -0.0902882531069605
-0.372365737859317 -0.167814731458314 -0.120459449819278 0.00244801775236448
-0.313148184470245 0.160481679691643 -0.0567154387085783 0.00944468942181598
-0.0476815186023638 0.360188039305845 -0.00128238131838583 0.0284308399164457
0.155110226148351 0.272011371307651 0.00527345494713122 -0.0335153710057298
0.253924841935493 0.143433321983137 -0.0356765060155083 -0.0537004834524634
0.292532117838135 -0.00530210285261814 -0.0726640063372211 -0.052227290272006
0.28667961482536 -0.0403211614415203 -0.0961119461855454 -0.0458994029750759
0.309450008198816 -0.00607117080811849 -0.105848955736308 -0.0475232046075368
0.301807215056558 0.186579832142897 -0.0924335083767849 -0.101423109786892
0.142076778368868 0.33826843161016 -0.0211093489304002 -0.116622703453821
-0.0988451930199582 0.433195402320936 0.0270340723785418 -0.0354997006825828
-0.421010677541225 0.164043680558101 -0.0561151331981058 0.033594748014992
-0.42189656928458 -0.265374173307643 -0.131738393810431 -0.0327911248481033
-0.255975053378513 -0.436879614117782 -0.0804401470435416 -0.196784395174656
-0.269717439138551 -0.36462781712567 -0.0615567606717858 0.0523882762221862
-0.432519838883788 -0.1646509342959 -0.0269623508753969 0.0404332899890423
-0.355793603641121 0.197490664513564 -0.0489510936162206 -0.0006167130260474
-0.0526867026314068 0.40927747835213 -0.0244825925509282 0.0492873518489966
0.170369218719996 0.312143137454892 0.0207885635624969 0.0336887802835216
0.279465059139589 0.170930335836041 0.0493560225818659 0.00308637539172347
0.320875430737044 0.0149310376625137 0.0461133021186169 -0.0392327241173695
0.304795171310731 -0.0213009904073286 0.022313869014773 -0.0571414999303496
0.319560736492769 0.01579522674612 0.0134195474529584 -0.0443174197323801
0.302719278361143 0.209936936860252 0.00723232145988658 -0.0612839567040196
0.133984772024829 0.356601300610071 0.0262556698636077 -0.0522016324668857
-0.109917371812116 0.439957317028357 0.0335153906472027 -0.00568897606398456
-0.426984329664182 0.166416896980396 -0.0363336582649654 0.0471042370211178
-0.435182467613958 -0.264791874239523 -0.0480199920412909 0.0204116576346954
-0.282191586199495 -0.44652376462938 0.00989517324339418 -0.0412518758114852
-0.271116288242651 -0.331273897538989 0.0285864751597274 0.20765218092112
-0.41963343522523 -0.137277106071129 0.0882774565755186 0.0800420222358404
-0.334669772745576 0.199011497466794 -0.0298201511162993 -0.0104138220271966
-0.04837771254268 0.382929125209944 -0.0429402753840412 0.071304000627852
0.154724429103276 0.296040518361016 0.0422488775522056 0.106656894859436
0.259012725300357 0.168257626541606 0.139069498528821 0.0637243599743892
0.299709079270802 0.03124554710643 0.16435369947755 -0.0206076731634586
0.277044584269081 -0.000138870527187193 0.137447687449066 -0.059543391265205
0.279232044121644 0.0363899630306093 0.124905199354709 -0.0339010465301178
0.250394406525735 0.202152253266745 0.0982070610622701 -0.0160426834941575
0.0920377732772223 0.312582838148931 0.0652179521938176 0.0122107065142776
-0.111447896278209 0.353415650353422 0.0354977363267036 0.0214045506562881
-0.347826872247246 0.1206966297338 -0.014157123006834 0.0525863684943788
-0.355998406803011 -0.229401239503732 0.0297292665406415 0.0622433979187506
-0.2541403711037 -0.381202061914041 0.0945471770129517 0.0997678678149646
-0.226019493392619 -0.24384409697415 0.115790937818106 0.34914378232896
-0.324775056506245 -0.0888032509185157 0.197539241439212 0.11752860040868
-0.246597015311008 0.155622829249655 -0.0011374504199674 -0.0161365891843307
-0.0386135563030504 0.275156834236417 -0.0525871092105715 0.0844136137002137
0.104221501368498 0.22359138792371 0.0593291071873223 0.166382698373944
0.190290381615347 0.136333447888845 0.212606218388711 0.117007358334637
0.228943112097492 0.0421379141099336 0.262286143356588 0.00150612459751082
0.207759041666972 0.0211919914661158 0.233467497876311 -0.0538328983867892
0.199855430929452 0.0525561820754841 0.211420483537801 -0.0177816479737235
0.160762564146102 0.165504081475181 0.161802680389505 0.029309985147419
0.0326600896698223 0.221333847635744 0.0837065677577303 0.0648152311136847
-0.10168439431074 0.20911410592203 0.0270130058035402 0.0365535895751127
-0.218100253629814 0.0496814204856171 0.00183173193436851 0.0472428980825524
-0.218875415379091 -0.163344281112204 0.0819536172985704 0.0832825154677294
-0.186894168148272 -0.258124113275528 0.157910592957103 0.203113757670688
-0.142259704278645 -0.112846048653442 0.181620778763676 0.452998023690195
-0.172257599527896 -0.0262370586139131 0.278458929636072 0.146202524990178
-0.113589865188284 0.0861213691634516 0.0321439891752705 -0.0194151743284621
-0.0191813986355842 0.119520694118868 -0.053007998520895 0.078757492751114
0.0353447955413418 0.112654882496978 0.0649547875550821 0.198227852884279
0.0873207255154428 0.0824524322849789 0.253676423510706 0.152349935688467
0.119058357118804 0.0459671807926835 0.322509172503363 0.0218794486513039
0.105753736722803 0.039161624890221 0.293967492805668 -0.0415797418522927
0.0951829662625752 0.0602227648111723 0.262801613011201 0.00155413694001458
0.0580355105310506 0.109110259769143 0.192031875003532 0.0681563173319012
-0.0210522437996273 0.111838513381371 0.0797104452417947 0.100609749871339
-0.0789225596366535 0.0604557926003881 0.00986729025701007 0.0389408199536551
-0.0780845085734028 -0.0123986119863904 0.0102774756438378 0.0316984640845695
-0.0727243718767593 -0.076806824125173 0.105623526751694 0.0824207230932972
-0.100810049420359 -0.104608696993869 0.193047714367048 0.256048643073862
0.0141768323894976 -0.0316341586904047 -0.0695828885648549 -0.35964463074894
-0.0350985973137171 -0.037460770950721 -0.157627010529459 -0.139120915063893
-0.0556580322220926 0.0277141240390364 -0.0329772931656678 -0.00837123998767522
0.00459711166622126 0.0737483845910446 0.0341234021061139 -0.00729014421446092
0.0524073782275651 0.0258553301990127 0.0287320244073827 -0.126529768708264
0.0477109563135316 -0.0125825789403038 -0.114036580433944 -0.190589256921756
0.034325013787941 -0.046047334771346 -0.237797381362714 -0.15571179120544
0.0331562819399949 -0.0445920129193501 -0.283903900791511 -0.116573335153671
0.0370393723799829 -0.0336333935908176 -0.278238079811147 -0.159027468133442
0.0346992589136901 -0.00383944411732428 -0.177380238173499 -0.23633505810706
0.023712521654326 0.0228748917707775 -0.00330093959298755 -0.223784543044806
-0.0122416237973679 0.0398374490845427 0.0574703268976351 -0.0647096722226505
-0.0398945375091229 -0.0219303581605471 -0.0285812641570829 -0.034366779642753
0.0210351480386034 -0.0560333488796072 -0.137433448171397 -0.233582755652563
0.0616158300082868 -0.0115946124807206 0.0360045725093377 -0.540111727524225
-0.005052315892083 -0.184373575395776 -0.0775865618860487 -0.338408697685441
-0.109684969866623 -0.150468124602081 -0.158695368249553 -0.127369870020083
-0.160129439610259 0.0116756448284329 -0.0431342049094165 -0.00570792540172802
-0.0699998144070662 0.154554835251739 0.0318688797978629 0.0106513598116652
0.0405729469718349 0.131838923436278 0.0422709790012668 -0.110357370563751
0.0974671891787075 0.0831775866135239 -0.0848814785046679 -0.179020076282585
0.132440642889406 0.0143806569602127 -0.199817306104244 -0.154917017329809
0.141869135216755 0.0041391136737154 -0.245494490225114 -0.12404827336662
0.1483597670281 0.0281656019689051 -0.245071553695977 -0.157395282352527
0.109734403730243 0.120159163407928 -0.155853612000211 -0.230391682776718
0.0105077880353634 0.166779556728868 0.00385047774147017 -0.212281354573266
-0.119493842558124 0.165564965656206 0.0493911152047514 -0.0560895560785644
-0.209964364249598 -0.0365435453907386 -0.0536316386301877 -0.0315775316812501
-0.0916766901428207 -0.217641983328442 -0.1425363796077 -0.219079623436803
0.0295316294859802 -0.223279756372063 0.0291054144700467 -0.493243589187436
-0.0271395617730402 -0.314831797172632 -0.0873171193908735 -0.263780321785499
-0.187246032585243 -0.247721206922951 -0.145344205870048 -0.0953306636624914
-0.261320836003171 0.00107191598872629 -0.0494234884764135 -0.00678683584172066
-0.141840018265977 0.230777471784192 0.0203402340513549 0.0211485487498446
0.0269243936366498 0.231847579213736 0.0428693007458241 -0.0815525788129882
0.138808841689495 0.172452108087175 -0.0496997956806547 -0.139655543985031
0.21474911722509 0.0732352018529239 -0.133102234907723 -0.129610381434143
0.229380708361051 0.0518569261627402 -0.168976044148997 -0.112235251333268
0.235816745855868 0.0848389186022025 -0.173666436996166 -0.129743495494303
0.167975383947099 0.227008504007936 -0.109578890448761 -0.191560258129651
-0.00317967108918274 0.292409844370052 0.0112896933603249 -0.172690545490195
-0.213183848672119 0.274729380397813 0.0384133830401946 -0.0402156798923698
-0.358945673796769 -0.0424031539781322 -0.0703074325695961 -0.0215315938346491
-0.196796209561229 -0.350958775796491 -0.129046797335992 -0.172952728910195
-0.0071799929150681 -0.400284850539805 0.0264798474456097 -0.379873945617147
-0.0544588378397354 -0.410513698281604 -0.0938179247369925 -0.139083269211387
-0.26576246715279 -0.316713367201055 -0.106521579067491 -0.0394896727957623
-0.355438391711081 0.00609378356335529 -0.0469731307617151 -0.0116341700350033
-0.197389611587565 0.303720309820127 -0.00167453985711765 0.0270275108261454
0.0197651831923964 0.315843652778931 0.0324731414220949 -0.0341414632895425
0.169427312702701 0.242592037060846 -0.00596576245396911 -0.0725564308069003
0.269126026993988 0.122555271038575 -0.0427810469840966 -0.0826220448995868
0.280964671377903 0.0903926595693424 -0.0668662753476012 -0.084877092449718
0.283560402039237 0.127803328939569 -0.0755528085992039 -0.0862701012572773
0.19748217200046 0.299234304637936 -0.04384695939505 -0.126206991536189
-0.0170888291559128 0.373509431426186 0.0223386230292031 -0.107430885022649
-0.274435706313768 0.346519214591924 0.0268821299452969 -0.016009484958468
-0.456683158957705 -0.0417573466322156 -0.0720208167104853 -0.00398104645983132
-0.267934706185062 -0.429641609133865 -0.0929380851250381 -0.0987497247313343
-0.0376810505519743 -0.508405804979298 0.0308053101307058 -0.215943372369796
-0.0793678413335708 -0.453294493645158 -0.0910931480703743 0.0259878849015901
-0.322214906631673 -0.342662927134389 -0.0369796779790448 0.036974041802355
-0.412394164321907 0.0219615764162246 -0.0337941965829524 -0.0167800910490881
-0.223338662596313 0.345409299542927 -0.0307270397867775 0.0362699099489648
0.0158164811096832 0.359160139970588 0.0188594451366155 0.0337595228884045
0.181941758916226 0.278571002424922 0.0463433685026161 0.0157014857983673
0.287467458209575 0.15335134506148 0.0595392450632884 -0.0202080913455313
0.290285895283082 0.115529831121715 0.0452498409274531 -0.0440266386011752
0.283578924516406 0.151877015101479 0.0307394922098144 -0.032311950438962
0.188992844912447 0.321511461249053 0.0284107304136438 -0.0469519971739889
-0.0324985825908082 0.387357606937695 0.0360322403844419 -0.0281306448220309
-0.287247471887425 0.348435527246174 0.0179087260137443 0.0135193022614411
-0.461714770550371 -0.0398125861308498 -0.0605218735387136 0.0177496334355465
-0.279958277439861 -0.433410062466052 -0.0410934281683999 -0.0113149063997902
-0.0576731312969221 -0.529571633314331 0.0388955195029394 -0.0327305811443077
-0.0944547591126046 -0.424801570469469 -0.0775969363803149 0.20867169877379
-0.324777029730266 -0.313238917889432 0.0508116214571886 0.12316539481618
-0.394663176243111 0.0332081964879253 -0.0122020304063583 -0.0169662017594363
-0.20789794791763 0.323705367186521 -0.0586198564713515 0.0479947296134519
0.00995489039969899 0.336691350553306 0.00495436324848675 0.110442516211105
0.163703438103135 0.266799940360865 0.101442729664981 0.11145944127526
0.262622077537623 0.15885593867147 0.159423662552805 0.0483501772134677
0.256373950113238 0.12227302306772 0.150529988660666 0.00263531864235667
0.23835938962989 0.153112219923141 0.127252451522057 0.0244940435762998
0.144904333530055 0.29150310833777 0.0915550154756572 0.0321213358697791
-0.0503016840278188 0.328335541880506 0.0448209713432158 0.045784142017769
-0.250871764492676 0.270486076993699 0.00970386900132112 0.0372173968162372
-0.369816786738504 -0.0460641777979384 -0.042290843377599 0.0350589326351223
-0.222865839113909 -0.36690435206334 0.00908618792195386 0.0645930044212815
-0.060126511243415 -0.457643771162373 0.046694743836882 0.134699430282982
-0.0921843662817116 -0.32625789982967 -0.0592236039751873 0.376124271465314
-0.259645965367303 -0.228350086476331 0.132248217364784 0.202714953293974
-0.295477103001615 0.0317527217413446 0.0135814899200227 -0.00957274979865806
-0.152878395644528 0.231110028316723 -0.0761748444309927 0.0561324887721982
-0.00334422860187806 0.248233505715001 -0.00869763280138145 0.174563223505164
0.116304177325288 0.206580210548332 0.144380862015441 0.194531507592189
0.19433676442457 0.137073718133939 0.239133453524474 0.112290311210967
0.183259864390964 0.111066266567534 0.235086209305542 0.0497745381152276
0.15954187828116 0.133332331838348 0.199279780405954 0.0754563715892613
0.0778713693649704 0.220032477555013 0.130343906168041 0.0987530770791796
-0.0642450968208681 0.218353544358342 0.0401964894620001 0.0988295078818228
-0.180242413775346 0.145553389913282 -0.00158743589171123 0.0447719001132171
-0.219729481126392 -0.0524032284012126 -0.0235304079398216 0.0404439859744231
-0.126409504794222 -0.245108798173634 0.0439367625554191 0.110350801184995
-0.0542106153958505 -0.316366612748305 0.0525037360274868 0.258180507878271
-0.0752057196217255 -0.17170169275741 -0.0430742731924882 0.499667640709297
-0.148204169112373 -0.104643052550333 0.191053190572185 0.260455403629387
-0.142644544996878 0.0283066649161948 0.0412223910082523 0.000131525689374718
-0.0686852191881748 0.0992804380026554 -0.0792044745112544 0.0505981149203447
-0.0157066140538871 0.116498185301271 -0.0231159848213432 0.209385658786053
0.0454726445681611 0.11157971032438 0.165719677744165 0.248465850490195
0.0925239606291944 0.093005512007213 0.283447749877213 0.159007040503453
0.0816736024867686 0.082433093085285 0.283889177920579 0.0875677803502455
0.0615616426735935 0.0951566649555837 0.236383553372574 0.114129878324249
0.00811126912052235 0.124649864561709 0.142296913362256 0.144840811699732
-0.0664449238701104 0.0939977522870234 0.0245615349193828 0.127357877317236
-0.0961107987136019 0.0209924919737889 -0.013614782182366 0.0374120425195635
-0.0648359465360524 -0.0459424485160116 -0.00658074078809326 0.0325608327665207
-0.0314863122993325 -0.101974068547952 0.0628986713394607 0.123253004335678
-0.0435437462234608 -0.138884975973172 0.0558628820837368 0.321847868926154
0.0127138601591441 -0.0321505391534426 -0.0868379268846865 -0.350629911257584
-0.0376457201811461 -0.0353656132640065 -0.161539726081296 -0.127274924737669
-0.0536453639229883 0.0292620157146479 -0.0330067942094522 -0.00620952524502097
0.00888541121701991 0.0722578543080121 0.0337709102397064 -0.00871061476211636
0.0519886581016109 0.0222756753826502 0.0227523649473608 -0.126760436853741
0.0461898002586979 -0.0146556641870152 -0.122474638826848 -0.181580971621279
0.0307025238148978 -0.047166144730095 -0.24266406200718 -0.138286335780766
0.029296348422996 -0.0458371201510288 -0.285871591027562 -0.098684941094931
0.0340845604783584 -0.0362740775060196 -0.283197837715376 -0.141515866817103
0.0344953451331866 -0.0059422818977428 -0.188617541585672 -0.223926302755345
0.024774022116592 0.021649542075912 -0.0158304852613154 -0.222301828721482
-0.00971108694723474 0.0394446698433431 0.0537177018039177 -0.0684749891048045
-0.0410295951273951 -0.0193766912431862 -0.0286898159657565 -0.036122304700019
0.0173680044251472 -0.0555110308029356 -0.146468365945988 -0.22444519358915
0.0594481597411236 -0.0143261667460114 0.0115141997428261 -0.530126414540654
-0.0124775628448549 -0.180488392231096 -0.0925287827305084 -0.329791162462112
-0.116810115840318 -0.142254392934497 -0.163126141949855 -0.116184833114131
-0.156255176683123 0.0184836339779781 -0.0431814557911891 -0.00398854334199685
-0.0594377614336365 0.155184889388811 0.0322820287717559 0.00919128765808172
0.0467029102788931 0.127585459646766 0.03613512373557 -0.111380859196463
0.100768897214292 0.076770757599831 -0.0931579782740771 -0.171512034285689
0.130880236253513 0.0068520361255774 -0.204648494417975 -0.14014728621447
0.139183146326558 -0.00411422005128363 -0.249525129886198 -0.108287750858829
0.146919601053453 0.0186108502209586 -0.249931450912237 -0.1406237672522
0.115397728236305 0.112409728905904 -0.167696026226485 -0.219087388303134
0.0190286773254733 0.165293503290196 -0.00904929797220977 -0.211541996372318
-0.108325356638926 0.168855054614549 0.0461581780654257 -0.0599400063996166
-0.209019572546826 -0.0251754620099246 -0.0529695596761699 -0.0311454372943916
-0.10164289101648 -0.210229934632695 -0.149887339865811 -0.209771722740724
0.0183770981824659 -0.221101560197805 0.00614758414936936 -0.484599320670663
-0.0396450199199668 -0.30803191727182 -0.0991193984650678 -0.256582597614979
-0.197414803965337 -0.234384444158977 -0.148419047458315 -0.0855550594283477
-0.255931849880692 0.012496115311449 -0.0499638751282944 -0.00521152593088571
-0.125436192163922 0.233850644349655 0.0215757155361249 0.0193288056059489
0.038819628448618 0.22704924377515 0.0370452881151943 -0.0829092634362371
0.146721658676704 0.162250887720489 -0.0569680501537765 -0.134565986271333
0.215133390575024 0.0606899822534174 -0.137873564429503 -0.119779766588623
0.227593452981032 0.0381072496862542 -0.173015048338647 -0.101108264019169
0.236205493475946 0.0702179672518181 -0.17761207526513 -0.118387503770857
0.17885660132588 0.2154728473957 -0.120648232420666 -0.182823931727157
0.0117024977362852 0.290244732687731 0.000175590578925108 -0.172629965865988
-0.195682602802801 0.28148449593691 0.0346805487812359 -0.0444049956128536
-0.356143537946983 -0.0249267455715382 -0.0680518819355057 -0.0193470416882725
-0.211542630669692 -0.338196932446303 -0.134266266378311 -0.164511340362795
-0.0247932900171806 -0.39377897481413 0.0100236891193461 -0.375121135107693
-0.0700638594127347 -0.400484099472986 -0.100276551753791 -0.133495519676545
-0.278678981996074 -0.298907921758071 -0.108824047143186 -0.0325953871240873
-0.347383950584244 0.0225807102552446 -0.0478725172885619 -0.00958950898172467
-0.176543391899251 0.30852692375792 0.000520080067762752 0.0261363051041263
0.0361914718834712 0.310808991028924 0.0288114817228881 -0.035629885679831
0.181281412996466 0.230317709706907 -0.00982003154506169 -0.0715408945182804
0.271908363542575 0.105476367251257 -0.0472478991120556 -0.078980989806092
0.28045114395015 0.0728721345261049 -0.0713537376278214 -0.0798278011420814
0.28536115255403 0.110504610915412 -0.078991125044473 -0.0808505907932329
0.211109228402472 0.285490683727183 -0.0529435076618922 -0.121624603597625
0.00287625127334031 0.37140907815436 0.0142285951014244 -0.10843126401248
-0.251577676322854 0.355180967470246 0.0239871851503218 -0.0200595537630458
-0.451433203224491 -0.0195585423886652 -0.0693697535866848 -0.00138970949719594
-0.285789682733157 -0.413624583077831 -0.0947170847722886 -0.0928437822628482
-0.0596572890105486 -0.499582187114675 0.0222604198768396 -0.215322725809397
-0.0960015653982762 -0.4403833782983 -0.089832035104551 0.0282188311735464
-0.336230567927349 -0.321626197371039 -0.0370903447742434 0.0394925463306965
-0.403334511504268 0.039921892381776 -0.0350264124237468 -0.0145261340631672
-0.200990269293183 0.351795377045265 -0.0276310499693482 0.0368522069623476
0.0353073982063556 0.35378778833496 0.0183644522728779 0.0322140552715835
0.194566615742193 0.264155143410836 0.0468465067160008 0.0131521890553239
0.29205621430537 0.134645086826983 0.0568777859991115 -0.0239471814255528
0.291873185144741 0.096697348492792 0.0406938505964581 -0.046471080661382
0.287003146382844 0.135044874319689 0.029173573305033 -0.0335152248957145
0.203848501246098 0.308096186671052 0.0231204356303679 -0.0472840989862957
-0.0107344415847181 0.386414050738621 0.0320897811229077 -0.029790978649496
-0.263568349919823 0.35790735133465 0.0157151926039726 0.00968658703684326
-0.456599182944549 -0.0171168751220595 -0.0578085385361542 0.0209120591486555
-0.296889538264066 -0.418997794546587 -0.0400018438521558 -0.00925629619850708
-0.0795559563839199 -0.518046742952446 0.0388750637792843 -0.0362863609703233
-0.109955001538594 -0.413581023867302 -0.0681620040714856 0.207521931869153
-0.33620847468684 -0.292229912921112 0.0537264000784668 0.119650936882754
-0.385726800755723 0.0511974104478134 -0.0138487572750488 -0.0149428431452238
-0.187336280228396 0.329500182704594 -0.0539189162654672 0.0506009764927148
0.0283262546263026 0.333599229246657 0.00875509696367868 0.109349750849336
0.177359231662625 0.254172048590898 0.106373103918889 0.104114940208842
0.268253946079313 0.141032926500983 0.159132232365158 0.0379548563784801
0.259173621733598 0.105481895247594 0.147071739738336 -0.00573705451178737
0.243203359981368 0.138962445883714 0.127295187963142 0.0173657257083763
0.158561139942458 0.281112716082935 0.0897297442519245 0.0270862361334726
-0.0317171468926877 0.328038661566867 0.0444505104758484 0.0428780231442216
-0.231965703625975 0.279459733653929 0.00819122758882564 0.033884555579678
-0.366282494074775 -0.0281620010812146 -0.0393378553590915 0.0378993891874549
-0.238296438253523 -0.353219936200989 0.0138271856391394 0.062724207334841
-0.0803818143105601 -0.447848205233741 0.054885304526926 0.128045898517292
-0.104044561973449 -0.316329148577641 -0.0425319069130882 0.37283521955219
-0.266645927225757 -0.21323687306538 0.137566189375341 0.193772741224467
-0.288889601664066 0.0459240922635481 0.0122496523886036 -0.0090010204639842
-0.138793028653035 0.235198592471444 -0.0709536309019048 0.0596994048321401
0.0105618677543891 0.246742098742003 -0.00119484789927892 0.173674872853222
0.126071947022485 0.197798970854109 0.154059409119405 0.183869216403513
0.199896478814374 0.123642153720489 0.241482319224566 0.0956166350138396
0.186809025024016 0.0984163649184834 0.232977767992809 0.035612784091331
0.164691850716307 0.12384376332455 0.200647258854248 0.0636796211328603
0.0895151815629726 0.213514786552635 0.132841133226468 0.0911503162612053
-0.051462261141124 0.219933307437991 0.0434618386603939 0.0965765471918884
-0.168705887527913 0.152661531648623 -0.00232619070907613 0.0424598155972646
-0.218519839850087 -0.0409955813982744 -0.0214282620618164 0.042629055540812
-0.137662451060767 -0.237569952176453 0.050642484504435 0.106263421812071
-0.0665999579051684 -0.308672608339235 0.0654648854541027 0.248962833048203
-0.0808945851349779 -0.16486383689866 -0.0195588695933622 0.492519853108359
-0.151119189648392 -0.0963160868738276 0.197697429420607 0.247798832064477
-0.138712847644878 0.0347727272611624 0.040236418293222 -3.93662145895487E-05
-0.0635587274055737 0.10115749339248 -0.0745064165684805 0.0547987696383291
-0.00897762909299088 0.11690564941829 -0.0124083547096608 0.208349344370443
0.0510039801116195 0.107645828320476 0.177417820337195 0.235854375240279
0.096366056015833 0.0856191654221045 0.288614115051287 0.139122690264864
0.0853468526894476 0.0766366042285649 0.283846670501501 0.0695594269708468
0.0658641113334049 0.0913401135712192 0.239728727798003 0.0991686529338628
0.0149485595150065 0.122847455303474 0.147346945627178 0.135669937507196
-0.0600168359416029 0.0962060251383906 0.0295708981711635 0.12535377453727
-0.0928533879218537 0.0259674330719369 -0.0146832766022868 0.0368804072451633
-0.0655140637841381 -0.0417087368791786 -0.00572230765412691 0.0340053712726375
-0.0363045015308861 -0.100051254299965 0.0698210967353342 0.118540169403319
-0.0488234196334695 -0.134794739190073 0.0729226251014177 0.312082000565475
0.0114178790456645 -0.0323623558503047 -0.0952926298702801 -0.340048469296645
-0.0390497974625477 -0.0330458212356802 -0.160753091429061 -0.117467720706868
-0.0517694390202422 0.029776850648861 -0.0328368865207324 -0.00538086688590684
0.0117141432733994 0.0700081472684216 0.0329682305163729 -0.00847336564271405
0.0507624635571818 0.0198827760141244 0.0189298697408605 -0.124762562398924
0.0447170177961145 -0.0157612972318789 -0.125811846745598 -0.173202548586556
0.0279084011725267 -0.0468822477558679 -0.241342550268007 -0.125350789664443
0.0266268696353664 -0.0458504108990507 -0.282009551461232 -0.0856994688530319
0.0309155400803047 -0.0378239265022195 -0.281308383572335 -0.128435905935878
0.0337815156312578 -0.00735133642437418 -0.194585115851699 -0.212867789169087
0.0252993843751478 0.0207053437322879 -0.0242717833610599 -0.218602917681325
-0.00790163258359011 0.038590575693001 0.0512758670065746 -0.0701682859246826
-0.0406964577186734 -0.0169987252366025 -0.0287494691484279 -0.0377779488222892
0.0151145709298086 -0.0538033035253262 -0.149618344030368 -0.215024714689541
0.0568043476423321 -0.0155324155014573 -0.00438158965868718 -0.516428852690777
-0.0159676135675878 -0.175478689561177 -0.100367884477087 -0.31922910214587
-0.11916496940991 -0.134842870441853 -0.162025817503104 -0.106735036409031
-0.151213355422337 0.0222115583247418 -0.0432525955190846 -0.00326695126929951
-0.051434852989927 0.152175481385421 0.0319686000362678 0.00816141647266421
0.0496720545669501 0.122628523467958 0.0315403411461367 -0.110425799000049
0.101383126879193 0.0715628395947392 -0.0972725542927527 -0.163649262832173
0.127211280640129 0.00214763155495751 -0.204053438085147 -0.128147169284135
0.134618198168017 -0.00923053294585922 -0.24681186330937 -0.0959757413844427
0.143903394993022 0.0119555290031559 -0.248723766290014 -0.128653659002836
0.116999760544109 0.10604273070016 -0.17447396229246 -0.208459508923885
0.0249270120045466 0.162446103657374 -0.0179993037768745 -0.208405898073955
-0.0998002416811044 0.16798569084992 0.0428022727526612 -0.0624000163487031
-0.205889882708668 -0.0181986432481263 -0.051378267703594 -0.0315084980536701
-0.106791389011541 -0.202657553513118 -0.152254876934807 -0.200033306349086
0.0114481667781735 -0.216343548616269 -0.0070277523907441 -0.472661245977667
-0.0449353028225609 -0.29891048224908 -0.105297937276583 -0.248164312801639
-0.200259383780591 -0.222452282358521 -0.148404006088487 -0.0777802713593932
-0.247475739689142 0.0190700004360796 -0.0500030602132533 -0.00392033367982972
-0.11273338651781 0.231322177346259 0.0217466826360393 0.017976554498015
0.046209353272616 0.220339675132501 0.0324937186137168 -0.0828261065550151
0.149592793273663 0.1532084558361 -0.0602719125080898 -0.129046048021419
0.211994176158538 0.051063288450082 -0.13839896669931 -0.111386633488734
0.222534231883281 0.0282871385476877 -0.173040156997832 -0.0925561232764706
0.23266114599469 0.0595057736661336 -0.177380248881995 -0.1094349072588
0.182685342940926 0.204469570259555 -0.126861150196761 -0.174096635940977
0.0213369561870968 0.284975827417525 -0.00768143821982884 -0.17000151503173
-0.180361634171324 0.280239837358961 0.031211525529613 -0.0466489426685329
-0.349338298623134 -0.0139753650506264 -0.0656181550154033 -0.0187106937841205
-0.218333424943657 -0.326099118419164 -0.135159991598199 -0.156557632036079
-0.0346817661599822 -0.383260279614034 0.00114067070000932 -0.366838393407271
-0.0755453830529023 -0.386798075981032 -0.102617265867357 -0.128541619367958
-0.282008174644014 -0.283363449932049 -0.108471853431618 -0.0271017379068981
-0.33697705562516 0.0315108072073597 -0.0481817454743504 -0.00813288417325603
-0.159734833824497 0.306050764446514 0.00202966546572789 0.0253834454723822
0.0468991231564992 0.302613770979848 0.0253395747837644 -0.0354939132959297
0.186093099675681 0.218465306606077 -0.0123150966349616 -0.0689718740491827
0.269116536077917 0.0926771394694007 -0.0488194979960266 -0.0759795754979367
0.275400689733986 0.0607066761837347 -0.0735818036761968 -0.0752746909162077
0.282141201157601 0.0979986397534258 -0.0793268467594656 -0.0765337674967183
0.217347411144991 0.271709792061408 -0.059015417948902 -0.117071269811854
0.0157379657675494 0.365427114548332 0.00803784932691253 -0.107401048783024
-0.232096514478921 0.355176741021788 0.0204581174543073 -0.0227085097020068
-0.441822284362232 -0.00643701661718876 -0.0661364202693141 0.000290638571855846
-0.293570747621743 -0.398754591450145 -0.094537654476249 -0.0879407160188698
-0.0707654664245591 -0.486173309108935 0.0169988917267524 -0.211820550916078
-0.102477246634203 -0.42631120229374 -0.0880055640325471 0.028993538101755
-0.337926712878499 -0.303796730830595 -0.0371909383915928 0.0408186215655581
-0.391144098935623 0.0507351661422825 -0.0362476621562649 -0.0127974798602366
-0.181864351557821 0.34952180777258 -0.024564815275073 0.0370275959778682
0.0475201939576626 0.344838662177934 0.0172039008223289 0.0317401561786011
0.20099304120027 0.252384204417723 0.046603815703006 0.0111965841529291
0.289945913877147 0.120084473391275 0.0543938070765727 -0.0261558056170014
0.287275443408047 0.0835742609216076 0.0365167654401864 -0.0468825533602548
0.284363958931741 0.121632004198739 0.0277307240532552 -0.0340898193033179
0.210741825819642 0.295695012421955 0.0179715884526535 -0.0464750044246898
0.00346100532370826 0.379295444099899 0.0275469005876262 -0.0312999737794215
-0.244305989104154 0.357496145330656 0.0127476417016486 0.00691415930863579
-0.446465155808441 -0.00216009329716405 -0.0541328065675523 0.0219961082219531
-0.305350980613247 -0.402239414321395 -0.0376307015854563 -0.00813904654166873
-0.0905412852882029 -0.503821416394834 0.0386269159131182 -0.0388176245156916
-0.115997329487545 -0.39887930557118 -0.0621939439524357 0.203313535322733
-0.337944490871162 -0.276411048675281 0.0532747627565868 0.116718674882227
-0.374112690323912 0.0608004008417935 -0.0153729578404688 -0.0138075628549523
-0.171518514770823 0.328184007283861 -0.0501592198625481 0.0512506150649742
0.0401748520127152 0.326176553772571 0.0110346934485332 0.107447940968964
0.183183779704733 0.242543502855954 0.108400967998506 0.0982906991071526
0.266976896053087 0.127138181436005 0.156555662519495 0.0296625931223164
0.256057972325925 0.0931759607879792 0.142030887827945 -0.0111167756322557
0.242560756874537 0.127755888181063 0.12562522117467 0.0119872498737111
0.165905863485759 0.270338514987576 0.0869552622352628 0.0242805401922107
-0.0194815025467805 0.323032312216588 0.0429892816700535 0.0405218117382191
-0.215066392250289 0.279935285150662 0.00565259650796627 0.0311919502682624
-0.358532296898056 -0.0159128683452546 -0.0363985332509511 0.0390605024932182
-0.244975294223493 -0.340427397010654 0.0167214764710743 0.0607614644732694
-0.0889150561818662 -0.435906973470953 0.0582428111943858 0.120464035262843
-0.108048521288819 -0.304375923259049 -0.0318503781122034 0.36405887842359
-0.267950965121937 -0.201214391122554 0.13698472398713 0.186432287252226
-0.279922049346738 0.0523133580071904 0.0104852676188839 -0.0077412667258471
-0.127341335298744 0.234406490812434 -0.065870088663108 0.0604485824343608
0.0195123416239095 0.241959097109373 0.00357232463202228 0.170795323093018
0.131095373186104 0.188917269990274 0.157726599132998 0.173981851768178
0.200069586136419 0.112721051208312 0.239231685411613 0.083257966676095
0.185451062813792 0.0885472842503251 0.227030620494394 0.0258391635083079
0.165332722687884 0.115440893801212 0.198698683592424 0.0545684163514215
0.0955703827498397 0.206571983607953 0.132019023404161 0.084945520341433
-0.041769483879959 0.217605244954697 0.0440330109249452 0.0931494890168109
-0.158329355666961 0.154231417064308 -0.00398844586892329 0.0407438845642788
-0.214202379082242 -0.0333634389040669 -0.0191153454469791 0.0438018117152231
-0.14279659314649 -0.229546887067485 0.0546875651697874 0.102035691839366
-0.0730235508516035 -0.298587121111397 0.0734095798880929 0.238347219846093
-0.0823164199041338 -0.157595059700297 -0.00629747574594543 0.482616744893355
-0.150000338826762 -0.0897288064330005 0.198228053045437 0.237142757068831
-0.133412364579505 0.0376641038143732 0.0386337091000021 0.000696268538655976
-0.0587338995366815 0.101017057681045 -0.069729493733399 0.0565169139161245
-0.00436678706158868 0.115416420874916 -0.0054828314368862 0.205498298895076
0.0536921541875983 0.103530968912061 0.183201279633671 0.224088720754351
0.0974320093149474 0.0793687828095371 0.28612711570291 0.123343694757646
0.0860916603942648 0.0713052672829699 0.27856720611056 0.0569527987200792
0.0682916778792861 0.0876110924780151 0.237888098162325 0.0886205264142699
0.0193467446103894 0.120028303740962 0.148978805752739 0.127686070365711
-0.0545425786427885 0.096153689775749 0.032017301527459 0.122226698484291
-0.0887700921803715 0.0284629205115436 -0.0157686254217174 0.0359110763454901
-0.0649065190965654 -0.0389650483387419 -0.00467969682691182 0.0348812570263468
-0.0391587586163367 -0.097685868354683 0.073965894859426 0.11300828242573
-0.0505015615654446 -0.130016862468163 0.0812943915373743 0.300432277032178
0.0103983078887057 -0.0326661009657208 -0.0994310009891889 -0.332738102150041
-0.0400190454056536 -0.0316438944214279 -0.159376940318779 -0.112299671239277
-0.0507344091255887 0.0299853272487669 -0.0325638168722811 -0.00434614549115207
0.0131275831402378 0.0684142949071551 0.032543231163461 -0.0077592408809391
0.0502024243936243 0.0183483896787616 0.0171563599223065 -0.123246732644635
0.044095422798558 -0.0164496124388656 -0.126858693166476 -0.166649114234074
0.0260780392750353 -0.0463230668725921 -0.239337631747703 -0.116288221838646
0.0242432844551158 -0.0455087585533736 -0.278242787817733 -0.0777680799253928
0.0287846158945662 -0.0381952662074511 -0.279038640329424 -0.119864447742816
0.0332716654859337 -0.0085323904083535 -0.197287765902875 -0.204952657169369
0.0253768724947684 0.0201576519220063 -0.0293129001196938 -0.215742229863441
-0.00697920732042492 0.0378643306158879 0.0493599287613953 -0.071712062250756
-0.0404867612624719 -0.0157037128705114 -0.0287182185838576 -0.0397237113076888
0.0137256674064845 -0.0520794602703088 -0.149854034330082 -0.209199254144818
0.0547539282133707 -0.0158807108091758 -0.0109605307626234 -0.506712393994672
-0.0174158081962637 -0.172751806446006 -0.104446215343794 -0.311975177313997
-0.12036431403732 -0.129964455113221 -0.16056030750634 -0.100744009307331
-0.147299446149378 0.0236857680503164 -0.0436528153585732 -0.00193620210188176
-0.0461889844639916 0.149745709213809 0.0316192626048977 0.00862265803832654
0.0515402094863671 0.119555635567034 0.0289745910892635 -0.108848467182707
0.10185830816358 0.0681236903415929 -0.0987883496932214 -0.158189058359217
0.124999613636506 -0.000719931869576182 -0.202918111362763 -0.121058863655026
0.131373960581572 -0.0122757981621194 -0.244313649769315 -0.0886885839305965
0.140538221105314 0.00832047725402075 -0.246847929305337 -0.121597923408752
0.118225268831151 0.101469204531569 -0.177872633758386 -0.200909731980261
0.0281683468362779 0.160407208209468 -0.0232961799977322 -0.205998071227715
-0.0944572777599853 0.166625283747572 0.0402950771918823 -0.0639066672732469
-0.202952925922151 -0.0145594127697261 -0.0499300155217039 -0.0328239537008582
-0.109352460323447 -0.197905405507811 -0.151771721956122 -0.194407810519772
0.00853588298828415 -0.21276242027496 -0.011534607794943 -0.464440091750362
-0.0461054485918207 -0.292677111043942 -0.107556827325925 -0.241920300669196
-0.200828182866767 -0.214571190298342 -0.147703557446856 -0.0724066184594716
-0.240953486516029 0.0215297333457511 -0.0505789749023224 -0.00319957167878675
-0.104152420572168 0.228061004353111 0.0224281488711395 0.0177812082316479
0.0504764448279772 0.215673971371787 0.0298851295017806 -0.0818114658918066
0.150857226019982 0.147495027978987 -0.0617269885970735 -0.126049312911729
0.208719738673401 0.0454186398784724 -0.138446202201582 -0.10626137430528
0.217917933897192 0.0224928661475829 -0.172141373967399 -0.0870051374968859
0.229289170301299 0.0534868580205052 -0.175661930117184 -0.104499202575811
0.185280059827634 0.198277227033438 -0.131312765330237 -0.16816219593715
0.0275716621245267 0.281367820063896 -0.0132705585623161 -0.168241884781997
-0.171478815960556 0.279277468162657 0.0280254127648826 -0.0486635792611458
-0.344365625723928 -0.00767631924871745 -0.0630202864390191 -0.0194009460219869
-0.221366929644791 -0.31822374084547 -0.134285731171785 -0.152609375472318
-0.0382024059795952 -0.376198178520243 -0.00344822132938012 -0.359222053605128
-0.0762460234827148 -0.379597091903573 -0.104170180246083 -0.125682789156696
-0.281617265804952 -0.273192179287031 -0.108526888464731 -0.0231829846117406
-0.328356722526799 0.0347259224830551 -0.0492793446773968 -0.00729041140200352
-0.148364522964209 0.302470257361479 0.00323739295777265 0.0246356099229735
0.053235715163868 0.297040148070469 0.0227412490786727 -0.035052159046418
0.188448477776029 0.210752544907601 -0.0132597557084589 -0.067723359934681
0.265800437890722 0.0847209890046558 -0.0492298784058002 -0.0739115885604885
0.270649219636362 0.052903430067469 -0.074471876575858 -0.0725027669153148
0.278976938945157 0.0902785194818889 -0.0790611654979047 -0.0743279652918757
0.220113781689063 0.263779892975312 -0.0632588143176284 -0.112581370206422
0.0244253257890619 0.361039507179001 0.00271005090086789 -0.106456375901986
-0.220545160261223 0.35215141126127 0.0171499936233393 -0.0243221855886935
-0.434904206426881 0.000795054910335721 -0.0634364846355639 0.000265358643075529
-0.296640992966677 -0.389517969091633 -0.0930494412014733 -0.0852456453921453
-0.0750837709292822 -0.475529349088278 0.0141462433308975 -0.210556030977355
-0.103271190981591 -0.417028377902058 -0.0880362078899761 0.0286174393948295
-0.338997083014307 -0.29465552517186 -0.0379013912551241 0.042742465624899
-0.380772051547222 0.0533088676678051 -0.037006412791419 -0.0117494609993098
-0.170672075202388 0.345913689644187 -0.0226730705610291 0.0358323530211693
0.0548842856023299 0.339147687429888 0.0153238246405594 0.0314053552198481
0.203827445049557 0.243512746488837 0.0459887868057524 0.010056702354289
0.287893961658731 0.110947267258393 0.0533001950517524 -0.0281610459352365
0.283388923088902 0.0749603002591316 0.0334039760572251 -0.0464555676277116
0.282429122615484 0.113347091814406 0.0269530120886378 -0.0349881012171462
0.215207311959251 0.287247869170505 0.013969543174804 -0.0447292387965818
0.0115034880500908 0.375594178503906 0.0240952977178702 -0.0314508924051931
-0.232072972948475 0.355749683375714 0.00890871672978696 0.00524262406629444
-0.439178411879343 0.00321894690222622 -0.051586263901192 0.0227296190702122
-0.307874422310504 -0.392602624378098 -0.0362839223392237 -0.00811796599307158
-0.0932566939986583 -0.493062254766924 0.0377411112859788 -0.0413219077786821
-0.116060603789793 -0.390363022643981 -0.0596267717013237 0.199789800836476
-0.336241687798764 -0.266469026945317 0.0517441904553908 0.115600156755945
-0.36513643651366 0.0638331699585789 -0.0160838002846085 -0.0121292342214612
-0.160864282167867 0.325019958696689 -0.0465301384419961 0.0510361087773886
0.0477021280237305 0.321004851201738 0.010623544910787 0.106514200921518
0.185916171358016 0.234629010602457 0.108986604022171 0.0939729234825938
0.265189625106798 0.118350899455607 0.154195216531646 0.0244095595367021
0.252899923152496 0.0854479823773596 0.137376437014522 -0.0139798660476033
0.241352822554375 0.120171067592638 0.12365649790276 0.00863245306389061
0.170428608472921 0.263164318334627 0.0837587466929167 0.0233027678407258
-0.0116190749224682 0.320063950362647 0.0406678621611373 0.0389631303437436
-0.204668195379028 0.278327956017701 0.00251411878379585 0.0297277628377132
-0.352192693215474 -0.0103494800761311 -0.0337704622858942 0.0399476641780232
-0.247514645802077 -0.332967467329429 0.0186781699243569 0.0590686533091667
-0.0915739148994312 -0.424891353354436 0.0598649273489956 0.11438062369004
-0.108218519303784 -0.2976253248105 -0.0286049990424529 0.356904724386223
-0.266577203085517 -0.194021218417073 0.135786592483386 0.18267868707866
-0.272574511241968 0.0546267055228573 0.00992220370499074 -0.00647181456835364
-0.120449883724139 0.23272473051507 -0.0634226691412607 0.0601995119780059
0.0248545368465319 0.238916138324697 0.00524913168558913 0.169017350146287
0.133342962260127 0.183643551258608 0.159470428644291 0.16774966944627
0.199140989513607 0.105242297463023 0.236645223734116 0.07460757390443
0.18385270439682 0.0825163338873609 0.222898058253429 0.020844508880545
0.166253538479861 0.110320689333229 0.196541957957854 0.0487945936058936
0.0990533691070188 0.201873792787928 0.130042447491132 0.0812096387523119
-0.0356974257150009 0.215499262232512 0.0435737058044613 0.0912176744682006
-0.150835703678554 0.154014899368065 -0.00652640498771153 0.0395041994096664
-0.2099361927677 -0.0289250105544129 -0.0176532078843373 0.0446882244989716
-0.145259514179137 -0.225040954370525 0.0568099602085918 0.098548464115857
-0.0749163068038411 -0.291597748498904 0.0766548084558445 0.230618893688833
-0.0811180958755696 -0.153117537841035 -0.00172879181017407 0.472365051222831
-0.14773841315104 -0.0867492700138972 0.196404333598461 0.23082074542047
-0.129858491402455 0.0382507464734825 0.0375035609317561 0.00200089400536792
-0.0561596936565244 0.100540636540373 -0.0672191219342054 0.0568903977823211
-0.00132345877020513 0.114594892474233 -0.00190339435653673 0.202874680582103
0.0551967266135765 0.100403111596405 0.18561994073231 0.216285313686121
0.0973703982816272 0.0752626422596675 0.28409564727852 0.113440850746658
0.0861666006248068 0.0679952727919813 0.273741995538069 0.0499526085432538
0.06977596408161 0.0849219262611623 0.235566918783271 0.0816700944862792
0.0222080460791339 0.118282764640112 0.148900393963014 0.122418662916202
-0.0516000511328693 0.0953870860023689 0.0333450197994502 0.120418370242707
-0.0858132185515077 0.0293346521967355 -0.0173481340278314 0.0353207577237492
-0.0636015358931912 -0.0371568309840156 -0.00388052720114258 0.0361614238324182
-0.0409439387873188 -0.0961506184453226 0.0760640669772657 0.108734956964855
-0.050529691224305 -0.126496044941262 0.0855564104677388 0.291446388054428
0.00923117456238934 -0.033018732006684 -0.10246395062649 -0.328446068867944
-0.0410135393954572 -0.0299287292091184 -0.158495243398622 -0.108468030775245
-0.050194617497383 0.0310165702441176 -0.0327172175390391 -0.00339195819924153
0.0145158894238165 0.0673914909475184 0.0331843269829252 -0.0071540206611001
0.0495557022034163 0.0172039004375379 0.0161520515791876 -0.123125432509731
0.0438379699780498 -0.0169278464953536 -0.128278672016918 -0.16316536080466
0.0249302548457853 -0.0459379286722702 -0.238541231454165 -0.110437451305287
0.022868715942039 -0.0458944255423505 -0.276695707530937 -0.071619040028513
0.0267051906155621 -0.0388037993739753 -0.279284532963451 -0.114055207818603
0.033053025547639 -0.00929501887620041 -0.20075125501646 -0.1999256142347
0.0261046879484909 0.0197333093369854 -0.0340881780929603 -0.215053140756854
-0.00618567735931164 0.0376934915306811 0.0481453030339539 -0.0738512636884369
-0.0408474823775207 -0.0140099536148578 -0.0290325970810035 -0.0420584249296964
0.0127226372769562 -0.051086696568523 -0.150420842971622 -0.205686132330051
0.0533436074182843 -0.0157825492923596 -0.0149472143606414 -0.4985889532306
-0.0182848603918479 -0.171524660383277 -0.107048152722362 -0.30798191328451
-0.122074176349767 -0.126175744112074 -0.160754042940115 -0.0965672799540602
-0.145527341952883 0.0251979997360565 -0.0442345477134315 -0.00204482642175032
-0.0424825952201012 0.148461111560527 0.0322394254889872 0.0091889215727011
0.0533068340248495 0.117447067792242 0.0270212294387163 -0.108467347359995
0.102844561005181 0.0656644207431478 -0.100238159058937 -0.155579838310356
0.123655310945189 -0.00289492915297881 -0.20318278724535 -0.115294135211699
0.128716080187451 -0.0147264331559354 -0.243312651313138 -0.0835865608089152
0.13807967502484 0.00506432035594137 -0.246853060755064 -0.116413769232132
0.11964523158163 0.0987152829773544 -0.182326431248491 -0.195465486490951
0.0310726231349042 0.1602325363181 -0.0287709270340132 -0.204897064930597
-0.090818567235334 0.166018114975128 0.0383671645278141 -0.0651731889495109
-0.201626612601333 -0.0113662367903753 -0.0489033793916376 -0.0344529257105882
-0.1118626482847 -0.19527649064019 -0.152454976313096 -0.19111884807477
0.00628699034492959 -0.210424653028221 -0.0156557010340194 -0.458830916081153
-0.0466075425878627 -0.29005275412021 -0.110059037826022 -0.239007267472021
-0.202780699777123 -0.20932782217678 -0.147242436545556 -0.0677547012729829
-0.237512604646126 0.0242192884964958 -0.0518947562003483 -0.00251327672543248
-0.0979719943237602 0.226330513786262 0.0232573875270157 0.016882378298677
0.0548178511161147 0.212617466392821 0.0275930256168801 -0.0814023544390376
0.152848658238449 0.143249778519487 -0.0630632363073129 -0.123329223514501
0.207020572854274 0.0408823610003983 -0.138857834546622 -0.102820701050559
0.215108283005931 0.0184805903615102 -0.17257953589688 -0.0833229873892923
0.227221573447607 0.0477249088676743 -0.176422445077578 -0.10141932444165
0.188254949568919 0.193285285764033 -0.136235259745929 -0.162937671961549
0.0327998499831301 0.280296591587968 -0.0182738938431148 -0.168161665933652
-0.165505920713644 0.279025740573714 0.0260375960138344 -0.0498905501544271
-0.342564912178608 -0.00272721346622843 -0.0618858659430107 -0.0205018517741191
-0.225467636286151 -0.314610045579427 -0.134603727015943 -0.149153581208601
-0.0404521158197062 -0.373169619124736 -0.00672995721562323 -0.357774241524856
-0.0766011883617112 -0.376661045434165 -0.106452624764478 -0.12259437344954
-0.283303354157618 -0.268445502635192 -0.108417353263863 -0.0198033856792665
-0.324094044720242 0.0373598358162125 -0.0501644285209586 -0.00621518500104578
-0.141075933776202 0.300777137929025 0.00421649189792389 0.0245961409136535
0.0595673208007833 0.293656707081535 0.0206960100362812 -0.0354163783663401
0.191702178669652 0.205655880553194 -0.0146857787423398 -0.0667015730655626
0.265150606813527 0.0787428562771648 -0.0503859860562693 -0.0736598273489719
0.267831341055819 0.04816288163309 -0.07613399066031 -0.0703177544883057
0.277801188473176 0.0842489672540085 -0.0798375411584815 -0.073260525199523
0.225452660416377 0.258315961058516 -0.0679508648959998 -0.109292838709506
0.0304161139522092 0.360208127288443 -0.00140761535882728 -0.106188235484584
-0.212690162243624 0.353858689312117 0.0137025813623383 -0.0260936929413239
-0.431579502526148 0.0074861446234338 -0.061385931348006 -0.000434318987788196
-0.301896937731435 -0.382858692462897 -0.0921561176460005 -0.0834716909375749
-0.0778256422888188 -0.471710613255803 0.0126516913650141 -0.210990846553372
-0.103804291061711 -0.412754607701045 -0.089330602283549 0.0290722146484519
-0.339547429073511 -0.288718145036152 -0.0388291734109326 0.0455637821402638
-0.376600468780024 0.0570802083071442 -0.0388278049620115 -0.0104153333656446
-0.16297951798926 0.343550409498664 -0.0206077858992932 0.0360212049301418
0.0616216526331102 0.335658773567083 0.0140444117365313 0.0317544573377681
0.207695126214672 0.238367122200118 0.0462030544481759 0.00904385148022094
0.287476406050622 0.104031439584833 0.0520343236996407 -0.0303937383047093
0.280503199597775 0.0693471122588275 0.0313323390538936 -0.0464299597570408
0.28224770222987 0.107025627921607 0.0257213477675831 -0.0364163636085701
0.220403851455221 0.281767881155701 0.0103416382358473 -0.0435765509888622
0.0189310512857579 0.372881297567516 0.0207002478658494 -0.0314654626489133
-0.223018850061926 0.355930772335271 0.0055119501362022 0.00435499555375406
-0.435799308598578 0.00827533387344283 -0.0498204860869386 0.02358768285855
-0.313079230871311 -0.388594249835024 -0.0350473717503095 -0.00785022509210264
-0.0963349010403772 -0.487719930230439 0.0369747648783197 -0.0441203200623872
-0.11719507818039 -0.386915491912934 -0.0598790595352038 0.19846985858043
-0.338021135579816 -0.260045666762298 0.0509889026716601 0.116377095936708
-0.35914212141144 0.065449308063449 -0.0180830337609794 -0.0110334723594453
-0.153731247982429 0.32381557115054 -0.045119954773115 0.0510307165230901
0.0538501836380264 0.318639770486527 0.010294118287662 0.106768631668148
0.190328593403868 0.230123887317761 0.110095441736223 0.0913816229332372
0.26557387680497 0.111487213584435 0.153465782227287 0.0190612050167968
0.251459354500848 0.0805331446445788 0.134776115377589 -0.0156960862311572
0.241627962026547 0.114664115652881 0.122704653552195 0.00541583053660006
0.175234342310857 0.25935952423644 0.0813544537391946 0.022799335553821
-0.00472404166214032 0.318774224418873 0.0385807309365948 0.0388013182372511
-0.196838435508823 0.279423958781718 -0.00120878746027802 0.0292985239282635
-0.349097122848375 -0.00748466889327835 -0.0316635014867793 0.0409993932578285
-0.252977027292338 -0.328613562388628 0.0205952005139565 0.0572982716330906
-0.0944619384182788 -0.419966873767899 0.0609922606277425 0.110274567377931
-0.107598466276962 -0.294008718189995 -0.0266451194568967 0.354807341606299
-0.267088713607048 -0.189996317146217 0.134881965679387 0.181371251043455
-0.268954863770185 0.0558215916396411 0.00854711163739845 -0.0049946969706831
-0.11566267294682 0.232059648330425 -0.0610521014258455 0.0608259817468859
0.0304535412165956 0.237032179285971 0.00637137805016214 0.16850759927759
0.136218703263396 0.180693358399201 0.16201396220334 0.163006704745637
0.1990994202084 0.100179533031071 0.236035775455648 0.0673481807480473
0.183155358227377 0.0782442837509077 0.21931957352416 0.0161789679980975
0.167136514146043 0.105968683914284 0.195555145106124 0.0449914149493593
0.103473421943477 0.198990016165046 0.129357138544692 0.0793221075234628
-0.030674681372238 0.214758223208116 0.0433847954751309 0.0904960368555074
-0.145431317601477 0.154173408027323 -0.00924272648887894 0.0390030371248644
-0.207414932048243 -0.0269052546384748 -0.0157203089925341 0.0462133364232264
-0.148896784628675 -0.222018230351742 0.0594344562654249 0.095989941893162
-0.0764432132592879 -0.287424610464774 0.0795011473125086 0.224366929221547
-0.080190362012905 -0.151081261329451 0.00118088749015934 0.468794964368403
-0.147443334805076 -0.0855000943037276 0.195320196430672 0.228034628080762
-0.126986902188762 0.0383519387938097 0.037016327436451 0.00325981364465561
-0.0544503237412106 0.0997634676304274 -0.0656465577489884 0.0567926297572326
0.00138274376759605 0.113993593815678 0.000650943886864998 0.202806934520559
0.0573687311594386 0.0994702558206004 0.189416996397964 0.210821592877943
0.0980771868074694 0.072172948644336 0.284782875716542 0.105366846785989
0.0866676994230143 0.0654784274053063 0.270870539661366 0.0444860892990016
0.0717289460856177 0.0831568732593811 0.234844982237392 0.0761535439010834
0.0250093190604195 0.117355257636129 0.149747730255977 0.119265187640241
-0.0482889952011375 0.0950000228211408 0.0340598189497813 0.120001619633546
-0.0838896571754969 0.0296126067726907 -0.0192808587303409 0.0352493730079455
-0.0623322059145517 -0.0359929112933353 -0.0035154150496618 0.0369473399861708
-0.0428411518056134 -0.0955566614123367 0.0784696877096421 0.106053530425368
-0.0506228080699402 -0.124192649531715 0.0897134305156168 0.28566708114942
0.0189018339749866 -0.0276239802229178 -0.0362842465341035 -0.340780327238002
-0.0317891702989901 -0.0359725679227108 -0.132835804646941 -0.136201387994753
-0.0537332933087602 0.0201343770581042 -0.0313728176297486 -0.0115778552414669
0.00102661757997305 0.0666925003698857 0.0335167551400817 0.000910776193504064
0.0440701263842774 0.0276206696607492 0.0385912434049401 -0.117804744434816
0.0465171619518561 -0.00702360701043474 -0.0938094221622051 -0.183655761517226
0.0320170127449817 -0.0387323895087885 -0.211181876510043 -0.156192297254018
0.0312435900979126 -0.0400225692545025 -0.252810020519453 -0.124702581091044
0.0342026410104801 -0.0320203295889564 -0.248803476423333 -0.166680973665793
0.0341629446316536 -0.00167899626594454 -0.154684571639241 -0.233875022365439
0.0215460098877102 0.0252179312106619 0.0085682638688087 -0.216800432944724
-0.0148701875918285 0.0346795541333871 0.0627613611020876 -0.062466375436905
-0.0375058052404429 -0.02252509287398 -0.0210547180678304 -0.0510334687897265
0.0206440344675315 -0.0457982603581082 -0.106129245606299 -0.236167809430392
0.0547845071740409 -0.00331564576064933 0.0979924997770936 -0.50307574221871
0.021515519470602 -0.165653101749464 -0.0453629778639655 -0.323617412245853
-0.0906756363713589 -0.142704070126087 -0.133022416085586 -0.126759238959285
-0.143066773534774 -0.00384546504709963 -0.0435946380532614 -0.0150640302937394
-0.0668854350407887 0.132420747549697 0.0282985868794767 0.0146544643072241
0.0291791213090317 0.12461268873545 0.0456350617192517 -0.102737854787158
0.0878079409146546 0.0839751518060884 -0.0707627935993879 -0.170654009418138
0.119737578219993 0.0209081601134714 -0.174872160979526 -0.153785028716303
0.128849590720158 0.0114350105676286 -0.219416660422748 -0.12945031176448
0.133585698292745 0.0333414585954536 -0.21639954980875 -0.161764571716718
0.097032257057903 0.1211448978744 -0.13721687540032 -0.223359728556176
-0.0028665319241784 0.162644556012604 0.0119063816412407 -0.201108303083868
-0.122893032795305 0.138866665662193 0.048568515982894 -0.0522248016422997
-0.196058866434159 -0.0565571320249772 -0.0472214037669938 -0.0467558797142549
-0.0698493180886613 -0.21345306852385 -0.109634869088863 -0.22541658735521
0.0518842754507016 -0.202618972204449 0.0863358956740527 -0.465004435323076
0.0186612548631742 -0.286039080630497 -0.0616219284701446 -0.258721740341654
-0.153053165592329 -0.236953503352883 -0.122740576085465 -0.0986012266485131
-0.230198889387618 -0.0238572702255394 -0.0505859908633324 -0.0199613559644736
-0.132799398019456 0.194463192179961 0.0156045922356853 0.0198886951860772
0.0119956147537928 0.216528168210917 0.0405756782190763 -0.0777579087072976
0.120955805986142 0.168998799399893 -0.0425344178035625 -0.13288562782945
0.192390955577004 0.07958851786785 -0.114708655546294 -0.127576758285017
0.206984758286831 0.0605686445556303 -0.151191193867752 -0.115202414119674
0.20993733242778 0.0938413569545641 -0.151282352347209 -0.132375409225878
0.143721860009913 0.225588634387083 -0.0988241196339806 -0.180699084699165
-0.0259716508437866 0.281661501281511 0.0140530172008818 -0.158866084055135
-0.217641958487747 0.230243562182653 0.0294979864652997 -0.0357675699524105
-0.334871812278041 -0.0813704724110946 -0.0660159586710875 -0.0340642340094345
-0.154655470429892 -0.35502847980084 -0.0996813259800614 -0.182640962078973
0.0426209799322344 -0.371014746128949 0.0727109356157533 -0.36313623567327
0.0062035242026062 -0.374257836236673 -0.0805761176574001 -0.146025473697065
-0.219984609929549 -0.307681820681916 -0.0915220920421438 -0.0458119091036227
-0.315937748390931 -0.0273593465519631 -0.0487946808877022 -0.0254208905878697
-0.187091683651937 0.255908227014282 -0.00533088504385761 0.0216549193351958
0.00111181251615111 0.294316001257967 0.0240340174557552 -0.0348286777237264
0.145803331165619 0.235932398938159 -0.00741181585715329 -0.0679713868565122
0.242159590870518 0.125918645277671 -0.034429063723022 -0.0807830284911996
0.253862143344695 0.100772380059128 -0.0609827487765162 -0.0837465204380626
0.251878339369126 0.138345131406484 -0.0630977321494036 -0.0859163966398849
0.16743922974355 0.296440661888939 -0.044281699280265 -0.112760026772556
-0.0451830743743507 0.357921635621216 0.0177895760516335 -0.0926230985948758
-0.278607383482971 0.290668173499279 0.0107307974012522 -0.0121680696780268
-0.423024717528518 -0.0917401847603727 -0.0724795677093548 -0.0132869651513426
-0.213039081399426 -0.439574827638616 -0.0717499786544369 -0.110002108273956
0.0287746030617798 -0.474822088733338 0.0584975162421375 -0.211836897807748
-0.011395694331392 -0.416202058225692 -0.093246939854896 0.00549066078025731
-0.272235425658574 -0.339253516923411 -0.0350147612915378 0.0290971435367911
-0.369366885444748 -0.0186037934446961 -0.0367375660456422 -0.0291243375733781
-0.215823190912573 0.292571268209722 -0.0334307726731023 0.0269995651695274
-0.00484762507441795 0.334872779072659 0.00438917253216894 0.0277339868078475
0.155417041429848 0.270688923930464 0.0361685723533951 0.0181279288531507
0.25852321594919 0.153625424575713 0.0570207489557729 -0.0179559787635368
0.261583435739865 0.124007618782758 0.0383729861052388 -0.0389997710300276
0.250670390650299 0.161423581511458 0.0321801569018989 -0.0277701976281829
0.158443795532849 0.316953698374226 0.0179319561953006 -0.0327323143142835
-0.0588628790865455 0.368201096038994 0.0233545205754679 -0.0145681708438333
-0.287814707212591 0.291974571689559 -0.00481724934292424 0.0158160316740701
-0.427481695136137 -0.0916212920384001 -0.0654258622753483 0.0135227803542507
-0.22440576808375 -0.445574991264632 -0.0297233563343341 -0.0233538540509951
0.0147317608671828 -0.494522903081008 0.0454690950118535 -0.0395741370122288
-0.0318321128122456 -0.395105476027621 -0.0976547796019629 0.176903820549611
-0.277853128897189 -0.312816034814816 0.0379942875588225 0.115547001740558
-0.35719646324825 -0.00629811729096791 -0.0163102213676263 -0.0241681876440574
-0.203841093853699 0.274119728109251 -0.0596350737200466 0.036975893074309
-0.00949316725209642 0.315411664483155 -0.0130503019190458 0.100411114614325
0.139733594366273 0.25899343112184 0.0832426228675884 0.110909549618488
0.236566127047961 0.156278160296159 0.146550350460895 0.0508720741155739
0.230817788092391 0.128084981674849 0.13247475178276 0.0110771269246565
0.210603263936711 0.160280548715299 0.117925734509815 0.0315513604826335
0.119466214978742 0.286054704924235 0.0723178890795564 0.0453302345153563
-0.0696351032535423 0.3090468553399 0.0268221702962123 0.056247680198401
-0.24601677162579 0.223096594086159 -0.0159368309448742 0.0365116371851667
-0.33886014503013 -0.085489395312719 -0.0491572862139581 0.0356169712455375
-0.175284591037433 -0.376119616808355 0.0119741552233475 0.0536751095405396
0.000686477429346835 -0.427658038040712 0.0358640180051505 0.120169753579665
-0.0437495854611345 -0.305786595277001 -0.0959883802513173 0.336736328351089
-0.223705010762604 -0.232205480285012 0.10456228608223 0.195161334287483
-0.267671420369469 0.00176718147775603 0.00802110270056382 -0.0107167571642182
-0.152323394754208 0.195703884596036 -0.0758841487454845 0.0445394657810837
-0.0162232996139522 0.232726256941941 -0.0274269816545712 0.162717208427217
0.096171427391252 0.19969425948514 0.1222407413683 0.191069396722762
0.17508375759466 0.131932770909278 0.217910678900197 0.114676751511182
0.164030691908857 0.113492331899715 0.208123674810622 0.0592638891431164
0.140092764474435 0.137201519710934 0.181102815455971 0.0832604026874159
0.0619589368109794 0.213252945947302 0.10747835112218 0.107898963534169
-0.0733813792390262 0.202411111979635 0.0209751164479489 0.104517158393551
-0.170688777244833 0.115375407368899 -0.0245479573496491 0.0408884578100798
-0.196087418406191 -0.073630947981796 -0.0305199018608088 0.0430999260096913
-0.0968115754551707 -0.249056996332739 0.0424535816062733 0.102816909613156
-0.010157968821579 -0.296331633975519 0.0292875077243104 0.23914684400922
-0.0488688113392774 -0.163803205450202 -0.0906190695417625 0.456058651290513
-0.129249297117467 -0.109855514382957 0.150619355908422 0.255649463249001
-0.12872396532417 0.0117719831406911 0.0343564948678181 0.00801943513897402
-0.0696011069711971 0.0825007527705044 -0.0771707288643595 0.0418162734866491
-0.0215676451894809 0.108275564901084 -0.0391764874554921 0.196241744914839
0.0344216160667787 0.105870893067494 0.142195790391472 0.242867922533012
0.0818312334402898 0.086691424622775 0.257336889777381 0.161310990061551
0.0716725342493172 0.0808185970414001 0.252679830297409 0.0960565298542964
0.0523992897493746 0.0947441097135417 0.212781532137394 0.121527957270053
0.0013910659784937 0.118480008332588 0.119315931269841 0.148310794206802
-0.0660918016026935 0.0822495954840937 0.00671185503314147 0.126513121051731
-0.0853930381127806 0.00949009525105504 -0.0313968665584579 0.0312830406726853
-0.0513018704769125 -0.0502261786480492 -0.0124304162782274 0.0367533946373888
-0.0204582145341763 -0.103002352413162 0.0584022057036774 0.118373212419587
-0.0212072219578214 -0.132023123892765 0.0269216974520558 0.303688976219089
0.0174676822177795 -0.0281637518011106 -0.0401672903577182 -0.336067116331567
-0.0325101307007184 -0.0342086254188448 -0.132813989224402 -0.131913436565923
-0.0523888674347306 0.0207886068753228 -0.031358913342375 -0.0106880144006982
0.00290532326172872 0.0667898383607159 0.0344103260974226 0.00158009051951809
0.0438906863607785 0.0263040283990513 0.0371077068577879 -0.117770805084602
0.0458890495888796 -0.0085262718441099 -0.0958705655317641 -0.179944626964092
0.0313475873578981 -0.03807476786231 -0.210284232633055 -0.148461465548269
0.0294781772936183 -0.0402388838811158 -0.251125320377743 -0.118241048605167
0.0325479038441437 -0.0322248761354945 -0.248947204938772 -0.16076769745181
0.0334893514654593 -0.003080014312416 -0.159120929547609 -0.227913392832388
0.0219488852697426 0.0251529658518788 0.0040166945021813 -0.21534381901272
-0.0132380613368794 0.0345221713333745 0.0612655862060892 -0.0644179075611368
-0.0379987083181722 -0.0207089627782159 -0.0215914860893626 -0.0525157127213
0.0197806409360087 -0.0446714792466304 -0.107077766491232 -0.231842651081148
0.0530579994071352 -0.00333063331539295 0.090239951850154 -0.496332574126128
0.0197279392399223 -0.164439493786854 -0.0492158189102889 -0.3181184013142
-0.0922169913551669 -0.138801685865186 -0.133202613784664 -0.121587998558898
-0.140284924565495 -0.00179861432515215 -0.0440287119075667 -0.0141657214044227
-0.0619592624440981 0.130948388654837 0.0288311559459416 0.0145374896062964
0.0311801266618606 0.12264105013086 0.0431006117305498 -0.102795209833377
0.0884346466385317 0.0811052884718801 -0.0726731224875644 -0.167750047741026
0.118815421884258 0.0189083519949189 -0.175691097314411 -0.148334236228031
0.126923800506767 0.00943163132856897 -0.218570390119987 -0.123705654954266
0.131119177917519 0.0302752740347759 -0.217219515383874 -0.156219230102738
0.0989155454589798 0.117305799804064 -0.142174653106659 -0.216940958332206
0.000770358897038225 0.162114644831241 0.00676419221023884 -0.200378558973188
-0.118081011437012 0.139554424468071 0.0463822810451437 -0.053596274630138
-0.194763365552532 -0.0533544907568859 -0.046167764477226 -0.0476466209704403
-0.0724615571950701 -0.210002452189553 -0.110603365069131 -0.220845971086157
0.0496312701373802 -0.200155546743659 0.080181346540701 -0.459050072721912
0.0174816003885949 -0.282322624198057 -0.0647877063923465 -0.25439573252224
-0.154995515364125 -0.231542648629614 -0.12281518281344 -0.0937970426940907
-0.226341701082434 -0.0210627315991695 -0.0519126742956702 -0.0188482707038238
-0.126372705243816 0.192890461232588 0.0166973760048415 0.0196495331277967
0.0166164888402582 0.213334746170438 0.0370577737474256 -0.0771578875967334
0.123931787545496 0.164810969022844 -0.0447106999181579 -0.130623846011417
0.191692381818249 0.0744178308645065 -0.115604421003818 -0.124512416578235
0.204635054662772 0.0570872438800173 -0.151416526682056 -0.11109620340744
0.208831929739037 0.0878730216421408 -0.151952789790199 -0.128737265356169
0.148020933310084 0.22055687218136 -0.103876637757057 -0.175304973778868
-0.0198618824382885 0.279551493613 0.0083932151153089 -0.157939889742811
-0.210319745996411 0.230892678909548 0.0270744324706807 -0.0368068970079245
-0.332081916235317 -0.0764652927866898 -0.0641653224710515 -0.0351425520720448
-0.157273992967282 -0.349501968581206 -0.0998827689879907 -0.179150558064517
0.0393073493602444 -0.365784497447796 0.0666798431952435 -0.359398524047044
0.00615170344080551 -0.370715940950218 -0.0819355558406665 -0.143378100009273
-0.222399572243416 -0.300391082562552 -0.0919999178478405 -0.0419594643599469
-0.310605674230761 -0.0241330989515389 -0.0505132948368613 -0.0249178222521988
-0.178802601222205 0.253947648957785 -0.00454487974590842 0.0218716046794775
0.00803715902877436 0.290665427340318 0.0216223911416367 -0.0343227591234738
0.150196192780471 0.231073571423281 -0.00874655944209932 -0.0669657992205414
0.24136229386419 0.119698261796716 -0.0359813192662764 -0.0804336478063756
0.251359699226844 0.0953019177153842 -0.0620783849396936 -0.0812627786606664
0.25010708396745 0.13188112451989 -0.0645464731524034 -0.0845034090589124
0.173135395518221 0.290148082076665 -0.0489265811724436 -0.108666939720684
-0.0371743424005622 0.355949198711072 0.0125748380215603 -0.0922090769727398
-0.269186606805706 0.291374001459992 0.00761206886039408 -0.0124786115490974
-0.419654401183884 -0.0852342408548368 -0.0702825127540201 -0.0126194503904188
-0.21698662918414 -0.432565027329341 -0.0710658562472659 -0.108344521035675
0.0249062854347177 -0.468323770027327 0.0547942273971734 -0.211403041988084
-0.0129807901782543 -0.411728114142358 -0.0940912134050767 0.00714582293178865
-0.273718479767156 -0.331324277911316 -0.0348523176151754 0.0316669216808038
-0.364188633770095 -0.014934286650418 -0.0389070892791514 -0.0275558370280644
-0.207159133422898 0.290958658781353 -0.0323432863033797 0.0271190950497713
0.00194005385073272 0.331261184368236 0.0030945909961246 0.0288693761522695
0.159986935433448 0.265575125466316 0.0357783156179846 0.0174484609003247
0.258369418400289 0.14643381141824 0.0555545552479397 -0.0206215626658334
0.260095482016459 0.117767499294469 0.0362083863694945 -0.0390953204453175
0.249986758485261 0.154604298858384 0.0307059761130472 -0.0287865186876368
0.164964101843786 0.311136167611274 0.0139880902371695 -0.0305943295079894
-0.0522101264226737 0.367108537922208 0.0203314336030975 -0.015124854776432
-0.278402022286328 0.292036829220663 -0.00789620233981475 0.0155506294352797
-0.423663538692704 -0.0862030527292609 -0.0627500669865768 0.0145697025208874
-0.226961968391472 -0.440043642342405 -0.0289395996495017 -0.0229627764253867
0.0117178386997179 -0.487011227365623 0.0438889957652065 -0.0424307889697575
-0.0315127852793789 -0.38971270061742 -0.0966395368584306 0.176622803854686
-0.279404927308204 -0.306145731064689 0.0384127058982434 0.116498870697987
-0.351343192624916 -0.00453729006988475 -0.0184002927726064 -0.0231042673187093
-0.19647554015557 0.27319206532788 -0.0585648208367887 0.0371910156261993
-0.00257856756459216 0.312887876785109 -0.0129740780131251 0.10148649548887
0.143621201092726 0.253909844969555 0.0847065613414626 0.108585903462939
0.236811946641481 0.148782323799652 0.144447893663792 0.0453370107936553
0.229706885410407 0.122348852183799 0.129757282001743 0.00920083918815646
0.210919512439152 0.154310609316144 0.116178361008012 0.0286401486545478
0.125274405428862 0.280910606173141 0.0702414223110187 0.045073906673342
-0.0625399139854769 0.307737134185089 0.025124343027504 0.0550901507280253
-0.237599630901133 0.223564870891395 -0.0190182801301276 0.0364160871564108
-0.334821444021797 -0.0813671790318951 -0.0472379719524982 0.0364360938695445
-0.181187072857431 -0.370267336225488 0.0138404383226993 0.0522824122407419
-0.00103846108050215 -0.420888806753698 0.0364635058928417 0.11539585389759
-0.0444454864234633 -0.302668665273525 -0.0931088316795071 0.334321585935794
-0.224148084765134 -0.228193712689891 0.104534516305972 0.194598615245019
-0.26403795137396 0.00335023034287394 0.00550585732534106 -0.00965257755835603
-0.147325005014811 0.195168962222358 -0.0747430942769339 0.0448432249680428
-0.0115141256198224 0.230473131522006 -0.0263930453807211 0.163052688964028
0.0995892069558608 0.196569082347737 0.125311184554958 0.18761852837586
0.175000123441416 0.126546739882173 0.216899461935494 0.106350853772453
0.16436014570062 0.108723353149617 0.205468031275018 0.0545219876558493
0.140908442008693 0.132411215972285 0.17995874828061 0.0785614385200427
0.0669205507804432 0.209949832574952 0.106832169336064 0.10542636518435
-0.068253808285987 0.201085820717887 0.0214231542817575 0.102948290721543
-0.165133897368911 0.116239717464045 -0.0271163148355236 0.0409207809531715
-0.192838975538372 -0.0705342022741181 -0.0287227538032886 0.0450445629817987
-0.100660099281211 -0.245512048026708 0.0445227690938005 0.0995101834463544
-0.012024839727087 -0.291770095992239 0.0322542739782829 0.233523802690447
-0.0479341552163009 -0.160709306924113 -0.0867879038825751 0.452272639984092
-0.129235001689199 -0.108008752302588 0.150414852860939 0.252622666490274
-0.126598516383664 0.0126569759411367 0.032615140072854 0.00918764991563772
-0.0681234093806714 0.0818490344104489 -0.0763151240792716 0.0430695834517252
-0.0186512520778747 0.107776500586876 -0.036136636011065 0.196453033641907
0.0365647175677462 0.104552866965827 0.145491974969403 0.23806535305523
0.0824100051128509 0.0838187624045988 0.256690288100718 0.15219304634686
0.0726108523214047 0.0784545733453522 0.250568729975211 0.0902889142889371
0.0540053381089648 0.0928177336179851 0.211730787456911 0.115258683155832
0.00434278724975029 0.117698791292978 0.120242465181161 0.144004027564106
-0.063199470866109 0.0818251625298022 0.00819716014665435 0.126172581828467
-0.0834001557538773 0.0104686376166116 -0.0329158910264703 0.0315379577094575
-0.0505973692679945 -0.0492581689240053 -0.0108510935260827 0.0379575434073728
-0.0223115376580996 -0.101800814695388 0.0609720531804808 0.115003306391479
-0.0212759693386723 -0.129854339015709 0.0312004929115451 0.297324709339539
0.0163237944861602 -0.0277911374794254 -0.0390926269850403 -0.3317041104107
-0.0321934211348919 -0.0329810642220838 -0.131152202570739 -0.128542388251911
-0.0514644917764572 0.0213309600515962 -0.0311842940200453 -0.0104189887435707
0.00417855919374822 0.0656601664110214 0.0356738631097309 0.00164477926263727
0.0433551017207127 0.0257954838513425 0.0366709987720338 -0.11762210684279
0.0457022767601251 -0.00877084517178266 -0.0950486448945907 -0.177414403070964
0.0303562802919613 -0.0379067089390012 -0.207770605503892 -0.144698007021875
0.0282846370384682 -0.0399338806754105 -0.248311996198561 -0.114519503131447
0.0314300287794707 -0.0320940151977024 -0.247945807778649 -0.15693064231407
0.0331016168429952 -0.0031115159492321 -0.160037361544437 -0.224059277455924
0.0224504684063551 0.0249906394120758 0.00132819569426828 -0.214075691831518
-0.0126808162564743 0.0346396204912673 0.0607267781257574 -0.0646235979808492
-0.0374943760857737 -0.0196212852255848 -0.0214699243948776 -0.0548635259577424
0.0192212415924996 -0.0432757151197026 -0.105133654416481 -0.227829482963981
0.0525678665495701 -0.00246139696853892 0.089847903570891 -0.488333249614565
0.0202442704813015 -0.162451404063098 -0.0472865604177142 -0.314342885779926
-0.0917194675143785 -0.13609067420293 -0.131808749079785 -0.118860674534675
-0.13783873780444 -0.00218961309849889 -0.0441865579092277 -0.0134601230277767
-0.0593430203372945 0.129136156825644 0.0293238622823887 0.0152990315554315
0.0315908892315567 0.120670697677943 0.0421051423045158 -0.101619360083787
0.0890146034109353 0.0794165767908819 -0.0726938644929792 -0.164797036449967
0.117009621925492 0.0172335957508241 -0.174229722734511 -0.14506445612789
0.125126388793049 0.00799366474045234 -0.21728498992477 -0.120283572805131
0.129692127667811 0.0287706763050064 -0.216153797416136 -0.154009011835553
0.0993429410109105 0.115005139206015 -0.143862532600973 -0.212707618155796
0.00300952047251796 0.16147150047513 0.00345466698188048 -0.199627939271256
-0.115460894885623 0.138582380681634 0.0448537343505083 -0.0541085935331099
-0.192830715434268 -0.0517572821659005 -0.0454520198677953 -0.0494473315253184
-0.0724150956486687 -0.207194453677393 -0.108487280590213 -0.217417923760923
0.0491363357280142 -0.196316689148855 0.0797850244410659 -0.452904717320489
0.0177780647072199 -0.279225912090552 -0.0637715887238655 -0.250206090246327
-0.154398183868625 -0.227903168547592 -0.121637876488167 -0.089856324325486
-0.222633474606027 -0.0211995188303732 -0.0527950197186809 -0.018460373838595
-0.122795033697095 0.189660102916327 0.0174519308498955 0.0201707498276237
0.018432698571404 0.209818097556308 0.0357463464041505 -0.0761777599644472
0.124463057564016 0.162017095352329 -0.044614186014364 -0.128212103100143
0.190079575680182 0.0719275829694401 -0.115313198929267 -0.123163317177344
0.202567758032171 0.0547421893547853 -0.150371438600852 -0.108656134905363
0.206398295314566 0.0858984249380812 -0.151439183704393 -0.126793322073533
0.148726064937461 0.217259890441754 -0.106662456896705 -0.17080579883156
-0.0174306382847819 0.278268608487572 0.00511091468610483 -0.157338983657792
-0.205903825225796 0.228705755930665 0.0246542186172578 -0.0372846562680444
-0.329030121195356 -0.074831570759146 -0.062617667718824 -0.0362346739738663
-0.157423526323762 -0.345459867390419 -0.0985858164286924 -0.176656888792247
0.0406687134520595 -0.359660867754406 0.0657216573268914 -0.356418481846216
0.00725614413819966 -0.367149456315521 -0.0814215565778461 -0.140288623613494
-0.220964431840114 -0.297124250683804 -0.091065048526911 -0.0389696663720327
-0.305508227812923 -0.024410318614898 -0.0522187948302053 -0.0244062864174168
-0.174807797138979 0.250536261718125 -0.00369695512414452 0.0216008748833652
0.0106683468839508 0.286312116620941 0.0195881950855534 -0.0331701531508589
0.151586268350414 0.227814562878701 -0.00895965636514568 -0.0661847872618792
0.239234477739291 0.116454619692972 -0.0367466385006758 -0.0806873117021359
0.248756078257852 0.0923325523384709 -0.0627832600475174 -0.0797692695969707
0.248189029547281 0.128532355516607 -0.0645376469741582 -0.0839320467358104
0.174439104144248 0.285815772107811 -0.0517651723964614 -0.105159706289233
-0.0331769165176536 0.354301111278171 0.00988002587087783 -0.0917469486113907
-0.263824506028793 0.289393584334099 0.00464546453065623 -0.0128091311049602
-0.414900324231166 -0.085124700318676 -0.0682526234039724 -0.0136154260462761
-0.21615998526844 -0.427706785110344 -0.0695032543888002 -0.107005063066956
0.0274803931044166 -0.459553664737493 0.0534929915735885 -0.210621886823974
-0.00921915913531567 -0.407948455537146 -0.0942533685573805 0.0086213519843201
-0.27252262461484 -0.327470079201435 -0.0354421469010159 0.0344092264759938
-0.358858767652028 -0.0165464482050655 -0.0405093873055546 -0.0268003949526684
-0.202549952574976 0.286878976360556 -0.0315289185601349 0.0268866197780592
0.00669869627699659 0.327972714018617 0.00116249423364341 0.0304743065174799
0.160867202545261 0.26190777081037 0.0357788770595266 0.0172818949601586
0.257134679879449 0.142820838123203 0.0537623332209799 -0.0231815178350438
0.257723407259158 0.114723465503894 0.0347689495548459 -0.0386227215068178
0.248189515801441 0.150811873776089 0.029303522589669 -0.029421077820062
0.166999674386422 0.306766062495202 0.0113221748035253 -0.0276547541474157
-0.0484089524106314 0.365555424014604 0.0175587465903067 -0.0148864605382529
-0.271744924290186 0.288363408320477 -0.0110420151533688 0.0155709325798892
-0.41785584756789 -0.0848158053690139 -0.0607888799160958 0.0144773046545645
-0.227305891128354 -0.43599595968159 -0.0279059843584432 -0.0229218264561007
0.0141217215414347 -0.479794430721534 0.0426856193864647 -0.0440703334213728
-0.0278796694285208 -0.385386057362996 -0.0972527672308293 0.17573718901102
-0.277300618627042 -0.302289300927396 0.0367985667613138 0.117604660810547
-0.347079631877735 -0.00516098462566201 -0.0203987299510499 -0.0215152705250128
-0.193766830826168 0.269595780250458 -0.0573496186658877 0.0374122666500625
0.00143952871719669 0.309355363623433 -0.0148347228343451 0.102550253505837
0.145048031053706 0.251108203046555 0.0843609651444868 0.107311754116382
0.2356115404848 0.145310634185213 0.142405724933752 0.0414488437232865
0.228091425302528 0.119371968870129 0.127616907011524 0.00789095410972544
0.209849423706854 0.150885274506051 0.114243494687469 0.0261502191030027
0.127377592443087 0.276503206980969 0.0681838017488119 0.0463989836003072
-0.0585322255677696 0.30581548931193 0.0232893363038205 0.0547585364500415
-0.232227081510618 0.221049636920437 -0.0219758333499447 0.0361991501855003
-0.330149328645243 -0.0800034431546784 -0.0446241817343959 0.0374626165341788
-0.180779739113376 -0.36577418497629 0.0145361223516132 0.051002958859904
0.00085809927342393 -0.414532085869577 0.03541555295665 0.111053645809721
-0.0405456792885751 -0.298395816895876 -0.0944609989357196 0.33138530246451
-0.223617602067155 -0.225683439463569 0.102526878121958 0.194789904841017
-0.260181784990108 0.00234943245940048 0.00423161717076217 -0.00784411502329207
-0.145476053617655 0.191593080354415 -0.0740297520400345 0.0449047608777306
-0.00867126138440546 0.22866643624161 -0.0271655544056805 0.163771059235049
0.100361540972066 0.194346299305871 0.124917706921127 0.184588592676295
0.174120087686411 0.123467782776778 0.213754077172368 0.101245783301344
0.163000646515139 0.106136460497933 0.202827220575531 0.0523354337386005
0.139826657292178 0.128739670612353 0.177575591068566 0.07658875042051
0.0685515504506804 0.206701905738959 0.105113132496606 0.104599336073256
-0.064654599765391 0.199680094972863 0.0203667972750154 0.102354127800324
-0.16117372389724 0.11408689310686 -0.0296732011829293 0.0411021147858375
-0.189974704459332 -0.0698310540795167 -0.0269355137658214 0.0452172183790935
-0.101193764797955 -0.243209385199771 0.0449973565602184 0.0965258579475745
-0.00988057944401599 -0.286350915701311 0.0323704542014851 0.226381273692675
-0.0450268679474765 -0.158818279141715 -0.0881052073141416 0.446519954853842
-0.128522813615271 -0.10722246125788 0.147954433598938 0.250462890803426
-0.124723823250572 0.0112137843982846 0.0316022585288103 0.0101878953875393
-0.0679453996633099 0.0803320809166051 -0.0754388719520128 0.0427262884209615
-0.0170819336007391 0.107306138271702 -0.0364574616063829 0.196628740047713
0.0367502690990045 0.10363866130062 0.146515193101977 0.234199328692381
0.0820011409072069 0.0816624611908317 0.254269470458144 0.146139318673521
0.0725392721627875 0.0772661554007188 0.247101023264269 0.0881933801345532
0.0543115243967364 0.0909491824862533 0.209031807824129 0.11270496577405
0.00642546356979553 0.11594379252599 0.119509360629192 0.141626927651151
-0.0618162015176271 0.0808646079641465 0.00881979416791341 0.124395941163064
-0.0819862237059312 0.0101924690672348 -0.0342583333185301 0.0313674877836996
-0.0491807462424003 -0.0492265674826364 -0.0102956684375331 0.0389790960516086
-0.0237092161623182 -0.100914109829958 0.0616667190705329 0.111846215083898
-0.0207382393697792 -0.127802077826383 0.0316983947498478 0.290392285076958
0.0159798256809122 -0.0274258727597391 -0.0349423764888794 -0.332384033030616
-0.0323184000551747 -0.0322758116161164 -0.129763757744016 -0.129181546414419
-0.0519226656753726 0.021045327434237 -0.0313317140908121 -0.0108732638056246
0.00433305106453442 0.0651391308228422 0.0366866366790259 0.00172546235240425
0.0431695250495967 0.025957242901789 0.0379578915485686 -0.11783898282656
0.0457789163957803 -0.0093129332317827 -0.0943923149095373 -0.178423249101239
0.0306966257797533 -0.0377297927761837 -0.206016224326534 -0.143596842557153
0.0280574477723399 -0.0400176058664749 -0.247525263841427 -0.115998409459918
0.0314097314792362 -0.0317938911549482 -0.247223241108569 -0.158487094316736
0.0334966203031377 -0.00329342382587288 -0.160349616772911 -0.22391028737689
0.0230442633237972 0.0260154854015188 0.000986977031405153 -0.215386153484964
-0.0122058298040493 0.0342814891678386 0.0609182368911249 -0.0655034286828756
-0.0374410299529387 -0.0186129144940802 -0.0216087113216674 -0.0578287403697295
0.0198372967073578 -0.0423158034983402 -0.101896292611422 -0.228484726794314
0.0519060040146963 -0.00147726944133442 0.0949015378952009 -0.485266469815044
0.0220494905527986 -0.162468754262513 -0.043823656565989 -0.314057335869847
-0.0914706149546626 -0.135131382320133 -0.129773056365346 -0.118450572975317
-0.136600076157635 -0.00334075665497648 -0.0452789967963552 -0.0137658475965233
-0.0586841329340164 0.127120874472308 0.0305743152517233 0.0153618805189291
0.0313409379815853 0.119921430846721 0.0423639463240765 -0.101519184916542
0.0893960642350526 0.0790996650478549 -0.0715306272638579 -0.165578040945597
0.11727905083153 0.0178802724951296 -0.172574581766071 -0.144954411723848
0.12468991259617 0.00822539977399011 -0.216066658231936 -0.121485002414956
0.128929418751852 0.0290973158743029 -0.216013313785037 -0.154815511327158
0.0994868403239029 0.115057078982938 -0.144421836114821 -0.212217868817909
0.00313016844485519 0.16265533153172 0.00213060205158 -0.200216333974
-0.115650744084524 0.137530454776309 0.0442688068802383 -0.054466740782538
-0.192565238758467 -0.0531586905420109 -0.0444743083671096 -0.0526147233001029
-0.0706730127491075 -0.207101660325302 -0.105485398966373 -0.217927136910681
0.0531101633625472 -0.194552777997854 0.0840939204763425 -0.451234429789556
0.0230705720090997 -0.279921763675093 -0.0608116246950337 -0.250417020102428
-0.153081885906958 -0.22768310909691 -0.120577868726604 -0.0891172246257229
-0.220781366837521 -0.0241795582316556 -0.0542640862714646 -0.0189134856147481
-0.121952867324237 0.187687966498392 0.0179498993344112 0.019818957948512
0.0188286133797325 0.209876905471272 0.034706642156619 -0.0755692581037161
0.124581238812459 0.162121212954399 -0.0440312382418128 -0.128892046429627
0.189388595506496 0.071604085554547 -0.114990821975208 -0.123928689077201
0.202532257418712 0.0551804712293756 -0.150562493415466 -0.109148011278647
0.205808799508126 0.0860695013749265 -0.151844142473653 -0.128515041216614
0.149187540253965 0.21743669271196 -0.107457134820862 -0.168879059676229
-0.0172208699213847 0.279635813561739 0.00327425643991206 -0.158429707343983
-0.205947454111642 0.226044397459011 0.0230972900164234 -0.0373196117912151
-0.327642486342345 -0.0792398302502234 -0.0615854201721841 -0.0383810992268414
-0.155421601749472 -0.347473020371406 -0.0955105537679578 -0.176819015319392
0.0475146938913184 -0.357324183264853 0.0704670779810313 -0.354187935466
0.0143265645922142 -0.367586181374173 -0.0800370748001241 -0.139656823252106
-0.219518916999113 -0.298030343423367 -0.0907301777587145 -0.0366095336654063
-0.303749250300966 -0.0290186109001514 -0.0537829725437878 -0.0235754291139419
-0.174335551778145 0.247708916281272 -0.0028884854677831 0.0214791362299353
0.0104376990429025 0.286395519814513 0.0180343378343246 -0.0317540480878523
0.151630411248614 0.228580329896884 -0.00781712306463462 -0.0661020740182213
0.238786625046156 0.116498105597476 -0.0366661326703476 -0.0825905972952958
0.248074476674511 0.0935455264917316 -0.0627650061646118 -0.0798592966548227
0.247602583176321 0.128550639931906 -0.0648935158667608 -0.0844614287976811
0.173782990367537 0.286467593998076 -0.052954440305088 -0.102461874438866
-0.0332101475271942 0.355520168017609 0.00729477461820695 -0.0923240115517949
-0.262979687636541 0.284190542103267 0.0023760520956787 -0.0127378258854933
-0.414279300743911 -0.0903030184485718 -0.0672808305592618 -0.0152313099289476
-0.214074128154591 -0.431358885507045 -0.0680057439904772 -0.107044734717431
0.0376642576766211 -0.457909403583336 0.0548835009387159 -0.210252160339731
-0.00193585369813897 -0.408729847093496 -0.0943810776019103 0.00910268757292152
-0.270236530290989 -0.329037981261833 -0.035183703756694 0.0371814572333749
-0.357506250251455 -0.0202314183501155 -0.0423633535438559 -0.0260903645571226
-0.20332707379415 0.284162260892805 -0.0305671398365087 0.0271261284975473
0.00564479360295908 0.32736712762334 -0.000814494390317178 0.0316814255974277
0.161533774826338 0.26251422658391 0.0364609893961117 0.0177878093451212
0.255670649736448 0.142785292973902 0.0525654977104298 -0.0250094706236337
0.257192413313321 0.115592692996054 0.0340523195751574 -0.0378838069989998
0.247254875405535 0.151605456846766 0.0285469975202718 -0.0299126079125393
0.166884447939633 0.306513463453121 0.00952219152633594 -0.0247245248170245
-0.0473281957269658 0.366180336973848 0.0147173125370648 -0.0149997375408464
-0.272662876637236 0.285185491369802 -0.0147690383754416 0.0162545133792168
-0.417389674560261 -0.0889508142289489 -0.059600116030545 0.0136536565817269
-0.224919894248391 -0.438126031262905 -0.0271037403927848 -0.0235864424377242
0.0231446367398935 -0.476018538199143 0.0422204004579127 -0.0454646191517891
-0.0201792853688625 -0.38730017806041 -0.10018797572834 0.176489399091074
-0.275208077788085 -0.305236819313534 0.0355814105798868 0.120692319422859
-0.345062446886942 -0.0102737037041198 -0.0221423931677578 -0.020399345533766
-0.195702616320578 0.267289663674509 -0.0570718966655973 0.0370334910302924
0.0010311275664257 0.309191364069527 -0.0173262742766923 0.104910112818863
0.145662656197356 0.252142782270757 0.0847159145140299 0.108085201942398
0.234245657019528 0.145381339478107 0.140649110070324 0.0395233290014491
0.227460542522516 0.12018261618011 0.127047945038389 0.00863480664001207
0.208045110124173 0.151203729911013 0.113850811959469 0.0266581735296606
0.127706530500405 0.277449966182758 0.0662436001977945 0.0488753253129792
-0.058634433707325 0.306682096612988 0.0205351600152931 0.0548079127224869
-0.231808171433083 0.217819125805899 -0.0256226173531844 0.0369470122706064
-0.328870835655838 -0.0842159570630874 -0.0434041011970931 0.0371515953891767
-0.17899968431081 -0.368157343034634 0.0145864310216065 0.0505611612221869
0.00813754393933432 -0.41086080117948 0.0337697794574348 0.108634615688532
-0.0337937098815851 -0.299541564088428 -0.0993635998992775 0.331122470363065
-0.222058916292084 -0.227946777681021 0.10073292315496 0.197520947577849
-0.259784329135959 -0.00186600649201245 0.00335233551979812 -0.00577779703509681
-0.146773662981266 0.190336468402209 -0.0735115652967783 0.0451541222046033
-0.00933618477904283 0.229109304242885 -0.0285955600000485 0.165753203774733
0.101170351923862 0.195897345837492 0.125023193378478 0.186085101567643
0.172946790602927 0.12359522482028 0.211751502458457 0.0994406818401915
0.162541059989079 0.106890362060674 0.201939379103657 0.0530508737022705
0.139513739555903 0.129165354564255 0.176553612708367 0.0764586100378824
0.0688852926493376 0.206640121533746 0.104025023834633 0.106433792991126
-0.0649578080825395 0.199326144112549 0.0184689548653008 0.102009768005715
-0.160477204461465 0.11182145482594 -0.0325036363262821 0.0416387539307185
-0.188435921027018 -0.0724239117744756 -0.0262369029045856 0.0464288168128614
-0.100009576015476 -0.243965143298392 0.0446270324258953 0.0953634483754111
-0.00508285228770043 -0.284460935868058 0.0295218402442346 0.224402310118645
-0.0407407885927192 -0.159028089518741 -0.0959436028173755 0.446333226233856
-0.127321686548227 -0.108742213101886 0.14426937137574 0.252529991368909
-0.124389035539059 0.00883780468692606 0.0306782179959306 0.0128296935517646
-0.0692915436825516 0.0795257693906493 -0.0759327522062429 0.0433307697461864
-0.0174708051682133 0.108124432475909 -0.0378989687158201 0.198840525335359
0.0370042693422841 0.104880040836098 0.145642439044772 0.235478443963279
0.0813959850676769 0.0813910843284189 0.252502955651168 0.145590600299544
0.0722179057571337 0.0773515115424388 0.245924089803251 0.0875275177403616
0.0537686633156514 0.0915397599431313 0.208662229551997 0.112776634276717
0.00653990478036598 0.11565650182454 0.118747543104092 0.142616506010427
-0.0617424436811492 0.0805201028551917 0.00748133245067527 0.124738654253792
-0.0810567377394534 0.00888609623738424 -0.0370006876903933 0.0312584869663042
-0.0479367075940223 -0.050136732621134 -0.00956931096508204 0.0400482761544154
-0.0237659650726791 -0.101099251690779 0.0612762181134771 0.110842324703082
-0.018019108954957 -0.126826770069611 0.0288727661310683 0.286842381664399
0.0153333361064971 -0.0277431672358936 -0.0306683939110021 -0.338747313702598
-0.0330928240758024 -0.0328841236418486 -0.130477745771719 -0.132472407608304
-0.0525221986423356 0.0212029785622354 -0.0319786755103204 -0.0116865405233939
0.00499473031286178 0.0663676569630635 0.0380988885465985 0.00269084359443245
0.0433348544862138 0.0260768630373854 0.0394726888298629 -0.12032621126379
0.0467062676954089 -0.00991125533259717 -0.0952612147741419 -0.18284568239482
0.0317865375293153 -0.0386769941624891 -0.208280757271712 -0.147184327792421
0.0283177342882691 -0.0406480711210645 -0.251395323998185 -0.119865986342349
0.0322523857814859 -0.0327579307061779 -0.25214998574939 -0.162539514503191
0.0341114737468517 -0.0034804927960356 -0.163235395156447 -0.228646298255759
0.0241300227965299 0.0268617942826887 0.000814025062752946 -0.220340784978963
-0.0120900140524253 0.0354927098592177 0.0627218170887996 -0.0671990962123235
-0.037641933207229 -0.0185570541456036 -0.0216968153702257 -0.061339988060817
0.0212285204843275 -0.0418860988625233 -0.0998845058782165 -0.233027527518129
0.0532072071681542 -0.000146024738847794 0.103148503252923 -0.492048354671767
0.0243875987486367 -0.165469714774029 -0.0397523926246018 -0.319799927335934
-0.092128143518964 -0.137918264147354 -0.131132570824563 -0.120456497312155
-0.13851114689839 -0.00516310831768776 -0.0468794697581529 -0.0146641452705607
-0.059199160678866 0.128390417342453 0.0314652456961081 0.016189068873124
0.0318353498923487 0.122008510247563 0.043496768082752 -0.103007246828419
0.0915803201376429 0.0806672892446221 -0.0723505438196161 -0.170087606514755
0.119240104484265 0.018611359987795 -0.174883304238298 -0.148492955067113
0.127127411569864 0.00873277842470363 -0.219228852061755 -0.124747556047113
0.131631226804265 0.029868457009684 -0.220616562016129 -0.159192232192299
0.100937883876615 0.117127323075993 -0.147624450742756 -0.215329088103135
0.00320700910679677 0.166548215592277 0.00154298547290916 -0.20515223605341
-0.118339515980204 0.138218820893341 0.0450814384559254 -0.0552133913253442
-0.196178413562438 -0.0557343575170318 -0.0446886963193158 -0.0568664446126117
-0.0697649737717469 -0.21221855064771 -0.10369781537433 -0.222395803054007
0.0586432060241646 -0.197003992829873 0.0920073438551876 -0.457193833093457
0.0276672877340992 -0.28548570886176 -0.0577450569376761 -0.25488392650487
-0.153473270208747 -0.232345902924242 -0.120542819940308 -0.0899081285843083
-0.223899876968485 -0.0275693538065648 -0.0570319152929755 -0.0191677149742491
-0.12408582097135 0.18901056108698 0.0186360759697487 0.0208975330533059
0.0184253305408433 0.212970830258614 0.0355953599189808 -0.076132997605149
0.128007174151865 0.165622164955248 -0.0434969216707487 -0.131762539117726
0.192654695030157 0.0741431381988723 -0.116886506325621 -0.127667345708067
0.205753737609677 0.0570909336498923 -0.152710321444134 -0.112029476732059
0.209092371081208 0.0884100987355551 -0.154979595045021 -0.132357844881358
0.151565176052136 0.222416115395199 -0.110411949749692 -0.17030179040743
-0.0181505503540583 0.28611463609473 0.00179934548114798 -0.161818781997808
-0.211417601615665 0.228175483389247 0.0223183107850507 -0.0376056187327572
-0.333771010999408 -0.0841604244539107 -0.0615463514044664 -0.0419122108368151
-0.155606364635862 -0.356120013148672 -0.0940449894804068 -0.18065915945363
0.0559277667291739 -0.36345852825443 0.0745129168488207 -0.359420041686503
0.0218136973189242 -0.376473102474093 -0.0792572109489887 -0.141887581978906
-0.222378380101543 -0.304471893576249 -0.0910440472517752 -0.0355346346932968
-0.308423071048848 -0.0340712356562661 -0.0565402200856672 -0.0234505199029517
-0.178373602690037 0.249428396938093 -0.00235982111233148 0.0219923283186666
0.00922389417687752 0.291736710734255 0.0175756029426531 -0.0310725198314187
0.155093863364049 0.23388903429346 -0.00788980869430375 -0.0670231414842594
0.242606949965556 0.119628362235192 -0.0382442317677714 -0.0858664323019962
0.252615025642814 0.0956575573439638 -0.0637518667180994 -0.0818155266446371
0.251167838631798 0.132425079523656 -0.0670610392588156 -0.0868579402824286
0.177511750156277 0.292689262275549 -0.0552030998154698 -0.101526366590844
-0.0359686320737683 0.363737484427203 0.00464943296078833 -0.0946932094789752
-0.270037892225127 0.287564162654564 -0.000307124745220259 -0.0125444947948825
-0.42127266611912 -0.0969721554646015 -0.066728396426169 -0.0175584553362549
-0.212964456785753 -0.443744366410281 -0.0676732697437321 -0.109949470515483
0.047598376790826 -0.464896659390799 0.0580513584298041 -0.214378252207942
0.00626399007069582 -0.418148789416177 -0.0964490230646958 0.00964881903819536
-0.272603274018162 -0.338028650165476 -0.0352230503175959 0.0402896216405971
-0.364026289869757 -0.0272526036111293 -0.0451034344453633 -0.0251513357657317
-0.209129091957309 0.28659416252662 -0.0305028562212018 0.0269627392432674
0.00498487037516018 0.334207363266023 -0.00235629282251962 0.034118634932465
0.164934305238804 0.269364638811136 0.0375533983551962 0.0192492500500382
0.2601327031727 0.146202892609226 0.0523728714369818 -0.0278625638441741
0.261886257859825 0.119338022556247 0.0350982394876692 -0.0389467643512863
0.250979002463215 0.154760399944472 0.0280561169474836 -0.0308541193115066
0.170089517040955 0.314676268905642 0.00838266734915371 -0.0218288516676981
-0.050136173165868 0.373847626279255 0.0119768625667586 -0.0151558706602087
-0.278458239583102 0.287399142543072 -0.017896371449987 0.0169501099357115
-0.424447871798361 -0.0969975540288481 -0.0596884780760191 0.0132578725007265
-0.225161552102404 -0.449611465099127 -0.0271762065945932 -0.0247010982495092
0.0329564847646012 -0.484175010335155 0.0424298211072857 -0.0475635297011205
-0.0123507717088056 -0.396002379895106 -0.104553836959826 0.180249231677098
-0.278701446046689 -0.314054863075125 0.0361545675013706 0.126926467237955
-0.352338538902621 -0.0161515254002146 -0.0241659704501322 -0.0189577426100214
-0.201041278923469 0.269837192138113 -0.0577493069439125 0.0373442853581753
0.00017949864327788 0.316176423584114 -0.0187252073919344 0.109114851538783
0.148298678445143 0.258722031768611 0.0869925944649872 0.111270376457861
0.238407630689714 0.148650089826145 0.141213553023693 0.0382401632577134
0.231355471816493 0.123465282332664 0.128624864873776 0.00997235436515936
0.21186603710943 0.154781527121232 0.115008781983952 0.0271766102923503
0.12971885956419 0.283351983530774 0.0666121065437686 0.0525092810804644
-0.0599375810667745 0.312445009917875 0.0183501243187625 0.0560403232322165
-0.236449363839221 0.218462668018361 -0.029628173982706 0.0386464974654725
-0.334019476670415 -0.0903011797363289 -0.0432242864551884 0.0382061615895316
-0.178492481799659 -0.377059348110508 0.0142770921227117 0.0509968926299714
0.0172259738778661 -0.417086682555602 0.031863832337064 0.108726575854278
-0.0281907197639189 -0.306816457687777 -0.106470207979921 0.337968329129824
-0.224511473709865 -0.234596836053863 0.100432269064266 0.204483963530896
-0.264272892458551 -0.00710664434214069 0.0017671447211593 -0.00392353149921386
-0.151918066817841 0.192110219548467 -0.0748477521243535 0.0455976363996413
-0.010124020618174 0.234393757539065 -0.0313390879993622 0.171944577318322
0.103320672221211 0.201793435861273 0.127909967815069 0.191171103293794
0.175642562667206 0.125978519506183 0.213969902656275 0.100537764642063
0.164900556148518 0.10943762095744 0.204798642287753 0.0547602330839546
0.141444873161637 0.132380548332491 0.179107430280847 0.0779487996912813
0.0705097871607283 0.211266528532408 0.105311240146192 0.110551503059955
-0.0665596368782615 0.202766603086749 0.0168632502212538 0.104537452756551
-0.163091328842628 0.111719831489703 -0.036326246707973 0.0428456359750809
-0.190891949404151 -0.0762070973847142 -0.0255919509107319 0.0483045284320255
-0.100313176816828 -0.249230809087598 0.0451870187303648 0.0964028439966375
0.00101006011456989 -0.28816228739769 0.0271134628277466 0.225543913680159
-0.0379354551621361 -0.163176589397944 -0.103252035352958 0.453826039095309
-0.129393432925952 -0.113028498218543 0.143589472949496 0.260638742279206
-0.126299231032769 0.00611873748919678 0.0303814171275169 0.0154503068891616
-0.0721145041096821 0.0802121567342891 -0.0776124441154433 0.0434420213999746
-0.0176465018154255 0.110185987295861 -0.0401113157556709 0.204662295449625
0.0377735614583019 0.108158453654486 0.149341490169354 0.241520441933847
0.0820563777661066 0.0833165037572896 0.255380465428177 0.147502265320226
0.0730534562482976 0.0801842021418677 0.24929205646576 0.0903281117507908
0.0543153328878891 0.0934630133327541 0.211918288627168 0.116006260867669
0.00655256826633802 0.11788790203054 0.12017592654664 0.146218055818686
-0.063173833299491 0.0813319991006466 0.00651356900282921 0.127268599285499
-0.081942676162276 0.00808992065004814 -0.0395917801957158 0.0325223326332815
-0.0478766077195112 -0.0521789871653995 -0.0087086481811175 0.0427991845576051
-0.0239091680431552 -0.103118574245371 0.0617859568592403 0.11112482502284
-0.0159171425424834 -0.128376955868926 0.0263273659112473 0.289694763553246
-0.00486581936228108 -0.0333459235244165 -0.236146102396505 -0.261123257404472
-0.0466930170347586 -0.00649567153373912 -0.190324997436286 -0.027405786507154
-0.0306311743699859 0.0483348645319442 -0.034626145768876 0.012231149074067
0.0427608321852067 0.0504656187639369 0.0371634375372568 -0.0204219387456308
0.0504166827128937 -0.00403201169343424 -0.0420678176499817 -0.123717336171489
0.0314265311966125 -0.036211217444516 -0.19170195054621 -0.0913303986160656
0.00222439408875876 -0.0495268063828582 -0.264402229923734 0.00794528502027961
-0.00307742390543483 -0.0512747312472036 -0.280603934175024 0.058688570435472
0.00359484861333661 -0.0471751426010098 -0.310919545663331 0.0266283212613069
0.0244385731917761 -0.0242920690484779 -0.279427961394246 -0.086135212506439
0.0365616084737944 0.00573620821991821 -0.139821988940393 -0.18151453377945
0.0115041523602341 0.0367171633628358 0.00932295649306296 -0.0964086322381648
-0.0452791093477311 0.00821428109702467 -0.059273853204347 -0.0379404613967313
-0.0121897453770908 -0.0503124590744496 -0.230877981222168 -0.127745744330588
0.0463861594085831 -0.0412940596114654 -0.229467775688232 -0.475613900174978
-0.0755220752017195 -0.155876870133585 -0.241108377996069 -0.238704375865723
-0.15534551626634 -0.0584208117644557 -0.187619591843062 -0.0187552399499846
-0.118001380868766 0.0767592532246983 -0.0521647566086269 0.0222196769966741
0.0264457897647435 0.137865810200604 0.0408893720130374 -0.000371420490138922
0.0982412835439379 0.0807490279563346 -0.0254332950624362 -0.110272717379889
0.123062762857035 0.0104101036104857 -0.162074344946075 -0.093093081254733
0.108265755043774 -0.0572334986552597 -0.237458155404853 -0.0150047374903826
0.109044828898789 -0.0716705780543888 -0.258193784923746 0.0347116822370956
0.126405639740395 -0.0580445275864506 -0.283408429025749 0.00972388988668262
0.157390521344173 0.0338716616899817 -0.259003559638688 -0.0842608393312675
0.108854193861005 0.137001993191891 -0.128920860816486 -0.1695783271157
-0.0141322349001933 0.190344790469722 0.00309902743889832 -0.0761724957644244
-0.20684664685075 0.0780772728843761 -0.0721693272141306 -0.0199657735812989
-0.199517383570363 -0.135412018048393 -0.222304493200978 -0.120259326093605
-0.0759388955410842 -0.214245730753732 -0.209212742721728 -0.433669480604839
-0.140869722461256 -0.260793058748667 -0.224012692405279 -0.172754146792023
-0.260033182719714 -0.100146376908972 -0.164755816159556 -0.000241373788597526
-0.201331230093475 0.108022609526314 -0.0654454082594201 0.0283257396608746
0.00836803738666402 0.224197575253014 0.034008498582413 0.0149864967356068
0.141493516611277 0.16313438068185 -0.0134054863546041 -0.0809719516950837
0.205359568119173 0.0577169863237866 -0.112729607617855 -0.0781074003272899
0.201767866245317 -0.0570465382111135 -0.175457953026793 -0.0350321960913095
0.205024920840357 -0.0816188149911793 -0.19623896797665 0.00443015619539352
0.228789759117139 -0.0582868487533021 -0.214212724507542 -0.00844460303087579
0.267070735241341 0.0894864002635699 -0.199896862155907 -0.0696823803061707
0.167140970257218 0.252002551861853 -0.100185758601511 -0.134795260908472
-0.0374226864361686 0.325087375045281 -0.0041407769513557 -0.0474353438947579
-0.345201466425027 0.143467490467297 -0.0745047930786803 0.00237798296147063
-0.365322347945254 -0.203306453878464 -0.183836767682795 -0.094971695171887
-0.184743589258301 -0.354562977783264 -0.155021426952923 -0.338257375081399
-0.197138221828878 -0.333597104519534 -0.17771122100155 -0.06542557470637
-0.357583024881892 -0.120737462368741 -0.110169245791589 0.0257792027684992
-0.27651646209074 0.152261910945799 -0.0702077058968621 0.0281850245892155
-0.00115828415683442 0.305566833984858 0.0180722108028575 0.0326420546776225
0.181591113011135 0.232480362367528 0.00164175641398604 -0.0320857917539098
0.27042226116819 0.0965143199810092 -0.0408202137267002 -0.0459373173110277
0.27065655633607 -0.0513812813709111 -0.0835150469423518 -0.0498799233605215
0.268897474465603 -0.0785961196549721 -0.104922308047953 -0.0261346971986293
0.29269837073823 -0.0476154851885732 -0.113350612274317 -0.0265945831358507
0.334345559743279 0.131699096638121 -0.110697319715459 -0.0472352773058948
0.201351447287742 0.328574866952459 -0.0546209530459214 -0.0814542361069451
-0.0509013197719551 0.411236537538428 -0.0063531094303404 -0.0118416690556636
-0.429226741627638 0.190107321757488 -0.0613859525361831 0.0256685307518771
-0.470511603237845 -0.237912853067801 -0.114029633254282 -0.0555844030712455
-0.257985609413705 -0.435340928598223 -0.0726259813946832 -0.203614211243177
-0.233709311368504 -0.361684088366374 -0.101769021057563 0.072119047637007
-0.418494199914427 -0.11816138199952 -0.0198738464024283 0.0551518303562355
-0.318856587511414 0.190104709482611 -0.0621537506754635 0.0228246035118716
-0.00541945492578881 0.354121277771723 -0.0021528008167675 0.0563222950226888
0.203245580682066 0.270572008541963 0.0268842557995487 0.0351569440435304
0.300987402504914 0.119167490430917 0.051764973017459 -0.0028661269517958
0.301168524664636 -0.0406389886079963 0.0287251960115819 -0.0584006833521274
0.29034138214949 -0.0653338538020625 0.00326775271086219 -0.0527360809779754
0.307830054362376 -0.0286831431031282 0.000397570523235394 -0.0402471511653526
0.341965120617 0.154282320781378 -0.00736570252603769 -0.0214043825734625
0.198003394517011 0.345973998136068 0.00174384727471945 -0.0208059189576843
-0.0577478460685381 0.417042844760456 -0.00272343973381123 0.0242521594671455
-0.430443453440809 0.19202643208406 -0.0349865218435483 0.0461548854302741
-0.484097004424014 -0.237022804591642 -0.0245151138102584 -0.0109606847076432
-0.281656726893657 -0.440497522273564 0.0230191325221147 -0.0533566668446929
-0.236263953214885 -0.331917768896021 -0.00189429469302109 0.21959121036721
-0.408816288353929 -0.0959754256501421 0.0918392825668472 0.082711398037112
-0.302302393820086 0.193121760876473 -0.0401083036543926 0.0147941203433326
-0.00812033622422297 0.337671355581042 -0.0186411278080282 0.0817123758462041
0.18890755703043 0.258897586744702 0.059467162611349 0.106945012151726
0.281611754003907 0.120587943171841 0.149701827276424 0.0422078245774323
0.284578611419058 -0.0255301264424848 0.144643889899292 -0.0598987460669991
0.268650359638603 -0.0427513894945796 0.110244689256485 -0.0720936893815016
0.274824207803604 -0.00453177461158645 0.108436993823261 -0.0473799227491284
0.289678891278117 0.152845526243458 0.0882599987677849 0.00421482435209707
0.14925737499474 0.300993839318371 0.051573190186739 0.034255777283881
-0.0644221588158853 0.332098052910292 0.000768677001030589 0.0505866419767084
-0.347676287584559 0.137872494232416 -0.00615850381161129 0.057536884520078
-0.395913689360029 -0.203509747499971 0.0555291176768542 0.0246380513588427
-0.251478018518627 -0.369045134786939 0.112179450856376 0.080987691221964
-0.197804887105538 -0.244665992032456 0.0995587218923764 0.351019803083189
-0.318829570714614 -0.0629139847130689 0.197039423014716 0.108266228209111
-0.225087254082356 0.148326307316995 -0.00623107573599125 0.00828574218760287
-0.0135193469958724 0.245577508779505 -0.0303782267670457 0.0956343562757748
0.132806699360592 0.197133731681613 0.086456179635418 0.164949519855219
0.209183618046992 0.101195740635724 0.231069844717208 0.0810561846351758
0.219864844786292 -0.00654407980240072 0.242694319562562 -0.0536898841761971
0.205609351411752 -0.0130394681059118 0.201101326984774 -0.0821161326207618
0.203094707596597 0.021077272601412 0.194625376014365 -0.0470368535831566
0.19395142065636 0.130610506514463 0.156437918674217 0.0264565812008736
0.0742460787196387 0.212522608097735 0.0809178315914376 0.0749431660536479
-0.068392232771665 0.195387772524985 -0.00259758855591597 0.0595856478199699
-0.213609434957267 0.0576017548934522 0.0142610864805205 0.0551123604780976
-0.245463148073241 -0.144890483049647 0.106186003847262 0.0448381656010241
-0.183139450298687 -0.244702202687009 0.17826709631049 0.177497700945064
-0.122956135520383 -0.115971749366932 0.18296578434122 0.443416238138398
-0.169632234159618 -0.017859283842811 0.27219506514142 0.128221854724055
-0.101893538891348 0.0783364311282014 0.0333103073039863 0.00162729977086409
-0.0132066136337812 0.108770969818957 -0.0364608603319011 0.0898341209697719
0.0528485199134672 0.100393316060386 0.0970085653673104 0.195068574444834
0.0981902497134805 0.0646481862738205 0.276810509427781 0.108232515708061
0.11715817073377 0.0156918042027538 0.306426574136177 -0.0397337145265045
0.111352138717045 0.0199539932379397 0.260407946517833 -0.0806759020726983
0.106552622479543 0.0435034255024374 0.246587767756693 -0.0378886970081825
0.0822584552426571 0.0932106698504831 0.191000496109476 0.0458359061329431
-0.00105981765479945 0.109014040339947 0.0865789930918304 0.100774180346067
-0.0645356413271199 0.057622892085395 -0.0127814238616359 0.0534064535241241
-0.0746816021364887 -0.0143374317852452 0.0226611166327667 0.0406602473011442
-0.085606694329641 -0.0699763918402452 0.125142342073341 0.0489496903458268
-0.0950199456820089 -0.095316665329977 0.213201829913053 0.225864550938098
-0.0059383252920109 -0.034011564014174 -0.254461932556735 -0.265378403583818
-0.0486731446079551 -0.00474631691840599 -0.19902331840405 -0.0217198740239836
-0.0302219952741193 0.0513173019331484 -0.0363004312014536 0.0136457668013846
0.0470050984775513 0.0500961221067415 0.0394420162766626 -0.0224138589108639
0.0522445639723045 -0.00597981332104362 -0.0476674893430726 -0.127533102469837
0.0306012090359913 -0.0396557272525911 -0.204611349782536 -0.0880491966193185
0.000164914132152518 -0.0521639858450782 -0.274989779637334 0.0176819607354789
-0.00579870877238342 -0.0532553860652042 -0.288983930295988 0.0710436577748075
0.00155466581834771 -0.0498986943557247 -0.322421854667919 0.0401262486703519
0.0248996541192068 -0.0259109829761347 -0.295709404166998 -0.0782706205156229
0.0397743174026652 0.00414842643041346 -0.153882009767787 -0.183979317390693
0.0138312928415748 0.037534683127914 0.00551907315293601 -0.10212633734302
-0.0463955305495434 0.0106941123951721 -0.0654362287294627 -0.0390090170651386
-0.0139528100749627 -0.0519307791815545 -0.243060664249776 -0.125716153941836
0.0467407512734931 -0.0446785410461749 -0.252008082225409 -0.487890743262759
-0.0839164717661327 -0.161392064578394 -0.258106970154676 -0.242453699272802
-0.163476342916943 -0.054783892871304 -0.194155247080861 -0.0127246815693402
-0.119800722020311 0.0827716084433045 -0.0546703685187573 0.0256121486822979
0.032649746928149 0.140999901806942 0.0439415320868227 -0.00274469423104127
0.104922293270733 0.0800872207436022 -0.0305005721422532 -0.113400718856133
0.128976441857663 0.00541109038364879 -0.172911186891928 -0.0911989144624105
0.109888232843782 -0.0648646494481007 -0.248037107907814 -0.00663285172398089
0.110438710175295 -0.0794107369426385 -0.267362992678881 0.0455523279531311
0.128758340159782 -0.065982515402088 -0.296120831451406 0.0219692590018043
0.16621784704426 0.0292703183153959 -0.272842696687498 -0.0767283893118494
0.120070882715828 0.138668866400791 -0.141878752507434 -0.171163100003848
-0.00804860494472552 0.198619032892426 0.000523012134674095 -0.0793582321073674
-0.213439588277959 0.0894393824478058 -0.0776796317863385 -0.020346720468946
-0.213256730529474 -0.135518082216177 -0.234052033247549 -0.117688379585638
-0.0844130882869907 -0.22311076074598 -0.230102015406951 -0.444914187041509
-0.155163295366364 -0.27017698238433 -0.237348963765361 -0.173746308660494
-0.274709761511366 -0.0949492064736308 -0.169052660947888 0.00593963627730957
-0.206913294238391 0.117772660846385 -0.0688453622107375 0.033345759980136
0.0166167246160176 0.231689939786263 0.0373312550235227 0.0135325651075053
0.153719976258219 0.163698217544644 -0.0170973803661967 -0.0827488382196983
0.217272952655016 0.0512171490561395 -0.120826750708271 -0.0773902133109406
0.20796109584196 -0.0687866352835736 -0.185470285455347 -0.0296324040870049
0.210167380101551 -0.0928685673309025 -0.204344472929741 0.0117067629680839
0.234822019232423 -0.0703590994125161 -0.22418826664112 0.000503786854364851
0.282746079325326 0.0828375780875782 -0.209668026527103 -0.0637900905910413
0.185456490199282 0.256249887890233 -0.112302899238982 -0.135388429786326
-0.0275886491338913 0.338788629846615 -0.00589826691843767 -0.0479366258856409
-0.356257429998259 0.161023006238139 -0.0788287222274796 0.00334646580926899
-0.388351195723461 -0.201407054261305 -0.193398116763482 -0.0922760417965815
-0.200160866241324 -0.367508102989926 -0.172717693727196 -0.347410622092124
-0.215730620024391 -0.346147809200126 -0.185784029865379 -0.062734074874594
-0.376021434808354 -0.112477138959169 -0.111261266306828 0.0307967794833662
-0.283601637168952 0.165765285833797 -0.0729995210804783 0.0340135326298605
0.00980500916169664 0.316995153193112 0.0206086254191761 0.0323504196997641
0.198377236953239 0.235133085051224 0.000995730937223062 -0.0318472287755568
0.28638241265335 0.0888153881546586 -0.0439380411386043 -0.0471691869120678
0.279626623660231 -0.0648225633186962 -0.0912381605292852 -0.0490129981021847
0.276814319634418 -0.0927357024822204 -0.110228859631564 -0.0235657530103702
0.302093351818841 -0.0620219168171976 -0.120293378412495 -0.0223196228788774
0.354608610391004 0.124326053743051 -0.115221597889463 -0.0427483331522188
0.223419670582069 0.334750288468992 -0.0626669053152891 -0.0807133904376972
-0.0387947043202566 0.42990181822612 -0.00735886160741323 -0.00945779546900954
-0.443001073670204 0.211665267482054 -0.0634190901055228 0.0268650858672085
-0.501131472131194 -0.232969605712503 -0.11908332523262 -0.0538035346788472
-0.278781613900337 -0.449807564518707 -0.0829476749288218 -0.208139560184017
-0.254072486942308 -0.373812377055554 -0.102173108172864 0.078161445174587
-0.439777192905289 -0.108251021268894 -0.0158860160848172 0.0587551854448739
-0.327540099145176 0.207223103424796 -0.0649150737180246 0.0285416933949641
0.00702967367948156 0.368667303192128 0.000920148040346189 0.0575063539416218
0.222923138465074 0.273928964991878 0.0300513335143393 0.037901146740088
0.320029535886101 0.112001054411172 0.0548629634376253 -0.00611483128715542
0.31147282409931 -0.0549678935186575 0.0252567426904749 -0.0620875368783919
0.300068447644713 -0.080026767479618 0.000615036177359777 -0.0546587432537056
0.318671120060332 -0.042257914599771 -0.00189652989242782 -0.0411882861815583
0.364073309369413 0.146804198443202 -0.00568185911984457 -0.0197855196036229
0.220499518682513 0.353035863371707 -0.00125994697443324 -0.0189514010433834
-0.0467269883626121 0.434812199350629 -0.0027935410963116 0.0288222267861659
-0.443756577424786 0.212289054811083 -0.03377490675117 0.0487368580031933
-0.513818336353282 -0.231919922316088 -0.0261559298863502 -0.0112007533193138
-0.303249485361101 -0.455010941269312 0.0200864184490319 -0.0554496204244035
-0.256661493135161 -0.342196446943512 0.0064196956576084 0.229782846523897
-0.430672022316026 -0.0858019493231021 0.101942903348377 0.0837699777503572
-0.312208909362979 0.209658194813852 -0.0408985836725354 0.0202279394877613
0.00326194044373047 0.351778525086519 -0.0167942883291418 0.0843618395000245
0.208232522708843 0.262343416236776 0.0672290720529304 0.110989549672997
0.300404980712455 0.114149623901633 0.159449264179974 0.0369449761619379
0.295512476776136 -0.0383193072073504 0.145151550475108 -0.0684758175830309
0.278104468957275 -0.0545870837744633 0.111710350709231 -0.0785178872825228
0.286131431863273 -0.0161148103599198 0.110670374030018 -0.0532497032598521
0.309013683707518 0.147708993708181 0.0945229544825293 0.00232575149895565
0.168123270577488 0.308034960477449 0.0538823762127972 0.0359639494514883
-0.0555745330933534 0.346265242828677 0.0020641478460337 0.0557352221931537
-0.358204522618253 0.155069543591706 -0.00256245822395749 0.0593916175452488
-0.422536938462523 -0.199089925135685 0.0585502817861562 0.0236541564890233
-0.270394271185148 -0.381092577087353 0.116850066343339 0.0812428654221026
-0.212946986236171 -0.25204172807928 0.11556311442664 0.36442122193142
-0.335100098215491 -0.0553216941647249 0.211479644411912 0.106971010038448
-0.231256974153655 0.161309449861635 -0.00582444485007238 0.0112018451040698
-0.00637127346483797 0.25713778213954 -0.0278173400728608 0.099976668057135
0.146481380349879 0.200066656468614 0.0973961265995579 0.170009694182814
0.223655906232985 0.0972243025999965 0.246178693349618 0.0746900997376211
0.228705338909074 -0.0153229636846139 0.248539363122433 -0.0656007122784758
0.213176617392636 -0.0214248416295 0.205574193005346 -0.0929723333107963
0.212831021726382 0.0137915100615247 0.200616655812913 -0.0560852239751576
0.208132108439992 0.128029068542827 0.165723717360576 0.0224069417891586
0.0853022661135355 0.219294855701123 0.0860490982757683 0.077060510539842
-0.0643025791891954 0.204669408881382 -0.00133811757778207 0.0646280220580979
-0.221088426301368 0.0660888952457096 0.0191708497740971 0.0562829616403117
-0.261243972439411 -0.142582547365742 0.111615388492853 0.0422500011103152
-0.195532392374727 -0.251314763024977 0.188555820934322 0.178578955994907
-0.130958130916801 -0.119295753943259 0.205114385694515 0.460124665542412
-0.177882903863885 -0.0133720925679885 0.288820017610318 0.125482266812627
-0.104882437988818 0.0844259595889197 0.0358575229611502 0.0023663487130907
-0.0103485331629662 0.114466241445302 -0.0342942759743961 0.0956015571882758
0.0591286732406346 0.102681312040392 0.109894119798399 0.201163533323198
0.106589189092004 0.0636278176199286 0.295445341661808 0.100930889966524
0.122498535404584 0.012607916892306 0.31551131798175 -0.0536751478109701
0.116844307417191 0.0167225442275836 0.266961669745415 -0.0937232977378108
0.112543713218715 0.0412839564060177 0.254820610025956 -0.0490387661849468
0.0895195648920975 0.0935366060287905 0.201551039261024 0.0399986507729149
0.00293473923882604 0.113471298298911 0.0932336704949688 0.101562114312664
-0.0652435077551633 0.0617834474822862 -0.0123054206172888 0.0582645823278184
-0.0783168463659527 -0.013140078260086 0.0275450186546105 0.0411561777406768
-0.0918421767637536 -0.0695360785957962 0.13127319780787 0.0451028592028365
-0.0998814177271729 -0.096882535967309 0.226531923515944 0.227512177698967
-0.00889760575776103 -0.0342429441862651 -0.274522748641959 -0.257953234382777
-0.0498176225474773 -0.0011234016930139 -0.204202842105159 -0.0093829405704026
-0.0280254250972115 0.0542918941649413 -0.0377172397552041 0.0162732598477829
0.0510686454940806 0.0474629648987039 0.0402757622166486 -0.0262160372968285
0.0525955655852293 -0.00866752467516614 -0.0566270765292678 -0.127312684714831
0.0278703720376795 -0.0423493266643681 -0.215949255735548 -0.0768332796428007
-0.00353473277470082 -0.0542416233766543 -0.279231441033908 0.034428996050363
-0.00994344562047531 -0.0543491810976294 -0.291315936140093 0.090266801260479
-0.00252905767656838 -0.0511562082952502 -0.32813424569339 0.0622924075951892
0.0237414268048217 -0.0284432575737454 -0.30733507451509 -0.0605625163284183
0.0417687736482607 0.000669270350715583 -0.170097815253392 -0.17808605294767
0.0166521445144925 0.037624888788133 -4.82307308374967E-05 -0.105600598698167
-0.0463506186289753 0.0141892783955501 -0.0720505202918004 -0.0374670729324855
-0.0169301550840542 -0.0524998272278349 -0.254217854583826 -0.115913986515542
0.0455887621289411 -0.0485359203076735 -0.281194077039195 -0.486344482455583
-0.0952644122514253 -0.161249866828686 -0.277056397179452 -0.234089543062471
-0.170127078113778 -0.0457500980691736 -0.197482272269269 -0.00126477484346459
-0.118126101856326 0.0912937062661314 -0.0557843428564706 0.03030924685335
0.0418743005960303 0.140926938562574 0.0460421575716562 -0.00658369493807497
0.112402565641916 0.0755076055260567 -0.0376733143922461 -0.113687279672102
0.131764135785935 -0.00350121977269872 -0.183309666671305 -0.0820932433451236
0.107775711283885 -0.0737963122343418 -0.255042115614192 0.00858474395732602
0.107226488416105 -0.0882441276719409 -0.270537969966621 0.0627273815400507
0.126415084344875 -0.0753295109809819 -0.301890613097602 0.0420215742227639
0.172653121005425 0.0191783793412505 -0.282942381185591 -0.0594823717701776
0.132093289140091 0.134261151996236 -0.157749967812315 -0.165590678398221
0.0037203347992938 0.203161241883014 -0.0045592553521594 -0.0817852419983471
-0.213802151994231 0.104111252269565 -0.0827216597738287 -0.0172114401599782
-0.226304307381549 -0.127063808324301 -0.244097332562546 -0.108394972604225
-0.0974104825717217 -0.225932366752183 -0.258992629861876 -0.44291184248583
-0.174110641494055 -0.2696844927255 -0.250563693113746 -0.165812527533069
-0.285985184790466 -0.080080071665112 -0.169963148182445 0.0155927262435717
-0.204948863776465 0.131210789281177 -0.0690281164832115 0.0396632154203936
0.0311540572880393 0.234000154136438 0.0396931270067708 0.0103584911410328
0.16745106781236 0.158120948214051 -0.021987901494076 -0.0830701240739048
0.225506351687648 0.0371630172821594 -0.128813627541037 -0.072005480894712
0.20704562461216 -0.0839519258151524 -0.193908917516006 -0.0188074416956483
0.207779181402122 -0.10865782656974 -0.207843943347182 0.0244547478123021
0.23491123123394 -0.0868163156603243 -0.230155175548287 0.0158618657806582
0.296016020451771 0.0671348611890162 -0.217083574079656 -0.050856264057678
0.207208164134683 0.251513138008891 -0.124827407889395 -0.129100882874915
-0.00917393427675059 0.348188108741051 -0.00838930938760191 -0.0479061383694438
-0.356216288316247 0.185418236203641 -0.0817662726754754 0.00660266287318876
-0.41040416569955 -0.184579890561949 -0.201331803198439 -0.0838684711136827
-0.223186604663487 -0.370152512240853 -0.194446743366906 -0.345378975255236
-0.240636296826005 -0.344898669603706 -0.192461874907554 -0.0545127082609954
-0.392110891748568 -0.0932472428778446 -0.108797775148953 0.0379852190204604
-0.281978572852379 0.185166425936581 -0.0735837597092688 0.0411763088772432
0.0289371864528121 0.322505537586679 0.0235712168082756 0.0304825442763506
0.218340612043909 0.227416791873356 -0.000885851027472133 -0.0313581038721632
0.30009249202508 0.071214912497275 -0.0479606464761402 -0.0467975713449037
0.28114175224225 -0.0847714073322406 -0.0988631034243796 -0.0439652478305274
0.276053753883609 -0.112742908928574 -0.114365502912049 -0.01710226516236
0.303495134927257 -0.0825501819129051 -0.124965640989673 -0.0134565139485555
0.372274914338881 0.104934388392364 -0.118497547685998 -0.0353812286868073
0.251902636330503 0.330555271958573 -0.0714978197336415 -0.0755226694910555
-0.0144719916095445 0.441631764640228 -0.00785852989466817 -0.00692110814895064
-0.444169065620217 0.241406627552032 -0.063236908065712 0.0305249327256434
-0.527890464356264 -0.210785301810387 -0.122979255715315 -0.0484184531651335
-0.305673118024975 -0.451032570174343 -0.0966420117906915 -0.207774214691611
-0.282287001991211 -0.373468143790337 -0.0978312726067026 0.0857009876503989
-0.458294717676363 -0.0861984066163995 -0.00902089962593415 0.0598874209846648
-0.324873468419548 0.230006685242336 -0.065004234732613 0.03612964752602
0.0293777331413518 0.37572485537821 0.00457395331608837 0.0576641151456421
0.245064355364854 0.265909811832307 0.0333960416205803 0.0379748784241711
0.336822992331512 0.0927908972675489 0.0560920425929507 -0.0108741072470551
0.314491326097579 -0.0766540975508502 0.0183991495634632 -0.0646960925330727
0.302100691547482 -0.10036228687335 -0.00312486468263698 -0.0557020221920959
0.322139204235319 -0.0642459250670589 -0.00507017770773157 -0.0402112232015712
0.383936004196876 0.127520479788629 -0.00458626336855349 -0.018690084913836
0.249138137568239 0.349289012972407 -0.00440135199302533 -0.0164630546691215
-0.021431329064633 0.446166556595551 -0.000382604953299105 0.0327128088686139
-0.444319317365403 0.24380107094024 -0.0307440007979574 0.0506296689737913
-0.541377075328233 -0.207246019249952 -0.0256328091244961 -0.00965210695360211
-0.330820861449928 -0.453229397738094 0.0161063963531261 -0.0570816049263799
-0.280915238795764 -0.3401265415979 0.020611661947845 0.235092254128639
-0.447850308332346 -0.0642079704549507 0.112913466469144 0.0790759582435717
-0.309430255655732 0.231517873423548 -0.0407772942017485 0.0258151493620139
0.0228579396480786 0.360168922843697 -0.0114255759146592 0.0861012158496999
0.22927729306014 0.255235326263841 0.0765354946572724 0.111152658415558
0.316630568807804 0.0962842992302172 0.166578891233616 0.0265699841960576
0.298922435949887 -0.0584188469965948 0.140920275064345 -0.0787240377974616
0.281092458262887 -0.0736560646692453 0.108844307446805 -0.0870317579254423
0.290382713426677 -0.0343066056851388 0.109865748717755 -0.0604419058154195
0.327112201460192 0.130874250560926 0.0992772965304676 -0.00293622494775106
0.19215961734148 0.305454950426941 0.0558704664231214 0.0364923439327657
-0.0372169466426741 0.356352945522505 0.00579194473652161 0.0609211102265569
-0.359141670776899 0.179256883136537 0.00296010528639254 0.0602435085311844
-0.444235676753421 -0.178422723185926 0.0617378974329436 0.0205434223031507
-0.294561522727955 -0.378676406034563 0.121833727117653 0.0773855048838384
-0.231218408179449 -0.249327548414256 0.139564250223224 0.367001192431428
-0.347973063772086 -0.0366731805943685 0.225031089332113 0.0973954509401573
-0.229243548967 0.177555414246891 -0.00386393050149506 0.0147679178295051
0.00885471204895158 0.264352248990939 -0.0233422713183041 0.103892435774017
0.162851008431394 0.195707086383932 0.111482320640849 0.170106730025614
0.237450500563294 0.0838319365931641 0.25846812359323 0.0590413967502584
0.232208185463849 -0.0294670019230012 0.247444850592565 -0.0824592654733589
0.217297695106716 -0.0351249853228111 0.204247260110435 -0.107310683863127
0.217209433509864 0.00103443393482344 0.200768677064191 -0.0696949071724619
0.221790847361682 0.117290135085031 0.172480577535511 0.0129027940279117
0.101601652946341 0.218853621130162 0.0920544231967533 0.0750001667571574
-0.0544669667428543 0.211370390520988 0.00207719182369521 0.0687729913865797
-0.222757487032486 0.079962533845755 0.0257289083187088 0.0556514265758858
-0.275813169448842 -0.129152679975475 0.116249147925344 0.0358779419888605
-0.210614804418969 -0.248232313313323 0.199608382143623 0.17154552008865
-0.139671771147181 -0.116358701640035 0.234768378401545 0.461200654917991
-0.18312143460253 -0.00436561950393629 0.303810780132615 0.112480870442325
-0.103433372207313 0.0918373009586395 0.0386451609734922 0.00216942713837725
-0.00452434434947319 0.119035136630926 -0.0296140380904189 0.0995724223595849
0.0671542595590984 0.100817764629464 0.126199955054061 0.200781100183004
0.114626091376176 0.0575775713800994 0.309525379846401 0.0829351378847787
0.126449299871572 0.00561385113579959 0.318519385740375 -0.0742701484322931
0.121149188123143 0.00996357981810349 0.266686993097377 -0.111890398482278
0.117868683450031 0.0352506838598798 0.257009630821596 -0.0661955240905883
0.0980288448382418 0.0896691612611862 0.208947648332941 0.0287422748814546
0.00951174580231836 0.116286398638313 0.101893176484044 0.0991469747177914
-0.064020531097267 0.0661486408177169 -0.00977176733078196 0.062027943793463
-0.0811172437514786 -0.00955270213127088 0.0331403038990654 0.0399152431094603
-0.0980425231955526 -0.0644091791060946 0.135571758735024 0.0371931508224527
-0.106338056608489 -0.0941876023550235 0.241783345796497 0.21879647694661
-0.0112280270072966 -0.0330301513599413 -0.287916588085988 -0.2419561281153
-0.0493012731255317 0.00225765085581305 -0.202679248975087 0.00304259336442738
-0.0240388011431464 0.0556574400406778 -0.0379905902914066 0.0192328513487319
0.0537936998983885 0.043337269063964 0.0393165329954135 -0.0290632711384552
0.0523966935730519 -0.0119955095150297 -0.0642859420341421 -0.123634417093026
0.0245129709349773 -0.0436911691003877 -0.220529873205316 -0.0619662218840351
-0.00806122486711719 -0.0544184826330923 -0.276424150904006 0.0516237063490618
-0.0143450550182941 -0.0533146502810617 -0.283782094602937 0.107227465759534
-0.00689284595837927 -0.0513758653705607 -0.322744728509042 0.0843962199752376
0.0221350698956333 -0.0301182139876961 -0.311239117763536 -0.0391088852653787
0.0422199010659061 -0.00313403498624654 -0.182378326067755 -0.165707873771593
0.0194372229076376 0.0363131836712273 -0.00635422368491319 -0.10637075156351
-0.0448255372072557 0.0169628073620469 -0.0769132468967476 -0.0330195767631774
-0.0197249277555224 -0.0511925191013354 -0.258528808618586 -0.102000145620774
0.0426601905942233 -0.0514980061882878 -0.305584845723494 -0.468852801812712
-0.105026888126716 -0.156368288980775 -0.288235205226932 -0.218388111069178
-0.171757135499109 -0.0344433796865142 -0.194358082466212 0.00991463498964614
-0.112399568237012 0.0973536875666926 -0.0546868413854733 0.0349316560640702
0.0504613084200883 0.136221354316491 0.0457057281471989 -0.0105299626164067
0.116631971519126 0.0675400716937452 -0.0446865982633161 -0.110126645239489
0.130432746144593 -0.0126650425433957 -0.188854042196682 -0.0697123556550764
0.101113699774361 -0.0810401378449265 -0.254110091007847 0.0249468399737907
0.100143906419054 -0.0949574425334758 -0.264952351391221 0.0781669939166109
0.119161145535981 -0.0830794782482848 -0.297970690974921 0.0628905588277785
0.173771651240382 0.00790037106654522 -0.285847665569353 -0.0399676243663816
0.14091434669811 0.124600584729457 -0.169901672381331 -0.152865209132739
0.0152949445402298 0.20189384879272 -0.0088541582769897 -0.0809658734231216
-0.207370302203584 0.116779424545377 -0.085318927379463 -0.0132575201476678
-0.23408185966998 -0.113637005489706 -0.24729963816676 -0.0939549251969457
-0.109794279521348 -0.222491067071123 -0.282636753683334 -0.426925523900533
-0.190124994856141 -0.261246607045962 -0.257568965268495 -0.152391419572711
-0.288662726228654 -0.0612247306095218 -0.165989930676376 0.0240472720986325
-0.197279868853792 0.14231493853409 -0.0670939601899647 0.0455178118661153
0.0453157430876587 0.229566576850677 0.0405514770680742 0.00666079497695387
0.177141318817124 0.146196466668306 -0.026940021492774 -0.0801072453317981
0.226663808506178 0.0213951309018435 -0.133965933384146 -0.0634434276326632
0.199736023368862 -0.0975979301309354 -0.195574350837235 -0.00608634585054788
0.199437931335044 -0.121777897507992 -0.205540806236501 0.0367539726941305
0.22650357446221 -0.101151274936487 -0.228006299278206 0.031708253686903
0.300367810556245 0.0465409458458166 -0.218212866667499 -0.0350602876820045
0.223700530254484 0.237256135089591 -0.134331584578802 -0.118353184641673
0.0117883838303898 0.347327012381566 -0.010172125924447 -0.0454801687047124
-0.345585784829727 0.206603229139736 -0.08186417145764 0.00990848968954837
-0.421210680281978 -0.158850037568663 -0.203165028985936 -0.0729358848159842
-0.242658693061381 -0.360446623651866 -0.213073104162864 -0.332684299110834
-0.261671828032925 -0.333987924854877 -0.192572962497773 -0.0445431357204556
-0.397183460120857 -0.0691827471856611 -0.102773416056638 0.0423217279011418
-0.271714226881454 0.200205366317733 -0.0712398043690059 0.0488202796445854
0.04924803425177 0.31789463708018 0.0259896448138909 0.0268110286072338
0.231749979013175 0.211782700363343 -0.00183577190279638 -0.0296790442567901
0.304309045998717 0.0494635732580834 -0.0510683983898826 -0.0437408121740491
0.272946857407113 -0.103204270758657 -0.104096987351361 -0.0364564412979577
0.267415557583126 -0.129325983453693 -0.115332585596481 -0.0103489053846624
0.295435565761378 -0.101762926372548 -0.125297614621757 -0.00389854430442127
0.378637964314469 0.0797147388672707 -0.118058125709358 -0.0266879696583712
0.273850191259732 0.314021952796991 -0.0775310809891551 -0.0677561920519683
0.0118513052293713 0.439979326505793 -0.00692113186679889 -0.00430284787512136
-0.429453533654003 0.268277380574595 -0.0610082850354433 0.0326945295574059
-0.541019475210167 -0.179342622688894 -0.123289232572102 -0.0411949650648529
-0.32941406961991 -0.439234572868832 -0.109196637762153 -0.201014399044706
-0.304225412805407 -0.359390537551307 -0.0905556977991897 0.0902923799864475
-0.462735130819336 -0.0567468997921961 -0.00231841948235373 0.0587497529550429
-0.312544863097821 0.247427937224134 -0.0620466738213872 0.0426125680857258
0.0520699441742849 0.372589834963388 0.00825750099148844 0.055736857680388
0.260952409921743 0.249614415311413 0.036923208143974 0.0377007830082152
0.341953756292582 0.0678679669236491 0.055758753791178 -0.0156204293256004
0.307251023736308 -0.0969715981586759 0.0111553293581375 -0.0646442772036393
0.293540374433407 -0.119315799719176 -0.00682747236216607 -0.0553393981396589
0.314528331471678 -0.0838154588896217 -0.00733418825817267 -0.0385349349720819
0.391459448436852 0.100704846422362 -0.00337129575963297 -0.0175339605072951
0.271752117189862 0.331471156917483 -0.00671381346097468 -0.0126548382444038
0.00535721106747056 0.445356916394574 0.00280010946021236 0.0360693505638168
-0.429935583273354 0.27003131270323 -0.0262700337812115 0.0505280904560794
-0.553122425104362 -0.174714809287486 -0.0248929576310721 -0.0083651621437568
-0.353493713115327 -0.43987393889462 0.0115624892220829 -0.0565694178875368
-0.301299864081715 -0.326144373842614 0.0361069281607053 0.232925740854617
-0.451639969229538 -0.0363306292068793 0.119499498879781 0.0705520141536019
-0.296328508467496 0.249036533835387 -0.0373073687037687 0.0313198439172364
0.0443096023359078 0.356799053695804 -0.00596084602791678 0.0861111687600969
0.244438907712937 0.23949215507969 0.0838865163432696 0.108176807552017
0.323203217049906 0.0733254070137362 0.168713296975729 0.0139003286390226
0.293696615017216 -0.0772164009602125 0.13238097834695 -0.086258375156361
0.275126427238835 -0.0915491984364742 0.102165903896418 -0.0929093656795299
0.285646095488118 -0.052723482165728 0.105153251027463 -0.0659901611411374
0.335469833524265 0.108017962479335 0.100688943280159 -0.00890164812134999
0.211990511035078 0.292203923431926 0.0574989804057521 0.0361251463162029
-0.0160349045261724 0.356199195140709 0.0102432673529298 0.0631393955114897
-0.348427259155453 0.199207833850195 0.00903259319267836 0.0580386048269295
-0.453668557586574 -0.150514786077525 0.0634155178372643 0.0164266518276727
-0.313321481015491 -0.36431600454468 0.124210720561422 0.070700887882278
-0.245112451500935 -0.238628521367515 0.161496604076226 0.358597924353825
-0.349015708916209 -0.016161194644663 0.230966021010962 0.0825337741563543
-0.219987924389154 0.189849321819982 -0.00148875153779665 0.0170971082313807
0.0243814381114327 0.263665835904483 -0.0164570236164331 0.104308226162598
0.175040503299934 0.185145616781788 0.122687772682971 0.163881173166432
0.243271595439178 0.0659961024235049 0.263036106892374 0.0400400343322161
0.229625867380819 -0.0442302775054717 0.238322862296772 -0.0968819330684138
0.214348369606406 -0.0486273573405093 0.195265775328964 -0.119407838416575
0.215361000847006 -0.0124501400578017 0.195749734379314 -0.0816320760218586
0.228869481861682 0.101555641176145 0.174149413075342 0.0012750531102163
0.115074237103547 0.212012472825213 0.0956491176974355 0.0709131002475985
-0.0420772376956464 0.212923702266118 0.0067456423518406 0.0715804689571758
-0.218159193897683 0.0919460604890643 0.0318183643263751 0.0523926959425783
-0.282155065340275 -0.11186610203717 0.117164436892294 0.0286612665835399
-0.221834161155526 -0.23845338329093 0.20645216555548 0.159415494541482
-0.14562798236479 -0.109916901663032 0.259754239870508 0.44756309732003
-0.183420109267627 0.00639678228972059 0.309646035711214 0.0938341757071346
-0.098922855300643 0.0971725117473737 0.0407418897871037 0.00154318849151488
0.00266936565013368 0.119695284728998 -0.0235564935981592 0.101822947169372
0.0733831129891137 0.0965599142741903 0.138932471647401 0.19334194530115
0.118908020340618 0.0490598722358567 0.315668862771387 0.0614310862615343
0.126255410249414 -0.00182240909671985 0.310253747241427 -0.0949168736840927
0.121721947503095 0.00279590766981646 0.258072750177039 -0.127263843653861
0.119788355741412 0.0275324191125414 0.251780552788365 -0.0823907998509189
0.10348417839903 0.0825556064501711 0.210257749258323 0.0143371679630264
0.0168398280063067 0.115614450739004 0.10725779251091 0.0927983927266732
-0.0601293300726031 0.0691174597756635 -0.00576657397991474 0.0643634950549328
-0.0812487317156119 -0.00536477785525252 0.0379961646421609 0.0364392626540958
-0.101066136017369 -0.0575894668860019 0.136120899169395 0.0281431932138643
-0.109310913102769 -0.0881599374260411 0.251575853871354 0.203319109478202
-0.0128745405441346 -0.0312825834210193 -0.290998586286957 -0.226006970054004
-0.0478827665246027 0.00493332668975939 -0.197039275623702 0.0120165953010145
-0.0214378257709511 0.0557073394670378 -0.0370617266758954 0.0207494876588476
0.0547021845303471 0.0392705643659971 0.0374643274129665 -0.0314543040150434
0.0513950506620205 -0.0137280988335592 -0.0682129513510895 -0.117835760889291
0.021465874475855 -0.0432526071533225 -0.219283024148256 -0.0490109327841051
-0.0113539523846408 -0.0525202202744447 -0.26682402497346 0.0634175206019699
-0.0178260736592011 -0.0512693379844428 -0.272480689469798 0.116197979191724
-0.00960419716901129 -0.0494290698589175 -0.311325141442421 0.098216336831593
0.0206606666101607 -0.0302293116431523 -0.305934347958194 -0.0232091813065475
0.0417427640664717 -0.00548089424334133 -0.187195251909905 -0.153617787616339
0.0214318665019074 0.0344730791914358 -0.0116915819083343 -0.105396052922436
-0.0427033363141091 0.0186439468221985 -0.0785597640528429 -0.028586409943396
-0.0211810849956362 -0.0493128015016872 -0.254928882351445 -0.0906140882606061
0.0389335492804032 -0.052249151044318 -0.31610348963041 -0.447305704341786
-0.110034044970855 -0.148469916453797 -0.290044076045354 -0.203978471489378
-0.168833784209294 -0.0256517392869222 -0.188378712706076 0.0180325649956672
-0.105939766813534 0.0991118954353354 -0.052887247073532 0.0379776715611086
0.0555559548155336 0.129655739581145 0.045136721014519 -0.013405325038523
0.117558982296126 0.0607302852666444 -0.04834209805521 -0.105208873865428
0.126205010686396 -0.0186675616141889 -0.188246537444861 -0.0586402503421207
0.093859060195594 -0.0843138380203668 -0.248241214597501 0.0364737922744828
0.0924868388060943 -0.0970788583184845 -0.255671965366611 0.0881601375982865
0.11123722281625 -0.0864259869797864 -0.287662654426193 0.0765181052894385
0.170647461953188 -0.0013233585500551 -0.280729365935573 -0.025117490569113
0.144943004265702 0.114947969907562 -0.174386471651747 -0.140289168289817
0.0240970676145526 0.197004146833154 -0.0111796483730839 -0.0798510042255822
-0.198736909350116 0.123474644240615 -0.0859029781084332 -0.00976828204930982
-0.23371384382752 -0.101290821621796 -0.243186862324485 -0.083094184095853
-0.116265289732891 -0.216052187146979 -0.289973071248718 -0.406406889731514
-0.198810418140115 -0.248464824299352 -0.256578491240954 -0.139766757115677
-0.284758408155022 -0.0471955964417141 -0.158342959956839 0.0294775096417899
-0.187966885749363 0.146853289028728 -0.0640455643176084 0.0496504076073342
0.0546138058001118 0.220533982007212 0.0404556867808294 0.00268078317131745
0.180038172609159 0.134112759982699 -0.0287546340657473 -0.0756015458335608
0.222136904089528 0.00877647929977659 -0.134215065538132 -0.0555969768947235
0.188992448442069 -0.104695433626732 -0.192925091851956 0.00529086167809332
0.188476943020094 -0.128381359865385 -0.199817457380316 0.0446062244444626
0.214470765350549 -0.108992103504352 -0.220574804529754 0.0429726222441864
0.297162861158273 0.0313203883856837 -0.213675592174699 -0.0235710044271188
0.230717105930975 0.222258220747317 -0.138434037269459 -0.106630638928842
0.0268407281191225 0.338539409206282 -0.010946691006567 -0.0441798955566207
-0.330832166519821 0.216758782314708 -0.0803192564870332 0.0123677903939619
-0.420225048969101 -0.137954617168776 -0.199193922988028 -0.0636066640163516
-0.251737264092933 -0.347630504942983 -0.220763756153455 -0.316592042122461
-0.271859909368214 -0.318313967888965 -0.188567371140789 -0.0376159433636049
-0.389987076981793 -0.0501844542823354 -0.0965533666871213 0.044011816928909
-0.258603540976963 0.206252448019558 -0.0668282645135326 0.0532055436867108
0.0611277858393018 0.307580766158613 0.0267034514176225 0.0234300525426321
0.237154790892856 0.19619346379657 -0.00278624646816877 -0.0270161864407278
0.299346718464339 0.0321530323726391 -0.0523103663765387 -0.0405690827390945
0.260235847751403 -0.113411729826459 -0.105491805893396 -0.0286897689206746
0.254332318151449 -0.139304744673562 -0.113245547323031 -0.00456250306711124
0.282293353666108 -0.11181602126409 -0.121674897587619 0.00323385867014608
0.375407781663747 0.0594895074006565 -0.114685643466288 -0.0200095375053503
0.283919886741327 0.295984607797413 -0.0798405557656127 -0.0592040997808642
0.0280762299098297 0.429972883270131 -0.00515747106383064 -0.00252888377625846
-0.410913234100939 0.281172834269657 -0.0584174665817141 0.0336223254928579
-0.537417511457003 -0.152739023588943 -0.119719691997049 -0.0364772373200808
-0.340644217261111 -0.422185111652169 -0.113981267448992 -0.190989657171543
-0.314710664950222 -0.341825591102444 -0.0830095133446377 0.0908158787767927
-0.454556408487731 -0.0351034561461623 0.00267133317783687 0.0545197792390642
-0.298089526899828 0.254764764699207 -0.0574762181421847 0.047512449231285
0.0667483997118311 0.360746595488354 0.010683619461365 0.0523046482852682
0.268841976930456 0.231063602597172 0.0385768754831513 0.0373201361952376
0.338186974850952 0.0482411619648419 0.0540608416935507 -0.0193242519815543
0.294634310437507 -0.109440431122647 0.00494163522558634 -0.0615450064947528
0.281125730223401 -0.130289102531972 -0.00960650540439989 -0.0530913622585226
0.302102854327924 -0.0959449938976387 -0.00826953995936053 -0.036112038198275
0.388656633749162 0.0796647599232013 -0.00243486131835167 -0.0172556676271833
0.283467519431358 0.312909689100958 -0.00770208651055546 -0.00785719164934726
0.0231408157561005 0.434050210827003 0.0060924166537907 0.036890067955665
-0.41045686734364 0.281585392371165 -0.022094889232486 0.0489783494280314
-0.550027025012472 -0.145861733501636 -0.0228088049767448 -0.00790941286986834
-0.364823276507141 -0.421479680505822 0.00964484492380688 -0.0544544490155212
-0.310390556331619 -0.310816968498854 0.0462816906624525 0.225622931693036
-0.442017106933042 -0.0162458216312086 0.122041677208504 0.0617241134202334
-0.282167645882569 0.254288542377398 -0.0334159221924195 0.034861845879504
0.0598653537118053 0.347013714342926 -0.00181376276812641 0.0832966609825788
0.250738790035864 0.222907732482688 0.0888004740482353 0.103958603149555
0.320306011287468 0.0544784836241444 0.166399646763994 0.00397212612776822
0.281856321849063 -0.0894179999404723 0.122885157289214 -0.0887570727696488
0.264648202480148 -0.102788806857918 0.0952239060841683 -0.0951261427759545
0.274967319126423 -0.0637661604446569 0.100921756027471 -0.068729279779389
0.334211576293442 0.0895110950080253 0.0996717004872097 -0.0139289936543941
0.2217221214663 0.276851164172772 0.0570354300945617 0.0356139189323707
-0.00100831624955349 0.348092784686968 0.0148246807601283 0.0637997276637268
-0.333581552061588 0.209379604256283 0.0133301619635462 0.0543894768672211
-0.450003423957941 -0.12843378544266 0.0633965618505877 0.0127944091812403
-0.318514047727911 -0.349047602994358 0.122769827328781 0.0652478782635593
-0.250748689732562 -0.225744417653857 0.173794038996868 0.34492742258748
-0.342695829113374 -0.000428171930376083 0.231198465468379 0.0690262925635287
-0.20996145446965 0.194805561533457 0.00159392676383864 0.0190216822469725
0.035084613108535 0.257658874457812 -0.0114826386707117 0.102306387914259
0.179930698560829 0.173095434443412 0.12923843463878 0.15637878235395
0.241379777241651 0.0514084440492714 0.260070765619001 0.0250368327140745
0.22194123860998 -0.0542024097305945 0.226691433697599 -0.105172700601432
0.207203296734356 -0.0579270914121851 0.184952688544817 -0.124231453576879
0.209092846578972 -0.0222584027875644 0.187316564877947 -0.0887560199129463
0.229091407689163 0.0875128218743692 0.17118447703396 -0.00795754665410903
0.123622047636546 0.202126880229764 0.0965466624891292 0.0669718546216678
-0.0329527622291488 0.208810218498705 0.0110356018437902 0.0720510150908074
-0.209602726417178 0.0988805694213626 0.0357770690789931 0.0477850077335245
-0.281160168170848 -0.0962724961152633 0.115359266872729 0.0225307805832856
-0.225380280526508 -0.227758714933573 0.206442311374184 0.148113473442951
-0.146721617406608 -0.103062463324204 0.272026825240078 0.428658131586212
-0.179342806423105 0.0142267765163705 0.30788845122736 0.0786476501650058
-0.0943783028741432 0.0984462558155465 0.0424682445596214 0.00117102024102659
0.00777626636532658 0.117549906329394 -0.0181683964543769 0.100997640365929
0.076230818549296 0.0910656458611121 0.146761060696294 0.183681269460214
0.119013688627847 0.0412443270054509 0.312653812778745 0.0430003382798787
0.123643789437443 -0.00780914725576349 0.297684872050829 -0.106853609092116
0.119982326852812 -0.00329733473460353 0.245585348063109 -0.135718720392709
0.118587789508071 0.0217722844238121 0.241118023899346 -0.0924344320476868
0.105064991700651 0.0750939038053242 0.206644491236306 0.00316522202115303
0.0216132072802652 0.112883393440872 0.109533423128015 0.0861784406695788
-0.0563985080673064 0.0695841344955449 -0.00255814739388141 0.0650633397538895
-0.0799337212788376 -0.00204946423355858 0.040597604859528 0.0316546604304251
-0.100840967541086 -0.0520732934619867 0.132792712151616 0.0208394165768216
-0.109197877613036 -0.0826286924370298 0.251230229834246 0.188133139357548
0.00125806753091635 -0.0338385012177334 -0.172362769540634 -0.320726833677542
-0.0433368100783307 -0.0154517990925094 -0.1814323604121 -0.0657717531356096
-0.0418193807727513 0.0411050950357234 -0.0399900201107559 0.00559491880315398
0.0316297647913515 0.0570872765060207 0.0506016096415438 -0.0163896330595009
0.0515371778396806 0.010366982401904 -0.0131193794243094 -0.136190113952545
0.0375139048227885 -0.0292148413505056 -0.17707419474785 -0.132679510882662
0.0101135119983165 -0.0517029323304207 -0.265562541110383 -0.0500849582835761
0.00263820025062011 -0.052771439695985 -0.289975053674964 -0.0040894304057899
0.00858515356508193 -0.0467744441916789 -0.315746309833126 -0.0342476199471467
0.0291847688028426 -0.0175219177893183 -0.266824485876475 -0.140755790033082
0.0371599412244246 0.0111624571345455 -0.106300075079606 -0.210913182106562
0.00573304196399751 0.0388196719629256 0.0318138398986716 -0.099914462529634
-0.0475601842928511 0.00256688230016755 -0.0616754898911603 -0.0583140658677756
-0.00522541560643872 -0.0510710004511147 -0.189917544407234 -0.182638106459861
0.0483382027432081 -0.0397434339931396 -0.100610700719273 -0.525995534198125
-0.0354065897990227 -0.185231629949996 -0.190697470884043 -0.286980106067797
-0.136904310662112 -0.0935000966985843 -0.176949331494503 -0.0510619413386448
-0.136219071417673 0.0442068131494504 -0.0589214096687971 0.0216159384994982
-0.00593007214098965 0.135351130309363 0.0555283494530434 0.0044688635637748
0.0791665799990736 0.102693701412444 0.0044908644217341 -0.118319896157967
0.119575548405575 0.0338602378186007 -0.143130337884271 -0.131622156001486
0.115384990655135 -0.0381416224435238 -0.237346243035184 -0.0671650283854439
0.119685508654457 -0.0514381604222536 -0.263586917467493 -0.0231166722903978
0.131102192290242 -0.0337911834015079 -0.285509204270158 -0.0423212965599155
0.153444966291173 0.0655989812261251 -0.241943349205995 -0.130835633185576
0.0861871979203292 0.159552145305202 -0.100454040365056 -0.191600391859328
-0.0542182979665624 0.186324411294413 0.0197409959532085 -0.0742830368208494
-0.2304067276451 0.0410676790147038 -0.0779141086143771 -0.0466912287569062
-0.179892613624381 -0.176510736182733 -0.182477691623319 -0.182547476513521
-0.0338407188198307 -0.247632693222403 -0.0835588356756125 -0.483771048816281
-0.071362843194056 -0.317587436705753 -0.195168044964006 -0.204972196193785
-0.23019539743671 -0.161822744462392 -0.156677005283709 -0.0232522762093995
-0.2298693658195 0.0516884033474571 -0.0711319278766107 0.0344021876834556
-0.0444629502146578 0.214274665811004 0.0502524466384321 0.018247004904276
0.103909888530296 0.193287335016324 0.0133815158637022 -0.0859190591304557
0.193811979581471 0.096577784980652 -0.0918989462414468 -0.109782101105468
0.207096961100052 -0.0188894168009177 -0.17541074099289 -0.0748112441884717
0.218883515069716 -0.0422460401586716 -0.19752556722927 -0.0395695428354637
0.232685527926149 -0.0139853677859928 -0.211278357135674 -0.0444023910201625
0.255008899129988 0.141171651332306 -0.180905544191189 -0.100544766181922
0.12431979055954 0.289290272572639 -0.0811994937919731 -0.14527204531201
-0.106589828473121 0.314026783348769 0.0047175874549749 -0.0401237614784751
-0.387789657135328 0.0778720366976299 -0.0839183381339487 -0.0269618165509538
-0.335003223303553 -0.278048049439044 -0.150565708997724 -0.156123580330462
-0.109106761054225 -0.418460304342368 -0.04907247802025 -0.37889573999576
-0.107753060594173 -0.414080924770968 -0.180981694195321 -0.0747875746373489
-0.322216496908154 -0.208756612024644 -0.106700103631673 0.020426804084775
-0.319026465111401 0.0753516141833146 -0.0708271978347852 0.0424756212855405
-0.0744509936718119 0.293538510217046 0.0347180489422528 0.0326153652992556
0.128273866051497 0.271451166300771 0.0219684671072774 -0.0328552131206157
0.252617380241797 0.14837005266875 -0.0213779417980811 -0.0663597412869981
0.274072472082609 0.00222134538396749 -0.0828139396277633 -0.0711911373759356
0.283437642567237 -0.0257201277574396 -0.100419607413968 -0.0495242895818209
0.294575302834407 0.00898418183618139 -0.106648186801396 -0.0392893677883677
0.315740892662578 0.195551940338932 -0.0930310588808656 -0.0568019800223235
0.145652283185952 0.375045111065614 -0.0480359182671137 -0.0780487630193692
-0.139372785576966 0.397772768729644 -0.00800430205328079 0.00164903934714852
-0.48544574333677 0.107099717408102 -0.0729083081551224 -0.00037388208554821
-0.434375589500979 -0.335335283618141 -0.0913168258848166 -0.105755934404224
-0.161671441982202 -0.517908684045738 0.00129674846757053 -0.225691638580845
-0.134169074397101 -0.45443944180754 -0.140045975619759 0.088458469948901
-0.385554021970153 -0.22570869859896 -0.0217374597648549 0.0736285340059172
-0.374585048002868 0.101418450754719 -0.0563787440453882 0.043803093767384
-0.0932271533448254 0.343772247012675 0.0118964471475457 0.0534426443827128
0.142851149574262 0.314104263161636 0.0355691076676374 0.0402309580661956
0.28048484164895 0.177072781744892 0.0666985438705451 -0.00621523963719797
0.302582231908827 0.0206436638923552 0.030034293323093 -0.0567180032228535
0.303714997364931 -0.00779909218150784 0.0116678336949004 -0.051622759014356
0.307334503846815 0.0305724438436511 0.0100862403697322 -0.0297086441524933
0.320702167338906 0.217517631400869 0.00686202397145636 -0.00895284945168736
0.138315895534359 0.391427529128621 -0.00416077558946865 -0.00331371511238417
-0.144415987839536 0.400246523076778 -0.0142940602102788 0.0418668063973048
-0.485537101019982 0.108379902088652 -0.046692720518596 0.0279014899244913
-0.446590943085111 -0.333248636049956 -0.0152736394192644 -0.043529000167121
-0.180197128555759 -0.524929265564893 0.0562547535690956 -0.0542327157031345
-0.1442183568421 -0.424324692974698 -0.0757337164873936 0.262157634811772
-0.383182006214331 -0.203501939104627 0.0834991373908767 0.127617054571842
-0.360789602403401 0.108886032821919 -0.0292887731886892 0.0413276299242762
-0.0933830423132229 0.329760893414484 -0.0135318535732393 0.0769654440384177
0.129517297971793 0.300079149198456 0.0533268678116193 0.122054442384283
0.2621505819617 0.175224183653741 0.158641970028143 0.0606838272359865
0.284155135455609 0.0327359162405091 0.146857389731217 -0.0340248987484701
0.278271576785387 0.0107854918514314 0.121795965347357 -0.0474540384764381
0.271015508423025 0.0486865215634507 0.11937735602445 -0.0162651275216622
0.267558312655114 0.204587824875256 0.0970672550430335 0.0332101733953279
0.098545822322226 0.333966707037635 0.0358426728191741 0.0605053787905342
-0.133841129159123 0.312251652723318 -0.0168420661132499 0.0686672514060416
-0.384840443078257 0.0695572316627475 -0.0141155837667185 0.0474000594925178
-0.360158139570352 -0.280948993327271 0.0532536038325196 0.0137257009044787
-0.16329320300498 -0.440004355742895 0.105868655142806 0.100248642103493
-0.127216678716915 -0.320034801925508 -0.00273222115622953 0.413545296767643
-0.302700103265431 -0.147996651620347 0.179190446140067 0.173572262529427
-0.271045961670857 0.0850460484008896 0.00617244386051473 0.0355901724151261
-0.0769249641478808 0.240609045330031 -0.0355528672368859 0.091581830304679
0.0867526115006737 0.224812092819005 0.0646909226088861 0.187819425753284
0.192328903350982 0.141068636832557 0.231971129525859 0.11930021105901
0.217429064881134 0.0402980381315749 0.247039073170107 -0.00710291480902431
0.210475836547835 0.0291278245847052 0.213463245297279 -0.0381717200003423
0.196600756676686 0.0605193407385542 0.204069372535157 -0.00152671849824584
0.174374421625387 0.163578057005543 0.157979076073564 0.0647045799570387
0.0370296859950632 0.228810314878318 0.0588848231756395 0.102243392018225
-0.109473984199317 0.174730382423483 -0.0215701468562779 0.0725557528050127
-0.228783140850074 0.0130774507943769 0.011822289437549 0.0519887994398187
-0.217164132998784 -0.190012573615578 0.0960845132122134 0.0495683085841496
-0.118872399770133 -0.291540950637758 0.13937162038844 0.209610029102035
-0.0864473549010807 -0.160688830030043 0.0629375295726681 0.515168906337146
-0.16494853403309 -0.0655288958787189 0.244086651875619 0.205082126790658
-0.126645810375834 0.0481864208236818 0.0448848292349003 0.0272081140213162
-0.0429646520769355 0.106746762244257 -0.0493743390660052 0.0863319007118802
0.0284848678347685 0.109753216563877 0.0637168209429865 0.222950361752382
0.0876273245237089 0.0835697356318 0.268669804317284 0.159995013474756
0.111906819048711 0.0424973765634637 0.311111520069353 0.0207905498501453
0.110579009808058 0.0439301829617077 0.272639276926014 -0.0236916212696098
0.0992827398635844 0.064179112813195 0.251989766465298 0.0145230479663517
0.0673316267536116 0.105508653515981 0.184068011903689 0.0856583976517476
-0.0214292592385045 0.109766185296467 0.0624087405210981 0.121559088132651
-0.0773914850396477 0.0415583253613714 -0.0299090759765845 0.0585710814551181
-0.0719106426900332 -0.0325460456010648 0.0259499480847797 0.0417395105286389
-0.0704172438022065 -0.0836048005144328 0.111756988225426 0.063650445250374
-0.0645407049791954 -0.11439881602178 0.154271909465589 0.265492292025787
-0.000295168329997203 -0.0330350112239419 -0.176154929506307 -0.31742045338745
-0.0437814571465858 -0.0142796061116766 -0.180976514440452 -0.0609640142525924
-0.0409609934846993 0.041719340024084 -0.0414410503729481 0.00700629410973276
0.0327185517564925 0.0555700072296076 0.050441171636457 -0.0171781872764351
0.0518515882628937 0.00890927382224488 -0.0161537248491596 -0.135821834045887
0.0364007380123514 -0.0299669159002093 -0.18053504354117 -0.127045497110959
0.00790623114461912 -0.0516824997264793 -0.265358328241484 -0.0426460835248496
0.000273231529772 -0.052275440479755 -0.289023818979789 0.00133100702699747
0.00614286959276248 -0.0464872977421431 -0.315100668938452 -0.0258881045892211
0.0288685621362284 -0.0180436448314982 -0.268670931397355 -0.133224153518959
0.0379387482109396 0.00913791024751641 -0.111876102886732 -0.207438173050671
0.00708576997823001 0.0381151591163103 0.0291642914944562 -0.10141286052611
-0.0467629832933689 0.00381830443549215 -0.0637439035685333 -0.057214156514151
-0.00585929164638286 -0.0507734839835474 -0.190926682097601 -0.179077866517299
0.047271880821444 -0.0410492177744113 -0.106624642302203 -0.522990280853318
-0.0401374425631015 -0.183835006750133 -0.192746983423216 -0.283894805326388
-0.13774725723503 -0.0898439182112108 -0.176026490331696 -0.0482246702456676
-0.135540268566909 0.0461473378319198 -0.0590937784957726 0.024134455465921
-0.00253806199167473 0.133942726235182 0.0558493152296488 0.00232340453547705
0.0815645278238391 0.100325363811098 0.00154538795184578 -0.117300502850488
0.120206592279557 0.0304513464463863 -0.14637486094085 -0.126323605551306
0.112568369801502 -0.040381317605714 -0.238305405105852 -0.0601394120469718
0.11666999561875 -0.0538591090107684 -0.263066423971717 -0.0179511762967662
0.128219217354852 -0.0362626404084522 -0.283990438652553 -0.0346730461504511
0.1552845369495 0.0610778833529106 -0.243328683821905 -0.123393008581929
0.0901300688018605 0.156709249964358 -0.105905582573957 -0.186861189355384
-0.0493546126794439 0.186033941387422 0.0192172644685371 -0.0752973426184978
-0.22968586165216 0.0460193509315218 -0.0791624732166165 -0.0458462188437188
-0.182828372162005 -0.172383158631461 -0.18172555745737 -0.178985870703231
-0.0385704869170673 -0.249630817465007 -0.0897901085692995 -0.481050858139682
-0.0788002162149338 -0.315839779447907 -0.195576311190326 -0.202674425428393
-0.231981345019473 -0.155831747357475 -0.154376900716355 -0.0214574531549224
-0.228713235673922 0.0554126523832019 -0.070278431587178 0.0376488704189002
-0.0390128857729525 0.212934329900474 0.0504417595783408 0.0157568973866057
0.108566158070182 0.189955855618391 0.0121045211738044 -0.0848894732396824
0.194836328042951 0.0902181105473095 -0.0945457150729787 -0.106463949449393
0.204713331116419 -0.0233616288106528 -0.177683229384159 -0.0683738763709124
0.215514414060514 -0.0473203415977465 -0.197295716048989 -0.0357781695840898
0.229204668593748 -0.0183506759225396 -0.210421717554076 -0.0379731976558509
0.258426654020955 0.134300566884695 -0.182525363383703 -0.0950479366940695
0.131951232605533 0.286149825067302 -0.0857446552355266 -0.140702681466579
-0.0998103228392923 0.31476207519431 0.00532581190158306 -0.0400628239677701
-0.386053936081117 0.0851716557067037 -0.0836750433680132 -0.0267343272111785
-0.339444158812105 -0.271677143482666 -0.150360631668014 -0.153413868740129
-0.114863997079534 -0.420824280737029 -0.0534670980599915 -0.375160342291341
-0.116694333040693 -0.412473948814889 -0.178701562587976 -0.0739906096689623
-0.323917570891933 -0.202327737942743 -0.1038364581608 0.020206501939559
-0.317914076057204 0.0808233270591939 -0.069210164339154 0.0465519985601297
-0.0677825851800969 0.2925345876544 0.0349548998880078 0.03002966550419
0.135599833934831 0.266626782601771 0.0220067023242883 -0.0314588254132033
0.254673470349267 0.139793598348835 -0.0224971223920468 -0.0652731654154512
0.272063700783508 -0.00428303409053269 -0.0857642013086457 -0.0666880740195751
0.280579876623127 -0.0333623123536782 -0.101686805734073 -0.047688567541406
0.291631725089882 0.00291305731313252 -0.106260929474039 -0.0356701873567195
0.32070317448961 0.186793079634126 -0.0924388730868676 -0.053737477592798
0.155776706053466 0.370263126795629 -0.0514716377397034 -0.0732811802189119
-0.131685243654753 0.39824253411586 -0.00625418409889036 0.00226320173988058
-0.482919148872085 0.117487270828471 -0.0715996805627793 -0.00087135299054086
-0.440380546317935 -0.328000559853101 -0.0901871114214335 -0.104471004892712
-0.168117646007062 -0.520784862818214 -0.00186744134506818 -0.223361290834867
-0.143949096145494 -0.453514228365256 -0.135249353919981 0.0891171125720089
-0.388413202243594 -0.21593564368879 -0.0178859757208503 0.0709673501158564
-0.373167487681752 0.107684856758121 -0.0540001471992418 0.0482849740590974
-0.0858922095133641 0.343973754169999 0.0128670487883425 0.0507882494144499
0.149638034194211 0.310875432364747 0.0377546601055241 0.0428315567533271
0.283628468351903 0.168863871911368 0.0669803075045215 -0.00817113436625714
0.301539238727131 0.0130010037481387 0.027262919051803 -0.0546167507941489
0.301772193107552 -0.0156661042128207 0.00990920935135536 -0.0517836599787707
0.304190729438505 0.0251695311406938 0.0103186457275775 -0.0290560266168195
0.325487367087708 0.208493343999433 0.00858812320480285 -0.00870979266595098
0.149894063950808 0.386282999835756 -0.00542295678299463 0.000301884062488953
-0.137876632371223 0.400022582262946 -0.0110718465454651 0.0438850975063945
-0.481867412460559 0.116207672473246 -0.0434681027922551 0.0262912622044294
-0.452445173791012 -0.325754066705474 -0.0141773490603045 -0.0435479490744385
-0.186197854481486 -0.527551269149399 0.0554346934927186 -0.0530101289006469
-0.153172130578284 -0.422996091536494 -0.0691935950061379 0.261762094494208
-0.387046375165959 -0.195317620090164 0.0870027286349664 0.12389851441926
-0.361052981832394 0.113324187441194 -0.0264060847929766 0.0453236398324679
-0.0857625749337408 0.3303322628428 -0.0116658538543131 0.0755959816716685
0.13603708634132 0.296272910338753 0.0571478940745875 0.122696005885879
0.265237578581774 0.166324404738401 0.160608042709001 0.0553502627262879
0.282530932696616 0.0262155058903768 0.143429163649558 -0.0359165034407565
0.277024597402297 0.00379754716665296 0.11979435858497 -0.0497826582417571
0.270233321382368 0.0437437299275585 0.11936573736959 -0.0191182794287842
0.271985638354099 0.196879773227365 0.0987603818053438 0.030416697227686
0.10742407989825 0.32962952350786 0.0364116883016801 0.0624431254986695
-0.127393282568952 0.312465673627297 -0.0134923966731215 0.0704015982125485
-0.383332247126569 0.0761647771639611 -0.00989247801062993 0.0456293000179365
-0.365332447020995 -0.272506416567593 0.0545759193312997 0.0120393067722834
-0.168620014666359 -0.440488299070473 0.105918842089026 0.0989004320247502
-0.132147476623404 -0.319515559933988 0.00504585134652279 0.412614383480274
-0.303865267539483 -0.141783902388036 0.182387965120986 0.167702465023555
-0.270253267219041 0.0887349980428454 0.00907641363116136 0.0383363107798731
-0.0718432208438782 0.241904698990941 -0.0327993515360904 0.0909178848496707
0.0914481337840543 0.222914903863823 0.0704079824692331 0.188487703212254
0.194920829443471 0.134991700744872 0.235397765382198 0.111587196203952
0.216429013708034 0.035674490657519 0.243975528225545 -0.0120199359359473
0.209741761016625 0.0237303681697869 0.211827569914732 -0.0417460293093772
0.196123911601043 0.0565376968507692 0.20314412605148 -0.00674552889694689
0.178086271403771 0.158229630440364 0.159073716847562 0.0598744263349509
0.0433217874303291 0.227775988497378 0.0609141323886892 0.1021127401771
-0.10577516913337 0.175682145996902 -0.0192326400145156 0.0743937626624342
-0.227631570227984 0.017468499836267 0.0153761798839965 0.0490938279763832
-0.220110806422094 -0.18556495276782 0.0966089493245476 0.0467493301513643
-0.12172073644871 -0.290903356031109 0.140084350230576 0.207166841351571
-0.0878016843846791 -0.1601525755754 0.0705032681916791 0.514794406239547
-0.165166276642346 -0.0624107909279575 0.246712801341429 0.199393149038251
-0.126799407908728 0.0489854322953441 0.0471699693842991 0.0282611350139203
-0.0407635919187425 0.107648193257711 -0.0476801985816022 0.0876265028302416
0.0307082989012405 0.109230286955083 0.0697379149106333 0.22238882812791
0.0887972185345019 0.0800403126751232 0.272668586886902 0.15137767008382
0.112492184724323 0.0401969740472071 0.309340668557288 0.0139092024051418
0.111229541330254 0.0408809880605935 0.270916012644821 -0.0283329585051537
0.100782692721017 0.0618450022318333 0.250577911458349 0.00819845873152089
0.0696095210055198 0.102897947504999 0.185244093825853 0.0803463953358622
-0.0189963750320621 0.110268576727787 0.0648137042942776 0.120339462667558
-0.0770148677991588 0.0418802629499033 -0.0286075575495672 0.0603116558616565
-0.072372773091693 -0.0315814843832926 0.0288689010011093 0.0392978729223777
-0.0712784403181208 -0.0816676353919386 0.111850518024048 0.0605130052351679
-0.0644105445893002 -0.113652326544284 0.155213544191198 0.261214256568991
-0.00171007607779961 -0.0326012198703797 -0.186341702685383 -0.3158622364555
-0.0437988822132109 -0.0121989156371041 -0.182356779146123 -0.0554559726321848
-0.0402485599267445 0.0426794506390022 -0.0430566971580573 0.00936479827182177
0.0343868822692774 0.0540836012588126 0.0504053225121196 -0.0198496960689894
0.052620099457942 0.00715403641709558 -0.02084074064083 -0.135561533518342
0.0356934604130228 -0.031882713976722 -0.185847664831641 -0.119214674252027
0.00568774482829986 -0.0523855751229427 -0.267465540326984 -0.0328525763945689
-0.00209884799891817 -0.0520615955617502 -0.289907168349797 0.0105741281664852
0.00361359839901212 -0.0468389602466459 -0.316989706971873 -0.0132975312713296
0.028891517057357 -0.0194069922149726 -0.275073273360278 -0.123439821274685
0.0386792137052227 0.00728599957833649 -0.120586527514063 -0.204019582508714
0.00949467177959961 0.0377799889135498 0.0261875445218479 -0.103940405061587
-0.0464496423292378 0.00552073690925391 -0.0673230230308561 -0.0552312887262437
-0.0082000982578913 -0.0507195407791359 -0.195427119294954 -0.174995076597461
0.0456012065902056 -0.0435396804131116 -0.120292131288135 -0.524307419414209
-0.0468428443934654 -0.183374795820762 -0.200971184037388 -0.281918803254967
-0.140485791343624 -0.0845754979811928 -0.176962258466463 -0.0431149677078727
-0.135213484657489 0.0505580470096405 -0.0596068583189977 0.0280638876716891
0.00243269936934223 0.132998306580487 0.0556338028555779 -0.000475087421764155
0.08624925256273 0.0974107599216462 -0.00133342466981416 -0.117298526981356
0.121646473207185 0.0251300866837302 -0.151434602219262 -0.120438867057292
0.110387358799915 -0.0447628368408409 -0.241089822774303 -0.0506691310779177
0.11424004790921 -0.0576011869284166 -0.265022672693692 -0.00959479460080371
0.126100654759736 -0.0401330718348328 -0.285642657475248 -0.0244538156316365
0.158690101896548 0.0556048876329117 -0.248956432096705 -0.114434883877782
0.0973464950790499 0.153960444073711 -0.114086387310606 -0.182675166518815
-0.0435413182189207 0.187926609697357 0.0170402619972189 -0.0771769746088894
-0.229417661618479 0.0538785422840567 -0.0825613356815594 -0.0443392772163747
-0.189757231698156 -0.168615639255932 -0.185372186653468 -0.174644206009705
-0.0466390249152905 -0.253142538763082 -0.100832153005111 -0.481725247140348
-0.0910599300063094 -0.315960700573693 -0.200417056559539 -0.200330418913975
-0.236895022202504 -0.14871215466213 -0.154358217543224 -0.0185938295672455
-0.229087957116174 0.0628255166210248 -0.0692543904623332 0.0418180641181967
-0.0323461834910021 0.21342961144084 0.050673537409821 0.0128439382770086
0.116175253118413 0.186453600226683 0.0105253288077018 -0.0841832786308656
0.199187270756606 0.0823817445499537 -0.0988110223325912 -0.102732282481033
0.203269409426472 -0.0305330560221473 -0.180656685504658 -0.0605517895532888
0.213445788734616 -0.055440996906175 -0.200424783858904 -0.0295647528330675
0.227907770296734 -0.0259097840064246 -0.211185400694584 -0.0301486096519259
0.265436700287475 0.125532543158757 -0.185309368581272 -0.0879552107019101
0.144020269284835 0.282510860638722 -0.0928899852473056 -0.135311222002042
-0.0909340162058123 0.319265574154348 0.00542262534006692 -0.0408529974768369
-0.38714083373294 0.0988522355226326 -0.0852543009191143 -0.0254761420685773
-0.351114301955625 -0.264667829918723 -0.152334671751102 -0.149897080212593
-0.12933294556182 -0.424843086528757 -0.0606050958325587 -0.376965110076262
-0.131271874999853 -0.413340019825735 -0.179602165278373 -0.0716941566815315
-0.332097403956187 -0.192606173527534 -0.101750280517884 0.0212025624217285
-0.318936873866374 0.0906840759688373 -0.0668764441278961 0.0514977504037921
-0.0587669255675473 0.294420157595072 0.0352930368535822 0.0275046171650678
0.145353883156357 0.262767087388192 0.022440217023718 -0.029814063195382
0.261120114463175 0.129455963396578 -0.0246378817356261 -0.0642596117312713
0.271494700401292 -0.013591257949463 -0.0889343248692766 -0.0616679934779448
0.27947395160455 -0.043062618157064 -0.104034913871682 -0.0444478952057469
0.291415812709092 -0.00565867047424447 -0.106766458578629 -0.031762547414575
0.330692214005624 0.176322558201607 -0.0940810315960896 -0.0495568213761736
0.171510207529288 0.36822252877614 -0.0545834799800459 -0.0684955764492401
-0.119136907343953 0.404834764370124 -0.00425764890300141 0.002914708309077
-0.482861158546969 0.133499701627118 -0.0708075164880981 -0.000799417262215439
-0.45628366461421 -0.316135192900769 -0.0909320243868249 -0.103443758842762
-0.185087275523015 -0.524222075495937 -0.00627141771714301 -0.224208422481724
-0.159765414675234 -0.454794382872506 -0.130950359355816 0.0913755983187127
-0.39658915647066 -0.204476330276582 -0.0143278810260984 0.0700435379497684
-0.375850865486375 0.120122377890174 -0.0504529921190273 0.0531699457890112
-0.0737698543318144 0.346769760505303 0.0133989900627241 0.049052367716963
0.161467421550213 0.30637539691743 0.0412880095087389 0.0441498607010857
0.290651126179508 0.156536331276327 0.0679852822608076 -0.0104249731103869
0.302095328849172 0.00264878668742807 0.0234522788499036 -0.0543275872289052
0.302028519018305 -0.0266291410483328 0.00766088762868668 -0.0520633101944575
0.304872646217993 0.0160887174868805 0.0104908555015146 -0.0290667665085223
0.336260239330261 0.197228724271507 0.00937923091539754 -0.0091468436648307
0.165558161229007 0.383690096322613 -0.00602878941068354 0.00442269180524887
-0.125571610813323 0.405977118924401 -0.00784809280533308 0.0457254815757767
-0.48257844974257 0.133850318975526 -0.0409988936723054 0.0255418302239763
-0.467114300346658 -0.31325219640409 -0.0132026497210139 -0.0441450851794988
-0.203984051770496 -0.52975684303063 0.0544849682096435 -0.0545386834692545
-0.167064622365243 -0.423494907523041 -0.0597812715153343 0.264231897334753
-0.394863150207876 -0.184377592121557 0.0925175040239616 0.119423519590328
-0.362021080986145 0.125117022841331 -0.0221934167517431 0.0494497765350253
-0.0759263528901894 0.333763335305159 -0.00995397085777757 0.0745868301812558
0.146996769244583 0.293185812925197 0.0635570289069785 0.12449931496108
0.271206970208495 0.156038044341961 0.164551416073779 0.0490750946324196
0.284291536662189 0.0164415917333037 0.142008059083608 -0.0392383047239806
0.277672499783435 -0.00641002454929349 0.118879900898841 -0.0537123375099277
0.271347336421571 0.0361609234702658 0.119981479370407 -0.0231314266516199
0.281631580693515 0.187171546605669 0.101427670058153 0.0271591574429133
0.120539548636652 0.32889770484017 0.0388952858633904 0.0647657196128155
-0.118794425833583 0.317049594410191 -0.00898934978112463 0.0733355894963543
-0.383085279980789 0.0903162917898507 -0.00648047638366979 0.0429653173545288
-0.377562671356622 -0.263428684413828 0.0565429588933512 0.00976085383388673
-0.181291841461575 -0.443012109796245 0.108710618684819 0.0982145344884287
-0.142676224663892 -0.319148387802537 0.0173141655058617 0.415678713344732
-0.310190227315204 -0.13343778491272 0.188676839733948 0.162160453213479
-0.271465116276232 0.0980011263669601 0.0126781274736918 0.0407335796290794
-0.0653907553754778 0.245305531601947 -0.0308785205649449 0.0915047973313353
0.0994283037919392 0.221786441894378 0.0791341911626518 0.188983018386459
0.200437482559841 0.127485090632317 0.24162718499926 0.101979897092353
0.218268364412667 0.0286060082021323 0.243137953500869 -0.0199275927855559
0.211311431854399 0.0157493396914606 0.210851738156354 -0.0482303598420849
0.198956476215711 0.0513742890604394 0.203947926941318 -0.0138557695335707
0.185126447376968 0.151349800421233 0.162397120792709 0.0542560559408722
0.0526629012552674 0.227470497762615 0.0643612947296011 0.102052693221605
-0.102042262194779 0.179466048894834 -0.0154471948664624 0.077655379589425
-0.228432877012684 0.0242066188078429 0.0198300052089559 0.0464866288293295
-0.227401535805011 -0.178757371524079 0.0985544991043338 0.0430387749368143
-0.130268573581156 -0.291380139965602 0.145712340342396 0.205208698922518
-0.0930381368837324 -0.160001649706393 0.0842680483241568 0.516273544968578
-0.167987650507806 -0.0577596393991386 0.253756843951675 0.192359527175015
-0.127403504281344 0.0530265247536384 0.0511983837399669 0.0286730020047073
-0.0376081371711252 0.109696673415067 -0.0447492114592628 0.0892753552440538
0.0344052620128825 0.109419112939865 0.0790900742041765 0.222843438016842
0.0918951946848162 0.076987775907261 0.281109786542378 0.140576063805206
0.114444600723273 0.0369714265138647 0.309770589112382 0.00269997817271025
0.113155452801789 0.0368610120354025 0.27129242844795 -0.0373435035419441
0.103296396051752 0.0589469950121785 0.251908161021146 -0.00100770754064116
0.0736593599933384 0.100321511660826 0.188296566896548 0.0736656481141591
-0.0148602030468427 0.111693622048793 0.0697341105270113 0.118917325005064
-0.0773114717499457 0.0448242630951755 -0.0266341800090261 0.0626838932447733
-0.0735891770564377 -0.0299812918735258 0.0328234326998643 0.036324298550002
-0.0741106748011293 -0.0794799133787412 0.112844892642799 0.0563414190894146
-0.0669758437382205 -0.113012488013048 0.161974838509206 0.258264456899612
-0.00345270008610334 -0.0315124470320302 -0.199388581813142 -0.306128162841748
-0.0442207547004824 -0.00983830603583541 -0.183388879585955 -0.0452789073545855
-0.0376047463211082 0.0447788305965435 -0.0434526460472362 0.012537419990823
0.0376606916769368 0.051561981829462 0.0495758642770199 -0.0219285876492917
0.0529967938817726 0.00385801393429785 -0.0272725591563919 -0.133956669069197
0.033977473583396 -0.0339460847254213 -0.191007542928038 -0.107052735702462
0.00186884822765751 -0.0521105671705168 -0.265791076640195 -0.0177870909524799
-0.00534062876453042 -0.05096195347613 -0.288152823844264 0.0251939089628346
-0.000252824918067407 -0.0462391474309626 -0.313803591569919 0.00348008231615739
0.0278855682939937 -0.0210031173483725 -0.279237124831972 -0.106459683406534
0.0393555712556286 0.00455421605093218 -0.132241681049626 -0.195896885555477
0.011633658186241 0.0363263430911985 0.0199192756932578 -0.10619761554596
-0.0458249931765033 0.0086136943078769 -0.0718214544608459 -0.0513893602164412
-0.010491146838654 -0.0500031430066218 -0.199953145044768 -0.165178933114994
0.0417321194478512 -0.0462349577938565 -0.143734717111629 -0.516363173899995
-0.0564667784697708 -0.179380708189953 -0.212326199700599 -0.272898464120563
-0.143306037286456 -0.077054840597046 -0.176584301628693 -0.0345958879859608
-0.131865007557241 0.0576091886829656 -0.0581987228246729 0.0320311576209744
0.00912487598319624 0.130975264499754 0.0547571472560646 -0.00408972907046015
0.0912877956957187 0.0913931236502276 -0.00651891550768979 -0.11560489994747
0.122011778375711 0.0177399106929485 -0.156207245267557 -0.109852537401536
0.106357921470384 -0.0502135791302147 -0.241163156077597 -0.036159612524387
0.109299361342709 -0.0632908097682549 -0.263761151989113 0.00385701518931244
0.121711203194134 -0.0448299065258783 -0.283923001733306 -0.00867771607913942
0.161479871471688 0.0460645012978707 -0.252723775902752 -0.099415810048914
0.105580989224751 0.146983349727191 -0.124001336597259 -0.173376738999649
-0.0334400956030646 0.187937524820801 0.0133615493050303 -0.0784445098352776
-0.226285850919142 0.0654863644745984 -0.08453458773237 -0.0410004151794702
-0.198208443747474 -0.158669096352891 -0.190673252593399 -0.164705344282394
-0.0604057613039764 -0.25154322584427 -0.122173991734136 -0.474885787400628
-0.106508191242374 -0.309171314135868 -0.207525050084534 -0.192459759618513
-0.241786454826317 -0.135051897481831 -0.152389114612399 -0.0116356706431645
-0.225960517166497 0.0743250229118613 -0.066104367751631 0.0471199602401099
-0.0209488145777429 0.212568895446744 0.0498938441204919 0.00913405262811698
0.125864410713489 0.177396871895957 0.00726503142444325 -0.0820681301504635
0.201809630442495 0.0697438880951786 -0.102912254376145 -0.0955528987308668
0.199112471495763 -0.0411921291380275 -0.182509927529181 -0.0489578042401708
0.208098362388571 -0.0659745860247155 -0.201236198399471 -0.019187529637011
0.223897908919847 -0.0358167849560363 -0.210694953198738 -0.0185597250497938
0.272009892521364 0.110042303261975 -0.187760806083215 -0.0765854688389896
0.160289074873171 0.273485891161477 -0.0994378182823641 -0.126783289408491
-0.0738196290052835 0.321233397427269 0.00451348323711927 -0.0413283361180593
-0.380777438940136 0.118501503530193 -0.0861708062598161 -0.0228365832838519
-0.36394229555634 -0.245891987988585 -0.155801834471547 -0.142514441506777
-0.151356158399675 -0.420524960973162 -0.0776572237494155 -0.372713119902875
-0.152940087217188 -0.405311608474174 -0.180353787417394 -0.0658032347206223
-0.338998102375415 -0.174686744636557 -0.0988450570122596 0.0247029502867891
-0.314443570858341 0.106656859342859 -0.062246779370431 0.0563858199674251
-0.0431109466053312 0.294470102627705 0.0351267126391647 0.0238574407478413
0.159415867558517 0.252602775368497 0.0224567250019795 -0.0290562952939101
0.265619378705425 0.113116149194018 -0.0272559676433777 -0.0623349896229956
0.268101666989938 -0.0282371743659572 -0.0919697004623938 -0.054844019092454
0.273938556550925 -0.0579650212204621 -0.106764217008843 -0.0389176315654046
0.287680626487691 -0.0194125791306929 -0.106411181889496 -0.0256268927774852
0.339435506117691 0.156441604156136 -0.0949279567314597 -0.0439693727206286
0.192323947748969 0.356050365467451 -0.0579218238738713 -0.061577507167777
-0.0987748702725376 0.407786014248369 -0.00204159989713246 0.00360088239770056
-0.474830878004905 0.156653934106981 -0.0702047132834287 5.2181098085284E-05
-0.471605673163383 -0.29217558675401 -0.0933767949279277 -0.0985145940078164
-0.211060853125446 -0.517971188762869 -0.0157033919532288 -0.222806000702319
-0.183153572230597 -0.445697942242554 -0.124178936287974 0.094179179544106
-0.403625496217437 -0.1837828967806 -0.00965560310769444 0.0678913054810696
-0.369498079164244 0.138131076521712 -0.0449078888955554 0.058160821980406
-0.0563192081729402 0.348424089191286 0.0141725119311311 0.0463838990532245
0.177640727940893 0.294826386189463 0.0453018799166859 0.0445331253344686
0.296259092816872 0.138807152896881 0.0678808256511255 -0.015112507904215
0.298871967452719 -0.0139036368344968 0.0197559396691255 -0.0532031838105412
0.297024271433657 -0.0432769135125163 0.00425959827625195 -0.0522871495233636
0.303815477430113 0.00143511219609141 0.0100032771730683 -0.0295987086263242
0.346146028505935 0.176569153779924 0.0100923299100854 -0.00916117045246935
0.187115477326079 0.373101324580726 -0.00545164968370695 0.00802529351978517
-0.104781052135813 0.409477497927803 -0.00316364311403726 0.0467588572252852
-0.473427560471757 0.157180545402594 -0.0383274965875645 0.0243598688657985
-0.481674062808561 -0.288011002658438 -0.0135658797607529 -0.0432771879642376
-0.228866798147058 -0.522822350319761 0.0519329929292367 -0.0551638355740815
-0.188579045503101 -0.414256415091477 -0.0454397515703859 0.263661980458999
-0.400444920236939 -0.163234863958447 0.0985271120897014 0.111848798828759
-0.355617002246453 0.144256271764567 -0.0163586287405387 0.0520811020899474
-0.0590726232786726 0.336272342679952 -0.00743248471181614 0.07347137317316
0.162751649075816 0.283767613007617 0.0721987710357975 0.122322545098407
0.277607440341864 0.139024234674755 0.166941247257228 0.0385889583842557
0.283027103507202 0.00127302034733198 0.137400352143356 -0.0459723805661668
0.274042262236012 -0.0211088520764274 0.114390998757043 -0.0588221501861179
0.270958391163948 0.0227189614167586 0.118591079303297 -0.0297489062595159
0.290986391613195 0.170091991903895 0.10327361460143 0.0212546297833564
0.139397890932777 0.319750923907629 0.042762695261021 0.0648192050857658
-0.102037234392844 0.320486413340418 -0.00353604584433729 0.074417105278957
-0.376653121737926 0.108332734418156 -0.00231699345083212 0.0402194867175281
-0.388519761231135 -0.243626977380316 0.0574673707767806 0.00608263685223624
-0.201331895418418 -0.43658801647041 0.112421009166889 0.0934785128029052
-0.157493194444782 -0.311536866350032 0.0384907842398827 0.411137644113841
-0.314466974857191 -0.117175732838672 0.195289409684226 0.150540407837738
-0.26754594195684 0.111091298383998 0.0182222398704473 0.0415468563153531
-0.0529785924493368 0.247821928232241 -0.0269973360906355 0.0917105535692711
0.110735288810484 0.215230470067033 0.0908176697902778 0.185575495738486
0.204858767371005 0.11530075212971 0.246463109742378 0.0856417594504091
0.217753827639116 0.0167964453260588 0.239248725395355 -0.0321001489748094
0.20993253371181 0.00405405074084383 0.206845087936769 -0.0581927251888555
0.200401138259438 0.0406414167443182 0.20117255708569 -0.0252000692149792
0.192295914130045 0.139347435998221 0.164208293174748 0.0449969652001078
0.0647841899423029 0.222642433022659 0.0701772517238739 0.0998514333416481
-0.0924147820994218 0.182645593346739 -0.010099507774176 0.0787733816996892
-0.226194589779645 0.0352668362155423 0.0240007229044639 0.0416703892099868
-0.234621654590833 -0.165617296725639 0.0999628722949503 0.037237235797278
-0.143718194141511 -0.286661538011731 0.153104438210477 0.19837921890112
-0.0995144888592664 -0.155883713285028 0.110024831986753 0.510466268519676
-0.169599194495281 -0.0495679589570396 0.260870690414368 0.178489938166321
-0.125366544244571 0.0590556760552468 0.0553139231770948 0.026866234162772
-0.0326213441262548 0.111337304304037 -0.0404208623982635 0.0910347308488953
0.0397431853735154 0.107230817339559 0.0921401144628477 0.218493405790083
0.0944319318813199 0.0710849018086027 0.286986901326705 0.122021864367336
0.115488997416143 0.0312820368714525 0.306474370680321 -0.0144723161625805
0.114278522558092 0.029911363715157 0.26660729239209 -0.0499651514105364
0.106077457351357 0.0532424768238036 0.248890774402524 -0.0148955222554503
0.0788187051270596 0.0948957166704982 0.190300583264692 0.0620181842097991
-0.00870372728157301 0.111565188275317 0.0755471322438053 0.115148780347182
-0.074704904396999 0.0483312260263945 -0.0223181404549591 0.0645070120656213
-0.0749999514795611 -0.0261140978713524 0.0363803103276365 0.0320878372109043
-0.0771689375792687 -0.0745246622480796 0.113065831873494 0.049206199224709
-0.0716113522491429 -0.109771254105774 0.1714652572799 0.250066884830602
-0.00500441254684406 -0.0297149993209817 -0.207492665674648 -0.288092017254462
-0.0427997920737573 -0.00707073622230323 -0.178032961846459 -0.0344433974804989
-0.0340844628929126 0.0450820541564711 -0.0426087598000255 0.0155737186157977
0.0389883035235529 0.0469337411684242 0.0467440873101201 -0.0238214680783747
0.0515110257731524 0.000748411853695306 -0.0331097598118689 -0.127331449637123
0.0307268390917526 -0.0350166582186361 -0.188960747947044 -0.0922954684212899
-0.00134742046631717 -0.0501193708580804 -0.256011664489237 -0.00347472525274471
-0.00851098196136917 -0.0479637874744113 -0.276269324679547 0.0379137220747645
-0.00275901265623812 -0.0438775739782883 -0.301991336094391 0.0196627726189162
0.0261638315498157 -0.0224117465961588 -0.27478340126276 -0.0873340120840198
0.0386044891862719 0.00152501001410447 -0.138150372955323 -0.180601856994187
0.0137551667033173 0.0338239427702071 0.0135715764410479 -0.104347343115753
-0.0435307294738525 0.0110590894366105 -0.0730476733833852 -0.0464998035498165
-0.0130490662137503 -0.0476717507749124 -0.198795106269726 -0.150738900606923
0.0374371474856485 -0.04716612452898 -0.162057525726507 -0.492990063782016
-0.0633839241465833 -0.170181660723816 -0.216673790843832 -0.256306403356988
-0.140902970224716 -0.0669632091165817 -0.170625327034555 -0.0250981350508483
-0.124379169733035 0.061989978189504 -0.054587676736617 0.0356094035100289
0.0159212905239741 0.124685886854987 0.0521248658697459 -0.00717465340297522
0.092598583942033 0.0830280172145674 -0.011613715072642 -0.110280657461908
0.118174106586302 0.0097597106628805 -0.155468173068793 -0.096363233967442
0.0989308054586123 -0.0536676037842938 -0.233554621580191 -0.0211398166215195
0.101619651006911 -0.0661623755493985 -0.255053293533742 0.0163848150363286
0.114363488143873 -0.0487933328648893 -0.273405657321461 0.00673292119822857
0.158407367661326 0.0356074623800052 -0.248550634495303 -0.0816115602637984
0.110831064465484 0.135959472270157 -0.129025356282255 -0.159035420552703
-0.0235025145526945 0.182267795077393 0.00981271000022463 -0.0773414543873485
-0.214978955006109 0.0750969096553489 -0.0844069277554467 -0.0359724397266278
-0.199199416346584 -0.143838776237448 -0.189194256044549 -0.151621111081229
-0.0716503668296554 -0.241893282962093 -0.139044113705649 -0.45446342033828
-0.118926913948573 -0.293551280444329 -0.208649473020922 -0.17938023022022
-0.23860038632057 -0.118385069586352 -0.146077465953099 -0.00538781677155891
-0.214470402040784 0.0839244597491634 -0.060849628775178 0.0503381164656877
-0.00948091701183167 0.204219459230047 0.046943763196273 0.00575693080153207
0.130752298543333 0.163993347597316 0.0043101040584562 -0.0781369040246971
0.1973886078552 0.0561355034972657 -0.103491010346623 -0.0860135799188903
0.188855975038983 -0.0499129561560468 -0.177824152063177 -0.0362688482214946
0.196076973687318 -0.074261786635537 -0.195358123324289 -0.00853794424745224
0.21297985911868 -0.0443947252675591 -0.202682028043829 -0.00687171259038737
0.2682560753266 0.0908068253055807 -0.184666490958861 -0.0639539410782121
0.170171577001341 0.254804074344272 -0.1032491886829 -0.114323290455629
-0.0553943167550935 0.313215921954859 0.00324345135546142 -0.0407895173730806
-0.362373216182676 0.133456054720202 -0.0845434700079839 -0.0193333721520352
-0.365886615291473 -0.219828160604395 -0.153477913520327 -0.131714268338273
-0.167696321128796 -0.402591513919794 -0.0907559325769022 -0.355763806788208
-0.168645931500898 -0.385475328721519 -0.176507252263192 -0.0588899813864456
-0.334539443528758 -0.151819640622416 -0.0924315020127049 0.025812231341853
-0.299142741436991 0.119729135440987 -0.0559074234913078 0.0588366991862271
-0.0274090267138779 0.284966528083211 0.0329521361302753 0.020580904279343
0.167407594689569 0.234525098097906 0.0224462707307724 -0.0269523991841614
0.261376210795305 0.0942700697373324 -0.0285248163214567 -0.0592685237362494
0.256010175884193 -0.0415872716043141 -0.0915545951152177 -0.0463975997778221
0.260016816209711 -0.0703891125084148 -0.105376601832717 -0.0317913481485772
0.275320215113963 -0.0320667480261102 -0.10279080595851 -0.0196886365323052
0.337194140904271 0.13163800233703 -0.092857345165798 -0.0371999649264339
0.205235361173362 0.33208101326806 -0.0594105325826105 -0.0529318128939636
-0.0753843849855385 0.39801081020188 0.000269203218501059 0.00265585884904964
-0.450682443382081 0.17498084454149 -0.0673474386974377 0.00140138524633154
-0.470305158685021 -0.260558018204746 -0.0916606396554009 -0.0920968961741505
-0.231250024654517 -0.493686859921466 -0.0234903390713195 -0.214533173402744
-0.200060339209822 -0.422211547730334 -0.114704998697634 0.0937961239666913
-0.398822998836064 -0.158334793841096 -0.00522207975578658 0.0638842414363823
-0.351415754305461 0.153725636015518 -0.0381644607484745 0.0598326197733404
-0.0365131596604096 0.338586248090165 0.0149135090680869 0.0437693789947983
0.187259055033037 0.274805150665399 0.0486813655211319 0.0417991279784399
0.292594451964174 0.117089978328007 0.0655350586029386 -0.019166998984209
0.287459243737934 -0.0285543355188865 0.0159142220328091 -0.0511994437207007
0.282839883200796 -0.0572871700568222 0.000854964039009748 -0.0501193156396826
0.292073592022285 -0.0126499488266628 0.00925348116490606 -0.029051159501532
0.343770817953838 0.150955480343733 0.0102757099268986 -0.00946077888474869
0.201544383601207 0.34931537532352 -0.00372194805278223 0.0118431590118093
-0.0814758180211165 0.400107738840569 0.00139035290187639 0.0450507813898393
-0.450267353704521 0.176683495505285 -0.0350260769872404 0.0222361463619511
-0.47970491550364 -0.256214612997041 -0.0132048053738352 -0.0422985379248647
-0.249542842647462 -0.496590913255568 0.0494194556828878 -0.0556755569367235
-0.203065861405802 -0.392015037076555 -0.030524192446202 0.25453452134983
-0.394781410678478 -0.13974990999298 0.100348855637304 0.101093664528462
-0.339016013769706 0.15824611341053 -0.00963996397910913 0.052239921221962
-0.0402882508449776 0.327376966846103 -0.00523322396395803 0.0703833740092076
0.172105069848559 0.265015354118704 0.078866928318026 0.116853956903595
0.274165324500121 0.119064752200583 0.164007681050289 0.0259243239432414
0.272352560333718 -0.0133867620720238 0.129635746832895 -0.0502526900532332
0.262453965466834 -0.0351869941246892 0.106991007369628 -0.0616902758818361
0.262462146035968 0.0087207932913965 0.113062856704663 -0.0348479396988473
0.289690324558694 0.147250473900423 0.100991206149641 0.0150800510486204
0.1524759820168 0.301058668323832 0.0454554695170025 0.0633323895564361
-0.0838404051586005 0.313905911336921 0.00229110917292987 0.0724017511069262
-0.35806452026613 0.12333940917003 0.00086908052904622 0.0355673873551557
-0.387957670234225 -0.214454032821835 0.0567953635058886 0.00187745043959211
-0.21754819786949 -0.41477550327529 0.113910355463642 0.0855725330509935
-0.167885129413506 -0.294723144002416 0.0567606934232731 0.394819039589148
-0.308777439850183 -0.098880820129785 0.195747956508545 0.13470625904085
-0.254693133616718 0.121669815153668 0.0229179933944988 0.0401470985174021
-0.0393498397583192 0.241639453083299 -0.0226085201279031 0.0898307889072768
0.118644335174911 0.202393546857792 0.0992610296429122 0.176319714161193
0.202650777452541 0.0998589286463121 0.242736696768524 0.0683225593111008
0.210929604920273 0.00501868081669485 0.227879749417374 -0.0429677630940394
0.201907754164206 -0.00754984999499985 0.19685243091693 -0.0654637164289025
0.195034043016463 0.0291484740406221 0.192548933262933 -0.0341707105022092
0.192890472417893 0.123407173360526 0.161027429511722 0.0339002955219849
0.075104085932904 0.210672860704184 0.0733184476056304 0.0945000762441797
-0.0805517083938761 0.180246726161457 -0.0041013395838308 0.0768733994259964
-0.215941897276308 0.045284511992838 0.0265009561839454 0.0362109468801758
-0.234634777197024 -0.148952519247097 0.0975755206667833 0.030777342155697
-0.152066509555014 -0.271460261989901 0.157053463597706 0.184637154148413
-0.103105673734702 -0.146414833369628 0.128529359395782 0.489858433144671
-0.165809340586525 -0.0400544507114728 0.259239475796313 0.15982753362344
-0.119443105630065 0.0632503587822178 0.0569503018824576 0.0238249404475483
-0.0265136034259649 0.109536641958353 -0.0350700333159633 0.0897793115988104
0.0439232679383948 0.102189807696467 0.10163472981129 0.207540844368881
0.0942551564802153 0.0642151228978234 0.28382558237721 0.100637507087235
0.112841111382016 0.024347726512224 0.293007077847739 -0.0299249082226993
0.11156871591821 0.0225214363103105 0.255714470436629 -0.0612463192510646
0.105790361861922 0.0456044242980091 0.238359996431469 -0.0270822057742178
0.0805026467994599 0.0863268803354652 0.186178270866911 0.049593576747297
-0.0025699294033697 0.108885383626931 0.0792973611622171 0.106555038872258
-0.0701267845712484 0.0505149559851748 -0.0174309984915317 0.0645971166571035
-0.0731463472909722 -0.0215556530834535 0.0381379096454811 0.0258627589118489
-0.0778452441768236 -0.0680509820894596 0.110015321204088 0.0415373823693752
-0.0734816679969499 -0.103629518953198 0.176328964283865 0.233837930786945
-0.0111742834920432 -0.0281734707329946 -0.227282164611738 -0.246926962215448
-0.0415435301485996 -0.00171711175900176 -0.168659796254247 -0.0109058054492484
-0.0270881649373467 0.0464875824497736 -0.0370646901024707 0.0196750969495128
0.0413801584854014 0.039675950386116 0.0412069262817159 -0.0314158491253318
0.0489656726080319 -0.00563947851601321 -0.0483022681220315 -0.117502109933633
0.0243558842609725 -0.0363858782131146 -0.189581930925891 -0.0638839294406834
-0.00804255580915083 -0.0451207517335605 -0.245287701299606 0.0260618390368779
-0.013283049114966 -0.0433650375705242 -0.254498993433094 0.0669190600188777
-0.00789207604622973 -0.0392855196526325 -0.281011285928095 0.0524323353946051
0.023249853016198 -0.0233462208728173 -0.268012452264969 -0.0482017775359601
0.0365753088150392 -0.00192435150364014 -0.150775824940347 -0.155214192116932
0.0152311726955309 0.0294109696366768 0.00169644296162433 -0.101175397452415
-0.0389796182552888 0.0169227643000999 -0.0762492835841402 -0.0332435616820245
-0.0182975734700153 -0.0387455315769427 -0.204115653042882 -0.121358359777582
0.0214161110425686 -0.0454238923676635 -0.206985223574342 -0.45088762308928
-0.0860206554333206 -0.156715959012991 -0.226021503750917 -0.205310037822765
-0.140387145704227 -0.0481336876253141 -0.157032239518217 -0.00190960061592667
-0.109793079296269 0.0730936361421878 -0.0414597230687278 0.0396621990283994
0.0268540535308586 0.11403727829197 0.049287800372852 -0.0178344390391294
0.0961502042076854 0.066721759541247 -0.0252303118943278 -0.10766899846152
0.110775098927879 -0.00365856317315831 -0.1590688174977 -0.0762246487962818
0.0840495598937564 -0.0592694169302535 -0.225220133524896 0.00347499444419645
0.0866161802807985 -0.0727622612273553 -0.237393999976109 0.0441644116455634
0.101146722851504 -0.0568894899460941 -0.253560853279921 0.0351752798875951
0.152467232537247 0.014887495929249 -0.238899758058571 -0.0480127037698361
0.120180928200291 0.114011583150829 -0.134829565028437 -0.135692812952025
-0.00246714296342456 0.171642724162011 0.00445546770409165 -0.0725412094209607
-0.189987206493217 0.0979121696247172 -0.087581569131142 -0.0172466728406314
-0.201111387677806 -0.106059054604103 -0.204048345272203 -0.121793531099435
-0.10260029917816 -0.212867369196014 -0.183178352624901 -0.423425370995996
-0.155038892932274 -0.26820048670892 -0.202297076468522 -0.125171696809294
-0.237230908128377 -0.0863390584195965 -0.129373138725209 0.0142242761641825
-0.192723151373134 0.103617447363121 -0.0407388419097225 0.0534288213075899
0.0117398353330208 0.190896229764056 0.0481714810078566 -0.00702117380331222
0.140441818583228 0.138174021944966 -0.00476916263121875 -0.0834885212701275
0.190377325763647 0.0307896804917526 -0.108755316031093 -0.0756599008543861
0.168322553211778 -0.06574849072148 -0.173557224192801 -0.0188892069767053
0.174327213034964 -0.0914864684834127 -0.183816696368112 0.0138411544450196
0.1941129212153 -0.0644985569386303 -0.188254199155444 0.0126743604832551
0.260785444555087 0.0527904408605232 -0.173673127581768 -0.0400080964806154
0.189865063131253 0.216867313304928 -0.10130383061834 -0.096762551645381
-0.0192664410775424 0.296184522058965 0.00623090198239484 -0.0345994355988302
-0.320107145536427 0.170785056424395 -0.0867943542067491 0.00237461664241454
-0.362014685111034 -0.159124357022988 -0.178185834737135 -0.10583812420537
-0.211108125319896 -0.349972980173119 -0.130065469504135 -0.339660868625367
-0.215433428589375 -0.350654745006239 -0.15265195681874 -0.00735093675126176
-0.329585403787538 -0.107353432578043 -0.0724686893144157 0.0376405299144003
-0.268640423728596 0.147650287826494 -0.0301454263485257 0.0600936306747721
0.00350559087620983 0.268502277118395 0.0386923368981884 0.00636941309845911
0.182446850056429 0.200858788975513 0.0191870449815458 -0.0399367726119393
0.253943333267263 0.0599820127791042 -0.035811270406275 -0.0624625574952504
0.232226207477574 -0.0654180458455135 -0.0921570570157257 -0.0404446505814518
0.234382537573367 -0.0957484963702339 -0.102529291786446 -0.0182357574916981
0.254493215787665 -0.060181413909623 -0.0947375024554617 -0.0113950970226845
0.328414717855525 0.0825392645261218 -0.0823839124984104 -0.0270124507039484
0.2335572626158 0.286340755300879 -0.0506749672233008 -0.044127177554289
-0.0277116854367986 0.376060626837856 0.010373018616801 0.00916914614912127
-0.397197990472777 0.220755197947054 -0.0693253822098679 0.0231214717534785
-0.464369790215322 -0.185402338774254 -0.120411536382336 -0.0750802609398317
-0.280072127734261 -0.427157494370192 -0.0518773052456745 -0.215640315691154
-0.247828416051475 -0.381973383215992 -0.073773742565368 0.132194785231328
-0.391227097719924 -0.107538308847273 0.0153981103503571 0.0634092498609741
-0.313962622716781 0.18580585301372 -0.0095737717625222 0.0566089485630629
-0.000757824542574677 0.319758851186457 0.0247898460258153 0.0295642228019915
0.204804441377082 0.236606783007671 0.0534230356954809 0.0211312248261751
0.286320437563773 0.0782580246038898 0.0569894595253239 -0.0377757168758391
0.263544722661818 -0.0573470251771287 0.0100103530552545 -0.0585080932340959
0.257508094882182 -0.0855325567310701 -0.00410834773416027 -0.0483195383431196
0.271461329513006 -0.0447569647585244 0.0100049477719298 -0.0329008312531705
0.337293292441507 0.0990177847535865 0.0179964557631188 -0.0134225041285224
0.230887207610505 0.300520522266345 0.00867499080106262 0.0108506626831319
-0.0332479160017826 0.378843176624315 0.0169951530661085 0.049066922172587
-0.396151387933035 0.220579228656944 -0.035448593305932 0.038525204866775
-0.471171401456965 -0.180303201358316 -0.0418733434907486 -0.0370934999681158
-0.292645455518667 -0.429934627448021 0.0349402706533846 -0.0735509167158147
-0.244591510119082 -0.352798663264332 0.0237384967023614 0.271904676473344
-0.385922956099385 -0.0905875769245056 0.119362215241719 0.0862451017339667
-0.303186580153556 0.187829662364059 0.0159155701663185 0.0461137778453279
-0.00548846642880354 0.311222325493247 0.0103385090000672 0.0585413719028655
0.189423825204983 0.230306030334311 0.0914328231044513 0.0882314387357061
0.269408274473101 0.0816737164149515 0.155740476436441 -0.00654789237172954
0.251507048743276 -0.0419422798493656 0.11765180065221 -0.0705390024489108
0.240754621532896 -0.0633218892582018 0.0941689608574622 -0.0718303708942702
0.24610890662408 -0.0217556649384586 0.106195178087793 -0.0491478814243639
0.285473183732196 0.10098801374142 0.104697184436091 -0.000970173580369269
0.178037186628438 0.260347929962677 0.059537545770994 0.0547865403307182
-0.0436277879788111 0.298493807042801 0.0190902527521855 0.0744718385088726
-0.316654285250111 0.15896087956494 0.000631894872323114 0.0428414300935094
-0.380338391268005 -0.153476602846424 0.0328865484567636 -0.00448995531431187
-0.251285963277066 -0.357225440809751 0.112570657918199 0.0560147390635716
-0.197728191389702 -0.262594117192176 0.117598505085222 0.387658327839354
-0.300122056931497 -0.062155224652387 0.209654467964952 0.106262498513085
-0.227085996860122 0.14290918532174 0.0418387962356004 0.0313352469426383
-0.0130180882444231 0.230670930761092 -0.00482620930063455 0.0811301458552081
0.132278546872853 0.177791902177254 0.118579100211435 0.144875638403625
0.200765232723901 0.0718795867841037 0.235592351754015 0.0261894872072257
0.197644122601176 -0.018254741343487 0.212578231066927 -0.0730492727710309
0.187406891533656 -0.0300928435581999 0.177219551250626 -0.0854720084804886
0.186110339382847 0.00479830332827462 0.179946280816528 -0.056232354782885
0.192413848276621 0.0910527810122686 0.160289434029037 0.0110378942838971
0.0950430858796866 0.186039382854267 0.0863011325421733 0.0810818957789902
-0.0550997075467425 0.174738786452325 0.00939141197357791 0.0781800151331151
-0.194617088035608 0.0683711038394745 0.0263623106053689 0.0350330642080142
-0.23169587483599 -0.111061546243314 0.081636426427309 0.0167867535217479
-0.171503737836868 -0.233540701562621 0.16610430437461 0.149475785816387
-0.114877204322966 -0.127360548817408 0.188110995771761 0.458704545708273
-0.15830996882309 -0.0215537748274133 0.26759498981718 0.121514043962629
-0.105871346705476 0.0730184211528607 0.065090221581926 0.0133338795698405
-0.014077891855152 0.105605635746637 -0.018673072935686 0.0872115035654149
0.0515495916085845 0.0919709072908602 0.123957936516476 0.178557323384757
0.0951703457339149 0.049606131869213 0.279045763846838 0.0560037125188165
0.109364712481677 0.00969765014409147 0.276369064143698 -0.0652722063516593
0.10661448899512 0.00818478485861213 0.232462328216778 -0.0873162653107414
0.104397021812157 0.0289972096982635 0.222658354079891 -0.0532433833574593
0.0832856821244941 0.0701262172843689 0.182669355491884 0.0232691943509702
0.0107213734831055 0.100351437405138 0.0888497800799115 0.0920650724782855
-0.0587780240787713 0.0540827708083995 -0.00791866257967441 0.0659443807079592
-0.0705335871720078 -0.0123604802027642 0.03702370753128 0.0193969160635533
-0.0790301109163572 -0.0550980323103847 0.102914928135045 0.024703743835988
-0.0766232405717084 -0.0883896799731944 0.190893637724208 0.198535368626953
-0.0104248020594251 -0.0266901850929978 -0.212386632131967 -0.239302318140461
-0.0393189979597901 -0.00167765520850041 -0.158861914353543 -0.0136655407009315
-0.0257963815318257 0.0439409496453828 -0.0355792913134901 0.0201044048857933
0.0387185156832481 0.0372986709543526 0.0397254340663793 -0.0300933954299148
0.0467701597499498 -0.00492913830152123 -0.044657112534595 -0.112524663048293
0.0234927469704388 -0.0344311546572365 -0.177991662306437 -0.0620718252229302
-0.00790130901883256 -0.0428213369129087 -0.231595156392936 0.0212777007346963
-0.0120586576047694 -0.0406758278564489 -0.243493947851695 0.0598525658223689
-0.00700506023019934 -0.0363746091563008 -0.266774203950754 0.0462274852817985
0.0227981131653306 -0.0226474772955736 -0.254177271120169 -0.0482451872493414
0.0346087967959033 -0.00209787006156989 -0.141367005634537 -0.148143773150696
0.0142442547346978 0.0276167070509612 0.00185619182679505 -0.0967177861518668
-0.0364173796252975 0.0155958688996761 -0.0722329604054609 -0.0320478095795979
-0.0166727337159908 -0.0368004795471568 -0.190111848621356 -0.119088719504553
0.0199587329769094 -0.0428083169393475 -0.189714135742248 -0.433133599018024
-0.0799947773165552 -0.149716002919283 -0.211877081556232 -0.200888857306936
-0.131628981569057 -0.0466984652118441 -0.14786986984873 -0.00625425746884295
-0.104951865574826 0.0680043272988964 -0.0401250190014653 0.0387198130298498
0.0241123608005069 0.107605544755269 0.047031527337132 -0.0160648162192046
0.0902350892178268 0.0638536940576715 -0.02209013891872 -0.102482165233684
0.104917948546372 -0.0023752414607811 -0.149240405378677 -0.0741908195324505
0.0802204655347373 -0.0550936987645044 -0.212228242041535 0.000639234578645284
0.0825991736232685 -0.0679891727787519 -0.226674774012243 0.0390878679982233
0.096901881238632 -0.0514875836904776 -0.240626919611638 0.0297035852346033
0.145204654380037 0.0151514439479155 -0.225466045457587 -0.0478869270900983
0.113547528029567 0.108818026656058 -0.126847103738065 -0.129287739402325
-0.005028157386045 0.162378298954169 0.00559066667350516 -0.0700477772808954
-0.181528762213255 0.0902643629704292 -0.0840198315875301 -0.0183213965873782
-0.189982274852 -0.103655674571309 -0.18951132145397 -0.121110350147837
-0.0960959194907554 -0.203771965377447 -0.166028377619126 -0.40544505649384
-0.144499778999237 -0.256745876889072 -0.190959021502499 -0.124784516335708
-0.223374404999642 -0.0850230483977524 -0.122037741435768 0.0095945887392515
-0.183696380274444 0.0965538291390063 -0.0391553179723404 0.051939590087804
0.00847466640215644 0.179872537636895 0.0445630068929576 -0.00491946803995477
0.131773890219524 0.132553720434095 -0.00194138037031711 -0.0786045156094673
0.179321330301191 0.0311815522850985 -0.101701260635718 -0.073748087964021
0.16001847619899 -0.0600531056269922 -0.164019346520956 -0.0197430608172233
0.165950397654258 -0.0843012045178356 -0.175542525087728 0.0111786128720937
0.18512475213626 -0.05722429243853 -0.178080666201459 0.00950929046158964
0.247635498734846 0.0520236480392655 -0.163364257958353 -0.0398340874944787
0.178446086572192 0.207879550106491 -0.095293286873069 -0.091003121945203
-0.0222015729068518 0.280695798552473 0.00686175852509918 -0.0343546614837371
-0.306391887243023 0.157804209590813 -0.0835353211131387 0.000166240553269892
-0.342516761363043 -0.156705152115717 -0.164892053323463 -0.105382807144064
-0.197174950117816 -0.336456380717185 -0.117903885911936 -0.327038356846967
-0.199454443641013 -0.335676706862437 -0.145673309006195 -0.0127653089595071
-0.313167773653037 -0.106747013487301 -0.0683736177442649 0.032328520462302
-0.256806709799318 0.137203399041371 -0.0280203769889761 0.0571720910820462
-0.000463954492866111 0.253552998368366 0.0351195718646497 0.00729337558327163
0.170653843067488 0.191878424057624 0.0213484344850869 -0.0373955355974661
0.239599506990795 0.0590525065898497 -0.0326630546760458 -0.0606287596337516
0.220610941837936 -0.0591491555560239 -0.0868025844540405 -0.0382584970348031
0.222814938185154 -0.0872036194758727 -0.0974341711784609 -0.0186322065637983
0.242331797687268 -0.0522478579192713 -0.0886922890400533 -0.0125202171249887
0.310427362428667 0.0807727866808862 -0.077228260974482 -0.0261024566217434
0.218926803357363 0.27290173519087 -0.046847958047833 -0.0394941665086441
-0.0319079725556091 0.357485020211538 0.0104313208424116 0.00722870768630344
-0.381210451912796 0.204345673037851 -0.0666267518170916 0.018747470705475
-0.439146782028635 -0.181999861692385 -0.11127279021061 -0.0755405013323351
-0.260281843303126 -0.412087614672239 -0.0453426928252767 -0.207214790491421
-0.231819872409636 -0.367826218474605 -0.0727696193423497 0.121735253172477
-0.371046855040342 -0.10813963874126 0.0145820504620938 0.0575687213448728
-0.301928643600894 0.172618390360233 -0.00819760357851394 0.0536822993530125
-0.00498695540277818 0.302838367576302 0.0216284396213968 0.0293649173925164
0.192082757248854 0.2273385549549 0.0531497547843343 0.0207349534650578
0.270222241019269 0.0774512568705257 0.055740333661035 -0.0368272998068683
0.250589314044976 -0.0514163168327684 0.00939192471255792 -0.0540471841484057
0.244050795754899 -0.0780892506082713 -0.0036768295144185 -0.0454245471869804
0.259135029381183 -0.0377691130526644 0.0102502425386202 -0.0314750026524362
0.319108639055673 0.0969430023690578 0.0180641449184821 -0.0126864976458675
0.216518543768089 0.287045569651245 0.00933044846575461 0.0136323988513154
-0.0368651148872703 0.358380295193197 0.0165288229278245 0.0459320453862095
-0.379385975595473 0.203374569989581 -0.0345921601818983 0.0337474131165685
-0.446050882907923 -0.17785920332141 -0.0377953312386528 -0.0372715799160349
-0.273295446225226 -0.414960599315081 0.0346635465181558 -0.0702305850986689
-0.228365874651021 -0.339635159603913 0.0177297272744658 0.257324524677864
-0.365736134291369 -0.0930478156589487 0.112033403049906 0.081991868131556
-0.290183210983821 0.17516715730509 0.0166832181237707 0.0438223330745353
-0.00935012059596636 0.294570298254284 0.00769091583103666 0.0568569010050383
0.177528420479439 0.220898105418979 0.0885015487899417 0.0852075911824863
0.254492001887226 0.0807743665709245 0.147634090360248 -0.00638730240076699
0.239472836282109 -0.036626921843209 0.111697606429937 -0.0635149475221886
0.22904676147037 -0.0571444645428389 0.0900911476447299 -0.0657437266146379
0.234872940853512 -0.0166988711671049 0.102288428951863 -0.0455454796922471
0.270169240967173 0.0987437279248196 0.0999583805903712 -4.05976718588176E-05
0.167688585052759 0.249021376984484 0.0569065191927732 0.0545396016449349
-0.0456695722706993 0.282901728525517 0.0181537421969126 0.0705982380152796
-0.303367790200121 0.146381930320714 0.00033717616721124 0.0379641582110474
-0.36148984820465 -0.152396859371523 0.0320856991070526 -0.0045037717687888
-0.235329518551318 -0.344987457051898 0.106360242605213 0.0547578867135564
-0.184204174810907 -0.254468846670768 0.10550939127592 0.369898459635639
-0.28413122157371 -0.0637770105540803 0.19678556572714 0.103167617539377
-0.218677770424944 0.133824457464013 0.0415481299773822 0.0294014733136109
-0.0155700080204872 0.218718131737483 -0.00636964980536086 0.0780146571738613
0.12360586751924 0.170153334580191 0.112967980024666 0.14010671073568
0.189121856525773 0.0706855225045005 0.223795067197337 0.0256059526311818
0.187032471627517 -0.0145278384425143 0.20113732025722 -0.0657391325378857
0.177857164230354 -0.0266477168657382 0.169428098404266 -0.0779563093766302
0.177158936184299 0.00682887529852644 0.171783336422577 -0.0513117268614929
0.181307200141691 0.0877968428432111 0.151990186421015 0.0123318548694658
0.0883842032330721 0.177212959777528 0.0812664849045953 0.0788890611947677
-0.0553538099868963 0.165284183324659 0.00896050160742155 0.0740450172740669
-0.185435502868587 0.0612640512946585 0.0246230240225742 0.0309364307877227
-0.21884732526771 -0.109064001035313 0.0775934159764429 0.0163836359962267
-0.159050271689695 -0.225652463038557 0.154698360721205 0.145051069384769
-0.106862348943238 -0.124407377451232 0.170938117504619 0.440992156207118
-0.150325031131383 -0.0237159699683688 0.25065075279129 0.120268870880679
-0.102141609756397 0.0680155324385884 0.0632291978411384 0.0131580093258576
-0.0150712116226379 0.100517867723325 -0.0189946936311411 0.083509233320392
0.0475388482140739 0.0882940606806234 0.117270616743456 0.172143832611416
0.089264941682972 0.0496667471431241 0.263906230203356 0.0544840423097075
0.103252644878063 0.0108876899823143 0.260992746880805 -0.0580383094383732
0.100877646340904 0.00929309467963766 0.222379227811332 -0.080013699174223
0.0988393236530886 0.0288105376940751 0.211307249361648 -0.0469119021164501
0.077701002373233 0.0670260892752157 0.172837858267187 0.0245349422566797
0.00866403091509831 0.0953280814745285 0.0835080100559588 0.088671551534203
-0.057492526551917 0.0508254865800842 -0.00762959139711174 0.0630039471809459
-0.0670082581762867 -0.0130083360190988 0.0355407720385218 0.0166905126869274
-0.0736500270664073 -0.0529636407583967 0.0964829303523658 0.0252608876991631
-0.0705216620879145 -0.0859891138255226 0.177758540028018 0.191934168667451
-0.00922306874098674 -0.0258817401826659 -0.198499666820959 -0.244163342493044
-0.0376196106136778 -0.00267971703342517 -0.154204437047426 -0.0204710297167189
-0.0272111620634458 0.0418270449132904 -0.0362572660761935 0.0201470030906622
0.03635552392454 0.0375341616308104 0.0401014962032899 -0.027645399735564
0.0461083945423754 -0.00332893153149927 -0.0392292628245562 -0.112051781378971
0.0243240243019195 -0.0336821340149635 -0.171223013323604 -0.0673169872232254
-0.00616624359395497 -0.0420410327160212 -0.226036930205835 0.0117479417624708
-0.010531665490782 -0.0399862595153233 -0.241028424129936 0.0490277706834142
-0.00558144662824849 -0.0352142862774951 -0.262567771312001 0.0344913525523907
0.0234449110570601 -0.0215981704251733 -0.246317212783719 -0.0565250466996241
0.0342591906727968 -0.00144274131612842 -0.133351386555823 -0.15003892682991
0.013085662943773 0.0276836045251152 0.00500228233083771 -0.0957255811086467
-0.0358843366248881 0.0141594602659715 -0.0705304875274053 -0.0341594114083442
-0.0146959771844258 -0.0361368399725592 -0.178399094460264 -0.126043585524744
0.0206765929622151 -0.0408197965001481 -0.165739840164225 -0.433741323210413
-0.072627319463674 -0.148606932993895 -0.199258791158731 -0.207947688889369
-0.126347051813245 -0.0506488401756967 -0.143207854790964 -0.0133582624775291
-0.104696995183624 0.0621228897525321 -0.0402906897813162 0.0370356105701707
0.0194659896441064 0.105129114778691 0.0461594350350967 -0.013765859910095
0.0862588492868021 0.0657758196346929 -0.0167919385903479 -0.101273944532517
0.102162028568885 0.00071661557749791 -0.142075011781049 -0.0777558467642482
0.0797849019346957 -0.0501436563644459 -0.206721603021823 -0.00722929673797706
0.0828837211152242 -0.0625601136311817 -0.223695956384993 0.0294602045611065
0.0967561706231779 -0.0449857945823324 -0.236292276830642 0.0186387654373606
0.141676041503102 0.0198347958694867 -0.217736524286411 -0.0550353253097291
0.106756854489216 0.110202970982388 -0.11881154990169 -0.129340083266029
-0.0117007747814137 0.157981579977253 0.00729397862488714 -0.0697735105525852
-0.181622338450687 0.0811377377224899 -0.0819682554313391 -0.0213835229548295
-0.182765719917258 -0.109548499713645 -0.178113754356784 -0.128545279750532
-0.087158412572963 -0.204174756914616 -0.145610511662226 -0.405229590925276
-0.13177500921083 -0.256947717997672 -0.182564134769461 -0.13279293339372
-0.214989159707501 -0.0916664657070255 -0.119095166755124 0.00217567063221516
-0.182634885837448 0.0877447396035775 -0.0395808401026515 0.0499347175027873
0.0013503244515949 0.175438024307375 0.0431066391708012 -0.00304099668469765
0.124056989602412 0.134167226107055 0.00230315009343116 -0.0771171197403282
0.174050455028181 0.0368634274612319 -0.0962618704263964 -0.0765051185608966
0.158099901232256 -0.0522303203429226 -0.158571672763659 -0.0247600871560648
0.164509458211342 -0.0758669736591781 -0.172928826130615 0.00432056096911638
0.183579082497808 -0.047710587446889 -0.1740789110101 0.00184828015675189
0.240739248623699 0.0601258238558972 -0.157364965111538 -0.0445462210729024
0.168176156575204 0.208897264667608 -0.0889329514445309 -0.0904073262435189
-0.0338750026125622 0.273417166672964 0.00822957610338733 -0.0346147564088065
-0.306405444141716 0.141646587687302 -0.0828306660439069 -0.00479502773270328
-0.330073689464072 -0.167272502803962 -0.154969070570296 -0.11216584225374
-0.180522038276862 -0.338686616236151 -0.100668410200702 -0.325922594457164
-0.182946939747706 -0.336820150505851 -0.143497659949849 -0.0217440299296393
-0.300667969248104 -0.116452584684235 -0.0682949884600852 0.0263079158882808
-0.255919774363718 0.124851662899959 -0.028259534963051 0.055265182477439
-0.0101322865257035 0.24660397526394 0.0330128653436733 0.0102912178260416
0.159887448597911 0.194136200702003 0.0243251419126512 -0.0366096620001951
0.231796721077316 0.0669573335200799 -0.0295538460741335 -0.0620891659946656
0.217296333880174 -0.0485288736842996 -0.0831850855355458 -0.0395825765096823
0.220461240193218 -0.0773814429992915 -0.0951879696331155 -0.0213393500765423
0.239810416961779 -0.040589161414999 -0.0858601133514692 -0.0156611127639271
0.302418330448491 0.0902895482675639 -0.0736193576910242 -0.02866552161537
0.205228117676131 0.274645363904364 -0.0436422841261866 -0.0380445542799269
-0.0460166890645179 0.347122057332339 0.0110242953380932 0.00685815968393488
-0.381275733113747 0.184247300086346 -0.0667804508237014 0.0138959292938586
-0.424332612179612 -0.196007315624724 -0.10399277250201 -0.0805641172965593
-0.240082574854278 -0.415162490763456 -0.0343645690878632 -0.20578418252359
-0.213507440800473 -0.369416284091301 -0.0771398707777799 0.113727212080752
-0.358388606532868 -0.121092655453384 0.0123060541528199 0.0542137318683221
-0.30185688322428 0.157811697060552 -0.00793231262745246 0.0524503422924834
-0.0161177684165314 0.295152726357272 0.0195003149845023 0.0307291632864849
0.179857062208988 0.228985575822675 0.0537996809714658 0.022327119043623
0.261988176416726 0.0859617537537422 0.0556232435767129 -0.035635736902221
0.246144631942289 -0.0400042945500237 0.0112262162318336 -0.0509419141793951
0.240725845821379 -0.0671786417398585 -0.002176241467039 -0.0439650288793682
0.255374637725955 -0.0259976766254919 0.0124945533432312 -0.031163865217146
0.309554725002393 0.106254114696011 0.019019870117235 -0.0115195427849604
0.203184264869283 0.288712201931364 0.00958334629736731 0.0158602861565776
-0.051058033511486 0.348673093229487 0.0153354048977118 0.0456570990753577
-0.379439649104514 0.183834460190372 -0.0355867608935712 0.0289182334501409
-0.43184194998744 -0.193031984896231 -0.0339911475138394 -0.0401154923143924
-0.252201447581287 -0.418699436342306 0.0370900555725738 -0.0674928288123577
-0.210569485175658 -0.3434717614505 0.00643905109570894 0.251350861186642
-0.355128500742952 -0.105861609159215 0.106254267215723 0.0829280035999941
-0.292378308388851 0.160403185501066 0.0167689636389207 0.0429353654779195
-0.0205191321957621 0.287286177608338 0.00363822753556279 0.0572985337454178
0.165481357636661 0.222285904687257 0.0860416274962486 0.0867566001410804
0.245662005379611 0.089372087668405 0.144841402785611 -0.00250839697001729
0.23504502176433 -0.0260291042251216 0.110761007393156 -0.056480215976181
0.224843604517122 -0.0468685590171814 0.0904881979144386 -0.0606616193850741
0.230566385943064 -0.0070902395003312 0.102217041332543 -0.0410096525689253
0.261222124164724 0.105676547141355 0.0982068841561049 0.00359940480700948
0.155739538230709 0.248709864766712 0.054620175273797 0.057729160863908
-0.0565617486492918 0.274118738843375 0.0162234548283252 0.0696833302791955
-0.302907499115681 0.130229416113185 -0.00212260135820738 0.0335810172824025
-0.348068902681252 -0.162721902475631 0.031926009023862 -0.00453690183607909
-0.216466156747184 -0.348447124657829 0.101836539891983 0.057514771352316
-0.169380793902453 -0.257396468114106 0.0869710763524539 0.366871264260151
-0.276227413543871 -0.075837583493035 0.188205429123227 0.108686985299362
-0.219618227766488 0.122229608199939 0.0416272154078838 0.0298299324344917
-0.0234418052120272 0.213777081784895 -0.0101999580651741 0.0776749400733928
0.113962169898103 0.171879818195407 0.107847665287834 0.141901365336934
0.182201041334874 0.0780273908335423 0.217011760132643 0.0319206314302893
0.183735978962131 -0.00698968132448676 0.197391688448557 -0.0560039296879769
0.174331254006791 -0.0189772213982778 0.169014066781018 -0.0695886464103421
0.17265464650558 0.0140491923163707 0.1696996608462 -0.0436286196066797
0.17377193478679 0.0928138645596197 0.148381040573453 0.0170486802848323
0.0806819097483235 0.176248758761298 0.0771297369797518 0.0813505601644184
-0.0610831536295343 0.158787242030718 0.00641880505941909 0.0734004385780655
-0.183355603924657 0.0517496040671955 0.0226760296628291 0.0284792612295411
-0.210419800172752 -0.115138703852621 0.074703328517573 0.0184289654784273
-0.146161990740442 -0.22828565974391 0.145106168550708 0.148082768776656
-0.0984980264825166 -0.126962854198288 0.149307776774383 0.43847547925475
-0.146560108551937 -0.030278283630784 0.239521789265616 0.128912371287489
-0.103141918536786 0.0629270345885619 0.0637326112692954 0.014663149041212
-0.0192632667786867 0.0977056322944724 -0.0221199512029555 0.0814423639646713
0.0432073372816194 0.0884980639012142 0.109928869796885 0.173487125703493
0.0857348721650077 0.0527001705968201 0.25572614878331 0.0633281630120337
0.101452943377331 0.0146415486522033 0.256443612135565 -0.0459525365156886
0.0982980299204112 0.0129975837748745 0.220545781663647 -0.0686423807659487
0.0956820851214217 0.0314059797623234 0.208007270735262 -0.0378658447803219
0.0734090490239846 0.0682656630876615 0.167479770827207 0.0303695985487047
0.00544801839883311 0.0937721181448804 0.0779651354874042 0.0903526254464408
-0.0583649008353704 0.047144634202194 -0.00966954098615106 0.0613999666598994
-0.0645563754019235 -0.0155499818474365 0.0337525211660488 0.0150610668059887
-0.069876568104486 -0.0549238228581673 0.0914844593907785 0.0286068213489061
-0.0649382298358829 -0.0872906477472586 0.165031295465726 0.196247956762416
-0.00836098963874493 -0.0258745647816673 -0.192929956351711 -0.25964593310916
-0.0376440378359188 -0.00375516172304329 -0.15488014912347 -0.0283981988350296
-0.0294219128720297 0.0414656828246521 -0.0376774901654798 0.0203170034899346
0.0355419344358125 0.0395249357994944 0.0416161348418359 -0.0272069399909125
0.0476935389101136 -0.00197473368391972 -0.0353474822287985 -0.116180542432593
0.0254316489650479 -0.0341203126739208 -0.171404653834041 -0.0746139299832801
-0.00522568046891041 -0.0431971806339551 -0.229632330695414 0.00135280046006642
-0.00898207866884971 -0.0410722691208291 -0.247899120448601 0.0393607911607411
-0.00364549264659271 -0.0349038665906974 -0.267991844640726 0.0234743300308363
0.0251455597483295 -0.021006661131175 -0.248139072253314 -0.0667575977731514
0.0352469508982149 -0.000857870234429044 -0.129804965675199 -0.157408062211076
0.0121504314692737 0.0279607227864938 0.00838124626968256 -0.0984181672294142
-0.0369523471458239 0.0129764507340168 -0.0713296923369608 -0.0377240526076361
-0.0136683409030227 -0.0372190575395018 -0.174468594891281 -0.138853279341925
0.021525755831042 -0.0399810101247763 -0.149176442347332 -0.44985331233297
-0.0680730970810695 -0.153637539687975 -0.194720929882112 -0.222651834719762
-0.125642419674407 -0.0565933010909665 -0.144271608639609 -0.0215425175360631
-0.108625834651304 0.0594055829773073 -0.0422501200122021 0.0374479156215926
0.0153368999175228 0.106753727247782 0.0469277116714056 -0.0117049112768792
0.0852963064951445 0.0701377066467676 -0.0122875019716899 -0.104747346606702
0.103591537013149 0.00473078408846985 -0.141258303898 -0.0859373779058777
0.0829060053126277 -0.0474253050518173 -0.209316554780532 -0.0161274256769992
0.0864940605732784 -0.0595655382185123 -0.230131914389722 0.0205318073483264
0.100801874171584 -0.0416731847352283 -0.241676687946641 0.00924952184667771
0.144091198779983 0.0254607235355295 -0.219198865031314 -0.0646828526960903
0.105359176687382 0.11621921001381 -0.115574409401157 -0.135807058870223
-0.0189125497851721 0.160358086779949 0.0104218880684151 -0.0716119893539683
-0.18853991149227 0.0747814190473701 -0.083516958676592 -0.0259375579045326
-0.182014379220115 -0.119084857387483 -0.17381116378803 -0.141146542386756
-0.0810467492200617 -0.212020645064256 -0.129907483615135 -0.421473382389013
-0.124013675689441 -0.265767323308321 -0.181143141955205 -0.146388167389669
-0.214085999612961 -0.101699838595417 -0.120289324526609 -0.0062199031868711
-0.188939296804436 0.0818531326778462 -0.0420069603444302 0.0502625105708245
-0.00639969233415658 0.17717705540011 0.0434461421766805 6.71834222818646E-05
0.120968819250593 0.141216839329967 0.00651849972307037 -0.0793056796330834
0.175181476092311 0.0446836830385907 -0.0945439736583465 -0.0828775934383946
0.162485025686198 -0.0464653231963997 -0.159597643539511 -0.0308831542369868
0.169855106311892 -0.0698482113280255 -0.176917289050921 -0.00264175110083232
0.189351420062971 -0.0397914119356665 -0.177157577341134 -0.00635300607087177
0.243754082233975 0.0703091844481358 -0.157912888239307 -0.0513590903383608
0.164051061847665 0.218429755946223 -0.0863066090378387 -0.0935087947009807
-0.0465367405132902 0.276857870626764 0.00981551617155196 -0.0360558623308557
-0.318146519333013 0.131497701059573 -0.0849088193856139 -0.00944410315633681
-0.330578245323133 -0.184083408925925 -0.150915784289649 -0.12415112038037
-0.171006105094084 -0.353316603037835 -0.0871126735855667 -0.337925759546903
-0.173124201522515 -0.3501875364931 -0.145743417282377 -0.0305470566884803
-0.301218749832239 -0.130916410258384 -0.0702340175793827 0.0205216461077381
-0.264838830505517 0.117467155674809 -0.0304863357567464 0.0553061425159932
-0.0205147786255226 0.249657849578297 0.0320503564661769 0.012368412203133
0.155685084610599 0.203978154179874 0.0285614999591683 -0.0365841967494482
0.233843235767527 0.0778193289354393 -0.027320495702187 -0.0658132775590321
0.223484593551601 -0.0403078379153052 -0.0828652532625313 -0.0430143297018709
0.22706060775453 -0.0691784707823527 -0.0964668063856637 -0.0252409730682666
0.246566314869917 -0.031044282125775 -0.0860754137152788 -0.0205855064884497
0.305111165337771 0.103364850727294 -0.0725156792008392 -0.0320045421187532
0.199142950239367 0.287179701025626 -0.0420662899704104 -0.037479525626168
-0.0617675958922049 0.351547785803833 0.0109501399168685 0.00604080536041782
-0.397312694172932 0.172172685806482 -0.0695272921444274 0.00936434883438303
-0.426304398210588 -0.218341951665933 -0.100759508097751 -0.0886216482164873
-0.227778119369085 -0.435632455452295 -0.0266894722245303 -0.213010021339956
-0.202478303512409 -0.385186239068744 -0.0839139438161166 0.10997087251639
-0.360753871285004 -0.137928032566453 0.00974971166325684 0.0528992601417443
-0.313601958578707 0.149243242861269 -0.00897929948356539 0.0528663470032263
-0.0288605358569791 0.29901760033617 0.0176657780385792 0.0331341976591346
0.173809388949236 0.240324363834352 0.0567035516255143 0.0241621228172564
0.263209829582468 0.0984921810825927 0.0581986249250086 -0.0359498231026519
0.251803463769877 -0.0304450100954952 0.0129954318815754 -0.0499792549925002
0.247556248734723 -0.0581134947216645 -0.000886806614621863 -0.0442849241655101
0.261973062156005 -0.0151307200582511 0.0142976931128225 -0.032027694431682
0.312092455292828 0.119470429706686 0.0206557299582496 -0.0113241595653974
0.197460725383378 0.30038418089227 0.0104655898660155 0.0195592906138035
-0.0670122247303766 0.353440112855582 0.0146402549463061 0.0462268024741173
-0.394659609725936 0.171518640057649 -0.0384523454998601 0.0255094675008061
-0.433147907007628 -0.213805237741853 -0.0321070405235623 -0.0443005905465845
-0.241655315136538 -0.438759766471795 0.0407839817945835 -0.0686960432857108
-0.200500239864017 -0.360278116863726 -0.0046103011287646 0.254880110664004
-0.357097583783811 -0.122668041538229 0.104340741186041 0.0861267543009553
-0.303446344428659 0.151631957623815 0.0171273939639767 0.0436817175051608
-0.0324783539073034 0.29117784013162 0.00107104412869752 0.0596429813605099
0.160099658011376 0.234223569266241 0.0870199076669635 0.0917434127255713
0.247294145873796 0.101928065230505 0.147364496205864 0.0014195913629234
0.240277710260428 -0.0168472986254728 0.114395771587667 -0.0517145805669822
0.230033083995351 -0.03900646003123 0.0946297119817615 -0.0576370512327973
0.236481734595266 0.00321259082011737 0.105773935313823 -0.0381974973845556
0.261980755397655 0.117608835872481 0.100581357926019 0.00702151780213164
0.150570426003111 0.258946070502615 0.054477691356725 0.0630670413235702
-0.0694359626458885 0.276862604405237 0.0141714903010835 0.0711837880357168
-0.313186297189955 0.119176695208284 -0.00390366989193427 0.0320226577143657
-0.348903653720952 -0.180626538731847 0.0333273494045616 -0.00438669058323898
-0.206122473715603 -0.365388133109355 0.101116235004742 0.0625914778627105
-0.161137670421736 -0.271044618605745 0.0723361662870832 0.377130537321881
-0.278610982098648 -0.089398748949439 0.185739978787169 0.117378695501706
-0.229475222038914 0.115790041349484 0.0424770293818633 0.0308367288064886
-0.0335979677712868 0.21696647976828 -0.0139685615522466 0.0797115312677311
0.10964680280273 0.180355898932771 0.106713976122021 0.148489667533831
0.183168928665511 0.087737200748475 0.219555979365477 0.0400090666221693
0.187594566315662 0.00028819932997286 0.203217082851435 -0.0470529116687273
0.177044702122182 -0.0116365819214338 0.1751011082356 -0.0636537025410179
0.176326521655868 0.0211318235280711 0.1746964919499 -0.037306119152441
0.173876310336261 0.100517068840882 0.149809826379089 0.0231523572806528
0.0759720719376362 0.182554524557484 0.0753904813778881 0.0877965302647
-0.0694335099654308 0.158700137078322 0.00462525983766069 0.0749511328111404
-0.188589903448152 0.0442925380600444 0.0210515597083686 0.0274468440313701
-0.209713026089489 -0.126066865825689 0.0740979768120223 0.0216135011405372
-0.139131550792517 -0.239769940130177 0.14145501644026 0.158160105047618
-0.0947783640790304 -0.135277450926524 0.132811848226718 0.455718472711687
-0.147968918286064 -0.037487155043412 0.237222134163991 0.142139055374762
-0.108188282246865 0.0595966483298766 0.0652670939585718 0.016548105606338
-0.0237964321134514 0.0989384801230374 -0.0264197109315161 0.0831155641138132
0.0405324081579578 0.0926239127281574 0.106744386704853 0.180817821398825
0.0856614125214313 0.0584878863658088 0.257693863938042 0.0728344125873431
0.102851636140373 0.0194966813078915 0.261540088398874 -0.035395650560434
0.0995591016726186 0.0172616822436087 0.227762697898641 -0.0609938573008691
0.0963341987824904 0.035394292363871 0.212792995481011 -0.0291322879681491
0.0720115108667587 0.0723367590583281 0.168739152214498 0.0374199909965282
0.00191402235659512 0.0962934003445742 0.0759723138428278 0.0950959083262404
-0.061943164918801 0.0454908010980108 -0.0116086518570072 0.0628404218518145
-0.0647578518287888 -0.0191797335333915 0.033828396960343 0.0147924256680987
-0.068143307063019 -0.0590441783086501 0.0907184190920349 0.0330554773604594
-0.061261547850841 -0.0923796619646645 0.158714813971 0.207001982896741
-0.00844028026005232 -0.0267342374923444 -0.199191325532559 -0.278533082278227
-0.0389775118256613 -0.00467443792513017 -0.16189884401143 -0.0330929611874785
-0.0311080548791656 0.043472558917436 -0.0398074620252545 0.0222925112620055
0.0370930894619471 0.0414716724266813 0.0438005007881117 -0.0282786058914251
0.0498843646308078 -0.00152578949812998 -0.0361975649008796 -0.123480658260203
0.0265140772828615 -0.0357475512950869 -0.178838336190653 -0.0810014557915489
-0.0056375688146262 -0.0455539439712732 -0.2418001023189 -0.0026289720850595
-0.00889387962374556 -0.0429080377192723 -0.263509804623818 0.0374736671988643
-0.00325188455993506 -0.0362982273011259 -0.283599393252224 0.0200701840106782
0.0274749727571078 -0.0222567682172379 -0.260421792097339 -0.0744593505169845
0.0374804876379503 -0.00106203306681993 -0.135139276537413 -0.168155907651074
0.0125411899498947 0.0296998390417157 0.00963338637055376 -0.104591024352781
-0.0391653618444272 0.013872204324618 -0.0754298992903573 -0.0404586278587357
-0.0139020202071739 -0.0394823732248385 -0.179321739751521 -0.151221587176241
0.0225111409215158 -0.0413838284600266 -0.148612269165819 -0.478636685939337
-0.0694759434078835 -0.161114071980825 -0.203475104352137 -0.240675463274028
-0.130575669007913 -0.0617734421727693 -0.151387099701417 -0.0271248791261276
-0.114881039386287 0.0608957888683433 -0.0451337260789364 0.0397408174450462
0.0143179892276443 0.11212374389071 0.0494506902693995 -0.0113467565245789
0.0891865642123684 0.0749091446448945 -0.0112887370120593 -0.111215365155328
0.109030207863266 0.00610624859746232 -0.14733995332527 -0.0923209590421186
0.0875671792346697 -0.0484691910943596 -0.219625350947412 -0.0209361814029888
0.0915454153842845 -0.0616660838811958 -0.243078308928644 0.0183706736254456
0.107526126942233 -0.0407084103895218 -0.254006740460968 0.00496914921732979
0.152223193792462 0.028895614435154 -0.229860069558092 -0.071087113712931
0.109815598152933 0.12325661908605 -0.119878382737708 -0.143444024022913
-0.0230512803491687 0.168720943872777 0.0121818849085381 -0.0770247986851971
-0.200112015432496 0.0762048888856565 -0.0890722644201002 -0.0291244131694504
-0.18999263473514 -0.129102097279244 -0.178094512965388 -0.155207469499988
-0.0826627604713469 -0.225267718714543 -0.127678581440956 -0.448969220655146
-0.127727594894668 -0.281196008523498 -0.189549071824775 -0.160220540656751
-0.223451490700451 -0.110408484734629 -0.12741522655284 -0.0115858283508726
-0.199364939908768 0.0836663975851095 -0.0446864491382015 0.0529135144980563
-0.00926091409200701 0.184728039880196 0.0450764865086294 0.00133796093393872
0.125595723333489 0.150936850757193 0.00934101741681889 -0.0846346153158733
0.184544466674636 0.0490340507221694 -0.0985543805740114 -0.0895334507288853
0.171886196127037 -0.0457335806441797 -0.167138843694844 -0.0348677427568639
0.179349991931747 -0.070862906442179 -0.186676607250073 -0.00511885185239535
0.201301145931797 -0.0376365656306077 -0.185980153483628 -0.0103676290997466
0.257048986555219 0.0769794310019667 -0.16530366727618 -0.0567342854466117
0.169842023855248 0.232889519241893 -0.0885852720368618 -0.0976771546288412
-0.0544383203232493 0.291011139827505 0.010853114351752 -0.0394858144375977
-0.33866879566984 0.133061232217837 -0.0908422094245704 -0.0127056480487306
-0.346323741631598 -0.198121295772006 -0.154691866314398 -0.136421190052539
-0.175017001671602 -0.376100055335999 -0.0860184300742318 -0.360887055944728
-0.178345959593427 -0.370538284326234 -0.154157266475754 -0.0382035656254882
-0.315341917099926 -0.142378285339593 -0.0746842193697663 0.0163350445666202
-0.280646524857653 0.120043188270127 -0.0321994674550941 0.0583292386513024
-0.0252948872606701 0.261962015565744 0.0333956603595744 0.0148150581448889
0.161695826726615 0.21742323507126 0.0315812870493748 -0.0394289871480197
0.247080306502808 0.0853478977023748 -0.0281805547865203 -0.0709427706105545
0.236204463639023 -0.0389393742591775 -0.086234205512313 -0.0455602563284708
0.239233331068344 -0.0695225799241039 -0.101333926641638 -0.027757275629496
0.261804918439118 -0.0274528151165382 -0.0901534446397818 -0.0241672782299139
0.321829372815298 0.112570060988829 -0.0750253723179213 -0.0347140645883508
0.207502872080049 0.305272781545208 -0.0423474634971132 -0.0378258462699227
-0.0710524646640161 0.369805756753077 0.0115957610274064 0.00489573016039908
-0.421908110906642 0.174199228622189 -0.0742478720212867 0.00662749977000166
-0.446712382839879 -0.236432269894959 -0.102983056303648 -0.098314770711966
-0.233672834471591 -0.46305435143271 -0.0248118904414795 -0.226796527821402
-0.208772700436078 -0.409360293160073 -0.0912328331773932 0.111963129025699
-0.378589968759881 -0.150827500140788 0.0090416035334339 0.0521112194984097
-0.33283558504992 0.153756120875905 -0.00896453059730639 0.0552959126521508
-0.0357344086913583 0.313580956852668 0.0171666675226953 0.0365097729444387
0.180567658480866 0.256940218333722 0.0617423766812089 0.0248065402378503
0.277388575340587 0.108067239449299 0.0612340571500047 -0.0389684063080397
0.266682538487335 -0.0279125781855314 0.0147665677516605 -0.050684625669053
0.260612198867867 -0.057652464926981 5.20174344658956E-05 -0.0464628582423446
0.277992980733498 -0.0114452314443226 0.0158036740099209 -0.0341965244176319
0.328356631613617 0.12980075509262 0.0234220859540796 -0.0118478762850573
0.20467658736995 0.318945798751382 0.012367763114531 0.0230586933377717
-0.0776825068251724 0.371053335024386 0.0157940714395846 0.0475059269789269
-0.419074811021758 0.173656840626481 -0.0423585046030875 0.0237658371663572
-0.454686076291694 -0.231036778551062 -0.0321811961862752 -0.0496715528063481
-0.247915617120622 -0.467024280809818 0.0445559265815988 -0.0728564151063056
-0.206060832626428 -0.38346497650632 -0.00972122116638669 0.267506563294211
-0.375334185634574 -0.136327359980993 0.107966269339133 0.0903470866055648
-0.324344179197103 0.15595513737816 0.019091375226724 0.0460786979847262
-0.0399626389512325 0.306969685486807 0.000420242296041801 0.0638907379140182
0.165743321131991 0.250257373444198 0.0933416859242331 0.0970195289856474
0.260607690171159 0.111312899513623 0.154781774605627 0.00157858311468387
0.254216432427893 -0.0137109116057739 0.121343423881683 -0.0511954856942173
0.241805036629099 -0.0368751691479555 0.101428301044297 -0.0592530267296897
0.249701126901695 0.00708425618326167 0.112828273166847 -0.0388595041561852
0.275533504156837 0.126836396666621 0.10648087207193 0.0088379478545143
0.155785144320588 0.274262443791735 0.0580188041156314 0.0697266356504497
-0.0781532000167717 0.290358785099368 0.015290327170635 0.0744362743813171
-0.332200602148306 0.120808178792834 -0.00526247483929548 0.0311832346123383
-0.366000224284244 -0.195260341832098 0.0349402353679784 -0.00612559997014156
-0.210671870166521 -0.390235992160743 0.105204412140015 0.0674543646455838
-0.165972338315628 -0.290005076162442 0.0699741804935271 0.399820320996449
-0.293061929489348 -0.0991434274954274 0.192901299719196 0.1264562229538
-0.244959214332349 0.118238372732007 0.0460086814701233 0.0331713806655926
-0.0394037980404906 0.228602888096918 -0.0156416741492424 0.0852649433463694
0.113190457458698 0.192620722273119 0.112360559322354 0.158136764612832
0.19282846461632 0.0961477326930855 0.231046826295819 0.0432771971046994
0.198745139989478 0.00424090947508977 0.213658110235364 -0.0444294322271432
0.186788261535102 -0.00973255569673059 0.185602488584934 -0.0639940921122295
0.186224646882924 0.0250718710194353 0.185040563476404 -0.0369143775185403
0.181478356710467 0.108089668018416 0.15788447809712 0.0263032922958409
0.0778817208838294 0.192731503900892 0.0795847254458262 0.0949090931821634
-0.0762434681886472 0.165806958201896 0.00445612238910896 0.0791506150926178
-0.198376382813573 0.0429787512337939 0.0215874954371136 0.0264872335309134
-0.21914273505115 -0.135691476628108 0.0768991183733224 0.0231045256654425
-0.141561372917624 -0.255545989121431 0.145825541004481 0.169306393882904
-0.0966797376994068 -0.145682656472657 0.132323164440075 0.484066893464314
-0.156204948921453 -0.042973618778384 0.246579337275206 0.155308251555397
-0.115690578927092 0.0608910266491887 0.0694179838995471 0.0179199103283226
-0.0273960472999501 0.104473810797762 -0.0285477894459459 0.0879291923790316
0.0410498555294659 0.0988985149653191 0.110927231277641 0.193622810738056
0.090316204274668 0.064098343131375 0.270973639926771 0.0792740603945275
0.108783707727591 0.0222010622122329 0.275844645446818 -0.0319581958622786
0.104482450776626 0.0196100167410399 0.241648063090916 -0.0598610993237545
0.101121827976347 0.038590937831206 0.225122486873442 -0.027450889177544
0.0747559530871326 0.0770387523670732 0.176473230055205 0.041654468519006
0.000868154020675607 0.101487780213941 0.0785320534759447 0.102182393635572
-0.0659965915307842 0.0471780799896527 -0.0125552612439778 0.0662413686248685
-0.0672159136687196 -0.0223802870802201 0.0354593797748826 0.0134617488091857
-0.0709469591160184 -0.0635110161448339 0.0944299972214468 0.0364974831474026
-0.0618214809378917 -0.0992394299689647 0.163057006261566 0.222135775975209
-0.00925809864172882 -0.0264733800327798 -0.257480217290639 -0.264548034512698
-0.0401623371482625 -0.00135150234943808 -0.175322154077825 -0.0116131012149532
-0.027151848317775 0.0493691663143451 -0.0375237261105614 0.0278088857829294
0.0446293096968978 0.039154314531872 0.0390071305898212 -0.0393348229179356
0.0543237807507021 -0.00930071724128876 -0.0616939652948384 -0.123684967654381
0.0234920982763051 -0.0424391576558822 -0.202904100698991 -0.0557670290379435
-0.0122255819635405 -0.0473694707238074 -0.259640280030136 0.0374446715661843
-0.0156157935292165 -0.0458801076823978 -0.271756699543551 0.0783302166968183
-0.00908048327976204 -0.0390592977202445 -0.297492885837091 0.0632139355774877
0.0259132533019322 -0.0298789609878326 -0.285768134949062 -0.0391183552667459
0.0409349456916757 -0.00844321122712921 -0.168546308019728 -0.158091769891356
0.0172278255440498 0.029529097656656 -0.0057979281990791 -0.114298510639498
-0.0381488410133555 0.0203279077177125 -0.0855921973274586 -0.0310943097448065
-0.0185014019336966 -0.0372250844310016 -0.210384671255857 -0.135778863348411
0.0156720820723672 -0.041908191726744 -0.222456794557912 -0.488959473819892
-0.0974607766264393 -0.161162541989901 -0.243034834687495 -0.219147733823729
-0.145528162326149 -0.0482914147406748 -0.158504206886565 -0.00835260698272611
-0.112409887992735 0.08058201510693 -0.0363117659540452 0.0445945833756978
0.0295127182502236 0.115855429520846 0.0486251047350932 -0.0254442011432618
0.10606497767539 0.0665897165533078 -0.0355594925947187 -0.119019917010979
0.116525660150631 -0.00936553764370857 -0.176414297001361 -0.0745184463688786
0.0858678317984438 -0.063307734091579 -0.241216658256915 0.0136808083818425
0.0879764218694369 -0.0789102764727819 -0.253947138252673 0.0550567625342856
0.106944036281684 -0.0598058934881596 -0.268552062477914 0.041942086996129
0.164398115391033 0.00583753454246918 -0.251905738980869 -0.0423702569303348
0.134847915100459 0.110428152493538 -0.148283304229316 -0.136182764123621
-0.00159172529809263 0.180214598963719 0.00265138632225441 -0.0875539419332488
-0.197022821322312 0.109832236420234 -0.0961117518712191 -0.0156564120215005
-0.214744947430638 -0.105618608596328 -0.211608744581131 -0.135942963190639
-0.120373712146575 -0.218178335564085 -0.199490419902922 -0.460924890137054
-0.181080323685203 -0.279602704483836 -0.203333843228299 -0.132061824666685
-0.251044485325552 -0.0870130369695707 -0.126213274567915 0.00400928368130913
-0.198884269174681 0.116681507430625 -0.0293822338438568 0.0531993442299236
0.0137510100561561 0.19592008590997 0.0472031458132839 -0.014657806886829
0.154283182641124 0.141397151535065 -0.0110324751715145 -0.0987059295742529
0.202717118720389 0.0257829068298011 -0.127882490296046 -0.0812954367225945
0.175067047637115 -0.0713726515666906 -0.18953624811653 -0.0110597830030472
0.178443832760528 -0.100461547372271 -0.197929084801756 0.0229639314606376
0.206813191711303 -0.070402203070781 -0.199085776907549 0.0146962020556866
0.280691974542578 0.0411718209146822 -0.181373762806421 -0.0373237718480746
0.213853918834571 0.215936495020687 -0.108463309310341 -0.093638406941569
-0.0177902546677494 0.312882759294055 0.00967820559819505 -0.0494897397532601
-0.332716099787724 0.19045445494184 -0.0932195669061547 0.00321658742964862
-0.388288862386328 -0.156205139423974 -0.186213407516245 -0.115076885353057
-0.238329195334914 -0.363267925035824 -0.143170532033877 -0.374593979354536
-0.252270318278484 -0.368343390447198 -0.136228725376397 -0.00517283328955324
-0.354326142267726 -0.108205775133472 -0.0621910490138529 0.0242414971224114
-0.279343770101624 0.167770693911467 -0.0114204445492339 0.0525676180973144
0.00705088149809918 0.278435982695789 0.0378865743296609 -0.00205389742911673
0.200269194112442 0.207149788518702 0.0180777501910914 -0.0580617253575463
0.273192144725992 0.0553089326884324 -0.054372934045616 -0.0743829399940052
0.243376172122808 -0.0722252206269802 -0.106605768170612 -0.0362370543085217
0.241408277348292 -0.106764088025143 -0.111854644116011 -0.0131683899163144
0.270424910205482 -0.0678858832645223 -0.100008333106364 -0.0140170828613688
0.353688345714728 0.069373303460712 -0.082709046196243 -0.0292859017232443
0.262587556333509 0.285959717592999 -0.0496421006268524 -0.0377255333764273
-0.0261882888328571 0.397091411281939 0.0186769995555713 -0.00344730983322562
-0.413946488287732 0.246459019269778 -0.0717814401983918 0.0215477440768069
-0.497596658120815 -0.180939361792158 -0.127402477350735 -0.0798386217556579
-0.311306566512354 -0.444737580225574 -0.0603332613886867 -0.240852156528854
-0.292853264597284 -0.406608282001786 -0.0403165722592137 0.145337814494063
-0.423886715279031 -0.108765576548258 0.0345311996011957 0.0480054287069565
-0.330814680597443 0.210853081408288 0.014016921008783 0.0416443308763661
0.00316222112415228 0.334803603527838 0.0251797089550221 0.021528901772356
0.224728270359906 0.245636270286535 0.0597268991900044 0.00260341980417091
0.309427324845146 0.0754331797868483 0.0436508355455611 -0.0563843371654588
0.27739326651988 -0.0645369247997205 6.31236035129363E-05 -0.0592022173732854
0.265981245871545 -0.0970108614987567 -0.00762345360389677 -0.0476404278842124
0.289856604981728 -0.0529341832676938 0.0113759453541373 -0.0407475134596484
0.362900575865495 0.0860731569830394 0.0248816814718841 -0.0196280614217638
0.261017020693258 0.301061444140636 0.0179021900352979 0.0193004079681164
-0.0315940447833091 0.39934145488362 0.0290814858828297 0.0420307320920484
-0.409493487271253 0.244301884099804 -0.0347825384679236 0.0341703010966368
-0.505951186116718 -0.174210788264497 -0.0455558949853606 -0.0390392608068182
-0.325672565300924 -0.447765846641937 0.0346973993866004 -0.0862578385561926
-0.28771402926136 -0.378855262472201 0.0705464148695337 0.297417847088706
-0.419241247821987 -0.0922449274008204 0.145265056977692 0.0731446638853861
-0.320910972230834 0.212917802327985 0.0422605697155605 0.0264341712562675
-0.00256670191178599 0.328545031191476 0.0123693158309261 0.0531378538574248
0.206848555233522 0.241585944009766 0.106210520354957 0.0734180314202005
0.291153490844746 0.0822967598294231 0.150528246114208 -0.0287315917394477
0.267120006735322 -0.0472839155201678 0.114607330112845 -0.0771463418593173
0.249044129484651 -0.0712745154928287 0.096644213030316 -0.0760523305819268
0.26330705685459 -0.0291109518975944 0.113070574858349 -0.059972451733794
0.305970822038391 0.0921011228859714 0.115278066356046 -0.010436770627636
0.202564979528161 0.262353849862131 0.0730600179224171 0.0626100805939472
-0.0435960563697675 0.314066982962716 0.0319530781255522 0.0725899009769292
-0.327103074695356 0.175942214458474 0.00317348710405782 0.0352940081881644
-0.40780093892455 -0.151559731698767 0.0311300404670473 -0.00341006844498738
-0.275286951070167 -0.374120105060192 0.119174887795603 0.0547016698735424
-0.230695983032442 -0.286228192420857 0.167305423689619 0.422968703654296
-0.328355584390444 -0.0645687325229583 0.237879014172909 0.0998760025410199
-0.24342244981328 0.161516697784494 0.0653424028059158 0.013128438601043
-0.0136622474635612 0.245943630203507 -0.000818403787578107 0.0818541630325963
0.142870943884376 0.189470046485006 0.140329442214078 0.137981931545926
0.216980071375175 0.0758026538478233 0.240522681793311 0.00421805615795402
0.209840164410869 -0.0211571735321077 0.216051967999449 -0.0854774396732515
0.195040322111096 -0.0342488241059037 0.184823812194554 -0.093937879624478
0.199052676043491 -0.000271116403165255 0.190034297329669 -0.0682505191391416
0.205002682627988 0.0863454036714808 0.171563961279773 0.00155531345409292
0.109027615040065 0.189199123118342 0.0992536062827297 0.0869509044828306
-0.0579091089441519 0.183276217479053 0.019816457671326 0.0808596654818268
-0.200517664884595 0.0738471644959022 0.0288489447386599 0.0247592887840363
-0.24711486814523 -0.109042639085305 0.0810526831300577 0.017836137870551
-0.183528777839404 -0.246366398417961 0.176754910284805 0.15738161856833
-0.133654508791299 -0.143733950137503 0.234856383578332 0.498815544788446
-0.175139544116477 -0.0232320012940222 0.293298336547985 0.125491546825941
-0.114534183508912 0.0821645074287981 0.0825128317320157 -0.000154532334217608
-0.0165738130350424 0.113309556014133 -0.0138025662095386 0.0933948650728196
0.0536753434769044 0.0999517831349363 0.147985389234351 0.180328833475538
0.10327745540436 0.0567479593744196 0.294291897735769 0.0379185807084685
0.117993473636178 0.0100541675382636 0.287745407578654 -0.0814014897412165
0.112602830511871 0.00848693036286635 0.243770059925695 -0.0983024655417321
0.111448648347084 0.0262828189644046 0.233668651550059 -0.0620172964452151
0.0883132220804931 0.0710888407018382 0.192558600466245 0.0161568758172383
0.015062685670927 0.106322757571428 0.0989764953953389 0.0958579543827365
-0.0634496723498106 0.0582332623471032 -0.00160811406007403 0.0724259679760292
-0.0734628727367739 -0.0136231399923418 0.0391365261207264 0.00842197020583169
-0.0828283928281084 -0.0555734165911505 0.101544716224467 0.0265400074952151
-0.0774399719332202 -0.0960304652499304 0.203065467348828 0.212214854724383
-0.0108160909206979 -0.0255005402057182 -0.286054318663068 -0.253307643204319
-0.0403918056031003 0.00165096591487479 -0.180800155474785 -0.000500246149509338
-0.0243506494820412 0.0528815307299511 -0.0353546779477761 0.0329757412350879
0.0488687181932342 0.0360120946596504 0.0369963110691864 -0.0430983718312222
0.0553779062189972 -0.0144320144658287 -0.0735580768144149 -0.122076243720267
0.0199447121325255 -0.0453882647294109 -0.212481668897248 -0.0410476803067411
-0.0165597358309741 -0.0473598035862448 -0.26367219049824 0.0573571642815005
-0.0192472254970459 -0.0455928280431782 -0.273855909596408 0.100555147262223
-0.0113270297511551 -0.0388784616636022 -0.300545278298709 0.0874996294260055
0.0249977968420057 -0.0328578813965653 -0.296105905278508 -0.0182229808105679
0.0411582596689828 -0.0124324907400703 -0.185246075133005 -0.149229501904052
0.0194736632601145 0.0282895499735345 -0.0160651426862995 -0.117445369853608
-0.0369574873100338 0.0249813911042829 -0.0910144284821302 -0.024704343775777
-0.021556000440502 -0.036156693990338 -0.225397422630819 -0.127125070811682
0.012260930141093 -0.0430216315599936 -0.264435640556664 -0.484980817171365
-0.111201301917666 -0.156221669170875 -0.266952627666407 -0.209012019196662
-0.151727528599257 -0.0385004510011075 -0.164430725747791 0.000921947152742867
-0.108819163978896 0.0907348936624699 -0.0324103352663843 0.0486986902944221
0.0384617898090065 0.115520797711488 0.0482295205154488 -0.0292476930047328
0.11475084604103 0.0595311781724328 -0.0462357467434788 -0.119899096466488
0.118740987393806 -0.0189887288732416 -0.186649889279919 -0.0631183348972732
0.0823577011575688 -0.0710661536417024 -0.247131043452976 0.0317727454844624
0.0839148734258166 -0.0871075060231589 -0.256916784927719 0.0756311708798145
0.106558822379465 -0.0690922926378559 -0.273492836606361 0.0631522390891673
0.170025965910069 -0.00750172076873284 -0.261668331631747 -0.0245266391804869
0.146242895361475 0.102336039425865 -0.161661503496674 -0.127632556806975
0.0111415184708176 0.185205222582222 -0.00482470830379678 -0.0912861722256933
-0.193534978764147 0.128605629912586 -0.10049208701165 -0.00854757586279512
-0.228377215904981 -0.0916555186265382 -0.226644390202557 -0.127262877804271
-0.140531654628343 -0.214807385963704 -0.23975727476301 -0.459831070909889
-0.206229984836088 -0.271028644772596 -0.221212230104568 -0.123290894712528
-0.262736796985193 -0.0697658443870394 -0.130661326268303 0.00925955246859957
-0.193878982086133 0.134680952662474 -0.0248544171390886 0.0573466986562672
0.0289721746133697 0.199110188703676 0.0477990256686502 -0.0183416919990805
0.170134855736667 0.132662366324245 -0.0197099027149866 -0.101141473748023
0.210991916407076 0.0101222008773126 -0.138528386292723 -0.0740680294455054
0.174020900889951 -0.0859445908748127 -0.194765932909369 0.00325339659768794
0.175021764926297 -0.115610906296706 -0.201702641741808 0.0382785563900099
0.207266769142605 -0.0874225263945026 -0.203332192327943 0.0292541235143124
0.292393098164326 0.0194835870347675 -0.188341473617054 -0.0258063926196113
0.235872026208685 0.204181140768357 -0.116559411238961 -0.0857674387338426
0.00347990012770836 0.322273315261975 0.00540915241468244 -0.0533649420013159
-0.327183901613908 0.220799070687445 -0.0973035231912838 0.00920349715187769
-0.409997046287651 -0.131263918211384 -0.199081259722578 -0.108495193770028
-0.27210312263417 -0.354425214312481 -0.175916045466129 -0.374383618708462
-0.287428942887532 -0.355696820563486 -0.142389306517493 0.00216418470597138
-0.370199399184333 -0.0827147705191929 -0.0648344426578671 0.0249553159406899
-0.272404030673599 0.193187457282385 -0.00672010610815665 0.0543812130954585
0.0273714425432463 0.284987291379337 0.0391647383265052 -0.00428430923965353
0.222560992025932 0.196243225393031 0.014782689386823 -0.0627300840189579
0.286142496343521 0.0350361787012586 -0.062705640788427 -0.0734361202041605
0.244562831929667 -0.0925822925895329 -0.111362189708646 -0.0284492521793993
0.238116224773865 -0.126833198823294 -0.115735964068282 -0.00534518794524545
0.273937763031327 -0.0905644785143981 -0.103131441137535 -0.00847213142983964
0.369553183027381 0.042057440794092 -0.0858531658241363 -0.0240988416981839
0.292657636479678 0.272448029473805 -0.050901897689774 -0.0320090879966533
0.00264378497148558 0.410608959294151 0.0187280846430476 -0.00686844714338649
-0.405589414960979 0.283691582379105 -0.0740848287145008 0.0259445590772086
-0.524683550714882 -0.146415511126394 -0.13662491681081 -0.0763723015608269
-0.353184803878807 -0.435089791365942 -0.0816884593916306 -0.243181158332023
-0.332177825324366 -0.393245869051581 -0.0316112134056024 0.149452442670154
-0.441430720770925 -0.0777877453325464 0.0359080525682642 0.0429180037283436
-0.321521351386988 0.241731365935558 0.0192772901171746 0.0408989788619024
0.028037917918489 0.343633648436389 0.0279205336844103 0.0206644917227982
0.251465949497873 0.235489112034901 0.0623961669083326 -0.00444319852572184
0.324838817000463 0.0519021877606634 0.0391797577381985 -0.0621273951605769
0.279711136644456 -0.0881207860669047 -0.0034526390535472 -0.0598901454124384
0.265011941561938 -0.118572790619188 -0.0115707278147722 -0.0487765994381902
0.294550271314591 -0.0767025632711451 0.00863178942351943 -0.0439096980405907
0.379504481190524 0.0590855844350514 0.0242568140679418 -0.0226734018741382
0.292721653088111 0.287696162890611 0.0231230268460249 0.0206661198336927
-0.00307839504962915 0.411785525529765 0.0333745524207767 0.0391681619624601
-0.403521672072992 0.28170930492968 -0.0352144635919944 0.0352698328006072
-0.533222878834616 -0.139796941908832 -0.0506102534355213 -0.0391390776614512
-0.367377498683564 -0.435880328325844 0.0276380728482779 -0.0925444223071956
-0.324108111199411 -0.367245995975254 0.0935941474461302 0.297309879853403
-0.437876507630964 -0.062644935171607 0.15233113413569 0.0613410298155286
-0.312412879932018 0.243994046496423 0.0461120178690993 0.0221839953031521
0.0217713314862558 0.337453109624561 0.0175808281188785 0.0542420500051005
0.23272795570825 0.232397235322074 0.116145498884654 0.0649045723022639
0.307346543878221 0.0612159908487449 0.150966896834696 -0.0425739002980396
0.270398835965671 -0.0702010834482814 0.112468175027899 -0.0869374441822398
0.249606100789067 -0.0913338893619552 0.0935789496733931 -0.0859190166224284
0.268726658898291 -0.0502150222761116 0.111653121552923 -0.0718551335212031
0.322734621029906 0.0695623625097661 0.117868945413112 -0.0206600019202715
0.229568736630648 0.252335135958249 0.0826886442412055 0.0602843728814652
-0.0215653240941513 0.325561273156615 0.0385191040902595 0.0702636678201736
-0.322552133300033 0.203657801201762 0.00426369486309282 0.0328038014517159
-0.430225674063644 -0.12137001706625 0.0306425048450185 -0.00821706197209357
-0.309988959734805 -0.36433746857168 0.125581381098147 0.0468114997759685
-0.258801908012404 -0.277162581103586 0.204998724980547 0.419639707018642
-0.342581244634435 -0.0415049985377956 0.250227985292123 0.0837964657095241
-0.23721082835558 0.184400145112547 0.0686466298282731 0.00636938787304827
0.00501929668545739 0.254292358822084 0.00610111192860151 0.0844177220728257
0.162107492063066 0.184490667293724 0.15620476354882 0.129215934180327
0.230682757783419 0.061347125427814 0.246317457787092 -0.0158616072089779
0.215465296234943 -0.0381215454316667 0.215697419115853 -0.103452203908771
0.197474200376067 -0.048643320121516 0.183059955786935 -0.111133689881987
0.203721917212296 -0.0158278677116132 0.190244657097451 -0.0845377573216089
0.217565030617004 0.0721270537248788 0.175641174128165 -0.0114902486736095
0.128048641977181 0.18586321421127 0.110325516808278 0.082456169792564
-0.0455715093282631 0.192765009616417 0.0275990588827483 0.0806287332461608
-0.199808721146052 0.0902799670889468 0.0300323389656697 0.0201616965866843
-0.261107680924844 -0.0922061195498498 0.0827215388369656 0.0115364736358944
-0.205267333088748 -0.240117467687776 0.192611621632069 0.147559972854282
-0.14846919119139 -0.138759796099481 0.279209263720095 0.49425154770857
-0.181758751869953 -0.0115386620350677 0.308569006671292 0.108080724775089
-0.110739838706694 0.0925721053051075 0.0851869575214649 -0.00777570771676879
-0.00913860314653758 0.118381483421418 -0.00620356466844688 0.0965527868302593
0.0634638571547812 0.0996412091111755 0.167909436599132 0.17272944966774
0.112335519863513 0.0507169602788434 0.304527995454807 0.0157814744139239
0.123109919001854 0.00128359201747929 0.287898531719543 -0.104839678666222
0.116513352134037 -2.40591622503155E-05 0.243481379797821 -0.119706539880004
0.116040468952049 0.0184945071932176 0.235449058454758 -0.0816956175166984
0.0961087703146322 0.0659378995500642 0.198402612460776 0.00169024110276937
0.0248965868508549 0.108216435304407 0.109303216468573 0.0908186130261647
-0.06057923352479 0.0648571829161099 0.00514228642476905 0.0735205161991207
-0.0765839432711048 -0.00978967922428572 0.0401157349030047 0.00343240808887508
-0.0884424929332481 -0.0499384949563836 0.104813752598164 0.0200962529094087
-0.0851507552898252 -0.0935368310062175 0.223828648285285 0.203025456829208
-0.0115210969308623 -0.023725206445047 -0.298563459515267 -0.227960335180791
-0.0393849097441225 0.00420728065733223 -0.177206610731293 0.0105920925492766
-0.0206179923306499 0.0532043644749891 -0.0307477035591077 0.0352286887479472
0.0497248830907757 0.0316763025086898 0.0329761840452113 -0.044546087968127
0.053348847114436 -0.0183461749282824 -0.0814094445337169 -0.113299089696243
0.0150436488001677 -0.0454794502574631 -0.210757726673137 -0.0240191685004087
-0.020701185981782 -0.0448095764878638 -0.25436613312474 0.0742548907030363
-0.0225132457692235 -0.0434917294408964 -0.261544367288949 0.117532252249333
-0.0131781408910533 -0.0372022287335873 -0.288000049361861 0.106134465231127
0.0218671622356158 -0.0347607549708588 -0.290032263538293 0.00309691204492241
0.0392439889588023 -0.0154143357803215 -0.191807474030819 -0.132482505493368
0.0206652489577069 0.0263714897862703 -0.0246750949452707 -0.11443408317028
-0.0332114973880645 0.0273108545235424 -0.0912051198080819 -0.0163896905180293
-0.0233996944546571 -0.0331966500401917 -0.227614116999144 -0.111642483323159
0.00806539242217235 -0.041717526727382 -0.292007833437937 -0.456726317721481
-0.11899678441501 -0.143478440206101 -0.278229813635976 -0.186268842742124
-0.149579372898938 -0.0271357611583576 -0.162279201059984 0.0100691315742718
-0.0992739191260673 0.0957182704746197 -0.0269874005947176 0.0506179910462902
0.0452420810908533 0.109513716935803 0.044666911845204 -0.0318067268356777
0.116382503364272 0.0493977450728839 -0.0541816950973528 -0.113148022756243
0.114323828700189 -0.0270191287554166 -0.186645178922325 -0.0481211272539992
0.0750496745443264 -0.0744839694220972 -0.239062375656866 0.047859294358793
0.0755692640028206 -0.0904308856772092 -0.246701804434051 0.0917837052164417
0.0998491876349597 -0.074882418044181 -0.26365958112759 0.0797165382436894
0.16582824664247 -0.0204064066166878 -0.256396727055856 -0.00599202674743851
0.150404508328094 0.088669554439657 -0.166123509560672 -0.112739530459677
0.023011554977917 0.180365282411501 -0.0124003366929836 -0.0900527192114169
-0.180043471169368 0.139183578647975 -0.100171479796289 -0.00146839480201363
-0.228628070946823 -0.0729945970241179 -0.229490493423943 -0.112961856271697
-0.152380657053112 -0.200084099271449 -0.267098015529886 -0.432973507040701
-0.220614368568176 -0.248688153773567 -0.227341152738587 -0.106573839913716
-0.260085280785294 -0.0500319672758768 -0.130038825367393 0.0156491832406818
-0.178424327358166 0.144082557035185 -0.0189409963686846 0.0578086102396831
0.0412808668672321 0.191153413371039 0.045291689315531 -0.0204183846508495
0.176977004919854 0.117153093716663 -0.0263319994378905 -0.0977766751625189
0.207333160051276 -0.00566303235709992 -0.140887146149341 -0.0624022578645475
0.163528793187803 -0.0958729207231598 -0.190096404927995 0.0162068252340992
0.162476249146253 -0.124629155892462 -0.194734343083219 0.0511866080263598
0.197757184402144 -0.0996516738626113 -0.197486709294854 0.0421856544791732
0.28762744328917 -0.00267511741226453 -0.185163179185031 -0.012607576680752
0.245909921311054 0.182256931721552 -0.117448578924339 -0.0748941399003342
0.0256289090540254 0.315580785560791 0.000710400757324547 -0.0540923493543326
-0.303893283710485 0.238746695398744 -0.0959429637354759 0.0150541670546577
-0.408761979058615 -0.0995099194930519 -0.202484040584928 -0.0963096347088706
-0.291189229569093 -0.328049056811913 -0.200222038083896 -0.354128130577868
-0.30617710005434 -0.324955207775265 -0.141640653701437 0.00913258016655481
-0.366289198461703 -0.0551765173587317 -0.0652893976560213 0.0258353617660409
-0.251092170068583 0.206977212082946 -0.00150289510833084 0.0533751259982781
0.0464225783588663 0.275348930986395 0.0385443128641639 -0.00666467542279373
0.233767947280366 0.175857043379995 0.0095416492662752 -0.0635584515466577
0.283043981527279 0.0130252545618672 -0.0670279483661643 -0.0679364468198665
0.231833927735297 -0.107767889059392 -0.11024618443356 -0.0196097643195282
0.223718008281497 -0.13947131804299 -0.113654754921065 0.00255308914536222
0.263011533673942 -0.107444715358588 -0.1026184978019 -0.0026229132292134
0.364490208780676 0.0134765034946269 -0.085014606165884 -0.0188915436225781
0.305787037076682 0.244425387058617 -0.0489791613617707 -0.0263462436995899
0.0310689318318764 0.401724410087229 0.0170577291354608 -0.00993957521136895
-0.376520838985368 0.305244239682758 -0.0725090306417501 0.0285918443508778
-0.521443467201813 -0.105008017314382 -0.139772244456486 -0.0687060087634126
-0.376406963684851 -0.400120798041778 -0.0987811846880909 -0.233470652476027
-0.352000764457098 -0.357332875179651 -0.0224941031120785 0.144976849402713
-0.435733017932597 -0.0448263498591538 0.0345575060086596 0.0362266638009811
-0.294902045807659 0.257771328396911 0.0224059584909516 0.0373540078527155
0.0504274861199087 0.333096665839136 0.0295176323760901 0.0179665225735779
0.264293561242682 0.212002572003137 0.0610379252448137 -0.0104015717809878
0.322972614663587 0.0271023327873689 0.0329297887368993 -0.0652776545479324
0.267024366992796 -0.106021954271146 -0.0077114169289759 -0.0580839290136492
0.249505914397094 -0.133021422571416 -0.0144214292252989 -0.0474105792889734
0.283385412798968 -0.0957520365148467 0.00521224899532731 -0.0454678098356269
0.375746698000619 0.029410935652323 0.0230301685704418 -0.0256902750432237
0.30729670772379 0.258170201496673 0.0275495511691917 0.0195683208676913
0.0252548006101356 0.403086056727441 0.0345039747896171 0.0339895573091982
-0.374829018836168 0.302781494452205 -0.0341150137308538 0.0343708928211932
-0.527761209883432 -0.0971378052669492 -0.0532586304279601 -0.0376880784088304
-0.389206543745552 -0.401689169149614 0.0185093559622302 -0.0922583784430514
-0.343375296820736 -0.333777000567568 0.110942582385474 0.281368691404875
-0.430767316696372 -0.0311149741221689 0.149269265509781 0.0473681795639943
-0.287336677481448 0.258785774723691 0.0472046197487536 0.0175166723794145
0.0450489123886859 0.32838979756732 0.0212307220296916 0.0517890048020769
0.246042277950428 0.211381799093675 0.119211097134308 0.0532397834389393
0.306821748928786 0.0374202529699236 0.14327132245039 -0.0545601932202889
0.259853263124691 -0.0876435884516363 0.103997362326514 -0.09263578683432
0.237176313610501 -0.105517094778464 0.0854396450416036 -0.0908078983238786
0.259213584817718 -0.0682118210440956 0.10447701651965 -0.0791205668658912
0.320629917615886 0.0439031457871272 0.113984120160684 -0.0292125343695611
0.243427665952916 0.228972147191799 0.0880962429736221 0.053807359705007
0.00163454003325805 0.319887327644918 0.042677815404587 0.0645624700036691
-0.300471162775748 0.220665911004221 0.00431292688887378 0.0291385447965666
-0.427538453800619 -0.0876990447108679 0.0277265364273553 -0.0115806665184255
-0.327426301014352 -0.334106558356802 0.124474264401091 0.0361459502100346
-0.27258811805822 -0.252771971144334 0.228570900929619 0.393921619204485
-0.336753246731542 -0.0180205378686486 0.247522864362823 0.0638628551399286
-0.217907592003351 0.19658127048529 0.0674117906768275 0.000368014616012402
0.0221392764944116 0.248656715807451 0.0120145913381103 0.0821447166120019
0.172897293224205 0.169728742694113 0.162408361325939 0.113273040926027
0.232498269931287 0.0428780310909914 0.238896580431807 -0.0343089978368005
0.207897564072363 -0.0520594711613841 0.2043561306574 -0.115189845488557
0.18972223786507 -0.0604839268669366 0.17131660467191 -0.121602636504057
0.198572110306072 -0.0297429172444461 0.179681032094675 -0.0971611558881711
0.218528213975549 0.0547932142538509 0.171000175148624 -0.0249724202763809
0.139294733358005 0.171767350796822 0.115600608302111 0.0733063953277733
-0.0315401003606772 0.191906234907283 0.0330450437295609 0.0759648742100418
-0.188548031774195 0.10034927140152 0.0286102377311199 0.0151518080917965
-0.2610285160751 -0.0707663619109914 0.0795700407658807 0.00528000026907653
-0.215937533174503 -0.221253431593705 0.197898651100624 0.131464008799666
-0.155127361313784 -0.126381924303209 0.307637828393379 0.463969911011293
-0.178317786433574 0.00070557130145176 0.309102436612444 0.0854736471509188
-0.101319354168682 0.0976500817549774 0.0816382627129289 -0.0142840039413398
-9.25201236449671E-05 0.117333546287061 0.000385993171950823 0.0946493744485532
0.0694669322130607 0.0938735750428823 0.177627334285437 0.155391235058006
0.11537638557629 0.0413677364253909 0.298005565221119 -0.00817296610057637
0.121076180748995 -0.00735523887877436 0.274604262559907 -0.122486196686387
0.114151609908473 -0.00693282585712274 0.230029286298834 -0.133494875705943
0.114866214301884 0.00970053513372609 0.225524813146865 -0.0966485335132135
0.0991491176323483 0.0574688153212474 0.193472743409478 -0.0123817208216725
0.0328364211912913 0.10360952346736 0.113538392596605 0.0815785894883092
-0.0544767805538265 0.068190099629691 0.0106395844112403 0.0712314920299012
-0.0756199815793411 -0.0053165509262578 0.0379224532946851 -0.00229530006157787
-0.0897004556234688 -0.0423020067969536 0.102244504238877 0.0123688635504166
-0.0876800197067142 -0.086937402564266 0.233301440256202 0.183529454301755
-0.0111388525085669 -0.0225329323091825 -0.293126600334746 -0.20769455350407
-0.0367878717427667 0.00442363197330467 -0.169526258233735 0.0153811315416929
-0.0180833677309848 0.0520489077477931 -0.0270169093868186 0.0345291771457028
0.0482024931553487 0.0282538322934207 0.0298708806200313 -0.0432015295029406
0.0507032946398313 -0.0203972669355515 -0.0813621026926579 -0.104689733744339
0.0117757803665236 -0.0433801193777717 -0.201192494588103 -0.015552505909733
-0.0217508362372199 -0.0413585621773555 -0.240529676713022 0.0787390360609606
-0.02284321669278 -0.0405507295358255 -0.24771805083981 0.119749522316886
-0.0132499435976887 -0.0350110700620759 -0.272098640694575 0.110790651113487
0.020083565079517 -0.034217087676084 -0.277320277432563 0.0127822080141472
0.0359290837021372 -0.0166568424964724 -0.188098477039312 -0.120756056272582
0.0205863211080597 0.0244243621486574 -0.0287680445774576 -0.108428480982558
-0.0301687820158135 0.027588622311152 -0.0871768094486977 -0.012157681436787
-0.0225727951100255 -0.0310481914591948 -0.219265633075268 -0.102901128847735
0.0057777336365958 -0.0386082803627709 -0.293588962571777 -0.427535559774616
-0.11741656473641 -0.132956492936219 -0.27372416569552 -0.169892312655208
-0.142656270909505 -0.022012769883254 -0.156821372036549 0.0127002252425612
-0.0924045152057799 0.0940194636023917 -0.0227262533229188 0.0483790528252311
0.0459260683730744 0.10272507360678 0.0418563269931576 -0.0311963450532593
0.113479409549967 0.0423739242942928 -0.0554735472790437 -0.106406606031491
0.10803188384975 -0.0295156334029555 -0.180143826846992 -0.0393036311009677
0.0691058882956744 -0.072302254386618 -0.226700646767871 0.0534127514916005
0.0693412586706289 -0.0878920082153665 -0.234180907793805 0.0947613346395415
0.0939433688104945 -0.0741496210384574 -0.249991570977489 0.0840451779047191
0.158169465631294 -0.0253488704253838 -0.245436566700782 0.00201238808088102
0.146556771992164 0.0792883993556699 -0.161151340043943 -0.10152618905167
0.0265744623065517 0.171682945112264 -0.0157553192300657 -0.0865872072605694
-0.166875766004313 0.138706386163414 -0.0962141387623134 0.00154995668819005
-0.219350883014406 -0.0632661410036737 -0.222349323316485 -0.10485478328511
-0.152096914983867 -0.185806377257006 -0.268755191455921 -0.405160908096741
-0.21641410644514 -0.228288969201862 -0.223019937425668 -0.0962419932147956
-0.248462928660471 -0.0402524208696329 -0.126780327567719 0.0170255022448324
-0.16537613235025 0.142407945336024 -0.0145608472375481 0.0554942277568026
0.0450361207315793 0.180506120799967 0.0429479729524333 -0.0212838301958116
0.173905403068566 0.104510683002364 -0.0288756602829527 -0.093010776111122
0.198164195068253 -0.0129440255896384 -0.137074562493289 -0.0552888839031692
0.152135410582429 -0.0961164458702425 -0.181078189202845 0.0213401683142712
0.151258241408205 -0.123102162079143 -0.186052399319792 0.0542243680120589
0.185851817311798 -0.102044246052648 -0.188144338745376 0.0450449858957944
0.275679618988745 -0.0133940296514885 -0.176518434371934 -0.00714426251899913
0.240650233008459 0.165439455143834 -0.111849431022169 -0.0672234311995425
0.033723481086019 0.301051875636476 -0.00260460422459038 -0.0528079196348624
-0.282892376464941 0.236102250520584 -0.0926323513909832 0.0165249287957073
-0.392715797940031 -0.0826244972204803 -0.196611298353998 -0.0893685179897617
-0.28675936031175 -0.305166381668238 -0.204631958613238 -0.332910290516947
-0.299927595034904 -0.298328379164067 -0.13779506264368 0.0109050858108565
-0.348907668676574 -0.0416901859633885 -0.0657552549467728 0.0243591777225514
-0.231759077084022 0.204158800309922 0.0013756289400102 0.0499412647603778
0.0520986132357416 0.260851164085108 0.0368033754610858 -0.00786659176966437
0.230186650444121 0.159334959661326 0.007072320406554 -0.0621229409539118
0.271616633909142 0.00165443340150646 -0.0672348535513417 -0.0627804981831777
0.217717456908263 -0.110132142232143 -0.10572411071644 -0.0153173534830188
0.209124498567394 -0.139048105073765 -0.108793219998124 0.00563877496864521
0.247546595549423 -0.111258226650628 -0.0985929536044907 -0.000177453106308092
0.349715206680482 -0.000119768819330249 -0.081376833963527 -0.0167066150722481
0.300493010862895 0.221544321607526 -0.0440524192248126 -0.0228699752872422
0.0412065527840739 0.383274867167499 0.0145024528076778 -0.0108791391686401
-0.349340820831424 0.302079795086995 -0.0706447691421887 0.0280130138568415
-0.499284560416173 -0.0844199686033971 -0.136369771357289 -0.0642257123534903
-0.371466067453694 -0.371160595202902 -0.102829590391457 -0.219232786362809
-0.345866484784864 -0.327444961712623 -0.0196268312672579 0.136082668347638
-0.415623656078444 -0.0311384523575723 0.0294408145674057 0.0316706756636808
-0.272987735375112 0.253826436614107 0.023329318191186 0.0344754207344573
0.0588429777264622 0.315964840324413 0.0293916613512922 0.0163145875400189
0.261306223770518 0.193625302267774 0.0577713940928426 -0.0131128790910794
0.310642198479231 0.0141420811966887 0.0280300572850831 -0.064381203031738
0.251175312228798 -0.10943438352413 -0.00849827864099815 -0.0552799030901084
0.233917017719164 -0.133629961992717 -0.0160211472421364 -0.0452792167217086
0.267686036222646 -0.10009079406852 0.00270443242746597 -0.0451510929597249
0.359434286294886 0.0139307938956437 0.0217644625986323 -0.0266153146046766
0.302515245625766 0.234935282497654 0.0313197447350971 0.0180430190306046
0.0368423504797864 0.384722523161223 0.0329342996513555 0.030009887895527
-0.347510502041107 0.299291595741115 -0.0345517669005113 0.0320908607557447
-0.505077885155433 -0.0760285036349817 -0.0538657505699521 -0.0360008801483122
-0.382530296093803 -0.372497917457242 0.0123195799123268 -0.0883743678014894
-0.336318417563446 -0.306532806967175 0.112373564759055 0.262137227007691
-0.4102466011282 -0.0169322807411986 0.140025202599451 0.0394728060966368
-0.264614807968031 0.255157261876633 0.0456824864181971 0.0146699931454053
0.0525220857293747 0.312835312615575 0.0224080090757235 0.0485406003502976
0.243666481302455 0.19479283435556 0.115767496639275 0.0447002493431571
0.296326354856389 0.0240954939367259 0.133804356100249 -0.0579480861893722
0.245759893421436 -0.0915742202310156 0.0966467432296091 -0.0914690105006334
0.223744167378172 -0.107068448924389 0.0788084831616535 -0.0899809583232773
0.24590632967344 -0.0730299931302814 0.0964360225981006 -0.0807297211434268
0.307491918783085 0.0302705190528353 0.107939148311464 -0.0332425344062546
0.240958371965845 0.209381541237167 0.0886985739104292 0.0483708712112217
0.0111480868358755 0.305114382176821 0.0421001618280164 0.059056186357664
-0.279977820059014 0.218061077934344 0.00166640244288509 0.0249449157504451
-0.40822213617948 -0.068165142963427 0.0239942750784911 -0.0134123521417557
-0.320485011784831 -0.310998831934447 0.117806699471727 0.0306281529708044
-0.268006512914823 -0.231466820882569 0.229299013806464 0.36693885925517
-0.321591548940146 -0.00724306098098746 0.235931894031694 0.0536320417573464
-0.201892031367763 0.192959211838269 0.0642966483581584 -0.00169310537419456
0.0281236703223718 0.237361136566565 0.0144340204043542 0.0777817471671261
0.172388702983395 0.157975828827592 0.159788167524768 0.101168641484192
0.225145083212374 0.0329199176289436 0.226411449137303 -0.0422157151484896
0.197676679309285 -0.056611205664799 0.192160913923144 -0.116340002378419
0.179395329658635 -0.0623511576241298 0.160087537098995 -0.121626526335258
0.188869388831846 -0.0344073483804623 0.168484704291483 -0.0998598571687188
0.210354808420458 0.0445939871042307 0.162236799046942 -0.0300829874760206
0.138888419492863 0.158367362929395 0.114918503566161 0.0669731315806464
-0.0243467863872412 0.184779921243255 0.0340822280661856 0.0703708366384718
-0.17765033770964 0.100484540781478 0.0256295871920796 0.0106093143226863
-0.249063584840697 -0.0590448576876226 0.0744673483272172 0.00216608050697417
-0.211021869147101 -0.206567915985447 0.191447474601472 0.119416863750466
-0.151643753821774 -0.115658198747446 0.306864180239147 0.432513812839478
-0.170461154799924 0.00525079734915794 0.296644658360317 0.0737821017451708
-0.0939727500723878 0.0958855338146884 0.0772969830019942 -0.0155851254616985
0.00297505385218689 0.112592660058885 0.00349378418215032 0.0907469818812305
0.0698486451175 0.0884412376856248 0.174703554621709 0.141683551676633
0.113342829359377 0.0355073623787059 0.283963895988483 -0.0184533778505782
0.116019052787335 -0.0112082401978475 0.258806637699283 -0.124416681629317
0.109374621993334 -0.00969231270430767 0.215666714208152 -0.134653279775452
0.109702602449297 0.00588838630308 0.212226351840181 -0.0999093839885206
0.0958869612292476 0.0512976446995012 0.184251704171308 -0.0179074741704406
0.0358497308659929 0.0977669567753986 0.112033580130476 0.0744428513977782
-0.0495652636638366 0.0675700545950672 0.0124968206217449 0.0667771139433233
-0.0728663068573577 -0.00350210959607086 0.0337845683287535 -0.00568828790547568
-0.0858737298639084 -0.0372510869680702 0.0965038232964705 0.0101959459843627
-0.0850719414318077 -0.0822795661905362 0.227825048817333 0.168048110273346
-0.0102808528505496 -0.0223153805777142 -0.28425826264396 -0.203131896128551
-0.0356377277277664 0.00352759959778807 -0.16574035384389 0.0130490156600049
-0.0184704842177101 0.0510085378528963 -0.0252878602523297 0.032619520116404
0.046563656962103 0.0273116630094286 0.0294422462738088 -0.0415485927756583
0.0487480698684713 -0.0198403793871027 -0.0778624471608051 -0.100759144471496
0.011078969960457 -0.04138754949487 -0.194722736841404 -0.0152834457138023
-0.0217681082917015 -0.0393535697664435 -0.235030863192246 0.0751077072043578
-0.0224317229463549 -0.039749837558733 -0.242278792753317 0.11465299413647
-0.0124136519448634 -0.0342808144451041 -0.265448658246209 0.105459054503841
0.0198286138564908 -0.0335890698681909 -0.269645675122014 0.010496741758623
0.0343712480865975 -0.0164943011470467 -0.181882019452684 -0.117849047927812
0.0193687964248642 0.0235167372555129 -0.0278066229805293 -0.105549881343748
-0.0282353447211884 0.0268614389324461 -0.0837339952186856 -0.0115951216542295
-0.0213823738516152 -0.029980522850398 -0.212064488560948 -0.105005303842788
0.00584259646699368 -0.0357376733362894 -0.280816406795736 -0.416813181566642
-0.111286628873301 -0.128394165221022 -0.2658451576032 -0.166567484260442
-0.137178960283049 -0.0228821764262144 -0.154719191272053 0.00993540386368196
-0.0899363316095094 0.0902597917624721 -0.0218990493716871 0.0454734283583659
0.0435936674895702 0.0994893008219769 0.040381230363216 -0.0300526320315881
0.110547531394364 0.0407827817724137 -0.0534171817940327 -0.102057379788351
0.104988475633974 -0.0281098069894769 -0.174745149618019 -0.0385372767448022
0.066790938985987 -0.0691616669994762 -0.221209915087613 0.0502265392538092
0.0675322837432596 -0.084628851246234 -0.229022613958615 0.0903457506118836
0.0928069136977112 -0.0719205082661032 -0.24377498004173 0.0790838155182046
0.154007026808959 -0.0245362452753442 -0.237949988802543 0.00042683805461771
0.141051593419175 0.0773800542088946 -0.154428434369361 -0.0995306512889354
0.0246451759392962 0.166853607338607 -0.016266133859589 -0.0842151941503684
-0.163032908578023 0.132155415308141 -0.0940847843327602 0.00080653133579074
-0.212115638383872 -0.0631057222895104 -0.214822786846824 -0.106836039439599
-0.145993381085036 -0.181365621346171 -0.259186444860111 -0.395372843020288
-0.207293536916153 -0.22055683232996 -0.217640085231349 -0.0952522720316767
-0.23912517321938 -0.0405241729785251 -0.126608553153811 0.0142310954112438
-0.160524556450223 0.135485108943794 -0.0139304024172657 0.0523890143351562
0.0417438706344513 0.174975935106207 0.0419199332820092 -0.0202401799113001
0.169623797417336 0.101941155511384 -0.027707592023788 -0.0897860640682777
0.192210465390079 -0.0121365010861245 -0.133556841557743 -0.0542115286802143
0.148609942494205 -0.0922702312690234 -0.175578825434321 0.0201445313159241
0.147469216973777 -0.117883919569725 -0.181771655221556 0.0513716695341208
0.181756419656949 -0.097582877175996 -0.183840752783543 0.0415715497756677
0.268526895268487 -0.0119560367808615 -0.171188959433351 -0.00859432622179527
0.232835831885536 0.159850167268139 -0.105905394859032 -0.0653648327282855
0.0293746811626745 0.293316659511727 -0.00395727447543305 -0.0518704018752525
-0.276311795337423 0.225807104633179 -0.0918326660469221 0.0145988726620087
-0.377947283595721 -0.0829497662183665 -0.190465868193319 -0.0919956628666784
-0.27621224846722 -0.298053804270312 -0.196168280157901 -0.323160273289822
-0.288058462954133 -0.287783236654846 -0.13606153133473 0.00742592840855616
-0.33711297518999 -0.043059834654042 -0.0680180157506204 0.0224281046555674
-0.225060317707082 0.194118414152501 0.00159141408044013 0.0476930684480476
0.0483772821834751 0.252471022156391 0.0358176197736072 -0.00728955571767674
0.224014004487265 0.154999681798792 0.00687370040074655 -0.060315405892076
0.264736612578192 0.00152759061356668 -0.0658853639641742 -0.0617686200686381
0.212410382815753 -0.10502520512353 -0.102137821296048 -0.0154686726504059
0.204404403354154 -0.132095811870184 -0.106098250056616 0.00416034058504675
0.241722077875173 -0.106371823476296 -0.0964017774935666 -0.00244420068238868
0.339704015333818 0.000605236192468166 -0.078369078702345 -0.0173907968701059
0.29062505849228 0.215619544028124 -0.038907292712102 -0.0226207504074645
0.0364045108548782 0.37260513737836 0.0126021697120405 -0.0113309164207064
-0.341479756555294 0.289289696309748 -0.0713922584394571 0.0252084044406209
-0.482041702865009 -0.085700738535483 -0.133573423701081 -0.0660465488658784
-0.356310528223708 -0.364187517743607 -0.100592203917901 -0.212279574321307
-0.332392128090282 -0.317310904342725 -0.0223204923143207 0.128717943710115
-0.40275074119591 -0.0331805406183872 0.0234980353248244 0.0297472792374422
-0.265630195929293 0.242165097015836 0.0229450842147365 0.0325037875162458
0.0543374270072262 0.306650451252703 0.0282410332155272 0.0159615513199973
0.254362593572913 0.188714970094087 0.0555625263752667 -0.0140286519551417
0.302923871064139 0.0131278899949507 0.0260784916338122 -0.0632327156761603
0.244970253791741 -0.10485019258081 -0.00709514155064735 -0.0530047097514421
0.228554663542063 -0.126656288391181 -0.0155812513632835 -0.0445252136314706
0.260629056214932 -0.0967206717791033 0.00208296616770816 -0.0450175903782383
0.349880754724415 0.0147761388314099 0.0209237609100383 -0.0270449508178736
0.292693981230524 0.228142254844545 0.033445258813301 0.0178324407564533
0.0331869676942527 0.373812106623707 0.0302229702726263 0.0290481887494198
-0.339240098544338 0.285435684128589 -0.0364674419945839 0.0287883699818455
-0.487854798331147 -0.0766026776565944 -0.0539221032084973 -0.0373256856776601
-0.367140150366086 -0.365470099966639 0.0106483245714843 -0.0859411228994303
-0.323281622848067 -0.29727441274957 0.105246429777359 0.25169147430752
-0.397703302337496 -0.019720998977592 0.131743676393665 0.0383179358839662
-0.258838207050907 0.243856071865619 0.0448783801347614 0.0136141109432733
0.0483291440691427 0.304076811947916 0.0214401736729927 0.0473299457567745
0.237770282084666 0.190284112327995 0.111411648769064 0.0428139649942139
0.288821184283756 0.0232834394940648 0.128880352489399 -0.0571474072866528
0.239137221958518 -0.0871281090762143 0.094847984550645 -0.0881163635408876
0.217761711575198 -0.100975203698699 0.0767696155489598 -0.0870736095605584
0.238740125890054 -0.0694496238761928 0.0933724345462558 -0.0792723909141385
0.298520094933111 0.0298949301925803 0.104986173374599 -0.0324234851509042
0.232325749812201 0.202675961999248 0.0897691513187219 0.0479393763093671
0.00881845531605453 0.297000900229288 0.0405152573538276 0.0563606267849367
-0.273013138145082 0.20833817719198 -0.0014912251161672 0.0222616533066631
-0.393227011230829 -0.0694670840211456 0.0203515804142301 -0.0128994044524736
-0.308641081025106 -0.305766292872592 0.11276072176885 0.0311617834841853
-0.257299909440278 -0.225494670661192 0.218127679601837 0.355446731745926
-0.311901487101965 -0.0102462064493409 0.225720525997529 0.0538373692681807
-0.197156689014684 0.183995767449202 0.0626740227131697 -0.00122200974694074
0.0257210463250632 0.230909519496082 0.0137838363755449 0.0757531035069111
0.167942679791512 0.154596682153329 0.154046603009692 0.09782870820499
0.219958956347846 0.0316179744287066 0.218360555731502 -0.0420098213847461
0.192836633482408 -0.054066259749371 0.187146785748934 -0.112135394657237
0.174979179283768 -0.0589521312593525 0.15731513828187 -0.116665676669465
0.182845567962643 -0.032359818958913 0.163692286358207 -0.096539681651056
0.203912035259451 0.0437063776602555 0.15801129955055 -0.0286645310029511
0.135099065383626 0.153823772478111 0.113702339485963 0.0652222127822093
-0.0246079453775354 0.17925184397405 0.0325652237282998 0.0675298232809324
-0.173157681668369 0.0951873687805197 0.02174489830239 0.00823548924776383
-0.239171552319402 -0.0587757889280299 0.0695437220624544 0.00374049785635292
-0.20298179338638 -0.203772355835347 0.184132025656243 0.116552496486551
-0.146204475956291 -0.112981760915109 0.293554240022343 0.421639513940748
-0.165118425430567 0.0038390413987353 0.286323532020364 0.0750222802233912
-0.0918026026446997 0.0906503298219863 0.0751357599236574 -0.014170377981184
0.00205412771799849 0.109958268664654 0.0029761702428766 0.0881300314889913
0.068441262561836 0.087621680144793 0.168872332068727 0.137656080862574
0.111120421417506 0.0339481773100128 0.275193420695627 -0.0175128778707491
0.113896390618865 -0.0104753946030364 0.252109271869182 -0.118918149744515
0.106690151746416 -0.00811351947214563 0.211822599956394 -0.128293462052276
0.106000432068669 0.00616495757272562 0.207097245944687 -0.096322978442202
0.0934200502775077 0.0506793348391672 0.178459590852568 -0.0167945667664331
0.0346974963869577 0.0946116653401192 0.109437698602561 0.0722713189373507
-0.0482890410613096 0.0651316582604376 0.0122135992577544 0.0646001621693328
-0.071574167178568 -0.00461787936104749 0.0312647204449967 -0.00764708859023984
-0.0822804305200035 -0.0365480773966237 0.0924704482353545 0.0118171112025525
-0.0811680400822135 -0.0824783668200236 0.21953060686543 0.163836805179425
-0.00581023733592559 -0.0234289168094271 -0.253387998893509 -0.241693055610622
-0.0353834096007893 -0.00372009108605452 -0.16841470693595 -0.0132423372705342
-0.026153232779785 0.0477474143725238 -0.0320424827649225 0.0253529384422211
0.0409385105708573 0.0341158577363966 0.0319295375435357 -0.0367336486684052
0.051161170273209 -0.0125103344185513 -0.0640213216589801 -0.108773305713431
0.0182811732164091 -0.0371996388256642 -0.190656146004523 -0.0416662230236643
-0.0159863447387526 -0.0408611779358084 -0.245328833917813 0.0430273198647849
-0.0169531679956799 -0.042146681874793 -0.260722265756696 0.0740105367543943
-0.00676560955618869 -0.0323086781651262 -0.283110239675152 0.0622052991148524
0.0233932725728891 -0.0289059251109311 -0.269925065174347 -0.0331558446974072
0.0331491736440025 -0.00974999734066302 -0.162177552637031 -0.147823346121195
0.0134166099614542 0.0265161467023804 -0.0110900131803514 -0.110452283027726
-0.0320921932853947 0.0229737260225434 -0.0803485898919901 -0.024706218233726
-0.0178816854168276 -0.0312906188755628 -0.19193028201652 -0.14264721011492
0.0055613631883195 -0.0305183482824708 -0.20953319451417 -0.467393956356158
-0.0905398457328248 -0.141075454913272 -0.230196054916363 -0.206480222922681
-0.131146614079537 -0.0453651226282675 -0.153296906886734 -0.0184402001449954
-0.102428250975752 0.0754417476078686 -0.0291435094632612 0.0334203691828037
0.0258487716411858 0.10442729135517 0.0394298495394408 -0.0271921952400377
0.101576085320364 0.0571151660754489 -0.0427119097107553 -0.10791618528377
0.108727055215002 -0.0101996092503901 -0.171263795825021 -0.0603954132841448
0.0771613385548465 -0.0561291973523629 -0.230040912294365 0.0204125943791031
0.0800024602279557 -0.0711389707842889 -0.242885966865651 0.0516832375831233
0.101554781678269 -0.0525902450554184 -0.25715000080765 0.0377883574134027
0.154249703113102 0.00182837436728632 -0.236752180542177 -0.0416038891731838
0.122435783950994 0.0991985985768087 -0.135647337265914 -0.126978689664714
-0.00605960264864103 0.169435125181881 -0.00202935988948663 -0.0897277368835524
-0.181167526221561 0.104365528984489 -0.0904697707093438 -0.0134488993276901
-0.199148413492381 -0.0964947446853649 -0.194844741467305 -0.140176328188356
-0.118382920592121 -0.201202394604413 -0.191074987325779 -0.4393353673829
-0.17060448073613 -0.245335453113258 -0.183656634244316 -0.131377981207125
-0.228550763078843 -0.0792006038132959 -0.123062139228913 -0.0141091674498365
-0.178887718775772 0.107491139496387 -0.0213656872328197 0.0359157726114581
0.0109169602417666 0.177983407748425 0.0379337373817997 -0.0206042837594995
0.149386174461053 0.127406857488358 -0.0232438470178701 -0.0946606410716505
0.193069320889459 0.0188512000590892 -0.132589850166886 -0.0686188536979986
0.162981488833501 -0.0654006793915404 -0.182419080066319 -0.00375278037053154
0.165189945303193 -0.0905231616436276 -0.188911670924785 0.020284363293483
0.193805506981706 -0.0634467020624867 -0.191443303093919 0.00920666960959633
0.264317246954823 0.0317475403216773 -0.16824830147212 -0.0418703450061912
0.198676947843264 0.195277610831545 -0.0907069179680249 -0.0871611262191294
-0.0229165758199303 0.294494951883032 0.00589682417459546 -0.056830011199217
-0.308767314219779 0.177377500295592 -0.0889946931252078 0.00153463357330949
-0.359405829876391 -0.14508419120389 -0.172993908329192 -0.115559941519803
-0.225179472675574 -0.341027609156342 -0.142667305458662 -0.35239889812847
-0.241843965254338 -0.322256754326319 -0.108781865105669 -0.0211687688823804
-0.324259483257023 -0.0967149558554525 -0.0632314447584734 -0.00177197347446557
-0.251441992205621 0.154970508235453 -0.00680445277855942 0.0281072966833116
0.00424684417339689 0.255209534091361 0.0280188790701416 -0.0113295675966289
0.194568389190584 0.188160065170876 0.00293380558065189 -0.0621095999598051
0.261215372188176 0.0437350596713041 -0.0672583502502282 -0.0646855084914025
0.228699059569028 -0.068867907984654 -0.104639574302069 -0.0286660807364444
0.224190850029121 -0.0960676008715457 -0.105857843807089 -0.0135801163399826
0.253740974089384 -0.0632511791173613 -0.0968054700550151 -0.0215240620473997
0.33258523207717 0.0548907665276115 -0.0744849384540863 -0.0371668130704829
0.248472156615735 0.257580178461212 -0.0294479214670184 -0.0347951205870386
-0.0286853461345379 0.373916751384175 0.0162432309993828 -0.0155104397504523
-0.382754479297708 0.228520536992127 -0.0701955550046777 0.0156284405381036
-0.459078485040685 -0.16463411537129 -0.120280132399583 -0.076127941859516
-0.29174057107628 -0.419746391240658 -0.0650907589969523 -0.2234041792583
-0.280440656984263 -0.35818855439574 -0.0100814520407473 0.113496553000965
-0.390255923952035 -0.0972583431934072 0.0287092664070261 0.0171969424189213
-0.300121173372518 0.196062486050882 0.0163146326762593 0.0128837251815329
0.000755692420314552 0.309875328744953 0.0163111676413471 0.00816035968499536
0.217644288034956 0.227735760666957 0.0434901475424449 -0.0107433721631863
0.297175728102586 0.0601022255453768 0.0225081513441492 -0.0521383131960059
0.262096243901728 -0.0637468861934007 -0.0057439689971029 -0.053806279920281
0.247310710556225 -0.0866360985957797 -0.00721237719337122 -0.0470447780163587
0.2710922027698 -0.0509370960562506 0.00819418644694029 -0.0484191848146105
0.340768751915387 0.0699490806746499 0.0265149641428004 -0.0311659712211802
0.248482111009504 0.269629720394615 0.0362717389742145 0.0175889024507608
-0.0320808803564993 0.374187570156322 0.0278452286611644 0.0273210370444721
-0.379394037772553 0.224771538183825 -0.0372315092275496 0.0246551668310223
-0.46462401697034 -0.158072203762014 -0.0462411906895183 -0.0326317518492816
-0.299946869513502 -0.424773395872736 0.0241885279016423 -0.075972312607183
-0.275845643052881 -0.339050534923503 0.0984490786676604 0.253471898598354
-0.38887156278899 -0.0829311073260015 0.135259784713345 0.0422996869201222
-0.293556486381763 0.198119324007315 0.0400550724567618 -0.00202929082402192
-0.00502322919327202 0.306356652039015 0.00539319154592847 0.0379690532247327
0.200278806233237 0.227917065908311 0.090786054577398 0.05246393319457
0.281744927023512 0.0674537262059852 0.124095150757304 -0.0321288524332114
0.254048501300878 -0.0479808995536351 0.101985305684122 -0.0739198444544091
0.233437863442268 -0.0629366155088229 0.0916287535210534 -0.0734253802371884
0.245098797522334 -0.0293526679358304 0.104845193496981 -0.0669025009079122
0.288709051417448 0.0762824199699031 0.110139236867045 -0.022016142703753
0.19535385313324 0.234477530662541 0.0870234318732778 0.0571816097060184
-0.041287037755987 0.293505125315502 0.0325435212171577 0.0589352319646867
-0.301785151900513 0.158946370366076 -0.00302549394475173 0.0228414500438691
-0.371490084156795 -0.134796674292698 0.0230924456138728 0.00191251153756225
-0.250189762041425 -0.357332559822123 0.105892191228698 0.0566310537115457
-0.221426249316121 -0.259413887876127 0.189366155070787 0.375287269587132
-0.306578360639731 -0.0599141751179622 0.22574531055917 0.0754978429798214
-0.223348764511416 0.149090707596315 0.0609628378633129 -0.009067692048196
-0.0146800568481162 0.231509889719168 -0.00358359237445181 0.0673919138632206
0.138154230619857 0.181310612700222 0.12895987600904 0.113344204099961
0.212156268353672 0.0646351783574157 0.214316017009095 -0.00457046720412744
0.203146391226772 -0.0230524660018353 0.198485994114248 -0.0851868775430693
0.184942958990625 -0.0288665769309459 0.175385130236436 -0.0898084468829844
0.185404030684678 -0.00259144491975946 0.178859866866175 -0.0715966882136559
0.194056458402285 0.0742712499398738 0.161454078246748 -0.00796274743535367
0.108384737570355 0.170181779846553 0.106081742777255 0.0804379544124968
-0.0540499809332477 0.172321599862681 0.0229570359578478 0.0698922582545594
-0.18570270099826 0.063854174382205 0.0200632109525313 0.0121164364674144
-0.223100499131816 -0.0988519706731397 0.0679004158501041 0.0232439274641926
-0.161851086635467 -0.239236659829947 0.163785559079265 0.152768060226858
-0.128592021615257 -0.133618660951308 0.244723450188604 0.455397289234034
-0.165050379883672 -0.0228074262943202 0.280333874597926 0.111859783520493
-0.104958309944707 0.0739524510382288 0.0759203890670648 -0.0104818830393689
-0.0175586972653609 0.108932545468833 -0.0118169878546921 0.0825304602646302
0.0520595941045389 0.0993620060225719 0.143353218244607 0.157263015741021
0.103967912091838 0.0499572160896464 0.271667296797657 0.0244717662972658
0.117030832079519 0.00672620104112717 0.267015887419736 -0.0837390321990262
0.108623670147618 0.00945426823473638 0.231986035221879 -0.0919683567330502
0.103232808574579 0.0214066193206899 0.221959390300984 -0.0631612400705466
0.0840525489092607 0.0633671524144093 0.181130640677869 0.0105423064144538
0.0208815906646207 0.0974188660062609 0.0993320715295303 0.0891079420524586
-0.0577124888065667 0.0563692893563375 0.00314444903303698 0.0655791911742055
-0.0696591267198524 -0.0174071772727994 0.0302334708506616 -0.00240123094302091
-0.0725828155360151 -0.050460770885281 0.0885490807554082 0.0309154010136528
-0.0624270707246677 -0.0987004636729375 0.191125706436638 0.204370430022642
-0.00636477622991873 -0.0239323813239931 -0.261697053594323 -0.249193293591177
-0.0368733069163637 -0.0043596003232532 -0.174670106125107 -0.0135549375950507
-0.0270539698377672 0.0501426747319141 -0.0340357562191204 0.0253472847488359
0.0419834894109235 0.0347931627850344 0.0331369482336734 -0.0375675582494309
0.0526655321502138 -0.0139594760762333 -0.0653832419090435 -0.111373333000118
0.0188627198311564 -0.0379626384258122 -0.196928171120884 -0.041485751237575
-0.0171274865532001 -0.0411833337784371 -0.253866439465006 0.0444813241677486
-0.0182240716312416 -0.0436337676037004 -0.271556959867959 0.0760714082937255
-0.00655039933417159 -0.0340153264641152 -0.294117429031764 0.0641093492272325
0.0243553062241493 -0.0307521730863155 -0.279630536262505 -0.0334349514454792
0.0337968022816912 -0.0108735085164253 -0.168766938284786 -0.152884966135337
0.0134518919977651 0.0275074563576047 -0.0122787425322988 -0.11358118490632
-0.0319590904708131 0.0231167027418483 -0.0819948377239866 -0.0253193199339049
-0.0186514102163714 -0.0319532506752695 -0.198088354297515 -0.150976398097731
0.00557037302486942 -0.0304950737831425 -0.214772246663603 -0.482384578580678
-0.0921572283761062 -0.145932737921565 -0.238676779737379 -0.212907459594024
-0.135334579678436 -0.0474617691546151 -0.160764331253227 -0.0194124579107176
-0.105628623982574 0.0771903422198593 -0.030722332558723 0.0332416705110597
0.0261001544079416 0.107152847385479 0.0410758033893552 -0.0271667197570359
0.10552230990908 0.0579837169879635 -0.044177705976298 -0.111289326281881
0.112927165312907 -0.011025648360028 -0.177689448826034 -0.0605165173673552
0.0794335378250527 -0.057813058612663 -0.238237617677074 0.0216261523640203
0.0828316313194973 -0.0735061044484515 -0.25394353042353 0.0527389627095394
0.10608797971722 -0.0545195758444608 -0.267476348900941 0.0385607472990452
0.16033150830724 0.000767448507316535 -0.244976040868408 -0.0430823762890062
0.126897886467431 0.101551434844255 -0.139238283438568 -0.131831402405297
-0.00700053768007834 0.175635940168947 -0.00280960031805085 -0.0928634038935021
-0.18743962810514 0.106576871714022 -0.0945373363597044 -0.0135978100688998
-0.205595165871091 -0.100424713950662 -0.201317725702415 -0.148107528894334
-0.122988390290692 -0.207885292442954 -0.197789973278735 -0.452539167503224
-0.17443525153772 -0.252078944474523 -0.191830613765243 -0.137278922111489
-0.234530008355978 -0.0824493171138218 -0.131195596861426 -0.0149202893362364
-0.185093239755342 0.109991800469465 -0.0231510612624421 0.0353668691840299
0.0111985420747956 0.183193237912826 0.0391230349234317 -0.0202507314724249
0.15568038708406 0.129806788752381 -0.0237770059833007 -0.0968074157042266
0.200256067066956 0.0179496856344595 -0.138215485663053 -0.0693936162320171
0.168173715132526 -0.0676599491893117 -0.188588331251994 -0.00300428127414674
0.170806334183659 -0.0932126333560738 -0.197801635577228 0.0206396239359947
0.201222364814451 -0.0660236404583482 -0.199568961689024 0.00825732115674986
0.274935617088993 0.0313371998614507 -0.174126847788705 -0.0440093984436824
0.206067093037306 0.201212664990259 -0.0914309263958032 -0.0906525866397695
-0.0242778790813822 0.305196642350011 0.00497992147495727 -0.0591303326610827
-0.319884272106911 0.181519705265619 -0.0940987934448335 0.00184807464792099
-0.369788412996858 -0.151677313012343 -0.17960560640577 -0.121726146609971
-0.233132431897418 -0.352922158249368 -0.148298223618056 -0.362284871233335
-0.245332512421996 -0.332025276219381 -0.116123786279872 -0.0235470110403283
-0.333327683458011 -0.100997538776009 -0.0707284108861684 -0.00174705305155569
-0.259534007439442 0.157650160575743 -0.00651080885001732 0.0278447680410732
0.00336267141452058 0.263468196611623 0.0289778856202228 -0.010975209911683
0.202110240586428 0.192981352285065 0.00331352043507672 -0.063657169560242
0.271114304178585 0.0423846385550069 -0.0711701962039078 -0.0668463868992877
0.236368814319062 -0.0717728037318218 -0.108742341465482 -0.0296677998077243
0.232170100311837 -0.0980419687071737 -0.110858006746696 -0.0140046641296446
0.263229288975933 -0.0652848603911385 -0.101807159184489 -0.0229565053745627
0.345803815767683 0.0554029046060478 -0.0764630441441975 -0.0396568514134013
0.256776101667473 0.265373196671361 -0.0269398049424648 -0.0364731604412707
-0.0299701220209386 0.387169018253439 0.0154132590091448 -0.0161324984533337
-0.397465928444475 0.233579845894462 -0.0763592170677422 0.0156371549070523
-0.472042097948981 -0.173017763597339 -0.12565054474133 -0.0806162887069597
-0.301022410926077 -0.435051374943374 -0.0704176981663119 -0.228659112573103
-0.284839859936328 -0.369168856569207 -0.0141904255162899 0.115131117306101
-0.402298637001398 -0.100658080619806 0.02506959758785 0.0181182197139616
-0.310559271579714 0.19991005942233 0.0176231584730339 0.0119733695711404
0.000146989192591555 0.320291267091193 0.0163504805070918 0.00841134011923884
0.227242506631587 0.23382246272803 0.0441493945967648 -0.0111257123732322
0.307804265155227 0.0601807763120475 0.0217019217777079 -0.0546793933187343
0.2714845541493 -0.0664427191183104 -0.0057542116331045 -0.0549549643229446
0.256679046393473 -0.0884822421875097 -0.00794566779500398 -0.0485181124627033
0.280194651432197 -0.0521939994887618 0.00730212349226612 -0.0514560865896939
0.353999214818916 0.0700744051652938 0.0273670742239 -0.0335445387737615
0.25792968034887 0.277322306151391 0.0416791710851159 0.0175497456310106
-0.0335003877371096 0.386752787778762 0.0277998923682846 0.028016766274789
-0.392760087885375 0.229851452905216 -0.0430217519897596 0.024150667464992
-0.477195555136037 -0.164976479048066 -0.0501127439289296 -0.0343168481552353
-0.308845622360026 -0.440511630583979 0.0217183459663644 -0.0765319589511648
-0.281168518785623 -0.348983604064093 0.0980391105983608 0.259487800293718
-0.400634620231066 -0.0877798121283779 0.135928013830774 0.04413532908896
-0.304859059099905 0.201968142818498 0.0425644669202982 -0.0026660397577953
-0.00572542614208313 0.317083056174355 0.0050347342641801 0.0394379622270277
0.209568771919088 0.234437188658902 0.0933127665746206 0.0543495228314446
0.292298761898794 0.06713603563933 0.126214546441604 -0.033732009459543
0.263345296914952 -0.0505711358719842 0.105287734643862 -0.0764439089558734
0.242299237225332 -0.0638865862071357 0.0943854219507877 -0.0762777693411579
0.253890050371659 -0.0298575185392462 0.10698679722015 -0.0702580629358544
0.299892950354599 0.0771438058354655 0.11373659453217 -0.0241192033721947
0.203290686898821 0.241060015603645 0.0934603846409125 0.0580805902566952
-0.0428941640839642 0.303237553033331 0.0330326590624823 0.0598005535984318
-0.312702081657886 0.161908330783824 -0.0079833637114973 0.022652013806477
-0.382325967598063 -0.140954064404879 0.0212675879176305 0.00354984470273605
-0.258111688090495 -0.369764642483244 0.106575230491184 0.0598203923154419
-0.226056087458113 -0.267916706909155 0.192386748854954 0.385566293387657
-0.316641536226942 -0.0635384931214539 0.231411737715703 0.0800431398023292
-0.232305792391216 0.151032924655222 0.0648047324218484 -0.00913546651392261
-0.0160191419133006 0.240520512544567 -0.00439523063818079 0.0698269876227178
0.145135579912383 0.188063803515863 0.132273027673233 0.117375519590356
0.220832919422354 0.0649200854412195 0.219582620795371 -0.00611306645675784
0.211427362300207 -0.0245984798327002 0.20517311659187 -0.0878395338591168
0.192291538593661 -0.0289039520180336 0.18244216493473 -0.0924378170654618
0.191120510426003 -0.00257421210490655 0.183927383777024 -0.0752682525931262
0.201480035422571 0.0765922727448353 0.167063498398077 -0.00889044065709328
0.113202325846695 0.175493308839579 0.112278151862241 0.0827966234490495
-0.0548879233595249 0.178248992257046 0.0232577145344504 0.0721665249546439
-0.192758926376562 0.0646270613344233 0.0166388302723626 0.0108552294074912
-0.22856387673559 -0.103082386688934 0.0682984829291769 0.0256309345586251
-0.167187276794565 -0.248504169359906 0.166515937442267 0.158293747136379
-0.13165273574435 -0.138628418873622 0.25132155849809 0.468233587041782
-0.170134951627612 -0.0242488533504571 0.289401511073626 0.117770216779739
-0.110121771273593 0.0743364734916007 0.080224685391828 -0.00984481655236802
-0.0182817236593531 0.113405731071324 -0.0126738244304126 0.0854045435658014
0.0548595401580256 0.10387248483367 0.148052024559865 0.16273649338963
0.108341671532308 0.0509352809217613 0.280544464287886 0.0234906348846223
0.121317422377123 0.00665829693444639 0.276479338945752 -0.0862206568649226
0.113621557483116 0.0103483605728205 0.241716173997567 -0.0950882684212088
0.106144786758731 0.022326449280165 0.230381227516145 -0.0656786010452942
0.0875258443243185 0.0650962660089654 0.186933320150871 0.0104207643673964
0.0224259211576864 0.100488319238533 0.10386233807851 0.0919334885696707
-0.0586427779924746 0.0583904927031886 0.00364522754347587 0.0672243929391305
-0.0726620068541332 -0.018067964089512 0.0287613668698436 -0.00437931270734092
-0.0738271520112549 -0.0527179889408303 0.0901693620579007 0.0344884091418187
-0.0645722004433876 -0.103483343099662 0.196753570538888 0.211476492055077
-0.00771191319279078 -0.025377085358473 -0.282254241358644 -0.245937017647436
-0.0382362969749972 -0.00362462490479135 -0.18325650690738 -0.00632593281634071
-0.0255783677606247 0.0534358841429932 -0.035659477023034 0.0272755272579396
0.0441204573787703 0.0335018564941529 0.0332759829565343 -0.039454074435284
0.0535600924775584 -0.0175710571758836 -0.0715070374209101 -0.113137157823077
0.018076289963199 -0.0401855610550081 -0.204511892826836 -0.0335459181846944
-0.0197701854804529 -0.0406420447938436 -0.261779640223198 0.0571440316243325
-0.0209080824859251 -0.0445510714995036 -0.282316109795328 0.0908226946700267
-0.00733893028596697 -0.0356806812511326 -0.303047073149711 0.0795732964043981
0.0236249497296613 -0.0339732366271513 -0.292006235603396 -0.0227107654867757
0.0343424388309231 -0.0129791131372404 -0.182150558729418 -0.151067045404431
0.0148916175638453 0.028027308651433 -0.0175193604705589 -0.118195916944554
-0.0315181059004371 0.0247040357751389 -0.0849415687646546 -0.0237861303137151
-0.0196335511566372 -0.0324645514264325 -0.210979132041755 -0.152963121582318
0.00471398995781546 -0.030322724823926 -0.240012119593613 -0.490016720597924
-0.100027563754135 -0.146674939472801 -0.257022857685436 -0.210275857036176
-0.141608891334557 -0.0450062338347943 -0.170310237732331 -0.0127670534002467
-0.106346732468734 0.0845777701772213 -0.0316738032642909 0.034783117619436
0.0315835309879666 0.108876144989839 0.0413931761728248 -0.0289992696159127
0.112069163677125 0.0535550157261659 -0.0491016785236861 -0.113134323537007
0.116924634851578 -0.0166177177432941 -0.187102416209949 -0.0541325921472135
0.0799660675103984 -0.0622132638395079 -0.246365494333804 0.0324336458384748
0.0827579429306274 -0.0793529093340796 -0.264035279517426 0.0657395878740528
0.108751704470871 -0.0612339296711036 -0.277026061240111 0.051649849204261
0.167197005378292 -0.00745714767163038 -0.256881506420725 -0.0349044625949172
0.135612634901612 0.10051233506596 -0.149228725559054 -0.131835283509697
-0.000329033175073361 0.183250436413135 -0.00730032128043041 -0.0958658154711804
-0.190660609571983 0.116606443709919 -0.0992155995054408 -0.0101321051553195
-0.216856209642632 -0.0973013811076622 -0.214842554549521 -0.149430585289862
-0.136060688638414 -0.210375920793318 -0.223030428147708 -0.45938509490473
-0.188058906255834 -0.25372913847517 -0.206468145598682 -0.134472650420807
-0.246067284152903 -0.077187235741404 -0.139869278207013 -0.00964050676750388
-0.187101623710933 0.120505192339604 -0.0232570853125119 0.0363380583183926
0.0187649295005544 0.188373414256278 0.0393850470270075 -0.0220149664028534
0.167494507410327 0.125242727586414 -0.0277907230964912 -0.0985677376532282
0.208965856557917 0.00854157637934324 -0.146419367226715 -0.0655592474301468
0.171902174285013 -0.077063795829889 -0.195938166842439 0.00464315619708849
0.173965196865787 -0.10319323192841 -0.206648515608496 0.0297260539633084
0.207711793298383 -0.0764291459878385 -0.208912451022522 0.0166165156428974
0.287464603586408 0.0195328695928203 -0.182381377356862 -0.0396718659365092
0.222332699249869 0.199799926915652 -0.0962080402702437 -0.0911954545157658
-0.0131114104260308 0.318149947230458 0.00146552214554976 -0.06183828710736
-0.325963190241259 0.198195629452985 -0.100730706750749 0.0051669699620681
-0.389212721405083 -0.144888413710754 -0.192869867699875 -0.121564401084205
-0.256072656789289 -0.356865307134507 -0.16933187011415 -0.36657356718054
-0.262734724573891 -0.334056939299546 -0.124847595694584 -0.0212725607173221
-0.348251442533093 -0.0926329876085082 -0.0770212215349781 0.00179258311355493
-0.263705804596954 0.172216153402327 -0.00579914746845237 0.0271613909893245
0.014229074592308 0.272187203756686 0.0294293534313285 -0.0119156823611402
0.219194578355399 0.189863029033032 0.000950002390138862 -0.0654372679429296
0.283109943882941 0.0310444951522771 -0.0773920587387832 -0.0654789745371755
0.242587220553009 -0.0840957082864317 -0.113510761136094 -0.0255231121260011
0.237512983616665 -0.10983489060508 -0.117638683316959 -0.0107464447124876
0.271657879959796 -0.0783929114747551 -0.108397195777886 -0.0213859333109395
0.36236881236854 0.0411978087227667 -0.0813725414740293 -0.0396136414812062
0.277575464987393 0.264426942374422 -0.0265216484619521 -0.0382018274384162
-0.0164832070116845 0.402826787639245 0.013970349933104 -0.01730385403525
-0.404558073050753 0.254542961121909 -0.0826354306230053 0.0194421824417807
-0.496117150410969 -0.162811707996106 -0.13569639152 -0.0786133536614764
-0.329688041356181 -0.440374640194595 -0.0836170775094053 -0.229901737145676
-0.30485434834313 -0.3708553233019 -0.0144514409472633 0.117884465270635
-0.419645890626505 -0.090512770570016 0.0220956786044656 0.018615405370568
-0.315093888518563 0.21664124318187 0.0187615847931705 0.00996898127394894
0.0129746072445559 0.331818215952843 0.016824042303249 0.00936333892052443
0.246659832212973 0.231572577626519 0.0451518753764302 -0.01222984198959
0.322345837551723 0.0469245336708636 0.0181797144701817 -0.0576905989249929
0.279184901888969 -0.0806748530409401 -0.00723351182023535 -0.056802174295036
0.2642745520669 -0.10009501622826 -0.0113593346840512 -0.0504230192596946
0.289096199154248 -0.0650979156050683 0.00406515342386567 -0.0545004382916078
0.371370216961549 0.0565069188370245 0.0267961380987825 -0.0370858866885118
0.279249899563404 0.276138860970465 0.0476827149521153 0.0147383793845173
-0.0191832752691076 0.402579771036118 0.0285914227233282 0.0275797441436837
-0.400544683068579 0.252007898949927 -0.0488903632597316 0.0274360035466361
-0.499960176892491 -0.154665859352713 -0.0555680472761414 -0.0325302734420088
-0.337813041381168 -0.44641359897884 0.0172004732886819 -0.076462660523189
-0.30109261067822 -0.351012329452045 0.106805657031948 0.263227567153463
-0.419772515384658 -0.0769017003918609 0.139768411845478 0.0417844279989039
-0.309333819492117 0.219214395807429 0.0449805990839739 -0.00580190848370178
0.00666412321883534 0.330128586033324 0.00644067890054406 0.0407804803849408
0.229787711839196 0.234195366742529 0.0985517227176052 0.0531680354461698
0.306773901602124 0.0555242159477321 0.127595444783377 -0.0408855577778325
0.271494195796318 -0.0640792141410512 0.106367738285137 -0.0830249020494322
0.250591132963379 -0.0751213530072936 0.0951580632769042 -0.0829086522089538
0.262415806763833 -0.0411236219016527 0.10752156659325 -0.0777819136981329
0.314256856576189 0.0654311645436846 0.116793210695325 -0.0306071075082919
0.220743193776804 0.240713531185289 0.102318862462287 0.0550303565642308
-0.0325801362558424 0.3162942388456 0.0353998899928261 0.06034374927703
-0.319270250326014 0.178809622224832 -0.0125564211549873 0.0234897510066348
-0.399623074147724 -0.131931869875857 0.0197223991328882 0.00410033983583475
-0.28281733722063 -0.374911981163468 0.110398291872242 0.0598906142777933
-0.241648236102206 -0.270060152605372 0.210916270593066 0.391105093886262
-0.330672854332887 -0.0544218057893728 0.241499558163038 0.0751258804795802
-0.23819689901947 0.164988461639573 0.0678896904197904 -0.013130618492986
-0.006901904412494 0.25067414037293 -0.00183817624247664 0.0734726257408224
0.160147140368248 0.189427526754107 0.141499877598218 0.116888565915093
0.232349757901244 0.0570075387964953 0.225992883074686 -0.016893480545846
0.218738708195059 -0.0355381463075479 0.210122033509077 -0.0991156079693326
0.200043681141166 -0.0364496036824861 0.186239655987209 -0.103730592660946
0.19798791727205 -0.00970693960492716 0.187479703178208 -0.0858667360677708
0.213016049414286 0.0694298446307539 0.172604651146053 -0.0166514238380607
0.124937717991944 0.176470186493905 0.12264633753935 0.0795921806604675
-0.0496829090855132 0.186800820864889 0.0263672589637706 0.0730063998351305
-0.198051372084095 0.0736181632353557 0.0134560876652431 0.0104323457572926
-0.239576656424837 -0.0980160086970895 0.0703820987212059 0.0264828995864684
-0.183433903320507 -0.252960334046957 0.177237667298802 0.158358273733163
-0.139569153402111 -0.13881940615111 0.27606157187247 0.475196252912395
-0.177565366304456 -0.0195022948916026 0.304217610793474 0.11212403755069
-0.11265229759317 0.0804002947055789 0.0846677978770041 -0.0135834668455425
-0.0140306149766642 0.119682287815862 -0.010346016072011 0.0898633430636166
0.0632435778143701 0.105850889375227 0.159789127736543 0.163818833415344
0.115042818108068 0.0471769124595624 0.2908677128502 0.0118305012216051
0.127835299394167 0.000618276421978165 0.283665661289193 -0.100825552945337
0.120006600036302 0.00648421440511174 0.249205316380259 -0.108266356935794
0.111328094380162 0.0196496427470501 0.235993108646455 -0.0781760499926256
0.0935941450647724 0.0641826549841629 0.193996247881029 0.00241803242485954
0.0282224086427672 0.102363248818523 0.111982000321527 0.0901536024352556
-0.0583472459948961 0.0630385336860703 0.00549219367125977 0.0690193351699437
-0.0770329407022532 -0.0161245215661485 0.0265071271498816 -0.00621566882717977
-0.0779422228064541 -0.051582109033056 0.0940647536337351 0.0339937621325831
-0.0709844168285979 -0.106600148042294 0.211181319987053 0.210266401564748
-0.0096183821197181 -0.0245298402015771 -0.298464068054004 -0.228367754810446
-0.0389722224133771 -0.0017626533939669 -0.185969314485414 0.0070436298836306
-0.0217919725877059 0.0554789516052462 -0.0355651377464537 0.0302633232502447
0.0459727674200906 0.0302881041712398 0.0308423480671114 -0.0410585967218466
0.0512493519588938 -0.0218109064963304 -0.078557187203615 -0.10964017446604
0.0159940682001042 -0.0412160483857639 -0.207172015719966 -0.0193597180634351
-0.0227470607219582 -0.0385683839462629 -0.260825196565955 0.0753676331562661
-0.0256164111213235 -0.0434275593718733 -0.280622112167046 0.111256596883244
-0.00953208044014099 -0.0368160790693815 -0.300296175713685 0.100793629614653
0.0217897977853729 -0.0367644099516322 -0.296152102408276 -0.00268676329833894
0.0331065178795454 -0.0156801751425354 -0.194894992899255 -0.1402207127949
0.016856234627269 0.0266057350593485 -0.025725414806799 -0.117685547064114
-0.029002546259779 0.0259744800281411 -0.0867722076022861 -0.0181877387420906
-0.0222669215659021 -0.0309641196646415 -0.222276362381922 -0.143657703233588
0.00295598326289307 -0.0296225892330745 -0.273110196435088 -0.475940440603383
-0.109026140299926 -0.141382856048914 -0.273024887722529 -0.193885082479376
-0.145274075978556 -0.0363422442187614 -0.174393761224949 1.73054023199169E-05
-0.101375611272168 0.0911744379085161 -0.0316730922075145 0.0370099902863594
0.0383274759656486 0.106810070908278 0.0398218681889592 -0.0316088709515639
0.115820417210109 0.0445591746066497 -0.0560751115537085 -0.109773093436781
0.116537077721497 -0.0255799642362474 -0.190440697779802 -0.041116979834722
0.076129511015858 -0.067873731389249 -0.246969241764791 0.0495745531333458
0.0775907631872884 -0.0847350383901019 -0.264442643297041 0.0843130945225725
0.10638372931163 -0.0700330156222045 -0.277676629567379 0.0698503766739221
0.167975287995896 -0.0196031793072372 -0.260730320087559 -0.0182455933326001
0.142796524844394 0.0923386297925846 -0.158721050459161 -0.123702164098836
0.0111943163224654 0.184400230384861 -0.0144422343233916 -0.0966000822209306
-0.18487312401581 0.12770612464082 -0.101476905125654 -0.00324645940962395
-0.224850516820695 -0.085210028649504 -0.226807437338717 -0.138272522989977
-0.150169850862617 -0.202217275862914 -0.252942507850877 -0.444179583262797
-0.202416789508296 -0.243529898297469 -0.218041593360644 -0.120667056759739
-0.2515894856193 -0.0620169873782748 -0.144162506767769 0.00132551716073887
-0.180686253729171 0.131840978065236 -0.0231303964190119 0.037323630798346
0.0305034337449764 0.187789491468485 0.0381254796592713 -0.0239088125555992
0.177503278205792 0.112505496620954 -0.0336814818289499 -0.0972207998816854
0.210386755052771 -0.00709724050509174 -0.151534143381167 -0.0553702635800424
0.167558512366377 -0.0887703888266547 -0.196929540883551 0.0179340443628262
0.168917449700087 -0.114186559774214 -0.20852918916047 0.0439548053173721
0.204483262110034 -0.0917637496718153 -0.210376401350572 0.0303979830364473
0.290911165591767 -0.00173371981502799 -0.186582533024699 -0.0283225550501931
0.237533491124867 0.186951326852844 -0.101601385851738 -0.0872081237807532
0.00729522840057031 0.321636815949481 -0.00289901464716727 -0.0617369883490698
-0.317426000763442 0.21973519093909 -0.103497407204237 0.0130465262581448
-0.40079464780936 -0.122341898819831 -0.202557862424924 -0.110738114192417
-0.281029906400914 -0.3428817105207 -0.193098202694218 -0.354054701765766
-0.281923336983444 -0.319796497790298 -0.129752535450396 -0.0134513188037871
-0.355302590778696 -0.0715168430678771 -0.0810591956527674 0.00793662996633912
-0.254922354546965 0.188792425321604 -0.00587505709088974 0.0269313613237469
0.0321642515257323 0.27196866654428 0.0291570982036639 -0.0127199113849354
0.233747683135163 0.173609914876232 -0.00244673979941906 -0.0647282911069973
0.286561078600173 0.00964634364050291 -0.08363753933169 -0.0603149744050074
0.238196615048927 -0.100421805686517 -0.115756777163197 -0.0180029592945592
0.232980493769536 -0.125781528749441 -0.12066041607395 -0.00291474632985243
0.268549677372281 -0.0958792223324082 -0.112165381272609 -0.014050057538764
0.367768693075856 0.0146562844583697 -0.0846366233657991 -0.0350682654262218
0.297542761089262 0.247913100470505 -0.0263455706817171 -0.0387646418848648
0.0102961660320074 0.407238354659869 0.0120586481198319 -0.017600024868686
-0.394564479818707 0.279762255091613 -0.0863185116493641 0.0265043325675317
-0.509456717456636 -0.135990623029001 -0.14250897269495 -0.0697278590910412
-0.359932361791371 -0.422052361171444 -0.0989954843710975 -0.220955269232285
-0.32653113135432 -0.35347569688612 -0.0115776350017423 0.118472253783156
-0.427576217379073 -0.0653018245150389 0.0203370035680278 0.0189989283572917
-0.304820335666233 0.236492725669159 0.0186950164468715 0.0074047845089856
0.0351759189266485 0.332913132653465 0.0177608394660932 0.00878176288990123
0.265447917651471 0.214586211335773 0.045449344425266 -0.0138923919436477
0.326786492813881 0.0226451514513457 0.0129610395665543 -0.0588718341264552
0.27501221755971 -0.100574571939727 -0.0114538424167257 -0.0557363053889576
0.260967503364996 -0.116943527309141 -0.0159840480054767 -0.0499440987397755
0.28825901616611 -0.0836183374433745 -0.00103889029691763 -0.0555407749075211
0.378371575424097 0.0295060221715446 0.0237457306498837 -0.0405280323775896
0.299948714460956 0.258905772752148 0.0517057127219546 0.00889267887854858
0.00667589081009474 0.406025679848352 0.0293462973097059 0.0270108394827998
-0.389861685009906 0.277250938391783 -0.0520297846761029 0.0326364339584718
-0.512234746036764 -0.126496074664741 -0.0593672526105226 -0.0269995838629018
-0.36963460901278 -0.427117396271016 0.0118288337921676 -0.0741756144650961
-0.31976578188417 -0.333910232004552 0.119472193822301 0.256503137013977
-0.425980634521423 -0.0523093570340159 0.140526117395145 0.0346998607225507
-0.299568561429069 0.239649772371995 0.0450988308668696 -0.010050448218024
0.0288641386771797 0.331793226279807 0.00905898029603572 0.0420326460195487
0.248562156913764 0.219037251195984 0.102871726155796 0.0482052710445677
0.31246095733756 0.0332931697234615 0.124063904184731 -0.049659329480861
0.268778278753638 -0.0839493123481705 0.102277993679698 -0.0902382280854516
0.249669742488998 -0.0900343116411317 0.0904762139255017 -0.0902377328128876
0.261862668614694 -0.0573187701959882 0.101279109531953 -0.086405198666208
0.321799313400407 0.0426061132525427 0.114980588806342 -0.039986685640419
0.2387350589924 0.226224444641597 0.109453368405136 0.0458748858931436
-0.0118677531133294 0.319903357062928 0.0386314602262982 0.0588828309213548
-0.312025128997893 0.198681925637908 -0.015802975048023 0.0268727484511732
-0.409306090422619 -0.108866390544849 0.019274162472533 0.00623813975850663
-0.307610591918245 -0.359994664484279 0.113611691497534 0.0569923952012947
-0.257092479607372 -0.256863047367186 0.232930822123328 0.378829609253789
-0.33614614201692 -0.0349798798783457 0.246416951511235 0.0611594026412809
-0.230686987332227 0.180387195199892 0.0683118428930769 -0.0190086981628025
0.00986974928996638 0.254296051251294 0.00283220500522939 0.0746037565652149
0.175848034674325 0.179737995211712 0.151375446719926 0.109921365776237
0.237636830246831 0.0401764425305122 0.224282146782358 -0.0324102373546719
0.217970663823786 -0.0510049220759516 0.205574775116027 -0.112684826344916
0.200863452457852 -0.0492528631142375 0.182401929815502 -0.117235794727895
0.198893127263872 -0.0216932759691492 0.182126294736345 -0.099792104899639
0.219486190710797 0.0540319410441064 0.17190748247458 -0.029484197339408
0.139363791501479 0.16813447681669 0.130972910612562 0.0699880856944208
-0.0375533289318802 0.190783142357495 0.0307492400894564 0.0714427814823629
-0.195887346110516 0.085982385914984 0.00986240712224749 0.0108899053368845
-0.246381939421398 -0.0840280707118638 0.0718834409496317 0.0253758207527392
-0.200948401919404 -0.243502250654535 0.187198278997102 0.149830046962722
-0.147580352768973 -0.131722423858768 0.304108474302594 0.459604612171015
-0.180097659597428 -0.00851818338207502 0.313798573942558 0.0937622351409539
-0.109259300959098 0.0871374655382117 0.0860356467170924 -0.0193546097246018
-0.00584726286822396 0.122367423968295 -0.00455622501015188 0.0917201303664284
0.072532576097928 0.102691953244416 0.172164068877269 0.155441131697729
0.119027009871388 0.0393638424670245 0.292618349069629 -0.00720047004846522
0.128912889665063 -0.00917912446526339 0.278894197009646 -0.120113658313821
0.122897132242033 -0.00103463790211116 0.245804146158931 -0.126502985246875
0.11335579821802 0.013649594494536 0.232600422568148 -0.0947261287513852
0.0987947309247016 0.0576910569526138 0.195242142381173 -0.0111394227924541
0.0359931684370068 0.100994505919318 0.120571084486834 0.0821547365719962
-0.0539312500408674 0.0673155632810459 0.0101323045564262 0.0686048897898684
-0.0799673560437133 -0.0111020129022219 0.0228966348504908 -0.0082765099880838
-0.0809431085179036 -0.0470368302033692 0.0971206962235035 0.0308117734540959
-0.0783447367812137 -0.103644709439689 0.225215050287016 0.197459829108634
-0.011153677622875 -0.0234726385841023 -0.299925249666598 -0.203923598358318
-0.0382468470303737 -0.000575091836837649 -0.179471478933079 0.0186001191058643
-0.0175875988224306 0.0552426214613487 -0.0337477231589994 0.0323808646751352
0.0452176277398931 0.0266299005201327 0.0275005666674627 -0.0419530828516348
0.0477607914484344 -0.024329384097667 -0.082177031297082 -0.102273448727271
0.0130361018312667 -0.0407503088419762 -0.200398341131225 -0.00646511511324344
-0.0240617943864339 -0.0343748880670366 -0.247604555576086 0.0880586910970831
-0.0279042678937262 -0.0397338014354662 -0.267511066832144 0.125987426689975
-0.0109495847730409 -0.0359981275695866 -0.285669643076276 0.114711075808727
0.0189575892240299 -0.0371583380093984 -0.285569170315072 0.0149379241770436
0.03050217278592 -0.0171078664647149 -0.196882506820855 -0.123862205863562
0.0175704367520277 0.0252891781297513 -0.0317342682918786 -0.112357618888678
-0.0264436125222476 0.0256532109677962 -0.0840219390413548 -0.0138665179633857
-0.0233047134913117 -0.0286859695473725 -0.223562579833276 -0.130056300434846
0.00205352086265608 -0.0278641592488857 -0.287987381738834 -0.444250963821528
-0.112136071102662 -0.130653535878481 -0.274581353644524 -0.170977394072498
-0.142554830096367 -0.0270822889552742 -0.169682453999043 0.0112939595621029
-0.0924980526758781 0.0936935616388149 -0.030321925366698 0.038168325431936
0.042247021625665 0.100592602558034 0.0369748333507003 -0.0323255812531855
0.11367621607846 0.0356147161342892 -0.059792218516055 -0.103586898447388
0.111298105622483 -0.0320546856870813 -0.186253653062774 -0.0279598816483149
0.0698469989695464 -0.067974005148845 -0.23530436836534 0.0623847189676127
0.0699772242120072 -0.0855548196022568 -0.254048389256259 0.098689684348517
0.0995909527914958 -0.0748222770104852 -0.264830591865721 0.0838289816186382
0.161650566960227 -0.0299893928262134 -0.253841484858223 -0.00184122340355484
0.144084374589036 0.0812707536676661 -0.161144411107584 -0.110896714648434
0.0212290544715251 0.178157804430655 -0.0200481369198934 -0.0922866978556789
-0.17236913664682 0.133038118665336 -0.0991959362413352 0.00269501772166311
-0.222631887985883 -0.0714295959612997 -0.227960400520969 -0.123934830788956
-0.155884616187473 -0.186545767296405 -0.26668450100687 -0.411791155219404
-0.206769105642791 -0.224540221122184 -0.21944258162443 -0.104472769710658
-0.246072964258349 -0.0461405728260759 -0.141718812524507 0.0102286680460976
-0.166845387862301 0.137105404813107 -0.0218916392812859 0.0370319019660428
0.0398372093252924 0.178974448844836 0.0360998154444294 -0.0245781259932859
0.177887624955658 0.0968915091989441 -0.0371144142741036 -0.0909214860078551
0.202770657206761 -0.0209793492051628 -0.149809694530723 -0.0432380352246855
0.156617548977539 -0.0950274194058127 -0.189374008720386 0.0290996167872161
0.157326208128816 -0.1196632113621 -0.201942059333788 0.0565061072220168
0.193680428549366 -0.10034009175008 -0.202526568136794 0.0420555550933259
0.281894277891511 -0.0202450854841613 -0.182643019923338 -0.0165853475568261
0.241002214246388 0.167446356937242 -0.102020785624276 -0.0806829389583377
0.0250673968059552 0.310786495224583 -0.00753269838993023 -0.0594878170704501
-0.296925510040138 0.228391842945154 -0.101608899226502 0.0205241853015682
-0.394884180140051 -0.0988514022116713 -0.202735190105881 -0.0968001534734484
-0.290289176028772 -0.316080386058587 -0.20497300357716 -0.326902271492363
-0.28598250297698 -0.292516345430412 -0.129567394372023 -0.00596695972197198
-0.346896191182929 -0.0503009833125733 -0.0805641071747058 0.0146925283524802
-0.237252750595359 0.195939575344017 -0.00520323787815089 0.0255168762201972
0.0462415710501157 0.260102333013351 0.0273411351045228 -0.0137534316689531
0.236118070848076 0.152543703135134 -0.00437749543792895 -0.0619724436050509
0.277461718576178 -0.00997140697355954 -0.0848231160573443 -0.0527465333588762
0.224112505361485 -0.111391946847004 -0.112436301479853 -0.0105226148860482
0.219917242014396 -0.134131432694006 -0.119051764390135 0.00490013331851789
0.255745545143672 -0.108342113055983 -0.11100319330167 -0.0068387101966998
0.35621460852404 -0.00981161733122249 -0.0846910815146163 -0.0299627339746737
0.302598960223886 0.221284905118482 -0.0262462954141756 -0.0386635803785106
0.0319139763865966 0.393036146427694 0.0100788112046786 -0.0171675880961177
-0.36821365761157 0.292411981387382 -0.084590839807509 0.0336551073073537
-0.499652236291391 -0.105395681036141 -0.142114419116151 -0.0580728324021013
-0.36992391060123 -0.389371526691475 -0.106248052278792 -0.203232888886362
-0.33236723422271 -0.325659024812563 -0.00821182017824525 0.11555556418893
-0.416405026351696 -0.0407164646933622 0.0175693564230748 0.0187904404423315
-0.282571919335393 0.244066673730503 0.0171391634675291 0.00544840099505515
0.0525961037982629 0.319088783565812 0.0179276673867121 0.00811648845659094
0.270148775590825 0.189928999005558 0.0440793310418073 -0.0156381074556652
0.31729631902084 0.00115288828451921 0.0085437974614402 -0.0565419830690586
0.259472581979925 -0.11363353995108 -0.0132936168357876 -0.053026107783827
0.247973320784741 -0.127678508237125 -0.0191991818630979 -0.0476891722856919
0.274450363208766 -0.0966290297044995 -0.00598970248208414 -0.0536481370204434
0.367687933673619 0.00417648092173562 0.0199229515948451 -0.0412967760096572
0.305159525821629 0.232831894454675 0.052840335460698 0.00274519309387982
0.0293254922225192 0.392337198774497 0.0288404982305394 0.0248696755317036
-0.364961225872901 0.288229028963869 -0.0524529330970598 0.037814240492993
-0.502368601437578 -0.096891644604737 -0.0588412073979118 -0.0202548129982949
-0.37934523853754 -0.391752404576358 0.00822466970294536 -0.067195496850078
-0.325456382652532 -0.307509957465587 0.125447416016513 0.240985806808745
-0.413901152985989 -0.0273474585435226 0.135143319035972 0.0270167956739113
-0.277584441899891 0.246267897539099 0.0428861235352213 -0.0138353041719703
0.0468777061964183 0.318917597004639 0.0113273224652853 0.0406018985542759
0.254336669359599 0.196707528009781 0.104136829997709 0.0419047193499957
0.303548282962155 0.0125979461894863 0.115407574609242 -0.0544235013328612
0.254767650047606 -0.0975722193026937 0.0945185917033177 -0.0921773883486291
0.238725742720906 -0.101146286111032 0.0825592815129091 -0.0928095338971365
0.250988021461539 -0.0689812786401096 0.0922450217998417 -0.0893452349865125
0.313585774342311 0.0207653672519963 0.107371525837716 -0.0455877838390109
0.244761804313602 0.20433687928735 0.110177072384148 0.0353945801093013
0.0061550249591976 0.309981865150457 0.0399302008113094 0.0552411949623465
-0.292778006863184 0.208749413530246 -0.017078891206913 0.0295124758754424
-0.401219207990847 -0.0849541165708014 0.019393324112924 0.00787747311430114
-0.317668109686337 -0.330382138614942 0.113246841608009 0.0524162765441275
-0.259615521454159 -0.236660752018035 0.241675098050081 0.35286880507711
-0.326964835078562 -0.0155870093948149 0.239947852225424 0.0458454250168129
-0.214925188318273 0.186216568582942 0.0661819636009164 -0.023218781527431
0.0247723949839693 0.245216597446361 0.00684765980659602 0.0725470113584764
0.18285685465309 0.162472959981 0.153193112988435 0.0992687670583278
0.232094460297511 0.0238608135682777 0.214074251554934 -0.0439098963018107
0.207556973797391 -0.0637970707995841 0.192944795011358 -0.120325952014272
0.194026429757053 -0.0590187642907327 0.170676776398273 -0.124609160562057
0.19241516338796 -0.0310810614784934 0.170411194064698 -0.107443373680247
0.215027008380357 0.0379373269695523 0.163097839864158 -0.0389946461219595
0.14510994747582 0.153233449545105 0.131564614491193 0.0575849246843935
-0.0252272564867567 0.186489586670538 0.0329647933706802 0.0681081101135824
-0.186361665798985 0.0943120689344117 0.00701391728743351 0.0122727129916463
-0.242147119038244 -0.0683808244552848 0.071312031611216 0.0233318939517409
-0.208620083437525 -0.224742057436734 0.188735033933402 0.135989400364662
-0.148465609137924 -0.120382604071327 0.315096643324663 0.427065250685292
-0.174406335875831 0.0012814610216002 0.308014778370234 0.0740727292297559
-0.102420288339446 0.0896750787237577 0.0830635613991593 -0.0249583796627156
0.00206178843828857 0.118113434243783 0.000648327969427298 0.0895402042297582
0.077489952619585 0.0950627532741392 0.175945935599472 0.141823450117893
0.117933962527308 0.0300791355411136 0.281102357604201 -0.0245475065550793
0.124167426073354 -0.0176679614397204 0.264544741250176 -0.132196956059409
0.120794956638117 -0.00838790300937933 0.23315809439956 -0.137815637956706
0.110335814311073 0.00753275558208361 0.219887930345723 -0.1058982732789
0.099219456349762 0.0492076774805575 0.187265746188543 -0.0227249902166944
0.0413414072662499 0.0944573558023973 0.121755401546884 0.0708855769045146
-0.0475927911653014 0.0678451348533396 0.0130467501680912 0.0653710595103485
-0.0782224938044639 -0.00554910117222635 0.0196100579127344 -0.0083524451223595
-0.079923879705674 -0.0415553694429299 0.0964871306885247 0.0264187439386072
-0.0819888367774385 -0.0969725699013527 0.228036397618793 0.177687785250245
-0.00778055798513259 -0.0227193956429779 -0.255495393813666 -0.218858262976054
-0.0360705413770583 -0.00554629478060276 -0.17118013219314 -0.000937169652558543
-0.0234298733816827 0.0489936575310534 -0.0394736378157749 0.0283181507683987
0.0377945696452257 0.0314634998252084 0.0283259015945351 -0.0338479399641634
0.0471151664544094 -0.0159311142076596 -0.0652899849686766 -0.101372526619072
0.0192461193051613 -0.0369232400861488 -0.183741352694006 -0.0263642692507961
-0.0182840274455886 -0.0335678335168288 -0.242545774034894 0.0576381540528029
-0.0227937634029506 -0.0395180891836945 -0.269943863388332 0.0909152883009949
-0.00518645777157249 -0.0356666655494983 -0.286796267538588 0.0789523782354682
0.0233929807850371 -0.0328804983570578 -0.275234750495367 -0.0163940414775499
0.0312336774872522 -0.0108279051655932 -0.176570769447865 -0.139936384417109
0.0135207210557917 0.027918791703427 -0.0187005652821804 -0.11352491934545
-0.0271604332743621 0.0216311138704654 -0.0775777056696681 -0.02462026539778
-0.0180463659939874 -0.0281424750631277 -0.200574243547151 -0.151975812265407
0.00594563825131548 -0.021621115874415 -0.226841412773306 -0.460900513228924
-0.0873006886589655 -0.133532738415259 -0.231926680878706 -0.196215513294957
-0.128068908803215 -0.0433059604286885 -0.163699005699674 -0.0115500190842888
-0.0975974423327457 0.0746524111943324 -0.0410049404549275 0.0306920669011299
0.0248187860316862 0.0991027089581344 0.0330687258497743 -0.0243054810708638
0.101500382178625 0.048613159621676 -0.0474357372830152 -0.0988273796644172
0.109783003029287 -0.0173647317960098 -0.168490612200643 -0.0404466764776337
0.0745198114498099 -0.055131613410117 -0.228875207865498 0.0353641291847098
0.0770860440539046 -0.0721588163728348 -0.254028613870829 0.065480169508818
0.104783840771038 -0.058728710479165 -0.266181758142516 0.0501563504207769
0.158050848007461 -0.0100317700471301 -0.246308073162375 -0.0320662702726338
0.126881268810448 0.0959941106370851 -0.145032788328854 -0.129821744517234
-0.00150769902991786 0.174440170394038 -0.00982069749829909 -0.096427869519865
-0.179039661672681 0.108027983992927 -0.0888466110924808 -0.0111108581278822
-0.203943718629824 -0.0915500427713666 -0.196188406797268 -0.143798691192623
-0.128470802563782 -0.191905894246387 -0.199663499798772 -0.425139692181075
-0.162538417710024 -0.231609431558466 -0.185469893750417 -0.137386470237927
-0.220196194876061 -0.0739970101172997 -0.140953267658833 -0.0147177339244786
-0.172288201777143 0.10511415260885 -0.0371293885063027 0.0274812850363637
0.0120423620149324 0.171018070461381 0.0286147341609177 -0.0173544769697293
0.152137754856491 0.114309049281622 -0.0306410344977463 -0.0832034046348263
0.192802250733544 0.00430659511724982 -0.13263504774195 -0.0478655493860839
0.159815496799636 -0.0703648115474073 -0.182741008198095 0.0097845457883382
0.165011865879642 -0.0942558252778419 -0.199312808356289 0.0293452943460504
0.19754274377726 -0.0713796051732609 -0.203220046989389 0.0160362158427368
0.270640485777554 0.01318579171948 -0.180249627029191 -0.040963352056191
0.209277520331381 0.189233481080742 -0.0938169446173481 -0.0991891441426516
-0.0136696177140372 0.300744947369398 -0.00229058372017827 -0.0668277140988238
-0.309031626027219 0.18532719017563 -0.0891658281136829 0.00498557406234153
-0.364454116793094 -0.137488677477294 -0.166852307283047 -0.113073132741618
-0.243822626128075 -0.331410997826799 -0.140111790976838 -0.33094333009467
-0.226598186663805 -0.30511904434534 -0.111504420248552 -0.0441178912960936
-0.312378690128625 -0.0900325208230833 -0.087286019124683 -0.00907989936913924
-0.244788586569109 0.150016204454829 -0.0251985721650653 0.0152056034424219
0.00639170679181876 0.247379420087798 0.0163721299803199 -0.00876494320616889
0.199592290377969 0.174801876866459 -0.0062635946725198 -0.0512693897098508
0.260315902891142 0.0238684341951401 -0.0717805108242266 -0.0465994173595907
0.224995456331989 -0.0786491328574483 -0.106401518560521 -0.0181384970409303
0.227058675477694 -0.100869557584217 -0.115295848365372 -0.0103937414013584
0.257048158921209 -0.0713805091028705 -0.1107756377609 -0.0212455355413598
0.339223633993198 0.0319766552406597 -0.087518969894673 -0.0444108379661029
0.260977213161186 0.247270426938911 -0.0266445405400941 -0.0544605286217078
-0.0172238566329306 0.379673373742056 0.0094841764078411 -0.0261887276027856
-0.384231076795417 0.238591827519477 -0.0720482999213423 0.0194362489992652
-0.464836608283309 -0.157103522568763 -0.108321668300654 -0.0687848668555935
-0.311857574535251 -0.411322269952369 -0.0557944063091394 -0.199253783023345
-0.263491044282592 -0.341639007734256 -0.0115601142524001 0.0768061090384313
-0.377577491534332 -0.0903829281177796 0.00141970224406874 0.0020590389385127
-0.293568783240756 0.188875200474107 -0.00439982205748643 -0.00292372464913353
0.00398790084684269 0.303326141725273 0.00309365979292537 0.0102883013762904
0.226195687552795 0.215512813237664 0.0322157833128262 -0.00246644777687104
0.295362846103874 0.0398966621591451 0.0152645217859782 -0.0395969014966028
0.258352054425294 -0.0770857120826901 -0.00902926219699545 -0.0475589049663217
0.253146875896182 -0.0928293502467349 -0.0135794533642218 -0.0489708661032754
0.272940963147273 -0.0582302430110245 -0.00547257060712134 -0.0539155688763334
0.34722916430145 0.0456868528325625 0.0131683225834072 -0.044163435177114
0.262541679589586 0.256908643477427 0.0440770977911697 -0.00701274161908257
-0.0197618802921872 0.376882639870784 0.0233730997519796 0.016977547821459
-0.381099594181918 0.235149111591255 -0.0421910610222078 0.0274966949485896
-0.467202735644399 -0.150365136200656 -0.0316001772175023 -0.0218684721154754
-0.321787683692459 -0.416690596071155 0.03952709057007 -0.0548824531992336
-0.260509716616441 -0.32310939142559 0.097792085225225 0.208329028496753
-0.377646154076451 -0.0780284269750466 0.110526497830156 0.0225057860484046
-0.290289138485137 0.192469139270048 0.0219592082789109 -0.0189055664582208
-0.00151679632175905 0.302820974669407 -0.00608341612213064 0.0391462896710355
0.211574284834472 0.218242499383072 0.0809600686230548 0.0572899342902763
0.280328552185253 0.0489198998209523 0.115073537104026 -0.0270121940975744
0.252116827032139 -0.0631359959205352 0.0971042373595836 -0.0741502062625832
0.241658172956916 -0.0689320735438453 0.0885380969602277 -0.0805779287939194
0.247248617794451 -0.0344298787319866 0.0935289550484621 -0.0768549382386311
0.293550766421469 0.0549221617837426 0.0988650084375826 -0.0381141462637381
0.208122539693727 0.221482102165435 0.0969526276182025 0.0329446465756818
-0.031331360059433 0.295499430601447 0.030833968280787 0.0496609304902619
-0.302835802116354 0.167253208170208 -0.0113803411788912 0.0254684537529079
-0.373260232381605 -0.126716324343989 0.0362063934003445 0.0149185585622694
-0.269408059258094 -0.352921357161445 0.123520716204973 0.0712235657860367
-0.209464337043636 -0.250426259497174 0.192013405629237 0.329554149322034
-0.298250408107601 -0.0560136196193688 0.209073072288728 0.0546626516371675
-0.22382030374061 0.143990282679853 0.0500521085286203 -0.0228036169904098
-0.0111202287936742 0.231597823083452 -0.0117670951737607 0.0675390713034107
0.148989625199387 0.17799233220621 0.123638663364016 0.113486366348036
0.21205553460912 0.0509451925127796 0.205492583288315 -0.00922053108234914
0.202636425687532 -0.0374302716667954 0.193179870346625 -0.0911331260166692
0.19458829132696 -0.0344145975823349 0.177310561972951 -0.100656742393258
0.185546264941141 -0.00621842439402588 0.171223067851459 -0.0851565091299797
0.19767382221527 0.0603065665732469 0.154544955187228 -0.0245061767637204
0.119707134285114 0.160866161105417 0.117289947680771 0.0605338082769637
-0.0458242094431034 0.173852179808939 0.024421278518216 0.0640917596549882
-0.189077521548981 0.0696751257565413 0.0099089934095717 0.0132135073495389
-0.222958341753101 -0.0934997949880917 0.0782629415306845 0.0351608288246045
-0.176272825413308 -0.239965002741463 0.180641775653286 0.157754194310633
-0.121267782792273 -0.130293555344582 0.24910637925381 0.416946990109276
-0.160485927397029 -0.0207247351712192 0.274829000408297 0.0940486244325623
-0.107410137541796 0.0694633152459403 0.0741640419738707 -0.0181664692749456
-0.0141025693640646 0.109908980815945 -0.0141111663825047 0.0826613479186288
0.059732204114606 0.0999014488534254 0.144087556594086 0.152365686234664
0.103838744939385 0.0430231441479822 0.266289426238099 0.0100169937220614
0.118321002778596 -0.00397264980821986 0.262277402351121 -0.0960757427552695
0.117102841050248 0.00498299983187205 0.237874937841873 -0.105742704328965
0.103139934178756 0.0205983792479408 0.220611219912071 -0.0774517777165984
0.0864661032033215 0.0571053209572842 0.178492033009271 -0.00418372520303944
0.0283761621903492 0.0933714859851556 0.109080945569842 0.0757596068366573
-0.0527353994947289 0.0576417538843212 0.0066521766217893 0.063571372664434
-0.0751957120799407 -0.0132893115478881 0.0204773866057808 -0.00366701133950254
-0.0718457005422714 -0.049761461149411 0.0947307048492191 0.0395957293781663
-0.0697634060193191 -0.104548996191076 0.206517376969702 0.199849856747215
-0.00784826979087107 -0.0214609480443881 -0.242900793435445 -0.21535722216102
-0.0359914248797973 -0.00608560430513441 -0.165065716689176 -0.00277423519068543
-0.0228881285408622 0.0478901950408389 -0.0395106311583795 0.0282891897910793
0.0355971205382923 0.0313952013782241 0.0280189435866133 -0.031912224767907
0.045488613929955 -0.0144641899050636 -0.0625069822047897 -0.100041412609597
0.0195128442865104 -0.0355162256749536 -0.176658058369333 -0.0270016333390592
-0.0157933690510922 -0.0317613600163366 -0.235839963598867 0.0530310633201906
-0.0220061714245208 -0.0377730026528668 -0.264017127945424 0.0862797655392665
-0.00463177067714854 -0.0353347008066575 -0.279976374650747 0.0722037849232767
0.0233250346587579 -0.0323862594793316 -0.266066053203406 -0.0193290793567415
0.029997608354443 -0.00990262382458471 -0.170218194501231 -0.137301404720826
0.0126134526354824 0.0276082831314667 -0.0170458845535691 -0.110765918665364
-0.02670708425546 0.0200203782537426 -0.0742757169813003 -0.0262759472425757
-0.0168497555519311 -0.0271305880624537 -0.192803024262567 -0.153526352477932
0.00637748890721111 -0.0206747551016068 -0.209311389971677 -0.448171028488449
-0.0816625723338598 -0.130790758716989 -0.221880475992285 -0.192867904010651
-0.123050437474223 -0.0435624971860746 -0.159193133173125 -0.0126460114789626
-0.0948269176903263 0.0712006800726019 -0.0413908089208027 0.0299991048830703
0.0222033808840281 0.0960422951597229 0.0326311273319568 -0.0226697763578322
0.0972181256432878 0.0480090748768177 -0.044157085201305 -0.0966218076270493
0.10584366342978 -0.0161018621676692 -0.162036734594327 -0.0402777524801021
0.0735445510732625 -0.0516731962440077 -0.222601539846481 0.03212980643511
0.0759974003983149 -0.0684350607559805 -0.249171744400646 0.062063885159705
0.102555508386823 -0.0557513442844049 -0.259580649932547 0.0452697102297425
0.15326317529002 -0.00883858519718296 -0.238793604833432 -0.0341285748830006
0.122159961216477 0.0948276312196611 -0.13904716801434 -0.128560537235262
-0.00429638539368004 0.16923726085555 -0.00887137869412865 -0.0939530574363197
-0.176644376114971 0.101492658708295 -0.0863524087239533 -0.0116909965746346
-0.196770327366218 -0.0929504012110411 -0.187828732190577 -0.144773793055431
-0.120456674689889 -0.187480400945265 -0.184002983785211 -0.412009193164618
-0.152052592974086 -0.22719270863029 -0.178005346994899 -0.135261975038127
-0.210915439331179 -0.075017040501875 -0.137918669075818 -0.0146971564884226
-0.168093122405233 0.0989862819079977 -0.0376656038431897 0.0266566274321434
0.00911127751289934 0.164808406669343 0.0279119233459255 -0.0164439535401036
0.145778382921374 0.111772360262134 -0.027221297984465 -0.0808785509134432
0.186307155711444 0.00574251314995254 -0.128097177284018 -0.0475549847196967
0.155952477474353 -0.0654892254290724 -0.177208466255736 0.00745925289367707
0.162289257196527 -0.0884913517039099 -0.195643518917499 0.0279780604866278
0.193072779397905 -0.067042905435362 -0.199285489361251 0.0129006255311779
0.262018777667441 0.0147368113508911 -0.175004042371171 -0.0424738553139907
0.200630528001987 0.185935480184711 -0.0900519554768999 -0.0991624106565046
-0.0180088457226232 0.292020525872974 -0.00209376913363929 -0.0645135815934603
-0.305172397500571 0.174812821186534 -0.0867252666659394 0.00545319707066738
-0.352753714536217 -0.142390686865179 -0.159053048795227 -0.112992273412915
-0.228641514167656 -0.32426502086761 -0.127198628239371 -0.320231463375026
-0.21345681684694 -0.301871525893796 -0.109108159290474 -0.0436633255872596
-0.29998629450215 -0.0924571424632135 -0.0865681157149756 -0.00917644620115769
-0.239817573225979 0.140938660327476 -0.0256208678858788 0.0146440847047196
0.00221595000082011 0.238812155056179 0.0166787964646366 -0.00829864745407716
0.191553125064589 0.170072229702988 -0.00362329968573198 -0.0502001081817661
0.251056788381079 0.0252571765846043 -0.0690866248552119 -0.0455189673666946
0.219385225847809 -0.0727575027034355 -0.103105202634603 -0.0192650568103831
0.22305034590224 -0.0940421184666791 -0.113361937009628 -0.0103840994030451
0.250755617504987 -0.0655414488624694 -0.108513723161804 -0.0223745275280889
0.328163843212333 0.0330637193492399 -0.0855138951012895 -0.0445357614471014
0.250326151742094 0.242761726833515 -0.0249513822452679 -0.0553914109465191
-0.0231682076275638 0.367568382551105 0.00881483117667341 -0.0249766916765796
-0.379287888221195 0.223686968968431 -0.071486071435494 0.0208182781370724
-0.448647189502216 -0.161192533771202 -0.101769059884595 -0.068224394218269
-0.296373441663527 -0.40313633268034 -0.0477227781058722 -0.190248547751421
-0.247420984633585 -0.336380387322241 -0.0154291869431808 0.0744906542731668
-0.362640270287732 -0.0937094250721725 -0.00123093149814993 0.00374293328152612
-0.288929949269732 0.178167517678046 -0.00472767191632407 -0.00360267209340571
-0.000798083407904761 0.292615534693572 0.00312052229430452 0.009784833719394
0.21664382305522 0.209628782094796 0.0332692342373979 -0.00146578202067833
0.285547489488137 0.0417147526450364 0.0144398259830086 -0.038123064369619
0.251593318937292 -0.0709103449575125 -0.00749673934093002 -0.0467237357448747
0.248952040492462 -0.0853185344993716 -0.0135681800651121 -0.0468371956656701
0.267414153288473 -0.0517047172099211 -0.00553994180001619 -0.0523760963077331
0.336429421241953 0.0472563782047678 0.0123677723579852 -0.0434980674698215
0.252607875665275 0.251714682202308 0.0428563306267379 -0.00891166410324484
-0.0254595476797661 0.364863046199954 0.0215249158199851 0.0169175397904082
-0.374513844070179 0.221546592097338 -0.042578799096098 0.029381931921598
-0.451459678489258 -0.153984647417833 -0.0285768729065135 -0.0196512621017227
-0.30440144660945 -0.409997789082087 0.0414592010101973 -0.049137594632974
-0.244447285092162 -0.319837793887026 0.0883619277808929 0.20367153899494
-0.363673183657335 -0.0828977529343679 0.104469882110668 0.0246177783981953
-0.286676391780258 0.180055030762922 0.0212468929258674 -0.0184850800305767
-0.0056492026422283 0.293053717054957 -0.00638349162171127 0.037692262324017
0.20270122805576 0.213559040597547 0.0801289840590484 0.0569797302489493
0.270978572163059 0.0502138064781216 0.110579268353302 -0.0242410922257035
0.244448046355284 -0.0587202809571733 0.0956129213328371 -0.0706150501191127
0.237611150539443 -0.0634085275725633 0.0868709805920789 -0.0768270028298789
0.241435732963971 -0.029409141959023 0.0905809729180895 -0.0730643719774409
0.282978151368041 0.055918494811549 0.0952253060527267 -0.0360441902925748
0.200255437172949 0.215845588827601 0.0938168227574024 0.0305289687201695
-0.0346677263576517 0.285530589156123 0.0290723790950995 0.0489899123877246
-0.298515596494192 0.15796383564109 -0.0122770401503623 0.027611167927321
-0.359656069453087 -0.130241341680478 0.0371434037940436 0.0175369739421883
-0.254214025409932 -0.345757301637489 0.119747036901181 0.0731319360333493
-0.196630481039471 -0.248216041132855 0.1770702974076 0.322985398538261
-0.287749672899456 -0.0605715886389164 0.200113988461824 0.0573356733446978
-0.221369964385837 0.134891251059174 0.0485518319289405 -0.0224907676719539
-0.0142136461399896 0.223423612036823 -0.0116790698621142 0.0649921807649584
0.142644372655125 0.173529592717502 0.120712995101861 0.112069756418247
0.204918546572692 0.0516735531300642 0.198188757561824 -0.00707667639662976
0.196774068962696 -0.034427430819868 0.189700874050462 -0.0860145177797289
0.190967927997205 -0.0310082292762557 0.173838748744207 -0.0958644240100325
0.181386138963257 -0.00240490912460842 0.167391576016273 -0.0796419787372411
0.190389487441037 0.0595732164903504 0.14830214779679 -0.0218374524042638
0.115102755973224 0.155907118300586 0.112763711782301 0.0581416194751924
-0.0464832546162186 0.166851241051813 0.0226629680924229 0.0629824235338311
-0.184445258812954 0.0657981524814178 0.00804659644216431 0.0154725397449758
-0.214383489757337 -0.0945461481641341 0.077112303444482 0.0374517855950411
-0.166792696285354 -0.234698575791597 0.172526785126076 0.156513673085133
-0.113980992065714 -0.129512324351136 0.231932773163408 0.408596566320807
-0.154546956990986 -0.0238749434295236 0.26384129891059 0.0964937258732858
-0.106918386610086 0.0646185744827071 0.0731427751767174 -0.0176692209207081
-0.0158797859039355 0.10574355326626 -0.0145545161682994 0.0797104625830053
0.0570793576720659 0.0964687059218082 0.139128088501956 0.151066087824702
0.099728594260276 0.0430285340174835 0.256033197480566 0.0133692086892271
0.114389286322658 -0.00320553169199469 0.256366264391971 -0.0894698664698969
0.115090876988671 0.00570064887237822 0.233765818187108 -0.100877019996304
0.100521304607519 0.0226846567187181 0.214851448340764 -0.0725979565609448
0.0824411853590808 0.056724137875674 0.171494765152098 -0.00257648650950514
0.0269814887255221 0.0891186493520013 0.104493291257789 0.0735965531857671
-0.0517135157015247 0.0544275362231908 0.00580801633890866 0.0614532938100277
-0.0724246486515981 -0.0129424397677902 0.0186275545477961 -0.00188757168980394
-0.0682199809101207 -0.0495115158084509 0.0933191695977199 0.0413547203936569
-0.0664189123683389 -0.102106321824012 0.195959517811983 0.195046315702327
-0.00763327260104388 -0.0213694953716188 -0.236126070746804 -0.22238654990823
-0.0361723678077962 -0.00643345969793062 -0.165492215426958 -0.00647573201264204
-0.0234943708191364 0.0481445234514347 -0.0412491460823968 0.0284430514011016
0.0348219220929336 0.0329460390977044 0.0287443947400596 -0.0308514907541937
0.0458570796355631 -0.0125530812007904 -0.0601868107348307 -0.101718191047128
0.0203917357487251 -0.0352375103765694 -0.175066741407883 -0.03137295318691
-0.0144399864587523 -0.0314810789102414 -0.239024878833008 0.0481976395883525
-0.0211992107901353 -0.037660777491815 -0.270198461048142 0.0816376100030387
-0.00477506923654081 -0.0365170096171142 -0.283848762332301 0.065516415019349
0.024368234200404 -0.0326508942039331 -0.266442308476213 -0.0255965117239211
0.0300541219954603 -0.00911453474519949 -0.167639342241706 -0.141359591075423
0.0120901610385627 0.0284205911537821 -0.014913157874964 -0.112248003146876
-0.0275114933643335 0.018217544097223 -0.0740171640693968 -0.0295805224932641
-0.0157393264819603 -0.0272648127635174 -0.190359547274731 -0.161683681772011
0.00765454942587946 -0.0197122427195931 -0.194705802138105 -0.453980661773006
-0.0781001842168389 -0.133231738030642 -0.216192028380811 -0.198951978342044
-0.121694155351886 -0.0467995144219284 -0.160307702217445 -0.0159156511224233
-0.0967519276480225 0.0692651887970199 -0.0435943091491708 0.0307047441781765
0.0189760485863691 0.0967305100377656 0.033576347707303 -0.0216299057358971
0.0959189892859369 0.0502434764307304 -0.0419330483371284 -0.0982898181574371
0.106568663148694 -0.0140833435282675 -0.160505037240758 -0.0446001547834343
0.0758379348580276 -0.0489730997732785 -0.223964864569104 0.0267010522139133
0.0785196004283063 -0.0656799294482099 -0.253626986484258 0.0580117389134448
0.104234357626966 -0.0540420256916327 -0.263787488974893 0.0386810211492028
0.154611770568717 -0.00686495892047854 -0.238761929772936 -0.0403680331096982
0.120202412392096 0.0979367874119665 -0.137159818686076 -0.132081021775015
-0.00903793517449804 0.170071477940391 -0.00673487142485 -0.0945222728011482
-0.181800472566832 0.0960006943989797 -0.0856330724153135 -0.0140772308192666
-0.195421763889521 -0.0991306190704662 -0.18430847161669 -0.15216443439894
-0.114566212575724 -0.190203687564189 -0.169265058453246 -0.416353507852171
-0.145018090434309 -0.231994647722304 -0.175869200704114 -0.140536579441207
-0.208597429486396 -0.0812114851968482 -0.139492276873848 -0.0175813972246716
-0.170949045854897 0.0948090265801029 -0.0404063794083009 0.0266198704542244
0.00355554802408247 0.165173792722959 0.0283258133282488 -0.0159933833230184
0.143150495432586 0.114465454784442 -0.0242940001755941 -0.0831708034353916
0.185757458086975 0.00948365361813694 -0.126666395260554 -0.0502432003435439
0.159150326176101 -0.0609723434828081 -0.178359564536187 0.00317750239307761
0.166315229309061 -0.0838052573372631 -0.199453702761934 0.0251171968136729
0.195704397488332 -0.0628465068598335 -0.202286612007275 0.00745447859599662
0.263171067343627 0.0193785916302847 -0.17551937941308 -0.0470302168961335
0.197927641024485 0.19099486038862 -0.0881873807560327 -0.102745045823798
-0.0273571796577035 0.292584276724974 -0.000155930276753941 -0.0648977642940688
-0.312607401645722 0.166106463302976 -0.0875310211217648 0.0042117586944801
-0.352365769628578 -0.153656910127148 -0.155067303481057 -0.119323787900906
-0.21962224739833 -0.331499131018116 -0.115463143896857 -0.321857355379543
-0.203755469162756 -0.307891601533708 -0.110534356947112 -0.0470602584250458
-0.297244097489042 -0.101411355866592 -0.0891394733973203 -0.00989365932671891
-0.245684276440067 0.134462386800398 -0.027441843212992 0.0143877060959274
-0.00490531623626126 0.2383481449667 0.0169497223188313 -0.0082182864852183
0.187964368459099 0.174176565163479 -0.000950686140238037 -0.0514430427738004
0.250910102008826 0.0305861192139786 -0.068280932654952 -0.0473357288026066
0.222552111903031 -0.066496251410227 -0.102776688886816 -0.0224321268503978
0.228659193296456 -0.0883191478586633 -0.114493095502058 -0.0113397433983041
0.255331743644555 -0.0592615673232385 -0.109904409395851 -0.025195596799987
0.330080914700126 0.0398313261677357 -0.0857942938518058 -0.0478040638878072
0.246255059706747 0.249432646755668 -0.0242069818603699 -0.0578179932627059
-0.0339203754001994 0.368631277515732 0.00896147726984917 -0.024008383528926
-0.389501125459722 0.21500467737047 -0.072201728467852 0.0213469972495951
-0.447720286597181 -0.176362594878769 -0.0979902338878396 -0.0706335611173504
-0.28474439722964 -0.412682993686582 -0.0383494839369817 -0.18994230936285
-0.237543837737216 -0.346907811994732 -0.0201965252273267 0.0745033211706638
-0.359825930677409 -0.104655214046558 -0.00363109844850947 0.00523468458078845
-0.297353831657829 0.169120827069451 -0.00587328283337546 -0.00354604898072868
-0.00989933053002661 0.293094663146157 0.00308606705026753 0.00953469952524741
0.213903163248852 0.214477004628011 0.0358380917714041 -0.00182441249314753
0.2848584016503 0.0475481973384616 0.0145600000857764 -0.0371449334896804
0.254770625779758 -0.0643361318093863 -0.00615601124260001 -0.0471469970633443
0.255167462619724 -0.0791550175277592 -0.0132128382017904 -0.0468463851732577
0.271429887218896 -0.0449576142509413 -0.00544480958708025 -0.0527964474247553
0.335884006332763 0.0541265832472369 0.0124909880309993 -0.0432497731374266
0.247665506154126 0.257850941866607 0.0432842401440494 -0.00954094920233515
-0.0363332626552489 0.366039082469192 0.0214880248506284 0.0186953495927944
-0.385168636114593 0.213164454377012 -0.0438462649261711 0.0321354492986769
-0.450542326749066 -0.168129907592905 -0.0255277342048606 -0.0198421805908858
-0.292801856562187 -0.419191352407341 0.0460529585029752 -0.0453403278274463
-0.233791930978857 -0.331272203575495 0.0791041186210727 0.207353423963015
-0.362232380941288 -0.0954379838552236 0.101435350623671 0.0293021791145568
-0.294834264720122 0.172440833143068 0.0211984987058529 -0.0189457518847244
-0.0141905783286106 0.293343236218008 -0.00743929494909393 0.0377716672754791
0.198415099552687 0.217985093604077 0.0817886336325803 0.0590646530447323
0.270588914528564 0.0566657504971623 0.110963319943273 -0.0219790694026235
0.247403806445564 -0.0522405268807035 0.098357055839547 -0.0690256285359825
0.243185574230008 -0.0574565108393672 0.0895072907165191 -0.0752171361780786
0.244948236792846 -0.0227206221330531 0.0926501201577316 -0.0712733051707021
0.282822129348845 0.061276347764731 0.0956442960274393 -0.0339559618714405
0.195883818359472 0.219958019943158 0.0926328321354264 0.0312644296724912
-0.0428043819669324 0.284723448424087 0.0276949392189474 0.0506115241440342
-0.305278121061206 0.150235898074936 -0.0141210769580666 0.0307857230605808
-0.358186077149734 -0.14161767211707 0.0397596536765171 0.0196319707947381
-0.244996785330124 -0.353101833947419 0.119804761823837 0.0782314059189896
-0.189014753046295 -0.257168553695622 0.164898994794174 0.32918630596879
-0.28572063342175 -0.0700418395171588 0.196799551547718 0.0647076290761095
-0.228452124204354 0.128180161731524 0.0495644210419758 -0.0220227933842493
-0.0214176191494601 0.223204410451622 -0.013507115274085 0.0652949275965895
0.139850233884005 0.176720188652046 0.12000369450825 0.115765875547663
0.203356236927378 0.0567237882882049 0.197885787632959 -0.00139304167169985
0.19820066493407 -0.0300887644219977 0.192797737516794 -0.0820614400680073
0.193985913179628 -0.027059127354039 0.178093311431786 -0.0925175078532359
0.18352929628136 0.00251590307599306 0.169329239800778 -0.0759871437459213
0.189671274154026 0.0639451649556803 0.148722906795847 -0.0184552530429743
0.111528120114223 0.157650993865908 0.11152874293802 0.0592130008275068
-0.0514739035518496 0.165416573953049 0.0215126237007566 0.0642476574345078
-0.187228934286982 0.061222129264856 0.00710134448950453 0.0183906197997811
-0.212347561464349 -0.101393628862297 0.0788113039573149 0.0413464061626284
-0.160504784393199 -0.239258091230552 0.169038636851535 0.162229515361158
-0.109747378233288 -0.13573811354203 0.217462836166647 0.417594600291512
-0.153854934484967 -0.0294510141520567 0.261441629967318 0.104763778428124
-0.110669518988563 0.060551969310842 0.0745899466543252 -0.0172436513944363
-0.0187717288240649 0.105807111591667 -0.0166873538056358 0.0794537445626136
0.0557841487318373 0.0980584201754825 0.138224732341458 0.155967306238589
0.0988417238995062 0.0455320319485749 0.256036057119171 0.0194795170966025
0.114543294866838 -0.000654272946314013 0.260375514001251 -0.0836697666533091
0.116786314646854 0.00821080858014704 0.238974668621432 -0.0967742207722992
0.101544153214087 0.0252472482051586 0.218095678250609 -0.0673754309955502
0.0808019720007736 0.0586788986154899 0.172142285138819 0.00209051258810018
0.0253041412787381 0.0890433760519548 0.102928113137421 0.0746215980424175
-0.0531561982289092 0.053062772885557 0.00479121599989281 0.0616294200529923
-0.0720154243782927 -0.0146517053996489 0.0178072774173923 -0.000478156924060903
-0.0672824340589615 -0.0517069402273517 0.0944746150171643 0.0450110771611446
-0.0633240742584306 -0.104203052403123 0.189844486481034 0.199593874496563
